<?xml version="1.0" encoding="UTF-8"?>
<testsuite xmlns:xsi="http://www.w3.org/2001/XMLSchema-instance" xsi:noNamespaceSchemaLocation="https://maven.apache.org/surefire/maven-surefire-plugin/xsd/surefire-test-report-3.0.xsd" version="3.0" name="org.frcpm.repositories.ConcurrencyTest" time="2.639" tests="5" errors="0" skipped="0" failures="0">
  <properties>
    <property name="java.specification.version" value="21"/>
    <property name="javafx.runtime.version" value="21.0.2+5"/>
    <property name="sun.cpu.isalist" value="amd64"/>
    <property name="sun.jnu.encoding" value="Cp1252"/>
    <property name="java.class.path" value="C:\Users\dhiebert\Local Repositories\Project Management 2.0\target\test-classes;C:\Users\dhiebert\Local Repositories\Project Management 2.0\target\classes;C:\Users\dhiebert\.m2\repository\org\openjfx\javafx-controls\21.0.2\javafx-controls-21.0.2.jar;C:\Users\dhiebert\.m2\repository\org\openjfx\javafx-controls\21.0.2\javafx-controls-21.0.2-win.jar;C:\Users\dhiebert\.m2\repository\org\openjfx\javafx-fxml\21.0.2\javafx-fxml-21.0.2.jar;C:\Users\dhiebert\.m2\repository\org\openjfx\javafx-fxml\21.0.2\javafx-fxml-21.0.2-win.jar;C:\Users\dhiebert\.m2\repository\org\openjfx\javafx-graphics\21.0.2\javafx-graphics-21.0.2.jar;C:\Users\dhiebert\.m2\repository\org\openjfx\javafx-graphics\21.0.2\javafx-graphics-21.0.2-win.jar;C:\Users\dhiebert\.m2\repository\org\openjfx\javafx-base\21.0.2\javafx-base-21.0.2.jar;C:\Users\dhiebert\.m2\repository\org\openjfx\javafx-base\21.0.2\javafx-base-21.0.2-win.jar;C:\Users\dhiebert\.m2\repository\com\h2database\h2\2.2.224\h2-2.2.224.jar;C:\Users\dhiebert\.m2\repository\com\zaxxer\HikariCP\5.1.0\HikariCP-5.1.0.jar;C:\Users\dhiebert\.m2\repository\org\slf4j\slf4j-api\1.7.36\slf4j-api-1.7.36.jar;C:\Users\dhiebert\.m2\repository\org\hibernate\orm\hibernate-core\6.5.0.Final\hibernate-core-6.5.0.Final.jar;C:\Users\dhiebert\.m2\repository\jakarta\persistence\jakarta.persistence-api\3.1.0\jakarta.persistence-api-3.1.0.jar;C:\Users\dhiebert\.m2\repository\jakarta\transaction\jakarta.transaction-api\2.0.1\jakarta.transaction-api-2.0.1.jar;C:\Users\dhiebert\.m2\repository\org\jboss\logging\jboss-logging\3.5.0.Final\jboss-logging-3.5.0.Final.jar;C:\Users\dhiebert\.m2\repository\org\hibernate\common\hibernate-commons-annotations\6.0.6.Final\hibernate-commons-annotations-6.0.6.Final.jar;C:\Users\dhiebert\.m2\repository\io\smallrye\jandex\3.1.2\jandex-3.1.2.jar;C:\Users\dhiebert\.m2\repository\com\fasterxml\classmate\1.5.1\classmate-1.5.1.jar;C:\Users\dhiebert\.m2\repository\net\bytebuddy\byte-buddy\1.14.12\byte-buddy-1.14.12.jar;C:\Users\dhiebert\.m2\repository\jakarta\xml\bind\jakarta.xml.bind-api\4.0.0\jakarta.xml.bind-api-4.0.0.jar;C:\Users\dhiebert\.m2\repository\jakarta\activation\jakarta.activation-api\2.1.0\jakarta.activation-api-2.1.0.jar;C:\Users\dhiebert\.m2\repository\org\glassfish\jaxb\jaxb-runtime\4.0.2\jaxb-runtime-4.0.2.jar;C:\Users\dhiebert\.m2\repository\org\glassfish\jaxb\jaxb-core\4.0.2\jaxb-core-4.0.2.jar;C:\Users\dhiebert\.m2\repository\org\eclipse\angus\angus-activation\2.0.0\angus-activation-2.0.0.jar;C:\Users\dhiebert\.m2\repository\org\glassfish\jaxb\txw2\4.0.2\txw2-4.0.2.jar;C:\Users\dhiebert\.m2\repository\com\sun\istack\istack-commons-runtime\4.1.1\istack-commons-runtime-4.1.1.jar;C:\Users\dhiebert\.m2\repository\jakarta\inject\jakarta.inject-api\2.0.1\jakarta.inject-api-2.0.1.jar;C:\Users\dhiebert\.m2\repository\org\antlr\antlr4-runtime\4.13.0\antlr4-runtime-4.13.0.jar;C:\Users\dhiebert\.m2\repository\org\hibernate\validator\hibernate-validator\8.0.1.Final\hibernate-validator-8.0.1.Final.jar;C:\Users\dhiebert\.m2\repository\jakarta\validation\jakarta.validation-api\3.0.2\jakarta.validation-api-3.0.2.jar;C:\Users\dhiebert\.m2\repository\org\junit\jupiter\junit-jupiter-api\5.10.2\junit-jupiter-api-5.10.2.jar;C:\Users\dhiebert\.m2\repository\org\opentest4j\opentest4j\1.3.0\opentest4j-1.3.0.jar;C:\Users\dhiebert\.m2\repository\org\junit\platform\junit-platform-commons\1.10.2\junit-platform-commons-1.10.2.jar;C:\Users\dhiebert\.m2\repository\org\apiguardian\apiguardian-api\1.1.2\apiguardian-api-1.1.2.jar;C:\Users\dhiebert\.m2\repository\org\junit\jupiter\junit-jupiter-engine\5.10.2\junit-jupiter-engine-5.10.2.jar;C:\Users\dhiebert\.m2\repository\org\junit\platform\junit-platform-engine\1.10.2\junit-platform-engine-1.10.2.jar;C:\Users\dhiebert\.m2\repository\org\mockito\mockito-junit-jupiter\5.10.0\mockito-junit-jupiter-5.10.0.jar;C:\Users\dhiebert\.m2\repository\org\mockito\mockito-core\5.10.0\mockito-core-5.10.0.jar;C:\Users\dhiebert\.m2\repository\net\bytebuddy\byte-buddy-agent\1.14.11\byte-buddy-agent-1.14.11.jar;C:\Users\dhiebert\.m2\repository\org\objenesis\objenesis\3.3\objenesis-3.3.jar;C:\Users\dhiebert\.m2\repository\org\hibernate\orm\hibernate-hikaricp\6.5.0.Final\hibernate-hikaricp-6.5.0.Final.jar;C:\Users\dhiebert\.m2\repository\ch\qos\logback\logback-classic\1.2.11\logback-classic-1.2.11.jar;C:\Users\dhiebert\.m2\repository\ch\qos\logback\logback-core\1.2.11\logback-core-1.2.11.jar;C:\Users\dhiebert\.m2\repository\org\testfx\testfx-core\4.0.18\testfx-core-4.0.18.jar;C:\Users\dhiebert\.m2\repository\org\hamcrest\hamcrest\2.1\hamcrest-2.1.jar;C:\Users\dhiebert\.m2\repository\org\assertj\assertj-core\3.13.2\assertj-core-3.13.2.jar;C:\Users\dhiebert\.m2\repository\org\osgi\org.osgi.core\6.0.0\org.osgi.core-6.0.0.jar;C:\Users\dhiebert\.m2\repository\org\testfx\testfx-junit5\4.0.18\testfx-junit5-4.0.18.jar;C:\Users\dhiebert\.m2\repository\org\openjfx\javafx-web\17.0.2\javafx-web-17.0.2.jar;C:\Users\dhiebert\.m2\repository\org\openjfx\javafx-web\17.0.2\javafx-web-17.0.2-win.jar;C:\Users\dhiebert\.m2\repository\org\openjfx\javafx-media\17.0.2\javafx-media-17.0.2.jar;C:\Users\dhiebert\.m2\repository\org\openjfx\javafx-media\17.0.2\javafx-media-17.0.2-win.jar;C:\Users\dhiebert\.m2\repository\org\apache\pdfbox\pdfbox\2.0.27\pdfbox-2.0.27.jar;C:\Users\dhiebert\.m2\repository\org\apache\pdfbox\fontbox\2.0.27\fontbox-2.0.27.jar;C:\Users\dhiebert\.m2\repository\commons-logging\commons-logging\1.2\commons-logging-1.2.jar;C:\Users\dhiebert\.m2\repository\com\fasterxml\jackson\core\jackson-databind\2.15.0\jackson-databind-2.15.0.jar;C:\Users\dhiebert\.m2\repository\com\fasterxml\jackson\core\jackson-annotations\2.15.0\jackson-annotations-2.15.0.jar;C:\Users\dhiebert\.m2\repository\com\fasterxml\jackson\core\jackson-core\2.15.0\jackson-core-2.15.0.jar;C:\Users\dhiebert\.m2\repository\org\apache\xmlgraphics\batik-all\1.16\batik-all-1.16.jar;C:\Users\dhiebert\.m2\repository\xml-apis\xml-apis\1.4.01\xml-apis-1.4.01.jar;C:\Users\dhiebert\.m2\repository\xml-apis\xml-apis-ext\1.3.04\xml-apis-ext-1.3.04.jar;C:\Users\dhiebert\.m2\repository\org\apache\xmlgraphics\xmlgraphics-commons\2.7\xmlgraphics-commons-2.7.jar;C:\Users\dhiebert\.m2\repository\commons-io\commons-io\1.3.1\commons-io-1.3.1.jar;C:\Users\dhiebert\.m2\repository\org\jgrapht\jgrapht-core\1.5.2\jgrapht-core-1.5.2.jar;C:\Users\dhiebert\.m2\repository\org\jheaps\jheaps\0.14\jheaps-0.14.jar;C:\Users\dhiebert\.m2\repository\org\apfloat\apfloat\1.10.1\apfloat-1.10.1.jar;"/>
    <property name="java.vm.vendor" value="Eclipse Adoptium"/>
    <property name="sun.arch.data.model" value="64"/>
    <property name="user.variant" value=""/>
    <property name="java.vendor.url" value="https://adoptium.net/"/>
    <property name="user.timezone" value="America/Chicago"/>
    <property name="os.name" value="Windows 11"/>
    <property name="java.vm.specification.version" value="21"/>
    <property name="javafx.version" value="21.0.2"/>
    <property name="sun.java.launcher" value="SUN_STANDARD"/>
    <property name="user.country" value="US"/>
    <property name="sun.boot.library.path" value="C:\Program Files\Eclipse Adoptium\jdk-21.0.6.7-hotspot\bin"/>
    <property name="sun.java.command" value="C:\Users\dhiebert\AppData\Local\Temp\surefire9513985487531586668\surefirebooter-20250425102356946_3.jar C:\Users\dhiebert\AppData\Local\Temp\surefire9513985487531586668 2025-04-25T10-23-56_800-jvmRun1 surefire-20250425102356946_1tmp surefire_0-20250425102356946_2tmp"/>
    <property name="jdk.debug" value="release"/>
    <property name="surefire.test.class.path" value="C:\Users\dhiebert\Local Repositories\Project Management 2.0\target\test-classes;C:\Users\dhiebert\Local Repositories\Project Management 2.0\target\classes;C:\Users\dhiebert\.m2\repository\org\openjfx\javafx-controls\21.0.2\javafx-controls-21.0.2.jar;C:\Users\dhiebert\.m2\repository\org\openjfx\javafx-controls\21.0.2\javafx-controls-21.0.2-win.jar;C:\Users\dhiebert\.m2\repository\org\openjfx\javafx-fxml\21.0.2\javafx-fxml-21.0.2.jar;C:\Users\dhiebert\.m2\repository\org\openjfx\javafx-fxml\21.0.2\javafx-fxml-21.0.2-win.jar;C:\Users\dhiebert\.m2\repository\org\openjfx\javafx-graphics\21.0.2\javafx-graphics-21.0.2.jar;C:\Users\dhiebert\.m2\repository\org\openjfx\javafx-graphics\21.0.2\javafx-graphics-21.0.2-win.jar;C:\Users\dhiebert\.m2\repository\org\openjfx\javafx-base\21.0.2\javafx-base-21.0.2.jar;C:\Users\dhiebert\.m2\repository\org\openjfx\javafx-base\21.0.2\javafx-base-21.0.2-win.jar;C:\Users\dhiebert\.m2\repository\com\h2database\h2\2.2.224\h2-2.2.224.jar;C:\Users\dhiebert\.m2\repository\com\zaxxer\HikariCP\5.1.0\HikariCP-5.1.0.jar;C:\Users\dhiebert\.m2\repository\org\slf4j\slf4j-api\1.7.36\slf4j-api-1.7.36.jar;C:\Users\dhiebert\.m2\repository\org\hibernate\orm\hibernate-core\6.5.0.Final\hibernate-core-6.5.0.Final.jar;C:\Users\dhiebert\.m2\repository\jakarta\persistence\jakarta.persistence-api\3.1.0\jakarta.persistence-api-3.1.0.jar;C:\Users\dhiebert\.m2\repository\jakarta\transaction\jakarta.transaction-api\2.0.1\jakarta.transaction-api-2.0.1.jar;C:\Users\dhiebert\.m2\repository\org\jboss\logging\jboss-logging\3.5.0.Final\jboss-logging-3.5.0.Final.jar;C:\Users\dhiebert\.m2\repository\org\hibernate\common\hibernate-commons-annotations\6.0.6.Final\hibernate-commons-annotations-6.0.6.Final.jar;C:\Users\dhiebert\.m2\repository\io\smallrye\jandex\3.1.2\jandex-3.1.2.jar;C:\Users\dhiebert\.m2\repository\com\fasterxml\classmate\1.5.1\classmate-1.5.1.jar;C:\Users\dhiebert\.m2\repository\net\bytebuddy\byte-buddy\1.14.12\byte-buddy-1.14.12.jar;C:\Users\dhiebert\.m2\repository\jakarta\xml\bind\jakarta.xml.bind-api\4.0.0\jakarta.xml.bind-api-4.0.0.jar;C:\Users\dhiebert\.m2\repository\jakarta\activation\jakarta.activation-api\2.1.0\jakarta.activation-api-2.1.0.jar;C:\Users\dhiebert\.m2\repository\org\glassfish\jaxb\jaxb-runtime\4.0.2\jaxb-runtime-4.0.2.jar;C:\Users\dhiebert\.m2\repository\org\glassfish\jaxb\jaxb-core\4.0.2\jaxb-core-4.0.2.jar;C:\Users\dhiebert\.m2\repository\org\eclipse\angus\angus-activation\2.0.0\angus-activation-2.0.0.jar;C:\Users\dhiebert\.m2\repository\org\glassfish\jaxb\txw2\4.0.2\txw2-4.0.2.jar;C:\Users\dhiebert\.m2\repository\com\sun\istack\istack-commons-runtime\4.1.1\istack-commons-runtime-4.1.1.jar;C:\Users\dhiebert\.m2\repository\jakarta\inject\jakarta.inject-api\2.0.1\jakarta.inject-api-2.0.1.jar;C:\Users\dhiebert\.m2\repository\org\antlr\antlr4-runtime\4.13.0\antlr4-runtime-4.13.0.jar;C:\Users\dhiebert\.m2\repository\org\hibernate\validator\hibernate-validator\8.0.1.Final\hibernate-validator-8.0.1.Final.jar;C:\Users\dhiebert\.m2\repository\jakarta\validation\jakarta.validation-api\3.0.2\jakarta.validation-api-3.0.2.jar;C:\Users\dhiebert\.m2\repository\org\junit\jupiter\junit-jupiter-api\5.10.2\junit-jupiter-api-5.10.2.jar;C:\Users\dhiebert\.m2\repository\org\opentest4j\opentest4j\1.3.0\opentest4j-1.3.0.jar;C:\Users\dhiebert\.m2\repository\org\junit\platform\junit-platform-commons\1.10.2\junit-platform-commons-1.10.2.jar;C:\Users\dhiebert\.m2\repository\org\apiguardian\apiguardian-api\1.1.2\apiguardian-api-1.1.2.jar;C:\Users\dhiebert\.m2\repository\org\junit\jupiter\junit-jupiter-engine\5.10.2\junit-jupiter-engine-5.10.2.jar;C:\Users\dhiebert\.m2\repository\org\junit\platform\junit-platform-engine\1.10.2\junit-platform-engine-1.10.2.jar;C:\Users\dhiebert\.m2\repository\org\mockito\mockito-junit-jupiter\5.10.0\mockito-junit-jupiter-5.10.0.jar;C:\Users\dhiebert\.m2\repository\org\mockito\mockito-core\5.10.0\mockito-core-5.10.0.jar;C:\Users\dhiebert\.m2\repository\net\bytebuddy\byte-buddy-agent\1.14.11\byte-buddy-agent-1.14.11.jar;C:\Users\dhiebert\.m2\repository\org\objenesis\objenesis\3.3\objenesis-3.3.jar;C:\Users\dhiebert\.m2\repository\org\hibernate\orm\hibernate-hikaricp\6.5.0.Final\hibernate-hikaricp-6.5.0.Final.jar;C:\Users\dhiebert\.m2\repository\ch\qos\logback\logback-classic\1.2.11\logback-classic-1.2.11.jar;C:\Users\dhiebert\.m2\repository\ch\qos\logback\logback-core\1.2.11\logback-core-1.2.11.jar;C:\Users\dhiebert\.m2\repository\org\testfx\testfx-core\4.0.18\testfx-core-4.0.18.jar;C:\Users\dhiebert\.m2\repository\org\hamcrest\hamcrest\2.1\hamcrest-2.1.jar;C:\Users\dhiebert\.m2\repository\org\assertj\assertj-core\3.13.2\assertj-core-3.13.2.jar;C:\Users\dhiebert\.m2\repository\org\osgi\org.osgi.core\6.0.0\org.osgi.core-6.0.0.jar;C:\Users\dhiebert\.m2\repository\org\testfx\testfx-junit5\4.0.18\testfx-junit5-4.0.18.jar;C:\Users\dhiebert\.m2\repository\org\openjfx\javafx-web\17.0.2\javafx-web-17.0.2.jar;C:\Users\dhiebert\.m2\repository\org\openjfx\javafx-web\17.0.2\javafx-web-17.0.2-win.jar;C:\Users\dhiebert\.m2\repository\org\openjfx\javafx-media\17.0.2\javafx-media-17.0.2.jar;C:\Users\dhiebert\.m2\repository\org\openjfx\javafx-media\17.0.2\javafx-media-17.0.2-win.jar;C:\Users\dhiebert\.m2\repository\org\apache\pdfbox\pdfbox\2.0.27\pdfbox-2.0.27.jar;C:\Users\dhiebert\.m2\repository\org\apache\pdfbox\fontbox\2.0.27\fontbox-2.0.27.jar;C:\Users\dhiebert\.m2\repository\commons-logging\commons-logging\1.2\commons-logging-1.2.jar;C:\Users\dhiebert\.m2\repository\com\fasterxml\jackson\core\jackson-databind\2.15.0\jackson-databind-2.15.0.jar;C:\Users\dhiebert\.m2\repository\com\fasterxml\jackson\core\jackson-annotations\2.15.0\jackson-annotations-2.15.0.jar;C:\Users\dhiebert\.m2\repository\com\fasterxml\jackson\core\jackson-core\2.15.0\jackson-core-2.15.0.jar;C:\Users\dhiebert\.m2\repository\org\apache\xmlgraphics\batik-all\1.16\batik-all-1.16.jar;C:\Users\dhiebert\.m2\repository\xml-apis\xml-apis\1.4.01\xml-apis-1.4.01.jar;C:\Users\dhiebert\.m2\repository\xml-apis\xml-apis-ext\1.3.04\xml-apis-ext-1.3.04.jar;C:\Users\dhiebert\.m2\repository\org\apache\xmlgraphics\xmlgraphics-commons\2.7\xmlgraphics-commons-2.7.jar;C:\Users\dhiebert\.m2\repository\commons-io\commons-io\1.3.1\commons-io-1.3.1.jar;C:\Users\dhiebert\.m2\repository\org\jgrapht\jgrapht-core\1.5.2\jgrapht-core-1.5.2.jar;C:\Users\dhiebert\.m2\repository\org\jheaps\jheaps\0.14\jheaps-0.14.jar;C:\Users\dhiebert\.m2\repository\org\apfloat\apfloat\1.10.1\apfloat-1.10.1.jar;"/>
    <property name="sun.cpu.endian" value="little"/>
    <property name="user.home" value="C:\Users\dhiebert"/>
    <property name="user.language" value="en"/>
    <property name="java.specification.vendor" value="Oracle Corporation"/>
    <property name="java.version.date" value="2025-01-21"/>
    <property name="java.home" value="C:\Program Files\Eclipse Adoptium\jdk-21.0.6.7-hotspot"/>
    <property name="file.separator" value="\"/>
    <property name="basedir" value="C:\Users\dhiebert\Local Repositories\Project Management 2.0"/>
    <property name="java.vm.compressedOopsMode" value="Zero based"/>
    <property name="line.separator" value="&#10;"/>
    <property name="java.vm.specification.vendor" value="Oracle Corporation"/>
    <property name="java.specification.name" value="Java Platform API Specification"/>
    <property name="surefire.real.class.path" value="C:\Users\dhiebert\AppData\Local\Temp\surefire9513985487531586668\surefirebooter-20250425102356946_3.jar"/>
    <property name="user.script" value=""/>
    <property name="sun.management.compiler" value="HotSpot 64-Bit Tiered Compilers"/>
    <property name="java.runtime.version" value="21.0.6+7-LTS"/>
    <property name="user.name" value="dhiebert"/>
    <property name="stdout.encoding" value="Cp1252"/>
    <property name="path.separator" value=";"/>
    <property name="os.version" value="10.0"/>
    <property name="java.runtime.name" value="OpenJDK Runtime Environment"/>
    <property name="file.encoding" value="UTF-8"/>
    <property name="java.vm.name" value="OpenJDK 64-Bit Server VM"/>
    <property name="java.vendor.version" value="Temurin-21.0.6+7"/>
    <property name="localRepository" value="C:\Users\dhiebert\.m2\repository"/>
    <property name="java.vendor.url.bug" value="https://github.com/adoptium/adoptium-support/issues"/>
    <property name="java.io.tmpdir" value="C:\Users\dhiebert\AppData\Local\Temp\"/>
    <property name="java.version" value="21.0.6"/>
    <property name="user.dir" value="C:\Users\dhiebert\Local Repositories\Project Management 2.0"/>
    <property name="os.arch" value="amd64"/>
    <property name="java.vm.specification.name" value="Java Virtual Machine Specification"/>
    <property name="sun.os.patch.level" value=""/>
    <property name="native.encoding" value="Cp1252"/>
    <property name="java.library.path" value="C:\Program Files\Eclipse Adoptium\jdk-21.0.6.7-hotspot\bin;C:\WINDOWS\Sun\Java\bin;C:\WINDOWS\system32;C:\WINDOWS;C:\Program Files\apache-maven-3.9.9\bin;C:\Program Files\Eclipse Adoptium\jdk-21.0.6.7-hotspot\bin;C:\Program Files\National Instruments\Shared\OpenVINO\;C:\Program Files\Common Files\Oracle\Java\javapath;C:\WINDOWS\system32;C:\WINDOWS;C:\WINDOWS\System32\Wbem;C:\WINDOWS\System32\WindowsPowerShell\v1.0\;C:\WINDOWS\System32\OpenSSH\;C:\Program Files\dotnet\;C:\Program Files (x86)\Windows Live\Shared;C:\Program Files\Git\cmd;C:\Program Files\Common Files\Autodesk Shared\;C:\Program Files\Microsoft SQL Server\150\Tools\Binn\;C:\Program Files\nodejs\;C:\Program Files\Eclipse Adoptium\jdk-21.0.6.7-hotspot\bin;C:\Program Files\apache-maven-3.9.9\bin;%MAVEN_HOME%\bin;C:\Users\dhiebert\AppData\Local\Microsoft\WindowsApps;C:\Users\dhiebert\AppData\Local\GitHubDesktop\bin;C:\Users\dhiebert\AppData\Roaming\npm;C:\Users\dhiebert\AppData\Local\Packages\PythonSoftwareFoundation.Python.3.11_qbz5n2kfra8p0\LocalCache\local-packages\Python311\Scripts;C:\Users\dhiebert\AppData\Local\Packages\PythonSoftwareFoundation.Python.3.11_qbz5n2kfra8p0\LocalCache\local-packages\Python311\site-packages\maven;;c:\Users\Public\wpilib\2025\vscode\data\user-data\User\globalStorage\github.copilot-chat\debugCommand;c:\Users\Public\wpilib\2025\vscode\data\extensions\ms-python.debugpy-2025.4.1-win32-x64\bundled\scripts\noConfigScripts;."/>
    <property name="java.vm.info" value="mixed mode, sharing"/>
    <property name="stderr.encoding" value="Cp1252"/>
    <property name="java.vendor" value="Eclipse Adoptium"/>
    <property name="java.vm.version" value="21.0.6+7-LTS"/>
    <property name="sun.io.unicode.encoding" value="UnicodeLittle"/>
    <property name="java.class.version" value="65.0"/>
  </properties>
  <testcase name="testSimultaneousReads" classname="org.frcpm.repositories.ConcurrencyTest" time="0.026">
    <system-out><![CDATA[10:24:18.376 [main] DEBUG org.hibernate.engine.transaction.internal.TransactionImpl - On TransactionImpl creation, JpaCompliance#isJpaTransactionComplianceEnabled == false
10:24:18.377 [main] DEBUG org.hibernate.engine.transaction.internal.TransactionImpl - begin
10:24:18.383 [main] DEBUG org.hibernate.engine.transaction.internal.TransactionImpl - On TransactionImpl creation, JpaCompliance#isJpaTransactionComplianceEnabled == false
10:24:18.383 [main] DEBUG org.hibernate.engine.transaction.internal.TransactionImpl - begin
10:24:18.383 [main] DEBUG org.hibernate.engine.spi.ActionQueue - Executing identity-insert immediately
10:24:18.383 [main] DEBUG org.hibernate.SQL - insert into projects (description,goal_end_date,hard_deadline,name,start_date,id) values (?,?,?,?,?,default)
10:24:18.385 [main] DEBUG org.hibernate.orm.results - Initializer list is empty
10:24:18.385 [main] DEBUG org.hibernate.orm.results.loading - Calling top-level assembler (0 / 1) : org.hibernate.sql.results.graph.basic.BasicResultAssembler@412e2b33
10:24:18.385 [main] DEBUG org.hibernate.orm.results - Extracted JDBC value [0] - [170]
10:24:18.385 [main] DEBUG org.hibernate.id.IdentifierGeneratorHelper - Extracted generated values [org.frcpm.models.Project]: [Ljava.lang.Object;@50f349dc
10:24:18.386 [main] DEBUG org.hibernate.event.internal.AbstractFlushingEventListener - Processing flush-time cascades
10:24:18.386 [main] DEBUG org.hibernate.event.internal.AbstractFlushingEventListener - Dirty checking collections
10:24:18.386 [main] DEBUG org.hibernate.engine.internal.Collections - Collection found: [org.frcpm.models.Project.meetings#170], was: [<unreferenced>] (initialized)
10:24:18.386 [main] DEBUG org.hibernate.engine.internal.Collections - Collection found: [org.frcpm.models.Project.milestones#170], was: [<unreferenced>] (initialized)
10:24:18.386 [main] DEBUG org.hibernate.engine.internal.Collections - Collection found: [org.frcpm.models.Project.tasks#170], was: [<unreferenced>] (initialized)
10:24:18.386 [main] DEBUG org.hibernate.event.internal.AbstractFlushingEventListener - Flushed: 0 insertions, 0 updates, 0 deletions to 1 objects
10:24:18.386 [main] DEBUG org.hibernate.event.internal.AbstractFlushingEventListener - Flushed: 3 (re)creations, 0 updates, 0 removals to 3 collections
10:24:18.386 [main] DEBUG org.hibernate.internal.util.EntityPrinter - Listing entities:
10:24:18.386 [main] DEBUG org.hibernate.internal.util.EntityPrinter - org.frcpm.models.Project{hardDeadline=2025-06-06, name=Test Project 1745594658377, description=Test project for unit tests, meetings=[], id=170, goalEndDate=2025-05-23, milestones=[], startDate=2025-04-25, tasks=[]}
10:24:18.387 [main] DEBUG org.hibernate.engine.transaction.internal.TransactionImpl - committing
10:24:18.387 [main] DEBUG org.hibernate.event.internal.AbstractFlushingEventListener - Processing flush-time cascades
10:24:18.387 [main] DEBUG org.hibernate.event.internal.AbstractFlushingEventListener - Dirty checking collections
10:24:18.387 [main] DEBUG org.hibernate.engine.internal.Collections - Collection found: [org.frcpm.models.Project.meetings#170], was: [org.frcpm.models.Project.meetings#170] (initialized)
10:24:18.387 [main] DEBUG org.hibernate.engine.internal.Collections - Collection found: [org.frcpm.models.Project.milestones#170], was: [org.frcpm.models.Project.milestones#170] (initialized)
10:24:18.387 [main] DEBUG org.hibernate.engine.internal.Collections - Collection found: [org.frcpm.models.Project.tasks#170], was: [org.frcpm.models.Project.tasks#170] (initialized)
10:24:18.387 [main] DEBUG org.hibernate.event.internal.AbstractFlushingEventListener - Flushed: 0 insertions, 0 updates, 0 deletions to 1 objects
10:24:18.387 [main] DEBUG org.hibernate.event.internal.AbstractFlushingEventListener - Flushed: 0 (re)creations, 0 updates, 0 removals to 3 collections
10:24:18.387 [main] DEBUG org.hibernate.internal.util.EntityPrinter - Listing entities:
10:24:18.387 [main] DEBUG org.hibernate.internal.util.EntityPrinter - org.frcpm.models.Project{hardDeadline=2025-06-06, name=Test Project 1745594658377, description=Test project for unit tests, meetings=[], id=170, goalEndDate=2025-05-23, milestones=[], startDate=2025-04-25, tasks=[]}
10:24:18.388 [main] DEBUG org.hibernate.resource.jdbc.internal.LogicalConnectionManagedImpl - Initiating JDBC connection release from afterTransaction
10:24:18.388 [main] DEBUG org.hibernate.resource.jdbc.internal.LogicalConnectionManagedImpl - Initiating JDBC connection release from afterTransaction
10:24:18.388 [main] DEBUG org.hibernate.engine.transaction.internal.TransactionImpl - On TransactionImpl creation, JpaCompliance#isJpaTransactionComplianceEnabled == false
10:24:18.388 [main] DEBUG org.hibernate.engine.transaction.internal.TransactionImpl - begin
10:24:18.389 [main] DEBUG org.hibernate.engine.spi.ActionQueue - Executing identity-insert immediately
10:24:18.389 [main] DEBUG org.hibernate.SQL - insert into subteams (color_code,name,specialties,id) values (?,?,?,default)
10:24:18.390 [main] DEBUG org.hibernate.orm.results - Initializer list is empty
10:24:18.390 [main] DEBUG org.hibernate.orm.results.loading - Calling top-level assembler (0 / 1) : org.hibernate.sql.results.graph.basic.BasicResultAssembler@6df01832
10:24:18.390 [main] DEBUG org.hibernate.orm.results - Extracted JDBC value [0] - [98]
10:24:18.390 [main] DEBUG org.hibernate.id.IdentifierGeneratorHelper - Extracted generated values [org.frcpm.models.Subteam]: [Ljava.lang.Object;@3a70c728
10:24:18.390 [main] DEBUG org.hibernate.event.internal.AbstractFlushingEventListener - Processing flush-time cascades
10:24:18.390 [main] DEBUG org.hibernate.event.internal.AbstractFlushingEventListener - Dirty checking collections
10:24:18.390 [main] DEBUG org.hibernate.engine.internal.Collections - Collection found: [org.frcpm.models.Subteam.members#98], was: [<unreferenced>] (initialized)
10:24:18.390 [main] DEBUG org.hibernate.engine.internal.Collections - Collection found: [org.frcpm.models.Subteam.subsystems#98], was: [<unreferenced>] (initialized)
10:24:18.390 [main] DEBUG org.hibernate.event.internal.AbstractFlushingEventListener - Flushed: 0 insertions, 0 updates, 0 deletions to 1 objects
10:24:18.390 [main] DEBUG org.hibernate.event.internal.AbstractFlushingEventListener - Flushed: 2 (re)creations, 0 updates, 0 removals to 2 collections
10:24:18.390 [main] DEBUG org.hibernate.internal.util.EntityPrinter - Listing entities:
10:24:18.391 [main] DEBUG org.hibernate.internal.util.EntityPrinter - org.frcpm.models.Subteam{specialties=Testing, Automation, members=[], name=Test Subteam 1745594658388, colorCode=#FF0000, id=98, subsystems=[]}
10:24:18.391 [main] DEBUG org.hibernate.engine.transaction.internal.TransactionImpl - committing
10:24:18.391 [main] DEBUG org.hibernate.event.internal.AbstractFlushingEventListener - Processing flush-time cascades
10:24:18.391 [main] DEBUG org.hibernate.event.internal.AbstractFlushingEventListener - Dirty checking collections
10:24:18.391 [main] DEBUG org.hibernate.engine.internal.Collections - Collection found: [org.frcpm.models.Subteam.members#98], was: [org.frcpm.models.Subteam.members#98] (initialized)
10:24:18.391 [main] DEBUG org.hibernate.engine.internal.Collections - Collection found: [org.frcpm.models.Subteam.subsystems#98], was: [org.frcpm.models.Subteam.subsystems#98] (initialized)
10:24:18.391 [main] DEBUG org.hibernate.event.internal.AbstractFlushingEventListener - Flushed: 0 insertions, 0 updates, 0 deletions to 1 objects
10:24:18.391 [main] DEBUG org.hibernate.event.internal.AbstractFlushingEventListener - Flushed: 0 (re)creations, 0 updates, 0 removals to 2 collections
10:24:18.391 [main] DEBUG org.hibernate.internal.util.EntityPrinter - Listing entities:
10:24:18.391 [main] DEBUG org.hibernate.internal.util.EntityPrinter - org.frcpm.models.Subteam{specialties=Testing, Automation, members=[], name=Test Subteam 1745594658388, colorCode=#FF0000, id=98, subsystems=[]}
10:24:18.391 [main] DEBUG org.hibernate.resource.jdbc.internal.LogicalConnectionManagedImpl - Initiating JDBC connection release from afterTransaction
10:24:18.391 [main] DEBUG org.hibernate.resource.jdbc.internal.LogicalConnectionManagedImpl - Initiating JDBC connection release from afterTransaction
10:24:18.392 [main] DEBUG org.hibernate.engine.transaction.internal.TransactionImpl - On TransactionImpl creation, JpaCompliance#isJpaTransactionComplianceEnabled == false
10:24:18.392 [main] DEBUG org.hibernate.engine.transaction.internal.TransactionImpl - begin
10:24:18.392 [main] DEBUG org.hibernate.engine.spi.ActionQueue - Executing identity-insert immediately
10:24:18.392 [main] DEBUG org.hibernate.SQL - insert into team_members (email,first_name,last_name,is_leader,phone,skills,subteam_id,username,id) values (?,?,?,?,?,?,?,?,default)
10:24:18.393 [main] DEBUG org.hibernate.orm.results - Initializer list is empty
10:24:18.393 [main] DEBUG org.hibernate.orm.results.loading - Calling top-level assembler (0 / 1) : org.hibernate.sql.results.graph.basic.BasicResultAssembler@60d40418
10:24:18.393 [main] DEBUG org.hibernate.orm.results - Extracted JDBC value [0] - [165]
10:24:18.393 [main] DEBUG org.hibernate.id.IdentifierGeneratorHelper - Extracted generated values [org.frcpm.models.TeamMember]: [Ljava.lang.Object;@8be47d9
10:24:18.393 [main] DEBUG org.hibernate.event.internal.AbstractFlushingEventListener - Processing flush-time cascades
10:24:18.393 [main] DEBUG org.hibernate.event.internal.AbstractFlushingEventListener - Dirty checking collections
10:24:18.393 [main] DEBUG org.hibernate.engine.internal.Collections - Collection found: [org.frcpm.models.TeamMember.assignedTasks#165], was: [<unreferenced>] (initialized)
10:24:18.393 [main] DEBUG org.hibernate.engine.internal.Collections - Collection found: [org.frcpm.models.TeamMember.attendances#165], was: [<unreferenced>] (initialized)
10:24:18.393 [main] DEBUG org.hibernate.event.internal.AbstractFlushingEventListener - Flushed: 0 insertions, 0 updates, 0 deletions to 1 objects
10:24:18.393 [main] DEBUG org.hibernate.event.internal.AbstractFlushingEventListener - Flushed: 2 (re)creations, 0 updates, 0 removals to 2 collections
10:24:18.393 [main] DEBUG org.hibernate.internal.util.EntityPrinter - Listing entities:
10:24:18.393 [main] DEBUG org.hibernate.internal.util.EntityPrinter - org.frcpm.models.TeamMember{skills=Testing, firstName=Test, lastName=User, leader=false, subteam=org.frcpm.models.Subteam#98, phone=null, id=165, attendances=[], email=test@example.com, assignedTasks=[], username=testuser_1745594658391}
10:24:18.394 [main] DEBUG org.hibernate.engine.transaction.internal.TransactionImpl - committing
10:24:18.394 [main] DEBUG org.hibernate.event.internal.AbstractFlushingEventListener - Processing flush-time cascades
10:24:18.394 [main] DEBUG org.hibernate.event.internal.AbstractFlushingEventListener - Dirty checking collections
10:24:18.394 [main] DEBUG org.hibernate.engine.internal.Collections - Collection found: [org.frcpm.models.TeamMember.assignedTasks#165], was: [org.frcpm.models.TeamMember.assignedTasks#165] (initialized)
10:24:18.394 [main] DEBUG org.hibernate.engine.internal.Collections - Collection found: [org.frcpm.models.TeamMember.attendances#165], was: [org.frcpm.models.TeamMember.attendances#165] (initialized)
10:24:18.394 [main] DEBUG org.hibernate.event.internal.AbstractFlushingEventListener - Flushed: 0 insertions, 0 updates, 0 deletions to 1 objects
10:24:18.394 [main] DEBUG org.hibernate.event.internal.AbstractFlushingEventListener - Flushed: 0 (re)creations, 0 updates, 0 removals to 2 collections
10:24:18.394 [main] DEBUG org.hibernate.internal.util.EntityPrinter - Listing entities:
10:24:18.394 [main] DEBUG org.hibernate.internal.util.EntityPrinter - org.frcpm.models.TeamMember{skills=Testing, firstName=Test, lastName=User, leader=false, subteam=org.frcpm.models.Subteam#98, phone=null, id=165, attendances=[], email=test@example.com, assignedTasks=[], username=testuser_1745594658391}
10:24:18.394 [main] DEBUG org.hibernate.resource.jdbc.internal.LogicalConnectionManagedImpl - Initiating JDBC connection release from afterTransaction
10:24:18.394 [main] DEBUG org.hibernate.resource.jdbc.internal.LogicalConnectionManagedImpl - Initiating JDBC connection release from afterTransaction
10:24:18.395 [main] DEBUG org.hibernate.engine.transaction.internal.TransactionImpl - On TransactionImpl creation, JpaCompliance#isJpaTransactionComplianceEnabled == false
10:24:18.395 [main] DEBUG org.hibernate.engine.transaction.internal.TransactionImpl - begin
10:24:18.396 [main] DEBUG org.hibernate.engine.spi.ActionQueue - Executing identity-insert immediately
10:24:18.396 [main] DEBUG org.hibernate.SQL - insert into subsystems (description,name,responsible_subteam_id,status,id) values (?,?,?,?,default)
10:24:18.398 [main] DEBUG org.hibernate.orm.results - Initializer list is empty
10:24:18.398 [main] DEBUG org.hibernate.orm.results.loading - Calling top-level assembler (0 / 1) : org.hibernate.sql.results.graph.basic.BasicResultAssembler@433db5c3
10:24:18.398 [main] DEBUG org.hibernate.orm.results - Extracted JDBC value [0] - [90]
10:24:18.398 [main] DEBUG org.hibernate.id.IdentifierGeneratorHelper - Extracted generated values [org.frcpm.models.Subsystem]: [Ljava.lang.Object;@8ad93ec
10:24:18.398 [main] DEBUG org.hibernate.event.internal.AbstractFlushingEventListener - Processing flush-time cascades
10:24:18.398 [main] DEBUG org.hibernate.event.internal.AbstractFlushingEventListener - Dirty checking collections
10:24:18.398 [main] DEBUG org.hibernate.engine.internal.Collections - Collection found: [org.frcpm.models.Subsystem.tasks#90], was: [<unreferenced>] (initialized)
10:24:18.398 [main] DEBUG org.hibernate.event.internal.AbstractFlushingEventListener - Flushed: 0 insertions, 0 updates, 0 deletions to 1 objects
10:24:18.398 [main] DEBUG org.hibernate.event.internal.AbstractFlushingEventListener - Flushed: 1 (re)creations, 0 updates, 0 removals to 1 collections
10:24:18.398 [main] DEBUG org.hibernate.internal.util.EntityPrinter - Listing entities:
10:24:18.398 [main] DEBUG org.hibernate.internal.util.EntityPrinter - org.frcpm.models.Subsystem{name=Test Subsystem 1745594658394, description=Test subsystem for unit tests, id=90, responsibleSubteam=org.frcpm.models.Subteam#98, tasks=[], status=IN_PROGRESS}
10:24:18.399 [main] DEBUG org.hibernate.engine.transaction.internal.TransactionImpl - committing
10:24:18.399 [main] DEBUG org.hibernate.event.internal.AbstractFlushingEventListener - Processing flush-time cascades
10:24:18.399 [main] DEBUG org.hibernate.event.internal.AbstractFlushingEventListener - Dirty checking collections
10:24:18.399 [main] DEBUG org.hibernate.engine.internal.Collections - Collection found: [org.frcpm.models.Subsystem.tasks#90], was: [org.frcpm.models.Subsystem.tasks#90] (initialized)
10:24:18.399 [main] DEBUG org.hibernate.event.internal.AbstractFlushingEventListener - Flushed: 0 insertions, 0 updates, 0 deletions to 1 objects
10:24:18.399 [main] DEBUG org.hibernate.event.internal.AbstractFlushingEventListener - Flushed: 0 (re)creations, 0 updates, 0 removals to 1 collections
10:24:18.399 [main] DEBUG org.hibernate.internal.util.EntityPrinter - Listing entities:
10:24:18.399 [main] DEBUG org.hibernate.internal.util.EntityPrinter - org.frcpm.models.Subsystem{name=Test Subsystem 1745594658394, description=Test subsystem for unit tests, id=90, responsibleSubteam=org.frcpm.models.Subteam#98, tasks=[], status=IN_PROGRESS}
10:24:18.400 [main] DEBUG org.hibernate.resource.jdbc.internal.LogicalConnectionManagedImpl - Initiating JDBC connection release from afterTransaction
10:24:18.400 [main] DEBUG org.hibernate.resource.jdbc.internal.LogicalConnectionManagedImpl - Initiating JDBC connection release from afterTransaction
10:24:18.400 [main] DEBUG org.hibernate.engine.transaction.internal.TransactionImpl - committing
10:24:18.400 [main] DEBUG org.hibernate.resource.jdbc.internal.LogicalConnectionManagedImpl - Initiating JDBC connection release from afterTransaction
10:24:18.400 [main] DEBUG org.hibernate.resource.jdbc.internal.LogicalConnectionManagedImpl - Initiating JDBC connection release from afterTransaction
10:24:18.406 [pool-3-thread-3] DEBUG org.hibernate.orm.sql.ast.create - Created new SQL alias : p1_0
10:24:18.406 [pool-3-thread-4] DEBUG org.hibernate.orm.sql.ast.create - Created new SQL alias : p1_0
10:24:18.406 [pool-3-thread-3] DEBUG org.hibernate.orm.sql.ast.create - Registration of TableGroup [StandardTableGroup(org.frcpm.models.Project(959674692102200))] with identifierForTableGroup [org.frcpm.models.Project] for NavigablePath [org.frcpm.models.Project] 
10:24:18.406 [pool-3-thread-4] DEBUG org.hibernate.orm.sql.ast.create - Registration of TableGroup [StandardTableGroup(org.frcpm.models.Project(959674691997700))] with identifierForTableGroup [org.frcpm.models.Project] for NavigablePath [org.frcpm.models.Project] 
10:24:18.406 [pool-3-thread-1] DEBUG org.hibernate.orm.sql.ast.create - Created new SQL alias : p1_0
10:24:18.406 [pool-3-thread-1] DEBUG org.hibernate.orm.sql.ast.create - Registration of TableGroup [StandardTableGroup(org.frcpm.models.Project(959674692524500))] with identifierForTableGroup [org.frcpm.models.Project] for NavigablePath [org.frcpm.models.Project] 
10:24:18.406 [pool-3-thread-5] DEBUG org.hibernate.orm.sql.ast.create - Created new SQL alias : p1_0
10:24:18.406 [pool-3-thread-4] DEBUG org.hibernate.orm.results.graph.AST - DomainResult Graph:
 \-EntityResultImpl [org.frcpm.models.Project(959674691997700)]
 |  +-BasicFetch [org.frcpm.models.Project(959674691997700).description]
 |  +-BasicFetch [org.frcpm.models.Project(959674691997700).goalEndDate]
 |  +-BasicFetch [org.frcpm.models.Project(959674691997700).hardDeadline]
 |  +-DelayedCollectionFetch [org.frcpm.models.Project(959674691997700).meetings]
 |  +-DelayedCollectionFetch [org.frcpm.models.Project(959674691997700).milestones]
 |  +-BasicFetch [org.frcpm.models.Project(959674691997700).name]
 |  +-BasicFetch [org.frcpm.models.Project(959674691997700).startDate]
 |  \-DelayedCollectionFetch [org.frcpm.models.Project(959674691997700).tasks]

10:24:18.406 [pool-3-thread-3] DEBUG org.hibernate.orm.results.graph.AST - DomainResult Graph:
 \-EntityResultImpl [org.frcpm.models.Project(959674692102200)]
 |  +-BasicFetch [org.frcpm.models.Project(959674692102200).description]
 |  +-BasicFetch [org.frcpm.models.Project(959674692102200).goalEndDate]
 |  +-BasicFetch [org.frcpm.models.Project(959674692102200).hardDeadline]
 |  +-DelayedCollectionFetch [org.frcpm.models.Project(959674692102200).meetings]
 |  +-DelayedCollectionFetch [org.frcpm.models.Project(959674692102200).milestones]
 |  +-BasicFetch [org.frcpm.models.Project(959674692102200).name]
 |  +-BasicFetch [org.frcpm.models.Project(959674692102200).startDate]
 |  \-DelayedCollectionFetch [org.frcpm.models.Project(959674692102200).tasks]

10:24:18.406 [pool-3-thread-5] DEBUG org.hibernate.orm.sql.ast.create - Registration of TableGroup [StandardTableGroup(org.frcpm.models.Project(959674692778100))] with identifierForTableGroup [org.frcpm.models.Project] for NavigablePath [org.frcpm.models.Project] 
10:24:18.406 [pool-3-thread-3] DEBUG org.hibernate.orm.sql.ast.tree - SQL AST Tree:
    SelectStatement {
      FromClause {
        StandardTableGroup (p1 : org.frcpm.models.Project(959674692102200)) {
          primaryTableReference : projects as p1_0
        }
      }
    }

10:24:18.406 [pool-3-thread-4] DEBUG org.hibernate.orm.sql.ast.tree - SQL AST Tree:
    SelectStatement {
      FromClause {
        StandardTableGroup (p1 : org.frcpm.models.Project(959674691997700)) {
          primaryTableReference : projects as p1_0
        }
      }
    }

10:24:18.406 [pool-3-thread-2] DEBUG org.hibernate.orm.sql.ast.create - Created new SQL alias : p1_0
10:24:18.406 [pool-3-thread-5] DEBUG org.hibernate.orm.results.graph.AST - DomainResult Graph:
 \-EntityResultImpl [org.frcpm.models.Project(959674692778100)]
 |  +-BasicFetch [org.frcpm.models.Project(959674692778100).description]
 |  +-BasicFetch [org.frcpm.models.Project(959674692778100).goalEndDate]
 |  +-BasicFetch [org.frcpm.models.Project(959674692778100).hardDeadline]
 |  +-DelayedCollectionFetch [org.frcpm.models.Project(959674692778100).meetings]
 |  +-DelayedCollectionFetch [org.frcpm.models.Project(959674692778100).milestones]
 |  +-BasicFetch [org.frcpm.models.Project(959674692778100).name]
 |  +-BasicFetch [org.frcpm.models.Project(959674692778100).startDate]
 |  \-DelayedCollectionFetch [org.frcpm.models.Project(959674692778100).tasks]

10:24:18.406 [pool-3-thread-2] DEBUG org.hibernate.orm.sql.ast.create - Registration of TableGroup [StandardTableGroup(org.frcpm.models.Project(959674692981900))] with identifierForTableGroup [org.frcpm.models.Project] for NavigablePath [org.frcpm.models.Project] 
10:24:18.406 [pool-3-thread-5] DEBUG org.hibernate.orm.sql.ast.tree - SQL AST Tree:
    SelectStatement {
      FromClause {
        StandardTableGroup (p1 : org.frcpm.models.Project(959674692778100)) {
          primaryTableReference : projects as p1_0
        }
      }
    }

10:24:18.406 [pool-3-thread-3] DEBUG org.hibernate.orm.sql.exec - Skipping reading Query result cache data: cache-enabled = false, cache-mode = NORMAL
10:24:18.406 [pool-3-thread-5] DEBUG org.hibernate.orm.sql.exec - Skipping reading Query result cache data: cache-enabled = false, cache-mode = NORMAL
10:24:18.407 [pool-3-thread-2] DEBUG org.hibernate.orm.results.graph.AST - DomainResult Graph:
 \-EntityResultImpl [org.frcpm.models.Project(959674692981900)]
 |  +-BasicFetch [org.frcpm.models.Project(959674692981900).description]
 |  +-BasicFetch [org.frcpm.models.Project(959674692981900).goalEndDate]
 |  +-BasicFetch [org.frcpm.models.Project(959674692981900).hardDeadline]
 |  +-DelayedCollectionFetch [org.frcpm.models.Project(959674692981900).meetings]
 |  +-DelayedCollectionFetch [org.frcpm.models.Project(959674692981900).milestones]
 |  +-BasicFetch [org.frcpm.models.Project(959674692981900).name]
 |  +-BasicFetch [org.frcpm.models.Project(959674692981900).startDate]
 |  \-DelayedCollectionFetch [org.frcpm.models.Project(959674692981900).tasks]

10:24:18.407 [pool-3-thread-2] DEBUG org.hibernate.orm.sql.ast.tree - SQL AST Tree:
    SelectStatement {
      FromClause {
        StandardTableGroup (p1 : org.frcpm.models.Project(959674692981900)) {
          primaryTableReference : projects as p1_0
        }
      }
    }

10:24:18.407 [pool-3-thread-5] DEBUG org.hibernate.orm.results - Initializer list:
	  org.frcpm.models.Project(959674692778100).meetings -> DelayedCollectionInitializer(org.frcpm.models.Project(959674692778100).meetings)@1552740960 (PluralAttribute(org.frcpm.models.Project.meetings))
	  org.frcpm.models.Project(959674692778100).milestones -> DelayedCollectionInitializer(org.frcpm.models.Project(959674692778100).milestones)@2126319684 (PluralAttribute(org.frcpm.models.Project.milestones))
	  org.frcpm.models.Project(959674692778100).tasks -> DelayedCollectionInitializer(org.frcpm.models.Project(959674692778100).tasks)@618865771 (PluralAttribute(org.frcpm.models.Project.tasks))
	  org.frcpm.models.Project(959674692778100) -> EntityResultInitializer(org.frcpm.models.Project(959674692778100))@790063019 (SingleTableEntityPersister(org.frcpm.models.Project))

10:24:18.407 [pool-3-thread-2] DEBUG org.hibernate.orm.sql.exec - Skipping reading Query result cache data: cache-enabled = false, cache-mode = NORMAL
10:24:18.407 [pool-3-thread-5] DEBUG org.hibernate.SQL - select p1_0.id,p1_0.description,p1_0.goal_end_date,p1_0.hard_deadline,p1_0.name,p1_0.start_date from projects p1_0
10:24:18.407 [pool-3-thread-2] DEBUG org.hibernate.orm.results - Initializer list:
	  org.frcpm.models.Project(959674692981900).tasks -> DelayedCollectionInitializer(org.frcpm.models.Project(959674692981900).tasks)@1500474351 (PluralAttribute(org.frcpm.models.Project.tasks))
	  org.frcpm.models.Project(959674692981900).milestones -> DelayedCollectionInitializer(org.frcpm.models.Project(959674692981900).milestones)@1642263543 (PluralAttribute(org.frcpm.models.Project.milestones))
	  org.frcpm.models.Project(959674692981900).meetings -> DelayedCollectionInitializer(org.frcpm.models.Project(959674692981900).meetings)@564126360 (PluralAttribute(org.frcpm.models.Project.meetings))
	  org.frcpm.models.Project(959674692981900) -> EntityResultInitializer(org.frcpm.models.Project(959674692981900))@819452791 (SingleTableEntityPersister(org.frcpm.models.Project))

10:24:18.407 [pool-3-thread-2] DEBUG org.hibernate.SQL - select p1_0.id,p1_0.description,p1_0.goal_end_date,p1_0.hard_deadline,p1_0.name,p1_0.start_date from projects p1_0
10:24:18.407 [pool-3-thread-2] DEBUG org.hibernate.orm.results - Extracted JDBC value [0] - [1]
10:24:18.407 [pool-3-thread-2] DEBUG org.hibernate.orm.results.loading.entity - (EntityResultInitializer) Hydrated EntityKey (org.frcpm.models.Project(959674692981900)): 1
10:24:18.407 [pool-3-thread-2] DEBUG org.hibernate.orm.results.loading.org.hibernate.orm.results.loading.collection - (DelayedCollectionInitializer) Current row collection key : org.frcpm.models.Project(959674692981900).meetings#1
10:24:18.407 [pool-3-thread-2] DEBUG org.hibernate.orm.results.loading.org.hibernate.orm.results.loading.collection - (DelayedCollectionInitializer) Current row collection key : org.frcpm.models.Project(959674692981900).milestones#1
10:24:18.407 [pool-3-thread-2] DEBUG org.hibernate.orm.results.loading.org.hibernate.orm.results.loading.collection - (DelayedCollectionInitializer) Current row collection key : org.frcpm.models.Project(959674692981900).tasks#1
10:24:18.408 [pool-3-thread-2] DEBUG org.hibernate.orm.results.loading.entity - (EntityResultInitializer) Created new entity instance [org.frcpm.models.Project(959674692981900)#1] : 882444033
10:24:18.408 [pool-3-thread-1] DEBUG org.hibernate.orm.results.graph.AST - DomainResult Graph:
 \-EntityResultImpl [org.frcpm.models.Project(959674692524500)]
 |  +-BasicFetch [org.frcpm.models.Project(959674692524500).description]
 |  +-BasicFetch [org.frcpm.models.Project(959674692524500).goalEndDate]
 |  +-BasicFetch [org.frcpm.models.Project(959674692524500).hardDeadline]
 |  +-DelayedCollectionFetch [org.frcpm.models.Project(959674692524500).meetings]
 |  +-DelayedCollectionFetch [org.frcpm.models.Project(959674692524500).milestones]
 |  +-BasicFetch [org.frcpm.models.Project(959674692524500).name]
 |  +-BasicFetch [org.frcpm.models.Project(959674692524500).startDate]
 |  \-DelayedCollectionFetch [org.frcpm.models.Project(959674692524500).tasks]

10:24:18.408 [pool-3-thread-2] DEBUG org.hibernate.orm.results - Extracted JDBC value [1] - [Competition robot for the 2025 FIRST Robotics Competition]
10:24:18.408 [pool-3-thread-1] DEBUG org.hibernate.orm.sql.ast.tree - SQL AST Tree:
    SelectStatement {
      FromClause {
        StandardTableGroup (p1 : org.frcpm.models.Project(959674692524500)) {
          primaryTableReference : projects as p1_0
        }
      }
    }

10:24:18.408 [pool-3-thread-3] DEBUG org.hibernate.orm.results - Initializer list:
	  org.frcpm.models.Project(959674692102200).tasks -> DelayedCollectionInitializer(org.frcpm.models.Project(959674692102200).tasks)@1478338842 (PluralAttribute(org.frcpm.models.Project.tasks))
	  org.frcpm.models.Project(959674692102200).meetings -> DelayedCollectionInitializer(org.frcpm.models.Project(959674692102200).meetings)@2023466063 (PluralAttribute(org.frcpm.models.Project.meetings))
	  org.frcpm.models.Project(959674692102200).milestones -> DelayedCollectionInitializer(org.frcpm.models.Project(959674692102200).milestones)@544496035 (PluralAttribute(org.frcpm.models.Project.milestones))
	  org.frcpm.models.Project(959674692102200) -> EntityResultInitializer(org.frcpm.models.Project(959674692102200))@691533074 (SingleTableEntityPersister(org.frcpm.models.Project))

10:24:18.408 [pool-3-thread-2] DEBUG org.hibernate.orm.results - Extracted JDBC value [2] - [2025-06-12]
10:24:18.408 [pool-3-thread-3] DEBUG org.hibernate.SQL - select p1_0.id,p1_0.description,p1_0.goal_end_date,p1_0.hard_deadline,p1_0.name,p1_0.start_date from projects p1_0
10:24:18.406 [pool-3-thread-4] DEBUG org.hibernate.orm.sql.exec - Skipping reading Query result cache data: cache-enabled = false, cache-mode = NORMAL
10:24:18.408 [pool-3-thread-1] DEBUG org.hibernate.orm.sql.exec - Skipping reading Query result cache data: cache-enabled = false, cache-mode = NORMAL
10:24:18.408 [pool-3-thread-1] DEBUG org.hibernate.orm.results - Initializer list:
	  org.frcpm.models.Project(959674692524500).tasks -> DelayedCollectionInitializer(org.frcpm.models.Project(959674692524500).tasks)@2083688737 (PluralAttribute(org.frcpm.models.Project.tasks))
	  org.frcpm.models.Project(959674692524500).meetings -> DelayedCollectionInitializer(org.frcpm.models.Project(959674692524500).meetings)@789100268 (PluralAttribute(org.frcpm.models.Project.meetings))
	  org.frcpm.models.Project(959674692524500).milestones -> DelayedCollectionInitializer(org.frcpm.models.Project(959674692524500).milestones)@76345949 (PluralAttribute(org.frcpm.models.Project.milestones))
	  org.frcpm.models.Project(959674692524500) -> EntityResultInitializer(org.frcpm.models.Project(959674692524500))@2121495662 (SingleTableEntityPersister(org.frcpm.models.Project))

10:24:18.408 [pool-3-thread-1] DEBUG org.hibernate.SQL - select p1_0.id,p1_0.description,p1_0.goal_end_date,p1_0.hard_deadline,p1_0.name,p1_0.start_date from projects p1_0
10:24:18.408 [pool-3-thread-4] DEBUG org.hibernate.orm.results - Initializer list:
	  org.frcpm.models.Project(959674691997700).meetings -> DelayedCollectionInitializer(org.frcpm.models.Project(959674691997700).meetings)@894175124 (PluralAttribute(org.frcpm.models.Project.meetings))
	  org.frcpm.models.Project(959674691997700).milestones -> DelayedCollectionInitializer(org.frcpm.models.Project(959674691997700).milestones)@933837215 (PluralAttribute(org.frcpm.models.Project.milestones))
	  org.frcpm.models.Project(959674691997700) -> EntityResultInitializer(org.frcpm.models.Project(959674691997700))@1307237759 (SingleTableEntityPersister(org.frcpm.models.Project))
	  org.frcpm.models.Project(959674691997700).tasks -> DelayedCollectionInitializer(org.frcpm.models.Project(959674691997700).tasks)@1724531337 (PluralAttribute(org.frcpm.models.Project.tasks))

10:24:18.408 [pool-3-thread-4] DEBUG org.hibernate.SQL - select p1_0.id,p1_0.description,p1_0.goal_end_date,p1_0.hard_deadline,p1_0.name,p1_0.start_date from projects p1_0
10:24:18.407 [pool-3-thread-5] DEBUG org.hibernate.orm.results - Extracted JDBC value [0] - [1]
10:24:18.408 [pool-3-thread-5] DEBUG org.hibernate.orm.results.loading.entity - (EntityResultInitializer) Hydrated EntityKey (org.frcpm.models.Project(959674692778100)): 1
10:24:18.408 [pool-3-thread-5] DEBUG org.hibernate.orm.results.loading.org.hibernate.orm.results.loading.collection - (DelayedCollectionInitializer) Current row collection key : org.frcpm.models.Project(959674692778100).meetings#1
10:24:18.408 [pool-3-thread-5] DEBUG org.hibernate.orm.results.loading.org.hibernate.orm.results.loading.collection - (DelayedCollectionInitializer) Current row collection key : org.frcpm.models.Project(959674692778100).milestones#1
10:24:18.408 [pool-3-thread-5] DEBUG org.hibernate.orm.results.loading.org.hibernate.orm.results.loading.collection - (DelayedCollectionInitializer) Current row collection key : org.frcpm.models.Project(959674692778100).tasks#1
10:24:18.408 [pool-3-thread-2] DEBUG org.hibernate.orm.results - Extracted JDBC value [3] - [2025-06-26]
10:24:18.408 [pool-3-thread-2] DEBUG org.hibernate.orm.results - Extracted JDBC value [4] - [FRC 2025 Robot]
10:24:18.408 [pool-3-thread-5] DEBUG org.hibernate.orm.results.loading.entity - (EntityResultInitializer) Created new entity instance [org.frcpm.models.Project(959674692778100)#1] : 727268357
10:24:18.408 [pool-3-thread-5] DEBUG org.hibernate.orm.results - Extracted JDBC value [1] - [Competition robot for the 2025 FIRST Robotics Competition]
10:24:18.409 [pool-3-thread-5] DEBUG org.hibernate.orm.results - Extracted JDBC value [2] - [2025-06-12]
10:24:18.409 [pool-3-thread-2] DEBUG org.hibernate.orm.results - Extracted JDBC value [5] - [2025-05-01]
10:24:18.409 [pool-3-thread-5] DEBUG org.hibernate.orm.results - Extracted JDBC value [3] - [2025-06-26]
10:24:18.409 [pool-3-thread-5] DEBUG org.hibernate.orm.results - Extracted JDBC value [4] - [FRC 2025 Robot]
10:24:18.409 [pool-3-thread-5] DEBUG org.hibernate.orm.results - Extracted JDBC value [5] - [2025-05-01]
10:24:18.409 [pool-3-thread-5] DEBUG org.hibernate.orm.results.loading.entity - (EntityResultInitializer) Done materializing entityInstance : org.frcpm.models.Project(959674692778100)#1
10:24:18.409 [pool-3-thread-2] DEBUG org.hibernate.orm.results.loading.entity - (EntityResultInitializer) Done materializing entityInstance : org.frcpm.models.Project(959674692981900)#1
10:24:18.409 [pool-3-thread-5] DEBUG org.hibernate.orm.results.loading - Calling top-level assembler (0 / 1) : org.hibernate.sql.results.graph.entity.internal.EntityAssembler@1188091a
10:24:18.409 [pool-3-thread-2] DEBUG org.hibernate.orm.results.loading - Calling top-level assembler (0 / 1) : org.hibernate.sql.results.graph.entity.internal.EntityAssembler@647b4f7
10:24:18.409 [pool-3-thread-5] DEBUG org.hibernate.orm.results - Extracted JDBC value [0] - [51]
10:24:18.409 [pool-3-thread-2] DEBUG org.hibernate.orm.results - Extracted JDBC value [0] - [51]
10:24:18.409 [pool-3-thread-5] DEBUG org.hibernate.orm.results.loading.entity - (EntityResultInitializer) Hydrated EntityKey (org.frcpm.models.Project(959674692778100)): 51
10:24:18.409 [pool-3-thread-2] DEBUG org.hibernate.orm.results.loading.entity - (EntityResultInitializer) Hydrated EntityKey (org.frcpm.models.Project(959674692981900)): 51
10:24:18.409 [pool-3-thread-5] DEBUG org.hibernate.orm.results.loading.org.hibernate.orm.results.loading.collection - (DelayedCollectionInitializer) Current row collection key : org.frcpm.models.Project(959674692778100).meetings#51
10:24:18.409 [pool-3-thread-2] DEBUG org.hibernate.orm.results.loading.org.hibernate.orm.results.loading.collection - (DelayedCollectionInitializer) Current row collection key : org.frcpm.models.Project(959674692981900).meetings#51
10:24:18.409 [pool-3-thread-5] DEBUG org.hibernate.orm.results.loading.org.hibernate.orm.results.loading.collection - (DelayedCollectionInitializer) Current row collection key : org.frcpm.models.Project(959674692778100).milestones#51
10:24:18.409 [pool-3-thread-2] DEBUG org.hibernate.orm.results.loading.org.hibernate.orm.results.loading.collection - (DelayedCollectionInitializer) Current row collection key : org.frcpm.models.Project(959674692981900).milestones#51
10:24:18.409 [pool-3-thread-5] DEBUG org.hibernate.orm.results.loading.org.hibernate.orm.results.loading.collection - (DelayedCollectionInitializer) Current row collection key : org.frcpm.models.Project(959674692778100).tasks#51
10:24:18.409 [pool-3-thread-2] DEBUG org.hibernate.orm.results.loading.org.hibernate.orm.results.loading.collection - (DelayedCollectionInitializer) Current row collection key : org.frcpm.models.Project(959674692981900).tasks#51
10:24:18.409 [pool-3-thread-5] DEBUG org.hibernate.orm.results.loading.entity - (EntityResultInitializer) Created new entity instance [org.frcpm.models.Project(959674692778100)#51] : 1473096554
10:24:18.409 [pool-3-thread-2] DEBUG org.hibernate.orm.results.loading.entity - (EntityResultInitializer) Created new entity instance [org.frcpm.models.Project(959674692981900)#51] : 633535524
10:24:18.409 [pool-3-thread-2] DEBUG org.hibernate.orm.results - Extracted JDBC value [1] - [null]
10:24:18.409 [pool-3-thread-5] DEBUG org.hibernate.orm.results - Extracted JDBC value [1] - [null]
10:24:18.409 [pool-3-thread-5] DEBUG org.hibernate.orm.results - Extracted JDBC value [2] - [2025-05-23]
10:24:18.409 [pool-3-thread-2] DEBUG org.hibernate.orm.results - Extracted JDBC value [2] - [2025-05-23]
10:24:18.409 [pool-3-thread-5] DEBUG org.hibernate.orm.results - Extracted JDBC value [3] - [2025-06-06]
10:24:18.409 [pool-3-thread-2] DEBUG org.hibernate.orm.results - Extracted JDBC value [3] - [2025-06-06]
10:24:18.409 [pool-3-thread-5] DEBUG org.hibernate.orm.results - Extracted JDBC value [4] - [Test Count Project]
10:24:18.409 [pool-3-thread-2] DEBUG org.hibernate.orm.results - Extracted JDBC value [4] - [Test Count Project]
10:24:18.409 [pool-3-thread-5] DEBUG org.hibernate.orm.results - Extracted JDBC value [5] - [2025-04-25]
10:24:18.409 [pool-3-thread-2] DEBUG org.hibernate.orm.results - Extracted JDBC value [5] - [2025-04-25]
10:24:18.409 [pool-3-thread-5] DEBUG org.hibernate.orm.results.loading.entity - (EntityResultInitializer) Done materializing entityInstance : org.frcpm.models.Project(959674692778100)#51
10:24:18.409 [pool-3-thread-2] DEBUG org.hibernate.orm.results.loading.entity - (EntityResultInitializer) Done materializing entityInstance : org.frcpm.models.Project(959674692981900)#51
10:24:18.409 [pool-3-thread-5] DEBUG org.hibernate.orm.results.loading - Calling top-level assembler (0 / 1) : org.hibernate.sql.results.graph.entity.internal.EntityAssembler@1188091a
10:24:18.409 [pool-3-thread-2] DEBUG org.hibernate.orm.results.loading - Calling top-level assembler (0 / 1) : org.hibernate.sql.results.graph.entity.internal.EntityAssembler@647b4f7
10:24:18.409 [pool-3-thread-5] DEBUG org.hibernate.orm.results - Extracted JDBC value [0] - [54]
10:24:18.409 [pool-3-thread-2] DEBUG org.hibernate.orm.results - Extracted JDBC value [0] - [54]
10:24:18.409 [pool-3-thread-5] DEBUG org.hibernate.orm.results.loading.entity - (EntityResultInitializer) Hydrated EntityKey (org.frcpm.models.Project(959674692778100)): 54
10:24:18.409 [pool-3-thread-2] DEBUG org.hibernate.orm.results.loading.entity - (EntityResultInitializer) Hydrated EntityKey (org.frcpm.models.Project(959674692981900)): 54
10:24:18.409 [pool-3-thread-5] DEBUG org.hibernate.orm.results.loading.org.hibernate.orm.results.loading.collection - (DelayedCollectionInitializer) Current row collection key : org.frcpm.models.Project(959674692778100).meetings#54
10:24:18.409 [pool-3-thread-2] DEBUG org.hibernate.orm.results.loading.org.hibernate.orm.results.loading.collection - (DelayedCollectionInitializer) Current row collection key : org.frcpm.models.Project(959674692981900).meetings#54
10:24:18.409 [pool-3-thread-5] DEBUG org.hibernate.orm.results.loading.org.hibernate.orm.results.loading.collection - (DelayedCollectionInitializer) Current row collection key : org.frcpm.models.Project(959674692778100).milestones#54
10:24:18.409 [pool-3-thread-2] DEBUG org.hibernate.orm.results.loading.org.hibernate.orm.results.loading.collection - (DelayedCollectionInitializer) Current row collection key : org.frcpm.models.Project(959674692981900).milestones#54
10:24:18.409 [pool-3-thread-5] DEBUG org.hibernate.orm.results.loading.org.hibernate.orm.results.loading.collection - (DelayedCollectionInitializer) Current row collection key : org.frcpm.models.Project(959674692778100).tasks#54
10:24:18.409 [pool-3-thread-2] DEBUG org.hibernate.orm.results.loading.org.hibernate.orm.results.loading.collection - (DelayedCollectionInitializer) Current row collection key : org.frcpm.models.Project(959674692981900).tasks#54
10:24:18.409 [pool-3-thread-5] DEBUG org.hibernate.orm.results.loading.entity - (EntityResultInitializer) Created new entity instance [org.frcpm.models.Project(959674692778100)#54] : 739698716
10:24:18.409 [pool-3-thread-2] DEBUG org.hibernate.orm.results.loading.entity - (EntityResultInitializer) Created new entity instance [org.frcpm.models.Project(959674692981900)#54] : 1208477593
10:24:18.409 [pool-3-thread-2] DEBUG org.hibernate.orm.results - Extracted JDBC value [1] - [Test save description]
10:24:18.409 [pool-3-thread-2] DEBUG org.hibernate.orm.results - Extracted JDBC value [2] - [2025-05-23]
10:24:18.409 [pool-3-thread-5] DEBUG org.hibernate.orm.results - Extracted JDBC value [1] - [Test save description]
10:24:18.409 [pool-3-thread-2] DEBUG org.hibernate.orm.results - Extracted JDBC value [3] - [2025-06-06]
10:24:18.409 [pool-3-thread-2] DEBUG org.hibernate.orm.results - Extracted JDBC value [4] - [Test Save Project]
10:24:18.409 [pool-3-thread-5] DEBUG org.hibernate.orm.results - Extracted JDBC value [2] - [2025-05-23]
10:24:18.409 [pool-3-thread-2] DEBUG org.hibernate.orm.results - Extracted JDBC value [5] - [2025-04-25]
10:24:18.409 [pool-3-thread-5] DEBUG org.hibernate.orm.results - Extracted JDBC value [3] - [2025-06-06]
10:24:18.409 [pool-3-thread-5] DEBUG org.hibernate.orm.results - Extracted JDBC value [4] - [Test Save Project]
10:24:18.409 [pool-3-thread-5] DEBUG org.hibernate.orm.results - Extracted JDBC value [5] - [2025-04-25]
10:24:18.409 [pool-3-thread-2] DEBUG org.hibernate.orm.results.loading.entity - (EntityResultInitializer) Done materializing entityInstance : org.frcpm.models.Project(959674692981900)#54
10:24:18.409 [pool-3-thread-5] DEBUG org.hibernate.orm.results.loading.entity - (EntityResultInitializer) Done materializing entityInstance : org.frcpm.models.Project(959674692778100)#54
10:24:18.409 [pool-3-thread-2] DEBUG org.hibernate.orm.results.loading - Calling top-level assembler (0 / 1) : org.hibernate.sql.results.graph.entity.internal.EntityAssembler@647b4f7
10:24:18.409 [pool-3-thread-5] DEBUG org.hibernate.orm.results.loading - Calling top-level assembler (0 / 1) : org.hibernate.sql.results.graph.entity.internal.EntityAssembler@1188091a
10:24:18.409 [pool-3-thread-2] DEBUG org.hibernate.orm.results - Extracted JDBC value [0] - [69]
10:24:18.409 [pool-3-thread-2] DEBUG org.hibernate.orm.results.loading.entity - (EntityResultInitializer) Hydrated EntityKey (org.frcpm.models.Project(959674692981900)): 69
10:24:18.409 [pool-3-thread-5] DEBUG org.hibernate.orm.results - Extracted JDBC value [0] - [69]
10:24:18.409 [pool-3-thread-2] DEBUG org.hibernate.orm.results.loading.org.hibernate.orm.results.loading.collection - (DelayedCollectionInitializer) Current row collection key : org.frcpm.models.Project(959674692981900).meetings#69
10:24:18.409 [pool-3-thread-5] DEBUG org.hibernate.orm.results.loading.entity - (EntityResultInitializer) Hydrated EntityKey (org.frcpm.models.Project(959674692778100)): 69
10:24:18.409 [pool-3-thread-5] DEBUG org.hibernate.orm.results.loading.org.hibernate.orm.results.loading.collection - (DelayedCollectionInitializer) Current row collection key : org.frcpm.models.Project(959674692778100).meetings#69
10:24:18.409 [pool-3-thread-5] DEBUG org.hibernate.orm.results.loading.org.hibernate.orm.results.loading.collection - (DelayedCollectionInitializer) Current row collection key : org.frcpm.models.Project(959674692778100).milestones#69
10:24:18.409 [pool-3-thread-5] DEBUG org.hibernate.orm.results.loading.org.hibernate.orm.results.loading.collection - (DelayedCollectionInitializer) Current row collection key : org.frcpm.models.Project(959674692778100).tasks#69
10:24:18.409 [pool-3-thread-2] DEBUG org.hibernate.orm.results.loading.org.hibernate.orm.results.loading.collection - (DelayedCollectionInitializer) Current row collection key : org.frcpm.models.Project(959674692981900).milestones#69
10:24:18.409 [pool-3-thread-5] DEBUG org.hibernate.orm.results.loading.entity - (EntityResultInitializer) Created new entity instance [org.frcpm.models.Project(959674692778100)#69] : 1850955728
10:24:18.409 [pool-3-thread-2] DEBUG org.hibernate.orm.results.loading.org.hibernate.orm.results.loading.collection - (DelayedCollectionInitializer) Current row collection key : org.frcpm.models.Project(959674692981900).tasks#69
10:24:18.409 [pool-3-thread-5] DEBUG org.hibernate.orm.results - Extracted JDBC value [1] - [null]
10:24:18.409 [pool-3-thread-2] DEBUG org.hibernate.orm.results.loading.entity - (EntityResultInitializer) Created new entity instance [org.frcpm.models.Project(959674692981900)#69] : 881485158
10:24:18.409 [pool-3-thread-2] DEBUG org.hibernate.orm.results - Extracted JDBC value [1] - [null]
10:24:18.409 [pool-3-thread-5] DEBUG org.hibernate.orm.results - Extracted JDBC value [2] - [2025-05-23]
10:24:18.409 [pool-3-thread-2] DEBUG org.hibernate.orm.results - Extracted JDBC value [2] - [2025-05-23]
10:24:18.409 [pool-3-thread-2] DEBUG org.hibernate.orm.results - Extracted JDBC value [3] - [2025-06-06]
10:24:18.409 [pool-3-thread-5] DEBUG org.hibernate.orm.results - Extracted JDBC value [3] - [2025-06-06]
10:24:18.409 [pool-3-thread-2] DEBUG org.hibernate.orm.results - Extracted JDBC value [4] - [Updated Project Name]
10:24:18.409 [pool-3-thread-5] DEBUG org.hibernate.orm.results - Extracted JDBC value [4] - [Updated Project Name]
10:24:18.409 [pool-3-thread-2] DEBUG org.hibernate.orm.results - Extracted JDBC value [5] - [2025-04-25]
10:24:18.409 [pool-3-thread-5] DEBUG org.hibernate.orm.results - Extracted JDBC value [5] - [2025-04-25]
10:24:18.409 [pool-3-thread-2] DEBUG org.hibernate.orm.results.loading.entity - (EntityResultInitializer) Done materializing entityInstance : org.frcpm.models.Project(959674692981900)#69
10:24:18.409 [pool-3-thread-5] DEBUG org.hibernate.orm.results.loading.entity - (EntityResultInitializer) Done materializing entityInstance : org.frcpm.models.Project(959674692778100)#69
10:24:18.409 [pool-3-thread-2] DEBUG org.hibernate.orm.results.loading - Calling top-level assembler (0 / 1) : org.hibernate.sql.results.graph.entity.internal.EntityAssembler@647b4f7
10:24:18.409 [pool-3-thread-5] DEBUG org.hibernate.orm.results.loading - Calling top-level assembler (0 / 1) : org.hibernate.sql.results.graph.entity.internal.EntityAssembler@1188091a
10:24:18.409 [pool-3-thread-2] DEBUG org.hibernate.orm.results - Extracted JDBC value [0] - [70]
10:24:18.409 [pool-3-thread-5] DEBUG org.hibernate.orm.results - Extracted JDBC value [0] - [70]
10:24:18.409 [pool-3-thread-2] DEBUG org.hibernate.orm.results.loading.entity - (EntityResultInitializer) Hydrated EntityKey (org.frcpm.models.Project(959674692981900)): 70
10:24:18.409 [pool-3-thread-5] DEBUG org.hibernate.orm.results.loading.entity - (EntityResultInitializer) Hydrated EntityKey (org.frcpm.models.Project(959674692778100)): 70
10:24:18.409 [pool-3-thread-2] DEBUG org.hibernate.orm.results.loading.org.hibernate.orm.results.loading.collection - (DelayedCollectionInitializer) Current row collection key : org.frcpm.models.Project(959674692981900).meetings#70
10:24:18.409 [pool-3-thread-5] DEBUG org.hibernate.orm.results.loading.org.hibernate.orm.results.loading.collection - (DelayedCollectionInitializer) Current row collection key : org.frcpm.models.Project(959674692778100).meetings#70
10:24:18.409 [pool-3-thread-2] DEBUG org.hibernate.orm.results.loading.org.hibernate.orm.results.loading.collection - (DelayedCollectionInitializer) Current row collection key : org.frcpm.models.Project(959674692981900).milestones#70
10:24:18.409 [pool-3-thread-5] DEBUG org.hibernate.orm.results.loading.org.hibernate.orm.results.loading.collection - (DelayedCollectionInitializer) Current row collection key : org.frcpm.models.Project(959674692778100).milestones#70
10:24:18.409 [pool-3-thread-2] DEBUG org.hibernate.orm.results.loading.org.hibernate.orm.results.loading.collection - (DelayedCollectionInitializer) Current row collection key : org.frcpm.models.Project(959674692981900).tasks#70
10:24:18.409 [pool-3-thread-5] DEBUG org.hibernate.orm.results.loading.org.hibernate.orm.results.loading.collection - (DelayedCollectionInitializer) Current row collection key : org.frcpm.models.Project(959674692778100).tasks#70
10:24:18.409 [pool-3-thread-2] DEBUG org.hibernate.orm.results.loading.entity - (EntityResultInitializer) Created new entity instance [org.frcpm.models.Project(959674692981900)#70] : 1819218954
10:24:18.409 [pool-3-thread-5] DEBUG org.hibernate.orm.results.loading.entity - (EntityResultInitializer) Created new entity instance [org.frcpm.models.Project(959674692778100)#70] : 464601461
10:24:18.409 [pool-3-thread-5] DEBUG org.hibernate.orm.results - Extracted JDBC value [1] - [null]
10:24:18.409 [pool-3-thread-5] DEBUG org.hibernate.orm.results - Extracted JDBC value [2] - [2025-06-06]
10:24:18.409 [pool-3-thread-5] DEBUG org.hibernate.orm.results - Extracted JDBC value [3] - [2025-06-20]
10:24:18.409 [pool-3-thread-5] DEBUG org.hibernate.orm.results - Extracted JDBC value [4] - [Test Task Project]
10:24:18.410 [pool-3-thread-5] DEBUG org.hibernate.orm.results - Extracted JDBC value [5] - [2025-04-25]
10:24:18.410 [pool-3-thread-5] DEBUG org.hibernate.orm.results.loading.entity - (EntityResultInitializer) Done materializing entityInstance : org.frcpm.models.Project(959674692778100)#70
10:24:18.410 [pool-3-thread-2] DEBUG org.hibernate.orm.results - Extracted JDBC value [1] - [null]
10:24:18.410 [pool-3-thread-5] DEBUG org.hibernate.orm.results.loading - Calling top-level assembler (0 / 1) : org.hibernate.sql.results.graph.entity.internal.EntityAssembler@1188091a
10:24:18.410 [pool-3-thread-5] DEBUG org.hibernate.orm.results - Extracted JDBC value [0] - [71]
10:24:18.410 [pool-3-thread-2] DEBUG org.hibernate.orm.results - Extracted JDBC value [2] - [2025-06-06]
10:24:18.410 [pool-3-thread-5] DEBUG org.hibernate.orm.results.loading.entity - (EntityResultInitializer) Hydrated EntityKey (org.frcpm.models.Project(959674692778100)): 71
10:24:18.410 [pool-3-thread-2] DEBUG org.hibernate.orm.results - Extracted JDBC value [3] - [2025-06-20]
10:24:18.410 [pool-3-thread-5] DEBUG org.hibernate.orm.results.loading.org.hibernate.orm.results.loading.collection - (DelayedCollectionInitializer) Current row collection key : org.frcpm.models.Project(959674692778100).meetings#71
10:24:18.410 [pool-3-thread-2] DEBUG org.hibernate.orm.results - Extracted JDBC value [4] - [Test Task Project]
10:24:18.410 [pool-3-thread-5] DEBUG org.hibernate.orm.results.loading.org.hibernate.orm.results.loading.collection - (DelayedCollectionInitializer) Current row collection key : org.frcpm.models.Project(959674692778100).milestones#71
10:24:18.410 [pool-3-thread-2] DEBUG org.hibernate.orm.results - Extracted JDBC value [5] - [2025-04-25]
10:24:18.410 [pool-3-thread-5] DEBUG org.hibernate.orm.results.loading.org.hibernate.orm.results.loading.collection - (DelayedCollectionInitializer) Current row collection key : org.frcpm.models.Project(959674692778100).tasks#71
10:24:18.410 [pool-3-thread-5] DEBUG org.hibernate.orm.results.loading.entity - (EntityResultInitializer) Created new entity instance [org.frcpm.models.Project(959674692778100)#71] : 513937106
10:24:18.410 [pool-3-thread-2] DEBUG org.hibernate.orm.results.loading.entity - (EntityResultInitializer) Done materializing entityInstance : org.frcpm.models.Project(959674692981900)#70
10:24:18.410 [pool-3-thread-5] DEBUG org.hibernate.orm.results - Extracted JDBC value [1] - [null]
10:24:18.410 [pool-3-thread-2] DEBUG org.hibernate.orm.results.loading - Calling top-level assembler (0 / 1) : org.hibernate.sql.results.graph.entity.internal.EntityAssembler@647b4f7
10:24:18.410 [pool-3-thread-5] DEBUG org.hibernate.orm.results - Extracted JDBC value [2] - [2025-06-06]
10:24:18.410 [pool-3-thread-2] DEBUG org.hibernate.orm.results - Extracted JDBC value [0] - [71]
10:24:18.410 [pool-3-thread-5] DEBUG org.hibernate.orm.results - Extracted JDBC value [3] - [2025-06-20]
10:24:18.410 [pool-3-thread-2] DEBUG org.hibernate.orm.results.loading.entity - (EntityResultInitializer) Hydrated EntityKey (org.frcpm.models.Project(959674692981900)): 71
10:24:18.410 [pool-3-thread-5] DEBUG org.hibernate.orm.results - Extracted JDBC value [4] - [Test Task Project]
10:24:18.410 [pool-3-thread-2] DEBUG org.hibernate.orm.results.loading.org.hibernate.orm.results.loading.collection - (DelayedCollectionInitializer) Current row collection key : org.frcpm.models.Project(959674692981900).meetings#71
10:24:18.410 [pool-3-thread-5] DEBUG org.hibernate.orm.results - Extracted JDBC value [5] - [2025-04-25]
10:24:18.410 [pool-3-thread-2] DEBUG org.hibernate.orm.results.loading.org.hibernate.orm.results.loading.collection - (DelayedCollectionInitializer) Current row collection key : org.frcpm.models.Project(959674692981900).milestones#71
10:24:18.410 [pool-3-thread-2] DEBUG org.hibernate.orm.results.loading.org.hibernate.orm.results.loading.collection - (DelayedCollectionInitializer) Current row collection key : org.frcpm.models.Project(959674692981900).tasks#71
10:24:18.410 [pool-3-thread-5] DEBUG org.hibernate.orm.results.loading.entity - (EntityResultInitializer) Done materializing entityInstance : org.frcpm.models.Project(959674692778100)#71
10:24:18.410 [pool-3-thread-5] DEBUG org.hibernate.orm.results.loading - Calling top-level assembler (0 / 1) : org.hibernate.sql.results.graph.entity.internal.EntityAssembler@1188091a
10:24:18.410 [pool-3-thread-2] DEBUG org.hibernate.orm.results.loading.entity - (EntityResultInitializer) Created new entity instance [org.frcpm.models.Project(959674692981900)#71] : 648221263
10:24:18.410 [pool-3-thread-5] DEBUG org.hibernate.orm.results - Extracted JDBC value [0] - [72]
10:24:18.410 [pool-3-thread-5] DEBUG org.hibernate.orm.results.loading.entity - (EntityResultInitializer) Hydrated EntityKey (org.frcpm.models.Project(959674692778100)): 72
10:24:18.410 [pool-3-thread-2] DEBUG org.hibernate.orm.results - Extracted JDBC value [1] - [null]
10:24:18.410 [pool-3-thread-2] DEBUG org.hibernate.orm.results - Extracted JDBC value [2] - [2025-06-06]
10:24:18.410 [pool-3-thread-2] DEBUG org.hibernate.orm.results - Extracted JDBC value [3] - [2025-06-20]
10:24:18.410 [pool-3-thread-5] DEBUG org.hibernate.orm.results.loading.org.hibernate.orm.results.loading.collection - (DelayedCollectionInitializer) Current row collection key : org.frcpm.models.Project(959674692778100).meetings#72
10:24:18.410 [pool-3-thread-2] DEBUG org.hibernate.orm.results - Extracted JDBC value [4] - [Test Task Project]
10:24:18.410 [pool-3-thread-2] DEBUG org.hibernate.orm.results - Extracted JDBC value [5] - [2025-04-25]
10:24:18.410 [pool-3-thread-5] DEBUG org.hibernate.orm.results.loading.org.hibernate.orm.results.loading.collection - (DelayedCollectionInitializer) Current row collection key : org.frcpm.models.Project(959674692778100).milestones#72
10:24:18.410 [pool-3-thread-5] DEBUG org.hibernate.orm.results.loading.org.hibernate.orm.results.loading.collection - (DelayedCollectionInitializer) Current row collection key : org.frcpm.models.Project(959674692778100).tasks#72
10:24:18.410 [pool-3-thread-2] DEBUG org.hibernate.orm.results.loading.entity - (EntityResultInitializer) Done materializing entityInstance : org.frcpm.models.Project(959674692981900)#71
10:24:18.410 [pool-3-thread-5] DEBUG org.hibernate.orm.results.loading.entity - (EntityResultInitializer) Created new entity instance [org.frcpm.models.Project(959674692778100)#72] : 346026584
10:24:18.410 [pool-3-thread-2] DEBUG org.hibernate.orm.results.loading - Calling top-level assembler (0 / 1) : org.hibernate.sql.results.graph.entity.internal.EntityAssembler@647b4f7
10:24:18.410 [pool-3-thread-2] DEBUG org.hibernate.orm.results - Extracted JDBC value [0] - [72]
10:24:18.410 [pool-3-thread-2] DEBUG org.hibernate.orm.results.loading.entity - (EntityResultInitializer) Hydrated EntityKey (org.frcpm.models.Project(959674692981900)): 72
10:24:18.410 [pool-3-thread-5] DEBUG org.hibernate.orm.results - Extracted JDBC value [1] - [null]
10:24:18.410 [pool-3-thread-2] DEBUG org.hibernate.orm.results.loading.org.hibernate.orm.results.loading.collection - (DelayedCollectionInitializer) Current row collection key : org.frcpm.models.Project(959674692981900).meetings#72
10:24:18.410 [pool-3-thread-2] DEBUG org.hibernate.orm.results.loading.org.hibernate.orm.results.loading.collection - (DelayedCollectionInitializer) Current row collection key : org.frcpm.models.Project(959674692981900).milestones#72
10:24:18.410 [pool-3-thread-2] DEBUG org.hibernate.orm.results.loading.org.hibernate.orm.results.loading.collection - (DelayedCollectionInitializer) Current row collection key : org.frcpm.models.Project(959674692981900).tasks#72
10:24:18.410 [pool-3-thread-5] DEBUG org.hibernate.orm.results - Extracted JDBC value [2] - [2025-06-06]
10:24:18.410 [pool-3-thread-5] DEBUG org.hibernate.orm.results - Extracted JDBC value [3] - [2025-06-20]
10:24:18.410 [pool-3-thread-2] DEBUG org.hibernate.orm.results.loading.entity - (EntityResultInitializer) Created new entity instance [org.frcpm.models.Project(959674692981900)#72] : 1964567487
10:24:18.410 [pool-3-thread-5] DEBUG org.hibernate.orm.results - Extracted JDBC value [4] - [Test Task Project]
10:24:18.410 [pool-3-thread-5] DEBUG org.hibernate.orm.results - Extracted JDBC value [5] - [2025-04-25]
10:24:18.410 [pool-3-thread-2] DEBUG org.hibernate.orm.results - Extracted JDBC value [1] - [null]
10:24:18.410 [pool-3-thread-2] DEBUG org.hibernate.orm.results - Extracted JDBC value [2] - [2025-06-06]
10:24:18.410 [pool-3-thread-5] DEBUG org.hibernate.orm.results.loading.entity - (EntityResultInitializer) Done materializing entityInstance : org.frcpm.models.Project(959674692778100)#72
10:24:18.410 [pool-3-thread-2] DEBUG org.hibernate.orm.results - Extracted JDBC value [3] - [2025-06-20]
10:24:18.410 [pool-3-thread-2] DEBUG org.hibernate.orm.results - Extracted JDBC value [4] - [Test Task Project]
10:24:18.410 [pool-3-thread-2] DEBUG org.hibernate.orm.results - Extracted JDBC value [5] - [2025-04-25]
10:24:18.410 [pool-3-thread-5] DEBUG org.hibernate.orm.results.loading - Calling top-level assembler (0 / 1) : org.hibernate.sql.results.graph.entity.internal.EntityAssembler@1188091a
10:24:18.410 [pool-3-thread-5] DEBUG org.hibernate.orm.results - Extracted JDBC value [0] - [73]
10:24:18.410 [pool-3-thread-2] DEBUG org.hibernate.orm.results.loading.entity - (EntityResultInitializer) Done materializing entityInstance : org.frcpm.models.Project(959674692981900)#72
10:24:18.410 [pool-3-thread-5] DEBUG org.hibernate.orm.results.loading.entity - (EntityResultInitializer) Hydrated EntityKey (org.frcpm.models.Project(959674692778100)): 73
10:24:18.410 [pool-3-thread-2] DEBUG org.hibernate.orm.results.loading - Calling top-level assembler (0 / 1) : org.hibernate.sql.results.graph.entity.internal.EntityAssembler@647b4f7
10:24:18.410 [pool-3-thread-5] DEBUG org.hibernate.orm.results.loading.org.hibernate.orm.results.loading.collection - (DelayedCollectionInitializer) Current row collection key : org.frcpm.models.Project(959674692778100).meetings#73
10:24:18.410 [pool-3-thread-5] DEBUG org.hibernate.orm.results.loading.org.hibernate.orm.results.loading.collection - (DelayedCollectionInitializer) Current row collection key : org.frcpm.models.Project(959674692778100).milestones#73
10:24:18.410 [pool-3-thread-2] DEBUG org.hibernate.orm.results - Extracted JDBC value [0] - [73]
10:24:18.410 [pool-3-thread-5] DEBUG org.hibernate.orm.results.loading.org.hibernate.orm.results.loading.collection - (DelayedCollectionInitializer) Current row collection key : org.frcpm.models.Project(959674692778100).tasks#73
10:24:18.410 [pool-3-thread-2] DEBUG org.hibernate.orm.results.loading.entity - (EntityResultInitializer) Hydrated EntityKey (org.frcpm.models.Project(959674692981900)): 73
10:24:18.410 [pool-3-thread-2] DEBUG org.hibernate.orm.results.loading.org.hibernate.orm.results.loading.collection - (DelayedCollectionInitializer) Current row collection key : org.frcpm.models.Project(959674692981900).meetings#73
10:24:18.410 [pool-3-thread-5] DEBUG org.hibernate.orm.results.loading.entity - (EntityResultInitializer) Created new entity instance [org.frcpm.models.Project(959674692778100)#73] : 810022099
10:24:18.410 [pool-3-thread-2] DEBUG org.hibernate.orm.results.loading.org.hibernate.orm.results.loading.collection - (DelayedCollectionInitializer) Current row collection key : org.frcpm.models.Project(959674692981900).milestones#73
10:24:18.410 [pool-3-thread-5] DEBUG org.hibernate.orm.results - Extracted JDBC value [1] - [null]
10:24:18.410 [pool-3-thread-5] DEBUG org.hibernate.orm.results - Extracted JDBC value [2] - [2025-06-06]
10:24:18.410 [pool-3-thread-2] DEBUG org.hibernate.orm.results.loading.org.hibernate.orm.results.loading.collection - (DelayedCollectionInitializer) Current row collection key : org.frcpm.models.Project(959674692981900).tasks#73
10:24:18.410 [pool-3-thread-5] DEBUG org.hibernate.orm.results - Extracted JDBC value [3] - [2025-06-20]
10:24:18.410 [pool-3-thread-5] DEBUG org.hibernate.orm.results - Extracted JDBC value [4] - [Test Task Project]
10:24:18.410 [pool-3-thread-5] DEBUG org.hibernate.orm.results - Extracted JDBC value [5] - [2025-04-25]
10:24:18.410 [pool-3-thread-2] DEBUG org.hibernate.orm.results.loading.entity - (EntityResultInitializer) Created new entity instance [org.frcpm.models.Project(959674692981900)#73] : 1798365704
10:24:18.410 [pool-3-thread-5] DEBUG org.hibernate.orm.results.loading.entity - (EntityResultInitializer) Done materializing entityInstance : org.frcpm.models.Project(959674692778100)#73
10:24:18.410 [pool-3-thread-2] DEBUG org.hibernate.orm.results - Extracted JDBC value [1] - [null]
10:24:18.410 [pool-3-thread-5] DEBUG org.hibernate.orm.results.loading - Calling top-level assembler (0 / 1) : org.hibernate.sql.results.graph.entity.internal.EntityAssembler@1188091a
10:24:18.410 [pool-3-thread-2] DEBUG org.hibernate.orm.results - Extracted JDBC value [2] - [2025-06-06]
10:24:18.410 [pool-3-thread-5] DEBUG org.hibernate.orm.results - Extracted JDBC value [0] - [74]
10:24:18.410 [pool-3-thread-5] DEBUG org.hibernate.orm.results.loading.entity - (EntityResultInitializer) Hydrated EntityKey (org.frcpm.models.Project(959674692778100)): 74
10:24:18.410 [pool-3-thread-2] DEBUG org.hibernate.orm.results - Extracted JDBC value [3] - [2025-06-20]
10:24:18.410 [pool-3-thread-5] DEBUG org.hibernate.orm.results.loading.org.hibernate.orm.results.loading.collection - (DelayedCollectionInitializer) Current row collection key : org.frcpm.models.Project(959674692778100).meetings#74
10:24:18.410 [pool-3-thread-2] DEBUG org.hibernate.orm.results - Extracted JDBC value [4] - [Test Task Project]
10:24:18.410 [pool-3-thread-5] DEBUG org.hibernate.orm.results.loading.org.hibernate.orm.results.loading.collection - (DelayedCollectionInitializer) Current row collection key : org.frcpm.models.Project(959674692778100).milestones#74
10:24:18.410 [pool-3-thread-5] DEBUG org.hibernate.orm.results.loading.org.hibernate.orm.results.loading.collection - (DelayedCollectionInitializer) Current row collection key : org.frcpm.models.Project(959674692778100).tasks#74
10:24:18.411 [pool-3-thread-5] DEBUG org.hibernate.orm.results.loading.entity - (EntityResultInitializer) Created new entity instance [org.frcpm.models.Project(959674692778100)#74] : 2116420770
10:24:18.411 [pool-3-thread-2] DEBUG org.hibernate.orm.results - Extracted JDBC value [5] - [2025-04-25]
10:24:18.411 [pool-3-thread-5] DEBUG org.hibernate.orm.results - Extracted JDBC value [1] - [null]
10:24:18.411 [pool-3-thread-2] DEBUG org.hibernate.orm.results.loading.entity - (EntityResultInitializer) Done materializing entityInstance : org.frcpm.models.Project(959674692981900)#73
10:24:18.411 [pool-3-thread-5] DEBUG org.hibernate.orm.results - Extracted JDBC value [2] - [2025-06-06]
10:24:18.411 [pool-3-thread-2] DEBUG org.hibernate.orm.results.loading - Calling top-level assembler (0 / 1) : org.hibernate.sql.results.graph.entity.internal.EntityAssembler@647b4f7
10:24:18.411 [pool-3-thread-5] DEBUG org.hibernate.orm.results - Extracted JDBC value [3] - [2025-06-20]
10:24:18.411 [pool-3-thread-5] DEBUG org.hibernate.orm.results - Extracted JDBC value [4] - [Test Task Project]
10:24:18.411 [pool-3-thread-5] DEBUG org.hibernate.orm.results - Extracted JDBC value [5] - [2025-04-25]
10:24:18.411 [pool-3-thread-2] DEBUG org.hibernate.orm.results - Extracted JDBC value [0] - [74]
10:24:18.411 [pool-3-thread-2] DEBUG org.hibernate.orm.results.loading.entity - (EntityResultInitializer) Hydrated EntityKey (org.frcpm.models.Project(959674692981900)): 74
10:24:18.411 [pool-3-thread-2] DEBUG org.hibernate.orm.results.loading.org.hibernate.orm.results.loading.collection - (DelayedCollectionInitializer) Current row collection key : org.frcpm.models.Project(959674692981900).meetings#74
10:24:18.411 [pool-3-thread-5] DEBUG org.hibernate.orm.results.loading.entity - (EntityResultInitializer) Done materializing entityInstance : org.frcpm.models.Project(959674692778100)#74
10:24:18.411 [pool-3-thread-2] DEBUG org.hibernate.orm.results.loading.org.hibernate.orm.results.loading.collection - (DelayedCollectionInitializer) Current row collection key : org.frcpm.models.Project(959674692981900).milestones#74
10:24:18.411 [pool-3-thread-5] DEBUG org.hibernate.orm.results.loading - Calling top-level assembler (0 / 1) : org.hibernate.sql.results.graph.entity.internal.EntityAssembler@1188091a
10:24:18.411 [pool-3-thread-2] DEBUG org.hibernate.orm.results.loading.org.hibernate.orm.results.loading.collection - (DelayedCollectionInitializer) Current row collection key : org.frcpm.models.Project(959674692981900).tasks#74
10:24:18.411 [pool-3-thread-5] DEBUG org.hibernate.orm.results - Extracted JDBC value [0] - [75]
10:24:18.411 [pool-3-thread-5] DEBUG org.hibernate.orm.results.loading.entity - (EntityResultInitializer) Hydrated EntityKey (org.frcpm.models.Project(959674692778100)): 75
10:24:18.411 [pool-3-thread-2] DEBUG org.hibernate.orm.results.loading.entity - (EntityResultInitializer) Created new entity instance [org.frcpm.models.Project(959674692981900)#74] : 404162220
10:24:18.411 [pool-3-thread-5] DEBUG org.hibernate.orm.results.loading.org.hibernate.orm.results.loading.collection - (DelayedCollectionInitializer) Current row collection key : org.frcpm.models.Project(959674692778100).meetings#75
10:24:18.411 [pool-3-thread-5] DEBUG org.hibernate.orm.results.loading.org.hibernate.orm.results.loading.collection - (DelayedCollectionInitializer) Current row collection key : org.frcpm.models.Project(959674692778100).milestones#75
10:24:18.411 [pool-3-thread-5] DEBUG org.hibernate.orm.results.loading.org.hibernate.orm.results.loading.collection - (DelayedCollectionInitializer) Current row collection key : org.frcpm.models.Project(959674692778100).tasks#75
10:24:18.411 [pool-3-thread-2] DEBUG org.hibernate.orm.results - Extracted JDBC value [1] - [null]
10:24:18.411 [pool-3-thread-5] DEBUG org.hibernate.orm.results.loading.entity - (EntityResultInitializer) Created new entity instance [org.frcpm.models.Project(959674692778100)#75] : 426022700
10:24:18.411 [pool-3-thread-2] DEBUG org.hibernate.orm.results - Extracted JDBC value [2] - [2025-06-06]
10:24:18.411 [pool-3-thread-5] DEBUG org.hibernate.orm.results - Extracted JDBC value [1] - [null]
10:24:18.411 [pool-3-thread-2] DEBUG org.hibernate.orm.results - Extracted JDBC value [3] - [2025-06-20]
10:24:18.411 [pool-3-thread-2] DEBUG org.hibernate.orm.results - Extracted JDBC value [4] - [Test Task Project]
10:24:18.411 [pool-3-thread-5] DEBUG org.hibernate.orm.results - Extracted JDBC value [2] - [2025-06-06]
10:24:18.411 [pool-3-thread-2] DEBUG org.hibernate.orm.results - Extracted JDBC value [5] - [2025-04-25]
10:24:18.411 [pool-3-thread-5] DEBUG org.hibernate.orm.results - Extracted JDBC value [3] - [2025-06-20]
10:24:18.411 [pool-3-thread-5] DEBUG org.hibernate.orm.results - Extracted JDBC value [4] - [Test Task Project]
10:24:18.411 [pool-3-thread-2] DEBUG org.hibernate.orm.results.loading.entity - (EntityResultInitializer) Done materializing entityInstance : org.frcpm.models.Project(959674692981900)#74
10:24:18.411 [pool-3-thread-2] DEBUG org.hibernate.orm.results.loading - Calling top-level assembler (0 / 1) : org.hibernate.sql.results.graph.entity.internal.EntityAssembler@647b4f7
10:24:18.411 [pool-3-thread-2] DEBUG org.hibernate.orm.results - Extracted JDBC value [0] - [75]
10:24:18.411 [pool-3-thread-2] DEBUG org.hibernate.orm.results.loading.entity - (EntityResultInitializer) Hydrated EntityKey (org.frcpm.models.Project(959674692981900)): 75
10:24:18.411 [pool-3-thread-2] DEBUG org.hibernate.orm.results.loading.org.hibernate.orm.results.loading.collection - (DelayedCollectionInitializer) Current row collection key : org.frcpm.models.Project(959674692981900).meetings#75
10:24:18.411 [pool-3-thread-2] DEBUG org.hibernate.orm.results.loading.org.hibernate.orm.results.loading.collection - (DelayedCollectionInitializer) Current row collection key : org.frcpm.models.Project(959674692981900).milestones#75
10:24:18.411 [pool-3-thread-2] DEBUG org.hibernate.orm.results.loading.org.hibernate.orm.results.loading.collection - (DelayedCollectionInitializer) Current row collection key : org.frcpm.models.Project(959674692981900).tasks#75
10:24:18.412 [pool-3-thread-2] DEBUG org.hibernate.orm.results.loading.entity - (EntityResultInitializer) Created new entity instance [org.frcpm.models.Project(959674692981900)#75] : 2050062105
10:24:18.412 [pool-3-thread-5] DEBUG org.hibernate.orm.results - Extracted JDBC value [5] - [2025-04-25]
10:24:18.412 [pool-3-thread-2] DEBUG org.hibernate.orm.results - Extracted JDBC value [1] - [null]
10:24:18.412 [pool-3-thread-2] DEBUG org.hibernate.orm.results - Extracted JDBC value [2] - [2025-06-06]
10:24:18.412 [pool-3-thread-2] DEBUG org.hibernate.orm.results - Extracted JDBC value [3] - [2025-06-20]
10:24:18.412 [pool-3-thread-2] DEBUG org.hibernate.orm.results - Extracted JDBC value [4] - [Test Task Project]
10:24:18.412 [pool-3-thread-2] DEBUG org.hibernate.orm.results - Extracted JDBC value [5] - [2025-04-25]
10:24:18.412 [pool-3-thread-2] DEBUG org.hibernate.orm.results.loading.entity - (EntityResultInitializer) Done materializing entityInstance : org.frcpm.models.Project(959674692981900)#75
10:24:18.412 [pool-3-thread-2] DEBUG org.hibernate.orm.results.loading - Calling top-level assembler (0 / 1) : org.hibernate.sql.results.graph.entity.internal.EntityAssembler@647b4f7
10:24:18.412 [pool-3-thread-5] DEBUG org.hibernate.orm.results.loading.entity - (EntityResultInitializer) Done materializing entityInstance : org.frcpm.models.Project(959674692778100)#75
10:24:18.412 [pool-3-thread-2] DEBUG org.hibernate.orm.results - Extracted JDBC value [0] - [76]
10:24:18.412 [pool-3-thread-5] DEBUG org.hibernate.orm.results.loading - Calling top-level assembler (0 / 1) : org.hibernate.sql.results.graph.entity.internal.EntityAssembler@1188091a
10:24:18.412 [pool-3-thread-2] DEBUG org.hibernate.orm.results.loading.entity - (EntityResultInitializer) Hydrated EntityKey (org.frcpm.models.Project(959674692981900)): 76
10:24:18.412 [pool-3-thread-2] DEBUG org.hibernate.orm.results.loading.org.hibernate.orm.results.loading.collection - (DelayedCollectionInitializer) Current row collection key : org.frcpm.models.Project(959674692981900).meetings#76
10:24:18.412 [pool-3-thread-2] DEBUG org.hibernate.orm.results.loading.org.hibernate.orm.results.loading.collection - (DelayedCollectionInitializer) Current row collection key : org.frcpm.models.Project(959674692981900).milestones#76
10:24:18.412 [pool-3-thread-2] DEBUG org.hibernate.orm.results.loading.org.hibernate.orm.results.loading.collection - (DelayedCollectionInitializer) Current row collection key : org.frcpm.models.Project(959674692981900).tasks#76
10:24:18.412 [pool-3-thread-5] DEBUG org.hibernate.orm.results - Extracted JDBC value [0] - [76]
10:24:18.412 [pool-3-thread-5] DEBUG org.hibernate.orm.results.loading.entity - (EntityResultInitializer) Hydrated EntityKey (org.frcpm.models.Project(959674692778100)): 76
10:24:18.412 [pool-3-thread-5] DEBUG org.hibernate.orm.results.loading.org.hibernate.orm.results.loading.collection - (DelayedCollectionInitializer) Current row collection key : org.frcpm.models.Project(959674692778100).meetings#76
10:24:18.412 [pool-3-thread-2] DEBUG org.hibernate.orm.results.loading.entity - (EntityResultInitializer) Created new entity instance [org.frcpm.models.Project(959674692981900)#76] : 1353176972
10:24:18.412 [pool-3-thread-5] DEBUG org.hibernate.orm.results.loading.org.hibernate.orm.results.loading.collection - (DelayedCollectionInitializer) Current row collection key : org.frcpm.models.Project(959674692778100).milestones#76
10:24:18.412 [pool-3-thread-5] DEBUG org.hibernate.orm.results.loading.org.hibernate.orm.results.loading.collection - (DelayedCollectionInitializer) Current row collection key : org.frcpm.models.Project(959674692778100).tasks#76
10:24:18.412 [pool-3-thread-2] DEBUG org.hibernate.orm.results - Extracted JDBC value [1] - [null]
10:24:18.412 [pool-3-thread-5] DEBUG org.hibernate.orm.results.loading.entity - (EntityResultInitializer) Created new entity instance [org.frcpm.models.Project(959674692778100)#76] : 216792763
10:24:18.412 [pool-3-thread-2] DEBUG org.hibernate.orm.results - Extracted JDBC value [2] - [2025-06-06]
10:24:18.412 [pool-3-thread-5] DEBUG org.hibernate.orm.results - Extracted JDBC value [1] - [null]
10:24:18.412 [pool-3-thread-5] DEBUG org.hibernate.orm.results - Extracted JDBC value [2] - [2025-06-06]
10:24:18.412 [pool-3-thread-5] DEBUG org.hibernate.orm.results - Extracted JDBC value [3] - [2025-06-20]
10:24:18.412 [pool-3-thread-5] DEBUG org.hibernate.orm.results - Extracted JDBC value [4] - [Test Task Project]
10:24:18.412 [pool-3-thread-5] DEBUG org.hibernate.orm.results - Extracted JDBC value [5] - [2025-04-25]
10:24:18.412 [pool-3-thread-5] DEBUG org.hibernate.orm.results.loading.entity - (EntityResultInitializer) Done materializing entityInstance : org.frcpm.models.Project(959674692778100)#76
10:24:18.412 [pool-3-thread-5] DEBUG org.hibernate.orm.results.loading - Calling top-level assembler (0 / 1) : org.hibernate.sql.results.graph.entity.internal.EntityAssembler@1188091a
10:24:18.412 [pool-3-thread-2] DEBUG org.hibernate.orm.results - Extracted JDBC value [3] - [2025-06-20]
10:24:18.412 [pool-3-thread-5] DEBUG org.hibernate.orm.results - Extracted JDBC value [0] - [77]
10:24:18.412 [pool-3-thread-5] DEBUG org.hibernate.orm.results.loading.entity - (EntityResultInitializer) Hydrated EntityKey (org.frcpm.models.Project(959674692778100)): 77
10:24:18.412 [pool-3-thread-2] DEBUG org.hibernate.orm.results - Extracted JDBC value [4] - [Test Task Project]
10:24:18.412 [pool-3-thread-5] DEBUG org.hibernate.orm.results.loading.org.hibernate.orm.results.loading.collection - (DelayedCollectionInitializer) Current row collection key : org.frcpm.models.Project(959674692778100).meetings#77
10:24:18.412 [pool-3-thread-5] DEBUG org.hibernate.orm.results.loading.org.hibernate.orm.results.loading.collection - (DelayedCollectionInitializer) Current row collection key : org.frcpm.models.Project(959674692778100).milestones#77
10:24:18.412 [pool-3-thread-2] DEBUG org.hibernate.orm.results - Extracted JDBC value [5] - [2025-04-25]
10:24:18.412 [pool-3-thread-5] DEBUG org.hibernate.orm.results.loading.org.hibernate.orm.results.loading.collection - (DelayedCollectionInitializer) Current row collection key : org.frcpm.models.Project(959674692778100).tasks#77
10:24:18.412 [pool-3-thread-5] DEBUG org.hibernate.orm.results.loading.entity - (EntityResultInitializer) Created new entity instance [org.frcpm.models.Project(959674692778100)#77] : 431503151
10:24:18.412 [pool-3-thread-2] DEBUG org.hibernate.orm.results.loading.entity - (EntityResultInitializer) Done materializing entityInstance : org.frcpm.models.Project(959674692981900)#76
10:24:18.412 [pool-3-thread-5] DEBUG org.hibernate.orm.results - Extracted JDBC value [1] - [null]
10:24:18.412 [pool-3-thread-2] DEBUG org.hibernate.orm.results.loading - Calling top-level assembler (0 / 1) : org.hibernate.sql.results.graph.entity.internal.EntityAssembler@647b4f7
10:24:18.412 [pool-3-thread-5] DEBUG org.hibernate.orm.results - Extracted JDBC value [2] - [2025-06-06]
10:24:18.412 [pool-3-thread-2] DEBUG org.hibernate.orm.results - Extracted JDBC value [0] - [77]
10:24:18.412 [pool-3-thread-5] DEBUG org.hibernate.orm.results - Extracted JDBC value [3] - [2025-06-20]
10:24:18.412 [pool-3-thread-5] DEBUG org.hibernate.orm.results - Extracted JDBC value [4] - [Test Task Project]
10:24:18.412 [pool-3-thread-2] DEBUG org.hibernate.orm.results.loading.entity - (EntityResultInitializer) Hydrated EntityKey (org.frcpm.models.Project(959674692981900)): 77
10:24:18.412 [pool-3-thread-5] DEBUG org.hibernate.orm.results - Extracted JDBC value [5] - [2025-04-25]
10:24:18.412 [pool-3-thread-2] DEBUG org.hibernate.orm.results.loading.org.hibernate.orm.results.loading.collection - (DelayedCollectionInitializer) Current row collection key : org.frcpm.models.Project(959674692981900).meetings#77
10:24:18.412 [pool-3-thread-2] DEBUG org.hibernate.orm.results.loading.org.hibernate.orm.results.loading.collection - (DelayedCollectionInitializer) Current row collection key : org.frcpm.models.Project(959674692981900).milestones#77
10:24:18.412 [pool-3-thread-5] DEBUG org.hibernate.orm.results.loading.entity - (EntityResultInitializer) Done materializing entityInstance : org.frcpm.models.Project(959674692778100)#77
10:24:18.412 [pool-3-thread-2] DEBUG org.hibernate.orm.results.loading.org.hibernate.orm.results.loading.collection - (DelayedCollectionInitializer) Current row collection key : org.frcpm.models.Project(959674692981900).tasks#77
10:24:18.412 [pool-3-thread-5] DEBUG org.hibernate.orm.results.loading - Calling top-level assembler (0 / 1) : org.hibernate.sql.results.graph.entity.internal.EntityAssembler@1188091a
10:24:18.412 [pool-3-thread-5] DEBUG org.hibernate.orm.results - Extracted JDBC value [0] - [78]
10:24:18.412 [pool-3-thread-2] DEBUG org.hibernate.orm.results.loading.entity - (EntityResultInitializer) Created new entity instance [org.frcpm.models.Project(959674692981900)#77] : 2054905055
10:24:18.412 [pool-3-thread-5] DEBUG org.hibernate.orm.results.loading.entity - (EntityResultInitializer) Hydrated EntityKey (org.frcpm.models.Project(959674692778100)): 78
10:24:18.412 [pool-3-thread-2] DEBUG org.hibernate.orm.results - Extracted JDBC value [1] - [null]
10:24:18.412 [pool-3-thread-2] DEBUG org.hibernate.orm.results - Extracted JDBC value [2] - [2025-06-06]
10:24:18.412 [pool-3-thread-5] DEBUG org.hibernate.orm.results.loading.org.hibernate.orm.results.loading.collection - (DelayedCollectionInitializer) Current row collection key : org.frcpm.models.Project(959674692778100).meetings#78
10:24:18.412 [pool-3-thread-5] DEBUG org.hibernate.orm.results.loading.org.hibernate.orm.results.loading.collection - (DelayedCollectionInitializer) Current row collection key : org.frcpm.models.Project(959674692778100).milestones#78
10:24:18.412 [pool-3-thread-2] DEBUG org.hibernate.orm.results - Extracted JDBC value [3] - [2025-06-20]
10:24:18.412 [pool-3-thread-2] DEBUG org.hibernate.orm.results - Extracted JDBC value [4] - [Test Task Project]
10:24:18.412 [pool-3-thread-5] DEBUG org.hibernate.orm.results.loading.org.hibernate.orm.results.loading.collection - (DelayedCollectionInitializer) Current row collection key : org.frcpm.models.Project(959674692778100).tasks#78
10:24:18.412 [pool-3-thread-2] DEBUG org.hibernate.orm.results - Extracted JDBC value [5] - [2025-04-25]
10:24:18.412 [pool-3-thread-5] DEBUG org.hibernate.orm.results.loading.entity - (EntityResultInitializer) Created new entity instance [org.frcpm.models.Project(959674692778100)#78] : 769017928
10:24:18.412 [pool-3-thread-2] DEBUG org.hibernate.orm.results.loading.entity - (EntityResultInitializer) Done materializing entityInstance : org.frcpm.models.Project(959674692981900)#77
10:24:18.412 [pool-3-thread-5] DEBUG org.hibernate.orm.results - Extracted JDBC value [1] - [null]
10:24:18.412 [pool-3-thread-2] DEBUG org.hibernate.orm.results.loading - Calling top-level assembler (0 / 1) : org.hibernate.sql.results.graph.entity.internal.EntityAssembler@647b4f7
10:24:18.412 [pool-3-thread-5] DEBUG org.hibernate.orm.results - Extracted JDBC value [2] - [2025-06-06]
10:24:18.412 [pool-3-thread-2] DEBUG org.hibernate.orm.results - Extracted JDBC value [0] - [78]
10:24:18.412 [pool-3-thread-2] DEBUG org.hibernate.orm.results.loading.entity - (EntityResultInitializer) Hydrated EntityKey (org.frcpm.models.Project(959674692981900)): 78
10:24:18.412 [pool-3-thread-5] DEBUG org.hibernate.orm.results - Extracted JDBC value [3] - [2025-06-20]
10:24:18.412 [pool-3-thread-5] DEBUG org.hibernate.orm.results - Extracted JDBC value [4] - [Test Task Project]
10:24:18.412 [pool-3-thread-5] DEBUG org.hibernate.orm.results - Extracted JDBC value [5] - [2025-04-25]
10:24:18.412 [pool-3-thread-2] DEBUG org.hibernate.orm.results.loading.org.hibernate.orm.results.loading.collection - (DelayedCollectionInitializer) Current row collection key : org.frcpm.models.Project(959674692981900).meetings#78
10:24:18.412 [pool-3-thread-2] DEBUG org.hibernate.orm.results.loading.org.hibernate.orm.results.loading.collection - (DelayedCollectionInitializer) Current row collection key : org.frcpm.models.Project(959674692981900).milestones#78
10:24:18.412 [pool-3-thread-2] DEBUG org.hibernate.orm.results.loading.org.hibernate.orm.results.loading.collection - (DelayedCollectionInitializer) Current row collection key : org.frcpm.models.Project(959674692981900).tasks#78
10:24:18.412 [pool-3-thread-5] DEBUG org.hibernate.orm.results.loading.entity - (EntityResultInitializer) Done materializing entityInstance : org.frcpm.models.Project(959674692778100)#78
10:24:18.412 [pool-3-thread-5] DEBUG org.hibernate.orm.results.loading - Calling top-level assembler (0 / 1) : org.hibernate.sql.results.graph.entity.internal.EntityAssembler@1188091a
10:24:18.412 [pool-3-thread-2] DEBUG org.hibernate.orm.results.loading.entity - (EntityResultInitializer) Created new entity instance [org.frcpm.models.Project(959674692981900)#78] : 966211324
10:24:18.412 [pool-3-thread-5] DEBUG org.hibernate.orm.results - Extracted JDBC value [0] - [79]
10:24:18.412 [pool-3-thread-5] DEBUG org.hibernate.orm.results.loading.entity - (EntityResultInitializer) Hydrated EntityKey (org.frcpm.models.Project(959674692778100)): 79
10:24:18.412 [pool-3-thread-2] DEBUG org.hibernate.orm.results - Extracted JDBC value [1] - [null]
10:24:18.412 [pool-3-thread-5] DEBUG org.hibernate.orm.results.loading.org.hibernate.orm.results.loading.collection - (DelayedCollectionInitializer) Current row collection key : org.frcpm.models.Project(959674692778100).meetings#79
10:24:18.412 [pool-3-thread-5] DEBUG org.hibernate.orm.results.loading.org.hibernate.orm.results.loading.collection - (DelayedCollectionInitializer) Current row collection key : org.frcpm.models.Project(959674692778100).milestones#79
10:24:18.412 [pool-3-thread-2] DEBUG org.hibernate.orm.results - Extracted JDBC value [2] - [2025-06-06]
10:24:18.412 [pool-3-thread-5] DEBUG org.hibernate.orm.results.loading.org.hibernate.orm.results.loading.collection - (DelayedCollectionInitializer) Current row collection key : org.frcpm.models.Project(959674692778100).tasks#79
10:24:18.412 [pool-3-thread-2] DEBUG org.hibernate.orm.results - Extracted JDBC value [3] - [2025-06-20]
10:24:18.412 [pool-3-thread-2] DEBUG org.hibernate.orm.results - Extracted JDBC value [4] - [Test Task Project]
10:24:18.412 [pool-3-thread-5] DEBUG org.hibernate.orm.results.loading.entity - (EntityResultInitializer) Created new entity instance [org.frcpm.models.Project(959674692778100)#79] : 394814617
10:24:18.412 [pool-3-thread-2] DEBUG org.hibernate.orm.results - Extracted JDBC value [5] - [2025-04-25]
10:24:18.412 [pool-3-thread-5] DEBUG org.hibernate.orm.results - Extracted JDBC value [1] - [null]
10:24:18.412 [pool-3-thread-5] DEBUG org.hibernate.orm.results - Extracted JDBC value [2] - [2025-06-06]
10:24:18.412 [pool-3-thread-5] DEBUG org.hibernate.orm.results - Extracted JDBC value [3] - [2025-06-20]
10:24:18.412 [pool-3-thread-2] DEBUG org.hibernate.orm.results.loading.entity - (EntityResultInitializer) Done materializing entityInstance : org.frcpm.models.Project(959674692981900)#78
10:24:18.412 [pool-3-thread-5] DEBUG org.hibernate.orm.results - Extracted JDBC value [4] - [Test Task Project]
10:24:18.412 [pool-3-thread-5] DEBUG org.hibernate.orm.results - Extracted JDBC value [5] - [2025-04-25]
10:24:18.412 [pool-3-thread-5] DEBUG org.hibernate.orm.results.loading.entity - (EntityResultInitializer) Done materializing entityInstance : org.frcpm.models.Project(959674692778100)#79
10:24:18.412 [pool-3-thread-5] DEBUG org.hibernate.orm.results.loading - Calling top-level assembler (0 / 1) : org.hibernate.sql.results.graph.entity.internal.EntityAssembler@1188091a
10:24:18.412 [pool-3-thread-2] DEBUG org.hibernate.orm.results.loading - Calling top-level assembler (0 / 1) : org.hibernate.sql.results.graph.entity.internal.EntityAssembler@647b4f7
10:24:18.412 [pool-3-thread-5] DEBUG org.hibernate.orm.results - Extracted JDBC value [0] - [80]
10:24:18.412 [pool-3-thread-2] DEBUG org.hibernate.orm.results - Extracted JDBC value [0] - [79]
10:24:18.412 [pool-3-thread-5] DEBUG org.hibernate.orm.results.loading.entity - (EntityResultInitializer) Hydrated EntityKey (org.frcpm.models.Project(959674692778100)): 80
10:24:18.412 [pool-3-thread-2] DEBUG org.hibernate.orm.results.loading.entity - (EntityResultInitializer) Hydrated EntityKey (org.frcpm.models.Project(959674692981900)): 79
10:24:18.412 [pool-3-thread-5] DEBUG org.hibernate.orm.results.loading.org.hibernate.orm.results.loading.collection - (DelayedCollectionInitializer) Current row collection key : org.frcpm.models.Project(959674692778100).meetings#80
10:24:18.412 [pool-3-thread-2] DEBUG org.hibernate.orm.results.loading.org.hibernate.orm.results.loading.collection - (DelayedCollectionInitializer) Current row collection key : org.frcpm.models.Project(959674692981900).meetings#79
10:24:18.412 [pool-3-thread-5] DEBUG org.hibernate.orm.results.loading.org.hibernate.orm.results.loading.collection - (DelayedCollectionInitializer) Current row collection key : org.frcpm.models.Project(959674692778100).milestones#80
10:24:18.412 [pool-3-thread-2] DEBUG org.hibernate.orm.results.loading.org.hibernate.orm.results.loading.collection - (DelayedCollectionInitializer) Current row collection key : org.frcpm.models.Project(959674692981900).milestones#79
10:24:18.412 [pool-3-thread-5] DEBUG org.hibernate.orm.results.loading.org.hibernate.orm.results.loading.collection - (DelayedCollectionInitializer) Current row collection key : org.frcpm.models.Project(959674692778100).tasks#80
10:24:18.412 [pool-3-thread-2] DEBUG org.hibernate.orm.results.loading.org.hibernate.orm.results.loading.collection - (DelayedCollectionInitializer) Current row collection key : org.frcpm.models.Project(959674692981900).tasks#79
10:24:18.412 [pool-3-thread-2] DEBUG org.hibernate.orm.results.loading.entity - (EntityResultInitializer) Created new entity instance [org.frcpm.models.Project(959674692981900)#79] : 1156873085
10:24:18.412 [pool-3-thread-5] DEBUG org.hibernate.orm.results.loading.entity - (EntityResultInitializer) Created new entity instance [org.frcpm.models.Project(959674692778100)#80] : 750519583
10:24:18.413 [pool-3-thread-2] DEBUG org.hibernate.orm.results - Extracted JDBC value [1] - [null]
10:24:18.413 [pool-3-thread-5] DEBUG org.hibernate.orm.results - Extracted JDBC value [1] - [null]
10:24:18.413 [pool-3-thread-5] DEBUG org.hibernate.orm.results - Extracted JDBC value [2] - [2025-06-06]
10:24:18.413 [pool-3-thread-2] DEBUG org.hibernate.orm.results - Extracted JDBC value [2] - [2025-06-06]
10:24:18.413 [pool-3-thread-5] DEBUG org.hibernate.orm.results - Extracted JDBC value [3] - [2025-06-20]
10:24:18.413 [pool-3-thread-2] DEBUG org.hibernate.orm.results - Extracted JDBC value [3] - [2025-06-20]
10:24:18.413 [pool-3-thread-5] DEBUG org.hibernate.orm.results - Extracted JDBC value [4] - [Test Task Project]
10:24:18.413 [pool-3-thread-2] DEBUG org.hibernate.orm.results - Extracted JDBC value [4] - [Test Task Project]
10:24:18.413 [pool-3-thread-5] DEBUG org.hibernate.orm.results - Extracted JDBC value [5] - [2025-04-25]
10:24:18.413 [pool-3-thread-2] DEBUG org.hibernate.orm.results - Extracted JDBC value [5] - [2025-04-25]
10:24:18.413 [pool-3-thread-2] DEBUG org.hibernate.orm.results.loading.entity - (EntityResultInitializer) Done materializing entityInstance : org.frcpm.models.Project(959674692981900)#79
10:24:18.413 [pool-3-thread-5] DEBUG org.hibernate.orm.results.loading.entity - (EntityResultInitializer) Done materializing entityInstance : org.frcpm.models.Project(959674692778100)#80
10:24:18.413 [pool-3-thread-2] DEBUG org.hibernate.orm.results.loading - Calling top-level assembler (0 / 1) : org.hibernate.sql.results.graph.entity.internal.EntityAssembler@647b4f7
10:24:18.413 [pool-3-thread-5] DEBUG org.hibernate.orm.results.loading - Calling top-level assembler (0 / 1) : org.hibernate.sql.results.graph.entity.internal.EntityAssembler@1188091a
10:24:18.413 [pool-3-thread-2] DEBUG org.hibernate.orm.results - Extracted JDBC value [0] - [80]
10:24:18.413 [pool-3-thread-5] DEBUG org.hibernate.orm.results - Extracted JDBC value [0] - [81]
10:24:18.413 [pool-3-thread-2] DEBUG org.hibernate.orm.results.loading.entity - (EntityResultInitializer) Hydrated EntityKey (org.frcpm.models.Project(959674692981900)): 80
10:24:18.413 [pool-3-thread-5] DEBUG org.hibernate.orm.results.loading.entity - (EntityResultInitializer) Hydrated EntityKey (org.frcpm.models.Project(959674692778100)): 81
10:24:18.413 [pool-3-thread-2] DEBUG org.hibernate.orm.results.loading.org.hibernate.orm.results.loading.collection - (DelayedCollectionInitializer) Current row collection key : org.frcpm.models.Project(959674692981900).meetings#80
10:24:18.413 [pool-3-thread-5] DEBUG org.hibernate.orm.results.loading.org.hibernate.orm.results.loading.collection - (DelayedCollectionInitializer) Current row collection key : org.frcpm.models.Project(959674692778100).meetings#81
10:24:18.413 [pool-3-thread-2] DEBUG org.hibernate.orm.results.loading.org.hibernate.orm.results.loading.collection - (DelayedCollectionInitializer) Current row collection key : org.frcpm.models.Project(959674692981900).milestones#80
10:24:18.413 [pool-3-thread-5] DEBUG org.hibernate.orm.results.loading.org.hibernate.orm.results.loading.collection - (DelayedCollectionInitializer) Current row collection key : org.frcpm.models.Project(959674692778100).milestones#81
10:24:18.413 [pool-3-thread-2] DEBUG org.hibernate.orm.results.loading.org.hibernate.orm.results.loading.collection - (DelayedCollectionInitializer) Current row collection key : org.frcpm.models.Project(959674692981900).tasks#80
10:24:18.413 [pool-3-thread-5] DEBUG org.hibernate.orm.results.loading.org.hibernate.orm.results.loading.collection - (DelayedCollectionInitializer) Current row collection key : org.frcpm.models.Project(959674692778100).tasks#81
10:24:18.413 [pool-3-thread-2] DEBUG org.hibernate.orm.results.loading.entity - (EntityResultInitializer) Created new entity instance [org.frcpm.models.Project(959674692981900)#80] : 1266963582
10:24:18.413 [pool-3-thread-5] DEBUG org.hibernate.orm.results.loading.entity - (EntityResultInitializer) Created new entity instance [org.frcpm.models.Project(959674692778100)#81] : 1709150597
10:24:18.413 [pool-3-thread-2] DEBUG org.hibernate.orm.results - Extracted JDBC value [1] - [null]
10:24:18.413 [pool-3-thread-5] DEBUG org.hibernate.orm.results - Extracted JDBC value [1] - [null]
10:24:18.413 [pool-3-thread-2] DEBUG org.hibernate.orm.results - Extracted JDBC value [2] - [2025-06-06]
10:24:18.413 [pool-3-thread-5] DEBUG org.hibernate.orm.results - Extracted JDBC value [2] - [2025-06-06]
10:24:18.413 [pool-3-thread-2] DEBUG org.hibernate.orm.results - Extracted JDBC value [3] - [2025-06-20]
10:24:18.413 [pool-3-thread-5] DEBUG org.hibernate.orm.results - Extracted JDBC value [3] - [2025-06-20]
10:24:18.413 [pool-3-thread-2] DEBUG org.hibernate.orm.results - Extracted JDBC value [4] - [Test Task Project]
10:24:18.413 [pool-3-thread-5] DEBUG org.hibernate.orm.results - Extracted JDBC value [4] - [Test Task Project]
10:24:18.413 [pool-3-thread-2] DEBUG org.hibernate.orm.results - Extracted JDBC value [5] - [2025-04-25]
10:24:18.413 [pool-3-thread-5] DEBUG org.hibernate.orm.results - Extracted JDBC value [5] - [2025-04-25]
10:24:18.413 [pool-3-thread-2] DEBUG org.hibernate.orm.results.loading.entity - (EntityResultInitializer) Done materializing entityInstance : org.frcpm.models.Project(959674692981900)#80
10:24:18.413 [pool-3-thread-5] DEBUG org.hibernate.orm.results.loading.entity - (EntityResultInitializer) Done materializing entityInstance : org.frcpm.models.Project(959674692778100)#81
10:24:18.413 [pool-3-thread-2] DEBUG org.hibernate.orm.results.loading - Calling top-level assembler (0 / 1) : org.hibernate.sql.results.graph.entity.internal.EntityAssembler@647b4f7
10:24:18.413 [pool-3-thread-5] DEBUG org.hibernate.orm.results.loading - Calling top-level assembler (0 / 1) : org.hibernate.sql.results.graph.entity.internal.EntityAssembler@1188091a
10:24:18.413 [pool-3-thread-2] DEBUG org.hibernate.orm.results - Extracted JDBC value [0] - [81]
10:24:18.413 [pool-3-thread-5] DEBUG org.hibernate.orm.results - Extracted JDBC value [0] - [82]
10:24:18.413 [pool-3-thread-2] DEBUG org.hibernate.orm.results.loading.entity - (EntityResultInitializer) Hydrated EntityKey (org.frcpm.models.Project(959674692981900)): 81
10:24:18.413 [pool-3-thread-5] DEBUG org.hibernate.orm.results.loading.entity - (EntityResultInitializer) Hydrated EntityKey (org.frcpm.models.Project(959674692778100)): 82
10:24:18.413 [pool-3-thread-2] DEBUG org.hibernate.orm.results.loading.org.hibernate.orm.results.loading.collection - (DelayedCollectionInitializer) Current row collection key : org.frcpm.models.Project(959674692981900).meetings#81
10:24:18.413 [pool-3-thread-5] DEBUG org.hibernate.orm.results.loading.org.hibernate.orm.results.loading.collection - (DelayedCollectionInitializer) Current row collection key : org.frcpm.models.Project(959674692778100).meetings#82
10:24:18.413 [pool-3-thread-2] DEBUG org.hibernate.orm.results.loading.org.hibernate.orm.results.loading.collection - (DelayedCollectionInitializer) Current row collection key : org.frcpm.models.Project(959674692981900).milestones#81
10:24:18.413 [pool-3-thread-5] DEBUG org.hibernate.orm.results.loading.org.hibernate.orm.results.loading.collection - (DelayedCollectionInitializer) Current row collection key : org.frcpm.models.Project(959674692778100).milestones#82
10:24:18.413 [pool-3-thread-2] DEBUG org.hibernate.orm.results.loading.org.hibernate.orm.results.loading.collection - (DelayedCollectionInitializer) Current row collection key : org.frcpm.models.Project(959674692981900).tasks#81
10:24:18.413 [pool-3-thread-5] DEBUG org.hibernate.orm.results.loading.org.hibernate.orm.results.loading.collection - (DelayedCollectionInitializer) Current row collection key : org.frcpm.models.Project(959674692778100).tasks#82
10:24:18.413 [pool-3-thread-5] DEBUG org.hibernate.orm.results.loading.entity - (EntityResultInitializer) Created new entity instance [org.frcpm.models.Project(959674692778100)#82] : 689686238
10:24:18.413 [pool-3-thread-2] DEBUG org.hibernate.orm.results.loading.entity - (EntityResultInitializer) Created new entity instance [org.frcpm.models.Project(959674692981900)#81] : 1237288795
10:24:18.413 [pool-3-thread-2] DEBUG org.hibernate.orm.results - Extracted JDBC value [1] - [null]
10:24:18.413 [pool-3-thread-5] DEBUG org.hibernate.orm.results - Extracted JDBC value [1] - [null]
10:24:18.413 [pool-3-thread-2] DEBUG org.hibernate.orm.results - Extracted JDBC value [2] - [2025-06-06]
10:24:18.413 [pool-3-thread-5] DEBUG org.hibernate.orm.results - Extracted JDBC value [2] - [2025-06-06]
10:24:18.413 [pool-3-thread-2] DEBUG org.hibernate.orm.results - Extracted JDBC value [3] - [2025-06-20]
10:24:18.413 [pool-3-thread-5] DEBUG org.hibernate.orm.results - Extracted JDBC value [3] - [2025-06-20]
10:24:18.413 [pool-3-thread-2] DEBUG org.hibernate.orm.results - Extracted JDBC value [4] - [Test Task Project]
10:24:18.413 [pool-3-thread-5] DEBUG org.hibernate.orm.results - Extracted JDBC value [4] - [Test Task Project]
10:24:18.413 [pool-3-thread-2] DEBUG org.hibernate.orm.results - Extracted JDBC value [5] - [2025-04-25]
10:24:18.413 [pool-3-thread-5] DEBUG org.hibernate.orm.results - Extracted JDBC value [5] - [2025-04-25]
10:24:18.413 [pool-3-thread-5] DEBUG org.hibernate.orm.results.loading.entity - (EntityResultInitializer) Done materializing entityInstance : org.frcpm.models.Project(959674692778100)#82
10:24:18.413 [pool-3-thread-2] DEBUG org.hibernate.orm.results.loading.entity - (EntityResultInitializer) Done materializing entityInstance : org.frcpm.models.Project(959674692981900)#81
10:24:18.413 [pool-3-thread-5] DEBUG org.hibernate.orm.results.loading - Calling top-level assembler (0 / 1) : org.hibernate.sql.results.graph.entity.internal.EntityAssembler@1188091a
10:24:18.413 [pool-3-thread-2] DEBUG org.hibernate.orm.results.loading - Calling top-level assembler (0 / 1) : org.hibernate.sql.results.graph.entity.internal.EntityAssembler@647b4f7
10:24:18.413 [pool-3-thread-5] DEBUG org.hibernate.orm.results - Extracted JDBC value [0] - [104]
10:24:18.413 [pool-3-thread-2] DEBUG org.hibernate.orm.results - Extracted JDBC value [0] - [82]
10:24:18.413 [pool-3-thread-5] DEBUG org.hibernate.orm.results.loading.entity - (EntityResultInitializer) Hydrated EntityKey (org.frcpm.models.Project(959674692778100)): 104
10:24:18.413 [pool-3-thread-2] DEBUG org.hibernate.orm.results.loading.entity - (EntityResultInitializer) Hydrated EntityKey (org.frcpm.models.Project(959674692981900)): 82
10:24:18.413 [pool-3-thread-5] DEBUG org.hibernate.orm.results.loading.org.hibernate.orm.results.loading.collection - (DelayedCollectionInitializer) Current row collection key : org.frcpm.models.Project(959674692778100).meetings#104
10:24:18.413 [pool-3-thread-2] DEBUG org.hibernate.orm.results.loading.org.hibernate.orm.results.loading.collection - (DelayedCollectionInitializer) Current row collection key : org.frcpm.models.Project(959674692981900).meetings#82
10:24:18.413 [pool-3-thread-5] DEBUG org.hibernate.orm.results.loading.org.hibernate.orm.results.loading.collection - (DelayedCollectionInitializer) Current row collection key : org.frcpm.models.Project(959674692778100).milestones#104
10:24:18.413 [pool-3-thread-2] DEBUG org.hibernate.orm.results.loading.org.hibernate.orm.results.loading.collection - (DelayedCollectionInitializer) Current row collection key : org.frcpm.models.Project(959674692981900).milestones#82
10:24:18.413 [pool-3-thread-5] DEBUG org.hibernate.orm.results.loading.org.hibernate.orm.results.loading.collection - (DelayedCollectionInitializer) Current row collection key : org.frcpm.models.Project(959674692778100).tasks#104
10:24:18.413 [pool-3-thread-2] DEBUG org.hibernate.orm.results.loading.org.hibernate.orm.results.loading.collection - (DelayedCollectionInitializer) Current row collection key : org.frcpm.models.Project(959674692981900).tasks#82
10:24:18.413 [pool-3-thread-5] DEBUG org.hibernate.orm.results.loading.entity - (EntityResultInitializer) Created new entity instance [org.frcpm.models.Project(959674692778100)#104] : 302364783
10:24:18.413 [pool-3-thread-2] DEBUG org.hibernate.orm.results.loading.entity - (EntityResultInitializer) Created new entity instance [org.frcpm.models.Project(959674692981900)#82] : 244225303
10:24:18.413 [pool-3-thread-5] DEBUG org.hibernate.orm.results - Extracted JDBC value [1] - [null]
10:24:18.413 [pool-3-thread-2] DEBUG org.hibernate.orm.results - Extracted JDBC value [1] - [null]
10:24:18.413 [pool-3-thread-5] DEBUG org.hibernate.orm.results - Extracted JDBC value [2] - [2025-06-06]
10:24:18.413 [pool-3-thread-2] DEBUG org.hibernate.orm.results - Extracted JDBC value [2] - [2025-06-06]
10:24:18.413 [pool-3-thread-5] DEBUG org.hibernate.orm.results - Extracted JDBC value [3] - [2025-06-20]
10:24:18.413 [pool-3-thread-2] DEBUG org.hibernate.orm.results - Extracted JDBC value [3] - [2025-06-20]
10:24:18.413 [pool-3-thread-2] DEBUG org.hibernate.orm.results - Extracted JDBC value [4] - [Test Task Project]
10:24:18.413 [pool-3-thread-5] DEBUG org.hibernate.orm.results - Extracted JDBC value [4] - [Component Test Project]
10:24:18.413 [pool-3-thread-2] DEBUG org.hibernate.orm.results - Extracted JDBC value [5] - [2025-04-25]
10:24:18.413 [pool-3-thread-5] DEBUG org.hibernate.orm.results - Extracted JDBC value [5] - [2025-04-25]
10:24:18.413 [pool-3-thread-5] DEBUG org.hibernate.orm.results.loading.entity - (EntityResultInitializer) Done materializing entityInstance : org.frcpm.models.Project(959674692778100)#104
10:24:18.413 [pool-3-thread-2] DEBUG org.hibernate.orm.results.loading.entity - (EntityResultInitializer) Done materializing entityInstance : org.frcpm.models.Project(959674692981900)#82
10:24:18.413 [pool-3-thread-5] DEBUG org.hibernate.orm.results.loading - Calling top-level assembler (0 / 1) : org.hibernate.sql.results.graph.entity.internal.EntityAssembler@1188091a
10:24:18.413 [pool-3-thread-2] DEBUG org.hibernate.orm.results.loading - Calling top-level assembler (0 / 1) : org.hibernate.sql.results.graph.entity.internal.EntityAssembler@647b4f7
10:24:18.413 [pool-3-thread-2] DEBUG org.hibernate.orm.results - Extracted JDBC value [0] - [104]
10:24:18.413 [pool-3-thread-2] DEBUG org.hibernate.orm.results.loading.entity - (EntityResultInitializer) Hydrated EntityKey (org.frcpm.models.Project(959674692981900)): 104
10:24:18.413 [pool-3-thread-2] DEBUG org.hibernate.orm.results.loading.org.hibernate.orm.results.loading.collection - (DelayedCollectionInitializer) Current row collection key : org.frcpm.models.Project(959674692981900).meetings#104
10:24:18.413 [pool-3-thread-5] DEBUG org.hibernate.orm.results - Extracted JDBC value [0] - [135]
10:24:18.413 [pool-3-thread-2] DEBUG org.hibernate.orm.results.loading.org.hibernate.orm.results.loading.collection - (DelayedCollectionInitializer) Current row collection key : org.frcpm.models.Project(959674692981900).milestones#104
10:24:18.413 [pool-3-thread-5] DEBUG org.hibernate.orm.results.loading.entity - (EntityResultInitializer) Hydrated EntityKey (org.frcpm.models.Project(959674692778100)): 135
10:24:18.413 [pool-3-thread-2] DEBUG org.hibernate.orm.results.loading.org.hibernate.orm.results.loading.collection - (DelayedCollectionInitializer) Current row collection key : org.frcpm.models.Project(959674692981900).tasks#104
10:24:18.413 [pool-3-thread-5] DEBUG org.hibernate.orm.results.loading.org.hibernate.orm.results.loading.collection - (DelayedCollectionInitializer) Current row collection key : org.frcpm.models.Project(959674692778100).meetings#135
10:24:18.413 [pool-3-thread-5] DEBUG org.hibernate.orm.results.loading.org.hibernate.orm.results.loading.collection - (DelayedCollectionInitializer) Current row collection key : org.frcpm.models.Project(959674692778100).milestones#135
10:24:18.413 [pool-3-thread-2] DEBUG org.hibernate.orm.results.loading.entity - (EntityResultInitializer) Created new entity instance [org.frcpm.models.Project(959674692981900)#104] : 430665577
10:24:18.413 [pool-3-thread-5] DEBUG org.hibernate.orm.results.loading.org.hibernate.orm.results.loading.collection - (DelayedCollectionInitializer) Current row collection key : org.frcpm.models.Project(959674692778100).tasks#135
10:24:18.413 [pool-3-thread-5] DEBUG org.hibernate.orm.results.loading.entity - (EntityResultInitializer) Created new entity instance [org.frcpm.models.Project(959674692778100)#135] : 747823541
10:24:18.413 [pool-3-thread-2] DEBUG org.hibernate.orm.results - Extracted JDBC value [1] - [null]
10:24:18.413 [pool-3-thread-5] DEBUG org.hibernate.orm.results - Extracted JDBC value [1] - [null]
10:24:18.413 [pool-3-thread-2] DEBUG org.hibernate.orm.results - Extracted JDBC value [2] - [2025-06-06]
10:24:18.413 [pool-3-thread-5] DEBUG org.hibernate.orm.results - Extracted JDBC value [2] - [2025-05-23]
10:24:18.413 [pool-3-thread-2] DEBUG org.hibernate.orm.results - Extracted JDBC value [3] - [2025-06-20]
10:24:18.413 [pool-3-thread-5] DEBUG org.hibernate.orm.results - Extracted JDBC value [3] - [2025-06-06]
10:24:18.413 [pool-3-thread-2] DEBUG org.hibernate.orm.results - Extracted JDBC value [4] - [Component Test Project]
10:24:18.413 [pool-3-thread-5] DEBUG org.hibernate.orm.results - Extracted JDBC value [4] - [Test Create Service Project]
10:24:18.413 [pool-3-thread-2] DEBUG org.hibernate.orm.results - Extracted JDBC value [5] - [2025-04-25]
10:24:18.413 [pool-3-thread-5] DEBUG org.hibernate.orm.results - Extracted JDBC value [5] - [2025-04-25]
10:24:18.413 [pool-3-thread-2] DEBUG org.hibernate.orm.results.loading.entity - (EntityResultInitializer) Done materializing entityInstance : org.frcpm.models.Project(959674692981900)#104
10:24:18.413 [pool-3-thread-2] DEBUG org.hibernate.orm.results.loading - Calling top-level assembler (0 / 1) : org.hibernate.sql.results.graph.entity.internal.EntityAssembler@647b4f7
10:24:18.413 [pool-3-thread-2] DEBUG org.hibernate.orm.results - Extracted JDBC value [0] - [135]
10:24:18.413 [pool-3-thread-2] DEBUG org.hibernate.orm.results.loading.entity - (EntityResultInitializer) Hydrated EntityKey (org.frcpm.models.Project(959674692981900)): 135
10:24:18.413 [pool-3-thread-2] DEBUG org.hibernate.orm.results.loading.org.hibernate.orm.results.loading.collection - (DelayedCollectionInitializer) Current row collection key : org.frcpm.models.Project(959674692981900).meetings#135
10:24:18.413 [pool-3-thread-2] DEBUG org.hibernate.orm.results.loading.org.hibernate.orm.results.loading.collection - (DelayedCollectionInitializer) Current row collection key : org.frcpm.models.Project(959674692981900).milestones#135
10:24:18.413 [pool-3-thread-2] DEBUG org.hibernate.orm.results.loading.org.hibernate.orm.results.loading.collection - (DelayedCollectionInitializer) Current row collection key : org.frcpm.models.Project(959674692981900).tasks#135
10:24:18.413 [pool-3-thread-2] DEBUG org.hibernate.orm.results.loading.entity - (EntityResultInitializer) Created new entity instance [org.frcpm.models.Project(959674692981900)#135] : 85822649
10:24:18.413 [pool-3-thread-2] DEBUG org.hibernate.orm.results - Extracted JDBC value [1] - [null]
10:24:18.413 [pool-3-thread-2] DEBUG org.hibernate.orm.results - Extracted JDBC value [2] - [2025-05-23]
10:24:18.413 [pool-3-thread-2] DEBUG org.hibernate.orm.results - Extracted JDBC value [3] - [2025-06-06]
10:24:18.413 [pool-3-thread-2] DEBUG org.hibernate.orm.results - Extracted JDBC value [4] - [Test Create Service Project]
10:24:18.413 [pool-3-thread-2] DEBUG org.hibernate.orm.results - Extracted JDBC value [5] - [2025-04-25]
10:24:18.413 [pool-3-thread-2] DEBUG org.hibernate.orm.results.loading.entity - (EntityResultInitializer) Done materializing entityInstance : org.frcpm.models.Project(959674692981900)#135
10:24:18.413 [pool-3-thread-2] DEBUG org.hibernate.orm.results.loading - Calling top-level assembler (0 / 1) : org.hibernate.sql.results.graph.entity.internal.EntityAssembler@647b4f7
10:24:18.413 [pool-3-thread-2] DEBUG org.hibernate.orm.results - Extracted JDBC value [0] - [142]
10:24:18.413 [pool-3-thread-5] DEBUG org.hibernate.orm.results.loading.entity - (EntityResultInitializer) Done materializing entityInstance : org.frcpm.models.Project(959674692778100)#135
10:24:18.413 [pool-3-thread-2] DEBUG org.hibernate.orm.results.loading.entity - (EntityResultInitializer) Hydrated EntityKey (org.frcpm.models.Project(959674692981900)): 142
10:24:18.413 [pool-3-thread-2] DEBUG org.hibernate.orm.results.loading.org.hibernate.orm.results.loading.collection - (DelayedCollectionInitializer) Current row collection key : org.frcpm.models.Project(959674692981900).meetings#142
10:24:18.413 [pool-3-thread-5] DEBUG org.hibernate.orm.results.loading - Calling top-level assembler (0 / 1) : org.hibernate.sql.results.graph.entity.internal.EntityAssembler@1188091a
10:24:18.413 [pool-3-thread-2] DEBUG org.hibernate.orm.results.loading.org.hibernate.orm.results.loading.collection - (DelayedCollectionInitializer) Current row collection key : org.frcpm.models.Project(959674692981900).milestones#142
10:24:18.413 [pool-3-thread-2] DEBUG org.hibernate.orm.results.loading.org.hibernate.orm.results.loading.collection - (DelayedCollectionInitializer) Current row collection key : org.frcpm.models.Project(959674692981900).tasks#142
10:24:18.413 [pool-3-thread-5] DEBUG org.hibernate.orm.results - Extracted JDBC value [0] - [142]
10:24:18.413 [pool-3-thread-2] DEBUG org.hibernate.orm.results.loading.entity - (EntityResultInitializer) Created new entity instance [org.frcpm.models.Project(959674692981900)#142] : 1277579778
10:24:18.413 [pool-3-thread-5] DEBUG org.hibernate.orm.results.loading.entity - (EntityResultInitializer) Hydrated EntityKey (org.frcpm.models.Project(959674692778100)): 142
10:24:18.413 [pool-3-thread-5] DEBUG org.hibernate.orm.results.loading.org.hibernate.orm.results.loading.collection - (DelayedCollectionInitializer) Current row collection key : org.frcpm.models.Project(959674692778100).meetings#142
10:24:18.413 [pool-3-thread-2] DEBUG org.hibernate.orm.results - Extracted JDBC value [1] - [Updated description]
10:24:18.413 [pool-3-thread-5] DEBUG org.hibernate.orm.results.loading.org.hibernate.orm.results.loading.collection - (DelayedCollectionInitializer) Current row collection key : org.frcpm.models.Project(959674692778100).milestones#142
10:24:18.413 [pool-3-thread-5] DEBUG org.hibernate.orm.results.loading.org.hibernate.orm.results.loading.collection - (DelayedCollectionInitializer) Current row collection key : org.frcpm.models.Project(959674692778100).tasks#142
10:24:18.413 [pool-3-thread-2] DEBUG org.hibernate.orm.results - Extracted JDBC value [2] - [2025-05-23]
10:24:18.413 [pool-3-thread-5] DEBUG org.hibernate.orm.results.loading.entity - (EntityResultInitializer) Created new entity instance [org.frcpm.models.Project(959674692778100)#142] : 1591663993
10:24:18.413 [pool-3-thread-2] DEBUG org.hibernate.orm.results - Extracted JDBC value [3] - [2025-06-06]
10:24:18.413 [pool-3-thread-2] DEBUG org.hibernate.orm.results - Extracted JDBC value [4] - [Updated Service Project Name]
10:24:18.413 [pool-3-thread-2] DEBUG org.hibernate.orm.results - Extracted JDBC value [5] - [2025-04-25]
10:24:18.413 [pool-3-thread-5] DEBUG org.hibernate.orm.results - Extracted JDBC value [1] - [Updated description]
10:24:18.413 [pool-3-thread-5] DEBUG org.hibernate.orm.results - Extracted JDBC value [2] - [2025-05-23]
10:24:18.413 [pool-3-thread-5] DEBUG org.hibernate.orm.results - Extracted JDBC value [3] - [2025-06-06]
10:24:18.413 [pool-3-thread-5] DEBUG org.hibernate.orm.results - Extracted JDBC value [4] - [Updated Service Project Name]
10:24:18.413 [pool-3-thread-2] DEBUG org.hibernate.orm.results.loading.entity - (EntityResultInitializer) Done materializing entityInstance : org.frcpm.models.Project(959674692981900)#142
10:24:18.413 [pool-3-thread-5] DEBUG org.hibernate.orm.results - Extracted JDBC value [5] - [2025-04-25]
10:24:18.413 [pool-3-thread-2] DEBUG org.hibernate.orm.results.loading - Calling top-level assembler (0 / 1) : org.hibernate.sql.results.graph.entity.internal.EntityAssembler@647b4f7
10:24:18.413 [pool-3-thread-5] DEBUG org.hibernate.orm.results.loading.entity - (EntityResultInitializer) Done materializing entityInstance : org.frcpm.models.Project(959674692778100)#142
10:24:18.413 [pool-3-thread-2] DEBUG org.hibernate.orm.results - Extracted JDBC value [0] - [148]
10:24:18.413 [pool-3-thread-2] DEBUG org.hibernate.orm.results.loading.entity - (EntityResultInitializer) Hydrated EntityKey (org.frcpm.models.Project(959674692981900)): 148
10:24:18.413 [pool-3-thread-5] DEBUG org.hibernate.orm.results.loading - Calling top-level assembler (0 / 1) : org.hibernate.sql.results.graph.entity.internal.EntityAssembler@1188091a
10:24:18.413 [pool-3-thread-2] DEBUG org.hibernate.orm.results.loading.org.hibernate.orm.results.loading.collection - (DelayedCollectionInitializer) Current row collection key : org.frcpm.models.Project(959674692981900).meetings#148
10:24:18.413 [pool-3-thread-2] DEBUG org.hibernate.orm.results.loading.org.hibernate.orm.results.loading.collection - (DelayedCollectionInitializer) Current row collection key : org.frcpm.models.Project(959674692981900).milestones#148
10:24:18.413 [pool-3-thread-2] DEBUG org.hibernate.orm.results.loading.org.hibernate.orm.results.loading.collection - (DelayedCollectionInitializer) Current row collection key : org.frcpm.models.Project(959674692981900).tasks#148
10:24:18.413 [pool-3-thread-5] DEBUG org.hibernate.orm.results - Extracted JDBC value [0] - [148]
10:24:18.413 [pool-3-thread-5] DEBUG org.hibernate.orm.results.loading.entity - (EntityResultInitializer) Hydrated EntityKey (org.frcpm.models.Project(959674692778100)): 148
10:24:18.413 [pool-3-thread-2] DEBUG org.hibernate.orm.results.loading.entity - (EntityResultInitializer) Created new entity instance [org.frcpm.models.Project(959674692981900)#148] : 202827513
10:24:18.413 [pool-3-thread-5] DEBUG org.hibernate.orm.results.loading.org.hibernate.orm.results.loading.collection - (DelayedCollectionInitializer) Current row collection key : org.frcpm.models.Project(959674692778100).meetings#148
10:24:18.413 [pool-3-thread-5] DEBUG org.hibernate.orm.results.loading.org.hibernate.orm.results.loading.collection - (DelayedCollectionInitializer) Current row collection key : org.frcpm.models.Project(959674692778100).milestones#148
10:24:18.413 [pool-3-thread-5] DEBUG org.hibernate.orm.results.loading.org.hibernate.orm.results.loading.collection - (DelayedCollectionInitializer) Current row collection key : org.frcpm.models.Project(959674692778100).tasks#148
10:24:18.413 [pool-3-thread-5] DEBUG org.hibernate.orm.results.loading.entity - (EntityResultInitializer) Created new entity instance [org.frcpm.models.Project(959674692778100)#148] : 183719984
10:24:18.413 [pool-3-thread-2] DEBUG org.hibernate.orm.results - Extracted JDBC value [1] - [null]
10:24:18.413 [pool-3-thread-2] DEBUG org.hibernate.orm.results - Extracted JDBC value [2] - [2025-05-23]
10:24:18.413 [pool-3-thread-5] DEBUG org.hibernate.orm.results - Extracted JDBC value [1] - [null]
10:24:18.413 [pool-3-thread-2] DEBUG org.hibernate.orm.results - Extracted JDBC value [3] - [2025-06-06]
10:24:18.413 [pool-3-thread-2] DEBUG org.hibernate.orm.results - Extracted JDBC value [4] - [Test Summary Project]
10:24:18.413 [pool-3-thread-5] DEBUG org.hibernate.orm.results - Extracted JDBC value [2] - [2025-05-23]
10:24:18.413 [pool-3-thread-2] DEBUG org.hibernate.orm.results - Extracted JDBC value [5] - [2025-04-25]
10:24:18.413 [pool-3-thread-5] DEBUG org.hibernate.orm.results - Extracted JDBC value [3] - [2025-06-06]
10:24:18.413 [pool-3-thread-5] DEBUG org.hibernate.orm.results - Extracted JDBC value [4] - [Test Summary Project]
10:24:18.413 [pool-3-thread-2] DEBUG org.hibernate.orm.results.loading.entity - (EntityResultInitializer) Done materializing entityInstance : org.frcpm.models.Project(959674692981900)#148
10:24:18.413 [pool-3-thread-5] DEBUG org.hibernate.orm.results - Extracted JDBC value [5] - [2025-04-25]
10:24:18.413 [pool-3-thread-2] DEBUG org.hibernate.orm.results.loading - Calling top-level assembler (0 / 1) : org.hibernate.sql.results.graph.entity.internal.EntityAssembler@647b4f7
10:24:18.413 [pool-3-thread-2] DEBUG org.hibernate.orm.results - Extracted JDBC value [0] - [170]
10:24:18.413 [pool-3-thread-5] DEBUG org.hibernate.orm.results.loading.entity - (EntityResultInitializer) Done materializing entityInstance : org.frcpm.models.Project(959674692778100)#148
10:24:18.413 [pool-3-thread-2] DEBUG org.hibernate.orm.results.loading.entity - (EntityResultInitializer) Hydrated EntityKey (org.frcpm.models.Project(959674692981900)): 170
10:24:18.413 [pool-3-thread-2] DEBUG org.hibernate.orm.results.loading.org.hibernate.orm.results.loading.collection - (DelayedCollectionInitializer) Current row collection key : org.frcpm.models.Project(959674692981900).meetings#170
10:24:18.413 [pool-3-thread-5] DEBUG org.hibernate.orm.results.loading - Calling top-level assembler (0 / 1) : org.hibernate.sql.results.graph.entity.internal.EntityAssembler@1188091a
10:24:18.413 [pool-3-thread-2] DEBUG org.hibernate.orm.results.loading.org.hibernate.orm.results.loading.collection - (DelayedCollectionInitializer) Current row collection key : org.frcpm.models.Project(959674692981900).milestones#170
10:24:18.413 [pool-3-thread-2] DEBUG org.hibernate.orm.results.loading.org.hibernate.orm.results.loading.collection - (DelayedCollectionInitializer) Current row collection key : org.frcpm.models.Project(959674692981900).tasks#170
10:24:18.413 [pool-3-thread-5] DEBUG org.hibernate.orm.results - Extracted JDBC value [0] - [170]
10:24:18.413 [pool-3-thread-5] DEBUG org.hibernate.orm.results.loading.entity - (EntityResultInitializer) Hydrated EntityKey (org.frcpm.models.Project(959674692778100)): 170
10:24:18.413 [pool-3-thread-2] DEBUG org.hibernate.orm.results.loading.entity - (EntityResultInitializer) Created new entity instance [org.frcpm.models.Project(959674692981900)#170] : 549229145
10:24:18.413 [pool-3-thread-5] DEBUG org.hibernate.orm.results.loading.org.hibernate.orm.results.loading.collection - (DelayedCollectionInitializer) Current row collection key : org.frcpm.models.Project(959674692778100).meetings#170
10:24:18.413 [pool-3-thread-5] DEBUG org.hibernate.orm.results.loading.org.hibernate.orm.results.loading.collection - (DelayedCollectionInitializer) Current row collection key : org.frcpm.models.Project(959674692778100).milestones#170
10:24:18.413 [pool-3-thread-2] DEBUG org.hibernate.orm.results - Extracted JDBC value [1] - [Test project for unit tests]
10:24:18.413 [pool-3-thread-5] DEBUG org.hibernate.orm.results.loading.org.hibernate.orm.results.loading.collection - (DelayedCollectionInitializer) Current row collection key : org.frcpm.models.Project(959674692778100).tasks#170
10:24:18.413 [pool-3-thread-2] DEBUG org.hibernate.orm.results - Extracted JDBC value [2] - [2025-05-23]
10:24:18.413 [pool-3-thread-5] DEBUG org.hibernate.orm.results.loading.entity - (EntityResultInitializer) Created new entity instance [org.frcpm.models.Project(959674692778100)#170] : 1637749426
10:24:18.413 [pool-3-thread-2] DEBUG org.hibernate.orm.results - Extracted JDBC value [3] - [2025-06-06]
10:24:18.413 [pool-3-thread-2] DEBUG org.hibernate.orm.results - Extracted JDBC value [4] - [Test Project 1745594658377]
10:24:18.413 [pool-3-thread-5] DEBUG org.hibernate.orm.results - Extracted JDBC value [1] - [Test project for unit tests]
10:24:18.413 [pool-3-thread-2] DEBUG org.hibernate.orm.results - Extracted JDBC value [5] - [2025-04-25]
10:24:18.413 [pool-3-thread-5] DEBUG org.hibernate.orm.results - Extracted JDBC value [2] - [2025-05-23]
10:24:18.413 [pool-3-thread-5] DEBUG org.hibernate.orm.results - Extracted JDBC value [3] - [2025-06-06]
10:24:18.413 [pool-3-thread-2] DEBUG org.hibernate.orm.results.loading.entity - (EntityResultInitializer) Done materializing entityInstance : org.frcpm.models.Project(959674692981900)#170
10:24:18.413 [pool-3-thread-5] DEBUG org.hibernate.orm.results - Extracted JDBC value [4] - [Test Project 1745594658377]
10:24:18.413 [pool-3-thread-2] DEBUG org.hibernate.orm.results.loading - Calling top-level assembler (0 / 1) : org.hibernate.sql.results.graph.entity.internal.EntityAssembler@647b4f7
10:24:18.413 [pool-3-thread-5] DEBUG org.hibernate.orm.results - Extracted JDBC value [5] - [2025-04-25]
10:24:18.413 [pool-3-thread-5] DEBUG org.hibernate.orm.results.loading.entity - (EntityResultInitializer) Done materializing entityInstance : org.frcpm.models.Project(959674692778100)#170
10:24:18.413 [pool-3-thread-5] DEBUG org.hibernate.orm.results.loading - Calling top-level assembler (0 / 1) : org.hibernate.sql.results.graph.entity.internal.EntityAssembler@1188091a
10:24:18.415 [pool-3-thread-5] DEBUG org.hibernate.resource.jdbc.internal.LogicalConnectionManagedImpl - Initiating JDBC connection release from afterTransaction
10:24:18.415 [pool-3-thread-2] DEBUG org.hibernate.resource.jdbc.internal.LogicalConnectionManagedImpl - Initiating JDBC connection release from afterTransaction
10:24:18.415 [pool-3-thread-5] DEBUG org.hibernate.resource.jdbc.internal.LogicalConnectionManagedImpl - Initiating JDBC connection release from afterTransaction
10:24:18.415 [pool-3-thread-2] DEBUG org.hibernate.resource.jdbc.internal.LogicalConnectionManagedImpl - Initiating JDBC connection release from afterTransaction
10:24:18.415 [pool-3-thread-4] DEBUG org.hibernate.orm.results - Extracted JDBC value [0] - [1]
10:24:18.415 [pool-3-thread-3] DEBUG org.hibernate.orm.results - Extracted JDBC value [0] - [1]
10:24:18.415 [pool-3-thread-4] DEBUG org.hibernate.orm.results.loading.entity - (EntityResultInitializer) Hydrated EntityKey (org.frcpm.models.Project(959674691997700)): 1
10:24:18.415 [pool-3-thread-3] DEBUG org.hibernate.orm.results.loading.entity - (EntityResultInitializer) Hydrated EntityKey (org.frcpm.models.Project(959674692102200)): 1
10:24:18.415 [pool-3-thread-3] DEBUG org.hibernate.orm.results.loading.org.hibernate.orm.results.loading.collection - (DelayedCollectionInitializer) Current row collection key : org.frcpm.models.Project(959674692102200).meetings#1
10:24:18.415 [pool-3-thread-4] DEBUG org.hibernate.orm.results.loading.org.hibernate.orm.results.loading.collection - (DelayedCollectionInitializer) Current row collection key : org.frcpm.models.Project(959674691997700).meetings#1
10:24:18.415 [pool-3-thread-3] DEBUG org.hibernate.orm.results.loading.org.hibernate.orm.results.loading.collection - (DelayedCollectionInitializer) Current row collection key : org.frcpm.models.Project(959674692102200).milestones#1
10:24:18.415 [pool-3-thread-4] DEBUG org.hibernate.orm.results.loading.org.hibernate.orm.results.loading.collection - (DelayedCollectionInitializer) Current row collection key : org.frcpm.models.Project(959674691997700).milestones#1
10:24:18.415 [pool-3-thread-3] DEBUG org.hibernate.orm.results.loading.org.hibernate.orm.results.loading.collection - (DelayedCollectionInitializer) Current row collection key : org.frcpm.models.Project(959674692102200).tasks#1
10:24:18.415 [pool-3-thread-4] DEBUG org.hibernate.orm.results.loading.org.hibernate.orm.results.loading.collection - (DelayedCollectionInitializer) Current row collection key : org.frcpm.models.Project(959674691997700).tasks#1
10:24:18.415 [pool-3-thread-4] DEBUG org.hibernate.orm.results.loading.entity - (EntityResultInitializer) Created new entity instance [org.frcpm.models.Project(959674691997700)#1] : 1652873450
10:24:18.415 [pool-3-thread-3] DEBUG org.hibernate.orm.results.loading.entity - (EntityResultInitializer) Created new entity instance [org.frcpm.models.Project(959674692102200)#1] : 258894848
10:24:18.415 [pool-3-thread-4] DEBUG org.hibernate.orm.results - Extracted JDBC value [1] - [Competition robot for the 2025 FIRST Robotics Competition]
10:24:18.415 [pool-3-thread-3] DEBUG org.hibernate.orm.results - Extracted JDBC value [1] - [Competition robot for the 2025 FIRST Robotics Competition]
10:24:18.415 [pool-3-thread-4] DEBUG org.hibernate.orm.results - Extracted JDBC value [2] - [2025-06-12]
10:24:18.415 [pool-3-thread-3] DEBUG org.hibernate.orm.results - Extracted JDBC value [2] - [2025-06-12]
10:24:18.416 [pool-3-thread-4] DEBUG org.hibernate.orm.results - Extracted JDBC value [3] - [2025-06-26]
10:24:18.416 [pool-3-thread-4] DEBUG org.hibernate.orm.results - Extracted JDBC value [4] - [FRC 2025 Robot]
10:24:18.416 [pool-3-thread-4] DEBUG org.hibernate.orm.results - Extracted JDBC value [5] - [2025-05-01]
10:24:18.416 [pool-3-thread-3] DEBUG org.hibernate.orm.results - Extracted JDBC value [3] - [2025-06-26]
10:24:18.416 [pool-3-thread-3] DEBUG org.hibernate.orm.results - Extracted JDBC value [4] - [FRC 2025 Robot]
10:24:18.416 [pool-3-thread-3] DEBUG org.hibernate.orm.results - Extracted JDBC value [5] - [2025-05-01]
10:24:18.416 [pool-3-thread-3] DEBUG org.hibernate.orm.results.loading.entity - (EntityResultInitializer) Done materializing entityInstance : org.frcpm.models.Project(959674692102200)#1
10:24:18.416 [pool-3-thread-4] DEBUG org.hibernate.orm.results.loading.entity - (EntityResultInitializer) Done materializing entityInstance : org.frcpm.models.Project(959674691997700)#1
10:24:18.416 [pool-3-thread-4] DEBUG org.hibernate.orm.results.loading - Calling top-level assembler (0 / 1) : org.hibernate.sql.results.graph.entity.internal.EntityAssembler@23575331
10:24:18.416 [pool-3-thread-3] DEBUG org.hibernate.orm.results.loading - Calling top-level assembler (0 / 1) : org.hibernate.sql.results.graph.entity.internal.EntityAssembler@4e599940
10:24:18.416 [pool-3-thread-4] DEBUG org.hibernate.orm.results - Extracted JDBC value [0] - [51]
10:24:18.416 [pool-3-thread-3] DEBUG org.hibernate.orm.results - Extracted JDBC value [0] - [51]
10:24:18.416 [pool-3-thread-4] DEBUG org.hibernate.orm.results.loading.entity - (EntityResultInitializer) Hydrated EntityKey (org.frcpm.models.Project(959674691997700)): 51
10:24:18.416 [pool-3-thread-3] DEBUG org.hibernate.orm.results.loading.entity - (EntityResultInitializer) Hydrated EntityKey (org.frcpm.models.Project(959674692102200)): 51
10:24:18.416 [pool-3-thread-4] DEBUG org.hibernate.orm.results.loading.org.hibernate.orm.results.loading.collection - (DelayedCollectionInitializer) Current row collection key : org.frcpm.models.Project(959674691997700).meetings#51
10:24:18.416 [pool-3-thread-3] DEBUG org.hibernate.orm.results.loading.org.hibernate.orm.results.loading.collection - (DelayedCollectionInitializer) Current row collection key : org.frcpm.models.Project(959674692102200).meetings#51
10:24:18.416 [pool-3-thread-4] DEBUG org.hibernate.orm.results.loading.org.hibernate.orm.results.loading.collection - (DelayedCollectionInitializer) Current row collection key : org.frcpm.models.Project(959674691997700).milestones#51
10:24:18.416 [pool-3-thread-3] DEBUG org.hibernate.orm.results.loading.org.hibernate.orm.results.loading.collection - (DelayedCollectionInitializer) Current row collection key : org.frcpm.models.Project(959674692102200).milestones#51
10:24:18.416 [pool-3-thread-4] DEBUG org.hibernate.orm.results.loading.org.hibernate.orm.results.loading.collection - (DelayedCollectionInitializer) Current row collection key : org.frcpm.models.Project(959674691997700).tasks#51
10:24:18.416 [pool-3-thread-3] DEBUG org.hibernate.orm.results.loading.org.hibernate.orm.results.loading.collection - (DelayedCollectionInitializer) Current row collection key : org.frcpm.models.Project(959674692102200).tasks#51
10:24:18.416 [pool-3-thread-4] DEBUG org.hibernate.orm.results.loading.entity - (EntityResultInitializer) Created new entity instance [org.frcpm.models.Project(959674691997700)#51] : 1902117810
10:24:18.416 [pool-3-thread-3] DEBUG org.hibernate.orm.results.loading.entity - (EntityResultInitializer) Created new entity instance [org.frcpm.models.Project(959674692102200)#51] : 1019938452
10:24:18.416 [pool-3-thread-4] DEBUG org.hibernate.orm.results - Extracted JDBC value [1] - [null]
10:24:18.416 [pool-3-thread-3] DEBUG org.hibernate.orm.results - Extracted JDBC value [1] - [null]
10:24:18.416 [pool-3-thread-3] DEBUG org.hibernate.orm.results - Extracted JDBC value [2] - [2025-05-23]
10:24:18.416 [pool-3-thread-4] DEBUG org.hibernate.orm.results - Extracted JDBC value [2] - [2025-05-23]
10:24:18.416 [pool-3-thread-3] DEBUG org.hibernate.orm.results - Extracted JDBC value [3] - [2025-06-06]
10:24:18.416 [pool-3-thread-4] DEBUG org.hibernate.orm.results - Extracted JDBC value [3] - [2025-06-06]
10:24:18.416 [pool-3-thread-4] DEBUG org.hibernate.orm.results - Extracted JDBC value [4] - [Test Count Project]
10:24:18.416 [pool-3-thread-3] DEBUG org.hibernate.orm.results - Extracted JDBC value [4] - [Test Count Project]
10:24:18.416 [pool-3-thread-4] DEBUG org.hibernate.orm.results - Extracted JDBC value [5] - [2025-04-25]
10:24:18.416 [pool-3-thread-3] DEBUG org.hibernate.orm.results - Extracted JDBC value [5] - [2025-04-25]
10:24:18.416 [pool-3-thread-4] DEBUG org.hibernate.orm.results.loading.entity - (EntityResultInitializer) Done materializing entityInstance : org.frcpm.models.Project(959674691997700)#51
10:24:18.416 [pool-3-thread-3] DEBUG org.hibernate.orm.results.loading.entity - (EntityResultInitializer) Done materializing entityInstance : org.frcpm.models.Project(959674692102200)#51
10:24:18.416 [pool-3-thread-4] DEBUG org.hibernate.orm.results.loading - Calling top-level assembler (0 / 1) : org.hibernate.sql.results.graph.entity.internal.EntityAssembler@23575331
10:24:18.416 [pool-3-thread-3] DEBUG org.hibernate.orm.results.loading - Calling top-level assembler (0 / 1) : org.hibernate.sql.results.graph.entity.internal.EntityAssembler@4e599940
10:24:18.416 [pool-3-thread-4] DEBUG org.hibernate.orm.results - Extracted JDBC value [0] - [54]
10:24:18.416 [pool-3-thread-3] DEBUG org.hibernate.orm.results - Extracted JDBC value [0] - [54]
10:24:18.416 [pool-3-thread-4] DEBUG org.hibernate.orm.results.loading.entity - (EntityResultInitializer) Hydrated EntityKey (org.frcpm.models.Project(959674691997700)): 54
10:24:18.416 [pool-3-thread-3] DEBUG org.hibernate.orm.results.loading.entity - (EntityResultInitializer) Hydrated EntityKey (org.frcpm.models.Project(959674692102200)): 54
10:24:18.416 [pool-3-thread-4] DEBUG org.hibernate.orm.results.loading.org.hibernate.orm.results.loading.collection - (DelayedCollectionInitializer) Current row collection key : org.frcpm.models.Project(959674691997700).meetings#54
10:24:18.416 [pool-3-thread-3] DEBUG org.hibernate.orm.results.loading.org.hibernate.orm.results.loading.collection - (DelayedCollectionInitializer) Current row collection key : org.frcpm.models.Project(959674692102200).meetings#54
10:24:18.416 [pool-3-thread-4] DEBUG org.hibernate.orm.results.loading.org.hibernate.orm.results.loading.collection - (DelayedCollectionInitializer) Current row collection key : org.frcpm.models.Project(959674691997700).milestones#54
10:24:18.416 [pool-3-thread-3] DEBUG org.hibernate.orm.results.loading.org.hibernate.orm.results.loading.collection - (DelayedCollectionInitializer) Current row collection key : org.frcpm.models.Project(959674692102200).milestones#54
10:24:18.416 [pool-3-thread-4] DEBUG org.hibernate.orm.results.loading.org.hibernate.orm.results.loading.collection - (DelayedCollectionInitializer) Current row collection key : org.frcpm.models.Project(959674691997700).tasks#54
10:24:18.416 [pool-3-thread-3] DEBUG org.hibernate.orm.results.loading.org.hibernate.orm.results.loading.collection - (DelayedCollectionInitializer) Current row collection key : org.frcpm.models.Project(959674692102200).tasks#54
10:24:18.416 [pool-3-thread-4] DEBUG org.hibernate.orm.results.loading.entity - (EntityResultInitializer) Created new entity instance [org.frcpm.models.Project(959674691997700)#54] : 1344698232
10:24:18.416 [pool-3-thread-3] DEBUG org.hibernate.orm.results.loading.entity - (EntityResultInitializer) Created new entity instance [org.frcpm.models.Project(959674692102200)#54] : 1365989336
10:24:18.416 [pool-3-thread-4] DEBUG org.hibernate.orm.results - Extracted JDBC value [1] - [Test save description]
10:24:18.417 [pool-3-thread-4] DEBUG org.hibernate.orm.results - Extracted JDBC value [2] - [2025-05-23]
10:24:18.417 [pool-3-thread-3] DEBUG org.hibernate.orm.results - Extracted JDBC value [1] - [Test save description]
10:24:18.417 [pool-3-thread-4] DEBUG org.hibernate.orm.results - Extracted JDBC value [3] - [2025-06-06]
10:24:18.417 [pool-3-thread-4] DEBUG org.hibernate.orm.results - Extracted JDBC value [4] - [Test Save Project]
10:24:18.417 [pool-3-thread-3] DEBUG org.hibernate.orm.results - Extracted JDBC value [2] - [2025-05-23]
10:24:18.417 [pool-3-thread-3] DEBUG org.hibernate.orm.results - Extracted JDBC value [3] - [2025-06-06]
10:24:18.417 [pool-3-thread-3] DEBUG org.hibernate.orm.results - Extracted JDBC value [4] - [Test Save Project]
10:24:18.417 [pool-3-thread-3] DEBUG org.hibernate.orm.results - Extracted JDBC value [5] - [2025-04-25]
10:24:18.417 [pool-3-thread-4] DEBUG org.hibernate.orm.results - Extracted JDBC value [5] - [2025-04-25]
10:24:18.417 [pool-3-thread-3] DEBUG org.hibernate.orm.results.loading.entity - (EntityResultInitializer) Done materializing entityInstance : org.frcpm.models.Project(959674692102200)#54
10:24:18.417 [pool-3-thread-4] DEBUG org.hibernate.orm.results.loading.entity - (EntityResultInitializer) Done materializing entityInstance : org.frcpm.models.Project(959674691997700)#54
10:24:18.417 [pool-3-thread-3] DEBUG org.hibernate.orm.results.loading - Calling top-level assembler (0 / 1) : org.hibernate.sql.results.graph.entity.internal.EntityAssembler@4e599940
10:24:18.417 [pool-3-thread-4] DEBUG org.hibernate.orm.results.loading - Calling top-level assembler (0 / 1) : org.hibernate.sql.results.graph.entity.internal.EntityAssembler@23575331
10:24:18.417 [pool-3-thread-4] DEBUG org.hibernate.orm.results - Extracted JDBC value [0] - [69]
10:24:18.417 [pool-3-thread-3] DEBUG org.hibernate.orm.results - Extracted JDBC value [0] - [69]
10:24:18.417 [pool-3-thread-4] DEBUG org.hibernate.orm.results.loading.entity - (EntityResultInitializer) Hydrated EntityKey (org.frcpm.models.Project(959674691997700)): 69
10:24:18.417 [pool-3-thread-3] DEBUG org.hibernate.orm.results.loading.entity - (EntityResultInitializer) Hydrated EntityKey (org.frcpm.models.Project(959674692102200)): 69
10:24:18.417 [pool-3-thread-4] DEBUG org.hibernate.orm.results.loading.org.hibernate.orm.results.loading.collection - (DelayedCollectionInitializer) Current row collection key : org.frcpm.models.Project(959674691997700).meetings#69
10:24:18.417 [pool-3-thread-3] DEBUG org.hibernate.orm.results.loading.org.hibernate.orm.results.loading.collection - (DelayedCollectionInitializer) Current row collection key : org.frcpm.models.Project(959674692102200).meetings#69
10:24:18.417 [pool-3-thread-4] DEBUG org.hibernate.orm.results.loading.org.hibernate.orm.results.loading.collection - (DelayedCollectionInitializer) Current row collection key : org.frcpm.models.Project(959674691997700).milestones#69
10:24:18.417 [pool-3-thread-3] DEBUG org.hibernate.orm.results.loading.org.hibernate.orm.results.loading.collection - (DelayedCollectionInitializer) Current row collection key : org.frcpm.models.Project(959674692102200).milestones#69
10:24:18.417 [pool-3-thread-4] DEBUG org.hibernate.orm.results.loading.org.hibernate.orm.results.loading.collection - (DelayedCollectionInitializer) Current row collection key : org.frcpm.models.Project(959674691997700).tasks#69
10:24:18.417 [pool-3-thread-3] DEBUG org.hibernate.orm.results.loading.org.hibernate.orm.results.loading.collection - (DelayedCollectionInitializer) Current row collection key : org.frcpm.models.Project(959674692102200).tasks#69
10:24:18.417 [pool-3-thread-3] DEBUG org.hibernate.orm.results.loading.entity - (EntityResultInitializer) Created new entity instance [org.frcpm.models.Project(959674692102200)#69] : 1768755644
10:24:18.417 [pool-3-thread-4] DEBUG org.hibernate.orm.results.loading.entity - (EntityResultInitializer) Created new entity instance [org.frcpm.models.Project(959674691997700)#69] : 339484474
10:24:18.417 [pool-3-thread-3] DEBUG org.hibernate.orm.results - Extracted JDBC value [1] - [null]
10:24:18.417 [pool-3-thread-4] DEBUG org.hibernate.orm.results - Extracted JDBC value [1] - [null]
10:24:18.417 [pool-3-thread-4] DEBUG org.hibernate.orm.results - Extracted JDBC value [2] - [2025-05-23]
10:24:18.417 [pool-3-thread-4] DEBUG org.hibernate.orm.results - Extracted JDBC value [3] - [2025-06-06]
10:24:18.417 [pool-3-thread-4] DEBUG org.hibernate.orm.results - Extracted JDBC value [4] - [Updated Project Name]
10:24:18.417 [pool-3-thread-4] DEBUG org.hibernate.orm.results - Extracted JDBC value [5] - [2025-04-25]
10:24:18.417 [pool-3-thread-3] DEBUG org.hibernate.orm.results - Extracted JDBC value [2] - [2025-05-23]
10:24:18.417 [pool-3-thread-4] DEBUG org.hibernate.orm.results.loading.entity - (EntityResultInitializer) Done materializing entityInstance : org.frcpm.models.Project(959674691997700)#69
10:24:18.417 [pool-3-thread-4] DEBUG org.hibernate.orm.results.loading - Calling top-level assembler (0 / 1) : org.hibernate.sql.results.graph.entity.internal.EntityAssembler@23575331
10:24:18.417 [pool-3-thread-3] DEBUG org.hibernate.orm.results - Extracted JDBC value [3] - [2025-06-06]
10:24:18.417 [pool-3-thread-4] DEBUG org.hibernate.orm.results - Extracted JDBC value [0] - [70]
10:24:18.417 [pool-3-thread-3] DEBUG org.hibernate.orm.results - Extracted JDBC value [4] - [Updated Project Name]
10:24:18.417 [pool-3-thread-4] DEBUG org.hibernate.orm.results.loading.entity - (EntityResultInitializer) Hydrated EntityKey (org.frcpm.models.Project(959674691997700)): 70
10:24:18.417 [pool-3-thread-3] DEBUG org.hibernate.orm.results - Extracted JDBC value [5] - [2025-04-25]
10:24:18.417 [pool-3-thread-4] DEBUG org.hibernate.orm.results.loading.org.hibernate.orm.results.loading.collection - (DelayedCollectionInitializer) Current row collection key : org.frcpm.models.Project(959674691997700).meetings#70
10:24:18.417 [pool-3-thread-4] DEBUG org.hibernate.orm.results.loading.org.hibernate.orm.results.loading.collection - (DelayedCollectionInitializer) Current row collection key : org.frcpm.models.Project(959674691997700).milestones#70
10:24:18.417 [pool-3-thread-4] DEBUG org.hibernate.orm.results.loading.org.hibernate.orm.results.loading.collection - (DelayedCollectionInitializer) Current row collection key : org.frcpm.models.Project(959674691997700).tasks#70
10:24:18.417 [pool-3-thread-3] DEBUG org.hibernate.orm.results.loading.entity - (EntityResultInitializer) Done materializing entityInstance : org.frcpm.models.Project(959674692102200)#69
10:24:18.417 [pool-3-thread-4] DEBUG org.hibernate.orm.results.loading.entity - (EntityResultInitializer) Created new entity instance [org.frcpm.models.Project(959674691997700)#70] : 2025780446
10:24:18.417 [pool-3-thread-3] DEBUG org.hibernate.orm.results.loading - Calling top-level assembler (0 / 1) : org.hibernate.sql.results.graph.entity.internal.EntityAssembler@4e599940
10:24:18.417 [pool-3-thread-4] DEBUG org.hibernate.orm.results - Extracted JDBC value [1] - [null]
10:24:18.417 [pool-3-thread-3] DEBUG org.hibernate.orm.results - Extracted JDBC value [0] - [70]
10:24:18.417 [pool-3-thread-4] DEBUG org.hibernate.orm.results - Extracted JDBC value [2] - [2025-06-06]
10:24:18.417 [pool-3-thread-3] DEBUG org.hibernate.orm.results.loading.entity - (EntityResultInitializer) Hydrated EntityKey (org.frcpm.models.Project(959674692102200)): 70
10:24:18.417 [pool-3-thread-4] DEBUG org.hibernate.orm.results - Extracted JDBC value [3] - [2025-06-20]
10:24:18.417 [pool-3-thread-3] DEBUG org.hibernate.orm.results.loading.org.hibernate.orm.results.loading.collection - (DelayedCollectionInitializer) Current row collection key : org.frcpm.models.Project(959674692102200).meetings#70
10:24:18.417 [pool-3-thread-4] DEBUG org.hibernate.orm.results - Extracted JDBC value [4] - [Test Task Project]
10:24:18.417 [pool-3-thread-3] DEBUG org.hibernate.orm.results.loading.org.hibernate.orm.results.loading.collection - (DelayedCollectionInitializer) Current row collection key : org.frcpm.models.Project(959674692102200).milestones#70
10:24:18.417 [pool-3-thread-4] DEBUG org.hibernate.orm.results - Extracted JDBC value [5] - [2025-04-25]
10:24:18.417 [pool-3-thread-3] DEBUG org.hibernate.orm.results.loading.org.hibernate.orm.results.loading.collection - (DelayedCollectionInitializer) Current row collection key : org.frcpm.models.Project(959674692102200).tasks#70
10:24:18.417 [pool-3-thread-4] DEBUG org.hibernate.orm.results.loading.entity - (EntityResultInitializer) Done materializing entityInstance : org.frcpm.models.Project(959674691997700)#70
10:24:18.417 [pool-3-thread-3] DEBUG org.hibernate.orm.results.loading.entity - (EntityResultInitializer) Created new entity instance [org.frcpm.models.Project(959674692102200)#70] : 1091154851
10:24:18.417 [pool-3-thread-4] DEBUG org.hibernate.orm.results.loading - Calling top-level assembler (0 / 1) : org.hibernate.sql.results.graph.entity.internal.EntityAssembler@23575331
10:24:18.417 [pool-3-thread-4] DEBUG org.hibernate.orm.results - Extracted JDBC value [0] - [71]
10:24:18.417 [pool-3-thread-4] DEBUG org.hibernate.orm.results.loading.entity - (EntityResultInitializer) Hydrated EntityKey (org.frcpm.models.Project(959674691997700)): 71
10:24:18.417 [pool-3-thread-3] DEBUG org.hibernate.orm.results - Extracted JDBC value [1] - [null]
10:24:18.417 [pool-3-thread-4] DEBUG org.hibernate.orm.results.loading.org.hibernate.orm.results.loading.collection - (DelayedCollectionInitializer) Current row collection key : org.frcpm.models.Project(959674691997700).meetings#71
10:24:18.417 [pool-3-thread-3] DEBUG org.hibernate.orm.results - Extracted JDBC value [2] - [2025-06-06]
10:24:18.417 [pool-3-thread-4] DEBUG org.hibernate.orm.results.loading.org.hibernate.orm.results.loading.collection - (DelayedCollectionInitializer) Current row collection key : org.frcpm.models.Project(959674691997700).milestones#71
10:24:18.417 [pool-3-thread-4] DEBUG org.hibernate.orm.results.loading.org.hibernate.orm.results.loading.collection - (DelayedCollectionInitializer) Current row collection key : org.frcpm.models.Project(959674691997700).tasks#71
10:24:18.417 [pool-3-thread-4] DEBUG org.hibernate.orm.results.loading.entity - (EntityResultInitializer) Created new entity instance [org.frcpm.models.Project(959674691997700)#71] : 1680912685
10:24:18.417 [pool-3-thread-3] DEBUG org.hibernate.orm.results - Extracted JDBC value [3] - [2025-06-20]
10:24:18.417 [pool-3-thread-4] DEBUG org.hibernate.orm.results - Extracted JDBC value [1] - [null]
10:24:18.417 [pool-3-thread-4] DEBUG org.hibernate.orm.results - Extracted JDBC value [2] - [2025-06-06]
10:24:18.417 [pool-3-thread-3] DEBUG org.hibernate.orm.results - Extracted JDBC value [4] - [Test Task Project]
10:24:18.417 [pool-3-thread-4] DEBUG org.hibernate.orm.results - Extracted JDBC value [3] - [2025-06-20]
10:24:18.417 [pool-3-thread-4] DEBUG org.hibernate.orm.results - Extracted JDBC value [4] - [Test Task Project]
10:24:18.417 [pool-3-thread-3] DEBUG org.hibernate.orm.results - Extracted JDBC value [5] - [2025-04-25]
10:24:18.417 [pool-3-thread-4] DEBUG org.hibernate.orm.results - Extracted JDBC value [5] - [2025-04-25]
10:24:18.417 [pool-3-thread-3] DEBUG org.hibernate.orm.results.loading.entity - (EntityResultInitializer) Done materializing entityInstance : org.frcpm.models.Project(959674692102200)#70
10:24:18.417 [pool-3-thread-3] DEBUG org.hibernate.orm.results.loading - Calling top-level assembler (0 / 1) : org.hibernate.sql.results.graph.entity.internal.EntityAssembler@4e599940
10:24:18.417 [pool-3-thread-4] DEBUG org.hibernate.orm.results.loading.entity - (EntityResultInitializer) Done materializing entityInstance : org.frcpm.models.Project(959674691997700)#71
10:24:18.417 [pool-3-thread-4] DEBUG org.hibernate.orm.results.loading - Calling top-level assembler (0 / 1) : org.hibernate.sql.results.graph.entity.internal.EntityAssembler@23575331
10:24:18.417 [pool-3-thread-3] DEBUG org.hibernate.orm.results - Extracted JDBC value [0] - [71]
10:24:18.417 [pool-3-thread-4] DEBUG org.hibernate.orm.results - Extracted JDBC value [0] - [72]
10:24:18.417 [pool-3-thread-3] DEBUG org.hibernate.orm.results.loading.entity - (EntityResultInitializer) Hydrated EntityKey (org.frcpm.models.Project(959674692102200)): 71
10:24:18.417 [pool-3-thread-4] DEBUG org.hibernate.orm.results.loading.entity - (EntityResultInitializer) Hydrated EntityKey (org.frcpm.models.Project(959674691997700)): 72
10:24:18.417 [pool-3-thread-4] DEBUG org.hibernate.orm.results.loading.org.hibernate.orm.results.loading.collection - (DelayedCollectionInitializer) Current row collection key : org.frcpm.models.Project(959674691997700).meetings#72
10:24:18.417 [pool-3-thread-3] DEBUG org.hibernate.orm.results.loading.org.hibernate.orm.results.loading.collection - (DelayedCollectionInitializer) Current row collection key : org.frcpm.models.Project(959674692102200).meetings#71
10:24:18.417 [pool-3-thread-4] DEBUG org.hibernate.orm.results.loading.org.hibernate.orm.results.loading.collection - (DelayedCollectionInitializer) Current row collection key : org.frcpm.models.Project(959674691997700).milestones#72
10:24:18.417 [pool-3-thread-3] DEBUG org.hibernate.orm.results.loading.org.hibernate.orm.results.loading.collection - (DelayedCollectionInitializer) Current row collection key : org.frcpm.models.Project(959674692102200).milestones#71
10:24:18.417 [pool-3-thread-4] DEBUG org.hibernate.orm.results.loading.org.hibernate.orm.results.loading.collection - (DelayedCollectionInitializer) Current row collection key : org.frcpm.models.Project(959674691997700).tasks#72
10:24:18.417 [pool-3-thread-3] DEBUG org.hibernate.orm.results.loading.org.hibernate.orm.results.loading.collection - (DelayedCollectionInitializer) Current row collection key : org.frcpm.models.Project(959674692102200).tasks#71
10:24:18.417 [pool-3-thread-4] DEBUG org.hibernate.orm.results.loading.entity - (EntityResultInitializer) Created new entity instance [org.frcpm.models.Project(959674691997700)#72] : 1310226149
10:24:18.417 [pool-3-thread-3] DEBUG org.hibernate.orm.results.loading.entity - (EntityResultInitializer) Created new entity instance [org.frcpm.models.Project(959674692102200)#71] : 1580746986
10:24:18.417 [pool-3-thread-3] DEBUG org.hibernate.orm.results - Extracted JDBC value [1] - [null]
10:24:18.417 [pool-3-thread-4] DEBUG org.hibernate.orm.results - Extracted JDBC value [1] - [null]
10:24:18.417 [pool-3-thread-3] DEBUG org.hibernate.orm.results - Extracted JDBC value [2] - [2025-06-06]
10:24:18.417 [pool-3-thread-4] DEBUG org.hibernate.orm.results - Extracted JDBC value [2] - [2025-06-06]
10:24:18.417 [pool-3-thread-3] DEBUG org.hibernate.orm.results - Extracted JDBC value [3] - [2025-06-20]
10:24:18.417 [pool-3-thread-4] DEBUG org.hibernate.orm.results - Extracted JDBC value [3] - [2025-06-20]
10:24:18.417 [pool-3-thread-3] DEBUG org.hibernate.orm.results - Extracted JDBC value [4] - [Test Task Project]
10:24:18.417 [pool-3-thread-4] DEBUG org.hibernate.orm.results - Extracted JDBC value [4] - [Test Task Project]
10:24:18.417 [pool-3-thread-3] DEBUG org.hibernate.orm.results - Extracted JDBC value [5] - [2025-04-25]
10:24:18.417 [pool-3-thread-4] DEBUG org.hibernate.orm.results - Extracted JDBC value [5] - [2025-04-25]
10:24:18.417 [pool-3-thread-3] DEBUG org.hibernate.orm.results.loading.entity - (EntityResultInitializer) Done materializing entityInstance : org.frcpm.models.Project(959674692102200)#71
10:24:18.417 [pool-3-thread-4] DEBUG org.hibernate.orm.results.loading.entity - (EntityResultInitializer) Done materializing entityInstance : org.frcpm.models.Project(959674691997700)#72
10:24:18.417 [pool-3-thread-3] DEBUG org.hibernate.orm.results.loading - Calling top-level assembler (0 / 1) : org.hibernate.sql.results.graph.entity.internal.EntityAssembler@4e599940
10:24:18.417 [pool-3-thread-4] DEBUG org.hibernate.orm.results.loading - Calling top-level assembler (0 / 1) : org.hibernate.sql.results.graph.entity.internal.EntityAssembler@23575331
10:24:18.417 [pool-3-thread-3] DEBUG org.hibernate.orm.results - Extracted JDBC value [0] - [72]
10:24:18.417 [pool-3-thread-4] DEBUG org.hibernate.orm.results - Extracted JDBC value [0] - [73]
10:24:18.417 [pool-3-thread-3] DEBUG org.hibernate.orm.results.loading.entity - (EntityResultInitializer) Hydrated EntityKey (org.frcpm.models.Project(959674692102200)): 72
10:24:18.417 [pool-3-thread-4] DEBUG org.hibernate.orm.results.loading.entity - (EntityResultInitializer) Hydrated EntityKey (org.frcpm.models.Project(959674691997700)): 73
10:24:18.417 [pool-3-thread-3] DEBUG org.hibernate.orm.results.loading.org.hibernate.orm.results.loading.collection - (DelayedCollectionInitializer) Current row collection key : org.frcpm.models.Project(959674692102200).meetings#72
10:24:18.417 [pool-3-thread-4] DEBUG org.hibernate.orm.results.loading.org.hibernate.orm.results.loading.collection - (DelayedCollectionInitializer) Current row collection key : org.frcpm.models.Project(959674691997700).meetings#73
10:24:18.417 [pool-3-thread-3] DEBUG org.hibernate.orm.results.loading.org.hibernate.orm.results.loading.collection - (DelayedCollectionInitializer) Current row collection key : org.frcpm.models.Project(959674692102200).milestones#72
10:24:18.417 [pool-3-thread-4] DEBUG org.hibernate.orm.results.loading.org.hibernate.orm.results.loading.collection - (DelayedCollectionInitializer) Current row collection key : org.frcpm.models.Project(959674691997700).milestones#73
10:24:18.417 [pool-3-thread-3] DEBUG org.hibernate.orm.results.loading.org.hibernate.orm.results.loading.collection - (DelayedCollectionInitializer) Current row collection key : org.frcpm.models.Project(959674692102200).tasks#72
10:24:18.417 [pool-3-thread-4] DEBUG org.hibernate.orm.results.loading.org.hibernate.orm.results.loading.collection - (DelayedCollectionInitializer) Current row collection key : org.frcpm.models.Project(959674691997700).tasks#73
10:24:18.417 [pool-3-thread-3] DEBUG org.hibernate.orm.results.loading.entity - (EntityResultInitializer) Created new entity instance [org.frcpm.models.Project(959674692102200)#72] : 1648471186
10:24:18.417 [pool-3-thread-4] DEBUG org.hibernate.orm.results.loading.entity - (EntityResultInitializer) Created new entity instance [org.frcpm.models.Project(959674691997700)#73] : 717542083
10:24:18.417 [pool-3-thread-4] DEBUG org.hibernate.orm.results - Extracted JDBC value [1] - [null]
10:24:18.417 [pool-3-thread-3] DEBUG org.hibernate.orm.results - Extracted JDBC value [1] - [null]
10:24:18.417 [pool-3-thread-4] DEBUG org.hibernate.orm.results - Extracted JDBC value [2] - [2025-06-06]
10:24:18.417 [pool-3-thread-3] DEBUG org.hibernate.orm.results - Extracted JDBC value [2] - [2025-06-06]
10:24:18.417 [pool-3-thread-4] DEBUG org.hibernate.orm.results - Extracted JDBC value [3] - [2025-06-20]
10:24:18.417 [pool-3-thread-4] DEBUG org.hibernate.orm.results - Extracted JDBC value [4] - [Test Task Project]
10:24:18.417 [pool-3-thread-3] DEBUG org.hibernate.orm.results - Extracted JDBC value [3] - [2025-06-20]
10:24:18.417 [pool-3-thread-3] DEBUG org.hibernate.orm.results - Extracted JDBC value [4] - [Test Task Project]
10:24:18.417 [pool-3-thread-4] DEBUG org.hibernate.orm.results - Extracted JDBC value [5] - [2025-04-25]
10:24:18.417 [pool-3-thread-3] DEBUG org.hibernate.orm.results - Extracted JDBC value [5] - [2025-04-25]
10:24:18.417 [pool-3-thread-4] DEBUG org.hibernate.orm.results.loading.entity - (EntityResultInitializer) Done materializing entityInstance : org.frcpm.models.Project(959674691997700)#73
10:24:18.417 [pool-3-thread-3] DEBUG org.hibernate.orm.results.loading.entity - (EntityResultInitializer) Done materializing entityInstance : org.frcpm.models.Project(959674692102200)#72
10:24:18.417 [pool-3-thread-4] DEBUG org.hibernate.orm.results.loading - Calling top-level assembler (0 / 1) : org.hibernate.sql.results.graph.entity.internal.EntityAssembler@23575331
10:24:18.417 [pool-3-thread-3] DEBUG org.hibernate.orm.results.loading - Calling top-level assembler (0 / 1) : org.hibernate.sql.results.graph.entity.internal.EntityAssembler@4e599940
10:24:18.417 [pool-3-thread-4] DEBUG org.hibernate.orm.results - Extracted JDBC value [0] - [74]
10:24:18.417 [pool-3-thread-4] DEBUG org.hibernate.orm.results.loading.entity - (EntityResultInitializer) Hydrated EntityKey (org.frcpm.models.Project(959674691997700)): 74
10:24:18.417 [pool-3-thread-3] DEBUG org.hibernate.orm.results - Extracted JDBC value [0] - [73]
10:24:18.418 [pool-3-thread-4] DEBUG org.hibernate.orm.results.loading.org.hibernate.orm.results.loading.collection - (DelayedCollectionInitializer) Current row collection key : org.frcpm.models.Project(959674691997700).meetings#74
10:24:18.418 [pool-3-thread-3] DEBUG org.hibernate.orm.results.loading.entity - (EntityResultInitializer) Hydrated EntityKey (org.frcpm.models.Project(959674692102200)): 73
10:24:18.418 [pool-3-thread-4] DEBUG org.hibernate.orm.results.loading.org.hibernate.orm.results.loading.collection - (DelayedCollectionInitializer) Current row collection key : org.frcpm.models.Project(959674691997700).milestones#74
10:24:18.418 [pool-3-thread-3] DEBUG org.hibernate.orm.results.loading.org.hibernate.orm.results.loading.collection - (DelayedCollectionInitializer) Current row collection key : org.frcpm.models.Project(959674692102200).meetings#73
10:24:18.418 [pool-3-thread-4] DEBUG org.hibernate.orm.results.loading.org.hibernate.orm.results.loading.collection - (DelayedCollectionInitializer) Current row collection key : org.frcpm.models.Project(959674691997700).tasks#74
10:24:18.418 [pool-3-thread-3] DEBUG org.hibernate.orm.results.loading.org.hibernate.orm.results.loading.collection - (DelayedCollectionInitializer) Current row collection key : org.frcpm.models.Project(959674692102200).milestones#73
10:24:18.418 [pool-3-thread-3] DEBUG org.hibernate.orm.results.loading.org.hibernate.orm.results.loading.collection - (DelayedCollectionInitializer) Current row collection key : org.frcpm.models.Project(959674692102200).tasks#73
10:24:18.418 [pool-3-thread-4] DEBUG org.hibernate.orm.results.loading.entity - (EntityResultInitializer) Created new entity instance [org.frcpm.models.Project(959674691997700)#74] : 479332643
10:24:18.418 [pool-3-thread-3] DEBUG org.hibernate.orm.results.loading.entity - (EntityResultInitializer) Created new entity instance [org.frcpm.models.Project(959674692102200)#73] : 301415675
10:24:18.418 [pool-3-thread-4] DEBUG org.hibernate.orm.results - Extracted JDBC value [1] - [null]
10:24:18.418 [pool-3-thread-3] DEBUG org.hibernate.orm.results - Extracted JDBC value [1] - [null]
10:24:18.418 [pool-3-thread-4] DEBUG org.hibernate.orm.results - Extracted JDBC value [2] - [2025-06-06]
10:24:18.418 [pool-3-thread-3] DEBUG org.hibernate.orm.results - Extracted JDBC value [2] - [2025-06-06]
10:24:18.418 [pool-3-thread-4] DEBUG org.hibernate.orm.results - Extracted JDBC value [3] - [2025-06-20]
10:24:18.418 [pool-3-thread-4] DEBUG org.hibernate.orm.results - Extracted JDBC value [4] - [Test Task Project]
10:24:18.418 [pool-3-thread-4] DEBUG org.hibernate.orm.results - Extracted JDBC value [5] - [2025-04-25]
10:24:18.418 [pool-3-thread-3] DEBUG org.hibernate.orm.results - Extracted JDBC value [3] - [2025-06-20]
10:24:18.418 [pool-3-thread-3] DEBUG org.hibernate.orm.results - Extracted JDBC value [4] - [Test Task Project]
10:24:18.418 [pool-3-thread-3] DEBUG org.hibernate.orm.results - Extracted JDBC value [5] - [2025-04-25]
10:24:18.418 [pool-3-thread-4] DEBUG org.hibernate.orm.results.loading.entity - (EntityResultInitializer) Done materializing entityInstance : org.frcpm.models.Project(959674691997700)#74
10:24:18.418 [pool-3-thread-3] DEBUG org.hibernate.orm.results.loading.entity - (EntityResultInitializer) Done materializing entityInstance : org.frcpm.models.Project(959674692102200)#73
10:24:18.418 [pool-3-thread-4] DEBUG org.hibernate.orm.results.loading - Calling top-level assembler (0 / 1) : org.hibernate.sql.results.graph.entity.internal.EntityAssembler@23575331
10:24:18.418 [pool-3-thread-3] DEBUG org.hibernate.orm.results.loading - Calling top-level assembler (0 / 1) : org.hibernate.sql.results.graph.entity.internal.EntityAssembler@4e599940
10:24:18.418 [pool-3-thread-4] DEBUG org.hibernate.orm.results - Extracted JDBC value [0] - [75]
10:24:18.418 [pool-3-thread-3] DEBUG org.hibernate.orm.results - Extracted JDBC value [0] - [74]
10:24:18.418 [pool-3-thread-4] DEBUG org.hibernate.orm.results.loading.entity - (EntityResultInitializer) Hydrated EntityKey (org.frcpm.models.Project(959674691997700)): 75
10:24:18.418 [pool-3-thread-3] DEBUG org.hibernate.orm.results.loading.entity - (EntityResultInitializer) Hydrated EntityKey (org.frcpm.models.Project(959674692102200)): 74
10:24:18.418 [pool-3-thread-4] DEBUG org.hibernate.orm.results.loading.org.hibernate.orm.results.loading.collection - (DelayedCollectionInitializer) Current row collection key : org.frcpm.models.Project(959674691997700).meetings#75
10:24:18.418 [pool-3-thread-3] DEBUG org.hibernate.orm.results.loading.org.hibernate.orm.results.loading.collection - (DelayedCollectionInitializer) Current row collection key : org.frcpm.models.Project(959674692102200).meetings#74
10:24:18.418 [pool-3-thread-4] DEBUG org.hibernate.orm.results.loading.org.hibernate.orm.results.loading.collection - (DelayedCollectionInitializer) Current row collection key : org.frcpm.models.Project(959674691997700).milestones#75
10:24:18.418 [pool-3-thread-3] DEBUG org.hibernate.orm.results.loading.org.hibernate.orm.results.loading.collection - (DelayedCollectionInitializer) Current row collection key : org.frcpm.models.Project(959674692102200).milestones#74
10:24:18.418 [pool-3-thread-4] DEBUG org.hibernate.orm.results.loading.org.hibernate.orm.results.loading.collection - (DelayedCollectionInitializer) Current row collection key : org.frcpm.models.Project(959674691997700).tasks#75
10:24:18.418 [pool-3-thread-3] DEBUG org.hibernate.orm.results.loading.org.hibernate.orm.results.loading.collection - (DelayedCollectionInitializer) Current row collection key : org.frcpm.models.Project(959674692102200).tasks#74
10:24:18.418 [pool-3-thread-3] DEBUG org.hibernate.orm.results.loading.entity - (EntityResultInitializer) Created new entity instance [org.frcpm.models.Project(959674692102200)#74] : 42551092
10:24:18.418 [pool-3-thread-4] DEBUG org.hibernate.orm.results.loading.entity - (EntityResultInitializer) Created new entity instance [org.frcpm.models.Project(959674691997700)#75] : 151095488
10:24:18.418 [pool-3-thread-4] DEBUG org.hibernate.orm.results - Extracted JDBC value [1] - [null]
10:24:18.418 [pool-3-thread-3] DEBUG org.hibernate.orm.results - Extracted JDBC value [1] - [null]
10:24:18.418 [pool-3-thread-4] DEBUG org.hibernate.orm.results - Extracted JDBC value [2] - [2025-06-06]
10:24:18.418 [pool-3-thread-3] DEBUG org.hibernate.orm.results - Extracted JDBC value [2] - [2025-06-06]
10:24:18.418 [pool-3-thread-4] DEBUG org.hibernate.orm.results - Extracted JDBC value [3] - [2025-06-20]
10:24:18.418 [pool-3-thread-3] DEBUG org.hibernate.orm.results - Extracted JDBC value [3] - [2025-06-20]
10:24:18.418 [pool-3-thread-4] DEBUG org.hibernate.orm.results - Extracted JDBC value [4] - [Test Task Project]
10:24:18.418 [pool-3-thread-3] DEBUG org.hibernate.orm.results - Extracted JDBC value [4] - [Test Task Project]
10:24:18.418 [pool-3-thread-4] DEBUG org.hibernate.orm.results - Extracted JDBC value [5] - [2025-04-25]
10:24:18.418 [pool-3-thread-3] DEBUG org.hibernate.orm.results - Extracted JDBC value [5] - [2025-04-25]
10:24:18.418 [pool-3-thread-3] DEBUG org.hibernate.orm.results.loading.entity - (EntityResultInitializer) Done materializing entityInstance : org.frcpm.models.Project(959674692102200)#74
10:24:18.418 [pool-3-thread-4] DEBUG org.hibernate.orm.results.loading.entity - (EntityResultInitializer) Done materializing entityInstance : org.frcpm.models.Project(959674691997700)#75
10:24:18.418 [pool-3-thread-4] DEBUG org.hibernate.orm.results.loading - Calling top-level assembler (0 / 1) : org.hibernate.sql.results.graph.entity.internal.EntityAssembler@23575331
10:24:18.418 [pool-3-thread-3] DEBUG org.hibernate.orm.results.loading - Calling top-level assembler (0 / 1) : org.hibernate.sql.results.graph.entity.internal.EntityAssembler@4e599940
10:24:18.418 [pool-3-thread-3] DEBUG org.hibernate.orm.results - Extracted JDBC value [0] - [75]
10:24:18.418 [pool-3-thread-4] DEBUG org.hibernate.orm.results - Extracted JDBC value [0] - [76]
10:24:18.418 [pool-3-thread-4] DEBUG org.hibernate.orm.results.loading.entity - (EntityResultInitializer) Hydrated EntityKey (org.frcpm.models.Project(959674691997700)): 76
10:24:18.418 [pool-3-thread-4] DEBUG org.hibernate.orm.results.loading.org.hibernate.orm.results.loading.collection - (DelayedCollectionInitializer) Current row collection key : org.frcpm.models.Project(959674691997700).meetings#76
10:24:18.418 [pool-3-thread-4] DEBUG org.hibernate.orm.results.loading.org.hibernate.orm.results.loading.collection - (DelayedCollectionInitializer) Current row collection key : org.frcpm.models.Project(959674691997700).milestones#76
10:24:18.418 [pool-3-thread-4] DEBUG org.hibernate.orm.results.loading.org.hibernate.orm.results.loading.collection - (DelayedCollectionInitializer) Current row collection key : org.frcpm.models.Project(959674691997700).tasks#76
10:24:18.418 [pool-3-thread-3] DEBUG org.hibernate.orm.results.loading.entity - (EntityResultInitializer) Hydrated EntityKey (org.frcpm.models.Project(959674692102200)): 75
10:24:18.418 [pool-3-thread-4] DEBUG org.hibernate.orm.results.loading.entity - (EntityResultInitializer) Created new entity instance [org.frcpm.models.Project(959674691997700)#76] : 113414654
10:24:18.418 [pool-3-thread-4] DEBUG org.hibernate.orm.results - Extracted JDBC value [1] - [null]
10:24:18.418 [pool-3-thread-3] DEBUG org.hibernate.orm.results.loading.org.hibernate.orm.results.loading.collection - (DelayedCollectionInitializer) Current row collection key : org.frcpm.models.Project(959674692102200).meetings#75
10:24:18.418 [pool-3-thread-4] DEBUG org.hibernate.orm.results - Extracted JDBC value [2] - [2025-06-06]
10:24:18.418 [pool-3-thread-3] DEBUG org.hibernate.orm.results.loading.org.hibernate.orm.results.loading.collection - (DelayedCollectionInitializer) Current row collection key : org.frcpm.models.Project(959674692102200).milestones#75
10:24:18.418 [pool-3-thread-4] DEBUG org.hibernate.orm.results - Extracted JDBC value [3] - [2025-06-20]
10:24:18.418 [pool-3-thread-3] DEBUG org.hibernate.orm.results.loading.org.hibernate.orm.results.loading.collection - (DelayedCollectionInitializer) Current row collection key : org.frcpm.models.Project(959674692102200).tasks#75
10:24:18.418 [pool-3-thread-4] DEBUG org.hibernate.orm.results - Extracted JDBC value [4] - [Test Task Project]
10:24:18.418 [pool-3-thread-4] DEBUG org.hibernate.orm.results - Extracted JDBC value [5] - [2025-04-25]
10:24:18.418 [pool-3-thread-3] DEBUG org.hibernate.orm.results.loading.entity - (EntityResultInitializer) Created new entity instance [org.frcpm.models.Project(959674692102200)#75] : 421478159
10:24:18.418 [pool-3-thread-4] DEBUG org.hibernate.orm.results.loading.entity - (EntityResultInitializer) Done materializing entityInstance : org.frcpm.models.Project(959674691997700)#76
10:24:18.418 [pool-3-thread-4] DEBUG org.hibernate.orm.results.loading - Calling top-level assembler (0 / 1) : org.hibernate.sql.results.graph.entity.internal.EntityAssembler@23575331
10:24:18.418 [pool-3-thread-3] DEBUG org.hibernate.orm.results - Extracted JDBC value [1] - [null]
10:24:18.418 [pool-3-thread-4] DEBUG org.hibernate.orm.results - Extracted JDBC value [0] - [77]
10:24:18.418 [pool-3-thread-4] DEBUG org.hibernate.orm.results.loading.entity - (EntityResultInitializer) Hydrated EntityKey (org.frcpm.models.Project(959674691997700)): 77
10:24:18.418 [pool-3-thread-3] DEBUG org.hibernate.orm.results - Extracted JDBC value [2] - [2025-06-06]
10:24:18.418 [pool-3-thread-4] DEBUG org.hibernate.orm.results.loading.org.hibernate.orm.results.loading.collection - (DelayedCollectionInitializer) Current row collection key : org.frcpm.models.Project(959674691997700).meetings#77
10:24:18.418 [pool-3-thread-3] DEBUG org.hibernate.orm.results - Extracted JDBC value [3] - [2025-06-20]
10:24:18.418 [pool-3-thread-4] DEBUG org.hibernate.orm.results.loading.org.hibernate.orm.results.loading.collection - (DelayedCollectionInitializer) Current row collection key : org.frcpm.models.Project(959674691997700).milestones#77
10:24:18.418 [pool-3-thread-3] DEBUG org.hibernate.orm.results - Extracted JDBC value [4] - [Test Task Project]
10:24:18.418 [pool-3-thread-4] DEBUG org.hibernate.orm.results.loading.org.hibernate.orm.results.loading.collection - (DelayedCollectionInitializer) Current row collection key : org.frcpm.models.Project(959674691997700).tasks#77
10:24:18.418 [pool-3-thread-3] DEBUG org.hibernate.orm.results - Extracted JDBC value [5] - [2025-04-25]
10:24:18.418 [pool-3-thread-4] DEBUG org.hibernate.orm.results.loading.entity - (EntityResultInitializer) Created new entity instance [org.frcpm.models.Project(959674691997700)#77] : 940525933
10:24:18.418 [pool-3-thread-4] DEBUG org.hibernate.orm.results - Extracted JDBC value [1] - [null]
10:24:18.418 [pool-3-thread-3] DEBUG org.hibernate.orm.results.loading.entity - (EntityResultInitializer) Done materializing entityInstance : org.frcpm.models.Project(959674692102200)#75
10:24:18.418 [pool-3-thread-4] DEBUG org.hibernate.orm.results - Extracted JDBC value [2] - [2025-06-06]
10:24:18.418 [pool-3-thread-3] DEBUG org.hibernate.orm.results.loading - Calling top-level assembler (0 / 1) : org.hibernate.sql.results.graph.entity.internal.EntityAssembler@4e599940
10:24:18.418 [pool-3-thread-4] DEBUG org.hibernate.orm.results - Extracted JDBC value [3] - [2025-06-20]
10:24:18.418 [pool-3-thread-4] DEBUG org.hibernate.orm.results - Extracted JDBC value [4] - [Test Task Project]
10:24:18.418 [pool-3-thread-3] DEBUG org.hibernate.orm.results - Extracted JDBC value [0] - [76]
10:24:18.418 [pool-3-thread-4] DEBUG org.hibernate.orm.results - Extracted JDBC value [5] - [2025-04-25]
10:24:18.418 [pool-3-thread-3] DEBUG org.hibernate.orm.results.loading.entity - (EntityResultInitializer) Hydrated EntityKey (org.frcpm.models.Project(959674692102200)): 76
10:24:18.418 [pool-3-thread-3] DEBUG org.hibernate.orm.results.loading.org.hibernate.orm.results.loading.collection - (DelayedCollectionInitializer) Current row collection key : org.frcpm.models.Project(959674692102200).meetings#76
10:24:18.418 [pool-3-thread-4] DEBUG org.hibernate.orm.results.loading.entity - (EntityResultInitializer) Done materializing entityInstance : org.frcpm.models.Project(959674691997700)#77
10:24:18.418 [pool-3-thread-4] DEBUG org.hibernate.orm.results.loading - Calling top-level assembler (0 / 1) : org.hibernate.sql.results.graph.entity.internal.EntityAssembler@23575331
10:24:18.418 [pool-3-thread-4] DEBUG org.hibernate.orm.results - Extracted JDBC value [0] - [78]
10:24:18.418 [pool-3-thread-4] DEBUG org.hibernate.orm.results.loading.entity - (EntityResultInitializer) Hydrated EntityKey (org.frcpm.models.Project(959674691997700)): 78
10:24:18.418 [pool-3-thread-4] DEBUG org.hibernate.orm.results.loading.org.hibernate.orm.results.loading.collection - (DelayedCollectionInitializer) Current row collection key : org.frcpm.models.Project(959674691997700).meetings#78
10:24:18.418 [pool-3-thread-3] DEBUG org.hibernate.orm.results.loading.org.hibernate.orm.results.loading.collection - (DelayedCollectionInitializer) Current row collection key : org.frcpm.models.Project(959674692102200).milestones#76
10:24:18.418 [pool-3-thread-4] DEBUG org.hibernate.orm.results.loading.org.hibernate.orm.results.loading.collection - (DelayedCollectionInitializer) Current row collection key : org.frcpm.models.Project(959674691997700).milestones#78
10:24:18.418 [pool-3-thread-4] DEBUG org.hibernate.orm.results.loading.org.hibernate.orm.results.loading.collection - (DelayedCollectionInitializer) Current row collection key : org.frcpm.models.Project(959674691997700).tasks#78
10:24:18.418 [pool-3-thread-3] DEBUG org.hibernate.orm.results.loading.org.hibernate.orm.results.loading.collection - (DelayedCollectionInitializer) Current row collection key : org.frcpm.models.Project(959674692102200).tasks#76
10:24:18.418 [pool-3-thread-4] DEBUG org.hibernate.orm.results.loading.entity - (EntityResultInitializer) Created new entity instance [org.frcpm.models.Project(959674691997700)#78] : 130110871
10:24:18.418 [pool-3-thread-3] DEBUG org.hibernate.orm.results.loading.entity - (EntityResultInitializer) Created new entity instance [org.frcpm.models.Project(959674692102200)#76] : 132843502
10:24:18.418 [pool-3-thread-4] DEBUG org.hibernate.orm.results - Extracted JDBC value [1] - [null]
10:24:18.418 [pool-3-thread-3] DEBUG org.hibernate.orm.results - Extracted JDBC value [1] - [null]
10:24:18.418 [pool-3-thread-4] DEBUG org.hibernate.orm.results - Extracted JDBC value [2] - [2025-06-06]
10:24:18.418 [pool-3-thread-3] DEBUG org.hibernate.orm.results - Extracted JDBC value [2] - [2025-06-06]
10:24:18.418 [pool-3-thread-4] DEBUG org.hibernate.orm.results - Extracted JDBC value [3] - [2025-06-20]
10:24:18.418 [pool-3-thread-4] DEBUG org.hibernate.orm.results - Extracted JDBC value [4] - [Test Task Project]
10:24:18.418 [pool-3-thread-3] DEBUG org.hibernate.orm.results - Extracted JDBC value [3] - [2025-06-20]
10:24:18.418 [pool-3-thread-4] DEBUG org.hibernate.orm.results - Extracted JDBC value [5] - [2025-04-25]
10:24:18.418 [pool-3-thread-3] DEBUG org.hibernate.orm.results - Extracted JDBC value [4] - [Test Task Project]
10:24:18.418 [pool-3-thread-3] DEBUG org.hibernate.orm.results - Extracted JDBC value [5] - [2025-04-25]
10:24:18.418 [pool-3-thread-4] DEBUG org.hibernate.orm.results.loading.entity - (EntityResultInitializer) Done materializing entityInstance : org.frcpm.models.Project(959674691997700)#78
10:24:18.418 [pool-3-thread-4] DEBUG org.hibernate.orm.results.loading - Calling top-level assembler (0 / 1) : org.hibernate.sql.results.graph.entity.internal.EntityAssembler@23575331
10:24:18.418 [pool-3-thread-4] DEBUG org.hibernate.orm.results - Extracted JDBC value [0] - [79]
10:24:18.418 [pool-3-thread-3] DEBUG org.hibernate.orm.results.loading.entity - (EntityResultInitializer) Done materializing entityInstance : org.frcpm.models.Project(959674692102200)#76
10:24:18.418 [pool-3-thread-4] DEBUG org.hibernate.orm.results.loading.entity - (EntityResultInitializer) Hydrated EntityKey (org.frcpm.models.Project(959674691997700)): 79
10:24:18.418 [pool-3-thread-4] DEBUG org.hibernate.orm.results.loading.org.hibernate.orm.results.loading.collection - (DelayedCollectionInitializer) Current row collection key : org.frcpm.models.Project(959674691997700).meetings#79
10:24:18.418 [pool-3-thread-4] DEBUG org.hibernate.orm.results.loading.org.hibernate.orm.results.loading.collection - (DelayedCollectionInitializer) Current row collection key : org.frcpm.models.Project(959674691997700).milestones#79
10:24:18.418 [pool-3-thread-3] DEBUG org.hibernate.orm.results.loading - Calling top-level assembler (0 / 1) : org.hibernate.sql.results.graph.entity.internal.EntityAssembler@4e599940
10:24:18.418 [pool-3-thread-4] DEBUG org.hibernate.orm.results.loading.org.hibernate.orm.results.loading.collection - (DelayedCollectionInitializer) Current row collection key : org.frcpm.models.Project(959674691997700).tasks#79
10:24:18.418 [pool-3-thread-3] DEBUG org.hibernate.orm.results - Extracted JDBC value [0] - [77]
10:24:18.418 [pool-3-thread-4] DEBUG org.hibernate.orm.results.loading.entity - (EntityResultInitializer) Created new entity instance [org.frcpm.models.Project(959674691997700)#79] : 111462888
10:24:18.418 [pool-3-thread-3] DEBUG org.hibernate.orm.results.loading.entity - (EntityResultInitializer) Hydrated EntityKey (org.frcpm.models.Project(959674692102200)): 77
10:24:18.418 [pool-3-thread-3] DEBUG org.hibernate.orm.results.loading.org.hibernate.orm.results.loading.collection - (DelayedCollectionInitializer) Current row collection key : org.frcpm.models.Project(959674692102200).meetings#77
10:24:18.418 [pool-3-thread-4] DEBUG org.hibernate.orm.results - Extracted JDBC value [1] - [null]
10:24:18.418 [pool-3-thread-3] DEBUG org.hibernate.orm.results.loading.org.hibernate.orm.results.loading.collection - (DelayedCollectionInitializer) Current row collection key : org.frcpm.models.Project(959674692102200).milestones#77
10:24:18.418 [pool-3-thread-3] DEBUG org.hibernate.orm.results.loading.org.hibernate.orm.results.loading.collection - (DelayedCollectionInitializer) Current row collection key : org.frcpm.models.Project(959674692102200).tasks#77
10:24:18.418 [pool-3-thread-4] DEBUG org.hibernate.orm.results - Extracted JDBC value [2] - [2025-06-06]
10:24:18.418 [pool-3-thread-4] DEBUG org.hibernate.orm.results - Extracted JDBC value [3] - [2025-06-20]
10:24:18.418 [pool-3-thread-3] DEBUG org.hibernate.orm.results.loading.entity - (EntityResultInitializer) Created new entity instance [org.frcpm.models.Project(959674692102200)#77] : 338081796
10:24:18.418 [pool-3-thread-4] DEBUG org.hibernate.orm.results - Extracted JDBC value [4] - [Test Task Project]
10:24:18.418 [pool-3-thread-4] DEBUG org.hibernate.orm.results - Extracted JDBC value [5] - [2025-04-25]
10:24:18.418 [pool-3-thread-3] DEBUG org.hibernate.orm.results - Extracted JDBC value [1] - [null]
10:24:18.418 [pool-3-thread-3] DEBUG org.hibernate.orm.results - Extracted JDBC value [2] - [2025-06-06]
10:24:18.418 [pool-3-thread-3] DEBUG org.hibernate.orm.results - Extracted JDBC value [3] - [2025-06-20]
10:24:18.418 [pool-3-thread-4] DEBUG org.hibernate.orm.results.loading.entity - (EntityResultInitializer) Done materializing entityInstance : org.frcpm.models.Project(959674691997700)#79
10:24:18.418 [pool-3-thread-3] DEBUG org.hibernate.orm.results - Extracted JDBC value [4] - [Test Task Project]
10:24:18.418 [pool-3-thread-3] DEBUG org.hibernate.orm.results - Extracted JDBC value [5] - [2025-04-25]
10:24:18.418 [pool-3-thread-4] DEBUG org.hibernate.orm.results.loading - Calling top-level assembler (0 / 1) : org.hibernate.sql.results.graph.entity.internal.EntityAssembler@23575331
10:24:18.418 [pool-3-thread-4] DEBUG org.hibernate.orm.results - Extracted JDBC value [0] - [80]
10:24:18.418 [pool-3-thread-4] DEBUG org.hibernate.orm.results.loading.entity - (EntityResultInitializer) Hydrated EntityKey (org.frcpm.models.Project(959674691997700)): 80
10:24:18.418 [pool-3-thread-3] DEBUG org.hibernate.orm.results.loading.entity - (EntityResultInitializer) Done materializing entityInstance : org.frcpm.models.Project(959674692102200)#77
10:24:18.418 [pool-3-thread-4] DEBUG org.hibernate.orm.results.loading.org.hibernate.orm.results.loading.collection - (DelayedCollectionInitializer) Current row collection key : org.frcpm.models.Project(959674691997700).meetings#80
10:24:18.418 [pool-3-thread-3] DEBUG org.hibernate.orm.results.loading - Calling top-level assembler (0 / 1) : org.hibernate.sql.results.graph.entity.internal.EntityAssembler@4e599940
10:24:18.418 [pool-3-thread-4] DEBUG org.hibernate.orm.results.loading.org.hibernate.orm.results.loading.collection - (DelayedCollectionInitializer) Current row collection key : org.frcpm.models.Project(959674691997700).milestones#80
10:24:18.418 [pool-3-thread-4] DEBUG org.hibernate.orm.results.loading.org.hibernate.orm.results.loading.collection - (DelayedCollectionInitializer) Current row collection key : org.frcpm.models.Project(959674691997700).tasks#80
10:24:18.418 [pool-3-thread-3] DEBUG org.hibernate.orm.results - Extracted JDBC value [0] - [78]
10:24:18.419 [pool-3-thread-3] DEBUG org.hibernate.orm.results.loading.entity - (EntityResultInitializer) Hydrated EntityKey (org.frcpm.models.Project(959674692102200)): 78
10:24:18.419 [pool-3-thread-4] DEBUG org.hibernate.orm.results.loading.entity - (EntityResultInitializer) Created new entity instance [org.frcpm.models.Project(959674691997700)#80] : 1762579118
10:24:18.419 [pool-3-thread-3] DEBUG org.hibernate.orm.results.loading.org.hibernate.orm.results.loading.collection - (DelayedCollectionInitializer) Current row collection key : org.frcpm.models.Project(959674692102200).meetings#78
10:24:18.419 [pool-3-thread-4] DEBUG org.hibernate.orm.results - Extracted JDBC value [1] - [null]
10:24:18.419 [pool-3-thread-3] DEBUG org.hibernate.orm.results.loading.org.hibernate.orm.results.loading.collection - (DelayedCollectionInitializer) Current row collection key : org.frcpm.models.Project(959674692102200).milestones#78
10:24:18.419 [pool-3-thread-3] DEBUG org.hibernate.orm.results.loading.org.hibernate.orm.results.loading.collection - (DelayedCollectionInitializer) Current row collection key : org.frcpm.models.Project(959674692102200).tasks#78
10:24:18.419 [pool-3-thread-4] DEBUG org.hibernate.orm.results - Extracted JDBC value [2] - [2025-06-06]
10:24:18.419 [pool-3-thread-4] DEBUG org.hibernate.orm.results - Extracted JDBC value [3] - [2025-06-20]
10:24:18.419 [pool-3-thread-3] DEBUG org.hibernate.orm.results.loading.entity - (EntityResultInitializer) Created new entity instance [org.frcpm.models.Project(959674692102200)#78] : 1132359882
10:24:18.419 [pool-3-thread-4] DEBUG org.hibernate.orm.results - Extracted JDBC value [4] - [Test Task Project]
10:24:18.419 [pool-3-thread-4] DEBUG org.hibernate.orm.results - Extracted JDBC value [5] - [2025-04-25]
10:24:18.419 [pool-3-thread-3] DEBUG org.hibernate.orm.results - Extracted JDBC value [1] - [null]
10:24:18.419 [pool-3-thread-4] DEBUG org.hibernate.orm.results.loading.entity - (EntityResultInitializer) Done materializing entityInstance : org.frcpm.models.Project(959674691997700)#80
10:24:18.419 [pool-3-thread-3] DEBUG org.hibernate.orm.results - Extracted JDBC value [2] - [2025-06-06]
10:24:18.419 [pool-3-thread-4] DEBUG org.hibernate.orm.results.loading - Calling top-level assembler (0 / 1) : org.hibernate.sql.results.graph.entity.internal.EntityAssembler@23575331
10:24:18.419 [pool-3-thread-3] DEBUG org.hibernate.orm.results - Extracted JDBC value [3] - [2025-06-20]
10:24:18.419 [pool-3-thread-3] DEBUG org.hibernate.orm.results - Extracted JDBC value [4] - [Test Task Project]
10:24:18.419 [pool-3-thread-4] DEBUG org.hibernate.orm.results - Extracted JDBC value [0] - [81]
10:24:18.419 [pool-3-thread-3] DEBUG org.hibernate.orm.results - Extracted JDBC value [5] - [2025-04-25]
10:24:18.419 [pool-3-thread-4] DEBUG org.hibernate.orm.results.loading.entity - (EntityResultInitializer) Hydrated EntityKey (org.frcpm.models.Project(959674691997700)): 81
10:24:18.419 [pool-3-thread-4] DEBUG org.hibernate.orm.results.loading.org.hibernate.orm.results.loading.collection - (DelayedCollectionInitializer) Current row collection key : org.frcpm.models.Project(959674691997700).meetings#81
10:24:18.419 [pool-3-thread-3] DEBUG org.hibernate.orm.results.loading.entity - (EntityResultInitializer) Done materializing entityInstance : org.frcpm.models.Project(959674692102200)#78
10:24:18.419 [pool-3-thread-4] DEBUG org.hibernate.orm.results.loading.org.hibernate.orm.results.loading.collection - (DelayedCollectionInitializer) Current row collection key : org.frcpm.models.Project(959674691997700).milestones#81
10:24:18.419 [pool-3-thread-4] DEBUG org.hibernate.orm.results.loading.org.hibernate.orm.results.loading.collection - (DelayedCollectionInitializer) Current row collection key : org.frcpm.models.Project(959674691997700).tasks#81
10:24:18.419 [pool-3-thread-4] DEBUG org.hibernate.orm.results.loading.entity - (EntityResultInitializer) Created new entity instance [org.frcpm.models.Project(959674691997700)#81] : 2005531908
10:24:18.419 [pool-3-thread-4] DEBUG org.hibernate.orm.results - Extracted JDBC value [1] - [null]
10:24:18.419 [pool-3-thread-4] DEBUG org.hibernate.orm.results - Extracted JDBC value [2] - [2025-06-06]
10:24:18.419 [pool-3-thread-4] DEBUG org.hibernate.orm.results - Extracted JDBC value [3] - [2025-06-20]
10:24:18.419 [pool-3-thread-4] DEBUG org.hibernate.orm.results - Extracted JDBC value [4] - [Test Task Project]
10:24:18.419 [pool-3-thread-4] DEBUG org.hibernate.orm.results - Extracted JDBC value [5] - [2025-04-25]
10:24:18.419 [pool-3-thread-4] DEBUG org.hibernate.orm.results.loading.entity - (EntityResultInitializer) Done materializing entityInstance : org.frcpm.models.Project(959674691997700)#81
10:24:18.419 [pool-3-thread-4] DEBUG org.hibernate.orm.results.loading - Calling top-level assembler (0 / 1) : org.hibernate.sql.results.graph.entity.internal.EntityAssembler@23575331
10:24:18.419 [pool-3-thread-4] DEBUG org.hibernate.orm.results - Extracted JDBC value [0] - [82]
10:24:18.419 [pool-3-thread-4] DEBUG org.hibernate.orm.results.loading.entity - (EntityResultInitializer) Hydrated EntityKey (org.frcpm.models.Project(959674691997700)): 82
10:24:18.419 [pool-3-thread-4] DEBUG org.hibernate.orm.results.loading.org.hibernate.orm.results.loading.collection - (DelayedCollectionInitializer) Current row collection key : org.frcpm.models.Project(959674691997700).meetings#82
10:24:18.419 [pool-3-thread-4] DEBUG org.hibernate.orm.results.loading.org.hibernate.orm.results.loading.collection - (DelayedCollectionInitializer) Current row collection key : org.frcpm.models.Project(959674691997700).milestones#82
10:24:18.419 [pool-3-thread-4] DEBUG org.hibernate.orm.results.loading.org.hibernate.orm.results.loading.collection - (DelayedCollectionInitializer) Current row collection key : org.frcpm.models.Project(959674691997700).tasks#82
10:24:18.419 [pool-3-thread-3] DEBUG org.hibernate.orm.results.loading - Calling top-level assembler (0 / 1) : org.hibernate.sql.results.graph.entity.internal.EntityAssembler@4e599940
10:24:18.419 [pool-3-thread-4] DEBUG org.hibernate.orm.results.loading.entity - (EntityResultInitializer) Created new entity instance [org.frcpm.models.Project(959674691997700)#82] : 1126242667
10:24:18.419 [pool-3-thread-4] DEBUG org.hibernate.orm.results - Extracted JDBC value [1] - [null]
10:24:18.419 [pool-3-thread-3] DEBUG org.hibernate.orm.results - Extracted JDBC value [0] - [79]
10:24:18.419 [pool-3-thread-4] DEBUG org.hibernate.orm.results - Extracted JDBC value [2] - [2025-06-06]
10:24:18.419 [pool-3-thread-3] DEBUG org.hibernate.orm.results.loading.entity - (EntityResultInitializer) Hydrated EntityKey (org.frcpm.models.Project(959674692102200)): 79
10:24:18.419 [pool-3-thread-4] DEBUG org.hibernate.orm.results - Extracted JDBC value [3] - [2025-06-20]
10:24:18.419 [pool-3-thread-4] DEBUG org.hibernate.orm.results - Extracted JDBC value [4] - [Test Task Project]
10:24:18.419 [pool-3-thread-3] DEBUG org.hibernate.orm.results.loading.org.hibernate.orm.results.loading.collection - (DelayedCollectionInitializer) Current row collection key : org.frcpm.models.Project(959674692102200).meetings#79
10:24:18.419 [pool-3-thread-4] DEBUG org.hibernate.orm.results - Extracted JDBC value [5] - [2025-04-25]
10:24:18.419 [pool-3-thread-3] DEBUG org.hibernate.orm.results.loading.org.hibernate.orm.results.loading.collection - (DelayedCollectionInitializer) Current row collection key : org.frcpm.models.Project(959674692102200).milestones#79
10:24:18.419 [pool-3-thread-3] DEBUG org.hibernate.orm.results.loading.org.hibernate.orm.results.loading.collection - (DelayedCollectionInitializer) Current row collection key : org.frcpm.models.Project(959674692102200).tasks#79
10:24:18.419 [pool-3-thread-4] DEBUG org.hibernate.orm.results.loading.entity - (EntityResultInitializer) Done materializing entityInstance : org.frcpm.models.Project(959674691997700)#82
10:24:18.419 [pool-3-thread-4] DEBUG org.hibernate.orm.results.loading - Calling top-level assembler (0 / 1) : org.hibernate.sql.results.graph.entity.internal.EntityAssembler@23575331
10:24:18.419 [pool-3-thread-3] DEBUG org.hibernate.orm.results.loading.entity - (EntityResultInitializer) Created new entity instance [org.frcpm.models.Project(959674692102200)#79] : 865145305
10:24:18.419 [pool-3-thread-4] DEBUG org.hibernate.orm.results - Extracted JDBC value [0] - [104]
10:24:18.419 [pool-3-thread-4] DEBUG org.hibernate.orm.results.loading.entity - (EntityResultInitializer) Hydrated EntityKey (org.frcpm.models.Project(959674691997700)): 104
10:24:18.419 [pool-3-thread-4] DEBUG org.hibernate.orm.results.loading.org.hibernate.orm.results.loading.collection - (DelayedCollectionInitializer) Current row collection key : org.frcpm.models.Project(959674691997700).meetings#104
10:24:18.419 [pool-3-thread-4] DEBUG org.hibernate.orm.results.loading.org.hibernate.orm.results.loading.collection - (DelayedCollectionInitializer) Current row collection key : org.frcpm.models.Project(959674691997700).milestones#104
10:24:18.419 [pool-3-thread-4] DEBUG org.hibernate.orm.results.loading.org.hibernate.orm.results.loading.collection - (DelayedCollectionInitializer) Current row collection key : org.frcpm.models.Project(959674691997700).tasks#104
10:24:18.419 [pool-3-thread-3] DEBUG org.hibernate.orm.results - Extracted JDBC value [1] - [null]
10:24:18.419 [pool-3-thread-4] DEBUG org.hibernate.orm.results.loading.entity - (EntityResultInitializer) Created new entity instance [org.frcpm.models.Project(959674691997700)#104] : 1431263053
10:24:18.419 [pool-3-thread-4] DEBUG org.hibernate.orm.results - Extracted JDBC value [1] - [null]
10:24:18.419 [pool-3-thread-3] DEBUG org.hibernate.orm.results - Extracted JDBC value [2] - [2025-06-06]
10:24:18.419 [pool-3-thread-4] DEBUG org.hibernate.orm.results - Extracted JDBC value [2] - [2025-06-06]
10:24:18.419 [pool-3-thread-3] DEBUG org.hibernate.orm.results - Extracted JDBC value [3] - [2025-06-20]
10:24:18.419 [pool-3-thread-4] DEBUG org.hibernate.orm.results - Extracted JDBC value [3] - [2025-06-20]
10:24:18.419 [pool-3-thread-4] DEBUG org.hibernate.orm.results - Extracted JDBC value [4] - [Component Test Project]
10:24:18.419 [pool-3-thread-3] DEBUG org.hibernate.orm.results - Extracted JDBC value [4] - [Test Task Project]
10:24:18.419 [pool-3-thread-4] DEBUG org.hibernate.orm.results - Extracted JDBC value [5] - [2025-04-25]
10:24:18.419 [pool-3-thread-3] DEBUG org.hibernate.orm.results - Extracted JDBC value [5] - [2025-04-25]
10:24:18.419 [pool-3-thread-4] DEBUG org.hibernate.orm.results.loading.entity - (EntityResultInitializer) Done materializing entityInstance : org.frcpm.models.Project(959674691997700)#104
10:24:18.419 [pool-3-thread-4] DEBUG org.hibernate.orm.results.loading - Calling top-level assembler (0 / 1) : org.hibernate.sql.results.graph.entity.internal.EntityAssembler@23575331
10:24:18.419 [pool-3-thread-3] DEBUG org.hibernate.orm.results.loading.entity - (EntityResultInitializer) Done materializing entityInstance : org.frcpm.models.Project(959674692102200)#79
10:24:18.419 [pool-3-thread-4] DEBUG org.hibernate.orm.results - Extracted JDBC value [0] - [135]
10:24:18.419 [pool-3-thread-3] DEBUG org.hibernate.orm.results.loading - Calling top-level assembler (0 / 1) : org.hibernate.sql.results.graph.entity.internal.EntityAssembler@4e599940
10:24:18.419 [pool-3-thread-4] DEBUG org.hibernate.orm.results.loading.entity - (EntityResultInitializer) Hydrated EntityKey (org.frcpm.models.Project(959674691997700)): 135
10:24:18.419 [pool-3-thread-3] DEBUG org.hibernate.orm.results - Extracted JDBC value [0] - [80]
10:24:18.419 [pool-3-thread-4] DEBUG org.hibernate.orm.results.loading.org.hibernate.orm.results.loading.collection - (DelayedCollectionInitializer) Current row collection key : org.frcpm.models.Project(959674691997700).meetings#135
10:24:18.419 [pool-3-thread-3] DEBUG org.hibernate.orm.results.loading.entity - (EntityResultInitializer) Hydrated EntityKey (org.frcpm.models.Project(959674692102200)): 80
10:24:18.419 [pool-3-thread-4] DEBUG org.hibernate.orm.results.loading.org.hibernate.orm.results.loading.collection - (DelayedCollectionInitializer) Current row collection key : org.frcpm.models.Project(959674691997700).milestones#135
10:24:18.419 [pool-3-thread-3] DEBUG org.hibernate.orm.results.loading.org.hibernate.orm.results.loading.collection - (DelayedCollectionInitializer) Current row collection key : org.frcpm.models.Project(959674692102200).meetings#80
10:24:18.419 [pool-3-thread-4] DEBUG org.hibernate.orm.results.loading.org.hibernate.orm.results.loading.collection - (DelayedCollectionInitializer) Current row collection key : org.frcpm.models.Project(959674691997700).tasks#135
10:24:18.419 [pool-3-thread-3] DEBUG org.hibernate.orm.results.loading.org.hibernate.orm.results.loading.collection - (DelayedCollectionInitializer) Current row collection key : org.frcpm.models.Project(959674692102200).milestones#80
10:24:18.419 [pool-3-thread-3] DEBUG org.hibernate.orm.results.loading.org.hibernate.orm.results.loading.collection - (DelayedCollectionInitializer) Current row collection key : org.frcpm.models.Project(959674692102200).tasks#80
10:24:18.419 [pool-3-thread-4] DEBUG org.hibernate.orm.results.loading.entity - (EntityResultInitializer) Created new entity instance [org.frcpm.models.Project(959674691997700)#135] : 591597053
10:24:18.419 [pool-3-thread-3] DEBUG org.hibernate.orm.results.loading.entity - (EntityResultInitializer) Created new entity instance [org.frcpm.models.Project(959674692102200)#80] : 307567564
10:24:18.419 [pool-3-thread-4] DEBUG org.hibernate.orm.results - Extracted JDBC value [1] - [null]
10:24:18.419 [pool-3-thread-4] DEBUG org.hibernate.orm.results - Extracted JDBC value [2] - [2025-05-23]
10:24:18.419 [pool-3-thread-3] DEBUG org.hibernate.orm.results - Extracted JDBC value [1] - [null]
10:24:18.419 [pool-3-thread-4] DEBUG org.hibernate.orm.results - Extracted JDBC value [3] - [2025-06-06]
10:24:18.419 [pool-3-thread-3] DEBUG org.hibernate.orm.results - Extracted JDBC value [2] - [2025-06-06]
10:24:18.419 [pool-3-thread-4] DEBUG org.hibernate.orm.results - Extracted JDBC value [4] - [Test Create Service Project]
10:24:18.419 [pool-3-thread-3] DEBUG org.hibernate.orm.results - Extracted JDBC value [3] - [2025-06-20]
10:24:18.419 [pool-3-thread-4] DEBUG org.hibernate.orm.results - Extracted JDBC value [5] - [2025-04-25]
10:24:18.419 [pool-3-thread-3] DEBUG org.hibernate.orm.results - Extracted JDBC value [4] - [Test Task Project]
10:24:18.419 [pool-3-thread-3] DEBUG org.hibernate.orm.results - Extracted JDBC value [5] - [2025-04-25]
10:24:18.419 [pool-3-thread-4] DEBUG org.hibernate.orm.results.loading.entity - (EntityResultInitializer) Done materializing entityInstance : org.frcpm.models.Project(959674691997700)#135
10:24:18.419 [pool-3-thread-3] DEBUG org.hibernate.orm.results.loading.entity - (EntityResultInitializer) Done materializing entityInstance : org.frcpm.models.Project(959674692102200)#80
10:24:18.419 [pool-3-thread-4] DEBUG org.hibernate.orm.results.loading - Calling top-level assembler (0 / 1) : org.hibernate.sql.results.graph.entity.internal.EntityAssembler@23575331
10:24:18.419 [pool-3-thread-3] DEBUG org.hibernate.orm.results.loading - Calling top-level assembler (0 / 1) : org.hibernate.sql.results.graph.entity.internal.EntityAssembler@4e599940
10:24:18.419 [pool-3-thread-4] DEBUG org.hibernate.orm.results - Extracted JDBC value [0] - [142]
10:24:18.419 [pool-3-thread-4] DEBUG org.hibernate.orm.results.loading.entity - (EntityResultInitializer) Hydrated EntityKey (org.frcpm.models.Project(959674691997700)): 142
10:24:18.419 [pool-3-thread-3] DEBUG org.hibernate.orm.results - Extracted JDBC value [0] - [81]
10:24:18.419 [pool-3-thread-4] DEBUG org.hibernate.orm.results.loading.org.hibernate.orm.results.loading.collection - (DelayedCollectionInitializer) Current row collection key : org.frcpm.models.Project(959674691997700).meetings#142
10:24:18.419 [pool-3-thread-3] DEBUG org.hibernate.orm.results.loading.entity - (EntityResultInitializer) Hydrated EntityKey (org.frcpm.models.Project(959674692102200)): 81
10:24:18.419 [pool-3-thread-4] DEBUG org.hibernate.orm.results.loading.org.hibernate.orm.results.loading.collection - (DelayedCollectionInitializer) Current row collection key : org.frcpm.models.Project(959674691997700).milestones#142
10:24:18.419 [pool-3-thread-3] DEBUG org.hibernate.orm.results.loading.org.hibernate.orm.results.loading.collection - (DelayedCollectionInitializer) Current row collection key : org.frcpm.models.Project(959674692102200).meetings#81
10:24:18.419 [pool-3-thread-4] DEBUG org.hibernate.orm.results.loading.org.hibernate.orm.results.loading.collection - (DelayedCollectionInitializer) Current row collection key : org.frcpm.models.Project(959674691997700).tasks#142
10:24:18.419 [pool-3-thread-3] DEBUG org.hibernate.orm.results.loading.org.hibernate.orm.results.loading.collection - (DelayedCollectionInitializer) Current row collection key : org.frcpm.models.Project(959674692102200).milestones#81
10:24:18.419 [pool-3-thread-3] DEBUG org.hibernate.orm.results.loading.org.hibernate.orm.results.loading.collection - (DelayedCollectionInitializer) Current row collection key : org.frcpm.models.Project(959674692102200).tasks#81
10:24:18.419 [pool-3-thread-4] DEBUG org.hibernate.orm.results.loading.entity - (EntityResultInitializer) Created new entity instance [org.frcpm.models.Project(959674691997700)#142] : 846391955
10:24:18.419 [pool-3-thread-3] DEBUG org.hibernate.orm.results.loading.entity - (EntityResultInitializer) Created new entity instance [org.frcpm.models.Project(959674692102200)#81] : 165695713
10:24:18.419 [pool-3-thread-4] DEBUG org.hibernate.orm.results - Extracted JDBC value [1] - [Updated description]
10:24:18.419 [pool-3-thread-3] DEBUG org.hibernate.orm.results - Extracted JDBC value [1] - [null]
10:24:18.419 [pool-3-thread-4] DEBUG org.hibernate.orm.results - Extracted JDBC value [2] - [2025-05-23]
10:24:18.419 [pool-3-thread-4] DEBUG org.hibernate.orm.results - Extracted JDBC value [3] - [2025-06-06]
10:24:18.419 [pool-3-thread-3] DEBUG org.hibernate.orm.results - Extracted JDBC value [2] - [2025-06-06]
10:24:18.419 [pool-3-thread-4] DEBUG org.hibernate.orm.results - Extracted JDBC value [4] - [Updated Service Project Name]
10:24:18.419 [pool-3-thread-3] DEBUG org.hibernate.orm.results - Extracted JDBC value [3] - [2025-06-20]
10:24:18.419 [pool-3-thread-3] DEBUG org.hibernate.orm.results - Extracted JDBC value [4] - [Test Task Project]
10:24:18.419 [pool-3-thread-3] DEBUG org.hibernate.orm.results - Extracted JDBC value [5] - [2025-04-25]
10:24:18.419 [pool-3-thread-4] DEBUG org.hibernate.orm.results - Extracted JDBC value [5] - [2025-04-25]
10:24:18.419 [pool-3-thread-3] DEBUG org.hibernate.orm.results.loading.entity - (EntityResultInitializer) Done materializing entityInstance : org.frcpm.models.Project(959674692102200)#81
10:24:18.419 [pool-3-thread-3] DEBUG org.hibernate.orm.results.loading - Calling top-level assembler (0 / 1) : org.hibernate.sql.results.graph.entity.internal.EntityAssembler@4e599940
10:24:18.419 [pool-3-thread-4] DEBUG org.hibernate.orm.results.loading.entity - (EntityResultInitializer) Done materializing entityInstance : org.frcpm.models.Project(959674691997700)#142
10:24:18.419 [pool-3-thread-4] DEBUG org.hibernate.orm.results.loading - Calling top-level assembler (0 / 1) : org.hibernate.sql.results.graph.entity.internal.EntityAssembler@23575331
10:24:18.419 [pool-3-thread-3] DEBUG org.hibernate.orm.results - Extracted JDBC value [0] - [82]
10:24:18.419 [pool-3-thread-3] DEBUG org.hibernate.orm.results.loading.entity - (EntityResultInitializer) Hydrated EntityKey (org.frcpm.models.Project(959674692102200)): 82
10:24:18.419 [pool-3-thread-4] DEBUG org.hibernate.orm.results - Extracted JDBC value [0] - [148]
10:24:18.419 [pool-3-thread-4] DEBUG org.hibernate.orm.results.loading.entity - (EntityResultInitializer) Hydrated EntityKey (org.frcpm.models.Project(959674691997700)): 148
10:24:18.419 [pool-3-thread-3] DEBUG org.hibernate.orm.results.loading.org.hibernate.orm.results.loading.collection - (DelayedCollectionInitializer) Current row collection key : org.frcpm.models.Project(959674692102200).meetings#82
10:24:18.420 [pool-3-thread-4] DEBUG org.hibernate.orm.results.loading.org.hibernate.orm.results.loading.collection - (DelayedCollectionInitializer) Current row collection key : org.frcpm.models.Project(959674691997700).meetings#148
10:24:18.420 [pool-3-thread-4] DEBUG org.hibernate.orm.results.loading.org.hibernate.orm.results.loading.collection - (DelayedCollectionInitializer) Current row collection key : org.frcpm.models.Project(959674691997700).milestones#148
10:24:18.420 [pool-3-thread-3] DEBUG org.hibernate.orm.results.loading.org.hibernate.orm.results.loading.collection - (DelayedCollectionInitializer) Current row collection key : org.frcpm.models.Project(959674692102200).milestones#82
10:24:18.420 [pool-3-thread-4] DEBUG org.hibernate.orm.results.loading.org.hibernate.orm.results.loading.collection - (DelayedCollectionInitializer) Current row collection key : org.frcpm.models.Project(959674691997700).tasks#148
10:24:18.420 [pool-3-thread-3] DEBUG org.hibernate.orm.results.loading.org.hibernate.orm.results.loading.collection - (DelayedCollectionInitializer) Current row collection key : org.frcpm.models.Project(959674692102200).tasks#82
10:24:18.420 [pool-3-thread-4] DEBUG org.hibernate.orm.results.loading.entity - (EntityResultInitializer) Created new entity instance [org.frcpm.models.Project(959674691997700)#148] : 761395318
10:24:18.420 [pool-3-thread-3] DEBUG org.hibernate.orm.results.loading.entity - (EntityResultInitializer) Created new entity instance [org.frcpm.models.Project(959674692102200)#82] : 119924286
10:24:18.420 [pool-3-thread-4] DEBUG org.hibernate.orm.results - Extracted JDBC value [1] - [null]
10:24:18.420 [pool-3-thread-3] DEBUG org.hibernate.orm.results - Extracted JDBC value [1] - [null]
10:24:18.420 [pool-3-thread-4] DEBUG org.hibernate.orm.results - Extracted JDBC value [2] - [2025-05-23]
10:24:18.420 [pool-3-thread-3] DEBUG org.hibernate.orm.results - Extracted JDBC value [2] - [2025-06-06]
10:24:18.420 [pool-3-thread-4] DEBUG org.hibernate.orm.results - Extracted JDBC value [3] - [2025-06-06]
10:24:18.420 [pool-3-thread-3] DEBUG org.hibernate.orm.results - Extracted JDBC value [3] - [2025-06-20]
10:24:18.420 [pool-3-thread-3] DEBUG org.hibernate.orm.results - Extracted JDBC value [4] - [Test Task Project]
10:24:18.420 [pool-3-thread-3] DEBUG org.hibernate.orm.results - Extracted JDBC value [5] - [2025-04-25]
10:24:18.420 [pool-3-thread-4] DEBUG org.hibernate.orm.results - Extracted JDBC value [4] - [Test Summary Project]
10:24:18.420 [pool-3-thread-4] DEBUG org.hibernate.orm.results - Extracted JDBC value [5] - [2025-04-25]
10:24:18.420 [pool-3-thread-3] DEBUG org.hibernate.orm.results.loading.entity - (EntityResultInitializer) Done materializing entityInstance : org.frcpm.models.Project(959674692102200)#82
10:24:18.420 [pool-3-thread-4] DEBUG org.hibernate.orm.results.loading.entity - (EntityResultInitializer) Done materializing entityInstance : org.frcpm.models.Project(959674691997700)#148
10:24:18.420 [pool-3-thread-3] DEBUG org.hibernate.orm.results.loading - Calling top-level assembler (0 / 1) : org.hibernate.sql.results.graph.entity.internal.EntityAssembler@4e599940
10:24:18.420 [pool-3-thread-4] DEBUG org.hibernate.orm.results.loading - Calling top-level assembler (0 / 1) : org.hibernate.sql.results.graph.entity.internal.EntityAssembler@23575331
10:24:18.420 [pool-3-thread-4] DEBUG org.hibernate.orm.results - Extracted JDBC value [0] - [170]
10:24:18.420 [pool-3-thread-3] DEBUG org.hibernate.orm.results - Extracted JDBC value [0] - [104]
10:24:18.420 [pool-3-thread-4] DEBUG org.hibernate.orm.results.loading.entity - (EntityResultInitializer) Hydrated EntityKey (org.frcpm.models.Project(959674691997700)): 170
10:24:18.420 [pool-3-thread-3] DEBUG org.hibernate.orm.results.loading.entity - (EntityResultInitializer) Hydrated EntityKey (org.frcpm.models.Project(959674692102200)): 104
10:24:18.420 [pool-3-thread-4] DEBUG org.hibernate.orm.results.loading.org.hibernate.orm.results.loading.collection - (DelayedCollectionInitializer) Current row collection key : org.frcpm.models.Project(959674691997700).meetings#170
10:24:18.420 [pool-3-thread-3] DEBUG org.hibernate.orm.results.loading.org.hibernate.orm.results.loading.collection - (DelayedCollectionInitializer) Current row collection key : org.frcpm.models.Project(959674692102200).meetings#104
10:24:18.420 [pool-3-thread-4] DEBUG org.hibernate.orm.results.loading.org.hibernate.orm.results.loading.collection - (DelayedCollectionInitializer) Current row collection key : org.frcpm.models.Project(959674691997700).milestones#170
10:24:18.420 [pool-3-thread-3] DEBUG org.hibernate.orm.results.loading.org.hibernate.orm.results.loading.collection - (DelayedCollectionInitializer) Current row collection key : org.frcpm.models.Project(959674692102200).milestones#104
10:24:18.420 [pool-3-thread-3] DEBUG org.hibernate.orm.results.loading.org.hibernate.orm.results.loading.collection - (DelayedCollectionInitializer) Current row collection key : org.frcpm.models.Project(959674692102200).tasks#104
10:24:18.420 [pool-3-thread-4] DEBUG org.hibernate.orm.results.loading.org.hibernate.orm.results.loading.collection - (DelayedCollectionInitializer) Current row collection key : org.frcpm.models.Project(959674691997700).tasks#170
10:24:18.420 [pool-3-thread-3] DEBUG org.hibernate.orm.results.loading.entity - (EntityResultInitializer) Created new entity instance [org.frcpm.models.Project(959674692102200)#104] : 1241953664
10:24:18.420 [pool-3-thread-4] DEBUG org.hibernate.orm.results.loading.entity - (EntityResultInitializer) Created new entity instance [org.frcpm.models.Project(959674691997700)#170] : 331332121
10:24:18.420 [pool-3-thread-3] DEBUG org.hibernate.orm.results - Extracted JDBC value [1] - [null]
10:24:18.420 [pool-3-thread-4] DEBUG org.hibernate.orm.results - Extracted JDBC value [1] - [Test project for unit tests]
10:24:18.421 [pool-3-thread-3] DEBUG org.hibernate.orm.results - Extracted JDBC value [2] - [2025-06-06]
10:24:18.421 [pool-3-thread-4] DEBUG org.hibernate.orm.results - Extracted JDBC value [2] - [2025-05-23]
10:24:18.421 [pool-3-thread-3] DEBUG org.hibernate.orm.results - Extracted JDBC value [3] - [2025-06-20]
10:24:18.421 [pool-3-thread-4] DEBUG org.hibernate.orm.results - Extracted JDBC value [3] - [2025-06-06]
10:24:18.421 [pool-3-thread-4] DEBUG org.hibernate.orm.results - Extracted JDBC value [4] - [Test Project 1745594658377]
10:24:18.421 [pool-3-thread-4] DEBUG org.hibernate.orm.results - Extracted JDBC value [5] - [2025-04-25]
10:24:18.421 [pool-3-thread-3] DEBUG org.hibernate.orm.results - Extracted JDBC value [4] - [Component Test Project]
10:24:18.421 [pool-3-thread-3] DEBUG org.hibernate.orm.results - Extracted JDBC value [5] - [2025-04-25]
10:24:18.421 [pool-3-thread-3] DEBUG org.hibernate.orm.results.loading.entity - (EntityResultInitializer) Done materializing entityInstance : org.frcpm.models.Project(959674692102200)#104
10:24:18.421 [pool-3-thread-4] DEBUG org.hibernate.orm.results.loading.entity - (EntityResultInitializer) Done materializing entityInstance : org.frcpm.models.Project(959674691997700)#170
10:24:18.421 [pool-3-thread-4] DEBUG org.hibernate.orm.results.loading - Calling top-level assembler (0 / 1) : org.hibernate.sql.results.graph.entity.internal.EntityAssembler@23575331
10:24:18.421 [pool-3-thread-3] DEBUG org.hibernate.orm.results.loading - Calling top-level assembler (0 / 1) : org.hibernate.sql.results.graph.entity.internal.EntityAssembler@4e599940
10:24:18.421 [pool-3-thread-3] DEBUG org.hibernate.orm.results - Extracted JDBC value [0] - [135]
10:24:18.421 [pool-3-thread-3] DEBUG org.hibernate.orm.results.loading.entity - (EntityResultInitializer) Hydrated EntityKey (org.frcpm.models.Project(959674692102200)): 135
10:24:18.421 [pool-3-thread-3] DEBUG org.hibernate.orm.results.loading.org.hibernate.orm.results.loading.collection - (DelayedCollectionInitializer) Current row collection key : org.frcpm.models.Project(959674692102200).meetings#135
10:24:18.421 [pool-3-thread-3] DEBUG org.hibernate.orm.results.loading.org.hibernate.orm.results.loading.collection - (DelayedCollectionInitializer) Current row collection key : org.frcpm.models.Project(959674692102200).milestones#135
10:24:18.421 [pool-3-thread-3] DEBUG org.hibernate.orm.results.loading.org.hibernate.orm.results.loading.collection - (DelayedCollectionInitializer) Current row collection key : org.frcpm.models.Project(959674692102200).tasks#135
10:24:18.421 [pool-3-thread-3] DEBUG org.hibernate.orm.results.loading.entity - (EntityResultInitializer) Created new entity instance [org.frcpm.models.Project(959674692102200)#135] : 1475699652
10:24:18.421 [pool-3-thread-3] DEBUG org.hibernate.orm.results - Extracted JDBC value [1] - [null]
10:24:18.421 [pool-3-thread-3] DEBUG org.hibernate.orm.results - Extracted JDBC value [2] - [2025-05-23]
10:24:18.421 [pool-3-thread-3] DEBUG org.hibernate.orm.results - Extracted JDBC value [3] - [2025-06-06]
10:24:18.421 [pool-3-thread-3] DEBUG org.hibernate.orm.results - Extracted JDBC value [4] - [Test Create Service Project]
10:24:18.421 [pool-3-thread-4] DEBUG org.hibernate.resource.jdbc.internal.LogicalConnectionManagedImpl - Initiating JDBC connection release from afterTransaction
10:24:18.421 [pool-3-thread-3] DEBUG org.hibernate.orm.results - Extracted JDBC value [5] - [2025-04-25]
10:24:18.421 [pool-3-thread-3] DEBUG org.hibernate.orm.results.loading.entity - (EntityResultInitializer) Done materializing entityInstance : org.frcpm.models.Project(959674692102200)#135
10:24:18.421 [pool-3-thread-3] DEBUG org.hibernate.orm.results.loading - Calling top-level assembler (0 / 1) : org.hibernate.sql.results.graph.entity.internal.EntityAssembler@4e599940
10:24:18.421 [pool-3-thread-3] DEBUG org.hibernate.orm.results - Extracted JDBC value [0] - [142]
10:24:18.421 [pool-3-thread-3] DEBUG org.hibernate.orm.results.loading.entity - (EntityResultInitializer) Hydrated EntityKey (org.frcpm.models.Project(959674692102200)): 142
10:24:18.421 [pool-3-thread-3] DEBUG org.hibernate.orm.results.loading.org.hibernate.orm.results.loading.collection - (DelayedCollectionInitializer) Current row collection key : org.frcpm.models.Project(959674692102200).meetings#142
10:24:18.421 [pool-3-thread-3] DEBUG org.hibernate.orm.results.loading.org.hibernate.orm.results.loading.collection - (DelayedCollectionInitializer) Current row collection key : org.frcpm.models.Project(959674692102200).milestones#142
10:24:18.421 [pool-3-thread-4] DEBUG org.hibernate.resource.jdbc.internal.LogicalConnectionManagedImpl - Initiating JDBC connection release from afterTransaction
10:24:18.421 [pool-3-thread-3] DEBUG org.hibernate.orm.results.loading.org.hibernate.orm.results.loading.collection - (DelayedCollectionInitializer) Current row collection key : org.frcpm.models.Project(959674692102200).tasks#142
10:24:18.421 [pool-3-thread-3] DEBUG org.hibernate.orm.results.loading.entity - (EntityResultInitializer) Created new entity instance [org.frcpm.models.Project(959674692102200)#142] : 1430564713
10:24:18.421 [pool-3-thread-3] DEBUG org.hibernate.orm.results - Extracted JDBC value [1] - [Updated description]
10:24:18.421 [pool-3-thread-3] DEBUG org.hibernate.orm.results - Extracted JDBC value [2] - [2025-05-23]
10:24:18.421 [pool-3-thread-3] DEBUG org.hibernate.orm.results - Extracted JDBC value [3] - [2025-06-06]
10:24:18.421 [pool-3-thread-3] DEBUG org.hibernate.orm.results - Extracted JDBC value [4] - [Updated Service Project Name]
10:24:18.421 [pool-3-thread-3] DEBUG org.hibernate.orm.results - Extracted JDBC value [5] - [2025-04-25]
10:24:18.421 [pool-3-thread-3] DEBUG org.hibernate.orm.results.loading.entity - (EntityResultInitializer) Done materializing entityInstance : org.frcpm.models.Project(959674692102200)#142
10:24:18.421 [pool-3-thread-3] DEBUG org.hibernate.orm.results.loading - Calling top-level assembler (0 / 1) : org.hibernate.sql.results.graph.entity.internal.EntityAssembler@4e599940
10:24:18.421 [pool-3-thread-3] DEBUG org.hibernate.orm.results - Extracted JDBC value [0] - [148]
10:24:18.421 [pool-3-thread-3] DEBUG org.hibernate.orm.results.loading.entity - (EntityResultInitializer) Hydrated EntityKey (org.frcpm.models.Project(959674692102200)): 148
10:24:18.421 [pool-3-thread-3] DEBUG org.hibernate.orm.results.loading.org.hibernate.orm.results.loading.collection - (DelayedCollectionInitializer) Current row collection key : org.frcpm.models.Project(959674692102200).meetings#148
10:24:18.421 [pool-3-thread-3] DEBUG org.hibernate.orm.results.loading.org.hibernate.orm.results.loading.collection - (DelayedCollectionInitializer) Current row collection key : org.frcpm.models.Project(959674692102200).milestones#148
10:24:18.421 [pool-3-thread-3] DEBUG org.hibernate.orm.results.loading.org.hibernate.orm.results.loading.collection - (DelayedCollectionInitializer) Current row collection key : org.frcpm.models.Project(959674692102200).tasks#148
10:24:18.421 [pool-3-thread-3] DEBUG org.hibernate.orm.results.loading.entity - (EntityResultInitializer) Created new entity instance [org.frcpm.models.Project(959674692102200)#148] : 1317688156
10:24:18.421 [pool-3-thread-3] DEBUG org.hibernate.orm.results - Extracted JDBC value [1] - [null]
10:24:18.421 [pool-3-thread-3] DEBUG org.hibernate.orm.results - Extracted JDBC value [2] - [2025-05-23]
10:24:18.421 [pool-3-thread-3] DEBUG org.hibernate.orm.results - Extracted JDBC value [3] - [2025-06-06]
10:24:18.421 [pool-3-thread-3] DEBUG org.hibernate.orm.results - Extracted JDBC value [4] - [Test Summary Project]
10:24:18.421 [pool-3-thread-3] DEBUG org.hibernate.orm.results - Extracted JDBC value [5] - [2025-04-25]
10:24:18.421 [pool-3-thread-3] DEBUG org.hibernate.orm.results.loading.entity - (EntityResultInitializer) Done materializing entityInstance : org.frcpm.models.Project(959674692102200)#148
10:24:18.421 [pool-3-thread-3] DEBUG org.hibernate.orm.results.loading - Calling top-level assembler (0 / 1) : org.hibernate.sql.results.graph.entity.internal.EntityAssembler@4e599940
10:24:18.421 [pool-3-thread-3] DEBUG org.hibernate.orm.results - Extracted JDBC value [0] - [170]
10:24:18.421 [pool-3-thread-3] DEBUG org.hibernate.orm.results.loading.entity - (EntityResultInitializer) Hydrated EntityKey (org.frcpm.models.Project(959674692102200)): 170
10:24:18.421 [pool-3-thread-3] DEBUG org.hibernate.orm.results.loading.org.hibernate.orm.results.loading.collection - (DelayedCollectionInitializer) Current row collection key : org.frcpm.models.Project(959674692102200).meetings#170
10:24:18.421 [pool-3-thread-3] DEBUG org.hibernate.orm.results.loading.org.hibernate.orm.results.loading.collection - (DelayedCollectionInitializer) Current row collection key : org.frcpm.models.Project(959674692102200).milestones#170
10:24:18.421 [pool-3-thread-3] DEBUG org.hibernate.orm.results.loading.org.hibernate.orm.results.loading.collection - (DelayedCollectionInitializer) Current row collection key : org.frcpm.models.Project(959674692102200).tasks#170
10:24:18.421 [pool-3-thread-3] DEBUG org.hibernate.orm.results.loading.entity - (EntityResultInitializer) Created new entity instance [org.frcpm.models.Project(959674692102200)#170] : 904522945
10:24:18.421 [pool-3-thread-3] DEBUG org.hibernate.orm.results - Extracted JDBC value [1] - [Test project for unit tests]
10:24:18.421 [pool-3-thread-1] DEBUG org.hibernate.orm.results - Extracted JDBC value [0] - [1]
10:24:18.421 [pool-3-thread-3] DEBUG org.hibernate.orm.results - Extracted JDBC value [2] - [2025-05-23]
10:24:18.421 [pool-3-thread-3] DEBUG org.hibernate.orm.results - Extracted JDBC value [3] - [2025-06-06]
10:24:18.421 [pool-3-thread-3] DEBUG org.hibernate.orm.results - Extracted JDBC value [4] - [Test Project 1745594658377]
10:24:18.421 [pool-3-thread-3] DEBUG org.hibernate.orm.results - Extracted JDBC value [5] - [2025-04-25]
10:24:18.421 [pool-3-thread-1] DEBUG org.hibernate.orm.results.loading.entity - (EntityResultInitializer) Hydrated EntityKey (org.frcpm.models.Project(959674692524500)): 1
10:24:18.421 [pool-3-thread-3] DEBUG org.hibernate.orm.results.loading.entity - (EntityResultInitializer) Done materializing entityInstance : org.frcpm.models.Project(959674692102200)#170
10:24:18.421 [pool-3-thread-3] DEBUG org.hibernate.orm.results.loading - Calling top-level assembler (0 / 1) : org.hibernate.sql.results.graph.entity.internal.EntityAssembler@4e599940
10:24:18.421 [pool-3-thread-1] DEBUG org.hibernate.orm.results.loading.org.hibernate.orm.results.loading.collection - (DelayedCollectionInitializer) Current row collection key : org.frcpm.models.Project(959674692524500).meetings#1
10:24:18.421 [pool-3-thread-1] DEBUG org.hibernate.orm.results.loading.org.hibernate.orm.results.loading.collection - (DelayedCollectionInitializer) Current row collection key : org.frcpm.models.Project(959674692524500).milestones#1
10:24:18.421 [pool-3-thread-1] DEBUG org.hibernate.orm.results.loading.org.hibernate.orm.results.loading.collection - (DelayedCollectionInitializer) Current row collection key : org.frcpm.models.Project(959674692524500).tasks#1
10:24:18.421 [pool-3-thread-1] DEBUG org.hibernate.orm.results.loading.entity - (EntityResultInitializer) Created new entity instance [org.frcpm.models.Project(959674692524500)#1] : 2050879156
10:24:18.421 [pool-3-thread-1] DEBUG org.hibernate.orm.results - Extracted JDBC value [1] - [Competition robot for the 2025 FIRST Robotics Competition]
10:24:18.421 [pool-3-thread-3] DEBUG org.hibernate.resource.jdbc.internal.LogicalConnectionManagedImpl - Initiating JDBC connection release from afterTransaction
10:24:18.421 [pool-3-thread-1] DEBUG org.hibernate.orm.results - Extracted JDBC value [2] - [2025-06-12]
10:24:18.421 [pool-3-thread-3] DEBUG org.hibernate.resource.jdbc.internal.LogicalConnectionManagedImpl - Initiating JDBC connection release from afterTransaction
10:24:18.421 [pool-3-thread-1] DEBUG org.hibernate.orm.results - Extracted JDBC value [3] - [2025-06-26]
10:24:18.421 [pool-3-thread-1] DEBUG org.hibernate.orm.results - Extracted JDBC value [4] - [FRC 2025 Robot]
10:24:18.421 [pool-3-thread-1] DEBUG org.hibernate.orm.results - Extracted JDBC value [5] - [2025-05-01]
10:24:18.422 [pool-3-thread-1] DEBUG org.hibernate.orm.results.loading.entity - (EntityResultInitializer) Done materializing entityInstance : org.frcpm.models.Project(959674692524500)#1
10:24:18.422 [pool-3-thread-1] DEBUG org.hibernate.orm.results.loading - Calling top-level assembler (0 / 1) : org.hibernate.sql.results.graph.entity.internal.EntityAssembler@70347089
10:24:18.422 [pool-3-thread-1] DEBUG org.hibernate.orm.results - Extracted JDBC value [0] - [51]
10:24:18.422 [pool-3-thread-1] DEBUG org.hibernate.orm.results.loading.entity - (EntityResultInitializer) Hydrated EntityKey (org.frcpm.models.Project(959674692524500)): 51
10:24:18.422 [pool-3-thread-1] DEBUG org.hibernate.orm.results.loading.org.hibernate.orm.results.loading.collection - (DelayedCollectionInitializer) Current row collection key : org.frcpm.models.Project(959674692524500).meetings#51
10:24:18.422 [pool-3-thread-1] DEBUG org.hibernate.orm.results.loading.org.hibernate.orm.results.loading.collection - (DelayedCollectionInitializer) Current row collection key : org.frcpm.models.Project(959674692524500).milestones#51
10:24:18.422 [pool-3-thread-1] DEBUG org.hibernate.orm.results.loading.org.hibernate.orm.results.loading.collection - (DelayedCollectionInitializer) Current row collection key : org.frcpm.models.Project(959674692524500).tasks#51
10:24:18.422 [pool-3-thread-1] DEBUG org.hibernate.orm.results.loading.entity - (EntityResultInitializer) Created new entity instance [org.frcpm.models.Project(959674692524500)#51] : 311737469
10:24:18.422 [pool-3-thread-1] DEBUG org.hibernate.orm.results - Extracted JDBC value [1] - [null]
10:24:18.422 [pool-3-thread-1] DEBUG org.hibernate.orm.results - Extracted JDBC value [2] - [2025-05-23]
10:24:18.422 [pool-3-thread-1] DEBUG org.hibernate.orm.results - Extracted JDBC value [3] - [2025-06-06]
10:24:18.422 [pool-3-thread-1] DEBUG org.hibernate.orm.results - Extracted JDBC value [4] - [Test Count Project]
10:24:18.422 [pool-3-thread-1] DEBUG org.hibernate.orm.results - Extracted JDBC value [5] - [2025-04-25]
10:24:18.422 [pool-3-thread-1] DEBUG org.hibernate.orm.results.loading.entity - (EntityResultInitializer) Done materializing entityInstance : org.frcpm.models.Project(959674692524500)#51
10:24:18.422 [pool-3-thread-1] DEBUG org.hibernate.orm.results.loading - Calling top-level assembler (0 / 1) : org.hibernate.sql.results.graph.entity.internal.EntityAssembler@70347089
10:24:18.422 [pool-3-thread-1] DEBUG org.hibernate.orm.results - Extracted JDBC value [0] - [54]
10:24:18.422 [pool-3-thread-1] DEBUG org.hibernate.orm.results.loading.entity - (EntityResultInitializer) Hydrated EntityKey (org.frcpm.models.Project(959674692524500)): 54
10:24:18.422 [pool-3-thread-1] DEBUG org.hibernate.orm.results.loading.org.hibernate.orm.results.loading.collection - (DelayedCollectionInitializer) Current row collection key : org.frcpm.models.Project(959674692524500).meetings#54
10:24:18.422 [pool-3-thread-1] DEBUG org.hibernate.orm.results.loading.org.hibernate.orm.results.loading.collection - (DelayedCollectionInitializer) Current row collection key : org.frcpm.models.Project(959674692524500).milestones#54
10:24:18.422 [pool-3-thread-1] DEBUG org.hibernate.orm.results.loading.org.hibernate.orm.results.loading.collection - (DelayedCollectionInitializer) Current row collection key : org.frcpm.models.Project(959674692524500).tasks#54
10:24:18.422 [pool-3-thread-1] DEBUG org.hibernate.orm.results.loading.entity - (EntityResultInitializer) Created new entity instance [org.frcpm.models.Project(959674692524500)#54] : 1345760284
10:24:18.422 [pool-3-thread-1] DEBUG org.hibernate.orm.results - Extracted JDBC value [1] - [Test save description]
10:24:18.422 [pool-3-thread-1] DEBUG org.hibernate.orm.results - Extracted JDBC value [2] - [2025-05-23]
10:24:18.422 [pool-3-thread-1] DEBUG org.hibernate.orm.results - Extracted JDBC value [3] - [2025-06-06]
10:24:18.422 [pool-3-thread-1] DEBUG org.hibernate.orm.results - Extracted JDBC value [4] - [Test Save Project]
10:24:18.422 [pool-3-thread-1] DEBUG org.hibernate.orm.results - Extracted JDBC value [5] - [2025-04-25]
10:24:18.422 [pool-3-thread-1] DEBUG org.hibernate.orm.results.loading.entity - (EntityResultInitializer) Done materializing entityInstance : org.frcpm.models.Project(959674692524500)#54
10:24:18.422 [pool-3-thread-1] DEBUG org.hibernate.orm.results.loading - Calling top-level assembler (0 / 1) : org.hibernate.sql.results.graph.entity.internal.EntityAssembler@70347089
10:24:18.422 [pool-3-thread-1] DEBUG org.hibernate.orm.results - Extracted JDBC value [0] - [69]
10:24:18.422 [pool-3-thread-1] DEBUG org.hibernate.orm.results.loading.entity - (EntityResultInitializer) Hydrated EntityKey (org.frcpm.models.Project(959674692524500)): 69
10:24:18.422 [pool-3-thread-1] DEBUG org.hibernate.orm.results.loading.org.hibernate.orm.results.loading.collection - (DelayedCollectionInitializer) Current row collection key : org.frcpm.models.Project(959674692524500).meetings#69
10:24:18.422 [pool-3-thread-1] DEBUG org.hibernate.orm.results.loading.org.hibernate.orm.results.loading.collection - (DelayedCollectionInitializer) Current row collection key : org.frcpm.models.Project(959674692524500).milestones#69
10:24:18.422 [pool-3-thread-1] DEBUG org.hibernate.orm.results.loading.org.hibernate.orm.results.loading.collection - (DelayedCollectionInitializer) Current row collection key : org.frcpm.models.Project(959674692524500).tasks#69
10:24:18.422 [pool-3-thread-1] DEBUG org.hibernate.orm.results.loading.entity - (EntityResultInitializer) Created new entity instance [org.frcpm.models.Project(959674692524500)#69] : 1094462421
10:24:18.422 [pool-3-thread-1] DEBUG org.hibernate.orm.results - Extracted JDBC value [1] - [null]
10:24:18.422 [pool-3-thread-1] DEBUG org.hibernate.orm.results - Extracted JDBC value [2] - [2025-05-23]
10:24:18.422 [pool-3-thread-1] DEBUG org.hibernate.orm.results - Extracted JDBC value [3] - [2025-06-06]
10:24:18.422 [pool-3-thread-1] DEBUG org.hibernate.orm.results - Extracted JDBC value [4] - [Updated Project Name]
10:24:18.422 [pool-3-thread-1] DEBUG org.hibernate.orm.results - Extracted JDBC value [5] - [2025-04-25]
10:24:18.422 [pool-3-thread-1] DEBUG org.hibernate.orm.results.loading.entity - (EntityResultInitializer) Done materializing entityInstance : org.frcpm.models.Project(959674692524500)#69
10:24:18.422 [pool-3-thread-1] DEBUG org.hibernate.orm.results.loading - Calling top-level assembler (0 / 1) : org.hibernate.sql.results.graph.entity.internal.EntityAssembler@70347089
10:24:18.422 [pool-3-thread-1] DEBUG org.hibernate.orm.results - Extracted JDBC value [0] - [70]
10:24:18.422 [pool-3-thread-1] DEBUG org.hibernate.orm.results.loading.entity - (EntityResultInitializer) Hydrated EntityKey (org.frcpm.models.Project(959674692524500)): 70
10:24:18.422 [pool-3-thread-1] DEBUG org.hibernate.orm.results.loading.org.hibernate.orm.results.loading.collection - (DelayedCollectionInitializer) Current row collection key : org.frcpm.models.Project(959674692524500).meetings#70
10:24:18.422 [pool-3-thread-1] DEBUG org.hibernate.orm.results.loading.org.hibernate.orm.results.loading.collection - (DelayedCollectionInitializer) Current row collection key : org.frcpm.models.Project(959674692524500).milestones#70
10:24:18.422 [pool-3-thread-1] DEBUG org.hibernate.orm.results.loading.org.hibernate.orm.results.loading.collection - (DelayedCollectionInitializer) Current row collection key : org.frcpm.models.Project(959674692524500).tasks#70
10:24:18.422 [pool-3-thread-1] DEBUG org.hibernate.orm.results.loading.entity - (EntityResultInitializer) Created new entity instance [org.frcpm.models.Project(959674692524500)#70] : 362355303
10:24:18.422 [pool-3-thread-1] DEBUG org.hibernate.orm.results - Extracted JDBC value [1] - [null]
10:24:18.422 [pool-3-thread-1] DEBUG org.hibernate.orm.results - Extracted JDBC value [2] - [2025-06-06]
10:24:18.422 [pool-3-thread-1] DEBUG org.hibernate.orm.results - Extracted JDBC value [3] - [2025-06-20]
10:24:18.422 [pool-3-thread-1] DEBUG org.hibernate.orm.results - Extracted JDBC value [4] - [Test Task Project]
10:24:18.422 [pool-3-thread-1] DEBUG org.hibernate.orm.results - Extracted JDBC value [5] - [2025-04-25]
10:24:18.422 [pool-3-thread-1] DEBUG org.hibernate.orm.results.loading.entity - (EntityResultInitializer) Done materializing entityInstance : org.frcpm.models.Project(959674692524500)#70
10:24:18.422 [pool-3-thread-1] DEBUG org.hibernate.orm.results.loading - Calling top-level assembler (0 / 1) : org.hibernate.sql.results.graph.entity.internal.EntityAssembler@70347089
10:24:18.422 [pool-3-thread-1] DEBUG org.hibernate.orm.results - Extracted JDBC value [0] - [71]
10:24:18.422 [pool-3-thread-1] DEBUG org.hibernate.orm.results.loading.entity - (EntityResultInitializer) Hydrated EntityKey (org.frcpm.models.Project(959674692524500)): 71
10:24:18.422 [pool-3-thread-1] DEBUG org.hibernate.orm.results.loading.org.hibernate.orm.results.loading.collection - (DelayedCollectionInitializer) Current row collection key : org.frcpm.models.Project(959674692524500).meetings#71
10:24:18.422 [pool-3-thread-1] DEBUG org.hibernate.orm.results.loading.org.hibernate.orm.results.loading.collection - (DelayedCollectionInitializer) Current row collection key : org.frcpm.models.Project(959674692524500).milestones#71
10:24:18.422 [pool-3-thread-1] DEBUG org.hibernate.orm.results.loading.org.hibernate.orm.results.loading.collection - (DelayedCollectionInitializer) Current row collection key : org.frcpm.models.Project(959674692524500).tasks#71
10:24:18.422 [pool-3-thread-1] DEBUG org.hibernate.orm.results.loading.entity - (EntityResultInitializer) Created new entity instance [org.frcpm.models.Project(959674692524500)#71] : 1992761136
10:24:18.422 [pool-3-thread-1] DEBUG org.hibernate.orm.results - Extracted JDBC value [1] - [null]
10:24:18.422 [pool-3-thread-1] DEBUG org.hibernate.orm.results - Extracted JDBC value [2] - [2025-06-06]
10:24:18.422 [pool-3-thread-1] DEBUG org.hibernate.orm.results - Extracted JDBC value [3] - [2025-06-20]
10:24:18.422 [pool-3-thread-1] DEBUG org.hibernate.orm.results - Extracted JDBC value [4] - [Test Task Project]
10:24:18.422 [pool-3-thread-1] DEBUG org.hibernate.orm.results - Extracted JDBC value [5] - [2025-04-25]
10:24:18.422 [pool-3-thread-1] DEBUG org.hibernate.orm.results.loading.entity - (EntityResultInitializer) Done materializing entityInstance : org.frcpm.models.Project(959674692524500)#71
10:24:18.422 [pool-3-thread-1] DEBUG org.hibernate.orm.results.loading - Calling top-level assembler (0 / 1) : org.hibernate.sql.results.graph.entity.internal.EntityAssembler@70347089
10:24:18.422 [pool-3-thread-1] DEBUG org.hibernate.orm.results - Extracted JDBC value [0] - [72]
10:24:18.422 [pool-3-thread-1] DEBUG org.hibernate.orm.results.loading.entity - (EntityResultInitializer) Hydrated EntityKey (org.frcpm.models.Project(959674692524500)): 72
10:24:18.422 [pool-3-thread-1] DEBUG org.hibernate.orm.results.loading.org.hibernate.orm.results.loading.collection - (DelayedCollectionInitializer) Current row collection key : org.frcpm.models.Project(959674692524500).meetings#72
10:24:18.422 [pool-3-thread-1] DEBUG org.hibernate.orm.results.loading.org.hibernate.orm.results.loading.collection - (DelayedCollectionInitializer) Current row collection key : org.frcpm.models.Project(959674692524500).milestones#72
10:24:18.422 [pool-3-thread-1] DEBUG org.hibernate.orm.results.loading.org.hibernate.orm.results.loading.collection - (DelayedCollectionInitializer) Current row collection key : org.frcpm.models.Project(959674692524500).tasks#72
10:24:18.422 [pool-3-thread-1] DEBUG org.hibernate.orm.results.loading.entity - (EntityResultInitializer) Created new entity instance [org.frcpm.models.Project(959674692524500)#72] : 1252568364
10:24:18.422 [pool-3-thread-1] DEBUG org.hibernate.orm.results - Extracted JDBC value [1] - [null]
10:24:18.422 [pool-3-thread-1] DEBUG org.hibernate.orm.results - Extracted JDBC value [2] - [2025-06-06]
10:24:18.422 [pool-3-thread-1] DEBUG org.hibernate.orm.results - Extracted JDBC value [3] - [2025-06-20]
10:24:18.423 [pool-3-thread-1] DEBUG org.hibernate.orm.results - Extracted JDBC value [4] - [Test Task Project]
10:24:18.423 [pool-3-thread-1] DEBUG org.hibernate.orm.results - Extracted JDBC value [5] - [2025-04-25]
10:24:18.423 [pool-3-thread-1] DEBUG org.hibernate.orm.results.loading.entity - (EntityResultInitializer) Done materializing entityInstance : org.frcpm.models.Project(959674692524500)#72
10:24:18.423 [pool-3-thread-1] DEBUG org.hibernate.orm.results.loading - Calling top-level assembler (0 / 1) : org.hibernate.sql.results.graph.entity.internal.EntityAssembler@70347089
10:24:18.423 [pool-3-thread-1] DEBUG org.hibernate.orm.results - Extracted JDBC value [0] - [73]
10:24:18.423 [pool-3-thread-1] DEBUG org.hibernate.orm.results.loading.entity - (EntityResultInitializer) Hydrated EntityKey (org.frcpm.models.Project(959674692524500)): 73
10:24:18.423 [pool-3-thread-1] DEBUG org.hibernate.orm.results.loading.org.hibernate.orm.results.loading.collection - (DelayedCollectionInitializer) Current row collection key : org.frcpm.models.Project(959674692524500).meetings#73
10:24:18.423 [pool-3-thread-1] DEBUG org.hibernate.orm.results.loading.org.hibernate.orm.results.loading.collection - (DelayedCollectionInitializer) Current row collection key : org.frcpm.models.Project(959674692524500).milestones#73
10:24:18.423 [pool-3-thread-1] DEBUG org.hibernate.orm.results.loading.org.hibernate.orm.results.loading.collection - (DelayedCollectionInitializer) Current row collection key : org.frcpm.models.Project(959674692524500).tasks#73
10:24:18.423 [pool-3-thread-1] DEBUG org.hibernate.orm.results.loading.entity - (EntityResultInitializer) Created new entity instance [org.frcpm.models.Project(959674692524500)#73] : 847633407
10:24:18.423 [pool-3-thread-1] DEBUG org.hibernate.orm.results - Extracted JDBC value [1] - [null]
10:24:18.423 [pool-3-thread-1] DEBUG org.hibernate.orm.results - Extracted JDBC value [2] - [2025-06-06]
10:24:18.423 [pool-3-thread-1] DEBUG org.hibernate.orm.results - Extracted JDBC value [3] - [2025-06-20]
10:24:18.423 [pool-3-thread-1] DEBUG org.hibernate.orm.results - Extracted JDBC value [4] - [Test Task Project]
10:24:18.423 [pool-3-thread-1] DEBUG org.hibernate.orm.results - Extracted JDBC value [5] - [2025-04-25]
10:24:18.423 [pool-3-thread-1] DEBUG org.hibernate.orm.results.loading.entity - (EntityResultInitializer) Done materializing entityInstance : org.frcpm.models.Project(959674692524500)#73
10:24:18.423 [pool-3-thread-1] DEBUG org.hibernate.orm.results.loading - Calling top-level assembler (0 / 1) : org.hibernate.sql.results.graph.entity.internal.EntityAssembler@70347089
10:24:18.423 [pool-3-thread-1] DEBUG org.hibernate.orm.results - Extracted JDBC value [0] - [74]
10:24:18.423 [pool-3-thread-1] DEBUG org.hibernate.orm.results.loading.entity - (EntityResultInitializer) Hydrated EntityKey (org.frcpm.models.Project(959674692524500)): 74
10:24:18.423 [pool-3-thread-1] DEBUG org.hibernate.orm.results.loading.org.hibernate.orm.results.loading.collection - (DelayedCollectionInitializer) Current row collection key : org.frcpm.models.Project(959674692524500).meetings#74
10:24:18.423 [pool-3-thread-1] DEBUG org.hibernate.orm.results.loading.org.hibernate.orm.results.loading.collection - (DelayedCollectionInitializer) Current row collection key : org.frcpm.models.Project(959674692524500).milestones#74
10:24:18.423 [pool-3-thread-1] DEBUG org.hibernate.orm.results.loading.org.hibernate.orm.results.loading.collection - (DelayedCollectionInitializer) Current row collection key : org.frcpm.models.Project(959674692524500).tasks#74
10:24:18.423 [pool-3-thread-1] DEBUG org.hibernate.orm.results.loading.entity - (EntityResultInitializer) Created new entity instance [org.frcpm.models.Project(959674692524500)#74] : 1379714841
10:24:18.423 [pool-3-thread-1] DEBUG org.hibernate.orm.results - Extracted JDBC value [1] - [null]
10:24:18.423 [pool-3-thread-1] DEBUG org.hibernate.orm.results - Extracted JDBC value [2] - [2025-06-06]
10:24:18.423 [pool-3-thread-1] DEBUG org.hibernate.orm.results - Extracted JDBC value [3] - [2025-06-20]
10:24:18.423 [pool-3-thread-1] DEBUG org.hibernate.orm.results - Extracted JDBC value [4] - [Test Task Project]
10:24:18.423 [pool-3-thread-1] DEBUG org.hibernate.orm.results - Extracted JDBC value [5] - [2025-04-25]
10:24:18.423 [pool-3-thread-1] DEBUG org.hibernate.orm.results.loading.entity - (EntityResultInitializer) Done materializing entityInstance : org.frcpm.models.Project(959674692524500)#74
10:24:18.423 [pool-3-thread-1] DEBUG org.hibernate.orm.results.loading - Calling top-level assembler (0 / 1) : org.hibernate.sql.results.graph.entity.internal.EntityAssembler@70347089
10:24:18.423 [pool-3-thread-1] DEBUG org.hibernate.orm.results - Extracted JDBC value [0] - [75]
10:24:18.423 [pool-3-thread-1] DEBUG org.hibernate.orm.results.loading.entity - (EntityResultInitializer) Hydrated EntityKey (org.frcpm.models.Project(959674692524500)): 75
10:24:18.423 [pool-3-thread-1] DEBUG org.hibernate.orm.results.loading.org.hibernate.orm.results.loading.collection - (DelayedCollectionInitializer) Current row collection key : org.frcpm.models.Project(959674692524500).meetings#75
10:24:18.423 [pool-3-thread-1] DEBUG org.hibernate.orm.results.loading.org.hibernate.orm.results.loading.collection - (DelayedCollectionInitializer) Current row collection key : org.frcpm.models.Project(959674692524500).milestones#75
10:24:18.423 [pool-3-thread-1] DEBUG org.hibernate.orm.results.loading.org.hibernate.orm.results.loading.collection - (DelayedCollectionInitializer) Current row collection key : org.frcpm.models.Project(959674692524500).tasks#75
10:24:18.423 [pool-3-thread-1] DEBUG org.hibernate.orm.results.loading.entity - (EntityResultInitializer) Created new entity instance [org.frcpm.models.Project(959674692524500)#75] : 1926021264
10:24:18.423 [pool-3-thread-1] DEBUG org.hibernate.orm.results - Extracted JDBC value [1] - [null]
10:24:18.423 [pool-3-thread-1] DEBUG org.hibernate.orm.results - Extracted JDBC value [2] - [2025-06-06]
10:24:18.423 [pool-3-thread-1] DEBUG org.hibernate.orm.results - Extracted JDBC value [3] - [2025-06-20]
10:24:18.423 [pool-3-thread-1] DEBUG org.hibernate.orm.results - Extracted JDBC value [4] - [Test Task Project]
10:24:18.423 [pool-3-thread-1] DEBUG org.hibernate.orm.results - Extracted JDBC value [5] - [2025-04-25]
10:24:18.423 [FRC-PM-HikariCP connection adder] DEBUG com.zaxxer.hikari.pool.HikariPool - FRC-PM-HikariCP - Added connection conn29: url=jdbc:h2:file:C:\Users\dhiebert\.frcpm\frcpm user=SA
10:24:18.423 [pool-3-thread-1] DEBUG org.hibernate.orm.results.loading.entity - (EntityResultInitializer) Done materializing entityInstance : org.frcpm.models.Project(959674692524500)#75
10:24:18.423 [pool-3-thread-1] DEBUG org.hibernate.orm.results.loading - Calling top-level assembler (0 / 1) : org.hibernate.sql.results.graph.entity.internal.EntityAssembler@70347089
10:24:18.423 [pool-3-thread-1] DEBUG org.hibernate.orm.results - Extracted JDBC value [0] - [76]
10:24:18.423 [pool-3-thread-1] DEBUG org.hibernate.orm.results.loading.entity - (EntityResultInitializer) Hydrated EntityKey (org.frcpm.models.Project(959674692524500)): 76
10:24:18.423 [pool-3-thread-1] DEBUG org.hibernate.orm.results.loading.org.hibernate.orm.results.loading.collection - (DelayedCollectionInitializer) Current row collection key : org.frcpm.models.Project(959674692524500).meetings#76
10:24:18.423 [pool-3-thread-1] DEBUG org.hibernate.orm.results.loading.org.hibernate.orm.results.loading.collection - (DelayedCollectionInitializer) Current row collection key : org.frcpm.models.Project(959674692524500).milestones#76
10:24:18.423 [pool-3-thread-1] DEBUG org.hibernate.orm.results.loading.org.hibernate.orm.results.loading.collection - (DelayedCollectionInitializer) Current row collection key : org.frcpm.models.Project(959674692524500).tasks#76
10:24:18.423 [pool-3-thread-1] DEBUG org.hibernate.orm.results.loading.entity - (EntityResultInitializer) Created new entity instance [org.frcpm.models.Project(959674692524500)#76] : 1537383601
10:24:18.423 [pool-3-thread-1] DEBUG org.hibernate.orm.results - Extracted JDBC value [1] - [null]
10:24:18.423 [pool-3-thread-1] DEBUG org.hibernate.orm.results - Extracted JDBC value [2] - [2025-06-06]
10:24:18.423 [pool-3-thread-1] DEBUG org.hibernate.orm.results - Extracted JDBC value [3] - [2025-06-20]
10:24:18.423 [pool-3-thread-1] DEBUG org.hibernate.orm.results - Extracted JDBC value [4] - [Test Task Project]
10:24:18.423 [pool-3-thread-1] DEBUG org.hibernate.orm.results - Extracted JDBC value [5] - [2025-04-25]
10:24:18.423 [pool-3-thread-1] DEBUG org.hibernate.orm.results.loading.entity - (EntityResultInitializer) Done materializing entityInstance : org.frcpm.models.Project(959674692524500)#76
10:24:18.423 [pool-3-thread-1] DEBUG org.hibernate.orm.results.loading - Calling top-level assembler (0 / 1) : org.hibernate.sql.results.graph.entity.internal.EntityAssembler@70347089
10:24:18.423 [pool-3-thread-1] DEBUG org.hibernate.orm.results - Extracted JDBC value [0] - [77]
10:24:18.423 [pool-3-thread-1] DEBUG org.hibernate.orm.results.loading.entity - (EntityResultInitializer) Hydrated EntityKey (org.frcpm.models.Project(959674692524500)): 77
10:24:18.423 [pool-3-thread-1] DEBUG org.hibernate.orm.results.loading.org.hibernate.orm.results.loading.collection - (DelayedCollectionInitializer) Current row collection key : org.frcpm.models.Project(959674692524500).meetings#77
10:24:18.423 [pool-3-thread-1] DEBUG org.hibernate.orm.results.loading.org.hibernate.orm.results.loading.collection - (DelayedCollectionInitializer) Current row collection key : org.frcpm.models.Project(959674692524500).milestones#77
10:24:18.423 [pool-3-thread-1] DEBUG org.hibernate.orm.results.loading.org.hibernate.orm.results.loading.collection - (DelayedCollectionInitializer) Current row collection key : org.frcpm.models.Project(959674692524500).tasks#77
10:24:18.423 [pool-3-thread-1] DEBUG org.hibernate.orm.results.loading.entity - (EntityResultInitializer) Created new entity instance [org.frcpm.models.Project(959674692524500)#77] : 645482
10:24:18.423 [pool-3-thread-1] DEBUG org.hibernate.orm.results - Extracted JDBC value [1] - [null]
10:24:18.423 [pool-3-thread-1] DEBUG org.hibernate.orm.results - Extracted JDBC value [2] - [2025-06-06]
10:24:18.423 [pool-3-thread-1] DEBUG org.hibernate.orm.results - Extracted JDBC value [3] - [2025-06-20]
10:24:18.423 [pool-3-thread-1] DEBUG org.hibernate.orm.results - Extracted JDBC value [4] - [Test Task Project]
10:24:18.423 [pool-3-thread-1] DEBUG org.hibernate.orm.results - Extracted JDBC value [5] - [2025-04-25]
10:24:18.423 [pool-3-thread-1] DEBUG org.hibernate.orm.results.loading.entity - (EntityResultInitializer) Done materializing entityInstance : org.frcpm.models.Project(959674692524500)#77
10:24:18.423 [pool-3-thread-1] DEBUG org.hibernate.orm.results.loading - Calling top-level assembler (0 / 1) : org.hibernate.sql.results.graph.entity.internal.EntityAssembler@70347089
10:24:18.423 [pool-3-thread-1] DEBUG org.hibernate.orm.results - Extracted JDBC value [0] - [78]
10:24:18.423 [pool-3-thread-1] DEBUG org.hibernate.orm.results.loading.entity - (EntityResultInitializer) Hydrated EntityKey (org.frcpm.models.Project(959674692524500)): 78
10:24:18.423 [pool-3-thread-1] DEBUG org.hibernate.orm.results.loading.org.hibernate.orm.results.loading.collection - (DelayedCollectionInitializer) Current row collection key : org.frcpm.models.Project(959674692524500).meetings#78
10:24:18.423 [pool-3-thread-1] DEBUG org.hibernate.orm.results.loading.org.hibernate.orm.results.loading.collection - (DelayedCollectionInitializer) Current row collection key : org.frcpm.models.Project(959674692524500).milestones#78
10:24:18.423 [pool-3-thread-1] DEBUG org.hibernate.orm.results.loading.org.hibernate.orm.results.loading.collection - (DelayedCollectionInitializer) Current row collection key : org.frcpm.models.Project(959674692524500).tasks#78
10:24:18.423 [pool-3-thread-1] DEBUG org.hibernate.orm.results.loading.entity - (EntityResultInitializer) Created new entity instance [org.frcpm.models.Project(959674692524500)#78] : 1857825140
10:24:18.423 [pool-3-thread-1] DEBUG org.hibernate.orm.results - Extracted JDBC value [1] - [null]
10:24:18.423 [pool-3-thread-1] DEBUG org.hibernate.orm.results - Extracted JDBC value [2] - [2025-06-06]
10:24:18.423 [pool-3-thread-1] DEBUG org.hibernate.orm.results - Extracted JDBC value [3] - [2025-06-20]
10:24:18.423 [pool-3-thread-1] DEBUG org.hibernate.orm.results - Extracted JDBC value [4] - [Test Task Project]
10:24:18.423 [pool-3-thread-1] DEBUG org.hibernate.orm.results - Extracted JDBC value [5] - [2025-04-25]
10:24:18.424 [pool-3-thread-1] DEBUG org.hibernate.orm.results.loading.entity - (EntityResultInitializer) Done materializing entityInstance : org.frcpm.models.Project(959674692524500)#78
10:24:18.424 [pool-3-thread-1] DEBUG org.hibernate.orm.results.loading - Calling top-level assembler (0 / 1) : org.hibernate.sql.results.graph.entity.internal.EntityAssembler@70347089
10:24:18.424 [pool-3-thread-1] DEBUG org.hibernate.orm.results - Extracted JDBC value [0] - [79]
10:24:18.424 [pool-3-thread-1] DEBUG org.hibernate.orm.results.loading.entity - (EntityResultInitializer) Hydrated EntityKey (org.frcpm.models.Project(959674692524500)): 79
10:24:18.424 [pool-3-thread-1] DEBUG org.hibernate.orm.results.loading.org.hibernate.orm.results.loading.collection - (DelayedCollectionInitializer) Current row collection key : org.frcpm.models.Project(959674692524500).meetings#79
10:24:18.424 [pool-3-thread-1] DEBUG org.hibernate.orm.results.loading.org.hibernate.orm.results.loading.collection - (DelayedCollectionInitializer) Current row collection key : org.frcpm.models.Project(959674692524500).milestones#79
10:24:18.424 [pool-3-thread-1] DEBUG org.hibernate.orm.results.loading.org.hibernate.orm.results.loading.collection - (DelayedCollectionInitializer) Current row collection key : org.frcpm.models.Project(959674692524500).tasks#79
10:24:18.424 [pool-3-thread-1] DEBUG org.hibernate.orm.results.loading.entity - (EntityResultInitializer) Created new entity instance [org.frcpm.models.Project(959674692524500)#79] : 960903464
10:24:18.424 [pool-3-thread-1] DEBUG org.hibernate.orm.results - Extracted JDBC value [1] - [null]
10:24:18.424 [pool-3-thread-1] DEBUG org.hibernate.orm.results - Extracted JDBC value [2] - [2025-06-06]
10:24:18.424 [pool-3-thread-1] DEBUG org.hibernate.orm.results - Extracted JDBC value [3] - [2025-06-20]
10:24:18.424 [pool-3-thread-1] DEBUG org.hibernate.orm.results - Extracted JDBC value [4] - [Test Task Project]
10:24:18.424 [pool-3-thread-1] DEBUG org.hibernate.orm.results - Extracted JDBC value [5] - [2025-04-25]
10:24:18.424 [pool-3-thread-1] DEBUG org.hibernate.orm.results.loading.entity - (EntityResultInitializer) Done materializing entityInstance : org.frcpm.models.Project(959674692524500)#79
10:24:18.424 [pool-3-thread-1] DEBUG org.hibernate.orm.results.loading - Calling top-level assembler (0 / 1) : org.hibernate.sql.results.graph.entity.internal.EntityAssembler@70347089
10:24:18.424 [pool-3-thread-1] DEBUG org.hibernate.orm.results - Extracted JDBC value [0] - [80]
10:24:18.424 [pool-3-thread-1] DEBUG org.hibernate.orm.results.loading.entity - (EntityResultInitializer) Hydrated EntityKey (org.frcpm.models.Project(959674692524500)): 80
10:24:18.424 [pool-3-thread-1] DEBUG org.hibernate.orm.results.loading.org.hibernate.orm.results.loading.collection - (DelayedCollectionInitializer) Current row collection key : org.frcpm.models.Project(959674692524500).meetings#80
10:24:18.424 [pool-3-thread-1] DEBUG org.hibernate.orm.results.loading.org.hibernate.orm.results.loading.collection - (DelayedCollectionInitializer) Current row collection key : org.frcpm.models.Project(959674692524500).milestones#80
10:24:18.424 [pool-3-thread-1] DEBUG org.hibernate.orm.results.loading.org.hibernate.orm.results.loading.collection - (DelayedCollectionInitializer) Current row collection key : org.frcpm.models.Project(959674692524500).tasks#80
10:24:18.424 [pool-3-thread-1] DEBUG org.hibernate.orm.results.loading.entity - (EntityResultInitializer) Created new entity instance [org.frcpm.models.Project(959674692524500)#80] : 93003745
10:24:18.424 [pool-3-thread-1] DEBUG org.hibernate.orm.results - Extracted JDBC value [1] - [null]
10:24:18.424 [pool-3-thread-1] DEBUG org.hibernate.orm.results - Extracted JDBC value [2] - [2025-06-06]
10:24:18.424 [pool-3-thread-1] DEBUG org.hibernate.orm.results - Extracted JDBC value [3] - [2025-06-20]
10:24:18.424 [pool-3-thread-1] DEBUG org.hibernate.orm.results - Extracted JDBC value [4] - [Test Task Project]
10:24:18.424 [pool-3-thread-1] DEBUG org.hibernate.orm.results - Extracted JDBC value [5] - [2025-04-25]
10:24:18.424 [pool-3-thread-1] DEBUG org.hibernate.orm.results.loading.entity - (EntityResultInitializer) Done materializing entityInstance : org.frcpm.models.Project(959674692524500)#80
10:24:18.424 [pool-3-thread-1] DEBUG org.hibernate.orm.results.loading - Calling top-level assembler (0 / 1) : org.hibernate.sql.results.graph.entity.internal.EntityAssembler@70347089
10:24:18.424 [pool-3-thread-1] DEBUG org.hibernate.orm.results - Extracted JDBC value [0] - [81]
10:24:18.424 [pool-3-thread-1] DEBUG org.hibernate.orm.results.loading.entity - (EntityResultInitializer) Hydrated EntityKey (org.frcpm.models.Project(959674692524500)): 81
10:24:18.424 [pool-3-thread-1] DEBUG org.hibernate.orm.results.loading.org.hibernate.orm.results.loading.collection - (DelayedCollectionInitializer) Current row collection key : org.frcpm.models.Project(959674692524500).meetings#81
10:24:18.424 [pool-3-thread-1] DEBUG org.hibernate.orm.results.loading.org.hibernate.orm.results.loading.collection - (DelayedCollectionInitializer) Current row collection key : org.frcpm.models.Project(959674692524500).milestones#81
10:24:18.424 [pool-3-thread-1] DEBUG org.hibernate.orm.results.loading.org.hibernate.orm.results.loading.collection - (DelayedCollectionInitializer) Current row collection key : org.frcpm.models.Project(959674692524500).tasks#81
10:24:18.424 [pool-3-thread-1] DEBUG org.hibernate.orm.results.loading.entity - (EntityResultInitializer) Created new entity instance [org.frcpm.models.Project(959674692524500)#81] : 317609192
10:24:18.424 [pool-3-thread-1] DEBUG org.hibernate.orm.results - Extracted JDBC value [1] - [null]
10:24:18.424 [pool-3-thread-1] DEBUG org.hibernate.orm.results - Extracted JDBC value [2] - [2025-06-06]
10:24:18.424 [pool-3-thread-1] DEBUG org.hibernate.orm.results - Extracted JDBC value [3] - [2025-06-20]
10:24:18.424 [pool-3-thread-1] DEBUG org.hibernate.orm.results - Extracted JDBC value [4] - [Test Task Project]
10:24:18.424 [pool-3-thread-1] DEBUG org.hibernate.orm.results - Extracted JDBC value [5] - [2025-04-25]
10:24:18.424 [pool-3-thread-1] DEBUG org.hibernate.orm.results.loading.entity - (EntityResultInitializer) Done materializing entityInstance : org.frcpm.models.Project(959674692524500)#81
10:24:18.424 [pool-3-thread-1] DEBUG org.hibernate.orm.results.loading - Calling top-level assembler (0 / 1) : org.hibernate.sql.results.graph.entity.internal.EntityAssembler@70347089
10:24:18.424 [pool-3-thread-1] DEBUG org.hibernate.orm.results - Extracted JDBC value [0] - [82]
10:24:18.424 [pool-3-thread-1] DEBUG org.hibernate.orm.results.loading.entity - (EntityResultInitializer) Hydrated EntityKey (org.frcpm.models.Project(959674692524500)): 82
10:24:18.424 [pool-3-thread-1] DEBUG org.hibernate.orm.results.loading.org.hibernate.orm.results.loading.collection - (DelayedCollectionInitializer) Current row collection key : org.frcpm.models.Project(959674692524500).meetings#82
10:24:18.424 [pool-3-thread-1] DEBUG org.hibernate.orm.results.loading.org.hibernate.orm.results.loading.collection - (DelayedCollectionInitializer) Current row collection key : org.frcpm.models.Project(959674692524500).milestones#82
10:24:18.424 [pool-3-thread-1] DEBUG org.hibernate.orm.results.loading.org.hibernate.orm.results.loading.collection - (DelayedCollectionInitializer) Current row collection key : org.frcpm.models.Project(959674692524500).tasks#82
10:24:18.424 [pool-3-thread-1] DEBUG org.hibernate.orm.results.loading.entity - (EntityResultInitializer) Created new entity instance [org.frcpm.models.Project(959674692524500)#82] : 946685867
10:24:18.424 [pool-3-thread-1] DEBUG org.hibernate.orm.results - Extracted JDBC value [1] - [null]
10:24:18.424 [pool-3-thread-1] DEBUG org.hibernate.orm.results - Extracted JDBC value [2] - [2025-06-06]
10:24:18.424 [pool-3-thread-1] DEBUG org.hibernate.orm.results - Extracted JDBC value [3] - [2025-06-20]
10:24:18.424 [pool-3-thread-1] DEBUG org.hibernate.orm.results - Extracted JDBC value [4] - [Test Task Project]
10:24:18.424 [pool-3-thread-1] DEBUG org.hibernate.orm.results - Extracted JDBC value [5] - [2025-04-25]
10:24:18.425 [pool-3-thread-1] DEBUG org.hibernate.orm.results.loading.entity - (EntityResultInitializer) Done materializing entityInstance : org.frcpm.models.Project(959674692524500)#82
10:24:18.425 [pool-3-thread-1] DEBUG org.hibernate.orm.results.loading - Calling top-level assembler (0 / 1) : org.hibernate.sql.results.graph.entity.internal.EntityAssembler@70347089
10:24:18.425 [pool-3-thread-1] DEBUG org.hibernate.orm.results - Extracted JDBC value [0] - [104]
10:24:18.425 [pool-3-thread-1] DEBUG org.hibernate.orm.results.loading.entity - (EntityResultInitializer) Hydrated EntityKey (org.frcpm.models.Project(959674692524500)): 104
10:24:18.425 [pool-3-thread-1] DEBUG org.hibernate.orm.results.loading.org.hibernate.orm.results.loading.collection - (DelayedCollectionInitializer) Current row collection key : org.frcpm.models.Project(959674692524500).meetings#104
10:24:18.425 [pool-3-thread-1] DEBUG org.hibernate.orm.results.loading.org.hibernate.orm.results.loading.collection - (DelayedCollectionInitializer) Current row collection key : org.frcpm.models.Project(959674692524500).milestones#104
10:24:18.425 [pool-3-thread-1] DEBUG org.hibernate.orm.results.loading.org.hibernate.orm.results.loading.collection - (DelayedCollectionInitializer) Current row collection key : org.frcpm.models.Project(959674692524500).tasks#104
10:24:18.425 [pool-3-thread-1] DEBUG org.hibernate.orm.results.loading.entity - (EntityResultInitializer) Created new entity instance [org.frcpm.models.Project(959674692524500)#104] : 2006047931
10:24:18.425 [pool-3-thread-1] DEBUG org.hibernate.orm.results - Extracted JDBC value [1] - [null]
10:24:18.425 [pool-3-thread-1] DEBUG org.hibernate.orm.results - Extracted JDBC value [2] - [2025-06-06]
10:24:18.425 [pool-3-thread-1] DEBUG org.hibernate.orm.results - Extracted JDBC value [3] - [2025-06-20]
10:24:18.425 [pool-3-thread-1] DEBUG org.hibernate.orm.results - Extracted JDBC value [4] - [Component Test Project]
10:24:18.425 [pool-3-thread-1] DEBUG org.hibernate.orm.results - Extracted JDBC value [5] - [2025-04-25]
10:24:18.425 [pool-3-thread-1] DEBUG org.hibernate.orm.results.loading.entity - (EntityResultInitializer) Done materializing entityInstance : org.frcpm.models.Project(959674692524500)#104
10:24:18.425 [pool-3-thread-1] DEBUG org.hibernate.orm.results.loading - Calling top-level assembler (0 / 1) : org.hibernate.sql.results.graph.entity.internal.EntityAssembler@70347089
10:24:18.425 [pool-3-thread-1] DEBUG org.hibernate.orm.results - Extracted JDBC value [0] - [135]
10:24:18.425 [pool-3-thread-1] DEBUG org.hibernate.orm.results.loading.entity - (EntityResultInitializer) Hydrated EntityKey (org.frcpm.models.Project(959674692524500)): 135
10:24:18.425 [pool-3-thread-1] DEBUG org.hibernate.orm.results.loading.org.hibernate.orm.results.loading.collection - (DelayedCollectionInitializer) Current row collection key : org.frcpm.models.Project(959674692524500).meetings#135
10:24:18.425 [pool-3-thread-1] DEBUG org.hibernate.orm.results.loading.org.hibernate.orm.results.loading.collection - (DelayedCollectionInitializer) Current row collection key : org.frcpm.models.Project(959674692524500).milestones#135
10:24:18.425 [pool-3-thread-1] DEBUG org.hibernate.orm.results.loading.org.hibernate.orm.results.loading.collection - (DelayedCollectionInitializer) Current row collection key : org.frcpm.models.Project(959674692524500).tasks#135
10:24:18.425 [pool-3-thread-1] DEBUG org.hibernate.orm.results.loading.entity - (EntityResultInitializer) Created new entity instance [org.frcpm.models.Project(959674692524500)#135] : 1590784457
10:24:18.425 [pool-3-thread-1] DEBUG org.hibernate.orm.results - Extracted JDBC value [1] - [null]
10:24:18.425 [pool-3-thread-1] DEBUG org.hibernate.orm.results - Extracted JDBC value [2] - [2025-05-23]
10:24:18.425 [pool-3-thread-1] DEBUG org.hibernate.orm.results - Extracted JDBC value [3] - [2025-06-06]
10:24:18.425 [pool-3-thread-1] DEBUG org.hibernate.orm.results - Extracted JDBC value [4] - [Test Create Service Project]
10:24:18.425 [pool-3-thread-1] DEBUG org.hibernate.orm.results - Extracted JDBC value [5] - [2025-04-25]
10:24:18.425 [pool-3-thread-1] DEBUG org.hibernate.orm.results.loading.entity - (EntityResultInitializer) Done materializing entityInstance : org.frcpm.models.Project(959674692524500)#135
10:24:18.425 [pool-3-thread-1] DEBUG org.hibernate.orm.results.loading - Calling top-level assembler (0 / 1) : org.hibernate.sql.results.graph.entity.internal.EntityAssembler@70347089
10:24:18.425 [pool-3-thread-1] DEBUG org.hibernate.orm.results - Extracted JDBC value [0] - [142]
10:24:18.425 [pool-3-thread-1] DEBUG org.hibernate.orm.results.loading.entity - (EntityResultInitializer) Hydrated EntityKey (org.frcpm.models.Project(959674692524500)): 142
10:24:18.425 [pool-3-thread-1] DEBUG org.hibernate.orm.results.loading.org.hibernate.orm.results.loading.collection - (DelayedCollectionInitializer) Current row collection key : org.frcpm.models.Project(959674692524500).meetings#142
10:24:18.425 [pool-3-thread-1] DEBUG org.hibernate.orm.results.loading.org.hibernate.orm.results.loading.collection - (DelayedCollectionInitializer) Current row collection key : org.frcpm.models.Project(959674692524500).milestones#142
10:24:18.425 [pool-3-thread-1] DEBUG org.hibernate.orm.results.loading.org.hibernate.orm.results.loading.collection - (DelayedCollectionInitializer) Current row collection key : org.frcpm.models.Project(959674692524500).tasks#142
10:24:18.425 [pool-3-thread-1] DEBUG org.hibernate.orm.results.loading.entity - (EntityResultInitializer) Created new entity instance [org.frcpm.models.Project(959674692524500)#142] : 1574967214
10:24:18.425 [pool-3-thread-1] DEBUG org.hibernate.orm.results - Extracted JDBC value [1] - [Updated description]
10:24:18.425 [pool-3-thread-1] DEBUG org.hibernate.orm.results - Extracted JDBC value [2] - [2025-05-23]
10:24:18.425 [pool-3-thread-1] DEBUG org.hibernate.orm.results - Extracted JDBC value [3] - [2025-06-06]
10:24:18.425 [pool-3-thread-1] DEBUG org.hibernate.orm.results - Extracted JDBC value [4] - [Updated Service Project Name]
10:24:18.425 [pool-3-thread-1] DEBUG org.hibernate.orm.results - Extracted JDBC value [5] - [2025-04-25]
10:24:18.425 [pool-3-thread-1] DEBUG org.hibernate.orm.results.loading.entity - (EntityResultInitializer) Done materializing entityInstance : org.frcpm.models.Project(959674692524500)#142
10:24:18.425 [pool-3-thread-1] DEBUG org.hibernate.orm.results.loading - Calling top-level assembler (0 / 1) : org.hibernate.sql.results.graph.entity.internal.EntityAssembler@70347089
10:24:18.425 [pool-3-thread-1] DEBUG org.hibernate.orm.results - Extracted JDBC value [0] - [148]
10:24:18.425 [pool-3-thread-1] DEBUG org.hibernate.orm.results.loading.entity - (EntityResultInitializer) Hydrated EntityKey (org.frcpm.models.Project(959674692524500)): 148
10:24:18.425 [pool-3-thread-1] DEBUG org.hibernate.orm.results.loading.org.hibernate.orm.results.loading.collection - (DelayedCollectionInitializer) Current row collection key : org.frcpm.models.Project(959674692524500).meetings#148
10:24:18.425 [pool-3-thread-1] DEBUG org.hibernate.orm.results.loading.org.hibernate.orm.results.loading.collection - (DelayedCollectionInitializer) Current row collection key : org.frcpm.models.Project(959674692524500).milestones#148
10:24:18.425 [pool-3-thread-1] DEBUG org.hibernate.orm.results.loading.org.hibernate.orm.results.loading.collection - (DelayedCollectionInitializer) Current row collection key : org.frcpm.models.Project(959674692524500).tasks#148
10:24:18.425 [pool-3-thread-1] DEBUG org.hibernate.orm.results.loading.entity - (EntityResultInitializer) Created new entity instance [org.frcpm.models.Project(959674692524500)#148] : 599021508
10:24:18.425 [pool-3-thread-1] DEBUG org.hibernate.orm.results - Extracted JDBC value [1] - [null]
10:24:18.425 [pool-3-thread-1] DEBUG org.hibernate.orm.results - Extracted JDBC value [2] - [2025-05-23]
10:24:18.425 [pool-3-thread-1] DEBUG org.hibernate.orm.results - Extracted JDBC value [3] - [2025-06-06]
10:24:18.425 [pool-3-thread-1] DEBUG org.hibernate.orm.results - Extracted JDBC value [4] - [Test Summary Project]
10:24:18.425 [pool-3-thread-1] DEBUG org.hibernate.orm.results - Extracted JDBC value [5] - [2025-04-25]
10:24:18.425 [pool-3-thread-1] DEBUG org.hibernate.orm.results.loading.entity - (EntityResultInitializer) Done materializing entityInstance : org.frcpm.models.Project(959674692524500)#148
10:24:18.425 [pool-3-thread-1] DEBUG org.hibernate.orm.results.loading - Calling top-level assembler (0 / 1) : org.hibernate.sql.results.graph.entity.internal.EntityAssembler@70347089
10:24:18.425 [pool-3-thread-1] DEBUG org.hibernate.orm.results - Extracted JDBC value [0] - [170]
10:24:18.425 [pool-3-thread-1] DEBUG org.hibernate.orm.results.loading.entity - (EntityResultInitializer) Hydrated EntityKey (org.frcpm.models.Project(959674692524500)): 170
10:24:18.425 [pool-3-thread-1] DEBUG org.hibernate.orm.results.loading.org.hibernate.orm.results.loading.collection - (DelayedCollectionInitializer) Current row collection key : org.frcpm.models.Project(959674692524500).meetings#170
10:24:18.425 [pool-3-thread-1] DEBUG org.hibernate.orm.results.loading.org.hibernate.orm.results.loading.collection - (DelayedCollectionInitializer) Current row collection key : org.frcpm.models.Project(959674692524500).milestones#170
10:24:18.425 [pool-3-thread-1] DEBUG org.hibernate.orm.results.loading.org.hibernate.orm.results.loading.collection - (DelayedCollectionInitializer) Current row collection key : org.frcpm.models.Project(959674692524500).tasks#170
10:24:18.425 [pool-3-thread-1] DEBUG org.hibernate.orm.results.loading.entity - (EntityResultInitializer) Created new entity instance [org.frcpm.models.Project(959674692524500)#170] : 555729683
10:24:18.425 [pool-3-thread-1] DEBUG org.hibernate.orm.results - Extracted JDBC value [1] - [Test project for unit tests]
10:24:18.425 [pool-3-thread-1] DEBUG org.hibernate.orm.results - Extracted JDBC value [2] - [2025-05-23]
10:24:18.425 [pool-3-thread-1] DEBUG org.hibernate.orm.results - Extracted JDBC value [3] - [2025-06-06]
10:24:18.425 [pool-3-thread-1] DEBUG org.hibernate.orm.results - Extracted JDBC value [4] - [Test Project 1745594658377]
10:24:18.425 [pool-3-thread-1] DEBUG org.hibernate.orm.results - Extracted JDBC value [5] - [2025-04-25]
10:24:18.425 [pool-3-thread-1] DEBUG org.hibernate.orm.results.loading.entity - (EntityResultInitializer) Done materializing entityInstance : org.frcpm.models.Project(959674692524500)#170
10:24:18.425 [pool-3-thread-1] DEBUG org.hibernate.orm.results.loading - Calling top-level assembler (0 / 1) : org.hibernate.sql.results.graph.entity.internal.EntityAssembler@70347089
10:24:18.426 [pool-3-thread-1] DEBUG org.hibernate.resource.jdbc.internal.LogicalConnectionManagedImpl - Initiating JDBC connection release from afterTransaction
10:24:18.426 [pool-3-thread-1] DEBUG org.hibernate.resource.jdbc.internal.LogicalConnectionManagedImpl - Initiating JDBC connection release from afterTransaction
]]></system-out>
    <system-err><![CDATA[Apr 25, 2025 10:24:18 AM org.frcpm.utils.DatabaseTestUtil createTestProject
INFO: Creating standard test project...
Apr 25, 2025 10:24:18 AM org.frcpm.utils.DatabaseTestUtil createTestProject
INFO: Test project and related entities created successfully
Apr 25, 2025 10:24:18 AM org.frcpm.repositories.ConcurrencyTest testSimultaneousReads
INFO: Testing simultaneous read operations...
Apr 25, 2025 10:24:18 AM org.frcpm.repositories.ConcurrencyTest lambda$testSimultaneousReads$0
INFO: Thread 3 starting read operation...
Apr 25, 2025 10:24:18 AM org.frcpm.repositories.ConcurrencyTest lambda$testSimultaneousReads$0
INFO: Thread 2 starting read operation...
Apr 25, 2025 10:24:18 AM org.frcpm.repositories.ConcurrencyTest lambda$testSimultaneousReads$0
INFO: Thread 0 starting read operation...
Apr 25, 2025 10:24:18 AM org.frcpm.repositories.ConcurrencyTest lambda$testSimultaneousReads$0
INFO: Thread 4 starting read operation...
Apr 25, 2025 10:24:18 AM org.frcpm.repositories.ConcurrencyTest lambda$testSimultaneousReads$0
INFO: Thread 1 starting read operation...
Apr 25, 2025 10:24:18 AM org.frcpm.repositories.ConcurrencyTest lambda$testSimultaneousReads$0
INFO: Thread 4 completed read operation
Apr 25, 2025 10:24:18 AM org.frcpm.repositories.ConcurrencyTest lambda$testSimultaneousReads$0
INFO: Thread 1 completed read operation
Apr 25, 2025 10:24:18 AM org.frcpm.repositories.ConcurrencyTest lambda$testSimultaneousReads$0
INFO: Thread 3 completed read operation
Apr 25, 2025 10:24:18 AM org.frcpm.repositories.ConcurrencyTest lambda$testSimultaneousReads$0
INFO: Thread 2 completed read operation
Apr 25, 2025 10:24:18 AM org.frcpm.repositories.ConcurrencyTest lambda$testSimultaneousReads$0
INFO: Thread 0 completed read operation
]]></system-err>
  </testcase>
  <testcase name="testSimultaneousWrites" classname="org.frcpm.repositories.ConcurrencyTest" time="0.065">
    <system-out><![CDATA[10:24:18.438 [pool-4-thread-1] DEBUG org.hibernate.engine.transaction.internal.TransactionImpl - On TransactionImpl creation, JpaCompliance#isJpaTransactionComplianceEnabled == false
10:24:18.438 [pool-4-thread-1] DEBUG org.hibernate.engine.transaction.internal.TransactionImpl - begin
10:24:18.438 [pool-4-thread-5] DEBUG org.hibernate.engine.transaction.internal.TransactionImpl - On TransactionImpl creation, JpaCompliance#isJpaTransactionComplianceEnabled == false
10:24:18.438 [pool-4-thread-5] DEBUG org.hibernate.engine.transaction.internal.TransactionImpl - begin
10:24:18.438 [pool-4-thread-3] DEBUG org.hibernate.engine.transaction.internal.TransactionImpl - On TransactionImpl creation, JpaCompliance#isJpaTransactionComplianceEnabled == false
10:24:18.438 [pool-4-thread-3] DEBUG org.hibernate.engine.transaction.internal.TransactionImpl - begin
10:24:18.439 [pool-4-thread-3] DEBUG org.hibernate.engine.spi.ActionQueue - Executing identity-insert immediately
10:24:18.439 [pool-4-thread-1] DEBUG org.hibernate.engine.spi.ActionQueue - Executing identity-insert immediately
10:24:18.439 [pool-4-thread-1] DEBUG org.hibernate.SQL - insert into projects (description,goal_end_date,hard_deadline,name,start_date,id) values (?,?,?,?,?,default)
10:24:18.438 [pool-4-thread-4] DEBUG org.hibernate.engine.transaction.internal.TransactionImpl - On TransactionImpl creation, JpaCompliance#isJpaTransactionComplianceEnabled == false
10:24:18.439 [pool-4-thread-4] DEBUG org.hibernate.engine.transaction.internal.TransactionImpl - begin
10:24:18.439 [pool-4-thread-4] DEBUG org.hibernate.engine.spi.ActionQueue - Executing identity-insert immediately
10:24:18.439 [pool-4-thread-4] DEBUG org.hibernate.SQL - insert into projects (description,goal_end_date,hard_deadline,name,start_date,id) values (?,?,?,?,?,default)
10:24:18.440 [pool-4-thread-1] DEBUG org.hibernate.orm.results - Initializer list is empty
10:24:18.440 [pool-4-thread-1] DEBUG org.hibernate.orm.results.loading - Calling top-level assembler (0 / 1) : org.hibernate.sql.results.graph.basic.BasicResultAssembler@303ff38b
10:24:18.440 [pool-4-thread-1] DEBUG org.hibernate.orm.results - Extracted JDBC value [0] - [172]
10:24:18.441 [pool-4-thread-1] DEBUG org.hibernate.id.IdentifierGeneratorHelper - Extracted generated values [org.frcpm.models.Project]: [Ljava.lang.Object;@66e65ef7
10:24:18.439 [pool-4-thread-3] DEBUG org.hibernate.SQL - insert into projects (description,goal_end_date,hard_deadline,name,start_date,id) values (?,?,?,?,?,default)
10:24:18.441 [pool-4-thread-2] DEBUG org.hibernate.engine.transaction.internal.TransactionImpl - On TransactionImpl creation, JpaCompliance#isJpaTransactionComplianceEnabled == false
10:24:18.441 [pool-4-thread-2] DEBUG org.hibernate.engine.transaction.internal.TransactionImpl - begin
10:24:18.441 [pool-4-thread-4] DEBUG org.hibernate.orm.results - Initializer list is empty
10:24:18.442 [pool-4-thread-1] DEBUG org.hibernate.event.internal.AbstractFlushingEventListener - Processing flush-time cascades
10:24:18.442 [pool-4-thread-4] DEBUG org.hibernate.orm.results.loading - Calling top-level assembler (0 / 1) : org.hibernate.sql.results.graph.basic.BasicResultAssembler@2964b110
10:24:18.442 [pool-4-thread-4] DEBUG org.hibernate.orm.results - Extracted JDBC value [0] - [171]
10:24:18.442 [pool-4-thread-1] DEBUG org.hibernate.event.internal.AbstractFlushingEventListener - Dirty checking collections
10:24:18.442 [pool-4-thread-4] DEBUG org.hibernate.id.IdentifierGeneratorHelper - Extracted generated values [org.frcpm.models.Project]: [Ljava.lang.Object;@42633dc1
10:24:18.442 [pool-4-thread-1] DEBUG org.hibernate.engine.internal.Collections - Collection found: [org.frcpm.models.Project.meetings#172], was: [<unreferenced>] (initialized)
10:24:18.442 [pool-4-thread-1] DEBUG org.hibernate.engine.internal.Collections - Collection found: [org.frcpm.models.Project.milestones#172], was: [<unreferenced>] (initialized)
10:24:18.442 [pool-4-thread-1] DEBUG org.hibernate.engine.internal.Collections - Collection found: [org.frcpm.models.Project.tasks#172], was: [<unreferenced>] (initialized)
10:24:18.442 [pool-4-thread-1] DEBUG org.hibernate.event.internal.AbstractFlushingEventListener - Flushed: 0 insertions, 0 updates, 0 deletions to 1 objects
10:24:18.442 [pool-4-thread-1] DEBUG org.hibernate.event.internal.AbstractFlushingEventListener - Flushed: 3 (re)creations, 0 updates, 0 removals to 3 collections
10:24:18.442 [pool-4-thread-1] DEBUG org.hibernate.internal.util.EntityPrinter - Listing entities:
10:24:18.442 [pool-4-thread-1] DEBUG org.hibernate.internal.util.EntityPrinter - org.frcpm.models.Project{hardDeadline=2025-06-06, name=Concurrent Write Test 0, description=null, meetings=[], id=172, goalEndDate=2025-05-23, milestones=[], startDate=2025-04-25, tasks=[]}
10:24:18.442 [pool-4-thread-3] DEBUG org.hibernate.orm.results - Initializer list is empty
10:24:18.442 [pool-4-thread-3] DEBUG org.hibernate.orm.results.loading - Calling top-level assembler (0 / 1) : org.hibernate.sql.results.graph.basic.BasicResultAssembler@48f9fe7d
10:24:18.442 [pool-4-thread-3] DEBUG org.hibernate.orm.results - Extracted JDBC value [0] - [173]
10:24:18.442 [pool-4-thread-1] DEBUG org.hibernate.engine.transaction.internal.TransactionImpl - committing
10:24:18.442 [pool-4-thread-3] DEBUG org.hibernate.id.IdentifierGeneratorHelper - Extracted generated values [org.frcpm.models.Project]: [Ljava.lang.Object;@57bd294a
10:24:18.442 [pool-4-thread-1] DEBUG org.hibernate.event.internal.AbstractFlushingEventListener - Processing flush-time cascades
10:24:18.442 [pool-4-thread-1] DEBUG org.hibernate.event.internal.AbstractFlushingEventListener - Dirty checking collections
10:24:18.442 [pool-4-thread-1] DEBUG org.hibernate.engine.internal.Collections - Collection found: [org.frcpm.models.Project.meetings#172], was: [org.frcpm.models.Project.meetings#172] (initialized)
10:24:18.443 [pool-4-thread-1] DEBUG org.hibernate.engine.internal.Collections - Collection found: [org.frcpm.models.Project.milestones#172], was: [org.frcpm.models.Project.milestones#172] (initialized)
10:24:18.443 [pool-4-thread-1] DEBUG org.hibernate.engine.internal.Collections - Collection found: [org.frcpm.models.Project.tasks#172], was: [org.frcpm.models.Project.tasks#172] (initialized)
10:24:18.443 [pool-4-thread-1] DEBUG org.hibernate.event.internal.AbstractFlushingEventListener - Flushed: 0 insertions, 0 updates, 0 deletions to 1 objects
10:24:18.443 [pool-4-thread-1] DEBUG org.hibernate.event.internal.AbstractFlushingEventListener - Flushed: 0 (re)creations, 0 updates, 0 removals to 3 collections
10:24:18.443 [pool-4-thread-1] DEBUG org.hibernate.internal.util.EntityPrinter - Listing entities:
10:24:18.443 [pool-4-thread-1] DEBUG org.hibernate.internal.util.EntityPrinter - org.frcpm.models.Project{hardDeadline=2025-06-06, name=Concurrent Write Test 0, description=null, meetings=[], id=172, goalEndDate=2025-05-23, milestones=[], startDate=2025-04-25, tasks=[]}
10:24:18.443 [pool-4-thread-3] DEBUG org.hibernate.event.internal.AbstractFlushingEventListener - Processing flush-time cascades
10:24:18.443 [pool-4-thread-3] DEBUG org.hibernate.event.internal.AbstractFlushingEventListener - Dirty checking collections
10:24:18.443 [pool-4-thread-3] DEBUG org.hibernate.engine.internal.Collections - Collection found: [org.frcpm.models.Project.meetings#173], was: [<unreferenced>] (initialized)
10:24:18.443 [pool-4-thread-3] DEBUG org.hibernate.engine.internal.Collections - Collection found: [org.frcpm.models.Project.milestones#173], was: [<unreferenced>] (initialized)
10:24:18.443 [pool-4-thread-3] DEBUG org.hibernate.engine.internal.Collections - Collection found: [org.frcpm.models.Project.tasks#173], was: [<unreferenced>] (initialized)
10:24:18.443 [pool-4-thread-3] DEBUG org.hibernate.event.internal.AbstractFlushingEventListener - Flushed: 0 insertions, 0 updates, 0 deletions to 1 objects
10:24:18.443 [pool-4-thread-3] DEBUG org.hibernate.event.internal.AbstractFlushingEventListener - Flushed: 3 (re)creations, 0 updates, 0 removals to 3 collections
10:24:18.443 [pool-4-thread-3] DEBUG org.hibernate.internal.util.EntityPrinter - Listing entities:
10:24:18.443 [pool-4-thread-3] DEBUG org.hibernate.internal.util.EntityPrinter - org.frcpm.models.Project{hardDeadline=2025-06-06, name=Concurrent Write Test 2, description=null, meetings=[], id=173, goalEndDate=2025-05-23, milestones=[], startDate=2025-04-25, tasks=[]}
10:24:18.443 [pool-4-thread-1] DEBUG org.hibernate.resource.jdbc.internal.LogicalConnectionManagedImpl - Initiating JDBC connection release from afterTransaction
10:24:18.443 [pool-4-thread-3] DEBUG org.hibernate.engine.transaction.internal.TransactionImpl - committing
10:24:18.443 [pool-4-thread-3] DEBUG org.hibernate.event.internal.AbstractFlushingEventListener - Processing flush-time cascades
10:24:18.443 [pool-4-thread-1] DEBUG org.hibernate.resource.jdbc.internal.LogicalConnectionManagedImpl - Initiating JDBC connection release from afterTransaction
10:24:18.445 [pool-4-thread-5] DEBUG org.hibernate.engine.spi.ActionQueue - Executing identity-insert immediately
10:24:18.446 [pool-4-thread-5] DEBUG org.hibernate.SQL - insert into projects (description,goal_end_date,hard_deadline,name,start_date,id) values (?,?,?,?,?,default)
10:24:18.447 [pool-4-thread-3] DEBUG org.hibernate.event.internal.AbstractFlushingEventListener - Dirty checking collections
10:24:18.447 [pool-4-thread-3] DEBUG org.hibernate.engine.internal.Collections - Collection found: [org.frcpm.models.Project.meetings#173], was: [org.frcpm.models.Project.meetings#173] (initialized)
10:24:18.447 [pool-4-thread-3] DEBUG org.hibernate.engine.internal.Collections - Collection found: [org.frcpm.models.Project.milestones#173], was: [org.frcpm.models.Project.milestones#173] (initialized)
10:24:18.447 [pool-4-thread-3] DEBUG org.hibernate.engine.internal.Collections - Collection found: [org.frcpm.models.Project.tasks#173], was: [org.frcpm.models.Project.tasks#173] (initialized)
10:24:18.447 [pool-4-thread-3] DEBUG org.hibernate.event.internal.AbstractFlushingEventListener - Flushed: 0 insertions, 0 updates, 0 deletions to 1 objects
10:24:18.447 [pool-4-thread-3] DEBUG org.hibernate.event.internal.AbstractFlushingEventListener - Flushed: 0 (re)creations, 0 updates, 0 removals to 3 collections
10:24:18.447 [pool-4-thread-3] DEBUG org.hibernate.internal.util.EntityPrinter - Listing entities:
10:24:18.447 [pool-4-thread-3] DEBUG org.hibernate.internal.util.EntityPrinter - org.frcpm.models.Project{hardDeadline=2025-06-06, name=Concurrent Write Test 2, description=null, meetings=[], id=173, goalEndDate=2025-05-23, milestones=[], startDate=2025-04-25, tasks=[]}
10:24:18.448 [pool-4-thread-3] DEBUG org.hibernate.resource.jdbc.internal.LogicalConnectionManagedImpl - Initiating JDBC connection release from afterTransaction
10:24:18.448 [pool-4-thread-3] DEBUG org.hibernate.resource.jdbc.internal.LogicalConnectionManagedImpl - Initiating JDBC connection release from afterTransaction
10:24:18.449 [pool-4-thread-2] DEBUG org.hibernate.engine.spi.ActionQueue - Executing identity-insert immediately
10:24:18.449 [pool-4-thread-2] DEBUG org.hibernate.SQL - insert into projects (description,goal_end_date,hard_deadline,name,start_date,id) values (?,?,?,?,?,default)
10:24:18.451 [pool-4-thread-2] DEBUG org.hibernate.orm.results - Initializer list is empty
10:24:18.452 [pool-4-thread-2] DEBUG org.hibernate.orm.results.loading - Calling top-level assembler (0 / 1) : org.hibernate.sql.results.graph.basic.BasicResultAssembler@6178515c
10:24:18.452 [pool-4-thread-2] DEBUG org.hibernate.orm.results - Extracted JDBC value [0] - [174]
10:24:18.452 [pool-4-thread-2] DEBUG org.hibernate.id.IdentifierGeneratorHelper - Extracted generated values [org.frcpm.models.Project]: [Ljava.lang.Object;@552a6720
10:24:18.452 [pool-4-thread-4] DEBUG org.hibernate.event.internal.AbstractFlushingEventListener - Processing flush-time cascades
10:24:18.452 [pool-4-thread-4] DEBUG org.hibernate.event.internal.AbstractFlushingEventListener - Dirty checking collections
10:24:18.452 [pool-4-thread-2] DEBUG org.hibernate.event.internal.AbstractFlushingEventListener - Processing flush-time cascades
10:24:18.452 [pool-4-thread-2] DEBUG org.hibernate.event.internal.AbstractFlushingEventListener - Dirty checking collections
10:24:18.453 [pool-4-thread-4] DEBUG org.hibernate.engine.internal.Collections - Collection found: [org.frcpm.models.Project.meetings#171], was: [<unreferenced>] (initialized)
10:24:18.453 [pool-4-thread-4] DEBUG org.hibernate.engine.internal.Collections - Collection found: [org.frcpm.models.Project.milestones#171], was: [<unreferenced>] (initialized)
10:24:18.453 [pool-4-thread-4] DEBUG org.hibernate.engine.internal.Collections - Collection found: [org.frcpm.models.Project.tasks#171], was: [<unreferenced>] (initialized)
10:24:18.453 [pool-4-thread-2] DEBUG org.hibernate.engine.internal.Collections - Collection found: [org.frcpm.models.Project.meetings#174], was: [<unreferenced>] (initialized)
10:24:18.453 [pool-4-thread-2] DEBUG org.hibernate.engine.internal.Collections - Collection found: [org.frcpm.models.Project.milestones#174], was: [<unreferenced>] (initialized)
10:24:18.453 [pool-4-thread-2] DEBUG org.hibernate.engine.internal.Collections - Collection found: [org.frcpm.models.Project.tasks#174], was: [<unreferenced>] (initialized)
10:24:18.453 [pool-4-thread-5] DEBUG org.hibernate.orm.results - Initializer list is empty
10:24:18.453 [pool-4-thread-4] DEBUG org.hibernate.event.internal.AbstractFlushingEventListener - Flushed: 0 insertions, 0 updates, 0 deletions to 1 objects
10:24:18.453 [pool-4-thread-5] DEBUG org.hibernate.orm.results.loading - Calling top-level assembler (0 / 1) : org.hibernate.sql.results.graph.basic.BasicResultAssembler@653827ba
10:24:18.453 [pool-4-thread-4] DEBUG org.hibernate.event.internal.AbstractFlushingEventListener - Flushed: 3 (re)creations, 0 updates, 0 removals to 3 collections
10:24:18.454 [pool-4-thread-4] DEBUG org.hibernate.internal.util.EntityPrinter - Listing entities:
10:24:18.454 [pool-4-thread-5] DEBUG org.hibernate.orm.results - Extracted JDBC value [0] - [175]
10:24:18.454 [pool-4-thread-5] DEBUG org.hibernate.id.IdentifierGeneratorHelper - Extracted generated values [org.frcpm.models.Project]: [Ljava.lang.Object;@72651eeb
10:24:18.454 [pool-4-thread-4] DEBUG org.hibernate.internal.util.EntityPrinter - org.frcpm.models.Project{hardDeadline=2025-06-06, name=Concurrent Write Test 3, description=null, meetings=[], id=171, goalEndDate=2025-05-23, milestones=[], startDate=2025-04-25, tasks=[]}
10:24:18.454 [pool-4-thread-4] DEBUG org.hibernate.engine.transaction.internal.TransactionImpl - committing
10:24:18.454 [pool-4-thread-4] DEBUG org.hibernate.event.internal.AbstractFlushingEventListener - Processing flush-time cascades
10:24:18.454 [pool-4-thread-5] DEBUG org.hibernate.event.internal.AbstractFlushingEventListener - Processing flush-time cascades
10:24:18.454 [pool-4-thread-5] DEBUG org.hibernate.event.internal.AbstractFlushingEventListener - Dirty checking collections
10:24:18.454 [pool-4-thread-4] DEBUG org.hibernate.event.internal.AbstractFlushingEventListener - Dirty checking collections
10:24:18.454 [pool-4-thread-2] DEBUG org.hibernate.event.internal.AbstractFlushingEventListener - Flushed: 0 insertions, 0 updates, 0 deletions to 1 objects
10:24:18.454 [pool-4-thread-2] DEBUG org.hibernate.event.internal.AbstractFlushingEventListener - Flushed: 3 (re)creations, 0 updates, 0 removals to 3 collections
10:24:18.454 [pool-4-thread-2] DEBUG org.hibernate.internal.util.EntityPrinter - Listing entities:
10:24:18.454 [pool-4-thread-4] DEBUG org.hibernate.engine.internal.Collections - Collection found: [org.frcpm.models.Project.meetings#171], was: [org.frcpm.models.Project.meetings#171] (initialized)
10:24:18.454 [pool-4-thread-4] DEBUG org.hibernate.engine.internal.Collections - Collection found: [org.frcpm.models.Project.milestones#171], was: [org.frcpm.models.Project.milestones#171] (initialized)
10:24:18.454 [pool-4-thread-4] DEBUG org.hibernate.engine.internal.Collections - Collection found: [org.frcpm.models.Project.tasks#171], was: [org.frcpm.models.Project.tasks#171] (initialized)
10:24:18.454 [pool-4-thread-4] DEBUG org.hibernate.event.internal.AbstractFlushingEventListener - Flushed: 0 insertions, 0 updates, 0 deletions to 1 objects
10:24:18.454 [pool-4-thread-4] DEBUG org.hibernate.event.internal.AbstractFlushingEventListener - Flushed: 0 (re)creations, 0 updates, 0 removals to 3 collections
10:24:18.454 [pool-4-thread-4] DEBUG org.hibernate.internal.util.EntityPrinter - Listing entities:
10:24:18.454 [pool-4-thread-2] DEBUG org.hibernate.internal.util.EntityPrinter - org.frcpm.models.Project{hardDeadline=2025-06-06, name=Concurrent Write Test 1, description=null, meetings=[], id=174, goalEndDate=2025-05-23, milestones=[], startDate=2025-04-25, tasks=[]}
10:24:18.454 [pool-4-thread-4] DEBUG org.hibernate.internal.util.EntityPrinter - org.frcpm.models.Project{hardDeadline=2025-06-06, name=Concurrent Write Test 3, description=null, meetings=[], id=171, goalEndDate=2025-05-23, milestones=[], startDate=2025-04-25, tasks=[]}
10:24:18.454 [pool-4-thread-2] DEBUG org.hibernate.engine.transaction.internal.TransactionImpl - committing
10:24:18.454 [pool-4-thread-2] DEBUG org.hibernate.event.internal.AbstractFlushingEventListener - Processing flush-time cascades
10:24:18.454 [pool-4-thread-2] DEBUG org.hibernate.event.internal.AbstractFlushingEventListener - Dirty checking collections
10:24:18.454 [pool-4-thread-2] DEBUG org.hibernate.engine.internal.Collections - Collection found: [org.frcpm.models.Project.meetings#174], was: [org.frcpm.models.Project.meetings#174] (initialized)
10:24:18.454 [pool-4-thread-2] DEBUG org.hibernate.engine.internal.Collections - Collection found: [org.frcpm.models.Project.milestones#174], was: [org.frcpm.models.Project.milestones#174] (initialized)
10:24:18.454 [pool-4-thread-2] DEBUG org.hibernate.engine.internal.Collections - Collection found: [org.frcpm.models.Project.tasks#174], was: [org.frcpm.models.Project.tasks#174] (initialized)
10:24:18.454 [pool-4-thread-2] DEBUG org.hibernate.event.internal.AbstractFlushingEventListener - Flushed: 0 insertions, 0 updates, 0 deletions to 1 objects
10:24:18.454 [pool-4-thread-2] DEBUG org.hibernate.event.internal.AbstractFlushingEventListener - Flushed: 0 (re)creations, 0 updates, 0 removals to 3 collections
10:24:18.454 [pool-4-thread-2] DEBUG org.hibernate.internal.util.EntityPrinter - Listing entities:
10:24:18.454 [pool-4-thread-2] DEBUG org.hibernate.internal.util.EntityPrinter - org.frcpm.models.Project{hardDeadline=2025-06-06, name=Concurrent Write Test 1, description=null, meetings=[], id=174, goalEndDate=2025-05-23, milestones=[], startDate=2025-04-25, tasks=[]}
10:24:18.454 [pool-4-thread-4] DEBUG org.hibernate.resource.jdbc.internal.LogicalConnectionManagedImpl - Initiating JDBC connection release from afterTransaction
10:24:18.454 [pool-4-thread-4] DEBUG org.hibernate.resource.jdbc.internal.LogicalConnectionManagedImpl - Initiating JDBC connection release from afterTransaction
10:24:18.454 [pool-4-thread-2] DEBUG org.hibernate.resource.jdbc.internal.LogicalConnectionManagedImpl - Initiating JDBC connection release from afterTransaction
10:24:18.454 [pool-4-thread-2] DEBUG org.hibernate.resource.jdbc.internal.LogicalConnectionManagedImpl - Initiating JDBC connection release from afterTransaction
10:24:18.454 [pool-4-thread-5] DEBUG org.hibernate.engine.internal.Collections - Collection found: [org.frcpm.models.Project.meetings#175], was: [<unreferenced>] (initialized)
10:24:18.454 [pool-4-thread-5] DEBUG org.hibernate.engine.internal.Collections - Collection found: [org.frcpm.models.Project.milestones#175], was: [<unreferenced>] (initialized)
10:24:18.454 [pool-4-thread-5] DEBUG org.hibernate.engine.internal.Collections - Collection found: [org.frcpm.models.Project.tasks#175], was: [<unreferenced>] (initialized)
10:24:18.454 [pool-4-thread-5] DEBUG org.hibernate.event.internal.AbstractFlushingEventListener - Flushed: 0 insertions, 0 updates, 0 deletions to 1 objects
10:24:18.455 [pool-4-thread-5] DEBUG org.hibernate.event.internal.AbstractFlushingEventListener - Flushed: 3 (re)creations, 0 updates, 0 removals to 3 collections
10:24:18.455 [pool-4-thread-5] DEBUG org.hibernate.internal.util.EntityPrinter - Listing entities:
10:24:18.455 [pool-4-thread-5] DEBUG org.hibernate.internal.util.EntityPrinter - org.frcpm.models.Project{hardDeadline=2025-06-06, name=Concurrent Write Test 4, description=null, meetings=[], id=175, goalEndDate=2025-05-23, milestones=[], startDate=2025-04-25, tasks=[]}
10:24:18.455 [pool-4-thread-5] DEBUG org.hibernate.engine.transaction.internal.TransactionImpl - committing
10:24:18.455 [pool-4-thread-5] DEBUG org.hibernate.event.internal.AbstractFlushingEventListener - Processing flush-time cascades
10:24:18.455 [pool-4-thread-5] DEBUG org.hibernate.event.internal.AbstractFlushingEventListener - Dirty checking collections
10:24:18.455 [pool-4-thread-5] DEBUG org.hibernate.engine.internal.Collections - Collection found: [org.frcpm.models.Project.meetings#175], was: [org.frcpm.models.Project.meetings#175] (initialized)
10:24:18.455 [pool-4-thread-5] DEBUG org.hibernate.engine.internal.Collections - Collection found: [org.frcpm.models.Project.milestones#175], was: [org.frcpm.models.Project.milestones#175] (initialized)
10:24:18.455 [pool-4-thread-5] DEBUG org.hibernate.engine.internal.Collections - Collection found: [org.frcpm.models.Project.tasks#175], was: [org.frcpm.models.Project.tasks#175] (initialized)
10:24:18.455 [pool-4-thread-5] DEBUG org.hibernate.event.internal.AbstractFlushingEventListener - Flushed: 0 insertions, 0 updates, 0 deletions to 1 objects
10:24:18.455 [pool-4-thread-5] DEBUG org.hibernate.event.internal.AbstractFlushingEventListener - Flushed: 0 (re)creations, 0 updates, 0 removals to 3 collections
10:24:18.455 [pool-4-thread-5] DEBUG org.hibernate.internal.util.EntityPrinter - Listing entities:
10:24:18.456 [pool-4-thread-5] DEBUG org.hibernate.internal.util.EntityPrinter - org.frcpm.models.Project{hardDeadline=2025-06-06, name=Concurrent Write Test 4, description=null, meetings=[], id=175, goalEndDate=2025-05-23, milestones=[], startDate=2025-04-25, tasks=[]}
10:24:18.456 [pool-4-thread-5] DEBUG org.hibernate.resource.jdbc.internal.LogicalConnectionManagedImpl - Initiating JDBC connection release from afterTransaction
10:24:18.456 [pool-4-thread-5] DEBUG org.hibernate.resource.jdbc.internal.LogicalConnectionManagedImpl - Initiating JDBC connection release from afterTransaction
10:24:18.456 [FRC-PM-HikariCP connection adder] DEBUG com.zaxxer.hikari.pool.HikariPool - FRC-PM-HikariCP - Connection not added, stats (total=3, active=1, idle=2, waiting=0)
10:24:18.456 [FRC-PM-HikariCP connection adder] DEBUG com.zaxxer.hikari.pool.HikariPool - FRC-PM-HikariCP - Connection not added, stats (total=3, active=0, idle=3, waiting=0)
10:24:18.456 [FRC-PM-HikariCP connection adder] DEBUG com.zaxxer.hikari.pool.HikariPool - FRC-PM-HikariCP - Connection not added, stats (total=3, active=0, idle=3, waiting=0)
10:24:18.458 [main] DEBUG org.hibernate.engine.transaction.internal.TransactionImpl - On TransactionImpl creation, JpaCompliance#isJpaTransactionComplianceEnabled == false
10:24:18.458 [main] DEBUG org.hibernate.engine.transaction.internal.TransactionImpl - begin
10:24:18.458 [main] DEBUG org.hibernate.orm.sql.exec - Skipping reading Query result cache data: cache-enabled = false, cache-mode = IGNORE
10:24:18.458 [main] DEBUG org.hibernate.orm.results - Initializer list:
	  org.frcpm.models.Project.meetings -> DelayedCollectionInitializer(org.frcpm.models.Project.meetings)@2111612375 (PluralAttribute(org.frcpm.models.Project.meetings))
	  org.frcpm.models.Project.tasks -> DelayedCollectionInitializer(org.frcpm.models.Project.tasks)@1529865046 (PluralAttribute(org.frcpm.models.Project.tasks))
	  org.frcpm.models.Project -> EntityResultInitializer(org.frcpm.models.Project)@898854705 (SingleTableEntityPersister(org.frcpm.models.Project))
	  org.frcpm.models.Project.milestones -> DelayedCollectionInitializer(org.frcpm.models.Project.milestones)@693453825 (PluralAttribute(org.frcpm.models.Project.milestones))

10:24:18.459 [main] DEBUG org.hibernate.SQL - select p1_0.id,p1_0.description,p1_0.goal_end_date,p1_0.hard_deadline,p1_0.name,p1_0.start_date from projects p1_0 where p1_0.id=?
10:24:18.459 [main] DEBUG org.hibernate.orm.results.loading.entity - (EntityResultInitializer) Hydrated EntityKey (org.frcpm.models.Project): 172
10:24:18.459 [main] DEBUG org.hibernate.orm.results.loading.org.hibernate.orm.results.loading.collection - (DelayedCollectionInitializer) Current row collection key : org.frcpm.models.Project.meetings#172
10:24:18.459 [main] DEBUG org.hibernate.orm.results.loading.org.hibernate.orm.results.loading.collection - (DelayedCollectionInitializer) Current row collection key : org.frcpm.models.Project.milestones#172
10:24:18.459 [main] DEBUG org.hibernate.orm.results.loading.org.hibernate.orm.results.loading.collection - (DelayedCollectionInitializer) Current row collection key : org.frcpm.models.Project.tasks#172
10:24:18.459 [main] DEBUG org.hibernate.orm.results.loading.entity - (EntityResultInitializer) Created new entity instance [org.frcpm.models.Project#172] : 996852144
10:24:18.459 [main] DEBUG org.hibernate.orm.results - Extracted JDBC value [1] - [null]
10:24:18.460 [main] DEBUG org.hibernate.orm.results - Extracted JDBC value [2] - [2025-05-23]
10:24:18.460 [main] DEBUG org.hibernate.orm.results - Extracted JDBC value [3] - [2025-06-06]
10:24:18.460 [main] DEBUG org.hibernate.orm.results - Extracted JDBC value [4] - [Concurrent Write Test 0]
10:24:18.460 [main] DEBUG org.hibernate.orm.results - Extracted JDBC value [5] - [2025-04-25]
10:24:18.460 [main] DEBUG org.hibernate.orm.results.loading.entity - (EntityResultInitializer) Done materializing entityInstance : org.frcpm.models.Project#172
10:24:18.460 [main] DEBUG org.hibernate.orm.results.loading - Calling top-level assembler (0 / 1) : org.hibernate.sql.results.graph.entity.internal.EntityAssembler@7a2922c7
10:24:18.460 [main] DEBUG org.hibernate.orm.sql.exec - Skipping reading Query result cache data: cache-enabled = false, cache-mode = IGNORE
10:24:18.461 [main] DEBUG org.hibernate.orm.results - Initializer list:
	  org.frcpm.models.Project.meetings -> BagInitializer(org.frcpm.models.Project.meetings)@622211693 (PluralAttribute(org.frcpm.models.Project.meetings))
	  org.frcpm.models.Project.meetings.{element}.project -> EntityDelayedFetchInitializer(org.frcpm.models.Project.meetings.{element}.project)@352861869 (ToOneAttributeMapping(NavigableRole[org.frcpm.models.Meeting.project])@437432136)
	  org.frcpm.models.Project.meetings.{element} -> EntityJoinedFetchInitializer(org.frcpm.models.Project.meetings.{element})@689871319 (EntityCollectionPart(org.frcpm.models.Project.meetings#{element})@1024414659)
	  org.frcpm.models.Project.meetings.{element}.attendances -> DelayedCollectionInitializer(org.frcpm.models.Project.meetings.{element}.attendances)@1764163481 (PluralAttribute(org.frcpm.models.Meeting.attendances))

10:24:18.461 [main] DEBUG org.hibernate.SQL - select m1_0.project_id,m1_0.id,m1_0.date,m1_0.end_time,m1_0.notes,m1_0.start_time from meetings m1_0 where m1_0.project_id=?
10:24:18.462 [main] DEBUG org.hibernate.sql.results.internal.ResultsHelper - Collection fully initialized: [org.frcpm.models.Project.meetings#172]
10:24:18.462 [main] DEBUG org.hibernate.orm.sql.exec - Skipping reading Query result cache data: cache-enabled = false, cache-mode = IGNORE
10:24:18.462 [main] DEBUG org.hibernate.orm.results - Initializer list:
	  org.frcpm.models.Project.milestones.{element}.project -> EntityDelayedFetchInitializer(org.frcpm.models.Project.milestones.{element}.project)@2082096597 (ToOneAttributeMapping(NavigableRole[org.frcpm.models.Milestone.project])@572438520)
	  org.frcpm.models.Project.milestones.{element} -> EntityJoinedFetchInitializer(org.frcpm.models.Project.milestones.{element})@1335521044 (EntityCollectionPart(org.frcpm.models.Project.milestones#{element})@281564011)
	  org.frcpm.models.Project.milestones -> BagInitializer(org.frcpm.models.Project.milestones)@1053984842 (PluralAttribute(org.frcpm.models.Project.milestones))

10:24:18.462 [main] DEBUG org.hibernate.SQL - select m1_0.project_id,m1_0.id,m1_0.date,m1_0.description,m1_0.name from milestones m1_0 where m1_0.project_id=?
10:24:18.464 [main] DEBUG org.hibernate.sql.results.internal.ResultsHelper - Collection fully initialized: [org.frcpm.models.Project.milestones#172]
10:24:18.464 [main] DEBUG org.hibernate.orm.sql.exec - Skipping reading Query result cache data: cache-enabled = false, cache-mode = IGNORE
10:24:18.465 [main] DEBUG org.hibernate.orm.results - Initializer list:
	  org.frcpm.models.Project.tasks.{element}.assignedTo -> DelayedCollectionInitializer(org.frcpm.models.Project.tasks.{element}.assignedTo)@660287291 (PluralAttribute(org.frcpm.models.Task.assignedTo))
	  org.frcpm.models.Project.tasks.{element}.postDependencies -> DelayedCollectionInitializer(org.frcpm.models.Project.tasks.{element}.postDependencies)@224490306 (PluralAttribute(org.frcpm.models.Task.postDependencies))
	  org.frcpm.models.Project.tasks.{element} -> EntityJoinedFetchInitializer(org.frcpm.models.Project.tasks.{element})@1187430224 (EntityCollectionPart(org.frcpm.models.Project.tasks#{element})@1626692497)
	  org.frcpm.models.Project.tasks.{element}.requiredComponents -> DelayedCollectionInitializer(org.frcpm.models.Project.tasks.{element}.requiredComponents)@514429507 (PluralAttribute(org.frcpm.models.Task.requiredComponents))
	  org.frcpm.models.Project.tasks.{element}.project -> EntityDelayedFetchInitializer(org.frcpm.models.Project.tasks.{element}.project)@408164791 (ToOneAttributeMapping(NavigableRole[org.frcpm.models.Task.project])@1805322706)
	  org.frcpm.models.Project.tasks.{element}.subsystem -> EntityDelayedFetchInitializer(org.frcpm.models.Project.tasks.{element}.subsystem)@569966307 (ToOneAttributeMapping(NavigableRole[org.frcpm.models.Task.subsystem])@1930513173)
	  org.frcpm.models.Project.tasks.{element}.preDependencies -> DelayedCollectionInitializer(org.frcpm.models.Project.tasks.{element}.preDependencies)@1269853537 (PluralAttribute(org.frcpm.models.Task.preDependencies))
	  org.frcpm.models.Project.tasks -> BagInitializer(org.frcpm.models.Project.tasks)@2027305052 (PluralAttribute(org.frcpm.models.Project.tasks))

10:24:18.465 [main] DEBUG org.hibernate.SQL - select t1_0.project_id,t1_0.id,t1_0.actual_duration_seconds,t1_0.completed,t1_0.description,t1_0.end_date,t1_0.estimated_duration_seconds,t1_0.priority,t1_0.progress,t1_0.start_date,t1_0.subsystem_id,t1_0.title from tasks t1_0 where t1_0.project_id=?
10:24:18.466 [main] DEBUG org.hibernate.sql.results.internal.ResultsHelper - Collection fully initialized: [org.frcpm.models.Project.tasks#172]
10:24:18.467 [main] DEBUG org.hibernate.engine.transaction.internal.TransactionImpl - committing
10:24:18.467 [main] DEBUG org.hibernate.event.internal.AbstractFlushingEventListener - Processing flush-time cascades
10:24:18.467 [main] DEBUG org.hibernate.event.internal.AbstractFlushingEventListener - Dirty checking collections
10:24:18.467 [main] DEBUG org.hibernate.engine.internal.Collections - Collection dereferenced: [org.frcpm.models.Project.meetings#172]
10:24:18.467 [main] DEBUG org.hibernate.engine.internal.Collections - Collection dereferenced: [org.frcpm.models.Project.milestones#172]
10:24:18.467 [main] DEBUG org.hibernate.engine.internal.Collections - Collection dereferenced: [org.frcpm.models.Project.tasks#172]
10:24:18.467 [main] DEBUG org.hibernate.event.internal.AbstractFlushingEventListener - Flushed: 0 insertions, 0 updates, 1 deletions to 1 objects
10:24:18.467 [main] DEBUG org.hibernate.event.internal.AbstractFlushingEventListener - Flushed: 0 (re)creations, 0 updates, 3 removals to 3 collections
10:24:18.467 [main] DEBUG org.hibernate.internal.util.EntityPrinter - Listing entities:
10:24:18.467 [main] DEBUG org.hibernate.internal.util.EntityPrinter - org.frcpm.models.Project{hardDeadline=2025-06-06, name=Concurrent Write Test 0, description=null, meetings=[], id=172, goalEndDate=2025-05-23, milestones=[], startDate=2025-04-25, tasks=[]}
10:24:18.467 [main] DEBUG org.hibernate.SQL - delete from projects where id=?
10:24:18.468 [main] DEBUG org.hibernate.orm.jdbc.batch - PreparedStatementDetails did not contain PreparedStatement on #releaseStatements : delete from projects where id=?
10:24:18.468 [main] DEBUG org.hibernate.orm.jdbc.batch - PreparedStatementDetails did not contain PreparedStatement on #releaseStatements : delete from projects where id=?
10:24:18.468 [main] DEBUG org.hibernate.resource.jdbc.internal.LogicalConnectionManagedImpl - Initiating JDBC connection release from afterTransaction
10:24:18.468 [main] DEBUG org.hibernate.orm.jdbc.batch - PreparedStatementDetails did not contain PreparedStatement on #releaseStatements : delete from projects where id=?
10:24:18.468 [main] DEBUG org.hibernate.orm.jdbc.batch - PreparedStatementDetails did not contain PreparedStatement on #releaseStatements : delete from projects where id=?
10:24:18.468 [main] DEBUG org.hibernate.resource.jdbc.internal.LogicalConnectionManagedImpl - Initiating JDBC connection release from afterTransaction
10:24:18.468 [main] DEBUG org.hibernate.engine.jdbc.internal.JdbcCoordinatorImpl - HHH000420: Closing un-released batch
10:24:18.468 [main] DEBUG org.hibernate.orm.jdbc.batch - PreparedStatementDetails did not contain PreparedStatement on #releaseStatements : delete from projects where id=?
10:24:18.468 [main] DEBUG org.hibernate.orm.jdbc.batch - PreparedStatementDetails did not contain PreparedStatement on #releaseStatements : delete from projects where id=?
10:24:18.469 [main] DEBUG org.hibernate.engine.transaction.internal.TransactionImpl - On TransactionImpl creation, JpaCompliance#isJpaTransactionComplianceEnabled == false
10:24:18.469 [main] DEBUG org.hibernate.engine.transaction.internal.TransactionImpl - begin
10:24:18.469 [main] DEBUG org.hibernate.orm.sql.exec - Skipping reading Query result cache data: cache-enabled = false, cache-mode = IGNORE
10:24:18.469 [main] DEBUG org.hibernate.orm.results - Initializer list:
	  org.frcpm.models.Project.meetings -> DelayedCollectionInitializer(org.frcpm.models.Project.meetings)@1715543264 (PluralAttribute(org.frcpm.models.Project.meetings))
	  org.frcpm.models.Project.tasks -> DelayedCollectionInitializer(org.frcpm.models.Project.tasks)@116136877 (PluralAttribute(org.frcpm.models.Project.tasks))
	  org.frcpm.models.Project -> EntityResultInitializer(org.frcpm.models.Project)@440719605 (SingleTableEntityPersister(org.frcpm.models.Project))
	  org.frcpm.models.Project.milestones -> DelayedCollectionInitializer(org.frcpm.models.Project.milestones)@1404896855 (PluralAttribute(org.frcpm.models.Project.milestones))

10:24:18.469 [main] DEBUG org.hibernate.SQL - select p1_0.id,p1_0.description,p1_0.goal_end_date,p1_0.hard_deadline,p1_0.name,p1_0.start_date from projects p1_0 where p1_0.id=?
10:24:18.469 [main] DEBUG org.hibernate.orm.results.loading.entity - (EntityResultInitializer) Hydrated EntityKey (org.frcpm.models.Project): 173
10:24:18.469 [main] DEBUG org.hibernate.orm.results.loading.org.hibernate.orm.results.loading.collection - (DelayedCollectionInitializer) Current row collection key : org.frcpm.models.Project.meetings#173
10:24:18.469 [main] DEBUG org.hibernate.orm.results.loading.org.hibernate.orm.results.loading.collection - (DelayedCollectionInitializer) Current row collection key : org.frcpm.models.Project.milestones#173
10:24:18.469 [main] DEBUG org.hibernate.orm.results.loading.org.hibernate.orm.results.loading.collection - (DelayedCollectionInitializer) Current row collection key : org.frcpm.models.Project.tasks#173
10:24:18.469 [main] DEBUG org.hibernate.orm.results.loading.entity - (EntityResultInitializer) Created new entity instance [org.frcpm.models.Project#173] : 1729960781
10:24:18.469 [main] DEBUG org.hibernate.orm.results - Extracted JDBC value [1] - [null]
10:24:18.469 [main] DEBUG org.hibernate.orm.results - Extracted JDBC value [2] - [2025-05-23]
10:24:18.469 [main] DEBUG org.hibernate.orm.results - Extracted JDBC value [3] - [2025-06-06]
10:24:18.469 [main] DEBUG org.hibernate.orm.results - Extracted JDBC value [4] - [Concurrent Write Test 2]
10:24:18.470 [main] DEBUG org.hibernate.orm.results - Extracted JDBC value [5] - [2025-04-25]
10:24:18.470 [main] DEBUG org.hibernate.orm.results.loading.entity - (EntityResultInitializer) Done materializing entityInstance : org.frcpm.models.Project#173
10:24:18.470 [main] DEBUG org.hibernate.orm.results.loading - Calling top-level assembler (0 / 1) : org.hibernate.sql.results.graph.entity.internal.EntityAssembler@fc1a9c7
10:24:18.470 [main] DEBUG org.hibernate.orm.sql.exec - Skipping reading Query result cache data: cache-enabled = false, cache-mode = IGNORE
10:24:18.470 [main] DEBUG org.hibernate.orm.results - Initializer list:
	  org.frcpm.models.Project.meetings -> BagInitializer(org.frcpm.models.Project.meetings)@441396582 (PluralAttribute(org.frcpm.models.Project.meetings))
	  org.frcpm.models.Project.meetings.{element}.project -> EntityDelayedFetchInitializer(org.frcpm.models.Project.meetings.{element}.project)@124452367 (ToOneAttributeMapping(NavigableRole[org.frcpm.models.Meeting.project])@437432136)
	  org.frcpm.models.Project.meetings.{element} -> EntityJoinedFetchInitializer(org.frcpm.models.Project.meetings.{element})@1329874247 (EntityCollectionPart(org.frcpm.models.Project.meetings#{element})@1024414659)
	  org.frcpm.models.Project.meetings.{element}.attendances -> DelayedCollectionInitializer(org.frcpm.models.Project.meetings.{element}.attendances)@1305039609 (PluralAttribute(org.frcpm.models.Meeting.attendances))

10:24:18.470 [main] DEBUG org.hibernate.SQL - select m1_0.project_id,m1_0.id,m1_0.date,m1_0.end_time,m1_0.notes,m1_0.start_time from meetings m1_0 where m1_0.project_id=?
10:24:18.470 [main] DEBUG org.hibernate.sql.results.internal.ResultsHelper - Collection fully initialized: [org.frcpm.models.Project.meetings#173]
10:24:18.471 [main] DEBUG org.hibernate.orm.sql.exec - Skipping reading Query result cache data: cache-enabled = false, cache-mode = IGNORE
10:24:18.471 [main] DEBUG org.hibernate.orm.results - Initializer list:
	  org.frcpm.models.Project.milestones.{element}.project -> EntityDelayedFetchInitializer(org.frcpm.models.Project.milestones.{element}.project)@331839361 (ToOneAttributeMapping(NavigableRole[org.frcpm.models.Milestone.project])@572438520)
	  org.frcpm.models.Project.milestones.{element} -> EntityJoinedFetchInitializer(org.frcpm.models.Project.milestones.{element})@345940378 (EntityCollectionPart(org.frcpm.models.Project.milestones#{element})@281564011)
	  org.frcpm.models.Project.milestones -> BagInitializer(org.frcpm.models.Project.milestones)@1230804616 (PluralAttribute(org.frcpm.models.Project.milestones))

10:24:18.471 [main] DEBUG org.hibernate.SQL - select m1_0.project_id,m1_0.id,m1_0.date,m1_0.description,m1_0.name from milestones m1_0 where m1_0.project_id=?
10:24:18.471 [main] DEBUG org.hibernate.sql.results.internal.ResultsHelper - Collection fully initialized: [org.frcpm.models.Project.milestones#173]
10:24:18.471 [main] DEBUG org.hibernate.orm.sql.exec - Skipping reading Query result cache data: cache-enabled = false, cache-mode = IGNORE
10:24:18.472 [main] DEBUG org.hibernate.orm.results - Initializer list:
	  org.frcpm.models.Project.tasks.{element}.assignedTo -> DelayedCollectionInitializer(org.frcpm.models.Project.tasks.{element}.assignedTo)@1572733356 (PluralAttribute(org.frcpm.models.Task.assignedTo))
	  org.frcpm.models.Project.tasks.{element}.postDependencies -> DelayedCollectionInitializer(org.frcpm.models.Project.tasks.{element}.postDependencies)@1887118405 (PluralAttribute(org.frcpm.models.Task.postDependencies))
	  org.frcpm.models.Project.tasks.{element} -> EntityJoinedFetchInitializer(org.frcpm.models.Project.tasks.{element})@328978946 (EntityCollectionPart(org.frcpm.models.Project.tasks#{element})@1626692497)
	  org.frcpm.models.Project.tasks.{element}.requiredComponents -> DelayedCollectionInitializer(org.frcpm.models.Project.tasks.{element}.requiredComponents)@1084995130 (PluralAttribute(org.frcpm.models.Task.requiredComponents))
	  org.frcpm.models.Project.tasks.{element}.project -> EntityDelayedFetchInitializer(org.frcpm.models.Project.tasks.{element}.project)@1832221922 (ToOneAttributeMapping(NavigableRole[org.frcpm.models.Task.project])@1805322706)
	  org.frcpm.models.Project.tasks.{element}.subsystem -> EntityDelayedFetchInitializer(org.frcpm.models.Project.tasks.{element}.subsystem)@1145385997 (ToOneAttributeMapping(NavigableRole[org.frcpm.models.Task.subsystem])@1930513173)
	  org.frcpm.models.Project.tasks.{element}.preDependencies -> DelayedCollectionInitializer(org.frcpm.models.Project.tasks.{element}.preDependencies)@159638853 (PluralAttribute(org.frcpm.models.Task.preDependencies))
	  org.frcpm.models.Project.tasks -> BagInitializer(org.frcpm.models.Project.tasks)@335845417 (PluralAttribute(org.frcpm.models.Project.tasks))

10:24:18.472 [main] DEBUG org.hibernate.SQL - select t1_0.project_id,t1_0.id,t1_0.actual_duration_seconds,t1_0.completed,t1_0.description,t1_0.end_date,t1_0.estimated_duration_seconds,t1_0.priority,t1_0.progress,t1_0.start_date,t1_0.subsystem_id,t1_0.title from tasks t1_0 where t1_0.project_id=?
10:24:18.472 [main] DEBUG org.hibernate.sql.results.internal.ResultsHelper - Collection fully initialized: [org.frcpm.models.Project.tasks#173]
10:24:18.472 [main] DEBUG org.hibernate.engine.transaction.internal.TransactionImpl - committing
10:24:18.472 [main] DEBUG org.hibernate.event.internal.AbstractFlushingEventListener - Processing flush-time cascades
10:24:18.472 [main] DEBUG org.hibernate.event.internal.AbstractFlushingEventListener - Dirty checking collections
10:24:18.472 [main] DEBUG org.hibernate.engine.internal.Collections - Collection dereferenced: [org.frcpm.models.Project.meetings#173]
10:24:18.472 [main] DEBUG org.hibernate.engine.internal.Collections - Collection dereferenced: [org.frcpm.models.Project.milestones#173]
10:24:18.472 [main] DEBUG org.hibernate.engine.internal.Collections - Collection dereferenced: [org.frcpm.models.Project.tasks#173]
10:24:18.472 [main] DEBUG org.hibernate.event.internal.AbstractFlushingEventListener - Flushed: 0 insertions, 0 updates, 1 deletions to 1 objects
10:24:18.472 [main] DEBUG org.hibernate.event.internal.AbstractFlushingEventListener - Flushed: 0 (re)creations, 0 updates, 3 removals to 3 collections
10:24:18.472 [main] DEBUG org.hibernate.internal.util.EntityPrinter - Listing entities:
10:24:18.472 [main] DEBUG org.hibernate.internal.util.EntityPrinter - org.frcpm.models.Project{hardDeadline=2025-06-06, name=Concurrent Write Test 2, description=null, meetings=[], id=173, goalEndDate=2025-05-23, milestones=[], startDate=2025-04-25, tasks=[]}
10:24:18.473 [main] DEBUG org.hibernate.SQL - delete from projects where id=?
10:24:18.473 [main] DEBUG org.hibernate.orm.jdbc.batch - PreparedStatementDetails did not contain PreparedStatement on #releaseStatements : delete from projects where id=?
10:24:18.473 [main] DEBUG org.hibernate.orm.jdbc.batch - PreparedStatementDetails did not contain PreparedStatement on #releaseStatements : delete from projects where id=?
10:24:18.473 [main] DEBUG org.hibernate.resource.jdbc.internal.LogicalConnectionManagedImpl - Initiating JDBC connection release from afterTransaction
10:24:18.473 [main] DEBUG org.hibernate.orm.jdbc.batch - PreparedStatementDetails did not contain PreparedStatement on #releaseStatements : delete from projects where id=?
10:24:18.473 [main] DEBUG org.hibernate.orm.jdbc.batch - PreparedStatementDetails did not contain PreparedStatement on #releaseStatements : delete from projects where id=?
10:24:18.473 [main] DEBUG org.hibernate.resource.jdbc.internal.LogicalConnectionManagedImpl - Initiating JDBC connection release from afterTransaction
10:24:18.473 [main] DEBUG org.hibernate.engine.jdbc.internal.JdbcCoordinatorImpl - HHH000420: Closing un-released batch
10:24:18.473 [main] DEBUG org.hibernate.orm.jdbc.batch - PreparedStatementDetails did not contain PreparedStatement on #releaseStatements : delete from projects where id=?
10:24:18.473 [main] DEBUG org.hibernate.orm.jdbc.batch - PreparedStatementDetails did not contain PreparedStatement on #releaseStatements : delete from projects where id=?
10:24:18.474 [main] DEBUG org.hibernate.engine.transaction.internal.TransactionImpl - On TransactionImpl creation, JpaCompliance#isJpaTransactionComplianceEnabled == false
10:24:18.474 [main] DEBUG org.hibernate.engine.transaction.internal.TransactionImpl - begin
10:24:18.474 [main] DEBUG org.hibernate.orm.sql.exec - Skipping reading Query result cache data: cache-enabled = false, cache-mode = IGNORE
10:24:18.474 [main] DEBUG org.hibernate.orm.results - Initializer list:
	  org.frcpm.models.Project.meetings -> DelayedCollectionInitializer(org.frcpm.models.Project.meetings)@424862850 (PluralAttribute(org.frcpm.models.Project.meetings))
	  org.frcpm.models.Project.tasks -> DelayedCollectionInitializer(org.frcpm.models.Project.tasks)@1244711555 (PluralAttribute(org.frcpm.models.Project.tasks))
	  org.frcpm.models.Project -> EntityResultInitializer(org.frcpm.models.Project)@837436758 (SingleTableEntityPersister(org.frcpm.models.Project))
	  org.frcpm.models.Project.milestones -> DelayedCollectionInitializer(org.frcpm.models.Project.milestones)@662293048 (PluralAttribute(org.frcpm.models.Project.milestones))

10:24:18.474 [main] DEBUG org.hibernate.SQL - select p1_0.id,p1_0.description,p1_0.goal_end_date,p1_0.hard_deadline,p1_0.name,p1_0.start_date from projects p1_0 where p1_0.id=?
10:24:18.474 [main] DEBUG org.hibernate.orm.results.loading.entity - (EntityResultInitializer) Hydrated EntityKey (org.frcpm.models.Project): 171
10:24:18.474 [main] DEBUG org.hibernate.orm.results.loading.org.hibernate.orm.results.loading.collection - (DelayedCollectionInitializer) Current row collection key : org.frcpm.models.Project.meetings#171
10:24:18.474 [main] DEBUG org.hibernate.orm.results.loading.org.hibernate.orm.results.loading.collection - (DelayedCollectionInitializer) Current row collection key : org.frcpm.models.Project.milestones#171
10:24:18.474 [main] DEBUG org.hibernate.orm.results.loading.org.hibernate.orm.results.loading.collection - (DelayedCollectionInitializer) Current row collection key : org.frcpm.models.Project.tasks#171
10:24:18.474 [main] DEBUG org.hibernate.orm.results.loading.entity - (EntityResultInitializer) Created new entity instance [org.frcpm.models.Project#171] : 109758166
10:24:18.475 [main] DEBUG org.hibernate.orm.results - Extracted JDBC value [1] - [null]
10:24:18.475 [main] DEBUG org.hibernate.orm.results - Extracted JDBC value [2] - [2025-05-23]
10:24:18.475 [main] DEBUG org.hibernate.orm.results - Extracted JDBC value [3] - [2025-06-06]
10:24:18.475 [main] DEBUG org.hibernate.orm.results - Extracted JDBC value [4] - [Concurrent Write Test 3]
10:24:18.475 [main] DEBUG org.hibernate.orm.results - Extracted JDBC value [5] - [2025-04-25]
10:24:18.475 [main] DEBUG org.hibernate.orm.results.loading.entity - (EntityResultInitializer) Done materializing entityInstance : org.frcpm.models.Project#171
10:24:18.475 [main] DEBUG org.hibernate.orm.results.loading - Calling top-level assembler (0 / 1) : org.hibernate.sql.results.graph.entity.internal.EntityAssembler@361dbe69
10:24:18.475 [main] DEBUG org.hibernate.orm.sql.exec - Skipping reading Query result cache data: cache-enabled = false, cache-mode = IGNORE
10:24:18.475 [main] DEBUG org.hibernate.orm.results - Initializer list:
	  org.frcpm.models.Project.meetings -> BagInitializer(org.frcpm.models.Project.meetings)@113741523 (PluralAttribute(org.frcpm.models.Project.meetings))
	  org.frcpm.models.Project.meetings.{element}.project -> EntityDelayedFetchInitializer(org.frcpm.models.Project.meetings.{element}.project)@749230627 (ToOneAttributeMapping(NavigableRole[org.frcpm.models.Meeting.project])@437432136)
	  org.frcpm.models.Project.meetings.{element} -> EntityJoinedFetchInitializer(org.frcpm.models.Project.meetings.{element})@1098133105 (EntityCollectionPart(org.frcpm.models.Project.meetings#{element})@1024414659)
	  org.frcpm.models.Project.meetings.{element}.attendances -> DelayedCollectionInitializer(org.frcpm.models.Project.meetings.{element}.attendances)@448868032 (PluralAttribute(org.frcpm.models.Meeting.attendances))

10:24:18.475 [main] DEBUG org.hibernate.SQL - select m1_0.project_id,m1_0.id,m1_0.date,m1_0.end_time,m1_0.notes,m1_0.start_time from meetings m1_0 where m1_0.project_id=?
10:24:18.476 [main] DEBUG org.hibernate.sql.results.internal.ResultsHelper - Collection fully initialized: [org.frcpm.models.Project.meetings#171]
10:24:18.476 [main] DEBUG org.hibernate.orm.sql.exec - Skipping reading Query result cache data: cache-enabled = false, cache-mode = IGNORE
10:24:18.476 [main] DEBUG org.hibernate.orm.results - Initializer list:
	  org.frcpm.models.Project.milestones.{element}.project -> EntityDelayedFetchInitializer(org.frcpm.models.Project.milestones.{element}.project)@783949113 (ToOneAttributeMapping(NavigableRole[org.frcpm.models.Milestone.project])@572438520)
	  org.frcpm.models.Project.milestones.{element} -> EntityJoinedFetchInitializer(org.frcpm.models.Project.milestones.{element})@1033797888 (EntityCollectionPart(org.frcpm.models.Project.milestones#{element})@281564011)
	  org.frcpm.models.Project.milestones -> BagInitializer(org.frcpm.models.Project.milestones)@1240628380 (PluralAttribute(org.frcpm.models.Project.milestones))

10:24:18.477 [main] DEBUG org.hibernate.SQL - select m1_0.project_id,m1_0.id,m1_0.date,m1_0.description,m1_0.name from milestones m1_0 where m1_0.project_id=?
10:24:18.477 [main] DEBUG org.hibernate.sql.results.internal.ResultsHelper - Collection fully initialized: [org.frcpm.models.Project.milestones#171]
10:24:18.477 [main] DEBUG org.hibernate.orm.sql.exec - Skipping reading Query result cache data: cache-enabled = false, cache-mode = IGNORE
10:24:18.477 [main] DEBUG org.hibernate.orm.results - Initializer list:
	  org.frcpm.models.Project.tasks.{element}.assignedTo -> DelayedCollectionInitializer(org.frcpm.models.Project.tasks.{element}.assignedTo)@1566020146 (PluralAttribute(org.frcpm.models.Task.assignedTo))
	  org.frcpm.models.Project.tasks.{element}.postDependencies -> DelayedCollectionInitializer(org.frcpm.models.Project.tasks.{element}.postDependencies)@127603608 (PluralAttribute(org.frcpm.models.Task.postDependencies))
	  org.frcpm.models.Project.tasks.{element} -> EntityJoinedFetchInitializer(org.frcpm.models.Project.tasks.{element})@1167625901 (EntityCollectionPart(org.frcpm.models.Project.tasks#{element})@1626692497)
	  org.frcpm.models.Project.tasks.{element}.requiredComponents -> DelayedCollectionInitializer(org.frcpm.models.Project.tasks.{element}.requiredComponents)@360292523 (PluralAttribute(org.frcpm.models.Task.requiredComponents))
	  org.frcpm.models.Project.tasks.{element}.project -> EntityDelayedFetchInitializer(org.frcpm.models.Project.tasks.{element}.project)@1952343604 (ToOneAttributeMapping(NavigableRole[org.frcpm.models.Task.project])@1805322706)
	  org.frcpm.models.Project.tasks.{element}.subsystem -> EntityDelayedFetchInitializer(org.frcpm.models.Project.tasks.{element}.subsystem)@721857780 (ToOneAttributeMapping(NavigableRole[org.frcpm.models.Task.subsystem])@1930513173)
	  org.frcpm.models.Project.tasks.{element}.preDependencies -> DelayedCollectionInitializer(org.frcpm.models.Project.tasks.{element}.preDependencies)@711635679 (PluralAttribute(org.frcpm.models.Task.preDependencies))
	  org.frcpm.models.Project.tasks -> BagInitializer(org.frcpm.models.Project.tasks)@1926116289 (PluralAttribute(org.frcpm.models.Project.tasks))

10:24:18.478 [main] DEBUG org.hibernate.SQL - select t1_0.project_id,t1_0.id,t1_0.actual_duration_seconds,t1_0.completed,t1_0.description,t1_0.end_date,t1_0.estimated_duration_seconds,t1_0.priority,t1_0.progress,t1_0.start_date,t1_0.subsystem_id,t1_0.title from tasks t1_0 where t1_0.project_id=?
10:24:18.478 [main] DEBUG org.hibernate.sql.results.internal.ResultsHelper - Collection fully initialized: [org.frcpm.models.Project.tasks#171]
10:24:18.478 [main] DEBUG org.hibernate.engine.transaction.internal.TransactionImpl - committing
10:24:18.478 [main] DEBUG org.hibernate.event.internal.AbstractFlushingEventListener - Processing flush-time cascades
10:24:18.478 [main] DEBUG org.hibernate.event.internal.AbstractFlushingEventListener - Dirty checking collections
10:24:18.478 [main] DEBUG org.hibernate.engine.internal.Collections - Collection dereferenced: [org.frcpm.models.Project.meetings#171]
10:24:18.478 [main] DEBUG org.hibernate.engine.internal.Collections - Collection dereferenced: [org.frcpm.models.Project.milestones#171]
10:24:18.478 [main] DEBUG org.hibernate.engine.internal.Collections - Collection dereferenced: [org.frcpm.models.Project.tasks#171]
10:24:18.478 [main] DEBUG org.hibernate.event.internal.AbstractFlushingEventListener - Flushed: 0 insertions, 0 updates, 1 deletions to 1 objects
10:24:18.479 [main] DEBUG org.hibernate.event.internal.AbstractFlushingEventListener - Flushed: 0 (re)creations, 0 updates, 3 removals to 3 collections
10:24:18.479 [main] DEBUG org.hibernate.internal.util.EntityPrinter - Listing entities:
10:24:18.479 [main] DEBUG org.hibernate.internal.util.EntityPrinter - org.frcpm.models.Project{hardDeadline=2025-06-06, name=Concurrent Write Test 3, description=null, meetings=[], id=171, goalEndDate=2025-05-23, milestones=[], startDate=2025-04-25, tasks=[]}
10:24:18.479 [main] DEBUG org.hibernate.SQL - delete from projects where id=?
10:24:18.480 [main] DEBUG org.hibernate.orm.jdbc.batch - PreparedStatementDetails did not contain PreparedStatement on #releaseStatements : delete from projects where id=?
10:24:18.480 [main] DEBUG org.hibernate.orm.jdbc.batch - PreparedStatementDetails did not contain PreparedStatement on #releaseStatements : delete from projects where id=?
10:24:18.480 [main] DEBUG org.hibernate.resource.jdbc.internal.LogicalConnectionManagedImpl - Initiating JDBC connection release from afterTransaction
10:24:18.480 [main] DEBUG org.hibernate.orm.jdbc.batch - PreparedStatementDetails did not contain PreparedStatement on #releaseStatements : delete from projects where id=?
10:24:18.480 [main] DEBUG org.hibernate.orm.jdbc.batch - PreparedStatementDetails did not contain PreparedStatement on #releaseStatements : delete from projects where id=?
10:24:18.480 [main] DEBUG org.hibernate.resource.jdbc.internal.LogicalConnectionManagedImpl - Initiating JDBC connection release from afterTransaction
10:24:18.480 [main] DEBUG org.hibernate.engine.jdbc.internal.JdbcCoordinatorImpl - HHH000420: Closing un-released batch
10:24:18.480 [main] DEBUG org.hibernate.orm.jdbc.batch - PreparedStatementDetails did not contain PreparedStatement on #releaseStatements : delete from projects where id=?
10:24:18.480 [main] DEBUG org.hibernate.orm.jdbc.batch - PreparedStatementDetails did not contain PreparedStatement on #releaseStatements : delete from projects where id=?
10:24:18.480 [main] DEBUG org.hibernate.engine.transaction.internal.TransactionImpl - On TransactionImpl creation, JpaCompliance#isJpaTransactionComplianceEnabled == false
10:24:18.480 [main] DEBUG org.hibernate.engine.transaction.internal.TransactionImpl - begin
10:24:18.481 [main] DEBUG org.hibernate.orm.sql.exec - Skipping reading Query result cache data: cache-enabled = false, cache-mode = IGNORE
10:24:18.481 [main] DEBUG org.hibernate.orm.results - Initializer list:
	  org.frcpm.models.Project.meetings -> DelayedCollectionInitializer(org.frcpm.models.Project.meetings)@386475449 (PluralAttribute(org.frcpm.models.Project.meetings))
	  org.frcpm.models.Project.tasks -> DelayedCollectionInitializer(org.frcpm.models.Project.tasks)@1447913190 (PluralAttribute(org.frcpm.models.Project.tasks))
	  org.frcpm.models.Project -> EntityResultInitializer(org.frcpm.models.Project)@1913211854 (SingleTableEntityPersister(org.frcpm.models.Project))
	  org.frcpm.models.Project.milestones -> DelayedCollectionInitializer(org.frcpm.models.Project.milestones)@879977947 (PluralAttribute(org.frcpm.models.Project.milestones))

10:24:18.481 [main] DEBUG org.hibernate.SQL - select p1_0.id,p1_0.description,p1_0.goal_end_date,p1_0.hard_deadline,p1_0.name,p1_0.start_date from projects p1_0 where p1_0.id=?
10:24:18.481 [main] DEBUG org.hibernate.orm.results.loading.entity - (EntityResultInitializer) Hydrated EntityKey (org.frcpm.models.Project): 174
10:24:18.481 [main] DEBUG org.hibernate.orm.results.loading.org.hibernate.orm.results.loading.collection - (DelayedCollectionInitializer) Current row collection key : org.frcpm.models.Project.meetings#174
10:24:18.481 [main] DEBUG org.hibernate.orm.results.loading.org.hibernate.orm.results.loading.collection - (DelayedCollectionInitializer) Current row collection key : org.frcpm.models.Project.milestones#174
10:24:18.481 [main] DEBUG org.hibernate.orm.results.loading.org.hibernate.orm.results.loading.collection - (DelayedCollectionInitializer) Current row collection key : org.frcpm.models.Project.tasks#174
10:24:18.481 [main] DEBUG org.hibernate.orm.results.loading.entity - (EntityResultInitializer) Created new entity instance [org.frcpm.models.Project#174] : 1864494572
10:24:18.481 [main] DEBUG org.hibernate.orm.results - Extracted JDBC value [1] - [null]
10:24:18.482 [main] DEBUG org.hibernate.orm.results - Extracted JDBC value [2] - [2025-05-23]
10:24:18.482 [main] DEBUG org.hibernate.orm.results - Extracted JDBC value [3] - [2025-06-06]
10:24:18.482 [main] DEBUG org.hibernate.orm.results - Extracted JDBC value [4] - [Concurrent Write Test 1]
10:24:18.482 [main] DEBUG org.hibernate.orm.results - Extracted JDBC value [5] - [2025-04-25]
10:24:18.482 [main] DEBUG org.hibernate.orm.results.loading.entity - (EntityResultInitializer) Done materializing entityInstance : org.frcpm.models.Project#174
10:24:18.482 [main] DEBUG org.hibernate.orm.results.loading - Calling top-level assembler (0 / 1) : org.hibernate.sql.results.graph.entity.internal.EntityAssembler@24313ebb
10:24:18.482 [main] DEBUG org.hibernate.orm.sql.exec - Skipping reading Query result cache data: cache-enabled = false, cache-mode = IGNORE
10:24:18.483 [main] DEBUG org.hibernate.orm.results - Initializer list:
	  org.frcpm.models.Project.meetings -> BagInitializer(org.frcpm.models.Project.meetings)@2092534307 (PluralAttribute(org.frcpm.models.Project.meetings))
	  org.frcpm.models.Project.meetings.{element}.project -> EntityDelayedFetchInitializer(org.frcpm.models.Project.meetings.{element}.project)@1879506360 (ToOneAttributeMapping(NavigableRole[org.frcpm.models.Meeting.project])@437432136)
	  org.frcpm.models.Project.meetings.{element} -> EntityJoinedFetchInitializer(org.frcpm.models.Project.meetings.{element})@1258879948 (EntityCollectionPart(org.frcpm.models.Project.meetings#{element})@1024414659)
	  org.frcpm.models.Project.meetings.{element}.attendances -> DelayedCollectionInitializer(org.frcpm.models.Project.meetings.{element}.attendances)@1726071024 (PluralAttribute(org.frcpm.models.Meeting.attendances))

10:24:18.483 [main] DEBUG org.hibernate.SQL - select m1_0.project_id,m1_0.id,m1_0.date,m1_0.end_time,m1_0.notes,m1_0.start_time from meetings m1_0 where m1_0.project_id=?
10:24:18.483 [main] DEBUG org.hibernate.sql.results.internal.ResultsHelper - Collection fully initialized: [org.frcpm.models.Project.meetings#174]
10:24:18.483 [main] DEBUG org.hibernate.orm.sql.exec - Skipping reading Query result cache data: cache-enabled = false, cache-mode = IGNORE
10:24:18.483 [main] DEBUG org.hibernate.orm.results - Initializer list:
	  org.frcpm.models.Project.milestones.{element}.project -> EntityDelayedFetchInitializer(org.frcpm.models.Project.milestones.{element}.project)@491726250 (ToOneAttributeMapping(NavigableRole[org.frcpm.models.Milestone.project])@572438520)
	  org.frcpm.models.Project.milestones.{element} -> EntityJoinedFetchInitializer(org.frcpm.models.Project.milestones.{element})@1967231155 (EntityCollectionPart(org.frcpm.models.Project.milestones#{element})@281564011)
	  org.frcpm.models.Project.milestones -> BagInitializer(org.frcpm.models.Project.milestones)@1851252168 (PluralAttribute(org.frcpm.models.Project.milestones))

10:24:18.483 [main] DEBUG org.hibernate.SQL - select m1_0.project_id,m1_0.id,m1_0.date,m1_0.description,m1_0.name from milestones m1_0 where m1_0.project_id=?
10:24:18.484 [main] DEBUG org.hibernate.sql.results.internal.ResultsHelper - Collection fully initialized: [org.frcpm.models.Project.milestones#174]
10:24:18.484 [main] DEBUG org.hibernate.orm.sql.exec - Skipping reading Query result cache data: cache-enabled = false, cache-mode = IGNORE
10:24:18.484 [main] DEBUG org.hibernate.orm.results - Initializer list:
	  org.frcpm.models.Project.tasks.{element}.assignedTo -> DelayedCollectionInitializer(org.frcpm.models.Project.tasks.{element}.assignedTo)@1234552507 (PluralAttribute(org.frcpm.models.Task.assignedTo))
	  org.frcpm.models.Project.tasks.{element}.postDependencies -> DelayedCollectionInitializer(org.frcpm.models.Project.tasks.{element}.postDependencies)@436005852 (PluralAttribute(org.frcpm.models.Task.postDependencies))
	  org.frcpm.models.Project.tasks.{element} -> EntityJoinedFetchInitializer(org.frcpm.models.Project.tasks.{element})@1039934933 (EntityCollectionPart(org.frcpm.models.Project.tasks#{element})@1626692497)
	  org.frcpm.models.Project.tasks.{element}.requiredComponents -> DelayedCollectionInitializer(org.frcpm.models.Project.tasks.{element}.requiredComponents)@1304710731 (PluralAttribute(org.frcpm.models.Task.requiredComponents))
	  org.frcpm.models.Project.tasks.{element}.project -> EntityDelayedFetchInitializer(org.frcpm.models.Project.tasks.{element}.project)@713292118 (ToOneAttributeMapping(NavigableRole[org.frcpm.models.Task.project])@1805322706)
	  org.frcpm.models.Project.tasks.{element}.subsystem -> EntityDelayedFetchInitializer(org.frcpm.models.Project.tasks.{element}.subsystem)@1415529937 (ToOneAttributeMapping(NavigableRole[org.frcpm.models.Task.subsystem])@1930513173)
	  org.frcpm.models.Project.tasks.{element}.preDependencies -> DelayedCollectionInitializer(org.frcpm.models.Project.tasks.{element}.preDependencies)@139526146 (PluralAttribute(org.frcpm.models.Task.preDependencies))
	  org.frcpm.models.Project.tasks -> BagInitializer(org.frcpm.models.Project.tasks)@1737007445 (PluralAttribute(org.frcpm.models.Project.tasks))

10:24:18.484 [main] DEBUG org.hibernate.SQL - select t1_0.project_id,t1_0.id,t1_0.actual_duration_seconds,t1_0.completed,t1_0.description,t1_0.end_date,t1_0.estimated_duration_seconds,t1_0.priority,t1_0.progress,t1_0.start_date,t1_0.subsystem_id,t1_0.title from tasks t1_0 where t1_0.project_id=?
10:24:18.484 [main] DEBUG org.hibernate.sql.results.internal.ResultsHelper - Collection fully initialized: [org.frcpm.models.Project.tasks#174]
10:24:18.484 [main] DEBUG org.hibernate.engine.transaction.internal.TransactionImpl - committing
10:24:18.484 [main] DEBUG org.hibernate.event.internal.AbstractFlushingEventListener - Processing flush-time cascades
10:24:18.484 [main] DEBUG org.hibernate.event.internal.AbstractFlushingEventListener - Dirty checking collections
10:24:18.485 [main] DEBUG org.hibernate.engine.internal.Collections - Collection dereferenced: [org.frcpm.models.Project.meetings#174]
10:24:18.485 [main] DEBUG org.hibernate.engine.internal.Collections - Collection dereferenced: [org.frcpm.models.Project.milestones#174]
10:24:18.485 [main] DEBUG org.hibernate.engine.internal.Collections - Collection dereferenced: [org.frcpm.models.Project.tasks#174]
10:24:18.485 [main] DEBUG org.hibernate.event.internal.AbstractFlushingEventListener - Flushed: 0 insertions, 0 updates, 1 deletions to 1 objects
10:24:18.485 [main] DEBUG org.hibernate.event.internal.AbstractFlushingEventListener - Flushed: 0 (re)creations, 0 updates, 3 removals to 3 collections
10:24:18.485 [main] DEBUG org.hibernate.internal.util.EntityPrinter - Listing entities:
10:24:18.485 [main] DEBUG org.hibernate.internal.util.EntityPrinter - org.frcpm.models.Project{hardDeadline=2025-06-06, name=Concurrent Write Test 1, description=null, meetings=[], id=174, goalEndDate=2025-05-23, milestones=[], startDate=2025-04-25, tasks=[]}
10:24:18.485 [main] DEBUG org.hibernate.SQL - delete from projects where id=?
10:24:18.486 [main] DEBUG org.hibernate.orm.jdbc.batch - PreparedStatementDetails did not contain PreparedStatement on #releaseStatements : delete from projects where id=?
10:24:18.486 [main] DEBUG org.hibernate.orm.jdbc.batch - PreparedStatementDetails did not contain PreparedStatement on #releaseStatements : delete from projects where id=?
10:24:18.486 [main] DEBUG org.hibernate.resource.jdbc.internal.LogicalConnectionManagedImpl - Initiating JDBC connection release from afterTransaction
10:24:18.486 [main] DEBUG org.hibernate.orm.jdbc.batch - PreparedStatementDetails did not contain PreparedStatement on #releaseStatements : delete from projects where id=?
10:24:18.486 [main] DEBUG org.hibernate.orm.jdbc.batch - PreparedStatementDetails did not contain PreparedStatement on #releaseStatements : delete from projects where id=?
10:24:18.486 [main] DEBUG org.hibernate.resource.jdbc.internal.LogicalConnectionManagedImpl - Initiating JDBC connection release from afterTransaction
10:24:18.486 [main] DEBUG org.hibernate.engine.jdbc.internal.JdbcCoordinatorImpl - HHH000420: Closing un-released batch
10:24:18.486 [main] DEBUG org.hibernate.orm.jdbc.batch - PreparedStatementDetails did not contain PreparedStatement on #releaseStatements : delete from projects where id=?
10:24:18.486 [main] DEBUG org.hibernate.orm.jdbc.batch - PreparedStatementDetails did not contain PreparedStatement on #releaseStatements : delete from projects where id=?
10:24:18.486 [main] DEBUG org.hibernate.engine.transaction.internal.TransactionImpl - On TransactionImpl creation, JpaCompliance#isJpaTransactionComplianceEnabled == false
10:24:18.486 [main] DEBUG org.hibernate.engine.transaction.internal.TransactionImpl - begin
10:24:18.487 [main] DEBUG org.hibernate.orm.sql.exec - Skipping reading Query result cache data: cache-enabled = false, cache-mode = IGNORE
10:24:18.487 [main] DEBUG org.hibernate.orm.results - Initializer list:
	  org.frcpm.models.Project.meetings -> DelayedCollectionInitializer(org.frcpm.models.Project.meetings)@1583010237 (PluralAttribute(org.frcpm.models.Project.meetings))
	  org.frcpm.models.Project.tasks -> DelayedCollectionInitializer(org.frcpm.models.Project.tasks)@691320504 (PluralAttribute(org.frcpm.models.Project.tasks))
	  org.frcpm.models.Project -> EntityResultInitializer(org.frcpm.models.Project)@233079860 (SingleTableEntityPersister(org.frcpm.models.Project))
	  org.frcpm.models.Project.milestones -> DelayedCollectionInitializer(org.frcpm.models.Project.milestones)@588996947 (PluralAttribute(org.frcpm.models.Project.milestones))

10:24:18.487 [main] DEBUG org.hibernate.SQL - select p1_0.id,p1_0.description,p1_0.goal_end_date,p1_0.hard_deadline,p1_0.name,p1_0.start_date from projects p1_0 where p1_0.id=?
10:24:18.487 [main] DEBUG org.hibernate.orm.results.loading.entity - (EntityResultInitializer) Hydrated EntityKey (org.frcpm.models.Project): 175
10:24:18.487 [main] DEBUG org.hibernate.orm.results.loading.org.hibernate.orm.results.loading.collection - (DelayedCollectionInitializer) Current row collection key : org.frcpm.models.Project.meetings#175
10:24:18.487 [main] DEBUG org.hibernate.orm.results.loading.org.hibernate.orm.results.loading.collection - (DelayedCollectionInitializer) Current row collection key : org.frcpm.models.Project.milestones#175
10:24:18.487 [main] DEBUG org.hibernate.orm.results.loading.org.hibernate.orm.results.loading.collection - (DelayedCollectionInitializer) Current row collection key : org.frcpm.models.Project.tasks#175
10:24:18.487 [main] DEBUG org.hibernate.orm.results.loading.entity - (EntityResultInitializer) Created new entity instance [org.frcpm.models.Project#175] : 237341931
10:24:18.487 [main] DEBUG org.hibernate.orm.results - Extracted JDBC value [1] - [null]
10:24:18.487 [main] DEBUG org.hibernate.orm.results - Extracted JDBC value [2] - [2025-05-23]
10:24:18.487 [main] DEBUG org.hibernate.orm.results - Extracted JDBC value [3] - [2025-06-06]
10:24:18.487 [main] DEBUG org.hibernate.orm.results - Extracted JDBC value [4] - [Concurrent Write Test 4]
10:24:18.487 [main] DEBUG org.hibernate.orm.results - Extracted JDBC value [5] - [2025-04-25]
10:24:18.487 [main] DEBUG org.hibernate.orm.results.loading.entity - (EntityResultInitializer) Done materializing entityInstance : org.frcpm.models.Project#175
10:24:18.488 [main] DEBUG org.hibernate.orm.results.loading - Calling top-level assembler (0 / 1) : org.hibernate.sql.results.graph.entity.internal.EntityAssembler@37d72a9a
10:24:18.488 [main] DEBUG org.hibernate.orm.sql.exec - Skipping reading Query result cache data: cache-enabled = false, cache-mode = IGNORE
10:24:18.488 [main] DEBUG org.hibernate.orm.results - Initializer list:
	  org.frcpm.models.Project.meetings -> BagInitializer(org.frcpm.models.Project.meetings)@581046712 (PluralAttribute(org.frcpm.models.Project.meetings))
	  org.frcpm.models.Project.meetings.{element}.project -> EntityDelayedFetchInitializer(org.frcpm.models.Project.meetings.{element}.project)@161304702 (ToOneAttributeMapping(NavigableRole[org.frcpm.models.Meeting.project])@437432136)
	  org.frcpm.models.Project.meetings.{element} -> EntityJoinedFetchInitializer(org.frcpm.models.Project.meetings.{element})@569549048 (EntityCollectionPart(org.frcpm.models.Project.meetings#{element})@1024414659)
	  org.frcpm.models.Project.meetings.{element}.attendances -> DelayedCollectionInitializer(org.frcpm.models.Project.meetings.{element}.attendances)@805297574 (PluralAttribute(org.frcpm.models.Meeting.attendances))

10:24:18.488 [main] DEBUG org.hibernate.SQL - select m1_0.project_id,m1_0.id,m1_0.date,m1_0.end_time,m1_0.notes,m1_0.start_time from meetings m1_0 where m1_0.project_id=?
10:24:18.489 [main] DEBUG org.hibernate.sql.results.internal.ResultsHelper - Collection fully initialized: [org.frcpm.models.Project.meetings#175]
10:24:18.489 [main] DEBUG org.hibernate.orm.sql.exec - Skipping reading Query result cache data: cache-enabled = false, cache-mode = IGNORE
10:24:18.489 [main] DEBUG org.hibernate.orm.results - Initializer list:
	  org.frcpm.models.Project.milestones.{element}.project -> EntityDelayedFetchInitializer(org.frcpm.models.Project.milestones.{element}.project)@1247674633 (ToOneAttributeMapping(NavigableRole[org.frcpm.models.Milestone.project])@572438520)
	  org.frcpm.models.Project.milestones.{element} -> EntityJoinedFetchInitializer(org.frcpm.models.Project.milestones.{element})@454944521 (EntityCollectionPart(org.frcpm.models.Project.milestones#{element})@281564011)
	  org.frcpm.models.Project.milestones -> BagInitializer(org.frcpm.models.Project.milestones)@398594540 (PluralAttribute(org.frcpm.models.Project.milestones))

10:24:18.489 [main] DEBUG org.hibernate.SQL - select m1_0.project_id,m1_0.id,m1_0.date,m1_0.description,m1_0.name from milestones m1_0 where m1_0.project_id=?
10:24:18.490 [main] DEBUG org.hibernate.sql.results.internal.ResultsHelper - Collection fully initialized: [org.frcpm.models.Project.milestones#175]
10:24:18.490 [main] DEBUG org.hibernate.orm.sql.exec - Skipping reading Query result cache data: cache-enabled = false, cache-mode = IGNORE
10:24:18.490 [main] DEBUG org.hibernate.orm.results - Initializer list:
	  org.frcpm.models.Project.tasks.{element}.assignedTo -> DelayedCollectionInitializer(org.frcpm.models.Project.tasks.{element}.assignedTo)@1538805734 (PluralAttribute(org.frcpm.models.Task.assignedTo))
	  org.frcpm.models.Project.tasks.{element}.postDependencies -> DelayedCollectionInitializer(org.frcpm.models.Project.tasks.{element}.postDependencies)@1559390220 (PluralAttribute(org.frcpm.models.Task.postDependencies))
	  org.frcpm.models.Project.tasks.{element} -> EntityJoinedFetchInitializer(org.frcpm.models.Project.tasks.{element})@1730586986 (EntityCollectionPart(org.frcpm.models.Project.tasks#{element})@1626692497)
	  org.frcpm.models.Project.tasks.{element}.requiredComponents -> DelayedCollectionInitializer(org.frcpm.models.Project.tasks.{element}.requiredComponents)@111931659 (PluralAttribute(org.frcpm.models.Task.requiredComponents))
	  org.frcpm.models.Project.tasks.{element}.project -> EntityDelayedFetchInitializer(org.frcpm.models.Project.tasks.{element}.project)@527784263 (ToOneAttributeMapping(NavigableRole[org.frcpm.models.Task.project])@1805322706)
	  org.frcpm.models.Project.tasks.{element}.subsystem -> EntityDelayedFetchInitializer(org.frcpm.models.Project.tasks.{element}.subsystem)@1351151789 (ToOneAttributeMapping(NavigableRole[org.frcpm.models.Task.subsystem])@1930513173)
	  org.frcpm.models.Project.tasks.{element}.preDependencies -> DelayedCollectionInitializer(org.frcpm.models.Project.tasks.{element}.preDependencies)@45579823 (PluralAttribute(org.frcpm.models.Task.preDependencies))
	  org.frcpm.models.Project.tasks -> BagInitializer(org.frcpm.models.Project.tasks)@1531831515 (PluralAttribute(org.frcpm.models.Project.tasks))

10:24:18.490 [main] DEBUG org.hibernate.SQL - select t1_0.project_id,t1_0.id,t1_0.actual_duration_seconds,t1_0.completed,t1_0.description,t1_0.end_date,t1_0.estimated_duration_seconds,t1_0.priority,t1_0.progress,t1_0.start_date,t1_0.subsystem_id,t1_0.title from tasks t1_0 where t1_0.project_id=?
10:24:18.491 [main] DEBUG org.hibernate.sql.results.internal.ResultsHelper - Collection fully initialized: [org.frcpm.models.Project.tasks#175]
10:24:18.491 [main] DEBUG org.hibernate.engine.transaction.internal.TransactionImpl - committing
10:24:18.491 [main] DEBUG org.hibernate.event.internal.AbstractFlushingEventListener - Processing flush-time cascades
10:24:18.491 [main] DEBUG org.hibernate.event.internal.AbstractFlushingEventListener - Dirty checking collections
10:24:18.491 [main] DEBUG org.hibernate.engine.internal.Collections - Collection dereferenced: [org.frcpm.models.Project.meetings#175]
10:24:18.491 [main] DEBUG org.hibernate.engine.internal.Collections - Collection dereferenced: [org.frcpm.models.Project.milestones#175]
10:24:18.491 [main] DEBUG org.hibernate.engine.internal.Collections - Collection dereferenced: [org.frcpm.models.Project.tasks#175]
10:24:18.492 [main] DEBUG org.hibernate.event.internal.AbstractFlushingEventListener - Flushed: 0 insertions, 0 updates, 1 deletions to 1 objects
10:24:18.492 [main] DEBUG org.hibernate.event.internal.AbstractFlushingEventListener - Flushed: 0 (re)creations, 0 updates, 3 removals to 3 collections
10:24:18.492 [main] DEBUG org.hibernate.internal.util.EntityPrinter - Listing entities:
10:24:18.492 [main] DEBUG org.hibernate.internal.util.EntityPrinter - org.frcpm.models.Project{hardDeadline=2025-06-06, name=Concurrent Write Test 4, description=null, meetings=[], id=175, goalEndDate=2025-05-23, milestones=[], startDate=2025-04-25, tasks=[]}
10:24:18.492 [main] DEBUG org.hibernate.SQL - delete from projects where id=?
10:24:18.493 [main] DEBUG org.hibernate.orm.jdbc.batch - PreparedStatementDetails did not contain PreparedStatement on #releaseStatements : delete from projects where id=?
10:24:18.493 [main] DEBUG org.hibernate.orm.jdbc.batch - PreparedStatementDetails did not contain PreparedStatement on #releaseStatements : delete from projects where id=?
10:24:18.493 [main] DEBUG org.hibernate.resource.jdbc.internal.LogicalConnectionManagedImpl - Initiating JDBC connection release from afterTransaction
10:24:18.493 [main] DEBUG org.hibernate.orm.jdbc.batch - PreparedStatementDetails did not contain PreparedStatement on #releaseStatements : delete from projects where id=?
10:24:18.493 [main] DEBUG org.hibernate.orm.jdbc.batch - PreparedStatementDetails did not contain PreparedStatement on #releaseStatements : delete from projects where id=?
10:24:18.493 [main] DEBUG org.hibernate.resource.jdbc.internal.LogicalConnectionManagedImpl - Initiating JDBC connection release from afterTransaction
10:24:18.493 [main] DEBUG org.hibernate.engine.jdbc.internal.JdbcCoordinatorImpl - HHH000420: Closing un-released batch
10:24:18.493 [main] DEBUG org.hibernate.orm.jdbc.batch - PreparedStatementDetails did not contain PreparedStatement on #releaseStatements : delete from projects where id=?
10:24:18.493 [main] DEBUG org.hibernate.orm.jdbc.batch - PreparedStatementDetails did not contain PreparedStatement on #releaseStatements : delete from projects where id=?
]]></system-out>
    <system-err><![CDATA[Apr 25, 2025 10:24:18 AM org.frcpm.repositories.ConcurrencyTest testSimultaneousWrites
INFO: Testing simultaneous write operations...
Apr 25, 2025 10:24:18 AM org.frcpm.repositories.ConcurrencyTest lambda$testSimultaneousWrites$1
INFO: Thread 4 starting write operation...
Apr 25, 2025 10:24:18 AM org.frcpm.repositories.ConcurrencyTest lambda$testSimultaneousWrites$1
INFO: Thread 0 starting write operation...
Apr 25, 2025 10:24:18 AM org.frcpm.repositories.ConcurrencyTest lambda$testSimultaneousWrites$1
INFO: Thread 3 starting write operation...
Apr 25, 2025 10:24:18 AM org.frcpm.repositories.ConcurrencyTest lambda$testSimultaneousWrites$1
INFO: Thread 2 starting write operation...
Apr 25, 2025 10:24:18 AM org.frcpm.repositories.ConcurrencyTest lambda$testSimultaneousWrites$1
INFO: Thread 1 starting write operation...
Apr 25, 2025 10:24:18 AM org.frcpm.repositories.ConcurrencyTest lambda$testSimultaneousWrites$1
INFO: Thread 0 completed write operation
Apr 25, 2025 10:24:18 AM org.frcpm.repositories.ConcurrencyTest lambda$testSimultaneousWrites$1
INFO: Thread 2 completed write operation
Apr 25, 2025 10:24:18 AM org.frcpm.repositories.ConcurrencyTest lambda$testSimultaneousWrites$1
INFO: Thread 3 completed write operation
Apr 25, 2025 10:24:18 AM org.frcpm.repositories.ConcurrencyTest lambda$testSimultaneousWrites$1
INFO: Thread 1 completed write operation
Apr 25, 2025 10:24:18 AM org.frcpm.repositories.ConcurrencyTest lambda$testSimultaneousWrites$1
INFO: Thread 4 completed write operation
]]></system-err>
  </testcase>
  <testcase name="testPessimisticLocking" classname="org.frcpm.repositories.ConcurrencyTest" time="1.042">
    <system-out><![CDATA[10:24:18.496 [main] DEBUG org.hibernate.engine.transaction.internal.TransactionImpl - On TransactionImpl creation, JpaCompliance#isJpaTransactionComplianceEnabled == false
10:24:18.496 [main] DEBUG org.hibernate.engine.transaction.internal.TransactionImpl - begin
10:24:18.497 [main] DEBUG org.hibernate.engine.spi.ActionQueue - Executing identity-insert immediately
10:24:18.497 [main] DEBUG org.hibernate.SQL - insert into projects (description,goal_end_date,hard_deadline,name,start_date,id) values (?,?,?,?,?,default)
10:24:18.498 [main] DEBUG org.hibernate.orm.results - Initializer list is empty
10:24:18.498 [main] DEBUG org.hibernate.orm.results.loading - Calling top-level assembler (0 / 1) : org.hibernate.sql.results.graph.basic.BasicResultAssembler@7e93bc89
10:24:18.498 [main] DEBUG org.hibernate.orm.results - Extracted JDBC value [0] - [176]
10:24:18.498 [main] DEBUG org.hibernate.id.IdentifierGeneratorHelper - Extracted generated values [org.frcpm.models.Project]: [Ljava.lang.Object;@334567cb
10:24:18.499 [main] DEBUG org.hibernate.event.internal.AbstractFlushingEventListener - Processing flush-time cascades
10:24:18.499 [main] DEBUG org.hibernate.event.internal.AbstractFlushingEventListener - Dirty checking collections
10:24:18.499 [main] DEBUG org.hibernate.engine.internal.Collections - Collection found: [org.frcpm.models.Project.meetings#176], was: [<unreferenced>] (initialized)
10:24:18.499 [main] DEBUG org.hibernate.engine.internal.Collections - Collection found: [org.frcpm.models.Project.milestones#176], was: [<unreferenced>] (initialized)
10:24:18.499 [main] DEBUG org.hibernate.engine.internal.Collections - Collection found: [org.frcpm.models.Project.tasks#176], was: [<unreferenced>] (initialized)
10:24:18.499 [main] DEBUG org.hibernate.event.internal.AbstractFlushingEventListener - Flushed: 0 insertions, 0 updates, 0 deletions to 1 objects
10:24:18.499 [main] DEBUG org.hibernate.event.internal.AbstractFlushingEventListener - Flushed: 3 (re)creations, 0 updates, 0 removals to 3 collections
10:24:18.499 [main] DEBUG org.hibernate.internal.util.EntityPrinter - Listing entities:
10:24:18.499 [main] DEBUG org.hibernate.internal.util.EntityPrinter - org.frcpm.models.Project{hardDeadline=2025-06-06, name=Lock Test Project, description=null, meetings=[], id=176, goalEndDate=2025-05-23, milestones=[], startDate=2025-04-25, tasks=[]}
10:24:18.499 [main] DEBUG org.hibernate.engine.transaction.internal.TransactionImpl - committing
10:24:18.499 [main] DEBUG org.hibernate.event.internal.AbstractFlushingEventListener - Processing flush-time cascades
10:24:18.499 [main] DEBUG org.hibernate.event.internal.AbstractFlushingEventListener - Dirty checking collections
10:24:18.499 [main] DEBUG org.hibernate.engine.internal.Collections - Collection found: [org.frcpm.models.Project.meetings#176], was: [org.frcpm.models.Project.meetings#176] (initialized)
10:24:18.499 [main] DEBUG org.hibernate.engine.internal.Collections - Collection found: [org.frcpm.models.Project.milestones#176], was: [org.frcpm.models.Project.milestones#176] (initialized)
10:24:18.499 [main] DEBUG org.hibernate.engine.internal.Collections - Collection found: [org.frcpm.models.Project.tasks#176], was: [org.frcpm.models.Project.tasks#176] (initialized)
10:24:18.499 [main] DEBUG org.hibernate.event.internal.AbstractFlushingEventListener - Flushed: 0 insertions, 0 updates, 0 deletions to 1 objects
10:24:18.499 [main] DEBUG org.hibernate.event.internal.AbstractFlushingEventListener - Flushed: 0 (re)creations, 0 updates, 0 removals to 3 collections
10:24:18.499 [main] DEBUG org.hibernate.internal.util.EntityPrinter - Listing entities:
10:24:18.500 [main] DEBUG org.hibernate.internal.util.EntityPrinter - org.frcpm.models.Project{hardDeadline=2025-06-06, name=Lock Test Project, description=null, meetings=[], id=176, goalEndDate=2025-05-23, milestones=[], startDate=2025-04-25, tasks=[]}
10:24:18.501 [main] DEBUG org.hibernate.resource.jdbc.internal.LogicalConnectionManagedImpl - Initiating JDBC connection release from afterTransaction
10:24:18.501 [main] DEBUG org.hibernate.resource.jdbc.internal.LogicalConnectionManagedImpl - Initiating JDBC connection release from afterTransaction
10:24:18.503 [pool-5-thread-1] DEBUG org.hibernate.engine.transaction.internal.TransactionImpl - On TransactionImpl creation, JpaCompliance#isJpaTransactionComplianceEnabled == false
10:24:18.503 [pool-5-thread-1] DEBUG org.hibernate.engine.transaction.internal.TransactionImpl - begin
10:24:18.506 [pool-5-thread-1] DEBUG org.hibernate.orm.sql.ast.create - Created new SQL alias : p1_0
10:24:18.506 [pool-5-thread-1] DEBUG org.hibernate.orm.sql.ast.create - Registration of TableGroup [StandardTableGroup(org.frcpm.models.Project)] with identifierForTableGroup [org.frcpm.models.Project] for NavigablePath [org.frcpm.models.Project] 
10:24:18.507 [pool-5-thread-1] DEBUG org.hibernate.orm.results.graph.AST - DomainResult Graph:
 \-EntityResultImpl [org.frcpm.models.Project]
 |  +-BasicFetch [org.frcpm.models.Project.description]
 |  +-BasicFetch [org.frcpm.models.Project.goalEndDate]
 |  +-BasicFetch [org.frcpm.models.Project.hardDeadline]
 |  +-DelayedCollectionFetch [org.frcpm.models.Project.meetings]
 |  +-DelayedCollectionFetch [org.frcpm.models.Project.milestones]
 |  +-BasicFetch [org.frcpm.models.Project.name]
 |  +-BasicFetch [org.frcpm.models.Project.startDate]
 |  \-DelayedCollectionFetch [org.frcpm.models.Project.tasks]

10:24:18.507 [pool-5-thread-1] DEBUG org.hibernate.orm.sql.ast.tree - SQL AST Tree:
    SelectStatement {
      FromClause {
        StandardTableGroup (p1 : org.frcpm.models.Project) {
          primaryTableReference : projects as p1_0
        }
      }
    }

10:24:18.518 [pool-5-thread-1] DEBUG org.hibernate.orm.sql.exec - Skipping reading Query result cache data: cache-enabled = false, cache-mode = IGNORE
10:24:18.518 [pool-5-thread-1] DEBUG org.hibernate.orm.results - Initializer list:
	  org.frcpm.models.Project.meetings -> DelayedCollectionInitializer(org.frcpm.models.Project.meetings)@1561964582 (PluralAttribute(org.frcpm.models.Project.meetings))
	  org.frcpm.models.Project.tasks -> DelayedCollectionInitializer(org.frcpm.models.Project.tasks)@1112569200 (PluralAttribute(org.frcpm.models.Project.tasks))
	  org.frcpm.models.Project -> EntityResultInitializer(org.frcpm.models.Project)@1926473318 (SingleTableEntityPersister(org.frcpm.models.Project))
	  org.frcpm.models.Project.milestones -> DelayedCollectionInitializer(org.frcpm.models.Project.milestones)@491157402 (PluralAttribute(org.frcpm.models.Project.milestones))

10:24:18.518 [pool-5-thread-1] DEBUG org.hibernate.SQL - select p1_0.id,p1_0.description,p1_0.goal_end_date,p1_0.hard_deadline,p1_0.name,p1_0.start_date from projects p1_0 where p1_0.id=? for update
10:24:18.520 [pool-5-thread-1] DEBUG org.hibernate.orm.results.loading.entity - (EntityResultInitializer) Hydrated EntityKey (org.frcpm.models.Project): 176
10:24:18.520 [pool-5-thread-1] DEBUG org.hibernate.orm.results.loading.org.hibernate.orm.results.loading.collection - (DelayedCollectionInitializer) Current row collection key : org.frcpm.models.Project.meetings#176
10:24:18.520 [pool-5-thread-1] DEBUG org.hibernate.orm.results.loading.org.hibernate.orm.results.loading.collection - (DelayedCollectionInitializer) Current row collection key : org.frcpm.models.Project.milestones#176
10:24:18.520 [pool-5-thread-1] DEBUG org.hibernate.orm.results.loading.org.hibernate.orm.results.loading.collection - (DelayedCollectionInitializer) Current row collection key : org.frcpm.models.Project.tasks#176
10:24:18.520 [pool-5-thread-1] DEBUG org.hibernate.orm.results.loading.entity - (EntityResultInitializer) Created new entity instance [org.frcpm.models.Project#176] : 1226009250
10:24:18.520 [pool-5-thread-1] DEBUG org.hibernate.orm.results - Extracted JDBC value [1] - [null]
10:24:18.520 [pool-5-thread-1] DEBUG org.hibernate.orm.results - Extracted JDBC value [2] - [2025-05-23]
10:24:18.520 [pool-5-thread-1] DEBUG org.hibernate.orm.results - Extracted JDBC value [3] - [2025-06-06]
10:24:18.520 [pool-5-thread-1] DEBUG org.hibernate.orm.results - Extracted JDBC value [4] - [Lock Test Project]
10:24:18.520 [pool-5-thread-1] DEBUG org.hibernate.orm.results - Extracted JDBC value [5] - [2025-04-25]
10:24:18.520 [pool-5-thread-1] DEBUG org.hibernate.orm.results.loading.entity - (EntityResultInitializer) Done materializing entityInstance : org.frcpm.models.Project#176
10:24:18.520 [pool-5-thread-1] DEBUG org.hibernate.orm.results.loading - Calling top-level assembler (0 / 1) : org.hibernate.sql.results.graph.entity.internal.EntityAssembler@3cdec5bd
10:24:18.522 [pool-5-thread-2] DEBUG org.hibernate.engine.transaction.internal.TransactionImpl - On TransactionImpl creation, JpaCompliance#isJpaTransactionComplianceEnabled == false
10:24:18.522 [pool-5-thread-2] DEBUG org.hibernate.engine.transaction.internal.TransactionImpl - begin
10:24:18.523 [pool-5-thread-2] DEBUG org.hibernate.orm.query.hql - HQL : SELECT 1 FROM Project p WHERE p.id = :id
10:24:18.530 [pool-5-thread-2] DEBUG org.hibernate.orm.query.hql.reservedWordAsIdentifier - Encountered use of reserved word as identifier : =
10:24:18.530 [pool-5-thread-2] DEBUG org.hibernate.orm.query.hql.reservedWordAsIdentifier - Encountered use of reserved word as identifier : <EOF>
10:24:18.535 [pool-5-thread-2] DEBUG org.hibernate.orm.query.sqm.creation - Applying inferable type to SqmExpression [SqmNamedParameter(id)] : null -> SqmBasicValuedSimplePath(org.frcpm.models.Project(p).id)
10:24:18.535 [pool-5-thread-2] DEBUG org.hibernate.orm.query.sqm.ast - SqmStatement Tree :
    -> [select]
      -> [query-spec]
        -> [select]
          -> [selection]
          <- [selection]
        <- [select]
        -> [from]
          -> [root] - `org.frcpm.models.Project(p)`
          <- [root] - `org.frcpm.models.Project(p)`
        <- [from]
        -> [where]
          -> [EQUAL]
              -> [basic-path] - `org.frcpm.models.Project(p).id`
              :id
          <- [EQUAL]
        <- [where]
      <- [query-spec]
    <- [select]

10:24:18.535 [pool-5-thread-2] DEBUG org.hibernate.orm.sql.exec - Skipping reading Query result cache data: cache-enabled = false, cache-mode = IGNORE
10:24:18.536 [pool-5-thread-2] DEBUG org.hibernate.orm.results - Initializer list:
	  org.frcpm.models.Project.meetings -> DelayedCollectionInitializer(org.frcpm.models.Project.meetings)@147633944 (PluralAttribute(org.frcpm.models.Project.meetings))
	  org.frcpm.models.Project.tasks -> DelayedCollectionInitializer(org.frcpm.models.Project.tasks)@1003870453 (PluralAttribute(org.frcpm.models.Project.tasks))
	  org.frcpm.models.Project -> EntityResultInitializer(org.frcpm.models.Project)@2097047029 (SingleTableEntityPersister(org.frcpm.models.Project))
	  org.frcpm.models.Project.milestones -> DelayedCollectionInitializer(org.frcpm.models.Project.milestones)@1219075858 (PluralAttribute(org.frcpm.models.Project.milestones))

10:24:18.536 [pool-5-thread-2] DEBUG org.hibernate.SQL - select p1_0.id,p1_0.description,p1_0.goal_end_date,p1_0.hard_deadline,p1_0.name,p1_0.start_date from projects p1_0 where p1_0.id=? for update
10:24:19.531 [pool-5-thread-1] DEBUG org.hibernate.engine.transaction.internal.TransactionImpl - committing
10:24:19.531 [pool-5-thread-1] DEBUG org.hibernate.event.internal.AbstractFlushingEventListener - Processing flush-time cascades
10:24:19.531 [pool-5-thread-1] DEBUG org.hibernate.event.internal.AbstractFlushingEventListener - Dirty checking collections
10:24:19.532 [pool-5-thread-1] DEBUG org.hibernate.engine.internal.Collections - Collection found: [org.frcpm.models.Project.meetings#176], was: [org.frcpm.models.Project.meetings#176] (uninitialized)
10:24:19.532 [pool-5-thread-1] DEBUG org.hibernate.engine.internal.Collections - Collection found: [org.frcpm.models.Project.milestones#176], was: [org.frcpm.models.Project.milestones#176] (uninitialized)
10:24:19.532 [pool-5-thread-1] DEBUG org.hibernate.engine.internal.Collections - Collection found: [org.frcpm.models.Project.tasks#176], was: [org.frcpm.models.Project.tasks#176] (uninitialized)
10:24:19.532 [pool-5-thread-1] DEBUG org.hibernate.event.internal.AbstractFlushingEventListener - Flushed: 0 insertions, 1 updates, 0 deletions to 1 objects
10:24:19.532 [pool-5-thread-1] DEBUG org.hibernate.event.internal.AbstractFlushingEventListener - Flushed: 0 (re)creations, 0 updates, 0 removals to 3 collections
10:24:19.532 [pool-5-thread-1] DEBUG org.hibernate.internal.util.EntityPrinter - Listing entities:
10:24:19.532 [pool-5-thread-1] DEBUG org.hibernate.internal.util.EntityPrinter - org.frcpm.models.Project{hardDeadline=2025-06-06, name=Lock Test Project - Modified, description=null, meetings=<uninitialized>, id=176, goalEndDate=2025-05-23, milestones=<uninitialized>, startDate=2025-04-25, tasks=<uninitialized>}
10:24:19.532 [pool-5-thread-1] DEBUG org.hibernate.SQL - update projects set description=?,goal_end_date=?,hard_deadline=?,name=?,start_date=? where id=?
10:24:19.532 [pool-5-thread-1] DEBUG org.hibernate.orm.jdbc.batch - PreparedStatementDetails did not contain PreparedStatement on #releaseStatements : update projects set description=?,goal_end_date=?,hard_deadline=?,name=?,start_date=? where id=?
10:24:19.532 [pool-5-thread-1] DEBUG org.hibernate.orm.jdbc.batch - PreparedStatementDetails did not contain PreparedStatement on #releaseStatements : update projects set description=?,goal_end_date=?,hard_deadline=?,name=?,start_date=? where id=?
10:24:19.532 [pool-5-thread-1] DEBUG org.hibernate.resource.jdbc.internal.LogicalConnectionManagedImpl - Initiating JDBC connection release from afterTransaction
10:24:19.532 [pool-5-thread-1] DEBUG org.hibernate.orm.jdbc.batch - PreparedStatementDetails did not contain PreparedStatement on #releaseStatements : update projects set description=?,goal_end_date=?,hard_deadline=?,name=?,start_date=? where id=?
10:24:19.532 [pool-5-thread-1] DEBUG org.hibernate.orm.jdbc.batch - PreparedStatementDetails did not contain PreparedStatement on #releaseStatements : update projects set description=?,goal_end_date=?,hard_deadline=?,name=?,start_date=? where id=?
10:24:19.532 [pool-5-thread-1] DEBUG org.hibernate.resource.jdbc.internal.LogicalConnectionManagedImpl - Initiating JDBC connection release from afterTransaction
10:24:19.532 [pool-5-thread-1] DEBUG org.hibernate.engine.jdbc.internal.JdbcCoordinatorImpl - HHH000420: Closing un-released batch
10:24:19.532 [pool-5-thread-1] DEBUG org.hibernate.orm.jdbc.batch - PreparedStatementDetails did not contain PreparedStatement on #releaseStatements : update projects set description=?,goal_end_date=?,hard_deadline=?,name=?,start_date=? where id=?
10:24:19.532 [pool-5-thread-1] DEBUG org.hibernate.orm.jdbc.batch - PreparedStatementDetails did not contain PreparedStatement on #releaseStatements : update projects set description=?,goal_end_date=?,hard_deadline=?,name=?,start_date=? where id=?
10:24:19.533 [pool-5-thread-2] DEBUG org.hibernate.orm.results.loading.entity - (EntityResultInitializer) Hydrated EntityKey (org.frcpm.models.Project): 176
10:24:19.533 [pool-5-thread-2] DEBUG org.hibernate.orm.results.loading.org.hibernate.orm.results.loading.collection - (DelayedCollectionInitializer) Current row collection key : org.frcpm.models.Project.meetings#176
10:24:19.533 [pool-5-thread-2] DEBUG org.hibernate.orm.results.loading.org.hibernate.orm.results.loading.collection - (DelayedCollectionInitializer) Current row collection key : org.frcpm.models.Project.milestones#176
10:24:19.533 [pool-5-thread-2] DEBUG org.hibernate.orm.results.loading.org.hibernate.orm.results.loading.collection - (DelayedCollectionInitializer) Current row collection key : org.frcpm.models.Project.tasks#176
10:24:19.533 [pool-5-thread-2] DEBUG org.hibernate.orm.results.loading.entity - (EntityResultInitializer) Created new entity instance [org.frcpm.models.Project#176] : 436631903
10:24:19.533 [pool-5-thread-2] DEBUG org.hibernate.orm.results - Extracted JDBC value [1] - [null]
10:24:19.533 [pool-5-thread-2] DEBUG org.hibernate.orm.results - Extracted JDBC value [2] - [2025-05-23]
10:24:19.533 [pool-5-thread-2] DEBUG org.hibernate.orm.results - Extracted JDBC value [3] - [2025-06-06]
10:24:19.533 [pool-5-thread-2] DEBUG org.hibernate.orm.results - Extracted JDBC value [4] - [Lock Test Project - Modified]
10:24:19.533 [pool-5-thread-2] DEBUG org.hibernate.orm.results - Extracted JDBC value [5] - [2025-04-25]
10:24:19.533 [pool-5-thread-2] DEBUG org.hibernate.orm.results.loading.entity - (EntityResultInitializer) Done materializing entityInstance : org.frcpm.models.Project#176
10:24:19.533 [pool-5-thread-2] DEBUG org.hibernate.orm.results.loading - Calling top-level assembler (0 / 1) : org.hibernate.sql.results.graph.entity.internal.EntityAssembler@12f57b70
10:24:19.533 [pool-5-thread-2] DEBUG org.hibernate.engine.transaction.internal.TransactionImpl - rolling back
10:24:19.533 [pool-5-thread-2] DEBUG org.hibernate.resource.jdbc.internal.LogicalConnectionManagedImpl - Initiating JDBC connection release from afterTransaction
10:24:19.533 [pool-5-thread-2] DEBUG org.hibernate.resource.jdbc.internal.LogicalConnectionManagedImpl - Initiating JDBC connection release from afterTransaction
10:24:19.533 [main] DEBUG org.hibernate.orm.sql.exec - Skipping reading Query result cache data: cache-enabled = false, cache-mode = IGNORE
10:24:19.533 [main] DEBUG org.hibernate.orm.results - Initializer list:
	  org.frcpm.models.Project.meetings -> DelayedCollectionInitializer(org.frcpm.models.Project.meetings)@1135387638 (PluralAttribute(org.frcpm.models.Project.meetings))
	  org.frcpm.models.Project.tasks -> DelayedCollectionInitializer(org.frcpm.models.Project.tasks)@232042111 (PluralAttribute(org.frcpm.models.Project.tasks))
	  org.frcpm.models.Project -> EntityResultInitializer(org.frcpm.models.Project)@1079058785 (SingleTableEntityPersister(org.frcpm.models.Project))
	  org.frcpm.models.Project.milestones -> DelayedCollectionInitializer(org.frcpm.models.Project.milestones)@570704876 (PluralAttribute(org.frcpm.models.Project.milestones))

10:24:19.533 [main] DEBUG org.hibernate.SQL - select p1_0.id,p1_0.description,p1_0.goal_end_date,p1_0.hard_deadline,p1_0.name,p1_0.start_date from projects p1_0 where p1_0.id=?
10:24:19.534 [main] DEBUG org.hibernate.orm.results.loading.entity - (EntityResultInitializer) Hydrated EntityKey (org.frcpm.models.Project): 176
10:24:19.534 [main] DEBUG org.hibernate.orm.results.loading.org.hibernate.orm.results.loading.collection - (DelayedCollectionInitializer) Current row collection key : org.frcpm.models.Project.meetings#176
10:24:19.534 [main] DEBUG org.hibernate.orm.results.loading.org.hibernate.orm.results.loading.collection - (DelayedCollectionInitializer) Current row collection key : org.frcpm.models.Project.milestones#176
10:24:19.534 [main] DEBUG org.hibernate.orm.results.loading.org.hibernate.orm.results.loading.collection - (DelayedCollectionInitializer) Current row collection key : org.frcpm.models.Project.tasks#176
10:24:19.534 [main] DEBUG org.hibernate.orm.results.loading.entity - (EntityResultInitializer) Created new entity instance [org.frcpm.models.Project#176] : 1703768105
10:24:19.534 [main] DEBUG org.hibernate.orm.results - Extracted JDBC value [1] - [null]
10:24:19.534 [main] DEBUG org.hibernate.orm.results - Extracted JDBC value [2] - [2025-05-23]
10:24:19.534 [main] DEBUG org.hibernate.orm.results - Extracted JDBC value [3] - [2025-06-06]
10:24:19.534 [main] DEBUG org.hibernate.orm.results - Extracted JDBC value [4] - [Lock Test Project - Modified]
10:24:19.534 [main] DEBUG org.hibernate.orm.results - Extracted JDBC value [5] - [2025-04-25]
10:24:19.534 [main] DEBUG org.hibernate.orm.results.loading.entity - (EntityResultInitializer) Done materializing entityInstance : org.frcpm.models.Project#176
10:24:19.534 [main] DEBUG org.hibernate.orm.results.loading - Calling top-level assembler (0 / 1) : org.hibernate.sql.results.graph.entity.internal.EntityAssembler@3c41dce8
10:24:19.534 [main] DEBUG org.hibernate.resource.jdbc.internal.LogicalConnectionManagedImpl - Initiating JDBC connection release from afterTransaction
10:24:19.534 [main] DEBUG org.hibernate.engine.transaction.internal.TransactionImpl - On TransactionImpl creation, JpaCompliance#isJpaTransactionComplianceEnabled == false
10:24:19.534 [main] DEBUG org.hibernate.engine.transaction.internal.TransactionImpl - begin
10:24:19.534 [main] DEBUG org.hibernate.orm.sql.exec - Skipping reading Query result cache data: cache-enabled = false, cache-mode = IGNORE
10:24:19.534 [main] DEBUG org.hibernate.orm.results - Initializer list:
	  org.frcpm.models.Project.meetings -> DelayedCollectionInitializer(org.frcpm.models.Project.meetings)@1797395419 (PluralAttribute(org.frcpm.models.Project.meetings))
	  org.frcpm.models.Project.tasks -> DelayedCollectionInitializer(org.frcpm.models.Project.tasks)@925404392 (PluralAttribute(org.frcpm.models.Project.tasks))
	  org.frcpm.models.Project -> EntityResultInitializer(org.frcpm.models.Project)@447994442 (SingleTableEntityPersister(org.frcpm.models.Project))
	  org.frcpm.models.Project.milestones -> DelayedCollectionInitializer(org.frcpm.models.Project.milestones)@682091368 (PluralAttribute(org.frcpm.models.Project.milestones))

10:24:19.534 [main] DEBUG org.hibernate.SQL - select p1_0.id,p1_0.description,p1_0.goal_end_date,p1_0.hard_deadline,p1_0.name,p1_0.start_date from projects p1_0 where p1_0.id=?
10:24:19.534 [main] DEBUG org.hibernate.orm.results.loading.entity - (EntityResultInitializer) Hydrated EntityKey (org.frcpm.models.Project): 176
10:24:19.534 [main] DEBUG org.hibernate.orm.results.loading.org.hibernate.orm.results.loading.collection - (DelayedCollectionInitializer) Current row collection key : org.frcpm.models.Project.meetings#176
10:24:19.534 [main] DEBUG org.hibernate.orm.results.loading.org.hibernate.orm.results.loading.collection - (DelayedCollectionInitializer) Current row collection key : org.frcpm.models.Project.milestones#176
10:24:19.534 [main] DEBUG org.hibernate.orm.results.loading.org.hibernate.orm.results.loading.collection - (DelayedCollectionInitializer) Current row collection key : org.frcpm.models.Project.tasks#176
10:24:19.534 [main] DEBUG org.hibernate.orm.results.loading.entity - (EntityResultInitializer) Created new entity instance [org.frcpm.models.Project#176] : 607774703
10:24:19.534 [main] DEBUG org.hibernate.orm.results - Extracted JDBC value [1] - [null]
10:24:19.534 [main] DEBUG org.hibernate.orm.results - Extracted JDBC value [2] - [2025-05-23]
10:24:19.534 [main] DEBUG org.hibernate.orm.results - Extracted JDBC value [3] - [2025-06-06]
10:24:19.534 [main] DEBUG org.hibernate.orm.results - Extracted JDBC value [4] - [Lock Test Project - Modified]
10:24:19.534 [main] DEBUG org.hibernate.orm.results - Extracted JDBC value [5] - [2025-04-25]
10:24:19.534 [main] DEBUG org.hibernate.orm.results.loading.entity - (EntityResultInitializer) Done materializing entityInstance : org.frcpm.models.Project#176
10:24:19.534 [main] DEBUG org.hibernate.orm.results.loading - Calling top-level assembler (0 / 1) : org.hibernate.sql.results.graph.entity.internal.EntityAssembler@4f9e54ab
10:24:19.534 [main] DEBUG org.hibernate.orm.sql.exec - Skipping reading Query result cache data: cache-enabled = false, cache-mode = IGNORE
10:24:19.534 [main] DEBUG org.hibernate.orm.results - Initializer list:
	  org.frcpm.models.Project.meetings -> BagInitializer(org.frcpm.models.Project.meetings)@1800261135 (PluralAttribute(org.frcpm.models.Project.meetings))
	  org.frcpm.models.Project.meetings.{element}.project -> EntityDelayedFetchInitializer(org.frcpm.models.Project.meetings.{element}.project)@2029186986 (ToOneAttributeMapping(NavigableRole[org.frcpm.models.Meeting.project])@437432136)
	  org.frcpm.models.Project.meetings.{element} -> EntityJoinedFetchInitializer(org.frcpm.models.Project.meetings.{element})@1123100672 (EntityCollectionPart(org.frcpm.models.Project.meetings#{element})@1024414659)
	  org.frcpm.models.Project.meetings.{element}.attendances -> DelayedCollectionInitializer(org.frcpm.models.Project.meetings.{element}.attendances)@2146899961 (PluralAttribute(org.frcpm.models.Meeting.attendances))

10:24:19.534 [main] DEBUG org.hibernate.SQL - select m1_0.project_id,m1_0.id,m1_0.date,m1_0.end_time,m1_0.notes,m1_0.start_time from meetings m1_0 where m1_0.project_id=?
10:24:19.534 [main] DEBUG org.hibernate.sql.results.internal.ResultsHelper - Collection fully initialized: [org.frcpm.models.Project.meetings#176]
10:24:19.535 [main] DEBUG org.hibernate.orm.sql.exec - Skipping reading Query result cache data: cache-enabled = false, cache-mode = IGNORE
10:24:19.535 [main] DEBUG org.hibernate.orm.results - Initializer list:
	  org.frcpm.models.Project.milestones.{element}.project -> EntityDelayedFetchInitializer(org.frcpm.models.Project.milestones.{element}.project)@1591027567 (ToOneAttributeMapping(NavigableRole[org.frcpm.models.Milestone.project])@572438520)
	  org.frcpm.models.Project.milestones.{element} -> EntityJoinedFetchInitializer(org.frcpm.models.Project.milestones.{element})@425376659 (EntityCollectionPart(org.frcpm.models.Project.milestones#{element})@281564011)
	  org.frcpm.models.Project.milestones -> BagInitializer(org.frcpm.models.Project.milestones)@521050469 (PluralAttribute(org.frcpm.models.Project.milestones))

10:24:19.535 [main] DEBUG org.hibernate.SQL - select m1_0.project_id,m1_0.id,m1_0.date,m1_0.description,m1_0.name from milestones m1_0 where m1_0.project_id=?
10:24:19.535 [main] DEBUG org.hibernate.sql.results.internal.ResultsHelper - Collection fully initialized: [org.frcpm.models.Project.milestones#176]
10:24:19.535 [main] DEBUG org.hibernate.orm.sql.exec - Skipping reading Query result cache data: cache-enabled = false, cache-mode = IGNORE
10:24:19.535 [main] DEBUG org.hibernate.orm.results - Initializer list:
	  org.frcpm.models.Project.tasks.{element}.assignedTo -> DelayedCollectionInitializer(org.frcpm.models.Project.tasks.{element}.assignedTo)@1291678761 (PluralAttribute(org.frcpm.models.Task.assignedTo))
	  org.frcpm.models.Project.tasks.{element}.postDependencies -> DelayedCollectionInitializer(org.frcpm.models.Project.tasks.{element}.postDependencies)@668146018 (PluralAttribute(org.frcpm.models.Task.postDependencies))
	  org.frcpm.models.Project.tasks.{element} -> EntityJoinedFetchInitializer(org.frcpm.models.Project.tasks.{element})@587984892 (EntityCollectionPart(org.frcpm.models.Project.tasks#{element})@1626692497)
	  org.frcpm.models.Project.tasks.{element}.requiredComponents -> DelayedCollectionInitializer(org.frcpm.models.Project.tasks.{element}.requiredComponents)@487516475 (PluralAttribute(org.frcpm.models.Task.requiredComponents))
	  org.frcpm.models.Project.tasks.{element}.project -> EntityDelayedFetchInitializer(org.frcpm.models.Project.tasks.{element}.project)@980781711 (ToOneAttributeMapping(NavigableRole[org.frcpm.models.Task.project])@1805322706)
	  org.frcpm.models.Project.tasks.{element}.subsystem -> EntityDelayedFetchInitializer(org.frcpm.models.Project.tasks.{element}.subsystem)@97688746 (ToOneAttributeMapping(NavigableRole[org.frcpm.models.Task.subsystem])@1930513173)
	  org.frcpm.models.Project.tasks.{element}.preDependencies -> DelayedCollectionInitializer(org.frcpm.models.Project.tasks.{element}.preDependencies)@2044393443 (PluralAttribute(org.frcpm.models.Task.preDependencies))
	  org.frcpm.models.Project.tasks -> BagInitializer(org.frcpm.models.Project.tasks)@334995154 (PluralAttribute(org.frcpm.models.Project.tasks))

10:24:19.535 [main] DEBUG org.hibernate.SQL - select t1_0.project_id,t1_0.id,t1_0.actual_duration_seconds,t1_0.completed,t1_0.description,t1_0.end_date,t1_0.estimated_duration_seconds,t1_0.priority,t1_0.progress,t1_0.start_date,t1_0.subsystem_id,t1_0.title from tasks t1_0 where t1_0.project_id=?
10:24:19.535 [main] DEBUG org.hibernate.sql.results.internal.ResultsHelper - Collection fully initialized: [org.frcpm.models.Project.tasks#176]
10:24:19.535 [main] DEBUG org.hibernate.engine.transaction.internal.TransactionImpl - committing
10:24:19.535 [main] DEBUG org.hibernate.event.internal.AbstractFlushingEventListener - Processing flush-time cascades
10:24:19.535 [main] DEBUG org.hibernate.event.internal.AbstractFlushingEventListener - Dirty checking collections
10:24:19.535 [main] DEBUG org.hibernate.engine.internal.Collections - Collection dereferenced: [org.frcpm.models.Project.meetings#176]
10:24:19.535 [main] DEBUG org.hibernate.engine.internal.Collections - Collection dereferenced: [org.frcpm.models.Project.milestones#176]
10:24:19.535 [main] DEBUG org.hibernate.engine.internal.Collections - Collection dereferenced: [org.frcpm.models.Project.tasks#176]
10:24:19.535 [main] DEBUG org.hibernate.event.internal.AbstractFlushingEventListener - Flushed: 0 insertions, 0 updates, 1 deletions to 1 objects
10:24:19.535 [main] DEBUG org.hibernate.event.internal.AbstractFlushingEventListener - Flushed: 0 (re)creations, 0 updates, 3 removals to 3 collections
10:24:19.535 [main] DEBUG org.hibernate.internal.util.EntityPrinter - Listing entities:
10:24:19.535 [main] DEBUG org.hibernate.internal.util.EntityPrinter - org.frcpm.models.Project{hardDeadline=2025-06-06, name=Lock Test Project - Modified, description=null, meetings=[], id=176, goalEndDate=2025-05-23, milestones=[], startDate=2025-04-25, tasks=[]}
10:24:19.535 [main] DEBUG org.hibernate.SQL - delete from projects where id=?
10:24:19.535 [main] DEBUG org.hibernate.orm.jdbc.batch - PreparedStatementDetails did not contain PreparedStatement on #releaseStatements : delete from projects where id=?
10:24:19.536 [main] DEBUG org.hibernate.orm.jdbc.batch - PreparedStatementDetails did not contain PreparedStatement on #releaseStatements : delete from projects where id=?
10:24:19.536 [main] DEBUG org.hibernate.resource.jdbc.internal.LogicalConnectionManagedImpl - Initiating JDBC connection release from afterTransaction
10:24:19.536 [main] DEBUG org.hibernate.orm.jdbc.batch - PreparedStatementDetails did not contain PreparedStatement on #releaseStatements : delete from projects where id=?
10:24:19.536 [main] DEBUG org.hibernate.orm.jdbc.batch - PreparedStatementDetails did not contain PreparedStatement on #releaseStatements : delete from projects where id=?
10:24:19.536 [main] DEBUG org.hibernate.resource.jdbc.internal.LogicalConnectionManagedImpl - Initiating JDBC connection release from afterTransaction
10:24:19.536 [main] DEBUG org.hibernate.engine.jdbc.internal.JdbcCoordinatorImpl - HHH000420: Closing un-released batch
10:24:19.536 [main] DEBUG org.hibernate.orm.jdbc.batch - PreparedStatementDetails did not contain PreparedStatement on #releaseStatements : delete from projects where id=?
10:24:19.536 [main] DEBUG org.hibernate.orm.jdbc.batch - PreparedStatementDetails did not contain PreparedStatement on #releaseStatements : delete from projects where id=?
]]></system-out>
    <system-err><![CDATA[Apr 25, 2025 10:24:18 AM org.frcpm.repositories.ConcurrencyTest testPessimisticLocking
INFO: Testing pessimistic locking...
Apr 25, 2025 10:24:18 AM org.frcpm.repositories.ConcurrencyTest lambda$testPessimisticLocking$3
INFO: Second thread trying to acquire lock
Apr 25, 2025 10:24:19 AM org.frcpm.repositories.ConcurrencyTest lambda$testPessimisticLocking$3
INFO: Lock was already released when second thread tried to acquire it
]]></system-err>
  </testcase>
  <testcase name="testOptimisticLocking" classname="org.frcpm.repositories.ConcurrencyTest" time="0.052">
    <system-out><![CDATA[10:24:19.571 [main] DEBUG org.hibernate.orm.query.plan.cache - Creating and caching NativeQuery ParameterInterpretation - ParameterInterpretationImpl (SELECT COLUMN_NAME FROM INFORMATION_SCHEMA.COLUMNS WHERE TABLE_NAME = 'PROJECTS' AND COLUMN_NAME = 'VERSION') : {
}
10:24:19.577 [main] DEBUG org.hibernate.orm.sql.exec - Skipping reading Query result cache data: cache-enabled = false, cache-mode = NORMAL
10:24:19.577 [main] DEBUG org.hibernate.SQL - SELECT COLUMN_NAME FROM INFORMATION_SCHEMA.COLUMNS WHERE TABLE_NAME = 'PROJECTS' AND COLUMN_NAME = 'VERSION'
10:24:19.580 [main] DEBUG org.hibernate.orm.results - Initializer list is empty
10:24:19.580 [main] DEBUG org.hibernate.resource.jdbc.internal.LogicalConnectionManagedImpl - Initiating JDBC connection release from afterTransaction
10:24:19.580 [main] DEBUG org.hibernate.resource.jdbc.internal.LogicalConnectionManagedImpl - Initiating JDBC connection release from afterTransaction
10:24:19.580 [main] DEBUG org.hibernate.engine.transaction.internal.TransactionImpl - On TransactionImpl creation, JpaCompliance#isJpaTransactionComplianceEnabled == false
10:24:19.580 [main] DEBUG org.hibernate.engine.transaction.internal.TransactionImpl - begin
10:24:19.581 [main] DEBUG org.hibernate.engine.spi.ActionQueue - Executing identity-insert immediately
10:24:19.581 [main] DEBUG org.hibernate.SQL - insert into projects (description,goal_end_date,hard_deadline,name,start_date,id) values (?,?,?,?,?,default)
10:24:19.581 [main] DEBUG org.hibernate.orm.results - Initializer list is empty
10:24:19.582 [main] DEBUG org.hibernate.orm.results.loading - Calling top-level assembler (0 / 1) : org.hibernate.sql.results.graph.basic.BasicResultAssembler@67430073
10:24:19.582 [main] DEBUG org.hibernate.orm.results - Extracted JDBC value [0] - [177]
10:24:19.582 [main] DEBUG org.hibernate.id.IdentifierGeneratorHelper - Extracted generated values [org.frcpm.models.Project]: [Ljava.lang.Object;@40ba1f3
10:24:19.582 [main] DEBUG org.hibernate.event.internal.AbstractFlushingEventListener - Processing flush-time cascades
10:24:19.582 [main] DEBUG org.hibernate.event.internal.AbstractFlushingEventListener - Dirty checking collections
10:24:19.582 [main] DEBUG org.hibernate.engine.internal.Collections - Collection found: [org.frcpm.models.Project.meetings#177], was: [<unreferenced>] (initialized)
10:24:19.582 [main] DEBUG org.hibernate.engine.internal.Collections - Collection found: [org.frcpm.models.Project.milestones#177], was: [<unreferenced>] (initialized)
10:24:19.582 [main] DEBUG org.hibernate.engine.internal.Collections - Collection found: [org.frcpm.models.Project.tasks#177], was: [<unreferenced>] (initialized)
10:24:19.582 [main] DEBUG org.hibernate.event.internal.AbstractFlushingEventListener - Flushed: 0 insertions, 0 updates, 0 deletions to 1 objects
10:24:19.582 [main] DEBUG org.hibernate.event.internal.AbstractFlushingEventListener - Flushed: 3 (re)creations, 0 updates, 0 removals to 3 collections
10:24:19.582 [main] DEBUG org.hibernate.internal.util.EntityPrinter - Listing entities:
10:24:19.582 [main] DEBUG org.hibernate.internal.util.EntityPrinter - org.frcpm.models.Project{hardDeadline=2025-06-06, name=Manual Optimistic Lock Test, description=VERSION:1, meetings=[], id=177, goalEndDate=2025-05-23, milestones=[], startDate=2025-04-25, tasks=[]}
10:24:19.582 [main] DEBUG org.hibernate.engine.transaction.internal.TransactionImpl - committing
10:24:19.582 [main] DEBUG org.hibernate.event.internal.AbstractFlushingEventListener - Processing flush-time cascades
10:24:19.582 [main] DEBUG org.hibernate.event.internal.AbstractFlushingEventListener - Dirty checking collections
10:24:19.582 [main] DEBUG org.hibernate.engine.internal.Collections - Collection found: [org.frcpm.models.Project.meetings#177], was: [org.frcpm.models.Project.meetings#177] (initialized)
10:24:19.582 [main] DEBUG org.hibernate.engine.internal.Collections - Collection found: [org.frcpm.models.Project.milestones#177], was: [org.frcpm.models.Project.milestones#177] (initialized)
10:24:19.582 [main] DEBUG org.hibernate.engine.internal.Collections - Collection found: [org.frcpm.models.Project.tasks#177], was: [org.frcpm.models.Project.tasks#177] (initialized)
10:24:19.582 [main] DEBUG org.hibernate.event.internal.AbstractFlushingEventListener - Flushed: 0 insertions, 0 updates, 0 deletions to 1 objects
10:24:19.582 [main] DEBUG org.hibernate.event.internal.AbstractFlushingEventListener - Flushed: 0 (re)creations, 0 updates, 0 removals to 3 collections
10:24:19.582 [main] DEBUG org.hibernate.internal.util.EntityPrinter - Listing entities:
10:24:19.582 [main] DEBUG org.hibernate.internal.util.EntityPrinter - org.frcpm.models.Project{hardDeadline=2025-06-06, name=Manual Optimistic Lock Test, description=VERSION:1, meetings=[], id=177, goalEndDate=2025-05-23, milestones=[], startDate=2025-04-25, tasks=[]}
10:24:19.582 [main] DEBUG org.hibernate.resource.jdbc.internal.LogicalConnectionManagedImpl - Initiating JDBC connection release from afterTransaction
10:24:19.582 [main] DEBUG org.hibernate.resource.jdbc.internal.LogicalConnectionManagedImpl - Initiating JDBC connection release from afterTransaction
10:24:19.582 [main] DEBUG org.hibernate.orm.sql.exec - Skipping reading Query result cache data: cache-enabled = false, cache-mode = IGNORE
10:24:19.582 [main] DEBUG org.hibernate.orm.results - Initializer list:
	  org.frcpm.models.Project.meetings -> DelayedCollectionInitializer(org.frcpm.models.Project.meetings)@168863375 (PluralAttribute(org.frcpm.models.Project.meetings))
	  org.frcpm.models.Project.tasks -> DelayedCollectionInitializer(org.frcpm.models.Project.tasks)@144483602 (PluralAttribute(org.frcpm.models.Project.tasks))
	  org.frcpm.models.Project -> EntityResultInitializer(org.frcpm.models.Project)@2007198954 (SingleTableEntityPersister(org.frcpm.models.Project))
	  org.frcpm.models.Project.milestones -> DelayedCollectionInitializer(org.frcpm.models.Project.milestones)@788418516 (PluralAttribute(org.frcpm.models.Project.milestones))

10:24:19.582 [main] DEBUG org.hibernate.SQL - select p1_0.id,p1_0.description,p1_0.goal_end_date,p1_0.hard_deadline,p1_0.name,p1_0.start_date from projects p1_0 where p1_0.id=?
10:24:19.583 [main] DEBUG org.hibernate.orm.results.loading.entity - (EntityResultInitializer) Hydrated EntityKey (org.frcpm.models.Project): 177
10:24:19.583 [main] DEBUG org.hibernate.orm.results.loading.org.hibernate.orm.results.loading.collection - (DelayedCollectionInitializer) Current row collection key : org.frcpm.models.Project.meetings#177
10:24:19.583 [main] DEBUG org.hibernate.orm.results.loading.org.hibernate.orm.results.loading.collection - (DelayedCollectionInitializer) Current row collection key : org.frcpm.models.Project.milestones#177
10:24:19.583 [main] DEBUG org.hibernate.orm.results.loading.org.hibernate.orm.results.loading.collection - (DelayedCollectionInitializer) Current row collection key : org.frcpm.models.Project.tasks#177
10:24:19.583 [main] DEBUG org.hibernate.orm.results.loading.entity - (EntityResultInitializer) Created new entity instance [org.frcpm.models.Project#177] : 539284496
10:24:19.583 [main] DEBUG org.hibernate.orm.results - Extracted JDBC value [1] - [VERSION:1]
10:24:19.583 [main] DEBUG org.hibernate.orm.results - Extracted JDBC value [2] - [2025-05-23]
10:24:19.583 [main] DEBUG org.hibernate.orm.results - Extracted JDBC value [3] - [2025-06-06]
10:24:19.583 [main] DEBUG org.hibernate.orm.results - Extracted JDBC value [4] - [Manual Optimistic Lock Test]
10:24:19.583 [main] DEBUG org.hibernate.orm.results - Extracted JDBC value [5] - [2025-04-25]
10:24:19.583 [main] DEBUG org.hibernate.orm.results.loading.entity - (EntityResultInitializer) Done materializing entityInstance : org.frcpm.models.Project#177
10:24:19.583 [main] DEBUG org.hibernate.orm.results.loading - Calling top-level assembler (0 / 1) : org.hibernate.sql.results.graph.entity.internal.EntityAssembler@5baa7935
10:24:19.583 [main] DEBUG org.hibernate.resource.jdbc.internal.LogicalConnectionManagedImpl - Initiating JDBC connection release from afterTransaction
10:24:19.583 [main] DEBUG org.hibernate.orm.sql.exec - Skipping reading Query result cache data: cache-enabled = false, cache-mode = IGNORE
10:24:19.583 [main] DEBUG org.hibernate.orm.results - Initializer list:
	  org.frcpm.models.Project.meetings -> DelayedCollectionInitializer(org.frcpm.models.Project.meetings)@1645388968 (PluralAttribute(org.frcpm.models.Project.meetings))
	  org.frcpm.models.Project.tasks -> DelayedCollectionInitializer(org.frcpm.models.Project.tasks)@182841527 (PluralAttribute(org.frcpm.models.Project.tasks))
	  org.frcpm.models.Project -> EntityResultInitializer(org.frcpm.models.Project)@314793261 (SingleTableEntityPersister(org.frcpm.models.Project))
	  org.frcpm.models.Project.milestones -> DelayedCollectionInitializer(org.frcpm.models.Project.milestones)@438893969 (PluralAttribute(org.frcpm.models.Project.milestones))

10:24:19.583 [main] DEBUG org.hibernate.SQL - select p1_0.id,p1_0.description,p1_0.goal_end_date,p1_0.hard_deadline,p1_0.name,p1_0.start_date from projects p1_0 where p1_0.id=?
10:24:19.583 [main] DEBUG org.hibernate.orm.results.loading.entity - (EntityResultInitializer) Hydrated EntityKey (org.frcpm.models.Project): 177
10:24:19.583 [main] DEBUG org.hibernate.orm.results.loading.org.hibernate.orm.results.loading.collection - (DelayedCollectionInitializer) Current row collection key : org.frcpm.models.Project.meetings#177
10:24:19.583 [main] DEBUG org.hibernate.orm.results.loading.org.hibernate.orm.results.loading.collection - (DelayedCollectionInitializer) Current row collection key : org.frcpm.models.Project.milestones#177
10:24:19.583 [main] DEBUG org.hibernate.orm.results.loading.org.hibernate.orm.results.loading.collection - (DelayedCollectionInitializer) Current row collection key : org.frcpm.models.Project.tasks#177
10:24:19.583 [main] DEBUG org.hibernate.orm.results.loading.entity - (EntityResultInitializer) Created new entity instance [org.frcpm.models.Project#177] : 1074732759
10:24:19.583 [main] DEBUG org.hibernate.orm.results - Extracted JDBC value [1] - [VERSION:1]
10:24:19.583 [main] DEBUG org.hibernate.orm.results - Extracted JDBC value [2] - [2025-05-23]
10:24:19.583 [main] DEBUG org.hibernate.orm.results - Extracted JDBC value [3] - [2025-06-06]
10:24:19.583 [main] DEBUG org.hibernate.orm.results - Extracted JDBC value [4] - [Manual Optimistic Lock Test]
10:24:19.583 [main] DEBUG org.hibernate.orm.results - Extracted JDBC value [5] - [2025-04-25]
10:24:19.583 [main] DEBUG org.hibernate.orm.results.loading.entity - (EntityResultInitializer) Done materializing entityInstance : org.frcpm.models.Project#177
10:24:19.583 [main] DEBUG org.hibernate.orm.results.loading - Calling top-level assembler (0 / 1) : org.hibernate.sql.results.graph.entity.internal.EntityAssembler@29b4258f
10:24:19.583 [main] DEBUG org.hibernate.resource.jdbc.internal.LogicalConnectionManagedImpl - Initiating JDBC connection release from afterTransaction
10:24:19.583 [main] DEBUG org.hibernate.engine.transaction.internal.TransactionImpl - On TransactionImpl creation, JpaCompliance#isJpaTransactionComplianceEnabled == false
10:24:19.583 [main] DEBUG org.hibernate.engine.transaction.internal.TransactionImpl - begin
10:24:19.583 [main] DEBUG org.hibernate.orm.sql.ast.create - Created new SQL alias : p1_0
10:24:19.583 [main] DEBUG org.hibernate.orm.sql.ast.create - Registration of TableGroup [StandardTableGroup(org.frcpm.models.Project)] with identifierForTableGroup [org.frcpm.models.Project] for NavigablePath [org.frcpm.models.Project] 
10:24:19.583 [main] DEBUG org.hibernate.orm.sql.ast.create - Created new SQL alias : m1_0
10:24:19.583 [main] DEBUG org.hibernate.orm.sql.ast.create - Registration of TableGroup [org.hibernate.sql.ast.tree.from.OneToManyTableGroup@1b3b8bc] with identifierForTableGroup [org.frcpm.models.Project.meetings] for NavigablePath [org.frcpm.models.Project.meetings] 
10:24:19.583 [main] DEBUG org.hibernate.orm.sql.ast.create - Registration of TableGroup [StandardTableGroup(org.frcpm.models.Project.meetings.{element})] with identifierForTableGroup [org.frcpm.models.Project.meetings.{element}] for NavigablePath [org.frcpm.models.Project.meetings.{element}] 
10:24:19.583 [main] DEBUG org.hibernate.orm.sql.ast.create - Registration of TableGroup [org.hibernate.sql.ast.tree.from.LazyTableGroup@46251c1a] with identifierForTableGroup [org.frcpm.models.Project.meetings.{element}.project] for NavigablePath [org.frcpm.models.Project.meetings.{element}.project] 
10:24:19.583 [main] DEBUG org.hibernate.orm.results.graph.AST - DomainResult Graph:
 \-EntityResultImpl [org.frcpm.models.Project]
 |  +-BasicFetch [org.frcpm.models.Project.description]
 |  +-BasicFetch [org.frcpm.models.Project.goalEndDate]
 |  +-BasicFetch [org.frcpm.models.Project.hardDeadline]
 |  +-EagerCollectionFetch [org.frcpm.models.Project.meetings]
 |  |  \-EntityFetchJoinedImpl [org.frcpm.models.Project.meetings.{element}]
 |  +-SelectEagerCollectionFetch [org.frcpm.models.Project.milestones]
 |  +-BasicFetch [org.frcpm.models.Project.name]
 |  +-BasicFetch [org.frcpm.models.Project.startDate]
 |  \-SelectEagerCollectionFetch [org.frcpm.models.Project.tasks]

10:24:19.583 [main] DEBUG org.hibernate.orm.sql.ast.tree - SQL AST Tree:
    SelectStatement {
      FromClause {
        StandardTableGroup (p1 : org.frcpm.models.Project) {
          primaryTableReference : projects as p1_0
          TableGroupJoins {
            left  join OneToManyTableGroup (m1 : org.frcpm.models.Project.meetings) {
              primaryTableReference : meetings as m1_0
              TableGroupJoins {
                left  join LazyTableGroup (p2 : org.frcpm.models.Project.meetings.{element}.project) {
                }
              }
            }
          }
        }
      }
    }

10:24:19.584 [main] DEBUG org.hibernate.orm.sql.exec - Skipping reading Query result cache data: cache-enabled = false, cache-mode = IGNORE
10:24:19.584 [main] DEBUG org.hibernate.orm.results - Initializer list:
	  org.frcpm.models.Project.meetings -> BagInitializer(org.frcpm.models.Project.meetings)@1950123425 (PluralAttribute(org.frcpm.models.Project.meetings))
	  org.frcpm.models.Project.tasks -> SelectEagerCollectionInitializer(org.frcpm.models.Project.tasks)@1750513090 (PluralAttribute(org.frcpm.models.Project.tasks))
	  org.frcpm.models.Project.meetings.{element} -> EntityJoinedFetchInitializer(org.frcpm.models.Project.meetings.{element})@108896542 (EntityCollectionPart(org.frcpm.models.Project.meetings#{element})@1024414659)
	  org.frcpm.models.Project.meetings.{element}.attendances -> SelectEagerCollectionInitializer(org.frcpm.models.Project.meetings.{element}.attendances)@405802456 (PluralAttribute(org.frcpm.models.Meeting.attendances))
	  org.frcpm.models.Project -> EntityResultInitializer(org.frcpm.models.Project)@137466610 (SingleTableEntityPersister(org.frcpm.models.Project))
	  org.frcpm.models.Project.milestones -> SelectEagerCollectionInitializer(org.frcpm.models.Project.milestones)@1435815571 (PluralAttribute(org.frcpm.models.Project.milestones))

10:24:19.584 [main] DEBUG org.hibernate.SQL - select p1_0.id,p1_0.description,p1_0.goal_end_date,p1_0.hard_deadline,p1_0.name,p1_0.start_date,m1_0.project_id,m1_0.id,m1_0.date,m1_0.end_time,m1_0.notes,m1_0.start_time from projects p1_0 left join meetings m1_0 on p1_0.id=m1_0.project_id where p1_0.id=?
10:24:19.584 [main] DEBUG org.hibernate.orm.results.loading.entity - (EntityResultInitializer) Hydrated EntityKey (org.frcpm.models.Project): 177
10:24:19.585 [main] DEBUG org.hibernate.orm.results.loading.org.hibernate.orm.results.loading.collection - (BagInitializer) Current row collection key : org.frcpm.models.Project.meetings#177
10:24:19.585 [main] DEBUG org.hibernate.orm.results - Extracted JDBC value [6] - [null]
10:24:19.585 [main] DEBUG org.hibernate.orm.results - Extracted JDBC value [7] - [null]
10:24:19.585 [main] DEBUG org.hibernate.orm.results.loading.entity - (EntityJoinedFetchInitializer) EntityKey (org.frcpm.models.Project.meetings.{element}) is null
10:24:19.585 [main] DEBUG org.hibernate.orm.results.loading.org.hibernate.orm.results.loading.collection - (SelectEagerCollectionInitializer) Current row collection key : org.frcpm.models.Project.milestones#177
10:24:19.585 [main] DEBUG org.hibernate.orm.results.loading.org.hibernate.orm.results.loading.collection - (SelectEagerCollectionInitializer) Current row collection key : org.frcpm.models.Project.tasks#177
10:24:19.585 [main] DEBUG org.hibernate.orm.results.loading.entity - (EntityResultInitializer) Created new entity instance [org.frcpm.models.Project#177] : 586073235
10:24:19.585 [main] DEBUG org.hibernate.orm.results.loading.org.hibernate.orm.results.loading.collection - (BagInitializer) Created new collection wrapper [org.frcpm.models.Project.meetings#177] : org.hibernate.collection.spi.PersistentBag@1375561227
10:24:19.585 [main] DEBUG org.hibernate.orm.results.loading.org.hibernate.orm.results.loading.collection - (BagInitializer) Responsible for loading collection [org.frcpm.models.Project.meetings#177] : org.hibernate.collection.spi.PersistentBag@1375561227
10:24:19.585 [main] DEBUG org.hibernate.orm.results - Extracted JDBC value [1] - [VERSION:1]
10:24:19.585 [main] DEBUG org.hibernate.orm.results - Extracted JDBC value [2] - [2025-05-23]
10:24:19.585 [main] DEBUG org.hibernate.orm.results - Extracted JDBC value [3] - [2025-06-06]
10:24:19.585 [main] DEBUG org.hibernate.orm.results - Extracted JDBC value [4] - [Manual Optimistic Lock Test]
10:24:19.585 [main] DEBUG org.hibernate.orm.results - Extracted JDBC value [5] - [2025-04-25]
10:24:19.585 [main] DEBUG org.hibernate.orm.results.loading.entity - (EntityResultInitializer) Done materializing entityInstance : org.frcpm.models.Project#177
10:24:19.585 [main] DEBUG org.hibernate.orm.results.loading - Calling top-level assembler (0 / 1) : org.hibernate.sql.results.graph.entity.internal.EntityAssembler@29af36be
10:24:19.585 [main] DEBUG org.hibernate.sql.results.internal.ResultsHelper - Collection fully initialized: [org.frcpm.models.Project.meetings#177]
10:24:19.585 [main] DEBUG org.hibernate.orm.sql.exec - Skipping reading Query result cache data: cache-enabled = false, cache-mode = IGNORE
10:24:19.585 [main] DEBUG org.hibernate.orm.results - Initializer list:
	  org.frcpm.models.Project.tasks.{element}.assignedTo -> DelayedCollectionInitializer(org.frcpm.models.Project.tasks.{element}.assignedTo)@332972222 (PluralAttribute(org.frcpm.models.Task.assignedTo))
	  org.frcpm.models.Project.tasks.{element}.postDependencies -> DelayedCollectionInitializer(org.frcpm.models.Project.tasks.{element}.postDependencies)@1144833194 (PluralAttribute(org.frcpm.models.Task.postDependencies))
	  org.frcpm.models.Project.tasks.{element} -> EntityJoinedFetchInitializer(org.frcpm.models.Project.tasks.{element})@872617069 (EntityCollectionPart(org.frcpm.models.Project.tasks#{element})@1626692497)
	  org.frcpm.models.Project.tasks.{element}.requiredComponents -> DelayedCollectionInitializer(org.frcpm.models.Project.tasks.{element}.requiredComponents)@1682562709 (PluralAttribute(org.frcpm.models.Task.requiredComponents))
	  org.frcpm.models.Project.tasks.{element}.project -> EntityDelayedFetchInitializer(org.frcpm.models.Project.tasks.{element}.project)@834744210 (ToOneAttributeMapping(NavigableRole[org.frcpm.models.Task.project])@1805322706)
	  org.frcpm.models.Project.tasks.{element}.subsystem -> EntityDelayedFetchInitializer(org.frcpm.models.Project.tasks.{element}.subsystem)@335197332 (ToOneAttributeMapping(NavigableRole[org.frcpm.models.Task.subsystem])@1930513173)
	  org.frcpm.models.Project.tasks.{element}.preDependencies -> DelayedCollectionInitializer(org.frcpm.models.Project.tasks.{element}.preDependencies)@1073117946 (PluralAttribute(org.frcpm.models.Task.preDependencies))
	  org.frcpm.models.Project.tasks -> BagInitializer(org.frcpm.models.Project.tasks)@367113959 (PluralAttribute(org.frcpm.models.Project.tasks))

10:24:19.585 [main] DEBUG org.hibernate.SQL - select t1_0.project_id,t1_0.id,t1_0.actual_duration_seconds,t1_0.completed,t1_0.description,t1_0.end_date,t1_0.estimated_duration_seconds,t1_0.priority,t1_0.progress,t1_0.start_date,t1_0.subsystem_id,t1_0.title from tasks t1_0 where t1_0.project_id=?
10:24:19.585 [main] DEBUG org.hibernate.sql.results.internal.ResultsHelper - Collection fully initialized: [org.frcpm.models.Project.tasks#177]
10:24:19.585 [main] DEBUG org.hibernate.orm.sql.exec - Skipping reading Query result cache data: cache-enabled = false, cache-mode = IGNORE
10:24:19.585 [main] DEBUG org.hibernate.orm.results - Initializer list:
	  org.frcpm.models.Project.milestones.{element}.project -> EntityDelayedFetchInitializer(org.frcpm.models.Project.milestones.{element}.project)@1733390181 (ToOneAttributeMapping(NavigableRole[org.frcpm.models.Milestone.project])@572438520)
	  org.frcpm.models.Project.milestones.{element} -> EntityJoinedFetchInitializer(org.frcpm.models.Project.milestones.{element})@2141170662 (EntityCollectionPart(org.frcpm.models.Project.milestones#{element})@281564011)
	  org.frcpm.models.Project.milestones -> BagInitializer(org.frcpm.models.Project.milestones)@2000708981 (PluralAttribute(org.frcpm.models.Project.milestones))

10:24:19.585 [main] DEBUG org.hibernate.SQL - select m1_0.project_id,m1_0.id,m1_0.date,m1_0.description,m1_0.name from milestones m1_0 where m1_0.project_id=?
10:24:19.585 [main] DEBUG org.hibernate.sql.results.internal.ResultsHelper - Collection fully initialized: [org.frcpm.models.Project.milestones#177]
10:24:19.585 [main] DEBUG org.hibernate.event.internal.AbstractFlushingEventListener - Processing flush-time cascades
10:24:19.585 [main] DEBUG org.hibernate.event.internal.AbstractFlushingEventListener - Dirty checking collections
10:24:19.585 [main] DEBUG org.hibernate.engine.internal.Collections - Collection found: [org.frcpm.models.Project.meetings#177], was: [org.frcpm.models.Project.meetings#177] (initialized)
10:24:19.585 [main] DEBUG org.hibernate.engine.internal.Collections - Collection found: [org.frcpm.models.Project.milestones#177], was: [org.frcpm.models.Project.milestones#177] (initialized)
10:24:19.585 [main] DEBUG org.hibernate.engine.internal.Collections - Collection found: [org.frcpm.models.Project.tasks#177], was: [org.frcpm.models.Project.tasks#177] (initialized)
10:24:19.585 [main] DEBUG org.hibernate.event.internal.AbstractFlushingEventListener - Flushed: 0 insertions, 1 updates, 0 deletions to 1 objects
10:24:19.585 [main] DEBUG org.hibernate.event.internal.AbstractFlushingEventListener - Flushed: 0 (re)creations, 0 updates, 0 removals to 3 collections
10:24:19.585 [main] DEBUG org.hibernate.internal.util.EntityPrinter - Listing entities:
10:24:19.585 [main] DEBUG org.hibernate.internal.util.EntityPrinter - org.frcpm.models.Project{hardDeadline=2025-06-06, name=Modified in Second Transaction, description=VERSION:2, meetings=[], id=177, goalEndDate=2025-05-23, milestones=[], startDate=2025-04-25, tasks=[]}
10:24:19.585 [main] DEBUG org.hibernate.SQL - update projects set description=?,goal_end_date=?,hard_deadline=?,name=?,start_date=? where id=?
10:24:19.586 [main] DEBUG org.hibernate.orm.jdbc.batch - PreparedStatementDetails did not contain PreparedStatement on #releaseStatements : update projects set description=?,goal_end_date=?,hard_deadline=?,name=?,start_date=? where id=?
10:24:19.586 [main] DEBUG org.hibernate.engine.transaction.internal.TransactionImpl - committing
10:24:19.586 [main] DEBUG org.hibernate.event.internal.AbstractFlushingEventListener - Processing flush-time cascades
10:24:19.586 [main] DEBUG org.hibernate.event.internal.AbstractFlushingEventListener - Dirty checking collections
10:24:19.586 [main] DEBUG org.hibernate.engine.internal.Collections - Collection found: [org.frcpm.models.Project.meetings#177], was: [org.frcpm.models.Project.meetings#177] (initialized)
10:24:19.586 [main] DEBUG org.hibernate.engine.internal.Collections - Collection found: [org.frcpm.models.Project.milestones#177], was: [org.frcpm.models.Project.milestones#177] (initialized)
10:24:19.586 [main] DEBUG org.hibernate.engine.internal.Collections - Collection found: [org.frcpm.models.Project.tasks#177], was: [org.frcpm.models.Project.tasks#177] (initialized)
10:24:19.586 [main] DEBUG org.hibernate.event.internal.AbstractFlushingEventListener - Flushed: 0 insertions, 0 updates, 0 deletions to 1 objects
10:24:19.586 [main] DEBUG org.hibernate.event.internal.AbstractFlushingEventListener - Flushed: 0 (re)creations, 0 updates, 0 removals to 3 collections
10:24:19.586 [main] DEBUG org.hibernate.internal.util.EntityPrinter - Listing entities:
10:24:19.586 [main] DEBUG org.hibernate.internal.util.EntityPrinter - org.frcpm.models.Project{hardDeadline=2025-06-06, name=Modified in Second Transaction, description=VERSION:2, meetings=[], id=177, goalEndDate=2025-05-23, milestones=[], startDate=2025-04-25, tasks=[]}
10:24:19.586 [main] DEBUG org.hibernate.orm.jdbc.batch - PreparedStatementDetails did not contain PreparedStatement on #releaseStatements : update projects set description=?,goal_end_date=?,hard_deadline=?,name=?,start_date=? where id=?
10:24:19.586 [main] DEBUG org.hibernate.resource.jdbc.internal.LogicalConnectionManagedImpl - Initiating JDBC connection release from afterTransaction
10:24:19.586 [main] DEBUG org.hibernate.orm.jdbc.batch - PreparedStatementDetails did not contain PreparedStatement on #releaseStatements : update projects set description=?,goal_end_date=?,hard_deadline=?,name=?,start_date=? where id=?
10:24:19.586 [main] DEBUG org.hibernate.orm.jdbc.batch - PreparedStatementDetails did not contain PreparedStatement on #releaseStatements : update projects set description=?,goal_end_date=?,hard_deadline=?,name=?,start_date=? where id=?
10:24:19.586 [main] DEBUG org.hibernate.resource.jdbc.internal.LogicalConnectionManagedImpl - Initiating JDBC connection release from afterTransaction
10:24:19.586 [main] DEBUG org.hibernate.engine.jdbc.internal.JdbcCoordinatorImpl - HHH000420: Closing un-released batch
10:24:19.586 [main] DEBUG org.hibernate.orm.jdbc.batch - PreparedStatementDetails did not contain PreparedStatement on #releaseStatements : update projects set description=?,goal_end_date=?,hard_deadline=?,name=?,start_date=? where id=?
10:24:19.586 [main] DEBUG org.hibernate.orm.jdbc.batch - PreparedStatementDetails did not contain PreparedStatement on #releaseStatements : update projects set description=?,goal_end_date=?,hard_deadline=?,name=?,start_date=? where id=?
10:24:19.586 [main] DEBUG org.hibernate.orm.sql.exec - Skipping reading Query result cache data: cache-enabled = false, cache-mode = IGNORE
10:24:19.586 [main] DEBUG org.hibernate.orm.results - Initializer list:
	  org.frcpm.models.Project.meetings -> DelayedCollectionInitializer(org.frcpm.models.Project.meetings)@1633811374 (PluralAttribute(org.frcpm.models.Project.meetings))
	  org.frcpm.models.Project.tasks -> DelayedCollectionInitializer(org.frcpm.models.Project.tasks)@1225833208 (PluralAttribute(org.frcpm.models.Project.tasks))
	  org.frcpm.models.Project -> EntityResultInitializer(org.frcpm.models.Project)@1055535351 (SingleTableEntityPersister(org.frcpm.models.Project))
	  org.frcpm.models.Project.milestones -> DelayedCollectionInitializer(org.frcpm.models.Project.milestones)@1502487300 (PluralAttribute(org.frcpm.models.Project.milestones))

10:24:19.586 [main] DEBUG org.hibernate.SQL - select p1_0.id,p1_0.description,p1_0.goal_end_date,p1_0.hard_deadline,p1_0.name,p1_0.start_date from projects p1_0 where p1_0.id=?
10:24:19.586 [main] DEBUG org.hibernate.orm.results.loading.entity - (EntityResultInitializer) Hydrated EntityKey (org.frcpm.models.Project): 177
10:24:19.586 [main] DEBUG org.hibernate.orm.results.loading.org.hibernate.orm.results.loading.collection - (DelayedCollectionInitializer) Current row collection key : org.frcpm.models.Project.meetings#177
10:24:19.586 [main] DEBUG org.hibernate.orm.results.loading.org.hibernate.orm.results.loading.collection - (DelayedCollectionInitializer) Current row collection key : org.frcpm.models.Project.milestones#177
10:24:19.586 [main] DEBUG org.hibernate.orm.results.loading.org.hibernate.orm.results.loading.collection - (DelayedCollectionInitializer) Current row collection key : org.frcpm.models.Project.tasks#177
10:24:19.586 [main] DEBUG org.hibernate.orm.results.loading.entity - (EntityResultInitializer) Created new entity instance [org.frcpm.models.Project#177] : 341134956
10:24:19.586 [main] DEBUG org.hibernate.orm.results - Extracted JDBC value [1] - [VERSION:2]
10:24:19.586 [main] DEBUG org.hibernate.orm.results - Extracted JDBC value [2] - [2025-05-23]
10:24:19.586 [main] DEBUG org.hibernate.orm.results - Extracted JDBC value [3] - [2025-06-06]
10:24:19.586 [main] DEBUG org.hibernate.orm.results - Extracted JDBC value [4] - [Modified in Second Transaction]
10:24:19.586 [main] DEBUG org.hibernate.orm.results - Extracted JDBC value [5] - [2025-04-25]
10:24:19.586 [main] DEBUG org.hibernate.orm.results.loading.entity - (EntityResultInitializer) Done materializing entityInstance : org.frcpm.models.Project#177
10:24:19.586 [main] DEBUG org.hibernate.orm.results.loading - Calling top-level assembler (0 / 1) : org.hibernate.sql.results.graph.entity.internal.EntityAssembler@13326d72
10:24:19.586 [main] DEBUG org.hibernate.resource.jdbc.internal.LogicalConnectionManagedImpl - Initiating JDBC connection release from afterTransaction
10:24:19.586 [main] DEBUG org.hibernate.orm.sql.exec - Skipping reading Query result cache data: cache-enabled = false, cache-mode = IGNORE
10:24:19.586 [main] DEBUG org.hibernate.orm.results - Initializer list:
	  org.frcpm.models.Project.meetings -> DelayedCollectionInitializer(org.frcpm.models.Project.meetings)@1903430180 (PluralAttribute(org.frcpm.models.Project.meetings))
	  org.frcpm.models.Project.tasks -> DelayedCollectionInitializer(org.frcpm.models.Project.tasks)@1500237316 (PluralAttribute(org.frcpm.models.Project.tasks))
	  org.frcpm.models.Project -> EntityResultInitializer(org.frcpm.models.Project)@666575844 (SingleTableEntityPersister(org.frcpm.models.Project))
	  org.frcpm.models.Project.milestones -> DelayedCollectionInitializer(org.frcpm.models.Project.milestones)@669156252 (PluralAttribute(org.frcpm.models.Project.milestones))

10:24:19.586 [main] DEBUG org.hibernate.SQL - select p1_0.id,p1_0.description,p1_0.goal_end_date,p1_0.hard_deadline,p1_0.name,p1_0.start_date from projects p1_0 where p1_0.id=?
10:24:19.586 [main] DEBUG org.hibernate.orm.results.loading.entity - (EntityResultInitializer) Hydrated EntityKey (org.frcpm.models.Project): 177
10:24:19.586 [main] DEBUG org.hibernate.orm.results.loading.org.hibernate.orm.results.loading.collection - (DelayedCollectionInitializer) Current row collection key : org.frcpm.models.Project.meetings#177
10:24:19.586 [main] DEBUG org.hibernate.orm.results.loading.org.hibernate.orm.results.loading.collection - (DelayedCollectionInitializer) Current row collection key : org.frcpm.models.Project.milestones#177
10:24:19.586 [main] DEBUG org.hibernate.orm.results.loading.org.hibernate.orm.results.loading.collection - (DelayedCollectionInitializer) Current row collection key : org.frcpm.models.Project.tasks#177
10:24:19.586 [main] DEBUG org.hibernate.orm.results.loading.entity - (EntityResultInitializer) Created new entity instance [org.frcpm.models.Project#177] : 256957056
10:24:19.586 [main] DEBUG org.hibernate.orm.results - Extracted JDBC value [1] - [VERSION:2]
10:24:19.586 [main] DEBUG org.hibernate.orm.results - Extracted JDBC value [2] - [2025-05-23]
10:24:19.586 [main] DEBUG org.hibernate.orm.results - Extracted JDBC value [3] - [2025-06-06]
10:24:19.586 [main] DEBUG org.hibernate.orm.results - Extracted JDBC value [4] - [Modified in Second Transaction]
10:24:19.586 [main] DEBUG org.hibernate.orm.results - Extracted JDBC value [5] - [2025-04-25]
10:24:19.586 [main] DEBUG org.hibernate.orm.results.loading.entity - (EntityResultInitializer) Done materializing entityInstance : org.frcpm.models.Project#177
10:24:19.586 [main] DEBUG org.hibernate.orm.results.loading - Calling top-level assembler (0 / 1) : org.hibernate.sql.results.graph.entity.internal.EntityAssembler@5535e589
10:24:19.586 [main] DEBUG org.hibernate.resource.jdbc.internal.LogicalConnectionManagedImpl - Initiating JDBC connection release from afterTransaction
10:24:19.586 [main] DEBUG org.hibernate.engine.transaction.internal.TransactionImpl - On TransactionImpl creation, JpaCompliance#isJpaTransactionComplianceEnabled == false
10:24:19.586 [main] DEBUG org.hibernate.engine.transaction.internal.TransactionImpl - begin
10:24:19.587 [main] DEBUG org.hibernate.orm.sql.exec - Skipping reading Query result cache data: cache-enabled = false, cache-mode = IGNORE
10:24:19.587 [main] DEBUG org.hibernate.orm.results - Initializer list:
	  org.frcpm.models.Project.meetings -> DelayedCollectionInitializer(org.frcpm.models.Project.meetings)@55224404 (PluralAttribute(org.frcpm.models.Project.meetings))
	  org.frcpm.models.Project.tasks -> DelayedCollectionInitializer(org.frcpm.models.Project.tasks)@713898689 (PluralAttribute(org.frcpm.models.Project.tasks))
	  org.frcpm.models.Project -> EntityResultInitializer(org.frcpm.models.Project)@867046852 (SingleTableEntityPersister(org.frcpm.models.Project))
	  org.frcpm.models.Project.milestones -> DelayedCollectionInitializer(org.frcpm.models.Project.milestones)@1229830037 (PluralAttribute(org.frcpm.models.Project.milestones))

10:24:19.587 [main] DEBUG org.hibernate.SQL - select p1_0.id,p1_0.description,p1_0.goal_end_date,p1_0.hard_deadline,p1_0.name,p1_0.start_date from projects p1_0 where p1_0.id=?
10:24:19.587 [main] DEBUG org.hibernate.orm.results.loading.entity - (EntityResultInitializer) Hydrated EntityKey (org.frcpm.models.Project): 177
10:24:19.587 [main] DEBUG org.hibernate.orm.results.loading.org.hibernate.orm.results.loading.collection - (DelayedCollectionInitializer) Current row collection key : org.frcpm.models.Project.meetings#177
10:24:19.587 [main] DEBUG org.hibernate.orm.results.loading.org.hibernate.orm.results.loading.collection - (DelayedCollectionInitializer) Current row collection key : org.frcpm.models.Project.milestones#177
10:24:19.587 [main] DEBUG org.hibernate.orm.results.loading.org.hibernate.orm.results.loading.collection - (DelayedCollectionInitializer) Current row collection key : org.frcpm.models.Project.tasks#177
10:24:19.587 [main] DEBUG org.hibernate.orm.results.loading.entity - (EntityResultInitializer) Created new entity instance [org.frcpm.models.Project#177] : 533265041
10:24:19.587 [main] DEBUG org.hibernate.orm.results - Extracted JDBC value [1] - [VERSION:2]
10:24:19.587 [main] DEBUG org.hibernate.orm.results - Extracted JDBC value [2] - [2025-05-23]
10:24:19.587 [main] DEBUG org.hibernate.orm.results - Extracted JDBC value [3] - [2025-06-06]
10:24:19.587 [main] DEBUG org.hibernate.orm.results - Extracted JDBC value [4] - [Modified in Second Transaction]
10:24:19.587 [main] DEBUG org.hibernate.orm.results - Extracted JDBC value [5] - [2025-04-25]
10:24:19.587 [main] DEBUG org.hibernate.orm.results.loading.entity - (EntityResultInitializer) Done materializing entityInstance : org.frcpm.models.Project#177
10:24:19.587 [main] DEBUG org.hibernate.orm.results.loading - Calling top-level assembler (0 / 1) : org.hibernate.sql.results.graph.entity.internal.EntityAssembler@63914454
10:24:19.587 [main] DEBUG org.hibernate.orm.sql.exec - Skipping reading Query result cache data: cache-enabled = false, cache-mode = IGNORE
10:24:19.587 [main] DEBUG org.hibernate.orm.results - Initializer list:
	  org.frcpm.models.Project.meetings -> BagInitializer(org.frcpm.models.Project.meetings)@820018643 (PluralAttribute(org.frcpm.models.Project.meetings))
	  org.frcpm.models.Project.meetings.{element}.project -> EntityDelayedFetchInitializer(org.frcpm.models.Project.meetings.{element}.project)@1470784546 (ToOneAttributeMapping(NavigableRole[org.frcpm.models.Meeting.project])@437432136)
	  org.frcpm.models.Project.meetings.{element} -> EntityJoinedFetchInitializer(org.frcpm.models.Project.meetings.{element})@1157824735 (EntityCollectionPart(org.frcpm.models.Project.meetings#{element})@1024414659)
	  org.frcpm.models.Project.meetings.{element}.attendances -> DelayedCollectionInitializer(org.frcpm.models.Project.meetings.{element}.attendances)@744054735 (PluralAttribute(org.frcpm.models.Meeting.attendances))

10:24:19.587 [main] DEBUG org.hibernate.SQL - select m1_0.project_id,m1_0.id,m1_0.date,m1_0.end_time,m1_0.notes,m1_0.start_time from meetings m1_0 where m1_0.project_id=?
10:24:19.587 [main] DEBUG org.hibernate.sql.results.internal.ResultsHelper - Collection fully initialized: [org.frcpm.models.Project.meetings#177]
10:24:19.587 [main] DEBUG org.hibernate.orm.sql.exec - Skipping reading Query result cache data: cache-enabled = false, cache-mode = IGNORE
10:24:19.587 [main] DEBUG org.hibernate.orm.results - Initializer list:
	  org.frcpm.models.Project.milestones.{element}.project -> EntityDelayedFetchInitializer(org.frcpm.models.Project.milestones.{element}.project)@1186177938 (ToOneAttributeMapping(NavigableRole[org.frcpm.models.Milestone.project])@572438520)
	  org.frcpm.models.Project.milestones.{element} -> EntityJoinedFetchInitializer(org.frcpm.models.Project.milestones.{element})@544357292 (EntityCollectionPart(org.frcpm.models.Project.milestones#{element})@281564011)
	  org.frcpm.models.Project.milestones -> BagInitializer(org.frcpm.models.Project.milestones)@447181281 (PluralAttribute(org.frcpm.models.Project.milestones))

10:24:19.587 [main] DEBUG org.hibernate.SQL - select m1_0.project_id,m1_0.id,m1_0.date,m1_0.description,m1_0.name from milestones m1_0 where m1_0.project_id=?
10:24:19.587 [main] DEBUG org.hibernate.sql.results.internal.ResultsHelper - Collection fully initialized: [org.frcpm.models.Project.milestones#177]
10:24:19.587 [main] DEBUG org.hibernate.orm.sql.exec - Skipping reading Query result cache data: cache-enabled = false, cache-mode = IGNORE
10:24:19.587 [main] DEBUG org.hibernate.orm.results - Initializer list:
	  org.frcpm.models.Project.tasks.{element}.assignedTo -> DelayedCollectionInitializer(org.frcpm.models.Project.tasks.{element}.assignedTo)@831101272 (PluralAttribute(org.frcpm.models.Task.assignedTo))
	  org.frcpm.models.Project.tasks.{element}.postDependencies -> DelayedCollectionInitializer(org.frcpm.models.Project.tasks.{element}.postDependencies)@276881137 (PluralAttribute(org.frcpm.models.Task.postDependencies))
	  org.frcpm.models.Project.tasks.{element} -> EntityJoinedFetchInitializer(org.frcpm.models.Project.tasks.{element})@1416922859 (EntityCollectionPart(org.frcpm.models.Project.tasks#{element})@1626692497)
	  org.frcpm.models.Project.tasks.{element}.requiredComponents -> DelayedCollectionInitializer(org.frcpm.models.Project.tasks.{element}.requiredComponents)@1874158557 (PluralAttribute(org.frcpm.models.Task.requiredComponents))
	  org.frcpm.models.Project.tasks.{element}.project -> EntityDelayedFetchInitializer(org.frcpm.models.Project.tasks.{element}.project)@302740522 (ToOneAttributeMapping(NavigableRole[org.frcpm.models.Task.project])@1805322706)
	  org.frcpm.models.Project.tasks.{element}.subsystem -> EntityDelayedFetchInitializer(org.frcpm.models.Project.tasks.{element}.subsystem)@82462668 (ToOneAttributeMapping(NavigableRole[org.frcpm.models.Task.subsystem])@1930513173)
	  org.frcpm.models.Project.tasks.{element}.preDependencies -> DelayedCollectionInitializer(org.frcpm.models.Project.tasks.{element}.preDependencies)@1952045668 (PluralAttribute(org.frcpm.models.Task.preDependencies))
	  org.frcpm.models.Project.tasks -> BagInitializer(org.frcpm.models.Project.tasks)@808903865 (PluralAttribute(org.frcpm.models.Project.tasks))

10:24:19.587 [main] DEBUG org.hibernate.SQL - select t1_0.project_id,t1_0.id,t1_0.actual_duration_seconds,t1_0.completed,t1_0.description,t1_0.end_date,t1_0.estimated_duration_seconds,t1_0.priority,t1_0.progress,t1_0.start_date,t1_0.subsystem_id,t1_0.title from tasks t1_0 where t1_0.project_id=?
10:24:19.587 [main] DEBUG org.hibernate.sql.results.internal.ResultsHelper - Collection fully initialized: [org.frcpm.models.Project.tasks#177]
10:24:19.587 [main] DEBUG org.hibernate.engine.transaction.internal.TransactionImpl - committing
10:24:19.587 [main] DEBUG org.hibernate.event.internal.AbstractFlushingEventListener - Processing flush-time cascades
10:24:19.587 [main] DEBUG org.hibernate.event.internal.AbstractFlushingEventListener - Dirty checking collections
10:24:19.587 [main] DEBUG org.hibernate.engine.internal.Collections - Collection dereferenced: [org.frcpm.models.Project.meetings#177]
10:24:19.587 [main] DEBUG org.hibernate.engine.internal.Collections - Collection dereferenced: [org.frcpm.models.Project.milestones#177]
10:24:19.587 [main] DEBUG org.hibernate.engine.internal.Collections - Collection dereferenced: [org.frcpm.models.Project.tasks#177]
10:24:19.587 [main] DEBUG org.hibernate.event.internal.AbstractFlushingEventListener - Flushed: 0 insertions, 0 updates, 1 deletions to 1 objects
10:24:19.587 [main] DEBUG org.hibernate.event.internal.AbstractFlushingEventListener - Flushed: 0 (re)creations, 0 updates, 3 removals to 3 collections
10:24:19.587 [main] DEBUG org.hibernate.internal.util.EntityPrinter - Listing entities:
10:24:19.587 [main] DEBUG org.hibernate.internal.util.EntityPrinter - org.frcpm.models.Project{hardDeadline=2025-06-06, name=Modified in Second Transaction, description=VERSION:2, meetings=[], id=177, goalEndDate=2025-05-23, milestones=[], startDate=2025-04-25, tasks=[]}
10:24:19.587 [main] DEBUG org.hibernate.SQL - delete from projects where id=?
10:24:19.588 [main] DEBUG org.hibernate.orm.jdbc.batch - PreparedStatementDetails did not contain PreparedStatement on #releaseStatements : delete from projects where id=?
10:24:19.588 [main] DEBUG org.hibernate.orm.jdbc.batch - PreparedStatementDetails did not contain PreparedStatement on #releaseStatements : delete from projects where id=?
10:24:19.588 [main] DEBUG org.hibernate.resource.jdbc.internal.LogicalConnectionManagedImpl - Initiating JDBC connection release from afterTransaction
10:24:19.588 [main] DEBUG org.hibernate.orm.jdbc.batch - PreparedStatementDetails did not contain PreparedStatement on #releaseStatements : delete from projects where id=?
10:24:19.588 [main] DEBUG org.hibernate.orm.jdbc.batch - PreparedStatementDetails did not contain PreparedStatement on #releaseStatements : delete from projects where id=?
10:24:19.588 [main] DEBUG org.hibernate.resource.jdbc.internal.LogicalConnectionManagedImpl - Initiating JDBC connection release from afterTransaction
10:24:19.588 [main] DEBUG org.hibernate.engine.jdbc.internal.JdbcCoordinatorImpl - HHH000420: Closing un-released batch
10:24:19.588 [main] DEBUG org.hibernate.orm.jdbc.batch - PreparedStatementDetails did not contain PreparedStatement on #releaseStatements : delete from projects where id=?
10:24:19.588 [main] DEBUG org.hibernate.orm.jdbc.batch - PreparedStatementDetails did not contain PreparedStatement on #releaseStatements : delete from projects where id=?
]]></system-out>
    <system-err><![CDATA[Apr 25, 2025 10:24:19 AM org.frcpm.repositories.ConcurrencyTest testOptimisticLocking
INFO: Testing optimistic locking...
Apr 25, 2025 10:24:19 AM org.frcpm.repositories.ConcurrencyTest testOptimisticLocking
INFO: No version field found in Project entity, using manual version checking
]]></system-err>
  </testcase>
  <testcase name="testTransactionIsolation" classname="org.frcpm.repositories.ConcurrencyTest" time="1.025">
    <system-out><![CDATA[10:24:19.588 [main] DEBUG org.hibernate.engine.transaction.internal.TransactionImpl - On TransactionImpl creation, JpaCompliance#isJpaTransactionComplianceEnabled == false
10:24:19.588 [main] DEBUG org.hibernate.engine.transaction.internal.TransactionImpl - begin
10:24:19.589 [main] DEBUG org.hibernate.engine.spi.ActionQueue - Executing identity-insert immediately
10:24:19.589 [main] DEBUG org.hibernate.SQL - insert into projects (description,goal_end_date,hard_deadline,name,start_date,id) values (?,?,?,?,?,default)
10:24:19.589 [main] DEBUG org.hibernate.orm.results - Initializer list is empty
10:24:19.589 [main] DEBUG org.hibernate.orm.results.loading - Calling top-level assembler (0 / 1) : org.hibernate.sql.results.graph.basic.BasicResultAssembler@58843e7f
10:24:19.589 [main] DEBUG org.hibernate.orm.results - Extracted JDBC value [0] - [178]
10:24:19.589 [main] DEBUG org.hibernate.id.IdentifierGeneratorHelper - Extracted generated values [org.frcpm.models.Project]: [Ljava.lang.Object;@3f43af2a
10:24:19.589 [main] DEBUG org.hibernate.event.internal.AbstractFlushingEventListener - Processing flush-time cascades
10:24:19.589 [main] DEBUG org.hibernate.event.internal.AbstractFlushingEventListener - Dirty checking collections
10:24:19.590 [main] DEBUG org.hibernate.engine.internal.Collections - Collection found: [org.frcpm.models.Project.meetings#178], was: [<unreferenced>] (initialized)
10:24:19.590 [main] DEBUG org.hibernate.engine.internal.Collections - Collection found: [org.frcpm.models.Project.milestones#178], was: [<unreferenced>] (initialized)
10:24:19.590 [main] DEBUG org.hibernate.engine.internal.Collections - Collection found: [org.frcpm.models.Project.tasks#178], was: [<unreferenced>] (initialized)
10:24:19.590 [main] DEBUG org.hibernate.event.internal.AbstractFlushingEventListener - Flushed: 0 insertions, 0 updates, 0 deletions to 1 objects
10:24:19.590 [main] DEBUG org.hibernate.event.internal.AbstractFlushingEventListener - Flushed: 3 (re)creations, 0 updates, 0 removals to 3 collections
10:24:19.590 [main] DEBUG org.hibernate.internal.util.EntityPrinter - Listing entities:
10:24:19.590 [main] DEBUG org.hibernate.internal.util.EntityPrinter - org.frcpm.models.Project{hardDeadline=2025-06-06, name=Isolation Test Project, description=Original description, meetings=[], id=178, goalEndDate=2025-05-23, milestones=[], startDate=2025-04-25, tasks=[]}
10:24:19.590 [main] DEBUG org.hibernate.engine.transaction.internal.TransactionImpl - committing
10:24:19.590 [main] DEBUG org.hibernate.event.internal.AbstractFlushingEventListener - Processing flush-time cascades
10:24:19.590 [main] DEBUG org.hibernate.event.internal.AbstractFlushingEventListener - Dirty checking collections
10:24:19.590 [main] DEBUG org.hibernate.engine.internal.Collections - Collection found: [org.frcpm.models.Project.meetings#178], was: [org.frcpm.models.Project.meetings#178] (initialized)
10:24:19.590 [main] DEBUG org.hibernate.engine.internal.Collections - Collection found: [org.frcpm.models.Project.milestones#178], was: [org.frcpm.models.Project.milestones#178] (initialized)
10:24:19.590 [main] DEBUG org.hibernate.engine.internal.Collections - Collection found: [org.frcpm.models.Project.tasks#178], was: [org.frcpm.models.Project.tasks#178] (initialized)
10:24:19.590 [main] DEBUG org.hibernate.event.internal.AbstractFlushingEventListener - Flushed: 0 insertions, 0 updates, 0 deletions to 1 objects
10:24:19.590 [main] DEBUG org.hibernate.event.internal.AbstractFlushingEventListener - Flushed: 0 (re)creations, 0 updates, 0 removals to 3 collections
10:24:19.590 [main] DEBUG org.hibernate.internal.util.EntityPrinter - Listing entities:
10:24:19.590 [main] DEBUG org.hibernate.internal.util.EntityPrinter - org.frcpm.models.Project{hardDeadline=2025-06-06, name=Isolation Test Project, description=Original description, meetings=[], id=178, goalEndDate=2025-05-23, milestones=[], startDate=2025-04-25, tasks=[]}
10:24:19.590 [main] DEBUG org.hibernate.resource.jdbc.internal.LogicalConnectionManagedImpl - Initiating JDBC connection release from afterTransaction
10:24:19.590 [main] DEBUG org.hibernate.resource.jdbc.internal.LogicalConnectionManagedImpl - Initiating JDBC connection release from afterTransaction
10:24:19.592 [pool-6-thread-1] DEBUG org.hibernate.engine.transaction.internal.TransactionImpl - On TransactionImpl creation, JpaCompliance#isJpaTransactionComplianceEnabled == false
10:24:19.592 [pool-6-thread-1] DEBUG org.hibernate.engine.transaction.internal.TransactionImpl - begin
10:24:19.592 [pool-6-thread-1] DEBUG org.hibernate.orm.sql.exec - Skipping reading Query result cache data: cache-enabled = false, cache-mode = IGNORE
10:24:19.592 [pool-6-thread-1] DEBUG org.hibernate.orm.results - Initializer list:
	  org.frcpm.models.Project.meetings -> DelayedCollectionInitializer(org.frcpm.models.Project.meetings)@1306583904 (PluralAttribute(org.frcpm.models.Project.meetings))
	  org.frcpm.models.Project.tasks -> DelayedCollectionInitializer(org.frcpm.models.Project.tasks)@1126634668 (PluralAttribute(org.frcpm.models.Project.tasks))
	  org.frcpm.models.Project -> EntityResultInitializer(org.frcpm.models.Project)@1192790032 (SingleTableEntityPersister(org.frcpm.models.Project))
	  org.frcpm.models.Project.milestones -> DelayedCollectionInitializer(org.frcpm.models.Project.milestones)@35266199 (PluralAttribute(org.frcpm.models.Project.milestones))

10:24:19.592 [pool-6-thread-1] DEBUG org.hibernate.SQL - select p1_0.id,p1_0.description,p1_0.goal_end_date,p1_0.hard_deadline,p1_0.name,p1_0.start_date from projects p1_0 where p1_0.id=?
10:24:19.592 [pool-6-thread-1] DEBUG org.hibernate.orm.results.loading.entity - (EntityResultInitializer) Hydrated EntityKey (org.frcpm.models.Project): 178
10:24:19.592 [pool-6-thread-1] DEBUG org.hibernate.orm.results.loading.org.hibernate.orm.results.loading.collection - (DelayedCollectionInitializer) Current row collection key : org.frcpm.models.Project.meetings#178
10:24:19.592 [pool-6-thread-1] DEBUG org.hibernate.orm.results.loading.org.hibernate.orm.results.loading.collection - (DelayedCollectionInitializer) Current row collection key : org.frcpm.models.Project.milestones#178
10:24:19.592 [pool-6-thread-1] DEBUG org.hibernate.orm.results.loading.org.hibernate.orm.results.loading.collection - (DelayedCollectionInitializer) Current row collection key : org.frcpm.models.Project.tasks#178
10:24:19.592 [pool-6-thread-1] DEBUG org.hibernate.orm.results.loading.entity - (EntityResultInitializer) Created new entity instance [org.frcpm.models.Project#178] : 1647698392
10:24:19.592 [pool-6-thread-1] DEBUG org.hibernate.orm.results - Extracted JDBC value [1] - [Original description]
10:24:19.592 [pool-6-thread-1] DEBUG org.hibernate.orm.results - Extracted JDBC value [2] - [2025-05-23]
10:24:19.592 [pool-6-thread-1] DEBUG org.hibernate.orm.results - Extracted JDBC value [3] - [2025-06-06]
10:24:19.593 [pool-6-thread-1] DEBUG org.hibernate.orm.results - Extracted JDBC value [4] - [Isolation Test Project]
10:24:19.593 [pool-6-thread-1] DEBUG org.hibernate.orm.results - Extracted JDBC value [5] - [2025-04-25]
10:24:19.593 [pool-6-thread-1] DEBUG org.hibernate.orm.results.loading.entity - (EntityResultInitializer) Done materializing entityInstance : org.frcpm.models.Project#178
10:24:19.593 [pool-6-thread-1] DEBUG org.hibernate.orm.results.loading - Calling top-level assembler (0 / 1) : org.hibernate.sql.results.graph.entity.internal.EntityAssembler@667bff5c
10:24:19.595 [pool-6-thread-2] DEBUG org.hibernate.engine.transaction.internal.TransactionImpl - On TransactionImpl creation, JpaCompliance#isJpaTransactionComplianceEnabled == false
10:24:19.595 [pool-6-thread-2] DEBUG org.hibernate.engine.transaction.internal.TransactionImpl - begin
10:24:19.595 [pool-6-thread-2] DEBUG org.hibernate.orm.sql.exec - Skipping reading Query result cache data: cache-enabled = false, cache-mode = IGNORE
10:24:19.595 [pool-6-thread-2] DEBUG org.hibernate.orm.results - Initializer list:
	  org.frcpm.models.Project.meetings -> DelayedCollectionInitializer(org.frcpm.models.Project.meetings)@949542099 (PluralAttribute(org.frcpm.models.Project.meetings))
	  org.frcpm.models.Project.tasks -> DelayedCollectionInitializer(org.frcpm.models.Project.tasks)@912209328 (PluralAttribute(org.frcpm.models.Project.tasks))
	  org.frcpm.models.Project -> EntityResultInitializer(org.frcpm.models.Project)@845199267 (SingleTableEntityPersister(org.frcpm.models.Project))
	  org.frcpm.models.Project.milestones -> DelayedCollectionInitializer(org.frcpm.models.Project.milestones)@2002927499 (PluralAttribute(org.frcpm.models.Project.milestones))

10:24:19.595 [pool-6-thread-2] DEBUG org.hibernate.SQL - select p1_0.id,p1_0.description,p1_0.goal_end_date,p1_0.hard_deadline,p1_0.name,p1_0.start_date from projects p1_0 where p1_0.id=?
10:24:19.597 [pool-6-thread-2] DEBUG org.hibernate.orm.results.loading.entity - (EntityResultInitializer) Hydrated EntityKey (org.frcpm.models.Project): 178
10:24:19.597 [pool-6-thread-2] DEBUG org.hibernate.orm.results.loading.org.hibernate.orm.results.loading.collection - (DelayedCollectionInitializer) Current row collection key : org.frcpm.models.Project.meetings#178
10:24:19.597 [pool-6-thread-2] DEBUG org.hibernate.orm.results.loading.org.hibernate.orm.results.loading.collection - (DelayedCollectionInitializer) Current row collection key : org.frcpm.models.Project.milestones#178
10:24:19.597 [pool-6-thread-2] DEBUG org.hibernate.orm.results.loading.org.hibernate.orm.results.loading.collection - (DelayedCollectionInitializer) Current row collection key : org.frcpm.models.Project.tasks#178
10:24:19.597 [pool-6-thread-2] DEBUG org.hibernate.orm.results.loading.entity - (EntityResultInitializer) Created new entity instance [org.frcpm.models.Project#178] : 390971588
10:24:19.597 [pool-6-thread-2] DEBUG org.hibernate.orm.results - Extracted JDBC value [1] - [Original description]
10:24:19.597 [pool-6-thread-2] DEBUG org.hibernate.orm.results - Extracted JDBC value [2] - [2025-05-23]
10:24:19.597 [pool-6-thread-2] DEBUG org.hibernate.orm.results - Extracted JDBC value [3] - [2025-06-06]
10:24:19.597 [pool-6-thread-2] DEBUG org.hibernate.orm.results - Extracted JDBC value [4] - [Isolation Test Project]
10:24:19.597 [pool-6-thread-2] DEBUG org.hibernate.orm.results - Extracted JDBC value [5] - [2025-04-25]
10:24:19.597 [pool-6-thread-2] DEBUG org.hibernate.orm.results.loading.entity - (EntityResultInitializer) Done materializing entityInstance : org.frcpm.models.Project#178
10:24:19.597 [pool-6-thread-2] DEBUG org.hibernate.orm.results.loading - Calling top-level assembler (0 / 1) : org.hibernate.sql.results.graph.entity.internal.EntityAssembler@13033b30
10:24:19.597 [pool-6-thread-2] DEBUG org.hibernate.engine.transaction.internal.TransactionImpl - committing
10:24:19.597 [pool-6-thread-2] DEBUG org.hibernate.event.internal.AbstractFlushingEventListener - Processing flush-time cascades
10:24:19.597 [pool-6-thread-2] DEBUG org.hibernate.event.internal.AbstractFlushingEventListener - Dirty checking collections
10:24:19.598 [pool-6-thread-2] DEBUG org.hibernate.engine.internal.Collections - Collection found: [org.frcpm.models.Project.meetings#178], was: [org.frcpm.models.Project.meetings#178] (uninitialized)
10:24:19.598 [pool-6-thread-2] DEBUG org.hibernate.engine.internal.Collections - Collection found: [org.frcpm.models.Project.milestones#178], was: [org.frcpm.models.Project.milestones#178] (uninitialized)
10:24:19.598 [pool-6-thread-2] DEBUG org.hibernate.engine.internal.Collections - Collection found: [org.frcpm.models.Project.tasks#178], was: [org.frcpm.models.Project.tasks#178] (uninitialized)
10:24:19.598 [pool-6-thread-2] DEBUG org.hibernate.event.internal.AbstractFlushingEventListener - Flushed: 0 insertions, 1 updates, 0 deletions to 1 objects
10:24:19.598 [pool-6-thread-2] DEBUG org.hibernate.event.internal.AbstractFlushingEventListener - Flushed: 0 (re)creations, 0 updates, 0 removals to 3 collections
10:24:19.598 [pool-6-thread-2] DEBUG org.hibernate.internal.util.EntityPrinter - Listing entities:
10:24:19.598 [pool-6-thread-2] DEBUG org.hibernate.internal.util.EntityPrinter - org.frcpm.models.Project{hardDeadline=2025-06-06, name=Isolation Test Project, description=Modified by Transaction 2, meetings=<uninitialized>, id=178, goalEndDate=2025-05-23, milestones=<uninitialized>, startDate=2025-04-25, tasks=<uninitialized>}
10:24:19.598 [pool-6-thread-2] DEBUG org.hibernate.SQL - update projects set description=?,goal_end_date=?,hard_deadline=?,name=?,start_date=? where id=?
10:24:19.599 [pool-6-thread-2] DEBUG org.hibernate.orm.jdbc.batch - PreparedStatementDetails did not contain PreparedStatement on #releaseStatements : update projects set description=?,goal_end_date=?,hard_deadline=?,name=?,start_date=? where id=?
10:24:19.599 [pool-6-thread-2] DEBUG org.hibernate.orm.jdbc.batch - PreparedStatementDetails did not contain PreparedStatement on #releaseStatements : update projects set description=?,goal_end_date=?,hard_deadline=?,name=?,start_date=? where id=?
10:24:19.599 [pool-6-thread-2] DEBUG org.hibernate.resource.jdbc.internal.LogicalConnectionManagedImpl - Initiating JDBC connection release from afterTransaction
10:24:19.599 [pool-6-thread-2] DEBUG org.hibernate.orm.jdbc.batch - PreparedStatementDetails did not contain PreparedStatement on #releaseStatements : update projects set description=?,goal_end_date=?,hard_deadline=?,name=?,start_date=? where id=?
10:24:19.599 [pool-6-thread-2] DEBUG org.hibernate.orm.jdbc.batch - PreparedStatementDetails did not contain PreparedStatement on #releaseStatements : update projects set description=?,goal_end_date=?,hard_deadline=?,name=?,start_date=? where id=?
10:24:19.599 [pool-6-thread-2] DEBUG org.hibernate.resource.jdbc.internal.LogicalConnectionManagedImpl - Initiating JDBC connection release from afterTransaction
10:24:19.599 [pool-6-thread-2] DEBUG org.hibernate.engine.jdbc.internal.JdbcCoordinatorImpl - HHH000420: Closing un-released batch
10:24:19.599 [pool-6-thread-2] DEBUG org.hibernate.orm.jdbc.batch - PreparedStatementDetails did not contain PreparedStatement on #releaseStatements : update projects set description=?,goal_end_date=?,hard_deadline=?,name=?,start_date=? where id=?
10:24:19.599 [pool-6-thread-2] DEBUG org.hibernate.orm.jdbc.batch - PreparedStatementDetails did not contain PreparedStatement on #releaseStatements : update projects set description=?,goal_end_date=?,hard_deadline=?,name=?,start_date=? where id=?
10:24:20.604 [pool-6-thread-1] DEBUG org.hibernate.engine.transaction.internal.TransactionImpl - committing
10:24:20.604 [pool-6-thread-1] DEBUG org.hibernate.event.internal.AbstractFlushingEventListener - Processing flush-time cascades
10:24:20.604 [pool-6-thread-1] DEBUG org.hibernate.event.internal.AbstractFlushingEventListener - Dirty checking collections
10:24:20.605 [pool-6-thread-1] DEBUG org.hibernate.engine.internal.Collections - Collection found: [org.frcpm.models.Project.meetings#178], was: [org.frcpm.models.Project.meetings#178] (uninitialized)
10:24:20.605 [pool-6-thread-1] DEBUG org.hibernate.engine.internal.Collections - Collection found: [org.frcpm.models.Project.milestones#178], was: [org.frcpm.models.Project.milestones#178] (uninitialized)
10:24:20.605 [pool-6-thread-1] DEBUG org.hibernate.engine.internal.Collections - Collection found: [org.frcpm.models.Project.tasks#178], was: [org.frcpm.models.Project.tasks#178] (uninitialized)
10:24:20.605 [pool-6-thread-1] DEBUG org.hibernate.event.internal.AbstractFlushingEventListener - Flushed: 0 insertions, 1 updates, 0 deletions to 1 objects
10:24:20.605 [pool-6-thread-1] DEBUG org.hibernate.event.internal.AbstractFlushingEventListener - Flushed: 0 (re)creations, 0 updates, 0 removals to 3 collections
10:24:20.605 [pool-6-thread-1] DEBUG org.hibernate.internal.util.EntityPrinter - Listing entities:
10:24:20.605 [pool-6-thread-1] DEBUG org.hibernate.internal.util.EntityPrinter - org.frcpm.models.Project{hardDeadline=2025-06-06, name=Isolation Test Project, description=Modified by Transaction 1, meetings=<uninitialized>, id=178, goalEndDate=2025-05-23, milestones=<uninitialized>, startDate=2025-04-25, tasks=<uninitialized>}
10:24:20.605 [pool-6-thread-1] DEBUG org.hibernate.SQL - update projects set description=?,goal_end_date=?,hard_deadline=?,name=?,start_date=? where id=?
10:24:20.605 [pool-6-thread-1] DEBUG org.hibernate.orm.jdbc.batch - PreparedStatementDetails did not contain PreparedStatement on #releaseStatements : update projects set description=?,goal_end_date=?,hard_deadline=?,name=?,start_date=? where id=?
10:24:20.605 [pool-6-thread-1] DEBUG org.hibernate.orm.jdbc.batch - PreparedStatementDetails did not contain PreparedStatement on #releaseStatements : update projects set description=?,goal_end_date=?,hard_deadline=?,name=?,start_date=? where id=?
10:24:20.605 [pool-6-thread-1] DEBUG org.hibernate.resource.jdbc.internal.LogicalConnectionManagedImpl - Initiating JDBC connection release from afterTransaction
10:24:20.605 [pool-6-thread-1] DEBUG org.hibernate.orm.jdbc.batch - PreparedStatementDetails did not contain PreparedStatement on #releaseStatements : update projects set description=?,goal_end_date=?,hard_deadline=?,name=?,start_date=? where id=?
10:24:20.606 [pool-6-thread-1] DEBUG org.hibernate.orm.jdbc.batch - PreparedStatementDetails did not contain PreparedStatement on #releaseStatements : update projects set description=?,goal_end_date=?,hard_deadline=?,name=?,start_date=? where id=?
10:24:20.606 [pool-6-thread-1] DEBUG org.hibernate.resource.jdbc.internal.LogicalConnectionManagedImpl - Initiating JDBC connection release from afterTransaction
10:24:20.606 [pool-6-thread-1] DEBUG org.hibernate.engine.jdbc.internal.JdbcCoordinatorImpl - HHH000420: Closing un-released batch
10:24:20.606 [pool-6-thread-1] DEBUG org.hibernate.orm.jdbc.batch - PreparedStatementDetails did not contain PreparedStatement on #releaseStatements : update projects set description=?,goal_end_date=?,hard_deadline=?,name=?,start_date=? where id=?
10:24:20.606 [pool-6-thread-1] DEBUG org.hibernate.orm.jdbc.batch - PreparedStatementDetails did not contain PreparedStatement on #releaseStatements : update projects set description=?,goal_end_date=?,hard_deadline=?,name=?,start_date=? where id=?
10:24:20.607 [main] DEBUG org.hibernate.orm.sql.exec - Skipping reading Query result cache data: cache-enabled = false, cache-mode = IGNORE
10:24:20.607 [main] DEBUG org.hibernate.orm.results - Initializer list:
	  org.frcpm.models.Project.meetings -> DelayedCollectionInitializer(org.frcpm.models.Project.meetings)@456996061 (PluralAttribute(org.frcpm.models.Project.meetings))
	  org.frcpm.models.Project.tasks -> DelayedCollectionInitializer(org.frcpm.models.Project.tasks)@1655139899 (PluralAttribute(org.frcpm.models.Project.tasks))
	  org.frcpm.models.Project -> EntityResultInitializer(org.frcpm.models.Project)@1307579648 (SingleTableEntityPersister(org.frcpm.models.Project))
	  org.frcpm.models.Project.milestones -> DelayedCollectionInitializer(org.frcpm.models.Project.milestones)@123574418 (PluralAttribute(org.frcpm.models.Project.milestones))

10:24:20.607 [main] DEBUG org.hibernate.SQL - select p1_0.id,p1_0.description,p1_0.goal_end_date,p1_0.hard_deadline,p1_0.name,p1_0.start_date from projects p1_0 where p1_0.id=?
10:24:20.607 [main] DEBUG org.hibernate.orm.results.loading.entity - (EntityResultInitializer) Hydrated EntityKey (org.frcpm.models.Project): 178
10:24:20.607 [main] DEBUG org.hibernate.orm.results.loading.org.hibernate.orm.results.loading.collection - (DelayedCollectionInitializer) Current row collection key : org.frcpm.models.Project.meetings#178
10:24:20.607 [main] DEBUG org.hibernate.orm.results.loading.org.hibernate.orm.results.loading.collection - (DelayedCollectionInitializer) Current row collection key : org.frcpm.models.Project.milestones#178
10:24:20.607 [main] DEBUG org.hibernate.orm.results.loading.org.hibernate.orm.results.loading.collection - (DelayedCollectionInitializer) Current row collection key : org.frcpm.models.Project.tasks#178
10:24:20.607 [main] DEBUG org.hibernate.orm.results.loading.entity - (EntityResultInitializer) Created new entity instance [org.frcpm.models.Project#178] : 1630468545
10:24:20.608 [main] DEBUG org.hibernate.orm.results - Extracted JDBC value [1] - [Modified by Transaction 1]
10:24:20.608 [main] DEBUG org.hibernate.orm.results - Extracted JDBC value [2] - [2025-05-23]
10:24:20.608 [main] DEBUG org.hibernate.orm.results - Extracted JDBC value [3] - [2025-06-06]
10:24:20.608 [main] DEBUG org.hibernate.orm.results - Extracted JDBC value [4] - [Isolation Test Project]
10:24:20.608 [main] DEBUG org.hibernate.orm.results - Extracted JDBC value [5] - [2025-04-25]
10:24:20.608 [main] DEBUG org.hibernate.orm.results.loading.entity - (EntityResultInitializer) Done materializing entityInstance : org.frcpm.models.Project#178
10:24:20.608 [main] DEBUG org.hibernate.orm.results.loading - Calling top-level assembler (0 / 1) : org.hibernate.sql.results.graph.entity.internal.EntityAssembler@3ef632b0
10:24:20.608 [main] DEBUG org.hibernate.resource.jdbc.internal.LogicalConnectionManagedImpl - Initiating JDBC connection release from afterTransaction
10:24:20.609 [main] DEBUG org.hibernate.engine.transaction.internal.TransactionImpl - On TransactionImpl creation, JpaCompliance#isJpaTransactionComplianceEnabled == false
10:24:20.609 [main] DEBUG org.hibernate.engine.transaction.internal.TransactionImpl - begin
10:24:20.609 [main] DEBUG org.hibernate.orm.sql.exec - Skipping reading Query result cache data: cache-enabled = false, cache-mode = IGNORE
10:24:20.609 [main] DEBUG org.hibernate.orm.results - Initializer list:
	  org.frcpm.models.Project.meetings -> DelayedCollectionInitializer(org.frcpm.models.Project.meetings)@1474354836 (PluralAttribute(org.frcpm.models.Project.meetings))
	  org.frcpm.models.Project.tasks -> DelayedCollectionInitializer(org.frcpm.models.Project.tasks)@190225167 (PluralAttribute(org.frcpm.models.Project.tasks))
	  org.frcpm.models.Project -> EntityResultInitializer(org.frcpm.models.Project)@583764051 (SingleTableEntityPersister(org.frcpm.models.Project))
	  org.frcpm.models.Project.milestones -> DelayedCollectionInitializer(org.frcpm.models.Project.milestones)@765943048 (PluralAttribute(org.frcpm.models.Project.milestones))

10:24:20.609 [main] DEBUG org.hibernate.SQL - select p1_0.id,p1_0.description,p1_0.goal_end_date,p1_0.hard_deadline,p1_0.name,p1_0.start_date from projects p1_0 where p1_0.id=?
10:24:20.610 [main] DEBUG org.hibernate.orm.results.loading.entity - (EntityResultInitializer) Hydrated EntityKey (org.frcpm.models.Project): 178
10:24:20.610 [main] DEBUG org.hibernate.orm.results.loading.org.hibernate.orm.results.loading.collection - (DelayedCollectionInitializer) Current row collection key : org.frcpm.models.Project.meetings#178
10:24:20.610 [main] DEBUG org.hibernate.orm.results.loading.org.hibernate.orm.results.loading.collection - (DelayedCollectionInitializer) Current row collection key : org.frcpm.models.Project.milestones#178
10:24:20.610 [main] DEBUG org.hibernate.orm.results.loading.org.hibernate.orm.results.loading.collection - (DelayedCollectionInitializer) Current row collection key : org.frcpm.models.Project.tasks#178
10:24:20.610 [main] DEBUG org.hibernate.orm.results.loading.entity - (EntityResultInitializer) Created new entity instance [org.frcpm.models.Project#178] : 1034211615
10:24:20.610 [main] DEBUG org.hibernate.orm.results - Extracted JDBC value [1] - [Modified by Transaction 1]
10:24:20.610 [main] DEBUG org.hibernate.orm.results - Extracted JDBC value [2] - [2025-05-23]
10:24:20.610 [main] DEBUG org.hibernate.orm.results - Extracted JDBC value [3] - [2025-06-06]
10:24:20.610 [main] DEBUG org.hibernate.orm.results - Extracted JDBC value [4] - [Isolation Test Project]
10:24:20.610 [main] DEBUG org.hibernate.orm.results - Extracted JDBC value [5] - [2025-04-25]
10:24:20.610 [main] DEBUG org.hibernate.orm.results.loading.entity - (EntityResultInitializer) Done materializing entityInstance : org.frcpm.models.Project#178
10:24:20.610 [main] DEBUG org.hibernate.orm.results.loading - Calling top-level assembler (0 / 1) : org.hibernate.sql.results.graph.entity.internal.EntityAssembler@55d4ff4
10:24:20.610 [main] DEBUG org.hibernate.orm.sql.exec - Skipping reading Query result cache data: cache-enabled = false, cache-mode = IGNORE
10:24:20.611 [main] DEBUG org.hibernate.orm.results - Initializer list:
	  org.frcpm.models.Project.meetings -> BagInitializer(org.frcpm.models.Project.meetings)@1263198869 (PluralAttribute(org.frcpm.models.Project.meetings))
	  org.frcpm.models.Project.meetings.{element}.project -> EntityDelayedFetchInitializer(org.frcpm.models.Project.meetings.{element}.project)@66771090 (ToOneAttributeMapping(NavigableRole[org.frcpm.models.Meeting.project])@437432136)
	  org.frcpm.models.Project.meetings.{element} -> EntityJoinedFetchInitializer(org.frcpm.models.Project.meetings.{element})@1335151571 (EntityCollectionPart(org.frcpm.models.Project.meetings#{element})@1024414659)
	  org.frcpm.models.Project.meetings.{element}.attendances -> DelayedCollectionInitializer(org.frcpm.models.Project.meetings.{element}.attendances)@542707514 (PluralAttribute(org.frcpm.models.Meeting.attendances))

10:24:20.611 [main] DEBUG org.hibernate.SQL - select m1_0.project_id,m1_0.id,m1_0.date,m1_0.end_time,m1_0.notes,m1_0.start_time from meetings m1_0 where m1_0.project_id=?
10:24:20.611 [main] DEBUG org.hibernate.sql.results.internal.ResultsHelper - Collection fully initialized: [org.frcpm.models.Project.meetings#178]
10:24:20.611 [main] DEBUG org.hibernate.orm.sql.exec - Skipping reading Query result cache data: cache-enabled = false, cache-mode = IGNORE
10:24:20.611 [main] DEBUG org.hibernate.orm.results - Initializer list:
	  org.frcpm.models.Project.milestones.{element}.project -> EntityDelayedFetchInitializer(org.frcpm.models.Project.milestones.{element}.project)@5503497 (ToOneAttributeMapping(NavigableRole[org.frcpm.models.Milestone.project])@572438520)
	  org.frcpm.models.Project.milestones.{element} -> EntityJoinedFetchInitializer(org.frcpm.models.Project.milestones.{element})@1746601446 (EntityCollectionPart(org.frcpm.models.Project.milestones#{element})@281564011)
	  org.frcpm.models.Project.milestones -> BagInitializer(org.frcpm.models.Project.milestones)@203133812 (PluralAttribute(org.frcpm.models.Project.milestones))

10:24:20.611 [main] DEBUG org.hibernate.SQL - select m1_0.project_id,m1_0.id,m1_0.date,m1_0.description,m1_0.name from milestones m1_0 where m1_0.project_id=?
10:24:20.611 [main] DEBUG org.hibernate.sql.results.internal.ResultsHelper - Collection fully initialized: [org.frcpm.models.Project.milestones#178]
10:24:20.611 [main] DEBUG org.hibernate.orm.sql.exec - Skipping reading Query result cache data: cache-enabled = false, cache-mode = IGNORE
10:24:20.612 [main] DEBUG org.hibernate.orm.results - Initializer list:
	  org.frcpm.models.Project.tasks.{element}.assignedTo -> DelayedCollectionInitializer(org.frcpm.models.Project.tasks.{element}.assignedTo)@1231839901 (PluralAttribute(org.frcpm.models.Task.assignedTo))
	  org.frcpm.models.Project.tasks.{element}.postDependencies -> DelayedCollectionInitializer(org.frcpm.models.Project.tasks.{element}.postDependencies)@431802615 (PluralAttribute(org.frcpm.models.Task.postDependencies))
	  org.frcpm.models.Project.tasks.{element} -> EntityJoinedFetchInitializer(org.frcpm.models.Project.tasks.{element})@1560598055 (EntityCollectionPart(org.frcpm.models.Project.tasks#{element})@1626692497)
	  org.frcpm.models.Project.tasks.{element}.requiredComponents -> DelayedCollectionInitializer(org.frcpm.models.Project.tasks.{element}.requiredComponents)@1739960832 (PluralAttribute(org.frcpm.models.Task.requiredComponents))
	  org.frcpm.models.Project.tasks.{element}.project -> EntityDelayedFetchInitializer(org.frcpm.models.Project.tasks.{element}.project)@1298619617 (ToOneAttributeMapping(NavigableRole[org.frcpm.models.Task.project])@1805322706)
	  org.frcpm.models.Project.tasks.{element}.subsystem -> EntityDelayedFetchInitializer(org.frcpm.models.Project.tasks.{element}.subsystem)@853794506 (ToOneAttributeMapping(NavigableRole[org.frcpm.models.Task.subsystem])@1930513173)
	  org.frcpm.models.Project.tasks.{element}.preDependencies -> DelayedCollectionInitializer(org.frcpm.models.Project.tasks.{element}.preDependencies)@1236108127 (PluralAttribute(org.frcpm.models.Task.preDependencies))
	  org.frcpm.models.Project.tasks -> BagInitializer(org.frcpm.models.Project.tasks)@63049176 (PluralAttribute(org.frcpm.models.Project.tasks))

10:24:20.612 [main] DEBUG org.hibernate.SQL - select t1_0.project_id,t1_0.id,t1_0.actual_duration_seconds,t1_0.completed,t1_0.description,t1_0.end_date,t1_0.estimated_duration_seconds,t1_0.priority,t1_0.progress,t1_0.start_date,t1_0.subsystem_id,t1_0.title from tasks t1_0 where t1_0.project_id=?
10:24:20.612 [main] DEBUG org.hibernate.sql.results.internal.ResultsHelper - Collection fully initialized: [org.frcpm.models.Project.tasks#178]
10:24:20.612 [main] DEBUG org.hibernate.engine.transaction.internal.TransactionImpl - committing
10:24:20.612 [main] DEBUG org.hibernate.event.internal.AbstractFlushingEventListener - Processing flush-time cascades
10:24:20.612 [main] DEBUG org.hibernate.event.internal.AbstractFlushingEventListener - Dirty checking collections
10:24:20.612 [main] DEBUG org.hibernate.engine.internal.Collections - Collection dereferenced: [org.frcpm.models.Project.meetings#178]
10:24:20.612 [main] DEBUG org.hibernate.engine.internal.Collections - Collection dereferenced: [org.frcpm.models.Project.milestones#178]
10:24:20.612 [main] DEBUG org.hibernate.engine.internal.Collections - Collection dereferenced: [org.frcpm.models.Project.tasks#178]
10:24:20.612 [main] DEBUG org.hibernate.event.internal.AbstractFlushingEventListener - Flushed: 0 insertions, 0 updates, 1 deletions to 1 objects
10:24:20.612 [main] DEBUG org.hibernate.event.internal.AbstractFlushingEventListener - Flushed: 0 (re)creations, 0 updates, 3 removals to 3 collections
10:24:20.612 [main] DEBUG org.hibernate.internal.util.EntityPrinter - Listing entities:
10:24:20.612 [main] DEBUG org.hibernate.internal.util.EntityPrinter - org.frcpm.models.Project{hardDeadline=2025-06-06, name=Isolation Test Project, description=Modified by Transaction 1, meetings=[], id=178, goalEndDate=2025-05-23, milestones=[], startDate=2025-04-25, tasks=[]}
10:24:20.612 [main] DEBUG org.hibernate.SQL - delete from projects where id=?
10:24:20.613 [main] DEBUG org.hibernate.orm.jdbc.batch - PreparedStatementDetails did not contain PreparedStatement on #releaseStatements : delete from projects where id=?
10:24:20.613 [main] DEBUG org.hibernate.orm.jdbc.batch - PreparedStatementDetails did not contain PreparedStatement on #releaseStatements : delete from projects where id=?
10:24:20.613 [main] DEBUG org.hibernate.resource.jdbc.internal.LogicalConnectionManagedImpl - Initiating JDBC connection release from afterTransaction
10:24:20.613 [main] DEBUG org.hibernate.orm.jdbc.batch - PreparedStatementDetails did not contain PreparedStatement on #releaseStatements : delete from projects where id=?
10:24:20.613 [main] DEBUG org.hibernate.orm.jdbc.batch - PreparedStatementDetails did not contain PreparedStatement on #releaseStatements : delete from projects where id=?
10:24:20.613 [main] DEBUG org.hibernate.resource.jdbc.internal.LogicalConnectionManagedImpl - Initiating JDBC connection release from afterTransaction
10:24:20.613 [main] DEBUG org.hibernate.engine.jdbc.internal.JdbcCoordinatorImpl - HHH000420: Closing un-released batch
10:24:20.613 [main] DEBUG org.hibernate.orm.jdbc.batch - PreparedStatementDetails did not contain PreparedStatement on #releaseStatements : delete from projects where id=?
10:24:20.613 [main] DEBUG org.hibernate.orm.jdbc.batch - PreparedStatementDetails did not contain PreparedStatement on #releaseStatements : delete from projects where id=?
]]></system-out>
    <system-err><![CDATA[Apr 25, 2025 10:24:19 AM org.frcpm.repositories.ConcurrencyTest testTransactionIsolation
INFO: Testing transaction isolation levels...
Apr 25, 2025 10:24:20 AM org.frcpm.repositories.ConcurrencyTest testTransactionIsolation
INFO: Transaction 1 read: Original description
Apr 25, 2025 10:24:20 AM org.frcpm.repositories.ConcurrencyTest testTransactionIsolation
INFO: Transaction 2 read: Original description
Apr 25, 2025 10:24:20 AM org.frcpm.repositories.ConcurrencyTest testTransactionIsolation
INFO: Final project description: Modified by Transaction 1
]]></system-err>
  </testcase>
</testsuite>