<?xml version="1.0" encoding="UTF-8"?>
<testsuite xmlns:xsi="http://www.w3.org/2001/XMLSchema-instance" xsi:noNamespaceSchemaLocation="https://maven.apache.org/surefire/maven-surefire-plugin/xsd/surefire-test-report-3.0.xsd" version="3.0" name="org.frcpm.controllers.SubsystemControllerTest" time="0.329" tests="13" errors="0" skipped="0" failures="0">
  <properties>
    <property name="java.specification.version" value="21"/>
    <property name="javafx.runtime.version" value="21.0.2+5"/>
    <property name="sun.cpu.isalist" value="amd64"/>
    <property name="sun.jnu.encoding" value="Cp1252"/>
    <property name="java.class.path" value="C:\Users\dhiebert\Local Repositories\Project Management 2.0\target\test-classes;C:\Users\dhiebert\Local Repositories\Project Management 2.0\target\classes;C:\Users\dhiebert\.m2\repository\org\openjfx\javafx-controls\21.0.2\javafx-controls-21.0.2.jar;C:\Users\dhiebert\.m2\repository\org\openjfx\javafx-controls\21.0.2\javafx-controls-21.0.2-win.jar;C:\Users\dhiebert\.m2\repository\org\openjfx\javafx-fxml\21.0.2\javafx-fxml-21.0.2.jar;C:\Users\dhiebert\.m2\repository\org\openjfx\javafx-fxml\21.0.2\javafx-fxml-21.0.2-win.jar;C:\Users\dhiebert\.m2\repository\org\openjfx\javafx-graphics\21.0.2\javafx-graphics-21.0.2.jar;C:\Users\dhiebert\.m2\repository\org\openjfx\javafx-graphics\21.0.2\javafx-graphics-21.0.2-win.jar;C:\Users\dhiebert\.m2\repository\org\openjfx\javafx-base\21.0.2\javafx-base-21.0.2.jar;C:\Users\dhiebert\.m2\repository\org\openjfx\javafx-base\21.0.2\javafx-base-21.0.2-win.jar;C:\Users\dhiebert\.m2\repository\com\h2database\h2\2.2.224\h2-2.2.224.jar;C:\Users\dhiebert\.m2\repository\com\zaxxer\HikariCP\5.1.0\HikariCP-5.1.0.jar;C:\Users\dhiebert\.m2\repository\org\slf4j\slf4j-api\1.7.36\slf4j-api-1.7.36.jar;C:\Users\dhiebert\.m2\repository\org\hibernate\orm\hibernate-core\6.5.0.Final\hibernate-core-6.5.0.Final.jar;C:\Users\dhiebert\.m2\repository\jakarta\persistence\jakarta.persistence-api\3.1.0\jakarta.persistence-api-3.1.0.jar;C:\Users\dhiebert\.m2\repository\jakarta\transaction\jakarta.transaction-api\2.0.1\jakarta.transaction-api-2.0.1.jar;C:\Users\dhiebert\.m2\repository\org\jboss\logging\jboss-logging\3.5.0.Final\jboss-logging-3.5.0.Final.jar;C:\Users\dhiebert\.m2\repository\org\hibernate\common\hibernate-commons-annotations\6.0.6.Final\hibernate-commons-annotations-6.0.6.Final.jar;C:\Users\dhiebert\.m2\repository\io\smallrye\jandex\3.1.2\jandex-3.1.2.jar;C:\Users\dhiebert\.m2\repository\com\fasterxml\classmate\1.5.1\classmate-1.5.1.jar;C:\Users\dhiebert\.m2\repository\net\bytebuddy\byte-buddy\1.14.12\byte-buddy-1.14.12.jar;C:\Users\dhiebert\.m2\repository\jakarta\xml\bind\jakarta.xml.bind-api\4.0.0\jakarta.xml.bind-api-4.0.0.jar;C:\Users\dhiebert\.m2\repository\jakarta\activation\jakarta.activation-api\2.1.0\jakarta.activation-api-2.1.0.jar;C:\Users\dhiebert\.m2\repository\org\glassfish\jaxb\jaxb-runtime\4.0.2\jaxb-runtime-4.0.2.jar;C:\Users\dhiebert\.m2\repository\org\glassfish\jaxb\jaxb-core\4.0.2\jaxb-core-4.0.2.jar;C:\Users\dhiebert\.m2\repository\org\eclipse\angus\angus-activation\2.0.0\angus-activation-2.0.0.jar;C:\Users\dhiebert\.m2\repository\org\glassfish\jaxb\txw2\4.0.2\txw2-4.0.2.jar;C:\Users\dhiebert\.m2\repository\com\sun\istack\istack-commons-runtime\4.1.1\istack-commons-runtime-4.1.1.jar;C:\Users\dhiebert\.m2\repository\jakarta\inject\jakarta.inject-api\2.0.1\jakarta.inject-api-2.0.1.jar;C:\Users\dhiebert\.m2\repository\org\antlr\antlr4-runtime\4.13.0\antlr4-runtime-4.13.0.jar;C:\Users\dhiebert\.m2\repository\org\hibernate\validator\hibernate-validator\8.0.1.Final\hibernate-validator-8.0.1.Final.jar;C:\Users\dhiebert\.m2\repository\jakarta\validation\jakarta.validation-api\3.0.2\jakarta.validation-api-3.0.2.jar;C:\Users\dhiebert\.m2\repository\org\junit\jupiter\junit-jupiter-api\5.10.2\junit-jupiter-api-5.10.2.jar;C:\Users\dhiebert\.m2\repository\org\opentest4j\opentest4j\1.3.0\opentest4j-1.3.0.jar;C:\Users\dhiebert\.m2\repository\org\junit\platform\junit-platform-commons\1.10.2\junit-platform-commons-1.10.2.jar;C:\Users\dhiebert\.m2\repository\org\apiguardian\apiguardian-api\1.1.2\apiguardian-api-1.1.2.jar;C:\Users\dhiebert\.m2\repository\org\junit\jupiter\junit-jupiter-engine\5.10.2\junit-jupiter-engine-5.10.2.jar;C:\Users\dhiebert\.m2\repository\org\junit\platform\junit-platform-engine\1.10.2\junit-platform-engine-1.10.2.jar;C:\Users\dhiebert\.m2\repository\org\mockito\mockito-junit-jupiter\5.10.0\mockito-junit-jupiter-5.10.0.jar;C:\Users\dhiebert\.m2\repository\org\mockito\mockito-core\5.10.0\mockito-core-5.10.0.jar;C:\Users\dhiebert\.m2\repository\net\bytebuddy\byte-buddy-agent\1.14.11\byte-buddy-agent-1.14.11.jar;C:\Users\dhiebert\.m2\repository\org\objenesis\objenesis\3.3\objenesis-3.3.jar;C:\Users\dhiebert\.m2\repository\org\hibernate\orm\hibernate-hikaricp\6.5.0.Final\hibernate-hikaricp-6.5.0.Final.jar;C:\Users\dhiebert\.m2\repository\ch\qos\logback\logback-classic\1.2.11\logback-classic-1.2.11.jar;C:\Users\dhiebert\.m2\repository\ch\qos\logback\logback-core\1.2.11\logback-core-1.2.11.jar;C:\Users\dhiebert\.m2\repository\org\testfx\testfx-core\4.0.18\testfx-core-4.0.18.jar;C:\Users\dhiebert\.m2\repository\org\hamcrest\hamcrest\2.1\hamcrest-2.1.jar;C:\Users\dhiebert\.m2\repository\org\assertj\assertj-core\3.13.2\assertj-core-3.13.2.jar;C:\Users\dhiebert\.m2\repository\org\osgi\org.osgi.core\6.0.0\org.osgi.core-6.0.0.jar;C:\Users\dhiebert\.m2\repository\org\testfx\testfx-junit5\4.0.18\testfx-junit5-4.0.18.jar;C:\Users\dhiebert\.m2\repository\org\openjfx\javafx-web\17.0.2\javafx-web-17.0.2.jar;C:\Users\dhiebert\.m2\repository\org\openjfx\javafx-web\17.0.2\javafx-web-17.0.2-win.jar;C:\Users\dhiebert\.m2\repository\org\openjfx\javafx-media\17.0.2\javafx-media-17.0.2.jar;C:\Users\dhiebert\.m2\repository\org\openjfx\javafx-media\17.0.2\javafx-media-17.0.2-win.jar;C:\Users\dhiebert\.m2\repository\org\apache\pdfbox\pdfbox\2.0.27\pdfbox-2.0.27.jar;C:\Users\dhiebert\.m2\repository\org\apache\pdfbox\fontbox\2.0.27\fontbox-2.0.27.jar;C:\Users\dhiebert\.m2\repository\commons-logging\commons-logging\1.2\commons-logging-1.2.jar;C:\Users\dhiebert\.m2\repository\com\fasterxml\jackson\core\jackson-databind\2.15.0\jackson-databind-2.15.0.jar;C:\Users\dhiebert\.m2\repository\com\fasterxml\jackson\core\jackson-annotations\2.15.0\jackson-annotations-2.15.0.jar;C:\Users\dhiebert\.m2\repository\com\fasterxml\jackson\core\jackson-core\2.15.0\jackson-core-2.15.0.jar;C:\Users\dhiebert\.m2\repository\org\apache\xmlgraphics\batik-all\1.16\batik-all-1.16.jar;C:\Users\dhiebert\.m2\repository\xml-apis\xml-apis\1.4.01\xml-apis-1.4.01.jar;C:\Users\dhiebert\.m2\repository\xml-apis\xml-apis-ext\1.3.04\xml-apis-ext-1.3.04.jar;C:\Users\dhiebert\.m2\repository\org\apache\xmlgraphics\xmlgraphics-commons\2.7\xmlgraphics-commons-2.7.jar;C:\Users\dhiebert\.m2\repository\commons-io\commons-io\1.3.1\commons-io-1.3.1.jar;C:\Users\dhiebert\.m2\repository\org\jgrapht\jgrapht-core\1.5.2\jgrapht-core-1.5.2.jar;C:\Users\dhiebert\.m2\repository\org\jheaps\jheaps\0.14\jheaps-0.14.jar;C:\Users\dhiebert\.m2\repository\org\apfloat\apfloat\1.10.1\apfloat-1.10.1.jar;"/>
    <property name="java.vm.vendor" value="Eclipse Adoptium"/>
    <property name="sun.arch.data.model" value="64"/>
    <property name="user.variant" value=""/>
    <property name="java.vendor.url" value="https://adoptium.net/"/>
    <property name="user.timezone" value="America/Chicago"/>
    <property name="os.name" value="Windows 11"/>
    <property name="java.vm.specification.version" value="21"/>
    <property name="javafx.version" value="21.0.2"/>
    <property name="sun.java.launcher" value="SUN_STANDARD"/>
    <property name="user.country" value="US"/>
    <property name="sun.boot.library.path" value="C:\Program Files\Eclipse Adoptium\jdk-21.0.6.7-hotspot\bin"/>
    <property name="sun.java.command" value="C:\Users\dhiebert\AppData\Local\Temp\surefire9513985487531586668\surefirebooter-20250425102356946_3.jar C:\Users\dhiebert\AppData\Local\Temp\surefire9513985487531586668 2025-04-25T10-23-56_800-jvmRun1 surefire-20250425102356946_1tmp surefire_0-20250425102356946_2tmp"/>
    <property name="jdk.debug" value="release"/>
    <property name="surefire.test.class.path" value="C:\Users\dhiebert\Local Repositories\Project Management 2.0\target\test-classes;C:\Users\dhiebert\Local Repositories\Project Management 2.0\target\classes;C:\Users\dhiebert\.m2\repository\org\openjfx\javafx-controls\21.0.2\javafx-controls-21.0.2.jar;C:\Users\dhiebert\.m2\repository\org\openjfx\javafx-controls\21.0.2\javafx-controls-21.0.2-win.jar;C:\Users\dhiebert\.m2\repository\org\openjfx\javafx-fxml\21.0.2\javafx-fxml-21.0.2.jar;C:\Users\dhiebert\.m2\repository\org\openjfx\javafx-fxml\21.0.2\javafx-fxml-21.0.2-win.jar;C:\Users\dhiebert\.m2\repository\org\openjfx\javafx-graphics\21.0.2\javafx-graphics-21.0.2.jar;C:\Users\dhiebert\.m2\repository\org\openjfx\javafx-graphics\21.0.2\javafx-graphics-21.0.2-win.jar;C:\Users\dhiebert\.m2\repository\org\openjfx\javafx-base\21.0.2\javafx-base-21.0.2.jar;C:\Users\dhiebert\.m2\repository\org\openjfx\javafx-base\21.0.2\javafx-base-21.0.2-win.jar;C:\Users\dhiebert\.m2\repository\com\h2database\h2\2.2.224\h2-2.2.224.jar;C:\Users\dhiebert\.m2\repository\com\zaxxer\HikariCP\5.1.0\HikariCP-5.1.0.jar;C:\Users\dhiebert\.m2\repository\org\slf4j\slf4j-api\1.7.36\slf4j-api-1.7.36.jar;C:\Users\dhiebert\.m2\repository\org\hibernate\orm\hibernate-core\6.5.0.Final\hibernate-core-6.5.0.Final.jar;C:\Users\dhiebert\.m2\repository\jakarta\persistence\jakarta.persistence-api\3.1.0\jakarta.persistence-api-3.1.0.jar;C:\Users\dhiebert\.m2\repository\jakarta\transaction\jakarta.transaction-api\2.0.1\jakarta.transaction-api-2.0.1.jar;C:\Users\dhiebert\.m2\repository\org\jboss\logging\jboss-logging\3.5.0.Final\jboss-logging-3.5.0.Final.jar;C:\Users\dhiebert\.m2\repository\org\hibernate\common\hibernate-commons-annotations\6.0.6.Final\hibernate-commons-annotations-6.0.6.Final.jar;C:\Users\dhiebert\.m2\repository\io\smallrye\jandex\3.1.2\jandex-3.1.2.jar;C:\Users\dhiebert\.m2\repository\com\fasterxml\classmate\1.5.1\classmate-1.5.1.jar;C:\Users\dhiebert\.m2\repository\net\bytebuddy\byte-buddy\1.14.12\byte-buddy-1.14.12.jar;C:\Users\dhiebert\.m2\repository\jakarta\xml\bind\jakarta.xml.bind-api\4.0.0\jakarta.xml.bind-api-4.0.0.jar;C:\Users\dhiebert\.m2\repository\jakarta\activation\jakarta.activation-api\2.1.0\jakarta.activation-api-2.1.0.jar;C:\Users\dhiebert\.m2\repository\org\glassfish\jaxb\jaxb-runtime\4.0.2\jaxb-runtime-4.0.2.jar;C:\Users\dhiebert\.m2\repository\org\glassfish\jaxb\jaxb-core\4.0.2\jaxb-core-4.0.2.jar;C:\Users\dhiebert\.m2\repository\org\eclipse\angus\angus-activation\2.0.0\angus-activation-2.0.0.jar;C:\Users\dhiebert\.m2\repository\org\glassfish\jaxb\txw2\4.0.2\txw2-4.0.2.jar;C:\Users\dhiebert\.m2\repository\com\sun\istack\istack-commons-runtime\4.1.1\istack-commons-runtime-4.1.1.jar;C:\Users\dhiebert\.m2\repository\jakarta\inject\jakarta.inject-api\2.0.1\jakarta.inject-api-2.0.1.jar;C:\Users\dhiebert\.m2\repository\org\antlr\antlr4-runtime\4.13.0\antlr4-runtime-4.13.0.jar;C:\Users\dhiebert\.m2\repository\org\hibernate\validator\hibernate-validator\8.0.1.Final\hibernate-validator-8.0.1.Final.jar;C:\Users\dhiebert\.m2\repository\jakarta\validation\jakarta.validation-api\3.0.2\jakarta.validation-api-3.0.2.jar;C:\Users\dhiebert\.m2\repository\org\junit\jupiter\junit-jupiter-api\5.10.2\junit-jupiter-api-5.10.2.jar;C:\Users\dhiebert\.m2\repository\org\opentest4j\opentest4j\1.3.0\opentest4j-1.3.0.jar;C:\Users\dhiebert\.m2\repository\org\junit\platform\junit-platform-commons\1.10.2\junit-platform-commons-1.10.2.jar;C:\Users\dhiebert\.m2\repository\org\apiguardian\apiguardian-api\1.1.2\apiguardian-api-1.1.2.jar;C:\Users\dhiebert\.m2\repository\org\junit\jupiter\junit-jupiter-engine\5.10.2\junit-jupiter-engine-5.10.2.jar;C:\Users\dhiebert\.m2\repository\org\junit\platform\junit-platform-engine\1.10.2\junit-platform-engine-1.10.2.jar;C:\Users\dhiebert\.m2\repository\org\mockito\mockito-junit-jupiter\5.10.0\mockito-junit-jupiter-5.10.0.jar;C:\Users\dhiebert\.m2\repository\org\mockito\mockito-core\5.10.0\mockito-core-5.10.0.jar;C:\Users\dhiebert\.m2\repository\net\bytebuddy\byte-buddy-agent\1.14.11\byte-buddy-agent-1.14.11.jar;C:\Users\dhiebert\.m2\repository\org\objenesis\objenesis\3.3\objenesis-3.3.jar;C:\Users\dhiebert\.m2\repository\org\hibernate\orm\hibernate-hikaricp\6.5.0.Final\hibernate-hikaricp-6.5.0.Final.jar;C:\Users\dhiebert\.m2\repository\ch\qos\logback\logback-classic\1.2.11\logback-classic-1.2.11.jar;C:\Users\dhiebert\.m2\repository\ch\qos\logback\logback-core\1.2.11\logback-core-1.2.11.jar;C:\Users\dhiebert\.m2\repository\org\testfx\testfx-core\4.0.18\testfx-core-4.0.18.jar;C:\Users\dhiebert\.m2\repository\org\hamcrest\hamcrest\2.1\hamcrest-2.1.jar;C:\Users\dhiebert\.m2\repository\org\assertj\assertj-core\3.13.2\assertj-core-3.13.2.jar;C:\Users\dhiebert\.m2\repository\org\osgi\org.osgi.core\6.0.0\org.osgi.core-6.0.0.jar;C:\Users\dhiebert\.m2\repository\org\testfx\testfx-junit5\4.0.18\testfx-junit5-4.0.18.jar;C:\Users\dhiebert\.m2\repository\org\openjfx\javafx-web\17.0.2\javafx-web-17.0.2.jar;C:\Users\dhiebert\.m2\repository\org\openjfx\javafx-web\17.0.2\javafx-web-17.0.2-win.jar;C:\Users\dhiebert\.m2\repository\org\openjfx\javafx-media\17.0.2\javafx-media-17.0.2.jar;C:\Users\dhiebert\.m2\repository\org\openjfx\javafx-media\17.0.2\javafx-media-17.0.2-win.jar;C:\Users\dhiebert\.m2\repository\org\apache\pdfbox\pdfbox\2.0.27\pdfbox-2.0.27.jar;C:\Users\dhiebert\.m2\repository\org\apache\pdfbox\fontbox\2.0.27\fontbox-2.0.27.jar;C:\Users\dhiebert\.m2\repository\commons-logging\commons-logging\1.2\commons-logging-1.2.jar;C:\Users\dhiebert\.m2\repository\com\fasterxml\jackson\core\jackson-databind\2.15.0\jackson-databind-2.15.0.jar;C:\Users\dhiebert\.m2\repository\com\fasterxml\jackson\core\jackson-annotations\2.15.0\jackson-annotations-2.15.0.jar;C:\Users\dhiebert\.m2\repository\com\fasterxml\jackson\core\jackson-core\2.15.0\jackson-core-2.15.0.jar;C:\Users\dhiebert\.m2\repository\org\apache\xmlgraphics\batik-all\1.16\batik-all-1.16.jar;C:\Users\dhiebert\.m2\repository\xml-apis\xml-apis\1.4.01\xml-apis-1.4.01.jar;C:\Users\dhiebert\.m2\repository\xml-apis\xml-apis-ext\1.3.04\xml-apis-ext-1.3.04.jar;C:\Users\dhiebert\.m2\repository\org\apache\xmlgraphics\xmlgraphics-commons\2.7\xmlgraphics-commons-2.7.jar;C:\Users\dhiebert\.m2\repository\commons-io\commons-io\1.3.1\commons-io-1.3.1.jar;C:\Users\dhiebert\.m2\repository\org\jgrapht\jgrapht-core\1.5.2\jgrapht-core-1.5.2.jar;C:\Users\dhiebert\.m2\repository\org\jheaps\jheaps\0.14\jheaps-0.14.jar;C:\Users\dhiebert\.m2\repository\org\apfloat\apfloat\1.10.1\apfloat-1.10.1.jar;"/>
    <property name="sun.cpu.endian" value="little"/>
    <property name="user.home" value="C:\Users\dhiebert"/>
    <property name="user.language" value="en"/>
    <property name="java.specification.vendor" value="Oracle Corporation"/>
    <property name="java.version.date" value="2025-01-21"/>
    <property name="java.home" value="C:\Program Files\Eclipse Adoptium\jdk-21.0.6.7-hotspot"/>
    <property name="file.separator" value="\"/>
    <property name="basedir" value="C:\Users\dhiebert\Local Repositories\Project Management 2.0"/>
    <property name="java.vm.compressedOopsMode" value="Zero based"/>
    <property name="line.separator" value="&#10;"/>
    <property name="java.vm.specification.vendor" value="Oracle Corporation"/>
    <property name="java.specification.name" value="Java Platform API Specification"/>
    <property name="surefire.real.class.path" value="C:\Users\dhiebert\AppData\Local\Temp\surefire9513985487531586668\surefirebooter-20250425102356946_3.jar"/>
    <property name="user.script" value=""/>
    <property name="sun.management.compiler" value="HotSpot 64-Bit Tiered Compilers"/>
    <property name="java.runtime.version" value="21.0.6+7-LTS"/>
    <property name="user.name" value="dhiebert"/>
    <property name="stdout.encoding" value="Cp1252"/>
    <property name="path.separator" value=";"/>
    <property name="os.version" value="10.0"/>
    <property name="java.runtime.name" value="OpenJDK Runtime Environment"/>
    <property name="file.encoding" value="UTF-8"/>
    <property name="java.vm.name" value="OpenJDK 64-Bit Server VM"/>
    <property name="java.vendor.version" value="Temurin-21.0.6+7"/>
    <property name="localRepository" value="C:\Users\dhiebert\.m2\repository"/>
    <property name="java.vendor.url.bug" value="https://github.com/adoptium/adoptium-support/issues"/>
    <property name="java.io.tmpdir" value="C:\Users\dhiebert\AppData\Local\Temp\"/>
    <property name="java.version" value="21.0.6"/>
    <property name="user.dir" value="C:\Users\dhiebert\Local Repositories\Project Management 2.0"/>
    <property name="os.arch" value="amd64"/>
    <property name="java.vm.specification.name" value="Java Virtual Machine Specification"/>
    <property name="sun.os.patch.level" value=""/>
    <property name="native.encoding" value="Cp1252"/>
    <property name="java.library.path" value="C:\Program Files\Eclipse Adoptium\jdk-21.0.6.7-hotspot\bin;C:\WINDOWS\Sun\Java\bin;C:\WINDOWS\system32;C:\WINDOWS;C:\Program Files\apache-maven-3.9.9\bin;C:\Program Files\Eclipse Adoptium\jdk-21.0.6.7-hotspot\bin;C:\Program Files\National Instruments\Shared\OpenVINO\;C:\Program Files\Common Files\Oracle\Java\javapath;C:\WINDOWS\system32;C:\WINDOWS;C:\WINDOWS\System32\Wbem;C:\WINDOWS\System32\WindowsPowerShell\v1.0\;C:\WINDOWS\System32\OpenSSH\;C:\Program Files\dotnet\;C:\Program Files (x86)\Windows Live\Shared;C:\Program Files\Git\cmd;C:\Program Files\Common Files\Autodesk Shared\;C:\Program Files\Microsoft SQL Server\150\Tools\Binn\;C:\Program Files\nodejs\;C:\Program Files\Eclipse Adoptium\jdk-21.0.6.7-hotspot\bin;C:\Program Files\apache-maven-3.9.9\bin;%MAVEN_HOME%\bin;C:\Users\dhiebert\AppData\Local\Microsoft\WindowsApps;C:\Users\dhiebert\AppData\Local\GitHubDesktop\bin;C:\Users\dhiebert\AppData\Roaming\npm;C:\Users\dhiebert\AppData\Local\Packages\PythonSoftwareFoundation.Python.3.11_qbz5n2kfra8p0\LocalCache\local-packages\Python311\Scripts;C:\Users\dhiebert\AppData\Local\Packages\PythonSoftwareFoundation.Python.3.11_qbz5n2kfra8p0\LocalCache\local-packages\Python311\site-packages\maven;;c:\Users\Public\wpilib\2025\vscode\data\user-data\User\globalStorage\github.copilot-chat\debugCommand;c:\Users\Public\wpilib\2025\vscode\data\extensions\ms-python.debugpy-2025.4.1-win32-x64\bundled\scripts\noConfigScripts;."/>
    <property name="java.vm.info" value="mixed mode, sharing"/>
    <property name="stderr.encoding" value="Cp1252"/>
    <property name="java.vendor" value="Eclipse Adoptium"/>
    <property name="java.vm.version" value="21.0.6+7-LTS"/>
    <property name="sun.io.unicode.encoding" value="UnicodeLittle"/>
    <property name="java.class.version" value="65.0"/>
  </properties>
  <testcase name="testShowConfirmationAlert" classname="org.frcpm.controllers.SubsystemControllerTest" time="0.136">
    <system-out><![CDATA[10:24:08.711 [main] DEBUG org.hibernate.orm.sql.ast.create - Created new SQL alias : s1_0
10:24:08.711 [main] DEBUG org.hibernate.orm.sql.ast.create - Registration of TableGroup [StandardTableGroup(org.frcpm.models.Subsystem(959664997851400))] with identifierForTableGroup [org.frcpm.models.Subsystem] for NavigablePath [org.frcpm.models.Subsystem] 
10:24:08.711 [main] DEBUG org.hibernate.orm.sql.ast.create - Registration of TableGroup [org.hibernate.sql.ast.tree.from.LazyTableGroup@490f1d58] with identifierForTableGroup [org.frcpm.models.Subsystem.responsibleSubteam] for NavigablePath [org.frcpm.models.Subsystem.responsibleSubteam] 
10:24:08.712 [main] DEBUG org.hibernate.orm.results.graph.AST - DomainResult Graph:
 \-EntityResultImpl [org.frcpm.models.Subsystem(959664997851400)]
 |  +-BasicFetch [org.frcpm.models.Subsystem(959664997851400).description]
 |  +-BasicFetch [org.frcpm.models.Subsystem(959664997851400).name]
 |  +-CircularFetchImpl [org.frcpm.models.Subsystem(959664997851400).responsibleSubteam]
 |  +-BasicFetch [org.frcpm.models.Subsystem(959664997851400).status]
 |  \-DelayedCollectionFetch [org.frcpm.models.Subsystem(959664997851400).tasks]

10:24:08.712 [main] DEBUG org.hibernate.orm.sql.ast.tree - SQL AST Tree:
    SelectStatement {
      FromClause {
        StandardTableGroup (s1 : org.frcpm.models.Subsystem(959664997851400)) {
          primaryTableReference : subsystems as s1_0
          TableGroupJoins {
            left  join LazyTableGroup (rs1 : org.frcpm.models.Subsystem(959664997851400).responsibleSubteam) {
            }
          }
        }
      }
    }

10:24:08.712 [main] DEBUG org.hibernate.orm.sql.exec - Skipping reading Query result cache data: cache-enabled = false, cache-mode = NORMAL
10:24:08.713 [main] DEBUG org.hibernate.orm.results - Initializer list:
	  org.frcpm.models.Subsystem(959664997851400).responsibleSubteam -> EntityDelayedFetchInitializer(org.frcpm.models.Subsystem(959664997851400).responsibleSubteam)@1952722583 (ToOneAttributeMapping(NavigableRole[org.frcpm.models.Subsystem.responsibleSubteam])@135084207)
	  org.frcpm.models.Subsystem(959664997851400).tasks -> DelayedCollectionInitializer(org.frcpm.models.Subsystem(959664997851400).tasks)@202520650 (PluralAttribute(org.frcpm.models.Subsystem.tasks))
	  org.frcpm.models.Subsystem(959664997851400) -> EntityResultInitializer(org.frcpm.models.Subsystem(959664997851400))@417995652 (SingleTableEntityPersister(org.frcpm.models.Subsystem))

10:24:08.713 [main] DEBUG org.hibernate.SQL - select s1_0.id,s1_0.description,s1_0.name,s1_0.responsible_subteam_id,s1_0.status from subsystems s1_0
10:24:08.714 [main] DEBUG org.hibernate.orm.results - Extracted JDBC value [0] - [1]
10:24:08.715 [main] DEBUG org.hibernate.orm.results.loading.entity - (EntityResultInitializer) Hydrated EntityKey (org.frcpm.models.Subsystem(959664997851400)): 1
10:24:08.715 [main] DEBUG org.hibernate.orm.results.loading.org.hibernate.orm.results.loading.collection - (DelayedCollectionInitializer) Current row collection key : org.frcpm.models.Subsystem(959664997851400).tasks#1
10:24:08.715 [main] DEBUG org.hibernate.orm.results.loading.entity - (EntityResultInitializer) Created new entity instance [org.frcpm.models.Subsystem(959664997851400)#1] : 827040368
10:24:08.715 [main] DEBUG org.hibernate.orm.results - Extracted JDBC value [3] - [1]
10:24:08.725 [main] DEBUG org.hibernate.orm.results - Extracted JDBC value [1] - [Robot movement and navigation system]
10:24:08.725 [main] DEBUG org.hibernate.orm.results - Extracted JDBC value [2] - [Drivetrain]
10:24:08.725 [main] DEBUG org.hibernate.orm.results - Extracted JDBC value [4] - [IN_PROGRESS]
10:24:08.726 [main] DEBUG org.hibernate.orm.results.loading.entity - (EntityResultInitializer) Done materializing entityInstance : org.frcpm.models.Subsystem(959664997851400)#1
10:24:08.726 [main] DEBUG org.hibernate.orm.results.loading - Calling top-level assembler (0 / 1) : org.hibernate.sql.results.graph.entity.internal.EntityAssembler@72ee36ab
10:24:08.726 [main] DEBUG org.hibernate.orm.results - Extracted JDBC value [0] - [2]
10:24:08.726 [main] DEBUG org.hibernate.orm.results.loading.entity - (EntityResultInitializer) Hydrated EntityKey (org.frcpm.models.Subsystem(959664997851400)): 2
10:24:08.726 [main] DEBUG org.hibernate.orm.results.loading.org.hibernate.orm.results.loading.collection - (DelayedCollectionInitializer) Current row collection key : org.frcpm.models.Subsystem(959664997851400).tasks#2
10:24:08.726 [main] DEBUG org.hibernate.orm.results.loading.entity - (EntityResultInitializer) Created new entity instance [org.frcpm.models.Subsystem(959664997851400)#2] : 1531698915
10:24:08.726 [main] DEBUG org.hibernate.orm.results - Extracted JDBC value [3] - [1]
10:24:08.726 [main] DEBUG org.hibernate.orm.results - Extracted JDBC value [1] - [Mechanism for collecting game pieces]
10:24:08.726 [main] DEBUG org.hibernate.orm.results - Extracted JDBC value [2] - [Intake]
10:24:08.726 [main] DEBUG org.hibernate.orm.results - Extracted JDBC value [4] - [NOT_STARTED]
10:24:08.726 [main] DEBUG org.hibernate.orm.results.loading.entity - (EntityResultInitializer) Done materializing entityInstance : org.frcpm.models.Subsystem(959664997851400)#2
10:24:08.726 [main] DEBUG org.hibernate.orm.results.loading - Calling top-level assembler (0 / 1) : org.hibernate.sql.results.graph.entity.internal.EntityAssembler@72ee36ab
10:24:08.726 [main] DEBUG org.hibernate.orm.results - Extracted JDBC value [0] - [3]
10:24:08.726 [main] DEBUG org.hibernate.orm.results.loading.entity - (EntityResultInitializer) Hydrated EntityKey (org.frcpm.models.Subsystem(959664997851400)): 3
10:24:08.726 [main] DEBUG org.hibernate.orm.results.loading.org.hibernate.orm.results.loading.collection - (DelayedCollectionInitializer) Current row collection key : org.frcpm.models.Subsystem(959664997851400).tasks#3
10:24:08.726 [main] DEBUG org.hibernate.orm.results.loading.entity - (EntityResultInitializer) Created new entity instance [org.frcpm.models.Subsystem(959664997851400)#3] : 1102977431
10:24:08.726 [main] DEBUG org.hibernate.orm.results - Extracted JDBC value [3] - [1]
10:24:08.726 [main] DEBUG org.hibernate.orm.results - Extracted JDBC value [1] - [Mechanism for scoring game pieces]
10:24:08.726 [main] DEBUG org.hibernate.orm.results - Extracted JDBC value [2] - [Shooter]
10:24:08.726 [main] DEBUG org.hibernate.orm.results - Extracted JDBC value [4] - [NOT_STARTED]
10:24:08.727 [main] DEBUG org.hibernate.orm.results.loading.entity - (EntityResultInitializer) Done materializing entityInstance : org.frcpm.models.Subsystem(959664997851400)#3
10:24:08.727 [main] DEBUG org.hibernate.orm.results.loading - Calling top-level assembler (0 / 1) : org.hibernate.sql.results.graph.entity.internal.EntityAssembler@72ee36ab
10:24:08.727 [main] DEBUG org.hibernate.orm.results - Extracted JDBC value [0] - [4]
10:24:08.727 [main] DEBUG org.hibernate.orm.results.loading.entity - (EntityResultInitializer) Hydrated EntityKey (org.frcpm.models.Subsystem(959664997851400)): 4
10:24:08.727 [main] DEBUG org.hibernate.orm.results.loading.org.hibernate.orm.results.loading.collection - (DelayedCollectionInitializer) Current row collection key : org.frcpm.models.Subsystem(959664997851400).tasks#4
10:24:08.727 [main] DEBUG org.hibernate.orm.results.loading.entity - (EntityResultInitializer) Created new entity instance [org.frcpm.models.Subsystem(959664997851400)#4] : 1197430300
10:24:08.727 [main] DEBUG org.hibernate.orm.results - Extracted JDBC value [3] - [3]
10:24:08.727 [main] DEBUG org.hibernate.orm.results - Extracted JDBC value [1] - [Camera and processing system for targeting]
10:24:08.727 [main] DEBUG org.hibernate.orm.results - Extracted JDBC value [2] - [Vision]
10:24:08.727 [main] DEBUG org.hibernate.orm.results - Extracted JDBC value [4] - [NOT_STARTED]
10:24:08.727 [main] DEBUG org.hibernate.orm.results.loading.entity - (EntityResultInitializer) Done materializing entityInstance : org.frcpm.models.Subsystem(959664997851400)#4
10:24:08.727 [main] DEBUG org.hibernate.orm.results.loading - Calling top-level assembler (0 / 1) : org.hibernate.sql.results.graph.entity.internal.EntityAssembler@72ee36ab
10:24:08.727 [main] DEBUG org.hibernate.orm.results - Extracted JDBC value [0] - [5]
10:24:08.727 [main] DEBUG org.hibernate.orm.results.loading.entity - (EntityResultInitializer) Hydrated EntityKey (org.frcpm.models.Subsystem(959664997851400)): 5
10:24:08.727 [main] DEBUG org.hibernate.orm.results.loading.org.hibernate.orm.results.loading.collection - (DelayedCollectionInitializer) Current row collection key : org.frcpm.models.Subsystem(959664997851400).tasks#5
10:24:08.727 [main] DEBUG org.hibernate.orm.results.loading.entity - (EntityResultInitializer) Created new entity instance [org.frcpm.models.Subsystem(959664997851400)#5] : 805196940
10:24:08.727 [main] DEBUG org.hibernate.orm.results - Extracted JDBC value [3] - [2]
10:24:08.727 [main] DEBUG org.hibernate.orm.results - Extracted JDBC value [1] - [Wiring, electronics, and sensors]
10:24:08.727 [main] DEBUG org.hibernate.orm.results - Extracted JDBC value [2] - [Controls]
10:24:08.727 [main] DEBUG org.hibernate.orm.results - Extracted JDBC value [4] - [NOT_STARTED]
10:24:08.727 [main] DEBUG org.hibernate.orm.results.loading.entity - (EntityResultInitializer) Done materializing entityInstance : org.frcpm.models.Subsystem(959664997851400)#5
10:24:08.727 [main] DEBUG org.hibernate.orm.results.loading - Calling top-level assembler (0 / 1) : org.hibernate.sql.results.graph.entity.internal.EntityAssembler@72ee36ab
10:24:08.727 [main] DEBUG org.hibernate.orm.results - Extracted JDBC value [0] - [18]
10:24:08.727 [main] DEBUG org.hibernate.orm.results.loading.entity - (EntityResultInitializer) Hydrated EntityKey (org.frcpm.models.Subsystem(959664997851400)): 18
10:24:08.727 [main] DEBUG org.hibernate.orm.results.loading.org.hibernate.orm.results.loading.collection - (DelayedCollectionInitializer) Current row collection key : org.frcpm.models.Subsystem(959664997851400).tasks#18
10:24:08.727 [main] DEBUG org.hibernate.orm.results.loading.entity - (EntityResultInitializer) Created new entity instance [org.frcpm.models.Subsystem(959664997851400)#18] : 1629145657
10:24:08.727 [main] DEBUG org.hibernate.orm.results - Extracted JDBC value [3] - [null]
10:24:08.727 [main] DEBUG org.hibernate.orm.results - Extracted JDBC value [1] - [null]
10:24:08.727 [main] DEBUG org.hibernate.orm.results - Extracted JDBC value [2] - [Test Count Subsystem]
10:24:08.727 [main] DEBUG org.hibernate.orm.results - Extracted JDBC value [4] - [NOT_STARTED]
10:24:08.727 [main] DEBUG org.hibernate.orm.results.loading.entity - (EntityResultInitializer) Done materializing entityInstance : org.frcpm.models.Subsystem(959664997851400)#18
10:24:08.727 [main] DEBUG org.hibernate.orm.results.loading - Calling top-level assembler (0 / 1) : org.hibernate.sql.results.graph.entity.internal.EntityAssembler@72ee36ab
10:24:08.727 [main] DEBUG org.hibernate.orm.results - Extracted JDBC value [0] - [22]
10:24:08.727 [main] DEBUG org.hibernate.orm.results.loading.entity - (EntityResultInitializer) Hydrated EntityKey (org.frcpm.models.Subsystem(959664997851400)): 22
10:24:08.727 [main] DEBUG org.hibernate.orm.results.loading.org.hibernate.orm.results.loading.collection - (DelayedCollectionInitializer) Current row collection key : org.frcpm.models.Subsystem(959664997851400).tasks#22
10:24:08.727 [main] DEBUG org.hibernate.orm.results.loading.entity - (EntityResultInitializer) Created new entity instance [org.frcpm.models.Subsystem(959664997851400)#22] : 1316047069
10:24:08.727 [main] DEBUG org.hibernate.orm.results - Extracted JDBC value [3] - [null]
10:24:08.727 [main] DEBUG org.hibernate.orm.results - Extracted JDBC value [1] - [Save subsystem description]
10:24:08.727 [main] DEBUG org.hibernate.orm.results - Extracted JDBC value [2] - [Test Save Subsystem]
10:24:08.727 [main] DEBUG org.hibernate.orm.results - Extracted JDBC value [4] - [TESTING]
10:24:08.727 [main] DEBUG org.hibernate.orm.results.loading.entity - (EntityResultInitializer) Done materializing entityInstance : org.frcpm.models.Subsystem(959664997851400)#22
10:24:08.727 [main] DEBUG org.hibernate.orm.results.loading - Calling top-level assembler (0 / 1) : org.hibernate.sql.results.graph.entity.internal.EntityAssembler@72ee36ab
10:24:08.727 [main] DEBUG org.hibernate.orm.results - Extracted JDBC value [0] - [43]
10:24:08.727 [main] DEBUG org.hibernate.orm.results.loading.entity - (EntityResultInitializer) Hydrated EntityKey (org.frcpm.models.Subsystem(959664997851400)): 43
10:24:08.727 [main] DEBUG org.hibernate.orm.results.loading.org.hibernate.orm.results.loading.collection - (DelayedCollectionInitializer) Current row collection key : org.frcpm.models.Subsystem(959664997851400).tasks#43
10:24:08.727 [main] DEBUG org.hibernate.orm.results.loading.entity - (EntityResultInitializer) Created new entity instance [org.frcpm.models.Subsystem(959664997851400)#43] : 1637728934
10:24:08.727 [main] DEBUG org.hibernate.orm.results - Extracted JDBC value [3] - [null]
10:24:08.727 [main] DEBUG org.hibernate.orm.results - Extracted JDBC value [1] - [Updated description]
10:24:08.727 [main] DEBUG org.hibernate.orm.results - Extracted JDBC value [2] - [Updated Subsystem Name]
10:24:08.727 [main] DEBUG org.hibernate.orm.results - Extracted JDBC value [4] - [ISSUES]
10:24:08.727 [main] DEBUG org.hibernate.orm.results.loading.entity - (EntityResultInitializer) Done materializing entityInstance : org.frcpm.models.Subsystem(959664997851400)#43
10:24:08.727 [main] DEBUG org.hibernate.orm.results.loading - Calling top-level assembler (0 / 1) : org.hibernate.sql.results.graph.entity.internal.EntityAssembler@72ee36ab
10:24:08.727 [main] DEBUG org.hibernate.orm.results - Extracted JDBC value [0] - [44]
10:24:08.727 [main] DEBUG org.hibernate.orm.results.loading.entity - (EntityResultInitializer) Hydrated EntityKey (org.frcpm.models.Subsystem(959664997851400)): 44
10:24:08.727 [main] DEBUG org.hibernate.orm.results.loading.org.hibernate.orm.results.loading.collection - (DelayedCollectionInitializer) Current row collection key : org.frcpm.models.Subsystem(959664997851400).tasks#44
10:24:08.727 [main] DEBUG org.hibernate.orm.results.loading.entity - (EntityResultInitializer) Created new entity instance [org.frcpm.models.Subsystem(959664997851400)#44] : 119204706
10:24:08.727 [main] DEBUG org.hibernate.orm.results - Extracted JDBC value [3] - [null]
10:24:08.727 [main] DEBUG org.hibernate.orm.results - Extracted JDBC value [1] - [null]
10:24:08.727 [main] DEBUG org.hibernate.orm.results - Extracted JDBC value [2] - [Test Task Subsystem]
10:24:08.727 [main] DEBUG org.hibernate.orm.results - Extracted JDBC value [4] - [NOT_STARTED]
10:24:08.727 [main] DEBUG org.hibernate.orm.results.loading.entity - (EntityResultInitializer) Done materializing entityInstance : org.frcpm.models.Subsystem(959664997851400)#44
10:24:08.727 [main] DEBUG org.hibernate.orm.results.loading - Calling top-level assembler (0 / 1) : org.hibernate.sql.results.graph.entity.internal.EntityAssembler@72ee36ab
10:24:08.727 [main] DEBUG org.hibernate.orm.results - Extracted JDBC value [0] - [45]
10:24:08.727 [main] DEBUG org.hibernate.orm.results.loading.entity - (EntityResultInitializer) Hydrated EntityKey (org.frcpm.models.Subsystem(959664997851400)): 45
10:24:08.727 [main] DEBUG org.hibernate.orm.results.loading.org.hibernate.orm.results.loading.collection - (DelayedCollectionInitializer) Current row collection key : org.frcpm.models.Subsystem(959664997851400).tasks#45
10:24:08.727 [main] DEBUG org.hibernate.orm.results.loading.entity - (EntityResultInitializer) Created new entity instance [org.frcpm.models.Subsystem(959664997851400)#45] : 1387067560
10:24:08.727 [main] DEBUG org.hibernate.orm.results - Extracted JDBC value [3] - [null]
10:24:08.727 [main] DEBUG org.hibernate.orm.results - Extracted JDBC value [1] - [null]
10:24:08.727 [main] DEBUG org.hibernate.orm.results - Extracted JDBC value [2] - [Test Task Subsystem]
10:24:08.727 [main] DEBUG org.hibernate.orm.results - Extracted JDBC value [4] - [NOT_STARTED]
10:24:08.727 [main] DEBUG org.hibernate.orm.results.loading.entity - (EntityResultInitializer) Done materializing entityInstance : org.frcpm.models.Subsystem(959664997851400)#45
10:24:08.727 [main] DEBUG org.hibernate.orm.results.loading - Calling top-level assembler (0 / 1) : org.hibernate.sql.results.graph.entity.internal.EntityAssembler@72ee36ab
10:24:08.727 [main] DEBUG org.hibernate.orm.results - Extracted JDBC value [0] - [46]
10:24:08.727 [main] DEBUG org.hibernate.orm.results.loading.entity - (EntityResultInitializer) Hydrated EntityKey (org.frcpm.models.Subsystem(959664997851400)): 46
10:24:08.727 [main] DEBUG org.hibernate.orm.results.loading.org.hibernate.orm.results.loading.collection - (DelayedCollectionInitializer) Current row collection key : org.frcpm.models.Subsystem(959664997851400).tasks#46
10:24:08.727 [main] DEBUG org.hibernate.orm.results.loading.entity - (EntityResultInitializer) Created new entity instance [org.frcpm.models.Subsystem(959664997851400)#46] : 184511807
10:24:08.727 [main] DEBUG org.hibernate.orm.results - Extracted JDBC value [3] - [null]
10:24:08.727 [main] DEBUG org.hibernate.orm.results - Extracted JDBC value [1] - [null]
10:24:08.727 [main] DEBUG org.hibernate.orm.results - Extracted JDBC value [2] - [Test Task Subsystem]
10:24:08.727 [main] DEBUG org.hibernate.orm.results - Extracted JDBC value [4] - [NOT_STARTED]
10:24:08.727 [main] DEBUG org.hibernate.orm.results.loading.entity - (EntityResultInitializer) Done materializing entityInstance : org.frcpm.models.Subsystem(959664997851400)#46
10:24:08.727 [main] DEBUG org.hibernate.orm.results.loading - Calling top-level assembler (0 / 1) : org.hibernate.sql.results.graph.entity.internal.EntityAssembler@72ee36ab
10:24:08.727 [main] DEBUG org.hibernate.orm.results - Extracted JDBC value [0] - [47]
10:24:08.727 [main] DEBUG org.hibernate.orm.results.loading.entity - (EntityResultInitializer) Hydrated EntityKey (org.frcpm.models.Subsystem(959664997851400)): 47
10:24:08.727 [main] DEBUG org.hibernate.orm.results.loading.org.hibernate.orm.results.loading.collection - (DelayedCollectionInitializer) Current row collection key : org.frcpm.models.Subsystem(959664997851400).tasks#47
10:24:08.728 [main] DEBUG org.hibernate.orm.results.loading.entity - (EntityResultInitializer) Created new entity instance [org.frcpm.models.Subsystem(959664997851400)#47] : 1044585611
10:24:08.728 [main] DEBUG org.hibernate.orm.results - Extracted JDBC value [3] - [null]
10:24:08.728 [main] DEBUG org.hibernate.orm.results - Extracted JDBC value [1] - [null]
10:24:08.728 [main] DEBUG org.hibernate.orm.results - Extracted JDBC value [2] - [Test Task Subsystem]
10:24:08.728 [main] DEBUG org.hibernate.orm.results - Extracted JDBC value [4] - [NOT_STARTED]
10:24:08.728 [main] DEBUG org.hibernate.orm.results.loading.entity - (EntityResultInitializer) Done materializing entityInstance : org.frcpm.models.Subsystem(959664997851400)#47
10:24:08.728 [main] DEBUG org.hibernate.orm.results.loading - Calling top-level assembler (0 / 1) : org.hibernate.sql.results.graph.entity.internal.EntityAssembler@72ee36ab
10:24:08.728 [main] DEBUG org.hibernate.orm.results - Extracted JDBC value [0] - [48]
10:24:08.728 [main] DEBUG org.hibernate.orm.results.loading.entity - (EntityResultInitializer) Hydrated EntityKey (org.frcpm.models.Subsystem(959664997851400)): 48
10:24:08.728 [main] DEBUG org.hibernate.orm.results.loading.org.hibernate.orm.results.loading.collection - (DelayedCollectionInitializer) Current row collection key : org.frcpm.models.Subsystem(959664997851400).tasks#48
10:24:08.728 [main] DEBUG org.hibernate.orm.results.loading.entity - (EntityResultInitializer) Created new entity instance [org.frcpm.models.Subsystem(959664997851400)#48] : 1661015898
10:24:08.728 [main] DEBUG org.hibernate.orm.results - Extracted JDBC value [3] - [null]
10:24:08.728 [main] DEBUG org.hibernate.orm.results - Extracted JDBC value [1] - [null]
10:24:08.728 [main] DEBUG org.hibernate.orm.results - Extracted JDBC value [2] - [Test Task Subsystem]
10:24:08.728 [main] DEBUG org.hibernate.orm.results - Extracted JDBC value [4] - [NOT_STARTED]
10:24:08.728 [main] DEBUG org.hibernate.orm.results.loading.entity - (EntityResultInitializer) Done materializing entityInstance : org.frcpm.models.Subsystem(959664997851400)#48
10:24:08.728 [main] DEBUG org.hibernate.orm.results.loading - Calling top-level assembler (0 / 1) : org.hibernate.sql.results.graph.entity.internal.EntityAssembler@72ee36ab
10:24:08.728 [main] DEBUG org.hibernate.orm.results - Extracted JDBC value [0] - [49]
10:24:08.728 [main] DEBUG org.hibernate.orm.results.loading.entity - (EntityResultInitializer) Hydrated EntityKey (org.frcpm.models.Subsystem(959664997851400)): 49
10:24:08.728 [main] DEBUG org.hibernate.orm.results.loading.org.hibernate.orm.results.loading.collection - (DelayedCollectionInitializer) Current row collection key : org.frcpm.models.Subsystem(959664997851400).tasks#49
10:24:08.728 [main] DEBUG org.hibernate.orm.results.loading.entity - (EntityResultInitializer) Created new entity instance [org.frcpm.models.Subsystem(959664997851400)#49] : 814554816
10:24:08.728 [main] DEBUG org.hibernate.orm.results - Extracted JDBC value [3] - [null]
10:24:08.728 [main] DEBUG org.hibernate.orm.results - Extracted JDBC value [1] - [null]
10:24:08.728 [main] DEBUG org.hibernate.orm.results - Extracted JDBC value [2] - [Test Task Subsystem]
10:24:08.728 [main] DEBUG org.hibernate.orm.results - Extracted JDBC value [4] - [NOT_STARTED]
10:24:08.728 [main] DEBUG org.hibernate.orm.results.loading.entity - (EntityResultInitializer) Done materializing entityInstance : org.frcpm.models.Subsystem(959664997851400)#49
10:24:08.728 [main] DEBUG org.hibernate.orm.results.loading - Calling top-level assembler (0 / 1) : org.hibernate.sql.results.graph.entity.internal.EntityAssembler@72ee36ab
10:24:08.728 [main] DEBUG org.hibernate.orm.results - Extracted JDBC value [0] - [50]
10:24:08.728 [main] DEBUG org.hibernate.orm.results.loading.entity - (EntityResultInitializer) Hydrated EntityKey (org.frcpm.models.Subsystem(959664997851400)): 50
10:24:08.728 [main] DEBUG org.hibernate.orm.results.loading.org.hibernate.orm.results.loading.collection - (DelayedCollectionInitializer) Current row collection key : org.frcpm.models.Subsystem(959664997851400).tasks#50
10:24:08.728 [main] DEBUG org.hibernate.orm.results.loading.entity - (EntityResultInitializer) Created new entity instance [org.frcpm.models.Subsystem(959664997851400)#50] : 2041365337
10:24:08.728 [main] DEBUG org.hibernate.orm.results - Extracted JDBC value [3] - [null]
10:24:08.728 [main] DEBUG org.hibernate.orm.results - Extracted JDBC value [1] - [null]
10:24:08.728 [main] DEBUG org.hibernate.orm.results - Extracted JDBC value [2] - [Test Task Subsystem]
10:24:08.728 [main] DEBUG org.hibernate.orm.results - Extracted JDBC value [4] - [NOT_STARTED]
10:24:08.728 [main] DEBUG org.hibernate.orm.results.loading.entity - (EntityResultInitializer) Done materializing entityInstance : org.frcpm.models.Subsystem(959664997851400)#50
10:24:08.728 [main] DEBUG org.hibernate.orm.results.loading - Calling top-level assembler (0 / 1) : org.hibernate.sql.results.graph.entity.internal.EntityAssembler@72ee36ab
10:24:08.728 [main] DEBUG org.hibernate.orm.results - Extracted JDBC value [0] - [51]
10:24:08.728 [main] DEBUG org.hibernate.orm.results.loading.entity - (EntityResultInitializer) Hydrated EntityKey (org.frcpm.models.Subsystem(959664997851400)): 51
10:24:08.728 [main] DEBUG org.hibernate.orm.results.loading.org.hibernate.orm.results.loading.collection - (DelayedCollectionInitializer) Current row collection key : org.frcpm.models.Subsystem(959664997851400).tasks#51
10:24:08.728 [main] DEBUG org.hibernate.orm.results.loading.entity - (EntityResultInitializer) Created new entity instance [org.frcpm.models.Subsystem(959664997851400)#51] : 1343018358
10:24:08.728 [main] DEBUG org.hibernate.orm.results - Extracted JDBC value [3] - [null]
10:24:08.728 [main] DEBUG org.hibernate.orm.results - Extracted JDBC value [1] - [null]
10:24:08.728 [main] DEBUG org.hibernate.orm.results - Extracted JDBC value [2] - [Test Task Subsystem]
10:24:08.728 [main] DEBUG org.hibernate.orm.results - Extracted JDBC value [4] - [NOT_STARTED]
10:24:08.728 [main] DEBUG org.hibernate.orm.results.loading.entity - (EntityResultInitializer) Done materializing entityInstance : org.frcpm.models.Subsystem(959664997851400)#51
10:24:08.728 [main] DEBUG org.hibernate.orm.results.loading - Calling top-level assembler (0 / 1) : org.hibernate.sql.results.graph.entity.internal.EntityAssembler@72ee36ab
10:24:08.728 [main] DEBUG org.hibernate.orm.results - Extracted JDBC value [0] - [52]
10:24:08.728 [main] DEBUG org.hibernate.orm.results.loading.entity - (EntityResultInitializer) Hydrated EntityKey (org.frcpm.models.Subsystem(959664997851400)): 52
10:24:08.728 [main] DEBUG org.hibernate.orm.results.loading.org.hibernate.orm.results.loading.collection - (DelayedCollectionInitializer) Current row collection key : org.frcpm.models.Subsystem(959664997851400).tasks#52
10:24:08.728 [main] DEBUG org.hibernate.orm.results.loading.entity - (EntityResultInitializer) Created new entity instance [org.frcpm.models.Subsystem(959664997851400)#52] : 952239014
10:24:08.728 [main] DEBUG org.hibernate.orm.results - Extracted JDBC value [3] - [null]
10:24:08.728 [main] DEBUG org.hibernate.orm.results - Extracted JDBC value [1] - [null]
10:24:08.728 [main] DEBUG org.hibernate.orm.results - Extracted JDBC value [2] - [Test Task Subsystem]
10:24:08.728 [main] DEBUG org.hibernate.orm.results - Extracted JDBC value [4] - [NOT_STARTED]
10:24:08.728 [main] DEBUG org.hibernate.orm.results.loading.entity - (EntityResultInitializer) Done materializing entityInstance : org.frcpm.models.Subsystem(959664997851400)#52
10:24:08.728 [main] DEBUG org.hibernate.orm.results.loading - Calling top-level assembler (0 / 1) : org.hibernate.sql.results.graph.entity.internal.EntityAssembler@72ee36ab
10:24:08.728 [main] DEBUG org.hibernate.orm.results - Extracted JDBC value [0] - [53]
10:24:08.728 [main] DEBUG org.hibernate.orm.results.loading.entity - (EntityResultInitializer) Hydrated EntityKey (org.frcpm.models.Subsystem(959664997851400)): 53
10:24:08.728 [main] DEBUG org.hibernate.orm.results.loading.org.hibernate.orm.results.loading.collection - (DelayedCollectionInitializer) Current row collection key : org.frcpm.models.Subsystem(959664997851400).tasks#53
10:24:08.728 [main] DEBUG org.hibernate.orm.results.loading.entity - (EntityResultInitializer) Created new entity instance [org.frcpm.models.Subsystem(959664997851400)#53] : 2072294651
10:24:08.728 [main] DEBUG org.hibernate.orm.results - Extracted JDBC value [3] - [null]
10:24:08.728 [main] DEBUG org.hibernate.orm.results - Extracted JDBC value [1] - [null]
10:24:08.728 [main] DEBUG org.hibernate.orm.results - Extracted JDBC value [2] - [Test Task Subsystem]
10:24:08.728 [main] DEBUG org.hibernate.orm.results - Extracted JDBC value [4] - [NOT_STARTED]
10:24:08.728 [main] DEBUG org.hibernate.orm.results.loading.entity - (EntityResultInitializer) Done materializing entityInstance : org.frcpm.models.Subsystem(959664997851400)#53
10:24:08.728 [main] DEBUG org.hibernate.orm.results.loading - Calling top-level assembler (0 / 1) : org.hibernate.sql.results.graph.entity.internal.EntityAssembler@72ee36ab
10:24:08.728 [main] DEBUG org.hibernate.orm.results - Extracted JDBC value [0] - [54]
10:24:08.728 [main] DEBUG org.hibernate.orm.results.loading.entity - (EntityResultInitializer) Hydrated EntityKey (org.frcpm.models.Subsystem(959664997851400)): 54
10:24:08.728 [main] DEBUG org.hibernate.orm.results.loading.org.hibernate.orm.results.loading.collection - (DelayedCollectionInitializer) Current row collection key : org.frcpm.models.Subsystem(959664997851400).tasks#54
10:24:08.728 [main] DEBUG org.hibernate.orm.results.loading.entity - (EntityResultInitializer) Created new entity instance [org.frcpm.models.Subsystem(959664997851400)#54] : 699571805
10:24:08.728 [main] DEBUG org.hibernate.orm.results - Extracted JDBC value [3] - [null]
10:24:08.728 [main] DEBUG org.hibernate.orm.results - Extracted JDBC value [1] - [null]
10:24:08.728 [main] DEBUG org.hibernate.orm.results - Extracted JDBC value [2] - [Test Task Subsystem]
10:24:08.728 [main] DEBUG org.hibernate.orm.results - Extracted JDBC value [4] - [NOT_STARTED]
10:24:08.728 [main] DEBUG org.hibernate.orm.results.loading.entity - (EntityResultInitializer) Done materializing entityInstance : org.frcpm.models.Subsystem(959664997851400)#54
10:24:08.728 [main] DEBUG org.hibernate.orm.results.loading - Calling top-level assembler (0 / 1) : org.hibernate.sql.results.graph.entity.internal.EntityAssembler@72ee36ab
10:24:08.728 [main] DEBUG org.hibernate.orm.results - Extracted JDBC value [0] - [55]
10:24:08.728 [main] DEBUG org.hibernate.orm.results.loading.entity - (EntityResultInitializer) Hydrated EntityKey (org.frcpm.models.Subsystem(959664997851400)): 55
10:24:08.728 [main] DEBUG org.hibernate.orm.results.loading.org.hibernate.orm.results.loading.collection - (DelayedCollectionInitializer) Current row collection key : org.frcpm.models.Subsystem(959664997851400).tasks#55
10:24:08.728 [main] DEBUG org.hibernate.orm.results.loading.entity - (EntityResultInitializer) Created new entity instance [org.frcpm.models.Subsystem(959664997851400)#55] : 298192366
10:24:08.728 [main] DEBUG org.hibernate.orm.results - Extracted JDBC value [3] - [null]
10:24:08.728 [main] DEBUG org.hibernate.orm.results - Extracted JDBC value [1] - [null]
10:24:08.728 [main] DEBUG org.hibernate.orm.results - Extracted JDBC value [2] - [Test Task Subsystem]
10:24:08.728 [main] DEBUG org.hibernate.orm.results - Extracted JDBC value [4] - [NOT_STARTED]
10:24:08.728 [main] DEBUG org.hibernate.orm.results.loading.entity - (EntityResultInitializer) Done materializing entityInstance : org.frcpm.models.Subsystem(959664997851400)#55
10:24:08.728 [main] DEBUG org.hibernate.orm.results.loading - Calling top-level assembler (0 / 1) : org.hibernate.sql.results.graph.entity.internal.EntityAssembler@72ee36ab
10:24:08.728 [main] DEBUG org.hibernate.orm.results - Extracted JDBC value [0] - [56]
10:24:08.728 [main] DEBUG org.hibernate.orm.results.loading.entity - (EntityResultInitializer) Hydrated EntityKey (org.frcpm.models.Subsystem(959664997851400)): 56
10:24:08.728 [main] DEBUG org.hibernate.orm.results.loading.org.hibernate.orm.results.loading.collection - (DelayedCollectionInitializer) Current row collection key : org.frcpm.models.Subsystem(959664997851400).tasks#56
10:24:08.728 [main] DEBUG org.hibernate.orm.results.loading.entity - (EntityResultInitializer) Created new entity instance [org.frcpm.models.Subsystem(959664997851400)#56] : 105061912
10:24:08.728 [main] DEBUG org.hibernate.orm.results - Extracted JDBC value [3] - [null]
10:24:08.728 [main] DEBUG org.hibernate.orm.results - Extracted JDBC value [1] - [null]
10:24:08.728 [main] DEBUG org.hibernate.orm.results - Extracted JDBC value [2] - [Test Task Subsystem]
10:24:08.728 [main] DEBUG org.hibernate.orm.results - Extracted JDBC value [4] - [NOT_STARTED]
10:24:08.728 [main] DEBUG org.hibernate.orm.results.loading.entity - (EntityResultInitializer) Done materializing entityInstance : org.frcpm.models.Subsystem(959664997851400)#56
10:24:08.728 [main] DEBUG org.hibernate.orm.results.loading - Calling top-level assembler (0 / 1) : org.hibernate.sql.results.graph.entity.internal.EntityAssembler@72ee36ab
10:24:08.728 [main] DEBUG org.hibernate.orm.results - Extracted JDBC value [0] - [66]
10:24:08.728 [main] DEBUG org.hibernate.orm.results.loading.entity - (EntityResultInitializer) Hydrated EntityKey (org.frcpm.models.Subsystem(959664997851400)): 66
10:24:08.728 [main] DEBUG org.hibernate.orm.results.loading.org.hibernate.orm.results.loading.collection - (DelayedCollectionInitializer) Current row collection key : org.frcpm.models.Subsystem(959664997851400).tasks#66
10:24:08.728 [main] DEBUG org.hibernate.orm.results.loading.entity - (EntityResultInitializer) Created new entity instance [org.frcpm.models.Subsystem(959664997851400)#66] : 850986000
10:24:08.728 [main] DEBUG org.hibernate.orm.results - Extracted JDBC value [3] - [null]
10:24:08.728 [main] DEBUG org.hibernate.orm.results - Extracted JDBC value [1] - [Test subsystem for component tests]
10:24:08.728 [main] DEBUG org.hibernate.orm.results - Extracted JDBC value [2] - [Component Test Subsystem]
10:24:08.728 [main] DEBUG org.hibernate.orm.results - Extracted JDBC value [4] - [NOT_STARTED]
10:24:08.728 [main] DEBUG org.hibernate.orm.results.loading.entity - (EntityResultInitializer) Done materializing entityInstance : org.frcpm.models.Subsystem(959664997851400)#66
10:24:08.728 [main] DEBUG org.hibernate.orm.results.loading - Calling top-level assembler (0 / 1) : org.hibernate.sql.results.graph.entity.internal.EntityAssembler@72ee36ab
10:24:08.728 [main] DEBUG org.hibernate.resource.jdbc.internal.LogicalConnectionManagedImpl - Initiating JDBC connection release from afterTransaction
10:24:08.729 [main] DEBUG org.hibernate.resource.jdbc.internal.LogicalConnectionManagedImpl - Initiating JDBC connection release from afterTransaction
10:24:08.729 [main] DEBUG org.hibernate.orm.sql.ast.create - Created new SQL alias : s1_0
10:24:08.729 [main] DEBUG org.hibernate.orm.sql.ast.create - Registration of TableGroup [StandardTableGroup(org.frcpm.models.Subteam(959665015639700))] with identifierForTableGroup [org.frcpm.models.Subteam] for NavigablePath [org.frcpm.models.Subteam] 
10:24:08.730 [main] DEBUG org.hibernate.orm.results.graph.AST - DomainResult Graph:
 \-EntityResultImpl [org.frcpm.models.Subteam(959665015639700)]
 |  +-BasicFetch [org.frcpm.models.Subteam(959665015639700).colorCode]
 |  +-DelayedCollectionFetch [org.frcpm.models.Subteam(959665015639700).members]
 |  +-BasicFetch [org.frcpm.models.Subteam(959665015639700).name]
 |  +-BasicFetch [org.frcpm.models.Subteam(959665015639700).specialties]
 |  \-DelayedCollectionFetch [org.frcpm.models.Subteam(959665015639700).subsystems]

10:24:08.730 [main] DEBUG org.hibernate.orm.sql.ast.tree - SQL AST Tree:
    SelectStatement {
      FromClause {
        StandardTableGroup (s1 : org.frcpm.models.Subteam(959665015639700)) {
          primaryTableReference : subteams as s1_0
        }
      }
    }

10:24:08.730 [main] DEBUG org.hibernate.orm.sql.exec - Skipping reading Query result cache data: cache-enabled = false, cache-mode = NORMAL
10:24:08.731 [main] DEBUG org.hibernate.orm.results - Initializer list:
	  org.frcpm.models.Subteam(959665015639700) -> EntityResultInitializer(org.frcpm.models.Subteam(959665015639700))@1946953877 (SingleTableEntityPersister(org.frcpm.models.Subteam))
	  org.frcpm.models.Subteam(959665015639700).subsystems -> DelayedCollectionInitializer(org.frcpm.models.Subteam(959665015639700).subsystems)@75871471 (PluralAttribute(org.frcpm.models.Subteam.subsystems))
	  org.frcpm.models.Subteam(959665015639700).members -> DelayedCollectionInitializer(org.frcpm.models.Subteam(959665015639700).members)@379240694 (PluralAttribute(org.frcpm.models.Subteam.members))

10:24:08.731 [main] DEBUG org.hibernate.SQL - select s1_0.id,s1_0.color_code,s1_0.name,s1_0.specialties from subteams s1_0
10:24:08.732 [main] DEBUG org.hibernate.orm.results - Extracted JDBC value [0] - [1]
10:24:08.733 [main] DEBUG org.hibernate.orm.results.loading.entity - (EntityResultInitializer) Hydrated EntityKey (org.frcpm.models.Subteam(959665015639700)): 1
10:24:08.733 [main] DEBUG org.hibernate.orm.results.loading.org.hibernate.orm.results.loading.collection - (DelayedCollectionInitializer) Current row collection key : org.frcpm.models.Subteam(959665015639700).members#1
10:24:08.733 [main] DEBUG org.hibernate.orm.results.loading.org.hibernate.orm.results.loading.collection - (DelayedCollectionInitializer) Current row collection key : org.frcpm.models.Subteam(959665015639700).subsystems#1
10:24:08.733 [main] DEBUG org.hibernate.orm.results.loading.entity - (EntityResultInitializer) Created new entity instance [org.frcpm.models.Subteam(959665015639700)#1] : 341213462
10:24:08.733 [main] DEBUG org.hibernate.orm.results - Extracted JDBC value [1] - [#FF5733]
10:24:08.733 [main] DEBUG org.hibernate.orm.results - Extracted JDBC value [2] - [Mechanical]
10:24:08.733 [main] DEBUG org.hibernate.orm.results - Extracted JDBC value [3] - [Design, CAD, Fabrication, Assembly]
10:24:08.733 [main] DEBUG org.hibernate.orm.results.loading.entity - (EntityResultInitializer) Done materializing entityInstance : org.frcpm.models.Subteam(959665015639700)#1
10:24:08.733 [main] DEBUG org.hibernate.orm.results.loading - Calling top-level assembler (0 / 1) : org.hibernate.sql.results.graph.entity.internal.EntityAssembler@2f45ab4a
10:24:08.734 [main] DEBUG org.hibernate.orm.results - Extracted JDBC value [0] - [2]
10:24:08.734 [main] DEBUG org.hibernate.orm.results.loading.entity - (EntityResultInitializer) Hydrated EntityKey (org.frcpm.models.Subteam(959665015639700)): 2
10:24:08.734 [main] DEBUG org.hibernate.orm.results.loading.org.hibernate.orm.results.loading.collection - (DelayedCollectionInitializer) Current row collection key : org.frcpm.models.Subteam(959665015639700).members#2
10:24:08.734 [main] DEBUG org.hibernate.orm.results.loading.org.hibernate.orm.results.loading.collection - (DelayedCollectionInitializer) Current row collection key : org.frcpm.models.Subteam(959665015639700).subsystems#2
10:24:08.734 [main] DEBUG org.hibernate.orm.results.loading.entity - (EntityResultInitializer) Created new entity instance [org.frcpm.models.Subteam(959665015639700)#2] : 255574405
10:24:08.734 [main] DEBUG org.hibernate.orm.results - Extracted JDBC value [1] - [#33A8FF]
10:24:08.734 [main] DEBUG org.hibernate.orm.results - Extracted JDBC value [2] - [Electrical]
10:24:08.734 [main] DEBUG org.hibernate.orm.results - Extracted JDBC value [3] - [Wiring, Electronics, Sensors, Power Systems]
10:24:08.734 [main] DEBUG org.hibernate.orm.results.loading.entity - (EntityResultInitializer) Done materializing entityInstance : org.frcpm.models.Subteam(959665015639700)#2
10:24:08.734 [main] DEBUG org.hibernate.orm.results.loading - Calling top-level assembler (0 / 1) : org.hibernate.sql.results.graph.entity.internal.EntityAssembler@2f45ab4a
10:24:08.734 [main] DEBUG org.hibernate.orm.results - Extracted JDBC value [0] - [3]
10:24:08.734 [main] DEBUG org.hibernate.orm.results.loading.entity - (EntityResultInitializer) Hydrated EntityKey (org.frcpm.models.Subteam(959665015639700)): 3
10:24:08.734 [main] DEBUG org.hibernate.orm.results.loading.org.hibernate.orm.results.loading.collection - (DelayedCollectionInitializer) Current row collection key : org.frcpm.models.Subteam(959665015639700).members#3
10:24:08.735 [main] DEBUG org.hibernate.orm.results.loading.org.hibernate.orm.results.loading.collection - (DelayedCollectionInitializer) Current row collection key : org.frcpm.models.Subteam(959665015639700).subsystems#3
10:24:08.735 [main] DEBUG org.hibernate.orm.results.loading.entity - (EntityResultInitializer) Created new entity instance [org.frcpm.models.Subteam(959665015639700)#3] : 719297606
10:24:08.735 [main] DEBUG org.hibernate.orm.results - Extracted JDBC value [1] - [#33FF57]
10:24:08.735 [main] DEBUG org.hibernate.orm.results - Extracted JDBC value [2] - [Programming]
10:24:08.735 [main] DEBUG org.hibernate.orm.results - Extracted JDBC value [3] - [Java, Vision, Control Systems, Autonomous]
10:24:08.735 [main] DEBUG org.hibernate.orm.results.loading.entity - (EntityResultInitializer) Done materializing entityInstance : org.frcpm.models.Subteam(959665015639700)#3
10:24:08.735 [main] DEBUG org.hibernate.orm.results.loading - Calling top-level assembler (0 / 1) : org.hibernate.sql.results.graph.entity.internal.EntityAssembler@2f45ab4a
10:24:08.735 [main] DEBUG org.hibernate.orm.results - Extracted JDBC value [0] - [4]
10:24:08.735 [main] DEBUG org.hibernate.orm.results.loading.entity - (EntityResultInitializer) Hydrated EntityKey (org.frcpm.models.Subteam(959665015639700)): 4
10:24:08.735 [main] DEBUG org.hibernate.orm.results.loading.org.hibernate.orm.results.loading.collection - (DelayedCollectionInitializer) Current row collection key : org.frcpm.models.Subteam(959665015639700).members#4
10:24:08.735 [main] DEBUG org.hibernate.orm.results.loading.org.hibernate.orm.results.loading.collection - (DelayedCollectionInitializer) Current row collection key : org.frcpm.models.Subteam(959665015639700).subsystems#4
10:24:08.735 [main] DEBUG org.hibernate.orm.results.loading.entity - (EntityResultInitializer) Created new entity instance [org.frcpm.models.Subteam(959665015639700)#4] : 951497979
10:24:08.735 [main] DEBUG org.hibernate.orm.results - Extracted JDBC value [1] - [#FF33A8]
10:24:08.735 [main] DEBUG org.hibernate.orm.results - Extracted JDBC value [2] - [Business]
10:24:08.735 [main] DEBUG org.hibernate.orm.results - Extracted JDBC value [3] - [Fundraising, Marketing, Outreach, Awards]
10:24:08.735 [main] DEBUG org.hibernate.orm.results.loading.entity - (EntityResultInitializer) Done materializing entityInstance : org.frcpm.models.Subteam(959665015639700)#4
10:24:08.736 [main] DEBUG org.hibernate.orm.results.loading - Calling top-level assembler (0 / 1) : org.hibernate.sql.results.graph.entity.internal.EntityAssembler@2f45ab4a
10:24:08.736 [main] DEBUG org.hibernate.orm.results - Extracted JDBC value [0] - [24]
10:24:08.736 [main] DEBUG org.hibernate.orm.results.loading.entity - (EntityResultInitializer) Hydrated EntityKey (org.frcpm.models.Subteam(959665015639700)): 24
10:24:08.736 [main] DEBUG org.hibernate.orm.results.loading.org.hibernate.orm.results.loading.collection - (DelayedCollectionInitializer) Current row collection key : org.frcpm.models.Subteam(959665015639700).members#24
10:24:08.736 [main] DEBUG org.hibernate.orm.results.loading.org.hibernate.orm.results.loading.collection - (DelayedCollectionInitializer) Current row collection key : org.frcpm.models.Subteam(959665015639700).subsystems#24
10:24:08.736 [main] DEBUG org.hibernate.orm.results.loading.entity - (EntityResultInitializer) Created new entity instance [org.frcpm.models.Subteam(959665015639700)#24] : 1479155278
10:24:08.736 [main] DEBUG org.hibernate.orm.results - Extracted JDBC value [1] - [#0000FF]
10:24:08.736 [main] DEBUG org.hibernate.orm.results - Extracted JDBC value [2] - [Test Count Subteam]
10:24:08.736 [main] DEBUG org.hibernate.orm.results - Extracted JDBC value [3] - [null]
10:24:08.736 [main] DEBUG org.hibernate.orm.results.loading.entity - (EntityResultInitializer) Done materializing entityInstance : org.frcpm.models.Subteam(959665015639700)#24
10:24:08.736 [main] DEBUG org.hibernate.orm.results.loading - Calling top-level assembler (0 / 1) : org.hibernate.sql.results.graph.entity.internal.EntityAssembler@2f45ab4a
10:24:08.736 [main] DEBUG org.hibernate.orm.results - Extracted JDBC value [0] - [27]
10:24:08.736 [main] DEBUG org.hibernate.orm.results.loading.entity - (EntityResultInitializer) Hydrated EntityKey (org.frcpm.models.Subteam(959665015639700)): 27
10:24:08.736 [main] DEBUG org.hibernate.orm.results.loading.org.hibernate.orm.results.loading.collection - (DelayedCollectionInitializer) Current row collection key : org.frcpm.models.Subteam(959665015639700).members#27
10:24:08.736 [main] DEBUG org.hibernate.orm.results.loading.org.hibernate.orm.results.loading.collection - (DelayedCollectionInitializer) Current row collection key : org.frcpm.models.Subteam(959665015639700).subsystems#27
10:24:08.736 [main] DEBUG org.hibernate.orm.results.loading.entity - (EntityResultInitializer) Created new entity instance [org.frcpm.models.Subteam(959665015639700)#27] : 2057941048
10:24:08.736 [main] DEBUG org.hibernate.orm.results - Extracted JDBC value [1] - [#0000FF]
10:24:08.736 [main] DEBUG org.hibernate.orm.results - Extracted JDBC value [2] - [Test Save Subteam]
10:24:08.736 [main] DEBUG org.hibernate.orm.results - Extracted JDBC value [3] - [Testing]
10:24:08.736 [main] DEBUG org.hibernate.orm.results.loading.entity - (EntityResultInitializer) Done materializing entityInstance : org.frcpm.models.Subteam(959665015639700)#27
10:24:08.736 [main] DEBUG org.hibernate.orm.results.loading - Calling top-level assembler (0 / 1) : org.hibernate.sql.results.graph.entity.internal.EntityAssembler@2f45ab4a
10:24:08.736 [main] DEBUG org.hibernate.orm.results - Extracted JDBC value [0] - [42]
10:24:08.736 [main] DEBUG org.hibernate.orm.results.loading.entity - (EntityResultInitializer) Hydrated EntityKey (org.frcpm.models.Subteam(959665015639700)): 42
10:24:08.736 [main] DEBUG org.hibernate.orm.results.loading.org.hibernate.orm.results.loading.collection - (DelayedCollectionInitializer) Current row collection key : org.frcpm.models.Subteam(959665015639700).members#42
10:24:08.736 [main] DEBUG org.hibernate.orm.results.loading.org.hibernate.orm.results.loading.collection - (DelayedCollectionInitializer) Current row collection key : org.frcpm.models.Subteam(959665015639700).subsystems#42
10:24:08.736 [main] DEBUG org.hibernate.orm.results.loading.entity - (EntityResultInitializer) Created new entity instance [org.frcpm.models.Subteam(959665015639700)#42] : 655075121
10:24:08.736 [main] DEBUG org.hibernate.orm.results - Extracted JDBC value [1] - [#00FFFF]
10:24:08.736 [main] DEBUG org.hibernate.orm.results - Extracted JDBC value [2] - [Updated Subteam Name]
10:24:08.736 [main] DEBUG org.hibernate.orm.results - Extracted JDBC value [3] - [null]
10:24:08.737 [main] DEBUG org.hibernate.orm.results.loading.entity - (EntityResultInitializer) Done materializing entityInstance : org.frcpm.models.Subteam(959665015639700)#42
10:24:08.737 [main] DEBUG org.hibernate.orm.results.loading - Calling top-level assembler (0 / 1) : org.hibernate.sql.results.graph.entity.internal.EntityAssembler@2f45ab4a
10:24:08.737 [main] DEBUG org.hibernate.orm.results - Extracted JDBC value [0] - [67]
10:24:08.737 [main] DEBUG org.hibernate.orm.results.loading.entity - (EntityResultInitializer) Hydrated EntityKey (org.frcpm.models.Subteam(959665015639700)): 67
10:24:08.737 [main] DEBUG org.hibernate.orm.results.loading.org.hibernate.orm.results.loading.collection - (DelayedCollectionInitializer) Current row collection key : org.frcpm.models.Subteam(959665015639700).members#67
10:24:08.737 [main] DEBUG org.hibernate.orm.results.loading.org.hibernate.orm.results.loading.collection - (DelayedCollectionInitializer) Current row collection key : org.frcpm.models.Subteam(959665015639700).subsystems#67
10:24:08.737 [main] DEBUG org.hibernate.orm.results.loading.entity - (EntityResultInitializer) Created new entity instance [org.frcpm.models.Subteam(959665015639700)#67] : 1097037036
10:24:08.737 [main] DEBUG org.hibernate.orm.results - Extracted JDBC value [1] - [#0000FF]
10:24:08.737 [main] DEBUG org.hibernate.orm.results - Extracted JDBC value [2] - [Test Create Service Subteam]
10:24:08.737 [main] DEBUG org.hibernate.orm.results - Extracted JDBC value [3] - [Testing, Quality Assurance]
10:24:08.737 [main] DEBUG org.hibernate.orm.results.loading.entity - (EntityResultInitializer) Done materializing entityInstance : org.frcpm.models.Subteam(959665015639700)#67
10:24:08.737 [main] DEBUG org.hibernate.orm.results.loading - Calling top-level assembler (0 / 1) : org.hibernate.sql.results.graph.entity.internal.EntityAssembler@2f45ab4a
10:24:08.737 [main] DEBUG org.hibernate.orm.results - Extracted JDBC value [0] - [70]
10:24:08.737 [main] DEBUG org.hibernate.orm.results.loading.entity - (EntityResultInitializer) Hydrated EntityKey (org.frcpm.models.Subteam(959665015639700)): 70
10:24:08.737 [main] DEBUG org.hibernate.orm.results.loading.org.hibernate.orm.results.loading.collection - (DelayedCollectionInitializer) Current row collection key : org.frcpm.models.Subteam(959665015639700).members#70
10:24:08.737 [main] DEBUG org.hibernate.orm.results.loading.org.hibernate.orm.results.loading.collection - (DelayedCollectionInitializer) Current row collection key : org.frcpm.models.Subteam(959665015639700).subsystems#70
10:24:08.737 [main] DEBUG org.hibernate.orm.results.loading.entity - (EntityResultInitializer) Created new entity instance [org.frcpm.models.Subteam(959665015639700)#70] : 1272143679
10:24:08.737 [main] DEBUG org.hibernate.orm.results - Extracted JDBC value [1] - [#00FFFF]
10:24:08.737 [main] DEBUG org.hibernate.orm.results - Extracted JDBC value [2] - [Test Color Update Subteam]
10:24:08.737 [main] DEBUG org.hibernate.orm.results - Extracted JDBC value [3] - [Specialties]
10:24:08.737 [main] DEBUG org.hibernate.orm.results.loading.entity - (EntityResultInitializer) Done materializing entityInstance : org.frcpm.models.Subteam(959665015639700)#70
10:24:08.737 [main] DEBUG org.hibernate.orm.results.loading - Calling top-level assembler (0 / 1) : org.hibernate.sql.results.graph.entity.internal.EntityAssembler@2f45ab4a
10:24:08.737 [main] DEBUG org.hibernate.orm.results - Extracted JDBC value [0] - [79]
10:24:08.737 [main] DEBUG org.hibernate.orm.results.loading.entity - (EntityResultInitializer) Hydrated EntityKey (org.frcpm.models.Subteam(959665015639700)): 79
10:24:08.737 [main] DEBUG org.hibernate.orm.results.loading.org.hibernate.orm.results.loading.collection - (DelayedCollectionInitializer) Current row collection key : org.frcpm.models.Subteam(959665015639700).members#79
10:24:08.737 [main] DEBUG org.hibernate.orm.results.loading.org.hibernate.orm.results.loading.collection - (DelayedCollectionInitializer) Current row collection key : org.frcpm.models.Subteam(959665015639700).subsystems#79
10:24:08.737 [main] DEBUG org.hibernate.orm.results.loading.entity - (EntityResultInitializer) Created new entity instance [org.frcpm.models.Subteam(959665015639700)#79] : 1566086951
10:24:08.737 [main] DEBUG org.hibernate.orm.results - Extracted JDBC value [1] - [#0000FF]
10:24:08.737 [main] DEBUG org.hibernate.orm.results - Extracted JDBC value [2] - [Test Update Subteam]
10:24:08.737 [main] DEBUG org.hibernate.orm.results - Extracted JDBC value [3] - [Updated Specialties]
10:24:08.737 [main] DEBUG org.hibernate.orm.results.loading.entity - (EntityResultInitializer) Done materializing entityInstance : org.frcpm.models.Subteam(959665015639700)#79
10:24:08.737 [main] DEBUG org.hibernate.orm.results.loading - Calling top-level assembler (0 / 1) : org.hibernate.sql.results.graph.entity.internal.EntityAssembler@2f45ab4a
10:24:08.737 [main] DEBUG org.hibernate.orm.results - Extracted JDBC value [0] - [87]
10:24:08.737 [main] DEBUG org.hibernate.orm.results.loading.entity - (EntityResultInitializer) Hydrated EntityKey (org.frcpm.models.Subteam(959665015639700)): 87
10:24:08.737 [main] DEBUG org.hibernate.orm.results.loading.org.hibernate.orm.results.loading.collection - (DelayedCollectionInitializer) Current row collection key : org.frcpm.models.Subteam(959665015639700).members#87
10:24:08.737 [main] DEBUG org.hibernate.orm.results.loading.org.hibernate.orm.results.loading.collection - (DelayedCollectionInitializer) Current row collection key : org.frcpm.models.Subteam(959665015639700).subsystems#87
10:24:08.737 [main] DEBUG org.hibernate.orm.results.loading.entity - (EntityResultInitializer) Created new entity instance [org.frcpm.models.Subteam(959665015639700)#87] : 1167916756
10:24:08.737 [main] DEBUG org.hibernate.orm.results - Extracted JDBC value [1] - [#0000FF]
10:24:08.737 [main] DEBUG org.hibernate.orm.results - Extracted JDBC value [2] - [Duplicate Name Subteam]
10:24:08.737 [main] DEBUG org.hibernate.orm.results - Extracted JDBC value [3] - [Specialties]
10:24:08.737 [main] DEBUG org.hibernate.orm.results.loading.entity - (EntityResultInitializer) Done materializing entityInstance : org.frcpm.models.Subteam(959665015639700)#87
10:24:08.737 [main] DEBUG org.hibernate.orm.results.loading - Calling top-level assembler (0 / 1) : org.hibernate.sql.results.graph.entity.internal.EntityAssembler@2f45ab4a
10:24:08.737 [main] DEBUG org.hibernate.resource.jdbc.internal.LogicalConnectionManagedImpl - Initiating JDBC connection release from afterTransaction
10:24:08.737 [main] DEBUG org.hibernate.resource.jdbc.internal.LogicalConnectionManagedImpl - Initiating JDBC connection release from afterTransaction
]]></system-out>
  </testcase>
  <testcase name="testShowInfoAlert" classname="org.frcpm.controllers.SubsystemControllerTest" time="0.016">
    <system-out><![CDATA[10:24:08.742 [main] DEBUG org.hibernate.orm.sql.ast.create - Created new SQL alias : s1_0
10:24:08.742 [main] DEBUG org.hibernate.orm.sql.ast.create - Registration of TableGroup [StandardTableGroup(org.frcpm.models.Subsystem(959665028482800))] with identifierForTableGroup [org.frcpm.models.Subsystem] for NavigablePath [org.frcpm.models.Subsystem] 
10:24:08.742 [main] DEBUG org.hibernate.orm.sql.ast.create - Registration of TableGroup [org.hibernate.sql.ast.tree.from.LazyTableGroup@728439ce] with identifierForTableGroup [org.frcpm.models.Subsystem.responsibleSubteam] for NavigablePath [org.frcpm.models.Subsystem.responsibleSubteam] 
10:24:08.742 [main] DEBUG org.hibernate.orm.results.graph.AST - DomainResult Graph:
 \-EntityResultImpl [org.frcpm.models.Subsystem(959665028482800)]
 |  +-BasicFetch [org.frcpm.models.Subsystem(959665028482800).description]
 |  +-BasicFetch [org.frcpm.models.Subsystem(959665028482800).name]
 |  +-CircularFetchImpl [org.frcpm.models.Subsystem(959665028482800).responsibleSubteam]
 |  +-BasicFetch [org.frcpm.models.Subsystem(959665028482800).status]
 |  \-DelayedCollectionFetch [org.frcpm.models.Subsystem(959665028482800).tasks]

10:24:08.742 [main] DEBUG org.hibernate.orm.sql.ast.tree - SQL AST Tree:
    SelectStatement {
      FromClause {
        StandardTableGroup (s1 : org.frcpm.models.Subsystem(959665028482800)) {
          primaryTableReference : subsystems as s1_0
          TableGroupJoins {
            left  join LazyTableGroup (rs1 : org.frcpm.models.Subsystem(959665028482800).responsibleSubteam) {
            }
          }
        }
      }
    }

10:24:08.743 [main] DEBUG org.hibernate.orm.sql.exec - Skipping reading Query result cache data: cache-enabled = false, cache-mode = NORMAL
10:24:08.743 [main] DEBUG org.hibernate.orm.results - Initializer list:
	  org.frcpm.models.Subsystem(959665028482800).responsibleSubteam -> EntityDelayedFetchInitializer(org.frcpm.models.Subsystem(959665028482800).responsibleSubteam)@1770950314 (ToOneAttributeMapping(NavigableRole[org.frcpm.models.Subsystem.responsibleSubteam])@135084207)
	  org.frcpm.models.Subsystem(959665028482800) -> EntityResultInitializer(org.frcpm.models.Subsystem(959665028482800))@260890108 (SingleTableEntityPersister(org.frcpm.models.Subsystem))
	  org.frcpm.models.Subsystem(959665028482800).tasks -> DelayedCollectionInitializer(org.frcpm.models.Subsystem(959665028482800).tasks)@1372674712 (PluralAttribute(org.frcpm.models.Subsystem.tasks))

10:24:08.743 [main] DEBUG org.hibernate.SQL - select s1_0.id,s1_0.description,s1_0.name,s1_0.responsible_subteam_id,s1_0.status from subsystems s1_0
10:24:08.743 [main] DEBUG org.hibernate.orm.results - Extracted JDBC value [0] - [1]
10:24:08.743 [main] DEBUG org.hibernate.orm.results.loading.entity - (EntityResultInitializer) Hydrated EntityKey (org.frcpm.models.Subsystem(959665028482800)): 1
10:24:08.743 [main] DEBUG org.hibernate.orm.results.loading.org.hibernate.orm.results.loading.collection - (DelayedCollectionInitializer) Current row collection key : org.frcpm.models.Subsystem(959665028482800).tasks#1
10:24:08.743 [main] DEBUG org.hibernate.orm.results.loading.entity - (EntityResultInitializer) Created new entity instance [org.frcpm.models.Subsystem(959665028482800)#1] : 1982081836
10:24:08.743 [main] DEBUG org.hibernate.orm.results - Extracted JDBC value [3] - [1]
10:24:08.743 [main] DEBUG org.hibernate.orm.results - Extracted JDBC value [1] - [Robot movement and navigation system]
10:24:08.743 [main] DEBUG org.hibernate.orm.results - Extracted JDBC value [2] - [Drivetrain]
10:24:08.743 [main] DEBUG org.hibernate.orm.results - Extracted JDBC value [4] - [IN_PROGRESS]
10:24:08.743 [main] DEBUG org.hibernate.orm.results.loading.entity - (EntityResultInitializer) Done materializing entityInstance : org.frcpm.models.Subsystem(959665028482800)#1
10:24:08.743 [main] DEBUG org.hibernate.orm.results.loading - Calling top-level assembler (0 / 1) : org.hibernate.sql.results.graph.entity.internal.EntityAssembler@6deb050b
10:24:08.743 [main] DEBUG org.hibernate.orm.results - Extracted JDBC value [0] - [2]
10:24:08.743 [main] DEBUG org.hibernate.orm.results.loading.entity - (EntityResultInitializer) Hydrated EntityKey (org.frcpm.models.Subsystem(959665028482800)): 2
10:24:08.743 [main] DEBUG org.hibernate.orm.results.loading.org.hibernate.orm.results.loading.collection - (DelayedCollectionInitializer) Current row collection key : org.frcpm.models.Subsystem(959665028482800).tasks#2
10:24:08.744 [main] DEBUG org.hibernate.orm.results.loading.entity - (EntityResultInitializer) Created new entity instance [org.frcpm.models.Subsystem(959665028482800)#2] : 26816520
10:24:08.744 [main] DEBUG org.hibernate.orm.results - Extracted JDBC value [3] - [1]
10:24:08.744 [main] DEBUG org.hibernate.orm.results - Extracted JDBC value [1] - [Mechanism for collecting game pieces]
10:24:08.744 [main] DEBUG org.hibernate.orm.results - Extracted JDBC value [2] - [Intake]
10:24:08.744 [main] DEBUG org.hibernate.orm.results - Extracted JDBC value [4] - [NOT_STARTED]
10:24:08.744 [main] DEBUG org.hibernate.orm.results.loading.entity - (EntityResultInitializer) Done materializing entityInstance : org.frcpm.models.Subsystem(959665028482800)#2
10:24:08.744 [main] DEBUG org.hibernate.orm.results.loading - Calling top-level assembler (0 / 1) : org.hibernate.sql.results.graph.entity.internal.EntityAssembler@6deb050b
10:24:08.744 [main] DEBUG org.hibernate.orm.results - Extracted JDBC value [0] - [3]
10:24:08.744 [main] DEBUG org.hibernate.orm.results.loading.entity - (EntityResultInitializer) Hydrated EntityKey (org.frcpm.models.Subsystem(959665028482800)): 3
10:24:08.744 [main] DEBUG org.hibernate.orm.results.loading.org.hibernate.orm.results.loading.collection - (DelayedCollectionInitializer) Current row collection key : org.frcpm.models.Subsystem(959665028482800).tasks#3
10:24:08.744 [main] DEBUG org.hibernate.orm.results.loading.entity - (EntityResultInitializer) Created new entity instance [org.frcpm.models.Subsystem(959665028482800)#3] : 786877322
10:24:08.744 [main] DEBUG org.hibernate.orm.results - Extracted JDBC value [3] - [1]
10:24:08.744 [main] DEBUG org.hibernate.orm.results - Extracted JDBC value [1] - [Mechanism for scoring game pieces]
10:24:08.744 [main] DEBUG org.hibernate.orm.results - Extracted JDBC value [2] - [Shooter]
10:24:08.744 [main] DEBUG org.hibernate.orm.results - Extracted JDBC value [4] - [NOT_STARTED]
10:24:08.744 [main] DEBUG org.hibernate.orm.results.loading.entity - (EntityResultInitializer) Done materializing entityInstance : org.frcpm.models.Subsystem(959665028482800)#3
10:24:08.744 [main] DEBUG org.hibernate.orm.results.loading - Calling top-level assembler (0 / 1) : org.hibernate.sql.results.graph.entity.internal.EntityAssembler@6deb050b
10:24:08.744 [main] DEBUG org.hibernate.orm.results - Extracted JDBC value [0] - [4]
10:24:08.744 [main] DEBUG org.hibernate.orm.results.loading.entity - (EntityResultInitializer) Hydrated EntityKey (org.frcpm.models.Subsystem(959665028482800)): 4
10:24:08.744 [main] DEBUG org.hibernate.orm.results.loading.org.hibernate.orm.results.loading.collection - (DelayedCollectionInitializer) Current row collection key : org.frcpm.models.Subsystem(959665028482800).tasks#4
10:24:08.744 [main] DEBUG org.hibernate.orm.results.loading.entity - (EntityResultInitializer) Created new entity instance [org.frcpm.models.Subsystem(959665028482800)#4] : 1396783642
10:24:08.744 [main] DEBUG org.hibernate.orm.results - Extracted JDBC value [3] - [3]
10:24:08.744 [main] DEBUG org.hibernate.orm.results - Extracted JDBC value [1] - [Camera and processing system for targeting]
10:24:08.744 [main] DEBUG org.hibernate.orm.results - Extracted JDBC value [2] - [Vision]
10:24:08.744 [main] DEBUG org.hibernate.orm.results - Extracted JDBC value [4] - [NOT_STARTED]
10:24:08.744 [main] DEBUG org.hibernate.orm.results.loading.entity - (EntityResultInitializer) Done materializing entityInstance : org.frcpm.models.Subsystem(959665028482800)#4
10:24:08.744 [main] DEBUG org.hibernate.orm.results.loading - Calling top-level assembler (0 / 1) : org.hibernate.sql.results.graph.entity.internal.EntityAssembler@6deb050b
10:24:08.744 [main] DEBUG org.hibernate.orm.results - Extracted JDBC value [0] - [5]
10:24:08.744 [main] DEBUG org.hibernate.orm.results.loading.entity - (EntityResultInitializer) Hydrated EntityKey (org.frcpm.models.Subsystem(959665028482800)): 5
10:24:08.744 [main] DEBUG org.hibernate.orm.results.loading.org.hibernate.orm.results.loading.collection - (DelayedCollectionInitializer) Current row collection key : org.frcpm.models.Subsystem(959665028482800).tasks#5
10:24:08.744 [main] DEBUG org.hibernate.orm.results.loading.entity - (EntityResultInitializer) Created new entity instance [org.frcpm.models.Subsystem(959665028482800)#5] : 86828392
10:24:08.744 [main] DEBUG org.hibernate.orm.results - Extracted JDBC value [3] - [2]
10:24:08.744 [main] DEBUG org.hibernate.orm.results - Extracted JDBC value [1] - [Wiring, electronics, and sensors]
10:24:08.745 [main] DEBUG org.hibernate.orm.results - Extracted JDBC value [2] - [Controls]
10:24:08.745 [main] DEBUG org.hibernate.orm.results - Extracted JDBC value [4] - [NOT_STARTED]
10:24:08.745 [main] DEBUG org.hibernate.orm.results.loading.entity - (EntityResultInitializer) Done materializing entityInstance : org.frcpm.models.Subsystem(959665028482800)#5
10:24:08.745 [main] DEBUG org.hibernate.orm.results.loading - Calling top-level assembler (0 / 1) : org.hibernate.sql.results.graph.entity.internal.EntityAssembler@6deb050b
10:24:08.745 [main] DEBUG org.hibernate.orm.results - Extracted JDBC value [0] - [18]
10:24:08.745 [main] DEBUG org.hibernate.orm.results.loading.entity - (EntityResultInitializer) Hydrated EntityKey (org.frcpm.models.Subsystem(959665028482800)): 18
10:24:08.745 [main] DEBUG org.hibernate.orm.results.loading.org.hibernate.orm.results.loading.collection - (DelayedCollectionInitializer) Current row collection key : org.frcpm.models.Subsystem(959665028482800).tasks#18
10:24:08.745 [main] DEBUG org.hibernate.orm.results.loading.entity - (EntityResultInitializer) Created new entity instance [org.frcpm.models.Subsystem(959665028482800)#18] : 1181666809
10:24:08.745 [main] DEBUG org.hibernate.orm.results - Extracted JDBC value [3] - [null]
10:24:08.745 [main] DEBUG org.hibernate.orm.results - Extracted JDBC value [1] - [null]
10:24:08.745 [main] DEBUG org.hibernate.orm.results - Extracted JDBC value [2] - [Test Count Subsystem]
10:24:08.745 [main] DEBUG org.hibernate.orm.results - Extracted JDBC value [4] - [NOT_STARTED]
10:24:08.746 [main] DEBUG org.hibernate.orm.results.loading.entity - (EntityResultInitializer) Done materializing entityInstance : org.frcpm.models.Subsystem(959665028482800)#18
10:24:08.746 [main] DEBUG org.hibernate.orm.results.loading - Calling top-level assembler (0 / 1) : org.hibernate.sql.results.graph.entity.internal.EntityAssembler@6deb050b
10:24:08.746 [main] DEBUG org.hibernate.orm.results - Extracted JDBC value [0] - [22]
10:24:08.746 [main] DEBUG org.hibernate.orm.results.loading.entity - (EntityResultInitializer) Hydrated EntityKey (org.frcpm.models.Subsystem(959665028482800)): 22
10:24:08.746 [main] DEBUG org.hibernate.orm.results.loading.org.hibernate.orm.results.loading.collection - (DelayedCollectionInitializer) Current row collection key : org.frcpm.models.Subsystem(959665028482800).tasks#22
10:24:08.746 [main] DEBUG org.hibernate.orm.results.loading.entity - (EntityResultInitializer) Created new entity instance [org.frcpm.models.Subsystem(959665028482800)#22] : 1330697616
10:24:08.746 [main] DEBUG org.hibernate.orm.results - Extracted JDBC value [3] - [null]
10:24:08.746 [main] DEBUG org.hibernate.orm.results - Extracted JDBC value [1] - [Save subsystem description]
10:24:08.746 [main] DEBUG org.hibernate.orm.results - Extracted JDBC value [2] - [Test Save Subsystem]
10:24:08.746 [main] DEBUG org.hibernate.orm.results - Extracted JDBC value [4] - [TESTING]
10:24:08.746 [main] DEBUG org.hibernate.orm.results.loading.entity - (EntityResultInitializer) Done materializing entityInstance : org.frcpm.models.Subsystem(959665028482800)#22
10:24:08.746 [main] DEBUG org.hibernate.orm.results.loading - Calling top-level assembler (0 / 1) : org.hibernate.sql.results.graph.entity.internal.EntityAssembler@6deb050b
10:24:08.746 [main] DEBUG org.hibernate.orm.results - Extracted JDBC value [0] - [43]
10:24:08.746 [main] DEBUG org.hibernate.orm.results.loading.entity - (EntityResultInitializer) Hydrated EntityKey (org.frcpm.models.Subsystem(959665028482800)): 43
10:24:08.746 [main] DEBUG org.hibernate.orm.results.loading.org.hibernate.orm.results.loading.collection - (DelayedCollectionInitializer) Current row collection key : org.frcpm.models.Subsystem(959665028482800).tasks#43
10:24:08.746 [main] DEBUG org.hibernate.orm.results.loading.entity - (EntityResultInitializer) Created new entity instance [org.frcpm.models.Subsystem(959665028482800)#43] : 1314489099
10:24:08.746 [main] DEBUG org.hibernate.orm.results - Extracted JDBC value [3] - [null]
10:24:08.747 [main] DEBUG org.hibernate.orm.results - Extracted JDBC value [1] - [Updated description]
10:24:08.747 [main] DEBUG org.hibernate.orm.results - Extracted JDBC value [2] - [Updated Subsystem Name]
10:24:08.747 [main] DEBUG org.hibernate.orm.results - Extracted JDBC value [4] - [ISSUES]
10:24:08.747 [main] DEBUG org.hibernate.orm.results.loading.entity - (EntityResultInitializer) Done materializing entityInstance : org.frcpm.models.Subsystem(959665028482800)#43
10:24:08.747 [main] DEBUG org.hibernate.orm.results.loading - Calling top-level assembler (0 / 1) : org.hibernate.sql.results.graph.entity.internal.EntityAssembler@6deb050b
10:24:08.747 [main] DEBUG org.hibernate.orm.results - Extracted JDBC value [0] - [44]
10:24:08.747 [main] DEBUG org.hibernate.orm.results.loading.entity - (EntityResultInitializer) Hydrated EntityKey (org.frcpm.models.Subsystem(959665028482800)): 44
10:24:08.747 [main] DEBUG org.hibernate.orm.results.loading.org.hibernate.orm.results.loading.collection - (DelayedCollectionInitializer) Current row collection key : org.frcpm.models.Subsystem(959665028482800).tasks#44
10:24:08.747 [main] DEBUG org.hibernate.orm.results.loading.entity - (EntityResultInitializer) Created new entity instance [org.frcpm.models.Subsystem(959665028482800)#44] : 21508699
10:24:08.747 [main] DEBUG org.hibernate.orm.results - Extracted JDBC value [3] - [null]
10:24:08.747 [main] DEBUG org.hibernate.orm.results - Extracted JDBC value [1] - [null]
10:24:08.747 [main] DEBUG org.hibernate.orm.results - Extracted JDBC value [2] - [Test Task Subsystem]
10:24:08.747 [main] DEBUG org.hibernate.orm.results - Extracted JDBC value [4] - [NOT_STARTED]
10:24:08.747 [main] DEBUG org.hibernate.orm.results.loading.entity - (EntityResultInitializer) Done materializing entityInstance : org.frcpm.models.Subsystem(959665028482800)#44
10:24:08.747 [main] DEBUG org.hibernate.orm.results.loading - Calling top-level assembler (0 / 1) : org.hibernate.sql.results.graph.entity.internal.EntityAssembler@6deb050b
10:24:08.747 [main] DEBUG org.hibernate.orm.results - Extracted JDBC value [0] - [45]
10:24:08.747 [main] DEBUG org.hibernate.orm.results.loading.entity - (EntityResultInitializer) Hydrated EntityKey (org.frcpm.models.Subsystem(959665028482800)): 45
10:24:08.747 [main] DEBUG org.hibernate.orm.results.loading.org.hibernate.orm.results.loading.collection - (DelayedCollectionInitializer) Current row collection key : org.frcpm.models.Subsystem(959665028482800).tasks#45
10:24:08.747 [main] DEBUG org.hibernate.orm.results.loading.entity - (EntityResultInitializer) Created new entity instance [org.frcpm.models.Subsystem(959665028482800)#45] : 966319659
10:24:08.747 [main] DEBUG org.hibernate.orm.results - Extracted JDBC value [3] - [null]
10:24:08.747 [main] DEBUG org.hibernate.orm.results - Extracted JDBC value [1] - [null]
10:24:08.747 [main] DEBUG org.hibernate.orm.results - Extracted JDBC value [2] - [Test Task Subsystem]
10:24:08.747 [main] DEBUG org.hibernate.orm.results - Extracted JDBC value [4] - [NOT_STARTED]
10:24:08.747 [main] DEBUG org.hibernate.orm.results.loading.entity - (EntityResultInitializer) Done materializing entityInstance : org.frcpm.models.Subsystem(959665028482800)#45
10:24:08.747 [main] DEBUG org.hibernate.orm.results.loading - Calling top-level assembler (0 / 1) : org.hibernate.sql.results.graph.entity.internal.EntityAssembler@6deb050b
10:24:08.747 [main] DEBUG org.hibernate.orm.results - Extracted JDBC value [0] - [46]
10:24:08.747 [main] DEBUG org.hibernate.orm.results.loading.entity - (EntityResultInitializer) Hydrated EntityKey (org.frcpm.models.Subsystem(959665028482800)): 46
10:24:08.747 [main] DEBUG org.hibernate.orm.results.loading.org.hibernate.orm.results.loading.collection - (DelayedCollectionInitializer) Current row collection key : org.frcpm.models.Subsystem(959665028482800).tasks#46
10:24:08.747 [main] DEBUG org.hibernate.orm.results.loading.entity - (EntityResultInitializer) Created new entity instance [org.frcpm.models.Subsystem(959665028482800)#46] : 1573849496
10:24:08.747 [main] DEBUG org.hibernate.orm.results - Extracted JDBC value [3] - [null]
10:24:08.747 [main] DEBUG org.hibernate.orm.results - Extracted JDBC value [1] - [null]
10:24:08.747 [main] DEBUG org.hibernate.orm.results - Extracted JDBC value [2] - [Test Task Subsystem]
10:24:08.747 [main] DEBUG org.hibernate.orm.results - Extracted JDBC value [4] - [NOT_STARTED]
10:24:08.747 [main] DEBUG org.hibernate.orm.results.loading.entity - (EntityResultInitializer) Done materializing entityInstance : org.frcpm.models.Subsystem(959665028482800)#46
10:24:08.747 [main] DEBUG org.hibernate.orm.results.loading - Calling top-level assembler (0 / 1) : org.hibernate.sql.results.graph.entity.internal.EntityAssembler@6deb050b
10:24:08.747 [main] DEBUG org.hibernate.orm.results - Extracted JDBC value [0] - [47]
10:24:08.747 [main] DEBUG org.hibernate.orm.results.loading.entity - (EntityResultInitializer) Hydrated EntityKey (org.frcpm.models.Subsystem(959665028482800)): 47
10:24:08.747 [main] DEBUG org.hibernate.orm.results.loading.org.hibernate.orm.results.loading.collection - (DelayedCollectionInitializer) Current row collection key : org.frcpm.models.Subsystem(959665028482800).tasks#47
10:24:08.747 [main] DEBUG org.hibernate.orm.results.loading.entity - (EntityResultInitializer) Created new entity instance [org.frcpm.models.Subsystem(959665028482800)#47] : 1140850370
10:24:08.747 [main] DEBUG org.hibernate.orm.results - Extracted JDBC value [3] - [null]
10:24:08.747 [main] DEBUG org.hibernate.orm.results - Extracted JDBC value [1] - [null]
10:24:08.747 [main] DEBUG org.hibernate.orm.results - Extracted JDBC value [2] - [Test Task Subsystem]
10:24:08.747 [main] DEBUG org.hibernate.orm.results - Extracted JDBC value [4] - [NOT_STARTED]
10:24:08.747 [main] DEBUG org.hibernate.orm.results.loading.entity - (EntityResultInitializer) Done materializing entityInstance : org.frcpm.models.Subsystem(959665028482800)#47
10:24:08.747 [main] DEBUG org.hibernate.orm.results.loading - Calling top-level assembler (0 / 1) : org.hibernate.sql.results.graph.entity.internal.EntityAssembler@6deb050b
10:24:08.747 [main] DEBUG org.hibernate.orm.results - Extracted JDBC value [0] - [48]
10:24:08.748 [main] DEBUG org.hibernate.orm.results.loading.entity - (EntityResultInitializer) Hydrated EntityKey (org.frcpm.models.Subsystem(959665028482800)): 48
10:24:08.748 [main] DEBUG org.hibernate.orm.results.loading.org.hibernate.orm.results.loading.collection - (DelayedCollectionInitializer) Current row collection key : org.frcpm.models.Subsystem(959665028482800).tasks#48
10:24:08.748 [main] DEBUG org.hibernate.orm.results.loading.entity - (EntityResultInitializer) Created new entity instance [org.frcpm.models.Subsystem(959665028482800)#48] : 1382809908
10:24:08.748 [main] DEBUG org.hibernate.orm.results - Extracted JDBC value [3] - [null]
10:24:08.749 [main] DEBUG org.hibernate.orm.results - Extracted JDBC value [1] - [null]
10:24:08.749 [main] DEBUG org.hibernate.orm.results - Extracted JDBC value [2] - [Test Task Subsystem]
10:24:08.749 [main] DEBUG org.hibernate.orm.results - Extracted JDBC value [4] - [NOT_STARTED]
10:24:08.749 [main] DEBUG org.hibernate.orm.results.loading.entity - (EntityResultInitializer) Done materializing entityInstance : org.frcpm.models.Subsystem(959665028482800)#48
10:24:08.749 [main] DEBUG org.hibernate.orm.results.loading - Calling top-level assembler (0 / 1) : org.hibernate.sql.results.graph.entity.internal.EntityAssembler@6deb050b
10:24:08.749 [main] DEBUG org.hibernate.orm.results - Extracted JDBC value [0] - [49]
10:24:08.749 [main] DEBUG org.hibernate.orm.results.loading.entity - (EntityResultInitializer) Hydrated EntityKey (org.frcpm.models.Subsystem(959665028482800)): 49
10:24:08.749 [main] DEBUG org.hibernate.orm.results.loading.org.hibernate.orm.results.loading.collection - (DelayedCollectionInitializer) Current row collection key : org.frcpm.models.Subsystem(959665028482800).tasks#49
10:24:08.749 [main] DEBUG org.hibernate.orm.results.loading.entity - (EntityResultInitializer) Created new entity instance [org.frcpm.models.Subsystem(959665028482800)#49] : 443789561
10:24:08.749 [main] DEBUG org.hibernate.orm.results - Extracted JDBC value [3] - [null]
10:24:08.749 [main] DEBUG org.hibernate.orm.results - Extracted JDBC value [1] - [null]
10:24:08.749 [main] DEBUG org.hibernate.orm.results - Extracted JDBC value [2] - [Test Task Subsystem]
10:24:08.750 [main] DEBUG org.hibernate.orm.results - Extracted JDBC value [4] - [NOT_STARTED]
10:24:08.750 [main] DEBUG org.hibernate.orm.results.loading.entity - (EntityResultInitializer) Done materializing entityInstance : org.frcpm.models.Subsystem(959665028482800)#49
10:24:08.750 [main] DEBUG org.hibernate.orm.results.loading - Calling top-level assembler (0 / 1) : org.hibernate.sql.results.graph.entity.internal.EntityAssembler@6deb050b
10:24:08.750 [main] DEBUG org.hibernate.orm.results - Extracted JDBC value [0] - [50]
10:24:08.750 [main] DEBUG org.hibernate.orm.results.loading.entity - (EntityResultInitializer) Hydrated EntityKey (org.frcpm.models.Subsystem(959665028482800)): 50
10:24:08.750 [main] DEBUG org.hibernate.orm.results.loading.org.hibernate.orm.results.loading.collection - (DelayedCollectionInitializer) Current row collection key : org.frcpm.models.Subsystem(959665028482800).tasks#50
10:24:08.750 [main] DEBUG org.hibernate.orm.results.loading.entity - (EntityResultInitializer) Created new entity instance [org.frcpm.models.Subsystem(959665028482800)#50] : 233255789
10:24:08.750 [main] DEBUG org.hibernate.orm.results - Extracted JDBC value [3] - [null]
10:24:08.750 [main] DEBUG org.hibernate.orm.results - Extracted JDBC value [1] - [null]
10:24:08.750 [main] DEBUG org.hibernate.orm.results - Extracted JDBC value [2] - [Test Task Subsystem]
10:24:08.750 [main] DEBUG org.hibernate.orm.results - Extracted JDBC value [4] - [NOT_STARTED]
10:24:08.750 [main] DEBUG org.hibernate.orm.results.loading.entity - (EntityResultInitializer) Done materializing entityInstance : org.frcpm.models.Subsystem(959665028482800)#50
10:24:08.750 [main] DEBUG org.hibernate.orm.results.loading - Calling top-level assembler (0 / 1) : org.hibernate.sql.results.graph.entity.internal.EntityAssembler@6deb050b
10:24:08.750 [main] DEBUG org.hibernate.orm.results - Extracted JDBC value [0] - [51]
10:24:08.750 [main] DEBUG org.hibernate.orm.results.loading.entity - (EntityResultInitializer) Hydrated EntityKey (org.frcpm.models.Subsystem(959665028482800)): 51
10:24:08.750 [main] DEBUG org.hibernate.orm.results.loading.org.hibernate.orm.results.loading.collection - (DelayedCollectionInitializer) Current row collection key : org.frcpm.models.Subsystem(959665028482800).tasks#51
10:24:08.750 [main] DEBUG org.hibernate.orm.results.loading.entity - (EntityResultInitializer) Created new entity instance [org.frcpm.models.Subsystem(959665028482800)#51] : 509532371
10:24:08.750 [main] DEBUG org.hibernate.orm.results - Extracted JDBC value [3] - [null]
10:24:08.750 [main] DEBUG org.hibernate.orm.results - Extracted JDBC value [1] - [null]
10:24:08.750 [main] DEBUG org.hibernate.orm.results - Extracted JDBC value [2] - [Test Task Subsystem]
10:24:08.750 [main] DEBUG org.hibernate.orm.results - Extracted JDBC value [4] - [NOT_STARTED]
10:24:08.750 [main] DEBUG org.hibernate.orm.results.loading.entity - (EntityResultInitializer) Done materializing entityInstance : org.frcpm.models.Subsystem(959665028482800)#51
10:24:08.750 [main] DEBUG org.hibernate.orm.results.loading - Calling top-level assembler (0 / 1) : org.hibernate.sql.results.graph.entity.internal.EntityAssembler@6deb050b
10:24:08.750 [main] DEBUG org.hibernate.orm.results - Extracted JDBC value [0] - [52]
10:24:08.750 [main] DEBUG org.hibernate.orm.results.loading.entity - (EntityResultInitializer) Hydrated EntityKey (org.frcpm.models.Subsystem(959665028482800)): 52
10:24:08.750 [main] DEBUG org.hibernate.orm.results.loading.org.hibernate.orm.results.loading.collection - (DelayedCollectionInitializer) Current row collection key : org.frcpm.models.Subsystem(959665028482800).tasks#52
10:24:08.750 [main] DEBUG org.hibernate.orm.results.loading.entity - (EntityResultInitializer) Created new entity instance [org.frcpm.models.Subsystem(959665028482800)#52] : 312367354
10:24:08.750 [main] DEBUG org.hibernate.orm.results - Extracted JDBC value [3] - [null]
10:24:08.750 [main] DEBUG org.hibernate.orm.results - Extracted JDBC value [1] - [null]
10:24:08.750 [main] DEBUG org.hibernate.orm.results - Extracted JDBC value [2] - [Test Task Subsystem]
10:24:08.750 [main] DEBUG org.hibernate.orm.results - Extracted JDBC value [4] - [NOT_STARTED]
10:24:08.750 [main] DEBUG org.hibernate.orm.results.loading.entity - (EntityResultInitializer) Done materializing entityInstance : org.frcpm.models.Subsystem(959665028482800)#52
10:24:08.750 [main] DEBUG org.hibernate.orm.results.loading - Calling top-level assembler (0 / 1) : org.hibernate.sql.results.graph.entity.internal.EntityAssembler@6deb050b
10:24:08.750 [main] DEBUG org.hibernate.orm.results - Extracted JDBC value [0] - [53]
10:24:08.750 [main] DEBUG org.hibernate.orm.results.loading.entity - (EntityResultInitializer) Hydrated EntityKey (org.frcpm.models.Subsystem(959665028482800)): 53
10:24:08.750 [main] DEBUG org.hibernate.orm.results.loading.org.hibernate.orm.results.loading.collection - (DelayedCollectionInitializer) Current row collection key : org.frcpm.models.Subsystem(959665028482800).tasks#53
10:24:08.750 [main] DEBUG org.hibernate.orm.results.loading.entity - (EntityResultInitializer) Created new entity instance [org.frcpm.models.Subsystem(959665028482800)#53] : 151746461
10:24:08.750 [main] DEBUG org.hibernate.orm.results - Extracted JDBC value [3] - [null]
10:24:08.751 [main] DEBUG org.hibernate.orm.results - Extracted JDBC value [1] - [null]
10:24:08.751 [main] DEBUG org.hibernate.orm.results - Extracted JDBC value [2] - [Test Task Subsystem]
10:24:08.751 [main] DEBUG org.hibernate.orm.results - Extracted JDBC value [4] - [NOT_STARTED]
10:24:08.751 [main] DEBUG org.hibernate.orm.results.loading.entity - (EntityResultInitializer) Done materializing entityInstance : org.frcpm.models.Subsystem(959665028482800)#53
10:24:08.751 [main] DEBUG org.hibernate.orm.results.loading - Calling top-level assembler (0 / 1) : org.hibernate.sql.results.graph.entity.internal.EntityAssembler@6deb050b
10:24:08.751 [main] DEBUG org.hibernate.orm.results - Extracted JDBC value [0] - [54]
10:24:08.751 [main] DEBUG org.hibernate.orm.results.loading.entity - (EntityResultInitializer) Hydrated EntityKey (org.frcpm.models.Subsystem(959665028482800)): 54
10:24:08.751 [main] DEBUG org.hibernate.orm.results.loading.org.hibernate.orm.results.loading.collection - (DelayedCollectionInitializer) Current row collection key : org.frcpm.models.Subsystem(959665028482800).tasks#54
10:24:08.751 [main] DEBUG org.hibernate.orm.results.loading.entity - (EntityResultInitializer) Created new entity instance [org.frcpm.models.Subsystem(959665028482800)#54] : 2091512081
10:24:08.751 [main] DEBUG org.hibernate.orm.results - Extracted JDBC value [3] - [null]
10:24:08.751 [main] DEBUG org.hibernate.orm.results - Extracted JDBC value [1] - [null]
10:24:08.751 [main] DEBUG org.hibernate.orm.results - Extracted JDBC value [2] - [Test Task Subsystem]
10:24:08.751 [main] DEBUG org.hibernate.orm.results - Extracted JDBC value [4] - [NOT_STARTED]
10:24:08.751 [main] DEBUG org.hibernate.orm.results.loading.entity - (EntityResultInitializer) Done materializing entityInstance : org.frcpm.models.Subsystem(959665028482800)#54
10:24:08.751 [main] DEBUG org.hibernate.orm.results.loading - Calling top-level assembler (0 / 1) : org.hibernate.sql.results.graph.entity.internal.EntityAssembler@6deb050b
10:24:08.751 [main] DEBUG org.hibernate.orm.results - Extracted JDBC value [0] - [55]
10:24:08.751 [main] DEBUG org.hibernate.orm.results.loading.entity - (EntityResultInitializer) Hydrated EntityKey (org.frcpm.models.Subsystem(959665028482800)): 55
10:24:08.751 [main] DEBUG org.hibernate.orm.results.loading.org.hibernate.orm.results.loading.collection - (DelayedCollectionInitializer) Current row collection key : org.frcpm.models.Subsystem(959665028482800).tasks#55
10:24:08.751 [main] DEBUG org.hibernate.orm.results.loading.entity - (EntityResultInitializer) Created new entity instance [org.frcpm.models.Subsystem(959665028482800)#55] : 311592722
10:24:08.751 [main] DEBUG org.hibernate.orm.results - Extracted JDBC value [3] - [null]
10:24:08.751 [main] DEBUG org.hibernate.orm.results - Extracted JDBC value [1] - [null]
10:24:08.751 [main] DEBUG org.hibernate.orm.results - Extracted JDBC value [2] - [Test Task Subsystem]
10:24:08.751 [main] DEBUG org.hibernate.orm.results - Extracted JDBC value [4] - [NOT_STARTED]
10:24:08.752 [main] DEBUG org.hibernate.orm.results.loading.entity - (EntityResultInitializer) Done materializing entityInstance : org.frcpm.models.Subsystem(959665028482800)#55
10:24:08.752 [main] DEBUG org.hibernate.orm.results.loading - Calling top-level assembler (0 / 1) : org.hibernate.sql.results.graph.entity.internal.EntityAssembler@6deb050b
10:24:08.752 [main] DEBUG org.hibernate.orm.results - Extracted JDBC value [0] - [56]
10:24:08.752 [main] DEBUG org.hibernate.orm.results.loading.entity - (EntityResultInitializer) Hydrated EntityKey (org.frcpm.models.Subsystem(959665028482800)): 56
10:24:08.752 [main] DEBUG org.hibernate.orm.results.loading.org.hibernate.orm.results.loading.collection - (DelayedCollectionInitializer) Current row collection key : org.frcpm.models.Subsystem(959665028482800).tasks#56
10:24:08.752 [main] DEBUG org.hibernate.orm.results.loading.entity - (EntityResultInitializer) Created new entity instance [org.frcpm.models.Subsystem(959665028482800)#56] : 1016260610
10:24:08.752 [main] DEBUG org.hibernate.orm.results - Extracted JDBC value [3] - [null]
10:24:08.752 [main] DEBUG org.hibernate.orm.results - Extracted JDBC value [1] - [null]
10:24:08.752 [main] DEBUG org.hibernate.orm.results - Extracted JDBC value [2] - [Test Task Subsystem]
10:24:08.752 [main] DEBUG org.hibernate.orm.results - Extracted JDBC value [4] - [NOT_STARTED]
10:24:08.752 [main] DEBUG org.hibernate.orm.results.loading.entity - (EntityResultInitializer) Done materializing entityInstance : org.frcpm.models.Subsystem(959665028482800)#56
10:24:08.752 [main] DEBUG org.hibernate.orm.results.loading - Calling top-level assembler (0 / 1) : org.hibernate.sql.results.graph.entity.internal.EntityAssembler@6deb050b
10:24:08.752 [main] DEBUG org.hibernate.orm.results - Extracted JDBC value [0] - [66]
10:24:08.752 [main] DEBUG org.hibernate.orm.results.loading.entity - (EntityResultInitializer) Hydrated EntityKey (org.frcpm.models.Subsystem(959665028482800)): 66
10:24:08.752 [main] DEBUG org.hibernate.orm.results.loading.org.hibernate.orm.results.loading.collection - (DelayedCollectionInitializer) Current row collection key : org.frcpm.models.Subsystem(959665028482800).tasks#66
10:24:08.752 [main] DEBUG org.hibernate.orm.results.loading.entity - (EntityResultInitializer) Created new entity instance [org.frcpm.models.Subsystem(959665028482800)#66] : 1200411368
10:24:08.752 [main] DEBUG org.hibernate.orm.results - Extracted JDBC value [3] - [null]
10:24:08.752 [main] DEBUG org.hibernate.orm.results - Extracted JDBC value [1] - [Test subsystem for component tests]
10:24:08.752 [main] DEBUG org.hibernate.orm.results - Extracted JDBC value [2] - [Component Test Subsystem]
10:24:08.752 [main] DEBUG org.hibernate.orm.results - Extracted JDBC value [4] - [NOT_STARTED]
10:24:08.752 [main] DEBUG org.hibernate.orm.results.loading.entity - (EntityResultInitializer) Done materializing entityInstance : org.frcpm.models.Subsystem(959665028482800)#66
10:24:08.752 [main] DEBUG org.hibernate.orm.results.loading - Calling top-level assembler (0 / 1) : org.hibernate.sql.results.graph.entity.internal.EntityAssembler@6deb050b
10:24:08.752 [main] DEBUG org.hibernate.resource.jdbc.internal.LogicalConnectionManagedImpl - Initiating JDBC connection release from afterTransaction
10:24:08.752 [main] DEBUG org.hibernate.resource.jdbc.internal.LogicalConnectionManagedImpl - Initiating JDBC connection release from afterTransaction
10:24:08.753 [main] DEBUG org.hibernate.orm.sql.ast.create - Created new SQL alias : s1_0
10:24:08.753 [main] DEBUG org.hibernate.orm.sql.ast.create - Registration of TableGroup [StandardTableGroup(org.frcpm.models.Subteam(959665039322200))] with identifierForTableGroup [org.frcpm.models.Subteam] for NavigablePath [org.frcpm.models.Subteam] 
10:24:08.753 [main] DEBUG org.hibernate.orm.results.graph.AST - DomainResult Graph:
 \-EntityResultImpl [org.frcpm.models.Subteam(959665039322200)]
 |  +-BasicFetch [org.frcpm.models.Subteam(959665039322200).colorCode]
 |  +-DelayedCollectionFetch [org.frcpm.models.Subteam(959665039322200).members]
 |  +-BasicFetch [org.frcpm.models.Subteam(959665039322200).name]
 |  +-BasicFetch [org.frcpm.models.Subteam(959665039322200).specialties]
 |  \-DelayedCollectionFetch [org.frcpm.models.Subteam(959665039322200).subsystems]

10:24:08.753 [main] DEBUG org.hibernate.orm.sql.ast.tree - SQL AST Tree:
    SelectStatement {
      FromClause {
        StandardTableGroup (s1 : org.frcpm.models.Subteam(959665039322200)) {
          primaryTableReference : subteams as s1_0
        }
      }
    }

10:24:08.753 [main] DEBUG org.hibernate.orm.sql.exec - Skipping reading Query result cache data: cache-enabled = false, cache-mode = NORMAL
10:24:08.753 [main] DEBUG org.hibernate.orm.results - Initializer list:
	  org.frcpm.models.Subteam(959665039322200).members -> DelayedCollectionInitializer(org.frcpm.models.Subteam(959665039322200).members)@1737768779 (PluralAttribute(org.frcpm.models.Subteam.members))
	  org.frcpm.models.Subteam(959665039322200).subsystems -> DelayedCollectionInitializer(org.frcpm.models.Subteam(959665039322200).subsystems)@976156057 (PluralAttribute(org.frcpm.models.Subteam.subsystems))
	  org.frcpm.models.Subteam(959665039322200) -> EntityResultInitializer(org.frcpm.models.Subteam(959665039322200))@305403110 (SingleTableEntityPersister(org.frcpm.models.Subteam))

10:24:08.753 [main] DEBUG org.hibernate.SQL - select s1_0.id,s1_0.color_code,s1_0.name,s1_0.specialties from subteams s1_0
10:24:08.754 [main] DEBUG org.hibernate.orm.results - Extracted JDBC value [0] - [1]
10:24:08.754 [main] DEBUG org.hibernate.orm.results.loading.entity - (EntityResultInitializer) Hydrated EntityKey (org.frcpm.models.Subteam(959665039322200)): 1
10:24:08.754 [main] DEBUG org.hibernate.orm.results.loading.org.hibernate.orm.results.loading.collection - (DelayedCollectionInitializer) Current row collection key : org.frcpm.models.Subteam(959665039322200).members#1
10:24:08.754 [main] DEBUG org.hibernate.orm.results.loading.org.hibernate.orm.results.loading.collection - (DelayedCollectionInitializer) Current row collection key : org.frcpm.models.Subteam(959665039322200).subsystems#1
10:24:08.754 [main] DEBUG org.hibernate.orm.results.loading.entity - (EntityResultInitializer) Created new entity instance [org.frcpm.models.Subteam(959665039322200)#1] : 1636265486
10:24:08.754 [main] DEBUG org.hibernate.orm.results - Extracted JDBC value [1] - [#FF5733]
10:24:08.754 [main] DEBUG org.hibernate.orm.results - Extracted JDBC value [2] - [Mechanical]
10:24:08.754 [main] DEBUG org.hibernate.orm.results - Extracted JDBC value [3] - [Design, CAD, Fabrication, Assembly]
10:24:08.754 [main] DEBUG org.hibernate.orm.results.loading.entity - (EntityResultInitializer) Done materializing entityInstance : org.frcpm.models.Subteam(959665039322200)#1
10:24:08.754 [main] DEBUG org.hibernate.orm.results.loading - Calling top-level assembler (0 / 1) : org.hibernate.sql.results.graph.entity.internal.EntityAssembler@552b5799
10:24:08.754 [main] DEBUG org.hibernate.orm.results - Extracted JDBC value [0] - [2]
10:24:08.754 [main] DEBUG org.hibernate.orm.results.loading.entity - (EntityResultInitializer) Hydrated EntityKey (org.frcpm.models.Subteam(959665039322200)): 2
10:24:08.754 [main] DEBUG org.hibernate.orm.results.loading.org.hibernate.orm.results.loading.collection - (DelayedCollectionInitializer) Current row collection key : org.frcpm.models.Subteam(959665039322200).members#2
10:24:08.754 [main] DEBUG org.hibernate.orm.results.loading.org.hibernate.orm.results.loading.collection - (DelayedCollectionInitializer) Current row collection key : org.frcpm.models.Subteam(959665039322200).subsystems#2
10:24:08.754 [main] DEBUG org.hibernate.orm.results.loading.entity - (EntityResultInitializer) Created new entity instance [org.frcpm.models.Subteam(959665039322200)#2] : 260486188
10:24:08.754 [main] DEBUG org.hibernate.orm.results - Extracted JDBC value [1] - [#33A8FF]
10:24:08.754 [main] DEBUG org.hibernate.orm.results - Extracted JDBC value [2] - [Electrical]
10:24:08.754 [main] DEBUG org.hibernate.orm.results - Extracted JDBC value [3] - [Wiring, Electronics, Sensors, Power Systems]
10:24:08.754 [main] DEBUG org.hibernate.orm.results.loading.entity - (EntityResultInitializer) Done materializing entityInstance : org.frcpm.models.Subteam(959665039322200)#2
10:24:08.754 [main] DEBUG org.hibernate.orm.results.loading - Calling top-level assembler (0 / 1) : org.hibernate.sql.results.graph.entity.internal.EntityAssembler@552b5799
10:24:08.754 [main] DEBUG org.hibernate.orm.results - Extracted JDBC value [0] - [3]
10:24:08.754 [main] DEBUG org.hibernate.orm.results.loading.entity - (EntityResultInitializer) Hydrated EntityKey (org.frcpm.models.Subteam(959665039322200)): 3
10:24:08.754 [main] DEBUG org.hibernate.orm.results.loading.org.hibernate.orm.results.loading.collection - (DelayedCollectionInitializer) Current row collection key : org.frcpm.models.Subteam(959665039322200).members#3
10:24:08.754 [main] DEBUG org.hibernate.orm.results.loading.org.hibernate.orm.results.loading.collection - (DelayedCollectionInitializer) Current row collection key : org.frcpm.models.Subteam(959665039322200).subsystems#3
10:24:08.754 [main] DEBUG org.hibernate.orm.results.loading.entity - (EntityResultInitializer) Created new entity instance [org.frcpm.models.Subteam(959665039322200)#3] : 428533618
10:24:08.754 [main] DEBUG org.hibernate.orm.results - Extracted JDBC value [1] - [#33FF57]
10:24:08.754 [main] DEBUG org.hibernate.orm.results - Extracted JDBC value [2] - [Programming]
10:24:08.754 [main] DEBUG org.hibernate.orm.results - Extracted JDBC value [3] - [Java, Vision, Control Systems, Autonomous]
10:24:08.754 [main] DEBUG org.hibernate.orm.results.loading.entity - (EntityResultInitializer) Done materializing entityInstance : org.frcpm.models.Subteam(959665039322200)#3
10:24:08.754 [main] DEBUG org.hibernate.orm.results.loading - Calling top-level assembler (0 / 1) : org.hibernate.sql.results.graph.entity.internal.EntityAssembler@552b5799
10:24:08.754 [main] DEBUG org.hibernate.orm.results - Extracted JDBC value [0] - [4]
10:24:08.754 [main] DEBUG org.hibernate.orm.results.loading.entity - (EntityResultInitializer) Hydrated EntityKey (org.frcpm.models.Subteam(959665039322200)): 4
10:24:08.754 [main] DEBUG org.hibernate.orm.results.loading.org.hibernate.orm.results.loading.collection - (DelayedCollectionInitializer) Current row collection key : org.frcpm.models.Subteam(959665039322200).members#4
10:24:08.754 [main] DEBUG org.hibernate.orm.results.loading.org.hibernate.orm.results.loading.collection - (DelayedCollectionInitializer) Current row collection key : org.frcpm.models.Subteam(959665039322200).subsystems#4
10:24:08.754 [main] DEBUG org.hibernate.orm.results.loading.entity - (EntityResultInitializer) Created new entity instance [org.frcpm.models.Subteam(959665039322200)#4] : 485859751
10:24:08.754 [main] DEBUG org.hibernate.orm.results - Extracted JDBC value [1] - [#FF33A8]
10:24:08.754 [main] DEBUG org.hibernate.orm.results - Extracted JDBC value [2] - [Business]
10:24:08.754 [main] DEBUG org.hibernate.orm.results - Extracted JDBC value [3] - [Fundraising, Marketing, Outreach, Awards]
10:24:08.754 [main] DEBUG org.hibernate.orm.results.loading.entity - (EntityResultInitializer) Done materializing entityInstance : org.frcpm.models.Subteam(959665039322200)#4
10:24:08.754 [main] DEBUG org.hibernate.orm.results.loading - Calling top-level assembler (0 / 1) : org.hibernate.sql.results.graph.entity.internal.EntityAssembler@552b5799
10:24:08.754 [main] DEBUG org.hibernate.orm.results - Extracted JDBC value [0] - [24]
10:24:08.754 [main] DEBUG org.hibernate.orm.results.loading.entity - (EntityResultInitializer) Hydrated EntityKey (org.frcpm.models.Subteam(959665039322200)): 24
10:24:08.754 [main] DEBUG org.hibernate.orm.results.loading.org.hibernate.orm.results.loading.collection - (DelayedCollectionInitializer) Current row collection key : org.frcpm.models.Subteam(959665039322200).members#24
10:24:08.754 [main] DEBUG org.hibernate.orm.results.loading.org.hibernate.orm.results.loading.collection - (DelayedCollectionInitializer) Current row collection key : org.frcpm.models.Subteam(959665039322200).subsystems#24
10:24:08.754 [main] DEBUG org.hibernate.orm.results.loading.entity - (EntityResultInitializer) Created new entity instance [org.frcpm.models.Subteam(959665039322200)#24] : 217212459
10:24:08.754 [main] DEBUG org.hibernate.orm.results - Extracted JDBC value [1] - [#0000FF]
10:24:08.754 [main] DEBUG org.hibernate.orm.results - Extracted JDBC value [2] - [Test Count Subteam]
10:24:08.754 [main] DEBUG org.hibernate.orm.results - Extracted JDBC value [3] - [null]
10:24:08.754 [main] DEBUG org.hibernate.orm.results.loading.entity - (EntityResultInitializer) Done materializing entityInstance : org.frcpm.models.Subteam(959665039322200)#24
10:24:08.754 [main] DEBUG org.hibernate.orm.results.loading - Calling top-level assembler (0 / 1) : org.hibernate.sql.results.graph.entity.internal.EntityAssembler@552b5799
10:24:08.754 [main] DEBUG org.hibernate.orm.results - Extracted JDBC value [0] - [27]
10:24:08.754 [main] DEBUG org.hibernate.orm.results.loading.entity - (EntityResultInitializer) Hydrated EntityKey (org.frcpm.models.Subteam(959665039322200)): 27
10:24:08.754 [main] DEBUG org.hibernate.orm.results.loading.org.hibernate.orm.results.loading.collection - (DelayedCollectionInitializer) Current row collection key : org.frcpm.models.Subteam(959665039322200).members#27
10:24:08.754 [main] DEBUG org.hibernate.orm.results.loading.org.hibernate.orm.results.loading.collection - (DelayedCollectionInitializer) Current row collection key : org.frcpm.models.Subteam(959665039322200).subsystems#27
10:24:08.754 [main] DEBUG org.hibernate.orm.results.loading.entity - (EntityResultInitializer) Created new entity instance [org.frcpm.models.Subteam(959665039322200)#27] : 769853788
10:24:08.754 [main] DEBUG org.hibernate.orm.results - Extracted JDBC value [1] - [#0000FF]
10:24:08.754 [main] DEBUG org.hibernate.orm.results - Extracted JDBC value [2] - [Test Save Subteam]
10:24:08.754 [main] DEBUG org.hibernate.orm.results - Extracted JDBC value [3] - [Testing]
10:24:08.754 [main] DEBUG org.hibernate.orm.results.loading.entity - (EntityResultInitializer) Done materializing entityInstance : org.frcpm.models.Subteam(959665039322200)#27
10:24:08.755 [main] DEBUG org.hibernate.orm.results.loading - Calling top-level assembler (0 / 1) : org.hibernate.sql.results.graph.entity.internal.EntityAssembler@552b5799
10:24:08.755 [main] DEBUG org.hibernate.orm.results - Extracted JDBC value [0] - [42]
10:24:08.755 [main] DEBUG org.hibernate.orm.results.loading.entity - (EntityResultInitializer) Hydrated EntityKey (org.frcpm.models.Subteam(959665039322200)): 42
10:24:08.755 [main] DEBUG org.hibernate.orm.results.loading.org.hibernate.orm.results.loading.collection - (DelayedCollectionInitializer) Current row collection key : org.frcpm.models.Subteam(959665039322200).members#42
10:24:08.755 [main] DEBUG org.hibernate.orm.results.loading.org.hibernate.orm.results.loading.collection - (DelayedCollectionInitializer) Current row collection key : org.frcpm.models.Subteam(959665039322200).subsystems#42
10:24:08.755 [main] DEBUG org.hibernate.orm.results.loading.entity - (EntityResultInitializer) Created new entity instance [org.frcpm.models.Subteam(959665039322200)#42] : 1652934423
10:24:08.755 [main] DEBUG org.hibernate.orm.results - Extracted JDBC value [1] - [#00FFFF]
10:24:08.755 [main] DEBUG org.hibernate.orm.results - Extracted JDBC value [2] - [Updated Subteam Name]
10:24:08.755 [main] DEBUG org.hibernate.orm.results - Extracted JDBC value [3] - [null]
10:24:08.755 [main] DEBUG org.hibernate.orm.results.loading.entity - (EntityResultInitializer) Done materializing entityInstance : org.frcpm.models.Subteam(959665039322200)#42
10:24:08.755 [main] DEBUG org.hibernate.orm.results.loading - Calling top-level assembler (0 / 1) : org.hibernate.sql.results.graph.entity.internal.EntityAssembler@552b5799
10:24:08.755 [main] DEBUG org.hibernate.orm.results - Extracted JDBC value [0] - [67]
10:24:08.755 [main] DEBUG org.hibernate.orm.results.loading.entity - (EntityResultInitializer) Hydrated EntityKey (org.frcpm.models.Subteam(959665039322200)): 67
10:24:08.755 [main] DEBUG org.hibernate.orm.results.loading.org.hibernate.orm.results.loading.collection - (DelayedCollectionInitializer) Current row collection key : org.frcpm.models.Subteam(959665039322200).members#67
10:24:08.755 [main] DEBUG org.hibernate.orm.results.loading.org.hibernate.orm.results.loading.collection - (DelayedCollectionInitializer) Current row collection key : org.frcpm.models.Subteam(959665039322200).subsystems#67
10:24:08.755 [main] DEBUG org.hibernate.orm.results.loading.entity - (EntityResultInitializer) Created new entity instance [org.frcpm.models.Subteam(959665039322200)#67] : 1618514840
10:24:08.755 [main] DEBUG org.hibernate.orm.results - Extracted JDBC value [1] - [#0000FF]
10:24:08.755 [main] DEBUG org.hibernate.orm.results - Extracted JDBC value [2] - [Test Create Service Subteam]
10:24:08.755 [main] DEBUG org.hibernate.orm.results - Extracted JDBC value [3] - [Testing, Quality Assurance]
10:24:08.755 [main] DEBUG org.hibernate.orm.results.loading.entity - (EntityResultInitializer) Done materializing entityInstance : org.frcpm.models.Subteam(959665039322200)#67
10:24:08.755 [main] DEBUG org.hibernate.orm.results.loading - Calling top-level assembler (0 / 1) : org.hibernate.sql.results.graph.entity.internal.EntityAssembler@552b5799
10:24:08.755 [main] DEBUG org.hibernate.orm.results - Extracted JDBC value [0] - [70]
10:24:08.755 [main] DEBUG org.hibernate.orm.results.loading.entity - (EntityResultInitializer) Hydrated EntityKey (org.frcpm.models.Subteam(959665039322200)): 70
10:24:08.755 [main] DEBUG org.hibernate.orm.results.loading.org.hibernate.orm.results.loading.collection - (DelayedCollectionInitializer) Current row collection key : org.frcpm.models.Subteam(959665039322200).members#70
10:24:08.755 [main] DEBUG org.hibernate.orm.results.loading.org.hibernate.orm.results.loading.collection - (DelayedCollectionInitializer) Current row collection key : org.frcpm.models.Subteam(959665039322200).subsystems#70
10:24:08.755 [main] DEBUG org.hibernate.orm.results.loading.entity - (EntityResultInitializer) Created new entity instance [org.frcpm.models.Subteam(959665039322200)#70] : 172499664
10:24:08.755 [main] DEBUG org.hibernate.orm.results - Extracted JDBC value [1] - [#00FFFF]
10:24:08.755 [main] DEBUG org.hibernate.orm.results - Extracted JDBC value [2] - [Test Color Update Subteam]
10:24:08.755 [main] DEBUG org.hibernate.orm.results - Extracted JDBC value [3] - [Specialties]
10:24:08.755 [main] DEBUG org.hibernate.orm.results.loading.entity - (EntityResultInitializer) Done materializing entityInstance : org.frcpm.models.Subteam(959665039322200)#70
10:24:08.755 [main] DEBUG org.hibernate.orm.results.loading - Calling top-level assembler (0 / 1) : org.hibernate.sql.results.graph.entity.internal.EntityAssembler@552b5799
10:24:08.755 [main] DEBUG org.hibernate.orm.results - Extracted JDBC value [0] - [79]
10:24:08.755 [main] DEBUG org.hibernate.orm.results.loading.entity - (EntityResultInitializer) Hydrated EntityKey (org.frcpm.models.Subteam(959665039322200)): 79
10:24:08.755 [main] DEBUG org.hibernate.orm.results.loading.org.hibernate.orm.results.loading.collection - (DelayedCollectionInitializer) Current row collection key : org.frcpm.models.Subteam(959665039322200).members#79
10:24:08.755 [main] DEBUG org.hibernate.orm.results.loading.org.hibernate.orm.results.loading.collection - (DelayedCollectionInitializer) Current row collection key : org.frcpm.models.Subteam(959665039322200).subsystems#79
10:24:08.755 [main] DEBUG org.hibernate.orm.results.loading.entity - (EntityResultInitializer) Created new entity instance [org.frcpm.models.Subteam(959665039322200)#79] : 1541639922
10:24:08.756 [main] DEBUG org.hibernate.orm.results - Extracted JDBC value [1] - [#0000FF]
10:24:08.756 [main] DEBUG org.hibernate.orm.results - Extracted JDBC value [2] - [Test Update Subteam]
10:24:08.756 [main] DEBUG org.hibernate.orm.results - Extracted JDBC value [3] - [Updated Specialties]
10:24:08.756 [main] DEBUG org.hibernate.orm.results.loading.entity - (EntityResultInitializer) Done materializing entityInstance : org.frcpm.models.Subteam(959665039322200)#79
10:24:08.756 [main] DEBUG org.hibernate.orm.results.loading - Calling top-level assembler (0 / 1) : org.hibernate.sql.results.graph.entity.internal.EntityAssembler@552b5799
10:24:08.756 [main] DEBUG org.hibernate.orm.results - Extracted JDBC value [0] - [87]
10:24:08.756 [main] DEBUG org.hibernate.orm.results.loading.entity - (EntityResultInitializer) Hydrated EntityKey (org.frcpm.models.Subteam(959665039322200)): 87
10:24:08.756 [main] DEBUG org.hibernate.orm.results.loading.org.hibernate.orm.results.loading.collection - (DelayedCollectionInitializer) Current row collection key : org.frcpm.models.Subteam(959665039322200).members#87
10:24:08.756 [main] DEBUG org.hibernate.orm.results.loading.org.hibernate.orm.results.loading.collection - (DelayedCollectionInitializer) Current row collection key : org.frcpm.models.Subteam(959665039322200).subsystems#87
10:24:08.756 [main] DEBUG org.hibernate.orm.results.loading.entity - (EntityResultInitializer) Created new entity instance [org.frcpm.models.Subteam(959665039322200)#87] : 1881296433
10:24:08.756 [main] DEBUG org.hibernate.orm.results - Extracted JDBC value [1] - [#0000FF]
10:24:08.756 [main] DEBUG org.hibernate.orm.results - Extracted JDBC value [2] - [Duplicate Name Subteam]
10:24:08.756 [main] DEBUG org.hibernate.orm.results - Extracted JDBC value [3] - [Specialties]
10:24:08.756 [main] DEBUG org.hibernate.orm.results.loading.entity - (EntityResultInitializer) Done materializing entityInstance : org.frcpm.models.Subteam(959665039322200)#87
10:24:08.756 [main] DEBUG org.hibernate.orm.results.loading - Calling top-level assembler (0 / 1) : org.hibernate.sql.results.graph.entity.internal.EntityAssembler@552b5799
10:24:08.756 [main] DEBUG org.hibernate.resource.jdbc.internal.LogicalConnectionManagedImpl - Initiating JDBC connection release from afterTransaction
10:24:08.756 [main] DEBUG org.hibernate.resource.jdbc.internal.LogicalConnectionManagedImpl - Initiating JDBC connection release from afterTransaction
]]></system-out>
  </testcase>
  <testcase name="testSetDialogService" classname="org.frcpm.controllers.SubsystemControllerTest" time="0.019">
    <system-out><![CDATA[10:24:08.759 [main] DEBUG org.hibernate.orm.sql.ast.create - Created new SQL alias : s1_0
10:24:08.759 [main] DEBUG org.hibernate.orm.sql.ast.create - Registration of TableGroup [StandardTableGroup(org.frcpm.models.Subsystem(959665045124800))] with identifierForTableGroup [org.frcpm.models.Subsystem] for NavigablePath [org.frcpm.models.Subsystem] 
10:24:08.759 [main] DEBUG org.hibernate.orm.sql.ast.create - Registration of TableGroup [org.hibernate.sql.ast.tree.from.LazyTableGroup@57ae2f11] with identifierForTableGroup [org.frcpm.models.Subsystem.responsibleSubteam] for NavigablePath [org.frcpm.models.Subsystem.responsibleSubteam] 
10:24:08.760 [main] DEBUG org.hibernate.orm.results.graph.AST - DomainResult Graph:
 \-EntityResultImpl [org.frcpm.models.Subsystem(959665045124800)]
 |  +-BasicFetch [org.frcpm.models.Subsystem(959665045124800).description]
 |  +-BasicFetch [org.frcpm.models.Subsystem(959665045124800).name]
 |  +-CircularFetchImpl [org.frcpm.models.Subsystem(959665045124800).responsibleSubteam]
 |  +-BasicFetch [org.frcpm.models.Subsystem(959665045124800).status]
 |  \-DelayedCollectionFetch [org.frcpm.models.Subsystem(959665045124800).tasks]

10:24:08.760 [main] DEBUG org.hibernate.orm.sql.ast.tree - SQL AST Tree:
    SelectStatement {
      FromClause {
        StandardTableGroup (s1 : org.frcpm.models.Subsystem(959665045124800)) {
          primaryTableReference : subsystems as s1_0
          TableGroupJoins {
            left  join LazyTableGroup (rs1 : org.frcpm.models.Subsystem(959665045124800).responsibleSubteam) {
            }
          }
        }
      }
    }

10:24:08.760 [main] DEBUG org.hibernate.orm.sql.exec - Skipping reading Query result cache data: cache-enabled = false, cache-mode = NORMAL
10:24:08.760 [main] DEBUG org.hibernate.orm.results - Initializer list:
	  org.frcpm.models.Subsystem(959665045124800) -> EntityResultInitializer(org.frcpm.models.Subsystem(959665045124800))@2086255982 (SingleTableEntityPersister(org.frcpm.models.Subsystem))
	  org.frcpm.models.Subsystem(959665045124800).tasks -> DelayedCollectionInitializer(org.frcpm.models.Subsystem(959665045124800).tasks)@1830918135 (PluralAttribute(org.frcpm.models.Subsystem.tasks))
	  org.frcpm.models.Subsystem(959665045124800).responsibleSubteam -> EntityDelayedFetchInitializer(org.frcpm.models.Subsystem(959665045124800).responsibleSubteam)@1315149156 (ToOneAttributeMapping(NavigableRole[org.frcpm.models.Subsystem.responsibleSubteam])@135084207)

10:24:08.760 [main] DEBUG org.hibernate.SQL - select s1_0.id,s1_0.description,s1_0.name,s1_0.responsible_subteam_id,s1_0.status from subsystems s1_0
10:24:08.760 [main] DEBUG org.hibernate.orm.results - Extracted JDBC value [0] - [1]
10:24:08.760 [main] DEBUG org.hibernate.orm.results.loading.entity - (EntityResultInitializer) Hydrated EntityKey (org.frcpm.models.Subsystem(959665045124800)): 1
10:24:08.760 [main] DEBUG org.hibernate.orm.results.loading.org.hibernate.orm.results.loading.collection - (DelayedCollectionInitializer) Current row collection key : org.frcpm.models.Subsystem(959665045124800).tasks#1
10:24:08.760 [main] DEBUG org.hibernate.orm.results.loading.entity - (EntityResultInitializer) Created new entity instance [org.frcpm.models.Subsystem(959665045124800)#1] : 955200837
10:24:08.760 [main] DEBUG org.hibernate.orm.results - Extracted JDBC value [3] - [1]
10:24:08.761 [main] DEBUG org.hibernate.orm.results - Extracted JDBC value [1] - [Robot movement and navigation system]
10:24:08.761 [main] DEBUG org.hibernate.orm.results - Extracted JDBC value [2] - [Drivetrain]
10:24:08.761 [main] DEBUG org.hibernate.orm.results - Extracted JDBC value [4] - [IN_PROGRESS]
10:24:08.761 [main] DEBUG org.hibernate.orm.results.loading.entity - (EntityResultInitializer) Done materializing entityInstance : org.frcpm.models.Subsystem(959665045124800)#1
10:24:08.761 [main] DEBUG org.hibernate.orm.results.loading - Calling top-level assembler (0 / 1) : org.hibernate.sql.results.graph.entity.internal.EntityAssembler@1d7924c4
10:24:08.761 [main] DEBUG org.hibernate.orm.results - Extracted JDBC value [0] - [2]
10:24:08.761 [main] DEBUG org.hibernate.orm.results.loading.entity - (EntityResultInitializer) Hydrated EntityKey (org.frcpm.models.Subsystem(959665045124800)): 2
10:24:08.761 [main] DEBUG org.hibernate.orm.results.loading.org.hibernate.orm.results.loading.collection - (DelayedCollectionInitializer) Current row collection key : org.frcpm.models.Subsystem(959665045124800).tasks#2
10:24:08.761 [main] DEBUG org.hibernate.orm.results.loading.entity - (EntityResultInitializer) Created new entity instance [org.frcpm.models.Subsystem(959665045124800)#2] : 1086930339
10:24:08.761 [main] DEBUG org.hibernate.orm.results - Extracted JDBC value [3] - [1]
10:24:08.761 [main] DEBUG org.hibernate.orm.results - Extracted JDBC value [1] - [Mechanism for collecting game pieces]
10:24:08.761 [main] DEBUG org.hibernate.orm.results - Extracted JDBC value [2] - [Intake]
10:24:08.761 [main] DEBUG org.hibernate.orm.results - Extracted JDBC value [4] - [NOT_STARTED]
10:24:08.761 [main] DEBUG org.hibernate.orm.results.loading.entity - (EntityResultInitializer) Done materializing entityInstance : org.frcpm.models.Subsystem(959665045124800)#2
10:24:08.761 [main] DEBUG org.hibernate.orm.results.loading - Calling top-level assembler (0 / 1) : org.hibernate.sql.results.graph.entity.internal.EntityAssembler@1d7924c4
10:24:08.761 [main] DEBUG org.hibernate.orm.results - Extracted JDBC value [0] - [3]
10:24:08.761 [main] DEBUG org.hibernate.orm.results.loading.entity - (EntityResultInitializer) Hydrated EntityKey (org.frcpm.models.Subsystem(959665045124800)): 3
10:24:08.761 [main] DEBUG org.hibernate.orm.results.loading.org.hibernate.orm.results.loading.collection - (DelayedCollectionInitializer) Current row collection key : org.frcpm.models.Subsystem(959665045124800).tasks#3
10:24:08.761 [main] DEBUG org.hibernate.orm.results.loading.entity - (EntityResultInitializer) Created new entity instance [org.frcpm.models.Subsystem(959665045124800)#3] : 1090806613
10:24:08.761 [main] DEBUG org.hibernate.orm.results - Extracted JDBC value [3] - [1]
10:24:08.761 [main] DEBUG org.hibernate.orm.results - Extracted JDBC value [1] - [Mechanism for scoring game pieces]
10:24:08.761 [main] DEBUG org.hibernate.orm.results - Extracted JDBC value [2] - [Shooter]
10:24:08.761 [main] DEBUG org.hibernate.orm.results - Extracted JDBC value [4] - [NOT_STARTED]
10:24:08.761 [main] DEBUG org.hibernate.orm.results.loading.entity - (EntityResultInitializer) Done materializing entityInstance : org.frcpm.models.Subsystem(959665045124800)#3
10:24:08.761 [main] DEBUG org.hibernate.orm.results.loading - Calling top-level assembler (0 / 1) : org.hibernate.sql.results.graph.entity.internal.EntityAssembler@1d7924c4
10:24:08.761 [main] DEBUG org.hibernate.orm.results - Extracted JDBC value [0] - [4]
10:24:08.761 [main] DEBUG org.hibernate.orm.results.loading.entity - (EntityResultInitializer) Hydrated EntityKey (org.frcpm.models.Subsystem(959665045124800)): 4
10:24:08.761 [main] DEBUG org.hibernate.orm.results.loading.org.hibernate.orm.results.loading.collection - (DelayedCollectionInitializer) Current row collection key : org.frcpm.models.Subsystem(959665045124800).tasks#4
10:24:08.761 [main] DEBUG org.hibernate.orm.results.loading.entity - (EntityResultInitializer) Created new entity instance [org.frcpm.models.Subsystem(959665045124800)#4] : 471999362
10:24:08.761 [main] DEBUG org.hibernate.orm.results - Extracted JDBC value [3] - [3]
10:24:08.761 [main] DEBUG org.hibernate.orm.results - Extracted JDBC value [1] - [Camera and processing system for targeting]
10:24:08.761 [main] DEBUG org.hibernate.orm.results - Extracted JDBC value [2] - [Vision]
10:24:08.761 [main] DEBUG org.hibernate.orm.results - Extracted JDBC value [4] - [NOT_STARTED]
10:24:08.761 [main] DEBUG org.hibernate.orm.results.loading.entity - (EntityResultInitializer) Done materializing entityInstance : org.frcpm.models.Subsystem(959665045124800)#4
10:24:08.761 [main] DEBUG org.hibernate.orm.results.loading - Calling top-level assembler (0 / 1) : org.hibernate.sql.results.graph.entity.internal.EntityAssembler@1d7924c4
10:24:08.761 [main] DEBUG org.hibernate.orm.results - Extracted JDBC value [0] - [5]
10:24:08.761 [main] DEBUG org.hibernate.orm.results.loading.entity - (EntityResultInitializer) Hydrated EntityKey (org.frcpm.models.Subsystem(959665045124800)): 5
10:24:08.761 [main] DEBUG org.hibernate.orm.results.loading.org.hibernate.orm.results.loading.collection - (DelayedCollectionInitializer) Current row collection key : org.frcpm.models.Subsystem(959665045124800).tasks#5
10:24:08.761 [main] DEBUG org.hibernate.orm.results.loading.entity - (EntityResultInitializer) Created new entity instance [org.frcpm.models.Subsystem(959665045124800)#5] : 345416906
10:24:08.761 [main] DEBUG org.hibernate.orm.results - Extracted JDBC value [3] - [2]
10:24:08.761 [main] DEBUG org.hibernate.orm.results - Extracted JDBC value [1] - [Wiring, electronics, and sensors]
10:24:08.761 [main] DEBUG org.hibernate.orm.results - Extracted JDBC value [2] - [Controls]
10:24:08.762 [main] DEBUG org.hibernate.orm.results - Extracted JDBC value [4] - [NOT_STARTED]
10:24:08.762 [main] DEBUG org.hibernate.orm.results.loading.entity - (EntityResultInitializer) Done materializing entityInstance : org.frcpm.models.Subsystem(959665045124800)#5
10:24:08.762 [main] DEBUG org.hibernate.orm.results.loading - Calling top-level assembler (0 / 1) : org.hibernate.sql.results.graph.entity.internal.EntityAssembler@1d7924c4
10:24:08.762 [main] DEBUG org.hibernate.orm.results - Extracted JDBC value [0] - [18]
10:24:08.762 [main] DEBUG org.hibernate.orm.results.loading.entity - (EntityResultInitializer) Hydrated EntityKey (org.frcpm.models.Subsystem(959665045124800)): 18
10:24:08.762 [main] DEBUG org.hibernate.orm.results.loading.org.hibernate.orm.results.loading.collection - (DelayedCollectionInitializer) Current row collection key : org.frcpm.models.Subsystem(959665045124800).tasks#18
10:24:08.762 [main] DEBUG org.hibernate.orm.results.loading.entity - (EntityResultInitializer) Created new entity instance [org.frcpm.models.Subsystem(959665045124800)#18] : 1967335114
10:24:08.762 [main] DEBUG org.hibernate.orm.results - Extracted JDBC value [3] - [null]
10:24:08.762 [main] DEBUG org.hibernate.orm.results - Extracted JDBC value [1] - [null]
10:24:08.762 [main] DEBUG org.hibernate.orm.results - Extracted JDBC value [2] - [Test Count Subsystem]
10:24:08.762 [main] DEBUG org.hibernate.orm.results - Extracted JDBC value [4] - [NOT_STARTED]
10:24:08.762 [main] DEBUG org.hibernate.orm.results.loading.entity - (EntityResultInitializer) Done materializing entityInstance : org.frcpm.models.Subsystem(959665045124800)#18
10:24:08.762 [main] DEBUG org.hibernate.orm.results.loading - Calling top-level assembler (0 / 1) : org.hibernate.sql.results.graph.entity.internal.EntityAssembler@1d7924c4
10:24:08.762 [main] DEBUG org.hibernate.orm.results - Extracted JDBC value [0] - [22]
10:24:08.762 [main] DEBUG org.hibernate.orm.results.loading.entity - (EntityResultInitializer) Hydrated EntityKey (org.frcpm.models.Subsystem(959665045124800)): 22
10:24:08.762 [main] DEBUG org.hibernate.orm.results.loading.org.hibernate.orm.results.loading.collection - (DelayedCollectionInitializer) Current row collection key : org.frcpm.models.Subsystem(959665045124800).tasks#22
10:24:08.762 [main] DEBUG org.hibernate.orm.results.loading.entity - (EntityResultInitializer) Created new entity instance [org.frcpm.models.Subsystem(959665045124800)#22] : 1910622204
10:24:08.762 [main] DEBUG org.hibernate.orm.results - Extracted JDBC value [3] - [null]
10:24:08.762 [main] DEBUG org.hibernate.orm.results - Extracted JDBC value [1] - [Save subsystem description]
10:24:08.762 [main] DEBUG org.hibernate.orm.results - Extracted JDBC value [2] - [Test Save Subsystem]
10:24:08.762 [main] DEBUG org.hibernate.orm.results - Extracted JDBC value [4] - [TESTING]
10:24:08.762 [main] DEBUG org.hibernate.orm.results.loading.entity - (EntityResultInitializer) Done materializing entityInstance : org.frcpm.models.Subsystem(959665045124800)#22
10:24:08.762 [main] DEBUG org.hibernate.orm.results.loading - Calling top-level assembler (0 / 1) : org.hibernate.sql.results.graph.entity.internal.EntityAssembler@1d7924c4
10:24:08.762 [main] DEBUG org.hibernate.orm.results - Extracted JDBC value [0] - [43]
10:24:08.762 [main] DEBUG org.hibernate.orm.results.loading.entity - (EntityResultInitializer) Hydrated EntityKey (org.frcpm.models.Subsystem(959665045124800)): 43
10:24:08.762 [main] DEBUG org.hibernate.orm.results.loading.org.hibernate.orm.results.loading.collection - (DelayedCollectionInitializer) Current row collection key : org.frcpm.models.Subsystem(959665045124800).tasks#43
10:24:08.763 [main] DEBUG org.hibernate.orm.results.loading.entity - (EntityResultInitializer) Created new entity instance [org.frcpm.models.Subsystem(959665045124800)#43] : 1683096716
10:24:08.763 [main] DEBUG org.hibernate.orm.results - Extracted JDBC value [3] - [null]
10:24:08.763 [main] DEBUG org.hibernate.orm.results - Extracted JDBC value [1] - [Updated description]
10:24:08.763 [main] DEBUG org.hibernate.orm.results - Extracted JDBC value [2] - [Updated Subsystem Name]
10:24:08.763 [main] DEBUG org.hibernate.orm.results - Extracted JDBC value [4] - [ISSUES]
10:24:08.763 [main] DEBUG org.hibernate.orm.results.loading.entity - (EntityResultInitializer) Done materializing entityInstance : org.frcpm.models.Subsystem(959665045124800)#43
10:24:08.763 [main] DEBUG org.hibernate.orm.results.loading - Calling top-level assembler (0 / 1) : org.hibernate.sql.results.graph.entity.internal.EntityAssembler@1d7924c4
10:24:08.763 [main] DEBUG org.hibernate.orm.results - Extracted JDBC value [0] - [44]
10:24:08.763 [main] DEBUG org.hibernate.orm.results.loading.entity - (EntityResultInitializer) Hydrated EntityKey (org.frcpm.models.Subsystem(959665045124800)): 44
10:24:08.763 [main] DEBUG org.hibernate.orm.results.loading.org.hibernate.orm.results.loading.collection - (DelayedCollectionInitializer) Current row collection key : org.frcpm.models.Subsystem(959665045124800).tasks#44
10:24:08.763 [main] DEBUG org.hibernate.orm.results.loading.entity - (EntityResultInitializer) Created new entity instance [org.frcpm.models.Subsystem(959665045124800)#44] : 1335472383
10:24:08.763 [main] DEBUG org.hibernate.orm.results - Extracted JDBC value [3] - [null]
10:24:08.763 [main] DEBUG org.hibernate.orm.results - Extracted JDBC value [1] - [null]
10:24:08.763 [main] DEBUG org.hibernate.orm.results - Extracted JDBC value [2] - [Test Task Subsystem]
10:24:08.763 [main] DEBUG org.hibernate.orm.results - Extracted JDBC value [4] - [NOT_STARTED]
10:24:08.763 [main] DEBUG org.hibernate.orm.results.loading.entity - (EntityResultInitializer) Done materializing entityInstance : org.frcpm.models.Subsystem(959665045124800)#44
10:24:08.763 [main] DEBUG org.hibernate.orm.results.loading - Calling top-level assembler (0 / 1) : org.hibernate.sql.results.graph.entity.internal.EntityAssembler@1d7924c4
10:24:08.763 [main] DEBUG org.hibernate.orm.results - Extracted JDBC value [0] - [45]
10:24:08.763 [main] DEBUG org.hibernate.orm.results.loading.entity - (EntityResultInitializer) Hydrated EntityKey (org.frcpm.models.Subsystem(959665045124800)): 45
10:24:08.763 [main] DEBUG org.hibernate.orm.results.loading.org.hibernate.orm.results.loading.collection - (DelayedCollectionInitializer) Current row collection key : org.frcpm.models.Subsystem(959665045124800).tasks#45
10:24:08.763 [main] DEBUG org.hibernate.orm.results.loading.entity - (EntityResultInitializer) Created new entity instance [org.frcpm.models.Subsystem(959665045124800)#45] : 1798380773
10:24:08.763 [main] DEBUG org.hibernate.orm.results - Extracted JDBC value [3] - [null]
10:24:08.763 [main] DEBUG org.hibernate.orm.results - Extracted JDBC value [1] - [null]
10:24:08.763 [main] DEBUG org.hibernate.orm.results - Extracted JDBC value [2] - [Test Task Subsystem]
10:24:08.763 [main] DEBUG org.hibernate.orm.results - Extracted JDBC value [4] - [NOT_STARTED]
10:24:08.763 [main] DEBUG org.hibernate.orm.results.loading.entity - (EntityResultInitializer) Done materializing entityInstance : org.frcpm.models.Subsystem(959665045124800)#45
10:24:08.763 [main] DEBUG org.hibernate.orm.results.loading - Calling top-level assembler (0 / 1) : org.hibernate.sql.results.graph.entity.internal.EntityAssembler@1d7924c4
10:24:08.763 [main] DEBUG org.hibernate.orm.results - Extracted JDBC value [0] - [46]
10:24:08.763 [main] DEBUG org.hibernate.orm.results.loading.entity - (EntityResultInitializer) Hydrated EntityKey (org.frcpm.models.Subsystem(959665045124800)): 46
10:24:08.763 [main] DEBUG org.hibernate.orm.results.loading.org.hibernate.orm.results.loading.collection - (DelayedCollectionInitializer) Current row collection key : org.frcpm.models.Subsystem(959665045124800).tasks#46
10:24:08.763 [main] DEBUG org.hibernate.orm.results.loading.entity - (EntityResultInitializer) Created new entity instance [org.frcpm.models.Subsystem(959665045124800)#46] : 454968048
10:24:08.763 [main] DEBUG org.hibernate.orm.results - Extracted JDBC value [3] - [null]
10:24:08.763 [main] DEBUG org.hibernate.orm.results - Extracted JDBC value [1] - [null]
10:24:08.763 [main] DEBUG org.hibernate.orm.results - Extracted JDBC value [2] - [Test Task Subsystem]
10:24:08.763 [main] DEBUG org.hibernate.orm.results - Extracted JDBC value [4] - [NOT_STARTED]
10:24:08.763 [main] DEBUG org.hibernate.orm.results.loading.entity - (EntityResultInitializer) Done materializing entityInstance : org.frcpm.models.Subsystem(959665045124800)#46
10:24:08.763 [main] DEBUG org.hibernate.orm.results.loading - Calling top-level assembler (0 / 1) : org.hibernate.sql.results.graph.entity.internal.EntityAssembler@1d7924c4
10:24:08.763 [main] DEBUG org.hibernate.orm.results - Extracted JDBC value [0] - [47]
10:24:08.763 [main] DEBUG org.hibernate.orm.results.loading.entity - (EntityResultInitializer) Hydrated EntityKey (org.frcpm.models.Subsystem(959665045124800)): 47
10:24:08.763 [main] DEBUG org.hibernate.orm.results.loading.org.hibernate.orm.results.loading.collection - (DelayedCollectionInitializer) Current row collection key : org.frcpm.models.Subsystem(959665045124800).tasks#47
10:24:08.763 [main] DEBUG org.hibernate.orm.results.loading.entity - (EntityResultInitializer) Created new entity instance [org.frcpm.models.Subsystem(959665045124800)#47] : 2138061300
10:24:08.763 [main] DEBUG org.hibernate.orm.results - Extracted JDBC value [3] - [null]
10:24:08.763 [main] DEBUG org.hibernate.orm.results - Extracted JDBC value [1] - [null]
10:24:08.763 [main] DEBUG org.hibernate.orm.results - Extracted JDBC value [2] - [Test Task Subsystem]
10:24:08.763 [main] DEBUG org.hibernate.orm.results - Extracted JDBC value [4] - [NOT_STARTED]
10:24:08.763 [main] DEBUG org.hibernate.orm.results.loading.entity - (EntityResultInitializer) Done materializing entityInstance : org.frcpm.models.Subsystem(959665045124800)#47
10:24:08.763 [main] DEBUG org.hibernate.orm.results.loading - Calling top-level assembler (0 / 1) : org.hibernate.sql.results.graph.entity.internal.EntityAssembler@1d7924c4
10:24:08.763 [main] DEBUG org.hibernate.orm.results - Extracted JDBC value [0] - [48]
10:24:08.763 [main] DEBUG org.hibernate.orm.results.loading.entity - (EntityResultInitializer) Hydrated EntityKey (org.frcpm.models.Subsystem(959665045124800)): 48
10:24:08.763 [main] DEBUG org.hibernate.orm.results.loading.org.hibernate.orm.results.loading.collection - (DelayedCollectionInitializer) Current row collection key : org.frcpm.models.Subsystem(959665045124800).tasks#48
10:24:08.763 [main] DEBUG org.hibernate.orm.results.loading.entity - (EntityResultInitializer) Created new entity instance [org.frcpm.models.Subsystem(959665045124800)#48] : 530638248
10:24:08.763 [main] DEBUG org.hibernate.orm.results - Extracted JDBC value [3] - [null]
10:24:08.763 [main] DEBUG org.hibernate.orm.results - Extracted JDBC value [1] - [null]
10:24:08.763 [main] DEBUG org.hibernate.orm.results - Extracted JDBC value [2] - [Test Task Subsystem]
10:24:08.763 [main] DEBUG org.hibernate.orm.results - Extracted JDBC value [4] - [NOT_STARTED]
10:24:08.763 [main] DEBUG org.hibernate.orm.results.loading.entity - (EntityResultInitializer) Done materializing entityInstance : org.frcpm.models.Subsystem(959665045124800)#48
10:24:08.763 [main] DEBUG org.hibernate.orm.results.loading - Calling top-level assembler (0 / 1) : org.hibernate.sql.results.graph.entity.internal.EntityAssembler@1d7924c4
10:24:08.763 [main] DEBUG org.hibernate.orm.results - Extracted JDBC value [0] - [49]
10:24:08.763 [main] DEBUG org.hibernate.orm.results.loading.entity - (EntityResultInitializer) Hydrated EntityKey (org.frcpm.models.Subsystem(959665045124800)): 49
10:24:08.763 [main] DEBUG org.hibernate.orm.results.loading.org.hibernate.orm.results.loading.collection - (DelayedCollectionInitializer) Current row collection key : org.frcpm.models.Subsystem(959665045124800).tasks#49
10:24:08.763 [main] DEBUG org.hibernate.orm.results.loading.entity - (EntityResultInitializer) Created new entity instance [org.frcpm.models.Subsystem(959665045124800)#49] : 1397978526
10:24:08.763 [main] DEBUG org.hibernate.orm.results - Extracted JDBC value [3] - [null]
10:24:08.763 [main] DEBUG org.hibernate.orm.results - Extracted JDBC value [1] - [null]
10:24:08.763 [main] DEBUG org.hibernate.orm.results - Extracted JDBC value [2] - [Test Task Subsystem]
10:24:08.763 [main] DEBUG org.hibernate.orm.results - Extracted JDBC value [4] - [NOT_STARTED]
10:24:08.763 [main] DEBUG org.hibernate.orm.results.loading.entity - (EntityResultInitializer) Done materializing entityInstance : org.frcpm.models.Subsystem(959665045124800)#49
10:24:08.763 [main] DEBUG org.hibernate.orm.results.loading - Calling top-level assembler (0 / 1) : org.hibernate.sql.results.graph.entity.internal.EntityAssembler@1d7924c4
10:24:08.763 [main] DEBUG org.hibernate.orm.results - Extracted JDBC value [0] - [50]
10:24:08.763 [main] DEBUG org.hibernate.orm.results.loading.entity - (EntityResultInitializer) Hydrated EntityKey (org.frcpm.models.Subsystem(959665045124800)): 50
10:24:08.763 [main] DEBUG org.hibernate.orm.results.loading.org.hibernate.orm.results.loading.collection - (DelayedCollectionInitializer) Current row collection key : org.frcpm.models.Subsystem(959665045124800).tasks#50
10:24:08.763 [main] DEBUG org.hibernate.orm.results.loading.entity - (EntityResultInitializer) Created new entity instance [org.frcpm.models.Subsystem(959665045124800)#50] : 1022566663
10:24:08.763 [main] DEBUG org.hibernate.orm.results - Extracted JDBC value [3] - [null]
10:24:08.763 [main] DEBUG org.hibernate.orm.results - Extracted JDBC value [1] - [null]
10:24:08.763 [main] DEBUG org.hibernate.orm.results - Extracted JDBC value [2] - [Test Task Subsystem]
10:24:08.763 [main] DEBUG org.hibernate.orm.results - Extracted JDBC value [4] - [NOT_STARTED]
10:24:08.763 [main] DEBUG org.hibernate.orm.results.loading.entity - (EntityResultInitializer) Done materializing entityInstance : org.frcpm.models.Subsystem(959665045124800)#50
10:24:08.763 [main] DEBUG org.hibernate.orm.results.loading - Calling top-level assembler (0 / 1) : org.hibernate.sql.results.graph.entity.internal.EntityAssembler@1d7924c4
10:24:08.763 [main] DEBUG org.hibernate.orm.results - Extracted JDBC value [0] - [51]
10:24:08.763 [main] DEBUG org.hibernate.orm.results.loading.entity - (EntityResultInitializer) Hydrated EntityKey (org.frcpm.models.Subsystem(959665045124800)): 51
10:24:08.763 [main] DEBUG org.hibernate.orm.results.loading.org.hibernate.orm.results.loading.collection - (DelayedCollectionInitializer) Current row collection key : org.frcpm.models.Subsystem(959665045124800).tasks#51
10:24:08.764 [main] DEBUG org.hibernate.orm.results.loading.entity - (EntityResultInitializer) Created new entity instance [org.frcpm.models.Subsystem(959665045124800)#51] : 1264267888
10:24:08.764 [main] DEBUG org.hibernate.orm.results - Extracted JDBC value [3] - [null]
10:24:08.764 [main] DEBUG org.hibernate.orm.results - Extracted JDBC value [1] - [null]
10:24:08.764 [main] DEBUG org.hibernate.orm.results - Extracted JDBC value [2] - [Test Task Subsystem]
10:24:08.764 [main] DEBUG org.hibernate.orm.results - Extracted JDBC value [4] - [NOT_STARTED]
10:24:08.764 [main] DEBUG org.hibernate.orm.results.loading.entity - (EntityResultInitializer) Done materializing entityInstance : org.frcpm.models.Subsystem(959665045124800)#51
10:24:08.764 [main] DEBUG org.hibernate.orm.results.loading - Calling top-level assembler (0 / 1) : org.hibernate.sql.results.graph.entity.internal.EntityAssembler@1d7924c4
10:24:08.764 [main] DEBUG org.hibernate.orm.results - Extracted JDBC value [0] - [52]
10:24:08.764 [main] DEBUG org.hibernate.orm.results.loading.entity - (EntityResultInitializer) Hydrated EntityKey (org.frcpm.models.Subsystem(959665045124800)): 52
10:24:08.764 [main] DEBUG org.hibernate.orm.results.loading.org.hibernate.orm.results.loading.collection - (DelayedCollectionInitializer) Current row collection key : org.frcpm.models.Subsystem(959665045124800).tasks#52
10:24:08.764 [main] DEBUG org.hibernate.orm.results.loading.entity - (EntityResultInitializer) Created new entity instance [org.frcpm.models.Subsystem(959665045124800)#52] : 2048648662
10:24:08.764 [main] DEBUG org.hibernate.orm.results - Extracted JDBC value [3] - [null]
10:24:08.764 [main] DEBUG org.hibernate.orm.results - Extracted JDBC value [1] - [null]
10:24:08.764 [main] DEBUG org.hibernate.orm.results - Extracted JDBC value [2] - [Test Task Subsystem]
10:24:08.764 [main] DEBUG org.hibernate.orm.results - Extracted JDBC value [4] - [NOT_STARTED]
10:24:08.764 [main] DEBUG org.hibernate.orm.results.loading.entity - (EntityResultInitializer) Done materializing entityInstance : org.frcpm.models.Subsystem(959665045124800)#52
10:24:08.764 [main] DEBUG org.hibernate.orm.results.loading - Calling top-level assembler (0 / 1) : org.hibernate.sql.results.graph.entity.internal.EntityAssembler@1d7924c4
10:24:08.764 [main] DEBUG org.hibernate.orm.results - Extracted JDBC value [0] - [53]
10:24:08.764 [main] DEBUG org.hibernate.orm.results.loading.entity - (EntityResultInitializer) Hydrated EntityKey (org.frcpm.models.Subsystem(959665045124800)): 53
10:24:08.764 [main] DEBUG org.hibernate.orm.results.loading.org.hibernate.orm.results.loading.collection - (DelayedCollectionInitializer) Current row collection key : org.frcpm.models.Subsystem(959665045124800).tasks#53
10:24:08.764 [main] DEBUG org.hibernate.orm.results.loading.entity - (EntityResultInitializer) Created new entity instance [org.frcpm.models.Subsystem(959665045124800)#53] : 160221123
10:24:08.764 [main] DEBUG org.hibernate.orm.results - Extracted JDBC value [3] - [null]
10:24:08.764 [main] DEBUG org.hibernate.orm.results - Extracted JDBC value [1] - [null]
10:24:08.764 [main] DEBUG org.hibernate.orm.results - Extracted JDBC value [2] - [Test Task Subsystem]
10:24:08.764 [main] DEBUG org.hibernate.orm.results - Extracted JDBC value [4] - [NOT_STARTED]
10:24:08.764 [main] DEBUG org.hibernate.orm.results.loading.entity - (EntityResultInitializer) Done materializing entityInstance : org.frcpm.models.Subsystem(959665045124800)#53
10:24:08.764 [main] DEBUG org.hibernate.orm.results.loading - Calling top-level assembler (0 / 1) : org.hibernate.sql.results.graph.entity.internal.EntityAssembler@1d7924c4
10:24:08.764 [main] DEBUG org.hibernate.orm.results - Extracted JDBC value [0] - [54]
10:24:08.764 [main] DEBUG org.hibernate.orm.results.loading.entity - (EntityResultInitializer) Hydrated EntityKey (org.frcpm.models.Subsystem(959665045124800)): 54
10:24:08.764 [main] DEBUG org.hibernate.orm.results.loading.org.hibernate.orm.results.loading.collection - (DelayedCollectionInitializer) Current row collection key : org.frcpm.models.Subsystem(959665045124800).tasks#54
10:24:08.764 [main] DEBUG org.hibernate.orm.results.loading.entity - (EntityResultInitializer) Created new entity instance [org.frcpm.models.Subsystem(959665045124800)#54] : 1540325638
10:24:08.764 [main] DEBUG org.hibernate.orm.results - Extracted JDBC value [3] - [null]
10:24:08.764 [main] DEBUG org.hibernate.orm.results - Extracted JDBC value [1] - [null]
10:24:08.764 [main] DEBUG org.hibernate.orm.results - Extracted JDBC value [2] - [Test Task Subsystem]
10:24:08.764 [main] DEBUG org.hibernate.orm.results - Extracted JDBC value [4] - [NOT_STARTED]
10:24:08.765 [main] DEBUG org.hibernate.orm.results.loading.entity - (EntityResultInitializer) Done materializing entityInstance : org.frcpm.models.Subsystem(959665045124800)#54
10:24:08.765 [main] DEBUG org.hibernate.orm.results.loading - Calling top-level assembler (0 / 1) : org.hibernate.sql.results.graph.entity.internal.EntityAssembler@1d7924c4
10:24:08.765 [main] DEBUG org.hibernate.orm.results - Extracted JDBC value [0] - [55]
10:24:08.765 [main] DEBUG org.hibernate.orm.results.loading.entity - (EntityResultInitializer) Hydrated EntityKey (org.frcpm.models.Subsystem(959665045124800)): 55
10:24:08.765 [main] DEBUG org.hibernate.orm.results.loading.org.hibernate.orm.results.loading.collection - (DelayedCollectionInitializer) Current row collection key : org.frcpm.models.Subsystem(959665045124800).tasks#55
10:24:08.765 [main] DEBUG org.hibernate.orm.results.loading.entity - (EntityResultInitializer) Created new entity instance [org.frcpm.models.Subsystem(959665045124800)#55] : 437893846
10:24:08.766 [main] DEBUG org.hibernate.orm.results - Extracted JDBC value [3] - [null]
10:24:08.766 [main] DEBUG org.hibernate.orm.results - Extracted JDBC value [1] - [null]
10:24:08.766 [main] DEBUG org.hibernate.orm.results - Extracted JDBC value [2] - [Test Task Subsystem]
10:24:08.766 [main] DEBUG org.hibernate.orm.results - Extracted JDBC value [4] - [NOT_STARTED]
10:24:08.766 [main] DEBUG org.hibernate.orm.results.loading.entity - (EntityResultInitializer) Done materializing entityInstance : org.frcpm.models.Subsystem(959665045124800)#55
10:24:08.766 [main] DEBUG org.hibernate.orm.results.loading - Calling top-level assembler (0 / 1) : org.hibernate.sql.results.graph.entity.internal.EntityAssembler@1d7924c4
10:24:08.766 [main] DEBUG org.hibernate.orm.results - Extracted JDBC value [0] - [56]
10:24:08.766 [main] DEBUG org.hibernate.orm.results.loading.entity - (EntityResultInitializer) Hydrated EntityKey (org.frcpm.models.Subsystem(959665045124800)): 56
10:24:08.766 [main] DEBUG org.hibernate.orm.results.loading.org.hibernate.orm.results.loading.collection - (DelayedCollectionInitializer) Current row collection key : org.frcpm.models.Subsystem(959665045124800).tasks#56
10:24:08.767 [main] DEBUG org.hibernate.orm.results.loading.entity - (EntityResultInitializer) Created new entity instance [org.frcpm.models.Subsystem(959665045124800)#56] : 1012264852
10:24:08.767 [main] DEBUG org.hibernate.orm.results - Extracted JDBC value [3] - [null]
10:24:08.767 [main] DEBUG org.hibernate.orm.results - Extracted JDBC value [1] - [null]
10:24:08.767 [main] DEBUG org.hibernate.orm.results - Extracted JDBC value [2] - [Test Task Subsystem]
10:24:08.768 [main] DEBUG org.hibernate.orm.results - Extracted JDBC value [4] - [NOT_STARTED]
10:24:08.768 [main] DEBUG org.hibernate.orm.results.loading.entity - (EntityResultInitializer) Done materializing entityInstance : org.frcpm.models.Subsystem(959665045124800)#56
10:24:08.768 [main] DEBUG org.hibernate.orm.results.loading - Calling top-level assembler (0 / 1) : org.hibernate.sql.results.graph.entity.internal.EntityAssembler@1d7924c4
10:24:08.768 [main] DEBUG org.hibernate.orm.results - Extracted JDBC value [0] - [66]
10:24:08.768 [main] DEBUG org.hibernate.orm.results.loading.entity - (EntityResultInitializer) Hydrated EntityKey (org.frcpm.models.Subsystem(959665045124800)): 66
10:24:08.768 [main] DEBUG org.hibernate.orm.results.loading.org.hibernate.orm.results.loading.collection - (DelayedCollectionInitializer) Current row collection key : org.frcpm.models.Subsystem(959665045124800).tasks#66
10:24:08.768 [main] DEBUG org.hibernate.orm.results.loading.entity - (EntityResultInitializer) Created new entity instance [org.frcpm.models.Subsystem(959665045124800)#66] : 949085832
10:24:08.768 [main] DEBUG org.hibernate.orm.results - Extracted JDBC value [3] - [null]
10:24:08.768 [main] DEBUG org.hibernate.orm.results - Extracted JDBC value [1] - [Test subsystem for component tests]
10:24:08.768 [main] DEBUG org.hibernate.orm.results - Extracted JDBC value [2] - [Component Test Subsystem]
10:24:08.768 [main] DEBUG org.hibernate.orm.results - Extracted JDBC value [4] - [NOT_STARTED]
10:24:08.769 [main] DEBUG org.hibernate.orm.results.loading.entity - (EntityResultInitializer) Done materializing entityInstance : org.frcpm.models.Subsystem(959665045124800)#66
10:24:08.769 [main] DEBUG org.hibernate.orm.results.loading - Calling top-level assembler (0 / 1) : org.hibernate.sql.results.graph.entity.internal.EntityAssembler@1d7924c4
10:24:08.769 [main] DEBUG org.hibernate.resource.jdbc.internal.LogicalConnectionManagedImpl - Initiating JDBC connection release from afterTransaction
10:24:08.769 [main] DEBUG org.hibernate.resource.jdbc.internal.LogicalConnectionManagedImpl - Initiating JDBC connection release from afterTransaction
10:24:08.770 [main] DEBUG org.hibernate.orm.sql.ast.create - Created new SQL alias : s1_0
10:24:08.770 [main] DEBUG org.hibernate.orm.sql.ast.create - Registration of TableGroup [StandardTableGroup(org.frcpm.models.Subteam(959665056540300))] with identifierForTableGroup [org.frcpm.models.Subteam] for NavigablePath [org.frcpm.models.Subteam] 
10:24:08.771 [main] DEBUG org.hibernate.orm.results.graph.AST - DomainResult Graph:
 \-EntityResultImpl [org.frcpm.models.Subteam(959665056540300)]
 |  +-BasicFetch [org.frcpm.models.Subteam(959665056540300).colorCode]
 |  +-DelayedCollectionFetch [org.frcpm.models.Subteam(959665056540300).members]
 |  +-BasicFetch [org.frcpm.models.Subteam(959665056540300).name]
 |  +-BasicFetch [org.frcpm.models.Subteam(959665056540300).specialties]
 |  \-DelayedCollectionFetch [org.frcpm.models.Subteam(959665056540300).subsystems]

10:24:08.771 [main] DEBUG org.hibernate.orm.sql.ast.tree - SQL AST Tree:
    SelectStatement {
      FromClause {
        StandardTableGroup (s1 : org.frcpm.models.Subteam(959665056540300)) {
          primaryTableReference : subteams as s1_0
        }
      }
    }

10:24:08.771 [main] DEBUG org.hibernate.orm.sql.exec - Skipping reading Query result cache data: cache-enabled = false, cache-mode = NORMAL
10:24:08.771 [main] DEBUG org.hibernate.orm.results - Initializer list:
	  org.frcpm.models.Subteam(959665056540300).subsystems -> DelayedCollectionInitializer(org.frcpm.models.Subteam(959665056540300).subsystems)@1299202584 (PluralAttribute(org.frcpm.models.Subteam.subsystems))
	  org.frcpm.models.Subteam(959665056540300).members -> DelayedCollectionInitializer(org.frcpm.models.Subteam(959665056540300).members)@2058455022 (PluralAttribute(org.frcpm.models.Subteam.members))
	  org.frcpm.models.Subteam(959665056540300) -> EntityResultInitializer(org.frcpm.models.Subteam(959665056540300))@1793499598 (SingleTableEntityPersister(org.frcpm.models.Subteam))

10:24:08.771 [main] DEBUG org.hibernate.SQL - select s1_0.id,s1_0.color_code,s1_0.name,s1_0.specialties from subteams s1_0
10:24:08.772 [main] DEBUG org.hibernate.orm.results - Extracted JDBC value [0] - [1]
10:24:08.772 [main] DEBUG org.hibernate.orm.results.loading.entity - (EntityResultInitializer) Hydrated EntityKey (org.frcpm.models.Subteam(959665056540300)): 1
10:24:08.772 [main] DEBUG org.hibernate.orm.results.loading.org.hibernate.orm.results.loading.collection - (DelayedCollectionInitializer) Current row collection key : org.frcpm.models.Subteam(959665056540300).members#1
10:24:08.772 [main] DEBUG org.hibernate.orm.results.loading.org.hibernate.orm.results.loading.collection - (DelayedCollectionInitializer) Current row collection key : org.frcpm.models.Subteam(959665056540300).subsystems#1
10:24:08.772 [main] DEBUG org.hibernate.orm.results.loading.entity - (EntityResultInitializer) Created new entity instance [org.frcpm.models.Subteam(959665056540300)#1] : 1694312470
10:24:08.772 [main] DEBUG org.hibernate.orm.results - Extracted JDBC value [1] - [#FF5733]
10:24:08.772 [main] DEBUG org.hibernate.orm.results - Extracted JDBC value [2] - [Mechanical]
10:24:08.772 [main] DEBUG org.hibernate.orm.results - Extracted JDBC value [3] - [Design, CAD, Fabrication, Assembly]
10:24:08.772 [main] DEBUG org.hibernate.orm.results.loading.entity - (EntityResultInitializer) Done materializing entityInstance : org.frcpm.models.Subteam(959665056540300)#1
10:24:08.772 [main] DEBUG org.hibernate.orm.results.loading - Calling top-level assembler (0 / 1) : org.hibernate.sql.results.graph.entity.internal.EntityAssembler@b1c7b36
10:24:08.772 [main] DEBUG org.hibernate.orm.results - Extracted JDBC value [0] - [2]
10:24:08.772 [main] DEBUG org.hibernate.orm.results.loading.entity - (EntityResultInitializer) Hydrated EntityKey (org.frcpm.models.Subteam(959665056540300)): 2
10:24:08.772 [main] DEBUG org.hibernate.orm.results.loading.org.hibernate.orm.results.loading.collection - (DelayedCollectionInitializer) Current row collection key : org.frcpm.models.Subteam(959665056540300).members#2
10:24:08.772 [main] DEBUG org.hibernate.orm.results.loading.org.hibernate.orm.results.loading.collection - (DelayedCollectionInitializer) Current row collection key : org.frcpm.models.Subteam(959665056540300).subsystems#2
10:24:08.772 [main] DEBUG org.hibernate.orm.results.loading.entity - (EntityResultInitializer) Created new entity instance [org.frcpm.models.Subteam(959665056540300)#2] : 111960027
10:24:08.772 [main] DEBUG org.hibernate.orm.results - Extracted JDBC value [1] - [#33A8FF]
10:24:08.772 [main] DEBUG org.hibernate.orm.results - Extracted JDBC value [2] - [Electrical]
10:24:08.772 [main] DEBUG org.hibernate.orm.results - Extracted JDBC value [3] - [Wiring, Electronics, Sensors, Power Systems]
10:24:08.772 [main] DEBUG org.hibernate.orm.results.loading.entity - (EntityResultInitializer) Done materializing entityInstance : org.frcpm.models.Subteam(959665056540300)#2
10:24:08.772 [main] DEBUG org.hibernate.orm.results.loading - Calling top-level assembler (0 / 1) : org.hibernate.sql.results.graph.entity.internal.EntityAssembler@b1c7b36
10:24:08.772 [main] DEBUG org.hibernate.orm.results - Extracted JDBC value [0] - [3]
10:24:08.772 [main] DEBUG org.hibernate.orm.results.loading.entity - (EntityResultInitializer) Hydrated EntityKey (org.frcpm.models.Subteam(959665056540300)): 3
10:24:08.772 [main] DEBUG org.hibernate.orm.results.loading.org.hibernate.orm.results.loading.collection - (DelayedCollectionInitializer) Current row collection key : org.frcpm.models.Subteam(959665056540300).members#3
10:24:08.772 [main] DEBUG org.hibernate.orm.results.loading.org.hibernate.orm.results.loading.collection - (DelayedCollectionInitializer) Current row collection key : org.frcpm.models.Subteam(959665056540300).subsystems#3
10:24:08.772 [main] DEBUG org.hibernate.orm.results.loading.entity - (EntityResultInitializer) Created new entity instance [org.frcpm.models.Subteam(959665056540300)#3] : 1826083903
10:24:08.772 [main] DEBUG org.hibernate.orm.results - Extracted JDBC value [1] - [#33FF57]
10:24:08.772 [main] DEBUG org.hibernate.orm.results - Extracted JDBC value [2] - [Programming]
10:24:08.772 [main] DEBUG org.hibernate.orm.results - Extracted JDBC value [3] - [Java, Vision, Control Systems, Autonomous]
10:24:08.772 [main] DEBUG org.hibernate.orm.results.loading.entity - (EntityResultInitializer) Done materializing entityInstance : org.frcpm.models.Subteam(959665056540300)#3
10:24:08.772 [main] DEBUG org.hibernate.orm.results.loading - Calling top-level assembler (0 / 1) : org.hibernate.sql.results.graph.entity.internal.EntityAssembler@b1c7b36
10:24:08.772 [main] DEBUG org.hibernate.orm.results - Extracted JDBC value [0] - [4]
10:24:08.772 [main] DEBUG org.hibernate.orm.results.loading.entity - (EntityResultInitializer) Hydrated EntityKey (org.frcpm.models.Subteam(959665056540300)): 4
10:24:08.772 [main] DEBUG org.hibernate.orm.results.loading.org.hibernate.orm.results.loading.collection - (DelayedCollectionInitializer) Current row collection key : org.frcpm.models.Subteam(959665056540300).members#4
10:24:08.772 [main] DEBUG org.hibernate.orm.results.loading.org.hibernate.orm.results.loading.collection - (DelayedCollectionInitializer) Current row collection key : org.frcpm.models.Subteam(959665056540300).subsystems#4
10:24:08.772 [main] DEBUG org.hibernate.orm.results.loading.entity - (EntityResultInitializer) Created new entity instance [org.frcpm.models.Subteam(959665056540300)#4] : 968373819
10:24:08.772 [main] DEBUG org.hibernate.orm.results - Extracted JDBC value [1] - [#FF33A8]
10:24:08.772 [main] DEBUG org.hibernate.orm.results - Extracted JDBC value [2] - [Business]
10:24:08.772 [main] DEBUG org.hibernate.orm.results - Extracted JDBC value [3] - [Fundraising, Marketing, Outreach, Awards]
10:24:08.772 [main] DEBUG org.hibernate.orm.results.loading.entity - (EntityResultInitializer) Done materializing entityInstance : org.frcpm.models.Subteam(959665056540300)#4
10:24:08.772 [main] DEBUG org.hibernate.orm.results.loading - Calling top-level assembler (0 / 1) : org.hibernate.sql.results.graph.entity.internal.EntityAssembler@b1c7b36
10:24:08.772 [main] DEBUG org.hibernate.orm.results - Extracted JDBC value [0] - [24]
10:24:08.772 [main] DEBUG org.hibernate.orm.results.loading.entity - (EntityResultInitializer) Hydrated EntityKey (org.frcpm.models.Subteam(959665056540300)): 24
10:24:08.772 [main] DEBUG org.hibernate.orm.results.loading.org.hibernate.orm.results.loading.collection - (DelayedCollectionInitializer) Current row collection key : org.frcpm.models.Subteam(959665056540300).members#24
10:24:08.772 [main] DEBUG org.hibernate.orm.results.loading.org.hibernate.orm.results.loading.collection - (DelayedCollectionInitializer) Current row collection key : org.frcpm.models.Subteam(959665056540300).subsystems#24
10:24:08.772 [main] DEBUG org.hibernate.orm.results.loading.entity - (EntityResultInitializer) Created new entity instance [org.frcpm.models.Subteam(959665056540300)#24] : 355447775
10:24:08.772 [main] DEBUG org.hibernate.orm.results - Extracted JDBC value [1] - [#0000FF]
10:24:08.772 [main] DEBUG org.hibernate.orm.results - Extracted JDBC value [2] - [Test Count Subteam]
10:24:08.772 [main] DEBUG org.hibernate.orm.results - Extracted JDBC value [3] - [null]
10:24:08.772 [main] DEBUG org.hibernate.orm.results.loading.entity - (EntityResultInitializer) Done materializing entityInstance : org.frcpm.models.Subteam(959665056540300)#24
10:24:08.772 [main] DEBUG org.hibernate.orm.results.loading - Calling top-level assembler (0 / 1) : org.hibernate.sql.results.graph.entity.internal.EntityAssembler@b1c7b36
10:24:08.772 [main] DEBUG org.hibernate.orm.results - Extracted JDBC value [0] - [27]
10:24:08.772 [main] DEBUG org.hibernate.orm.results.loading.entity - (EntityResultInitializer) Hydrated EntityKey (org.frcpm.models.Subteam(959665056540300)): 27
10:24:08.773 [main] DEBUG org.hibernate.orm.results.loading.org.hibernate.orm.results.loading.collection - (DelayedCollectionInitializer) Current row collection key : org.frcpm.models.Subteam(959665056540300).members#27
10:24:08.773 [main] DEBUG org.hibernate.orm.results.loading.org.hibernate.orm.results.loading.collection - (DelayedCollectionInitializer) Current row collection key : org.frcpm.models.Subteam(959665056540300).subsystems#27
10:24:08.773 [main] DEBUG org.hibernate.orm.results.loading.entity - (EntityResultInitializer) Created new entity instance [org.frcpm.models.Subteam(959665056540300)#27] : 1603277895
10:24:08.773 [main] DEBUG org.hibernate.orm.results - Extracted JDBC value [1] - [#0000FF]
10:24:08.773 [main] DEBUG org.hibernate.orm.results - Extracted JDBC value [2] - [Test Save Subteam]
10:24:08.773 [main] DEBUG org.hibernate.orm.results - Extracted JDBC value [3] - [Testing]
10:24:08.773 [main] DEBUG org.hibernate.orm.results.loading.entity - (EntityResultInitializer) Done materializing entityInstance : org.frcpm.models.Subteam(959665056540300)#27
10:24:08.773 [main] DEBUG org.hibernate.orm.results.loading - Calling top-level assembler (0 / 1) : org.hibernate.sql.results.graph.entity.internal.EntityAssembler@b1c7b36
10:24:08.773 [main] DEBUG org.hibernate.orm.results - Extracted JDBC value [0] - [42]
10:24:08.773 [main] DEBUG org.hibernate.orm.results.loading.entity - (EntityResultInitializer) Hydrated EntityKey (org.frcpm.models.Subteam(959665056540300)): 42
10:24:08.773 [main] DEBUG org.hibernate.orm.results.loading.org.hibernate.orm.results.loading.collection - (DelayedCollectionInitializer) Current row collection key : org.frcpm.models.Subteam(959665056540300).members#42
10:24:08.773 [main] DEBUG org.hibernate.orm.results.loading.org.hibernate.orm.results.loading.collection - (DelayedCollectionInitializer) Current row collection key : org.frcpm.models.Subteam(959665056540300).subsystems#42
10:24:08.773 [main] DEBUG org.hibernate.orm.results.loading.entity - (EntityResultInitializer) Created new entity instance [org.frcpm.models.Subteam(959665056540300)#42] : 1572768026
10:24:08.773 [main] DEBUG org.hibernate.orm.results - Extracted JDBC value [1] - [#00FFFF]
10:24:08.773 [main] DEBUG org.hibernate.orm.results - Extracted JDBC value [2] - [Updated Subteam Name]
10:24:08.773 [main] DEBUG org.hibernate.orm.results - Extracted JDBC value [3] - [null]
10:24:08.773 [main] DEBUG org.hibernate.orm.results.loading.entity - (EntityResultInitializer) Done materializing entityInstance : org.frcpm.models.Subteam(959665056540300)#42
10:24:08.773 [main] DEBUG org.hibernate.orm.results.loading - Calling top-level assembler (0 / 1) : org.hibernate.sql.results.graph.entity.internal.EntityAssembler@b1c7b36
10:24:08.773 [main] DEBUG org.hibernate.orm.results - Extracted JDBC value [0] - [67]
10:24:08.773 [main] DEBUG org.hibernate.orm.results.loading.entity - (EntityResultInitializer) Hydrated EntityKey (org.frcpm.models.Subteam(959665056540300)): 67
10:24:08.773 [main] DEBUG org.hibernate.orm.results.loading.org.hibernate.orm.results.loading.collection - (DelayedCollectionInitializer) Current row collection key : org.frcpm.models.Subteam(959665056540300).members#67
10:24:08.773 [main] DEBUG org.hibernate.orm.results.loading.org.hibernate.orm.results.loading.collection - (DelayedCollectionInitializer) Current row collection key : org.frcpm.models.Subteam(959665056540300).subsystems#67
10:24:08.773 [main] DEBUG org.hibernate.orm.results.loading.entity - (EntityResultInitializer) Created new entity instance [org.frcpm.models.Subteam(959665056540300)#67] : 1065451454
10:24:08.773 [main] DEBUG org.hibernate.orm.results - Extracted JDBC value [1] - [#0000FF]
10:24:08.773 [main] DEBUG org.hibernate.orm.results - Extracted JDBC value [2] - [Test Create Service Subteam]
10:24:08.773 [main] DEBUG org.hibernate.orm.results - Extracted JDBC value [3] - [Testing, Quality Assurance]
10:24:08.773 [main] DEBUG org.hibernate.orm.results.loading.entity - (EntityResultInitializer) Done materializing entityInstance : org.frcpm.models.Subteam(959665056540300)#67
10:24:08.773 [main] DEBUG org.hibernate.orm.results.loading - Calling top-level assembler (0 / 1) : org.hibernate.sql.results.graph.entity.internal.EntityAssembler@b1c7b36
10:24:08.773 [main] DEBUG org.hibernate.orm.results - Extracted JDBC value [0] - [70]
10:24:08.773 [main] DEBUG org.hibernate.orm.results.loading.entity - (EntityResultInitializer) Hydrated EntityKey (org.frcpm.models.Subteam(959665056540300)): 70
10:24:08.773 [main] DEBUG org.hibernate.orm.results.loading.org.hibernate.orm.results.loading.collection - (DelayedCollectionInitializer) Current row collection key : org.frcpm.models.Subteam(959665056540300).members#70
10:24:08.773 [main] DEBUG org.hibernate.orm.results.loading.org.hibernate.orm.results.loading.collection - (DelayedCollectionInitializer) Current row collection key : org.frcpm.models.Subteam(959665056540300).subsystems#70
10:24:08.773 [main] DEBUG org.hibernate.orm.results.loading.entity - (EntityResultInitializer) Created new entity instance [org.frcpm.models.Subteam(959665056540300)#70] : 714481123
10:24:08.773 [main] DEBUG org.hibernate.orm.results - Extracted JDBC value [1] - [#00FFFF]
10:24:08.773 [main] DEBUG org.hibernate.orm.results - Extracted JDBC value [2] - [Test Color Update Subteam]
10:24:08.773 [main] DEBUG org.hibernate.orm.results - Extracted JDBC value [3] - [Specialties]
10:24:08.773 [main] DEBUG org.hibernate.orm.results.loading.entity - (EntityResultInitializer) Done materializing entityInstance : org.frcpm.models.Subteam(959665056540300)#70
10:24:08.773 [main] DEBUG org.hibernate.orm.results.loading - Calling top-level assembler (0 / 1) : org.hibernate.sql.results.graph.entity.internal.EntityAssembler@b1c7b36
10:24:08.773 [main] DEBUG org.hibernate.orm.results - Extracted JDBC value [0] - [79]
10:24:08.773 [main] DEBUG org.hibernate.orm.results.loading.entity - (EntityResultInitializer) Hydrated EntityKey (org.frcpm.models.Subteam(959665056540300)): 79
10:24:08.773 [main] DEBUG org.hibernate.orm.results.loading.org.hibernate.orm.results.loading.collection - (DelayedCollectionInitializer) Current row collection key : org.frcpm.models.Subteam(959665056540300).members#79
10:24:08.773 [main] DEBUG org.hibernate.orm.results.loading.org.hibernate.orm.results.loading.collection - (DelayedCollectionInitializer) Current row collection key : org.frcpm.models.Subteam(959665056540300).subsystems#79
10:24:08.773 [main] DEBUG org.hibernate.orm.results.loading.entity - (EntityResultInitializer) Created new entity instance [org.frcpm.models.Subteam(959665056540300)#79] : 1483641522
10:24:08.773 [main] DEBUG org.hibernate.orm.results - Extracted JDBC value [1] - [#0000FF]
10:24:08.773 [main] DEBUG org.hibernate.orm.results - Extracted JDBC value [2] - [Test Update Subteam]
10:24:08.773 [main] DEBUG org.hibernate.orm.results - Extracted JDBC value [3] - [Updated Specialties]
10:24:08.773 [main] DEBUG org.hibernate.orm.results.loading.entity - (EntityResultInitializer) Done materializing entityInstance : org.frcpm.models.Subteam(959665056540300)#79
10:24:08.773 [main] DEBUG org.hibernate.orm.results.loading - Calling top-level assembler (0 / 1) : org.hibernate.sql.results.graph.entity.internal.EntityAssembler@b1c7b36
10:24:08.773 [main] DEBUG org.hibernate.orm.results - Extracted JDBC value [0] - [87]
10:24:08.773 [main] DEBUG org.hibernate.orm.results.loading.entity - (EntityResultInitializer) Hydrated EntityKey (org.frcpm.models.Subteam(959665056540300)): 87
10:24:08.773 [main] DEBUG org.hibernate.orm.results.loading.org.hibernate.orm.results.loading.collection - (DelayedCollectionInitializer) Current row collection key : org.frcpm.models.Subteam(959665056540300).members#87
10:24:08.773 [main] DEBUG org.hibernate.orm.results.loading.org.hibernate.orm.results.loading.collection - (DelayedCollectionInitializer) Current row collection key : org.frcpm.models.Subteam(959665056540300).subsystems#87
10:24:08.773 [main] DEBUG org.hibernate.orm.results.loading.entity - (EntityResultInitializer) Created new entity instance [org.frcpm.models.Subteam(959665056540300)#87] : 277524255
10:24:08.773 [main] DEBUG org.hibernate.orm.results - Extracted JDBC value [1] - [#0000FF]
10:24:08.774 [main] DEBUG org.hibernate.orm.results - Extracted JDBC value [2] - [Duplicate Name Subteam]
10:24:08.774 [main] DEBUG org.hibernate.orm.results - Extracted JDBC value [3] - [Specialties]
10:24:08.774 [main] DEBUG org.hibernate.orm.results.loading.entity - (EntityResultInitializer) Done materializing entityInstance : org.frcpm.models.Subteam(959665056540300)#87
10:24:08.774 [main] DEBUG org.hibernate.orm.results.loading - Calling top-level assembler (0 / 1) : org.hibernate.sql.results.graph.entity.internal.EntityAssembler@b1c7b36
10:24:08.774 [main] DEBUG org.hibernate.resource.jdbc.internal.LogicalConnectionManagedImpl - Initiating JDBC connection release from afterTransaction
10:24:08.774 [main] DEBUG org.hibernate.resource.jdbc.internal.LogicalConnectionManagedImpl - Initiating JDBC connection release from afterTransaction
]]></system-out>
  </testcase>
  <testcase name="testInitNewSubsystem" classname="org.frcpm.controllers.SubsystemControllerTest" time="0.014">
    <system-out><![CDATA[10:24:08.779 [main] DEBUG org.hibernate.orm.sql.ast.create - Created new SQL alias : s1_0
10:24:08.779 [main] DEBUG org.hibernate.orm.sql.ast.create - Registration of TableGroup [StandardTableGroup(org.frcpm.models.Subsystem(959665065791400))] with identifierForTableGroup [org.frcpm.models.Subsystem] for NavigablePath [org.frcpm.models.Subsystem] 
10:24:08.779 [main] DEBUG org.hibernate.orm.sql.ast.create - Registration of TableGroup [org.hibernate.sql.ast.tree.from.LazyTableGroup@4ac5dcd8] with identifierForTableGroup [org.frcpm.models.Subsystem.responsibleSubteam] for NavigablePath [org.frcpm.models.Subsystem.responsibleSubteam] 
10:24:08.780 [main] DEBUG org.hibernate.orm.results.graph.AST - DomainResult Graph:
 \-EntityResultImpl [org.frcpm.models.Subsystem(959665065791400)]
 |  +-BasicFetch [org.frcpm.models.Subsystem(959665065791400).description]
 |  +-BasicFetch [org.frcpm.models.Subsystem(959665065791400).name]
 |  +-CircularFetchImpl [org.frcpm.models.Subsystem(959665065791400).responsibleSubteam]
 |  +-BasicFetch [org.frcpm.models.Subsystem(959665065791400).status]
 |  \-DelayedCollectionFetch [org.frcpm.models.Subsystem(959665065791400).tasks]

10:24:08.780 [main] DEBUG org.hibernate.orm.sql.ast.tree - SQL AST Tree:
    SelectStatement {
      FromClause {
        StandardTableGroup (s1 : org.frcpm.models.Subsystem(959665065791400)) {
          primaryTableReference : subsystems as s1_0
          TableGroupJoins {
            left  join LazyTableGroup (rs1 : org.frcpm.models.Subsystem(959665065791400).responsibleSubteam) {
            }
          }
        }
      }
    }

10:24:08.780 [main] DEBUG org.hibernate.orm.sql.exec - Skipping reading Query result cache data: cache-enabled = false, cache-mode = NORMAL
10:24:08.781 [main] DEBUG org.hibernate.orm.results - Initializer list:
	  org.frcpm.models.Subsystem(959665065791400).tasks -> DelayedCollectionInitializer(org.frcpm.models.Subsystem(959665065791400).tasks)@1776042738 (PluralAttribute(org.frcpm.models.Subsystem.tasks))
	  org.frcpm.models.Subsystem(959665065791400) -> EntityResultInitializer(org.frcpm.models.Subsystem(959665065791400))@2092059281 (SingleTableEntityPersister(org.frcpm.models.Subsystem))
	  org.frcpm.models.Subsystem(959665065791400).responsibleSubteam -> EntityDelayedFetchInitializer(org.frcpm.models.Subsystem(959665065791400).responsibleSubteam)@1960515948 (ToOneAttributeMapping(NavigableRole[org.frcpm.models.Subsystem.responsibleSubteam])@135084207)

10:24:08.781 [main] DEBUG org.hibernate.SQL - select s1_0.id,s1_0.description,s1_0.name,s1_0.responsible_subteam_id,s1_0.status from subsystems s1_0
10:24:08.782 [main] DEBUG org.hibernate.orm.results - Extracted JDBC value [0] - [1]
10:24:08.782 [main] DEBUG org.hibernate.orm.results.loading.entity - (EntityResultInitializer) Hydrated EntityKey (org.frcpm.models.Subsystem(959665065791400)): 1
10:24:08.782 [main] DEBUG org.hibernate.orm.results.loading.org.hibernate.orm.results.loading.collection - (DelayedCollectionInitializer) Current row collection key : org.frcpm.models.Subsystem(959665065791400).tasks#1
10:24:08.782 [main] DEBUG org.hibernate.orm.results.loading.entity - (EntityResultInitializer) Created new entity instance [org.frcpm.models.Subsystem(959665065791400)#1] : 1968444456
10:24:08.782 [main] DEBUG org.hibernate.orm.results - Extracted JDBC value [3] - [1]
10:24:08.782 [main] DEBUG org.hibernate.orm.results - Extracted JDBC value [1] - [Robot movement and navigation system]
10:24:08.782 [main] DEBUG org.hibernate.orm.results - Extracted JDBC value [2] - [Drivetrain]
10:24:08.782 [main] DEBUG org.hibernate.orm.results - Extracted JDBC value [4] - [IN_PROGRESS]
10:24:08.782 [main] DEBUG org.hibernate.orm.results.loading.entity - (EntityResultInitializer) Done materializing entityInstance : org.frcpm.models.Subsystem(959665065791400)#1
10:24:08.782 [main] DEBUG org.hibernate.orm.results.loading - Calling top-level assembler (0 / 1) : org.hibernate.sql.results.graph.entity.internal.EntityAssembler@28440529
10:24:08.782 [main] DEBUG org.hibernate.orm.results - Extracted JDBC value [0] - [2]
10:24:08.782 [main] DEBUG org.hibernate.orm.results.loading.entity - (EntityResultInitializer) Hydrated EntityKey (org.frcpm.models.Subsystem(959665065791400)): 2
10:24:08.782 [main] DEBUG org.hibernate.orm.results.loading.org.hibernate.orm.results.loading.collection - (DelayedCollectionInitializer) Current row collection key : org.frcpm.models.Subsystem(959665065791400).tasks#2
10:24:08.782 [main] DEBUG org.hibernate.orm.results.loading.entity - (EntityResultInitializer) Created new entity instance [org.frcpm.models.Subsystem(959665065791400)#2] : 1383790482
10:24:08.782 [main] DEBUG org.hibernate.orm.results - Extracted JDBC value [3] - [1]
10:24:08.783 [main] DEBUG org.hibernate.orm.results - Extracted JDBC value [1] - [Mechanism for collecting game pieces]
10:24:08.783 [main] DEBUG org.hibernate.orm.results - Extracted JDBC value [2] - [Intake]
10:24:08.783 [main] DEBUG org.hibernate.orm.results - Extracted JDBC value [4] - [NOT_STARTED]
10:24:08.783 [main] DEBUG org.hibernate.orm.results.loading.entity - (EntityResultInitializer) Done materializing entityInstance : org.frcpm.models.Subsystem(959665065791400)#2
10:24:08.783 [main] DEBUG org.hibernate.orm.results.loading - Calling top-level assembler (0 / 1) : org.hibernate.sql.results.graph.entity.internal.EntityAssembler@28440529
10:24:08.783 [main] DEBUG org.hibernate.orm.results - Extracted JDBC value [0] - [3]
10:24:08.783 [main] DEBUG org.hibernate.orm.results.loading.entity - (EntityResultInitializer) Hydrated EntityKey (org.frcpm.models.Subsystem(959665065791400)): 3
10:24:08.783 [main] DEBUG org.hibernate.orm.results.loading.org.hibernate.orm.results.loading.collection - (DelayedCollectionInitializer) Current row collection key : org.frcpm.models.Subsystem(959665065791400).tasks#3
10:24:08.783 [main] DEBUG org.hibernate.orm.results.loading.entity - (EntityResultInitializer) Created new entity instance [org.frcpm.models.Subsystem(959665065791400)#3] : 498365206
10:24:08.783 [main] DEBUG org.hibernate.orm.results - Extracted JDBC value [3] - [1]
10:24:08.783 [main] DEBUG org.hibernate.orm.results - Extracted JDBC value [1] - [Mechanism for scoring game pieces]
10:24:08.783 [main] DEBUG org.hibernate.orm.results - Extracted JDBC value [2] - [Shooter]
10:24:08.783 [main] DEBUG org.hibernate.orm.results - Extracted JDBC value [4] - [NOT_STARTED]
10:24:08.784 [main] DEBUG org.hibernate.orm.results.loading.entity - (EntityResultInitializer) Done materializing entityInstance : org.frcpm.models.Subsystem(959665065791400)#3
10:24:08.784 [main] DEBUG org.hibernate.orm.results.loading - Calling top-level assembler (0 / 1) : org.hibernate.sql.results.graph.entity.internal.EntityAssembler@28440529
10:24:08.784 [main] DEBUG org.hibernate.orm.results - Extracted JDBC value [0] - [4]
10:24:08.784 [main] DEBUG org.hibernate.orm.results.loading.entity - (EntityResultInitializer) Hydrated EntityKey (org.frcpm.models.Subsystem(959665065791400)): 4
10:24:08.784 [main] DEBUG org.hibernate.orm.results.loading.org.hibernate.orm.results.loading.collection - (DelayedCollectionInitializer) Current row collection key : org.frcpm.models.Subsystem(959665065791400).tasks#4
10:24:08.784 [main] DEBUG org.hibernate.orm.results.loading.entity - (EntityResultInitializer) Created new entity instance [org.frcpm.models.Subsystem(959665065791400)#4] : 278061979
10:24:08.784 [main] DEBUG org.hibernate.orm.results - Extracted JDBC value [3] - [3]
10:24:08.784 [main] DEBUG org.hibernate.orm.results - Extracted JDBC value [1] - [Camera and processing system for targeting]
10:24:08.784 [main] DEBUG org.hibernate.orm.results - Extracted JDBC value [2] - [Vision]
10:24:08.784 [main] DEBUG org.hibernate.orm.results - Extracted JDBC value [4] - [NOT_STARTED]
10:24:08.784 [main] DEBUG org.hibernate.orm.results.loading.entity - (EntityResultInitializer) Done materializing entityInstance : org.frcpm.models.Subsystem(959665065791400)#4
10:24:08.784 [main] DEBUG org.hibernate.orm.results.loading - Calling top-level assembler (0 / 1) : org.hibernate.sql.results.graph.entity.internal.EntityAssembler@28440529
10:24:08.785 [main] DEBUG org.hibernate.orm.results - Extracted JDBC value [0] - [5]
10:24:08.785 [main] DEBUG org.hibernate.orm.results.loading.entity - (EntityResultInitializer) Hydrated EntityKey (org.frcpm.models.Subsystem(959665065791400)): 5
10:24:08.785 [main] DEBUG org.hibernate.orm.results.loading.org.hibernate.orm.results.loading.collection - (DelayedCollectionInitializer) Current row collection key : org.frcpm.models.Subsystem(959665065791400).tasks#5
10:24:08.785 [main] DEBUG org.hibernate.orm.results.loading.entity - (EntityResultInitializer) Created new entity instance [org.frcpm.models.Subsystem(959665065791400)#5] : 2078960918
10:24:08.785 [main] DEBUG org.hibernate.orm.results - Extracted JDBC value [3] - [2]
10:24:08.785 [main] DEBUG org.hibernate.orm.results - Extracted JDBC value [1] - [Wiring, electronics, and sensors]
10:24:08.785 [main] DEBUG org.hibernate.orm.results - Extracted JDBC value [2] - [Controls]
10:24:08.785 [main] DEBUG org.hibernate.orm.results - Extracted JDBC value [4] - [NOT_STARTED]
10:24:08.785 [main] DEBUG org.hibernate.orm.results.loading.entity - (EntityResultInitializer) Done materializing entityInstance : org.frcpm.models.Subsystem(959665065791400)#5
10:24:08.785 [main] DEBUG org.hibernate.orm.results.loading - Calling top-level assembler (0 / 1) : org.hibernate.sql.results.graph.entity.internal.EntityAssembler@28440529
10:24:08.785 [main] DEBUG org.hibernate.orm.results - Extracted JDBC value [0] - [18]
10:24:08.785 [main] DEBUG org.hibernate.orm.results.loading.entity - (EntityResultInitializer) Hydrated EntityKey (org.frcpm.models.Subsystem(959665065791400)): 18
10:24:08.785 [main] DEBUG org.hibernate.orm.results.loading.org.hibernate.orm.results.loading.collection - (DelayedCollectionInitializer) Current row collection key : org.frcpm.models.Subsystem(959665065791400).tasks#18
10:24:08.785 [main] DEBUG org.hibernate.orm.results.loading.entity - (EntityResultInitializer) Created new entity instance [org.frcpm.models.Subsystem(959665065791400)#18] : 1672183035
10:24:08.785 [main] DEBUG org.hibernate.orm.results - Extracted JDBC value [3] - [null]
10:24:08.785 [main] DEBUG org.hibernate.orm.results - Extracted JDBC value [1] - [null]
10:24:08.785 [main] DEBUG org.hibernate.orm.results - Extracted JDBC value [2] - [Test Count Subsystem]
10:24:08.785 [main] DEBUG org.hibernate.orm.results - Extracted JDBC value [4] - [NOT_STARTED]
10:24:08.785 [main] DEBUG org.hibernate.orm.results.loading.entity - (EntityResultInitializer) Done materializing entityInstance : org.frcpm.models.Subsystem(959665065791400)#18
10:24:08.785 [main] DEBUG org.hibernate.orm.results.loading - Calling top-level assembler (0 / 1) : org.hibernate.sql.results.graph.entity.internal.EntityAssembler@28440529
10:24:08.785 [main] DEBUG org.hibernate.orm.results - Extracted JDBC value [0] - [22]
10:24:08.785 [main] DEBUG org.hibernate.orm.results.loading.entity - (EntityResultInitializer) Hydrated EntityKey (org.frcpm.models.Subsystem(959665065791400)): 22
10:24:08.785 [main] DEBUG org.hibernate.orm.results.loading.org.hibernate.orm.results.loading.collection - (DelayedCollectionInitializer) Current row collection key : org.frcpm.models.Subsystem(959665065791400).tasks#22
10:24:08.785 [main] DEBUG org.hibernate.orm.results.loading.entity - (EntityResultInitializer) Created new entity instance [org.frcpm.models.Subsystem(959665065791400)#22] : 1244394115
10:24:08.785 [main] DEBUG org.hibernate.orm.results - Extracted JDBC value [3] - [null]
10:24:08.785 [main] DEBUG org.hibernate.orm.results - Extracted JDBC value [1] - [Save subsystem description]
10:24:08.785 [main] DEBUG org.hibernate.orm.results - Extracted JDBC value [2] - [Test Save Subsystem]
10:24:08.785 [main] DEBUG org.hibernate.orm.results - Extracted JDBC value [4] - [TESTING]
10:24:08.785 [main] DEBUG org.hibernate.orm.results.loading.entity - (EntityResultInitializer) Done materializing entityInstance : org.frcpm.models.Subsystem(959665065791400)#22
10:24:08.785 [main] DEBUG org.hibernate.orm.results.loading - Calling top-level assembler (0 / 1) : org.hibernate.sql.results.graph.entity.internal.EntityAssembler@28440529
10:24:08.785 [main] DEBUG org.hibernate.orm.results - Extracted JDBC value [0] - [43]
10:24:08.786 [main] DEBUG org.hibernate.orm.results.loading.entity - (EntityResultInitializer) Hydrated EntityKey (org.frcpm.models.Subsystem(959665065791400)): 43
10:24:08.786 [main] DEBUG org.hibernate.orm.results.loading.org.hibernate.orm.results.loading.collection - (DelayedCollectionInitializer) Current row collection key : org.frcpm.models.Subsystem(959665065791400).tasks#43
10:24:08.786 [main] DEBUG org.hibernate.orm.results.loading.entity - (EntityResultInitializer) Created new entity instance [org.frcpm.models.Subsystem(959665065791400)#43] : 10593633
10:24:08.786 [main] DEBUG org.hibernate.orm.results - Extracted JDBC value [3] - [null]
10:24:08.786 [main] DEBUG org.hibernate.orm.results - Extracted JDBC value [1] - [Updated description]
10:24:08.786 [main] DEBUG org.hibernate.orm.results - Extracted JDBC value [2] - [Updated Subsystem Name]
10:24:08.786 [main] DEBUG org.hibernate.orm.results - Extracted JDBC value [4] - [ISSUES]
10:24:08.786 [main] DEBUG org.hibernate.orm.results.loading.entity - (EntityResultInitializer) Done materializing entityInstance : org.frcpm.models.Subsystem(959665065791400)#43
10:24:08.786 [main] DEBUG org.hibernate.orm.results.loading - Calling top-level assembler (0 / 1) : org.hibernate.sql.results.graph.entity.internal.EntityAssembler@28440529
10:24:08.786 [main] DEBUG org.hibernate.orm.results - Extracted JDBC value [0] - [44]
10:24:08.786 [main] DEBUG org.hibernate.orm.results.loading.entity - (EntityResultInitializer) Hydrated EntityKey (org.frcpm.models.Subsystem(959665065791400)): 44
10:24:08.786 [main] DEBUG org.hibernate.orm.results.loading.org.hibernate.orm.results.loading.collection - (DelayedCollectionInitializer) Current row collection key : org.frcpm.models.Subsystem(959665065791400).tasks#44
10:24:08.786 [main] DEBUG org.hibernate.orm.results.loading.entity - (EntityResultInitializer) Created new entity instance [org.frcpm.models.Subsystem(959665065791400)#44] : 2062357773
10:24:08.786 [main] DEBUG org.hibernate.orm.results - Extracted JDBC value [3] - [null]
10:24:08.786 [main] DEBUG org.hibernate.orm.results - Extracted JDBC value [1] - [null]
10:24:08.786 [main] DEBUG org.hibernate.orm.results - Extracted JDBC value [2] - [Test Task Subsystem]
10:24:08.786 [main] DEBUG org.hibernate.orm.results - Extracted JDBC value [4] - [NOT_STARTED]
10:24:08.786 [main] DEBUG org.hibernate.orm.results.loading.entity - (EntityResultInitializer) Done materializing entityInstance : org.frcpm.models.Subsystem(959665065791400)#44
10:24:08.786 [main] DEBUG org.hibernate.orm.results.loading - Calling top-level assembler (0 / 1) : org.hibernate.sql.results.graph.entity.internal.EntityAssembler@28440529
10:24:08.786 [main] DEBUG org.hibernate.orm.results - Extracted JDBC value [0] - [45]
10:24:08.786 [main] DEBUG org.hibernate.orm.results.loading.entity - (EntityResultInitializer) Hydrated EntityKey (org.frcpm.models.Subsystem(959665065791400)): 45
10:24:08.786 [main] DEBUG org.hibernate.orm.results.loading.org.hibernate.orm.results.loading.collection - (DelayedCollectionInitializer) Current row collection key : org.frcpm.models.Subsystem(959665065791400).tasks#45
10:24:08.786 [main] DEBUG org.hibernate.orm.results.loading.entity - (EntityResultInitializer) Created new entity instance [org.frcpm.models.Subsystem(959665065791400)#45] : 1702678093
10:24:08.786 [main] DEBUG org.hibernate.orm.results - Extracted JDBC value [3] - [null]
10:24:08.786 [main] DEBUG org.hibernate.orm.results - Extracted JDBC value [1] - [null]
10:24:08.786 [main] DEBUG org.hibernate.orm.results - Extracted JDBC value [2] - [Test Task Subsystem]
10:24:08.786 [main] DEBUG org.hibernate.orm.results - Extracted JDBC value [4] - [NOT_STARTED]
10:24:08.786 [main] DEBUG org.hibernate.orm.results.loading.entity - (EntityResultInitializer) Done materializing entityInstance : org.frcpm.models.Subsystem(959665065791400)#45
10:24:08.786 [main] DEBUG org.hibernate.orm.results.loading - Calling top-level assembler (0 / 1) : org.hibernate.sql.results.graph.entity.internal.EntityAssembler@28440529
10:24:08.786 [main] DEBUG org.hibernate.orm.results - Extracted JDBC value [0] - [46]
10:24:08.786 [main] DEBUG org.hibernate.orm.results.loading.entity - (EntityResultInitializer) Hydrated EntityKey (org.frcpm.models.Subsystem(959665065791400)): 46
10:24:08.786 [main] DEBUG org.hibernate.orm.results.loading.org.hibernate.orm.results.loading.collection - (DelayedCollectionInitializer) Current row collection key : org.frcpm.models.Subsystem(959665065791400).tasks#46
10:24:08.786 [main] DEBUG org.hibernate.orm.results.loading.entity - (EntityResultInitializer) Created new entity instance [org.frcpm.models.Subsystem(959665065791400)#46] : 584415907
10:24:08.786 [main] DEBUG org.hibernate.orm.results - Extracted JDBC value [3] - [null]
10:24:08.786 [main] DEBUG org.hibernate.orm.results - Extracted JDBC value [1] - [null]
10:24:08.786 [main] DEBUG org.hibernate.orm.results - Extracted JDBC value [2] - [Test Task Subsystem]
10:24:08.786 [main] DEBUG org.hibernate.orm.results - Extracted JDBC value [4] - [NOT_STARTED]
10:24:08.786 [main] DEBUG org.hibernate.orm.results.loading.entity - (EntityResultInitializer) Done materializing entityInstance : org.frcpm.models.Subsystem(959665065791400)#46
10:24:08.786 [main] DEBUG org.hibernate.orm.results.loading - Calling top-level assembler (0 / 1) : org.hibernate.sql.results.graph.entity.internal.EntityAssembler@28440529
10:24:08.786 [main] DEBUG org.hibernate.orm.results - Extracted JDBC value [0] - [47]
10:24:08.786 [main] DEBUG org.hibernate.orm.results.loading.entity - (EntityResultInitializer) Hydrated EntityKey (org.frcpm.models.Subsystem(959665065791400)): 47
10:24:08.786 [main] DEBUG org.hibernate.orm.results.loading.org.hibernate.orm.results.loading.collection - (DelayedCollectionInitializer) Current row collection key : org.frcpm.models.Subsystem(959665065791400).tasks#47
10:24:08.786 [main] DEBUG org.hibernate.orm.results.loading.entity - (EntityResultInitializer) Created new entity instance [org.frcpm.models.Subsystem(959665065791400)#47] : 380669887
10:24:08.786 [main] DEBUG org.hibernate.orm.results - Extracted JDBC value [3] - [null]
10:24:08.787 [main] DEBUG org.hibernate.orm.results - Extracted JDBC value [1] - [null]
10:24:08.787 [main] DEBUG org.hibernate.orm.results - Extracted JDBC value [2] - [Test Task Subsystem]
10:24:08.787 [main] DEBUG org.hibernate.orm.results - Extracted JDBC value [4] - [NOT_STARTED]
10:24:08.787 [main] DEBUG org.hibernate.orm.results.loading.entity - (EntityResultInitializer) Done materializing entityInstance : org.frcpm.models.Subsystem(959665065791400)#47
10:24:08.787 [main] DEBUG org.hibernate.orm.results.loading - Calling top-level assembler (0 / 1) : org.hibernate.sql.results.graph.entity.internal.EntityAssembler@28440529
10:24:08.787 [main] DEBUG org.hibernate.orm.results - Extracted JDBC value [0] - [48]
10:24:08.787 [main] DEBUG org.hibernate.orm.results.loading.entity - (EntityResultInitializer) Hydrated EntityKey (org.frcpm.models.Subsystem(959665065791400)): 48
10:24:08.787 [main] DEBUG org.hibernate.orm.results.loading.org.hibernate.orm.results.loading.collection - (DelayedCollectionInitializer) Current row collection key : org.frcpm.models.Subsystem(959665065791400).tasks#48
10:24:08.787 [main] DEBUG org.hibernate.orm.results.loading.entity - (EntityResultInitializer) Created new entity instance [org.frcpm.models.Subsystem(959665065791400)#48] : 1027576225
10:24:08.787 [main] DEBUG org.hibernate.orm.results - Extracted JDBC value [3] - [null]
10:24:08.787 [main] DEBUG org.hibernate.orm.results - Extracted JDBC value [1] - [null]
10:24:08.787 [main] DEBUG org.hibernate.orm.results - Extracted JDBC value [2] - [Test Task Subsystem]
10:24:08.787 [main] DEBUG org.hibernate.orm.results - Extracted JDBC value [4] - [NOT_STARTED]
10:24:08.787 [main] DEBUG org.hibernate.orm.results.loading.entity - (EntityResultInitializer) Done materializing entityInstance : org.frcpm.models.Subsystem(959665065791400)#48
10:24:08.787 [main] DEBUG org.hibernate.orm.results.loading - Calling top-level assembler (0 / 1) : org.hibernate.sql.results.graph.entity.internal.EntityAssembler@28440529
10:24:08.787 [main] DEBUG org.hibernate.orm.results - Extracted JDBC value [0] - [49]
10:24:08.787 [main] DEBUG org.hibernate.orm.results.loading.entity - (EntityResultInitializer) Hydrated EntityKey (org.frcpm.models.Subsystem(959665065791400)): 49
10:24:08.787 [main] DEBUG org.hibernate.orm.results.loading.org.hibernate.orm.results.loading.collection - (DelayedCollectionInitializer) Current row collection key : org.frcpm.models.Subsystem(959665065791400).tasks#49
10:24:08.787 [main] DEBUG org.hibernate.orm.results.loading.entity - (EntityResultInitializer) Created new entity instance [org.frcpm.models.Subsystem(959665065791400)#49] : 1401822122
10:24:08.787 [main] DEBUG org.hibernate.orm.results - Extracted JDBC value [3] - [null]
10:24:08.787 [main] DEBUG org.hibernate.orm.results - Extracted JDBC value [1] - [null]
10:24:08.787 [main] DEBUG org.hibernate.orm.results - Extracted JDBC value [2] - [Test Task Subsystem]
10:24:08.787 [main] DEBUG org.hibernate.orm.results - Extracted JDBC value [4] - [NOT_STARTED]
10:24:08.787 [main] DEBUG org.hibernate.orm.results.loading.entity - (EntityResultInitializer) Done materializing entityInstance : org.frcpm.models.Subsystem(959665065791400)#49
10:24:08.787 [main] DEBUG org.hibernate.orm.results.loading - Calling top-level assembler (0 / 1) : org.hibernate.sql.results.graph.entity.internal.EntityAssembler@28440529
10:24:08.787 [main] DEBUG org.hibernate.orm.results - Extracted JDBC value [0] - [50]
10:24:08.787 [main] DEBUG org.hibernate.orm.results.loading.entity - (EntityResultInitializer) Hydrated EntityKey (org.frcpm.models.Subsystem(959665065791400)): 50
10:24:08.787 [main] DEBUG org.hibernate.orm.results.loading.org.hibernate.orm.results.loading.collection - (DelayedCollectionInitializer) Current row collection key : org.frcpm.models.Subsystem(959665065791400).tasks#50
10:24:08.787 [main] DEBUG org.hibernate.orm.results.loading.entity - (EntityResultInitializer) Created new entity instance [org.frcpm.models.Subsystem(959665065791400)#50] : 292027586
10:24:08.787 [main] DEBUG org.hibernate.orm.results - Extracted JDBC value [3] - [null]
10:24:08.787 [main] DEBUG org.hibernate.orm.results - Extracted JDBC value [1] - [null]
10:24:08.787 [main] DEBUG org.hibernate.orm.results - Extracted JDBC value [2] - [Test Task Subsystem]
10:24:08.787 [main] DEBUG org.hibernate.orm.results - Extracted JDBC value [4] - [NOT_STARTED]
10:24:08.787 [main] DEBUG org.hibernate.orm.results.loading.entity - (EntityResultInitializer) Done materializing entityInstance : org.frcpm.models.Subsystem(959665065791400)#50
10:24:08.787 [main] DEBUG org.hibernate.orm.results.loading - Calling top-level assembler (0 / 1) : org.hibernate.sql.results.graph.entity.internal.EntityAssembler@28440529
10:24:08.787 [main] DEBUG org.hibernate.orm.results - Extracted JDBC value [0] - [51]
10:24:08.787 [main] DEBUG org.hibernate.orm.results.loading.entity - (EntityResultInitializer) Hydrated EntityKey (org.frcpm.models.Subsystem(959665065791400)): 51
10:24:08.787 [main] DEBUG org.hibernate.orm.results.loading.org.hibernate.orm.results.loading.collection - (DelayedCollectionInitializer) Current row collection key : org.frcpm.models.Subsystem(959665065791400).tasks#51
10:24:08.787 [main] DEBUG org.hibernate.orm.results.loading.entity - (EntityResultInitializer) Created new entity instance [org.frcpm.models.Subsystem(959665065791400)#51] : 2118160264
10:24:08.787 [main] DEBUG org.hibernate.orm.results - Extracted JDBC value [3] - [null]
10:24:08.787 [main] DEBUG org.hibernate.orm.results - Extracted JDBC value [1] - [null]
10:24:08.787 [main] DEBUG org.hibernate.orm.results - Extracted JDBC value [2] - [Test Task Subsystem]
10:24:08.787 [main] DEBUG org.hibernate.orm.results - Extracted JDBC value [4] - [NOT_STARTED]
10:24:08.787 [main] DEBUG org.hibernate.orm.results.loading.entity - (EntityResultInitializer) Done materializing entityInstance : org.frcpm.models.Subsystem(959665065791400)#51
10:24:08.787 [main] DEBUG org.hibernate.orm.results.loading - Calling top-level assembler (0 / 1) : org.hibernate.sql.results.graph.entity.internal.EntityAssembler@28440529
10:24:08.787 [main] DEBUG org.hibernate.orm.results - Extracted JDBC value [0] - [52]
10:24:08.787 [main] DEBUG org.hibernate.orm.results.loading.entity - (EntityResultInitializer) Hydrated EntityKey (org.frcpm.models.Subsystem(959665065791400)): 52
10:24:08.787 [main] DEBUG org.hibernate.orm.results.loading.org.hibernate.orm.results.loading.collection - (DelayedCollectionInitializer) Current row collection key : org.frcpm.models.Subsystem(959665065791400).tasks#52
10:24:08.787 [main] DEBUG org.hibernate.orm.results.loading.entity - (EntityResultInitializer) Created new entity instance [org.frcpm.models.Subsystem(959665065791400)#52] : 643963394
10:24:08.787 [main] DEBUG org.hibernate.orm.results - Extracted JDBC value [3] - [null]
10:24:08.787 [main] DEBUG org.hibernate.orm.results - Extracted JDBC value [1] - [null]
10:24:08.787 [main] DEBUG org.hibernate.orm.results - Extracted JDBC value [2] - [Test Task Subsystem]
10:24:08.787 [main] DEBUG org.hibernate.orm.results - Extracted JDBC value [4] - [NOT_STARTED]
10:24:08.787 [main] DEBUG org.hibernate.orm.results.loading.entity - (EntityResultInitializer) Done materializing entityInstance : org.frcpm.models.Subsystem(959665065791400)#52
10:24:08.787 [main] DEBUG org.hibernate.orm.results.loading - Calling top-level assembler (0 / 1) : org.hibernate.sql.results.graph.entity.internal.EntityAssembler@28440529
10:24:08.787 [main] DEBUG org.hibernate.orm.results - Extracted JDBC value [0] - [53]
10:24:08.787 [main] DEBUG org.hibernate.orm.results.loading.entity - (EntityResultInitializer) Hydrated EntityKey (org.frcpm.models.Subsystem(959665065791400)): 53
10:24:08.787 [main] DEBUG org.hibernate.orm.results.loading.org.hibernate.orm.results.loading.collection - (DelayedCollectionInitializer) Current row collection key : org.frcpm.models.Subsystem(959665065791400).tasks#53
10:24:08.787 [main] DEBUG org.hibernate.orm.results.loading.entity - (EntityResultInitializer) Created new entity instance [org.frcpm.models.Subsystem(959665065791400)#53] : 86753359
10:24:08.787 [main] DEBUG org.hibernate.orm.results - Extracted JDBC value [3] - [null]
10:24:08.788 [main] DEBUG org.hibernate.orm.results - Extracted JDBC value [1] - [null]
10:24:08.788 [main] DEBUG org.hibernate.orm.results - Extracted JDBC value [2] - [Test Task Subsystem]
10:24:08.788 [main] DEBUG org.hibernate.orm.results - Extracted JDBC value [4] - [NOT_STARTED]
10:24:08.788 [main] DEBUG org.hibernate.orm.results.loading.entity - (EntityResultInitializer) Done materializing entityInstance : org.frcpm.models.Subsystem(959665065791400)#53
10:24:08.788 [main] DEBUG org.hibernate.orm.results.loading - Calling top-level assembler (0 / 1) : org.hibernate.sql.results.graph.entity.internal.EntityAssembler@28440529
10:24:08.788 [main] DEBUG org.hibernate.orm.results - Extracted JDBC value [0] - [54]
10:24:08.788 [main] DEBUG org.hibernate.orm.results.loading.entity - (EntityResultInitializer) Hydrated EntityKey (org.frcpm.models.Subsystem(959665065791400)): 54
10:24:08.788 [main] DEBUG org.hibernate.orm.results.loading.org.hibernate.orm.results.loading.collection - (DelayedCollectionInitializer) Current row collection key : org.frcpm.models.Subsystem(959665065791400).tasks#54
10:24:08.788 [main] DEBUG org.hibernate.orm.results.loading.entity - (EntityResultInitializer) Created new entity instance [org.frcpm.models.Subsystem(959665065791400)#54] : 1345345247
10:24:08.788 [main] DEBUG org.hibernate.orm.results - Extracted JDBC value [3] - [null]
10:24:08.788 [main] DEBUG org.hibernate.orm.results - Extracted JDBC value [1] - [null]
10:24:08.788 [main] DEBUG org.hibernate.orm.results - Extracted JDBC value [2] - [Test Task Subsystem]
10:24:08.788 [main] DEBUG org.hibernate.orm.results - Extracted JDBC value [4] - [NOT_STARTED]
10:24:08.788 [main] DEBUG org.hibernate.orm.results.loading.entity - (EntityResultInitializer) Done materializing entityInstance : org.frcpm.models.Subsystem(959665065791400)#54
10:24:08.788 [main] DEBUG org.hibernate.orm.results.loading - Calling top-level assembler (0 / 1) : org.hibernate.sql.results.graph.entity.internal.EntityAssembler@28440529
10:24:08.788 [main] DEBUG org.hibernate.orm.results - Extracted JDBC value [0] - [55]
10:24:08.788 [main] DEBUG org.hibernate.orm.results.loading.entity - (EntityResultInitializer) Hydrated EntityKey (org.frcpm.models.Subsystem(959665065791400)): 55
10:24:08.788 [main] DEBUG org.hibernate.orm.results.loading.org.hibernate.orm.results.loading.collection - (DelayedCollectionInitializer) Current row collection key : org.frcpm.models.Subsystem(959665065791400).tasks#55
10:24:08.788 [main] DEBUG org.hibernate.orm.results.loading.entity - (EntityResultInitializer) Created new entity instance [org.frcpm.models.Subsystem(959665065791400)#55] : 501111562
10:24:08.788 [main] DEBUG org.hibernate.orm.results - Extracted JDBC value [3] - [null]
10:24:08.788 [main] DEBUG org.hibernate.orm.results - Extracted JDBC value [1] - [null]
10:24:08.788 [main] DEBUG org.hibernate.orm.results - Extracted JDBC value [2] - [Test Task Subsystem]
10:24:08.788 [main] DEBUG org.hibernate.orm.results - Extracted JDBC value [4] - [NOT_STARTED]
10:24:08.788 [main] DEBUG org.hibernate.orm.results.loading.entity - (EntityResultInitializer) Done materializing entityInstance : org.frcpm.models.Subsystem(959665065791400)#55
10:24:08.788 [main] DEBUG org.hibernate.orm.results.loading - Calling top-level assembler (0 / 1) : org.hibernate.sql.results.graph.entity.internal.EntityAssembler@28440529
10:24:08.788 [main] DEBUG org.hibernate.orm.results - Extracted JDBC value [0] - [56]
10:24:08.788 [main] DEBUG org.hibernate.orm.results.loading.entity - (EntityResultInitializer) Hydrated EntityKey (org.frcpm.models.Subsystem(959665065791400)): 56
10:24:08.788 [main] DEBUG org.hibernate.orm.results.loading.org.hibernate.orm.results.loading.collection - (DelayedCollectionInitializer) Current row collection key : org.frcpm.models.Subsystem(959665065791400).tasks#56
10:24:08.788 [main] DEBUG org.hibernate.orm.results.loading.entity - (EntityResultInitializer) Created new entity instance [org.frcpm.models.Subsystem(959665065791400)#56] : 242197804
10:24:08.788 [main] DEBUG org.hibernate.orm.results - Extracted JDBC value [3] - [null]
10:24:08.788 [main] DEBUG org.hibernate.orm.results - Extracted JDBC value [1] - [null]
10:24:08.788 [main] DEBUG org.hibernate.orm.results - Extracted JDBC value [2] - [Test Task Subsystem]
10:24:08.788 [main] DEBUG org.hibernate.orm.results - Extracted JDBC value [4] - [NOT_STARTED]
10:24:08.788 [main] DEBUG org.hibernate.orm.results.loading.entity - (EntityResultInitializer) Done materializing entityInstance : org.frcpm.models.Subsystem(959665065791400)#56
10:24:08.788 [main] DEBUG org.hibernate.orm.results.loading - Calling top-level assembler (0 / 1) : org.hibernate.sql.results.graph.entity.internal.EntityAssembler@28440529
10:24:08.788 [main] DEBUG org.hibernate.orm.results - Extracted JDBC value [0] - [66]
10:24:08.788 [main] DEBUG org.hibernate.orm.results.loading.entity - (EntityResultInitializer) Hydrated EntityKey (org.frcpm.models.Subsystem(959665065791400)): 66
10:24:08.788 [main] DEBUG org.hibernate.orm.results.loading.org.hibernate.orm.results.loading.collection - (DelayedCollectionInitializer) Current row collection key : org.frcpm.models.Subsystem(959665065791400).tasks#66
10:24:08.788 [main] DEBUG org.hibernate.orm.results.loading.entity - (EntityResultInitializer) Created new entity instance [org.frcpm.models.Subsystem(959665065791400)#66] : 1092326292
10:24:08.788 [main] DEBUG org.hibernate.orm.results - Extracted JDBC value [3] - [null]
10:24:08.788 [main] DEBUG org.hibernate.orm.results - Extracted JDBC value [1] - [Test subsystem for component tests]
10:24:08.788 [main] DEBUG org.hibernate.orm.results - Extracted JDBC value [2] - [Component Test Subsystem]
10:24:08.788 [main] DEBUG org.hibernate.orm.results - Extracted JDBC value [4] - [NOT_STARTED]
10:24:08.788 [main] DEBUG org.hibernate.orm.results.loading.entity - (EntityResultInitializer) Done materializing entityInstance : org.frcpm.models.Subsystem(959665065791400)#66
10:24:08.788 [main] DEBUG org.hibernate.orm.results.loading - Calling top-level assembler (0 / 1) : org.hibernate.sql.results.graph.entity.internal.EntityAssembler@28440529
10:24:08.788 [main] DEBUG org.hibernate.resource.jdbc.internal.LogicalConnectionManagedImpl - Initiating JDBC connection release from afterTransaction
10:24:08.788 [main] DEBUG org.hibernate.resource.jdbc.internal.LogicalConnectionManagedImpl - Initiating JDBC connection release from afterTransaction
10:24:08.788 [main] DEBUG org.hibernate.orm.sql.ast.create - Created new SQL alias : s1_0
10:24:08.788 [main] DEBUG org.hibernate.orm.sql.ast.create - Registration of TableGroup [StandardTableGroup(org.frcpm.models.Subteam(959665075273300))] with identifierForTableGroup [org.frcpm.models.Subteam] for NavigablePath [org.frcpm.models.Subteam] 
10:24:08.788 [main] DEBUG org.hibernate.orm.results.graph.AST - DomainResult Graph:
 \-EntityResultImpl [org.frcpm.models.Subteam(959665075273300)]
 |  +-BasicFetch [org.frcpm.models.Subteam(959665075273300).colorCode]
 |  +-DelayedCollectionFetch [org.frcpm.models.Subteam(959665075273300).members]
 |  +-BasicFetch [org.frcpm.models.Subteam(959665075273300).name]
 |  +-BasicFetch [org.frcpm.models.Subteam(959665075273300).specialties]
 |  \-DelayedCollectionFetch [org.frcpm.models.Subteam(959665075273300).subsystems]

10:24:08.788 [main] DEBUG org.hibernate.orm.sql.ast.tree - SQL AST Tree:
    SelectStatement {
      FromClause {
        StandardTableGroup (s1 : org.frcpm.models.Subteam(959665075273300)) {
          primaryTableReference : subteams as s1_0
        }
      }
    }

10:24:08.789 [main] DEBUG org.hibernate.orm.sql.exec - Skipping reading Query result cache data: cache-enabled = false, cache-mode = NORMAL
10:24:08.789 [main] DEBUG org.hibernate.orm.results - Initializer list:
	  org.frcpm.models.Subteam(959665075273300).subsystems -> DelayedCollectionInitializer(org.frcpm.models.Subteam(959665075273300).subsystems)@1251980777 (PluralAttribute(org.frcpm.models.Subteam.subsystems))
	  org.frcpm.models.Subteam(959665075273300) -> EntityResultInitializer(org.frcpm.models.Subteam(959665075273300))@1268705856 (SingleTableEntityPersister(org.frcpm.models.Subteam))
	  org.frcpm.models.Subteam(959665075273300).members -> DelayedCollectionInitializer(org.frcpm.models.Subteam(959665075273300).members)@39857989 (PluralAttribute(org.frcpm.models.Subteam.members))

10:24:08.789 [main] DEBUG org.hibernate.SQL - select s1_0.id,s1_0.color_code,s1_0.name,s1_0.specialties from subteams s1_0
10:24:08.789 [main] DEBUG org.hibernate.orm.results - Extracted JDBC value [0] - [1]
10:24:08.789 [main] DEBUG org.hibernate.orm.results.loading.entity - (EntityResultInitializer) Hydrated EntityKey (org.frcpm.models.Subteam(959665075273300)): 1
10:24:08.789 [main] DEBUG org.hibernate.orm.results.loading.org.hibernate.orm.results.loading.collection - (DelayedCollectionInitializer) Current row collection key : org.frcpm.models.Subteam(959665075273300).members#1
10:24:08.789 [main] DEBUG org.hibernate.orm.results.loading.org.hibernate.orm.results.loading.collection - (DelayedCollectionInitializer) Current row collection key : org.frcpm.models.Subteam(959665075273300).subsystems#1
10:24:08.789 [main] DEBUG org.hibernate.orm.results.loading.entity - (EntityResultInitializer) Created new entity instance [org.frcpm.models.Subteam(959665075273300)#1] : 865484698
10:24:08.789 [main] DEBUG org.hibernate.orm.results - Extracted JDBC value [1] - [#FF5733]
10:24:08.789 [main] DEBUG org.hibernate.orm.results - Extracted JDBC value [2] - [Mechanical]
10:24:08.789 [main] DEBUG org.hibernate.orm.results - Extracted JDBC value [3] - [Design, CAD, Fabrication, Assembly]
10:24:08.789 [main] DEBUG org.hibernate.orm.results.loading.entity - (EntityResultInitializer) Done materializing entityInstance : org.frcpm.models.Subteam(959665075273300)#1
10:24:08.789 [main] DEBUG org.hibernate.orm.results.loading - Calling top-level assembler (0 / 1) : org.hibernate.sql.results.graph.entity.internal.EntityAssembler@3951efe0
10:24:08.789 [main] DEBUG org.hibernate.orm.results - Extracted JDBC value [0] - [2]
10:24:08.789 [main] DEBUG org.hibernate.orm.results.loading.entity - (EntityResultInitializer) Hydrated EntityKey (org.frcpm.models.Subteam(959665075273300)): 2
10:24:08.789 [main] DEBUG org.hibernate.orm.results.loading.org.hibernate.orm.results.loading.collection - (DelayedCollectionInitializer) Current row collection key : org.frcpm.models.Subteam(959665075273300).members#2
10:24:08.789 [main] DEBUG org.hibernate.orm.results.loading.org.hibernate.orm.results.loading.collection - (DelayedCollectionInitializer) Current row collection key : org.frcpm.models.Subteam(959665075273300).subsystems#2
10:24:08.789 [main] DEBUG org.hibernate.orm.results.loading.entity - (EntityResultInitializer) Created new entity instance [org.frcpm.models.Subteam(959665075273300)#2] : 993619391
10:24:08.789 [main] DEBUG org.hibernate.orm.results - Extracted JDBC value [1] - [#33A8FF]
10:24:08.789 [main] DEBUG org.hibernate.orm.results - Extracted JDBC value [2] - [Electrical]
10:24:08.789 [main] DEBUG org.hibernate.orm.results - Extracted JDBC value [3] - [Wiring, Electronics, Sensors, Power Systems]
10:24:08.789 [main] DEBUG org.hibernate.orm.results.loading.entity - (EntityResultInitializer) Done materializing entityInstance : org.frcpm.models.Subteam(959665075273300)#2
10:24:08.789 [main] DEBUG org.hibernate.orm.results.loading - Calling top-level assembler (0 / 1) : org.hibernate.sql.results.graph.entity.internal.EntityAssembler@3951efe0
10:24:08.789 [main] DEBUG org.hibernate.orm.results - Extracted JDBC value [0] - [3]
10:24:08.789 [main] DEBUG org.hibernate.orm.results.loading.entity - (EntityResultInitializer) Hydrated EntityKey (org.frcpm.models.Subteam(959665075273300)): 3
10:24:08.789 [main] DEBUG org.hibernate.orm.results.loading.org.hibernate.orm.results.loading.collection - (DelayedCollectionInitializer) Current row collection key : org.frcpm.models.Subteam(959665075273300).members#3
10:24:08.789 [main] DEBUG org.hibernate.orm.results.loading.org.hibernate.orm.results.loading.collection - (DelayedCollectionInitializer) Current row collection key : org.frcpm.models.Subteam(959665075273300).subsystems#3
10:24:08.789 [main] DEBUG org.hibernate.orm.results.loading.entity - (EntityResultInitializer) Created new entity instance [org.frcpm.models.Subteam(959665075273300)#3] : 935577259
10:24:08.789 [main] DEBUG org.hibernate.orm.results - Extracted JDBC value [1] - [#33FF57]
10:24:08.789 [main] DEBUG org.hibernate.orm.results - Extracted JDBC value [2] - [Programming]
10:24:08.789 [main] DEBUG org.hibernate.orm.results - Extracted JDBC value [3] - [Java, Vision, Control Systems, Autonomous]
10:24:08.789 [main] DEBUG org.hibernate.orm.results.loading.entity - (EntityResultInitializer) Done materializing entityInstance : org.frcpm.models.Subteam(959665075273300)#3
10:24:08.789 [main] DEBUG org.hibernate.orm.results.loading - Calling top-level assembler (0 / 1) : org.hibernate.sql.results.graph.entity.internal.EntityAssembler@3951efe0
10:24:08.789 [main] DEBUG org.hibernate.orm.results - Extracted JDBC value [0] - [4]
10:24:08.789 [main] DEBUG org.hibernate.orm.results.loading.entity - (EntityResultInitializer) Hydrated EntityKey (org.frcpm.models.Subteam(959665075273300)): 4
10:24:08.789 [main] DEBUG org.hibernate.orm.results.loading.org.hibernate.orm.results.loading.collection - (DelayedCollectionInitializer) Current row collection key : org.frcpm.models.Subteam(959665075273300).members#4
10:24:08.789 [main] DEBUG org.hibernate.orm.results.loading.org.hibernate.orm.results.loading.collection - (DelayedCollectionInitializer) Current row collection key : org.frcpm.models.Subteam(959665075273300).subsystems#4
10:24:08.789 [main] DEBUG org.hibernate.orm.results.loading.entity - (EntityResultInitializer) Created new entity instance [org.frcpm.models.Subteam(959665075273300)#4] : 965014368
10:24:08.789 [main] DEBUG org.hibernate.orm.results - Extracted JDBC value [1] - [#FF33A8]
10:24:08.789 [main] DEBUG org.hibernate.orm.results - Extracted JDBC value [2] - [Business]
10:24:08.789 [main] DEBUG org.hibernate.orm.results - Extracted JDBC value [3] - [Fundraising, Marketing, Outreach, Awards]
10:24:08.789 [main] DEBUG org.hibernate.orm.results.loading.entity - (EntityResultInitializer) Done materializing entityInstance : org.frcpm.models.Subteam(959665075273300)#4
10:24:08.789 [main] DEBUG org.hibernate.orm.results.loading - Calling top-level assembler (0 / 1) : org.hibernate.sql.results.graph.entity.internal.EntityAssembler@3951efe0
10:24:08.789 [main] DEBUG org.hibernate.orm.results - Extracted JDBC value [0] - [24]
10:24:08.789 [main] DEBUG org.hibernate.orm.results.loading.entity - (EntityResultInitializer) Hydrated EntityKey (org.frcpm.models.Subteam(959665075273300)): 24
10:24:08.789 [main] DEBUG org.hibernate.orm.results.loading.org.hibernate.orm.results.loading.collection - (DelayedCollectionInitializer) Current row collection key : org.frcpm.models.Subteam(959665075273300).members#24
10:24:08.789 [main] DEBUG org.hibernate.orm.results.loading.org.hibernate.orm.results.loading.collection - (DelayedCollectionInitializer) Current row collection key : org.frcpm.models.Subteam(959665075273300).subsystems#24
10:24:08.789 [main] DEBUG org.hibernate.orm.results.loading.entity - (EntityResultInitializer) Created new entity instance [org.frcpm.models.Subteam(959665075273300)#24] : 1492742127
10:24:08.789 [main] DEBUG org.hibernate.orm.results - Extracted JDBC value [1] - [#0000FF]
10:24:08.789 [main] DEBUG org.hibernate.orm.results - Extracted JDBC value [2] - [Test Count Subteam]
10:24:08.789 [main] DEBUG org.hibernate.orm.results - Extracted JDBC value [3] - [null]
10:24:08.789 [main] DEBUG org.hibernate.orm.results.loading.entity - (EntityResultInitializer) Done materializing entityInstance : org.frcpm.models.Subteam(959665075273300)#24
10:24:08.789 [main] DEBUG org.hibernate.orm.results.loading - Calling top-level assembler (0 / 1) : org.hibernate.sql.results.graph.entity.internal.EntityAssembler@3951efe0
10:24:08.789 [main] DEBUG org.hibernate.orm.results - Extracted JDBC value [0] - [27]
10:24:08.789 [main] DEBUG org.hibernate.orm.results.loading.entity - (EntityResultInitializer) Hydrated EntityKey (org.frcpm.models.Subteam(959665075273300)): 27
10:24:08.789 [main] DEBUG org.hibernate.orm.results.loading.org.hibernate.orm.results.loading.collection - (DelayedCollectionInitializer) Current row collection key : org.frcpm.models.Subteam(959665075273300).members#27
10:24:08.789 [main] DEBUG org.hibernate.orm.results.loading.org.hibernate.orm.results.loading.collection - (DelayedCollectionInitializer) Current row collection key : org.frcpm.models.Subteam(959665075273300).subsystems#27
10:24:08.789 [main] DEBUG org.hibernate.orm.results.loading.entity - (EntityResultInitializer) Created new entity instance [org.frcpm.models.Subteam(959665075273300)#27] : 548454569
10:24:08.789 [main] DEBUG org.hibernate.orm.results - Extracted JDBC value [1] - [#0000FF]
10:24:08.789 [main] DEBUG org.hibernate.orm.results - Extracted JDBC value [2] - [Test Save Subteam]
10:24:08.789 [main] DEBUG org.hibernate.orm.results - Extracted JDBC value [3] - [Testing]
10:24:08.789 [main] DEBUG org.hibernate.orm.results.loading.entity - (EntityResultInitializer) Done materializing entityInstance : org.frcpm.models.Subteam(959665075273300)#27
10:24:08.789 [main] DEBUG org.hibernate.orm.results.loading - Calling top-level assembler (0 / 1) : org.hibernate.sql.results.graph.entity.internal.EntityAssembler@3951efe0
10:24:08.789 [main] DEBUG org.hibernate.orm.results - Extracted JDBC value [0] - [42]
10:24:08.789 [main] DEBUG org.hibernate.orm.results.loading.entity - (EntityResultInitializer) Hydrated EntityKey (org.frcpm.models.Subteam(959665075273300)): 42
10:24:08.789 [main] DEBUG org.hibernate.orm.results.loading.org.hibernate.orm.results.loading.collection - (DelayedCollectionInitializer) Current row collection key : org.frcpm.models.Subteam(959665075273300).members#42
10:24:08.789 [main] DEBUG org.hibernate.orm.results.loading.org.hibernate.orm.results.loading.collection - (DelayedCollectionInitializer) Current row collection key : org.frcpm.models.Subteam(959665075273300).subsystems#42
10:24:08.789 [main] DEBUG org.hibernate.orm.results.loading.entity - (EntityResultInitializer) Created new entity instance [org.frcpm.models.Subteam(959665075273300)#42] : 1528391146
10:24:08.789 [main] DEBUG org.hibernate.orm.results - Extracted JDBC value [1] - [#00FFFF]
10:24:08.789 [main] DEBUG org.hibernate.orm.results - Extracted JDBC value [2] - [Updated Subteam Name]
10:24:08.789 [main] DEBUG org.hibernate.orm.results - Extracted JDBC value [3] - [null]
10:24:08.789 [main] DEBUG org.hibernate.orm.results.loading.entity - (EntityResultInitializer) Done materializing entityInstance : org.frcpm.models.Subteam(959665075273300)#42
10:24:08.789 [main] DEBUG org.hibernate.orm.results.loading - Calling top-level assembler (0 / 1) : org.hibernate.sql.results.graph.entity.internal.EntityAssembler@3951efe0
10:24:08.789 [main] DEBUG org.hibernate.orm.results - Extracted JDBC value [0] - [67]
10:24:08.789 [main] DEBUG org.hibernate.orm.results.loading.entity - (EntityResultInitializer) Hydrated EntityKey (org.frcpm.models.Subteam(959665075273300)): 67
10:24:08.789 [main] DEBUG org.hibernate.orm.results.loading.org.hibernate.orm.results.loading.collection - (DelayedCollectionInitializer) Current row collection key : org.frcpm.models.Subteam(959665075273300).members#67
10:24:08.789 [main] DEBUG org.hibernate.orm.results.loading.org.hibernate.orm.results.loading.collection - (DelayedCollectionInitializer) Current row collection key : org.frcpm.models.Subteam(959665075273300).subsystems#67
10:24:08.789 [main] DEBUG org.hibernate.orm.results.loading.entity - (EntityResultInitializer) Created new entity instance [org.frcpm.models.Subteam(959665075273300)#67] : 839913624
10:24:08.789 [main] DEBUG org.hibernate.orm.results - Extracted JDBC value [1] - [#0000FF]
10:24:08.789 [main] DEBUG org.hibernate.orm.results - Extracted JDBC value [2] - [Test Create Service Subteam]
10:24:08.789 [main] DEBUG org.hibernate.orm.results - Extracted JDBC value [3] - [Testing, Quality Assurance]
10:24:08.789 [main] DEBUG org.hibernate.orm.results.loading.entity - (EntityResultInitializer) Done materializing entityInstance : org.frcpm.models.Subteam(959665075273300)#67
10:24:08.789 [main] DEBUG org.hibernate.orm.results.loading - Calling top-level assembler (0 / 1) : org.hibernate.sql.results.graph.entity.internal.EntityAssembler@3951efe0
10:24:08.789 [main] DEBUG org.hibernate.orm.results - Extracted JDBC value [0] - [70]
10:24:08.789 [main] DEBUG org.hibernate.orm.results.loading.entity - (EntityResultInitializer) Hydrated EntityKey (org.frcpm.models.Subteam(959665075273300)): 70
10:24:08.789 [main] DEBUG org.hibernate.orm.results.loading.org.hibernate.orm.results.loading.collection - (DelayedCollectionInitializer) Current row collection key : org.frcpm.models.Subteam(959665075273300).members#70
10:24:08.789 [main] DEBUG org.hibernate.orm.results.loading.org.hibernate.orm.results.loading.collection - (DelayedCollectionInitializer) Current row collection key : org.frcpm.models.Subteam(959665075273300).subsystems#70
10:24:08.789 [main] DEBUG org.hibernate.orm.results.loading.entity - (EntityResultInitializer) Created new entity instance [org.frcpm.models.Subteam(959665075273300)#70] : 207769564
10:24:08.790 [main] DEBUG org.hibernate.orm.results - Extracted JDBC value [1] - [#00FFFF]
10:24:08.790 [main] DEBUG org.hibernate.orm.results - Extracted JDBC value [2] - [Test Color Update Subteam]
10:24:08.790 [main] DEBUG org.hibernate.orm.results - Extracted JDBC value [3] - [Specialties]
10:24:08.790 [main] DEBUG org.hibernate.orm.results.loading.entity - (EntityResultInitializer) Done materializing entityInstance : org.frcpm.models.Subteam(959665075273300)#70
10:24:08.790 [main] DEBUG org.hibernate.orm.results.loading - Calling top-level assembler (0 / 1) : org.hibernate.sql.results.graph.entity.internal.EntityAssembler@3951efe0
10:24:08.790 [main] DEBUG org.hibernate.orm.results - Extracted JDBC value [0] - [79]
10:24:08.790 [main] DEBUG org.hibernate.orm.results.loading.entity - (EntityResultInitializer) Hydrated EntityKey (org.frcpm.models.Subteam(959665075273300)): 79
10:24:08.790 [main] DEBUG org.hibernate.orm.results.loading.org.hibernate.orm.results.loading.collection - (DelayedCollectionInitializer) Current row collection key : org.frcpm.models.Subteam(959665075273300).members#79
10:24:08.790 [main] DEBUG org.hibernate.orm.results.loading.org.hibernate.orm.results.loading.collection - (DelayedCollectionInitializer) Current row collection key : org.frcpm.models.Subteam(959665075273300).subsystems#79
10:24:08.790 [main] DEBUG org.hibernate.orm.results.loading.entity - (EntityResultInitializer) Created new entity instance [org.frcpm.models.Subteam(959665075273300)#79] : 1360289756
10:24:08.790 [main] DEBUG org.hibernate.orm.results - Extracted JDBC value [1] - [#0000FF]
10:24:08.790 [main] DEBUG org.hibernate.orm.results - Extracted JDBC value [2] - [Test Update Subteam]
10:24:08.790 [main] DEBUG org.hibernate.orm.results - Extracted JDBC value [3] - [Updated Specialties]
10:24:08.790 [main] DEBUG org.hibernate.orm.results.loading.entity - (EntityResultInitializer) Done materializing entityInstance : org.frcpm.models.Subteam(959665075273300)#79
10:24:08.790 [main] DEBUG org.hibernate.orm.results.loading - Calling top-level assembler (0 / 1) : org.hibernate.sql.results.graph.entity.internal.EntityAssembler@3951efe0
10:24:08.790 [main] DEBUG org.hibernate.orm.results - Extracted JDBC value [0] - [87]
10:24:08.790 [main] DEBUG org.hibernate.orm.results.loading.entity - (EntityResultInitializer) Hydrated EntityKey (org.frcpm.models.Subteam(959665075273300)): 87
10:24:08.790 [main] DEBUG org.hibernate.orm.results.loading.org.hibernate.orm.results.loading.collection - (DelayedCollectionInitializer) Current row collection key : org.frcpm.models.Subteam(959665075273300).members#87
10:24:08.790 [main] DEBUG org.hibernate.orm.results.loading.org.hibernate.orm.results.loading.collection - (DelayedCollectionInitializer) Current row collection key : org.frcpm.models.Subteam(959665075273300).subsystems#87
10:24:08.790 [main] DEBUG org.hibernate.orm.results.loading.entity - (EntityResultInitializer) Created new entity instance [org.frcpm.models.Subteam(959665075273300)#87] : 1020193304
10:24:08.790 [main] DEBUG org.hibernate.orm.results - Extracted JDBC value [1] - [#0000FF]
10:24:08.790 [main] DEBUG org.hibernate.orm.results - Extracted JDBC value [2] - [Duplicate Name Subteam]
10:24:08.790 [main] DEBUG org.hibernate.orm.results - Extracted JDBC value [3] - [Specialties]
10:24:08.790 [main] DEBUG org.hibernate.orm.results.loading.entity - (EntityResultInitializer) Done materializing entityInstance : org.frcpm.models.Subteam(959665075273300)#87
10:24:08.790 [main] DEBUG org.hibernate.orm.results.loading - Calling top-level assembler (0 / 1) : org.hibernate.sql.results.graph.entity.internal.EntityAssembler@3951efe0
10:24:08.790 [main] DEBUG org.hibernate.resource.jdbc.internal.LogicalConnectionManagedImpl - Initiating JDBC connection release from afterTransaction
10:24:08.790 [main] DEBUG org.hibernate.resource.jdbc.internal.LogicalConnectionManagedImpl - Initiating JDBC connection release from afterTransaction
]]></system-out>
  </testcase>
  <testcase name="testErrorMessageListener" classname="org.frcpm.controllers.SubsystemControllerTest" time="0.015">
    <system-out><![CDATA[10:24:08.793 [main] DEBUG org.hibernate.orm.sql.ast.create - Created new SQL alias : s1_0
10:24:08.793 [main] DEBUG org.hibernate.orm.sql.ast.create - Registration of TableGroup [StandardTableGroup(org.frcpm.models.Subsystem(959665080376300))] with identifierForTableGroup [org.frcpm.models.Subsystem] for NavigablePath [org.frcpm.models.Subsystem] 
10:24:08.794 [main] DEBUG org.hibernate.orm.sql.ast.create - Registration of TableGroup [org.hibernate.sql.ast.tree.from.LazyTableGroup@7cc87859] with identifierForTableGroup [org.frcpm.models.Subsystem.responsibleSubteam] for NavigablePath [org.frcpm.models.Subsystem.responsibleSubteam] 
10:24:08.794 [main] DEBUG org.hibernate.orm.results.graph.AST - DomainResult Graph:
 \-EntityResultImpl [org.frcpm.models.Subsystem(959665080376300)]
 |  +-BasicFetch [org.frcpm.models.Subsystem(959665080376300).description]
 |  +-BasicFetch [org.frcpm.models.Subsystem(959665080376300).name]
 |  +-CircularFetchImpl [org.frcpm.models.Subsystem(959665080376300).responsibleSubteam]
 |  +-BasicFetch [org.frcpm.models.Subsystem(959665080376300).status]
 |  \-DelayedCollectionFetch [org.frcpm.models.Subsystem(959665080376300).tasks]

10:24:08.794 [main] DEBUG org.hibernate.orm.sql.ast.tree - SQL AST Tree:
    SelectStatement {
      FromClause {
        StandardTableGroup (s1 : org.frcpm.models.Subsystem(959665080376300)) {
          primaryTableReference : subsystems as s1_0
          TableGroupJoins {
            left  join LazyTableGroup (rs1 : org.frcpm.models.Subsystem(959665080376300).responsibleSubteam) {
            }
          }
        }
      }
    }

10:24:08.794 [main] DEBUG org.hibernate.orm.sql.exec - Skipping reading Query result cache data: cache-enabled = false, cache-mode = NORMAL
10:24:08.794 [main] DEBUG org.hibernate.orm.results - Initializer list:
	  org.frcpm.models.Subsystem(959665080376300) -> EntityResultInitializer(org.frcpm.models.Subsystem(959665080376300))@1171865535 (SingleTableEntityPersister(org.frcpm.models.Subsystem))
	  org.frcpm.models.Subsystem(959665080376300).responsibleSubteam -> EntityDelayedFetchInitializer(org.frcpm.models.Subsystem(959665080376300).responsibleSubteam)@1519192517 (ToOneAttributeMapping(NavigableRole[org.frcpm.models.Subsystem.responsibleSubteam])@135084207)
	  org.frcpm.models.Subsystem(959665080376300).tasks -> DelayedCollectionInitializer(org.frcpm.models.Subsystem(959665080376300).tasks)@2014620549 (PluralAttribute(org.frcpm.models.Subsystem.tasks))

10:24:08.794 [main] DEBUG org.hibernate.SQL - select s1_0.id,s1_0.description,s1_0.name,s1_0.responsible_subteam_id,s1_0.status from subsystems s1_0
10:24:08.794 [main] DEBUG org.hibernate.orm.results - Extracted JDBC value [0] - [1]
10:24:08.794 [main] DEBUG org.hibernate.orm.results.loading.entity - (EntityResultInitializer) Hydrated EntityKey (org.frcpm.models.Subsystem(959665080376300)): 1
10:24:08.794 [main] DEBUG org.hibernate.orm.results.loading.org.hibernate.orm.results.loading.collection - (DelayedCollectionInitializer) Current row collection key : org.frcpm.models.Subsystem(959665080376300).tasks#1
10:24:08.794 [main] DEBUG org.hibernate.orm.results.loading.entity - (EntityResultInitializer) Created new entity instance [org.frcpm.models.Subsystem(959665080376300)#1] : 2037915255
10:24:08.794 [main] DEBUG org.hibernate.orm.results - Extracted JDBC value [3] - [1]
10:24:08.794 [main] DEBUG org.hibernate.orm.results - Extracted JDBC value [1] - [Robot movement and navigation system]
10:24:08.794 [main] DEBUG org.hibernate.orm.results - Extracted JDBC value [2] - [Drivetrain]
10:24:08.794 [main] DEBUG org.hibernate.orm.results - Extracted JDBC value [4] - [IN_PROGRESS]
10:24:08.794 [main] DEBUG org.hibernate.orm.results.loading.entity - (EntityResultInitializer) Done materializing entityInstance : org.frcpm.models.Subsystem(959665080376300)#1
10:24:08.795 [main] DEBUG org.hibernate.orm.results.loading - Calling top-level assembler (0 / 1) : org.hibernate.sql.results.graph.entity.internal.EntityAssembler@6b7072c3
10:24:08.795 [main] DEBUG org.hibernate.orm.results - Extracted JDBC value [0] - [2]
10:24:08.795 [main] DEBUG org.hibernate.orm.results.loading.entity - (EntityResultInitializer) Hydrated EntityKey (org.frcpm.models.Subsystem(959665080376300)): 2
10:24:08.795 [main] DEBUG org.hibernate.orm.results.loading.org.hibernate.orm.results.loading.collection - (DelayedCollectionInitializer) Current row collection key : org.frcpm.models.Subsystem(959665080376300).tasks#2
10:24:08.795 [main] DEBUG org.hibernate.orm.results.loading.entity - (EntityResultInitializer) Created new entity instance [org.frcpm.models.Subsystem(959665080376300)#2] : 1876081722
10:24:08.795 [main] DEBUG org.hibernate.orm.results - Extracted JDBC value [3] - [1]
10:24:08.795 [main] DEBUG org.hibernate.orm.results - Extracted JDBC value [1] - [Mechanism for collecting game pieces]
10:24:08.795 [main] DEBUG org.hibernate.orm.results - Extracted JDBC value [2] - [Intake]
10:24:08.795 [main] DEBUG org.hibernate.orm.results - Extracted JDBC value [4] - [NOT_STARTED]
10:24:08.795 [main] DEBUG org.hibernate.orm.results.loading.entity - (EntityResultInitializer) Done materializing entityInstance : org.frcpm.models.Subsystem(959665080376300)#2
10:24:08.795 [main] DEBUG org.hibernate.orm.results.loading - Calling top-level assembler (0 / 1) : org.hibernate.sql.results.graph.entity.internal.EntityAssembler@6b7072c3
10:24:08.795 [main] DEBUG org.hibernate.orm.results - Extracted JDBC value [0] - [3]
10:24:08.795 [main] DEBUG org.hibernate.orm.results.loading.entity - (EntityResultInitializer) Hydrated EntityKey (org.frcpm.models.Subsystem(959665080376300)): 3
10:24:08.795 [main] DEBUG org.hibernate.orm.results.loading.org.hibernate.orm.results.loading.collection - (DelayedCollectionInitializer) Current row collection key : org.frcpm.models.Subsystem(959665080376300).tasks#3
10:24:08.795 [main] DEBUG org.hibernate.orm.results.loading.entity - (EntityResultInitializer) Created new entity instance [org.frcpm.models.Subsystem(959665080376300)#3] : 479531961
10:24:08.795 [main] DEBUG org.hibernate.orm.results - Extracted JDBC value [3] - [1]
10:24:08.795 [main] DEBUG org.hibernate.orm.results - Extracted JDBC value [1] - [Mechanism for scoring game pieces]
10:24:08.795 [main] DEBUG org.hibernate.orm.results - Extracted JDBC value [2] - [Shooter]
10:24:08.795 [main] DEBUG org.hibernate.orm.results - Extracted JDBC value [4] - [NOT_STARTED]
10:24:08.795 [main] DEBUG org.hibernate.orm.results.loading.entity - (EntityResultInitializer) Done materializing entityInstance : org.frcpm.models.Subsystem(959665080376300)#3
10:24:08.795 [main] DEBUG org.hibernate.orm.results.loading - Calling top-level assembler (0 / 1) : org.hibernate.sql.results.graph.entity.internal.EntityAssembler@6b7072c3
10:24:08.795 [main] DEBUG org.hibernate.orm.results - Extracted JDBC value [0] - [4]
10:24:08.795 [main] DEBUG org.hibernate.orm.results.loading.entity - (EntityResultInitializer) Hydrated EntityKey (org.frcpm.models.Subsystem(959665080376300)): 4
10:24:08.795 [main] DEBUG org.hibernate.orm.results.loading.org.hibernate.orm.results.loading.collection - (DelayedCollectionInitializer) Current row collection key : org.frcpm.models.Subsystem(959665080376300).tasks#4
10:24:08.795 [main] DEBUG org.hibernate.orm.results.loading.entity - (EntityResultInitializer) Created new entity instance [org.frcpm.models.Subsystem(959665080376300)#4] : 240311623
10:24:08.795 [main] DEBUG org.hibernate.orm.results - Extracted JDBC value [3] - [3]
10:24:08.795 [main] DEBUG org.hibernate.orm.results - Extracted JDBC value [1] - [Camera and processing system for targeting]
10:24:08.795 [main] DEBUG org.hibernate.orm.results - Extracted JDBC value [2] - [Vision]
10:24:08.795 [main] DEBUG org.hibernate.orm.results - Extracted JDBC value [4] - [NOT_STARTED]
10:24:08.795 [main] DEBUG org.hibernate.orm.results.loading.entity - (EntityResultInitializer) Done materializing entityInstance : org.frcpm.models.Subsystem(959665080376300)#4
10:24:08.795 [main] DEBUG org.hibernate.orm.results.loading - Calling top-level assembler (0 / 1) : org.hibernate.sql.results.graph.entity.internal.EntityAssembler@6b7072c3
10:24:08.795 [main] DEBUG org.hibernate.orm.results - Extracted JDBC value [0] - [5]
10:24:08.795 [main] DEBUG org.hibernate.orm.results.loading.entity - (EntityResultInitializer) Hydrated EntityKey (org.frcpm.models.Subsystem(959665080376300)): 5
10:24:08.795 [main] DEBUG org.hibernate.orm.results.loading.org.hibernate.orm.results.loading.collection - (DelayedCollectionInitializer) Current row collection key : org.frcpm.models.Subsystem(959665080376300).tasks#5
10:24:08.795 [main] DEBUG org.hibernate.orm.results.loading.entity - (EntityResultInitializer) Created new entity instance [org.frcpm.models.Subsystem(959665080376300)#5] : 1748799610
10:24:08.795 [main] DEBUG org.hibernate.orm.results - Extracted JDBC value [3] - [2]
10:24:08.795 [main] DEBUG org.hibernate.orm.results - Extracted JDBC value [1] - [Wiring, electronics, and sensors]
10:24:08.795 [main] DEBUG org.hibernate.orm.results - Extracted JDBC value [2] - [Controls]
10:24:08.795 [main] DEBUG org.hibernate.orm.results - Extracted JDBC value [4] - [NOT_STARTED]
10:24:08.795 [main] DEBUG org.hibernate.orm.results.loading.entity - (EntityResultInitializer) Done materializing entityInstance : org.frcpm.models.Subsystem(959665080376300)#5
10:24:08.795 [main] DEBUG org.hibernate.orm.results.loading - Calling top-level assembler (0 / 1) : org.hibernate.sql.results.graph.entity.internal.EntityAssembler@6b7072c3
10:24:08.795 [main] DEBUG org.hibernate.orm.results - Extracted JDBC value [0] - [18]
10:24:08.795 [main] DEBUG org.hibernate.orm.results.loading.entity - (EntityResultInitializer) Hydrated EntityKey (org.frcpm.models.Subsystem(959665080376300)): 18
10:24:08.795 [main] DEBUG org.hibernate.orm.results.loading.org.hibernate.orm.results.loading.collection - (DelayedCollectionInitializer) Current row collection key : org.frcpm.models.Subsystem(959665080376300).tasks#18
10:24:08.795 [main] DEBUG org.hibernate.orm.results.loading.entity - (EntityResultInitializer) Created new entity instance [org.frcpm.models.Subsystem(959665080376300)#18] : 1481325532
10:24:08.795 [main] DEBUG org.hibernate.orm.results - Extracted JDBC value [3] - [null]
10:24:08.795 [main] DEBUG org.hibernate.orm.results - Extracted JDBC value [1] - [null]
10:24:08.795 [main] DEBUG org.hibernate.orm.results - Extracted JDBC value [2] - [Test Count Subsystem]
10:24:08.795 [main] DEBUG org.hibernate.orm.results - Extracted JDBC value [4] - [NOT_STARTED]
10:24:08.795 [main] DEBUG org.hibernate.orm.results.loading.entity - (EntityResultInitializer) Done materializing entityInstance : org.frcpm.models.Subsystem(959665080376300)#18
10:24:08.795 [main] DEBUG org.hibernate.orm.results.loading - Calling top-level assembler (0 / 1) : org.hibernate.sql.results.graph.entity.internal.EntityAssembler@6b7072c3
10:24:08.795 [main] DEBUG org.hibernate.orm.results - Extracted JDBC value [0] - [22]
10:24:08.795 [main] DEBUG org.hibernate.orm.results.loading.entity - (EntityResultInitializer) Hydrated EntityKey (org.frcpm.models.Subsystem(959665080376300)): 22
10:24:08.795 [main] DEBUG org.hibernate.orm.results.loading.org.hibernate.orm.results.loading.collection - (DelayedCollectionInitializer) Current row collection key : org.frcpm.models.Subsystem(959665080376300).tasks#22
10:24:08.795 [main] DEBUG org.hibernate.orm.results.loading.entity - (EntityResultInitializer) Created new entity instance [org.frcpm.models.Subsystem(959665080376300)#22] : 174195637
10:24:08.795 [main] DEBUG org.hibernate.orm.results - Extracted JDBC value [3] - [null]
10:24:08.795 [main] DEBUG org.hibernate.orm.results - Extracted JDBC value [1] - [Save subsystem description]
10:24:08.795 [main] DEBUG org.hibernate.orm.results - Extracted JDBC value [2] - [Test Save Subsystem]
10:24:08.795 [main] DEBUG org.hibernate.orm.results - Extracted JDBC value [4] - [TESTING]
10:24:08.795 [main] DEBUG org.hibernate.orm.results.loading.entity - (EntityResultInitializer) Done materializing entityInstance : org.frcpm.models.Subsystem(959665080376300)#22
10:24:08.795 [main] DEBUG org.hibernate.orm.results.loading - Calling top-level assembler (0 / 1) : org.hibernate.sql.results.graph.entity.internal.EntityAssembler@6b7072c3
10:24:08.795 [main] DEBUG org.hibernate.orm.results - Extracted JDBC value [0] - [43]
10:24:08.795 [main] DEBUG org.hibernate.orm.results.loading.entity - (EntityResultInitializer) Hydrated EntityKey (org.frcpm.models.Subsystem(959665080376300)): 43
10:24:08.795 [main] DEBUG org.hibernate.orm.results.loading.org.hibernate.orm.results.loading.collection - (DelayedCollectionInitializer) Current row collection key : org.frcpm.models.Subsystem(959665080376300).tasks#43
10:24:08.795 [main] DEBUG org.hibernate.orm.results.loading.entity - (EntityResultInitializer) Created new entity instance [org.frcpm.models.Subsystem(959665080376300)#43] : 284500039
10:24:08.795 [main] DEBUG org.hibernate.orm.results - Extracted JDBC value [3] - [null]
10:24:08.795 [main] DEBUG org.hibernate.orm.results - Extracted JDBC value [1] - [Updated description]
10:24:08.795 [main] DEBUG org.hibernate.orm.results - Extracted JDBC value [2] - [Updated Subsystem Name]
10:24:08.795 [main] DEBUG org.hibernate.orm.results - Extracted JDBC value [4] - [ISSUES]
10:24:08.795 [main] DEBUG org.hibernate.orm.results.loading.entity - (EntityResultInitializer) Done materializing entityInstance : org.frcpm.models.Subsystem(959665080376300)#43
10:24:08.795 [main] DEBUG org.hibernate.orm.results.loading - Calling top-level assembler (0 / 1) : org.hibernate.sql.results.graph.entity.internal.EntityAssembler@6b7072c3
10:24:08.795 [main] DEBUG org.hibernate.orm.results - Extracted JDBC value [0] - [44]
10:24:08.795 [main] DEBUG org.hibernate.orm.results.loading.entity - (EntityResultInitializer) Hydrated EntityKey (org.frcpm.models.Subsystem(959665080376300)): 44
10:24:08.795 [main] DEBUG org.hibernate.orm.results.loading.org.hibernate.orm.results.loading.collection - (DelayedCollectionInitializer) Current row collection key : org.frcpm.models.Subsystem(959665080376300).tasks#44
10:24:08.795 [main] DEBUG org.hibernate.orm.results.loading.entity - (EntityResultInitializer) Created new entity instance [org.frcpm.models.Subsystem(959665080376300)#44] : 53117551
10:24:08.795 [main] DEBUG org.hibernate.orm.results - Extracted JDBC value [3] - [null]
10:24:08.795 [main] DEBUG org.hibernate.orm.results - Extracted JDBC value [1] - [null]
10:24:08.795 [main] DEBUG org.hibernate.orm.results - Extracted JDBC value [2] - [Test Task Subsystem]
10:24:08.795 [main] DEBUG org.hibernate.orm.results - Extracted JDBC value [4] - [NOT_STARTED]
10:24:08.795 [main] DEBUG org.hibernate.orm.results.loading.entity - (EntityResultInitializer) Done materializing entityInstance : org.frcpm.models.Subsystem(959665080376300)#44
10:24:08.795 [main] DEBUG org.hibernate.orm.results.loading - Calling top-level assembler (0 / 1) : org.hibernate.sql.results.graph.entity.internal.EntityAssembler@6b7072c3
10:24:08.795 [main] DEBUG org.hibernate.orm.results - Extracted JDBC value [0] - [45]
10:24:08.795 [main] DEBUG org.hibernate.orm.results.loading.entity - (EntityResultInitializer) Hydrated EntityKey (org.frcpm.models.Subsystem(959665080376300)): 45
10:24:08.795 [main] DEBUG org.hibernate.orm.results.loading.org.hibernate.orm.results.loading.collection - (DelayedCollectionInitializer) Current row collection key : org.frcpm.models.Subsystem(959665080376300).tasks#45
10:24:08.795 [main] DEBUG org.hibernate.orm.results.loading.entity - (EntityResultInitializer) Created new entity instance [org.frcpm.models.Subsystem(959665080376300)#45] : 553443331
10:24:08.795 [main] DEBUG org.hibernate.orm.results - Extracted JDBC value [3] - [null]
10:24:08.795 [main] DEBUG org.hibernate.orm.results - Extracted JDBC value [1] - [null]
10:24:08.795 [main] DEBUG org.hibernate.orm.results - Extracted JDBC value [2] - [Test Task Subsystem]
10:24:08.795 [main] DEBUG org.hibernate.orm.results - Extracted JDBC value [4] - [NOT_STARTED]
10:24:08.796 [main] DEBUG org.hibernate.orm.results.loading.entity - (EntityResultInitializer) Done materializing entityInstance : org.frcpm.models.Subsystem(959665080376300)#45
10:24:08.796 [main] DEBUG org.hibernate.orm.results.loading - Calling top-level assembler (0 / 1) : org.hibernate.sql.results.graph.entity.internal.EntityAssembler@6b7072c3
10:24:08.796 [main] DEBUG org.hibernate.orm.results - Extracted JDBC value [0] - [46]
10:24:08.796 [main] DEBUG org.hibernate.orm.results.loading.entity - (EntityResultInitializer) Hydrated EntityKey (org.frcpm.models.Subsystem(959665080376300)): 46
10:24:08.796 [main] DEBUG org.hibernate.orm.results.loading.org.hibernate.orm.results.loading.collection - (DelayedCollectionInitializer) Current row collection key : org.frcpm.models.Subsystem(959665080376300).tasks#46
10:24:08.796 [main] DEBUG org.hibernate.orm.results.loading.entity - (EntityResultInitializer) Created new entity instance [org.frcpm.models.Subsystem(959665080376300)#46] : 336879403
10:24:08.796 [main] DEBUG org.hibernate.orm.results - Extracted JDBC value [3] - [null]
10:24:08.796 [main] DEBUG org.hibernate.orm.results - Extracted JDBC value [1] - [null]
10:24:08.796 [main] DEBUG org.hibernate.orm.results - Extracted JDBC value [2] - [Test Task Subsystem]
10:24:08.796 [main] DEBUG org.hibernate.orm.results - Extracted JDBC value [4] - [NOT_STARTED]
10:24:08.796 [main] DEBUG org.hibernate.orm.results.loading.entity - (EntityResultInitializer) Done materializing entityInstance : org.frcpm.models.Subsystem(959665080376300)#46
10:24:08.796 [main] DEBUG org.hibernate.orm.results.loading - Calling top-level assembler (0 / 1) : org.hibernate.sql.results.graph.entity.internal.EntityAssembler@6b7072c3
10:24:08.796 [main] DEBUG org.hibernate.orm.results - Extracted JDBC value [0] - [47]
10:24:08.796 [main] DEBUG org.hibernate.orm.results.loading.entity - (EntityResultInitializer) Hydrated EntityKey (org.frcpm.models.Subsystem(959665080376300)): 47
10:24:08.796 [main] DEBUG org.hibernate.orm.results.loading.org.hibernate.orm.results.loading.collection - (DelayedCollectionInitializer) Current row collection key : org.frcpm.models.Subsystem(959665080376300).tasks#47
10:24:08.796 [main] DEBUG org.hibernate.orm.results.loading.entity - (EntityResultInitializer) Created new entity instance [org.frcpm.models.Subsystem(959665080376300)#47] : 1517766493
10:24:08.796 [main] DEBUG org.hibernate.orm.results - Extracted JDBC value [3] - [null]
10:24:08.796 [main] DEBUG org.hibernate.orm.results - Extracted JDBC value [1] - [null]
10:24:08.796 [main] DEBUG org.hibernate.orm.results - Extracted JDBC value [2] - [Test Task Subsystem]
10:24:08.796 [main] DEBUG org.hibernate.orm.results - Extracted JDBC value [4] - [NOT_STARTED]
10:24:08.796 [main] DEBUG org.hibernate.orm.results.loading.entity - (EntityResultInitializer) Done materializing entityInstance : org.frcpm.models.Subsystem(959665080376300)#47
10:24:08.796 [main] DEBUG org.hibernate.orm.results.loading - Calling top-level assembler (0 / 1) : org.hibernate.sql.results.graph.entity.internal.EntityAssembler@6b7072c3
10:24:08.796 [main] DEBUG org.hibernate.orm.results - Extracted JDBC value [0] - [48]
10:24:08.796 [main] DEBUG org.hibernate.orm.results.loading.entity - (EntityResultInitializer) Hydrated EntityKey (org.frcpm.models.Subsystem(959665080376300)): 48
10:24:08.796 [main] DEBUG org.hibernate.orm.results.loading.org.hibernate.orm.results.loading.collection - (DelayedCollectionInitializer) Current row collection key : org.frcpm.models.Subsystem(959665080376300).tasks#48
10:24:08.796 [main] DEBUG org.hibernate.orm.results.loading.entity - (EntityResultInitializer) Created new entity instance [org.frcpm.models.Subsystem(959665080376300)#48] : 2078801733
10:24:08.796 [main] DEBUG org.hibernate.orm.results - Extracted JDBC value [3] - [null]
10:24:08.796 [main] DEBUG org.hibernate.orm.results - Extracted JDBC value [1] - [null]
10:24:08.796 [main] DEBUG org.hibernate.orm.results - Extracted JDBC value [2] - [Test Task Subsystem]
10:24:08.796 [main] DEBUG org.hibernate.orm.results - Extracted JDBC value [4] - [NOT_STARTED]
10:24:08.796 [main] DEBUG org.hibernate.orm.results.loading.entity - (EntityResultInitializer) Done materializing entityInstance : org.frcpm.models.Subsystem(959665080376300)#48
10:24:08.796 [main] DEBUG org.hibernate.orm.results.loading - Calling top-level assembler (0 / 1) : org.hibernate.sql.results.graph.entity.internal.EntityAssembler@6b7072c3
10:24:08.796 [main] DEBUG org.hibernate.orm.results - Extracted JDBC value [0] - [49]
10:24:08.796 [main] DEBUG org.hibernate.orm.results.loading.entity - (EntityResultInitializer) Hydrated EntityKey (org.frcpm.models.Subsystem(959665080376300)): 49
10:24:08.796 [main] DEBUG org.hibernate.orm.results.loading.org.hibernate.orm.results.loading.collection - (DelayedCollectionInitializer) Current row collection key : org.frcpm.models.Subsystem(959665080376300).tasks#49
10:24:08.796 [main] DEBUG org.hibernate.orm.results.loading.entity - (EntityResultInitializer) Created new entity instance [org.frcpm.models.Subsystem(959665080376300)#49] : 1685710582
10:24:08.796 [main] DEBUG org.hibernate.orm.results - Extracted JDBC value [3] - [null]
10:24:08.796 [main] DEBUG org.hibernate.orm.results - Extracted JDBC value [1] - [null]
10:24:08.796 [main] DEBUG org.hibernate.orm.results - Extracted JDBC value [2] - [Test Task Subsystem]
10:24:08.796 [main] DEBUG org.hibernate.orm.results - Extracted JDBC value [4] - [NOT_STARTED]
10:24:08.796 [main] DEBUG org.hibernate.orm.results.loading.entity - (EntityResultInitializer) Done materializing entityInstance : org.frcpm.models.Subsystem(959665080376300)#49
10:24:08.796 [main] DEBUG org.hibernate.orm.results.loading - Calling top-level assembler (0 / 1) : org.hibernate.sql.results.graph.entity.internal.EntityAssembler@6b7072c3
10:24:08.796 [main] DEBUG org.hibernate.orm.results - Extracted JDBC value [0] - [50]
10:24:08.796 [main] DEBUG org.hibernate.orm.results.loading.entity - (EntityResultInitializer) Hydrated EntityKey (org.frcpm.models.Subsystem(959665080376300)): 50
10:24:08.796 [main] DEBUG org.hibernate.orm.results.loading.org.hibernate.orm.results.loading.collection - (DelayedCollectionInitializer) Current row collection key : org.frcpm.models.Subsystem(959665080376300).tasks#50
10:24:08.796 [main] DEBUG org.hibernate.orm.results.loading.entity - (EntityResultInitializer) Created new entity instance [org.frcpm.models.Subsystem(959665080376300)#50] : 232198008
10:24:08.796 [main] DEBUG org.hibernate.orm.results - Extracted JDBC value [3] - [null]
10:24:08.796 [main] DEBUG org.hibernate.orm.results - Extracted JDBC value [1] - [null]
10:24:08.796 [main] DEBUG org.hibernate.orm.results - Extracted JDBC value [2] - [Test Task Subsystem]
10:24:08.796 [main] DEBUG org.hibernate.orm.results - Extracted JDBC value [4] - [NOT_STARTED]
10:24:08.796 [main] DEBUG org.hibernate.orm.results.loading.entity - (EntityResultInitializer) Done materializing entityInstance : org.frcpm.models.Subsystem(959665080376300)#50
10:24:08.796 [main] DEBUG org.hibernate.orm.results.loading - Calling top-level assembler (0 / 1) : org.hibernate.sql.results.graph.entity.internal.EntityAssembler@6b7072c3
10:24:08.796 [main] DEBUG org.hibernate.orm.results - Extracted JDBC value [0] - [51]
10:24:08.796 [main] DEBUG org.hibernate.orm.results.loading.entity - (EntityResultInitializer) Hydrated EntityKey (org.frcpm.models.Subsystem(959665080376300)): 51
10:24:08.796 [main] DEBUG org.hibernate.orm.results.loading.org.hibernate.orm.results.loading.collection - (DelayedCollectionInitializer) Current row collection key : org.frcpm.models.Subsystem(959665080376300).tasks#51
10:24:08.796 [main] DEBUG org.hibernate.orm.results.loading.entity - (EntityResultInitializer) Created new entity instance [org.frcpm.models.Subsystem(959665080376300)#51] : 48629688
10:24:08.796 [main] DEBUG org.hibernate.orm.results - Extracted JDBC value [3] - [null]
10:24:08.796 [main] DEBUG org.hibernate.orm.results - Extracted JDBC value [1] - [null]
10:24:08.796 [main] DEBUG org.hibernate.orm.results - Extracted JDBC value [2] - [Test Task Subsystem]
10:24:08.796 [main] DEBUG org.hibernate.orm.results - Extracted JDBC value [4] - [NOT_STARTED]
10:24:08.796 [main] DEBUG org.hibernate.orm.results.loading.entity - (EntityResultInitializer) Done materializing entityInstance : org.frcpm.models.Subsystem(959665080376300)#51
10:24:08.796 [main] DEBUG org.hibernate.orm.results.loading - Calling top-level assembler (0 / 1) : org.hibernate.sql.results.graph.entity.internal.EntityAssembler@6b7072c3
10:24:08.796 [main] DEBUG org.hibernate.orm.results - Extracted JDBC value [0] - [52]
10:24:08.796 [main] DEBUG org.hibernate.orm.results.loading.entity - (EntityResultInitializer) Hydrated EntityKey (org.frcpm.models.Subsystem(959665080376300)): 52
10:24:08.796 [main] DEBUG org.hibernate.orm.results.loading.org.hibernate.orm.results.loading.collection - (DelayedCollectionInitializer) Current row collection key : org.frcpm.models.Subsystem(959665080376300).tasks#52
10:24:08.796 [main] DEBUG org.hibernate.orm.results.loading.entity - (EntityResultInitializer) Created new entity instance [org.frcpm.models.Subsystem(959665080376300)#52] : 136880058
10:24:08.796 [main] DEBUG org.hibernate.orm.results - Extracted JDBC value [3] - [null]
10:24:08.796 [main] DEBUG org.hibernate.orm.results - Extracted JDBC value [1] - [null]
10:24:08.796 [main] DEBUG org.hibernate.orm.results - Extracted JDBC value [2] - [Test Task Subsystem]
10:24:08.796 [main] DEBUG org.hibernate.orm.results - Extracted JDBC value [4] - [NOT_STARTED]
10:24:08.796 [main] DEBUG org.hibernate.orm.results.loading.entity - (EntityResultInitializer) Done materializing entityInstance : org.frcpm.models.Subsystem(959665080376300)#52
10:24:08.796 [main] DEBUG org.hibernate.orm.results.loading - Calling top-level assembler (0 / 1) : org.hibernate.sql.results.graph.entity.internal.EntityAssembler@6b7072c3
10:24:08.796 [main] DEBUG org.hibernate.orm.results - Extracted JDBC value [0] - [53]
10:24:08.796 [main] DEBUG org.hibernate.orm.results.loading.entity - (EntityResultInitializer) Hydrated EntityKey (org.frcpm.models.Subsystem(959665080376300)): 53
10:24:08.796 [main] DEBUG org.hibernate.orm.results.loading.org.hibernate.orm.results.loading.collection - (DelayedCollectionInitializer) Current row collection key : org.frcpm.models.Subsystem(959665080376300).tasks#53
10:24:08.796 [main] DEBUG org.hibernate.orm.results.loading.entity - (EntityResultInitializer) Created new entity instance [org.frcpm.models.Subsystem(959665080376300)#53] : 195202331
10:24:08.796 [main] DEBUG org.hibernate.orm.results - Extracted JDBC value [3] - [null]
10:24:08.796 [main] DEBUG org.hibernate.orm.results - Extracted JDBC value [1] - [null]
10:24:08.796 [main] DEBUG org.hibernate.orm.results - Extracted JDBC value [2] - [Test Task Subsystem]
10:24:08.796 [main] DEBUG org.hibernate.orm.results - Extracted JDBC value [4] - [NOT_STARTED]
10:24:08.796 [main] DEBUG org.hibernate.orm.results.loading.entity - (EntityResultInitializer) Done materializing entityInstance : org.frcpm.models.Subsystem(959665080376300)#53
10:24:08.796 [main] DEBUG org.hibernate.orm.results.loading - Calling top-level assembler (0 / 1) : org.hibernate.sql.results.graph.entity.internal.EntityAssembler@6b7072c3
10:24:08.796 [main] DEBUG org.hibernate.orm.results - Extracted JDBC value [0] - [54]
10:24:08.796 [main] DEBUG org.hibernate.orm.results.loading.entity - (EntityResultInitializer) Hydrated EntityKey (org.frcpm.models.Subsystem(959665080376300)): 54
10:24:08.796 [main] DEBUG org.hibernate.orm.results.loading.org.hibernate.orm.results.loading.collection - (DelayedCollectionInitializer) Current row collection key : org.frcpm.models.Subsystem(959665080376300).tasks#54
10:24:08.796 [main] DEBUG org.hibernate.orm.results.loading.entity - (EntityResultInitializer) Created new entity instance [org.frcpm.models.Subsystem(959665080376300)#54] : 1969606205
10:24:08.796 [main] DEBUG org.hibernate.orm.results - Extracted JDBC value [3] - [null]
10:24:08.796 [main] DEBUG org.hibernate.orm.results - Extracted JDBC value [1] - [null]
10:24:08.796 [main] DEBUG org.hibernate.orm.results - Extracted JDBC value [2] - [Test Task Subsystem]
10:24:08.796 [main] DEBUG org.hibernate.orm.results - Extracted JDBC value [4] - [NOT_STARTED]
10:24:08.796 [main] DEBUG org.hibernate.orm.results.loading.entity - (EntityResultInitializer) Done materializing entityInstance : org.frcpm.models.Subsystem(959665080376300)#54
10:24:08.796 [main] DEBUG org.hibernate.orm.results.loading - Calling top-level assembler (0 / 1) : org.hibernate.sql.results.graph.entity.internal.EntityAssembler@6b7072c3
10:24:08.796 [main] DEBUG org.hibernate.orm.results - Extracted JDBC value [0] - [55]
10:24:08.796 [main] DEBUG org.hibernate.orm.results.loading.entity - (EntityResultInitializer) Hydrated EntityKey (org.frcpm.models.Subsystem(959665080376300)): 55
10:24:08.796 [main] DEBUG org.hibernate.orm.results.loading.org.hibernate.orm.results.loading.collection - (DelayedCollectionInitializer) Current row collection key : org.frcpm.models.Subsystem(959665080376300).tasks#55
10:24:08.796 [main] DEBUG org.hibernate.orm.results.loading.entity - (EntityResultInitializer) Created new entity instance [org.frcpm.models.Subsystem(959665080376300)#55] : 262986467
10:24:08.796 [main] DEBUG org.hibernate.orm.results - Extracted JDBC value [3] - [null]
10:24:08.796 [main] DEBUG org.hibernate.orm.results - Extracted JDBC value [1] - [null]
10:24:08.796 [main] DEBUG org.hibernate.orm.results - Extracted JDBC value [2] - [Test Task Subsystem]
10:24:08.796 [main] DEBUG org.hibernate.orm.results - Extracted JDBC value [4] - [NOT_STARTED]
10:24:08.796 [main] DEBUG org.hibernate.orm.results.loading.entity - (EntityResultInitializer) Done materializing entityInstance : org.frcpm.models.Subsystem(959665080376300)#55
10:24:08.796 [main] DEBUG org.hibernate.orm.results.loading - Calling top-level assembler (0 / 1) : org.hibernate.sql.results.graph.entity.internal.EntityAssembler@6b7072c3
10:24:08.796 [main] DEBUG org.hibernate.orm.results - Extracted JDBC value [0] - [56]
10:24:08.796 [main] DEBUG org.hibernate.orm.results.loading.entity - (EntityResultInitializer) Hydrated EntityKey (org.frcpm.models.Subsystem(959665080376300)): 56
10:24:08.796 [main] DEBUG org.hibernate.orm.results.loading.org.hibernate.orm.results.loading.collection - (DelayedCollectionInitializer) Current row collection key : org.frcpm.models.Subsystem(959665080376300).tasks#56
10:24:08.797 [main] DEBUG org.hibernate.orm.results.loading.entity - (EntityResultInitializer) Created new entity instance [org.frcpm.models.Subsystem(959665080376300)#56] : 257653523
10:24:08.797 [main] DEBUG org.hibernate.orm.results - Extracted JDBC value [3] - [null]
10:24:08.797 [main] DEBUG org.hibernate.orm.results - Extracted JDBC value [1] - [null]
10:24:08.797 [main] DEBUG org.hibernate.orm.results - Extracted JDBC value [2] - [Test Task Subsystem]
10:24:08.797 [main] DEBUG org.hibernate.orm.results - Extracted JDBC value [4] - [NOT_STARTED]
10:24:08.797 [main] DEBUG org.hibernate.orm.results.loading.entity - (EntityResultInitializer) Done materializing entityInstance : org.frcpm.models.Subsystem(959665080376300)#56
10:24:08.797 [main] DEBUG org.hibernate.orm.results.loading - Calling top-level assembler (0 / 1) : org.hibernate.sql.results.graph.entity.internal.EntityAssembler@6b7072c3
10:24:08.797 [main] DEBUG org.hibernate.orm.results - Extracted JDBC value [0] - [66]
10:24:08.797 [main] DEBUG org.hibernate.orm.results.loading.entity - (EntityResultInitializer) Hydrated EntityKey (org.frcpm.models.Subsystem(959665080376300)): 66
10:24:08.797 [main] DEBUG org.hibernate.orm.results.loading.org.hibernate.orm.results.loading.collection - (DelayedCollectionInitializer) Current row collection key : org.frcpm.models.Subsystem(959665080376300).tasks#66
10:24:08.797 [main] DEBUG org.hibernate.orm.results.loading.entity - (EntityResultInitializer) Created new entity instance [org.frcpm.models.Subsystem(959665080376300)#66] : 1020775060
10:24:08.797 [main] DEBUG org.hibernate.orm.results - Extracted JDBC value [3] - [null]
10:24:08.797 [main] DEBUG org.hibernate.orm.results - Extracted JDBC value [1] - [Test subsystem for component tests]
10:24:08.797 [main] DEBUG org.hibernate.orm.results - Extracted JDBC value [2] - [Component Test Subsystem]
10:24:08.797 [main] DEBUG org.hibernate.orm.results - Extracted JDBC value [4] - [NOT_STARTED]
10:24:08.797 [main] DEBUG org.hibernate.orm.results.loading.entity - (EntityResultInitializer) Done materializing entityInstance : org.frcpm.models.Subsystem(959665080376300)#66
10:24:08.797 [main] DEBUG org.hibernate.orm.results.loading - Calling top-level assembler (0 / 1) : org.hibernate.sql.results.graph.entity.internal.EntityAssembler@6b7072c3
10:24:08.797 [main] DEBUG org.hibernate.resource.jdbc.internal.LogicalConnectionManagedImpl - Initiating JDBC connection release from afterTransaction
10:24:08.797 [main] DEBUG org.hibernate.resource.jdbc.internal.LogicalConnectionManagedImpl - Initiating JDBC connection release from afterTransaction
10:24:08.799 [main] DEBUG org.hibernate.orm.sql.ast.create - Created new SQL alias : s1_0
10:24:08.799 [main] DEBUG org.hibernate.orm.sql.ast.create - Registration of TableGroup [StandardTableGroup(org.frcpm.models.Subteam(959665084219700))] with identifierForTableGroup [org.frcpm.models.Subteam] for NavigablePath [org.frcpm.models.Subteam] 
10:24:08.799 [main] DEBUG org.hibernate.orm.results.graph.AST - DomainResult Graph:
 \-EntityResultImpl [org.frcpm.models.Subteam(959665084219700)]
 |  +-BasicFetch [org.frcpm.models.Subteam(959665084219700).colorCode]
 |  +-DelayedCollectionFetch [org.frcpm.models.Subteam(959665084219700).members]
 |  +-BasicFetch [org.frcpm.models.Subteam(959665084219700).name]
 |  +-BasicFetch [org.frcpm.models.Subteam(959665084219700).specialties]
 |  \-DelayedCollectionFetch [org.frcpm.models.Subteam(959665084219700).subsystems]

10:24:08.799 [main] DEBUG org.hibernate.orm.sql.ast.tree - SQL AST Tree:
    SelectStatement {
      FromClause {
        StandardTableGroup (s1 : org.frcpm.models.Subteam(959665084219700)) {
          primaryTableReference : subteams as s1_0
        }
      }
    }

10:24:08.800 [main] DEBUG org.hibernate.orm.sql.exec - Skipping reading Query result cache data: cache-enabled = false, cache-mode = NORMAL
10:24:08.800 [main] DEBUG org.hibernate.orm.results - Initializer list:
	  org.frcpm.models.Subteam(959665084219700).members -> DelayedCollectionInitializer(org.frcpm.models.Subteam(959665084219700).members)@234458729 (PluralAttribute(org.frcpm.models.Subteam.members))
	  org.frcpm.models.Subteam(959665084219700).subsystems -> DelayedCollectionInitializer(org.frcpm.models.Subteam(959665084219700).subsystems)@16431391 (PluralAttribute(org.frcpm.models.Subteam.subsystems))
	  org.frcpm.models.Subteam(959665084219700) -> EntityResultInitializer(org.frcpm.models.Subteam(959665084219700))@14302379 (SingleTableEntityPersister(org.frcpm.models.Subteam))

10:24:08.800 [main] DEBUG org.hibernate.SQL - select s1_0.id,s1_0.color_code,s1_0.name,s1_0.specialties from subteams s1_0
10:24:08.801 [main] DEBUG org.hibernate.orm.results - Extracted JDBC value [0] - [1]
10:24:08.801 [main] DEBUG org.hibernate.orm.results.loading.entity - (EntityResultInitializer) Hydrated EntityKey (org.frcpm.models.Subteam(959665084219700)): 1
10:24:08.801 [main] DEBUG org.hibernate.orm.results.loading.org.hibernate.orm.results.loading.collection - (DelayedCollectionInitializer) Current row collection key : org.frcpm.models.Subteam(959665084219700).members#1
10:24:08.801 [main] DEBUG org.hibernate.orm.results.loading.org.hibernate.orm.results.loading.collection - (DelayedCollectionInitializer) Current row collection key : org.frcpm.models.Subteam(959665084219700).subsystems#1
10:24:08.801 [main] DEBUG org.hibernate.orm.results.loading.entity - (EntityResultInitializer) Created new entity instance [org.frcpm.models.Subteam(959665084219700)#1] : 1532850496
10:24:08.801 [main] DEBUG org.hibernate.orm.results - Extracted JDBC value [1] - [#FF5733]
10:24:08.801 [main] DEBUG org.hibernate.orm.results - Extracted JDBC value [2] - [Mechanical]
10:24:08.801 [main] DEBUG org.hibernate.orm.results - Extracted JDBC value [3] - [Design, CAD, Fabrication, Assembly]
10:24:08.802 [main] DEBUG org.hibernate.orm.results.loading.entity - (EntityResultInitializer) Done materializing entityInstance : org.frcpm.models.Subteam(959665084219700)#1
10:24:08.802 [main] DEBUG org.hibernate.orm.results.loading - Calling top-level assembler (0 / 1) : org.hibernate.sql.results.graph.entity.internal.EntityAssembler@11c98558
10:24:08.802 [main] DEBUG org.hibernate.orm.results - Extracted JDBC value [0] - [2]
10:24:08.802 [main] DEBUG org.hibernate.orm.results.loading.entity - (EntityResultInitializer) Hydrated EntityKey (org.frcpm.models.Subteam(959665084219700)): 2
10:24:08.802 [main] DEBUG org.hibernate.orm.results.loading.org.hibernate.orm.results.loading.collection - (DelayedCollectionInitializer) Current row collection key : org.frcpm.models.Subteam(959665084219700).members#2
10:24:08.802 [main] DEBUG org.hibernate.orm.results.loading.org.hibernate.orm.results.loading.collection - (DelayedCollectionInitializer) Current row collection key : org.frcpm.models.Subteam(959665084219700).subsystems#2
10:24:08.802 [main] DEBUG org.hibernate.orm.results.loading.entity - (EntityResultInitializer) Created new entity instance [org.frcpm.models.Subteam(959665084219700)#2] : 556675408
10:24:08.802 [main] DEBUG org.hibernate.orm.results - Extracted JDBC value [1] - [#33A8FF]
10:24:08.802 [main] DEBUG org.hibernate.orm.results - Extracted JDBC value [2] - [Electrical]
10:24:08.802 [main] DEBUG org.hibernate.orm.results - Extracted JDBC value [3] - [Wiring, Electronics, Sensors, Power Systems]
10:24:08.802 [main] DEBUG org.hibernate.orm.results.loading.entity - (EntityResultInitializer) Done materializing entityInstance : org.frcpm.models.Subteam(959665084219700)#2
10:24:08.802 [main] DEBUG org.hibernate.orm.results.loading - Calling top-level assembler (0 / 1) : org.hibernate.sql.results.graph.entity.internal.EntityAssembler@11c98558
10:24:08.802 [main] DEBUG org.hibernate.orm.results - Extracted JDBC value [0] - [3]
10:24:08.802 [main] DEBUG org.hibernate.orm.results.loading.entity - (EntityResultInitializer) Hydrated EntityKey (org.frcpm.models.Subteam(959665084219700)): 3
10:24:08.802 [main] DEBUG org.hibernate.orm.results.loading.org.hibernate.orm.results.loading.collection - (DelayedCollectionInitializer) Current row collection key : org.frcpm.models.Subteam(959665084219700).members#3
10:24:08.802 [main] DEBUG org.hibernate.orm.results.loading.org.hibernate.orm.results.loading.collection - (DelayedCollectionInitializer) Current row collection key : org.frcpm.models.Subteam(959665084219700).subsystems#3
10:24:08.802 [main] DEBUG org.hibernate.orm.results.loading.entity - (EntityResultInitializer) Created new entity instance [org.frcpm.models.Subteam(959665084219700)#3] : 1002544445
10:24:08.802 [main] DEBUG org.hibernate.orm.results - Extracted JDBC value [1] - [#33FF57]
10:24:08.802 [main] DEBUG org.hibernate.orm.results - Extracted JDBC value [2] - [Programming]
10:24:08.802 [main] DEBUG org.hibernate.orm.results - Extracted JDBC value [3] - [Java, Vision, Control Systems, Autonomous]
10:24:08.802 [main] DEBUG org.hibernate.orm.results.loading.entity - (EntityResultInitializer) Done materializing entityInstance : org.frcpm.models.Subteam(959665084219700)#3
10:24:08.802 [main] DEBUG org.hibernate.orm.results.loading - Calling top-level assembler (0 / 1) : org.hibernate.sql.results.graph.entity.internal.EntityAssembler@11c98558
10:24:08.802 [main] DEBUG org.hibernate.orm.results - Extracted JDBC value [0] - [4]
10:24:08.802 [main] DEBUG org.hibernate.orm.results.loading.entity - (EntityResultInitializer) Hydrated EntityKey (org.frcpm.models.Subteam(959665084219700)): 4
10:24:08.803 [main] DEBUG org.hibernate.orm.results.loading.org.hibernate.orm.results.loading.collection - (DelayedCollectionInitializer) Current row collection key : org.frcpm.models.Subteam(959665084219700).members#4
10:24:08.803 [main] DEBUG org.hibernate.orm.results.loading.org.hibernate.orm.results.loading.collection - (DelayedCollectionInitializer) Current row collection key : org.frcpm.models.Subteam(959665084219700).subsystems#4
10:24:08.803 [main] DEBUG org.hibernate.orm.results.loading.entity - (EntityResultInitializer) Created new entity instance [org.frcpm.models.Subteam(959665084219700)#4] : 1242647123
10:24:08.803 [main] DEBUG org.hibernate.orm.results - Extracted JDBC value [1] - [#FF33A8]
10:24:08.803 [main] DEBUG org.hibernate.orm.results - Extracted JDBC value [2] - [Business]
10:24:08.803 [main] DEBUG org.hibernate.orm.results - Extracted JDBC value [3] - [Fundraising, Marketing, Outreach, Awards]
10:24:08.803 [main] DEBUG org.hibernate.orm.results.loading.entity - (EntityResultInitializer) Done materializing entityInstance : org.frcpm.models.Subteam(959665084219700)#4
10:24:08.803 [main] DEBUG org.hibernate.orm.results.loading - Calling top-level assembler (0 / 1) : org.hibernate.sql.results.graph.entity.internal.EntityAssembler@11c98558
10:24:08.803 [main] DEBUG org.hibernate.orm.results - Extracted JDBC value [0] - [24]
10:24:08.803 [main] DEBUG org.hibernate.orm.results.loading.entity - (EntityResultInitializer) Hydrated EntityKey (org.frcpm.models.Subteam(959665084219700)): 24
10:24:08.803 [main] DEBUG org.hibernate.orm.results.loading.org.hibernate.orm.results.loading.collection - (DelayedCollectionInitializer) Current row collection key : org.frcpm.models.Subteam(959665084219700).members#24
10:24:08.803 [main] DEBUG org.hibernate.orm.results.loading.org.hibernate.orm.results.loading.collection - (DelayedCollectionInitializer) Current row collection key : org.frcpm.models.Subteam(959665084219700).subsystems#24
10:24:08.803 [main] DEBUG org.hibernate.orm.results.loading.entity - (EntityResultInitializer) Created new entity instance [org.frcpm.models.Subteam(959665084219700)#24] : 429051494
10:24:08.803 [main] DEBUG org.hibernate.orm.results - Extracted JDBC value [1] - [#0000FF]
10:24:08.803 [main] DEBUG org.hibernate.orm.results - Extracted JDBC value [2] - [Test Count Subteam]
10:24:08.803 [main] DEBUG org.hibernate.orm.results - Extracted JDBC value [3] - [null]
10:24:08.803 [main] DEBUG org.hibernate.orm.results.loading.entity - (EntityResultInitializer) Done materializing entityInstance : org.frcpm.models.Subteam(959665084219700)#24
10:24:08.803 [main] DEBUG org.hibernate.orm.results.loading - Calling top-level assembler (0 / 1) : org.hibernate.sql.results.graph.entity.internal.EntityAssembler@11c98558
10:24:08.803 [main] DEBUG org.hibernate.orm.results - Extracted JDBC value [0] - [27]
10:24:08.803 [main] DEBUG org.hibernate.orm.results.loading.entity - (EntityResultInitializer) Hydrated EntityKey (org.frcpm.models.Subteam(959665084219700)): 27
10:24:08.803 [main] DEBUG org.hibernate.orm.results.loading.org.hibernate.orm.results.loading.collection - (DelayedCollectionInitializer) Current row collection key : org.frcpm.models.Subteam(959665084219700).members#27
10:24:08.803 [main] DEBUG org.hibernate.orm.results.loading.org.hibernate.orm.results.loading.collection - (DelayedCollectionInitializer) Current row collection key : org.frcpm.models.Subteam(959665084219700).subsystems#27
10:24:08.803 [main] DEBUG org.hibernate.orm.results.loading.entity - (EntityResultInitializer) Created new entity instance [org.frcpm.models.Subteam(959665084219700)#27] : 1633890169
10:24:08.803 [main] DEBUG org.hibernate.orm.results - Extracted JDBC value [1] - [#0000FF]
10:24:08.803 [main] DEBUG org.hibernate.orm.results - Extracted JDBC value [2] - [Test Save Subteam]
10:24:08.803 [main] DEBUG org.hibernate.orm.results - Extracted JDBC value [3] - [Testing]
10:24:08.803 [main] DEBUG org.hibernate.orm.results.loading.entity - (EntityResultInitializer) Done materializing entityInstance : org.frcpm.models.Subteam(959665084219700)#27
10:24:08.803 [main] DEBUG org.hibernate.orm.results.loading - Calling top-level assembler (0 / 1) : org.hibernate.sql.results.graph.entity.internal.EntityAssembler@11c98558
10:24:08.803 [main] DEBUG org.hibernate.orm.results - Extracted JDBC value [0] - [42]
10:24:08.803 [main] DEBUG org.hibernate.orm.results.loading.entity - (EntityResultInitializer) Hydrated EntityKey (org.frcpm.models.Subteam(959665084219700)): 42
10:24:08.803 [main] DEBUG org.hibernate.orm.results.loading.org.hibernate.orm.results.loading.collection - (DelayedCollectionInitializer) Current row collection key : org.frcpm.models.Subteam(959665084219700).members#42
10:24:08.803 [main] DEBUG org.hibernate.orm.results.loading.org.hibernate.orm.results.loading.collection - (DelayedCollectionInitializer) Current row collection key : org.frcpm.models.Subteam(959665084219700).subsystems#42
10:24:08.803 [main] DEBUG org.hibernate.orm.results.loading.entity - (EntityResultInitializer) Created new entity instance [org.frcpm.models.Subteam(959665084219700)#42] : 1852900317
10:24:08.803 [main] DEBUG org.hibernate.orm.results - Extracted JDBC value [1] - [#00FFFF]
10:24:08.803 [main] DEBUG org.hibernate.orm.results - Extracted JDBC value [2] - [Updated Subteam Name]
10:24:08.803 [main] DEBUG org.hibernate.orm.results - Extracted JDBC value [3] - [null]
10:24:08.803 [main] DEBUG org.hibernate.orm.results.loading.entity - (EntityResultInitializer) Done materializing entityInstance : org.frcpm.models.Subteam(959665084219700)#42
10:24:08.803 [main] DEBUG org.hibernate.orm.results.loading - Calling top-level assembler (0 / 1) : org.hibernate.sql.results.graph.entity.internal.EntityAssembler@11c98558
10:24:08.803 [main] DEBUG org.hibernate.orm.results - Extracted JDBC value [0] - [67]
10:24:08.803 [main] DEBUG org.hibernate.orm.results.loading.entity - (EntityResultInitializer) Hydrated EntityKey (org.frcpm.models.Subteam(959665084219700)): 67
10:24:08.803 [main] DEBUG org.hibernate.orm.results.loading.org.hibernate.orm.results.loading.collection - (DelayedCollectionInitializer) Current row collection key : org.frcpm.models.Subteam(959665084219700).members#67
10:24:08.803 [main] DEBUG org.hibernate.orm.results.loading.org.hibernate.orm.results.loading.collection - (DelayedCollectionInitializer) Current row collection key : org.frcpm.models.Subteam(959665084219700).subsystems#67
10:24:08.803 [main] DEBUG org.hibernate.orm.results.loading.entity - (EntityResultInitializer) Created new entity instance [org.frcpm.models.Subteam(959665084219700)#67] : 1639296014
10:24:08.804 [main] DEBUG org.hibernate.orm.results - Extracted JDBC value [1] - [#0000FF]
10:24:08.804 [main] DEBUG org.hibernate.orm.results - Extracted JDBC value [2] - [Test Create Service Subteam]
10:24:08.804 [main] DEBUG org.hibernate.orm.results - Extracted JDBC value [3] - [Testing, Quality Assurance]
10:24:08.804 [main] DEBUG org.hibernate.orm.results.loading.entity - (EntityResultInitializer) Done materializing entityInstance : org.frcpm.models.Subteam(959665084219700)#67
10:24:08.804 [main] DEBUG org.hibernate.orm.results.loading - Calling top-level assembler (0 / 1) : org.hibernate.sql.results.graph.entity.internal.EntityAssembler@11c98558
10:24:08.804 [main] DEBUG org.hibernate.orm.results - Extracted JDBC value [0] - [70]
10:24:08.804 [main] DEBUG org.hibernate.orm.results.loading.entity - (EntityResultInitializer) Hydrated EntityKey (org.frcpm.models.Subteam(959665084219700)): 70
10:24:08.804 [main] DEBUG org.hibernate.orm.results.loading.org.hibernate.orm.results.loading.collection - (DelayedCollectionInitializer) Current row collection key : org.frcpm.models.Subteam(959665084219700).members#70
10:24:08.804 [main] DEBUG org.hibernate.orm.results.loading.org.hibernate.orm.results.loading.collection - (DelayedCollectionInitializer) Current row collection key : org.frcpm.models.Subteam(959665084219700).subsystems#70
10:24:08.804 [main] DEBUG org.hibernate.orm.results.loading.entity - (EntityResultInitializer) Created new entity instance [org.frcpm.models.Subteam(959665084219700)#70] : 1700287488
10:24:08.804 [main] DEBUG org.hibernate.orm.results - Extracted JDBC value [1] - [#00FFFF]
10:24:08.804 [main] DEBUG org.hibernate.orm.results - Extracted JDBC value [2] - [Test Color Update Subteam]
10:24:08.804 [main] DEBUG org.hibernate.orm.results - Extracted JDBC value [3] - [Specialties]
10:24:08.804 [main] DEBUG org.hibernate.orm.results.loading.entity - (EntityResultInitializer) Done materializing entityInstance : org.frcpm.models.Subteam(959665084219700)#70
10:24:08.804 [main] DEBUG org.hibernate.orm.results.loading - Calling top-level assembler (0 / 1) : org.hibernate.sql.results.graph.entity.internal.EntityAssembler@11c98558
10:24:08.804 [main] DEBUG org.hibernate.orm.results - Extracted JDBC value [0] - [79]
10:24:08.804 [main] DEBUG org.hibernate.orm.results.loading.entity - (EntityResultInitializer) Hydrated EntityKey (org.frcpm.models.Subteam(959665084219700)): 79
10:24:08.804 [main] DEBUG org.hibernate.orm.results.loading.org.hibernate.orm.results.loading.collection - (DelayedCollectionInitializer) Current row collection key : org.frcpm.models.Subteam(959665084219700).members#79
10:24:08.804 [main] DEBUG org.hibernate.orm.results.loading.org.hibernate.orm.results.loading.collection - (DelayedCollectionInitializer) Current row collection key : org.frcpm.models.Subteam(959665084219700).subsystems#79
10:24:08.804 [main] DEBUG org.hibernate.orm.results.loading.entity - (EntityResultInitializer) Created new entity instance [org.frcpm.models.Subteam(959665084219700)#79] : 274457305
10:24:08.804 [main] DEBUG org.hibernate.orm.results - Extracted JDBC value [1] - [#0000FF]
10:24:08.804 [main] DEBUG org.hibernate.orm.results - Extracted JDBC value [2] - [Test Update Subteam]
10:24:08.804 [main] DEBUG org.hibernate.orm.results - Extracted JDBC value [3] - [Updated Specialties]
10:24:08.804 [main] DEBUG org.hibernate.orm.results.loading.entity - (EntityResultInitializer) Done materializing entityInstance : org.frcpm.models.Subteam(959665084219700)#79
10:24:08.804 [main] DEBUG org.hibernate.orm.results.loading - Calling top-level assembler (0 / 1) : org.hibernate.sql.results.graph.entity.internal.EntityAssembler@11c98558
10:24:08.804 [main] DEBUG org.hibernate.orm.results - Extracted JDBC value [0] - [87]
10:24:08.804 [main] DEBUG org.hibernate.orm.results.loading.entity - (EntityResultInitializer) Hydrated EntityKey (org.frcpm.models.Subteam(959665084219700)): 87
10:24:08.804 [main] DEBUG org.hibernate.orm.results.loading.org.hibernate.orm.results.loading.collection - (DelayedCollectionInitializer) Current row collection key : org.frcpm.models.Subteam(959665084219700).members#87
10:24:08.804 [main] DEBUG org.hibernate.orm.results.loading.org.hibernate.orm.results.loading.collection - (DelayedCollectionInitializer) Current row collection key : org.frcpm.models.Subteam(959665084219700).subsystems#87
10:24:08.804 [main] DEBUG org.hibernate.orm.results.loading.entity - (EntityResultInitializer) Created new entity instance [org.frcpm.models.Subteam(959665084219700)#87] : 52495444
10:24:08.804 [main] DEBUG org.hibernate.orm.results - Extracted JDBC value [1] - [#0000FF]
10:24:08.804 [main] DEBUG org.hibernate.orm.results - Extracted JDBC value [2] - [Duplicate Name Subteam]
10:24:08.804 [main] DEBUG org.hibernate.orm.results - Extracted JDBC value [3] - [Specialties]
10:24:08.804 [main] DEBUG org.hibernate.orm.results.loading.entity - (EntityResultInitializer) Done materializing entityInstance : org.frcpm.models.Subteam(959665084219700)#87
10:24:08.804 [main] DEBUG org.hibernate.orm.results.loading - Calling top-level assembler (0 / 1) : org.hibernate.sql.results.graph.entity.internal.EntityAssembler@11c98558
10:24:08.804 [main] DEBUG org.hibernate.resource.jdbc.internal.LogicalConnectionManagedImpl - Initiating JDBC connection release from afterTransaction
10:24:08.804 [main] DEBUG org.hibernate.resource.jdbc.internal.LogicalConnectionManagedImpl - Initiating JDBC connection release from afterTransaction
]]></system-out>
  </testcase>
  <testcase name="testGetViewModel" classname="org.frcpm.controllers.SubsystemControllerTest" time="0.014">
    <system-out><![CDATA[10:24:08.810 [main] DEBUG org.hibernate.orm.sql.ast.create - Created new SQL alias : s1_0
10:24:08.810 [main] DEBUG org.hibernate.orm.sql.ast.create - Registration of TableGroup [StandardTableGroup(org.frcpm.models.Subsystem(959665096865600))] with identifierForTableGroup [org.frcpm.models.Subsystem] for NavigablePath [org.frcpm.models.Subsystem] 
10:24:08.810 [main] DEBUG org.hibernate.orm.sql.ast.create - Registration of TableGroup [org.hibernate.sql.ast.tree.from.LazyTableGroup@7d64da06] with identifierForTableGroup [org.frcpm.models.Subsystem.responsibleSubteam] for NavigablePath [org.frcpm.models.Subsystem.responsibleSubteam] 
10:24:08.811 [main] DEBUG org.hibernate.orm.results.graph.AST - DomainResult Graph:
 \-EntityResultImpl [org.frcpm.models.Subsystem(959665096865600)]
 |  +-BasicFetch [org.frcpm.models.Subsystem(959665096865600).description]
 |  +-BasicFetch [org.frcpm.models.Subsystem(959665096865600).name]
 |  +-CircularFetchImpl [org.frcpm.models.Subsystem(959665096865600).responsibleSubteam]
 |  +-BasicFetch [org.frcpm.models.Subsystem(959665096865600).status]
 |  \-DelayedCollectionFetch [org.frcpm.models.Subsystem(959665096865600).tasks]

10:24:08.811 [main] DEBUG org.hibernate.orm.sql.ast.tree - SQL AST Tree:
    SelectStatement {
      FromClause {
        StandardTableGroup (s1 : org.frcpm.models.Subsystem(959665096865600)) {
          primaryTableReference : subsystems as s1_0
          TableGroupJoins {
            left  join LazyTableGroup (rs1 : org.frcpm.models.Subsystem(959665096865600).responsibleSubteam) {
            }
          }
        }
      }
    }

10:24:08.811 [main] DEBUG org.hibernate.orm.sql.exec - Skipping reading Query result cache data: cache-enabled = false, cache-mode = NORMAL
10:24:08.811 [main] DEBUG org.hibernate.orm.results - Initializer list:
	  org.frcpm.models.Subsystem(959665096865600) -> EntityResultInitializer(org.frcpm.models.Subsystem(959665096865600))@1074830562 (SingleTableEntityPersister(org.frcpm.models.Subsystem))
	  org.frcpm.models.Subsystem(959665096865600).tasks -> DelayedCollectionInitializer(org.frcpm.models.Subsystem(959665096865600).tasks)@134041865 (PluralAttribute(org.frcpm.models.Subsystem.tasks))
	  org.frcpm.models.Subsystem(959665096865600).responsibleSubteam -> EntityDelayedFetchInitializer(org.frcpm.models.Subsystem(959665096865600).responsibleSubteam)@672807384 (ToOneAttributeMapping(NavigableRole[org.frcpm.models.Subsystem.responsibleSubteam])@135084207)

10:24:08.811 [main] DEBUG org.hibernate.SQL - select s1_0.id,s1_0.description,s1_0.name,s1_0.responsible_subteam_id,s1_0.status from subsystems s1_0
10:24:08.811 [main] DEBUG org.hibernate.orm.results - Extracted JDBC value [0] - [1]
10:24:08.811 [main] DEBUG org.hibernate.orm.results.loading.entity - (EntityResultInitializer) Hydrated EntityKey (org.frcpm.models.Subsystem(959665096865600)): 1
10:24:08.811 [main] DEBUG org.hibernate.orm.results.loading.org.hibernate.orm.results.loading.collection - (DelayedCollectionInitializer) Current row collection key : org.frcpm.models.Subsystem(959665096865600).tasks#1
10:24:08.811 [main] DEBUG org.hibernate.orm.results.loading.entity - (EntityResultInitializer) Created new entity instance [org.frcpm.models.Subsystem(959665096865600)#1] : 1516142047
10:24:08.811 [main] DEBUG org.hibernate.orm.results - Extracted JDBC value [3] - [1]
10:24:08.811 [main] DEBUG org.hibernate.orm.results - Extracted JDBC value [1] - [Robot movement and navigation system]
10:24:08.811 [main] DEBUG org.hibernate.orm.results - Extracted JDBC value [2] - [Drivetrain]
10:24:08.811 [main] DEBUG org.hibernate.orm.results - Extracted JDBC value [4] - [IN_PROGRESS]
10:24:08.811 [main] DEBUG org.hibernate.orm.results.loading.entity - (EntityResultInitializer) Done materializing entityInstance : org.frcpm.models.Subsystem(959665096865600)#1
10:24:08.811 [main] DEBUG org.hibernate.orm.results.loading - Calling top-level assembler (0 / 1) : org.hibernate.sql.results.graph.entity.internal.EntityAssembler@7b4ff136
10:24:08.811 [main] DEBUG org.hibernate.orm.results - Extracted JDBC value [0] - [2]
10:24:08.811 [main] DEBUG org.hibernate.orm.results.loading.entity - (EntityResultInitializer) Hydrated EntityKey (org.frcpm.models.Subsystem(959665096865600)): 2
10:24:08.813 [main] DEBUG org.hibernate.orm.results.loading.org.hibernate.orm.results.loading.collection - (DelayedCollectionInitializer) Current row collection key : org.frcpm.models.Subsystem(959665096865600).tasks#2
10:24:08.813 [main] DEBUG org.hibernate.orm.results.loading.entity - (EntityResultInitializer) Created new entity instance [org.frcpm.models.Subsystem(959665096865600)#2] : 2084024023
10:24:08.813 [main] DEBUG org.hibernate.orm.results - Extracted JDBC value [3] - [1]
10:24:08.813 [main] DEBUG org.hibernate.orm.results - Extracted JDBC value [1] - [Mechanism for collecting game pieces]
10:24:08.813 [main] DEBUG org.hibernate.orm.results - Extracted JDBC value [2] - [Intake]
10:24:08.813 [main] DEBUG org.hibernate.orm.results - Extracted JDBC value [4] - [NOT_STARTED]
10:24:08.813 [main] DEBUG org.hibernate.orm.results.loading.entity - (EntityResultInitializer) Done materializing entityInstance : org.frcpm.models.Subsystem(959665096865600)#2
10:24:08.813 [main] DEBUG org.hibernate.orm.results.loading - Calling top-level assembler (0 / 1) : org.hibernate.sql.results.graph.entity.internal.EntityAssembler@7b4ff136
10:24:08.813 [main] DEBUG org.hibernate.orm.results - Extracted JDBC value [0] - [3]
10:24:08.813 [main] DEBUG org.hibernate.orm.results.loading.entity - (EntityResultInitializer) Hydrated EntityKey (org.frcpm.models.Subsystem(959665096865600)): 3
10:24:08.813 [main] DEBUG org.hibernate.orm.results.loading.org.hibernate.orm.results.loading.collection - (DelayedCollectionInitializer) Current row collection key : org.frcpm.models.Subsystem(959665096865600).tasks#3
10:24:08.813 [main] DEBUG org.hibernate.orm.results.loading.entity - (EntityResultInitializer) Created new entity instance [org.frcpm.models.Subsystem(959665096865600)#3] : 1824117736
10:24:08.813 [main] DEBUG org.hibernate.orm.results - Extracted JDBC value [3] - [1]
10:24:08.813 [main] DEBUG org.hibernate.orm.results - Extracted JDBC value [1] - [Mechanism for scoring game pieces]
10:24:08.813 [main] DEBUG org.hibernate.orm.results - Extracted JDBC value [2] - [Shooter]
10:24:08.813 [main] DEBUG org.hibernate.orm.results - Extracted JDBC value [4] - [NOT_STARTED]
10:24:08.813 [main] DEBUG org.hibernate.orm.results.loading.entity - (EntityResultInitializer) Done materializing entityInstance : org.frcpm.models.Subsystem(959665096865600)#3
10:24:08.813 [main] DEBUG org.hibernate.orm.results.loading - Calling top-level assembler (0 / 1) : org.hibernate.sql.results.graph.entity.internal.EntityAssembler@7b4ff136
10:24:08.813 [main] DEBUG org.hibernate.orm.results - Extracted JDBC value [0] - [4]
10:24:08.813 [main] DEBUG org.hibernate.orm.results.loading.entity - (EntityResultInitializer) Hydrated EntityKey (org.frcpm.models.Subsystem(959665096865600)): 4
10:24:08.813 [main] DEBUG org.hibernate.orm.results.loading.org.hibernate.orm.results.loading.collection - (DelayedCollectionInitializer) Current row collection key : org.frcpm.models.Subsystem(959665096865600).tasks#4
10:24:08.813 [main] DEBUG org.hibernate.orm.results.loading.entity - (EntityResultInitializer) Created new entity instance [org.frcpm.models.Subsystem(959665096865600)#4] : 695931862
10:24:08.813 [main] DEBUG org.hibernate.orm.results - Extracted JDBC value [3] - [3]
10:24:08.813 [main] DEBUG org.hibernate.orm.results - Extracted JDBC value [1] - [Camera and processing system for targeting]
10:24:08.813 [main] DEBUG org.hibernate.orm.results - Extracted JDBC value [2] - [Vision]
10:24:08.813 [main] DEBUG org.hibernate.orm.results - Extracted JDBC value [4] - [NOT_STARTED]
10:24:08.813 [main] DEBUG org.hibernate.orm.results.loading.entity - (EntityResultInitializer) Done materializing entityInstance : org.frcpm.models.Subsystem(959665096865600)#4
10:24:08.813 [main] DEBUG org.hibernate.orm.results.loading - Calling top-level assembler (0 / 1) : org.hibernate.sql.results.graph.entity.internal.EntityAssembler@7b4ff136
10:24:08.813 [main] DEBUG org.hibernate.orm.results - Extracted JDBC value [0] - [5]
10:24:08.813 [main] DEBUG org.hibernate.orm.results.loading.entity - (EntityResultInitializer) Hydrated EntityKey (org.frcpm.models.Subsystem(959665096865600)): 5
10:24:08.813 [main] DEBUG org.hibernate.orm.results.loading.org.hibernate.orm.results.loading.collection - (DelayedCollectionInitializer) Current row collection key : org.frcpm.models.Subsystem(959665096865600).tasks#5
10:24:08.813 [main] DEBUG org.hibernate.orm.results.loading.entity - (EntityResultInitializer) Created new entity instance [org.frcpm.models.Subsystem(959665096865600)#5] : 709947471
10:24:08.813 [main] DEBUG org.hibernate.orm.results - Extracted JDBC value [3] - [2]
10:24:08.813 [main] DEBUG org.hibernate.orm.results - Extracted JDBC value [1] - [Wiring, electronics, and sensors]
10:24:08.813 [main] DEBUG org.hibernate.orm.results - Extracted JDBC value [2] - [Controls]
10:24:08.813 [main] DEBUG org.hibernate.orm.results - Extracted JDBC value [4] - [NOT_STARTED]
10:24:08.813 [main] DEBUG org.hibernate.orm.results.loading.entity - (EntityResultInitializer) Done materializing entityInstance : org.frcpm.models.Subsystem(959665096865600)#5
10:24:08.813 [main] DEBUG org.hibernate.orm.results.loading - Calling top-level assembler (0 / 1) : org.hibernate.sql.results.graph.entity.internal.EntityAssembler@7b4ff136
10:24:08.813 [main] DEBUG org.hibernate.orm.results - Extracted JDBC value [0] - [18]
10:24:08.813 [main] DEBUG org.hibernate.orm.results.loading.entity - (EntityResultInitializer) Hydrated EntityKey (org.frcpm.models.Subsystem(959665096865600)): 18
10:24:08.813 [main] DEBUG org.hibernate.orm.results.loading.org.hibernate.orm.results.loading.collection - (DelayedCollectionInitializer) Current row collection key : org.frcpm.models.Subsystem(959665096865600).tasks#18
10:24:08.813 [main] DEBUG org.hibernate.orm.results.loading.entity - (EntityResultInitializer) Created new entity instance [org.frcpm.models.Subsystem(959665096865600)#18] : 1774525051
10:24:08.813 [main] DEBUG org.hibernate.orm.results - Extracted JDBC value [3] - [null]
10:24:08.813 [main] DEBUG org.hibernate.orm.results - Extracted JDBC value [1] - [null]
10:24:08.813 [main] DEBUG org.hibernate.orm.results - Extracted JDBC value [2] - [Test Count Subsystem]
10:24:08.813 [main] DEBUG org.hibernate.orm.results - Extracted JDBC value [4] - [NOT_STARTED]
10:24:08.813 [main] DEBUG org.hibernate.orm.results.loading.entity - (EntityResultInitializer) Done materializing entityInstance : org.frcpm.models.Subsystem(959665096865600)#18
10:24:08.813 [main] DEBUG org.hibernate.orm.results.loading - Calling top-level assembler (0 / 1) : org.hibernate.sql.results.graph.entity.internal.EntityAssembler@7b4ff136
10:24:08.813 [main] DEBUG org.hibernate.orm.results - Extracted JDBC value [0] - [22]
10:24:08.813 [main] DEBUG org.hibernate.orm.results.loading.entity - (EntityResultInitializer) Hydrated EntityKey (org.frcpm.models.Subsystem(959665096865600)): 22
10:24:08.813 [main] DEBUG org.hibernate.orm.results.loading.org.hibernate.orm.results.loading.collection - (DelayedCollectionInitializer) Current row collection key : org.frcpm.models.Subsystem(959665096865600).tasks#22
10:24:08.813 [main] DEBUG org.hibernate.orm.results.loading.entity - (EntityResultInitializer) Created new entity instance [org.frcpm.models.Subsystem(959665096865600)#22] : 1852150893
10:24:08.813 [main] DEBUG org.hibernate.orm.results - Extracted JDBC value [3] - [null]
10:24:08.813 [main] DEBUG org.hibernate.orm.results - Extracted JDBC value [1] - [Save subsystem description]
10:24:08.813 [main] DEBUG org.hibernate.orm.results - Extracted JDBC value [2] - [Test Save Subsystem]
10:24:08.813 [main] DEBUG org.hibernate.orm.results - Extracted JDBC value [4] - [TESTING]
10:24:08.813 [main] DEBUG org.hibernate.orm.results.loading.entity - (EntityResultInitializer) Done materializing entityInstance : org.frcpm.models.Subsystem(959665096865600)#22
10:24:08.813 [main] DEBUG org.hibernate.orm.results.loading - Calling top-level assembler (0 / 1) : org.hibernate.sql.results.graph.entity.internal.EntityAssembler@7b4ff136
10:24:08.813 [main] DEBUG org.hibernate.orm.results - Extracted JDBC value [0] - [43]
10:24:08.813 [main] DEBUG org.hibernate.orm.results.loading.entity - (EntityResultInitializer) Hydrated EntityKey (org.frcpm.models.Subsystem(959665096865600)): 43
10:24:08.813 [main] DEBUG org.hibernate.orm.results.loading.org.hibernate.orm.results.loading.collection - (DelayedCollectionInitializer) Current row collection key : org.frcpm.models.Subsystem(959665096865600).tasks#43
10:24:08.813 [main] DEBUG org.hibernate.orm.results.loading.entity - (EntityResultInitializer) Created new entity instance [org.frcpm.models.Subsystem(959665096865600)#43] : 1032389880
10:24:08.813 [main] DEBUG org.hibernate.orm.results - Extracted JDBC value [3] - [null]
10:24:08.813 [main] DEBUG org.hibernate.orm.results - Extracted JDBC value [1] - [Updated description]
10:24:08.813 [main] DEBUG org.hibernate.orm.results - Extracted JDBC value [2] - [Updated Subsystem Name]
10:24:08.813 [main] DEBUG org.hibernate.orm.results - Extracted JDBC value [4] - [ISSUES]
10:24:08.813 [main] DEBUG org.hibernate.orm.results.loading.entity - (EntityResultInitializer) Done materializing entityInstance : org.frcpm.models.Subsystem(959665096865600)#43
10:24:08.813 [main] DEBUG org.hibernate.orm.results.loading - Calling top-level assembler (0 / 1) : org.hibernate.sql.results.graph.entity.internal.EntityAssembler@7b4ff136
10:24:08.813 [main] DEBUG org.hibernate.orm.results - Extracted JDBC value [0] - [44]
10:24:08.813 [main] DEBUG org.hibernate.orm.results.loading.entity - (EntityResultInitializer) Hydrated EntityKey (org.frcpm.models.Subsystem(959665096865600)): 44
10:24:08.813 [main] DEBUG org.hibernate.orm.results.loading.org.hibernate.orm.results.loading.collection - (DelayedCollectionInitializer) Current row collection key : org.frcpm.models.Subsystem(959665096865600).tasks#44
10:24:08.813 [main] DEBUG org.hibernate.orm.results.loading.entity - (EntityResultInitializer) Created new entity instance [org.frcpm.models.Subsystem(959665096865600)#44] : 1781829273
10:24:08.813 [main] DEBUG org.hibernate.orm.results - Extracted JDBC value [3] - [null]
10:24:08.813 [main] DEBUG org.hibernate.orm.results - Extracted JDBC value [1] - [null]
10:24:08.813 [main] DEBUG org.hibernate.orm.results - Extracted JDBC value [2] - [Test Task Subsystem]
10:24:08.813 [main] DEBUG org.hibernate.orm.results - Extracted JDBC value [4] - [NOT_STARTED]
10:24:08.813 [main] DEBUG org.hibernate.orm.results.loading.entity - (EntityResultInitializer) Done materializing entityInstance : org.frcpm.models.Subsystem(959665096865600)#44
10:24:08.813 [main] DEBUG org.hibernate.orm.results.loading - Calling top-level assembler (0 / 1) : org.hibernate.sql.results.graph.entity.internal.EntityAssembler@7b4ff136
10:24:08.813 [main] DEBUG org.hibernate.orm.results - Extracted JDBC value [0] - [45]
10:24:08.813 [main] DEBUG org.hibernate.orm.results.loading.entity - (EntityResultInitializer) Hydrated EntityKey (org.frcpm.models.Subsystem(959665096865600)): 45
10:24:08.813 [main] DEBUG org.hibernate.orm.results.loading.org.hibernate.orm.results.loading.collection - (DelayedCollectionInitializer) Current row collection key : org.frcpm.models.Subsystem(959665096865600).tasks#45
10:24:08.813 [main] DEBUG org.hibernate.orm.results.loading.entity - (EntityResultInitializer) Created new entity instance [org.frcpm.models.Subsystem(959665096865600)#45] : 365255349
10:24:08.813 [main] DEBUG org.hibernate.orm.results - Extracted JDBC value [3] - [null]
10:24:08.813 [main] DEBUG org.hibernate.orm.results - Extracted JDBC value [1] - [null]
10:24:08.813 [main] DEBUG org.hibernate.orm.results - Extracted JDBC value [2] - [Test Task Subsystem]
10:24:08.813 [main] DEBUG org.hibernate.orm.results - Extracted JDBC value [4] - [NOT_STARTED]
10:24:08.813 [main] DEBUG org.hibernate.orm.results.loading.entity - (EntityResultInitializer) Done materializing entityInstance : org.frcpm.models.Subsystem(959665096865600)#45
10:24:08.813 [main] DEBUG org.hibernate.orm.results.loading - Calling top-level assembler (0 / 1) : org.hibernate.sql.results.graph.entity.internal.EntityAssembler@7b4ff136
10:24:08.813 [main] DEBUG org.hibernate.orm.results - Extracted JDBC value [0] - [46]
10:24:08.813 [main] DEBUG org.hibernate.orm.results.loading.entity - (EntityResultInitializer) Hydrated EntityKey (org.frcpm.models.Subsystem(959665096865600)): 46
10:24:08.813 [main] DEBUG org.hibernate.orm.results.loading.org.hibernate.orm.results.loading.collection - (DelayedCollectionInitializer) Current row collection key : org.frcpm.models.Subsystem(959665096865600).tasks#46
10:24:08.813 [main] DEBUG org.hibernate.orm.results.loading.entity - (EntityResultInitializer) Created new entity instance [org.frcpm.models.Subsystem(959665096865600)#46] : 1985916951
10:24:08.813 [main] DEBUG org.hibernate.orm.results - Extracted JDBC value [3] - [null]
10:24:08.813 [main] DEBUG org.hibernate.orm.results - Extracted JDBC value [1] - [null]
10:24:08.813 [main] DEBUG org.hibernate.orm.results - Extracted JDBC value [2] - [Test Task Subsystem]
10:24:08.813 [main] DEBUG org.hibernate.orm.results - Extracted JDBC value [4] - [NOT_STARTED]
10:24:08.813 [main] DEBUG org.hibernate.orm.results.loading.entity - (EntityResultInitializer) Done materializing entityInstance : org.frcpm.models.Subsystem(959665096865600)#46
10:24:08.813 [main] DEBUG org.hibernate.orm.results.loading - Calling top-level assembler (0 / 1) : org.hibernate.sql.results.graph.entity.internal.EntityAssembler@7b4ff136
10:24:08.813 [main] DEBUG org.hibernate.orm.results - Extracted JDBC value [0] - [47]
10:24:08.813 [main] DEBUG org.hibernate.orm.results.loading.entity - (EntityResultInitializer) Hydrated EntityKey (org.frcpm.models.Subsystem(959665096865600)): 47
10:24:08.813 [main] DEBUG org.hibernate.orm.results.loading.org.hibernate.orm.results.loading.collection - (DelayedCollectionInitializer) Current row collection key : org.frcpm.models.Subsystem(959665096865600).tasks#47
10:24:08.813 [main] DEBUG org.hibernate.orm.results.loading.entity - (EntityResultInitializer) Created new entity instance [org.frcpm.models.Subsystem(959665096865600)#47] : 1478153883
10:24:08.813 [main] DEBUG org.hibernate.orm.results - Extracted JDBC value [3] - [null]
10:24:08.813 [main] DEBUG org.hibernate.orm.results - Extracted JDBC value [1] - [null]
10:24:08.813 [main] DEBUG org.hibernate.orm.results - Extracted JDBC value [2] - [Test Task Subsystem]
10:24:08.813 [main] DEBUG org.hibernate.orm.results - Extracted JDBC value [4] - [NOT_STARTED]
10:24:08.813 [main] DEBUG org.hibernate.orm.results.loading.entity - (EntityResultInitializer) Done materializing entityInstance : org.frcpm.models.Subsystem(959665096865600)#47
10:24:08.813 [main] DEBUG org.hibernate.orm.results.loading - Calling top-level assembler (0 / 1) : org.hibernate.sql.results.graph.entity.internal.EntityAssembler@7b4ff136
10:24:08.813 [main] DEBUG org.hibernate.orm.results - Extracted JDBC value [0] - [48]
10:24:08.813 [main] DEBUG org.hibernate.orm.results.loading.entity - (EntityResultInitializer) Hydrated EntityKey (org.frcpm.models.Subsystem(959665096865600)): 48
10:24:08.813 [main] DEBUG org.hibernate.orm.results.loading.org.hibernate.orm.results.loading.collection - (DelayedCollectionInitializer) Current row collection key : org.frcpm.models.Subsystem(959665096865600).tasks#48
10:24:08.813 [main] DEBUG org.hibernate.orm.results.loading.entity - (EntityResultInitializer) Created new entity instance [org.frcpm.models.Subsystem(959665096865600)#48] : 1713662155
10:24:08.813 [main] DEBUG org.hibernate.orm.results - Extracted JDBC value [3] - [null]
10:24:08.813 [main] DEBUG org.hibernate.orm.results - Extracted JDBC value [1] - [null]
10:24:08.813 [main] DEBUG org.hibernate.orm.results - Extracted JDBC value [2] - [Test Task Subsystem]
10:24:08.813 [main] DEBUG org.hibernate.orm.results - Extracted JDBC value [4] - [NOT_STARTED]
10:24:08.813 [main] DEBUG org.hibernate.orm.results.loading.entity - (EntityResultInitializer) Done materializing entityInstance : org.frcpm.models.Subsystem(959665096865600)#48
10:24:08.813 [main] DEBUG org.hibernate.orm.results.loading - Calling top-level assembler (0 / 1) : org.hibernate.sql.results.graph.entity.internal.EntityAssembler@7b4ff136
10:24:08.813 [main] DEBUG org.hibernate.orm.results - Extracted JDBC value [0] - [49]
10:24:08.813 [main] DEBUG org.hibernate.orm.results.loading.entity - (EntityResultInitializer) Hydrated EntityKey (org.frcpm.models.Subsystem(959665096865600)): 49
10:24:08.813 [main] DEBUG org.hibernate.orm.results.loading.org.hibernate.orm.results.loading.collection - (DelayedCollectionInitializer) Current row collection key : org.frcpm.models.Subsystem(959665096865600).tasks#49
10:24:08.813 [main] DEBUG org.hibernate.orm.results.loading.entity - (EntityResultInitializer) Created new entity instance [org.frcpm.models.Subsystem(959665096865600)#49] : 641649995
10:24:08.813 [main] DEBUG org.hibernate.orm.results - Extracted JDBC value [3] - [null]
10:24:08.813 [main] DEBUG org.hibernate.orm.results - Extracted JDBC value [1] - [null]
10:24:08.813 [main] DEBUG org.hibernate.orm.results - Extracted JDBC value [2] - [Test Task Subsystem]
10:24:08.813 [main] DEBUG org.hibernate.orm.results - Extracted JDBC value [4] - [NOT_STARTED]
10:24:08.813 [main] DEBUG org.hibernate.orm.results.loading.entity - (EntityResultInitializer) Done materializing entityInstance : org.frcpm.models.Subsystem(959665096865600)#49
10:24:08.813 [main] DEBUG org.hibernate.orm.results.loading - Calling top-level assembler (0 / 1) : org.hibernate.sql.results.graph.entity.internal.EntityAssembler@7b4ff136
10:24:08.813 [main] DEBUG org.hibernate.orm.results - Extracted JDBC value [0] - [50]
10:24:08.813 [main] DEBUG org.hibernate.orm.results.loading.entity - (EntityResultInitializer) Hydrated EntityKey (org.frcpm.models.Subsystem(959665096865600)): 50
10:24:08.813 [main] DEBUG org.hibernate.orm.results.loading.org.hibernate.orm.results.loading.collection - (DelayedCollectionInitializer) Current row collection key : org.frcpm.models.Subsystem(959665096865600).tasks#50
10:24:08.813 [main] DEBUG org.hibernate.orm.results.loading.entity - (EntityResultInitializer) Created new entity instance [org.frcpm.models.Subsystem(959665096865600)#50] : 1264290361
10:24:08.813 [main] DEBUG org.hibernate.orm.results - Extracted JDBC value [3] - [null]
10:24:08.813 [main] DEBUG org.hibernate.orm.results - Extracted JDBC value [1] - [null]
10:24:08.813 [main] DEBUG org.hibernate.orm.results - Extracted JDBC value [2] - [Test Task Subsystem]
10:24:08.813 [main] DEBUG org.hibernate.orm.results - Extracted JDBC value [4] - [NOT_STARTED]
10:24:08.813 [main] DEBUG org.hibernate.orm.results.loading.entity - (EntityResultInitializer) Done materializing entityInstance : org.frcpm.models.Subsystem(959665096865600)#50
10:24:08.813 [main] DEBUG org.hibernate.orm.results.loading - Calling top-level assembler (0 / 1) : org.hibernate.sql.results.graph.entity.internal.EntityAssembler@7b4ff136
10:24:08.813 [main] DEBUG org.hibernate.orm.results - Extracted JDBC value [0] - [51]
10:24:08.813 [main] DEBUG org.hibernate.orm.results.loading.entity - (EntityResultInitializer) Hydrated EntityKey (org.frcpm.models.Subsystem(959665096865600)): 51
10:24:08.813 [main] DEBUG org.hibernate.orm.results.loading.org.hibernate.orm.results.loading.collection - (DelayedCollectionInitializer) Current row collection key : org.frcpm.models.Subsystem(959665096865600).tasks#51
10:24:08.813 [main] DEBUG org.hibernate.orm.results.loading.entity - (EntityResultInitializer) Created new entity instance [org.frcpm.models.Subsystem(959665096865600)#51] : 1088194762
10:24:08.813 [main] DEBUG org.hibernate.orm.results - Extracted JDBC value [3] - [null]
10:24:08.813 [main] DEBUG org.hibernate.orm.results - Extracted JDBC value [1] - [null]
10:24:08.813 [main] DEBUG org.hibernate.orm.results - Extracted JDBC value [2] - [Test Task Subsystem]
10:24:08.813 [main] DEBUG org.hibernate.orm.results - Extracted JDBC value [4] - [NOT_STARTED]
10:24:08.813 [main] DEBUG org.hibernate.orm.results.loading.entity - (EntityResultInitializer) Done materializing entityInstance : org.frcpm.models.Subsystem(959665096865600)#51
10:24:08.813 [main] DEBUG org.hibernate.orm.results.loading - Calling top-level assembler (0 / 1) : org.hibernate.sql.results.graph.entity.internal.EntityAssembler@7b4ff136
10:24:08.813 [main] DEBUG org.hibernate.orm.results - Extracted JDBC value [0] - [52]
10:24:08.813 [main] DEBUG org.hibernate.orm.results.loading.entity - (EntityResultInitializer) Hydrated EntityKey (org.frcpm.models.Subsystem(959665096865600)): 52
10:24:08.813 [main] DEBUG org.hibernate.orm.results.loading.org.hibernate.orm.results.loading.collection - (DelayedCollectionInitializer) Current row collection key : org.frcpm.models.Subsystem(959665096865600).tasks#52
10:24:08.814 [main] DEBUG org.hibernate.orm.results.loading.entity - (EntityResultInitializer) Created new entity instance [org.frcpm.models.Subsystem(959665096865600)#52] : 1842314313
10:24:08.814 [main] DEBUG org.hibernate.orm.results - Extracted JDBC value [3] - [null]
10:24:08.814 [main] DEBUG org.hibernate.orm.results - Extracted JDBC value [1] - [null]
10:24:08.814 [main] DEBUG org.hibernate.orm.results - Extracted JDBC value [2] - [Test Task Subsystem]
10:24:08.814 [main] DEBUG org.hibernate.orm.results - Extracted JDBC value [4] - [NOT_STARTED]
10:24:08.814 [main] DEBUG org.hibernate.orm.results.loading.entity - (EntityResultInitializer) Done materializing entityInstance : org.frcpm.models.Subsystem(959665096865600)#52
10:24:08.814 [main] DEBUG org.hibernate.orm.results.loading - Calling top-level assembler (0 / 1) : org.hibernate.sql.results.graph.entity.internal.EntityAssembler@7b4ff136
10:24:08.814 [main] DEBUG org.hibernate.orm.results - Extracted JDBC value [0] - [53]
10:24:08.814 [main] DEBUG org.hibernate.orm.results.loading.entity - (EntityResultInitializer) Hydrated EntityKey (org.frcpm.models.Subsystem(959665096865600)): 53
10:24:08.814 [main] DEBUG org.hibernate.orm.results.loading.org.hibernate.orm.results.loading.collection - (DelayedCollectionInitializer) Current row collection key : org.frcpm.models.Subsystem(959665096865600).tasks#53
10:24:08.815 [main] DEBUG org.hibernate.orm.results.loading.entity - (EntityResultInitializer) Created new entity instance [org.frcpm.models.Subsystem(959665096865600)#53] : 574737150
10:24:08.816 [main] DEBUG org.hibernate.orm.results - Extracted JDBC value [3] - [null]
10:24:08.816 [main] DEBUG org.hibernate.orm.results - Extracted JDBC value [1] - [null]
10:24:08.816 [main] DEBUG org.hibernate.orm.results - Extracted JDBC value [2] - [Test Task Subsystem]
10:24:08.816 [main] DEBUG org.hibernate.orm.results - Extracted JDBC value [4] - [NOT_STARTED]
10:24:08.818 [main] DEBUG org.hibernate.orm.results.loading.entity - (EntityResultInitializer) Done materializing entityInstance : org.frcpm.models.Subsystem(959665096865600)#53
10:24:08.818 [main] DEBUG org.hibernate.orm.results.loading - Calling top-level assembler (0 / 1) : org.hibernate.sql.results.graph.entity.internal.EntityAssembler@7b4ff136
10:24:08.818 [main] DEBUG org.hibernate.orm.results - Extracted JDBC value [0] - [54]
10:24:08.818 [main] DEBUG org.hibernate.orm.results.loading.entity - (EntityResultInitializer) Hydrated EntityKey (org.frcpm.models.Subsystem(959665096865600)): 54
10:24:08.818 [main] DEBUG org.hibernate.orm.results.loading.org.hibernate.orm.results.loading.collection - (DelayedCollectionInitializer) Current row collection key : org.frcpm.models.Subsystem(959665096865600).tasks#54
10:24:08.818 [main] DEBUG org.hibernate.orm.results.loading.entity - (EntityResultInitializer) Created new entity instance [org.frcpm.models.Subsystem(959665096865600)#54] : 87144317
10:24:08.818 [main] DEBUG org.hibernate.orm.results - Extracted JDBC value [3] - [null]
10:24:08.818 [main] DEBUG org.hibernate.orm.results - Extracted JDBC value [1] - [null]
10:24:08.819 [main] DEBUG org.hibernate.orm.results - Extracted JDBC value [2] - [Test Task Subsystem]
10:24:08.819 [main] DEBUG org.hibernate.orm.results - Extracted JDBC value [4] - [NOT_STARTED]
10:24:08.819 [main] DEBUG org.hibernate.orm.results.loading.entity - (EntityResultInitializer) Done materializing entityInstance : org.frcpm.models.Subsystem(959665096865600)#54
10:24:08.819 [main] DEBUG org.hibernate.orm.results.loading - Calling top-level assembler (0 / 1) : org.hibernate.sql.results.graph.entity.internal.EntityAssembler@7b4ff136
10:24:08.819 [main] DEBUG org.hibernate.orm.results - Extracted JDBC value [0] - [55]
10:24:08.819 [main] DEBUG org.hibernate.orm.results.loading.entity - (EntityResultInitializer) Hydrated EntityKey (org.frcpm.models.Subsystem(959665096865600)): 55
10:24:08.819 [main] DEBUG org.hibernate.orm.results.loading.org.hibernate.orm.results.loading.collection - (DelayedCollectionInitializer) Current row collection key : org.frcpm.models.Subsystem(959665096865600).tasks#55
10:24:08.819 [main] DEBUG org.hibernate.orm.results.loading.entity - (EntityResultInitializer) Created new entity instance [org.frcpm.models.Subsystem(959665096865600)#55] : 1765012857
10:24:08.819 [main] DEBUG org.hibernate.orm.results - Extracted JDBC value [3] - [null]
10:24:08.819 [main] DEBUG org.hibernate.orm.results - Extracted JDBC value [1] - [null]
10:24:08.819 [main] DEBUG org.hibernate.orm.results - Extracted JDBC value [2] - [Test Task Subsystem]
10:24:08.819 [main] DEBUG org.hibernate.orm.results - Extracted JDBC value [4] - [NOT_STARTED]
10:24:08.819 [main] DEBUG org.hibernate.orm.results.loading.entity - (EntityResultInitializer) Done materializing entityInstance : org.frcpm.models.Subsystem(959665096865600)#55
10:24:08.819 [main] DEBUG org.hibernate.orm.results.loading - Calling top-level assembler (0 / 1) : org.hibernate.sql.results.graph.entity.internal.EntityAssembler@7b4ff136
10:24:08.819 [main] DEBUG org.hibernate.orm.results - Extracted JDBC value [0] - [56]
10:24:08.819 [main] DEBUG org.hibernate.orm.results.loading.entity - (EntityResultInitializer) Hydrated EntityKey (org.frcpm.models.Subsystem(959665096865600)): 56
10:24:08.819 [main] DEBUG org.hibernate.orm.results.loading.org.hibernate.orm.results.loading.collection - (DelayedCollectionInitializer) Current row collection key : org.frcpm.models.Subsystem(959665096865600).tasks#56
10:24:08.819 [main] DEBUG org.hibernate.orm.results.loading.entity - (EntityResultInitializer) Created new entity instance [org.frcpm.models.Subsystem(959665096865600)#56] : 1331088719
10:24:08.819 [main] DEBUG org.hibernate.orm.results - Extracted JDBC value [3] - [null]
10:24:08.819 [main] DEBUG org.hibernate.orm.results - Extracted JDBC value [1] - [null]
10:24:08.819 [main] DEBUG org.hibernate.orm.results - Extracted JDBC value [2] - [Test Task Subsystem]
10:24:08.819 [main] DEBUG org.hibernate.orm.results - Extracted JDBC value [4] - [NOT_STARTED]
10:24:08.819 [main] DEBUG org.hibernate.orm.results.loading.entity - (EntityResultInitializer) Done materializing entityInstance : org.frcpm.models.Subsystem(959665096865600)#56
10:24:08.819 [main] DEBUG org.hibernate.orm.results.loading - Calling top-level assembler (0 / 1) : org.hibernate.sql.results.graph.entity.internal.EntityAssembler@7b4ff136
10:24:08.819 [main] DEBUG org.hibernate.orm.results - Extracted JDBC value [0] - [66]
10:24:08.819 [main] DEBUG org.hibernate.orm.results.loading.entity - (EntityResultInitializer) Hydrated EntityKey (org.frcpm.models.Subsystem(959665096865600)): 66
10:24:08.819 [main] DEBUG org.hibernate.orm.results.loading.org.hibernate.orm.results.loading.collection - (DelayedCollectionInitializer) Current row collection key : org.frcpm.models.Subsystem(959665096865600).tasks#66
10:24:08.819 [main] DEBUG org.hibernate.orm.results.loading.entity - (EntityResultInitializer) Created new entity instance [org.frcpm.models.Subsystem(959665096865600)#66] : 1934957662
10:24:08.819 [main] DEBUG org.hibernate.orm.results - Extracted JDBC value [3] - [null]
10:24:08.819 [main] DEBUG org.hibernate.orm.results - Extracted JDBC value [1] - [Test subsystem for component tests]
10:24:08.819 [main] DEBUG org.hibernate.orm.results - Extracted JDBC value [2] - [Component Test Subsystem]
10:24:08.819 [main] DEBUG org.hibernate.orm.results - Extracted JDBC value [4] - [NOT_STARTED]
10:24:08.819 [main] DEBUG org.hibernate.orm.results.loading.entity - (EntityResultInitializer) Done materializing entityInstance : org.frcpm.models.Subsystem(959665096865600)#66
10:24:08.819 [main] DEBUG org.hibernate.orm.results.loading - Calling top-level assembler (0 / 1) : org.hibernate.sql.results.graph.entity.internal.EntityAssembler@7b4ff136
10:24:08.819 [main] DEBUG org.hibernate.resource.jdbc.internal.LogicalConnectionManagedImpl - Initiating JDBC connection release from afterTransaction
10:24:08.819 [main] DEBUG org.hibernate.resource.jdbc.internal.LogicalConnectionManagedImpl - Initiating JDBC connection release from afterTransaction
10:24:08.819 [main] DEBUG org.hibernate.orm.sql.ast.create - Created new SQL alias : s1_0
10:24:08.819 [main] DEBUG org.hibernate.orm.sql.ast.create - Registration of TableGroup [StandardTableGroup(org.frcpm.models.Subteam(959665105925800))] with identifierForTableGroup [org.frcpm.models.Subteam] for NavigablePath [org.frcpm.models.Subteam] 
10:24:08.820 [main] DEBUG org.hibernate.orm.results.graph.AST - DomainResult Graph:
 \-EntityResultImpl [org.frcpm.models.Subteam(959665105925800)]
 |  +-BasicFetch [org.frcpm.models.Subteam(959665105925800).colorCode]
 |  +-DelayedCollectionFetch [org.frcpm.models.Subteam(959665105925800).members]
 |  +-BasicFetch [org.frcpm.models.Subteam(959665105925800).name]
 |  +-BasicFetch [org.frcpm.models.Subteam(959665105925800).specialties]
 |  \-DelayedCollectionFetch [org.frcpm.models.Subteam(959665105925800).subsystems]

10:24:08.820 [main] DEBUG org.hibernate.orm.sql.ast.tree - SQL AST Tree:
    SelectStatement {
      FromClause {
        StandardTableGroup (s1 : org.frcpm.models.Subteam(959665105925800)) {
          primaryTableReference : subteams as s1_0
        }
      }
    }

10:24:08.820 [main] DEBUG org.hibernate.orm.sql.exec - Skipping reading Query result cache data: cache-enabled = false, cache-mode = NORMAL
10:24:08.820 [main] DEBUG org.hibernate.orm.results - Initializer list:
	  org.frcpm.models.Subteam(959665105925800) -> EntityResultInitializer(org.frcpm.models.Subteam(959665105925800))@1001304973 (SingleTableEntityPersister(org.frcpm.models.Subteam))
	  org.frcpm.models.Subteam(959665105925800).members -> DelayedCollectionInitializer(org.frcpm.models.Subteam(959665105925800).members)@1082464062 (PluralAttribute(org.frcpm.models.Subteam.members))
	  org.frcpm.models.Subteam(959665105925800).subsystems -> DelayedCollectionInitializer(org.frcpm.models.Subteam(959665105925800).subsystems)@43220286 (PluralAttribute(org.frcpm.models.Subteam.subsystems))

10:24:08.820 [main] DEBUG org.hibernate.SQL - select s1_0.id,s1_0.color_code,s1_0.name,s1_0.specialties from subteams s1_0
10:24:08.820 [main] DEBUG org.hibernate.orm.results - Extracted JDBC value [0] - [1]
10:24:08.820 [main] DEBUG org.hibernate.orm.results.loading.entity - (EntityResultInitializer) Hydrated EntityKey (org.frcpm.models.Subteam(959665105925800)): 1
10:24:08.820 [main] DEBUG org.hibernate.orm.results.loading.org.hibernate.orm.results.loading.collection - (DelayedCollectionInitializer) Current row collection key : org.frcpm.models.Subteam(959665105925800).members#1
10:24:08.820 [main] DEBUG org.hibernate.orm.results.loading.org.hibernate.orm.results.loading.collection - (DelayedCollectionInitializer) Current row collection key : org.frcpm.models.Subteam(959665105925800).subsystems#1
10:24:08.820 [main] DEBUG org.hibernate.orm.results.loading.entity - (EntityResultInitializer) Created new entity instance [org.frcpm.models.Subteam(959665105925800)#1] : 1777916780
10:24:08.820 [main] DEBUG org.hibernate.orm.results - Extracted JDBC value [1] - [#FF5733]
10:24:08.820 [main] DEBUG org.hibernate.orm.results - Extracted JDBC value [2] - [Mechanical]
10:24:08.820 [main] DEBUG org.hibernate.orm.results - Extracted JDBC value [3] - [Design, CAD, Fabrication, Assembly]
10:24:08.820 [main] DEBUG org.hibernate.orm.results.loading.entity - (EntityResultInitializer) Done materializing entityInstance : org.frcpm.models.Subteam(959665105925800)#1
10:24:08.820 [main] DEBUG org.hibernate.orm.results.loading - Calling top-level assembler (0 / 1) : org.hibernate.sql.results.graph.entity.internal.EntityAssembler@594b41df
10:24:08.820 [main] DEBUG org.hibernate.orm.results - Extracted JDBC value [0] - [2]
10:24:08.820 [main] DEBUG org.hibernate.orm.results.loading.entity - (EntityResultInitializer) Hydrated EntityKey (org.frcpm.models.Subteam(959665105925800)): 2
10:24:08.820 [main] DEBUG org.hibernate.orm.results.loading.org.hibernate.orm.results.loading.collection - (DelayedCollectionInitializer) Current row collection key : org.frcpm.models.Subteam(959665105925800).members#2
10:24:08.820 [main] DEBUG org.hibernate.orm.results.loading.org.hibernate.orm.results.loading.collection - (DelayedCollectionInitializer) Current row collection key : org.frcpm.models.Subteam(959665105925800).subsystems#2
10:24:08.820 [main] DEBUG org.hibernate.orm.results.loading.entity - (EntityResultInitializer) Created new entity instance [org.frcpm.models.Subteam(959665105925800)#2] : 1992806945
10:24:08.820 [main] DEBUG org.hibernate.orm.results - Extracted JDBC value [1] - [#33A8FF]
10:24:08.820 [main] DEBUG org.hibernate.orm.results - Extracted JDBC value [2] - [Electrical]
10:24:08.820 [main] DEBUG org.hibernate.orm.results - Extracted JDBC value [3] - [Wiring, Electronics, Sensors, Power Systems]
10:24:08.820 [main] DEBUG org.hibernate.orm.results.loading.entity - (EntityResultInitializer) Done materializing entityInstance : org.frcpm.models.Subteam(959665105925800)#2
10:24:08.820 [main] DEBUG org.hibernate.orm.results.loading - Calling top-level assembler (0 / 1) : org.hibernate.sql.results.graph.entity.internal.EntityAssembler@594b41df
10:24:08.820 [main] DEBUG org.hibernate.orm.results - Extracted JDBC value [0] - [3]
10:24:08.820 [main] DEBUG org.hibernate.orm.results.loading.entity - (EntityResultInitializer) Hydrated EntityKey (org.frcpm.models.Subteam(959665105925800)): 3
10:24:08.820 [main] DEBUG org.hibernate.orm.results.loading.org.hibernate.orm.results.loading.collection - (DelayedCollectionInitializer) Current row collection key : org.frcpm.models.Subteam(959665105925800).members#3
10:24:08.820 [main] DEBUG org.hibernate.orm.results.loading.org.hibernate.orm.results.loading.collection - (DelayedCollectionInitializer) Current row collection key : org.frcpm.models.Subteam(959665105925800).subsystems#3
10:24:08.820 [main] DEBUG org.hibernate.orm.results.loading.entity - (EntityResultInitializer) Created new entity instance [org.frcpm.models.Subteam(959665105925800)#3] : 2003006060
10:24:08.820 [main] DEBUG org.hibernate.orm.results - Extracted JDBC value [1] - [#33FF57]
10:24:08.820 [main] DEBUG org.hibernate.orm.results - Extracted JDBC value [2] - [Programming]
10:24:08.820 [main] DEBUG org.hibernate.orm.results - Extracted JDBC value [3] - [Java, Vision, Control Systems, Autonomous]
10:24:08.820 [main] DEBUG org.hibernate.orm.results.loading.entity - (EntityResultInitializer) Done materializing entityInstance : org.frcpm.models.Subteam(959665105925800)#3
10:24:08.820 [main] DEBUG org.hibernate.orm.results.loading - Calling top-level assembler (0 / 1) : org.hibernate.sql.results.graph.entity.internal.EntityAssembler@594b41df
10:24:08.820 [main] DEBUG org.hibernate.orm.results - Extracted JDBC value [0] - [4]
10:24:08.820 [main] DEBUG org.hibernate.orm.results.loading.entity - (EntityResultInitializer) Hydrated EntityKey (org.frcpm.models.Subteam(959665105925800)): 4
10:24:08.820 [main] DEBUG org.hibernate.orm.results.loading.org.hibernate.orm.results.loading.collection - (DelayedCollectionInitializer) Current row collection key : org.frcpm.models.Subteam(959665105925800).members#4
10:24:08.820 [main] DEBUG org.hibernate.orm.results.loading.org.hibernate.orm.results.loading.collection - (DelayedCollectionInitializer) Current row collection key : org.frcpm.models.Subteam(959665105925800).subsystems#4
10:24:08.820 [main] DEBUG org.hibernate.orm.results.loading.entity - (EntityResultInitializer) Created new entity instance [org.frcpm.models.Subteam(959665105925800)#4] : 1799043587
10:24:08.820 [main] DEBUG org.hibernate.orm.results - Extracted JDBC value [1] - [#FF33A8]
10:24:08.820 [main] DEBUG org.hibernate.orm.results - Extracted JDBC value [2] - [Business]
10:24:08.820 [main] DEBUG org.hibernate.orm.results - Extracted JDBC value [3] - [Fundraising, Marketing, Outreach, Awards]
10:24:08.820 [main] DEBUG org.hibernate.orm.results.loading.entity - (EntityResultInitializer) Done materializing entityInstance : org.frcpm.models.Subteam(959665105925800)#4
10:24:08.820 [main] DEBUG org.hibernate.orm.results.loading - Calling top-level assembler (0 / 1) : org.hibernate.sql.results.graph.entity.internal.EntityAssembler@594b41df
10:24:08.820 [main] DEBUG org.hibernate.orm.results - Extracted JDBC value [0] - [24]
10:24:08.820 [main] DEBUG org.hibernate.orm.results.loading.entity - (EntityResultInitializer) Hydrated EntityKey (org.frcpm.models.Subteam(959665105925800)): 24
10:24:08.820 [main] DEBUG org.hibernate.orm.results.loading.org.hibernate.orm.results.loading.collection - (DelayedCollectionInitializer) Current row collection key : org.frcpm.models.Subteam(959665105925800).members#24
10:24:08.820 [main] DEBUG org.hibernate.orm.results.loading.org.hibernate.orm.results.loading.collection - (DelayedCollectionInitializer) Current row collection key : org.frcpm.models.Subteam(959665105925800).subsystems#24
10:24:08.820 [main] DEBUG org.hibernate.orm.results.loading.entity - (EntityResultInitializer) Created new entity instance [org.frcpm.models.Subteam(959665105925800)#24] : 2005100060
10:24:08.820 [main] DEBUG org.hibernate.orm.results - Extracted JDBC value [1] - [#0000FF]
10:24:08.820 [main] DEBUG org.hibernate.orm.results - Extracted JDBC value [2] - [Test Count Subteam]
10:24:08.820 [main] DEBUG org.hibernate.orm.results - Extracted JDBC value [3] - [null]
10:24:08.820 [main] DEBUG org.hibernate.orm.results.loading.entity - (EntityResultInitializer) Done materializing entityInstance : org.frcpm.models.Subteam(959665105925800)#24
10:24:08.820 [main] DEBUG org.hibernate.orm.results.loading - Calling top-level assembler (0 / 1) : org.hibernate.sql.results.graph.entity.internal.EntityAssembler@594b41df
10:24:08.820 [main] DEBUG org.hibernate.orm.results - Extracted JDBC value [0] - [27]
10:24:08.820 [main] DEBUG org.hibernate.orm.results.loading.entity - (EntityResultInitializer) Hydrated EntityKey (org.frcpm.models.Subteam(959665105925800)): 27
10:24:08.821 [main] DEBUG org.hibernate.orm.results.loading.org.hibernate.orm.results.loading.collection - (DelayedCollectionInitializer) Current row collection key : org.frcpm.models.Subteam(959665105925800).members#27
10:24:08.821 [main] DEBUG org.hibernate.orm.results.loading.org.hibernate.orm.results.loading.collection - (DelayedCollectionInitializer) Current row collection key : org.frcpm.models.Subteam(959665105925800).subsystems#27
10:24:08.821 [main] DEBUG org.hibernate.orm.results.loading.entity - (EntityResultInitializer) Created new entity instance [org.frcpm.models.Subteam(959665105925800)#27] : 1676137378
10:24:08.821 [main] DEBUG org.hibernate.orm.results - Extracted JDBC value [1] - [#0000FF]
10:24:08.821 [main] DEBUG org.hibernate.orm.results - Extracted JDBC value [2] - [Test Save Subteam]
10:24:08.821 [main] DEBUG org.hibernate.orm.results - Extracted JDBC value [3] - [Testing]
10:24:08.821 [main] DEBUG org.hibernate.orm.results.loading.entity - (EntityResultInitializer) Done materializing entityInstance : org.frcpm.models.Subteam(959665105925800)#27
10:24:08.821 [main] DEBUG org.hibernate.orm.results.loading - Calling top-level assembler (0 / 1) : org.hibernate.sql.results.graph.entity.internal.EntityAssembler@594b41df
10:24:08.821 [main] DEBUG org.hibernate.orm.results - Extracted JDBC value [0] - [42]
10:24:08.821 [main] DEBUG org.hibernate.orm.results.loading.entity - (EntityResultInitializer) Hydrated EntityKey (org.frcpm.models.Subteam(959665105925800)): 42
10:24:08.821 [main] DEBUG org.hibernate.orm.results.loading.org.hibernate.orm.results.loading.collection - (DelayedCollectionInitializer) Current row collection key : org.frcpm.models.Subteam(959665105925800).members#42
10:24:08.821 [main] DEBUG org.hibernate.orm.results.loading.org.hibernate.orm.results.loading.collection - (DelayedCollectionInitializer) Current row collection key : org.frcpm.models.Subteam(959665105925800).subsystems#42
10:24:08.821 [main] DEBUG org.hibernate.orm.results.loading.entity - (EntityResultInitializer) Created new entity instance [org.frcpm.models.Subteam(959665105925800)#42] : 43411802
10:24:08.821 [main] DEBUG org.hibernate.orm.results - Extracted JDBC value [1] - [#00FFFF]
10:24:08.821 [main] DEBUG org.hibernate.orm.results - Extracted JDBC value [2] - [Updated Subteam Name]
10:24:08.821 [main] DEBUG org.hibernate.orm.results - Extracted JDBC value [3] - [null]
10:24:08.821 [main] DEBUG org.hibernate.orm.results.loading.entity - (EntityResultInitializer) Done materializing entityInstance : org.frcpm.models.Subteam(959665105925800)#42
10:24:08.821 [main] DEBUG org.hibernate.orm.results.loading - Calling top-level assembler (0 / 1) : org.hibernate.sql.results.graph.entity.internal.EntityAssembler@594b41df
10:24:08.821 [main] DEBUG org.hibernate.orm.results - Extracted JDBC value [0] - [67]
10:24:08.821 [main] DEBUG org.hibernate.orm.results.loading.entity - (EntityResultInitializer) Hydrated EntityKey (org.frcpm.models.Subteam(959665105925800)): 67
10:24:08.821 [main] DEBUG org.hibernate.orm.results.loading.org.hibernate.orm.results.loading.collection - (DelayedCollectionInitializer) Current row collection key : org.frcpm.models.Subteam(959665105925800).members#67
10:24:08.821 [main] DEBUG org.hibernate.orm.results.loading.org.hibernate.orm.results.loading.collection - (DelayedCollectionInitializer) Current row collection key : org.frcpm.models.Subteam(959665105925800).subsystems#67
10:24:08.821 [main] DEBUG org.hibernate.orm.results.loading.entity - (EntityResultInitializer) Created new entity instance [org.frcpm.models.Subteam(959665105925800)#67] : 1797717514
10:24:08.821 [main] DEBUG org.hibernate.orm.results - Extracted JDBC value [1] - [#0000FF]
10:24:08.821 [main] DEBUG org.hibernate.orm.results - Extracted JDBC value [2] - [Test Create Service Subteam]
10:24:08.821 [main] DEBUG org.hibernate.orm.results - Extracted JDBC value [3] - [Testing, Quality Assurance]
10:24:08.821 [main] DEBUG org.hibernate.orm.results.loading.entity - (EntityResultInitializer) Done materializing entityInstance : org.frcpm.models.Subteam(959665105925800)#67
10:24:08.821 [main] DEBUG org.hibernate.orm.results.loading - Calling top-level assembler (0 / 1) : org.hibernate.sql.results.graph.entity.internal.EntityAssembler@594b41df
10:24:08.821 [main] DEBUG org.hibernate.orm.results - Extracted JDBC value [0] - [70]
10:24:08.821 [main] DEBUG org.hibernate.orm.results.loading.entity - (EntityResultInitializer) Hydrated EntityKey (org.frcpm.models.Subteam(959665105925800)): 70
10:24:08.821 [main] DEBUG org.hibernate.orm.results.loading.org.hibernate.orm.results.loading.collection - (DelayedCollectionInitializer) Current row collection key : org.frcpm.models.Subteam(959665105925800).members#70
10:24:08.821 [main] DEBUG org.hibernate.orm.results.loading.org.hibernate.orm.results.loading.collection - (DelayedCollectionInitializer) Current row collection key : org.frcpm.models.Subteam(959665105925800).subsystems#70
10:24:08.821 [main] DEBUG org.hibernate.orm.results.loading.entity - (EntityResultInitializer) Created new entity instance [org.frcpm.models.Subteam(959665105925800)#70] : 124718754
10:24:08.821 [main] DEBUG org.hibernate.orm.results - Extracted JDBC value [1] - [#00FFFF]
10:24:08.821 [main] DEBUG org.hibernate.orm.results - Extracted JDBC value [2] - [Test Color Update Subteam]
10:24:08.821 [main] DEBUG org.hibernate.orm.results - Extracted JDBC value [3] - [Specialties]
10:24:08.821 [main] DEBUG org.hibernate.orm.results.loading.entity - (EntityResultInitializer) Done materializing entityInstance : org.frcpm.models.Subteam(959665105925800)#70
10:24:08.821 [main] DEBUG org.hibernate.orm.results.loading - Calling top-level assembler (0 / 1) : org.hibernate.sql.results.graph.entity.internal.EntityAssembler@594b41df
10:24:08.821 [main] DEBUG org.hibernate.orm.results - Extracted JDBC value [0] - [79]
10:24:08.821 [main] DEBUG org.hibernate.orm.results.loading.entity - (EntityResultInitializer) Hydrated EntityKey (org.frcpm.models.Subteam(959665105925800)): 79
10:24:08.821 [main] DEBUG org.hibernate.orm.results.loading.org.hibernate.orm.results.loading.collection - (DelayedCollectionInitializer) Current row collection key : org.frcpm.models.Subteam(959665105925800).members#79
10:24:08.821 [main] DEBUG org.hibernate.orm.results.loading.org.hibernate.orm.results.loading.collection - (DelayedCollectionInitializer) Current row collection key : org.frcpm.models.Subteam(959665105925800).subsystems#79
10:24:08.821 [main] DEBUG org.hibernate.orm.results.loading.entity - (EntityResultInitializer) Created new entity instance [org.frcpm.models.Subteam(959665105925800)#79] : 331610477
10:24:08.821 [main] DEBUG org.hibernate.orm.results - Extracted JDBC value [1] - [#0000FF]
10:24:08.821 [main] DEBUG org.hibernate.orm.results - Extracted JDBC value [2] - [Test Update Subteam]
10:24:08.821 [main] DEBUG org.hibernate.orm.results - Extracted JDBC value [3] - [Updated Specialties]
10:24:08.821 [main] DEBUG org.hibernate.orm.results.loading.entity - (EntityResultInitializer) Done materializing entityInstance : org.frcpm.models.Subteam(959665105925800)#79
10:24:08.821 [main] DEBUG org.hibernate.orm.results.loading - Calling top-level assembler (0 / 1) : org.hibernate.sql.results.graph.entity.internal.EntityAssembler@594b41df
10:24:08.821 [main] DEBUG org.hibernate.orm.results - Extracted JDBC value [0] - [87]
10:24:08.821 [main] DEBUG org.hibernate.orm.results.loading.entity - (EntityResultInitializer) Hydrated EntityKey (org.frcpm.models.Subteam(959665105925800)): 87
10:24:08.821 [main] DEBUG org.hibernate.orm.results.loading.org.hibernate.orm.results.loading.collection - (DelayedCollectionInitializer) Current row collection key : org.frcpm.models.Subteam(959665105925800).members#87
10:24:08.821 [main] DEBUG org.hibernate.orm.results.loading.org.hibernate.orm.results.loading.collection - (DelayedCollectionInitializer) Current row collection key : org.frcpm.models.Subteam(959665105925800).subsystems#87
10:24:08.821 [main] DEBUG org.hibernate.orm.results.loading.entity - (EntityResultInitializer) Created new entity instance [org.frcpm.models.Subteam(959665105925800)#87] : 583117520
10:24:08.821 [main] DEBUG org.hibernate.orm.results - Extracted JDBC value [1] - [#0000FF]
10:24:08.821 [main] DEBUG org.hibernate.orm.results - Extracted JDBC value [2] - [Duplicate Name Subteam]
10:24:08.821 [main] DEBUG org.hibernate.orm.results - Extracted JDBC value [3] - [Specialties]
10:24:08.821 [main] DEBUG org.hibernate.orm.results.loading.entity - (EntityResultInitializer) Done materializing entityInstance : org.frcpm.models.Subteam(959665105925800)#87
10:24:08.821 [main] DEBUG org.hibernate.orm.results.loading - Calling top-level assembler (0 / 1) : org.hibernate.sql.results.graph.entity.internal.EntityAssembler@594b41df
10:24:08.821 [main] DEBUG org.hibernate.resource.jdbc.internal.LogicalConnectionManagedImpl - Initiating JDBC connection release from afterTransaction
10:24:08.821 [main] DEBUG org.hibernate.resource.jdbc.internal.LogicalConnectionManagedImpl - Initiating JDBC connection release from afterTransaction
]]></system-out>
  </testcase>
  <testcase name="testInitExistingSubsystem" classname="org.frcpm.controllers.SubsystemControllerTest" time="0.007">
    <system-out><![CDATA[10:24:08.824 [main] DEBUG org.hibernate.orm.sql.ast.create - Created new SQL alias : s1_0
10:24:08.824 [main] DEBUG org.hibernate.orm.sql.ast.create - Registration of TableGroup [StandardTableGroup(org.frcpm.models.Subsystem(959665110874000))] with identifierForTableGroup [org.frcpm.models.Subsystem] for NavigablePath [org.frcpm.models.Subsystem] 
10:24:08.825 [main] DEBUG org.hibernate.orm.sql.ast.create - Registration of TableGroup [org.hibernate.sql.ast.tree.from.LazyTableGroup@5efcc5ed] with identifierForTableGroup [org.frcpm.models.Subsystem.responsibleSubteam] for NavigablePath [org.frcpm.models.Subsystem.responsibleSubteam] 
10:24:08.825 [main] DEBUG org.hibernate.orm.results.graph.AST - DomainResult Graph:
 \-EntityResultImpl [org.frcpm.models.Subsystem(959665110874000)]
 |  +-BasicFetch [org.frcpm.models.Subsystem(959665110874000).description]
 |  +-BasicFetch [org.frcpm.models.Subsystem(959665110874000).name]
 |  +-CircularFetchImpl [org.frcpm.models.Subsystem(959665110874000).responsibleSubteam]
 |  +-BasicFetch [org.frcpm.models.Subsystem(959665110874000).status]
 |  \-DelayedCollectionFetch [org.frcpm.models.Subsystem(959665110874000).tasks]

10:24:08.825 [main] DEBUG org.hibernate.orm.sql.ast.tree - SQL AST Tree:
    SelectStatement {
      FromClause {
        StandardTableGroup (s1 : org.frcpm.models.Subsystem(959665110874000)) {
          primaryTableReference : subsystems as s1_0
          TableGroupJoins {
            left  join LazyTableGroup (rs1 : org.frcpm.models.Subsystem(959665110874000).responsibleSubteam) {
            }
          }
        }
      }
    }

10:24:08.825 [main] DEBUG org.hibernate.orm.sql.exec - Skipping reading Query result cache data: cache-enabled = false, cache-mode = NORMAL
10:24:08.825 [main] DEBUG org.hibernate.orm.results - Initializer list:
	  org.frcpm.models.Subsystem(959665110874000) -> EntityResultInitializer(org.frcpm.models.Subsystem(959665110874000))@2020905921 (SingleTableEntityPersister(org.frcpm.models.Subsystem))
	  org.frcpm.models.Subsystem(959665110874000).tasks -> DelayedCollectionInitializer(org.frcpm.models.Subsystem(959665110874000).tasks)@532394553 (PluralAttribute(org.frcpm.models.Subsystem.tasks))
	  org.frcpm.models.Subsystem(959665110874000).responsibleSubteam -> EntityDelayedFetchInitializer(org.frcpm.models.Subsystem(959665110874000).responsibleSubteam)@1071299318 (ToOneAttributeMapping(NavigableRole[org.frcpm.models.Subsystem.responsibleSubteam])@135084207)

10:24:08.825 [main] DEBUG org.hibernate.SQL - select s1_0.id,s1_0.description,s1_0.name,s1_0.responsible_subteam_id,s1_0.status from subsystems s1_0
10:24:08.825 [main] DEBUG org.hibernate.orm.results - Extracted JDBC value [0] - [1]
10:24:08.825 [main] DEBUG org.hibernate.orm.results.loading.entity - (EntityResultInitializer) Hydrated EntityKey (org.frcpm.models.Subsystem(959665110874000)): 1
10:24:08.825 [main] DEBUG org.hibernate.orm.results.loading.org.hibernate.orm.results.loading.collection - (DelayedCollectionInitializer) Current row collection key : org.frcpm.models.Subsystem(959665110874000).tasks#1
10:24:08.825 [main] DEBUG org.hibernate.orm.results.loading.entity - (EntityResultInitializer) Created new entity instance [org.frcpm.models.Subsystem(959665110874000)#1] : 426764754
10:24:08.825 [main] DEBUG org.hibernate.orm.results - Extracted JDBC value [3] - [1]
10:24:08.825 [main] DEBUG org.hibernate.orm.results - Extracted JDBC value [1] - [Robot movement and navigation system]
10:24:08.825 [main] DEBUG org.hibernate.orm.results - Extracted JDBC value [2] - [Drivetrain]
10:24:08.825 [main] DEBUG org.hibernate.orm.results - Extracted JDBC value [4] - [IN_PROGRESS]
10:24:08.825 [main] DEBUG org.hibernate.orm.results.loading.entity - (EntityResultInitializer) Done materializing entityInstance : org.frcpm.models.Subsystem(959665110874000)#1
10:24:08.825 [main] DEBUG org.hibernate.orm.results.loading - Calling top-level assembler (0 / 1) : org.hibernate.sql.results.graph.entity.internal.EntityAssembler@7aaaf394
10:24:08.825 [main] DEBUG org.hibernate.orm.results - Extracted JDBC value [0] - [2]
10:24:08.825 [main] DEBUG org.hibernate.orm.results.loading.entity - (EntityResultInitializer) Hydrated EntityKey (org.frcpm.models.Subsystem(959665110874000)): 2
10:24:08.825 [main] DEBUG org.hibernate.orm.results.loading.org.hibernate.orm.results.loading.collection - (DelayedCollectionInitializer) Current row collection key : org.frcpm.models.Subsystem(959665110874000).tasks#2
10:24:08.825 [main] DEBUG org.hibernate.orm.results.loading.entity - (EntityResultInitializer) Created new entity instance [org.frcpm.models.Subsystem(959665110874000)#2] : 475813386
10:24:08.825 [main] DEBUG org.hibernate.orm.results - Extracted JDBC value [3] - [1]
10:24:08.825 [main] DEBUG org.hibernate.orm.results - Extracted JDBC value [1] - [Mechanism for collecting game pieces]
10:24:08.825 [main] DEBUG org.hibernate.orm.results - Extracted JDBC value [2] - [Intake]
10:24:08.825 [main] DEBUG org.hibernate.orm.results - Extracted JDBC value [4] - [NOT_STARTED]
10:24:08.825 [main] DEBUG org.hibernate.orm.results.loading.entity - (EntityResultInitializer) Done materializing entityInstance : org.frcpm.models.Subsystem(959665110874000)#2
10:24:08.825 [main] DEBUG org.hibernate.orm.results.loading - Calling top-level assembler (0 / 1) : org.hibernate.sql.results.graph.entity.internal.EntityAssembler@7aaaf394
10:24:08.825 [main] DEBUG org.hibernate.orm.results - Extracted JDBC value [0] - [3]
10:24:08.825 [main] DEBUG org.hibernate.orm.results.loading.entity - (EntityResultInitializer) Hydrated EntityKey (org.frcpm.models.Subsystem(959665110874000)): 3
10:24:08.825 [main] DEBUG org.hibernate.orm.results.loading.org.hibernate.orm.results.loading.collection - (DelayedCollectionInitializer) Current row collection key : org.frcpm.models.Subsystem(959665110874000).tasks#3
10:24:08.825 [main] DEBUG org.hibernate.orm.results.loading.entity - (EntityResultInitializer) Created new entity instance [org.frcpm.models.Subsystem(959665110874000)#3] : 1313839007
10:24:08.825 [main] DEBUG org.hibernate.orm.results - Extracted JDBC value [3] - [1]
10:24:08.825 [main] DEBUG org.hibernate.orm.results - Extracted JDBC value [1] - [Mechanism for scoring game pieces]
10:24:08.826 [main] DEBUG org.hibernate.orm.results - Extracted JDBC value [2] - [Shooter]
10:24:08.826 [main] DEBUG org.hibernate.orm.results - Extracted JDBC value [4] - [NOT_STARTED]
10:24:08.826 [main] DEBUG org.hibernate.orm.results.loading.entity - (EntityResultInitializer) Done materializing entityInstance : org.frcpm.models.Subsystem(959665110874000)#3
10:24:08.826 [main] DEBUG org.hibernate.orm.results.loading - Calling top-level assembler (0 / 1) : org.hibernate.sql.results.graph.entity.internal.EntityAssembler@7aaaf394
10:24:08.826 [main] DEBUG org.hibernate.orm.results - Extracted JDBC value [0] - [4]
10:24:08.826 [main] DEBUG org.hibernate.orm.results.loading.entity - (EntityResultInitializer) Hydrated EntityKey (org.frcpm.models.Subsystem(959665110874000)): 4
10:24:08.826 [main] DEBUG org.hibernate.orm.results.loading.org.hibernate.orm.results.loading.collection - (DelayedCollectionInitializer) Current row collection key : org.frcpm.models.Subsystem(959665110874000).tasks#4
10:24:08.826 [main] DEBUG org.hibernate.orm.results.loading.entity - (EntityResultInitializer) Created new entity instance [org.frcpm.models.Subsystem(959665110874000)#4] : 491134455
10:24:08.826 [main] DEBUG org.hibernate.orm.results - Extracted JDBC value [3] - [3]
10:24:08.826 [main] DEBUG org.hibernate.orm.results - Extracted JDBC value [1] - [Camera and processing system for targeting]
10:24:08.826 [main] DEBUG org.hibernate.orm.results - Extracted JDBC value [2] - [Vision]
10:24:08.826 [main] DEBUG org.hibernate.orm.results - Extracted JDBC value [4] - [NOT_STARTED]
10:24:08.826 [main] DEBUG org.hibernate.orm.results.loading.entity - (EntityResultInitializer) Done materializing entityInstance : org.frcpm.models.Subsystem(959665110874000)#4
10:24:08.826 [main] DEBUG org.hibernate.orm.results.loading - Calling top-level assembler (0 / 1) : org.hibernate.sql.results.graph.entity.internal.EntityAssembler@7aaaf394
10:24:08.826 [main] DEBUG org.hibernate.orm.results - Extracted JDBC value [0] - [5]
10:24:08.826 [main] DEBUG org.hibernate.orm.results.loading.entity - (EntityResultInitializer) Hydrated EntityKey (org.frcpm.models.Subsystem(959665110874000)): 5
10:24:08.826 [main] DEBUG org.hibernate.orm.results.loading.org.hibernate.orm.results.loading.collection - (DelayedCollectionInitializer) Current row collection key : org.frcpm.models.Subsystem(959665110874000).tasks#5
10:24:08.826 [main] DEBUG org.hibernate.orm.results.loading.entity - (EntityResultInitializer) Created new entity instance [org.frcpm.models.Subsystem(959665110874000)#5] : 223853098
10:24:08.826 [main] DEBUG org.hibernate.orm.results - Extracted JDBC value [3] - [2]
10:24:08.826 [main] DEBUG org.hibernate.orm.results - Extracted JDBC value [1] - [Wiring, electronics, and sensors]
10:24:08.826 [main] DEBUG org.hibernate.orm.results - Extracted JDBC value [2] - [Controls]
10:24:08.826 [main] DEBUG org.hibernate.orm.results - Extracted JDBC value [4] - [NOT_STARTED]
10:24:08.826 [main] DEBUG org.hibernate.orm.results.loading.entity - (EntityResultInitializer) Done materializing entityInstance : org.frcpm.models.Subsystem(959665110874000)#5
10:24:08.826 [main] DEBUG org.hibernate.orm.results.loading - Calling top-level assembler (0 / 1) : org.hibernate.sql.results.graph.entity.internal.EntityAssembler@7aaaf394
10:24:08.826 [main] DEBUG org.hibernate.orm.results - Extracted JDBC value [0] - [18]
10:24:08.826 [main] DEBUG org.hibernate.orm.results.loading.entity - (EntityResultInitializer) Hydrated EntityKey (org.frcpm.models.Subsystem(959665110874000)): 18
10:24:08.826 [main] DEBUG org.hibernate.orm.results.loading.org.hibernate.orm.results.loading.collection - (DelayedCollectionInitializer) Current row collection key : org.frcpm.models.Subsystem(959665110874000).tasks#18
10:24:08.826 [main] DEBUG org.hibernate.orm.results.loading.entity - (EntityResultInitializer) Created new entity instance [org.frcpm.models.Subsystem(959665110874000)#18] : 1679774995
10:24:08.826 [main] DEBUG org.hibernate.orm.results - Extracted JDBC value [3] - [null]
10:24:08.826 [main] DEBUG org.hibernate.orm.results - Extracted JDBC value [1] - [null]
10:24:08.826 [main] DEBUG org.hibernate.orm.results - Extracted JDBC value [2] - [Test Count Subsystem]
10:24:08.826 [main] DEBUG org.hibernate.orm.results - Extracted JDBC value [4] - [NOT_STARTED]
10:24:08.826 [main] DEBUG org.hibernate.orm.results.loading.entity - (EntityResultInitializer) Done materializing entityInstance : org.frcpm.models.Subsystem(959665110874000)#18
10:24:08.826 [main] DEBUG org.hibernate.orm.results.loading - Calling top-level assembler (0 / 1) : org.hibernate.sql.results.graph.entity.internal.EntityAssembler@7aaaf394
10:24:08.826 [main] DEBUG org.hibernate.orm.results - Extracted JDBC value [0] - [22]
10:24:08.826 [main] DEBUG org.hibernate.orm.results.loading.entity - (EntityResultInitializer) Hydrated EntityKey (org.frcpm.models.Subsystem(959665110874000)): 22
10:24:08.826 [main] DEBUG org.hibernate.orm.results.loading.org.hibernate.orm.results.loading.collection - (DelayedCollectionInitializer) Current row collection key : org.frcpm.models.Subsystem(959665110874000).tasks#22
10:24:08.826 [main] DEBUG org.hibernate.orm.results.loading.entity - (EntityResultInitializer) Created new entity instance [org.frcpm.models.Subsystem(959665110874000)#22] : 1513674328
10:24:08.826 [main] DEBUG org.hibernate.orm.results - Extracted JDBC value [3] - [null]
10:24:08.826 [main] DEBUG org.hibernate.orm.results - Extracted JDBC value [1] - [Save subsystem description]
10:24:08.826 [main] DEBUG org.hibernate.orm.results - Extracted JDBC value [2] - [Test Save Subsystem]
10:24:08.826 [main] DEBUG org.hibernate.orm.results - Extracted JDBC value [4] - [TESTING]
10:24:08.826 [main] DEBUG org.hibernate.orm.results.loading.entity - (EntityResultInitializer) Done materializing entityInstance : org.frcpm.models.Subsystem(959665110874000)#22
10:24:08.826 [main] DEBUG org.hibernate.orm.results.loading - Calling top-level assembler (0 / 1) : org.hibernate.sql.results.graph.entity.internal.EntityAssembler@7aaaf394
10:24:08.826 [main] DEBUG org.hibernate.orm.results - Extracted JDBC value [0] - [43]
10:24:08.826 [main] DEBUG org.hibernate.orm.results.loading.entity - (EntityResultInitializer) Hydrated EntityKey (org.frcpm.models.Subsystem(959665110874000)): 43
10:24:08.826 [main] DEBUG org.hibernate.orm.results.loading.org.hibernate.orm.results.loading.collection - (DelayedCollectionInitializer) Current row collection key : org.frcpm.models.Subsystem(959665110874000).tasks#43
10:24:08.826 [main] DEBUG org.hibernate.orm.results.loading.entity - (EntityResultInitializer) Created new entity instance [org.frcpm.models.Subsystem(959665110874000)#43] : 1461380821
10:24:08.826 [main] DEBUG org.hibernate.orm.results - Extracted JDBC value [3] - [null]
10:24:08.826 [main] DEBUG org.hibernate.orm.results - Extracted JDBC value [1] - [Updated description]
10:24:08.826 [main] DEBUG org.hibernate.orm.results - Extracted JDBC value [2] - [Updated Subsystem Name]
10:24:08.826 [main] DEBUG org.hibernate.orm.results - Extracted JDBC value [4] - [ISSUES]
10:24:08.826 [main] DEBUG org.hibernate.orm.results.loading.entity - (EntityResultInitializer) Done materializing entityInstance : org.frcpm.models.Subsystem(959665110874000)#43
10:24:08.826 [main] DEBUG org.hibernate.orm.results.loading - Calling top-level assembler (0 / 1) : org.hibernate.sql.results.graph.entity.internal.EntityAssembler@7aaaf394
10:24:08.826 [main] DEBUG org.hibernate.orm.results - Extracted JDBC value [0] - [44]
10:24:08.826 [main] DEBUG org.hibernate.orm.results.loading.entity - (EntityResultInitializer) Hydrated EntityKey (org.frcpm.models.Subsystem(959665110874000)): 44
10:24:08.826 [main] DEBUG org.hibernate.orm.results.loading.org.hibernate.orm.results.loading.collection - (DelayedCollectionInitializer) Current row collection key : org.frcpm.models.Subsystem(959665110874000).tasks#44
10:24:08.826 [main] DEBUG org.hibernate.orm.results.loading.entity - (EntityResultInitializer) Created new entity instance [org.frcpm.models.Subsystem(959665110874000)#44] : 1419982552
10:24:08.826 [main] DEBUG org.hibernate.orm.results - Extracted JDBC value [3] - [null]
10:24:08.826 [main] DEBUG org.hibernate.orm.results - Extracted JDBC value [1] - [null]
10:24:08.826 [main] DEBUG org.hibernate.orm.results - Extracted JDBC value [2] - [Test Task Subsystem]
10:24:08.826 [main] DEBUG org.hibernate.orm.results - Extracted JDBC value [4] - [NOT_STARTED]
10:24:08.826 [main] DEBUG org.hibernate.orm.results.loading.entity - (EntityResultInitializer) Done materializing entityInstance : org.frcpm.models.Subsystem(959665110874000)#44
10:24:08.826 [main] DEBUG org.hibernate.orm.results.loading - Calling top-level assembler (0 / 1) : org.hibernate.sql.results.graph.entity.internal.EntityAssembler@7aaaf394
10:24:08.826 [main] DEBUG org.hibernate.orm.results - Extracted JDBC value [0] - [45]
10:24:08.826 [main] DEBUG org.hibernate.orm.results.loading.entity - (EntityResultInitializer) Hydrated EntityKey (org.frcpm.models.Subsystem(959665110874000)): 45
10:24:08.826 [main] DEBUG org.hibernate.orm.results.loading.org.hibernate.orm.results.loading.collection - (DelayedCollectionInitializer) Current row collection key : org.frcpm.models.Subsystem(959665110874000).tasks#45
10:24:08.827 [main] DEBUG org.hibernate.orm.results.loading.entity - (EntityResultInitializer) Created new entity instance [org.frcpm.models.Subsystem(959665110874000)#45] : 29370682
10:24:08.827 [main] DEBUG org.hibernate.orm.results - Extracted JDBC value [3] - [null]
10:24:08.827 [main] DEBUG org.hibernate.orm.results - Extracted JDBC value [1] - [null]
10:24:08.827 [main] DEBUG org.hibernate.orm.results - Extracted JDBC value [2] - [Test Task Subsystem]
10:24:08.827 [main] DEBUG org.hibernate.orm.results - Extracted JDBC value [4] - [NOT_STARTED]
10:24:08.827 [main] DEBUG org.hibernate.orm.results.loading.entity - (EntityResultInitializer) Done materializing entityInstance : org.frcpm.models.Subsystem(959665110874000)#45
10:24:08.827 [main] DEBUG org.hibernate.orm.results.loading - Calling top-level assembler (0 / 1) : org.hibernate.sql.results.graph.entity.internal.EntityAssembler@7aaaf394
10:24:08.827 [main] DEBUG org.hibernate.orm.results - Extracted JDBC value [0] - [46]
10:24:08.827 [main] DEBUG org.hibernate.orm.results.loading.entity - (EntityResultInitializer) Hydrated EntityKey (org.frcpm.models.Subsystem(959665110874000)): 46
10:24:08.827 [main] DEBUG org.hibernate.orm.results.loading.org.hibernate.orm.results.loading.collection - (DelayedCollectionInitializer) Current row collection key : org.frcpm.models.Subsystem(959665110874000).tasks#46
10:24:08.827 [main] DEBUG org.hibernate.orm.results.loading.entity - (EntityResultInitializer) Created new entity instance [org.frcpm.models.Subsystem(959665110874000)#46] : 693427358
10:24:08.827 [main] DEBUG org.hibernate.orm.results - Extracted JDBC value [3] - [null]
10:24:08.827 [main] DEBUG org.hibernate.orm.results - Extracted JDBC value [1] - [null]
10:24:08.827 [main] DEBUG org.hibernate.orm.results - Extracted JDBC value [2] - [Test Task Subsystem]
10:24:08.827 [main] DEBUG org.hibernate.orm.results - Extracted JDBC value [4] - [NOT_STARTED]
10:24:08.827 [main] DEBUG org.hibernate.orm.results.loading.entity - (EntityResultInitializer) Done materializing entityInstance : org.frcpm.models.Subsystem(959665110874000)#46
10:24:08.827 [main] DEBUG org.hibernate.orm.results.loading - Calling top-level assembler (0 / 1) : org.hibernate.sql.results.graph.entity.internal.EntityAssembler@7aaaf394
10:24:08.827 [main] DEBUG org.hibernate.orm.results - Extracted JDBC value [0] - [47]
10:24:08.827 [main] DEBUG org.hibernate.orm.results.loading.entity - (EntityResultInitializer) Hydrated EntityKey (org.frcpm.models.Subsystem(959665110874000)): 47
10:24:08.827 [main] DEBUG org.hibernate.orm.results.loading.org.hibernate.orm.results.loading.collection - (DelayedCollectionInitializer) Current row collection key : org.frcpm.models.Subsystem(959665110874000).tasks#47
10:24:08.827 [main] DEBUG org.hibernate.orm.results.loading.entity - (EntityResultInitializer) Created new entity instance [org.frcpm.models.Subsystem(959665110874000)#47] : 1242479376
10:24:08.827 [main] DEBUG org.hibernate.orm.results - Extracted JDBC value [3] - [null]
10:24:08.827 [main] DEBUG org.hibernate.orm.results - Extracted JDBC value [1] - [null]
10:24:08.827 [main] DEBUG org.hibernate.orm.results - Extracted JDBC value [2] - [Test Task Subsystem]
10:24:08.827 [main] DEBUG org.hibernate.orm.results - Extracted JDBC value [4] - [NOT_STARTED]
10:24:08.827 [main] DEBUG org.hibernate.orm.results.loading.entity - (EntityResultInitializer) Done materializing entityInstance : org.frcpm.models.Subsystem(959665110874000)#47
10:24:08.827 [main] DEBUG org.hibernate.orm.results.loading - Calling top-level assembler (0 / 1) : org.hibernate.sql.results.graph.entity.internal.EntityAssembler@7aaaf394
10:24:08.827 [main] DEBUG org.hibernate.orm.results - Extracted JDBC value [0] - [48]
10:24:08.827 [main] DEBUG org.hibernate.orm.results.loading.entity - (EntityResultInitializer) Hydrated EntityKey (org.frcpm.models.Subsystem(959665110874000)): 48
10:24:08.827 [main] DEBUG org.hibernate.orm.results.loading.org.hibernate.orm.results.loading.collection - (DelayedCollectionInitializer) Current row collection key : org.frcpm.models.Subsystem(959665110874000).tasks#48
10:24:08.827 [main] DEBUG org.hibernate.orm.results.loading.entity - (EntityResultInitializer) Created new entity instance [org.frcpm.models.Subsystem(959665110874000)#48] : 1075939594
10:24:08.827 [main] DEBUG org.hibernate.orm.results - Extracted JDBC value [3] - [null]
10:24:08.827 [main] DEBUG org.hibernate.orm.results - Extracted JDBC value [1] - [null]
10:24:08.827 [main] DEBUG org.hibernate.orm.results - Extracted JDBC value [2] - [Test Task Subsystem]
10:24:08.827 [main] DEBUG org.hibernate.orm.results - Extracted JDBC value [4] - [NOT_STARTED]
10:24:08.827 [main] DEBUG org.hibernate.orm.results.loading.entity - (EntityResultInitializer) Done materializing entityInstance : org.frcpm.models.Subsystem(959665110874000)#48
10:24:08.827 [main] DEBUG org.hibernate.orm.results.loading - Calling top-level assembler (0 / 1) : org.hibernate.sql.results.graph.entity.internal.EntityAssembler@7aaaf394
10:24:08.827 [main] DEBUG org.hibernate.orm.results - Extracted JDBC value [0] - [49]
10:24:08.827 [main] DEBUG org.hibernate.orm.results.loading.entity - (EntityResultInitializer) Hydrated EntityKey (org.frcpm.models.Subsystem(959665110874000)): 49
10:24:08.827 [main] DEBUG org.hibernate.orm.results.loading.org.hibernate.orm.results.loading.collection - (DelayedCollectionInitializer) Current row collection key : org.frcpm.models.Subsystem(959665110874000).tasks#49
10:24:08.827 [main] DEBUG org.hibernate.orm.results.loading.entity - (EntityResultInitializer) Created new entity instance [org.frcpm.models.Subsystem(959665110874000)#49] : 187638756
10:24:08.827 [main] DEBUG org.hibernate.orm.results - Extracted JDBC value [3] - [null]
10:24:08.827 [main] DEBUG org.hibernate.orm.results - Extracted JDBC value [1] - [null]
10:24:08.827 [main] DEBUG org.hibernate.orm.results - Extracted JDBC value [2] - [Test Task Subsystem]
10:24:08.827 [main] DEBUG org.hibernate.orm.results - Extracted JDBC value [4] - [NOT_STARTED]
10:24:08.827 [main] DEBUG org.hibernate.orm.results.loading.entity - (EntityResultInitializer) Done materializing entityInstance : org.frcpm.models.Subsystem(959665110874000)#49
10:24:08.827 [main] DEBUG org.hibernate.orm.results.loading - Calling top-level assembler (0 / 1) : org.hibernate.sql.results.graph.entity.internal.EntityAssembler@7aaaf394
10:24:08.827 [main] DEBUG org.hibernate.orm.results - Extracted JDBC value [0] - [50]
10:24:08.827 [main] DEBUG org.hibernate.orm.results.loading.entity - (EntityResultInitializer) Hydrated EntityKey (org.frcpm.models.Subsystem(959665110874000)): 50
10:24:08.827 [main] DEBUG org.hibernate.orm.results.loading.org.hibernate.orm.results.loading.collection - (DelayedCollectionInitializer) Current row collection key : org.frcpm.models.Subsystem(959665110874000).tasks#50
10:24:08.827 [main] DEBUG org.hibernate.orm.results.loading.entity - (EntityResultInitializer) Created new entity instance [org.frcpm.models.Subsystem(959665110874000)#50] : 2018065488
10:24:08.827 [main] DEBUG org.hibernate.orm.results - Extracted JDBC value [3] - [null]
10:24:08.827 [main] DEBUG org.hibernate.orm.results - Extracted JDBC value [1] - [null]
10:24:08.827 [main] DEBUG org.hibernate.orm.results - Extracted JDBC value [2] - [Test Task Subsystem]
10:24:08.827 [main] DEBUG org.hibernate.orm.results - Extracted JDBC value [4] - [NOT_STARTED]
10:24:08.827 [main] DEBUG org.hibernate.orm.results.loading.entity - (EntityResultInitializer) Done materializing entityInstance : org.frcpm.models.Subsystem(959665110874000)#50
10:24:08.827 [main] DEBUG org.hibernate.orm.results.loading - Calling top-level assembler (0 / 1) : org.hibernate.sql.results.graph.entity.internal.EntityAssembler@7aaaf394
10:24:08.827 [main] DEBUG org.hibernate.orm.results - Extracted JDBC value [0] - [51]
10:24:08.827 [main] DEBUG org.hibernate.orm.results.loading.entity - (EntityResultInitializer) Hydrated EntityKey (org.frcpm.models.Subsystem(959665110874000)): 51
10:24:08.827 [main] DEBUG org.hibernate.orm.results.loading.org.hibernate.orm.results.loading.collection - (DelayedCollectionInitializer) Current row collection key : org.frcpm.models.Subsystem(959665110874000).tasks#51
10:24:08.827 [main] DEBUG org.hibernate.orm.results.loading.entity - (EntityResultInitializer) Created new entity instance [org.frcpm.models.Subsystem(959665110874000)#51] : 143522752
10:24:08.827 [main] DEBUG org.hibernate.orm.results - Extracted JDBC value [3] - [null]
10:24:08.827 [main] DEBUG org.hibernate.orm.results - Extracted JDBC value [1] - [null]
10:24:08.827 [main] DEBUG org.hibernate.orm.results - Extracted JDBC value [2] - [Test Task Subsystem]
10:24:08.827 [main] DEBUG org.hibernate.orm.results - Extracted JDBC value [4] - [NOT_STARTED]
10:24:08.827 [main] DEBUG org.hibernate.orm.results.loading.entity - (EntityResultInitializer) Done materializing entityInstance : org.frcpm.models.Subsystem(959665110874000)#51
10:24:08.827 [main] DEBUG org.hibernate.orm.results.loading - Calling top-level assembler (0 / 1) : org.hibernate.sql.results.graph.entity.internal.EntityAssembler@7aaaf394
10:24:08.827 [main] DEBUG org.hibernate.orm.results - Extracted JDBC value [0] - [52]
10:24:08.827 [main] DEBUG org.hibernate.orm.results.loading.entity - (EntityResultInitializer) Hydrated EntityKey (org.frcpm.models.Subsystem(959665110874000)): 52
10:24:08.827 [main] DEBUG org.hibernate.orm.results.loading.org.hibernate.orm.results.loading.collection - (DelayedCollectionInitializer) Current row collection key : org.frcpm.models.Subsystem(959665110874000).tasks#52
10:24:08.827 [main] DEBUG org.hibernate.orm.results.loading.entity - (EntityResultInitializer) Created new entity instance [org.frcpm.models.Subsystem(959665110874000)#52] : 1769677013
10:24:08.827 [main] DEBUG org.hibernate.orm.results - Extracted JDBC value [3] - [null]
10:24:08.827 [main] DEBUG org.hibernate.orm.results - Extracted JDBC value [1] - [null]
10:24:08.827 [main] DEBUG org.hibernate.orm.results - Extracted JDBC value [2] - [Test Task Subsystem]
10:24:08.827 [main] DEBUG org.hibernate.orm.results - Extracted JDBC value [4] - [NOT_STARTED]
10:24:08.827 [main] DEBUG org.hibernate.orm.results.loading.entity - (EntityResultInitializer) Done materializing entityInstance : org.frcpm.models.Subsystem(959665110874000)#52
10:24:08.827 [main] DEBUG org.hibernate.orm.results.loading - Calling top-level assembler (0 / 1) : org.hibernate.sql.results.graph.entity.internal.EntityAssembler@7aaaf394
10:24:08.827 [main] DEBUG org.hibernate.orm.results - Extracted JDBC value [0] - [53]
10:24:08.827 [main] DEBUG org.hibernate.orm.results.loading.entity - (EntityResultInitializer) Hydrated EntityKey (org.frcpm.models.Subsystem(959665110874000)): 53
10:24:08.827 [main] DEBUG org.hibernate.orm.results.loading.org.hibernate.orm.results.loading.collection - (DelayedCollectionInitializer) Current row collection key : org.frcpm.models.Subsystem(959665110874000).tasks#53
10:24:08.827 [main] DEBUG org.hibernate.orm.results.loading.entity - (EntityResultInitializer) Created new entity instance [org.frcpm.models.Subsystem(959665110874000)#53] : 180308793
10:24:08.827 [main] DEBUG org.hibernate.orm.results - Extracted JDBC value [3] - [null]
10:24:08.827 [main] DEBUG org.hibernate.orm.results - Extracted JDBC value [1] - [null]
10:24:08.827 [main] DEBUG org.hibernate.orm.results - Extracted JDBC value [2] - [Test Task Subsystem]
10:24:08.827 [main] DEBUG org.hibernate.orm.results - Extracted JDBC value [4] - [NOT_STARTED]
10:24:08.827 [main] DEBUG org.hibernate.orm.results.loading.entity - (EntityResultInitializer) Done materializing entityInstance : org.frcpm.models.Subsystem(959665110874000)#53
10:24:08.827 [main] DEBUG org.hibernate.orm.results.loading - Calling top-level assembler (0 / 1) : org.hibernate.sql.results.graph.entity.internal.EntityAssembler@7aaaf394
10:24:08.827 [main] DEBUG org.hibernate.orm.results - Extracted JDBC value [0] - [54]
10:24:08.827 [main] DEBUG org.hibernate.orm.results.loading.entity - (EntityResultInitializer) Hydrated EntityKey (org.frcpm.models.Subsystem(959665110874000)): 54
10:24:08.827 [main] DEBUG org.hibernate.orm.results.loading.org.hibernate.orm.results.loading.collection - (DelayedCollectionInitializer) Current row collection key : org.frcpm.models.Subsystem(959665110874000).tasks#54
10:24:08.827 [main] DEBUG org.hibernate.orm.results.loading.entity - (EntityResultInitializer) Created new entity instance [org.frcpm.models.Subsystem(959665110874000)#54] : 1797496959
10:24:08.827 [main] DEBUG org.hibernate.orm.results - Extracted JDBC value [3] - [null]
10:24:08.827 [main] DEBUG org.hibernate.orm.results - Extracted JDBC value [1] - [null]
10:24:08.827 [main] DEBUG org.hibernate.orm.results - Extracted JDBC value [2] - [Test Task Subsystem]
10:24:08.827 [main] DEBUG org.hibernate.orm.results - Extracted JDBC value [4] - [NOT_STARTED]
10:24:08.827 [main] DEBUG org.hibernate.orm.results.loading.entity - (EntityResultInitializer) Done materializing entityInstance : org.frcpm.models.Subsystem(959665110874000)#54
10:24:08.827 [main] DEBUG org.hibernate.orm.results.loading - Calling top-level assembler (0 / 1) : org.hibernate.sql.results.graph.entity.internal.EntityAssembler@7aaaf394
10:24:08.827 [main] DEBUG org.hibernate.orm.results - Extracted JDBC value [0] - [55]
10:24:08.827 [main] DEBUG org.hibernate.orm.results.loading.entity - (EntityResultInitializer) Hydrated EntityKey (org.frcpm.models.Subsystem(959665110874000)): 55
10:24:08.827 [main] DEBUG org.hibernate.orm.results.loading.org.hibernate.orm.results.loading.collection - (DelayedCollectionInitializer) Current row collection key : org.frcpm.models.Subsystem(959665110874000).tasks#55
10:24:08.827 [main] DEBUG org.hibernate.orm.results.loading.entity - (EntityResultInitializer) Created new entity instance [org.frcpm.models.Subsystem(959665110874000)#55] : 704203609
10:24:08.827 [main] DEBUG org.hibernate.orm.results - Extracted JDBC value [3] - [null]
10:24:08.827 [main] DEBUG org.hibernate.orm.results - Extracted JDBC value [1] - [null]
10:24:08.827 [main] DEBUG org.hibernate.orm.results - Extracted JDBC value [2] - [Test Task Subsystem]
10:24:08.827 [main] DEBUG org.hibernate.orm.results - Extracted JDBC value [4] - [NOT_STARTED]
10:24:08.827 [main] DEBUG org.hibernate.orm.results.loading.entity - (EntityResultInitializer) Done materializing entityInstance : org.frcpm.models.Subsystem(959665110874000)#55
10:24:08.827 [main] DEBUG org.hibernate.orm.results.loading - Calling top-level assembler (0 / 1) : org.hibernate.sql.results.graph.entity.internal.EntityAssembler@7aaaf394
10:24:08.827 [main] DEBUG org.hibernate.orm.results - Extracted JDBC value [0] - [56]
10:24:08.827 [main] DEBUG org.hibernate.orm.results.loading.entity - (EntityResultInitializer) Hydrated EntityKey (org.frcpm.models.Subsystem(959665110874000)): 56
10:24:08.827 [main] DEBUG org.hibernate.orm.results.loading.org.hibernate.orm.results.loading.collection - (DelayedCollectionInitializer) Current row collection key : org.frcpm.models.Subsystem(959665110874000).tasks#56
10:24:08.827 [main] DEBUG org.hibernate.orm.results.loading.entity - (EntityResultInitializer) Created new entity instance [org.frcpm.models.Subsystem(959665110874000)#56] : 1981451425
10:24:08.827 [main] DEBUG org.hibernate.orm.results - Extracted JDBC value [3] - [null]
10:24:08.827 [main] DEBUG org.hibernate.orm.results - Extracted JDBC value [1] - [null]
10:24:08.827 [main] DEBUG org.hibernate.orm.results - Extracted JDBC value [2] - [Test Task Subsystem]
10:24:08.827 [main] DEBUG org.hibernate.orm.results - Extracted JDBC value [4] - [NOT_STARTED]
10:24:08.827 [main] DEBUG org.hibernate.orm.results.loading.entity - (EntityResultInitializer) Done materializing entityInstance : org.frcpm.models.Subsystem(959665110874000)#56
10:24:08.827 [main] DEBUG org.hibernate.orm.results.loading - Calling top-level assembler (0 / 1) : org.hibernate.sql.results.graph.entity.internal.EntityAssembler@7aaaf394
10:24:08.827 [main] DEBUG org.hibernate.orm.results - Extracted JDBC value [0] - [66]
10:24:08.827 [main] DEBUG org.hibernate.orm.results.loading.entity - (EntityResultInitializer) Hydrated EntityKey (org.frcpm.models.Subsystem(959665110874000)): 66
10:24:08.827 [main] DEBUG org.hibernate.orm.results.loading.org.hibernate.orm.results.loading.collection - (DelayedCollectionInitializer) Current row collection key : org.frcpm.models.Subsystem(959665110874000).tasks#66
10:24:08.827 [main] DEBUG org.hibernate.orm.results.loading.entity - (EntityResultInitializer) Created new entity instance [org.frcpm.models.Subsystem(959665110874000)#66] : 901463164
10:24:08.827 [main] DEBUG org.hibernate.orm.results - Extracted JDBC value [3] - [null]
10:24:08.827 [main] DEBUG org.hibernate.orm.results - Extracted JDBC value [1] - [Test subsystem for component tests]
10:24:08.827 [main] DEBUG org.hibernate.orm.results - Extracted JDBC value [2] - [Component Test Subsystem]
10:24:08.827 [main] DEBUG org.hibernate.orm.results - Extracted JDBC value [4] - [NOT_STARTED]
10:24:08.827 [main] DEBUG org.hibernate.orm.results.loading.entity - (EntityResultInitializer) Done materializing entityInstance : org.frcpm.models.Subsystem(959665110874000)#66
10:24:08.827 [main] DEBUG org.hibernate.orm.results.loading - Calling top-level assembler (0 / 1) : org.hibernate.sql.results.graph.entity.internal.EntityAssembler@7aaaf394
10:24:08.828 [main] DEBUG org.hibernate.resource.jdbc.internal.LogicalConnectionManagedImpl - Initiating JDBC connection release from afterTransaction
10:24:08.828 [main] DEBUG org.hibernate.resource.jdbc.internal.LogicalConnectionManagedImpl - Initiating JDBC connection release from afterTransaction
10:24:08.828 [main] DEBUG org.hibernate.orm.sql.ast.create - Created new SQL alias : s1_0
10:24:08.828 [main] DEBUG org.hibernate.orm.sql.ast.create - Registration of TableGroup [StandardTableGroup(org.frcpm.models.Subteam(959665114485700))] with identifierForTableGroup [org.frcpm.models.Subteam] for NavigablePath [org.frcpm.models.Subteam] 
10:24:08.828 [main] DEBUG org.hibernate.orm.results.graph.AST - DomainResult Graph:
 \-EntityResultImpl [org.frcpm.models.Subteam(959665114485700)]
 |  +-BasicFetch [org.frcpm.models.Subteam(959665114485700).colorCode]
 |  +-DelayedCollectionFetch [org.frcpm.models.Subteam(959665114485700).members]
 |  +-BasicFetch [org.frcpm.models.Subteam(959665114485700).name]
 |  +-BasicFetch [org.frcpm.models.Subteam(959665114485700).specialties]
 |  \-DelayedCollectionFetch [org.frcpm.models.Subteam(959665114485700).subsystems]

10:24:08.828 [main] DEBUG org.hibernate.orm.sql.ast.tree - SQL AST Tree:
    SelectStatement {
      FromClause {
        StandardTableGroup (s1 : org.frcpm.models.Subteam(959665114485700)) {
          primaryTableReference : subteams as s1_0
        }
      }
    }

10:24:08.828 [main] DEBUG org.hibernate.orm.sql.exec - Skipping reading Query result cache data: cache-enabled = false, cache-mode = NORMAL
10:24:08.828 [main] DEBUG org.hibernate.orm.results - Initializer list:
	  org.frcpm.models.Subteam(959665114485700) -> EntityResultInitializer(org.frcpm.models.Subteam(959665114485700))@1602260456 (SingleTableEntityPersister(org.frcpm.models.Subteam))
	  org.frcpm.models.Subteam(959665114485700).members -> DelayedCollectionInitializer(org.frcpm.models.Subteam(959665114485700).members)@1486105126 (PluralAttribute(org.frcpm.models.Subteam.members))
	  org.frcpm.models.Subteam(959665114485700).subsystems -> DelayedCollectionInitializer(org.frcpm.models.Subteam(959665114485700).subsystems)@388448716 (PluralAttribute(org.frcpm.models.Subteam.subsystems))

10:24:08.828 [main] DEBUG org.hibernate.SQL - select s1_0.id,s1_0.color_code,s1_0.name,s1_0.specialties from subteams s1_0
10:24:08.829 [main] DEBUG org.hibernate.orm.results - Extracted JDBC value [0] - [1]
10:24:08.829 [main] DEBUG org.hibernate.orm.results.loading.entity - (EntityResultInitializer) Hydrated EntityKey (org.frcpm.models.Subteam(959665114485700)): 1
10:24:08.829 [main] DEBUG org.hibernate.orm.results.loading.org.hibernate.orm.results.loading.collection - (DelayedCollectionInitializer) Current row collection key : org.frcpm.models.Subteam(959665114485700).members#1
10:24:08.829 [main] DEBUG org.hibernate.orm.results.loading.org.hibernate.orm.results.loading.collection - (DelayedCollectionInitializer) Current row collection key : org.frcpm.models.Subteam(959665114485700).subsystems#1
10:24:08.829 [main] DEBUG org.hibernate.orm.results.loading.entity - (EntityResultInitializer) Created new entity instance [org.frcpm.models.Subteam(959665114485700)#1] : 943511000
10:24:08.829 [main] DEBUG org.hibernate.orm.results - Extracted JDBC value [1] - [#FF5733]
10:24:08.829 [main] DEBUG org.hibernate.orm.results - Extracted JDBC value [2] - [Mechanical]
10:24:08.829 [main] DEBUG org.hibernate.orm.results - Extracted JDBC value [3] - [Design, CAD, Fabrication, Assembly]
10:24:08.829 [main] DEBUG org.hibernate.orm.results.loading.entity - (EntityResultInitializer) Done materializing entityInstance : org.frcpm.models.Subteam(959665114485700)#1
10:24:08.829 [main] DEBUG org.hibernate.orm.results.loading - Calling top-level assembler (0 / 1) : org.hibernate.sql.results.graph.entity.internal.EntityAssembler@6f7d5b8a
10:24:08.829 [main] DEBUG org.hibernate.orm.results - Extracted JDBC value [0] - [2]
10:24:08.829 [main] DEBUG org.hibernate.orm.results.loading.entity - (EntityResultInitializer) Hydrated EntityKey (org.frcpm.models.Subteam(959665114485700)): 2
10:24:08.829 [main] DEBUG org.hibernate.orm.results.loading.org.hibernate.orm.results.loading.collection - (DelayedCollectionInitializer) Current row collection key : org.frcpm.models.Subteam(959665114485700).members#2
10:24:08.829 [main] DEBUG org.hibernate.orm.results.loading.org.hibernate.orm.results.loading.collection - (DelayedCollectionInitializer) Current row collection key : org.frcpm.models.Subteam(959665114485700).subsystems#2
10:24:08.829 [main] DEBUG org.hibernate.orm.results.loading.entity - (EntityResultInitializer) Created new entity instance [org.frcpm.models.Subteam(959665114485700)#2] : 833733032
10:24:08.829 [main] DEBUG org.hibernate.orm.results - Extracted JDBC value [1] - [#33A8FF]
10:24:08.829 [main] DEBUG org.hibernate.orm.results - Extracted JDBC value [2] - [Electrical]
10:24:08.829 [main] DEBUG org.hibernate.orm.results - Extracted JDBC value [3] - [Wiring, Electronics, Sensors, Power Systems]
10:24:08.829 [main] DEBUG org.hibernate.orm.results.loading.entity - (EntityResultInitializer) Done materializing entityInstance : org.frcpm.models.Subteam(959665114485700)#2
10:24:08.829 [main] DEBUG org.hibernate.orm.results.loading - Calling top-level assembler (0 / 1) : org.hibernate.sql.results.graph.entity.internal.EntityAssembler@6f7d5b8a
10:24:08.829 [main] DEBUG org.hibernate.orm.results - Extracted JDBC value [0] - [3]
10:24:08.829 [main] DEBUG org.hibernate.orm.results.loading.entity - (EntityResultInitializer) Hydrated EntityKey (org.frcpm.models.Subteam(959665114485700)): 3
10:24:08.829 [main] DEBUG org.hibernate.orm.results.loading.org.hibernate.orm.results.loading.collection - (DelayedCollectionInitializer) Current row collection key : org.frcpm.models.Subteam(959665114485700).members#3
10:24:08.829 [main] DEBUG org.hibernate.orm.results.loading.org.hibernate.orm.results.loading.collection - (DelayedCollectionInitializer) Current row collection key : org.frcpm.models.Subteam(959665114485700).subsystems#3
10:24:08.829 [main] DEBUG org.hibernate.orm.results.loading.entity - (EntityResultInitializer) Created new entity instance [org.frcpm.models.Subteam(959665114485700)#3] : 506267740
10:24:08.829 [main] DEBUG org.hibernate.orm.results - Extracted JDBC value [1] - [#33FF57]
10:24:08.829 [main] DEBUG org.hibernate.orm.results - Extracted JDBC value [2] - [Programming]
10:24:08.829 [main] DEBUG org.hibernate.orm.results - Extracted JDBC value [3] - [Java, Vision, Control Systems, Autonomous]
10:24:08.829 [main] DEBUG org.hibernate.orm.results.loading.entity - (EntityResultInitializer) Done materializing entityInstance : org.frcpm.models.Subteam(959665114485700)#3
10:24:08.829 [main] DEBUG org.hibernate.orm.results.loading - Calling top-level assembler (0 / 1) : org.hibernate.sql.results.graph.entity.internal.EntityAssembler@6f7d5b8a
10:24:08.829 [main] DEBUG org.hibernate.orm.results - Extracted JDBC value [0] - [4]
10:24:08.829 [main] DEBUG org.hibernate.orm.results.loading.entity - (EntityResultInitializer) Hydrated EntityKey (org.frcpm.models.Subteam(959665114485700)): 4
10:24:08.829 [main] DEBUG org.hibernate.orm.results.loading.org.hibernate.orm.results.loading.collection - (DelayedCollectionInitializer) Current row collection key : org.frcpm.models.Subteam(959665114485700).members#4
10:24:08.829 [main] DEBUG org.hibernate.orm.results.loading.org.hibernate.orm.results.loading.collection - (DelayedCollectionInitializer) Current row collection key : org.frcpm.models.Subteam(959665114485700).subsystems#4
10:24:08.829 [main] DEBUG org.hibernate.orm.results.loading.entity - (EntityResultInitializer) Created new entity instance [org.frcpm.models.Subteam(959665114485700)#4] : 1248664781
10:24:08.829 [main] DEBUG org.hibernate.orm.results - Extracted JDBC value [1] - [#FF33A8]
10:24:08.829 [main] DEBUG org.hibernate.orm.results - Extracted JDBC value [2] - [Business]
10:24:08.829 [main] DEBUG org.hibernate.orm.results - Extracted JDBC value [3] - [Fundraising, Marketing, Outreach, Awards]
10:24:08.829 [main] DEBUG org.hibernate.orm.results.loading.entity - (EntityResultInitializer) Done materializing entityInstance : org.frcpm.models.Subteam(959665114485700)#4
10:24:08.829 [main] DEBUG org.hibernate.orm.results.loading - Calling top-level assembler (0 / 1) : org.hibernate.sql.results.graph.entity.internal.EntityAssembler@6f7d5b8a
10:24:08.829 [main] DEBUG org.hibernate.orm.results - Extracted JDBC value [0] - [24]
10:24:08.829 [main] DEBUG org.hibernate.orm.results.loading.entity - (EntityResultInitializer) Hydrated EntityKey (org.frcpm.models.Subteam(959665114485700)): 24
10:24:08.829 [main] DEBUG org.hibernate.orm.results.loading.org.hibernate.orm.results.loading.collection - (DelayedCollectionInitializer) Current row collection key : org.frcpm.models.Subteam(959665114485700).members#24
10:24:08.829 [main] DEBUG org.hibernate.orm.results.loading.org.hibernate.orm.results.loading.collection - (DelayedCollectionInitializer) Current row collection key : org.frcpm.models.Subteam(959665114485700).subsystems#24
10:24:08.829 [main] DEBUG org.hibernate.orm.results.loading.entity - (EntityResultInitializer) Created new entity instance [org.frcpm.models.Subteam(959665114485700)#24] : 246659582
10:24:08.829 [main] DEBUG org.hibernate.orm.results - Extracted JDBC value [1] - [#0000FF]
10:24:08.829 [main] DEBUG org.hibernate.orm.results - Extracted JDBC value [2] - [Test Count Subteam]
10:24:08.829 [main] DEBUG org.hibernate.orm.results - Extracted JDBC value [3] - [null]
10:24:08.829 [main] DEBUG org.hibernate.orm.results.loading.entity - (EntityResultInitializer) Done materializing entityInstance : org.frcpm.models.Subteam(959665114485700)#24
10:24:08.829 [main] DEBUG org.hibernate.orm.results.loading - Calling top-level assembler (0 / 1) : org.hibernate.sql.results.graph.entity.internal.EntityAssembler@6f7d5b8a
10:24:08.829 [main] DEBUG org.hibernate.orm.results - Extracted JDBC value [0] - [27]
10:24:08.829 [main] DEBUG org.hibernate.orm.results.loading.entity - (EntityResultInitializer) Hydrated EntityKey (org.frcpm.models.Subteam(959665114485700)): 27
10:24:08.829 [main] DEBUG org.hibernate.orm.results.loading.org.hibernate.orm.results.loading.collection - (DelayedCollectionInitializer) Current row collection key : org.frcpm.models.Subteam(959665114485700).members#27
10:24:08.829 [main] DEBUG org.hibernate.orm.results.loading.org.hibernate.orm.results.loading.collection - (DelayedCollectionInitializer) Current row collection key : org.frcpm.models.Subteam(959665114485700).subsystems#27
10:24:08.829 [main] DEBUG org.hibernate.orm.results.loading.entity - (EntityResultInitializer) Created new entity instance [org.frcpm.models.Subteam(959665114485700)#27] : 629977452
10:24:08.829 [main] DEBUG org.hibernate.orm.results - Extracted JDBC value [1] - [#0000FF]
10:24:08.829 [main] DEBUG org.hibernate.orm.results - Extracted JDBC value [2] - [Test Save Subteam]
10:24:08.829 [main] DEBUG org.hibernate.orm.results - Extracted JDBC value [3] - [Testing]
10:24:08.829 [main] DEBUG org.hibernate.orm.results.loading.entity - (EntityResultInitializer) Done materializing entityInstance : org.frcpm.models.Subteam(959665114485700)#27
10:24:08.829 [main] DEBUG org.hibernate.orm.results.loading - Calling top-level assembler (0 / 1) : org.hibernate.sql.results.graph.entity.internal.EntityAssembler@6f7d5b8a
10:24:08.829 [main] DEBUG org.hibernate.orm.results - Extracted JDBC value [0] - [42]
10:24:08.829 [main] DEBUG org.hibernate.orm.results.loading.entity - (EntityResultInitializer) Hydrated EntityKey (org.frcpm.models.Subteam(959665114485700)): 42
10:24:08.829 [main] DEBUG org.hibernate.orm.results.loading.org.hibernate.orm.results.loading.collection - (DelayedCollectionInitializer) Current row collection key : org.frcpm.models.Subteam(959665114485700).members#42
10:24:08.829 [main] DEBUG org.hibernate.orm.results.loading.org.hibernate.orm.results.loading.collection - (DelayedCollectionInitializer) Current row collection key : org.frcpm.models.Subteam(959665114485700).subsystems#42
10:24:08.829 [main] DEBUG org.hibernate.orm.results.loading.entity - (EntityResultInitializer) Created new entity instance [org.frcpm.models.Subteam(959665114485700)#42] : 1090297038
10:24:08.829 [main] DEBUG org.hibernate.orm.results - Extracted JDBC value [1] - [#00FFFF]
10:24:08.829 [main] DEBUG org.hibernate.orm.results - Extracted JDBC value [2] - [Updated Subteam Name]
10:24:08.829 [main] DEBUG org.hibernate.orm.results - Extracted JDBC value [3] - [null]
10:24:08.829 [main] DEBUG org.hibernate.orm.results.loading.entity - (EntityResultInitializer) Done materializing entityInstance : org.frcpm.models.Subteam(959665114485700)#42
10:24:08.829 [main] DEBUG org.hibernate.orm.results.loading - Calling top-level assembler (0 / 1) : org.hibernate.sql.results.graph.entity.internal.EntityAssembler@6f7d5b8a
10:24:08.829 [main] DEBUG org.hibernate.orm.results - Extracted JDBC value [0] - [67]
10:24:08.829 [main] DEBUG org.hibernate.orm.results.loading.entity - (EntityResultInitializer) Hydrated EntityKey (org.frcpm.models.Subteam(959665114485700)): 67
10:24:08.829 [main] DEBUG org.hibernate.orm.results.loading.org.hibernate.orm.results.loading.collection - (DelayedCollectionInitializer) Current row collection key : org.frcpm.models.Subteam(959665114485700).members#67
10:24:08.829 [main] DEBUG org.hibernate.orm.results.loading.org.hibernate.orm.results.loading.collection - (DelayedCollectionInitializer) Current row collection key : org.frcpm.models.Subteam(959665114485700).subsystems#67
10:24:08.829 [main] DEBUG org.hibernate.orm.results.loading.entity - (EntityResultInitializer) Created new entity instance [org.frcpm.models.Subteam(959665114485700)#67] : 1025674312
10:24:08.829 [main] DEBUG org.hibernate.orm.results - Extracted JDBC value [1] - [#0000FF]
10:24:08.829 [main] DEBUG org.hibernate.orm.results - Extracted JDBC value [2] - [Test Create Service Subteam]
10:24:08.829 [main] DEBUG org.hibernate.orm.results - Extracted JDBC value [3] - [Testing, Quality Assurance]
10:24:08.829 [main] DEBUG org.hibernate.orm.results.loading.entity - (EntityResultInitializer) Done materializing entityInstance : org.frcpm.models.Subteam(959665114485700)#67
10:24:08.829 [main] DEBUG org.hibernate.orm.results.loading - Calling top-level assembler (0 / 1) : org.hibernate.sql.results.graph.entity.internal.EntityAssembler@6f7d5b8a
10:24:08.829 [main] DEBUG org.hibernate.orm.results - Extracted JDBC value [0] - [70]
10:24:08.829 [main] DEBUG org.hibernate.orm.results.loading.entity - (EntityResultInitializer) Hydrated EntityKey (org.frcpm.models.Subteam(959665114485700)): 70
10:24:08.829 [main] DEBUG org.hibernate.orm.results.loading.org.hibernate.orm.results.loading.collection - (DelayedCollectionInitializer) Current row collection key : org.frcpm.models.Subteam(959665114485700).members#70
10:24:08.829 [main] DEBUG org.hibernate.orm.results.loading.org.hibernate.orm.results.loading.collection - (DelayedCollectionInitializer) Current row collection key : org.frcpm.models.Subteam(959665114485700).subsystems#70
10:24:08.829 [main] DEBUG org.hibernate.orm.results.loading.entity - (EntityResultInitializer) Created new entity instance [org.frcpm.models.Subteam(959665114485700)#70] : 1714188773
10:24:08.829 [main] DEBUG org.hibernate.orm.results - Extracted JDBC value [1] - [#00FFFF]
10:24:08.829 [main] DEBUG org.hibernate.orm.results - Extracted JDBC value [2] - [Test Color Update Subteam]
10:24:08.829 [main] DEBUG org.hibernate.orm.results - Extracted JDBC value [3] - [Specialties]
10:24:08.829 [main] DEBUG org.hibernate.orm.results.loading.entity - (EntityResultInitializer) Done materializing entityInstance : org.frcpm.models.Subteam(959665114485700)#70
10:24:08.829 [main] DEBUG org.hibernate.orm.results.loading - Calling top-level assembler (0 / 1) : org.hibernate.sql.results.graph.entity.internal.EntityAssembler@6f7d5b8a
10:24:08.829 [main] DEBUG org.hibernate.orm.results - Extracted JDBC value [0] - [79]
10:24:08.829 [main] DEBUG org.hibernate.orm.results.loading.entity - (EntityResultInitializer) Hydrated EntityKey (org.frcpm.models.Subteam(959665114485700)): 79
10:24:08.829 [main] DEBUG org.hibernate.orm.results.loading.org.hibernate.orm.results.loading.collection - (DelayedCollectionInitializer) Current row collection key : org.frcpm.models.Subteam(959665114485700).members#79
10:24:08.829 [main] DEBUG org.hibernate.orm.results.loading.org.hibernate.orm.results.loading.collection - (DelayedCollectionInitializer) Current row collection key : org.frcpm.models.Subteam(959665114485700).subsystems#79
10:24:08.829 [main] DEBUG org.hibernate.orm.results.loading.entity - (EntityResultInitializer) Created new entity instance [org.frcpm.models.Subteam(959665114485700)#79] : 87471721
10:24:08.829 [main] DEBUG org.hibernate.orm.results - Extracted JDBC value [1] - [#0000FF]
10:24:08.829 [main] DEBUG org.hibernate.orm.results - Extracted JDBC value [2] - [Test Update Subteam]
10:24:08.829 [main] DEBUG org.hibernate.orm.results - Extracted JDBC value [3] - [Updated Specialties]
10:24:08.829 [main] DEBUG org.hibernate.orm.results.loading.entity - (EntityResultInitializer) Done materializing entityInstance : org.frcpm.models.Subteam(959665114485700)#79
10:24:08.829 [main] DEBUG org.hibernate.orm.results.loading - Calling top-level assembler (0 / 1) : org.hibernate.sql.results.graph.entity.internal.EntityAssembler@6f7d5b8a
10:24:08.829 [main] DEBUG org.hibernate.orm.results - Extracted JDBC value [0] - [87]
10:24:08.829 [main] DEBUG org.hibernate.orm.results.loading.entity - (EntityResultInitializer) Hydrated EntityKey (org.frcpm.models.Subteam(959665114485700)): 87
10:24:08.829 [main] DEBUG org.hibernate.orm.results.loading.org.hibernate.orm.results.loading.collection - (DelayedCollectionInitializer) Current row collection key : org.frcpm.models.Subteam(959665114485700).members#87
10:24:08.829 [main] DEBUG org.hibernate.orm.results.loading.org.hibernate.orm.results.loading.collection - (DelayedCollectionInitializer) Current row collection key : org.frcpm.models.Subteam(959665114485700).subsystems#87
10:24:08.829 [main] DEBUG org.hibernate.orm.results.loading.entity - (EntityResultInitializer) Created new entity instance [org.frcpm.models.Subteam(959665114485700)#87] : 1033164787
10:24:08.829 [main] DEBUG org.hibernate.orm.results - Extracted JDBC value [1] - [#0000FF]
10:24:08.829 [main] DEBUG org.hibernate.orm.results - Extracted JDBC value [2] - [Duplicate Name Subteam]
10:24:08.829 [main] DEBUG org.hibernate.orm.results - Extracted JDBC value [3] - [Specialties]
10:24:08.829 [main] DEBUG org.hibernate.orm.results.loading.entity - (EntityResultInitializer) Done materializing entityInstance : org.frcpm.models.Subteam(959665114485700)#87
10:24:08.829 [main] DEBUG org.hibernate.orm.results.loading - Calling top-level assembler (0 / 1) : org.hibernate.sql.results.graph.entity.internal.EntityAssembler@6f7d5b8a
10:24:08.829 [main] DEBUG org.hibernate.resource.jdbc.internal.LogicalConnectionManagedImpl - Initiating JDBC connection release from afterTransaction
10:24:08.829 [main] DEBUG org.hibernate.resource.jdbc.internal.LogicalConnectionManagedImpl - Initiating JDBC connection release from afterTransaction
]]></system-out>
  </testcase>
  <testcase name="testInitExistingSubsystem_NullSubsystem" classname="org.frcpm.controllers.SubsystemControllerTest" time="0.013">
    <system-out><![CDATA[10:24:08.835 [main] DEBUG org.hibernate.orm.sql.ast.create - Created new SQL alias : s1_0
10:24:08.836 [main] DEBUG org.hibernate.orm.sql.ast.create - Registration of TableGroup [StandardTableGroup(org.frcpm.models.Subsystem(959665121819400))] with identifierForTableGroup [org.frcpm.models.Subsystem] for NavigablePath [org.frcpm.models.Subsystem] 
10:24:08.836 [main] DEBUG org.hibernate.orm.sql.ast.create - Registration of TableGroup [org.hibernate.sql.ast.tree.from.LazyTableGroup@70025801] with identifierForTableGroup [org.frcpm.models.Subsystem.responsibleSubteam] for NavigablePath [org.frcpm.models.Subsystem.responsibleSubteam] 
10:24:08.836 [main] DEBUG org.hibernate.orm.results.graph.AST - DomainResult Graph:
 \-EntityResultImpl [org.frcpm.models.Subsystem(959665121819400)]
 |  +-BasicFetch [org.frcpm.models.Subsystem(959665121819400).description]
 |  +-BasicFetch [org.frcpm.models.Subsystem(959665121819400).name]
 |  +-CircularFetchImpl [org.frcpm.models.Subsystem(959665121819400).responsibleSubteam]
 |  +-BasicFetch [org.frcpm.models.Subsystem(959665121819400).status]
 |  \-DelayedCollectionFetch [org.frcpm.models.Subsystem(959665121819400).tasks]

10:24:08.836 [main] DEBUG org.hibernate.orm.sql.ast.tree - SQL AST Tree:
    SelectStatement {
      FromClause {
        StandardTableGroup (s1 : org.frcpm.models.Subsystem(959665121819400)) {
          primaryTableReference : subsystems as s1_0
          TableGroupJoins {
            left  join LazyTableGroup (rs1 : org.frcpm.models.Subsystem(959665121819400).responsibleSubteam) {
            }
          }
        }
      }
    }

10:24:08.836 [main] DEBUG org.hibernate.orm.sql.exec - Skipping reading Query result cache data: cache-enabled = false, cache-mode = NORMAL
10:24:08.837 [main] DEBUG org.hibernate.orm.results - Initializer list:
	  org.frcpm.models.Subsystem(959665121819400) -> EntityResultInitializer(org.frcpm.models.Subsystem(959665121819400))@1222936867 (SingleTableEntityPersister(org.frcpm.models.Subsystem))
	  org.frcpm.models.Subsystem(959665121819400).tasks -> DelayedCollectionInitializer(org.frcpm.models.Subsystem(959665121819400).tasks)@591153984 (PluralAttribute(org.frcpm.models.Subsystem.tasks))
	  org.frcpm.models.Subsystem(959665121819400).responsibleSubteam -> EntityDelayedFetchInitializer(org.frcpm.models.Subsystem(959665121819400).responsibleSubteam)@247457543 (ToOneAttributeMapping(NavigableRole[org.frcpm.models.Subsystem.responsibleSubteam])@135084207)

10:24:08.837 [main] DEBUG org.hibernate.SQL - select s1_0.id,s1_0.description,s1_0.name,s1_0.responsible_subteam_id,s1_0.status from subsystems s1_0
10:24:08.837 [main] DEBUG org.hibernate.orm.results - Extracted JDBC value [0] - [1]
10:24:08.837 [main] DEBUG org.hibernate.orm.results.loading.entity - (EntityResultInitializer) Hydrated EntityKey (org.frcpm.models.Subsystem(959665121819400)): 1
10:24:08.837 [main] DEBUG org.hibernate.orm.results.loading.org.hibernate.orm.results.loading.collection - (DelayedCollectionInitializer) Current row collection key : org.frcpm.models.Subsystem(959665121819400).tasks#1
10:24:08.837 [main] DEBUG org.hibernate.orm.results.loading.entity - (EntityResultInitializer) Created new entity instance [org.frcpm.models.Subsystem(959665121819400)#1] : 1106864304
10:24:08.837 [main] DEBUG org.hibernate.orm.results - Extracted JDBC value [3] - [1]
10:24:08.837 [main] DEBUG org.hibernate.orm.results - Extracted JDBC value [1] - [Robot movement and navigation system]
10:24:08.838 [main] DEBUG org.hibernate.orm.results - Extracted JDBC value [2] - [Drivetrain]
10:24:08.838 [main] DEBUG org.hibernate.orm.results - Extracted JDBC value [4] - [IN_PROGRESS]
10:24:08.838 [main] DEBUG org.hibernate.orm.results.loading.entity - (EntityResultInitializer) Done materializing entityInstance : org.frcpm.models.Subsystem(959665121819400)#1
10:24:08.838 [main] DEBUG org.hibernate.orm.results.loading - Calling top-level assembler (0 / 1) : org.hibernate.sql.results.graph.entity.internal.EntityAssembler@272369bb
10:24:08.838 [main] DEBUG org.hibernate.orm.results - Extracted JDBC value [0] - [2]
10:24:08.838 [main] DEBUG org.hibernate.orm.results.loading.entity - (EntityResultInitializer) Hydrated EntityKey (org.frcpm.models.Subsystem(959665121819400)): 2
10:24:08.838 [main] DEBUG org.hibernate.orm.results.loading.org.hibernate.orm.results.loading.collection - (DelayedCollectionInitializer) Current row collection key : org.frcpm.models.Subsystem(959665121819400).tasks#2
10:24:08.838 [main] DEBUG org.hibernate.orm.results.loading.entity - (EntityResultInitializer) Created new entity instance [org.frcpm.models.Subsystem(959665121819400)#2] : 1436732202
10:24:08.838 [main] DEBUG org.hibernate.orm.results - Extracted JDBC value [3] - [1]
10:24:08.838 [main] DEBUG org.hibernate.orm.results - Extracted JDBC value [1] - [Mechanism for collecting game pieces]
10:24:08.838 [main] DEBUG org.hibernate.orm.results - Extracted JDBC value [2] - [Intake]
10:24:08.838 [main] DEBUG org.hibernate.orm.results - Extracted JDBC value [4] - [NOT_STARTED]
10:24:08.838 [main] DEBUG org.hibernate.orm.results.loading.entity - (EntityResultInitializer) Done materializing entityInstance : org.frcpm.models.Subsystem(959665121819400)#2
10:24:08.838 [main] DEBUG org.hibernate.orm.results.loading - Calling top-level assembler (0 / 1) : org.hibernate.sql.results.graph.entity.internal.EntityAssembler@272369bb
10:24:08.838 [main] DEBUG org.hibernate.orm.results - Extracted JDBC value [0] - [3]
10:24:08.838 [main] DEBUG org.hibernate.orm.results.loading.entity - (EntityResultInitializer) Hydrated EntityKey (org.frcpm.models.Subsystem(959665121819400)): 3
10:24:08.838 [main] DEBUG org.hibernate.orm.results.loading.org.hibernate.orm.results.loading.collection - (DelayedCollectionInitializer) Current row collection key : org.frcpm.models.Subsystem(959665121819400).tasks#3
10:24:08.838 [main] DEBUG org.hibernate.orm.results.loading.entity - (EntityResultInitializer) Created new entity instance [org.frcpm.models.Subsystem(959665121819400)#3] : 378553315
10:24:08.838 [main] DEBUG org.hibernate.orm.results - Extracted JDBC value [3] - [1]
10:24:08.838 [main] DEBUG org.hibernate.orm.results - Extracted JDBC value [1] - [Mechanism for scoring game pieces]
10:24:08.838 [main] DEBUG org.hibernate.orm.results - Extracted JDBC value [2] - [Shooter]
10:24:08.838 [main] DEBUG org.hibernate.orm.results - Extracted JDBC value [4] - [NOT_STARTED]
10:24:08.838 [main] DEBUG org.hibernate.orm.results.loading.entity - (EntityResultInitializer) Done materializing entityInstance : org.frcpm.models.Subsystem(959665121819400)#3
10:24:08.838 [main] DEBUG org.hibernate.orm.results.loading - Calling top-level assembler (0 / 1) : org.hibernate.sql.results.graph.entity.internal.EntityAssembler@272369bb
10:24:08.838 [main] DEBUG org.hibernate.orm.results - Extracted JDBC value [0] - [4]
10:24:08.838 [main] DEBUG org.hibernate.orm.results.loading.entity - (EntityResultInitializer) Hydrated EntityKey (org.frcpm.models.Subsystem(959665121819400)): 4
10:24:08.838 [main] DEBUG org.hibernate.orm.results.loading.org.hibernate.orm.results.loading.collection - (DelayedCollectionInitializer) Current row collection key : org.frcpm.models.Subsystem(959665121819400).tasks#4
10:24:08.838 [main] DEBUG org.hibernate.orm.results.loading.entity - (EntityResultInitializer) Created new entity instance [org.frcpm.models.Subsystem(959665121819400)#4] : 1778052034
10:24:08.838 [main] DEBUG org.hibernate.orm.results - Extracted JDBC value [3] - [3]
10:24:08.838 [main] DEBUG org.hibernate.orm.results - Extracted JDBC value [1] - [Camera and processing system for targeting]
10:24:08.838 [main] DEBUG org.hibernate.orm.results - Extracted JDBC value [2] - [Vision]
10:24:08.838 [main] DEBUG org.hibernate.orm.results - Extracted JDBC value [4] - [NOT_STARTED]
10:24:08.838 [main] DEBUG org.hibernate.orm.results.loading.entity - (EntityResultInitializer) Done materializing entityInstance : org.frcpm.models.Subsystem(959665121819400)#4
10:24:08.838 [main] DEBUG org.hibernate.orm.results.loading - Calling top-level assembler (0 / 1) : org.hibernate.sql.results.graph.entity.internal.EntityAssembler@272369bb
10:24:08.838 [main] DEBUG org.hibernate.orm.results - Extracted JDBC value [0] - [5]
10:24:08.838 [main] DEBUG org.hibernate.orm.results.loading.entity - (EntityResultInitializer) Hydrated EntityKey (org.frcpm.models.Subsystem(959665121819400)): 5
10:24:08.838 [main] DEBUG org.hibernate.orm.results.loading.org.hibernate.orm.results.loading.collection - (DelayedCollectionInitializer) Current row collection key : org.frcpm.models.Subsystem(959665121819400).tasks#5
10:24:08.839 [main] DEBUG org.hibernate.orm.results.loading.entity - (EntityResultInitializer) Created new entity instance [org.frcpm.models.Subsystem(959665121819400)#5] : 102776689
10:24:08.839 [main] DEBUG org.hibernate.orm.results - Extracted JDBC value [3] - [2]
10:24:08.839 [main] DEBUG org.hibernate.orm.results - Extracted JDBC value [1] - [Wiring, electronics, and sensors]
10:24:08.839 [main] DEBUG org.hibernate.orm.results - Extracted JDBC value [2] - [Controls]
10:24:08.839 [main] DEBUG org.hibernate.orm.results - Extracted JDBC value [4] - [NOT_STARTED]
10:24:08.839 [main] DEBUG org.hibernate.orm.results.loading.entity - (EntityResultInitializer) Done materializing entityInstance : org.frcpm.models.Subsystem(959665121819400)#5
10:24:08.839 [main] DEBUG org.hibernate.orm.results.loading - Calling top-level assembler (0 / 1) : org.hibernate.sql.results.graph.entity.internal.EntityAssembler@272369bb
10:24:08.839 [main] DEBUG org.hibernate.orm.results - Extracted JDBC value [0] - [18]
10:24:08.839 [main] DEBUG org.hibernate.orm.results.loading.entity - (EntityResultInitializer) Hydrated EntityKey (org.frcpm.models.Subsystem(959665121819400)): 18
10:24:08.839 [main] DEBUG org.hibernate.orm.results.loading.org.hibernate.orm.results.loading.collection - (DelayedCollectionInitializer) Current row collection key : org.frcpm.models.Subsystem(959665121819400).tasks#18
10:24:08.839 [main] DEBUG org.hibernate.orm.results.loading.entity - (EntityResultInitializer) Created new entity instance [org.frcpm.models.Subsystem(959665121819400)#18] : 104268516
10:24:08.839 [main] DEBUG org.hibernate.orm.results - Extracted JDBC value [3] - [null]
10:24:08.839 [main] DEBUG org.hibernate.orm.results - Extracted JDBC value [1] - [null]
10:24:08.839 [main] DEBUG org.hibernate.orm.results - Extracted JDBC value [2] - [Test Count Subsystem]
10:24:08.839 [main] DEBUG org.hibernate.orm.results - Extracted JDBC value [4] - [NOT_STARTED]
10:24:08.839 [main] DEBUG org.hibernate.orm.results.loading.entity - (EntityResultInitializer) Done materializing entityInstance : org.frcpm.models.Subsystem(959665121819400)#18
10:24:08.839 [main] DEBUG org.hibernate.orm.results.loading - Calling top-level assembler (0 / 1) : org.hibernate.sql.results.graph.entity.internal.EntityAssembler@272369bb
10:24:08.839 [main] DEBUG org.hibernate.orm.results - Extracted JDBC value [0] - [22]
10:24:08.839 [main] DEBUG org.hibernate.orm.results.loading.entity - (EntityResultInitializer) Hydrated EntityKey (org.frcpm.models.Subsystem(959665121819400)): 22
10:24:08.839 [main] DEBUG org.hibernate.orm.results.loading.org.hibernate.orm.results.loading.collection - (DelayedCollectionInitializer) Current row collection key : org.frcpm.models.Subsystem(959665121819400).tasks#22
10:24:08.839 [main] DEBUG org.hibernate.orm.results.loading.entity - (EntityResultInitializer) Created new entity instance [org.frcpm.models.Subsystem(959665121819400)#22] : 1280383250
10:24:08.839 [main] DEBUG org.hibernate.orm.results - Extracted JDBC value [3] - [null]
10:24:08.839 [main] DEBUG org.hibernate.orm.results - Extracted JDBC value [1] - [Save subsystem description]
10:24:08.839 [main] DEBUG org.hibernate.orm.results - Extracted JDBC value [2] - [Test Save Subsystem]
10:24:08.839 [main] DEBUG org.hibernate.orm.results - Extracted JDBC value [4] - [TESTING]
10:24:08.839 [main] DEBUG org.hibernate.orm.results.loading.entity - (EntityResultInitializer) Done materializing entityInstance : org.frcpm.models.Subsystem(959665121819400)#22
10:24:08.839 [main] DEBUG org.hibernate.orm.results.loading - Calling top-level assembler (0 / 1) : org.hibernate.sql.results.graph.entity.internal.EntityAssembler@272369bb
10:24:08.839 [main] DEBUG org.hibernate.orm.results - Extracted JDBC value [0] - [43]
10:24:08.839 [main] DEBUG org.hibernate.orm.results.loading.entity - (EntityResultInitializer) Hydrated EntityKey (org.frcpm.models.Subsystem(959665121819400)): 43
10:24:08.839 [main] DEBUG org.hibernate.orm.results.loading.org.hibernate.orm.results.loading.collection - (DelayedCollectionInitializer) Current row collection key : org.frcpm.models.Subsystem(959665121819400).tasks#43
10:24:08.839 [main] DEBUG org.hibernate.orm.results.loading.entity - (EntityResultInitializer) Created new entity instance [org.frcpm.models.Subsystem(959665121819400)#43] : 543617235
10:24:08.839 [main] DEBUG org.hibernate.orm.results - Extracted JDBC value [3] - [null]
10:24:08.839 [main] DEBUG org.hibernate.orm.results - Extracted JDBC value [1] - [Updated description]
10:24:08.839 [main] DEBUG org.hibernate.orm.results - Extracted JDBC value [2] - [Updated Subsystem Name]
10:24:08.839 [main] DEBUG org.hibernate.orm.results - Extracted JDBC value [4] - [ISSUES]
10:24:08.839 [main] DEBUG org.hibernate.orm.results.loading.entity - (EntityResultInitializer) Done materializing entityInstance : org.frcpm.models.Subsystem(959665121819400)#43
10:24:08.839 [main] DEBUG org.hibernate.orm.results.loading - Calling top-level assembler (0 / 1) : org.hibernate.sql.results.graph.entity.internal.EntityAssembler@272369bb
10:24:08.839 [main] DEBUG org.hibernate.orm.results - Extracted JDBC value [0] - [44]
10:24:08.839 [main] DEBUG org.hibernate.orm.results.loading.entity - (EntityResultInitializer) Hydrated EntityKey (org.frcpm.models.Subsystem(959665121819400)): 44
10:24:08.839 [main] DEBUG org.hibernate.orm.results.loading.org.hibernate.orm.results.loading.collection - (DelayedCollectionInitializer) Current row collection key : org.frcpm.models.Subsystem(959665121819400).tasks#44
10:24:08.839 [main] DEBUG org.hibernate.orm.results.loading.entity - (EntityResultInitializer) Created new entity instance [org.frcpm.models.Subsystem(959665121819400)#44] : 1148442672
10:24:08.839 [main] DEBUG org.hibernate.orm.results - Extracted JDBC value [3] - [null]
10:24:08.839 [main] DEBUG org.hibernate.orm.results - Extracted JDBC value [1] - [null]
10:24:08.839 [main] DEBUG org.hibernate.orm.results - Extracted JDBC value [2] - [Test Task Subsystem]
10:24:08.839 [main] DEBUG org.hibernate.orm.results - Extracted JDBC value [4] - [NOT_STARTED]
10:24:08.839 [main] DEBUG org.hibernate.orm.results.loading.entity - (EntityResultInitializer) Done materializing entityInstance : org.frcpm.models.Subsystem(959665121819400)#44
10:24:08.839 [main] DEBUG org.hibernate.orm.results.loading - Calling top-level assembler (0 / 1) : org.hibernate.sql.results.graph.entity.internal.EntityAssembler@272369bb
10:24:08.839 [main] DEBUG org.hibernate.orm.results - Extracted JDBC value [0] - [45]
10:24:08.839 [main] DEBUG org.hibernate.orm.results.loading.entity - (EntityResultInitializer) Hydrated EntityKey (org.frcpm.models.Subsystem(959665121819400)): 45
10:24:08.839 [main] DEBUG org.hibernate.orm.results.loading.org.hibernate.orm.results.loading.collection - (DelayedCollectionInitializer) Current row collection key : org.frcpm.models.Subsystem(959665121819400).tasks#45
10:24:08.839 [main] DEBUG org.hibernate.orm.results.loading.entity - (EntityResultInitializer) Created new entity instance [org.frcpm.models.Subsystem(959665121819400)#45] : 179018965
10:24:08.839 [main] DEBUG org.hibernate.orm.results - Extracted JDBC value [3] - [null]
10:24:08.839 [main] DEBUG org.hibernate.orm.results - Extracted JDBC value [1] - [null]
10:24:08.839 [main] DEBUG org.hibernate.orm.results - Extracted JDBC value [2] - [Test Task Subsystem]
10:24:08.839 [main] DEBUG org.hibernate.orm.results - Extracted JDBC value [4] - [NOT_STARTED]
10:24:08.839 [main] DEBUG org.hibernate.orm.results.loading.entity - (EntityResultInitializer) Done materializing entityInstance : org.frcpm.models.Subsystem(959665121819400)#45
10:24:08.839 [main] DEBUG org.hibernate.orm.results.loading - Calling top-level assembler (0 / 1) : org.hibernate.sql.results.graph.entity.internal.EntityAssembler@272369bb
10:24:08.839 [main] DEBUG org.hibernate.orm.results - Extracted JDBC value [0] - [46]
10:24:08.839 [main] DEBUG org.hibernate.orm.results.loading.entity - (EntityResultInitializer) Hydrated EntityKey (org.frcpm.models.Subsystem(959665121819400)): 46
10:24:08.839 [main] DEBUG org.hibernate.orm.results.loading.org.hibernate.orm.results.loading.collection - (DelayedCollectionInitializer) Current row collection key : org.frcpm.models.Subsystem(959665121819400).tasks#46
10:24:08.839 [main] DEBUG org.hibernate.orm.results.loading.entity - (EntityResultInitializer) Created new entity instance [org.frcpm.models.Subsystem(959665121819400)#46] : 652094456
10:24:08.839 [main] DEBUG org.hibernate.orm.results - Extracted JDBC value [3] - [null]
10:24:08.839 [main] DEBUG org.hibernate.orm.results - Extracted JDBC value [1] - [null]
10:24:08.840 [main] DEBUG org.hibernate.orm.results - Extracted JDBC value [2] - [Test Task Subsystem]
10:24:08.840 [main] DEBUG org.hibernate.orm.results - Extracted JDBC value [4] - [NOT_STARTED]
10:24:08.840 [main] DEBUG org.hibernate.orm.results.loading.entity - (EntityResultInitializer) Done materializing entityInstance : org.frcpm.models.Subsystem(959665121819400)#46
10:24:08.840 [main] DEBUG org.hibernate.orm.results.loading - Calling top-level assembler (0 / 1) : org.hibernate.sql.results.graph.entity.internal.EntityAssembler@272369bb
10:24:08.840 [main] DEBUG org.hibernate.orm.results - Extracted JDBC value [0] - [47]
10:24:08.840 [main] DEBUG org.hibernate.orm.results.loading.entity - (EntityResultInitializer) Hydrated EntityKey (org.frcpm.models.Subsystem(959665121819400)): 47
10:24:08.840 [main] DEBUG org.hibernate.orm.results.loading.org.hibernate.orm.results.loading.collection - (DelayedCollectionInitializer) Current row collection key : org.frcpm.models.Subsystem(959665121819400).tasks#47
10:24:08.840 [main] DEBUG org.hibernate.orm.results.loading.entity - (EntityResultInitializer) Created new entity instance [org.frcpm.models.Subsystem(959665121819400)#47] : 232427712
10:24:08.840 [main] DEBUG org.hibernate.orm.results - Extracted JDBC value [3] - [null]
10:24:08.840 [main] DEBUG org.hibernate.orm.results - Extracted JDBC value [1] - [null]
10:24:08.840 [main] DEBUG org.hibernate.orm.results - Extracted JDBC value [2] - [Test Task Subsystem]
10:24:08.840 [main] DEBUG org.hibernate.orm.results - Extracted JDBC value [4] - [NOT_STARTED]
10:24:08.840 [main] DEBUG org.hibernate.orm.results.loading.entity - (EntityResultInitializer) Done materializing entityInstance : org.frcpm.models.Subsystem(959665121819400)#47
10:24:08.840 [main] DEBUG org.hibernate.orm.results.loading - Calling top-level assembler (0 / 1) : org.hibernate.sql.results.graph.entity.internal.EntityAssembler@272369bb
10:24:08.840 [main] DEBUG org.hibernate.orm.results - Extracted JDBC value [0] - [48]
10:24:08.840 [main] DEBUG org.hibernate.orm.results.loading.entity - (EntityResultInitializer) Hydrated EntityKey (org.frcpm.models.Subsystem(959665121819400)): 48
10:24:08.840 [main] DEBUG org.hibernate.orm.results.loading.org.hibernate.orm.results.loading.collection - (DelayedCollectionInitializer) Current row collection key : org.frcpm.models.Subsystem(959665121819400).tasks#48
10:24:08.840 [main] DEBUG org.hibernate.orm.results.loading.entity - (EntityResultInitializer) Created new entity instance [org.frcpm.models.Subsystem(959665121819400)#48] : 268491754
10:24:08.840 [main] DEBUG org.hibernate.orm.results - Extracted JDBC value [3] - [null]
10:24:08.840 [main] DEBUG org.hibernate.orm.results - Extracted JDBC value [1] - [null]
10:24:08.840 [main] DEBUG org.hibernate.orm.results - Extracted JDBC value [2] - [Test Task Subsystem]
10:24:08.840 [main] DEBUG org.hibernate.orm.results - Extracted JDBC value [4] - [NOT_STARTED]
10:24:08.840 [main] DEBUG org.hibernate.orm.results.loading.entity - (EntityResultInitializer) Done materializing entityInstance : org.frcpm.models.Subsystem(959665121819400)#48
10:24:08.840 [main] DEBUG org.hibernate.orm.results.loading - Calling top-level assembler (0 / 1) : org.hibernate.sql.results.graph.entity.internal.EntityAssembler@272369bb
10:24:08.840 [main] DEBUG org.hibernate.orm.results - Extracted JDBC value [0] - [49]
10:24:08.840 [main] DEBUG org.hibernate.orm.results.loading.entity - (EntityResultInitializer) Hydrated EntityKey (org.frcpm.models.Subsystem(959665121819400)): 49
10:24:08.840 [main] DEBUG org.hibernate.orm.results.loading.org.hibernate.orm.results.loading.collection - (DelayedCollectionInitializer) Current row collection key : org.frcpm.models.Subsystem(959665121819400).tasks#49
10:24:08.840 [main] DEBUG org.hibernate.orm.results.loading.entity - (EntityResultInitializer) Created new entity instance [org.frcpm.models.Subsystem(959665121819400)#49] : 495084745
10:24:08.840 [main] DEBUG org.hibernate.orm.results - Extracted JDBC value [3] - [null]
10:24:08.840 [main] DEBUG org.hibernate.orm.results - Extracted JDBC value [1] - [null]
10:24:08.840 [main] DEBUG org.hibernate.orm.results - Extracted JDBC value [2] - [Test Task Subsystem]
10:24:08.840 [main] DEBUG org.hibernate.orm.results - Extracted JDBC value [4] - [NOT_STARTED]
10:24:08.840 [main] DEBUG org.hibernate.orm.results.loading.entity - (EntityResultInitializer) Done materializing entityInstance : org.frcpm.models.Subsystem(959665121819400)#49
10:24:08.840 [main] DEBUG org.hibernate.orm.results.loading - Calling top-level assembler (0 / 1) : org.hibernate.sql.results.graph.entity.internal.EntityAssembler@272369bb
10:24:08.840 [main] DEBUG org.hibernate.orm.results - Extracted JDBC value [0] - [50]
10:24:08.840 [main] DEBUG org.hibernate.orm.results.loading.entity - (EntityResultInitializer) Hydrated EntityKey (org.frcpm.models.Subsystem(959665121819400)): 50
10:24:08.840 [main] DEBUG org.hibernate.orm.results.loading.org.hibernate.orm.results.loading.collection - (DelayedCollectionInitializer) Current row collection key : org.frcpm.models.Subsystem(959665121819400).tasks#50
10:24:08.840 [main] DEBUG org.hibernate.orm.results.loading.entity - (EntityResultInitializer) Created new entity instance [org.frcpm.models.Subsystem(959665121819400)#50] : 2032603591
10:24:08.840 [main] DEBUG org.hibernate.orm.results - Extracted JDBC value [3] - [null]
10:24:08.840 [main] DEBUG org.hibernate.orm.results - Extracted JDBC value [1] - [null]
10:24:08.840 [main] DEBUG org.hibernate.orm.results - Extracted JDBC value [2] - [Test Task Subsystem]
10:24:08.840 [main] DEBUG org.hibernate.orm.results - Extracted JDBC value [4] - [NOT_STARTED]
10:24:08.840 [main] DEBUG org.hibernate.orm.results.loading.entity - (EntityResultInitializer) Done materializing entityInstance : org.frcpm.models.Subsystem(959665121819400)#50
10:24:08.840 [main] DEBUG org.hibernate.orm.results.loading - Calling top-level assembler (0 / 1) : org.hibernate.sql.results.graph.entity.internal.EntityAssembler@272369bb
10:24:08.840 [main] DEBUG org.hibernate.orm.results - Extracted JDBC value [0] - [51]
10:24:08.840 [main] DEBUG org.hibernate.orm.results.loading.entity - (EntityResultInitializer) Hydrated EntityKey (org.frcpm.models.Subsystem(959665121819400)): 51
10:24:08.840 [main] DEBUG org.hibernate.orm.results.loading.org.hibernate.orm.results.loading.collection - (DelayedCollectionInitializer) Current row collection key : org.frcpm.models.Subsystem(959665121819400).tasks#51
10:24:08.840 [main] DEBUG org.hibernate.orm.results.loading.entity - (EntityResultInitializer) Created new entity instance [org.frcpm.models.Subsystem(959665121819400)#51] : 250837356
10:24:08.840 [main] DEBUG org.hibernate.orm.results - Extracted JDBC value [3] - [null]
10:24:08.840 [main] DEBUG org.hibernate.orm.results - Extracted JDBC value [1] - [null]
10:24:08.840 [main] DEBUG org.hibernate.orm.results - Extracted JDBC value [2] - [Test Task Subsystem]
10:24:08.840 [main] DEBUG org.hibernate.orm.results - Extracted JDBC value [4] - [NOT_STARTED]
10:24:08.840 [main] DEBUG org.hibernate.orm.results.loading.entity - (EntityResultInitializer) Done materializing entityInstance : org.frcpm.models.Subsystem(959665121819400)#51
10:24:08.840 [main] DEBUG org.hibernate.orm.results.loading - Calling top-level assembler (0 / 1) : org.hibernate.sql.results.graph.entity.internal.EntityAssembler@272369bb
10:24:08.840 [main] DEBUG org.hibernate.orm.results - Extracted JDBC value [0] - [52]
10:24:08.840 [main] DEBUG org.hibernate.orm.results.loading.entity - (EntityResultInitializer) Hydrated EntityKey (org.frcpm.models.Subsystem(959665121819400)): 52
10:24:08.840 [main] DEBUG org.hibernate.orm.results.loading.org.hibernate.orm.results.loading.collection - (DelayedCollectionInitializer) Current row collection key : org.frcpm.models.Subsystem(959665121819400).tasks#52
10:24:08.840 [main] DEBUG org.hibernate.orm.results.loading.entity - (EntityResultInitializer) Created new entity instance [org.frcpm.models.Subsystem(959665121819400)#52] : 1386923775
10:24:08.840 [main] DEBUG org.hibernate.orm.results - Extracted JDBC value [3] - [null]
10:24:08.840 [main] DEBUG org.hibernate.orm.results - Extracted JDBC value [1] - [null]
10:24:08.840 [main] DEBUG org.hibernate.orm.results - Extracted JDBC value [2] - [Test Task Subsystem]
10:24:08.840 [main] DEBUG org.hibernate.orm.results - Extracted JDBC value [4] - [NOT_STARTED]
10:24:08.840 [main] DEBUG org.hibernate.orm.results.loading.entity - (EntityResultInitializer) Done materializing entityInstance : org.frcpm.models.Subsystem(959665121819400)#52
10:24:08.840 [main] DEBUG org.hibernate.orm.results.loading - Calling top-level assembler (0 / 1) : org.hibernate.sql.results.graph.entity.internal.EntityAssembler@272369bb
10:24:08.840 [main] DEBUG org.hibernate.orm.results - Extracted JDBC value [0] - [53]
10:24:08.840 [main] DEBUG org.hibernate.orm.results.loading.entity - (EntityResultInitializer) Hydrated EntityKey (org.frcpm.models.Subsystem(959665121819400)): 53
10:24:08.840 [main] DEBUG org.hibernate.orm.results.loading.org.hibernate.orm.results.loading.collection - (DelayedCollectionInitializer) Current row collection key : org.frcpm.models.Subsystem(959665121819400).tasks#53
10:24:08.840 [main] DEBUG org.hibernate.orm.results.loading.entity - (EntityResultInitializer) Created new entity instance [org.frcpm.models.Subsystem(959665121819400)#53] : 144525850
10:24:08.840 [main] DEBUG org.hibernate.orm.results - Extracted JDBC value [3] - [null]
10:24:08.840 [main] DEBUG org.hibernate.orm.results - Extracted JDBC value [1] - [null]
10:24:08.840 [main] DEBUG org.hibernate.orm.results - Extracted JDBC value [2] - [Test Task Subsystem]
10:24:08.840 [main] DEBUG org.hibernate.orm.results - Extracted JDBC value [4] - [NOT_STARTED]
10:24:08.840 [main] DEBUG org.hibernate.orm.results.loading.entity - (EntityResultInitializer) Done materializing entityInstance : org.frcpm.models.Subsystem(959665121819400)#53
10:24:08.840 [main] DEBUG org.hibernate.orm.results.loading - Calling top-level assembler (0 / 1) : org.hibernate.sql.results.graph.entity.internal.EntityAssembler@272369bb
10:24:08.840 [main] DEBUG org.hibernate.orm.results - Extracted JDBC value [0] - [54]
10:24:08.840 [main] DEBUG org.hibernate.orm.results.loading.entity - (EntityResultInitializer) Hydrated EntityKey (org.frcpm.models.Subsystem(959665121819400)): 54
10:24:08.840 [main] DEBUG org.hibernate.orm.results.loading.org.hibernate.orm.results.loading.collection - (DelayedCollectionInitializer) Current row collection key : org.frcpm.models.Subsystem(959665121819400).tasks#54
10:24:08.840 [main] DEBUG org.hibernate.orm.results.loading.entity - (EntityResultInitializer) Created new entity instance [org.frcpm.models.Subsystem(959665121819400)#54] : 233079826
10:24:08.840 [main] DEBUG org.hibernate.orm.results - Extracted JDBC value [3] - [null]
10:24:08.840 [main] DEBUG org.hibernate.orm.results - Extracted JDBC value [1] - [null]
10:24:08.840 [main] DEBUG org.hibernate.orm.results - Extracted JDBC value [2] - [Test Task Subsystem]
10:24:08.840 [main] DEBUG org.hibernate.orm.results - Extracted JDBC value [4] - [NOT_STARTED]
10:24:08.840 [main] DEBUG org.hibernate.orm.results.loading.entity - (EntityResultInitializer) Done materializing entityInstance : org.frcpm.models.Subsystem(959665121819400)#54
10:24:08.840 [main] DEBUG org.hibernate.orm.results.loading - Calling top-level assembler (0 / 1) : org.hibernate.sql.results.graph.entity.internal.EntityAssembler@272369bb
10:24:08.840 [main] DEBUG org.hibernate.orm.results - Extracted JDBC value [0] - [55]
10:24:08.840 [main] DEBUG org.hibernate.orm.results.loading.entity - (EntityResultInitializer) Hydrated EntityKey (org.frcpm.models.Subsystem(959665121819400)): 55
10:24:08.840 [main] DEBUG org.hibernate.orm.results.loading.org.hibernate.orm.results.loading.collection - (DelayedCollectionInitializer) Current row collection key : org.frcpm.models.Subsystem(959665121819400).tasks#55
10:24:08.840 [main] DEBUG org.hibernate.orm.results.loading.entity - (EntityResultInitializer) Created new entity instance [org.frcpm.models.Subsystem(959665121819400)#55] : 1898124854
10:24:08.840 [main] DEBUG org.hibernate.orm.results - Extracted JDBC value [3] - [null]
10:24:08.840 [main] DEBUG org.hibernate.orm.results - Extracted JDBC value [1] - [null]
10:24:08.840 [main] DEBUG org.hibernate.orm.results - Extracted JDBC value [2] - [Test Task Subsystem]
10:24:08.840 [main] DEBUG org.hibernate.orm.results - Extracted JDBC value [4] - [NOT_STARTED]
10:24:08.840 [main] DEBUG org.hibernate.orm.results.loading.entity - (EntityResultInitializer) Done materializing entityInstance : org.frcpm.models.Subsystem(959665121819400)#55
10:24:08.840 [main] DEBUG org.hibernate.orm.results.loading - Calling top-level assembler (0 / 1) : org.hibernate.sql.results.graph.entity.internal.EntityAssembler@272369bb
10:24:08.840 [main] DEBUG org.hibernate.orm.results - Extracted JDBC value [0] - [56]
10:24:08.840 [main] DEBUG org.hibernate.orm.results.loading.entity - (EntityResultInitializer) Hydrated EntityKey (org.frcpm.models.Subsystem(959665121819400)): 56
10:24:08.840 [main] DEBUG org.hibernate.orm.results.loading.org.hibernate.orm.results.loading.collection - (DelayedCollectionInitializer) Current row collection key : org.frcpm.models.Subsystem(959665121819400).tasks#56
10:24:08.840 [main] DEBUG org.hibernate.orm.results.loading.entity - (EntityResultInitializer) Created new entity instance [org.frcpm.models.Subsystem(959665121819400)#56] : 946099871
10:24:08.840 [main] DEBUG org.hibernate.orm.results - Extracted JDBC value [3] - [null]
10:24:08.840 [main] DEBUG org.hibernate.orm.results - Extracted JDBC value [1] - [null]
10:24:08.840 [main] DEBUG org.hibernate.orm.results - Extracted JDBC value [2] - [Test Task Subsystem]
10:24:08.840 [main] DEBUG org.hibernate.orm.results - Extracted JDBC value [4] - [NOT_STARTED]
10:24:08.840 [main] DEBUG org.hibernate.orm.results.loading.entity - (EntityResultInitializer) Done materializing entityInstance : org.frcpm.models.Subsystem(959665121819400)#56
10:24:08.840 [main] DEBUG org.hibernate.orm.results.loading - Calling top-level assembler (0 / 1) : org.hibernate.sql.results.graph.entity.internal.EntityAssembler@272369bb
10:24:08.840 [main] DEBUG org.hibernate.orm.results - Extracted JDBC value [0] - [66]
10:24:08.840 [main] DEBUG org.hibernate.orm.results.loading.entity - (EntityResultInitializer) Hydrated EntityKey (org.frcpm.models.Subsystem(959665121819400)): 66
10:24:08.840 [main] DEBUG org.hibernate.orm.results.loading.org.hibernate.orm.results.loading.collection - (DelayedCollectionInitializer) Current row collection key : org.frcpm.models.Subsystem(959665121819400).tasks#66
10:24:08.840 [main] DEBUG org.hibernate.orm.results.loading.entity - (EntityResultInitializer) Created new entity instance [org.frcpm.models.Subsystem(959665121819400)#66] : 553387423
10:24:08.840 [main] DEBUG org.hibernate.orm.results - Extracted JDBC value [3] - [null]
10:24:08.840 [main] DEBUG org.hibernate.orm.results - Extracted JDBC value [1] - [Test subsystem for component tests]
10:24:08.840 [main] DEBUG org.hibernate.orm.results - Extracted JDBC value [2] - [Component Test Subsystem]
10:24:08.840 [main] DEBUG org.hibernate.orm.results - Extracted JDBC value [4] - [NOT_STARTED]
10:24:08.840 [main] DEBUG org.hibernate.orm.results.loading.entity - (EntityResultInitializer) Done materializing entityInstance : org.frcpm.models.Subsystem(959665121819400)#66
10:24:08.840 [main] DEBUG org.hibernate.orm.results.loading - Calling top-level assembler (0 / 1) : org.hibernate.sql.results.graph.entity.internal.EntityAssembler@272369bb
10:24:08.840 [main] DEBUG org.hibernate.resource.jdbc.internal.LogicalConnectionManagedImpl - Initiating JDBC connection release from afterTransaction
10:24:08.840 [main] DEBUG org.hibernate.resource.jdbc.internal.LogicalConnectionManagedImpl - Initiating JDBC connection release from afterTransaction
10:24:08.841 [main] DEBUG org.hibernate.orm.sql.ast.create - Created new SQL alias : s1_0
10:24:08.841 [main] DEBUG org.hibernate.orm.sql.ast.create - Registration of TableGroup [StandardTableGroup(org.frcpm.models.Subteam(959665127231600))] with identifierForTableGroup [org.frcpm.models.Subteam] for NavigablePath [org.frcpm.models.Subteam] 
10:24:08.841 [main] DEBUG org.hibernate.orm.results.graph.AST - DomainResult Graph:
 \-EntityResultImpl [org.frcpm.models.Subteam(959665127231600)]
 |  +-BasicFetch [org.frcpm.models.Subteam(959665127231600).colorCode]
 |  +-DelayedCollectionFetch [org.frcpm.models.Subteam(959665127231600).members]
 |  +-BasicFetch [org.frcpm.models.Subteam(959665127231600).name]
 |  +-BasicFetch [org.frcpm.models.Subteam(959665127231600).specialties]
 |  \-DelayedCollectionFetch [org.frcpm.models.Subteam(959665127231600).subsystems]

10:24:08.841 [main] DEBUG org.hibernate.orm.sql.ast.tree - SQL AST Tree:
    SelectStatement {
      FromClause {
        StandardTableGroup (s1 : org.frcpm.models.Subteam(959665127231600)) {
          primaryTableReference : subteams as s1_0
        }
      }
    }

10:24:08.841 [main] DEBUG org.hibernate.orm.sql.exec - Skipping reading Query result cache data: cache-enabled = false, cache-mode = NORMAL
10:24:08.841 [main] DEBUG org.hibernate.orm.results - Initializer list:
	  org.frcpm.models.Subteam(959665127231600) -> EntityResultInitializer(org.frcpm.models.Subteam(959665127231600))@518948956 (SingleTableEntityPersister(org.frcpm.models.Subteam))
	  org.frcpm.models.Subteam(959665127231600).members -> DelayedCollectionInitializer(org.frcpm.models.Subteam(959665127231600).members)@85178160 (PluralAttribute(org.frcpm.models.Subteam.members))
	  org.frcpm.models.Subteam(959665127231600).subsystems -> DelayedCollectionInitializer(org.frcpm.models.Subteam(959665127231600).subsystems)@1606662256 (PluralAttribute(org.frcpm.models.Subteam.subsystems))

10:24:08.841 [main] DEBUG org.hibernate.SQL - select s1_0.id,s1_0.color_code,s1_0.name,s1_0.specialties from subteams s1_0
10:24:08.841 [main] DEBUG org.hibernate.orm.results - Extracted JDBC value [0] - [1]
10:24:08.841 [main] DEBUG org.hibernate.orm.results.loading.entity - (EntityResultInitializer) Hydrated EntityKey (org.frcpm.models.Subteam(959665127231600)): 1
10:24:08.841 [main] DEBUG org.hibernate.orm.results.loading.org.hibernate.orm.results.loading.collection - (DelayedCollectionInitializer) Current row collection key : org.frcpm.models.Subteam(959665127231600).members#1
10:24:08.841 [main] DEBUG org.hibernate.orm.results.loading.org.hibernate.orm.results.loading.collection - (DelayedCollectionInitializer) Current row collection key : org.frcpm.models.Subteam(959665127231600).subsystems#1
10:24:08.841 [main] DEBUG org.hibernate.orm.results.loading.entity - (EntityResultInitializer) Created new entity instance [org.frcpm.models.Subteam(959665127231600)#1] : 1729043845
10:24:08.841 [main] DEBUG org.hibernate.orm.results - Extracted JDBC value [1] - [#FF5733]
10:24:08.841 [main] DEBUG org.hibernate.orm.results - Extracted JDBC value [2] - [Mechanical]
10:24:08.841 [main] DEBUG org.hibernate.orm.results - Extracted JDBC value [3] - [Design, CAD, Fabrication, Assembly]
10:24:08.841 [main] DEBUG org.hibernate.orm.results.loading.entity - (EntityResultInitializer) Done materializing entityInstance : org.frcpm.models.Subteam(959665127231600)#1
10:24:08.842 [main] DEBUG org.hibernate.orm.results.loading - Calling top-level assembler (0 / 1) : org.hibernate.sql.results.graph.entity.internal.EntityAssembler@79e35c46
10:24:08.842 [main] DEBUG org.hibernate.orm.results - Extracted JDBC value [0] - [2]
10:24:08.842 [main] DEBUG org.hibernate.orm.results.loading.entity - (EntityResultInitializer) Hydrated EntityKey (org.frcpm.models.Subteam(959665127231600)): 2
10:24:08.842 [main] DEBUG org.hibernate.orm.results.loading.org.hibernate.orm.results.loading.collection - (DelayedCollectionInitializer) Current row collection key : org.frcpm.models.Subteam(959665127231600).members#2
10:24:08.842 [main] DEBUG org.hibernate.orm.results.loading.org.hibernate.orm.results.loading.collection - (DelayedCollectionInitializer) Current row collection key : org.frcpm.models.Subteam(959665127231600).subsystems#2
10:24:08.842 [main] DEBUG org.hibernate.orm.results.loading.entity - (EntityResultInitializer) Created new entity instance [org.frcpm.models.Subteam(959665127231600)#2] : 1713345994
10:24:08.842 [main] DEBUG org.hibernate.orm.results - Extracted JDBC value [1] - [#33A8FF]
10:24:08.842 [main] DEBUG org.hibernate.orm.results - Extracted JDBC value [2] - [Electrical]
10:24:08.842 [main] DEBUG org.hibernate.orm.results - Extracted JDBC value [3] - [Wiring, Electronics, Sensors, Power Systems]
10:24:08.842 [main] DEBUG org.hibernate.orm.results.loading.entity - (EntityResultInitializer) Done materializing entityInstance : org.frcpm.models.Subteam(959665127231600)#2
10:24:08.842 [main] DEBUG org.hibernate.orm.results.loading - Calling top-level assembler (0 / 1) : org.hibernate.sql.results.graph.entity.internal.EntityAssembler@79e35c46
10:24:08.842 [main] DEBUG org.hibernate.orm.results - Extracted JDBC value [0] - [3]
10:24:08.842 [main] DEBUG org.hibernate.orm.results.loading.entity - (EntityResultInitializer) Hydrated EntityKey (org.frcpm.models.Subteam(959665127231600)): 3
10:24:08.842 [main] DEBUG org.hibernate.orm.results.loading.org.hibernate.orm.results.loading.collection - (DelayedCollectionInitializer) Current row collection key : org.frcpm.models.Subteam(959665127231600).members#3
10:24:08.842 [main] DEBUG org.hibernate.orm.results.loading.org.hibernate.orm.results.loading.collection - (DelayedCollectionInitializer) Current row collection key : org.frcpm.models.Subteam(959665127231600).subsystems#3
10:24:08.842 [main] DEBUG org.hibernate.orm.results.loading.entity - (EntityResultInitializer) Created new entity instance [org.frcpm.models.Subteam(959665127231600)#3] : 308195913
10:24:08.842 [main] DEBUG org.hibernate.orm.results - Extracted JDBC value [1] - [#33FF57]
10:24:08.842 [main] DEBUG org.hibernate.orm.results - Extracted JDBC value [2] - [Programming]
10:24:08.842 [main] DEBUG org.hibernate.orm.results - Extracted JDBC value [3] - [Java, Vision, Control Systems, Autonomous]
10:24:08.842 [main] DEBUG org.hibernate.orm.results.loading.entity - (EntityResultInitializer) Done materializing entityInstance : org.frcpm.models.Subteam(959665127231600)#3
10:24:08.842 [main] DEBUG org.hibernate.orm.results.loading - Calling top-level assembler (0 / 1) : org.hibernate.sql.results.graph.entity.internal.EntityAssembler@79e35c46
10:24:08.842 [main] DEBUG org.hibernate.orm.results - Extracted JDBC value [0] - [4]
10:24:08.842 [main] DEBUG org.hibernate.orm.results.loading.entity - (EntityResultInitializer) Hydrated EntityKey (org.frcpm.models.Subteam(959665127231600)): 4
10:24:08.842 [main] DEBUG org.hibernate.orm.results.loading.org.hibernate.orm.results.loading.collection - (DelayedCollectionInitializer) Current row collection key : org.frcpm.models.Subteam(959665127231600).members#4
10:24:08.842 [main] DEBUG org.hibernate.orm.results.loading.org.hibernate.orm.results.loading.collection - (DelayedCollectionInitializer) Current row collection key : org.frcpm.models.Subteam(959665127231600).subsystems#4
10:24:08.842 [main] DEBUG org.hibernate.orm.results.loading.entity - (EntityResultInitializer) Created new entity instance [org.frcpm.models.Subteam(959665127231600)#4] : 188006780
10:24:08.842 [main] DEBUG org.hibernate.orm.results - Extracted JDBC value [1] - [#FF33A8]
10:24:08.842 [main] DEBUG org.hibernate.orm.results - Extracted JDBC value [2] - [Business]
10:24:08.842 [main] DEBUG org.hibernate.orm.results - Extracted JDBC value [3] - [Fundraising, Marketing, Outreach, Awards]
10:24:08.842 [main] DEBUG org.hibernate.orm.results.loading.entity - (EntityResultInitializer) Done materializing entityInstance : org.frcpm.models.Subteam(959665127231600)#4
10:24:08.842 [main] DEBUG org.hibernate.orm.results.loading - Calling top-level assembler (0 / 1) : org.hibernate.sql.results.graph.entity.internal.EntityAssembler@79e35c46
10:24:08.842 [main] DEBUG org.hibernate.orm.results - Extracted JDBC value [0] - [24]
10:24:08.842 [main] DEBUG org.hibernate.orm.results.loading.entity - (EntityResultInitializer) Hydrated EntityKey (org.frcpm.models.Subteam(959665127231600)): 24
10:24:08.842 [main] DEBUG org.hibernate.orm.results.loading.org.hibernate.orm.results.loading.collection - (DelayedCollectionInitializer) Current row collection key : org.frcpm.models.Subteam(959665127231600).members#24
10:24:08.842 [main] DEBUG org.hibernate.orm.results.loading.org.hibernate.orm.results.loading.collection - (DelayedCollectionInitializer) Current row collection key : org.frcpm.models.Subteam(959665127231600).subsystems#24
10:24:08.842 [main] DEBUG org.hibernate.orm.results.loading.entity - (EntityResultInitializer) Created new entity instance [org.frcpm.models.Subteam(959665127231600)#24] : 2128834000
10:24:08.842 [main] DEBUG org.hibernate.orm.results - Extracted JDBC value [1] - [#0000FF]
10:24:08.842 [main] DEBUG org.hibernate.orm.results - Extracted JDBC value [2] - [Test Count Subteam]
10:24:08.842 [main] DEBUG org.hibernate.orm.results - Extracted JDBC value [3] - [null]
10:24:08.842 [main] DEBUG org.hibernate.orm.results.loading.entity - (EntityResultInitializer) Done materializing entityInstance : org.frcpm.models.Subteam(959665127231600)#24
10:24:08.842 [main] DEBUG org.hibernate.orm.results.loading - Calling top-level assembler (0 / 1) : org.hibernate.sql.results.graph.entity.internal.EntityAssembler@79e35c46
10:24:08.842 [main] DEBUG org.hibernate.orm.results - Extracted JDBC value [0] - [27]
10:24:08.842 [main] DEBUG org.hibernate.orm.results.loading.entity - (EntityResultInitializer) Hydrated EntityKey (org.frcpm.models.Subteam(959665127231600)): 27
10:24:08.842 [main] DEBUG org.hibernate.orm.results.loading.org.hibernate.orm.results.loading.collection - (DelayedCollectionInitializer) Current row collection key : org.frcpm.models.Subteam(959665127231600).members#27
10:24:08.843 [main] DEBUG org.hibernate.orm.results.loading.org.hibernate.orm.results.loading.collection - (DelayedCollectionInitializer) Current row collection key : org.frcpm.models.Subteam(959665127231600).subsystems#27
10:24:08.843 [main] DEBUG org.hibernate.orm.results.loading.entity - (EntityResultInitializer) Created new entity instance [org.frcpm.models.Subteam(959665127231600)#27] : 1847478384
10:24:08.843 [main] DEBUG org.hibernate.orm.results - Extracted JDBC value [1] - [#0000FF]
10:24:08.843 [main] DEBUG org.hibernate.orm.results - Extracted JDBC value [2] - [Test Save Subteam]
10:24:08.843 [main] DEBUG org.hibernate.orm.results - Extracted JDBC value [3] - [Testing]
10:24:08.843 [main] DEBUG org.hibernate.orm.results.loading.entity - (EntityResultInitializer) Done materializing entityInstance : org.frcpm.models.Subteam(959665127231600)#27
10:24:08.843 [main] DEBUG org.hibernate.orm.results.loading - Calling top-level assembler (0 / 1) : org.hibernate.sql.results.graph.entity.internal.EntityAssembler@79e35c46
10:24:08.843 [main] DEBUG org.hibernate.orm.results - Extracted JDBC value [0] - [42]
10:24:08.843 [main] DEBUG org.hibernate.orm.results.loading.entity - (EntityResultInitializer) Hydrated EntityKey (org.frcpm.models.Subteam(959665127231600)): 42
10:24:08.843 [main] DEBUG org.hibernate.orm.results.loading.org.hibernate.orm.results.loading.collection - (DelayedCollectionInitializer) Current row collection key : org.frcpm.models.Subteam(959665127231600).members#42
10:24:08.843 [main] DEBUG org.hibernate.orm.results.loading.org.hibernate.orm.results.loading.collection - (DelayedCollectionInitializer) Current row collection key : org.frcpm.models.Subteam(959665127231600).subsystems#42
10:24:08.843 [main] DEBUG org.hibernate.orm.results.loading.entity - (EntityResultInitializer) Created new entity instance [org.frcpm.models.Subteam(959665127231600)#42] : 1357357624
10:24:08.843 [main] DEBUG org.hibernate.orm.results - Extracted JDBC value [1] - [#00FFFF]
10:24:08.843 [main] DEBUG org.hibernate.orm.results - Extracted JDBC value [2] - [Updated Subteam Name]
10:24:08.843 [main] DEBUG org.hibernate.orm.results - Extracted JDBC value [3] - [null]
10:24:08.843 [main] DEBUG org.hibernate.orm.results.loading.entity - (EntityResultInitializer) Done materializing entityInstance : org.frcpm.models.Subteam(959665127231600)#42
10:24:08.843 [main] DEBUG org.hibernate.orm.results.loading - Calling top-level assembler (0 / 1) : org.hibernate.sql.results.graph.entity.internal.EntityAssembler@79e35c46
10:24:08.843 [main] DEBUG org.hibernate.orm.results - Extracted JDBC value [0] - [67]
10:24:08.843 [main] DEBUG org.hibernate.orm.results.loading.entity - (EntityResultInitializer) Hydrated EntityKey (org.frcpm.models.Subteam(959665127231600)): 67
10:24:08.843 [main] DEBUG org.hibernate.orm.results.loading.org.hibernate.orm.results.loading.collection - (DelayedCollectionInitializer) Current row collection key : org.frcpm.models.Subteam(959665127231600).members#67
10:24:08.843 [main] DEBUG org.hibernate.orm.results.loading.org.hibernate.orm.results.loading.collection - (DelayedCollectionInitializer) Current row collection key : org.frcpm.models.Subteam(959665127231600).subsystems#67
10:24:08.843 [main] DEBUG org.hibernate.orm.results.loading.entity - (EntityResultInitializer) Created new entity instance [org.frcpm.models.Subteam(959665127231600)#67] : 1264384309
10:24:08.843 [main] DEBUG org.hibernate.orm.results - Extracted JDBC value [1] - [#0000FF]
10:24:08.843 [main] DEBUG org.hibernate.orm.results - Extracted JDBC value [2] - [Test Create Service Subteam]
10:24:08.843 [main] DEBUG org.hibernate.orm.results - Extracted JDBC value [3] - [Testing, Quality Assurance]
10:24:08.843 [main] DEBUG org.hibernate.orm.results.loading.entity - (EntityResultInitializer) Done materializing entityInstance : org.frcpm.models.Subteam(959665127231600)#67
10:24:08.843 [main] DEBUG org.hibernate.orm.results.loading - Calling top-level assembler (0 / 1) : org.hibernate.sql.results.graph.entity.internal.EntityAssembler@79e35c46
10:24:08.843 [main] DEBUG org.hibernate.orm.results - Extracted JDBC value [0] - [70]
10:24:08.843 [main] DEBUG org.hibernate.orm.results.loading.entity - (EntityResultInitializer) Hydrated EntityKey (org.frcpm.models.Subteam(959665127231600)): 70
10:24:08.843 [main] DEBUG org.hibernate.orm.results.loading.org.hibernate.orm.results.loading.collection - (DelayedCollectionInitializer) Current row collection key : org.frcpm.models.Subteam(959665127231600).members#70
10:24:08.843 [main] DEBUG org.hibernate.orm.results.loading.org.hibernate.orm.results.loading.collection - (DelayedCollectionInitializer) Current row collection key : org.frcpm.models.Subteam(959665127231600).subsystems#70
10:24:08.843 [main] DEBUG org.hibernate.orm.results.loading.entity - (EntityResultInitializer) Created new entity instance [org.frcpm.models.Subteam(959665127231600)#70] : 472860435
10:24:08.843 [main] DEBUG org.hibernate.orm.results - Extracted JDBC value [1] - [#00FFFF]
10:24:08.843 [main] DEBUG org.hibernate.orm.results - Extracted JDBC value [2] - [Test Color Update Subteam]
10:24:08.843 [main] DEBUG org.hibernate.orm.results - Extracted JDBC value [3] - [Specialties]
10:24:08.843 [main] DEBUG org.hibernate.orm.results.loading.entity - (EntityResultInitializer) Done materializing entityInstance : org.frcpm.models.Subteam(959665127231600)#70
10:24:08.843 [main] DEBUG org.hibernate.orm.results.loading - Calling top-level assembler (0 / 1) : org.hibernate.sql.results.graph.entity.internal.EntityAssembler@79e35c46
10:24:08.843 [main] DEBUG org.hibernate.orm.results - Extracted JDBC value [0] - [79]
10:24:08.843 [main] DEBUG org.hibernate.orm.results.loading.entity - (EntityResultInitializer) Hydrated EntityKey (org.frcpm.models.Subteam(959665127231600)): 79
10:24:08.843 [main] DEBUG org.hibernate.orm.results.loading.org.hibernate.orm.results.loading.collection - (DelayedCollectionInitializer) Current row collection key : org.frcpm.models.Subteam(959665127231600).members#79
10:24:08.843 [main] DEBUG org.hibernate.orm.results.loading.org.hibernate.orm.results.loading.collection - (DelayedCollectionInitializer) Current row collection key : org.frcpm.models.Subteam(959665127231600).subsystems#79
10:24:08.843 [main] DEBUG org.hibernate.orm.results.loading.entity - (EntityResultInitializer) Created new entity instance [org.frcpm.models.Subteam(959665127231600)#79] : 1979249423
10:24:08.843 [main] DEBUG org.hibernate.orm.results - Extracted JDBC value [1] - [#0000FF]
10:24:08.843 [main] DEBUG org.hibernate.orm.results - Extracted JDBC value [2] - [Test Update Subteam]
10:24:08.843 [main] DEBUG org.hibernate.orm.results - Extracted JDBC value [3] - [Updated Specialties]
10:24:08.843 [main] DEBUG org.hibernate.orm.results.loading.entity - (EntityResultInitializer) Done materializing entityInstance : org.frcpm.models.Subteam(959665127231600)#79
10:24:08.843 [main] DEBUG org.hibernate.orm.results.loading - Calling top-level assembler (0 / 1) : org.hibernate.sql.results.graph.entity.internal.EntityAssembler@79e35c46
10:24:08.844 [main] DEBUG org.hibernate.orm.results - Extracted JDBC value [0] - [87]
10:24:08.844 [main] DEBUG org.hibernate.orm.results.loading.entity - (EntityResultInitializer) Hydrated EntityKey (org.frcpm.models.Subteam(959665127231600)): 87
10:24:08.844 [main] DEBUG org.hibernate.orm.results.loading.org.hibernate.orm.results.loading.collection - (DelayedCollectionInitializer) Current row collection key : org.frcpm.models.Subteam(959665127231600).members#87
10:24:08.844 [main] DEBUG org.hibernate.orm.results.loading.org.hibernate.orm.results.loading.collection - (DelayedCollectionInitializer) Current row collection key : org.frcpm.models.Subteam(959665127231600).subsystems#87
10:24:08.844 [main] DEBUG org.hibernate.orm.results.loading.entity - (EntityResultInitializer) Created new entity instance [org.frcpm.models.Subteam(959665127231600)#87] : 1527894041
10:24:08.844 [main] DEBUG org.hibernate.orm.results - Extracted JDBC value [1] - [#0000FF]
10:24:08.844 [main] DEBUG org.hibernate.orm.results - Extracted JDBC value [2] - [Duplicate Name Subteam]
10:24:08.844 [main] DEBUG org.hibernate.orm.results - Extracted JDBC value [3] - [Specialties]
10:24:08.844 [main] DEBUG org.hibernate.orm.results.loading.entity - (EntityResultInitializer) Done materializing entityInstance : org.frcpm.models.Subteam(959665127231600)#87
10:24:08.844 [main] DEBUG org.hibernate.orm.results.loading - Calling top-level assembler (0 / 1) : org.hibernate.sql.results.graph.entity.internal.EntityAssembler@79e35c46
10:24:08.844 [main] DEBUG org.hibernate.resource.jdbc.internal.LogicalConnectionManagedImpl - Initiating JDBC connection release from afterTransaction
10:24:08.844 [main] DEBUG org.hibernate.resource.jdbc.internal.LogicalConnectionManagedImpl - Initiating JDBC connection release from afterTransaction
]]></system-out>
    <system-err><![CDATA[Apr 25, 2025 10:24:08 AM org.frcpm.controllers.SubsystemController initExistingSubsystem
WARNING: Cannot initialize with null subsystem
]]></system-err>
  </testcase>
  <testcase name="testHandleViewTask_NullTask" classname="org.frcpm.controllers.SubsystemControllerTest" time="0.015">
    <system-out><![CDATA[10:24:08.850 [main] DEBUG org.hibernate.orm.sql.ast.create - Created new SQL alias : s1_0
10:24:08.850 [main] DEBUG org.hibernate.orm.sql.ast.create - Registration of TableGroup [StandardTableGroup(org.frcpm.models.Subsystem(959665136128400))] with identifierForTableGroup [org.frcpm.models.Subsystem] for NavigablePath [org.frcpm.models.Subsystem] 
10:24:08.851 [main] DEBUG org.hibernate.orm.sql.ast.create - Registration of TableGroup [org.hibernate.sql.ast.tree.from.LazyTableGroup@25ebbb3e] with identifierForTableGroup [org.frcpm.models.Subsystem.responsibleSubteam] for NavigablePath [org.frcpm.models.Subsystem.responsibleSubteam] 
10:24:08.851 [main] DEBUG org.hibernate.orm.results.graph.AST - DomainResult Graph:
 \-EntityResultImpl [org.frcpm.models.Subsystem(959665136128400)]
 |  +-BasicFetch [org.frcpm.models.Subsystem(959665136128400).description]
 |  +-BasicFetch [org.frcpm.models.Subsystem(959665136128400).name]
 |  +-CircularFetchImpl [org.frcpm.models.Subsystem(959665136128400).responsibleSubteam]
 |  +-BasicFetch [org.frcpm.models.Subsystem(959665136128400).status]
 |  \-DelayedCollectionFetch [org.frcpm.models.Subsystem(959665136128400).tasks]

10:24:08.851 [main] DEBUG org.hibernate.orm.sql.ast.tree - SQL AST Tree:
    SelectStatement {
      FromClause {
        StandardTableGroup (s1 : org.frcpm.models.Subsystem(959665136128400)) {
          primaryTableReference : subsystems as s1_0
          TableGroupJoins {
            left  join LazyTableGroup (rs1 : org.frcpm.models.Subsystem(959665136128400).responsibleSubteam) {
            }
          }
        }
      }
    }

10:24:08.851 [main] DEBUG org.hibernate.orm.sql.exec - Skipping reading Query result cache data: cache-enabled = false, cache-mode = NORMAL
10:24:08.852 [main] DEBUG org.hibernate.orm.results - Initializer list:
	  org.frcpm.models.Subsystem(959665136128400).responsibleSubteam -> EntityDelayedFetchInitializer(org.frcpm.models.Subsystem(959665136128400).responsibleSubteam)@1039058336 (ToOneAttributeMapping(NavigableRole[org.frcpm.models.Subsystem.responsibleSubteam])@135084207)
	  org.frcpm.models.Subsystem(959665136128400).tasks -> DelayedCollectionInitializer(org.frcpm.models.Subsystem(959665136128400).tasks)@1019192512 (PluralAttribute(org.frcpm.models.Subsystem.tasks))
	  org.frcpm.models.Subsystem(959665136128400) -> EntityResultInitializer(org.frcpm.models.Subsystem(959665136128400))@585297751 (SingleTableEntityPersister(org.frcpm.models.Subsystem))

10:24:08.852 [main] DEBUG org.hibernate.SQL - select s1_0.id,s1_0.description,s1_0.name,s1_0.responsible_subteam_id,s1_0.status from subsystems s1_0
10:24:08.853 [main] DEBUG org.hibernate.orm.results - Extracted JDBC value [0] - [1]
10:24:08.853 [main] DEBUG org.hibernate.orm.results.loading.entity - (EntityResultInitializer) Hydrated EntityKey (org.frcpm.models.Subsystem(959665136128400)): 1
10:24:08.853 [main] DEBUG org.hibernate.orm.results.loading.org.hibernate.orm.results.loading.collection - (DelayedCollectionInitializer) Current row collection key : org.frcpm.models.Subsystem(959665136128400).tasks#1
10:24:08.853 [main] DEBUG org.hibernate.orm.results.loading.entity - (EntityResultInitializer) Created new entity instance [org.frcpm.models.Subsystem(959665136128400)#1] : 1350082590
10:24:08.853 [main] DEBUG org.hibernate.orm.results - Extracted JDBC value [3] - [1]
10:24:08.853 [main] DEBUG org.hibernate.orm.results - Extracted JDBC value [1] - [Robot movement and navigation system]
10:24:08.853 [main] DEBUG org.hibernate.orm.results - Extracted JDBC value [2] - [Drivetrain]
10:24:08.853 [main] DEBUG org.hibernate.orm.results - Extracted JDBC value [4] - [IN_PROGRESS]
10:24:08.853 [main] DEBUG org.hibernate.orm.results.loading.entity - (EntityResultInitializer) Done materializing entityInstance : org.frcpm.models.Subsystem(959665136128400)#1
10:24:08.853 [main] DEBUG org.hibernate.orm.results.loading - Calling top-level assembler (0 / 1) : org.hibernate.sql.results.graph.entity.internal.EntityAssembler@7b7030b7
10:24:08.853 [main] DEBUG org.hibernate.orm.results - Extracted JDBC value [0] - [2]
10:24:08.853 [main] DEBUG org.hibernate.orm.results.loading.entity - (EntityResultInitializer) Hydrated EntityKey (org.frcpm.models.Subsystem(959665136128400)): 2
10:24:08.854 [main] DEBUG org.hibernate.orm.results.loading.org.hibernate.orm.results.loading.collection - (DelayedCollectionInitializer) Current row collection key : org.frcpm.models.Subsystem(959665136128400).tasks#2
10:24:08.854 [main] DEBUG org.hibernate.orm.results.loading.entity - (EntityResultInitializer) Created new entity instance [org.frcpm.models.Subsystem(959665136128400)#2] : 1858013944
10:24:08.854 [main] DEBUG org.hibernate.orm.results - Extracted JDBC value [3] - [1]
10:24:08.854 [main] DEBUG org.hibernate.orm.results - Extracted JDBC value [1] - [Mechanism for collecting game pieces]
10:24:08.854 [main] DEBUG org.hibernate.orm.results - Extracted JDBC value [2] - [Intake]
10:24:08.854 [main] DEBUG org.hibernate.orm.results - Extracted JDBC value [4] - [NOT_STARTED]
10:24:08.854 [main] DEBUG org.hibernate.orm.results.loading.entity - (EntityResultInitializer) Done materializing entityInstance : org.frcpm.models.Subsystem(959665136128400)#2
10:24:08.854 [main] DEBUG org.hibernate.orm.results.loading - Calling top-level assembler (0 / 1) : org.hibernate.sql.results.graph.entity.internal.EntityAssembler@7b7030b7
10:24:08.854 [main] DEBUG org.hibernate.orm.results - Extracted JDBC value [0] - [3]
10:24:08.854 [main] DEBUG org.hibernate.orm.results.loading.entity - (EntityResultInitializer) Hydrated EntityKey (org.frcpm.models.Subsystem(959665136128400)): 3
10:24:08.854 [main] DEBUG org.hibernate.orm.results.loading.org.hibernate.orm.results.loading.collection - (DelayedCollectionInitializer) Current row collection key : org.frcpm.models.Subsystem(959665136128400).tasks#3
10:24:08.854 [main] DEBUG org.hibernate.orm.results.loading.entity - (EntityResultInitializer) Created new entity instance [org.frcpm.models.Subsystem(959665136128400)#3] : 895590647
10:24:08.854 [main] DEBUG org.hibernate.orm.results - Extracted JDBC value [3] - [1]
10:24:08.854 [main] DEBUG org.hibernate.orm.results - Extracted JDBC value [1] - [Mechanism for scoring game pieces]
10:24:08.854 [main] DEBUG org.hibernate.orm.results - Extracted JDBC value [2] - [Shooter]
10:24:08.854 [main] DEBUG org.hibernate.orm.results - Extracted JDBC value [4] - [NOT_STARTED]
10:24:08.854 [main] DEBUG org.hibernate.orm.results.loading.entity - (EntityResultInitializer) Done materializing entityInstance : org.frcpm.models.Subsystem(959665136128400)#3
10:24:08.854 [main] DEBUG org.hibernate.orm.results.loading - Calling top-level assembler (0 / 1) : org.hibernate.sql.results.graph.entity.internal.EntityAssembler@7b7030b7
10:24:08.854 [main] DEBUG org.hibernate.orm.results - Extracted JDBC value [0] - [4]
10:24:08.854 [main] DEBUG org.hibernate.orm.results.loading.entity - (EntityResultInitializer) Hydrated EntityKey (org.frcpm.models.Subsystem(959665136128400)): 4
10:24:08.854 [main] DEBUG org.hibernate.orm.results.loading.org.hibernate.orm.results.loading.collection - (DelayedCollectionInitializer) Current row collection key : org.frcpm.models.Subsystem(959665136128400).tasks#4
10:24:08.854 [main] DEBUG org.hibernate.orm.results.loading.entity - (EntityResultInitializer) Created new entity instance [org.frcpm.models.Subsystem(959665136128400)#4] : 1502671019
10:24:08.854 [main] DEBUG org.hibernate.orm.results - Extracted JDBC value [3] - [3]
10:24:08.854 [main] DEBUG org.hibernate.orm.results - Extracted JDBC value [1] - [Camera and processing system for targeting]
10:24:08.854 [main] DEBUG org.hibernate.orm.results - Extracted JDBC value [2] - [Vision]
10:24:08.854 [main] DEBUG org.hibernate.orm.results - Extracted JDBC value [4] - [NOT_STARTED]
10:24:08.854 [main] DEBUG org.hibernate.orm.results.loading.entity - (EntityResultInitializer) Done materializing entityInstance : org.frcpm.models.Subsystem(959665136128400)#4
10:24:08.854 [main] DEBUG org.hibernate.orm.results.loading - Calling top-level assembler (0 / 1) : org.hibernate.sql.results.graph.entity.internal.EntityAssembler@7b7030b7
10:24:08.854 [main] DEBUG org.hibernate.orm.results - Extracted JDBC value [0] - [5]
10:24:08.854 [main] DEBUG org.hibernate.orm.results.loading.entity - (EntityResultInitializer) Hydrated EntityKey (org.frcpm.models.Subsystem(959665136128400)): 5
10:24:08.854 [main] DEBUG org.hibernate.orm.results.loading.org.hibernate.orm.results.loading.collection - (DelayedCollectionInitializer) Current row collection key : org.frcpm.models.Subsystem(959665136128400).tasks#5
10:24:08.855 [main] DEBUG org.hibernate.orm.results.loading.entity - (EntityResultInitializer) Created new entity instance [org.frcpm.models.Subsystem(959665136128400)#5] : 185437514
10:24:08.855 [main] DEBUG org.hibernate.orm.results - Extracted JDBC value [3] - [2]
10:24:08.855 [main] DEBUG org.hibernate.orm.results - Extracted JDBC value [1] - [Wiring, electronics, and sensors]
10:24:08.855 [main] DEBUG org.hibernate.orm.results - Extracted JDBC value [2] - [Controls]
10:24:08.855 [main] DEBUG org.hibernate.orm.results - Extracted JDBC value [4] - [NOT_STARTED]
10:24:08.855 [main] DEBUG org.hibernate.orm.results.loading.entity - (EntityResultInitializer) Done materializing entityInstance : org.frcpm.models.Subsystem(959665136128400)#5
10:24:08.855 [main] DEBUG org.hibernate.orm.results.loading - Calling top-level assembler (0 / 1) : org.hibernate.sql.results.graph.entity.internal.EntityAssembler@7b7030b7
10:24:08.855 [main] DEBUG org.hibernate.orm.results - Extracted JDBC value [0] - [18]
10:24:08.855 [main] DEBUG org.hibernate.orm.results.loading.entity - (EntityResultInitializer) Hydrated EntityKey (org.frcpm.models.Subsystem(959665136128400)): 18
10:24:08.855 [main] DEBUG org.hibernate.orm.results.loading.org.hibernate.orm.results.loading.collection - (DelayedCollectionInitializer) Current row collection key : org.frcpm.models.Subsystem(959665136128400).tasks#18
10:24:08.855 [main] DEBUG org.hibernate.orm.results.loading.entity - (EntityResultInitializer) Created new entity instance [org.frcpm.models.Subsystem(959665136128400)#18] : 1825208807
10:24:08.855 [main] DEBUG org.hibernate.orm.results - Extracted JDBC value [3] - [null]
10:24:08.855 [main] DEBUG org.hibernate.orm.results - Extracted JDBC value [1] - [null]
10:24:08.855 [main] DEBUG org.hibernate.orm.results - Extracted JDBC value [2] - [Test Count Subsystem]
10:24:08.855 [main] DEBUG org.hibernate.orm.results - Extracted JDBC value [4] - [NOT_STARTED]
10:24:08.855 [main] DEBUG org.hibernate.orm.results.loading.entity - (EntityResultInitializer) Done materializing entityInstance : org.frcpm.models.Subsystem(959665136128400)#18
10:24:08.855 [main] DEBUG org.hibernate.orm.results.loading - Calling top-level assembler (0 / 1) : org.hibernate.sql.results.graph.entity.internal.EntityAssembler@7b7030b7
10:24:08.855 [main] DEBUG org.hibernate.orm.results - Extracted JDBC value [0] - [22]
10:24:08.855 [main] DEBUG org.hibernate.orm.results.loading.entity - (EntityResultInitializer) Hydrated EntityKey (org.frcpm.models.Subsystem(959665136128400)): 22
10:24:08.855 [main] DEBUG org.hibernate.orm.results.loading.org.hibernate.orm.results.loading.collection - (DelayedCollectionInitializer) Current row collection key : org.frcpm.models.Subsystem(959665136128400).tasks#22
10:24:08.855 [main] DEBUG org.hibernate.orm.results.loading.entity - (EntityResultInitializer) Created new entity instance [org.frcpm.models.Subsystem(959665136128400)#22] : 664512056
10:24:08.855 [main] DEBUG org.hibernate.orm.results - Extracted JDBC value [3] - [null]
10:24:08.855 [main] DEBUG org.hibernate.orm.results - Extracted JDBC value [1] - [Save subsystem description]
10:24:08.855 [main] DEBUG org.hibernate.orm.results - Extracted JDBC value [2] - [Test Save Subsystem]
10:24:08.855 [main] DEBUG org.hibernate.orm.results - Extracted JDBC value [4] - [TESTING]
10:24:08.855 [main] DEBUG org.hibernate.orm.results.loading.entity - (EntityResultInitializer) Done materializing entityInstance : org.frcpm.models.Subsystem(959665136128400)#22
10:24:08.855 [main] DEBUG org.hibernate.orm.results.loading - Calling top-level assembler (0 / 1) : org.hibernate.sql.results.graph.entity.internal.EntityAssembler@7b7030b7
10:24:08.855 [main] DEBUG org.hibernate.orm.results - Extracted JDBC value [0] - [43]
10:24:08.855 [main] DEBUG org.hibernate.orm.results.loading.entity - (EntityResultInitializer) Hydrated EntityKey (org.frcpm.models.Subsystem(959665136128400)): 43
10:24:08.855 [main] DEBUG org.hibernate.orm.results.loading.org.hibernate.orm.results.loading.collection - (DelayedCollectionInitializer) Current row collection key : org.frcpm.models.Subsystem(959665136128400).tasks#43
10:24:08.855 [main] DEBUG org.hibernate.orm.results.loading.entity - (EntityResultInitializer) Created new entity instance [org.frcpm.models.Subsystem(959665136128400)#43] : 604574557
10:24:08.855 [main] DEBUG org.hibernate.orm.results - Extracted JDBC value [3] - [null]
10:24:08.855 [main] DEBUG org.hibernate.orm.results - Extracted JDBC value [1] - [Updated description]
10:24:08.855 [main] DEBUG org.hibernate.orm.results - Extracted JDBC value [2] - [Updated Subsystem Name]
10:24:08.855 [main] DEBUG org.hibernate.orm.results - Extracted JDBC value [4] - [ISSUES]
10:24:08.855 [main] DEBUG org.hibernate.orm.results.loading.entity - (EntityResultInitializer) Done materializing entityInstance : org.frcpm.models.Subsystem(959665136128400)#43
10:24:08.855 [main] DEBUG org.hibernate.orm.results.loading - Calling top-level assembler (0 / 1) : org.hibernate.sql.results.graph.entity.internal.EntityAssembler@7b7030b7
10:24:08.855 [main] DEBUG org.hibernate.orm.results - Extracted JDBC value [0] - [44]
10:24:08.855 [main] DEBUG org.hibernate.orm.results.loading.entity - (EntityResultInitializer) Hydrated EntityKey (org.frcpm.models.Subsystem(959665136128400)): 44
10:24:08.855 [main] DEBUG org.hibernate.orm.results.loading.org.hibernate.orm.results.loading.collection - (DelayedCollectionInitializer) Current row collection key : org.frcpm.models.Subsystem(959665136128400).tasks#44
10:24:08.855 [main] DEBUG org.hibernate.orm.results.loading.entity - (EntityResultInitializer) Created new entity instance [org.frcpm.models.Subsystem(959665136128400)#44] : 1191118559
10:24:08.855 [main] DEBUG org.hibernate.orm.results - Extracted JDBC value [3] - [null]
10:24:08.855 [main] DEBUG org.hibernate.orm.results - Extracted JDBC value [1] - [null]
10:24:08.855 [main] DEBUG org.hibernate.orm.results - Extracted JDBC value [2] - [Test Task Subsystem]
10:24:08.855 [main] DEBUG org.hibernate.orm.results - Extracted JDBC value [4] - [NOT_STARTED]
10:24:08.855 [main] DEBUG org.hibernate.orm.results.loading.entity - (EntityResultInitializer) Done materializing entityInstance : org.frcpm.models.Subsystem(959665136128400)#44
10:24:08.855 [main] DEBUG org.hibernate.orm.results.loading - Calling top-level assembler (0 / 1) : org.hibernate.sql.results.graph.entity.internal.EntityAssembler@7b7030b7
10:24:08.855 [main] DEBUG org.hibernate.orm.results - Extracted JDBC value [0] - [45]
10:24:08.855 [main] DEBUG org.hibernate.orm.results.loading.entity - (EntityResultInitializer) Hydrated EntityKey (org.frcpm.models.Subsystem(959665136128400)): 45
10:24:08.855 [main] DEBUG org.hibernate.orm.results.loading.org.hibernate.orm.results.loading.collection - (DelayedCollectionInitializer) Current row collection key : org.frcpm.models.Subsystem(959665136128400).tasks#45
10:24:08.855 [main] DEBUG org.hibernate.orm.results.loading.entity - (EntityResultInitializer) Created new entity instance [org.frcpm.models.Subsystem(959665136128400)#45] : 731305450
10:24:08.855 [main] DEBUG org.hibernate.orm.results - Extracted JDBC value [3] - [null]
10:24:08.855 [main] DEBUG org.hibernate.orm.results - Extracted JDBC value [1] - [null]
10:24:08.856 [main] DEBUG org.hibernate.orm.results - Extracted JDBC value [2] - [Test Task Subsystem]
10:24:08.856 [main] DEBUG org.hibernate.orm.results - Extracted JDBC value [4] - [NOT_STARTED]
10:24:08.856 [main] DEBUG org.hibernate.orm.results.loading.entity - (EntityResultInitializer) Done materializing entityInstance : org.frcpm.models.Subsystem(959665136128400)#45
10:24:08.856 [main] DEBUG org.hibernate.orm.results.loading - Calling top-level assembler (0 / 1) : org.hibernate.sql.results.graph.entity.internal.EntityAssembler@7b7030b7
10:24:08.856 [main] DEBUG org.hibernate.orm.results - Extracted JDBC value [0] - [46]
10:24:08.856 [main] DEBUG org.hibernate.orm.results.loading.entity - (EntityResultInitializer) Hydrated EntityKey (org.frcpm.models.Subsystem(959665136128400)): 46
10:24:08.856 [main] DEBUG org.hibernate.orm.results.loading.org.hibernate.orm.results.loading.collection - (DelayedCollectionInitializer) Current row collection key : org.frcpm.models.Subsystem(959665136128400).tasks#46
10:24:08.856 [main] DEBUG org.hibernate.orm.results.loading.entity - (EntityResultInitializer) Created new entity instance [org.frcpm.models.Subsystem(959665136128400)#46] : 1466220658
10:24:08.856 [main] DEBUG org.hibernate.orm.results - Extracted JDBC value [3] - [null]
10:24:08.856 [main] DEBUG org.hibernate.orm.results - Extracted JDBC value [1] - [null]
10:24:08.856 [main] DEBUG org.hibernate.orm.results - Extracted JDBC value [2] - [Test Task Subsystem]
10:24:08.856 [main] DEBUG org.hibernate.orm.results - Extracted JDBC value [4] - [NOT_STARTED]
10:24:08.856 [main] DEBUG org.hibernate.orm.results.loading.entity - (EntityResultInitializer) Done materializing entityInstance : org.frcpm.models.Subsystem(959665136128400)#46
10:24:08.856 [main] DEBUG org.hibernate.orm.results.loading - Calling top-level assembler (0 / 1) : org.hibernate.sql.results.graph.entity.internal.EntityAssembler@7b7030b7
10:24:08.856 [main] DEBUG org.hibernate.orm.results - Extracted JDBC value [0] - [47]
10:24:08.856 [main] DEBUG org.hibernate.orm.results.loading.entity - (EntityResultInitializer) Hydrated EntityKey (org.frcpm.models.Subsystem(959665136128400)): 47
10:24:08.856 [main] DEBUG org.hibernate.orm.results.loading.org.hibernate.orm.results.loading.collection - (DelayedCollectionInitializer) Current row collection key : org.frcpm.models.Subsystem(959665136128400).tasks#47
10:24:08.856 [main] DEBUG org.hibernate.orm.results.loading.entity - (EntityResultInitializer) Created new entity instance [org.frcpm.models.Subsystem(959665136128400)#47] : 1083081800
10:24:08.856 [main] DEBUG org.hibernate.orm.results - Extracted JDBC value [3] - [null]
10:24:08.856 [main] DEBUG org.hibernate.orm.results - Extracted JDBC value [1] - [null]
10:24:08.856 [main] DEBUG org.hibernate.orm.results - Extracted JDBC value [2] - [Test Task Subsystem]
10:24:08.856 [main] DEBUG org.hibernate.orm.results - Extracted JDBC value [4] - [NOT_STARTED]
10:24:08.856 [main] DEBUG org.hibernate.orm.results.loading.entity - (EntityResultInitializer) Done materializing entityInstance : org.frcpm.models.Subsystem(959665136128400)#47
10:24:08.856 [main] DEBUG org.hibernate.orm.results.loading - Calling top-level assembler (0 / 1) : org.hibernate.sql.results.graph.entity.internal.EntityAssembler@7b7030b7
10:24:08.856 [main] DEBUG org.hibernate.orm.results - Extracted JDBC value [0] - [48]
10:24:08.856 [main] DEBUG org.hibernate.orm.results.loading.entity - (EntityResultInitializer) Hydrated EntityKey (org.frcpm.models.Subsystem(959665136128400)): 48
10:24:08.856 [main] DEBUG org.hibernate.orm.results.loading.org.hibernate.orm.results.loading.collection - (DelayedCollectionInitializer) Current row collection key : org.frcpm.models.Subsystem(959665136128400).tasks#48
10:24:08.856 [main] DEBUG org.hibernate.orm.results.loading.entity - (EntityResultInitializer) Created new entity instance [org.frcpm.models.Subsystem(959665136128400)#48] : 1194204975
10:24:08.856 [main] DEBUG org.hibernate.orm.results - Extracted JDBC value [3] - [null]
10:24:08.856 [main] DEBUG org.hibernate.orm.results - Extracted JDBC value [1] - [null]
10:24:08.856 [main] DEBUG org.hibernate.orm.results - Extracted JDBC value [2] - [Test Task Subsystem]
10:24:08.856 [main] DEBUG org.hibernate.orm.results - Extracted JDBC value [4] - [NOT_STARTED]
10:24:08.856 [main] DEBUG org.hibernate.orm.results.loading.entity - (EntityResultInitializer) Done materializing entityInstance : org.frcpm.models.Subsystem(959665136128400)#48
10:24:08.856 [main] DEBUG org.hibernate.orm.results.loading - Calling top-level assembler (0 / 1) : org.hibernate.sql.results.graph.entity.internal.EntityAssembler@7b7030b7
10:24:08.856 [main] DEBUG org.hibernate.orm.results - Extracted JDBC value [0] - [49]
10:24:08.856 [main] DEBUG org.hibernate.orm.results.loading.entity - (EntityResultInitializer) Hydrated EntityKey (org.frcpm.models.Subsystem(959665136128400)): 49
10:24:08.856 [main] DEBUG org.hibernate.orm.results.loading.org.hibernate.orm.results.loading.collection - (DelayedCollectionInitializer) Current row collection key : org.frcpm.models.Subsystem(959665136128400).tasks#49
10:24:08.856 [main] DEBUG org.hibernate.orm.results.loading.entity - (EntityResultInitializer) Created new entity instance [org.frcpm.models.Subsystem(959665136128400)#49] : 2131518213
10:24:08.856 [main] DEBUG org.hibernate.orm.results - Extracted JDBC value [3] - [null]
10:24:08.856 [main] DEBUG org.hibernate.orm.results - Extracted JDBC value [1] - [null]
10:24:08.856 [main] DEBUG org.hibernate.orm.results - Extracted JDBC value [2] - [Test Task Subsystem]
10:24:08.856 [main] DEBUG org.hibernate.orm.results - Extracted JDBC value [4] - [NOT_STARTED]
10:24:08.856 [main] DEBUG org.hibernate.orm.results.loading.entity - (EntityResultInitializer) Done materializing entityInstance : org.frcpm.models.Subsystem(959665136128400)#49
10:24:08.856 [main] DEBUG org.hibernate.orm.results.loading - Calling top-level assembler (0 / 1) : org.hibernate.sql.results.graph.entity.internal.EntityAssembler@7b7030b7
10:24:08.856 [main] DEBUG org.hibernate.orm.results - Extracted JDBC value [0] - [50]
10:24:08.856 [main] DEBUG org.hibernate.orm.results.loading.entity - (EntityResultInitializer) Hydrated EntityKey (org.frcpm.models.Subsystem(959665136128400)): 50
10:24:08.856 [main] DEBUG org.hibernate.orm.results.loading.org.hibernate.orm.results.loading.collection - (DelayedCollectionInitializer) Current row collection key : org.frcpm.models.Subsystem(959665136128400).tasks#50
10:24:08.856 [main] DEBUG org.hibernate.orm.results.loading.entity - (EntityResultInitializer) Created new entity instance [org.frcpm.models.Subsystem(959665136128400)#50] : 1062599950
10:24:08.856 [main] DEBUG org.hibernate.orm.results - Extracted JDBC value [3] - [null]
10:24:08.856 [main] DEBUG org.hibernate.orm.results - Extracted JDBC value [1] - [null]
10:24:08.856 [main] DEBUG org.hibernate.orm.results - Extracted JDBC value [2] - [Test Task Subsystem]
10:24:08.856 [main] DEBUG org.hibernate.orm.results - Extracted JDBC value [4] - [NOT_STARTED]
10:24:08.857 [main] DEBUG org.hibernate.orm.results.loading.entity - (EntityResultInitializer) Done materializing entityInstance : org.frcpm.models.Subsystem(959665136128400)#50
10:24:08.857 [main] DEBUG org.hibernate.orm.results.loading - Calling top-level assembler (0 / 1) : org.hibernate.sql.results.graph.entity.internal.EntityAssembler@7b7030b7
10:24:08.857 [main] DEBUG org.hibernate.orm.results - Extracted JDBC value [0] - [51]
10:24:08.857 [main] DEBUG org.hibernate.orm.results.loading.entity - (EntityResultInitializer) Hydrated EntityKey (org.frcpm.models.Subsystem(959665136128400)): 51
10:24:08.857 [main] DEBUG org.hibernate.orm.results.loading.org.hibernate.orm.results.loading.collection - (DelayedCollectionInitializer) Current row collection key : org.frcpm.models.Subsystem(959665136128400).tasks#51
10:24:08.857 [main] DEBUG org.hibernate.orm.results.loading.entity - (EntityResultInitializer) Created new entity instance [org.frcpm.models.Subsystem(959665136128400)#51] : 1219847836
10:24:08.857 [main] DEBUG org.hibernate.orm.results - Extracted JDBC value [3] - [null]
10:24:08.857 [main] DEBUG org.hibernate.orm.results - Extracted JDBC value [1] - [null]
10:24:08.857 [main] DEBUG org.hibernate.orm.results - Extracted JDBC value [2] - [Test Task Subsystem]
10:24:08.857 [main] DEBUG org.hibernate.orm.results - Extracted JDBC value [4] - [NOT_STARTED]
10:24:08.857 [main] DEBUG org.hibernate.orm.results.loading.entity - (EntityResultInitializer) Done materializing entityInstance : org.frcpm.models.Subsystem(959665136128400)#51
10:24:08.857 [main] DEBUG org.hibernate.orm.results.loading - Calling top-level assembler (0 / 1) : org.hibernate.sql.results.graph.entity.internal.EntityAssembler@7b7030b7
10:24:08.857 [main] DEBUG org.hibernate.orm.results - Extracted JDBC value [0] - [52]
10:24:08.857 [main] DEBUG org.hibernate.orm.results.loading.entity - (EntityResultInitializer) Hydrated EntityKey (org.frcpm.models.Subsystem(959665136128400)): 52
10:24:08.857 [main] DEBUG org.hibernate.orm.results.loading.org.hibernate.orm.results.loading.collection - (DelayedCollectionInitializer) Current row collection key : org.frcpm.models.Subsystem(959665136128400).tasks#52
10:24:08.857 [main] DEBUG org.hibernate.orm.results.loading.entity - (EntityResultInitializer) Created new entity instance [org.frcpm.models.Subsystem(959665136128400)#52] : 2054019549
10:24:08.857 [main] DEBUG org.hibernate.orm.results - Extracted JDBC value [3] - [null]
10:24:08.857 [main] DEBUG org.hibernate.orm.results - Extracted JDBC value [1] - [null]
10:24:08.857 [main] DEBUG org.hibernate.orm.results - Extracted JDBC value [2] - [Test Task Subsystem]
10:24:08.857 [main] DEBUG org.hibernate.orm.results - Extracted JDBC value [4] - [NOT_STARTED]
10:24:08.857 [main] DEBUG org.hibernate.orm.results.loading.entity - (EntityResultInitializer) Done materializing entityInstance : org.frcpm.models.Subsystem(959665136128400)#52
10:24:08.857 [main] DEBUG org.hibernate.orm.results.loading - Calling top-level assembler (0 / 1) : org.hibernate.sql.results.graph.entity.internal.EntityAssembler@7b7030b7
10:24:08.857 [main] DEBUG org.hibernate.orm.results - Extracted JDBC value [0] - [53]
10:24:08.857 [main] DEBUG org.hibernate.orm.results.loading.entity - (EntityResultInitializer) Hydrated EntityKey (org.frcpm.models.Subsystem(959665136128400)): 53
10:24:08.857 [main] DEBUG org.hibernate.orm.results.loading.org.hibernate.orm.results.loading.collection - (DelayedCollectionInitializer) Current row collection key : org.frcpm.models.Subsystem(959665136128400).tasks#53
10:24:08.857 [main] DEBUG org.hibernate.orm.results.loading.entity - (EntityResultInitializer) Created new entity instance [org.frcpm.models.Subsystem(959665136128400)#53] : 605386042
10:24:08.857 [main] DEBUG org.hibernate.orm.results - Extracted JDBC value [3] - [null]
10:24:08.857 [main] DEBUG org.hibernate.orm.results - Extracted JDBC value [1] - [null]
10:24:08.857 [main] DEBUG org.hibernate.orm.results - Extracted JDBC value [2] - [Test Task Subsystem]
10:24:08.857 [main] DEBUG org.hibernate.orm.results - Extracted JDBC value [4] - [NOT_STARTED]
10:24:08.857 [main] DEBUG org.hibernate.orm.results.loading.entity - (EntityResultInitializer) Done materializing entityInstance : org.frcpm.models.Subsystem(959665136128400)#53
10:24:08.857 [main] DEBUG org.hibernate.orm.results.loading - Calling top-level assembler (0 / 1) : org.hibernate.sql.results.graph.entity.internal.EntityAssembler@7b7030b7
10:24:08.857 [main] DEBUG org.hibernate.orm.results - Extracted JDBC value [0] - [54]
10:24:08.857 [main] DEBUG org.hibernate.orm.results.loading.entity - (EntityResultInitializer) Hydrated EntityKey (org.frcpm.models.Subsystem(959665136128400)): 54
10:24:08.857 [main] DEBUG org.hibernate.orm.results.loading.org.hibernate.orm.results.loading.collection - (DelayedCollectionInitializer) Current row collection key : org.frcpm.models.Subsystem(959665136128400).tasks#54
10:24:08.857 [main] DEBUG org.hibernate.orm.results.loading.entity - (EntityResultInitializer) Created new entity instance [org.frcpm.models.Subsystem(959665136128400)#54] : 1571774117
10:24:08.857 [main] DEBUG org.hibernate.orm.results - Extracted JDBC value [3] - [null]
10:24:08.857 [main] DEBUG org.hibernate.orm.results - Extracted JDBC value [1] - [null]
10:24:08.857 [main] DEBUG org.hibernate.orm.results - Extracted JDBC value [2] - [Test Task Subsystem]
10:24:08.857 [main] DEBUG org.hibernate.orm.results - Extracted JDBC value [4] - [NOT_STARTED]
10:24:08.857 [main] DEBUG org.hibernate.orm.results.loading.entity - (EntityResultInitializer) Done materializing entityInstance : org.frcpm.models.Subsystem(959665136128400)#54
10:24:08.857 [main] DEBUG org.hibernate.orm.results.loading - Calling top-level assembler (0 / 1) : org.hibernate.sql.results.graph.entity.internal.EntityAssembler@7b7030b7
10:24:08.857 [main] DEBUG org.hibernate.orm.results - Extracted JDBC value [0] - [55]
10:24:08.857 [main] DEBUG org.hibernate.orm.results.loading.entity - (EntityResultInitializer) Hydrated EntityKey (org.frcpm.models.Subsystem(959665136128400)): 55
10:24:08.857 [main] DEBUG org.hibernate.orm.results.loading.org.hibernate.orm.results.loading.collection - (DelayedCollectionInitializer) Current row collection key : org.frcpm.models.Subsystem(959665136128400).tasks#55
10:24:08.857 [main] DEBUG org.hibernate.orm.results.loading.entity - (EntityResultInitializer) Created new entity instance [org.frcpm.models.Subsystem(959665136128400)#55] : 784430053
10:24:08.857 [main] DEBUG org.hibernate.orm.results - Extracted JDBC value [3] - [null]
10:24:08.857 [main] DEBUG org.hibernate.orm.results - Extracted JDBC value [1] - [null]
10:24:08.857 [main] DEBUG org.hibernate.orm.results - Extracted JDBC value [2] - [Test Task Subsystem]
10:24:08.857 [main] DEBUG org.hibernate.orm.results - Extracted JDBC value [4] - [NOT_STARTED]
10:24:08.857 [main] DEBUG org.hibernate.orm.results.loading.entity - (EntityResultInitializer) Done materializing entityInstance : org.frcpm.models.Subsystem(959665136128400)#55
10:24:08.857 [main] DEBUG org.hibernate.orm.results.loading - Calling top-level assembler (0 / 1) : org.hibernate.sql.results.graph.entity.internal.EntityAssembler@7b7030b7
10:24:08.857 [main] DEBUG org.hibernate.orm.results - Extracted JDBC value [0] - [56]
10:24:08.857 [main] DEBUG org.hibernate.orm.results.loading.entity - (EntityResultInitializer) Hydrated EntityKey (org.frcpm.models.Subsystem(959665136128400)): 56
10:24:08.857 [main] DEBUG org.hibernate.orm.results.loading.org.hibernate.orm.results.loading.collection - (DelayedCollectionInitializer) Current row collection key : org.frcpm.models.Subsystem(959665136128400).tasks#56
10:24:08.858 [main] DEBUG org.hibernate.orm.results.loading.entity - (EntityResultInitializer) Created new entity instance [org.frcpm.models.Subsystem(959665136128400)#56] : 100722878
10:24:08.858 [main] DEBUG org.hibernate.orm.results - Extracted JDBC value [3] - [null]
10:24:08.858 [main] DEBUG org.hibernate.orm.results - Extracted JDBC value [1] - [null]
10:24:08.858 [main] DEBUG org.hibernate.orm.results - Extracted JDBC value [2] - [Test Task Subsystem]
10:24:08.858 [main] DEBUG org.hibernate.orm.results - Extracted JDBC value [4] - [NOT_STARTED]
10:24:08.858 [main] DEBUG org.hibernate.orm.results.loading.entity - (EntityResultInitializer) Done materializing entityInstance : org.frcpm.models.Subsystem(959665136128400)#56
10:24:08.858 [main] DEBUG org.hibernate.orm.results.loading - Calling top-level assembler (0 / 1) : org.hibernate.sql.results.graph.entity.internal.EntityAssembler@7b7030b7
10:24:08.858 [main] DEBUG org.hibernate.orm.results - Extracted JDBC value [0] - [66]
10:24:08.858 [main] DEBUG org.hibernate.orm.results.loading.entity - (EntityResultInitializer) Hydrated EntityKey (org.frcpm.models.Subsystem(959665136128400)): 66
10:24:08.858 [main] DEBUG org.hibernate.orm.results.loading.org.hibernate.orm.results.loading.collection - (DelayedCollectionInitializer) Current row collection key : org.frcpm.models.Subsystem(959665136128400).tasks#66
10:24:08.858 [main] DEBUG org.hibernate.orm.results.loading.entity - (EntityResultInitializer) Created new entity instance [org.frcpm.models.Subsystem(959665136128400)#66] : 290043356
10:24:08.858 [main] DEBUG org.hibernate.orm.results - Extracted JDBC value [3] - [null]
10:24:08.858 [main] DEBUG org.hibernate.orm.results - Extracted JDBC value [1] - [Test subsystem for component tests]
10:24:08.858 [main] DEBUG org.hibernate.orm.results - Extracted JDBC value [2] - [Component Test Subsystem]
10:24:08.858 [main] DEBUG org.hibernate.orm.results - Extracted JDBC value [4] - [NOT_STARTED]
10:24:08.858 [main] DEBUG org.hibernate.orm.results.loading.entity - (EntityResultInitializer) Done materializing entityInstance : org.frcpm.models.Subsystem(959665136128400)#66
10:24:08.858 [main] DEBUG org.hibernate.orm.results.loading - Calling top-level assembler (0 / 1) : org.hibernate.sql.results.graph.entity.internal.EntityAssembler@7b7030b7
10:24:08.858 [main] DEBUG org.hibernate.resource.jdbc.internal.LogicalConnectionManagedImpl - Initiating JDBC connection release from afterTransaction
10:24:08.858 [main] DEBUG org.hibernate.resource.jdbc.internal.LogicalConnectionManagedImpl - Initiating JDBC connection release from afterTransaction
10:24:08.858 [main] DEBUG org.hibernate.orm.sql.ast.create - Created new SQL alias : s1_0
10:24:08.858 [main] DEBUG org.hibernate.orm.sql.ast.create - Registration of TableGroup [StandardTableGroup(org.frcpm.models.Subteam(959665144744000))] with identifierForTableGroup [org.frcpm.models.Subteam] for NavigablePath [org.frcpm.models.Subteam] 
10:24:08.859 [main] DEBUG org.hibernate.orm.results.graph.AST - DomainResult Graph:
 \-EntityResultImpl [org.frcpm.models.Subteam(959665144744000)]
 |  +-BasicFetch [org.frcpm.models.Subteam(959665144744000).colorCode]
 |  +-DelayedCollectionFetch [org.frcpm.models.Subteam(959665144744000).members]
 |  +-BasicFetch [org.frcpm.models.Subteam(959665144744000).name]
 |  +-BasicFetch [org.frcpm.models.Subteam(959665144744000).specialties]
 |  \-DelayedCollectionFetch [org.frcpm.models.Subteam(959665144744000).subsystems]

10:24:08.859 [main] DEBUG org.hibernate.orm.sql.ast.tree - SQL AST Tree:
    SelectStatement {
      FromClause {
        StandardTableGroup (s1 : org.frcpm.models.Subteam(959665144744000)) {
          primaryTableReference : subteams as s1_0
        }
      }
    }

10:24:08.859 [main] DEBUG org.hibernate.orm.sql.exec - Skipping reading Query result cache data: cache-enabled = false, cache-mode = NORMAL
10:24:08.859 [main] DEBUG org.hibernate.orm.results - Initializer list:
	  org.frcpm.models.Subteam(959665144744000).subsystems -> DelayedCollectionInitializer(org.frcpm.models.Subteam(959665144744000).subsystems)@32936035 (PluralAttribute(org.frcpm.models.Subteam.subsystems))
	  org.frcpm.models.Subteam(959665144744000) -> EntityResultInitializer(org.frcpm.models.Subteam(959665144744000))@837493704 (SingleTableEntityPersister(org.frcpm.models.Subteam))
	  org.frcpm.models.Subteam(959665144744000).members -> DelayedCollectionInitializer(org.frcpm.models.Subteam(959665144744000).members)@2505415 (PluralAttribute(org.frcpm.models.Subteam.members))

10:24:08.859 [main] DEBUG org.hibernate.SQL - select s1_0.id,s1_0.color_code,s1_0.name,s1_0.specialties from subteams s1_0
10:24:08.859 [main] DEBUG org.hibernate.orm.results - Extracted JDBC value [0] - [1]
10:24:08.859 [main] DEBUG org.hibernate.orm.results.loading.entity - (EntityResultInitializer) Hydrated EntityKey (org.frcpm.models.Subteam(959665144744000)): 1
10:24:08.859 [main] DEBUG org.hibernate.orm.results.loading.org.hibernate.orm.results.loading.collection - (DelayedCollectionInitializer) Current row collection key : org.frcpm.models.Subteam(959665144744000).members#1
10:24:08.859 [main] DEBUG org.hibernate.orm.results.loading.org.hibernate.orm.results.loading.collection - (DelayedCollectionInitializer) Current row collection key : org.frcpm.models.Subteam(959665144744000).subsystems#1
10:24:08.859 [main] DEBUG org.hibernate.orm.results.loading.entity - (EntityResultInitializer) Created new entity instance [org.frcpm.models.Subteam(959665144744000)#1] : 974664216
10:24:08.859 [main] DEBUG org.hibernate.orm.results - Extracted JDBC value [1] - [#FF5733]
10:24:08.859 [main] DEBUG org.hibernate.orm.results - Extracted JDBC value [2] - [Mechanical]
10:24:08.859 [main] DEBUG org.hibernate.orm.results - Extracted JDBC value [3] - [Design, CAD, Fabrication, Assembly]
10:24:08.859 [main] DEBUG org.hibernate.orm.results.loading.entity - (EntityResultInitializer) Done materializing entityInstance : org.frcpm.models.Subteam(959665144744000)#1
10:24:08.859 [main] DEBUG org.hibernate.orm.results.loading - Calling top-level assembler (0 / 1) : org.hibernate.sql.results.graph.entity.internal.EntityAssembler@39236f4a
10:24:08.859 [main] DEBUG org.hibernate.orm.results - Extracted JDBC value [0] - [2]
10:24:08.859 [main] DEBUG org.hibernate.orm.results.loading.entity - (EntityResultInitializer) Hydrated EntityKey (org.frcpm.models.Subteam(959665144744000)): 2
10:24:08.859 [main] DEBUG org.hibernate.orm.results.loading.org.hibernate.orm.results.loading.collection - (DelayedCollectionInitializer) Current row collection key : org.frcpm.models.Subteam(959665144744000).members#2
10:24:08.859 [main] DEBUG org.hibernate.orm.results.loading.org.hibernate.orm.results.loading.collection - (DelayedCollectionInitializer) Current row collection key : org.frcpm.models.Subteam(959665144744000).subsystems#2
10:24:08.859 [main] DEBUG org.hibernate.orm.results.loading.entity - (EntityResultInitializer) Created new entity instance [org.frcpm.models.Subteam(959665144744000)#2] : 1112543876
10:24:08.859 [main] DEBUG org.hibernate.orm.results - Extracted JDBC value [1] - [#33A8FF]
10:24:08.859 [main] DEBUG org.hibernate.orm.results - Extracted JDBC value [2] - [Electrical]
10:24:08.859 [main] DEBUG org.hibernate.orm.results - Extracted JDBC value [3] - [Wiring, Electronics, Sensors, Power Systems]
10:24:08.859 [main] DEBUG org.hibernate.orm.results.loading.entity - (EntityResultInitializer) Done materializing entityInstance : org.frcpm.models.Subteam(959665144744000)#2
10:24:08.859 [main] DEBUG org.hibernate.orm.results.loading - Calling top-level assembler (0 / 1) : org.hibernate.sql.results.graph.entity.internal.EntityAssembler@39236f4a
10:24:08.859 [main] DEBUG org.hibernate.orm.results - Extracted JDBC value [0] - [3]
10:24:08.859 [main] DEBUG org.hibernate.orm.results.loading.entity - (EntityResultInitializer) Hydrated EntityKey (org.frcpm.models.Subteam(959665144744000)): 3
10:24:08.859 [main] DEBUG org.hibernate.orm.results.loading.org.hibernate.orm.results.loading.collection - (DelayedCollectionInitializer) Current row collection key : org.frcpm.models.Subteam(959665144744000).members#3
10:24:08.859 [main] DEBUG org.hibernate.orm.results.loading.org.hibernate.orm.results.loading.collection - (DelayedCollectionInitializer) Current row collection key : org.frcpm.models.Subteam(959665144744000).subsystems#3
10:24:08.859 [main] DEBUG org.hibernate.orm.results.loading.entity - (EntityResultInitializer) Created new entity instance [org.frcpm.models.Subteam(959665144744000)#3] : 311196507
10:24:08.859 [main] DEBUG org.hibernate.orm.results - Extracted JDBC value [1] - [#33FF57]
10:24:08.859 [main] DEBUG org.hibernate.orm.results - Extracted JDBC value [2] - [Programming]
10:24:08.859 [main] DEBUG org.hibernate.orm.results - Extracted JDBC value [3] - [Java, Vision, Control Systems, Autonomous]
10:24:08.859 [main] DEBUG org.hibernate.orm.results.loading.entity - (EntityResultInitializer) Done materializing entityInstance : org.frcpm.models.Subteam(959665144744000)#3
10:24:08.859 [main] DEBUG org.hibernate.orm.results.loading - Calling top-level assembler (0 / 1) : org.hibernate.sql.results.graph.entity.internal.EntityAssembler@39236f4a
10:24:08.859 [main] DEBUG org.hibernate.orm.results - Extracted JDBC value [0] - [4]
10:24:08.859 [main] DEBUG org.hibernate.orm.results.loading.entity - (EntityResultInitializer) Hydrated EntityKey (org.frcpm.models.Subteam(959665144744000)): 4
10:24:08.859 [main] DEBUG org.hibernate.orm.results.loading.org.hibernate.orm.results.loading.collection - (DelayedCollectionInitializer) Current row collection key : org.frcpm.models.Subteam(959665144744000).members#4
10:24:08.859 [main] DEBUG org.hibernate.orm.results.loading.org.hibernate.orm.results.loading.collection - (DelayedCollectionInitializer) Current row collection key : org.frcpm.models.Subteam(959665144744000).subsystems#4
10:24:08.859 [main] DEBUG org.hibernate.orm.results.loading.entity - (EntityResultInitializer) Created new entity instance [org.frcpm.models.Subteam(959665144744000)#4] : 1503558070
10:24:08.859 [main] DEBUG org.hibernate.orm.results - Extracted JDBC value [1] - [#FF33A8]
10:24:08.859 [main] DEBUG org.hibernate.orm.results - Extracted JDBC value [2] - [Business]
10:24:08.859 [main] DEBUG org.hibernate.orm.results - Extracted JDBC value [3] - [Fundraising, Marketing, Outreach, Awards]
10:24:08.859 [main] DEBUG org.hibernate.orm.results.loading.entity - (EntityResultInitializer) Done materializing entityInstance : org.frcpm.models.Subteam(959665144744000)#4
10:24:08.859 [main] DEBUG org.hibernate.orm.results.loading - Calling top-level assembler (0 / 1) : org.hibernate.sql.results.graph.entity.internal.EntityAssembler@39236f4a
10:24:08.859 [main] DEBUG org.hibernate.orm.results - Extracted JDBC value [0] - [24]
10:24:08.859 [main] DEBUG org.hibernate.orm.results.loading.entity - (EntityResultInitializer) Hydrated EntityKey (org.frcpm.models.Subteam(959665144744000)): 24
10:24:08.859 [main] DEBUG org.hibernate.orm.results.loading.org.hibernate.orm.results.loading.collection - (DelayedCollectionInitializer) Current row collection key : org.frcpm.models.Subteam(959665144744000).members#24
10:24:08.859 [main] DEBUG org.hibernate.orm.results.loading.org.hibernate.orm.results.loading.collection - (DelayedCollectionInitializer) Current row collection key : org.frcpm.models.Subteam(959665144744000).subsystems#24
10:24:08.859 [main] DEBUG org.hibernate.orm.results.loading.entity - (EntityResultInitializer) Created new entity instance [org.frcpm.models.Subteam(959665144744000)#24] : 995364892
10:24:08.859 [main] DEBUG org.hibernate.orm.results - Extracted JDBC value [1] - [#0000FF]
10:24:08.859 [main] DEBUG org.hibernate.orm.results - Extracted JDBC value [2] - [Test Count Subteam]
10:24:08.859 [main] DEBUG org.hibernate.orm.results - Extracted JDBC value [3] - [null]
10:24:08.859 [main] DEBUG org.hibernate.orm.results.loading.entity - (EntityResultInitializer) Done materializing entityInstance : org.frcpm.models.Subteam(959665144744000)#24
10:24:08.859 [main] DEBUG org.hibernate.orm.results.loading - Calling top-level assembler (0 / 1) : org.hibernate.sql.results.graph.entity.internal.EntityAssembler@39236f4a
10:24:08.859 [main] DEBUG org.hibernate.orm.results - Extracted JDBC value [0] - [27]
10:24:08.859 [main] DEBUG org.hibernate.orm.results.loading.entity - (EntityResultInitializer) Hydrated EntityKey (org.frcpm.models.Subteam(959665144744000)): 27
10:24:08.859 [main] DEBUG org.hibernate.orm.results.loading.org.hibernate.orm.results.loading.collection - (DelayedCollectionInitializer) Current row collection key : org.frcpm.models.Subteam(959665144744000).members#27
10:24:08.859 [main] DEBUG org.hibernate.orm.results.loading.org.hibernate.orm.results.loading.collection - (DelayedCollectionInitializer) Current row collection key : org.frcpm.models.Subteam(959665144744000).subsystems#27
10:24:08.859 [main] DEBUG org.hibernate.orm.results.loading.entity - (EntityResultInitializer) Created new entity instance [org.frcpm.models.Subteam(959665144744000)#27] : 229388668
10:24:08.860 [main] DEBUG org.hibernate.orm.results - Extracted JDBC value [1] - [#0000FF]
10:24:08.860 [main] DEBUG org.hibernate.orm.results - Extracted JDBC value [2] - [Test Save Subteam]
10:24:08.860 [main] DEBUG org.hibernate.orm.results - Extracted JDBC value [3] - [Testing]
10:24:08.860 [main] DEBUG org.hibernate.orm.results.loading.entity - (EntityResultInitializer) Done materializing entityInstance : org.frcpm.models.Subteam(959665144744000)#27
10:24:08.860 [main] DEBUG org.hibernate.orm.results.loading - Calling top-level assembler (0 / 1) : org.hibernate.sql.results.graph.entity.internal.EntityAssembler@39236f4a
10:24:08.860 [main] DEBUG org.hibernate.orm.results - Extracted JDBC value [0] - [42]
10:24:08.860 [main] DEBUG org.hibernate.orm.results.loading.entity - (EntityResultInitializer) Hydrated EntityKey (org.frcpm.models.Subteam(959665144744000)): 42
10:24:08.860 [main] DEBUG org.hibernate.orm.results.loading.org.hibernate.orm.results.loading.collection - (DelayedCollectionInitializer) Current row collection key : org.frcpm.models.Subteam(959665144744000).members#42
10:24:08.860 [main] DEBUG org.hibernate.orm.results.loading.org.hibernate.orm.results.loading.collection - (DelayedCollectionInitializer) Current row collection key : org.frcpm.models.Subteam(959665144744000).subsystems#42
10:24:08.860 [main] DEBUG org.hibernate.orm.results.loading.entity - (EntityResultInitializer) Created new entity instance [org.frcpm.models.Subteam(959665144744000)#42] : 1169118050
10:24:08.860 [main] DEBUG org.hibernate.orm.results - Extracted JDBC value [1] - [#00FFFF]
10:24:08.860 [main] DEBUG org.hibernate.orm.results - Extracted JDBC value [2] - [Updated Subteam Name]
10:24:08.860 [main] DEBUG org.hibernate.orm.results - Extracted JDBC value [3] - [null]
10:24:08.860 [main] DEBUG org.hibernate.orm.results.loading.entity - (EntityResultInitializer) Done materializing entityInstance : org.frcpm.models.Subteam(959665144744000)#42
10:24:08.860 [main] DEBUG org.hibernate.orm.results.loading - Calling top-level assembler (0 / 1) : org.hibernate.sql.results.graph.entity.internal.EntityAssembler@39236f4a
10:24:08.860 [main] DEBUG org.hibernate.orm.results - Extracted JDBC value [0] - [67]
10:24:08.860 [main] DEBUG org.hibernate.orm.results.loading.entity - (EntityResultInitializer) Hydrated EntityKey (org.frcpm.models.Subteam(959665144744000)): 67
10:24:08.860 [main] DEBUG org.hibernate.orm.results.loading.org.hibernate.orm.results.loading.collection - (DelayedCollectionInitializer) Current row collection key : org.frcpm.models.Subteam(959665144744000).members#67
10:24:08.860 [main] DEBUG org.hibernate.orm.results.loading.org.hibernate.orm.results.loading.collection - (DelayedCollectionInitializer) Current row collection key : org.frcpm.models.Subteam(959665144744000).subsystems#67
10:24:08.860 [main] DEBUG org.hibernate.orm.results.loading.entity - (EntityResultInitializer) Created new entity instance [org.frcpm.models.Subteam(959665144744000)#67] : 342984225
10:24:08.860 [main] DEBUG org.hibernate.orm.results - Extracted JDBC value [1] - [#0000FF]
10:24:08.860 [main] DEBUG org.hibernate.orm.results - Extracted JDBC value [2] - [Test Create Service Subteam]
10:24:08.860 [main] DEBUG org.hibernate.orm.results - Extracted JDBC value [3] - [Testing, Quality Assurance]
10:24:08.860 [main] DEBUG org.hibernate.orm.results.loading.entity - (EntityResultInitializer) Done materializing entityInstance : org.frcpm.models.Subteam(959665144744000)#67
10:24:08.860 [main] DEBUG org.hibernate.orm.results.loading - Calling top-level assembler (0 / 1) : org.hibernate.sql.results.graph.entity.internal.EntityAssembler@39236f4a
10:24:08.860 [main] DEBUG org.hibernate.orm.results - Extracted JDBC value [0] - [70]
10:24:08.860 [main] DEBUG org.hibernate.orm.results.loading.entity - (EntityResultInitializer) Hydrated EntityKey (org.frcpm.models.Subteam(959665144744000)): 70
10:24:08.860 [main] DEBUG org.hibernate.orm.results.loading.org.hibernate.orm.results.loading.collection - (DelayedCollectionInitializer) Current row collection key : org.frcpm.models.Subteam(959665144744000).members#70
10:24:08.860 [main] DEBUG org.hibernate.orm.results.loading.org.hibernate.orm.results.loading.collection - (DelayedCollectionInitializer) Current row collection key : org.frcpm.models.Subteam(959665144744000).subsystems#70
10:24:08.860 [main] DEBUG org.hibernate.orm.results.loading.entity - (EntityResultInitializer) Created new entity instance [org.frcpm.models.Subteam(959665144744000)#70] : 1182970984
10:24:08.860 [main] DEBUG org.hibernate.orm.results - Extracted JDBC value [1] - [#00FFFF]
10:24:08.860 [main] DEBUG org.hibernate.orm.results - Extracted JDBC value [2] - [Test Color Update Subteam]
10:24:08.860 [main] DEBUG org.hibernate.orm.results - Extracted JDBC value [3] - [Specialties]
10:24:08.860 [main] DEBUG org.hibernate.orm.results.loading.entity - (EntityResultInitializer) Done materializing entityInstance : org.frcpm.models.Subteam(959665144744000)#70
10:24:08.860 [main] DEBUG org.hibernate.orm.results.loading - Calling top-level assembler (0 / 1) : org.hibernate.sql.results.graph.entity.internal.EntityAssembler@39236f4a
10:24:08.860 [main] DEBUG org.hibernate.orm.results - Extracted JDBC value [0] - [79]
10:24:08.860 [main] DEBUG org.hibernate.orm.results.loading.entity - (EntityResultInitializer) Hydrated EntityKey (org.frcpm.models.Subteam(959665144744000)): 79
10:24:08.860 [main] DEBUG org.hibernate.orm.results.loading.org.hibernate.orm.results.loading.collection - (DelayedCollectionInitializer) Current row collection key : org.frcpm.models.Subteam(959665144744000).members#79
10:24:08.860 [main] DEBUG org.hibernate.orm.results.loading.org.hibernate.orm.results.loading.collection - (DelayedCollectionInitializer) Current row collection key : org.frcpm.models.Subteam(959665144744000).subsystems#79
10:24:08.860 [main] DEBUG org.hibernate.orm.results.loading.entity - (EntityResultInitializer) Created new entity instance [org.frcpm.models.Subteam(959665144744000)#79] : 1299313227
10:24:08.860 [main] DEBUG org.hibernate.orm.results - Extracted JDBC value [1] - [#0000FF]
10:24:08.860 [main] DEBUG org.hibernate.orm.results - Extracted JDBC value [2] - [Test Update Subteam]
10:24:08.860 [main] DEBUG org.hibernate.orm.results - Extracted JDBC value [3] - [Updated Specialties]
10:24:08.860 [main] DEBUG org.hibernate.orm.results.loading.entity - (EntityResultInitializer) Done materializing entityInstance : org.frcpm.models.Subteam(959665144744000)#79
10:24:08.860 [main] DEBUG org.hibernate.orm.results.loading - Calling top-level assembler (0 / 1) : org.hibernate.sql.results.graph.entity.internal.EntityAssembler@39236f4a
10:24:08.860 [main] DEBUG org.hibernate.orm.results - Extracted JDBC value [0] - [87]
10:24:08.860 [main] DEBUG org.hibernate.orm.results.loading.entity - (EntityResultInitializer) Hydrated EntityKey (org.frcpm.models.Subteam(959665144744000)): 87
10:24:08.860 [main] DEBUG org.hibernate.orm.results.loading.org.hibernate.orm.results.loading.collection - (DelayedCollectionInitializer) Current row collection key : org.frcpm.models.Subteam(959665144744000).members#87
10:24:08.860 [main] DEBUG org.hibernate.orm.results.loading.org.hibernate.orm.results.loading.collection - (DelayedCollectionInitializer) Current row collection key : org.frcpm.models.Subteam(959665144744000).subsystems#87
10:24:08.860 [main] DEBUG org.hibernate.orm.results.loading.entity - (EntityResultInitializer) Created new entity instance [org.frcpm.models.Subteam(959665144744000)#87] : 834669913
10:24:08.860 [main] DEBUG org.hibernate.orm.results - Extracted JDBC value [1] - [#0000FF]
10:24:08.860 [main] DEBUG org.hibernate.orm.results - Extracted JDBC value [2] - [Duplicate Name Subteam]
10:24:08.860 [main] DEBUG org.hibernate.orm.results - Extracted JDBC value [3] - [Specialties]
10:24:08.860 [main] DEBUG org.hibernate.orm.results.loading.entity - (EntityResultInitializer) Done materializing entityInstance : org.frcpm.models.Subteam(959665144744000)#87
10:24:08.860 [main] DEBUG org.hibernate.orm.results.loading - Calling top-level assembler (0 / 1) : org.hibernate.sql.results.graph.entity.internal.EntityAssembler@39236f4a
10:24:08.860 [main] DEBUG org.hibernate.resource.jdbc.internal.LogicalConnectionManagedImpl - Initiating JDBC connection release from afterTransaction
10:24:08.860 [main] DEBUG org.hibernate.resource.jdbc.internal.LogicalConnectionManagedImpl - Initiating JDBC connection release from afterTransaction
]]></system-out>
    <system-err><![CDATA[Apr 25, 2025 10:24:08 AM org.frcpm.controllers.SubsystemController handleViewTask
WARNING: Cannot view null task
]]></system-err>
  </testcase>
  <testcase name="testHandleViewTask" classname="org.frcpm.controllers.SubsystemControllerTest" time="0.017">
    <system-out><![CDATA[10:24:08.864 [main] DEBUG org.hibernate.orm.sql.ast.create - Created new SQL alias : s1_0
10:24:08.864 [main] DEBUG org.hibernate.orm.sql.ast.create - Registration of TableGroup [StandardTableGroup(org.frcpm.models.Subsystem(959665150256600))] with identifierForTableGroup [org.frcpm.models.Subsystem] for NavigablePath [org.frcpm.models.Subsystem] 
10:24:08.865 [main] DEBUG org.hibernate.orm.sql.ast.create - Registration of TableGroup [org.hibernate.sql.ast.tree.from.LazyTableGroup@331725ab] with identifierForTableGroup [org.frcpm.models.Subsystem.responsibleSubteam] for NavigablePath [org.frcpm.models.Subsystem.responsibleSubteam] 
10:24:08.866 [main] DEBUG org.hibernate.orm.results.graph.AST - DomainResult Graph:
 \-EntityResultImpl [org.frcpm.models.Subsystem(959665150256600)]
 |  +-BasicFetch [org.frcpm.models.Subsystem(959665150256600).description]
 |  +-BasicFetch [org.frcpm.models.Subsystem(959665150256600).name]
 |  +-CircularFetchImpl [org.frcpm.models.Subsystem(959665150256600).responsibleSubteam]
 |  +-BasicFetch [org.frcpm.models.Subsystem(959665150256600).status]
 |  \-DelayedCollectionFetch [org.frcpm.models.Subsystem(959665150256600).tasks]

10:24:08.866 [main] DEBUG org.hibernate.orm.sql.ast.tree - SQL AST Tree:
    SelectStatement {
      FromClause {
        StandardTableGroup (s1 : org.frcpm.models.Subsystem(959665150256600)) {
          primaryTableReference : subsystems as s1_0
          TableGroupJoins {
            left  join LazyTableGroup (rs1 : org.frcpm.models.Subsystem(959665150256600).responsibleSubteam) {
            }
          }
        }
      }
    }

10:24:08.866 [main] DEBUG org.hibernate.orm.sql.exec - Skipping reading Query result cache data: cache-enabled = false, cache-mode = NORMAL
10:24:08.866 [main] DEBUG org.hibernate.orm.results - Initializer list:
	  org.frcpm.models.Subsystem(959665150256600).responsibleSubteam -> EntityDelayedFetchInitializer(org.frcpm.models.Subsystem(959665150256600).responsibleSubteam)@1128386201 (ToOneAttributeMapping(NavigableRole[org.frcpm.models.Subsystem.responsibleSubteam])@135084207)
	  org.frcpm.models.Subsystem(959665150256600) -> EntityResultInitializer(org.frcpm.models.Subsystem(959665150256600))@282508229 (SingleTableEntityPersister(org.frcpm.models.Subsystem))
	  org.frcpm.models.Subsystem(959665150256600).tasks -> DelayedCollectionInitializer(org.frcpm.models.Subsystem(959665150256600).tasks)@534113171 (PluralAttribute(org.frcpm.models.Subsystem.tasks))

10:24:08.866 [main] DEBUG org.hibernate.SQL - select s1_0.id,s1_0.description,s1_0.name,s1_0.responsible_subteam_id,s1_0.status from subsystems s1_0
10:24:08.867 [main] DEBUG org.hibernate.orm.results - Extracted JDBC value [0] - [1]
10:24:08.867 [main] DEBUG org.hibernate.orm.results.loading.entity - (EntityResultInitializer) Hydrated EntityKey (org.frcpm.models.Subsystem(959665150256600)): 1
10:24:08.867 [main] DEBUG org.hibernate.orm.results.loading.org.hibernate.orm.results.loading.collection - (DelayedCollectionInitializer) Current row collection key : org.frcpm.models.Subsystem(959665150256600).tasks#1
10:24:08.867 [main] DEBUG org.hibernate.orm.results.loading.entity - (EntityResultInitializer) Created new entity instance [org.frcpm.models.Subsystem(959665150256600)#1] : 2100301529
10:24:08.867 [main] DEBUG org.hibernate.orm.results - Extracted JDBC value [3] - [1]
10:24:08.867 [main] DEBUG org.hibernate.orm.results - Extracted JDBC value [1] - [Robot movement and navigation system]
10:24:08.867 [main] DEBUG org.hibernate.orm.results - Extracted JDBC value [2] - [Drivetrain]
10:24:08.868 [main] DEBUG org.hibernate.orm.results - Extracted JDBC value [4] - [IN_PROGRESS]
10:24:08.868 [main] DEBUG org.hibernate.orm.results.loading.entity - (EntityResultInitializer) Done materializing entityInstance : org.frcpm.models.Subsystem(959665150256600)#1
10:24:08.868 [main] DEBUG org.hibernate.orm.results.loading - Calling top-level assembler (0 / 1) : org.hibernate.sql.results.graph.entity.internal.EntityAssembler@75a9add6
10:24:08.868 [main] DEBUG org.hibernate.orm.results - Extracted JDBC value [0] - [2]
10:24:08.868 [main] DEBUG org.hibernate.orm.results.loading.entity - (EntityResultInitializer) Hydrated EntityKey (org.frcpm.models.Subsystem(959665150256600)): 2
10:24:08.868 [main] DEBUG org.hibernate.orm.results.loading.org.hibernate.orm.results.loading.collection - (DelayedCollectionInitializer) Current row collection key : org.frcpm.models.Subsystem(959665150256600).tasks#2
10:24:08.868 [main] DEBUG org.hibernate.orm.results.loading.entity - (EntityResultInitializer) Created new entity instance [org.frcpm.models.Subsystem(959665150256600)#2] : 1106523137
10:24:08.868 [main] DEBUG org.hibernate.orm.results - Extracted JDBC value [3] - [1]
10:24:08.868 [main] DEBUG org.hibernate.orm.results - Extracted JDBC value [1] - [Mechanism for collecting game pieces]
10:24:08.868 [main] DEBUG org.hibernate.orm.results - Extracted JDBC value [2] - [Intake]
10:24:08.868 [main] DEBUG org.hibernate.orm.results - Extracted JDBC value [4] - [NOT_STARTED]
10:24:08.868 [main] DEBUG org.hibernate.orm.results.loading.entity - (EntityResultInitializer) Done materializing entityInstance : org.frcpm.models.Subsystem(959665150256600)#2
10:24:08.868 [main] DEBUG org.hibernate.orm.results.loading - Calling top-level assembler (0 / 1) : org.hibernate.sql.results.graph.entity.internal.EntityAssembler@75a9add6
10:24:08.868 [main] DEBUG org.hibernate.orm.results - Extracted JDBC value [0] - [3]
10:24:08.868 [main] DEBUG org.hibernate.orm.results.loading.entity - (EntityResultInitializer) Hydrated EntityKey (org.frcpm.models.Subsystem(959665150256600)): 3
10:24:08.868 [main] DEBUG org.hibernate.orm.results.loading.org.hibernate.orm.results.loading.collection - (DelayedCollectionInitializer) Current row collection key : org.frcpm.models.Subsystem(959665150256600).tasks#3
10:24:08.868 [main] DEBUG org.hibernate.orm.results.loading.entity - (EntityResultInitializer) Created new entity instance [org.frcpm.models.Subsystem(959665150256600)#3] : 1050213685
10:24:08.868 [main] DEBUG org.hibernate.orm.results - Extracted JDBC value [3] - [1]
10:24:08.868 [main] DEBUG org.hibernate.orm.results - Extracted JDBC value [1] - [Mechanism for scoring game pieces]
10:24:08.868 [main] DEBUG org.hibernate.orm.results - Extracted JDBC value [2] - [Shooter]
10:24:08.868 [main] DEBUG org.hibernate.orm.results - Extracted JDBC value [4] - [NOT_STARTED]
10:24:08.868 [main] DEBUG org.hibernate.orm.results.loading.entity - (EntityResultInitializer) Done materializing entityInstance : org.frcpm.models.Subsystem(959665150256600)#3
10:24:08.868 [main] DEBUG org.hibernate.orm.results.loading - Calling top-level assembler (0 / 1) : org.hibernate.sql.results.graph.entity.internal.EntityAssembler@75a9add6
10:24:08.868 [main] DEBUG org.hibernate.orm.results - Extracted JDBC value [0] - [4]
10:24:08.868 [main] DEBUG org.hibernate.orm.results.loading.entity - (EntityResultInitializer) Hydrated EntityKey (org.frcpm.models.Subsystem(959665150256600)): 4
10:24:08.868 [main] DEBUG org.hibernate.orm.results.loading.org.hibernate.orm.results.loading.collection - (DelayedCollectionInitializer) Current row collection key : org.frcpm.models.Subsystem(959665150256600).tasks#4
10:24:08.868 [main] DEBUG org.hibernate.orm.results.loading.entity - (EntityResultInitializer) Created new entity instance [org.frcpm.models.Subsystem(959665150256600)#4] : 1725126860
10:24:08.868 [main] DEBUG org.hibernate.orm.results - Extracted JDBC value [3] - [3]
10:24:08.869 [main] DEBUG org.hibernate.orm.results - Extracted JDBC value [1] - [Camera and processing system for targeting]
10:24:08.869 [main] DEBUG org.hibernate.orm.results - Extracted JDBC value [2] - [Vision]
10:24:08.869 [main] DEBUG org.hibernate.orm.results - Extracted JDBC value [4] - [NOT_STARTED]
10:24:08.869 [main] DEBUG org.hibernate.orm.results.loading.entity - (EntityResultInitializer) Done materializing entityInstance : org.frcpm.models.Subsystem(959665150256600)#4
10:24:08.869 [main] DEBUG org.hibernate.orm.results.loading - Calling top-level assembler (0 / 1) : org.hibernate.sql.results.graph.entity.internal.EntityAssembler@75a9add6
10:24:08.869 [main] DEBUG org.hibernate.orm.results - Extracted JDBC value [0] - [5]
10:24:08.869 [main] DEBUG org.hibernate.orm.results.loading.entity - (EntityResultInitializer) Hydrated EntityKey (org.frcpm.models.Subsystem(959665150256600)): 5
10:24:08.869 [main] DEBUG org.hibernate.orm.results.loading.org.hibernate.orm.results.loading.collection - (DelayedCollectionInitializer) Current row collection key : org.frcpm.models.Subsystem(959665150256600).tasks#5
10:24:08.869 [main] DEBUG org.hibernate.orm.results.loading.entity - (EntityResultInitializer) Created new entity instance [org.frcpm.models.Subsystem(959665150256600)#5] : 1588880909
10:24:08.869 [main] DEBUG org.hibernate.orm.results - Extracted JDBC value [3] - [2]
10:24:08.869 [main] DEBUG org.hibernate.orm.results - Extracted JDBC value [1] - [Wiring, electronics, and sensors]
10:24:08.869 [main] DEBUG org.hibernate.orm.results - Extracted JDBC value [2] - [Controls]
10:24:08.869 [main] DEBUG org.hibernate.orm.results - Extracted JDBC value [4] - [NOT_STARTED]
10:24:08.869 [main] DEBUG org.hibernate.orm.results.loading.entity - (EntityResultInitializer) Done materializing entityInstance : org.frcpm.models.Subsystem(959665150256600)#5
10:24:08.869 [main] DEBUG org.hibernate.orm.results.loading - Calling top-level assembler (0 / 1) : org.hibernate.sql.results.graph.entity.internal.EntityAssembler@75a9add6
10:24:08.869 [main] DEBUG org.hibernate.orm.results - Extracted JDBC value [0] - [18]
10:24:08.869 [main] DEBUG org.hibernate.orm.results.loading.entity - (EntityResultInitializer) Hydrated EntityKey (org.frcpm.models.Subsystem(959665150256600)): 18
10:24:08.869 [main] DEBUG org.hibernate.orm.results.loading.org.hibernate.orm.results.loading.collection - (DelayedCollectionInitializer) Current row collection key : org.frcpm.models.Subsystem(959665150256600).tasks#18
10:24:08.869 [main] DEBUG org.hibernate.orm.results.loading.entity - (EntityResultInitializer) Created new entity instance [org.frcpm.models.Subsystem(959665150256600)#18] : 486830695
10:24:08.869 [main] DEBUG org.hibernate.orm.results - Extracted JDBC value [3] - [null]
10:24:08.869 [main] DEBUG org.hibernate.orm.results - Extracted JDBC value [1] - [null]
10:24:08.869 [main] DEBUG org.hibernate.orm.results - Extracted JDBC value [2] - [Test Count Subsystem]
10:24:08.869 [main] DEBUG org.hibernate.orm.results - Extracted JDBC value [4] - [NOT_STARTED]
10:24:08.869 [main] DEBUG org.hibernate.orm.results.loading.entity - (EntityResultInitializer) Done materializing entityInstance : org.frcpm.models.Subsystem(959665150256600)#18
10:24:08.869 [main] DEBUG org.hibernate.orm.results.loading - Calling top-level assembler (0 / 1) : org.hibernate.sql.results.graph.entity.internal.EntityAssembler@75a9add6
10:24:08.869 [main] DEBUG org.hibernate.orm.results - Extracted JDBC value [0] - [22]
10:24:08.869 [main] DEBUG org.hibernate.orm.results.loading.entity - (EntityResultInitializer) Hydrated EntityKey (org.frcpm.models.Subsystem(959665150256600)): 22
10:24:08.869 [main] DEBUG org.hibernate.orm.results.loading.org.hibernate.orm.results.loading.collection - (DelayedCollectionInitializer) Current row collection key : org.frcpm.models.Subsystem(959665150256600).tasks#22
10:24:08.869 [main] DEBUG org.hibernate.orm.results.loading.entity - (EntityResultInitializer) Created new entity instance [org.frcpm.models.Subsystem(959665150256600)#22] : 632323793
10:24:08.869 [main] DEBUG org.hibernate.orm.results - Extracted JDBC value [3] - [null]
10:24:08.869 [main] DEBUG org.hibernate.orm.results - Extracted JDBC value [1] - [Save subsystem description]
10:24:08.869 [main] DEBUG org.hibernate.orm.results - Extracted JDBC value [2] - [Test Save Subsystem]
10:24:08.869 [main] DEBUG org.hibernate.orm.results - Extracted JDBC value [4] - [TESTING]
10:24:08.869 [main] DEBUG org.hibernate.orm.results.loading.entity - (EntityResultInitializer) Done materializing entityInstance : org.frcpm.models.Subsystem(959665150256600)#22
10:24:08.869 [main] DEBUG org.hibernate.orm.results.loading - Calling top-level assembler (0 / 1) : org.hibernate.sql.results.graph.entity.internal.EntityAssembler@75a9add6
10:24:08.869 [main] DEBUG org.hibernate.orm.results - Extracted JDBC value [0] - [43]
10:24:08.869 [main] DEBUG org.hibernate.orm.results.loading.entity - (EntityResultInitializer) Hydrated EntityKey (org.frcpm.models.Subsystem(959665150256600)): 43
10:24:08.869 [main] DEBUG org.hibernate.orm.results.loading.org.hibernate.orm.results.loading.collection - (DelayedCollectionInitializer) Current row collection key : org.frcpm.models.Subsystem(959665150256600).tasks#43
10:24:08.869 [main] DEBUG org.hibernate.orm.results.loading.entity - (EntityResultInitializer) Created new entity instance [org.frcpm.models.Subsystem(959665150256600)#43] : 274886926
10:24:08.869 [main] DEBUG org.hibernate.orm.results - Extracted JDBC value [3] - [null]
10:24:08.869 [main] DEBUG org.hibernate.orm.results - Extracted JDBC value [1] - [Updated description]
10:24:08.869 [main] DEBUG org.hibernate.orm.results - Extracted JDBC value [2] - [Updated Subsystem Name]
10:24:08.869 [main] DEBUG org.hibernate.orm.results - Extracted JDBC value [4] - [ISSUES]
10:24:08.869 [main] DEBUG org.hibernate.orm.results.loading.entity - (EntityResultInitializer) Done materializing entityInstance : org.frcpm.models.Subsystem(959665150256600)#43
10:24:08.869 [main] DEBUG org.hibernate.orm.results.loading - Calling top-level assembler (0 / 1) : org.hibernate.sql.results.graph.entity.internal.EntityAssembler@75a9add6
10:24:08.869 [main] DEBUG org.hibernate.orm.results - Extracted JDBC value [0] - [44]
10:24:08.869 [main] DEBUG org.hibernate.orm.results.loading.entity - (EntityResultInitializer) Hydrated EntityKey (org.frcpm.models.Subsystem(959665150256600)): 44
10:24:08.869 [main] DEBUG org.hibernate.orm.results.loading.org.hibernate.orm.results.loading.collection - (DelayedCollectionInitializer) Current row collection key : org.frcpm.models.Subsystem(959665150256600).tasks#44
10:24:08.869 [main] DEBUG org.hibernate.orm.results.loading.entity - (EntityResultInitializer) Created new entity instance [org.frcpm.models.Subsystem(959665150256600)#44] : 555897633
10:24:08.869 [main] DEBUG org.hibernate.orm.results - Extracted JDBC value [3] - [null]
10:24:08.869 [main] DEBUG org.hibernate.orm.results - Extracted JDBC value [1] - [null]
10:24:08.869 [main] DEBUG org.hibernate.orm.results - Extracted JDBC value [2] - [Test Task Subsystem]
10:24:08.869 [main] DEBUG org.hibernate.orm.results - Extracted JDBC value [4] - [NOT_STARTED]
10:24:08.869 [main] DEBUG org.hibernate.orm.results.loading.entity - (EntityResultInitializer) Done materializing entityInstance : org.frcpm.models.Subsystem(959665150256600)#44
10:24:08.869 [main] DEBUG org.hibernate.orm.results.loading - Calling top-level assembler (0 / 1) : org.hibernate.sql.results.graph.entity.internal.EntityAssembler@75a9add6
10:24:08.869 [main] DEBUG org.hibernate.orm.results - Extracted JDBC value [0] - [45]
10:24:08.869 [main] DEBUG org.hibernate.orm.results.loading.entity - (EntityResultInitializer) Hydrated EntityKey (org.frcpm.models.Subsystem(959665150256600)): 45
10:24:08.869 [main] DEBUG org.hibernate.orm.results.loading.org.hibernate.orm.results.loading.collection - (DelayedCollectionInitializer) Current row collection key : org.frcpm.models.Subsystem(959665150256600).tasks#45
10:24:08.870 [main] DEBUG org.hibernate.orm.results.loading.entity - (EntityResultInitializer) Created new entity instance [org.frcpm.models.Subsystem(959665150256600)#45] : 1371327427
10:24:08.870 [main] DEBUG org.hibernate.orm.results - Extracted JDBC value [3] - [null]
10:24:08.870 [main] DEBUG org.hibernate.orm.results - Extracted JDBC value [1] - [null]
10:24:08.870 [main] DEBUG org.hibernate.orm.results - Extracted JDBC value [2] - [Test Task Subsystem]
10:24:08.870 [main] DEBUG org.hibernate.orm.results - Extracted JDBC value [4] - [NOT_STARTED]
10:24:08.870 [main] DEBUG org.hibernate.orm.results.loading.entity - (EntityResultInitializer) Done materializing entityInstance : org.frcpm.models.Subsystem(959665150256600)#45
10:24:08.870 [main] DEBUG org.hibernate.orm.results.loading - Calling top-level assembler (0 / 1) : org.hibernate.sql.results.graph.entity.internal.EntityAssembler@75a9add6
10:24:08.870 [main] DEBUG org.hibernate.orm.results - Extracted JDBC value [0] - [46]
10:24:08.870 [main] DEBUG org.hibernate.orm.results.loading.entity - (EntityResultInitializer) Hydrated EntityKey (org.frcpm.models.Subsystem(959665150256600)): 46
10:24:08.870 [main] DEBUG org.hibernate.orm.results.loading.org.hibernate.orm.results.loading.collection - (DelayedCollectionInitializer) Current row collection key : org.frcpm.models.Subsystem(959665150256600).tasks#46
10:24:08.870 [main] DEBUG org.hibernate.orm.results.loading.entity - (EntityResultInitializer) Created new entity instance [org.frcpm.models.Subsystem(959665150256600)#46] : 1928947549
10:24:08.870 [main] DEBUG org.hibernate.orm.results - Extracted JDBC value [3] - [null]
10:24:08.870 [main] DEBUG org.hibernate.orm.results - Extracted JDBC value [1] - [null]
10:24:08.870 [main] DEBUG org.hibernate.orm.results - Extracted JDBC value [2] - [Test Task Subsystem]
10:24:08.870 [main] DEBUG org.hibernate.orm.results - Extracted JDBC value [4] - [NOT_STARTED]
10:24:08.870 [main] DEBUG org.hibernate.orm.results.loading.entity - (EntityResultInitializer) Done materializing entityInstance : org.frcpm.models.Subsystem(959665150256600)#46
10:24:08.870 [main] DEBUG org.hibernate.orm.results.loading - Calling top-level assembler (0 / 1) : org.hibernate.sql.results.graph.entity.internal.EntityAssembler@75a9add6
10:24:08.870 [main] DEBUG org.hibernate.orm.results - Extracted JDBC value [0] - [47]
10:24:08.870 [main] DEBUG org.hibernate.orm.results.loading.entity - (EntityResultInitializer) Hydrated EntityKey (org.frcpm.models.Subsystem(959665150256600)): 47
10:24:08.870 [main] DEBUG org.hibernate.orm.results.loading.org.hibernate.orm.results.loading.collection - (DelayedCollectionInitializer) Current row collection key : org.frcpm.models.Subsystem(959665150256600).tasks#47
10:24:08.870 [main] DEBUG org.hibernate.orm.results.loading.entity - (EntityResultInitializer) Created new entity instance [org.frcpm.models.Subsystem(959665150256600)#47] : 1054265918
10:24:08.870 [main] DEBUG org.hibernate.orm.results - Extracted JDBC value [3] - [null]
10:24:08.870 [main] DEBUG org.hibernate.orm.results - Extracted JDBC value [1] - [null]
10:24:08.870 [main] DEBUG org.hibernate.orm.results - Extracted JDBC value [2] - [Test Task Subsystem]
10:24:08.870 [main] DEBUG org.hibernate.orm.results - Extracted JDBC value [4] - [NOT_STARTED]
10:24:08.870 [main] DEBUG org.hibernate.orm.results.loading.entity - (EntityResultInitializer) Done materializing entityInstance : org.frcpm.models.Subsystem(959665150256600)#47
10:24:08.870 [main] DEBUG org.hibernate.orm.results.loading - Calling top-level assembler (0 / 1) : org.hibernate.sql.results.graph.entity.internal.EntityAssembler@75a9add6
10:24:08.870 [main] DEBUG org.hibernate.orm.results - Extracted JDBC value [0] - [48]
10:24:08.870 [main] DEBUG org.hibernate.orm.results.loading.entity - (EntityResultInitializer) Hydrated EntityKey (org.frcpm.models.Subsystem(959665150256600)): 48
10:24:08.870 [main] DEBUG org.hibernate.orm.results.loading.org.hibernate.orm.results.loading.collection - (DelayedCollectionInitializer) Current row collection key : org.frcpm.models.Subsystem(959665150256600).tasks#48
10:24:08.870 [main] DEBUG org.hibernate.orm.results.loading.entity - (EntityResultInitializer) Created new entity instance [org.frcpm.models.Subsystem(959665150256600)#48] : 1256769930
10:24:08.870 [main] DEBUG org.hibernate.orm.results - Extracted JDBC value [3] - [null]
10:24:08.870 [main] DEBUG org.hibernate.orm.results - Extracted JDBC value [1] - [null]
10:24:08.870 [main] DEBUG org.hibernate.orm.results - Extracted JDBC value [2] - [Test Task Subsystem]
10:24:08.870 [main] DEBUG org.hibernate.orm.results - Extracted JDBC value [4] - [NOT_STARTED]
10:24:08.870 [main] DEBUG org.hibernate.orm.results.loading.entity - (EntityResultInitializer) Done materializing entityInstance : org.frcpm.models.Subsystem(959665150256600)#48
10:24:08.870 [main] DEBUG org.hibernate.orm.results.loading - Calling top-level assembler (0 / 1) : org.hibernate.sql.results.graph.entity.internal.EntityAssembler@75a9add6
10:24:08.870 [main] DEBUG org.hibernate.orm.results - Extracted JDBC value [0] - [49]
10:24:08.870 [main] DEBUG org.hibernate.orm.results.loading.entity - (EntityResultInitializer) Hydrated EntityKey (org.frcpm.models.Subsystem(959665150256600)): 49
10:24:08.870 [main] DEBUG org.hibernate.orm.results.loading.org.hibernate.orm.results.loading.collection - (DelayedCollectionInitializer) Current row collection key : org.frcpm.models.Subsystem(959665150256600).tasks#49
10:24:08.870 [main] DEBUG org.hibernate.orm.results.loading.entity - (EntityResultInitializer) Created new entity instance [org.frcpm.models.Subsystem(959665150256600)#49] : 1419947866
10:24:08.870 [main] DEBUG org.hibernate.orm.results - Extracted JDBC value [3] - [null]
10:24:08.870 [main] DEBUG org.hibernate.orm.results - Extracted JDBC value [1] - [null]
10:24:08.870 [main] DEBUG org.hibernate.orm.results - Extracted JDBC value [2] - [Test Task Subsystem]
10:24:08.870 [main] DEBUG org.hibernate.orm.results - Extracted JDBC value [4] - [NOT_STARTED]
10:24:08.870 [main] DEBUG org.hibernate.orm.results.loading.entity - (EntityResultInitializer) Done materializing entityInstance : org.frcpm.models.Subsystem(959665150256600)#49
10:24:08.870 [main] DEBUG org.hibernate.orm.results.loading - Calling top-level assembler (0 / 1) : org.hibernate.sql.results.graph.entity.internal.EntityAssembler@75a9add6
10:24:08.870 [main] DEBUG org.hibernate.orm.results - Extracted JDBC value [0] - [50]
10:24:08.870 [main] DEBUG org.hibernate.orm.results.loading.entity - (EntityResultInitializer) Hydrated EntityKey (org.frcpm.models.Subsystem(959665150256600)): 50
10:24:08.870 [main] DEBUG org.hibernate.orm.results.loading.org.hibernate.orm.results.loading.collection - (DelayedCollectionInitializer) Current row collection key : org.frcpm.models.Subsystem(959665150256600).tasks#50
10:24:08.870 [main] DEBUG org.hibernate.orm.results.loading.entity - (EntityResultInitializer) Created new entity instance [org.frcpm.models.Subsystem(959665150256600)#50] : 1067884253
10:24:08.870 [main] DEBUG org.hibernate.orm.results - Extracted JDBC value [3] - [null]
10:24:08.870 [main] DEBUG org.hibernate.orm.results - Extracted JDBC value [1] - [null]
10:24:08.870 [main] DEBUG org.hibernate.orm.results - Extracted JDBC value [2] - [Test Task Subsystem]
10:24:08.870 [main] DEBUG org.hibernate.orm.results - Extracted JDBC value [4] - [NOT_STARTED]
10:24:08.870 [main] DEBUG org.hibernate.orm.results.loading.entity - (EntityResultInitializer) Done materializing entityInstance : org.frcpm.models.Subsystem(959665150256600)#50
10:24:08.870 [main] DEBUG org.hibernate.orm.results.loading - Calling top-level assembler (0 / 1) : org.hibernate.sql.results.graph.entity.internal.EntityAssembler@75a9add6
10:24:08.870 [main] DEBUG org.hibernate.orm.results - Extracted JDBC value [0] - [51]
10:24:08.870 [main] DEBUG org.hibernate.orm.results.loading.entity - (EntityResultInitializer) Hydrated EntityKey (org.frcpm.models.Subsystem(959665150256600)): 51
10:24:08.870 [main] DEBUG org.hibernate.orm.results.loading.org.hibernate.orm.results.loading.collection - (DelayedCollectionInitializer) Current row collection key : org.frcpm.models.Subsystem(959665150256600).tasks#51
10:24:08.870 [main] DEBUG org.hibernate.orm.results.loading.entity - (EntityResultInitializer) Created new entity instance [org.frcpm.models.Subsystem(959665150256600)#51] : 1282295280
10:24:08.870 [main] DEBUG org.hibernate.orm.results - Extracted JDBC value [3] - [null]
10:24:08.870 [main] DEBUG org.hibernate.orm.results - Extracted JDBC value [1] - [null]
10:24:08.870 [main] DEBUG org.hibernate.orm.results - Extracted JDBC value [2] - [Test Task Subsystem]
10:24:08.870 [main] DEBUG org.hibernate.orm.results - Extracted JDBC value [4] - [NOT_STARTED]
10:24:08.870 [main] DEBUG org.hibernate.orm.results.loading.entity - (EntityResultInitializer) Done materializing entityInstance : org.frcpm.models.Subsystem(959665150256600)#51
10:24:08.870 [main] DEBUG org.hibernate.orm.results.loading - Calling top-level assembler (0 / 1) : org.hibernate.sql.results.graph.entity.internal.EntityAssembler@75a9add6
10:24:08.870 [main] DEBUG org.hibernate.orm.results - Extracted JDBC value [0] - [52]
10:24:08.870 [main] DEBUG org.hibernate.orm.results.loading.entity - (EntityResultInitializer) Hydrated EntityKey (org.frcpm.models.Subsystem(959665150256600)): 52
10:24:08.870 [main] DEBUG org.hibernate.orm.results.loading.org.hibernate.orm.results.loading.collection - (DelayedCollectionInitializer) Current row collection key : org.frcpm.models.Subsystem(959665150256600).tasks#52
10:24:08.870 [main] DEBUG org.hibernate.orm.results.loading.entity - (EntityResultInitializer) Created new entity instance [org.frcpm.models.Subsystem(959665150256600)#52] : 30414325
10:24:08.870 [main] DEBUG org.hibernate.orm.results - Extracted JDBC value [3] - [null]
10:24:08.870 [main] DEBUG org.hibernate.orm.results - Extracted JDBC value [1] - [null]
10:24:08.870 [main] DEBUG org.hibernate.orm.results - Extracted JDBC value [2] - [Test Task Subsystem]
10:24:08.870 [main] DEBUG org.hibernate.orm.results - Extracted JDBC value [4] - [NOT_STARTED]
10:24:08.870 [main] DEBUG org.hibernate.orm.results.loading.entity - (EntityResultInitializer) Done materializing entityInstance : org.frcpm.models.Subsystem(959665150256600)#52
10:24:08.870 [main] DEBUG org.hibernate.orm.results.loading - Calling top-level assembler (0 / 1) : org.hibernate.sql.results.graph.entity.internal.EntityAssembler@75a9add6
10:24:08.870 [main] DEBUG org.hibernate.orm.results - Extracted JDBC value [0] - [53]
10:24:08.870 [main] DEBUG org.hibernate.orm.results.loading.entity - (EntityResultInitializer) Hydrated EntityKey (org.frcpm.models.Subsystem(959665150256600)): 53
10:24:08.870 [main] DEBUG org.hibernate.orm.results.loading.org.hibernate.orm.results.loading.collection - (DelayedCollectionInitializer) Current row collection key : org.frcpm.models.Subsystem(959665150256600).tasks#53
10:24:08.871 [main] DEBUG org.hibernate.orm.results.loading.entity - (EntityResultInitializer) Created new entity instance [org.frcpm.models.Subsystem(959665150256600)#53] : 233951323
10:24:08.871 [main] DEBUG org.hibernate.orm.results - Extracted JDBC value [3] - [null]
10:24:08.871 [main] DEBUG org.hibernate.orm.results - Extracted JDBC value [1] - [null]
10:24:08.871 [main] DEBUG org.hibernate.orm.results - Extracted JDBC value [2] - [Test Task Subsystem]
10:24:08.871 [main] DEBUG org.hibernate.orm.results - Extracted JDBC value [4] - [NOT_STARTED]
10:24:08.871 [main] DEBUG org.hibernate.orm.results.loading.entity - (EntityResultInitializer) Done materializing entityInstance : org.frcpm.models.Subsystem(959665150256600)#53
10:24:08.871 [main] DEBUG org.hibernate.orm.results.loading - Calling top-level assembler (0 / 1) : org.hibernate.sql.results.graph.entity.internal.EntityAssembler@75a9add6
10:24:08.871 [main] DEBUG org.hibernate.orm.results - Extracted JDBC value [0] - [54]
10:24:08.871 [main] DEBUG org.hibernate.orm.results.loading.entity - (EntityResultInitializer) Hydrated EntityKey (org.frcpm.models.Subsystem(959665150256600)): 54
10:24:08.871 [main] DEBUG org.hibernate.orm.results.loading.org.hibernate.orm.results.loading.collection - (DelayedCollectionInitializer) Current row collection key : org.frcpm.models.Subsystem(959665150256600).tasks#54
10:24:08.871 [main] DEBUG org.hibernate.orm.results.loading.entity - (EntityResultInitializer) Created new entity instance [org.frcpm.models.Subsystem(959665150256600)#54] : 1606928815
10:24:08.871 [main] DEBUG org.hibernate.orm.results - Extracted JDBC value [3] - [null]
10:24:08.871 [main] DEBUG org.hibernate.orm.results - Extracted JDBC value [1] - [null]
10:24:08.871 [main] DEBUG org.hibernate.orm.results - Extracted JDBC value [2] - [Test Task Subsystem]
10:24:08.871 [main] DEBUG org.hibernate.orm.results - Extracted JDBC value [4] - [NOT_STARTED]
10:24:08.871 [main] DEBUG org.hibernate.orm.results.loading.entity - (EntityResultInitializer) Done materializing entityInstance : org.frcpm.models.Subsystem(959665150256600)#54
10:24:08.871 [main] DEBUG org.hibernate.orm.results.loading - Calling top-level assembler (0 / 1) : org.hibernate.sql.results.graph.entity.internal.EntityAssembler@75a9add6
10:24:08.871 [main] DEBUG org.hibernate.orm.results - Extracted JDBC value [0] - [55]
10:24:08.871 [main] DEBUG org.hibernate.orm.results.loading.entity - (EntityResultInitializer) Hydrated EntityKey (org.frcpm.models.Subsystem(959665150256600)): 55
10:24:08.871 [main] DEBUG org.hibernate.orm.results.loading.org.hibernate.orm.results.loading.collection - (DelayedCollectionInitializer) Current row collection key : org.frcpm.models.Subsystem(959665150256600).tasks#55
10:24:08.871 [main] DEBUG org.hibernate.orm.results.loading.entity - (EntityResultInitializer) Created new entity instance [org.frcpm.models.Subsystem(959665150256600)#55] : 501780082
10:24:08.871 [main] DEBUG org.hibernate.orm.results - Extracted JDBC value [3] - [null]
10:24:08.871 [main] DEBUG org.hibernate.orm.results - Extracted JDBC value [1] - [null]
10:24:08.871 [main] DEBUG org.hibernate.orm.results - Extracted JDBC value [2] - [Test Task Subsystem]
10:24:08.871 [main] DEBUG org.hibernate.orm.results - Extracted JDBC value [4] - [NOT_STARTED]
10:24:08.871 [main] DEBUG org.hibernate.orm.results.loading.entity - (EntityResultInitializer) Done materializing entityInstance : org.frcpm.models.Subsystem(959665150256600)#55
10:24:08.871 [main] DEBUG org.hibernate.orm.results.loading - Calling top-level assembler (0 / 1) : org.hibernate.sql.results.graph.entity.internal.EntityAssembler@75a9add6
10:24:08.871 [main] DEBUG org.hibernate.orm.results - Extracted JDBC value [0] - [56]
10:24:08.871 [main] DEBUG org.hibernate.orm.results.loading.entity - (EntityResultInitializer) Hydrated EntityKey (org.frcpm.models.Subsystem(959665150256600)): 56
10:24:08.871 [main] DEBUG org.hibernate.orm.results.loading.org.hibernate.orm.results.loading.collection - (DelayedCollectionInitializer) Current row collection key : org.frcpm.models.Subsystem(959665150256600).tasks#56
10:24:08.871 [main] DEBUG org.hibernate.orm.results.loading.entity - (EntityResultInitializer) Created new entity instance [org.frcpm.models.Subsystem(959665150256600)#56] : 1781374873
10:24:08.871 [main] DEBUG org.hibernate.orm.results - Extracted JDBC value [3] - [null]
10:24:08.871 [main] DEBUG org.hibernate.orm.results - Extracted JDBC value [1] - [null]
10:24:08.871 [main] DEBUG org.hibernate.orm.results - Extracted JDBC value [2] - [Test Task Subsystem]
10:24:08.871 [main] DEBUG org.hibernate.orm.results - Extracted JDBC value [4] - [NOT_STARTED]
10:24:08.871 [main] DEBUG org.hibernate.orm.results.loading.entity - (EntityResultInitializer) Done materializing entityInstance : org.frcpm.models.Subsystem(959665150256600)#56
10:24:08.871 [main] DEBUG org.hibernate.orm.results.loading - Calling top-level assembler (0 / 1) : org.hibernate.sql.results.graph.entity.internal.EntityAssembler@75a9add6
10:24:08.871 [main] DEBUG org.hibernate.orm.results - Extracted JDBC value [0] - [66]
10:24:08.871 [main] DEBUG org.hibernate.orm.results.loading.entity - (EntityResultInitializer) Hydrated EntityKey (org.frcpm.models.Subsystem(959665150256600)): 66
10:24:08.871 [main] DEBUG org.hibernate.orm.results.loading.org.hibernate.orm.results.loading.collection - (DelayedCollectionInitializer) Current row collection key : org.frcpm.models.Subsystem(959665150256600).tasks#66
10:24:08.871 [main] DEBUG org.hibernate.orm.results.loading.entity - (EntityResultInitializer) Created new entity instance [org.frcpm.models.Subsystem(959665150256600)#66] : 1780041823
10:24:08.871 [main] DEBUG org.hibernate.orm.results - Extracted JDBC value [3] - [null]
10:24:08.871 [main] DEBUG org.hibernate.orm.results - Extracted JDBC value [1] - [Test subsystem for component tests]
10:24:08.871 [main] DEBUG org.hibernate.orm.results - Extracted JDBC value [2] - [Component Test Subsystem]
10:24:08.871 [main] DEBUG org.hibernate.orm.results - Extracted JDBC value [4] - [NOT_STARTED]
10:24:08.871 [main] DEBUG org.hibernate.orm.results.loading.entity - (EntityResultInitializer) Done materializing entityInstance : org.frcpm.models.Subsystem(959665150256600)#66
10:24:08.871 [main] DEBUG org.hibernate.orm.results.loading - Calling top-level assembler (0 / 1) : org.hibernate.sql.results.graph.entity.internal.EntityAssembler@75a9add6
10:24:08.871 [main] DEBUG org.hibernate.resource.jdbc.internal.LogicalConnectionManagedImpl - Initiating JDBC connection release from afterTransaction
10:24:08.872 [main] DEBUG org.hibernate.resource.jdbc.internal.LogicalConnectionManagedImpl - Initiating JDBC connection release from afterTransaction
10:24:08.872 [main] DEBUG org.hibernate.orm.sql.ast.create - Created new SQL alias : s1_0
10:24:08.872 [main] DEBUG org.hibernate.orm.sql.ast.create - Registration of TableGroup [StandardTableGroup(org.frcpm.models.Subteam(959665158736200))] with identifierForTableGroup [org.frcpm.models.Subteam] for NavigablePath [org.frcpm.models.Subteam] 
10:24:08.873 [main] DEBUG org.hibernate.orm.results.graph.AST - DomainResult Graph:
 \-EntityResultImpl [org.frcpm.models.Subteam(959665158736200)]
 |  +-BasicFetch [org.frcpm.models.Subteam(959665158736200).colorCode]
 |  +-DelayedCollectionFetch [org.frcpm.models.Subteam(959665158736200).members]
 |  +-BasicFetch [org.frcpm.models.Subteam(959665158736200).name]
 |  +-BasicFetch [org.frcpm.models.Subteam(959665158736200).specialties]
 |  \-DelayedCollectionFetch [org.frcpm.models.Subteam(959665158736200).subsystems]

10:24:08.873 [main] DEBUG org.hibernate.orm.sql.ast.tree - SQL AST Tree:
    SelectStatement {
      FromClause {
        StandardTableGroup (s1 : org.frcpm.models.Subteam(959665158736200)) {
          primaryTableReference : subteams as s1_0
        }
      }
    }

10:24:08.873 [main] DEBUG org.hibernate.orm.sql.exec - Skipping reading Query result cache data: cache-enabled = false, cache-mode = NORMAL
10:24:08.873 [main] DEBUG org.hibernate.orm.results - Initializer list:
	  org.frcpm.models.Subteam(959665158736200) -> EntityResultInitializer(org.frcpm.models.Subteam(959665158736200))@629245159 (SingleTableEntityPersister(org.frcpm.models.Subteam))
	  org.frcpm.models.Subteam(959665158736200).subsystems -> DelayedCollectionInitializer(org.frcpm.models.Subteam(959665158736200).subsystems)@831500043 (PluralAttribute(org.frcpm.models.Subteam.subsystems))
	  org.frcpm.models.Subteam(959665158736200).members -> DelayedCollectionInitializer(org.frcpm.models.Subteam(959665158736200).members)@1516628243 (PluralAttribute(org.frcpm.models.Subteam.members))

10:24:08.873 [main] DEBUG org.hibernate.SQL - select s1_0.id,s1_0.color_code,s1_0.name,s1_0.specialties from subteams s1_0
10:24:08.874 [main] DEBUG org.hibernate.orm.results - Extracted JDBC value [0] - [1]
10:24:08.874 [main] DEBUG org.hibernate.orm.results.loading.entity - (EntityResultInitializer) Hydrated EntityKey (org.frcpm.models.Subteam(959665158736200)): 1
10:24:08.874 [main] DEBUG org.hibernate.orm.results.loading.org.hibernate.orm.results.loading.collection - (DelayedCollectionInitializer) Current row collection key : org.frcpm.models.Subteam(959665158736200).members#1
10:24:08.874 [main] DEBUG org.hibernate.orm.results.loading.org.hibernate.orm.results.loading.collection - (DelayedCollectionInitializer) Current row collection key : org.frcpm.models.Subteam(959665158736200).subsystems#1
10:24:08.874 [main] DEBUG org.hibernate.orm.results.loading.entity - (EntityResultInitializer) Created new entity instance [org.frcpm.models.Subteam(959665158736200)#1] : 1909740171
10:24:08.874 [main] DEBUG org.hibernate.orm.results - Extracted JDBC value [1] - [#FF5733]
10:24:08.874 [main] DEBUG org.hibernate.orm.results - Extracted JDBC value [2] - [Mechanical]
10:24:08.874 [main] DEBUG org.hibernate.orm.results - Extracted JDBC value [3] - [Design, CAD, Fabrication, Assembly]
10:24:08.874 [main] DEBUG org.hibernate.orm.results.loading.entity - (EntityResultInitializer) Done materializing entityInstance : org.frcpm.models.Subteam(959665158736200)#1
10:24:08.874 [main] DEBUG org.hibernate.orm.results.loading - Calling top-level assembler (0 / 1) : org.hibernate.sql.results.graph.entity.internal.EntityAssembler@55947b77
10:24:08.874 [main] DEBUG org.hibernate.orm.results - Extracted JDBC value [0] - [2]
10:24:08.874 [main] DEBUG org.hibernate.orm.results.loading.entity - (EntityResultInitializer) Hydrated EntityKey (org.frcpm.models.Subteam(959665158736200)): 2
10:24:08.874 [main] DEBUG org.hibernate.orm.results.loading.org.hibernate.orm.results.loading.collection - (DelayedCollectionInitializer) Current row collection key : org.frcpm.models.Subteam(959665158736200).members#2
10:24:08.874 [main] DEBUG org.hibernate.orm.results.loading.org.hibernate.orm.results.loading.collection - (DelayedCollectionInitializer) Current row collection key : org.frcpm.models.Subteam(959665158736200).subsystems#2
10:24:08.874 [main] DEBUG org.hibernate.orm.results.loading.entity - (EntityResultInitializer) Created new entity instance [org.frcpm.models.Subteam(959665158736200)#2] : 109525828
10:24:08.874 [main] DEBUG org.hibernate.orm.results - Extracted JDBC value [1] - [#33A8FF]
10:24:08.874 [main] DEBUG org.hibernate.orm.results - Extracted JDBC value [2] - [Electrical]
10:24:08.874 [main] DEBUG org.hibernate.orm.results - Extracted JDBC value [3] - [Wiring, Electronics, Sensors, Power Systems]
10:24:08.874 [main] DEBUG org.hibernate.orm.results.loading.entity - (EntityResultInitializer) Done materializing entityInstance : org.frcpm.models.Subteam(959665158736200)#2
10:24:08.874 [main] DEBUG org.hibernate.orm.results.loading - Calling top-level assembler (0 / 1) : org.hibernate.sql.results.graph.entity.internal.EntityAssembler@55947b77
10:24:08.874 [main] DEBUG org.hibernate.orm.results - Extracted JDBC value [0] - [3]
10:24:08.874 [main] DEBUG org.hibernate.orm.results.loading.entity - (EntityResultInitializer) Hydrated EntityKey (org.frcpm.models.Subteam(959665158736200)): 3
10:24:08.874 [main] DEBUG org.hibernate.orm.results.loading.org.hibernate.orm.results.loading.collection - (DelayedCollectionInitializer) Current row collection key : org.frcpm.models.Subteam(959665158736200).members#3
10:24:08.874 [main] DEBUG org.hibernate.orm.results.loading.org.hibernate.orm.results.loading.collection - (DelayedCollectionInitializer) Current row collection key : org.frcpm.models.Subteam(959665158736200).subsystems#3
10:24:08.874 [main] DEBUG org.hibernate.orm.results.loading.entity - (EntityResultInitializer) Created new entity instance [org.frcpm.models.Subteam(959665158736200)#3] : 321823123
10:24:08.874 [main] DEBUG org.hibernate.orm.results - Extracted JDBC value [1] - [#33FF57]
10:24:08.874 [main] DEBUG org.hibernate.orm.results - Extracted JDBC value [2] - [Programming]
10:24:08.874 [main] DEBUG org.hibernate.orm.results - Extracted JDBC value [3] - [Java, Vision, Control Systems, Autonomous]
10:24:08.874 [main] DEBUG org.hibernate.orm.results.loading.entity - (EntityResultInitializer) Done materializing entityInstance : org.frcpm.models.Subteam(959665158736200)#3
10:24:08.874 [main] DEBUG org.hibernate.orm.results.loading - Calling top-level assembler (0 / 1) : org.hibernate.sql.results.graph.entity.internal.EntityAssembler@55947b77
10:24:08.874 [main] DEBUG org.hibernate.orm.results - Extracted JDBC value [0] - [4]
10:24:08.874 [main] DEBUG org.hibernate.orm.results.loading.entity - (EntityResultInitializer) Hydrated EntityKey (org.frcpm.models.Subteam(959665158736200)): 4
10:24:08.874 [main] DEBUG org.hibernate.orm.results.loading.org.hibernate.orm.results.loading.collection - (DelayedCollectionInitializer) Current row collection key : org.frcpm.models.Subteam(959665158736200).members#4
10:24:08.874 [main] DEBUG org.hibernate.orm.results.loading.org.hibernate.orm.results.loading.collection - (DelayedCollectionInitializer) Current row collection key : org.frcpm.models.Subteam(959665158736200).subsystems#4
10:24:08.874 [main] DEBUG org.hibernate.orm.results.loading.entity - (EntityResultInitializer) Created new entity instance [org.frcpm.models.Subteam(959665158736200)#4] : 1594037322
10:24:08.874 [main] DEBUG org.hibernate.orm.results - Extracted JDBC value [1] - [#FF33A8]
10:24:08.874 [main] DEBUG org.hibernate.orm.results - Extracted JDBC value [2] - [Business]
10:24:08.874 [main] DEBUG org.hibernate.orm.results - Extracted JDBC value [3] - [Fundraising, Marketing, Outreach, Awards]
10:24:08.874 [main] DEBUG org.hibernate.orm.results.loading.entity - (EntityResultInitializer) Done materializing entityInstance : org.frcpm.models.Subteam(959665158736200)#4
10:24:08.874 [main] DEBUG org.hibernate.orm.results.loading - Calling top-level assembler (0 / 1) : org.hibernate.sql.results.graph.entity.internal.EntityAssembler@55947b77
10:24:08.874 [main] DEBUG org.hibernate.orm.results - Extracted JDBC value [0] - [24]
10:24:08.874 [main] DEBUG org.hibernate.orm.results.loading.entity - (EntityResultInitializer) Hydrated EntityKey (org.frcpm.models.Subteam(959665158736200)): 24
10:24:08.874 [main] DEBUG org.hibernate.orm.results.loading.org.hibernate.orm.results.loading.collection - (DelayedCollectionInitializer) Current row collection key : org.frcpm.models.Subteam(959665158736200).members#24
10:24:08.875 [main] DEBUG org.hibernate.orm.results.loading.org.hibernate.orm.results.loading.collection - (DelayedCollectionInitializer) Current row collection key : org.frcpm.models.Subteam(959665158736200).subsystems#24
10:24:08.875 [main] DEBUG org.hibernate.orm.results.loading.entity - (EntityResultInitializer) Created new entity instance [org.frcpm.models.Subteam(959665158736200)#24] : 1438601913
10:24:08.875 [main] DEBUG org.hibernate.orm.results - Extracted JDBC value [1] - [#0000FF]
10:24:08.875 [main] DEBUG org.hibernate.orm.results - Extracted JDBC value [2] - [Test Count Subteam]
10:24:08.875 [main] DEBUG org.hibernate.orm.results - Extracted JDBC value [3] - [null]
10:24:08.875 [main] DEBUG org.hibernate.orm.results.loading.entity - (EntityResultInitializer) Done materializing entityInstance : org.frcpm.models.Subteam(959665158736200)#24
10:24:08.875 [main] DEBUG org.hibernate.orm.results.loading - Calling top-level assembler (0 / 1) : org.hibernate.sql.results.graph.entity.internal.EntityAssembler@55947b77
10:24:08.875 [main] DEBUG org.hibernate.orm.results - Extracted JDBC value [0] - [27]
10:24:08.875 [main] DEBUG org.hibernate.orm.results.loading.entity - (EntityResultInitializer) Hydrated EntityKey (org.frcpm.models.Subteam(959665158736200)): 27
10:24:08.875 [main] DEBUG org.hibernate.orm.results.loading.org.hibernate.orm.results.loading.collection - (DelayedCollectionInitializer) Current row collection key : org.frcpm.models.Subteam(959665158736200).members#27
10:24:08.875 [main] DEBUG org.hibernate.orm.results.loading.org.hibernate.orm.results.loading.collection - (DelayedCollectionInitializer) Current row collection key : org.frcpm.models.Subteam(959665158736200).subsystems#27
10:24:08.875 [main] DEBUG org.hibernate.orm.results.loading.entity - (EntityResultInitializer) Created new entity instance [org.frcpm.models.Subteam(959665158736200)#27] : 255321531
10:24:08.875 [main] DEBUG org.hibernate.orm.results - Extracted JDBC value [1] - [#0000FF]
10:24:08.875 [main] DEBUG org.hibernate.orm.results - Extracted JDBC value [2] - [Test Save Subteam]
10:24:08.875 [main] DEBUG org.hibernate.orm.results - Extracted JDBC value [3] - [Testing]
10:24:08.875 [main] DEBUG org.hibernate.orm.results.loading.entity - (EntityResultInitializer) Done materializing entityInstance : org.frcpm.models.Subteam(959665158736200)#27
10:24:08.875 [main] DEBUG org.hibernate.orm.results.loading - Calling top-level assembler (0 / 1) : org.hibernate.sql.results.graph.entity.internal.EntityAssembler@55947b77
10:24:08.875 [main] DEBUG org.hibernate.orm.results - Extracted JDBC value [0] - [42]
10:24:08.875 [main] DEBUG org.hibernate.orm.results.loading.entity - (EntityResultInitializer) Hydrated EntityKey (org.frcpm.models.Subteam(959665158736200)): 42
10:24:08.875 [main] DEBUG org.hibernate.orm.results.loading.org.hibernate.orm.results.loading.collection - (DelayedCollectionInitializer) Current row collection key : org.frcpm.models.Subteam(959665158736200).members#42
10:24:08.875 [main] DEBUG org.hibernate.orm.results.loading.org.hibernate.orm.results.loading.collection - (DelayedCollectionInitializer) Current row collection key : org.frcpm.models.Subteam(959665158736200).subsystems#42
10:24:08.875 [main] DEBUG org.hibernate.orm.results.loading.entity - (EntityResultInitializer) Created new entity instance [org.frcpm.models.Subteam(959665158736200)#42] : 375962181
10:24:08.875 [main] DEBUG org.hibernate.orm.results - Extracted JDBC value [1] - [#00FFFF]
10:24:08.875 [main] DEBUG org.hibernate.orm.results - Extracted JDBC value [2] - [Updated Subteam Name]
10:24:08.875 [main] DEBUG org.hibernate.orm.results - Extracted JDBC value [3] - [null]
10:24:08.875 [main] DEBUG org.hibernate.orm.results.loading.entity - (EntityResultInitializer) Done materializing entityInstance : org.frcpm.models.Subteam(959665158736200)#42
10:24:08.875 [main] DEBUG org.hibernate.orm.results.loading - Calling top-level assembler (0 / 1) : org.hibernate.sql.results.graph.entity.internal.EntityAssembler@55947b77
10:24:08.875 [main] DEBUG org.hibernate.orm.results - Extracted JDBC value [0] - [67]
10:24:08.875 [main] DEBUG org.hibernate.orm.results.loading.entity - (EntityResultInitializer) Hydrated EntityKey (org.frcpm.models.Subteam(959665158736200)): 67
10:24:08.875 [main] DEBUG org.hibernate.orm.results.loading.org.hibernate.orm.results.loading.collection - (DelayedCollectionInitializer) Current row collection key : org.frcpm.models.Subteam(959665158736200).members#67
10:24:08.875 [main] DEBUG org.hibernate.orm.results.loading.org.hibernate.orm.results.loading.collection - (DelayedCollectionInitializer) Current row collection key : org.frcpm.models.Subteam(959665158736200).subsystems#67
10:24:08.875 [main] DEBUG org.hibernate.orm.results.loading.entity - (EntityResultInitializer) Created new entity instance [org.frcpm.models.Subteam(959665158736200)#67] : 222454321
10:24:08.875 [main] DEBUG org.hibernate.orm.results - Extracted JDBC value [1] - [#0000FF]
10:24:08.875 [main] DEBUG org.hibernate.orm.results - Extracted JDBC value [2] - [Test Create Service Subteam]
10:24:08.875 [main] DEBUG org.hibernate.orm.results - Extracted JDBC value [3] - [Testing, Quality Assurance]
10:24:08.875 [main] DEBUG org.hibernate.orm.results.loading.entity - (EntityResultInitializer) Done materializing entityInstance : org.frcpm.models.Subteam(959665158736200)#67
10:24:08.875 [main] DEBUG org.hibernate.orm.results.loading - Calling top-level assembler (0 / 1) : org.hibernate.sql.results.graph.entity.internal.EntityAssembler@55947b77
10:24:08.875 [main] DEBUG org.hibernate.orm.results - Extracted JDBC value [0] - [70]
10:24:08.875 [main] DEBUG org.hibernate.orm.results.loading.entity - (EntityResultInitializer) Hydrated EntityKey (org.frcpm.models.Subteam(959665158736200)): 70
10:24:08.875 [main] DEBUG org.hibernate.orm.results.loading.org.hibernate.orm.results.loading.collection - (DelayedCollectionInitializer) Current row collection key : org.frcpm.models.Subteam(959665158736200).members#70
10:24:08.875 [main] DEBUG org.hibernate.orm.results.loading.org.hibernate.orm.results.loading.collection - (DelayedCollectionInitializer) Current row collection key : org.frcpm.models.Subteam(959665158736200).subsystems#70
10:24:08.875 [main] DEBUG org.hibernate.orm.results.loading.entity - (EntityResultInitializer) Created new entity instance [org.frcpm.models.Subteam(959665158736200)#70] : 1965803324
10:24:08.875 [main] DEBUG org.hibernate.orm.results - Extracted JDBC value [1] - [#00FFFF]
10:24:08.875 [main] DEBUG org.hibernate.orm.results - Extracted JDBC value [2] - [Test Color Update Subteam]
10:24:08.875 [main] DEBUG org.hibernate.orm.results - Extracted JDBC value [3] - [Specialties]
10:24:08.875 [main] DEBUG org.hibernate.orm.results.loading.entity - (EntityResultInitializer) Done materializing entityInstance : org.frcpm.models.Subteam(959665158736200)#70
10:24:08.875 [main] DEBUG org.hibernate.orm.results.loading - Calling top-level assembler (0 / 1) : org.hibernate.sql.results.graph.entity.internal.EntityAssembler@55947b77
10:24:08.875 [main] DEBUG org.hibernate.orm.results - Extracted JDBC value [0] - [79]
10:24:08.875 [main] DEBUG org.hibernate.orm.results.loading.entity - (EntityResultInitializer) Hydrated EntityKey (org.frcpm.models.Subteam(959665158736200)): 79
10:24:08.875 [main] DEBUG org.hibernate.orm.results.loading.org.hibernate.orm.results.loading.collection - (DelayedCollectionInitializer) Current row collection key : org.frcpm.models.Subteam(959665158736200).members#79
10:24:08.875 [main] DEBUG org.hibernate.orm.results.loading.org.hibernate.orm.results.loading.collection - (DelayedCollectionInitializer) Current row collection key : org.frcpm.models.Subteam(959665158736200).subsystems#79
10:24:08.875 [main] DEBUG org.hibernate.orm.results.loading.entity - (EntityResultInitializer) Created new entity instance [org.frcpm.models.Subteam(959665158736200)#79] : 535558022
10:24:08.875 [main] DEBUG org.hibernate.orm.results - Extracted JDBC value [1] - [#0000FF]
10:24:08.875 [main] DEBUG org.hibernate.orm.results - Extracted JDBC value [2] - [Test Update Subteam]
10:24:08.875 [main] DEBUG org.hibernate.orm.results - Extracted JDBC value [3] - [Updated Specialties]
10:24:08.875 [main] DEBUG org.hibernate.orm.results.loading.entity - (EntityResultInitializer) Done materializing entityInstance : org.frcpm.models.Subteam(959665158736200)#79
10:24:08.875 [main] DEBUG org.hibernate.orm.results.loading - Calling top-level assembler (0 / 1) : org.hibernate.sql.results.graph.entity.internal.EntityAssembler@55947b77
10:24:08.875 [main] DEBUG org.hibernate.orm.results - Extracted JDBC value [0] - [87]
10:24:08.875 [main] DEBUG org.hibernate.orm.results.loading.entity - (EntityResultInitializer) Hydrated EntityKey (org.frcpm.models.Subteam(959665158736200)): 87
10:24:08.875 [main] DEBUG org.hibernate.orm.results.loading.org.hibernate.orm.results.loading.collection - (DelayedCollectionInitializer) Current row collection key : org.frcpm.models.Subteam(959665158736200).members#87
10:24:08.875 [main] DEBUG org.hibernate.orm.results.loading.org.hibernate.orm.results.loading.collection - (DelayedCollectionInitializer) Current row collection key : org.frcpm.models.Subteam(959665158736200).subsystems#87
10:24:08.875 [main] DEBUG org.hibernate.orm.results.loading.entity - (EntityResultInitializer) Created new entity instance [org.frcpm.models.Subteam(959665158736200)#87] : 515213425
10:24:08.875 [main] DEBUG org.hibernate.orm.results - Extracted JDBC value [1] - [#0000FF]
10:24:08.875 [main] DEBUG org.hibernate.orm.results - Extracted JDBC value [2] - [Duplicate Name Subteam]
10:24:08.875 [main] DEBUG org.hibernate.orm.results - Extracted JDBC value [3] - [Specialties]
10:24:08.875 [main] DEBUG org.hibernate.orm.results.loading.entity - (EntityResultInitializer) Done materializing entityInstance : org.frcpm.models.Subteam(959665158736200)#87
10:24:08.875 [main] DEBUG org.hibernate.orm.results.loading - Calling top-level assembler (0 / 1) : org.hibernate.sql.results.graph.entity.internal.EntityAssembler@55947b77
10:24:08.875 [main] DEBUG org.hibernate.resource.jdbc.internal.LogicalConnectionManagedImpl - Initiating JDBC connection release from afterTransaction
10:24:08.875 [main] DEBUG org.hibernate.resource.jdbc.internal.LogicalConnectionManagedImpl - Initiating JDBC connection release from afterTransaction
]]></system-out>
  </testcase>
  <testcase name="testSetViewModel" classname="org.frcpm.controllers.SubsystemControllerTest" time="0.012">
    <system-out><![CDATA[10:24:08.884 [main] DEBUG org.hibernate.orm.sql.ast.create - Created new SQL alias : s1_0
10:24:08.884 [main] DEBUG org.hibernate.orm.sql.ast.create - Registration of TableGroup [StandardTableGroup(org.frcpm.models.Subsystem(959665170008600))] with identifierForTableGroup [org.frcpm.models.Subsystem] for NavigablePath [org.frcpm.models.Subsystem] 
10:24:08.884 [main] DEBUG org.hibernate.orm.sql.ast.create - Registration of TableGroup [org.hibernate.sql.ast.tree.from.LazyTableGroup@79026b61] with identifierForTableGroup [org.frcpm.models.Subsystem.responsibleSubteam] for NavigablePath [org.frcpm.models.Subsystem.responsibleSubteam] 
10:24:08.885 [main] DEBUG org.hibernate.orm.results.graph.AST - DomainResult Graph:
 \-EntityResultImpl [org.frcpm.models.Subsystem(959665170008600)]
 |  +-BasicFetch [org.frcpm.models.Subsystem(959665170008600).description]
 |  +-BasicFetch [org.frcpm.models.Subsystem(959665170008600).name]
 |  +-CircularFetchImpl [org.frcpm.models.Subsystem(959665170008600).responsibleSubteam]
 |  +-BasicFetch [org.frcpm.models.Subsystem(959665170008600).status]
 |  \-DelayedCollectionFetch [org.frcpm.models.Subsystem(959665170008600).tasks]

10:24:08.885 [main] DEBUG org.hibernate.orm.sql.ast.tree - SQL AST Tree:
    SelectStatement {
      FromClause {
        StandardTableGroup (s1 : org.frcpm.models.Subsystem(959665170008600)) {
          primaryTableReference : subsystems as s1_0
          TableGroupJoins {
            left  join LazyTableGroup (rs1 : org.frcpm.models.Subsystem(959665170008600).responsibleSubteam) {
            }
          }
        }
      }
    }

10:24:08.885 [main] DEBUG org.hibernate.orm.sql.exec - Skipping reading Query result cache data: cache-enabled = false, cache-mode = NORMAL
10:24:08.885 [main] DEBUG org.hibernate.orm.results - Initializer list:
	  org.frcpm.models.Subsystem(959665170008600).responsibleSubteam -> EntityDelayedFetchInitializer(org.frcpm.models.Subsystem(959665170008600).responsibleSubteam)@632620727 (ToOneAttributeMapping(NavigableRole[org.frcpm.models.Subsystem.responsibleSubteam])@135084207)
	  org.frcpm.models.Subsystem(959665170008600) -> EntityResultInitializer(org.frcpm.models.Subsystem(959665170008600))@882695706 (SingleTableEntityPersister(org.frcpm.models.Subsystem))
	  org.frcpm.models.Subsystem(959665170008600).tasks -> DelayedCollectionInitializer(org.frcpm.models.Subsystem(959665170008600).tasks)@1030093739 (PluralAttribute(org.frcpm.models.Subsystem.tasks))

10:24:08.885 [main] DEBUG org.hibernate.SQL - select s1_0.id,s1_0.description,s1_0.name,s1_0.responsible_subteam_id,s1_0.status from subsystems s1_0
10:24:08.885 [main] DEBUG org.hibernate.orm.results - Extracted JDBC value [0] - [1]
10:24:08.885 [main] DEBUG org.hibernate.orm.results.loading.entity - (EntityResultInitializer) Hydrated EntityKey (org.frcpm.models.Subsystem(959665170008600)): 1
10:24:08.885 [main] DEBUG org.hibernate.orm.results.loading.org.hibernate.orm.results.loading.collection - (DelayedCollectionInitializer) Current row collection key : org.frcpm.models.Subsystem(959665170008600).tasks#1
10:24:08.885 [main] DEBUG org.hibernate.orm.results.loading.entity - (EntityResultInitializer) Created new entity instance [org.frcpm.models.Subsystem(959665170008600)#1] : 140872617
10:24:08.885 [main] DEBUG org.hibernate.orm.results - Extracted JDBC value [3] - [1]
10:24:08.885 [main] DEBUG org.hibernate.orm.results - Extracted JDBC value [1] - [Robot movement and navigation system]
10:24:08.885 [main] DEBUG org.hibernate.orm.results - Extracted JDBC value [2] - [Drivetrain]
10:24:08.885 [main] DEBUG org.hibernate.orm.results - Extracted JDBC value [4] - [IN_PROGRESS]
10:24:08.886 [main] DEBUG org.hibernate.orm.results.loading.entity - (EntityResultInitializer) Done materializing entityInstance : org.frcpm.models.Subsystem(959665170008600)#1
10:24:08.886 [main] DEBUG org.hibernate.orm.results.loading - Calling top-level assembler (0 / 1) : org.hibernate.sql.results.graph.entity.internal.EntityAssembler@7bc81a1f
10:24:08.886 [main] DEBUG org.hibernate.orm.results - Extracted JDBC value [0] - [2]
10:24:08.886 [main] DEBUG org.hibernate.orm.results.loading.entity - (EntityResultInitializer) Hydrated EntityKey (org.frcpm.models.Subsystem(959665170008600)): 2
10:24:08.886 [main] DEBUG org.hibernate.orm.results.loading.org.hibernate.orm.results.loading.collection - (DelayedCollectionInitializer) Current row collection key : org.frcpm.models.Subsystem(959665170008600).tasks#2
10:24:08.886 [main] DEBUG org.hibernate.orm.results.loading.entity - (EntityResultInitializer) Created new entity instance [org.frcpm.models.Subsystem(959665170008600)#2] : 2113997762
10:24:08.886 [main] DEBUG org.hibernate.orm.results - Extracted JDBC value [3] - [1]
10:24:08.886 [main] DEBUG org.hibernate.orm.results - Extracted JDBC value [1] - [Mechanism for collecting game pieces]
10:24:08.886 [main] DEBUG org.hibernate.orm.results - Extracted JDBC value [2] - [Intake]
10:24:08.886 [main] DEBUG org.hibernate.orm.results - Extracted JDBC value [4] - [NOT_STARTED]
10:24:08.886 [main] DEBUG org.hibernate.orm.results.loading.entity - (EntityResultInitializer) Done materializing entityInstance : org.frcpm.models.Subsystem(959665170008600)#2
10:24:08.886 [main] DEBUG org.hibernate.orm.results.loading - Calling top-level assembler (0 / 1) : org.hibernate.sql.results.graph.entity.internal.EntityAssembler@7bc81a1f
10:24:08.886 [main] DEBUG org.hibernate.orm.results - Extracted JDBC value [0] - [3]
10:24:08.886 [main] DEBUG org.hibernate.orm.results.loading.entity - (EntityResultInitializer) Hydrated EntityKey (org.frcpm.models.Subsystem(959665170008600)): 3
10:24:08.886 [main] DEBUG org.hibernate.orm.results.loading.org.hibernate.orm.results.loading.collection - (DelayedCollectionInitializer) Current row collection key : org.frcpm.models.Subsystem(959665170008600).tasks#3
10:24:08.886 [main] DEBUG org.hibernate.orm.results.loading.entity - (EntityResultInitializer) Created new entity instance [org.frcpm.models.Subsystem(959665170008600)#3] : 1010421631
10:24:08.886 [main] DEBUG org.hibernate.orm.results - Extracted JDBC value [3] - [1]
10:24:08.886 [main] DEBUG org.hibernate.orm.results - Extracted JDBC value [1] - [Mechanism for scoring game pieces]
10:24:08.886 [main] DEBUG org.hibernate.orm.results - Extracted JDBC value [2] - [Shooter]
10:24:08.886 [main] DEBUG org.hibernate.orm.results - Extracted JDBC value [4] - [NOT_STARTED]
10:24:08.886 [main] DEBUG org.hibernate.orm.results.loading.entity - (EntityResultInitializer) Done materializing entityInstance : org.frcpm.models.Subsystem(959665170008600)#3
10:24:08.886 [main] DEBUG org.hibernate.orm.results.loading - Calling top-level assembler (0 / 1) : org.hibernate.sql.results.graph.entity.internal.EntityAssembler@7bc81a1f
10:24:08.886 [main] DEBUG org.hibernate.orm.results - Extracted JDBC value [0] - [4]
10:24:08.886 [main] DEBUG org.hibernate.orm.results.loading.entity - (EntityResultInitializer) Hydrated EntityKey (org.frcpm.models.Subsystem(959665170008600)): 4
10:24:08.886 [main] DEBUG org.hibernate.orm.results.loading.org.hibernate.orm.results.loading.collection - (DelayedCollectionInitializer) Current row collection key : org.frcpm.models.Subsystem(959665170008600).tasks#4
10:24:08.886 [main] DEBUG org.hibernate.orm.results.loading.entity - (EntityResultInitializer) Created new entity instance [org.frcpm.models.Subsystem(959665170008600)#4] : 1907586623
10:24:08.886 [main] DEBUG org.hibernate.orm.results - Extracted JDBC value [3] - [3]
10:24:08.886 [main] DEBUG org.hibernate.orm.results - Extracted JDBC value [1] - [Camera and processing system for targeting]
10:24:08.886 [main] DEBUG org.hibernate.orm.results - Extracted JDBC value [2] - [Vision]
10:24:08.886 [main] DEBUG org.hibernate.orm.results - Extracted JDBC value [4] - [NOT_STARTED]
10:24:08.886 [main] DEBUG org.hibernate.orm.results.loading.entity - (EntityResultInitializer) Done materializing entityInstance : org.frcpm.models.Subsystem(959665170008600)#4
10:24:08.886 [main] DEBUG org.hibernate.orm.results.loading - Calling top-level assembler (0 / 1) : org.hibernate.sql.results.graph.entity.internal.EntityAssembler@7bc81a1f
10:24:08.886 [main] DEBUG org.hibernate.orm.results - Extracted JDBC value [0] - [5]
10:24:08.886 [main] DEBUG org.hibernate.orm.results.loading.entity - (EntityResultInitializer) Hydrated EntityKey (org.frcpm.models.Subsystem(959665170008600)): 5
10:24:08.886 [main] DEBUG org.hibernate.orm.results.loading.org.hibernate.orm.results.loading.collection - (DelayedCollectionInitializer) Current row collection key : org.frcpm.models.Subsystem(959665170008600).tasks#5
10:24:08.886 [main] DEBUG org.hibernate.orm.results.loading.entity - (EntityResultInitializer) Created new entity instance [org.frcpm.models.Subsystem(959665170008600)#5] : 911264794
10:24:08.886 [main] DEBUG org.hibernate.orm.results - Extracted JDBC value [3] - [2]
10:24:08.886 [main] DEBUG org.hibernate.orm.results - Extracted JDBC value [1] - [Wiring, electronics, and sensors]
10:24:08.886 [main] DEBUG org.hibernate.orm.results - Extracted JDBC value [2] - [Controls]
10:24:08.886 [main] DEBUG org.hibernate.orm.results - Extracted JDBC value [4] - [NOT_STARTED]
10:24:08.886 [main] DEBUG org.hibernate.orm.results.loading.entity - (EntityResultInitializer) Done materializing entityInstance : org.frcpm.models.Subsystem(959665170008600)#5
10:24:08.886 [main] DEBUG org.hibernate.orm.results.loading - Calling top-level assembler (0 / 1) : org.hibernate.sql.results.graph.entity.internal.EntityAssembler@7bc81a1f
10:24:08.886 [main] DEBUG org.hibernate.orm.results - Extracted JDBC value [0] - [18]
10:24:08.886 [main] DEBUG org.hibernate.orm.results.loading.entity - (EntityResultInitializer) Hydrated EntityKey (org.frcpm.models.Subsystem(959665170008600)): 18
10:24:08.886 [main] DEBUG org.hibernate.orm.results.loading.org.hibernate.orm.results.loading.collection - (DelayedCollectionInitializer) Current row collection key : org.frcpm.models.Subsystem(959665170008600).tasks#18
10:24:08.886 [main] DEBUG org.hibernate.orm.results.loading.entity - (EntityResultInitializer) Created new entity instance [org.frcpm.models.Subsystem(959665170008600)#18] : 174377599
10:24:08.886 [main] DEBUG org.hibernate.orm.results - Extracted JDBC value [3] - [null]
10:24:08.886 [main] DEBUG org.hibernate.orm.results - Extracted JDBC value [1] - [null]
10:24:08.886 [main] DEBUG org.hibernate.orm.results - Extracted JDBC value [2] - [Test Count Subsystem]
10:24:08.886 [main] DEBUG org.hibernate.orm.results - Extracted JDBC value [4] - [NOT_STARTED]
10:24:08.886 [main] DEBUG org.hibernate.orm.results.loading.entity - (EntityResultInitializer) Done materializing entityInstance : org.frcpm.models.Subsystem(959665170008600)#18
10:24:08.886 [main] DEBUG org.hibernate.orm.results.loading - Calling top-level assembler (0 / 1) : org.hibernate.sql.results.graph.entity.internal.EntityAssembler@7bc81a1f
10:24:08.886 [main] DEBUG org.hibernate.orm.results - Extracted JDBC value [0] - [22]
10:24:08.886 [main] DEBUG org.hibernate.orm.results.loading.entity - (EntityResultInitializer) Hydrated EntityKey (org.frcpm.models.Subsystem(959665170008600)): 22
10:24:08.886 [main] DEBUG org.hibernate.orm.results.loading.org.hibernate.orm.results.loading.collection - (DelayedCollectionInitializer) Current row collection key : org.frcpm.models.Subsystem(959665170008600).tasks#22
10:24:08.886 [main] DEBUG org.hibernate.orm.results.loading.entity - (EntityResultInitializer) Created new entity instance [org.frcpm.models.Subsystem(959665170008600)#22] : 2076950851
10:24:08.886 [main] DEBUG org.hibernate.orm.results - Extracted JDBC value [3] - [null]
10:24:08.886 [main] DEBUG org.hibernate.orm.results - Extracted JDBC value [1] - [Save subsystem description]
10:24:08.886 [main] DEBUG org.hibernate.orm.results - Extracted JDBC value [2] - [Test Save Subsystem]
10:24:08.886 [main] DEBUG org.hibernate.orm.results - Extracted JDBC value [4] - [TESTING]
10:24:08.886 [main] DEBUG org.hibernate.orm.results.loading.entity - (EntityResultInitializer) Done materializing entityInstance : org.frcpm.models.Subsystem(959665170008600)#22
10:24:08.886 [main] DEBUG org.hibernate.orm.results.loading - Calling top-level assembler (0 / 1) : org.hibernate.sql.results.graph.entity.internal.EntityAssembler@7bc81a1f
10:24:08.886 [main] DEBUG org.hibernate.orm.results - Extracted JDBC value [0] - [43]
10:24:08.886 [main] DEBUG org.hibernate.orm.results.loading.entity - (EntityResultInitializer) Hydrated EntityKey (org.frcpm.models.Subsystem(959665170008600)): 43
10:24:08.886 [main] DEBUG org.hibernate.orm.results.loading.org.hibernate.orm.results.loading.collection - (DelayedCollectionInitializer) Current row collection key : org.frcpm.models.Subsystem(959665170008600).tasks#43
10:24:08.886 [main] DEBUG org.hibernate.orm.results.loading.entity - (EntityResultInitializer) Created new entity instance [org.frcpm.models.Subsystem(959665170008600)#43] : 1426599080
10:24:08.886 [main] DEBUG org.hibernate.orm.results - Extracted JDBC value [3] - [null]
10:24:08.886 [main] DEBUG org.hibernate.orm.results - Extracted JDBC value [1] - [Updated description]
10:24:08.886 [main] DEBUG org.hibernate.orm.results - Extracted JDBC value [2] - [Updated Subsystem Name]
10:24:08.886 [main] DEBUG org.hibernate.orm.results - Extracted JDBC value [4] - [ISSUES]
10:24:08.886 [main] DEBUG org.hibernate.orm.results.loading.entity - (EntityResultInitializer) Done materializing entityInstance : org.frcpm.models.Subsystem(959665170008600)#43
10:24:08.886 [main] DEBUG org.hibernate.orm.results.loading - Calling top-level assembler (0 / 1) : org.hibernate.sql.results.graph.entity.internal.EntityAssembler@7bc81a1f
10:24:08.886 [main] DEBUG org.hibernate.orm.results - Extracted JDBC value [0] - [44]
10:24:08.886 [main] DEBUG org.hibernate.orm.results.loading.entity - (EntityResultInitializer) Hydrated EntityKey (org.frcpm.models.Subsystem(959665170008600)): 44
10:24:08.886 [main] DEBUG org.hibernate.orm.results.loading.org.hibernate.orm.results.loading.collection - (DelayedCollectionInitializer) Current row collection key : org.frcpm.models.Subsystem(959665170008600).tasks#44
10:24:08.886 [main] DEBUG org.hibernate.orm.results.loading.entity - (EntityResultInitializer) Created new entity instance [org.frcpm.models.Subsystem(959665170008600)#44] : 1678956565
10:24:08.886 [main] DEBUG org.hibernate.orm.results - Extracted JDBC value [3] - [null]
10:24:08.886 [main] DEBUG org.hibernate.orm.results - Extracted JDBC value [1] - [null]
10:24:08.886 [main] DEBUG org.hibernate.orm.results - Extracted JDBC value [2] - [Test Task Subsystem]
10:24:08.886 [main] DEBUG org.hibernate.orm.results - Extracted JDBC value [4] - [NOT_STARTED]
10:24:08.886 [main] DEBUG org.hibernate.orm.results.loading.entity - (EntityResultInitializer) Done materializing entityInstance : org.frcpm.models.Subsystem(959665170008600)#44
10:24:08.886 [main] DEBUG org.hibernate.orm.results.loading - Calling top-level assembler (0 / 1) : org.hibernate.sql.results.graph.entity.internal.EntityAssembler@7bc81a1f
10:24:08.886 [main] DEBUG org.hibernate.orm.results - Extracted JDBC value [0] - [45]
10:24:08.886 [main] DEBUG org.hibernate.orm.results.loading.entity - (EntityResultInitializer) Hydrated EntityKey (org.frcpm.models.Subsystem(959665170008600)): 45
10:24:08.886 [main] DEBUG org.hibernate.orm.results.loading.org.hibernate.orm.results.loading.collection - (DelayedCollectionInitializer) Current row collection key : org.frcpm.models.Subsystem(959665170008600).tasks#45
10:24:08.886 [main] DEBUG org.hibernate.orm.results.loading.entity - (EntityResultInitializer) Created new entity instance [org.frcpm.models.Subsystem(959665170008600)#45] : 279903888
10:24:08.886 [main] DEBUG org.hibernate.orm.results - Extracted JDBC value [3] - [null]
10:24:08.886 [main] DEBUG org.hibernate.orm.results - Extracted JDBC value [1] - [null]
10:24:08.886 [main] DEBUG org.hibernate.orm.results - Extracted JDBC value [2] - [Test Task Subsystem]
10:24:08.886 [main] DEBUG org.hibernate.orm.results - Extracted JDBC value [4] - [NOT_STARTED]
10:24:08.887 [main] DEBUG org.hibernate.orm.results.loading.entity - (EntityResultInitializer) Done materializing entityInstance : org.frcpm.models.Subsystem(959665170008600)#45
10:24:08.887 [main] DEBUG org.hibernate.orm.results.loading - Calling top-level assembler (0 / 1) : org.hibernate.sql.results.graph.entity.internal.EntityAssembler@7bc81a1f
10:24:08.887 [main] DEBUG org.hibernate.orm.results - Extracted JDBC value [0] - [46]
10:24:08.887 [main] DEBUG org.hibernate.orm.results.loading.entity - (EntityResultInitializer) Hydrated EntityKey (org.frcpm.models.Subsystem(959665170008600)): 46
10:24:08.887 [main] DEBUG org.hibernate.orm.results.loading.org.hibernate.orm.results.loading.collection - (DelayedCollectionInitializer) Current row collection key : org.frcpm.models.Subsystem(959665170008600).tasks#46
10:24:08.887 [main] DEBUG org.hibernate.orm.results.loading.entity - (EntityResultInitializer) Created new entity instance [org.frcpm.models.Subsystem(959665170008600)#46] : 357183868
10:24:08.887 [main] DEBUG org.hibernate.orm.results - Extracted JDBC value [3] - [null]
10:24:08.887 [main] DEBUG org.hibernate.orm.results - Extracted JDBC value [1] - [null]
10:24:08.887 [main] DEBUG org.hibernate.orm.results - Extracted JDBC value [2] - [Test Task Subsystem]
10:24:08.887 [main] DEBUG org.hibernate.orm.results - Extracted JDBC value [4] - [NOT_STARTED]
10:24:08.887 [main] DEBUG org.hibernate.orm.results.loading.entity - (EntityResultInitializer) Done materializing entityInstance : org.frcpm.models.Subsystem(959665170008600)#46
10:24:08.887 [main] DEBUG org.hibernate.orm.results.loading - Calling top-level assembler (0 / 1) : org.hibernate.sql.results.graph.entity.internal.EntityAssembler@7bc81a1f
10:24:08.887 [main] DEBUG org.hibernate.orm.results - Extracted JDBC value [0] - [47]
10:24:08.887 [main] DEBUG org.hibernate.orm.results.loading.entity - (EntityResultInitializer) Hydrated EntityKey (org.frcpm.models.Subsystem(959665170008600)): 47
10:24:08.887 [main] DEBUG org.hibernate.orm.results.loading.org.hibernate.orm.results.loading.collection - (DelayedCollectionInitializer) Current row collection key : org.frcpm.models.Subsystem(959665170008600).tasks#47
10:24:08.887 [main] DEBUG org.hibernate.orm.results.loading.entity - (EntityResultInitializer) Created new entity instance [org.frcpm.models.Subsystem(959665170008600)#47] : 1231365169
10:24:08.887 [main] DEBUG org.hibernate.orm.results - Extracted JDBC value [3] - [null]
10:24:08.887 [main] DEBUG org.hibernate.orm.results - Extracted JDBC value [1] - [null]
10:24:08.887 [main] DEBUG org.hibernate.orm.results - Extracted JDBC value [2] - [Test Task Subsystem]
10:24:08.887 [main] DEBUG org.hibernate.orm.results - Extracted JDBC value [4] - [NOT_STARTED]
10:24:08.887 [main] DEBUG org.hibernate.orm.results.loading.entity - (EntityResultInitializer) Done materializing entityInstance : org.frcpm.models.Subsystem(959665170008600)#47
10:24:08.887 [main] DEBUG org.hibernate.orm.results.loading - Calling top-level assembler (0 / 1) : org.hibernate.sql.results.graph.entity.internal.EntityAssembler@7bc81a1f
10:24:08.887 [main] DEBUG org.hibernate.orm.results - Extracted JDBC value [0] - [48]
10:24:08.887 [main] DEBUG org.hibernate.orm.results.loading.entity - (EntityResultInitializer) Hydrated EntityKey (org.frcpm.models.Subsystem(959665170008600)): 48
10:24:08.887 [main] DEBUG org.hibernate.orm.results.loading.org.hibernate.orm.results.loading.collection - (DelayedCollectionInitializer) Current row collection key : org.frcpm.models.Subsystem(959665170008600).tasks#48
10:24:08.887 [main] DEBUG org.hibernate.orm.results.loading.entity - (EntityResultInitializer) Created new entity instance [org.frcpm.models.Subsystem(959665170008600)#48] : 1053202467
10:24:08.887 [main] DEBUG org.hibernate.orm.results - Extracted JDBC value [3] - [null]
10:24:08.887 [main] DEBUG org.hibernate.orm.results - Extracted JDBC value [1] - [null]
10:24:08.887 [main] DEBUG org.hibernate.orm.results - Extracted JDBC value [2] - [Test Task Subsystem]
10:24:08.887 [main] DEBUG org.hibernate.orm.results - Extracted JDBC value [4] - [NOT_STARTED]
10:24:08.887 [main] DEBUG org.hibernate.orm.results.loading.entity - (EntityResultInitializer) Done materializing entityInstance : org.frcpm.models.Subsystem(959665170008600)#48
10:24:08.887 [main] DEBUG org.hibernate.orm.results.loading - Calling top-level assembler (0 / 1) : org.hibernate.sql.results.graph.entity.internal.EntityAssembler@7bc81a1f
10:24:08.887 [main] DEBUG org.hibernate.orm.results - Extracted JDBC value [0] - [49]
10:24:08.887 [main] DEBUG org.hibernate.orm.results.loading.entity - (EntityResultInitializer) Hydrated EntityKey (org.frcpm.models.Subsystem(959665170008600)): 49
10:24:08.887 [main] DEBUG org.hibernate.orm.results.loading.org.hibernate.orm.results.loading.collection - (DelayedCollectionInitializer) Current row collection key : org.frcpm.models.Subsystem(959665170008600).tasks#49
10:24:08.887 [main] DEBUG org.hibernate.orm.results.loading.entity - (EntityResultInitializer) Created new entity instance [org.frcpm.models.Subsystem(959665170008600)#49] : 821835980
10:24:08.887 [main] DEBUG org.hibernate.orm.results - Extracted JDBC value [3] - [null]
10:24:08.887 [main] DEBUG org.hibernate.orm.results - Extracted JDBC value [1] - [null]
10:24:08.887 [main] DEBUG org.hibernate.orm.results - Extracted JDBC value [2] - [Test Task Subsystem]
10:24:08.887 [main] DEBUG org.hibernate.orm.results - Extracted JDBC value [4] - [NOT_STARTED]
10:24:08.887 [main] DEBUG org.hibernate.orm.results.loading.entity - (EntityResultInitializer) Done materializing entityInstance : org.frcpm.models.Subsystem(959665170008600)#49
10:24:08.887 [main] DEBUG org.hibernate.orm.results.loading - Calling top-level assembler (0 / 1) : org.hibernate.sql.results.graph.entity.internal.EntityAssembler@7bc81a1f
10:24:08.887 [main] DEBUG org.hibernate.orm.results - Extracted JDBC value [0] - [50]
10:24:08.887 [main] DEBUG org.hibernate.orm.results.loading.entity - (EntityResultInitializer) Hydrated EntityKey (org.frcpm.models.Subsystem(959665170008600)): 50
10:24:08.887 [main] DEBUG org.hibernate.orm.results.loading.org.hibernate.orm.results.loading.collection - (DelayedCollectionInitializer) Current row collection key : org.frcpm.models.Subsystem(959665170008600).tasks#50
10:24:08.887 [main] DEBUG org.hibernate.orm.results.loading.entity - (EntityResultInitializer) Created new entity instance [org.frcpm.models.Subsystem(959665170008600)#50] : 1550514509
10:24:08.887 [main] DEBUG org.hibernate.orm.results - Extracted JDBC value [3] - [null]
10:24:08.887 [main] DEBUG org.hibernate.orm.results - Extracted JDBC value [1] - [null]
10:24:08.888 [main] DEBUG org.hibernate.orm.results - Extracted JDBC value [2] - [Test Task Subsystem]
10:24:08.888 [main] DEBUG org.hibernate.orm.results - Extracted JDBC value [4] - [NOT_STARTED]
10:24:08.888 [main] DEBUG org.hibernate.orm.results.loading.entity - (EntityResultInitializer) Done materializing entityInstance : org.frcpm.models.Subsystem(959665170008600)#50
10:24:08.888 [main] DEBUG org.hibernate.orm.results.loading - Calling top-level assembler (0 / 1) : org.hibernate.sql.results.graph.entity.internal.EntityAssembler@7bc81a1f
10:24:08.888 [main] DEBUG org.hibernate.orm.results - Extracted JDBC value [0] - [51]
10:24:08.888 [main] DEBUG org.hibernate.orm.results.loading.entity - (EntityResultInitializer) Hydrated EntityKey (org.frcpm.models.Subsystem(959665170008600)): 51
10:24:08.888 [main] DEBUG org.hibernate.orm.results.loading.org.hibernate.orm.results.loading.collection - (DelayedCollectionInitializer) Current row collection key : org.frcpm.models.Subsystem(959665170008600).tasks#51
10:24:08.888 [main] DEBUG org.hibernate.orm.results.loading.entity - (EntityResultInitializer) Created new entity instance [org.frcpm.models.Subsystem(959665170008600)#51] : 454887754
10:24:08.888 [main] DEBUG org.hibernate.orm.results - Extracted JDBC value [3] - [null]
10:24:08.888 [main] DEBUG org.hibernate.orm.results - Extracted JDBC value [1] - [null]
10:24:08.888 [main] DEBUG org.hibernate.orm.results - Extracted JDBC value [2] - [Test Task Subsystem]
10:24:08.888 [main] DEBUG org.hibernate.orm.results - Extracted JDBC value [4] - [NOT_STARTED]
10:24:08.888 [main] DEBUG org.hibernate.orm.results.loading.entity - (EntityResultInitializer) Done materializing entityInstance : org.frcpm.models.Subsystem(959665170008600)#51
10:24:08.888 [main] DEBUG org.hibernate.orm.results.loading - Calling top-level assembler (0 / 1) : org.hibernate.sql.results.graph.entity.internal.EntityAssembler@7bc81a1f
10:24:08.888 [main] DEBUG org.hibernate.orm.results - Extracted JDBC value [0] - [52]
10:24:08.888 [main] DEBUG org.hibernate.orm.results.loading.entity - (EntityResultInitializer) Hydrated EntityKey (org.frcpm.models.Subsystem(959665170008600)): 52
10:24:08.888 [main] DEBUG org.hibernate.orm.results.loading.org.hibernate.orm.results.loading.collection - (DelayedCollectionInitializer) Current row collection key : org.frcpm.models.Subsystem(959665170008600).tasks#52
10:24:08.888 [main] DEBUG org.hibernate.orm.results.loading.entity - (EntityResultInitializer) Created new entity instance [org.frcpm.models.Subsystem(959665170008600)#52] : 2099091301
10:24:08.888 [main] DEBUG org.hibernate.orm.results - Extracted JDBC value [3] - [null]
10:24:08.888 [main] DEBUG org.hibernate.orm.results - Extracted JDBC value [1] - [null]
10:24:08.888 [main] DEBUG org.hibernate.orm.results - Extracted JDBC value [2] - [Test Task Subsystem]
10:24:08.888 [main] DEBUG org.hibernate.orm.results - Extracted JDBC value [4] - [NOT_STARTED]
10:24:08.888 [main] DEBUG org.hibernate.orm.results.loading.entity - (EntityResultInitializer) Done materializing entityInstance : org.frcpm.models.Subsystem(959665170008600)#52
10:24:08.888 [main] DEBUG org.hibernate.orm.results.loading - Calling top-level assembler (0 / 1) : org.hibernate.sql.results.graph.entity.internal.EntityAssembler@7bc81a1f
10:24:08.888 [main] DEBUG org.hibernate.orm.results - Extracted JDBC value [0] - [53]
10:24:08.888 [main] DEBUG org.hibernate.orm.results.loading.entity - (EntityResultInitializer) Hydrated EntityKey (org.frcpm.models.Subsystem(959665170008600)): 53
10:24:08.888 [main] DEBUG org.hibernate.orm.results.loading.org.hibernate.orm.results.loading.collection - (DelayedCollectionInitializer) Current row collection key : org.frcpm.models.Subsystem(959665170008600).tasks#53
10:24:08.888 [main] DEBUG org.hibernate.orm.results.loading.entity - (EntityResultInitializer) Created new entity instance [org.frcpm.models.Subsystem(959665170008600)#53] : 2007139879
10:24:08.888 [main] DEBUG org.hibernate.orm.results - Extracted JDBC value [3] - [null]
10:24:08.888 [main] DEBUG org.hibernate.orm.results - Extracted JDBC value [1] - [null]
10:24:08.888 [main] DEBUG org.hibernate.orm.results - Extracted JDBC value [2] - [Test Task Subsystem]
10:24:08.888 [main] DEBUG org.hibernate.orm.results - Extracted JDBC value [4] - [NOT_STARTED]
10:24:08.888 [main] DEBUG org.hibernate.orm.results.loading.entity - (EntityResultInitializer) Done materializing entityInstance : org.frcpm.models.Subsystem(959665170008600)#53
10:24:08.888 [main] DEBUG org.hibernate.orm.results.loading - Calling top-level assembler (0 / 1) : org.hibernate.sql.results.graph.entity.internal.EntityAssembler@7bc81a1f
10:24:08.888 [main] DEBUG org.hibernate.orm.results - Extracted JDBC value [0] - [54]
10:24:08.888 [main] DEBUG org.hibernate.orm.results.loading.entity - (EntityResultInitializer) Hydrated EntityKey (org.frcpm.models.Subsystem(959665170008600)): 54
10:24:08.888 [main] DEBUG org.hibernate.orm.results.loading.org.hibernate.orm.results.loading.collection - (DelayedCollectionInitializer) Current row collection key : org.frcpm.models.Subsystem(959665170008600).tasks#54
10:24:08.888 [main] DEBUG org.hibernate.orm.results.loading.entity - (EntityResultInitializer) Created new entity instance [org.frcpm.models.Subsystem(959665170008600)#54] : 623059508
10:24:08.888 [main] DEBUG org.hibernate.orm.results - Extracted JDBC value [3] - [null]
10:24:08.888 [main] DEBUG org.hibernate.orm.results - Extracted JDBC value [1] - [null]
10:24:08.888 [main] DEBUG org.hibernate.orm.results - Extracted JDBC value [2] - [Test Task Subsystem]
10:24:08.888 [main] DEBUG org.hibernate.orm.results - Extracted JDBC value [4] - [NOT_STARTED]
10:24:08.888 [main] DEBUG org.hibernate.orm.results.loading.entity - (EntityResultInitializer) Done materializing entityInstance : org.frcpm.models.Subsystem(959665170008600)#54
10:24:08.888 [main] DEBUG org.hibernate.orm.results.loading - Calling top-level assembler (0 / 1) : org.hibernate.sql.results.graph.entity.internal.EntityAssembler@7bc81a1f
10:24:08.888 [main] DEBUG org.hibernate.orm.results - Extracted JDBC value [0] - [55]
10:24:08.888 [main] DEBUG org.hibernate.orm.results.loading.entity - (EntityResultInitializer) Hydrated EntityKey (org.frcpm.models.Subsystem(959665170008600)): 55
10:24:08.888 [main] DEBUG org.hibernate.orm.results.loading.org.hibernate.orm.results.loading.collection - (DelayedCollectionInitializer) Current row collection key : org.frcpm.models.Subsystem(959665170008600).tasks#55
10:24:08.888 [main] DEBUG org.hibernate.orm.results.loading.entity - (EntityResultInitializer) Created new entity instance [org.frcpm.models.Subsystem(959665170008600)#55] : 1990255279
10:24:08.888 [main] DEBUG org.hibernate.orm.results - Extracted JDBC value [3] - [null]
10:24:08.888 [main] DEBUG org.hibernate.orm.results - Extracted JDBC value [1] - [null]
10:24:08.888 [main] DEBUG org.hibernate.orm.results - Extracted JDBC value [2] - [Test Task Subsystem]
10:24:08.888 [main] DEBUG org.hibernate.orm.results - Extracted JDBC value [4] - [NOT_STARTED]
10:24:08.888 [main] DEBUG org.hibernate.orm.results.loading.entity - (EntityResultInitializer) Done materializing entityInstance : org.frcpm.models.Subsystem(959665170008600)#55
10:24:08.888 [main] DEBUG org.hibernate.orm.results.loading - Calling top-level assembler (0 / 1) : org.hibernate.sql.results.graph.entity.internal.EntityAssembler@7bc81a1f
10:24:08.888 [main] DEBUG org.hibernate.orm.results - Extracted JDBC value [0] - [56]
10:24:08.888 [main] DEBUG org.hibernate.orm.results.loading.entity - (EntityResultInitializer) Hydrated EntityKey (org.frcpm.models.Subsystem(959665170008600)): 56
10:24:08.888 [main] DEBUG org.hibernate.orm.results.loading.org.hibernate.orm.results.loading.collection - (DelayedCollectionInitializer) Current row collection key : org.frcpm.models.Subsystem(959665170008600).tasks#56
10:24:08.888 [main] DEBUG org.hibernate.orm.results.loading.entity - (EntityResultInitializer) Created new entity instance [org.frcpm.models.Subsystem(959665170008600)#56] : 1606705685
10:24:08.888 [main] DEBUG org.hibernate.orm.results - Extracted JDBC value [3] - [null]
10:24:08.888 [main] DEBUG org.hibernate.orm.results - Extracted JDBC value [1] - [null]
10:24:08.888 [main] DEBUG org.hibernate.orm.results - Extracted JDBC value [2] - [Test Task Subsystem]
10:24:08.888 [main] DEBUG org.hibernate.orm.results - Extracted JDBC value [4] - [NOT_STARTED]
10:24:08.888 [main] DEBUG org.hibernate.orm.results.loading.entity - (EntityResultInitializer) Done materializing entityInstance : org.frcpm.models.Subsystem(959665170008600)#56
10:24:08.888 [main] DEBUG org.hibernate.orm.results.loading - Calling top-level assembler (0 / 1) : org.hibernate.sql.results.graph.entity.internal.EntityAssembler@7bc81a1f
10:24:08.888 [main] DEBUG org.hibernate.orm.results - Extracted JDBC value [0] - [66]
10:24:08.888 [main] DEBUG org.hibernate.orm.results.loading.entity - (EntityResultInitializer) Hydrated EntityKey (org.frcpm.models.Subsystem(959665170008600)): 66
10:24:08.888 [main] DEBUG org.hibernate.orm.results.loading.org.hibernate.orm.results.loading.collection - (DelayedCollectionInitializer) Current row collection key : org.frcpm.models.Subsystem(959665170008600).tasks#66
10:24:08.888 [main] DEBUG org.hibernate.orm.results.loading.entity - (EntityResultInitializer) Created new entity instance [org.frcpm.models.Subsystem(959665170008600)#66] : 1034899044
10:24:08.888 [main] DEBUG org.hibernate.orm.results - Extracted JDBC value [3] - [null]
10:24:08.888 [main] DEBUG org.hibernate.orm.results - Extracted JDBC value [1] - [Test subsystem for component tests]
10:24:08.888 [main] DEBUG org.hibernate.orm.results - Extracted JDBC value [2] - [Component Test Subsystem]
10:24:08.888 [main] DEBUG org.hibernate.orm.results - Extracted JDBC value [4] - [NOT_STARTED]
10:24:08.888 [main] DEBUG org.hibernate.orm.results.loading.entity - (EntityResultInitializer) Done materializing entityInstance : org.frcpm.models.Subsystem(959665170008600)#66
10:24:08.888 [main] DEBUG org.hibernate.orm.results.loading - Calling top-level assembler (0 / 1) : org.hibernate.sql.results.graph.entity.internal.EntityAssembler@7bc81a1f
10:24:08.888 [main] DEBUG org.hibernate.resource.jdbc.internal.LogicalConnectionManagedImpl - Initiating JDBC connection release from afterTransaction
10:24:08.888 [main] DEBUG org.hibernate.resource.jdbc.internal.LogicalConnectionManagedImpl - Initiating JDBC connection release from afterTransaction
10:24:08.888 [main] DEBUG org.hibernate.orm.sql.ast.create - Created new SQL alias : s1_0
10:24:08.888 [main] DEBUG org.hibernate.orm.sql.ast.create - Registration of TableGroup [StandardTableGroup(org.frcpm.models.Subteam(959665175325700))] with identifierForTableGroup [org.frcpm.models.Subteam] for NavigablePath [org.frcpm.models.Subteam] 
10:24:08.889 [main] DEBUG org.hibernate.orm.results.graph.AST - DomainResult Graph:
 \-EntityResultImpl [org.frcpm.models.Subteam(959665175325700)]
 |  +-BasicFetch [org.frcpm.models.Subteam(959665175325700).colorCode]
 |  +-DelayedCollectionFetch [org.frcpm.models.Subteam(959665175325700).members]
 |  +-BasicFetch [org.frcpm.models.Subteam(959665175325700).name]
 |  +-BasicFetch [org.frcpm.models.Subteam(959665175325700).specialties]
 |  \-DelayedCollectionFetch [org.frcpm.models.Subteam(959665175325700).subsystems]

10:24:08.889 [main] DEBUG org.hibernate.orm.sql.ast.tree - SQL AST Tree:
    SelectStatement {
      FromClause {
        StandardTableGroup (s1 : org.frcpm.models.Subteam(959665175325700)) {
          primaryTableReference : subteams as s1_0
        }
      }
    }

10:24:08.889 [main] DEBUG org.hibernate.orm.sql.exec - Skipping reading Query result cache data: cache-enabled = false, cache-mode = NORMAL
10:24:08.889 [main] DEBUG org.hibernate.orm.results - Initializer list:
	  org.frcpm.models.Subteam(959665175325700).subsystems -> DelayedCollectionInitializer(org.frcpm.models.Subteam(959665175325700).subsystems)@407201667 (PluralAttribute(org.frcpm.models.Subteam.subsystems))
	  org.frcpm.models.Subteam(959665175325700) -> EntityResultInitializer(org.frcpm.models.Subteam(959665175325700))@1573666695 (SingleTableEntityPersister(org.frcpm.models.Subteam))
	  org.frcpm.models.Subteam(959665175325700).members -> DelayedCollectionInitializer(org.frcpm.models.Subteam(959665175325700).members)@45599104 (PluralAttribute(org.frcpm.models.Subteam.members))

10:24:08.889 [main] DEBUG org.hibernate.SQL - select s1_0.id,s1_0.color_code,s1_0.name,s1_0.specialties from subteams s1_0
10:24:08.890 [main] DEBUG org.hibernate.orm.results - Extracted JDBC value [0] - [1]
10:24:08.890 [main] DEBUG org.hibernate.orm.results.loading.entity - (EntityResultInitializer) Hydrated EntityKey (org.frcpm.models.Subteam(959665175325700)): 1
10:24:08.890 [main] DEBUG org.hibernate.orm.results.loading.org.hibernate.orm.results.loading.collection - (DelayedCollectionInitializer) Current row collection key : org.frcpm.models.Subteam(959665175325700).members#1
10:24:08.890 [main] DEBUG org.hibernate.orm.results.loading.org.hibernate.orm.results.loading.collection - (DelayedCollectionInitializer) Current row collection key : org.frcpm.models.Subteam(959665175325700).subsystems#1
10:24:08.890 [main] DEBUG org.hibernate.orm.results.loading.entity - (EntityResultInitializer) Created new entity instance [org.frcpm.models.Subteam(959665175325700)#1] : 1085476235
10:24:08.890 [main] DEBUG org.hibernate.orm.results - Extracted JDBC value [1] - [#FF5733]
10:24:08.890 [main] DEBUG org.hibernate.orm.results - Extracted JDBC value [2] - [Mechanical]
10:24:08.890 [main] DEBUG org.hibernate.orm.results - Extracted JDBC value [3] - [Design, CAD, Fabrication, Assembly]
10:24:08.890 [main] DEBUG org.hibernate.orm.results.loading.entity - (EntityResultInitializer) Done materializing entityInstance : org.frcpm.models.Subteam(959665175325700)#1
10:24:08.890 [main] DEBUG org.hibernate.orm.results.loading - Calling top-level assembler (0 / 1) : org.hibernate.sql.results.graph.entity.internal.EntityAssembler@1f259691
10:24:08.890 [main] DEBUG org.hibernate.orm.results - Extracted JDBC value [0] - [2]
10:24:08.890 [main] DEBUG org.hibernate.orm.results.loading.entity - (EntityResultInitializer) Hydrated EntityKey (org.frcpm.models.Subteam(959665175325700)): 2
10:24:08.890 [main] DEBUG org.hibernate.orm.results.loading.org.hibernate.orm.results.loading.collection - (DelayedCollectionInitializer) Current row collection key : org.frcpm.models.Subteam(959665175325700).members#2
10:24:08.890 [main] DEBUG org.hibernate.orm.results.loading.org.hibernate.orm.results.loading.collection - (DelayedCollectionInitializer) Current row collection key : org.frcpm.models.Subteam(959665175325700).subsystems#2
10:24:08.890 [main] DEBUG org.hibernate.orm.results.loading.entity - (EntityResultInitializer) Created new entity instance [org.frcpm.models.Subteam(959665175325700)#2] : 1201803179
10:24:08.890 [main] DEBUG org.hibernate.orm.results - Extracted JDBC value [1] - [#33A8FF]
10:24:08.890 [main] DEBUG org.hibernate.orm.results - Extracted JDBC value [2] - [Electrical]
10:24:08.890 [main] DEBUG org.hibernate.orm.results - Extracted JDBC value [3] - [Wiring, Electronics, Sensors, Power Systems]
10:24:08.890 [main] DEBUG org.hibernate.orm.results.loading.entity - (EntityResultInitializer) Done materializing entityInstance : org.frcpm.models.Subteam(959665175325700)#2
10:24:08.890 [main] DEBUG org.hibernate.orm.results.loading - Calling top-level assembler (0 / 1) : org.hibernate.sql.results.graph.entity.internal.EntityAssembler@1f259691
10:24:08.890 [main] DEBUG org.hibernate.orm.results - Extracted JDBC value [0] - [3]
10:24:08.890 [main] DEBUG org.hibernate.orm.results.loading.entity - (EntityResultInitializer) Hydrated EntityKey (org.frcpm.models.Subteam(959665175325700)): 3
10:24:08.890 [main] DEBUG org.hibernate.orm.results.loading.org.hibernate.orm.results.loading.collection - (DelayedCollectionInitializer) Current row collection key : org.frcpm.models.Subteam(959665175325700).members#3
10:24:08.890 [main] DEBUG org.hibernate.orm.results.loading.org.hibernate.orm.results.loading.collection - (DelayedCollectionInitializer) Current row collection key : org.frcpm.models.Subteam(959665175325700).subsystems#3
10:24:08.890 [main] DEBUG org.hibernate.orm.results.loading.entity - (EntityResultInitializer) Created new entity instance [org.frcpm.models.Subteam(959665175325700)#3] : 700239275
10:24:08.890 [main] DEBUG org.hibernate.orm.results - Extracted JDBC value [1] - [#33FF57]
10:24:08.890 [main] DEBUG org.hibernate.orm.results - Extracted JDBC value [2] - [Programming]
10:24:08.890 [main] DEBUG org.hibernate.orm.results - Extracted JDBC value [3] - [Java, Vision, Control Systems, Autonomous]
10:24:08.890 [main] DEBUG org.hibernate.orm.results.loading.entity - (EntityResultInitializer) Done materializing entityInstance : org.frcpm.models.Subteam(959665175325700)#3
10:24:08.890 [main] DEBUG org.hibernate.orm.results.loading - Calling top-level assembler (0 / 1) : org.hibernate.sql.results.graph.entity.internal.EntityAssembler@1f259691
10:24:08.890 [main] DEBUG org.hibernate.orm.results - Extracted JDBC value [0] - [4]
10:24:08.890 [main] DEBUG org.hibernate.orm.results.loading.entity - (EntityResultInitializer) Hydrated EntityKey (org.frcpm.models.Subteam(959665175325700)): 4
10:24:08.890 [main] DEBUG org.hibernate.orm.results.loading.org.hibernate.orm.results.loading.collection - (DelayedCollectionInitializer) Current row collection key : org.frcpm.models.Subteam(959665175325700).members#4
10:24:08.890 [main] DEBUG org.hibernate.orm.results.loading.org.hibernate.orm.results.loading.collection - (DelayedCollectionInitializer) Current row collection key : org.frcpm.models.Subteam(959665175325700).subsystems#4
10:24:08.890 [main] DEBUG org.hibernate.orm.results.loading.entity - (EntityResultInitializer) Created new entity instance [org.frcpm.models.Subteam(959665175325700)#4] : 580445650
10:24:08.890 [main] DEBUG org.hibernate.orm.results - Extracted JDBC value [1] - [#FF33A8]
10:24:08.890 [main] DEBUG org.hibernate.orm.results - Extracted JDBC value [2] - [Business]
10:24:08.890 [main] DEBUG org.hibernate.orm.results - Extracted JDBC value [3] - [Fundraising, Marketing, Outreach, Awards]
10:24:08.890 [main] DEBUG org.hibernate.orm.results.loading.entity - (EntityResultInitializer) Done materializing entityInstance : org.frcpm.models.Subteam(959665175325700)#4
10:24:08.890 [main] DEBUG org.hibernate.orm.results.loading - Calling top-level assembler (0 / 1) : org.hibernate.sql.results.graph.entity.internal.EntityAssembler@1f259691
10:24:08.890 [main] DEBUG org.hibernate.orm.results - Extracted JDBC value [0] - [24]
10:24:08.890 [main] DEBUG org.hibernate.orm.results.loading.entity - (EntityResultInitializer) Hydrated EntityKey (org.frcpm.models.Subteam(959665175325700)): 24
10:24:08.890 [main] DEBUG org.hibernate.orm.results.loading.org.hibernate.orm.results.loading.collection - (DelayedCollectionInitializer) Current row collection key : org.frcpm.models.Subteam(959665175325700).members#24
10:24:08.890 [main] DEBUG org.hibernate.orm.results.loading.org.hibernate.orm.results.loading.collection - (DelayedCollectionInitializer) Current row collection key : org.frcpm.models.Subteam(959665175325700).subsystems#24
10:24:08.890 [main] DEBUG org.hibernate.orm.results.loading.entity - (EntityResultInitializer) Created new entity instance [org.frcpm.models.Subteam(959665175325700)#24] : 1466870930
10:24:08.890 [main] DEBUG org.hibernate.orm.results - Extracted JDBC value [1] - [#0000FF]
10:24:08.890 [main] DEBUG org.hibernate.orm.results - Extracted JDBC value [2] - [Test Count Subteam]
10:24:08.890 [main] DEBUG org.hibernate.orm.results - Extracted JDBC value [3] - [null]
10:24:08.890 [main] DEBUG org.hibernate.orm.results.loading.entity - (EntityResultInitializer) Done materializing entityInstance : org.frcpm.models.Subteam(959665175325700)#24
10:24:08.890 [main] DEBUG org.hibernate.orm.results.loading - Calling top-level assembler (0 / 1) : org.hibernate.sql.results.graph.entity.internal.EntityAssembler@1f259691
10:24:08.890 [main] DEBUG org.hibernate.orm.results - Extracted JDBC value [0] - [27]
10:24:08.890 [main] DEBUG org.hibernate.orm.results.loading.entity - (EntityResultInitializer) Hydrated EntityKey (org.frcpm.models.Subteam(959665175325700)): 27
10:24:08.890 [main] DEBUG org.hibernate.orm.results.loading.org.hibernate.orm.results.loading.collection - (DelayedCollectionInitializer) Current row collection key : org.frcpm.models.Subteam(959665175325700).members#27
10:24:08.890 [main] DEBUG org.hibernate.orm.results.loading.org.hibernate.orm.results.loading.collection - (DelayedCollectionInitializer) Current row collection key : org.frcpm.models.Subteam(959665175325700).subsystems#27
10:24:08.890 [main] DEBUG org.hibernate.orm.results.loading.entity - (EntityResultInitializer) Created new entity instance [org.frcpm.models.Subteam(959665175325700)#27] : 889568188
10:24:08.890 [main] DEBUG org.hibernate.orm.results - Extracted JDBC value [1] - [#0000FF]
10:24:08.890 [main] DEBUG org.hibernate.orm.results - Extracted JDBC value [2] - [Test Save Subteam]
10:24:08.890 [main] DEBUG org.hibernate.orm.results - Extracted JDBC value [3] - [Testing]
10:24:08.890 [main] DEBUG org.hibernate.orm.results.loading.entity - (EntityResultInitializer) Done materializing entityInstance : org.frcpm.models.Subteam(959665175325700)#27
10:24:08.890 [main] DEBUG org.hibernate.orm.results.loading - Calling top-level assembler (0 / 1) : org.hibernate.sql.results.graph.entity.internal.EntityAssembler@1f259691
10:24:08.890 [main] DEBUG org.hibernate.orm.results - Extracted JDBC value [0] - [42]
10:24:08.890 [main] DEBUG org.hibernate.orm.results.loading.entity - (EntityResultInitializer) Hydrated EntityKey (org.frcpm.models.Subteam(959665175325700)): 42
10:24:08.890 [main] DEBUG org.hibernate.orm.results.loading.org.hibernate.orm.results.loading.collection - (DelayedCollectionInitializer) Current row collection key : org.frcpm.models.Subteam(959665175325700).members#42
10:24:08.890 [main] DEBUG org.hibernate.orm.results.loading.org.hibernate.orm.results.loading.collection - (DelayedCollectionInitializer) Current row collection key : org.frcpm.models.Subteam(959665175325700).subsystems#42
10:24:08.890 [main] DEBUG org.hibernate.orm.results.loading.entity - (EntityResultInitializer) Created new entity instance [org.frcpm.models.Subteam(959665175325700)#42] : 1344028406
10:24:08.890 [main] DEBUG org.hibernate.orm.results - Extracted JDBC value [1] - [#00FFFF]
10:24:08.890 [main] DEBUG org.hibernate.orm.results - Extracted JDBC value [2] - [Updated Subteam Name]
10:24:08.890 [main] DEBUG org.hibernate.orm.results - Extracted JDBC value [3] - [null]
10:24:08.890 [main] DEBUG org.hibernate.orm.results.loading.entity - (EntityResultInitializer) Done materializing entityInstance : org.frcpm.models.Subteam(959665175325700)#42
10:24:08.890 [main] DEBUG org.hibernate.orm.results.loading - Calling top-level assembler (0 / 1) : org.hibernate.sql.results.graph.entity.internal.EntityAssembler@1f259691
10:24:08.890 [main] DEBUG org.hibernate.orm.results - Extracted JDBC value [0] - [67]
10:24:08.890 [main] DEBUG org.hibernate.orm.results.loading.entity - (EntityResultInitializer) Hydrated EntityKey (org.frcpm.models.Subteam(959665175325700)): 67
10:24:08.890 [main] DEBUG org.hibernate.orm.results.loading.org.hibernate.orm.results.loading.collection - (DelayedCollectionInitializer) Current row collection key : org.frcpm.models.Subteam(959665175325700).members#67
10:24:08.890 [main] DEBUG org.hibernate.orm.results.loading.org.hibernate.orm.results.loading.collection - (DelayedCollectionInitializer) Current row collection key : org.frcpm.models.Subteam(959665175325700).subsystems#67
10:24:08.890 [main] DEBUG org.hibernate.orm.results.loading.entity - (EntityResultInitializer) Created new entity instance [org.frcpm.models.Subteam(959665175325700)#67] : 1085944335
10:24:08.890 [main] DEBUG org.hibernate.orm.results - Extracted JDBC value [1] - [#0000FF]
10:24:08.890 [main] DEBUG org.hibernate.orm.results - Extracted JDBC value [2] - [Test Create Service Subteam]
10:24:08.890 [main] DEBUG org.hibernate.orm.results - Extracted JDBC value [3] - [Testing, Quality Assurance]
10:24:08.890 [main] DEBUG org.hibernate.orm.results.loading.entity - (EntityResultInitializer) Done materializing entityInstance : org.frcpm.models.Subteam(959665175325700)#67
10:24:08.890 [main] DEBUG org.hibernate.orm.results.loading - Calling top-level assembler (0 / 1) : org.hibernate.sql.results.graph.entity.internal.EntityAssembler@1f259691
10:24:08.890 [main] DEBUG org.hibernate.orm.results - Extracted JDBC value [0] - [70]
10:24:08.890 [main] DEBUG org.hibernate.orm.results.loading.entity - (EntityResultInitializer) Hydrated EntityKey (org.frcpm.models.Subteam(959665175325700)): 70
10:24:08.890 [main] DEBUG org.hibernate.orm.results.loading.org.hibernate.orm.results.loading.collection - (DelayedCollectionInitializer) Current row collection key : org.frcpm.models.Subteam(959665175325700).members#70
10:24:08.890 [main] DEBUG org.hibernate.orm.results.loading.org.hibernate.orm.results.loading.collection - (DelayedCollectionInitializer) Current row collection key : org.frcpm.models.Subteam(959665175325700).subsystems#70
10:24:08.890 [main] DEBUG org.hibernate.orm.results.loading.entity - (EntityResultInitializer) Created new entity instance [org.frcpm.models.Subteam(959665175325700)#70] : 1432004105
10:24:08.890 [main] DEBUG org.hibernate.orm.results - Extracted JDBC value [1] - [#00FFFF]
10:24:08.890 [main] DEBUG org.hibernate.orm.results - Extracted JDBC value [2] - [Test Color Update Subteam]
10:24:08.890 [main] DEBUG org.hibernate.orm.results - Extracted JDBC value [3] - [Specialties]
10:24:08.890 [main] DEBUG org.hibernate.orm.results.loading.entity - (EntityResultInitializer) Done materializing entityInstance : org.frcpm.models.Subteam(959665175325700)#70
10:24:08.890 [main] DEBUG org.hibernate.orm.results.loading - Calling top-level assembler (0 / 1) : org.hibernate.sql.results.graph.entity.internal.EntityAssembler@1f259691
10:24:08.890 [main] DEBUG org.hibernate.orm.results - Extracted JDBC value [0] - [79]
10:24:08.890 [main] DEBUG org.hibernate.orm.results.loading.entity - (EntityResultInitializer) Hydrated EntityKey (org.frcpm.models.Subteam(959665175325700)): 79
10:24:08.890 [main] DEBUG org.hibernate.orm.results.loading.org.hibernate.orm.results.loading.collection - (DelayedCollectionInitializer) Current row collection key : org.frcpm.models.Subteam(959665175325700).members#79
10:24:08.890 [main] DEBUG org.hibernate.orm.results.loading.org.hibernate.orm.results.loading.collection - (DelayedCollectionInitializer) Current row collection key : org.frcpm.models.Subteam(959665175325700).subsystems#79
10:24:08.890 [main] DEBUG org.hibernate.orm.results.loading.entity - (EntityResultInitializer) Created new entity instance [org.frcpm.models.Subteam(959665175325700)#79] : 589788822
10:24:08.890 [main] DEBUG org.hibernate.orm.results - Extracted JDBC value [1] - [#0000FF]
10:24:08.890 [main] DEBUG org.hibernate.orm.results - Extracted JDBC value [2] - [Test Update Subteam]
10:24:08.890 [main] DEBUG org.hibernate.orm.results - Extracted JDBC value [3] - [Updated Specialties]
10:24:08.890 [main] DEBUG org.hibernate.orm.results.loading.entity - (EntityResultInitializer) Done materializing entityInstance : org.frcpm.models.Subteam(959665175325700)#79
10:24:08.890 [main] DEBUG org.hibernate.orm.results.loading - Calling top-level assembler (0 / 1) : org.hibernate.sql.results.graph.entity.internal.EntityAssembler@1f259691
10:24:08.890 [main] DEBUG org.hibernate.orm.results - Extracted JDBC value [0] - [87]
10:24:08.890 [main] DEBUG org.hibernate.orm.results.loading.entity - (EntityResultInitializer) Hydrated EntityKey (org.frcpm.models.Subteam(959665175325700)): 87
10:24:08.890 [main] DEBUG org.hibernate.orm.results.loading.org.hibernate.orm.results.loading.collection - (DelayedCollectionInitializer) Current row collection key : org.frcpm.models.Subteam(959665175325700).members#87
10:24:08.890 [main] DEBUG org.hibernate.orm.results.loading.org.hibernate.orm.results.loading.collection - (DelayedCollectionInitializer) Current row collection key : org.frcpm.models.Subteam(959665175325700).subsystems#87
10:24:08.890 [main] DEBUG org.hibernate.orm.results.loading.entity - (EntityResultInitializer) Created new entity instance [org.frcpm.models.Subteam(959665175325700)#87] : 309438139
10:24:08.890 [main] DEBUG org.hibernate.orm.results - Extracted JDBC value [1] - [#0000FF]
10:24:08.890 [main] DEBUG org.hibernate.orm.results - Extracted JDBC value [2] - [Duplicate Name Subteam]
10:24:08.890 [main] DEBUG org.hibernate.orm.results - Extracted JDBC value [3] - [Specialties]
10:24:08.890 [main] DEBUG org.hibernate.orm.results.loading.entity - (EntityResultInitializer) Done materializing entityInstance : org.frcpm.models.Subteam(959665175325700)#87
10:24:08.890 [main] DEBUG org.hibernate.orm.results.loading - Calling top-level assembler (0 / 1) : org.hibernate.sql.results.graph.entity.internal.EntityAssembler@1f259691
10:24:08.890 [main] DEBUG org.hibernate.resource.jdbc.internal.LogicalConnectionManagedImpl - Initiating JDBC connection release from afterTransaction
10:24:08.890 [main] DEBUG org.hibernate.resource.jdbc.internal.LogicalConnectionManagedImpl - Initiating JDBC connection release from afterTransaction
]]></system-out>
  </testcase>
  <testcase name="testGetSubsystem" classname="org.frcpm.controllers.SubsystemControllerTest" time="0.018">
    <system-out><![CDATA[10:24:08.894 [main] DEBUG org.hibernate.orm.sql.ast.create - Created new SQL alias : s1_0
10:24:08.894 [main] DEBUG org.hibernate.orm.sql.ast.create - Registration of TableGroup [StandardTableGroup(org.frcpm.models.Subsystem(959665180562300))] with identifierForTableGroup [org.frcpm.models.Subsystem] for NavigablePath [org.frcpm.models.Subsystem] 
10:24:08.894 [main] DEBUG org.hibernate.orm.sql.ast.create - Registration of TableGroup [org.hibernate.sql.ast.tree.from.LazyTableGroup@35ad04e3] with identifierForTableGroup [org.frcpm.models.Subsystem.responsibleSubteam] for NavigablePath [org.frcpm.models.Subsystem.responsibleSubteam] 
10:24:08.894 [main] DEBUG org.hibernate.orm.results.graph.AST - DomainResult Graph:
 \-EntityResultImpl [org.frcpm.models.Subsystem(959665180562300)]
 |  +-BasicFetch [org.frcpm.models.Subsystem(959665180562300).description]
 |  +-BasicFetch [org.frcpm.models.Subsystem(959665180562300).name]
 |  +-CircularFetchImpl [org.frcpm.models.Subsystem(959665180562300).responsibleSubteam]
 |  +-BasicFetch [org.frcpm.models.Subsystem(959665180562300).status]
 |  \-DelayedCollectionFetch [org.frcpm.models.Subsystem(959665180562300).tasks]

10:24:08.894 [main] DEBUG org.hibernate.orm.sql.ast.tree - SQL AST Tree:
    SelectStatement {
      FromClause {
        StandardTableGroup (s1 : org.frcpm.models.Subsystem(959665180562300)) {
          primaryTableReference : subsystems as s1_0
          TableGroupJoins {
            left  join LazyTableGroup (rs1 : org.frcpm.models.Subsystem(959665180562300).responsibleSubteam) {
            }
          }
        }
      }
    }

10:24:08.894 [main] DEBUG org.hibernate.orm.sql.exec - Skipping reading Query result cache data: cache-enabled = false, cache-mode = NORMAL
10:24:08.894 [main] DEBUG org.hibernate.orm.results - Initializer list:
	  org.frcpm.models.Subsystem(959665180562300).tasks -> DelayedCollectionInitializer(org.frcpm.models.Subsystem(959665180562300).tasks)@184456619 (PluralAttribute(org.frcpm.models.Subsystem.tasks))
	  org.frcpm.models.Subsystem(959665180562300) -> EntityResultInitializer(org.frcpm.models.Subsystem(959665180562300))@720823372 (SingleTableEntityPersister(org.frcpm.models.Subsystem))
	  org.frcpm.models.Subsystem(959665180562300).responsibleSubteam -> EntityDelayedFetchInitializer(org.frcpm.models.Subsystem(959665180562300).responsibleSubteam)@856570266 (ToOneAttributeMapping(NavigableRole[org.frcpm.models.Subsystem.responsibleSubteam])@135084207)

10:24:08.894 [main] DEBUG org.hibernate.SQL - select s1_0.id,s1_0.description,s1_0.name,s1_0.responsible_subteam_id,s1_0.status from subsystems s1_0
10:24:08.894 [main] DEBUG org.hibernate.orm.results - Extracted JDBC value [0] - [1]
10:24:08.894 [main] DEBUG org.hibernate.orm.results.loading.entity - (EntityResultInitializer) Hydrated EntityKey (org.frcpm.models.Subsystem(959665180562300)): 1
10:24:08.894 [main] DEBUG org.hibernate.orm.results.loading.org.hibernate.orm.results.loading.collection - (DelayedCollectionInitializer) Current row collection key : org.frcpm.models.Subsystem(959665180562300).tasks#1
10:24:08.894 [main] DEBUG org.hibernate.orm.results.loading.entity - (EntityResultInitializer) Created new entity instance [org.frcpm.models.Subsystem(959665180562300)#1] : 230516863
10:24:08.894 [main] DEBUG org.hibernate.orm.results - Extracted JDBC value [3] - [1]
10:24:08.894 [main] DEBUG org.hibernate.orm.results - Extracted JDBC value [1] - [Robot movement and navigation system]
10:24:08.894 [main] DEBUG org.hibernate.orm.results - Extracted JDBC value [2] - [Drivetrain]
10:24:08.894 [main] DEBUG org.hibernate.orm.results - Extracted JDBC value [4] - [IN_PROGRESS]
10:24:08.894 [main] DEBUG org.hibernate.orm.results.loading.entity - (EntityResultInitializer) Done materializing entityInstance : org.frcpm.models.Subsystem(959665180562300)#1
10:24:08.894 [main] DEBUG org.hibernate.orm.results.loading - Calling top-level assembler (0 / 1) : org.hibernate.sql.results.graph.entity.internal.EntityAssembler@6c8f53d1
10:24:08.895 [main] DEBUG org.hibernate.orm.results - Extracted JDBC value [0] - [2]
10:24:08.895 [main] DEBUG org.hibernate.orm.results.loading.entity - (EntityResultInitializer) Hydrated EntityKey (org.frcpm.models.Subsystem(959665180562300)): 2
10:24:08.895 [main] DEBUG org.hibernate.orm.results.loading.org.hibernate.orm.results.loading.collection - (DelayedCollectionInitializer) Current row collection key : org.frcpm.models.Subsystem(959665180562300).tasks#2
10:24:08.895 [main] DEBUG org.hibernate.orm.results.loading.entity - (EntityResultInitializer) Created new entity instance [org.frcpm.models.Subsystem(959665180562300)#2] : 1562353035
10:24:08.895 [main] DEBUG org.hibernate.orm.results - Extracted JDBC value [3] - [1]
10:24:08.895 [main] DEBUG org.hibernate.orm.results - Extracted JDBC value [1] - [Mechanism for collecting game pieces]
10:24:08.895 [main] DEBUG org.hibernate.orm.results - Extracted JDBC value [2] - [Intake]
10:24:08.895 [main] DEBUG org.hibernate.orm.results - Extracted JDBC value [4] - [NOT_STARTED]
10:24:08.895 [main] DEBUG org.hibernate.orm.results.loading.entity - (EntityResultInitializer) Done materializing entityInstance : org.frcpm.models.Subsystem(959665180562300)#2
10:24:08.895 [main] DEBUG org.hibernate.orm.results.loading - Calling top-level assembler (0 / 1) : org.hibernate.sql.results.graph.entity.internal.EntityAssembler@6c8f53d1
10:24:08.895 [main] DEBUG org.hibernate.orm.results - Extracted JDBC value [0] - [3]
10:24:08.895 [main] DEBUG org.hibernate.orm.results.loading.entity - (EntityResultInitializer) Hydrated EntityKey (org.frcpm.models.Subsystem(959665180562300)): 3
10:24:08.895 [main] DEBUG org.hibernate.orm.results.loading.org.hibernate.orm.results.loading.collection - (DelayedCollectionInitializer) Current row collection key : org.frcpm.models.Subsystem(959665180562300).tasks#3
10:24:08.895 [main] DEBUG org.hibernate.orm.results.loading.entity - (EntityResultInitializer) Created new entity instance [org.frcpm.models.Subsystem(959665180562300)#3] : 512417158
10:24:08.895 [main] DEBUG org.hibernate.orm.results - Extracted JDBC value [3] - [1]
10:24:08.895 [main] DEBUG org.hibernate.orm.results - Extracted JDBC value [1] - [Mechanism for scoring game pieces]
10:24:08.895 [main] DEBUG org.hibernate.orm.results - Extracted JDBC value [2] - [Shooter]
10:24:08.895 [main] DEBUG org.hibernate.orm.results - Extracted JDBC value [4] - [NOT_STARTED]
10:24:08.895 [main] DEBUG org.hibernate.orm.results.loading.entity - (EntityResultInitializer) Done materializing entityInstance : org.frcpm.models.Subsystem(959665180562300)#3
10:24:08.895 [main] DEBUG org.hibernate.orm.results.loading - Calling top-level assembler (0 / 1) : org.hibernate.sql.results.graph.entity.internal.EntityAssembler@6c8f53d1
10:24:08.895 [main] DEBUG org.hibernate.orm.results - Extracted JDBC value [0] - [4]
10:24:08.895 [main] DEBUG org.hibernate.orm.results.loading.entity - (EntityResultInitializer) Hydrated EntityKey (org.frcpm.models.Subsystem(959665180562300)): 4
10:24:08.895 [main] DEBUG org.hibernate.orm.results.loading.org.hibernate.orm.results.loading.collection - (DelayedCollectionInitializer) Current row collection key : org.frcpm.models.Subsystem(959665180562300).tasks#4
10:24:08.895 [main] DEBUG org.hibernate.orm.results.loading.entity - (EntityResultInitializer) Created new entity instance [org.frcpm.models.Subsystem(959665180562300)#4] : 702489346
10:24:08.895 [main] DEBUG org.hibernate.orm.results - Extracted JDBC value [3] - [3]
10:24:08.895 [main] DEBUG org.hibernate.orm.results - Extracted JDBC value [1] - [Camera and processing system for targeting]
10:24:08.895 [main] DEBUG org.hibernate.orm.results - Extracted JDBC value [2] - [Vision]
10:24:08.895 [main] DEBUG org.hibernate.orm.results - Extracted JDBC value [4] - [NOT_STARTED]
10:24:08.895 [main] DEBUG org.hibernate.orm.results.loading.entity - (EntityResultInitializer) Done materializing entityInstance : org.frcpm.models.Subsystem(959665180562300)#4
10:24:08.895 [main] DEBUG org.hibernate.orm.results.loading - Calling top-level assembler (0 / 1) : org.hibernate.sql.results.graph.entity.internal.EntityAssembler@6c8f53d1
10:24:08.895 [main] DEBUG org.hibernate.orm.results - Extracted JDBC value [0] - [5]
10:24:08.895 [main] DEBUG org.hibernate.orm.results.loading.entity - (EntityResultInitializer) Hydrated EntityKey (org.frcpm.models.Subsystem(959665180562300)): 5
10:24:08.895 [main] DEBUG org.hibernate.orm.results.loading.org.hibernate.orm.results.loading.collection - (DelayedCollectionInitializer) Current row collection key : org.frcpm.models.Subsystem(959665180562300).tasks#5
10:24:08.895 [main] DEBUG org.hibernate.orm.results.loading.entity - (EntityResultInitializer) Created new entity instance [org.frcpm.models.Subsystem(959665180562300)#5] : 1697954278
10:24:08.895 [main] DEBUG org.hibernate.orm.results - Extracted JDBC value [3] - [2]
10:24:08.895 [main] DEBUG org.hibernate.orm.results - Extracted JDBC value [1] - [Wiring, electronics, and sensors]
10:24:08.895 [main] DEBUG org.hibernate.orm.results - Extracted JDBC value [2] - [Controls]
10:24:08.895 [main] DEBUG org.hibernate.orm.results - Extracted JDBC value [4] - [NOT_STARTED]
10:24:08.895 [main] DEBUG org.hibernate.orm.results.loading.entity - (EntityResultInitializer) Done materializing entityInstance : org.frcpm.models.Subsystem(959665180562300)#5
10:24:08.895 [main] DEBUG org.hibernate.orm.results.loading - Calling top-level assembler (0 / 1) : org.hibernate.sql.results.graph.entity.internal.EntityAssembler@6c8f53d1
10:24:08.895 [main] DEBUG org.hibernate.orm.results - Extracted JDBC value [0] - [18]
10:24:08.895 [main] DEBUG org.hibernate.orm.results.loading.entity - (EntityResultInitializer) Hydrated EntityKey (org.frcpm.models.Subsystem(959665180562300)): 18
10:24:08.895 [main] DEBUG org.hibernate.orm.results.loading.org.hibernate.orm.results.loading.collection - (DelayedCollectionInitializer) Current row collection key : org.frcpm.models.Subsystem(959665180562300).tasks#18
10:24:08.895 [main] DEBUG org.hibernate.orm.results.loading.entity - (EntityResultInitializer) Created new entity instance [org.frcpm.models.Subsystem(959665180562300)#18] : 1433145967
10:24:08.895 [main] DEBUG org.hibernate.orm.results - Extracted JDBC value [3] - [null]
10:24:08.895 [main] DEBUG org.hibernate.orm.results - Extracted JDBC value [1] - [null]
10:24:08.895 [main] DEBUG org.hibernate.orm.results - Extracted JDBC value [2] - [Test Count Subsystem]
10:24:08.895 [main] DEBUG org.hibernate.orm.results - Extracted JDBC value [4] - [NOT_STARTED]
10:24:08.895 [main] DEBUG org.hibernate.orm.results.loading.entity - (EntityResultInitializer) Done materializing entityInstance : org.frcpm.models.Subsystem(959665180562300)#18
10:24:08.895 [main] DEBUG org.hibernate.orm.results.loading - Calling top-level assembler (0 / 1) : org.hibernate.sql.results.graph.entity.internal.EntityAssembler@6c8f53d1
10:24:08.895 [main] DEBUG org.hibernate.orm.results - Extracted JDBC value [0] - [22]
10:24:08.895 [main] DEBUG org.hibernate.orm.results.loading.entity - (EntityResultInitializer) Hydrated EntityKey (org.frcpm.models.Subsystem(959665180562300)): 22
10:24:08.895 [main] DEBUG org.hibernate.orm.results.loading.org.hibernate.orm.results.loading.collection - (DelayedCollectionInitializer) Current row collection key : org.frcpm.models.Subsystem(959665180562300).tasks#22
10:24:08.895 [main] DEBUG org.hibernate.orm.results.loading.entity - (EntityResultInitializer) Created new entity instance [org.frcpm.models.Subsystem(959665180562300)#22] : 1770527602
10:24:08.895 [main] DEBUG org.hibernate.orm.results - Extracted JDBC value [3] - [null]
10:24:08.895 [main] DEBUG org.hibernate.orm.results - Extracted JDBC value [1] - [Save subsystem description]
10:24:08.895 [main] DEBUG org.hibernate.orm.results - Extracted JDBC value [2] - [Test Save Subsystem]
10:24:08.895 [main] DEBUG org.hibernate.orm.results - Extracted JDBC value [4] - [TESTING]
10:24:08.895 [main] DEBUG org.hibernate.orm.results.loading.entity - (EntityResultInitializer) Done materializing entityInstance : org.frcpm.models.Subsystem(959665180562300)#22
10:24:08.895 [main] DEBUG org.hibernate.orm.results.loading - Calling top-level assembler (0 / 1) : org.hibernate.sql.results.graph.entity.internal.EntityAssembler@6c8f53d1
10:24:08.895 [main] DEBUG org.hibernate.orm.results - Extracted JDBC value [0] - [43]
10:24:08.895 [main] DEBUG org.hibernate.orm.results.loading.entity - (EntityResultInitializer) Hydrated EntityKey (org.frcpm.models.Subsystem(959665180562300)): 43
10:24:08.895 [main] DEBUG org.hibernate.orm.results.loading.org.hibernate.orm.results.loading.collection - (DelayedCollectionInitializer) Current row collection key : org.frcpm.models.Subsystem(959665180562300).tasks#43
10:24:08.895 [main] DEBUG org.hibernate.orm.results.loading.entity - (EntityResultInitializer) Created new entity instance [org.frcpm.models.Subsystem(959665180562300)#43] : 114571178
10:24:08.895 [main] DEBUG org.hibernate.orm.results - Extracted JDBC value [3] - [null]
10:24:08.895 [main] DEBUG org.hibernate.orm.results - Extracted JDBC value [1] - [Updated description]
10:24:08.895 [main] DEBUG org.hibernate.orm.results - Extracted JDBC value [2] - [Updated Subsystem Name]
10:24:08.895 [main] DEBUG org.hibernate.orm.results - Extracted JDBC value [4] - [ISSUES]
10:24:08.895 [main] DEBUG org.hibernate.orm.results.loading.entity - (EntityResultInitializer) Done materializing entityInstance : org.frcpm.models.Subsystem(959665180562300)#43
10:24:08.895 [main] DEBUG org.hibernate.orm.results.loading - Calling top-level assembler (0 / 1) : org.hibernate.sql.results.graph.entity.internal.EntityAssembler@6c8f53d1
10:24:08.895 [main] DEBUG org.hibernate.orm.results - Extracted JDBC value [0] - [44]
10:24:08.895 [main] DEBUG org.hibernate.orm.results.loading.entity - (EntityResultInitializer) Hydrated EntityKey (org.frcpm.models.Subsystem(959665180562300)): 44
10:24:08.895 [main] DEBUG org.hibernate.orm.results.loading.org.hibernate.orm.results.loading.collection - (DelayedCollectionInitializer) Current row collection key : org.frcpm.models.Subsystem(959665180562300).tasks#44
10:24:08.895 [main] DEBUG org.hibernate.orm.results.loading.entity - (EntityResultInitializer) Created new entity instance [org.frcpm.models.Subsystem(959665180562300)#44] : 491659008
10:24:08.895 [main] DEBUG org.hibernate.orm.results - Extracted JDBC value [3] - [null]
10:24:08.895 [main] DEBUG org.hibernate.orm.results - Extracted JDBC value [1] - [null]
10:24:08.895 [main] DEBUG org.hibernate.orm.results - Extracted JDBC value [2] - [Test Task Subsystem]
10:24:08.895 [main] DEBUG org.hibernate.orm.results - Extracted JDBC value [4] - [NOT_STARTED]
10:24:08.895 [main] DEBUG org.hibernate.orm.results.loading.entity - (EntityResultInitializer) Done materializing entityInstance : org.frcpm.models.Subsystem(959665180562300)#44
10:24:08.895 [main] DEBUG org.hibernate.orm.results.loading - Calling top-level assembler (0 / 1) : org.hibernate.sql.results.graph.entity.internal.EntityAssembler@6c8f53d1
10:24:08.895 [main] DEBUG org.hibernate.orm.results - Extracted JDBC value [0] - [45]
10:24:08.895 [main] DEBUG org.hibernate.orm.results.loading.entity - (EntityResultInitializer) Hydrated EntityKey (org.frcpm.models.Subsystem(959665180562300)): 45
10:24:08.895 [main] DEBUG org.hibernate.orm.results.loading.org.hibernate.orm.results.loading.collection - (DelayedCollectionInitializer) Current row collection key : org.frcpm.models.Subsystem(959665180562300).tasks#45
10:24:08.895 [main] DEBUG org.hibernate.orm.results.loading.entity - (EntityResultInitializer) Created new entity instance [org.frcpm.models.Subsystem(959665180562300)#45] : 2097050890
10:24:08.895 [main] DEBUG org.hibernate.orm.results - Extracted JDBC value [3] - [null]
10:24:08.895 [main] DEBUG org.hibernate.orm.results - Extracted JDBC value [1] - [null]
10:24:08.895 [main] DEBUG org.hibernate.orm.results - Extracted JDBC value [2] - [Test Task Subsystem]
10:24:08.895 [main] DEBUG org.hibernate.orm.results - Extracted JDBC value [4] - [NOT_STARTED]
10:24:08.895 [main] DEBUG org.hibernate.orm.results.loading.entity - (EntityResultInitializer) Done materializing entityInstance : org.frcpm.models.Subsystem(959665180562300)#45
10:24:08.895 [main] DEBUG org.hibernate.orm.results.loading - Calling top-level assembler (0 / 1) : org.hibernate.sql.results.graph.entity.internal.EntityAssembler@6c8f53d1
10:24:08.895 [main] DEBUG org.hibernate.orm.results - Extracted JDBC value [0] - [46]
10:24:08.895 [main] DEBUG org.hibernate.orm.results.loading.entity - (EntityResultInitializer) Hydrated EntityKey (org.frcpm.models.Subsystem(959665180562300)): 46
10:24:08.895 [main] DEBUG org.hibernate.orm.results.loading.org.hibernate.orm.results.loading.collection - (DelayedCollectionInitializer) Current row collection key : org.frcpm.models.Subsystem(959665180562300).tasks#46
10:24:08.895 [main] DEBUG org.hibernate.orm.results.loading.entity - (EntityResultInitializer) Created new entity instance [org.frcpm.models.Subsystem(959665180562300)#46] : 59295878
10:24:08.895 [main] DEBUG org.hibernate.orm.results - Extracted JDBC value [3] - [null]
10:24:08.895 [main] DEBUG org.hibernate.orm.results - Extracted JDBC value [1] - [null]
10:24:08.895 [main] DEBUG org.hibernate.orm.results - Extracted JDBC value [2] - [Test Task Subsystem]
10:24:08.895 [main] DEBUG org.hibernate.orm.results - Extracted JDBC value [4] - [NOT_STARTED]
10:24:08.895 [main] DEBUG org.hibernate.orm.results.loading.entity - (EntityResultInitializer) Done materializing entityInstance : org.frcpm.models.Subsystem(959665180562300)#46
10:24:08.895 [main] DEBUG org.hibernate.orm.results.loading - Calling top-level assembler (0 / 1) : org.hibernate.sql.results.graph.entity.internal.EntityAssembler@6c8f53d1
10:24:08.895 [main] DEBUG org.hibernate.orm.results - Extracted JDBC value [0] - [47]
10:24:08.895 [main] DEBUG org.hibernate.orm.results.loading.entity - (EntityResultInitializer) Hydrated EntityKey (org.frcpm.models.Subsystem(959665180562300)): 47
10:24:08.895 [main] DEBUG org.hibernate.orm.results.loading.org.hibernate.orm.results.loading.collection - (DelayedCollectionInitializer) Current row collection key : org.frcpm.models.Subsystem(959665180562300).tasks#47
10:24:08.895 [main] DEBUG org.hibernate.orm.results.loading.entity - (EntityResultInitializer) Created new entity instance [org.frcpm.models.Subsystem(959665180562300)#47] : 1413279213
10:24:08.895 [main] DEBUG org.hibernate.orm.results - Extracted JDBC value [3] - [null]
10:24:08.895 [main] DEBUG org.hibernate.orm.results - Extracted JDBC value [1] - [null]
10:24:08.895 [main] DEBUG org.hibernate.orm.results - Extracted JDBC value [2] - [Test Task Subsystem]
10:24:08.895 [main] DEBUG org.hibernate.orm.results - Extracted JDBC value [4] - [NOT_STARTED]
10:24:08.895 [main] DEBUG org.hibernate.orm.results.loading.entity - (EntityResultInitializer) Done materializing entityInstance : org.frcpm.models.Subsystem(959665180562300)#47
10:24:08.895 [main] DEBUG org.hibernate.orm.results.loading - Calling top-level assembler (0 / 1) : org.hibernate.sql.results.graph.entity.internal.EntityAssembler@6c8f53d1
10:24:08.895 [main] DEBUG org.hibernate.orm.results - Extracted JDBC value [0] - [48]
10:24:08.895 [main] DEBUG org.hibernate.orm.results.loading.entity - (EntityResultInitializer) Hydrated EntityKey (org.frcpm.models.Subsystem(959665180562300)): 48
10:24:08.895 [main] DEBUG org.hibernate.orm.results.loading.org.hibernate.orm.results.loading.collection - (DelayedCollectionInitializer) Current row collection key : org.frcpm.models.Subsystem(959665180562300).tasks#48
10:24:08.895 [main] DEBUG org.hibernate.orm.results.loading.entity - (EntityResultInitializer) Created new entity instance [org.frcpm.models.Subsystem(959665180562300)#48] : 1685127692
10:24:08.895 [main] DEBUG org.hibernate.orm.results - Extracted JDBC value [3] - [null]
10:24:08.895 [main] DEBUG org.hibernate.orm.results - Extracted JDBC value [1] - [null]
10:24:08.895 [main] DEBUG org.hibernate.orm.results - Extracted JDBC value [2] - [Test Task Subsystem]
10:24:08.895 [main] DEBUG org.hibernate.orm.results - Extracted JDBC value [4] - [NOT_STARTED]
10:24:08.895 [main] DEBUG org.hibernate.orm.results.loading.entity - (EntityResultInitializer) Done materializing entityInstance : org.frcpm.models.Subsystem(959665180562300)#48
10:24:08.895 [main] DEBUG org.hibernate.orm.results.loading - Calling top-level assembler (0 / 1) : org.hibernate.sql.results.graph.entity.internal.EntityAssembler@6c8f53d1
10:24:08.895 [main] DEBUG org.hibernate.orm.results - Extracted JDBC value [0] - [49]
10:24:08.895 [main] DEBUG org.hibernate.orm.results.loading.entity - (EntityResultInitializer) Hydrated EntityKey (org.frcpm.models.Subsystem(959665180562300)): 49
10:24:08.895 [main] DEBUG org.hibernate.orm.results.loading.org.hibernate.orm.results.loading.collection - (DelayedCollectionInitializer) Current row collection key : org.frcpm.models.Subsystem(959665180562300).tasks#49
10:24:08.895 [main] DEBUG org.hibernate.orm.results.loading.entity - (EntityResultInitializer) Created new entity instance [org.frcpm.models.Subsystem(959665180562300)#49] : 548304840
10:24:08.895 [main] DEBUG org.hibernate.orm.results - Extracted JDBC value [3] - [null]
10:24:08.895 [main] DEBUG org.hibernate.orm.results - Extracted JDBC value [1] - [null]
10:24:08.895 [main] DEBUG org.hibernate.orm.results - Extracted JDBC value [2] - [Test Task Subsystem]
10:24:08.895 [main] DEBUG org.hibernate.orm.results - Extracted JDBC value [4] - [NOT_STARTED]
10:24:08.895 [main] DEBUG org.hibernate.orm.results.loading.entity - (EntityResultInitializer) Done materializing entityInstance : org.frcpm.models.Subsystem(959665180562300)#49
10:24:08.895 [main] DEBUG org.hibernate.orm.results.loading - Calling top-level assembler (0 / 1) : org.hibernate.sql.results.graph.entity.internal.EntityAssembler@6c8f53d1
10:24:08.895 [main] DEBUG org.hibernate.orm.results - Extracted JDBC value [0] - [50]
10:24:08.895 [main] DEBUG org.hibernate.orm.results.loading.entity - (EntityResultInitializer) Hydrated EntityKey (org.frcpm.models.Subsystem(959665180562300)): 50
10:24:08.895 [main] DEBUG org.hibernate.orm.results.loading.org.hibernate.orm.results.loading.collection - (DelayedCollectionInitializer) Current row collection key : org.frcpm.models.Subsystem(959665180562300).tasks#50
10:24:08.895 [main] DEBUG org.hibernate.orm.results.loading.entity - (EntityResultInitializer) Created new entity instance [org.frcpm.models.Subsystem(959665180562300)#50] : 749295648
10:24:08.895 [main] DEBUG org.hibernate.orm.results - Extracted JDBC value [3] - [null]
10:24:08.895 [main] DEBUG org.hibernate.orm.results - Extracted JDBC value [1] - [null]
10:24:08.895 [main] DEBUG org.hibernate.orm.results - Extracted JDBC value [2] - [Test Task Subsystem]
10:24:08.895 [main] DEBUG org.hibernate.orm.results - Extracted JDBC value [4] - [NOT_STARTED]
10:24:08.895 [main] DEBUG org.hibernate.orm.results.loading.entity - (EntityResultInitializer) Done materializing entityInstance : org.frcpm.models.Subsystem(959665180562300)#50
10:24:08.895 [main] DEBUG org.hibernate.orm.results.loading - Calling top-level assembler (0 / 1) : org.hibernate.sql.results.graph.entity.internal.EntityAssembler@6c8f53d1
10:24:08.895 [main] DEBUG org.hibernate.orm.results - Extracted JDBC value [0] - [51]
10:24:08.895 [main] DEBUG org.hibernate.orm.results.loading.entity - (EntityResultInitializer) Hydrated EntityKey (org.frcpm.models.Subsystem(959665180562300)): 51
10:24:08.895 [main] DEBUG org.hibernate.orm.results.loading.org.hibernate.orm.results.loading.collection - (DelayedCollectionInitializer) Current row collection key : org.frcpm.models.Subsystem(959665180562300).tasks#51
10:24:08.895 [main] DEBUG org.hibernate.orm.results.loading.entity - (EntityResultInitializer) Created new entity instance [org.frcpm.models.Subsystem(959665180562300)#51] : 425511099
10:24:08.895 [main] DEBUG org.hibernate.orm.results - Extracted JDBC value [3] - [null]
10:24:08.895 [main] DEBUG org.hibernate.orm.results - Extracted JDBC value [1] - [null]
10:24:08.895 [main] DEBUG org.hibernate.orm.results - Extracted JDBC value [2] - [Test Task Subsystem]
10:24:08.895 [main] DEBUG org.hibernate.orm.results - Extracted JDBC value [4] - [NOT_STARTED]
10:24:08.895 [main] DEBUG org.hibernate.orm.results.loading.entity - (EntityResultInitializer) Done materializing entityInstance : org.frcpm.models.Subsystem(959665180562300)#51
10:24:08.895 [main] DEBUG org.hibernate.orm.results.loading - Calling top-level assembler (0 / 1) : org.hibernate.sql.results.graph.entity.internal.EntityAssembler@6c8f53d1
10:24:08.895 [main] DEBUG org.hibernate.orm.results - Extracted JDBC value [0] - [52]
10:24:08.895 [main] DEBUG org.hibernate.orm.results.loading.entity - (EntityResultInitializer) Hydrated EntityKey (org.frcpm.models.Subsystem(959665180562300)): 52
10:24:08.895 [main] DEBUG org.hibernate.orm.results.loading.org.hibernate.orm.results.loading.collection - (DelayedCollectionInitializer) Current row collection key : org.frcpm.models.Subsystem(959665180562300).tasks#52
10:24:08.895 [main] DEBUG org.hibernate.orm.results.loading.entity - (EntityResultInitializer) Created new entity instance [org.frcpm.models.Subsystem(959665180562300)#52] : 495896897
10:24:08.895 [main] DEBUG org.hibernate.orm.results - Extracted JDBC value [3] - [null]
10:24:08.895 [main] DEBUG org.hibernate.orm.results - Extracted JDBC value [1] - [null]
10:24:08.895 [main] DEBUG org.hibernate.orm.results - Extracted JDBC value [2] - [Test Task Subsystem]
10:24:08.895 [main] DEBUG org.hibernate.orm.results - Extracted JDBC value [4] - [NOT_STARTED]
10:24:08.895 [main] DEBUG org.hibernate.orm.results.loading.entity - (EntityResultInitializer) Done materializing entityInstance : org.frcpm.models.Subsystem(959665180562300)#52
10:24:08.895 [main] DEBUG org.hibernate.orm.results.loading - Calling top-level assembler (0 / 1) : org.hibernate.sql.results.graph.entity.internal.EntityAssembler@6c8f53d1
10:24:08.895 [main] DEBUG org.hibernate.orm.results - Extracted JDBC value [0] - [53]
10:24:08.895 [main] DEBUG org.hibernate.orm.results.loading.entity - (EntityResultInitializer) Hydrated EntityKey (org.frcpm.models.Subsystem(959665180562300)): 53
10:24:08.895 [main] DEBUG org.hibernate.orm.results.loading.org.hibernate.orm.results.loading.collection - (DelayedCollectionInitializer) Current row collection key : org.frcpm.models.Subsystem(959665180562300).tasks#53
10:24:08.895 [main] DEBUG org.hibernate.orm.results.loading.entity - (EntityResultInitializer) Created new entity instance [org.frcpm.models.Subsystem(959665180562300)#53] : 1467131792
10:24:08.895 [main] DEBUG org.hibernate.orm.results - Extracted JDBC value [3] - [null]
10:24:08.895 [main] DEBUG org.hibernate.orm.results - Extracted JDBC value [1] - [null]
10:24:08.895 [main] DEBUG org.hibernate.orm.results - Extracted JDBC value [2] - [Test Task Subsystem]
10:24:08.895 [main] DEBUG org.hibernate.orm.results - Extracted JDBC value [4] - [NOT_STARTED]
10:24:08.895 [main] DEBUG org.hibernate.orm.results.loading.entity - (EntityResultInitializer) Done materializing entityInstance : org.frcpm.models.Subsystem(959665180562300)#53
10:24:08.895 [main] DEBUG org.hibernate.orm.results.loading - Calling top-level assembler (0 / 1) : org.hibernate.sql.results.graph.entity.internal.EntityAssembler@6c8f53d1
10:24:08.895 [main] DEBUG org.hibernate.orm.results - Extracted JDBC value [0] - [54]
10:24:08.895 [main] DEBUG org.hibernate.orm.results.loading.entity - (EntityResultInitializer) Hydrated EntityKey (org.frcpm.models.Subsystem(959665180562300)): 54
10:24:08.895 [main] DEBUG org.hibernate.orm.results.loading.org.hibernate.orm.results.loading.collection - (DelayedCollectionInitializer) Current row collection key : org.frcpm.models.Subsystem(959665180562300).tasks#54
10:24:08.895 [main] DEBUG org.hibernate.orm.results.loading.entity - (EntityResultInitializer) Created new entity instance [org.frcpm.models.Subsystem(959665180562300)#54] : 1083384302
10:24:08.895 [main] DEBUG org.hibernate.orm.results - Extracted JDBC value [3] - [null]
10:24:08.895 [main] DEBUG org.hibernate.orm.results - Extracted JDBC value [1] - [null]
10:24:08.895 [main] DEBUG org.hibernate.orm.results - Extracted JDBC value [2] - [Test Task Subsystem]
10:24:08.895 [main] DEBUG org.hibernate.orm.results - Extracted JDBC value [4] - [NOT_STARTED]
10:24:08.895 [main] DEBUG org.hibernate.orm.results.loading.entity - (EntityResultInitializer) Done materializing entityInstance : org.frcpm.models.Subsystem(959665180562300)#54
10:24:08.895 [main] DEBUG org.hibernate.orm.results.loading - Calling top-level assembler (0 / 1) : org.hibernate.sql.results.graph.entity.internal.EntityAssembler@6c8f53d1
10:24:08.895 [main] DEBUG org.hibernate.orm.results - Extracted JDBC value [0] - [55]
10:24:08.895 [main] DEBUG org.hibernate.orm.results.loading.entity - (EntityResultInitializer) Hydrated EntityKey (org.frcpm.models.Subsystem(959665180562300)): 55
10:24:08.895 [main] DEBUG org.hibernate.orm.results.loading.org.hibernate.orm.results.loading.collection - (DelayedCollectionInitializer) Current row collection key : org.frcpm.models.Subsystem(959665180562300).tasks#55
10:24:08.895 [main] DEBUG org.hibernate.orm.results.loading.entity - (EntityResultInitializer) Created new entity instance [org.frcpm.models.Subsystem(959665180562300)#55] : 257947563
10:24:08.895 [main] DEBUG org.hibernate.orm.results - Extracted JDBC value [3] - [null]
10:24:08.895 [main] DEBUG org.hibernate.orm.results - Extracted JDBC value [1] - [null]
10:24:08.895 [main] DEBUG org.hibernate.orm.results - Extracted JDBC value [2] - [Test Task Subsystem]
10:24:08.895 [main] DEBUG org.hibernate.orm.results - Extracted JDBC value [4] - [NOT_STARTED]
10:24:08.895 [main] DEBUG org.hibernate.orm.results.loading.entity - (EntityResultInitializer) Done materializing entityInstance : org.frcpm.models.Subsystem(959665180562300)#55
10:24:08.895 [main] DEBUG org.hibernate.orm.results.loading - Calling top-level assembler (0 / 1) : org.hibernate.sql.results.graph.entity.internal.EntityAssembler@6c8f53d1
10:24:08.895 [main] DEBUG org.hibernate.orm.results - Extracted JDBC value [0] - [56]
10:24:08.895 [main] DEBUG org.hibernate.orm.results.loading.entity - (EntityResultInitializer) Hydrated EntityKey (org.frcpm.models.Subsystem(959665180562300)): 56
10:24:08.895 [main] DEBUG org.hibernate.orm.results.loading.org.hibernate.orm.results.loading.collection - (DelayedCollectionInitializer) Current row collection key : org.frcpm.models.Subsystem(959665180562300).tasks#56
10:24:08.895 [main] DEBUG org.hibernate.orm.results.loading.entity - (EntityResultInitializer) Created new entity instance [org.frcpm.models.Subsystem(959665180562300)#56] : 476380859
10:24:08.895 [main] DEBUG org.hibernate.orm.results - Extracted JDBC value [3] - [null]
10:24:08.895 [main] DEBUG org.hibernate.orm.results - Extracted JDBC value [1] - [null]
10:24:08.895 [main] DEBUG org.hibernate.orm.results - Extracted JDBC value [2] - [Test Task Subsystem]
10:24:08.895 [main] DEBUG org.hibernate.orm.results - Extracted JDBC value [4] - [NOT_STARTED]
10:24:08.895 [main] DEBUG org.hibernate.orm.results.loading.entity - (EntityResultInitializer) Done materializing entityInstance : org.frcpm.models.Subsystem(959665180562300)#56
10:24:08.895 [main] DEBUG org.hibernate.orm.results.loading - Calling top-level assembler (0 / 1) : org.hibernate.sql.results.graph.entity.internal.EntityAssembler@6c8f53d1
10:24:08.895 [main] DEBUG org.hibernate.orm.results - Extracted JDBC value [0] - [66]
10:24:08.895 [main] DEBUG org.hibernate.orm.results.loading.entity - (EntityResultInitializer) Hydrated EntityKey (org.frcpm.models.Subsystem(959665180562300)): 66
10:24:08.895 [main] DEBUG org.hibernate.orm.results.loading.org.hibernate.orm.results.loading.collection - (DelayedCollectionInitializer) Current row collection key : org.frcpm.models.Subsystem(959665180562300).tasks#66
10:24:08.895 [main] DEBUG org.hibernate.orm.results.loading.entity - (EntityResultInitializer) Created new entity instance [org.frcpm.models.Subsystem(959665180562300)#66] : 1028218889
10:24:08.895 [main] DEBUG org.hibernate.orm.results - Extracted JDBC value [3] - [null]
10:24:08.895 [main] DEBUG org.hibernate.orm.results - Extracted JDBC value [1] - [Test subsystem for component tests]
10:24:08.895 [main] DEBUG org.hibernate.orm.results - Extracted JDBC value [2] - [Component Test Subsystem]
10:24:08.895 [main] DEBUG org.hibernate.orm.results - Extracted JDBC value [4] - [NOT_STARTED]
10:24:08.895 [main] DEBUG org.hibernate.orm.results.loading.entity - (EntityResultInitializer) Done materializing entityInstance : org.frcpm.models.Subsystem(959665180562300)#66
10:24:08.896 [main] DEBUG org.hibernate.orm.results.loading - Calling top-level assembler (0 / 1) : org.hibernate.sql.results.graph.entity.internal.EntityAssembler@6c8f53d1
10:24:08.896 [main] DEBUG org.hibernate.resource.jdbc.internal.LogicalConnectionManagedImpl - Initiating JDBC connection release from afterTransaction
10:24:08.896 [main] DEBUG org.hibernate.resource.jdbc.internal.LogicalConnectionManagedImpl - Initiating JDBC connection release from afterTransaction
10:24:08.896 [main] DEBUG org.hibernate.orm.sql.ast.create - Created new SQL alias : s1_0
10:24:08.896 [main] DEBUG org.hibernate.orm.sql.ast.create - Registration of TableGroup [StandardTableGroup(org.frcpm.models.Subteam(959665183053500))] with identifierForTableGroup [org.frcpm.models.Subteam] for NavigablePath [org.frcpm.models.Subteam] 
10:24:08.898 [main] DEBUG org.hibernate.orm.results.graph.AST - DomainResult Graph:
 \-EntityResultImpl [org.frcpm.models.Subteam(959665183053500)]
 |  +-BasicFetch [org.frcpm.models.Subteam(959665183053500).colorCode]
 |  +-DelayedCollectionFetch [org.frcpm.models.Subteam(959665183053500).members]
 |  +-BasicFetch [org.frcpm.models.Subteam(959665183053500).name]
 |  +-BasicFetch [org.frcpm.models.Subteam(959665183053500).specialties]
 |  \-DelayedCollectionFetch [org.frcpm.models.Subteam(959665183053500).subsystems]

10:24:08.898 [main] DEBUG org.hibernate.orm.sql.ast.tree - SQL AST Tree:
    SelectStatement {
      FromClause {
        StandardTableGroup (s1 : org.frcpm.models.Subteam(959665183053500)) {
          primaryTableReference : subteams as s1_0
        }
      }
    }

10:24:08.899 [main] DEBUG org.hibernate.orm.sql.exec - Skipping reading Query result cache data: cache-enabled = false, cache-mode = NORMAL
10:24:08.899 [main] DEBUG org.hibernate.orm.results - Initializer list:
	  org.frcpm.models.Subteam(959665183053500).members -> DelayedCollectionInitializer(org.frcpm.models.Subteam(959665183053500).members)@1175443716 (PluralAttribute(org.frcpm.models.Subteam.members))
	  org.frcpm.models.Subteam(959665183053500).subsystems -> DelayedCollectionInitializer(org.frcpm.models.Subteam(959665183053500).subsystems)@1408293190 (PluralAttribute(org.frcpm.models.Subteam.subsystems))
	  org.frcpm.models.Subteam(959665183053500) -> EntityResultInitializer(org.frcpm.models.Subteam(959665183053500))@1265301783 (SingleTableEntityPersister(org.frcpm.models.Subteam))

10:24:08.900 [main] DEBUG org.hibernate.SQL - select s1_0.id,s1_0.color_code,s1_0.name,s1_0.specialties from subteams s1_0
10:24:08.900 [main] DEBUG org.hibernate.orm.results - Extracted JDBC value [0] - [1]
10:24:08.901 [main] DEBUG org.hibernate.orm.results.loading.entity - (EntityResultInitializer) Hydrated EntityKey (org.frcpm.models.Subteam(959665183053500)): 1
10:24:08.901 [main] DEBUG org.hibernate.orm.results.loading.org.hibernate.orm.results.loading.collection - (DelayedCollectionInitializer) Current row collection key : org.frcpm.models.Subteam(959665183053500).members#1
10:24:08.901 [main] DEBUG org.hibernate.orm.results.loading.org.hibernate.orm.results.loading.collection - (DelayedCollectionInitializer) Current row collection key : org.frcpm.models.Subteam(959665183053500).subsystems#1
10:24:08.901 [main] DEBUG org.hibernate.orm.results.loading.entity - (EntityResultInitializer) Created new entity instance [org.frcpm.models.Subteam(959665183053500)#1] : 571654982
10:24:08.901 [main] DEBUG org.hibernate.orm.results - Extracted JDBC value [1] - [#FF5733]
10:24:08.901 [main] DEBUG org.hibernate.orm.results - Extracted JDBC value [2] - [Mechanical]
10:24:08.901 [main] DEBUG org.hibernate.orm.results - Extracted JDBC value [3] - [Design, CAD, Fabrication, Assembly]
10:24:08.902 [main] DEBUG org.hibernate.orm.results.loading.entity - (EntityResultInitializer) Done materializing entityInstance : org.frcpm.models.Subteam(959665183053500)#1
10:24:08.902 [main] DEBUG org.hibernate.orm.results.loading - Calling top-level assembler (0 / 1) : org.hibernate.sql.results.graph.entity.internal.EntityAssembler@7f2ab742
10:24:08.902 [main] DEBUG org.hibernate.orm.results - Extracted JDBC value [0] - [2]
10:24:08.902 [main] DEBUG org.hibernate.orm.results.loading.entity - (EntityResultInitializer) Hydrated EntityKey (org.frcpm.models.Subteam(959665183053500)): 2
10:24:08.902 [main] DEBUG org.hibernate.orm.results.loading.org.hibernate.orm.results.loading.collection - (DelayedCollectionInitializer) Current row collection key : org.frcpm.models.Subteam(959665183053500).members#2
10:24:08.902 [main] DEBUG org.hibernate.orm.results.loading.org.hibernate.orm.results.loading.collection - (DelayedCollectionInitializer) Current row collection key : org.frcpm.models.Subteam(959665183053500).subsystems#2
10:24:08.902 [main] DEBUG org.hibernate.orm.results.loading.entity - (EntityResultInitializer) Created new entity instance [org.frcpm.models.Subteam(959665183053500)#2] : 1268142866
10:24:08.902 [main] DEBUG org.hibernate.orm.results - Extracted JDBC value [1] - [#33A8FF]
10:24:08.902 [main] DEBUG org.hibernate.orm.results - Extracted JDBC value [2] - [Electrical]
10:24:08.902 [main] DEBUG org.hibernate.orm.results - Extracted JDBC value [3] - [Wiring, Electronics, Sensors, Power Systems]
10:24:08.902 [main] DEBUG org.hibernate.orm.results.loading.entity - (EntityResultInitializer) Done materializing entityInstance : org.frcpm.models.Subteam(959665183053500)#2
10:24:08.902 [main] DEBUG org.hibernate.orm.results.loading - Calling top-level assembler (0 / 1) : org.hibernate.sql.results.graph.entity.internal.EntityAssembler@7f2ab742
10:24:08.903 [main] DEBUG org.hibernate.orm.results - Extracted JDBC value [0] - [3]
10:24:08.903 [main] DEBUG org.hibernate.orm.results.loading.entity - (EntityResultInitializer) Hydrated EntityKey (org.frcpm.models.Subteam(959665183053500)): 3
10:24:08.903 [main] DEBUG org.hibernate.orm.results.loading.org.hibernate.orm.results.loading.collection - (DelayedCollectionInitializer) Current row collection key : org.frcpm.models.Subteam(959665183053500).members#3
10:24:08.903 [main] DEBUG org.hibernate.orm.results.loading.org.hibernate.orm.results.loading.collection - (DelayedCollectionInitializer) Current row collection key : org.frcpm.models.Subteam(959665183053500).subsystems#3
10:24:08.903 [main] DEBUG org.hibernate.orm.results.loading.entity - (EntityResultInitializer) Created new entity instance [org.frcpm.models.Subteam(959665183053500)#3] : 505825397
10:24:08.903 [main] DEBUG org.hibernate.orm.results - Extracted JDBC value [1] - [#33FF57]
10:24:08.903 [main] DEBUG org.hibernate.orm.results - Extracted JDBC value [2] - [Programming]
10:24:08.903 [main] DEBUG org.hibernate.orm.results - Extracted JDBC value [3] - [Java, Vision, Control Systems, Autonomous]
10:24:08.903 [main] DEBUG org.hibernate.orm.results.loading.entity - (EntityResultInitializer) Done materializing entityInstance : org.frcpm.models.Subteam(959665183053500)#3
10:24:08.903 [main] DEBUG org.hibernate.orm.results.loading - Calling top-level assembler (0 / 1) : org.hibernate.sql.results.graph.entity.internal.EntityAssembler@7f2ab742
10:24:08.903 [main] DEBUG org.hibernate.orm.results - Extracted JDBC value [0] - [4]
10:24:08.903 [main] DEBUG org.hibernate.orm.results.loading.entity - (EntityResultInitializer) Hydrated EntityKey (org.frcpm.models.Subteam(959665183053500)): 4
10:24:08.903 [main] DEBUG org.hibernate.orm.results.loading.org.hibernate.orm.results.loading.collection - (DelayedCollectionInitializer) Current row collection key : org.frcpm.models.Subteam(959665183053500).members#4
10:24:08.903 [main] DEBUG org.hibernate.orm.results.loading.org.hibernate.orm.results.loading.collection - (DelayedCollectionInitializer) Current row collection key : org.frcpm.models.Subteam(959665183053500).subsystems#4
10:24:08.903 [main] DEBUG org.hibernate.orm.results.loading.entity - (EntityResultInitializer) Created new entity instance [org.frcpm.models.Subteam(959665183053500)#4] : 456795577
10:24:08.903 [main] DEBUG org.hibernate.orm.results - Extracted JDBC value [1] - [#FF33A8]
10:24:08.903 [main] DEBUG org.hibernate.orm.results - Extracted JDBC value [2] - [Business]
10:24:08.903 [main] DEBUG org.hibernate.orm.results - Extracted JDBC value [3] - [Fundraising, Marketing, Outreach, Awards]
10:24:08.903 [main] DEBUG org.hibernate.orm.results.loading.entity - (EntityResultInitializer) Done materializing entityInstance : org.frcpm.models.Subteam(959665183053500)#4
10:24:08.903 [main] DEBUG org.hibernate.orm.results.loading - Calling top-level assembler (0 / 1) : org.hibernate.sql.results.graph.entity.internal.EntityAssembler@7f2ab742
10:24:08.903 [main] DEBUG org.hibernate.orm.results - Extracted JDBC value [0] - [24]
10:24:08.903 [main] DEBUG org.hibernate.orm.results.loading.entity - (EntityResultInitializer) Hydrated EntityKey (org.frcpm.models.Subteam(959665183053500)): 24
10:24:08.903 [main] DEBUG org.hibernate.orm.results.loading.org.hibernate.orm.results.loading.collection - (DelayedCollectionInitializer) Current row collection key : org.frcpm.models.Subteam(959665183053500).members#24
10:24:08.903 [main] DEBUG org.hibernate.orm.results.loading.org.hibernate.orm.results.loading.collection - (DelayedCollectionInitializer) Current row collection key : org.frcpm.models.Subteam(959665183053500).subsystems#24
10:24:08.903 [main] DEBUG org.hibernate.orm.results.loading.entity - (EntityResultInitializer) Created new entity instance [org.frcpm.models.Subteam(959665183053500)#24] : 1477006441
10:24:08.903 [main] DEBUG org.hibernate.orm.results - Extracted JDBC value [1] - [#0000FF]
10:24:08.903 [main] DEBUG org.hibernate.orm.results - Extracted JDBC value [2] - [Test Count Subteam]
10:24:08.903 [main] DEBUG org.hibernate.orm.results - Extracted JDBC value [3] - [null]
10:24:08.903 [main] DEBUG org.hibernate.orm.results.loading.entity - (EntityResultInitializer) Done materializing entityInstance : org.frcpm.models.Subteam(959665183053500)#24
10:24:08.903 [main] DEBUG org.hibernate.orm.results.loading - Calling top-level assembler (0 / 1) : org.hibernate.sql.results.graph.entity.internal.EntityAssembler@7f2ab742
10:24:08.903 [main] DEBUG org.hibernate.orm.results - Extracted JDBC value [0] - [27]
10:24:08.903 [main] DEBUG org.hibernate.orm.results.loading.entity - (EntityResultInitializer) Hydrated EntityKey (org.frcpm.models.Subteam(959665183053500)): 27
10:24:08.903 [main] DEBUG org.hibernate.orm.results.loading.org.hibernate.orm.results.loading.collection - (DelayedCollectionInitializer) Current row collection key : org.frcpm.models.Subteam(959665183053500).members#27
10:24:08.903 [main] DEBUG org.hibernate.orm.results.loading.org.hibernate.orm.results.loading.collection - (DelayedCollectionInitializer) Current row collection key : org.frcpm.models.Subteam(959665183053500).subsystems#27
10:24:08.904 [main] DEBUG org.hibernate.orm.results.loading.entity - (EntityResultInitializer) Created new entity instance [org.frcpm.models.Subteam(959665183053500)#27] : 609299302
10:24:08.904 [main] DEBUG org.hibernate.orm.results - Extracted JDBC value [1] - [#0000FF]
10:24:08.904 [main] DEBUG org.hibernate.orm.results - Extracted JDBC value [2] - [Test Save Subteam]
10:24:08.904 [main] DEBUG org.hibernate.orm.results - Extracted JDBC value [3] - [Testing]
10:24:08.904 [main] DEBUG org.hibernate.orm.results.loading.entity - (EntityResultInitializer) Done materializing entityInstance : org.frcpm.models.Subteam(959665183053500)#27
10:24:08.905 [main] DEBUG org.hibernate.orm.results.loading - Calling top-level assembler (0 / 1) : org.hibernate.sql.results.graph.entity.internal.EntityAssembler@7f2ab742
10:24:08.905 [main] DEBUG org.hibernate.orm.results - Extracted JDBC value [0] - [42]
10:24:08.905 [main] DEBUG org.hibernate.orm.results.loading.entity - (EntityResultInitializer) Hydrated EntityKey (org.frcpm.models.Subteam(959665183053500)): 42
10:24:08.905 [main] DEBUG org.hibernate.orm.results.loading.org.hibernate.orm.results.loading.collection - (DelayedCollectionInitializer) Current row collection key : org.frcpm.models.Subteam(959665183053500).members#42
10:24:08.905 [main] DEBUG org.hibernate.orm.results.loading.org.hibernate.orm.results.loading.collection - (DelayedCollectionInitializer) Current row collection key : org.frcpm.models.Subteam(959665183053500).subsystems#42
10:24:08.905 [main] DEBUG org.hibernate.orm.results.loading.entity - (EntityResultInitializer) Created new entity instance [org.frcpm.models.Subteam(959665183053500)#42] : 245726135
10:24:08.905 [main] DEBUG org.hibernate.orm.results - Extracted JDBC value [1] - [#00FFFF]
10:24:08.905 [main] DEBUG org.hibernate.orm.results - Extracted JDBC value [2] - [Updated Subteam Name]
10:24:08.905 [main] DEBUG org.hibernate.orm.results - Extracted JDBC value [3] - [null]
10:24:08.906 [main] DEBUG org.hibernate.orm.results.loading.entity - (EntityResultInitializer) Done materializing entityInstance : org.frcpm.models.Subteam(959665183053500)#42
10:24:08.906 [main] DEBUG org.hibernate.orm.results.loading - Calling top-level assembler (0 / 1) : org.hibernate.sql.results.graph.entity.internal.EntityAssembler@7f2ab742
10:24:08.906 [main] DEBUG org.hibernate.orm.results - Extracted JDBC value [0] - [67]
10:24:08.906 [main] DEBUG org.hibernate.orm.results.loading.entity - (EntityResultInitializer) Hydrated EntityKey (org.frcpm.models.Subteam(959665183053500)): 67
10:24:08.906 [main] DEBUG org.hibernate.orm.results.loading.org.hibernate.orm.results.loading.collection - (DelayedCollectionInitializer) Current row collection key : org.frcpm.models.Subteam(959665183053500).members#67
10:24:08.906 [main] DEBUG org.hibernate.orm.results.loading.org.hibernate.orm.results.loading.collection - (DelayedCollectionInitializer) Current row collection key : org.frcpm.models.Subteam(959665183053500).subsystems#67
10:24:08.906 [main] DEBUG org.hibernate.orm.results.loading.entity - (EntityResultInitializer) Created new entity instance [org.frcpm.models.Subteam(959665183053500)#67] : 984041165
10:24:08.906 [main] DEBUG org.hibernate.orm.results - Extracted JDBC value [1] - [#0000FF]
10:24:08.906 [main] DEBUG org.hibernate.orm.results - Extracted JDBC value [2] - [Test Create Service Subteam]
10:24:08.906 [main] DEBUG org.hibernate.orm.results - Extracted JDBC value [3] - [Testing, Quality Assurance]
10:24:08.906 [main] DEBUG org.hibernate.orm.results.loading.entity - (EntityResultInitializer) Done materializing entityInstance : org.frcpm.models.Subteam(959665183053500)#67
10:24:08.906 [main] DEBUG org.hibernate.orm.results.loading - Calling top-level assembler (0 / 1) : org.hibernate.sql.results.graph.entity.internal.EntityAssembler@7f2ab742
10:24:08.906 [main] DEBUG org.hibernate.orm.results - Extracted JDBC value [0] - [70]
10:24:08.906 [main] DEBUG org.hibernate.orm.results.loading.entity - (EntityResultInitializer) Hydrated EntityKey (org.frcpm.models.Subteam(959665183053500)): 70
10:24:08.906 [main] DEBUG org.hibernate.orm.results.loading.org.hibernate.orm.results.loading.collection - (DelayedCollectionInitializer) Current row collection key : org.frcpm.models.Subteam(959665183053500).members#70
10:24:08.906 [main] DEBUG org.hibernate.orm.results.loading.org.hibernate.orm.results.loading.collection - (DelayedCollectionInitializer) Current row collection key : org.frcpm.models.Subteam(959665183053500).subsystems#70
10:24:08.906 [main] DEBUG org.hibernate.orm.results.loading.entity - (EntityResultInitializer) Created new entity instance [org.frcpm.models.Subteam(959665183053500)#70] : 1099871530
10:24:08.906 [main] DEBUG org.hibernate.orm.results - Extracted JDBC value [1] - [#00FFFF]
10:24:08.906 [main] DEBUG org.hibernate.orm.results - Extracted JDBC value [2] - [Test Color Update Subteam]
10:24:08.906 [main] DEBUG org.hibernate.orm.results - Extracted JDBC value [3] - [Specialties]
10:24:08.906 [main] DEBUG org.hibernate.orm.results.loading.entity - (EntityResultInitializer) Done materializing entityInstance : org.frcpm.models.Subteam(959665183053500)#70
10:24:08.906 [main] DEBUG org.hibernate.orm.results.loading - Calling top-level assembler (0 / 1) : org.hibernate.sql.results.graph.entity.internal.EntityAssembler@7f2ab742
10:24:08.906 [main] DEBUG org.hibernate.orm.results - Extracted JDBC value [0] - [79]
10:24:08.906 [main] DEBUG org.hibernate.orm.results.loading.entity - (EntityResultInitializer) Hydrated EntityKey (org.frcpm.models.Subteam(959665183053500)): 79
10:24:08.906 [main] DEBUG org.hibernate.orm.results.loading.org.hibernate.orm.results.loading.collection - (DelayedCollectionInitializer) Current row collection key : org.frcpm.models.Subteam(959665183053500).members#79
10:24:08.906 [main] DEBUG org.hibernate.orm.results.loading.org.hibernate.orm.results.loading.collection - (DelayedCollectionInitializer) Current row collection key : org.frcpm.models.Subteam(959665183053500).subsystems#79
10:24:08.906 [main] DEBUG org.hibernate.orm.results.loading.entity - (EntityResultInitializer) Created new entity instance [org.frcpm.models.Subteam(959665183053500)#79] : 1685438350
10:24:08.906 [main] DEBUG org.hibernate.orm.results - Extracted JDBC value [1] - [#0000FF]
10:24:08.906 [main] DEBUG org.hibernate.orm.results - Extracted JDBC value [2] - [Test Update Subteam]
10:24:08.906 [main] DEBUG org.hibernate.orm.results - Extracted JDBC value [3] - [Updated Specialties]
10:24:08.906 [main] DEBUG org.hibernate.orm.results.loading.entity - (EntityResultInitializer) Done materializing entityInstance : org.frcpm.models.Subteam(959665183053500)#79
10:24:08.906 [main] DEBUG org.hibernate.orm.results.loading - Calling top-level assembler (0 / 1) : org.hibernate.sql.results.graph.entity.internal.EntityAssembler@7f2ab742
10:24:08.906 [main] DEBUG org.hibernate.orm.results - Extracted JDBC value [0] - [87]
10:24:08.906 [main] DEBUG org.hibernate.orm.results.loading.entity - (EntityResultInitializer) Hydrated EntityKey (org.frcpm.models.Subteam(959665183053500)): 87
10:24:08.907 [main] DEBUG org.hibernate.orm.results.loading.org.hibernate.orm.results.loading.collection - (DelayedCollectionInitializer) Current row collection key : org.frcpm.models.Subteam(959665183053500).members#87
10:24:08.907 [main] DEBUG org.hibernate.orm.results.loading.org.hibernate.orm.results.loading.collection - (DelayedCollectionInitializer) Current row collection key : org.frcpm.models.Subteam(959665183053500).subsystems#87
10:24:08.907 [main] DEBUG org.hibernate.orm.results.loading.entity - (EntityResultInitializer) Created new entity instance [org.frcpm.models.Subteam(959665183053500)#87] : 2038412674
10:24:08.907 [main] DEBUG org.hibernate.orm.results - Extracted JDBC value [1] - [#0000FF]
10:24:08.907 [main] DEBUG org.hibernate.orm.results - Extracted JDBC value [2] - [Duplicate Name Subteam]
10:24:08.907 [main] DEBUG org.hibernate.orm.results - Extracted JDBC value [3] - [Specialties]
10:24:08.907 [main] DEBUG org.hibernate.orm.results.loading.entity - (EntityResultInitializer) Done materializing entityInstance : org.frcpm.models.Subteam(959665183053500)#87
10:24:08.907 [main] DEBUG org.hibernate.orm.results.loading - Calling top-level assembler (0 / 1) : org.hibernate.sql.results.graph.entity.internal.EntityAssembler@7f2ab742
10:24:08.907 [main] DEBUG org.hibernate.resource.jdbc.internal.LogicalConnectionManagedImpl - Initiating JDBC connection release from afterTransaction
10:24:08.907 [main] DEBUG org.hibernate.resource.jdbc.internal.LogicalConnectionManagedImpl - Initiating JDBC connection release from afterTransaction
]]></system-out>
  </testcase>
  <testcase name="testShowErrorAlert" classname="org.frcpm.controllers.SubsystemControllerTest" time="0.021">
    <system-out><![CDATA[10:24:08.916 [main] DEBUG org.hibernate.orm.sql.ast.create - Created new SQL alias : s1_0
10:24:08.916 [main] DEBUG org.hibernate.orm.sql.ast.create - Registration of TableGroup [StandardTableGroup(org.frcpm.models.Subsystem(959665202873600))] with identifierForTableGroup [org.frcpm.models.Subsystem] for NavigablePath [org.frcpm.models.Subsystem] 
10:24:08.917 [main] DEBUG org.hibernate.orm.sql.ast.create - Registration of TableGroup [org.hibernate.sql.ast.tree.from.LazyTableGroup@79d76ad4] with identifierForTableGroup [org.frcpm.models.Subsystem.responsibleSubteam] for NavigablePath [org.frcpm.models.Subsystem.responsibleSubteam] 
10:24:08.917 [main] DEBUG org.hibernate.orm.results.graph.AST - DomainResult Graph:
 \-EntityResultImpl [org.frcpm.models.Subsystem(959665202873600)]
 |  +-BasicFetch [org.frcpm.models.Subsystem(959665202873600).description]
 |  +-BasicFetch [org.frcpm.models.Subsystem(959665202873600).name]
 |  +-CircularFetchImpl [org.frcpm.models.Subsystem(959665202873600).responsibleSubteam]
 |  +-BasicFetch [org.frcpm.models.Subsystem(959665202873600).status]
 |  \-DelayedCollectionFetch [org.frcpm.models.Subsystem(959665202873600).tasks]

10:24:08.918 [main] DEBUG org.hibernate.orm.sql.ast.tree - SQL AST Tree:
    SelectStatement {
      FromClause {
        StandardTableGroup (s1 : org.frcpm.models.Subsystem(959665202873600)) {
          primaryTableReference : subsystems as s1_0
          TableGroupJoins {
            left  join LazyTableGroup (rs1 : org.frcpm.models.Subsystem(959665202873600).responsibleSubteam) {
            }
          }
        }
      }
    }

10:24:08.918 [main] DEBUG org.hibernate.orm.sql.exec - Skipping reading Query result cache data: cache-enabled = false, cache-mode = NORMAL
10:24:08.918 [main] DEBUG org.hibernate.orm.results - Initializer list:
	  org.frcpm.models.Subsystem(959665202873600).responsibleSubteam -> EntityDelayedFetchInitializer(org.frcpm.models.Subsystem(959665202873600).responsibleSubteam)@472451970 (ToOneAttributeMapping(NavigableRole[org.frcpm.models.Subsystem.responsibleSubteam])@135084207)
	  org.frcpm.models.Subsystem(959665202873600) -> EntityResultInitializer(org.frcpm.models.Subsystem(959665202873600))@304301695 (SingleTableEntityPersister(org.frcpm.models.Subsystem))
	  org.frcpm.models.Subsystem(959665202873600).tasks -> DelayedCollectionInitializer(org.frcpm.models.Subsystem(959665202873600).tasks)@1646799054 (PluralAttribute(org.frcpm.models.Subsystem.tasks))

10:24:08.919 [main] DEBUG org.hibernate.SQL - select s1_0.id,s1_0.description,s1_0.name,s1_0.responsible_subteam_id,s1_0.status from subsystems s1_0
10:24:08.919 [main] DEBUG org.hibernate.orm.results - Extracted JDBC value [0] - [1]
10:24:08.919 [main] DEBUG org.hibernate.orm.results.loading.entity - (EntityResultInitializer) Hydrated EntityKey (org.frcpm.models.Subsystem(959665202873600)): 1
10:24:08.919 [main] DEBUG org.hibernate.orm.results.loading.org.hibernate.orm.results.loading.collection - (DelayedCollectionInitializer) Current row collection key : org.frcpm.models.Subsystem(959665202873600).tasks#1
10:24:08.919 [main] DEBUG org.hibernate.orm.results.loading.entity - (EntityResultInitializer) Created new entity instance [org.frcpm.models.Subsystem(959665202873600)#1] : 2085795145
10:24:08.919 [main] DEBUG org.hibernate.orm.results - Extracted JDBC value [3] - [1]
10:24:08.920 [main] DEBUG org.hibernate.orm.results - Extracted JDBC value [1] - [Robot movement and navigation system]
10:24:08.920 [main] DEBUG org.hibernate.orm.results - Extracted JDBC value [2] - [Drivetrain]
10:24:08.920 [main] DEBUG org.hibernate.orm.results - Extracted JDBC value [4] - [IN_PROGRESS]
10:24:08.920 [main] DEBUG org.hibernate.orm.results.loading.entity - (EntityResultInitializer) Done materializing entityInstance : org.frcpm.models.Subsystem(959665202873600)#1
10:24:08.920 [main] DEBUG org.hibernate.orm.results.loading - Calling top-level assembler (0 / 1) : org.hibernate.sql.results.graph.entity.internal.EntityAssembler@247357e4
10:24:08.920 [main] DEBUG org.hibernate.orm.results - Extracted JDBC value [0] - [2]
10:24:08.920 [main] DEBUG org.hibernate.orm.results.loading.entity - (EntityResultInitializer) Hydrated EntityKey (org.frcpm.models.Subsystem(959665202873600)): 2
10:24:08.920 [main] DEBUG org.hibernate.orm.results.loading.org.hibernate.orm.results.loading.collection - (DelayedCollectionInitializer) Current row collection key : org.frcpm.models.Subsystem(959665202873600).tasks#2
10:24:08.920 [main] DEBUG org.hibernate.orm.results.loading.entity - (EntityResultInitializer) Created new entity instance [org.frcpm.models.Subsystem(959665202873600)#2] : 3489014
10:24:08.920 [main] DEBUG org.hibernate.orm.results - Extracted JDBC value [3] - [1]
10:24:08.920 [main] DEBUG org.hibernate.orm.results - Extracted JDBC value [1] - [Mechanism for collecting game pieces]
10:24:08.920 [main] DEBUG org.hibernate.orm.results - Extracted JDBC value [2] - [Intake]
10:24:08.920 [main] DEBUG org.hibernate.orm.results - Extracted JDBC value [4] - [NOT_STARTED]
10:24:08.921 [main] DEBUG org.hibernate.orm.results.loading.entity - (EntityResultInitializer) Done materializing entityInstance : org.frcpm.models.Subsystem(959665202873600)#2
10:24:08.921 [main] DEBUG org.hibernate.orm.results.loading - Calling top-level assembler (0 / 1) : org.hibernate.sql.results.graph.entity.internal.EntityAssembler@247357e4
10:24:08.921 [main] DEBUG org.hibernate.orm.results - Extracted JDBC value [0] - [3]
10:24:08.921 [main] DEBUG org.hibernate.orm.results.loading.entity - (EntityResultInitializer) Hydrated EntityKey (org.frcpm.models.Subsystem(959665202873600)): 3
10:24:08.921 [main] DEBUG org.hibernate.orm.results.loading.org.hibernate.orm.results.loading.collection - (DelayedCollectionInitializer) Current row collection key : org.frcpm.models.Subsystem(959665202873600).tasks#3
10:24:08.921 [main] DEBUG org.hibernate.orm.results.loading.entity - (EntityResultInitializer) Created new entity instance [org.frcpm.models.Subsystem(959665202873600)#3] : 1257962769
10:24:08.921 [main] DEBUG org.hibernate.orm.results - Extracted JDBC value [3] - [1]
10:24:08.921 [main] DEBUG org.hibernate.orm.results - Extracted JDBC value [1] - [Mechanism for scoring game pieces]
10:24:08.921 [main] DEBUG org.hibernate.orm.results - Extracted JDBC value [2] - [Shooter]
10:24:08.921 [main] DEBUG org.hibernate.orm.results - Extracted JDBC value [4] - [NOT_STARTED]
10:24:08.921 [main] DEBUG org.hibernate.orm.results.loading.entity - (EntityResultInitializer) Done materializing entityInstance : org.frcpm.models.Subsystem(959665202873600)#3
10:24:08.921 [main] DEBUG org.hibernate.orm.results.loading - Calling top-level assembler (0 / 1) : org.hibernate.sql.results.graph.entity.internal.EntityAssembler@247357e4
10:24:08.921 [main] DEBUG org.hibernate.orm.results - Extracted JDBC value [0] - [4]
10:24:08.921 [main] DEBUG org.hibernate.orm.results.loading.entity - (EntityResultInitializer) Hydrated EntityKey (org.frcpm.models.Subsystem(959665202873600)): 4
10:24:08.921 [main] DEBUG org.hibernate.orm.results.loading.org.hibernate.orm.results.loading.collection - (DelayedCollectionInitializer) Current row collection key : org.frcpm.models.Subsystem(959665202873600).tasks#4
10:24:08.921 [main] DEBUG org.hibernate.orm.results.loading.entity - (EntityResultInitializer) Created new entity instance [org.frcpm.models.Subsystem(959665202873600)#4] : 1567821622
10:24:08.921 [main] DEBUG org.hibernate.orm.results - Extracted JDBC value [3] - [3]
10:24:08.921 [main] DEBUG org.hibernate.orm.results - Extracted JDBC value [1] - [Camera and processing system for targeting]
10:24:08.921 [main] DEBUG org.hibernate.orm.results - Extracted JDBC value [2] - [Vision]
10:24:08.921 [main] DEBUG org.hibernate.orm.results - Extracted JDBC value [4] - [NOT_STARTED]
10:24:08.921 [main] DEBUG org.hibernate.orm.results.loading.entity - (EntityResultInitializer) Done materializing entityInstance : org.frcpm.models.Subsystem(959665202873600)#4
10:24:08.921 [main] DEBUG org.hibernate.orm.results.loading - Calling top-level assembler (0 / 1) : org.hibernate.sql.results.graph.entity.internal.EntityAssembler@247357e4
10:24:08.921 [main] DEBUG org.hibernate.orm.results - Extracted JDBC value [0] - [5]
10:24:08.921 [main] DEBUG org.hibernate.orm.results.loading.entity - (EntityResultInitializer) Hydrated EntityKey (org.frcpm.models.Subsystem(959665202873600)): 5
10:24:08.921 [main] DEBUG org.hibernate.orm.results.loading.org.hibernate.orm.results.loading.collection - (DelayedCollectionInitializer) Current row collection key : org.frcpm.models.Subsystem(959665202873600).tasks#5
10:24:08.921 [main] DEBUG org.hibernate.orm.results.loading.entity - (EntityResultInitializer) Created new entity instance [org.frcpm.models.Subsystem(959665202873600)#5] : 148506139
10:24:08.921 [main] DEBUG org.hibernate.orm.results - Extracted JDBC value [3] - [2]
10:24:08.921 [main] DEBUG org.hibernate.orm.results - Extracted JDBC value [1] - [Wiring, electronics, and sensors]
10:24:08.921 [main] DEBUG org.hibernate.orm.results - Extracted JDBC value [2] - [Controls]
10:24:08.921 [main] DEBUG org.hibernate.orm.results - Extracted JDBC value [4] - [NOT_STARTED]
10:24:08.921 [main] DEBUG org.hibernate.orm.results.loading.entity - (EntityResultInitializer) Done materializing entityInstance : org.frcpm.models.Subsystem(959665202873600)#5
10:24:08.921 [main] DEBUG org.hibernate.orm.results.loading - Calling top-level assembler (0 / 1) : org.hibernate.sql.results.graph.entity.internal.EntityAssembler@247357e4
10:24:08.921 [main] DEBUG org.hibernate.orm.results - Extracted JDBC value [0] - [18]
10:24:08.921 [main] DEBUG org.hibernate.orm.results.loading.entity - (EntityResultInitializer) Hydrated EntityKey (org.frcpm.models.Subsystem(959665202873600)): 18
10:24:08.921 [main] DEBUG org.hibernate.orm.results.loading.org.hibernate.orm.results.loading.collection - (DelayedCollectionInitializer) Current row collection key : org.frcpm.models.Subsystem(959665202873600).tasks#18
10:24:08.921 [main] DEBUG org.hibernate.orm.results.loading.entity - (EntityResultInitializer) Created new entity instance [org.frcpm.models.Subsystem(959665202873600)#18] : 2077619232
10:24:08.921 [main] DEBUG org.hibernate.orm.results - Extracted JDBC value [3] - [null]
10:24:08.922 [main] DEBUG org.hibernate.orm.results - Extracted JDBC value [1] - [null]
10:24:08.922 [main] DEBUG org.hibernate.orm.results - Extracted JDBC value [2] - [Test Count Subsystem]
10:24:08.922 [main] DEBUG org.hibernate.orm.results - Extracted JDBC value [4] - [NOT_STARTED]
10:24:08.922 [main] DEBUG org.hibernate.orm.results.loading.entity - (EntityResultInitializer) Done materializing entityInstance : org.frcpm.models.Subsystem(959665202873600)#18
10:24:08.922 [main] DEBUG org.hibernate.orm.results.loading - Calling top-level assembler (0 / 1) : org.hibernate.sql.results.graph.entity.internal.EntityAssembler@247357e4
10:24:08.922 [main] DEBUG org.hibernate.orm.results - Extracted JDBC value [0] - [22]
10:24:08.922 [main] DEBUG org.hibernate.orm.results.loading.entity - (EntityResultInitializer) Hydrated EntityKey (org.frcpm.models.Subsystem(959665202873600)): 22
10:24:08.922 [main] DEBUG org.hibernate.orm.results.loading.org.hibernate.orm.results.loading.collection - (DelayedCollectionInitializer) Current row collection key : org.frcpm.models.Subsystem(959665202873600).tasks#22
10:24:08.922 [main] DEBUG org.hibernate.orm.results.loading.entity - (EntityResultInitializer) Created new entity instance [org.frcpm.models.Subsystem(959665202873600)#22] : 487774005
10:24:08.922 [main] DEBUG org.hibernate.orm.results - Extracted JDBC value [3] - [null]
10:24:08.922 [main] DEBUG org.hibernate.orm.results - Extracted JDBC value [1] - [Save subsystem description]
10:24:08.922 [main] DEBUG org.hibernate.orm.results - Extracted JDBC value [2] - [Test Save Subsystem]
10:24:08.922 [main] DEBUG org.hibernate.orm.results - Extracted JDBC value [4] - [TESTING]
10:24:08.922 [main] DEBUG org.hibernate.orm.results.loading.entity - (EntityResultInitializer) Done materializing entityInstance : org.frcpm.models.Subsystem(959665202873600)#22
10:24:08.922 [main] DEBUG org.hibernate.orm.results.loading - Calling top-level assembler (0 / 1) : org.hibernate.sql.results.graph.entity.internal.EntityAssembler@247357e4
10:24:08.922 [main] DEBUG org.hibernate.orm.results - Extracted JDBC value [0] - [43]
10:24:08.922 [main] DEBUG org.hibernate.orm.results.loading.entity - (EntityResultInitializer) Hydrated EntityKey (org.frcpm.models.Subsystem(959665202873600)): 43
10:24:08.922 [main] DEBUG org.hibernate.orm.results.loading.org.hibernate.orm.results.loading.collection - (DelayedCollectionInitializer) Current row collection key : org.frcpm.models.Subsystem(959665202873600).tasks#43
10:24:08.922 [main] DEBUG org.hibernate.orm.results.loading.entity - (EntityResultInitializer) Created new entity instance [org.frcpm.models.Subsystem(959665202873600)#43] : 628618645
10:24:08.922 [main] DEBUG org.hibernate.orm.results - Extracted JDBC value [3] - [null]
10:24:08.922 [main] DEBUG org.hibernate.orm.results - Extracted JDBC value [1] - [Updated description]
10:24:08.922 [main] DEBUG org.hibernate.orm.results - Extracted JDBC value [2] - [Updated Subsystem Name]
10:24:08.922 [main] DEBUG org.hibernate.orm.results - Extracted JDBC value [4] - [ISSUES]
10:24:08.922 [main] DEBUG org.hibernate.orm.results.loading.entity - (EntityResultInitializer) Done materializing entityInstance : org.frcpm.models.Subsystem(959665202873600)#43
10:24:08.922 [main] DEBUG org.hibernate.orm.results.loading - Calling top-level assembler (0 / 1) : org.hibernate.sql.results.graph.entity.internal.EntityAssembler@247357e4
10:24:08.922 [main] DEBUG org.hibernate.orm.results - Extracted JDBC value [0] - [44]
10:24:08.922 [main] DEBUG org.hibernate.orm.results.loading.entity - (EntityResultInitializer) Hydrated EntityKey (org.frcpm.models.Subsystem(959665202873600)): 44
10:24:08.922 [main] DEBUG org.hibernate.orm.results.loading.org.hibernate.orm.results.loading.collection - (DelayedCollectionInitializer) Current row collection key : org.frcpm.models.Subsystem(959665202873600).tasks#44
10:24:08.922 [main] DEBUG org.hibernate.orm.results.loading.entity - (EntityResultInitializer) Created new entity instance [org.frcpm.models.Subsystem(959665202873600)#44] : 1819252887
10:24:08.922 [main] DEBUG org.hibernate.orm.results - Extracted JDBC value [3] - [null]
10:24:08.922 [main] DEBUG org.hibernate.orm.results - Extracted JDBC value [1] - [null]
10:24:08.922 [main] DEBUG org.hibernate.orm.results - Extracted JDBC value [2] - [Test Task Subsystem]
10:24:08.922 [main] DEBUG org.hibernate.orm.results - Extracted JDBC value [4] - [NOT_STARTED]
10:24:08.922 [main] DEBUG org.hibernate.orm.results.loading.entity - (EntityResultInitializer) Done materializing entityInstance : org.frcpm.models.Subsystem(959665202873600)#44
10:24:08.922 [main] DEBUG org.hibernate.orm.results.loading - Calling top-level assembler (0 / 1) : org.hibernate.sql.results.graph.entity.internal.EntityAssembler@247357e4
10:24:08.922 [main] DEBUG org.hibernate.orm.results - Extracted JDBC value [0] - [45]
10:24:08.922 [main] DEBUG org.hibernate.orm.results.loading.entity - (EntityResultInitializer) Hydrated EntityKey (org.frcpm.models.Subsystem(959665202873600)): 45
10:24:08.922 [main] DEBUG org.hibernate.orm.results.loading.org.hibernate.orm.results.loading.collection - (DelayedCollectionInitializer) Current row collection key : org.frcpm.models.Subsystem(959665202873600).tasks#45
10:24:08.922 [main] DEBUG org.hibernate.orm.results.loading.entity - (EntityResultInitializer) Created new entity instance [org.frcpm.models.Subsystem(959665202873600)#45] : 1013491807
10:24:08.922 [main] DEBUG org.hibernate.orm.results - Extracted JDBC value [3] - [null]
10:24:08.922 [main] DEBUG org.hibernate.orm.results - Extracted JDBC value [1] - [null]
10:24:08.922 [main] DEBUG org.hibernate.orm.results - Extracted JDBC value [2] - [Test Task Subsystem]
10:24:08.922 [main] DEBUG org.hibernate.orm.results - Extracted JDBC value [4] - [NOT_STARTED]
10:24:08.922 [main] DEBUG org.hibernate.orm.results.loading.entity - (EntityResultInitializer) Done materializing entityInstance : org.frcpm.models.Subsystem(959665202873600)#45
10:24:08.922 [main] DEBUG org.hibernate.orm.results.loading - Calling top-level assembler (0 / 1) : org.hibernate.sql.results.graph.entity.internal.EntityAssembler@247357e4
10:24:08.922 [main] DEBUG org.hibernate.orm.results - Extracted JDBC value [0] - [46]
10:24:08.922 [main] DEBUG org.hibernate.orm.results.loading.entity - (EntityResultInitializer) Hydrated EntityKey (org.frcpm.models.Subsystem(959665202873600)): 46
10:24:08.922 [main] DEBUG org.hibernate.orm.results.loading.org.hibernate.orm.results.loading.collection - (DelayedCollectionInitializer) Current row collection key : org.frcpm.models.Subsystem(959665202873600).tasks#46
10:24:08.922 [main] DEBUG org.hibernate.orm.results.loading.entity - (EntityResultInitializer) Created new entity instance [org.frcpm.models.Subsystem(959665202873600)#46] : 830475910
10:24:08.922 [main] DEBUG org.hibernate.orm.results - Extracted JDBC value [3] - [null]
10:24:08.922 [main] DEBUG org.hibernate.orm.results - Extracted JDBC value [1] - [null]
10:24:08.922 [main] DEBUG org.hibernate.orm.results - Extracted JDBC value [2] - [Test Task Subsystem]
10:24:08.922 [main] DEBUG org.hibernate.orm.results - Extracted JDBC value [4] - [NOT_STARTED]
10:24:08.922 [main] DEBUG org.hibernate.orm.results.loading.entity - (EntityResultInitializer) Done materializing entityInstance : org.frcpm.models.Subsystem(959665202873600)#46
10:24:08.922 [main] DEBUG org.hibernate.orm.results.loading - Calling top-level assembler (0 / 1) : org.hibernate.sql.results.graph.entity.internal.EntityAssembler@247357e4
10:24:08.922 [main] DEBUG org.hibernate.orm.results - Extracted JDBC value [0] - [47]
10:24:08.922 [main] DEBUG org.hibernate.orm.results.loading.entity - (EntityResultInitializer) Hydrated EntityKey (org.frcpm.models.Subsystem(959665202873600)): 47
10:24:08.922 [main] DEBUG org.hibernate.orm.results.loading.org.hibernate.orm.results.loading.collection - (DelayedCollectionInitializer) Current row collection key : org.frcpm.models.Subsystem(959665202873600).tasks#47
10:24:08.922 [main] DEBUG org.hibernate.orm.results.loading.entity - (EntityResultInitializer) Created new entity instance [org.frcpm.models.Subsystem(959665202873600)#47] : 667367571
10:24:08.922 [main] DEBUG org.hibernate.orm.results - Extracted JDBC value [3] - [null]
10:24:08.922 [main] DEBUG org.hibernate.orm.results - Extracted JDBC value [1] - [null]
10:24:08.922 [main] DEBUG org.hibernate.orm.results - Extracted JDBC value [2] - [Test Task Subsystem]
10:24:08.922 [main] DEBUG org.hibernate.orm.results - Extracted JDBC value [4] - [NOT_STARTED]
10:24:08.922 [main] DEBUG org.hibernate.orm.results.loading.entity - (EntityResultInitializer) Done materializing entityInstance : org.frcpm.models.Subsystem(959665202873600)#47
10:24:08.922 [main] DEBUG org.hibernate.orm.results.loading - Calling top-level assembler (0 / 1) : org.hibernate.sql.results.graph.entity.internal.EntityAssembler@247357e4
10:24:08.922 [main] DEBUG org.hibernate.orm.results - Extracted JDBC value [0] - [48]
10:24:08.922 [main] DEBUG org.hibernate.orm.results.loading.entity - (EntityResultInitializer) Hydrated EntityKey (org.frcpm.models.Subsystem(959665202873600)): 48
10:24:08.922 [main] DEBUG org.hibernate.orm.results.loading.org.hibernate.orm.results.loading.collection - (DelayedCollectionInitializer) Current row collection key : org.frcpm.models.Subsystem(959665202873600).tasks#48
10:24:08.922 [main] DEBUG org.hibernate.orm.results.loading.entity - (EntityResultInitializer) Created new entity instance [org.frcpm.models.Subsystem(959665202873600)#48] : 1800171429
10:24:08.922 [main] DEBUG org.hibernate.orm.results - Extracted JDBC value [3] - [null]
10:24:08.922 [main] DEBUG org.hibernate.orm.results - Extracted JDBC value [1] - [null]
10:24:08.922 [main] DEBUG org.hibernate.orm.results - Extracted JDBC value [2] - [Test Task Subsystem]
10:24:08.922 [main] DEBUG org.hibernate.orm.results - Extracted JDBC value [4] - [NOT_STARTED]
10:24:08.922 [main] DEBUG org.hibernate.orm.results.loading.entity - (EntityResultInitializer) Done materializing entityInstance : org.frcpm.models.Subsystem(959665202873600)#48
10:24:08.922 [main] DEBUG org.hibernate.orm.results.loading - Calling top-level assembler (0 / 1) : org.hibernate.sql.results.graph.entity.internal.EntityAssembler@247357e4
10:24:08.922 [main] DEBUG org.hibernate.orm.results - Extracted JDBC value [0] - [49]
10:24:08.922 [main] DEBUG org.hibernate.orm.results.loading.entity - (EntityResultInitializer) Hydrated EntityKey (org.frcpm.models.Subsystem(959665202873600)): 49
10:24:08.922 [main] DEBUG org.hibernate.orm.results.loading.org.hibernate.orm.results.loading.collection - (DelayedCollectionInitializer) Current row collection key : org.frcpm.models.Subsystem(959665202873600).tasks#49
10:24:08.922 [main] DEBUG org.hibernate.orm.results.loading.entity - (EntityResultInitializer) Created new entity instance [org.frcpm.models.Subsystem(959665202873600)#49] : 158544997
10:24:08.922 [main] DEBUG org.hibernate.orm.results - Extracted JDBC value [3] - [null]
10:24:08.922 [main] DEBUG org.hibernate.orm.results - Extracted JDBC value [1] - [null]
10:24:08.922 [main] DEBUG org.hibernate.orm.results - Extracted JDBC value [2] - [Test Task Subsystem]
10:24:08.922 [main] DEBUG org.hibernate.orm.results - Extracted JDBC value [4] - [NOT_STARTED]
10:24:08.922 [main] DEBUG org.hibernate.orm.results.loading.entity - (EntityResultInitializer) Done materializing entityInstance : org.frcpm.models.Subsystem(959665202873600)#49
10:24:08.922 [main] DEBUG org.hibernate.orm.results.loading - Calling top-level assembler (0 / 1) : org.hibernate.sql.results.graph.entity.internal.EntityAssembler@247357e4
10:24:08.922 [main] DEBUG org.hibernate.orm.results - Extracted JDBC value [0] - [50]
10:24:08.922 [main] DEBUG org.hibernate.orm.results.loading.entity - (EntityResultInitializer) Hydrated EntityKey (org.frcpm.models.Subsystem(959665202873600)): 50
10:24:08.922 [main] DEBUG org.hibernate.orm.results.loading.org.hibernate.orm.results.loading.collection - (DelayedCollectionInitializer) Current row collection key : org.frcpm.models.Subsystem(959665202873600).tasks#50
10:24:08.922 [main] DEBUG org.hibernate.orm.results.loading.entity - (EntityResultInitializer) Created new entity instance [org.frcpm.models.Subsystem(959665202873600)#50] : 380007800
10:24:08.922 [main] DEBUG org.hibernate.orm.results - Extracted JDBC value [3] - [null]
10:24:08.922 [main] DEBUG org.hibernate.orm.results - Extracted JDBC value [1] - [null]
10:24:08.922 [main] DEBUG org.hibernate.orm.results - Extracted JDBC value [2] - [Test Task Subsystem]
10:24:08.922 [main] DEBUG org.hibernate.orm.results - Extracted JDBC value [4] - [NOT_STARTED]
10:24:08.922 [main] DEBUG org.hibernate.orm.results.loading.entity - (EntityResultInitializer) Done materializing entityInstance : org.frcpm.models.Subsystem(959665202873600)#50
10:24:08.922 [main] DEBUG org.hibernate.orm.results.loading - Calling top-level assembler (0 / 1) : org.hibernate.sql.results.graph.entity.internal.EntityAssembler@247357e4
10:24:08.922 [main] DEBUG org.hibernate.orm.results - Extracted JDBC value [0] - [51]
10:24:08.922 [main] DEBUG org.hibernate.orm.results.loading.entity - (EntityResultInitializer) Hydrated EntityKey (org.frcpm.models.Subsystem(959665202873600)): 51
10:24:08.922 [main] DEBUG org.hibernate.orm.results.loading.org.hibernate.orm.results.loading.collection - (DelayedCollectionInitializer) Current row collection key : org.frcpm.models.Subsystem(959665202873600).tasks#51
10:24:08.922 [main] DEBUG org.hibernate.orm.results.loading.entity - (EntityResultInitializer) Created new entity instance [org.frcpm.models.Subsystem(959665202873600)#51] : 1699101571
10:24:08.922 [main] DEBUG org.hibernate.orm.results - Extracted JDBC value [3] - [null]
10:24:08.922 [main] DEBUG org.hibernate.orm.results - Extracted JDBC value [1] - [null]
10:24:08.922 [main] DEBUG org.hibernate.orm.results - Extracted JDBC value [2] - [Test Task Subsystem]
10:24:08.922 [main] DEBUG org.hibernate.orm.results - Extracted JDBC value [4] - [NOT_STARTED]
10:24:08.922 [main] DEBUG org.hibernate.orm.results.loading.entity - (EntityResultInitializer) Done materializing entityInstance : org.frcpm.models.Subsystem(959665202873600)#51
10:24:08.922 [main] DEBUG org.hibernate.orm.results.loading - Calling top-level assembler (0 / 1) : org.hibernate.sql.results.graph.entity.internal.EntityAssembler@247357e4
10:24:08.922 [main] DEBUG org.hibernate.orm.results - Extracted JDBC value [0] - [52]
10:24:08.922 [main] DEBUG org.hibernate.orm.results.loading.entity - (EntityResultInitializer) Hydrated EntityKey (org.frcpm.models.Subsystem(959665202873600)): 52
10:24:08.922 [main] DEBUG org.hibernate.orm.results.loading.org.hibernate.orm.results.loading.collection - (DelayedCollectionInitializer) Current row collection key : org.frcpm.models.Subsystem(959665202873600).tasks#52
10:24:08.924 [main] DEBUG org.hibernate.orm.results.loading.entity - (EntityResultInitializer) Created new entity instance [org.frcpm.models.Subsystem(959665202873600)#52] : 638929408
10:24:08.924 [main] DEBUG org.hibernate.orm.results - Extracted JDBC value [3] - [null]
10:24:08.924 [main] DEBUG org.hibernate.orm.results - Extracted JDBC value [1] - [null]
10:24:08.924 [main] DEBUG org.hibernate.orm.results - Extracted JDBC value [2] - [Test Task Subsystem]
10:24:08.924 [main] DEBUG org.hibernate.orm.results - Extracted JDBC value [4] - [NOT_STARTED]
10:24:08.924 [main] DEBUG org.hibernate.orm.results.loading.entity - (EntityResultInitializer) Done materializing entityInstance : org.frcpm.models.Subsystem(959665202873600)#52
10:24:08.924 [main] DEBUG org.hibernate.orm.results.loading - Calling top-level assembler (0 / 1) : org.hibernate.sql.results.graph.entity.internal.EntityAssembler@247357e4
10:24:08.924 [main] DEBUG org.hibernate.orm.results - Extracted JDBC value [0] - [53]
10:24:08.924 [main] DEBUG org.hibernate.orm.results.loading.entity - (EntityResultInitializer) Hydrated EntityKey (org.frcpm.models.Subsystem(959665202873600)): 53
10:24:08.924 [main] DEBUG org.hibernate.orm.results.loading.org.hibernate.orm.results.loading.collection - (DelayedCollectionInitializer) Current row collection key : org.frcpm.models.Subsystem(959665202873600).tasks#53
10:24:08.924 [main] DEBUG org.hibernate.orm.results.loading.entity - (EntityResultInitializer) Created new entity instance [org.frcpm.models.Subsystem(959665202873600)#53] : 810917522
10:24:08.924 [main] DEBUG org.hibernate.orm.results - Extracted JDBC value [3] - [null]
10:24:08.924 [main] DEBUG org.hibernate.orm.results - Extracted JDBC value [1] - [null]
10:24:08.924 [main] DEBUG org.hibernate.orm.results - Extracted JDBC value [2] - [Test Task Subsystem]
10:24:08.924 [main] DEBUG org.hibernate.orm.results - Extracted JDBC value [4] - [NOT_STARTED]
10:24:08.924 [main] DEBUG org.hibernate.orm.results.loading.entity - (EntityResultInitializer) Done materializing entityInstance : org.frcpm.models.Subsystem(959665202873600)#53
10:24:08.924 [main] DEBUG org.hibernate.orm.results.loading - Calling top-level assembler (0 / 1) : org.hibernate.sql.results.graph.entity.internal.EntityAssembler@247357e4
10:24:08.924 [main] DEBUG org.hibernate.orm.results - Extracted JDBC value [0] - [54]
10:24:08.924 [main] DEBUG org.hibernate.orm.results.loading.entity - (EntityResultInitializer) Hydrated EntityKey (org.frcpm.models.Subsystem(959665202873600)): 54
10:24:08.924 [main] DEBUG org.hibernate.orm.results.loading.org.hibernate.orm.results.loading.collection - (DelayedCollectionInitializer) Current row collection key : org.frcpm.models.Subsystem(959665202873600).tasks#54
10:24:08.924 [main] DEBUG org.hibernate.orm.results.loading.entity - (EntityResultInitializer) Created new entity instance [org.frcpm.models.Subsystem(959665202873600)#54] : 1347946184
10:24:08.924 [main] DEBUG org.hibernate.orm.results - Extracted JDBC value [3] - [null]
10:24:08.924 [main] DEBUG org.hibernate.orm.results - Extracted JDBC value [1] - [null]
10:24:08.924 [main] DEBUG org.hibernate.orm.results - Extracted JDBC value [2] - [Test Task Subsystem]
10:24:08.924 [main] DEBUG org.hibernate.orm.results - Extracted JDBC value [4] - [NOT_STARTED]
10:24:08.924 [main] DEBUG org.hibernate.orm.results.loading.entity - (EntityResultInitializer) Done materializing entityInstance : org.frcpm.models.Subsystem(959665202873600)#54
10:24:08.924 [main] DEBUG org.hibernate.orm.results.loading - Calling top-level assembler (0 / 1) : org.hibernate.sql.results.graph.entity.internal.EntityAssembler@247357e4
10:24:08.924 [main] DEBUG org.hibernate.orm.results - Extracted JDBC value [0] - [55]
10:24:08.924 [main] DEBUG org.hibernate.orm.results.loading.entity - (EntityResultInitializer) Hydrated EntityKey (org.frcpm.models.Subsystem(959665202873600)): 55
10:24:08.924 [main] DEBUG org.hibernate.orm.results.loading.org.hibernate.orm.results.loading.collection - (DelayedCollectionInitializer) Current row collection key : org.frcpm.models.Subsystem(959665202873600).tasks#55
10:24:08.924 [main] DEBUG org.hibernate.orm.results.loading.entity - (EntityResultInitializer) Created new entity instance [org.frcpm.models.Subsystem(959665202873600)#55] : 1906236265
10:24:08.924 [main] DEBUG org.hibernate.orm.results - Extracted JDBC value [3] - [null]
10:24:08.924 [main] DEBUG org.hibernate.orm.results - Extracted JDBC value [1] - [null]
10:24:08.924 [main] DEBUG org.hibernate.orm.results - Extracted JDBC value [2] - [Test Task Subsystem]
10:24:08.924 [main] DEBUG org.hibernate.orm.results - Extracted JDBC value [4] - [NOT_STARTED]
10:24:08.924 [main] DEBUG org.hibernate.orm.results.loading.entity - (EntityResultInitializer) Done materializing entityInstance : org.frcpm.models.Subsystem(959665202873600)#55
10:24:08.924 [main] DEBUG org.hibernate.orm.results.loading - Calling top-level assembler (0 / 1) : org.hibernate.sql.results.graph.entity.internal.EntityAssembler@247357e4
10:24:08.924 [main] DEBUG org.hibernate.orm.results - Extracted JDBC value [0] - [56]
10:24:08.924 [main] DEBUG org.hibernate.orm.results.loading.entity - (EntityResultInitializer) Hydrated EntityKey (org.frcpm.models.Subsystem(959665202873600)): 56
10:24:08.924 [main] DEBUG org.hibernate.orm.results.loading.org.hibernate.orm.results.loading.collection - (DelayedCollectionInitializer) Current row collection key : org.frcpm.models.Subsystem(959665202873600).tasks#56
10:24:08.924 [main] DEBUG org.hibernate.orm.results.loading.entity - (EntityResultInitializer) Created new entity instance [org.frcpm.models.Subsystem(959665202873600)#56] : 892693231
10:24:08.924 [main] DEBUG org.hibernate.orm.results - Extracted JDBC value [3] - [null]
10:24:08.924 [main] DEBUG org.hibernate.orm.results - Extracted JDBC value [1] - [null]
10:24:08.924 [main] DEBUG org.hibernate.orm.results - Extracted JDBC value [2] - [Test Task Subsystem]
10:24:08.924 [main] DEBUG org.hibernate.orm.results - Extracted JDBC value [4] - [NOT_STARTED]
10:24:08.924 [main] DEBUG org.hibernate.orm.results.loading.entity - (EntityResultInitializer) Done materializing entityInstance : org.frcpm.models.Subsystem(959665202873600)#56
10:24:08.924 [main] DEBUG org.hibernate.orm.results.loading - Calling top-level assembler (0 / 1) : org.hibernate.sql.results.graph.entity.internal.EntityAssembler@247357e4
10:24:08.924 [main] DEBUG org.hibernate.orm.results - Extracted JDBC value [0] - [66]
10:24:08.924 [main] DEBUG org.hibernate.orm.results.loading.entity - (EntityResultInitializer) Hydrated EntityKey (org.frcpm.models.Subsystem(959665202873600)): 66
10:24:08.924 [main] DEBUG org.hibernate.orm.results.loading.org.hibernate.orm.results.loading.collection - (DelayedCollectionInitializer) Current row collection key : org.frcpm.models.Subsystem(959665202873600).tasks#66
10:24:08.924 [main] DEBUG org.hibernate.orm.results.loading.entity - (EntityResultInitializer) Created new entity instance [org.frcpm.models.Subsystem(959665202873600)#66] : 1147710054
10:24:08.924 [main] DEBUG org.hibernate.orm.results - Extracted JDBC value [3] - [null]
10:24:08.924 [main] DEBUG org.hibernate.orm.results - Extracted JDBC value [1] - [Test subsystem for component tests]
10:24:08.924 [main] DEBUG org.hibernate.orm.results - Extracted JDBC value [2] - [Component Test Subsystem]
10:24:08.924 [main] DEBUG org.hibernate.orm.results - Extracted JDBC value [4] - [NOT_STARTED]
10:24:08.924 [main] DEBUG org.hibernate.orm.results.loading.entity - (EntityResultInitializer) Done materializing entityInstance : org.frcpm.models.Subsystem(959665202873600)#66
10:24:08.924 [main] DEBUG org.hibernate.orm.results.loading - Calling top-level assembler (0 / 1) : org.hibernate.sql.results.graph.entity.internal.EntityAssembler@247357e4
10:24:08.924 [main] DEBUG org.hibernate.resource.jdbc.internal.LogicalConnectionManagedImpl - Initiating JDBC connection release from afterTransaction
10:24:08.924 [main] DEBUG org.hibernate.resource.jdbc.internal.LogicalConnectionManagedImpl - Initiating JDBC connection release from afterTransaction
10:24:08.925 [main] DEBUG org.hibernate.orm.sql.ast.create - Created new SQL alias : s1_0
10:24:08.925 [main] DEBUG org.hibernate.orm.sql.ast.create - Registration of TableGroup [StandardTableGroup(org.frcpm.models.Subteam(959665211306400))] with identifierForTableGroup [org.frcpm.models.Subteam] for NavigablePath [org.frcpm.models.Subteam] 
10:24:08.925 [main] DEBUG org.hibernate.orm.results.graph.AST - DomainResult Graph:
 \-EntityResultImpl [org.frcpm.models.Subteam(959665211306400)]
 |  +-BasicFetch [org.frcpm.models.Subteam(959665211306400).colorCode]
 |  +-DelayedCollectionFetch [org.frcpm.models.Subteam(959665211306400).members]
 |  +-BasicFetch [org.frcpm.models.Subteam(959665211306400).name]
 |  +-BasicFetch [org.frcpm.models.Subteam(959665211306400).specialties]
 |  \-DelayedCollectionFetch [org.frcpm.models.Subteam(959665211306400).subsystems]

10:24:08.925 [main] DEBUG org.hibernate.orm.sql.ast.tree - SQL AST Tree:
    SelectStatement {
      FromClause {
        StandardTableGroup (s1 : org.frcpm.models.Subteam(959665211306400)) {
          primaryTableReference : subteams as s1_0
        }
      }
    }

10:24:08.925 [main] DEBUG org.hibernate.orm.sql.exec - Skipping reading Query result cache data: cache-enabled = false, cache-mode = NORMAL
10:24:08.926 [main] DEBUG org.hibernate.orm.results - Initializer list:
	  org.frcpm.models.Subteam(959665211306400).members -> DelayedCollectionInitializer(org.frcpm.models.Subteam(959665211306400).members)@1233913425 (PluralAttribute(org.frcpm.models.Subteam.members))
	  org.frcpm.models.Subteam(959665211306400).subsystems -> DelayedCollectionInitializer(org.frcpm.models.Subteam(959665211306400).subsystems)@615564601 (PluralAttribute(org.frcpm.models.Subteam.subsystems))
	  org.frcpm.models.Subteam(959665211306400) -> EntityResultInitializer(org.frcpm.models.Subteam(959665211306400))@500712548 (SingleTableEntityPersister(org.frcpm.models.Subteam))

10:24:08.926 [main] DEBUG org.hibernate.SQL - select s1_0.id,s1_0.color_code,s1_0.name,s1_0.specialties from subteams s1_0
10:24:08.926 [main] DEBUG org.hibernate.orm.results - Extracted JDBC value [0] - [1]
10:24:08.926 [main] DEBUG org.hibernate.orm.results.loading.entity - (EntityResultInitializer) Hydrated EntityKey (org.frcpm.models.Subteam(959665211306400)): 1
10:24:08.926 [main] DEBUG org.hibernate.orm.results.loading.org.hibernate.orm.results.loading.collection - (DelayedCollectionInitializer) Current row collection key : org.frcpm.models.Subteam(959665211306400).members#1
10:24:08.926 [main] DEBUG org.hibernate.orm.results.loading.org.hibernate.orm.results.loading.collection - (DelayedCollectionInitializer) Current row collection key : org.frcpm.models.Subteam(959665211306400).subsystems#1
10:24:08.926 [main] DEBUG org.hibernate.orm.results.loading.entity - (EntityResultInitializer) Created new entity instance [org.frcpm.models.Subteam(959665211306400)#1] : 283900751
10:24:08.926 [main] DEBUG org.hibernate.orm.results - Extracted JDBC value [1] - [#FF5733]
10:24:08.926 [main] DEBUG org.hibernate.orm.results - Extracted JDBC value [2] - [Mechanical]
10:24:08.926 [main] DEBUG org.hibernate.orm.results - Extracted JDBC value [3] - [Design, CAD, Fabrication, Assembly]
10:24:08.926 [main] DEBUG org.hibernate.orm.results.loading.entity - (EntityResultInitializer) Done materializing entityInstance : org.frcpm.models.Subteam(959665211306400)#1
10:24:08.926 [main] DEBUG org.hibernate.orm.results.loading - Calling top-level assembler (0 / 1) : org.hibernate.sql.results.graph.entity.internal.EntityAssembler@5f55f3d8
10:24:08.926 [main] DEBUG org.hibernate.orm.results - Extracted JDBC value [0] - [2]
10:24:08.926 [main] DEBUG org.hibernate.orm.results.loading.entity - (EntityResultInitializer) Hydrated EntityKey (org.frcpm.models.Subteam(959665211306400)): 2
10:24:08.926 [main] DEBUG org.hibernate.orm.results.loading.org.hibernate.orm.results.loading.collection - (DelayedCollectionInitializer) Current row collection key : org.frcpm.models.Subteam(959665211306400).members#2
10:24:08.926 [main] DEBUG org.hibernate.orm.results.loading.org.hibernate.orm.results.loading.collection - (DelayedCollectionInitializer) Current row collection key : org.frcpm.models.Subteam(959665211306400).subsystems#2
10:24:08.926 [main] DEBUG org.hibernate.orm.results.loading.entity - (EntityResultInitializer) Created new entity instance [org.frcpm.models.Subteam(959665211306400)#2] : 279661310
10:24:08.927 [main] DEBUG org.hibernate.orm.results - Extracted JDBC value [1] - [#33A8FF]
10:24:08.927 [main] DEBUG org.hibernate.orm.results - Extracted JDBC value [2] - [Electrical]
10:24:08.927 [main] DEBUG org.hibernate.orm.results - Extracted JDBC value [3] - [Wiring, Electronics, Sensors, Power Systems]
10:24:08.927 [main] DEBUG org.hibernate.orm.results.loading.entity - (EntityResultInitializer) Done materializing entityInstance : org.frcpm.models.Subteam(959665211306400)#2
10:24:08.927 [main] DEBUG org.hibernate.orm.results.loading - Calling top-level assembler (0 / 1) : org.hibernate.sql.results.graph.entity.internal.EntityAssembler@5f55f3d8
10:24:08.927 [main] DEBUG org.hibernate.orm.results - Extracted JDBC value [0] - [3]
10:24:08.927 [main] DEBUG org.hibernate.orm.results.loading.entity - (EntityResultInitializer) Hydrated EntityKey (org.frcpm.models.Subteam(959665211306400)): 3
10:24:08.927 [main] DEBUG org.hibernate.orm.results.loading.org.hibernate.orm.results.loading.collection - (DelayedCollectionInitializer) Current row collection key : org.frcpm.models.Subteam(959665211306400).members#3
10:24:08.927 [main] DEBUG org.hibernate.orm.results.loading.org.hibernate.orm.results.loading.collection - (DelayedCollectionInitializer) Current row collection key : org.frcpm.models.Subteam(959665211306400).subsystems#3
10:24:08.927 [main] DEBUG org.hibernate.orm.results.loading.entity - (EntityResultInitializer) Created new entity instance [org.frcpm.models.Subteam(959665211306400)#3] : 1443909252
10:24:08.927 [main] DEBUG org.hibernate.orm.results - Extracted JDBC value [1] - [#33FF57]
10:24:08.927 [main] DEBUG org.hibernate.orm.results - Extracted JDBC value [2] - [Programming]
10:24:08.927 [main] DEBUG org.hibernate.orm.results - Extracted JDBC value [3] - [Java, Vision, Control Systems, Autonomous]
10:24:08.927 [main] DEBUG org.hibernate.orm.results.loading.entity - (EntityResultInitializer) Done materializing entityInstance : org.frcpm.models.Subteam(959665211306400)#3
10:24:08.927 [main] DEBUG org.hibernate.orm.results.loading - Calling top-level assembler (0 / 1) : org.hibernate.sql.results.graph.entity.internal.EntityAssembler@5f55f3d8
10:24:08.927 [main] DEBUG org.hibernate.orm.results - Extracted JDBC value [0] - [4]
10:24:08.927 [main] DEBUG org.hibernate.orm.results.loading.entity - (EntityResultInitializer) Hydrated EntityKey (org.frcpm.models.Subteam(959665211306400)): 4
10:24:08.927 [main] DEBUG org.hibernate.orm.results.loading.org.hibernate.orm.results.loading.collection - (DelayedCollectionInitializer) Current row collection key : org.frcpm.models.Subteam(959665211306400).members#4
10:24:08.927 [main] DEBUG org.hibernate.orm.results.loading.org.hibernate.orm.results.loading.collection - (DelayedCollectionInitializer) Current row collection key : org.frcpm.models.Subteam(959665211306400).subsystems#4
10:24:08.927 [main] DEBUG org.hibernate.orm.results.loading.entity - (EntityResultInitializer) Created new entity instance [org.frcpm.models.Subteam(959665211306400)#4] : 1361939303
10:24:08.927 [main] DEBUG org.hibernate.orm.results - Extracted JDBC value [1] - [#FF33A8]
10:24:08.927 [main] DEBUG org.hibernate.orm.results - Extracted JDBC value [2] - [Business]
10:24:08.927 [main] DEBUG org.hibernate.orm.results - Extracted JDBC value [3] - [Fundraising, Marketing, Outreach, Awards]
10:24:08.927 [main] DEBUG org.hibernate.orm.results.loading.entity - (EntityResultInitializer) Done materializing entityInstance : org.frcpm.models.Subteam(959665211306400)#4
10:24:08.927 [main] DEBUG org.hibernate.orm.results.loading - Calling top-level assembler (0 / 1) : org.hibernate.sql.results.graph.entity.internal.EntityAssembler@5f55f3d8
10:24:08.927 [main] DEBUG org.hibernate.orm.results - Extracted JDBC value [0] - [24]
10:24:08.927 [main] DEBUG org.hibernate.orm.results.loading.entity - (EntityResultInitializer) Hydrated EntityKey (org.frcpm.models.Subteam(959665211306400)): 24
10:24:08.927 [main] DEBUG org.hibernate.orm.results.loading.org.hibernate.orm.results.loading.collection - (DelayedCollectionInitializer) Current row collection key : org.frcpm.models.Subteam(959665211306400).members#24
10:24:08.927 [main] DEBUG org.hibernate.orm.results.loading.org.hibernate.orm.results.loading.collection - (DelayedCollectionInitializer) Current row collection key : org.frcpm.models.Subteam(959665211306400).subsystems#24
10:24:08.927 [main] DEBUG org.hibernate.orm.results.loading.entity - (EntityResultInitializer) Created new entity instance [org.frcpm.models.Subteam(959665211306400)#24] : 1100251915
10:24:08.927 [main] DEBUG org.hibernate.orm.results - Extracted JDBC value [1] - [#0000FF]
10:24:08.927 [main] DEBUG org.hibernate.orm.results - Extracted JDBC value [2] - [Test Count Subteam]
10:24:08.927 [main] DEBUG org.hibernate.orm.results - Extracted JDBC value [3] - [null]
10:24:08.927 [main] DEBUG org.hibernate.orm.results.loading.entity - (EntityResultInitializer) Done materializing entityInstance : org.frcpm.models.Subteam(959665211306400)#24
10:24:08.927 [main] DEBUG org.hibernate.orm.results.loading - Calling top-level assembler (0 / 1) : org.hibernate.sql.results.graph.entity.internal.EntityAssembler@5f55f3d8
10:24:08.927 [main] DEBUG org.hibernate.orm.results - Extracted JDBC value [0] - [27]
10:24:08.927 [main] DEBUG org.hibernate.orm.results.loading.entity - (EntityResultInitializer) Hydrated EntityKey (org.frcpm.models.Subteam(959665211306400)): 27
10:24:08.927 [main] DEBUG org.hibernate.orm.results.loading.org.hibernate.orm.results.loading.collection - (DelayedCollectionInitializer) Current row collection key : org.frcpm.models.Subteam(959665211306400).members#27
10:24:08.927 [main] DEBUG org.hibernate.orm.results.loading.org.hibernate.orm.results.loading.collection - (DelayedCollectionInitializer) Current row collection key : org.frcpm.models.Subteam(959665211306400).subsystems#27
10:24:08.927 [main] DEBUG org.hibernate.orm.results.loading.entity - (EntityResultInitializer) Created new entity instance [org.frcpm.models.Subteam(959665211306400)#27] : 27082839
10:24:08.927 [main] DEBUG org.hibernate.orm.results - Extracted JDBC value [1] - [#0000FF]
10:24:08.927 [main] DEBUG org.hibernate.orm.results - Extracted JDBC value [2] - [Test Save Subteam]
10:24:08.927 [main] DEBUG org.hibernate.orm.results - Extracted JDBC value [3] - [Testing]
10:24:08.927 [main] DEBUG org.hibernate.orm.results.loading.entity - (EntityResultInitializer) Done materializing entityInstance : org.frcpm.models.Subteam(959665211306400)#27
10:24:08.927 [main] DEBUG org.hibernate.orm.results.loading - Calling top-level assembler (0 / 1) : org.hibernate.sql.results.graph.entity.internal.EntityAssembler@5f55f3d8
10:24:08.927 [main] DEBUG org.hibernate.orm.results - Extracted JDBC value [0] - [42]
10:24:08.927 [main] DEBUG org.hibernate.orm.results.loading.entity - (EntityResultInitializer) Hydrated EntityKey (org.frcpm.models.Subteam(959665211306400)): 42
10:24:08.927 [main] DEBUG org.hibernate.orm.results.loading.org.hibernate.orm.results.loading.collection - (DelayedCollectionInitializer) Current row collection key : org.frcpm.models.Subteam(959665211306400).members#42
10:24:08.927 [main] DEBUG org.hibernate.orm.results.loading.org.hibernate.orm.results.loading.collection - (DelayedCollectionInitializer) Current row collection key : org.frcpm.models.Subteam(959665211306400).subsystems#42
10:24:08.927 [main] DEBUG org.hibernate.orm.results.loading.entity - (EntityResultInitializer) Created new entity instance [org.frcpm.models.Subteam(959665211306400)#42] : 1163648349
10:24:08.927 [main] DEBUG org.hibernate.orm.results - Extracted JDBC value [1] - [#00FFFF]
10:24:08.927 [main] DEBUG org.hibernate.orm.results - Extracted JDBC value [2] - [Updated Subteam Name]
10:24:08.928 [main] DEBUG org.hibernate.orm.results - Extracted JDBC value [3] - [null]
10:24:08.928 [main] DEBUG org.hibernate.orm.results.loading.entity - (EntityResultInitializer) Done materializing entityInstance : org.frcpm.models.Subteam(959665211306400)#42
10:24:08.928 [main] DEBUG org.hibernate.orm.results.loading - Calling top-level assembler (0 / 1) : org.hibernate.sql.results.graph.entity.internal.EntityAssembler@5f55f3d8
10:24:08.928 [main] DEBUG org.hibernate.orm.results - Extracted JDBC value [0] - [67]
10:24:08.928 [main] DEBUG org.hibernate.orm.results.loading.entity - (EntityResultInitializer) Hydrated EntityKey (org.frcpm.models.Subteam(959665211306400)): 67
10:24:08.928 [main] DEBUG org.hibernate.orm.results.loading.org.hibernate.orm.results.loading.collection - (DelayedCollectionInitializer) Current row collection key : org.frcpm.models.Subteam(959665211306400).members#67
10:24:08.928 [main] DEBUG org.hibernate.orm.results.loading.org.hibernate.orm.results.loading.collection - (DelayedCollectionInitializer) Current row collection key : org.frcpm.models.Subteam(959665211306400).subsystems#67
10:24:08.928 [main] DEBUG org.hibernate.orm.results.loading.entity - (EntityResultInitializer) Created new entity instance [org.frcpm.models.Subteam(959665211306400)#67] : 1491418151
10:24:08.928 [main] DEBUG org.hibernate.orm.results - Extracted JDBC value [1] - [#0000FF]
10:24:08.928 [main] DEBUG org.hibernate.orm.results - Extracted JDBC value [2] - [Test Create Service Subteam]
10:24:08.928 [main] DEBUG org.hibernate.orm.results - Extracted JDBC value [3] - [Testing, Quality Assurance]
10:24:08.928 [main] DEBUG org.hibernate.orm.results.loading.entity - (EntityResultInitializer) Done materializing entityInstance : org.frcpm.models.Subteam(959665211306400)#67
10:24:08.928 [main] DEBUG org.hibernate.orm.results.loading - Calling top-level assembler (0 / 1) : org.hibernate.sql.results.graph.entity.internal.EntityAssembler@5f55f3d8
10:24:08.928 [main] DEBUG org.hibernate.orm.results - Extracted JDBC value [0] - [70]
10:24:08.928 [main] DEBUG org.hibernate.orm.results.loading.entity - (EntityResultInitializer) Hydrated EntityKey (org.frcpm.models.Subteam(959665211306400)): 70
10:24:08.928 [main] DEBUG org.hibernate.orm.results.loading.org.hibernate.orm.results.loading.collection - (DelayedCollectionInitializer) Current row collection key : org.frcpm.models.Subteam(959665211306400).members#70
10:24:08.928 [main] DEBUG org.hibernate.orm.results.loading.org.hibernate.orm.results.loading.collection - (DelayedCollectionInitializer) Current row collection key : org.frcpm.models.Subteam(959665211306400).subsystems#70
10:24:08.928 [main] DEBUG org.hibernate.orm.results.loading.entity - (EntityResultInitializer) Created new entity instance [org.frcpm.models.Subteam(959665211306400)#70] : 1756864819
10:24:08.928 [main] DEBUG org.hibernate.orm.results - Extracted JDBC value [1] - [#00FFFF]
10:24:08.928 [main] DEBUG org.hibernate.orm.results - Extracted JDBC value [2] - [Test Color Update Subteam]
10:24:08.928 [main] DEBUG org.hibernate.orm.results - Extracted JDBC value [3] - [Specialties]
10:24:08.928 [main] DEBUG org.hibernate.orm.results.loading.entity - (EntityResultInitializer) Done materializing entityInstance : org.frcpm.models.Subteam(959665211306400)#70
10:24:08.928 [main] DEBUG org.hibernate.orm.results.loading - Calling top-level assembler (0 / 1) : org.hibernate.sql.results.graph.entity.internal.EntityAssembler@5f55f3d8
10:24:08.928 [main] DEBUG org.hibernate.orm.results - Extracted JDBC value [0] - [79]
10:24:08.928 [main] DEBUG org.hibernate.orm.results.loading.entity - (EntityResultInitializer) Hydrated EntityKey (org.frcpm.models.Subteam(959665211306400)): 79
10:24:08.928 [main] DEBUG org.hibernate.orm.results.loading.org.hibernate.orm.results.loading.collection - (DelayedCollectionInitializer) Current row collection key : org.frcpm.models.Subteam(959665211306400).members#79
10:24:08.928 [main] DEBUG org.hibernate.orm.results.loading.org.hibernate.orm.results.loading.collection - (DelayedCollectionInitializer) Current row collection key : org.frcpm.models.Subteam(959665211306400).subsystems#79
10:24:08.928 [main] DEBUG org.hibernate.orm.results.loading.entity - (EntityResultInitializer) Created new entity instance [org.frcpm.models.Subteam(959665211306400)#79] : 1022599326
10:24:08.928 [main] DEBUG org.hibernate.orm.results - Extracted JDBC value [1] - [#0000FF]
10:24:08.928 [main] DEBUG org.hibernate.orm.results - Extracted JDBC value [2] - [Test Update Subteam]
10:24:08.928 [main] DEBUG org.hibernate.orm.results - Extracted JDBC value [3] - [Updated Specialties]
10:24:08.928 [main] DEBUG org.hibernate.orm.results.loading.entity - (EntityResultInitializer) Done materializing entityInstance : org.frcpm.models.Subteam(959665211306400)#79
10:24:08.928 [main] DEBUG org.hibernate.orm.results.loading - Calling top-level assembler (0 / 1) : org.hibernate.sql.results.graph.entity.internal.EntityAssembler@5f55f3d8
10:24:08.928 [main] DEBUG org.hibernate.orm.results - Extracted JDBC value [0] - [87]
10:24:08.928 [main] DEBUG org.hibernate.orm.results.loading.entity - (EntityResultInitializer) Hydrated EntityKey (org.frcpm.models.Subteam(959665211306400)): 87
10:24:08.928 [main] DEBUG org.hibernate.orm.results.loading.org.hibernate.orm.results.loading.collection - (DelayedCollectionInitializer) Current row collection key : org.frcpm.models.Subteam(959665211306400).members#87
10:24:08.928 [main] DEBUG org.hibernate.orm.results.loading.org.hibernate.orm.results.loading.collection - (DelayedCollectionInitializer) Current row collection key : org.frcpm.models.Subteam(959665211306400).subsystems#87
10:24:08.928 [main] DEBUG org.hibernate.orm.results.loading.entity - (EntityResultInitializer) Created new entity instance [org.frcpm.models.Subteam(959665211306400)#87] : 209509810
10:24:08.928 [main] DEBUG org.hibernate.orm.results - Extracted JDBC value [1] - [#0000FF]
10:24:08.928 [main] DEBUG org.hibernate.orm.results - Extracted JDBC value [2] - [Duplicate Name Subteam]
10:24:08.928 [main] DEBUG org.hibernate.orm.results - Extracted JDBC value [3] - [Specialties]
10:24:08.928 [main] DEBUG org.hibernate.orm.results.loading.entity - (EntityResultInitializer) Done materializing entityInstance : org.frcpm.models.Subteam(959665211306400)#87
10:24:08.928 [main] DEBUG org.hibernate.orm.results.loading - Calling top-level assembler (0 / 1) : org.hibernate.sql.results.graph.entity.internal.EntityAssembler@5f55f3d8
10:24:08.928 [main] DEBUG org.hibernate.resource.jdbc.internal.LogicalConnectionManagedImpl - Initiating JDBC connection release from afterTransaction
10:24:08.928 [main] DEBUG org.hibernate.resource.jdbc.internal.LogicalConnectionManagedImpl - Initiating JDBC connection release from afterTransaction
]]></system-out>
  </testcase>
</testsuite>