<?xml version="1.0" encoding="UTF-8"?>
<testsuite xmlns:xsi="http://www.w3.org/2001/XMLSchema-instance" xsi:noNamespaceSchemaLocation="https://maven.apache.org/surefire/maven-surefire-plugin/xsd/surefire-test-report-3.0.xsd" version="3.0" name="org.frcpm.repositories.impl.JpaRepositoryImplTest" time="6.514" tests="7" errors="0" skipped="0" failures="0">
  <properties>
    <property name="java.specification.version" value="21"/>
    <property name="sun.cpu.isalist" value="amd64"/>
    <property name="sun.jnu.encoding" value="Cp1252"/>
    <property name="java.class.path" value="C:\Users\dhiebert\Local Repositories\Project Management 2.0\target\test-classes;C:\Users\dhiebert\Local Repositories\Project Management 2.0\target\classes;C:\Users\dhiebert\.m2\repository\org\openjfx\javafx-controls\21.0.2\javafx-controls-21.0.2.jar;C:\Users\dhiebert\.m2\repository\org\openjfx\javafx-controls\21.0.2\javafx-controls-21.0.2-win.jar;C:\Users\dhiebert\.m2\repository\org\openjfx\javafx-fxml\21.0.2\javafx-fxml-21.0.2.jar;C:\Users\dhiebert\.m2\repository\org\openjfx\javafx-fxml\21.0.2\javafx-fxml-21.0.2-win.jar;C:\Users\dhiebert\.m2\repository\org\openjfx\javafx-graphics\21.0.2\javafx-graphics-21.0.2.jar;C:\Users\dhiebert\.m2\repository\org\openjfx\javafx-graphics\21.0.2\javafx-graphics-21.0.2-win.jar;C:\Users\dhiebert\.m2\repository\org\openjfx\javafx-base\21.0.2\javafx-base-21.0.2.jar;C:\Users\dhiebert\.m2\repository\org\openjfx\javafx-base\21.0.2\javafx-base-21.0.2-win.jar;C:\Users\dhiebert\.m2\repository\com\h2database\h2\2.2.224\h2-2.2.224.jar;C:\Users\dhiebert\.m2\repository\com\zaxxer\HikariCP\5.1.0\HikariCP-5.1.0.jar;C:\Users\dhiebert\.m2\repository\org\slf4j\slf4j-api\1.7.36\slf4j-api-1.7.36.jar;C:\Users\dhiebert\.m2\repository\org\hibernate\orm\hibernate-core\6.5.0.Final\hibernate-core-6.5.0.Final.jar;C:\Users\dhiebert\.m2\repository\jakarta\persistence\jakarta.persistence-api\3.1.0\jakarta.persistence-api-3.1.0.jar;C:\Users\dhiebert\.m2\repository\jakarta\transaction\jakarta.transaction-api\2.0.1\jakarta.transaction-api-2.0.1.jar;C:\Users\dhiebert\.m2\repository\org\jboss\logging\jboss-logging\3.5.0.Final\jboss-logging-3.5.0.Final.jar;C:\Users\dhiebert\.m2\repository\org\hibernate\common\hibernate-commons-annotations\6.0.6.Final\hibernate-commons-annotations-6.0.6.Final.jar;C:\Users\dhiebert\.m2\repository\io\smallrye\jandex\3.1.2\jandex-3.1.2.jar;C:\Users\dhiebert\.m2\repository\com\fasterxml\classmate\1.5.1\classmate-1.5.1.jar;C:\Users\dhiebert\.m2\repository\net\bytebuddy\byte-buddy\1.14.12\byte-buddy-1.14.12.jar;C:\Users\dhiebert\.m2\repository\jakarta\xml\bind\jakarta.xml.bind-api\4.0.0\jakarta.xml.bind-api-4.0.0.jar;C:\Users\dhiebert\.m2\repository\jakarta\activation\jakarta.activation-api\2.1.0\jakarta.activation-api-2.1.0.jar;C:\Users\dhiebert\.m2\repository\org\glassfish\jaxb\jaxb-runtime\4.0.2\jaxb-runtime-4.0.2.jar;C:\Users\dhiebert\.m2\repository\org\glassfish\jaxb\jaxb-core\4.0.2\jaxb-core-4.0.2.jar;C:\Users\dhiebert\.m2\repository\org\eclipse\angus\angus-activation\2.0.0\angus-activation-2.0.0.jar;C:\Users\dhiebert\.m2\repository\org\glassfish\jaxb\txw2\4.0.2\txw2-4.0.2.jar;C:\Users\dhiebert\.m2\repository\com\sun\istack\istack-commons-runtime\4.1.1\istack-commons-runtime-4.1.1.jar;C:\Users\dhiebert\.m2\repository\jakarta\inject\jakarta.inject-api\2.0.1\jakarta.inject-api-2.0.1.jar;C:\Users\dhiebert\.m2\repository\org\antlr\antlr4-runtime\4.13.0\antlr4-runtime-4.13.0.jar;C:\Users\dhiebert\.m2\repository\org\hibernate\validator\hibernate-validator\8.0.1.Final\hibernate-validator-8.0.1.Final.jar;C:\Users\dhiebert\.m2\repository\jakarta\validation\jakarta.validation-api\3.0.2\jakarta.validation-api-3.0.2.jar;C:\Users\dhiebert\.m2\repository\org\junit\jupiter\junit-jupiter-api\5.10.2\junit-jupiter-api-5.10.2.jar;C:\Users\dhiebert\.m2\repository\org\opentest4j\opentest4j\1.3.0\opentest4j-1.3.0.jar;C:\Users\dhiebert\.m2\repository\org\junit\platform\junit-platform-commons\1.10.2\junit-platform-commons-1.10.2.jar;C:\Users\dhiebert\.m2\repository\org\apiguardian\apiguardian-api\1.1.2\apiguardian-api-1.1.2.jar;C:\Users\dhiebert\.m2\repository\org\junit\jupiter\junit-jupiter-engine\5.10.2\junit-jupiter-engine-5.10.2.jar;C:\Users\dhiebert\.m2\repository\org\junit\platform\junit-platform-engine\1.10.2\junit-platform-engine-1.10.2.jar;C:\Users\dhiebert\.m2\repository\org\mockito\mockito-junit-jupiter\5.10.0\mockito-junit-jupiter-5.10.0.jar;C:\Users\dhiebert\.m2\repository\org\mockito\mockito-core\5.10.0\mockito-core-5.10.0.jar;C:\Users\dhiebert\.m2\repository\net\bytebuddy\byte-buddy-agent\1.14.11\byte-buddy-agent-1.14.11.jar;C:\Users\dhiebert\.m2\repository\org\objenesis\objenesis\3.3\objenesis-3.3.jar;C:\Users\dhiebert\.m2\repository\org\hibernate\orm\hibernate-hikaricp\6.5.0.Final\hibernate-hikaricp-6.5.0.Final.jar;C:\Users\dhiebert\.m2\repository\ch\qos\logback\logback-classic\1.2.11\logback-classic-1.2.11.jar;C:\Users\dhiebert\.m2\repository\ch\qos\logback\logback-core\1.2.11\logback-core-1.2.11.jar;C:\Users\dhiebert\.m2\repository\org\testfx\testfx-core\4.0.18\testfx-core-4.0.18.jar;C:\Users\dhiebert\.m2\repository\org\hamcrest\hamcrest\2.1\hamcrest-2.1.jar;C:\Users\dhiebert\.m2\repository\org\assertj\assertj-core\3.13.2\assertj-core-3.13.2.jar;C:\Users\dhiebert\.m2\repository\org\osgi\org.osgi.core\6.0.0\org.osgi.core-6.0.0.jar;C:\Users\dhiebert\.m2\repository\org\testfx\testfx-junit5\4.0.18\testfx-junit5-4.0.18.jar;C:\Users\dhiebert\.m2\repository\org\openjfx\javafx-web\17.0.2\javafx-web-17.0.2.jar;C:\Users\dhiebert\.m2\repository\org\openjfx\javafx-web\17.0.2\javafx-web-17.0.2-win.jar;C:\Users\dhiebert\.m2\repository\org\openjfx\javafx-media\17.0.2\javafx-media-17.0.2.jar;C:\Users\dhiebert\.m2\repository\org\openjfx\javafx-media\17.0.2\javafx-media-17.0.2-win.jar;C:\Users\dhiebert\.m2\repository\org\apache\pdfbox\pdfbox\2.0.27\pdfbox-2.0.27.jar;C:\Users\dhiebert\.m2\repository\org\apache\pdfbox\fontbox\2.0.27\fontbox-2.0.27.jar;C:\Users\dhiebert\.m2\repository\commons-logging\commons-logging\1.2\commons-logging-1.2.jar;C:\Users\dhiebert\.m2\repository\com\fasterxml\jackson\core\jackson-databind\2.15.0\jackson-databind-2.15.0.jar;C:\Users\dhiebert\.m2\repository\com\fasterxml\jackson\core\jackson-annotations\2.15.0\jackson-annotations-2.15.0.jar;C:\Users\dhiebert\.m2\repository\com\fasterxml\jackson\core\jackson-core\2.15.0\jackson-core-2.15.0.jar;C:\Users\dhiebert\.m2\repository\org\apache\xmlgraphics\batik-all\1.16\batik-all-1.16.jar;C:\Users\dhiebert\.m2\repository\xml-apis\xml-apis\1.4.01\xml-apis-1.4.01.jar;C:\Users\dhiebert\.m2\repository\xml-apis\xml-apis-ext\1.3.04\xml-apis-ext-1.3.04.jar;C:\Users\dhiebert\.m2\repository\org\apache\xmlgraphics\xmlgraphics-commons\2.7\xmlgraphics-commons-2.7.jar;C:\Users\dhiebert\.m2\repository\commons-io\commons-io\1.3.1\commons-io-1.3.1.jar;C:\Users\dhiebert\.m2\repository\org\jgrapht\jgrapht-core\1.5.2\jgrapht-core-1.5.2.jar;C:\Users\dhiebert\.m2\repository\org\jheaps\jheaps\0.14\jheaps-0.14.jar;C:\Users\dhiebert\.m2\repository\org\apfloat\apfloat\1.10.1\apfloat-1.10.1.jar;"/>
    <property name="java.vm.vendor" value="Eclipse Adoptium"/>
    <property name="sun.arch.data.model" value="64"/>
    <property name="user.variant" value=""/>
    <property name="java.vendor.url" value="https://adoptium.net/"/>
    <property name="user.timezone" value="America/Chicago"/>
    <property name="os.name" value="Windows 11"/>
    <property name="java.vm.specification.version" value="21"/>
    <property name="sun.java.launcher" value="SUN_STANDARD"/>
    <property name="user.country" value="US"/>
    <property name="sun.boot.library.path" value="C:\Program Files\Eclipse Adoptium\jdk-21.0.6.7-hotspot\bin"/>
    <property name="sun.java.command" value="C:\Users\dhiebert\AppData\Local\Temp\surefire10019069690924606344\surefirebooter-20250411131008082_3.jar C:\Users\dhiebert\AppData\Local\Temp\surefire10019069690924606344 2025-04-11T13-10-07_936-jvmRun1 surefire-20250411131008082_1tmp surefire_0-20250411131008082_2tmp"/>
    <property name="jdk.debug" value="release"/>
    <property name="test" value="JpaRepositoryImplTest"/>
    <property name="surefire.test.class.path" value="C:\Users\dhiebert\Local Repositories\Project Management 2.0\target\test-classes;C:\Users\dhiebert\Local Repositories\Project Management 2.0\target\classes;C:\Users\dhiebert\.m2\repository\org\openjfx\javafx-controls\21.0.2\javafx-controls-21.0.2.jar;C:\Users\dhiebert\.m2\repository\org\openjfx\javafx-controls\21.0.2\javafx-controls-21.0.2-win.jar;C:\Users\dhiebert\.m2\repository\org\openjfx\javafx-fxml\21.0.2\javafx-fxml-21.0.2.jar;C:\Users\dhiebert\.m2\repository\org\openjfx\javafx-fxml\21.0.2\javafx-fxml-21.0.2-win.jar;C:\Users\dhiebert\.m2\repository\org\openjfx\javafx-graphics\21.0.2\javafx-graphics-21.0.2.jar;C:\Users\dhiebert\.m2\repository\org\openjfx\javafx-graphics\21.0.2\javafx-graphics-21.0.2-win.jar;C:\Users\dhiebert\.m2\repository\org\openjfx\javafx-base\21.0.2\javafx-base-21.0.2.jar;C:\Users\dhiebert\.m2\repository\org\openjfx\javafx-base\21.0.2\javafx-base-21.0.2-win.jar;C:\Users\dhiebert\.m2\repository\com\h2database\h2\2.2.224\h2-2.2.224.jar;C:\Users\dhiebert\.m2\repository\com\zaxxer\HikariCP\5.1.0\HikariCP-5.1.0.jar;C:\Users\dhiebert\.m2\repository\org\slf4j\slf4j-api\1.7.36\slf4j-api-1.7.36.jar;C:\Users\dhiebert\.m2\repository\org\hibernate\orm\hibernate-core\6.5.0.Final\hibernate-core-6.5.0.Final.jar;C:\Users\dhiebert\.m2\repository\jakarta\persistence\jakarta.persistence-api\3.1.0\jakarta.persistence-api-3.1.0.jar;C:\Users\dhiebert\.m2\repository\jakarta\transaction\jakarta.transaction-api\2.0.1\jakarta.transaction-api-2.0.1.jar;C:\Users\dhiebert\.m2\repository\org\jboss\logging\jboss-logging\3.5.0.Final\jboss-logging-3.5.0.Final.jar;C:\Users\dhiebert\.m2\repository\org\hibernate\common\hibernate-commons-annotations\6.0.6.Final\hibernate-commons-annotations-6.0.6.Final.jar;C:\Users\dhiebert\.m2\repository\io\smallrye\jandex\3.1.2\jandex-3.1.2.jar;C:\Users\dhiebert\.m2\repository\com\fasterxml\classmate\1.5.1\classmate-1.5.1.jar;C:\Users\dhiebert\.m2\repository\net\bytebuddy\byte-buddy\1.14.12\byte-buddy-1.14.12.jar;C:\Users\dhiebert\.m2\repository\jakarta\xml\bind\jakarta.xml.bind-api\4.0.0\jakarta.xml.bind-api-4.0.0.jar;C:\Users\dhiebert\.m2\repository\jakarta\activation\jakarta.activation-api\2.1.0\jakarta.activation-api-2.1.0.jar;C:\Users\dhiebert\.m2\repository\org\glassfish\jaxb\jaxb-runtime\4.0.2\jaxb-runtime-4.0.2.jar;C:\Users\dhiebert\.m2\repository\org\glassfish\jaxb\jaxb-core\4.0.2\jaxb-core-4.0.2.jar;C:\Users\dhiebert\.m2\repository\org\eclipse\angus\angus-activation\2.0.0\angus-activation-2.0.0.jar;C:\Users\dhiebert\.m2\repository\org\glassfish\jaxb\txw2\4.0.2\txw2-4.0.2.jar;C:\Users\dhiebert\.m2\repository\com\sun\istack\istack-commons-runtime\4.1.1\istack-commons-runtime-4.1.1.jar;C:\Users\dhiebert\.m2\repository\jakarta\inject\jakarta.inject-api\2.0.1\jakarta.inject-api-2.0.1.jar;C:\Users\dhiebert\.m2\repository\org\antlr\antlr4-runtime\4.13.0\antlr4-runtime-4.13.0.jar;C:\Users\dhiebert\.m2\repository\org\hibernate\validator\hibernate-validator\8.0.1.Final\hibernate-validator-8.0.1.Final.jar;C:\Users\dhiebert\.m2\repository\jakarta\validation\jakarta.validation-api\3.0.2\jakarta.validation-api-3.0.2.jar;C:\Users\dhiebert\.m2\repository\org\junit\jupiter\junit-jupiter-api\5.10.2\junit-jupiter-api-5.10.2.jar;C:\Users\dhiebert\.m2\repository\org\opentest4j\opentest4j\1.3.0\opentest4j-1.3.0.jar;C:\Users\dhiebert\.m2\repository\org\junit\platform\junit-platform-commons\1.10.2\junit-platform-commons-1.10.2.jar;C:\Users\dhiebert\.m2\repository\org\apiguardian\apiguardian-api\1.1.2\apiguardian-api-1.1.2.jar;C:\Users\dhiebert\.m2\repository\org\junit\jupiter\junit-jupiter-engine\5.10.2\junit-jupiter-engine-5.10.2.jar;C:\Users\dhiebert\.m2\repository\org\junit\platform\junit-platform-engine\1.10.2\junit-platform-engine-1.10.2.jar;C:\Users\dhiebert\.m2\repository\org\mockito\mockito-junit-jupiter\5.10.0\mockito-junit-jupiter-5.10.0.jar;C:\Users\dhiebert\.m2\repository\org\mockito\mockito-core\5.10.0\mockito-core-5.10.0.jar;C:\Users\dhiebert\.m2\repository\net\bytebuddy\byte-buddy-agent\1.14.11\byte-buddy-agent-1.14.11.jar;C:\Users\dhiebert\.m2\repository\org\objenesis\objenesis\3.3\objenesis-3.3.jar;C:\Users\dhiebert\.m2\repository\org\hibernate\orm\hibernate-hikaricp\6.5.0.Final\hibernate-hikaricp-6.5.0.Final.jar;C:\Users\dhiebert\.m2\repository\ch\qos\logback\logback-classic\1.2.11\logback-classic-1.2.11.jar;C:\Users\dhiebert\.m2\repository\ch\qos\logback\logback-core\1.2.11\logback-core-1.2.11.jar;C:\Users\dhiebert\.m2\repository\org\testfx\testfx-core\4.0.18\testfx-core-4.0.18.jar;C:\Users\dhiebert\.m2\repository\org\hamcrest\hamcrest\2.1\hamcrest-2.1.jar;C:\Users\dhiebert\.m2\repository\org\assertj\assertj-core\3.13.2\assertj-core-3.13.2.jar;C:\Users\dhiebert\.m2\repository\org\osgi\org.osgi.core\6.0.0\org.osgi.core-6.0.0.jar;C:\Users\dhiebert\.m2\repository\org\testfx\testfx-junit5\4.0.18\testfx-junit5-4.0.18.jar;C:\Users\dhiebert\.m2\repository\org\openjfx\javafx-web\17.0.2\javafx-web-17.0.2.jar;C:\Users\dhiebert\.m2\repository\org\openjfx\javafx-web\17.0.2\javafx-web-17.0.2-win.jar;C:\Users\dhiebert\.m2\repository\org\openjfx\javafx-media\17.0.2\javafx-media-17.0.2.jar;C:\Users\dhiebert\.m2\repository\org\openjfx\javafx-media\17.0.2\javafx-media-17.0.2-win.jar;C:\Users\dhiebert\.m2\repository\org\apache\pdfbox\pdfbox\2.0.27\pdfbox-2.0.27.jar;C:\Users\dhiebert\.m2\repository\org\apache\pdfbox\fontbox\2.0.27\fontbox-2.0.27.jar;C:\Users\dhiebert\.m2\repository\commons-logging\commons-logging\1.2\commons-logging-1.2.jar;C:\Users\dhiebert\.m2\repository\com\fasterxml\jackson\core\jackson-databind\2.15.0\jackson-databind-2.15.0.jar;C:\Users\dhiebert\.m2\repository\com\fasterxml\jackson\core\jackson-annotations\2.15.0\jackson-annotations-2.15.0.jar;C:\Users\dhiebert\.m2\repository\com\fasterxml\jackson\core\jackson-core\2.15.0\jackson-core-2.15.0.jar;C:\Users\dhiebert\.m2\repository\org\apache\xmlgraphics\batik-all\1.16\batik-all-1.16.jar;C:\Users\dhiebert\.m2\repository\xml-apis\xml-apis\1.4.01\xml-apis-1.4.01.jar;C:\Users\dhiebert\.m2\repository\xml-apis\xml-apis-ext\1.3.04\xml-apis-ext-1.3.04.jar;C:\Users\dhiebert\.m2\repository\org\apache\xmlgraphics\xmlgraphics-commons\2.7\xmlgraphics-commons-2.7.jar;C:\Users\dhiebert\.m2\repository\commons-io\commons-io\1.3.1\commons-io-1.3.1.jar;C:\Users\dhiebert\.m2\repository\org\jgrapht\jgrapht-core\1.5.2\jgrapht-core-1.5.2.jar;C:\Users\dhiebert\.m2\repository\org\jheaps\jheaps\0.14\jheaps-0.14.jar;C:\Users\dhiebert\.m2\repository\org\apfloat\apfloat\1.10.1\apfloat-1.10.1.jar;"/>
    <property name="sun.cpu.endian" value="little"/>
    <property name="user.home" value="C:\Users\dhiebert"/>
    <property name="user.language" value="en"/>
    <property name="java.specification.vendor" value="Oracle Corporation"/>
    <property name="java.version.date" value="2025-01-21"/>
    <property name="java.home" value="C:\Program Files\Eclipse Adoptium\jdk-21.0.6.7-hotspot"/>
    <property name="file.separator" value="\"/>
    <property name="basedir" value="C:\Users\dhiebert\Local Repositories\Project Management 2.0"/>
    <property name="java.vm.compressedOopsMode" value="Zero based"/>
    <property name="line.separator" value="&#10;"/>
    <property name="java.vm.specification.vendor" value="Oracle Corporation"/>
    <property name="java.specification.name" value="Java Platform API Specification"/>
    <property name="surefire.real.class.path" value="C:\Users\dhiebert\AppData\Local\Temp\surefire10019069690924606344\surefirebooter-20250411131008082_3.jar"/>
    <property name="user.script" value=""/>
    <property name="sun.management.compiler" value="HotSpot 64-Bit Tiered Compilers"/>
    <property name="java.runtime.version" value="21.0.6+7-LTS"/>
    <property name="user.name" value="dhiebert"/>
    <property name="stdout.encoding" value="Cp1252"/>
    <property name="path.separator" value=";"/>
    <property name="os.version" value="10.0"/>
    <property name="java.runtime.name" value="OpenJDK Runtime Environment"/>
    <property name="file.encoding" value="UTF-8"/>
    <property name="java.vm.name" value="OpenJDK 64-Bit Server VM"/>
    <property name="java.vendor.version" value="Temurin-21.0.6+7"/>
    <property name="localRepository" value="C:\Users\dhiebert\.m2\repository"/>
    <property name="java.vendor.url.bug" value="https://github.com/adoptium/adoptium-support/issues"/>
    <property name="java.io.tmpdir" value="C:\Users\dhiebert\AppData\Local\Temp\"/>
    <property name="java.version" value="21.0.6"/>
    <property name="user.dir" value="C:\Users\dhiebert\Local Repositories\Project Management 2.0"/>
    <property name="os.arch" value="amd64"/>
    <property name="java.vm.specification.name" value="Java Virtual Machine Specification"/>
    <property name="sun.os.patch.level" value=""/>
    <property name="native.encoding" value="Cp1252"/>
    <property name="java.library.path" value="C:\Program Files\Eclipse Adoptium\jdk-21.0.6.7-hotspot\bin;C:\WINDOWS\Sun\Java\bin;C:\WINDOWS\system32;C:\WINDOWS;C:\Program Files\apache-maven-3.9.9\bin;C:\Program Files\apache-maven-3.9.9\bin;C:\Program Files\Eclipse Adoptium\jdk-21.0.6.7-hotspot\bin;C:\Program Files\National Instruments\Shared\OpenVINO\;C:\Program Files\Common Files\Oracle\Java\javapath;C:\WINDOWS\system32;C:\WINDOWS;C:\WINDOWS\System32\Wbem;C:\WINDOWS\System32\WindowsPowerShell\v1.0\;C:\WINDOWS\System32\OpenSSH\;C:\Program Files\dotnet\;C:\Program Files (x86)\Windows Live\Shared;C:\Program Files\Git\cmd;C:\Program Files\Common Files\Autodesk Shared\;C:\Program Files\Microsoft SQL Server\150\Tools\Binn\;C:\Program Files\nodejs\;C:\Program Files\Eclipse Adoptium\jdk-21.0.6.7-hotspot\bin;C:\Program Files\apache-maven-3.9.9\bin;%MAVEN_HOME%\bin;C:\Users\dhiebert\AppData\Local\Microsoft\WindowsApps;C:\Users\dhiebert\AppData\Local\GitHubDesktop\bin;C:\Users\dhiebert\AppData\Roaming\npm;C:\Users\dhiebert\AppData\Local\Packages\PythonSoftwareFoundation.Python.3.11_qbz5n2kfra8p0\LocalCache\local-packages\Python311\Scripts;C:\Users\dhiebert\AppData\Local\Packages\PythonSoftwareFoundation.Python.3.11_qbz5n2kfra8p0\LocalCache\local-packages\Python311\site-packages\maven;;c:\Users\Public\wpilib\2025\vscode\data\user-data\User\globalStorage\github.copilot-chat\debugCommand;c:\Users\Public\wpilib\2025\vscode\data\extensions\ms-python.debugpy-2025.4.1-win32-x64\bundled\scripts\noConfigScripts;."/>
    <property name="java.vm.info" value="mixed mode, sharing"/>
    <property name="stderr.encoding" value="Cp1252"/>
    <property name="java.vendor" value="Eclipse Adoptium"/>
    <property name="java.vm.version" value="21.0.6+7-LTS"/>
    <property name="sun.io.unicode.encoding" value="UnicodeLittle"/>
    <property name="java.class.version" value="65.0"/>
  </properties>
  <testcase name="testFindAll" classname="org.frcpm.repositories.impl.JpaRepositoryImplTest" time="3.884">
    <system-out><![CDATA[13:10:10.080 [main] DEBUG com.zaxxer.hikari.HikariConfig - Driver class org.h2.Driver found in Thread context class loader jdk.internal.loader.ClassLoaders$AppClassLoader@70dea4e
13:10:10.092 [main] DEBUG com.zaxxer.hikari.HikariConfig - frcpm-hikari-pool - configuration:
13:10:10.098 [main] DEBUG com.zaxxer.hikari.HikariConfig - allowPoolSuspension.............false
13:10:10.098 [main] DEBUG com.zaxxer.hikari.HikariConfig - autoCommit......................true
13:10:10.098 [main] DEBUG com.zaxxer.hikari.HikariConfig - catalog.........................none
13:10:10.098 [main] DEBUG com.zaxxer.hikari.HikariConfig - connectionInitSql...............none
13:10:10.099 [main] DEBUG com.zaxxer.hikari.HikariConfig - connectionTestQuery.............none
13:10:10.099 [main] DEBUG com.zaxxer.hikari.HikariConfig - connectionTimeout...............30000
13:10:10.100 [main] DEBUG com.zaxxer.hikari.HikariConfig - dataSource......................none
13:10:10.100 [main] DEBUG com.zaxxer.hikari.HikariConfig - dataSourceClassName.............none
13:10:10.100 [main] DEBUG com.zaxxer.hikari.HikariConfig - dataSourceJNDI..................none
13:10:10.101 [main] DEBUG com.zaxxer.hikari.HikariConfig - dataSourceProperties............{password=<masked>}
13:10:10.106 [main] DEBUG com.zaxxer.hikari.HikariConfig - driverClassName................."org.h2.Driver"
13:10:10.107 [main] DEBUG com.zaxxer.hikari.HikariConfig - exceptionOverrideClassName......none
13:10:10.107 [main] DEBUG com.zaxxer.hikari.HikariConfig - healthCheckProperties...........{}
13:10:10.107 [main] DEBUG com.zaxxer.hikari.HikariConfig - healthCheckRegistry.............none
13:10:10.107 [main] DEBUG com.zaxxer.hikari.HikariConfig - idleTimeout.....................30000
13:10:10.107 [main] DEBUG com.zaxxer.hikari.HikariConfig - initializationFailTimeout.......1
13:10:10.108 [main] DEBUG com.zaxxer.hikari.HikariConfig - isolateInternalQueries..........false
13:10:10.108 [main] DEBUG com.zaxxer.hikari.HikariConfig - jdbcUrl.........................jdbc:h2:mem:testdb;DB_CLOSE_DELAY=-1
13:10:10.108 [main] DEBUG com.zaxxer.hikari.HikariConfig - keepaliveTime...................0
13:10:10.108 [main] DEBUG com.zaxxer.hikari.HikariConfig - leakDetectionThreshold..........0
13:10:10.108 [main] DEBUG com.zaxxer.hikari.HikariConfig - maxLifetime.....................1800000
13:10:10.109 [main] DEBUG com.zaxxer.hikari.HikariConfig - maximumPoolSize.................10
13:10:10.109 [main] DEBUG com.zaxxer.hikari.HikariConfig - metricRegistry..................none
13:10:10.109 [main] DEBUG com.zaxxer.hikari.HikariConfig - metricsTrackerFactory...........none
13:10:10.109 [main] DEBUG com.zaxxer.hikari.HikariConfig - minimumIdle.....................5
13:10:10.109 [main] DEBUG com.zaxxer.hikari.HikariConfig - password........................<masked>
13:10:10.109 [main] DEBUG com.zaxxer.hikari.HikariConfig - poolName........................"frcpm-hikari-pool"
13:10:10.110 [main] DEBUG com.zaxxer.hikari.HikariConfig - readOnly........................false
13:10:10.110 [main] DEBUG com.zaxxer.hikari.HikariConfig - registerMbeans..................false
13:10:10.110 [main] DEBUG com.zaxxer.hikari.HikariConfig - scheduledExecutor...............none
13:10:10.110 [main] DEBUG com.zaxxer.hikari.HikariConfig - schema..........................none
13:10:10.110 [main] DEBUG com.zaxxer.hikari.HikariConfig - threadFactory...................internal
13:10:10.110 [main] DEBUG com.zaxxer.hikari.HikariConfig - transactionIsolation............default
13:10:10.110 [main] DEBUG com.zaxxer.hikari.HikariConfig - username........................"sa"
13:10:10.111 [main] DEBUG com.zaxxer.hikari.HikariConfig - validationTimeout...............5000
13:10:10.124 [main] INFO com.zaxxer.hikari.HikariDataSource - frcpm-hikari-pool - Starting...
13:10:10.309 [main] INFO com.zaxxer.hikari.pool.HikariPool - frcpm-hikari-pool - Added connection conn0: url=jdbc:h2:mem:testdb user=SA
13:10:10.310 [main] INFO com.zaxxer.hikari.HikariDataSource - frcpm-hikari-pool - Start completed.
13:10:10.324 [main] DEBUG org.jboss.logging - Logging Provider: org.jboss.logging.Slf4jLoggerProvider
13:10:10.424 [frcpm-hikari-pool housekeeper] DEBUG com.zaxxer.hikari.pool.HikariPool - frcpm-hikari-pool - Before cleanup stats (total=1, active=0, idle=1, waiting=0)
13:10:10.424 [frcpm-hikari-pool housekeeper] DEBUG com.zaxxer.hikari.pool.HikariPool - frcpm-hikari-pool - After cleanup  stats (total=1, active=0, idle=1, waiting=0)
13:10:10.426 [frcpm-hikari-pool connection adder] DEBUG com.zaxxer.hikari.pool.HikariPool - frcpm-hikari-pool - Added connection conn1: url=jdbc:h2:mem:testdb user=SA
13:10:10.427 [main] DEBUG org.hibernate.jpa.HibernatePersistenceProvider - Located and parsed 1 persistence units; checking each
13:10:10.427 [main] DEBUG org.hibernate.jpa.HibernatePersistenceProvider - Checking persistence-unit [name=frcpm, explicit-provider=org.hibernate.jpa.HibernatePersistenceProvider] against incoming persistence unit name [frcpm]
13:10:10.428 [main] DEBUG org.hibernate.jpa.boot.spi.ProviderChecker - Persistence-unit [frcpm] requested PersistenceProvider [org.hibernate.jpa.HibernatePersistenceProvider]
13:10:10.432 [main] DEBUG org.hibernate.jpa.internal.util.LogHelper - PersistenceUnitInfo [
	name: frcpm
	persistence provider classname: org.hibernate.jpa.HibernatePersistenceProvider
	classloader: null
	excludeUnlistedClasses: false
	JTA datasource: null
	Non JTA datasource: null
	Transaction type: RESOURCE_LOCAL
	PU root URL: file:/C:/Users/dhiebert/Local%20Repositories/Project%20Management%202.0/target/classes
	Shared Cache Mode: null
	Validation Mode: null
	Jar files URLs []
	Managed classes names [
		org.frcpm.models.Project
		org.frcpm.models.Subteam
		org.frcpm.models.TeamMember
		org.frcpm.models.Subsystem
		org.frcpm.models.Task
		org.frcpm.models.Component
		org.frcpm.models.Meeting
		org.frcpm.models.Attendance
		org.frcpm.models.Milestone]
	Mapping files names []
	Properties [
		hibernate.connection.handling_mode: DELAYED_ACQUISITION_AND_RELEASE_AFTER_STATEMENT
		jakarta.persistence.jdbc.url: jdbc:h2:mem:testdb;DB_CLOSE_DELAY=-1
		hibernate.jdbc.batch_versioned_data: true
		hibernate.cache.use_second_level_cache: false
		hibernate.show_sql: true
		jakarta.persistence.jdbc.driver: org.h2.Driver
		hibernate.jdbc.batch_size: 30
		jakarta.persistence.jdbc.user: sa
		hibernate.generate_statistics: false
		hibernate.hbm2ddl.auto: create-drop
		hibernate.cache.use_query_cache: false
		hibernate.hikari.maximumPoolSize: 10
		hibernate.hikari.idleTimeout: 30000
		hibernate.format_sql: true
		hibernate.hikari.minimumIdle: 2
		hibernate.use_sql_comments: true
		hibernate.order_inserts: true
		hibernate.current_session_context_class: thread
		hibernate.connection.provider_class: org.hibernate.hikaricp.internal.HikariCPConnectionProvider
		hibernate.hikari.connectionTimeout: 10000
		hibernate.hikari.poolName: FRC-PM-HikariCP
		hibernate.order_updates: true
		hibernate.dialect: org.hibernate.dialect.H2Dialect
		jakarta.persistence.jdbc.password: ]
13:10:10.435 [main] DEBUG org.hibernate.integrator.internal.IntegratorServiceImpl - Adding Integrator [org.hibernate.boot.beanvalidation.BeanValidationIntegrator].
13:10:10.438 [main] DEBUG org.hibernate.integrator.internal.IntegratorServiceImpl - Adding Integrator [org.hibernate.cache.internal.CollectionCacheInvalidator].
13:10:10.472 [frcpm-hikari-pool connection adder] DEBUG com.zaxxer.hikari.pool.HikariPool - frcpm-hikari-pool - After adding stats (total=2, active=0, idle=2, waiting=0)
13:10:10.474 [frcpm-hikari-pool connection adder] DEBUG com.zaxxer.hikari.pool.HikariPool - frcpm-hikari-pool - Added connection conn2: url=jdbc:h2:mem:testdb user=SA
13:10:10.485 [main] INFO org.hibernate.Version - HHH000412: Hibernate ORM core version 6.5.0.Final
13:10:10.487 [main] DEBUG org.hibernate.cfg.Environment - HHH000206: 'hibernate.properties' not found
13:10:10.504 [main] DEBUG org.hibernate.orm.idgen.factory - Ignoring CDI for resolving IdentifierGenerator instances as extended or delayed CDI support was enabled
13:10:10.512 [main] DEBUG org.hibernate.orm.idgen.factory - Registering IdentifierGenerator strategy [uuid2] -> [org.hibernate.id.UUIDGenerator]
13:10:10.512 [main] DEBUG org.hibernate.orm.idgen.factory - Registering IdentifierGenerator strategy [guid] -> [org.hibernate.id.GUIDGenerator]
13:10:10.513 [main] DEBUG org.hibernate.orm.idgen.factory - Registering IdentifierGenerator strategy [uuid] -> [org.hibernate.id.UUIDHexGenerator]
13:10:10.513 [main] DEBUG org.hibernate.orm.idgen.factory - Registering IdentifierGenerator strategy [uuid.hex] -> [org.hibernate.id.UUIDHexGenerator]
13:10:10.513 [main] DEBUG org.hibernate.orm.idgen.factory - Registering IdentifierGenerator strategy [assigned] -> [org.hibernate.id.Assigned]
13:10:10.515 [main] DEBUG org.hibernate.orm.idgen.factory - Registering IdentifierGenerator strategy [identity] -> [org.hibernate.id.IdentityGenerator]
13:10:10.516 [main] DEBUG org.hibernate.orm.idgen.factory - Registering IdentifierGenerator strategy [select] -> [org.hibernate.id.SelectGenerator]
13:10:10.518 [frcpm-hikari-pool connection adder] DEBUG com.zaxxer.hikari.pool.HikariPool - frcpm-hikari-pool - After adding stats (total=3, active=0, idle=3, waiting=0)
13:10:10.519 [frcpm-hikari-pool connection adder] DEBUG com.zaxxer.hikari.pool.HikariPool - frcpm-hikari-pool - Added connection conn3: url=jdbc:h2:mem:testdb user=SA
13:10:10.520 [main] DEBUG org.hibernate.orm.idgen.factory - Registering IdentifierGenerator strategy [sequence] -> [org.hibernate.id.enhanced.SequenceStyleGenerator]
13:10:10.521 [main] DEBUG org.hibernate.orm.idgen.factory - Registering IdentifierGenerator strategy [increment] -> [org.hibernate.id.IncrementGenerator]
13:10:10.522 [main] DEBUG org.hibernate.orm.idgen.factory - Registering IdentifierGenerator strategy [foreign] -> [org.hibernate.id.ForeignGenerator]
13:10:10.522 [main] DEBUG org.hibernate.orm.idgen.factory - Registering IdentifierGenerator strategy [enhanced-sequence] -> [org.hibernate.id.enhanced.SequenceStyleGenerator]
13:10:10.525 [main] DEBUG org.hibernate.orm.idgen.factory - Registering IdentifierGenerator strategy [enhanced-table] -> [org.hibernate.id.enhanced.TableGenerator]
13:10:10.538 [main] INFO org.hibernate.cache.internal.RegionFactoryInitiator - HHH000026: Second-level cache disabled
13:10:10.550 [frcpm-hikari-pool connection adder] DEBUG com.zaxxer.hikari.pool.HikariPool - frcpm-hikari-pool - After adding stats (total=4, active=0, idle=4, waiting=0)
13:10:10.551 [frcpm-hikari-pool connection adder] DEBUG com.zaxxer.hikari.pool.HikariPool - frcpm-hikari-pool - Added connection conn4: url=jdbc:h2:mem:testdb user=SA
13:10:10.597 [frcpm-hikari-pool connection adder] DEBUG com.zaxxer.hikari.pool.HikariPool - frcpm-hikari-pool - After adding stats (total=5, active=0, idle=5, waiting=0)
13:10:10.651 [main] DEBUG org.hibernate.type.BasicTypeRegistry - Adding type registration boolean -> org.hibernate.type.BasicTypeReference@26f46fa6
13:10:10.651 [main] DEBUG org.hibernate.type.BasicTypeRegistry - Adding type registration boolean -> org.hibernate.type.BasicTypeReference@26f46fa6
13:10:10.651 [main] DEBUG org.hibernate.type.BasicTypeRegistry - Adding type registration java.lang.Boolean -> org.hibernate.type.BasicTypeReference@26f46fa6
13:10:10.651 [main] DEBUG org.hibernate.type.BasicTypeRegistry - Adding type registration numeric_boolean -> org.hibernate.type.BasicTypeReference@227a47
13:10:10.651 [main] DEBUG org.hibernate.type.BasicTypeRegistry - Adding type registration org.hibernate.type.NumericBooleanConverter -> org.hibernate.type.BasicTypeReference@227a47
13:10:10.652 [main] DEBUG org.hibernate.type.BasicTypeRegistry - Adding type registration true_false -> org.hibernate.type.BasicTypeReference@9596ce8
13:10:10.652 [main] DEBUG org.hibernate.type.BasicTypeRegistry - Adding type registration org.hibernate.type.TrueFalseConverter -> org.hibernate.type.BasicTypeReference@9596ce8
13:10:10.652 [main] DEBUG org.hibernate.type.BasicTypeRegistry - Adding type registration yes_no -> org.hibernate.type.BasicTypeReference@75ae4a1f
13:10:10.652 [main] DEBUG org.hibernate.type.BasicTypeRegistry - Adding type registration org.hibernate.type.YesNoConverter -> org.hibernate.type.BasicTypeReference@75ae4a1f
13:10:10.653 [main] DEBUG org.hibernate.type.BasicTypeRegistry - Adding type registration byte -> org.hibernate.type.BasicTypeReference@70228253
13:10:10.653 [main] DEBUG org.hibernate.type.BasicTypeRegistry - Adding type registration byte -> org.hibernate.type.BasicTypeReference@70228253
13:10:10.653 [main] DEBUG org.hibernate.type.BasicTypeRegistry - Adding type registration java.lang.Byte -> org.hibernate.type.BasicTypeReference@70228253
13:10:10.653 [main] DEBUG org.hibernate.type.BasicTypeRegistry - Adding type registration binary -> org.hibernate.type.BasicTypeReference@63c12e52
13:10:10.653 [main] DEBUG org.hibernate.type.BasicTypeRegistry - Adding type registration byte[] -> org.hibernate.type.BasicTypeReference@63c12e52
13:10:10.653 [main] DEBUG org.hibernate.type.BasicTypeRegistry - Adding type registration [B -> org.hibernate.type.BasicTypeReference@63c12e52
13:10:10.653 [main] DEBUG org.hibernate.type.BasicTypeRegistry - Adding type registration binary_wrapper -> org.hibernate.type.BasicTypeReference@21bd20ee
13:10:10.653 [main] DEBUG org.hibernate.type.BasicTypeRegistry - Adding type registration wrapper-binary -> org.hibernate.type.BasicTypeReference@21bd20ee
13:10:10.653 [main] DEBUG org.hibernate.type.BasicTypeRegistry - Adding type registration image -> org.hibernate.type.BasicTypeReference@26c47874
13:10:10.653 [main] DEBUG org.hibernate.type.BasicTypeRegistry - Adding type registration blob -> org.hibernate.type.BasicTypeReference@421056e5
13:10:10.653 [main] DEBUG org.hibernate.type.BasicTypeRegistry - Adding type registration java.sql.Blob -> org.hibernate.type.BasicTypeReference@421056e5
13:10:10.653 [main] DEBUG org.hibernate.type.BasicTypeRegistry - Adding type registration materialized_blob -> org.hibernate.type.BasicTypeReference@2849434b
13:10:10.653 [main] DEBUG org.hibernate.type.BasicTypeRegistry - Adding type registration materialized_blob_wrapper -> org.hibernate.type.BasicTypeReference@60bbacfc
13:10:10.653 [main] DEBUG org.hibernate.type.BasicTypeRegistry - Adding type registration short -> org.hibernate.type.BasicTypeReference@65b97f47
13:10:10.653 [main] DEBUG org.hibernate.type.BasicTypeRegistry - Adding type registration short -> org.hibernate.type.BasicTypeReference@65b97f47
13:10:10.653 [main] DEBUG org.hibernate.type.BasicTypeRegistry - Adding type registration java.lang.Short -> org.hibernate.type.BasicTypeReference@65b97f47
13:10:10.653 [main] DEBUG org.hibernate.type.BasicTypeRegistry - Adding type registration integer -> org.hibernate.type.BasicTypeReference@255eaa6b
13:10:10.654 [main] DEBUG org.hibernate.type.BasicTypeRegistry - Adding type registration int -> org.hibernate.type.BasicTypeReference@255eaa6b
13:10:10.654 [main] DEBUG org.hibernate.type.BasicTypeRegistry - Adding type registration java.lang.Integer -> org.hibernate.type.BasicTypeReference@255eaa6b
13:10:10.654 [main] DEBUG org.hibernate.type.BasicTypeRegistry - Adding type registration long -> org.hibernate.type.BasicTypeReference@476fe690
13:10:10.654 [main] DEBUG org.hibernate.type.BasicTypeRegistry - Adding type registration long -> org.hibernate.type.BasicTypeReference@476fe690
13:10:10.654 [main] DEBUG org.hibernate.type.BasicTypeRegistry - Adding type registration java.lang.Long -> org.hibernate.type.BasicTypeReference@476fe690
13:10:10.654 [main] DEBUG org.hibernate.type.BasicTypeRegistry - Adding type registration float -> org.hibernate.type.BasicTypeReference@7a0e7ecd
13:10:10.654 [main] DEBUG org.hibernate.type.BasicTypeRegistry - Adding type registration float -> org.hibernate.type.BasicTypeReference@7a0e7ecd
13:10:10.654 [main] DEBUG org.hibernate.type.BasicTypeRegistry - Adding type registration java.lang.Float -> org.hibernate.type.BasicTypeReference@7a0e7ecd
13:10:10.654 [main] DEBUG org.hibernate.type.BasicTypeRegistry - Adding type registration double -> org.hibernate.type.BasicTypeReference@54e3658c
13:10:10.654 [main] DEBUG org.hibernate.type.BasicTypeRegistry - Adding type registration double -> org.hibernate.type.BasicTypeReference@54e3658c
13:10:10.654 [main] DEBUG org.hibernate.type.BasicTypeRegistry - Adding type registration java.lang.Double -> org.hibernate.type.BasicTypeReference@54e3658c
13:10:10.654 [main] DEBUG org.hibernate.type.BasicTypeRegistry - Adding type registration big_integer -> org.hibernate.type.BasicTypeReference@43e9089
13:10:10.654 [main] DEBUG org.hibernate.type.BasicTypeRegistry - Adding type registration java.math.BigInteger -> org.hibernate.type.BasicTypeReference@43e9089
13:10:10.654 [main] DEBUG org.hibernate.type.BasicTypeRegistry - Adding type registration big_decimal -> org.hibernate.type.BasicTypeReference@3c5dbdf8
13:10:10.654 [main] DEBUG org.hibernate.type.BasicTypeRegistry - Adding type registration java.math.BigDecimal -> org.hibernate.type.BasicTypeReference@3c5dbdf8
13:10:10.654 [main] DEBUG org.hibernate.type.BasicTypeRegistry - Adding type registration character -> org.hibernate.type.BasicTypeReference@352c44a8
13:10:10.654 [main] DEBUG org.hibernate.type.BasicTypeRegistry - Adding type registration char -> org.hibernate.type.BasicTypeReference@352c44a8
13:10:10.654 [main] DEBUG org.hibernate.type.BasicTypeRegistry - Adding type registration java.lang.Character -> org.hibernate.type.BasicTypeReference@352c44a8
13:10:10.654 [main] DEBUG org.hibernate.type.BasicTypeRegistry - Adding type registration character_nchar -> org.hibernate.type.BasicTypeReference@7aac8884
13:10:10.654 [main] DEBUG org.hibernate.type.BasicTypeRegistry - Adding type registration string -> org.hibernate.type.BasicTypeReference@a66e580
13:10:10.654 [main] DEBUG org.hibernate.type.BasicTypeRegistry - Adding type registration java.lang.String -> org.hibernate.type.BasicTypeReference@a66e580
13:10:10.654 [main] DEBUG org.hibernate.type.BasicTypeRegistry - Adding type registration nstring -> org.hibernate.type.BasicTypeReference@5b852b49
13:10:10.654 [main] DEBUG org.hibernate.type.BasicTypeRegistry - Adding type registration characters -> org.hibernate.type.BasicTypeReference@cdb2d95
13:10:10.654 [main] DEBUG org.hibernate.type.BasicTypeRegistry - Adding type registration char[] -> org.hibernate.type.BasicTypeReference@cdb2d95
13:10:10.655 [main] DEBUG org.hibernate.type.BasicTypeRegistry - Adding type registration [C -> org.hibernate.type.BasicTypeReference@cdb2d95
13:10:10.655 [main] DEBUG org.hibernate.type.BasicTypeRegistry - Adding type registration wrapper-characters -> org.hibernate.type.BasicTypeReference@122d6c22
13:10:10.655 [main] DEBUG org.hibernate.type.BasicTypeRegistry - Adding type registration text -> org.hibernate.type.BasicTypeReference@2f5ac102
13:10:10.655 [main] DEBUG org.hibernate.type.BasicTypeRegistry - Adding type registration ntext -> org.hibernate.type.BasicTypeReference@5df778c3
13:10:10.655 [main] DEBUG org.hibernate.type.BasicTypeRegistry - Adding type registration clob -> org.hibernate.type.BasicTypeReference@895416d
13:10:10.655 [main] DEBUG org.hibernate.type.BasicTypeRegistry - Adding type registration java.sql.Clob -> org.hibernate.type.BasicTypeReference@895416d
13:10:10.655 [main] DEBUG org.hibernate.type.BasicTypeRegistry - Adding type registration nclob -> org.hibernate.type.BasicTypeReference@71a06021
13:10:10.655 [main] DEBUG org.hibernate.type.BasicTypeRegistry - Adding type registration java.sql.NClob -> org.hibernate.type.BasicTypeReference@71a06021
13:10:10.655 [main] DEBUG org.hibernate.type.BasicTypeRegistry - Adding type registration materialized_clob -> org.hibernate.type.BasicTypeReference@80bfdc6
13:10:10.655 [main] DEBUG org.hibernate.type.BasicTypeRegistry - Adding type registration materialized_clob_char_array -> org.hibernate.type.BasicTypeReference@6edcad64
13:10:10.655 [main] DEBUG org.hibernate.type.BasicTypeRegistry - Adding type registration materialized_clob_character_array -> org.hibernate.type.BasicTypeReference@4c6007fb
13:10:10.655 [main] DEBUG org.hibernate.type.BasicTypeRegistry - Adding type registration materialized_nclob -> org.hibernate.type.BasicTypeReference@3e33d73e
13:10:10.655 [main] DEBUG org.hibernate.type.BasicTypeRegistry - Adding type registration materialized_nclob_character_array -> org.hibernate.type.BasicTypeReference@6981f8f3
13:10:10.655 [main] DEBUG org.hibernate.type.BasicTypeRegistry - Adding type registration materialized_nclob_char_array -> org.hibernate.type.BasicTypeReference@623dcf2a
13:10:10.655 [main] DEBUG org.hibernate.type.BasicTypeRegistry - Adding type registration Duration -> org.hibernate.type.BasicTypeReference@2eae4349
13:10:10.655 [main] DEBUG org.hibernate.type.BasicTypeRegistry - Adding type registration java.time.Duration -> org.hibernate.type.BasicTypeReference@2eae4349
13:10:10.655 [main] DEBUG org.hibernate.type.BasicTypeRegistry - Adding type registration LocalDateTime -> org.hibernate.type.BasicTypeReference@e84fb85
13:10:10.655 [main] DEBUG org.hibernate.type.BasicTypeRegistry - Adding type registration java.time.LocalDateTime -> org.hibernate.type.BasicTypeReference@e84fb85
13:10:10.655 [main] DEBUG org.hibernate.type.BasicTypeRegistry - Adding type registration LocalDate -> org.hibernate.type.BasicTypeReference@68a4dcc6
13:10:10.655 [main] DEBUG org.hibernate.type.BasicTypeRegistry - Adding type registration java.time.LocalDate -> org.hibernate.type.BasicTypeReference@68a4dcc6
13:10:10.655 [main] DEBUG org.hibernate.type.BasicTypeRegistry - Adding type registration LocalTime -> org.hibernate.type.BasicTypeReference@646c0a67
13:10:10.655 [main] DEBUG org.hibernate.type.BasicTypeRegistry - Adding type registration java.time.LocalTime -> org.hibernate.type.BasicTypeReference@646c0a67
13:10:10.655 [main] DEBUG org.hibernate.type.BasicTypeRegistry - Adding type registration OffsetDateTime -> org.hibernate.type.BasicTypeReference@3804a9a8
13:10:10.655 [main] DEBUG org.hibernate.type.BasicTypeRegistry - Adding type registration java.time.OffsetDateTime -> org.hibernate.type.BasicTypeReference@3804a9a8
13:10:10.655 [main] DEBUG org.hibernate.type.BasicTypeRegistry - Adding type registration OffsetDateTimeWithTimezone -> org.hibernate.type.BasicTypeReference@117525fe
13:10:10.655 [main] DEBUG org.hibernate.type.BasicTypeRegistry - Adding type registration OffsetDateTimeWithoutTimezone -> org.hibernate.type.BasicTypeReference@5f7989fa
13:10:10.655 [main] DEBUG org.hibernate.type.BasicTypeRegistry - Adding type registration OffsetTime -> org.hibernate.type.BasicTypeReference@5bc28f40
13:10:10.655 [main] DEBUG org.hibernate.type.BasicTypeRegistry - Adding type registration java.time.OffsetTime -> org.hibernate.type.BasicTypeReference@5bc28f40
13:10:10.656 [main] DEBUG org.hibernate.type.BasicTypeRegistry - Adding type registration OffsetTimeUtc -> org.hibernate.type.BasicTypeReference@46963479
13:10:10.656 [main] DEBUG org.hibernate.type.BasicTypeRegistry - Adding type registration OffsetTimeWithTimezone -> org.hibernate.type.BasicTypeReference@7e74a380
13:10:10.656 [main] DEBUG org.hibernate.type.BasicTypeRegistry - Adding type registration OffsetTimeWithoutTimezone -> org.hibernate.type.BasicTypeReference@6dd1c3ed
13:10:10.656 [main] DEBUG org.hibernate.type.BasicTypeRegistry - Adding type registration ZonedDateTime -> org.hibernate.type.BasicTypeReference@22a6e998
13:10:10.656 [main] DEBUG org.hibernate.type.BasicTypeRegistry - Adding type registration java.time.ZonedDateTime -> org.hibernate.type.BasicTypeReference@22a6e998
13:10:10.656 [main] DEBUG org.hibernate.type.BasicTypeRegistry - Adding type registration ZonedDateTimeWithTimezone -> org.hibernate.type.BasicTypeReference@55e42449
13:10:10.656 [main] DEBUG org.hibernate.type.BasicTypeRegistry - Adding type registration ZonedDateTimeWithoutTimezone -> org.hibernate.type.BasicTypeReference@e57e5d6
13:10:10.656 [main] DEBUG org.hibernate.type.BasicTypeRegistry - Adding type registration date -> org.hibernate.type.BasicTypeReference@6dfa915a
13:10:10.656 [main] DEBUG org.hibernate.type.BasicTypeRegistry - Adding type registration java.sql.Date -> org.hibernate.type.BasicTypeReference@6dfa915a
13:10:10.656 [main] DEBUG org.hibernate.type.BasicTypeRegistry - Adding type registration time -> org.hibernate.type.BasicTypeReference@78054f54
13:10:10.656 [main] DEBUG org.hibernate.type.BasicTypeRegistry - Adding type registration java.sql.Time -> org.hibernate.type.BasicTypeReference@78054f54
13:10:10.656 [main] DEBUG org.hibernate.type.BasicTypeRegistry - Adding type registration timestamp -> org.hibernate.type.BasicTypeReference@cb7fa71
13:10:10.656 [main] DEBUG org.hibernate.type.BasicTypeRegistry - Adding type registration java.sql.Timestamp -> org.hibernate.type.BasicTypeReference@cb7fa71
13:10:10.656 [main] DEBUG org.hibernate.type.BasicTypeRegistry - Adding type registration java.util.Date -> org.hibernate.type.BasicTypeReference@cb7fa71
13:10:10.656 [main] DEBUG org.hibernate.type.BasicTypeRegistry - Adding type registration calendar -> org.hibernate.type.BasicTypeReference@3dffc764
13:10:10.656 [main] DEBUG org.hibernate.type.BasicTypeRegistry - Adding type registration java.util.Calendar -> org.hibernate.type.BasicTypeReference@3dffc764
13:10:10.656 [main] DEBUG org.hibernate.type.BasicTypeRegistry - Adding type registration java.util.GregorianCalendar -> org.hibernate.type.BasicTypeReference@3dffc764
13:10:10.656 [main] DEBUG org.hibernate.type.BasicTypeRegistry - Adding type registration calendar_date -> org.hibernate.type.BasicTypeReference@4b6e1c0
13:10:10.656 [main] DEBUG org.hibernate.type.BasicTypeRegistry - Adding type registration calendar_time -> org.hibernate.type.BasicTypeReference@561b61ed
13:10:10.656 [main] DEBUG org.hibernate.type.BasicTypeRegistry - Adding type registration instant -> org.hibernate.type.BasicTypeReference@654c7d2d
13:10:10.656 [main] DEBUG org.hibernate.type.BasicTypeRegistry - Adding type registration java.time.Instant -> org.hibernate.type.BasicTypeReference@654c7d2d
13:10:10.656 [main] DEBUG org.hibernate.type.BasicTypeRegistry - Adding type registration uuid -> org.hibernate.type.BasicTypeReference@26cb5207
13:10:10.656 [main] DEBUG org.hibernate.type.BasicTypeRegistry - Adding type registration java.util.UUID -> org.hibernate.type.BasicTypeReference@26cb5207
13:10:10.656 [main] DEBUG org.hibernate.type.BasicTypeRegistry - Adding type registration pg-uuid -> org.hibernate.type.BasicTypeReference@26cb5207
13:10:10.656 [main] DEBUG org.hibernate.type.BasicTypeRegistry - Adding type registration uuid-binary -> org.hibernate.type.BasicTypeReference@15400fff
13:10:10.657 [main] DEBUG org.hibernate.type.BasicTypeRegistry - Adding type registration uuid-char -> org.hibernate.type.BasicTypeReference@18d910b3
13:10:10.657 [main] DEBUG org.hibernate.type.BasicTypeRegistry - Adding type registration class -> org.hibernate.type.BasicTypeReference@1e7ab390
13:10:10.657 [main] DEBUG org.hibernate.type.BasicTypeRegistry - Adding type registration java.lang.Class -> org.hibernate.type.BasicTypeReference@1e7ab390
13:10:10.657 [main] DEBUG org.hibernate.type.BasicTypeRegistry - Adding type registration currency -> org.hibernate.type.BasicTypeReference@77774571
13:10:10.657 [main] DEBUG org.hibernate.type.BasicTypeRegistry - Adding type registration Currency -> org.hibernate.type.BasicTypeReference@77774571
13:10:10.657 [main] DEBUG org.hibernate.type.BasicTypeRegistry - Adding type registration java.util.Currency -> org.hibernate.type.BasicTypeReference@77774571
13:10:10.657 [main] DEBUG org.hibernate.type.BasicTypeRegistry - Adding type registration locale -> org.hibernate.type.BasicTypeReference@277b8fa4
13:10:10.657 [main] DEBUG org.hibernate.type.BasicTypeRegistry - Adding type registration java.util.Locale -> org.hibernate.type.BasicTypeReference@277b8fa4
13:10:10.657 [main] DEBUG org.hibernate.type.BasicTypeRegistry - Adding type registration serializable -> org.hibernate.type.BasicTypeReference@6cd64ee8
13:10:10.657 [main] DEBUG org.hibernate.type.BasicTypeRegistry - Adding type registration java.io.Serializable -> org.hibernate.type.BasicTypeReference@6cd64ee8
13:10:10.657 [main] DEBUG org.hibernate.type.BasicTypeRegistry - Adding type registration timezone -> org.hibernate.type.BasicTypeReference@620c8641
13:10:10.657 [main] DEBUG org.hibernate.type.BasicTypeRegistry - Adding type registration java.util.TimeZone -> org.hibernate.type.BasicTypeReference@620c8641
13:10:10.657 [main] DEBUG org.hibernate.type.BasicTypeRegistry - Adding type registration ZoneOffset -> org.hibernate.type.BasicTypeReference@2f1d0bbc
13:10:10.657 [main] DEBUG org.hibernate.type.BasicTypeRegistry - Adding type registration java.time.ZoneOffset -> org.hibernate.type.BasicTypeReference@2f1d0bbc
13:10:10.657 [main] DEBUG org.hibernate.type.BasicTypeRegistry - Adding type registration url -> org.hibernate.type.BasicTypeReference@5460b754
13:10:10.657 [main] DEBUG org.hibernate.type.BasicTypeRegistry - Adding type registration java.net.URL -> org.hibernate.type.BasicTypeReference@5460b754
13:10:10.658 [main] DEBUG org.hibernate.type.BasicTypeRegistry - Adding type registration vector -> org.hibernate.type.BasicTypeReference@a9f023e
13:10:10.658 [main] DEBUG org.hibernate.type.BasicTypeRegistry - Adding type registration row_version -> org.hibernate.type.BasicTypeReference@c27a3a2
13:10:10.661 [main] DEBUG org.hibernate.type.BasicTypeRegistry - Adding type registration object -> org.hibernate.type.JavaObjectType@28da7d11
13:10:10.661 [main] DEBUG org.hibernate.type.BasicTypeRegistry - Adding type registration java.lang.Object -> org.hibernate.type.JavaObjectType@28da7d11
13:10:10.662 [main] DEBUG org.hibernate.type.BasicTypeRegistry - Adding type registration null -> org.hibernate.type.NullType@4faa298
13:10:10.662 [main] DEBUG org.hibernate.type.BasicTypeRegistry - Adding type registration imm_date -> org.hibernate.type.BasicTypeReference@1cd3b138
13:10:10.662 [main] DEBUG org.hibernate.type.BasicTypeRegistry - Adding type registration imm_time -> org.hibernate.type.BasicTypeReference@151bf776
13:10:10.662 [main] DEBUG org.hibernate.type.BasicTypeRegistry - Adding type registration imm_timestamp -> org.hibernate.type.BasicTypeReference@5a6d30e2
13:10:10.662 [main] DEBUG org.hibernate.type.BasicTypeRegistry - Adding type registration imm_calendar -> org.hibernate.type.BasicTypeReference@b52b755
13:10:10.662 [main] DEBUG org.hibernate.type.BasicTypeRegistry - Adding type registration imm_calendar_date -> org.hibernate.type.BasicTypeReference@a098d76
13:10:10.662 [main] DEBUG org.hibernate.type.BasicTypeRegistry - Adding type registration imm_calendar_time -> org.hibernate.type.BasicTypeReference@40e37b06
13:10:10.662 [main] DEBUG org.hibernate.type.BasicTypeRegistry - Adding type registration imm_binary -> org.hibernate.type.BasicTypeReference@733aa9d8
13:10:10.662 [main] DEBUG org.hibernate.type.BasicTypeRegistry - Adding type registration imm_serializable -> org.hibernate.type.BasicTypeReference@6dcc40f5
13:10:10.667 [main] DEBUG org.hibernate.boot.internal.BootstrapContextImpl - Injecting ScanEnvironment [org.hibernate.jpa.boot.internal.StandardJpaScanEnvironmentImpl@ec8f4b9] into BootstrapContext; was [null]
13:10:10.667 [main] DEBUG org.hibernate.boot.internal.BootstrapContextImpl - Injecting ScanOptions [org.hibernate.boot.archive.scan.internal.StandardScanOptions@bc042d5] into BootstrapContext; was [org.hibernate.boot.archive.scan.internal.StandardScanOptions@5484117b]
13:10:10.854 [main] DEBUG org.hibernate.boot.internal.BootstrapContextImpl - Injecting JPA temp ClassLoader [null] into BootstrapContext; was [null]
13:10:10.854 [main] DEBUG org.hibernate.boot.internal.ClassLoaderAccessImpl - ClassLoaderAccessImpl#injectTempClassLoader(null) [was null]
13:10:10.877 [main] INFO org.hibernate.engine.jdbc.connections.internal.ConnectionProviderInitiator - HHH000130: Instantiating explicit connection provider: org.hibernate.hikaricp.internal.HikariCPConnectionProvider
13:10:10.878 [main] DEBUG org.hibernate.hikaricp.internal.HikariCPConnectionProvider - Configuring HikariCP
13:10:10.884 [main] DEBUG com.zaxxer.hikari.HikariConfig - Driver class org.h2.Driver found in Thread context class loader jdk.internal.loader.ClassLoaders$AppClassLoader@70dea4e
13:10:10.884 [main] DEBUG com.zaxxer.hikari.HikariConfig - FRC-PM-HikariCP - configuration:
13:10:10.886 [main] DEBUG com.zaxxer.hikari.HikariConfig - allowPoolSuspension.............false
13:10:10.886 [main] DEBUG com.zaxxer.hikari.HikariConfig - autoCommit......................true
13:10:10.886 [main] DEBUG com.zaxxer.hikari.HikariConfig - catalog.........................none
13:10:10.886 [main] DEBUG com.zaxxer.hikari.HikariConfig - connectionInitSql...............none
13:10:10.886 [main] DEBUG com.zaxxer.hikari.HikariConfig - connectionTestQuery.............none
13:10:10.886 [main] DEBUG com.zaxxer.hikari.HikariConfig - connectionTimeout...............10000
13:10:10.886 [main] DEBUG com.zaxxer.hikari.HikariConfig - dataSource......................none
13:10:10.886 [main] DEBUG com.zaxxer.hikari.HikariConfig - dataSourceClassName.............none
13:10:10.886 [main] DEBUG com.zaxxer.hikari.HikariConfig - dataSourceJNDI..................none
13:10:10.886 [main] DEBUG com.zaxxer.hikari.HikariConfig - dataSourceProperties............{password=<masked>}
13:10:10.886 [main] DEBUG com.zaxxer.hikari.HikariConfig - driverClassName................."org.h2.Driver"
13:10:10.886 [main] DEBUG com.zaxxer.hikari.HikariConfig - exceptionOverrideClassName......none
13:10:10.886 [main] DEBUG com.zaxxer.hikari.HikariConfig - healthCheckProperties...........{}
13:10:10.886 [main] DEBUG com.zaxxer.hikari.HikariConfig - healthCheckRegistry.............none
13:10:10.886 [main] DEBUG com.zaxxer.hikari.HikariConfig - idleTimeout.....................30000
13:10:10.886 [main] DEBUG com.zaxxer.hikari.HikariConfig - initializationFailTimeout.......1
13:10:10.887 [main] DEBUG com.zaxxer.hikari.HikariConfig - isolateInternalQueries..........false
13:10:10.887 [main] DEBUG com.zaxxer.hikari.HikariConfig - jdbcUrl.........................jdbc:h2:mem:testdb;DB_CLOSE_DELAY=-1
13:10:10.887 [main] DEBUG com.zaxxer.hikari.HikariConfig - keepaliveTime...................0
13:10:10.887 [main] DEBUG com.zaxxer.hikari.HikariConfig - leakDetectionThreshold..........0
13:10:10.887 [main] DEBUG com.zaxxer.hikari.HikariConfig - maxLifetime.....................1800000
13:10:10.887 [main] DEBUG com.zaxxer.hikari.HikariConfig - maximumPoolSize.................10
13:10:10.887 [main] DEBUG com.zaxxer.hikari.HikariConfig - metricRegistry..................none
13:10:10.887 [main] DEBUG com.zaxxer.hikari.HikariConfig - metricsTrackerFactory...........none
13:10:10.887 [main] DEBUG com.zaxxer.hikari.HikariConfig - minimumIdle.....................2
13:10:10.887 [main] DEBUG com.zaxxer.hikari.HikariConfig - password........................<masked>
13:10:10.887 [main] DEBUG com.zaxxer.hikari.HikariConfig - poolName........................"FRC-PM-HikariCP"
13:10:10.887 [main] DEBUG com.zaxxer.hikari.HikariConfig - readOnly........................false
13:10:10.887 [main] DEBUG com.zaxxer.hikari.HikariConfig - registerMbeans..................false
13:10:10.887 [main] DEBUG com.zaxxer.hikari.HikariConfig - scheduledExecutor...............none
13:10:10.887 [main] DEBUG com.zaxxer.hikari.HikariConfig - schema..........................none
13:10:10.887 [main] DEBUG com.zaxxer.hikari.HikariConfig - threadFactory...................internal
13:10:10.887 [main] DEBUG com.zaxxer.hikari.HikariConfig - transactionIsolation............default
13:10:10.887 [main] DEBUG com.zaxxer.hikari.HikariConfig - username........................"sa"
13:10:10.887 [main] DEBUG com.zaxxer.hikari.HikariConfig - validationTimeout...............5000
13:10:10.887 [main] INFO com.zaxxer.hikari.HikariDataSource - FRC-PM-HikariCP - Starting...
13:10:10.890 [main] INFO com.zaxxer.hikari.pool.HikariPool - FRC-PM-HikariCP - Added connection conn5: url=jdbc:h2:mem:testdb user=SA
13:10:10.890 [main] INFO com.zaxxer.hikari.HikariDataSource - FRC-PM-HikariCP - Start completed.
13:10:10.890 [main] DEBUG org.hibernate.hikaricp.internal.HikariCPConnectionProvider - HikariCP Configured
13:10:10.935 [main] DEBUG org.hibernate.engine.jdbc.env.internal.JdbcEnvironmentInitiator - Database ->
	   name : H2
	version : 2.2.224 (2023-09-17)
	  major : 2
	  minor : 2
13:10:10.935 [main] DEBUG org.hibernate.engine.jdbc.env.internal.JdbcEnvironmentInitiator - Driver ->
	   name : H2 JDBC Driver
	version : 2.2.224 (2023-09-17)
	  major : 2
	  minor : 2
13:10:10.935 [main] DEBUG org.hibernate.engine.jdbc.env.internal.JdbcEnvironmentInitiator - JDBC version : 4.2
13:10:10.976 [main] WARN org.hibernate.orm.deprecation - HHH90000025: H2Dialect does not need to be specified explicitly using 'hibernate.dialect' (remove the property setting and it will be selected by default)
13:10:10.978 [main] DEBUG org.hibernate.orm.dialect - HHH035001: Using dialect: org.hibernate.dialect.H2Dialect, version: 2.2.224
13:10:10.989 [main] DEBUG org.hibernate.engine.jdbc.env.spi.IdentifierHelperBuilder - JDBC driver metadata reported database stores quoted identifiers in neither upper, lower nor mixed case
13:10:11.006 [FRC-PM-HikariCP housekeeper] DEBUG com.zaxxer.hikari.pool.HikariPool - FRC-PM-HikariCP - Before cleanup stats (total=1, active=1, idle=0, waiting=0)
13:10:11.007 [FRC-PM-HikariCP housekeeper] DEBUG com.zaxxer.hikari.pool.HikariPool - FRC-PM-HikariCP - After cleanup  stats (total=1, active=1, idle=0, waiting=0)
13:10:11.008 [FRC-PM-HikariCP connection adder] DEBUG com.zaxxer.hikari.pool.HikariPool - FRC-PM-HikariCP - Added connection conn6: url=jdbc:h2:mem:testdb user=SA
13:10:11.034 [main] DEBUG org.hibernate.type.descriptor.jdbc.spi.JdbcTypeRegistry - addDescriptor(NCharTypeDescriptor) replaced previous registration(CharTypeDescriptor)
13:10:11.034 [main] DEBUG org.hibernate.type.descriptor.jdbc.spi.JdbcTypeRegistry - addDescriptor(NVarcharTypeDescriptor) replaced previous registration(VarcharTypeDescriptor)
13:10:11.035 [main] DEBUG org.hibernate.type.descriptor.jdbc.spi.JdbcTypeRegistry - addDescriptor(LongNVarcharTypeDescriptor) replaced previous registration(LongVarcharTypeDescriptor)
13:10:11.040 [main] DEBUG org.hibernate.type.descriptor.jdbc.spi.JdbcTypeRegistry - addDescriptor(NClobTypeDescriptor(DEFAULT)) replaced previous registration(ClobTypeDescriptor(DEFAULT))
13:10:11.040 [main] DEBUG org.hibernate.type.descriptor.jdbc.spi.JdbcTypeRegistry - addDescriptor(2005, ClobTypeDescriptor(STREAM_BINDING)) replaced previous registration(ClobTypeDescriptor(DEFAULT))
13:10:11.043 [main] DEBUG org.hibernate.type.descriptor.jdbc.spi.JdbcTypeRegistry - addDescriptor(TimestampUtcDescriptor) replaced previous registration(TimestampUtcDescriptor)
13:10:11.050 [main] DEBUG org.hibernate.type.BasicTypeRegistry - Adding type registration org.hibernate.type.DurationType -> basicType@1(java.time.Duration,3015)
13:10:11.050 [main] DEBUG org.hibernate.type.BasicTypeRegistry - Adding type registration Duration -> basicType@1(java.time.Duration,3015)
13:10:11.050 [main] DEBUG org.hibernate.type.BasicTypeRegistry - Adding type registration java.time.Duration -> basicType@1(java.time.Duration,3015)
13:10:11.051 [FRC-PM-HikariCP connection adder] DEBUG com.zaxxer.hikari.pool.HikariPool - FRC-PM-HikariCP - After adding stats (total=2, active=0, idle=2, waiting=0)
13:10:11.051 [FRC-PM-HikariCP connection adder] DEBUG com.zaxxer.hikari.pool.HikariPool - FRC-PM-HikariCP - Connection not added, stats (total=2, active=0, idle=2, waiting=0)
13:10:11.058 [main] DEBUG org.hibernate.type.spi.TypeConfiguration$Scope - Scoping TypeConfiguration [org.hibernate.type.spi.TypeConfiguration@d9f5fce] to MetadataBuildingContext [org.hibernate.boot.internal.MetadataBuildingContextRootImpl@49653791]
13:10:11.091 [main] DEBUG org.hibernate.boot.model.relational.Namespace - Created database namespace [logicalName=Name{catalog=null, schema=null}, physicalName=Name{catalog=null, schema=null}]
13:10:11.106 [main] DEBUG org.hibernate.boot.model.internal.EntityBinder - Binding entity from annotated class: org.frcpm.models.Attendance
13:10:11.110 [main] DEBUG org.hibernate.boot.model.internal.EntityBinder - Import with entity name Attendance
13:10:11.120 [main] DEBUG org.hibernate.boot.model.internal.EntityBinder - Bind entity org.frcpm.models.Attendance on table attendances
13:10:11.127 [main] DEBUG org.hibernate.boot.model.internal.AnnotatedColumn - Binding column: AnnotatedDiscriminatorColumn(column='DTYPE')
13:10:11.146 [main] DEBUG org.hibernate.boot.model.internal.AnnotatedColumn - Binding column: AnnotatedColumn()
13:10:11.147 [main] DEBUG org.hibernate.boot.internal.ClassLoaderAccessImpl - Not known whether passed class name [org.frcpm.models.Attendance] is safe
13:10:11.148 [main] DEBUG org.hibernate.boot.internal.ClassLoaderAccessImpl - No temp ClassLoader provided; using live ClassLoader for loading potentially unsafe class : org.frcpm.models.Attendance
13:10:11.151 [main] DEBUG org.hibernate.boot.model.internal.PropertyBinder - MetadataSourceProcessor property id with lazy=false
13:10:11.155 [main] DEBUG org.hibernate.boot.model.internal.AbstractPropertyHolder - Attempting to locate auto-apply AttributeConverter for property [org.frcpm.models.Attendance:id]
13:10:11.158 [main] DEBUG org.hibernate.boot.model.internal.BasicValueBinder - building BasicValue for id
13:10:11.160 [main] DEBUG org.hibernate.mapping.BasicValue - Skipping column re-registration: attendances.id
13:10:11.161 [main] DEBUG org.hibernate.boot.model.internal.PropertyBinder - Building property id
13:10:11.163 [main] DEBUG org.hibernate.boot.model.internal.BinderHelper - #makeIdGenerator(BasicValue([Column(id)]), id, identity, , ...)
13:10:11.164 [main] DEBUG org.hibernate.boot.model.internal.AnnotatedColumn - Binding column: AnnotatedColumn(column='arrival_time')
13:10:11.164 [main] DEBUG org.hibernate.boot.model.internal.PropertyBinder - MetadataSourceProcessor property arrivalTime with lazy=false
13:10:11.164 [main] DEBUG org.hibernate.boot.model.internal.AbstractPropertyHolder - Attempting to locate auto-apply AttributeConverter for property [org.frcpm.models.Attendance:arrivalTime]
13:10:11.164 [main] DEBUG org.hibernate.boot.model.internal.BasicValueBinder - building BasicValue for arrivalTime
13:10:11.164 [main] DEBUG org.hibernate.mapping.BasicValue - Skipping column re-registration: attendances.arrival_time
13:10:11.164 [main] DEBUG org.hibernate.boot.model.internal.PropertyBinder - Building property arrivalTime
13:10:11.165 [main] DEBUG org.hibernate.boot.model.internal.AnnotatedColumn - Binding column: AnnotatedColumn(column='departure_time')
13:10:11.165 [main] DEBUG org.hibernate.boot.model.internal.PropertyBinder - MetadataSourceProcessor property departureTime with lazy=false
13:10:11.165 [main] DEBUG org.hibernate.boot.model.internal.AbstractPropertyHolder - Attempting to locate auto-apply AttributeConverter for property [org.frcpm.models.Attendance:departureTime]
13:10:11.165 [main] DEBUG org.hibernate.boot.model.internal.BasicValueBinder - building BasicValue for departureTime
13:10:11.165 [main] DEBUG org.hibernate.mapping.BasicValue - Skipping column re-registration: attendances.departure_time
13:10:11.165 [main] DEBUG org.hibernate.boot.model.internal.PropertyBinder - Building property departureTime
13:10:11.166 [main] DEBUG org.hibernate.boot.model.internal.AnnotatedColumn - Binding column: AnnotatedJoinColumn(column='meeting_id')
13:10:11.166 [main] DEBUG org.hibernate.boot.model.internal.AnnotatedColumn - Binding column: AnnotatedColumn()
13:10:11.172 [main] DEBUG org.hibernate.boot.model.internal.PropertyBinder - Building property meeting
13:10:11.172 [main] DEBUG org.hibernate.boot.model.internal.AnnotatedColumn - Binding column: AnnotatedJoinColumn(column='member_id')
13:10:11.172 [main] DEBUG org.hibernate.boot.model.internal.AnnotatedColumn - Binding column: AnnotatedColumn()
13:10:11.172 [main] DEBUG org.hibernate.boot.model.internal.PropertyBinder - Building property member
13:10:11.172 [main] DEBUG org.hibernate.boot.model.internal.AnnotatedColumn - Binding column: AnnotatedColumn(column='present')
13:10:11.173 [main] DEBUG org.hibernate.boot.model.internal.PropertyBinder - MetadataSourceProcessor property present with lazy=false
13:10:11.173 [main] DEBUG org.hibernate.boot.model.internal.AbstractPropertyHolder - Attempting to locate auto-apply AttributeConverter for property [org.frcpm.models.Attendance:present]
13:10:11.173 [main] DEBUG org.hibernate.boot.model.internal.BasicValueBinder - building BasicValue for present
13:10:11.173 [main] DEBUG org.hibernate.mapping.BasicValue - Skipping column re-registration: attendances.present
13:10:11.173 [main] DEBUG org.hibernate.boot.model.internal.PropertyBinder - Building property present
13:10:11.174 [main] DEBUG org.hibernate.boot.registry.classloading.internal.ClassLoaderServiceImpl - HHH000194: Package not found or no package-info.java: org.frcpm.models
13:10:11.177 [main] DEBUG org.hibernate.boot.model.internal.EntityBinder - Binding entity from annotated class: org.frcpm.models.Meeting
13:10:11.177 [main] DEBUG org.hibernate.boot.model.internal.EntityBinder - Import with entity name Meeting
13:10:11.178 [main] DEBUG org.hibernate.boot.model.internal.EntityBinder - Bind entity org.frcpm.models.Meeting on table meetings
13:10:11.178 [main] DEBUG org.hibernate.boot.model.internal.AnnotatedColumn - Binding column: AnnotatedDiscriminatorColumn(column='DTYPE')
13:10:11.180 [main] DEBUG org.hibernate.boot.model.internal.AnnotatedColumn - Binding column: AnnotatedColumn()
13:10:11.180 [main] DEBUG org.hibernate.boot.internal.ClassLoaderAccessImpl - Not known whether passed class name [org.frcpm.models.Meeting] is safe
13:10:11.180 [main] DEBUG org.hibernate.boot.internal.ClassLoaderAccessImpl - No temp ClassLoader provided; using live ClassLoader for loading potentially unsafe class : org.frcpm.models.Meeting
13:10:11.180 [main] DEBUG org.hibernate.boot.model.internal.PropertyBinder - MetadataSourceProcessor property id with lazy=false
13:10:11.181 [main] DEBUG org.hibernate.boot.model.internal.AbstractPropertyHolder - Attempting to locate auto-apply AttributeConverter for property [org.frcpm.models.Meeting:id]
13:10:11.181 [main] DEBUG org.hibernate.boot.model.internal.BasicValueBinder - building BasicValue for id
13:10:11.181 [main] DEBUG org.hibernate.mapping.BasicValue - Skipping column re-registration: meetings.id
13:10:11.181 [main] DEBUG org.hibernate.boot.model.internal.PropertyBinder - Building property id
13:10:11.181 [main] DEBUG org.hibernate.boot.model.internal.BinderHelper - #makeIdGenerator(BasicValue([Column(id)]), id, identity, , ...)
13:10:11.181 [main] DEBUG org.hibernate.boot.model.internal.AnnotatedColumn - Binding column: AnnotatedJoinColumn()
13:10:11.182 [main] DEBUG org.hibernate.boot.model.internal.AnnotatedColumn - Binding column: AnnotatedColumn()
13:10:11.190 [main] DEBUG org.hibernate.boot.model.internal.AnnotatedColumn - Binding column: IndexColumn(column='attendances_ORDER')
13:10:11.192 [main] DEBUG org.hibernate.boot.model.internal.AnnotatedColumn - Binding column: AnnotatedColumn()
13:10:11.193 [main] DEBUG org.hibernate.boot.model.internal.AnnotatedColumn - Binding column: AnnotatedColumn(column='attendances_KEY')
13:10:11.193 [main] DEBUG org.hibernate.boot.model.internal.AnnotatedColumn - Binding column: AnnotatedJoinColumn(column='attendances_KEY')
13:10:11.193 [main] DEBUG org.hibernate.boot.model.internal.AnnotatedColumn - Binding column: AnnotatedJoinColumn()
13:10:11.193 [main] DEBUG org.hibernate.boot.model.internal.AnnotatedColumn - Binding column: AnnotatedJoinColumn()
13:10:11.194 [main] DEBUG org.hibernate.boot.model.internal.CollectionBinder - Collection role: org.frcpm.models.Meeting.attendances
13:10:11.196 [main] DEBUG org.hibernate.boot.model.internal.PropertyBinder - Building property attendances
13:10:11.196 [main] DEBUG org.hibernate.boot.model.internal.AnnotatedColumn - Binding column: AnnotatedColumn(column='date')
13:10:11.196 [main] DEBUG org.hibernate.boot.model.internal.PropertyBinder - MetadataSourceProcessor property date with lazy=false
13:10:11.196 [main] DEBUG org.hibernate.boot.model.internal.AbstractPropertyHolder - Attempting to locate auto-apply AttributeConverter for property [org.frcpm.models.Meeting:date]
13:10:11.196 [main] DEBUG org.hibernate.boot.model.internal.BasicValueBinder - building BasicValue for date
13:10:11.196 [main] DEBUG org.hibernate.mapping.BasicValue - Skipping column re-registration: meetings.date
13:10:11.196 [main] DEBUG org.hibernate.boot.model.internal.PropertyBinder - Building property date
13:10:11.197 [main] DEBUG org.hibernate.boot.model.internal.AnnotatedColumn - Binding column: AnnotatedColumn(column='end_time')
13:10:11.197 [main] DEBUG org.hibernate.boot.model.internal.PropertyBinder - MetadataSourceProcessor property endTime with lazy=false
13:10:11.197 [main] DEBUG org.hibernate.boot.model.internal.AbstractPropertyHolder - Attempting to locate auto-apply AttributeConverter for property [org.frcpm.models.Meeting:endTime]
13:10:11.197 [main] DEBUG org.hibernate.boot.model.internal.BasicValueBinder - building BasicValue for endTime
13:10:11.197 [main] DEBUG org.hibernate.mapping.BasicValue - Skipping column re-registration: meetings.end_time
13:10:11.197 [main] DEBUG org.hibernate.boot.model.internal.PropertyBinder - Building property endTime
13:10:11.197 [main] DEBUG org.hibernate.boot.model.internal.AnnotatedColumn - Binding column: AnnotatedColumn(column='notes')
13:10:11.197 [main] DEBUG org.hibernate.boot.model.internal.PropertyBinder - MetadataSourceProcessor property notes with lazy=false
13:10:11.197 [main] DEBUG org.hibernate.boot.model.internal.AbstractPropertyHolder - Attempting to locate auto-apply AttributeConverter for property [org.frcpm.models.Meeting:notes]
13:10:11.197 [main] DEBUG org.hibernate.boot.model.internal.BasicValueBinder - building BasicValue for notes
13:10:11.197 [main] DEBUG org.hibernate.mapping.BasicValue - Skipping column re-registration: meetings.notes
13:10:11.197 [main] DEBUG org.hibernate.boot.model.internal.PropertyBinder - Building property notes
13:10:11.197 [main] DEBUG org.hibernate.boot.model.internal.AnnotatedColumn - Binding column: AnnotatedJoinColumn(column='project_id')
13:10:11.197 [main] DEBUG org.hibernate.boot.model.internal.AnnotatedColumn - Binding column: AnnotatedColumn()
13:10:11.197 [main] DEBUG org.hibernate.boot.model.internal.PropertyBinder - Building property project
13:10:11.197 [main] DEBUG org.hibernate.boot.model.internal.AnnotatedColumn - Binding column: AnnotatedColumn(column='start_time')
13:10:11.199 [main] DEBUG org.hibernate.boot.model.internal.PropertyBinder - MetadataSourceProcessor property startTime with lazy=false
13:10:11.199 [main] DEBUG org.hibernate.boot.model.internal.AbstractPropertyHolder - Attempting to locate auto-apply AttributeConverter for property [org.frcpm.models.Meeting:startTime]
13:10:11.199 [main] DEBUG org.hibernate.boot.model.internal.BasicValueBinder - building BasicValue for startTime
13:10:11.199 [main] DEBUG org.hibernate.mapping.BasicValue - Skipping column re-registration: meetings.start_time
13:10:11.199 [main] DEBUG org.hibernate.boot.model.internal.PropertyBinder - Building property startTime
13:10:11.199 [main] DEBUG org.hibernate.boot.registry.classloading.internal.ClassLoaderServiceImpl - HHH000194: Package not found or no package-info.java: org.frcpm.models
13:10:11.199 [main] DEBUG org.hibernate.boot.model.internal.EntityBinder - Binding entity from annotated class: org.frcpm.models.Subsystem
13:10:11.199 [main] DEBUG org.hibernate.boot.model.internal.EntityBinder - Import with entity name Subsystem
13:10:11.199 [main] DEBUG org.hibernate.boot.model.internal.EntityBinder - Bind entity org.frcpm.models.Subsystem on table subsystems
13:10:11.200 [main] DEBUG org.hibernate.boot.model.internal.AnnotatedColumn - Binding column: AnnotatedDiscriminatorColumn(column='DTYPE')
13:10:11.203 [main] DEBUG org.hibernate.boot.model.internal.AnnotatedColumn - Binding column: AnnotatedColumn()
13:10:11.203 [main] DEBUG org.hibernate.boot.internal.ClassLoaderAccessImpl - Not known whether passed class name [org.frcpm.models.Subsystem] is safe
13:10:11.203 [main] DEBUG org.hibernate.boot.internal.ClassLoaderAccessImpl - No temp ClassLoader provided; using live ClassLoader for loading potentially unsafe class : org.frcpm.models.Subsystem
13:10:11.204 [main] DEBUG org.hibernate.boot.model.internal.PropertyBinder - MetadataSourceProcessor property id with lazy=false
13:10:11.204 [main] DEBUG org.hibernate.boot.model.internal.AbstractPropertyHolder - Attempting to locate auto-apply AttributeConverter for property [org.frcpm.models.Subsystem:id]
13:10:11.204 [main] DEBUG org.hibernate.boot.model.internal.BasicValueBinder - building BasicValue for id
13:10:11.204 [main] DEBUG org.hibernate.mapping.BasicValue - Skipping column re-registration: subsystems.id
13:10:11.204 [main] DEBUG org.hibernate.boot.model.internal.PropertyBinder - Building property id
13:10:11.204 [main] DEBUG org.hibernate.boot.model.internal.BinderHelper - #makeIdGenerator(BasicValue([Column(id)]), id, identity, , ...)
13:10:11.204 [main] DEBUG org.hibernate.boot.model.internal.AnnotatedColumn - Binding column: AnnotatedColumn(column='description')
13:10:11.204 [main] DEBUG org.hibernate.boot.model.internal.PropertyBinder - MetadataSourceProcessor property description with lazy=false
13:10:11.204 [main] DEBUG org.hibernate.boot.model.internal.AbstractPropertyHolder - Attempting to locate auto-apply AttributeConverter for property [org.frcpm.models.Subsystem:description]
13:10:11.204 [main] DEBUG org.hibernate.boot.model.internal.BasicValueBinder - building BasicValue for description
13:10:11.204 [main] DEBUG org.hibernate.mapping.BasicValue - Skipping column re-registration: subsystems.description
13:10:11.205 [main] DEBUG org.hibernate.boot.model.internal.PropertyBinder - Building property description
13:10:11.205 [main] DEBUG org.hibernate.boot.model.internal.AnnotatedColumn - Binding column: AnnotatedColumn(column='name')
13:10:11.205 [main] DEBUG org.hibernate.boot.model.internal.PropertyBinder - MetadataSourceProcessor property name with lazy=false
13:10:11.205 [main] DEBUG org.hibernate.boot.model.internal.AbstractPropertyHolder - Attempting to locate auto-apply AttributeConverter for property [org.frcpm.models.Subsystem:name]
13:10:11.205 [main] DEBUG org.hibernate.boot.model.internal.BasicValueBinder - building BasicValue for name
13:10:11.205 [main] DEBUG org.hibernate.mapping.BasicValue - Skipping column re-registration: subsystems.name
13:10:11.205 [main] DEBUG org.hibernate.boot.model.internal.PropertyBinder - Building property name
13:10:11.205 [main] DEBUG org.hibernate.boot.model.internal.AnnotatedColumn - Binding column: AnnotatedJoinColumn(column='responsible_subteam_id')
13:10:11.205 [main] DEBUG org.hibernate.boot.model.internal.AnnotatedColumn - Binding column: AnnotatedColumn()
13:10:11.206 [main] DEBUG org.hibernate.boot.model.internal.PropertyBinder - Building property responsibleSubteam
13:10:11.206 [main] DEBUG org.hibernate.boot.model.internal.AnnotatedColumn - Binding column: AnnotatedColumn(column='status')
13:10:11.206 [main] DEBUG org.hibernate.boot.model.internal.PropertyBinder - MetadataSourceProcessor property status with lazy=false
13:10:11.206 [main] DEBUG org.hibernate.boot.model.internal.AbstractPropertyHolder - Attempting to locate auto-apply AttributeConverter for property [org.frcpm.models.Subsystem:status]
13:10:11.206 [main] DEBUG org.hibernate.boot.model.internal.BasicValueBinder - building BasicValue for status
13:10:11.206 [main] DEBUG org.hibernate.mapping.BasicValue - Skipping column re-registration: subsystems.status
13:10:11.206 [main] DEBUG org.hibernate.boot.model.internal.PropertyBinder - Building property status
13:10:11.206 [main] DEBUG org.hibernate.boot.model.internal.AnnotatedColumn - Binding column: AnnotatedJoinColumn()
13:10:11.206 [main] DEBUG org.hibernate.boot.model.internal.AnnotatedColumn - Binding column: AnnotatedColumn()
13:10:11.206 [main] DEBUG org.hibernate.boot.model.internal.AnnotatedColumn - Binding column: IndexColumn(column='tasks_ORDER')
13:10:11.207 [main] DEBUG org.hibernate.boot.model.internal.AnnotatedColumn - Binding column: AnnotatedColumn()
13:10:11.207 [main] DEBUG org.hibernate.boot.model.internal.AnnotatedColumn - Binding column: AnnotatedColumn(column='tasks_KEY')
13:10:11.207 [main] DEBUG org.hibernate.boot.model.internal.AnnotatedColumn - Binding column: AnnotatedJoinColumn(column='tasks_KEY')
13:10:11.207 [main] DEBUG org.hibernate.boot.model.internal.AnnotatedColumn - Binding column: AnnotatedJoinColumn()
13:10:11.207 [main] DEBUG org.hibernate.boot.model.internal.AnnotatedColumn - Binding column: AnnotatedJoinColumn()
13:10:11.207 [main] DEBUG org.hibernate.boot.model.internal.CollectionBinder - Collection role: org.frcpm.models.Subsystem.tasks
13:10:11.207 [main] DEBUG org.hibernate.boot.model.internal.PropertyBinder - Building property tasks
13:10:11.207 [main] DEBUG org.hibernate.boot.registry.classloading.internal.ClassLoaderServiceImpl - HHH000194: Package not found or no package-info.java: org.frcpm.models
13:10:11.208 [main] DEBUG org.hibernate.boot.model.internal.EntityBinder - Binding entity from annotated class: org.frcpm.models.Component
13:10:11.208 [main] DEBUG org.hibernate.boot.model.internal.EntityBinder - Import with entity name Component
13:10:11.208 [main] DEBUG org.hibernate.boot.model.internal.EntityBinder - Bind entity org.frcpm.models.Component on table components
13:10:11.208 [main] DEBUG org.hibernate.boot.model.internal.AnnotatedColumn - Binding column: AnnotatedDiscriminatorColumn(column='DTYPE')
13:10:11.210 [main] DEBUG org.hibernate.boot.model.internal.AnnotatedColumn - Binding column: AnnotatedColumn()
13:10:11.210 [main] DEBUG org.hibernate.boot.internal.ClassLoaderAccessImpl - Not known whether passed class name [org.frcpm.models.Component] is safe
13:10:11.210 [main] DEBUG org.hibernate.boot.internal.ClassLoaderAccessImpl - No temp ClassLoader provided; using live ClassLoader for loading potentially unsafe class : org.frcpm.models.Component
13:10:11.210 [main] DEBUG org.hibernate.boot.model.internal.PropertyBinder - MetadataSourceProcessor property id with lazy=false
13:10:11.210 [main] DEBUG org.hibernate.boot.model.internal.AbstractPropertyHolder - Attempting to locate auto-apply AttributeConverter for property [org.frcpm.models.Component:id]
13:10:11.210 [main] DEBUG org.hibernate.boot.model.internal.BasicValueBinder - building BasicValue for id
13:10:11.210 [main] DEBUG org.hibernate.mapping.BasicValue - Skipping column re-registration: components.id
13:10:11.210 [main] DEBUG org.hibernate.boot.model.internal.PropertyBinder - Building property id
13:10:11.210 [main] DEBUG org.hibernate.boot.model.internal.BinderHelper - #makeIdGenerator(BasicValue([Column(id)]), id, identity, , ...)
13:10:11.210 [main] DEBUG org.hibernate.boot.model.internal.AnnotatedColumn - Binding column: AnnotatedColumn(column='actual_delivery')
13:10:11.210 [main] DEBUG org.hibernate.boot.model.internal.PropertyBinder - MetadataSourceProcessor property actualDelivery with lazy=false
13:10:11.210 [main] DEBUG org.hibernate.boot.model.internal.AbstractPropertyHolder - Attempting to locate auto-apply AttributeConverter for property [org.frcpm.models.Component:actualDelivery]
13:10:11.210 [main] DEBUG org.hibernate.boot.model.internal.BasicValueBinder - building BasicValue for actualDelivery
13:10:11.210 [main] DEBUG org.hibernate.mapping.BasicValue - Skipping column re-registration: components.actual_delivery
13:10:11.210 [main] DEBUG org.hibernate.boot.model.internal.PropertyBinder - Building property actualDelivery
13:10:11.211 [main] DEBUG org.hibernate.boot.model.internal.AnnotatedColumn - Binding column: AnnotatedColumn(column='is_delivered')
13:10:11.211 [main] DEBUG org.hibernate.boot.model.internal.PropertyBinder - MetadataSourceProcessor property delivered with lazy=false
13:10:11.211 [main] DEBUG org.hibernate.boot.model.internal.AbstractPropertyHolder - Attempting to locate auto-apply AttributeConverter for property [org.frcpm.models.Component:delivered]
13:10:11.211 [main] DEBUG org.hibernate.boot.model.internal.BasicValueBinder - building BasicValue for delivered
13:10:11.211 [main] DEBUG org.hibernate.mapping.BasicValue - Skipping column re-registration: components.is_delivered
13:10:11.211 [main] DEBUG org.hibernate.boot.model.internal.PropertyBinder - Building property delivered
13:10:11.211 [main] DEBUG org.hibernate.boot.model.internal.AnnotatedColumn - Binding column: AnnotatedColumn(column='description')
13:10:11.211 [main] DEBUG org.hibernate.boot.model.internal.PropertyBinder - MetadataSourceProcessor property description with lazy=false
13:10:11.211 [main] DEBUG org.hibernate.boot.model.internal.AbstractPropertyHolder - Attempting to locate auto-apply AttributeConverter for property [org.frcpm.models.Component:description]
13:10:11.211 [main] DEBUG org.hibernate.boot.model.internal.BasicValueBinder - building BasicValue for description
13:10:11.211 [main] DEBUG org.hibernate.mapping.BasicValue - Skipping column re-registration: components.description
13:10:11.211 [main] DEBUG org.hibernate.boot.model.internal.PropertyBinder - Building property description
13:10:11.212 [main] DEBUG org.hibernate.boot.model.internal.AnnotatedColumn - Binding column: AnnotatedColumn(column='expected_delivery')
13:10:11.212 [main] DEBUG org.hibernate.boot.model.internal.PropertyBinder - MetadataSourceProcessor property expectedDelivery with lazy=false
13:10:11.212 [main] DEBUG org.hibernate.boot.model.internal.AbstractPropertyHolder - Attempting to locate auto-apply AttributeConverter for property [org.frcpm.models.Component:expectedDelivery]
13:10:11.212 [main] DEBUG org.hibernate.boot.model.internal.BasicValueBinder - building BasicValue for expectedDelivery
13:10:11.212 [main] DEBUG org.hibernate.mapping.BasicValue - Skipping column re-registration: components.expected_delivery
13:10:11.212 [main] DEBUG org.hibernate.boot.model.internal.PropertyBinder - Building property expectedDelivery
13:10:11.212 [main] DEBUG org.hibernate.boot.model.internal.AnnotatedColumn - Binding column: AnnotatedColumn(column='name')
13:10:11.212 [main] DEBUG org.hibernate.boot.model.internal.PropertyBinder - MetadataSourceProcessor property name with lazy=false
13:10:11.212 [main] DEBUG org.hibernate.boot.model.internal.AbstractPropertyHolder - Attempting to locate auto-apply AttributeConverter for property [org.frcpm.models.Component:name]
13:10:11.212 [main] DEBUG org.hibernate.boot.model.internal.BasicValueBinder - building BasicValue for name
13:10:11.212 [main] DEBUG org.hibernate.mapping.BasicValue - Skipping column re-registration: components.name
13:10:11.212 [main] DEBUG org.hibernate.boot.model.internal.PropertyBinder - Building property name
13:10:11.212 [main] DEBUG org.hibernate.boot.model.internal.AnnotatedColumn - Binding column: AnnotatedColumn(column='part_number')
13:10:11.212 [main] DEBUG org.hibernate.boot.model.internal.PropertyBinder - MetadataSourceProcessor property partNumber with lazy=false
13:10:11.212 [main] DEBUG org.hibernate.boot.model.internal.AbstractPropertyHolder - Attempting to locate auto-apply AttributeConverter for property [org.frcpm.models.Component:partNumber]
13:10:11.212 [main] DEBUG org.hibernate.boot.model.internal.BasicValueBinder - building BasicValue for partNumber
13:10:11.212 [main] DEBUG org.hibernate.mapping.BasicValue - Skipping column re-registration: components.part_number
13:10:11.214 [main] DEBUG org.hibernate.boot.model.internal.PropertyBinder - Building property partNumber
13:10:11.214 [main] DEBUG org.hibernate.boot.model.internal.AnnotatedColumn - Binding column: IndexColumn(column='requiredForTasks_ORDER')
13:10:11.214 [main] DEBUG org.hibernate.boot.model.internal.AnnotatedColumn - Binding column: AnnotatedColumn()
13:10:11.214 [main] DEBUG org.hibernate.boot.model.internal.AnnotatedColumn - Binding column: AnnotatedColumn(column='requiredForTasks_KEY')
13:10:11.214 [main] DEBUG org.hibernate.boot.model.internal.AnnotatedColumn - Binding column: AnnotatedJoinColumn(column='requiredForTasks_KEY')
13:10:11.214 [main] DEBUG org.hibernate.boot.model.internal.AnnotatedColumn - Binding column: AnnotatedJoinColumn()
13:10:11.214 [main] DEBUG org.hibernate.boot.model.internal.AnnotatedColumn - Binding column: AnnotatedJoinColumn()
13:10:11.215 [main] DEBUG org.hibernate.boot.model.internal.CollectionBinder - Collection role: org.frcpm.models.Component.requiredForTasks
13:10:11.215 [main] DEBUG org.hibernate.boot.model.internal.PropertyBinder - Building property requiredForTasks
13:10:11.216 [main] DEBUG org.hibernate.boot.registry.classloading.internal.ClassLoaderServiceImpl - HHH000194: Package not found or no package-info.java: org.frcpm.models
13:10:11.216 [main] DEBUG org.hibernate.boot.model.internal.EntityBinder - Binding entity from annotated class: org.frcpm.models.Milestone
13:10:11.216 [main] DEBUG org.hibernate.boot.model.internal.EntityBinder - Import with entity name Milestone
13:10:11.216 [main] DEBUG org.hibernate.boot.model.internal.EntityBinder - Bind entity org.frcpm.models.Milestone on table milestones
13:10:11.216 [main] DEBUG org.hibernate.boot.model.internal.AnnotatedColumn - Binding column: AnnotatedDiscriminatorColumn(column='DTYPE')
13:10:11.217 [main] DEBUG org.hibernate.boot.model.internal.AnnotatedColumn - Binding column: AnnotatedColumn()
13:10:11.217 [main] DEBUG org.hibernate.boot.internal.ClassLoaderAccessImpl - Not known whether passed class name [org.frcpm.models.Milestone] is safe
13:10:11.217 [main] DEBUG org.hibernate.boot.internal.ClassLoaderAccessImpl - No temp ClassLoader provided; using live ClassLoader for loading potentially unsafe class : org.frcpm.models.Milestone
13:10:11.217 [main] DEBUG org.hibernate.boot.model.internal.PropertyBinder - MetadataSourceProcessor property id with lazy=false
13:10:11.217 [main] DEBUG org.hibernate.boot.model.internal.AbstractPropertyHolder - Attempting to locate auto-apply AttributeConverter for property [org.frcpm.models.Milestone:id]
13:10:11.217 [main] DEBUG org.hibernate.boot.model.internal.BasicValueBinder - building BasicValue for id
13:10:11.217 [main] DEBUG org.hibernate.mapping.BasicValue - Skipping column re-registration: milestones.id
13:10:11.218 [main] DEBUG org.hibernate.boot.model.internal.PropertyBinder - Building property id
13:10:11.218 [main] DEBUG org.hibernate.boot.model.internal.BinderHelper - #makeIdGenerator(BasicValue([Column(id)]), id, identity, , ...)
13:10:11.218 [main] DEBUG org.hibernate.boot.model.internal.AnnotatedColumn - Binding column: AnnotatedColumn(column='date')
13:10:11.219 [main] DEBUG org.hibernate.boot.model.internal.PropertyBinder - MetadataSourceProcessor property date with lazy=false
13:10:11.219 [main] DEBUG org.hibernate.boot.model.internal.AbstractPropertyHolder - Attempting to locate auto-apply AttributeConverter for property [org.frcpm.models.Milestone:date]
13:10:11.219 [main] DEBUG org.hibernate.boot.model.internal.BasicValueBinder - building BasicValue for date
13:10:11.219 [main] DEBUG org.hibernate.mapping.BasicValue - Skipping column re-registration: milestones.date
13:10:11.219 [main] DEBUG org.hibernate.boot.model.internal.PropertyBinder - Building property date
13:10:11.219 [main] DEBUG org.hibernate.boot.model.internal.AnnotatedColumn - Binding column: AnnotatedColumn(column='description')
13:10:11.219 [main] DEBUG org.hibernate.boot.model.internal.PropertyBinder - MetadataSourceProcessor property description with lazy=false
13:10:11.219 [main] DEBUG org.hibernate.boot.model.internal.AbstractPropertyHolder - Attempting to locate auto-apply AttributeConverter for property [org.frcpm.models.Milestone:description]
13:10:11.219 [main] DEBUG org.hibernate.boot.model.internal.BasicValueBinder - building BasicValue for description
13:10:11.220 [main] DEBUG org.hibernate.mapping.BasicValue - Skipping column re-registration: milestones.description
13:10:11.220 [main] DEBUG org.hibernate.boot.model.internal.PropertyBinder - Building property description
13:10:11.220 [main] DEBUG org.hibernate.boot.model.internal.AnnotatedColumn - Binding column: AnnotatedColumn(column='name')
13:10:11.220 [main] DEBUG org.hibernate.boot.model.internal.PropertyBinder - MetadataSourceProcessor property name with lazy=false
13:10:11.220 [main] DEBUG org.hibernate.boot.model.internal.AbstractPropertyHolder - Attempting to locate auto-apply AttributeConverter for property [org.frcpm.models.Milestone:name]
13:10:11.220 [main] DEBUG org.hibernate.boot.model.internal.BasicValueBinder - building BasicValue for name
13:10:11.220 [main] DEBUG org.hibernate.mapping.BasicValue - Skipping column re-registration: milestones.name
13:10:11.220 [main] DEBUG org.hibernate.boot.model.internal.PropertyBinder - Building property name
13:10:11.221 [main] DEBUG org.hibernate.boot.model.internal.AnnotatedColumn - Binding column: AnnotatedJoinColumn(column='project_id')
13:10:11.221 [main] DEBUG org.hibernate.boot.model.internal.AnnotatedColumn - Binding column: AnnotatedColumn()
13:10:11.221 [main] DEBUG org.hibernate.boot.model.internal.PropertyBinder - Building property project
13:10:11.221 [main] DEBUG org.hibernate.boot.registry.classloading.internal.ClassLoaderServiceImpl - HHH000194: Package not found or no package-info.java: org.frcpm.models
13:10:11.221 [main] DEBUG org.hibernate.boot.model.internal.EntityBinder - Binding entity from annotated class: org.frcpm.models.Project
13:10:11.222 [main] DEBUG org.hibernate.boot.model.internal.EntityBinder - Import with entity name Project
13:10:11.222 [main] DEBUG org.hibernate.boot.model.internal.EntityBinder - Bind entity org.frcpm.models.Project on table projects
13:10:11.223 [main] DEBUG org.hibernate.boot.model.internal.AnnotatedColumn - Binding column: AnnotatedDiscriminatorColumn(column='DTYPE')
13:10:11.223 [main] DEBUG org.hibernate.boot.model.internal.AnnotatedColumn - Binding column: AnnotatedColumn()
13:10:11.223 [main] DEBUG org.hibernate.boot.internal.ClassLoaderAccessImpl - Not known whether passed class name [org.frcpm.models.Project] is safe
13:10:11.223 [main] DEBUG org.hibernate.boot.internal.ClassLoaderAccessImpl - No temp ClassLoader provided; using live ClassLoader for loading potentially unsafe class : org.frcpm.models.Project
13:10:11.223 [main] DEBUG org.hibernate.boot.model.internal.PropertyBinder - MetadataSourceProcessor property id with lazy=false
13:10:11.223 [main] DEBUG org.hibernate.boot.model.internal.AbstractPropertyHolder - Attempting to locate auto-apply AttributeConverter for property [org.frcpm.models.Project:id]
13:10:11.223 [main] DEBUG org.hibernate.boot.model.internal.BasicValueBinder - building BasicValue for id
13:10:11.224 [main] DEBUG org.hibernate.mapping.BasicValue - Skipping column re-registration: projects.id
13:10:11.224 [main] DEBUG org.hibernate.boot.model.internal.PropertyBinder - Building property id
13:10:11.224 [main] DEBUG org.hibernate.boot.model.internal.BinderHelper - #makeIdGenerator(BasicValue([Column(id)]), id, identity, , ...)
13:10:11.224 [main] DEBUG org.hibernate.boot.model.internal.AnnotatedColumn - Binding column: AnnotatedColumn(column='description')
13:10:11.224 [main] DEBUG org.hibernate.boot.model.internal.PropertyBinder - MetadataSourceProcessor property description with lazy=false
13:10:11.224 [main] DEBUG org.hibernate.boot.model.internal.AbstractPropertyHolder - Attempting to locate auto-apply AttributeConverter for property [org.frcpm.models.Project:description]
13:10:11.224 [main] DEBUG org.hibernate.boot.model.internal.BasicValueBinder - building BasicValue for description
13:10:11.224 [main] DEBUG org.hibernate.mapping.BasicValue - Skipping column re-registration: projects.description
13:10:11.224 [main] DEBUG org.hibernate.boot.model.internal.PropertyBinder - Building property description
13:10:11.224 [main] DEBUG org.hibernate.boot.model.internal.AnnotatedColumn - Binding column: AnnotatedColumn(column='goal_end_date')
13:10:11.224 [main] DEBUG org.hibernate.boot.model.internal.PropertyBinder - MetadataSourceProcessor property goalEndDate with lazy=false
13:10:11.224 [main] DEBUG org.hibernate.boot.model.internal.AbstractPropertyHolder - Attempting to locate auto-apply AttributeConverter for property [org.frcpm.models.Project:goalEndDate]
13:10:11.224 [main] DEBUG org.hibernate.boot.model.internal.BasicValueBinder - building BasicValue for goalEndDate
13:10:11.224 [main] DEBUG org.hibernate.mapping.BasicValue - Skipping column re-registration: projects.goal_end_date
13:10:11.224 [main] DEBUG org.hibernate.boot.model.internal.PropertyBinder - Building property goalEndDate
13:10:11.224 [main] DEBUG org.hibernate.boot.model.internal.AnnotatedColumn - Binding column: AnnotatedColumn(column='hard_deadline')
13:10:11.224 [main] DEBUG org.hibernate.boot.model.internal.PropertyBinder - MetadataSourceProcessor property hardDeadline with lazy=false
13:10:11.224 [main] DEBUG org.hibernate.boot.model.internal.AbstractPropertyHolder - Attempting to locate auto-apply AttributeConverter for property [org.frcpm.models.Project:hardDeadline]
13:10:11.224 [main] DEBUG org.hibernate.boot.model.internal.BasicValueBinder - building BasicValue for hardDeadline
13:10:11.224 [main] DEBUG org.hibernate.mapping.BasicValue - Skipping column re-registration: projects.hard_deadline
13:10:11.225 [main] DEBUG org.hibernate.boot.model.internal.PropertyBinder - Building property hardDeadline
13:10:11.225 [main] DEBUG org.hibernate.boot.model.internal.AnnotatedColumn - Binding column: AnnotatedJoinColumn()
13:10:11.225 [main] DEBUG org.hibernate.boot.model.internal.AnnotatedColumn - Binding column: AnnotatedColumn()
13:10:11.225 [main] DEBUG org.hibernate.boot.model.internal.AnnotatedColumn - Binding column: IndexColumn(column='meetings_ORDER')
13:10:11.225 [main] DEBUG org.hibernate.boot.model.internal.AnnotatedColumn - Binding column: AnnotatedColumn()
13:10:11.225 [main] DEBUG org.hibernate.boot.model.internal.AnnotatedColumn - Binding column: AnnotatedColumn(column='meetings_KEY')
13:10:11.225 [main] DEBUG org.hibernate.boot.model.internal.AnnotatedColumn - Binding column: AnnotatedJoinColumn(column='meetings_KEY')
13:10:11.225 [main] DEBUG org.hibernate.boot.model.internal.AnnotatedColumn - Binding column: AnnotatedJoinColumn()
13:10:11.225 [main] DEBUG org.hibernate.boot.model.internal.AnnotatedColumn - Binding column: AnnotatedJoinColumn()
13:10:11.225 [main] DEBUG org.hibernate.boot.model.internal.CollectionBinder - Collection role: org.frcpm.models.Project.meetings
13:10:11.225 [main] DEBUG org.hibernate.boot.model.internal.PropertyBinder - Building property meetings
13:10:11.225 [main] DEBUG org.hibernate.boot.model.internal.AnnotatedColumn - Binding column: AnnotatedJoinColumn()
13:10:11.226 [main] DEBUG org.hibernate.boot.model.internal.AnnotatedColumn - Binding column: AnnotatedColumn()
13:10:11.226 [main] DEBUG org.hibernate.boot.model.internal.AnnotatedColumn - Binding column: IndexColumn(column='milestones_ORDER')
13:10:11.226 [main] DEBUG org.hibernate.boot.model.internal.AnnotatedColumn - Binding column: AnnotatedColumn()
13:10:11.226 [main] DEBUG org.hibernate.boot.model.internal.AnnotatedColumn - Binding column: AnnotatedColumn(column='milestones_KEY')
13:10:11.226 [main] DEBUG org.hibernate.boot.model.internal.AnnotatedColumn - Binding column: AnnotatedJoinColumn(column='milestones_KEY')
13:10:11.226 [main] DEBUG org.hibernate.boot.model.internal.AnnotatedColumn - Binding column: AnnotatedJoinColumn()
13:10:11.226 [main] DEBUG org.hibernate.boot.model.internal.AnnotatedColumn - Binding column: AnnotatedJoinColumn()
13:10:11.226 [main] DEBUG org.hibernate.boot.model.internal.CollectionBinder - Collection role: org.frcpm.models.Project.milestones
13:10:11.226 [main] DEBUG org.hibernate.boot.model.internal.PropertyBinder - Building property milestones
13:10:11.226 [main] DEBUG org.hibernate.boot.model.internal.AnnotatedColumn - Binding column: AnnotatedColumn(column='name')
13:10:11.227 [main] DEBUG org.hibernate.boot.model.internal.PropertyBinder - MetadataSourceProcessor property name with lazy=false
13:10:11.227 [main] DEBUG org.hibernate.boot.model.internal.AbstractPropertyHolder - Attempting to locate auto-apply AttributeConverter for property [org.frcpm.models.Project:name]
13:10:11.227 [main] DEBUG org.hibernate.boot.model.internal.BasicValueBinder - building BasicValue for name
13:10:11.227 [main] DEBUG org.hibernate.mapping.BasicValue - Skipping column re-registration: projects.name
13:10:11.227 [main] DEBUG org.hibernate.boot.model.internal.PropertyBinder - Building property name
13:10:11.227 [main] DEBUG org.hibernate.boot.model.internal.AnnotatedColumn - Binding column: AnnotatedColumn(column='start_date')
13:10:11.227 [main] DEBUG org.hibernate.boot.model.internal.PropertyBinder - MetadataSourceProcessor property startDate with lazy=false
13:10:11.227 [main] DEBUG org.hibernate.boot.model.internal.AbstractPropertyHolder - Attempting to locate auto-apply AttributeConverter for property [org.frcpm.models.Project:startDate]
13:10:11.227 [main] DEBUG org.hibernate.boot.model.internal.BasicValueBinder - building BasicValue for startDate
13:10:11.227 [main] DEBUG org.hibernate.mapping.BasicValue - Skipping column re-registration: projects.start_date
13:10:11.227 [main] DEBUG org.hibernate.boot.model.internal.PropertyBinder - Building property startDate
13:10:11.227 [main] DEBUG org.hibernate.boot.model.internal.AnnotatedColumn - Binding column: AnnotatedJoinColumn()
13:10:11.227 [main] DEBUG org.hibernate.boot.model.internal.AnnotatedColumn - Binding column: AnnotatedColumn()
13:10:11.227 [main] DEBUG org.hibernate.boot.model.internal.AnnotatedColumn - Binding column: IndexColumn(column='tasks_ORDER')
13:10:11.228 [main] DEBUG org.hibernate.boot.model.internal.AnnotatedColumn - Binding column: AnnotatedColumn()
13:10:11.228 [main] DEBUG org.hibernate.boot.model.internal.AnnotatedColumn - Binding column: AnnotatedColumn(column='tasks_KEY')
13:10:11.228 [main] DEBUG org.hibernate.boot.model.internal.AnnotatedColumn - Binding column: AnnotatedJoinColumn(column='tasks_KEY')
13:10:11.228 [main] DEBUG org.hibernate.boot.model.internal.AnnotatedColumn - Binding column: AnnotatedJoinColumn()
13:10:11.228 [main] DEBUG org.hibernate.boot.model.internal.AnnotatedColumn - Binding column: AnnotatedJoinColumn()
13:10:11.228 [main] DEBUG org.hibernate.boot.model.internal.CollectionBinder - Collection role: org.frcpm.models.Project.tasks
13:10:11.228 [main] DEBUG org.hibernate.boot.model.internal.PropertyBinder - Building property tasks
13:10:11.229 [main] DEBUG org.hibernate.boot.registry.classloading.internal.ClassLoaderServiceImpl - HHH000194: Package not found or no package-info.java: org.frcpm.models
13:10:11.230 [main] DEBUG org.hibernate.boot.model.internal.EntityBinder - Binding entity from annotated class: org.frcpm.models.Subteam
13:10:11.230 [main] DEBUG org.hibernate.boot.model.internal.EntityBinder - Import with entity name Subteam
13:10:11.230 [main] DEBUG org.hibernate.boot.model.internal.EntityBinder - Bind entity org.frcpm.models.Subteam on table subteams
13:10:11.230 [main] DEBUG org.hibernate.boot.model.internal.AnnotatedColumn - Binding column: AnnotatedDiscriminatorColumn(column='DTYPE')
13:10:11.232 [main] DEBUG org.hibernate.boot.model.internal.AnnotatedColumn - Binding column: AnnotatedColumn()
13:10:11.232 [main] DEBUG org.hibernate.boot.internal.ClassLoaderAccessImpl - Not known whether passed class name [org.frcpm.models.Subteam] is safe
13:10:11.232 [main] DEBUG org.hibernate.boot.internal.ClassLoaderAccessImpl - No temp ClassLoader provided; using live ClassLoader for loading potentially unsafe class : org.frcpm.models.Subteam
13:10:11.232 [main] DEBUG org.hibernate.boot.model.internal.PropertyBinder - MetadataSourceProcessor property id with lazy=false
13:10:11.232 [main] DEBUG org.hibernate.boot.model.internal.AbstractPropertyHolder - Attempting to locate auto-apply AttributeConverter for property [org.frcpm.models.Subteam:id]
13:10:11.232 [main] DEBUG org.hibernate.boot.model.internal.BasicValueBinder - building BasicValue for id
13:10:11.232 [main] DEBUG org.hibernate.mapping.BasicValue - Skipping column re-registration: subteams.id
13:10:11.232 [main] DEBUG org.hibernate.boot.model.internal.PropertyBinder - Building property id
13:10:11.232 [main] DEBUG org.hibernate.boot.model.internal.BinderHelper - #makeIdGenerator(BasicValue([Column(id)]), id, identity, , ...)
13:10:11.232 [main] DEBUG org.hibernate.boot.model.internal.AnnotatedColumn - Binding column: AnnotatedColumn(column='color_code')
13:10:11.232 [main] DEBUG org.hibernate.boot.model.internal.PropertyBinder - MetadataSourceProcessor property colorCode with lazy=false
13:10:11.232 [main] DEBUG org.hibernate.boot.model.internal.AbstractPropertyHolder - Attempting to locate auto-apply AttributeConverter for property [org.frcpm.models.Subteam:colorCode]
13:10:11.232 [main] DEBUG org.hibernate.boot.model.internal.BasicValueBinder - building BasicValue for colorCode
13:10:11.232 [main] DEBUG org.hibernate.mapping.BasicValue - Skipping column re-registration: subteams.color_code
13:10:11.232 [main] DEBUG org.hibernate.boot.model.internal.PropertyBinder - Building property colorCode
13:10:11.232 [main] DEBUG org.hibernate.boot.model.internal.AnnotatedColumn - Binding column: AnnotatedJoinColumn()
13:10:11.232 [main] DEBUG org.hibernate.boot.model.internal.AnnotatedColumn - Binding column: AnnotatedColumn()
13:10:11.233 [main] DEBUG org.hibernate.boot.model.internal.AnnotatedColumn - Binding column: IndexColumn(column='members_ORDER')
13:10:11.233 [main] DEBUG org.hibernate.boot.model.internal.AnnotatedColumn - Binding column: AnnotatedColumn()
13:10:11.233 [main] DEBUG org.hibernate.boot.model.internal.AnnotatedColumn - Binding column: AnnotatedColumn(column='members_KEY')
13:10:11.233 [main] DEBUG org.hibernate.boot.model.internal.AnnotatedColumn - Binding column: AnnotatedJoinColumn(column='members_KEY')
13:10:11.233 [main] DEBUG org.hibernate.boot.model.internal.AnnotatedColumn - Binding column: AnnotatedJoinColumn()
13:10:11.234 [main] DEBUG org.hibernate.boot.model.internal.AnnotatedColumn - Binding column: AnnotatedJoinColumn()
13:10:11.234 [main] DEBUG org.hibernate.boot.model.internal.CollectionBinder - Collection role: org.frcpm.models.Subteam.members
13:10:11.234 [main] DEBUG org.hibernate.boot.model.internal.PropertyBinder - Building property members
13:10:11.234 [main] DEBUG org.hibernate.boot.model.internal.AnnotatedColumn - Binding column: AnnotatedColumn(column='name')
13:10:11.234 [main] DEBUG org.hibernate.boot.model.internal.PropertyBinder - MetadataSourceProcessor property name with lazy=false
13:10:11.234 [main] DEBUG org.hibernate.boot.model.internal.AbstractPropertyHolder - Attempting to locate auto-apply AttributeConverter for property [org.frcpm.models.Subteam:name]
13:10:11.234 [main] DEBUG org.hibernate.boot.model.internal.BasicValueBinder - building BasicValue for name
13:10:11.236 [main] DEBUG org.hibernate.mapping.BasicValue - Skipping column re-registration: subteams.name
13:10:11.236 [main] DEBUG org.hibernate.boot.model.internal.PropertyBinder - Building property name
13:10:11.236 [main] DEBUG org.hibernate.boot.model.internal.AnnotatedColumn - Binding column: AnnotatedColumn(column='specialties')
13:10:11.236 [main] DEBUG org.hibernate.boot.model.internal.PropertyBinder - MetadataSourceProcessor property specialties with lazy=false
13:10:11.236 [main] DEBUG org.hibernate.boot.model.internal.AbstractPropertyHolder - Attempting to locate auto-apply AttributeConverter for property [org.frcpm.models.Subteam:specialties]
13:10:11.236 [main] DEBUG org.hibernate.boot.model.internal.BasicValueBinder - building BasicValue for specialties
13:10:11.236 [main] DEBUG org.hibernate.mapping.BasicValue - Skipping column re-registration: subteams.specialties
13:10:11.236 [main] DEBUG org.hibernate.boot.model.internal.PropertyBinder - Building property specialties
13:10:11.237 [main] DEBUG org.hibernate.boot.model.internal.AnnotatedColumn - Binding column: AnnotatedJoinColumn()
13:10:11.237 [main] DEBUG org.hibernate.boot.model.internal.AnnotatedColumn - Binding column: AnnotatedColumn()
13:10:11.237 [main] DEBUG org.hibernate.boot.model.internal.AnnotatedColumn - Binding column: IndexColumn(column='subsystems_ORDER')
13:10:11.237 [main] DEBUG org.hibernate.boot.model.internal.AnnotatedColumn - Binding column: AnnotatedColumn()
13:10:11.238 [main] DEBUG org.hibernate.boot.model.internal.AnnotatedColumn - Binding column: AnnotatedColumn(column='subsystems_KEY')
13:10:11.238 [main] DEBUG org.hibernate.boot.model.internal.AnnotatedColumn - Binding column: AnnotatedJoinColumn(column='subsystems_KEY')
13:10:11.238 [main] DEBUG org.hibernate.boot.model.internal.AnnotatedColumn - Binding column: AnnotatedJoinColumn()
13:10:11.240 [main] DEBUG org.hibernate.boot.model.internal.AnnotatedColumn - Binding column: AnnotatedJoinColumn()
13:10:11.240 [main] DEBUG org.hibernate.boot.model.internal.CollectionBinder - Collection role: org.frcpm.models.Subteam.subsystems
13:10:11.240 [main] DEBUG org.hibernate.boot.model.internal.PropertyBinder - Building property subsystems
13:10:11.241 [main] DEBUG org.hibernate.boot.registry.classloading.internal.ClassLoaderServiceImpl - HHH000194: Package not found or no package-info.java: org.frcpm.models
13:10:11.244 [main] DEBUG org.hibernate.boot.model.internal.EntityBinder - Binding entity from annotated class: org.frcpm.models.Task
13:10:11.244 [main] DEBUG org.hibernate.boot.model.internal.EntityBinder - Import with entity name Task
13:10:11.244 [main] DEBUG org.hibernate.boot.model.internal.EntityBinder - Bind entity org.frcpm.models.Task on table tasks
13:10:11.245 [main] DEBUG org.hibernate.boot.model.internal.AnnotatedColumn - Binding column: AnnotatedDiscriminatorColumn(column='DTYPE')
13:10:11.261 [main] DEBUG org.hibernate.boot.model.internal.AnnotatedColumn - Binding column: AnnotatedColumn()
13:10:11.261 [main] DEBUG org.hibernate.boot.internal.ClassLoaderAccessImpl - Not known whether passed class name [org.frcpm.models.Task] is safe
13:10:11.261 [main] DEBUG org.hibernate.boot.internal.ClassLoaderAccessImpl - No temp ClassLoader provided; using live ClassLoader for loading potentially unsafe class : org.frcpm.models.Task
13:10:11.261 [main] DEBUG org.hibernate.boot.model.internal.PropertyBinder - MetadataSourceProcessor property id with lazy=false
13:10:11.261 [main] DEBUG org.hibernate.boot.model.internal.AbstractPropertyHolder - Attempting to locate auto-apply AttributeConverter for property [org.frcpm.models.Task:id]
13:10:11.261 [main] DEBUG org.hibernate.boot.model.internal.BasicValueBinder - building BasicValue for id
13:10:11.262 [main] DEBUG org.hibernate.mapping.BasicValue - Skipping column re-registration: tasks.id
13:10:11.262 [main] DEBUG org.hibernate.boot.model.internal.PropertyBinder - Building property id
13:10:11.262 [main] DEBUG org.hibernate.boot.model.internal.BinderHelper - #makeIdGenerator(BasicValue([Column(id)]), id, identity, , ...)
13:10:11.262 [main] DEBUG org.hibernate.boot.model.internal.AnnotatedColumn - Binding column: AnnotatedColumn(column='actual_duration_seconds')
13:10:11.262 [main] DEBUG org.hibernate.boot.model.internal.PropertyBinder - MetadataSourceProcessor property actualDurationSeconds with lazy=false
13:10:11.262 [main] DEBUG org.hibernate.boot.model.internal.AbstractPropertyHolder - Attempting to locate auto-apply AttributeConverter for property [org.frcpm.models.Task:actualDurationSeconds]
13:10:11.262 [main] DEBUG org.hibernate.boot.model.internal.BasicValueBinder - building BasicValue for actualDurationSeconds
13:10:11.262 [main] DEBUG org.hibernate.mapping.BasicValue - Skipping column re-registration: tasks.actual_duration_seconds
13:10:11.262 [main] DEBUG org.hibernate.boot.model.internal.PropertyBinder - Building property actualDurationSeconds
13:10:11.262 [main] DEBUG org.hibernate.boot.model.internal.AnnotatedColumn - Binding column: IndexColumn(column='assignedTo_ORDER')
13:10:11.262 [main] DEBUG org.hibernate.boot.model.internal.AnnotatedColumn - Binding column: AnnotatedColumn()
13:10:11.262 [main] DEBUG org.hibernate.boot.model.internal.AnnotatedColumn - Binding column: AnnotatedColumn(column='assignedTo_KEY')
13:10:11.262 [main] DEBUG org.hibernate.boot.model.internal.AnnotatedColumn - Binding column: AnnotatedJoinColumn(column='assignedTo_KEY')
13:10:11.263 [main] DEBUG org.hibernate.boot.model.internal.AnnotatedColumn - Binding column: AnnotatedJoinColumn(column='task_id')
13:10:11.263 [main] DEBUG org.hibernate.boot.model.internal.AnnotatedColumn - Binding column: AnnotatedJoinColumn(column='team_member_id')
13:10:11.263 [main] DEBUG org.hibernate.boot.model.internal.CollectionBinder - Collection role: org.frcpm.models.Task.assignedTo
13:10:11.263 [main] DEBUG org.hibernate.boot.model.internal.PropertyBinder - Building property assignedTo
13:10:11.263 [main] DEBUG org.hibernate.boot.model.internal.AnnotatedColumn - Binding column: AnnotatedColumn(column='completed')
13:10:11.263 [main] DEBUG org.hibernate.boot.model.internal.PropertyBinder - MetadataSourceProcessor property completed with lazy=false
13:10:11.263 [main] DEBUG org.hibernate.boot.model.internal.AbstractPropertyHolder - Attempting to locate auto-apply AttributeConverter for property [org.frcpm.models.Task:completed]
13:10:11.263 [main] DEBUG org.hibernate.boot.model.internal.BasicValueBinder - building BasicValue for completed
13:10:11.263 [main] DEBUG org.hibernate.mapping.BasicValue - Skipping column re-registration: tasks.completed
13:10:11.263 [main] DEBUG org.hibernate.boot.model.internal.PropertyBinder - Building property completed
13:10:11.263 [main] DEBUG org.hibernate.boot.model.internal.AnnotatedColumn - Binding column: AnnotatedColumn(column='description')
13:10:11.263 [main] DEBUG org.hibernate.boot.model.internal.PropertyBinder - MetadataSourceProcessor property description with lazy=false
13:10:11.263 [main] DEBUG org.hibernate.boot.model.internal.AbstractPropertyHolder - Attempting to locate auto-apply AttributeConverter for property [org.frcpm.models.Task:description]
13:10:11.263 [main] DEBUG org.hibernate.boot.model.internal.BasicValueBinder - building BasicValue for description
13:10:11.263 [main] DEBUG org.hibernate.mapping.BasicValue - Skipping column re-registration: tasks.description
13:10:11.263 [main] DEBUG org.hibernate.boot.model.internal.PropertyBinder - Building property description
13:10:11.263 [main] DEBUG org.hibernate.boot.model.internal.AnnotatedColumn - Binding column: AnnotatedColumn(column='end_date')
13:10:11.263 [main] DEBUG org.hibernate.boot.model.internal.PropertyBinder - MetadataSourceProcessor property endDate with lazy=false
13:10:11.263 [main] DEBUG org.hibernate.boot.model.internal.AbstractPropertyHolder - Attempting to locate auto-apply AttributeConverter for property [org.frcpm.models.Task:endDate]
13:10:11.263 [main] DEBUG org.hibernate.boot.model.internal.BasicValueBinder - building BasicValue for endDate
13:10:11.263 [main] DEBUG org.hibernate.mapping.BasicValue - Skipping column re-registration: tasks.end_date
13:10:11.263 [main] DEBUG org.hibernate.boot.model.internal.PropertyBinder - Building property endDate
13:10:11.263 [main] DEBUG org.hibernate.boot.model.internal.AnnotatedColumn - Binding column: AnnotatedColumn(column='estimated_duration_seconds')
13:10:11.264 [main] DEBUG org.hibernate.boot.model.internal.PropertyBinder - MetadataSourceProcessor property estimatedDurationSeconds with lazy=false
13:10:11.264 [main] DEBUG org.hibernate.boot.model.internal.AbstractPropertyHolder - Attempting to locate auto-apply AttributeConverter for property [org.frcpm.models.Task:estimatedDurationSeconds]
13:10:11.264 [main] DEBUG org.hibernate.boot.model.internal.BasicValueBinder - building BasicValue for estimatedDurationSeconds
13:10:11.264 [main] DEBUG org.hibernate.mapping.BasicValue - Skipping column re-registration: tasks.estimated_duration_seconds
13:10:11.264 [main] DEBUG org.hibernate.boot.model.internal.PropertyBinder - Building property estimatedDurationSeconds
13:10:11.264 [main] DEBUG org.hibernate.boot.model.internal.AnnotatedColumn - Binding column: IndexColumn(column='postDependencies_ORDER')
13:10:11.265 [main] DEBUG org.hibernate.boot.model.internal.AnnotatedColumn - Binding column: AnnotatedColumn()
13:10:11.265 [main] DEBUG org.hibernate.boot.model.internal.AnnotatedColumn - Binding column: AnnotatedColumn(column='postDependencies_KEY')
13:10:11.265 [main] DEBUG org.hibernate.boot.model.internal.AnnotatedColumn - Binding column: AnnotatedJoinColumn(column='postDependencies_KEY')
13:10:11.265 [main] DEBUG org.hibernate.boot.model.internal.AnnotatedColumn - Binding column: AnnotatedJoinColumn()
13:10:11.265 [main] DEBUG org.hibernate.boot.model.internal.AnnotatedColumn - Binding column: AnnotatedJoinColumn()
13:10:11.265 [main] DEBUG org.hibernate.boot.model.internal.CollectionBinder - Collection role: org.frcpm.models.Task.postDependencies
13:10:11.265 [main] DEBUG org.hibernate.boot.model.internal.PropertyBinder - Building property postDependencies
13:10:11.266 [main] DEBUG org.hibernate.boot.model.internal.AnnotatedColumn - Binding column: IndexColumn(column='preDependencies_ORDER')
13:10:11.266 [main] DEBUG org.hibernate.boot.model.internal.AnnotatedColumn - Binding column: AnnotatedColumn()
13:10:11.266 [main] DEBUG org.hibernate.boot.model.internal.AnnotatedColumn - Binding column: AnnotatedColumn(column='preDependencies_KEY')
13:10:11.266 [main] DEBUG org.hibernate.boot.model.internal.AnnotatedColumn - Binding column: AnnotatedJoinColumn(column='preDependencies_KEY')
13:10:11.267 [main] DEBUG org.hibernate.boot.model.internal.AnnotatedColumn - Binding column: AnnotatedJoinColumn(column='task_id')
13:10:11.267 [main] DEBUG org.hibernate.boot.model.internal.AnnotatedColumn - Binding column: AnnotatedJoinColumn(column='dependency_id')
13:10:11.267 [main] DEBUG org.hibernate.boot.model.internal.CollectionBinder - Collection role: org.frcpm.models.Task.preDependencies
13:10:11.267 [main] DEBUG org.hibernate.boot.model.internal.PropertyBinder - Building property preDependencies
13:10:11.268 [main] DEBUG org.hibernate.boot.model.internal.AnnotatedColumn - Binding column: AnnotatedColumn(column='priority')
13:10:11.268 [main] DEBUG org.hibernate.boot.model.internal.PropertyBinder - MetadataSourceProcessor property priority with lazy=false
13:10:11.268 [main] DEBUG org.hibernate.boot.model.internal.AbstractPropertyHolder - Attempting to locate auto-apply AttributeConverter for property [org.frcpm.models.Task:priority]
13:10:11.269 [main] DEBUG org.hibernate.boot.model.internal.BasicValueBinder - building BasicValue for priority
13:10:11.269 [main] DEBUG org.hibernate.mapping.BasicValue - Skipping column re-registration: tasks.priority
13:10:11.269 [main] DEBUG org.hibernate.boot.model.internal.PropertyBinder - Building property priority
13:10:11.275 [main] DEBUG org.hibernate.boot.model.internal.AnnotatedColumn - Binding column: AnnotatedColumn(column='progress')
13:10:11.275 [main] DEBUG org.hibernate.boot.model.internal.PropertyBinder - MetadataSourceProcessor property progress with lazy=false
13:10:11.275 [main] DEBUG org.hibernate.boot.model.internal.AbstractPropertyHolder - Attempting to locate auto-apply AttributeConverter for property [org.frcpm.models.Task:progress]
13:10:11.275 [main] DEBUG org.hibernate.boot.model.internal.BasicValueBinder - building BasicValue for progress
13:10:11.276 [main] DEBUG org.hibernate.mapping.BasicValue - Skipping column re-registration: tasks.progress
13:10:11.276 [main] DEBUG org.hibernate.boot.model.internal.PropertyBinder - Building property progress
13:10:11.276 [main] DEBUG org.hibernate.boot.model.internal.AnnotatedColumn - Binding column: AnnotatedJoinColumn(column='project_id')
13:10:11.276 [main] DEBUG org.hibernate.boot.model.internal.AnnotatedColumn - Binding column: AnnotatedColumn()
13:10:11.276 [main] DEBUG org.hibernate.boot.model.internal.PropertyBinder - Building property project
13:10:11.277 [main] DEBUG org.hibernate.boot.model.internal.AnnotatedColumn - Binding column: IndexColumn(column='requiredComponents_ORDER')
13:10:11.277 [main] DEBUG org.hibernate.boot.model.internal.AnnotatedColumn - Binding column: AnnotatedColumn()
13:10:11.278 [main] DEBUG org.hibernate.boot.model.internal.AnnotatedColumn - Binding column: AnnotatedColumn(column='requiredComponents_KEY')
13:10:11.278 [main] DEBUG org.hibernate.boot.model.internal.AnnotatedColumn - Binding column: AnnotatedJoinColumn(column='requiredComponents_KEY')
13:10:11.279 [main] DEBUG org.hibernate.boot.model.internal.AnnotatedColumn - Binding column: AnnotatedJoinColumn(column='task_id')
13:10:11.279 [main] DEBUG org.hibernate.boot.model.internal.AnnotatedColumn - Binding column: AnnotatedJoinColumn(column='component_id')
13:10:11.279 [main] DEBUG org.hibernate.boot.model.internal.CollectionBinder - Collection role: org.frcpm.models.Task.requiredComponents
13:10:11.279 [main] DEBUG org.hibernate.boot.model.internal.PropertyBinder - Building property requiredComponents
13:10:11.280 [main] DEBUG org.hibernate.boot.model.internal.AnnotatedColumn - Binding column: AnnotatedColumn(column='start_date')
13:10:11.280 [main] DEBUG org.hibernate.boot.model.internal.PropertyBinder - MetadataSourceProcessor property startDate with lazy=false
13:10:11.280 [main] DEBUG org.hibernate.boot.model.internal.AbstractPropertyHolder - Attempting to locate auto-apply AttributeConverter for property [org.frcpm.models.Task:startDate]
13:10:11.280 [main] DEBUG org.hibernate.boot.model.internal.BasicValueBinder - building BasicValue for startDate
13:10:11.280 [main] DEBUG org.hibernate.mapping.BasicValue - Skipping column re-registration: tasks.start_date
13:10:11.280 [main] DEBUG org.hibernate.boot.model.internal.PropertyBinder - Building property startDate
13:10:11.280 [main] DEBUG org.hibernate.boot.model.internal.AnnotatedColumn - Binding column: AnnotatedJoinColumn(column='subsystem_id')
13:10:11.280 [main] DEBUG org.hibernate.boot.model.internal.AnnotatedColumn - Binding column: AnnotatedColumn()
13:10:11.280 [main] DEBUG org.hibernate.boot.model.internal.PropertyBinder - Building property subsystem
13:10:11.281 [main] DEBUG org.hibernate.boot.model.internal.AnnotatedColumn - Binding column: AnnotatedColumn(column='title')
13:10:11.281 [main] DEBUG org.hibernate.boot.model.internal.PropertyBinder - MetadataSourceProcessor property title with lazy=false
13:10:11.281 [main] DEBUG org.hibernate.boot.model.internal.AbstractPropertyHolder - Attempting to locate auto-apply AttributeConverter for property [org.frcpm.models.Task:title]
13:10:11.281 [main] DEBUG org.hibernate.boot.model.internal.BasicValueBinder - building BasicValue for title
13:10:11.281 [main] DEBUG org.hibernate.mapping.BasicValue - Skipping column re-registration: tasks.title
13:10:11.281 [main] DEBUG org.hibernate.boot.model.internal.PropertyBinder - Building property title
13:10:11.282 [main] DEBUG org.hibernate.boot.registry.classloading.internal.ClassLoaderServiceImpl - HHH000194: Package not found or no package-info.java: org.frcpm.models
13:10:11.283 [main] DEBUG org.hibernate.boot.model.internal.EntityBinder - Binding entity from annotated class: org.frcpm.models.TeamMember
13:10:11.283 [main] DEBUG org.hibernate.boot.model.internal.EntityBinder - Import with entity name TeamMember
13:10:11.283 [main] DEBUG org.hibernate.boot.model.internal.EntityBinder - Bind entity org.frcpm.models.TeamMember on table team_members
13:10:11.283 [main] DEBUG org.hibernate.boot.model.internal.AnnotatedColumn - Binding column: AnnotatedDiscriminatorColumn(column='DTYPE')
13:10:11.286 [main] DEBUG org.hibernate.boot.model.internal.AnnotatedColumn - Binding column: AnnotatedColumn()
13:10:11.287 [main] DEBUG org.hibernate.boot.internal.ClassLoaderAccessImpl - Not known whether passed class name [org.frcpm.models.TeamMember] is safe
13:10:11.287 [main] DEBUG org.hibernate.boot.internal.ClassLoaderAccessImpl - No temp ClassLoader provided; using live ClassLoader for loading potentially unsafe class : org.frcpm.models.TeamMember
13:10:11.287 [main] DEBUG org.hibernate.boot.model.internal.PropertyBinder - MetadataSourceProcessor property id with lazy=false
13:10:11.287 [main] DEBUG org.hibernate.boot.model.internal.AbstractPropertyHolder - Attempting to locate auto-apply AttributeConverter for property [org.frcpm.models.TeamMember:id]
13:10:11.287 [main] DEBUG org.hibernate.boot.model.internal.BasicValueBinder - building BasicValue for id
13:10:11.288 [main] DEBUG org.hibernate.mapping.BasicValue - Skipping column re-registration: team_members.id
13:10:11.288 [main] DEBUG org.hibernate.boot.model.internal.PropertyBinder - Building property id
13:10:11.288 [main] DEBUG org.hibernate.boot.model.internal.BinderHelper - #makeIdGenerator(BasicValue([Column(id)]), id, identity, , ...)
13:10:11.289 [main] DEBUG org.hibernate.boot.model.internal.AnnotatedColumn - Binding column: IndexColumn(column='assignedTasks_ORDER')
13:10:11.290 [main] DEBUG org.hibernate.boot.model.internal.AnnotatedColumn - Binding column: AnnotatedColumn()
13:10:11.290 [main] DEBUG org.hibernate.boot.model.internal.AnnotatedColumn - Binding column: AnnotatedColumn(column='assignedTasks_KEY')
13:10:11.290 [main] DEBUG org.hibernate.boot.model.internal.AnnotatedColumn - Binding column: AnnotatedJoinColumn(column='assignedTasks_KEY')
13:10:11.290 [main] DEBUG org.hibernate.boot.model.internal.AnnotatedColumn - Binding column: AnnotatedJoinColumn()
13:10:11.291 [main] DEBUG org.hibernate.boot.model.internal.AnnotatedColumn - Binding column: AnnotatedJoinColumn()
13:10:11.291 [main] DEBUG org.hibernate.boot.model.internal.CollectionBinder - Collection role: org.frcpm.models.TeamMember.assignedTasks
13:10:11.291 [main] DEBUG org.hibernate.boot.model.internal.PropertyBinder - Building property assignedTasks
13:10:11.291 [main] DEBUG org.hibernate.boot.model.internal.AnnotatedColumn - Binding column: AnnotatedJoinColumn()
13:10:11.291 [main] DEBUG org.hibernate.boot.model.internal.AnnotatedColumn - Binding column: AnnotatedColumn()
13:10:11.291 [main] DEBUG org.hibernate.boot.model.internal.AnnotatedColumn - Binding column: IndexColumn(column='attendances_ORDER')
13:10:11.291 [main] DEBUG org.hibernate.boot.model.internal.AnnotatedColumn - Binding column: AnnotatedColumn()
13:10:11.291 [main] DEBUG org.hibernate.boot.model.internal.AnnotatedColumn - Binding column: AnnotatedColumn(column='attendances_KEY')
13:10:11.291 [main] DEBUG org.hibernate.boot.model.internal.AnnotatedColumn - Binding column: AnnotatedJoinColumn(column='attendances_KEY')
13:10:11.291 [main] DEBUG org.hibernate.boot.model.internal.AnnotatedColumn - Binding column: AnnotatedJoinColumn()
13:10:11.291 [main] DEBUG org.hibernate.boot.model.internal.AnnotatedColumn - Binding column: AnnotatedJoinColumn()
13:10:11.291 [main] DEBUG org.hibernate.boot.model.internal.CollectionBinder - Collection role: org.frcpm.models.TeamMember.attendances
13:10:11.291 [main] DEBUG org.hibernate.boot.model.internal.PropertyBinder - Building property attendances
13:10:11.291 [main] DEBUG org.hibernate.boot.model.internal.AnnotatedColumn - Binding column: AnnotatedColumn(column='email')
13:10:11.292 [main] DEBUG org.hibernate.boot.model.internal.PropertyBinder - MetadataSourceProcessor property email with lazy=false
13:10:11.292 [main] DEBUG org.hibernate.boot.model.internal.AbstractPropertyHolder - Attempting to locate auto-apply AttributeConverter for property [org.frcpm.models.TeamMember:email]
13:10:11.292 [main] DEBUG org.hibernate.boot.model.internal.BasicValueBinder - building BasicValue for email
13:10:11.292 [main] DEBUG org.hibernate.mapping.BasicValue - Skipping column re-registration: team_members.email
13:10:11.292 [main] DEBUG org.hibernate.boot.model.internal.PropertyBinder - Building property email
13:10:11.292 [main] DEBUG org.hibernate.boot.model.internal.AnnotatedColumn - Binding column: AnnotatedColumn(column='first_name')
13:10:11.292 [main] DEBUG org.hibernate.boot.model.internal.PropertyBinder - MetadataSourceProcessor property firstName with lazy=false
13:10:11.292 [main] DEBUG org.hibernate.boot.model.internal.AbstractPropertyHolder - Attempting to locate auto-apply AttributeConverter for property [org.frcpm.models.TeamMember:firstName]
13:10:11.292 [main] DEBUG org.hibernate.boot.model.internal.BasicValueBinder - building BasicValue for firstName
13:10:11.292 [main] DEBUG org.hibernate.mapping.BasicValue - Skipping column re-registration: team_members.first_name
13:10:11.292 [main] DEBUG org.hibernate.boot.model.internal.PropertyBinder - Building property firstName
13:10:11.292 [main] DEBUG org.hibernate.boot.model.internal.AnnotatedColumn - Binding column: AnnotatedColumn(column='last_name')
13:10:11.292 [main] DEBUG org.hibernate.boot.model.internal.PropertyBinder - MetadataSourceProcessor property lastName with lazy=false
13:10:11.292 [main] DEBUG org.hibernate.boot.model.internal.AbstractPropertyHolder - Attempting to locate auto-apply AttributeConverter for property [org.frcpm.models.TeamMember:lastName]
13:10:11.292 [main] DEBUG org.hibernate.boot.model.internal.BasicValueBinder - building BasicValue for lastName
13:10:11.292 [main] DEBUG org.hibernate.mapping.BasicValue - Skipping column re-registration: team_members.last_name
13:10:11.292 [main] DEBUG org.hibernate.boot.model.internal.PropertyBinder - Building property lastName
13:10:11.292 [main] DEBUG org.hibernate.boot.model.internal.AnnotatedColumn - Binding column: AnnotatedColumn(column='is_leader')
13:10:11.293 [main] DEBUG org.hibernate.boot.model.internal.PropertyBinder - MetadataSourceProcessor property leader with lazy=false
13:10:11.293 [main] DEBUG org.hibernate.boot.model.internal.AbstractPropertyHolder - Attempting to locate auto-apply AttributeConverter for property [org.frcpm.models.TeamMember:leader]
13:10:11.293 [main] DEBUG org.hibernate.boot.model.internal.BasicValueBinder - building BasicValue for leader
13:10:11.293 [main] DEBUG org.hibernate.mapping.BasicValue - Skipping column re-registration: team_members.is_leader
13:10:11.293 [main] DEBUG org.hibernate.boot.model.internal.PropertyBinder - Building property leader
13:10:11.293 [main] DEBUG org.hibernate.boot.model.internal.AnnotatedColumn - Binding column: AnnotatedColumn(column='phone')
13:10:11.293 [main] DEBUG org.hibernate.boot.model.internal.PropertyBinder - MetadataSourceProcessor property phone with lazy=false
13:10:11.293 [main] DEBUG org.hibernate.boot.model.internal.AbstractPropertyHolder - Attempting to locate auto-apply AttributeConverter for property [org.frcpm.models.TeamMember:phone]
13:10:11.293 [main] DEBUG org.hibernate.boot.model.internal.BasicValueBinder - building BasicValue for phone
13:10:11.293 [main] DEBUG org.hibernate.mapping.BasicValue - Skipping column re-registration: team_members.phone
13:10:11.293 [main] DEBUG org.hibernate.boot.model.internal.PropertyBinder - Building property phone
13:10:11.293 [main] DEBUG org.hibernate.boot.model.internal.AnnotatedColumn - Binding column: AnnotatedColumn(column='skills')
13:10:11.293 [main] DEBUG org.hibernate.boot.model.internal.PropertyBinder - MetadataSourceProcessor property skills with lazy=false
13:10:11.293 [main] DEBUG org.hibernate.boot.model.internal.AbstractPropertyHolder - Attempting to locate auto-apply AttributeConverter for property [org.frcpm.models.TeamMember:skills]
13:10:11.293 [main] DEBUG org.hibernate.boot.model.internal.BasicValueBinder - building BasicValue for skills
13:10:11.293 [main] DEBUG org.hibernate.mapping.BasicValue - Skipping column re-registration: team_members.skills
13:10:11.293 [main] DEBUG org.hibernate.boot.model.internal.PropertyBinder - Building property skills
13:10:11.293 [main] DEBUG org.hibernate.boot.model.internal.AnnotatedColumn - Binding column: AnnotatedJoinColumn(column='subteam_id')
13:10:11.293 [main] DEBUG org.hibernate.boot.model.internal.AnnotatedColumn - Binding column: AnnotatedColumn()
13:10:11.293 [main] DEBUG org.hibernate.boot.model.internal.PropertyBinder - Building property subteam
13:10:11.295 [main] DEBUG org.hibernate.boot.model.internal.AnnotatedColumn - Binding column: AnnotatedColumn(column='username')
13:10:11.295 [main] DEBUG org.hibernate.boot.model.internal.PropertyBinder - MetadataSourceProcessor property username with lazy=false
13:10:11.295 [main] DEBUG org.hibernate.boot.model.internal.AbstractPropertyHolder - Attempting to locate auto-apply AttributeConverter for property [org.frcpm.models.TeamMember:username]
13:10:11.295 [main] DEBUG org.hibernate.boot.model.internal.BasicValueBinder - building BasicValue for username
13:10:11.295 [main] DEBUG org.hibernate.mapping.BasicValue - Skipping column re-registration: team_members.username
13:10:11.295 [main] DEBUG org.hibernate.boot.model.internal.PropertyBinder - Building property username
13:10:11.296 [main] DEBUG org.hibernate.boot.registry.classloading.internal.ClassLoaderServiceImpl - HHH000194: Package not found or no package-info.java: org.frcpm.models
13:10:11.297 [main] DEBUG org.hibernate.boot.model.internal.BasicValueBinder - Starting `BasicValueBinder#fillSimpleValue` for id
13:10:11.301 [main] DEBUG org.hibernate.boot.model.internal.BasicValueBinder - Starting `BasicValueBinder#fillSimpleValue` for arrivalTime
13:10:11.302 [main] DEBUG org.hibernate.boot.model.internal.BasicValueBinder - Starting `BasicValueBinder#fillSimpleValue` for departureTime
13:10:11.302 [main] DEBUG org.hibernate.boot.model.internal.BasicValueBinder - Starting `BasicValueBinder#fillSimpleValue` for present
13:10:11.302 [main] DEBUG org.hibernate.boot.model.internal.BasicValueBinder - Starting `BasicValueBinder#fillSimpleValue` for id
13:10:11.302 [main] DEBUG org.hibernate.boot.model.internal.BasicValueBinder - Starting `BasicValueBinder#fillSimpleValue` for date
13:10:11.303 [main] DEBUG org.hibernate.boot.model.internal.BasicValueBinder - Starting `BasicValueBinder#fillSimpleValue` for endTime
13:10:11.303 [main] DEBUG org.hibernate.boot.model.internal.BasicValueBinder - Starting `BasicValueBinder#fillSimpleValue` for notes
13:10:11.303 [main] DEBUG org.hibernate.boot.model.internal.BasicValueBinder - Starting `BasicValueBinder#fillSimpleValue` for startTime
13:10:11.303 [main] DEBUG org.hibernate.boot.model.internal.BasicValueBinder - Starting `BasicValueBinder#fillSimpleValue` for id
13:10:11.303 [main] DEBUG org.hibernate.boot.model.internal.BasicValueBinder - Starting `BasicValueBinder#fillSimpleValue` for description
13:10:11.303 [main] DEBUG org.hibernate.boot.model.internal.BasicValueBinder - Starting `BasicValueBinder#fillSimpleValue` for name
13:10:11.303 [main] DEBUG org.hibernate.boot.model.internal.BasicValueBinder - Starting `BasicValueBinder#fillSimpleValue` for status
13:10:11.309 [main] DEBUG org.hibernate.boot.model.internal.BasicValueBinder - Starting `BasicValueBinder#fillSimpleValue` for id
13:10:11.309 [main] DEBUG org.hibernate.boot.model.internal.BasicValueBinder - Starting `BasicValueBinder#fillSimpleValue` for actualDelivery
13:10:11.309 [main] DEBUG org.hibernate.boot.model.internal.BasicValueBinder - Starting `BasicValueBinder#fillSimpleValue` for delivered
13:10:11.309 [main] DEBUG org.hibernate.boot.model.internal.BasicValueBinder - Starting `BasicValueBinder#fillSimpleValue` for description
13:10:11.309 [main] DEBUG org.hibernate.boot.model.internal.BasicValueBinder - Starting `BasicValueBinder#fillSimpleValue` for expectedDelivery
13:10:11.309 [main] DEBUG org.hibernate.boot.model.internal.BasicValueBinder - Starting `BasicValueBinder#fillSimpleValue` for name
13:10:11.309 [main] DEBUG org.hibernate.boot.model.internal.BasicValueBinder - Starting `BasicValueBinder#fillSimpleValue` for partNumber
13:10:11.309 [main] DEBUG org.hibernate.boot.model.internal.BasicValueBinder - Starting `BasicValueBinder#fillSimpleValue` for id
13:10:11.309 [main] DEBUG org.hibernate.boot.model.internal.BasicValueBinder - Starting `BasicValueBinder#fillSimpleValue` for date
13:10:11.309 [main] DEBUG org.hibernate.boot.model.internal.BasicValueBinder - Starting `BasicValueBinder#fillSimpleValue` for description
13:10:11.309 [main] DEBUG org.hibernate.boot.model.internal.BasicValueBinder - Starting `BasicValueBinder#fillSimpleValue` for name
13:10:11.310 [main] DEBUG org.hibernate.boot.model.internal.BasicValueBinder - Starting `BasicValueBinder#fillSimpleValue` for id
13:10:11.310 [main] DEBUG org.hibernate.boot.model.internal.BasicValueBinder - Starting `BasicValueBinder#fillSimpleValue` for description
13:10:11.310 [main] DEBUG org.hibernate.boot.model.internal.BasicValueBinder - Starting `BasicValueBinder#fillSimpleValue` for goalEndDate
13:10:11.310 [main] DEBUG org.hibernate.boot.model.internal.BasicValueBinder - Starting `BasicValueBinder#fillSimpleValue` for hardDeadline
13:10:11.310 [main] DEBUG org.hibernate.boot.model.internal.BasicValueBinder - Starting `BasicValueBinder#fillSimpleValue` for name
13:10:11.310 [main] DEBUG org.hibernate.boot.model.internal.BasicValueBinder - Starting `BasicValueBinder#fillSimpleValue` for startDate
13:10:11.310 [main] DEBUG org.hibernate.boot.model.internal.BasicValueBinder - Starting `BasicValueBinder#fillSimpleValue` for id
13:10:11.310 [main] DEBUG org.hibernate.boot.model.internal.BasicValueBinder - Starting `BasicValueBinder#fillSimpleValue` for colorCode
13:10:11.310 [main] DEBUG org.hibernate.boot.model.internal.BasicValueBinder - Starting `BasicValueBinder#fillSimpleValue` for name
13:10:11.310 [main] DEBUG org.hibernate.boot.model.internal.BasicValueBinder - Starting `BasicValueBinder#fillSimpleValue` for specialties
13:10:11.310 [main] DEBUG org.hibernate.boot.model.internal.BasicValueBinder - Starting `BasicValueBinder#fillSimpleValue` for id
13:10:11.310 [main] DEBUG org.hibernate.boot.model.internal.BasicValueBinder - Starting `BasicValueBinder#fillSimpleValue` for actualDurationSeconds
13:10:11.310 [main] DEBUG org.hibernate.boot.model.internal.BasicValueBinder - Starting `BasicValueBinder#fillSimpleValue` for completed
13:10:11.310 [main] DEBUG org.hibernate.boot.model.internal.BasicValueBinder - Starting `BasicValueBinder#fillSimpleValue` for description
13:10:11.310 [main] DEBUG org.hibernate.boot.model.internal.BasicValueBinder - Starting `BasicValueBinder#fillSimpleValue` for endDate
13:10:11.310 [main] DEBUG org.hibernate.boot.model.internal.BasicValueBinder - Starting `BasicValueBinder#fillSimpleValue` for estimatedDurationSeconds
13:10:11.310 [main] DEBUG org.hibernate.boot.model.internal.BasicValueBinder - Starting `BasicValueBinder#fillSimpleValue` for priority
13:10:11.310 [main] DEBUG org.hibernate.boot.model.internal.BasicValueBinder - Starting `BasicValueBinder#fillSimpleValue` for progress
13:10:11.310 [main] DEBUG org.hibernate.boot.model.internal.BasicValueBinder - Starting `BasicValueBinder#fillSimpleValue` for startDate
13:10:11.310 [main] DEBUG org.hibernate.boot.model.internal.BasicValueBinder - Starting `BasicValueBinder#fillSimpleValue` for title
13:10:11.310 [main] DEBUG org.hibernate.boot.model.internal.BasicValueBinder - Starting `BasicValueBinder#fillSimpleValue` for id
13:10:11.310 [main] DEBUG org.hibernate.boot.model.internal.BasicValueBinder - Starting `BasicValueBinder#fillSimpleValue` for email
13:10:11.310 [main] DEBUG org.hibernate.boot.model.internal.BasicValueBinder - Starting `BasicValueBinder#fillSimpleValue` for firstName
13:10:11.310 [main] DEBUG org.hibernate.boot.model.internal.BasicValueBinder - Starting `BasicValueBinder#fillSimpleValue` for lastName
13:10:11.311 [main] DEBUG org.hibernate.boot.model.internal.BasicValueBinder - Starting `BasicValueBinder#fillSimpleValue` for leader
13:10:11.311 [main] DEBUG org.hibernate.boot.model.internal.BasicValueBinder - Starting `BasicValueBinder#fillSimpleValue` for phone
13:10:11.311 [main] DEBUG org.hibernate.boot.model.internal.BasicValueBinder - Starting `BasicValueBinder#fillSimpleValue` for skills
13:10:11.311 [main] DEBUG org.hibernate.boot.model.internal.BasicValueBinder - Starting `BasicValueBinder#fillSimpleValue` for username
13:10:11.318 [main] DEBUG org.hibernate.mapping.PrimaryKey - Forcing column [id] to be non-null as it is part of the primary key for table [attendances]
13:10:11.318 [main] DEBUG org.hibernate.mapping.PrimaryKey - Forcing column [id] to be non-null as it is part of the primary key for table [meetings]
13:10:11.318 [main] DEBUG org.hibernate.mapping.PrimaryKey - Forcing column [id] to be non-null as it is part of the primary key for table [subsystems]
13:10:11.318 [main] DEBUG org.hibernate.mapping.PrimaryKey - Forcing column [id] to be non-null as it is part of the primary key for table [components]
13:10:11.318 [main] DEBUG org.hibernate.mapping.PrimaryKey - Forcing column [id] to be non-null as it is part of the primary key for table [milestones]
13:10:11.318 [main] DEBUG org.hibernate.mapping.PrimaryKey - Forcing column [id] to be non-null as it is part of the primary key for table [projects]
13:10:11.318 [main] DEBUG org.hibernate.mapping.PrimaryKey - Forcing column [id] to be non-null as it is part of the primary key for table [subteams]
13:10:11.318 [main] DEBUG org.hibernate.mapping.PrimaryKey - Forcing column [id] to be non-null as it is part of the primary key for table [tasks]
13:10:11.318 [main] DEBUG org.hibernate.mapping.PrimaryKey - Forcing column [id] to be non-null as it is part of the primary key for table [team_members]
13:10:11.318 [main] DEBUG org.hibernate.boot.model.internal.CollectionSecondPass - Second pass for collection: org.frcpm.models.Task.requiredComponents
13:10:11.318 [main] DEBUG org.hibernate.boot.model.internal.CollectionBinder - Binding a ManyToMany: org.frcpm.models.Task.requiredComponents
13:10:11.320 [main] DEBUG org.hibernate.boot.registry.classloading.internal.ClassLoaderServiceImpl - HHH000194: Package not found or no package-info.java: org.frcpm.models
13:10:11.328 [main] DEBUG org.hibernate.mapping.PrimaryKey - Forcing column [task_id] to be non-null as it is part of the primary key for table [task_components]
13:10:11.328 [main] DEBUG org.hibernate.mapping.PrimaryKey - Forcing column [component_id] to be non-null as it is part of the primary key for table [task_components]
13:10:11.328 [main] DEBUG org.hibernate.boot.model.internal.CollectionSecondPass - Mapped collection key: task_id, element: component_id
13:10:11.328 [main] DEBUG org.hibernate.boot.model.internal.CollectionSecondPass - Second pass for collection: org.frcpm.models.Task.preDependencies
13:10:11.328 [main] DEBUG org.hibernate.boot.model.internal.CollectionBinder - Binding a ManyToMany: org.frcpm.models.Task.preDependencies
13:10:11.329 [main] DEBUG org.hibernate.boot.registry.classloading.internal.ClassLoaderServiceImpl - HHH000194: Package not found or no package-info.java: org.frcpm.models
13:10:11.329 [main] DEBUG org.hibernate.mapping.PrimaryKey - Forcing column [task_id] to be non-null as it is part of the primary key for table [task_dependencies]
13:10:11.329 [main] DEBUG org.hibernate.mapping.PrimaryKey - Forcing column [dependency_id] to be non-null as it is part of the primary key for table [task_dependencies]
13:10:11.329 [main] DEBUG org.hibernate.boot.model.internal.CollectionSecondPass - Mapped collection key: task_id, element: dependency_id
13:10:11.329 [main] DEBUG org.hibernate.boot.model.internal.CollectionSecondPass - Second pass for collection: org.frcpm.models.Task.assignedTo
13:10:11.329 [main] DEBUG org.hibernate.boot.model.internal.CollectionBinder - Binding a ManyToMany: org.frcpm.models.Task.assignedTo
13:10:11.330 [main] DEBUG org.hibernate.boot.registry.classloading.internal.ClassLoaderServiceImpl - HHH000194: Package not found or no package-info.java: org.frcpm.models
13:10:11.330 [main] DEBUG org.hibernate.mapping.PrimaryKey - Forcing column [task_id] to be non-null as it is part of the primary key for table [task_assignments]
13:10:11.330 [main] DEBUG org.hibernate.mapping.PrimaryKey - Forcing column [team_member_id] to be non-null as it is part of the primary key for table [task_assignments]
13:10:11.330 [main] DEBUG org.hibernate.boot.model.internal.CollectionSecondPass - Mapped collection key: task_id, element: team_member_id
13:10:11.333 [main] DEBUG org.hibernate.boot.model.internal.CollectionSecondPass - Second pass for collection: org.frcpm.models.Meeting.attendances
13:10:11.333 [main] DEBUG org.hibernate.boot.model.internal.CollectionBinder - Binding a OneToMany: org.frcpm.models.Meeting.attendances through a foreign key
13:10:11.333 [main] DEBUG org.hibernate.boot.model.internal.CollectionBinder - Mapping collection: org.frcpm.models.Meeting.attendances -> attendances
13:10:11.334 [main] DEBUG org.hibernate.boot.model.internal.TableBinder - Retrieving property org.frcpm.models.Attendance.meeting
13:10:11.334 [main] DEBUG org.hibernate.boot.model.internal.CollectionSecondPass - Mapped collection key: meeting_id, one-to-many: org.frcpm.models.Attendance
13:10:11.334 [main] DEBUG org.hibernate.boot.model.internal.CollectionSecondPass - Second pass for collection: org.frcpm.models.Subsystem.tasks
13:10:11.334 [main] DEBUG org.hibernate.boot.model.internal.CollectionBinder - Binding a OneToMany: org.frcpm.models.Subsystem.tasks through a foreign key
13:10:11.334 [main] DEBUG org.hibernate.boot.model.internal.CollectionBinder - Mapping collection: org.frcpm.models.Subsystem.tasks -> tasks
13:10:11.334 [main] DEBUG org.hibernate.boot.model.internal.TableBinder - Retrieving property org.frcpm.models.Task.subsystem
13:10:11.334 [main] DEBUG org.hibernate.boot.model.internal.CollectionSecondPass - Mapped collection key: subsystem_id, one-to-many: org.frcpm.models.Task
13:10:11.334 [main] DEBUG org.hibernate.boot.model.internal.CollectionSecondPass - Second pass for collection: org.frcpm.models.Component.requiredForTasks
13:10:11.334 [main] DEBUG org.hibernate.boot.model.internal.CollectionBinder - Binding a ManyToMany: org.frcpm.models.Component.requiredForTasks
13:10:11.334 [main] DEBUG org.hibernate.boot.registry.classloading.internal.ClassLoaderServiceImpl - HHH000194: Package not found or no package-info.java: org.frcpm.models
13:10:11.335 [main] DEBUG org.hibernate.boot.model.internal.TableBinder - Retrieving property org.frcpm.models.Task.requiredComponents
13:10:11.335 [main] DEBUG org.hibernate.boot.model.internal.CollectionSecondPass - Mapped collection key: component_id, element: task_id
13:10:11.335 [main] DEBUG org.hibernate.boot.model.internal.CollectionSecondPass - Second pass for collection: org.frcpm.models.Project.meetings
13:10:11.335 [main] DEBUG org.hibernate.boot.model.internal.CollectionBinder - Binding a OneToMany: org.frcpm.models.Project.meetings through a foreign key
13:10:11.335 [main] DEBUG org.hibernate.boot.model.internal.CollectionBinder - Mapping collection: org.frcpm.models.Project.meetings -> meetings
13:10:11.335 [main] DEBUG org.hibernate.boot.model.internal.TableBinder - Retrieving property org.frcpm.models.Meeting.project
13:10:11.335 [main] DEBUG org.hibernate.boot.model.internal.CollectionSecondPass - Mapped collection key: project_id, one-to-many: org.frcpm.models.Meeting
13:10:11.335 [main] DEBUG org.hibernate.boot.model.internal.CollectionSecondPass - Second pass for collection: org.frcpm.models.Project.milestones
13:10:11.335 [main] DEBUG org.hibernate.boot.model.internal.CollectionBinder - Binding a OneToMany: org.frcpm.models.Project.milestones through a foreign key
13:10:11.335 [main] DEBUG org.hibernate.boot.model.internal.CollectionBinder - Mapping collection: org.frcpm.models.Project.milestones -> milestones
13:10:11.335 [main] DEBUG org.hibernate.boot.model.internal.TableBinder - Retrieving property org.frcpm.models.Milestone.project
13:10:11.335 [main] DEBUG org.hibernate.boot.model.internal.CollectionSecondPass - Mapped collection key: project_id, one-to-many: org.frcpm.models.Milestone
13:10:11.335 [main] DEBUG org.hibernate.boot.model.internal.CollectionSecondPass - Second pass for collection: org.frcpm.models.Project.tasks
13:10:11.335 [main] DEBUG org.hibernate.boot.model.internal.CollectionBinder - Binding a OneToMany: org.frcpm.models.Project.tasks through a foreign key
13:10:11.336 [main] DEBUG org.hibernate.boot.model.internal.CollectionBinder - Mapping collection: org.frcpm.models.Project.tasks -> tasks
13:10:11.336 [main] DEBUG org.hibernate.boot.model.internal.TableBinder - Retrieving property org.frcpm.models.Task.project
13:10:11.336 [main] DEBUG org.hibernate.boot.model.internal.CollectionSecondPass - Mapped collection key: project_id, one-to-many: org.frcpm.models.Task
13:10:11.336 [main] DEBUG org.hibernate.boot.model.internal.CollectionSecondPass - Second pass for collection: org.frcpm.models.Subteam.members
13:10:11.336 [main] DEBUG org.hibernate.boot.model.internal.CollectionBinder - Binding a OneToMany: org.frcpm.models.Subteam.members through a foreign key
13:10:11.336 [main] DEBUG org.hibernate.boot.model.internal.CollectionBinder - Mapping collection: org.frcpm.models.Subteam.members -> team_members
13:10:11.336 [main] DEBUG org.hibernate.boot.model.internal.TableBinder - Retrieving property org.frcpm.models.TeamMember.subteam
13:10:11.336 [main] DEBUG org.hibernate.boot.model.internal.CollectionSecondPass - Mapped collection key: subteam_id, one-to-many: org.frcpm.models.TeamMember
13:10:11.336 [main] DEBUG org.hibernate.boot.model.internal.CollectionSecondPass - Second pass for collection: org.frcpm.models.Subteam.subsystems
13:10:11.336 [main] DEBUG org.hibernate.boot.model.internal.CollectionBinder - Binding a OneToMany: org.frcpm.models.Subteam.subsystems through a foreign key
13:10:11.336 [main] DEBUG org.hibernate.boot.model.internal.CollectionBinder - Mapping collection: org.frcpm.models.Subteam.subsystems -> subsystems
13:10:11.336 [main] DEBUG org.hibernate.boot.model.internal.TableBinder - Retrieving property org.frcpm.models.Subsystem.responsibleSubteam
13:10:11.336 [main] DEBUG org.hibernate.boot.model.internal.CollectionSecondPass - Mapped collection key: responsible_subteam_id, one-to-many: org.frcpm.models.Subsystem
13:10:11.336 [main] DEBUG org.hibernate.boot.model.internal.CollectionSecondPass - Second pass for collection: org.frcpm.models.Task.postDependencies
13:10:11.336 [main] DEBUG org.hibernate.boot.model.internal.CollectionBinder - Binding a ManyToMany: org.frcpm.models.Task.postDependencies
13:10:11.339 [main] DEBUG org.hibernate.boot.registry.classloading.internal.ClassLoaderServiceImpl - HHH000194: Package not found or no package-info.java: org.frcpm.models
13:10:11.340 [main] DEBUG org.hibernate.boot.model.internal.TableBinder - Retrieving property org.frcpm.models.Task.preDependencies
13:10:11.340 [main] DEBUG org.hibernate.boot.model.internal.CollectionSecondPass - Mapped collection key: dependency_id, element: task_id
13:10:11.340 [main] DEBUG org.hibernate.boot.model.internal.CollectionSecondPass - Second pass for collection: org.frcpm.models.TeamMember.assignedTasks
13:10:11.340 [main] DEBUG org.hibernate.boot.model.internal.CollectionBinder - Binding a ManyToMany: org.frcpm.models.TeamMember.assignedTasks
13:10:11.342 [main] DEBUG org.hibernate.boot.registry.classloading.internal.ClassLoaderServiceImpl - HHH000194: Package not found or no package-info.java: org.frcpm.models
13:10:11.342 [main] DEBUG org.hibernate.boot.model.internal.TableBinder - Retrieving property org.frcpm.models.Task.assignedTo
13:10:11.343 [main] DEBUG org.hibernate.boot.model.internal.CollectionSecondPass - Mapped collection key: team_member_id, element: task_id
13:10:11.343 [main] DEBUG org.hibernate.boot.model.internal.CollectionSecondPass - Second pass for collection: org.frcpm.models.TeamMember.attendances
13:10:11.343 [main] DEBUG org.hibernate.boot.model.internal.CollectionBinder - Binding a OneToMany: org.frcpm.models.TeamMember.attendances through a foreign key
13:10:11.343 [main] DEBUG org.hibernate.boot.model.internal.CollectionBinder - Mapping collection: org.frcpm.models.TeamMember.attendances -> attendances
13:10:11.343 [main] DEBUG org.hibernate.boot.model.internal.TableBinder - Retrieving property org.frcpm.models.Attendance.member
13:10:11.343 [main] DEBUG org.hibernate.boot.model.internal.CollectionSecondPass - Mapped collection key: member_id, one-to-many: org.frcpm.models.Attendance
13:10:11.611 [main] DEBUG org.hibernate.internal.SessionFactoryImpl - Building session factory
13:10:11.640 [main] DEBUG org.hibernate.service.internal.SessionFactoryServiceRegistryImpl - EventListenerRegistry access via ServiceRegistry is deprecated.  Use `sessionFactory.getEventEngine().getListenerRegistry()` instead
13:10:11.640 [main] DEBUG org.hibernate.internal.SessionFactoryImpl - Instantiating SessionFactory with settings: {hibernate.format_sql=true, java.specification.version=21, sun.cpu.isalist=amd64, hibernate.connection.handling_mode=DELAYED_ACQUISITION_AND_RELEASE_AFTER_STATEMENT, sun.jnu.encoding=Cp1252, hibernate.dialect=org.hibernate.dialect.H2Dialect, java.class.path=C:\Users\dhiebert\Local Repositories\Project Management 2.0\target\test-classes;C:\Users\dhiebert\Local Repositories\Project Management 2.0\target\classes;C:\Users\dhiebert\.m2\repository\org\openjfx\javafx-controls\21.0.2\javafx-controls-21.0.2.jar;C:\Users\dhiebert\.m2\repository\org\openjfx\javafx-controls\21.0.2\javafx-controls-21.0.2-win.jar;C:\Users\dhiebert\.m2\repository\org\openjfx\javafx-fxml\21.0.2\javafx-fxml-21.0.2.jar;C:\Users\dhiebert\.m2\repository\org\openjfx\javafx-fxml\21.0.2\javafx-fxml-21.0.2-win.jar;C:\Users\dhiebert\.m2\repository\org\openjfx\javafx-graphics\21.0.2\javafx-graphics-21.0.2.jar;C:\Users\dhiebert\.m2\repository\org\openjfx\javafx-graphics\21.0.2\javafx-graphics-21.0.2-win.jar;C:\Users\dhiebert\.m2\repository\org\openjfx\javafx-base\21.0.2\javafx-base-21.0.2.jar;C:\Users\dhiebert\.m2\repository\org\openjfx\javafx-base\21.0.2\javafx-base-21.0.2-win.jar;C:\Users\dhiebert\.m2\repository\com\h2database\h2\2.2.224\h2-2.2.224.jar;C:\Users\dhiebert\.m2\repository\com\zaxxer\HikariCP\5.1.0\HikariCP-5.1.0.jar;C:\Users\dhiebert\.m2\repository\org\slf4j\slf4j-api\1.7.36\slf4j-api-1.7.36.jar;C:\Users\dhiebert\.m2\repository\org\hibernate\orm\hibernate-core\6.5.0.Final\hibernate-core-6.5.0.Final.jar;C:\Users\dhiebert\.m2\repository\jakarta\persistence\jakarta.persistence-api\3.1.0\jakarta.persistence-api-3.1.0.jar;C:\Users\dhiebert\.m2\repository\jakarta\transaction\jakarta.transaction-api\2.0.1\jakarta.transaction-api-2.0.1.jar;C:\Users\dhiebert\.m2\repository\org\jboss\logging\jboss-logging\3.5.0.Final\jboss-logging-3.5.0.Final.jar;C:\Users\dhiebert\.m2\repository\org\hibernate\common\hibernate-commons-annotations\6.0.6.Final\hibernate-commons-annotations-6.0.6.Final.jar;C:\Users\dhiebert\.m2\repository\io\smallrye\jandex\3.1.2\jandex-3.1.2.jar;C:\Users\dhiebert\.m2\repository\com\fasterxml\classmate\1.5.1\classmate-1.5.1.jar;C:\Users\dhiebert\.m2\repository\net\bytebuddy\byte-buddy\1.14.12\byte-buddy-1.14.12.jar;C:\Users\dhiebert\.m2\repository\jakarta\xml\bind\jakarta.xml.bind-api\4.0.0\jakarta.xml.bind-api-4.0.0.jar;C:\Users\dhiebert\.m2\repository\jakarta\activation\jakarta.activation-api\2.1.0\jakarta.activation-api-2.1.0.jar;C:\Users\dhiebert\.m2\repository\org\glassfish\jaxb\jaxb-runtime\4.0.2\jaxb-runtime-4.0.2.jar;C:\Users\dhiebert\.m2\repository\org\glassfish\jaxb\jaxb-core\4.0.2\jaxb-core-4.0.2.jar;C:\Users\dhiebert\.m2\repository\org\eclipse\angus\angus-activation\2.0.0\angus-activation-2.0.0.jar;C:\Users\dhiebert\.m2\repository\org\glassfish\jaxb\txw2\4.0.2\txw2-4.0.2.jar;C:\Users\dhiebert\.m2\repository\com\sun\istack\istack-commons-runtime\4.1.1\istack-commons-runtime-4.1.1.jar;C:\Users\dhiebert\.m2\repository\jakarta\inject\jakarta.inject-api\2.0.1\jakarta.inject-api-2.0.1.jar;C:\Users\dhiebert\.m2\repository\org\antlr\antlr4-runtime\4.13.0\antlr4-runtime-4.13.0.jar;C:\Users\dhiebert\.m2\repository\org\hibernate\validator\hibernate-validator\8.0.1.Final\hibernate-validator-8.0.1.Final.jar;C:\Users\dhiebert\.m2\repository\jakarta\validation\jakarta.validation-api\3.0.2\jakarta.validation-api-3.0.2.jar;C:\Users\dhiebert\.m2\repository\org\junit\jupiter\junit-jupiter-api\5.10.2\junit-jupiter-api-5.10.2.jar;C:\Users\dhiebert\.m2\repository\org\opentest4j\opentest4j\1.3.0\opentest4j-1.3.0.jar;C:\Users\dhiebert\.m2\repository\org\junit\platform\junit-platform-commons\1.10.2\junit-platform-commons-1.10.2.jar;C:\Users\dhiebert\.m2\repository\org\apiguardian\apiguardian-api\1.1.2\apiguardian-api-1.1.2.jar;C:\Users\dhiebert\.m2\repository\org\junit\jupiter\junit-jupiter-engine\5.10.2\junit-jupiter-engine-5.10.2.jar;C:\Users\dhiebert\.m2\repository\org\junit\platform\junit-platform-engine\1.10.2\junit-platform-engine-1.10.2.jar;C:\Users\dhiebert\.m2\repository\org\mockito\mockito-junit-jupiter\5.10.0\mockito-junit-jupiter-5.10.0.jar;C:\Users\dhiebert\.m2\repository\org\mockito\mockito-core\5.10.0\mockito-core-5.10.0.jar;C:\Users\dhiebert\.m2\repository\net\bytebuddy\byte-buddy-agent\1.14.11\byte-buddy-agent-1.14.11.jar;C:\Users\dhiebert\.m2\repository\org\objenesis\objenesis\3.3\objenesis-3.3.jar;C:\Users\dhiebert\.m2\repository\org\hibernate\orm\hibernate-hikaricp\6.5.0.Final\hibernate-hikaricp-6.5.0.Final.jar;C:\Users\dhiebert\.m2\repository\ch\qos\logback\logback-classic\1.2.11\logback-classic-1.2.11.jar;C:\Users\dhiebert\.m2\repository\ch\qos\logback\logback-core\1.2.11\logback-core-1.2.11.jar;C:\Users\dhiebert\.m2\repository\org\testfx\testfx-core\4.0.18\testfx-core-4.0.18.jar;C:\Users\dhiebert\.m2\repository\org\hamcrest\hamcrest\2.1\hamcrest-2.1.jar;C:\Users\dhiebert\.m2\repository\org\assertj\assertj-core\3.13.2\assertj-core-3.13.2.jar;C:\Users\dhiebert\.m2\repository\org\osgi\org.osgi.core\6.0.0\org.osgi.core-6.0.0.jar;C:\Users\dhiebert\.m2\repository\org\testfx\testfx-junit5\4.0.18\testfx-junit5-4.0.18.jar;C:\Users\dhiebert\.m2\repository\org\openjfx\javafx-web\17.0.2\javafx-web-17.0.2.jar;C:\Users\dhiebert\.m2\repository\org\openjfx\javafx-web\17.0.2\javafx-web-17.0.2-win.jar;C:\Users\dhiebert\.m2\repository\org\openjfx\javafx-media\17.0.2\javafx-media-17.0.2.jar;C:\Users\dhiebert\.m2\repository\org\openjfx\javafx-media\17.0.2\javafx-media-17.0.2-win.jar;C:\Users\dhiebert\.m2\repository\org\apache\pdfbox\pdfbox\2.0.27\pdfbox-2.0.27.jar;C:\Users\dhiebert\.m2\repository\org\apache\pdfbox\fontbox\2.0.27\fontbox-2.0.27.jar;C:\Users\dhiebert\.m2\repository\commons-logging\commons-logging\1.2\commons-logging-1.2.jar;C:\Users\dhiebert\.m2\repository\com\fasterxml\jackson\core\jackson-databind\2.15.0\jackson-databind-2.15.0.jar;C:\Users\dhiebert\.m2\repository\com\fasterxml\jackson\core\jackson-annotations\2.15.0\jackson-annotations-2.15.0.jar;C:\Users\dhiebert\.m2\repository\com\fasterxml\jackson\core\jackson-core\2.15.0\jackson-core-2.15.0.jar;C:\Users\dhiebert\.m2\repository\org\apache\xmlgraphics\batik-all\1.16\batik-all-1.16.jar;C:\Users\dhiebert\.m2\repository\xml-apis\xml-apis\1.4.01\xml-apis-1.4.01.jar;C:\Users\dhiebert\.m2\repository\xml-apis\xml-apis-ext\1.3.04\xml-apis-ext-1.3.04.jar;C:\Users\dhiebert\.m2\repository\org\apache\xmlgraphics\xmlgraphics-commons\2.7\xmlgraphics-commons-2.7.jar;C:\Users\dhiebert\.m2\repository\commons-io\commons-io\1.3.1\commons-io-1.3.1.jar;C:\Users\dhiebert\.m2\repository\org\jgrapht\jgrapht-core\1.5.2\jgrapht-core-1.5.2.jar;C:\Users\dhiebert\.m2\repository\org\jheaps\jheaps\0.14\jheaps-0.14.jar;C:\Users\dhiebert\.m2\repository\org\apfloat\apfloat\1.10.1\apfloat-1.10.1.jar;, java.vm.vendor=Eclipse Adoptium, sun.arch.data.model=64, hibernate.order_inserts=true, user.variant=, java.vendor.url=https://adoptium.net/, user.timezone=America/Chicago, javax.persistence.jdbc.user=****, javax.persistence.jdbc.url=jdbc:h2:mem:testdb;DB_CLOSE_DELAY=-1, java.vm.specification.version=21, os.name=Windows 11, hibernate.generate_statistics=false, hibernate.hikari.connectionTimeout=10000, hibernate.order_updates=true, hibernate.jdbc.batch_versioned_data=true, jakarta.persistence.jdbc.password=****, hibernate.jdbc.batch_size=30, sun.java.launcher=SUN_STANDARD, user.country=US, local.setting.IS_JTA_TXN_COORD=false, sun.boot.library.path=C:\Program Files\Eclipse Adoptium\jdk-21.0.6.7-hotspot\bin, sun.java.command=C:\Users\dhiebert\AppData\Local\Temp\surefire10019069690924606344\surefirebooter-20250411131008082_3.jar C:\Users\dhiebert\AppData\Local\Temp\surefire10019069690924606344 2025-04-11T13-10-07_936-jvmRun1 surefire-20250411131008082_1tmp surefire_0-20250411131008082_2tmp, hibernate.use_sql_comments=true, hibernate.connection.provider_class=org.hibernate.hikaricp.internal.HikariCPConnectionProvider, jdk.debug=release, test=JpaRepositoryImplTest, surefire.test.class.path=C:\Users\dhiebert\Local Repositories\Project Management 2.0\target\test-classes;C:\Users\dhiebert\Local Repositories\Project Management 2.0\target\classes;C:\Users\dhiebert\.m2\repository\org\openjfx\javafx-controls\21.0.2\javafx-controls-21.0.2.jar;C:\Users\dhiebert\.m2\repository\org\openjfx\javafx-controls\21.0.2\javafx-controls-21.0.2-win.jar;C:\Users\dhiebert\.m2\repository\org\openjfx\javafx-fxml\21.0.2\javafx-fxml-21.0.2.jar;C:\Users\dhiebert\.m2\repository\org\openjfx\javafx-fxml\21.0.2\javafx-fxml-21.0.2-win.jar;C:\Users\dhiebert\.m2\repository\org\openjfx\javafx-graphics\21.0.2\javafx-graphics-21.0.2.jar;C:\Users\dhiebert\.m2\repository\org\openjfx\javafx-graphics\21.0.2\javafx-graphics-21.0.2-win.jar;C:\Users\dhiebert\.m2\repository\org\openjfx\javafx-base\21.0.2\javafx-base-21.0.2.jar;C:\Users\dhiebert\.m2\repository\org\openjfx\javafx-base\21.0.2\javafx-base-21.0.2-win.jar;C:\Users\dhiebert\.m2\repository\com\h2database\h2\2.2.224\h2-2.2.224.jar;C:\Users\dhiebert\.m2\repository\com\zaxxer\HikariCP\5.1.0\HikariCP-5.1.0.jar;C:\Users\dhiebert\.m2\repository\org\slf4j\slf4j-api\1.7.36\slf4j-api-1.7.36.jar;C:\Users\dhiebert\.m2\repository\org\hibernate\orm\hibernate-core\6.5.0.Final\hibernate-core-6.5.0.Final.jar;C:\Users\dhiebert\.m2\repository\jakarta\persistence\jakarta.persistence-api\3.1.0\jakarta.persistence-api-3.1.0.jar;C:\Users\dhiebert\.m2\repository\jakarta\transaction\jakarta.transaction-api\2.0.1\jakarta.transaction-api-2.0.1.jar;C:\Users\dhiebert\.m2\repository\org\jboss\logging\jboss-logging\3.5.0.Final\jboss-logging-3.5.0.Final.jar;C:\Users\dhiebert\.m2\repository\org\hibernate\common\hibernate-commons-annotations\6.0.6.Final\hibernate-commons-annotations-6.0.6.Final.jar;C:\Users\dhiebert\.m2\repository\io\smallrye\jandex\3.1.2\jandex-3.1.2.jar;C:\Users\dhiebert\.m2\repository\com\fasterxml\classmate\1.5.1\classmate-1.5.1.jar;C:\Users\dhiebert\.m2\repository\net\bytebuddy\byte-buddy\1.14.12\byte-buddy-1.14.12.jar;C:\Users\dhiebert\.m2\repository\jakarta\xml\bind\jakarta.xml.bind-api\4.0.0\jakarta.xml.bind-api-4.0.0.jar;C:\Users\dhiebert\.m2\repository\jakarta\activation\jakarta.activation-api\2.1.0\jakarta.activation-api-2.1.0.jar;C:\Users\dhiebert\.m2\repository\org\glassfish\jaxb\jaxb-runtime\4.0.2\jaxb-runtime-4.0.2.jar;C:\Users\dhiebert\.m2\repository\org\glassfish\jaxb\jaxb-core\4.0.2\jaxb-core-4.0.2.jar;C:\Users\dhiebert\.m2\repository\org\eclipse\angus\angus-activation\2.0.0\angus-activation-2.0.0.jar;C:\Users\dhiebert\.m2\repository\org\glassfish\jaxb\txw2\4.0.2\txw2-4.0.2.jar;C:\Users\dhiebert\.m2\repository\com\sun\istack\istack-commons-runtime\4.1.1\istack-commons-runtime-4.1.1.jar;C:\Users\dhiebert\.m2\repository\jakarta\inject\jakarta.inject-api\2.0.1\jakarta.inject-api-2.0.1.jar;C:\Users\dhiebert\.m2\repository\org\antlr\antlr4-runtime\4.13.0\antlr4-runtime-4.13.0.jar;C:\Users\dhiebert\.m2\repository\org\hibernate\validator\hibernate-validator\8.0.1.Final\hibernate-validator-8.0.1.Final.jar;C:\Users\dhiebert\.m2\repository\jakarta\validation\jakarta.validation-api\3.0.2\jakarta.validation-api-3.0.2.jar;C:\Users\dhiebert\.m2\repository\org\junit\jupiter\junit-jupiter-api\5.10.2\junit-jupiter-api-5.10.2.jar;C:\Users\dhiebert\.m2\repository\org\opentest4j\opentest4j\1.3.0\opentest4j-1.3.0.jar;C:\Users\dhiebert\.m2\repository\org\junit\platform\junit-platform-commons\1.10.2\junit-platform-commons-1.10.2.jar;C:\Users\dhiebert\.m2\repository\org\apiguardian\apiguardian-api\1.1.2\apiguardian-api-1.1.2.jar;C:\Users\dhiebert\.m2\repository\org\junit\jupiter\junit-jupiter-engine\5.10.2\junit-jupiter-engine-5.10.2.jar;C:\Users\dhiebert\.m2\repository\org\junit\platform\junit-platform-engine\1.10.2\junit-platform-engine-1.10.2.jar;C:\Users\dhiebert\.m2\repository\org\mockito\mockito-junit-jupiter\5.10.0\mockito-junit-jupiter-5.10.0.jar;C:\Users\dhiebert\.m2\repository\org\mockito\mockito-core\5.10.0\mockito-core-5.10.0.jar;C:\Users\dhiebert\.m2\repository\net\bytebuddy\byte-buddy-agent\1.14.11\byte-buddy-agent-1.14.11.jar;C:\Users\dhiebert\.m2\repository\org\objenesis\objenesis\3.3\objenesis-3.3.jar;C:\Users\dhiebert\.m2\repository\org\hibernate\orm\hibernate-hikaricp\6.5.0.Final\hibernate-hikaricp-6.5.0.Final.jar;C:\Users\dhiebert\.m2\repository\ch\qos\logback\logback-classic\1.2.11\logback-classic-1.2.11.jar;C:\Users\dhiebert\.m2\repository\ch\qos\logback\logback-core\1.2.11\logback-core-1.2.11.jar;C:\Users\dhiebert\.m2\repository\org\testfx\testfx-core\4.0.18\testfx-core-4.0.18.jar;C:\Users\dhiebert\.m2\repository\org\hamcrest\hamcrest\2.1\hamcrest-2.1.jar;C:\Users\dhiebert\.m2\repository\org\assertj\assertj-core\3.13.2\assertj-core-3.13.2.jar;C:\Users\dhiebert\.m2\repository\org\osgi\org.osgi.core\6.0.0\org.osgi.core-6.0.0.jar;C:\Users\dhiebert\.m2\repository\org\testfx\testfx-junit5\4.0.18\testfx-junit5-4.0.18.jar;C:\Users\dhiebert\.m2\repository\org\openjfx\javafx-web\17.0.2\javafx-web-17.0.2.jar;C:\Users\dhiebert\.m2\repository\org\openjfx\javafx-web\17.0.2\javafx-web-17.0.2-win.jar;C:\Users\dhiebert\.m2\repository\org\openjfx\javafx-media\17.0.2\javafx-media-17.0.2.jar;C:\Users\dhiebert\.m2\repository\org\openjfx\javafx-media\17.0.2\javafx-media-17.0.2-win.jar;C:\Users\dhiebert\.m2\repository\org\apache\pdfbox\pdfbox\2.0.27\pdfbox-2.0.27.jar;C:\Users\dhiebert\.m2\repository\org\apache\pdfbox\fontbox\2.0.27\fontbox-2.0.27.jar;C:\Users\dhiebert\.m2\repository\commons-logging\commons-logging\1.2\commons-logging-1.2.jar;C:\Users\dhiebert\.m2\repository\com\fasterxml\jackson\core\jackson-databind\2.15.0\jackson-databind-2.15.0.jar;C:\Users\dhiebert\.m2\repository\com\fasterxml\jackson\core\jackson-annotations\2.15.0\jackson-annotations-2.15.0.jar;C:\Users\dhiebert\.m2\repository\com\fasterxml\jackson\core\jackson-core\2.15.0\jackson-core-2.15.0.jar;C:\Users\dhiebert\.m2\repository\org\apache\xmlgraphics\batik-all\1.16\batik-all-1.16.jar;C:\Users\dhiebert\.m2\repository\xml-apis\xml-apis\1.4.01\xml-apis-1.4.01.jar;C:\Users\dhiebert\.m2\repository\xml-apis\xml-apis-ext\1.3.04\xml-apis-ext-1.3.04.jar;C:\Users\dhiebert\.m2\repository\org\apache\xmlgraphics\xmlgraphics-commons\2.7\xmlgraphics-commons-2.7.jar;C:\Users\dhiebert\.m2\repository\commons-io\commons-io\1.3.1\commons-io-1.3.1.jar;C:\Users\dhiebert\.m2\repository\org\jgrapht\jgrapht-core\1.5.2\jgrapht-core-1.5.2.jar;C:\Users\dhiebert\.m2\repository\org\jheaps\jheaps\0.14\jheaps-0.14.jar;C:\Users\dhiebert\.m2\repository\org\apfloat\apfloat\1.10.1\apfloat-1.10.1.jar;, jakarta.persistence.jdbc.driver=org.h2.Driver, sun.cpu.endian=little, user.home=C:\Users\dhiebert, user.language=en, java.specification.vendor=Oracle Corporation, java.version.date=2025-01-21, java.home=C:\Program Files\Eclipse Adoptium\jdk-21.0.6.7-hotspot, file.separator=\, basedir=C:\Users\dhiebert\Local Repositories\Project Management 2.0, java.vm.compressedOopsMode=Zero based, jakarta.persistence.jdbc.user=****, line.separator=
, hibernate.persistenceUnitName=frcpm, java.vm.specification.vendor=Oracle Corporation, java.specification.name=Java Platform API Specification, hibernate.transaction.coordinator_class=class org.hibernate.resource.transaction.backend.jdbc.internal.JdbcResourceLocalTransactionCoordinatorBuilderImpl, javax.persistence.jdbc.driver=org.h2.Driver, hibernate.hikari.maximumPoolSize=10, surefire.real.class.path=C:\Users\dhiebert\AppData\Local\Temp\surefire10019069690924606344\surefirebooter-20250411131008082_3.jar, hibernate.hbm2ddl.auto=create-drop, user.script=, sun.management.compiler=HotSpot 64-Bit Tiered Compilers, java.runtime.version=21.0.6+7-LTS, user.name=dhiebert, hibernate.cache.use_query_cache=false, stdout.encoding=Cp1252, path.separator=;, hibernate.connection.username=****, os.version=10.0, java.runtime.name=OpenJDK Runtime Environment, hibernate.connection.url=jdbc:h2:mem:testdb;DB_CLOSE_DELAY=-1, file.encoding=UTF-8, hibernate.hikari.minimumIdle=2, hibernate.hikari.idleTimeout=30000, java.vm.name=OpenJDK 64-Bit Server VM, hibernate.show_sql=true, java.vendor.version=Temurin-21.0.6+7, hibernate.hikari.poolName=FRC-PM-HikariCP, hibernate.current_session_context_class=thread, localRepository=C:\Users\dhiebert\.m2\repository, hibernate.connection.driver_class=org.h2.Driver, java.vendor.url.bug=https://github.com/adoptium/adoptium-support/issues, java.io.tmpdir=C:\Users\dhiebert\AppData\Local\Temp\, java.version=21.0.6, user.dir=C:\Users\dhiebert\Local Repositories\Project Management 2.0, os.arch=amd64, java.vm.specification.name=Java Virtual Machine Specification, hibernate.connection.password=****, sun.os.patch.level=, jakarta.persistence.jdbc.url=jdbc:h2:mem:testdb;DB_CLOSE_DELAY=-1, hibernate.boot.CfgXmlAccessService.key=org.hibernate.boot.registry.StandardServiceRegistryBuilder$1@839755f, native.encoding=Cp1252, hibernate.cache.use_second_level_cache=false, java.library.path=C:\Program Files\Eclipse Adoptium\jdk-21.0.6.7-hotspot\bin;C:\WINDOWS\Sun\Java\bin;C:\WINDOWS\system32;C:\WINDOWS;C:\Program Files\apache-maven-3.9.9\bin;C:\Program Files\apache-maven-3.9.9\bin;C:\Program Files\Eclipse Adoptium\jdk-21.0.6.7-hotspot\bin;C:\Program Files\National Instruments\Shared\OpenVINO\;C:\Program Files\Common Files\Oracle\Java\javapath;C:\WINDOWS\system32;C:\WINDOWS;C:\WINDOWS\System32\Wbem;C:\WINDOWS\System32\WindowsPowerShell\v1.0\;C:\WINDOWS\System32\OpenSSH\;C:\Program Files\dotnet\;C:\Program Files (x86)\Windows Live\Shared;C:\Program Files\Git\cmd;C:\Program Files\Common Files\Autodesk Shared\;C:\Program Files\Microsoft SQL Server\150\Tools\Binn\;C:\Program Files\nodejs\;C:\Program Files\Eclipse Adoptium\jdk-21.0.6.7-hotspot\bin;C:\Program Files\apache-maven-3.9.9\bin;%MAVEN_HOME%\bin;C:\Users\dhiebert\AppData\Local\Microsoft\WindowsApps;C:\Users\dhiebert\AppData\Local\GitHubDesktop\bin;C:\Users\dhiebert\AppData\Roaming\npm;C:\Users\dhiebert\AppData\Local\Packages\PythonSoftwareFoundation.Python.3.11_qbz5n2kfra8p0\LocalCache\local-packages\Python311\Scripts;C:\Users\dhiebert\AppData\Local\Packages\PythonSoftwareFoundation.Python.3.11_qbz5n2kfra8p0\LocalCache\local-packages\Python311\site-packages\maven;;c:\Users\Public\wpilib\2025\vscode\data\user-data\User\globalStorage\github.copilot-chat\debugCommand;c:\Users\Public\wpilib\2025\vscode\data\extensions\ms-python.debugpy-2025.4.1-win32-x64\bundled\scripts\noConfigScripts;., stderr.encoding=Cp1252, java.vendor=Eclipse Adoptium, java.vm.info=mixed mode, sharing, java.vm.version=21.0.6+7-LTS, sun.io.unicode.encoding=UnicodeLittle, javax.persistence.jdbc.password=****, java.class.version=65.0}
13:10:11.643 [main] DEBUG org.hibernate.internal.SessionFactoryImpl - Session factory constructed with filter configurations : {}
13:10:11.660 [main] INFO org.hibernate.validator.internal.util.Version - HV000001: Hibernate Validator 8.0.1.Final
13:10:11.663 [main] DEBUG org.hibernate.validator.internal.xml.config.ValidationXmlParser - Trying to load META-INF/validation.xml for XML based Validator configuration.
13:10:11.664 [main] DEBUG org.hibernate.validator.internal.xml.config.ResourceLoaderHelper - Trying to load META-INF/validation.xml via TCCL
13:10:11.664 [main] DEBUG org.hibernate.validator.internal.xml.config.ResourceLoaderHelper - Trying to load META-INF/validation.xml via Hibernate Validator's class loader
13:10:11.664 [main] DEBUG org.hibernate.validator.internal.xml.config.ValidationXmlParser - No META-INF/validation.xml found. Using annotation based configuration only.
13:10:11.667 [main] DEBUG org.hibernate.validator.internal.engine.resolver.TraversableResolvers - Found jakarta.persistence.Persistence on classpath containing 'getPersistenceUtil'. Assuming JPA 2 environment. Trying to instantiate JPA aware TraversableResolver
13:10:11.668 [main] DEBUG org.hibernate.validator.internal.engine.resolver.TraversableResolvers - Instantiated JPA aware TraversableResolver of type org.hibernate.validator.internal.engine.resolver.JPATraversableResolver.
13:10:11.682 [main] DEBUG org.hibernate.validator.messageinterpolation.ResourceBundleMessageInterpolator - Failed to load expression factory via classloader jdk.internal.loader.ClassLoaders$AppClassLoader@70dea4e
java.lang.NoClassDefFoundError: jakarta/el/ExpressionFactory
	at org.hibernate.validator.messageinterpolation.ResourceBundleMessageInterpolator.canLoadExpressionFactory(ResourceBundleMessageInterpolator.java:228)
	at org.hibernate.validator.messageinterpolation.ResourceBundleMessageInterpolator.buildExpressionFactory(ResourceBundleMessageInterpolator.java:173)
	at org.hibernate.validator.messageinterpolation.ResourceBundleMessageInterpolator.<init>(ResourceBundleMessageInterpolator.java:97)
	at org.hibernate.validator.internal.engine.AbstractConfigurationImpl.getDefaultMessageInterpolator(AbstractConfigurationImpl.java:575)
	at org.hibernate.validator.internal.engine.AbstractConfigurationImpl.getDefaultMessageInterpolatorConfiguredWithClassLoader(AbstractConfigurationImpl.java:834)
	at org.hibernate.validator.internal.engine.AbstractConfigurationImpl.getMessageInterpolator(AbstractConfigurationImpl.java:485)
	at org.hibernate.validator.internal.engine.ValidatorFactoryImpl.<init>(ValidatorFactoryImpl.java:157)
	at org.hibernate.validator.HibernateValidator.buildValidatorFactory(HibernateValidator.java:38)
	at org.hibernate.validator.internal.engine.AbstractConfigurationImpl.buildValidatorFactory(AbstractConfigurationImpl.java:453)
	at jakarta.validation.Validation.buildDefaultValidatorFactory(Validation.java:103)
	at org.hibernate.boot.beanvalidation.TypeSafeActivator.getValidatorFactory(TypeSafeActivator.java:482)
	at org.hibernate.boot.beanvalidation.TypeSafeActivator.activate(TypeSafeActivator.java:79)
	at java.base/jdk.internal.reflect.DirectMethodHandleAccessor.invoke(DirectMethodHandleAccessor.java:103)
	at java.base/java.lang.reflect.Method.invoke(Method.java:580)
	at org.hibernate.boot.beanvalidation.BeanValidationIntegrator.integrate(BeanValidationIntegrator.java:139)
	at org.hibernate.internal.SessionFactoryImpl.integrate(SessionFactoryImpl.java:517)
	at org.hibernate.internal.SessionFactoryImpl.<init>(SessionFactoryImpl.java:276)
	at org.hibernate.boot.internal.SessionFactoryBuilderImpl.build(SessionFactoryBuilderImpl.java:457)
	at org.hibernate.jpa.boot.internal.EntityManagerFactoryBuilderImpl.build(EntityManagerFactoryBuilderImpl.java:1506)
	at org.hibernate.jpa.HibernatePersistenceProvider.createEntityManagerFactory(HibernatePersistenceProvider.java:55)
	at jakarta.persistence.Persistence.createEntityManagerFactory(Persistence.java:80)
	at org.frcpm.config.DatabaseConfig.initialize(DatabaseConfig.java:66)
	at org.frcpm.repositories.impl.JpaRepositoryImplTest.setUp(JpaRepositoryImplTest.java:25)
	at java.base/jdk.internal.reflect.DirectMethodHandleAccessor.invoke(DirectMethodHandleAccessor.java:103)
	at java.base/java.lang.reflect.Method.invoke(Method.java:580)
	at org.junit.platform.commons.util.ReflectionUtils.invokeMethod(ReflectionUtils.java:728)
	at org.junit.jupiter.engine.execution.MethodInvocation.proceed(MethodInvocation.java:60)
	at org.junit.jupiter.engine.execution.InvocationInterceptorChain$ValidatingInvocation.proceed(InvocationInterceptorChain.java:131)
	at org.junit.jupiter.engine.extension.TimeoutExtension.intercept(TimeoutExtension.java:156)
	at org.junit.jupiter.engine.extension.TimeoutExtension.interceptLifecycleMethod(TimeoutExtension.java:128)
	at org.junit.jupiter.engine.extension.TimeoutExtension.interceptBeforeEachMethod(TimeoutExtension.java:78)
	at org.junit.jupiter.engine.execution.InterceptingExecutableInvoker$ReflectiveInterceptorCall.lambda$ofVoidMethod$0(InterceptingExecutableInvoker.java:103)
	at org.junit.jupiter.engine.execution.InterceptingExecutableInvoker.lambda$invoke$0(InterceptingExecutableInvoker.java:93)
	at org.junit.jupiter.engine.execution.InvocationInterceptorChain$InterceptedInvocation.proceed(InvocationInterceptorChain.java:106)
	at org.junit.jupiter.engine.execution.InvocationInterceptorChain.proceed(InvocationInterceptorChain.java:64)
	at org.junit.jupiter.engine.execution.InvocationInterceptorChain.chainAndInvoke(InvocationInterceptorChain.java:45)
	at org.junit.jupiter.engine.execution.InvocationInterceptorChain.invoke(InvocationInterceptorChain.java:37)
	at org.junit.jupiter.engine.execution.InterceptingExecutableInvoker.invoke(InterceptingExecutableInvoker.java:92)
	at org.junit.jupiter.engine.execution.InterceptingExecutableInvoker.invoke(InterceptingExecutableInvoker.java:86)
	at org.junit.jupiter.engine.descriptor.ClassBasedTestDescriptor.invokeMethodInExtensionContext(ClassBasedTestDescriptor.java:521)
	at org.junit.jupiter.engine.descriptor.ClassBasedTestDescriptor.lambda$synthesizeBeforeEachMethodAdapter$23(ClassBasedTestDescriptor.java:506)
	at org.junit.jupiter.engine.descriptor.TestMethodTestDescriptor.lambda$invokeBeforeEachMethods$3(TestMethodTestDescriptor.java:175)
	at org.junit.jupiter.engine.descriptor.TestMethodTestDescriptor.lambda$invokeBeforeMethodsOrCallbacksUntilExceptionOccurs$6(TestMethodTestDescriptor.java:203)
	at org.junit.platform.engine.support.hierarchical.ThrowableCollector.execute(ThrowableCollector.java:73)
	at org.junit.jupiter.engine.descriptor.TestMethodTestDescriptor.invokeBeforeMethodsOrCallbacksUntilExceptionOccurs(TestMethodTestDescriptor.java:203)
	at org.junit.jupiter.engine.descriptor.TestMethodTestDescriptor.invokeBeforeEachMethods(TestMethodTestDescriptor.java:172)
	at org.junit.jupiter.engine.descriptor.TestMethodTestDescriptor.execute(TestMethodTestDescriptor.java:135)
	at org.junit.jupiter.engine.descriptor.TestMethodTestDescriptor.execute(TestMethodTestDescriptor.java:69)
	at org.junit.platform.engine.support.hierarchical.NodeTestTask.lambda$executeRecursively$6(NodeTestTask.java:151)
	at org.junit.platform.engine.support.hierarchical.ThrowableCollector.execute(ThrowableCollector.java:73)
	at org.junit.platform.engine.support.hierarchical.NodeTestTask.lambda$executeRecursively$8(NodeTestTask.java:141)
	at org.junit.platform.engine.support.hierarchical.Node.around(Node.java:137)
	at org.junit.platform.engine.support.hierarchical.NodeTestTask.lambda$executeRecursively$9(NodeTestTask.java:139)
	at org.junit.platform.engine.support.hierarchical.ThrowableCollector.execute(ThrowableCollector.java:73)
	at org.junit.platform.engine.support.hierarchical.NodeTestTask.executeRecursively(NodeTestTask.java:138)
	at org.junit.platform.engine.support.hierarchical.NodeTestTask.execute(NodeTestTask.java:95)
	at java.base/java.util.ArrayList.forEach(ArrayList.java:1596)
	at org.junit.platform.engine.support.hierarchical.SameThreadHierarchicalTestExecutorService.invokeAll(SameThreadHierarchicalTestExecutorService.java:41)
	at org.junit.platform.engine.support.hierarchical.NodeTestTask.lambda$executeRecursively$6(NodeTestTask.java:155)
	at org.junit.platform.engine.support.hierarchical.ThrowableCollector.execute(ThrowableCollector.java:73)
	at org.junit.platform.engine.support.hierarchical.NodeTestTask.lambda$executeRecursively$8(NodeTestTask.java:141)
	at org.junit.platform.engine.support.hierarchical.Node.around(Node.java:137)
	at org.junit.platform.engine.support.hierarchical.NodeTestTask.lambda$executeRecursively$9(NodeTestTask.java:139)
	at org.junit.platform.engine.support.hierarchical.ThrowableCollector.execute(ThrowableCollector.java:73)
	at org.junit.platform.engine.support.hierarchical.NodeTestTask.executeRecursively(NodeTestTask.java:138)
	at org.junit.platform.engine.support.hierarchical.NodeTestTask.execute(NodeTestTask.java:95)
	at java.base/java.util.ArrayList.forEach(ArrayList.java:1596)
	at org.junit.platform.engine.support.hierarchical.SameThreadHierarchicalTestExecutorService.invokeAll(SameThreadHierarchicalTestExecutorService.java:41)
	at org.junit.platform.engine.support.hierarchical.NodeTestTask.lambda$executeRecursively$6(NodeTestTask.java:155)
	at org.junit.platform.engine.support.hierarchical.ThrowableCollector.execute(ThrowableCollector.java:73)
	at org.junit.platform.engine.support.hierarchical.NodeTestTask.lambda$executeRecursively$8(NodeTestTask.java:141)
	at org.junit.platform.engine.support.hierarchical.Node.around(Node.java:137)
	at org.junit.platform.engine.support.hierarchical.NodeTestTask.lambda$executeRecursively$9(NodeTestTask.java:139)
	at org.junit.platform.engine.support.hierarchical.ThrowableCollector.execute(ThrowableCollector.java:73)
	at org.junit.platform.engine.support.hierarchical.NodeTestTask.executeRecursively(NodeTestTask.java:138)
	at org.junit.platform.engine.support.hierarchical.NodeTestTask.execute(NodeTestTask.java:95)
	at org.junit.platform.engine.support.hierarchical.SameThreadHierarchicalTestExecutorService.submit(SameThreadHierarchicalTestExecutorService.java:35)
	at org.junit.platform.engine.support.hierarchical.HierarchicalTestExecutor.execute(HierarchicalTestExecutor.java:57)
	at org.junit.platform.engine.support.hierarchical.HierarchicalTestEngine.execute(HierarchicalTestEngine.java:54)
	at org.junit.platform.launcher.core.EngineExecutionOrchestrator.execute(EngineExecutionOrchestrator.java:198)
	at org.junit.platform.launcher.core.EngineExecutionOrchestrator.execute(EngineExecutionOrchestrator.java:169)
	at org.junit.platform.launcher.core.EngineExecutionOrchestrator.execute(EngineExecutionOrchestrator.java:93)
	at org.junit.platform.launcher.core.EngineExecutionOrchestrator.lambda$execute$0(EngineExecutionOrchestrator.java:58)
	at org.junit.platform.launcher.core.EngineExecutionOrchestrator.withInterceptedStreams(EngineExecutionOrchestrator.java:141)
	at org.junit.platform.launcher.core.EngineExecutionOrchestrator.execute(EngineExecutionOrchestrator.java:57)
	at org.junit.platform.launcher.core.DefaultLauncher.execute(DefaultLauncher.java:103)
	at org.junit.platform.launcher.core.DefaultLauncher.execute(DefaultLauncher.java:85)
	at org.junit.platform.launcher.core.DelegatingLauncher.execute(DelegatingLauncher.java:47)
	at org.apache.maven.surefire.junitplatform.LazyLauncher.execute(LazyLauncher.java:56)
	at org.apache.maven.surefire.junitplatform.JUnitPlatformProvider.execute(JUnitPlatformProvider.java:184)
	at org.apache.maven.surefire.junitplatform.JUnitPlatformProvider.invokeAllTests(JUnitPlatformProvider.java:148)
	at org.apache.maven.surefire.junitplatform.JUnitPlatformProvider.invoke(JUnitPlatformProvider.java:122)
	at org.apache.maven.surefire.booter.ForkedBooter.runSuitesInProcess(ForkedBooter.java:385)
	at org.apache.maven.surefire.booter.ForkedBooter.execute(ForkedBooter.java:162)
	at org.apache.maven.surefire.booter.ForkedBooter.run(ForkedBooter.java:507)
	at org.apache.maven.surefire.booter.ForkedBooter.main(ForkedBooter.java:495)
Caused by: java.lang.ClassNotFoundException: jakarta.el.ExpressionFactory
	at java.base/jdk.internal.loader.BuiltinClassLoader.loadClass(BuiltinClassLoader.java:641)
	at java.base/jdk.internal.loader.ClassLoaders$AppClassLoader.loadClass(ClassLoaders.java:188)
	at java.base/java.lang.ClassLoader.loadClass(ClassLoader.java:526)
	... 96 common frames omitted
13:10:11.684 [main] DEBUG org.hibernate.validator.messageinterpolation.ResourceBundleMessageInterpolator - Failed to load expression factory via classloader jdk.internal.loader.ClassLoaders$AppClassLoader@70dea4e
java.lang.NoClassDefFoundError: jakarta/el/ExpressionFactory
	at org.hibernate.validator.messageinterpolation.ResourceBundleMessageInterpolator.canLoadExpressionFactory(ResourceBundleMessageInterpolator.java:228)
	at org.hibernate.validator.messageinterpolation.ResourceBundleMessageInterpolator.buildExpressionFactory(ResourceBundleMessageInterpolator.java:186)
	at org.hibernate.validator.messageinterpolation.ResourceBundleMessageInterpolator.<init>(ResourceBundleMessageInterpolator.java:97)
	at org.hibernate.validator.internal.engine.AbstractConfigurationImpl.getDefaultMessageInterpolator(AbstractConfigurationImpl.java:575)
	at org.hibernate.validator.internal.engine.AbstractConfigurationImpl.getDefaultMessageInterpolatorConfiguredWithClassLoader(AbstractConfigurationImpl.java:834)
	at org.hibernate.validator.internal.engine.AbstractConfigurationImpl.getMessageInterpolator(AbstractConfigurationImpl.java:485)
	at org.hibernate.validator.internal.engine.ValidatorFactoryImpl.<init>(ValidatorFactoryImpl.java:157)
	at org.hibernate.validator.HibernateValidator.buildValidatorFactory(HibernateValidator.java:38)
	at org.hibernate.validator.internal.engine.AbstractConfigurationImpl.buildValidatorFactory(AbstractConfigurationImpl.java:453)
	at jakarta.validation.Validation.buildDefaultValidatorFactory(Validation.java:103)
	at org.hibernate.boot.beanvalidation.TypeSafeActivator.getValidatorFactory(TypeSafeActivator.java:482)
	at org.hibernate.boot.beanvalidation.TypeSafeActivator.activate(TypeSafeActivator.java:79)
	at java.base/jdk.internal.reflect.DirectMethodHandleAccessor.invoke(DirectMethodHandleAccessor.java:103)
	at java.base/java.lang.reflect.Method.invoke(Method.java:580)
	at org.hibernate.boot.beanvalidation.BeanValidationIntegrator.integrate(BeanValidationIntegrator.java:139)
	at org.hibernate.internal.SessionFactoryImpl.integrate(SessionFactoryImpl.java:517)
	at org.hibernate.internal.SessionFactoryImpl.<init>(SessionFactoryImpl.java:276)
	at org.hibernate.boot.internal.SessionFactoryBuilderImpl.build(SessionFactoryBuilderImpl.java:457)
	at org.hibernate.jpa.boot.internal.EntityManagerFactoryBuilderImpl.build(EntityManagerFactoryBuilderImpl.java:1506)
	at org.hibernate.jpa.HibernatePersistenceProvider.createEntityManagerFactory(HibernatePersistenceProvider.java:55)
	at jakarta.persistence.Persistence.createEntityManagerFactory(Persistence.java:80)
	at org.frcpm.config.DatabaseConfig.initialize(DatabaseConfig.java:66)
	at org.frcpm.repositories.impl.JpaRepositoryImplTest.setUp(JpaRepositoryImplTest.java:25)
	at java.base/jdk.internal.reflect.DirectMethodHandleAccessor.invoke(DirectMethodHandleAccessor.java:103)
	at java.base/java.lang.reflect.Method.invoke(Method.java:580)
	at org.junit.platform.commons.util.ReflectionUtils.invokeMethod(ReflectionUtils.java:728)
	at org.junit.jupiter.engine.execution.MethodInvocation.proceed(MethodInvocation.java:60)
	at org.junit.jupiter.engine.execution.InvocationInterceptorChain$ValidatingInvocation.proceed(InvocationInterceptorChain.java:131)
	at org.junit.jupiter.engine.extension.TimeoutExtension.intercept(TimeoutExtension.java:156)
	at org.junit.jupiter.engine.extension.TimeoutExtension.interceptLifecycleMethod(TimeoutExtension.java:128)
	at org.junit.jupiter.engine.extension.TimeoutExtension.interceptBeforeEachMethod(TimeoutExtension.java:78)
	at org.junit.jupiter.engine.execution.InterceptingExecutableInvoker$ReflectiveInterceptorCall.lambda$ofVoidMethod$0(InterceptingExecutableInvoker.java:103)
	at org.junit.jupiter.engine.execution.InterceptingExecutableInvoker.lambda$invoke$0(InterceptingExecutableInvoker.java:93)
	at org.junit.jupiter.engine.execution.InvocationInterceptorChain$InterceptedInvocation.proceed(InvocationInterceptorChain.java:106)
	at org.junit.jupiter.engine.execution.InvocationInterceptorChain.proceed(InvocationInterceptorChain.java:64)
	at org.junit.jupiter.engine.execution.InvocationInterceptorChain.chainAndInvoke(InvocationInterceptorChain.java:45)
	at org.junit.jupiter.engine.execution.InvocationInterceptorChain.invoke(InvocationInterceptorChain.java:37)
	at org.junit.jupiter.engine.execution.InterceptingExecutableInvoker.invoke(InterceptingExecutableInvoker.java:92)
	at org.junit.jupiter.engine.execution.InterceptingExecutableInvoker.invoke(InterceptingExecutableInvoker.java:86)
	at org.junit.jupiter.engine.descriptor.ClassBasedTestDescriptor.invokeMethodInExtensionContext(ClassBasedTestDescriptor.java:521)
	at org.junit.jupiter.engine.descriptor.ClassBasedTestDescriptor.lambda$synthesizeBeforeEachMethodAdapter$23(ClassBasedTestDescriptor.java:506)
	at org.junit.jupiter.engine.descriptor.TestMethodTestDescriptor.lambda$invokeBeforeEachMethods$3(TestMethodTestDescriptor.java:175)
	at org.junit.jupiter.engine.descriptor.TestMethodTestDescriptor.lambda$invokeBeforeMethodsOrCallbacksUntilExceptionOccurs$6(TestMethodTestDescriptor.java:203)
	at org.junit.platform.engine.support.hierarchical.ThrowableCollector.execute(ThrowableCollector.java:73)
	at org.junit.jupiter.engine.descriptor.TestMethodTestDescriptor.invokeBeforeMethodsOrCallbacksUntilExceptionOccurs(TestMethodTestDescriptor.java:203)
	at org.junit.jupiter.engine.descriptor.TestMethodTestDescriptor.invokeBeforeEachMethods(TestMethodTestDescriptor.java:172)
	at org.junit.jupiter.engine.descriptor.TestMethodTestDescriptor.execute(TestMethodTestDescriptor.java:135)
	at org.junit.jupiter.engine.descriptor.TestMethodTestDescriptor.execute(TestMethodTestDescriptor.java:69)
	at org.junit.platform.engine.support.hierarchical.NodeTestTask.lambda$executeRecursively$6(NodeTestTask.java:151)
	at org.junit.platform.engine.support.hierarchical.ThrowableCollector.execute(ThrowableCollector.java:73)
	at org.junit.platform.engine.support.hierarchical.NodeTestTask.lambda$executeRecursively$8(NodeTestTask.java:141)
	at org.junit.platform.engine.support.hierarchical.Node.around(Node.java:137)
	at org.junit.platform.engine.support.hierarchical.NodeTestTask.lambda$executeRecursively$9(NodeTestTask.java:139)
	at org.junit.platform.engine.support.hierarchical.ThrowableCollector.execute(ThrowableCollector.java:73)
	at org.junit.platform.engine.support.hierarchical.NodeTestTask.executeRecursively(NodeTestTask.java:138)
	at org.junit.platform.engine.support.hierarchical.NodeTestTask.execute(NodeTestTask.java:95)
	at java.base/java.util.ArrayList.forEach(ArrayList.java:1596)
	at org.junit.platform.engine.support.hierarchical.SameThreadHierarchicalTestExecutorService.invokeAll(SameThreadHierarchicalTestExecutorService.java:41)
	at org.junit.platform.engine.support.hierarchical.NodeTestTask.lambda$executeRecursively$6(NodeTestTask.java:155)
	at org.junit.platform.engine.support.hierarchical.ThrowableCollector.execute(ThrowableCollector.java:73)
	at org.junit.platform.engine.support.hierarchical.NodeTestTask.lambda$executeRecursively$8(NodeTestTask.java:141)
	at org.junit.platform.engine.support.hierarchical.Node.around(Node.java:137)
	at org.junit.platform.engine.support.hierarchical.NodeTestTask.lambda$executeRecursively$9(NodeTestTask.java:139)
	at org.junit.platform.engine.support.hierarchical.ThrowableCollector.execute(ThrowableCollector.java:73)
	at org.junit.platform.engine.support.hierarchical.NodeTestTask.executeRecursively(NodeTestTask.java:138)
	at org.junit.platform.engine.support.hierarchical.NodeTestTask.execute(NodeTestTask.java:95)
	at java.base/java.util.ArrayList.forEach(ArrayList.java:1596)
	at org.junit.platform.engine.support.hierarchical.SameThreadHierarchicalTestExecutorService.invokeAll(SameThreadHierarchicalTestExecutorService.java:41)
	at org.junit.platform.engine.support.hierarchical.NodeTestTask.lambda$executeRecursively$6(NodeTestTask.java:155)
	at org.junit.platform.engine.support.hierarchical.ThrowableCollector.execute(ThrowableCollector.java:73)
	at org.junit.platform.engine.support.hierarchical.NodeTestTask.lambda$executeRecursively$8(NodeTestTask.java:141)
	at org.junit.platform.engine.support.hierarchical.Node.around(Node.java:137)
	at org.junit.platform.engine.support.hierarchical.NodeTestTask.lambda$executeRecursively$9(NodeTestTask.java:139)
	at org.junit.platform.engine.support.hierarchical.ThrowableCollector.execute(ThrowableCollector.java:73)
	at org.junit.platform.engine.support.hierarchical.NodeTestTask.executeRecursively(NodeTestTask.java:138)
	at org.junit.platform.engine.support.hierarchical.NodeTestTask.execute(NodeTestTask.java:95)
	at org.junit.platform.engine.support.hierarchical.SameThreadHierarchicalTestExecutorService.submit(SameThreadHierarchicalTestExecutorService.java:35)
	at org.junit.platform.engine.support.hierarchical.HierarchicalTestExecutor.execute(HierarchicalTestExecutor.java:57)
	at org.junit.platform.engine.support.hierarchical.HierarchicalTestEngine.execute(HierarchicalTestEngine.java:54)
	at org.junit.platform.launcher.core.EngineExecutionOrchestrator.execute(EngineExecutionOrchestrator.java:198)
	at org.junit.platform.launcher.core.EngineExecutionOrchestrator.execute(EngineExecutionOrchestrator.java:169)
	at org.junit.platform.launcher.core.EngineExecutionOrchestrator.execute(EngineExecutionOrchestrator.java:93)
	at org.junit.platform.launcher.core.EngineExecutionOrchestrator.lambda$execute$0(EngineExecutionOrchestrator.java:58)
	at org.junit.platform.launcher.core.EngineExecutionOrchestrator.withInterceptedStreams(EngineExecutionOrchestrator.java:141)
	at org.junit.platform.launcher.core.EngineExecutionOrchestrator.execute(EngineExecutionOrchestrator.java:57)
	at org.junit.platform.launcher.core.DefaultLauncher.execute(DefaultLauncher.java:103)
	at org.junit.platform.launcher.core.DefaultLauncher.execute(DefaultLauncher.java:85)
	at org.junit.platform.launcher.core.DelegatingLauncher.execute(DelegatingLauncher.java:47)
	at org.apache.maven.surefire.junitplatform.LazyLauncher.execute(LazyLauncher.java:56)
	at org.apache.maven.surefire.junitplatform.JUnitPlatformProvider.execute(JUnitPlatformProvider.java:184)
	at org.apache.maven.surefire.junitplatform.JUnitPlatformProvider.invokeAllTests(JUnitPlatformProvider.java:148)
	at org.apache.maven.surefire.junitplatform.JUnitPlatformProvider.invoke(JUnitPlatformProvider.java:122)
	at org.apache.maven.surefire.booter.ForkedBooter.runSuitesInProcess(ForkedBooter.java:385)
	at org.apache.maven.surefire.booter.ForkedBooter.execute(ForkedBooter.java:162)
	at org.apache.maven.surefire.booter.ForkedBooter.run(ForkedBooter.java:507)
	at org.apache.maven.surefire.booter.ForkedBooter.main(ForkedBooter.java:495)
Caused by: java.lang.ClassNotFoundException: jakarta.el.ExpressionFactory
	... 96 common frames omitted
13:10:11.684 [main] DEBUG org.hibernate.boot.beanvalidation.TypeSafeActivator - Unable to acquire Bean Validation ValidatorFactory, skipping activation
13:10:11.714 [main] DEBUG org.hibernate.query.sqm.function.SqmFunctionRegistry - Registered SqmFunctionTemplate [NamedSqmFunctionTemplate(max)] under max; prior registration was null
13:10:11.714 [main] DEBUG org.hibernate.query.sqm.function.SqmFunctionRegistry - Registered SqmFunctionTemplate [NamedSqmFunctionTemplate(min)] under min; prior registration was null
13:10:11.715 [main] DEBUG org.hibernate.query.sqm.function.SqmFunctionRegistry - Registered SqmFunctionTemplate [NamedSqmFunctionTemplate(sum)] under sum; prior registration was null
13:10:11.715 [main] DEBUG org.hibernate.query.sqm.function.SqmFunctionRegistry - Registered SqmFunctionTemplate [NamedSqmFunctionTemplate(avg)] under avg; prior registration was null
13:10:11.716 [main] DEBUG org.hibernate.query.sqm.function.SqmFunctionRegistry - Registered SqmFunctionTemplate [org.hibernate.dialect.function.CountFunction@3359c3f6] under count; prior registration was null
13:10:11.716 [main] DEBUG org.hibernate.query.sqm.function.SqmFunctionRegistry - Registered SqmFunctionTemplate [org.hibernate.dialect.function.EveryAnyEmulation@54f373d4] under every; prior registration was null
13:10:11.716 [main] DEBUG org.hibernate.query.sqm.function.SqmFunctionRegistry - Registered SqmFunctionTemplate [org.hibernate.dialect.function.EveryAnyEmulation@1c53bd49] under any; prior registration was null
13:10:11.717 [main] DEBUG org.hibernate.query.sqm.function.SqmFunctionRegistry - Registered SqmFunctionTemplate [NamedSqmFunctionTemplate(floor)] under floor; prior registration was null
13:10:11.717 [main] DEBUG org.hibernate.query.sqm.function.SqmFunctionRegistry - Registered SqmFunctionTemplate [NamedSqmFunctionTemplate(ceiling)] under ceiling; prior registration was null
13:10:11.717 [main] DEBUG org.hibernate.query.sqm.function.SqmFunctionRegistry - Registered SqmFunctionTemplate [NamedSqmFunctionTemplate(mod)] under mod; prior registration was null
13:10:11.717 [main] DEBUG org.hibernate.query.sqm.function.SqmFunctionRegistry - Registered SqmFunctionTemplate [NamedSqmFunctionTemplate(abs)] under abs; prior registration was null
13:10:11.717 [main] DEBUG org.hibernate.query.sqm.function.SqmFunctionRegistry - Registered SqmFunctionTemplate [NamedSqmFunctionTemplate(sign)] under sign; prior registration was null
13:10:11.717 [main] DEBUG org.hibernate.query.sqm.function.SqmFunctionRegistry - Registered SqmFunctionTemplate [NamedSqmFunctionTemplate(sqrt)] under sqrt; prior registration was null
13:10:11.717 [main] DEBUG org.hibernate.query.sqm.function.SqmFunctionRegistry - Registered SqmFunctionTemplate [NamedSqmFunctionTemplate(ln)] under ln; prior registration was null
13:10:11.717 [main] DEBUG org.hibernate.query.sqm.function.SqmFunctionRegistry - Registered SqmFunctionTemplate [NamedSqmFunctionTemplate(exp)] under exp; prior registration was null
13:10:11.717 [main] DEBUG org.hibernate.query.sqm.function.SqmFunctionRegistry - Registered SqmFunctionTemplate [NamedSqmFunctionTemplate(power)] under power; prior registration was null
13:10:11.717 [main] DEBUG org.hibernate.query.sqm.function.SqmFunctionRegistry - Registered SqmFunctionTemplate [NamedSqmFunctionTemplate(round)] under round; prior registration was null
13:10:11.717 [main] DEBUG org.hibernate.query.sqm.function.SqmFunctionRegistry - Registered SqmFunctionTemplate [NamedSqmFunctionTemplate(sin)] under sin; prior registration was null
13:10:11.717 [main] DEBUG org.hibernate.query.sqm.function.SqmFunctionRegistry - Registered SqmFunctionTemplate [NamedSqmFunctionTemplate(cos)] under cos; prior registration was null
13:10:11.717 [main] DEBUG org.hibernate.query.sqm.function.SqmFunctionRegistry - Registered SqmFunctionTemplate [NamedSqmFunctionTemplate(tan)] under tan; prior registration was null
13:10:11.717 [main] DEBUG org.hibernate.query.sqm.function.SqmFunctionRegistry - Registered SqmFunctionTemplate [NamedSqmFunctionTemplate(asin)] under asin; prior registration was null
13:10:11.717 [main] DEBUG org.hibernate.query.sqm.function.SqmFunctionRegistry - Registered SqmFunctionTemplate [NamedSqmFunctionTemplate(acos)] under acos; prior registration was null
13:10:11.717 [main] DEBUG org.hibernate.query.sqm.function.SqmFunctionRegistry - Registered SqmFunctionTemplate [NamedSqmFunctionTemplate(atan)] under atan; prior registration was null
13:10:11.717 [main] DEBUG org.hibernate.query.sqm.function.SqmFunctionRegistry - Registered SqmFunctionTemplate [NamedSqmFunctionTemplate(atan2)] under atan2; prior registration was null
13:10:11.718 [main] DEBUG org.hibernate.query.sqm.function.SqmFunctionRegistry - Registered SqmFunctionTemplate [org.hibernate.query.sqm.function.PatternBasedSqmFunctionDescriptor@43f99817] under sinh; prior registration was null
13:10:11.719 [main] DEBUG org.hibernate.query.sqm.function.SqmFunctionRegistry - Registered SqmFunctionTemplate [org.hibernate.query.sqm.function.PatternBasedSqmFunctionDescriptor@2a2798a2] under cosh; prior registration was null
13:10:11.719 [main] DEBUG org.hibernate.query.sqm.function.SqmFunctionRegistry - Registered SqmFunctionTemplate [org.hibernate.query.sqm.function.PatternBasedSqmFunctionDescriptor@2b9ecd05] under tanh; prior registration was null
13:10:11.719 [main] DEBUG org.hibernate.query.sqm.function.SqmFunctionRegistry - Registered SqmFunctionTemplate [org.hibernate.query.sqm.function.PatternBasedSqmFunctionDescriptor@31f1b268] under pi; prior registration was null
13:10:11.719 [main] DEBUG org.hibernate.query.sqm.function.SqmFunctionRegistry - Registered SqmFunctionTemplate [org.hibernate.query.sqm.function.PatternBasedSqmFunctionDescriptor@3ec7ad61] under log; prior registration was null
13:10:11.719 [main] DEBUG org.hibernate.query.sqm.function.SqmFunctionRegistry - Registered SqmFunctionTemplate [NamedSqmFunctionTemplate(coalesce)] under coalesce; prior registration was null
13:10:11.719 [main] DEBUG org.hibernate.query.sqm.function.SqmFunctionRegistry - Registered SqmFunctionTemplate [NamedSqmFunctionTemplate(nullif)] under nullif; prior registration was null
13:10:11.719 [main] DEBUG org.hibernate.query.sqm.function.SqmFunctionRegistry - Registered SqmFunctionTemplate [NamedSqmFunctionTemplate(left)] under left; prior registration was null
13:10:11.719 [main] DEBUG org.hibernate.query.sqm.function.SqmFunctionRegistry - Registered SqmFunctionTemplate [NamedSqmFunctionTemplate(right)] under right; prior registration was null
13:10:11.719 [main] DEBUG org.hibernate.query.sqm.function.SqmFunctionRegistry - Registered SqmFunctionTemplate [NamedSqmFunctionTemplate(replace)] under replace; prior registration was null
13:10:11.719 [main] DEBUG org.hibernate.query.sqm.function.SqmFunctionRegistry - Registered SqmFunctionTemplate [NamedSqmFunctionTemplate(concat)] under concat; prior registration was null
13:10:11.719 [main] DEBUG org.hibernate.query.sqm.function.SqmFunctionRegistry - Registered SqmFunctionTemplate [NamedSqmFunctionTemplate(lower)] under lower; prior registration was null
13:10:11.719 [main] DEBUG org.hibernate.query.sqm.function.SqmFunctionRegistry - Registered SqmFunctionTemplate [NamedSqmFunctionTemplate(upper)] under upper; prior registration was null
13:10:11.719 [main] DEBUG org.hibernate.query.sqm.function.SqmFunctionRegistry - Registered SqmFunctionTemplate [NamedSqmFunctionTemplate(substring)] under substring; prior registration was null
13:10:11.719 [main] DEBUG org.hibernate.query.sqm.function.SqmFunctionRegistry - Registered SqmFunctionTemplate [NamedSqmFunctionTemplate(locate)] under locate; prior registration was null
13:10:11.719 [main] DEBUG org.hibernate.query.sqm.function.SqmFunctionRegistry - Registered SqmFunctionTemplate [NamedSqmFunctionTemplate(character_length)] under character_length; prior registration was null
13:10:11.719 [main] DEBUG org.hibernate.query.sqm.function.SqmFunctionRegistry - Registering alternate key : length -> character_length
13:10:11.720 [main] DEBUG org.hibernate.query.sqm.function.SqmFunctionRegistry - Registered SqmFunctionTemplate [org.hibernate.dialect.function.LocatePositionEmulation@459e120b] under position; prior registration was null
13:10:11.721 [main] DEBUG org.hibernate.query.sqm.function.SqmFunctionRegistry - Registered SqmFunctionTemplate [org.hibernate.dialect.function.InsertSubstringOverlayEmulation@57927bc9] under overlay; prior registration was null
13:10:11.721 [main] DEBUG org.hibernate.query.sqm.function.SqmFunctionRegistry - Registered SqmFunctionTemplate [org.hibernate.dialect.function.TrimFunction@684b26b7] under trim; prior registration was null
13:10:11.722 [main] DEBUG org.hibernate.query.sqm.function.SqmFunctionRegistry - Registered SqmFunctionTemplate [org.hibernate.dialect.function.CastFunction@799fb45e] under cast; prior registration was null
13:10:11.722 [main] DEBUG org.hibernate.query.sqm.function.SqmFunctionRegistry - Registered SqmFunctionTemplate [org.hibernate.query.sqm.function.PatternBasedSqmFunctionDescriptor@4f7ba0af] under collate; prior registration was null
13:10:11.722 [main] DEBUG org.hibernate.query.sqm.function.SqmFunctionRegistry - Registered SqmFunctionTemplate [org.hibernate.dialect.function.ExtractFunction@299cab08] under extract; prior registration was null
13:10:11.723 [main] DEBUG org.hibernate.query.sqm.function.SqmFunctionRegistry - Registered SqmFunctionTemplate [NamedSqmFunctionTemplate(least)] under least; prior registration was null
13:10:11.723 [main] DEBUG org.hibernate.query.sqm.function.SqmFunctionRegistry - Registered SqmFunctionTemplate [NamedSqmFunctionTemplate(greatest)] under greatest; prior registration was null
13:10:11.723 [main] DEBUG org.hibernate.query.sqm.function.SqmFunctionRegistry - Registered SqmFunctionTemplate [org.hibernate.dialect.function.CoalesceIfnullEmulation@6ffc6ea7] under ifnull; prior registration was null
13:10:11.723 [main] DEBUG org.hibernate.query.sqm.function.SqmFunctionRegistry - Registered SqmFunctionTemplate [NamedSqmFunctionTemplate(lpad)] under lpad; prior registration was null
13:10:11.723 [main] DEBUG org.hibernate.query.sqm.function.SqmFunctionRegistry - Registered SqmFunctionTemplate [NamedSqmFunctionTemplate(rpad)] under rpad; prior registration was null
13:10:11.723 [main] DEBUG org.hibernate.query.sqm.function.SqmFunctionRegistry - Registered SqmFunctionTemplate [org.hibernate.dialect.function.LpadRpadPadEmulation@42238078] under pad; prior registration was null
13:10:11.723 [main] DEBUG org.hibernate.query.sqm.function.SqmFunctionRegistry - Registered SqmFunctionTemplate [org.hibernate.dialect.function.CastStrEmulation@6be8ce1b] under str; prior registration was null
13:10:11.725 [main] DEBUG org.hibernate.query.sqm.function.SqmFunctionRegistry - Registered SqmFunctionTemplate [org.hibernate.dialect.function.FormatFunction@3199a202] under format; prior registration was null
13:10:11.725 [main] DEBUG org.hibernate.query.sqm.function.SqmFunctionRegistry - Registered SqmFunctionTemplate [org.hibernate.dialect.function.TimestampaddFunction@520c3dcb] under timestampadd; prior registration was null
13:10:11.726 [main] DEBUG org.hibernate.query.sqm.function.SqmFunctionRegistry - Registered SqmFunctionTemplate [org.hibernate.dialect.function.TimestampdiffFunction@71e7c13f] under timestampdiff; prior registration was null
13:10:11.726 [main] DEBUG org.hibernate.query.sqm.function.SqmFunctionRegistry - Registering alternate key : dateadd -> timestampadd
13:10:11.726 [main] DEBUG org.hibernate.query.sqm.function.SqmFunctionRegistry - Registering alternate key : datediff -> timestampdiff
13:10:11.726 [main] DEBUG org.hibernate.query.sqm.function.SqmFunctionRegistry - Registered SqmFunctionTemplate [org.hibernate.dialect.function.CurrentFunction@1c815814] under current_date; prior registration was null
13:10:11.726 [main] DEBUG org.hibernate.query.sqm.function.SqmFunctionRegistry - Registered SqmFunctionTemplate [org.hibernate.dialect.function.CurrentFunction@14af73e1] under current_time; prior registration was null
13:10:11.726 [main] DEBUG org.hibernate.query.sqm.function.SqmFunctionRegistry - Registered SqmFunctionTemplate [org.hibernate.dialect.function.CurrentFunction@73da303e] under current_timestamp; prior registration was null
13:10:11.726 [main] DEBUG org.hibernate.query.sqm.function.SqmFunctionRegistry - Registering alternate key : current date -> current_date
13:10:11.726 [main] DEBUG org.hibernate.query.sqm.function.SqmFunctionRegistry - Registering alternate key : current time -> current_time
13:10:11.726 [main] DEBUG org.hibernate.query.sqm.function.SqmFunctionRegistry - Registering alternate key : current timestamp -> current_timestamp
13:10:11.726 [main] DEBUG org.hibernate.query.sqm.function.SqmFunctionRegistry - Registered SqmFunctionTemplate [org.hibernate.dialect.function.CurrentFunction@24068086] under local_date; prior registration was null
13:10:11.726 [main] DEBUG org.hibernate.query.sqm.function.SqmFunctionRegistry - Registered SqmFunctionTemplate [org.hibernate.dialect.function.CurrentFunction@32513dea] under local_time; prior registration was null
13:10:11.726 [main] DEBUG org.hibernate.query.sqm.function.SqmFunctionRegistry - Registered SqmFunctionTemplate [org.hibernate.dialect.function.CurrentFunction@5d0e703a] under local_datetime; prior registration was null
13:10:11.726 [main] DEBUG org.hibernate.query.sqm.function.SqmFunctionRegistry - Registered SqmFunctionTemplate [org.hibernate.dialect.function.CurrentFunction@7f77e065] under offset_datetime; prior registration was null
13:10:11.726 [main] DEBUG org.hibernate.query.sqm.function.SqmFunctionRegistry - Registering alternate key : local date -> local_date
13:10:11.726 [main] DEBUG org.hibernate.query.sqm.function.SqmFunctionRegistry - Registering alternate key : local time -> local_time
13:10:11.726 [main] DEBUG org.hibernate.query.sqm.function.SqmFunctionRegistry - Registering alternate key : local datetime -> local_datetime
13:10:11.726 [main] DEBUG org.hibernate.query.sqm.function.SqmFunctionRegistry - Registering alternate key : offset datetime -> offset_datetime
13:10:11.726 [main] DEBUG org.hibernate.query.sqm.function.SqmFunctionRegistry - Registered SqmFunctionTemplate [org.hibernate.dialect.function.CurrentFunction@6f655dbd] under instant; prior registration was null
13:10:11.726 [main] DEBUG org.hibernate.query.sqm.function.SqmFunctionRegistry - Registering alternate key : current_instant -> instant
13:10:11.726 [main] DEBUG org.hibernate.query.sqm.function.SqmFunctionRegistry - Registered SqmFunctionTemplate [org.hibernate.dialect.function.SqlFunction@7fb82f73] under sql; prior registration was null
13:10:11.726 [main] DEBUG org.hibernate.query.sqm.function.SqmFunctionRegistry - Registered SqmFunctionTemplate [NamedSqmFunctionTemplate(max)] under max; prior registration was NamedSqmFunctionTemplate(max)
13:10:11.726 [main] DEBUG org.hibernate.query.sqm.function.SqmFunctionRegistry - Registered SqmFunctionTemplate [NamedSqmFunctionTemplate(min)] under min; prior registration was NamedSqmFunctionTemplate(min)
13:10:11.726 [main] DEBUG org.hibernate.query.sqm.function.SqmFunctionRegistry - Registered SqmFunctionTemplate [NamedSqmFunctionTemplate(sum)] under sum; prior registration was NamedSqmFunctionTemplate(sum)
13:10:11.726 [main] DEBUG org.hibernate.query.sqm.function.SqmFunctionRegistry - Registered SqmFunctionTemplate [NamedSqmFunctionTemplate(avg)] under avg; prior registration was NamedSqmFunctionTemplate(avg)
13:10:11.726 [main] DEBUG org.hibernate.query.sqm.function.SqmFunctionRegistry - Registered SqmFunctionTemplate [org.hibernate.dialect.function.CountFunction@2f166d61] under count; prior registration was org.hibernate.dialect.function.CountFunction@3359c3f6
13:10:11.726 [main] DEBUG org.hibernate.query.sqm.function.SqmFunctionRegistry - Registered SqmFunctionTemplate [org.hibernate.dialect.function.AvgFunction@68c4a860] under avg; prior registration was NamedSqmFunctionTemplate(avg)
13:10:11.726 [main] DEBUG org.hibernate.query.sqm.function.SqmFunctionRegistry - Registered SqmFunctionTemplate [NamedSqmFunctionTemplate(pi)] under pi; prior registration was org.hibernate.query.sqm.function.PatternBasedSqmFunctionDescriptor@31f1b268
13:10:11.727 [main] DEBUG org.hibernate.query.sqm.function.SqmFunctionRegistry - Registered SqmFunctionTemplate [NamedSqmFunctionTemplate(cot)] under cot; prior registration was null
13:10:11.727 [main] DEBUG org.hibernate.query.sqm.function.SqmFunctionRegistry - Registered SqmFunctionTemplate [NamedSqmFunctionTemplate(radians)] under radians; prior registration was null
13:10:11.727 [main] DEBUG org.hibernate.query.sqm.function.SqmFunctionRegistry - Registered SqmFunctionTemplate [NamedSqmFunctionTemplate(degrees)] under degrees; prior registration was null
13:10:11.727 [main] DEBUG org.hibernate.query.sqm.function.SqmFunctionRegistry - Registered SqmFunctionTemplate [NamedSqmFunctionTemplate(log10)] under log10; prior registration was null
13:10:11.727 [main] DEBUG org.hibernate.query.sqm.function.SqmFunctionRegistry - Registered SqmFunctionTemplate [org.hibernate.query.sqm.function.PatternBasedSqmFunctionDescriptor@570ed9c] under mod; prior registration was NamedSqmFunctionTemplate(mod)
13:10:11.727 [main] DEBUG org.hibernate.query.sqm.function.SqmFunctionRegistry - Registered SqmFunctionTemplate [NamedSqmFunctionTemplate(rand)] under rand; prior registration was null
13:10:11.727 [main] DEBUG org.hibernate.query.sqm.function.SqmFunctionRegistry - Registered SqmFunctionTemplate [NamedSqmFunctionTemplate(soundex)] under soundex; prior registration was null
13:10:11.727 [main] DEBUG org.hibernate.query.sqm.function.SqmFunctionRegistry - Registered SqmFunctionTemplate [NamedSqmFunctionTemplate(translate)] under translate; prior registration was null
13:10:11.727 [main] DEBUG org.hibernate.query.sqm.function.SqmFunctionRegistry - Registered SqmFunctionTemplate [NamedSqmFunctionTemplate(bitand)] under bitand; prior registration was null
13:10:11.727 [main] DEBUG org.hibernate.query.sqm.function.SqmFunctionRegistry - Registered SqmFunctionTemplate [NamedSqmFunctionTemplate(bitor)] under bitor; prior registration was null
13:10:11.727 [main] DEBUG org.hibernate.query.sqm.function.SqmFunctionRegistry - Registered SqmFunctionTemplate [NamedSqmFunctionTemplate(bitxor)] under bitxor; prior registration was null
13:10:11.727 [main] DEBUG org.hibernate.query.sqm.function.SqmFunctionRegistry - Registered SqmFunctionTemplate [NamedSqmFunctionTemplate(bitnot)] under bitnot; prior registration was null
13:10:11.727 [main] DEBUG org.hibernate.query.sqm.function.SqmFunctionRegistry - Registered SqmFunctionTemplate [NamedSqmFunctionTemplate(bit_and)] under bit_and; prior registration was null
13:10:11.727 [main] DEBUG org.hibernate.query.sqm.function.SqmFunctionRegistry - Registered SqmFunctionTemplate [NamedSqmFunctionTemplate(bit_or)] under bit_or; prior registration was null
13:10:11.727 [main] DEBUG org.hibernate.query.sqm.function.SqmFunctionRegistry - Registered SqmFunctionTemplate [NamedSqmFunctionTemplate(day)] under day; prior registration was null
13:10:11.727 [main] DEBUG org.hibernate.query.sqm.function.SqmFunctionRegistry - Registered SqmFunctionTemplate [NamedSqmFunctionTemplate(month)] under month; prior registration was null
13:10:11.727 [main] DEBUG org.hibernate.query.sqm.function.SqmFunctionRegistry - Registered SqmFunctionTemplate [NamedSqmFunctionTemplate(year)] under year; prior registration was null
13:10:11.727 [main] DEBUG org.hibernate.query.sqm.function.SqmFunctionRegistry - Registered SqmFunctionTemplate [NamedSqmFunctionTemplate(hour)] under hour; prior registration was null
13:10:11.727 [main] DEBUG org.hibernate.query.sqm.function.SqmFunctionRegistry - Registered SqmFunctionTemplate [NamedSqmFunctionTemplate(minute)] under minute; prior registration was null
13:10:11.727 [main] DEBUG org.hibernate.query.sqm.function.SqmFunctionRegistry - Registered SqmFunctionTemplate [NamedSqmFunctionTemplate(second)] under second; prior registration was null
13:10:11.727 [main] DEBUG org.hibernate.query.sqm.function.SqmFunctionRegistry - Registered SqmFunctionTemplate [NamedSqmFunctionTemplate(microsecond)] under microsecond; prior registration was null
13:10:11.727 [main] DEBUG org.hibernate.query.sqm.function.SqmFunctionRegistry - Registered SqmFunctionTemplate [NamedSqmFunctionTemplate(day_of_week)] under day_of_week; prior registration was null
13:10:11.727 [main] DEBUG org.hibernate.query.sqm.function.SqmFunctionRegistry - Registered SqmFunctionTemplate [NamedSqmFunctionTemplate(day_of_month)] under day_of_month; prior registration was null
13:10:11.727 [main] DEBUG org.hibernate.query.sqm.function.SqmFunctionRegistry - Registering alternate key : day -> day_of_month
13:10:11.727 [main] DEBUG org.hibernate.query.sqm.function.SqmFunctionRegistry - Registered SqmFunctionTemplate [NamedSqmFunctionTemplate(day_of_year)] under day_of_year; prior registration was null
13:10:11.727 [main] DEBUG org.hibernate.query.sqm.function.SqmFunctionRegistry - Registered SqmFunctionTemplate [NamedSqmFunctionTemplate(week)] under week; prior registration was null
13:10:11.727 [main] DEBUG org.hibernate.query.sqm.function.SqmFunctionRegistry - Registered SqmFunctionTemplate [NamedSqmFunctionTemplate(quarter)] under quarter; prior registration was null
13:10:11.727 [main] DEBUG org.hibernate.query.sqm.function.SqmFunctionRegistry - Registered SqmFunctionTemplate [NamedSqmFunctionTemplate(monthname)] under monthname; prior registration was null
13:10:11.727 [main] DEBUG org.hibernate.query.sqm.function.SqmFunctionRegistry - Registered SqmFunctionTemplate [NamedSqmFunctionTemplate(dayname)] under dayname; prior registration was null
13:10:11.727 [main] DEBUG org.hibernate.query.sqm.function.SqmFunctionRegistry - Registered SqmFunctionTemplate [NamedSqmFunctionTemplate(localtime)] under localtime; prior registration was null
13:10:11.727 [main] DEBUG org.hibernate.query.sqm.function.SqmFunctionRegistry - Registered SqmFunctionTemplate [NamedSqmFunctionTemplate(localtimestamp)] under localtimestamp; prior registration was null
13:10:11.727 [main] DEBUG org.hibernate.query.sqm.function.SqmFunctionRegistry - Registered SqmFunctionTemplate [NamedSqmFunctionTemplate(localtime)] under local_time; prior registration was org.hibernate.dialect.function.CurrentFunction@32513dea
13:10:11.727 [main] DEBUG org.hibernate.query.sqm.function.SqmFunctionRegistry - Registered SqmFunctionTemplate [NamedSqmFunctionTemplate(localtimestamp)] under local_datetime; prior registration was org.hibernate.dialect.function.CurrentFunction@5d0e703a
13:10:11.730 [main] DEBUG org.hibernate.query.sqm.function.SqmFunctionRegistry - Registered SqmFunctionTemplate [org.hibernate.dialect.function.TruncFunction@1592e540] under trunc; prior registration was null
13:10:11.730 [main] DEBUG org.hibernate.query.sqm.function.SqmFunctionRegistry - Registering alternate key : truncate -> trunc
13:10:11.730 [main] DEBUG org.hibernate.query.sqm.function.SqmFunctionRegistry - Registered SqmFunctionTemplate [org.hibernate.query.sqm.function.PatternBasedSqmFunctionDescriptor@3e2772a9] under date_trunc; prior registration was null
13:10:11.730 [main] DEBUG org.hibernate.query.sqm.function.SqmFunctionRegistry - Registered SqmFunctionTemplate [NamedSqmFunctionTemplate(bit_length)] under bit_length; prior registration was null
13:10:11.730 [main] DEBUG org.hibernate.query.sqm.function.SqmFunctionRegistry - Registered SqmFunctionTemplate [NamedSqmFunctionTemplate(octet_length)] under octet_length; prior registration was null
13:10:11.730 [main] DEBUG org.hibernate.query.sqm.function.SqmFunctionRegistry - Registered SqmFunctionTemplate [NamedSqmFunctionTemplate(ascii)] under ascii; prior registration was null
13:10:11.730 [main] DEBUG org.hibernate.query.sqm.function.SqmFunctionRegistry - Registered SqmFunctionTemplate [NamedSqmFunctionTemplate(octet_length)] under octet_length; prior registration was NamedSqmFunctionTemplate(octet_length)
13:10:11.730 [main] DEBUG org.hibernate.query.sqm.function.SqmFunctionRegistry - Registered SqmFunctionTemplate [NamedSqmFunctionTemplate(space)] under space; prior registration was null
13:10:11.730 [main] DEBUG org.hibernate.query.sqm.function.SqmFunctionRegistry - Registered SqmFunctionTemplate [NamedSqmFunctionTemplate(repeat)] under repeat; prior registration was null
13:10:11.730 [main] DEBUG org.hibernate.query.sqm.function.SqmFunctionRegistry - Registered SqmFunctionTemplate [NamedSqmFunctionTemplate(char)] under char; prior registration was null
13:10:11.730 [main] DEBUG org.hibernate.query.sqm.function.SqmFunctionRegistry - Registering alternate key : chr -> char
13:10:11.730 [main] DEBUG org.hibernate.query.sqm.function.SqmFunctionRegistry - Registered SqmFunctionTemplate [NamedSqmFunctionTemplate(instr)] under instr; prior registration was null
13:10:11.730 [main] DEBUG org.hibernate.query.sqm.function.SqmFunctionRegistry - Registered SqmFunctionTemplate [NamedSqmFunctionTemplate(substr)] under substr; prior registration was null
13:10:11.730 [main] DEBUG org.hibernate.query.sqm.function.SqmFunctionRegistry - Registered SqmFunctionTemplate [org.hibernate.query.sqm.function.PatternBasedSqmFunctionDescriptor@4449b273] under position; prior registration was org.hibernate.dialect.function.LocatePositionEmulation@459e120b
13:10:11.730 [main] DEBUG org.hibernate.query.sqm.function.SqmFunctionRegistry - Registered SqmFunctionTemplate [NamedSqmFunctionTemplate(ltrim)] under ltrim; prior registration was null
13:10:11.730 [main] DEBUG org.hibernate.query.sqm.function.SqmFunctionRegistry - Registered SqmFunctionTemplate [NamedSqmFunctionTemplate(rtrim)] under rtrim; prior registration was null
13:10:11.730 [main] DEBUG org.hibernate.query.sqm.function.SqmFunctionRegistry - Registered SqmFunctionTemplate [org.hibernate.query.sqm.function.PatternBasedSqmFunctionDescriptor@1fa18f87] under concat; prior registration was NamedSqmFunctionTemplate(concat)
13:10:11.730 [main] DEBUG org.hibernate.query.sqm.function.SqmFunctionRegistry - Registered SqmFunctionTemplate [NamedSqmFunctionTemplate(curtime)] under curtime; prior registration was null
13:10:11.730 [main] DEBUG org.hibernate.query.sqm.function.SqmFunctionRegistry - Registered SqmFunctionTemplate [NamedSqmFunctionTemplate(curdate)] under curdate; prior registration was null
13:10:11.730 [main] DEBUG org.hibernate.query.sqm.function.SqmFunctionRegistry - Registered SqmFunctionTemplate [NamedSqmFunctionTemplate(now)] under now; prior registration was null
13:10:11.730 [main] DEBUG org.hibernate.query.sqm.function.SqmFunctionRegistry - Registered SqmFunctionTemplate [NamedSqmFunctionTemplate(sysdate)] under sysdate; prior registration was null
13:10:11.730 [main] DEBUG org.hibernate.query.sqm.function.SqmFunctionRegistry - Registered SqmFunctionTemplate [NamedSqmFunctionTemplate(insert)] under insert; prior registration was null
13:10:11.730 [main] DEBUG org.hibernate.query.sqm.function.SqmFunctionRegistry - Registered SqmFunctionTemplate [NamedSqmFunctionTemplate(bool_and)] under bool_and; prior registration was null
13:10:11.730 [main] DEBUG org.hibernate.query.sqm.function.SqmFunctionRegistry - Registering alternate key : every -> bool_and
13:10:11.730 [main] DEBUG org.hibernate.query.sqm.function.SqmFunctionRegistry - Registered SqmFunctionTemplate [NamedSqmFunctionTemplate(bool_or)] under bool_or; prior registration was null
13:10:11.730 [main] DEBUG org.hibernate.query.sqm.function.SqmFunctionRegistry - Registering alternate key : any -> bool_or
13:10:11.730 [main] DEBUG org.hibernate.query.sqm.function.SqmFunctionRegistry - Registered SqmFunctionTemplate [NamedSqmFunctionTemplate(median)] under median; prior registration was null
13:10:11.730 [main] DEBUG org.hibernate.query.sqm.function.SqmFunctionRegistry - Registered SqmFunctionTemplate [NamedSqmFunctionTemplate(stddev_pop)] under stddev_pop; prior registration was null
13:10:11.730 [main] DEBUG org.hibernate.query.sqm.function.SqmFunctionRegistry - Registered SqmFunctionTemplate [NamedSqmFunctionTemplate(stddev_samp)] under stddev_samp; prior registration was null
13:10:11.730 [main] DEBUG org.hibernate.query.sqm.function.SqmFunctionRegistry - Registered SqmFunctionTemplate [NamedSqmFunctionTemplate(var_pop)] under var_pop; prior registration was null
13:10:11.730 [main] DEBUG org.hibernate.query.sqm.function.SqmFunctionRegistry - Registered SqmFunctionTemplate [NamedSqmFunctionTemplate(var_samp)] under var_samp; prior registration was null
13:10:11.730 [main] DEBUG org.hibernate.query.sqm.function.SqmFunctionRegistry - Registered SqmFunctionTemplate [org.hibernate.dialect.function.FormatFunction@1d9bd1d6] under format; prior registration was org.hibernate.dialect.function.FormatFunction@3199a202
13:10:11.730 [main] DEBUG org.hibernate.query.sqm.function.SqmFunctionRegistry - Registered SqmFunctionTemplate [NamedSqmFunctionTemplate(rownum)] under rownum; prior registration was null
13:10:11.730 [main] DEBUG org.hibernate.query.sqm.function.SqmFunctionRegistry - Registered SqmFunctionTemplate [NamedSqmFunctionTemplate(row_number)] under row_number; prior registration was null
13:10:11.730 [main] DEBUG org.hibernate.query.sqm.function.SqmFunctionRegistry - Registered SqmFunctionTemplate [NamedSqmFunctionTemplate(lag)] under lag; prior registration was null
13:10:11.730 [main] DEBUG org.hibernate.query.sqm.function.SqmFunctionRegistry - Registered SqmFunctionTemplate [NamedSqmFunctionTemplate(lead)] under lead; prior registration was null
13:10:11.730 [main] DEBUG org.hibernate.query.sqm.function.SqmFunctionRegistry - Registered SqmFunctionTemplate [NamedSqmFunctionTemplate(first_value)] under first_value; prior registration was null
13:10:11.730 [main] DEBUG org.hibernate.query.sqm.function.SqmFunctionRegistry - Registered SqmFunctionTemplate [NamedSqmFunctionTemplate(last_value)] under last_value; prior registration was null
13:10:11.730 [main] DEBUG org.hibernate.query.sqm.function.SqmFunctionRegistry - Registered SqmFunctionTemplate [NamedSqmFunctionTemplate(nth_value)] under nth_value; prior registration was null
13:10:11.730 [main] DEBUG org.hibernate.query.sqm.function.SqmFunctionRegistry - Registered SqmFunctionTemplate [org.hibernate.dialect.function.ListaggFunction@3b66ac74] under listagg; prior registration was null
13:10:11.731 [main] DEBUG org.hibernate.query.sqm.function.SqmFunctionRegistry - Registered SqmFunctionTemplate [org.hibernate.dialect.function.InverseDistributionFunction@2375a976] under mode; prior registration was null
13:10:11.731 [main] DEBUG org.hibernate.query.sqm.function.SqmFunctionRegistry - Registered SqmFunctionTemplate [org.hibernate.dialect.function.InverseDistributionFunction@4bc21e34] under percentile_cont; prior registration was null
13:10:11.731 [main] DEBUG org.hibernate.query.sqm.function.SqmFunctionRegistry - Registered SqmFunctionTemplate [org.hibernate.dialect.function.InverseDistributionFunction@7544260a] under percentile_disc; prior registration was null
13:10:11.731 [main] DEBUG org.hibernate.query.sqm.function.SqmFunctionRegistry - Registered SqmFunctionTemplate [org.hibernate.dialect.function.HypotheticalSetFunction@ace2408] under rank; prior registration was null
13:10:11.731 [main] DEBUG org.hibernate.query.sqm.function.SqmFunctionRegistry - Registered SqmFunctionTemplate [org.hibernate.dialect.function.HypotheticalSetFunction@3573e19d] under dense_rank; prior registration was null
13:10:11.731 [main] DEBUG org.hibernate.query.sqm.function.SqmFunctionRegistry - Registered SqmFunctionTemplate [org.hibernate.dialect.function.HypotheticalSetFunction@5c1dd18] under percent_rank; prior registration was null
13:10:11.731 [main] DEBUG org.hibernate.query.sqm.function.SqmFunctionRegistry - Registered SqmFunctionTemplate [org.hibernate.dialect.function.HypotheticalSetFunction@2a6dbb7c] under cume_dist; prior registration was null
13:10:11.732 [main] DEBUG org.hibernate.query.sqm.function.SqmFunctionRegistry - Registered SqmFunctionTemplate [org.hibernate.dialect.function.array.ArrayConstructorFunction@33eab2e8] under array; prior registration was null
13:10:11.732 [main] DEBUG org.hibernate.query.sqm.function.SqmFunctionRegistry - Registered SqmFunctionTemplate [org.hibernate.dialect.function.array.ArrayConstructorFunction@34bf66af] under array_list; prior registration was null
13:10:11.733 [main] DEBUG org.hibernate.query.sqm.function.SqmFunctionRegistry - Registered SqmFunctionTemplate [org.hibernate.dialect.function.array.ArrayAggFunction@14b26e90] under array_agg; prior registration was null
13:10:11.734 [main] DEBUG org.hibernate.query.sqm.function.SqmFunctionRegistry - Registered SqmFunctionTemplate [org.hibernate.dialect.function.array.H2ArrayPositionFunction@b6136eb] under array_position; prior registration was null
13:10:11.744 [main] DEBUG org.hibernate.query.sqm.function.SqmFunctionRegistry - Registered SqmFunctionTemplate [org.hibernate.dialect.function.array.H2ArrayPositionsFunction@3c97f5e9] under array_positions; prior registration was null
13:10:11.749 [main] DEBUG org.hibernate.query.sqm.function.SqmFunctionRegistry - Registered SqmFunctionTemplate [org.hibernate.dialect.function.array.H2ArrayPositionsFunction@6b64429e] under array_positions_list; prior registration was null
13:10:11.749 [main] DEBUG org.hibernate.query.sqm.function.SqmFunctionRegistry - Registered SqmFunctionTemplate [org.hibernate.query.sqm.function.PatternBasedSqmFunctionDescriptor@48aa0813] under array_length; prior registration was null
13:10:11.751 [main] DEBUG org.hibernate.query.sqm.function.SqmFunctionRegistry - Registered SqmFunctionTemplate [org.hibernate.dialect.function.array.ArrayConcatFunction@5be69f7e] under array_concat; prior registration was null
13:10:11.754 [main] DEBUG org.hibernate.query.sqm.function.SqmFunctionRegistry - Registered SqmFunctionTemplate [org.hibernate.dialect.function.array.ArrayConcatElementFunction@4641f66c] under array_prepend; prior registration was null
13:10:11.754 [main] DEBUG org.hibernate.query.sqm.function.SqmFunctionRegistry - Registered SqmFunctionTemplate [org.hibernate.dialect.function.array.ArrayConcatElementFunction@6b0ba697] under array_append; prior registration was null
13:10:11.758 [main] DEBUG org.hibernate.query.sqm.function.SqmFunctionRegistry - Registered SqmFunctionTemplate [org.hibernate.dialect.function.array.H2ArrayContainsFunction@30133a11] under array_contains; prior registration was null
13:10:11.758 [main] DEBUG org.hibernate.query.sqm.function.SqmFunctionRegistry - Registered SqmFunctionTemplate [org.hibernate.dialect.function.array.H2ArrayContainsFunction@2168def] under array_contains_nullable; prior registration was null
13:10:11.759 [main] DEBUG org.hibernate.query.sqm.function.SqmFunctionRegistry - Registered SqmFunctionTemplate [org.hibernate.dialect.function.array.H2ArrayOverlapsFunction@7fd2a67a] under array_overlaps; prior registration was null
13:10:11.759 [main] DEBUG org.hibernate.query.sqm.function.SqmFunctionRegistry - Registered SqmFunctionTemplate [org.hibernate.dialect.function.array.H2ArrayOverlapsFunction@163df259] under array_overlaps_nullable; prior registration was null
13:10:11.760 [main] DEBUG org.hibernate.query.sqm.function.SqmFunctionRegistry - Registered SqmFunctionTemplate [org.hibernate.query.sqm.function.PatternBasedSqmFunctionDescriptor@2f61de04] under array_get; prior registration was null
13:10:11.760 [main] DEBUG org.hibernate.query.sqm.function.SqmFunctionRegistry - Registered SqmFunctionTemplate [org.hibernate.dialect.function.array.H2ArraySetFunction@4de158ca] under array_set; prior registration was null
13:10:11.761 [main] DEBUG org.hibernate.query.sqm.function.SqmFunctionRegistry - Registered SqmFunctionTemplate [org.hibernate.dialect.function.array.H2ArrayRemoveFunction@68f2363] under array_remove; prior registration was null
13:10:11.761 [main] DEBUG org.hibernate.query.sqm.function.SqmFunctionRegistry - Registered SqmFunctionTemplate [org.hibernate.dialect.function.array.H2ArrayRemoveIndexFunction@2f8f40cc] under array_remove_index; prior registration was null
13:10:11.761 [main] DEBUG org.hibernate.query.sqm.function.SqmFunctionRegistry - Registered SqmFunctionTemplate [org.hibernate.query.sqm.function.PatternBasedSqmFunctionDescriptor@14d81f2c] under array_slice; prior registration was null
13:10:11.762 [main] DEBUG org.hibernate.query.sqm.function.SqmFunctionRegistry - Registered SqmFunctionTemplate [org.hibernate.dialect.function.array.H2ArrayReplaceFunction@bb5f9d] under array_replace; prior registration was null
13:10:11.762 [main] DEBUG org.hibernate.query.sqm.function.SqmFunctionRegistry - Registered SqmFunctionTemplate [org.hibernate.query.sqm.function.PatternBasedSqmFunctionDescriptor@391dfe7c] under array_trim; prior registration was null
13:10:11.763 [main] DEBUG org.hibernate.query.sqm.function.SqmFunctionRegistry - Registered SqmFunctionTemplate [org.hibernate.dialect.function.array.H2ArrayFillFunction@75959b0c] under array_fill; prior registration was null
13:10:11.763 [main] DEBUG org.hibernate.query.sqm.function.SqmFunctionRegistry - Registered SqmFunctionTemplate [org.hibernate.dialect.function.array.H2ArrayFillFunction@355493bf] under array_fill_list; prior registration was null
13:10:11.764 [main] DEBUG org.hibernate.query.sqm.function.SqmFunctionRegistry - Registered SqmFunctionTemplate [org.hibernate.dialect.function.array.H2ArrayToStringFunction@6e0d058a] under array_to_string; prior registration was null
13:10:11.771 [main] DEBUG org.hibernate.HQL_FUNCTIONS - abs(NUMERIC arg)
13:10:11.772 [main] DEBUG org.hibernate.HQL_FUNCTIONS - Double acos(NUMERIC arg)
13:10:11.772 [main] DEBUG org.hibernate.HQL_FUNCTIONS - Boolean any(BOOLEAN predicate)
13:10:11.772 [main] DEBUG org.hibernate.HQL_FUNCTIONS - array( ... )
13:10:11.772 [main] DEBUG org.hibernate.HQL_FUNCTIONS - array_agg(arg)
13:10:11.772 [main] DEBUG org.hibernate.HQL_FUNCTIONS - array_append( ... )
13:10:11.772 [main] DEBUG org.hibernate.HQL_FUNCTIONS - array_concat( ... )
13:10:11.772 [main] DEBUG org.hibernate.HQL_FUNCTIONS - Boolean array_contains(ARRAY haystackArray, OBJECT needleElementOrArray)
13:10:11.772 [main] DEBUG org.hibernate.HQL_FUNCTIONS - Boolean array_contains_nullable(ARRAY haystackArray, OBJECT needleElementOrArray)
13:10:11.772 [main] DEBUG org.hibernate.HQL_FUNCTIONS - array_fill(OBJECT element, INTEGER elementCount)
13:10:11.772 [main] DEBUG org.hibernate.HQL_FUNCTIONS - array_fill_list(OBJECT element, INTEGER elementCount)
13:10:11.772 [main] DEBUG org.hibernate.HQL_FUNCTIONS - array_get(ARRAY array, INTEGER index)
13:10:11.772 [main] DEBUG org.hibernate.HQL_FUNCTIONS - Integer array_length(ARRAY array)
13:10:11.772 [main] DEBUG org.hibernate.HQL_FUNCTIONS - array_list( ... )
13:10:11.772 [main] DEBUG org.hibernate.HQL_FUNCTIONS - Boolean array_overlaps(ARRAY array0, OBJECT array1)
13:10:11.772 [main] DEBUG org.hibernate.HQL_FUNCTIONS - Boolean array_overlaps_nullable(ARRAY array0, OBJECT array1)
13:10:11.772 [main] DEBUG org.hibernate.HQL_FUNCTIONS - Integer array_position(ARRAY array, OBJECT element[, INTEGER startPosition])
13:10:11.772 [main] DEBUG org.hibernate.HQL_FUNCTIONS - int[] array_positions(ARRAY array, OBJECT element)
13:10:11.772 [main] DEBUG org.hibernate.HQL_FUNCTIONS - List array_positions_list(ARRAY array, OBJECT element)
13:10:11.772 [main] DEBUG org.hibernate.HQL_FUNCTIONS - array_prepend( ... )
13:10:11.772 [main] DEBUG org.hibernate.HQL_FUNCTIONS - array_remove( ... )
13:10:11.772 [main] DEBUG org.hibernate.HQL_FUNCTIONS - array_remove_index( ... )
13:10:11.772 [main] DEBUG org.hibernate.HQL_FUNCTIONS - array_replace( ... )
13:10:11.772 [main] DEBUG org.hibernate.HQL_FUNCTIONS - array_set( ... )
13:10:11.772 [main] DEBUG org.hibernate.HQL_FUNCTIONS - array_slice(ARRAY array, INTEGER start, INTEGER end)
13:10:11.772 [main] DEBUG org.hibernate.HQL_FUNCTIONS - String array_to_string( ... )
13:10:11.772 [main] DEBUG org.hibernate.HQL_FUNCTIONS - array_trim(ARRAY array, INTEGER elementsToRemove)
13:10:11.772 [main] DEBUG org.hibernate.HQL_FUNCTIONS - Integer ascii(STRING arg)
13:10:11.772 [main] DEBUG org.hibernate.HQL_FUNCTIONS - Double asin(NUMERIC arg)
13:10:11.772 [main] DEBUG org.hibernate.HQL_FUNCTIONS - Double atan(NUMERIC arg)
13:10:11.773 [main] DEBUG org.hibernate.HQL_FUNCTIONS - Double atan2(NUMERIC arg0, NUMERIC arg1)
13:10:11.773 [main] DEBUG org.hibernate.HQL_FUNCTIONS - avg(NUMERIC arg)
13:10:11.773 [main] DEBUG org.hibernate.HQL_FUNCTIONS - bit_and(arg)
13:10:11.773 [main] DEBUG org.hibernate.HQL_FUNCTIONS - Integer bit_length(STRING_OR_CLOB arg)
13:10:11.773 [main] DEBUG org.hibernate.HQL_FUNCTIONS - bit_or(arg)
13:10:11.773 [main] DEBUG org.hibernate.HQL_FUNCTIONS - bitand(arg0, arg1)
13:10:11.773 [main] DEBUG org.hibernate.HQL_FUNCTIONS - bitnot(arg)
13:10:11.773 [main] DEBUG org.hibernate.HQL_FUNCTIONS - bitor(arg0, arg1)
13:10:11.773 [main] DEBUG org.hibernate.HQL_FUNCTIONS - bitxor(arg0, arg1)
13:10:11.773 [main] DEBUG org.hibernate.HQL_FUNCTIONS - Boolean bool_and(BOOLEAN predicate)
13:10:11.773 [main] DEBUG org.hibernate.HQL_FUNCTIONS - Boolean bool_or(BOOLEAN predicate)
13:10:11.773 [main] DEBUG org.hibernate.HQL_FUNCTIONS - cast(arg as Type)
13:10:11.773 [main] DEBUG org.hibernate.HQL_FUNCTIONS - ceiling(NUMERIC arg)
13:10:11.773 [main] DEBUG org.hibernate.HQL_FUNCTIONS - Character char(INTEGER arg)
13:10:11.773 [main] DEBUG org.hibernate.HQL_FUNCTIONS - Integer character_length(STRING_OR_CLOB arg)
13:10:11.773 [main] DEBUG org.hibernate.HQL_FUNCTIONS - Character chr(INTEGER arg)
13:10:11.773 [main] DEBUG org.hibernate.HQL_FUNCTIONS - coalesce(arg0[, arg1[, ...]])
13:10:11.773 [main] DEBUG org.hibernate.HQL_FUNCTIONS - String collate(STRING string as COLLATION collation)
13:10:11.773 [main] DEBUG org.hibernate.HQL_FUNCTIONS - String concat(STRING string0[, STRING string1[, ...]])
13:10:11.773 [main] DEBUG org.hibernate.HQL_FUNCTIONS - Double cos(NUMERIC arg)
13:10:11.773 [main] DEBUG org.hibernate.HQL_FUNCTIONS - Double cosh(NUMERIC arg)
13:10:11.773 [main] DEBUG org.hibernate.HQL_FUNCTIONS - Double cot(NUMERIC arg)
13:10:11.773 [main] DEBUG org.hibernate.HQL_FUNCTIONS - Long count([distinct ]{arg|*})
13:10:11.773 [main] DEBUG org.hibernate.HQL_FUNCTIONS - Double cume_dist([arg0[, ...]])
13:10:11.773 [main] DEBUG org.hibernate.HQL_FUNCTIONS - Date curdate()
13:10:11.773 [main] DEBUG org.hibernate.HQL_FUNCTIONS - Date current date
13:10:11.773 [main] DEBUG org.hibernate.HQL_FUNCTIONS - Time current time
13:10:11.773 [main] DEBUG org.hibernate.HQL_FUNCTIONS - Timestamp current timestamp
13:10:11.773 [main] DEBUG org.hibernate.HQL_FUNCTIONS - Date current_date
13:10:11.773 [main] DEBUG org.hibernate.HQL_FUNCTIONS - Instant current_instant
13:10:11.773 [main] DEBUG org.hibernate.HQL_FUNCTIONS - Time current_time
13:10:11.773 [main] DEBUG org.hibernate.HQL_FUNCTIONS - Timestamp current_timestamp
13:10:11.773 [main] DEBUG org.hibernate.HQL_FUNCTIONS - Time curtime()
13:10:11.773 [main] DEBUG org.hibernate.HQL_FUNCTIONS - date_trunc(STRING field, TEMPORAL datetime)
13:10:11.773 [main] DEBUG org.hibernate.HQL_FUNCTIONS - dateadd(TEMPORAL_UNIT field, INTEGER magnitude, TEMPORAL datetime)
13:10:11.773 [main] DEBUG org.hibernate.HQL_FUNCTIONS - Long|Double datediff(TEMPORAL_UNIT field, TEMPORAL start, TEMPORAL end)
13:10:11.773 [main] DEBUG org.hibernate.HQL_FUNCTIONS - Integer day(DATE arg)
13:10:11.773 [main] DEBUG org.hibernate.HQL_FUNCTIONS - Integer day_of_month(DATE arg)
13:10:11.773 [main] DEBUG org.hibernate.HQL_FUNCTIONS - Integer day_of_week(DATE arg)
13:10:11.773 [main] DEBUG org.hibernate.HQL_FUNCTIONS - Integer day_of_year(DATE arg)
13:10:11.773 [main] DEBUG org.hibernate.HQL_FUNCTIONS - String dayname(DATE arg)
13:10:11.773 [main] DEBUG org.hibernate.HQL_FUNCTIONS - Double degrees(NUMERIC arg)
13:10:11.773 [main] DEBUG org.hibernate.HQL_FUNCTIONS - Long dense_rank([arg0[, ...]])
13:10:11.773 [main] DEBUG org.hibernate.HQL_FUNCTIONS - Boolean every(BOOLEAN predicate)
13:10:11.773 [main] DEBUG org.hibernate.HQL_FUNCTIONS - Double exp(NUMERIC arg)
13:10:11.773 [main] DEBUG org.hibernate.HQL_FUNCTIONS - extract(TEMPORAL_UNIT field from TEMPORAL arg)
13:10:11.773 [main] DEBUG org.hibernate.HQL_FUNCTIONS - first_valueANY value
13:10:11.773 [main] DEBUG org.hibernate.HQL_FUNCTIONS - floor(NUMERIC arg)
13:10:11.773 [main] DEBUG org.hibernate.HQL_FUNCTIONS - String format(TEMPORAL datetime as STRING pattern)
13:10:11.773 [main] DEBUG org.hibernate.HQL_FUNCTIONS - greatest(COMPARABLE arg0, COMPARABLE arg1[, arg2[, ...]])
13:10:11.773 [main] DEBUG org.hibernate.HQL_FUNCTIONS - Integer hour(TIME arg)
13:10:11.773 [main] DEBUG org.hibernate.HQL_FUNCTIONS - ifnull(arg0, arg1)
13:10:11.773 [main] DEBUG org.hibernate.HQL_FUNCTIONS - String insert(STRING string, INTEGER start, INTEGER length, STRING replacement)
13:10:11.773 [main] DEBUG org.hibernate.HQL_FUNCTIONS - Instant instant
13:10:11.773 [main] DEBUG org.hibernate.HQL_FUNCTIONS - Integer instr(STRING string, STRING pattern[, INTEGER start[, INTEGER occurrence]])
13:10:11.773 [main] DEBUG org.hibernate.HQL_FUNCTIONS - lagANY value[, INTEGER offset[, ANY default]]
13:10:11.773 [main] DEBUG org.hibernate.HQL_FUNCTIONS - last_valueANY value
13:10:11.773 [main] DEBUG org.hibernate.HQL_FUNCTIONS - leadANY value[, INTEGER offset[, ANY default]]
13:10:11.773 [main] DEBUG org.hibernate.HQL_FUNCTIONS - least(COMPARABLE arg0, COMPARABLE arg1[, arg2[, ...]])
13:10:11.773 [main] DEBUG org.hibernate.HQL_FUNCTIONS - String left(STRING string, INTEGER length)
13:10:11.773 [main] DEBUG org.hibernate.HQL_FUNCTIONS - Integer length(STRING_OR_CLOB arg)
13:10:11.773 [main] DEBUG org.hibernate.HQL_FUNCTIONS - String listagg(STRING arg0, STRING arg1)
13:10:11.773 [main] DEBUG org.hibernate.HQL_FUNCTIONS - Double ln(NUMERIC arg)
13:10:11.773 [main] DEBUG org.hibernate.HQL_FUNCTIONS - LocalDate local date
13:10:11.773 [main] DEBUG org.hibernate.HQL_FUNCTIONS - LocalDateTime local datetime
13:10:11.773 [main] DEBUG org.hibernate.HQL_FUNCTIONS - LocalTime local time
13:10:11.773 [main] DEBUG org.hibernate.HQL_FUNCTIONS - LocalDate local_date
13:10:11.773 [main] DEBUG org.hibernate.HQL_FUNCTIONS - LocalDateTime local_datetime
13:10:11.773 [main] DEBUG org.hibernate.HQL_FUNCTIONS - LocalTime local_time
13:10:11.773 [main] DEBUG org.hibernate.HQL_FUNCTIONS - Time localtime
13:10:11.773 [main] DEBUG org.hibernate.HQL_FUNCTIONS - Timestamp localtimestamp
13:10:11.773 [main] DEBUG org.hibernate.HQL_FUNCTIONS - Integer locate(STRING pattern, STRING string[, INTEGER start])
13:10:11.773 [main] DEBUG org.hibernate.HQL_FUNCTIONS - Double log(NUMERIC base, NUMERIC arg)
13:10:11.773 [main] DEBUG org.hibernate.HQL_FUNCTIONS - Double log10(NUMERIC arg)
13:10:11.773 [main] DEBUG org.hibernate.HQL_FUNCTIONS - String lower(STRING string)
13:10:11.773 [main] DEBUG org.hibernate.HQL_FUNCTIONS - String lpad(STRING string, INTEGER length[, STRING padding])
13:10:11.773 [main] DEBUG org.hibernate.HQL_FUNCTIONS - String ltrim(STRING string)
13:10:11.773 [main] DEBUG org.hibernate.HQL_FUNCTIONS - max(COMPARABLE arg)
13:10:11.773 [main] DEBUG org.hibernate.HQL_FUNCTIONS - Double median(NUMERIC arg)
13:10:11.773 [main] DEBUG org.hibernate.HQL_FUNCTIONS - Integer microsecond(TIME arg)
13:10:11.773 [main] DEBUG org.hibernate.HQL_FUNCTIONS - min(COMPARABLE arg)
13:10:11.773 [main] DEBUG org.hibernate.HQL_FUNCTIONS - Integer minute(TIME arg)
13:10:11.773 [main] DEBUG org.hibernate.HQL_FUNCTIONS - Integer mod(INTEGER arg0, INTEGER arg1)
13:10:11.773 [main] DEBUG org.hibernate.HQL_FUNCTIONS - mode()
13:10:11.773 [main] DEBUG org.hibernate.HQL_FUNCTIONS - Integer month(DATE arg)
13:10:11.773 [main] DEBUG org.hibernate.HQL_FUNCTIONS - String monthname(DATE arg)
13:10:11.773 [main] DEBUG org.hibernate.HQL_FUNCTIONS - Timestamp now()
13:10:11.773 [main] DEBUG org.hibernate.HQL_FUNCTIONS - nth_valueANY value, INTEGER nth
13:10:11.773 [main] DEBUG org.hibernate.HQL_FUNCTIONS - nullif(arg0, arg1)
13:10:11.773 [main] DEBUG org.hibernate.HQL_FUNCTIONS - Integer octet_length(STRING_OR_CLOB arg)
13:10:11.773 [main] DEBUG org.hibernate.HQL_FUNCTIONS - OffsetDateTime offset datetime
13:10:11.773 [main] DEBUG org.hibernate.HQL_FUNCTIONS - OffsetDateTime offset_datetime
13:10:11.773 [main] DEBUG org.hibernate.HQL_FUNCTIONS - String overlay(STRING string placing STRING replacement from INTEGER start[ for INTEGER length])
13:10:11.773 [main] DEBUG org.hibernate.HQL_FUNCTIONS - String pad(STRING string with INTEGER length {leading|trailing}[ STRING character])
13:10:11.773 [main] DEBUG org.hibernate.HQL_FUNCTIONS - Double percent_rank([arg0[, ...]])
13:10:11.773 [main] DEBUG org.hibernate.HQL_FUNCTIONS - percentile_cont(NUMERIC arg)
13:10:11.773 [main] DEBUG org.hibernate.HQL_FUNCTIONS - percentile_disc(NUMERIC arg)
13:10:11.773 [main] DEBUG org.hibernate.HQL_FUNCTIONS - Double pi
13:10:11.773 [main] DEBUG org.hibernate.HQL_FUNCTIONS - Integer position(STRING pattern in STRING string)
13:10:11.773 [main] DEBUG org.hibernate.HQL_FUNCTIONS - Double power(NUMERIC arg0, NUMERIC arg1)
13:10:11.773 [main] DEBUG org.hibernate.HQL_FUNCTIONS - Integer quarter(DATE arg)
13:10:11.773 [main] DEBUG org.hibernate.HQL_FUNCTIONS - Double radians(NUMERIC arg)
13:10:11.773 [main] DEBUG org.hibernate.HQL_FUNCTIONS - Double rand([INTEGER seed])
13:10:11.773 [main] DEBUG org.hibernate.HQL_FUNCTIONS - Long rank([arg0[, ...]])
13:10:11.773 [main] DEBUG org.hibernate.HQL_FUNCTIONS - String repeat(STRING string, INTEGER times)
13:10:11.773 [main] DEBUG org.hibernate.HQL_FUNCTIONS - String replace(STRING string, STRING pattern, STRING replacement)
13:10:11.774 [main] DEBUG org.hibernate.HQL_FUNCTIONS - String right(STRING string, INTEGER length)
13:10:11.774 [main] DEBUG org.hibernate.HQL_FUNCTIONS - round(NUMERIC number[, INTEGER places])
13:10:11.774 [main] DEBUG org.hibernate.HQL_FUNCTIONS - Long row_number()
13:10:11.774 [main] DEBUG org.hibernate.HQL_FUNCTIONS - Long rownum()
13:10:11.774 [main] DEBUG org.hibernate.HQL_FUNCTIONS - String rpad(STRING string, INTEGER length[, STRING padding])
13:10:11.774 [main] DEBUG org.hibernate.HQL_FUNCTIONS - String rtrim(STRING string)
13:10:11.774 [main] DEBUG org.hibernate.HQL_FUNCTIONS - Integer second(TIME arg)
13:10:11.774 [main] DEBUG org.hibernate.HQL_FUNCTIONS - Integer sign(NUMERIC arg)
13:10:11.774 [main] DEBUG org.hibernate.HQL_FUNCTIONS - Double sin(NUMERIC arg)
13:10:11.774 [main] DEBUG org.hibernate.HQL_FUNCTIONS - Double sinh(NUMERIC arg)
13:10:11.774 [main] DEBUG org.hibernate.HQL_FUNCTIONS - String soundex(arg)
13:10:11.774 [main] DEBUG org.hibernate.HQL_FUNCTIONS - String space(INTEGER arg)
13:10:11.774 [main] DEBUG org.hibernate.HQL_FUNCTIONS - Object sql
13:10:11.774 [main] DEBUG org.hibernate.HQL_FUNCTIONS - Double sqrt(NUMERIC arg)
13:10:11.774 [main] DEBUG org.hibernate.HQL_FUNCTIONS - Double stddev_pop(NUMERIC arg)
13:10:11.774 [main] DEBUG org.hibernate.HQL_FUNCTIONS - Double stddev_samp(NUMERIC arg)
13:10:11.774 [main] DEBUG org.hibernate.HQL_FUNCTIONS - String str(arg)
13:10:11.774 [main] DEBUG org.hibernate.HQL_FUNCTIONS - String substr(STRING string, INTEGER start[, INTEGER length])
13:10:11.774 [main] DEBUG org.hibernate.HQL_FUNCTIONS - String substring(STRING string{ from|,} INTEGER start[{ for|,} INTEGER length])
13:10:11.774 [main] DEBUG org.hibernate.HQL_FUNCTIONS - sum(arg)
13:10:11.774 [main] DEBUG org.hibernate.HQL_FUNCTIONS - Timestamp sysdate
13:10:11.774 [main] DEBUG org.hibernate.HQL_FUNCTIONS - Double tan(NUMERIC arg)
13:10:11.774 [main] DEBUG org.hibernate.HQL_FUNCTIONS - Double tanh(NUMERIC arg)
13:10:11.774 [main] DEBUG org.hibernate.HQL_FUNCTIONS - timestampadd(TEMPORAL_UNIT field, INTEGER magnitude, TEMPORAL datetime)
13:10:11.774 [main] DEBUG org.hibernate.HQL_FUNCTIONS - Long|Double timestampdiff(TEMPORAL_UNIT field, TEMPORAL start, TEMPORAL end)
13:10:11.774 [main] DEBUG org.hibernate.HQL_FUNCTIONS - String translate(STRING arg0, STRING arg1, STRING arg2)
13:10:11.774 [main] DEBUG org.hibernate.HQL_FUNCTIONS - String trim([[{leading|trailing|both} ][STRING arg0 ]from] STRING arg1)
13:10:11.774 [main] DEBUG org.hibernate.HQL_FUNCTIONS - trunc( ... )
13:10:11.774 [main] DEBUG org.hibernate.HQL_FUNCTIONS - truncate( ... )
13:10:11.774 [main] DEBUG org.hibernate.HQL_FUNCTIONS - String upper(STRING string)
13:10:11.774 [main] DEBUG org.hibernate.HQL_FUNCTIONS - Double var_pop(NUMERIC arg)
13:10:11.774 [main] DEBUG org.hibernate.HQL_FUNCTIONS - Double var_samp(NUMERIC arg)
13:10:11.774 [main] DEBUG org.hibernate.HQL_FUNCTIONS - Integer week(DATE arg)
13:10:11.774 [main] DEBUG org.hibernate.HQL_FUNCTIONS - Integer year(DATE arg)
13:10:11.778 [main] DEBUG org.hibernate.orm.query.plan.cache - Starting QueryInterpretationCache(2048)
13:10:11.838 [main] DEBUG org.hibernate.service.internal.SessionFactoryServiceRegistryImpl - EventListenerRegistry access via ServiceRegistry is deprecated.  Use `sessionFactory.getEventEngine().getListenerRegistry()` instead
13:10:11.839 [main] DEBUG org.hibernate.event.internal.EntityCopyObserverFactoryInitiator - Configured EntityCopyObserver strategy: disallow
13:10:11.907 [main] DEBUG org.hibernate.boot.internal.ClassLoaderAccessImpl - Not known whether passed class name [org.frcpm.models.Attendance] is safe
13:10:11.908 [main] DEBUG org.hibernate.boot.internal.ClassLoaderAccessImpl - No temp ClassLoader provided; using live ClassLoader for loading potentially unsafe class : org.frcpm.models.Attendance
13:10:12.002 [main] DEBUG org.hibernate.bytecode.internal.bytebuddy.BytecodeProviderImpl - HHH000513: Unable to create the ReflectionOptimizer for [org.frcpm.models.Attendance]: private accessor [arrivalTime]
13:10:12.040 [main] DEBUG org.hibernate.boot.internal.ClassLoaderAccessImpl - Not known whether passed class name [org.frcpm.models.Meeting] is safe
13:10:12.040 [main] DEBUG org.hibernate.boot.internal.ClassLoaderAccessImpl - No temp ClassLoader provided; using live ClassLoader for loading potentially unsafe class : org.frcpm.models.Meeting
13:10:12.054 [main] DEBUG org.hibernate.bytecode.internal.bytebuddy.BytecodeProviderImpl - HHH000513: Unable to create the ReflectionOptimizer for [org.frcpm.models.Meeting]: private accessor [attendances]
13:10:12.055 [main] DEBUG org.hibernate.boot.internal.ClassLoaderAccessImpl - Not known whether passed class name [org.frcpm.models.Subsystem] is safe
13:10:12.055 [main] DEBUG org.hibernate.boot.internal.ClassLoaderAccessImpl - No temp ClassLoader provided; using live ClassLoader for loading potentially unsafe class : org.frcpm.models.Subsystem
13:10:12.063 [main] DEBUG org.hibernate.bytecode.internal.bytebuddy.BytecodeProviderImpl - HHH000513: Unable to create the ReflectionOptimizer for [org.frcpm.models.Subsystem]: private accessor [description]
13:10:12.064 [main] DEBUG org.hibernate.boot.internal.ClassLoaderAccessImpl - Not known whether passed class name [org.frcpm.models.Component] is safe
13:10:12.064 [main] DEBUG org.hibernate.boot.internal.ClassLoaderAccessImpl - No temp ClassLoader provided; using live ClassLoader for loading potentially unsafe class : org.frcpm.models.Component
13:10:12.077 [main] DEBUG org.hibernate.bytecode.internal.bytebuddy.BytecodeProviderImpl - HHH000513: Unable to create the ReflectionOptimizer for [org.frcpm.models.Component]: private accessor [actualDelivery]
13:10:12.078 [main] DEBUG org.hibernate.boot.internal.ClassLoaderAccessImpl - Not known whether passed class name [org.frcpm.models.Milestone] is safe
13:10:12.078 [main] DEBUG org.hibernate.boot.internal.ClassLoaderAccessImpl - No temp ClassLoader provided; using live ClassLoader for loading potentially unsafe class : org.frcpm.models.Milestone
13:10:12.085 [main] DEBUG org.hibernate.bytecode.internal.bytebuddy.BytecodeProviderImpl - HHH000513: Unable to create the ReflectionOptimizer for [org.frcpm.models.Milestone]: private accessor [date]
13:10:12.085 [main] DEBUG org.hibernate.boot.internal.ClassLoaderAccessImpl - Not known whether passed class name [org.frcpm.models.Project] is safe
13:10:12.085 [main] DEBUG org.hibernate.boot.internal.ClassLoaderAccessImpl - No temp ClassLoader provided; using live ClassLoader for loading potentially unsafe class : org.frcpm.models.Project
13:10:12.095 [main] DEBUG org.hibernate.bytecode.internal.bytebuddy.BytecodeProviderImpl - HHH000513: Unable to create the ReflectionOptimizer for [org.frcpm.models.Project]: private accessor [description]
13:10:12.096 [main] DEBUG org.hibernate.boot.internal.ClassLoaderAccessImpl - Not known whether passed class name [org.frcpm.models.Subteam] is safe
13:10:12.096 [main] DEBUG org.hibernate.boot.internal.ClassLoaderAccessImpl - No temp ClassLoader provided; using live ClassLoader for loading potentially unsafe class : org.frcpm.models.Subteam
13:10:12.104 [main] DEBUG org.hibernate.bytecode.internal.bytebuddy.BytecodeProviderImpl - HHH000513: Unable to create the ReflectionOptimizer for [org.frcpm.models.Subteam]: private accessor [colorCode]
13:10:12.109 [main] DEBUG org.hibernate.boot.internal.ClassLoaderAccessImpl - Not known whether passed class name [org.frcpm.models.Task] is safe
13:10:12.109 [main] DEBUG org.hibernate.boot.internal.ClassLoaderAccessImpl - No temp ClassLoader provided; using live ClassLoader for loading potentially unsafe class : org.frcpm.models.Task
13:10:12.127 [main] DEBUG org.hibernate.bytecode.internal.bytebuddy.BytecodeProviderImpl - HHH000513: Unable to create the ReflectionOptimizer for [org.frcpm.models.Task]: private accessor [actualDurationSeconds]
13:10:12.128 [main] DEBUG org.hibernate.boot.internal.ClassLoaderAccessImpl - Not known whether passed class name [org.frcpm.models.TeamMember] is safe
13:10:12.128 [main] DEBUG org.hibernate.boot.internal.ClassLoaderAccessImpl - No temp ClassLoader provided; using live ClassLoader for loading potentially unsafe class : org.frcpm.models.TeamMember
13:10:12.145 [main] DEBUG org.hibernate.bytecode.internal.bytebuddy.BytecodeProviderImpl - HHH000513: Unable to create the ReflectionOptimizer for [org.frcpm.models.TeamMember]: private accessor [assignedTasks]
13:10:12.162 [main] DEBUG org.hibernate.orm.jdbc.mutation - Skipping collection row updates - org.frcpm.models.Task.assignedTo
13:10:12.166 [main] DEBUG org.hibernate.orm.jdbc.mutation - Skipping collection (re)creation - org.frcpm.models.Subsystem.tasks
13:10:12.167 [main] DEBUG org.hibernate.orm.jdbc.mutation - Skipping collection row deletions - org.frcpm.models.Subsystem.tasks
13:10:12.167 [main] DEBUG org.hibernate.orm.jdbc.mutation - Skipping collection removals - org.frcpm.models.Subsystem.tasks
13:10:12.168 [main] DEBUG org.hibernate.orm.jdbc.mutation - Skipping collection (re)creation - org.frcpm.models.Subteam.members
13:10:12.168 [main] DEBUG org.hibernate.orm.jdbc.mutation - Skipping collection row deletions - org.frcpm.models.Subteam.members
13:10:12.168 [main] DEBUG org.hibernate.orm.jdbc.mutation - Skipping collection removals - org.frcpm.models.Subteam.members
13:10:12.168 [main] DEBUG org.hibernate.orm.jdbc.mutation - Skipping collection (re)creation - org.frcpm.models.TeamMember.attendances
13:10:12.168 [main] DEBUG org.hibernate.orm.jdbc.mutation - Skipping collection row deletions - org.frcpm.models.TeamMember.attendances
13:10:12.168 [main] DEBUG org.hibernate.orm.jdbc.mutation - Skipping collection removals - org.frcpm.models.TeamMember.attendances
13:10:12.168 [main] DEBUG org.hibernate.orm.jdbc.mutation - Skipping collection row updates - org.frcpm.models.Task.requiredComponents
13:10:12.168 [main] DEBUG org.hibernate.orm.jdbc.mutation - Skipping collection (re)creation - org.frcpm.models.Subteam.subsystems
13:10:12.168 [main] DEBUG org.hibernate.orm.jdbc.mutation - Skipping collection row deletions - org.frcpm.models.Subteam.subsystems
13:10:12.169 [main] DEBUG org.hibernate.orm.jdbc.mutation - Skipping collection removals - org.frcpm.models.Subteam.subsystems
13:10:12.169 [main] DEBUG org.hibernate.orm.jdbc.mutation - Skipping collection row updates - org.frcpm.models.Task.preDependencies
13:10:12.169 [main] DEBUG org.hibernate.orm.jdbc.mutation - Skipping collection (re)creation - org.frcpm.models.Project.milestones
13:10:12.169 [main] DEBUG org.hibernate.orm.jdbc.mutation - Skipping collection row deletions - org.frcpm.models.Project.milestones
13:10:12.169 [main] DEBUG org.hibernate.orm.jdbc.mutation - Skipping collection removals - org.frcpm.models.Project.milestones
13:10:12.169 [main] DEBUG org.hibernate.orm.jdbc.mutation - Skipping collection inserts - org.frcpm.models.Component.requiredForTasks
13:10:12.169 [main] DEBUG org.hibernate.orm.jdbc.mutation - Skipping collection row updates - org.frcpm.models.Component.requiredForTasks
13:10:12.169 [main] DEBUG org.hibernate.orm.jdbc.mutation - Skipping collection row deletions - org.frcpm.models.Component.requiredForTasks
13:10:12.169 [main] DEBUG org.hibernate.orm.jdbc.mutation - Skipping collection removals - org.frcpm.models.Component.requiredForTasks
13:10:12.169 [main] DEBUG org.hibernate.orm.jdbc.mutation - Skipping collection (re)creation - org.frcpm.models.Project.meetings
13:10:12.169 [main] DEBUG org.hibernate.orm.jdbc.mutation - Skipping collection row deletions - org.frcpm.models.Project.meetings
13:10:12.169 [main] DEBUG org.hibernate.orm.jdbc.mutation - Skipping collection removals - org.frcpm.models.Project.meetings
13:10:12.169 [main] DEBUG org.hibernate.orm.jdbc.mutation - Skipping collection inserts - org.frcpm.models.TeamMember.assignedTasks
13:10:12.169 [main] DEBUG org.hibernate.orm.jdbc.mutation - Skipping collection row updates - org.frcpm.models.TeamMember.assignedTasks
13:10:12.169 [main] DEBUG org.hibernate.orm.jdbc.mutation - Skipping collection row deletions - org.frcpm.models.TeamMember.assignedTasks
13:10:12.169 [main] DEBUG org.hibernate.orm.jdbc.mutation - Skipping collection removals - org.frcpm.models.TeamMember.assignedTasks
13:10:12.169 [main] DEBUG org.hibernate.orm.jdbc.mutation - Skipping collection (re)creation - org.frcpm.models.Meeting.attendances
13:10:12.169 [main] DEBUG org.hibernate.orm.jdbc.mutation - Skipping collection row deletions - org.frcpm.models.Meeting.attendances
13:10:12.169 [main] DEBUG org.hibernate.orm.jdbc.mutation - Skipping collection removals - org.frcpm.models.Meeting.attendances
13:10:12.169 [main] DEBUG org.hibernate.orm.jdbc.mutation - Skipping collection inserts - org.frcpm.models.Task.postDependencies
13:10:12.169 [main] DEBUG org.hibernate.orm.jdbc.mutation - Skipping collection row updates - org.frcpm.models.Task.postDependencies
13:10:12.169 [main] DEBUG org.hibernate.orm.jdbc.mutation - Skipping collection row deletions - org.frcpm.models.Task.postDependencies
13:10:12.169 [main] DEBUG org.hibernate.orm.jdbc.mutation - Skipping collection removals - org.frcpm.models.Task.postDependencies
13:10:12.169 [main] DEBUG org.hibernate.orm.jdbc.mutation - Skipping collection (re)creation - org.frcpm.models.Project.tasks
13:10:12.169 [main] DEBUG org.hibernate.orm.jdbc.mutation - Skipping collection row deletions - org.frcpm.models.Project.tasks
13:10:12.169 [main] DEBUG org.hibernate.orm.jdbc.mutation - Skipping collection removals - org.frcpm.models.Project.tasks
13:10:12.208 [main] DEBUG org.hibernate.orm.model.mapping.creation - Starting post-init callbacks
13:10:12.208 [main] DEBUG org.hibernate.orm.model.mapping.creation - Starting PostInitCallbackEntry : To-one key - NavigableRole[org.frcpm.models.Attendance.meeting]
13:10:12.217 [main] DEBUG org.hibernate.orm.model.mapping.creation - Starting PostInitCallbackEntry : To-one key - NavigableRole[org.frcpm.models.Attendance.member]
13:10:12.217 [main] DEBUG org.hibernate.orm.model.mapping.creation - Starting PostInitCallbackEntry : Entity(org.frcpm.models.Attendance) `staticFetchableList` generator
13:10:12.218 [main] DEBUG org.hibernate.orm.model.mapping.creation - Starting PostInitCallbackEntry : PluralAttributeMapping( NavigableRole[org.frcpm.models.Meeting.attendances#{element}]) - element descriptor
13:10:12.218 [main] DEBUG org.hibernate.orm.model.mapping.creation - Starting PostInitCallbackEntry : PluralAttributeMapping(org.frcpm.models.Meeting.attendances)#finishInitialization
13:10:12.218 [main] DEBUG org.hibernate.orm.model.mapping.creation - Starting PostInitCallbackEntry : PluralAttributeMapping(org.frcpm.models.Meeting.attendances) - key descriptor
13:10:12.218 [main] DEBUG org.hibernate.orm.model.mapping.creation - Starting PostInitCallbackEntry : To-one key - NavigableRole[org.frcpm.models.Meeting.project]
13:10:12.218 [main] DEBUG org.hibernate.orm.model.mapping.creation - Starting PostInitCallbackEntry : Entity(org.frcpm.models.Meeting) `staticFetchableList` generator
13:10:12.218 [main] DEBUG org.hibernate.orm.model.mapping.creation - Starting PostInitCallbackEntry : To-one key - NavigableRole[org.frcpm.models.Subsystem.responsibleSubteam]
13:10:12.218 [main] DEBUG org.hibernate.orm.model.mapping.creation - Starting PostInitCallbackEntry : PluralAttributeMapping( NavigableRole[org.frcpm.models.Subsystem.tasks#{element}]) - element descriptor
13:10:12.218 [main] DEBUG org.hibernate.orm.model.mapping.creation - Starting PostInitCallbackEntry : PluralAttributeMapping(org.frcpm.models.Subsystem.tasks)#finishInitialization
13:10:12.218 [main] DEBUG org.hibernate.orm.model.mapping.creation - Starting PostInitCallbackEntry : PluralAttributeMapping(org.frcpm.models.Subsystem.tasks) - key descriptor
13:10:12.218 [main] DEBUG org.hibernate.orm.model.mapping.creation - Starting PostInitCallbackEntry : Entity(org.frcpm.models.Subsystem) `staticFetchableList` generator
13:10:12.218 [main] DEBUG org.hibernate.orm.model.mapping.creation - Starting PostInitCallbackEntry : PluralAttributeMapping( NavigableRole[org.frcpm.models.Component.requiredForTasks#{element}]) - element descriptor
13:10:12.218 [main] DEBUG org.hibernate.orm.model.mapping.creation - Starting PostInitCallbackEntry : PluralAttributeMapping(org.frcpm.models.Component.requiredForTasks)#finishInitialization
13:10:12.218 [main] DEBUG org.hibernate.orm.model.mapping.creation - Starting PostInitCallbackEntry : PluralAttributeMapping(org.frcpm.models.Component.requiredForTasks) - key descriptor
13:10:12.219 [main] DEBUG org.hibernate.orm.model.mapping.creation - Starting PostInitCallbackEntry : Entity(org.frcpm.models.Component) `staticFetchableList` generator
13:10:12.219 [main] DEBUG org.hibernate.orm.model.mapping.creation - Starting PostInitCallbackEntry : To-one key - NavigableRole[org.frcpm.models.Milestone.project]
13:10:12.219 [main] DEBUG org.hibernate.orm.model.mapping.creation - Starting PostInitCallbackEntry : Entity(org.frcpm.models.Milestone) `staticFetchableList` generator
13:10:12.219 [main] DEBUG org.hibernate.orm.model.mapping.creation - Starting PostInitCallbackEntry : PluralAttributeMapping( NavigableRole[org.frcpm.models.Project.meetings#{element}]) - element descriptor
13:10:12.219 [main] DEBUG org.hibernate.orm.model.mapping.creation - Starting PostInitCallbackEntry : PluralAttributeMapping(org.frcpm.models.Project.meetings)#finishInitialization
13:10:12.219 [main] DEBUG org.hibernate.orm.model.mapping.creation - Starting PostInitCallbackEntry : PluralAttributeMapping(org.frcpm.models.Project.meetings) - key descriptor
13:10:12.219 [main] DEBUG org.hibernate.orm.model.mapping.creation - Starting PostInitCallbackEntry : PluralAttributeMapping( NavigableRole[org.frcpm.models.Project.milestones#{element}]) - element descriptor
13:10:12.219 [main] DEBUG org.hibernate.orm.model.mapping.creation - Starting PostInitCallbackEntry : PluralAttributeMapping(org.frcpm.models.Project.milestones)#finishInitialization
13:10:12.219 [main] DEBUG org.hibernate.orm.model.mapping.creation - Starting PostInitCallbackEntry : PluralAttributeMapping(org.frcpm.models.Project.milestones) - key descriptor
13:10:12.219 [main] DEBUG org.hibernate.orm.model.mapping.creation - Starting PostInitCallbackEntry : PluralAttributeMapping( NavigableRole[org.frcpm.models.Project.tasks#{element}]) - element descriptor
13:10:12.219 [main] DEBUG org.hibernate.orm.model.mapping.creation - Starting PostInitCallbackEntry : PluralAttributeMapping(org.frcpm.models.Project.tasks)#finishInitialization
13:10:12.219 [main] DEBUG org.hibernate.orm.model.mapping.creation - Starting PostInitCallbackEntry : PluralAttributeMapping(org.frcpm.models.Project.tasks) - key descriptor
13:10:12.219 [main] DEBUG org.hibernate.orm.model.mapping.creation - Starting PostInitCallbackEntry : Entity(org.frcpm.models.Project) `staticFetchableList` generator
13:10:12.219 [main] DEBUG org.hibernate.orm.model.mapping.creation - Starting PostInitCallbackEntry : PluralAttributeMapping( NavigableRole[org.frcpm.models.Subteam.members#{element}]) - element descriptor
13:10:12.219 [main] DEBUG org.hibernate.orm.model.mapping.creation - Starting PostInitCallbackEntry : PluralAttributeMapping(org.frcpm.models.Subteam.members)#finishInitialization
13:10:12.219 [main] DEBUG org.hibernate.orm.model.mapping.creation - Starting PostInitCallbackEntry : PluralAttributeMapping(org.frcpm.models.Subteam.members) - key descriptor
13:10:12.219 [main] DEBUG org.hibernate.orm.model.mapping.creation - Starting PostInitCallbackEntry : PluralAttributeMapping( NavigableRole[org.frcpm.models.Subteam.subsystems#{element}]) - element descriptor
13:10:12.219 [main] DEBUG org.hibernate.orm.model.mapping.creation - Starting PostInitCallbackEntry : PluralAttributeMapping(org.frcpm.models.Subteam.subsystems)#finishInitialization
13:10:12.219 [main] DEBUG org.hibernate.orm.model.mapping.creation - Starting PostInitCallbackEntry : PluralAttributeMapping(org.frcpm.models.Subteam.subsystems) - key descriptor
13:10:12.219 [main] DEBUG org.hibernate.orm.model.mapping.creation - Starting PostInitCallbackEntry : Entity(org.frcpm.models.Subteam) `staticFetchableList` generator
13:10:12.220 [main] DEBUG org.hibernate.orm.model.mapping.creation - Starting PostInitCallbackEntry : PluralAttributeMapping( NavigableRole[org.frcpm.models.Task.assignedTo#{element}]) - element descriptor
13:10:12.220 [main] DEBUG org.hibernate.orm.model.mapping.creation - Starting PostInitCallbackEntry : PluralAttributeMapping(org.frcpm.models.Task.assignedTo)#finishInitialization
13:10:12.220 [main] DEBUG org.hibernate.orm.model.mapping.creation - Starting PostInitCallbackEntry : PluralAttributeMapping(org.frcpm.models.Task.assignedTo) - key descriptor
13:10:12.220 [main] DEBUG org.hibernate.orm.model.mapping.creation - Starting PostInitCallbackEntry : PluralAttributeMapping( NavigableRole[org.frcpm.models.Task.postDependencies#{element}]) - element descriptor
13:10:12.220 [main] DEBUG org.hibernate.orm.model.mapping.creation - Starting PostInitCallbackEntry : PluralAttributeMapping(org.frcpm.models.Task.postDependencies)#finishInitialization
13:10:12.220 [main] DEBUG org.hibernate.orm.model.mapping.creation - Starting PostInitCallbackEntry : PluralAttributeMapping(org.frcpm.models.Task.postDependencies) - key descriptor
13:10:12.220 [main] DEBUG org.hibernate.orm.model.mapping.creation - Starting PostInitCallbackEntry : PluralAttributeMapping( NavigableRole[org.frcpm.models.Task.preDependencies#{element}]) - element descriptor
13:10:12.220 [main] DEBUG org.hibernate.orm.model.mapping.creation - Starting PostInitCallbackEntry : PluralAttributeMapping(org.frcpm.models.Task.preDependencies)#finishInitialization
13:10:12.220 [main] DEBUG org.hibernate.orm.model.mapping.creation - Starting PostInitCallbackEntry : PluralAttributeMapping(org.frcpm.models.Task.preDependencies) - key descriptor
13:10:12.220 [main] DEBUG org.hibernate.orm.model.mapping.creation - Starting PostInitCallbackEntry : To-one key - NavigableRole[org.frcpm.models.Task.project]
13:10:12.220 [main] DEBUG org.hibernate.orm.model.mapping.creation - Starting PostInitCallbackEntry : PluralAttributeMapping( NavigableRole[org.frcpm.models.Task.requiredComponents#{element}]) - element descriptor
13:10:12.220 [main] DEBUG org.hibernate.orm.model.mapping.creation - Starting PostInitCallbackEntry : PluralAttributeMapping(org.frcpm.models.Task.requiredComponents)#finishInitialization
13:10:12.220 [main] DEBUG org.hibernate.orm.model.mapping.creation - Starting PostInitCallbackEntry : PluralAttributeMapping(org.frcpm.models.Task.requiredComponents) - key descriptor
13:10:12.220 [main] DEBUG org.hibernate.orm.model.mapping.creation - Starting PostInitCallbackEntry : To-one key - NavigableRole[org.frcpm.models.Task.subsystem]
13:10:12.220 [main] DEBUG org.hibernate.orm.model.mapping.creation - Starting PostInitCallbackEntry : Entity(org.frcpm.models.Task) `staticFetchableList` generator
13:10:12.220 [main] DEBUG org.hibernate.orm.model.mapping.creation - Starting PostInitCallbackEntry : PluralAttributeMapping( NavigableRole[org.frcpm.models.TeamMember.assignedTasks#{element}]) - element descriptor
13:10:12.220 [main] DEBUG org.hibernate.orm.model.mapping.creation - Starting PostInitCallbackEntry : PluralAttributeMapping(org.frcpm.models.TeamMember.assignedTasks)#finishInitialization
13:10:12.220 [main] DEBUG org.hibernate.orm.model.mapping.creation - Starting PostInitCallbackEntry : PluralAttributeMapping(org.frcpm.models.TeamMember.assignedTasks) - key descriptor
13:10:12.220 [main] DEBUG org.hibernate.orm.model.mapping.creation - Starting PostInitCallbackEntry : PluralAttributeMapping( NavigableRole[org.frcpm.models.TeamMember.attendances#{element}]) - element descriptor
13:10:12.220 [main] DEBUG org.hibernate.orm.model.mapping.creation - Starting PostInitCallbackEntry : PluralAttributeMapping(org.frcpm.models.TeamMember.attendances)#finishInitialization
13:10:12.220 [main] DEBUG org.hibernate.orm.model.mapping.creation - Starting PostInitCallbackEntry : PluralAttributeMapping(org.frcpm.models.TeamMember.attendances) - key descriptor
13:10:12.220 [main] DEBUG org.hibernate.orm.model.mapping.creation - Starting PostInitCallbackEntry : To-one key - NavigableRole[org.frcpm.models.TeamMember.subteam]
13:10:12.220 [main] DEBUG org.hibernate.orm.model.mapping.creation - Starting PostInitCallbackEntry : Entity(org.frcpm.models.TeamMember) `staticFetchableList` generator
13:10:12.220 [main] DEBUG org.hibernate.orm.model.mapping.creation - Starting PostInitCallbackEntry : PluralAttributeMapping( NavigableRole[org.frcpm.models.Meeting.attendances#{element}]) - element descriptor
13:10:12.220 [main] DEBUG org.hibernate.orm.model.mapping.creation - Starting PostInitCallbackEntry : PluralAttributeMapping( NavigableRole[org.frcpm.models.Subsystem.tasks#{element}]) - element descriptor
13:10:12.220 [main] DEBUG org.hibernate.orm.model.mapping.creation - Starting PostInitCallbackEntry : PluralAttributeMapping( NavigableRole[org.frcpm.models.Component.requiredForTasks#{element}]) - element descriptor
13:10:12.220 [main] DEBUG org.hibernate.orm.model.mapping.creation - Starting PostInitCallbackEntry : PluralAttributeMapping( NavigableRole[org.frcpm.models.Project.meetings#{element}]) - element descriptor
13:10:12.220 [main] DEBUG org.hibernate.orm.model.mapping.creation - Starting PostInitCallbackEntry : PluralAttributeMapping( NavigableRole[org.frcpm.models.Project.milestones#{element}]) - element descriptor
13:10:12.220 [main] DEBUG org.hibernate.orm.model.mapping.creation - Starting PostInitCallbackEntry : PluralAttributeMapping( NavigableRole[org.frcpm.models.Project.tasks#{element}]) - element descriptor
13:10:12.220 [main] DEBUG org.hibernate.orm.model.mapping.creation - Starting PostInitCallbackEntry : PluralAttributeMapping( NavigableRole[org.frcpm.models.Subteam.members#{element}]) - element descriptor
13:10:12.220 [main] DEBUG org.hibernate.orm.model.mapping.creation - Starting PostInitCallbackEntry : PluralAttributeMapping( NavigableRole[org.frcpm.models.Subteam.subsystems#{element}]) - element descriptor
13:10:12.220 [main] DEBUG org.hibernate.orm.model.mapping.creation - Starting PostInitCallbackEntry : PluralAttributeMapping( NavigableRole[org.frcpm.models.Task.postDependencies#{element}]) - element descriptor
13:10:12.220 [main] DEBUG org.hibernate.orm.model.mapping.creation - Starting PostInitCallbackEntry : PluralAttributeMapping( NavigableRole[org.frcpm.models.TeamMember.attendances#{element}]) - element descriptor
13:10:12.300 [main] DEBUG org.hibernate.orm.sql.ast.create - Created new SQL alias : a1_0
13:10:12.303 [main] DEBUG org.hibernate.orm.sql.ast.create - Registration of TableGroup [StandardTableGroup(org.frcpm.models.Attendance)] with identifierForTableGroup [org.frcpm.models.Attendance] for NavigablePath [org.frcpm.models.Attendance] 
13:10:12.313 [main] DEBUG org.hibernate.orm.sql.ast.create - Registration of TableGroup [org.hibernate.sql.ast.tree.from.LazyTableGroup@5da1a97f] with identifierForTableGroup [org.frcpm.models.Attendance.meeting] for NavigablePath [org.frcpm.models.Attendance.meeting] 
13:10:12.316 [main] DEBUG org.hibernate.orm.sql.ast.create - Registration of TableGroup [org.hibernate.sql.ast.tree.from.LazyTableGroup@7fdff56b] with identifierForTableGroup [org.frcpm.models.Attendance.member] for NavigablePath [org.frcpm.models.Attendance.member] 
13:10:12.322 [main] DEBUG org.hibernate.orm.results.graph.AST - DomainResult Graph:
 \-EntityResultImpl [org.frcpm.models.Attendance]
 |  +-BasicFetch [org.frcpm.models.Attendance.arrivalTime]
 |  +-BasicFetch [org.frcpm.models.Attendance.departureTime]
 |  +-EntityDelayedFetchImpl [org.frcpm.models.Attendance.meeting]
 |  +-EntityDelayedFetchImpl [org.frcpm.models.Attendance.member]
 |  \-BasicFetch [org.frcpm.models.Attendance.present]

13:10:12.324 [main] DEBUG org.hibernate.orm.sql.ast.tree - SQL AST Tree:
    SelectStatement {
      FromClause {
        StandardTableGroup (a1 : org.frcpm.models.Attendance) {
          primaryTableReference : attendances as a1_0
          TableGroupJoins {
            left  join LazyTableGroup (m1 : org.frcpm.models.Attendance.meeting) {
            }
            left  join LazyTableGroup (m2 : org.frcpm.models.Attendance.member) {
            }
          }
        }
      }
    }

13:10:12.328 [main] DEBUG org.hibernate.persister.entity.AbstractEntityPersister - Static SQL for entity: org.frcpm.models.Attendance
13:10:12.328 [main] DEBUG org.hibernate.persister.entity.AbstractEntityPersister -  Version select: /* get version org.frcpm.models.Attendance */ select id from attendances where id=?
13:10:12.328 [main] DEBUG org.hibernate.persister.entity.AbstractEntityPersister -  Insert (0): /* insert for org.frcpm.models.Attendance */insert into attendances (arrival_time,departure_time,meeting_id,member_id,present,id) values (?,?,?,?,?,default)
13:10:12.328 [main] DEBUG org.hibernate.persister.entity.AbstractEntityPersister -  Update (0): /* update for org.frcpm.models.Attendance */update attendances set arrival_time=?,departure_time=?,meeting_id=?,member_id=?,present=? where id=?
13:10:12.328 [main] DEBUG org.hibernate.persister.entity.AbstractEntityPersister -  Delete (0): /* delete for org.frcpm.models.Attendance */delete from attendances where id=?
13:10:12.329 [main] DEBUG org.hibernate.orm.sql.ast.create - Created new SQL alias : m1_0
13:10:12.329 [main] DEBUG org.hibernate.orm.sql.ast.create - Registration of TableGroup [StandardTableGroup(org.frcpm.models.Meeting)] with identifierForTableGroup [org.frcpm.models.Meeting] for NavigablePath [org.frcpm.models.Meeting] 
13:10:12.329 [main] DEBUG org.hibernate.orm.sql.ast.create - Registration of TableGroup [org.hibernate.sql.ast.tree.from.LazyTableGroup@5703c1fb] with identifierForTableGroup [org.frcpm.models.Meeting.project] for NavigablePath [org.frcpm.models.Meeting.project] 
13:10:12.329 [main] DEBUG org.hibernate.orm.results.graph.AST - DomainResult Graph:
 \-EntityResultImpl [org.frcpm.models.Meeting]
 |  +-DelayedCollectionFetch [org.frcpm.models.Meeting.attendances]
 |  +-BasicFetch [org.frcpm.models.Meeting.date]
 |  +-BasicFetch [org.frcpm.models.Meeting.endTime]
 |  +-BasicFetch [org.frcpm.models.Meeting.notes]
 |  +-EntityDelayedFetchImpl [org.frcpm.models.Meeting.project]
 |  \-BasicFetch [org.frcpm.models.Meeting.startTime]

13:10:12.330 [main] DEBUG org.hibernate.orm.sql.ast.tree - SQL AST Tree:
    SelectStatement {
      FromClause {
        StandardTableGroup (m1 : org.frcpm.models.Meeting) {
          primaryTableReference : meetings as m1_0
          TableGroupJoins {
            left  join LazyTableGroup (p1 : org.frcpm.models.Meeting.project) {
            }
          }
        }
      }
    }

13:10:12.330 [main] DEBUG org.hibernate.persister.entity.AbstractEntityPersister - Static SQL for entity: org.frcpm.models.Meeting
13:10:12.330 [main] DEBUG org.hibernate.persister.entity.AbstractEntityPersister -  Version select: /* get version org.frcpm.models.Meeting */ select id from meetings where id=?
13:10:12.330 [main] DEBUG org.hibernate.persister.entity.AbstractEntityPersister -  Insert (0): /* insert for org.frcpm.models.Meeting */insert into meetings (date,end_time,notes,project_id,start_time,id) values (?,?,?,?,?,default)
13:10:12.330 [main] DEBUG org.hibernate.persister.entity.AbstractEntityPersister -  Update (0): /* update for org.frcpm.models.Meeting */update meetings set date=?,end_time=?,notes=?,project_id=?,start_time=? where id=?
13:10:12.330 [main] DEBUG org.hibernate.persister.entity.AbstractEntityPersister -  Delete (0): /* delete for org.frcpm.models.Meeting */delete from meetings where id=?
13:10:12.330 [main] DEBUG org.hibernate.orm.sql.ast.create - Created new SQL alias : s1_0
13:10:12.330 [main] DEBUG org.hibernate.orm.sql.ast.create - Registration of TableGroup [StandardTableGroup(org.frcpm.models.Subsystem)] with identifierForTableGroup [org.frcpm.models.Subsystem] for NavigablePath [org.frcpm.models.Subsystem] 
13:10:12.330 [main] DEBUG org.hibernate.orm.sql.ast.create - Registration of TableGroup [org.hibernate.sql.ast.tree.from.LazyTableGroup@bf18412] with identifierForTableGroup [org.frcpm.models.Subsystem.responsibleSubteam] for NavigablePath [org.frcpm.models.Subsystem.responsibleSubteam] 
13:10:12.330 [main] DEBUG org.hibernate.orm.results.graph.AST - DomainResult Graph:
 \-EntityResultImpl [org.frcpm.models.Subsystem]
 |  +-BasicFetch [org.frcpm.models.Subsystem.description]
 |  +-BasicFetch [org.frcpm.models.Subsystem.name]
 |  +-EntityDelayedFetchImpl [org.frcpm.models.Subsystem.responsibleSubteam]
 |  +-BasicFetch [org.frcpm.models.Subsystem.status]
 |  \-DelayedCollectionFetch [org.frcpm.models.Subsystem.tasks]

13:10:12.330 [main] DEBUG org.hibernate.orm.sql.ast.tree - SQL AST Tree:
    SelectStatement {
      FromClause {
        StandardTableGroup (s1 : org.frcpm.models.Subsystem) {
          primaryTableReference : subsystems as s1_0
          TableGroupJoins {
            left  join LazyTableGroup (rs1 : org.frcpm.models.Subsystem.responsibleSubteam) {
            }
          }
        }
      }
    }

13:10:12.331 [main] DEBUG org.hibernate.persister.entity.AbstractEntityPersister - Static SQL for entity: org.frcpm.models.Subsystem
13:10:12.331 [main] DEBUG org.hibernate.persister.entity.AbstractEntityPersister -  Version select: /* get version org.frcpm.models.Subsystem */ select id from subsystems where id=?
13:10:12.331 [main] DEBUG org.hibernate.persister.entity.AbstractEntityPersister -  Insert (0): /* insert for org.frcpm.models.Subsystem */insert into subsystems (description,name,responsible_subteam_id,status,id) values (?,?,?,?,default)
13:10:12.331 [main] DEBUG org.hibernate.persister.entity.AbstractEntityPersister -  Update (0): /* update for org.frcpm.models.Subsystem */update subsystems set description=?,name=?,responsible_subteam_id=?,status=? where id=?
13:10:12.331 [main] DEBUG org.hibernate.persister.entity.AbstractEntityPersister -  Delete (0): /* delete for org.frcpm.models.Subsystem */delete from subsystems where id=?
13:10:12.331 [main] DEBUG org.hibernate.orm.sql.ast.create - Created new SQL alias : c1_0
13:10:12.331 [main] DEBUG org.hibernate.orm.sql.ast.create - Registration of TableGroup [StandardTableGroup(org.frcpm.models.Component)] with identifierForTableGroup [org.frcpm.models.Component] for NavigablePath [org.frcpm.models.Component] 
13:10:12.331 [main] DEBUG org.hibernate.orm.results.graph.AST - DomainResult Graph:
 \-EntityResultImpl [org.frcpm.models.Component]
 |  +-BasicFetch [org.frcpm.models.Component.actualDelivery]
 |  +-BasicFetch [org.frcpm.models.Component.delivered]
 |  +-BasicFetch [org.frcpm.models.Component.description]
 |  +-BasicFetch [org.frcpm.models.Component.expectedDelivery]
 |  +-BasicFetch [org.frcpm.models.Component.name]
 |  +-BasicFetch [org.frcpm.models.Component.partNumber]
 |  \-DelayedCollectionFetch [org.frcpm.models.Component.requiredForTasks]

13:10:12.331 [main] DEBUG org.hibernate.orm.sql.ast.tree - SQL AST Tree:
    SelectStatement {
      FromClause {
        StandardTableGroup (c1 : org.frcpm.models.Component) {
          primaryTableReference : components as c1_0
        }
      }
    }

13:10:12.331 [main] DEBUG org.hibernate.persister.entity.AbstractEntityPersister - Static SQL for entity: org.frcpm.models.Component
13:10:12.331 [main] DEBUG org.hibernate.persister.entity.AbstractEntityPersister -  Version select: /* get version org.frcpm.models.Component */ select id from components where id=?
13:10:12.331 [main] DEBUG org.hibernate.persister.entity.AbstractEntityPersister -  Insert (0): /* insert for org.frcpm.models.Component */insert into components (actual_delivery,is_delivered,description,expected_delivery,name,part_number,id) values (?,?,?,?,?,?,default)
13:10:12.331 [main] DEBUG org.hibernate.persister.entity.AbstractEntityPersister -  Update (0): /* update for org.frcpm.models.Component */update components set actual_delivery=?,is_delivered=?,description=?,expected_delivery=?,name=?,part_number=? where id=?
13:10:12.331 [main] DEBUG org.hibernate.persister.entity.AbstractEntityPersister -  Delete (0): /* delete for org.frcpm.models.Component */delete from components where id=?
13:10:12.331 [main] DEBUG org.hibernate.orm.sql.ast.create - Created new SQL alias : m1_0
13:10:12.331 [main] DEBUG org.hibernate.orm.sql.ast.create - Registration of TableGroup [StandardTableGroup(org.frcpm.models.Milestone)] with identifierForTableGroup [org.frcpm.models.Milestone] for NavigablePath [org.frcpm.models.Milestone] 
13:10:12.332 [main] DEBUG org.hibernate.orm.sql.ast.create - Registration of TableGroup [org.hibernate.sql.ast.tree.from.LazyTableGroup@5b71af0d] with identifierForTableGroup [org.frcpm.models.Milestone.project] for NavigablePath [org.frcpm.models.Milestone.project] 
13:10:12.332 [main] DEBUG org.hibernate.orm.results.graph.AST - DomainResult Graph:
 \-EntityResultImpl [org.frcpm.models.Milestone]
 |  +-BasicFetch [org.frcpm.models.Milestone.date]
 |  +-BasicFetch [org.frcpm.models.Milestone.description]
 |  +-BasicFetch [org.frcpm.models.Milestone.name]
 |  \-EntityDelayedFetchImpl [org.frcpm.models.Milestone.project]

13:10:12.332 [main] DEBUG org.hibernate.orm.sql.ast.tree - SQL AST Tree:
    SelectStatement {
      FromClause {
        StandardTableGroup (m1 : org.frcpm.models.Milestone) {
          primaryTableReference : milestones as m1_0
          TableGroupJoins {
            left  join LazyTableGroup (p1 : org.frcpm.models.Milestone.project) {
            }
          }
        }
      }
    }

13:10:12.332 [main] DEBUG org.hibernate.persister.entity.AbstractEntityPersister - Static SQL for entity: org.frcpm.models.Milestone
13:10:12.332 [main] DEBUG org.hibernate.persister.entity.AbstractEntityPersister -  Version select: /* get version org.frcpm.models.Milestone */ select id from milestones where id=?
13:10:12.332 [main] DEBUG org.hibernate.persister.entity.AbstractEntityPersister -  Insert (0): /* insert for org.frcpm.models.Milestone */insert into milestones (date,description,name,project_id,id) values (?,?,?,?,default)
13:10:12.332 [main] DEBUG org.hibernate.persister.entity.AbstractEntityPersister -  Update (0): /* update for org.frcpm.models.Milestone */update milestones set date=?,description=?,name=?,project_id=? where id=?
13:10:12.332 [main] DEBUG org.hibernate.persister.entity.AbstractEntityPersister -  Delete (0): /* delete for org.frcpm.models.Milestone */delete from milestones where id=?
13:10:12.332 [main] DEBUG org.hibernate.orm.sql.ast.create - Created new SQL alias : p1_0
13:10:12.332 [main] DEBUG org.hibernate.orm.sql.ast.create - Registration of TableGroup [StandardTableGroup(org.frcpm.models.Project)] with identifierForTableGroup [org.frcpm.models.Project] for NavigablePath [org.frcpm.models.Project] 
13:10:12.333 [main] DEBUG org.hibernate.orm.results.graph.AST - DomainResult Graph:
 \-EntityResultImpl [org.frcpm.models.Project]
 |  +-BasicFetch [org.frcpm.models.Project.description]
 |  +-BasicFetch [org.frcpm.models.Project.goalEndDate]
 |  +-BasicFetch [org.frcpm.models.Project.hardDeadline]
 |  +-DelayedCollectionFetch [org.frcpm.models.Project.meetings]
 |  +-DelayedCollectionFetch [org.frcpm.models.Project.milestones]
 |  +-BasicFetch [org.frcpm.models.Project.name]
 |  +-BasicFetch [org.frcpm.models.Project.startDate]
 |  \-DelayedCollectionFetch [org.frcpm.models.Project.tasks]

13:10:12.333 [main] DEBUG org.hibernate.orm.sql.ast.tree - SQL AST Tree:
    SelectStatement {
      FromClause {
        StandardTableGroup (p1 : org.frcpm.models.Project) {
          primaryTableReference : projects as p1_0
        }
      }
    }

13:10:12.333 [main] DEBUG org.hibernate.persister.entity.AbstractEntityPersister - Static SQL for entity: org.frcpm.models.Project
13:10:12.333 [main] DEBUG org.hibernate.persister.entity.AbstractEntityPersister -  Version select: /* get version org.frcpm.models.Project */ select id from projects where id=?
13:10:12.333 [main] DEBUG org.hibernate.persister.entity.AbstractEntityPersister -  Insert (0): /* insert for org.frcpm.models.Project */insert into projects (description,goal_end_date,hard_deadline,name,start_date,id) values (?,?,?,?,?,default)
13:10:12.333 [main] DEBUG org.hibernate.persister.entity.AbstractEntityPersister -  Update (0): /* update for org.frcpm.models.Project */update projects set description=?,goal_end_date=?,hard_deadline=?,name=?,start_date=? where id=?
13:10:12.333 [main] DEBUG org.hibernate.persister.entity.AbstractEntityPersister -  Delete (0): /* delete for org.frcpm.models.Project */delete from projects where id=?
13:10:12.333 [main] DEBUG org.hibernate.orm.sql.ast.create - Created new SQL alias : s1_0
13:10:12.333 [main] DEBUG org.hibernate.orm.sql.ast.create - Registration of TableGroup [StandardTableGroup(org.frcpm.models.Subteam)] with identifierForTableGroup [org.frcpm.models.Subteam] for NavigablePath [org.frcpm.models.Subteam] 
13:10:12.334 [main] DEBUG org.hibernate.orm.results.graph.AST - DomainResult Graph:
 \-EntityResultImpl [org.frcpm.models.Subteam]
 |  +-BasicFetch [org.frcpm.models.Subteam.colorCode]
 |  +-DelayedCollectionFetch [org.frcpm.models.Subteam.members]
 |  +-BasicFetch [org.frcpm.models.Subteam.name]
 |  +-BasicFetch [org.frcpm.models.Subteam.specialties]
 |  \-DelayedCollectionFetch [org.frcpm.models.Subteam.subsystems]

13:10:12.334 [main] DEBUG org.hibernate.orm.sql.ast.tree - SQL AST Tree:
    SelectStatement {
      FromClause {
        StandardTableGroup (s1 : org.frcpm.models.Subteam) {
          primaryTableReference : subteams as s1_0
        }
      }
    }

13:10:12.334 [main] DEBUG org.hibernate.persister.entity.AbstractEntityPersister - Static SQL for entity: org.frcpm.models.Subteam
13:10:12.334 [main] DEBUG org.hibernate.persister.entity.AbstractEntityPersister -  Version select: /* get version org.frcpm.models.Subteam */ select id from subteams where id=?
13:10:12.334 [main] DEBUG org.hibernate.persister.entity.AbstractEntityPersister -  Insert (0): /* insert for org.frcpm.models.Subteam */insert into subteams (color_code,name,specialties,id) values (?,?,?,default)
13:10:12.334 [main] DEBUG org.hibernate.persister.entity.AbstractEntityPersister -  Update (0): /* update for org.frcpm.models.Subteam */update subteams set color_code=?,name=?,specialties=? where id=?
13:10:12.334 [main] DEBUG org.hibernate.persister.entity.AbstractEntityPersister -  Delete (0): /* delete for org.frcpm.models.Subteam */delete from subteams where id=?
13:10:12.335 [main] DEBUG org.hibernate.orm.sql.ast.create - Created new SQL alias : t1_0
13:10:12.335 [main] DEBUG org.hibernate.orm.sql.ast.create - Registration of TableGroup [StandardTableGroup(org.frcpm.models.Task)] with identifierForTableGroup [org.frcpm.models.Task] for NavigablePath [org.frcpm.models.Task] 
13:10:12.335 [main] DEBUG org.hibernate.orm.sql.ast.create - Registration of TableGroup [org.hibernate.sql.ast.tree.from.LazyTableGroup@70cac22a] with identifierForTableGroup [org.frcpm.models.Task.project] for NavigablePath [org.frcpm.models.Task.project] 
13:10:12.335 [main] DEBUG org.hibernate.orm.sql.ast.create - Registration of TableGroup [org.hibernate.sql.ast.tree.from.LazyTableGroup@57a0c261] with identifierForTableGroup [org.frcpm.models.Task.subsystem] for NavigablePath [org.frcpm.models.Task.subsystem] 
13:10:12.335 [main] DEBUG org.hibernate.orm.results.graph.AST - DomainResult Graph:
 \-EntityResultImpl [org.frcpm.models.Task]
 |  +-BasicFetch [org.frcpm.models.Task.actualDurationSeconds]
 |  +-DelayedCollectionFetch [org.frcpm.models.Task.assignedTo]
 |  +-BasicFetch [org.frcpm.models.Task.completed]
 |  +-BasicFetch [org.frcpm.models.Task.description]
 |  +-BasicFetch [org.frcpm.models.Task.endDate]
 |  +-BasicFetch [org.frcpm.models.Task.estimatedDurationSeconds]
 |  +-DelayedCollectionFetch [org.frcpm.models.Task.postDependencies]
 |  +-DelayedCollectionFetch [org.frcpm.models.Task.preDependencies]
 |  +-BasicFetch [org.frcpm.models.Task.priority]
 |  +-BasicFetch [org.frcpm.models.Task.progress]
 |  +-EntityDelayedFetchImpl [org.frcpm.models.Task.project]
 |  +-DelayedCollectionFetch [org.frcpm.models.Task.requiredComponents]
 |  +-BasicFetch [org.frcpm.models.Task.startDate]
 |  +-EntityDelayedFetchImpl [org.frcpm.models.Task.subsystem]
 |  \-BasicFetch [org.frcpm.models.Task.title]

13:10:12.335 [main] DEBUG org.hibernate.orm.sql.ast.tree - SQL AST Tree:
    SelectStatement {
      FromClause {
        StandardTableGroup (t1 : org.frcpm.models.Task) {
          primaryTableReference : tasks as t1_0
          TableGroupJoins {
            left  join LazyTableGroup (p1 : org.frcpm.models.Task.project) {
            }
            left  join LazyTableGroup (s1 : org.frcpm.models.Task.subsystem) {
            }
          }
        }
      }
    }

13:10:12.335 [main] DEBUG org.hibernate.persister.entity.AbstractEntityPersister - Static SQL for entity: org.frcpm.models.Task
13:10:12.335 [main] DEBUG org.hibernate.persister.entity.AbstractEntityPersister -  Version select: /* get version org.frcpm.models.Task */ select id from tasks where id=?
13:10:12.335 [main] DEBUG org.hibernate.persister.entity.AbstractEntityPersister -  Insert (0): /* insert for org.frcpm.models.Task */insert into tasks (actual_duration_seconds,completed,description,end_date,estimated_duration_seconds,priority,progress,project_id,start_date,subsystem_id,title,id) values (?,?,?,?,?,?,?,?,?,?,?,default)
13:10:12.335 [main] DEBUG org.hibernate.persister.entity.AbstractEntityPersister -  Update (0): /* update for org.frcpm.models.Task */update tasks set actual_duration_seconds=?,completed=?,description=?,end_date=?,estimated_duration_seconds=?,priority=?,progress=?,project_id=?,start_date=?,subsystem_id=?,title=? where id=?
13:10:12.335 [main] DEBUG org.hibernate.persister.entity.AbstractEntityPersister -  Delete (0): /* delete for org.frcpm.models.Task */delete from tasks where id=?
13:10:12.335 [main] DEBUG org.hibernate.orm.sql.ast.create - Created new SQL alias : tm1_0
13:10:12.335 [main] DEBUG org.hibernate.orm.sql.ast.create - Registration of TableGroup [StandardTableGroup(org.frcpm.models.TeamMember)] with identifierForTableGroup [org.frcpm.models.TeamMember] for NavigablePath [org.frcpm.models.TeamMember] 
13:10:12.335 [main] DEBUG org.hibernate.orm.sql.ast.create - Registration of TableGroup [org.hibernate.sql.ast.tree.from.LazyTableGroup@299ddfff] with identifierForTableGroup [org.frcpm.models.TeamMember.subteam] for NavigablePath [org.frcpm.models.TeamMember.subteam] 
13:10:12.336 [main] DEBUG org.hibernate.orm.results.graph.AST - DomainResult Graph:
 \-EntityResultImpl [org.frcpm.models.TeamMember]
 |  +-DelayedCollectionFetch [org.frcpm.models.TeamMember.assignedTasks]
 |  +-DelayedCollectionFetch [org.frcpm.models.TeamMember.attendances]
 |  +-BasicFetch [org.frcpm.models.TeamMember.email]
 |  +-BasicFetch [org.frcpm.models.TeamMember.firstName]
 |  +-BasicFetch [org.frcpm.models.TeamMember.lastName]
 |  +-BasicFetch [org.frcpm.models.TeamMember.leader]
 |  +-BasicFetch [org.frcpm.models.TeamMember.phone]
 |  +-BasicFetch [org.frcpm.models.TeamMember.skills]
 |  +-EntityDelayedFetchImpl [org.frcpm.models.TeamMember.subteam]
 |  \-BasicFetch [org.frcpm.models.TeamMember.username]

13:10:12.336 [main] DEBUG org.hibernate.orm.sql.ast.tree - SQL AST Tree:
    SelectStatement {
      FromClause {
        StandardTableGroup (tm1 : org.frcpm.models.TeamMember) {
          primaryTableReference : team_members as tm1_0
          TableGroupJoins {
            left  join LazyTableGroup (s1 : org.frcpm.models.TeamMember.subteam) {
            }
          }
        }
      }
    }

13:10:12.336 [main] DEBUG org.hibernate.persister.entity.AbstractEntityPersister - Static SQL for entity: org.frcpm.models.TeamMember
13:10:12.336 [main] DEBUG org.hibernate.persister.entity.AbstractEntityPersister -  Version select: /* get version org.frcpm.models.TeamMember */ select id from team_members where id=?
13:10:12.336 [main] DEBUG org.hibernate.persister.entity.AbstractEntityPersister -  Insert (0): /* insert for org.frcpm.models.TeamMember */insert into team_members (email,first_name,last_name,is_leader,phone,skills,subteam_id,username,id) values (?,?,?,?,?,?,?,?,default)
13:10:12.336 [main] DEBUG org.hibernate.persister.entity.AbstractEntityPersister -  Update (0): /* update for org.frcpm.models.TeamMember */update team_members set email=?,first_name=?,last_name=?,is_leader=?,phone=?,skills=?,subteam_id=?,username=? where id=?
13:10:12.336 [main] DEBUG org.hibernate.persister.entity.AbstractEntityPersister -  Delete (0): /* delete for org.frcpm.models.TeamMember */delete from team_members where id=?
13:10:12.339 [main] DEBUG org.hibernate.orm.sql.ast.create - Created new SQL alias : at1_0
13:10:12.339 [main] DEBUG org.hibernate.orm.sql.ast.create - Registration of TableGroup [CollectionTableGroup(org.frcpm.models.Task.assignedTo)] with identifierForTableGroup [org.frcpm.models.Task.assignedTo] for NavigablePath [org.frcpm.models.Task.assignedTo] 
13:10:12.339 [main] DEBUG org.hibernate.orm.sql.ast.create - Registration of TableGroup [org.hibernate.sql.ast.tree.from.LazyTableGroup@4891d727] with identifierForTableGroup [org.frcpm.models.Task.assignedTo.{element}] for NavigablePath [org.frcpm.models.Task.assignedTo.{element}] 
13:10:12.342 [main] DEBUG org.hibernate.orm.sql.ast.create - Created new SQL alias : at1_1
13:10:12.342 [main] DEBUG org.hibernate.orm.sql.ast.create - Registration of TableGroup [org.hibernate.sql.ast.tree.from.LazyTableGroup@38363e96] with identifierForTableGroup [org.frcpm.models.Task.assignedTo.{element}.subteam] for NavigablePath [org.frcpm.models.Task.assignedTo.{element}.subteam] 
13:10:12.343 [main] DEBUG org.hibernate.orm.results.graph.AST - DomainResult Graph:
 \-CollectionDomainResult [org.frcpm.models.Task.assignedTo]

13:10:12.343 [main] DEBUG org.hibernate.orm.sql.ast.tree - SQL AST Tree:
    SelectStatement {
      FromClause {
        CollectionTableGroup (at1 : org.frcpm.models.Task.assignedTo) {
          primaryTableReference : task_assignments as at1_0
          TableGroupJoins {
             join LazyTableGroup (at1 : org.frcpm.models.Task.assignedTo.{element}) {
              primaryTableReference : team_members as at1_1
              TableGroupJoins {
                left  join LazyTableGroup (s1 : org.frcpm.models.Task.assignedTo.{element}.subteam) {
                }
              }
            }
          }
        }
      }
    }

13:10:12.344 [main] DEBUG org.hibernate.orm.jdbc.mutation - Static SQL for collection: org.frcpm.models.Task.assignedTo
13:10:12.344 [main] DEBUG org.hibernate.orm.jdbc.mutation -  Row insert: /* insert for org.frcpm.models.Task.assignedTo */insert into task_assignments (task_id,team_member_id) values (?,?)
13:10:12.345 [main] DEBUG org.hibernate.orm.jdbc.mutation -  Row delete: /* delete for org.frcpm.models.Task.assignedTo */delete from task_assignments where task_id=? and team_member_id=?
13:10:12.345 [main] DEBUG org.hibernate.orm.jdbc.mutation -  One-shot delete: /* one-shot delete for org.frcpm.models.Task.assignedTo */delete from task_assignments where task_id=?
13:10:12.345 [main] DEBUG org.hibernate.orm.sql.ast.create - Created new SQL alias : t1_0
13:10:12.345 [main] DEBUG org.hibernate.orm.sql.ast.create - Registration of TableGroup [org.hibernate.sql.ast.tree.from.OneToManyTableGroup@531bec12] with identifierForTableGroup [org.frcpm.models.Subsystem.tasks] for NavigablePath [org.frcpm.models.Subsystem.tasks] 
13:10:12.345 [main] DEBUG org.hibernate.orm.sql.ast.create - Registration of TableGroup [StandardTableGroup(org.frcpm.models.Subsystem.tasks.{element})] with identifierForTableGroup [org.frcpm.models.Subsystem.tasks.{element}] for NavigablePath [org.frcpm.models.Subsystem.tasks.{element}] 
13:10:12.345 [main] DEBUG org.hibernate.orm.sql.ast.create - Registration of TableGroup [org.hibernate.sql.ast.tree.from.LazyTableGroup@24563809] with identifierForTableGroup [org.frcpm.models.Subsystem.tasks.{element}.project] for NavigablePath [org.frcpm.models.Subsystem.tasks.{element}.project] 
13:10:12.348 [main] DEBUG org.hibernate.orm.sql.ast.create - Registration of TableGroup [org.hibernate.sql.ast.tree.from.LazyTableGroup@9976b27] with identifierForTableGroup [org.frcpm.models.Subsystem.tasks.{element}.subsystem] for NavigablePath [org.frcpm.models.Subsystem.tasks.{element}.subsystem] 
13:10:12.349 [main] DEBUG org.hibernate.orm.results.graph.AST - DomainResult Graph:
 \-CollectionDomainResult [org.frcpm.models.Subsystem.tasks]

13:10:12.349 [main] DEBUG org.hibernate.orm.sql.ast.tree - SQL AST Tree:
    SelectStatement {
      FromClause {
        OneToManyTableGroup (t1 : org.frcpm.models.Subsystem.tasks) {
          primaryTableReference : tasks as t1_0
          TableGroupJoins {
            left  join LazyTableGroup (p1 : org.frcpm.models.Subsystem.tasks.{element}.project) {
            }
            left  join LazyTableGroup (s1 : org.frcpm.models.Subsystem.tasks.{element}.subsystem) {
            }
          }
        }
      }
    }

13:10:12.349 [main] DEBUG org.hibernate.orm.jdbc.mutation - Static SQL for collection: org.frcpm.models.Subsystem.tasks
13:10:12.349 [main] DEBUG org.hibernate.orm.sql.ast.create - Created new SQL alias : m1_0
13:10:12.349 [main] DEBUG org.hibernate.orm.sql.ast.create - Registration of TableGroup [org.hibernate.sql.ast.tree.from.OneToManyTableGroup@25ee3caa] with identifierForTableGroup [org.frcpm.models.Subteam.members] for NavigablePath [org.frcpm.models.Subteam.members] 
13:10:12.349 [main] DEBUG org.hibernate.orm.sql.ast.create - Registration of TableGroup [StandardTableGroup(org.frcpm.models.Subteam.members.{element})] with identifierForTableGroup [org.frcpm.models.Subteam.members.{element}] for NavigablePath [org.frcpm.models.Subteam.members.{element}] 
13:10:12.349 [main] DEBUG org.hibernate.orm.sql.ast.create - Registration of TableGroup [org.hibernate.sql.ast.tree.from.LazyTableGroup@3fecb076] with identifierForTableGroup [org.frcpm.models.Subteam.members.{element}.subteam] for NavigablePath [org.frcpm.models.Subteam.members.{element}.subteam] 
13:10:12.350 [main] DEBUG org.hibernate.orm.results.graph.AST - DomainResult Graph:
 \-CollectionDomainResult [org.frcpm.models.Subteam.members]

13:10:12.350 [main] DEBUG org.hibernate.orm.sql.ast.tree - SQL AST Tree:
    SelectStatement {
      FromClause {
        OneToManyTableGroup (m1 : org.frcpm.models.Subteam.members) {
          primaryTableReference : team_members as m1_0
          TableGroupJoins {
            left  join LazyTableGroup (s1 : org.frcpm.models.Subteam.members.{element}.subteam) {
            }
          }
        }
      }
    }

13:10:12.350 [main] DEBUG org.hibernate.orm.jdbc.mutation - Static SQL for collection: org.frcpm.models.Subteam.members
13:10:12.350 [main] DEBUG org.hibernate.orm.sql.ast.create - Created new SQL alias : a1_0
13:10:12.350 [main] DEBUG org.hibernate.orm.sql.ast.create - Registration of TableGroup [org.hibernate.sql.ast.tree.from.OneToManyTableGroup@28e8dee7] with identifierForTableGroup [org.frcpm.models.TeamMember.attendances] for NavigablePath [org.frcpm.models.TeamMember.attendances] 
13:10:12.350 [main] DEBUG org.hibernate.orm.sql.ast.create - Registration of TableGroup [StandardTableGroup(org.frcpm.models.TeamMember.attendances.{element})] with identifierForTableGroup [org.frcpm.models.TeamMember.attendances.{element}] for NavigablePath [org.frcpm.models.TeamMember.attendances.{element}] 
13:10:12.350 [main] DEBUG org.hibernate.orm.sql.ast.create - Registration of TableGroup [org.hibernate.sql.ast.tree.from.LazyTableGroup@7c37ac3c] with identifierForTableGroup [org.frcpm.models.TeamMember.attendances.{element}.meeting] for NavigablePath [org.frcpm.models.TeamMember.attendances.{element}.meeting] 
13:10:12.350 [main] DEBUG org.hibernate.orm.sql.ast.create - Registration of TableGroup [org.hibernate.sql.ast.tree.from.LazyTableGroup@2682cccc] with identifierForTableGroup [org.frcpm.models.TeamMember.attendances.{element}.member] for NavigablePath [org.frcpm.models.TeamMember.attendances.{element}.member] 
13:10:12.350 [main] DEBUG org.hibernate.orm.results.graph.AST - DomainResult Graph:
 \-CollectionDomainResult [org.frcpm.models.TeamMember.attendances]

13:10:12.350 [main] DEBUG org.hibernate.orm.sql.ast.tree - SQL AST Tree:
    SelectStatement {
      FromClause {
        OneToManyTableGroup (a1 : org.frcpm.models.TeamMember.attendances) {
          primaryTableReference : attendances as a1_0
          TableGroupJoins {
            left  join LazyTableGroup (m1 : org.frcpm.models.TeamMember.attendances.{element}.meeting) {
            }
            left  join LazyTableGroup (m2 : org.frcpm.models.TeamMember.attendances.{element}.member) {
            }
          }
        }
      }
    }

13:10:12.350 [main] DEBUG org.hibernate.orm.jdbc.mutation - Static SQL for collection: org.frcpm.models.TeamMember.attendances
13:10:12.350 [main] DEBUG org.hibernate.orm.sql.ast.create - Created new SQL alias : rc1_0
13:10:12.350 [main] DEBUG org.hibernate.orm.sql.ast.create - Registration of TableGroup [CollectionTableGroup(org.frcpm.models.Task.requiredComponents)] with identifierForTableGroup [org.frcpm.models.Task.requiredComponents] for NavigablePath [org.frcpm.models.Task.requiredComponents] 
13:10:12.350 [main] DEBUG org.hibernate.orm.sql.ast.create - Registration of TableGroup [org.hibernate.sql.ast.tree.from.LazyTableGroup@44117b0d] with identifierForTableGroup [org.frcpm.models.Task.requiredComponents.{element}] for NavigablePath [org.frcpm.models.Task.requiredComponents.{element}] 
13:10:12.350 [main] DEBUG org.hibernate.orm.sql.ast.create - Created new SQL alias : rc1_1
13:10:12.351 [main] DEBUG org.hibernate.orm.results.graph.AST - DomainResult Graph:
 \-CollectionDomainResult [org.frcpm.models.Task.requiredComponents]

13:10:12.351 [main] DEBUG org.hibernate.orm.sql.ast.tree - SQL AST Tree:
    SelectStatement {
      FromClause {
        CollectionTableGroup (rc1 : org.frcpm.models.Task.requiredComponents) {
          primaryTableReference : task_components as rc1_0
          TableGroupJoins {
             join LazyTableGroup (rc1 : org.frcpm.models.Task.requiredComponents.{element}) {
              primaryTableReference : components as rc1_1
            }
          }
        }
      }
    }

13:10:12.351 [main] DEBUG org.hibernate.orm.jdbc.mutation - Static SQL for collection: org.frcpm.models.Task.requiredComponents
13:10:12.351 [main] DEBUG org.hibernate.orm.jdbc.mutation -  Row insert: /* insert for org.frcpm.models.Task.requiredComponents */insert into task_components (task_id,component_id) values (?,?)
13:10:12.351 [main] DEBUG org.hibernate.orm.jdbc.mutation -  Row delete: /* delete for org.frcpm.models.Task.requiredComponents */delete from task_components where task_id=? and component_id=?
13:10:12.351 [main] DEBUG org.hibernate.orm.jdbc.mutation -  One-shot delete: /* one-shot delete for org.frcpm.models.Task.requiredComponents */delete from task_components where task_id=?
13:10:12.351 [main] DEBUG org.hibernate.orm.sql.ast.create - Created new SQL alias : s1_0
13:10:12.351 [main] DEBUG org.hibernate.orm.sql.ast.create - Registration of TableGroup [org.hibernate.sql.ast.tree.from.OneToManyTableGroup@6afced93] with identifierForTableGroup [org.frcpm.models.Subteam.subsystems] for NavigablePath [org.frcpm.models.Subteam.subsystems] 
13:10:12.351 [main] DEBUG org.hibernate.orm.sql.ast.create - Registration of TableGroup [StandardTableGroup(org.frcpm.models.Subteam.subsystems.{element})] with identifierForTableGroup [org.frcpm.models.Subteam.subsystems.{element}] for NavigablePath [org.frcpm.models.Subteam.subsystems.{element}] 
13:10:12.351 [main] DEBUG org.hibernate.orm.sql.ast.create - Registration of TableGroup [org.hibernate.sql.ast.tree.from.LazyTableGroup@3f142e87] with identifierForTableGroup [org.frcpm.models.Subteam.subsystems.{element}.responsibleSubteam] for NavigablePath [org.frcpm.models.Subteam.subsystems.{element}.responsibleSubteam] 
13:10:12.352 [main] DEBUG org.hibernate.orm.results.graph.AST - DomainResult Graph:
 \-CollectionDomainResult [org.frcpm.models.Subteam.subsystems]

13:10:12.352 [main] DEBUG org.hibernate.orm.sql.ast.tree - SQL AST Tree:
    SelectStatement {
      FromClause {
        OneToManyTableGroup (s1 : org.frcpm.models.Subteam.subsystems) {
          primaryTableReference : subsystems as s1_0
          TableGroupJoins {
            left  join LazyTableGroup (rs1 : org.frcpm.models.Subteam.subsystems.{element}.responsibleSubteam) {
            }
          }
        }
      }
    }

13:10:12.352 [main] DEBUG org.hibernate.orm.jdbc.mutation - Static SQL for collection: org.frcpm.models.Subteam.subsystems
13:10:12.352 [main] DEBUG org.hibernate.orm.sql.ast.create - Created new SQL alias : pd1_0
13:10:12.352 [main] DEBUG org.hibernate.orm.sql.ast.create - Registration of TableGroup [CollectionTableGroup(org.frcpm.models.Task.preDependencies)] with identifierForTableGroup [org.frcpm.models.Task.preDependencies] for NavigablePath [org.frcpm.models.Task.preDependencies] 
13:10:12.352 [main] DEBUG org.hibernate.orm.sql.ast.create - Registration of TableGroup [org.hibernate.sql.ast.tree.from.LazyTableGroup@63c6c5e5] with identifierForTableGroup [org.frcpm.models.Task.preDependencies.{element}] for NavigablePath [org.frcpm.models.Task.preDependencies.{element}] 
13:10:12.352 [main] DEBUG org.hibernate.orm.sql.ast.create - Created new SQL alias : pd1_1
13:10:12.353 [main] DEBUG org.hibernate.orm.sql.ast.create - Registration of TableGroup [org.hibernate.sql.ast.tree.from.LazyTableGroup@6edb2c7b] with identifierForTableGroup [org.frcpm.models.Task.preDependencies.{element}.project] for NavigablePath [org.frcpm.models.Task.preDependencies.{element}.project] 
13:10:12.353 [main] DEBUG org.hibernate.orm.sql.ast.create - Registration of TableGroup [org.hibernate.sql.ast.tree.from.LazyTableGroup@70a54731] with identifierForTableGroup [org.frcpm.models.Task.preDependencies.{element}.subsystem] for NavigablePath [org.frcpm.models.Task.preDependencies.{element}.subsystem] 
13:10:12.353 [main] DEBUG org.hibernate.orm.results.graph.AST - DomainResult Graph:
 \-CollectionDomainResult [org.frcpm.models.Task.preDependencies]

13:10:12.353 [main] DEBUG org.hibernate.orm.sql.ast.tree - SQL AST Tree:
    SelectStatement {
      FromClause {
        CollectionTableGroup (pd1 : org.frcpm.models.Task.preDependencies) {
          primaryTableReference : task_dependencies as pd1_0
          TableGroupJoins {
             join LazyTableGroup (pd1 : org.frcpm.models.Task.preDependencies.{element}) {
              primaryTableReference : tasks as pd1_1
              TableGroupJoins {
                left  join LazyTableGroup (p1 : org.frcpm.models.Task.preDependencies.{element}.project) {
                }
                left  join LazyTableGroup (s1 : org.frcpm.models.Task.preDependencies.{element}.subsystem) {
                }
              }
            }
          }
        }
      }
    }

13:10:12.354 [main] DEBUG org.hibernate.orm.jdbc.mutation - Static SQL for collection: org.frcpm.models.Task.preDependencies
13:10:12.354 [main] DEBUG org.hibernate.orm.jdbc.mutation -  Row insert: /* insert for org.frcpm.models.Task.preDependencies */insert into task_dependencies (task_id,dependency_id) values (?,?)
13:10:12.354 [main] DEBUG org.hibernate.orm.jdbc.mutation -  Row delete: /* delete for org.frcpm.models.Task.preDependencies */delete from task_dependencies where task_id=? and dependency_id=?
13:10:12.354 [main] DEBUG org.hibernate.orm.jdbc.mutation -  One-shot delete: /* one-shot delete for org.frcpm.models.Task.preDependencies */delete from task_dependencies where task_id=?
13:10:12.354 [main] DEBUG org.hibernate.orm.sql.ast.create - Created new SQL alias : m1_0
13:10:12.354 [main] DEBUG org.hibernate.orm.sql.ast.create - Registration of TableGroup [org.hibernate.sql.ast.tree.from.OneToManyTableGroup@5b3ee43e] with identifierForTableGroup [org.frcpm.models.Project.milestones] for NavigablePath [org.frcpm.models.Project.milestones] 
13:10:12.354 [main] DEBUG org.hibernate.orm.sql.ast.create - Registration of TableGroup [StandardTableGroup(org.frcpm.models.Project.milestones.{element})] with identifierForTableGroup [org.frcpm.models.Project.milestones.{element}] for NavigablePath [org.frcpm.models.Project.milestones.{element}] 
13:10:12.354 [main] DEBUG org.hibernate.orm.sql.ast.create - Registration of TableGroup [org.hibernate.sql.ast.tree.from.LazyTableGroup@53da2aec] with identifierForTableGroup [org.frcpm.models.Project.milestones.{element}.project] for NavigablePath [org.frcpm.models.Project.milestones.{element}.project] 
13:10:12.354 [main] DEBUG org.hibernate.orm.results.graph.AST - DomainResult Graph:
 \-CollectionDomainResult [org.frcpm.models.Project.milestones]

13:10:12.354 [main] DEBUG org.hibernate.orm.sql.ast.tree - SQL AST Tree:
    SelectStatement {
      FromClause {
        OneToManyTableGroup (m1 : org.frcpm.models.Project.milestones) {
          primaryTableReference : milestones as m1_0
          TableGroupJoins {
            left  join LazyTableGroup (p1 : org.frcpm.models.Project.milestones.{element}.project) {
            }
          }
        }
      }
    }

13:10:12.354 [main] DEBUG org.hibernate.orm.jdbc.mutation - Static SQL for collection: org.frcpm.models.Project.milestones
13:10:12.354 [main] DEBUG org.hibernate.orm.sql.ast.create - Created new SQL alias : rft1_0
13:10:12.354 [main] DEBUG org.hibernate.orm.sql.ast.create - Registration of TableGroup [CollectionTableGroup(org.frcpm.models.Component.requiredForTasks)] with identifierForTableGroup [org.frcpm.models.Component.requiredForTasks] for NavigablePath [org.frcpm.models.Component.requiredForTasks] 
13:10:12.354 [main] DEBUG org.hibernate.orm.sql.ast.create - Registration of TableGroup [org.hibernate.sql.ast.tree.from.LazyTableGroup@58ca6ba3] with identifierForTableGroup [org.frcpm.models.Component.requiredForTasks.{element}] for NavigablePath [org.frcpm.models.Component.requiredForTasks.{element}] 
13:10:12.354 [main] DEBUG org.hibernate.orm.sql.ast.create - Created new SQL alias : rft1_1
13:10:12.354 [main] DEBUG org.hibernate.orm.sql.ast.create - Registration of TableGroup [org.hibernate.sql.ast.tree.from.LazyTableGroup@74797b90] with identifierForTableGroup [org.frcpm.models.Component.requiredForTasks.{element}.project] for NavigablePath [org.frcpm.models.Component.requiredForTasks.{element}.project] 
13:10:12.355 [main] DEBUG org.hibernate.orm.sql.ast.create - Registration of TableGroup [org.hibernate.sql.ast.tree.from.LazyTableGroup@7676b2b9] with identifierForTableGroup [org.frcpm.models.Component.requiredForTasks.{element}.subsystem] for NavigablePath [org.frcpm.models.Component.requiredForTasks.{element}.subsystem] 
13:10:12.355 [main] DEBUG org.hibernate.orm.results.graph.AST - DomainResult Graph:
 \-CollectionDomainResult [org.frcpm.models.Component.requiredForTasks]

13:10:12.355 [main] DEBUG org.hibernate.orm.sql.ast.tree - SQL AST Tree:
    SelectStatement {
      FromClause {
        CollectionTableGroup (rft1 : org.frcpm.models.Component.requiredForTasks) {
          primaryTableReference : task_components as rft1_0
          TableGroupJoins {
             join LazyTableGroup (rft1 : org.frcpm.models.Component.requiredForTasks.{element}) {
              primaryTableReference : tasks as rft1_1
              TableGroupJoins {
                left  join LazyTableGroup (p1 : org.frcpm.models.Component.requiredForTasks.{element}.project) {
                }
                left  join LazyTableGroup (s1 : org.frcpm.models.Component.requiredForTasks.{element}.subsystem) {
                }
              }
            }
          }
        }
      }
    }

13:10:12.355 [main] DEBUG org.hibernate.orm.jdbc.mutation - Static SQL for collection: org.frcpm.models.Component.requiredForTasks
13:10:12.355 [main] DEBUG org.hibernate.orm.sql.ast.create - Created new SQL alias : m1_0
13:10:12.355 [main] DEBUG org.hibernate.orm.sql.ast.create - Registration of TableGroup [org.hibernate.sql.ast.tree.from.OneToManyTableGroup@7910e307] with identifierForTableGroup [org.frcpm.models.Project.meetings] for NavigablePath [org.frcpm.models.Project.meetings] 
13:10:12.355 [main] DEBUG org.hibernate.orm.sql.ast.create - Registration of TableGroup [StandardTableGroup(org.frcpm.models.Project.meetings.{element})] with identifierForTableGroup [org.frcpm.models.Project.meetings.{element}] for NavigablePath [org.frcpm.models.Project.meetings.{element}] 
13:10:12.355 [main] DEBUG org.hibernate.orm.sql.ast.create - Registration of TableGroup [org.hibernate.sql.ast.tree.from.LazyTableGroup@460aa24e] with identifierForTableGroup [org.frcpm.models.Project.meetings.{element}.project] for NavigablePath [org.frcpm.models.Project.meetings.{element}.project] 
13:10:12.355 [main] DEBUG org.hibernate.orm.results.graph.AST - DomainResult Graph:
 \-CollectionDomainResult [org.frcpm.models.Project.meetings]

13:10:12.355 [main] DEBUG org.hibernate.orm.sql.ast.tree - SQL AST Tree:
    SelectStatement {
      FromClause {
        OneToManyTableGroup (m1 : org.frcpm.models.Project.meetings) {
          primaryTableReference : meetings as m1_0
          TableGroupJoins {
            left  join LazyTableGroup (p1 : org.frcpm.models.Project.meetings.{element}.project) {
            }
          }
        }
      }
    }

13:10:12.355 [main] DEBUG org.hibernate.orm.jdbc.mutation - Static SQL for collection: org.frcpm.models.Project.meetings
13:10:12.355 [main] DEBUG org.hibernate.orm.sql.ast.create - Created new SQL alias : at1_0
13:10:12.355 [main] DEBUG org.hibernate.orm.sql.ast.create - Registration of TableGroup [CollectionTableGroup(org.frcpm.models.TeamMember.assignedTasks)] with identifierForTableGroup [org.frcpm.models.TeamMember.assignedTasks] for NavigablePath [org.frcpm.models.TeamMember.assignedTasks] 
13:10:12.355 [main] DEBUG org.hibernate.orm.sql.ast.create - Registration of TableGroup [org.hibernate.sql.ast.tree.from.LazyTableGroup@17f8cad6] with identifierForTableGroup [org.frcpm.models.TeamMember.assignedTasks.{element}] for NavigablePath [org.frcpm.models.TeamMember.assignedTasks.{element}] 
13:10:12.355 [main] DEBUG org.hibernate.orm.sql.ast.create - Created new SQL alias : at1_1
13:10:12.355 [main] DEBUG org.hibernate.orm.sql.ast.create - Registration of TableGroup [org.hibernate.sql.ast.tree.from.LazyTableGroup@698e1bf5] with identifierForTableGroup [org.frcpm.models.TeamMember.assignedTasks.{element}.project] for NavigablePath [org.frcpm.models.TeamMember.assignedTasks.{element}.project] 
13:10:12.355 [main] DEBUG org.hibernate.orm.sql.ast.create - Registration of TableGroup [org.hibernate.sql.ast.tree.from.LazyTableGroup@7a85dc58] with identifierForTableGroup [org.frcpm.models.TeamMember.assignedTasks.{element}.subsystem] for NavigablePath [org.frcpm.models.TeamMember.assignedTasks.{element}.subsystem] 
13:10:12.355 [main] DEBUG org.hibernate.orm.results.graph.AST - DomainResult Graph:
 \-CollectionDomainResult [org.frcpm.models.TeamMember.assignedTasks]

13:10:12.356 [main] DEBUG org.hibernate.orm.sql.ast.tree - SQL AST Tree:
    SelectStatement {
      FromClause {
        CollectionTableGroup (at1 : org.frcpm.models.TeamMember.assignedTasks) {
          primaryTableReference : task_assignments as at1_0
          TableGroupJoins {
             join LazyTableGroup (at1 : org.frcpm.models.TeamMember.assignedTasks.{element}) {
              primaryTableReference : tasks as at1_1
              TableGroupJoins {
                left  join LazyTableGroup (p1 : org.frcpm.models.TeamMember.assignedTasks.{element}.project) {
                }
                left  join LazyTableGroup (s1 : org.frcpm.models.TeamMember.assignedTasks.{element}.subsystem) {
                }
              }
            }
          }
        }
      }
    }

13:10:12.356 [main] DEBUG org.hibernate.orm.jdbc.mutation - Static SQL for collection: org.frcpm.models.TeamMember.assignedTasks
13:10:12.356 [main] DEBUG org.hibernate.orm.sql.ast.create - Created new SQL alias : a1_0
13:10:12.356 [main] DEBUG org.hibernate.orm.sql.ast.create - Registration of TableGroup [org.hibernate.sql.ast.tree.from.OneToManyTableGroup@7f9e6167] with identifierForTableGroup [org.frcpm.models.Meeting.attendances] for NavigablePath [org.frcpm.models.Meeting.attendances] 
13:10:12.356 [main] DEBUG org.hibernate.orm.sql.ast.create - Registration of TableGroup [StandardTableGroup(org.frcpm.models.Meeting.attendances.{element})] with identifierForTableGroup [org.frcpm.models.Meeting.attendances.{element}] for NavigablePath [org.frcpm.models.Meeting.attendances.{element}] 
13:10:12.356 [main] DEBUG org.hibernate.orm.sql.ast.create - Registration of TableGroup [org.hibernate.sql.ast.tree.from.LazyTableGroup@66d69cd2] with identifierForTableGroup [org.frcpm.models.Meeting.attendances.{element}.meeting] for NavigablePath [org.frcpm.models.Meeting.attendances.{element}.meeting] 
13:10:12.356 [main] DEBUG org.hibernate.orm.sql.ast.create - Registration of TableGroup [org.hibernate.sql.ast.tree.from.LazyTableGroup@32e5fb4c] with identifierForTableGroup [org.frcpm.models.Meeting.attendances.{element}.member] for NavigablePath [org.frcpm.models.Meeting.attendances.{element}.member] 
13:10:12.356 [main] DEBUG org.hibernate.orm.results.graph.AST - DomainResult Graph:
 \-CollectionDomainResult [org.frcpm.models.Meeting.attendances]

13:10:12.356 [main] DEBUG org.hibernate.orm.sql.ast.tree - SQL AST Tree:
    SelectStatement {
      FromClause {
        OneToManyTableGroup (a1 : org.frcpm.models.Meeting.attendances) {
          primaryTableReference : attendances as a1_0
          TableGroupJoins {
            left  join LazyTableGroup (m1 : org.frcpm.models.Meeting.attendances.{element}.meeting) {
            }
            left  join LazyTableGroup (m2 : org.frcpm.models.Meeting.attendances.{element}.member) {
            }
          }
        }
      }
    }

13:10:12.356 [main] DEBUG org.hibernate.orm.jdbc.mutation - Static SQL for collection: org.frcpm.models.Meeting.attendances
13:10:12.356 [main] DEBUG org.hibernate.orm.sql.ast.create - Created new SQL alias : pd1_0
13:10:12.356 [main] DEBUG org.hibernate.orm.sql.ast.create - Registration of TableGroup [CollectionTableGroup(org.frcpm.models.Task.postDependencies)] with identifierForTableGroup [org.frcpm.models.Task.postDependencies] for NavigablePath [org.frcpm.models.Task.postDependencies] 
13:10:12.356 [main] DEBUG org.hibernate.orm.sql.ast.create - Registration of TableGroup [org.hibernate.sql.ast.tree.from.LazyTableGroup@1d3e5a05] with identifierForTableGroup [org.frcpm.models.Task.postDependencies.{element}] for NavigablePath [org.frcpm.models.Task.postDependencies.{element}] 
13:10:12.356 [main] DEBUG org.hibernate.orm.sql.ast.create - Created new SQL alias : pd1_1
13:10:12.356 [main] DEBUG org.hibernate.orm.sql.ast.create - Registration of TableGroup [org.hibernate.sql.ast.tree.from.LazyTableGroup@4f5c757c] with identifierForTableGroup [org.frcpm.models.Task.postDependencies.{element}.project] for NavigablePath [org.frcpm.models.Task.postDependencies.{element}.project] 
13:10:12.356 [main] DEBUG org.hibernate.orm.sql.ast.create - Registration of TableGroup [org.hibernate.sql.ast.tree.from.LazyTableGroup@52fec840] with identifierForTableGroup [org.frcpm.models.Task.postDependencies.{element}.subsystem] for NavigablePath [org.frcpm.models.Task.postDependencies.{element}.subsystem] 
13:10:12.356 [main] DEBUG org.hibernate.orm.results.graph.AST - DomainResult Graph:
 \-CollectionDomainResult [org.frcpm.models.Task.postDependencies]

13:10:12.356 [main] DEBUG org.hibernate.orm.sql.ast.tree - SQL AST Tree:
    SelectStatement {
      FromClause {
        CollectionTableGroup (pd1 : org.frcpm.models.Task.postDependencies) {
          primaryTableReference : task_dependencies as pd1_0
          TableGroupJoins {
             join LazyTableGroup (pd1 : org.frcpm.models.Task.postDependencies.{element}) {
              primaryTableReference : tasks as pd1_1
              TableGroupJoins {
                left  join LazyTableGroup (p1 : org.frcpm.models.Task.postDependencies.{element}.project) {
                }
                left  join LazyTableGroup (s1 : org.frcpm.models.Task.postDependencies.{element}.subsystem) {
                }
              }
            }
          }
        }
      }
    }

13:10:12.356 [main] DEBUG org.hibernate.orm.jdbc.mutation - Static SQL for collection: org.frcpm.models.Task.postDependencies
13:10:12.356 [main] DEBUG org.hibernate.orm.sql.ast.create - Created new SQL alias : t1_0
13:10:12.356 [main] DEBUG org.hibernate.orm.sql.ast.create - Registration of TableGroup [org.hibernate.sql.ast.tree.from.OneToManyTableGroup@10553a61] with identifierForTableGroup [org.frcpm.models.Project.tasks] for NavigablePath [org.frcpm.models.Project.tasks] 
13:10:12.356 [main] DEBUG org.hibernate.orm.sql.ast.create - Registration of TableGroup [StandardTableGroup(org.frcpm.models.Project.tasks.{element})] with identifierForTableGroup [org.frcpm.models.Project.tasks.{element}] for NavigablePath [org.frcpm.models.Project.tasks.{element}] 
13:10:12.357 [main] DEBUG org.hibernate.orm.sql.ast.create - Registration of TableGroup [org.hibernate.sql.ast.tree.from.LazyTableGroup@3c8e4a82] with identifierForTableGroup [org.frcpm.models.Project.tasks.{element}.project] for NavigablePath [org.frcpm.models.Project.tasks.{element}.project] 
13:10:12.357 [main] DEBUG org.hibernate.orm.sql.ast.create - Registration of TableGroup [org.hibernate.sql.ast.tree.from.LazyTableGroup@1896299b] with identifierForTableGroup [org.frcpm.models.Project.tasks.{element}.subsystem] for NavigablePath [org.frcpm.models.Project.tasks.{element}.subsystem] 
13:10:12.357 [main] DEBUG org.hibernate.orm.results.graph.AST - DomainResult Graph:
 \-CollectionDomainResult [org.frcpm.models.Project.tasks]

13:10:12.357 [main] DEBUG org.hibernate.orm.sql.ast.tree - SQL AST Tree:
    SelectStatement {
      FromClause {
        OneToManyTableGroup (t1 : org.frcpm.models.Project.tasks) {
          primaryTableReference : tasks as t1_0
          TableGroupJoins {
            left  join LazyTableGroup (p1 : org.frcpm.models.Project.tasks.{element}.project) {
            }
            left  join LazyTableGroup (s1 : org.frcpm.models.Project.tasks.{element}.subsystem) {
            }
          }
        }
      }
    }

13:10:12.357 [main] DEBUG org.hibernate.orm.jdbc.mutation - Static SQL for collection: org.frcpm.models.Project.tasks
13:10:12.385 [main] DEBUG org.hibernate.type.spi.TypeConfiguration$Scope - Scoping TypeConfiguration [org.hibernate.type.spi.TypeConfiguration@d9f5fce] to SessionFactoryImplementor [org.hibernate.internal.SessionFactoryImpl@603faaad]
13:10:12.386 [main] DEBUG org.hibernate.query.named.NamedObjectRepository - Checking 0 named HQL queries
13:10:12.386 [main] DEBUG org.hibernate.query.named.NamedObjectRepository - Checking 0 named SQL queries
13:10:12.396 [main] DEBUG org.hibernate.SQL - 
    drop table if exists attendances cascade 
Hibernate: 
    drop table if exists attendances cascade 
13:10:12.398 [main] DEBUG org.hibernate.SQL - 
    drop table if exists components cascade 
Hibernate: 
    drop table if exists components cascade 
13:10:12.398 [main] DEBUG org.hibernate.SQL - 
    drop table if exists meetings cascade 
Hibernate: 
    drop table if exists meetings cascade 
13:10:12.398 [main] DEBUG org.hibernate.SQL - 
    drop table if exists milestones cascade 
Hibernate: 
    drop table if exists milestones cascade 
13:10:12.398 [main] DEBUG org.hibernate.SQL - 
    drop table if exists projects cascade 
Hibernate: 
    drop table if exists projects cascade 
13:10:12.398 [main] DEBUG org.hibernate.SQL - 
    drop table if exists subsystems cascade 
Hibernate: 
    drop table if exists subsystems cascade 
13:10:12.398 [main] DEBUG org.hibernate.SQL - 
    drop table if exists subteams cascade 
Hibernate: 
    drop table if exists subteams cascade 
13:10:12.398 [main] DEBUG org.hibernate.SQL - 
    drop table if exists task_assignments cascade 
Hibernate: 
    drop table if exists task_assignments cascade 
13:10:12.399 [main] DEBUG org.hibernate.SQL - 
    drop table if exists task_components cascade 
Hibernate: 
    drop table if exists task_components cascade 
13:10:12.399 [main] DEBUG org.hibernate.SQL - 
    drop table if exists task_dependencies cascade 
Hibernate: 
    drop table if exists task_dependencies cascade 
13:10:12.399 [main] DEBUG org.hibernate.SQL - 
    drop table if exists tasks cascade 
Hibernate: 
    drop table if exists tasks cascade 
13:10:12.399 [main] DEBUG org.hibernate.SQL - 
    drop table if exists team_members cascade 
Hibernate: 
    drop table if exists team_members cascade 
13:10:12.408 [main] DEBUG org.hibernate.SQL - 
    create table attendances (
        arrival_time time(6),
        departure_time time(6),
        present boolean not null,
        id bigint generated by default as identity,
        meeting_id bigint not null,
        member_id bigint not null,
        primary key (id),
        unique (meeting_id, member_id)
    )
Hibernate: 
    create table attendances (
        arrival_time time(6),
        departure_time time(6),
        present boolean not null,
        id bigint generated by default as identity,
        meeting_id bigint not null,
        member_id bigint not null,
        primary key (id),
        unique (meeting_id, member_id)
    )
13:10:12.423 [main] DEBUG org.hibernate.SQL - 
    create table components (
        actual_delivery date,
        expected_delivery date,
        is_delivered boolean,
        id bigint generated by default as identity,
        part_number varchar(100),
        description TEXT,
        name varchar(255) not null,
        primary key (id)
    )
Hibernate: 
    create table components (
        actual_delivery date,
        expected_delivery date,
        is_delivered boolean,
        id bigint generated by default as identity,
        part_number varchar(100),
        description TEXT,
        name varchar(255) not null,
        primary key (id)
    )
13:10:12.424 [main] DEBUG org.hibernate.SQL - 
    create table meetings (
        date date not null,
        end_time time(6) not null,
        start_time time(6) not null,
        id bigint generated by default as identity,
        project_id bigint not null,
        notes TEXT,
        primary key (id)
    )
Hibernate: 
    create table meetings (
        date date not null,
        end_time time(6) not null,
        start_time time(6) not null,
        id bigint generated by default as identity,
        project_id bigint not null,
        notes TEXT,
        primary key (id)
    )
13:10:12.427 [main] DEBUG org.hibernate.SQL - 
    create table milestones (
        date date not null,
        id bigint generated by default as identity,
        project_id bigint not null,
        description TEXT,
        name varchar(255) not null,
        primary key (id)
    )
Hibernate: 
    create table milestones (
        date date not null,
        id bigint generated by default as identity,
        project_id bigint not null,
        description TEXT,
        name varchar(255) not null,
        primary key (id)
    )
13:10:12.429 [main] DEBUG org.hibernate.SQL - 
    create table projects (
        goal_end_date date not null,
        hard_deadline date not null,
        start_date date not null,
        id bigint generated by default as identity,
        name varchar(100) not null,
        description TEXT,
        primary key (id)
    )
Hibernate: 
    create table projects (
        goal_end_date date not null,
        hard_deadline date not null,
        start_date date not null,
        id bigint generated by default as identity,
        name varchar(100) not null,
        description TEXT,
        primary key (id)
    )
13:10:12.430 [main] DEBUG org.hibernate.SQL - 
    create table subsystems (
        id bigint generated by default as identity,
        responsible_subteam_id bigint,
        name varchar(100) not null,
        description TEXT,
        status enum ('COMPLETED','IN_PROGRESS','ISSUES','NOT_STARTED','TESTING') not null,
        primary key (id)
    )
Hibernate: 
    create table subsystems (
        id bigint generated by default as identity,
        responsible_subteam_id bigint,
        name varchar(100) not null,
        description TEXT,
        status enum ('COMPLETED','IN_PROGRESS','ISSUES','NOT_STARTED','TESTING') not null,
        primary key (id)
    )
13:10:12.432 [main] DEBUG org.hibernate.SQL - 
    create table subteams (
        color_code varchar(7) not null,
        id bigint generated by default as identity,
        name varchar(100) not null,
        specialties TEXT,
        primary key (id)
    )
Hibernate: 
    create table subteams (
        color_code varchar(7) not null,
        id bigint generated by default as identity,
        name varchar(100) not null,
        specialties TEXT,
        primary key (id)
    )
13:10:12.434 [main] DEBUG org.hibernate.SQL - 
    create table task_assignments (
        task_id bigint not null,
        team_member_id bigint not null,
        primary key (task_id, team_member_id)
    )
Hibernate: 
    create table task_assignments (
        task_id bigint not null,
        team_member_id bigint not null,
        primary key (task_id, team_member_id)
    )
13:10:12.435 [main] DEBUG org.hibernate.SQL - 
    create table task_components (
        component_id bigint not null,
        task_id bigint not null,
        primary key (component_id, task_id)
    )
Hibernate: 
    create table task_components (
        component_id bigint not null,
        task_id bigint not null,
        primary key (component_id, task_id)
    )
13:10:12.436 [main] DEBUG org.hibernate.SQL - 
    create table task_dependencies (
        dependency_id bigint not null,
        task_id bigint not null,
        primary key (dependency_id, task_id)
    )
Hibernate: 
    create table task_dependencies (
        dependency_id bigint not null,
        task_id bigint not null,
        primary key (dependency_id, task_id)
    )
13:10:12.437 [main] DEBUG org.hibernate.SQL - 
    create table tasks (
        completed boolean not null,
        end_date date,
        progress integer not null,
        start_date date,
        actual_duration_seconds bigint,
        estimated_duration_seconds bigint not null,
        id bigint generated by default as identity,
        project_id bigint not null,
        subsystem_id bigint not null,
        description TEXT,
        title varchar(255) not null,
        priority enum ('CRITICAL','HIGH','LOW','MEDIUM') not null,
        primary key (id)
    )
Hibernate: 
    create table tasks (
        completed boolean not null,
        end_date date,
        progress integer not null,
        start_date date,
        actual_duration_seconds bigint,
        estimated_duration_seconds bigint not null,
        id bigint generated by default as identity,
        project_id bigint not null,
        subsystem_id bigint not null,
        description TEXT,
        title varchar(255) not null,
        priority enum ('CRITICAL','HIGH','LOW','MEDIUM') not null,
        primary key (id)
    )
13:10:12.438 [main] DEBUG org.hibernate.SQL - 
    create table team_members (
        is_leader boolean,
        id bigint generated by default as identity,
        subteam_id bigint,
        phone varchar(15),
        first_name varchar(150),
        last_name varchar(150),
        username varchar(150) not null unique,
        email varchar(254),
        skills TEXT,
        primary key (id)
    )
Hibernate: 
    create table team_members (
        is_leader boolean,
        id bigint generated by default as identity,
        subteam_id bigint,
        phone varchar(15),
        first_name varchar(150),
        last_name varchar(150),
        username varchar(150) not null unique,
        email varchar(254),
        skills TEXT,
        primary key (id)
    )
13:10:12.441 [main] DEBUG org.hibernate.SQL - 
    alter table if exists attendances 
       add constraint FK3i5ab1v2ad6wbm2rwhxbtm55u 
       foreign key (meeting_id) 
       references meetings
Hibernate: 
    alter table if exists attendances 
       add constraint FK3i5ab1v2ad6wbm2rwhxbtm55u 
       foreign key (meeting_id) 
       references meetings
13:10:12.449 [main] DEBUG org.hibernate.SQL - 
    alter table if exists attendances 
       add constraint FKb3g1rvha5qvyh1xik0bo6fghp 
       foreign key (member_id) 
       references team_members
Hibernate: 
    alter table if exists attendances 
       add constraint FKb3g1rvha5qvyh1xik0bo6fghp 
       foreign key (member_id) 
       references team_members
13:10:12.450 [main] DEBUG org.hibernate.SQL - 
    alter table if exists meetings 
       add constraint FKbt3vmcde0efob60esnfkyaeg0 
       foreign key (project_id) 
       references projects
Hibernate: 
    alter table if exists meetings 
       add constraint FKbt3vmcde0efob60esnfkyaeg0 
       foreign key (project_id) 
       references projects
13:10:12.450 [main] DEBUG org.hibernate.SQL - 
    alter table if exists milestones 
       add constraint FK2a7fp7wfu0qc1pq3wiifbksge 
       foreign key (project_id) 
       references projects
Hibernate: 
    alter table if exists milestones 
       add constraint FK2a7fp7wfu0qc1pq3wiifbksge 
       foreign key (project_id) 
       references projects
13:10:12.452 [main] DEBUG org.hibernate.SQL - 
    alter table if exists subsystems 
       add constraint FK6w4rk9yygp8j1dhs91d0qt8vp 
       foreign key (responsible_subteam_id) 
       references subteams
Hibernate: 
    alter table if exists subsystems 
       add constraint FK6w4rk9yygp8j1dhs91d0qt8vp 
       foreign key (responsible_subteam_id) 
       references subteams
13:10:12.453 [main] DEBUG org.hibernate.SQL - 
    alter table if exists task_assignments 
       add constraint FKqyivind1lu4axk93y5m7vcx7i 
       foreign key (team_member_id) 
       references team_members
Hibernate: 
    alter table if exists task_assignments 
       add constraint FKqyivind1lu4axk93y5m7vcx7i 
       foreign key (team_member_id) 
       references team_members
13:10:12.455 [main] DEBUG org.hibernate.SQL - 
    alter table if exists task_assignments 
       add constraint FKk36vhf9tt6t3woselwnkis6v6 
       foreign key (task_id) 
       references tasks
Hibernate: 
    alter table if exists task_assignments 
       add constraint FKk36vhf9tt6t3woselwnkis6v6 
       foreign key (task_id) 
       references tasks
13:10:12.456 [main] DEBUG org.hibernate.SQL - 
    alter table if exists task_components 
       add constraint FK5irpaispcx79xwy6n1qomaxnv 
       foreign key (component_id) 
       references components
Hibernate: 
    alter table if exists task_components 
       add constraint FK5irpaispcx79xwy6n1qomaxnv 
       foreign key (component_id) 
       references components
13:10:12.457 [main] DEBUG org.hibernate.SQL - 
    alter table if exists task_components 
       add constraint FKjvcgnyl1ttc41nv55hjvnnft1 
       foreign key (task_id) 
       references tasks
Hibernate: 
    alter table if exists task_components 
       add constraint FKjvcgnyl1ttc41nv55hjvnnft1 
       foreign key (task_id) 
       references tasks
13:10:12.458 [main] DEBUG org.hibernate.SQL - 
    alter table if exists task_dependencies 
       add constraint FKnwfxktx9emcwsylqofad5cxbx 
       foreign key (dependency_id) 
       references tasks
Hibernate: 
    alter table if exists task_dependencies 
       add constraint FKnwfxktx9emcwsylqofad5cxbx 
       foreign key (dependency_id) 
       references tasks
13:10:12.459 [main] DEBUG org.hibernate.SQL - 
    alter table if exists task_dependencies 
       add constraint FKerlktvi2bud6uauih348u0loj 
       foreign key (task_id) 
       references tasks
Hibernate: 
    alter table if exists task_dependencies 
       add constraint FKerlktvi2bud6uauih348u0loj 
       foreign key (task_id) 
       references tasks
13:10:12.459 [main] DEBUG org.hibernate.SQL - 
    alter table if exists tasks 
       add constraint FKsfhn82y57i3k9uxww1s007acc 
       foreign key (project_id) 
       references projects
Hibernate: 
    alter table if exists tasks 
       add constraint FKsfhn82y57i3k9uxww1s007acc 
       foreign key (project_id) 
       references projects
13:10:12.460 [main] DEBUG org.hibernate.SQL - 
    alter table if exists tasks 
       add constraint FK3tj2dchxxvxu2te3uwgjakx76 
       foreign key (subsystem_id) 
       references subsystems
Hibernate: 
    alter table if exists tasks 
       add constraint FK3tj2dchxxvxu2te3uwgjakx76 
       foreign key (subsystem_id) 
       references subsystems
13:10:12.461 [main] DEBUG org.hibernate.SQL - 
    alter table if exists team_members 
       add constraint FKnjkvjfudwwytv2aiuha5wyvqx 
       foreign key (subteam_id) 
       references subteams
Hibernate: 
    alter table if exists team_members 
       add constraint FKnjkvjfudwwytv2aiuha5wyvqx 
       foreign key (subteam_id) 
       references subteams
13:10:12.466 [main] DEBUG org.hibernate.internal.SessionFactoryRegistry - Initializing SessionFactoryRegistry : org.hibernate.internal.SessionFactoryRegistry@10e4cc6
13:10:12.466 [main] DEBUG org.hibernate.internal.SessionFactoryRegistry - Registering SessionFactory: 04c9cf89-8dba-455a-a556-fb807a86a76c (<unnamed>)
13:10:12.466 [main] DEBUG org.hibernate.internal.SessionFactoryRegistry - Not binding SessionFactory to JNDI, no JNDI name configured
13:10:12.466 [main] DEBUG org.hibernate.internal.SessionFactoryImpl - Instantiated SessionFactory
13:10:12.493 [main] DEBUG org.hibernate.stat.internal.StatisticsInitiator - Statistics initialized [enabled=false]
13:10:12.496 [main] DEBUG org.hibernate.engine.transaction.internal.TransactionImpl - On TransactionImpl creation, JpaCompliance#isJpaTransactionComplianceEnabled == false
13:10:12.496 [main] DEBUG org.hibernate.engine.transaction.internal.TransactionImpl - begin
13:10:12.509 [main] DEBUG org.hibernate.engine.spi.ActionQueue - Executing identity-insert immediately
13:10:12.513 [main] DEBUG org.hibernate.SQL - 
    /* insert for
        org.frcpm.models.Project */insert 
    into
        projects (description, goal_end_date, hard_deadline, name, start_date, id) 
    values
        (?, ?, ?, ?, ?, default)
Hibernate: 
    /* insert for
        org.frcpm.models.Project */insert 
    into
        projects (description, goal_end_date, hard_deadline, name, start_date, id) 
    values
        (?, ?, ?, ?, ?, default)
13:10:12.538 [main] DEBUG org.hibernate.orm.results - Initializer list is empty
13:10:12.541 [main] DEBUG org.hibernate.orm.results.loading - Calling top-level assembler (0 / 1) : org.hibernate.sql.results.graph.basic.BasicResultAssembler@2f8ab988
13:10:12.541 [main] DEBUG org.hibernate.orm.results - Extracted JDBC value [0] - [1]
13:10:12.542 [main] DEBUG org.hibernate.id.IdentifierGeneratorHelper - Extracted generated values [org.frcpm.models.Project]: [Ljava.lang.Object;@558ed473
13:10:12.551 [main] DEBUG org.hibernate.event.internal.AbstractFlushingEventListener - Processing flush-time cascades
13:10:12.552 [main] DEBUG org.hibernate.event.internal.AbstractFlushingEventListener - Dirty checking collections
13:10:12.558 [main] DEBUG org.hibernate.engine.internal.Collections - Collection found: [org.frcpm.models.Project.meetings#1], was: [<unreferenced>] (initialized)
13:10:12.558 [main] DEBUG org.hibernate.engine.internal.Collections - Collection found: [org.frcpm.models.Project.milestones#1], was: [<unreferenced>] (initialized)
13:10:12.558 [main] DEBUG org.hibernate.engine.internal.Collections - Collection found: [org.frcpm.models.Project.tasks#1], was: [<unreferenced>] (initialized)
13:10:12.561 [main] DEBUG org.hibernate.event.internal.AbstractFlushingEventListener - Flushed: 0 insertions, 0 updates, 0 deletions to 1 objects
13:10:12.562 [main] DEBUG org.hibernate.event.internal.AbstractFlushingEventListener - Flushed: 3 (re)creations, 0 updates, 0 removals to 3 collections
13:10:12.562 [main] DEBUG org.hibernate.internal.util.EntityPrinter - Listing entities:
13:10:12.563 [main] DEBUG org.hibernate.internal.util.EntityPrinter - org.frcpm.models.Project{hardDeadline=2025-06-06, name=Test Base Project 1, description=null, meetings=[], id=1, goalEndDate=2025-05-23, milestones=[], startDate=2025-04-11, tasks=[]}
13:10:12.566 [main] DEBUG org.hibernate.engine.transaction.internal.TransactionImpl - committing
13:10:12.566 [main] DEBUG org.hibernate.event.internal.AbstractFlushingEventListener - Processing flush-time cascades
13:10:12.566 [main] DEBUG org.hibernate.event.internal.AbstractFlushingEventListener - Dirty checking collections
13:10:12.566 [main] DEBUG org.hibernate.engine.internal.Collections - Collection found: [org.frcpm.models.Project.meetings#1], was: [org.frcpm.models.Project.meetings#1] (initialized)
13:10:12.566 [main] DEBUG org.hibernate.engine.internal.Collections - Collection found: [org.frcpm.models.Project.milestones#1], was: [org.frcpm.models.Project.milestones#1] (initialized)
13:10:12.566 [main] DEBUG org.hibernate.engine.internal.Collections - Collection found: [org.frcpm.models.Project.tasks#1], was: [org.frcpm.models.Project.tasks#1] (initialized)
13:10:12.567 [main] DEBUG org.hibernate.event.internal.AbstractFlushingEventListener - Flushed: 0 insertions, 0 updates, 0 deletions to 1 objects
13:10:12.567 [main] DEBUG org.hibernate.event.internal.AbstractFlushingEventListener - Flushed: 0 (re)creations, 0 updates, 0 removals to 3 collections
13:10:12.567 [main] DEBUG org.hibernate.internal.util.EntityPrinter - Listing entities:
13:10:12.567 [main] DEBUG org.hibernate.internal.util.EntityPrinter - org.frcpm.models.Project{hardDeadline=2025-06-06, name=Test Base Project 1, description=null, meetings=[], id=1, goalEndDate=2025-05-23, milestones=[], startDate=2025-04-11, tasks=[]}
13:10:12.568 [main] DEBUG org.hibernate.resource.jdbc.internal.LogicalConnectionManagedImpl - Initiating JDBC connection release from afterTransaction
13:10:12.568 [main] DEBUG org.hibernate.resource.jdbc.internal.LogicalConnectionManagedImpl - Initiating JDBC connection release from afterTransaction
13:10:12.569 [main] DEBUG org.hibernate.engine.transaction.internal.TransactionImpl - On TransactionImpl creation, JpaCompliance#isJpaTransactionComplianceEnabled == false
13:10:12.569 [main] DEBUG org.hibernate.engine.transaction.internal.TransactionImpl - begin
13:10:12.569 [main] DEBUG org.hibernate.engine.spi.ActionQueue - Executing identity-insert immediately
13:10:12.570 [main] DEBUG org.hibernate.SQL - 
    /* insert for
        org.frcpm.models.Project */insert 
    into
        projects (description, goal_end_date, hard_deadline, name, start_date, id) 
    values
        (?, ?, ?, ?, ?, default)
Hibernate: 
    /* insert for
        org.frcpm.models.Project */insert 
    into
        projects (description, goal_end_date, hard_deadline, name, start_date, id) 
    values
        (?, ?, ?, ?, ?, default)
13:10:12.571 [main] DEBUG org.hibernate.orm.results - Initializer list is empty
13:10:12.571 [main] DEBUG org.hibernate.orm.results.loading - Calling top-level assembler (0 / 1) : org.hibernate.sql.results.graph.basic.BasicResultAssembler@75d402d4
13:10:12.571 [main] DEBUG org.hibernate.orm.results - Extracted JDBC value [0] - [2]
13:10:12.571 [main] DEBUG org.hibernate.id.IdentifierGeneratorHelper - Extracted generated values [org.frcpm.models.Project]: [Ljava.lang.Object;@1a0b4955
13:10:12.571 [main] DEBUG org.hibernate.event.internal.AbstractFlushingEventListener - Processing flush-time cascades
13:10:12.571 [main] DEBUG org.hibernate.event.internal.AbstractFlushingEventListener - Dirty checking collections
13:10:12.572 [main] DEBUG org.hibernate.engine.internal.Collections - Collection found: [org.frcpm.models.Project.meetings#2], was: [<unreferenced>] (initialized)
13:10:12.572 [main] DEBUG org.hibernate.engine.internal.Collections - Collection found: [org.frcpm.models.Project.milestones#2], was: [<unreferenced>] (initialized)
13:10:12.572 [main] DEBUG org.hibernate.engine.internal.Collections - Collection found: [org.frcpm.models.Project.tasks#2], was: [<unreferenced>] (initialized)
13:10:12.572 [main] DEBUG org.hibernate.event.internal.AbstractFlushingEventListener - Flushed: 0 insertions, 0 updates, 0 deletions to 1 objects
13:10:12.572 [main] DEBUG org.hibernate.event.internal.AbstractFlushingEventListener - Flushed: 3 (re)creations, 0 updates, 0 removals to 3 collections
13:10:12.572 [main] DEBUG org.hibernate.internal.util.EntityPrinter - Listing entities:
13:10:12.572 [main] DEBUG org.hibernate.internal.util.EntityPrinter - org.frcpm.models.Project{hardDeadline=2025-06-20, name=Test Base Project 2, description=null, meetings=[], id=2, goalEndDate=2025-06-06, milestones=[], startDate=2025-04-18, tasks=[]}
13:10:12.572 [main] DEBUG org.hibernate.engine.transaction.internal.TransactionImpl - committing
13:10:12.572 [main] DEBUG org.hibernate.event.internal.AbstractFlushingEventListener - Processing flush-time cascades
13:10:12.572 [main] DEBUG org.hibernate.event.internal.AbstractFlushingEventListener - Dirty checking collections
13:10:12.572 [main] DEBUG org.hibernate.engine.internal.Collections - Collection found: [org.frcpm.models.Project.meetings#2], was: [org.frcpm.models.Project.meetings#2] (initialized)
13:10:12.572 [main] DEBUG org.hibernate.engine.internal.Collections - Collection found: [org.frcpm.models.Project.milestones#2], was: [org.frcpm.models.Project.milestones#2] (initialized)
13:10:12.572 [main] DEBUG org.hibernate.engine.internal.Collections - Collection found: [org.frcpm.models.Project.tasks#2], was: [org.frcpm.models.Project.tasks#2] (initialized)
13:10:12.572 [main] DEBUG org.hibernate.event.internal.AbstractFlushingEventListener - Flushed: 0 insertions, 0 updates, 0 deletions to 1 objects
13:10:12.572 [main] DEBUG org.hibernate.event.internal.AbstractFlushingEventListener - Flushed: 0 (re)creations, 0 updates, 0 removals to 3 collections
13:10:12.572 [main] DEBUG org.hibernate.internal.util.EntityPrinter - Listing entities:
13:10:12.572 [main] DEBUG org.hibernate.internal.util.EntityPrinter - org.frcpm.models.Project{hardDeadline=2025-06-20, name=Test Base Project 2, description=null, meetings=[], id=2, goalEndDate=2025-06-06, milestones=[], startDate=2025-04-18, tasks=[]}
13:10:12.572 [main] DEBUG org.hibernate.resource.jdbc.internal.LogicalConnectionManagedImpl - Initiating JDBC connection release from afterTransaction
13:10:12.572 [main] DEBUG org.hibernate.resource.jdbc.internal.LogicalConnectionManagedImpl - Initiating JDBC connection release from afterTransaction
13:10:12.637 [main] DEBUG org.hibernate.orm.sql.ast.create - Created new SQL alias : p1_0
13:10:12.638 [main] DEBUG org.hibernate.orm.sql.ast.create - Registration of TableGroup [StandardTableGroup(org.frcpm.models.Project(22701803574700))] with identifierForTableGroup [org.frcpm.models.Project] for NavigablePath [org.frcpm.models.Project] 
13:10:12.644 [main] DEBUG org.hibernate.orm.results.graph.AST - DomainResult Graph:
 \-EntityResultImpl [org.frcpm.models.Project(22701803574700)]
 |  +-BasicFetch [org.frcpm.models.Project(22701803574700).description]
 |  +-BasicFetch [org.frcpm.models.Project(22701803574700).goalEndDate]
 |  +-BasicFetch [org.frcpm.models.Project(22701803574700).hardDeadline]
 |  +-DelayedCollectionFetch [org.frcpm.models.Project(22701803574700).meetings]
 |  +-DelayedCollectionFetch [org.frcpm.models.Project(22701803574700).milestones]
 |  +-BasicFetch [org.frcpm.models.Project(22701803574700).name]
 |  +-BasicFetch [org.frcpm.models.Project(22701803574700).startDate]
 |  \-DelayedCollectionFetch [org.frcpm.models.Project(22701803574700).tasks]

13:10:12.644 [main] DEBUG org.hibernate.orm.sql.ast.tree - SQL AST Tree:
    SelectStatement {
      FromClause {
        StandardTableGroup (p1 : org.frcpm.models.Project(22701803574700)) {
          primaryTableReference : projects as p1_0
        }
      }
    }

13:10:12.651 [main] DEBUG org.hibernate.orm.sql.exec - Skipping reading Query result cache data: cache-enabled = false, cache-mode = NORMAL
13:10:12.659 [main] DEBUG org.hibernate.orm.results - Initializer list:
	  org.frcpm.models.Project(22701803574700).milestones -> DelayedCollectionInitializer(org.frcpm.models.Project(22701803574700).milestones)@1314209120 (PluralAttribute(org.frcpm.models.Project.milestones))
	  org.frcpm.models.Project(22701803574700) -> EntityResultInitializer(org.frcpm.models.Project(22701803574700))@2114535884 (SingleTableEntityPersister(org.frcpm.models.Project))
	  org.frcpm.models.Project(22701803574700).tasks -> DelayedCollectionInitializer(org.frcpm.models.Project(22701803574700).tasks)@1360316577 (PluralAttribute(org.frcpm.models.Project.tasks))
	  org.frcpm.models.Project(22701803574700).meetings -> DelayedCollectionInitializer(org.frcpm.models.Project(22701803574700).meetings)@618085457 (PluralAttribute(org.frcpm.models.Project.meetings))

13:10:12.661 [main] DEBUG org.hibernate.SQL - 
    /* <criteria> */ select
        p1_0.id,
        p1_0.description,
        p1_0.goal_end_date,
        p1_0.hard_deadline,
        p1_0.name,
        p1_0.start_date 
    from
        projects p1_0
Hibernate: 
    /* <criteria> */ select
        p1_0.id,
        p1_0.description,
        p1_0.goal_end_date,
        p1_0.hard_deadline,
        p1_0.name,
        p1_0.start_date 
    from
        projects p1_0
13:10:12.662 [main] DEBUG org.hibernate.orm.results - Extracted JDBC value [0] - [1]
13:10:12.662 [main] DEBUG org.hibernate.orm.results.loading.entity - (EntityResultInitializer) Hydrated EntityKey (org.frcpm.models.Project(22701803574700)): 1
13:10:12.663 [main] DEBUG org.hibernate.orm.results.loading.org.hibernate.orm.results.loading.collection - (DelayedCollectionInitializer) Current row collection key : org.frcpm.models.Project(22701803574700).meetings#1
13:10:12.663 [main] DEBUG org.hibernate.orm.results.loading.org.hibernate.orm.results.loading.collection - (DelayedCollectionInitializer) Current row collection key : org.frcpm.models.Project(22701803574700).milestones#1
13:10:12.663 [main] DEBUG org.hibernate.orm.results.loading.org.hibernate.orm.results.loading.collection - (DelayedCollectionInitializer) Current row collection key : org.frcpm.models.Project(22701803574700).tasks#1
13:10:12.663 [main] DEBUG org.hibernate.orm.results.loading.entity - (EntityResultInitializer) Created new entity instance [org.frcpm.models.Project(22701803574700)#1] : 919473090
13:10:12.664 [main] DEBUG org.hibernate.orm.results - Extracted JDBC value [1] - [null]
13:10:12.664 [main] DEBUG org.hibernate.orm.results - Extracted JDBC value [2] - [2025-05-23]
13:10:12.664 [main] DEBUG org.hibernate.orm.results - Extracted JDBC value [3] - [2025-06-06]
13:10:12.664 [main] DEBUG org.hibernate.orm.results - Extracted JDBC value [4] - [Test Base Project 1]
13:10:12.665 [main] DEBUG org.hibernate.orm.results - Extracted JDBC value [5] - [2025-04-11]
13:10:12.665 [main] DEBUG org.hibernate.orm.results.loading.entity - (EntityResultInitializer) Done materializing entityInstance : org.frcpm.models.Project(22701803574700)#1
13:10:12.665 [main] DEBUG org.hibernate.orm.results.loading - Calling top-level assembler (0 / 1) : org.hibernate.sql.results.graph.entity.internal.EntityAssembler@67aaf882
13:10:12.665 [main] DEBUG org.hibernate.orm.results - Extracted JDBC value [0] - [2]
13:10:12.665 [main] DEBUG org.hibernate.orm.results.loading.entity - (EntityResultInitializer) Hydrated EntityKey (org.frcpm.models.Project(22701803574700)): 2
13:10:12.665 [main] DEBUG org.hibernate.orm.results.loading.org.hibernate.orm.results.loading.collection - (DelayedCollectionInitializer) Current row collection key : org.frcpm.models.Project(22701803574700).meetings#2
13:10:12.665 [main] DEBUG org.hibernate.orm.results.loading.org.hibernate.orm.results.loading.collection - (DelayedCollectionInitializer) Current row collection key : org.frcpm.models.Project(22701803574700).milestones#2
13:10:12.665 [main] DEBUG org.hibernate.orm.results.loading.org.hibernate.orm.results.loading.collection - (DelayedCollectionInitializer) Current row collection key : org.frcpm.models.Project(22701803574700).tasks#2
13:10:12.665 [main] DEBUG org.hibernate.orm.results.loading.entity - (EntityResultInitializer) Created new entity instance [org.frcpm.models.Project(22701803574700)#2] : 1862049087
13:10:12.665 [main] DEBUG org.hibernate.orm.results - Extracted JDBC value [1] - [null]
13:10:12.665 [main] DEBUG org.hibernate.orm.results - Extracted JDBC value [2] - [2025-06-06]
13:10:12.665 [main] DEBUG org.hibernate.orm.results - Extracted JDBC value [3] - [2025-06-20]
13:10:12.665 [main] DEBUG org.hibernate.orm.results - Extracted JDBC value [4] - [Test Base Project 2]
13:10:12.665 [main] DEBUG org.hibernate.orm.results - Extracted JDBC value [5] - [2025-04-18]
13:10:12.665 [main] DEBUG org.hibernate.orm.results.loading.entity - (EntityResultInitializer) Done materializing entityInstance : org.frcpm.models.Project(22701803574700)#2
13:10:12.665 [main] DEBUG org.hibernate.orm.results.loading - Calling top-level assembler (0 / 1) : org.hibernate.sql.results.graph.entity.internal.EntityAssembler@67aaf882
13:10:12.666 [main] DEBUG org.hibernate.resource.jdbc.internal.LogicalConnectionManagedImpl - Initiating JDBC connection release from afterTransaction
13:10:12.666 [main] DEBUG org.hibernate.resource.jdbc.internal.LogicalConnectionManagedImpl - Initiating JDBC connection release from afterTransaction
13:10:12.670 [main] DEBUG org.hibernate.orm.sql.ast.create - Created new SQL alias : p1_0
13:10:12.670 [main] DEBUG org.hibernate.orm.sql.ast.create - Registration of TableGroup [StandardTableGroup(org.frcpm.models.Project(22701887395200))] with identifierForTableGroup [org.frcpm.models.Project] for NavigablePath [org.frcpm.models.Project] 
13:10:12.670 [main] DEBUG org.hibernate.orm.results.graph.AST - DomainResult Graph:
 \-EntityResultImpl [org.frcpm.models.Project(22701887395200)]
 |  +-BasicFetch [org.frcpm.models.Project(22701887395200).description]
 |  +-BasicFetch [org.frcpm.models.Project(22701887395200).goalEndDate]
 |  +-BasicFetch [org.frcpm.models.Project(22701887395200).hardDeadline]
 |  +-DelayedCollectionFetch [org.frcpm.models.Project(22701887395200).meetings]
 |  +-DelayedCollectionFetch [org.frcpm.models.Project(22701887395200).milestones]
 |  +-BasicFetch [org.frcpm.models.Project(22701887395200).name]
 |  +-BasicFetch [org.frcpm.models.Project(22701887395200).startDate]
 |  \-DelayedCollectionFetch [org.frcpm.models.Project(22701887395200).tasks]

13:10:12.670 [main] DEBUG org.hibernate.orm.sql.ast.tree - SQL AST Tree:
    SelectStatement {
      FromClause {
        StandardTableGroup (p1 : org.frcpm.models.Project(22701887395200)) {
          primaryTableReference : projects as p1_0
        }
      }
    }

13:10:12.671 [main] DEBUG org.hibernate.orm.sql.exec - Skipping reading Query result cache data: cache-enabled = false, cache-mode = NORMAL
13:10:12.671 [main] DEBUG org.hibernate.orm.results - Initializer list:
	  org.frcpm.models.Project(22701887395200) -> EntityResultInitializer(org.frcpm.models.Project(22701887395200))@1394284408 (SingleTableEntityPersister(org.frcpm.models.Project))
	  org.frcpm.models.Project(22701887395200).tasks -> DelayedCollectionInitializer(org.frcpm.models.Project(22701887395200).tasks)@248512306 (PluralAttribute(org.frcpm.models.Project.tasks))
	  org.frcpm.models.Project(22701887395200).milestones -> DelayedCollectionInitializer(org.frcpm.models.Project(22701887395200).milestones)@1013314273 (PluralAttribute(org.frcpm.models.Project.milestones))
	  org.frcpm.models.Project(22701887395200).meetings -> DelayedCollectionInitializer(org.frcpm.models.Project(22701887395200).meetings)@203717378 (PluralAttribute(org.frcpm.models.Project.meetings))

13:10:12.671 [main] DEBUG org.hibernate.SQL - 
    /* <criteria> */ select
        p1_0.id,
        p1_0.description,
        p1_0.goal_end_date,
        p1_0.hard_deadline,
        p1_0.name,
        p1_0.start_date 
    from
        projects p1_0
Hibernate: 
    /* <criteria> */ select
        p1_0.id,
        p1_0.description,
        p1_0.goal_end_date,
        p1_0.hard_deadline,
        p1_0.name,
        p1_0.start_date 
    from
        projects p1_0
13:10:12.672 [main] DEBUG org.hibernate.orm.results - Extracted JDBC value [0] - [1]
13:10:12.672 [main] DEBUG org.hibernate.orm.results.loading.entity - (EntityResultInitializer) Hydrated EntityKey (org.frcpm.models.Project(22701887395200)): 1
13:10:12.672 [main] DEBUG org.hibernate.orm.results.loading.org.hibernate.orm.results.loading.collection - (DelayedCollectionInitializer) Current row collection key : org.frcpm.models.Project(22701887395200).meetings#1
13:10:12.672 [main] DEBUG org.hibernate.orm.results.loading.org.hibernate.orm.results.loading.collection - (DelayedCollectionInitializer) Current row collection key : org.frcpm.models.Project(22701887395200).milestones#1
13:10:12.672 [main] DEBUG org.hibernate.orm.results.loading.org.hibernate.orm.results.loading.collection - (DelayedCollectionInitializer) Current row collection key : org.frcpm.models.Project(22701887395200).tasks#1
13:10:12.672 [main] DEBUG org.hibernate.orm.results.loading.entity - (EntityResultInitializer) Created new entity instance [org.frcpm.models.Project(22701887395200)#1] : 1697202759
13:10:12.672 [main] DEBUG org.hibernate.orm.results - Extracted JDBC value [1] - [null]
13:10:12.672 [main] DEBUG org.hibernate.orm.results - Extracted JDBC value [2] - [2025-05-23]
13:10:12.672 [main] DEBUG org.hibernate.orm.results - Extracted JDBC value [3] - [2025-06-06]
13:10:12.672 [main] DEBUG org.hibernate.orm.results - Extracted JDBC value [4] - [Test Base Project 1]
13:10:12.672 [main] DEBUG org.hibernate.orm.results - Extracted JDBC value [5] - [2025-04-11]
13:10:12.672 [main] DEBUG org.hibernate.orm.results.loading.entity - (EntityResultInitializer) Done materializing entityInstance : org.frcpm.models.Project(22701887395200)#1
13:10:12.672 [main] DEBUG org.hibernate.orm.results.loading - Calling top-level assembler (0 / 1) : org.hibernate.sql.results.graph.entity.internal.EntityAssembler@2eafb4e7
13:10:12.672 [main] DEBUG org.hibernate.orm.results - Extracted JDBC value [0] - [2]
13:10:12.672 [main] DEBUG org.hibernate.orm.results.loading.entity - (EntityResultInitializer) Hydrated EntityKey (org.frcpm.models.Project(22701887395200)): 2
13:10:12.673 [main] DEBUG org.hibernate.orm.results.loading.org.hibernate.orm.results.loading.collection - (DelayedCollectionInitializer) Current row collection key : org.frcpm.models.Project(22701887395200).meetings#2
13:10:12.673 [main] DEBUG org.hibernate.orm.results.loading.org.hibernate.orm.results.loading.collection - (DelayedCollectionInitializer) Current row collection key : org.frcpm.models.Project(22701887395200).milestones#2
13:10:12.673 [main] DEBUG org.hibernate.orm.results.loading.org.hibernate.orm.results.loading.collection - (DelayedCollectionInitializer) Current row collection key : org.frcpm.models.Project(22701887395200).tasks#2
13:10:12.673 [main] DEBUG org.hibernate.orm.results.loading.entity - (EntityResultInitializer) Created new entity instance [org.frcpm.models.Project(22701887395200)#2] : 839190056
13:10:12.673 [main] DEBUG org.hibernate.orm.results - Extracted JDBC value [1] - [null]
13:10:12.673 [main] DEBUG org.hibernate.orm.results - Extracted JDBC value [2] - [2025-06-06]
13:10:12.673 [main] DEBUG org.hibernate.orm.results - Extracted JDBC value [3] - [2025-06-20]
13:10:12.673 [main] DEBUG org.hibernate.orm.results - Extracted JDBC value [4] - [Test Base Project 2]
13:10:12.673 [main] DEBUG org.hibernate.orm.results - Extracted JDBC value [5] - [2025-04-18]
13:10:12.673 [main] DEBUG org.hibernate.orm.results.loading.entity - (EntityResultInitializer) Done materializing entityInstance : org.frcpm.models.Project(22701887395200)#2
13:10:12.673 [main] DEBUG org.hibernate.orm.results.loading - Calling top-level assembler (0 / 1) : org.hibernate.sql.results.graph.entity.internal.EntityAssembler@2eafb4e7
13:10:12.673 [main] DEBUG org.hibernate.resource.jdbc.internal.LogicalConnectionManagedImpl - Initiating JDBC connection release from afterTransaction
13:10:12.673 [main] DEBUG org.hibernate.resource.jdbc.internal.LogicalConnectionManagedImpl - Initiating JDBC connection release from afterTransaction
13:10:12.673 [main] DEBUG org.hibernate.engine.transaction.internal.TransactionImpl - On TransactionImpl creation, JpaCompliance#isJpaTransactionComplianceEnabled == false
13:10:12.673 [main] DEBUG org.hibernate.engine.transaction.internal.TransactionImpl - begin
13:10:12.679 [main] DEBUG org.hibernate.orm.sql.ast.create - Created new SQL alias : p1_0
13:10:12.679 [main] DEBUG org.hibernate.orm.sql.ast.create - Registration of TableGroup [StandardTableGroup(org.frcpm.models.Project)] with identifierForTableGroup [org.frcpm.models.Project] for NavigablePath [org.frcpm.models.Project] 
13:10:12.681 [main] DEBUG org.hibernate.orm.sql.ast.create - Created new SQL alias : m1_0
13:10:12.681 [main] DEBUG org.hibernate.orm.sql.ast.create - Registration of TableGroup [org.hibernate.sql.ast.tree.from.OneToManyTableGroup@16f15a4] with identifierForTableGroup [org.frcpm.models.Project.meetings] for NavigablePath [org.frcpm.models.Project.meetings] 
13:10:12.681 [main] DEBUG org.hibernate.orm.sql.ast.create - Registration of TableGroup [StandardTableGroup(org.frcpm.models.Project.meetings.{element})] with identifierForTableGroup [org.frcpm.models.Project.meetings.{element}] for NavigablePath [org.frcpm.models.Project.meetings.{element}] 
13:10:12.682 [main] DEBUG org.hibernate.orm.sql.ast.create - Registration of TableGroup [org.hibernate.sql.ast.tree.from.LazyTableGroup@21084a6d] with identifierForTableGroup [org.frcpm.models.Project.meetings.{element}.project] for NavigablePath [org.frcpm.models.Project.meetings.{element}.project] 
13:10:12.683 [main] DEBUG org.hibernate.orm.results.graph.AST - DomainResult Graph:
 \-EntityResultImpl [org.frcpm.models.Project]
 |  +-BasicFetch [org.frcpm.models.Project.description]
 |  +-BasicFetch [org.frcpm.models.Project.goalEndDate]
 |  +-BasicFetch [org.frcpm.models.Project.hardDeadline]
 |  +-EagerCollectionFetch [org.frcpm.models.Project.meetings]
 |  |  \-EntityFetchJoinedImpl [org.frcpm.models.Project.meetings.{element}]
 |  +-SelectEagerCollectionFetch [org.frcpm.models.Project.milestones]
 |  +-BasicFetch [org.frcpm.models.Project.name]
 |  +-BasicFetch [org.frcpm.models.Project.startDate]
 |  \-SelectEagerCollectionFetch [org.frcpm.models.Project.tasks]

13:10:12.683 [main] DEBUG org.hibernate.orm.sql.ast.tree - SQL AST Tree:
    SelectStatement {
      FromClause {
        StandardTableGroup (p1 : org.frcpm.models.Project) {
          primaryTableReference : projects as p1_0
          TableGroupJoins {
            left  join OneToManyTableGroup (m1 : org.frcpm.models.Project.meetings) {
              primaryTableReference : meetings as m1_0
              TableGroupJoins {
                left  join LazyTableGroup (p2 : org.frcpm.models.Project.meetings.{element}.project) {
                }
              }
            }
          }
        }
      }
    }

13:10:12.686 [main] DEBUG org.hibernate.orm.sql.exec - Skipping reading Query result cache data: cache-enabled = false, cache-mode = IGNORE
13:10:12.688 [main] DEBUG org.hibernate.orm.results - Initializer list:
	  org.frcpm.models.Project.meetings -> BagInitializer(org.frcpm.models.Project.meetings)@1172953975 (PluralAttribute(org.frcpm.models.Project.meetings))
	  org.frcpm.models.Project.tasks -> SelectEagerCollectionInitializer(org.frcpm.models.Project.tasks)@1821576830 (PluralAttribute(org.frcpm.models.Project.tasks))
	  org.frcpm.models.Project.meetings.{element} -> EntityJoinedFetchInitializer(org.frcpm.models.Project.meetings.{element})@2120859512 (EntityCollectionPart(org.frcpm.models.Project.meetings#{element})@617650120)
	  org.frcpm.models.Project.meetings.{element}.attendances -> SelectEagerCollectionInitializer(org.frcpm.models.Project.meetings.{element}.attendances)@795464262 (PluralAttribute(org.frcpm.models.Meeting.attendances))
	  org.frcpm.models.Project -> EntityResultInitializer(org.frcpm.models.Project)@1543358763 (SingleTableEntityPersister(org.frcpm.models.Project))
	  org.frcpm.models.Project.milestones -> SelectEagerCollectionInitializer(org.frcpm.models.Project.milestones)@1759260499 (PluralAttribute(org.frcpm.models.Project.milestones))

13:10:12.688 [main] DEBUG org.hibernate.SQL - 
    select
        p1_0.id,
        p1_0.description,
        p1_0.goal_end_date,
        p1_0.hard_deadline,
        p1_0.name,
        p1_0.start_date,
        m1_0.project_id,
        m1_0.id,
        m1_0.date,
        m1_0.end_time,
        m1_0.notes,
        m1_0.start_time 
    from
        projects p1_0 
    left join
        meetings m1_0 
            on p1_0.id=m1_0.project_id 
    where
        p1_0.id=?
Hibernate: 
    select
        p1_0.id,
        p1_0.description,
        p1_0.goal_end_date,
        p1_0.hard_deadline,
        p1_0.name,
        p1_0.start_date,
        m1_0.project_id,
        m1_0.id,
        m1_0.date,
        m1_0.end_time,
        m1_0.notes,
        m1_0.start_time 
    from
        projects p1_0 
    left join
        meetings m1_0 
            on p1_0.id=m1_0.project_id 
    where
        p1_0.id=?
13:10:12.690 [main] DEBUG org.hibernate.orm.results.loading.entity - (EntityResultInitializer) Hydrated EntityKey (org.frcpm.models.Project): 1
13:10:12.690 [main] DEBUG org.hibernate.orm.results.loading.org.hibernate.orm.results.loading.collection - (BagInitializer) Current row collection key : org.frcpm.models.Project.meetings#1
13:10:12.690 [main] DEBUG org.hibernate.orm.results - Extracted JDBC value [6] - [null]
13:10:12.690 [main] DEBUG org.hibernate.orm.results - Extracted JDBC value [7] - [null]
13:10:12.690 [main] DEBUG org.hibernate.orm.results.loading.entity - (EntityJoinedFetchInitializer) EntityKey (org.frcpm.models.Project.meetings.{element}) is null
13:10:12.690 [main] DEBUG org.hibernate.orm.results.loading.org.hibernate.orm.results.loading.collection - (SelectEagerCollectionInitializer) Current row collection key : org.frcpm.models.Project.milestones#1
13:10:12.690 [main] DEBUG org.hibernate.orm.results.loading.org.hibernate.orm.results.loading.collection - (SelectEagerCollectionInitializer) Current row collection key : org.frcpm.models.Project.tasks#1
13:10:12.690 [main] DEBUG org.hibernate.orm.results.loading.entity - (EntityResultInitializer) Created new entity instance [org.frcpm.models.Project#1] : 1963663371
13:10:12.690 [main] DEBUG org.hibernate.orm.results.loading.org.hibernate.orm.results.loading.collection - (BagInitializer) Created new collection wrapper [org.frcpm.models.Project.meetings#1] : org.hibernate.collection.spi.PersistentBag@1439007204
13:10:12.692 [main] DEBUG org.hibernate.orm.results.loading.org.hibernate.orm.results.loading.collection - (BagInitializer) Responsible for loading collection [org.frcpm.models.Project.meetings#1] : org.hibernate.collection.spi.PersistentBag@1439007204
13:10:12.692 [main] DEBUG org.hibernate.orm.results - Extracted JDBC value [1] - [null]
13:10:12.692 [main] DEBUG org.hibernate.orm.results - Extracted JDBC value [2] - [2025-05-23]
13:10:12.692 [main] DEBUG org.hibernate.orm.results - Extracted JDBC value [3] - [2025-06-06]
13:10:12.692 [main] DEBUG org.hibernate.orm.results - Extracted JDBC value [4] - [Test Base Project 1]
13:10:12.692 [main] DEBUG org.hibernate.orm.results - Extracted JDBC value [5] - [2025-04-11]
13:10:12.692 [main] DEBUG org.hibernate.orm.results.loading.entity - (EntityResultInitializer) Done materializing entityInstance : org.frcpm.models.Project#1
13:10:12.692 [main] DEBUG org.hibernate.orm.results.loading - Calling top-level assembler (0 / 1) : org.hibernate.sql.results.graph.entity.internal.EntityAssembler@6693818c
13:10:12.692 [main] DEBUG org.hibernate.sql.results.internal.ResultsHelper - Collection fully initialized: [org.frcpm.models.Project.meetings#1]
13:10:12.695 [main] DEBUG org.hibernate.orm.sql.exec - Skipping reading Query result cache data: cache-enabled = false, cache-mode = IGNORE
13:10:12.696 [main] DEBUG org.hibernate.orm.results - Initializer list:
	  org.frcpm.models.Project.tasks.{element}.assignedTo -> DelayedCollectionInitializer(org.frcpm.models.Project.tasks.{element}.assignedTo)@292872563 (PluralAttribute(org.frcpm.models.Task.assignedTo))
	  org.frcpm.models.Project.tasks.{element}.postDependencies -> DelayedCollectionInitializer(org.frcpm.models.Project.tasks.{element}.postDependencies)@2082211986 (PluralAttribute(org.frcpm.models.Task.postDependencies))
	  org.frcpm.models.Project.tasks.{element} -> EntityJoinedFetchInitializer(org.frcpm.models.Project.tasks.{element})@393336485 (EntityCollectionPart(org.frcpm.models.Project.tasks#{element})@491894440)
	  org.frcpm.models.Project.tasks.{element}.requiredComponents -> DelayedCollectionInitializer(org.frcpm.models.Project.tasks.{element}.requiredComponents)@723038984 (PluralAttribute(org.frcpm.models.Task.requiredComponents))
	  org.frcpm.models.Project.tasks.{element}.project -> EntityDelayedFetchInitializer(org.frcpm.models.Project.tasks.{element}.project)@937195105 (ToOneAttributeMapping(NavigableRole[org.frcpm.models.Task.project])@771840705)
	  org.frcpm.models.Project.tasks.{element}.subsystem -> EntityDelayedFetchInitializer(org.frcpm.models.Project.tasks.{element}.subsystem)@1047879007 (ToOneAttributeMapping(NavigableRole[org.frcpm.models.Task.subsystem])@1343957354)
	  org.frcpm.models.Project.tasks.{element}.preDependencies -> DelayedCollectionInitializer(org.frcpm.models.Project.tasks.{element}.preDependencies)@69214838 (PluralAttribute(org.frcpm.models.Task.preDependencies))
	  org.frcpm.models.Project.tasks -> BagInitializer(org.frcpm.models.Project.tasks)@542357345 (PluralAttribute(org.frcpm.models.Project.tasks))

13:10:12.696 [main] DEBUG org.hibernate.SQL - 
    select
        t1_0.project_id,
        t1_0.id,
        t1_0.actual_duration_seconds,
        t1_0.completed,
        t1_0.description,
        t1_0.end_date,
        t1_0.estimated_duration_seconds,
        t1_0.priority,
        t1_0.progress,
        t1_0.start_date,
        t1_0.subsystem_id,
        t1_0.title 
    from
        tasks t1_0 
    where
        t1_0.project_id=?
Hibernate: 
    select
        t1_0.project_id,
        t1_0.id,
        t1_0.actual_duration_seconds,
        t1_0.completed,
        t1_0.description,
        t1_0.end_date,
        t1_0.estimated_duration_seconds,
        t1_0.priority,
        t1_0.progress,
        t1_0.start_date,
        t1_0.subsystem_id,
        t1_0.title 
    from
        tasks t1_0 
    where
        t1_0.project_id=?
13:10:12.697 [main] DEBUG org.hibernate.sql.results.internal.ResultsHelper - Collection fully initialized: [org.frcpm.models.Project.tasks#1]
13:10:12.697 [main] DEBUG org.hibernate.orm.sql.exec - Skipping reading Query result cache data: cache-enabled = false, cache-mode = IGNORE
13:10:12.697 [main] DEBUG org.hibernate.orm.results - Initializer list:
	  org.frcpm.models.Project.milestones.{element}.project -> EntityDelayedFetchInitializer(org.frcpm.models.Project.milestones.{element}.project)@951517261 (ToOneAttributeMapping(NavigableRole[org.frcpm.models.Milestone.project])@98717829)
	  org.frcpm.models.Project.milestones.{element} -> EntityJoinedFetchInitializer(org.frcpm.models.Project.milestones.{element})@1971738025 (EntityCollectionPart(org.frcpm.models.Project.milestones#{element})@1166476526)
	  org.frcpm.models.Project.milestones -> BagInitializer(org.frcpm.models.Project.milestones)@1169346939 (PluralAttribute(org.frcpm.models.Project.milestones))

13:10:12.697 [main] DEBUG org.hibernate.SQL - 
    select
        m1_0.project_id,
        m1_0.id,
        m1_0.date,
        m1_0.description,
        m1_0.name 
    from
        milestones m1_0 
    where
        m1_0.project_id=?
Hibernate: 
    select
        m1_0.project_id,
        m1_0.id,
        m1_0.date,
        m1_0.description,
        m1_0.name 
    from
        milestones m1_0 
    where
        m1_0.project_id=?
13:10:12.698 [main] DEBUG org.hibernate.sql.results.internal.ResultsHelper - Collection fully initialized: [org.frcpm.models.Project.milestones#1]
13:10:12.700 [main] DEBUG org.hibernate.engine.transaction.internal.TransactionImpl - committing
13:10:12.700 [main] DEBUG org.hibernate.event.internal.AbstractFlushingEventListener - Processing flush-time cascades
13:10:12.700 [main] DEBUG org.hibernate.event.internal.AbstractFlushingEventListener - Dirty checking collections
13:10:12.700 [main] DEBUG org.hibernate.engine.internal.Collections - Collection dereferenced: [org.frcpm.models.Project.meetings#1]
13:10:12.700 [main] DEBUG org.hibernate.engine.internal.Collections - Collection dereferenced: [org.frcpm.models.Project.milestones#1]
13:10:12.700 [main] DEBUG org.hibernate.engine.internal.Collections - Collection dereferenced: [org.frcpm.models.Project.tasks#1]
13:10:12.701 [main] DEBUG org.hibernate.event.internal.AbstractFlushingEventListener - Flushed: 0 insertions, 0 updates, 1 deletions to 1 objects
13:10:12.701 [main] DEBUG org.hibernate.event.internal.AbstractFlushingEventListener - Flushed: 0 (re)creations, 0 updates, 3 removals to 3 collections
13:10:12.701 [main] DEBUG org.hibernate.internal.util.EntityPrinter - Listing entities:
13:10:12.701 [main] DEBUG org.hibernate.internal.util.EntityPrinter - org.frcpm.models.Project{hardDeadline=2025-06-06, name=Test Base Project 1, description=null, meetings=[], id=1, goalEndDate=2025-05-23, milestones=[], startDate=2025-04-11, tasks=[]}
13:10:12.706 [main] DEBUG org.hibernate.SQL - 
    /* delete for org.frcpm.models.Project */delete 
    from
        projects 
    where
        id=?
Hibernate: 
    /* delete for org.frcpm.models.Project */delete 
    from
        projects 
    where
        id=?
13:10:12.709 [main] DEBUG org.hibernate.orm.jdbc.batch - PreparedStatementDetails did not contain PreparedStatement on #releaseStatements : /* delete for org.frcpm.models.Project */delete from projects where id=?
13:10:12.709 [main] DEBUG org.hibernate.orm.jdbc.batch - PreparedStatementDetails did not contain PreparedStatement on #releaseStatements : /* delete for org.frcpm.models.Project */delete from projects where id=?
13:10:12.709 [main] DEBUG org.hibernate.resource.jdbc.internal.LogicalConnectionManagedImpl - Initiating JDBC connection release from afterTransaction
13:10:12.709 [main] DEBUG org.hibernate.orm.jdbc.batch - PreparedStatementDetails did not contain PreparedStatement on #releaseStatements : /* delete for org.frcpm.models.Project */delete from projects where id=?
13:10:12.709 [main] DEBUG org.hibernate.orm.jdbc.batch - PreparedStatementDetails did not contain PreparedStatement on #releaseStatements : /* delete for org.frcpm.models.Project */delete from projects where id=?
13:10:12.709 [main] DEBUG org.hibernate.resource.jdbc.internal.LogicalConnectionManagedImpl - Initiating JDBC connection release from afterTransaction
13:10:12.710 [main] DEBUG org.hibernate.engine.jdbc.internal.JdbcCoordinatorImpl - HHH000420: Closing un-released batch
13:10:12.710 [main] DEBUG org.hibernate.orm.jdbc.batch - PreparedStatementDetails did not contain PreparedStatement on #releaseStatements : /* delete for org.frcpm.models.Project */delete from projects where id=?
13:10:12.710 [main] DEBUG org.hibernate.orm.jdbc.batch - PreparedStatementDetails did not contain PreparedStatement on #releaseStatements : /* delete for org.frcpm.models.Project */delete from projects where id=?
13:10:12.710 [main] DEBUG org.hibernate.engine.transaction.internal.TransactionImpl - On TransactionImpl creation, JpaCompliance#isJpaTransactionComplianceEnabled == false
13:10:12.710 [main] DEBUG org.hibernate.engine.transaction.internal.TransactionImpl - begin
13:10:12.710 [main] DEBUG org.hibernate.orm.sql.exec - Skipping reading Query result cache data: cache-enabled = false, cache-mode = IGNORE
13:10:12.710 [main] DEBUG org.hibernate.orm.results - Initializer list:
	  org.frcpm.models.Project.meetings -> BagInitializer(org.frcpm.models.Project.meetings)@284394658 (PluralAttribute(org.frcpm.models.Project.meetings))
	  org.frcpm.models.Project.tasks -> SelectEagerCollectionInitializer(org.frcpm.models.Project.tasks)@1476061457 (PluralAttribute(org.frcpm.models.Project.tasks))
	  org.frcpm.models.Project.meetings.{element} -> EntityJoinedFetchInitializer(org.frcpm.models.Project.meetings.{element})@1386265672 (EntityCollectionPart(org.frcpm.models.Project.meetings#{element})@617650120)
	  org.frcpm.models.Project.meetings.{element}.attendances -> SelectEagerCollectionInitializer(org.frcpm.models.Project.meetings.{element}.attendances)@680794728 (PluralAttribute(org.frcpm.models.Meeting.attendances))
	  org.frcpm.models.Project -> EntityResultInitializer(org.frcpm.models.Project)@617504076 (SingleTableEntityPersister(org.frcpm.models.Project))
	  org.frcpm.models.Project.milestones -> SelectEagerCollectionInitializer(org.frcpm.models.Project.milestones)@620534437 (PluralAttribute(org.frcpm.models.Project.milestones))

13:10:12.711 [main] DEBUG org.hibernate.SQL - 
    select
        p1_0.id,
        p1_0.description,
        p1_0.goal_end_date,
        p1_0.hard_deadline,
        p1_0.name,
        p1_0.start_date,
        m1_0.project_id,
        m1_0.id,
        m1_0.date,
        m1_0.end_time,
        m1_0.notes,
        m1_0.start_time 
    from
        projects p1_0 
    left join
        meetings m1_0 
            on p1_0.id=m1_0.project_id 
    where
        p1_0.id=?
Hibernate: 
    select
        p1_0.id,
        p1_0.description,
        p1_0.goal_end_date,
        p1_0.hard_deadline,
        p1_0.name,
        p1_0.start_date,
        m1_0.project_id,
        m1_0.id,
        m1_0.date,
        m1_0.end_time,
        m1_0.notes,
        m1_0.start_time 
    from
        projects p1_0 
    left join
        meetings m1_0 
            on p1_0.id=m1_0.project_id 
    where
        p1_0.id=?
13:10:12.711 [main] DEBUG org.hibernate.orm.results.loading.entity - (EntityResultInitializer) Hydrated EntityKey (org.frcpm.models.Project): 2
13:10:12.711 [main] DEBUG org.hibernate.orm.results.loading.org.hibernate.orm.results.loading.collection - (BagInitializer) Current row collection key : org.frcpm.models.Project.meetings#2
13:10:12.711 [main] DEBUG org.hibernate.orm.results - Extracted JDBC value [6] - [null]
13:10:12.711 [main] DEBUG org.hibernate.orm.results - Extracted JDBC value [7] - [null]
13:10:12.711 [main] DEBUG org.hibernate.orm.results.loading.entity - (EntityJoinedFetchInitializer) EntityKey (org.frcpm.models.Project.meetings.{element}) is null
13:10:12.711 [main] DEBUG org.hibernate.orm.results.loading.org.hibernate.orm.results.loading.collection - (SelectEagerCollectionInitializer) Current row collection key : org.frcpm.models.Project.milestones#2
13:10:12.712 [main] DEBUG org.hibernate.orm.results.loading.org.hibernate.orm.results.loading.collection - (SelectEagerCollectionInitializer) Current row collection key : org.frcpm.models.Project.tasks#2
13:10:12.712 [main] DEBUG org.hibernate.orm.results.loading.entity - (EntityResultInitializer) Created new entity instance [org.frcpm.models.Project#2] : 760493524
13:10:12.712 [main] DEBUG org.hibernate.orm.results.loading.org.hibernate.orm.results.loading.collection - (BagInitializer) Created new collection wrapper [org.frcpm.models.Project.meetings#2] : org.hibernate.collection.spi.PersistentBag@1841150825
13:10:12.712 [main] DEBUG org.hibernate.orm.results.loading.org.hibernate.orm.results.loading.collection - (BagInitializer) Responsible for loading collection [org.frcpm.models.Project.meetings#2] : org.hibernate.collection.spi.PersistentBag@1841150825
13:10:12.712 [main] DEBUG org.hibernate.orm.results - Extracted JDBC value [1] - [null]
13:10:12.712 [main] DEBUG org.hibernate.orm.results - Extracted JDBC value [2] - [2025-06-06]
13:10:12.712 [main] DEBUG org.hibernate.orm.results - Extracted JDBC value [3] - [2025-06-20]
13:10:12.712 [main] DEBUG org.hibernate.orm.results - Extracted JDBC value [4] - [Test Base Project 2]
13:10:12.712 [main] DEBUG org.hibernate.orm.results - Extracted JDBC value [5] - [2025-04-18]
13:10:12.712 [main] DEBUG org.hibernate.orm.results.loading.entity - (EntityResultInitializer) Done materializing entityInstance : org.frcpm.models.Project#2
13:10:12.712 [main] DEBUG org.hibernate.orm.results.loading - Calling top-level assembler (0 / 1) : org.hibernate.sql.results.graph.entity.internal.EntityAssembler@116efe65
13:10:12.712 [main] DEBUG org.hibernate.sql.results.internal.ResultsHelper - Collection fully initialized: [org.frcpm.models.Project.meetings#2]
13:10:12.713 [main] DEBUG org.hibernate.orm.sql.exec - Skipping reading Query result cache data: cache-enabled = false, cache-mode = IGNORE
13:10:12.713 [main] DEBUG org.hibernate.orm.results - Initializer list:
	  org.frcpm.models.Project.tasks.{element}.assignedTo -> DelayedCollectionInitializer(org.frcpm.models.Project.tasks.{element}.assignedTo)@294156754 (PluralAttribute(org.frcpm.models.Task.assignedTo))
	  org.frcpm.models.Project.tasks.{element}.postDependencies -> DelayedCollectionInitializer(org.frcpm.models.Project.tasks.{element}.postDependencies)@305775208 (PluralAttribute(org.frcpm.models.Task.postDependencies))
	  org.frcpm.models.Project.tasks.{element} -> EntityJoinedFetchInitializer(org.frcpm.models.Project.tasks.{element})@1273783938 (EntityCollectionPart(org.frcpm.models.Project.tasks#{element})@491894440)
	  org.frcpm.models.Project.tasks.{element}.requiredComponents -> DelayedCollectionInitializer(org.frcpm.models.Project.tasks.{element}.requiredComponents)@764884044 (PluralAttribute(org.frcpm.models.Task.requiredComponents))
	  org.frcpm.models.Project.tasks.{element}.project -> EntityDelayedFetchInitializer(org.frcpm.models.Project.tasks.{element}.project)@2139332293 (ToOneAttributeMapping(NavigableRole[org.frcpm.models.Task.project])@771840705)
	  org.frcpm.models.Project.tasks.{element}.subsystem -> EntityDelayedFetchInitializer(org.frcpm.models.Project.tasks.{element}.subsystem)@603273695 (ToOneAttributeMapping(NavigableRole[org.frcpm.models.Task.subsystem])@1343957354)
	  org.frcpm.models.Project.tasks.{element}.preDependencies -> DelayedCollectionInitializer(org.frcpm.models.Project.tasks.{element}.preDependencies)@193303381 (PluralAttribute(org.frcpm.models.Task.preDependencies))
	  org.frcpm.models.Project.tasks -> BagInitializer(org.frcpm.models.Project.tasks)@522511165 (PluralAttribute(org.frcpm.models.Project.tasks))

13:10:12.713 [main] DEBUG org.hibernate.SQL - 
    select
        t1_0.project_id,
        t1_0.id,
        t1_0.actual_duration_seconds,
        t1_0.completed,
        t1_0.description,
        t1_0.end_date,
        t1_0.estimated_duration_seconds,
        t1_0.priority,
        t1_0.progress,
        t1_0.start_date,
        t1_0.subsystem_id,
        t1_0.title 
    from
        tasks t1_0 
    where
        t1_0.project_id=?
Hibernate: 
    select
        t1_0.project_id,
        t1_0.id,
        t1_0.actual_duration_seconds,
        t1_0.completed,
        t1_0.description,
        t1_0.end_date,
        t1_0.estimated_duration_seconds,
        t1_0.priority,
        t1_0.progress,
        t1_0.start_date,
        t1_0.subsystem_id,
        t1_0.title 
    from
        tasks t1_0 
    where
        t1_0.project_id=?
13:10:12.713 [main] DEBUG org.hibernate.sql.results.internal.ResultsHelper - Collection fully initialized: [org.frcpm.models.Project.tasks#2]
13:10:12.713 [main] DEBUG org.hibernate.orm.sql.exec - Skipping reading Query result cache data: cache-enabled = false, cache-mode = IGNORE
13:10:12.714 [main] DEBUG org.hibernate.orm.results - Initializer list:
	  org.frcpm.models.Project.milestones.{element}.project -> EntityDelayedFetchInitializer(org.frcpm.models.Project.milestones.{element}.project)@1362881676 (ToOneAttributeMapping(NavigableRole[org.frcpm.models.Milestone.project])@98717829)
	  org.frcpm.models.Project.milestones.{element} -> EntityJoinedFetchInitializer(org.frcpm.models.Project.milestones.{element})@1765724317 (EntityCollectionPart(org.frcpm.models.Project.milestones#{element})@1166476526)
	  org.frcpm.models.Project.milestones -> BagInitializer(org.frcpm.models.Project.milestones)@83657059 (PluralAttribute(org.frcpm.models.Project.milestones))

13:10:12.714 [main] DEBUG org.hibernate.SQL - 
    select
        m1_0.project_id,
        m1_0.id,
        m1_0.date,
        m1_0.description,
        m1_0.name 
    from
        milestones m1_0 
    where
        m1_0.project_id=?
Hibernate: 
    select
        m1_0.project_id,
        m1_0.id,
        m1_0.date,
        m1_0.description,
        m1_0.name 
    from
        milestones m1_0 
    where
        m1_0.project_id=?
13:10:12.714 [main] DEBUG org.hibernate.sql.results.internal.ResultsHelper - Collection fully initialized: [org.frcpm.models.Project.milestones#2]
13:10:12.715 [main] DEBUG org.hibernate.engine.transaction.internal.TransactionImpl - committing
13:10:12.715 [main] DEBUG org.hibernate.event.internal.AbstractFlushingEventListener - Processing flush-time cascades
13:10:12.715 [main] DEBUG org.hibernate.event.internal.AbstractFlushingEventListener - Dirty checking collections
13:10:12.715 [main] DEBUG org.hibernate.engine.internal.Collections - Collection dereferenced: [org.frcpm.models.Project.meetings#2]
13:10:12.715 [main] DEBUG org.hibernate.engine.internal.Collections - Collection dereferenced: [org.frcpm.models.Project.milestones#2]
13:10:12.715 [main] DEBUG org.hibernate.engine.internal.Collections - Collection dereferenced: [org.frcpm.models.Project.tasks#2]
13:10:12.715 [main] DEBUG org.hibernate.event.internal.AbstractFlushingEventListener - Flushed: 0 insertions, 0 updates, 1 deletions to 1 objects
13:10:12.715 [main] DEBUG org.hibernate.event.internal.AbstractFlushingEventListener - Flushed: 0 (re)creations, 0 updates, 3 removals to 3 collections
13:10:12.715 [main] DEBUG org.hibernate.internal.util.EntityPrinter - Listing entities:
13:10:12.715 [main] DEBUG org.hibernate.internal.util.EntityPrinter - org.frcpm.models.Project{hardDeadline=2025-06-20, name=Test Base Project 2, description=null, meetings=[], id=2, goalEndDate=2025-06-06, milestones=[], startDate=2025-04-18, tasks=[]}
13:10:12.716 [main] DEBUG org.hibernate.SQL - 
    /* delete for org.frcpm.models.Project */delete 
    from
        projects 
    where
        id=?
Hibernate: 
    /* delete for org.frcpm.models.Project */delete 
    from
        projects 
    where
        id=?
13:10:12.716 [main] DEBUG org.hibernate.orm.jdbc.batch - PreparedStatementDetails did not contain PreparedStatement on #releaseStatements : /* delete for org.frcpm.models.Project */delete from projects where id=?
13:10:12.717 [main] DEBUG org.hibernate.orm.jdbc.batch - PreparedStatementDetails did not contain PreparedStatement on #releaseStatements : /* delete for org.frcpm.models.Project */delete from projects where id=?
13:10:12.717 [main] DEBUG org.hibernate.resource.jdbc.internal.LogicalConnectionManagedImpl - Initiating JDBC connection release from afterTransaction
13:10:12.717 [main] DEBUG org.hibernate.orm.jdbc.batch - PreparedStatementDetails did not contain PreparedStatement on #releaseStatements : /* delete for org.frcpm.models.Project */delete from projects where id=?
13:10:12.717 [main] DEBUG org.hibernate.orm.jdbc.batch - PreparedStatementDetails did not contain PreparedStatement on #releaseStatements : /* delete for org.frcpm.models.Project */delete from projects where id=?
13:10:12.718 [main] DEBUG org.hibernate.resource.jdbc.internal.LogicalConnectionManagedImpl - Initiating JDBC connection release from afterTransaction
13:10:12.718 [main] DEBUG org.hibernate.engine.jdbc.internal.JdbcCoordinatorImpl - HHH000420: Closing un-released batch
13:10:12.718 [main] DEBUG org.hibernate.orm.jdbc.batch - PreparedStatementDetails did not contain PreparedStatement on #releaseStatements : /* delete for org.frcpm.models.Project */delete from projects where id=?
13:10:12.718 [main] DEBUG org.hibernate.orm.jdbc.batch - PreparedStatementDetails did not contain PreparedStatement on #releaseStatements : /* delete for org.frcpm.models.Project */delete from projects where id=?
13:10:12.718 [main] DEBUG org.hibernate.internal.SessionFactoryImpl - HHH000031: Closing
13:10:12.718 [main] DEBUG org.hibernate.tool.schema.internal.SchemaDropperImpl$DelayedDropActionImpl - HHH000477: Starting delayed evictData of schema as part of SessionFactory shut-down'
13:10:12.719 [main] DEBUG org.hibernate.SQL - 
    drop table if exists attendances cascade 
Hibernate: 
    drop table if exists attendances cascade 
13:10:12.725 [main] DEBUG org.hibernate.SQL - 
    drop table if exists components cascade 
Hibernate: 
    drop table if exists components cascade 
13:10:12.726 [main] DEBUG org.hibernate.SQL - 
    drop table if exists meetings cascade 
Hibernate: 
    drop table if exists meetings cascade 
13:10:12.727 [main] DEBUG org.hibernate.SQL - 
    drop table if exists milestones cascade 
Hibernate: 
    drop table if exists milestones cascade 
13:10:12.728 [main] DEBUG org.hibernate.SQL - 
    drop table if exists projects cascade 
Hibernate: 
    drop table if exists projects cascade 
13:10:12.728 [main] DEBUG org.hibernate.SQL - 
    drop table if exists subsystems cascade 
Hibernate: 
    drop table if exists subsystems cascade 
13:10:12.729 [main] DEBUG org.hibernate.SQL - 
    drop table if exists subteams cascade 
Hibernate: 
    drop table if exists subteams cascade 
13:10:12.731 [main] DEBUG org.hibernate.SQL - 
    drop table if exists task_assignments cascade 
Hibernate: 
    drop table if exists task_assignments cascade 
13:10:12.731 [main] DEBUG org.hibernate.SQL - 
    drop table if exists task_components cascade 
Hibernate: 
    drop table if exists task_components cascade 
13:10:12.732 [main] DEBUG org.hibernate.SQL - 
    drop table if exists task_dependencies cascade 
Hibernate: 
    drop table if exists task_dependencies cascade 
13:10:12.733 [main] DEBUG org.hibernate.SQL - 
    drop table if exists tasks cascade 
Hibernate: 
    drop table if exists tasks cascade 
13:10:12.733 [main] DEBUG org.hibernate.SQL - 
    drop table if exists team_members cascade 
Hibernate: 
    drop table if exists team_members cascade 
13:10:12.735 [main] DEBUG org.hibernate.type.spi.TypeConfiguration$Scope - Un-scoping TypeConfiguration [org.hibernate.type.spi.TypeConfiguration$Scope@15a5cc6e] from SessionFactory [org.hibernate.internal.SessionFactoryImpl@603faaad]
13:10:12.735 [main] DEBUG org.hibernate.service.internal.AbstractServiceRegistryImpl - Implicitly destroying ServiceRegistry on de-registration of all child ServiceRegistries
13:10:12.735 [main] INFO com.zaxxer.hikari.HikariDataSource - FRC-PM-HikariCP - Shutdown initiated...
13:10:12.735 [main] DEBUG com.zaxxer.hikari.pool.HikariPool - FRC-PM-HikariCP - Before shutdown stats (total=2, active=0, idle=2, waiting=0)
13:10:12.739 [FRC-PM-HikariCP connection closer] DEBUG com.zaxxer.hikari.pool.PoolBase - FRC-PM-HikariCP - Closing connection conn5: url=jdbc:h2:mem:testdb user=SA: (connection evicted)
13:10:12.740 [FRC-PM-HikariCP connection closer] DEBUG com.zaxxer.hikari.pool.PoolBase - FRC-PM-HikariCP - Closing connection conn6: url=jdbc:h2:mem:testdb user=SA: (connection evicted)
13:10:12.740 [main] DEBUG com.zaxxer.hikari.pool.HikariPool - FRC-PM-HikariCP - After shutdown stats (total=0, active=0, idle=0, waiting=0)
13:10:12.740 [main] INFO com.zaxxer.hikari.HikariDataSource - FRC-PM-HikariCP - Shutdown completed.
13:10:12.740 [main] DEBUG org.hibernate.boot.registry.internal.BootstrapServiceRegistryImpl - Implicitly destroying Boot-strap registry on de-registration of all child ServiceRegistries
13:10:12.740 [main] INFO com.zaxxer.hikari.HikariDataSource - frcpm-hikari-pool - Shutdown initiated...
13:10:12.740 [main] DEBUG com.zaxxer.hikari.pool.HikariPool - frcpm-hikari-pool - Before shutdown stats (total=5, active=0, idle=5, waiting=0)
13:10:12.741 [frcpm-hikari-pool connection closer] DEBUG com.zaxxer.hikari.pool.PoolBase - frcpm-hikari-pool - Closing connection conn0: url=jdbc:h2:mem:testdb user=SA: (connection evicted)
13:10:12.741 [frcpm-hikari-pool connection closer] DEBUG com.zaxxer.hikari.pool.PoolBase - frcpm-hikari-pool - Closing connection conn1: url=jdbc:h2:mem:testdb user=SA: (connection evicted)
13:10:12.741 [frcpm-hikari-pool connection closer] DEBUG com.zaxxer.hikari.pool.PoolBase - frcpm-hikari-pool - Closing connection conn2: url=jdbc:h2:mem:testdb user=SA: (connection evicted)
13:10:12.741 [frcpm-hikari-pool connection closer] DEBUG com.zaxxer.hikari.pool.PoolBase - frcpm-hikari-pool - Closing connection conn3: url=jdbc:h2:mem:testdb user=SA: (connection evicted)
13:10:12.741 [frcpm-hikari-pool connection closer] DEBUG com.zaxxer.hikari.pool.PoolBase - frcpm-hikari-pool - Closing connection conn4: url=jdbc:h2:mem:testdb user=SA: (connection evicted)
13:10:12.741 [main] DEBUG com.zaxxer.hikari.pool.HikariPool - frcpm-hikari-pool - After shutdown stats (total=0, active=0, idle=0, waiting=0)
13:10:12.741 [main] INFO com.zaxxer.hikari.HikariDataSource - frcpm-hikari-pool - Shutdown completed.
]]></system-out>
    <system-err><![CDATA[WARNING: A Java agent has been loaded dynamically (C:\Users\dhiebert\.m2\repository\net\bytebuddy\byte-buddy-agent\1.14.11\byte-buddy-agent-1.14.11.jar)
WARNING: If a serviceability tool is in use, please run with -XX:+EnableDynamicAgentLoading to hide this warning
WARNING: If a serviceability tool is not in use, please run with -Djdk.instrument.traceUsage for more information
WARNING: Dynamic loading of agents will be disallowed by default in a future release
Apr 11, 2025 1:10:09 PM org.frcpm.config.DatabaseConfig initialize
INFO: Initializing database configuration...
Apr 11, 2025 1:10:09 PM org.frcpm.config.DatabaseConfig initialize
INFO: Using JDBC URL: jdbc:h2:mem:testdb;DB_CLOSE_DELAY=-1
Apr 11, 2025 1:10:12 PM org.frcpm.config.DatabaseConfig initialize
INFO: Database configuration initialized successfully
Apr 11, 2025 1:10:12 PM org.frcpm.config.DatabaseConfig shutdown
INFO: Database configuration shut down
]]></system-err>
  </testcase>
  <testcase name="testCount" classname="org.frcpm.repositories.impl.JpaRepositoryImplTest" time="0.48">
    <system-out><![CDATA[13:10:12.764 [main] DEBUG com.zaxxer.hikari.HikariConfig - Driver class org.h2.Driver found in Thread context class loader jdk.internal.loader.ClassLoaders$AppClassLoader@70dea4e
13:10:12.764 [main] DEBUG com.zaxxer.hikari.HikariConfig - frcpm-hikari-pool - configuration:
13:10:12.765 [main] DEBUG com.zaxxer.hikari.HikariConfig - allowPoolSuspension.............false
13:10:12.765 [main] DEBUG com.zaxxer.hikari.HikariConfig - autoCommit......................true
13:10:12.766 [main] DEBUG com.zaxxer.hikari.HikariConfig - catalog.........................none
13:10:12.766 [main] DEBUG com.zaxxer.hikari.HikariConfig - connectionInitSql...............none
13:10:12.766 [main] DEBUG com.zaxxer.hikari.HikariConfig - connectionTestQuery.............none
13:10:12.766 [main] DEBUG com.zaxxer.hikari.HikariConfig - connectionTimeout...............30000
13:10:12.766 [main] DEBUG com.zaxxer.hikari.HikariConfig - dataSource......................none
13:10:12.766 [main] DEBUG com.zaxxer.hikari.HikariConfig - dataSourceClassName.............none
13:10:12.766 [main] DEBUG com.zaxxer.hikari.HikariConfig - dataSourceJNDI..................none
13:10:12.766 [main] DEBUG com.zaxxer.hikari.HikariConfig - dataSourceProperties............{password=<masked>}
13:10:12.766 [main] DEBUG com.zaxxer.hikari.HikariConfig - driverClassName................."org.h2.Driver"
13:10:12.766 [main] DEBUG com.zaxxer.hikari.HikariConfig - exceptionOverrideClassName......none
13:10:12.766 [main] DEBUG com.zaxxer.hikari.HikariConfig - healthCheckProperties...........{}
13:10:12.766 [main] DEBUG com.zaxxer.hikari.HikariConfig - healthCheckRegistry.............none
13:10:12.766 [main] DEBUG com.zaxxer.hikari.HikariConfig - idleTimeout.....................30000
13:10:12.766 [main] DEBUG com.zaxxer.hikari.HikariConfig - initializationFailTimeout.......1
13:10:12.766 [main] DEBUG com.zaxxer.hikari.HikariConfig - isolateInternalQueries..........false
13:10:12.766 [main] DEBUG com.zaxxer.hikari.HikariConfig - jdbcUrl.........................jdbc:h2:mem:testdb;DB_CLOSE_DELAY=-1
13:10:12.766 [main] DEBUG com.zaxxer.hikari.HikariConfig - keepaliveTime...................0
13:10:12.766 [main] DEBUG com.zaxxer.hikari.HikariConfig - leakDetectionThreshold..........0
13:10:12.766 [main] DEBUG com.zaxxer.hikari.HikariConfig - maxLifetime.....................1800000
13:10:12.766 [main] DEBUG com.zaxxer.hikari.HikariConfig - maximumPoolSize.................10
13:10:12.766 [main] DEBUG com.zaxxer.hikari.HikariConfig - metricRegistry..................none
13:10:12.766 [main] DEBUG com.zaxxer.hikari.HikariConfig - metricsTrackerFactory...........none
13:10:12.767 [main] DEBUG com.zaxxer.hikari.HikariConfig - minimumIdle.....................5
13:10:12.767 [main] DEBUG com.zaxxer.hikari.HikariConfig - password........................<masked>
13:10:12.767 [main] DEBUG com.zaxxer.hikari.HikariConfig - poolName........................"frcpm-hikari-pool"
13:10:12.767 [main] DEBUG com.zaxxer.hikari.HikariConfig - readOnly........................false
13:10:12.767 [main] DEBUG com.zaxxer.hikari.HikariConfig - registerMbeans..................false
13:10:12.767 [main] DEBUG com.zaxxer.hikari.HikariConfig - scheduledExecutor...............none
13:10:12.767 [main] DEBUG com.zaxxer.hikari.HikariConfig - schema..........................none
13:10:12.767 [main] DEBUG com.zaxxer.hikari.HikariConfig - threadFactory...................internal
13:10:12.767 [main] DEBUG com.zaxxer.hikari.HikariConfig - transactionIsolation............default
13:10:12.767 [main] DEBUG com.zaxxer.hikari.HikariConfig - username........................"sa"
13:10:12.767 [main] DEBUG com.zaxxer.hikari.HikariConfig - validationTimeout...............5000
13:10:12.769 [main] INFO com.zaxxer.hikari.HikariDataSource - frcpm-hikari-pool - Starting...
13:10:12.771 [main] INFO com.zaxxer.hikari.pool.HikariPool - frcpm-hikari-pool - Added connection conn7: url=jdbc:h2:mem:testdb user=SA
13:10:12.771 [main] INFO com.zaxxer.hikari.HikariDataSource - frcpm-hikari-pool - Start completed.
13:10:12.776 [main] DEBUG org.hibernate.jpa.HibernatePersistenceProvider - Located and parsed 1 persistence units; checking each
13:10:12.776 [main] DEBUG org.hibernate.jpa.HibernatePersistenceProvider - Checking persistence-unit [name=frcpm, explicit-provider=org.hibernate.jpa.HibernatePersistenceProvider] against incoming persistence unit name [frcpm]
13:10:12.776 [main] DEBUG org.hibernate.jpa.boot.spi.ProviderChecker - Persistence-unit [frcpm] requested PersistenceProvider [org.hibernate.jpa.HibernatePersistenceProvider]
13:10:12.776 [main] DEBUG org.hibernate.jpa.internal.util.LogHelper - PersistenceUnitInfo [
	name: frcpm
	persistence provider classname: org.hibernate.jpa.HibernatePersistenceProvider
	classloader: null
	excludeUnlistedClasses: false
	JTA datasource: null
	Non JTA datasource: null
	Transaction type: RESOURCE_LOCAL
	PU root URL: file:/C:/Users/dhiebert/Local%20Repositories/Project%20Management%202.0/target/classes
	Shared Cache Mode: null
	Validation Mode: null
	Jar files URLs []
	Managed classes names [
		org.frcpm.models.Project
		org.frcpm.models.Subteam
		org.frcpm.models.TeamMember
		org.frcpm.models.Subsystem
		org.frcpm.models.Task
		org.frcpm.models.Component
		org.frcpm.models.Meeting
		org.frcpm.models.Attendance
		org.frcpm.models.Milestone]
	Mapping files names []
	Properties [
		hibernate.connection.handling_mode: DELAYED_ACQUISITION_AND_RELEASE_AFTER_STATEMENT
		jakarta.persistence.jdbc.url: jdbc:h2:mem:testdb;DB_CLOSE_DELAY=-1
		hibernate.jdbc.batch_versioned_data: true
		hibernate.cache.use_second_level_cache: false
		hibernate.show_sql: true
		jakarta.persistence.jdbc.driver: org.h2.Driver
		hibernate.jdbc.batch_size: 30
		jakarta.persistence.jdbc.user: sa
		hibernate.generate_statistics: false
		hibernate.hbm2ddl.auto: create-drop
		hibernate.cache.use_query_cache: false
		hibernate.hikari.maximumPoolSize: 10
		hibernate.hikari.idleTimeout: 30000
		hibernate.format_sql: true
		hibernate.hikari.minimumIdle: 2
		hibernate.use_sql_comments: true
		hibernate.order_inserts: true
		hibernate.current_session_context_class: thread
		hibernate.connection.provider_class: org.hibernate.hikaricp.internal.HikariCPConnectionProvider
		hibernate.hikari.connectionTimeout: 10000
		hibernate.hikari.poolName: FRC-PM-HikariCP
		hibernate.order_updates: true
		hibernate.dialect: org.hibernate.dialect.H2Dialect
		jakarta.persistence.jdbc.password: ]
13:10:12.777 [main] DEBUG org.hibernate.integrator.internal.IntegratorServiceImpl - Adding Integrator [org.hibernate.boot.beanvalidation.BeanValidationIntegrator].
13:10:12.777 [main] DEBUG org.hibernate.integrator.internal.IntegratorServiceImpl - Adding Integrator [org.hibernate.cache.internal.CollectionCacheInvalidator].
13:10:12.780 [main] DEBUG org.hibernate.orm.idgen.factory - Ignoring CDI for resolving IdentifierGenerator instances as extended or delayed CDI support was enabled
13:10:12.780 [main] DEBUG org.hibernate.orm.idgen.factory - Registering IdentifierGenerator strategy [uuid2] -> [org.hibernate.id.UUIDGenerator]
13:10:12.780 [main] DEBUG org.hibernate.orm.idgen.factory - Registering IdentifierGenerator strategy [guid] -> [org.hibernate.id.GUIDGenerator]
13:10:12.780 [main] DEBUG org.hibernate.orm.idgen.factory - Registering IdentifierGenerator strategy [uuid] -> [org.hibernate.id.UUIDHexGenerator]
13:10:12.780 [main] DEBUG org.hibernate.orm.idgen.factory - Registering IdentifierGenerator strategy [uuid.hex] -> [org.hibernate.id.UUIDHexGenerator]
13:10:12.780 [main] DEBUG org.hibernate.orm.idgen.factory - Registering IdentifierGenerator strategy [assigned] -> [org.hibernate.id.Assigned]
13:10:12.780 [main] DEBUG org.hibernate.orm.idgen.factory - Registering IdentifierGenerator strategy [identity] -> [org.hibernate.id.IdentityGenerator]
13:10:12.780 [main] DEBUG org.hibernate.orm.idgen.factory - Registering IdentifierGenerator strategy [select] -> [org.hibernate.id.SelectGenerator]
13:10:12.780 [main] DEBUG org.hibernate.orm.idgen.factory - Registering IdentifierGenerator strategy [sequence] -> [org.hibernate.id.enhanced.SequenceStyleGenerator]
13:10:12.780 [main] DEBUG org.hibernate.orm.idgen.factory - Registering IdentifierGenerator strategy [increment] -> [org.hibernate.id.IncrementGenerator]
13:10:12.780 [main] DEBUG org.hibernate.orm.idgen.factory - Registering IdentifierGenerator strategy [foreign] -> [org.hibernate.id.ForeignGenerator]
13:10:12.780 [main] DEBUG org.hibernate.orm.idgen.factory - Registering IdentifierGenerator strategy [enhanced-sequence] -> [org.hibernate.id.enhanced.SequenceStyleGenerator]
13:10:12.780 [main] DEBUG org.hibernate.orm.idgen.factory - Registering IdentifierGenerator strategy [enhanced-table] -> [org.hibernate.id.enhanced.TableGenerator]
13:10:12.780 [main] INFO org.hibernate.cache.internal.RegionFactoryInitiator - HHH000026: Second-level cache disabled
13:10:12.780 [main] DEBUG org.hibernate.type.BasicTypeRegistry - Adding type registration boolean -> org.hibernate.type.BasicTypeReference@26f46fa6
13:10:12.780 [main] DEBUG org.hibernate.type.BasicTypeRegistry - Adding type registration boolean -> org.hibernate.type.BasicTypeReference@26f46fa6
13:10:12.780 [main] DEBUG org.hibernate.type.BasicTypeRegistry - Adding type registration java.lang.Boolean -> org.hibernate.type.BasicTypeReference@26f46fa6
13:10:12.780 [main] DEBUG org.hibernate.type.BasicTypeRegistry - Adding type registration numeric_boolean -> org.hibernate.type.BasicTypeReference@227a47
13:10:12.780 [main] DEBUG org.hibernate.type.BasicTypeRegistry - Adding type registration org.hibernate.type.NumericBooleanConverter -> org.hibernate.type.BasicTypeReference@227a47
13:10:12.780 [main] DEBUG org.hibernate.type.BasicTypeRegistry - Adding type registration true_false -> org.hibernate.type.BasicTypeReference@9596ce8
13:10:12.780 [main] DEBUG org.hibernate.type.BasicTypeRegistry - Adding type registration org.hibernate.type.TrueFalseConverter -> org.hibernate.type.BasicTypeReference@9596ce8
13:10:12.780 [main] DEBUG org.hibernate.type.BasicTypeRegistry - Adding type registration yes_no -> org.hibernate.type.BasicTypeReference@75ae4a1f
13:10:12.780 [main] DEBUG org.hibernate.type.BasicTypeRegistry - Adding type registration org.hibernate.type.YesNoConverter -> org.hibernate.type.BasicTypeReference@75ae4a1f
13:10:12.780 [main] DEBUG org.hibernate.type.BasicTypeRegistry - Adding type registration byte -> org.hibernate.type.BasicTypeReference@70228253
13:10:12.780 [main] DEBUG org.hibernate.type.BasicTypeRegistry - Adding type registration byte -> org.hibernate.type.BasicTypeReference@70228253
13:10:12.780 [main] DEBUG org.hibernate.type.BasicTypeRegistry - Adding type registration java.lang.Byte -> org.hibernate.type.BasicTypeReference@70228253
13:10:12.780 [main] DEBUG org.hibernate.type.BasicTypeRegistry - Adding type registration binary -> org.hibernate.type.BasicTypeReference@63c12e52
13:10:12.780 [main] DEBUG org.hibernate.type.BasicTypeRegistry - Adding type registration byte[] -> org.hibernate.type.BasicTypeReference@63c12e52
13:10:12.780 [main] DEBUG org.hibernate.type.BasicTypeRegistry - Adding type registration [B -> org.hibernate.type.BasicTypeReference@63c12e52
13:10:12.780 [main] DEBUG org.hibernate.type.BasicTypeRegistry - Adding type registration binary_wrapper -> org.hibernate.type.BasicTypeReference@21bd20ee
13:10:12.780 [main] DEBUG org.hibernate.type.BasicTypeRegistry - Adding type registration wrapper-binary -> org.hibernate.type.BasicTypeReference@21bd20ee
13:10:12.780 [main] DEBUG org.hibernate.type.BasicTypeRegistry - Adding type registration image -> org.hibernate.type.BasicTypeReference@26c47874
13:10:12.780 [main] DEBUG org.hibernate.type.BasicTypeRegistry - Adding type registration blob -> org.hibernate.type.BasicTypeReference@421056e5
13:10:12.780 [main] DEBUG org.hibernate.type.BasicTypeRegistry - Adding type registration java.sql.Blob -> org.hibernate.type.BasicTypeReference@421056e5
13:10:12.780 [main] DEBUG org.hibernate.type.BasicTypeRegistry - Adding type registration materialized_blob -> org.hibernate.type.BasicTypeReference@2849434b
13:10:12.780 [main] DEBUG org.hibernate.type.BasicTypeRegistry - Adding type registration materialized_blob_wrapper -> org.hibernate.type.BasicTypeReference@60bbacfc
13:10:12.780 [main] DEBUG org.hibernate.type.BasicTypeRegistry - Adding type registration short -> org.hibernate.type.BasicTypeReference@65b97f47
13:10:12.780 [main] DEBUG org.hibernate.type.BasicTypeRegistry - Adding type registration short -> org.hibernate.type.BasicTypeReference@65b97f47
13:10:12.780 [main] DEBUG org.hibernate.type.BasicTypeRegistry - Adding type registration java.lang.Short -> org.hibernate.type.BasicTypeReference@65b97f47
13:10:12.780 [main] DEBUG org.hibernate.type.BasicTypeRegistry - Adding type registration integer -> org.hibernate.type.BasicTypeReference@255eaa6b
13:10:12.780 [main] DEBUG org.hibernate.type.BasicTypeRegistry - Adding type registration int -> org.hibernate.type.BasicTypeReference@255eaa6b
13:10:12.780 [main] DEBUG org.hibernate.type.BasicTypeRegistry - Adding type registration java.lang.Integer -> org.hibernate.type.BasicTypeReference@255eaa6b
13:10:12.780 [main] DEBUG org.hibernate.type.BasicTypeRegistry - Adding type registration long -> org.hibernate.type.BasicTypeReference@476fe690
13:10:12.780 [main] DEBUG org.hibernate.type.BasicTypeRegistry - Adding type registration long -> org.hibernate.type.BasicTypeReference@476fe690
13:10:12.780 [main] DEBUG org.hibernate.type.BasicTypeRegistry - Adding type registration java.lang.Long -> org.hibernate.type.BasicTypeReference@476fe690
13:10:12.780 [main] DEBUG org.hibernate.type.BasicTypeRegistry - Adding type registration float -> org.hibernate.type.BasicTypeReference@7a0e7ecd
13:10:12.780 [main] DEBUG org.hibernate.type.BasicTypeRegistry - Adding type registration float -> org.hibernate.type.BasicTypeReference@7a0e7ecd
13:10:12.780 [main] DEBUG org.hibernate.type.BasicTypeRegistry - Adding type registration java.lang.Float -> org.hibernate.type.BasicTypeReference@7a0e7ecd
13:10:12.780 [main] DEBUG org.hibernate.type.BasicTypeRegistry - Adding type registration double -> org.hibernate.type.BasicTypeReference@54e3658c
13:10:12.780 [main] DEBUG org.hibernate.type.BasicTypeRegistry - Adding type registration double -> org.hibernate.type.BasicTypeReference@54e3658c
13:10:12.780 [main] DEBUG org.hibernate.type.BasicTypeRegistry - Adding type registration java.lang.Double -> org.hibernate.type.BasicTypeReference@54e3658c
13:10:12.780 [main] DEBUG org.hibernate.type.BasicTypeRegistry - Adding type registration big_integer -> org.hibernate.type.BasicTypeReference@43e9089
13:10:12.780 [main] DEBUG org.hibernate.type.BasicTypeRegistry - Adding type registration java.math.BigInteger -> org.hibernate.type.BasicTypeReference@43e9089
13:10:12.780 [main] DEBUG org.hibernate.type.BasicTypeRegistry - Adding type registration big_decimal -> org.hibernate.type.BasicTypeReference@3c5dbdf8
13:10:12.780 [main] DEBUG org.hibernate.type.BasicTypeRegistry - Adding type registration java.math.BigDecimal -> org.hibernate.type.BasicTypeReference@3c5dbdf8
13:10:12.780 [main] DEBUG org.hibernate.type.BasicTypeRegistry - Adding type registration character -> org.hibernate.type.BasicTypeReference@352c44a8
13:10:12.780 [main] DEBUG org.hibernate.type.BasicTypeRegistry - Adding type registration char -> org.hibernate.type.BasicTypeReference@352c44a8
13:10:12.780 [main] DEBUG org.hibernate.type.BasicTypeRegistry - Adding type registration java.lang.Character -> org.hibernate.type.BasicTypeReference@352c44a8
13:10:12.780 [main] DEBUG org.hibernate.type.BasicTypeRegistry - Adding type registration character_nchar -> org.hibernate.type.BasicTypeReference@7aac8884
13:10:12.780 [main] DEBUG org.hibernate.type.BasicTypeRegistry - Adding type registration string -> org.hibernate.type.BasicTypeReference@a66e580
13:10:12.780 [main] DEBUG org.hibernate.type.BasicTypeRegistry - Adding type registration java.lang.String -> org.hibernate.type.BasicTypeReference@a66e580
13:10:12.780 [main] DEBUG org.hibernate.type.BasicTypeRegistry - Adding type registration nstring -> org.hibernate.type.BasicTypeReference@5b852b49
13:10:12.780 [main] DEBUG org.hibernate.type.BasicTypeRegistry - Adding type registration characters -> org.hibernate.type.BasicTypeReference@cdb2d95
13:10:12.780 [main] DEBUG org.hibernate.type.BasicTypeRegistry - Adding type registration char[] -> org.hibernate.type.BasicTypeReference@cdb2d95
13:10:12.780 [main] DEBUG org.hibernate.type.BasicTypeRegistry - Adding type registration [C -> org.hibernate.type.BasicTypeReference@cdb2d95
13:10:12.780 [main] DEBUG org.hibernate.type.BasicTypeRegistry - Adding type registration wrapper-characters -> org.hibernate.type.BasicTypeReference@122d6c22
13:10:12.780 [main] DEBUG org.hibernate.type.BasicTypeRegistry - Adding type registration text -> org.hibernate.type.BasicTypeReference@2f5ac102
13:10:12.780 [main] DEBUG org.hibernate.type.BasicTypeRegistry - Adding type registration ntext -> org.hibernate.type.BasicTypeReference@5df778c3
13:10:12.780 [main] DEBUG org.hibernate.type.BasicTypeRegistry - Adding type registration clob -> org.hibernate.type.BasicTypeReference@895416d
13:10:12.780 [main] DEBUG org.hibernate.type.BasicTypeRegistry - Adding type registration java.sql.Clob -> org.hibernate.type.BasicTypeReference@895416d
13:10:12.780 [main] DEBUG org.hibernate.type.BasicTypeRegistry - Adding type registration nclob -> org.hibernate.type.BasicTypeReference@71a06021
13:10:12.780 [main] DEBUG org.hibernate.type.BasicTypeRegistry - Adding type registration java.sql.NClob -> org.hibernate.type.BasicTypeReference@71a06021
13:10:12.780 [main] DEBUG org.hibernate.type.BasicTypeRegistry - Adding type registration materialized_clob -> org.hibernate.type.BasicTypeReference@80bfdc6
13:10:12.780 [main] DEBUG org.hibernate.type.BasicTypeRegistry - Adding type registration materialized_clob_char_array -> org.hibernate.type.BasicTypeReference@6edcad64
13:10:12.780 [main] DEBUG org.hibernate.type.BasicTypeRegistry - Adding type registration materialized_clob_character_array -> org.hibernate.type.BasicTypeReference@4c6007fb
13:10:12.780 [main] DEBUG org.hibernate.type.BasicTypeRegistry - Adding type registration materialized_nclob -> org.hibernate.type.BasicTypeReference@3e33d73e
13:10:12.780 [main] DEBUG org.hibernate.type.BasicTypeRegistry - Adding type registration materialized_nclob_character_array -> org.hibernate.type.BasicTypeReference@6981f8f3
13:10:12.780 [main] DEBUG org.hibernate.type.BasicTypeRegistry - Adding type registration materialized_nclob_char_array -> org.hibernate.type.BasicTypeReference@623dcf2a
13:10:12.780 [main] DEBUG org.hibernate.type.BasicTypeRegistry - Adding type registration Duration -> org.hibernate.type.BasicTypeReference@2eae4349
13:10:12.780 [main] DEBUG org.hibernate.type.BasicTypeRegistry - Adding type registration java.time.Duration -> org.hibernate.type.BasicTypeReference@2eae4349
13:10:12.780 [main] DEBUG org.hibernate.type.BasicTypeRegistry - Adding type registration LocalDateTime -> org.hibernate.type.BasicTypeReference@e84fb85
13:10:12.780 [main] DEBUG org.hibernate.type.BasicTypeRegistry - Adding type registration java.time.LocalDateTime -> org.hibernate.type.BasicTypeReference@e84fb85
13:10:12.780 [main] DEBUG org.hibernate.type.BasicTypeRegistry - Adding type registration LocalDate -> org.hibernate.type.BasicTypeReference@68a4dcc6
13:10:12.780 [main] DEBUG org.hibernate.type.BasicTypeRegistry - Adding type registration java.time.LocalDate -> org.hibernate.type.BasicTypeReference@68a4dcc6
13:10:12.780 [main] DEBUG org.hibernate.type.BasicTypeRegistry - Adding type registration LocalTime -> org.hibernate.type.BasicTypeReference@646c0a67
13:10:12.780 [main] DEBUG org.hibernate.type.BasicTypeRegistry - Adding type registration java.time.LocalTime -> org.hibernate.type.BasicTypeReference@646c0a67
13:10:12.780 [main] DEBUG org.hibernate.type.BasicTypeRegistry - Adding type registration OffsetDateTime -> org.hibernate.type.BasicTypeReference@3804a9a8
13:10:12.780 [main] DEBUG org.hibernate.type.BasicTypeRegistry - Adding type registration java.time.OffsetDateTime -> org.hibernate.type.BasicTypeReference@3804a9a8
13:10:12.780 [main] DEBUG org.hibernate.type.BasicTypeRegistry - Adding type registration OffsetDateTimeWithTimezone -> org.hibernate.type.BasicTypeReference@117525fe
13:10:12.780 [main] DEBUG org.hibernate.type.BasicTypeRegistry - Adding type registration OffsetDateTimeWithoutTimezone -> org.hibernate.type.BasicTypeReference@5f7989fa
13:10:12.780 [main] DEBUG org.hibernate.type.BasicTypeRegistry - Adding type registration OffsetTime -> org.hibernate.type.BasicTypeReference@5bc28f40
13:10:12.780 [main] DEBUG org.hibernate.type.BasicTypeRegistry - Adding type registration java.time.OffsetTime -> org.hibernate.type.BasicTypeReference@5bc28f40
13:10:12.780 [main] DEBUG org.hibernate.type.BasicTypeRegistry - Adding type registration OffsetTimeUtc -> org.hibernate.type.BasicTypeReference@46963479
13:10:12.780 [main] DEBUG org.hibernate.type.BasicTypeRegistry - Adding type registration OffsetTimeWithTimezone -> org.hibernate.type.BasicTypeReference@7e74a380
13:10:12.780 [main] DEBUG org.hibernate.type.BasicTypeRegistry - Adding type registration OffsetTimeWithoutTimezone -> org.hibernate.type.BasicTypeReference@6dd1c3ed
13:10:12.781 [main] DEBUG org.hibernate.type.BasicTypeRegistry - Adding type registration ZonedDateTime -> org.hibernate.type.BasicTypeReference@22a6e998
13:10:12.781 [main] DEBUG org.hibernate.type.BasicTypeRegistry - Adding type registration java.time.ZonedDateTime -> org.hibernate.type.BasicTypeReference@22a6e998
13:10:12.781 [main] DEBUG org.hibernate.type.BasicTypeRegistry - Adding type registration ZonedDateTimeWithTimezone -> org.hibernate.type.BasicTypeReference@55e42449
13:10:12.781 [main] DEBUG org.hibernate.type.BasicTypeRegistry - Adding type registration ZonedDateTimeWithoutTimezone -> org.hibernate.type.BasicTypeReference@e57e5d6
13:10:12.781 [main] DEBUG org.hibernate.type.BasicTypeRegistry - Adding type registration date -> org.hibernate.type.BasicTypeReference@6dfa915a
13:10:12.781 [main] DEBUG org.hibernate.type.BasicTypeRegistry - Adding type registration java.sql.Date -> org.hibernate.type.BasicTypeReference@6dfa915a
13:10:12.781 [main] DEBUG org.hibernate.type.BasicTypeRegistry - Adding type registration time -> org.hibernate.type.BasicTypeReference@78054f54
13:10:12.781 [main] DEBUG org.hibernate.type.BasicTypeRegistry - Adding type registration java.sql.Time -> org.hibernate.type.BasicTypeReference@78054f54
13:10:12.781 [main] DEBUG org.hibernate.type.BasicTypeRegistry - Adding type registration timestamp -> org.hibernate.type.BasicTypeReference@cb7fa71
13:10:12.781 [main] DEBUG org.hibernate.type.BasicTypeRegistry - Adding type registration java.sql.Timestamp -> org.hibernate.type.BasicTypeReference@cb7fa71
13:10:12.781 [main] DEBUG org.hibernate.type.BasicTypeRegistry - Adding type registration java.util.Date -> org.hibernate.type.BasicTypeReference@cb7fa71
13:10:12.781 [main] DEBUG org.hibernate.type.BasicTypeRegistry - Adding type registration calendar -> org.hibernate.type.BasicTypeReference@3dffc764
13:10:12.781 [main] DEBUG org.hibernate.type.BasicTypeRegistry - Adding type registration java.util.Calendar -> org.hibernate.type.BasicTypeReference@3dffc764
13:10:12.781 [main] DEBUG org.hibernate.type.BasicTypeRegistry - Adding type registration java.util.GregorianCalendar -> org.hibernate.type.BasicTypeReference@3dffc764
13:10:12.781 [main] DEBUG org.hibernate.type.BasicTypeRegistry - Adding type registration calendar_date -> org.hibernate.type.BasicTypeReference@4b6e1c0
13:10:12.781 [main] DEBUG org.hibernate.type.BasicTypeRegistry - Adding type registration calendar_time -> org.hibernate.type.BasicTypeReference@561b61ed
13:10:12.781 [main] DEBUG org.hibernate.type.BasicTypeRegistry - Adding type registration instant -> org.hibernate.type.BasicTypeReference@654c7d2d
13:10:12.781 [main] DEBUG org.hibernate.type.BasicTypeRegistry - Adding type registration java.time.Instant -> org.hibernate.type.BasicTypeReference@654c7d2d
13:10:12.781 [main] DEBUG org.hibernate.type.BasicTypeRegistry - Adding type registration uuid -> org.hibernate.type.BasicTypeReference@26cb5207
13:10:12.781 [main] DEBUG org.hibernate.type.BasicTypeRegistry - Adding type registration java.util.UUID -> org.hibernate.type.BasicTypeReference@26cb5207
13:10:12.781 [main] DEBUG org.hibernate.type.BasicTypeRegistry - Adding type registration pg-uuid -> org.hibernate.type.BasicTypeReference@26cb5207
13:10:12.781 [main] DEBUG org.hibernate.type.BasicTypeRegistry - Adding type registration uuid-binary -> org.hibernate.type.BasicTypeReference@15400fff
13:10:12.781 [main] DEBUG org.hibernate.type.BasicTypeRegistry - Adding type registration uuid-char -> org.hibernate.type.BasicTypeReference@18d910b3
13:10:12.781 [main] DEBUG org.hibernate.type.BasicTypeRegistry - Adding type registration class -> org.hibernate.type.BasicTypeReference@1e7ab390
13:10:12.781 [main] DEBUG org.hibernate.type.BasicTypeRegistry - Adding type registration java.lang.Class -> org.hibernate.type.BasicTypeReference@1e7ab390
13:10:12.781 [main] DEBUG org.hibernate.type.BasicTypeRegistry - Adding type registration currency -> org.hibernate.type.BasicTypeReference@77774571
13:10:12.781 [main] DEBUG org.hibernate.type.BasicTypeRegistry - Adding type registration Currency -> org.hibernate.type.BasicTypeReference@77774571
13:10:12.781 [main] DEBUG org.hibernate.type.BasicTypeRegistry - Adding type registration java.util.Currency -> org.hibernate.type.BasicTypeReference@77774571
13:10:12.781 [main] DEBUG org.hibernate.type.BasicTypeRegistry - Adding type registration locale -> org.hibernate.type.BasicTypeReference@277b8fa4
13:10:12.781 [main] DEBUG org.hibernate.type.BasicTypeRegistry - Adding type registration java.util.Locale -> org.hibernate.type.BasicTypeReference@277b8fa4
13:10:12.781 [main] DEBUG org.hibernate.type.BasicTypeRegistry - Adding type registration serializable -> org.hibernate.type.BasicTypeReference@6cd64ee8
13:10:12.781 [main] DEBUG org.hibernate.type.BasicTypeRegistry - Adding type registration java.io.Serializable -> org.hibernate.type.BasicTypeReference@6cd64ee8
13:10:12.781 [main] DEBUG org.hibernate.type.BasicTypeRegistry - Adding type registration timezone -> org.hibernate.type.BasicTypeReference@620c8641
13:10:12.781 [main] DEBUG org.hibernate.type.BasicTypeRegistry - Adding type registration java.util.TimeZone -> org.hibernate.type.BasicTypeReference@620c8641
13:10:12.781 [main] DEBUG org.hibernate.type.BasicTypeRegistry - Adding type registration ZoneOffset -> org.hibernate.type.BasicTypeReference@2f1d0bbc
13:10:12.781 [main] DEBUG org.hibernate.type.BasicTypeRegistry - Adding type registration java.time.ZoneOffset -> org.hibernate.type.BasicTypeReference@2f1d0bbc
13:10:12.781 [main] DEBUG org.hibernate.type.BasicTypeRegistry - Adding type registration url -> org.hibernate.type.BasicTypeReference@5460b754
13:10:12.781 [main] DEBUG org.hibernate.type.BasicTypeRegistry - Adding type registration java.net.URL -> org.hibernate.type.BasicTypeReference@5460b754
13:10:12.781 [main] DEBUG org.hibernate.type.BasicTypeRegistry - Adding type registration vector -> org.hibernate.type.BasicTypeReference@a9f023e
13:10:12.781 [main] DEBUG org.hibernate.type.BasicTypeRegistry - Adding type registration row_version -> org.hibernate.type.BasicTypeReference@c27a3a2
13:10:12.781 [main] DEBUG org.hibernate.type.BasicTypeRegistry - Adding type registration object -> org.hibernate.type.JavaObjectType@28da7d11
13:10:12.781 [main] DEBUG org.hibernate.type.BasicTypeRegistry - Adding type registration java.lang.Object -> org.hibernate.type.JavaObjectType@28da7d11
13:10:12.781 [main] DEBUG org.hibernate.type.BasicTypeRegistry - Adding type registration null -> org.hibernate.type.NullType@4faa298
13:10:12.781 [main] DEBUG org.hibernate.type.BasicTypeRegistry - Adding type registration imm_date -> org.hibernate.type.BasicTypeReference@4d071e4b
13:10:12.781 [main] DEBUG org.hibernate.type.BasicTypeRegistry - Adding type registration imm_time -> org.hibernate.type.BasicTypeReference@2b441609
13:10:12.781 [main] DEBUG org.hibernate.type.BasicTypeRegistry - Adding type registration imm_timestamp -> org.hibernate.type.BasicTypeReference@22f7bf36
13:10:12.781 [main] DEBUG org.hibernate.type.BasicTypeRegistry - Adding type registration imm_calendar -> org.hibernate.type.BasicTypeReference@4a3404fa
13:10:12.781 [main] DEBUG org.hibernate.type.BasicTypeRegistry - Adding type registration imm_calendar_date -> org.hibernate.type.BasicTypeReference@3fb4beb1
13:10:12.781 [main] DEBUG org.hibernate.type.BasicTypeRegistry - Adding type registration imm_calendar_time -> org.hibernate.type.BasicTypeReference@34cb1310
13:10:12.781 [main] DEBUG org.hibernate.type.BasicTypeRegistry - Adding type registration imm_binary -> org.hibernate.type.BasicTypeReference@2b5a04b0
13:10:12.781 [main] DEBUG org.hibernate.type.BasicTypeRegistry - Adding type registration imm_serializable -> org.hibernate.type.BasicTypeReference@41a3c6f5
13:10:12.781 [main] DEBUG org.hibernate.boot.internal.BootstrapContextImpl - Injecting ScanEnvironment [org.hibernate.jpa.boot.internal.StandardJpaScanEnvironmentImpl@5b78a946] into BootstrapContext; was [null]
13:10:12.781 [main] DEBUG org.hibernate.boot.internal.BootstrapContextImpl - Injecting ScanOptions [org.hibernate.boot.archive.scan.internal.StandardScanOptions@37c762aa] into BootstrapContext; was [org.hibernate.boot.archive.scan.internal.StandardScanOptions@4c438f66]
13:10:12.854 [main] DEBUG org.hibernate.boot.internal.BootstrapContextImpl - Injecting JPA temp ClassLoader [null] into BootstrapContext; was [null]
13:10:12.854 [main] DEBUG org.hibernate.boot.internal.ClassLoaderAccessImpl - ClassLoaderAccessImpl#injectTempClassLoader(null) [was null]
13:10:12.855 [main] INFO org.hibernate.engine.jdbc.connections.internal.ConnectionProviderInitiator - HHH000130: Instantiating explicit connection provider: org.hibernate.hikaricp.internal.HikariCPConnectionProvider
13:10:12.855 [main] DEBUG org.hibernate.hikaricp.internal.HikariCPConnectionProvider - Configuring HikariCP
13:10:12.855 [main] DEBUG com.zaxxer.hikari.HikariConfig - Driver class org.h2.Driver found in Thread context class loader jdk.internal.loader.ClassLoaders$AppClassLoader@70dea4e
13:10:12.855 [main] DEBUG com.zaxxer.hikari.HikariConfig - FRC-PM-HikariCP - configuration:
13:10:12.855 [main] DEBUG com.zaxxer.hikari.HikariConfig - allowPoolSuspension.............false
13:10:12.855 [main] DEBUG com.zaxxer.hikari.HikariConfig - autoCommit......................true
13:10:12.855 [main] DEBUG com.zaxxer.hikari.HikariConfig - catalog.........................none
13:10:12.855 [main] DEBUG com.zaxxer.hikari.HikariConfig - connectionInitSql...............none
13:10:12.856 [main] DEBUG com.zaxxer.hikari.HikariConfig - connectionTestQuery.............none
13:10:12.856 [main] DEBUG com.zaxxer.hikari.HikariConfig - connectionTimeout...............10000
13:10:12.856 [main] DEBUG com.zaxxer.hikari.HikariConfig - dataSource......................none
13:10:12.856 [main] DEBUG com.zaxxer.hikari.HikariConfig - dataSourceClassName.............none
13:10:12.856 [main] DEBUG com.zaxxer.hikari.HikariConfig - dataSourceJNDI..................none
13:10:12.856 [main] DEBUG com.zaxxer.hikari.HikariConfig - dataSourceProperties............{password=<masked>}
13:10:12.856 [main] DEBUG com.zaxxer.hikari.HikariConfig - driverClassName................."org.h2.Driver"
13:10:12.856 [main] DEBUG com.zaxxer.hikari.HikariConfig - exceptionOverrideClassName......none
13:10:12.856 [main] DEBUG com.zaxxer.hikari.HikariConfig - healthCheckProperties...........{}
13:10:12.856 [main] DEBUG com.zaxxer.hikari.HikariConfig - healthCheckRegistry.............none
13:10:12.856 [main] DEBUG com.zaxxer.hikari.HikariConfig - idleTimeout.....................30000
13:10:12.856 [main] DEBUG com.zaxxer.hikari.HikariConfig - initializationFailTimeout.......1
13:10:12.856 [main] DEBUG com.zaxxer.hikari.HikariConfig - isolateInternalQueries..........false
13:10:12.856 [main] DEBUG com.zaxxer.hikari.HikariConfig - jdbcUrl.........................jdbc:h2:mem:testdb;DB_CLOSE_DELAY=-1
13:10:12.856 [main] DEBUG com.zaxxer.hikari.HikariConfig - keepaliveTime...................0
13:10:12.856 [main] DEBUG com.zaxxer.hikari.HikariConfig - leakDetectionThreshold..........0
13:10:12.856 [main] DEBUG com.zaxxer.hikari.HikariConfig - maxLifetime.....................1800000
13:10:12.856 [main] DEBUG com.zaxxer.hikari.HikariConfig - maximumPoolSize.................10
13:10:12.856 [main] DEBUG com.zaxxer.hikari.HikariConfig - metricRegistry..................none
13:10:12.856 [main] DEBUG com.zaxxer.hikari.HikariConfig - metricsTrackerFactory...........none
13:10:12.856 [main] DEBUG com.zaxxer.hikari.HikariConfig - minimumIdle.....................2
13:10:12.856 [main] DEBUG com.zaxxer.hikari.HikariConfig - password........................<masked>
13:10:12.856 [main] DEBUG com.zaxxer.hikari.HikariConfig - poolName........................"FRC-PM-HikariCP"
13:10:12.856 [main] DEBUG com.zaxxer.hikari.HikariConfig - readOnly........................false
13:10:12.856 [main] DEBUG com.zaxxer.hikari.HikariConfig - registerMbeans..................false
13:10:12.856 [main] DEBUG com.zaxxer.hikari.HikariConfig - scheduledExecutor...............none
13:10:12.856 [main] DEBUG com.zaxxer.hikari.HikariConfig - schema..........................none
13:10:12.856 [main] DEBUG com.zaxxer.hikari.HikariConfig - threadFactory...................internal
13:10:12.856 [main] DEBUG com.zaxxer.hikari.HikariConfig - transactionIsolation............default
13:10:12.856 [main] DEBUG com.zaxxer.hikari.HikariConfig - username........................"sa"
13:10:12.856 [main] DEBUG com.zaxxer.hikari.HikariConfig - validationTimeout...............5000
13:10:12.856 [main] INFO com.zaxxer.hikari.HikariDataSource - FRC-PM-HikariCP - Starting...
13:10:12.857 [main] INFO com.zaxxer.hikari.pool.HikariPool - FRC-PM-HikariCP - Added connection conn8: url=jdbc:h2:mem:testdb user=SA
13:10:12.857 [main] INFO com.zaxxer.hikari.HikariDataSource - FRC-PM-HikariCP - Start completed.
13:10:12.857 [main] DEBUG org.hibernate.hikaricp.internal.HikariCPConnectionProvider - HikariCP Configured
13:10:12.857 [main] DEBUG org.hibernate.engine.jdbc.env.internal.JdbcEnvironmentInitiator - Database ->
	   name : H2
	version : 2.2.224 (2023-09-17)
	  major : 2
	  minor : 2
13:10:12.857 [main] DEBUG org.hibernate.engine.jdbc.env.internal.JdbcEnvironmentInitiator - Driver ->
	   name : H2 JDBC Driver
	version : 2.2.224 (2023-09-17)
	  major : 2
	  minor : 2
13:10:12.857 [main] DEBUG org.hibernate.engine.jdbc.env.internal.JdbcEnvironmentInitiator - JDBC version : 4.2
13:10:12.858 [main] WARN org.hibernate.orm.deprecation - HHH90000025: H2Dialect does not need to be specified explicitly using 'hibernate.dialect' (remove the property setting and it will be selected by default)
13:10:12.858 [main] DEBUG org.hibernate.orm.dialect - HHH035001: Using dialect: org.hibernate.dialect.H2Dialect, version: 2.2.224
13:10:12.858 [main] DEBUG org.hibernate.engine.jdbc.env.spi.IdentifierHelperBuilder - JDBC driver metadata reported database stores quoted identifiers in neither upper, lower nor mixed case
13:10:12.858 [main] DEBUG org.hibernate.type.descriptor.jdbc.spi.JdbcTypeRegistry - addDescriptor(NCharTypeDescriptor) replaced previous registration(CharTypeDescriptor)
13:10:12.858 [main] DEBUG org.hibernate.type.descriptor.jdbc.spi.JdbcTypeRegistry - addDescriptor(NVarcharTypeDescriptor) replaced previous registration(VarcharTypeDescriptor)
13:10:12.859 [main] DEBUG org.hibernate.type.descriptor.jdbc.spi.JdbcTypeRegistry - addDescriptor(LongNVarcharTypeDescriptor) replaced previous registration(LongVarcharTypeDescriptor)
13:10:12.859 [main] DEBUG org.hibernate.type.descriptor.jdbc.spi.JdbcTypeRegistry - addDescriptor(NClobTypeDescriptor(DEFAULT)) replaced previous registration(ClobTypeDescriptor(DEFAULT))
13:10:12.859 [main] DEBUG org.hibernate.type.descriptor.jdbc.spi.JdbcTypeRegistry - addDescriptor(2005, ClobTypeDescriptor(STREAM_BINDING)) replaced previous registration(ClobTypeDescriptor(DEFAULT))
13:10:12.859 [main] DEBUG org.hibernate.type.descriptor.jdbc.spi.JdbcTypeRegistry - addDescriptor(TimestampUtcDescriptor) replaced previous registration(TimestampUtcDescriptor)
13:10:12.859 [main] DEBUG org.hibernate.type.BasicTypeRegistry - Adding type registration org.hibernate.type.DurationType -> basicType@24(java.time.Duration,3015)
13:10:12.859 [main] DEBUG org.hibernate.type.BasicTypeRegistry - Adding type registration Duration -> basicType@24(java.time.Duration,3015)
13:10:12.859 [main] DEBUG org.hibernate.type.BasicTypeRegistry - Adding type registration java.time.Duration -> basicType@24(java.time.Duration,3015)
13:10:12.859 [main] DEBUG org.hibernate.type.spi.TypeConfiguration$Scope - Scoping TypeConfiguration [org.hibernate.type.spi.TypeConfiguration@332fc35c] to MetadataBuildingContext [org.hibernate.boot.internal.MetadataBuildingContextRootImpl@35c69e6b]
13:10:12.859 [main] DEBUG org.hibernate.boot.model.relational.Namespace - Created database namespace [logicalName=Name{catalog=null, schema=null}, physicalName=Name{catalog=null, schema=null}]
13:10:12.860 [main] DEBUG org.hibernate.boot.model.internal.EntityBinder - Binding entity from annotated class: org.frcpm.models.Attendance
13:10:12.860 [main] DEBUG org.hibernate.boot.model.internal.EntityBinder - Import with entity name Attendance
13:10:12.860 [main] DEBUG org.hibernate.boot.model.internal.EntityBinder - Bind entity org.frcpm.models.Attendance on table attendances
13:10:12.860 [main] DEBUG org.hibernate.boot.model.internal.AnnotatedColumn - Binding column: AnnotatedDiscriminatorColumn(column='DTYPE')
13:10:12.861 [main] DEBUG org.hibernate.boot.model.internal.AnnotatedColumn - Binding column: AnnotatedColumn()
13:10:12.861 [main] DEBUG org.hibernate.boot.internal.ClassLoaderAccessImpl - Not known whether passed class name [org.frcpm.models.Attendance] is safe
13:10:12.861 [main] DEBUG org.hibernate.boot.internal.ClassLoaderAccessImpl - No temp ClassLoader provided; using live ClassLoader for loading potentially unsafe class : org.frcpm.models.Attendance
13:10:12.861 [main] DEBUG org.hibernate.boot.model.internal.PropertyBinder - MetadataSourceProcessor property id with lazy=false
13:10:12.861 [main] DEBUG org.hibernate.boot.model.internal.AbstractPropertyHolder - Attempting to locate auto-apply AttributeConverter for property [org.frcpm.models.Attendance:id]
13:10:12.861 [main] DEBUG org.hibernate.boot.model.internal.BasicValueBinder - building BasicValue for id
13:10:12.861 [main] DEBUG org.hibernate.mapping.BasicValue - Skipping column re-registration: attendances.id
13:10:12.861 [main] DEBUG org.hibernate.boot.model.internal.PropertyBinder - Building property id
13:10:12.861 [main] DEBUG org.hibernate.boot.model.internal.BinderHelper - #makeIdGenerator(BasicValue([Column(id)]), id, identity, , ...)
13:10:12.861 [main] DEBUG org.hibernate.boot.model.internal.AnnotatedColumn - Binding column: AnnotatedColumn(column='arrival_time')
13:10:12.861 [main] DEBUG org.hibernate.boot.model.internal.PropertyBinder - MetadataSourceProcessor property arrivalTime with lazy=false
13:10:12.861 [main] DEBUG org.hibernate.boot.model.internal.AbstractPropertyHolder - Attempting to locate auto-apply AttributeConverter for property [org.frcpm.models.Attendance:arrivalTime]
13:10:12.861 [main] DEBUG org.hibernate.boot.model.internal.BasicValueBinder - building BasicValue for arrivalTime
13:10:12.861 [main] DEBUG org.hibernate.mapping.BasicValue - Skipping column re-registration: attendances.arrival_time
13:10:12.861 [main] DEBUG org.hibernate.boot.model.internal.PropertyBinder - Building property arrivalTime
13:10:12.861 [main] DEBUG org.hibernate.boot.model.internal.AnnotatedColumn - Binding column: AnnotatedColumn(column='departure_time')
13:10:12.861 [main] DEBUG org.hibernate.boot.model.internal.PropertyBinder - MetadataSourceProcessor property departureTime with lazy=false
13:10:12.861 [main] DEBUG org.hibernate.boot.model.internal.AbstractPropertyHolder - Attempting to locate auto-apply AttributeConverter for property [org.frcpm.models.Attendance:departureTime]
13:10:12.861 [main] DEBUG org.hibernate.boot.model.internal.BasicValueBinder - building BasicValue for departureTime
13:10:12.861 [main] DEBUG org.hibernate.mapping.BasicValue - Skipping column re-registration: attendances.departure_time
13:10:12.861 [main] DEBUG org.hibernate.boot.model.internal.PropertyBinder - Building property departureTime
13:10:12.861 [main] DEBUG org.hibernate.boot.model.internal.AnnotatedColumn - Binding column: AnnotatedJoinColumn(column='meeting_id')
13:10:12.862 [main] DEBUG org.hibernate.boot.model.internal.AnnotatedColumn - Binding column: AnnotatedColumn()
13:10:12.862 [main] DEBUG org.hibernate.boot.model.internal.PropertyBinder - Building property meeting
13:10:12.862 [main] DEBUG org.hibernate.boot.model.internal.AnnotatedColumn - Binding column: AnnotatedJoinColumn(column='member_id')
13:10:12.862 [main] DEBUG org.hibernate.boot.model.internal.AnnotatedColumn - Binding column: AnnotatedColumn()
13:10:12.862 [main] DEBUG org.hibernate.boot.model.internal.PropertyBinder - Building property member
13:10:12.862 [main] DEBUG org.hibernate.boot.model.internal.AnnotatedColumn - Binding column: AnnotatedColumn(column='present')
13:10:12.862 [main] DEBUG org.hibernate.boot.model.internal.PropertyBinder - MetadataSourceProcessor property present with lazy=false
13:10:12.862 [main] DEBUG org.hibernate.boot.model.internal.AbstractPropertyHolder - Attempting to locate auto-apply AttributeConverter for property [org.frcpm.models.Attendance:present]
13:10:12.862 [main] DEBUG org.hibernate.boot.model.internal.BasicValueBinder - building BasicValue for present
13:10:12.862 [main] DEBUG org.hibernate.mapping.BasicValue - Skipping column re-registration: attendances.present
13:10:12.862 [main] DEBUG org.hibernate.boot.model.internal.PropertyBinder - Building property present
13:10:12.862 [main] DEBUG org.hibernate.boot.registry.classloading.internal.ClassLoaderServiceImpl - HHH000194: Package not found or no package-info.java: org.frcpm.models
13:10:12.863 [main] DEBUG org.hibernate.boot.model.internal.EntityBinder - Binding entity from annotated class: org.frcpm.models.Meeting
13:10:12.863 [main] DEBUG org.hibernate.boot.model.internal.EntityBinder - Import with entity name Meeting
13:10:12.863 [main] DEBUG org.hibernate.boot.model.internal.EntityBinder - Bind entity org.frcpm.models.Meeting on table meetings
13:10:12.863 [main] DEBUG org.hibernate.boot.model.internal.AnnotatedColumn - Binding column: AnnotatedDiscriminatorColumn(column='DTYPE')
13:10:12.864 [main] DEBUG org.hibernate.boot.model.internal.AnnotatedColumn - Binding column: AnnotatedColumn()
13:10:12.864 [main] DEBUG org.hibernate.boot.internal.ClassLoaderAccessImpl - Not known whether passed class name [org.frcpm.models.Meeting] is safe
13:10:12.864 [main] DEBUG org.hibernate.boot.internal.ClassLoaderAccessImpl - No temp ClassLoader provided; using live ClassLoader for loading potentially unsafe class : org.frcpm.models.Meeting
13:10:12.864 [main] DEBUG org.hibernate.boot.model.internal.PropertyBinder - MetadataSourceProcessor property id with lazy=false
13:10:12.864 [main] DEBUG org.hibernate.boot.model.internal.AbstractPropertyHolder - Attempting to locate auto-apply AttributeConverter for property [org.frcpm.models.Meeting:id]
13:10:12.864 [main] DEBUG org.hibernate.boot.model.internal.BasicValueBinder - building BasicValue for id
13:10:12.864 [main] DEBUG org.hibernate.mapping.BasicValue - Skipping column re-registration: meetings.id
13:10:12.864 [main] DEBUG org.hibernate.boot.model.internal.PropertyBinder - Building property id
13:10:12.864 [main] DEBUG org.hibernate.boot.model.internal.BinderHelper - #makeIdGenerator(BasicValue([Column(id)]), id, identity, , ...)
13:10:12.864 [main] DEBUG org.hibernate.boot.model.internal.AnnotatedColumn - Binding column: AnnotatedJoinColumn()
13:10:12.864 [main] DEBUG org.hibernate.boot.model.internal.AnnotatedColumn - Binding column: AnnotatedColumn()
13:10:12.864 [main] DEBUG org.hibernate.boot.model.internal.AnnotatedColumn - Binding column: IndexColumn(column='attendances_ORDER')
13:10:12.865 [main] DEBUG org.hibernate.boot.model.internal.AnnotatedColumn - Binding column: AnnotatedColumn()
13:10:12.865 [main] DEBUG org.hibernate.boot.model.internal.AnnotatedColumn - Binding column: AnnotatedColumn(column='attendances_KEY')
13:10:12.865 [main] DEBUG org.hibernate.boot.model.internal.AnnotatedColumn - Binding column: AnnotatedJoinColumn(column='attendances_KEY')
13:10:12.865 [main] DEBUG org.hibernate.boot.model.internal.AnnotatedColumn - Binding column: AnnotatedJoinColumn()
13:10:12.865 [main] DEBUG org.hibernate.boot.model.internal.AnnotatedColumn - Binding column: AnnotatedJoinColumn()
13:10:12.865 [main] DEBUG org.hibernate.boot.model.internal.CollectionBinder - Collection role: org.frcpm.models.Meeting.attendances
13:10:12.865 [main] DEBUG org.hibernate.boot.model.internal.PropertyBinder - Building property attendances
13:10:12.865 [main] DEBUG org.hibernate.boot.model.internal.AnnotatedColumn - Binding column: AnnotatedColumn(column='date')
13:10:12.865 [main] DEBUG org.hibernate.boot.model.internal.PropertyBinder - MetadataSourceProcessor property date with lazy=false
13:10:12.865 [main] DEBUG org.hibernate.boot.model.internal.AbstractPropertyHolder - Attempting to locate auto-apply AttributeConverter for property [org.frcpm.models.Meeting:date]
13:10:12.865 [main] DEBUG org.hibernate.boot.model.internal.BasicValueBinder - building BasicValue for date
13:10:12.865 [main] DEBUG org.hibernate.mapping.BasicValue - Skipping column re-registration: meetings.date
13:10:12.865 [main] DEBUG org.hibernate.boot.model.internal.PropertyBinder - Building property date
13:10:12.865 [main] DEBUG org.hibernate.boot.model.internal.AnnotatedColumn - Binding column: AnnotatedColumn(column='end_time')
13:10:12.865 [main] DEBUG org.hibernate.boot.model.internal.PropertyBinder - MetadataSourceProcessor property endTime with lazy=false
13:10:12.865 [main] DEBUG org.hibernate.boot.model.internal.AbstractPropertyHolder - Attempting to locate auto-apply AttributeConverter for property [org.frcpm.models.Meeting:endTime]
13:10:12.865 [main] DEBUG org.hibernate.boot.model.internal.BasicValueBinder - building BasicValue for endTime
13:10:12.866 [main] DEBUG org.hibernate.mapping.BasicValue - Skipping column re-registration: meetings.end_time
13:10:12.866 [main] DEBUG org.hibernate.boot.model.internal.PropertyBinder - Building property endTime
13:10:12.866 [main] DEBUG org.hibernate.boot.model.internal.AnnotatedColumn - Binding column: AnnotatedColumn(column='notes')
13:10:12.866 [main] DEBUG org.hibernate.boot.model.internal.PropertyBinder - MetadataSourceProcessor property notes with lazy=false
13:10:12.866 [main] DEBUG org.hibernate.boot.model.internal.AbstractPropertyHolder - Attempting to locate auto-apply AttributeConverter for property [org.frcpm.models.Meeting:notes]
13:10:12.866 [main] DEBUG org.hibernate.boot.model.internal.BasicValueBinder - building BasicValue for notes
13:10:12.866 [main] DEBUG org.hibernate.mapping.BasicValue - Skipping column re-registration: meetings.notes
13:10:12.866 [main] DEBUG org.hibernate.boot.model.internal.PropertyBinder - Building property notes
13:10:12.866 [main] DEBUG org.hibernate.boot.model.internal.AnnotatedColumn - Binding column: AnnotatedJoinColumn(column='project_id')
13:10:12.866 [main] DEBUG org.hibernate.boot.model.internal.AnnotatedColumn - Binding column: AnnotatedColumn()
13:10:12.866 [main] DEBUG org.hibernate.boot.model.internal.PropertyBinder - Building property project
13:10:12.866 [main] DEBUG org.hibernate.boot.model.internal.AnnotatedColumn - Binding column: AnnotatedColumn(column='start_time')
13:10:12.866 [main] DEBUG org.hibernate.boot.model.internal.PropertyBinder - MetadataSourceProcessor property startTime with lazy=false
13:10:12.866 [main] DEBUG org.hibernate.boot.model.internal.AbstractPropertyHolder - Attempting to locate auto-apply AttributeConverter for property [org.frcpm.models.Meeting:startTime]
13:10:12.866 [main] DEBUG org.hibernate.boot.model.internal.BasicValueBinder - building BasicValue for startTime
13:10:12.866 [main] DEBUG org.hibernate.mapping.BasicValue - Skipping column re-registration: meetings.start_time
13:10:12.866 [main] DEBUG org.hibernate.boot.model.internal.PropertyBinder - Building property startTime
13:10:12.867 [main] DEBUG org.hibernate.boot.registry.classloading.internal.ClassLoaderServiceImpl - HHH000194: Package not found or no package-info.java: org.frcpm.models
13:10:12.868 [main] DEBUG org.hibernate.boot.model.internal.EntityBinder - Binding entity from annotated class: org.frcpm.models.Subsystem
13:10:12.868 [main] DEBUG org.hibernate.boot.model.internal.EntityBinder - Import with entity name Subsystem
13:10:12.868 [main] DEBUG org.hibernate.boot.model.internal.EntityBinder - Bind entity org.frcpm.models.Subsystem on table subsystems
13:10:12.868 [main] DEBUG org.hibernate.boot.model.internal.AnnotatedColumn - Binding column: AnnotatedDiscriminatorColumn(column='DTYPE')
13:10:12.869 [main] DEBUG org.hibernate.boot.model.internal.AnnotatedColumn - Binding column: AnnotatedColumn()
13:10:12.869 [main] DEBUG org.hibernate.boot.internal.ClassLoaderAccessImpl - Not known whether passed class name [org.frcpm.models.Subsystem] is safe
13:10:12.869 [main] DEBUG org.hibernate.boot.internal.ClassLoaderAccessImpl - No temp ClassLoader provided; using live ClassLoader for loading potentially unsafe class : org.frcpm.models.Subsystem
13:10:12.869 [main] DEBUG org.hibernate.boot.model.internal.PropertyBinder - MetadataSourceProcessor property id with lazy=false
13:10:12.869 [main] DEBUG org.hibernate.boot.model.internal.AbstractPropertyHolder - Attempting to locate auto-apply AttributeConverter for property [org.frcpm.models.Subsystem:id]
13:10:12.869 [main] DEBUG org.hibernate.boot.model.internal.BasicValueBinder - building BasicValue for id
13:10:12.870 [main] DEBUG org.hibernate.mapping.BasicValue - Skipping column re-registration: subsystems.id
13:10:12.870 [main] DEBUG org.hibernate.boot.model.internal.PropertyBinder - Building property id
13:10:12.870 [main] DEBUG org.hibernate.boot.model.internal.BinderHelper - #makeIdGenerator(BasicValue([Column(id)]), id, identity, , ...)
13:10:12.870 [main] DEBUG org.hibernate.boot.model.internal.AnnotatedColumn - Binding column: AnnotatedColumn(column='description')
13:10:12.870 [main] DEBUG org.hibernate.boot.model.internal.PropertyBinder - MetadataSourceProcessor property description with lazy=false
13:10:12.870 [main] DEBUG org.hibernate.boot.model.internal.AbstractPropertyHolder - Attempting to locate auto-apply AttributeConverter for property [org.frcpm.models.Subsystem:description]
13:10:12.870 [main] DEBUG org.hibernate.boot.model.internal.BasicValueBinder - building BasicValue for description
13:10:12.870 [main] DEBUG org.hibernate.mapping.BasicValue - Skipping column re-registration: subsystems.description
13:10:12.870 [main] DEBUG org.hibernate.boot.model.internal.PropertyBinder - Building property description
13:10:12.870 [main] DEBUG org.hibernate.boot.model.internal.AnnotatedColumn - Binding column: AnnotatedColumn(column='name')
13:10:12.870 [main] DEBUG org.hibernate.boot.model.internal.PropertyBinder - MetadataSourceProcessor property name with lazy=false
13:10:12.870 [main] DEBUG org.hibernate.boot.model.internal.AbstractPropertyHolder - Attempting to locate auto-apply AttributeConverter for property [org.frcpm.models.Subsystem:name]
13:10:12.870 [main] DEBUG org.hibernate.boot.model.internal.BasicValueBinder - building BasicValue for name
13:10:12.870 [main] DEBUG org.hibernate.mapping.BasicValue - Skipping column re-registration: subsystems.name
13:10:12.870 [main] DEBUG org.hibernate.boot.model.internal.PropertyBinder - Building property name
13:10:12.870 [main] DEBUG org.hibernate.boot.model.internal.AnnotatedColumn - Binding column: AnnotatedJoinColumn(column='responsible_subteam_id')
13:10:12.870 [main] DEBUG org.hibernate.boot.model.internal.AnnotatedColumn - Binding column: AnnotatedColumn()
13:10:12.870 [main] DEBUG org.hibernate.boot.model.internal.PropertyBinder - Building property responsibleSubteam
13:10:12.870 [main] DEBUG org.hibernate.boot.model.internal.AnnotatedColumn - Binding column: AnnotatedColumn(column='status')
13:10:12.870 [main] DEBUG org.hibernate.boot.model.internal.PropertyBinder - MetadataSourceProcessor property status with lazy=false
13:10:12.870 [main] DEBUG org.hibernate.boot.model.internal.AbstractPropertyHolder - Attempting to locate auto-apply AttributeConverter for property [org.frcpm.models.Subsystem:status]
13:10:12.870 [main] DEBUG org.hibernate.boot.model.internal.BasicValueBinder - building BasicValue for status
13:10:12.870 [main] DEBUG org.hibernate.mapping.BasicValue - Skipping column re-registration: subsystems.status
13:10:12.870 [main] DEBUG org.hibernate.boot.model.internal.PropertyBinder - Building property status
13:10:12.870 [main] DEBUG org.hibernate.boot.model.internal.AnnotatedColumn - Binding column: AnnotatedJoinColumn()
13:10:12.870 [main] DEBUG org.hibernate.boot.model.internal.AnnotatedColumn - Binding column: AnnotatedColumn()
13:10:12.871 [main] DEBUG org.hibernate.boot.model.internal.AnnotatedColumn - Binding column: IndexColumn(column='tasks_ORDER')
13:10:12.871 [main] DEBUG org.hibernate.boot.model.internal.AnnotatedColumn - Binding column: AnnotatedColumn()
13:10:12.871 [main] DEBUG org.hibernate.boot.model.internal.AnnotatedColumn - Binding column: AnnotatedColumn(column='tasks_KEY')
13:10:12.871 [main] DEBUG org.hibernate.boot.model.internal.AnnotatedColumn - Binding column: AnnotatedJoinColumn(column='tasks_KEY')
13:10:12.871 [main] DEBUG org.hibernate.boot.model.internal.AnnotatedColumn - Binding column: AnnotatedJoinColumn()
13:10:12.871 [main] DEBUG org.hibernate.boot.model.internal.AnnotatedColumn - Binding column: AnnotatedJoinColumn()
13:10:12.871 [main] DEBUG org.hibernate.boot.model.internal.CollectionBinder - Collection role: org.frcpm.models.Subsystem.tasks
13:10:12.871 [main] DEBUG org.hibernate.boot.model.internal.PropertyBinder - Building property tasks
13:10:12.873 [main] DEBUG org.hibernate.boot.registry.classloading.internal.ClassLoaderServiceImpl - HHH000194: Package not found or no package-info.java: org.frcpm.models
13:10:12.874 [main] DEBUG org.hibernate.boot.model.internal.EntityBinder - Binding entity from annotated class: org.frcpm.models.Component
13:10:12.874 [main] DEBUG org.hibernate.boot.model.internal.EntityBinder - Import with entity name Component
13:10:12.874 [main] DEBUG org.hibernate.boot.model.internal.EntityBinder - Bind entity org.frcpm.models.Component on table components
13:10:12.875 [main] DEBUG org.hibernate.boot.model.internal.AnnotatedColumn - Binding column: AnnotatedDiscriminatorColumn(column='DTYPE')
13:10:12.876 [frcpm-hikari-pool housekeeper] DEBUG com.zaxxer.hikari.pool.HikariPool - frcpm-hikari-pool - Before cleanup stats (total=1, active=0, idle=1, waiting=0)
13:10:12.878 [main] DEBUG org.hibernate.boot.model.internal.AnnotatedColumn - Binding column: AnnotatedColumn()
13:10:12.878 [frcpm-hikari-pool housekeeper] DEBUG com.zaxxer.hikari.pool.HikariPool - frcpm-hikari-pool - After cleanup  stats (total=1, active=0, idle=1, waiting=0)
13:10:12.878 [main] DEBUG org.hibernate.boot.internal.ClassLoaderAccessImpl - Not known whether passed class name [org.frcpm.models.Component] is safe
13:10:12.878 [main] DEBUG org.hibernate.boot.internal.ClassLoaderAccessImpl - No temp ClassLoader provided; using live ClassLoader for loading potentially unsafe class : org.frcpm.models.Component
13:10:12.878 [main] DEBUG org.hibernate.boot.model.internal.PropertyBinder - MetadataSourceProcessor property id with lazy=false
13:10:12.878 [main] DEBUG org.hibernate.boot.model.internal.AbstractPropertyHolder - Attempting to locate auto-apply AttributeConverter for property [org.frcpm.models.Component:id]
13:10:12.878 [main] DEBUG org.hibernate.boot.model.internal.BasicValueBinder - building BasicValue for id
13:10:12.878 [main] DEBUG org.hibernate.mapping.BasicValue - Skipping column re-registration: components.id
13:10:12.879 [main] DEBUG org.hibernate.boot.model.internal.PropertyBinder - Building property id
13:10:12.879 [main] DEBUG org.hibernate.boot.model.internal.BinderHelper - #makeIdGenerator(BasicValue([Column(id)]), id, identity, , ...)
13:10:12.879 [main] DEBUG org.hibernate.boot.model.internal.AnnotatedColumn - Binding column: AnnotatedColumn(column='actual_delivery')
13:10:12.880 [main] DEBUG org.hibernate.boot.model.internal.PropertyBinder - MetadataSourceProcessor property actualDelivery with lazy=false
13:10:12.881 [main] DEBUG org.hibernate.boot.model.internal.AbstractPropertyHolder - Attempting to locate auto-apply AttributeConverter for property [org.frcpm.models.Component:actualDelivery]
13:10:12.881 [main] DEBUG org.hibernate.boot.model.internal.BasicValueBinder - building BasicValue for actualDelivery
13:10:12.881 [main] DEBUG org.hibernate.mapping.BasicValue - Skipping column re-registration: components.actual_delivery
13:10:12.881 [main] DEBUG org.hibernate.boot.model.internal.PropertyBinder - Building property actualDelivery
13:10:12.882 [main] DEBUG org.hibernate.boot.model.internal.AnnotatedColumn - Binding column: AnnotatedColumn(column='is_delivered')
13:10:12.882 [main] DEBUG org.hibernate.boot.model.internal.PropertyBinder - MetadataSourceProcessor property delivered with lazy=false
13:10:12.882 [main] DEBUG org.hibernate.boot.model.internal.AbstractPropertyHolder - Attempting to locate auto-apply AttributeConverter for property [org.frcpm.models.Component:delivered]
13:10:12.882 [main] DEBUG org.hibernate.boot.model.internal.BasicValueBinder - building BasicValue for delivered
13:10:12.882 [main] DEBUG org.hibernate.mapping.BasicValue - Skipping column re-registration: components.is_delivered
13:10:12.882 [main] DEBUG org.hibernate.boot.model.internal.PropertyBinder - Building property delivered
13:10:12.883 [main] DEBUG org.hibernate.boot.model.internal.AnnotatedColumn - Binding column: AnnotatedColumn(column='description')
13:10:12.883 [main] DEBUG org.hibernate.boot.model.internal.PropertyBinder - MetadataSourceProcessor property description with lazy=false
13:10:12.883 [main] DEBUG org.hibernate.boot.model.internal.AbstractPropertyHolder - Attempting to locate auto-apply AttributeConverter for property [org.frcpm.models.Component:description]
13:10:12.883 [main] DEBUG org.hibernate.boot.model.internal.BasicValueBinder - building BasicValue for description
13:10:12.883 [frcpm-hikari-pool connection adder] DEBUG com.zaxxer.hikari.pool.HikariPool - frcpm-hikari-pool - Added connection conn9: url=jdbc:h2:mem:testdb user=SA
13:10:12.883 [main] DEBUG org.hibernate.mapping.BasicValue - Skipping column re-registration: components.description
13:10:12.883 [main] DEBUG org.hibernate.boot.model.internal.PropertyBinder - Building property description
13:10:12.884 [main] DEBUG org.hibernate.boot.model.internal.AnnotatedColumn - Binding column: AnnotatedColumn(column='expected_delivery')
13:10:12.884 [main] DEBUG org.hibernate.boot.model.internal.PropertyBinder - MetadataSourceProcessor property expectedDelivery with lazy=false
13:10:12.884 [main] DEBUG org.hibernate.boot.model.internal.AbstractPropertyHolder - Attempting to locate auto-apply AttributeConverter for property [org.frcpm.models.Component:expectedDelivery]
13:10:12.884 [main] DEBUG org.hibernate.boot.model.internal.BasicValueBinder - building BasicValue for expectedDelivery
13:10:12.884 [main] DEBUG org.hibernate.mapping.BasicValue - Skipping column re-registration: components.expected_delivery
13:10:12.884 [main] DEBUG org.hibernate.boot.model.internal.PropertyBinder - Building property expectedDelivery
13:10:12.886 [main] DEBUG org.hibernate.boot.model.internal.AnnotatedColumn - Binding column: AnnotatedColumn(column='name')
13:10:12.886 [main] DEBUG org.hibernate.boot.model.internal.PropertyBinder - MetadataSourceProcessor property name with lazy=false
13:10:12.886 [main] DEBUG org.hibernate.boot.model.internal.AbstractPropertyHolder - Attempting to locate auto-apply AttributeConverter for property [org.frcpm.models.Component:name]
13:10:12.886 [main] DEBUG org.hibernate.boot.model.internal.BasicValueBinder - building BasicValue for name
13:10:12.886 [main] DEBUG org.hibernate.mapping.BasicValue - Skipping column re-registration: components.name
13:10:12.886 [main] DEBUG org.hibernate.boot.model.internal.PropertyBinder - Building property name
13:10:12.887 [main] DEBUG org.hibernate.boot.model.internal.AnnotatedColumn - Binding column: AnnotatedColumn(column='part_number')
13:10:12.889 [main] DEBUG org.hibernate.boot.model.internal.PropertyBinder - MetadataSourceProcessor property partNumber with lazy=false
13:10:12.889 [main] DEBUG org.hibernate.boot.model.internal.AbstractPropertyHolder - Attempting to locate auto-apply AttributeConverter for property [org.frcpm.models.Component:partNumber]
13:10:12.889 [main] DEBUG org.hibernate.boot.model.internal.BasicValueBinder - building BasicValue for partNumber
13:10:12.890 [main] DEBUG org.hibernate.mapping.BasicValue - Skipping column re-registration: components.part_number
13:10:12.890 [main] DEBUG org.hibernate.boot.model.internal.PropertyBinder - Building property partNumber
13:10:12.891 [main] DEBUG org.hibernate.boot.model.internal.AnnotatedColumn - Binding column: IndexColumn(column='requiredForTasks_ORDER')
13:10:12.892 [main] DEBUG org.hibernate.boot.model.internal.AnnotatedColumn - Binding column: AnnotatedColumn()
13:10:12.894 [main] DEBUG org.hibernate.boot.model.internal.AnnotatedColumn - Binding column: AnnotatedColumn(column='requiredForTasks_KEY')
13:10:12.894 [main] DEBUG org.hibernate.boot.model.internal.AnnotatedColumn - Binding column: AnnotatedJoinColumn(column='requiredForTasks_KEY')
13:10:12.894 [main] DEBUG org.hibernate.boot.model.internal.AnnotatedColumn - Binding column: AnnotatedJoinColumn()
13:10:12.894 [main] DEBUG org.hibernate.boot.model.internal.AnnotatedColumn - Binding column: AnnotatedJoinColumn()
13:10:12.894 [main] DEBUG org.hibernate.boot.model.internal.CollectionBinder - Collection role: org.frcpm.models.Component.requiredForTasks
13:10:12.894 [main] DEBUG org.hibernate.boot.model.internal.PropertyBinder - Building property requiredForTasks
13:10:12.895 [main] DEBUG org.hibernate.boot.registry.classloading.internal.ClassLoaderServiceImpl - HHH000194: Package not found or no package-info.java: org.frcpm.models
13:10:12.896 [main] DEBUG org.hibernate.boot.model.internal.EntityBinder - Binding entity from annotated class: org.frcpm.models.Milestone
13:10:12.896 [main] DEBUG org.hibernate.boot.model.internal.EntityBinder - Import with entity name Milestone
13:10:12.896 [main] DEBUG org.hibernate.boot.model.internal.EntityBinder - Bind entity org.frcpm.models.Milestone on table milestones
13:10:12.896 [main] DEBUG org.hibernate.boot.model.internal.AnnotatedColumn - Binding column: AnnotatedDiscriminatorColumn(column='DTYPE')
13:10:12.897 [main] DEBUG org.hibernate.boot.model.internal.AnnotatedColumn - Binding column: AnnotatedColumn()
13:10:12.897 [main] DEBUG org.hibernate.boot.internal.ClassLoaderAccessImpl - Not known whether passed class name [org.frcpm.models.Milestone] is safe
13:10:12.897 [main] DEBUG org.hibernate.boot.internal.ClassLoaderAccessImpl - No temp ClassLoader provided; using live ClassLoader for loading potentially unsafe class : org.frcpm.models.Milestone
13:10:12.897 [main] DEBUG org.hibernate.boot.model.internal.PropertyBinder - MetadataSourceProcessor property id with lazy=false
13:10:12.897 [main] DEBUG org.hibernate.boot.model.internal.AbstractPropertyHolder - Attempting to locate auto-apply AttributeConverter for property [org.frcpm.models.Milestone:id]
13:10:12.897 [main] DEBUG org.hibernate.boot.model.internal.BasicValueBinder - building BasicValue for id
13:10:12.897 [main] DEBUG org.hibernate.mapping.BasicValue - Skipping column re-registration: milestones.id
13:10:12.898 [main] DEBUG org.hibernate.boot.model.internal.PropertyBinder - Building property id
13:10:12.898 [main] DEBUG org.hibernate.boot.model.internal.BinderHelper - #makeIdGenerator(BasicValue([Column(id)]), id, identity, , ...)
13:10:12.898 [main] DEBUG org.hibernate.boot.model.internal.AnnotatedColumn - Binding column: AnnotatedColumn(column='date')
13:10:12.898 [main] DEBUG org.hibernate.boot.model.internal.PropertyBinder - MetadataSourceProcessor property date with lazy=false
13:10:12.898 [main] DEBUG org.hibernate.boot.model.internal.AbstractPropertyHolder - Attempting to locate auto-apply AttributeConverter for property [org.frcpm.models.Milestone:date]
13:10:12.898 [main] DEBUG org.hibernate.boot.model.internal.BasicValueBinder - building BasicValue for date
13:10:12.898 [main] DEBUG org.hibernate.mapping.BasicValue - Skipping column re-registration: milestones.date
13:10:12.898 [main] DEBUG org.hibernate.boot.model.internal.PropertyBinder - Building property date
13:10:12.898 [main] DEBUG org.hibernate.boot.model.internal.AnnotatedColumn - Binding column: AnnotatedColumn(column='description')
13:10:12.898 [main] DEBUG org.hibernate.boot.model.internal.PropertyBinder - MetadataSourceProcessor property description with lazy=false
13:10:12.899 [main] DEBUG org.hibernate.boot.model.internal.AbstractPropertyHolder - Attempting to locate auto-apply AttributeConverter for property [org.frcpm.models.Milestone:description]
13:10:12.899 [main] DEBUG org.hibernate.boot.model.internal.BasicValueBinder - building BasicValue for description
13:10:12.899 [main] DEBUG org.hibernate.mapping.BasicValue - Skipping column re-registration: milestones.description
13:10:12.899 [main] DEBUG org.hibernate.boot.model.internal.PropertyBinder - Building property description
13:10:12.899 [main] DEBUG org.hibernate.boot.model.internal.AnnotatedColumn - Binding column: AnnotatedColumn(column='name')
13:10:12.899 [main] DEBUG org.hibernate.boot.model.internal.PropertyBinder - MetadataSourceProcessor property name with lazy=false
13:10:12.899 [main] DEBUG org.hibernate.boot.model.internal.AbstractPropertyHolder - Attempting to locate auto-apply AttributeConverter for property [org.frcpm.models.Milestone:name]
13:10:12.899 [main] DEBUG org.hibernate.boot.model.internal.BasicValueBinder - building BasicValue for name
13:10:12.899 [main] DEBUG org.hibernate.mapping.BasicValue - Skipping column re-registration: milestones.name
13:10:12.899 [main] DEBUG org.hibernate.boot.model.internal.PropertyBinder - Building property name
13:10:12.899 [main] DEBUG org.hibernate.boot.model.internal.AnnotatedColumn - Binding column: AnnotatedJoinColumn(column='project_id')
13:10:12.899 [main] DEBUG org.hibernate.boot.model.internal.AnnotatedColumn - Binding column: AnnotatedColumn()
13:10:12.899 [main] DEBUG org.hibernate.boot.model.internal.PropertyBinder - Building property project
13:10:12.900 [main] DEBUG org.hibernate.boot.registry.classloading.internal.ClassLoaderServiceImpl - HHH000194: Package not found or no package-info.java: org.frcpm.models
13:10:12.900 [main] DEBUG org.hibernate.boot.model.internal.EntityBinder - Binding entity from annotated class: org.frcpm.models.Project
13:10:12.900 [main] DEBUG org.hibernate.boot.model.internal.EntityBinder - Import with entity name Project
13:10:12.900 [main] DEBUG org.hibernate.boot.model.internal.EntityBinder - Bind entity org.frcpm.models.Project on table projects
13:10:12.901 [main] DEBUG org.hibernate.boot.model.internal.AnnotatedColumn - Binding column: AnnotatedDiscriminatorColumn(column='DTYPE')
13:10:12.902 [main] DEBUG org.hibernate.boot.model.internal.AnnotatedColumn - Binding column: AnnotatedColumn()
13:10:12.902 [main] DEBUG org.hibernate.boot.internal.ClassLoaderAccessImpl - Not known whether passed class name [org.frcpm.models.Project] is safe
13:10:12.902 [main] DEBUG org.hibernate.boot.internal.ClassLoaderAccessImpl - No temp ClassLoader provided; using live ClassLoader for loading potentially unsafe class : org.frcpm.models.Project
13:10:12.903 [main] DEBUG org.hibernate.boot.model.internal.PropertyBinder - MetadataSourceProcessor property id with lazy=false
13:10:12.903 [main] DEBUG org.hibernate.boot.model.internal.AbstractPropertyHolder - Attempting to locate auto-apply AttributeConverter for property [org.frcpm.models.Project:id]
13:10:12.903 [main] DEBUG org.hibernate.boot.model.internal.BasicValueBinder - building BasicValue for id
13:10:12.903 [main] DEBUG org.hibernate.mapping.BasicValue - Skipping column re-registration: projects.id
13:10:12.903 [main] DEBUG org.hibernate.boot.model.internal.PropertyBinder - Building property id
13:10:12.903 [main] DEBUG org.hibernate.boot.model.internal.BinderHelper - #makeIdGenerator(BasicValue([Column(id)]), id, identity, , ...)
13:10:12.904 [main] DEBUG org.hibernate.boot.model.internal.AnnotatedColumn - Binding column: AnnotatedColumn(column='description')
13:10:12.904 [main] DEBUG org.hibernate.boot.model.internal.PropertyBinder - MetadataSourceProcessor property description with lazy=false
13:10:12.904 [main] DEBUG org.hibernate.boot.model.internal.AbstractPropertyHolder - Attempting to locate auto-apply AttributeConverter for property [org.frcpm.models.Project:description]
13:10:12.904 [main] DEBUG org.hibernate.boot.model.internal.BasicValueBinder - building BasicValue for description
13:10:12.904 [main] DEBUG org.hibernate.mapping.BasicValue - Skipping column re-registration: projects.description
13:10:12.904 [main] DEBUG org.hibernate.boot.model.internal.PropertyBinder - Building property description
13:10:12.905 [main] DEBUG org.hibernate.boot.model.internal.AnnotatedColumn - Binding column: AnnotatedColumn(column='goal_end_date')
13:10:12.905 [main] DEBUG org.hibernate.boot.model.internal.PropertyBinder - MetadataSourceProcessor property goalEndDate with lazy=false
13:10:12.905 [main] DEBUG org.hibernate.boot.model.internal.AbstractPropertyHolder - Attempting to locate auto-apply AttributeConverter for property [org.frcpm.models.Project:goalEndDate]
13:10:12.905 [main] DEBUG org.hibernate.boot.model.internal.BasicValueBinder - building BasicValue for goalEndDate
13:10:12.905 [main] DEBUG org.hibernate.mapping.BasicValue - Skipping column re-registration: projects.goal_end_date
13:10:12.905 [main] DEBUG org.hibernate.boot.model.internal.PropertyBinder - Building property goalEndDate
13:10:12.905 [main] DEBUG org.hibernate.boot.model.internal.AnnotatedColumn - Binding column: AnnotatedColumn(column='hard_deadline')
13:10:12.906 [main] DEBUG org.hibernate.boot.model.internal.PropertyBinder - MetadataSourceProcessor property hardDeadline with lazy=false
13:10:12.906 [main] DEBUG org.hibernate.boot.model.internal.AbstractPropertyHolder - Attempting to locate auto-apply AttributeConverter for property [org.frcpm.models.Project:hardDeadline]
13:10:12.906 [main] DEBUG org.hibernate.boot.model.internal.BasicValueBinder - building BasicValue for hardDeadline
13:10:12.906 [main] DEBUG org.hibernate.mapping.BasicValue - Skipping column re-registration: projects.hard_deadline
13:10:12.906 [main] DEBUG org.hibernate.boot.model.internal.PropertyBinder - Building property hardDeadline
13:10:12.906 [main] DEBUG org.hibernate.boot.model.internal.AnnotatedColumn - Binding column: AnnotatedJoinColumn()
13:10:12.906 [main] DEBUG org.hibernate.boot.model.internal.AnnotatedColumn - Binding column: AnnotatedColumn()
13:10:12.907 [main] DEBUG org.hibernate.boot.model.internal.AnnotatedColumn - Binding column: IndexColumn(column='meetings_ORDER')
13:10:12.907 [main] DEBUG org.hibernate.boot.model.internal.AnnotatedColumn - Binding column: AnnotatedColumn()
13:10:12.907 [main] DEBUG org.hibernate.boot.model.internal.AnnotatedColumn - Binding column: AnnotatedColumn(column='meetings_KEY')
13:10:12.908 [main] DEBUG org.hibernate.boot.model.internal.AnnotatedColumn - Binding column: AnnotatedJoinColumn(column='meetings_KEY')
13:10:12.908 [main] DEBUG org.hibernate.boot.model.internal.AnnotatedColumn - Binding column: AnnotatedJoinColumn()
13:10:12.908 [main] DEBUG org.hibernate.boot.model.internal.AnnotatedColumn - Binding column: AnnotatedJoinColumn()
13:10:12.908 [main] DEBUG org.hibernate.boot.model.internal.CollectionBinder - Collection role: org.frcpm.models.Project.meetings
13:10:12.908 [main] DEBUG org.hibernate.boot.model.internal.PropertyBinder - Building property meetings
13:10:12.908 [main] DEBUG org.hibernate.boot.model.internal.AnnotatedColumn - Binding column: AnnotatedJoinColumn()
13:10:12.908 [main] DEBUG org.hibernate.boot.model.internal.AnnotatedColumn - Binding column: AnnotatedColumn()
13:10:12.908 [main] DEBUG org.hibernate.boot.model.internal.AnnotatedColumn - Binding column: IndexColumn(column='milestones_ORDER')
13:10:12.908 [main] DEBUG org.hibernate.boot.model.internal.AnnotatedColumn - Binding column: AnnotatedColumn()
13:10:12.909 [main] DEBUG org.hibernate.boot.model.internal.AnnotatedColumn - Binding column: AnnotatedColumn(column='milestones_KEY')
13:10:12.909 [main] DEBUG org.hibernate.boot.model.internal.AnnotatedColumn - Binding column: AnnotatedJoinColumn(column='milestones_KEY')
13:10:12.909 [main] DEBUG org.hibernate.boot.model.internal.AnnotatedColumn - Binding column: AnnotatedJoinColumn()
13:10:12.909 [main] DEBUG org.hibernate.boot.model.internal.AnnotatedColumn - Binding column: AnnotatedJoinColumn()
13:10:12.909 [main] DEBUG org.hibernate.boot.model.internal.CollectionBinder - Collection role: org.frcpm.models.Project.milestones
13:10:12.909 [main] DEBUG org.hibernate.boot.model.internal.PropertyBinder - Building property milestones
13:10:12.909 [main] DEBUG org.hibernate.boot.model.internal.AnnotatedColumn - Binding column: AnnotatedColumn(column='name')
13:10:12.909 [main] DEBUG org.hibernate.boot.model.internal.PropertyBinder - MetadataSourceProcessor property name with lazy=false
13:10:12.909 [main] DEBUG org.hibernate.boot.model.internal.AbstractPropertyHolder - Attempting to locate auto-apply AttributeConverter for property [org.frcpm.models.Project:name]
13:10:12.909 [main] DEBUG org.hibernate.boot.model.internal.BasicValueBinder - building BasicValue for name
13:10:12.909 [main] DEBUG org.hibernate.mapping.BasicValue - Skipping column re-registration: projects.name
13:10:12.910 [main] DEBUG org.hibernate.boot.model.internal.PropertyBinder - Building property name
13:10:12.910 [main] DEBUG org.hibernate.boot.model.internal.AnnotatedColumn - Binding column: AnnotatedColumn(column='start_date')
13:10:12.910 [main] DEBUG org.hibernate.boot.model.internal.PropertyBinder - MetadataSourceProcessor property startDate with lazy=false
13:10:12.910 [main] DEBUG org.hibernate.boot.model.internal.AbstractPropertyHolder - Attempting to locate auto-apply AttributeConverter for property [org.frcpm.models.Project:startDate]
13:10:12.910 [main] DEBUG org.hibernate.boot.model.internal.BasicValueBinder - building BasicValue for startDate
13:10:12.910 [main] DEBUG org.hibernate.mapping.BasicValue - Skipping column re-registration: projects.start_date
13:10:12.910 [main] DEBUG org.hibernate.boot.model.internal.PropertyBinder - Building property startDate
13:10:12.911 [main] DEBUG org.hibernate.boot.model.internal.AnnotatedColumn - Binding column: AnnotatedJoinColumn()
13:10:12.911 [main] DEBUG org.hibernate.boot.model.internal.AnnotatedColumn - Binding column: AnnotatedColumn()
13:10:12.911 [main] DEBUG org.hibernate.boot.model.internal.AnnotatedColumn - Binding column: IndexColumn(column='tasks_ORDER')
13:10:12.911 [main] DEBUG org.hibernate.boot.model.internal.AnnotatedColumn - Binding column: AnnotatedColumn()
13:10:12.911 [main] DEBUG org.hibernate.boot.model.internal.AnnotatedColumn - Binding column: AnnotatedColumn(column='tasks_KEY')
13:10:12.911 [main] DEBUG org.hibernate.boot.model.internal.AnnotatedColumn - Binding column: AnnotatedJoinColumn(column='tasks_KEY')
13:10:12.911 [main] DEBUG org.hibernate.boot.model.internal.AnnotatedColumn - Binding column: AnnotatedJoinColumn()
13:10:12.911 [main] DEBUG org.hibernate.boot.model.internal.AnnotatedColumn - Binding column: AnnotatedJoinColumn()
13:10:12.911 [main] DEBUG org.hibernate.boot.model.internal.CollectionBinder - Collection role: org.frcpm.models.Project.tasks
13:10:12.911 [main] DEBUG org.hibernate.boot.model.internal.PropertyBinder - Building property tasks
13:10:12.912 [main] DEBUG org.hibernate.boot.registry.classloading.internal.ClassLoaderServiceImpl - HHH000194: Package not found or no package-info.java: org.frcpm.models
13:10:12.913 [main] DEBUG org.hibernate.boot.model.internal.EntityBinder - Binding entity from annotated class: org.frcpm.models.Subteam
13:10:12.914 [main] DEBUG org.hibernate.boot.model.internal.EntityBinder - Import with entity name Subteam
13:10:12.914 [main] DEBUG org.hibernate.boot.model.internal.EntityBinder - Bind entity org.frcpm.models.Subteam on table subteams
13:10:12.914 [main] DEBUG org.hibernate.boot.model.internal.AnnotatedColumn - Binding column: AnnotatedDiscriminatorColumn(column='DTYPE')
13:10:12.915 [main] DEBUG org.hibernate.boot.model.internal.AnnotatedColumn - Binding column: AnnotatedColumn()
13:10:12.915 [main] DEBUG org.hibernate.boot.internal.ClassLoaderAccessImpl - Not known whether passed class name [org.frcpm.models.Subteam] is safe
13:10:12.915 [main] DEBUG org.hibernate.boot.internal.ClassLoaderAccessImpl - No temp ClassLoader provided; using live ClassLoader for loading potentially unsafe class : org.frcpm.models.Subteam
13:10:12.915 [main] DEBUG org.hibernate.boot.model.internal.PropertyBinder - MetadataSourceProcessor property id with lazy=false
13:10:12.915 [main] DEBUG org.hibernate.boot.model.internal.AbstractPropertyHolder - Attempting to locate auto-apply AttributeConverter for property [org.frcpm.models.Subteam:id]
13:10:12.915 [main] DEBUG org.hibernate.boot.model.internal.BasicValueBinder - building BasicValue for id
13:10:12.915 [main] DEBUG org.hibernate.mapping.BasicValue - Skipping column re-registration: subteams.id
13:10:12.915 [main] DEBUG org.hibernate.boot.model.internal.PropertyBinder - Building property id
13:10:12.915 [main] DEBUG org.hibernate.boot.model.internal.BinderHelper - #makeIdGenerator(BasicValue([Column(id)]), id, identity, , ...)
13:10:12.915 [main] DEBUG org.hibernate.boot.model.internal.AnnotatedColumn - Binding column: AnnotatedColumn(column='color_code')
13:10:12.915 [main] DEBUG org.hibernate.boot.model.internal.PropertyBinder - MetadataSourceProcessor property colorCode with lazy=false
13:10:12.915 [main] DEBUG org.hibernate.boot.model.internal.AbstractPropertyHolder - Attempting to locate auto-apply AttributeConverter for property [org.frcpm.models.Subteam:colorCode]
13:10:12.915 [main] DEBUG org.hibernate.boot.model.internal.BasicValueBinder - building BasicValue for colorCode
13:10:12.915 [main] DEBUG org.hibernate.mapping.BasicValue - Skipping column re-registration: subteams.color_code
13:10:12.915 [main] DEBUG org.hibernate.boot.model.internal.PropertyBinder - Building property colorCode
13:10:12.916 [main] DEBUG org.hibernate.boot.model.internal.AnnotatedColumn - Binding column: AnnotatedJoinColumn()
13:10:12.916 [main] DEBUG org.hibernate.boot.model.internal.AnnotatedColumn - Binding column: AnnotatedColumn()
13:10:12.916 [main] DEBUG org.hibernate.boot.model.internal.AnnotatedColumn - Binding column: IndexColumn(column='members_ORDER')
13:10:12.916 [main] DEBUG org.hibernate.boot.model.internal.AnnotatedColumn - Binding column: AnnotatedColumn()
13:10:12.916 [main] DEBUG org.hibernate.boot.model.internal.AnnotatedColumn - Binding column: AnnotatedColumn(column='members_KEY')
13:10:12.916 [main] DEBUG org.hibernate.boot.model.internal.AnnotatedColumn - Binding column: AnnotatedJoinColumn(column='members_KEY')
13:10:12.916 [main] DEBUG org.hibernate.boot.model.internal.AnnotatedColumn - Binding column: AnnotatedJoinColumn()
13:10:12.916 [main] DEBUG org.hibernate.boot.model.internal.AnnotatedColumn - Binding column: AnnotatedJoinColumn()
13:10:12.916 [main] DEBUG org.hibernate.boot.model.internal.CollectionBinder - Collection role: org.frcpm.models.Subteam.members
13:10:12.916 [main] DEBUG org.hibernate.boot.model.internal.PropertyBinder - Building property members
13:10:12.916 [main] DEBUG org.hibernate.boot.model.internal.AnnotatedColumn - Binding column: AnnotatedColumn(column='name')
13:10:12.917 [main] DEBUG org.hibernate.boot.model.internal.PropertyBinder - MetadataSourceProcessor property name with lazy=false
13:10:12.917 [main] DEBUG org.hibernate.boot.model.internal.AbstractPropertyHolder - Attempting to locate auto-apply AttributeConverter for property [org.frcpm.models.Subteam:name]
13:10:12.917 [main] DEBUG org.hibernate.boot.model.internal.BasicValueBinder - building BasicValue for name
13:10:12.917 [main] DEBUG org.hibernate.mapping.BasicValue - Skipping column re-registration: subteams.name
13:10:12.917 [main] DEBUG org.hibernate.boot.model.internal.PropertyBinder - Building property name
13:10:12.918 [main] DEBUG org.hibernate.boot.model.internal.AnnotatedColumn - Binding column: AnnotatedColumn(column='specialties')
13:10:12.918 [main] DEBUG org.hibernate.boot.model.internal.PropertyBinder - MetadataSourceProcessor property specialties with lazy=false
13:10:12.918 [main] DEBUG org.hibernate.boot.model.internal.AbstractPropertyHolder - Attempting to locate auto-apply AttributeConverter for property [org.frcpm.models.Subteam:specialties]
13:10:12.918 [main] DEBUG org.hibernate.boot.model.internal.BasicValueBinder - building BasicValue for specialties
13:10:12.918 [main] DEBUG org.hibernate.mapping.BasicValue - Skipping column re-registration: subteams.specialties
13:10:12.919 [main] DEBUG org.hibernate.boot.model.internal.PropertyBinder - Building property specialties
13:10:12.919 [main] DEBUG org.hibernate.boot.model.internal.AnnotatedColumn - Binding column: AnnotatedJoinColumn()
13:10:12.919 [main] DEBUG org.hibernate.boot.model.internal.AnnotatedColumn - Binding column: AnnotatedColumn()
13:10:12.920 [main] DEBUG org.hibernate.boot.model.internal.AnnotatedColumn - Binding column: IndexColumn(column='subsystems_ORDER')
13:10:12.920 [main] DEBUG org.hibernate.boot.model.internal.AnnotatedColumn - Binding column: AnnotatedColumn()
13:10:12.921 [main] DEBUG org.hibernate.boot.model.internal.AnnotatedColumn - Binding column: AnnotatedColumn(column='subsystems_KEY')
13:10:12.921 [main] DEBUG org.hibernate.boot.model.internal.AnnotatedColumn - Binding column: AnnotatedJoinColumn(column='subsystems_KEY')
13:10:12.921 [main] DEBUG org.hibernate.boot.model.internal.AnnotatedColumn - Binding column: AnnotatedJoinColumn()
13:10:12.921 [main] DEBUG org.hibernate.boot.model.internal.AnnotatedColumn - Binding column: AnnotatedJoinColumn()
13:10:12.922 [main] DEBUG org.hibernate.boot.model.internal.CollectionBinder - Collection role: org.frcpm.models.Subteam.subsystems
13:10:12.923 [main] DEBUG org.hibernate.boot.model.internal.PropertyBinder - Building property subsystems
13:10:12.923 [frcpm-hikari-pool connection adder] DEBUG com.zaxxer.hikari.pool.HikariPool - frcpm-hikari-pool - After adding stats (total=2, active=0, idle=2, waiting=0)
13:10:12.924 [main] DEBUG org.hibernate.boot.registry.classloading.internal.ClassLoaderServiceImpl - HHH000194: Package not found or no package-info.java: org.frcpm.models
13:10:12.924 [frcpm-hikari-pool connection adder] DEBUG com.zaxxer.hikari.pool.HikariPool - frcpm-hikari-pool - Added connection conn10: url=jdbc:h2:mem:testdb user=SA
13:10:12.925 [main] DEBUG org.hibernate.boot.model.internal.EntityBinder - Binding entity from annotated class: org.frcpm.models.Task
13:10:12.925 [main] DEBUG org.hibernate.boot.model.internal.EntityBinder - Import with entity name Task
13:10:12.925 [main] DEBUG org.hibernate.boot.model.internal.EntityBinder - Bind entity org.frcpm.models.Task on table tasks
13:10:12.926 [main] DEBUG org.hibernate.boot.model.internal.AnnotatedColumn - Binding column: AnnotatedDiscriminatorColumn(column='DTYPE')
13:10:12.927 [main] DEBUG org.hibernate.boot.model.internal.AnnotatedColumn - Binding column: AnnotatedColumn()
13:10:12.927 [main] DEBUG org.hibernate.boot.internal.ClassLoaderAccessImpl - Not known whether passed class name [org.frcpm.models.Task] is safe
13:10:12.927 [main] DEBUG org.hibernate.boot.internal.ClassLoaderAccessImpl - No temp ClassLoader provided; using live ClassLoader for loading potentially unsafe class : org.frcpm.models.Task
13:10:12.927 [main] DEBUG org.hibernate.boot.model.internal.PropertyBinder - MetadataSourceProcessor property id with lazy=false
13:10:12.927 [main] DEBUG org.hibernate.boot.model.internal.AbstractPropertyHolder - Attempting to locate auto-apply AttributeConverter for property [org.frcpm.models.Task:id]
13:10:12.927 [main] DEBUG org.hibernate.boot.model.internal.BasicValueBinder - building BasicValue for id
13:10:12.927 [main] DEBUG org.hibernate.mapping.BasicValue - Skipping column re-registration: tasks.id
13:10:12.927 [main] DEBUG org.hibernate.boot.model.internal.PropertyBinder - Building property id
13:10:12.927 [main] DEBUG org.hibernate.boot.model.internal.BinderHelper - #makeIdGenerator(BasicValue([Column(id)]), id, identity, , ...)
13:10:12.927 [main] DEBUG org.hibernate.boot.model.internal.AnnotatedColumn - Binding column: AnnotatedColumn(column='actual_duration_seconds')
13:10:12.927 [main] DEBUG org.hibernate.boot.model.internal.PropertyBinder - MetadataSourceProcessor property actualDurationSeconds with lazy=false
13:10:12.927 [main] DEBUG org.hibernate.boot.model.internal.AbstractPropertyHolder - Attempting to locate auto-apply AttributeConverter for property [org.frcpm.models.Task:actualDurationSeconds]
13:10:12.927 [main] DEBUG org.hibernate.boot.model.internal.BasicValueBinder - building BasicValue for actualDurationSeconds
13:10:12.927 [main] DEBUG org.hibernate.mapping.BasicValue - Skipping column re-registration: tasks.actual_duration_seconds
13:10:12.927 [main] DEBUG org.hibernate.boot.model.internal.PropertyBinder - Building property actualDurationSeconds
13:10:12.927 [main] DEBUG org.hibernate.boot.model.internal.AnnotatedColumn - Binding column: IndexColumn(column='assignedTo_ORDER')
13:10:12.927 [main] DEBUG org.hibernate.boot.model.internal.AnnotatedColumn - Binding column: AnnotatedColumn()
13:10:12.927 [main] DEBUG org.hibernate.boot.model.internal.AnnotatedColumn - Binding column: AnnotatedColumn(column='assignedTo_KEY')
13:10:12.927 [main] DEBUG org.hibernate.boot.model.internal.AnnotatedColumn - Binding column: AnnotatedJoinColumn(column='assignedTo_KEY')
13:10:12.927 [main] DEBUG org.hibernate.boot.model.internal.AnnotatedColumn - Binding column: AnnotatedJoinColumn(column='task_id')
13:10:12.927 [main] DEBUG org.hibernate.boot.model.internal.AnnotatedColumn - Binding column: AnnotatedJoinColumn(column='team_member_id')
13:10:12.927 [main] DEBUG org.hibernate.boot.model.internal.CollectionBinder - Collection role: org.frcpm.models.Task.assignedTo
13:10:12.927 [main] DEBUG org.hibernate.boot.model.internal.PropertyBinder - Building property assignedTo
13:10:12.928 [main] DEBUG org.hibernate.boot.model.internal.AnnotatedColumn - Binding column: AnnotatedColumn(column='completed')
13:10:12.928 [main] DEBUG org.hibernate.boot.model.internal.PropertyBinder - MetadataSourceProcessor property completed with lazy=false
13:10:12.928 [main] DEBUG org.hibernate.boot.model.internal.AbstractPropertyHolder - Attempting to locate auto-apply AttributeConverter for property [org.frcpm.models.Task:completed]
13:10:12.928 [main] DEBUG org.hibernate.boot.model.internal.BasicValueBinder - building BasicValue for completed
13:10:12.928 [main] DEBUG org.hibernate.mapping.BasicValue - Skipping column re-registration: tasks.completed
13:10:12.928 [main] DEBUG org.hibernate.boot.model.internal.PropertyBinder - Building property completed
13:10:12.928 [main] DEBUG org.hibernate.boot.model.internal.AnnotatedColumn - Binding column: AnnotatedColumn(column='description')
13:10:12.928 [main] DEBUG org.hibernate.boot.model.internal.PropertyBinder - MetadataSourceProcessor property description with lazy=false
13:10:12.928 [main] DEBUG org.hibernate.boot.model.internal.AbstractPropertyHolder - Attempting to locate auto-apply AttributeConverter for property [org.frcpm.models.Task:description]
13:10:12.928 [main] DEBUG org.hibernate.boot.model.internal.BasicValueBinder - building BasicValue for description
13:10:12.928 [main] DEBUG org.hibernate.mapping.BasicValue - Skipping column re-registration: tasks.description
13:10:12.928 [main] DEBUG org.hibernate.boot.model.internal.PropertyBinder - Building property description
13:10:12.928 [main] DEBUG org.hibernate.boot.model.internal.AnnotatedColumn - Binding column: AnnotatedColumn(column='end_date')
13:10:12.928 [main] DEBUG org.hibernate.boot.model.internal.PropertyBinder - MetadataSourceProcessor property endDate with lazy=false
13:10:12.928 [main] DEBUG org.hibernate.boot.model.internal.AbstractPropertyHolder - Attempting to locate auto-apply AttributeConverter for property [org.frcpm.models.Task:endDate]
13:10:12.928 [main] DEBUG org.hibernate.boot.model.internal.BasicValueBinder - building BasicValue for endDate
13:10:12.928 [main] DEBUG org.hibernate.mapping.BasicValue - Skipping column re-registration: tasks.end_date
13:10:12.928 [main] DEBUG org.hibernate.boot.model.internal.PropertyBinder - Building property endDate
13:10:12.928 [main] DEBUG org.hibernate.boot.model.internal.AnnotatedColumn - Binding column: AnnotatedColumn(column='estimated_duration_seconds')
13:10:12.928 [main] DEBUG org.hibernate.boot.model.internal.PropertyBinder - MetadataSourceProcessor property estimatedDurationSeconds with lazy=false
13:10:12.928 [main] DEBUG org.hibernate.boot.model.internal.AbstractPropertyHolder - Attempting to locate auto-apply AttributeConverter for property [org.frcpm.models.Task:estimatedDurationSeconds]
13:10:12.928 [main] DEBUG org.hibernate.boot.model.internal.BasicValueBinder - building BasicValue for estimatedDurationSeconds
13:10:12.928 [main] DEBUG org.hibernate.mapping.BasicValue - Skipping column re-registration: tasks.estimated_duration_seconds
13:10:12.928 [main] DEBUG org.hibernate.boot.model.internal.PropertyBinder - Building property estimatedDurationSeconds
13:10:12.929 [main] DEBUG org.hibernate.boot.model.internal.AnnotatedColumn - Binding column: IndexColumn(column='postDependencies_ORDER')
13:10:12.929 [main] DEBUG org.hibernate.boot.model.internal.AnnotatedColumn - Binding column: AnnotatedColumn()
13:10:12.929 [main] DEBUG org.hibernate.boot.model.internal.AnnotatedColumn - Binding column: AnnotatedColumn(column='postDependencies_KEY')
13:10:12.929 [main] DEBUG org.hibernate.boot.model.internal.AnnotatedColumn - Binding column: AnnotatedJoinColumn(column='postDependencies_KEY')
13:10:12.929 [main] DEBUG org.hibernate.boot.model.internal.AnnotatedColumn - Binding column: AnnotatedJoinColumn()
13:10:12.929 [main] DEBUG org.hibernate.boot.model.internal.AnnotatedColumn - Binding column: AnnotatedJoinColumn()
13:10:12.929 [main] DEBUG org.hibernate.boot.model.internal.CollectionBinder - Collection role: org.frcpm.models.Task.postDependencies
13:10:12.929 [main] DEBUG org.hibernate.boot.model.internal.PropertyBinder - Building property postDependencies
13:10:12.929 [main] DEBUG org.hibernate.boot.model.internal.AnnotatedColumn - Binding column: IndexColumn(column='preDependencies_ORDER')
13:10:12.929 [main] DEBUG org.hibernate.boot.model.internal.AnnotatedColumn - Binding column: AnnotatedColumn()
13:10:12.929 [main] DEBUG org.hibernate.boot.model.internal.AnnotatedColumn - Binding column: AnnotatedColumn(column='preDependencies_KEY')
13:10:12.929 [main] DEBUG org.hibernate.boot.model.internal.AnnotatedColumn - Binding column: AnnotatedJoinColumn(column='preDependencies_KEY')
13:10:12.929 [main] DEBUG org.hibernate.boot.model.internal.AnnotatedColumn - Binding column: AnnotatedJoinColumn(column='task_id')
13:10:12.929 [main] DEBUG org.hibernate.boot.model.internal.AnnotatedColumn - Binding column: AnnotatedJoinColumn(column='dependency_id')
13:10:12.929 [main] DEBUG org.hibernate.boot.model.internal.CollectionBinder - Collection role: org.frcpm.models.Task.preDependencies
13:10:12.929 [main] DEBUG org.hibernate.boot.model.internal.PropertyBinder - Building property preDependencies
13:10:12.929 [main] DEBUG org.hibernate.boot.model.internal.AnnotatedColumn - Binding column: AnnotatedColumn(column='priority')
13:10:12.929 [main] DEBUG org.hibernate.boot.model.internal.PropertyBinder - MetadataSourceProcessor property priority with lazy=false
13:10:12.929 [main] DEBUG org.hibernate.boot.model.internal.AbstractPropertyHolder - Attempting to locate auto-apply AttributeConverter for property [org.frcpm.models.Task:priority]
13:10:12.929 [main] DEBUG org.hibernate.boot.model.internal.BasicValueBinder - building BasicValue for priority
13:10:12.929 [main] DEBUG org.hibernate.mapping.BasicValue - Skipping column re-registration: tasks.priority
13:10:12.929 [main] DEBUG org.hibernate.boot.model.internal.PropertyBinder - Building property priority
13:10:12.929 [main] DEBUG org.hibernate.boot.model.internal.AnnotatedColumn - Binding column: AnnotatedColumn(column='progress')
13:10:12.929 [main] DEBUG org.hibernate.boot.model.internal.PropertyBinder - MetadataSourceProcessor property progress with lazy=false
13:10:12.929 [main] DEBUG org.hibernate.boot.model.internal.AbstractPropertyHolder - Attempting to locate auto-apply AttributeConverter for property [org.frcpm.models.Task:progress]
13:10:12.930 [main] DEBUG org.hibernate.boot.model.internal.BasicValueBinder - building BasicValue for progress
13:10:12.930 [main] DEBUG org.hibernate.mapping.BasicValue - Skipping column re-registration: tasks.progress
13:10:12.930 [main] DEBUG org.hibernate.boot.model.internal.PropertyBinder - Building property progress
13:10:12.930 [main] DEBUG org.hibernate.boot.model.internal.AnnotatedColumn - Binding column: AnnotatedJoinColumn(column='project_id')
13:10:12.930 [main] DEBUG org.hibernate.boot.model.internal.AnnotatedColumn - Binding column: AnnotatedColumn()
13:10:12.930 [main] DEBUG org.hibernate.boot.model.internal.PropertyBinder - Building property project
13:10:12.930 [main] DEBUG org.hibernate.boot.model.internal.AnnotatedColumn - Binding column: IndexColumn(column='requiredComponents_ORDER')
13:10:12.930 [main] DEBUG org.hibernate.boot.model.internal.AnnotatedColumn - Binding column: AnnotatedColumn()
13:10:12.930 [main] DEBUG org.hibernate.boot.model.internal.AnnotatedColumn - Binding column: AnnotatedColumn(column='requiredComponents_KEY')
13:10:12.930 [main] DEBUG org.hibernate.boot.model.internal.AnnotatedColumn - Binding column: AnnotatedJoinColumn(column='requiredComponents_KEY')
13:10:12.930 [main] DEBUG org.hibernate.boot.model.internal.AnnotatedColumn - Binding column: AnnotatedJoinColumn(column='task_id')
13:10:12.930 [main] DEBUG org.hibernate.boot.model.internal.AnnotatedColumn - Binding column: AnnotatedJoinColumn(column='component_id')
13:10:12.930 [main] DEBUG org.hibernate.boot.model.internal.CollectionBinder - Collection role: org.frcpm.models.Task.requiredComponents
13:10:12.930 [main] DEBUG org.hibernate.boot.model.internal.PropertyBinder - Building property requiredComponents
13:10:12.930 [main] DEBUG org.hibernate.boot.model.internal.AnnotatedColumn - Binding column: AnnotatedColumn(column='start_date')
13:10:12.930 [main] DEBUG org.hibernate.boot.model.internal.PropertyBinder - MetadataSourceProcessor property startDate with lazy=false
13:10:12.930 [main] DEBUG org.hibernate.boot.model.internal.AbstractPropertyHolder - Attempting to locate auto-apply AttributeConverter for property [org.frcpm.models.Task:startDate]
13:10:12.930 [main] DEBUG org.hibernate.boot.model.internal.BasicValueBinder - building BasicValue for startDate
13:10:12.930 [main] DEBUG org.hibernate.mapping.BasicValue - Skipping column re-registration: tasks.start_date
13:10:12.930 [main] DEBUG org.hibernate.boot.model.internal.PropertyBinder - Building property startDate
13:10:12.930 [main] DEBUG org.hibernate.boot.model.internal.AnnotatedColumn - Binding column: AnnotatedJoinColumn(column='subsystem_id')
13:10:12.930 [main] DEBUG org.hibernate.boot.model.internal.AnnotatedColumn - Binding column: AnnotatedColumn()
13:10:12.930 [main] DEBUG org.hibernate.boot.model.internal.PropertyBinder - Building property subsystem
13:10:12.930 [main] DEBUG org.hibernate.boot.model.internal.AnnotatedColumn - Binding column: AnnotatedColumn(column='title')
13:10:12.930 [main] DEBUG org.hibernate.boot.model.internal.PropertyBinder - MetadataSourceProcessor property title with lazy=false
13:10:12.930 [main] DEBUG org.hibernate.boot.model.internal.AbstractPropertyHolder - Attempting to locate auto-apply AttributeConverter for property [org.frcpm.models.Task:title]
13:10:12.930 [main] DEBUG org.hibernate.boot.model.internal.BasicValueBinder - building BasicValue for title
13:10:12.930 [main] DEBUG org.hibernate.mapping.BasicValue - Skipping column re-registration: tasks.title
13:10:12.930 [main] DEBUG org.hibernate.boot.model.internal.PropertyBinder - Building property title
13:10:12.931 [main] DEBUG org.hibernate.boot.registry.classloading.internal.ClassLoaderServiceImpl - HHH000194: Package not found or no package-info.java: org.frcpm.models
13:10:12.931 [main] DEBUG org.hibernate.boot.model.internal.EntityBinder - Binding entity from annotated class: org.frcpm.models.TeamMember
13:10:12.931 [main] DEBUG org.hibernate.boot.model.internal.EntityBinder - Import with entity name TeamMember
13:10:12.931 [main] DEBUG org.hibernate.boot.model.internal.EntityBinder - Bind entity org.frcpm.models.TeamMember on table team_members
13:10:12.931 [main] DEBUG org.hibernate.boot.model.internal.AnnotatedColumn - Binding column: AnnotatedDiscriminatorColumn(column='DTYPE')
13:10:12.931 [main] DEBUG org.hibernate.boot.model.internal.AnnotatedColumn - Binding column: AnnotatedColumn()
13:10:12.931 [main] DEBUG org.hibernate.boot.internal.ClassLoaderAccessImpl - Not known whether passed class name [org.frcpm.models.TeamMember] is safe
13:10:12.931 [main] DEBUG org.hibernate.boot.internal.ClassLoaderAccessImpl - No temp ClassLoader provided; using live ClassLoader for loading potentially unsafe class : org.frcpm.models.TeamMember
13:10:12.931 [main] DEBUG org.hibernate.boot.model.internal.PropertyBinder - MetadataSourceProcessor property id with lazy=false
13:10:12.931 [main] DEBUG org.hibernate.boot.model.internal.AbstractPropertyHolder - Attempting to locate auto-apply AttributeConverter for property [org.frcpm.models.TeamMember:id]
13:10:12.931 [main] DEBUG org.hibernate.boot.model.internal.BasicValueBinder - building BasicValue for id
13:10:12.931 [main] DEBUG org.hibernate.mapping.BasicValue - Skipping column re-registration: team_members.id
13:10:12.931 [main] DEBUG org.hibernate.boot.model.internal.PropertyBinder - Building property id
13:10:12.931 [main] DEBUG org.hibernate.boot.model.internal.BinderHelper - #makeIdGenerator(BasicValue([Column(id)]), id, identity, , ...)
13:10:12.931 [main] DEBUG org.hibernate.boot.model.internal.AnnotatedColumn - Binding column: IndexColumn(column='assignedTasks_ORDER')
13:10:12.931 [main] DEBUG org.hibernate.boot.model.internal.AnnotatedColumn - Binding column: AnnotatedColumn()
13:10:12.931 [main] DEBUG org.hibernate.boot.model.internal.AnnotatedColumn - Binding column: AnnotatedColumn(column='assignedTasks_KEY')
13:10:12.931 [main] DEBUG org.hibernate.boot.model.internal.AnnotatedColumn - Binding column: AnnotatedJoinColumn(column='assignedTasks_KEY')
13:10:12.931 [main] DEBUG org.hibernate.boot.model.internal.AnnotatedColumn - Binding column: AnnotatedJoinColumn()
13:10:12.931 [main] DEBUG org.hibernate.boot.model.internal.AnnotatedColumn - Binding column: AnnotatedJoinColumn()
13:10:12.933 [main] DEBUG org.hibernate.boot.model.internal.CollectionBinder - Collection role: org.frcpm.models.TeamMember.assignedTasks
13:10:12.933 [main] DEBUG org.hibernate.boot.model.internal.PropertyBinder - Building property assignedTasks
13:10:12.933 [main] DEBUG org.hibernate.boot.model.internal.AnnotatedColumn - Binding column: AnnotatedJoinColumn()
13:10:12.933 [main] DEBUG org.hibernate.boot.model.internal.AnnotatedColumn - Binding column: AnnotatedColumn()
13:10:12.933 [main] DEBUG org.hibernate.boot.model.internal.AnnotatedColumn - Binding column: IndexColumn(column='attendances_ORDER')
13:10:12.933 [main] DEBUG org.hibernate.boot.model.internal.AnnotatedColumn - Binding column: AnnotatedColumn()
13:10:12.933 [main] DEBUG org.hibernate.boot.model.internal.AnnotatedColumn - Binding column: AnnotatedColumn(column='attendances_KEY')
13:10:12.933 [main] DEBUG org.hibernate.boot.model.internal.AnnotatedColumn - Binding column: AnnotatedJoinColumn(column='attendances_KEY')
13:10:12.933 [main] DEBUG org.hibernate.boot.model.internal.AnnotatedColumn - Binding column: AnnotatedJoinColumn()
13:10:12.933 [main] DEBUG org.hibernate.boot.model.internal.AnnotatedColumn - Binding column: AnnotatedJoinColumn()
13:10:12.933 [main] DEBUG org.hibernate.boot.model.internal.CollectionBinder - Collection role: org.frcpm.models.TeamMember.attendances
13:10:12.933 [main] DEBUG org.hibernate.boot.model.internal.PropertyBinder - Building property attendances
13:10:12.933 [main] DEBUG org.hibernate.boot.model.internal.AnnotatedColumn - Binding column: AnnotatedColumn(column='email')
13:10:12.933 [main] DEBUG org.hibernate.boot.model.internal.PropertyBinder - MetadataSourceProcessor property email with lazy=false
13:10:12.933 [main] DEBUG org.hibernate.boot.model.internal.AbstractPropertyHolder - Attempting to locate auto-apply AttributeConverter for property [org.frcpm.models.TeamMember:email]
13:10:12.933 [main] DEBUG org.hibernate.boot.model.internal.BasicValueBinder - building BasicValue for email
13:10:12.933 [main] DEBUG org.hibernate.mapping.BasicValue - Skipping column re-registration: team_members.email
13:10:12.933 [main] DEBUG org.hibernate.boot.model.internal.PropertyBinder - Building property email
13:10:12.933 [main] DEBUG org.hibernate.boot.model.internal.AnnotatedColumn - Binding column: AnnotatedColumn(column='first_name')
13:10:12.933 [main] DEBUG org.hibernate.boot.model.internal.PropertyBinder - MetadataSourceProcessor property firstName with lazy=false
13:10:12.933 [main] DEBUG org.hibernate.boot.model.internal.AbstractPropertyHolder - Attempting to locate auto-apply AttributeConverter for property [org.frcpm.models.TeamMember:firstName]
13:10:12.933 [main] DEBUG org.hibernate.boot.model.internal.BasicValueBinder - building BasicValue for firstName
13:10:12.933 [main] DEBUG org.hibernate.mapping.BasicValue - Skipping column re-registration: team_members.first_name
13:10:12.933 [main] DEBUG org.hibernate.boot.model.internal.PropertyBinder - Building property firstName
13:10:12.933 [main] DEBUG org.hibernate.boot.model.internal.AnnotatedColumn - Binding column: AnnotatedColumn(column='last_name')
13:10:12.933 [main] DEBUG org.hibernate.boot.model.internal.PropertyBinder - MetadataSourceProcessor property lastName with lazy=false
13:10:12.933 [main] DEBUG org.hibernate.boot.model.internal.AbstractPropertyHolder - Attempting to locate auto-apply AttributeConverter for property [org.frcpm.models.TeamMember:lastName]
13:10:12.933 [main] DEBUG org.hibernate.boot.model.internal.BasicValueBinder - building BasicValue for lastName
13:10:12.933 [main] DEBUG org.hibernate.mapping.BasicValue - Skipping column re-registration: team_members.last_name
13:10:12.933 [main] DEBUG org.hibernate.boot.model.internal.PropertyBinder - Building property lastName
13:10:12.933 [main] DEBUG org.hibernate.boot.model.internal.AnnotatedColumn - Binding column: AnnotatedColumn(column='is_leader')
13:10:12.933 [main] DEBUG org.hibernate.boot.model.internal.PropertyBinder - MetadataSourceProcessor property leader with lazy=false
13:10:12.933 [main] DEBUG org.hibernate.boot.model.internal.AbstractPropertyHolder - Attempting to locate auto-apply AttributeConverter for property [org.frcpm.models.TeamMember:leader]
13:10:12.933 [main] DEBUG org.hibernate.boot.model.internal.BasicValueBinder - building BasicValue for leader
13:10:12.933 [main] DEBUG org.hibernate.mapping.BasicValue - Skipping column re-registration: team_members.is_leader
13:10:12.933 [main] DEBUG org.hibernate.boot.model.internal.PropertyBinder - Building property leader
13:10:12.933 [main] DEBUG org.hibernate.boot.model.internal.AnnotatedColumn - Binding column: AnnotatedColumn(column='phone')
13:10:12.933 [main] DEBUG org.hibernate.boot.model.internal.PropertyBinder - MetadataSourceProcessor property phone with lazy=false
13:10:12.933 [main] DEBUG org.hibernate.boot.model.internal.AbstractPropertyHolder - Attempting to locate auto-apply AttributeConverter for property [org.frcpm.models.TeamMember:phone]
13:10:12.933 [main] DEBUG org.hibernate.boot.model.internal.BasicValueBinder - building BasicValue for phone
13:10:12.933 [main] DEBUG org.hibernate.mapping.BasicValue - Skipping column re-registration: team_members.phone
13:10:12.933 [main] DEBUG org.hibernate.boot.model.internal.PropertyBinder - Building property phone
13:10:12.933 [main] DEBUG org.hibernate.boot.model.internal.AnnotatedColumn - Binding column: AnnotatedColumn(column='skills')
13:10:12.933 [main] DEBUG org.hibernate.boot.model.internal.PropertyBinder - MetadataSourceProcessor property skills with lazy=false
13:10:12.933 [main] DEBUG org.hibernate.boot.model.internal.AbstractPropertyHolder - Attempting to locate auto-apply AttributeConverter for property [org.frcpm.models.TeamMember:skills]
13:10:12.933 [main] DEBUG org.hibernate.boot.model.internal.BasicValueBinder - building BasicValue for skills
13:10:12.933 [main] DEBUG org.hibernate.mapping.BasicValue - Skipping column re-registration: team_members.skills
13:10:12.933 [main] DEBUG org.hibernate.boot.model.internal.PropertyBinder - Building property skills
13:10:12.934 [main] DEBUG org.hibernate.boot.model.internal.AnnotatedColumn - Binding column: AnnotatedJoinColumn(column='subteam_id')
13:10:12.934 [main] DEBUG org.hibernate.boot.model.internal.AnnotatedColumn - Binding column: AnnotatedColumn()
13:10:12.934 [main] DEBUG org.hibernate.boot.model.internal.PropertyBinder - Building property subteam
13:10:12.934 [main] DEBUG org.hibernate.boot.model.internal.AnnotatedColumn - Binding column: AnnotatedColumn(column='username')
13:10:12.934 [main] DEBUG org.hibernate.boot.model.internal.PropertyBinder - MetadataSourceProcessor property username with lazy=false
13:10:12.934 [main] DEBUG org.hibernate.boot.model.internal.AbstractPropertyHolder - Attempting to locate auto-apply AttributeConverter for property [org.frcpm.models.TeamMember:username]
13:10:12.934 [main] DEBUG org.hibernate.boot.model.internal.BasicValueBinder - building BasicValue for username
13:10:12.934 [main] DEBUG org.hibernate.mapping.BasicValue - Skipping column re-registration: team_members.username
13:10:12.934 [main] DEBUG org.hibernate.boot.model.internal.PropertyBinder - Building property username
13:10:12.935 [main] DEBUG org.hibernate.boot.registry.classloading.internal.ClassLoaderServiceImpl - HHH000194: Package not found or no package-info.java: org.frcpm.models
13:10:12.936 [main] DEBUG org.hibernate.boot.model.internal.BasicValueBinder - Starting `BasicValueBinder#fillSimpleValue` for id
13:10:12.936 [main] DEBUG org.hibernate.boot.model.internal.BasicValueBinder - Starting `BasicValueBinder#fillSimpleValue` for arrivalTime
13:10:12.936 [main] DEBUG org.hibernate.boot.model.internal.BasicValueBinder - Starting `BasicValueBinder#fillSimpleValue` for departureTime
13:10:12.936 [main] DEBUG org.hibernate.boot.model.internal.BasicValueBinder - Starting `BasicValueBinder#fillSimpleValue` for present
13:10:12.936 [main] DEBUG org.hibernate.boot.model.internal.BasicValueBinder - Starting `BasicValueBinder#fillSimpleValue` for id
13:10:12.936 [main] DEBUG org.hibernate.boot.model.internal.BasicValueBinder - Starting `BasicValueBinder#fillSimpleValue` for date
13:10:12.936 [main] DEBUG org.hibernate.boot.model.internal.BasicValueBinder - Starting `BasicValueBinder#fillSimpleValue` for endTime
13:10:12.936 [main] DEBUG org.hibernate.boot.model.internal.BasicValueBinder - Starting `BasicValueBinder#fillSimpleValue` for notes
13:10:12.936 [main] DEBUG org.hibernate.boot.model.internal.BasicValueBinder - Starting `BasicValueBinder#fillSimpleValue` for startTime
13:10:12.936 [main] DEBUG org.hibernate.boot.model.internal.BasicValueBinder - Starting `BasicValueBinder#fillSimpleValue` for id
13:10:12.937 [main] DEBUG org.hibernate.boot.model.internal.BasicValueBinder - Starting `BasicValueBinder#fillSimpleValue` for description
13:10:12.937 [main] DEBUG org.hibernate.boot.model.internal.BasicValueBinder - Starting `BasicValueBinder#fillSimpleValue` for name
13:10:12.937 [main] DEBUG org.hibernate.boot.model.internal.BasicValueBinder - Starting `BasicValueBinder#fillSimpleValue` for status
13:10:12.937 [main] DEBUG org.hibernate.boot.model.internal.BasicValueBinder - Starting `BasicValueBinder#fillSimpleValue` for id
13:10:12.937 [main] DEBUG org.hibernate.boot.model.internal.BasicValueBinder - Starting `BasicValueBinder#fillSimpleValue` for actualDelivery
13:10:12.937 [main] DEBUG org.hibernate.boot.model.internal.BasicValueBinder - Starting `BasicValueBinder#fillSimpleValue` for delivered
13:10:12.937 [main] DEBUG org.hibernate.boot.model.internal.BasicValueBinder - Starting `BasicValueBinder#fillSimpleValue` for description
13:10:12.937 [main] DEBUG org.hibernate.boot.model.internal.BasicValueBinder - Starting `BasicValueBinder#fillSimpleValue` for expectedDelivery
13:10:12.937 [main] DEBUG org.hibernate.boot.model.internal.BasicValueBinder - Starting `BasicValueBinder#fillSimpleValue` for name
13:10:12.937 [main] DEBUG org.hibernate.boot.model.internal.BasicValueBinder - Starting `BasicValueBinder#fillSimpleValue` for partNumber
13:10:12.937 [main] DEBUG org.hibernate.boot.model.internal.BasicValueBinder - Starting `BasicValueBinder#fillSimpleValue` for id
13:10:12.937 [main] DEBUG org.hibernate.boot.model.internal.BasicValueBinder - Starting `BasicValueBinder#fillSimpleValue` for date
13:10:12.937 [main] DEBUG org.hibernate.boot.model.internal.BasicValueBinder - Starting `BasicValueBinder#fillSimpleValue` for description
13:10:12.937 [main] DEBUG org.hibernate.boot.model.internal.BasicValueBinder - Starting `BasicValueBinder#fillSimpleValue` for name
13:10:12.937 [main] DEBUG org.hibernate.boot.model.internal.BasicValueBinder - Starting `BasicValueBinder#fillSimpleValue` for id
13:10:12.937 [main] DEBUG org.hibernate.boot.model.internal.BasicValueBinder - Starting `BasicValueBinder#fillSimpleValue` for description
13:10:12.937 [main] DEBUG org.hibernate.boot.model.internal.BasicValueBinder - Starting `BasicValueBinder#fillSimpleValue` for goalEndDate
13:10:12.937 [main] DEBUG org.hibernate.boot.model.internal.BasicValueBinder - Starting `BasicValueBinder#fillSimpleValue` for hardDeadline
13:10:12.937 [main] DEBUG org.hibernate.boot.model.internal.BasicValueBinder - Starting `BasicValueBinder#fillSimpleValue` for name
13:10:12.937 [main] DEBUG org.hibernate.boot.model.internal.BasicValueBinder - Starting `BasicValueBinder#fillSimpleValue` for startDate
13:10:12.937 [main] DEBUG org.hibernate.boot.model.internal.BasicValueBinder - Starting `BasicValueBinder#fillSimpleValue` for id
13:10:12.938 [main] DEBUG org.hibernate.boot.model.internal.BasicValueBinder - Starting `BasicValueBinder#fillSimpleValue` for colorCode
13:10:12.938 [main] DEBUG org.hibernate.boot.model.internal.BasicValueBinder - Starting `BasicValueBinder#fillSimpleValue` for name
13:10:12.938 [main] DEBUG org.hibernate.boot.model.internal.BasicValueBinder - Starting `BasicValueBinder#fillSimpleValue` for specialties
13:10:12.938 [main] DEBUG org.hibernate.boot.model.internal.BasicValueBinder - Starting `BasicValueBinder#fillSimpleValue` for id
13:10:12.938 [main] DEBUG org.hibernate.boot.model.internal.BasicValueBinder - Starting `BasicValueBinder#fillSimpleValue` for actualDurationSeconds
13:10:12.938 [main] DEBUG org.hibernate.boot.model.internal.BasicValueBinder - Starting `BasicValueBinder#fillSimpleValue` for completed
13:10:12.938 [main] DEBUG org.hibernate.boot.model.internal.BasicValueBinder - Starting `BasicValueBinder#fillSimpleValue` for description
13:10:12.938 [main] DEBUG org.hibernate.boot.model.internal.BasicValueBinder - Starting `BasicValueBinder#fillSimpleValue` for endDate
13:10:12.938 [main] DEBUG org.hibernate.boot.model.internal.BasicValueBinder - Starting `BasicValueBinder#fillSimpleValue` for estimatedDurationSeconds
13:10:12.939 [main] DEBUG org.hibernate.boot.model.internal.BasicValueBinder - Starting `BasicValueBinder#fillSimpleValue` for priority
13:10:12.939 [main] DEBUG org.hibernate.boot.model.internal.BasicValueBinder - Starting `BasicValueBinder#fillSimpleValue` for progress
13:10:12.939 [main] DEBUG org.hibernate.boot.model.internal.BasicValueBinder - Starting `BasicValueBinder#fillSimpleValue` for startDate
13:10:12.939 [main] DEBUG org.hibernate.boot.model.internal.BasicValueBinder - Starting `BasicValueBinder#fillSimpleValue` for title
13:10:12.939 [main] DEBUG org.hibernate.boot.model.internal.BasicValueBinder - Starting `BasicValueBinder#fillSimpleValue` for id
13:10:12.939 [main] DEBUG org.hibernate.boot.model.internal.BasicValueBinder - Starting `BasicValueBinder#fillSimpleValue` for email
13:10:12.939 [main] DEBUG org.hibernate.boot.model.internal.BasicValueBinder - Starting `BasicValueBinder#fillSimpleValue` for firstName
13:10:12.939 [main] DEBUG org.hibernate.boot.model.internal.BasicValueBinder - Starting `BasicValueBinder#fillSimpleValue` for lastName
13:10:12.939 [main] DEBUG org.hibernate.boot.model.internal.BasicValueBinder - Starting `BasicValueBinder#fillSimpleValue` for leader
13:10:12.939 [main] DEBUG org.hibernate.boot.model.internal.BasicValueBinder - Starting `BasicValueBinder#fillSimpleValue` for phone
13:10:12.939 [main] DEBUG org.hibernate.boot.model.internal.BasicValueBinder - Starting `BasicValueBinder#fillSimpleValue` for skills
13:10:12.939 [main] DEBUG org.hibernate.boot.model.internal.BasicValueBinder - Starting `BasicValueBinder#fillSimpleValue` for username
13:10:12.940 [main] DEBUG org.hibernate.mapping.PrimaryKey - Forcing column [id] to be non-null as it is part of the primary key for table [attendances]
13:10:12.940 [main] DEBUG org.hibernate.mapping.PrimaryKey - Forcing column [id] to be non-null as it is part of the primary key for table [meetings]
13:10:12.940 [main] DEBUG org.hibernate.mapping.PrimaryKey - Forcing column [id] to be non-null as it is part of the primary key for table [subsystems]
13:10:12.940 [main] DEBUG org.hibernate.mapping.PrimaryKey - Forcing column [id] to be non-null as it is part of the primary key for table [components]
13:10:12.940 [main] DEBUG org.hibernate.mapping.PrimaryKey - Forcing column [id] to be non-null as it is part of the primary key for table [milestones]
13:10:12.940 [main] DEBUG org.hibernate.mapping.PrimaryKey - Forcing column [id] to be non-null as it is part of the primary key for table [projects]
13:10:12.940 [main] DEBUG org.hibernate.mapping.PrimaryKey - Forcing column [id] to be non-null as it is part of the primary key for table [subteams]
13:10:12.940 [main] DEBUG org.hibernate.mapping.PrimaryKey - Forcing column [id] to be non-null as it is part of the primary key for table [tasks]
13:10:12.940 [main] DEBUG org.hibernate.mapping.PrimaryKey - Forcing column [id] to be non-null as it is part of the primary key for table [team_members]
13:10:12.940 [main] DEBUG org.hibernate.boot.model.internal.CollectionSecondPass - Second pass for collection: org.frcpm.models.Task.requiredComponents
13:10:12.940 [main] DEBUG org.hibernate.boot.model.internal.CollectionBinder - Binding a ManyToMany: org.frcpm.models.Task.requiredComponents
13:10:12.941 [main] DEBUG org.hibernate.boot.registry.classloading.internal.ClassLoaderServiceImpl - HHH000194: Package not found or no package-info.java: org.frcpm.models
13:10:12.941 [main] DEBUG org.hibernate.mapping.PrimaryKey - Forcing column [task_id] to be non-null as it is part of the primary key for table [task_components]
13:10:12.941 [main] DEBUG org.hibernate.mapping.PrimaryKey - Forcing column [component_id] to be non-null as it is part of the primary key for table [task_components]
13:10:12.941 [main] DEBUG org.hibernate.boot.model.internal.CollectionSecondPass - Mapped collection key: task_id, element: component_id
13:10:12.941 [main] DEBUG org.hibernate.boot.model.internal.CollectionSecondPass - Second pass for collection: org.frcpm.models.Task.preDependencies
13:10:12.941 [main] DEBUG org.hibernate.boot.model.internal.CollectionBinder - Binding a ManyToMany: org.frcpm.models.Task.preDependencies
13:10:12.942 [main] DEBUG org.hibernate.boot.registry.classloading.internal.ClassLoaderServiceImpl - HHH000194: Package not found or no package-info.java: org.frcpm.models
13:10:12.942 [main] DEBUG org.hibernate.mapping.PrimaryKey - Forcing column [task_id] to be non-null as it is part of the primary key for table [task_dependencies]
13:10:12.942 [main] DEBUG org.hibernate.mapping.PrimaryKey - Forcing column [dependency_id] to be non-null as it is part of the primary key for table [task_dependencies]
13:10:12.942 [main] DEBUG org.hibernate.boot.model.internal.CollectionSecondPass - Mapped collection key: task_id, element: dependency_id
13:10:12.942 [main] DEBUG org.hibernate.boot.model.internal.CollectionSecondPass - Second pass for collection: org.frcpm.models.Task.assignedTo
13:10:12.942 [main] DEBUG org.hibernate.boot.model.internal.CollectionBinder - Binding a ManyToMany: org.frcpm.models.Task.assignedTo
13:10:12.942 [main] DEBUG org.hibernate.boot.registry.classloading.internal.ClassLoaderServiceImpl - HHH000194: Package not found or no package-info.java: org.frcpm.models
13:10:12.942 [main] DEBUG org.hibernate.mapping.PrimaryKey - Forcing column [task_id] to be non-null as it is part of the primary key for table [task_assignments]
13:10:12.942 [main] DEBUG org.hibernate.mapping.PrimaryKey - Forcing column [team_member_id] to be non-null as it is part of the primary key for table [task_assignments]
13:10:12.942 [main] DEBUG org.hibernate.boot.model.internal.CollectionSecondPass - Mapped collection key: task_id, element: team_member_id
13:10:12.942 [main] DEBUG org.hibernate.boot.model.internal.CollectionSecondPass - Second pass for collection: org.frcpm.models.Meeting.attendances
13:10:12.942 [main] DEBUG org.hibernate.boot.model.internal.CollectionBinder - Binding a OneToMany: org.frcpm.models.Meeting.attendances through a foreign key
13:10:12.942 [main] DEBUG org.hibernate.boot.model.internal.CollectionBinder - Mapping collection: org.frcpm.models.Meeting.attendances -> attendances
13:10:12.942 [main] DEBUG org.hibernate.boot.model.internal.TableBinder - Retrieving property org.frcpm.models.Attendance.meeting
13:10:12.942 [main] DEBUG org.hibernate.boot.model.internal.CollectionSecondPass - Mapped collection key: meeting_id, one-to-many: org.frcpm.models.Attendance
13:10:12.942 [main] DEBUG org.hibernate.boot.model.internal.CollectionSecondPass - Second pass for collection: org.frcpm.models.Subsystem.tasks
13:10:12.942 [main] DEBUG org.hibernate.boot.model.internal.CollectionBinder - Binding a OneToMany: org.frcpm.models.Subsystem.tasks through a foreign key
13:10:12.942 [main] DEBUG org.hibernate.boot.model.internal.CollectionBinder - Mapping collection: org.frcpm.models.Subsystem.tasks -> tasks
13:10:12.943 [main] DEBUG org.hibernate.boot.model.internal.TableBinder - Retrieving property org.frcpm.models.Task.subsystem
13:10:12.943 [main] DEBUG org.hibernate.boot.model.internal.CollectionSecondPass - Mapped collection key: subsystem_id, one-to-many: org.frcpm.models.Task
13:10:12.943 [main] DEBUG org.hibernate.boot.model.internal.CollectionSecondPass - Second pass for collection: org.frcpm.models.Component.requiredForTasks
13:10:12.943 [main] DEBUG org.hibernate.boot.model.internal.CollectionBinder - Binding a ManyToMany: org.frcpm.models.Component.requiredForTasks
13:10:12.943 [main] DEBUG org.hibernate.boot.registry.classloading.internal.ClassLoaderServiceImpl - HHH000194: Package not found or no package-info.java: org.frcpm.models
13:10:12.944 [main] DEBUG org.hibernate.boot.model.internal.TableBinder - Retrieving property org.frcpm.models.Task.requiredComponents
13:10:12.944 [main] DEBUG org.hibernate.boot.model.internal.CollectionSecondPass - Mapped collection key: component_id, element: task_id
13:10:12.944 [main] DEBUG org.hibernate.boot.model.internal.CollectionSecondPass - Second pass for collection: org.frcpm.models.Project.meetings
13:10:12.944 [main] DEBUG org.hibernate.boot.model.internal.CollectionBinder - Binding a OneToMany: org.frcpm.models.Project.meetings through a foreign key
13:10:12.944 [main] DEBUG org.hibernate.boot.model.internal.CollectionBinder - Mapping collection: org.frcpm.models.Project.meetings -> meetings
13:10:12.944 [main] DEBUG org.hibernate.boot.model.internal.TableBinder - Retrieving property org.frcpm.models.Meeting.project
13:10:12.944 [main] DEBUG org.hibernate.boot.model.internal.CollectionSecondPass - Mapped collection key: project_id, one-to-many: org.frcpm.models.Meeting
13:10:12.944 [main] DEBUG org.hibernate.boot.model.internal.CollectionSecondPass - Second pass for collection: org.frcpm.models.Project.milestones
13:10:12.944 [main] DEBUG org.hibernate.boot.model.internal.CollectionBinder - Binding a OneToMany: org.frcpm.models.Project.milestones through a foreign key
13:10:12.944 [main] DEBUG org.hibernate.boot.model.internal.CollectionBinder - Mapping collection: org.frcpm.models.Project.milestones -> milestones
13:10:12.944 [main] DEBUG org.hibernate.boot.model.internal.TableBinder - Retrieving property org.frcpm.models.Milestone.project
13:10:12.944 [main] DEBUG org.hibernate.boot.model.internal.CollectionSecondPass - Mapped collection key: project_id, one-to-many: org.frcpm.models.Milestone
13:10:12.944 [main] DEBUG org.hibernate.boot.model.internal.CollectionSecondPass - Second pass for collection: org.frcpm.models.Project.tasks
13:10:12.944 [main] DEBUG org.hibernate.boot.model.internal.CollectionBinder - Binding a OneToMany: org.frcpm.models.Project.tasks through a foreign key
13:10:12.944 [main] DEBUG org.hibernate.boot.model.internal.CollectionBinder - Mapping collection: org.frcpm.models.Project.tasks -> tasks
13:10:12.944 [main] DEBUG org.hibernate.boot.model.internal.TableBinder - Retrieving property org.frcpm.models.Task.project
13:10:12.944 [main] DEBUG org.hibernate.boot.model.internal.CollectionSecondPass - Mapped collection key: project_id, one-to-many: org.frcpm.models.Task
13:10:12.944 [main] DEBUG org.hibernate.boot.model.internal.CollectionSecondPass - Second pass for collection: org.frcpm.models.Subteam.members
13:10:12.944 [main] DEBUG org.hibernate.boot.model.internal.CollectionBinder - Binding a OneToMany: org.frcpm.models.Subteam.members through a foreign key
13:10:12.944 [main] DEBUG org.hibernate.boot.model.internal.CollectionBinder - Mapping collection: org.frcpm.models.Subteam.members -> team_members
13:10:12.944 [main] DEBUG org.hibernate.boot.model.internal.TableBinder - Retrieving property org.frcpm.models.TeamMember.subteam
13:10:12.944 [main] DEBUG org.hibernate.boot.model.internal.CollectionSecondPass - Mapped collection key: subteam_id, one-to-many: org.frcpm.models.TeamMember
13:10:12.944 [main] DEBUG org.hibernate.boot.model.internal.CollectionSecondPass - Second pass for collection: org.frcpm.models.Subteam.subsystems
13:10:12.944 [main] DEBUG org.hibernate.boot.model.internal.CollectionBinder - Binding a OneToMany: org.frcpm.models.Subteam.subsystems through a foreign key
13:10:12.944 [main] DEBUG org.hibernate.boot.model.internal.CollectionBinder - Mapping collection: org.frcpm.models.Subteam.subsystems -> subsystems
13:10:12.944 [main] DEBUG org.hibernate.boot.model.internal.TableBinder - Retrieving property org.frcpm.models.Subsystem.responsibleSubteam
13:10:12.944 [main] DEBUG org.hibernate.boot.model.internal.CollectionSecondPass - Mapped collection key: responsible_subteam_id, one-to-many: org.frcpm.models.Subsystem
13:10:12.944 [main] DEBUG org.hibernate.boot.model.internal.CollectionSecondPass - Second pass for collection: org.frcpm.models.Task.postDependencies
13:10:12.944 [main] DEBUG org.hibernate.boot.model.internal.CollectionBinder - Binding a ManyToMany: org.frcpm.models.Task.postDependencies
13:10:12.945 [main] DEBUG org.hibernate.boot.registry.classloading.internal.ClassLoaderServiceImpl - HHH000194: Package not found or no package-info.java: org.frcpm.models
13:10:12.945 [main] DEBUG org.hibernate.boot.model.internal.TableBinder - Retrieving property org.frcpm.models.Task.preDependencies
13:10:12.945 [main] DEBUG org.hibernate.boot.model.internal.CollectionSecondPass - Mapped collection key: dependency_id, element: task_id
13:10:12.945 [main] DEBUG org.hibernate.boot.model.internal.CollectionSecondPass - Second pass for collection: org.frcpm.models.TeamMember.assignedTasks
13:10:12.945 [main] DEBUG org.hibernate.boot.model.internal.CollectionBinder - Binding a ManyToMany: org.frcpm.models.TeamMember.assignedTasks
13:10:12.946 [main] DEBUG org.hibernate.boot.registry.classloading.internal.ClassLoaderServiceImpl - HHH000194: Package not found or no package-info.java: org.frcpm.models
13:10:12.946 [main] DEBUG org.hibernate.boot.model.internal.TableBinder - Retrieving property org.frcpm.models.Task.assignedTo
13:10:12.946 [main] DEBUG org.hibernate.boot.model.internal.CollectionSecondPass - Mapped collection key: team_member_id, element: task_id
13:10:12.946 [main] DEBUG org.hibernate.boot.model.internal.CollectionSecondPass - Second pass for collection: org.frcpm.models.TeamMember.attendances
13:10:12.946 [main] DEBUG org.hibernate.boot.model.internal.CollectionBinder - Binding a OneToMany: org.frcpm.models.TeamMember.attendances through a foreign key
13:10:12.946 [main] DEBUG org.hibernate.boot.model.internal.CollectionBinder - Mapping collection: org.frcpm.models.TeamMember.attendances -> attendances
13:10:12.946 [main] DEBUG org.hibernate.boot.model.internal.TableBinder - Retrieving property org.frcpm.models.Attendance.member
13:10:12.946 [main] DEBUG org.hibernate.boot.model.internal.CollectionSecondPass - Mapped collection key: member_id, one-to-many: org.frcpm.models.Attendance
13:10:12.963 [main] DEBUG org.hibernate.internal.SessionFactoryImpl - Building session factory
13:10:12.965 [main] DEBUG org.hibernate.service.internal.SessionFactoryServiceRegistryImpl - EventListenerRegistry access via ServiceRegistry is deprecated.  Use `sessionFactory.getEventEngine().getListenerRegistry()` instead
13:10:12.965 [main] DEBUG org.hibernate.internal.SessionFactoryImpl - Instantiating SessionFactory with settings: {hibernate.format_sql=true, java.specification.version=21, sun.cpu.isalist=amd64, hibernate.connection.handling_mode=DELAYED_ACQUISITION_AND_RELEASE_AFTER_STATEMENT, sun.jnu.encoding=Cp1252, hibernate.dialect=org.hibernate.dialect.H2Dialect, java.class.path=C:\Users\dhiebert\Local Repositories\Project Management 2.0\target\test-classes;C:\Users\dhiebert\Local Repositories\Project Management 2.0\target\classes;C:\Users\dhiebert\.m2\repository\org\openjfx\javafx-controls\21.0.2\javafx-controls-21.0.2.jar;C:\Users\dhiebert\.m2\repository\org\openjfx\javafx-controls\21.0.2\javafx-controls-21.0.2-win.jar;C:\Users\dhiebert\.m2\repository\org\openjfx\javafx-fxml\21.0.2\javafx-fxml-21.0.2.jar;C:\Users\dhiebert\.m2\repository\org\openjfx\javafx-fxml\21.0.2\javafx-fxml-21.0.2-win.jar;C:\Users\dhiebert\.m2\repository\org\openjfx\javafx-graphics\21.0.2\javafx-graphics-21.0.2.jar;C:\Users\dhiebert\.m2\repository\org\openjfx\javafx-graphics\21.0.2\javafx-graphics-21.0.2-win.jar;C:\Users\dhiebert\.m2\repository\org\openjfx\javafx-base\21.0.2\javafx-base-21.0.2.jar;C:\Users\dhiebert\.m2\repository\org\openjfx\javafx-base\21.0.2\javafx-base-21.0.2-win.jar;C:\Users\dhiebert\.m2\repository\com\h2database\h2\2.2.224\h2-2.2.224.jar;C:\Users\dhiebert\.m2\repository\com\zaxxer\HikariCP\5.1.0\HikariCP-5.1.0.jar;C:\Users\dhiebert\.m2\repository\org\slf4j\slf4j-api\1.7.36\slf4j-api-1.7.36.jar;C:\Users\dhiebert\.m2\repository\org\hibernate\orm\hibernate-core\6.5.0.Final\hibernate-core-6.5.0.Final.jar;C:\Users\dhiebert\.m2\repository\jakarta\persistence\jakarta.persistence-api\3.1.0\jakarta.persistence-api-3.1.0.jar;C:\Users\dhiebert\.m2\repository\jakarta\transaction\jakarta.transaction-api\2.0.1\jakarta.transaction-api-2.0.1.jar;C:\Users\dhiebert\.m2\repository\org\jboss\logging\jboss-logging\3.5.0.Final\jboss-logging-3.5.0.Final.jar;C:\Users\dhiebert\.m2\repository\org\hibernate\common\hibernate-commons-annotations\6.0.6.Final\hibernate-commons-annotations-6.0.6.Final.jar;C:\Users\dhiebert\.m2\repository\io\smallrye\jandex\3.1.2\jandex-3.1.2.jar;C:\Users\dhiebert\.m2\repository\com\fasterxml\classmate\1.5.1\classmate-1.5.1.jar;C:\Users\dhiebert\.m2\repository\net\bytebuddy\byte-buddy\1.14.12\byte-buddy-1.14.12.jar;C:\Users\dhiebert\.m2\repository\jakarta\xml\bind\jakarta.xml.bind-api\4.0.0\jakarta.xml.bind-api-4.0.0.jar;C:\Users\dhiebert\.m2\repository\jakarta\activation\jakarta.activation-api\2.1.0\jakarta.activation-api-2.1.0.jar;C:\Users\dhiebert\.m2\repository\org\glassfish\jaxb\jaxb-runtime\4.0.2\jaxb-runtime-4.0.2.jar;C:\Users\dhiebert\.m2\repository\org\glassfish\jaxb\jaxb-core\4.0.2\jaxb-core-4.0.2.jar;C:\Users\dhiebert\.m2\repository\org\eclipse\angus\angus-activation\2.0.0\angus-activation-2.0.0.jar;C:\Users\dhiebert\.m2\repository\org\glassfish\jaxb\txw2\4.0.2\txw2-4.0.2.jar;C:\Users\dhiebert\.m2\repository\com\sun\istack\istack-commons-runtime\4.1.1\istack-commons-runtime-4.1.1.jar;C:\Users\dhiebert\.m2\repository\jakarta\inject\jakarta.inject-api\2.0.1\jakarta.inject-api-2.0.1.jar;C:\Users\dhiebert\.m2\repository\org\antlr\antlr4-runtime\4.13.0\antlr4-runtime-4.13.0.jar;C:\Users\dhiebert\.m2\repository\org\hibernate\validator\hibernate-validator\8.0.1.Final\hibernate-validator-8.0.1.Final.jar;C:\Users\dhiebert\.m2\repository\jakarta\validation\jakarta.validation-api\3.0.2\jakarta.validation-api-3.0.2.jar;C:\Users\dhiebert\.m2\repository\org\junit\jupiter\junit-jupiter-api\5.10.2\junit-jupiter-api-5.10.2.jar;C:\Users\dhiebert\.m2\repository\org\opentest4j\opentest4j\1.3.0\opentest4j-1.3.0.jar;C:\Users\dhiebert\.m2\repository\org\junit\platform\junit-platform-commons\1.10.2\junit-platform-commons-1.10.2.jar;C:\Users\dhiebert\.m2\repository\org\apiguardian\apiguardian-api\1.1.2\apiguardian-api-1.1.2.jar;C:\Users\dhiebert\.m2\repository\org\junit\jupiter\junit-jupiter-engine\5.10.2\junit-jupiter-engine-5.10.2.jar;C:\Users\dhiebert\.m2\repository\org\junit\platform\junit-platform-engine\1.10.2\junit-platform-engine-1.10.2.jar;C:\Users\dhiebert\.m2\repository\org\mockito\mockito-junit-jupiter\5.10.0\mockito-junit-jupiter-5.10.0.jar;C:\Users\dhiebert\.m2\repository\org\mockito\mockito-core\5.10.0\mockito-core-5.10.0.jar;C:\Users\dhiebert\.m2\repository\net\bytebuddy\byte-buddy-agent\1.14.11\byte-buddy-agent-1.14.11.jar;C:\Users\dhiebert\.m2\repository\org\objenesis\objenesis\3.3\objenesis-3.3.jar;C:\Users\dhiebert\.m2\repository\org\hibernate\orm\hibernate-hikaricp\6.5.0.Final\hibernate-hikaricp-6.5.0.Final.jar;C:\Users\dhiebert\.m2\repository\ch\qos\logback\logback-classic\1.2.11\logback-classic-1.2.11.jar;C:\Users\dhiebert\.m2\repository\ch\qos\logback\logback-core\1.2.11\logback-core-1.2.11.jar;C:\Users\dhiebert\.m2\repository\org\testfx\testfx-core\4.0.18\testfx-core-4.0.18.jar;C:\Users\dhiebert\.m2\repository\org\hamcrest\hamcrest\2.1\hamcrest-2.1.jar;C:\Users\dhiebert\.m2\repository\org\assertj\assertj-core\3.13.2\assertj-core-3.13.2.jar;C:\Users\dhiebert\.m2\repository\org\osgi\org.osgi.core\6.0.0\org.osgi.core-6.0.0.jar;C:\Users\dhiebert\.m2\repository\org\testfx\testfx-junit5\4.0.18\testfx-junit5-4.0.18.jar;C:\Users\dhiebert\.m2\repository\org\openjfx\javafx-web\17.0.2\javafx-web-17.0.2.jar;C:\Users\dhiebert\.m2\repository\org\openjfx\javafx-web\17.0.2\javafx-web-17.0.2-win.jar;C:\Users\dhiebert\.m2\repository\org\openjfx\javafx-media\17.0.2\javafx-media-17.0.2.jar;C:\Users\dhiebert\.m2\repository\org\openjfx\javafx-media\17.0.2\javafx-media-17.0.2-win.jar;C:\Users\dhiebert\.m2\repository\org\apache\pdfbox\pdfbox\2.0.27\pdfbox-2.0.27.jar;C:\Users\dhiebert\.m2\repository\org\apache\pdfbox\fontbox\2.0.27\fontbox-2.0.27.jar;C:\Users\dhiebert\.m2\repository\commons-logging\commons-logging\1.2\commons-logging-1.2.jar;C:\Users\dhiebert\.m2\repository\com\fasterxml\jackson\core\jackson-databind\2.15.0\jackson-databind-2.15.0.jar;C:\Users\dhiebert\.m2\repository\com\fasterxml\jackson\core\jackson-annotations\2.15.0\jackson-annotations-2.15.0.jar;C:\Users\dhiebert\.m2\repository\com\fasterxml\jackson\core\jackson-core\2.15.0\jackson-core-2.15.0.jar;C:\Users\dhiebert\.m2\repository\org\apache\xmlgraphics\batik-all\1.16\batik-all-1.16.jar;C:\Users\dhiebert\.m2\repository\xml-apis\xml-apis\1.4.01\xml-apis-1.4.01.jar;C:\Users\dhiebert\.m2\repository\xml-apis\xml-apis-ext\1.3.04\xml-apis-ext-1.3.04.jar;C:\Users\dhiebert\.m2\repository\org\apache\xmlgraphics\xmlgraphics-commons\2.7\xmlgraphics-commons-2.7.jar;C:\Users\dhiebert\.m2\repository\commons-io\commons-io\1.3.1\commons-io-1.3.1.jar;C:\Users\dhiebert\.m2\repository\org\jgrapht\jgrapht-core\1.5.2\jgrapht-core-1.5.2.jar;C:\Users\dhiebert\.m2\repository\org\jheaps\jheaps\0.14\jheaps-0.14.jar;C:\Users\dhiebert\.m2\repository\org\apfloat\apfloat\1.10.1\apfloat-1.10.1.jar;, java.vm.vendor=Eclipse Adoptium, sun.arch.data.model=64, hibernate.order_inserts=true, user.variant=, java.vendor.url=https://adoptium.net/, user.timezone=America/Chicago, javax.persistence.jdbc.user=****, javax.persistence.jdbc.url=jdbc:h2:mem:testdb;DB_CLOSE_DELAY=-1, java.vm.specification.version=21, os.name=Windows 11, hibernate.generate_statistics=false, hibernate.hikari.connectionTimeout=10000, hibernate.order_updates=true, hibernate.jdbc.batch_versioned_data=true, jakarta.persistence.jdbc.password=****, hibernate.jdbc.batch_size=30, sun.java.launcher=SUN_STANDARD, user.country=US, local.setting.IS_JTA_TXN_COORD=false, sun.boot.library.path=C:\Program Files\Eclipse Adoptium\jdk-21.0.6.7-hotspot\bin, sun.java.command=C:\Users\dhiebert\AppData\Local\Temp\surefire10019069690924606344\surefirebooter-20250411131008082_3.jar C:\Users\dhiebert\AppData\Local\Temp\surefire10019069690924606344 2025-04-11T13-10-07_936-jvmRun1 surefire-20250411131008082_1tmp surefire_0-20250411131008082_2tmp, hibernate.use_sql_comments=true, hibernate.connection.provider_class=org.hibernate.hikaricp.internal.HikariCPConnectionProvider, jdk.debug=release, test=JpaRepositoryImplTest, surefire.test.class.path=C:\Users\dhiebert\Local Repositories\Project Management 2.0\target\test-classes;C:\Users\dhiebert\Local Repositories\Project Management 2.0\target\classes;C:\Users\dhiebert\.m2\repository\org\openjfx\javafx-controls\21.0.2\javafx-controls-21.0.2.jar;C:\Users\dhiebert\.m2\repository\org\openjfx\javafx-controls\21.0.2\javafx-controls-21.0.2-win.jar;C:\Users\dhiebert\.m2\repository\org\openjfx\javafx-fxml\21.0.2\javafx-fxml-21.0.2.jar;C:\Users\dhiebert\.m2\repository\org\openjfx\javafx-fxml\21.0.2\javafx-fxml-21.0.2-win.jar;C:\Users\dhiebert\.m2\repository\org\openjfx\javafx-graphics\21.0.2\javafx-graphics-21.0.2.jar;C:\Users\dhiebert\.m2\repository\org\openjfx\javafx-graphics\21.0.2\javafx-graphics-21.0.2-win.jar;C:\Users\dhiebert\.m2\repository\org\openjfx\javafx-base\21.0.2\javafx-base-21.0.2.jar;C:\Users\dhiebert\.m2\repository\org\openjfx\javafx-base\21.0.2\javafx-base-21.0.2-win.jar;C:\Users\dhiebert\.m2\repository\com\h2database\h2\2.2.224\h2-2.2.224.jar;C:\Users\dhiebert\.m2\repository\com\zaxxer\HikariCP\5.1.0\HikariCP-5.1.0.jar;C:\Users\dhiebert\.m2\repository\org\slf4j\slf4j-api\1.7.36\slf4j-api-1.7.36.jar;C:\Users\dhiebert\.m2\repository\org\hibernate\orm\hibernate-core\6.5.0.Final\hibernate-core-6.5.0.Final.jar;C:\Users\dhiebert\.m2\repository\jakarta\persistence\jakarta.persistence-api\3.1.0\jakarta.persistence-api-3.1.0.jar;C:\Users\dhiebert\.m2\repository\jakarta\transaction\jakarta.transaction-api\2.0.1\jakarta.transaction-api-2.0.1.jar;C:\Users\dhiebert\.m2\repository\org\jboss\logging\jboss-logging\3.5.0.Final\jboss-logging-3.5.0.Final.jar;C:\Users\dhiebert\.m2\repository\org\hibernate\common\hibernate-commons-annotations\6.0.6.Final\hibernate-commons-annotations-6.0.6.Final.jar;C:\Users\dhiebert\.m2\repository\io\smallrye\jandex\3.1.2\jandex-3.1.2.jar;C:\Users\dhiebert\.m2\repository\com\fasterxml\classmate\1.5.1\classmate-1.5.1.jar;C:\Users\dhiebert\.m2\repository\net\bytebuddy\byte-buddy\1.14.12\byte-buddy-1.14.12.jar;C:\Users\dhiebert\.m2\repository\jakarta\xml\bind\jakarta.xml.bind-api\4.0.0\jakarta.xml.bind-api-4.0.0.jar;C:\Users\dhiebert\.m2\repository\jakarta\activation\jakarta.activation-api\2.1.0\jakarta.activation-api-2.1.0.jar;C:\Users\dhiebert\.m2\repository\org\glassfish\jaxb\jaxb-runtime\4.0.2\jaxb-runtime-4.0.2.jar;C:\Users\dhiebert\.m2\repository\org\glassfish\jaxb\jaxb-core\4.0.2\jaxb-core-4.0.2.jar;C:\Users\dhiebert\.m2\repository\org\eclipse\angus\angus-activation\2.0.0\angus-activation-2.0.0.jar;C:\Users\dhiebert\.m2\repository\org\glassfish\jaxb\txw2\4.0.2\txw2-4.0.2.jar;C:\Users\dhiebert\.m2\repository\com\sun\istack\istack-commons-runtime\4.1.1\istack-commons-runtime-4.1.1.jar;C:\Users\dhiebert\.m2\repository\jakarta\inject\jakarta.inject-api\2.0.1\jakarta.inject-api-2.0.1.jar;C:\Users\dhiebert\.m2\repository\org\antlr\antlr4-runtime\4.13.0\antlr4-runtime-4.13.0.jar;C:\Users\dhiebert\.m2\repository\org\hibernate\validator\hibernate-validator\8.0.1.Final\hibernate-validator-8.0.1.Final.jar;C:\Users\dhiebert\.m2\repository\jakarta\validation\jakarta.validation-api\3.0.2\jakarta.validation-api-3.0.2.jar;C:\Users\dhiebert\.m2\repository\org\junit\jupiter\junit-jupiter-api\5.10.2\junit-jupiter-api-5.10.2.jar;C:\Users\dhiebert\.m2\repository\org\opentest4j\opentest4j\1.3.0\opentest4j-1.3.0.jar;C:\Users\dhiebert\.m2\repository\org\junit\platform\junit-platform-commons\1.10.2\junit-platform-commons-1.10.2.jar;C:\Users\dhiebert\.m2\repository\org\apiguardian\apiguardian-api\1.1.2\apiguardian-api-1.1.2.jar;C:\Users\dhiebert\.m2\repository\org\junit\jupiter\junit-jupiter-engine\5.10.2\junit-jupiter-engine-5.10.2.jar;C:\Users\dhiebert\.m2\repository\org\junit\platform\junit-platform-engine\1.10.2\junit-platform-engine-1.10.2.jar;C:\Users\dhiebert\.m2\repository\org\mockito\mockito-junit-jupiter\5.10.0\mockito-junit-jupiter-5.10.0.jar;C:\Users\dhiebert\.m2\repository\org\mockito\mockito-core\5.10.0\mockito-core-5.10.0.jar;C:\Users\dhiebert\.m2\repository\net\bytebuddy\byte-buddy-agent\1.14.11\byte-buddy-agent-1.14.11.jar;C:\Users\dhiebert\.m2\repository\org\objenesis\objenesis\3.3\objenesis-3.3.jar;C:\Users\dhiebert\.m2\repository\org\hibernate\orm\hibernate-hikaricp\6.5.0.Final\hibernate-hikaricp-6.5.0.Final.jar;C:\Users\dhiebert\.m2\repository\ch\qos\logback\logback-classic\1.2.11\logback-classic-1.2.11.jar;C:\Users\dhiebert\.m2\repository\ch\qos\logback\logback-core\1.2.11\logback-core-1.2.11.jar;C:\Users\dhiebert\.m2\repository\org\testfx\testfx-core\4.0.18\testfx-core-4.0.18.jar;C:\Users\dhiebert\.m2\repository\org\hamcrest\hamcrest\2.1\hamcrest-2.1.jar;C:\Users\dhiebert\.m2\repository\org\assertj\assertj-core\3.13.2\assertj-core-3.13.2.jar;C:\Users\dhiebert\.m2\repository\org\osgi\org.osgi.core\6.0.0\org.osgi.core-6.0.0.jar;C:\Users\dhiebert\.m2\repository\org\testfx\testfx-junit5\4.0.18\testfx-junit5-4.0.18.jar;C:\Users\dhiebert\.m2\repository\org\openjfx\javafx-web\17.0.2\javafx-web-17.0.2.jar;C:\Users\dhiebert\.m2\repository\org\openjfx\javafx-web\17.0.2\javafx-web-17.0.2-win.jar;C:\Users\dhiebert\.m2\repository\org\openjfx\javafx-media\17.0.2\javafx-media-17.0.2.jar;C:\Users\dhiebert\.m2\repository\org\openjfx\javafx-media\17.0.2\javafx-media-17.0.2-win.jar;C:\Users\dhiebert\.m2\repository\org\apache\pdfbox\pdfbox\2.0.27\pdfbox-2.0.27.jar;C:\Users\dhiebert\.m2\repository\org\apache\pdfbox\fontbox\2.0.27\fontbox-2.0.27.jar;C:\Users\dhiebert\.m2\repository\commons-logging\commons-logging\1.2\commons-logging-1.2.jar;C:\Users\dhiebert\.m2\repository\com\fasterxml\jackson\core\jackson-databind\2.15.0\jackson-databind-2.15.0.jar;C:\Users\dhiebert\.m2\repository\com\fasterxml\jackson\core\jackson-annotations\2.15.0\jackson-annotations-2.15.0.jar;C:\Users\dhiebert\.m2\repository\com\fasterxml\jackson\core\jackson-core\2.15.0\jackson-core-2.15.0.jar;C:\Users\dhiebert\.m2\repository\org\apache\xmlgraphics\batik-all\1.16\batik-all-1.16.jar;C:\Users\dhiebert\.m2\repository\xml-apis\xml-apis\1.4.01\xml-apis-1.4.01.jar;C:\Users\dhiebert\.m2\repository\xml-apis\xml-apis-ext\1.3.04\xml-apis-ext-1.3.04.jar;C:\Users\dhiebert\.m2\repository\org\apache\xmlgraphics\xmlgraphics-commons\2.7\xmlgraphics-commons-2.7.jar;C:\Users\dhiebert\.m2\repository\commons-io\commons-io\1.3.1\commons-io-1.3.1.jar;C:\Users\dhiebert\.m2\repository\org\jgrapht\jgrapht-core\1.5.2\jgrapht-core-1.5.2.jar;C:\Users\dhiebert\.m2\repository\org\jheaps\jheaps\0.14\jheaps-0.14.jar;C:\Users\dhiebert\.m2\repository\org\apfloat\apfloat\1.10.1\apfloat-1.10.1.jar;, jakarta.persistence.jdbc.driver=org.h2.Driver, sun.cpu.endian=little, user.home=C:\Users\dhiebert, user.language=en, java.specification.vendor=Oracle Corporation, java.version.date=2025-01-21, java.home=C:\Program Files\Eclipse Adoptium\jdk-21.0.6.7-hotspot, file.separator=\, basedir=C:\Users\dhiebert\Local Repositories\Project Management 2.0, java.vm.compressedOopsMode=Zero based, jakarta.persistence.jdbc.user=****, line.separator=
, hibernate.persistenceUnitName=frcpm, java.vm.specification.vendor=Oracle Corporation, java.specification.name=Java Platform API Specification, hibernate.transaction.coordinator_class=class org.hibernate.resource.transaction.backend.jdbc.internal.JdbcResourceLocalTransactionCoordinatorBuilderImpl, javax.persistence.jdbc.driver=org.h2.Driver, hibernate.hikari.maximumPoolSize=10, surefire.real.class.path=C:\Users\dhiebert\AppData\Local\Temp\surefire10019069690924606344\surefirebooter-20250411131008082_3.jar, hibernate.hbm2ddl.auto=create-drop, user.script=, sun.management.compiler=HotSpot 64-Bit Tiered Compilers, java.runtime.version=21.0.6+7-LTS, user.name=dhiebert, hibernate.cache.use_query_cache=false, stdout.encoding=Cp1252, path.separator=;, hibernate.connection.username=****, os.version=10.0, java.runtime.name=OpenJDK Runtime Environment, hibernate.connection.url=jdbc:h2:mem:testdb;DB_CLOSE_DELAY=-1, file.encoding=UTF-8, hibernate.hikari.minimumIdle=2, hibernate.hikari.idleTimeout=30000, java.vm.name=OpenJDK 64-Bit Server VM, hibernate.show_sql=true, java.vendor.version=Temurin-21.0.6+7, hibernate.hikari.poolName=FRC-PM-HikariCP, hibernate.current_session_context_class=thread, localRepository=C:\Users\dhiebert\.m2\repository, hibernate.connection.driver_class=org.h2.Driver, java.vendor.url.bug=https://github.com/adoptium/adoptium-support/issues, java.io.tmpdir=C:\Users\dhiebert\AppData\Local\Temp\, java.version=21.0.6, user.dir=C:\Users\dhiebert\Local Repositories\Project Management 2.0, os.arch=amd64, java.vm.specification.name=Java Virtual Machine Specification, hibernate.connection.password=****, sun.os.patch.level=, jakarta.persistence.jdbc.url=jdbc:h2:mem:testdb;DB_CLOSE_DELAY=-1, hibernate.boot.CfgXmlAccessService.key=org.hibernate.boot.registry.StandardServiceRegistryBuilder$1@453de9d0, native.encoding=Cp1252, hibernate.cache.use_second_level_cache=false, java.library.path=C:\Program Files\Eclipse Adoptium\jdk-21.0.6.7-hotspot\bin;C:\WINDOWS\Sun\Java\bin;C:\WINDOWS\system32;C:\WINDOWS;C:\Program Files\apache-maven-3.9.9\bin;C:\Program Files\apache-maven-3.9.9\bin;C:\Program Files\Eclipse Adoptium\jdk-21.0.6.7-hotspot\bin;C:\Program Files\National Instruments\Shared\OpenVINO\;C:\Program Files\Common Files\Oracle\Java\javapath;C:\WINDOWS\system32;C:\WINDOWS;C:\WINDOWS\System32\Wbem;C:\WINDOWS\System32\WindowsPowerShell\v1.0\;C:\WINDOWS\System32\OpenSSH\;C:\Program Files\dotnet\;C:\Program Files (x86)\Windows Live\Shared;C:\Program Files\Git\cmd;C:\Program Files\Common Files\Autodesk Shared\;C:\Program Files\Microsoft SQL Server\150\Tools\Binn\;C:\Program Files\nodejs\;C:\Program Files\Eclipse Adoptium\jdk-21.0.6.7-hotspot\bin;C:\Program Files\apache-maven-3.9.9\bin;%MAVEN_HOME%\bin;C:\Users\dhiebert\AppData\Local\Microsoft\WindowsApps;C:\Users\dhiebert\AppData\Local\GitHubDesktop\bin;C:\Users\dhiebert\AppData\Roaming\npm;C:\Users\dhiebert\AppData\Local\Packages\PythonSoftwareFoundation.Python.3.11_qbz5n2kfra8p0\LocalCache\local-packages\Python311\Scripts;C:\Users\dhiebert\AppData\Local\Packages\PythonSoftwareFoundation.Python.3.11_qbz5n2kfra8p0\LocalCache\local-packages\Python311\site-packages\maven;;c:\Users\Public\wpilib\2025\vscode\data\user-data\User\globalStorage\github.copilot-chat\debugCommand;c:\Users\Public\wpilib\2025\vscode\data\extensions\ms-python.debugpy-2025.4.1-win32-x64\bundled\scripts\noConfigScripts;., stderr.encoding=Cp1252, java.vendor=Eclipse Adoptium, java.vm.info=mixed mode, sharing, java.vm.version=21.0.6+7-LTS, sun.io.unicode.encoding=UnicodeLittle, javax.persistence.jdbc.password=****, java.class.version=65.0}
13:10:12.966 [main] DEBUG org.hibernate.internal.SessionFactoryImpl - Session factory constructed with filter configurations : {}
13:10:12.966 [main] DEBUG org.hibernate.validator.internal.xml.config.ValidationXmlParser - Trying to load META-INF/validation.xml for XML based Validator configuration.
13:10:12.966 [main] DEBUG org.hibernate.validator.internal.xml.config.ResourceLoaderHelper - Trying to load META-INF/validation.xml via TCCL
13:10:12.966 [main] DEBUG org.hibernate.validator.internal.xml.config.ResourceLoaderHelper - Trying to load META-INF/validation.xml via Hibernate Validator's class loader
13:10:12.966 [main] DEBUG org.hibernate.validator.internal.xml.config.ValidationXmlParser - No META-INF/validation.xml found. Using annotation based configuration only.
13:10:12.966 [main] DEBUG org.hibernate.validator.internal.engine.resolver.TraversableResolvers - Found jakarta.persistence.Persistence on classpath containing 'getPersistenceUtil'. Assuming JPA 2 environment. Trying to instantiate JPA aware TraversableResolver
13:10:12.966 [main] DEBUG org.hibernate.validator.internal.engine.resolver.TraversableResolvers - Instantiated JPA aware TraversableResolver of type org.hibernate.validator.internal.engine.resolver.JPATraversableResolver.
13:10:12.966 [main] DEBUG org.hibernate.validator.messageinterpolation.ResourceBundleMessageInterpolator - Failed to load expression factory via classloader jdk.internal.loader.ClassLoaders$AppClassLoader@70dea4e
java.lang.NoClassDefFoundError: jakarta/el/ExpressionFactory
	at org.hibernate.validator.messageinterpolation.ResourceBundleMessageInterpolator.canLoadExpressionFactory(ResourceBundleMessageInterpolator.java:228)
	at org.hibernate.validator.messageinterpolation.ResourceBundleMessageInterpolator.buildExpressionFactory(ResourceBundleMessageInterpolator.java:173)
	at org.hibernate.validator.messageinterpolation.ResourceBundleMessageInterpolator.<init>(ResourceBundleMessageInterpolator.java:97)
	at org.hibernate.validator.internal.engine.AbstractConfigurationImpl.getDefaultMessageInterpolator(AbstractConfigurationImpl.java:575)
	at org.hibernate.validator.internal.engine.AbstractConfigurationImpl.getDefaultMessageInterpolatorConfiguredWithClassLoader(AbstractConfigurationImpl.java:834)
	at org.hibernate.validator.internal.engine.AbstractConfigurationImpl.getMessageInterpolator(AbstractConfigurationImpl.java:485)
	at org.hibernate.validator.internal.engine.ValidatorFactoryImpl.<init>(ValidatorFactoryImpl.java:157)
	at org.hibernate.validator.HibernateValidator.buildValidatorFactory(HibernateValidator.java:38)
	at org.hibernate.validator.internal.engine.AbstractConfigurationImpl.buildValidatorFactory(AbstractConfigurationImpl.java:453)
	at jakarta.validation.Validation.buildDefaultValidatorFactory(Validation.java:103)
	at org.hibernate.boot.beanvalidation.TypeSafeActivator.getValidatorFactory(TypeSafeActivator.java:482)
	at org.hibernate.boot.beanvalidation.TypeSafeActivator.activate(TypeSafeActivator.java:79)
	at java.base/jdk.internal.reflect.DirectMethodHandleAccessor.invoke(DirectMethodHandleAccessor.java:103)
	at java.base/java.lang.reflect.Method.invoke(Method.java:580)
	at org.hibernate.boot.beanvalidation.BeanValidationIntegrator.integrate(BeanValidationIntegrator.java:139)
	at org.hibernate.internal.SessionFactoryImpl.integrate(SessionFactoryImpl.java:517)
	at org.hibernate.internal.SessionFactoryImpl.<init>(SessionFactoryImpl.java:276)
	at org.hibernate.boot.internal.SessionFactoryBuilderImpl.build(SessionFactoryBuilderImpl.java:457)
	at org.hibernate.jpa.boot.internal.EntityManagerFactoryBuilderImpl.build(EntityManagerFactoryBuilderImpl.java:1506)
	at org.hibernate.jpa.HibernatePersistenceProvider.createEntityManagerFactory(HibernatePersistenceProvider.java:55)
	at jakarta.persistence.Persistence.createEntityManagerFactory(Persistence.java:80)
	at org.frcpm.config.DatabaseConfig.initialize(DatabaseConfig.java:66)
	at org.frcpm.repositories.impl.JpaRepositoryImplTest.setUp(JpaRepositoryImplTest.java:25)
	at java.base/jdk.internal.reflect.DirectMethodHandleAccessor.invoke(DirectMethodHandleAccessor.java:103)
	at java.base/java.lang.reflect.Method.invoke(Method.java:580)
	at org.junit.platform.commons.util.ReflectionUtils.invokeMethod(ReflectionUtils.java:728)
	at org.junit.jupiter.engine.execution.MethodInvocation.proceed(MethodInvocation.java:60)
	at org.junit.jupiter.engine.execution.InvocationInterceptorChain$ValidatingInvocation.proceed(InvocationInterceptorChain.java:131)
	at org.junit.jupiter.engine.extension.TimeoutExtension.intercept(TimeoutExtension.java:156)
	at org.junit.jupiter.engine.extension.TimeoutExtension.interceptLifecycleMethod(TimeoutExtension.java:128)
	at org.junit.jupiter.engine.extension.TimeoutExtension.interceptBeforeEachMethod(TimeoutExtension.java:78)
	at org.junit.jupiter.engine.execution.InterceptingExecutableInvoker$ReflectiveInterceptorCall.lambda$ofVoidMethod$0(InterceptingExecutableInvoker.java:103)
	at org.junit.jupiter.engine.execution.InterceptingExecutableInvoker.lambda$invoke$0(InterceptingExecutableInvoker.java:93)
	at org.junit.jupiter.engine.execution.InvocationInterceptorChain$InterceptedInvocation.proceed(InvocationInterceptorChain.java:106)
	at org.junit.jupiter.engine.execution.InvocationInterceptorChain.proceed(InvocationInterceptorChain.java:64)
	at org.junit.jupiter.engine.execution.InvocationInterceptorChain.chainAndInvoke(InvocationInterceptorChain.java:45)
	at org.junit.jupiter.engine.execution.InvocationInterceptorChain.invoke(InvocationInterceptorChain.java:37)
	at org.junit.jupiter.engine.execution.InterceptingExecutableInvoker.invoke(InterceptingExecutableInvoker.java:92)
	at org.junit.jupiter.engine.execution.InterceptingExecutableInvoker.invoke(InterceptingExecutableInvoker.java:86)
	at org.junit.jupiter.engine.descriptor.ClassBasedTestDescriptor.invokeMethodInExtensionContext(ClassBasedTestDescriptor.java:521)
	at org.junit.jupiter.engine.descriptor.ClassBasedTestDescriptor.lambda$synthesizeBeforeEachMethodAdapter$23(ClassBasedTestDescriptor.java:506)
	at org.junit.jupiter.engine.descriptor.TestMethodTestDescriptor.lambda$invokeBeforeEachMethods$3(TestMethodTestDescriptor.java:175)
	at org.junit.jupiter.engine.descriptor.TestMethodTestDescriptor.lambda$invokeBeforeMethodsOrCallbacksUntilExceptionOccurs$6(TestMethodTestDescriptor.java:203)
	at org.junit.platform.engine.support.hierarchical.ThrowableCollector.execute(ThrowableCollector.java:73)
	at org.junit.jupiter.engine.descriptor.TestMethodTestDescriptor.invokeBeforeMethodsOrCallbacksUntilExceptionOccurs(TestMethodTestDescriptor.java:203)
	at org.junit.jupiter.engine.descriptor.TestMethodTestDescriptor.invokeBeforeEachMethods(TestMethodTestDescriptor.java:172)
	at org.junit.jupiter.engine.descriptor.TestMethodTestDescriptor.execute(TestMethodTestDescriptor.java:135)
	at org.junit.jupiter.engine.descriptor.TestMethodTestDescriptor.execute(TestMethodTestDescriptor.java:69)
	at org.junit.platform.engine.support.hierarchical.NodeTestTask.lambda$executeRecursively$6(NodeTestTask.java:151)
	at org.junit.platform.engine.support.hierarchical.ThrowableCollector.execute(ThrowableCollector.java:73)
	at org.junit.platform.engine.support.hierarchical.NodeTestTask.lambda$executeRecursively$8(NodeTestTask.java:141)
	at org.junit.platform.engine.support.hierarchical.Node.around(Node.java:137)
	at org.junit.platform.engine.support.hierarchical.NodeTestTask.lambda$executeRecursively$9(NodeTestTask.java:139)
	at org.junit.platform.engine.support.hierarchical.ThrowableCollector.execute(ThrowableCollector.java:73)
	at org.junit.platform.engine.support.hierarchical.NodeTestTask.executeRecursively(NodeTestTask.java:138)
	at org.junit.platform.engine.support.hierarchical.NodeTestTask.execute(NodeTestTask.java:95)
	at java.base/java.util.ArrayList.forEach(ArrayList.java:1596)
	at org.junit.platform.engine.support.hierarchical.SameThreadHierarchicalTestExecutorService.invokeAll(SameThreadHierarchicalTestExecutorService.java:41)
	at org.junit.platform.engine.support.hierarchical.NodeTestTask.lambda$executeRecursively$6(NodeTestTask.java:155)
	at org.junit.platform.engine.support.hierarchical.ThrowableCollector.execute(ThrowableCollector.java:73)
	at org.junit.platform.engine.support.hierarchical.NodeTestTask.lambda$executeRecursively$8(NodeTestTask.java:141)
	at org.junit.platform.engine.support.hierarchical.Node.around(Node.java:137)
	at org.junit.platform.engine.support.hierarchical.NodeTestTask.lambda$executeRecursively$9(NodeTestTask.java:139)
	at org.junit.platform.engine.support.hierarchical.ThrowableCollector.execute(ThrowableCollector.java:73)
	at org.junit.platform.engine.support.hierarchical.NodeTestTask.executeRecursively(NodeTestTask.java:138)
	at org.junit.platform.engine.support.hierarchical.NodeTestTask.execute(NodeTestTask.java:95)
	at java.base/java.util.ArrayList.forEach(ArrayList.java:1596)
	at org.junit.platform.engine.support.hierarchical.SameThreadHierarchicalTestExecutorService.invokeAll(SameThreadHierarchicalTestExecutorService.java:41)
	at org.junit.platform.engine.support.hierarchical.NodeTestTask.lambda$executeRecursively$6(NodeTestTask.java:155)
	at org.junit.platform.engine.support.hierarchical.ThrowableCollector.execute(ThrowableCollector.java:73)
	at org.junit.platform.engine.support.hierarchical.NodeTestTask.lambda$executeRecursively$8(NodeTestTask.java:141)
	at org.junit.platform.engine.support.hierarchical.Node.around(Node.java:137)
	at org.junit.platform.engine.support.hierarchical.NodeTestTask.lambda$executeRecursively$9(NodeTestTask.java:139)
	at org.junit.platform.engine.support.hierarchical.ThrowableCollector.execute(ThrowableCollector.java:73)
	at org.junit.platform.engine.support.hierarchical.NodeTestTask.executeRecursively(NodeTestTask.java:138)
	at org.junit.platform.engine.support.hierarchical.NodeTestTask.execute(NodeTestTask.java:95)
	at org.junit.platform.engine.support.hierarchical.SameThreadHierarchicalTestExecutorService.submit(SameThreadHierarchicalTestExecutorService.java:35)
	at org.junit.platform.engine.support.hierarchical.HierarchicalTestExecutor.execute(HierarchicalTestExecutor.java:57)
	at org.junit.platform.engine.support.hierarchical.HierarchicalTestEngine.execute(HierarchicalTestEngine.java:54)
	at org.junit.platform.launcher.core.EngineExecutionOrchestrator.execute(EngineExecutionOrchestrator.java:198)
	at org.junit.platform.launcher.core.EngineExecutionOrchestrator.execute(EngineExecutionOrchestrator.java:169)
	at org.junit.platform.launcher.core.EngineExecutionOrchestrator.execute(EngineExecutionOrchestrator.java:93)
	at org.junit.platform.launcher.core.EngineExecutionOrchestrator.lambda$execute$0(EngineExecutionOrchestrator.java:58)
	at org.junit.platform.launcher.core.EngineExecutionOrchestrator.withInterceptedStreams(EngineExecutionOrchestrator.java:141)
	at org.junit.platform.launcher.core.EngineExecutionOrchestrator.execute(EngineExecutionOrchestrator.java:57)
	at org.junit.platform.launcher.core.DefaultLauncher.execute(DefaultLauncher.java:103)
	at org.junit.platform.launcher.core.DefaultLauncher.execute(DefaultLauncher.java:85)
	at org.junit.platform.launcher.core.DelegatingLauncher.execute(DelegatingLauncher.java:47)
	at org.apache.maven.surefire.junitplatform.LazyLauncher.execute(LazyLauncher.java:56)
	at org.apache.maven.surefire.junitplatform.JUnitPlatformProvider.execute(JUnitPlatformProvider.java:184)
	at org.apache.maven.surefire.junitplatform.JUnitPlatformProvider.invokeAllTests(JUnitPlatformProvider.java:148)
	at org.apache.maven.surefire.junitplatform.JUnitPlatformProvider.invoke(JUnitPlatformProvider.java:122)
	at org.apache.maven.surefire.booter.ForkedBooter.runSuitesInProcess(ForkedBooter.java:385)
	at org.apache.maven.surefire.booter.ForkedBooter.execute(ForkedBooter.java:162)
	at org.apache.maven.surefire.booter.ForkedBooter.run(ForkedBooter.java:507)
	at org.apache.maven.surefire.booter.ForkedBooter.main(ForkedBooter.java:495)
Caused by: java.lang.ClassNotFoundException: jakarta.el.ExpressionFactory
	... 96 common frames omitted
13:10:12.967 [main] DEBUG org.hibernate.validator.messageinterpolation.ResourceBundleMessageInterpolator - Failed to load expression factory via classloader jdk.internal.loader.ClassLoaders$AppClassLoader@70dea4e
java.lang.NoClassDefFoundError: jakarta/el/ExpressionFactory
	at org.hibernate.validator.messageinterpolation.ResourceBundleMessageInterpolator.canLoadExpressionFactory(ResourceBundleMessageInterpolator.java:228)
	at org.hibernate.validator.messageinterpolation.ResourceBundleMessageInterpolator.buildExpressionFactory(ResourceBundleMessageInterpolator.java:186)
	at org.hibernate.validator.messageinterpolation.ResourceBundleMessageInterpolator.<init>(ResourceBundleMessageInterpolator.java:97)
	at org.hibernate.validator.internal.engine.AbstractConfigurationImpl.getDefaultMessageInterpolator(AbstractConfigurationImpl.java:575)
	at org.hibernate.validator.internal.engine.AbstractConfigurationImpl.getDefaultMessageInterpolatorConfiguredWithClassLoader(AbstractConfigurationImpl.java:834)
	at org.hibernate.validator.internal.engine.AbstractConfigurationImpl.getMessageInterpolator(AbstractConfigurationImpl.java:485)
	at org.hibernate.validator.internal.engine.ValidatorFactoryImpl.<init>(ValidatorFactoryImpl.java:157)
	at org.hibernate.validator.HibernateValidator.buildValidatorFactory(HibernateValidator.java:38)
	at org.hibernate.validator.internal.engine.AbstractConfigurationImpl.buildValidatorFactory(AbstractConfigurationImpl.java:453)
	at jakarta.validation.Validation.buildDefaultValidatorFactory(Validation.java:103)
	at org.hibernate.boot.beanvalidation.TypeSafeActivator.getValidatorFactory(TypeSafeActivator.java:482)
	at org.hibernate.boot.beanvalidation.TypeSafeActivator.activate(TypeSafeActivator.java:79)
	at java.base/jdk.internal.reflect.DirectMethodHandleAccessor.invoke(DirectMethodHandleAccessor.java:103)
	at java.base/java.lang.reflect.Method.invoke(Method.java:580)
	at org.hibernate.boot.beanvalidation.BeanValidationIntegrator.integrate(BeanValidationIntegrator.java:139)
	at org.hibernate.internal.SessionFactoryImpl.integrate(SessionFactoryImpl.java:517)
	at org.hibernate.internal.SessionFactoryImpl.<init>(SessionFactoryImpl.java:276)
	at org.hibernate.boot.internal.SessionFactoryBuilderImpl.build(SessionFactoryBuilderImpl.java:457)
	at org.hibernate.jpa.boot.internal.EntityManagerFactoryBuilderImpl.build(EntityManagerFactoryBuilderImpl.java:1506)
	at org.hibernate.jpa.HibernatePersistenceProvider.createEntityManagerFactory(HibernatePersistenceProvider.java:55)
	at jakarta.persistence.Persistence.createEntityManagerFactory(Persistence.java:80)
	at org.frcpm.config.DatabaseConfig.initialize(DatabaseConfig.java:66)
	at org.frcpm.repositories.impl.JpaRepositoryImplTest.setUp(JpaRepositoryImplTest.java:25)
	at java.base/jdk.internal.reflect.DirectMethodHandleAccessor.invoke(DirectMethodHandleAccessor.java:103)
	at java.base/java.lang.reflect.Method.invoke(Method.java:580)
	at org.junit.platform.commons.util.ReflectionUtils.invokeMethod(ReflectionUtils.java:728)
	at org.junit.jupiter.engine.execution.MethodInvocation.proceed(MethodInvocation.java:60)
	at org.junit.jupiter.engine.execution.InvocationInterceptorChain$ValidatingInvocation.proceed(InvocationInterceptorChain.java:131)
	at org.junit.jupiter.engine.extension.TimeoutExtension.intercept(TimeoutExtension.java:156)
	at org.junit.jupiter.engine.extension.TimeoutExtension.interceptLifecycleMethod(TimeoutExtension.java:128)
	at org.junit.jupiter.engine.extension.TimeoutExtension.interceptBeforeEachMethod(TimeoutExtension.java:78)
	at org.junit.jupiter.engine.execution.InterceptingExecutableInvoker$ReflectiveInterceptorCall.lambda$ofVoidMethod$0(InterceptingExecutableInvoker.java:103)
	at org.junit.jupiter.engine.execution.InterceptingExecutableInvoker.lambda$invoke$0(InterceptingExecutableInvoker.java:93)
	at org.junit.jupiter.engine.execution.InvocationInterceptorChain$InterceptedInvocation.proceed(InvocationInterceptorChain.java:106)
	at org.junit.jupiter.engine.execution.InvocationInterceptorChain.proceed(InvocationInterceptorChain.java:64)
	at org.junit.jupiter.engine.execution.InvocationInterceptorChain.chainAndInvoke(InvocationInterceptorChain.java:45)
	at org.junit.jupiter.engine.execution.InvocationInterceptorChain.invoke(InvocationInterceptorChain.java:37)
	at org.junit.jupiter.engine.execution.InterceptingExecutableInvoker.invoke(InterceptingExecutableInvoker.java:92)
	at org.junit.jupiter.engine.execution.InterceptingExecutableInvoker.invoke(InterceptingExecutableInvoker.java:86)
	at org.junit.jupiter.engine.descriptor.ClassBasedTestDescriptor.invokeMethodInExtensionContext(ClassBasedTestDescriptor.java:521)
	at org.junit.jupiter.engine.descriptor.ClassBasedTestDescriptor.lambda$synthesizeBeforeEachMethodAdapter$23(ClassBasedTestDescriptor.java:506)
	at org.junit.jupiter.engine.descriptor.TestMethodTestDescriptor.lambda$invokeBeforeEachMethods$3(TestMethodTestDescriptor.java:175)
	at org.junit.jupiter.engine.descriptor.TestMethodTestDescriptor.lambda$invokeBeforeMethodsOrCallbacksUntilExceptionOccurs$6(TestMethodTestDescriptor.java:203)
	at org.junit.platform.engine.support.hierarchical.ThrowableCollector.execute(ThrowableCollector.java:73)
	at org.junit.jupiter.engine.descriptor.TestMethodTestDescriptor.invokeBeforeMethodsOrCallbacksUntilExceptionOccurs(TestMethodTestDescriptor.java:203)
	at org.junit.jupiter.engine.descriptor.TestMethodTestDescriptor.invokeBeforeEachMethods(TestMethodTestDescriptor.java:172)
	at org.junit.jupiter.engine.descriptor.TestMethodTestDescriptor.execute(TestMethodTestDescriptor.java:135)
	at org.junit.jupiter.engine.descriptor.TestMethodTestDescriptor.execute(TestMethodTestDescriptor.java:69)
	at org.junit.platform.engine.support.hierarchical.NodeTestTask.lambda$executeRecursively$6(NodeTestTask.java:151)
	at org.junit.platform.engine.support.hierarchical.ThrowableCollector.execute(ThrowableCollector.java:73)
	at org.junit.platform.engine.support.hierarchical.NodeTestTask.lambda$executeRecursively$8(NodeTestTask.java:141)
	at org.junit.platform.engine.support.hierarchical.Node.around(Node.java:137)
	at org.junit.platform.engine.support.hierarchical.NodeTestTask.lambda$executeRecursively$9(NodeTestTask.java:139)
	at org.junit.platform.engine.support.hierarchical.ThrowableCollector.execute(ThrowableCollector.java:73)
	at org.junit.platform.engine.support.hierarchical.NodeTestTask.executeRecursively(NodeTestTask.java:138)
	at org.junit.platform.engine.support.hierarchical.NodeTestTask.execute(NodeTestTask.java:95)
	at java.base/java.util.ArrayList.forEach(ArrayList.java:1596)
	at org.junit.platform.engine.support.hierarchical.SameThreadHierarchicalTestExecutorService.invokeAll(SameThreadHierarchicalTestExecutorService.java:41)
	at org.junit.platform.engine.support.hierarchical.NodeTestTask.lambda$executeRecursively$6(NodeTestTask.java:155)
	at org.junit.platform.engine.support.hierarchical.ThrowableCollector.execute(ThrowableCollector.java:73)
	at org.junit.platform.engine.support.hierarchical.NodeTestTask.lambda$executeRecursively$8(NodeTestTask.java:141)
	at org.junit.platform.engine.support.hierarchical.Node.around(Node.java:137)
	at org.junit.platform.engine.support.hierarchical.NodeTestTask.lambda$executeRecursively$9(NodeTestTask.java:139)
	at org.junit.platform.engine.support.hierarchical.ThrowableCollector.execute(ThrowableCollector.java:73)
	at org.junit.platform.engine.support.hierarchical.NodeTestTask.executeRecursively(NodeTestTask.java:138)
	at org.junit.platform.engine.support.hierarchical.NodeTestTask.execute(NodeTestTask.java:95)
	at java.base/java.util.ArrayList.forEach(ArrayList.java:1596)
	at org.junit.platform.engine.support.hierarchical.SameThreadHierarchicalTestExecutorService.invokeAll(SameThreadHierarchicalTestExecutorService.java:41)
	at org.junit.platform.engine.support.hierarchical.NodeTestTask.lambda$executeRecursively$6(NodeTestTask.java:155)
	at org.junit.platform.engine.support.hierarchical.ThrowableCollector.execute(ThrowableCollector.java:73)
	at org.junit.platform.engine.support.hierarchical.NodeTestTask.lambda$executeRecursively$8(NodeTestTask.java:141)
	at org.junit.platform.engine.support.hierarchical.Node.around(Node.java:137)
	at org.junit.platform.engine.support.hierarchical.NodeTestTask.lambda$executeRecursively$9(NodeTestTask.java:139)
	at org.junit.platform.engine.support.hierarchical.ThrowableCollector.execute(ThrowableCollector.java:73)
	at org.junit.platform.engine.support.hierarchical.NodeTestTask.executeRecursively(NodeTestTask.java:138)
	at org.junit.platform.engine.support.hierarchical.NodeTestTask.execute(NodeTestTask.java:95)
	at org.junit.platform.engine.support.hierarchical.SameThreadHierarchicalTestExecutorService.submit(SameThreadHierarchicalTestExecutorService.java:35)
	at org.junit.platform.engine.support.hierarchical.HierarchicalTestExecutor.execute(HierarchicalTestExecutor.java:57)
	at org.junit.platform.engine.support.hierarchical.HierarchicalTestEngine.execute(HierarchicalTestEngine.java:54)
	at org.junit.platform.launcher.core.EngineExecutionOrchestrator.execute(EngineExecutionOrchestrator.java:198)
	at org.junit.platform.launcher.core.EngineExecutionOrchestrator.execute(EngineExecutionOrchestrator.java:169)
	at org.junit.platform.launcher.core.EngineExecutionOrchestrator.execute(EngineExecutionOrchestrator.java:93)
	at org.junit.platform.launcher.core.EngineExecutionOrchestrator.lambda$execute$0(EngineExecutionOrchestrator.java:58)
	at org.junit.platform.launcher.core.EngineExecutionOrchestrator.withInterceptedStreams(EngineExecutionOrchestrator.java:141)
	at org.junit.platform.launcher.core.EngineExecutionOrchestrator.execute(EngineExecutionOrchestrator.java:57)
	at org.junit.platform.launcher.core.DefaultLauncher.execute(DefaultLauncher.java:103)
	at org.junit.platform.launcher.core.DefaultLauncher.execute(DefaultLauncher.java:85)
	at org.junit.platform.launcher.core.DelegatingLauncher.execute(DelegatingLauncher.java:47)
	at org.apache.maven.surefire.junitplatform.LazyLauncher.execute(LazyLauncher.java:56)
	at org.apache.maven.surefire.junitplatform.JUnitPlatformProvider.execute(JUnitPlatformProvider.java:184)
	at org.apache.maven.surefire.junitplatform.JUnitPlatformProvider.invokeAllTests(JUnitPlatformProvider.java:148)
	at org.apache.maven.surefire.junitplatform.JUnitPlatformProvider.invoke(JUnitPlatformProvider.java:122)
	at org.apache.maven.surefire.booter.ForkedBooter.runSuitesInProcess(ForkedBooter.java:385)
	at org.apache.maven.surefire.booter.ForkedBooter.execute(ForkedBooter.java:162)
	at org.apache.maven.surefire.booter.ForkedBooter.run(ForkedBooter.java:507)
	at org.apache.maven.surefire.booter.ForkedBooter.main(ForkedBooter.java:495)
Caused by: java.lang.ClassNotFoundException: jakarta.el.ExpressionFactory
	... 96 common frames omitted
13:10:12.967 [main] DEBUG org.hibernate.boot.beanvalidation.TypeSafeActivator - Unable to acquire Bean Validation ValidatorFactory, skipping activation
13:10:12.969 [FRC-PM-HikariCP housekeeper] DEBUG com.zaxxer.hikari.pool.HikariPool - FRC-PM-HikariCP - Before cleanup stats (total=1, active=0, idle=1, waiting=0)
13:10:12.969 [frcpm-hikari-pool connection adder] DEBUG com.zaxxer.hikari.pool.HikariPool - frcpm-hikari-pool - After adding stats (total=3, active=0, idle=3, waiting=0)
13:10:12.970 [FRC-PM-HikariCP housekeeper] DEBUG com.zaxxer.hikari.pool.HikariPool - FRC-PM-HikariCP - After cleanup  stats (total=1, active=0, idle=1, waiting=0)
13:10:12.970 [main] DEBUG org.hibernate.query.sqm.function.SqmFunctionRegistry - Registered SqmFunctionTemplate [NamedSqmFunctionTemplate(max)] under max; prior registration was null
13:10:12.970 [main] DEBUG org.hibernate.query.sqm.function.SqmFunctionRegistry - Registered SqmFunctionTemplate [NamedSqmFunctionTemplate(min)] under min; prior registration was null
13:10:12.971 [main] DEBUG org.hibernate.query.sqm.function.SqmFunctionRegistry - Registered SqmFunctionTemplate [NamedSqmFunctionTemplate(sum)] under sum; prior registration was null
13:10:12.971 [frcpm-hikari-pool connection adder] DEBUG com.zaxxer.hikari.pool.HikariPool - frcpm-hikari-pool - Added connection conn11: url=jdbc:h2:mem:testdb user=SA
13:10:12.971 [main] DEBUG org.hibernate.query.sqm.function.SqmFunctionRegistry - Registered SqmFunctionTemplate [NamedSqmFunctionTemplate(avg)] under avg; prior registration was null
13:10:12.971 [main] DEBUG org.hibernate.query.sqm.function.SqmFunctionRegistry - Registered SqmFunctionTemplate [org.hibernate.dialect.function.CountFunction@7893b8c] under count; prior registration was null
13:10:12.971 [main] DEBUG org.hibernate.query.sqm.function.SqmFunctionRegistry - Registered SqmFunctionTemplate [org.hibernate.dialect.function.EveryAnyEmulation@45398bb0] under every; prior registration was null
13:10:12.971 [main] DEBUG org.hibernate.query.sqm.function.SqmFunctionRegistry - Registered SqmFunctionTemplate [org.hibernate.dialect.function.EveryAnyEmulation@35ffe3ac] under any; prior registration was null
13:10:12.971 [main] DEBUG org.hibernate.query.sqm.function.SqmFunctionRegistry - Registered SqmFunctionTemplate [NamedSqmFunctionTemplate(floor)] under floor; prior registration was null
13:10:12.971 [main] DEBUG org.hibernate.query.sqm.function.SqmFunctionRegistry - Registered SqmFunctionTemplate [NamedSqmFunctionTemplate(ceiling)] under ceiling; prior registration was null
13:10:12.971 [main] DEBUG org.hibernate.query.sqm.function.SqmFunctionRegistry - Registered SqmFunctionTemplate [NamedSqmFunctionTemplate(mod)] under mod; prior registration was null
13:10:12.971 [main] DEBUG org.hibernate.query.sqm.function.SqmFunctionRegistry - Registered SqmFunctionTemplate [NamedSqmFunctionTemplate(abs)] under abs; prior registration was null
13:10:12.971 [main] DEBUG org.hibernate.query.sqm.function.SqmFunctionRegistry - Registered SqmFunctionTemplate [NamedSqmFunctionTemplate(sign)] under sign; prior registration was null
13:10:12.971 [main] DEBUG org.hibernate.query.sqm.function.SqmFunctionRegistry - Registered SqmFunctionTemplate [NamedSqmFunctionTemplate(sqrt)] under sqrt; prior registration was null
13:10:12.971 [main] DEBUG org.hibernate.query.sqm.function.SqmFunctionRegistry - Registered SqmFunctionTemplate [NamedSqmFunctionTemplate(ln)] under ln; prior registration was null
13:10:12.971 [main] DEBUG org.hibernate.query.sqm.function.SqmFunctionRegistry - Registered SqmFunctionTemplate [NamedSqmFunctionTemplate(exp)] under exp; prior registration was null
13:10:12.971 [main] DEBUG org.hibernate.query.sqm.function.SqmFunctionRegistry - Registered SqmFunctionTemplate [NamedSqmFunctionTemplate(power)] under power; prior registration was null
13:10:12.971 [main] DEBUG org.hibernate.query.sqm.function.SqmFunctionRegistry - Registered SqmFunctionTemplate [NamedSqmFunctionTemplate(round)] under round; prior registration was null
13:10:12.971 [main] DEBUG org.hibernate.query.sqm.function.SqmFunctionRegistry - Registered SqmFunctionTemplate [NamedSqmFunctionTemplate(sin)] under sin; prior registration was null
13:10:12.971 [main] DEBUG org.hibernate.query.sqm.function.SqmFunctionRegistry - Registered SqmFunctionTemplate [NamedSqmFunctionTemplate(cos)] under cos; prior registration was null
13:10:12.971 [main] DEBUG org.hibernate.query.sqm.function.SqmFunctionRegistry - Registered SqmFunctionTemplate [NamedSqmFunctionTemplate(tan)] under tan; prior registration was null
13:10:12.971 [main] DEBUG org.hibernate.query.sqm.function.SqmFunctionRegistry - Registered SqmFunctionTemplate [NamedSqmFunctionTemplate(asin)] under asin; prior registration was null
13:10:12.971 [main] DEBUG org.hibernate.query.sqm.function.SqmFunctionRegistry - Registered SqmFunctionTemplate [NamedSqmFunctionTemplate(acos)] under acos; prior registration was null
13:10:12.971 [main] DEBUG org.hibernate.query.sqm.function.SqmFunctionRegistry - Registered SqmFunctionTemplate [NamedSqmFunctionTemplate(atan)] under atan; prior registration was null
13:10:12.971 [main] DEBUG org.hibernate.query.sqm.function.SqmFunctionRegistry - Registered SqmFunctionTemplate [NamedSqmFunctionTemplate(atan2)] under atan2; prior registration was null
13:10:12.971 [main] DEBUG org.hibernate.query.sqm.function.SqmFunctionRegistry - Registered SqmFunctionTemplate [org.hibernate.query.sqm.function.PatternBasedSqmFunctionDescriptor@60fc4450] under sinh; prior registration was null
13:10:12.971 [main] DEBUG org.hibernate.query.sqm.function.SqmFunctionRegistry - Registered SqmFunctionTemplate [org.hibernate.query.sqm.function.PatternBasedSqmFunctionDescriptor@2e674698] under cosh; prior registration was null
13:10:12.971 [main] DEBUG org.hibernate.query.sqm.function.SqmFunctionRegistry - Registered SqmFunctionTemplate [org.hibernate.query.sqm.function.PatternBasedSqmFunctionDescriptor@270a3cef] under tanh; prior registration was null
13:10:12.971 [main] DEBUG org.hibernate.query.sqm.function.SqmFunctionRegistry - Registered SqmFunctionTemplate [org.hibernate.query.sqm.function.PatternBasedSqmFunctionDescriptor@6d224921] under pi; prior registration was null
13:10:12.971 [main] DEBUG org.hibernate.query.sqm.function.SqmFunctionRegistry - Registered SqmFunctionTemplate [org.hibernate.query.sqm.function.PatternBasedSqmFunctionDescriptor@6f7e5e11] under log; prior registration was null
13:10:12.971 [main] DEBUG org.hibernate.query.sqm.function.SqmFunctionRegistry - Registered SqmFunctionTemplate [NamedSqmFunctionTemplate(coalesce)] under coalesce; prior registration was null
13:10:12.971 [main] DEBUG org.hibernate.query.sqm.function.SqmFunctionRegistry - Registered SqmFunctionTemplate [NamedSqmFunctionTemplate(nullif)] under nullif; prior registration was null
13:10:12.971 [main] DEBUG org.hibernate.query.sqm.function.SqmFunctionRegistry - Registered SqmFunctionTemplate [NamedSqmFunctionTemplate(left)] under left; prior registration was null
13:10:12.971 [main] DEBUG org.hibernate.query.sqm.function.SqmFunctionRegistry - Registered SqmFunctionTemplate [NamedSqmFunctionTemplate(right)] under right; prior registration was null
13:10:12.971 [FRC-PM-HikariCP connection adder] DEBUG com.zaxxer.hikari.pool.HikariPool - FRC-PM-HikariCP - Added connection conn12: url=jdbc:h2:mem:testdb user=SA
13:10:12.971 [main] DEBUG org.hibernate.query.sqm.function.SqmFunctionRegistry - Registered SqmFunctionTemplate [NamedSqmFunctionTemplate(replace)] under replace; prior registration was null
13:10:12.972 [main] DEBUG org.hibernate.query.sqm.function.SqmFunctionRegistry - Registered SqmFunctionTemplate [NamedSqmFunctionTemplate(concat)] under concat; prior registration was null
13:10:12.972 [main] DEBUG org.hibernate.query.sqm.function.SqmFunctionRegistry - Registered SqmFunctionTemplate [NamedSqmFunctionTemplate(lower)] under lower; prior registration was null
13:10:12.972 [main] DEBUG org.hibernate.query.sqm.function.SqmFunctionRegistry - Registered SqmFunctionTemplate [NamedSqmFunctionTemplate(upper)] under upper; prior registration was null
13:10:12.972 [main] DEBUG org.hibernate.query.sqm.function.SqmFunctionRegistry - Registered SqmFunctionTemplate [NamedSqmFunctionTemplate(substring)] under substring; prior registration was null
13:10:12.972 [main] DEBUG org.hibernate.query.sqm.function.SqmFunctionRegistry - Registered SqmFunctionTemplate [NamedSqmFunctionTemplate(locate)] under locate; prior registration was null
13:10:12.972 [main] DEBUG org.hibernate.query.sqm.function.SqmFunctionRegistry - Registered SqmFunctionTemplate [NamedSqmFunctionTemplate(character_length)] under character_length; prior registration was null
13:10:12.972 [main] DEBUG org.hibernate.query.sqm.function.SqmFunctionRegistry - Registering alternate key : length -> character_length
13:10:12.972 [main] DEBUG org.hibernate.query.sqm.function.SqmFunctionRegistry - Registered SqmFunctionTemplate [org.hibernate.dialect.function.LocatePositionEmulation@7bb996e0] under position; prior registration was null
13:10:12.972 [main] DEBUG org.hibernate.query.sqm.function.SqmFunctionRegistry - Registered SqmFunctionTemplate [org.hibernate.dialect.function.InsertSubstringOverlayEmulation@da2303c] under overlay; prior registration was null
13:10:12.972 [main] DEBUG org.hibernate.query.sqm.function.SqmFunctionRegistry - Registered SqmFunctionTemplate [org.hibernate.dialect.function.TrimFunction@72b60be8] under trim; prior registration was null
13:10:12.972 [main] DEBUG org.hibernate.query.sqm.function.SqmFunctionRegistry - Registered SqmFunctionTemplate [org.hibernate.dialect.function.CastFunction@6f254d79] under cast; prior registration was null
13:10:12.972 [main] DEBUG org.hibernate.query.sqm.function.SqmFunctionRegistry - Registered SqmFunctionTemplate [org.hibernate.query.sqm.function.PatternBasedSqmFunctionDescriptor@589cc8eb] under collate; prior registration was null
13:10:12.972 [main] DEBUG org.hibernate.query.sqm.function.SqmFunctionRegistry - Registered SqmFunctionTemplate [org.hibernate.dialect.function.ExtractFunction@44233014] under extract; prior registration was null
13:10:12.972 [main] DEBUG org.hibernate.query.sqm.function.SqmFunctionRegistry - Registered SqmFunctionTemplate [NamedSqmFunctionTemplate(least)] under least; prior registration was null
13:10:12.972 [main] DEBUG org.hibernate.query.sqm.function.SqmFunctionRegistry - Registered SqmFunctionTemplate [NamedSqmFunctionTemplate(greatest)] under greatest; prior registration was null
13:10:12.972 [main] DEBUG org.hibernate.query.sqm.function.SqmFunctionRegistry - Registered SqmFunctionTemplate [org.hibernate.dialect.function.CoalesceIfnullEmulation@6888a33] under ifnull; prior registration was null
13:10:12.972 [main] DEBUG org.hibernate.query.sqm.function.SqmFunctionRegistry - Registered SqmFunctionTemplate [NamedSqmFunctionTemplate(lpad)] under lpad; prior registration was null
13:10:12.972 [main] DEBUG org.hibernate.query.sqm.function.SqmFunctionRegistry - Registered SqmFunctionTemplate [NamedSqmFunctionTemplate(rpad)] under rpad; prior registration was null
13:10:12.972 [main] DEBUG org.hibernate.query.sqm.function.SqmFunctionRegistry - Registered SqmFunctionTemplate [org.hibernate.dialect.function.LpadRpadPadEmulation@4303511e] under pad; prior registration was null
13:10:12.972 [main] DEBUG org.hibernate.query.sqm.function.SqmFunctionRegistry - Registered SqmFunctionTemplate [org.hibernate.dialect.function.CastStrEmulation@7d661205] under str; prior registration was null
13:10:12.972 [main] DEBUG org.hibernate.query.sqm.function.SqmFunctionRegistry - Registered SqmFunctionTemplate [org.hibernate.dialect.function.FormatFunction@20183e2d] under format; prior registration was null
13:10:12.972 [main] DEBUG org.hibernate.query.sqm.function.SqmFunctionRegistry - Registered SqmFunctionTemplate [org.hibernate.dialect.function.TimestampaddFunction@6203f10f] under timestampadd; prior registration was null
13:10:12.972 [main] DEBUG org.hibernate.query.sqm.function.SqmFunctionRegistry - Registered SqmFunctionTemplate [org.hibernate.dialect.function.TimestampdiffFunction@3bd1c7f0] under timestampdiff; prior registration was null
13:10:12.972 [main] DEBUG org.hibernate.query.sqm.function.SqmFunctionRegistry - Registering alternate key : dateadd -> timestampadd
13:10:12.972 [main] DEBUG org.hibernate.query.sqm.function.SqmFunctionRegistry - Registering alternate key : datediff -> timestampdiff
13:10:12.972 [main] DEBUG org.hibernate.query.sqm.function.SqmFunctionRegistry - Registered SqmFunctionTemplate [org.hibernate.dialect.function.CurrentFunction@76ea1cb5] under current_date; prior registration was null
13:10:12.972 [main] DEBUG org.hibernate.query.sqm.function.SqmFunctionRegistry - Registered SqmFunctionTemplate [org.hibernate.dialect.function.CurrentFunction@17e2ad13] under current_time; prior registration was null
13:10:12.972 [main] DEBUG org.hibernate.query.sqm.function.SqmFunctionRegistry - Registered SqmFunctionTemplate [org.hibernate.dialect.function.CurrentFunction@6a94bd69] under current_timestamp; prior registration was null
13:10:12.972 [main] DEBUG org.hibernate.query.sqm.function.SqmFunctionRegistry - Registering alternate key : current date -> current_date
13:10:12.972 [main] DEBUG org.hibernate.query.sqm.function.SqmFunctionRegistry - Registering alternate key : current time -> current_time
13:10:12.972 [main] DEBUG org.hibernate.query.sqm.function.SqmFunctionRegistry - Registering alternate key : current timestamp -> current_timestamp
13:10:12.972 [main] DEBUG org.hibernate.query.sqm.function.SqmFunctionRegistry - Registered SqmFunctionTemplate [org.hibernate.dialect.function.CurrentFunction@5f4f198c] under local_date; prior registration was null
13:10:12.972 [main] DEBUG org.hibernate.query.sqm.function.SqmFunctionRegistry - Registered SqmFunctionTemplate [org.hibernate.dialect.function.CurrentFunction@7966a964] under local_time; prior registration was null
13:10:12.972 [main] DEBUG org.hibernate.query.sqm.function.SqmFunctionRegistry - Registered SqmFunctionTemplate [org.hibernate.dialect.function.CurrentFunction@7b6e196e] under local_datetime; prior registration was null
13:10:12.972 [main] DEBUG org.hibernate.query.sqm.function.SqmFunctionRegistry - Registered SqmFunctionTemplate [org.hibernate.dialect.function.CurrentFunction@34de8c9f] under offset_datetime; prior registration was null
13:10:12.972 [main] DEBUG org.hibernate.query.sqm.function.SqmFunctionRegistry - Registering alternate key : local date -> local_date
13:10:12.972 [main] DEBUG org.hibernate.query.sqm.function.SqmFunctionRegistry - Registering alternate key : local time -> local_time
13:10:12.972 [main] DEBUG org.hibernate.query.sqm.function.SqmFunctionRegistry - Registering alternate key : local datetime -> local_datetime
13:10:12.972 [main] DEBUG org.hibernate.query.sqm.function.SqmFunctionRegistry - Registering alternate key : offset datetime -> offset_datetime
13:10:12.972 [main] DEBUG org.hibernate.query.sqm.function.SqmFunctionRegistry - Registered SqmFunctionTemplate [org.hibernate.dialect.function.CurrentFunction@137a70f1] under instant; prior registration was null
13:10:12.972 [main] DEBUG org.hibernate.query.sqm.function.SqmFunctionRegistry - Registering alternate key : current_instant -> instant
13:10:12.972 [main] DEBUG org.hibernate.query.sqm.function.SqmFunctionRegistry - Registered SqmFunctionTemplate [org.hibernate.dialect.function.SqlFunction@5f1bd673] under sql; prior registration was null
13:10:12.972 [main] DEBUG org.hibernate.query.sqm.function.SqmFunctionRegistry - Registered SqmFunctionTemplate [NamedSqmFunctionTemplate(max)] under max; prior registration was NamedSqmFunctionTemplate(max)
13:10:12.972 [main] DEBUG org.hibernate.query.sqm.function.SqmFunctionRegistry - Registered SqmFunctionTemplate [NamedSqmFunctionTemplate(min)] under min; prior registration was NamedSqmFunctionTemplate(min)
13:10:12.972 [main] DEBUG org.hibernate.query.sqm.function.SqmFunctionRegistry - Registered SqmFunctionTemplate [NamedSqmFunctionTemplate(sum)] under sum; prior registration was NamedSqmFunctionTemplate(sum)
13:10:12.972 [main] DEBUG org.hibernate.query.sqm.function.SqmFunctionRegistry - Registered SqmFunctionTemplate [NamedSqmFunctionTemplate(avg)] under avg; prior registration was NamedSqmFunctionTemplate(avg)
13:10:12.972 [main] DEBUG org.hibernate.query.sqm.function.SqmFunctionRegistry - Registered SqmFunctionTemplate [org.hibernate.dialect.function.CountFunction@54351197] under count; prior registration was org.hibernate.dialect.function.CountFunction@7893b8c
13:10:12.972 [main] DEBUG org.hibernate.query.sqm.function.SqmFunctionRegistry - Registered SqmFunctionTemplate [org.hibernate.dialect.function.AvgFunction@144fc5fa] under avg; prior registration was NamedSqmFunctionTemplate(avg)
13:10:12.972 [main] DEBUG org.hibernate.query.sqm.function.SqmFunctionRegistry - Registered SqmFunctionTemplate [NamedSqmFunctionTemplate(pi)] under pi; prior registration was org.hibernate.query.sqm.function.PatternBasedSqmFunctionDescriptor@6d224921
13:10:12.972 [main] DEBUG org.hibernate.query.sqm.function.SqmFunctionRegistry - Registered SqmFunctionTemplate [NamedSqmFunctionTemplate(cot)] under cot; prior registration was null
13:10:12.972 [main] DEBUG org.hibernate.query.sqm.function.SqmFunctionRegistry - Registered SqmFunctionTemplate [NamedSqmFunctionTemplate(radians)] under radians; prior registration was null
13:10:12.972 [main] DEBUG org.hibernate.query.sqm.function.SqmFunctionRegistry - Registered SqmFunctionTemplate [NamedSqmFunctionTemplate(degrees)] under degrees; prior registration was null
13:10:12.972 [main] DEBUG org.hibernate.query.sqm.function.SqmFunctionRegistry - Registered SqmFunctionTemplate [NamedSqmFunctionTemplate(log10)] under log10; prior registration was null
13:10:12.972 [main] DEBUG org.hibernate.query.sqm.function.SqmFunctionRegistry - Registered SqmFunctionTemplate [org.hibernate.query.sqm.function.PatternBasedSqmFunctionDescriptor@5472c27a] under mod; prior registration was NamedSqmFunctionTemplate(mod)
13:10:12.972 [main] DEBUG org.hibernate.query.sqm.function.SqmFunctionRegistry - Registered SqmFunctionTemplate [NamedSqmFunctionTemplate(rand)] under rand; prior registration was null
13:10:12.972 [main] DEBUG org.hibernate.query.sqm.function.SqmFunctionRegistry - Registered SqmFunctionTemplate [NamedSqmFunctionTemplate(soundex)] under soundex; prior registration was null
13:10:12.972 [main] DEBUG org.hibernate.query.sqm.function.SqmFunctionRegistry - Registered SqmFunctionTemplate [NamedSqmFunctionTemplate(translate)] under translate; prior registration was null
13:10:12.972 [main] DEBUG org.hibernate.query.sqm.function.SqmFunctionRegistry - Registered SqmFunctionTemplate [NamedSqmFunctionTemplate(bitand)] under bitand; prior registration was null
13:10:12.972 [main] DEBUG org.hibernate.query.sqm.function.SqmFunctionRegistry - Registered SqmFunctionTemplate [NamedSqmFunctionTemplate(bitor)] under bitor; prior registration was null
13:10:12.972 [main] DEBUG org.hibernate.query.sqm.function.SqmFunctionRegistry - Registered SqmFunctionTemplate [NamedSqmFunctionTemplate(bitxor)] under bitxor; prior registration was null
13:10:12.972 [main] DEBUG org.hibernate.query.sqm.function.SqmFunctionRegistry - Registered SqmFunctionTemplate [NamedSqmFunctionTemplate(bitnot)] under bitnot; prior registration was null
13:10:12.972 [main] DEBUG org.hibernate.query.sqm.function.SqmFunctionRegistry - Registered SqmFunctionTemplate [NamedSqmFunctionTemplate(bit_and)] under bit_and; prior registration was null
13:10:12.972 [main] DEBUG org.hibernate.query.sqm.function.SqmFunctionRegistry - Registered SqmFunctionTemplate [NamedSqmFunctionTemplate(bit_or)] under bit_or; prior registration was null
13:10:12.972 [main] DEBUG org.hibernate.query.sqm.function.SqmFunctionRegistry - Registered SqmFunctionTemplate [NamedSqmFunctionTemplate(day)] under day; prior registration was null
13:10:12.972 [main] DEBUG org.hibernate.query.sqm.function.SqmFunctionRegistry - Registered SqmFunctionTemplate [NamedSqmFunctionTemplate(month)] under month; prior registration was null
13:10:12.972 [main] DEBUG org.hibernate.query.sqm.function.SqmFunctionRegistry - Registered SqmFunctionTemplate [NamedSqmFunctionTemplate(year)] under year; prior registration was null
13:10:12.972 [main] DEBUG org.hibernate.query.sqm.function.SqmFunctionRegistry - Registered SqmFunctionTemplate [NamedSqmFunctionTemplate(hour)] under hour; prior registration was null
13:10:12.972 [main] DEBUG org.hibernate.query.sqm.function.SqmFunctionRegistry - Registered SqmFunctionTemplate [NamedSqmFunctionTemplate(minute)] under minute; prior registration was null
13:10:12.972 [main] DEBUG org.hibernate.query.sqm.function.SqmFunctionRegistry - Registered SqmFunctionTemplate [NamedSqmFunctionTemplate(second)] under second; prior registration was null
13:10:12.972 [main] DEBUG org.hibernate.query.sqm.function.SqmFunctionRegistry - Registered SqmFunctionTemplate [NamedSqmFunctionTemplate(microsecond)] under microsecond; prior registration was null
13:10:12.972 [main] DEBUG org.hibernate.query.sqm.function.SqmFunctionRegistry - Registered SqmFunctionTemplate [NamedSqmFunctionTemplate(day_of_week)] under day_of_week; prior registration was null
13:10:12.972 [main] DEBUG org.hibernate.query.sqm.function.SqmFunctionRegistry - Registered SqmFunctionTemplate [NamedSqmFunctionTemplate(day_of_month)] under day_of_month; prior registration was null
13:10:12.972 [main] DEBUG org.hibernate.query.sqm.function.SqmFunctionRegistry - Registering alternate key : day -> day_of_month
13:10:12.972 [main] DEBUG org.hibernate.query.sqm.function.SqmFunctionRegistry - Registered SqmFunctionTemplate [NamedSqmFunctionTemplate(day_of_year)] under day_of_year; prior registration was null
13:10:12.972 [main] DEBUG org.hibernate.query.sqm.function.SqmFunctionRegistry - Registered SqmFunctionTemplate [NamedSqmFunctionTemplate(week)] under week; prior registration was null
13:10:12.972 [main] DEBUG org.hibernate.query.sqm.function.SqmFunctionRegistry - Registered SqmFunctionTemplate [NamedSqmFunctionTemplate(quarter)] under quarter; prior registration was null
13:10:12.972 [main] DEBUG org.hibernate.query.sqm.function.SqmFunctionRegistry - Registered SqmFunctionTemplate [NamedSqmFunctionTemplate(monthname)] under monthname; prior registration was null
13:10:12.972 [main] DEBUG org.hibernate.query.sqm.function.SqmFunctionRegistry - Registered SqmFunctionTemplate [NamedSqmFunctionTemplate(dayname)] under dayname; prior registration was null
13:10:12.972 [main] DEBUG org.hibernate.query.sqm.function.SqmFunctionRegistry - Registered SqmFunctionTemplate [NamedSqmFunctionTemplate(localtime)] under localtime; prior registration was null
13:10:12.972 [main] DEBUG org.hibernate.query.sqm.function.SqmFunctionRegistry - Registered SqmFunctionTemplate [NamedSqmFunctionTemplate(localtimestamp)] under localtimestamp; prior registration was null
13:10:12.972 [main] DEBUG org.hibernate.query.sqm.function.SqmFunctionRegistry - Registered SqmFunctionTemplate [NamedSqmFunctionTemplate(localtime)] under local_time; prior registration was org.hibernate.dialect.function.CurrentFunction@7966a964
13:10:12.972 [main] DEBUG org.hibernate.query.sqm.function.SqmFunctionRegistry - Registered SqmFunctionTemplate [NamedSqmFunctionTemplate(localtimestamp)] under local_datetime; prior registration was org.hibernate.dialect.function.CurrentFunction@7b6e196e
13:10:12.972 [main] DEBUG org.hibernate.query.sqm.function.SqmFunctionRegistry - Registered SqmFunctionTemplate [org.hibernate.dialect.function.TruncFunction@555b3ec9] under trunc; prior registration was null
13:10:12.972 [main] DEBUG org.hibernate.query.sqm.function.SqmFunctionRegistry - Registering alternate key : truncate -> trunc
13:10:12.972 [main] DEBUG org.hibernate.query.sqm.function.SqmFunctionRegistry - Registered SqmFunctionTemplate [org.hibernate.query.sqm.function.PatternBasedSqmFunctionDescriptor@299e245c] under date_trunc; prior registration was null
13:10:12.972 [main] DEBUG org.hibernate.query.sqm.function.SqmFunctionRegistry - Registered SqmFunctionTemplate [NamedSqmFunctionTemplate(bit_length)] under bit_length; prior registration was null
13:10:12.972 [main] DEBUG org.hibernate.query.sqm.function.SqmFunctionRegistry - Registered SqmFunctionTemplate [NamedSqmFunctionTemplate(octet_length)] under octet_length; prior registration was null
13:10:12.972 [main] DEBUG org.hibernate.query.sqm.function.SqmFunctionRegistry - Registered SqmFunctionTemplate [NamedSqmFunctionTemplate(ascii)] under ascii; prior registration was null
13:10:12.972 [main] DEBUG org.hibernate.query.sqm.function.SqmFunctionRegistry - Registered SqmFunctionTemplate [NamedSqmFunctionTemplate(octet_length)] under octet_length; prior registration was NamedSqmFunctionTemplate(octet_length)
13:10:12.972 [main] DEBUG org.hibernate.query.sqm.function.SqmFunctionRegistry - Registered SqmFunctionTemplate [NamedSqmFunctionTemplate(space)] under space; prior registration was null
13:10:12.972 [main] DEBUG org.hibernate.query.sqm.function.SqmFunctionRegistry - Registered SqmFunctionTemplate [NamedSqmFunctionTemplate(repeat)] under repeat; prior registration was null
13:10:12.972 [main] DEBUG org.hibernate.query.sqm.function.SqmFunctionRegistry - Registered SqmFunctionTemplate [NamedSqmFunctionTemplate(char)] under char; prior registration was null
13:10:12.972 [main] DEBUG org.hibernate.query.sqm.function.SqmFunctionRegistry - Registering alternate key : chr -> char
13:10:12.972 [main] DEBUG org.hibernate.query.sqm.function.SqmFunctionRegistry - Registered SqmFunctionTemplate [NamedSqmFunctionTemplate(instr)] under instr; prior registration was null
13:10:12.972 [main] DEBUG org.hibernate.query.sqm.function.SqmFunctionRegistry - Registered SqmFunctionTemplate [NamedSqmFunctionTemplate(substr)] under substr; prior registration was null
13:10:12.972 [main] DEBUG org.hibernate.query.sqm.function.SqmFunctionRegistry - Registered SqmFunctionTemplate [org.hibernate.query.sqm.function.PatternBasedSqmFunctionDescriptor@43945480] under position; prior registration was org.hibernate.dialect.function.LocatePositionEmulation@7bb996e0
13:10:12.972 [main] DEBUG org.hibernate.query.sqm.function.SqmFunctionRegistry - Registered SqmFunctionTemplate [NamedSqmFunctionTemplate(ltrim)] under ltrim; prior registration was null
13:10:12.972 [main] DEBUG org.hibernate.query.sqm.function.SqmFunctionRegistry - Registered SqmFunctionTemplate [NamedSqmFunctionTemplate(rtrim)] under rtrim; prior registration was null
13:10:12.972 [main] DEBUG org.hibernate.query.sqm.function.SqmFunctionRegistry - Registered SqmFunctionTemplate [org.hibernate.query.sqm.function.PatternBasedSqmFunctionDescriptor@1b72f9a] under concat; prior registration was NamedSqmFunctionTemplate(concat)
13:10:12.972 [main] DEBUG org.hibernate.query.sqm.function.SqmFunctionRegistry - Registered SqmFunctionTemplate [NamedSqmFunctionTemplate(curtime)] under curtime; prior registration was null
13:10:12.972 [main] DEBUG org.hibernate.query.sqm.function.SqmFunctionRegistry - Registered SqmFunctionTemplate [NamedSqmFunctionTemplate(curdate)] under curdate; prior registration was null
13:10:12.972 [main] DEBUG org.hibernate.query.sqm.function.SqmFunctionRegistry - Registered SqmFunctionTemplate [NamedSqmFunctionTemplate(now)] under now; prior registration was null
13:10:12.972 [main] DEBUG org.hibernate.query.sqm.function.SqmFunctionRegistry - Registered SqmFunctionTemplate [NamedSqmFunctionTemplate(sysdate)] under sysdate; prior registration was null
13:10:12.972 [main] DEBUG org.hibernate.query.sqm.function.SqmFunctionRegistry - Registered SqmFunctionTemplate [NamedSqmFunctionTemplate(insert)] under insert; prior registration was null
13:10:12.973 [main] DEBUG org.hibernate.query.sqm.function.SqmFunctionRegistry - Registered SqmFunctionTemplate [NamedSqmFunctionTemplate(bool_and)] under bool_and; prior registration was null
13:10:12.973 [main] DEBUG org.hibernate.query.sqm.function.SqmFunctionRegistry - Registering alternate key : every -> bool_and
13:10:12.973 [main] DEBUG org.hibernate.query.sqm.function.SqmFunctionRegistry - Registered SqmFunctionTemplate [NamedSqmFunctionTemplate(bool_or)] under bool_or; prior registration was null
13:10:12.973 [main] DEBUG org.hibernate.query.sqm.function.SqmFunctionRegistry - Registering alternate key : any -> bool_or
13:10:12.973 [main] DEBUG org.hibernate.query.sqm.function.SqmFunctionRegistry - Registered SqmFunctionTemplate [NamedSqmFunctionTemplate(median)] under median; prior registration was null
13:10:12.973 [main] DEBUG org.hibernate.query.sqm.function.SqmFunctionRegistry - Registered SqmFunctionTemplate [NamedSqmFunctionTemplate(stddev_pop)] under stddev_pop; prior registration was null
13:10:12.973 [main] DEBUG org.hibernate.query.sqm.function.SqmFunctionRegistry - Registered SqmFunctionTemplate [NamedSqmFunctionTemplate(stddev_samp)] under stddev_samp; prior registration was null
13:10:12.973 [main] DEBUG org.hibernate.query.sqm.function.SqmFunctionRegistry - Registered SqmFunctionTemplate [NamedSqmFunctionTemplate(var_pop)] under var_pop; prior registration was null
13:10:12.973 [main] DEBUG org.hibernate.query.sqm.function.SqmFunctionRegistry - Registered SqmFunctionTemplate [NamedSqmFunctionTemplate(var_samp)] under var_samp; prior registration was null
13:10:12.973 [main] DEBUG org.hibernate.query.sqm.function.SqmFunctionRegistry - Registered SqmFunctionTemplate [org.hibernate.dialect.function.FormatFunction@d96f413] under format; prior registration was org.hibernate.dialect.function.FormatFunction@20183e2d
13:10:12.973 [main] DEBUG org.hibernate.query.sqm.function.SqmFunctionRegistry - Registered SqmFunctionTemplate [NamedSqmFunctionTemplate(rownum)] under rownum; prior registration was null
13:10:12.973 [main] DEBUG org.hibernate.query.sqm.function.SqmFunctionRegistry - Registered SqmFunctionTemplate [NamedSqmFunctionTemplate(row_number)] under row_number; prior registration was null
13:10:12.973 [main] DEBUG org.hibernate.query.sqm.function.SqmFunctionRegistry - Registered SqmFunctionTemplate [NamedSqmFunctionTemplate(lag)] under lag; prior registration was null
13:10:12.973 [main] DEBUG org.hibernate.query.sqm.function.SqmFunctionRegistry - Registered SqmFunctionTemplate [NamedSqmFunctionTemplate(lead)] under lead; prior registration was null
13:10:12.973 [main] DEBUG org.hibernate.query.sqm.function.SqmFunctionRegistry - Registered SqmFunctionTemplate [NamedSqmFunctionTemplate(first_value)] under first_value; prior registration was null
13:10:12.973 [main] DEBUG org.hibernate.query.sqm.function.SqmFunctionRegistry - Registered SqmFunctionTemplate [NamedSqmFunctionTemplate(last_value)] under last_value; prior registration was null
13:10:12.973 [main] DEBUG org.hibernate.query.sqm.function.SqmFunctionRegistry - Registered SqmFunctionTemplate [NamedSqmFunctionTemplate(nth_value)] under nth_value; prior registration was null
13:10:12.973 [main] DEBUG org.hibernate.query.sqm.function.SqmFunctionRegistry - Registered SqmFunctionTemplate [org.hibernate.dialect.function.ListaggFunction@55f29d39] under listagg; prior registration was null
13:10:12.973 [main] DEBUG org.hibernate.query.sqm.function.SqmFunctionRegistry - Registered SqmFunctionTemplate [org.hibernate.dialect.function.InverseDistributionFunction@3423f353] under mode; prior registration was null
13:10:12.973 [main] DEBUG org.hibernate.query.sqm.function.SqmFunctionRegistry - Registered SqmFunctionTemplate [org.hibernate.dialect.function.InverseDistributionFunction@c50d1b2] under percentile_cont; prior registration was null
13:10:12.973 [main] DEBUG org.hibernate.query.sqm.function.SqmFunctionRegistry - Registered SqmFunctionTemplate [org.hibernate.dialect.function.InverseDistributionFunction@365c8a47] under percentile_disc; prior registration was null
13:10:12.973 [main] DEBUG org.hibernate.query.sqm.function.SqmFunctionRegistry - Registered SqmFunctionTemplate [org.hibernate.dialect.function.HypotheticalSetFunction@7786c2e0] under rank; prior registration was null
13:10:12.973 [main] DEBUG org.hibernate.query.sqm.function.SqmFunctionRegistry - Registered SqmFunctionTemplate [org.hibernate.dialect.function.HypotheticalSetFunction@5c940e28] under dense_rank; prior registration was null
13:10:12.973 [main] DEBUG org.hibernate.query.sqm.function.SqmFunctionRegistry - Registered SqmFunctionTemplate [org.hibernate.dialect.function.HypotheticalSetFunction@56c39949] under percent_rank; prior registration was null
13:10:12.973 [main] DEBUG org.hibernate.query.sqm.function.SqmFunctionRegistry - Registered SqmFunctionTemplate [org.hibernate.dialect.function.HypotheticalSetFunction@41f3f64] under cume_dist; prior registration was null
13:10:12.973 [main] DEBUG org.hibernate.query.sqm.function.SqmFunctionRegistry - Registered SqmFunctionTemplate [org.hibernate.dialect.function.array.ArrayConstructorFunction@454f6cc5] under array; prior registration was null
13:10:12.973 [main] DEBUG org.hibernate.query.sqm.function.SqmFunctionRegistry - Registered SqmFunctionTemplate [org.hibernate.dialect.function.array.ArrayConstructorFunction@3956df0a] under array_list; prior registration was null
13:10:12.973 [main] DEBUG org.hibernate.query.sqm.function.SqmFunctionRegistry - Registered SqmFunctionTemplate [org.hibernate.dialect.function.array.ArrayAggFunction@739500b8] under array_agg; prior registration was null
13:10:12.973 [main] DEBUG org.hibernate.query.sqm.function.SqmFunctionRegistry - Registered SqmFunctionTemplate [org.hibernate.dialect.function.array.H2ArrayPositionFunction@e8ce5b1] under array_position; prior registration was null
13:10:12.973 [main] DEBUG org.hibernate.query.sqm.function.SqmFunctionRegistry - Registered SqmFunctionTemplate [org.hibernate.dialect.function.array.H2ArrayPositionsFunction@3f3abe67] under array_positions; prior registration was null
13:10:12.973 [main] DEBUG org.hibernate.query.sqm.function.SqmFunctionRegistry - Registered SqmFunctionTemplate [org.hibernate.dialect.function.array.H2ArrayPositionsFunction@d3929ba] under array_positions_list; prior registration was null
13:10:12.973 [main] DEBUG org.hibernate.query.sqm.function.SqmFunctionRegistry - Registered SqmFunctionTemplate [org.hibernate.query.sqm.function.PatternBasedSqmFunctionDescriptor@6101fd7d] under array_length; prior registration was null
13:10:12.973 [main] DEBUG org.hibernate.query.sqm.function.SqmFunctionRegistry - Registered SqmFunctionTemplate [org.hibernate.dialect.function.array.ArrayConcatFunction@b22bebc] under array_concat; prior registration was null
13:10:12.973 [main] DEBUG org.hibernate.query.sqm.function.SqmFunctionRegistry - Registered SqmFunctionTemplate [org.hibernate.dialect.function.array.ArrayConcatElementFunction@60773809] under array_prepend; prior registration was null
13:10:12.973 [main] DEBUG org.hibernate.query.sqm.function.SqmFunctionRegistry - Registered SqmFunctionTemplate [org.hibernate.dialect.function.array.ArrayConcatElementFunction@24c7b944] under array_append; prior registration was null
13:10:12.973 [main] DEBUG org.hibernate.query.sqm.function.SqmFunctionRegistry - Registered SqmFunctionTemplate [org.hibernate.dialect.function.array.H2ArrayContainsFunction@4a4352b4] under array_contains; prior registration was null
13:10:12.973 [main] DEBUG org.hibernate.query.sqm.function.SqmFunctionRegistry - Registered SqmFunctionTemplate [org.hibernate.dialect.function.array.H2ArrayContainsFunction@540ac21e] under array_contains_nullable; prior registration was null
13:10:12.973 [main] DEBUG org.hibernate.query.sqm.function.SqmFunctionRegistry - Registered SqmFunctionTemplate [org.hibernate.dialect.function.array.H2ArrayOverlapsFunction@d640fe6] under array_overlaps; prior registration was null
13:10:12.973 [main] DEBUG org.hibernate.query.sqm.function.SqmFunctionRegistry - Registered SqmFunctionTemplate [org.hibernate.dialect.function.array.H2ArrayOverlapsFunction@14f08a97] under array_overlaps_nullable; prior registration was null
13:10:12.973 [main] DEBUG org.hibernate.query.sqm.function.SqmFunctionRegistry - Registered SqmFunctionTemplate [org.hibernate.query.sqm.function.PatternBasedSqmFunctionDescriptor@44f6ac4f] under array_get; prior registration was null
13:10:12.974 [main] DEBUG org.hibernate.query.sqm.function.SqmFunctionRegistry - Registered SqmFunctionTemplate [org.hibernate.dialect.function.array.H2ArraySetFunction@46ee9cfd] under array_set; prior registration was null
13:10:12.974 [main] DEBUG org.hibernate.query.sqm.function.SqmFunctionRegistry - Registered SqmFunctionTemplate [org.hibernate.dialect.function.array.H2ArrayRemoveFunction@6b58a0f9] under array_remove; prior registration was null
13:10:12.974 [main] DEBUG org.hibernate.query.sqm.function.SqmFunctionRegistry - Registered SqmFunctionTemplate [org.hibernate.dialect.function.array.H2ArrayRemoveIndexFunction@7b6c3b37] under array_remove_index; prior registration was null
13:10:12.974 [main] DEBUG org.hibernate.query.sqm.function.SqmFunctionRegistry - Registered SqmFunctionTemplate [org.hibernate.query.sqm.function.PatternBasedSqmFunctionDescriptor@a8964c1] under array_slice; prior registration was null
13:10:12.974 [main] DEBUG org.hibernate.query.sqm.function.SqmFunctionRegistry - Registered SqmFunctionTemplate [org.hibernate.dialect.function.array.H2ArrayReplaceFunction@38320819] under array_replace; prior registration was null
13:10:12.974 [main] DEBUG org.hibernate.query.sqm.function.SqmFunctionRegistry - Registered SqmFunctionTemplate [org.hibernate.query.sqm.function.PatternBasedSqmFunctionDescriptor@16c3388e] under array_trim; prior registration was null
13:10:12.978 [main] DEBUG org.hibernate.query.sqm.function.SqmFunctionRegistry - Registered SqmFunctionTemplate [org.hibernate.dialect.function.array.H2ArrayFillFunction@cec1ce2] under array_fill; prior registration was null
13:10:12.978 [main] DEBUG org.hibernate.query.sqm.function.SqmFunctionRegistry - Registered SqmFunctionTemplate [org.hibernate.dialect.function.array.H2ArrayFillFunction@4d82ded2] under array_fill_list; prior registration was null
13:10:12.978 [main] DEBUG org.hibernate.query.sqm.function.SqmFunctionRegistry - Registered SqmFunctionTemplate [org.hibernate.dialect.function.array.H2ArrayToStringFunction@655875bb] under array_to_string; prior registration was null
13:10:12.980 [main] DEBUG org.hibernate.HQL_FUNCTIONS - abs(NUMERIC arg)
13:10:12.980 [main] DEBUG org.hibernate.HQL_FUNCTIONS - Double acos(NUMERIC arg)
13:10:12.980 [main] DEBUG org.hibernate.HQL_FUNCTIONS - Boolean any(BOOLEAN predicate)
13:10:12.980 [main] DEBUG org.hibernate.HQL_FUNCTIONS - array( ... )
13:10:12.980 [main] DEBUG org.hibernate.HQL_FUNCTIONS - array_agg(arg)
13:10:12.980 [main] DEBUG org.hibernate.HQL_FUNCTIONS - array_append( ... )
13:10:12.980 [main] DEBUG org.hibernate.HQL_FUNCTIONS - array_concat( ... )
13:10:12.980 [main] DEBUG org.hibernate.HQL_FUNCTIONS - Boolean array_contains(ARRAY haystackArray, OBJECT needleElementOrArray)
13:10:12.980 [main] DEBUG org.hibernate.HQL_FUNCTIONS - Boolean array_contains_nullable(ARRAY haystackArray, OBJECT needleElementOrArray)
13:10:12.980 [main] DEBUG org.hibernate.HQL_FUNCTIONS - array_fill(OBJECT element, INTEGER elementCount)
13:10:12.980 [main] DEBUG org.hibernate.HQL_FUNCTIONS - array_fill_list(OBJECT element, INTEGER elementCount)
13:10:12.980 [main] DEBUG org.hibernate.HQL_FUNCTIONS - array_get(ARRAY array, INTEGER index)
13:10:12.980 [main] DEBUG org.hibernate.HQL_FUNCTIONS - Integer array_length(ARRAY array)
13:10:12.980 [main] DEBUG org.hibernate.HQL_FUNCTIONS - array_list( ... )
13:10:12.980 [main] DEBUG org.hibernate.HQL_FUNCTIONS - Boolean array_overlaps(ARRAY array0, OBJECT array1)
13:10:12.980 [main] DEBUG org.hibernate.HQL_FUNCTIONS - Boolean array_overlaps_nullable(ARRAY array0, OBJECT array1)
13:10:12.980 [main] DEBUG org.hibernate.HQL_FUNCTIONS - Integer array_position(ARRAY array, OBJECT element[, INTEGER startPosition])
13:10:12.980 [main] DEBUG org.hibernate.HQL_FUNCTIONS - int[] array_positions(ARRAY array, OBJECT element)
13:10:12.980 [main] DEBUG org.hibernate.HQL_FUNCTIONS - List array_positions_list(ARRAY array, OBJECT element)
13:10:12.980 [main] DEBUG org.hibernate.HQL_FUNCTIONS - array_prepend( ... )
13:10:12.980 [main] DEBUG org.hibernate.HQL_FUNCTIONS - array_remove( ... )
13:10:12.980 [main] DEBUG org.hibernate.HQL_FUNCTIONS - array_remove_index( ... )
13:10:12.980 [main] DEBUG org.hibernate.HQL_FUNCTIONS - array_replace( ... )
13:10:12.980 [main] DEBUG org.hibernate.HQL_FUNCTIONS - array_set( ... )
13:10:12.980 [main] DEBUG org.hibernate.HQL_FUNCTIONS - array_slice(ARRAY array, INTEGER start, INTEGER end)
13:10:12.980 [main] DEBUG org.hibernate.HQL_FUNCTIONS - String array_to_string( ... )
13:10:12.980 [main] DEBUG org.hibernate.HQL_FUNCTIONS - array_trim(ARRAY array, INTEGER elementsToRemove)
13:10:12.980 [main] DEBUG org.hibernate.HQL_FUNCTIONS - Integer ascii(STRING arg)
13:10:12.980 [main] DEBUG org.hibernate.HQL_FUNCTIONS - Double asin(NUMERIC arg)
13:10:12.980 [main] DEBUG org.hibernate.HQL_FUNCTIONS - Double atan(NUMERIC arg)
13:10:12.980 [main] DEBUG org.hibernate.HQL_FUNCTIONS - Double atan2(NUMERIC arg0, NUMERIC arg1)
13:10:12.980 [main] DEBUG org.hibernate.HQL_FUNCTIONS - avg(NUMERIC arg)
13:10:12.980 [main] DEBUG org.hibernate.HQL_FUNCTIONS - bit_and(arg)
13:10:12.980 [main] DEBUG org.hibernate.HQL_FUNCTIONS - Integer bit_length(STRING_OR_CLOB arg)
13:10:12.980 [main] DEBUG org.hibernate.HQL_FUNCTIONS - bit_or(arg)
13:10:12.980 [main] DEBUG org.hibernate.HQL_FUNCTIONS - bitand(arg0, arg1)
13:10:12.980 [main] DEBUG org.hibernate.HQL_FUNCTIONS - bitnot(arg)
13:10:12.980 [main] DEBUG org.hibernate.HQL_FUNCTIONS - bitor(arg0, arg1)
13:10:12.980 [main] DEBUG org.hibernate.HQL_FUNCTIONS - bitxor(arg0, arg1)
13:10:12.980 [main] DEBUG org.hibernate.HQL_FUNCTIONS - Boolean bool_and(BOOLEAN predicate)
13:10:12.980 [main] DEBUG org.hibernate.HQL_FUNCTIONS - Boolean bool_or(BOOLEAN predicate)
13:10:12.980 [main] DEBUG org.hibernate.HQL_FUNCTIONS - cast(arg as Type)
13:10:12.980 [main] DEBUG org.hibernate.HQL_FUNCTIONS - ceiling(NUMERIC arg)
13:10:12.980 [main] DEBUG org.hibernate.HQL_FUNCTIONS - Character char(INTEGER arg)
13:10:12.980 [main] DEBUG org.hibernate.HQL_FUNCTIONS - Integer character_length(STRING_OR_CLOB arg)
13:10:12.980 [main] DEBUG org.hibernate.HQL_FUNCTIONS - Character chr(INTEGER arg)
13:10:12.980 [main] DEBUG org.hibernate.HQL_FUNCTIONS - coalesce(arg0[, arg1[, ...]])
13:10:12.980 [main] DEBUG org.hibernate.HQL_FUNCTIONS - String collate(STRING string as COLLATION collation)
13:10:12.980 [main] DEBUG org.hibernate.HQL_FUNCTIONS - String concat(STRING string0[, STRING string1[, ...]])
13:10:12.980 [main] DEBUG org.hibernate.HQL_FUNCTIONS - Double cos(NUMERIC arg)
13:10:12.980 [main] DEBUG org.hibernate.HQL_FUNCTIONS - Double cosh(NUMERIC arg)
13:10:12.980 [main] DEBUG org.hibernate.HQL_FUNCTIONS - Double cot(NUMERIC arg)
13:10:12.980 [main] DEBUG org.hibernate.HQL_FUNCTIONS - Long count([distinct ]{arg|*})
13:10:12.980 [main] DEBUG org.hibernate.HQL_FUNCTIONS - Double cume_dist([arg0[, ...]])
13:10:12.980 [main] DEBUG org.hibernate.HQL_FUNCTIONS - Date curdate()
13:10:12.980 [main] DEBUG org.hibernate.HQL_FUNCTIONS - Date current date
13:10:12.980 [main] DEBUG org.hibernate.HQL_FUNCTIONS - Time current time
13:10:12.980 [main] DEBUG org.hibernate.HQL_FUNCTIONS - Timestamp current timestamp
13:10:12.980 [main] DEBUG org.hibernate.HQL_FUNCTIONS - Date current_date
13:10:12.980 [main] DEBUG org.hibernate.HQL_FUNCTIONS - Instant current_instant
13:10:12.980 [main] DEBUG org.hibernate.HQL_FUNCTIONS - Time current_time
13:10:12.980 [main] DEBUG org.hibernate.HQL_FUNCTIONS - Timestamp current_timestamp
13:10:12.980 [main] DEBUG org.hibernate.HQL_FUNCTIONS - Time curtime()
13:10:12.980 [main] DEBUG org.hibernate.HQL_FUNCTIONS - date_trunc(STRING field, TEMPORAL datetime)
13:10:12.980 [main] DEBUG org.hibernate.HQL_FUNCTIONS - dateadd(TEMPORAL_UNIT field, INTEGER magnitude, TEMPORAL datetime)
13:10:12.980 [main] DEBUG org.hibernate.HQL_FUNCTIONS - Long|Double datediff(TEMPORAL_UNIT field, TEMPORAL start, TEMPORAL end)
13:10:12.980 [main] DEBUG org.hibernate.HQL_FUNCTIONS - Integer day(DATE arg)
13:10:12.980 [main] DEBUG org.hibernate.HQL_FUNCTIONS - Integer day_of_month(DATE arg)
13:10:12.980 [main] DEBUG org.hibernate.HQL_FUNCTIONS - Integer day_of_week(DATE arg)
13:10:12.980 [main] DEBUG org.hibernate.HQL_FUNCTIONS - Integer day_of_year(DATE arg)
13:10:12.980 [main] DEBUG org.hibernate.HQL_FUNCTIONS - String dayname(DATE arg)
13:10:12.980 [main] DEBUG org.hibernate.HQL_FUNCTIONS - Double degrees(NUMERIC arg)
13:10:12.980 [main] DEBUG org.hibernate.HQL_FUNCTIONS - Long dense_rank([arg0[, ...]])
13:10:12.980 [main] DEBUG org.hibernate.HQL_FUNCTIONS - Boolean every(BOOLEAN predicate)
13:10:12.980 [main] DEBUG org.hibernate.HQL_FUNCTIONS - Double exp(NUMERIC arg)
13:10:12.980 [main] DEBUG org.hibernate.HQL_FUNCTIONS - extract(TEMPORAL_UNIT field from TEMPORAL arg)
13:10:12.980 [main] DEBUG org.hibernate.HQL_FUNCTIONS - first_valueANY value
13:10:12.980 [main] DEBUG org.hibernate.HQL_FUNCTIONS - floor(NUMERIC arg)
13:10:12.980 [main] DEBUG org.hibernate.HQL_FUNCTIONS - String format(TEMPORAL datetime as STRING pattern)
13:10:12.980 [main] DEBUG org.hibernate.HQL_FUNCTIONS - greatest(COMPARABLE arg0, COMPARABLE arg1[, arg2[, ...]])
13:10:12.980 [main] DEBUG org.hibernate.HQL_FUNCTIONS - Integer hour(TIME arg)
13:10:12.980 [main] DEBUG org.hibernate.HQL_FUNCTIONS - ifnull(arg0, arg1)
13:10:12.980 [main] DEBUG org.hibernate.HQL_FUNCTIONS - String insert(STRING string, INTEGER start, INTEGER length, STRING replacement)
13:10:12.980 [main] DEBUG org.hibernate.HQL_FUNCTIONS - Instant instant
13:10:12.980 [main] DEBUG org.hibernate.HQL_FUNCTIONS - Integer instr(STRING string, STRING pattern[, INTEGER start[, INTEGER occurrence]])
13:10:12.980 [main] DEBUG org.hibernate.HQL_FUNCTIONS - lagANY value[, INTEGER offset[, ANY default]]
13:10:12.980 [main] DEBUG org.hibernate.HQL_FUNCTIONS - last_valueANY value
13:10:12.980 [main] DEBUG org.hibernate.HQL_FUNCTIONS - leadANY value[, INTEGER offset[, ANY default]]
13:10:12.980 [main] DEBUG org.hibernate.HQL_FUNCTIONS - least(COMPARABLE arg0, COMPARABLE arg1[, arg2[, ...]])
13:10:12.980 [main] DEBUG org.hibernate.HQL_FUNCTIONS - String left(STRING string, INTEGER length)
13:10:12.980 [main] DEBUG org.hibernate.HQL_FUNCTIONS - Integer length(STRING_OR_CLOB arg)
13:10:12.980 [main] DEBUG org.hibernate.HQL_FUNCTIONS - String listagg(STRING arg0, STRING arg1)
13:10:12.980 [main] DEBUG org.hibernate.HQL_FUNCTIONS - Double ln(NUMERIC arg)
13:10:12.980 [main] DEBUG org.hibernate.HQL_FUNCTIONS - LocalDate local date
13:10:12.980 [main] DEBUG org.hibernate.HQL_FUNCTIONS - LocalDateTime local datetime
13:10:12.980 [main] DEBUG org.hibernate.HQL_FUNCTIONS - LocalTime local time
13:10:12.980 [main] DEBUG org.hibernate.HQL_FUNCTIONS - LocalDate local_date
13:10:12.980 [main] DEBUG org.hibernate.HQL_FUNCTIONS - LocalDateTime local_datetime
13:10:12.980 [main] DEBUG org.hibernate.HQL_FUNCTIONS - LocalTime local_time
13:10:12.980 [main] DEBUG org.hibernate.HQL_FUNCTIONS - Time localtime
13:10:12.980 [main] DEBUG org.hibernate.HQL_FUNCTIONS - Timestamp localtimestamp
13:10:12.980 [main] DEBUG org.hibernate.HQL_FUNCTIONS - Integer locate(STRING pattern, STRING string[, INTEGER start])
13:10:12.980 [main] DEBUG org.hibernate.HQL_FUNCTIONS - Double log(NUMERIC base, NUMERIC arg)
13:10:12.980 [main] DEBUG org.hibernate.HQL_FUNCTIONS - Double log10(NUMERIC arg)
13:10:12.980 [main] DEBUG org.hibernate.HQL_FUNCTIONS - String lower(STRING string)
13:10:12.980 [main] DEBUG org.hibernate.HQL_FUNCTIONS - String lpad(STRING string, INTEGER length[, STRING padding])
13:10:12.980 [main] DEBUG org.hibernate.HQL_FUNCTIONS - String ltrim(STRING string)
13:10:12.980 [main] DEBUG org.hibernate.HQL_FUNCTIONS - max(COMPARABLE arg)
13:10:12.980 [main] DEBUG org.hibernate.HQL_FUNCTIONS - Double median(NUMERIC arg)
13:10:12.980 [main] DEBUG org.hibernate.HQL_FUNCTIONS - Integer microsecond(TIME arg)
13:10:12.980 [main] DEBUG org.hibernate.HQL_FUNCTIONS - min(COMPARABLE arg)
13:10:12.980 [main] DEBUG org.hibernate.HQL_FUNCTIONS - Integer minute(TIME arg)
13:10:12.980 [main] DEBUG org.hibernate.HQL_FUNCTIONS - Integer mod(INTEGER arg0, INTEGER arg1)
13:10:12.980 [main] DEBUG org.hibernate.HQL_FUNCTIONS - mode()
13:10:12.980 [main] DEBUG org.hibernate.HQL_FUNCTIONS - Integer month(DATE arg)
13:10:12.980 [main] DEBUG org.hibernate.HQL_FUNCTIONS - String monthname(DATE arg)
13:10:12.980 [main] DEBUG org.hibernate.HQL_FUNCTIONS - Timestamp now()
13:10:12.980 [main] DEBUG org.hibernate.HQL_FUNCTIONS - nth_valueANY value, INTEGER nth
13:10:12.980 [main] DEBUG org.hibernate.HQL_FUNCTIONS - nullif(arg0, arg1)
13:10:12.980 [main] DEBUG org.hibernate.HQL_FUNCTIONS - Integer octet_length(STRING_OR_CLOB arg)
13:10:12.980 [main] DEBUG org.hibernate.HQL_FUNCTIONS - OffsetDateTime offset datetime
13:10:12.980 [main] DEBUG org.hibernate.HQL_FUNCTIONS - OffsetDateTime offset_datetime
13:10:12.980 [main] DEBUG org.hibernate.HQL_FUNCTIONS - String overlay(STRING string placing STRING replacement from INTEGER start[ for INTEGER length])
13:10:12.980 [main] DEBUG org.hibernate.HQL_FUNCTIONS - String pad(STRING string with INTEGER length {leading|trailing}[ STRING character])
13:10:12.980 [main] DEBUG org.hibernate.HQL_FUNCTIONS - Double percent_rank([arg0[, ...]])
13:10:12.980 [main] DEBUG org.hibernate.HQL_FUNCTIONS - percentile_cont(NUMERIC arg)
13:10:12.980 [main] DEBUG org.hibernate.HQL_FUNCTIONS - percentile_disc(NUMERIC arg)
13:10:12.980 [main] DEBUG org.hibernate.HQL_FUNCTIONS - Double pi
13:10:12.980 [main] DEBUG org.hibernate.HQL_FUNCTIONS - Integer position(STRING pattern in STRING string)
13:10:12.980 [main] DEBUG org.hibernate.HQL_FUNCTIONS - Double power(NUMERIC arg0, NUMERIC arg1)
13:10:12.980 [main] DEBUG org.hibernate.HQL_FUNCTIONS - Integer quarter(DATE arg)
13:10:12.980 [main] DEBUG org.hibernate.HQL_FUNCTIONS - Double radians(NUMERIC arg)
13:10:12.980 [main] DEBUG org.hibernate.HQL_FUNCTIONS - Double rand([INTEGER seed])
13:10:12.980 [main] DEBUG org.hibernate.HQL_FUNCTIONS - Long rank([arg0[, ...]])
13:10:12.980 [main] DEBUG org.hibernate.HQL_FUNCTIONS - String repeat(STRING string, INTEGER times)
13:10:12.980 [main] DEBUG org.hibernate.HQL_FUNCTIONS - String replace(STRING string, STRING pattern, STRING replacement)
13:10:12.980 [main] DEBUG org.hibernate.HQL_FUNCTIONS - String right(STRING string, INTEGER length)
13:10:12.980 [main] DEBUG org.hibernate.HQL_FUNCTIONS - round(NUMERIC number[, INTEGER places])
13:10:12.980 [main] DEBUG org.hibernate.HQL_FUNCTIONS - Long row_number()
13:10:12.980 [main] DEBUG org.hibernate.HQL_FUNCTIONS - Long rownum()
13:10:12.980 [main] DEBUG org.hibernate.HQL_FUNCTIONS - String rpad(STRING string, INTEGER length[, STRING padding])
13:10:12.980 [main] DEBUG org.hibernate.HQL_FUNCTIONS - String rtrim(STRING string)
13:10:12.980 [main] DEBUG org.hibernate.HQL_FUNCTIONS - Integer second(TIME arg)
13:10:12.980 [main] DEBUG org.hibernate.HQL_FUNCTIONS - Integer sign(NUMERIC arg)
13:10:12.980 [main] DEBUG org.hibernate.HQL_FUNCTIONS - Double sin(NUMERIC arg)
13:10:12.980 [main] DEBUG org.hibernate.HQL_FUNCTIONS - Double sinh(NUMERIC arg)
13:10:12.980 [main] DEBUG org.hibernate.HQL_FUNCTIONS - String soundex(arg)
13:10:12.980 [main] DEBUG org.hibernate.HQL_FUNCTIONS - String space(INTEGER arg)
13:10:12.980 [main] DEBUG org.hibernate.HQL_FUNCTIONS - Object sql
13:10:12.980 [main] DEBUG org.hibernate.HQL_FUNCTIONS - Double sqrt(NUMERIC arg)
13:10:12.980 [main] DEBUG org.hibernate.HQL_FUNCTIONS - Double stddev_pop(NUMERIC arg)
13:10:12.980 [main] DEBUG org.hibernate.HQL_FUNCTIONS - Double stddev_samp(NUMERIC arg)
13:10:12.980 [main] DEBUG org.hibernate.HQL_FUNCTIONS - String str(arg)
13:10:12.980 [main] DEBUG org.hibernate.HQL_FUNCTIONS - String substr(STRING string, INTEGER start[, INTEGER length])
13:10:12.980 [main] DEBUG org.hibernate.HQL_FUNCTIONS - String substring(STRING string{ from|,} INTEGER start[{ for|,} INTEGER length])
13:10:12.980 [main] DEBUG org.hibernate.HQL_FUNCTIONS - sum(arg)
13:10:12.980 [main] DEBUG org.hibernate.HQL_FUNCTIONS - Timestamp sysdate
13:10:12.980 [main] DEBUG org.hibernate.HQL_FUNCTIONS - Double tan(NUMERIC arg)
13:10:12.980 [main] DEBUG org.hibernate.HQL_FUNCTIONS - Double tanh(NUMERIC arg)
13:10:12.980 [main] DEBUG org.hibernate.HQL_FUNCTIONS - timestampadd(TEMPORAL_UNIT field, INTEGER magnitude, TEMPORAL datetime)
13:10:12.980 [main] DEBUG org.hibernate.HQL_FUNCTIONS - Long|Double timestampdiff(TEMPORAL_UNIT field, TEMPORAL start, TEMPORAL end)
13:10:12.980 [main] DEBUG org.hibernate.HQL_FUNCTIONS - String translate(STRING arg0, STRING arg1, STRING arg2)
13:10:12.980 [main] DEBUG org.hibernate.HQL_FUNCTIONS - String trim([[{leading|trailing|both} ][STRING arg0 ]from] STRING arg1)
13:10:12.980 [main] DEBUG org.hibernate.HQL_FUNCTIONS - trunc( ... )
13:10:12.980 [main] DEBUG org.hibernate.HQL_FUNCTIONS - truncate( ... )
13:10:12.980 [main] DEBUG org.hibernate.HQL_FUNCTIONS - String upper(STRING string)
13:10:12.980 [main] DEBUG org.hibernate.HQL_FUNCTIONS - Double var_pop(NUMERIC arg)
13:10:12.980 [main] DEBUG org.hibernate.HQL_FUNCTIONS - Double var_samp(NUMERIC arg)
13:10:12.980 [main] DEBUG org.hibernate.HQL_FUNCTIONS - Integer week(DATE arg)
13:10:12.980 [main] DEBUG org.hibernate.HQL_FUNCTIONS - Integer year(DATE arg)
13:10:12.980 [main] DEBUG org.hibernate.orm.query.plan.cache - Starting QueryInterpretationCache(2048)
13:10:12.981 [main] DEBUG org.hibernate.service.internal.SessionFactoryServiceRegistryImpl - EventListenerRegistry access via ServiceRegistry is deprecated.  Use `sessionFactory.getEventEngine().getListenerRegistry()` instead
13:10:12.981 [main] DEBUG org.hibernate.event.internal.EntityCopyObserverFactoryInitiator - Configured EntityCopyObserver strategy: disallow
13:10:12.981 [main] DEBUG org.hibernate.boot.internal.ClassLoaderAccessImpl - Not known whether passed class name [org.frcpm.models.Attendance] is safe
13:10:12.981 [main] DEBUG org.hibernate.boot.internal.ClassLoaderAccessImpl - No temp ClassLoader provided; using live ClassLoader for loading potentially unsafe class : org.frcpm.models.Attendance
13:10:12.995 [main] DEBUG org.hibernate.bytecode.internal.bytebuddy.BytecodeProviderImpl - HHH000513: Unable to create the ReflectionOptimizer for [org.frcpm.models.Attendance]: private accessor [arrivalTime]
13:10:12.995 [main] DEBUG org.hibernate.boot.internal.ClassLoaderAccessImpl - Not known whether passed class name [org.frcpm.models.Meeting] is safe
13:10:12.995 [main] DEBUG org.hibernate.boot.internal.ClassLoaderAccessImpl - No temp ClassLoader provided; using live ClassLoader for loading potentially unsafe class : org.frcpm.models.Meeting
13:10:13.008 [main] DEBUG org.hibernate.bytecode.internal.bytebuddy.BytecodeProviderImpl - HHH000513: Unable to create the ReflectionOptimizer for [org.frcpm.models.Meeting]: private accessor [attendances]
13:10:13.009 [main] DEBUG org.hibernate.boot.internal.ClassLoaderAccessImpl - Not known whether passed class name [org.frcpm.models.Subsystem] is safe
13:10:13.009 [main] DEBUG org.hibernate.boot.internal.ClassLoaderAccessImpl - No temp ClassLoader provided; using live ClassLoader for loading potentially unsafe class : org.frcpm.models.Subsystem
13:10:13.016 [frcpm-hikari-pool connection adder] DEBUG com.zaxxer.hikari.pool.HikariPool - frcpm-hikari-pool - After adding stats (total=4, active=0, idle=4, waiting=0)
13:10:13.016 [FRC-PM-HikariCP connection adder] DEBUG com.zaxxer.hikari.pool.HikariPool - FRC-PM-HikariCP - After adding stats (total=2, active=0, idle=2, waiting=0)
13:10:13.016 [frcpm-hikari-pool connection adder] DEBUG com.zaxxer.hikari.pool.HikariPool - frcpm-hikari-pool - Added connection conn13: url=jdbc:h2:mem:testdb user=SA
13:10:13.020 [main] DEBUG org.hibernate.bytecode.internal.bytebuddy.BytecodeProviderImpl - HHH000513: Unable to create the ReflectionOptimizer for [org.frcpm.models.Subsystem]: private accessor [description]
13:10:13.022 [main] DEBUG org.hibernate.boot.internal.ClassLoaderAccessImpl - Not known whether passed class name [org.frcpm.models.Component] is safe
13:10:13.022 [main] DEBUG org.hibernate.boot.internal.ClassLoaderAccessImpl - No temp ClassLoader provided; using live ClassLoader for loading potentially unsafe class : org.frcpm.models.Component
13:10:13.030 [main] DEBUG org.hibernate.bytecode.internal.bytebuddy.BytecodeProviderImpl - HHH000513: Unable to create the ReflectionOptimizer for [org.frcpm.models.Component]: private accessor [actualDelivery]
13:10:13.031 [main] DEBUG org.hibernate.boot.internal.ClassLoaderAccessImpl - Not known whether passed class name [org.frcpm.models.Milestone] is safe
13:10:13.031 [main] DEBUG org.hibernate.boot.internal.ClassLoaderAccessImpl - No temp ClassLoader provided; using live ClassLoader for loading potentially unsafe class : org.frcpm.models.Milestone
13:10:13.041 [main] DEBUG org.hibernate.bytecode.internal.bytebuddy.BytecodeProviderImpl - HHH000513: Unable to create the ReflectionOptimizer for [org.frcpm.models.Milestone]: private accessor [date]
13:10:13.042 [main] DEBUG org.hibernate.boot.internal.ClassLoaderAccessImpl - Not known whether passed class name [org.frcpm.models.Project] is safe
13:10:13.043 [main] DEBUG org.hibernate.boot.internal.ClassLoaderAccessImpl - No temp ClassLoader provided; using live ClassLoader for loading potentially unsafe class : org.frcpm.models.Project
13:10:13.047 [frcpm-hikari-pool connection adder] DEBUG com.zaxxer.hikari.pool.HikariPool - frcpm-hikari-pool - After adding stats (total=5, active=0, idle=5, waiting=0)
13:10:13.057 [main] DEBUG org.hibernate.bytecode.internal.bytebuddy.BytecodeProviderImpl - HHH000513: Unable to create the ReflectionOptimizer for [org.frcpm.models.Project]: private accessor [description]
13:10:13.059 [main] DEBUG org.hibernate.boot.internal.ClassLoaderAccessImpl - Not known whether passed class name [org.frcpm.models.Subteam] is safe
13:10:13.059 [main] DEBUG org.hibernate.boot.internal.ClassLoaderAccessImpl - No temp ClassLoader provided; using live ClassLoader for loading potentially unsafe class : org.frcpm.models.Subteam
13:10:13.071 [main] DEBUG org.hibernate.bytecode.internal.bytebuddy.BytecodeProviderImpl - HHH000513: Unable to create the ReflectionOptimizer for [org.frcpm.models.Subteam]: private accessor [colorCode]
13:10:13.073 [main] DEBUG org.hibernate.boot.internal.ClassLoaderAccessImpl - Not known whether passed class name [org.frcpm.models.Task] is safe
13:10:13.073 [main] DEBUG org.hibernate.boot.internal.ClassLoaderAccessImpl - No temp ClassLoader provided; using live ClassLoader for loading potentially unsafe class : org.frcpm.models.Task
13:10:13.085 [main] DEBUG org.hibernate.bytecode.internal.bytebuddy.BytecodeProviderImpl - HHH000513: Unable to create the ReflectionOptimizer for [org.frcpm.models.Task]: private accessor [actualDurationSeconds]
13:10:13.088 [main] DEBUG org.hibernate.boot.internal.ClassLoaderAccessImpl - Not known whether passed class name [org.frcpm.models.TeamMember] is safe
13:10:13.088 [main] DEBUG org.hibernate.boot.internal.ClassLoaderAccessImpl - No temp ClassLoader provided; using live ClassLoader for loading potentially unsafe class : org.frcpm.models.TeamMember
13:10:13.099 [main] DEBUG org.hibernate.bytecode.internal.bytebuddy.BytecodeProviderImpl - HHH000513: Unable to create the ReflectionOptimizer for [org.frcpm.models.TeamMember]: private accessor [assignedTasks]
13:10:13.099 [main] DEBUG org.hibernate.orm.jdbc.mutation - Skipping collection row updates - org.frcpm.models.Task.assignedTo
13:10:13.099 [main] DEBUG org.hibernate.orm.jdbc.mutation - Skipping collection (re)creation - org.frcpm.models.Subsystem.tasks
13:10:13.099 [main] DEBUG org.hibernate.orm.jdbc.mutation - Skipping collection row deletions - org.frcpm.models.Subsystem.tasks
13:10:13.099 [main] DEBUG org.hibernate.orm.jdbc.mutation - Skipping collection removals - org.frcpm.models.Subsystem.tasks
13:10:13.099 [main] DEBUG org.hibernate.orm.jdbc.mutation - Skipping collection (re)creation - org.frcpm.models.Subteam.members
13:10:13.099 [main] DEBUG org.hibernate.orm.jdbc.mutation - Skipping collection row deletions - org.frcpm.models.Subteam.members
13:10:13.099 [main] DEBUG org.hibernate.orm.jdbc.mutation - Skipping collection removals - org.frcpm.models.Subteam.members
13:10:13.099 [main] DEBUG org.hibernate.orm.jdbc.mutation - Skipping collection (re)creation - org.frcpm.models.TeamMember.attendances
13:10:13.099 [main] DEBUG org.hibernate.orm.jdbc.mutation - Skipping collection row deletions - org.frcpm.models.TeamMember.attendances
13:10:13.099 [main] DEBUG org.hibernate.orm.jdbc.mutation - Skipping collection removals - org.frcpm.models.TeamMember.attendances
13:10:13.100 [main] DEBUG org.hibernate.orm.jdbc.mutation - Skipping collection row updates - org.frcpm.models.Task.requiredComponents
13:10:13.100 [main] DEBUG org.hibernate.orm.jdbc.mutation - Skipping collection (re)creation - org.frcpm.models.Subteam.subsystems
13:10:13.100 [main] DEBUG org.hibernate.orm.jdbc.mutation - Skipping collection row deletions - org.frcpm.models.Subteam.subsystems
13:10:13.100 [main] DEBUG org.hibernate.orm.jdbc.mutation - Skipping collection removals - org.frcpm.models.Subteam.subsystems
13:10:13.100 [main] DEBUG org.hibernate.orm.jdbc.mutation - Skipping collection row updates - org.frcpm.models.Task.preDependencies
13:10:13.100 [main] DEBUG org.hibernate.orm.jdbc.mutation - Skipping collection (re)creation - org.frcpm.models.Project.milestones
13:10:13.100 [main] DEBUG org.hibernate.orm.jdbc.mutation - Skipping collection row deletions - org.frcpm.models.Project.milestones
13:10:13.100 [main] DEBUG org.hibernate.orm.jdbc.mutation - Skipping collection removals - org.frcpm.models.Project.milestones
13:10:13.100 [main] DEBUG org.hibernate.orm.jdbc.mutation - Skipping collection inserts - org.frcpm.models.Component.requiredForTasks
13:10:13.100 [main] DEBUG org.hibernate.orm.jdbc.mutation - Skipping collection row updates - org.frcpm.models.Component.requiredForTasks
13:10:13.100 [main] DEBUG org.hibernate.orm.jdbc.mutation - Skipping collection row deletions - org.frcpm.models.Component.requiredForTasks
13:10:13.100 [main] DEBUG org.hibernate.orm.jdbc.mutation - Skipping collection removals - org.frcpm.models.Component.requiredForTasks
13:10:13.100 [main] DEBUG org.hibernate.orm.jdbc.mutation - Skipping collection (re)creation - org.frcpm.models.Project.meetings
13:10:13.100 [main] DEBUG org.hibernate.orm.jdbc.mutation - Skipping collection row deletions - org.frcpm.models.Project.meetings
13:10:13.100 [main] DEBUG org.hibernate.orm.jdbc.mutation - Skipping collection removals - org.frcpm.models.Project.meetings
13:10:13.100 [main] DEBUG org.hibernate.orm.jdbc.mutation - Skipping collection inserts - org.frcpm.models.TeamMember.assignedTasks
13:10:13.100 [main] DEBUG org.hibernate.orm.jdbc.mutation - Skipping collection row updates - org.frcpm.models.TeamMember.assignedTasks
13:10:13.100 [main] DEBUG org.hibernate.orm.jdbc.mutation - Skipping collection row deletions - org.frcpm.models.TeamMember.assignedTasks
13:10:13.100 [main] DEBUG org.hibernate.orm.jdbc.mutation - Skipping collection removals - org.frcpm.models.TeamMember.assignedTasks
13:10:13.100 [main] DEBUG org.hibernate.orm.jdbc.mutation - Skipping collection (re)creation - org.frcpm.models.Meeting.attendances
13:10:13.100 [main] DEBUG org.hibernate.orm.jdbc.mutation - Skipping collection row deletions - org.frcpm.models.Meeting.attendances
13:10:13.100 [main] DEBUG org.hibernate.orm.jdbc.mutation - Skipping collection removals - org.frcpm.models.Meeting.attendances
13:10:13.100 [main] DEBUG org.hibernate.orm.jdbc.mutation - Skipping collection inserts - org.frcpm.models.Task.postDependencies
13:10:13.100 [main] DEBUG org.hibernate.orm.jdbc.mutation - Skipping collection row updates - org.frcpm.models.Task.postDependencies
13:10:13.100 [main] DEBUG org.hibernate.orm.jdbc.mutation - Skipping collection row deletions - org.frcpm.models.Task.postDependencies
13:10:13.100 [main] DEBUG org.hibernate.orm.jdbc.mutation - Skipping collection removals - org.frcpm.models.Task.postDependencies
13:10:13.100 [main] DEBUG org.hibernate.orm.jdbc.mutation - Skipping collection (re)creation - org.frcpm.models.Project.tasks
13:10:13.100 [main] DEBUG org.hibernate.orm.jdbc.mutation - Skipping collection row deletions - org.frcpm.models.Project.tasks
13:10:13.100 [main] DEBUG org.hibernate.orm.jdbc.mutation - Skipping collection removals - org.frcpm.models.Project.tasks
13:10:13.107 [main] DEBUG org.hibernate.orm.model.mapping.creation - Starting post-init callbacks
13:10:13.107 [main] DEBUG org.hibernate.orm.model.mapping.creation - Starting PostInitCallbackEntry : To-one key - NavigableRole[org.frcpm.models.Attendance.meeting]
13:10:13.107 [main] DEBUG org.hibernate.orm.model.mapping.creation - Starting PostInitCallbackEntry : To-one key - NavigableRole[org.frcpm.models.Attendance.member]
13:10:13.107 [main] DEBUG org.hibernate.orm.model.mapping.creation - Starting PostInitCallbackEntry : Entity(org.frcpm.models.Attendance) `staticFetchableList` generator
13:10:13.107 [main] DEBUG org.hibernate.orm.model.mapping.creation - Starting PostInitCallbackEntry : PluralAttributeMapping( NavigableRole[org.frcpm.models.Meeting.attendances#{element}]) - element descriptor
13:10:13.108 [main] DEBUG org.hibernate.orm.model.mapping.creation - Starting PostInitCallbackEntry : PluralAttributeMapping(org.frcpm.models.Meeting.attendances)#finishInitialization
13:10:13.108 [main] DEBUG org.hibernate.orm.model.mapping.creation - Starting PostInitCallbackEntry : PluralAttributeMapping(org.frcpm.models.Meeting.attendances) - key descriptor
13:10:13.108 [main] DEBUG org.hibernate.orm.model.mapping.creation - Starting PostInitCallbackEntry : To-one key - NavigableRole[org.frcpm.models.Meeting.project]
13:10:13.108 [main] DEBUG org.hibernate.orm.model.mapping.creation - Starting PostInitCallbackEntry : Entity(org.frcpm.models.Meeting) `staticFetchableList` generator
13:10:13.108 [main] DEBUG org.hibernate.orm.model.mapping.creation - Starting PostInitCallbackEntry : To-one key - NavigableRole[org.frcpm.models.Subsystem.responsibleSubteam]
13:10:13.108 [main] DEBUG org.hibernate.orm.model.mapping.creation - Starting PostInitCallbackEntry : PluralAttributeMapping( NavigableRole[org.frcpm.models.Subsystem.tasks#{element}]) - element descriptor
13:10:13.108 [main] DEBUG org.hibernate.orm.model.mapping.creation - Starting PostInitCallbackEntry : PluralAttributeMapping(org.frcpm.models.Subsystem.tasks)#finishInitialization
13:10:13.108 [main] DEBUG org.hibernate.orm.model.mapping.creation - Starting PostInitCallbackEntry : PluralAttributeMapping(org.frcpm.models.Subsystem.tasks) - key descriptor
13:10:13.108 [main] DEBUG org.hibernate.orm.model.mapping.creation - Starting PostInitCallbackEntry : Entity(org.frcpm.models.Subsystem) `staticFetchableList` generator
13:10:13.108 [main] DEBUG org.hibernate.orm.model.mapping.creation - Starting PostInitCallbackEntry : PluralAttributeMapping( NavigableRole[org.frcpm.models.Component.requiredForTasks#{element}]) - element descriptor
13:10:13.108 [main] DEBUG org.hibernate.orm.model.mapping.creation - Starting PostInitCallbackEntry : PluralAttributeMapping(org.frcpm.models.Component.requiredForTasks)#finishInitialization
13:10:13.108 [main] DEBUG org.hibernate.orm.model.mapping.creation - Starting PostInitCallbackEntry : PluralAttributeMapping(org.frcpm.models.Component.requiredForTasks) - key descriptor
13:10:13.108 [main] DEBUG org.hibernate.orm.model.mapping.creation - Starting PostInitCallbackEntry : Entity(org.frcpm.models.Component) `staticFetchableList` generator
13:10:13.108 [main] DEBUG org.hibernate.orm.model.mapping.creation - Starting PostInitCallbackEntry : To-one key - NavigableRole[org.frcpm.models.Milestone.project]
13:10:13.108 [main] DEBUG org.hibernate.orm.model.mapping.creation - Starting PostInitCallbackEntry : Entity(org.frcpm.models.Milestone) `staticFetchableList` generator
13:10:13.108 [main] DEBUG org.hibernate.orm.model.mapping.creation - Starting PostInitCallbackEntry : PluralAttributeMapping( NavigableRole[org.frcpm.models.Project.meetings#{element}]) - element descriptor
13:10:13.108 [main] DEBUG org.hibernate.orm.model.mapping.creation - Starting PostInitCallbackEntry : PluralAttributeMapping(org.frcpm.models.Project.meetings)#finishInitialization
13:10:13.108 [main] DEBUG org.hibernate.orm.model.mapping.creation - Starting PostInitCallbackEntry : PluralAttributeMapping(org.frcpm.models.Project.meetings) - key descriptor
13:10:13.108 [main] DEBUG org.hibernate.orm.model.mapping.creation - Starting PostInitCallbackEntry : PluralAttributeMapping( NavigableRole[org.frcpm.models.Project.milestones#{element}]) - element descriptor
13:10:13.108 [main] DEBUG org.hibernate.orm.model.mapping.creation - Starting PostInitCallbackEntry : PluralAttributeMapping(org.frcpm.models.Project.milestones)#finishInitialization
13:10:13.108 [main] DEBUG org.hibernate.orm.model.mapping.creation - Starting PostInitCallbackEntry : PluralAttributeMapping(org.frcpm.models.Project.milestones) - key descriptor
13:10:13.108 [main] DEBUG org.hibernate.orm.model.mapping.creation - Starting PostInitCallbackEntry : PluralAttributeMapping( NavigableRole[org.frcpm.models.Project.tasks#{element}]) - element descriptor
13:10:13.108 [main] DEBUG org.hibernate.orm.model.mapping.creation - Starting PostInitCallbackEntry : PluralAttributeMapping(org.frcpm.models.Project.tasks)#finishInitialization
13:10:13.108 [main] DEBUG org.hibernate.orm.model.mapping.creation - Starting PostInitCallbackEntry : PluralAttributeMapping(org.frcpm.models.Project.tasks) - key descriptor
13:10:13.108 [main] DEBUG org.hibernate.orm.model.mapping.creation - Starting PostInitCallbackEntry : Entity(org.frcpm.models.Project) `staticFetchableList` generator
13:10:13.108 [main] DEBUG org.hibernate.orm.model.mapping.creation - Starting PostInitCallbackEntry : PluralAttributeMapping( NavigableRole[org.frcpm.models.Subteam.members#{element}]) - element descriptor
13:10:13.108 [main] DEBUG org.hibernate.orm.model.mapping.creation - Starting PostInitCallbackEntry : PluralAttributeMapping(org.frcpm.models.Subteam.members)#finishInitialization
13:10:13.108 [main] DEBUG org.hibernate.orm.model.mapping.creation - Starting PostInitCallbackEntry : PluralAttributeMapping(org.frcpm.models.Subteam.members) - key descriptor
13:10:13.108 [main] DEBUG org.hibernate.orm.model.mapping.creation - Starting PostInitCallbackEntry : PluralAttributeMapping( NavigableRole[org.frcpm.models.Subteam.subsystems#{element}]) - element descriptor
13:10:13.108 [main] DEBUG org.hibernate.orm.model.mapping.creation - Starting PostInitCallbackEntry : PluralAttributeMapping(org.frcpm.models.Subteam.subsystems)#finishInitialization
13:10:13.108 [main] DEBUG org.hibernate.orm.model.mapping.creation - Starting PostInitCallbackEntry : PluralAttributeMapping(org.frcpm.models.Subteam.subsystems) - key descriptor
13:10:13.108 [main] DEBUG org.hibernate.orm.model.mapping.creation - Starting PostInitCallbackEntry : Entity(org.frcpm.models.Subteam) `staticFetchableList` generator
13:10:13.108 [main] DEBUG org.hibernate.orm.model.mapping.creation - Starting PostInitCallbackEntry : PluralAttributeMapping( NavigableRole[org.frcpm.models.Task.assignedTo#{element}]) - element descriptor
13:10:13.108 [main] DEBUG org.hibernate.orm.model.mapping.creation - Starting PostInitCallbackEntry : PluralAttributeMapping(org.frcpm.models.Task.assignedTo)#finishInitialization
13:10:13.108 [main] DEBUG org.hibernate.orm.model.mapping.creation - Starting PostInitCallbackEntry : PluralAttributeMapping(org.frcpm.models.Task.assignedTo) - key descriptor
13:10:13.108 [main] DEBUG org.hibernate.orm.model.mapping.creation - Starting PostInitCallbackEntry : PluralAttributeMapping( NavigableRole[org.frcpm.models.Task.postDependencies#{element}]) - element descriptor
13:10:13.108 [main] DEBUG org.hibernate.orm.model.mapping.creation - Starting PostInitCallbackEntry : PluralAttributeMapping(org.frcpm.models.Task.postDependencies)#finishInitialization
13:10:13.108 [main] DEBUG org.hibernate.orm.model.mapping.creation - Starting PostInitCallbackEntry : PluralAttributeMapping(org.frcpm.models.Task.postDependencies) - key descriptor
13:10:13.108 [main] DEBUG org.hibernate.orm.model.mapping.creation - Starting PostInitCallbackEntry : PluralAttributeMapping( NavigableRole[org.frcpm.models.Task.preDependencies#{element}]) - element descriptor
13:10:13.108 [main] DEBUG org.hibernate.orm.model.mapping.creation - Starting PostInitCallbackEntry : PluralAttributeMapping(org.frcpm.models.Task.preDependencies)#finishInitialization
13:10:13.108 [main] DEBUG org.hibernate.orm.model.mapping.creation - Starting PostInitCallbackEntry : PluralAttributeMapping(org.frcpm.models.Task.preDependencies) - key descriptor
13:10:13.108 [main] DEBUG org.hibernate.orm.model.mapping.creation - Starting PostInitCallbackEntry : To-one key - NavigableRole[org.frcpm.models.Task.project]
13:10:13.108 [main] DEBUG org.hibernate.orm.model.mapping.creation - Starting PostInitCallbackEntry : PluralAttributeMapping( NavigableRole[org.frcpm.models.Task.requiredComponents#{element}]) - element descriptor
13:10:13.109 [main] DEBUG org.hibernate.orm.model.mapping.creation - Starting PostInitCallbackEntry : PluralAttributeMapping(org.frcpm.models.Task.requiredComponents)#finishInitialization
13:10:13.109 [main] DEBUG org.hibernate.orm.model.mapping.creation - Starting PostInitCallbackEntry : PluralAttributeMapping(org.frcpm.models.Task.requiredComponents) - key descriptor
13:10:13.109 [main] DEBUG org.hibernate.orm.model.mapping.creation - Starting PostInitCallbackEntry : To-one key - NavigableRole[org.frcpm.models.Task.subsystem]
13:10:13.109 [main] DEBUG org.hibernate.orm.model.mapping.creation - Starting PostInitCallbackEntry : Entity(org.frcpm.models.Task) `staticFetchableList` generator
13:10:13.109 [main] DEBUG org.hibernate.orm.model.mapping.creation - Starting PostInitCallbackEntry : PluralAttributeMapping( NavigableRole[org.frcpm.models.TeamMember.assignedTasks#{element}]) - element descriptor
13:10:13.109 [main] DEBUG org.hibernate.orm.model.mapping.creation - Starting PostInitCallbackEntry : PluralAttributeMapping(org.frcpm.models.TeamMember.assignedTasks)#finishInitialization
13:10:13.109 [main] DEBUG org.hibernate.orm.model.mapping.creation - Starting PostInitCallbackEntry : PluralAttributeMapping(org.frcpm.models.TeamMember.assignedTasks) - key descriptor
13:10:13.109 [main] DEBUG org.hibernate.orm.model.mapping.creation - Starting PostInitCallbackEntry : PluralAttributeMapping( NavigableRole[org.frcpm.models.TeamMember.attendances#{element}]) - element descriptor
13:10:13.109 [main] DEBUG org.hibernate.orm.model.mapping.creation - Starting PostInitCallbackEntry : PluralAttributeMapping(org.frcpm.models.TeamMember.attendances)#finishInitialization
13:10:13.109 [main] DEBUG org.hibernate.orm.model.mapping.creation - Starting PostInitCallbackEntry : PluralAttributeMapping(org.frcpm.models.TeamMember.attendances) - key descriptor
13:10:13.109 [main] DEBUG org.hibernate.orm.model.mapping.creation - Starting PostInitCallbackEntry : To-one key - NavigableRole[org.frcpm.models.TeamMember.subteam]
13:10:13.109 [main] DEBUG org.hibernate.orm.model.mapping.creation - Starting PostInitCallbackEntry : Entity(org.frcpm.models.TeamMember) `staticFetchableList` generator
13:10:13.109 [main] DEBUG org.hibernate.orm.model.mapping.creation - Starting PostInitCallbackEntry : PluralAttributeMapping( NavigableRole[org.frcpm.models.Meeting.attendances#{element}]) - element descriptor
13:10:13.109 [main] DEBUG org.hibernate.orm.model.mapping.creation - Starting PostInitCallbackEntry : PluralAttributeMapping( NavigableRole[org.frcpm.models.Subsystem.tasks#{element}]) - element descriptor
13:10:13.109 [main] DEBUG org.hibernate.orm.model.mapping.creation - Starting PostInitCallbackEntry : PluralAttributeMapping( NavigableRole[org.frcpm.models.Component.requiredForTasks#{element}]) - element descriptor
13:10:13.109 [main] DEBUG org.hibernate.orm.model.mapping.creation - Starting PostInitCallbackEntry : PluralAttributeMapping( NavigableRole[org.frcpm.models.Project.meetings#{element}]) - element descriptor
13:10:13.109 [main] DEBUG org.hibernate.orm.model.mapping.creation - Starting PostInitCallbackEntry : PluralAttributeMapping( NavigableRole[org.frcpm.models.Project.milestones#{element}]) - element descriptor
13:10:13.109 [main] DEBUG org.hibernate.orm.model.mapping.creation - Starting PostInitCallbackEntry : PluralAttributeMapping( NavigableRole[org.frcpm.models.Project.tasks#{element}]) - element descriptor
13:10:13.109 [main] DEBUG org.hibernate.orm.model.mapping.creation - Starting PostInitCallbackEntry : PluralAttributeMapping( NavigableRole[org.frcpm.models.Subteam.members#{element}]) - element descriptor
13:10:13.109 [main] DEBUG org.hibernate.orm.model.mapping.creation - Starting PostInitCallbackEntry : PluralAttributeMapping( NavigableRole[org.frcpm.models.Subteam.subsystems#{element}]) - element descriptor
13:10:13.109 [main] DEBUG org.hibernate.orm.model.mapping.creation - Starting PostInitCallbackEntry : PluralAttributeMapping( NavigableRole[org.frcpm.models.Task.postDependencies#{element}]) - element descriptor
13:10:13.109 [main] DEBUG org.hibernate.orm.model.mapping.creation - Starting PostInitCallbackEntry : PluralAttributeMapping( NavigableRole[org.frcpm.models.TeamMember.attendances#{element}]) - element descriptor
13:10:13.113 [main] DEBUG org.hibernate.orm.sql.ast.create - Created new SQL alias : a1_0
13:10:13.113 [main] DEBUG org.hibernate.orm.sql.ast.create - Registration of TableGroup [StandardTableGroup(org.frcpm.models.Attendance)] with identifierForTableGroup [org.frcpm.models.Attendance] for NavigablePath [org.frcpm.models.Attendance] 
13:10:13.114 [main] DEBUG org.hibernate.orm.sql.ast.create - Registration of TableGroup [org.hibernate.sql.ast.tree.from.LazyTableGroup@483f19c0] with identifierForTableGroup [org.frcpm.models.Attendance.meeting] for NavigablePath [org.frcpm.models.Attendance.meeting] 
13:10:13.114 [main] DEBUG org.hibernate.orm.sql.ast.create - Registration of TableGroup [org.hibernate.sql.ast.tree.from.LazyTableGroup@f111e97] with identifierForTableGroup [org.frcpm.models.Attendance.member] for NavigablePath [org.frcpm.models.Attendance.member] 
13:10:13.114 [main] DEBUG org.hibernate.orm.results.graph.AST - DomainResult Graph:
 \-EntityResultImpl [org.frcpm.models.Attendance]
 |  +-BasicFetch [org.frcpm.models.Attendance.arrivalTime]
 |  +-BasicFetch [org.frcpm.models.Attendance.departureTime]
 |  +-EntityDelayedFetchImpl [org.frcpm.models.Attendance.meeting]
 |  +-EntityDelayedFetchImpl [org.frcpm.models.Attendance.member]
 |  \-BasicFetch [org.frcpm.models.Attendance.present]

13:10:13.114 [main] DEBUG org.hibernate.orm.sql.ast.tree - SQL AST Tree:
    SelectStatement {
      FromClause {
        StandardTableGroup (a1 : org.frcpm.models.Attendance) {
          primaryTableReference : attendances as a1_0
          TableGroupJoins {
            left  join LazyTableGroup (m1 : org.frcpm.models.Attendance.meeting) {
            }
            left  join LazyTableGroup (m2 : org.frcpm.models.Attendance.member) {
            }
          }
        }
      }
    }

13:10:13.114 [main] DEBUG org.hibernate.persister.entity.AbstractEntityPersister - Static SQL for entity: org.frcpm.models.Attendance
13:10:13.114 [main] DEBUG org.hibernate.persister.entity.AbstractEntityPersister -  Version select: /* get version org.frcpm.models.Attendance */ select id from attendances where id=?
13:10:13.114 [main] DEBUG org.hibernate.persister.entity.AbstractEntityPersister -  Insert (0): /* insert for org.frcpm.models.Attendance */insert into attendances (arrival_time,departure_time,meeting_id,member_id,present,id) values (?,?,?,?,?,default)
13:10:13.114 [main] DEBUG org.hibernate.persister.entity.AbstractEntityPersister -  Update (0): /* update for org.frcpm.models.Attendance */update attendances set arrival_time=?,departure_time=?,meeting_id=?,member_id=?,present=? where id=?
13:10:13.114 [main] DEBUG org.hibernate.persister.entity.AbstractEntityPersister -  Delete (0): /* delete for org.frcpm.models.Attendance */delete from attendances where id=?
13:10:13.114 [main] DEBUG org.hibernate.orm.sql.ast.create - Created new SQL alias : m1_0
13:10:13.114 [main] DEBUG org.hibernate.orm.sql.ast.create - Registration of TableGroup [StandardTableGroup(org.frcpm.models.Meeting)] with identifierForTableGroup [org.frcpm.models.Meeting] for NavigablePath [org.frcpm.models.Meeting] 
13:10:13.114 [main] DEBUG org.hibernate.orm.sql.ast.create - Registration of TableGroup [org.hibernate.sql.ast.tree.from.LazyTableGroup@445adbd7] with identifierForTableGroup [org.frcpm.models.Meeting.project] for NavigablePath [org.frcpm.models.Meeting.project] 
13:10:13.114 [main] DEBUG org.hibernate.orm.results.graph.AST - DomainResult Graph:
 \-EntityResultImpl [org.frcpm.models.Meeting]
 |  +-DelayedCollectionFetch [org.frcpm.models.Meeting.attendances]
 |  +-BasicFetch [org.frcpm.models.Meeting.date]
 |  +-BasicFetch [org.frcpm.models.Meeting.endTime]
 |  +-BasicFetch [org.frcpm.models.Meeting.notes]
 |  +-EntityDelayedFetchImpl [org.frcpm.models.Meeting.project]
 |  \-BasicFetch [org.frcpm.models.Meeting.startTime]

13:10:13.114 [main] DEBUG org.hibernate.orm.sql.ast.tree - SQL AST Tree:
    SelectStatement {
      FromClause {
        StandardTableGroup (m1 : org.frcpm.models.Meeting) {
          primaryTableReference : meetings as m1_0
          TableGroupJoins {
            left  join LazyTableGroup (p1 : org.frcpm.models.Meeting.project) {
            }
          }
        }
      }
    }

13:10:13.114 [main] DEBUG org.hibernate.persister.entity.AbstractEntityPersister - Static SQL for entity: org.frcpm.models.Meeting
13:10:13.114 [main] DEBUG org.hibernate.persister.entity.AbstractEntityPersister -  Version select: /* get version org.frcpm.models.Meeting */ select id from meetings where id=?
13:10:13.114 [main] DEBUG org.hibernate.persister.entity.AbstractEntityPersister -  Insert (0): /* insert for org.frcpm.models.Meeting */insert into meetings (date,end_time,notes,project_id,start_time,id) values (?,?,?,?,?,default)
13:10:13.114 [main] DEBUG org.hibernate.persister.entity.AbstractEntityPersister -  Update (0): /* update for org.frcpm.models.Meeting */update meetings set date=?,end_time=?,notes=?,project_id=?,start_time=? where id=?
13:10:13.114 [main] DEBUG org.hibernate.persister.entity.AbstractEntityPersister -  Delete (0): /* delete for org.frcpm.models.Meeting */delete from meetings where id=?
13:10:13.114 [main] DEBUG org.hibernate.orm.sql.ast.create - Created new SQL alias : s1_0
13:10:13.114 [main] DEBUG org.hibernate.orm.sql.ast.create - Registration of TableGroup [StandardTableGroup(org.frcpm.models.Subsystem)] with identifierForTableGroup [org.frcpm.models.Subsystem] for NavigablePath [org.frcpm.models.Subsystem] 
13:10:13.114 [main] DEBUG org.hibernate.orm.sql.ast.create - Registration of TableGroup [org.hibernate.sql.ast.tree.from.LazyTableGroup@7b06dce0] with identifierForTableGroup [org.frcpm.models.Subsystem.responsibleSubteam] for NavigablePath [org.frcpm.models.Subsystem.responsibleSubteam] 
13:10:13.114 [main] DEBUG org.hibernate.orm.results.graph.AST - DomainResult Graph:
 \-EntityResultImpl [org.frcpm.models.Subsystem]
 |  +-BasicFetch [org.frcpm.models.Subsystem.description]
 |  +-BasicFetch [org.frcpm.models.Subsystem.name]
 |  +-EntityDelayedFetchImpl [org.frcpm.models.Subsystem.responsibleSubteam]
 |  +-BasicFetch [org.frcpm.models.Subsystem.status]
 |  \-DelayedCollectionFetch [org.frcpm.models.Subsystem.tasks]

13:10:13.114 [main] DEBUG org.hibernate.orm.sql.ast.tree - SQL AST Tree:
    SelectStatement {
      FromClause {
        StandardTableGroup (s1 : org.frcpm.models.Subsystem) {
          primaryTableReference : subsystems as s1_0
          TableGroupJoins {
            left  join LazyTableGroup (rs1 : org.frcpm.models.Subsystem.responsibleSubteam) {
            }
          }
        }
      }
    }

13:10:13.114 [main] DEBUG org.hibernate.persister.entity.AbstractEntityPersister - Static SQL for entity: org.frcpm.models.Subsystem
13:10:13.114 [main] DEBUG org.hibernate.persister.entity.AbstractEntityPersister -  Version select: /* get version org.frcpm.models.Subsystem */ select id from subsystems where id=?
13:10:13.114 [main] DEBUG org.hibernate.persister.entity.AbstractEntityPersister -  Insert (0): /* insert for org.frcpm.models.Subsystem */insert into subsystems (description,name,responsible_subteam_id,status,id) values (?,?,?,?,default)
13:10:13.114 [main] DEBUG org.hibernate.persister.entity.AbstractEntityPersister -  Update (0): /* update for org.frcpm.models.Subsystem */update subsystems set description=?,name=?,responsible_subteam_id=?,status=? where id=?
13:10:13.114 [main] DEBUG org.hibernate.persister.entity.AbstractEntityPersister -  Delete (0): /* delete for org.frcpm.models.Subsystem */delete from subsystems where id=?
13:10:13.114 [main] DEBUG org.hibernate.orm.sql.ast.create - Created new SQL alias : c1_0
13:10:13.114 [main] DEBUG org.hibernate.orm.sql.ast.create - Registration of TableGroup [StandardTableGroup(org.frcpm.models.Component)] with identifierForTableGroup [org.frcpm.models.Component] for NavigablePath [org.frcpm.models.Component] 
13:10:13.115 [main] DEBUG org.hibernate.orm.results.graph.AST - DomainResult Graph:
 \-EntityResultImpl [org.frcpm.models.Component]
 |  +-BasicFetch [org.frcpm.models.Component.actualDelivery]
 |  +-BasicFetch [org.frcpm.models.Component.delivered]
 |  +-BasicFetch [org.frcpm.models.Component.description]
 |  +-BasicFetch [org.frcpm.models.Component.expectedDelivery]
 |  +-BasicFetch [org.frcpm.models.Component.name]
 |  +-BasicFetch [org.frcpm.models.Component.partNumber]
 |  \-DelayedCollectionFetch [org.frcpm.models.Component.requiredForTasks]

13:10:13.115 [main] DEBUG org.hibernate.orm.sql.ast.tree - SQL AST Tree:
    SelectStatement {
      FromClause {
        StandardTableGroup (c1 : org.frcpm.models.Component) {
          primaryTableReference : components as c1_0
        }
      }
    }

13:10:13.115 [main] DEBUG org.hibernate.persister.entity.AbstractEntityPersister - Static SQL for entity: org.frcpm.models.Component
13:10:13.115 [main] DEBUG org.hibernate.persister.entity.AbstractEntityPersister -  Version select: /* get version org.frcpm.models.Component */ select id from components where id=?
13:10:13.115 [main] DEBUG org.hibernate.persister.entity.AbstractEntityPersister -  Insert (0): /* insert for org.frcpm.models.Component */insert into components (actual_delivery,is_delivered,description,expected_delivery,name,part_number,id) values (?,?,?,?,?,?,default)
13:10:13.115 [main] DEBUG org.hibernate.persister.entity.AbstractEntityPersister -  Update (0): /* update for org.frcpm.models.Component */update components set actual_delivery=?,is_delivered=?,description=?,expected_delivery=?,name=?,part_number=? where id=?
13:10:13.115 [main] DEBUG org.hibernate.persister.entity.AbstractEntityPersister -  Delete (0): /* delete for org.frcpm.models.Component */delete from components where id=?
13:10:13.115 [main] DEBUG org.hibernate.orm.sql.ast.create - Created new SQL alias : m1_0
13:10:13.115 [main] DEBUG org.hibernate.orm.sql.ast.create - Registration of TableGroup [StandardTableGroup(org.frcpm.models.Milestone)] with identifierForTableGroup [org.frcpm.models.Milestone] for NavigablePath [org.frcpm.models.Milestone] 
13:10:13.115 [main] DEBUG org.hibernate.orm.sql.ast.create - Registration of TableGroup [org.hibernate.sql.ast.tree.from.LazyTableGroup@4f3a8e3e] with identifierForTableGroup [org.frcpm.models.Milestone.project] for NavigablePath [org.frcpm.models.Milestone.project] 
13:10:13.115 [main] DEBUG org.hibernate.orm.results.graph.AST - DomainResult Graph:
 \-EntityResultImpl [org.frcpm.models.Milestone]
 |  +-BasicFetch [org.frcpm.models.Milestone.date]
 |  +-BasicFetch [org.frcpm.models.Milestone.description]
 |  +-BasicFetch [org.frcpm.models.Milestone.name]
 |  \-EntityDelayedFetchImpl [org.frcpm.models.Milestone.project]

13:10:13.115 [main] DEBUG org.hibernate.orm.sql.ast.tree - SQL AST Tree:
    SelectStatement {
      FromClause {
        StandardTableGroup (m1 : org.frcpm.models.Milestone) {
          primaryTableReference : milestones as m1_0
          TableGroupJoins {
            left  join LazyTableGroup (p1 : org.frcpm.models.Milestone.project) {
            }
          }
        }
      }
    }

13:10:13.115 [main] DEBUG org.hibernate.persister.entity.AbstractEntityPersister - Static SQL for entity: org.frcpm.models.Milestone
13:10:13.115 [main] DEBUG org.hibernate.persister.entity.AbstractEntityPersister -  Version select: /* get version org.frcpm.models.Milestone */ select id from milestones where id=?
13:10:13.115 [main] DEBUG org.hibernate.persister.entity.AbstractEntityPersister -  Insert (0): /* insert for org.frcpm.models.Milestone */insert into milestones (date,description,name,project_id,id) values (?,?,?,?,default)
13:10:13.115 [main] DEBUG org.hibernate.persister.entity.AbstractEntityPersister -  Update (0): /* update for org.frcpm.models.Milestone */update milestones set date=?,description=?,name=?,project_id=? where id=?
13:10:13.115 [main] DEBUG org.hibernate.persister.entity.AbstractEntityPersister -  Delete (0): /* delete for org.frcpm.models.Milestone */delete from milestones where id=?
13:10:13.115 [main] DEBUG org.hibernate.orm.sql.ast.create - Created new SQL alias : p1_0
13:10:13.115 [main] DEBUG org.hibernate.orm.sql.ast.create - Registration of TableGroup [StandardTableGroup(org.frcpm.models.Project)] with identifierForTableGroup [org.frcpm.models.Project] for NavigablePath [org.frcpm.models.Project] 
13:10:13.115 [main] DEBUG org.hibernate.orm.results.graph.AST - DomainResult Graph:
 \-EntityResultImpl [org.frcpm.models.Project]
 |  +-BasicFetch [org.frcpm.models.Project.description]
 |  +-BasicFetch [org.frcpm.models.Project.goalEndDate]
 |  +-BasicFetch [org.frcpm.models.Project.hardDeadline]
 |  +-DelayedCollectionFetch [org.frcpm.models.Project.meetings]
 |  +-DelayedCollectionFetch [org.frcpm.models.Project.milestones]
 |  +-BasicFetch [org.frcpm.models.Project.name]
 |  +-BasicFetch [org.frcpm.models.Project.startDate]
 |  \-DelayedCollectionFetch [org.frcpm.models.Project.tasks]

13:10:13.115 [main] DEBUG org.hibernate.orm.sql.ast.tree - SQL AST Tree:
    SelectStatement {
      FromClause {
        StandardTableGroup (p1 : org.frcpm.models.Project) {
          primaryTableReference : projects as p1_0
        }
      }
    }

13:10:13.115 [main] DEBUG org.hibernate.persister.entity.AbstractEntityPersister - Static SQL for entity: org.frcpm.models.Project
13:10:13.115 [main] DEBUG org.hibernate.persister.entity.AbstractEntityPersister -  Version select: /* get version org.frcpm.models.Project */ select id from projects where id=?
13:10:13.115 [main] DEBUG org.hibernate.persister.entity.AbstractEntityPersister -  Insert (0): /* insert for org.frcpm.models.Project */insert into projects (description,goal_end_date,hard_deadline,name,start_date,id) values (?,?,?,?,?,default)
13:10:13.115 [main] DEBUG org.hibernate.persister.entity.AbstractEntityPersister -  Update (0): /* update for org.frcpm.models.Project */update projects set description=?,goal_end_date=?,hard_deadline=?,name=?,start_date=? where id=?
13:10:13.115 [main] DEBUG org.hibernate.persister.entity.AbstractEntityPersister -  Delete (0): /* delete for org.frcpm.models.Project */delete from projects where id=?
13:10:13.115 [main] DEBUG org.hibernate.orm.sql.ast.create - Created new SQL alias : s1_0
13:10:13.115 [main] DEBUG org.hibernate.orm.sql.ast.create - Registration of TableGroup [StandardTableGroup(org.frcpm.models.Subteam)] with identifierForTableGroup [org.frcpm.models.Subteam] for NavigablePath [org.frcpm.models.Subteam] 
13:10:13.115 [main] DEBUG org.hibernate.orm.results.graph.AST - DomainResult Graph:
 \-EntityResultImpl [org.frcpm.models.Subteam]
 |  +-BasicFetch [org.frcpm.models.Subteam.colorCode]
 |  +-DelayedCollectionFetch [org.frcpm.models.Subteam.members]
 |  +-BasicFetch [org.frcpm.models.Subteam.name]
 |  +-BasicFetch [org.frcpm.models.Subteam.specialties]
 |  \-DelayedCollectionFetch [org.frcpm.models.Subteam.subsystems]

13:10:13.115 [main] DEBUG org.hibernate.orm.sql.ast.tree - SQL AST Tree:
    SelectStatement {
      FromClause {
        StandardTableGroup (s1 : org.frcpm.models.Subteam) {
          primaryTableReference : subteams as s1_0
        }
      }
    }

13:10:13.115 [main] DEBUG org.hibernate.persister.entity.AbstractEntityPersister - Static SQL for entity: org.frcpm.models.Subteam
13:10:13.115 [main] DEBUG org.hibernate.persister.entity.AbstractEntityPersister -  Version select: /* get version org.frcpm.models.Subteam */ select id from subteams where id=?
13:10:13.115 [main] DEBUG org.hibernate.persister.entity.AbstractEntityPersister -  Insert (0): /* insert for org.frcpm.models.Subteam */insert into subteams (color_code,name,specialties,id) values (?,?,?,default)
13:10:13.115 [main] DEBUG org.hibernate.persister.entity.AbstractEntityPersister -  Update (0): /* update for org.frcpm.models.Subteam */update subteams set color_code=?,name=?,specialties=? where id=?
13:10:13.115 [main] DEBUG org.hibernate.persister.entity.AbstractEntityPersister -  Delete (0): /* delete for org.frcpm.models.Subteam */delete from subteams where id=?
13:10:13.115 [main] DEBUG org.hibernate.orm.sql.ast.create - Created new SQL alias : t1_0
13:10:13.115 [main] DEBUG org.hibernate.orm.sql.ast.create - Registration of TableGroup [StandardTableGroup(org.frcpm.models.Task)] with identifierForTableGroup [org.frcpm.models.Task] for NavigablePath [org.frcpm.models.Task] 
13:10:13.115 [main] DEBUG org.hibernate.orm.sql.ast.create - Registration of TableGroup [org.hibernate.sql.ast.tree.from.LazyTableGroup@4ce9985f] with identifierForTableGroup [org.frcpm.models.Task.project] for NavigablePath [org.frcpm.models.Task.project] 
13:10:13.115 [main] DEBUG org.hibernate.orm.sql.ast.create - Registration of TableGroup [org.hibernate.sql.ast.tree.from.LazyTableGroup@4283f29b] with identifierForTableGroup [org.frcpm.models.Task.subsystem] for NavigablePath [org.frcpm.models.Task.subsystem] 
13:10:13.115 [main] DEBUG org.hibernate.orm.results.graph.AST - DomainResult Graph:
 \-EntityResultImpl [org.frcpm.models.Task]
 |  +-BasicFetch [org.frcpm.models.Task.actualDurationSeconds]
 |  +-DelayedCollectionFetch [org.frcpm.models.Task.assignedTo]
 |  +-BasicFetch [org.frcpm.models.Task.completed]
 |  +-BasicFetch [org.frcpm.models.Task.description]
 |  +-BasicFetch [org.frcpm.models.Task.endDate]
 |  +-BasicFetch [org.frcpm.models.Task.estimatedDurationSeconds]
 |  +-DelayedCollectionFetch [org.frcpm.models.Task.postDependencies]
 |  +-DelayedCollectionFetch [org.frcpm.models.Task.preDependencies]
 |  +-BasicFetch [org.frcpm.models.Task.priority]
 |  +-BasicFetch [org.frcpm.models.Task.progress]
 |  +-EntityDelayedFetchImpl [org.frcpm.models.Task.project]
 |  +-DelayedCollectionFetch [org.frcpm.models.Task.requiredComponents]
 |  +-BasicFetch [org.frcpm.models.Task.startDate]
 |  +-EntityDelayedFetchImpl [org.frcpm.models.Task.subsystem]
 |  \-BasicFetch [org.frcpm.models.Task.title]

13:10:13.115 [main] DEBUG org.hibernate.orm.sql.ast.tree - SQL AST Tree:
    SelectStatement {
      FromClause {
        StandardTableGroup (t1 : org.frcpm.models.Task) {
          primaryTableReference : tasks as t1_0
          TableGroupJoins {
            left  join LazyTableGroup (p1 : org.frcpm.models.Task.project) {
            }
            left  join LazyTableGroup (s1 : org.frcpm.models.Task.subsystem) {
            }
          }
        }
      }
    }

13:10:13.116 [main] DEBUG org.hibernate.persister.entity.AbstractEntityPersister - Static SQL for entity: org.frcpm.models.Task
13:10:13.116 [main] DEBUG org.hibernate.persister.entity.AbstractEntityPersister -  Version select: /* get version org.frcpm.models.Task */ select id from tasks where id=?
13:10:13.116 [main] DEBUG org.hibernate.persister.entity.AbstractEntityPersister -  Insert (0): /* insert for org.frcpm.models.Task */insert into tasks (actual_duration_seconds,completed,description,end_date,estimated_duration_seconds,priority,progress,project_id,start_date,subsystem_id,title,id) values (?,?,?,?,?,?,?,?,?,?,?,default)
13:10:13.116 [main] DEBUG org.hibernate.persister.entity.AbstractEntityPersister -  Update (0): /* update for org.frcpm.models.Task */update tasks set actual_duration_seconds=?,completed=?,description=?,end_date=?,estimated_duration_seconds=?,priority=?,progress=?,project_id=?,start_date=?,subsystem_id=?,title=? where id=?
13:10:13.116 [main] DEBUG org.hibernate.persister.entity.AbstractEntityPersister -  Delete (0): /* delete for org.frcpm.models.Task */delete from tasks where id=?
13:10:13.116 [main] DEBUG org.hibernate.orm.sql.ast.create - Created new SQL alias : tm1_0
13:10:13.116 [main] DEBUG org.hibernate.orm.sql.ast.create - Registration of TableGroup [StandardTableGroup(org.frcpm.models.TeamMember)] with identifierForTableGroup [org.frcpm.models.TeamMember] for NavigablePath [org.frcpm.models.TeamMember] 
13:10:13.116 [main] DEBUG org.hibernate.orm.sql.ast.create - Registration of TableGroup [org.hibernate.sql.ast.tree.from.LazyTableGroup@625430f8] with identifierForTableGroup [org.frcpm.models.TeamMember.subteam] for NavigablePath [org.frcpm.models.TeamMember.subteam] 
13:10:13.116 [main] DEBUG org.hibernate.orm.results.graph.AST - DomainResult Graph:
 \-EntityResultImpl [org.frcpm.models.TeamMember]
 |  +-DelayedCollectionFetch [org.frcpm.models.TeamMember.assignedTasks]
 |  +-DelayedCollectionFetch [org.frcpm.models.TeamMember.attendances]
 |  +-BasicFetch [org.frcpm.models.TeamMember.email]
 |  +-BasicFetch [org.frcpm.models.TeamMember.firstName]
 |  +-BasicFetch [org.frcpm.models.TeamMember.lastName]
 |  +-BasicFetch [org.frcpm.models.TeamMember.leader]
 |  +-BasicFetch [org.frcpm.models.TeamMember.phone]
 |  +-BasicFetch [org.frcpm.models.TeamMember.skills]
 |  +-EntityDelayedFetchImpl [org.frcpm.models.TeamMember.subteam]
 |  \-BasicFetch [org.frcpm.models.TeamMember.username]

13:10:13.116 [main] DEBUG org.hibernate.orm.sql.ast.tree - SQL AST Tree:
    SelectStatement {
      FromClause {
        StandardTableGroup (tm1 : org.frcpm.models.TeamMember) {
          primaryTableReference : team_members as tm1_0
          TableGroupJoins {
            left  join LazyTableGroup (s1 : org.frcpm.models.TeamMember.subteam) {
            }
          }
        }
      }
    }

13:10:13.116 [main] DEBUG org.hibernate.persister.entity.AbstractEntityPersister - Static SQL for entity: org.frcpm.models.TeamMember
13:10:13.116 [main] DEBUG org.hibernate.persister.entity.AbstractEntityPersister -  Version select: /* get version org.frcpm.models.TeamMember */ select id from team_members where id=?
13:10:13.116 [main] DEBUG org.hibernate.persister.entity.AbstractEntityPersister -  Insert (0): /* insert for org.frcpm.models.TeamMember */insert into team_members (email,first_name,last_name,is_leader,phone,skills,subteam_id,username,id) values (?,?,?,?,?,?,?,?,default)
13:10:13.116 [main] DEBUG org.hibernate.persister.entity.AbstractEntityPersister -  Update (0): /* update for org.frcpm.models.TeamMember */update team_members set email=?,first_name=?,last_name=?,is_leader=?,phone=?,skills=?,subteam_id=?,username=? where id=?
13:10:13.116 [main] DEBUG org.hibernate.persister.entity.AbstractEntityPersister -  Delete (0): /* delete for org.frcpm.models.TeamMember */delete from team_members where id=?
13:10:13.116 [main] DEBUG org.hibernate.orm.sql.ast.create - Created new SQL alias : at1_0
13:10:13.116 [main] DEBUG org.hibernate.orm.sql.ast.create - Registration of TableGroup [CollectionTableGroup(org.frcpm.models.Task.assignedTo)] with identifierForTableGroup [org.frcpm.models.Task.assignedTo] for NavigablePath [org.frcpm.models.Task.assignedTo] 
13:10:13.116 [main] DEBUG org.hibernate.orm.sql.ast.create - Registration of TableGroup [org.hibernate.sql.ast.tree.from.LazyTableGroup@3fb54673] with identifierForTableGroup [org.frcpm.models.Task.assignedTo.{element}] for NavigablePath [org.frcpm.models.Task.assignedTo.{element}] 
13:10:13.116 [main] DEBUG org.hibernate.orm.sql.ast.create - Created new SQL alias : at1_1
13:10:13.116 [main] DEBUG org.hibernate.orm.sql.ast.create - Registration of TableGroup [org.hibernate.sql.ast.tree.from.LazyTableGroup@4b55652a] with identifierForTableGroup [org.frcpm.models.Task.assignedTo.{element}.subteam] for NavigablePath [org.frcpm.models.Task.assignedTo.{element}.subteam] 
13:10:13.116 [main] DEBUG org.hibernate.orm.results.graph.AST - DomainResult Graph:
 \-CollectionDomainResult [org.frcpm.models.Task.assignedTo]

13:10:13.116 [main] DEBUG org.hibernate.orm.sql.ast.tree - SQL AST Tree:
    SelectStatement {
      FromClause {
        CollectionTableGroup (at1 : org.frcpm.models.Task.assignedTo) {
          primaryTableReference : task_assignments as at1_0
          TableGroupJoins {
             join LazyTableGroup (at1 : org.frcpm.models.Task.assignedTo.{element}) {
              primaryTableReference : team_members as at1_1
              TableGroupJoins {
                left  join LazyTableGroup (s1 : org.frcpm.models.Task.assignedTo.{element}.subteam) {
                }
              }
            }
          }
        }
      }
    }

13:10:13.116 [main] DEBUG org.hibernate.orm.jdbc.mutation - Static SQL for collection: org.frcpm.models.Task.assignedTo
13:10:13.116 [main] DEBUG org.hibernate.orm.jdbc.mutation -  Row insert: /* insert for org.frcpm.models.Task.assignedTo */insert into task_assignments (task_id,team_member_id) values (?,?)
13:10:13.116 [main] DEBUG org.hibernate.orm.jdbc.mutation -  Row delete: /* delete for org.frcpm.models.Task.assignedTo */delete from task_assignments where task_id=? and team_member_id=?
13:10:13.116 [main] DEBUG org.hibernate.orm.jdbc.mutation -  One-shot delete: /* one-shot delete for org.frcpm.models.Task.assignedTo */delete from task_assignments where task_id=?
13:10:13.116 [main] DEBUG org.hibernate.orm.sql.ast.create - Created new SQL alias : t1_0
13:10:13.116 [main] DEBUG org.hibernate.orm.sql.ast.create - Registration of TableGroup [org.hibernate.sql.ast.tree.from.OneToManyTableGroup@4945cd1f] with identifierForTableGroup [org.frcpm.models.Subsystem.tasks] for NavigablePath [org.frcpm.models.Subsystem.tasks] 
13:10:13.116 [main] DEBUG org.hibernate.orm.sql.ast.create - Registration of TableGroup [StandardTableGroup(org.frcpm.models.Subsystem.tasks.{element})] with identifierForTableGroup [org.frcpm.models.Subsystem.tasks.{element}] for NavigablePath [org.frcpm.models.Subsystem.tasks.{element}] 
13:10:13.116 [main] DEBUG org.hibernate.orm.sql.ast.create - Registration of TableGroup [org.hibernate.sql.ast.tree.from.LazyTableGroup@2dbfcbe4] with identifierForTableGroup [org.frcpm.models.Subsystem.tasks.{element}.project] for NavigablePath [org.frcpm.models.Subsystem.tasks.{element}.project] 
13:10:13.117 [main] DEBUG org.hibernate.orm.sql.ast.create - Registration of TableGroup [org.hibernate.sql.ast.tree.from.LazyTableGroup@6f13ed1] with identifierForTableGroup [org.frcpm.models.Subsystem.tasks.{element}.subsystem] for NavigablePath [org.frcpm.models.Subsystem.tasks.{element}.subsystem] 
13:10:13.117 [main] DEBUG org.hibernate.orm.results.graph.AST - DomainResult Graph:
 \-CollectionDomainResult [org.frcpm.models.Subsystem.tasks]

13:10:13.117 [main] DEBUG org.hibernate.orm.sql.ast.tree - SQL AST Tree:
    SelectStatement {
      FromClause {
        OneToManyTableGroup (t1 : org.frcpm.models.Subsystem.tasks) {
          primaryTableReference : tasks as t1_0
          TableGroupJoins {
            left  join LazyTableGroup (p1 : org.frcpm.models.Subsystem.tasks.{element}.project) {
            }
            left  join LazyTableGroup (s1 : org.frcpm.models.Subsystem.tasks.{element}.subsystem) {
            }
          }
        }
      }
    }

13:10:13.117 [main] DEBUG org.hibernate.orm.jdbc.mutation - Static SQL for collection: org.frcpm.models.Subsystem.tasks
13:10:13.117 [main] DEBUG org.hibernate.orm.sql.ast.create - Created new SQL alias : m1_0
13:10:13.117 [main] DEBUG org.hibernate.orm.sql.ast.create - Registration of TableGroup [org.hibernate.sql.ast.tree.from.OneToManyTableGroup@23e0b938] with identifierForTableGroup [org.frcpm.models.Subteam.members] for NavigablePath [org.frcpm.models.Subteam.members] 
13:10:13.117 [main] DEBUG org.hibernate.orm.sql.ast.create - Registration of TableGroup [StandardTableGroup(org.frcpm.models.Subteam.members.{element})] with identifierForTableGroup [org.frcpm.models.Subteam.members.{element}] for NavigablePath [org.frcpm.models.Subteam.members.{element}] 
13:10:13.117 [main] DEBUG org.hibernate.orm.sql.ast.create - Registration of TableGroup [org.hibernate.sql.ast.tree.from.LazyTableGroup@7053b64b] with identifierForTableGroup [org.frcpm.models.Subteam.members.{element}.subteam] for NavigablePath [org.frcpm.models.Subteam.members.{element}.subteam] 
13:10:13.117 [main] DEBUG org.hibernate.orm.results.graph.AST - DomainResult Graph:
 \-CollectionDomainResult [org.frcpm.models.Subteam.members]

13:10:13.117 [main] DEBUG org.hibernate.orm.sql.ast.tree - SQL AST Tree:
    SelectStatement {
      FromClause {
        OneToManyTableGroup (m1 : org.frcpm.models.Subteam.members) {
          primaryTableReference : team_members as m1_0
          TableGroupJoins {
            left  join LazyTableGroup (s1 : org.frcpm.models.Subteam.members.{element}.subteam) {
            }
          }
        }
      }
    }

13:10:13.117 [main] DEBUG org.hibernate.orm.jdbc.mutation - Static SQL for collection: org.frcpm.models.Subteam.members
13:10:13.117 [main] DEBUG org.hibernate.orm.sql.ast.create - Created new SQL alias : a1_0
13:10:13.117 [main] DEBUG org.hibernate.orm.sql.ast.create - Registration of TableGroup [org.hibernate.sql.ast.tree.from.OneToManyTableGroup@6eac71db] with identifierForTableGroup [org.frcpm.models.TeamMember.attendances] for NavigablePath [org.frcpm.models.TeamMember.attendances] 
13:10:13.117 [main] DEBUG org.hibernate.orm.sql.ast.create - Registration of TableGroup [StandardTableGroup(org.frcpm.models.TeamMember.attendances.{element})] with identifierForTableGroup [org.frcpm.models.TeamMember.attendances.{element}] for NavigablePath [org.frcpm.models.TeamMember.attendances.{element}] 
13:10:13.117 [main] DEBUG org.hibernate.orm.sql.ast.create - Registration of TableGroup [org.hibernate.sql.ast.tree.from.LazyTableGroup@48a32c4f] with identifierForTableGroup [org.frcpm.models.TeamMember.attendances.{element}.meeting] for NavigablePath [org.frcpm.models.TeamMember.attendances.{element}.meeting] 
13:10:13.117 [main] DEBUG org.hibernate.orm.sql.ast.create - Registration of TableGroup [org.hibernate.sql.ast.tree.from.LazyTableGroup@25af2afe] with identifierForTableGroup [org.frcpm.models.TeamMember.attendances.{element}.member] for NavigablePath [org.frcpm.models.TeamMember.attendances.{element}.member] 
13:10:13.117 [main] DEBUG org.hibernate.orm.results.graph.AST - DomainResult Graph:
 \-CollectionDomainResult [org.frcpm.models.TeamMember.attendances]

13:10:13.117 [main] DEBUG org.hibernate.orm.sql.ast.tree - SQL AST Tree:
    SelectStatement {
      FromClause {
        OneToManyTableGroup (a1 : org.frcpm.models.TeamMember.attendances) {
          primaryTableReference : attendances as a1_0
          TableGroupJoins {
            left  join LazyTableGroup (m1 : org.frcpm.models.TeamMember.attendances.{element}.meeting) {
            }
            left  join LazyTableGroup (m2 : org.frcpm.models.TeamMember.attendances.{element}.member) {
            }
          }
        }
      }
    }

13:10:13.117 [main] DEBUG org.hibernate.orm.jdbc.mutation - Static SQL for collection: org.frcpm.models.TeamMember.attendances
13:10:13.117 [main] DEBUG org.hibernate.orm.sql.ast.create - Created new SQL alias : rc1_0
13:10:13.117 [main] DEBUG org.hibernate.orm.sql.ast.create - Registration of TableGroup [CollectionTableGroup(org.frcpm.models.Task.requiredComponents)] with identifierForTableGroup [org.frcpm.models.Task.requiredComponents] for NavigablePath [org.frcpm.models.Task.requiredComponents] 
13:10:13.117 [main] DEBUG org.hibernate.orm.sql.ast.create - Registration of TableGroup [org.hibernate.sql.ast.tree.from.LazyTableGroup@f359e65] with identifierForTableGroup [org.frcpm.models.Task.requiredComponents.{element}] for NavigablePath [org.frcpm.models.Task.requiredComponents.{element}] 
13:10:13.118 [main] DEBUG org.hibernate.orm.sql.ast.create - Created new SQL alias : rc1_1
13:10:13.118 [main] DEBUG org.hibernate.orm.results.graph.AST - DomainResult Graph:
 \-CollectionDomainResult [org.frcpm.models.Task.requiredComponents]

13:10:13.118 [main] DEBUG org.hibernate.orm.sql.ast.tree - SQL AST Tree:
    SelectStatement {
      FromClause {
        CollectionTableGroup (rc1 : org.frcpm.models.Task.requiredComponents) {
          primaryTableReference : task_components as rc1_0
          TableGroupJoins {
             join LazyTableGroup (rc1 : org.frcpm.models.Task.requiredComponents.{element}) {
              primaryTableReference : components as rc1_1
            }
          }
        }
      }
    }

13:10:13.119 [main] DEBUG org.hibernate.orm.jdbc.mutation - Static SQL for collection: org.frcpm.models.Task.requiredComponents
13:10:13.119 [main] DEBUG org.hibernate.orm.jdbc.mutation -  Row insert: /* insert for org.frcpm.models.Task.requiredComponents */insert into task_components (task_id,component_id) values (?,?)
13:10:13.119 [main] DEBUG org.hibernate.orm.jdbc.mutation -  Row delete: /* delete for org.frcpm.models.Task.requiredComponents */delete from task_components where task_id=? and component_id=?
13:10:13.119 [main] DEBUG org.hibernate.orm.jdbc.mutation -  One-shot delete: /* one-shot delete for org.frcpm.models.Task.requiredComponents */delete from task_components where task_id=?
13:10:13.119 [main] DEBUG org.hibernate.orm.sql.ast.create - Created new SQL alias : s1_0
13:10:13.119 [main] DEBUG org.hibernate.orm.sql.ast.create - Registration of TableGroup [org.hibernate.sql.ast.tree.from.OneToManyTableGroup@470c2a7a] with identifierForTableGroup [org.frcpm.models.Subteam.subsystems] for NavigablePath [org.frcpm.models.Subteam.subsystems] 
13:10:13.120 [main] DEBUG org.hibernate.orm.sql.ast.create - Registration of TableGroup [StandardTableGroup(org.frcpm.models.Subteam.subsystems.{element})] with identifierForTableGroup [org.frcpm.models.Subteam.subsystems.{element}] for NavigablePath [org.frcpm.models.Subteam.subsystems.{element}] 
13:10:13.120 [main] DEBUG org.hibernate.orm.sql.ast.create - Registration of TableGroup [org.hibernate.sql.ast.tree.from.LazyTableGroup@62b3871] with identifierForTableGroup [org.frcpm.models.Subteam.subsystems.{element}.responsibleSubteam] for NavigablePath [org.frcpm.models.Subteam.subsystems.{element}.responsibleSubteam] 
13:10:13.121 [main] DEBUG org.hibernate.orm.results.graph.AST - DomainResult Graph:
 \-CollectionDomainResult [org.frcpm.models.Subteam.subsystems]

13:10:13.121 [main] DEBUG org.hibernate.orm.sql.ast.tree - SQL AST Tree:
    SelectStatement {
      FromClause {
        OneToManyTableGroup (s1 : org.frcpm.models.Subteam.subsystems) {
          primaryTableReference : subsystems as s1_0
          TableGroupJoins {
            left  join LazyTableGroup (rs1 : org.frcpm.models.Subteam.subsystems.{element}.responsibleSubteam) {
            }
          }
        }
      }
    }

13:10:13.121 [main] DEBUG org.hibernate.orm.jdbc.mutation - Static SQL for collection: org.frcpm.models.Subteam.subsystems
13:10:13.121 [main] DEBUG org.hibernate.orm.sql.ast.create - Created new SQL alias : pd1_0
13:10:13.121 [main] DEBUG org.hibernate.orm.sql.ast.create - Registration of TableGroup [CollectionTableGroup(org.frcpm.models.Task.preDependencies)] with identifierForTableGroup [org.frcpm.models.Task.preDependencies] for NavigablePath [org.frcpm.models.Task.preDependencies] 
13:10:13.121 [main] DEBUG org.hibernate.orm.sql.ast.create - Registration of TableGroup [org.hibernate.sql.ast.tree.from.LazyTableGroup@273c4b3] with identifierForTableGroup [org.frcpm.models.Task.preDependencies.{element}] for NavigablePath [org.frcpm.models.Task.preDependencies.{element}] 
13:10:13.121 [main] DEBUG org.hibernate.orm.sql.ast.create - Created new SQL alias : pd1_1
13:10:13.122 [main] DEBUG org.hibernate.orm.sql.ast.create - Registration of TableGroup [org.hibernate.sql.ast.tree.from.LazyTableGroup@240a717d] with identifierForTableGroup [org.frcpm.models.Task.preDependencies.{element}.project] for NavigablePath [org.frcpm.models.Task.preDependencies.{element}.project] 
13:10:13.122 [main] DEBUG org.hibernate.orm.sql.ast.create - Registration of TableGroup [org.hibernate.sql.ast.tree.from.LazyTableGroup@7b3d3d3d] with identifierForTableGroup [org.frcpm.models.Task.preDependencies.{element}.subsystem] for NavigablePath [org.frcpm.models.Task.preDependencies.{element}.subsystem] 
13:10:13.122 [main] DEBUG org.hibernate.orm.results.graph.AST - DomainResult Graph:
 \-CollectionDomainResult [org.frcpm.models.Task.preDependencies]

13:10:13.122 [main] DEBUG org.hibernate.orm.sql.ast.tree - SQL AST Tree:
    SelectStatement {
      FromClause {
        CollectionTableGroup (pd1 : org.frcpm.models.Task.preDependencies) {
          primaryTableReference : task_dependencies as pd1_0
          TableGroupJoins {
             join LazyTableGroup (pd1 : org.frcpm.models.Task.preDependencies.{element}) {
              primaryTableReference : tasks as pd1_1
              TableGroupJoins {
                left  join LazyTableGroup (p1 : org.frcpm.models.Task.preDependencies.{element}.project) {
                }
                left  join LazyTableGroup (s1 : org.frcpm.models.Task.preDependencies.{element}.subsystem) {
                }
              }
            }
          }
        }
      }
    }

13:10:13.122 [main] DEBUG org.hibernate.orm.jdbc.mutation - Static SQL for collection: org.frcpm.models.Task.preDependencies
13:10:13.122 [main] DEBUG org.hibernate.orm.jdbc.mutation -  Row insert: /* insert for org.frcpm.models.Task.preDependencies */insert into task_dependencies (task_id,dependency_id) values (?,?)
13:10:13.122 [main] DEBUG org.hibernate.orm.jdbc.mutation -  Row delete: /* delete for org.frcpm.models.Task.preDependencies */delete from task_dependencies where task_id=? and dependency_id=?
13:10:13.122 [main] DEBUG org.hibernate.orm.jdbc.mutation -  One-shot delete: /* one-shot delete for org.frcpm.models.Task.preDependencies */delete from task_dependencies where task_id=?
13:10:13.122 [main] DEBUG org.hibernate.orm.sql.ast.create - Created new SQL alias : m1_0
13:10:13.122 [main] DEBUG org.hibernate.orm.sql.ast.create - Registration of TableGroup [org.hibernate.sql.ast.tree.from.OneToManyTableGroup@45cce4c2] with identifierForTableGroup [org.frcpm.models.Project.milestones] for NavigablePath [org.frcpm.models.Project.milestones] 
13:10:13.122 [main] DEBUG org.hibernate.orm.sql.ast.create - Registration of TableGroup [StandardTableGroup(org.frcpm.models.Project.milestones.{element})] with identifierForTableGroup [org.frcpm.models.Project.milestones.{element}] for NavigablePath [org.frcpm.models.Project.milestones.{element}] 
13:10:13.123 [main] DEBUG org.hibernate.orm.sql.ast.create - Registration of TableGroup [org.hibernate.sql.ast.tree.from.LazyTableGroup@9d4d221] with identifierForTableGroup [org.frcpm.models.Project.milestones.{element}.project] for NavigablePath [org.frcpm.models.Project.milestones.{element}.project] 
13:10:13.123 [main] DEBUG org.hibernate.orm.results.graph.AST - DomainResult Graph:
 \-CollectionDomainResult [org.frcpm.models.Project.milestones]

13:10:13.123 [main] DEBUG org.hibernate.orm.sql.ast.tree - SQL AST Tree:
    SelectStatement {
      FromClause {
        OneToManyTableGroup (m1 : org.frcpm.models.Project.milestones) {
          primaryTableReference : milestones as m1_0
          TableGroupJoins {
            left  join LazyTableGroup (p1 : org.frcpm.models.Project.milestones.{element}.project) {
            }
          }
        }
      }
    }

13:10:13.123 [main] DEBUG org.hibernate.orm.jdbc.mutation - Static SQL for collection: org.frcpm.models.Project.milestones
13:10:13.123 [main] DEBUG org.hibernate.orm.sql.ast.create - Created new SQL alias : rft1_0
13:10:13.123 [main] DEBUG org.hibernate.orm.sql.ast.create - Registration of TableGroup [CollectionTableGroup(org.frcpm.models.Component.requiredForTasks)] with identifierForTableGroup [org.frcpm.models.Component.requiredForTasks] for NavigablePath [org.frcpm.models.Component.requiredForTasks] 
13:10:13.123 [main] DEBUG org.hibernate.orm.sql.ast.create - Registration of TableGroup [org.hibernate.sql.ast.tree.from.LazyTableGroup@3129792a] with identifierForTableGroup [org.frcpm.models.Component.requiredForTasks.{element}] for NavigablePath [org.frcpm.models.Component.requiredForTasks.{element}] 
13:10:13.123 [main] DEBUG org.hibernate.orm.sql.ast.create - Created new SQL alias : rft1_1
13:10:13.123 [main] DEBUG org.hibernate.orm.sql.ast.create - Registration of TableGroup [org.hibernate.sql.ast.tree.from.LazyTableGroup@13617139] with identifierForTableGroup [org.frcpm.models.Component.requiredForTasks.{element}.project] for NavigablePath [org.frcpm.models.Component.requiredForTasks.{element}.project] 
13:10:13.123 [main] DEBUG org.hibernate.orm.sql.ast.create - Registration of TableGroup [org.hibernate.sql.ast.tree.from.LazyTableGroup@3c0becae] with identifierForTableGroup [org.frcpm.models.Component.requiredForTasks.{element}.subsystem] for NavigablePath [org.frcpm.models.Component.requiredForTasks.{element}.subsystem] 
13:10:13.123 [main] DEBUG org.hibernate.orm.results.graph.AST - DomainResult Graph:
 \-CollectionDomainResult [org.frcpm.models.Component.requiredForTasks]

13:10:13.123 [main] DEBUG org.hibernate.orm.sql.ast.tree - SQL AST Tree:
    SelectStatement {
      FromClause {
        CollectionTableGroup (rft1 : org.frcpm.models.Component.requiredForTasks) {
          primaryTableReference : task_components as rft1_0
          TableGroupJoins {
             join LazyTableGroup (rft1 : org.frcpm.models.Component.requiredForTasks.{element}) {
              primaryTableReference : tasks as rft1_1
              TableGroupJoins {
                left  join LazyTableGroup (p1 : org.frcpm.models.Component.requiredForTasks.{element}.project) {
                }
                left  join LazyTableGroup (s1 : org.frcpm.models.Component.requiredForTasks.{element}.subsystem) {
                }
              }
            }
          }
        }
      }
    }

13:10:13.123 [main] DEBUG org.hibernate.orm.jdbc.mutation - Static SQL for collection: org.frcpm.models.Component.requiredForTasks
13:10:13.123 [main] DEBUG org.hibernate.orm.sql.ast.create - Created new SQL alias : m1_0
13:10:13.123 [main] DEBUG org.hibernate.orm.sql.ast.create - Registration of TableGroup [org.hibernate.sql.ast.tree.from.OneToManyTableGroup@79690a0a] with identifierForTableGroup [org.frcpm.models.Project.meetings] for NavigablePath [org.frcpm.models.Project.meetings] 
13:10:13.123 [main] DEBUG org.hibernate.orm.sql.ast.create - Registration of TableGroup [StandardTableGroup(org.frcpm.models.Project.meetings.{element})] with identifierForTableGroup [org.frcpm.models.Project.meetings.{element}] for NavigablePath [org.frcpm.models.Project.meetings.{element}] 
13:10:13.123 [main] DEBUG org.hibernate.orm.sql.ast.create - Registration of TableGroup [org.hibernate.sql.ast.tree.from.LazyTableGroup@619944a7] with identifierForTableGroup [org.frcpm.models.Project.meetings.{element}.project] for NavigablePath [org.frcpm.models.Project.meetings.{element}.project] 
13:10:13.123 [main] DEBUG org.hibernate.orm.results.graph.AST - DomainResult Graph:
 \-CollectionDomainResult [org.frcpm.models.Project.meetings]

13:10:13.123 [main] DEBUG org.hibernate.orm.sql.ast.tree - SQL AST Tree:
    SelectStatement {
      FromClause {
        OneToManyTableGroup (m1 : org.frcpm.models.Project.meetings) {
          primaryTableReference : meetings as m1_0
          TableGroupJoins {
            left  join LazyTableGroup (p1 : org.frcpm.models.Project.meetings.{element}.project) {
            }
          }
        }
      }
    }

13:10:13.123 [main] DEBUG org.hibernate.orm.jdbc.mutation - Static SQL for collection: org.frcpm.models.Project.meetings
13:10:13.123 [main] DEBUG org.hibernate.orm.sql.ast.create - Created new SQL alias : at1_0
13:10:13.123 [main] DEBUG org.hibernate.orm.sql.ast.create - Registration of TableGroup [CollectionTableGroup(org.frcpm.models.TeamMember.assignedTasks)] with identifierForTableGroup [org.frcpm.models.TeamMember.assignedTasks] for NavigablePath [org.frcpm.models.TeamMember.assignedTasks] 
13:10:13.123 [main] DEBUG org.hibernate.orm.sql.ast.create - Registration of TableGroup [org.hibernate.sql.ast.tree.from.LazyTableGroup@1f612968] with identifierForTableGroup [org.frcpm.models.TeamMember.assignedTasks.{element}] for NavigablePath [org.frcpm.models.TeamMember.assignedTasks.{element}] 
13:10:13.123 [main] DEBUG org.hibernate.orm.sql.ast.create - Created new SQL alias : at1_1
13:10:13.124 [main] DEBUG org.hibernate.orm.sql.ast.create - Registration of TableGroup [org.hibernate.sql.ast.tree.from.LazyTableGroup@2ee949d4] with identifierForTableGroup [org.frcpm.models.TeamMember.assignedTasks.{element}.project] for NavigablePath [org.frcpm.models.TeamMember.assignedTasks.{element}.project] 
13:10:13.124 [main] DEBUG org.hibernate.orm.sql.ast.create - Registration of TableGroup [org.hibernate.sql.ast.tree.from.LazyTableGroup@57e9cd2] with identifierForTableGroup [org.frcpm.models.TeamMember.assignedTasks.{element}.subsystem] for NavigablePath [org.frcpm.models.TeamMember.assignedTasks.{element}.subsystem] 
13:10:13.124 [main] DEBUG org.hibernate.orm.results.graph.AST - DomainResult Graph:
 \-CollectionDomainResult [org.frcpm.models.TeamMember.assignedTasks]

13:10:13.124 [main] DEBUG org.hibernate.orm.sql.ast.tree - SQL AST Tree:
    SelectStatement {
      FromClause {
        CollectionTableGroup (at1 : org.frcpm.models.TeamMember.assignedTasks) {
          primaryTableReference : task_assignments as at1_0
          TableGroupJoins {
             join LazyTableGroup (at1 : org.frcpm.models.TeamMember.assignedTasks.{element}) {
              primaryTableReference : tasks as at1_1
              TableGroupJoins {
                left  join LazyTableGroup (p1 : org.frcpm.models.TeamMember.assignedTasks.{element}.project) {
                }
                left  join LazyTableGroup (s1 : org.frcpm.models.TeamMember.assignedTasks.{element}.subsystem) {
                }
              }
            }
          }
        }
      }
    }

13:10:13.124 [main] DEBUG org.hibernate.orm.jdbc.mutation - Static SQL for collection: org.frcpm.models.TeamMember.assignedTasks
13:10:13.124 [main] DEBUG org.hibernate.orm.sql.ast.create - Created new SQL alias : a1_0
13:10:13.124 [main] DEBUG org.hibernate.orm.sql.ast.create - Registration of TableGroup [org.hibernate.sql.ast.tree.from.OneToManyTableGroup@34a48013] with identifierForTableGroup [org.frcpm.models.Meeting.attendances] for NavigablePath [org.frcpm.models.Meeting.attendances] 
13:10:13.124 [main] DEBUG org.hibernate.orm.sql.ast.create - Registration of TableGroup [StandardTableGroup(org.frcpm.models.Meeting.attendances.{element})] with identifierForTableGroup [org.frcpm.models.Meeting.attendances.{element}] for NavigablePath [org.frcpm.models.Meeting.attendances.{element}] 
13:10:13.124 [main] DEBUG org.hibernate.orm.sql.ast.create - Registration of TableGroup [org.hibernate.sql.ast.tree.from.LazyTableGroup@50e7d8ba] with identifierForTableGroup [org.frcpm.models.Meeting.attendances.{element}.meeting] for NavigablePath [org.frcpm.models.Meeting.attendances.{element}.meeting] 
13:10:13.124 [main] DEBUG org.hibernate.orm.sql.ast.create - Registration of TableGroup [org.hibernate.sql.ast.tree.from.LazyTableGroup@210e4678] with identifierForTableGroup [org.frcpm.models.Meeting.attendances.{element}.member] for NavigablePath [org.frcpm.models.Meeting.attendances.{element}.member] 
13:10:13.124 [main] DEBUG org.hibernate.orm.results.graph.AST - DomainResult Graph:
 \-CollectionDomainResult [org.frcpm.models.Meeting.attendances]

13:10:13.124 [main] DEBUG org.hibernate.orm.sql.ast.tree - SQL AST Tree:
    SelectStatement {
      FromClause {
        OneToManyTableGroup (a1 : org.frcpm.models.Meeting.attendances) {
          primaryTableReference : attendances as a1_0
          TableGroupJoins {
            left  join LazyTableGroup (m1 : org.frcpm.models.Meeting.attendances.{element}.meeting) {
            }
            left  join LazyTableGroup (m2 : org.frcpm.models.Meeting.attendances.{element}.member) {
            }
          }
        }
      }
    }

13:10:13.124 [main] DEBUG org.hibernate.orm.jdbc.mutation - Static SQL for collection: org.frcpm.models.Meeting.attendances
13:10:13.124 [main] DEBUG org.hibernate.orm.sql.ast.create - Created new SQL alias : pd1_0
13:10:13.125 [main] DEBUG org.hibernate.orm.sql.ast.create - Registration of TableGroup [CollectionTableGroup(org.frcpm.models.Task.postDependencies)] with identifierForTableGroup [org.frcpm.models.Task.postDependencies] for NavigablePath [org.frcpm.models.Task.postDependencies] 
13:10:13.125 [main] DEBUG org.hibernate.orm.sql.ast.create - Registration of TableGroup [org.hibernate.sql.ast.tree.from.LazyTableGroup@557c0b65] with identifierForTableGroup [org.frcpm.models.Task.postDependencies.{element}] for NavigablePath [org.frcpm.models.Task.postDependencies.{element}] 
13:10:13.125 [main] DEBUG org.hibernate.orm.sql.ast.create - Created new SQL alias : pd1_1
13:10:13.125 [main] DEBUG org.hibernate.orm.sql.ast.create - Registration of TableGroup [org.hibernate.sql.ast.tree.from.LazyTableGroup@3b303b78] with identifierForTableGroup [org.frcpm.models.Task.postDependencies.{element}.project] for NavigablePath [org.frcpm.models.Task.postDependencies.{element}.project] 
13:10:13.125 [main] DEBUG org.hibernate.orm.sql.ast.create - Registration of TableGroup [org.hibernate.sql.ast.tree.from.LazyTableGroup@685e97e0] with identifierForTableGroup [org.frcpm.models.Task.postDependencies.{element}.subsystem] for NavigablePath [org.frcpm.models.Task.postDependencies.{element}.subsystem] 
13:10:13.126 [main] DEBUG org.hibernate.orm.results.graph.AST - DomainResult Graph:
 \-CollectionDomainResult [org.frcpm.models.Task.postDependencies]

13:10:13.126 [main] DEBUG org.hibernate.orm.sql.ast.tree - SQL AST Tree:
    SelectStatement {
      FromClause {
        CollectionTableGroup (pd1 : org.frcpm.models.Task.postDependencies) {
          primaryTableReference : task_dependencies as pd1_0
          TableGroupJoins {
             join LazyTableGroup (pd1 : org.frcpm.models.Task.postDependencies.{element}) {
              primaryTableReference : tasks as pd1_1
              TableGroupJoins {
                left  join LazyTableGroup (p1 : org.frcpm.models.Task.postDependencies.{element}.project) {
                }
                left  join LazyTableGroup (s1 : org.frcpm.models.Task.postDependencies.{element}.subsystem) {
                }
              }
            }
          }
        }
      }
    }

13:10:13.126 [main] DEBUG org.hibernate.orm.jdbc.mutation - Static SQL for collection: org.frcpm.models.Task.postDependencies
13:10:13.126 [main] DEBUG org.hibernate.orm.sql.ast.create - Created new SQL alias : t1_0
13:10:13.126 [main] DEBUG org.hibernate.orm.sql.ast.create - Registration of TableGroup [org.hibernate.sql.ast.tree.from.OneToManyTableGroup@5dfaa2f0] with identifierForTableGroup [org.frcpm.models.Project.tasks] for NavigablePath [org.frcpm.models.Project.tasks] 
13:10:13.126 [main] DEBUG org.hibernate.orm.sql.ast.create - Registration of TableGroup [StandardTableGroup(org.frcpm.models.Project.tasks.{element})] with identifierForTableGroup [org.frcpm.models.Project.tasks.{element}] for NavigablePath [org.frcpm.models.Project.tasks.{element}] 
13:10:13.126 [main] DEBUG org.hibernate.orm.sql.ast.create - Registration of TableGroup [org.hibernate.sql.ast.tree.from.LazyTableGroup@672ba9cc] with identifierForTableGroup [org.frcpm.models.Project.tasks.{element}.project] for NavigablePath [org.frcpm.models.Project.tasks.{element}.project] 
13:10:13.126 [main] DEBUG org.hibernate.orm.sql.ast.create - Registration of TableGroup [org.hibernate.sql.ast.tree.from.LazyTableGroup@7bd6c35e] with identifierForTableGroup [org.frcpm.models.Project.tasks.{element}.subsystem] for NavigablePath [org.frcpm.models.Project.tasks.{element}.subsystem] 
13:10:13.126 [main] DEBUG org.hibernate.orm.results.graph.AST - DomainResult Graph:
 \-CollectionDomainResult [org.frcpm.models.Project.tasks]

13:10:13.126 [main] DEBUG org.hibernate.orm.sql.ast.tree - SQL AST Tree:
    SelectStatement {
      FromClause {
        OneToManyTableGroup (t1 : org.frcpm.models.Project.tasks) {
          primaryTableReference : tasks as t1_0
          TableGroupJoins {
            left  join LazyTableGroup (p1 : org.frcpm.models.Project.tasks.{element}.project) {
            }
            left  join LazyTableGroup (s1 : org.frcpm.models.Project.tasks.{element}.subsystem) {
            }
          }
        }
      }
    }

13:10:13.126 [main] DEBUG org.hibernate.orm.jdbc.mutation - Static SQL for collection: org.frcpm.models.Project.tasks
13:10:13.132 [main] DEBUG org.hibernate.type.spi.TypeConfiguration$Scope - Scoping TypeConfiguration [org.hibernate.type.spi.TypeConfiguration@332fc35c] to SessionFactoryImplementor [org.hibernate.internal.SessionFactoryImpl@335ff774]
13:10:13.132 [main] DEBUG org.hibernate.query.named.NamedObjectRepository - Checking 0 named HQL queries
13:10:13.132 [main] DEBUG org.hibernate.query.named.NamedObjectRepository - Checking 0 named SQL queries
13:10:13.132 [main] DEBUG org.hibernate.SQL - 
    drop table if exists attendances cascade 
Hibernate: 
    drop table if exists attendances cascade 
13:10:13.133 [main] DEBUG org.hibernate.SQL - 
    drop table if exists components cascade 
Hibernate: 
    drop table if exists components cascade 
13:10:13.133 [main] DEBUG org.hibernate.SQL - 
    drop table if exists meetings cascade 
Hibernate: 
    drop table if exists meetings cascade 
13:10:13.133 [main] DEBUG org.hibernate.SQL - 
    drop table if exists milestones cascade 
Hibernate: 
    drop table if exists milestones cascade 
13:10:13.133 [main] DEBUG org.hibernate.SQL - 
    drop table if exists projects cascade 
Hibernate: 
    drop table if exists projects cascade 
13:10:13.133 [main] DEBUG org.hibernate.SQL - 
    drop table if exists subsystems cascade 
Hibernate: 
    drop table if exists subsystems cascade 
13:10:13.133 [main] DEBUG org.hibernate.SQL - 
    drop table if exists subteams cascade 
Hibernate: 
    drop table if exists subteams cascade 
13:10:13.134 [main] DEBUG org.hibernate.SQL - 
    drop table if exists task_assignments cascade 
Hibernate: 
    drop table if exists task_assignments cascade 
13:10:13.134 [main] DEBUG org.hibernate.SQL - 
    drop table if exists task_components cascade 
Hibernate: 
    drop table if exists task_components cascade 
13:10:13.134 [main] DEBUG org.hibernate.SQL - 
    drop table if exists task_dependencies cascade 
Hibernate: 
    drop table if exists task_dependencies cascade 
13:10:13.135 [main] DEBUG org.hibernate.SQL - 
    drop table if exists tasks cascade 
Hibernate: 
    drop table if exists tasks cascade 
13:10:13.135 [main] DEBUG org.hibernate.SQL - 
    drop table if exists team_members cascade 
Hibernate: 
    drop table if exists team_members cascade 
13:10:13.136 [main] DEBUG org.hibernate.SQL - 
    create table attendances (
        arrival_time time(6),
        departure_time time(6),
        present boolean not null,
        id bigint generated by default as identity,
        meeting_id bigint not null,
        member_id bigint not null,
        primary key (id),
        unique (meeting_id, member_id)
    )
Hibernate: 
    create table attendances (
        arrival_time time(6),
        departure_time time(6),
        present boolean not null,
        id bigint generated by default as identity,
        meeting_id bigint not null,
        member_id bigint not null,
        primary key (id),
        unique (meeting_id, member_id)
    )
13:10:13.139 [main] DEBUG org.hibernate.SQL - 
    create table components (
        actual_delivery date,
        expected_delivery date,
        is_delivered boolean,
        id bigint generated by default as identity,
        part_number varchar(100),
        description TEXT,
        name varchar(255) not null,
        primary key (id)
    )
Hibernate: 
    create table components (
        actual_delivery date,
        expected_delivery date,
        is_delivered boolean,
        id bigint generated by default as identity,
        part_number varchar(100),
        description TEXT,
        name varchar(255) not null,
        primary key (id)
    )
13:10:13.141 [main] DEBUG org.hibernate.SQL - 
    create table meetings (
        date date not null,
        end_time time(6) not null,
        start_time time(6) not null,
        id bigint generated by default as identity,
        project_id bigint not null,
        notes TEXT,
        primary key (id)
    )
Hibernate: 
    create table meetings (
        date date not null,
        end_time time(6) not null,
        start_time time(6) not null,
        id bigint generated by default as identity,
        project_id bigint not null,
        notes TEXT,
        primary key (id)
    )
13:10:13.143 [main] DEBUG org.hibernate.SQL - 
    create table milestones (
        date date not null,
        id bigint generated by default as identity,
        project_id bigint not null,
        description TEXT,
        name varchar(255) not null,
        primary key (id)
    )
Hibernate: 
    create table milestones (
        date date not null,
        id bigint generated by default as identity,
        project_id bigint not null,
        description TEXT,
        name varchar(255) not null,
        primary key (id)
    )
13:10:13.145 [main] DEBUG org.hibernate.SQL - 
    create table projects (
        goal_end_date date not null,
        hard_deadline date not null,
        start_date date not null,
        id bigint generated by default as identity,
        name varchar(100) not null,
        description TEXT,
        primary key (id)
    )
Hibernate: 
    create table projects (
        goal_end_date date not null,
        hard_deadline date not null,
        start_date date not null,
        id bigint generated by default as identity,
        name varchar(100) not null,
        description TEXT,
        primary key (id)
    )
13:10:13.147 [main] DEBUG org.hibernate.SQL - 
    create table subsystems (
        id bigint generated by default as identity,
        responsible_subteam_id bigint,
        name varchar(100) not null,
        description TEXT,
        status enum ('COMPLETED','IN_PROGRESS','ISSUES','NOT_STARTED','TESTING') not null,
        primary key (id)
    )
Hibernate: 
    create table subsystems (
        id bigint generated by default as identity,
        responsible_subteam_id bigint,
        name varchar(100) not null,
        description TEXT,
        status enum ('COMPLETED','IN_PROGRESS','ISSUES','NOT_STARTED','TESTING') not null,
        primary key (id)
    )
13:10:13.149 [main] DEBUG org.hibernate.SQL - 
    create table subteams (
        color_code varchar(7) not null,
        id bigint generated by default as identity,
        name varchar(100) not null,
        specialties TEXT,
        primary key (id)
    )
Hibernate: 
    create table subteams (
        color_code varchar(7) not null,
        id bigint generated by default as identity,
        name varchar(100) not null,
        specialties TEXT,
        primary key (id)
    )
13:10:13.149 [main] DEBUG org.hibernate.SQL - 
    create table task_assignments (
        task_id bigint not null,
        team_member_id bigint not null,
        primary key (task_id, team_member_id)
    )
Hibernate: 
    create table task_assignments (
        task_id bigint not null,
        team_member_id bigint not null,
        primary key (task_id, team_member_id)
    )
13:10:13.152 [main] DEBUG org.hibernate.SQL - 
    create table task_components (
        component_id bigint not null,
        task_id bigint not null,
        primary key (component_id, task_id)
    )
Hibernate: 
    create table task_components (
        component_id bigint not null,
        task_id bigint not null,
        primary key (component_id, task_id)
    )
13:10:13.154 [main] DEBUG org.hibernate.SQL - 
    create table task_dependencies (
        dependency_id bigint not null,
        task_id bigint not null,
        primary key (dependency_id, task_id)
    )
Hibernate: 
    create table task_dependencies (
        dependency_id bigint not null,
        task_id bigint not null,
        primary key (dependency_id, task_id)
    )
13:10:13.157 [main] DEBUG org.hibernate.SQL - 
    create table tasks (
        completed boolean not null,
        end_date date,
        progress integer not null,
        start_date date,
        actual_duration_seconds bigint,
        estimated_duration_seconds bigint not null,
        id bigint generated by default as identity,
        project_id bigint not null,
        subsystem_id bigint not null,
        description TEXT,
        title varchar(255) not null,
        priority enum ('CRITICAL','HIGH','LOW','MEDIUM') not null,
        primary key (id)
    )
Hibernate: 
    create table tasks (
        completed boolean not null,
        end_date date,
        progress integer not null,
        start_date date,
        actual_duration_seconds bigint,
        estimated_duration_seconds bigint not null,
        id bigint generated by default as identity,
        project_id bigint not null,
        subsystem_id bigint not null,
        description TEXT,
        title varchar(255) not null,
        priority enum ('CRITICAL','HIGH','LOW','MEDIUM') not null,
        primary key (id)
    )
13:10:13.158 [main] DEBUG org.hibernate.SQL - 
    create table team_members (
        is_leader boolean,
        id bigint generated by default as identity,
        subteam_id bigint,
        phone varchar(15),
        first_name varchar(150),
        last_name varchar(150),
        username varchar(150) not null unique,
        email varchar(254),
        skills TEXT,
        primary key (id)
    )
Hibernate: 
    create table team_members (
        is_leader boolean,
        id bigint generated by default as identity,
        subteam_id bigint,
        phone varchar(15),
        first_name varchar(150),
        last_name varchar(150),
        username varchar(150) not null unique,
        email varchar(254),
        skills TEXT,
        primary key (id)
    )
13:10:13.161 [main] DEBUG org.hibernate.SQL - 
    alter table if exists attendances 
       add constraint FK3i5ab1v2ad6wbm2rwhxbtm55u 
       foreign key (meeting_id) 
       references meetings
Hibernate: 
    alter table if exists attendances 
       add constraint FK3i5ab1v2ad6wbm2rwhxbtm55u 
       foreign key (meeting_id) 
       references meetings
13:10:13.164 [main] DEBUG org.hibernate.SQL - 
    alter table if exists attendances 
       add constraint FKb3g1rvha5qvyh1xik0bo6fghp 
       foreign key (member_id) 
       references team_members
Hibernate: 
    alter table if exists attendances 
       add constraint FKb3g1rvha5qvyh1xik0bo6fghp 
       foreign key (member_id) 
       references team_members
13:10:13.166 [main] DEBUG org.hibernate.SQL - 
    alter table if exists meetings 
       add constraint FKbt3vmcde0efob60esnfkyaeg0 
       foreign key (project_id) 
       references projects
Hibernate: 
    alter table if exists meetings 
       add constraint FKbt3vmcde0efob60esnfkyaeg0 
       foreign key (project_id) 
       references projects
13:10:13.169 [main] DEBUG org.hibernate.SQL - 
    alter table if exists milestones 
       add constraint FK2a7fp7wfu0qc1pq3wiifbksge 
       foreign key (project_id) 
       references projects
Hibernate: 
    alter table if exists milestones 
       add constraint FK2a7fp7wfu0qc1pq3wiifbksge 
       foreign key (project_id) 
       references projects
13:10:13.171 [main] DEBUG org.hibernate.SQL - 
    alter table if exists subsystems 
       add constraint FK6w4rk9yygp8j1dhs91d0qt8vp 
       foreign key (responsible_subteam_id) 
       references subteams
Hibernate: 
    alter table if exists subsystems 
       add constraint FK6w4rk9yygp8j1dhs91d0qt8vp 
       foreign key (responsible_subteam_id) 
       references subteams
13:10:13.172 [main] DEBUG org.hibernate.SQL - 
    alter table if exists task_assignments 
       add constraint FKqyivind1lu4axk93y5m7vcx7i 
       foreign key (team_member_id) 
       references team_members
Hibernate: 
    alter table if exists task_assignments 
       add constraint FKqyivind1lu4axk93y5m7vcx7i 
       foreign key (team_member_id) 
       references team_members
13:10:13.174 [main] DEBUG org.hibernate.SQL - 
    alter table if exists task_assignments 
       add constraint FKk36vhf9tt6t3woselwnkis6v6 
       foreign key (task_id) 
       references tasks
Hibernate: 
    alter table if exists task_assignments 
       add constraint FKk36vhf9tt6t3woselwnkis6v6 
       foreign key (task_id) 
       references tasks
13:10:13.175 [main] DEBUG org.hibernate.SQL - 
    alter table if exists task_components 
       add constraint FK5irpaispcx79xwy6n1qomaxnv 
       foreign key (component_id) 
       references components
Hibernate: 
    alter table if exists task_components 
       add constraint FK5irpaispcx79xwy6n1qomaxnv 
       foreign key (component_id) 
       references components
13:10:13.176 [main] DEBUG org.hibernate.SQL - 
    alter table if exists task_components 
       add constraint FKjvcgnyl1ttc41nv55hjvnnft1 
       foreign key (task_id) 
       references tasks
Hibernate: 
    alter table if exists task_components 
       add constraint FKjvcgnyl1ttc41nv55hjvnnft1 
       foreign key (task_id) 
       references tasks
13:10:13.177 [main] DEBUG org.hibernate.SQL - 
    alter table if exists task_dependencies 
       add constraint FKnwfxktx9emcwsylqofad5cxbx 
       foreign key (dependency_id) 
       references tasks
Hibernate: 
    alter table if exists task_dependencies 
       add constraint FKnwfxktx9emcwsylqofad5cxbx 
       foreign key (dependency_id) 
       references tasks
13:10:13.179 [main] DEBUG org.hibernate.SQL - 
    alter table if exists task_dependencies 
       add constraint FKerlktvi2bud6uauih348u0loj 
       foreign key (task_id) 
       references tasks
Hibernate: 
    alter table if exists task_dependencies 
       add constraint FKerlktvi2bud6uauih348u0loj 
       foreign key (task_id) 
       references tasks
13:10:13.180 [main] DEBUG org.hibernate.SQL - 
    alter table if exists tasks 
       add constraint FKsfhn82y57i3k9uxww1s007acc 
       foreign key (project_id) 
       references projects
Hibernate: 
    alter table if exists tasks 
       add constraint FKsfhn82y57i3k9uxww1s007acc 
       foreign key (project_id) 
       references projects
13:10:13.181 [main] DEBUG org.hibernate.SQL - 
    alter table if exists tasks 
       add constraint FK3tj2dchxxvxu2te3uwgjakx76 
       foreign key (subsystem_id) 
       references subsystems
Hibernate: 
    alter table if exists tasks 
       add constraint FK3tj2dchxxvxu2te3uwgjakx76 
       foreign key (subsystem_id) 
       references subsystems
13:10:13.182 [main] DEBUG org.hibernate.SQL - 
    alter table if exists team_members 
       add constraint FKnjkvjfudwwytv2aiuha5wyvqx 
       foreign key (subteam_id) 
       references subteams
Hibernate: 
    alter table if exists team_members 
       add constraint FKnjkvjfudwwytv2aiuha5wyvqx 
       foreign key (subteam_id) 
       references subteams
13:10:13.184 [main] DEBUG org.hibernate.internal.SessionFactoryRegistry - Registering SessionFactory: 82fbf5bb-8563-4331-a380-2351c1fd7557 (<unnamed>)
13:10:13.184 [main] DEBUG org.hibernate.internal.SessionFactoryRegistry - Not binding SessionFactory to JNDI, no JNDI name configured
13:10:13.184 [main] DEBUG org.hibernate.internal.SessionFactoryImpl - Instantiated SessionFactory
13:10:13.185 [main] DEBUG org.hibernate.stat.internal.StatisticsInitiator - Statistics initialized [enabled=false]
13:10:13.185 [main] DEBUG org.hibernate.engine.transaction.internal.TransactionImpl - On TransactionImpl creation, JpaCompliance#isJpaTransactionComplianceEnabled == false
13:10:13.186 [main] DEBUG org.hibernate.engine.transaction.internal.TransactionImpl - begin
13:10:13.186 [main] DEBUG org.hibernate.engine.spi.ActionQueue - Executing identity-insert immediately
13:10:13.186 [main] DEBUG org.hibernate.SQL - 
    /* insert for
        org.frcpm.models.Project */insert 
    into
        projects (description, goal_end_date, hard_deadline, name, start_date, id) 
    values
        (?, ?, ?, ?, ?, default)
Hibernate: 
    /* insert for
        org.frcpm.models.Project */insert 
    into
        projects (description, goal_end_date, hard_deadline, name, start_date, id) 
    values
        (?, ?, ?, ?, ?, default)
13:10:13.188 [main] DEBUG org.hibernate.orm.results - Initializer list is empty
13:10:13.188 [main] DEBUG org.hibernate.orm.results.loading - Calling top-level assembler (0 / 1) : org.hibernate.sql.results.graph.basic.BasicResultAssembler@226f472
13:10:13.188 [main] DEBUG org.hibernate.orm.results - Extracted JDBC value [0] - [1]
13:10:13.188 [main] DEBUG org.hibernate.id.IdentifierGeneratorHelper - Extracted generated values [org.frcpm.models.Project]: [Ljava.lang.Object;@2360ebe2
13:10:13.190 [main] DEBUG org.hibernate.event.internal.AbstractFlushingEventListener - Processing flush-time cascades
13:10:13.190 [main] DEBUG org.hibernate.event.internal.AbstractFlushingEventListener - Dirty checking collections
13:10:13.190 [main] DEBUG org.hibernate.engine.internal.Collections - Collection found: [org.frcpm.models.Project.meetings#1], was: [<unreferenced>] (initialized)
13:10:13.190 [main] DEBUG org.hibernate.engine.internal.Collections - Collection found: [org.frcpm.models.Project.milestones#1], was: [<unreferenced>] (initialized)
13:10:13.190 [main] DEBUG org.hibernate.engine.internal.Collections - Collection found: [org.frcpm.models.Project.tasks#1], was: [<unreferenced>] (initialized)
13:10:13.190 [main] DEBUG org.hibernate.event.internal.AbstractFlushingEventListener - Flushed: 0 insertions, 0 updates, 0 deletions to 1 objects
13:10:13.190 [main] DEBUG org.hibernate.event.internal.AbstractFlushingEventListener - Flushed: 3 (re)creations, 0 updates, 0 removals to 3 collections
13:10:13.190 [main] DEBUG org.hibernate.internal.util.EntityPrinter - Listing entities:
13:10:13.190 [main] DEBUG org.hibernate.internal.util.EntityPrinter - org.frcpm.models.Project{hardDeadline=2025-06-06, name=Test Base Project 1, description=null, meetings=[], id=1, goalEndDate=2025-05-23, milestones=[], startDate=2025-04-11, tasks=[]}
13:10:13.190 [main] DEBUG org.hibernate.engine.transaction.internal.TransactionImpl - committing
13:10:13.191 [main] DEBUG org.hibernate.event.internal.AbstractFlushingEventListener - Processing flush-time cascades
13:10:13.191 [main] DEBUG org.hibernate.event.internal.AbstractFlushingEventListener - Dirty checking collections
13:10:13.191 [main] DEBUG org.hibernate.engine.internal.Collections - Collection found: [org.frcpm.models.Project.meetings#1], was: [org.frcpm.models.Project.meetings#1] (initialized)
13:10:13.191 [main] DEBUG org.hibernate.engine.internal.Collections - Collection found: [org.frcpm.models.Project.milestones#1], was: [org.frcpm.models.Project.milestones#1] (initialized)
13:10:13.191 [main] DEBUG org.hibernate.engine.internal.Collections - Collection found: [org.frcpm.models.Project.tasks#1], was: [org.frcpm.models.Project.tasks#1] (initialized)
13:10:13.191 [main] DEBUG org.hibernate.event.internal.AbstractFlushingEventListener - Flushed: 0 insertions, 0 updates, 0 deletions to 1 objects
13:10:13.191 [main] DEBUG org.hibernate.event.internal.AbstractFlushingEventListener - Flushed: 0 (re)creations, 0 updates, 0 removals to 3 collections
13:10:13.191 [main] DEBUG org.hibernate.internal.util.EntityPrinter - Listing entities:
13:10:13.191 [main] DEBUG org.hibernate.internal.util.EntityPrinter - org.frcpm.models.Project{hardDeadline=2025-06-06, name=Test Base Project 1, description=null, meetings=[], id=1, goalEndDate=2025-05-23, milestones=[], startDate=2025-04-11, tasks=[]}
13:10:13.191 [main] DEBUG org.hibernate.resource.jdbc.internal.LogicalConnectionManagedImpl - Initiating JDBC connection release from afterTransaction
13:10:13.191 [main] DEBUG org.hibernate.resource.jdbc.internal.LogicalConnectionManagedImpl - Initiating JDBC connection release from afterTransaction
13:10:13.191 [main] DEBUG org.hibernate.engine.transaction.internal.TransactionImpl - On TransactionImpl creation, JpaCompliance#isJpaTransactionComplianceEnabled == false
13:10:13.191 [main] DEBUG org.hibernate.engine.transaction.internal.TransactionImpl - begin
13:10:13.191 [main] DEBUG org.hibernate.engine.spi.ActionQueue - Executing identity-insert immediately
13:10:13.191 [main] DEBUG org.hibernate.SQL - 
    /* insert for
        org.frcpm.models.Project */insert 
    into
        projects (description, goal_end_date, hard_deadline, name, start_date, id) 
    values
        (?, ?, ?, ?, ?, default)
Hibernate: 
    /* insert for
        org.frcpm.models.Project */insert 
    into
        projects (description, goal_end_date, hard_deadline, name, start_date, id) 
    values
        (?, ?, ?, ?, ?, default)
13:10:13.192 [main] DEBUG org.hibernate.orm.results - Initializer list is empty
13:10:13.192 [main] DEBUG org.hibernate.orm.results.loading - Calling top-level assembler (0 / 1) : org.hibernate.sql.results.graph.basic.BasicResultAssembler@30dabb23
13:10:13.192 [main] DEBUG org.hibernate.orm.results - Extracted JDBC value [0] - [2]
13:10:13.192 [main] DEBUG org.hibernate.id.IdentifierGeneratorHelper - Extracted generated values [org.frcpm.models.Project]: [Ljava.lang.Object;@40032b7b
13:10:13.192 [main] DEBUG org.hibernate.event.internal.AbstractFlushingEventListener - Processing flush-time cascades
13:10:13.192 [main] DEBUG org.hibernate.event.internal.AbstractFlushingEventListener - Dirty checking collections
13:10:13.192 [main] DEBUG org.hibernate.engine.internal.Collections - Collection found: [org.frcpm.models.Project.meetings#2], was: [<unreferenced>] (initialized)
13:10:13.192 [main] DEBUG org.hibernate.engine.internal.Collections - Collection found: [org.frcpm.models.Project.milestones#2], was: [<unreferenced>] (initialized)
13:10:13.192 [main] DEBUG org.hibernate.engine.internal.Collections - Collection found: [org.frcpm.models.Project.tasks#2], was: [<unreferenced>] (initialized)
13:10:13.192 [main] DEBUG org.hibernate.event.internal.AbstractFlushingEventListener - Flushed: 0 insertions, 0 updates, 0 deletions to 1 objects
13:10:13.192 [main] DEBUG org.hibernate.event.internal.AbstractFlushingEventListener - Flushed: 3 (re)creations, 0 updates, 0 removals to 3 collections
13:10:13.192 [main] DEBUG org.hibernate.internal.util.EntityPrinter - Listing entities:
13:10:13.192 [main] DEBUG org.hibernate.internal.util.EntityPrinter - org.frcpm.models.Project{hardDeadline=2025-06-20, name=Test Base Project 2, description=null, meetings=[], id=2, goalEndDate=2025-06-06, milestones=[], startDate=2025-04-18, tasks=[]}
13:10:13.193 [main] DEBUG org.hibernate.engine.transaction.internal.TransactionImpl - committing
13:10:13.193 [main] DEBUG org.hibernate.event.internal.AbstractFlushingEventListener - Processing flush-time cascades
13:10:13.193 [main] DEBUG org.hibernate.event.internal.AbstractFlushingEventListener - Dirty checking collections
13:10:13.193 [main] DEBUG org.hibernate.engine.internal.Collections - Collection found: [org.frcpm.models.Project.meetings#2], was: [org.frcpm.models.Project.meetings#2] (initialized)
13:10:13.193 [main] DEBUG org.hibernate.engine.internal.Collections - Collection found: [org.frcpm.models.Project.milestones#2], was: [org.frcpm.models.Project.milestones#2] (initialized)
13:10:13.193 [main] DEBUG org.hibernate.engine.internal.Collections - Collection found: [org.frcpm.models.Project.tasks#2], was: [org.frcpm.models.Project.tasks#2] (initialized)
13:10:13.193 [main] DEBUG org.hibernate.event.internal.AbstractFlushingEventListener - Flushed: 0 insertions, 0 updates, 0 deletions to 1 objects
13:10:13.193 [main] DEBUG org.hibernate.event.internal.AbstractFlushingEventListener - Flushed: 0 (re)creations, 0 updates, 0 removals to 3 collections
13:10:13.193 [main] DEBUG org.hibernate.internal.util.EntityPrinter - Listing entities:
13:10:13.193 [main] DEBUG org.hibernate.internal.util.EntityPrinter - org.frcpm.models.Project{hardDeadline=2025-06-20, name=Test Base Project 2, description=null, meetings=[], id=2, goalEndDate=2025-06-06, milestones=[], startDate=2025-04-18, tasks=[]}
13:10:13.193 [main] DEBUG org.hibernate.resource.jdbc.internal.LogicalConnectionManagedImpl - Initiating JDBC connection release from afterTransaction
13:10:13.193 [main] DEBUG org.hibernate.resource.jdbc.internal.LogicalConnectionManagedImpl - Initiating JDBC connection release from afterTransaction
13:10:13.198 [main] DEBUG org.hibernate.orm.sql.ast.create - Created new SQL alias : p1_0
13:10:13.198 [main] DEBUG org.hibernate.orm.sql.ast.create - Registration of TableGroup [StandardTableGroup(org.frcpm.models.Project(22702411349600))] with identifierForTableGroup [org.frcpm.models.Project] for NavigablePath [org.frcpm.models.Project] 
13:10:13.200 [main] DEBUG org.hibernate.orm.results.graph.AST - DomainResult Graph:
 \-BasicResult

13:10:13.200 [main] DEBUG org.hibernate.orm.sql.ast.tree - SQL AST Tree:
    SelectStatement {
      FromClause {
        StandardTableGroup (p1 : org.frcpm.models.Project(22702411349600)) {
          primaryTableReference : projects as p1_0
        }
      }
    }

13:10:13.202 [main] DEBUG org.hibernate.orm.sql.exec - Skipping reading Query result cache data: cache-enabled = false, cache-mode = NORMAL
13:10:13.202 [main] DEBUG org.hibernate.orm.results - Initializer list is empty
13:10:13.202 [main] DEBUG org.hibernate.SQL - 
    /* <criteria> */ select
        count(p1_0.id) 
    from
        projects p1_0
Hibernate: 
    /* <criteria> */ select
        count(p1_0.id) 
    from
        projects p1_0
13:10:13.204 [main] DEBUG org.hibernate.orm.results.loading - Calling top-level assembler (0 / 1) : org.hibernate.sql.results.graph.basic.BasicResultAssembler@1676e501
13:10:13.204 [main] DEBUG org.hibernate.orm.results - Extracted JDBC value [0] - [2]
13:10:13.204 [main] DEBUG org.hibernate.resource.jdbc.internal.LogicalConnectionManagedImpl - Initiating JDBC connection release from afterTransaction
13:10:13.204 [main] DEBUG org.hibernate.resource.jdbc.internal.LogicalConnectionManagedImpl - Initiating JDBC connection release from afterTransaction
13:10:13.204 [main] DEBUG org.hibernate.engine.transaction.internal.TransactionImpl - On TransactionImpl creation, JpaCompliance#isJpaTransactionComplianceEnabled == false
13:10:13.204 [main] DEBUG org.hibernate.engine.transaction.internal.TransactionImpl - begin
13:10:13.205 [main] DEBUG org.hibernate.engine.spi.ActionQueue - Executing identity-insert immediately
13:10:13.206 [main] DEBUG org.hibernate.SQL - 
    /* insert for
        org.frcpm.models.Project */insert 
    into
        projects (description, goal_end_date, hard_deadline, name, start_date, id) 
    values
        (?, ?, ?, ?, ?, default)
Hibernate: 
    /* insert for
        org.frcpm.models.Project */insert 
    into
        projects (description, goal_end_date, hard_deadline, name, start_date, id) 
    values
        (?, ?, ?, ?, ?, default)
13:10:13.206 [main] DEBUG org.hibernate.orm.results - Initializer list is empty
13:10:13.206 [main] DEBUG org.hibernate.orm.results.loading - Calling top-level assembler (0 / 1) : org.hibernate.sql.results.graph.basic.BasicResultAssembler@20ed6de
13:10:13.206 [main] DEBUG org.hibernate.orm.results - Extracted JDBC value [0] - [3]
13:10:13.206 [main] DEBUG org.hibernate.id.IdentifierGeneratorHelper - Extracted generated values [org.frcpm.models.Project]: [Ljava.lang.Object;@6ea0dfaa
13:10:13.207 [main] DEBUG org.hibernate.event.internal.AbstractFlushingEventListener - Processing flush-time cascades
13:10:13.207 [main] DEBUG org.hibernate.event.internal.AbstractFlushingEventListener - Dirty checking collections
13:10:13.207 [main] DEBUG org.hibernate.engine.internal.Collections - Collection found: [org.frcpm.models.Project.meetings#3], was: [<unreferenced>] (initialized)
13:10:13.207 [main] DEBUG org.hibernate.engine.internal.Collections - Collection found: [org.frcpm.models.Project.milestones#3], was: [<unreferenced>] (initialized)
13:10:13.207 [main] DEBUG org.hibernate.engine.internal.Collections - Collection found: [org.frcpm.models.Project.tasks#3], was: [<unreferenced>] (initialized)
13:10:13.207 [main] DEBUG org.hibernate.event.internal.AbstractFlushingEventListener - Flushed: 0 insertions, 0 updates, 0 deletions to 1 objects
13:10:13.207 [main] DEBUG org.hibernate.event.internal.AbstractFlushingEventListener - Flushed: 3 (re)creations, 0 updates, 0 removals to 3 collections
13:10:13.207 [main] DEBUG org.hibernate.internal.util.EntityPrinter - Listing entities:
13:10:13.207 [main] DEBUG org.hibernate.internal.util.EntityPrinter - org.frcpm.models.Project{hardDeadline=2025-05-23, name=Test Base Count Project, description=null, meetings=[], id=3, goalEndDate=2025-05-09, milestones=[], startDate=2025-04-11, tasks=[]}
13:10:13.207 [main] DEBUG org.hibernate.engine.transaction.internal.TransactionImpl - committing
13:10:13.207 [main] DEBUG org.hibernate.event.internal.AbstractFlushingEventListener - Processing flush-time cascades
13:10:13.207 [main] DEBUG org.hibernate.event.internal.AbstractFlushingEventListener - Dirty checking collections
13:10:13.207 [main] DEBUG org.hibernate.engine.internal.Collections - Collection found: [org.frcpm.models.Project.meetings#3], was: [org.frcpm.models.Project.meetings#3] (initialized)
13:10:13.207 [main] DEBUG org.hibernate.engine.internal.Collections - Collection found: [org.frcpm.models.Project.milestones#3], was: [org.frcpm.models.Project.milestones#3] (initialized)
13:10:13.207 [main] DEBUG org.hibernate.engine.internal.Collections - Collection found: [org.frcpm.models.Project.tasks#3], was: [org.frcpm.models.Project.tasks#3] (initialized)
13:10:13.207 [main] DEBUG org.hibernate.event.internal.AbstractFlushingEventListener - Flushed: 0 insertions, 0 updates, 0 deletions to 1 objects
13:10:13.207 [main] DEBUG org.hibernate.event.internal.AbstractFlushingEventListener - Flushed: 0 (re)creations, 0 updates, 0 removals to 3 collections
13:10:13.207 [main] DEBUG org.hibernate.internal.util.EntityPrinter - Listing entities:
13:10:13.207 [main] DEBUG org.hibernate.internal.util.EntityPrinter - org.frcpm.models.Project{hardDeadline=2025-05-23, name=Test Base Count Project, description=null, meetings=[], id=3, goalEndDate=2025-05-09, milestones=[], startDate=2025-04-11, tasks=[]}
13:10:13.207 [main] DEBUG org.hibernate.resource.jdbc.internal.LogicalConnectionManagedImpl - Initiating JDBC connection release from afterTransaction
13:10:13.207 [main] DEBUG org.hibernate.resource.jdbc.internal.LogicalConnectionManagedImpl - Initiating JDBC connection release from afterTransaction
13:10:13.208 [main] DEBUG org.hibernate.orm.sql.ast.create - Created new SQL alias : p1_0
13:10:13.208 [main] DEBUG org.hibernate.orm.sql.ast.create - Registration of TableGroup [StandardTableGroup(org.frcpm.models.Project(22702425499100))] with identifierForTableGroup [org.frcpm.models.Project] for NavigablePath [org.frcpm.models.Project] 
13:10:13.208 [main] DEBUG org.hibernate.orm.results.graph.AST - DomainResult Graph:
 \-BasicResult

13:10:13.208 [main] DEBUG org.hibernate.orm.sql.ast.tree - SQL AST Tree:
    SelectStatement {
      FromClause {
        StandardTableGroup (p1 : org.frcpm.models.Project(22702425499100)) {
          primaryTableReference : projects as p1_0
        }
      }
    }

13:10:13.208 [main] DEBUG org.hibernate.orm.sql.exec - Skipping reading Query result cache data: cache-enabled = false, cache-mode = NORMAL
13:10:13.208 [main] DEBUG org.hibernate.orm.results - Initializer list is empty
13:10:13.208 [main] DEBUG org.hibernate.SQL - 
    /* <criteria> */ select
        count(p1_0.id) 
    from
        projects p1_0
Hibernate: 
    /* <criteria> */ select
        count(p1_0.id) 
    from
        projects p1_0
13:10:13.208 [main] DEBUG org.hibernate.orm.results.loading - Calling top-level assembler (0 / 1) : org.hibernate.sql.results.graph.basic.BasicResultAssembler@7892635c
13:10:13.208 [main] DEBUG org.hibernate.orm.results - Extracted JDBC value [0] - [3]
13:10:13.208 [main] DEBUG org.hibernate.resource.jdbc.internal.LogicalConnectionManagedImpl - Initiating JDBC connection release from afterTransaction
13:10:13.208 [main] DEBUG org.hibernate.resource.jdbc.internal.LogicalConnectionManagedImpl - Initiating JDBC connection release from afterTransaction
13:10:13.210 [main] DEBUG org.hibernate.orm.sql.ast.create - Created new SQL alias : p1_0
13:10:13.210 [main] DEBUG org.hibernate.orm.sql.ast.create - Registration of TableGroup [StandardTableGroup(org.frcpm.models.Project(22702427324500))] with identifierForTableGroup [org.frcpm.models.Project] for NavigablePath [org.frcpm.models.Project] 
13:10:13.210 [main] DEBUG org.hibernate.orm.results.graph.AST - DomainResult Graph:
 \-EntityResultImpl [org.frcpm.models.Project(22702427324500)]
 |  +-BasicFetch [org.frcpm.models.Project(22702427324500).description]
 |  +-BasicFetch [org.frcpm.models.Project(22702427324500).goalEndDate]
 |  +-BasicFetch [org.frcpm.models.Project(22702427324500).hardDeadline]
 |  +-DelayedCollectionFetch [org.frcpm.models.Project(22702427324500).meetings]
 |  +-DelayedCollectionFetch [org.frcpm.models.Project(22702427324500).milestones]
 |  +-BasicFetch [org.frcpm.models.Project(22702427324500).name]
 |  +-BasicFetch [org.frcpm.models.Project(22702427324500).startDate]
 |  \-DelayedCollectionFetch [org.frcpm.models.Project(22702427324500).tasks]

13:10:13.210 [main] DEBUG org.hibernate.orm.sql.ast.tree - SQL AST Tree:
    SelectStatement {
      FromClause {
        StandardTableGroup (p1 : org.frcpm.models.Project(22702427324500)) {
          primaryTableReference : projects as p1_0
        }
      }
    }

13:10:13.210 [main] DEBUG org.hibernate.orm.sql.exec - Skipping reading Query result cache data: cache-enabled = false, cache-mode = NORMAL
13:10:13.210 [main] DEBUG org.hibernate.orm.results - Initializer list:
	  org.frcpm.models.Project(22702427324500).milestones -> DelayedCollectionInitializer(org.frcpm.models.Project(22702427324500).milestones)@1530144708 (PluralAttribute(org.frcpm.models.Project.milestones))
	  org.frcpm.models.Project(22702427324500).meetings -> DelayedCollectionInitializer(org.frcpm.models.Project(22702427324500).meetings)@1383454473 (PluralAttribute(org.frcpm.models.Project.meetings))
	  org.frcpm.models.Project(22702427324500) -> EntityResultInitializer(org.frcpm.models.Project(22702427324500))@559037979 (SingleTableEntityPersister(org.frcpm.models.Project))
	  org.frcpm.models.Project(22702427324500).tasks -> DelayedCollectionInitializer(org.frcpm.models.Project(22702427324500).tasks)@1684129395 (PluralAttribute(org.frcpm.models.Project.tasks))

13:10:13.210 [main] DEBUG org.hibernate.SQL - 
    /* <criteria> */ select
        p1_0.id,
        p1_0.description,
        p1_0.goal_end_date,
        p1_0.hard_deadline,
        p1_0.name,
        p1_0.start_date 
    from
        projects p1_0
Hibernate: 
    /* <criteria> */ select
        p1_0.id,
        p1_0.description,
        p1_0.goal_end_date,
        p1_0.hard_deadline,
        p1_0.name,
        p1_0.start_date 
    from
        projects p1_0
13:10:13.211 [main] DEBUG org.hibernate.orm.results - Extracted JDBC value [0] - [1]
13:10:13.211 [main] DEBUG org.hibernate.orm.results.loading.entity - (EntityResultInitializer) Hydrated EntityKey (org.frcpm.models.Project(22702427324500)): 1
13:10:13.211 [main] DEBUG org.hibernate.orm.results.loading.org.hibernate.orm.results.loading.collection - (DelayedCollectionInitializer) Current row collection key : org.frcpm.models.Project(22702427324500).meetings#1
13:10:13.211 [main] DEBUG org.hibernate.orm.results.loading.org.hibernate.orm.results.loading.collection - (DelayedCollectionInitializer) Current row collection key : org.frcpm.models.Project(22702427324500).milestones#1
13:10:13.211 [main] DEBUG org.hibernate.orm.results.loading.org.hibernate.orm.results.loading.collection - (DelayedCollectionInitializer) Current row collection key : org.frcpm.models.Project(22702427324500).tasks#1
13:10:13.211 [main] DEBUG org.hibernate.orm.results.loading.entity - (EntityResultInitializer) Created new entity instance [org.frcpm.models.Project(22702427324500)#1] : 1379061441
13:10:13.211 [main] DEBUG org.hibernate.orm.results - Extracted JDBC value [1] - [null]
13:10:13.211 [main] DEBUG org.hibernate.orm.results - Extracted JDBC value [2] - [2025-05-23]
13:10:13.211 [main] DEBUG org.hibernate.orm.results - Extracted JDBC value [3] - [2025-06-06]
13:10:13.211 [main] DEBUG org.hibernate.orm.results - Extracted JDBC value [4] - [Test Base Project 1]
13:10:13.211 [main] DEBUG org.hibernate.orm.results - Extracted JDBC value [5] - [2025-04-11]
13:10:13.211 [main] DEBUG org.hibernate.orm.results.loading.entity - (EntityResultInitializer) Done materializing entityInstance : org.frcpm.models.Project(22702427324500)#1
13:10:13.211 [main] DEBUG org.hibernate.orm.results.loading - Calling top-level assembler (0 / 1) : org.hibernate.sql.results.graph.entity.internal.EntityAssembler@ac71bd7
13:10:13.211 [main] DEBUG org.hibernate.orm.results - Extracted JDBC value [0] - [2]
13:10:13.211 [main] DEBUG org.hibernate.orm.results.loading.entity - (EntityResultInitializer) Hydrated EntityKey (org.frcpm.models.Project(22702427324500)): 2
13:10:13.211 [main] DEBUG org.hibernate.orm.results.loading.org.hibernate.orm.results.loading.collection - (DelayedCollectionInitializer) Current row collection key : org.frcpm.models.Project(22702427324500).meetings#2
13:10:13.211 [main] DEBUG org.hibernate.orm.results.loading.org.hibernate.orm.results.loading.collection - (DelayedCollectionInitializer) Current row collection key : org.frcpm.models.Project(22702427324500).milestones#2
13:10:13.211 [main] DEBUG org.hibernate.orm.results.loading.org.hibernate.orm.results.loading.collection - (DelayedCollectionInitializer) Current row collection key : org.frcpm.models.Project(22702427324500).tasks#2
13:10:13.211 [main] DEBUG org.hibernate.orm.results.loading.entity - (EntityResultInitializer) Created new entity instance [org.frcpm.models.Project(22702427324500)#2] : 1692847533
13:10:13.211 [main] DEBUG org.hibernate.orm.results - Extracted JDBC value [1] - [null]
13:10:13.211 [main] DEBUG org.hibernate.orm.results - Extracted JDBC value [2] - [2025-06-06]
13:10:13.211 [main] DEBUG org.hibernate.orm.results - Extracted JDBC value [3] - [2025-06-20]
13:10:13.212 [main] DEBUG org.hibernate.orm.results - Extracted JDBC value [4] - [Test Base Project 2]
13:10:13.212 [main] DEBUG org.hibernate.orm.results - Extracted JDBC value [5] - [2025-04-18]
13:10:13.212 [main] DEBUG org.hibernate.orm.results.loading.entity - (EntityResultInitializer) Done materializing entityInstance : org.frcpm.models.Project(22702427324500)#2
13:10:13.212 [main] DEBUG org.hibernate.orm.results.loading - Calling top-level assembler (0 / 1) : org.hibernate.sql.results.graph.entity.internal.EntityAssembler@ac71bd7
13:10:13.212 [main] DEBUG org.hibernate.orm.results - Extracted JDBC value [0] - [3]
13:10:13.212 [main] DEBUG org.hibernate.orm.results.loading.entity - (EntityResultInitializer) Hydrated EntityKey (org.frcpm.models.Project(22702427324500)): 3
13:10:13.212 [main] DEBUG org.hibernate.orm.results.loading.org.hibernate.orm.results.loading.collection - (DelayedCollectionInitializer) Current row collection key : org.frcpm.models.Project(22702427324500).meetings#3
13:10:13.212 [main] DEBUG org.hibernate.orm.results.loading.org.hibernate.orm.results.loading.collection - (DelayedCollectionInitializer) Current row collection key : org.frcpm.models.Project(22702427324500).milestones#3
13:10:13.212 [main] DEBUG org.hibernate.orm.results.loading.org.hibernate.orm.results.loading.collection - (DelayedCollectionInitializer) Current row collection key : org.frcpm.models.Project(22702427324500).tasks#3
13:10:13.212 [main] DEBUG org.hibernate.orm.results.loading.entity - (EntityResultInitializer) Created new entity instance [org.frcpm.models.Project(22702427324500)#3] : 1286383725
13:10:13.212 [main] DEBUG org.hibernate.orm.results - Extracted JDBC value [1] - [null]
13:10:13.212 [main] DEBUG org.hibernate.orm.results - Extracted JDBC value [2] - [2025-05-09]
13:10:13.212 [main] DEBUG org.hibernate.orm.results - Extracted JDBC value [3] - [2025-05-23]
13:10:13.212 [main] DEBUG org.hibernate.orm.results - Extracted JDBC value [4] - [Test Base Count Project]
13:10:13.212 [main] DEBUG org.hibernate.orm.results - Extracted JDBC value [5] - [2025-04-11]
13:10:13.212 [main] DEBUG org.hibernate.orm.results.loading.entity - (EntityResultInitializer) Done materializing entityInstance : org.frcpm.models.Project(22702427324500)#3
13:10:13.212 [main] DEBUG org.hibernate.orm.results.loading - Calling top-level assembler (0 / 1) : org.hibernate.sql.results.graph.entity.internal.EntityAssembler@ac71bd7
13:10:13.212 [main] DEBUG org.hibernate.resource.jdbc.internal.LogicalConnectionManagedImpl - Initiating JDBC connection release from afterTransaction
13:10:13.212 [main] DEBUG org.hibernate.resource.jdbc.internal.LogicalConnectionManagedImpl - Initiating JDBC connection release from afterTransaction
13:10:13.212 [main] DEBUG org.hibernate.engine.transaction.internal.TransactionImpl - On TransactionImpl creation, JpaCompliance#isJpaTransactionComplianceEnabled == false
13:10:13.212 [main] DEBUG org.hibernate.engine.transaction.internal.TransactionImpl - begin
13:10:13.212 [main] DEBUG org.hibernate.orm.sql.ast.create - Created new SQL alias : p1_0
13:10:13.212 [main] DEBUG org.hibernate.orm.sql.ast.create - Registration of TableGroup [StandardTableGroup(org.frcpm.models.Project)] with identifierForTableGroup [org.frcpm.models.Project] for NavigablePath [org.frcpm.models.Project] 
13:10:13.212 [main] DEBUG org.hibernate.orm.sql.ast.create - Created new SQL alias : m1_0
13:10:13.212 [main] DEBUG org.hibernate.orm.sql.ast.create - Registration of TableGroup [org.hibernate.sql.ast.tree.from.OneToManyTableGroup@d8f65a1] with identifierForTableGroup [org.frcpm.models.Project.meetings] for NavigablePath [org.frcpm.models.Project.meetings] 
13:10:13.212 [main] DEBUG org.hibernate.orm.sql.ast.create - Registration of TableGroup [StandardTableGroup(org.frcpm.models.Project.meetings.{element})] with identifierForTableGroup [org.frcpm.models.Project.meetings.{element}] for NavigablePath [org.frcpm.models.Project.meetings.{element}] 
13:10:13.213 [main] DEBUG org.hibernate.orm.sql.ast.create - Registration of TableGroup [org.hibernate.sql.ast.tree.from.LazyTableGroup@5014ccf9] with identifierForTableGroup [org.frcpm.models.Project.meetings.{element}.project] for NavigablePath [org.frcpm.models.Project.meetings.{element}.project] 
13:10:13.213 [main] DEBUG org.hibernate.orm.results.graph.AST - DomainResult Graph:
 \-EntityResultImpl [org.frcpm.models.Project]
 |  +-BasicFetch [org.frcpm.models.Project.description]
 |  +-BasicFetch [org.frcpm.models.Project.goalEndDate]
 |  +-BasicFetch [org.frcpm.models.Project.hardDeadline]
 |  +-EagerCollectionFetch [org.frcpm.models.Project.meetings]
 |  |  \-EntityFetchJoinedImpl [org.frcpm.models.Project.meetings.{element}]
 |  +-SelectEagerCollectionFetch [org.frcpm.models.Project.milestones]
 |  +-BasicFetch [org.frcpm.models.Project.name]
 |  +-BasicFetch [org.frcpm.models.Project.startDate]
 |  \-SelectEagerCollectionFetch [org.frcpm.models.Project.tasks]

13:10:13.213 [main] DEBUG org.hibernate.orm.sql.ast.tree - SQL AST Tree:
    SelectStatement {
      FromClause {
        StandardTableGroup (p1 : org.frcpm.models.Project) {
          primaryTableReference : projects as p1_0
          TableGroupJoins {
            left  join OneToManyTableGroup (m1 : org.frcpm.models.Project.meetings) {
              primaryTableReference : meetings as m1_0
              TableGroupJoins {
                left  join LazyTableGroup (p2 : org.frcpm.models.Project.meetings.{element}.project) {
                }
              }
            }
          }
        }
      }
    }

13:10:13.213 [main] DEBUG org.hibernate.orm.sql.exec - Skipping reading Query result cache data: cache-enabled = false, cache-mode = IGNORE
13:10:13.213 [main] DEBUG org.hibernate.orm.results - Initializer list:
	  org.frcpm.models.Project.meetings -> BagInitializer(org.frcpm.models.Project.meetings)@908134864 (PluralAttribute(org.frcpm.models.Project.meetings))
	  org.frcpm.models.Project.tasks -> SelectEagerCollectionInitializer(org.frcpm.models.Project.tasks)@1081458904 (PluralAttribute(org.frcpm.models.Project.tasks))
	  org.frcpm.models.Project.meetings.{element} -> EntityJoinedFetchInitializer(org.frcpm.models.Project.meetings.{element})@913354539 (EntityCollectionPart(org.frcpm.models.Project.meetings#{element})@2089105385)
	  org.frcpm.models.Project.meetings.{element}.attendances -> SelectEagerCollectionInitializer(org.frcpm.models.Project.meetings.{element}.attendances)@1121246752 (PluralAttribute(org.frcpm.models.Meeting.attendances))
	  org.frcpm.models.Project -> EntityResultInitializer(org.frcpm.models.Project)@751412642 (SingleTableEntityPersister(org.frcpm.models.Project))
	  org.frcpm.models.Project.milestones -> SelectEagerCollectionInitializer(org.frcpm.models.Project.milestones)@536043239 (PluralAttribute(org.frcpm.models.Project.milestones))

13:10:13.213 [main] DEBUG org.hibernate.SQL - 
    select
        p1_0.id,
        p1_0.description,
        p1_0.goal_end_date,
        p1_0.hard_deadline,
        p1_0.name,
        p1_0.start_date,
        m1_0.project_id,
        m1_0.id,
        m1_0.date,
        m1_0.end_time,
        m1_0.notes,
        m1_0.start_time 
    from
        projects p1_0 
    left join
        meetings m1_0 
            on p1_0.id=m1_0.project_id 
    where
        p1_0.id=?
Hibernate: 
    select
        p1_0.id,
        p1_0.description,
        p1_0.goal_end_date,
        p1_0.hard_deadline,
        p1_0.name,
        p1_0.start_date,
        m1_0.project_id,
        m1_0.id,
        m1_0.date,
        m1_0.end_time,
        m1_0.notes,
        m1_0.start_time 
    from
        projects p1_0 
    left join
        meetings m1_0 
            on p1_0.id=m1_0.project_id 
    where
        p1_0.id=?
13:10:13.214 [main] DEBUG org.hibernate.orm.results.loading.entity - (EntityResultInitializer) Hydrated EntityKey (org.frcpm.models.Project): 1
13:10:13.214 [main] DEBUG org.hibernate.orm.results.loading.org.hibernate.orm.results.loading.collection - (BagInitializer) Current row collection key : org.frcpm.models.Project.meetings#1
13:10:13.214 [main] DEBUG org.hibernate.orm.results - Extracted JDBC value [6] - [null]
13:10:13.214 [main] DEBUG org.hibernate.orm.results - Extracted JDBC value [7] - [null]
13:10:13.214 [main] DEBUG org.hibernate.orm.results.loading.entity - (EntityJoinedFetchInitializer) EntityKey (org.frcpm.models.Project.meetings.{element}) is null
13:10:13.214 [main] DEBUG org.hibernate.orm.results.loading.org.hibernate.orm.results.loading.collection - (SelectEagerCollectionInitializer) Current row collection key : org.frcpm.models.Project.milestones#1
13:10:13.214 [main] DEBUG org.hibernate.orm.results.loading.org.hibernate.orm.results.loading.collection - (SelectEagerCollectionInitializer) Current row collection key : org.frcpm.models.Project.tasks#1
13:10:13.214 [main] DEBUG org.hibernate.orm.results.loading.entity - (EntityResultInitializer) Created new entity instance [org.frcpm.models.Project#1] : 1339600638
13:10:13.214 [main] DEBUG org.hibernate.orm.results.loading.org.hibernate.orm.results.loading.collection - (BagInitializer) Created new collection wrapper [org.frcpm.models.Project.meetings#1] : org.hibernate.collection.spi.PersistentBag@1247401348
13:10:13.214 [main] DEBUG org.hibernate.orm.results.loading.org.hibernate.orm.results.loading.collection - (BagInitializer) Responsible for loading collection [org.frcpm.models.Project.meetings#1] : org.hibernate.collection.spi.PersistentBag@1247401348
13:10:13.214 [main] DEBUG org.hibernate.orm.results - Extracted JDBC value [1] - [null]
13:10:13.214 [main] DEBUG org.hibernate.orm.results - Extracted JDBC value [2] - [2025-05-23]
13:10:13.214 [main] DEBUG org.hibernate.orm.results - Extracted JDBC value [3] - [2025-06-06]
13:10:13.214 [main] DEBUG org.hibernate.orm.results - Extracted JDBC value [4] - [Test Base Project 1]
13:10:13.214 [main] DEBUG org.hibernate.orm.results - Extracted JDBC value [5] - [2025-04-11]
13:10:13.214 [main] DEBUG org.hibernate.orm.results.loading.entity - (EntityResultInitializer) Done materializing entityInstance : org.frcpm.models.Project#1
13:10:13.214 [main] DEBUG org.hibernate.orm.results.loading - Calling top-level assembler (0 / 1) : org.hibernate.sql.results.graph.entity.internal.EntityAssembler@2b43eb71
13:10:13.214 [main] DEBUG org.hibernate.sql.results.internal.ResultsHelper - Collection fully initialized: [org.frcpm.models.Project.meetings#1]
13:10:13.214 [main] DEBUG org.hibernate.orm.sql.exec - Skipping reading Query result cache data: cache-enabled = false, cache-mode = IGNORE
13:10:13.215 [main] DEBUG org.hibernate.orm.results - Initializer list:
	  org.frcpm.models.Project.tasks.{element}.assignedTo -> DelayedCollectionInitializer(org.frcpm.models.Project.tasks.{element}.assignedTo)@791871080 (PluralAttribute(org.frcpm.models.Task.assignedTo))
	  org.frcpm.models.Project.tasks.{element}.postDependencies -> DelayedCollectionInitializer(org.frcpm.models.Project.tasks.{element}.postDependencies)@268932426 (PluralAttribute(org.frcpm.models.Task.postDependencies))
	  org.frcpm.models.Project.tasks.{element} -> EntityJoinedFetchInitializer(org.frcpm.models.Project.tasks.{element})@17264833 (EntityCollectionPart(org.frcpm.models.Project.tasks#{element})@900402163)
	  org.frcpm.models.Project.tasks.{element}.requiredComponents -> DelayedCollectionInitializer(org.frcpm.models.Project.tasks.{element}.requiredComponents)@231891600 (PluralAttribute(org.frcpm.models.Task.requiredComponents))
	  org.frcpm.models.Project.tasks.{element}.project -> EntityDelayedFetchInitializer(org.frcpm.models.Project.tasks.{element}.project)@567479205 (ToOneAttributeMapping(NavigableRole[org.frcpm.models.Task.project])@459859494)
	  org.frcpm.models.Project.tasks.{element}.subsystem -> EntityDelayedFetchInitializer(org.frcpm.models.Project.tasks.{element}.subsystem)@1987154475 (ToOneAttributeMapping(NavigableRole[org.frcpm.models.Task.subsystem])@1747564695)
	  org.frcpm.models.Project.tasks.{element}.preDependencies -> DelayedCollectionInitializer(org.frcpm.models.Project.tasks.{element}.preDependencies)@1369311252 (PluralAttribute(org.frcpm.models.Task.preDependencies))
	  org.frcpm.models.Project.tasks -> BagInitializer(org.frcpm.models.Project.tasks)@219913687 (PluralAttribute(org.frcpm.models.Project.tasks))

13:10:13.215 [main] DEBUG org.hibernate.SQL - 
    select
        t1_0.project_id,
        t1_0.id,
        t1_0.actual_duration_seconds,
        t1_0.completed,
        t1_0.description,
        t1_0.end_date,
        t1_0.estimated_duration_seconds,
        t1_0.priority,
        t1_0.progress,
        t1_0.start_date,
        t1_0.subsystem_id,
        t1_0.title 
    from
        tasks t1_0 
    where
        t1_0.project_id=?
Hibernate: 
    select
        t1_0.project_id,
        t1_0.id,
        t1_0.actual_duration_seconds,
        t1_0.completed,
        t1_0.description,
        t1_0.end_date,
        t1_0.estimated_duration_seconds,
        t1_0.priority,
        t1_0.progress,
        t1_0.start_date,
        t1_0.subsystem_id,
        t1_0.title 
    from
        tasks t1_0 
    where
        t1_0.project_id=?
13:10:13.216 [main] DEBUG org.hibernate.sql.results.internal.ResultsHelper - Collection fully initialized: [org.frcpm.models.Project.tasks#1]
13:10:13.216 [main] DEBUG org.hibernate.orm.sql.exec - Skipping reading Query result cache data: cache-enabled = false, cache-mode = IGNORE
13:10:13.216 [main] DEBUG org.hibernate.orm.results - Initializer list:
	  org.frcpm.models.Project.milestones.{element}.project -> EntityDelayedFetchInitializer(org.frcpm.models.Project.milestones.{element}.project)@1941322007 (ToOneAttributeMapping(NavigableRole[org.frcpm.models.Milestone.project])@580052883)
	  org.frcpm.models.Project.milestones.{element} -> EntityJoinedFetchInitializer(org.frcpm.models.Project.milestones.{element})@1490901066 (EntityCollectionPart(org.frcpm.models.Project.milestones#{element})@1084448998)
	  org.frcpm.models.Project.milestones -> BagInitializer(org.frcpm.models.Project.milestones)@35624804 (PluralAttribute(org.frcpm.models.Project.milestones))

13:10:13.216 [main] DEBUG org.hibernate.SQL - 
    select
        m1_0.project_id,
        m1_0.id,
        m1_0.date,
        m1_0.description,
        m1_0.name 
    from
        milestones m1_0 
    where
        m1_0.project_id=?
Hibernate: 
    select
        m1_0.project_id,
        m1_0.id,
        m1_0.date,
        m1_0.description,
        m1_0.name 
    from
        milestones m1_0 
    where
        m1_0.project_id=?
13:10:13.217 [main] DEBUG org.hibernate.sql.results.internal.ResultsHelper - Collection fully initialized: [org.frcpm.models.Project.milestones#1]
13:10:13.218 [main] DEBUG org.hibernate.engine.transaction.internal.TransactionImpl - committing
13:10:13.218 [main] DEBUG org.hibernate.event.internal.AbstractFlushingEventListener - Processing flush-time cascades
13:10:13.218 [main] DEBUG org.hibernate.event.internal.AbstractFlushingEventListener - Dirty checking collections
13:10:13.218 [main] DEBUG org.hibernate.engine.internal.Collections - Collection dereferenced: [org.frcpm.models.Project.meetings#1]
13:10:13.218 [main] DEBUG org.hibernate.engine.internal.Collections - Collection dereferenced: [org.frcpm.models.Project.milestones#1]
13:10:13.218 [main] DEBUG org.hibernate.engine.internal.Collections - Collection dereferenced: [org.frcpm.models.Project.tasks#1]
13:10:13.218 [main] DEBUG org.hibernate.event.internal.AbstractFlushingEventListener - Flushed: 0 insertions, 0 updates, 1 deletions to 1 objects
13:10:13.218 [main] DEBUG org.hibernate.event.internal.AbstractFlushingEventListener - Flushed: 0 (re)creations, 0 updates, 3 removals to 3 collections
13:10:13.218 [main] DEBUG org.hibernate.internal.util.EntityPrinter - Listing entities:
13:10:13.218 [main] DEBUG org.hibernate.internal.util.EntityPrinter - org.frcpm.models.Project{hardDeadline=2025-06-06, name=Test Base Project 1, description=null, meetings=[], id=1, goalEndDate=2025-05-23, milestones=[], startDate=2025-04-11, tasks=[]}
13:10:13.219 [main] DEBUG org.hibernate.SQL - 
    /* delete for org.frcpm.models.Project */delete 
    from
        projects 
    where
        id=?
Hibernate: 
    /* delete for org.frcpm.models.Project */delete 
    from
        projects 
    where
        id=?
13:10:13.219 [main] DEBUG org.hibernate.orm.jdbc.batch - PreparedStatementDetails did not contain PreparedStatement on #releaseStatements : /* delete for org.frcpm.models.Project */delete from projects where id=?
13:10:13.220 [main] DEBUG org.hibernate.orm.jdbc.batch - PreparedStatementDetails did not contain PreparedStatement on #releaseStatements : /* delete for org.frcpm.models.Project */delete from projects where id=?
13:10:13.220 [main] DEBUG org.hibernate.resource.jdbc.internal.LogicalConnectionManagedImpl - Initiating JDBC connection release from afterTransaction
13:10:13.220 [main] DEBUG org.hibernate.orm.jdbc.batch - PreparedStatementDetails did not contain PreparedStatement on #releaseStatements : /* delete for org.frcpm.models.Project */delete from projects where id=?
13:10:13.220 [main] DEBUG org.hibernate.orm.jdbc.batch - PreparedStatementDetails did not contain PreparedStatement on #releaseStatements : /* delete for org.frcpm.models.Project */delete from projects where id=?
13:10:13.220 [main] DEBUG org.hibernate.resource.jdbc.internal.LogicalConnectionManagedImpl - Initiating JDBC connection release from afterTransaction
13:10:13.220 [main] DEBUG org.hibernate.engine.jdbc.internal.JdbcCoordinatorImpl - HHH000420: Closing un-released batch
13:10:13.220 [main] DEBUG org.hibernate.orm.jdbc.batch - PreparedStatementDetails did not contain PreparedStatement on #releaseStatements : /* delete for org.frcpm.models.Project */delete from projects where id=?
13:10:13.220 [main] DEBUG org.hibernate.orm.jdbc.batch - PreparedStatementDetails did not contain PreparedStatement on #releaseStatements : /* delete for org.frcpm.models.Project */delete from projects where id=?
13:10:13.220 [main] DEBUG org.hibernate.engine.transaction.internal.TransactionImpl - On TransactionImpl creation, JpaCompliance#isJpaTransactionComplianceEnabled == false
13:10:13.221 [main] DEBUG org.hibernate.engine.transaction.internal.TransactionImpl - begin
13:10:13.221 [main] DEBUG org.hibernate.orm.sql.exec - Skipping reading Query result cache data: cache-enabled = false, cache-mode = IGNORE
13:10:13.222 [main] DEBUG org.hibernate.orm.results - Initializer list:
	  org.frcpm.models.Project.meetings -> BagInitializer(org.frcpm.models.Project.meetings)@537705315 (PluralAttribute(org.frcpm.models.Project.meetings))
	  org.frcpm.models.Project.tasks -> SelectEagerCollectionInitializer(org.frcpm.models.Project.tasks)@900432807 (PluralAttribute(org.frcpm.models.Project.tasks))
	  org.frcpm.models.Project.meetings.{element} -> EntityJoinedFetchInitializer(org.frcpm.models.Project.meetings.{element})@2054592756 (EntityCollectionPart(org.frcpm.models.Project.meetings#{element})@2089105385)
	  org.frcpm.models.Project.meetings.{element}.attendances -> SelectEagerCollectionInitializer(org.frcpm.models.Project.meetings.{element}.attendances)@290502947 (PluralAttribute(org.frcpm.models.Meeting.attendances))
	  org.frcpm.models.Project -> EntityResultInitializer(org.frcpm.models.Project)@1422053321 (SingleTableEntityPersister(org.frcpm.models.Project))
	  org.frcpm.models.Project.milestones -> SelectEagerCollectionInitializer(org.frcpm.models.Project.milestones)@1033750605 (PluralAttribute(org.frcpm.models.Project.milestones))

13:10:13.222 [main] DEBUG org.hibernate.SQL - 
    select
        p1_0.id,
        p1_0.description,
        p1_0.goal_end_date,
        p1_0.hard_deadline,
        p1_0.name,
        p1_0.start_date,
        m1_0.project_id,
        m1_0.id,
        m1_0.date,
        m1_0.end_time,
        m1_0.notes,
        m1_0.start_time 
    from
        projects p1_0 
    left join
        meetings m1_0 
            on p1_0.id=m1_0.project_id 
    where
        p1_0.id=?
Hibernate: 
    select
        p1_0.id,
        p1_0.description,
        p1_0.goal_end_date,
        p1_0.hard_deadline,
        p1_0.name,
        p1_0.start_date,
        m1_0.project_id,
        m1_0.id,
        m1_0.date,
        m1_0.end_time,
        m1_0.notes,
        m1_0.start_time 
    from
        projects p1_0 
    left join
        meetings m1_0 
            on p1_0.id=m1_0.project_id 
    where
        p1_0.id=?
13:10:13.222 [main] DEBUG org.hibernate.orm.results.loading.entity - (EntityResultInitializer) Hydrated EntityKey (org.frcpm.models.Project): 2
13:10:13.222 [main] DEBUG org.hibernate.orm.results.loading.org.hibernate.orm.results.loading.collection - (BagInitializer) Current row collection key : org.frcpm.models.Project.meetings#2
13:10:13.222 [main] DEBUG org.hibernate.orm.results - Extracted JDBC value [6] - [null]
13:10:13.222 [main] DEBUG org.hibernate.orm.results - Extracted JDBC value [7] - [null]
13:10:13.222 [main] DEBUG org.hibernate.orm.results.loading.entity - (EntityJoinedFetchInitializer) EntityKey (org.frcpm.models.Project.meetings.{element}) is null
13:10:13.222 [main] DEBUG org.hibernate.orm.results.loading.org.hibernate.orm.results.loading.collection - (SelectEagerCollectionInitializer) Current row collection key : org.frcpm.models.Project.milestones#2
13:10:13.222 [main] DEBUG org.hibernate.orm.results.loading.org.hibernate.orm.results.loading.collection - (SelectEagerCollectionInitializer) Current row collection key : org.frcpm.models.Project.tasks#2
13:10:13.222 [main] DEBUG org.hibernate.orm.results.loading.entity - (EntityResultInitializer) Created new entity instance [org.frcpm.models.Project#2] : 630278015
13:10:13.222 [main] DEBUG org.hibernate.orm.results.loading.org.hibernate.orm.results.loading.collection - (BagInitializer) Created new collection wrapper [org.frcpm.models.Project.meetings#2] : org.hibernate.collection.spi.PersistentBag@1981627424
13:10:13.223 [main] DEBUG org.hibernate.orm.results.loading.org.hibernate.orm.results.loading.collection - (BagInitializer) Responsible for loading collection [org.frcpm.models.Project.meetings#2] : org.hibernate.collection.spi.PersistentBag@1981627424
13:10:13.223 [main] DEBUG org.hibernate.orm.results - Extracted JDBC value [1] - [null]
13:10:13.223 [main] DEBUG org.hibernate.orm.results - Extracted JDBC value [2] - [2025-06-06]
13:10:13.223 [main] DEBUG org.hibernate.orm.results - Extracted JDBC value [3] - [2025-06-20]
13:10:13.223 [main] DEBUG org.hibernate.orm.results - Extracted JDBC value [4] - [Test Base Project 2]
13:10:13.223 [main] DEBUG org.hibernate.orm.results - Extracted JDBC value [5] - [2025-04-18]
13:10:13.223 [main] DEBUG org.hibernate.orm.results.loading.entity - (EntityResultInitializer) Done materializing entityInstance : org.frcpm.models.Project#2
13:10:13.223 [main] DEBUG org.hibernate.orm.results.loading - Calling top-level assembler (0 / 1) : org.hibernate.sql.results.graph.entity.internal.EntityAssembler@24df4805
13:10:13.223 [main] DEBUG org.hibernate.sql.results.internal.ResultsHelper - Collection fully initialized: [org.frcpm.models.Project.meetings#2]
13:10:13.223 [main] DEBUG org.hibernate.orm.sql.exec - Skipping reading Query result cache data: cache-enabled = false, cache-mode = IGNORE
13:10:13.223 [main] DEBUG org.hibernate.orm.results - Initializer list:
	  org.frcpm.models.Project.tasks.{element}.assignedTo -> DelayedCollectionInitializer(org.frcpm.models.Project.tasks.{element}.assignedTo)@1002212482 (PluralAttribute(org.frcpm.models.Task.assignedTo))
	  org.frcpm.models.Project.tasks.{element}.postDependencies -> DelayedCollectionInitializer(org.frcpm.models.Project.tasks.{element}.postDependencies)@1430590333 (PluralAttribute(org.frcpm.models.Task.postDependencies))
	  org.frcpm.models.Project.tasks.{element} -> EntityJoinedFetchInitializer(org.frcpm.models.Project.tasks.{element})@212015831 (EntityCollectionPart(org.frcpm.models.Project.tasks#{element})@900402163)
	  org.frcpm.models.Project.tasks.{element}.requiredComponents -> DelayedCollectionInitializer(org.frcpm.models.Project.tasks.{element}.requiredComponents)@1390601254 (PluralAttribute(org.frcpm.models.Task.requiredComponents))
	  org.frcpm.models.Project.tasks.{element}.project -> EntityDelayedFetchInitializer(org.frcpm.models.Project.tasks.{element}.project)@224770660 (ToOneAttributeMapping(NavigableRole[org.frcpm.models.Task.project])@459859494)
	  org.frcpm.models.Project.tasks.{element}.subsystem -> EntityDelayedFetchInitializer(org.frcpm.models.Project.tasks.{element}.subsystem)@1892060750 (ToOneAttributeMapping(NavigableRole[org.frcpm.models.Task.subsystem])@1747564695)
	  org.frcpm.models.Project.tasks.{element}.preDependencies -> DelayedCollectionInitializer(org.frcpm.models.Project.tasks.{element}.preDependencies)@1688684323 (PluralAttribute(org.frcpm.models.Task.preDependencies))
	  org.frcpm.models.Project.tasks -> BagInitializer(org.frcpm.models.Project.tasks)@564218949 (PluralAttribute(org.frcpm.models.Project.tasks))

13:10:13.223 [main] DEBUG org.hibernate.SQL - 
    select
        t1_0.project_id,
        t1_0.id,
        t1_0.actual_duration_seconds,
        t1_0.completed,
        t1_0.description,
        t1_0.end_date,
        t1_0.estimated_duration_seconds,
        t1_0.priority,
        t1_0.progress,
        t1_0.start_date,
        t1_0.subsystem_id,
        t1_0.title 
    from
        tasks t1_0 
    where
        t1_0.project_id=?
Hibernate: 
    select
        t1_0.project_id,
        t1_0.id,
        t1_0.actual_duration_seconds,
        t1_0.completed,
        t1_0.description,
        t1_0.end_date,
        t1_0.estimated_duration_seconds,
        t1_0.priority,
        t1_0.progress,
        t1_0.start_date,
        t1_0.subsystem_id,
        t1_0.title 
    from
        tasks t1_0 
    where
        t1_0.project_id=?
13:10:13.223 [main] DEBUG org.hibernate.sql.results.internal.ResultsHelper - Collection fully initialized: [org.frcpm.models.Project.tasks#2]
13:10:13.223 [main] DEBUG org.hibernate.orm.sql.exec - Skipping reading Query result cache data: cache-enabled = false, cache-mode = IGNORE
13:10:13.224 [main] DEBUG org.hibernate.orm.results - Initializer list:
	  org.frcpm.models.Project.milestones.{element}.project -> EntityDelayedFetchInitializer(org.frcpm.models.Project.milestones.{element}.project)@461895629 (ToOneAttributeMapping(NavigableRole[org.frcpm.models.Milestone.project])@580052883)
	  org.frcpm.models.Project.milestones.{element} -> EntityJoinedFetchInitializer(org.frcpm.models.Project.milestones.{element})@812598172 (EntityCollectionPart(org.frcpm.models.Project.milestones#{element})@1084448998)
	  org.frcpm.models.Project.milestones -> BagInitializer(org.frcpm.models.Project.milestones)@180804098 (PluralAttribute(org.frcpm.models.Project.milestones))

13:10:13.224 [main] DEBUG org.hibernate.SQL - 
    select
        m1_0.project_id,
        m1_0.id,
        m1_0.date,
        m1_0.description,
        m1_0.name 
    from
        milestones m1_0 
    where
        m1_0.project_id=?
Hibernate: 
    select
        m1_0.project_id,
        m1_0.id,
        m1_0.date,
        m1_0.description,
        m1_0.name 
    from
        milestones m1_0 
    where
        m1_0.project_id=?
13:10:13.224 [main] DEBUG org.hibernate.sql.results.internal.ResultsHelper - Collection fully initialized: [org.frcpm.models.Project.milestones#2]
13:10:13.224 [main] DEBUG org.hibernate.engine.transaction.internal.TransactionImpl - committing
13:10:13.224 [main] DEBUG org.hibernate.event.internal.AbstractFlushingEventListener - Processing flush-time cascades
13:10:13.224 [main] DEBUG org.hibernate.event.internal.AbstractFlushingEventListener - Dirty checking collections
13:10:13.224 [main] DEBUG org.hibernate.engine.internal.Collections - Collection dereferenced: [org.frcpm.models.Project.meetings#2]
13:10:13.224 [main] DEBUG org.hibernate.engine.internal.Collections - Collection dereferenced: [org.frcpm.models.Project.milestones#2]
13:10:13.225 [main] DEBUG org.hibernate.engine.internal.Collections - Collection dereferenced: [org.frcpm.models.Project.tasks#2]
13:10:13.225 [main] DEBUG org.hibernate.event.internal.AbstractFlushingEventListener - Flushed: 0 insertions, 0 updates, 1 deletions to 1 objects
13:10:13.225 [main] DEBUG org.hibernate.event.internal.AbstractFlushingEventListener - Flushed: 0 (re)creations, 0 updates, 3 removals to 3 collections
13:10:13.225 [main] DEBUG org.hibernate.internal.util.EntityPrinter - Listing entities:
13:10:13.225 [main] DEBUG org.hibernate.internal.util.EntityPrinter - org.frcpm.models.Project{hardDeadline=2025-06-20, name=Test Base Project 2, description=null, meetings=[], id=2, goalEndDate=2025-06-06, milestones=[], startDate=2025-04-18, tasks=[]}
13:10:13.225 [main] DEBUG org.hibernate.SQL - 
    /* delete for org.frcpm.models.Project */delete 
    from
        projects 
    where
        id=?
Hibernate: 
    /* delete for org.frcpm.models.Project */delete 
    from
        projects 
    where
        id=?
13:10:13.226 [main] DEBUG org.hibernate.orm.jdbc.batch - PreparedStatementDetails did not contain PreparedStatement on #releaseStatements : /* delete for org.frcpm.models.Project */delete from projects where id=?
13:10:13.226 [main] DEBUG org.hibernate.orm.jdbc.batch - PreparedStatementDetails did not contain PreparedStatement on #releaseStatements : /* delete for org.frcpm.models.Project */delete from projects where id=?
13:10:13.226 [main] DEBUG org.hibernate.resource.jdbc.internal.LogicalConnectionManagedImpl - Initiating JDBC connection release from afterTransaction
13:10:13.226 [main] DEBUG org.hibernate.orm.jdbc.batch - PreparedStatementDetails did not contain PreparedStatement on #releaseStatements : /* delete for org.frcpm.models.Project */delete from projects where id=?
13:10:13.226 [main] DEBUG org.hibernate.orm.jdbc.batch - PreparedStatementDetails did not contain PreparedStatement on #releaseStatements : /* delete for org.frcpm.models.Project */delete from projects where id=?
13:10:13.226 [main] DEBUG org.hibernate.resource.jdbc.internal.LogicalConnectionManagedImpl - Initiating JDBC connection release from afterTransaction
13:10:13.226 [main] DEBUG org.hibernate.engine.jdbc.internal.JdbcCoordinatorImpl - HHH000420: Closing un-released batch
13:10:13.226 [main] DEBUG org.hibernate.orm.jdbc.batch - PreparedStatementDetails did not contain PreparedStatement on #releaseStatements : /* delete for org.frcpm.models.Project */delete from projects where id=?
13:10:13.226 [main] DEBUG org.hibernate.orm.jdbc.batch - PreparedStatementDetails did not contain PreparedStatement on #releaseStatements : /* delete for org.frcpm.models.Project */delete from projects where id=?
13:10:13.226 [main] DEBUG org.hibernate.internal.SessionFactoryImpl - HHH000031: Closing
13:10:13.226 [main] DEBUG org.hibernate.tool.schema.internal.SchemaDropperImpl$DelayedDropActionImpl - HHH000477: Starting delayed evictData of schema as part of SessionFactory shut-down'
13:10:13.226 [main] DEBUG org.hibernate.SQL - 
    drop table if exists attendances cascade 
Hibernate: 
    drop table if exists attendances cascade 
13:10:13.227 [main] DEBUG org.hibernate.SQL - 
    drop table if exists components cascade 
Hibernate: 
    drop table if exists components cascade 
13:10:13.227 [main] DEBUG org.hibernate.SQL - 
    drop table if exists meetings cascade 
Hibernate: 
    drop table if exists meetings cascade 
13:10:13.227 [main] DEBUG org.hibernate.SQL - 
    drop table if exists milestones cascade 
Hibernate: 
    drop table if exists milestones cascade 
13:10:13.227 [main] DEBUG org.hibernate.SQL - 
    drop table if exists projects cascade 
Hibernate: 
    drop table if exists projects cascade 
13:10:13.228 [main] DEBUG org.hibernate.SQL - 
    drop table if exists subsystems cascade 
Hibernate: 
    drop table if exists subsystems cascade 
13:10:13.229 [main] DEBUG org.hibernate.SQL - 
    drop table if exists subteams cascade 
Hibernate: 
    drop table if exists subteams cascade 
13:10:13.231 [main] DEBUG org.hibernate.SQL - 
    drop table if exists task_assignments cascade 
Hibernate: 
    drop table if exists task_assignments cascade 
13:10:13.232 [main] DEBUG org.hibernate.SQL - 
    drop table if exists task_components cascade 
Hibernate: 
    drop table if exists task_components cascade 
13:10:13.232 [main] DEBUG org.hibernate.SQL - 
    drop table if exists task_dependencies cascade 
Hibernate: 
    drop table if exists task_dependencies cascade 
13:10:13.233 [main] DEBUG org.hibernate.SQL - 
    drop table if exists tasks cascade 
Hibernate: 
    drop table if exists tasks cascade 
13:10:13.233 [main] DEBUG org.hibernate.SQL - 
    drop table if exists team_members cascade 
Hibernate: 
    drop table if exists team_members cascade 
13:10:13.234 [main] DEBUG org.hibernate.type.spi.TypeConfiguration$Scope - Un-scoping TypeConfiguration [org.hibernate.type.spi.TypeConfiguration$Scope@24032706] from SessionFactory [org.hibernate.internal.SessionFactoryImpl@335ff774]
13:10:13.234 [main] DEBUG org.hibernate.service.internal.AbstractServiceRegistryImpl - Implicitly destroying ServiceRegistry on de-registration of all child ServiceRegistries
13:10:13.234 [main] INFO com.zaxxer.hikari.HikariDataSource - FRC-PM-HikariCP - Shutdown initiated...
13:10:13.234 [main] DEBUG com.zaxxer.hikari.pool.HikariPool - FRC-PM-HikariCP - Before shutdown stats (total=2, active=0, idle=2, waiting=0)
13:10:13.236 [FRC-PM-HikariCP connection closer] DEBUG com.zaxxer.hikari.pool.PoolBase - FRC-PM-HikariCP - Closing connection conn8: url=jdbc:h2:mem:testdb user=SA: (connection evicted)
13:10:13.237 [FRC-PM-HikariCP connection closer] DEBUG com.zaxxer.hikari.pool.PoolBase - FRC-PM-HikariCP - Closing connection conn12: url=jdbc:h2:mem:testdb user=SA: (connection evicted)
13:10:13.237 [main] DEBUG com.zaxxer.hikari.pool.HikariPool - FRC-PM-HikariCP - After shutdown stats (total=0, active=0, idle=0, waiting=0)
13:10:13.237 [main] INFO com.zaxxer.hikari.HikariDataSource - FRC-PM-HikariCP - Shutdown completed.
13:10:13.237 [main] DEBUG org.hibernate.boot.registry.internal.BootstrapServiceRegistryImpl - Implicitly destroying Boot-strap registry on de-registration of all child ServiceRegistries
13:10:13.238 [main] INFO com.zaxxer.hikari.HikariDataSource - frcpm-hikari-pool - Shutdown initiated...
13:10:13.238 [main] DEBUG com.zaxxer.hikari.pool.HikariPool - frcpm-hikari-pool - Before shutdown stats (total=5, active=0, idle=5, waiting=0)
13:10:13.239 [frcpm-hikari-pool connection closer] DEBUG com.zaxxer.hikari.pool.PoolBase - frcpm-hikari-pool - Closing connection conn7: url=jdbc:h2:mem:testdb user=SA: (connection evicted)
13:10:13.239 [frcpm-hikari-pool connection closer] DEBUG com.zaxxer.hikari.pool.PoolBase - frcpm-hikari-pool - Closing connection conn9: url=jdbc:h2:mem:testdb user=SA: (connection evicted)
13:10:13.239 [frcpm-hikari-pool connection closer] DEBUG com.zaxxer.hikari.pool.PoolBase - frcpm-hikari-pool - Closing connection conn10: url=jdbc:h2:mem:testdb user=SA: (connection evicted)
13:10:13.239 [frcpm-hikari-pool connection closer] DEBUG com.zaxxer.hikari.pool.PoolBase - frcpm-hikari-pool - Closing connection conn11: url=jdbc:h2:mem:testdb user=SA: (connection evicted)
13:10:13.239 [frcpm-hikari-pool connection closer] DEBUG com.zaxxer.hikari.pool.PoolBase - frcpm-hikari-pool - Closing connection conn13: url=jdbc:h2:mem:testdb user=SA: (connection evicted)
13:10:13.240 [main] DEBUG com.zaxxer.hikari.pool.HikariPool - frcpm-hikari-pool - After shutdown stats (total=0, active=0, idle=0, waiting=0)
13:10:13.240 [main] INFO com.zaxxer.hikari.HikariDataSource - frcpm-hikari-pool - Shutdown completed.
]]></system-out>
    <system-err><![CDATA[Apr 11, 2025 1:10:12 PM org.frcpm.config.DatabaseConfig initialize
INFO: Initializing database configuration...
Apr 11, 2025 1:10:12 PM org.frcpm.config.DatabaseConfig initialize
INFO: Using JDBC URL: jdbc:h2:mem:testdb;DB_CLOSE_DELAY=-1
Apr 11, 2025 1:10:13 PM org.frcpm.config.DatabaseConfig initialize
INFO: Database configuration initialized successfully
Apr 11, 2025 1:10:13 PM org.frcpm.config.DatabaseConfig shutdown
INFO: Database configuration shut down
]]></system-err>
  </testcase>
  <testcase name="testSave" classname="org.frcpm.repositories.impl.JpaRepositoryImplTest" time="0.496">
    <system-out><![CDATA[13:10:13.242 [main] DEBUG com.zaxxer.hikari.HikariConfig - Driver class org.h2.Driver found in Thread context class loader jdk.internal.loader.ClassLoaders$AppClassLoader@70dea4e
13:10:13.243 [main] DEBUG com.zaxxer.hikari.HikariConfig - frcpm-hikari-pool - configuration:
13:10:13.243 [main] DEBUG com.zaxxer.hikari.HikariConfig - allowPoolSuspension.............false
13:10:13.243 [main] DEBUG com.zaxxer.hikari.HikariConfig - autoCommit......................true
13:10:13.243 [main] DEBUG com.zaxxer.hikari.HikariConfig - catalog.........................none
13:10:13.243 [main] DEBUG com.zaxxer.hikari.HikariConfig - connectionInitSql...............none
13:10:13.243 [main] DEBUG com.zaxxer.hikari.HikariConfig - connectionTestQuery.............none
13:10:13.243 [main] DEBUG com.zaxxer.hikari.HikariConfig - connectionTimeout...............30000
13:10:13.243 [main] DEBUG com.zaxxer.hikari.HikariConfig - dataSource......................none
13:10:13.243 [main] DEBUG com.zaxxer.hikari.HikariConfig - dataSourceClassName.............none
13:10:13.243 [main] DEBUG com.zaxxer.hikari.HikariConfig - dataSourceJNDI..................none
13:10:13.243 [main] DEBUG com.zaxxer.hikari.HikariConfig - dataSourceProperties............{password=<masked>}
13:10:13.243 [main] DEBUG com.zaxxer.hikari.HikariConfig - driverClassName................."org.h2.Driver"
13:10:13.243 [main] DEBUG com.zaxxer.hikari.HikariConfig - exceptionOverrideClassName......none
13:10:13.243 [main] DEBUG com.zaxxer.hikari.HikariConfig - healthCheckProperties...........{}
13:10:13.243 [main] DEBUG com.zaxxer.hikari.HikariConfig - healthCheckRegistry.............none
13:10:13.243 [main] DEBUG com.zaxxer.hikari.HikariConfig - idleTimeout.....................30000
13:10:13.243 [main] DEBUG com.zaxxer.hikari.HikariConfig - initializationFailTimeout.......1
13:10:13.243 [main] DEBUG com.zaxxer.hikari.HikariConfig - isolateInternalQueries..........false
13:10:13.243 [main] DEBUG com.zaxxer.hikari.HikariConfig - jdbcUrl.........................jdbc:h2:mem:testdb;DB_CLOSE_DELAY=-1
13:10:13.243 [main] DEBUG com.zaxxer.hikari.HikariConfig - keepaliveTime...................0
13:10:13.243 [main] DEBUG com.zaxxer.hikari.HikariConfig - leakDetectionThreshold..........0
13:10:13.243 [main] DEBUG com.zaxxer.hikari.HikariConfig - maxLifetime.....................1800000
13:10:13.243 [main] DEBUG com.zaxxer.hikari.HikariConfig - maximumPoolSize.................10
13:10:13.243 [main] DEBUG com.zaxxer.hikari.HikariConfig - metricRegistry..................none
13:10:13.243 [main] DEBUG com.zaxxer.hikari.HikariConfig - metricsTrackerFactory...........none
13:10:13.243 [main] DEBUG com.zaxxer.hikari.HikariConfig - minimumIdle.....................5
13:10:13.243 [main] DEBUG com.zaxxer.hikari.HikariConfig - password........................<masked>
13:10:13.243 [main] DEBUG com.zaxxer.hikari.HikariConfig - poolName........................"frcpm-hikari-pool"
13:10:13.243 [main] DEBUG com.zaxxer.hikari.HikariConfig - readOnly........................false
13:10:13.243 [main] DEBUG com.zaxxer.hikari.HikariConfig - registerMbeans..................false
13:10:13.243 [main] DEBUG com.zaxxer.hikari.HikariConfig - scheduledExecutor...............none
13:10:13.243 [main] DEBUG com.zaxxer.hikari.HikariConfig - schema..........................none
13:10:13.243 [main] DEBUG com.zaxxer.hikari.HikariConfig - threadFactory...................internal
13:10:13.243 [main] DEBUG com.zaxxer.hikari.HikariConfig - transactionIsolation............default
13:10:13.243 [main] DEBUG com.zaxxer.hikari.HikariConfig - username........................"sa"
13:10:13.243 [main] DEBUG com.zaxxer.hikari.HikariConfig - validationTimeout...............5000
13:10:13.243 [main] INFO com.zaxxer.hikari.HikariDataSource - frcpm-hikari-pool - Starting...
13:10:13.244 [main] INFO com.zaxxer.hikari.pool.HikariPool - frcpm-hikari-pool - Added connection conn14: url=jdbc:h2:mem:testdb user=SA
13:10:13.244 [main] INFO com.zaxxer.hikari.HikariDataSource - frcpm-hikari-pool - Start completed.
13:10:13.253 [main] DEBUG org.hibernate.jpa.HibernatePersistenceProvider - Located and parsed 1 persistence units; checking each
13:10:13.253 [main] DEBUG org.hibernate.jpa.HibernatePersistenceProvider - Checking persistence-unit [name=frcpm, explicit-provider=org.hibernate.jpa.HibernatePersistenceProvider] against incoming persistence unit name [frcpm]
13:10:13.253 [main] DEBUG org.hibernate.jpa.boot.spi.ProviderChecker - Persistence-unit [frcpm] requested PersistenceProvider [org.hibernate.jpa.HibernatePersistenceProvider]
13:10:13.253 [main] DEBUG org.hibernate.jpa.internal.util.LogHelper - PersistenceUnitInfo [
	name: frcpm
	persistence provider classname: org.hibernate.jpa.HibernatePersistenceProvider
	classloader: null
	excludeUnlistedClasses: false
	JTA datasource: null
	Non JTA datasource: null
	Transaction type: RESOURCE_LOCAL
	PU root URL: file:/C:/Users/dhiebert/Local%20Repositories/Project%20Management%202.0/target/classes
	Shared Cache Mode: null
	Validation Mode: null
	Jar files URLs []
	Managed classes names [
		org.frcpm.models.Project
		org.frcpm.models.Subteam
		org.frcpm.models.TeamMember
		org.frcpm.models.Subsystem
		org.frcpm.models.Task
		org.frcpm.models.Component
		org.frcpm.models.Meeting
		org.frcpm.models.Attendance
		org.frcpm.models.Milestone]
	Mapping files names []
	Properties [
		hibernate.connection.handling_mode: DELAYED_ACQUISITION_AND_RELEASE_AFTER_STATEMENT
		jakarta.persistence.jdbc.url: jdbc:h2:mem:testdb;DB_CLOSE_DELAY=-1
		hibernate.jdbc.batch_versioned_data: true
		hibernate.cache.use_second_level_cache: false
		hibernate.show_sql: true
		jakarta.persistence.jdbc.driver: org.h2.Driver
		hibernate.jdbc.batch_size: 30
		jakarta.persistence.jdbc.user: sa
		hibernate.generate_statistics: false
		hibernate.hbm2ddl.auto: create-drop
		hibernate.cache.use_query_cache: false
		hibernate.hikari.maximumPoolSize: 10
		hibernate.hikari.idleTimeout: 30000
		hibernate.format_sql: true
		hibernate.hikari.minimumIdle: 2
		hibernate.use_sql_comments: true
		hibernate.order_inserts: true
		hibernate.current_session_context_class: thread
		hibernate.connection.provider_class: org.hibernate.hikaricp.internal.HikariCPConnectionProvider
		hibernate.hikari.connectionTimeout: 10000
		hibernate.hikari.poolName: FRC-PM-HikariCP
		hibernate.order_updates: true
		hibernate.dialect: org.hibernate.dialect.H2Dialect
		jakarta.persistence.jdbc.password: ]
13:10:13.254 [main] DEBUG org.hibernate.integrator.internal.IntegratorServiceImpl - Adding Integrator [org.hibernate.boot.beanvalidation.BeanValidationIntegrator].
13:10:13.254 [main] DEBUG org.hibernate.integrator.internal.IntegratorServiceImpl - Adding Integrator [org.hibernate.cache.internal.CollectionCacheInvalidator].
13:10:13.261 [main] DEBUG org.hibernate.orm.idgen.factory - Ignoring CDI for resolving IdentifierGenerator instances as extended or delayed CDI support was enabled
13:10:13.261 [main] DEBUG org.hibernate.orm.idgen.factory - Registering IdentifierGenerator strategy [uuid2] -> [org.hibernate.id.UUIDGenerator]
13:10:13.261 [main] DEBUG org.hibernate.orm.idgen.factory - Registering IdentifierGenerator strategy [guid] -> [org.hibernate.id.GUIDGenerator]
13:10:13.261 [main] DEBUG org.hibernate.orm.idgen.factory - Registering IdentifierGenerator strategy [uuid] -> [org.hibernate.id.UUIDHexGenerator]
13:10:13.261 [main] DEBUG org.hibernate.orm.idgen.factory - Registering IdentifierGenerator strategy [uuid.hex] -> [org.hibernate.id.UUIDHexGenerator]
13:10:13.261 [main] DEBUG org.hibernate.orm.idgen.factory - Registering IdentifierGenerator strategy [assigned] -> [org.hibernate.id.Assigned]
13:10:13.261 [main] DEBUG org.hibernate.orm.idgen.factory - Registering IdentifierGenerator strategy [identity] -> [org.hibernate.id.IdentityGenerator]
13:10:13.261 [main] DEBUG org.hibernate.orm.idgen.factory - Registering IdentifierGenerator strategy [select] -> [org.hibernate.id.SelectGenerator]
13:10:13.262 [main] DEBUG org.hibernate.orm.idgen.factory - Registering IdentifierGenerator strategy [sequence] -> [org.hibernate.id.enhanced.SequenceStyleGenerator]
13:10:13.262 [main] DEBUG org.hibernate.orm.idgen.factory - Registering IdentifierGenerator strategy [increment] -> [org.hibernate.id.IncrementGenerator]
13:10:13.262 [main] DEBUG org.hibernate.orm.idgen.factory - Registering IdentifierGenerator strategy [foreign] -> [org.hibernate.id.ForeignGenerator]
13:10:13.262 [main] DEBUG org.hibernate.orm.idgen.factory - Registering IdentifierGenerator strategy [enhanced-sequence] -> [org.hibernate.id.enhanced.SequenceStyleGenerator]
13:10:13.262 [main] DEBUG org.hibernate.orm.idgen.factory - Registering IdentifierGenerator strategy [enhanced-table] -> [org.hibernate.id.enhanced.TableGenerator]
13:10:13.262 [main] INFO org.hibernate.cache.internal.RegionFactoryInitiator - HHH000026: Second-level cache disabled
13:10:13.262 [main] DEBUG org.hibernate.type.BasicTypeRegistry - Adding type registration boolean -> org.hibernate.type.BasicTypeReference@26f46fa6
13:10:13.262 [main] DEBUG org.hibernate.type.BasicTypeRegistry - Adding type registration boolean -> org.hibernate.type.BasicTypeReference@26f46fa6
13:10:13.262 [main] DEBUG org.hibernate.type.BasicTypeRegistry - Adding type registration java.lang.Boolean -> org.hibernate.type.BasicTypeReference@26f46fa6
13:10:13.262 [main] DEBUG org.hibernate.type.BasicTypeRegistry - Adding type registration numeric_boolean -> org.hibernate.type.BasicTypeReference@227a47
13:10:13.262 [main] DEBUG org.hibernate.type.BasicTypeRegistry - Adding type registration org.hibernate.type.NumericBooleanConverter -> org.hibernate.type.BasicTypeReference@227a47
13:10:13.262 [main] DEBUG org.hibernate.type.BasicTypeRegistry - Adding type registration true_false -> org.hibernate.type.BasicTypeReference@9596ce8
13:10:13.262 [main] DEBUG org.hibernate.type.BasicTypeRegistry - Adding type registration org.hibernate.type.TrueFalseConverter -> org.hibernate.type.BasicTypeReference@9596ce8
13:10:13.262 [main] DEBUG org.hibernate.type.BasicTypeRegistry - Adding type registration yes_no -> org.hibernate.type.BasicTypeReference@75ae4a1f
13:10:13.262 [main] DEBUG org.hibernate.type.BasicTypeRegistry - Adding type registration org.hibernate.type.YesNoConverter -> org.hibernate.type.BasicTypeReference@75ae4a1f
13:10:13.262 [main] DEBUG org.hibernate.type.BasicTypeRegistry - Adding type registration byte -> org.hibernate.type.BasicTypeReference@70228253
13:10:13.262 [main] DEBUG org.hibernate.type.BasicTypeRegistry - Adding type registration byte -> org.hibernate.type.BasicTypeReference@70228253
13:10:13.262 [main] DEBUG org.hibernate.type.BasicTypeRegistry - Adding type registration java.lang.Byte -> org.hibernate.type.BasicTypeReference@70228253
13:10:13.262 [main] DEBUG org.hibernate.type.BasicTypeRegistry - Adding type registration binary -> org.hibernate.type.BasicTypeReference@63c12e52
13:10:13.262 [main] DEBUG org.hibernate.type.BasicTypeRegistry - Adding type registration byte[] -> org.hibernate.type.BasicTypeReference@63c12e52
13:10:13.262 [main] DEBUG org.hibernate.type.BasicTypeRegistry - Adding type registration [B -> org.hibernate.type.BasicTypeReference@63c12e52
13:10:13.262 [main] DEBUG org.hibernate.type.BasicTypeRegistry - Adding type registration binary_wrapper -> org.hibernate.type.BasicTypeReference@21bd20ee
13:10:13.262 [main] DEBUG org.hibernate.type.BasicTypeRegistry - Adding type registration wrapper-binary -> org.hibernate.type.BasicTypeReference@21bd20ee
13:10:13.262 [main] DEBUG org.hibernate.type.BasicTypeRegistry - Adding type registration image -> org.hibernate.type.BasicTypeReference@26c47874
13:10:13.262 [main] DEBUG org.hibernate.type.BasicTypeRegistry - Adding type registration blob -> org.hibernate.type.BasicTypeReference@421056e5
13:10:13.262 [main] DEBUG org.hibernate.type.BasicTypeRegistry - Adding type registration java.sql.Blob -> org.hibernate.type.BasicTypeReference@421056e5
13:10:13.262 [main] DEBUG org.hibernate.type.BasicTypeRegistry - Adding type registration materialized_blob -> org.hibernate.type.BasicTypeReference@2849434b
13:10:13.262 [main] DEBUG org.hibernate.type.BasicTypeRegistry - Adding type registration materialized_blob_wrapper -> org.hibernate.type.BasicTypeReference@60bbacfc
13:10:13.262 [main] DEBUG org.hibernate.type.BasicTypeRegistry - Adding type registration short -> org.hibernate.type.BasicTypeReference@65b97f47
13:10:13.262 [main] DEBUG org.hibernate.type.BasicTypeRegistry - Adding type registration short -> org.hibernate.type.BasicTypeReference@65b97f47
13:10:13.262 [main] DEBUG org.hibernate.type.BasicTypeRegistry - Adding type registration java.lang.Short -> org.hibernate.type.BasicTypeReference@65b97f47
13:10:13.262 [main] DEBUG org.hibernate.type.BasicTypeRegistry - Adding type registration integer -> org.hibernate.type.BasicTypeReference@255eaa6b
13:10:13.262 [main] DEBUG org.hibernate.type.BasicTypeRegistry - Adding type registration int -> org.hibernate.type.BasicTypeReference@255eaa6b
13:10:13.262 [main] DEBUG org.hibernate.type.BasicTypeRegistry - Adding type registration java.lang.Integer -> org.hibernate.type.BasicTypeReference@255eaa6b
13:10:13.262 [main] DEBUG org.hibernate.type.BasicTypeRegistry - Adding type registration long -> org.hibernate.type.BasicTypeReference@476fe690
13:10:13.262 [main] DEBUG org.hibernate.type.BasicTypeRegistry - Adding type registration long -> org.hibernate.type.BasicTypeReference@476fe690
13:10:13.263 [main] DEBUG org.hibernate.type.BasicTypeRegistry - Adding type registration java.lang.Long -> org.hibernate.type.BasicTypeReference@476fe690
13:10:13.263 [main] DEBUG org.hibernate.type.BasicTypeRegistry - Adding type registration float -> org.hibernate.type.BasicTypeReference@7a0e7ecd
13:10:13.263 [main] DEBUG org.hibernate.type.BasicTypeRegistry - Adding type registration float -> org.hibernate.type.BasicTypeReference@7a0e7ecd
13:10:13.263 [main] DEBUG org.hibernate.type.BasicTypeRegistry - Adding type registration java.lang.Float -> org.hibernate.type.BasicTypeReference@7a0e7ecd
13:10:13.263 [main] DEBUG org.hibernate.type.BasicTypeRegistry - Adding type registration double -> org.hibernate.type.BasicTypeReference@54e3658c
13:10:13.263 [main] DEBUG org.hibernate.type.BasicTypeRegistry - Adding type registration double -> org.hibernate.type.BasicTypeReference@54e3658c
13:10:13.263 [main] DEBUG org.hibernate.type.BasicTypeRegistry - Adding type registration java.lang.Double -> org.hibernate.type.BasicTypeReference@54e3658c
13:10:13.263 [main] DEBUG org.hibernate.type.BasicTypeRegistry - Adding type registration big_integer -> org.hibernate.type.BasicTypeReference@43e9089
13:10:13.263 [main] DEBUG org.hibernate.type.BasicTypeRegistry - Adding type registration java.math.BigInteger -> org.hibernate.type.BasicTypeReference@43e9089
13:10:13.263 [main] DEBUG org.hibernate.type.BasicTypeRegistry - Adding type registration big_decimal -> org.hibernate.type.BasicTypeReference@3c5dbdf8
13:10:13.263 [main] DEBUG org.hibernate.type.BasicTypeRegistry - Adding type registration java.math.BigDecimal -> org.hibernate.type.BasicTypeReference@3c5dbdf8
13:10:13.263 [main] DEBUG org.hibernate.type.BasicTypeRegistry - Adding type registration character -> org.hibernate.type.BasicTypeReference@352c44a8
13:10:13.263 [main] DEBUG org.hibernate.type.BasicTypeRegistry - Adding type registration char -> org.hibernate.type.BasicTypeReference@352c44a8
13:10:13.263 [main] DEBUG org.hibernate.type.BasicTypeRegistry - Adding type registration java.lang.Character -> org.hibernate.type.BasicTypeReference@352c44a8
13:10:13.263 [main] DEBUG org.hibernate.type.BasicTypeRegistry - Adding type registration character_nchar -> org.hibernate.type.BasicTypeReference@7aac8884
13:10:13.263 [main] DEBUG org.hibernate.type.BasicTypeRegistry - Adding type registration string -> org.hibernate.type.BasicTypeReference@a66e580
13:10:13.263 [main] DEBUG org.hibernate.type.BasicTypeRegistry - Adding type registration java.lang.String -> org.hibernate.type.BasicTypeReference@a66e580
13:10:13.263 [main] DEBUG org.hibernate.type.BasicTypeRegistry - Adding type registration nstring -> org.hibernate.type.BasicTypeReference@5b852b49
13:10:13.263 [main] DEBUG org.hibernate.type.BasicTypeRegistry - Adding type registration characters -> org.hibernate.type.BasicTypeReference@cdb2d95
13:10:13.263 [main] DEBUG org.hibernate.type.BasicTypeRegistry - Adding type registration char[] -> org.hibernate.type.BasicTypeReference@cdb2d95
13:10:13.263 [main] DEBUG org.hibernate.type.BasicTypeRegistry - Adding type registration [C -> org.hibernate.type.BasicTypeReference@cdb2d95
13:10:13.263 [main] DEBUG org.hibernate.type.BasicTypeRegistry - Adding type registration wrapper-characters -> org.hibernate.type.BasicTypeReference@122d6c22
13:10:13.263 [main] DEBUG org.hibernate.type.BasicTypeRegistry - Adding type registration text -> org.hibernate.type.BasicTypeReference@2f5ac102
13:10:13.263 [main] DEBUG org.hibernate.type.BasicTypeRegistry - Adding type registration ntext -> org.hibernate.type.BasicTypeReference@5df778c3
13:10:13.263 [main] DEBUG org.hibernate.type.BasicTypeRegistry - Adding type registration clob -> org.hibernate.type.BasicTypeReference@895416d
13:10:13.263 [main] DEBUG org.hibernate.type.BasicTypeRegistry - Adding type registration java.sql.Clob -> org.hibernate.type.BasicTypeReference@895416d
13:10:13.263 [main] DEBUG org.hibernate.type.BasicTypeRegistry - Adding type registration nclob -> org.hibernate.type.BasicTypeReference@71a06021
13:10:13.263 [main] DEBUG org.hibernate.type.BasicTypeRegistry - Adding type registration java.sql.NClob -> org.hibernate.type.BasicTypeReference@71a06021
13:10:13.263 [main] DEBUG org.hibernate.type.BasicTypeRegistry - Adding type registration materialized_clob -> org.hibernate.type.BasicTypeReference@80bfdc6
13:10:13.263 [main] DEBUG org.hibernate.type.BasicTypeRegistry - Adding type registration materialized_clob_char_array -> org.hibernate.type.BasicTypeReference@6edcad64
13:10:13.263 [main] DEBUG org.hibernate.type.BasicTypeRegistry - Adding type registration materialized_clob_character_array -> org.hibernate.type.BasicTypeReference@4c6007fb
13:10:13.263 [main] DEBUG org.hibernate.type.BasicTypeRegistry - Adding type registration materialized_nclob -> org.hibernate.type.BasicTypeReference@3e33d73e
13:10:13.263 [main] DEBUG org.hibernate.type.BasicTypeRegistry - Adding type registration materialized_nclob_character_array -> org.hibernate.type.BasicTypeReference@6981f8f3
13:10:13.263 [main] DEBUG org.hibernate.type.BasicTypeRegistry - Adding type registration materialized_nclob_char_array -> org.hibernate.type.BasicTypeReference@623dcf2a
13:10:13.263 [main] DEBUG org.hibernate.type.BasicTypeRegistry - Adding type registration Duration -> org.hibernate.type.BasicTypeReference@2eae4349
13:10:13.263 [main] DEBUG org.hibernate.type.BasicTypeRegistry - Adding type registration java.time.Duration -> org.hibernate.type.BasicTypeReference@2eae4349
13:10:13.263 [main] DEBUG org.hibernate.type.BasicTypeRegistry - Adding type registration LocalDateTime -> org.hibernate.type.BasicTypeReference@e84fb85
13:10:13.263 [main] DEBUG org.hibernate.type.BasicTypeRegistry - Adding type registration java.time.LocalDateTime -> org.hibernate.type.BasicTypeReference@e84fb85
13:10:13.263 [main] DEBUG org.hibernate.type.BasicTypeRegistry - Adding type registration LocalDate -> org.hibernate.type.BasicTypeReference@68a4dcc6
13:10:13.263 [main] DEBUG org.hibernate.type.BasicTypeRegistry - Adding type registration java.time.LocalDate -> org.hibernate.type.BasicTypeReference@68a4dcc6
13:10:13.263 [main] DEBUG org.hibernate.type.BasicTypeRegistry - Adding type registration LocalTime -> org.hibernate.type.BasicTypeReference@646c0a67
13:10:13.263 [main] DEBUG org.hibernate.type.BasicTypeRegistry - Adding type registration java.time.LocalTime -> org.hibernate.type.BasicTypeReference@646c0a67
13:10:13.263 [main] DEBUG org.hibernate.type.BasicTypeRegistry - Adding type registration OffsetDateTime -> org.hibernate.type.BasicTypeReference@3804a9a8
13:10:13.263 [main] DEBUG org.hibernate.type.BasicTypeRegistry - Adding type registration java.time.OffsetDateTime -> org.hibernate.type.BasicTypeReference@3804a9a8
13:10:13.263 [main] DEBUG org.hibernate.type.BasicTypeRegistry - Adding type registration OffsetDateTimeWithTimezone -> org.hibernate.type.BasicTypeReference@117525fe
13:10:13.263 [main] DEBUG org.hibernate.type.BasicTypeRegistry - Adding type registration OffsetDateTimeWithoutTimezone -> org.hibernate.type.BasicTypeReference@5f7989fa
13:10:13.263 [main] DEBUG org.hibernate.type.BasicTypeRegistry - Adding type registration OffsetTime -> org.hibernate.type.BasicTypeReference@5bc28f40
13:10:13.263 [main] DEBUG org.hibernate.type.BasicTypeRegistry - Adding type registration java.time.OffsetTime -> org.hibernate.type.BasicTypeReference@5bc28f40
13:10:13.263 [main] DEBUG org.hibernate.type.BasicTypeRegistry - Adding type registration OffsetTimeUtc -> org.hibernate.type.BasicTypeReference@46963479
13:10:13.263 [main] DEBUG org.hibernate.type.BasicTypeRegistry - Adding type registration OffsetTimeWithTimezone -> org.hibernate.type.BasicTypeReference@7e74a380
13:10:13.263 [main] DEBUG org.hibernate.type.BasicTypeRegistry - Adding type registration OffsetTimeWithoutTimezone -> org.hibernate.type.BasicTypeReference@6dd1c3ed
13:10:13.263 [main] DEBUG org.hibernate.type.BasicTypeRegistry - Adding type registration ZonedDateTime -> org.hibernate.type.BasicTypeReference@22a6e998
13:10:13.263 [main] DEBUG org.hibernate.type.BasicTypeRegistry - Adding type registration java.time.ZonedDateTime -> org.hibernate.type.BasicTypeReference@22a6e998
13:10:13.263 [main] DEBUG org.hibernate.type.BasicTypeRegistry - Adding type registration ZonedDateTimeWithTimezone -> org.hibernate.type.BasicTypeReference@55e42449
13:10:13.263 [main] DEBUG org.hibernate.type.BasicTypeRegistry - Adding type registration ZonedDateTimeWithoutTimezone -> org.hibernate.type.BasicTypeReference@e57e5d6
13:10:13.263 [main] DEBUG org.hibernate.type.BasicTypeRegistry - Adding type registration date -> org.hibernate.type.BasicTypeReference@6dfa915a
13:10:13.263 [main] DEBUG org.hibernate.type.BasicTypeRegistry - Adding type registration java.sql.Date -> org.hibernate.type.BasicTypeReference@6dfa915a
13:10:13.263 [main] DEBUG org.hibernate.type.BasicTypeRegistry - Adding type registration time -> org.hibernate.type.BasicTypeReference@78054f54
13:10:13.263 [main] DEBUG org.hibernate.type.BasicTypeRegistry - Adding type registration java.sql.Time -> org.hibernate.type.BasicTypeReference@78054f54
13:10:13.263 [main] DEBUG org.hibernate.type.BasicTypeRegistry - Adding type registration timestamp -> org.hibernate.type.BasicTypeReference@cb7fa71
13:10:13.263 [main] DEBUG org.hibernate.type.BasicTypeRegistry - Adding type registration java.sql.Timestamp -> org.hibernate.type.BasicTypeReference@cb7fa71
13:10:13.263 [main] DEBUG org.hibernate.type.BasicTypeRegistry - Adding type registration java.util.Date -> org.hibernate.type.BasicTypeReference@cb7fa71
13:10:13.263 [main] DEBUG org.hibernate.type.BasicTypeRegistry - Adding type registration calendar -> org.hibernate.type.BasicTypeReference@3dffc764
13:10:13.263 [main] DEBUG org.hibernate.type.BasicTypeRegistry - Adding type registration java.util.Calendar -> org.hibernate.type.BasicTypeReference@3dffc764
13:10:13.263 [main] DEBUG org.hibernate.type.BasicTypeRegistry - Adding type registration java.util.GregorianCalendar -> org.hibernate.type.BasicTypeReference@3dffc764
13:10:13.263 [main] DEBUG org.hibernate.type.BasicTypeRegistry - Adding type registration calendar_date -> org.hibernate.type.BasicTypeReference@4b6e1c0
13:10:13.263 [main] DEBUG org.hibernate.type.BasicTypeRegistry - Adding type registration calendar_time -> org.hibernate.type.BasicTypeReference@561b61ed
13:10:13.263 [main] DEBUG org.hibernate.type.BasicTypeRegistry - Adding type registration instant -> org.hibernate.type.BasicTypeReference@654c7d2d
13:10:13.263 [main] DEBUG org.hibernate.type.BasicTypeRegistry - Adding type registration java.time.Instant -> org.hibernate.type.BasicTypeReference@654c7d2d
13:10:13.263 [main] DEBUG org.hibernate.type.BasicTypeRegistry - Adding type registration uuid -> org.hibernate.type.BasicTypeReference@26cb5207
13:10:13.263 [main] DEBUG org.hibernate.type.BasicTypeRegistry - Adding type registration java.util.UUID -> org.hibernate.type.BasicTypeReference@26cb5207
13:10:13.263 [main] DEBUG org.hibernate.type.BasicTypeRegistry - Adding type registration pg-uuid -> org.hibernate.type.BasicTypeReference@26cb5207
13:10:13.263 [main] DEBUG org.hibernate.type.BasicTypeRegistry - Adding type registration uuid-binary -> org.hibernate.type.BasicTypeReference@15400fff
13:10:13.263 [main] DEBUG org.hibernate.type.BasicTypeRegistry - Adding type registration uuid-char -> org.hibernate.type.BasicTypeReference@18d910b3
13:10:13.263 [main] DEBUG org.hibernate.type.BasicTypeRegistry - Adding type registration class -> org.hibernate.type.BasicTypeReference@1e7ab390
13:10:13.263 [main] DEBUG org.hibernate.type.BasicTypeRegistry - Adding type registration java.lang.Class -> org.hibernate.type.BasicTypeReference@1e7ab390
13:10:13.263 [main] DEBUG org.hibernate.type.BasicTypeRegistry - Adding type registration currency -> org.hibernate.type.BasicTypeReference@77774571
13:10:13.263 [main] DEBUG org.hibernate.type.BasicTypeRegistry - Adding type registration Currency -> org.hibernate.type.BasicTypeReference@77774571
13:10:13.263 [main] DEBUG org.hibernate.type.BasicTypeRegistry - Adding type registration java.util.Currency -> org.hibernate.type.BasicTypeReference@77774571
13:10:13.263 [main] DEBUG org.hibernate.type.BasicTypeRegistry - Adding type registration locale -> org.hibernate.type.BasicTypeReference@277b8fa4
13:10:13.263 [main] DEBUG org.hibernate.type.BasicTypeRegistry - Adding type registration java.util.Locale -> org.hibernate.type.BasicTypeReference@277b8fa4
13:10:13.263 [main] DEBUG org.hibernate.type.BasicTypeRegistry - Adding type registration serializable -> org.hibernate.type.BasicTypeReference@6cd64ee8
13:10:13.263 [main] DEBUG org.hibernate.type.BasicTypeRegistry - Adding type registration java.io.Serializable -> org.hibernate.type.BasicTypeReference@6cd64ee8
13:10:13.263 [main] DEBUG org.hibernate.type.BasicTypeRegistry - Adding type registration timezone -> org.hibernate.type.BasicTypeReference@620c8641
13:10:13.263 [main] DEBUG org.hibernate.type.BasicTypeRegistry - Adding type registration java.util.TimeZone -> org.hibernate.type.BasicTypeReference@620c8641
13:10:13.263 [main] DEBUG org.hibernate.type.BasicTypeRegistry - Adding type registration ZoneOffset -> org.hibernate.type.BasicTypeReference@2f1d0bbc
13:10:13.263 [main] DEBUG org.hibernate.type.BasicTypeRegistry - Adding type registration java.time.ZoneOffset -> org.hibernate.type.BasicTypeReference@2f1d0bbc
13:10:13.263 [main] DEBUG org.hibernate.type.BasicTypeRegistry - Adding type registration url -> org.hibernate.type.BasicTypeReference@5460b754
13:10:13.263 [main] DEBUG org.hibernate.type.BasicTypeRegistry - Adding type registration java.net.URL -> org.hibernate.type.BasicTypeReference@5460b754
13:10:13.263 [main] DEBUG org.hibernate.type.BasicTypeRegistry - Adding type registration vector -> org.hibernate.type.BasicTypeReference@a9f023e
13:10:13.263 [main] DEBUG org.hibernate.type.BasicTypeRegistry - Adding type registration row_version -> org.hibernate.type.BasicTypeReference@c27a3a2
13:10:13.263 [main] DEBUG org.hibernate.type.BasicTypeRegistry - Adding type registration object -> org.hibernate.type.JavaObjectType@28da7d11
13:10:13.263 [main] DEBUG org.hibernate.type.BasicTypeRegistry - Adding type registration java.lang.Object -> org.hibernate.type.JavaObjectType@28da7d11
13:10:13.263 [main] DEBUG org.hibernate.type.BasicTypeRegistry - Adding type registration null -> org.hibernate.type.NullType@4faa298
13:10:13.263 [main] DEBUG org.hibernate.type.BasicTypeRegistry - Adding type registration imm_date -> org.hibernate.type.BasicTypeReference@4b1ef6a
13:10:13.263 [main] DEBUG org.hibernate.type.BasicTypeRegistry - Adding type registration imm_time -> org.hibernate.type.BasicTypeReference@57596d71
13:10:13.263 [main] DEBUG org.hibernate.type.BasicTypeRegistry - Adding type registration imm_timestamp -> org.hibernate.type.BasicTypeReference@1c12f0f4
13:10:13.263 [main] DEBUG org.hibernate.type.BasicTypeRegistry - Adding type registration imm_calendar -> org.hibernate.type.BasicTypeReference@149bdb4e
13:10:13.263 [main] DEBUG org.hibernate.type.BasicTypeRegistry - Adding type registration imm_calendar_date -> org.hibernate.type.BasicTypeReference@1f5aac08
13:10:13.263 [main] DEBUG org.hibernate.type.BasicTypeRegistry - Adding type registration imm_calendar_time -> org.hibernate.type.BasicTypeReference@3747877
13:10:13.263 [main] DEBUG org.hibernate.type.BasicTypeRegistry - Adding type registration imm_binary -> org.hibernate.type.BasicTypeReference@86abdbd
13:10:13.263 [main] DEBUG org.hibernate.type.BasicTypeRegistry - Adding type registration imm_serializable -> org.hibernate.type.BasicTypeReference@42e14655
13:10:13.264 [main] DEBUG org.hibernate.boot.internal.BootstrapContextImpl - Injecting ScanEnvironment [org.hibernate.jpa.boot.internal.StandardJpaScanEnvironmentImpl@81198ed] into BootstrapContext; was [null]
13:10:13.264 [main] DEBUG org.hibernate.boot.internal.BootstrapContextImpl - Injecting ScanOptions [org.hibernate.boot.archive.scan.internal.StandardScanOptions@2806fe58] into BootstrapContext; was [org.hibernate.boot.archive.scan.internal.StandardScanOptions@755c29b0]
13:10:13.342 [main] DEBUG org.hibernate.boot.internal.BootstrapContextImpl - Injecting JPA temp ClassLoader [null] into BootstrapContext; was [null]
13:10:13.342 [main] DEBUG org.hibernate.boot.internal.ClassLoaderAccessImpl - ClassLoaderAccessImpl#injectTempClassLoader(null) [was null]
13:10:13.342 [main] INFO org.hibernate.engine.jdbc.connections.internal.ConnectionProviderInitiator - HHH000130: Instantiating explicit connection provider: org.hibernate.hikaricp.internal.HikariCPConnectionProvider
13:10:13.342 [main] DEBUG org.hibernate.hikaricp.internal.HikariCPConnectionProvider - Configuring HikariCP
13:10:13.343 [main] DEBUG com.zaxxer.hikari.HikariConfig - Driver class org.h2.Driver found in Thread context class loader jdk.internal.loader.ClassLoaders$AppClassLoader@70dea4e
13:10:13.343 [main] DEBUG com.zaxxer.hikari.HikariConfig - FRC-PM-HikariCP - configuration:
13:10:13.343 [main] DEBUG com.zaxxer.hikari.HikariConfig - allowPoolSuspension.............false
13:10:13.343 [main] DEBUG com.zaxxer.hikari.HikariConfig - autoCommit......................true
13:10:13.343 [main] DEBUG com.zaxxer.hikari.HikariConfig - catalog.........................none
13:10:13.343 [main] DEBUG com.zaxxer.hikari.HikariConfig - connectionInitSql...............none
13:10:13.343 [main] DEBUG com.zaxxer.hikari.HikariConfig - connectionTestQuery.............none
13:10:13.343 [main] DEBUG com.zaxxer.hikari.HikariConfig - connectionTimeout...............10000
13:10:13.343 [main] DEBUG com.zaxxer.hikari.HikariConfig - dataSource......................none
13:10:13.343 [main] DEBUG com.zaxxer.hikari.HikariConfig - dataSourceClassName.............none
13:10:13.343 [main] DEBUG com.zaxxer.hikari.HikariConfig - dataSourceJNDI..................none
13:10:13.343 [main] DEBUG com.zaxxer.hikari.HikariConfig - dataSourceProperties............{password=<masked>}
13:10:13.343 [main] DEBUG com.zaxxer.hikari.HikariConfig - driverClassName................."org.h2.Driver"
13:10:13.343 [main] DEBUG com.zaxxer.hikari.HikariConfig - exceptionOverrideClassName......none
13:10:13.343 [main] DEBUG com.zaxxer.hikari.HikariConfig - healthCheckProperties...........{}
13:10:13.343 [main] DEBUG com.zaxxer.hikari.HikariConfig - healthCheckRegistry.............none
13:10:13.343 [main] DEBUG com.zaxxer.hikari.HikariConfig - idleTimeout.....................30000
13:10:13.343 [main] DEBUG com.zaxxer.hikari.HikariConfig - initializationFailTimeout.......1
13:10:13.343 [main] DEBUG com.zaxxer.hikari.HikariConfig - isolateInternalQueries..........false
13:10:13.343 [main] DEBUG com.zaxxer.hikari.HikariConfig - jdbcUrl.........................jdbc:h2:mem:testdb;DB_CLOSE_DELAY=-1
13:10:13.343 [main] DEBUG com.zaxxer.hikari.HikariConfig - keepaliveTime...................0
13:10:13.343 [main] DEBUG com.zaxxer.hikari.HikariConfig - leakDetectionThreshold..........0
13:10:13.343 [main] DEBUG com.zaxxer.hikari.HikariConfig - maxLifetime.....................1800000
13:10:13.343 [main] DEBUG com.zaxxer.hikari.HikariConfig - maximumPoolSize.................10
13:10:13.343 [main] DEBUG com.zaxxer.hikari.HikariConfig - metricRegistry..................none
13:10:13.343 [main] DEBUG com.zaxxer.hikari.HikariConfig - metricsTrackerFactory...........none
13:10:13.343 [main] DEBUG com.zaxxer.hikari.HikariConfig - minimumIdle.....................2
13:10:13.343 [main] DEBUG com.zaxxer.hikari.HikariConfig - password........................<masked>
13:10:13.343 [main] DEBUG com.zaxxer.hikari.HikariConfig - poolName........................"FRC-PM-HikariCP"
13:10:13.343 [main] DEBUG com.zaxxer.hikari.HikariConfig - readOnly........................false
13:10:13.343 [main] DEBUG com.zaxxer.hikari.HikariConfig - registerMbeans..................false
13:10:13.343 [main] DEBUG com.zaxxer.hikari.HikariConfig - scheduledExecutor...............none
13:10:13.343 [main] DEBUG com.zaxxer.hikari.HikariConfig - schema..........................none
13:10:13.343 [main] DEBUG com.zaxxer.hikari.HikariConfig - threadFactory...................internal
13:10:13.343 [main] DEBUG com.zaxxer.hikari.HikariConfig - transactionIsolation............default
13:10:13.343 [main] DEBUG com.zaxxer.hikari.HikariConfig - username........................"sa"
13:10:13.343 [main] DEBUG com.zaxxer.hikari.HikariConfig - validationTimeout...............5000
13:10:13.343 [main] INFO com.zaxxer.hikari.HikariDataSource - FRC-PM-HikariCP - Starting...
13:10:13.344 [main] INFO com.zaxxer.hikari.pool.HikariPool - FRC-PM-HikariCP - Added connection conn15: url=jdbc:h2:mem:testdb user=SA
13:10:13.344 [main] INFO com.zaxxer.hikari.HikariDataSource - FRC-PM-HikariCP - Start completed.
13:10:13.344 [main] DEBUG org.hibernate.hikaricp.internal.HikariCPConnectionProvider - HikariCP Configured
13:10:13.345 [main] DEBUG org.hibernate.engine.jdbc.env.internal.JdbcEnvironmentInitiator - Database ->
	   name : H2
	version : 2.2.224 (2023-09-17)
	  major : 2
	  minor : 2
13:10:13.345 [main] DEBUG org.hibernate.engine.jdbc.env.internal.JdbcEnvironmentInitiator - Driver ->
	   name : H2 JDBC Driver
	version : 2.2.224 (2023-09-17)
	  major : 2
	  minor : 2
13:10:13.345 [main] DEBUG org.hibernate.engine.jdbc.env.internal.JdbcEnvironmentInitiator - JDBC version : 4.2
13:10:13.345 [main] WARN org.hibernate.orm.deprecation - HHH90000025: H2Dialect does not need to be specified explicitly using 'hibernate.dialect' (remove the property setting and it will be selected by default)
13:10:13.345 [main] DEBUG org.hibernate.orm.dialect - HHH035001: Using dialect: org.hibernate.dialect.H2Dialect, version: 2.2.224
13:10:13.345 [main] DEBUG org.hibernate.engine.jdbc.env.spi.IdentifierHelperBuilder - JDBC driver metadata reported database stores quoted identifiers in neither upper, lower nor mixed case
13:10:13.345 [main] DEBUG org.hibernate.type.descriptor.jdbc.spi.JdbcTypeRegistry - addDescriptor(NCharTypeDescriptor) replaced previous registration(CharTypeDescriptor)
13:10:13.345 [main] DEBUG org.hibernate.type.descriptor.jdbc.spi.JdbcTypeRegistry - addDescriptor(NVarcharTypeDescriptor) replaced previous registration(VarcharTypeDescriptor)
13:10:13.345 [main] DEBUG org.hibernate.type.descriptor.jdbc.spi.JdbcTypeRegistry - addDescriptor(LongNVarcharTypeDescriptor) replaced previous registration(LongVarcharTypeDescriptor)
13:10:13.345 [main] DEBUG org.hibernate.type.descriptor.jdbc.spi.JdbcTypeRegistry - addDescriptor(NClobTypeDescriptor(DEFAULT)) replaced previous registration(ClobTypeDescriptor(DEFAULT))
13:10:13.345 [main] DEBUG org.hibernate.type.descriptor.jdbc.spi.JdbcTypeRegistry - addDescriptor(2005, ClobTypeDescriptor(STREAM_BINDING)) replaced previous registration(ClobTypeDescriptor(DEFAULT))
13:10:13.345 [main] DEBUG org.hibernate.type.descriptor.jdbc.spi.JdbcTypeRegistry - addDescriptor(TimestampUtcDescriptor) replaced previous registration(TimestampUtcDescriptor)
13:10:13.345 [main] DEBUG org.hibernate.type.BasicTypeRegistry - Adding type registration org.hibernate.type.DurationType -> basicType@47(java.time.Duration,3015)
13:10:13.345 [main] DEBUG org.hibernate.type.BasicTypeRegistry - Adding type registration Duration -> basicType@47(java.time.Duration,3015)
13:10:13.345 [main] DEBUG org.hibernate.type.BasicTypeRegistry - Adding type registration java.time.Duration -> basicType@47(java.time.Duration,3015)
13:10:13.346 [main] DEBUG org.hibernate.type.spi.TypeConfiguration$Scope - Scoping TypeConfiguration [org.hibernate.type.spi.TypeConfiguration@2a2f7a61] to MetadataBuildingContext [org.hibernate.boot.internal.MetadataBuildingContextRootImpl@8d40f07]
13:10:13.346 [main] DEBUG org.hibernate.boot.model.relational.Namespace - Created database namespace [logicalName=Name{catalog=null, schema=null}, physicalName=Name{catalog=null, schema=null}]
13:10:13.347 [frcpm-hikari-pool housekeeper] DEBUG com.zaxxer.hikari.pool.HikariPool - frcpm-hikari-pool - Before cleanup stats (total=1, active=0, idle=1, waiting=0)
13:10:13.347 [frcpm-hikari-pool housekeeper] DEBUG com.zaxxer.hikari.pool.HikariPool - frcpm-hikari-pool - After cleanup  stats (total=1, active=0, idle=1, waiting=0)
13:10:13.347 [main] DEBUG org.hibernate.boot.model.internal.EntityBinder - Binding entity from annotated class: org.frcpm.models.Attendance
13:10:13.348 [main] DEBUG org.hibernate.boot.model.internal.EntityBinder - Import with entity name Attendance
13:10:13.348 [main] DEBUG org.hibernate.boot.model.internal.EntityBinder - Bind entity org.frcpm.models.Attendance on table attendances
13:10:13.348 [main] DEBUG org.hibernate.boot.model.internal.AnnotatedColumn - Binding column: AnnotatedDiscriminatorColumn(column='DTYPE')
13:10:13.348 [frcpm-hikari-pool connection adder] DEBUG com.zaxxer.hikari.pool.HikariPool - frcpm-hikari-pool - Added connection conn16: url=jdbc:h2:mem:testdb user=SA
13:10:13.348 [main] DEBUG org.hibernate.boot.model.internal.AnnotatedColumn - Binding column: AnnotatedColumn()
13:10:13.348 [main] DEBUG org.hibernate.boot.internal.ClassLoaderAccessImpl - Not known whether passed class name [org.frcpm.models.Attendance] is safe
13:10:13.348 [main] DEBUG org.hibernate.boot.internal.ClassLoaderAccessImpl - No temp ClassLoader provided; using live ClassLoader for loading potentially unsafe class : org.frcpm.models.Attendance
13:10:13.349 [main] DEBUG org.hibernate.boot.model.internal.PropertyBinder - MetadataSourceProcessor property id with lazy=false
13:10:13.349 [main] DEBUG org.hibernate.boot.model.internal.AbstractPropertyHolder - Attempting to locate auto-apply AttributeConverter for property [org.frcpm.models.Attendance:id]
13:10:13.349 [main] DEBUG org.hibernate.boot.model.internal.BasicValueBinder - building BasicValue for id
13:10:13.349 [main] DEBUG org.hibernate.mapping.BasicValue - Skipping column re-registration: attendances.id
13:10:13.349 [main] DEBUG org.hibernate.boot.model.internal.PropertyBinder - Building property id
13:10:13.349 [main] DEBUG org.hibernate.boot.model.internal.BinderHelper - #makeIdGenerator(BasicValue([Column(id)]), id, identity, , ...)
13:10:13.349 [main] DEBUG org.hibernate.boot.model.internal.AnnotatedColumn - Binding column: AnnotatedColumn(column='arrival_time')
13:10:13.349 [main] DEBUG org.hibernate.boot.model.internal.PropertyBinder - MetadataSourceProcessor property arrivalTime with lazy=false
13:10:13.349 [main] DEBUG org.hibernate.boot.model.internal.AbstractPropertyHolder - Attempting to locate auto-apply AttributeConverter for property [org.frcpm.models.Attendance:arrivalTime]
13:10:13.349 [main] DEBUG org.hibernate.boot.model.internal.BasicValueBinder - building BasicValue for arrivalTime
13:10:13.349 [main] DEBUG org.hibernate.mapping.BasicValue - Skipping column re-registration: attendances.arrival_time
13:10:13.349 [main] DEBUG org.hibernate.boot.model.internal.PropertyBinder - Building property arrivalTime
13:10:13.349 [main] DEBUG org.hibernate.boot.model.internal.AnnotatedColumn - Binding column: AnnotatedColumn(column='departure_time')
13:10:13.349 [main] DEBUG org.hibernate.boot.model.internal.PropertyBinder - MetadataSourceProcessor property departureTime with lazy=false
13:10:13.349 [main] DEBUG org.hibernate.boot.model.internal.AbstractPropertyHolder - Attempting to locate auto-apply AttributeConverter for property [org.frcpm.models.Attendance:departureTime]
13:10:13.349 [main] DEBUG org.hibernate.boot.model.internal.BasicValueBinder - building BasicValue for departureTime
13:10:13.349 [main] DEBUG org.hibernate.mapping.BasicValue - Skipping column re-registration: attendances.departure_time
13:10:13.349 [main] DEBUG org.hibernate.boot.model.internal.PropertyBinder - Building property departureTime
13:10:13.349 [main] DEBUG org.hibernate.boot.model.internal.AnnotatedColumn - Binding column: AnnotatedJoinColumn(column='meeting_id')
13:10:13.349 [main] DEBUG org.hibernate.boot.model.internal.AnnotatedColumn - Binding column: AnnotatedColumn()
13:10:13.349 [main] DEBUG org.hibernate.boot.model.internal.PropertyBinder - Building property meeting
13:10:13.349 [main] DEBUG org.hibernate.boot.model.internal.AnnotatedColumn - Binding column: AnnotatedJoinColumn(column='member_id')
13:10:13.350 [main] DEBUG org.hibernate.boot.model.internal.AnnotatedColumn - Binding column: AnnotatedColumn()
13:10:13.350 [main] DEBUG org.hibernate.boot.model.internal.PropertyBinder - Building property member
13:10:13.350 [main] DEBUG org.hibernate.boot.model.internal.AnnotatedColumn - Binding column: AnnotatedColumn(column='present')
13:10:13.350 [main] DEBUG org.hibernate.boot.model.internal.PropertyBinder - MetadataSourceProcessor property present with lazy=false
13:10:13.350 [main] DEBUG org.hibernate.boot.model.internal.AbstractPropertyHolder - Attempting to locate auto-apply AttributeConverter for property [org.frcpm.models.Attendance:present]
13:10:13.350 [main] DEBUG org.hibernate.boot.model.internal.BasicValueBinder - building BasicValue for present
13:10:13.350 [main] DEBUG org.hibernate.mapping.BasicValue - Skipping column re-registration: attendances.present
13:10:13.350 [main] DEBUG org.hibernate.boot.model.internal.PropertyBinder - Building property present
13:10:13.351 [main] DEBUG org.hibernate.boot.registry.classloading.internal.ClassLoaderServiceImpl - HHH000194: Package not found or no package-info.java: org.frcpm.models
13:10:13.351 [main] DEBUG org.hibernate.boot.model.internal.EntityBinder - Binding entity from annotated class: org.frcpm.models.Meeting
13:10:13.352 [main] DEBUG org.hibernate.boot.model.internal.EntityBinder - Import with entity name Meeting
13:10:13.352 [main] DEBUG org.hibernate.boot.model.internal.EntityBinder - Bind entity org.frcpm.models.Meeting on table meetings
13:10:13.352 [main] DEBUG org.hibernate.boot.model.internal.AnnotatedColumn - Binding column: AnnotatedDiscriminatorColumn(column='DTYPE')
13:10:13.353 [main] DEBUG org.hibernate.boot.model.internal.AnnotatedColumn - Binding column: AnnotatedColumn()
13:10:13.353 [main] DEBUG org.hibernate.boot.internal.ClassLoaderAccessImpl - Not known whether passed class name [org.frcpm.models.Meeting] is safe
13:10:13.353 [main] DEBUG org.hibernate.boot.internal.ClassLoaderAccessImpl - No temp ClassLoader provided; using live ClassLoader for loading potentially unsafe class : org.frcpm.models.Meeting
13:10:13.353 [main] DEBUG org.hibernate.boot.model.internal.PropertyBinder - MetadataSourceProcessor property id with lazy=false
13:10:13.353 [main] DEBUG org.hibernate.boot.model.internal.AbstractPropertyHolder - Attempting to locate auto-apply AttributeConverter for property [org.frcpm.models.Meeting:id]
13:10:13.353 [main] DEBUG org.hibernate.boot.model.internal.BasicValueBinder - building BasicValue for id
13:10:13.353 [main] DEBUG org.hibernate.mapping.BasicValue - Skipping column re-registration: meetings.id
13:10:13.353 [main] DEBUG org.hibernate.boot.model.internal.PropertyBinder - Building property id
13:10:13.353 [main] DEBUG org.hibernate.boot.model.internal.BinderHelper - #makeIdGenerator(BasicValue([Column(id)]), id, identity, , ...)
13:10:13.353 [main] DEBUG org.hibernate.boot.model.internal.AnnotatedColumn - Binding column: AnnotatedJoinColumn()
13:10:13.353 [main] DEBUG org.hibernate.boot.model.internal.AnnotatedColumn - Binding column: AnnotatedColumn()
13:10:13.353 [main] DEBUG org.hibernate.boot.model.internal.AnnotatedColumn - Binding column: IndexColumn(column='attendances_ORDER')
13:10:13.354 [main] DEBUG org.hibernate.boot.model.internal.AnnotatedColumn - Binding column: AnnotatedColumn()
13:10:13.354 [main] DEBUG org.hibernate.boot.model.internal.AnnotatedColumn - Binding column: AnnotatedColumn(column='attendances_KEY')
13:10:13.354 [main] DEBUG org.hibernate.boot.model.internal.AnnotatedColumn - Binding column: AnnotatedJoinColumn(column='attendances_KEY')
13:10:13.354 [main] DEBUG org.hibernate.boot.model.internal.AnnotatedColumn - Binding column: AnnotatedJoinColumn()
13:10:13.354 [main] DEBUG org.hibernate.boot.model.internal.AnnotatedColumn - Binding column: AnnotatedJoinColumn()
13:10:13.354 [main] DEBUG org.hibernate.boot.model.internal.CollectionBinder - Collection role: org.frcpm.models.Meeting.attendances
13:10:13.354 [main] DEBUG org.hibernate.boot.model.internal.PropertyBinder - Building property attendances
13:10:13.354 [main] DEBUG org.hibernate.boot.model.internal.AnnotatedColumn - Binding column: AnnotatedColumn(column='date')
13:10:13.354 [main] DEBUG org.hibernate.boot.model.internal.PropertyBinder - MetadataSourceProcessor property date with lazy=false
13:10:13.354 [main] DEBUG org.hibernate.boot.model.internal.AbstractPropertyHolder - Attempting to locate auto-apply AttributeConverter for property [org.frcpm.models.Meeting:date]
13:10:13.354 [main] DEBUG org.hibernate.boot.model.internal.BasicValueBinder - building BasicValue for date
13:10:13.354 [main] DEBUG org.hibernate.mapping.BasicValue - Skipping column re-registration: meetings.date
13:10:13.354 [main] DEBUG org.hibernate.boot.model.internal.PropertyBinder - Building property date
13:10:13.354 [main] DEBUG org.hibernate.boot.model.internal.AnnotatedColumn - Binding column: AnnotatedColumn(column='end_time')
13:10:13.354 [main] DEBUG org.hibernate.boot.model.internal.PropertyBinder - MetadataSourceProcessor property endTime with lazy=false
13:10:13.354 [main] DEBUG org.hibernate.boot.model.internal.AbstractPropertyHolder - Attempting to locate auto-apply AttributeConverter for property [org.frcpm.models.Meeting:endTime]
13:10:13.354 [main] DEBUG org.hibernate.boot.model.internal.BasicValueBinder - building BasicValue for endTime
13:10:13.354 [main] DEBUG org.hibernate.mapping.BasicValue - Skipping column re-registration: meetings.end_time
13:10:13.354 [main] DEBUG org.hibernate.boot.model.internal.PropertyBinder - Building property endTime
13:10:13.354 [main] DEBUG org.hibernate.boot.model.internal.AnnotatedColumn - Binding column: AnnotatedColumn(column='notes')
13:10:13.354 [main] DEBUG org.hibernate.boot.model.internal.PropertyBinder - MetadataSourceProcessor property notes with lazy=false
13:10:13.355 [main] DEBUG org.hibernate.boot.model.internal.AbstractPropertyHolder - Attempting to locate auto-apply AttributeConverter for property [org.frcpm.models.Meeting:notes]
13:10:13.355 [main] DEBUG org.hibernate.boot.model.internal.BasicValueBinder - building BasicValue for notes
13:10:13.355 [main] DEBUG org.hibernate.mapping.BasicValue - Skipping column re-registration: meetings.notes
13:10:13.355 [main] DEBUG org.hibernate.boot.model.internal.PropertyBinder - Building property notes
13:10:13.355 [main] DEBUG org.hibernate.boot.model.internal.AnnotatedColumn - Binding column: AnnotatedJoinColumn(column='project_id')
13:10:13.355 [main] DEBUG org.hibernate.boot.model.internal.AnnotatedColumn - Binding column: AnnotatedColumn()
13:10:13.355 [main] DEBUG org.hibernate.boot.model.internal.PropertyBinder - Building property project
13:10:13.355 [main] DEBUG org.hibernate.boot.model.internal.AnnotatedColumn - Binding column: AnnotatedColumn(column='start_time')
13:10:13.355 [main] DEBUG org.hibernate.boot.model.internal.PropertyBinder - MetadataSourceProcessor property startTime with lazy=false
13:10:13.355 [main] DEBUG org.hibernate.boot.model.internal.AbstractPropertyHolder - Attempting to locate auto-apply AttributeConverter for property [org.frcpm.models.Meeting:startTime]
13:10:13.355 [main] DEBUG org.hibernate.boot.model.internal.BasicValueBinder - building BasicValue for startTime
13:10:13.355 [main] DEBUG org.hibernate.mapping.BasicValue - Skipping column re-registration: meetings.start_time
13:10:13.355 [main] DEBUG org.hibernate.boot.model.internal.PropertyBinder - Building property startTime
13:10:13.356 [main] DEBUG org.hibernate.boot.registry.classloading.internal.ClassLoaderServiceImpl - HHH000194: Package not found or no package-info.java: org.frcpm.models
13:10:13.356 [main] DEBUG org.hibernate.boot.model.internal.EntityBinder - Binding entity from annotated class: org.frcpm.models.Subsystem
13:10:13.357 [main] DEBUG org.hibernate.boot.model.internal.EntityBinder - Import with entity name Subsystem
13:10:13.357 [main] DEBUG org.hibernate.boot.model.internal.EntityBinder - Bind entity org.frcpm.models.Subsystem on table subsystems
13:10:13.357 [main] DEBUG org.hibernate.boot.model.internal.AnnotatedColumn - Binding column: AnnotatedDiscriminatorColumn(column='DTYPE')
13:10:13.358 [main] DEBUG org.hibernate.boot.model.internal.AnnotatedColumn - Binding column: AnnotatedColumn()
13:10:13.358 [main] DEBUG org.hibernate.boot.internal.ClassLoaderAccessImpl - Not known whether passed class name [org.frcpm.models.Subsystem] is safe
13:10:13.358 [main] DEBUG org.hibernate.boot.internal.ClassLoaderAccessImpl - No temp ClassLoader provided; using live ClassLoader for loading potentially unsafe class : org.frcpm.models.Subsystem
13:10:13.358 [main] DEBUG org.hibernate.boot.model.internal.PropertyBinder - MetadataSourceProcessor property id with lazy=false
13:10:13.358 [main] DEBUG org.hibernate.boot.model.internal.AbstractPropertyHolder - Attempting to locate auto-apply AttributeConverter for property [org.frcpm.models.Subsystem:id]
13:10:13.358 [main] DEBUG org.hibernate.boot.model.internal.BasicValueBinder - building BasicValue for id
13:10:13.358 [main] DEBUG org.hibernate.mapping.BasicValue - Skipping column re-registration: subsystems.id
13:10:13.358 [main] DEBUG org.hibernate.boot.model.internal.PropertyBinder - Building property id
13:10:13.358 [main] DEBUG org.hibernate.boot.model.internal.BinderHelper - #makeIdGenerator(BasicValue([Column(id)]), id, identity, , ...)
13:10:13.359 [main] DEBUG org.hibernate.boot.model.internal.AnnotatedColumn - Binding column: AnnotatedColumn(column='description')
13:10:13.359 [main] DEBUG org.hibernate.boot.model.internal.PropertyBinder - MetadataSourceProcessor property description with lazy=false
13:10:13.359 [main] DEBUG org.hibernate.boot.model.internal.AbstractPropertyHolder - Attempting to locate auto-apply AttributeConverter for property [org.frcpm.models.Subsystem:description]
13:10:13.359 [main] DEBUG org.hibernate.boot.model.internal.BasicValueBinder - building BasicValue for description
13:10:13.359 [main] DEBUG org.hibernate.mapping.BasicValue - Skipping column re-registration: subsystems.description
13:10:13.359 [main] DEBUG org.hibernate.boot.model.internal.PropertyBinder - Building property description
13:10:13.360 [main] DEBUG org.hibernate.boot.model.internal.AnnotatedColumn - Binding column: AnnotatedColumn(column='name')
13:10:13.360 [main] DEBUG org.hibernate.boot.model.internal.PropertyBinder - MetadataSourceProcessor property name with lazy=false
13:10:13.360 [main] DEBUG org.hibernate.boot.model.internal.AbstractPropertyHolder - Attempting to locate auto-apply AttributeConverter for property [org.frcpm.models.Subsystem:name]
13:10:13.360 [main] DEBUG org.hibernate.boot.model.internal.BasicValueBinder - building BasicValue for name
13:10:13.360 [main] DEBUG org.hibernate.mapping.BasicValue - Skipping column re-registration: subsystems.name
13:10:13.360 [main] DEBUG org.hibernate.boot.model.internal.PropertyBinder - Building property name
13:10:13.360 [main] DEBUG org.hibernate.boot.model.internal.AnnotatedColumn - Binding column: AnnotatedJoinColumn(column='responsible_subteam_id')
13:10:13.361 [main] DEBUG org.hibernate.boot.model.internal.AnnotatedColumn - Binding column: AnnotatedColumn()
13:10:13.361 [main] DEBUG org.hibernate.boot.model.internal.PropertyBinder - Building property responsibleSubteam
13:10:13.361 [main] DEBUG org.hibernate.boot.model.internal.AnnotatedColumn - Binding column: AnnotatedColumn(column='status')
13:10:13.361 [main] DEBUG org.hibernate.boot.model.internal.PropertyBinder - MetadataSourceProcessor property status with lazy=false
13:10:13.361 [main] DEBUG org.hibernate.boot.model.internal.AbstractPropertyHolder - Attempting to locate auto-apply AttributeConverter for property [org.frcpm.models.Subsystem:status]
13:10:13.361 [main] DEBUG org.hibernate.boot.model.internal.BasicValueBinder - building BasicValue for status
13:10:13.361 [main] DEBUG org.hibernate.mapping.BasicValue - Skipping column re-registration: subsystems.status
13:10:13.361 [main] DEBUG org.hibernate.boot.model.internal.PropertyBinder - Building property status
13:10:13.362 [main] DEBUG org.hibernate.boot.model.internal.AnnotatedColumn - Binding column: AnnotatedJoinColumn()
13:10:13.362 [main] DEBUG org.hibernate.boot.model.internal.AnnotatedColumn - Binding column: AnnotatedColumn()
13:10:13.362 [main] DEBUG org.hibernate.boot.model.internal.AnnotatedColumn - Binding column: IndexColumn(column='tasks_ORDER')
13:10:13.363 [main] DEBUG org.hibernate.boot.model.internal.AnnotatedColumn - Binding column: AnnotatedColumn()
13:10:13.363 [main] DEBUG org.hibernate.boot.model.internal.AnnotatedColumn - Binding column: AnnotatedColumn(column='tasks_KEY')
13:10:13.363 [main] DEBUG org.hibernate.boot.model.internal.AnnotatedColumn - Binding column: AnnotatedJoinColumn(column='tasks_KEY')
13:10:13.363 [main] DEBUG org.hibernate.boot.model.internal.AnnotatedColumn - Binding column: AnnotatedJoinColumn()
13:10:13.364 [main] DEBUG org.hibernate.boot.model.internal.AnnotatedColumn - Binding column: AnnotatedJoinColumn()
13:10:13.364 [main] DEBUG org.hibernate.boot.model.internal.CollectionBinder - Collection role: org.frcpm.models.Subsystem.tasks
13:10:13.364 [main] DEBUG org.hibernate.boot.model.internal.PropertyBinder - Building property tasks
13:10:13.365 [main] DEBUG org.hibernate.boot.registry.classloading.internal.ClassLoaderServiceImpl - HHH000194: Package not found or no package-info.java: org.frcpm.models
13:10:13.365 [main] DEBUG org.hibernate.boot.model.internal.EntityBinder - Binding entity from annotated class: org.frcpm.models.Component
13:10:13.366 [main] DEBUG org.hibernate.boot.model.internal.EntityBinder - Import with entity name Component
13:10:13.366 [main] DEBUG org.hibernate.boot.model.internal.EntityBinder - Bind entity org.frcpm.models.Component on table components
13:10:13.366 [main] DEBUG org.hibernate.boot.model.internal.AnnotatedColumn - Binding column: AnnotatedDiscriminatorColumn(column='DTYPE')
13:10:13.366 [main] DEBUG org.hibernate.boot.model.internal.AnnotatedColumn - Binding column: AnnotatedColumn()
13:10:13.366 [main] DEBUG org.hibernate.boot.internal.ClassLoaderAccessImpl - Not known whether passed class name [org.frcpm.models.Component] is safe
13:10:13.366 [main] DEBUG org.hibernate.boot.internal.ClassLoaderAccessImpl - No temp ClassLoader provided; using live ClassLoader for loading potentially unsafe class : org.frcpm.models.Component
13:10:13.366 [main] DEBUG org.hibernate.boot.model.internal.PropertyBinder - MetadataSourceProcessor property id with lazy=false
13:10:13.366 [main] DEBUG org.hibernate.boot.model.internal.AbstractPropertyHolder - Attempting to locate auto-apply AttributeConverter for property [org.frcpm.models.Component:id]
13:10:13.366 [main] DEBUG org.hibernate.boot.model.internal.BasicValueBinder - building BasicValue for id
13:10:13.367 [main] DEBUG org.hibernate.mapping.BasicValue - Skipping column re-registration: components.id
13:10:13.367 [main] DEBUG org.hibernate.boot.model.internal.PropertyBinder - Building property id
13:10:13.367 [main] DEBUG org.hibernate.boot.model.internal.BinderHelper - #makeIdGenerator(BasicValue([Column(id)]), id, identity, , ...)
13:10:13.367 [main] DEBUG org.hibernate.boot.model.internal.AnnotatedColumn - Binding column: AnnotatedColumn(column='actual_delivery')
13:10:13.367 [main] DEBUG org.hibernate.boot.model.internal.PropertyBinder - MetadataSourceProcessor property actualDelivery with lazy=false
13:10:13.367 [main] DEBUG org.hibernate.boot.model.internal.AbstractPropertyHolder - Attempting to locate auto-apply AttributeConverter for property [org.frcpm.models.Component:actualDelivery]
13:10:13.367 [main] DEBUG org.hibernate.boot.model.internal.BasicValueBinder - building BasicValue for actualDelivery
13:10:13.367 [main] DEBUG org.hibernate.mapping.BasicValue - Skipping column re-registration: components.actual_delivery
13:10:13.367 [main] DEBUG org.hibernate.boot.model.internal.PropertyBinder - Building property actualDelivery
13:10:13.367 [main] DEBUG org.hibernate.boot.model.internal.AnnotatedColumn - Binding column: AnnotatedColumn(column='is_delivered')
13:10:13.367 [main] DEBUG org.hibernate.boot.model.internal.PropertyBinder - MetadataSourceProcessor property delivered with lazy=false
13:10:13.367 [main] DEBUG org.hibernate.boot.model.internal.AbstractPropertyHolder - Attempting to locate auto-apply AttributeConverter for property [org.frcpm.models.Component:delivered]
13:10:13.367 [main] DEBUG org.hibernate.boot.model.internal.BasicValueBinder - building BasicValue for delivered
13:10:13.367 [main] DEBUG org.hibernate.mapping.BasicValue - Skipping column re-registration: components.is_delivered
13:10:13.367 [main] DEBUG org.hibernate.boot.model.internal.PropertyBinder - Building property delivered
13:10:13.367 [main] DEBUG org.hibernate.boot.model.internal.AnnotatedColumn - Binding column: AnnotatedColumn(column='description')
13:10:13.368 [main] DEBUG org.hibernate.boot.model.internal.PropertyBinder - MetadataSourceProcessor property description with lazy=false
13:10:13.368 [main] DEBUG org.hibernate.boot.model.internal.AbstractPropertyHolder - Attempting to locate auto-apply AttributeConverter for property [org.frcpm.models.Component:description]
13:10:13.368 [main] DEBUG org.hibernate.boot.model.internal.BasicValueBinder - building BasicValue for description
13:10:13.368 [main] DEBUG org.hibernate.mapping.BasicValue - Skipping column re-registration: components.description
13:10:13.368 [main] DEBUG org.hibernate.boot.model.internal.PropertyBinder - Building property description
13:10:13.368 [main] DEBUG org.hibernate.boot.model.internal.AnnotatedColumn - Binding column: AnnotatedColumn(column='expected_delivery')
13:10:13.368 [main] DEBUG org.hibernate.boot.model.internal.PropertyBinder - MetadataSourceProcessor property expectedDelivery with lazy=false
13:10:13.368 [main] DEBUG org.hibernate.boot.model.internal.AbstractPropertyHolder - Attempting to locate auto-apply AttributeConverter for property [org.frcpm.models.Component:expectedDelivery]
13:10:13.368 [main] DEBUG org.hibernate.boot.model.internal.BasicValueBinder - building BasicValue for expectedDelivery
13:10:13.368 [main] DEBUG org.hibernate.mapping.BasicValue - Skipping column re-registration: components.expected_delivery
13:10:13.369 [main] DEBUG org.hibernate.boot.model.internal.PropertyBinder - Building property expectedDelivery
13:10:13.369 [main] DEBUG org.hibernate.boot.model.internal.AnnotatedColumn - Binding column: AnnotatedColumn(column='name')
13:10:13.369 [main] DEBUG org.hibernate.boot.model.internal.PropertyBinder - MetadataSourceProcessor property name with lazy=false
13:10:13.369 [main] DEBUG org.hibernate.boot.model.internal.AbstractPropertyHolder - Attempting to locate auto-apply AttributeConverter for property [org.frcpm.models.Component:name]
13:10:13.369 [main] DEBUG org.hibernate.boot.model.internal.BasicValueBinder - building BasicValue for name
13:10:13.369 [main] DEBUG org.hibernate.mapping.BasicValue - Skipping column re-registration: components.name
13:10:13.369 [main] DEBUG org.hibernate.boot.model.internal.PropertyBinder - Building property name
13:10:13.369 [main] DEBUG org.hibernate.boot.model.internal.AnnotatedColumn - Binding column: AnnotatedColumn(column='part_number')
13:10:13.369 [main] DEBUG org.hibernate.boot.model.internal.PropertyBinder - MetadataSourceProcessor property partNumber with lazy=false
13:10:13.369 [main] DEBUG org.hibernate.boot.model.internal.AbstractPropertyHolder - Attempting to locate auto-apply AttributeConverter for property [org.frcpm.models.Component:partNumber]
13:10:13.369 [main] DEBUG org.hibernate.boot.model.internal.BasicValueBinder - building BasicValue for partNumber
13:10:13.369 [main] DEBUG org.hibernate.mapping.BasicValue - Skipping column re-registration: components.part_number
13:10:13.369 [main] DEBUG org.hibernate.boot.model.internal.PropertyBinder - Building property partNumber
13:10:13.369 [main] DEBUG org.hibernate.boot.model.internal.AnnotatedColumn - Binding column: IndexColumn(column='requiredForTasks_ORDER')
13:10:13.370 [main] DEBUG org.hibernate.boot.model.internal.AnnotatedColumn - Binding column: AnnotatedColumn()
13:10:13.370 [main] DEBUG org.hibernate.boot.model.internal.AnnotatedColumn - Binding column: AnnotatedColumn(column='requiredForTasks_KEY')
13:10:13.370 [main] DEBUG org.hibernate.boot.model.internal.AnnotatedColumn - Binding column: AnnotatedJoinColumn(column='requiredForTasks_KEY')
13:10:13.370 [main] DEBUG org.hibernate.boot.model.internal.AnnotatedColumn - Binding column: AnnotatedJoinColumn()
13:10:13.370 [main] DEBUG org.hibernate.boot.model.internal.AnnotatedColumn - Binding column: AnnotatedJoinColumn()
13:10:13.370 [main] DEBUG org.hibernate.boot.model.internal.CollectionBinder - Collection role: org.frcpm.models.Component.requiredForTasks
13:10:13.370 [main] DEBUG org.hibernate.boot.model.internal.PropertyBinder - Building property requiredForTasks
13:10:13.371 [main] DEBUG org.hibernate.boot.registry.classloading.internal.ClassLoaderServiceImpl - HHH000194: Package not found or no package-info.java: org.frcpm.models
13:10:13.373 [main] DEBUG org.hibernate.boot.model.internal.EntityBinder - Binding entity from annotated class: org.frcpm.models.Milestone
13:10:13.373 [main] DEBUG org.hibernate.boot.model.internal.EntityBinder - Import with entity name Milestone
13:10:13.373 [main] DEBUG org.hibernate.boot.model.internal.EntityBinder - Bind entity org.frcpm.models.Milestone on table milestones
13:10:13.373 [main] DEBUG org.hibernate.boot.model.internal.AnnotatedColumn - Binding column: AnnotatedDiscriminatorColumn(column='DTYPE')
13:10:13.374 [main] DEBUG org.hibernate.boot.model.internal.AnnotatedColumn - Binding column: AnnotatedColumn()
13:10:13.375 [main] DEBUG org.hibernate.boot.internal.ClassLoaderAccessImpl - Not known whether passed class name [org.frcpm.models.Milestone] is safe
13:10:13.375 [main] DEBUG org.hibernate.boot.internal.ClassLoaderAccessImpl - No temp ClassLoader provided; using live ClassLoader for loading potentially unsafe class : org.frcpm.models.Milestone
13:10:13.375 [main] DEBUG org.hibernate.boot.model.internal.PropertyBinder - MetadataSourceProcessor property id with lazy=false
13:10:13.375 [main] DEBUG org.hibernate.boot.model.internal.AbstractPropertyHolder - Attempting to locate auto-apply AttributeConverter for property [org.frcpm.models.Milestone:id]
13:10:13.375 [main] DEBUG org.hibernate.boot.model.internal.BasicValueBinder - building BasicValue for id
13:10:13.375 [main] DEBUG org.hibernate.mapping.BasicValue - Skipping column re-registration: milestones.id
13:10:13.375 [main] DEBUG org.hibernate.boot.model.internal.PropertyBinder - Building property id
13:10:13.375 [main] DEBUG org.hibernate.boot.model.internal.BinderHelper - #makeIdGenerator(BasicValue([Column(id)]), id, identity, , ...)
13:10:13.375 [main] DEBUG org.hibernate.boot.model.internal.AnnotatedColumn - Binding column: AnnotatedColumn(column='date')
13:10:13.375 [main] DEBUG org.hibernate.boot.model.internal.PropertyBinder - MetadataSourceProcessor property date with lazy=false
13:10:13.375 [main] DEBUG org.hibernate.boot.model.internal.AbstractPropertyHolder - Attempting to locate auto-apply AttributeConverter for property [org.frcpm.models.Milestone:date]
13:10:13.375 [main] DEBUG org.hibernate.boot.model.internal.BasicValueBinder - building BasicValue for date
13:10:13.375 [main] DEBUG org.hibernate.mapping.BasicValue - Skipping column re-registration: milestones.date
13:10:13.375 [main] DEBUG org.hibernate.boot.model.internal.PropertyBinder - Building property date
13:10:13.376 [main] DEBUG org.hibernate.boot.model.internal.AnnotatedColumn - Binding column: AnnotatedColumn(column='description')
13:10:13.376 [main] DEBUG org.hibernate.boot.model.internal.PropertyBinder - MetadataSourceProcessor property description with lazy=false
13:10:13.376 [main] DEBUG org.hibernate.boot.model.internal.AbstractPropertyHolder - Attempting to locate auto-apply AttributeConverter for property [org.frcpm.models.Milestone:description]
13:10:13.376 [main] DEBUG org.hibernate.boot.model.internal.BasicValueBinder - building BasicValue for description
13:10:13.376 [main] DEBUG org.hibernate.mapping.BasicValue - Skipping column re-registration: milestones.description
13:10:13.376 [main] DEBUG org.hibernate.boot.model.internal.PropertyBinder - Building property description
13:10:13.376 [main] DEBUG org.hibernate.boot.model.internal.AnnotatedColumn - Binding column: AnnotatedColumn(column='name')
13:10:13.376 [main] DEBUG org.hibernate.boot.model.internal.PropertyBinder - MetadataSourceProcessor property name with lazy=false
13:10:13.376 [main] DEBUG org.hibernate.boot.model.internal.AbstractPropertyHolder - Attempting to locate auto-apply AttributeConverter for property [org.frcpm.models.Milestone:name]
13:10:13.376 [main] DEBUG org.hibernate.boot.model.internal.BasicValueBinder - building BasicValue for name
13:10:13.376 [main] DEBUG org.hibernate.mapping.BasicValue - Skipping column re-registration: milestones.name
13:10:13.376 [main] DEBUG org.hibernate.boot.model.internal.PropertyBinder - Building property name
13:10:13.376 [main] DEBUG org.hibernate.boot.model.internal.AnnotatedColumn - Binding column: AnnotatedJoinColumn(column='project_id')
13:10:13.376 [main] DEBUG org.hibernate.boot.model.internal.AnnotatedColumn - Binding column: AnnotatedColumn()
13:10:13.376 [main] DEBUG org.hibernate.boot.model.internal.PropertyBinder - Building property project
13:10:13.377 [main] DEBUG org.hibernate.boot.registry.classloading.internal.ClassLoaderServiceImpl - HHH000194: Package not found or no package-info.java: org.frcpm.models
13:10:13.378 [main] DEBUG org.hibernate.boot.model.internal.EntityBinder - Binding entity from annotated class: org.frcpm.models.Project
13:10:13.378 [main] DEBUG org.hibernate.boot.model.internal.EntityBinder - Import with entity name Project
13:10:13.378 [main] DEBUG org.hibernate.boot.model.internal.EntityBinder - Bind entity org.frcpm.models.Project on table projects
13:10:13.378 [main] DEBUG org.hibernate.boot.model.internal.AnnotatedColumn - Binding column: AnnotatedDiscriminatorColumn(column='DTYPE')
13:10:13.379 [main] DEBUG org.hibernate.boot.model.internal.AnnotatedColumn - Binding column: AnnotatedColumn()
13:10:13.379 [main] DEBUG org.hibernate.boot.internal.ClassLoaderAccessImpl - Not known whether passed class name [org.frcpm.models.Project] is safe
13:10:13.379 [main] DEBUG org.hibernate.boot.internal.ClassLoaderAccessImpl - No temp ClassLoader provided; using live ClassLoader for loading potentially unsafe class : org.frcpm.models.Project
13:10:13.379 [main] DEBUG org.hibernate.boot.model.internal.PropertyBinder - MetadataSourceProcessor property id with lazy=false
13:10:13.379 [main] DEBUG org.hibernate.boot.model.internal.AbstractPropertyHolder - Attempting to locate auto-apply AttributeConverter for property [org.frcpm.models.Project:id]
13:10:13.380 [main] DEBUG org.hibernate.boot.model.internal.BasicValueBinder - building BasicValue for id
13:10:13.380 [frcpm-hikari-pool connection adder] DEBUG com.zaxxer.hikari.pool.HikariPool - frcpm-hikari-pool - After adding stats (total=2, active=0, idle=2, waiting=0)
13:10:13.380 [main] DEBUG org.hibernate.mapping.BasicValue - Skipping column re-registration: projects.id
13:10:13.380 [main] DEBUG org.hibernate.boot.model.internal.PropertyBinder - Building property id
13:10:13.380 [main] DEBUG org.hibernate.boot.model.internal.BinderHelper - #makeIdGenerator(BasicValue([Column(id)]), id, identity, , ...)
13:10:13.380 [main] DEBUG org.hibernate.boot.model.internal.AnnotatedColumn - Binding column: AnnotatedColumn(column='description')
13:10:13.380 [main] DEBUG org.hibernate.boot.model.internal.PropertyBinder - MetadataSourceProcessor property description with lazy=false
13:10:13.380 [main] DEBUG org.hibernate.boot.model.internal.AbstractPropertyHolder - Attempting to locate auto-apply AttributeConverter for property [org.frcpm.models.Project:description]
13:10:13.380 [main] DEBUG org.hibernate.boot.model.internal.BasicValueBinder - building BasicValue for description
13:10:13.380 [main] DEBUG org.hibernate.mapping.BasicValue - Skipping column re-registration: projects.description
13:10:13.380 [main] DEBUG org.hibernate.boot.model.internal.PropertyBinder - Building property description
13:10:13.380 [main] DEBUG org.hibernate.boot.model.internal.AnnotatedColumn - Binding column: AnnotatedColumn(column='goal_end_date')
13:10:13.380 [main] DEBUG org.hibernate.boot.model.internal.PropertyBinder - MetadataSourceProcessor property goalEndDate with lazy=false
13:10:13.380 [main] DEBUG org.hibernate.boot.model.internal.AbstractPropertyHolder - Attempting to locate auto-apply AttributeConverter for property [org.frcpm.models.Project:goalEndDate]
13:10:13.380 [main] DEBUG org.hibernate.boot.model.internal.BasicValueBinder - building BasicValue for goalEndDate
13:10:13.380 [main] DEBUG org.hibernate.mapping.BasicValue - Skipping column re-registration: projects.goal_end_date
13:10:13.380 [main] DEBUG org.hibernate.boot.model.internal.PropertyBinder - Building property goalEndDate
13:10:13.380 [main] DEBUG org.hibernate.boot.model.internal.AnnotatedColumn - Binding column: AnnotatedColumn(column='hard_deadline')
13:10:13.380 [frcpm-hikari-pool connection adder] DEBUG com.zaxxer.hikari.pool.HikariPool - frcpm-hikari-pool - Added connection conn17: url=jdbc:h2:mem:testdb user=SA
13:10:13.380 [main] DEBUG org.hibernate.boot.model.internal.PropertyBinder - MetadataSourceProcessor property hardDeadline with lazy=false
13:10:13.380 [main] DEBUG org.hibernate.boot.model.internal.AbstractPropertyHolder - Attempting to locate auto-apply AttributeConverter for property [org.frcpm.models.Project:hardDeadline]
13:10:13.380 [main] DEBUG org.hibernate.boot.model.internal.BasicValueBinder - building BasicValue for hardDeadline
13:10:13.381 [main] DEBUG org.hibernate.mapping.BasicValue - Skipping column re-registration: projects.hard_deadline
13:10:13.381 [main] DEBUG org.hibernate.boot.model.internal.PropertyBinder - Building property hardDeadline
13:10:13.381 [main] DEBUG org.hibernate.boot.model.internal.AnnotatedColumn - Binding column: AnnotatedJoinColumn()
13:10:13.381 [main] DEBUG org.hibernate.boot.model.internal.AnnotatedColumn - Binding column: AnnotatedColumn()
13:10:13.381 [main] DEBUG org.hibernate.boot.model.internal.AnnotatedColumn - Binding column: IndexColumn(column='meetings_ORDER')
13:10:13.381 [main] DEBUG org.hibernate.boot.model.internal.AnnotatedColumn - Binding column: AnnotatedColumn()
13:10:13.381 [main] DEBUG org.hibernate.boot.model.internal.AnnotatedColumn - Binding column: AnnotatedColumn(column='meetings_KEY')
13:10:13.381 [main] DEBUG org.hibernate.boot.model.internal.AnnotatedColumn - Binding column: AnnotatedJoinColumn(column='meetings_KEY')
13:10:13.381 [main] DEBUG org.hibernate.boot.model.internal.AnnotatedColumn - Binding column: AnnotatedJoinColumn()
13:10:13.381 [main] DEBUG org.hibernate.boot.model.internal.AnnotatedColumn - Binding column: AnnotatedJoinColumn()
13:10:13.381 [main] DEBUG org.hibernate.boot.model.internal.CollectionBinder - Collection role: org.frcpm.models.Project.meetings
13:10:13.381 [main] DEBUG org.hibernate.boot.model.internal.PropertyBinder - Building property meetings
13:10:13.381 [main] DEBUG org.hibernate.boot.model.internal.AnnotatedColumn - Binding column: AnnotatedJoinColumn()
13:10:13.381 [main] DEBUG org.hibernate.boot.model.internal.AnnotatedColumn - Binding column: AnnotatedColumn()
13:10:13.381 [main] DEBUG org.hibernate.boot.model.internal.AnnotatedColumn - Binding column: IndexColumn(column='milestones_ORDER')
13:10:13.381 [main] DEBUG org.hibernate.boot.model.internal.AnnotatedColumn - Binding column: AnnotatedColumn()
13:10:13.381 [main] DEBUG org.hibernate.boot.model.internal.AnnotatedColumn - Binding column: AnnotatedColumn(column='milestones_KEY')
13:10:13.381 [main] DEBUG org.hibernate.boot.model.internal.AnnotatedColumn - Binding column: AnnotatedJoinColumn(column='milestones_KEY')
13:10:13.381 [main] DEBUG org.hibernate.boot.model.internal.AnnotatedColumn - Binding column: AnnotatedJoinColumn()
13:10:13.381 [main] DEBUG org.hibernate.boot.model.internal.AnnotatedColumn - Binding column: AnnotatedJoinColumn()
13:10:13.381 [main] DEBUG org.hibernate.boot.model.internal.CollectionBinder - Collection role: org.frcpm.models.Project.milestones
13:10:13.381 [main] DEBUG org.hibernate.boot.model.internal.PropertyBinder - Building property milestones
13:10:13.381 [main] DEBUG org.hibernate.boot.model.internal.AnnotatedColumn - Binding column: AnnotatedColumn(column='name')
13:10:13.381 [main] DEBUG org.hibernate.boot.model.internal.PropertyBinder - MetadataSourceProcessor property name with lazy=false
13:10:13.381 [main] DEBUG org.hibernate.boot.model.internal.AbstractPropertyHolder - Attempting to locate auto-apply AttributeConverter for property [org.frcpm.models.Project:name]
13:10:13.381 [main] DEBUG org.hibernate.boot.model.internal.BasicValueBinder - building BasicValue for name
13:10:13.381 [main] DEBUG org.hibernate.mapping.BasicValue - Skipping column re-registration: projects.name
13:10:13.381 [main] DEBUG org.hibernate.boot.model.internal.PropertyBinder - Building property name
13:10:13.381 [main] DEBUG org.hibernate.boot.model.internal.AnnotatedColumn - Binding column: AnnotatedColumn(column='start_date')
13:10:13.381 [main] DEBUG org.hibernate.boot.model.internal.PropertyBinder - MetadataSourceProcessor property startDate with lazy=false
13:10:13.381 [main] DEBUG org.hibernate.boot.model.internal.AbstractPropertyHolder - Attempting to locate auto-apply AttributeConverter for property [org.frcpm.models.Project:startDate]
13:10:13.381 [main] DEBUG org.hibernate.boot.model.internal.BasicValueBinder - building BasicValue for startDate
13:10:13.381 [main] DEBUG org.hibernate.mapping.BasicValue - Skipping column re-registration: projects.start_date
13:10:13.381 [main] DEBUG org.hibernate.boot.model.internal.PropertyBinder - Building property startDate
13:10:13.382 [main] DEBUG org.hibernate.boot.model.internal.AnnotatedColumn - Binding column: AnnotatedJoinColumn()
13:10:13.382 [main] DEBUG org.hibernate.boot.model.internal.AnnotatedColumn - Binding column: AnnotatedColumn()
13:10:13.382 [main] DEBUG org.hibernate.boot.model.internal.AnnotatedColumn - Binding column: IndexColumn(column='tasks_ORDER')
13:10:13.382 [main] DEBUG org.hibernate.boot.model.internal.AnnotatedColumn - Binding column: AnnotatedColumn()
13:10:13.382 [main] DEBUG org.hibernate.boot.model.internal.AnnotatedColumn - Binding column: AnnotatedColumn(column='tasks_KEY')
13:10:13.382 [main] DEBUG org.hibernate.boot.model.internal.AnnotatedColumn - Binding column: AnnotatedJoinColumn(column='tasks_KEY')
13:10:13.382 [main] DEBUG org.hibernate.boot.model.internal.AnnotatedColumn - Binding column: AnnotatedJoinColumn()
13:10:13.382 [main] DEBUG org.hibernate.boot.model.internal.AnnotatedColumn - Binding column: AnnotatedJoinColumn()
13:10:13.382 [main] DEBUG org.hibernate.boot.model.internal.CollectionBinder - Collection role: org.frcpm.models.Project.tasks
13:10:13.382 [main] DEBUG org.hibernate.boot.model.internal.PropertyBinder - Building property tasks
13:10:13.383 [main] DEBUG org.hibernate.boot.registry.classloading.internal.ClassLoaderServiceImpl - HHH000194: Package not found or no package-info.java: org.frcpm.models
13:10:13.383 [main] DEBUG org.hibernate.boot.model.internal.EntityBinder - Binding entity from annotated class: org.frcpm.models.Subteam
13:10:13.383 [main] DEBUG org.hibernate.boot.model.internal.EntityBinder - Import with entity name Subteam
13:10:13.383 [main] DEBUG org.hibernate.boot.model.internal.EntityBinder - Bind entity org.frcpm.models.Subteam on table subteams
13:10:13.383 [main] DEBUG org.hibernate.boot.model.internal.AnnotatedColumn - Binding column: AnnotatedDiscriminatorColumn(column='DTYPE')
13:10:13.384 [main] DEBUG org.hibernate.boot.model.internal.AnnotatedColumn - Binding column: AnnotatedColumn()
13:10:13.384 [main] DEBUG org.hibernate.boot.internal.ClassLoaderAccessImpl - Not known whether passed class name [org.frcpm.models.Subteam] is safe
13:10:13.384 [main] DEBUG org.hibernate.boot.internal.ClassLoaderAccessImpl - No temp ClassLoader provided; using live ClassLoader for loading potentially unsafe class : org.frcpm.models.Subteam
13:10:13.384 [main] DEBUG org.hibernate.boot.model.internal.PropertyBinder - MetadataSourceProcessor property id with lazy=false
13:10:13.384 [main] DEBUG org.hibernate.boot.model.internal.AbstractPropertyHolder - Attempting to locate auto-apply AttributeConverter for property [org.frcpm.models.Subteam:id]
13:10:13.384 [main] DEBUG org.hibernate.boot.model.internal.BasicValueBinder - building BasicValue for id
13:10:13.384 [main] DEBUG org.hibernate.mapping.BasicValue - Skipping column re-registration: subteams.id
13:10:13.384 [main] DEBUG org.hibernate.boot.model.internal.PropertyBinder - Building property id
13:10:13.384 [main] DEBUG org.hibernate.boot.model.internal.BinderHelper - #makeIdGenerator(BasicValue([Column(id)]), id, identity, , ...)
13:10:13.384 [main] DEBUG org.hibernate.boot.model.internal.AnnotatedColumn - Binding column: AnnotatedColumn(column='color_code')
13:10:13.384 [main] DEBUG org.hibernate.boot.model.internal.PropertyBinder - MetadataSourceProcessor property colorCode with lazy=false
13:10:13.384 [main] DEBUG org.hibernate.boot.model.internal.AbstractPropertyHolder - Attempting to locate auto-apply AttributeConverter for property [org.frcpm.models.Subteam:colorCode]
13:10:13.385 [main] DEBUG org.hibernate.boot.model.internal.BasicValueBinder - building BasicValue for colorCode
13:10:13.385 [main] DEBUG org.hibernate.mapping.BasicValue - Skipping column re-registration: subteams.color_code
13:10:13.385 [main] DEBUG org.hibernate.boot.model.internal.PropertyBinder - Building property colorCode
13:10:13.385 [main] DEBUG org.hibernate.boot.model.internal.AnnotatedColumn - Binding column: AnnotatedJoinColumn()
13:10:13.385 [main] DEBUG org.hibernate.boot.model.internal.AnnotatedColumn - Binding column: AnnotatedColumn()
13:10:13.385 [main] DEBUG org.hibernate.boot.model.internal.AnnotatedColumn - Binding column: IndexColumn(column='members_ORDER')
13:10:13.385 [main] DEBUG org.hibernate.boot.model.internal.AnnotatedColumn - Binding column: AnnotatedColumn()
13:10:13.385 [main] DEBUG org.hibernate.boot.model.internal.AnnotatedColumn - Binding column: AnnotatedColumn(column='members_KEY')
13:10:13.385 [main] DEBUG org.hibernate.boot.model.internal.AnnotatedColumn - Binding column: AnnotatedJoinColumn(column='members_KEY')
13:10:13.385 [main] DEBUG org.hibernate.boot.model.internal.AnnotatedColumn - Binding column: AnnotatedJoinColumn()
13:10:13.385 [main] DEBUG org.hibernate.boot.model.internal.AnnotatedColumn - Binding column: AnnotatedJoinColumn()
13:10:13.385 [main] DEBUG org.hibernate.boot.model.internal.CollectionBinder - Collection role: org.frcpm.models.Subteam.members
13:10:13.385 [main] DEBUG org.hibernate.boot.model.internal.PropertyBinder - Building property members
13:10:13.386 [main] DEBUG org.hibernate.boot.model.internal.AnnotatedColumn - Binding column: AnnotatedColumn(column='name')
13:10:13.386 [main] DEBUG org.hibernate.boot.model.internal.PropertyBinder - MetadataSourceProcessor property name with lazy=false
13:10:13.386 [main] DEBUG org.hibernate.boot.model.internal.AbstractPropertyHolder - Attempting to locate auto-apply AttributeConverter for property [org.frcpm.models.Subteam:name]
13:10:13.386 [main] DEBUG org.hibernate.boot.model.internal.BasicValueBinder - building BasicValue for name
13:10:13.386 [main] DEBUG org.hibernate.mapping.BasicValue - Skipping column re-registration: subteams.name
13:10:13.386 [main] DEBUG org.hibernate.boot.model.internal.PropertyBinder - Building property name
13:10:13.387 [main] DEBUG org.hibernate.boot.model.internal.AnnotatedColumn - Binding column: AnnotatedColumn(column='specialties')
13:10:13.387 [main] DEBUG org.hibernate.boot.model.internal.PropertyBinder - MetadataSourceProcessor property specialties with lazy=false
13:10:13.387 [main] DEBUG org.hibernate.boot.model.internal.AbstractPropertyHolder - Attempting to locate auto-apply AttributeConverter for property [org.frcpm.models.Subteam:specialties]
13:10:13.387 [main] DEBUG org.hibernate.boot.model.internal.BasicValueBinder - building BasicValue for specialties
13:10:13.387 [main] DEBUG org.hibernate.mapping.BasicValue - Skipping column re-registration: subteams.specialties
13:10:13.387 [main] DEBUG org.hibernate.boot.model.internal.PropertyBinder - Building property specialties
13:10:13.387 [main] DEBUG org.hibernate.boot.model.internal.AnnotatedColumn - Binding column: AnnotatedJoinColumn()
13:10:13.387 [main] DEBUG org.hibernate.boot.model.internal.AnnotatedColumn - Binding column: AnnotatedColumn()
13:10:13.387 [main] DEBUG org.hibernate.boot.model.internal.AnnotatedColumn - Binding column: IndexColumn(column='subsystems_ORDER')
13:10:13.387 [main] DEBUG org.hibernate.boot.model.internal.AnnotatedColumn - Binding column: AnnotatedColumn()
13:10:13.387 [main] DEBUG org.hibernate.boot.model.internal.AnnotatedColumn - Binding column: AnnotatedColumn(column='subsystems_KEY')
13:10:13.387 [main] DEBUG org.hibernate.boot.model.internal.AnnotatedColumn - Binding column: AnnotatedJoinColumn(column='subsystems_KEY')
13:10:13.387 [main] DEBUG org.hibernate.boot.model.internal.AnnotatedColumn - Binding column: AnnotatedJoinColumn()
13:10:13.387 [main] DEBUG org.hibernate.boot.model.internal.AnnotatedColumn - Binding column: AnnotatedJoinColumn()
13:10:13.388 [main] DEBUG org.hibernate.boot.model.internal.CollectionBinder - Collection role: org.frcpm.models.Subteam.subsystems
13:10:13.388 [main] DEBUG org.hibernate.boot.model.internal.PropertyBinder - Building property subsystems
13:10:13.390 [main] DEBUG org.hibernate.boot.registry.classloading.internal.ClassLoaderServiceImpl - HHH000194: Package not found or no package-info.java: org.frcpm.models
13:10:13.390 [main] DEBUG org.hibernate.boot.model.internal.EntityBinder - Binding entity from annotated class: org.frcpm.models.Task
13:10:13.391 [main] DEBUG org.hibernate.boot.model.internal.EntityBinder - Import with entity name Task
13:10:13.391 [main] DEBUG org.hibernate.boot.model.internal.EntityBinder - Bind entity org.frcpm.models.Task on table tasks
13:10:13.391 [main] DEBUG org.hibernate.boot.model.internal.AnnotatedColumn - Binding column: AnnotatedDiscriminatorColumn(column='DTYPE')
13:10:13.391 [main] DEBUG org.hibernate.boot.model.internal.AnnotatedColumn - Binding column: AnnotatedColumn()
13:10:13.391 [main] DEBUG org.hibernate.boot.internal.ClassLoaderAccessImpl - Not known whether passed class name [org.frcpm.models.Task] is safe
13:10:13.391 [main] DEBUG org.hibernate.boot.internal.ClassLoaderAccessImpl - No temp ClassLoader provided; using live ClassLoader for loading potentially unsafe class : org.frcpm.models.Task
13:10:13.391 [main] DEBUG org.hibernate.boot.model.internal.PropertyBinder - MetadataSourceProcessor property id with lazy=false
13:10:13.391 [main] DEBUG org.hibernate.boot.model.internal.AbstractPropertyHolder - Attempting to locate auto-apply AttributeConverter for property [org.frcpm.models.Task:id]
13:10:13.391 [main] DEBUG org.hibernate.boot.model.internal.BasicValueBinder - building BasicValue for id
13:10:13.391 [main] DEBUG org.hibernate.mapping.BasicValue - Skipping column re-registration: tasks.id
13:10:13.391 [main] DEBUG org.hibernate.boot.model.internal.PropertyBinder - Building property id
13:10:13.391 [main] DEBUG org.hibernate.boot.model.internal.BinderHelper - #makeIdGenerator(BasicValue([Column(id)]), id, identity, , ...)
13:10:13.391 [main] DEBUG org.hibernate.boot.model.internal.AnnotatedColumn - Binding column: AnnotatedColumn(column='actual_duration_seconds')
13:10:13.391 [main] DEBUG org.hibernate.boot.model.internal.PropertyBinder - MetadataSourceProcessor property actualDurationSeconds with lazy=false
13:10:13.391 [main] DEBUG org.hibernate.boot.model.internal.AbstractPropertyHolder - Attempting to locate auto-apply AttributeConverter for property [org.frcpm.models.Task:actualDurationSeconds]
13:10:13.391 [main] DEBUG org.hibernate.boot.model.internal.BasicValueBinder - building BasicValue for actualDurationSeconds
13:10:13.391 [main] DEBUG org.hibernate.mapping.BasicValue - Skipping column re-registration: tasks.actual_duration_seconds
13:10:13.391 [main] DEBUG org.hibernate.boot.model.internal.PropertyBinder - Building property actualDurationSeconds
13:10:13.392 [main] DEBUG org.hibernate.boot.model.internal.AnnotatedColumn - Binding column: IndexColumn(column='assignedTo_ORDER')
13:10:13.392 [main] DEBUG org.hibernate.boot.model.internal.AnnotatedColumn - Binding column: AnnotatedColumn()
13:10:13.392 [main] DEBUG org.hibernate.boot.model.internal.AnnotatedColumn - Binding column: AnnotatedColumn(column='assignedTo_KEY')
13:10:13.392 [main] DEBUG org.hibernate.boot.model.internal.AnnotatedColumn - Binding column: AnnotatedJoinColumn(column='assignedTo_KEY')
13:10:13.392 [main] DEBUG org.hibernate.boot.model.internal.AnnotatedColumn - Binding column: AnnotatedJoinColumn(column='task_id')
13:10:13.392 [main] DEBUG org.hibernate.boot.model.internal.AnnotatedColumn - Binding column: AnnotatedJoinColumn(column='team_member_id')
13:10:13.392 [main] DEBUG org.hibernate.boot.model.internal.CollectionBinder - Collection role: org.frcpm.models.Task.assignedTo
13:10:13.392 [main] DEBUG org.hibernate.boot.model.internal.PropertyBinder - Building property assignedTo
13:10:13.392 [main] DEBUG org.hibernate.boot.model.internal.AnnotatedColumn - Binding column: AnnotatedColumn(column='completed')
13:10:13.392 [main] DEBUG org.hibernate.boot.model.internal.PropertyBinder - MetadataSourceProcessor property completed with lazy=false
13:10:13.392 [main] DEBUG org.hibernate.boot.model.internal.AbstractPropertyHolder - Attempting to locate auto-apply AttributeConverter for property [org.frcpm.models.Task:completed]
13:10:13.392 [main] DEBUG org.hibernate.boot.model.internal.BasicValueBinder - building BasicValue for completed
13:10:13.392 [main] DEBUG org.hibernate.mapping.BasicValue - Skipping column re-registration: tasks.completed
13:10:13.392 [main] DEBUG org.hibernate.boot.model.internal.PropertyBinder - Building property completed
13:10:13.392 [main] DEBUG org.hibernate.boot.model.internal.AnnotatedColumn - Binding column: AnnotatedColumn(column='description')
13:10:13.392 [main] DEBUG org.hibernate.boot.model.internal.PropertyBinder - MetadataSourceProcessor property description with lazy=false
13:10:13.392 [main] DEBUG org.hibernate.boot.model.internal.AbstractPropertyHolder - Attempting to locate auto-apply AttributeConverter for property [org.frcpm.models.Task:description]
13:10:13.392 [main] DEBUG org.hibernate.boot.model.internal.BasicValueBinder - building BasicValue for description
13:10:13.392 [main] DEBUG org.hibernate.mapping.BasicValue - Skipping column re-registration: tasks.description
13:10:13.392 [main] DEBUG org.hibernate.boot.model.internal.PropertyBinder - Building property description
13:10:13.392 [main] DEBUG org.hibernate.boot.model.internal.AnnotatedColumn - Binding column: AnnotatedColumn(column='end_date')
13:10:13.392 [main] DEBUG org.hibernate.boot.model.internal.PropertyBinder - MetadataSourceProcessor property endDate with lazy=false
13:10:13.392 [main] DEBUG org.hibernate.boot.model.internal.AbstractPropertyHolder - Attempting to locate auto-apply AttributeConverter for property [org.frcpm.models.Task:endDate]
13:10:13.392 [main] DEBUG org.hibernate.boot.model.internal.BasicValueBinder - building BasicValue for endDate
13:10:13.392 [main] DEBUG org.hibernate.mapping.BasicValue - Skipping column re-registration: tasks.end_date
13:10:13.392 [main] DEBUG org.hibernate.boot.model.internal.PropertyBinder - Building property endDate
13:10:13.392 [main] DEBUG org.hibernate.boot.model.internal.AnnotatedColumn - Binding column: AnnotatedColumn(column='estimated_duration_seconds')
13:10:13.392 [main] DEBUG org.hibernate.boot.model.internal.PropertyBinder - MetadataSourceProcessor property estimatedDurationSeconds with lazy=false
13:10:13.392 [main] DEBUG org.hibernate.boot.model.internal.AbstractPropertyHolder - Attempting to locate auto-apply AttributeConverter for property [org.frcpm.models.Task:estimatedDurationSeconds]
13:10:13.392 [main] DEBUG org.hibernate.boot.model.internal.BasicValueBinder - building BasicValue for estimatedDurationSeconds
13:10:13.392 [main] DEBUG org.hibernate.mapping.BasicValue - Skipping column re-registration: tasks.estimated_duration_seconds
13:10:13.392 [main] DEBUG org.hibernate.boot.model.internal.PropertyBinder - Building property estimatedDurationSeconds
13:10:13.392 [main] DEBUG org.hibernate.boot.model.internal.AnnotatedColumn - Binding column: IndexColumn(column='postDependencies_ORDER')
13:10:13.392 [main] DEBUG org.hibernate.boot.model.internal.AnnotatedColumn - Binding column: AnnotatedColumn()
13:10:13.392 [main] DEBUG org.hibernate.boot.model.internal.AnnotatedColumn - Binding column: AnnotatedColumn(column='postDependencies_KEY')
13:10:13.392 [main] DEBUG org.hibernate.boot.model.internal.AnnotatedColumn - Binding column: AnnotatedJoinColumn(column='postDependencies_KEY')
13:10:13.392 [main] DEBUG org.hibernate.boot.model.internal.AnnotatedColumn - Binding column: AnnotatedJoinColumn()
13:10:13.392 [main] DEBUG org.hibernate.boot.model.internal.AnnotatedColumn - Binding column: AnnotatedJoinColumn()
13:10:13.392 [main] DEBUG org.hibernate.boot.model.internal.CollectionBinder - Collection role: org.frcpm.models.Task.postDependencies
13:10:13.392 [main] DEBUG org.hibernate.boot.model.internal.PropertyBinder - Building property postDependencies
13:10:13.392 [main] DEBUG org.hibernate.boot.model.internal.AnnotatedColumn - Binding column: IndexColumn(column='preDependencies_ORDER')
13:10:13.392 [main] DEBUG org.hibernate.boot.model.internal.AnnotatedColumn - Binding column: AnnotatedColumn()
13:10:13.392 [main] DEBUG org.hibernate.boot.model.internal.AnnotatedColumn - Binding column: AnnotatedColumn(column='preDependencies_KEY')
13:10:13.392 [main] DEBUG org.hibernate.boot.model.internal.AnnotatedColumn - Binding column: AnnotatedJoinColumn(column='preDependencies_KEY')
13:10:13.392 [main] DEBUG org.hibernate.boot.model.internal.AnnotatedColumn - Binding column: AnnotatedJoinColumn(column='task_id')
13:10:13.392 [main] DEBUG org.hibernate.boot.model.internal.AnnotatedColumn - Binding column: AnnotatedJoinColumn(column='dependency_id')
13:10:13.392 [main] DEBUG org.hibernate.boot.model.internal.CollectionBinder - Collection role: org.frcpm.models.Task.preDependencies
13:10:13.392 [main] DEBUG org.hibernate.boot.model.internal.PropertyBinder - Building property preDependencies
13:10:13.392 [main] DEBUG org.hibernate.boot.model.internal.AnnotatedColumn - Binding column: AnnotatedColumn(column='priority')
13:10:13.392 [main] DEBUG org.hibernate.boot.model.internal.PropertyBinder - MetadataSourceProcessor property priority with lazy=false
13:10:13.392 [main] DEBUG org.hibernate.boot.model.internal.AbstractPropertyHolder - Attempting to locate auto-apply AttributeConverter for property [org.frcpm.models.Task:priority]
13:10:13.392 [main] DEBUG org.hibernate.boot.model.internal.BasicValueBinder - building BasicValue for priority
13:10:13.392 [main] DEBUG org.hibernate.mapping.BasicValue - Skipping column re-registration: tasks.priority
13:10:13.392 [main] DEBUG org.hibernate.boot.model.internal.PropertyBinder - Building property priority
13:10:13.393 [main] DEBUG org.hibernate.boot.model.internal.AnnotatedColumn - Binding column: AnnotatedColumn(column='progress')
13:10:13.393 [main] DEBUG org.hibernate.boot.model.internal.PropertyBinder - MetadataSourceProcessor property progress with lazy=false
13:10:13.393 [main] DEBUG org.hibernate.boot.model.internal.AbstractPropertyHolder - Attempting to locate auto-apply AttributeConverter for property [org.frcpm.models.Task:progress]
13:10:13.393 [main] DEBUG org.hibernate.boot.model.internal.BasicValueBinder - building BasicValue for progress
13:10:13.393 [main] DEBUG org.hibernate.mapping.BasicValue - Skipping column re-registration: tasks.progress
13:10:13.393 [main] DEBUG org.hibernate.boot.model.internal.PropertyBinder - Building property progress
13:10:13.393 [main] DEBUG org.hibernate.boot.model.internal.AnnotatedColumn - Binding column: AnnotatedJoinColumn(column='project_id')
13:10:13.393 [main] DEBUG org.hibernate.boot.model.internal.AnnotatedColumn - Binding column: AnnotatedColumn()
13:10:13.393 [main] DEBUG org.hibernate.boot.model.internal.PropertyBinder - Building property project
13:10:13.393 [main] DEBUG org.hibernate.boot.model.internal.AnnotatedColumn - Binding column: IndexColumn(column='requiredComponents_ORDER')
13:10:13.393 [main] DEBUG org.hibernate.boot.model.internal.AnnotatedColumn - Binding column: AnnotatedColumn()
13:10:13.393 [main] DEBUG org.hibernate.boot.model.internal.AnnotatedColumn - Binding column: AnnotatedColumn(column='requiredComponents_KEY')
13:10:13.393 [main] DEBUG org.hibernate.boot.model.internal.AnnotatedColumn - Binding column: AnnotatedJoinColumn(column='requiredComponents_KEY')
13:10:13.393 [main] DEBUG org.hibernate.boot.model.internal.AnnotatedColumn - Binding column: AnnotatedJoinColumn(column='task_id')
13:10:13.393 [main] DEBUG org.hibernate.boot.model.internal.AnnotatedColumn - Binding column: AnnotatedJoinColumn(column='component_id')
13:10:13.393 [main] DEBUG org.hibernate.boot.model.internal.CollectionBinder - Collection role: org.frcpm.models.Task.requiredComponents
13:10:13.393 [main] DEBUG org.hibernate.boot.model.internal.PropertyBinder - Building property requiredComponents
13:10:13.393 [main] DEBUG org.hibernate.boot.model.internal.AnnotatedColumn - Binding column: AnnotatedColumn(column='start_date')
13:10:13.393 [main] DEBUG org.hibernate.boot.model.internal.PropertyBinder - MetadataSourceProcessor property startDate with lazy=false
13:10:13.393 [main] DEBUG org.hibernate.boot.model.internal.AbstractPropertyHolder - Attempting to locate auto-apply AttributeConverter for property [org.frcpm.models.Task:startDate]
13:10:13.393 [main] DEBUG org.hibernate.boot.model.internal.BasicValueBinder - building BasicValue for startDate
13:10:13.393 [main] DEBUG org.hibernate.mapping.BasicValue - Skipping column re-registration: tasks.start_date
13:10:13.393 [main] DEBUG org.hibernate.boot.model.internal.PropertyBinder - Building property startDate
13:10:13.393 [main] DEBUG org.hibernate.boot.model.internal.AnnotatedColumn - Binding column: AnnotatedJoinColumn(column='subsystem_id')
13:10:13.393 [main] DEBUG org.hibernate.boot.model.internal.AnnotatedColumn - Binding column: AnnotatedColumn()
13:10:13.393 [main] DEBUG org.hibernate.boot.model.internal.PropertyBinder - Building property subsystem
13:10:13.393 [main] DEBUG org.hibernate.boot.model.internal.AnnotatedColumn - Binding column: AnnotatedColumn(column='title')
13:10:13.393 [main] DEBUG org.hibernate.boot.model.internal.PropertyBinder - MetadataSourceProcessor property title with lazy=false
13:10:13.393 [main] DEBUG org.hibernate.boot.model.internal.AbstractPropertyHolder - Attempting to locate auto-apply AttributeConverter for property [org.frcpm.models.Task:title]
13:10:13.393 [main] DEBUG org.hibernate.boot.model.internal.BasicValueBinder - building BasicValue for title
13:10:13.393 [main] DEBUG org.hibernate.mapping.BasicValue - Skipping column re-registration: tasks.title
13:10:13.393 [main] DEBUG org.hibernate.boot.model.internal.PropertyBinder - Building property title
13:10:13.394 [main] DEBUG org.hibernate.boot.registry.classloading.internal.ClassLoaderServiceImpl - HHH000194: Package not found or no package-info.java: org.frcpm.models
13:10:13.395 [main] DEBUG org.hibernate.boot.model.internal.EntityBinder - Binding entity from annotated class: org.frcpm.models.TeamMember
13:10:13.395 [main] DEBUG org.hibernate.boot.model.internal.EntityBinder - Import with entity name TeamMember
13:10:13.395 [main] DEBUG org.hibernate.boot.model.internal.EntityBinder - Bind entity org.frcpm.models.TeamMember on table team_members
13:10:13.395 [main] DEBUG org.hibernate.boot.model.internal.AnnotatedColumn - Binding column: AnnotatedDiscriminatorColumn(column='DTYPE')
13:10:13.396 [main] DEBUG org.hibernate.boot.model.internal.AnnotatedColumn - Binding column: AnnotatedColumn()
13:10:13.396 [main] DEBUG org.hibernate.boot.internal.ClassLoaderAccessImpl - Not known whether passed class name [org.frcpm.models.TeamMember] is safe
13:10:13.396 [main] DEBUG org.hibernate.boot.internal.ClassLoaderAccessImpl - No temp ClassLoader provided; using live ClassLoader for loading potentially unsafe class : org.frcpm.models.TeamMember
13:10:13.396 [main] DEBUG org.hibernate.boot.model.internal.PropertyBinder - MetadataSourceProcessor property id with lazy=false
13:10:13.396 [main] DEBUG org.hibernate.boot.model.internal.AbstractPropertyHolder - Attempting to locate auto-apply AttributeConverter for property [org.frcpm.models.TeamMember:id]
13:10:13.396 [main] DEBUG org.hibernate.boot.model.internal.BasicValueBinder - building BasicValue for id
13:10:13.396 [main] DEBUG org.hibernate.mapping.BasicValue - Skipping column re-registration: team_members.id
13:10:13.396 [main] DEBUG org.hibernate.boot.model.internal.PropertyBinder - Building property id
13:10:13.396 [main] DEBUG org.hibernate.boot.model.internal.BinderHelper - #makeIdGenerator(BasicValue([Column(id)]), id, identity, , ...)
13:10:13.396 [main] DEBUG org.hibernate.boot.model.internal.AnnotatedColumn - Binding column: IndexColumn(column='assignedTasks_ORDER')
13:10:13.396 [main] DEBUG org.hibernate.boot.model.internal.AnnotatedColumn - Binding column: AnnotatedColumn()
13:10:13.396 [main] DEBUG org.hibernate.boot.model.internal.AnnotatedColumn - Binding column: AnnotatedColumn(column='assignedTasks_KEY')
13:10:13.396 [main] DEBUG org.hibernate.boot.model.internal.AnnotatedColumn - Binding column: AnnotatedJoinColumn(column='assignedTasks_KEY')
13:10:13.396 [main] DEBUG org.hibernate.boot.model.internal.AnnotatedColumn - Binding column: AnnotatedJoinColumn()
13:10:13.396 [main] DEBUG org.hibernate.boot.model.internal.AnnotatedColumn - Binding column: AnnotatedJoinColumn()
13:10:13.396 [main] DEBUG org.hibernate.boot.model.internal.CollectionBinder - Collection role: org.frcpm.models.TeamMember.assignedTasks
13:10:13.396 [main] DEBUG org.hibernate.boot.model.internal.PropertyBinder - Building property assignedTasks
13:10:13.396 [main] DEBUG org.hibernate.boot.model.internal.AnnotatedColumn - Binding column: AnnotatedJoinColumn()
13:10:13.396 [main] DEBUG org.hibernate.boot.model.internal.AnnotatedColumn - Binding column: AnnotatedColumn()
13:10:13.397 [main] DEBUG org.hibernate.boot.model.internal.AnnotatedColumn - Binding column: IndexColumn(column='attendances_ORDER')
13:10:13.397 [main] DEBUG org.hibernate.boot.model.internal.AnnotatedColumn - Binding column: AnnotatedColumn()
13:10:13.397 [main] DEBUG org.hibernate.boot.model.internal.AnnotatedColumn - Binding column: AnnotatedColumn(column='attendances_KEY')
13:10:13.397 [main] DEBUG org.hibernate.boot.model.internal.AnnotatedColumn - Binding column: AnnotatedJoinColumn(column='attendances_KEY')
13:10:13.397 [main] DEBUG org.hibernate.boot.model.internal.AnnotatedColumn - Binding column: AnnotatedJoinColumn()
13:10:13.397 [main] DEBUG org.hibernate.boot.model.internal.AnnotatedColumn - Binding column: AnnotatedJoinColumn()
13:10:13.397 [main] DEBUG org.hibernate.boot.model.internal.CollectionBinder - Collection role: org.frcpm.models.TeamMember.attendances
13:10:13.397 [main] DEBUG org.hibernate.boot.model.internal.PropertyBinder - Building property attendances
13:10:13.397 [main] DEBUG org.hibernate.boot.model.internal.AnnotatedColumn - Binding column: AnnotatedColumn(column='email')
13:10:13.397 [main] DEBUG org.hibernate.boot.model.internal.PropertyBinder - MetadataSourceProcessor property email with lazy=false
13:10:13.397 [main] DEBUG org.hibernate.boot.model.internal.AbstractPropertyHolder - Attempting to locate auto-apply AttributeConverter for property [org.frcpm.models.TeamMember:email]
13:10:13.397 [main] DEBUG org.hibernate.boot.model.internal.BasicValueBinder - building BasicValue for email
13:10:13.397 [main] DEBUG org.hibernate.mapping.BasicValue - Skipping column re-registration: team_members.email
13:10:13.397 [main] DEBUG org.hibernate.boot.model.internal.PropertyBinder - Building property email
13:10:13.397 [main] DEBUG org.hibernate.boot.model.internal.AnnotatedColumn - Binding column: AnnotatedColumn(column='first_name')
13:10:13.397 [main] DEBUG org.hibernate.boot.model.internal.PropertyBinder - MetadataSourceProcessor property firstName with lazy=false
13:10:13.397 [main] DEBUG org.hibernate.boot.model.internal.AbstractPropertyHolder - Attempting to locate auto-apply AttributeConverter for property [org.frcpm.models.TeamMember:firstName]
13:10:13.397 [main] DEBUG org.hibernate.boot.model.internal.BasicValueBinder - building BasicValue for firstName
13:10:13.397 [main] DEBUG org.hibernate.mapping.BasicValue - Skipping column re-registration: team_members.first_name
13:10:13.397 [main] DEBUG org.hibernate.boot.model.internal.PropertyBinder - Building property firstName
13:10:13.397 [main] DEBUG org.hibernate.boot.model.internal.AnnotatedColumn - Binding column: AnnotatedColumn(column='last_name')
13:10:13.397 [main] DEBUG org.hibernate.boot.model.internal.PropertyBinder - MetadataSourceProcessor property lastName with lazy=false
13:10:13.397 [main] DEBUG org.hibernate.boot.model.internal.AbstractPropertyHolder - Attempting to locate auto-apply AttributeConverter for property [org.frcpm.models.TeamMember:lastName]
13:10:13.397 [main] DEBUG org.hibernate.boot.model.internal.BasicValueBinder - building BasicValue for lastName
13:10:13.397 [main] DEBUG org.hibernate.mapping.BasicValue - Skipping column re-registration: team_members.last_name
13:10:13.397 [main] DEBUG org.hibernate.boot.model.internal.PropertyBinder - Building property lastName
13:10:13.397 [main] DEBUG org.hibernate.boot.model.internal.AnnotatedColumn - Binding column: AnnotatedColumn(column='is_leader')
13:10:13.397 [main] DEBUG org.hibernate.boot.model.internal.PropertyBinder - MetadataSourceProcessor property leader with lazy=false
13:10:13.397 [main] DEBUG org.hibernate.boot.model.internal.AbstractPropertyHolder - Attempting to locate auto-apply AttributeConverter for property [org.frcpm.models.TeamMember:leader]
13:10:13.397 [main] DEBUG org.hibernate.boot.model.internal.BasicValueBinder - building BasicValue for leader
13:10:13.397 [main] DEBUG org.hibernate.mapping.BasicValue - Skipping column re-registration: team_members.is_leader
13:10:13.397 [main] DEBUG org.hibernate.boot.model.internal.PropertyBinder - Building property leader
13:10:13.397 [main] DEBUG org.hibernate.boot.model.internal.AnnotatedColumn - Binding column: AnnotatedColumn(column='phone')
13:10:13.397 [main] DEBUG org.hibernate.boot.model.internal.PropertyBinder - MetadataSourceProcessor property phone with lazy=false
13:10:13.397 [main] DEBUG org.hibernate.boot.model.internal.AbstractPropertyHolder - Attempting to locate auto-apply AttributeConverter for property [org.frcpm.models.TeamMember:phone]
13:10:13.397 [main] DEBUG org.hibernate.boot.model.internal.BasicValueBinder - building BasicValue for phone
13:10:13.397 [main] DEBUG org.hibernate.mapping.BasicValue - Skipping column re-registration: team_members.phone
13:10:13.397 [main] DEBUG org.hibernate.boot.model.internal.PropertyBinder - Building property phone
13:10:13.397 [main] DEBUG org.hibernate.boot.model.internal.AnnotatedColumn - Binding column: AnnotatedColumn(column='skills')
13:10:13.397 [main] DEBUG org.hibernate.boot.model.internal.PropertyBinder - MetadataSourceProcessor property skills with lazy=false
13:10:13.397 [main] DEBUG org.hibernate.boot.model.internal.AbstractPropertyHolder - Attempting to locate auto-apply AttributeConverter for property [org.frcpm.models.TeamMember:skills]
13:10:13.397 [main] DEBUG org.hibernate.boot.model.internal.BasicValueBinder - building BasicValue for skills
13:10:13.397 [main] DEBUG org.hibernate.mapping.BasicValue - Skipping column re-registration: team_members.skills
13:10:13.397 [main] DEBUG org.hibernate.boot.model.internal.PropertyBinder - Building property skills
13:10:13.397 [main] DEBUG org.hibernate.boot.model.internal.AnnotatedColumn - Binding column: AnnotatedJoinColumn(column='subteam_id')
13:10:13.397 [main] DEBUG org.hibernate.boot.model.internal.AnnotatedColumn - Binding column: AnnotatedColumn()
13:10:13.397 [main] DEBUG org.hibernate.boot.model.internal.PropertyBinder - Building property subteam
13:10:13.397 [main] DEBUG org.hibernate.boot.model.internal.AnnotatedColumn - Binding column: AnnotatedColumn(column='username')
13:10:13.397 [main] DEBUG org.hibernate.boot.model.internal.PropertyBinder - MetadataSourceProcessor property username with lazy=false
13:10:13.397 [main] DEBUG org.hibernate.boot.model.internal.AbstractPropertyHolder - Attempting to locate auto-apply AttributeConverter for property [org.frcpm.models.TeamMember:username]
13:10:13.397 [main] DEBUG org.hibernate.boot.model.internal.BasicValueBinder - building BasicValue for username
13:10:13.398 [main] DEBUG org.hibernate.mapping.BasicValue - Skipping column re-registration: team_members.username
13:10:13.398 [main] DEBUG org.hibernate.boot.model.internal.PropertyBinder - Building property username
13:10:13.398 [main] DEBUG org.hibernate.boot.registry.classloading.internal.ClassLoaderServiceImpl - HHH000194: Package not found or no package-info.java: org.frcpm.models
13:10:13.399 [main] DEBUG org.hibernate.boot.model.internal.BasicValueBinder - Starting `BasicValueBinder#fillSimpleValue` for id
13:10:13.400 [main] DEBUG org.hibernate.boot.model.internal.BasicValueBinder - Starting `BasicValueBinder#fillSimpleValue` for arrivalTime
13:10:13.400 [main] DEBUG org.hibernate.boot.model.internal.BasicValueBinder - Starting `BasicValueBinder#fillSimpleValue` for departureTime
13:10:13.400 [main] DEBUG org.hibernate.boot.model.internal.BasicValueBinder - Starting `BasicValueBinder#fillSimpleValue` for present
13:10:13.400 [main] DEBUG org.hibernate.boot.model.internal.BasicValueBinder - Starting `BasicValueBinder#fillSimpleValue` for id
13:10:13.400 [main] DEBUG org.hibernate.boot.model.internal.BasicValueBinder - Starting `BasicValueBinder#fillSimpleValue` for date
13:10:13.400 [main] DEBUG org.hibernate.boot.model.internal.BasicValueBinder - Starting `BasicValueBinder#fillSimpleValue` for endTime
13:10:13.400 [main] DEBUG org.hibernate.boot.model.internal.BasicValueBinder - Starting `BasicValueBinder#fillSimpleValue` for notes
13:10:13.400 [main] DEBUG org.hibernate.boot.model.internal.BasicValueBinder - Starting `BasicValueBinder#fillSimpleValue` for startTime
13:10:13.400 [main] DEBUG org.hibernate.boot.model.internal.BasicValueBinder - Starting `BasicValueBinder#fillSimpleValue` for id
13:10:13.400 [main] DEBUG org.hibernate.boot.model.internal.BasicValueBinder - Starting `BasicValueBinder#fillSimpleValue` for description
13:10:13.400 [main] DEBUG org.hibernate.boot.model.internal.BasicValueBinder - Starting `BasicValueBinder#fillSimpleValue` for name
13:10:13.400 [main] DEBUG org.hibernate.boot.model.internal.BasicValueBinder - Starting `BasicValueBinder#fillSimpleValue` for status
13:10:13.400 [main] DEBUG org.hibernate.boot.model.internal.BasicValueBinder - Starting `BasicValueBinder#fillSimpleValue` for id
13:10:13.400 [main] DEBUG org.hibernate.boot.model.internal.BasicValueBinder - Starting `BasicValueBinder#fillSimpleValue` for actualDelivery
13:10:13.400 [main] DEBUG org.hibernate.boot.model.internal.BasicValueBinder - Starting `BasicValueBinder#fillSimpleValue` for delivered
13:10:13.400 [main] DEBUG org.hibernate.boot.model.internal.BasicValueBinder - Starting `BasicValueBinder#fillSimpleValue` for description
13:10:13.400 [main] DEBUG org.hibernate.boot.model.internal.BasicValueBinder - Starting `BasicValueBinder#fillSimpleValue` for expectedDelivery
13:10:13.400 [main] DEBUG org.hibernate.boot.model.internal.BasicValueBinder - Starting `BasicValueBinder#fillSimpleValue` for name
13:10:13.400 [main] DEBUG org.hibernate.boot.model.internal.BasicValueBinder - Starting `BasicValueBinder#fillSimpleValue` for partNumber
13:10:13.400 [main] DEBUG org.hibernate.boot.model.internal.BasicValueBinder - Starting `BasicValueBinder#fillSimpleValue` for id
13:10:13.400 [main] DEBUG org.hibernate.boot.model.internal.BasicValueBinder - Starting `BasicValueBinder#fillSimpleValue` for date
13:10:13.400 [main] DEBUG org.hibernate.boot.model.internal.BasicValueBinder - Starting `BasicValueBinder#fillSimpleValue` for description
13:10:13.400 [main] DEBUG org.hibernate.boot.model.internal.BasicValueBinder - Starting `BasicValueBinder#fillSimpleValue` for name
13:10:13.400 [main] DEBUG org.hibernate.boot.model.internal.BasicValueBinder - Starting `BasicValueBinder#fillSimpleValue` for id
13:10:13.400 [main] DEBUG org.hibernate.boot.model.internal.BasicValueBinder - Starting `BasicValueBinder#fillSimpleValue` for description
13:10:13.400 [main] DEBUG org.hibernate.boot.model.internal.BasicValueBinder - Starting `BasicValueBinder#fillSimpleValue` for goalEndDate
13:10:13.400 [main] DEBUG org.hibernate.boot.model.internal.BasicValueBinder - Starting `BasicValueBinder#fillSimpleValue` for hardDeadline
13:10:13.400 [main] DEBUG org.hibernate.boot.model.internal.BasicValueBinder - Starting `BasicValueBinder#fillSimpleValue` for name
13:10:13.400 [main] DEBUG org.hibernate.boot.model.internal.BasicValueBinder - Starting `BasicValueBinder#fillSimpleValue` for startDate
13:10:13.400 [main] DEBUG org.hibernate.boot.model.internal.BasicValueBinder - Starting `BasicValueBinder#fillSimpleValue` for id
13:10:13.400 [main] DEBUG org.hibernate.boot.model.internal.BasicValueBinder - Starting `BasicValueBinder#fillSimpleValue` for colorCode
13:10:13.400 [main] DEBUG org.hibernate.boot.model.internal.BasicValueBinder - Starting `BasicValueBinder#fillSimpleValue` for name
13:10:13.400 [main] DEBUG org.hibernate.boot.model.internal.BasicValueBinder - Starting `BasicValueBinder#fillSimpleValue` for specialties
13:10:13.400 [main] DEBUG org.hibernate.boot.model.internal.BasicValueBinder - Starting `BasicValueBinder#fillSimpleValue` for id
13:10:13.400 [main] DEBUG org.hibernate.boot.model.internal.BasicValueBinder - Starting `BasicValueBinder#fillSimpleValue` for actualDurationSeconds
13:10:13.400 [main] DEBUG org.hibernate.boot.model.internal.BasicValueBinder - Starting `BasicValueBinder#fillSimpleValue` for completed
13:10:13.400 [main] DEBUG org.hibernate.boot.model.internal.BasicValueBinder - Starting `BasicValueBinder#fillSimpleValue` for description
13:10:13.400 [main] DEBUG org.hibernate.boot.model.internal.BasicValueBinder - Starting `BasicValueBinder#fillSimpleValue` for endDate
13:10:13.400 [main] DEBUG org.hibernate.boot.model.internal.BasicValueBinder - Starting `BasicValueBinder#fillSimpleValue` for estimatedDurationSeconds
13:10:13.400 [main] DEBUG org.hibernate.boot.model.internal.BasicValueBinder - Starting `BasicValueBinder#fillSimpleValue` for priority
13:10:13.400 [main] DEBUG org.hibernate.boot.model.internal.BasicValueBinder - Starting `BasicValueBinder#fillSimpleValue` for progress
13:10:13.400 [main] DEBUG org.hibernate.boot.model.internal.BasicValueBinder - Starting `BasicValueBinder#fillSimpleValue` for startDate
13:10:13.400 [main] DEBUG org.hibernate.boot.model.internal.BasicValueBinder - Starting `BasicValueBinder#fillSimpleValue` for title
13:10:13.400 [main] DEBUG org.hibernate.boot.model.internal.BasicValueBinder - Starting `BasicValueBinder#fillSimpleValue` for id
13:10:13.400 [main] DEBUG org.hibernate.boot.model.internal.BasicValueBinder - Starting `BasicValueBinder#fillSimpleValue` for email
13:10:13.400 [main] DEBUG org.hibernate.boot.model.internal.BasicValueBinder - Starting `BasicValueBinder#fillSimpleValue` for firstName
13:10:13.400 [main] DEBUG org.hibernate.boot.model.internal.BasicValueBinder - Starting `BasicValueBinder#fillSimpleValue` for lastName
13:10:13.400 [main] DEBUG org.hibernate.boot.model.internal.BasicValueBinder - Starting `BasicValueBinder#fillSimpleValue` for leader
13:10:13.400 [main] DEBUG org.hibernate.boot.model.internal.BasicValueBinder - Starting `BasicValueBinder#fillSimpleValue` for phone
13:10:13.400 [main] DEBUG org.hibernate.boot.model.internal.BasicValueBinder - Starting `BasicValueBinder#fillSimpleValue` for skills
13:10:13.400 [main] DEBUG org.hibernate.boot.model.internal.BasicValueBinder - Starting `BasicValueBinder#fillSimpleValue` for username
13:10:13.400 [main] DEBUG org.hibernate.mapping.PrimaryKey - Forcing column [id] to be non-null as it is part of the primary key for table [attendances]
13:10:13.400 [main] DEBUG org.hibernate.mapping.PrimaryKey - Forcing column [id] to be non-null as it is part of the primary key for table [meetings]
13:10:13.400 [main] DEBUG org.hibernate.mapping.PrimaryKey - Forcing column [id] to be non-null as it is part of the primary key for table [subsystems]
13:10:13.400 [main] DEBUG org.hibernate.mapping.PrimaryKey - Forcing column [id] to be non-null as it is part of the primary key for table [components]
13:10:13.400 [main] DEBUG org.hibernate.mapping.PrimaryKey - Forcing column [id] to be non-null as it is part of the primary key for table [milestones]
13:10:13.400 [main] DEBUG org.hibernate.mapping.PrimaryKey - Forcing column [id] to be non-null as it is part of the primary key for table [projects]
13:10:13.400 [main] DEBUG org.hibernate.mapping.PrimaryKey - Forcing column [id] to be non-null as it is part of the primary key for table [subteams]
13:10:13.400 [main] DEBUG org.hibernate.mapping.PrimaryKey - Forcing column [id] to be non-null as it is part of the primary key for table [tasks]
13:10:13.400 [main] DEBUG org.hibernate.mapping.PrimaryKey - Forcing column [id] to be non-null as it is part of the primary key for table [team_members]
13:10:13.400 [main] DEBUG org.hibernate.boot.model.internal.CollectionSecondPass - Second pass for collection: org.frcpm.models.Task.requiredComponents
13:10:13.400 [main] DEBUG org.hibernate.boot.model.internal.CollectionBinder - Binding a ManyToMany: org.frcpm.models.Task.requiredComponents
13:10:13.401 [main] DEBUG org.hibernate.boot.registry.classloading.internal.ClassLoaderServiceImpl - HHH000194: Package not found or no package-info.java: org.frcpm.models
13:10:13.401 [main] DEBUG org.hibernate.mapping.PrimaryKey - Forcing column [task_id] to be non-null as it is part of the primary key for table [task_components]
13:10:13.401 [main] DEBUG org.hibernate.mapping.PrimaryKey - Forcing column [component_id] to be non-null as it is part of the primary key for table [task_components]
13:10:13.401 [main] DEBUG org.hibernate.boot.model.internal.CollectionSecondPass - Mapped collection key: task_id, element: component_id
13:10:13.401 [main] DEBUG org.hibernate.boot.model.internal.CollectionSecondPass - Second pass for collection: org.frcpm.models.Task.preDependencies
13:10:13.401 [main] DEBUG org.hibernate.boot.model.internal.CollectionBinder - Binding a ManyToMany: org.frcpm.models.Task.preDependencies
13:10:13.402 [main] DEBUG org.hibernate.boot.registry.classloading.internal.ClassLoaderServiceImpl - HHH000194: Package not found or no package-info.java: org.frcpm.models
13:10:13.403 [main] DEBUG org.hibernate.mapping.PrimaryKey - Forcing column [task_id] to be non-null as it is part of the primary key for table [task_dependencies]
13:10:13.403 [main] DEBUG org.hibernate.mapping.PrimaryKey - Forcing column [dependency_id] to be non-null as it is part of the primary key for table [task_dependencies]
13:10:13.403 [main] DEBUG org.hibernate.boot.model.internal.CollectionSecondPass - Mapped collection key: task_id, element: dependency_id
13:10:13.403 [main] DEBUG org.hibernate.boot.model.internal.CollectionSecondPass - Second pass for collection: org.frcpm.models.Task.assignedTo
13:10:13.403 [main] DEBUG org.hibernate.boot.model.internal.CollectionBinder - Binding a ManyToMany: org.frcpm.models.Task.assignedTo
13:10:13.405 [main] DEBUG org.hibernate.boot.registry.classloading.internal.ClassLoaderServiceImpl - HHH000194: Package not found or no package-info.java: org.frcpm.models
13:10:13.405 [main] DEBUG org.hibernate.mapping.PrimaryKey - Forcing column [task_id] to be non-null as it is part of the primary key for table [task_assignments]
13:10:13.406 [main] DEBUG org.hibernate.mapping.PrimaryKey - Forcing column [team_member_id] to be non-null as it is part of the primary key for table [task_assignments]
13:10:13.406 [main] DEBUG org.hibernate.boot.model.internal.CollectionSecondPass - Mapped collection key: task_id, element: team_member_id
13:10:13.406 [main] DEBUG org.hibernate.boot.model.internal.CollectionSecondPass - Second pass for collection: org.frcpm.models.Meeting.attendances
13:10:13.406 [main] DEBUG org.hibernate.boot.model.internal.CollectionBinder - Binding a OneToMany: org.frcpm.models.Meeting.attendances through a foreign key
13:10:13.406 [main] DEBUG org.hibernate.boot.model.internal.CollectionBinder - Mapping collection: org.frcpm.models.Meeting.attendances -> attendances
13:10:13.406 [main] DEBUG org.hibernate.boot.model.internal.TableBinder - Retrieving property org.frcpm.models.Attendance.meeting
13:10:13.406 [main] DEBUG org.hibernate.boot.model.internal.CollectionSecondPass - Mapped collection key: meeting_id, one-to-many: org.frcpm.models.Attendance
13:10:13.406 [main] DEBUG org.hibernate.boot.model.internal.CollectionSecondPass - Second pass for collection: org.frcpm.models.Subsystem.tasks
13:10:13.406 [main] DEBUG org.hibernate.boot.model.internal.CollectionBinder - Binding a OneToMany: org.frcpm.models.Subsystem.tasks through a foreign key
13:10:13.406 [main] DEBUG org.hibernate.boot.model.internal.CollectionBinder - Mapping collection: org.frcpm.models.Subsystem.tasks -> tasks
13:10:13.406 [main] DEBUG org.hibernate.boot.model.internal.TableBinder - Retrieving property org.frcpm.models.Task.subsystem
13:10:13.406 [main] DEBUG org.hibernate.boot.model.internal.CollectionSecondPass - Mapped collection key: subsystem_id, one-to-many: org.frcpm.models.Task
13:10:13.406 [main] DEBUG org.hibernate.boot.model.internal.CollectionSecondPass - Second pass for collection: org.frcpm.models.Component.requiredForTasks
13:10:13.406 [main] DEBUG org.hibernate.boot.model.internal.CollectionBinder - Binding a ManyToMany: org.frcpm.models.Component.requiredForTasks
13:10:13.407 [main] DEBUG org.hibernate.boot.registry.classloading.internal.ClassLoaderServiceImpl - HHH000194: Package not found or no package-info.java: org.frcpm.models
13:10:13.407 [main] DEBUG org.hibernate.boot.model.internal.TableBinder - Retrieving property org.frcpm.models.Task.requiredComponents
13:10:13.408 [main] DEBUG org.hibernate.boot.model.internal.CollectionSecondPass - Mapped collection key: component_id, element: task_id
13:10:13.408 [main] DEBUG org.hibernate.boot.model.internal.CollectionSecondPass - Second pass for collection: org.frcpm.models.Project.meetings
13:10:13.408 [main] DEBUG org.hibernate.boot.model.internal.CollectionBinder - Binding a OneToMany: org.frcpm.models.Project.meetings through a foreign key
13:10:13.408 [main] DEBUG org.hibernate.boot.model.internal.CollectionBinder - Mapping collection: org.frcpm.models.Project.meetings -> meetings
13:10:13.408 [main] DEBUG org.hibernate.boot.model.internal.TableBinder - Retrieving property org.frcpm.models.Meeting.project
13:10:13.408 [main] DEBUG org.hibernate.boot.model.internal.CollectionSecondPass - Mapped collection key: project_id, one-to-many: org.frcpm.models.Meeting
13:10:13.408 [main] DEBUG org.hibernate.boot.model.internal.CollectionSecondPass - Second pass for collection: org.frcpm.models.Project.milestones
13:10:13.408 [main] DEBUG org.hibernate.boot.model.internal.CollectionBinder - Binding a OneToMany: org.frcpm.models.Project.milestones through a foreign key
13:10:13.408 [main] DEBUG org.hibernate.boot.model.internal.CollectionBinder - Mapping collection: org.frcpm.models.Project.milestones -> milestones
13:10:13.408 [main] DEBUG org.hibernate.boot.model.internal.TableBinder - Retrieving property org.frcpm.models.Milestone.project
13:10:13.408 [main] DEBUG org.hibernate.boot.model.internal.CollectionSecondPass - Mapped collection key: project_id, one-to-many: org.frcpm.models.Milestone
13:10:13.408 [main] DEBUG org.hibernate.boot.model.internal.CollectionSecondPass - Second pass for collection: org.frcpm.models.Project.tasks
13:10:13.408 [main] DEBUG org.hibernate.boot.model.internal.CollectionBinder - Binding a OneToMany: org.frcpm.models.Project.tasks through a foreign key
13:10:13.408 [main] DEBUG org.hibernate.boot.model.internal.CollectionBinder - Mapping collection: org.frcpm.models.Project.tasks -> tasks
13:10:13.409 [main] DEBUG org.hibernate.boot.model.internal.TableBinder - Retrieving property org.frcpm.models.Task.project
13:10:13.409 [main] DEBUG org.hibernate.boot.model.internal.CollectionSecondPass - Mapped collection key: project_id, one-to-many: org.frcpm.models.Task
13:10:13.409 [main] DEBUG org.hibernate.boot.model.internal.CollectionSecondPass - Second pass for collection: org.frcpm.models.Subteam.members
13:10:13.409 [main] DEBUG org.hibernate.boot.model.internal.CollectionBinder - Binding a OneToMany: org.frcpm.models.Subteam.members through a foreign key
13:10:13.409 [main] DEBUG org.hibernate.boot.model.internal.CollectionBinder - Mapping collection: org.frcpm.models.Subteam.members -> team_members
13:10:13.409 [main] DEBUG org.hibernate.boot.model.internal.TableBinder - Retrieving property org.frcpm.models.TeamMember.subteam
13:10:13.409 [main] DEBUG org.hibernate.boot.model.internal.CollectionSecondPass - Mapped collection key: subteam_id, one-to-many: org.frcpm.models.TeamMember
13:10:13.409 [main] DEBUG org.hibernate.boot.model.internal.CollectionSecondPass - Second pass for collection: org.frcpm.models.Subteam.subsystems
13:10:13.409 [main] DEBUG org.hibernate.boot.model.internal.CollectionBinder - Binding a OneToMany: org.frcpm.models.Subteam.subsystems through a foreign key
13:10:13.409 [main] DEBUG org.hibernate.boot.model.internal.CollectionBinder - Mapping collection: org.frcpm.models.Subteam.subsystems -> subsystems
13:10:13.410 [main] DEBUG org.hibernate.boot.model.internal.TableBinder - Retrieving property org.frcpm.models.Subsystem.responsibleSubteam
13:10:13.410 [main] DEBUG org.hibernate.boot.model.internal.CollectionSecondPass - Mapped collection key: responsible_subteam_id, one-to-many: org.frcpm.models.Subsystem
13:10:13.410 [main] DEBUG org.hibernate.boot.model.internal.CollectionSecondPass - Second pass for collection: org.frcpm.models.Task.postDependencies
13:10:13.410 [main] DEBUG org.hibernate.boot.model.internal.CollectionBinder - Binding a ManyToMany: org.frcpm.models.Task.postDependencies
13:10:13.410 [main] DEBUG org.hibernate.boot.registry.classloading.internal.ClassLoaderServiceImpl - HHH000194: Package not found or no package-info.java: org.frcpm.models
13:10:13.410 [main] DEBUG org.hibernate.boot.model.internal.TableBinder - Retrieving property org.frcpm.models.Task.preDependencies
13:10:13.410 [main] DEBUG org.hibernate.boot.model.internal.CollectionSecondPass - Mapped collection key: dependency_id, element: task_id
13:10:13.410 [main] DEBUG org.hibernate.boot.model.internal.CollectionSecondPass - Second pass for collection: org.frcpm.models.TeamMember.assignedTasks
13:10:13.410 [main] DEBUG org.hibernate.boot.model.internal.CollectionBinder - Binding a ManyToMany: org.frcpm.models.TeamMember.assignedTasks
13:10:13.411 [main] DEBUG org.hibernate.boot.registry.classloading.internal.ClassLoaderServiceImpl - HHH000194: Package not found or no package-info.java: org.frcpm.models
13:10:13.411 [main] DEBUG org.hibernate.boot.model.internal.TableBinder - Retrieving property org.frcpm.models.Task.assignedTo
13:10:13.411 [main] DEBUG org.hibernate.boot.model.internal.CollectionSecondPass - Mapped collection key: team_member_id, element: task_id
13:10:13.411 [main] DEBUG org.hibernate.boot.model.internal.CollectionSecondPass - Second pass for collection: org.frcpm.models.TeamMember.attendances
13:10:13.411 [main] DEBUG org.hibernate.boot.model.internal.CollectionBinder - Binding a OneToMany: org.frcpm.models.TeamMember.attendances through a foreign key
13:10:13.411 [main] DEBUG org.hibernate.boot.model.internal.CollectionBinder - Mapping collection: org.frcpm.models.TeamMember.attendances -> attendances
13:10:13.411 [main] DEBUG org.hibernate.boot.model.internal.TableBinder - Retrieving property org.frcpm.models.Attendance.member
13:10:13.411 [main] DEBUG org.hibernate.boot.model.internal.CollectionSecondPass - Mapped collection key: member_id, one-to-many: org.frcpm.models.Attendance
13:10:13.427 [frcpm-hikari-pool connection adder] DEBUG com.zaxxer.hikari.pool.HikariPool - frcpm-hikari-pool - After adding stats (total=3, active=0, idle=3, waiting=0)
13:10:13.428 [frcpm-hikari-pool connection adder] DEBUG com.zaxxer.hikari.pool.HikariPool - frcpm-hikari-pool - Added connection conn18: url=jdbc:h2:mem:testdb user=SA
13:10:13.432 [main] DEBUG org.hibernate.internal.SessionFactoryImpl - Building session factory
13:10:13.434 [main] DEBUG org.hibernate.service.internal.SessionFactoryServiceRegistryImpl - EventListenerRegistry access via ServiceRegistry is deprecated.  Use `sessionFactory.getEventEngine().getListenerRegistry()` instead
13:10:13.434 [main] DEBUG org.hibernate.internal.SessionFactoryImpl - Instantiating SessionFactory with settings: {hibernate.format_sql=true, java.specification.version=21, sun.cpu.isalist=amd64, hibernate.connection.handling_mode=DELAYED_ACQUISITION_AND_RELEASE_AFTER_STATEMENT, sun.jnu.encoding=Cp1252, hibernate.dialect=org.hibernate.dialect.H2Dialect, java.class.path=C:\Users\dhiebert\Local Repositories\Project Management 2.0\target\test-classes;C:\Users\dhiebert\Local Repositories\Project Management 2.0\target\classes;C:\Users\dhiebert\.m2\repository\org\openjfx\javafx-controls\21.0.2\javafx-controls-21.0.2.jar;C:\Users\dhiebert\.m2\repository\org\openjfx\javafx-controls\21.0.2\javafx-controls-21.0.2-win.jar;C:\Users\dhiebert\.m2\repository\org\openjfx\javafx-fxml\21.0.2\javafx-fxml-21.0.2.jar;C:\Users\dhiebert\.m2\repository\org\openjfx\javafx-fxml\21.0.2\javafx-fxml-21.0.2-win.jar;C:\Users\dhiebert\.m2\repository\org\openjfx\javafx-graphics\21.0.2\javafx-graphics-21.0.2.jar;C:\Users\dhiebert\.m2\repository\org\openjfx\javafx-graphics\21.0.2\javafx-graphics-21.0.2-win.jar;C:\Users\dhiebert\.m2\repository\org\openjfx\javafx-base\21.0.2\javafx-base-21.0.2.jar;C:\Users\dhiebert\.m2\repository\org\openjfx\javafx-base\21.0.2\javafx-base-21.0.2-win.jar;C:\Users\dhiebert\.m2\repository\com\h2database\h2\2.2.224\h2-2.2.224.jar;C:\Users\dhiebert\.m2\repository\com\zaxxer\HikariCP\5.1.0\HikariCP-5.1.0.jar;C:\Users\dhiebert\.m2\repository\org\slf4j\slf4j-api\1.7.36\slf4j-api-1.7.36.jar;C:\Users\dhiebert\.m2\repository\org\hibernate\orm\hibernate-core\6.5.0.Final\hibernate-core-6.5.0.Final.jar;C:\Users\dhiebert\.m2\repository\jakarta\persistence\jakarta.persistence-api\3.1.0\jakarta.persistence-api-3.1.0.jar;C:\Users\dhiebert\.m2\repository\jakarta\transaction\jakarta.transaction-api\2.0.1\jakarta.transaction-api-2.0.1.jar;C:\Users\dhiebert\.m2\repository\org\jboss\logging\jboss-logging\3.5.0.Final\jboss-logging-3.5.0.Final.jar;C:\Users\dhiebert\.m2\repository\org\hibernate\common\hibernate-commons-annotations\6.0.6.Final\hibernate-commons-annotations-6.0.6.Final.jar;C:\Users\dhiebert\.m2\repository\io\smallrye\jandex\3.1.2\jandex-3.1.2.jar;C:\Users\dhiebert\.m2\repository\com\fasterxml\classmate\1.5.1\classmate-1.5.1.jar;C:\Users\dhiebert\.m2\repository\net\bytebuddy\byte-buddy\1.14.12\byte-buddy-1.14.12.jar;C:\Users\dhiebert\.m2\repository\jakarta\xml\bind\jakarta.xml.bind-api\4.0.0\jakarta.xml.bind-api-4.0.0.jar;C:\Users\dhiebert\.m2\repository\jakarta\activation\jakarta.activation-api\2.1.0\jakarta.activation-api-2.1.0.jar;C:\Users\dhiebert\.m2\repository\org\glassfish\jaxb\jaxb-runtime\4.0.2\jaxb-runtime-4.0.2.jar;C:\Users\dhiebert\.m2\repository\org\glassfish\jaxb\jaxb-core\4.0.2\jaxb-core-4.0.2.jar;C:\Users\dhiebert\.m2\repository\org\eclipse\angus\angus-activation\2.0.0\angus-activation-2.0.0.jar;C:\Users\dhiebert\.m2\repository\org\glassfish\jaxb\txw2\4.0.2\txw2-4.0.2.jar;C:\Users\dhiebert\.m2\repository\com\sun\istack\istack-commons-runtime\4.1.1\istack-commons-runtime-4.1.1.jar;C:\Users\dhiebert\.m2\repository\jakarta\inject\jakarta.inject-api\2.0.1\jakarta.inject-api-2.0.1.jar;C:\Users\dhiebert\.m2\repository\org\antlr\antlr4-runtime\4.13.0\antlr4-runtime-4.13.0.jar;C:\Users\dhiebert\.m2\repository\org\hibernate\validator\hibernate-validator\8.0.1.Final\hibernate-validator-8.0.1.Final.jar;C:\Users\dhiebert\.m2\repository\jakarta\validation\jakarta.validation-api\3.0.2\jakarta.validation-api-3.0.2.jar;C:\Users\dhiebert\.m2\repository\org\junit\jupiter\junit-jupiter-api\5.10.2\junit-jupiter-api-5.10.2.jar;C:\Users\dhiebert\.m2\repository\org\opentest4j\opentest4j\1.3.0\opentest4j-1.3.0.jar;C:\Users\dhiebert\.m2\repository\org\junit\platform\junit-platform-commons\1.10.2\junit-platform-commons-1.10.2.jar;C:\Users\dhiebert\.m2\repository\org\apiguardian\apiguardian-api\1.1.2\apiguardian-api-1.1.2.jar;C:\Users\dhiebert\.m2\repository\org\junit\jupiter\junit-jupiter-engine\5.10.2\junit-jupiter-engine-5.10.2.jar;C:\Users\dhiebert\.m2\repository\org\junit\platform\junit-platform-engine\1.10.2\junit-platform-engine-1.10.2.jar;C:\Users\dhiebert\.m2\repository\org\mockito\mockito-junit-jupiter\5.10.0\mockito-junit-jupiter-5.10.0.jar;C:\Users\dhiebert\.m2\repository\org\mockito\mockito-core\5.10.0\mockito-core-5.10.0.jar;C:\Users\dhiebert\.m2\repository\net\bytebuddy\byte-buddy-agent\1.14.11\byte-buddy-agent-1.14.11.jar;C:\Users\dhiebert\.m2\repository\org\objenesis\objenesis\3.3\objenesis-3.3.jar;C:\Users\dhiebert\.m2\repository\org\hibernate\orm\hibernate-hikaricp\6.5.0.Final\hibernate-hikaricp-6.5.0.Final.jar;C:\Users\dhiebert\.m2\repository\ch\qos\logback\logback-classic\1.2.11\logback-classic-1.2.11.jar;C:\Users\dhiebert\.m2\repository\ch\qos\logback\logback-core\1.2.11\logback-core-1.2.11.jar;C:\Users\dhiebert\.m2\repository\org\testfx\testfx-core\4.0.18\testfx-core-4.0.18.jar;C:\Users\dhiebert\.m2\repository\org\hamcrest\hamcrest\2.1\hamcrest-2.1.jar;C:\Users\dhiebert\.m2\repository\org\assertj\assertj-core\3.13.2\assertj-core-3.13.2.jar;C:\Users\dhiebert\.m2\repository\org\osgi\org.osgi.core\6.0.0\org.osgi.core-6.0.0.jar;C:\Users\dhiebert\.m2\repository\org\testfx\testfx-junit5\4.0.18\testfx-junit5-4.0.18.jar;C:\Users\dhiebert\.m2\repository\org\openjfx\javafx-web\17.0.2\javafx-web-17.0.2.jar;C:\Users\dhiebert\.m2\repository\org\openjfx\javafx-web\17.0.2\javafx-web-17.0.2-win.jar;C:\Users\dhiebert\.m2\repository\org\openjfx\javafx-media\17.0.2\javafx-media-17.0.2.jar;C:\Users\dhiebert\.m2\repository\org\openjfx\javafx-media\17.0.2\javafx-media-17.0.2-win.jar;C:\Users\dhiebert\.m2\repository\org\apache\pdfbox\pdfbox\2.0.27\pdfbox-2.0.27.jar;C:\Users\dhiebert\.m2\repository\org\apache\pdfbox\fontbox\2.0.27\fontbox-2.0.27.jar;C:\Users\dhiebert\.m2\repository\commons-logging\commons-logging\1.2\commons-logging-1.2.jar;C:\Users\dhiebert\.m2\repository\com\fasterxml\jackson\core\jackson-databind\2.15.0\jackson-databind-2.15.0.jar;C:\Users\dhiebert\.m2\repository\com\fasterxml\jackson\core\jackson-annotations\2.15.0\jackson-annotations-2.15.0.jar;C:\Users\dhiebert\.m2\repository\com\fasterxml\jackson\core\jackson-core\2.15.0\jackson-core-2.15.0.jar;C:\Users\dhiebert\.m2\repository\org\apache\xmlgraphics\batik-all\1.16\batik-all-1.16.jar;C:\Users\dhiebert\.m2\repository\xml-apis\xml-apis\1.4.01\xml-apis-1.4.01.jar;C:\Users\dhiebert\.m2\repository\xml-apis\xml-apis-ext\1.3.04\xml-apis-ext-1.3.04.jar;C:\Users\dhiebert\.m2\repository\org\apache\xmlgraphics\xmlgraphics-commons\2.7\xmlgraphics-commons-2.7.jar;C:\Users\dhiebert\.m2\repository\commons-io\commons-io\1.3.1\commons-io-1.3.1.jar;C:\Users\dhiebert\.m2\repository\org\jgrapht\jgrapht-core\1.5.2\jgrapht-core-1.5.2.jar;C:\Users\dhiebert\.m2\repository\org\jheaps\jheaps\0.14\jheaps-0.14.jar;C:\Users\dhiebert\.m2\repository\org\apfloat\apfloat\1.10.1\apfloat-1.10.1.jar;, java.vm.vendor=Eclipse Adoptium, sun.arch.data.model=64, hibernate.order_inserts=true, user.variant=, java.vendor.url=https://adoptium.net/, user.timezone=America/Chicago, javax.persistence.jdbc.user=****, javax.persistence.jdbc.url=jdbc:h2:mem:testdb;DB_CLOSE_DELAY=-1, java.vm.specification.version=21, os.name=Windows 11, hibernate.generate_statistics=false, hibernate.hikari.connectionTimeout=10000, hibernate.order_updates=true, hibernate.jdbc.batch_versioned_data=true, jakarta.persistence.jdbc.password=****, hibernate.jdbc.batch_size=30, sun.java.launcher=SUN_STANDARD, user.country=US, local.setting.IS_JTA_TXN_COORD=false, sun.boot.library.path=C:\Program Files\Eclipse Adoptium\jdk-21.0.6.7-hotspot\bin, sun.java.command=C:\Users\dhiebert\AppData\Local\Temp\surefire10019069690924606344\surefirebooter-20250411131008082_3.jar C:\Users\dhiebert\AppData\Local\Temp\surefire10019069690924606344 2025-04-11T13-10-07_936-jvmRun1 surefire-20250411131008082_1tmp surefire_0-20250411131008082_2tmp, hibernate.use_sql_comments=true, hibernate.connection.provider_class=org.hibernate.hikaricp.internal.HikariCPConnectionProvider, jdk.debug=release, test=JpaRepositoryImplTest, surefire.test.class.path=C:\Users\dhiebert\Local Repositories\Project Management 2.0\target\test-classes;C:\Users\dhiebert\Local Repositories\Project Management 2.0\target\classes;C:\Users\dhiebert\.m2\repository\org\openjfx\javafx-controls\21.0.2\javafx-controls-21.0.2.jar;C:\Users\dhiebert\.m2\repository\org\openjfx\javafx-controls\21.0.2\javafx-controls-21.0.2-win.jar;C:\Users\dhiebert\.m2\repository\org\openjfx\javafx-fxml\21.0.2\javafx-fxml-21.0.2.jar;C:\Users\dhiebert\.m2\repository\org\openjfx\javafx-fxml\21.0.2\javafx-fxml-21.0.2-win.jar;C:\Users\dhiebert\.m2\repository\org\openjfx\javafx-graphics\21.0.2\javafx-graphics-21.0.2.jar;C:\Users\dhiebert\.m2\repository\org\openjfx\javafx-graphics\21.0.2\javafx-graphics-21.0.2-win.jar;C:\Users\dhiebert\.m2\repository\org\openjfx\javafx-base\21.0.2\javafx-base-21.0.2.jar;C:\Users\dhiebert\.m2\repository\org\openjfx\javafx-base\21.0.2\javafx-base-21.0.2-win.jar;C:\Users\dhiebert\.m2\repository\com\h2database\h2\2.2.224\h2-2.2.224.jar;C:\Users\dhiebert\.m2\repository\com\zaxxer\HikariCP\5.1.0\HikariCP-5.1.0.jar;C:\Users\dhiebert\.m2\repository\org\slf4j\slf4j-api\1.7.36\slf4j-api-1.7.36.jar;C:\Users\dhiebert\.m2\repository\org\hibernate\orm\hibernate-core\6.5.0.Final\hibernate-core-6.5.0.Final.jar;C:\Users\dhiebert\.m2\repository\jakarta\persistence\jakarta.persistence-api\3.1.0\jakarta.persistence-api-3.1.0.jar;C:\Users\dhiebert\.m2\repository\jakarta\transaction\jakarta.transaction-api\2.0.1\jakarta.transaction-api-2.0.1.jar;C:\Users\dhiebert\.m2\repository\org\jboss\logging\jboss-logging\3.5.0.Final\jboss-logging-3.5.0.Final.jar;C:\Users\dhiebert\.m2\repository\org\hibernate\common\hibernate-commons-annotations\6.0.6.Final\hibernate-commons-annotations-6.0.6.Final.jar;C:\Users\dhiebert\.m2\repository\io\smallrye\jandex\3.1.2\jandex-3.1.2.jar;C:\Users\dhiebert\.m2\repository\com\fasterxml\classmate\1.5.1\classmate-1.5.1.jar;C:\Users\dhiebert\.m2\repository\net\bytebuddy\byte-buddy\1.14.12\byte-buddy-1.14.12.jar;C:\Users\dhiebert\.m2\repository\jakarta\xml\bind\jakarta.xml.bind-api\4.0.0\jakarta.xml.bind-api-4.0.0.jar;C:\Users\dhiebert\.m2\repository\jakarta\activation\jakarta.activation-api\2.1.0\jakarta.activation-api-2.1.0.jar;C:\Users\dhiebert\.m2\repository\org\glassfish\jaxb\jaxb-runtime\4.0.2\jaxb-runtime-4.0.2.jar;C:\Users\dhiebert\.m2\repository\org\glassfish\jaxb\jaxb-core\4.0.2\jaxb-core-4.0.2.jar;C:\Users\dhiebert\.m2\repository\org\eclipse\angus\angus-activation\2.0.0\angus-activation-2.0.0.jar;C:\Users\dhiebert\.m2\repository\org\glassfish\jaxb\txw2\4.0.2\txw2-4.0.2.jar;C:\Users\dhiebert\.m2\repository\com\sun\istack\istack-commons-runtime\4.1.1\istack-commons-runtime-4.1.1.jar;C:\Users\dhiebert\.m2\repository\jakarta\inject\jakarta.inject-api\2.0.1\jakarta.inject-api-2.0.1.jar;C:\Users\dhiebert\.m2\repository\org\antlr\antlr4-runtime\4.13.0\antlr4-runtime-4.13.0.jar;C:\Users\dhiebert\.m2\repository\org\hibernate\validator\hibernate-validator\8.0.1.Final\hibernate-validator-8.0.1.Final.jar;C:\Users\dhiebert\.m2\repository\jakarta\validation\jakarta.validation-api\3.0.2\jakarta.validation-api-3.0.2.jar;C:\Users\dhiebert\.m2\repository\org\junit\jupiter\junit-jupiter-api\5.10.2\junit-jupiter-api-5.10.2.jar;C:\Users\dhiebert\.m2\repository\org\opentest4j\opentest4j\1.3.0\opentest4j-1.3.0.jar;C:\Users\dhiebert\.m2\repository\org\junit\platform\junit-platform-commons\1.10.2\junit-platform-commons-1.10.2.jar;C:\Users\dhiebert\.m2\repository\org\apiguardian\apiguardian-api\1.1.2\apiguardian-api-1.1.2.jar;C:\Users\dhiebert\.m2\repository\org\junit\jupiter\junit-jupiter-engine\5.10.2\junit-jupiter-engine-5.10.2.jar;C:\Users\dhiebert\.m2\repository\org\junit\platform\junit-platform-engine\1.10.2\junit-platform-engine-1.10.2.jar;C:\Users\dhiebert\.m2\repository\org\mockito\mockito-junit-jupiter\5.10.0\mockito-junit-jupiter-5.10.0.jar;C:\Users\dhiebert\.m2\repository\org\mockito\mockito-core\5.10.0\mockito-core-5.10.0.jar;C:\Users\dhiebert\.m2\repository\net\bytebuddy\byte-buddy-agent\1.14.11\byte-buddy-agent-1.14.11.jar;C:\Users\dhiebert\.m2\repository\org\objenesis\objenesis\3.3\objenesis-3.3.jar;C:\Users\dhiebert\.m2\repository\org\hibernate\orm\hibernate-hikaricp\6.5.0.Final\hibernate-hikaricp-6.5.0.Final.jar;C:\Users\dhiebert\.m2\repository\ch\qos\logback\logback-classic\1.2.11\logback-classic-1.2.11.jar;C:\Users\dhiebert\.m2\repository\ch\qos\logback\logback-core\1.2.11\logback-core-1.2.11.jar;C:\Users\dhiebert\.m2\repository\org\testfx\testfx-core\4.0.18\testfx-core-4.0.18.jar;C:\Users\dhiebert\.m2\repository\org\hamcrest\hamcrest\2.1\hamcrest-2.1.jar;C:\Users\dhiebert\.m2\repository\org\assertj\assertj-core\3.13.2\assertj-core-3.13.2.jar;C:\Users\dhiebert\.m2\repository\org\osgi\org.osgi.core\6.0.0\org.osgi.core-6.0.0.jar;C:\Users\dhiebert\.m2\repository\org\testfx\testfx-junit5\4.0.18\testfx-junit5-4.0.18.jar;C:\Users\dhiebert\.m2\repository\org\openjfx\javafx-web\17.0.2\javafx-web-17.0.2.jar;C:\Users\dhiebert\.m2\repository\org\openjfx\javafx-web\17.0.2\javafx-web-17.0.2-win.jar;C:\Users\dhiebert\.m2\repository\org\openjfx\javafx-media\17.0.2\javafx-media-17.0.2.jar;C:\Users\dhiebert\.m2\repository\org\openjfx\javafx-media\17.0.2\javafx-media-17.0.2-win.jar;C:\Users\dhiebert\.m2\repository\org\apache\pdfbox\pdfbox\2.0.27\pdfbox-2.0.27.jar;C:\Users\dhiebert\.m2\repository\org\apache\pdfbox\fontbox\2.0.27\fontbox-2.0.27.jar;C:\Users\dhiebert\.m2\repository\commons-logging\commons-logging\1.2\commons-logging-1.2.jar;C:\Users\dhiebert\.m2\repository\com\fasterxml\jackson\core\jackson-databind\2.15.0\jackson-databind-2.15.0.jar;C:\Users\dhiebert\.m2\repository\com\fasterxml\jackson\core\jackson-annotations\2.15.0\jackson-annotations-2.15.0.jar;C:\Users\dhiebert\.m2\repository\com\fasterxml\jackson\core\jackson-core\2.15.0\jackson-core-2.15.0.jar;C:\Users\dhiebert\.m2\repository\org\apache\xmlgraphics\batik-all\1.16\batik-all-1.16.jar;C:\Users\dhiebert\.m2\repository\xml-apis\xml-apis\1.4.01\xml-apis-1.4.01.jar;C:\Users\dhiebert\.m2\repository\xml-apis\xml-apis-ext\1.3.04\xml-apis-ext-1.3.04.jar;C:\Users\dhiebert\.m2\repository\org\apache\xmlgraphics\xmlgraphics-commons\2.7\xmlgraphics-commons-2.7.jar;C:\Users\dhiebert\.m2\repository\commons-io\commons-io\1.3.1\commons-io-1.3.1.jar;C:\Users\dhiebert\.m2\repository\org\jgrapht\jgrapht-core\1.5.2\jgrapht-core-1.5.2.jar;C:\Users\dhiebert\.m2\repository\org\jheaps\jheaps\0.14\jheaps-0.14.jar;C:\Users\dhiebert\.m2\repository\org\apfloat\apfloat\1.10.1\apfloat-1.10.1.jar;, jakarta.persistence.jdbc.driver=org.h2.Driver, sun.cpu.endian=little, user.home=C:\Users\dhiebert, user.language=en, java.specification.vendor=Oracle Corporation, java.version.date=2025-01-21, java.home=C:\Program Files\Eclipse Adoptium\jdk-21.0.6.7-hotspot, file.separator=\, basedir=C:\Users\dhiebert\Local Repositories\Project Management 2.0, java.vm.compressedOopsMode=Zero based, jakarta.persistence.jdbc.user=****, line.separator=
, hibernate.persistenceUnitName=frcpm, java.vm.specification.vendor=Oracle Corporation, java.specification.name=Java Platform API Specification, hibernate.transaction.coordinator_class=class org.hibernate.resource.transaction.backend.jdbc.internal.JdbcResourceLocalTransactionCoordinatorBuilderImpl, javax.persistence.jdbc.driver=org.h2.Driver, hibernate.hikari.maximumPoolSize=10, surefire.real.class.path=C:\Users\dhiebert\AppData\Local\Temp\surefire10019069690924606344\surefirebooter-20250411131008082_3.jar, hibernate.hbm2ddl.auto=create-drop, user.script=, sun.management.compiler=HotSpot 64-Bit Tiered Compilers, java.runtime.version=21.0.6+7-LTS, user.name=dhiebert, hibernate.cache.use_query_cache=false, stdout.encoding=Cp1252, path.separator=;, hibernate.connection.username=****, os.version=10.0, java.runtime.name=OpenJDK Runtime Environment, hibernate.connection.url=jdbc:h2:mem:testdb;DB_CLOSE_DELAY=-1, file.encoding=UTF-8, hibernate.hikari.minimumIdle=2, hibernate.hikari.idleTimeout=30000, java.vm.name=OpenJDK 64-Bit Server VM, hibernate.show_sql=true, java.vendor.version=Temurin-21.0.6+7, hibernate.hikari.poolName=FRC-PM-HikariCP, hibernate.current_session_context_class=thread, localRepository=C:\Users\dhiebert\.m2\repository, hibernate.connection.driver_class=org.h2.Driver, java.vendor.url.bug=https://github.com/adoptium/adoptium-support/issues, java.io.tmpdir=C:\Users\dhiebert\AppData\Local\Temp\, java.version=21.0.6, user.dir=C:\Users\dhiebert\Local Repositories\Project Management 2.0, os.arch=amd64, java.vm.specification.name=Java Virtual Machine Specification, hibernate.connection.password=****, sun.os.patch.level=, jakarta.persistence.jdbc.url=jdbc:h2:mem:testdb;DB_CLOSE_DELAY=-1, hibernate.boot.CfgXmlAccessService.key=org.hibernate.boot.registry.StandardServiceRegistryBuilder$1@40f40221, native.encoding=Cp1252, hibernate.cache.use_second_level_cache=false, java.library.path=C:\Program Files\Eclipse Adoptium\jdk-21.0.6.7-hotspot\bin;C:\WINDOWS\Sun\Java\bin;C:\WINDOWS\system32;C:\WINDOWS;C:\Program Files\apache-maven-3.9.9\bin;C:\Program Files\apache-maven-3.9.9\bin;C:\Program Files\Eclipse Adoptium\jdk-21.0.6.7-hotspot\bin;C:\Program Files\National Instruments\Shared\OpenVINO\;C:\Program Files\Common Files\Oracle\Java\javapath;C:\WINDOWS\system32;C:\WINDOWS;C:\WINDOWS\System32\Wbem;C:\WINDOWS\System32\WindowsPowerShell\v1.0\;C:\WINDOWS\System32\OpenSSH\;C:\Program Files\dotnet\;C:\Program Files (x86)\Windows Live\Shared;C:\Program Files\Git\cmd;C:\Program Files\Common Files\Autodesk Shared\;C:\Program Files\Microsoft SQL Server\150\Tools\Binn\;C:\Program Files\nodejs\;C:\Program Files\Eclipse Adoptium\jdk-21.0.6.7-hotspot\bin;C:\Program Files\apache-maven-3.9.9\bin;%MAVEN_HOME%\bin;C:\Users\dhiebert\AppData\Local\Microsoft\WindowsApps;C:\Users\dhiebert\AppData\Local\GitHubDesktop\bin;C:\Users\dhiebert\AppData\Roaming\npm;C:\Users\dhiebert\AppData\Local\Packages\PythonSoftwareFoundation.Python.3.11_qbz5n2kfra8p0\LocalCache\local-packages\Python311\Scripts;C:\Users\dhiebert\AppData\Local\Packages\PythonSoftwareFoundation.Python.3.11_qbz5n2kfra8p0\LocalCache\local-packages\Python311\site-packages\maven;;c:\Users\Public\wpilib\2025\vscode\data\user-data\User\globalStorage\github.copilot-chat\debugCommand;c:\Users\Public\wpilib\2025\vscode\data\extensions\ms-python.debugpy-2025.4.1-win32-x64\bundled\scripts\noConfigScripts;., stderr.encoding=Cp1252, java.vendor=Eclipse Adoptium, java.vm.info=mixed mode, sharing, java.vm.version=21.0.6+7-LTS, sun.io.unicode.encoding=UnicodeLittle, javax.persistence.jdbc.password=****, java.class.version=65.0}
13:10:13.434 [main] DEBUG org.hibernate.internal.SessionFactoryImpl - Session factory constructed with filter configurations : {}
13:10:13.436 [main] DEBUG org.hibernate.validator.internal.xml.config.ValidationXmlParser - Trying to load META-INF/validation.xml for XML based Validator configuration.
13:10:13.436 [main] DEBUG org.hibernate.validator.internal.xml.config.ResourceLoaderHelper - Trying to load META-INF/validation.xml via TCCL
13:10:13.436 [main] DEBUG org.hibernate.validator.internal.xml.config.ResourceLoaderHelper - Trying to load META-INF/validation.xml via Hibernate Validator's class loader
13:10:13.436 [main] DEBUG org.hibernate.validator.internal.xml.config.ValidationXmlParser - No META-INF/validation.xml found. Using annotation based configuration only.
13:10:13.436 [main] DEBUG org.hibernate.validator.internal.engine.resolver.TraversableResolvers - Found jakarta.persistence.Persistence on classpath containing 'getPersistenceUtil'. Assuming JPA 2 environment. Trying to instantiate JPA aware TraversableResolver
13:10:13.436 [main] DEBUG org.hibernate.validator.internal.engine.resolver.TraversableResolvers - Instantiated JPA aware TraversableResolver of type org.hibernate.validator.internal.engine.resolver.JPATraversableResolver.
13:10:13.438 [main] DEBUG org.hibernate.validator.messageinterpolation.ResourceBundleMessageInterpolator - Failed to load expression factory via classloader jdk.internal.loader.ClassLoaders$AppClassLoader@70dea4e
java.lang.NoClassDefFoundError: jakarta/el/ExpressionFactory
	at org.hibernate.validator.messageinterpolation.ResourceBundleMessageInterpolator.canLoadExpressionFactory(ResourceBundleMessageInterpolator.java:228)
	at org.hibernate.validator.messageinterpolation.ResourceBundleMessageInterpolator.buildExpressionFactory(ResourceBundleMessageInterpolator.java:173)
	at org.hibernate.validator.messageinterpolation.ResourceBundleMessageInterpolator.<init>(ResourceBundleMessageInterpolator.java:97)
	at org.hibernate.validator.internal.engine.AbstractConfigurationImpl.getDefaultMessageInterpolator(AbstractConfigurationImpl.java:575)
	at org.hibernate.validator.internal.engine.AbstractConfigurationImpl.getDefaultMessageInterpolatorConfiguredWithClassLoader(AbstractConfigurationImpl.java:834)
	at org.hibernate.validator.internal.engine.AbstractConfigurationImpl.getMessageInterpolator(AbstractConfigurationImpl.java:485)
	at org.hibernate.validator.internal.engine.ValidatorFactoryImpl.<init>(ValidatorFactoryImpl.java:157)
	at org.hibernate.validator.HibernateValidator.buildValidatorFactory(HibernateValidator.java:38)
	at org.hibernate.validator.internal.engine.AbstractConfigurationImpl.buildValidatorFactory(AbstractConfigurationImpl.java:453)
	at jakarta.validation.Validation.buildDefaultValidatorFactory(Validation.java:103)
	at org.hibernate.boot.beanvalidation.TypeSafeActivator.getValidatorFactory(TypeSafeActivator.java:482)
	at org.hibernate.boot.beanvalidation.TypeSafeActivator.activate(TypeSafeActivator.java:79)
	at java.base/jdk.internal.reflect.DirectMethodHandleAccessor.invoke(DirectMethodHandleAccessor.java:103)
	at java.base/java.lang.reflect.Method.invoke(Method.java:580)
	at org.hibernate.boot.beanvalidation.BeanValidationIntegrator.integrate(BeanValidationIntegrator.java:139)
	at org.hibernate.internal.SessionFactoryImpl.integrate(SessionFactoryImpl.java:517)
	at org.hibernate.internal.SessionFactoryImpl.<init>(SessionFactoryImpl.java:276)
	at org.hibernate.boot.internal.SessionFactoryBuilderImpl.build(SessionFactoryBuilderImpl.java:457)
	at org.hibernate.jpa.boot.internal.EntityManagerFactoryBuilderImpl.build(EntityManagerFactoryBuilderImpl.java:1506)
	at org.hibernate.jpa.HibernatePersistenceProvider.createEntityManagerFactory(HibernatePersistenceProvider.java:55)
	at jakarta.persistence.Persistence.createEntityManagerFactory(Persistence.java:80)
	at org.frcpm.config.DatabaseConfig.initialize(DatabaseConfig.java:66)
	at org.frcpm.repositories.impl.JpaRepositoryImplTest.setUp(JpaRepositoryImplTest.java:25)
	at java.base/jdk.internal.reflect.DirectMethodHandleAccessor.invoke(DirectMethodHandleAccessor.java:103)
	at java.base/java.lang.reflect.Method.invoke(Method.java:580)
	at org.junit.platform.commons.util.ReflectionUtils.invokeMethod(ReflectionUtils.java:728)
	at org.junit.jupiter.engine.execution.MethodInvocation.proceed(MethodInvocation.java:60)
	at org.junit.jupiter.engine.execution.InvocationInterceptorChain$ValidatingInvocation.proceed(InvocationInterceptorChain.java:131)
	at org.junit.jupiter.engine.extension.TimeoutExtension.intercept(TimeoutExtension.java:156)
	at org.junit.jupiter.engine.extension.TimeoutExtension.interceptLifecycleMethod(TimeoutExtension.java:128)
	at org.junit.jupiter.engine.extension.TimeoutExtension.interceptBeforeEachMethod(TimeoutExtension.java:78)
	at org.junit.jupiter.engine.execution.InterceptingExecutableInvoker$ReflectiveInterceptorCall.lambda$ofVoidMethod$0(InterceptingExecutableInvoker.java:103)
	at org.junit.jupiter.engine.execution.InterceptingExecutableInvoker.lambda$invoke$0(InterceptingExecutableInvoker.java:93)
	at org.junit.jupiter.engine.execution.InvocationInterceptorChain$InterceptedInvocation.proceed(InvocationInterceptorChain.java:106)
	at org.junit.jupiter.engine.execution.InvocationInterceptorChain.proceed(InvocationInterceptorChain.java:64)
	at org.junit.jupiter.engine.execution.InvocationInterceptorChain.chainAndInvoke(InvocationInterceptorChain.java:45)
	at org.junit.jupiter.engine.execution.InvocationInterceptorChain.invoke(InvocationInterceptorChain.java:37)
	at org.junit.jupiter.engine.execution.InterceptingExecutableInvoker.invoke(InterceptingExecutableInvoker.java:92)
	at org.junit.jupiter.engine.execution.InterceptingExecutableInvoker.invoke(InterceptingExecutableInvoker.java:86)
	at org.junit.jupiter.engine.descriptor.ClassBasedTestDescriptor.invokeMethodInExtensionContext(ClassBasedTestDescriptor.java:521)
	at org.junit.jupiter.engine.descriptor.ClassBasedTestDescriptor.lambda$synthesizeBeforeEachMethodAdapter$23(ClassBasedTestDescriptor.java:506)
	at org.junit.jupiter.engine.descriptor.TestMethodTestDescriptor.lambda$invokeBeforeEachMethods$3(TestMethodTestDescriptor.java:175)
	at org.junit.jupiter.engine.descriptor.TestMethodTestDescriptor.lambda$invokeBeforeMethodsOrCallbacksUntilExceptionOccurs$6(TestMethodTestDescriptor.java:203)
	at org.junit.platform.engine.support.hierarchical.ThrowableCollector.execute(ThrowableCollector.java:73)
	at org.junit.jupiter.engine.descriptor.TestMethodTestDescriptor.invokeBeforeMethodsOrCallbacksUntilExceptionOccurs(TestMethodTestDescriptor.java:203)
	at org.junit.jupiter.engine.descriptor.TestMethodTestDescriptor.invokeBeforeEachMethods(TestMethodTestDescriptor.java:172)
	at org.junit.jupiter.engine.descriptor.TestMethodTestDescriptor.execute(TestMethodTestDescriptor.java:135)
	at org.junit.jupiter.engine.descriptor.TestMethodTestDescriptor.execute(TestMethodTestDescriptor.java:69)
	at org.junit.platform.engine.support.hierarchical.NodeTestTask.lambda$executeRecursively$6(NodeTestTask.java:151)
	at org.junit.platform.engine.support.hierarchical.ThrowableCollector.execute(ThrowableCollector.java:73)
	at org.junit.platform.engine.support.hierarchical.NodeTestTask.lambda$executeRecursively$8(NodeTestTask.java:141)
	at org.junit.platform.engine.support.hierarchical.Node.around(Node.java:137)
	at org.junit.platform.engine.support.hierarchical.NodeTestTask.lambda$executeRecursively$9(NodeTestTask.java:139)
	at org.junit.platform.engine.support.hierarchical.ThrowableCollector.execute(ThrowableCollector.java:73)
	at org.junit.platform.engine.support.hierarchical.NodeTestTask.executeRecursively(NodeTestTask.java:138)
	at org.junit.platform.engine.support.hierarchical.NodeTestTask.execute(NodeTestTask.java:95)
	at java.base/java.util.ArrayList.forEach(ArrayList.java:1596)
	at org.junit.platform.engine.support.hierarchical.SameThreadHierarchicalTestExecutorService.invokeAll(SameThreadHierarchicalTestExecutorService.java:41)
	at org.junit.platform.engine.support.hierarchical.NodeTestTask.lambda$executeRecursively$6(NodeTestTask.java:155)
	at org.junit.platform.engine.support.hierarchical.ThrowableCollector.execute(ThrowableCollector.java:73)
	at org.junit.platform.engine.support.hierarchical.NodeTestTask.lambda$executeRecursively$8(NodeTestTask.java:141)
	at org.junit.platform.engine.support.hierarchical.Node.around(Node.java:137)
	at org.junit.platform.engine.support.hierarchical.NodeTestTask.lambda$executeRecursively$9(NodeTestTask.java:139)
	at org.junit.platform.engine.support.hierarchical.ThrowableCollector.execute(ThrowableCollector.java:73)
	at org.junit.platform.engine.support.hierarchical.NodeTestTask.executeRecursively(NodeTestTask.java:138)
	at org.junit.platform.engine.support.hierarchical.NodeTestTask.execute(NodeTestTask.java:95)
	at java.base/java.util.ArrayList.forEach(ArrayList.java:1596)
	at org.junit.platform.engine.support.hierarchical.SameThreadHierarchicalTestExecutorService.invokeAll(SameThreadHierarchicalTestExecutorService.java:41)
	at org.junit.platform.engine.support.hierarchical.NodeTestTask.lambda$executeRecursively$6(NodeTestTask.java:155)
	at org.junit.platform.engine.support.hierarchical.ThrowableCollector.execute(ThrowableCollector.java:73)
	at org.junit.platform.engine.support.hierarchical.NodeTestTask.lambda$executeRecursively$8(NodeTestTask.java:141)
	at org.junit.platform.engine.support.hierarchical.Node.around(Node.java:137)
	at org.junit.platform.engine.support.hierarchical.NodeTestTask.lambda$executeRecursively$9(NodeTestTask.java:139)
	at org.junit.platform.engine.support.hierarchical.ThrowableCollector.execute(ThrowableCollector.java:73)
	at org.junit.platform.engine.support.hierarchical.NodeTestTask.executeRecursively(NodeTestTask.java:138)
	at org.junit.platform.engine.support.hierarchical.NodeTestTask.execute(NodeTestTask.java:95)
	at org.junit.platform.engine.support.hierarchical.SameThreadHierarchicalTestExecutorService.submit(SameThreadHierarchicalTestExecutorService.java:35)
	at org.junit.platform.engine.support.hierarchical.HierarchicalTestExecutor.execute(HierarchicalTestExecutor.java:57)
	at org.junit.platform.engine.support.hierarchical.HierarchicalTestEngine.execute(HierarchicalTestEngine.java:54)
	at org.junit.platform.launcher.core.EngineExecutionOrchestrator.execute(EngineExecutionOrchestrator.java:198)
	at org.junit.platform.launcher.core.EngineExecutionOrchestrator.execute(EngineExecutionOrchestrator.java:169)
	at org.junit.platform.launcher.core.EngineExecutionOrchestrator.execute(EngineExecutionOrchestrator.java:93)
	at org.junit.platform.launcher.core.EngineExecutionOrchestrator.lambda$execute$0(EngineExecutionOrchestrator.java:58)
	at org.junit.platform.launcher.core.EngineExecutionOrchestrator.withInterceptedStreams(EngineExecutionOrchestrator.java:141)
	at org.junit.platform.launcher.core.EngineExecutionOrchestrator.execute(EngineExecutionOrchestrator.java:57)
	at org.junit.platform.launcher.core.DefaultLauncher.execute(DefaultLauncher.java:103)
	at org.junit.platform.launcher.core.DefaultLauncher.execute(DefaultLauncher.java:85)
	at org.junit.platform.launcher.core.DelegatingLauncher.execute(DelegatingLauncher.java:47)
	at org.apache.maven.surefire.junitplatform.LazyLauncher.execute(LazyLauncher.java:56)
	at org.apache.maven.surefire.junitplatform.JUnitPlatformProvider.execute(JUnitPlatformProvider.java:184)
	at org.apache.maven.surefire.junitplatform.JUnitPlatformProvider.invokeAllTests(JUnitPlatformProvider.java:148)
	at org.apache.maven.surefire.junitplatform.JUnitPlatformProvider.invoke(JUnitPlatformProvider.java:122)
	at org.apache.maven.surefire.booter.ForkedBooter.runSuitesInProcess(ForkedBooter.java:385)
	at org.apache.maven.surefire.booter.ForkedBooter.execute(ForkedBooter.java:162)
	at org.apache.maven.surefire.booter.ForkedBooter.run(ForkedBooter.java:507)
	at org.apache.maven.surefire.booter.ForkedBooter.main(ForkedBooter.java:495)
Caused by: java.lang.ClassNotFoundException: jakarta.el.ExpressionFactory
	... 96 common frames omitted
13:10:13.439 [main] DEBUG org.hibernate.validator.messageinterpolation.ResourceBundleMessageInterpolator - Failed to load expression factory via classloader jdk.internal.loader.ClassLoaders$AppClassLoader@70dea4e
java.lang.NoClassDefFoundError: jakarta/el/ExpressionFactory
	at org.hibernate.validator.messageinterpolation.ResourceBundleMessageInterpolator.canLoadExpressionFactory(ResourceBundleMessageInterpolator.java:228)
	at org.hibernate.validator.messageinterpolation.ResourceBundleMessageInterpolator.buildExpressionFactory(ResourceBundleMessageInterpolator.java:186)
	at org.hibernate.validator.messageinterpolation.ResourceBundleMessageInterpolator.<init>(ResourceBundleMessageInterpolator.java:97)
	at org.hibernate.validator.internal.engine.AbstractConfigurationImpl.getDefaultMessageInterpolator(AbstractConfigurationImpl.java:575)
	at org.hibernate.validator.internal.engine.AbstractConfigurationImpl.getDefaultMessageInterpolatorConfiguredWithClassLoader(AbstractConfigurationImpl.java:834)
	at org.hibernate.validator.internal.engine.AbstractConfigurationImpl.getMessageInterpolator(AbstractConfigurationImpl.java:485)
	at org.hibernate.validator.internal.engine.ValidatorFactoryImpl.<init>(ValidatorFactoryImpl.java:157)
	at org.hibernate.validator.HibernateValidator.buildValidatorFactory(HibernateValidator.java:38)
	at org.hibernate.validator.internal.engine.AbstractConfigurationImpl.buildValidatorFactory(AbstractConfigurationImpl.java:453)
	at jakarta.validation.Validation.buildDefaultValidatorFactory(Validation.java:103)
	at org.hibernate.boot.beanvalidation.TypeSafeActivator.getValidatorFactory(TypeSafeActivator.java:482)
	at org.hibernate.boot.beanvalidation.TypeSafeActivator.activate(TypeSafeActivator.java:79)
	at java.base/jdk.internal.reflect.DirectMethodHandleAccessor.invoke(DirectMethodHandleAccessor.java:103)
	at java.base/java.lang.reflect.Method.invoke(Method.java:580)
	at org.hibernate.boot.beanvalidation.BeanValidationIntegrator.integrate(BeanValidationIntegrator.java:139)
	at org.hibernate.internal.SessionFactoryImpl.integrate(SessionFactoryImpl.java:517)
	at org.hibernate.internal.SessionFactoryImpl.<init>(SessionFactoryImpl.java:276)
	at org.hibernate.boot.internal.SessionFactoryBuilderImpl.build(SessionFactoryBuilderImpl.java:457)
	at org.hibernate.jpa.boot.internal.EntityManagerFactoryBuilderImpl.build(EntityManagerFactoryBuilderImpl.java:1506)
	at org.hibernate.jpa.HibernatePersistenceProvider.createEntityManagerFactory(HibernatePersistenceProvider.java:55)
	at jakarta.persistence.Persistence.createEntityManagerFactory(Persistence.java:80)
	at org.frcpm.config.DatabaseConfig.initialize(DatabaseConfig.java:66)
	at org.frcpm.repositories.impl.JpaRepositoryImplTest.setUp(JpaRepositoryImplTest.java:25)
	at java.base/jdk.internal.reflect.DirectMethodHandleAccessor.invoke(DirectMethodHandleAccessor.java:103)
	at java.base/java.lang.reflect.Method.invoke(Method.java:580)
	at org.junit.platform.commons.util.ReflectionUtils.invokeMethod(ReflectionUtils.java:728)
	at org.junit.jupiter.engine.execution.MethodInvocation.proceed(MethodInvocation.java:60)
	at org.junit.jupiter.engine.execution.InvocationInterceptorChain$ValidatingInvocation.proceed(InvocationInterceptorChain.java:131)
	at org.junit.jupiter.engine.extension.TimeoutExtension.intercept(TimeoutExtension.java:156)
	at org.junit.jupiter.engine.extension.TimeoutExtension.interceptLifecycleMethod(TimeoutExtension.java:128)
	at org.junit.jupiter.engine.extension.TimeoutExtension.interceptBeforeEachMethod(TimeoutExtension.java:78)
	at org.junit.jupiter.engine.execution.InterceptingExecutableInvoker$ReflectiveInterceptorCall.lambda$ofVoidMethod$0(InterceptingExecutableInvoker.java:103)
	at org.junit.jupiter.engine.execution.InterceptingExecutableInvoker.lambda$invoke$0(InterceptingExecutableInvoker.java:93)
	at org.junit.jupiter.engine.execution.InvocationInterceptorChain$InterceptedInvocation.proceed(InvocationInterceptorChain.java:106)
	at org.junit.jupiter.engine.execution.InvocationInterceptorChain.proceed(InvocationInterceptorChain.java:64)
	at org.junit.jupiter.engine.execution.InvocationInterceptorChain.chainAndInvoke(InvocationInterceptorChain.java:45)
	at org.junit.jupiter.engine.execution.InvocationInterceptorChain.invoke(InvocationInterceptorChain.java:37)
	at org.junit.jupiter.engine.execution.InterceptingExecutableInvoker.invoke(InterceptingExecutableInvoker.java:92)
	at org.junit.jupiter.engine.execution.InterceptingExecutableInvoker.invoke(InterceptingExecutableInvoker.java:86)
	at org.junit.jupiter.engine.descriptor.ClassBasedTestDescriptor.invokeMethodInExtensionContext(ClassBasedTestDescriptor.java:521)
	at org.junit.jupiter.engine.descriptor.ClassBasedTestDescriptor.lambda$synthesizeBeforeEachMethodAdapter$23(ClassBasedTestDescriptor.java:506)
	at org.junit.jupiter.engine.descriptor.TestMethodTestDescriptor.lambda$invokeBeforeEachMethods$3(TestMethodTestDescriptor.java:175)
	at org.junit.jupiter.engine.descriptor.TestMethodTestDescriptor.lambda$invokeBeforeMethodsOrCallbacksUntilExceptionOccurs$6(TestMethodTestDescriptor.java:203)
	at org.junit.platform.engine.support.hierarchical.ThrowableCollector.execute(ThrowableCollector.java:73)
	at org.junit.jupiter.engine.descriptor.TestMethodTestDescriptor.invokeBeforeMethodsOrCallbacksUntilExceptionOccurs(TestMethodTestDescriptor.java:203)
	at org.junit.jupiter.engine.descriptor.TestMethodTestDescriptor.invokeBeforeEachMethods(TestMethodTestDescriptor.java:172)
	at org.junit.jupiter.engine.descriptor.TestMethodTestDescriptor.execute(TestMethodTestDescriptor.java:135)
	at org.junit.jupiter.engine.descriptor.TestMethodTestDescriptor.execute(TestMethodTestDescriptor.java:69)
	at org.junit.platform.engine.support.hierarchical.NodeTestTask.lambda$executeRecursively$6(NodeTestTask.java:151)
	at org.junit.platform.engine.support.hierarchical.ThrowableCollector.execute(ThrowableCollector.java:73)
	at org.junit.platform.engine.support.hierarchical.NodeTestTask.lambda$executeRecursively$8(NodeTestTask.java:141)
	at org.junit.platform.engine.support.hierarchical.Node.around(Node.java:137)
	at org.junit.platform.engine.support.hierarchical.NodeTestTask.lambda$executeRecursively$9(NodeTestTask.java:139)
	at org.junit.platform.engine.support.hierarchical.ThrowableCollector.execute(ThrowableCollector.java:73)
	at org.junit.platform.engine.support.hierarchical.NodeTestTask.executeRecursively(NodeTestTask.java:138)
	at org.junit.platform.engine.support.hierarchical.NodeTestTask.execute(NodeTestTask.java:95)
	at java.base/java.util.ArrayList.forEach(ArrayList.java:1596)
	at org.junit.platform.engine.support.hierarchical.SameThreadHierarchicalTestExecutorService.invokeAll(SameThreadHierarchicalTestExecutorService.java:41)
	at org.junit.platform.engine.support.hierarchical.NodeTestTask.lambda$executeRecursively$6(NodeTestTask.java:155)
	at org.junit.platform.engine.support.hierarchical.ThrowableCollector.execute(ThrowableCollector.java:73)
	at org.junit.platform.engine.support.hierarchical.NodeTestTask.lambda$executeRecursively$8(NodeTestTask.java:141)
	at org.junit.platform.engine.support.hierarchical.Node.around(Node.java:137)
	at org.junit.platform.engine.support.hierarchical.NodeTestTask.lambda$executeRecursively$9(NodeTestTask.java:139)
	at org.junit.platform.engine.support.hierarchical.ThrowableCollector.execute(ThrowableCollector.java:73)
	at org.junit.platform.engine.support.hierarchical.NodeTestTask.executeRecursively(NodeTestTask.java:138)
	at org.junit.platform.engine.support.hierarchical.NodeTestTask.execute(NodeTestTask.java:95)
	at java.base/java.util.ArrayList.forEach(ArrayList.java:1596)
	at org.junit.platform.engine.support.hierarchical.SameThreadHierarchicalTestExecutorService.invokeAll(SameThreadHierarchicalTestExecutorService.java:41)
	at org.junit.platform.engine.support.hierarchical.NodeTestTask.lambda$executeRecursively$6(NodeTestTask.java:155)
	at org.junit.platform.engine.support.hierarchical.ThrowableCollector.execute(ThrowableCollector.java:73)
	at org.junit.platform.engine.support.hierarchical.NodeTestTask.lambda$executeRecursively$8(NodeTestTask.java:141)
	at org.junit.platform.engine.support.hierarchical.Node.around(Node.java:137)
	at org.junit.platform.engine.support.hierarchical.NodeTestTask.lambda$executeRecursively$9(NodeTestTask.java:139)
	at org.junit.platform.engine.support.hierarchical.ThrowableCollector.execute(ThrowableCollector.java:73)
	at org.junit.platform.engine.support.hierarchical.NodeTestTask.executeRecursively(NodeTestTask.java:138)
	at org.junit.platform.engine.support.hierarchical.NodeTestTask.execute(NodeTestTask.java:95)
	at org.junit.platform.engine.support.hierarchical.SameThreadHierarchicalTestExecutorService.submit(SameThreadHierarchicalTestExecutorService.java:35)
	at org.junit.platform.engine.support.hierarchical.HierarchicalTestExecutor.execute(HierarchicalTestExecutor.java:57)
	at org.junit.platform.engine.support.hierarchical.HierarchicalTestEngine.execute(HierarchicalTestEngine.java:54)
	at org.junit.platform.launcher.core.EngineExecutionOrchestrator.execute(EngineExecutionOrchestrator.java:198)
	at org.junit.platform.launcher.core.EngineExecutionOrchestrator.execute(EngineExecutionOrchestrator.java:169)
	at org.junit.platform.launcher.core.EngineExecutionOrchestrator.execute(EngineExecutionOrchestrator.java:93)
	at org.junit.platform.launcher.core.EngineExecutionOrchestrator.lambda$execute$0(EngineExecutionOrchestrator.java:58)
	at org.junit.platform.launcher.core.EngineExecutionOrchestrator.withInterceptedStreams(EngineExecutionOrchestrator.java:141)
	at org.junit.platform.launcher.core.EngineExecutionOrchestrator.execute(EngineExecutionOrchestrator.java:57)
	at org.junit.platform.launcher.core.DefaultLauncher.execute(DefaultLauncher.java:103)
	at org.junit.platform.launcher.core.DefaultLauncher.execute(DefaultLauncher.java:85)
	at org.junit.platform.launcher.core.DelegatingLauncher.execute(DelegatingLauncher.java:47)
	at org.apache.maven.surefire.junitplatform.LazyLauncher.execute(LazyLauncher.java:56)
	at org.apache.maven.surefire.junitplatform.JUnitPlatformProvider.execute(JUnitPlatformProvider.java:184)
	at org.apache.maven.surefire.junitplatform.JUnitPlatformProvider.invokeAllTests(JUnitPlatformProvider.java:148)
	at org.apache.maven.surefire.junitplatform.JUnitPlatformProvider.invoke(JUnitPlatformProvider.java:122)
	at org.apache.maven.surefire.booter.ForkedBooter.runSuitesInProcess(ForkedBooter.java:385)
	at org.apache.maven.surefire.booter.ForkedBooter.execute(ForkedBooter.java:162)
	at org.apache.maven.surefire.booter.ForkedBooter.run(ForkedBooter.java:507)
	at org.apache.maven.surefire.booter.ForkedBooter.main(ForkedBooter.java:495)
Caused by: java.lang.ClassNotFoundException: jakarta.el.ExpressionFactory
	... 96 common frames omitted
13:10:13.440 [main] DEBUG org.hibernate.boot.beanvalidation.TypeSafeActivator - Unable to acquire Bean Validation ValidatorFactory, skipping activation
13:10:13.442 [main] DEBUG org.hibernate.query.sqm.function.SqmFunctionRegistry - Registered SqmFunctionTemplate [NamedSqmFunctionTemplate(max)] under max; prior registration was null
13:10:13.442 [main] DEBUG org.hibernate.query.sqm.function.SqmFunctionRegistry - Registered SqmFunctionTemplate [NamedSqmFunctionTemplate(min)] under min; prior registration was null
13:10:13.442 [main] DEBUG org.hibernate.query.sqm.function.SqmFunctionRegistry - Registered SqmFunctionTemplate [NamedSqmFunctionTemplate(sum)] under sum; prior registration was null
13:10:13.442 [main] DEBUG org.hibernate.query.sqm.function.SqmFunctionRegistry - Registered SqmFunctionTemplate [NamedSqmFunctionTemplate(avg)] under avg; prior registration was null
13:10:13.442 [main] DEBUG org.hibernate.query.sqm.function.SqmFunctionRegistry - Registered SqmFunctionTemplate [org.hibernate.dialect.function.CountFunction@10587ce5] under count; prior registration was null
13:10:13.442 [main] DEBUG org.hibernate.query.sqm.function.SqmFunctionRegistry - Registered SqmFunctionTemplate [org.hibernate.dialect.function.EveryAnyEmulation@74a37c91] under every; prior registration was null
13:10:13.442 [main] DEBUG org.hibernate.query.sqm.function.SqmFunctionRegistry - Registered SqmFunctionTemplate [org.hibernate.dialect.function.EveryAnyEmulation@58581ab6] under any; prior registration was null
13:10:13.442 [main] DEBUG org.hibernate.query.sqm.function.SqmFunctionRegistry - Registered SqmFunctionTemplate [NamedSqmFunctionTemplate(floor)] under floor; prior registration was null
13:10:13.442 [main] DEBUG org.hibernate.query.sqm.function.SqmFunctionRegistry - Registered SqmFunctionTemplate [NamedSqmFunctionTemplate(ceiling)] under ceiling; prior registration was null
13:10:13.442 [main] DEBUG org.hibernate.query.sqm.function.SqmFunctionRegistry - Registered SqmFunctionTemplate [NamedSqmFunctionTemplate(mod)] under mod; prior registration was null
13:10:13.442 [main] DEBUG org.hibernate.query.sqm.function.SqmFunctionRegistry - Registered SqmFunctionTemplate [NamedSqmFunctionTemplate(abs)] under abs; prior registration was null
13:10:13.442 [main] DEBUG org.hibernate.query.sqm.function.SqmFunctionRegistry - Registered SqmFunctionTemplate [NamedSqmFunctionTemplate(sign)] under sign; prior registration was null
13:10:13.442 [main] DEBUG org.hibernate.query.sqm.function.SqmFunctionRegistry - Registered SqmFunctionTemplate [NamedSqmFunctionTemplate(sqrt)] under sqrt; prior registration was null
13:10:13.442 [main] DEBUG org.hibernate.query.sqm.function.SqmFunctionRegistry - Registered SqmFunctionTemplate [NamedSqmFunctionTemplate(ln)] under ln; prior registration was null
13:10:13.442 [main] DEBUG org.hibernate.query.sqm.function.SqmFunctionRegistry - Registered SqmFunctionTemplate [NamedSqmFunctionTemplate(exp)] under exp; prior registration was null
13:10:13.442 [main] DEBUG org.hibernate.query.sqm.function.SqmFunctionRegistry - Registered SqmFunctionTemplate [NamedSqmFunctionTemplate(power)] under power; prior registration was null
13:10:13.442 [main] DEBUG org.hibernate.query.sqm.function.SqmFunctionRegistry - Registered SqmFunctionTemplate [NamedSqmFunctionTemplate(round)] under round; prior registration was null
13:10:13.442 [main] DEBUG org.hibernate.query.sqm.function.SqmFunctionRegistry - Registered SqmFunctionTemplate [NamedSqmFunctionTemplate(sin)] under sin; prior registration was null
13:10:13.442 [main] DEBUG org.hibernate.query.sqm.function.SqmFunctionRegistry - Registered SqmFunctionTemplate [NamedSqmFunctionTemplate(cos)] under cos; prior registration was null
13:10:13.442 [main] DEBUG org.hibernate.query.sqm.function.SqmFunctionRegistry - Registered SqmFunctionTemplate [NamedSqmFunctionTemplate(tan)] under tan; prior registration was null
13:10:13.443 [main] DEBUG org.hibernate.query.sqm.function.SqmFunctionRegistry - Registered SqmFunctionTemplate [NamedSqmFunctionTemplate(asin)] under asin; prior registration was null
13:10:13.443 [main] DEBUG org.hibernate.query.sqm.function.SqmFunctionRegistry - Registered SqmFunctionTemplate [NamedSqmFunctionTemplate(acos)] under acos; prior registration was null
13:10:13.443 [main] DEBUG org.hibernate.query.sqm.function.SqmFunctionRegistry - Registered SqmFunctionTemplate [NamedSqmFunctionTemplate(atan)] under atan; prior registration was null
13:10:13.443 [main] DEBUG org.hibernate.query.sqm.function.SqmFunctionRegistry - Registered SqmFunctionTemplate [NamedSqmFunctionTemplate(atan2)] under atan2; prior registration was null
13:10:13.443 [main] DEBUG org.hibernate.query.sqm.function.SqmFunctionRegistry - Registered SqmFunctionTemplate [org.hibernate.query.sqm.function.PatternBasedSqmFunctionDescriptor@3cd3cf6b] under sinh; prior registration was null
13:10:13.443 [main] DEBUG org.hibernate.query.sqm.function.SqmFunctionRegistry - Registered SqmFunctionTemplate [org.hibernate.query.sqm.function.PatternBasedSqmFunctionDescriptor@6f3f2340] under cosh; prior registration was null
13:10:13.443 [main] DEBUG org.hibernate.query.sqm.function.SqmFunctionRegistry - Registered SqmFunctionTemplate [org.hibernate.query.sqm.function.PatternBasedSqmFunctionDescriptor@179dc2] under tanh; prior registration was null
13:10:13.443 [main] DEBUG org.hibernate.query.sqm.function.SqmFunctionRegistry - Registered SqmFunctionTemplate [org.hibernate.query.sqm.function.PatternBasedSqmFunctionDescriptor@1802badc] under pi; prior registration was null
13:10:13.443 [main] DEBUG org.hibernate.query.sqm.function.SqmFunctionRegistry - Registered SqmFunctionTemplate [org.hibernate.query.sqm.function.PatternBasedSqmFunctionDescriptor@3a089620] under log; prior registration was null
13:10:13.443 [main] DEBUG org.hibernate.query.sqm.function.SqmFunctionRegistry - Registered SqmFunctionTemplate [NamedSqmFunctionTemplate(coalesce)] under coalesce; prior registration was null
13:10:13.443 [main] DEBUG org.hibernate.query.sqm.function.SqmFunctionRegistry - Registered SqmFunctionTemplate [NamedSqmFunctionTemplate(nullif)] under nullif; prior registration was null
13:10:13.443 [main] DEBUG org.hibernate.query.sqm.function.SqmFunctionRegistry - Registered SqmFunctionTemplate [NamedSqmFunctionTemplate(left)] under left; prior registration was null
13:10:13.443 [main] DEBUG org.hibernate.query.sqm.function.SqmFunctionRegistry - Registered SqmFunctionTemplate [NamedSqmFunctionTemplate(right)] under right; prior registration was null
13:10:13.443 [main] DEBUG org.hibernate.query.sqm.function.SqmFunctionRegistry - Registered SqmFunctionTemplate [NamedSqmFunctionTemplate(replace)] under replace; prior registration was null
13:10:13.443 [main] DEBUG org.hibernate.query.sqm.function.SqmFunctionRegistry - Registered SqmFunctionTemplate [NamedSqmFunctionTemplate(concat)] under concat; prior registration was null
13:10:13.443 [main] DEBUG org.hibernate.query.sqm.function.SqmFunctionRegistry - Registered SqmFunctionTemplate [NamedSqmFunctionTemplate(lower)] under lower; prior registration was null
13:10:13.443 [main] DEBUG org.hibernate.query.sqm.function.SqmFunctionRegistry - Registered SqmFunctionTemplate [NamedSqmFunctionTemplate(upper)] under upper; prior registration was null
13:10:13.443 [main] DEBUG org.hibernate.query.sqm.function.SqmFunctionRegistry - Registered SqmFunctionTemplate [NamedSqmFunctionTemplate(substring)] under substring; prior registration was null
13:10:13.443 [main] DEBUG org.hibernate.query.sqm.function.SqmFunctionRegistry - Registered SqmFunctionTemplate [NamedSqmFunctionTemplate(locate)] under locate; prior registration was null
13:10:13.443 [main] DEBUG org.hibernate.query.sqm.function.SqmFunctionRegistry - Registered SqmFunctionTemplate [NamedSqmFunctionTemplate(character_length)] under character_length; prior registration was null
13:10:13.443 [main] DEBUG org.hibernate.query.sqm.function.SqmFunctionRegistry - Registering alternate key : length -> character_length
13:10:13.443 [main] DEBUG org.hibernate.query.sqm.function.SqmFunctionRegistry - Registered SqmFunctionTemplate [org.hibernate.dialect.function.LocatePositionEmulation@2cbb9702] under position; prior registration was null
13:10:13.443 [main] DEBUG org.hibernate.query.sqm.function.SqmFunctionRegistry - Registered SqmFunctionTemplate [org.hibernate.dialect.function.InsertSubstringOverlayEmulation@10fef6da] under overlay; prior registration was null
13:10:13.443 [main] DEBUG org.hibernate.query.sqm.function.SqmFunctionRegistry - Registered SqmFunctionTemplate [org.hibernate.dialect.function.TrimFunction@1da77a43] under trim; prior registration was null
13:10:13.443 [main] DEBUG org.hibernate.query.sqm.function.SqmFunctionRegistry - Registered SqmFunctionTemplate [org.hibernate.dialect.function.CastFunction@63604641] under cast; prior registration was null
13:10:13.443 [main] DEBUG org.hibernate.query.sqm.function.SqmFunctionRegistry - Registered SqmFunctionTemplate [org.hibernate.query.sqm.function.PatternBasedSqmFunctionDescriptor@1313dea8] under collate; prior registration was null
13:10:13.443 [main] DEBUG org.hibernate.query.sqm.function.SqmFunctionRegistry - Registered SqmFunctionTemplate [org.hibernate.dialect.function.ExtractFunction@74bca236] under extract; prior registration was null
13:10:13.443 [main] DEBUG org.hibernate.query.sqm.function.SqmFunctionRegistry - Registered SqmFunctionTemplate [NamedSqmFunctionTemplate(least)] under least; prior registration was null
13:10:13.443 [main] DEBUG org.hibernate.query.sqm.function.SqmFunctionRegistry - Registered SqmFunctionTemplate [NamedSqmFunctionTemplate(greatest)] under greatest; prior registration was null
13:10:13.443 [main] DEBUG org.hibernate.query.sqm.function.SqmFunctionRegistry - Registered SqmFunctionTemplate [org.hibernate.dialect.function.CoalesceIfnullEmulation@526fbb80] under ifnull; prior registration was null
13:10:13.443 [main] DEBUG org.hibernate.query.sqm.function.SqmFunctionRegistry - Registered SqmFunctionTemplate [NamedSqmFunctionTemplate(lpad)] under lpad; prior registration was null
13:10:13.443 [main] DEBUG org.hibernate.query.sqm.function.SqmFunctionRegistry - Registered SqmFunctionTemplate [NamedSqmFunctionTemplate(rpad)] under rpad; prior registration was null
13:10:13.443 [main] DEBUG org.hibernate.query.sqm.function.SqmFunctionRegistry - Registered SqmFunctionTemplate [org.hibernate.dialect.function.LpadRpadPadEmulation@33dcbdc2] under pad; prior registration was null
13:10:13.443 [main] DEBUG org.hibernate.query.sqm.function.SqmFunctionRegistry - Registered SqmFunctionTemplate [org.hibernate.dialect.function.CastStrEmulation@3e37c38f] under str; prior registration was null
13:10:13.443 [main] DEBUG org.hibernate.query.sqm.function.SqmFunctionRegistry - Registered SqmFunctionTemplate [org.hibernate.dialect.function.FormatFunction@2f0b7b6d] under format; prior registration was null
13:10:13.443 [main] DEBUG org.hibernate.query.sqm.function.SqmFunctionRegistry - Registered SqmFunctionTemplate [org.hibernate.dialect.function.TimestampaddFunction@1766b7] under timestampadd; prior registration was null
13:10:13.443 [main] DEBUG org.hibernate.query.sqm.function.SqmFunctionRegistry - Registered SqmFunctionTemplate [org.hibernate.dialect.function.TimestampdiffFunction@56f3f9da] under timestampdiff; prior registration was null
13:10:13.443 [main] DEBUG org.hibernate.query.sqm.function.SqmFunctionRegistry - Registering alternate key : dateadd -> timestampadd
13:10:13.443 [main] DEBUG org.hibernate.query.sqm.function.SqmFunctionRegistry - Registering alternate key : datediff -> timestampdiff
13:10:13.443 [main] DEBUG org.hibernate.query.sqm.function.SqmFunctionRegistry - Registered SqmFunctionTemplate [org.hibernate.dialect.function.CurrentFunction@56587330] under current_date; prior registration was null
13:10:13.443 [main] DEBUG org.hibernate.query.sqm.function.SqmFunctionRegistry - Registered SqmFunctionTemplate [org.hibernate.dialect.function.CurrentFunction@227cba85] under current_time; prior registration was null
13:10:13.443 [main] DEBUG org.hibernate.query.sqm.function.SqmFunctionRegistry - Registered SqmFunctionTemplate [org.hibernate.dialect.function.CurrentFunction@19e552a3] under current_timestamp; prior registration was null
13:10:13.443 [main] DEBUG org.hibernate.query.sqm.function.SqmFunctionRegistry - Registering alternate key : current date -> current_date
13:10:13.443 [main] DEBUG org.hibernate.query.sqm.function.SqmFunctionRegistry - Registering alternate key : current time -> current_time
13:10:13.443 [main] DEBUG org.hibernate.query.sqm.function.SqmFunctionRegistry - Registering alternate key : current timestamp -> current_timestamp
13:10:13.443 [main] DEBUG org.hibernate.query.sqm.function.SqmFunctionRegistry - Registered SqmFunctionTemplate [org.hibernate.dialect.function.CurrentFunction@5091456c] under local_date; prior registration was null
13:10:13.443 [main] DEBUG org.hibernate.query.sqm.function.SqmFunctionRegistry - Registered SqmFunctionTemplate [org.hibernate.dialect.function.CurrentFunction@45c57dbd] under local_time; prior registration was null
13:10:13.443 [main] DEBUG org.hibernate.query.sqm.function.SqmFunctionRegistry - Registered SqmFunctionTemplate [org.hibernate.dialect.function.CurrentFunction@22a5f12] under local_datetime; prior registration was null
13:10:13.443 [main] DEBUG org.hibernate.query.sqm.function.SqmFunctionRegistry - Registered SqmFunctionTemplate [org.hibernate.dialect.function.CurrentFunction@316975be] under offset_datetime; prior registration was null
13:10:13.443 [main] DEBUG org.hibernate.query.sqm.function.SqmFunctionRegistry - Registering alternate key : local date -> local_date
13:10:13.443 [main] DEBUG org.hibernate.query.sqm.function.SqmFunctionRegistry - Registering alternate key : local time -> local_time
13:10:13.443 [main] DEBUG org.hibernate.query.sqm.function.SqmFunctionRegistry - Registering alternate key : local datetime -> local_datetime
13:10:13.443 [main] DEBUG org.hibernate.query.sqm.function.SqmFunctionRegistry - Registering alternate key : offset datetime -> offset_datetime
13:10:13.443 [main] DEBUG org.hibernate.query.sqm.function.SqmFunctionRegistry - Registered SqmFunctionTemplate [org.hibernate.dialect.function.CurrentFunction@6b09fcda] under instant; prior registration was null
13:10:13.443 [main] DEBUG org.hibernate.query.sqm.function.SqmFunctionRegistry - Registering alternate key : current_instant -> instant
13:10:13.443 [main] DEBUG org.hibernate.query.sqm.function.SqmFunctionRegistry - Registered SqmFunctionTemplate [org.hibernate.dialect.function.SqlFunction@5cf4c93] under sql; prior registration was null
13:10:13.443 [main] DEBUG org.hibernate.query.sqm.function.SqmFunctionRegistry - Registered SqmFunctionTemplate [NamedSqmFunctionTemplate(max)] under max; prior registration was NamedSqmFunctionTemplate(max)
13:10:13.443 [main] DEBUG org.hibernate.query.sqm.function.SqmFunctionRegistry - Registered SqmFunctionTemplate [NamedSqmFunctionTemplate(min)] under min; prior registration was NamedSqmFunctionTemplate(min)
13:10:13.443 [main] DEBUG org.hibernate.query.sqm.function.SqmFunctionRegistry - Registered SqmFunctionTemplate [NamedSqmFunctionTemplate(sum)] under sum; prior registration was NamedSqmFunctionTemplate(sum)
13:10:13.443 [main] DEBUG org.hibernate.query.sqm.function.SqmFunctionRegistry - Registered SqmFunctionTemplate [NamedSqmFunctionTemplate(avg)] under avg; prior registration was NamedSqmFunctionTemplate(avg)
13:10:13.443 [main] DEBUG org.hibernate.query.sqm.function.SqmFunctionRegistry - Registered SqmFunctionTemplate [org.hibernate.dialect.function.CountFunction@55cd41f7] under count; prior registration was org.hibernate.dialect.function.CountFunction@10587ce5
13:10:13.443 [main] DEBUG org.hibernate.query.sqm.function.SqmFunctionRegistry - Registered SqmFunctionTemplate [org.hibernate.dialect.function.AvgFunction@2ff30a75] under avg; prior registration was NamedSqmFunctionTemplate(avg)
13:10:13.443 [main] DEBUG org.hibernate.query.sqm.function.SqmFunctionRegistry - Registered SqmFunctionTemplate [NamedSqmFunctionTemplate(pi)] under pi; prior registration was org.hibernate.query.sqm.function.PatternBasedSqmFunctionDescriptor@1802badc
13:10:13.443 [main] DEBUG org.hibernate.query.sqm.function.SqmFunctionRegistry - Registered SqmFunctionTemplate [NamedSqmFunctionTemplate(cot)] under cot; prior registration was null
13:10:13.443 [main] DEBUG org.hibernate.query.sqm.function.SqmFunctionRegistry - Registered SqmFunctionTemplate [NamedSqmFunctionTemplate(radians)] under radians; prior registration was null
13:10:13.443 [main] DEBUG org.hibernate.query.sqm.function.SqmFunctionRegistry - Registered SqmFunctionTemplate [NamedSqmFunctionTemplate(degrees)] under degrees; prior registration was null
13:10:13.443 [main] DEBUG org.hibernate.query.sqm.function.SqmFunctionRegistry - Registered SqmFunctionTemplate [NamedSqmFunctionTemplate(log10)] under log10; prior registration was null
13:10:13.443 [main] DEBUG org.hibernate.query.sqm.function.SqmFunctionRegistry - Registered SqmFunctionTemplate [org.hibernate.query.sqm.function.PatternBasedSqmFunctionDescriptor@b38dc7d] under mod; prior registration was NamedSqmFunctionTemplate(mod)
13:10:13.443 [main] DEBUG org.hibernate.query.sqm.function.SqmFunctionRegistry - Registered SqmFunctionTemplate [NamedSqmFunctionTemplate(rand)] under rand; prior registration was null
13:10:13.443 [main] DEBUG org.hibernate.query.sqm.function.SqmFunctionRegistry - Registered SqmFunctionTemplate [NamedSqmFunctionTemplate(soundex)] under soundex; prior registration was null
13:10:13.443 [main] DEBUG org.hibernate.query.sqm.function.SqmFunctionRegistry - Registered SqmFunctionTemplate [NamedSqmFunctionTemplate(translate)] under translate; prior registration was null
13:10:13.443 [main] DEBUG org.hibernate.query.sqm.function.SqmFunctionRegistry - Registered SqmFunctionTemplate [NamedSqmFunctionTemplate(bitand)] under bitand; prior registration was null
13:10:13.443 [main] DEBUG org.hibernate.query.sqm.function.SqmFunctionRegistry - Registered SqmFunctionTemplate [NamedSqmFunctionTemplate(bitor)] under bitor; prior registration was null
13:10:13.443 [main] DEBUG org.hibernate.query.sqm.function.SqmFunctionRegistry - Registered SqmFunctionTemplate [NamedSqmFunctionTemplate(bitxor)] under bitxor; prior registration was null
13:10:13.443 [main] DEBUG org.hibernate.query.sqm.function.SqmFunctionRegistry - Registered SqmFunctionTemplate [NamedSqmFunctionTemplate(bitnot)] under bitnot; prior registration was null
13:10:13.443 [main] DEBUG org.hibernate.query.sqm.function.SqmFunctionRegistry - Registered SqmFunctionTemplate [NamedSqmFunctionTemplate(bit_and)] under bit_and; prior registration was null
13:10:13.443 [main] DEBUG org.hibernate.query.sqm.function.SqmFunctionRegistry - Registered SqmFunctionTemplate [NamedSqmFunctionTemplate(bit_or)] under bit_or; prior registration was null
13:10:13.443 [main] DEBUG org.hibernate.query.sqm.function.SqmFunctionRegistry - Registered SqmFunctionTemplate [NamedSqmFunctionTemplate(day)] under day; prior registration was null
13:10:13.443 [main] DEBUG org.hibernate.query.sqm.function.SqmFunctionRegistry - Registered SqmFunctionTemplate [NamedSqmFunctionTemplate(month)] under month; prior registration was null
13:10:13.443 [main] DEBUG org.hibernate.query.sqm.function.SqmFunctionRegistry - Registered SqmFunctionTemplate [NamedSqmFunctionTemplate(year)] under year; prior registration was null
13:10:13.443 [main] DEBUG org.hibernate.query.sqm.function.SqmFunctionRegistry - Registered SqmFunctionTemplate [NamedSqmFunctionTemplate(hour)] under hour; prior registration was null
13:10:13.443 [main] DEBUG org.hibernate.query.sqm.function.SqmFunctionRegistry - Registered SqmFunctionTemplate [NamedSqmFunctionTemplate(minute)] under minute; prior registration was null
13:10:13.443 [main] DEBUG org.hibernate.query.sqm.function.SqmFunctionRegistry - Registered SqmFunctionTemplate [NamedSqmFunctionTemplate(second)] under second; prior registration was null
13:10:13.443 [main] DEBUG org.hibernate.query.sqm.function.SqmFunctionRegistry - Registered SqmFunctionTemplate [NamedSqmFunctionTemplate(microsecond)] under microsecond; prior registration was null
13:10:13.443 [main] DEBUG org.hibernate.query.sqm.function.SqmFunctionRegistry - Registered SqmFunctionTemplate [NamedSqmFunctionTemplate(day_of_week)] under day_of_week; prior registration was null
13:10:13.443 [main] DEBUG org.hibernate.query.sqm.function.SqmFunctionRegistry - Registered SqmFunctionTemplate [NamedSqmFunctionTemplate(day_of_month)] under day_of_month; prior registration was null
13:10:13.443 [main] DEBUG org.hibernate.query.sqm.function.SqmFunctionRegistry - Registering alternate key : day -> day_of_month
13:10:13.443 [main] DEBUG org.hibernate.query.sqm.function.SqmFunctionRegistry - Registered SqmFunctionTemplate [NamedSqmFunctionTemplate(day_of_year)] under day_of_year; prior registration was null
13:10:13.443 [main] DEBUG org.hibernate.query.sqm.function.SqmFunctionRegistry - Registered SqmFunctionTemplate [NamedSqmFunctionTemplate(week)] under week; prior registration was null
13:10:13.443 [main] DEBUG org.hibernate.query.sqm.function.SqmFunctionRegistry - Registered SqmFunctionTemplate [NamedSqmFunctionTemplate(quarter)] under quarter; prior registration was null
13:10:13.443 [main] DEBUG org.hibernate.query.sqm.function.SqmFunctionRegistry - Registered SqmFunctionTemplate [NamedSqmFunctionTemplate(monthname)] under monthname; prior registration was null
13:10:13.443 [main] DEBUG org.hibernate.query.sqm.function.SqmFunctionRegistry - Registered SqmFunctionTemplate [NamedSqmFunctionTemplate(dayname)] under dayname; prior registration was null
13:10:13.443 [main] DEBUG org.hibernate.query.sqm.function.SqmFunctionRegistry - Registered SqmFunctionTemplate [NamedSqmFunctionTemplate(localtime)] under localtime; prior registration was null
13:10:13.443 [main] DEBUG org.hibernate.query.sqm.function.SqmFunctionRegistry - Registered SqmFunctionTemplate [NamedSqmFunctionTemplate(localtimestamp)] under localtimestamp; prior registration was null
13:10:13.443 [main] DEBUG org.hibernate.query.sqm.function.SqmFunctionRegistry - Registered SqmFunctionTemplate [NamedSqmFunctionTemplate(localtime)] under local_time; prior registration was org.hibernate.dialect.function.CurrentFunction@45c57dbd
13:10:13.443 [main] DEBUG org.hibernate.query.sqm.function.SqmFunctionRegistry - Registered SqmFunctionTemplate [NamedSqmFunctionTemplate(localtimestamp)] under local_datetime; prior registration was org.hibernate.dialect.function.CurrentFunction@22a5f12
13:10:13.444 [main] DEBUG org.hibernate.query.sqm.function.SqmFunctionRegistry - Registered SqmFunctionTemplate [org.hibernate.dialect.function.TruncFunction@746cb25d] under trunc; prior registration was null
13:10:13.444 [main] DEBUG org.hibernate.query.sqm.function.SqmFunctionRegistry - Registering alternate key : truncate -> trunc
13:10:13.444 [main] DEBUG org.hibernate.query.sqm.function.SqmFunctionRegistry - Registered SqmFunctionTemplate [org.hibernate.query.sqm.function.PatternBasedSqmFunctionDescriptor@4b9187de] under date_trunc; prior registration was null
13:10:13.444 [main] DEBUG org.hibernate.query.sqm.function.SqmFunctionRegistry - Registered SqmFunctionTemplate [NamedSqmFunctionTemplate(bit_length)] under bit_length; prior registration was null
13:10:13.444 [main] DEBUG org.hibernate.query.sqm.function.SqmFunctionRegistry - Registered SqmFunctionTemplate [NamedSqmFunctionTemplate(octet_length)] under octet_length; prior registration was null
13:10:13.444 [main] DEBUG org.hibernate.query.sqm.function.SqmFunctionRegistry - Registered SqmFunctionTemplate [NamedSqmFunctionTemplate(ascii)] under ascii; prior registration was null
13:10:13.444 [main] DEBUG org.hibernate.query.sqm.function.SqmFunctionRegistry - Registered SqmFunctionTemplate [NamedSqmFunctionTemplate(octet_length)] under octet_length; prior registration was NamedSqmFunctionTemplate(octet_length)
13:10:13.444 [main] DEBUG org.hibernate.query.sqm.function.SqmFunctionRegistry - Registered SqmFunctionTemplate [NamedSqmFunctionTemplate(space)] under space; prior registration was null
13:10:13.444 [main] DEBUG org.hibernate.query.sqm.function.SqmFunctionRegistry - Registered SqmFunctionTemplate [NamedSqmFunctionTemplate(repeat)] under repeat; prior registration was null
13:10:13.444 [main] DEBUG org.hibernate.query.sqm.function.SqmFunctionRegistry - Registered SqmFunctionTemplate [NamedSqmFunctionTemplate(char)] under char; prior registration was null
13:10:13.444 [main] DEBUG org.hibernate.query.sqm.function.SqmFunctionRegistry - Registering alternate key : chr -> char
13:10:13.444 [main] DEBUG org.hibernate.query.sqm.function.SqmFunctionRegistry - Registered SqmFunctionTemplate [NamedSqmFunctionTemplate(instr)] under instr; prior registration was null
13:10:13.444 [main] DEBUG org.hibernate.query.sqm.function.SqmFunctionRegistry - Registered SqmFunctionTemplate [NamedSqmFunctionTemplate(substr)] under substr; prior registration was null
13:10:13.444 [main] DEBUG org.hibernate.query.sqm.function.SqmFunctionRegistry - Registered SqmFunctionTemplate [org.hibernate.query.sqm.function.PatternBasedSqmFunctionDescriptor@7c068c7b] under position; prior registration was org.hibernate.dialect.function.LocatePositionEmulation@2cbb9702
13:10:13.444 [main] DEBUG org.hibernate.query.sqm.function.SqmFunctionRegistry - Registered SqmFunctionTemplate [NamedSqmFunctionTemplate(ltrim)] under ltrim; prior registration was null
13:10:13.444 [main] DEBUG org.hibernate.query.sqm.function.SqmFunctionRegistry - Registered SqmFunctionTemplate [NamedSqmFunctionTemplate(rtrim)] under rtrim; prior registration was null
13:10:13.444 [main] DEBUG org.hibernate.query.sqm.function.SqmFunctionRegistry - Registered SqmFunctionTemplate [org.hibernate.query.sqm.function.PatternBasedSqmFunctionDescriptor@31906cb2] under concat; prior registration was NamedSqmFunctionTemplate(concat)
13:10:13.444 [main] DEBUG org.hibernate.query.sqm.function.SqmFunctionRegistry - Registered SqmFunctionTemplate [NamedSqmFunctionTemplate(curtime)] under curtime; prior registration was null
13:10:13.444 [main] DEBUG org.hibernate.query.sqm.function.SqmFunctionRegistry - Registered SqmFunctionTemplate [NamedSqmFunctionTemplate(curdate)] under curdate; prior registration was null
13:10:13.444 [main] DEBUG org.hibernate.query.sqm.function.SqmFunctionRegistry - Registered SqmFunctionTemplate [NamedSqmFunctionTemplate(now)] under now; prior registration was null
13:10:13.444 [main] DEBUG org.hibernate.query.sqm.function.SqmFunctionRegistry - Registered SqmFunctionTemplate [NamedSqmFunctionTemplate(sysdate)] under sysdate; prior registration was null
13:10:13.444 [main] DEBUG org.hibernate.query.sqm.function.SqmFunctionRegistry - Registered SqmFunctionTemplate [NamedSqmFunctionTemplate(insert)] under insert; prior registration was null
13:10:13.444 [main] DEBUG org.hibernate.query.sqm.function.SqmFunctionRegistry - Registered SqmFunctionTemplate [NamedSqmFunctionTemplate(bool_and)] under bool_and; prior registration was null
13:10:13.444 [main] DEBUG org.hibernate.query.sqm.function.SqmFunctionRegistry - Registering alternate key : every -> bool_and
13:10:13.444 [main] DEBUG org.hibernate.query.sqm.function.SqmFunctionRegistry - Registered SqmFunctionTemplate [NamedSqmFunctionTemplate(bool_or)] under bool_or; prior registration was null
13:10:13.444 [main] DEBUG org.hibernate.query.sqm.function.SqmFunctionRegistry - Registering alternate key : any -> bool_or
13:10:13.444 [main] DEBUG org.hibernate.query.sqm.function.SqmFunctionRegistry - Registered SqmFunctionTemplate [NamedSqmFunctionTemplate(median)] under median; prior registration was null
13:10:13.444 [main] DEBUG org.hibernate.query.sqm.function.SqmFunctionRegistry - Registered SqmFunctionTemplate [NamedSqmFunctionTemplate(stddev_pop)] under stddev_pop; prior registration was null
13:10:13.444 [main] DEBUG org.hibernate.query.sqm.function.SqmFunctionRegistry - Registered SqmFunctionTemplate [NamedSqmFunctionTemplate(stddev_samp)] under stddev_samp; prior registration was null
13:10:13.444 [main] DEBUG org.hibernate.query.sqm.function.SqmFunctionRegistry - Registered SqmFunctionTemplate [NamedSqmFunctionTemplate(var_pop)] under var_pop; prior registration was null
13:10:13.444 [main] DEBUG org.hibernate.query.sqm.function.SqmFunctionRegistry - Registered SqmFunctionTemplate [NamedSqmFunctionTemplate(var_samp)] under var_samp; prior registration was null
13:10:13.444 [main] DEBUG org.hibernate.query.sqm.function.SqmFunctionRegistry - Registered SqmFunctionTemplate [org.hibernate.dialect.function.FormatFunction@207fce87] under format; prior registration was org.hibernate.dialect.function.FormatFunction@2f0b7b6d
13:10:13.444 [main] DEBUG org.hibernate.query.sqm.function.SqmFunctionRegistry - Registered SqmFunctionTemplate [NamedSqmFunctionTemplate(rownum)] under rownum; prior registration was null
13:10:13.444 [main] DEBUG org.hibernate.query.sqm.function.SqmFunctionRegistry - Registered SqmFunctionTemplate [NamedSqmFunctionTemplate(row_number)] under row_number; prior registration was null
13:10:13.444 [main] DEBUG org.hibernate.query.sqm.function.SqmFunctionRegistry - Registered SqmFunctionTemplate [NamedSqmFunctionTemplate(lag)] under lag; prior registration was null
13:10:13.444 [main] DEBUG org.hibernate.query.sqm.function.SqmFunctionRegistry - Registered SqmFunctionTemplate [NamedSqmFunctionTemplate(lead)] under lead; prior registration was null
13:10:13.444 [main] DEBUG org.hibernate.query.sqm.function.SqmFunctionRegistry - Registered SqmFunctionTemplate [NamedSqmFunctionTemplate(first_value)] under first_value; prior registration was null
13:10:13.444 [main] DEBUG org.hibernate.query.sqm.function.SqmFunctionRegistry - Registered SqmFunctionTemplate [NamedSqmFunctionTemplate(last_value)] under last_value; prior registration was null
13:10:13.444 [main] DEBUG org.hibernate.query.sqm.function.SqmFunctionRegistry - Registered SqmFunctionTemplate [NamedSqmFunctionTemplate(nth_value)] under nth_value; prior registration was null
13:10:13.444 [main] DEBUG org.hibernate.query.sqm.function.SqmFunctionRegistry - Registered SqmFunctionTemplate [org.hibernate.dialect.function.ListaggFunction@67171221] under listagg; prior registration was null
13:10:13.444 [main] DEBUG org.hibernate.query.sqm.function.SqmFunctionRegistry - Registered SqmFunctionTemplate [org.hibernate.dialect.function.InverseDistributionFunction@2f3a3fec] under mode; prior registration was null
13:10:13.444 [main] DEBUG org.hibernate.query.sqm.function.SqmFunctionRegistry - Registered SqmFunctionTemplate [org.hibernate.dialect.function.InverseDistributionFunction@1d7d2345] under percentile_cont; prior registration was null
13:10:13.444 [main] DEBUG org.hibernate.query.sqm.function.SqmFunctionRegistry - Registered SqmFunctionTemplate [org.hibernate.dialect.function.InverseDistributionFunction@43a8dd9b] under percentile_disc; prior registration was null
13:10:13.444 [main] DEBUG org.hibernate.query.sqm.function.SqmFunctionRegistry - Registered SqmFunctionTemplate [org.hibernate.dialect.function.HypotheticalSetFunction@1c7159d5] under rank; prior registration was null
13:10:13.444 [main] DEBUG org.hibernate.query.sqm.function.SqmFunctionRegistry - Registered SqmFunctionTemplate [org.hibernate.dialect.function.HypotheticalSetFunction@62cad0e8] under dense_rank; prior registration was null
13:10:13.444 [main] DEBUG org.hibernate.query.sqm.function.SqmFunctionRegistry - Registered SqmFunctionTemplate [org.hibernate.dialect.function.HypotheticalSetFunction@1659a0ff] under percent_rank; prior registration was null
13:10:13.444 [main] DEBUG org.hibernate.query.sqm.function.SqmFunctionRegistry - Registered SqmFunctionTemplate [org.hibernate.dialect.function.HypotheticalSetFunction@1398e3aa] under cume_dist; prior registration was null
13:10:13.444 [main] DEBUG org.hibernate.query.sqm.function.SqmFunctionRegistry - Registered SqmFunctionTemplate [org.hibernate.dialect.function.array.ArrayConstructorFunction@531bffd] under array; prior registration was null
13:10:13.444 [main] DEBUG org.hibernate.query.sqm.function.SqmFunctionRegistry - Registered SqmFunctionTemplate [org.hibernate.dialect.function.array.ArrayConstructorFunction@31c87223] under array_list; prior registration was null
13:10:13.444 [main] DEBUG org.hibernate.query.sqm.function.SqmFunctionRegistry - Registered SqmFunctionTemplate [org.hibernate.dialect.function.array.ArrayAggFunction@6a4d72bd] under array_agg; prior registration was null
13:10:13.444 [main] DEBUG org.hibernate.query.sqm.function.SqmFunctionRegistry - Registered SqmFunctionTemplate [org.hibernate.dialect.function.array.H2ArrayPositionFunction@3e9c59ed] under array_position; prior registration was null
13:10:13.444 [main] DEBUG org.hibernate.query.sqm.function.SqmFunctionRegistry - Registered SqmFunctionTemplate [org.hibernate.dialect.function.array.H2ArrayPositionsFunction@4471f216] under array_positions; prior registration was null
13:10:13.444 [main] DEBUG org.hibernate.query.sqm.function.SqmFunctionRegistry - Registered SqmFunctionTemplate [org.hibernate.dialect.function.array.H2ArrayPositionsFunction@1927c2c6] under array_positions_list; prior registration was null
13:10:13.444 [main] DEBUG org.hibernate.query.sqm.function.SqmFunctionRegistry - Registered SqmFunctionTemplate [org.hibernate.query.sqm.function.PatternBasedSqmFunctionDescriptor@79a15001] under array_length; prior registration was null
13:10:13.444 [main] DEBUG org.hibernate.query.sqm.function.SqmFunctionRegistry - Registered SqmFunctionTemplate [org.hibernate.dialect.function.array.ArrayConcatFunction@320bfc61] under array_concat; prior registration was null
13:10:13.444 [main] DEBUG org.hibernate.query.sqm.function.SqmFunctionRegistry - Registered SqmFunctionTemplate [org.hibernate.dialect.function.array.ArrayConcatElementFunction@3266c7cf] under array_prepend; prior registration was null
13:10:13.444 [main] DEBUG org.hibernate.query.sqm.function.SqmFunctionRegistry - Registered SqmFunctionTemplate [org.hibernate.dialect.function.array.ArrayConcatElementFunction@157002b7] under array_append; prior registration was null
13:10:13.444 [main] DEBUG org.hibernate.query.sqm.function.SqmFunctionRegistry - Registered SqmFunctionTemplate [org.hibernate.dialect.function.array.H2ArrayContainsFunction@66227940] under array_contains; prior registration was null
13:10:13.444 [main] DEBUG org.hibernate.query.sqm.function.SqmFunctionRegistry - Registered SqmFunctionTemplate [org.hibernate.dialect.function.array.H2ArrayContainsFunction@ba76911] under array_contains_nullable; prior registration was null
13:10:13.444 [main] DEBUG org.hibernate.query.sqm.function.SqmFunctionRegistry - Registered SqmFunctionTemplate [org.hibernate.dialect.function.array.H2ArrayOverlapsFunction@ffb8f15] under array_overlaps; prior registration was null
13:10:13.444 [main] DEBUG org.hibernate.query.sqm.function.SqmFunctionRegistry - Registered SqmFunctionTemplate [org.hibernate.dialect.function.array.H2ArrayOverlapsFunction@1a0b51e7] under array_overlaps_nullable; prior registration was null
13:10:13.444 [main] DEBUG org.hibernate.query.sqm.function.SqmFunctionRegistry - Registered SqmFunctionTemplate [org.hibernate.query.sqm.function.PatternBasedSqmFunctionDescriptor@6f96d39f] under array_get; prior registration was null
13:10:13.444 [main] DEBUG org.hibernate.query.sqm.function.SqmFunctionRegistry - Registered SqmFunctionTemplate [org.hibernate.dialect.function.array.H2ArraySetFunction@5f49c09d] under array_set; prior registration was null
13:10:13.444 [main] DEBUG org.hibernate.query.sqm.function.SqmFunctionRegistry - Registered SqmFunctionTemplate [org.hibernate.dialect.function.array.H2ArrayRemoveFunction@c197f46] under array_remove; prior registration was null
13:10:13.444 [main] DEBUG org.hibernate.query.sqm.function.SqmFunctionRegistry - Registered SqmFunctionTemplate [org.hibernate.dialect.function.array.H2ArrayRemoveIndexFunction@4c5d934b] under array_remove_index; prior registration was null
13:10:13.444 [main] DEBUG org.hibernate.query.sqm.function.SqmFunctionRegistry - Registered SqmFunctionTemplate [org.hibernate.query.sqm.function.PatternBasedSqmFunctionDescriptor@150eab74] under array_slice; prior registration was null
13:10:13.444 [main] DEBUG org.hibernate.query.sqm.function.SqmFunctionRegistry - Registered SqmFunctionTemplate [org.hibernate.dialect.function.array.H2ArrayReplaceFunction@4d2dc60] under array_replace; prior registration was null
13:10:13.444 [main] DEBUG org.hibernate.query.sqm.function.SqmFunctionRegistry - Registered SqmFunctionTemplate [org.hibernate.query.sqm.function.PatternBasedSqmFunctionDescriptor@43f670f3] under array_trim; prior registration was null
13:10:13.444 [main] DEBUG org.hibernate.query.sqm.function.SqmFunctionRegistry - Registered SqmFunctionTemplate [org.hibernate.dialect.function.array.H2ArrayFillFunction@6311640d] under array_fill; prior registration was null
13:10:13.444 [main] DEBUG org.hibernate.query.sqm.function.SqmFunctionRegistry - Registered SqmFunctionTemplate [org.hibernate.dialect.function.array.H2ArrayFillFunction@3a42610] under array_fill_list; prior registration was null
13:10:13.444 [main] DEBUG org.hibernate.query.sqm.function.SqmFunctionRegistry - Registered SqmFunctionTemplate [org.hibernate.dialect.function.array.H2ArrayToStringFunction@1107cbd8] under array_to_string; prior registration was null
13:10:13.445 [main] DEBUG org.hibernate.HQL_FUNCTIONS - abs(NUMERIC arg)
13:10:13.445 [main] DEBUG org.hibernate.HQL_FUNCTIONS - Double acos(NUMERIC arg)
13:10:13.445 [main] DEBUG org.hibernate.HQL_FUNCTIONS - Boolean any(BOOLEAN predicate)
13:10:13.445 [main] DEBUG org.hibernate.HQL_FUNCTIONS - array( ... )
13:10:13.445 [main] DEBUG org.hibernate.HQL_FUNCTIONS - array_agg(arg)
13:10:13.445 [main] DEBUG org.hibernate.HQL_FUNCTIONS - array_append( ... )
13:10:13.445 [main] DEBUG org.hibernate.HQL_FUNCTIONS - array_concat( ... )
13:10:13.445 [main] DEBUG org.hibernate.HQL_FUNCTIONS - Boolean array_contains(ARRAY haystackArray, OBJECT needleElementOrArray)
13:10:13.445 [main] DEBUG org.hibernate.HQL_FUNCTIONS - Boolean array_contains_nullable(ARRAY haystackArray, OBJECT needleElementOrArray)
13:10:13.445 [main] DEBUG org.hibernate.HQL_FUNCTIONS - array_fill(OBJECT element, INTEGER elementCount)
13:10:13.445 [main] DEBUG org.hibernate.HQL_FUNCTIONS - array_fill_list(OBJECT element, INTEGER elementCount)
13:10:13.445 [main] DEBUG org.hibernate.HQL_FUNCTIONS - array_get(ARRAY array, INTEGER index)
13:10:13.445 [main] DEBUG org.hibernate.HQL_FUNCTIONS - Integer array_length(ARRAY array)
13:10:13.445 [main] DEBUG org.hibernate.HQL_FUNCTIONS - array_list( ... )
13:10:13.445 [main] DEBUG org.hibernate.HQL_FUNCTIONS - Boolean array_overlaps(ARRAY array0, OBJECT array1)
13:10:13.445 [main] DEBUG org.hibernate.HQL_FUNCTIONS - Boolean array_overlaps_nullable(ARRAY array0, OBJECT array1)
13:10:13.445 [main] DEBUG org.hibernate.HQL_FUNCTIONS - Integer array_position(ARRAY array, OBJECT element[, INTEGER startPosition])
13:10:13.445 [main] DEBUG org.hibernate.HQL_FUNCTIONS - int[] array_positions(ARRAY array, OBJECT element)
13:10:13.445 [main] DEBUG org.hibernate.HQL_FUNCTIONS - List array_positions_list(ARRAY array, OBJECT element)
13:10:13.445 [main] DEBUG org.hibernate.HQL_FUNCTIONS - array_prepend( ... )
13:10:13.445 [main] DEBUG org.hibernate.HQL_FUNCTIONS - array_remove( ... )
13:10:13.445 [main] DEBUG org.hibernate.HQL_FUNCTIONS - array_remove_index( ... )
13:10:13.445 [main] DEBUG org.hibernate.HQL_FUNCTIONS - array_replace( ... )
13:10:13.446 [main] DEBUG org.hibernate.HQL_FUNCTIONS - array_set( ... )
13:10:13.446 [main] DEBUG org.hibernate.HQL_FUNCTIONS - array_slice(ARRAY array, INTEGER start, INTEGER end)
13:10:13.446 [main] DEBUG org.hibernate.HQL_FUNCTIONS - String array_to_string( ... )
13:10:13.446 [main] DEBUG org.hibernate.HQL_FUNCTIONS - array_trim(ARRAY array, INTEGER elementsToRemove)
13:10:13.446 [main] DEBUG org.hibernate.HQL_FUNCTIONS - Integer ascii(STRING arg)
13:10:13.446 [main] DEBUG org.hibernate.HQL_FUNCTIONS - Double asin(NUMERIC arg)
13:10:13.446 [main] DEBUG org.hibernate.HQL_FUNCTIONS - Double atan(NUMERIC arg)
13:10:13.446 [main] DEBUG org.hibernate.HQL_FUNCTIONS - Double atan2(NUMERIC arg0, NUMERIC arg1)
13:10:13.446 [main] DEBUG org.hibernate.HQL_FUNCTIONS - avg(NUMERIC arg)
13:10:13.446 [main] DEBUG org.hibernate.HQL_FUNCTIONS - bit_and(arg)
13:10:13.446 [main] DEBUG org.hibernate.HQL_FUNCTIONS - Integer bit_length(STRING_OR_CLOB arg)
13:10:13.446 [main] DEBUG org.hibernate.HQL_FUNCTIONS - bit_or(arg)
13:10:13.446 [main] DEBUG org.hibernate.HQL_FUNCTIONS - bitand(arg0, arg1)
13:10:13.446 [main] DEBUG org.hibernate.HQL_FUNCTIONS - bitnot(arg)
13:10:13.446 [main] DEBUG org.hibernate.HQL_FUNCTIONS - bitor(arg0, arg1)
13:10:13.446 [main] DEBUG org.hibernate.HQL_FUNCTIONS - bitxor(arg0, arg1)
13:10:13.446 [main] DEBUG org.hibernate.HQL_FUNCTIONS - Boolean bool_and(BOOLEAN predicate)
13:10:13.446 [main] DEBUG org.hibernate.HQL_FUNCTIONS - Boolean bool_or(BOOLEAN predicate)
13:10:13.446 [main] DEBUG org.hibernate.HQL_FUNCTIONS - cast(arg as Type)
13:10:13.446 [main] DEBUG org.hibernate.HQL_FUNCTIONS - ceiling(NUMERIC arg)
13:10:13.446 [main] DEBUG org.hibernate.HQL_FUNCTIONS - Character char(INTEGER arg)
13:10:13.446 [main] DEBUG org.hibernate.HQL_FUNCTIONS - Integer character_length(STRING_OR_CLOB arg)
13:10:13.446 [main] DEBUG org.hibernate.HQL_FUNCTIONS - Character chr(INTEGER arg)
13:10:13.446 [main] DEBUG org.hibernate.HQL_FUNCTIONS - coalesce(arg0[, arg1[, ...]])
13:10:13.446 [main] DEBUG org.hibernate.HQL_FUNCTIONS - String collate(STRING string as COLLATION collation)
13:10:13.446 [main] DEBUG org.hibernate.HQL_FUNCTIONS - String concat(STRING string0[, STRING string1[, ...]])
13:10:13.446 [main] DEBUG org.hibernate.HQL_FUNCTIONS - Double cos(NUMERIC arg)
13:10:13.446 [main] DEBUG org.hibernate.HQL_FUNCTIONS - Double cosh(NUMERIC arg)
13:10:13.446 [main] DEBUG org.hibernate.HQL_FUNCTIONS - Double cot(NUMERIC arg)
13:10:13.446 [main] DEBUG org.hibernate.HQL_FUNCTIONS - Long count([distinct ]{arg|*})
13:10:13.446 [main] DEBUG org.hibernate.HQL_FUNCTIONS - Double cume_dist([arg0[, ...]])
13:10:13.446 [main] DEBUG org.hibernate.HQL_FUNCTIONS - Date curdate()
13:10:13.446 [main] DEBUG org.hibernate.HQL_FUNCTIONS - Date current date
13:10:13.446 [main] DEBUG org.hibernate.HQL_FUNCTIONS - Time current time
13:10:13.446 [main] DEBUG org.hibernate.HQL_FUNCTIONS - Timestamp current timestamp
13:10:13.446 [main] DEBUG org.hibernate.HQL_FUNCTIONS - Date current_date
13:10:13.446 [main] DEBUG org.hibernate.HQL_FUNCTIONS - Instant current_instant
13:10:13.446 [main] DEBUG org.hibernate.HQL_FUNCTIONS - Time current_time
13:10:13.446 [main] DEBUG org.hibernate.HQL_FUNCTIONS - Timestamp current_timestamp
13:10:13.446 [main] DEBUG org.hibernate.HQL_FUNCTIONS - Time curtime()
13:10:13.446 [main] DEBUG org.hibernate.HQL_FUNCTIONS - date_trunc(STRING field, TEMPORAL datetime)
13:10:13.446 [main] DEBUG org.hibernate.HQL_FUNCTIONS - dateadd(TEMPORAL_UNIT field, INTEGER magnitude, TEMPORAL datetime)
13:10:13.446 [main] DEBUG org.hibernate.HQL_FUNCTIONS - Long|Double datediff(TEMPORAL_UNIT field, TEMPORAL start, TEMPORAL end)
13:10:13.446 [main] DEBUG org.hibernate.HQL_FUNCTIONS - Integer day(DATE arg)
13:10:13.446 [main] DEBUG org.hibernate.HQL_FUNCTIONS - Integer day_of_month(DATE arg)
13:10:13.446 [main] DEBUG org.hibernate.HQL_FUNCTIONS - Integer day_of_week(DATE arg)
13:10:13.446 [main] DEBUG org.hibernate.HQL_FUNCTIONS - Integer day_of_year(DATE arg)
13:10:13.446 [main] DEBUG org.hibernate.HQL_FUNCTIONS - String dayname(DATE arg)
13:10:13.446 [main] DEBUG org.hibernate.HQL_FUNCTIONS - Double degrees(NUMERIC arg)
13:10:13.446 [main] DEBUG org.hibernate.HQL_FUNCTIONS - Long dense_rank([arg0[, ...]])
13:10:13.446 [main] DEBUG org.hibernate.HQL_FUNCTIONS - Boolean every(BOOLEAN predicate)
13:10:13.446 [main] DEBUG org.hibernate.HQL_FUNCTIONS - Double exp(NUMERIC arg)
13:10:13.446 [main] DEBUG org.hibernate.HQL_FUNCTIONS - extract(TEMPORAL_UNIT field from TEMPORAL arg)
13:10:13.446 [main] DEBUG org.hibernate.HQL_FUNCTIONS - first_valueANY value
13:10:13.446 [main] DEBUG org.hibernate.HQL_FUNCTIONS - floor(NUMERIC arg)
13:10:13.446 [main] DEBUG org.hibernate.HQL_FUNCTIONS - String format(TEMPORAL datetime as STRING pattern)
13:10:13.446 [main] DEBUG org.hibernate.HQL_FUNCTIONS - greatest(COMPARABLE arg0, COMPARABLE arg1[, arg2[, ...]])
13:10:13.446 [main] DEBUG org.hibernate.HQL_FUNCTIONS - Integer hour(TIME arg)
13:10:13.446 [main] DEBUG org.hibernate.HQL_FUNCTIONS - ifnull(arg0, arg1)
13:10:13.446 [main] DEBUG org.hibernate.HQL_FUNCTIONS - String insert(STRING string, INTEGER start, INTEGER length, STRING replacement)
13:10:13.446 [main] DEBUG org.hibernate.HQL_FUNCTIONS - Instant instant
13:10:13.446 [main] DEBUG org.hibernate.HQL_FUNCTIONS - Integer instr(STRING string, STRING pattern[, INTEGER start[, INTEGER occurrence]])
13:10:13.447 [main] DEBUG org.hibernate.HQL_FUNCTIONS - lagANY value[, INTEGER offset[, ANY default]]
13:10:13.447 [main] DEBUG org.hibernate.HQL_FUNCTIONS - last_valueANY value
13:10:13.447 [main] DEBUG org.hibernate.HQL_FUNCTIONS - leadANY value[, INTEGER offset[, ANY default]]
13:10:13.447 [main] DEBUG org.hibernate.HQL_FUNCTIONS - least(COMPARABLE arg0, COMPARABLE arg1[, arg2[, ...]])
13:10:13.447 [main] DEBUG org.hibernate.HQL_FUNCTIONS - String left(STRING string, INTEGER length)
13:10:13.447 [main] DEBUG org.hibernate.HQL_FUNCTIONS - Integer length(STRING_OR_CLOB arg)
13:10:13.447 [main] DEBUG org.hibernate.HQL_FUNCTIONS - String listagg(STRING arg0, STRING arg1)
13:10:13.447 [main] DEBUG org.hibernate.HQL_FUNCTIONS - Double ln(NUMERIC arg)
13:10:13.447 [main] DEBUG org.hibernate.HQL_FUNCTIONS - LocalDate local date
13:10:13.447 [main] DEBUG org.hibernate.HQL_FUNCTIONS - LocalDateTime local datetime
13:10:13.447 [main] DEBUG org.hibernate.HQL_FUNCTIONS - LocalTime local time
13:10:13.447 [main] DEBUG org.hibernate.HQL_FUNCTIONS - LocalDate local_date
13:10:13.447 [main] DEBUG org.hibernate.HQL_FUNCTIONS - LocalDateTime local_datetime
13:10:13.447 [main] DEBUG org.hibernate.HQL_FUNCTIONS - LocalTime local_time
13:10:13.447 [main] DEBUG org.hibernate.HQL_FUNCTIONS - Time localtime
13:10:13.447 [main] DEBUG org.hibernate.HQL_FUNCTIONS - Timestamp localtimestamp
13:10:13.447 [main] DEBUG org.hibernate.HQL_FUNCTIONS - Integer locate(STRING pattern, STRING string[, INTEGER start])
13:10:13.447 [main] DEBUG org.hibernate.HQL_FUNCTIONS - Double log(NUMERIC base, NUMERIC arg)
13:10:13.447 [main] DEBUG org.hibernate.HQL_FUNCTIONS - Double log10(NUMERIC arg)
13:10:13.447 [main] DEBUG org.hibernate.HQL_FUNCTIONS - String lower(STRING string)
13:10:13.447 [main] DEBUG org.hibernate.HQL_FUNCTIONS - String lpad(STRING string, INTEGER length[, STRING padding])
13:10:13.447 [main] DEBUG org.hibernate.HQL_FUNCTIONS - String ltrim(STRING string)
13:10:13.447 [main] DEBUG org.hibernate.HQL_FUNCTIONS - max(COMPARABLE arg)
13:10:13.447 [main] DEBUG org.hibernate.HQL_FUNCTIONS - Double median(NUMERIC arg)
13:10:13.447 [main] DEBUG org.hibernate.HQL_FUNCTIONS - Integer microsecond(TIME arg)
13:10:13.447 [main] DEBUG org.hibernate.HQL_FUNCTIONS - min(COMPARABLE arg)
13:10:13.447 [main] DEBUG org.hibernate.HQL_FUNCTIONS - Integer minute(TIME arg)
13:10:13.447 [main] DEBUG org.hibernate.HQL_FUNCTIONS - Integer mod(INTEGER arg0, INTEGER arg1)
13:10:13.447 [main] DEBUG org.hibernate.HQL_FUNCTIONS - mode()
13:10:13.447 [main] DEBUG org.hibernate.HQL_FUNCTIONS - Integer month(DATE arg)
13:10:13.447 [main] DEBUG org.hibernate.HQL_FUNCTIONS - String monthname(DATE arg)
13:10:13.447 [main] DEBUG org.hibernate.HQL_FUNCTIONS - Timestamp now()
13:10:13.447 [main] DEBUG org.hibernate.HQL_FUNCTIONS - nth_valueANY value, INTEGER nth
13:10:13.447 [main] DEBUG org.hibernate.HQL_FUNCTIONS - nullif(arg0, arg1)
13:10:13.447 [main] DEBUG org.hibernate.HQL_FUNCTIONS - Integer octet_length(STRING_OR_CLOB arg)
13:10:13.447 [main] DEBUG org.hibernate.HQL_FUNCTIONS - OffsetDateTime offset datetime
13:10:13.447 [main] DEBUG org.hibernate.HQL_FUNCTIONS - OffsetDateTime offset_datetime
13:10:13.447 [main] DEBUG org.hibernate.HQL_FUNCTIONS - String overlay(STRING string placing STRING replacement from INTEGER start[ for INTEGER length])
13:10:13.447 [main] DEBUG org.hibernate.HQL_FUNCTIONS - String pad(STRING string with INTEGER length {leading|trailing}[ STRING character])
13:10:13.447 [main] DEBUG org.hibernate.HQL_FUNCTIONS - Double percent_rank([arg0[, ...]])
13:10:13.447 [main] DEBUG org.hibernate.HQL_FUNCTIONS - percentile_cont(NUMERIC arg)
13:10:13.447 [main] DEBUG org.hibernate.HQL_FUNCTIONS - percentile_disc(NUMERIC arg)
13:10:13.447 [main] DEBUG org.hibernate.HQL_FUNCTIONS - Double pi
13:10:13.447 [main] DEBUG org.hibernate.HQL_FUNCTIONS - Integer position(STRING pattern in STRING string)
13:10:13.447 [main] DEBUG org.hibernate.HQL_FUNCTIONS - Double power(NUMERIC arg0, NUMERIC arg1)
13:10:13.447 [main] DEBUG org.hibernate.HQL_FUNCTIONS - Integer quarter(DATE arg)
13:10:13.447 [main] DEBUG org.hibernate.HQL_FUNCTIONS - Double radians(NUMERIC arg)
13:10:13.447 [main] DEBUG org.hibernate.HQL_FUNCTIONS - Double rand([INTEGER seed])
13:10:13.447 [main] DEBUG org.hibernate.HQL_FUNCTIONS - Long rank([arg0[, ...]])
13:10:13.447 [main] DEBUG org.hibernate.HQL_FUNCTIONS - String repeat(STRING string, INTEGER times)
13:10:13.447 [main] DEBUG org.hibernate.HQL_FUNCTIONS - String replace(STRING string, STRING pattern, STRING replacement)
13:10:13.447 [main] DEBUG org.hibernate.HQL_FUNCTIONS - String right(STRING string, INTEGER length)
13:10:13.447 [main] DEBUG org.hibernate.HQL_FUNCTIONS - round(NUMERIC number[, INTEGER places])
13:10:13.447 [main] DEBUG org.hibernate.HQL_FUNCTIONS - Long row_number()
13:10:13.447 [main] DEBUG org.hibernate.HQL_FUNCTIONS - Long rownum()
13:10:13.447 [main] DEBUG org.hibernate.HQL_FUNCTIONS - String rpad(STRING string, INTEGER length[, STRING padding])
13:10:13.447 [main] DEBUG org.hibernate.HQL_FUNCTIONS - String rtrim(STRING string)
13:10:13.447 [main] DEBUG org.hibernate.HQL_FUNCTIONS - Integer second(TIME arg)
13:10:13.447 [main] DEBUG org.hibernate.HQL_FUNCTIONS - Integer sign(NUMERIC arg)
13:10:13.447 [main] DEBUG org.hibernate.HQL_FUNCTIONS - Double sin(NUMERIC arg)
13:10:13.447 [main] DEBUG org.hibernate.HQL_FUNCTIONS - Double sinh(NUMERIC arg)
13:10:13.447 [main] DEBUG org.hibernate.HQL_FUNCTIONS - String soundex(arg)
13:10:13.447 [main] DEBUG org.hibernate.HQL_FUNCTIONS - String space(INTEGER arg)
13:10:13.447 [main] DEBUG org.hibernate.HQL_FUNCTIONS - Object sql
13:10:13.447 [main] DEBUG org.hibernate.HQL_FUNCTIONS - Double sqrt(NUMERIC arg)
13:10:13.447 [main] DEBUG org.hibernate.HQL_FUNCTIONS - Double stddev_pop(NUMERIC arg)
13:10:13.447 [main] DEBUG org.hibernate.HQL_FUNCTIONS - Double stddev_samp(NUMERIC arg)
13:10:13.447 [main] DEBUG org.hibernate.HQL_FUNCTIONS - String str(arg)
13:10:13.447 [main] DEBUG org.hibernate.HQL_FUNCTIONS - String substr(STRING string, INTEGER start[, INTEGER length])
13:10:13.447 [main] DEBUG org.hibernate.HQL_FUNCTIONS - String substring(STRING string{ from|,} INTEGER start[{ for|,} INTEGER length])
13:10:13.447 [main] DEBUG org.hibernate.HQL_FUNCTIONS - sum(arg)
13:10:13.447 [main] DEBUG org.hibernate.HQL_FUNCTIONS - Timestamp sysdate
13:10:13.447 [main] DEBUG org.hibernate.HQL_FUNCTIONS - Double tan(NUMERIC arg)
13:10:13.447 [main] DEBUG org.hibernate.HQL_FUNCTIONS - Double tanh(NUMERIC arg)
13:10:13.447 [main] DEBUG org.hibernate.HQL_FUNCTIONS - timestampadd(TEMPORAL_UNIT field, INTEGER magnitude, TEMPORAL datetime)
13:10:13.447 [main] DEBUG org.hibernate.HQL_FUNCTIONS - Long|Double timestampdiff(TEMPORAL_UNIT field, TEMPORAL start, TEMPORAL end)
13:10:13.447 [main] DEBUG org.hibernate.HQL_FUNCTIONS - String translate(STRING arg0, STRING arg1, STRING arg2)
13:10:13.447 [main] DEBUG org.hibernate.HQL_FUNCTIONS - String trim([[{leading|trailing|both} ][STRING arg0 ]from] STRING arg1)
13:10:13.447 [main] DEBUG org.hibernate.HQL_FUNCTIONS - trunc( ... )
13:10:13.447 [main] DEBUG org.hibernate.HQL_FUNCTIONS - truncate( ... )
13:10:13.447 [main] DEBUG org.hibernate.HQL_FUNCTIONS - String upper(STRING string)
13:10:13.447 [main] DEBUG org.hibernate.HQL_FUNCTIONS - Double var_pop(NUMERIC arg)
13:10:13.447 [main] DEBUG org.hibernate.HQL_FUNCTIONS - Double var_samp(NUMERIC arg)
13:10:13.447 [main] DEBUG org.hibernate.HQL_FUNCTIONS - Integer week(DATE arg)
13:10:13.447 [main] DEBUG org.hibernate.HQL_FUNCTIONS - Integer year(DATE arg)
13:10:13.447 [main] DEBUG org.hibernate.orm.query.plan.cache - Starting QueryInterpretationCache(2048)
13:10:13.447 [main] DEBUG org.hibernate.service.internal.SessionFactoryServiceRegistryImpl - EventListenerRegistry access via ServiceRegistry is deprecated.  Use `sessionFactory.getEventEngine().getListenerRegistry()` instead
13:10:13.448 [main] DEBUG org.hibernate.event.internal.EntityCopyObserverFactoryInitiator - Configured EntityCopyObserver strategy: disallow
13:10:13.448 [main] DEBUG org.hibernate.boot.internal.ClassLoaderAccessImpl - Not known whether passed class name [org.frcpm.models.Attendance] is safe
13:10:13.448 [main] DEBUG org.hibernate.boot.internal.ClassLoaderAccessImpl - No temp ClassLoader provided; using live ClassLoader for loading potentially unsafe class : org.frcpm.models.Attendance
13:10:13.457 [FRC-PM-HikariCP housekeeper] DEBUG com.zaxxer.hikari.pool.HikariPool - FRC-PM-HikariCP - Before cleanup stats (total=1, active=0, idle=1, waiting=0)
13:10:13.457 [FRC-PM-HikariCP housekeeper] DEBUG com.zaxxer.hikari.pool.HikariPool - FRC-PM-HikariCP - After cleanup  stats (total=1, active=0, idle=1, waiting=0)
13:10:13.458 [FRC-PM-HikariCP connection adder] DEBUG com.zaxxer.hikari.pool.HikariPool - FRC-PM-HikariCP - Added connection conn19: url=jdbc:h2:mem:testdb user=SA
13:10:13.464 [main] DEBUG org.hibernate.bytecode.internal.bytebuddy.BytecodeProviderImpl - HHH000513: Unable to create the ReflectionOptimizer for [org.frcpm.models.Attendance]: private accessor [arrivalTime]
13:10:13.465 [main] DEBUG org.hibernate.boot.internal.ClassLoaderAccessImpl - Not known whether passed class name [org.frcpm.models.Meeting] is safe
13:10:13.465 [main] DEBUG org.hibernate.boot.internal.ClassLoaderAccessImpl - No temp ClassLoader provided; using live ClassLoader for loading potentially unsafe class : org.frcpm.models.Meeting
13:10:13.473 [frcpm-hikari-pool connection adder] DEBUG com.zaxxer.hikari.pool.HikariPool - frcpm-hikari-pool - After adding stats (total=4, active=0, idle=4, waiting=0)
13:10:13.473 [frcpm-hikari-pool connection adder] DEBUG com.zaxxer.hikari.pool.HikariPool - frcpm-hikari-pool - Added connection conn20: url=jdbc:h2:mem:testdb user=SA
13:10:13.482 [main] DEBUG org.hibernate.bytecode.internal.bytebuddy.BytecodeProviderImpl - HHH000513: Unable to create the ReflectionOptimizer for [org.frcpm.models.Meeting]: private accessor [attendances]
13:10:13.483 [main] DEBUG org.hibernate.boot.internal.ClassLoaderAccessImpl - Not known whether passed class name [org.frcpm.models.Subsystem] is safe
13:10:13.483 [main] DEBUG org.hibernate.boot.internal.ClassLoaderAccessImpl - No temp ClassLoader provided; using live ClassLoader for loading potentially unsafe class : org.frcpm.models.Subsystem
13:10:13.499 [main] DEBUG org.hibernate.bytecode.internal.bytebuddy.BytecodeProviderImpl - HHH000513: Unable to create the ReflectionOptimizer for [org.frcpm.models.Subsystem]: private accessor [description]
13:10:13.500 [main] DEBUG org.hibernate.boot.internal.ClassLoaderAccessImpl - Not known whether passed class name [org.frcpm.models.Component] is safe
13:10:13.500 [main] DEBUG org.hibernate.boot.internal.ClassLoaderAccessImpl - No temp ClassLoader provided; using live ClassLoader for loading potentially unsafe class : org.frcpm.models.Component
13:10:13.503 [FRC-PM-HikariCP connection adder] DEBUG com.zaxxer.hikari.pool.HikariPool - FRC-PM-HikariCP - After adding stats (total=2, active=0, idle=2, waiting=0)
13:10:13.517 [main] DEBUG org.hibernate.bytecode.internal.bytebuddy.BytecodeProviderImpl - HHH000513: Unable to create the ReflectionOptimizer for [org.frcpm.models.Component]: private accessor [actualDelivery]
13:10:13.519 [frcpm-hikari-pool connection adder] DEBUG com.zaxxer.hikari.pool.HikariPool - frcpm-hikari-pool - After adding stats (total=5, active=0, idle=5, waiting=0)
13:10:13.519 [main] DEBUG org.hibernate.boot.internal.ClassLoaderAccessImpl - Not known whether passed class name [org.frcpm.models.Milestone] is safe
13:10:13.519 [main] DEBUG org.hibernate.boot.internal.ClassLoaderAccessImpl - No temp ClassLoader provided; using live ClassLoader for loading potentially unsafe class : org.frcpm.models.Milestone
13:10:13.531 [main] DEBUG org.hibernate.bytecode.internal.bytebuddy.BytecodeProviderImpl - HHH000513: Unable to create the ReflectionOptimizer for [org.frcpm.models.Milestone]: private accessor [date]
13:10:13.532 [main] DEBUG org.hibernate.boot.internal.ClassLoaderAccessImpl - Not known whether passed class name [org.frcpm.models.Project] is safe
13:10:13.532 [main] DEBUG org.hibernate.boot.internal.ClassLoaderAccessImpl - No temp ClassLoader provided; using live ClassLoader for loading potentially unsafe class : org.frcpm.models.Project
13:10:13.549 [main] DEBUG org.hibernate.bytecode.internal.bytebuddy.BytecodeProviderImpl - HHH000513: Unable to create the ReflectionOptimizer for [org.frcpm.models.Project]: private accessor [description]
13:10:13.550 [main] DEBUG org.hibernate.boot.internal.ClassLoaderAccessImpl - Not known whether passed class name [org.frcpm.models.Subteam] is safe
13:10:13.550 [main] DEBUG org.hibernate.boot.internal.ClassLoaderAccessImpl - No temp ClassLoader provided; using live ClassLoader for loading potentially unsafe class : org.frcpm.models.Subteam
13:10:13.566 [main] DEBUG org.hibernate.bytecode.internal.bytebuddy.BytecodeProviderImpl - HHH000513: Unable to create the ReflectionOptimizer for [org.frcpm.models.Subteam]: private accessor [colorCode]
13:10:13.568 [main] DEBUG org.hibernate.boot.internal.ClassLoaderAccessImpl - Not known whether passed class name [org.frcpm.models.Task] is safe
13:10:13.568 [main] DEBUG org.hibernate.boot.internal.ClassLoaderAccessImpl - No temp ClassLoader provided; using live ClassLoader for loading potentially unsafe class : org.frcpm.models.Task
13:10:13.592 [main] DEBUG org.hibernate.bytecode.internal.bytebuddy.BytecodeProviderImpl - HHH000513: Unable to create the ReflectionOptimizer for [org.frcpm.models.Task]: private accessor [actualDurationSeconds]
13:10:13.594 [main] DEBUG org.hibernate.boot.internal.ClassLoaderAccessImpl - Not known whether passed class name [org.frcpm.models.TeamMember] is safe
13:10:13.594 [main] DEBUG org.hibernate.boot.internal.ClassLoaderAccessImpl - No temp ClassLoader provided; using live ClassLoader for loading potentially unsafe class : org.frcpm.models.TeamMember
13:10:13.608 [main] DEBUG org.hibernate.bytecode.internal.bytebuddy.BytecodeProviderImpl - HHH000513: Unable to create the ReflectionOptimizer for [org.frcpm.models.TeamMember]: private accessor [assignedTasks]
13:10:13.609 [main] DEBUG org.hibernate.orm.jdbc.mutation - Skipping collection row updates - org.frcpm.models.Task.assignedTo
13:10:13.610 [main] DEBUG org.hibernate.orm.jdbc.mutation - Skipping collection (re)creation - org.frcpm.models.Subsystem.tasks
13:10:13.610 [main] DEBUG org.hibernate.orm.jdbc.mutation - Skipping collection row deletions - org.frcpm.models.Subsystem.tasks
13:10:13.610 [main] DEBUG org.hibernate.orm.jdbc.mutation - Skipping collection removals - org.frcpm.models.Subsystem.tasks
13:10:13.610 [main] DEBUG org.hibernate.orm.jdbc.mutation - Skipping collection (re)creation - org.frcpm.models.Subteam.members
13:10:13.610 [main] DEBUG org.hibernate.orm.jdbc.mutation - Skipping collection row deletions - org.frcpm.models.Subteam.members
13:10:13.610 [main] DEBUG org.hibernate.orm.jdbc.mutation - Skipping collection removals - org.frcpm.models.Subteam.members
13:10:13.610 [main] DEBUG org.hibernate.orm.jdbc.mutation - Skipping collection (re)creation - org.frcpm.models.TeamMember.attendances
13:10:13.610 [main] DEBUG org.hibernate.orm.jdbc.mutation - Skipping collection row deletions - org.frcpm.models.TeamMember.attendances
13:10:13.610 [main] DEBUG org.hibernate.orm.jdbc.mutation - Skipping collection removals - org.frcpm.models.TeamMember.attendances
13:10:13.610 [main] DEBUG org.hibernate.orm.jdbc.mutation - Skipping collection row updates - org.frcpm.models.Task.requiredComponents
13:10:13.610 [main] DEBUG org.hibernate.orm.jdbc.mutation - Skipping collection (re)creation - org.frcpm.models.Subteam.subsystems
13:10:13.610 [main] DEBUG org.hibernate.orm.jdbc.mutation - Skipping collection row deletions - org.frcpm.models.Subteam.subsystems
13:10:13.610 [main] DEBUG org.hibernate.orm.jdbc.mutation - Skipping collection removals - org.frcpm.models.Subteam.subsystems
13:10:13.610 [main] DEBUG org.hibernate.orm.jdbc.mutation - Skipping collection row updates - org.frcpm.models.Task.preDependencies
13:10:13.610 [main] DEBUG org.hibernate.orm.jdbc.mutation - Skipping collection (re)creation - org.frcpm.models.Project.milestones
13:10:13.610 [main] DEBUG org.hibernate.orm.jdbc.mutation - Skipping collection row deletions - org.frcpm.models.Project.milestones
13:10:13.610 [main] DEBUG org.hibernate.orm.jdbc.mutation - Skipping collection removals - org.frcpm.models.Project.milestones
13:10:13.611 [main] DEBUG org.hibernate.orm.jdbc.mutation - Skipping collection inserts - org.frcpm.models.Component.requiredForTasks
13:10:13.611 [main] DEBUG org.hibernate.orm.jdbc.mutation - Skipping collection row updates - org.frcpm.models.Component.requiredForTasks
13:10:13.611 [main] DEBUG org.hibernate.orm.jdbc.mutation - Skipping collection row deletions - org.frcpm.models.Component.requiredForTasks
13:10:13.611 [main] DEBUG org.hibernate.orm.jdbc.mutation - Skipping collection removals - org.frcpm.models.Component.requiredForTasks
13:10:13.611 [main] DEBUG org.hibernate.orm.jdbc.mutation - Skipping collection (re)creation - org.frcpm.models.Project.meetings
13:10:13.611 [main] DEBUG org.hibernate.orm.jdbc.mutation - Skipping collection row deletions - org.frcpm.models.Project.meetings
13:10:13.611 [main] DEBUG org.hibernate.orm.jdbc.mutation - Skipping collection removals - org.frcpm.models.Project.meetings
13:10:13.611 [main] DEBUG org.hibernate.orm.jdbc.mutation - Skipping collection inserts - org.frcpm.models.TeamMember.assignedTasks
13:10:13.611 [main] DEBUG org.hibernate.orm.jdbc.mutation - Skipping collection row updates - org.frcpm.models.TeamMember.assignedTasks
13:10:13.611 [main] DEBUG org.hibernate.orm.jdbc.mutation - Skipping collection row deletions - org.frcpm.models.TeamMember.assignedTasks
13:10:13.611 [main] DEBUG org.hibernate.orm.jdbc.mutation - Skipping collection removals - org.frcpm.models.TeamMember.assignedTasks
13:10:13.611 [main] DEBUG org.hibernate.orm.jdbc.mutation - Skipping collection (re)creation - org.frcpm.models.Meeting.attendances
13:10:13.611 [main] DEBUG org.hibernate.orm.jdbc.mutation - Skipping collection row deletions - org.frcpm.models.Meeting.attendances
13:10:13.611 [main] DEBUG org.hibernate.orm.jdbc.mutation - Skipping collection removals - org.frcpm.models.Meeting.attendances
13:10:13.611 [main] DEBUG org.hibernate.orm.jdbc.mutation - Skipping collection inserts - org.frcpm.models.Task.postDependencies
13:10:13.611 [main] DEBUG org.hibernate.orm.jdbc.mutation - Skipping collection row updates - org.frcpm.models.Task.postDependencies
13:10:13.611 [main] DEBUG org.hibernate.orm.jdbc.mutation - Skipping collection row deletions - org.frcpm.models.Task.postDependencies
13:10:13.611 [main] DEBUG org.hibernate.orm.jdbc.mutation - Skipping collection removals - org.frcpm.models.Task.postDependencies
13:10:13.611 [main] DEBUG org.hibernate.orm.jdbc.mutation - Skipping collection (re)creation - org.frcpm.models.Project.tasks
13:10:13.611 [main] DEBUG org.hibernate.orm.jdbc.mutation - Skipping collection row deletions - org.frcpm.models.Project.tasks
13:10:13.611 [main] DEBUG org.hibernate.orm.jdbc.mutation - Skipping collection removals - org.frcpm.models.Project.tasks
13:10:13.616 [main] DEBUG org.hibernate.orm.model.mapping.creation - Starting post-init callbacks
13:10:13.616 [main] DEBUG org.hibernate.orm.model.mapping.creation - Starting PostInitCallbackEntry : To-one key - NavigableRole[org.frcpm.models.Attendance.meeting]
13:10:13.616 [main] DEBUG org.hibernate.orm.model.mapping.creation - Starting PostInitCallbackEntry : To-one key - NavigableRole[org.frcpm.models.Attendance.member]
13:10:13.616 [main] DEBUG org.hibernate.orm.model.mapping.creation - Starting PostInitCallbackEntry : Entity(org.frcpm.models.Attendance) `staticFetchableList` generator
13:10:13.616 [main] DEBUG org.hibernate.orm.model.mapping.creation - Starting PostInitCallbackEntry : PluralAttributeMapping( NavigableRole[org.frcpm.models.Meeting.attendances#{element}]) - element descriptor
13:10:13.616 [main] DEBUG org.hibernate.orm.model.mapping.creation - Starting PostInitCallbackEntry : PluralAttributeMapping(org.frcpm.models.Meeting.attendances)#finishInitialization
13:10:13.616 [main] DEBUG org.hibernate.orm.model.mapping.creation - Starting PostInitCallbackEntry : PluralAttributeMapping(org.frcpm.models.Meeting.attendances) - key descriptor
13:10:13.616 [main] DEBUG org.hibernate.orm.model.mapping.creation - Starting PostInitCallbackEntry : To-one key - NavigableRole[org.frcpm.models.Meeting.project]
13:10:13.616 [main] DEBUG org.hibernate.orm.model.mapping.creation - Starting PostInitCallbackEntry : Entity(org.frcpm.models.Meeting) `staticFetchableList` generator
13:10:13.616 [main] DEBUG org.hibernate.orm.model.mapping.creation - Starting PostInitCallbackEntry : To-one key - NavigableRole[org.frcpm.models.Subsystem.responsibleSubteam]
13:10:13.616 [main] DEBUG org.hibernate.orm.model.mapping.creation - Starting PostInitCallbackEntry : PluralAttributeMapping( NavigableRole[org.frcpm.models.Subsystem.tasks#{element}]) - element descriptor
13:10:13.616 [main] DEBUG org.hibernate.orm.model.mapping.creation - Starting PostInitCallbackEntry : PluralAttributeMapping(org.frcpm.models.Subsystem.tasks)#finishInitialization
13:10:13.616 [main] DEBUG org.hibernate.orm.model.mapping.creation - Starting PostInitCallbackEntry : PluralAttributeMapping(org.frcpm.models.Subsystem.tasks) - key descriptor
13:10:13.616 [main] DEBUG org.hibernate.orm.model.mapping.creation - Starting PostInitCallbackEntry : Entity(org.frcpm.models.Subsystem) `staticFetchableList` generator
13:10:13.616 [main] DEBUG org.hibernate.orm.model.mapping.creation - Starting PostInitCallbackEntry : PluralAttributeMapping( NavigableRole[org.frcpm.models.Component.requiredForTasks#{element}]) - element descriptor
13:10:13.616 [main] DEBUG org.hibernate.orm.model.mapping.creation - Starting PostInitCallbackEntry : PluralAttributeMapping(org.frcpm.models.Component.requiredForTasks)#finishInitialization
13:10:13.616 [main] DEBUG org.hibernate.orm.model.mapping.creation - Starting PostInitCallbackEntry : PluralAttributeMapping(org.frcpm.models.Component.requiredForTasks) - key descriptor
13:10:13.616 [main] DEBUG org.hibernate.orm.model.mapping.creation - Starting PostInitCallbackEntry : Entity(org.frcpm.models.Component) `staticFetchableList` generator
13:10:13.616 [main] DEBUG org.hibernate.orm.model.mapping.creation - Starting PostInitCallbackEntry : To-one key - NavigableRole[org.frcpm.models.Milestone.project]
13:10:13.616 [main] DEBUG org.hibernate.orm.model.mapping.creation - Starting PostInitCallbackEntry : Entity(org.frcpm.models.Milestone) `staticFetchableList` generator
13:10:13.616 [main] DEBUG org.hibernate.orm.model.mapping.creation - Starting PostInitCallbackEntry : PluralAttributeMapping( NavigableRole[org.frcpm.models.Project.meetings#{element}]) - element descriptor
13:10:13.616 [main] DEBUG org.hibernate.orm.model.mapping.creation - Starting PostInitCallbackEntry : PluralAttributeMapping(org.frcpm.models.Project.meetings)#finishInitialization
13:10:13.616 [main] DEBUG org.hibernate.orm.model.mapping.creation - Starting PostInitCallbackEntry : PluralAttributeMapping(org.frcpm.models.Project.meetings) - key descriptor
13:10:13.616 [main] DEBUG org.hibernate.orm.model.mapping.creation - Starting PostInitCallbackEntry : PluralAttributeMapping( NavigableRole[org.frcpm.models.Project.milestones#{element}]) - element descriptor
13:10:13.616 [main] DEBUG org.hibernate.orm.model.mapping.creation - Starting PostInitCallbackEntry : PluralAttributeMapping(org.frcpm.models.Project.milestones)#finishInitialization
13:10:13.616 [main] DEBUG org.hibernate.orm.model.mapping.creation - Starting PostInitCallbackEntry : PluralAttributeMapping(org.frcpm.models.Project.milestones) - key descriptor
13:10:13.616 [main] DEBUG org.hibernate.orm.model.mapping.creation - Starting PostInitCallbackEntry : PluralAttributeMapping( NavigableRole[org.frcpm.models.Project.tasks#{element}]) - element descriptor
13:10:13.616 [main] DEBUG org.hibernate.orm.model.mapping.creation - Starting PostInitCallbackEntry : PluralAttributeMapping(org.frcpm.models.Project.tasks)#finishInitialization
13:10:13.616 [main] DEBUG org.hibernate.orm.model.mapping.creation - Starting PostInitCallbackEntry : PluralAttributeMapping(org.frcpm.models.Project.tasks) - key descriptor
13:10:13.616 [main] DEBUG org.hibernate.orm.model.mapping.creation - Starting PostInitCallbackEntry : Entity(org.frcpm.models.Project) `staticFetchableList` generator
13:10:13.616 [main] DEBUG org.hibernate.orm.model.mapping.creation - Starting PostInitCallbackEntry : PluralAttributeMapping( NavigableRole[org.frcpm.models.Subteam.members#{element}]) - element descriptor
13:10:13.616 [main] DEBUG org.hibernate.orm.model.mapping.creation - Starting PostInitCallbackEntry : PluralAttributeMapping(org.frcpm.models.Subteam.members)#finishInitialization
13:10:13.616 [main] DEBUG org.hibernate.orm.model.mapping.creation - Starting PostInitCallbackEntry : PluralAttributeMapping(org.frcpm.models.Subteam.members) - key descriptor
13:10:13.616 [main] DEBUG org.hibernate.orm.model.mapping.creation - Starting PostInitCallbackEntry : PluralAttributeMapping( NavigableRole[org.frcpm.models.Subteam.subsystems#{element}]) - element descriptor
13:10:13.616 [main] DEBUG org.hibernate.orm.model.mapping.creation - Starting PostInitCallbackEntry : PluralAttributeMapping(org.frcpm.models.Subteam.subsystems)#finishInitialization
13:10:13.616 [main] DEBUG org.hibernate.orm.model.mapping.creation - Starting PostInitCallbackEntry : PluralAttributeMapping(org.frcpm.models.Subteam.subsystems) - key descriptor
13:10:13.616 [main] DEBUG org.hibernate.orm.model.mapping.creation - Starting PostInitCallbackEntry : Entity(org.frcpm.models.Subteam) `staticFetchableList` generator
13:10:13.616 [main] DEBUG org.hibernate.orm.model.mapping.creation - Starting PostInitCallbackEntry : PluralAttributeMapping( NavigableRole[org.frcpm.models.Task.assignedTo#{element}]) - element descriptor
13:10:13.616 [main] DEBUG org.hibernate.orm.model.mapping.creation - Starting PostInitCallbackEntry : PluralAttributeMapping(org.frcpm.models.Task.assignedTo)#finishInitialization
13:10:13.616 [main] DEBUG org.hibernate.orm.model.mapping.creation - Starting PostInitCallbackEntry : PluralAttributeMapping(org.frcpm.models.Task.assignedTo) - key descriptor
13:10:13.616 [main] DEBUG org.hibernate.orm.model.mapping.creation - Starting PostInitCallbackEntry : PluralAttributeMapping( NavigableRole[org.frcpm.models.Task.postDependencies#{element}]) - element descriptor
13:10:13.616 [main] DEBUG org.hibernate.orm.model.mapping.creation - Starting PostInitCallbackEntry : PluralAttributeMapping(org.frcpm.models.Task.postDependencies)#finishInitialization
13:10:13.616 [main] DEBUG org.hibernate.orm.model.mapping.creation - Starting PostInitCallbackEntry : PluralAttributeMapping(org.frcpm.models.Task.postDependencies) - key descriptor
13:10:13.616 [main] DEBUG org.hibernate.orm.model.mapping.creation - Starting PostInitCallbackEntry : PluralAttributeMapping( NavigableRole[org.frcpm.models.Task.preDependencies#{element}]) - element descriptor
13:10:13.616 [main] DEBUG org.hibernate.orm.model.mapping.creation - Starting PostInitCallbackEntry : PluralAttributeMapping(org.frcpm.models.Task.preDependencies)#finishInitialization
13:10:13.616 [main] DEBUG org.hibernate.orm.model.mapping.creation - Starting PostInitCallbackEntry : PluralAttributeMapping(org.frcpm.models.Task.preDependencies) - key descriptor
13:10:13.616 [main] DEBUG org.hibernate.orm.model.mapping.creation - Starting PostInitCallbackEntry : To-one key - NavigableRole[org.frcpm.models.Task.project]
13:10:13.616 [main] DEBUG org.hibernate.orm.model.mapping.creation - Starting PostInitCallbackEntry : PluralAttributeMapping( NavigableRole[org.frcpm.models.Task.requiredComponents#{element}]) - element descriptor
13:10:13.616 [main] DEBUG org.hibernate.orm.model.mapping.creation - Starting PostInitCallbackEntry : PluralAttributeMapping(org.frcpm.models.Task.requiredComponents)#finishInitialization
13:10:13.616 [main] DEBUG org.hibernate.orm.model.mapping.creation - Starting PostInitCallbackEntry : PluralAttributeMapping(org.frcpm.models.Task.requiredComponents) - key descriptor
13:10:13.616 [main] DEBUG org.hibernate.orm.model.mapping.creation - Starting PostInitCallbackEntry : To-one key - NavigableRole[org.frcpm.models.Task.subsystem]
13:10:13.616 [main] DEBUG org.hibernate.orm.model.mapping.creation - Starting PostInitCallbackEntry : Entity(org.frcpm.models.Task) `staticFetchableList` generator
13:10:13.616 [main] DEBUG org.hibernate.orm.model.mapping.creation - Starting PostInitCallbackEntry : PluralAttributeMapping( NavigableRole[org.frcpm.models.TeamMember.assignedTasks#{element}]) - element descriptor
13:10:13.616 [main] DEBUG org.hibernate.orm.model.mapping.creation - Starting PostInitCallbackEntry : PluralAttributeMapping(org.frcpm.models.TeamMember.assignedTasks)#finishInitialization
13:10:13.616 [main] DEBUG org.hibernate.orm.model.mapping.creation - Starting PostInitCallbackEntry : PluralAttributeMapping(org.frcpm.models.TeamMember.assignedTasks) - key descriptor
13:10:13.616 [main] DEBUG org.hibernate.orm.model.mapping.creation - Starting PostInitCallbackEntry : PluralAttributeMapping( NavigableRole[org.frcpm.models.TeamMember.attendances#{element}]) - element descriptor
13:10:13.616 [main] DEBUG org.hibernate.orm.model.mapping.creation - Starting PostInitCallbackEntry : PluralAttributeMapping(org.frcpm.models.TeamMember.attendances)#finishInitialization
13:10:13.616 [main] DEBUG org.hibernate.orm.model.mapping.creation - Starting PostInitCallbackEntry : PluralAttributeMapping(org.frcpm.models.TeamMember.attendances) - key descriptor
13:10:13.616 [main] DEBUG org.hibernate.orm.model.mapping.creation - Starting PostInitCallbackEntry : To-one key - NavigableRole[org.frcpm.models.TeamMember.subteam]
13:10:13.616 [main] DEBUG org.hibernate.orm.model.mapping.creation - Starting PostInitCallbackEntry : Entity(org.frcpm.models.TeamMember) `staticFetchableList` generator
13:10:13.616 [main] DEBUG org.hibernate.orm.model.mapping.creation - Starting PostInitCallbackEntry : PluralAttributeMapping( NavigableRole[org.frcpm.models.Meeting.attendances#{element}]) - element descriptor
13:10:13.616 [main] DEBUG org.hibernate.orm.model.mapping.creation - Starting PostInitCallbackEntry : PluralAttributeMapping( NavigableRole[org.frcpm.models.Subsystem.tasks#{element}]) - element descriptor
13:10:13.616 [main] DEBUG org.hibernate.orm.model.mapping.creation - Starting PostInitCallbackEntry : PluralAttributeMapping( NavigableRole[org.frcpm.models.Component.requiredForTasks#{element}]) - element descriptor
13:10:13.616 [main] DEBUG org.hibernate.orm.model.mapping.creation - Starting PostInitCallbackEntry : PluralAttributeMapping( NavigableRole[org.frcpm.models.Project.meetings#{element}]) - element descriptor
13:10:13.616 [main] DEBUG org.hibernate.orm.model.mapping.creation - Starting PostInitCallbackEntry : PluralAttributeMapping( NavigableRole[org.frcpm.models.Project.milestones#{element}]) - element descriptor
13:10:13.616 [main] DEBUG org.hibernate.orm.model.mapping.creation - Starting PostInitCallbackEntry : PluralAttributeMapping( NavigableRole[org.frcpm.models.Project.tasks#{element}]) - element descriptor
13:10:13.616 [main] DEBUG org.hibernate.orm.model.mapping.creation - Starting PostInitCallbackEntry : PluralAttributeMapping( NavigableRole[org.frcpm.models.Subteam.members#{element}]) - element descriptor
13:10:13.616 [main] DEBUG org.hibernate.orm.model.mapping.creation - Starting PostInitCallbackEntry : PluralAttributeMapping( NavigableRole[org.frcpm.models.Subteam.subsystems#{element}]) - element descriptor
13:10:13.616 [main] DEBUG org.hibernate.orm.model.mapping.creation - Starting PostInitCallbackEntry : PluralAttributeMapping( NavigableRole[org.frcpm.models.Task.postDependencies#{element}]) - element descriptor
13:10:13.616 [main] DEBUG org.hibernate.orm.model.mapping.creation - Starting PostInitCallbackEntry : PluralAttributeMapping( NavigableRole[org.frcpm.models.TeamMember.attendances#{element}]) - element descriptor
13:10:13.622 [main] DEBUG org.hibernate.orm.sql.ast.create - Created new SQL alias : a1_0
13:10:13.622 [main] DEBUG org.hibernate.orm.sql.ast.create - Registration of TableGroup [StandardTableGroup(org.frcpm.models.Attendance)] with identifierForTableGroup [org.frcpm.models.Attendance] for NavigablePath [org.frcpm.models.Attendance] 
13:10:13.622 [main] DEBUG org.hibernate.orm.sql.ast.create - Registration of TableGroup [org.hibernate.sql.ast.tree.from.LazyTableGroup@312eb] with identifierForTableGroup [org.frcpm.models.Attendance.meeting] for NavigablePath [org.frcpm.models.Attendance.meeting] 
13:10:13.622 [main] DEBUG org.hibernate.orm.sql.ast.create - Registration of TableGroup [org.hibernate.sql.ast.tree.from.LazyTableGroup@7a65e842] with identifierForTableGroup [org.frcpm.models.Attendance.member] for NavigablePath [org.frcpm.models.Attendance.member] 
13:10:13.622 [main] DEBUG org.hibernate.orm.results.graph.AST - DomainResult Graph:
 \-EntityResultImpl [org.frcpm.models.Attendance]
 |  +-BasicFetch [org.frcpm.models.Attendance.arrivalTime]
 |  +-BasicFetch [org.frcpm.models.Attendance.departureTime]
 |  +-EntityDelayedFetchImpl [org.frcpm.models.Attendance.meeting]
 |  +-EntityDelayedFetchImpl [org.frcpm.models.Attendance.member]
 |  \-BasicFetch [org.frcpm.models.Attendance.present]

13:10:13.623 [main] DEBUG org.hibernate.orm.sql.ast.tree - SQL AST Tree:
    SelectStatement {
      FromClause {
        StandardTableGroup (a1 : org.frcpm.models.Attendance) {
          primaryTableReference : attendances as a1_0
          TableGroupJoins {
            left  join LazyTableGroup (m1 : org.frcpm.models.Attendance.meeting) {
            }
            left  join LazyTableGroup (m2 : org.frcpm.models.Attendance.member) {
            }
          }
        }
      }
    }

13:10:13.623 [main] DEBUG org.hibernate.persister.entity.AbstractEntityPersister - Static SQL for entity: org.frcpm.models.Attendance
13:10:13.623 [main] DEBUG org.hibernate.persister.entity.AbstractEntityPersister -  Version select: /* get version org.frcpm.models.Attendance */ select id from attendances where id=?
13:10:13.623 [main] DEBUG org.hibernate.persister.entity.AbstractEntityPersister -  Insert (0): /* insert for org.frcpm.models.Attendance */insert into attendances (arrival_time,departure_time,meeting_id,member_id,present,id) values (?,?,?,?,?,default)
13:10:13.623 [main] DEBUG org.hibernate.persister.entity.AbstractEntityPersister -  Update (0): /* update for org.frcpm.models.Attendance */update attendances set arrival_time=?,departure_time=?,meeting_id=?,member_id=?,present=? where id=?
13:10:13.623 [main] DEBUG org.hibernate.persister.entity.AbstractEntityPersister -  Delete (0): /* delete for org.frcpm.models.Attendance */delete from attendances where id=?
13:10:13.623 [main] DEBUG org.hibernate.orm.sql.ast.create - Created new SQL alias : m1_0
13:10:13.623 [main] DEBUG org.hibernate.orm.sql.ast.create - Registration of TableGroup [StandardTableGroup(org.frcpm.models.Meeting)] with identifierForTableGroup [org.frcpm.models.Meeting] for NavigablePath [org.frcpm.models.Meeting] 
13:10:13.623 [main] DEBUG org.hibernate.orm.sql.ast.create - Registration of TableGroup [org.hibernate.sql.ast.tree.from.LazyTableGroup@793af433] with identifierForTableGroup [org.frcpm.models.Meeting.project] for NavigablePath [org.frcpm.models.Meeting.project] 
13:10:13.623 [main] DEBUG org.hibernate.orm.results.graph.AST - DomainResult Graph:
 \-EntityResultImpl [org.frcpm.models.Meeting]
 |  +-DelayedCollectionFetch [org.frcpm.models.Meeting.attendances]
 |  +-BasicFetch [org.frcpm.models.Meeting.date]
 |  +-BasicFetch [org.frcpm.models.Meeting.endTime]
 |  +-BasicFetch [org.frcpm.models.Meeting.notes]
 |  +-EntityDelayedFetchImpl [org.frcpm.models.Meeting.project]
 |  \-BasicFetch [org.frcpm.models.Meeting.startTime]

13:10:13.623 [main] DEBUG org.hibernate.orm.sql.ast.tree - SQL AST Tree:
    SelectStatement {
      FromClause {
        StandardTableGroup (m1 : org.frcpm.models.Meeting) {
          primaryTableReference : meetings as m1_0
          TableGroupJoins {
            left  join LazyTableGroup (p1 : org.frcpm.models.Meeting.project) {
            }
          }
        }
      }
    }

13:10:13.623 [main] DEBUG org.hibernate.persister.entity.AbstractEntityPersister - Static SQL for entity: org.frcpm.models.Meeting
13:10:13.623 [main] DEBUG org.hibernate.persister.entity.AbstractEntityPersister -  Version select: /* get version org.frcpm.models.Meeting */ select id from meetings where id=?
13:10:13.623 [main] DEBUG org.hibernate.persister.entity.AbstractEntityPersister -  Insert (0): /* insert for org.frcpm.models.Meeting */insert into meetings (date,end_time,notes,project_id,start_time,id) values (?,?,?,?,?,default)
13:10:13.623 [main] DEBUG org.hibernate.persister.entity.AbstractEntityPersister -  Update (0): /* update for org.frcpm.models.Meeting */update meetings set date=?,end_time=?,notes=?,project_id=?,start_time=? where id=?
13:10:13.623 [main] DEBUG org.hibernate.persister.entity.AbstractEntityPersister -  Delete (0): /* delete for org.frcpm.models.Meeting */delete from meetings where id=?
13:10:13.623 [main] DEBUG org.hibernate.orm.sql.ast.create - Created new SQL alias : s1_0
13:10:13.623 [main] DEBUG org.hibernate.orm.sql.ast.create - Registration of TableGroup [StandardTableGroup(org.frcpm.models.Subsystem)] with identifierForTableGroup [org.frcpm.models.Subsystem] for NavigablePath [org.frcpm.models.Subsystem] 
13:10:13.623 [main] DEBUG org.hibernate.orm.sql.ast.create - Registration of TableGroup [org.hibernate.sql.ast.tree.from.LazyTableGroup@7e34570] with identifierForTableGroup [org.frcpm.models.Subsystem.responsibleSubteam] for NavigablePath [org.frcpm.models.Subsystem.responsibleSubteam] 
13:10:13.623 [main] DEBUG org.hibernate.orm.results.graph.AST - DomainResult Graph:
 \-EntityResultImpl [org.frcpm.models.Subsystem]
 |  +-BasicFetch [org.frcpm.models.Subsystem.description]
 |  +-BasicFetch [org.frcpm.models.Subsystem.name]
 |  +-EntityDelayedFetchImpl [org.frcpm.models.Subsystem.responsibleSubteam]
 |  +-BasicFetch [org.frcpm.models.Subsystem.status]
 |  \-DelayedCollectionFetch [org.frcpm.models.Subsystem.tasks]

13:10:13.623 [main] DEBUG org.hibernate.orm.sql.ast.tree - SQL AST Tree:
    SelectStatement {
      FromClause {
        StandardTableGroup (s1 : org.frcpm.models.Subsystem) {
          primaryTableReference : subsystems as s1_0
          TableGroupJoins {
            left  join LazyTableGroup (rs1 : org.frcpm.models.Subsystem.responsibleSubteam) {
            }
          }
        }
      }
    }

13:10:13.624 [main] DEBUG org.hibernate.persister.entity.AbstractEntityPersister - Static SQL for entity: org.frcpm.models.Subsystem
13:10:13.624 [main] DEBUG org.hibernate.persister.entity.AbstractEntityPersister -  Version select: /* get version org.frcpm.models.Subsystem */ select id from subsystems where id=?
13:10:13.624 [main] DEBUG org.hibernate.persister.entity.AbstractEntityPersister -  Insert (0): /* insert for org.frcpm.models.Subsystem */insert into subsystems (description,name,responsible_subteam_id,status,id) values (?,?,?,?,default)
13:10:13.624 [main] DEBUG org.hibernate.persister.entity.AbstractEntityPersister -  Update (0): /* update for org.frcpm.models.Subsystem */update subsystems set description=?,name=?,responsible_subteam_id=?,status=? where id=?
13:10:13.624 [main] DEBUG org.hibernate.persister.entity.AbstractEntityPersister -  Delete (0): /* delete for org.frcpm.models.Subsystem */delete from subsystems where id=?
13:10:13.624 [main] DEBUG org.hibernate.orm.sql.ast.create - Created new SQL alias : c1_0
13:10:13.624 [main] DEBUG org.hibernate.orm.sql.ast.create - Registration of TableGroup [StandardTableGroup(org.frcpm.models.Component)] with identifierForTableGroup [org.frcpm.models.Component] for NavigablePath [org.frcpm.models.Component] 
13:10:13.624 [main] DEBUG org.hibernate.orm.results.graph.AST - DomainResult Graph:
 \-EntityResultImpl [org.frcpm.models.Component]
 |  +-BasicFetch [org.frcpm.models.Component.actualDelivery]
 |  +-BasicFetch [org.frcpm.models.Component.delivered]
 |  +-BasicFetch [org.frcpm.models.Component.description]
 |  +-BasicFetch [org.frcpm.models.Component.expectedDelivery]
 |  +-BasicFetch [org.frcpm.models.Component.name]
 |  +-BasicFetch [org.frcpm.models.Component.partNumber]
 |  \-DelayedCollectionFetch [org.frcpm.models.Component.requiredForTasks]

13:10:13.624 [main] DEBUG org.hibernate.orm.sql.ast.tree - SQL AST Tree:
    SelectStatement {
      FromClause {
        StandardTableGroup (c1 : org.frcpm.models.Component) {
          primaryTableReference : components as c1_0
        }
      }
    }

13:10:13.624 [main] DEBUG org.hibernate.persister.entity.AbstractEntityPersister - Static SQL for entity: org.frcpm.models.Component
13:10:13.624 [main] DEBUG org.hibernate.persister.entity.AbstractEntityPersister -  Version select: /* get version org.frcpm.models.Component */ select id from components where id=?
13:10:13.624 [main] DEBUG org.hibernate.persister.entity.AbstractEntityPersister -  Insert (0): /* insert for org.frcpm.models.Component */insert into components (actual_delivery,is_delivered,description,expected_delivery,name,part_number,id) values (?,?,?,?,?,?,default)
13:10:13.624 [main] DEBUG org.hibernate.persister.entity.AbstractEntityPersister -  Update (0): /* update for org.frcpm.models.Component */update components set actual_delivery=?,is_delivered=?,description=?,expected_delivery=?,name=?,part_number=? where id=?
13:10:13.624 [main] DEBUG org.hibernate.persister.entity.AbstractEntityPersister -  Delete (0): /* delete for org.frcpm.models.Component */delete from components where id=?
13:10:13.624 [main] DEBUG org.hibernate.orm.sql.ast.create - Created new SQL alias : m1_0
13:10:13.624 [main] DEBUG org.hibernate.orm.sql.ast.create - Registration of TableGroup [StandardTableGroup(org.frcpm.models.Milestone)] with identifierForTableGroup [org.frcpm.models.Milestone] for NavigablePath [org.frcpm.models.Milestone] 
13:10:13.624 [main] DEBUG org.hibernate.orm.sql.ast.create - Registration of TableGroup [org.hibernate.sql.ast.tree.from.LazyTableGroup@204bd52d] with identifierForTableGroup [org.frcpm.models.Milestone.project] for NavigablePath [org.frcpm.models.Milestone.project] 
13:10:13.624 [main] DEBUG org.hibernate.orm.results.graph.AST - DomainResult Graph:
 \-EntityResultImpl [org.frcpm.models.Milestone]
 |  +-BasicFetch [org.frcpm.models.Milestone.date]
 |  +-BasicFetch [org.frcpm.models.Milestone.description]
 |  +-BasicFetch [org.frcpm.models.Milestone.name]
 |  \-EntityDelayedFetchImpl [org.frcpm.models.Milestone.project]

13:10:13.624 [main] DEBUG org.hibernate.orm.sql.ast.tree - SQL AST Tree:
    SelectStatement {
      FromClause {
        StandardTableGroup (m1 : org.frcpm.models.Milestone) {
          primaryTableReference : milestones as m1_0
          TableGroupJoins {
            left  join LazyTableGroup (p1 : org.frcpm.models.Milestone.project) {
            }
          }
        }
      }
    }

13:10:13.624 [main] DEBUG org.hibernate.persister.entity.AbstractEntityPersister - Static SQL for entity: org.frcpm.models.Milestone
13:10:13.624 [main] DEBUG org.hibernate.persister.entity.AbstractEntityPersister -  Version select: /* get version org.frcpm.models.Milestone */ select id from milestones where id=?
13:10:13.624 [main] DEBUG org.hibernate.persister.entity.AbstractEntityPersister -  Insert (0): /* insert for org.frcpm.models.Milestone */insert into milestones (date,description,name,project_id,id) values (?,?,?,?,default)
13:10:13.624 [main] DEBUG org.hibernate.persister.entity.AbstractEntityPersister -  Update (0): /* update for org.frcpm.models.Milestone */update milestones set date=?,description=?,name=?,project_id=? where id=?
13:10:13.624 [main] DEBUG org.hibernate.persister.entity.AbstractEntityPersister -  Delete (0): /* delete for org.frcpm.models.Milestone */delete from milestones where id=?
13:10:13.624 [main] DEBUG org.hibernate.orm.sql.ast.create - Created new SQL alias : p1_0
13:10:13.624 [main] DEBUG org.hibernate.orm.sql.ast.create - Registration of TableGroup [StandardTableGroup(org.frcpm.models.Project)] with identifierForTableGroup [org.frcpm.models.Project] for NavigablePath [org.frcpm.models.Project] 
13:10:13.624 [main] DEBUG org.hibernate.orm.results.graph.AST - DomainResult Graph:
 \-EntityResultImpl [org.frcpm.models.Project]
 |  +-BasicFetch [org.frcpm.models.Project.description]
 |  +-BasicFetch [org.frcpm.models.Project.goalEndDate]
 |  +-BasicFetch [org.frcpm.models.Project.hardDeadline]
 |  +-DelayedCollectionFetch [org.frcpm.models.Project.meetings]
 |  +-DelayedCollectionFetch [org.frcpm.models.Project.milestones]
 |  +-BasicFetch [org.frcpm.models.Project.name]
 |  +-BasicFetch [org.frcpm.models.Project.startDate]
 |  \-DelayedCollectionFetch [org.frcpm.models.Project.tasks]

13:10:13.624 [main] DEBUG org.hibernate.orm.sql.ast.tree - SQL AST Tree:
    SelectStatement {
      FromClause {
        StandardTableGroup (p1 : org.frcpm.models.Project) {
          primaryTableReference : projects as p1_0
        }
      }
    }

13:10:13.624 [main] DEBUG org.hibernate.persister.entity.AbstractEntityPersister - Static SQL for entity: org.frcpm.models.Project
13:10:13.624 [main] DEBUG org.hibernate.persister.entity.AbstractEntityPersister -  Version select: /* get version org.frcpm.models.Project */ select id from projects where id=?
13:10:13.624 [main] DEBUG org.hibernate.persister.entity.AbstractEntityPersister -  Insert (0): /* insert for org.frcpm.models.Project */insert into projects (description,goal_end_date,hard_deadline,name,start_date,id) values (?,?,?,?,?,default)
13:10:13.624 [main] DEBUG org.hibernate.persister.entity.AbstractEntityPersister -  Update (0): /* update for org.frcpm.models.Project */update projects set description=?,goal_end_date=?,hard_deadline=?,name=?,start_date=? where id=?
13:10:13.624 [main] DEBUG org.hibernate.persister.entity.AbstractEntityPersister -  Delete (0): /* delete for org.frcpm.models.Project */delete from projects where id=?
13:10:13.624 [main] DEBUG org.hibernate.orm.sql.ast.create - Created new SQL alias : s1_0
13:10:13.624 [main] DEBUG org.hibernate.orm.sql.ast.create - Registration of TableGroup [StandardTableGroup(org.frcpm.models.Subteam)] with identifierForTableGroup [org.frcpm.models.Subteam] for NavigablePath [org.frcpm.models.Subteam] 
13:10:13.624 [main] DEBUG org.hibernate.orm.results.graph.AST - DomainResult Graph:
 \-EntityResultImpl [org.frcpm.models.Subteam]
 |  +-BasicFetch [org.frcpm.models.Subteam.colorCode]
 |  +-DelayedCollectionFetch [org.frcpm.models.Subteam.members]
 |  +-BasicFetch [org.frcpm.models.Subteam.name]
 |  +-BasicFetch [org.frcpm.models.Subteam.specialties]
 |  \-DelayedCollectionFetch [org.frcpm.models.Subteam.subsystems]

13:10:13.624 [main] DEBUG org.hibernate.orm.sql.ast.tree - SQL AST Tree:
    SelectStatement {
      FromClause {
        StandardTableGroup (s1 : org.frcpm.models.Subteam) {
          primaryTableReference : subteams as s1_0
        }
      }
    }

13:10:13.624 [main] DEBUG org.hibernate.persister.entity.AbstractEntityPersister - Static SQL for entity: org.frcpm.models.Subteam
13:10:13.624 [main] DEBUG org.hibernate.persister.entity.AbstractEntityPersister -  Version select: /* get version org.frcpm.models.Subteam */ select id from subteams where id=?
13:10:13.624 [main] DEBUG org.hibernate.persister.entity.AbstractEntityPersister -  Insert (0): /* insert for org.frcpm.models.Subteam */insert into subteams (color_code,name,specialties,id) values (?,?,?,default)
13:10:13.624 [main] DEBUG org.hibernate.persister.entity.AbstractEntityPersister -  Update (0): /* update for org.frcpm.models.Subteam */update subteams set color_code=?,name=?,specialties=? where id=?
13:10:13.624 [main] DEBUG org.hibernate.persister.entity.AbstractEntityPersister -  Delete (0): /* delete for org.frcpm.models.Subteam */delete from subteams where id=?
13:10:13.624 [main] DEBUG org.hibernate.orm.sql.ast.create - Created new SQL alias : t1_0
13:10:13.624 [main] DEBUG org.hibernate.orm.sql.ast.create - Registration of TableGroup [StandardTableGroup(org.frcpm.models.Task)] with identifierForTableGroup [org.frcpm.models.Task] for NavigablePath [org.frcpm.models.Task] 
13:10:13.625 [main] DEBUG org.hibernate.orm.sql.ast.create - Registration of TableGroup [org.hibernate.sql.ast.tree.from.LazyTableGroup@78571a17] with identifierForTableGroup [org.frcpm.models.Task.project] for NavigablePath [org.frcpm.models.Task.project] 
13:10:13.625 [main] DEBUG org.hibernate.orm.sql.ast.create - Registration of TableGroup [org.hibernate.sql.ast.tree.from.LazyTableGroup@6434d49e] with identifierForTableGroup [org.frcpm.models.Task.subsystem] for NavigablePath [org.frcpm.models.Task.subsystem] 
13:10:13.625 [main] DEBUG org.hibernate.orm.results.graph.AST - DomainResult Graph:
 \-EntityResultImpl [org.frcpm.models.Task]
 |  +-BasicFetch [org.frcpm.models.Task.actualDurationSeconds]
 |  +-DelayedCollectionFetch [org.frcpm.models.Task.assignedTo]
 |  +-BasicFetch [org.frcpm.models.Task.completed]
 |  +-BasicFetch [org.frcpm.models.Task.description]
 |  +-BasicFetch [org.frcpm.models.Task.endDate]
 |  +-BasicFetch [org.frcpm.models.Task.estimatedDurationSeconds]
 |  +-DelayedCollectionFetch [org.frcpm.models.Task.postDependencies]
 |  +-DelayedCollectionFetch [org.frcpm.models.Task.preDependencies]
 |  +-BasicFetch [org.frcpm.models.Task.priority]
 |  +-BasicFetch [org.frcpm.models.Task.progress]
 |  +-EntityDelayedFetchImpl [org.frcpm.models.Task.project]
 |  +-DelayedCollectionFetch [org.frcpm.models.Task.requiredComponents]
 |  +-BasicFetch [org.frcpm.models.Task.startDate]
 |  +-EntityDelayedFetchImpl [org.frcpm.models.Task.subsystem]
 |  \-BasicFetch [org.frcpm.models.Task.title]

13:10:13.625 [main] DEBUG org.hibernate.orm.sql.ast.tree - SQL AST Tree:
    SelectStatement {
      FromClause {
        StandardTableGroup (t1 : org.frcpm.models.Task) {
          primaryTableReference : tasks as t1_0
          TableGroupJoins {
            left  join LazyTableGroup (p1 : org.frcpm.models.Task.project) {
            }
            left  join LazyTableGroup (s1 : org.frcpm.models.Task.subsystem) {
            }
          }
        }
      }
    }

13:10:13.625 [main] DEBUG org.hibernate.persister.entity.AbstractEntityPersister - Static SQL for entity: org.frcpm.models.Task
13:10:13.625 [main] DEBUG org.hibernate.persister.entity.AbstractEntityPersister -  Version select: /* get version org.frcpm.models.Task */ select id from tasks where id=?
13:10:13.625 [main] DEBUG org.hibernate.persister.entity.AbstractEntityPersister -  Insert (0): /* insert for org.frcpm.models.Task */insert into tasks (actual_duration_seconds,completed,description,end_date,estimated_duration_seconds,priority,progress,project_id,start_date,subsystem_id,title,id) values (?,?,?,?,?,?,?,?,?,?,?,default)
13:10:13.625 [main] DEBUG org.hibernate.persister.entity.AbstractEntityPersister -  Update (0): /* update for org.frcpm.models.Task */update tasks set actual_duration_seconds=?,completed=?,description=?,end_date=?,estimated_duration_seconds=?,priority=?,progress=?,project_id=?,start_date=?,subsystem_id=?,title=? where id=?
13:10:13.625 [main] DEBUG org.hibernate.persister.entity.AbstractEntityPersister -  Delete (0): /* delete for org.frcpm.models.Task */delete from tasks where id=?
13:10:13.625 [main] DEBUG org.hibernate.orm.sql.ast.create - Created new SQL alias : tm1_0
13:10:13.625 [main] DEBUG org.hibernate.orm.sql.ast.create - Registration of TableGroup [StandardTableGroup(org.frcpm.models.TeamMember)] with identifierForTableGroup [org.frcpm.models.TeamMember] for NavigablePath [org.frcpm.models.TeamMember] 
13:10:13.625 [main] DEBUG org.hibernate.orm.sql.ast.create - Registration of TableGroup [org.hibernate.sql.ast.tree.from.LazyTableGroup@294ffc88] with identifierForTableGroup [org.frcpm.models.TeamMember.subteam] for NavigablePath [org.frcpm.models.TeamMember.subteam] 
13:10:13.625 [main] DEBUG org.hibernate.orm.results.graph.AST - DomainResult Graph:
 \-EntityResultImpl [org.frcpm.models.TeamMember]
 |  +-DelayedCollectionFetch [org.frcpm.models.TeamMember.assignedTasks]
 |  +-DelayedCollectionFetch [org.frcpm.models.TeamMember.attendances]
 |  +-BasicFetch [org.frcpm.models.TeamMember.email]
 |  +-BasicFetch [org.frcpm.models.TeamMember.firstName]
 |  +-BasicFetch [org.frcpm.models.TeamMember.lastName]
 |  +-BasicFetch [org.frcpm.models.TeamMember.leader]
 |  +-BasicFetch [org.frcpm.models.TeamMember.phone]
 |  +-BasicFetch [org.frcpm.models.TeamMember.skills]
 |  +-EntityDelayedFetchImpl [org.frcpm.models.TeamMember.subteam]
 |  \-BasicFetch [org.frcpm.models.TeamMember.username]

13:10:13.625 [main] DEBUG org.hibernate.orm.sql.ast.tree - SQL AST Tree:
    SelectStatement {
      FromClause {
        StandardTableGroup (tm1 : org.frcpm.models.TeamMember) {
          primaryTableReference : team_members as tm1_0
          TableGroupJoins {
            left  join LazyTableGroup (s1 : org.frcpm.models.TeamMember.subteam) {
            }
          }
        }
      }
    }

13:10:13.625 [main] DEBUG org.hibernate.persister.entity.AbstractEntityPersister - Static SQL for entity: org.frcpm.models.TeamMember
13:10:13.625 [main] DEBUG org.hibernate.persister.entity.AbstractEntityPersister -  Version select: /* get version org.frcpm.models.TeamMember */ select id from team_members where id=?
13:10:13.625 [main] DEBUG org.hibernate.persister.entity.AbstractEntityPersister -  Insert (0): /* insert for org.frcpm.models.TeamMember */insert into team_members (email,first_name,last_name,is_leader,phone,skills,subteam_id,username,id) values (?,?,?,?,?,?,?,?,default)
13:10:13.625 [main] DEBUG org.hibernate.persister.entity.AbstractEntityPersister -  Update (0): /* update for org.frcpm.models.TeamMember */update team_members set email=?,first_name=?,last_name=?,is_leader=?,phone=?,skills=?,subteam_id=?,username=? where id=?
13:10:13.625 [main] DEBUG org.hibernate.persister.entity.AbstractEntityPersister -  Delete (0): /* delete for org.frcpm.models.TeamMember */delete from team_members where id=?
13:10:13.625 [main] DEBUG org.hibernate.orm.sql.ast.create - Created new SQL alias : at1_0
13:10:13.625 [main] DEBUG org.hibernate.orm.sql.ast.create - Registration of TableGroup [CollectionTableGroup(org.frcpm.models.Task.assignedTo)] with identifierForTableGroup [org.frcpm.models.Task.assignedTo] for NavigablePath [org.frcpm.models.Task.assignedTo] 
13:10:13.625 [main] DEBUG org.hibernate.orm.sql.ast.create - Registration of TableGroup [org.hibernate.sql.ast.tree.from.LazyTableGroup@2b5a659f] with identifierForTableGroup [org.frcpm.models.Task.assignedTo.{element}] for NavigablePath [org.frcpm.models.Task.assignedTo.{element}] 
13:10:13.625 [main] DEBUG org.hibernate.orm.sql.ast.create - Created new SQL alias : at1_1
13:10:13.626 [main] DEBUG org.hibernate.orm.sql.ast.create - Registration of TableGroup [org.hibernate.sql.ast.tree.from.LazyTableGroup@43bda665] with identifierForTableGroup [org.frcpm.models.Task.assignedTo.{element}.subteam] for NavigablePath [org.frcpm.models.Task.assignedTo.{element}.subteam] 
13:10:13.626 [main] DEBUG org.hibernate.orm.results.graph.AST - DomainResult Graph:
 \-CollectionDomainResult [org.frcpm.models.Task.assignedTo]

13:10:13.626 [main] DEBUG org.hibernate.orm.sql.ast.tree - SQL AST Tree:
    SelectStatement {
      FromClause {
        CollectionTableGroup (at1 : org.frcpm.models.Task.assignedTo) {
          primaryTableReference : task_assignments as at1_0
          TableGroupJoins {
             join LazyTableGroup (at1 : org.frcpm.models.Task.assignedTo.{element}) {
              primaryTableReference : team_members as at1_1
              TableGroupJoins {
                left  join LazyTableGroup (s1 : org.frcpm.models.Task.assignedTo.{element}.subteam) {
                }
              }
            }
          }
        }
      }
    }

13:10:13.626 [main] DEBUG org.hibernate.orm.jdbc.mutation - Static SQL for collection: org.frcpm.models.Task.assignedTo
13:10:13.626 [main] DEBUG org.hibernate.orm.jdbc.mutation -  Row insert: /* insert for org.frcpm.models.Task.assignedTo */insert into task_assignments (task_id,team_member_id) values (?,?)
13:10:13.626 [main] DEBUG org.hibernate.orm.jdbc.mutation -  Row delete: /* delete for org.frcpm.models.Task.assignedTo */delete from task_assignments where task_id=? and team_member_id=?
13:10:13.626 [main] DEBUG org.hibernate.orm.jdbc.mutation -  One-shot delete: /* one-shot delete for org.frcpm.models.Task.assignedTo */delete from task_assignments where task_id=?
13:10:13.626 [main] DEBUG org.hibernate.orm.sql.ast.create - Created new SQL alias : t1_0
13:10:13.626 [main] DEBUG org.hibernate.orm.sql.ast.create - Registration of TableGroup [org.hibernate.sql.ast.tree.from.OneToManyTableGroup@73534675] with identifierForTableGroup [org.frcpm.models.Subsystem.tasks] for NavigablePath [org.frcpm.models.Subsystem.tasks] 
13:10:13.626 [main] DEBUG org.hibernate.orm.sql.ast.create - Registration of TableGroup [StandardTableGroup(org.frcpm.models.Subsystem.tasks.{element})] with identifierForTableGroup [org.frcpm.models.Subsystem.tasks.{element}] for NavigablePath [org.frcpm.models.Subsystem.tasks.{element}] 
13:10:13.627 [main] DEBUG org.hibernate.orm.sql.ast.create - Registration of TableGroup [org.hibernate.sql.ast.tree.from.LazyTableGroup@550482aa] with identifierForTableGroup [org.frcpm.models.Subsystem.tasks.{element}.project] for NavigablePath [org.frcpm.models.Subsystem.tasks.{element}.project] 
13:10:13.627 [main] DEBUG org.hibernate.orm.sql.ast.create - Registration of TableGroup [org.hibernate.sql.ast.tree.from.LazyTableGroup@2b7b6f58] with identifierForTableGroup [org.frcpm.models.Subsystem.tasks.{element}.subsystem] for NavigablePath [org.frcpm.models.Subsystem.tasks.{element}.subsystem] 
13:10:13.627 [main] DEBUG org.hibernate.orm.results.graph.AST - DomainResult Graph:
 \-CollectionDomainResult [org.frcpm.models.Subsystem.tasks]

13:10:13.627 [main] DEBUG org.hibernate.orm.sql.ast.tree - SQL AST Tree:
    SelectStatement {
      FromClause {
        OneToManyTableGroup (t1 : org.frcpm.models.Subsystem.tasks) {
          primaryTableReference : tasks as t1_0
          TableGroupJoins {
            left  join LazyTableGroup (p1 : org.frcpm.models.Subsystem.tasks.{element}.project) {
            }
            left  join LazyTableGroup (s1 : org.frcpm.models.Subsystem.tasks.{element}.subsystem) {
            }
          }
        }
      }
    }

13:10:13.627 [main] DEBUG org.hibernate.orm.jdbc.mutation - Static SQL for collection: org.frcpm.models.Subsystem.tasks
13:10:13.627 [main] DEBUG org.hibernate.orm.sql.ast.create - Created new SQL alias : m1_0
13:10:13.627 [main] DEBUG org.hibernate.orm.sql.ast.create - Registration of TableGroup [org.hibernate.sql.ast.tree.from.OneToManyTableGroup@44cd3ea9] with identifierForTableGroup [org.frcpm.models.Subteam.members] for NavigablePath [org.frcpm.models.Subteam.members] 
13:10:13.627 [main] DEBUG org.hibernate.orm.sql.ast.create - Registration of TableGroup [StandardTableGroup(org.frcpm.models.Subteam.members.{element})] with identifierForTableGroup [org.frcpm.models.Subteam.members.{element}] for NavigablePath [org.frcpm.models.Subteam.members.{element}] 
13:10:13.627 [main] DEBUG org.hibernate.orm.sql.ast.create - Registration of TableGroup [org.hibernate.sql.ast.tree.from.LazyTableGroup@352df548] with identifierForTableGroup [org.frcpm.models.Subteam.members.{element}.subteam] for NavigablePath [org.frcpm.models.Subteam.members.{element}.subteam] 
13:10:13.627 [main] DEBUG org.hibernate.orm.results.graph.AST - DomainResult Graph:
 \-CollectionDomainResult [org.frcpm.models.Subteam.members]

13:10:13.627 [main] DEBUG org.hibernate.orm.sql.ast.tree - SQL AST Tree:
    SelectStatement {
      FromClause {
        OneToManyTableGroup (m1 : org.frcpm.models.Subteam.members) {
          primaryTableReference : team_members as m1_0
          TableGroupJoins {
            left  join LazyTableGroup (s1 : org.frcpm.models.Subteam.members.{element}.subteam) {
            }
          }
        }
      }
    }

13:10:13.628 [main] DEBUG org.hibernate.orm.jdbc.mutation - Static SQL for collection: org.frcpm.models.Subteam.members
13:10:13.628 [main] DEBUG org.hibernate.orm.sql.ast.create - Created new SQL alias : a1_0
13:10:13.628 [main] DEBUG org.hibernate.orm.sql.ast.create - Registration of TableGroup [org.hibernate.sql.ast.tree.from.OneToManyTableGroup@4dbcc8ce] with identifierForTableGroup [org.frcpm.models.TeamMember.attendances] for NavigablePath [org.frcpm.models.TeamMember.attendances] 
13:10:13.628 [main] DEBUG org.hibernate.orm.sql.ast.create - Registration of TableGroup [StandardTableGroup(org.frcpm.models.TeamMember.attendances.{element})] with identifierForTableGroup [org.frcpm.models.TeamMember.attendances.{element}] for NavigablePath [org.frcpm.models.TeamMember.attendances.{element}] 
13:10:13.629 [main] DEBUG org.hibernate.orm.sql.ast.create - Registration of TableGroup [org.hibernate.sql.ast.tree.from.LazyTableGroup@60a98fa6] with identifierForTableGroup [org.frcpm.models.TeamMember.attendances.{element}.meeting] for NavigablePath [org.frcpm.models.TeamMember.attendances.{element}.meeting] 
13:10:13.629 [main] DEBUG org.hibernate.orm.sql.ast.create - Registration of TableGroup [org.hibernate.sql.ast.tree.from.LazyTableGroup@3af4b14e] with identifierForTableGroup [org.frcpm.models.TeamMember.attendances.{element}.member] for NavigablePath [org.frcpm.models.TeamMember.attendances.{element}.member] 
13:10:13.629 [main] DEBUG org.hibernate.orm.results.graph.AST - DomainResult Graph:
 \-CollectionDomainResult [org.frcpm.models.TeamMember.attendances]

13:10:13.629 [main] DEBUG org.hibernate.orm.sql.ast.tree - SQL AST Tree:
    SelectStatement {
      FromClause {
        OneToManyTableGroup (a1 : org.frcpm.models.TeamMember.attendances) {
          primaryTableReference : attendances as a1_0
          TableGroupJoins {
            left  join LazyTableGroup (m1 : org.frcpm.models.TeamMember.attendances.{element}.meeting) {
            }
            left  join LazyTableGroup (m2 : org.frcpm.models.TeamMember.attendances.{element}.member) {
            }
          }
        }
      }
    }

13:10:13.629 [main] DEBUG org.hibernate.orm.jdbc.mutation - Static SQL for collection: org.frcpm.models.TeamMember.attendances
13:10:13.630 [main] DEBUG org.hibernate.orm.sql.ast.create - Created new SQL alias : rc1_0
13:10:13.630 [main] DEBUG org.hibernate.orm.sql.ast.create - Registration of TableGroup [CollectionTableGroup(org.frcpm.models.Task.requiredComponents)] with identifierForTableGroup [org.frcpm.models.Task.requiredComponents] for NavigablePath [org.frcpm.models.Task.requiredComponents] 
13:10:13.630 [main] DEBUG org.hibernate.orm.sql.ast.create - Registration of TableGroup [org.hibernate.sql.ast.tree.from.LazyTableGroup@36b6ce5d] with identifierForTableGroup [org.frcpm.models.Task.requiredComponents.{element}] for NavigablePath [org.frcpm.models.Task.requiredComponents.{element}] 
13:10:13.630 [main] DEBUG org.hibernate.orm.sql.ast.create - Created new SQL alias : rc1_1
13:10:13.630 [main] DEBUG org.hibernate.orm.results.graph.AST - DomainResult Graph:
 \-CollectionDomainResult [org.frcpm.models.Task.requiredComponents]

13:10:13.630 [main] DEBUG org.hibernate.orm.sql.ast.tree - SQL AST Tree:
    SelectStatement {
      FromClause {
        CollectionTableGroup (rc1 : org.frcpm.models.Task.requiredComponents) {
          primaryTableReference : task_components as rc1_0
          TableGroupJoins {
             join LazyTableGroup (rc1 : org.frcpm.models.Task.requiredComponents.{element}) {
              primaryTableReference : components as rc1_1
            }
          }
        }
      }
    }

13:10:13.630 [main] DEBUG org.hibernate.orm.jdbc.mutation - Static SQL for collection: org.frcpm.models.Task.requiredComponents
13:10:13.630 [main] DEBUG org.hibernate.orm.jdbc.mutation -  Row insert: /* insert for org.frcpm.models.Task.requiredComponents */insert into task_components (task_id,component_id) values (?,?)
13:10:13.631 [main] DEBUG org.hibernate.orm.jdbc.mutation -  Row delete: /* delete for org.frcpm.models.Task.requiredComponents */delete from task_components where task_id=? and component_id=?
13:10:13.631 [main] DEBUG org.hibernate.orm.jdbc.mutation -  One-shot delete: /* one-shot delete for org.frcpm.models.Task.requiredComponents */delete from task_components where task_id=?
13:10:13.631 [main] DEBUG org.hibernate.orm.sql.ast.create - Created new SQL alias : s1_0
13:10:13.631 [main] DEBUG org.hibernate.orm.sql.ast.create - Registration of TableGroup [org.hibernate.sql.ast.tree.from.OneToManyTableGroup@3fc261b7] with identifierForTableGroup [org.frcpm.models.Subteam.subsystems] for NavigablePath [org.frcpm.models.Subteam.subsystems] 
13:10:13.631 [main] DEBUG org.hibernate.orm.sql.ast.create - Registration of TableGroup [StandardTableGroup(org.frcpm.models.Subteam.subsystems.{element})] with identifierForTableGroup [org.frcpm.models.Subteam.subsystems.{element}] for NavigablePath [org.frcpm.models.Subteam.subsystems.{element}] 
13:10:13.631 [main] DEBUG org.hibernate.orm.sql.ast.create - Registration of TableGroup [org.hibernate.sql.ast.tree.from.LazyTableGroup@11101f62] with identifierForTableGroup [org.frcpm.models.Subteam.subsystems.{element}.responsibleSubteam] for NavigablePath [org.frcpm.models.Subteam.subsystems.{element}.responsibleSubteam] 
13:10:13.631 [main] DEBUG org.hibernate.orm.results.graph.AST - DomainResult Graph:
 \-CollectionDomainResult [org.frcpm.models.Subteam.subsystems]

13:10:13.631 [main] DEBUG org.hibernate.orm.sql.ast.tree - SQL AST Tree:
    SelectStatement {
      FromClause {
        OneToManyTableGroup (s1 : org.frcpm.models.Subteam.subsystems) {
          primaryTableReference : subsystems as s1_0
          TableGroupJoins {
            left  join LazyTableGroup (rs1 : org.frcpm.models.Subteam.subsystems.{element}.responsibleSubteam) {
            }
          }
        }
      }
    }

13:10:13.631 [main] DEBUG org.hibernate.orm.jdbc.mutation - Static SQL for collection: org.frcpm.models.Subteam.subsystems
13:10:13.631 [main] DEBUG org.hibernate.orm.sql.ast.create - Created new SQL alias : pd1_0
13:10:13.631 [main] DEBUG org.hibernate.orm.sql.ast.create - Registration of TableGroup [CollectionTableGroup(org.frcpm.models.Task.preDependencies)] with identifierForTableGroup [org.frcpm.models.Task.preDependencies] for NavigablePath [org.frcpm.models.Task.preDependencies] 
13:10:13.631 [main] DEBUG org.hibernate.orm.sql.ast.create - Registration of TableGroup [org.hibernate.sql.ast.tree.from.LazyTableGroup@2f9a7d6f] with identifierForTableGroup [org.frcpm.models.Task.preDependencies.{element}] for NavigablePath [org.frcpm.models.Task.preDependencies.{element}] 
13:10:13.631 [main] DEBUG org.hibernate.orm.sql.ast.create - Created new SQL alias : pd1_1
13:10:13.632 [main] DEBUG org.hibernate.orm.sql.ast.create - Registration of TableGroup [org.hibernate.sql.ast.tree.from.LazyTableGroup@3f96ef2] with identifierForTableGroup [org.frcpm.models.Task.preDependencies.{element}.project] for NavigablePath [org.frcpm.models.Task.preDependencies.{element}.project] 
13:10:13.632 [main] DEBUG org.hibernate.orm.sql.ast.create - Registration of TableGroup [org.hibernate.sql.ast.tree.from.LazyTableGroup@12039ae0] with identifierForTableGroup [org.frcpm.models.Task.preDependencies.{element}.subsystem] for NavigablePath [org.frcpm.models.Task.preDependencies.{element}.subsystem] 
13:10:13.632 [main] DEBUG org.hibernate.orm.results.graph.AST - DomainResult Graph:
 \-CollectionDomainResult [org.frcpm.models.Task.preDependencies]

13:10:13.632 [main] DEBUG org.hibernate.orm.sql.ast.tree - SQL AST Tree:
    SelectStatement {
      FromClause {
        CollectionTableGroup (pd1 : org.frcpm.models.Task.preDependencies) {
          primaryTableReference : task_dependencies as pd1_0
          TableGroupJoins {
             join LazyTableGroup (pd1 : org.frcpm.models.Task.preDependencies.{element}) {
              primaryTableReference : tasks as pd1_1
              TableGroupJoins {
                left  join LazyTableGroup (p1 : org.frcpm.models.Task.preDependencies.{element}.project) {
                }
                left  join LazyTableGroup (s1 : org.frcpm.models.Task.preDependencies.{element}.subsystem) {
                }
              }
            }
          }
        }
      }
    }

13:10:13.632 [main] DEBUG org.hibernate.orm.jdbc.mutation - Static SQL for collection: org.frcpm.models.Task.preDependencies
13:10:13.633 [main] DEBUG org.hibernate.orm.jdbc.mutation -  Row insert: /* insert for org.frcpm.models.Task.preDependencies */insert into task_dependencies (task_id,dependency_id) values (?,?)
13:10:13.633 [main] DEBUG org.hibernate.orm.jdbc.mutation -  Row delete: /* delete for org.frcpm.models.Task.preDependencies */delete from task_dependencies where task_id=? and dependency_id=?
13:10:13.633 [main] DEBUG org.hibernate.orm.jdbc.mutation -  One-shot delete: /* one-shot delete for org.frcpm.models.Task.preDependencies */delete from task_dependencies where task_id=?
13:10:13.633 [main] DEBUG org.hibernate.orm.sql.ast.create - Created new SQL alias : m1_0
13:10:13.633 [main] DEBUG org.hibernate.orm.sql.ast.create - Registration of TableGroup [org.hibernate.sql.ast.tree.from.OneToManyTableGroup@584f12eb] with identifierForTableGroup [org.frcpm.models.Project.milestones] for NavigablePath [org.frcpm.models.Project.milestones] 
13:10:13.633 [main] DEBUG org.hibernate.orm.sql.ast.create - Registration of TableGroup [StandardTableGroup(org.frcpm.models.Project.milestones.{element})] with identifierForTableGroup [org.frcpm.models.Project.milestones.{element}] for NavigablePath [org.frcpm.models.Project.milestones.{element}] 
13:10:13.633 [main] DEBUG org.hibernate.orm.sql.ast.create - Registration of TableGroup [org.hibernate.sql.ast.tree.from.LazyTableGroup@6eda3ade] with identifierForTableGroup [org.frcpm.models.Project.milestones.{element}.project] for NavigablePath [org.frcpm.models.Project.milestones.{element}.project] 
13:10:13.634 [main] DEBUG org.hibernate.orm.results.graph.AST - DomainResult Graph:
 \-CollectionDomainResult [org.frcpm.models.Project.milestones]

13:10:13.634 [main] DEBUG org.hibernate.orm.sql.ast.tree - SQL AST Tree:
    SelectStatement {
      FromClause {
        OneToManyTableGroup (m1 : org.frcpm.models.Project.milestones) {
          primaryTableReference : milestones as m1_0
          TableGroupJoins {
            left  join LazyTableGroup (p1 : org.frcpm.models.Project.milestones.{element}.project) {
            }
          }
        }
      }
    }

13:10:13.634 [main] DEBUG org.hibernate.orm.jdbc.mutation - Static SQL for collection: org.frcpm.models.Project.milestones
13:10:13.634 [main] DEBUG org.hibernate.orm.sql.ast.create - Created new SQL alias : rft1_0
13:10:13.634 [main] DEBUG org.hibernate.orm.sql.ast.create - Registration of TableGroup [CollectionTableGroup(org.frcpm.models.Component.requiredForTasks)] with identifierForTableGroup [org.frcpm.models.Component.requiredForTasks] for NavigablePath [org.frcpm.models.Component.requiredForTasks] 
13:10:13.635 [main] DEBUG org.hibernate.orm.sql.ast.create - Registration of TableGroup [org.hibernate.sql.ast.tree.from.LazyTableGroup@554f6e30] with identifierForTableGroup [org.frcpm.models.Component.requiredForTasks.{element}] for NavigablePath [org.frcpm.models.Component.requiredForTasks.{element}] 
13:10:13.635 [main] DEBUG org.hibernate.orm.sql.ast.create - Created new SQL alias : rft1_1
13:10:13.637 [main] DEBUG org.hibernate.orm.sql.ast.create - Registration of TableGroup [org.hibernate.sql.ast.tree.from.LazyTableGroup@7537f638] with identifierForTableGroup [org.frcpm.models.Component.requiredForTasks.{element}.project] for NavigablePath [org.frcpm.models.Component.requiredForTasks.{element}.project] 
13:10:13.638 [main] DEBUG org.hibernate.orm.sql.ast.create - Registration of TableGroup [org.hibernate.sql.ast.tree.from.LazyTableGroup@4a842e8a] with identifierForTableGroup [org.frcpm.models.Component.requiredForTasks.{element}.subsystem] for NavigablePath [org.frcpm.models.Component.requiredForTasks.{element}.subsystem] 
13:10:13.638 [main] DEBUG org.hibernate.orm.results.graph.AST - DomainResult Graph:
 \-CollectionDomainResult [org.frcpm.models.Component.requiredForTasks]

13:10:13.638 [main] DEBUG org.hibernate.orm.sql.ast.tree - SQL AST Tree:
    SelectStatement {
      FromClause {
        CollectionTableGroup (rft1 : org.frcpm.models.Component.requiredForTasks) {
          primaryTableReference : task_components as rft1_0
          TableGroupJoins {
             join LazyTableGroup (rft1 : org.frcpm.models.Component.requiredForTasks.{element}) {
              primaryTableReference : tasks as rft1_1
              TableGroupJoins {
                left  join LazyTableGroup (p1 : org.frcpm.models.Component.requiredForTasks.{element}.project) {
                }
                left  join LazyTableGroup (s1 : org.frcpm.models.Component.requiredForTasks.{element}.subsystem) {
                }
              }
            }
          }
        }
      }
    }

13:10:13.639 [main] DEBUG org.hibernate.orm.jdbc.mutation - Static SQL for collection: org.frcpm.models.Component.requiredForTasks
13:10:13.639 [main] DEBUG org.hibernate.orm.sql.ast.create - Created new SQL alias : m1_0
13:10:13.639 [main] DEBUG org.hibernate.orm.sql.ast.create - Registration of TableGroup [org.hibernate.sql.ast.tree.from.OneToManyTableGroup@458044df] with identifierForTableGroup [org.frcpm.models.Project.meetings] for NavigablePath [org.frcpm.models.Project.meetings] 
13:10:13.639 [main] DEBUG org.hibernate.orm.sql.ast.create - Registration of TableGroup [StandardTableGroup(org.frcpm.models.Project.meetings.{element})] with identifierForTableGroup [org.frcpm.models.Project.meetings.{element}] for NavigablePath [org.frcpm.models.Project.meetings.{element}] 
13:10:13.640 [main] DEBUG org.hibernate.orm.sql.ast.create - Registration of TableGroup [org.hibernate.sql.ast.tree.from.LazyTableGroup@f4cfc61] with identifierForTableGroup [org.frcpm.models.Project.meetings.{element}.project] for NavigablePath [org.frcpm.models.Project.meetings.{element}.project] 
13:10:13.640 [main] DEBUG org.hibernate.orm.results.graph.AST - DomainResult Graph:
 \-CollectionDomainResult [org.frcpm.models.Project.meetings]

13:10:13.640 [main] DEBUG org.hibernate.orm.sql.ast.tree - SQL AST Tree:
    SelectStatement {
      FromClause {
        OneToManyTableGroup (m1 : org.frcpm.models.Project.meetings) {
          primaryTableReference : meetings as m1_0
          TableGroupJoins {
            left  join LazyTableGroup (p1 : org.frcpm.models.Project.meetings.{element}.project) {
            }
          }
        }
      }
    }

13:10:13.640 [main] DEBUG org.hibernate.orm.jdbc.mutation - Static SQL for collection: org.frcpm.models.Project.meetings
13:10:13.640 [main] DEBUG org.hibernate.orm.sql.ast.create - Created new SQL alias : at1_0
13:10:13.640 [main] DEBUG org.hibernate.orm.sql.ast.create - Registration of TableGroup [CollectionTableGroup(org.frcpm.models.TeamMember.assignedTasks)] with identifierForTableGroup [org.frcpm.models.TeamMember.assignedTasks] for NavigablePath [org.frcpm.models.TeamMember.assignedTasks] 
13:10:13.640 [main] DEBUG org.hibernate.orm.sql.ast.create - Registration of TableGroup [org.hibernate.sql.ast.tree.from.LazyTableGroup@b632594] with identifierForTableGroup [org.frcpm.models.TeamMember.assignedTasks.{element}] for NavigablePath [org.frcpm.models.TeamMember.assignedTasks.{element}] 
13:10:13.640 [main] DEBUG org.hibernate.orm.sql.ast.create - Created new SQL alias : at1_1
13:10:13.641 [main] DEBUG org.hibernate.orm.sql.ast.create - Registration of TableGroup [org.hibernate.sql.ast.tree.from.LazyTableGroup@4c822e9b] with identifierForTableGroup [org.frcpm.models.TeamMember.assignedTasks.{element}.project] for NavigablePath [org.frcpm.models.TeamMember.assignedTasks.{element}.project] 
13:10:13.641 [main] DEBUG org.hibernate.orm.sql.ast.create - Registration of TableGroup [org.hibernate.sql.ast.tree.from.LazyTableGroup@24456c9e] with identifierForTableGroup [org.frcpm.models.TeamMember.assignedTasks.{element}.subsystem] for NavigablePath [org.frcpm.models.TeamMember.assignedTasks.{element}.subsystem] 
13:10:13.641 [main] DEBUG org.hibernate.orm.results.graph.AST - DomainResult Graph:
 \-CollectionDomainResult [org.frcpm.models.TeamMember.assignedTasks]

13:10:13.641 [main] DEBUG org.hibernate.orm.sql.ast.tree - SQL AST Tree:
    SelectStatement {
      FromClause {
        CollectionTableGroup (at1 : org.frcpm.models.TeamMember.assignedTasks) {
          primaryTableReference : task_assignments as at1_0
          TableGroupJoins {
             join LazyTableGroup (at1 : org.frcpm.models.TeamMember.assignedTasks.{element}) {
              primaryTableReference : tasks as at1_1
              TableGroupJoins {
                left  join LazyTableGroup (p1 : org.frcpm.models.TeamMember.assignedTasks.{element}.project) {
                }
                left  join LazyTableGroup (s1 : org.frcpm.models.TeamMember.assignedTasks.{element}.subsystem) {
                }
              }
            }
          }
        }
      }
    }

13:10:13.642 [main] DEBUG org.hibernate.orm.jdbc.mutation - Static SQL for collection: org.frcpm.models.TeamMember.assignedTasks
13:10:13.642 [main] DEBUG org.hibernate.orm.sql.ast.create - Created new SQL alias : a1_0
13:10:13.642 [main] DEBUG org.hibernate.orm.sql.ast.create - Registration of TableGroup [org.hibernate.sql.ast.tree.from.OneToManyTableGroup@690b6292] with identifierForTableGroup [org.frcpm.models.Meeting.attendances] for NavigablePath [org.frcpm.models.Meeting.attendances] 
13:10:13.642 [main] DEBUG org.hibernate.orm.sql.ast.create - Registration of TableGroup [StandardTableGroup(org.frcpm.models.Meeting.attendances.{element})] with identifierForTableGroup [org.frcpm.models.Meeting.attendances.{element}] for NavigablePath [org.frcpm.models.Meeting.attendances.{element}] 
13:10:13.642 [main] DEBUG org.hibernate.orm.sql.ast.create - Registration of TableGroup [org.hibernate.sql.ast.tree.from.LazyTableGroup@34207fde] with identifierForTableGroup [org.frcpm.models.Meeting.attendances.{element}.meeting] for NavigablePath [org.frcpm.models.Meeting.attendances.{element}.meeting] 
13:10:13.642 [main] DEBUG org.hibernate.orm.sql.ast.create - Registration of TableGroup [org.hibernate.sql.ast.tree.from.LazyTableGroup@3b8ec458] with identifierForTableGroup [org.frcpm.models.Meeting.attendances.{element}.member] for NavigablePath [org.frcpm.models.Meeting.attendances.{element}.member] 
13:10:13.642 [main] DEBUG org.hibernate.orm.results.graph.AST - DomainResult Graph:
 \-CollectionDomainResult [org.frcpm.models.Meeting.attendances]

13:10:13.642 [main] DEBUG org.hibernate.orm.sql.ast.tree - SQL AST Tree:
    SelectStatement {
      FromClause {
        OneToManyTableGroup (a1 : org.frcpm.models.Meeting.attendances) {
          primaryTableReference : attendances as a1_0
          TableGroupJoins {
            left  join LazyTableGroup (m1 : org.frcpm.models.Meeting.attendances.{element}.meeting) {
            }
            left  join LazyTableGroup (m2 : org.frcpm.models.Meeting.attendances.{element}.member) {
            }
          }
        }
      }
    }

13:10:13.642 [main] DEBUG org.hibernate.orm.jdbc.mutation - Static SQL for collection: org.frcpm.models.Meeting.attendances
13:10:13.643 [main] DEBUG org.hibernate.orm.sql.ast.create - Created new SQL alias : pd1_0
13:10:13.643 [main] DEBUG org.hibernate.orm.sql.ast.create - Registration of TableGroup [CollectionTableGroup(org.frcpm.models.Task.postDependencies)] with identifierForTableGroup [org.frcpm.models.Task.postDependencies] for NavigablePath [org.frcpm.models.Task.postDependencies] 
13:10:13.643 [main] DEBUG org.hibernate.orm.sql.ast.create - Registration of TableGroup [org.hibernate.sql.ast.tree.from.LazyTableGroup@4704b66a] with identifierForTableGroup [org.frcpm.models.Task.postDependencies.{element}] for NavigablePath [org.frcpm.models.Task.postDependencies.{element}] 
13:10:13.643 [main] DEBUG org.hibernate.orm.sql.ast.create - Created new SQL alias : pd1_1
13:10:13.643 [main] DEBUG org.hibernate.orm.sql.ast.create - Registration of TableGroup [org.hibernate.sql.ast.tree.from.LazyTableGroup@70edffdb] with identifierForTableGroup [org.frcpm.models.Task.postDependencies.{element}.project] for NavigablePath [org.frcpm.models.Task.postDependencies.{element}.project] 
13:10:13.643 [main] DEBUG org.hibernate.orm.sql.ast.create - Registration of TableGroup [org.hibernate.sql.ast.tree.from.LazyTableGroup@3d8c499a] with identifierForTableGroup [org.frcpm.models.Task.postDependencies.{element}.subsystem] for NavigablePath [org.frcpm.models.Task.postDependencies.{element}.subsystem] 
13:10:13.644 [main] DEBUG org.hibernate.orm.results.graph.AST - DomainResult Graph:
 \-CollectionDomainResult [org.frcpm.models.Task.postDependencies]

13:10:13.644 [main] DEBUG org.hibernate.orm.sql.ast.tree - SQL AST Tree:
    SelectStatement {
      FromClause {
        CollectionTableGroup (pd1 : org.frcpm.models.Task.postDependencies) {
          primaryTableReference : task_dependencies as pd1_0
          TableGroupJoins {
             join LazyTableGroup (pd1 : org.frcpm.models.Task.postDependencies.{element}) {
              primaryTableReference : tasks as pd1_1
              TableGroupJoins {
                left  join LazyTableGroup (p1 : org.frcpm.models.Task.postDependencies.{element}.project) {
                }
                left  join LazyTableGroup (s1 : org.frcpm.models.Task.postDependencies.{element}.subsystem) {
                }
              }
            }
          }
        }
      }
    }

13:10:13.644 [main] DEBUG org.hibernate.orm.jdbc.mutation - Static SQL for collection: org.frcpm.models.Task.postDependencies
13:10:13.644 [main] DEBUG org.hibernate.orm.sql.ast.create - Created new SQL alias : t1_0
13:10:13.644 [main] DEBUG org.hibernate.orm.sql.ast.create - Registration of TableGroup [org.hibernate.sql.ast.tree.from.OneToManyTableGroup@60e2b6e3] with identifierForTableGroup [org.frcpm.models.Project.tasks] for NavigablePath [org.frcpm.models.Project.tasks] 
13:10:13.644 [main] DEBUG org.hibernate.orm.sql.ast.create - Registration of TableGroup [StandardTableGroup(org.frcpm.models.Project.tasks.{element})] with identifierForTableGroup [org.frcpm.models.Project.tasks.{element}] for NavigablePath [org.frcpm.models.Project.tasks.{element}] 
13:10:13.645 [main] DEBUG org.hibernate.orm.sql.ast.create - Registration of TableGroup [org.hibernate.sql.ast.tree.from.LazyTableGroup@7f6e9e03] with identifierForTableGroup [org.frcpm.models.Project.tasks.{element}.project] for NavigablePath [org.frcpm.models.Project.tasks.{element}.project] 
13:10:13.645 [main] DEBUG org.hibernate.orm.sql.ast.create - Registration of TableGroup [org.hibernate.sql.ast.tree.from.LazyTableGroup@20f1c8ed] with identifierForTableGroup [org.frcpm.models.Project.tasks.{element}.subsystem] for NavigablePath [org.frcpm.models.Project.tasks.{element}.subsystem] 
13:10:13.645 [main] DEBUG org.hibernate.orm.results.graph.AST - DomainResult Graph:
 \-CollectionDomainResult [org.frcpm.models.Project.tasks]

13:10:13.646 [main] DEBUG org.hibernate.orm.sql.ast.tree - SQL AST Tree:
    SelectStatement {
      FromClause {
        OneToManyTableGroup (t1 : org.frcpm.models.Project.tasks) {
          primaryTableReference : tasks as t1_0
          TableGroupJoins {
            left  join LazyTableGroup (p1 : org.frcpm.models.Project.tasks.{element}.project) {
            }
            left  join LazyTableGroup (s1 : org.frcpm.models.Project.tasks.{element}.subsystem) {
            }
          }
        }
      }
    }

13:10:13.646 [main] DEBUG org.hibernate.orm.jdbc.mutation - Static SQL for collection: org.frcpm.models.Project.tasks
13:10:13.660 [main] DEBUG org.hibernate.type.spi.TypeConfiguration$Scope - Scoping TypeConfiguration [org.hibernate.type.spi.TypeConfiguration@2a2f7a61] to SessionFactoryImplementor [org.hibernate.internal.SessionFactoryImpl@333ab718]
13:10:13.660 [main] DEBUG org.hibernate.query.named.NamedObjectRepository - Checking 0 named HQL queries
13:10:13.660 [main] DEBUG org.hibernate.query.named.NamedObjectRepository - Checking 0 named SQL queries
13:10:13.660 [main] DEBUG org.hibernate.SQL - 
    drop table if exists attendances cascade 
Hibernate: 
    drop table if exists attendances cascade 
13:10:13.661 [main] DEBUG org.hibernate.SQL - 
    drop table if exists components cascade 
Hibernate: 
    drop table if exists components cascade 
13:10:13.661 [main] DEBUG org.hibernate.SQL - 
    drop table if exists meetings cascade 
Hibernate: 
    drop table if exists meetings cascade 
13:10:13.661 [main] DEBUG org.hibernate.SQL - 
    drop table if exists milestones cascade 
Hibernate: 
    drop table if exists milestones cascade 
13:10:13.661 [main] DEBUG org.hibernate.SQL - 
    drop table if exists projects cascade 
Hibernate: 
    drop table if exists projects cascade 
13:10:13.662 [main] DEBUG org.hibernate.SQL - 
    drop table if exists subsystems cascade 
Hibernate: 
    drop table if exists subsystems cascade 
13:10:13.662 [main] DEBUG org.hibernate.SQL - 
    drop table if exists subteams cascade 
Hibernate: 
    drop table if exists subteams cascade 
13:10:13.662 [main] DEBUG org.hibernate.SQL - 
    drop table if exists task_assignments cascade 
Hibernate: 
    drop table if exists task_assignments cascade 
13:10:13.662 [main] DEBUG org.hibernate.SQL - 
    drop table if exists task_components cascade 
Hibernate: 
    drop table if exists task_components cascade 
13:10:13.662 [main] DEBUG org.hibernate.SQL - 
    drop table if exists task_dependencies cascade 
Hibernate: 
    drop table if exists task_dependencies cascade 
13:10:13.662 [main] DEBUG org.hibernate.SQL - 
    drop table if exists tasks cascade 
Hibernate: 
    drop table if exists tasks cascade 
13:10:13.662 [main] DEBUG org.hibernate.SQL - 
    drop table if exists team_members cascade 
Hibernate: 
    drop table if exists team_members cascade 
13:10:13.663 [main] DEBUG org.hibernate.SQL - 
    create table attendances (
        arrival_time time(6),
        departure_time time(6),
        present boolean not null,
        id bigint generated by default as identity,
        meeting_id bigint not null,
        member_id bigint not null,
        primary key (id),
        unique (meeting_id, member_id)
    )
Hibernate: 
    create table attendances (
        arrival_time time(6),
        departure_time time(6),
        present boolean not null,
        id bigint generated by default as identity,
        meeting_id bigint not null,
        member_id bigint not null,
        primary key (id),
        unique (meeting_id, member_id)
    )
13:10:13.665 [main] DEBUG org.hibernate.SQL - 
    create table components (
        actual_delivery date,
        expected_delivery date,
        is_delivered boolean,
        id bigint generated by default as identity,
        part_number varchar(100),
        description TEXT,
        name varchar(255) not null,
        primary key (id)
    )
Hibernate: 
    create table components (
        actual_delivery date,
        expected_delivery date,
        is_delivered boolean,
        id bigint generated by default as identity,
        part_number varchar(100),
        description TEXT,
        name varchar(255) not null,
        primary key (id)
    )
13:10:13.666 [main] DEBUG org.hibernate.SQL - 
    create table meetings (
        date date not null,
        end_time time(6) not null,
        start_time time(6) not null,
        id bigint generated by default as identity,
        project_id bigint not null,
        notes TEXT,
        primary key (id)
    )
Hibernate: 
    create table meetings (
        date date not null,
        end_time time(6) not null,
        start_time time(6) not null,
        id bigint generated by default as identity,
        project_id bigint not null,
        notes TEXT,
        primary key (id)
    )
13:10:13.667 [main] DEBUG org.hibernate.SQL - 
    create table milestones (
        date date not null,
        id bigint generated by default as identity,
        project_id bigint not null,
        description TEXT,
        name varchar(255) not null,
        primary key (id)
    )
Hibernate: 
    create table milestones (
        date date not null,
        id bigint generated by default as identity,
        project_id bigint not null,
        description TEXT,
        name varchar(255) not null,
        primary key (id)
    )
13:10:13.669 [main] DEBUG org.hibernate.SQL - 
    create table projects (
        goal_end_date date not null,
        hard_deadline date not null,
        start_date date not null,
        id bigint generated by default as identity,
        name varchar(100) not null,
        description TEXT,
        primary key (id)
    )
Hibernate: 
    create table projects (
        goal_end_date date not null,
        hard_deadline date not null,
        start_date date not null,
        id bigint generated by default as identity,
        name varchar(100) not null,
        description TEXT,
        primary key (id)
    )
13:10:13.672 [main] DEBUG org.hibernate.SQL - 
    create table subsystems (
        id bigint generated by default as identity,
        responsible_subteam_id bigint,
        name varchar(100) not null,
        description TEXT,
        status enum ('COMPLETED','IN_PROGRESS','ISSUES','NOT_STARTED','TESTING') not null,
        primary key (id)
    )
Hibernate: 
    create table subsystems (
        id bigint generated by default as identity,
        responsible_subteam_id bigint,
        name varchar(100) not null,
        description TEXT,
        status enum ('COMPLETED','IN_PROGRESS','ISSUES','NOT_STARTED','TESTING') not null,
        primary key (id)
    )
13:10:13.673 [main] DEBUG org.hibernate.SQL - 
    create table subteams (
        color_code varchar(7) not null,
        id bigint generated by default as identity,
        name varchar(100) not null,
        specialties TEXT,
        primary key (id)
    )
Hibernate: 
    create table subteams (
        color_code varchar(7) not null,
        id bigint generated by default as identity,
        name varchar(100) not null,
        specialties TEXT,
        primary key (id)
    )
13:10:13.674 [main] DEBUG org.hibernate.SQL - 
    create table task_assignments (
        task_id bigint not null,
        team_member_id bigint not null,
        primary key (task_id, team_member_id)
    )
Hibernate: 
    create table task_assignments (
        task_id bigint not null,
        team_member_id bigint not null,
        primary key (task_id, team_member_id)
    )
13:10:13.675 [main] DEBUG org.hibernate.SQL - 
    create table task_components (
        component_id bigint not null,
        task_id bigint not null,
        primary key (component_id, task_id)
    )
Hibernate: 
    create table task_components (
        component_id bigint not null,
        task_id bigint not null,
        primary key (component_id, task_id)
    )
13:10:13.675 [main] DEBUG org.hibernate.SQL - 
    create table task_dependencies (
        dependency_id bigint not null,
        task_id bigint not null,
        primary key (dependency_id, task_id)
    )
Hibernate: 
    create table task_dependencies (
        dependency_id bigint not null,
        task_id bigint not null,
        primary key (dependency_id, task_id)
    )
13:10:13.675 [main] DEBUG org.hibernate.SQL - 
    create table tasks (
        completed boolean not null,
        end_date date,
        progress integer not null,
        start_date date,
        actual_duration_seconds bigint,
        estimated_duration_seconds bigint not null,
        id bigint generated by default as identity,
        project_id bigint not null,
        subsystem_id bigint not null,
        description TEXT,
        title varchar(255) not null,
        priority enum ('CRITICAL','HIGH','LOW','MEDIUM') not null,
        primary key (id)
    )
Hibernate: 
    create table tasks (
        completed boolean not null,
        end_date date,
        progress integer not null,
        start_date date,
        actual_duration_seconds bigint,
        estimated_duration_seconds bigint not null,
        id bigint generated by default as identity,
        project_id bigint not null,
        subsystem_id bigint not null,
        description TEXT,
        title varchar(255) not null,
        priority enum ('CRITICAL','HIGH','LOW','MEDIUM') not null,
        primary key (id)
    )
13:10:13.676 [main] DEBUG org.hibernate.SQL - 
    create table team_members (
        is_leader boolean,
        id bigint generated by default as identity,
        subteam_id bigint,
        phone varchar(15),
        first_name varchar(150),
        last_name varchar(150),
        username varchar(150) not null unique,
        email varchar(254),
        skills TEXT,
        primary key (id)
    )
Hibernate: 
    create table team_members (
        is_leader boolean,
        id bigint generated by default as identity,
        subteam_id bigint,
        phone varchar(15),
        first_name varchar(150),
        last_name varchar(150),
        username varchar(150) not null unique,
        email varchar(254),
        skills TEXT,
        primary key (id)
    )
13:10:13.676 [main] DEBUG org.hibernate.SQL - 
    alter table if exists attendances 
       add constraint FK3i5ab1v2ad6wbm2rwhxbtm55u 
       foreign key (meeting_id) 
       references meetings
Hibernate: 
    alter table if exists attendances 
       add constraint FK3i5ab1v2ad6wbm2rwhxbtm55u 
       foreign key (meeting_id) 
       references meetings
13:10:13.677 [main] DEBUG org.hibernate.SQL - 
    alter table if exists attendances 
       add constraint FKb3g1rvha5qvyh1xik0bo6fghp 
       foreign key (member_id) 
       references team_members
Hibernate: 
    alter table if exists attendances 
       add constraint FKb3g1rvha5qvyh1xik0bo6fghp 
       foreign key (member_id) 
       references team_members
13:10:13.678 [main] DEBUG org.hibernate.SQL - 
    alter table if exists meetings 
       add constraint FKbt3vmcde0efob60esnfkyaeg0 
       foreign key (project_id) 
       references projects
Hibernate: 
    alter table if exists meetings 
       add constraint FKbt3vmcde0efob60esnfkyaeg0 
       foreign key (project_id) 
       references projects
13:10:13.678 [main] DEBUG org.hibernate.SQL - 
    alter table if exists milestones 
       add constraint FK2a7fp7wfu0qc1pq3wiifbksge 
       foreign key (project_id) 
       references projects
Hibernate: 
    alter table if exists milestones 
       add constraint FK2a7fp7wfu0qc1pq3wiifbksge 
       foreign key (project_id) 
       references projects
13:10:13.679 [main] DEBUG org.hibernate.SQL - 
    alter table if exists subsystems 
       add constraint FK6w4rk9yygp8j1dhs91d0qt8vp 
       foreign key (responsible_subteam_id) 
       references subteams
Hibernate: 
    alter table if exists subsystems 
       add constraint FK6w4rk9yygp8j1dhs91d0qt8vp 
       foreign key (responsible_subteam_id) 
       references subteams
13:10:13.679 [main] DEBUG org.hibernate.SQL - 
    alter table if exists task_assignments 
       add constraint FKqyivind1lu4axk93y5m7vcx7i 
       foreign key (team_member_id) 
       references team_members
Hibernate: 
    alter table if exists task_assignments 
       add constraint FKqyivind1lu4axk93y5m7vcx7i 
       foreign key (team_member_id) 
       references team_members
13:10:13.680 [main] DEBUG org.hibernate.SQL - 
    alter table if exists task_assignments 
       add constraint FKk36vhf9tt6t3woselwnkis6v6 
       foreign key (task_id) 
       references tasks
Hibernate: 
    alter table if exists task_assignments 
       add constraint FKk36vhf9tt6t3woselwnkis6v6 
       foreign key (task_id) 
       references tasks
13:10:13.681 [main] DEBUG org.hibernate.SQL - 
    alter table if exists task_components 
       add constraint FK5irpaispcx79xwy6n1qomaxnv 
       foreign key (component_id) 
       references components
Hibernate: 
    alter table if exists task_components 
       add constraint FK5irpaispcx79xwy6n1qomaxnv 
       foreign key (component_id) 
       references components
13:10:13.681 [main] DEBUG org.hibernate.SQL - 
    alter table if exists task_components 
       add constraint FKjvcgnyl1ttc41nv55hjvnnft1 
       foreign key (task_id) 
       references tasks
Hibernate: 
    alter table if exists task_components 
       add constraint FKjvcgnyl1ttc41nv55hjvnnft1 
       foreign key (task_id) 
       references tasks
13:10:13.682 [main] DEBUG org.hibernate.SQL - 
    alter table if exists task_dependencies 
       add constraint FKnwfxktx9emcwsylqofad5cxbx 
       foreign key (dependency_id) 
       references tasks
Hibernate: 
    alter table if exists task_dependencies 
       add constraint FKnwfxktx9emcwsylqofad5cxbx 
       foreign key (dependency_id) 
       references tasks
13:10:13.682 [main] DEBUG org.hibernate.SQL - 
    alter table if exists task_dependencies 
       add constraint FKerlktvi2bud6uauih348u0loj 
       foreign key (task_id) 
       references tasks
Hibernate: 
    alter table if exists task_dependencies 
       add constraint FKerlktvi2bud6uauih348u0loj 
       foreign key (task_id) 
       references tasks
13:10:13.683 [main] DEBUG org.hibernate.SQL - 
    alter table if exists tasks 
       add constraint FKsfhn82y57i3k9uxww1s007acc 
       foreign key (project_id) 
       references projects
Hibernate: 
    alter table if exists tasks 
       add constraint FKsfhn82y57i3k9uxww1s007acc 
       foreign key (project_id) 
       references projects
13:10:13.683 [main] DEBUG org.hibernate.SQL - 
    alter table if exists tasks 
       add constraint FK3tj2dchxxvxu2te3uwgjakx76 
       foreign key (subsystem_id) 
       references subsystems
Hibernate: 
    alter table if exists tasks 
       add constraint FK3tj2dchxxvxu2te3uwgjakx76 
       foreign key (subsystem_id) 
       references subsystems
13:10:13.686 [main] DEBUG org.hibernate.SQL - 
    alter table if exists team_members 
       add constraint FKnjkvjfudwwytv2aiuha5wyvqx 
       foreign key (subteam_id) 
       references subteams
Hibernate: 
    alter table if exists team_members 
       add constraint FKnjkvjfudwwytv2aiuha5wyvqx 
       foreign key (subteam_id) 
       references subteams
13:10:13.689 [main] DEBUG org.hibernate.internal.SessionFactoryRegistry - Registering SessionFactory: a5fe740b-7085-43bc-b1c3-4cf514328cfa (<unnamed>)
13:10:13.689 [main] DEBUG org.hibernate.internal.SessionFactoryRegistry - Not binding SessionFactory to JNDI, no JNDI name configured
13:10:13.689 [main] DEBUG org.hibernate.internal.SessionFactoryImpl - Instantiated SessionFactory
13:10:13.690 [main] DEBUG org.hibernate.stat.internal.StatisticsInitiator - Statistics initialized [enabled=false]
13:10:13.691 [main] DEBUG org.hibernate.engine.transaction.internal.TransactionImpl - On TransactionImpl creation, JpaCompliance#isJpaTransactionComplianceEnabled == false
13:10:13.691 [main] DEBUG org.hibernate.engine.transaction.internal.TransactionImpl - begin
13:10:13.691 [main] DEBUG org.hibernate.engine.spi.ActionQueue - Executing identity-insert immediately
13:10:13.691 [main] DEBUG org.hibernate.SQL - 
    /* insert for
        org.frcpm.models.Project */insert 
    into
        projects (description, goal_end_date, hard_deadline, name, start_date, id) 
    values
        (?, ?, ?, ?, ?, default)
Hibernate: 
    /* insert for
        org.frcpm.models.Project */insert 
    into
        projects (description, goal_end_date, hard_deadline, name, start_date, id) 
    values
        (?, ?, ?, ?, ?, default)
13:10:13.692 [main] DEBUG org.hibernate.orm.results - Initializer list is empty
13:10:13.692 [main] DEBUG org.hibernate.orm.results.loading - Calling top-level assembler (0 / 1) : org.hibernate.sql.results.graph.basic.BasicResultAssembler@7241872c
13:10:13.692 [main] DEBUG org.hibernate.orm.results - Extracted JDBC value [0] - [1]
13:10:13.692 [main] DEBUG org.hibernate.id.IdentifierGeneratorHelper - Extracted generated values [org.frcpm.models.Project]: [Ljava.lang.Object;@3094111c
13:10:13.693 [main] DEBUG org.hibernate.event.internal.AbstractFlushingEventListener - Processing flush-time cascades
13:10:13.693 [main] DEBUG org.hibernate.event.internal.AbstractFlushingEventListener - Dirty checking collections
13:10:13.694 [main] DEBUG org.hibernate.engine.internal.Collections - Collection found: [org.frcpm.models.Project.meetings#1], was: [<unreferenced>] (initialized)
13:10:13.694 [main] DEBUG org.hibernate.engine.internal.Collections - Collection found: [org.frcpm.models.Project.milestones#1], was: [<unreferenced>] (initialized)
13:10:13.694 [main] DEBUG org.hibernate.engine.internal.Collections - Collection found: [org.frcpm.models.Project.tasks#1], was: [<unreferenced>] (initialized)
13:10:13.694 [main] DEBUG org.hibernate.event.internal.AbstractFlushingEventListener - Flushed: 0 insertions, 0 updates, 0 deletions to 1 objects
13:10:13.694 [main] DEBUG org.hibernate.event.internal.AbstractFlushingEventListener - Flushed: 3 (re)creations, 0 updates, 0 removals to 3 collections
13:10:13.694 [main] DEBUG org.hibernate.internal.util.EntityPrinter - Listing entities:
13:10:13.694 [main] DEBUG org.hibernate.internal.util.EntityPrinter - org.frcpm.models.Project{hardDeadline=2025-06-06, name=Test Base Project 1, description=null, meetings=[], id=1, goalEndDate=2025-05-23, milestones=[], startDate=2025-04-11, tasks=[]}
13:10:13.694 [main] DEBUG org.hibernate.engine.transaction.internal.TransactionImpl - committing
13:10:13.694 [main] DEBUG org.hibernate.event.internal.AbstractFlushingEventListener - Processing flush-time cascades
13:10:13.694 [main] DEBUG org.hibernate.event.internal.AbstractFlushingEventListener - Dirty checking collections
13:10:13.694 [main] DEBUG org.hibernate.engine.internal.Collections - Collection found: [org.frcpm.models.Project.meetings#1], was: [org.frcpm.models.Project.meetings#1] (initialized)
13:10:13.694 [main] DEBUG org.hibernate.engine.internal.Collections - Collection found: [org.frcpm.models.Project.milestones#1], was: [org.frcpm.models.Project.milestones#1] (initialized)
13:10:13.694 [main] DEBUG org.hibernate.engine.internal.Collections - Collection found: [org.frcpm.models.Project.tasks#1], was: [org.frcpm.models.Project.tasks#1] (initialized)
13:10:13.694 [main] DEBUG org.hibernate.event.internal.AbstractFlushingEventListener - Flushed: 0 insertions, 0 updates, 0 deletions to 1 objects
13:10:13.694 [main] DEBUG org.hibernate.event.internal.AbstractFlushingEventListener - Flushed: 0 (re)creations, 0 updates, 0 removals to 3 collections
13:10:13.694 [main] DEBUG org.hibernate.internal.util.EntityPrinter - Listing entities:
13:10:13.694 [main] DEBUG org.hibernate.internal.util.EntityPrinter - org.frcpm.models.Project{hardDeadline=2025-06-06, name=Test Base Project 1, description=null, meetings=[], id=1, goalEndDate=2025-05-23, milestones=[], startDate=2025-04-11, tasks=[]}
13:10:13.694 [main] DEBUG org.hibernate.resource.jdbc.internal.LogicalConnectionManagedImpl - Initiating JDBC connection release from afterTransaction
13:10:13.694 [main] DEBUG org.hibernate.resource.jdbc.internal.LogicalConnectionManagedImpl - Initiating JDBC connection release from afterTransaction
13:10:13.694 [main] DEBUG org.hibernate.engine.transaction.internal.TransactionImpl - On TransactionImpl creation, JpaCompliance#isJpaTransactionComplianceEnabled == false
13:10:13.694 [main] DEBUG org.hibernate.engine.transaction.internal.TransactionImpl - begin
13:10:13.694 [main] DEBUG org.hibernate.engine.spi.ActionQueue - Executing identity-insert immediately
13:10:13.694 [main] DEBUG org.hibernate.SQL - 
    /* insert for
        org.frcpm.models.Project */insert 
    into
        projects (description, goal_end_date, hard_deadline, name, start_date, id) 
    values
        (?, ?, ?, ?, ?, default)
Hibernate: 
    /* insert for
        org.frcpm.models.Project */insert 
    into
        projects (description, goal_end_date, hard_deadline, name, start_date, id) 
    values
        (?, ?, ?, ?, ?, default)
13:10:13.695 [main] DEBUG org.hibernate.orm.results - Initializer list is empty
13:10:13.695 [main] DEBUG org.hibernate.orm.results.loading - Calling top-level assembler (0 / 1) : org.hibernate.sql.results.graph.basic.BasicResultAssembler@7029653c
13:10:13.695 [main] DEBUG org.hibernate.orm.results - Extracted JDBC value [0] - [2]
13:10:13.695 [main] DEBUG org.hibernate.id.IdentifierGeneratorHelper - Extracted generated values [org.frcpm.models.Project]: [Ljava.lang.Object;@181cafd
13:10:13.695 [main] DEBUG org.hibernate.event.internal.AbstractFlushingEventListener - Processing flush-time cascades
13:10:13.695 [main] DEBUG org.hibernate.event.internal.AbstractFlushingEventListener - Dirty checking collections
13:10:13.695 [main] DEBUG org.hibernate.engine.internal.Collections - Collection found: [org.frcpm.models.Project.meetings#2], was: [<unreferenced>] (initialized)
13:10:13.695 [main] DEBUG org.hibernate.engine.internal.Collections - Collection found: [org.frcpm.models.Project.milestones#2], was: [<unreferenced>] (initialized)
13:10:13.695 [main] DEBUG org.hibernate.engine.internal.Collections - Collection found: [org.frcpm.models.Project.tasks#2], was: [<unreferenced>] (initialized)
13:10:13.695 [main] DEBUG org.hibernate.event.internal.AbstractFlushingEventListener - Flushed: 0 insertions, 0 updates, 0 deletions to 1 objects
13:10:13.695 [main] DEBUG org.hibernate.event.internal.AbstractFlushingEventListener - Flushed: 3 (re)creations, 0 updates, 0 removals to 3 collections
13:10:13.695 [main] DEBUG org.hibernate.internal.util.EntityPrinter - Listing entities:
13:10:13.695 [main] DEBUG org.hibernate.internal.util.EntityPrinter - org.frcpm.models.Project{hardDeadline=2025-06-20, name=Test Base Project 2, description=null, meetings=[], id=2, goalEndDate=2025-06-06, milestones=[], startDate=2025-04-18, tasks=[]}
13:10:13.695 [main] DEBUG org.hibernate.engine.transaction.internal.TransactionImpl - committing
13:10:13.695 [main] DEBUG org.hibernate.event.internal.AbstractFlushingEventListener - Processing flush-time cascades
13:10:13.696 [main] DEBUG org.hibernate.event.internal.AbstractFlushingEventListener - Dirty checking collections
13:10:13.696 [main] DEBUG org.hibernate.engine.internal.Collections - Collection found: [org.frcpm.models.Project.meetings#2], was: [org.frcpm.models.Project.meetings#2] (initialized)
13:10:13.696 [main] DEBUG org.hibernate.engine.internal.Collections - Collection found: [org.frcpm.models.Project.milestones#2], was: [org.frcpm.models.Project.milestones#2] (initialized)
13:10:13.696 [main] DEBUG org.hibernate.engine.internal.Collections - Collection found: [org.frcpm.models.Project.tasks#2], was: [org.frcpm.models.Project.tasks#2] (initialized)
13:10:13.696 [main] DEBUG org.hibernate.event.internal.AbstractFlushingEventListener - Flushed: 0 insertions, 0 updates, 0 deletions to 1 objects
13:10:13.696 [main] DEBUG org.hibernate.event.internal.AbstractFlushingEventListener - Flushed: 0 (re)creations, 0 updates, 0 removals to 3 collections
13:10:13.696 [main] DEBUG org.hibernate.internal.util.EntityPrinter - Listing entities:
13:10:13.696 [main] DEBUG org.hibernate.internal.util.EntityPrinter - org.frcpm.models.Project{hardDeadline=2025-06-20, name=Test Base Project 2, description=null, meetings=[], id=2, goalEndDate=2025-06-06, milestones=[], startDate=2025-04-18, tasks=[]}
13:10:13.696 [main] DEBUG org.hibernate.resource.jdbc.internal.LogicalConnectionManagedImpl - Initiating JDBC connection release from afterTransaction
13:10:13.696 [main] DEBUG org.hibernate.resource.jdbc.internal.LogicalConnectionManagedImpl - Initiating JDBC connection release from afterTransaction
13:10:13.696 [main] DEBUG org.hibernate.engine.transaction.internal.TransactionImpl - On TransactionImpl creation, JpaCompliance#isJpaTransactionComplianceEnabled == false
13:10:13.696 [main] DEBUG org.hibernate.engine.transaction.internal.TransactionImpl - begin
13:10:13.696 [main] DEBUG org.hibernate.engine.spi.ActionQueue - Executing identity-insert immediately
13:10:13.697 [main] DEBUG org.hibernate.SQL - 
    /* insert for
        org.frcpm.models.Project */insert 
    into
        projects (description, goal_end_date, hard_deadline, name, start_date, id) 
    values
        (?, ?, ?, ?, ?, default)
Hibernate: 
    /* insert for
        org.frcpm.models.Project */insert 
    into
        projects (description, goal_end_date, hard_deadline, name, start_date, id) 
    values
        (?, ?, ?, ?, ?, default)
13:10:13.697 [main] DEBUG org.hibernate.orm.results - Initializer list is empty
13:10:13.697 [main] DEBUG org.hibernate.orm.results.loading - Calling top-level assembler (0 / 1) : org.hibernate.sql.results.graph.basic.BasicResultAssembler@2e90a3de
13:10:13.697 [main] DEBUG org.hibernate.orm.results - Extracted JDBC value [0] - [3]
13:10:13.697 [main] DEBUG org.hibernate.id.IdentifierGeneratorHelper - Extracted generated values [org.frcpm.models.Project]: [Ljava.lang.Object;@532860c7
13:10:13.698 [main] DEBUG org.hibernate.event.internal.AbstractFlushingEventListener - Processing flush-time cascades
13:10:13.698 [main] DEBUG org.hibernate.event.internal.AbstractFlushingEventListener - Dirty checking collections
13:10:13.698 [main] DEBUG org.hibernate.engine.internal.Collections - Collection found: [org.frcpm.models.Project.meetings#3], was: [<unreferenced>] (initialized)
13:10:13.698 [main] DEBUG org.hibernate.engine.internal.Collections - Collection found: [org.frcpm.models.Project.milestones#3], was: [<unreferenced>] (initialized)
13:10:13.698 [main] DEBUG org.hibernate.engine.internal.Collections - Collection found: [org.frcpm.models.Project.tasks#3], was: [<unreferenced>] (initialized)
13:10:13.698 [main] DEBUG org.hibernate.event.internal.AbstractFlushingEventListener - Flushed: 0 insertions, 0 updates, 0 deletions to 1 objects
13:10:13.698 [main] DEBUG org.hibernate.event.internal.AbstractFlushingEventListener - Flushed: 3 (re)creations, 0 updates, 0 removals to 3 collections
13:10:13.698 [main] DEBUG org.hibernate.internal.util.EntityPrinter - Listing entities:
13:10:13.698 [main] DEBUG org.hibernate.internal.util.EntityPrinter - org.frcpm.models.Project{hardDeadline=2025-05-23, name=Test Base Save Project, description=null, meetings=[], id=3, goalEndDate=2025-05-09, milestones=[], startDate=2025-04-11, tasks=[]}
13:10:13.698 [main] DEBUG org.hibernate.engine.transaction.internal.TransactionImpl - committing
13:10:13.698 [main] DEBUG org.hibernate.event.internal.AbstractFlushingEventListener - Processing flush-time cascades
13:10:13.698 [main] DEBUG org.hibernate.event.internal.AbstractFlushingEventListener - Dirty checking collections
13:10:13.698 [main] DEBUG org.hibernate.engine.internal.Collections - Collection found: [org.frcpm.models.Project.meetings#3], was: [org.frcpm.models.Project.meetings#3] (initialized)
13:10:13.698 [main] DEBUG org.hibernate.engine.internal.Collections - Collection found: [org.frcpm.models.Project.milestones#3], was: [org.frcpm.models.Project.milestones#3] (initialized)
13:10:13.698 [main] DEBUG org.hibernate.engine.internal.Collections - Collection found: [org.frcpm.models.Project.tasks#3], was: [org.frcpm.models.Project.tasks#3] (initialized)
13:10:13.698 [main] DEBUG org.hibernate.event.internal.AbstractFlushingEventListener - Flushed: 0 insertions, 0 updates, 0 deletions to 1 objects
13:10:13.698 [main] DEBUG org.hibernate.event.internal.AbstractFlushingEventListener - Flushed: 0 (re)creations, 0 updates, 0 removals to 3 collections
13:10:13.698 [main] DEBUG org.hibernate.internal.util.EntityPrinter - Listing entities:
13:10:13.698 [main] DEBUG org.hibernate.internal.util.EntityPrinter - org.frcpm.models.Project{hardDeadline=2025-05-23, name=Test Base Save Project, description=null, meetings=[], id=3, goalEndDate=2025-05-09, milestones=[], startDate=2025-04-11, tasks=[]}
13:10:13.698 [main] DEBUG org.hibernate.resource.jdbc.internal.LogicalConnectionManagedImpl - Initiating JDBC connection release from afterTransaction
13:10:13.698 [main] DEBUG org.hibernate.resource.jdbc.internal.LogicalConnectionManagedImpl - Initiating JDBC connection release from afterTransaction
13:10:13.699 [main] DEBUG org.hibernate.orm.sql.exec - Skipping reading Query result cache data: cache-enabled = false, cache-mode = IGNORE
13:10:13.700 [main] DEBUG org.hibernate.orm.results - Initializer list:
	  org.frcpm.models.Project.meetings -> DelayedCollectionInitializer(org.frcpm.models.Project.meetings)@1498878963 (PluralAttribute(org.frcpm.models.Project.meetings))
	  org.frcpm.models.Project.tasks -> DelayedCollectionInitializer(org.frcpm.models.Project.tasks)@2075988796 (PluralAttribute(org.frcpm.models.Project.tasks))
	  org.frcpm.models.Project -> EntityResultInitializer(org.frcpm.models.Project)@2090482123 (SingleTableEntityPersister(org.frcpm.models.Project))
	  org.frcpm.models.Project.milestones -> DelayedCollectionInitializer(org.frcpm.models.Project.milestones)@2123581821 (PluralAttribute(org.frcpm.models.Project.milestones))

13:10:13.700 [main] DEBUG org.hibernate.SQL - 
    select
        p1_0.id,
        p1_0.description,
        p1_0.goal_end_date,
        p1_0.hard_deadline,
        p1_0.name,
        p1_0.start_date 
    from
        projects p1_0 
    where
        p1_0.id=?
Hibernate: 
    select
        p1_0.id,
        p1_0.description,
        p1_0.goal_end_date,
        p1_0.hard_deadline,
        p1_0.name,
        p1_0.start_date 
    from
        projects p1_0 
    where
        p1_0.id=?
13:10:13.700 [main] DEBUG org.hibernate.orm.results.loading.entity - (EntityResultInitializer) Hydrated EntityKey (org.frcpm.models.Project): 3
13:10:13.700 [main] DEBUG org.hibernate.orm.results.loading.org.hibernate.orm.results.loading.collection - (DelayedCollectionInitializer) Current row collection key : org.frcpm.models.Project.meetings#3
13:10:13.700 [main] DEBUG org.hibernate.orm.results.loading.org.hibernate.orm.results.loading.collection - (DelayedCollectionInitializer) Current row collection key : org.frcpm.models.Project.milestones#3
13:10:13.701 [main] DEBUG org.hibernate.orm.results.loading.org.hibernate.orm.results.loading.collection - (DelayedCollectionInitializer) Current row collection key : org.frcpm.models.Project.tasks#3
13:10:13.701 [main] DEBUG org.hibernate.orm.results.loading.entity - (EntityResultInitializer) Created new entity instance [org.frcpm.models.Project#3] : 569701844
13:10:13.701 [main] DEBUG org.hibernate.orm.results - Extracted JDBC value [1] - [null]
13:10:13.701 [main] DEBUG org.hibernate.orm.results - Extracted JDBC value [2] - [2025-05-09]
13:10:13.701 [main] DEBUG org.hibernate.orm.results - Extracted JDBC value [3] - [2025-05-23]
13:10:13.701 [main] DEBUG org.hibernate.orm.results - Extracted JDBC value [4] - [Test Base Save Project]
13:10:13.701 [main] DEBUG org.hibernate.orm.results - Extracted JDBC value [5] - [2025-04-11]
13:10:13.702 [main] DEBUG org.hibernate.orm.results.loading.entity - (EntityResultInitializer) Done materializing entityInstance : org.frcpm.models.Project#3
13:10:13.702 [main] DEBUG org.hibernate.orm.results.loading - Calling top-level assembler (0 / 1) : org.hibernate.sql.results.graph.entity.internal.EntityAssembler@6eaf016e
13:10:13.702 [main] DEBUG org.hibernate.resource.jdbc.internal.LogicalConnectionManagedImpl - Initiating JDBC connection release from afterTransaction
13:10:13.706 [main] DEBUG org.hibernate.orm.sql.ast.create - Created new SQL alias : p1_0
13:10:13.706 [main] DEBUG org.hibernate.orm.sql.ast.create - Registration of TableGroup [StandardTableGroup(org.frcpm.models.Project(22702922738300))] with identifierForTableGroup [org.frcpm.models.Project] for NavigablePath [org.frcpm.models.Project] 
13:10:13.707 [main] DEBUG org.hibernate.orm.results.graph.AST - DomainResult Graph:
 \-EntityResultImpl [org.frcpm.models.Project(22702922738300)]
 |  +-BasicFetch [org.frcpm.models.Project(22702922738300).description]
 |  +-BasicFetch [org.frcpm.models.Project(22702922738300).goalEndDate]
 |  +-BasicFetch [org.frcpm.models.Project(22702922738300).hardDeadline]
 |  +-DelayedCollectionFetch [org.frcpm.models.Project(22702922738300).meetings]
 |  +-DelayedCollectionFetch [org.frcpm.models.Project(22702922738300).milestones]
 |  +-BasicFetch [org.frcpm.models.Project(22702922738300).name]
 |  +-BasicFetch [org.frcpm.models.Project(22702922738300).startDate]
 |  \-DelayedCollectionFetch [org.frcpm.models.Project(22702922738300).tasks]

13:10:13.707 [main] DEBUG org.hibernate.orm.sql.ast.tree - SQL AST Tree:
    SelectStatement {
      FromClause {
        StandardTableGroup (p1 : org.frcpm.models.Project(22702922738300)) {
          primaryTableReference : projects as p1_0
        }
      }
    }

13:10:13.707 [main] DEBUG org.hibernate.orm.sql.exec - Skipping reading Query result cache data: cache-enabled = false, cache-mode = NORMAL
13:10:13.707 [main] DEBUG org.hibernate.orm.results - Initializer list:
	  org.frcpm.models.Project(22702922738300).milestones -> DelayedCollectionInitializer(org.frcpm.models.Project(22702922738300).milestones)@443215084 (PluralAttribute(org.frcpm.models.Project.milestones))
	  org.frcpm.models.Project(22702922738300) -> EntityResultInitializer(org.frcpm.models.Project(22702922738300))@1368955671 (SingleTableEntityPersister(org.frcpm.models.Project))
	  org.frcpm.models.Project(22702922738300).tasks -> DelayedCollectionInitializer(org.frcpm.models.Project(22702922738300).tasks)@318057636 (PluralAttribute(org.frcpm.models.Project.tasks))
	  org.frcpm.models.Project(22702922738300).meetings -> DelayedCollectionInitializer(org.frcpm.models.Project(22702922738300).meetings)@380928130 (PluralAttribute(org.frcpm.models.Project.meetings))

13:10:13.707 [main] DEBUG org.hibernate.SQL - 
    /* <criteria> */ select
        p1_0.id,
        p1_0.description,
        p1_0.goal_end_date,
        p1_0.hard_deadline,
        p1_0.name,
        p1_0.start_date 
    from
        projects p1_0
Hibernate: 
    /* <criteria> */ select
        p1_0.id,
        p1_0.description,
        p1_0.goal_end_date,
        p1_0.hard_deadline,
        p1_0.name,
        p1_0.start_date 
    from
        projects p1_0
13:10:13.708 [main] DEBUG org.hibernate.orm.results - Extracted JDBC value [0] - [1]
13:10:13.708 [main] DEBUG org.hibernate.orm.results.loading.entity - (EntityResultInitializer) Hydrated EntityKey (org.frcpm.models.Project(22702922738300)): 1
13:10:13.708 [main] DEBUG org.hibernate.orm.results.loading.org.hibernate.orm.results.loading.collection - (DelayedCollectionInitializer) Current row collection key : org.frcpm.models.Project(22702922738300).meetings#1
13:10:13.708 [main] DEBUG org.hibernate.orm.results.loading.org.hibernate.orm.results.loading.collection - (DelayedCollectionInitializer) Current row collection key : org.frcpm.models.Project(22702922738300).milestones#1
13:10:13.708 [main] DEBUG org.hibernate.orm.results.loading.org.hibernate.orm.results.loading.collection - (DelayedCollectionInitializer) Current row collection key : org.frcpm.models.Project(22702922738300).tasks#1
13:10:13.708 [main] DEBUG org.hibernate.orm.results.loading.entity - (EntityResultInitializer) Created new entity instance [org.frcpm.models.Project(22702922738300)#1] : 1963654674
13:10:13.708 [main] DEBUG org.hibernate.orm.results - Extracted JDBC value [1] - [null]
13:10:13.708 [main] DEBUG org.hibernate.orm.results - Extracted JDBC value [2] - [2025-05-23]
13:10:13.708 [main] DEBUG org.hibernate.orm.results - Extracted JDBC value [3] - [2025-06-06]
13:10:13.708 [main] DEBUG org.hibernate.orm.results - Extracted JDBC value [4] - [Test Base Project 1]
13:10:13.708 [main] DEBUG org.hibernate.orm.results - Extracted JDBC value [5] - [2025-04-11]
13:10:13.708 [main] DEBUG org.hibernate.orm.results.loading.entity - (EntityResultInitializer) Done materializing entityInstance : org.frcpm.models.Project(22702922738300)#1
13:10:13.708 [main] DEBUG org.hibernate.orm.results.loading - Calling top-level assembler (0 / 1) : org.hibernate.sql.results.graph.entity.internal.EntityAssembler@5bf97be9
13:10:13.708 [main] DEBUG org.hibernate.orm.results - Extracted JDBC value [0] - [2]
13:10:13.708 [main] DEBUG org.hibernate.orm.results.loading.entity - (EntityResultInitializer) Hydrated EntityKey (org.frcpm.models.Project(22702922738300)): 2
13:10:13.708 [main] DEBUG org.hibernate.orm.results.loading.org.hibernate.orm.results.loading.collection - (DelayedCollectionInitializer) Current row collection key : org.frcpm.models.Project(22702922738300).meetings#2
13:10:13.708 [main] DEBUG org.hibernate.orm.results.loading.org.hibernate.orm.results.loading.collection - (DelayedCollectionInitializer) Current row collection key : org.frcpm.models.Project(22702922738300).milestones#2
13:10:13.708 [main] DEBUG org.hibernate.orm.results.loading.org.hibernate.orm.results.loading.collection - (DelayedCollectionInitializer) Current row collection key : org.frcpm.models.Project(22702922738300).tasks#2
13:10:13.708 [main] DEBUG org.hibernate.orm.results.loading.entity - (EntityResultInitializer) Created new entity instance [org.frcpm.models.Project(22702922738300)#2] : 1526019583
13:10:13.708 [main] DEBUG org.hibernate.orm.results - Extracted JDBC value [1] - [null]
13:10:13.708 [main] DEBUG org.hibernate.orm.results - Extracted JDBC value [2] - [2025-06-06]
13:10:13.708 [main] DEBUG org.hibernate.orm.results - Extracted JDBC value [3] - [2025-06-20]
13:10:13.708 [main] DEBUG org.hibernate.orm.results - Extracted JDBC value [4] - [Test Base Project 2]
13:10:13.708 [main] DEBUG org.hibernate.orm.results - Extracted JDBC value [5] - [2025-04-18]
13:10:13.708 [main] DEBUG org.hibernate.orm.results.loading.entity - (EntityResultInitializer) Done materializing entityInstance : org.frcpm.models.Project(22702922738300)#2
13:10:13.708 [main] DEBUG org.hibernate.orm.results.loading - Calling top-level assembler (0 / 1) : org.hibernate.sql.results.graph.entity.internal.EntityAssembler@5bf97be9
13:10:13.708 [main] DEBUG org.hibernate.orm.results - Extracted JDBC value [0] - [3]
13:10:13.708 [main] DEBUG org.hibernate.orm.results.loading.entity - (EntityResultInitializer) Hydrated EntityKey (org.frcpm.models.Project(22702922738300)): 3
13:10:13.708 [main] DEBUG org.hibernate.orm.results.loading.org.hibernate.orm.results.loading.collection - (DelayedCollectionInitializer) Current row collection key : org.frcpm.models.Project(22702922738300).meetings#3
13:10:13.708 [main] DEBUG org.hibernate.orm.results.loading.org.hibernate.orm.results.loading.collection - (DelayedCollectionInitializer) Current row collection key : org.frcpm.models.Project(22702922738300).milestones#3
13:10:13.708 [main] DEBUG org.hibernate.orm.results.loading.org.hibernate.orm.results.loading.collection - (DelayedCollectionInitializer) Current row collection key : org.frcpm.models.Project(22702922738300).tasks#3
13:10:13.708 [main] DEBUG org.hibernate.orm.results.loading.entity - (EntityResultInitializer) Created new entity instance [org.frcpm.models.Project(22702922738300)#3] : 56387245
13:10:13.708 [main] DEBUG org.hibernate.orm.results - Extracted JDBC value [1] - [null]
13:10:13.708 [main] DEBUG org.hibernate.orm.results - Extracted JDBC value [2] - [2025-05-09]
13:10:13.708 [main] DEBUG org.hibernate.orm.results - Extracted JDBC value [3] - [2025-05-23]
13:10:13.708 [main] DEBUG org.hibernate.orm.results - Extracted JDBC value [4] - [Test Base Save Project]
13:10:13.708 [main] DEBUG org.hibernate.orm.results - Extracted JDBC value [5] - [2025-04-11]
13:10:13.709 [main] DEBUG org.hibernate.orm.results.loading.entity - (EntityResultInitializer) Done materializing entityInstance : org.frcpm.models.Project(22702922738300)#3
13:10:13.709 [main] DEBUG org.hibernate.orm.results.loading - Calling top-level assembler (0 / 1) : org.hibernate.sql.results.graph.entity.internal.EntityAssembler@5bf97be9
13:10:13.709 [main] DEBUG org.hibernate.resource.jdbc.internal.LogicalConnectionManagedImpl - Initiating JDBC connection release from afterTransaction
13:10:13.709 [main] DEBUG org.hibernate.resource.jdbc.internal.LogicalConnectionManagedImpl - Initiating JDBC connection release from afterTransaction
13:10:13.709 [main] DEBUG org.hibernate.engine.transaction.internal.TransactionImpl - On TransactionImpl creation, JpaCompliance#isJpaTransactionComplianceEnabled == false
13:10:13.709 [main] DEBUG org.hibernate.engine.transaction.internal.TransactionImpl - begin
13:10:13.709 [main] DEBUG org.hibernate.orm.sql.ast.create - Created new SQL alias : p1_0
13:10:13.709 [main] DEBUG org.hibernate.orm.sql.ast.create - Registration of TableGroup [StandardTableGroup(org.frcpm.models.Project)] with identifierForTableGroup [org.frcpm.models.Project] for NavigablePath [org.frcpm.models.Project] 
13:10:13.709 [main] DEBUG org.hibernate.orm.sql.ast.create - Created new SQL alias : m1_0
13:10:13.709 [main] DEBUG org.hibernate.orm.sql.ast.create - Registration of TableGroup [org.hibernate.sql.ast.tree.from.OneToManyTableGroup@5cc5d766] with identifierForTableGroup [org.frcpm.models.Project.meetings] for NavigablePath [org.frcpm.models.Project.meetings] 
13:10:13.709 [main] DEBUG org.hibernate.orm.sql.ast.create - Registration of TableGroup [StandardTableGroup(org.frcpm.models.Project.meetings.{element})] with identifierForTableGroup [org.frcpm.models.Project.meetings.{element}] for NavigablePath [org.frcpm.models.Project.meetings.{element}] 
13:10:13.709 [main] DEBUG org.hibernate.orm.sql.ast.create - Registration of TableGroup [org.hibernate.sql.ast.tree.from.LazyTableGroup@66a0fae1] with identifierForTableGroup [org.frcpm.models.Project.meetings.{element}.project] for NavigablePath [org.frcpm.models.Project.meetings.{element}.project] 
13:10:13.710 [main] DEBUG org.hibernate.orm.results.graph.AST - DomainResult Graph:
 \-EntityResultImpl [org.frcpm.models.Project]
 |  +-BasicFetch [org.frcpm.models.Project.description]
 |  +-BasicFetch [org.frcpm.models.Project.goalEndDate]
 |  +-BasicFetch [org.frcpm.models.Project.hardDeadline]
 |  +-EagerCollectionFetch [org.frcpm.models.Project.meetings]
 |  |  \-EntityFetchJoinedImpl [org.frcpm.models.Project.meetings.{element}]
 |  +-SelectEagerCollectionFetch [org.frcpm.models.Project.milestones]
 |  +-BasicFetch [org.frcpm.models.Project.name]
 |  +-BasicFetch [org.frcpm.models.Project.startDate]
 |  \-SelectEagerCollectionFetch [org.frcpm.models.Project.tasks]

13:10:13.710 [main] DEBUG org.hibernate.orm.sql.ast.tree - SQL AST Tree:
    SelectStatement {
      FromClause {
        StandardTableGroup (p1 : org.frcpm.models.Project) {
          primaryTableReference : projects as p1_0
          TableGroupJoins {
            left  join OneToManyTableGroup (m1 : org.frcpm.models.Project.meetings) {
              primaryTableReference : meetings as m1_0
              TableGroupJoins {
                left  join LazyTableGroup (p2 : org.frcpm.models.Project.meetings.{element}.project) {
                }
              }
            }
          }
        }
      }
    }

13:10:13.710 [main] DEBUG org.hibernate.orm.sql.exec - Skipping reading Query result cache data: cache-enabled = false, cache-mode = IGNORE
13:10:13.710 [main] DEBUG org.hibernate.orm.results - Initializer list:
	  org.frcpm.models.Project.meetings -> BagInitializer(org.frcpm.models.Project.meetings)@177104030 (PluralAttribute(org.frcpm.models.Project.meetings))
	  org.frcpm.models.Project.tasks -> SelectEagerCollectionInitializer(org.frcpm.models.Project.tasks)@2013461582 (PluralAttribute(org.frcpm.models.Project.tasks))
	  org.frcpm.models.Project.meetings.{element} -> EntityJoinedFetchInitializer(org.frcpm.models.Project.meetings.{element})@429155933 (EntityCollectionPart(org.frcpm.models.Project.meetings#{element})@1150811353)
	  org.frcpm.models.Project.meetings.{element}.attendances -> SelectEagerCollectionInitializer(org.frcpm.models.Project.meetings.{element}.attendances)@1027922497 (PluralAttribute(org.frcpm.models.Meeting.attendances))
	  org.frcpm.models.Project -> EntityResultInitializer(org.frcpm.models.Project)@1380688171 (SingleTableEntityPersister(org.frcpm.models.Project))
	  org.frcpm.models.Project.milestones -> SelectEagerCollectionInitializer(org.frcpm.models.Project.milestones)@1750565809 (PluralAttribute(org.frcpm.models.Project.milestones))

13:10:13.710 [main] DEBUG org.hibernate.SQL - 
    select
        p1_0.id,
        p1_0.description,
        p1_0.goal_end_date,
        p1_0.hard_deadline,
        p1_0.name,
        p1_0.start_date,
        m1_0.project_id,
        m1_0.id,
        m1_0.date,
        m1_0.end_time,
        m1_0.notes,
        m1_0.start_time 
    from
        projects p1_0 
    left join
        meetings m1_0 
            on p1_0.id=m1_0.project_id 
    where
        p1_0.id=?
Hibernate: 
    select
        p1_0.id,
        p1_0.description,
        p1_0.goal_end_date,
        p1_0.hard_deadline,
        p1_0.name,
        p1_0.start_date,
        m1_0.project_id,
        m1_0.id,
        m1_0.date,
        m1_0.end_time,
        m1_0.notes,
        m1_0.start_time 
    from
        projects p1_0 
    left join
        meetings m1_0 
            on p1_0.id=m1_0.project_id 
    where
        p1_0.id=?
13:10:13.711 [main] DEBUG org.hibernate.orm.results.loading.entity - (EntityResultInitializer) Hydrated EntityKey (org.frcpm.models.Project): 1
13:10:13.711 [main] DEBUG org.hibernate.orm.results.loading.org.hibernate.orm.results.loading.collection - (BagInitializer) Current row collection key : org.frcpm.models.Project.meetings#1
13:10:13.711 [main] DEBUG org.hibernate.orm.results - Extracted JDBC value [6] - [null]
13:10:13.711 [main] DEBUG org.hibernate.orm.results - Extracted JDBC value [7] - [null]
13:10:13.711 [main] DEBUG org.hibernate.orm.results.loading.entity - (EntityJoinedFetchInitializer) EntityKey (org.frcpm.models.Project.meetings.{element}) is null
13:10:13.711 [main] DEBUG org.hibernate.orm.results.loading.org.hibernate.orm.results.loading.collection - (SelectEagerCollectionInitializer) Current row collection key : org.frcpm.models.Project.milestones#1
13:10:13.711 [main] DEBUG org.hibernate.orm.results.loading.org.hibernate.orm.results.loading.collection - (SelectEagerCollectionInitializer) Current row collection key : org.frcpm.models.Project.tasks#1
13:10:13.711 [main] DEBUG org.hibernate.orm.results.loading.entity - (EntityResultInitializer) Created new entity instance [org.frcpm.models.Project#1] : 119355254
13:10:13.711 [main] DEBUG org.hibernate.orm.results.loading.org.hibernate.orm.results.loading.collection - (BagInitializer) Created new collection wrapper [org.frcpm.models.Project.meetings#1] : org.hibernate.collection.spi.PersistentBag@1392735791
13:10:13.712 [main] DEBUG org.hibernate.orm.results.loading.org.hibernate.orm.results.loading.collection - (BagInitializer) Responsible for loading collection [org.frcpm.models.Project.meetings#1] : org.hibernate.collection.spi.PersistentBag@1392735791
13:10:13.712 [main] DEBUG org.hibernate.orm.results - Extracted JDBC value [1] - [null]
13:10:13.712 [main] DEBUG org.hibernate.orm.results - Extracted JDBC value [2] - [2025-05-23]
13:10:13.712 [main] DEBUG org.hibernate.orm.results - Extracted JDBC value [3] - [2025-06-06]
13:10:13.712 [main] DEBUG org.hibernate.orm.results - Extracted JDBC value [4] - [Test Base Project 1]
13:10:13.712 [main] DEBUG org.hibernate.orm.results - Extracted JDBC value [5] - [2025-04-11]
13:10:13.712 [main] DEBUG org.hibernate.orm.results.loading.entity - (EntityResultInitializer) Done materializing entityInstance : org.frcpm.models.Project#1
13:10:13.712 [main] DEBUG org.hibernate.orm.results.loading - Calling top-level assembler (0 / 1) : org.hibernate.sql.results.graph.entity.internal.EntityAssembler@4c006046
13:10:13.712 [main] DEBUG org.hibernate.sql.results.internal.ResultsHelper - Collection fully initialized: [org.frcpm.models.Project.meetings#1]
13:10:13.712 [main] DEBUG org.hibernate.orm.sql.exec - Skipping reading Query result cache data: cache-enabled = false, cache-mode = IGNORE
13:10:13.713 [main] DEBUG org.hibernate.orm.results - Initializer list:
	  org.frcpm.models.Project.tasks.{element}.assignedTo -> DelayedCollectionInitializer(org.frcpm.models.Project.tasks.{element}.assignedTo)@83547623 (PluralAttribute(org.frcpm.models.Task.assignedTo))
	  org.frcpm.models.Project.tasks.{element}.postDependencies -> DelayedCollectionInitializer(org.frcpm.models.Project.tasks.{element}.postDependencies)@1717743370 (PluralAttribute(org.frcpm.models.Task.postDependencies))
	  org.frcpm.models.Project.tasks.{element} -> EntityJoinedFetchInitializer(org.frcpm.models.Project.tasks.{element})@107344285 (EntityCollectionPart(org.frcpm.models.Project.tasks#{element})@1227400007)
	  org.frcpm.models.Project.tasks.{element}.requiredComponents -> DelayedCollectionInitializer(org.frcpm.models.Project.tasks.{element}.requiredComponents)@464458344 (PluralAttribute(org.frcpm.models.Task.requiredComponents))
	  org.frcpm.models.Project.tasks.{element}.project -> EntityDelayedFetchInitializer(org.frcpm.models.Project.tasks.{element}.project)@1749476584 (ToOneAttributeMapping(NavigableRole[org.frcpm.models.Task.project])@1099307364)
	  org.frcpm.models.Project.tasks.{element}.subsystem -> EntityDelayedFetchInitializer(org.frcpm.models.Project.tasks.{element}.subsystem)@1303951496 (ToOneAttributeMapping(NavigableRole[org.frcpm.models.Task.subsystem])@778559237)
	  org.frcpm.models.Project.tasks.{element}.preDependencies -> DelayedCollectionInitializer(org.frcpm.models.Project.tasks.{element}.preDependencies)@1901662085 (PluralAttribute(org.frcpm.models.Task.preDependencies))
	  org.frcpm.models.Project.tasks -> BagInitializer(org.frcpm.models.Project.tasks)@6645235 (PluralAttribute(org.frcpm.models.Project.tasks))

13:10:13.713 [main] DEBUG org.hibernate.SQL - 
    select
        t1_0.project_id,
        t1_0.id,
        t1_0.actual_duration_seconds,
        t1_0.completed,
        t1_0.description,
        t1_0.end_date,
        t1_0.estimated_duration_seconds,
        t1_0.priority,
        t1_0.progress,
        t1_0.start_date,
        t1_0.subsystem_id,
        t1_0.title 
    from
        tasks t1_0 
    where
        t1_0.project_id=?
Hibernate: 
    select
        t1_0.project_id,
        t1_0.id,
        t1_0.actual_duration_seconds,
        t1_0.completed,
        t1_0.description,
        t1_0.end_date,
        t1_0.estimated_duration_seconds,
        t1_0.priority,
        t1_0.progress,
        t1_0.start_date,
        t1_0.subsystem_id,
        t1_0.title 
    from
        tasks t1_0 
    where
        t1_0.project_id=?
13:10:13.713 [main] DEBUG org.hibernate.sql.results.internal.ResultsHelper - Collection fully initialized: [org.frcpm.models.Project.tasks#1]
13:10:13.714 [main] DEBUG org.hibernate.orm.sql.exec - Skipping reading Query result cache data: cache-enabled = false, cache-mode = IGNORE
13:10:13.714 [main] DEBUG org.hibernate.orm.results - Initializer list:
	  org.frcpm.models.Project.milestones.{element}.project -> EntityDelayedFetchInitializer(org.frcpm.models.Project.milestones.{element}.project)@562203102 (ToOneAttributeMapping(NavigableRole[org.frcpm.models.Milestone.project])@174271200)
	  org.frcpm.models.Project.milestones.{element} -> EntityJoinedFetchInitializer(org.frcpm.models.Project.milestones.{element})@234471338 (EntityCollectionPart(org.frcpm.models.Project.milestones#{element})@1640502170)
	  org.frcpm.models.Project.milestones -> BagInitializer(org.frcpm.models.Project.milestones)@1420933636 (PluralAttribute(org.frcpm.models.Project.milestones))

13:10:13.714 [main] DEBUG org.hibernate.SQL - 
    select
        m1_0.project_id,
        m1_0.id,
        m1_0.date,
        m1_0.description,
        m1_0.name 
    from
        milestones m1_0 
    where
        m1_0.project_id=?
Hibernate: 
    select
        m1_0.project_id,
        m1_0.id,
        m1_0.date,
        m1_0.description,
        m1_0.name 
    from
        milestones m1_0 
    where
        m1_0.project_id=?
13:10:13.715 [main] DEBUG org.hibernate.sql.results.internal.ResultsHelper - Collection fully initialized: [org.frcpm.models.Project.milestones#1]
13:10:13.715 [main] DEBUG org.hibernate.engine.transaction.internal.TransactionImpl - committing
13:10:13.715 [main] DEBUG org.hibernate.event.internal.AbstractFlushingEventListener - Processing flush-time cascades
13:10:13.715 [main] DEBUG org.hibernate.event.internal.AbstractFlushingEventListener - Dirty checking collections
13:10:13.715 [main] DEBUG org.hibernate.engine.internal.Collections - Collection dereferenced: [org.frcpm.models.Project.meetings#1]
13:10:13.715 [main] DEBUG org.hibernate.engine.internal.Collections - Collection dereferenced: [org.frcpm.models.Project.milestones#1]
13:10:13.715 [main] DEBUG org.hibernate.engine.internal.Collections - Collection dereferenced: [org.frcpm.models.Project.tasks#1]
13:10:13.716 [main] DEBUG org.hibernate.event.internal.AbstractFlushingEventListener - Flushed: 0 insertions, 0 updates, 1 deletions to 1 objects
13:10:13.716 [main] DEBUG org.hibernate.event.internal.AbstractFlushingEventListener - Flushed: 0 (re)creations, 0 updates, 3 removals to 3 collections
13:10:13.716 [main] DEBUG org.hibernate.internal.util.EntityPrinter - Listing entities:
13:10:13.716 [main] DEBUG org.hibernate.internal.util.EntityPrinter - org.frcpm.models.Project{hardDeadline=2025-06-06, name=Test Base Project 1, description=null, meetings=[], id=1, goalEndDate=2025-05-23, milestones=[], startDate=2025-04-11, tasks=[]}
13:10:13.717 [main] DEBUG org.hibernate.SQL - 
    /* delete for org.frcpm.models.Project */delete 
    from
        projects 
    where
        id=?
Hibernate: 
    /* delete for org.frcpm.models.Project */delete 
    from
        projects 
    where
        id=?
13:10:13.719 [main] DEBUG org.hibernate.orm.jdbc.batch - PreparedStatementDetails did not contain PreparedStatement on #releaseStatements : /* delete for org.frcpm.models.Project */delete from projects where id=?
13:10:13.719 [main] DEBUG org.hibernate.orm.jdbc.batch - PreparedStatementDetails did not contain PreparedStatement on #releaseStatements : /* delete for org.frcpm.models.Project */delete from projects where id=?
13:10:13.719 [main] DEBUG org.hibernate.resource.jdbc.internal.LogicalConnectionManagedImpl - Initiating JDBC connection release from afterTransaction
13:10:13.719 [main] DEBUG org.hibernate.orm.jdbc.batch - PreparedStatementDetails did not contain PreparedStatement on #releaseStatements : /* delete for org.frcpm.models.Project */delete from projects where id=?
13:10:13.720 [main] DEBUG org.hibernate.orm.jdbc.batch - PreparedStatementDetails did not contain PreparedStatement on #releaseStatements : /* delete for org.frcpm.models.Project */delete from projects where id=?
13:10:13.720 [main] DEBUG org.hibernate.resource.jdbc.internal.LogicalConnectionManagedImpl - Initiating JDBC connection release from afterTransaction
13:10:13.720 [main] DEBUG org.hibernate.engine.jdbc.internal.JdbcCoordinatorImpl - HHH000420: Closing un-released batch
13:10:13.720 [main] DEBUG org.hibernate.orm.jdbc.batch - PreparedStatementDetails did not contain PreparedStatement on #releaseStatements : /* delete for org.frcpm.models.Project */delete from projects where id=?
13:10:13.720 [main] DEBUG org.hibernate.orm.jdbc.batch - PreparedStatementDetails did not contain PreparedStatement on #releaseStatements : /* delete for org.frcpm.models.Project */delete from projects where id=?
13:10:13.720 [main] DEBUG org.hibernate.engine.transaction.internal.TransactionImpl - On TransactionImpl creation, JpaCompliance#isJpaTransactionComplianceEnabled == false
13:10:13.720 [main] DEBUG org.hibernate.engine.transaction.internal.TransactionImpl - begin
13:10:13.721 [main] DEBUG org.hibernate.orm.sql.exec - Skipping reading Query result cache data: cache-enabled = false, cache-mode = IGNORE
13:10:13.721 [main] DEBUG org.hibernate.orm.results - Initializer list:
	  org.frcpm.models.Project.meetings -> BagInitializer(org.frcpm.models.Project.meetings)@2141140246 (PluralAttribute(org.frcpm.models.Project.meetings))
	  org.frcpm.models.Project.tasks -> SelectEagerCollectionInitializer(org.frcpm.models.Project.tasks)@227127507 (PluralAttribute(org.frcpm.models.Project.tasks))
	  org.frcpm.models.Project.meetings.{element} -> EntityJoinedFetchInitializer(org.frcpm.models.Project.meetings.{element})@413215160 (EntityCollectionPart(org.frcpm.models.Project.meetings#{element})@1150811353)
	  org.frcpm.models.Project.meetings.{element}.attendances -> SelectEagerCollectionInitializer(org.frcpm.models.Project.meetings.{element}.attendances)@13395290 (PluralAttribute(org.frcpm.models.Meeting.attendances))
	  org.frcpm.models.Project -> EntityResultInitializer(org.frcpm.models.Project)@108906448 (SingleTableEntityPersister(org.frcpm.models.Project))
	  org.frcpm.models.Project.milestones -> SelectEagerCollectionInitializer(org.frcpm.models.Project.milestones)@1186128100 (PluralAttribute(org.frcpm.models.Project.milestones))

13:10:13.722 [main] DEBUG org.hibernate.SQL - 
    select
        p1_0.id,
        p1_0.description,
        p1_0.goal_end_date,
        p1_0.hard_deadline,
        p1_0.name,
        p1_0.start_date,
        m1_0.project_id,
        m1_0.id,
        m1_0.date,
        m1_0.end_time,
        m1_0.notes,
        m1_0.start_time 
    from
        projects p1_0 
    left join
        meetings m1_0 
            on p1_0.id=m1_0.project_id 
    where
        p1_0.id=?
Hibernate: 
    select
        p1_0.id,
        p1_0.description,
        p1_0.goal_end_date,
        p1_0.hard_deadline,
        p1_0.name,
        p1_0.start_date,
        m1_0.project_id,
        m1_0.id,
        m1_0.date,
        m1_0.end_time,
        m1_0.notes,
        m1_0.start_time 
    from
        projects p1_0 
    left join
        meetings m1_0 
            on p1_0.id=m1_0.project_id 
    where
        p1_0.id=?
13:10:13.723 [main] DEBUG org.hibernate.orm.results.loading.entity - (EntityResultInitializer) Hydrated EntityKey (org.frcpm.models.Project): 2
13:10:13.723 [main] DEBUG org.hibernate.orm.results.loading.org.hibernate.orm.results.loading.collection - (BagInitializer) Current row collection key : org.frcpm.models.Project.meetings#2
13:10:13.723 [main] DEBUG org.hibernate.orm.results - Extracted JDBC value [6] - [null]
13:10:13.723 [main] DEBUG org.hibernate.orm.results - Extracted JDBC value [7] - [null]
13:10:13.723 [main] DEBUG org.hibernate.orm.results.loading.entity - (EntityJoinedFetchInitializer) EntityKey (org.frcpm.models.Project.meetings.{element}) is null
13:10:13.723 [main] DEBUG org.hibernate.orm.results.loading.org.hibernate.orm.results.loading.collection - (SelectEagerCollectionInitializer) Current row collection key : org.frcpm.models.Project.milestones#2
13:10:13.723 [main] DEBUG org.hibernate.orm.results.loading.org.hibernate.orm.results.loading.collection - (SelectEagerCollectionInitializer) Current row collection key : org.frcpm.models.Project.tasks#2
13:10:13.723 [main] DEBUG org.hibernate.orm.results.loading.entity - (EntityResultInitializer) Created new entity instance [org.frcpm.models.Project#2] : 1558296187
13:10:13.723 [main] DEBUG org.hibernate.orm.results.loading.org.hibernate.orm.results.loading.collection - (BagInitializer) Created new collection wrapper [org.frcpm.models.Project.meetings#2] : org.hibernate.collection.spi.PersistentBag@218486979
13:10:13.723 [main] DEBUG org.hibernate.orm.results.loading.org.hibernate.orm.results.loading.collection - (BagInitializer) Responsible for loading collection [org.frcpm.models.Project.meetings#2] : org.hibernate.collection.spi.PersistentBag@218486979
13:10:13.723 [main] DEBUG org.hibernate.orm.results - Extracted JDBC value [1] - [null]
13:10:13.723 [main] DEBUG org.hibernate.orm.results - Extracted JDBC value [2] - [2025-06-06]
13:10:13.723 [main] DEBUG org.hibernate.orm.results - Extracted JDBC value [3] - [2025-06-20]
13:10:13.723 [main] DEBUG org.hibernate.orm.results - Extracted JDBC value [4] - [Test Base Project 2]
13:10:13.723 [main] DEBUG org.hibernate.orm.results - Extracted JDBC value [5] - [2025-04-18]
13:10:13.723 [main] DEBUG org.hibernate.orm.results.loading.entity - (EntityResultInitializer) Done materializing entityInstance : org.frcpm.models.Project#2
13:10:13.723 [main] DEBUG org.hibernate.orm.results.loading - Calling top-level assembler (0 / 1) : org.hibernate.sql.results.graph.entity.internal.EntityAssembler@1502cd38
13:10:13.723 [main] DEBUG org.hibernate.sql.results.internal.ResultsHelper - Collection fully initialized: [org.frcpm.models.Project.meetings#2]
13:10:13.724 [main] DEBUG org.hibernate.orm.sql.exec - Skipping reading Query result cache data: cache-enabled = false, cache-mode = IGNORE
13:10:13.724 [main] DEBUG org.hibernate.orm.results - Initializer list:
	  org.frcpm.models.Project.tasks.{element}.assignedTo -> DelayedCollectionInitializer(org.frcpm.models.Project.tasks.{element}.assignedTo)@912448667 (PluralAttribute(org.frcpm.models.Task.assignedTo))
	  org.frcpm.models.Project.tasks.{element}.postDependencies -> DelayedCollectionInitializer(org.frcpm.models.Project.tasks.{element}.postDependencies)@1598370834 (PluralAttribute(org.frcpm.models.Task.postDependencies))
	  org.frcpm.models.Project.tasks.{element} -> EntityJoinedFetchInitializer(org.frcpm.models.Project.tasks.{element})@339894870 (EntityCollectionPart(org.frcpm.models.Project.tasks#{element})@1227400007)
	  org.frcpm.models.Project.tasks.{element}.requiredComponents -> DelayedCollectionInitializer(org.frcpm.models.Project.tasks.{element}.requiredComponents)@397018859 (PluralAttribute(org.frcpm.models.Task.requiredComponents))
	  org.frcpm.models.Project.tasks.{element}.project -> EntityDelayedFetchInitializer(org.frcpm.models.Project.tasks.{element}.project)@923571841 (ToOneAttributeMapping(NavigableRole[org.frcpm.models.Task.project])@1099307364)
	  org.frcpm.models.Project.tasks.{element}.subsystem -> EntityDelayedFetchInitializer(org.frcpm.models.Project.tasks.{element}.subsystem)@1100988886 (ToOneAttributeMapping(NavigableRole[org.frcpm.models.Task.subsystem])@778559237)
	  org.frcpm.models.Project.tasks.{element}.preDependencies -> DelayedCollectionInitializer(org.frcpm.models.Project.tasks.{element}.preDependencies)@1187535713 (PluralAttribute(org.frcpm.models.Task.preDependencies))
	  org.frcpm.models.Project.tasks -> BagInitializer(org.frcpm.models.Project.tasks)@26378253 (PluralAttribute(org.frcpm.models.Project.tasks))

13:10:13.724 [main] DEBUG org.hibernate.SQL - 
    select
        t1_0.project_id,
        t1_0.id,
        t1_0.actual_duration_seconds,
        t1_0.completed,
        t1_0.description,
        t1_0.end_date,
        t1_0.estimated_duration_seconds,
        t1_0.priority,
        t1_0.progress,
        t1_0.start_date,
        t1_0.subsystem_id,
        t1_0.title 
    from
        tasks t1_0 
    where
        t1_0.project_id=?
Hibernate: 
    select
        t1_0.project_id,
        t1_0.id,
        t1_0.actual_duration_seconds,
        t1_0.completed,
        t1_0.description,
        t1_0.end_date,
        t1_0.estimated_duration_seconds,
        t1_0.priority,
        t1_0.progress,
        t1_0.start_date,
        t1_0.subsystem_id,
        t1_0.title 
    from
        tasks t1_0 
    where
        t1_0.project_id=?
13:10:13.724 [main] DEBUG org.hibernate.sql.results.internal.ResultsHelper - Collection fully initialized: [org.frcpm.models.Project.tasks#2]
13:10:13.724 [main] DEBUG org.hibernate.orm.sql.exec - Skipping reading Query result cache data: cache-enabled = false, cache-mode = IGNORE
13:10:13.724 [main] DEBUG org.hibernate.orm.results - Initializer list:
	  org.frcpm.models.Project.milestones.{element}.project -> EntityDelayedFetchInitializer(org.frcpm.models.Project.milestones.{element}.project)@1774190912 (ToOneAttributeMapping(NavigableRole[org.frcpm.models.Milestone.project])@174271200)
	  org.frcpm.models.Project.milestones.{element} -> EntityJoinedFetchInitializer(org.frcpm.models.Project.milestones.{element})@2093446813 (EntityCollectionPart(org.frcpm.models.Project.milestones#{element})@1640502170)
	  org.frcpm.models.Project.milestones -> BagInitializer(org.frcpm.models.Project.milestones)@1661994883 (PluralAttribute(org.frcpm.models.Project.milestones))

13:10:13.724 [main] DEBUG org.hibernate.SQL - 
    select
        m1_0.project_id,
        m1_0.id,
        m1_0.date,
        m1_0.description,
        m1_0.name 
    from
        milestones m1_0 
    where
        m1_0.project_id=?
Hibernate: 
    select
        m1_0.project_id,
        m1_0.id,
        m1_0.date,
        m1_0.description,
        m1_0.name 
    from
        milestones m1_0 
    where
        m1_0.project_id=?
13:10:13.725 [main] DEBUG org.hibernate.sql.results.internal.ResultsHelper - Collection fully initialized: [org.frcpm.models.Project.milestones#2]
13:10:13.725 [main] DEBUG org.hibernate.engine.transaction.internal.TransactionImpl - committing
13:10:13.725 [main] DEBUG org.hibernate.event.internal.AbstractFlushingEventListener - Processing flush-time cascades
13:10:13.725 [main] DEBUG org.hibernate.event.internal.AbstractFlushingEventListener - Dirty checking collections
13:10:13.725 [main] DEBUG org.hibernate.engine.internal.Collections - Collection dereferenced: [org.frcpm.models.Project.meetings#2]
13:10:13.725 [main] DEBUG org.hibernate.engine.internal.Collections - Collection dereferenced: [org.frcpm.models.Project.milestones#2]
13:10:13.725 [main] DEBUG org.hibernate.engine.internal.Collections - Collection dereferenced: [org.frcpm.models.Project.tasks#2]
13:10:13.725 [main] DEBUG org.hibernate.event.internal.AbstractFlushingEventListener - Flushed: 0 insertions, 0 updates, 1 deletions to 1 objects
13:10:13.725 [main] DEBUG org.hibernate.event.internal.AbstractFlushingEventListener - Flushed: 0 (re)creations, 0 updates, 3 removals to 3 collections
13:10:13.725 [main] DEBUG org.hibernate.internal.util.EntityPrinter - Listing entities:
13:10:13.726 [main] DEBUG org.hibernate.internal.util.EntityPrinter - org.frcpm.models.Project{hardDeadline=2025-06-20, name=Test Base Project 2, description=null, meetings=[], id=2, goalEndDate=2025-06-06, milestones=[], startDate=2025-04-18, tasks=[]}
13:10:13.726 [main] DEBUG org.hibernate.SQL - 
    /* delete for org.frcpm.models.Project */delete 
    from
        projects 
    where
        id=?
Hibernate: 
    /* delete for org.frcpm.models.Project */delete 
    from
        projects 
    where
        id=?
13:10:13.727 [main] DEBUG org.hibernate.orm.jdbc.batch - PreparedStatementDetails did not contain PreparedStatement on #releaseStatements : /* delete for org.frcpm.models.Project */delete from projects where id=?
13:10:13.727 [main] DEBUG org.hibernate.orm.jdbc.batch - PreparedStatementDetails did not contain PreparedStatement on #releaseStatements : /* delete for org.frcpm.models.Project */delete from projects where id=?
13:10:13.727 [main] DEBUG org.hibernate.resource.jdbc.internal.LogicalConnectionManagedImpl - Initiating JDBC connection release from afterTransaction
13:10:13.727 [main] DEBUG org.hibernate.orm.jdbc.batch - PreparedStatementDetails did not contain PreparedStatement on #releaseStatements : /* delete for org.frcpm.models.Project */delete from projects where id=?
13:10:13.727 [main] DEBUG org.hibernate.orm.jdbc.batch - PreparedStatementDetails did not contain PreparedStatement on #releaseStatements : /* delete for org.frcpm.models.Project */delete from projects where id=?
13:10:13.727 [main] DEBUG org.hibernate.resource.jdbc.internal.LogicalConnectionManagedImpl - Initiating JDBC connection release from afterTransaction
13:10:13.727 [main] DEBUG org.hibernate.engine.jdbc.internal.JdbcCoordinatorImpl - HHH000420: Closing un-released batch
13:10:13.727 [main] DEBUG org.hibernate.orm.jdbc.batch - PreparedStatementDetails did not contain PreparedStatement on #releaseStatements : /* delete for org.frcpm.models.Project */delete from projects where id=?
13:10:13.727 [main] DEBUG org.hibernate.orm.jdbc.batch - PreparedStatementDetails did not contain PreparedStatement on #releaseStatements : /* delete for org.frcpm.models.Project */delete from projects where id=?
13:10:13.727 [main] DEBUG org.hibernate.internal.SessionFactoryImpl - HHH000031: Closing
13:10:13.727 [main] DEBUG org.hibernate.tool.schema.internal.SchemaDropperImpl$DelayedDropActionImpl - HHH000477: Starting delayed evictData of schema as part of SessionFactory shut-down'
13:10:13.727 [main] DEBUG org.hibernate.SQL - 
    drop table if exists attendances cascade 
Hibernate: 
    drop table if exists attendances cascade 
13:10:13.728 [main] DEBUG org.hibernate.SQL - 
    drop table if exists components cascade 
Hibernate: 
    drop table if exists components cascade 
13:10:13.728 [main] DEBUG org.hibernate.SQL - 
    drop table if exists meetings cascade 
Hibernate: 
    drop table if exists meetings cascade 
13:10:13.728 [main] DEBUG org.hibernate.SQL - 
    drop table if exists milestones cascade 
Hibernate: 
    drop table if exists milestones cascade 
13:10:13.729 [main] DEBUG org.hibernate.SQL - 
    drop table if exists projects cascade 
Hibernate: 
    drop table if exists projects cascade 
13:10:13.729 [main] DEBUG org.hibernate.SQL - 
    drop table if exists subsystems cascade 
Hibernate: 
    drop table if exists subsystems cascade 
13:10:13.729 [main] DEBUG org.hibernate.SQL - 
    drop table if exists subteams cascade 
Hibernate: 
    drop table if exists subteams cascade 
13:10:13.729 [main] DEBUG org.hibernate.SQL - 
    drop table if exists task_assignments cascade 
Hibernate: 
    drop table if exists task_assignments cascade 
13:10:13.729 [main] DEBUG org.hibernate.SQL - 
    drop table if exists task_components cascade 
Hibernate: 
    drop table if exists task_components cascade 
13:10:13.730 [main] DEBUG org.hibernate.SQL - 
    drop table if exists task_dependencies cascade 
Hibernate: 
    drop table if exists task_dependencies cascade 
13:10:13.730 [main] DEBUG org.hibernate.SQL - 
    drop table if exists tasks cascade 
Hibernate: 
    drop table if exists tasks cascade 
13:10:13.730 [main] DEBUG org.hibernate.SQL - 
    drop table if exists team_members cascade 
Hibernate: 
    drop table if exists team_members cascade 
13:10:13.731 [main] DEBUG org.hibernate.type.spi.TypeConfiguration$Scope - Un-scoping TypeConfiguration [org.hibernate.type.spi.TypeConfiguration$Scope@79ae2d13] from SessionFactory [org.hibernate.internal.SessionFactoryImpl@333ab718]
13:10:13.731 [main] DEBUG org.hibernate.service.internal.AbstractServiceRegistryImpl - Implicitly destroying ServiceRegistry on de-registration of all child ServiceRegistries
13:10:13.731 [main] INFO com.zaxxer.hikari.HikariDataSource - FRC-PM-HikariCP - Shutdown initiated...
13:10:13.731 [main] DEBUG com.zaxxer.hikari.pool.HikariPool - FRC-PM-HikariCP - Before shutdown stats (total=2, active=0, idle=2, waiting=0)
13:10:13.732 [FRC-PM-HikariCP connection closer] DEBUG com.zaxxer.hikari.pool.PoolBase - FRC-PM-HikariCP - Closing connection conn15: url=jdbc:h2:mem:testdb user=SA: (connection evicted)
13:10:13.732 [FRC-PM-HikariCP connection closer] DEBUG com.zaxxer.hikari.pool.PoolBase - FRC-PM-HikariCP - Closing connection conn19: url=jdbc:h2:mem:testdb user=SA: (connection evicted)
13:10:13.733 [main] DEBUG com.zaxxer.hikari.pool.HikariPool - FRC-PM-HikariCP - After shutdown stats (total=0, active=0, idle=0, waiting=0)
13:10:13.733 [main] INFO com.zaxxer.hikari.HikariDataSource - FRC-PM-HikariCP - Shutdown completed.
13:10:13.733 [main] DEBUG org.hibernate.boot.registry.internal.BootstrapServiceRegistryImpl - Implicitly destroying Boot-strap registry on de-registration of all child ServiceRegistries
13:10:13.733 [main] INFO com.zaxxer.hikari.HikariDataSource - frcpm-hikari-pool - Shutdown initiated...
13:10:13.733 [main] DEBUG com.zaxxer.hikari.pool.HikariPool - frcpm-hikari-pool - Before shutdown stats (total=5, active=0, idle=5, waiting=0)
13:10:13.734 [frcpm-hikari-pool connection closer] DEBUG com.zaxxer.hikari.pool.PoolBase - frcpm-hikari-pool - Closing connection conn14: url=jdbc:h2:mem:testdb user=SA: (connection evicted)
13:10:13.734 [frcpm-hikari-pool connection closer] DEBUG com.zaxxer.hikari.pool.PoolBase - frcpm-hikari-pool - Closing connection conn16: url=jdbc:h2:mem:testdb user=SA: (connection evicted)
13:10:13.734 [frcpm-hikari-pool connection closer] DEBUG com.zaxxer.hikari.pool.PoolBase - frcpm-hikari-pool - Closing connection conn17: url=jdbc:h2:mem:testdb user=SA: (connection evicted)
13:10:13.736 [frcpm-hikari-pool connection closer] DEBUG com.zaxxer.hikari.pool.PoolBase - frcpm-hikari-pool - Closing connection conn18: url=jdbc:h2:mem:testdb user=SA: (connection evicted)
13:10:13.736 [frcpm-hikari-pool connection closer] DEBUG com.zaxxer.hikari.pool.PoolBase - frcpm-hikari-pool - Closing connection conn20: url=jdbc:h2:mem:testdb user=SA: (connection evicted)
13:10:13.736 [main] DEBUG com.zaxxer.hikari.pool.HikariPool - frcpm-hikari-pool - After shutdown stats (total=0, active=0, idle=0, waiting=0)
13:10:13.736 [main] INFO com.zaxxer.hikari.HikariDataSource - frcpm-hikari-pool - Shutdown completed.
]]></system-out>
    <system-err><![CDATA[Apr 11, 2025 1:10:13 PM org.frcpm.config.DatabaseConfig initialize
INFO: Initializing database configuration...
Apr 11, 2025 1:10:13 PM org.frcpm.config.DatabaseConfig initialize
INFO: Using JDBC URL: jdbc:h2:mem:testdb;DB_CLOSE_DELAY=-1
Apr 11, 2025 1:10:13 PM org.frcpm.config.DatabaseConfig initialize
INFO: Database configuration initialized successfully
Apr 11, 2025 1:10:13 PM org.frcpm.config.DatabaseConfig shutdown
INFO: Database configuration shut down
]]></system-err>
  </testcase>
  <testcase name="testFindById" classname="org.frcpm.repositories.impl.JpaRepositoryImplTest" time="0.448">
    <system-out><![CDATA[13:10:13.741 [main] DEBUG com.zaxxer.hikari.HikariConfig - Driver class org.h2.Driver found in Thread context class loader jdk.internal.loader.ClassLoaders$AppClassLoader@70dea4e
13:10:13.741 [main] DEBUG com.zaxxer.hikari.HikariConfig - frcpm-hikari-pool - configuration:
13:10:13.742 [main] DEBUG com.zaxxer.hikari.HikariConfig - allowPoolSuspension.............false
13:10:13.742 [main] DEBUG com.zaxxer.hikari.HikariConfig - autoCommit......................true
13:10:13.742 [main] DEBUG com.zaxxer.hikari.HikariConfig - catalog.........................none
13:10:13.742 [main] DEBUG com.zaxxer.hikari.HikariConfig - connectionInitSql...............none
13:10:13.742 [main] DEBUG com.zaxxer.hikari.HikariConfig - connectionTestQuery.............none
13:10:13.742 [main] DEBUG com.zaxxer.hikari.HikariConfig - connectionTimeout...............30000
13:10:13.742 [main] DEBUG com.zaxxer.hikari.HikariConfig - dataSource......................none
13:10:13.742 [main] DEBUG com.zaxxer.hikari.HikariConfig - dataSourceClassName.............none
13:10:13.742 [main] DEBUG com.zaxxer.hikari.HikariConfig - dataSourceJNDI..................none
13:10:13.742 [main] DEBUG com.zaxxer.hikari.HikariConfig - dataSourceProperties............{password=<masked>}
13:10:13.742 [main] DEBUG com.zaxxer.hikari.HikariConfig - driverClassName................."org.h2.Driver"
13:10:13.742 [main] DEBUG com.zaxxer.hikari.HikariConfig - exceptionOverrideClassName......none
13:10:13.742 [main] DEBUG com.zaxxer.hikari.HikariConfig - healthCheckProperties...........{}
13:10:13.742 [main] DEBUG com.zaxxer.hikari.HikariConfig - healthCheckRegistry.............none
13:10:13.742 [main] DEBUG com.zaxxer.hikari.HikariConfig - idleTimeout.....................30000
13:10:13.742 [main] DEBUG com.zaxxer.hikari.HikariConfig - initializationFailTimeout.......1
13:10:13.742 [main] DEBUG com.zaxxer.hikari.HikariConfig - isolateInternalQueries..........false
13:10:13.742 [main] DEBUG com.zaxxer.hikari.HikariConfig - jdbcUrl.........................jdbc:h2:mem:testdb;DB_CLOSE_DELAY=-1
13:10:13.742 [main] DEBUG com.zaxxer.hikari.HikariConfig - keepaliveTime...................0
13:10:13.742 [main] DEBUG com.zaxxer.hikari.HikariConfig - leakDetectionThreshold..........0
13:10:13.742 [main] DEBUG com.zaxxer.hikari.HikariConfig - maxLifetime.....................1800000
13:10:13.742 [main] DEBUG com.zaxxer.hikari.HikariConfig - maximumPoolSize.................10
13:10:13.742 [main] DEBUG com.zaxxer.hikari.HikariConfig - metricRegistry..................none
13:10:13.742 [main] DEBUG com.zaxxer.hikari.HikariConfig - metricsTrackerFactory...........none
13:10:13.742 [main] DEBUG com.zaxxer.hikari.HikariConfig - minimumIdle.....................5
13:10:13.742 [main] DEBUG com.zaxxer.hikari.HikariConfig - password........................<masked>
13:10:13.742 [main] DEBUG com.zaxxer.hikari.HikariConfig - poolName........................"frcpm-hikari-pool"
13:10:13.742 [main] DEBUG com.zaxxer.hikari.HikariConfig - readOnly........................false
13:10:13.742 [main] DEBUG com.zaxxer.hikari.HikariConfig - registerMbeans..................false
13:10:13.742 [main] DEBUG com.zaxxer.hikari.HikariConfig - scheduledExecutor...............none
13:10:13.742 [main] DEBUG com.zaxxer.hikari.HikariConfig - schema..........................none
13:10:13.742 [main] DEBUG com.zaxxer.hikari.HikariConfig - threadFactory...................internal
13:10:13.742 [main] DEBUG com.zaxxer.hikari.HikariConfig - transactionIsolation............default
13:10:13.742 [main] DEBUG com.zaxxer.hikari.HikariConfig - username........................"sa"
13:10:13.742 [main] DEBUG com.zaxxer.hikari.HikariConfig - validationTimeout...............5000
13:10:13.742 [main] INFO com.zaxxer.hikari.HikariDataSource - frcpm-hikari-pool - Starting...
13:10:13.743 [main] INFO com.zaxxer.hikari.pool.HikariPool - frcpm-hikari-pool - Added connection conn21: url=jdbc:h2:mem:testdb user=SA
13:10:13.743 [main] INFO com.zaxxer.hikari.HikariDataSource - frcpm-hikari-pool - Start completed.
13:10:13.749 [main] DEBUG org.hibernate.jpa.HibernatePersistenceProvider - Located and parsed 1 persistence units; checking each
13:10:13.749 [main] DEBUG org.hibernate.jpa.HibernatePersistenceProvider - Checking persistence-unit [name=frcpm, explicit-provider=org.hibernate.jpa.HibernatePersistenceProvider] against incoming persistence unit name [frcpm]
13:10:13.749 [main] DEBUG org.hibernate.jpa.boot.spi.ProviderChecker - Persistence-unit [frcpm] requested PersistenceProvider [org.hibernate.jpa.HibernatePersistenceProvider]
13:10:13.749 [main] DEBUG org.hibernate.jpa.internal.util.LogHelper - PersistenceUnitInfo [
	name: frcpm
	persistence provider classname: org.hibernate.jpa.HibernatePersistenceProvider
	classloader: null
	excludeUnlistedClasses: false
	JTA datasource: null
	Non JTA datasource: null
	Transaction type: RESOURCE_LOCAL
	PU root URL: file:/C:/Users/dhiebert/Local%20Repositories/Project%20Management%202.0/target/classes
	Shared Cache Mode: null
	Validation Mode: null
	Jar files URLs []
	Managed classes names [
		org.frcpm.models.Project
		org.frcpm.models.Subteam
		org.frcpm.models.TeamMember
		org.frcpm.models.Subsystem
		org.frcpm.models.Task
		org.frcpm.models.Component
		org.frcpm.models.Meeting
		org.frcpm.models.Attendance
		org.frcpm.models.Milestone]
	Mapping files names []
	Properties [
		hibernate.connection.handling_mode: DELAYED_ACQUISITION_AND_RELEASE_AFTER_STATEMENT
		jakarta.persistence.jdbc.url: jdbc:h2:mem:testdb;DB_CLOSE_DELAY=-1
		hibernate.jdbc.batch_versioned_data: true
		hibernate.cache.use_second_level_cache: false
		hibernate.show_sql: true
		jakarta.persistence.jdbc.driver: org.h2.Driver
		hibernate.jdbc.batch_size: 30
		jakarta.persistence.jdbc.user: sa
		hibernate.generate_statistics: false
		hibernate.hbm2ddl.auto: create-drop
		hibernate.cache.use_query_cache: false
		hibernate.hikari.maximumPoolSize: 10
		hibernate.hikari.idleTimeout: 30000
		hibernate.format_sql: true
		hibernate.hikari.minimumIdle: 2
		hibernate.use_sql_comments: true
		hibernate.order_inserts: true
		hibernate.current_session_context_class: thread
		hibernate.connection.provider_class: org.hibernate.hikaricp.internal.HikariCPConnectionProvider
		hibernate.hikari.connectionTimeout: 10000
		hibernate.hikari.poolName: FRC-PM-HikariCP
		hibernate.order_updates: true
		hibernate.dialect: org.hibernate.dialect.H2Dialect
		jakarta.persistence.jdbc.password: ]
13:10:13.749 [main] DEBUG org.hibernate.integrator.internal.IntegratorServiceImpl - Adding Integrator [org.hibernate.boot.beanvalidation.BeanValidationIntegrator].
13:10:13.749 [main] DEBUG org.hibernate.integrator.internal.IntegratorServiceImpl - Adding Integrator [org.hibernate.cache.internal.CollectionCacheInvalidator].
13:10:13.759 [main] DEBUG org.hibernate.orm.idgen.factory - Ignoring CDI for resolving IdentifierGenerator instances as extended or delayed CDI support was enabled
13:10:13.760 [main] DEBUG org.hibernate.orm.idgen.factory - Registering IdentifierGenerator strategy [uuid2] -> [org.hibernate.id.UUIDGenerator]
13:10:13.760 [main] DEBUG org.hibernate.orm.idgen.factory - Registering IdentifierGenerator strategy [guid] -> [org.hibernate.id.GUIDGenerator]
13:10:13.760 [main] DEBUG org.hibernate.orm.idgen.factory - Registering IdentifierGenerator strategy [uuid] -> [org.hibernate.id.UUIDHexGenerator]
13:10:13.760 [main] DEBUG org.hibernate.orm.idgen.factory - Registering IdentifierGenerator strategy [uuid.hex] -> [org.hibernate.id.UUIDHexGenerator]
13:10:13.760 [main] DEBUG org.hibernate.orm.idgen.factory - Registering IdentifierGenerator strategy [assigned] -> [org.hibernate.id.Assigned]
13:10:13.760 [main] DEBUG org.hibernate.orm.idgen.factory - Registering IdentifierGenerator strategy [identity] -> [org.hibernate.id.IdentityGenerator]
13:10:13.760 [main] DEBUG org.hibernate.orm.idgen.factory - Registering IdentifierGenerator strategy [select] -> [org.hibernate.id.SelectGenerator]
13:10:13.760 [main] DEBUG org.hibernate.orm.idgen.factory - Registering IdentifierGenerator strategy [sequence] -> [org.hibernate.id.enhanced.SequenceStyleGenerator]
13:10:13.760 [main] DEBUG org.hibernate.orm.idgen.factory - Registering IdentifierGenerator strategy [increment] -> [org.hibernate.id.IncrementGenerator]
13:10:13.760 [main] DEBUG org.hibernate.orm.idgen.factory - Registering IdentifierGenerator strategy [foreign] -> [org.hibernate.id.ForeignGenerator]
13:10:13.760 [main] DEBUG org.hibernate.orm.idgen.factory - Registering IdentifierGenerator strategy [enhanced-sequence] -> [org.hibernate.id.enhanced.SequenceStyleGenerator]
13:10:13.760 [main] DEBUG org.hibernate.orm.idgen.factory - Registering IdentifierGenerator strategy [enhanced-table] -> [org.hibernate.id.enhanced.TableGenerator]
13:10:13.760 [main] INFO org.hibernate.cache.internal.RegionFactoryInitiator - HHH000026: Second-level cache disabled
13:10:13.760 [main] DEBUG org.hibernate.type.BasicTypeRegistry - Adding type registration boolean -> org.hibernate.type.BasicTypeReference@26f46fa6
13:10:13.760 [main] DEBUG org.hibernate.type.BasicTypeRegistry - Adding type registration boolean -> org.hibernate.type.BasicTypeReference@26f46fa6
13:10:13.760 [main] DEBUG org.hibernate.type.BasicTypeRegistry - Adding type registration java.lang.Boolean -> org.hibernate.type.BasicTypeReference@26f46fa6
13:10:13.760 [main] DEBUG org.hibernate.type.BasicTypeRegistry - Adding type registration numeric_boolean -> org.hibernate.type.BasicTypeReference@227a47
13:10:13.760 [main] DEBUG org.hibernate.type.BasicTypeRegistry - Adding type registration org.hibernate.type.NumericBooleanConverter -> org.hibernate.type.BasicTypeReference@227a47
13:10:13.760 [main] DEBUG org.hibernate.type.BasicTypeRegistry - Adding type registration true_false -> org.hibernate.type.BasicTypeReference@9596ce8
13:10:13.760 [main] DEBUG org.hibernate.type.BasicTypeRegistry - Adding type registration org.hibernate.type.TrueFalseConverter -> org.hibernate.type.BasicTypeReference@9596ce8
13:10:13.760 [main] DEBUG org.hibernate.type.BasicTypeRegistry - Adding type registration yes_no -> org.hibernate.type.BasicTypeReference@75ae4a1f
13:10:13.760 [main] DEBUG org.hibernate.type.BasicTypeRegistry - Adding type registration org.hibernate.type.YesNoConverter -> org.hibernate.type.BasicTypeReference@75ae4a1f
13:10:13.760 [main] DEBUG org.hibernate.type.BasicTypeRegistry - Adding type registration byte -> org.hibernate.type.BasicTypeReference@70228253
13:10:13.760 [main] DEBUG org.hibernate.type.BasicTypeRegistry - Adding type registration byte -> org.hibernate.type.BasicTypeReference@70228253
13:10:13.760 [main] DEBUG org.hibernate.type.BasicTypeRegistry - Adding type registration java.lang.Byte -> org.hibernate.type.BasicTypeReference@70228253
13:10:13.760 [main] DEBUG org.hibernate.type.BasicTypeRegistry - Adding type registration binary -> org.hibernate.type.BasicTypeReference@63c12e52
13:10:13.760 [main] DEBUG org.hibernate.type.BasicTypeRegistry - Adding type registration byte[] -> org.hibernate.type.BasicTypeReference@63c12e52
13:10:13.760 [main] DEBUG org.hibernate.type.BasicTypeRegistry - Adding type registration [B -> org.hibernate.type.BasicTypeReference@63c12e52
13:10:13.760 [main] DEBUG org.hibernate.type.BasicTypeRegistry - Adding type registration binary_wrapper -> org.hibernate.type.BasicTypeReference@21bd20ee
13:10:13.760 [main] DEBUG org.hibernate.type.BasicTypeRegistry - Adding type registration wrapper-binary -> org.hibernate.type.BasicTypeReference@21bd20ee
13:10:13.760 [main] DEBUG org.hibernate.type.BasicTypeRegistry - Adding type registration image -> org.hibernate.type.BasicTypeReference@26c47874
13:10:13.760 [main] DEBUG org.hibernate.type.BasicTypeRegistry - Adding type registration blob -> org.hibernate.type.BasicTypeReference@421056e5
13:10:13.760 [main] DEBUG org.hibernate.type.BasicTypeRegistry - Adding type registration java.sql.Blob -> org.hibernate.type.BasicTypeReference@421056e5
13:10:13.760 [main] DEBUG org.hibernate.type.BasicTypeRegistry - Adding type registration materialized_blob -> org.hibernate.type.BasicTypeReference@2849434b
13:10:13.760 [main] DEBUG org.hibernate.type.BasicTypeRegistry - Adding type registration materialized_blob_wrapper -> org.hibernate.type.BasicTypeReference@60bbacfc
13:10:13.760 [main] DEBUG org.hibernate.type.BasicTypeRegistry - Adding type registration short -> org.hibernate.type.BasicTypeReference@65b97f47
13:10:13.760 [main] DEBUG org.hibernate.type.BasicTypeRegistry - Adding type registration short -> org.hibernate.type.BasicTypeReference@65b97f47
13:10:13.760 [main] DEBUG org.hibernate.type.BasicTypeRegistry - Adding type registration java.lang.Short -> org.hibernate.type.BasicTypeReference@65b97f47
13:10:13.760 [main] DEBUG org.hibernate.type.BasicTypeRegistry - Adding type registration integer -> org.hibernate.type.BasicTypeReference@255eaa6b
13:10:13.760 [main] DEBUG org.hibernate.type.BasicTypeRegistry - Adding type registration int -> org.hibernate.type.BasicTypeReference@255eaa6b
13:10:13.760 [main] DEBUG org.hibernate.type.BasicTypeRegistry - Adding type registration java.lang.Integer -> org.hibernate.type.BasicTypeReference@255eaa6b
13:10:13.761 [main] DEBUG org.hibernate.type.BasicTypeRegistry - Adding type registration long -> org.hibernate.type.BasicTypeReference@476fe690
13:10:13.761 [main] DEBUG org.hibernate.type.BasicTypeRegistry - Adding type registration long -> org.hibernate.type.BasicTypeReference@476fe690
13:10:13.761 [main] DEBUG org.hibernate.type.BasicTypeRegistry - Adding type registration java.lang.Long -> org.hibernate.type.BasicTypeReference@476fe690
13:10:13.761 [main] DEBUG org.hibernate.type.BasicTypeRegistry - Adding type registration float -> org.hibernate.type.BasicTypeReference@7a0e7ecd
13:10:13.761 [main] DEBUG org.hibernate.type.BasicTypeRegistry - Adding type registration float -> org.hibernate.type.BasicTypeReference@7a0e7ecd
13:10:13.761 [main] DEBUG org.hibernate.type.BasicTypeRegistry - Adding type registration java.lang.Float -> org.hibernate.type.BasicTypeReference@7a0e7ecd
13:10:13.761 [main] DEBUG org.hibernate.type.BasicTypeRegistry - Adding type registration double -> org.hibernate.type.BasicTypeReference@54e3658c
13:10:13.761 [main] DEBUG org.hibernate.type.BasicTypeRegistry - Adding type registration double -> org.hibernate.type.BasicTypeReference@54e3658c
13:10:13.761 [main] DEBUG org.hibernate.type.BasicTypeRegistry - Adding type registration java.lang.Double -> org.hibernate.type.BasicTypeReference@54e3658c
13:10:13.761 [main] DEBUG org.hibernate.type.BasicTypeRegistry - Adding type registration big_integer -> org.hibernate.type.BasicTypeReference@43e9089
13:10:13.761 [main] DEBUG org.hibernate.type.BasicTypeRegistry - Adding type registration java.math.BigInteger -> org.hibernate.type.BasicTypeReference@43e9089
13:10:13.761 [main] DEBUG org.hibernate.type.BasicTypeRegistry - Adding type registration big_decimal -> org.hibernate.type.BasicTypeReference@3c5dbdf8
13:10:13.761 [main] DEBUG org.hibernate.type.BasicTypeRegistry - Adding type registration java.math.BigDecimal -> org.hibernate.type.BasicTypeReference@3c5dbdf8
13:10:13.761 [main] DEBUG org.hibernate.type.BasicTypeRegistry - Adding type registration character -> org.hibernate.type.BasicTypeReference@352c44a8
13:10:13.761 [main] DEBUG org.hibernate.type.BasicTypeRegistry - Adding type registration char -> org.hibernate.type.BasicTypeReference@352c44a8
13:10:13.761 [main] DEBUG org.hibernate.type.BasicTypeRegistry - Adding type registration java.lang.Character -> org.hibernate.type.BasicTypeReference@352c44a8
13:10:13.761 [main] DEBUG org.hibernate.type.BasicTypeRegistry - Adding type registration character_nchar -> org.hibernate.type.BasicTypeReference@7aac8884
13:10:13.761 [main] DEBUG org.hibernate.type.BasicTypeRegistry - Adding type registration string -> org.hibernate.type.BasicTypeReference@a66e580
13:10:13.761 [main] DEBUG org.hibernate.type.BasicTypeRegistry - Adding type registration java.lang.String -> org.hibernate.type.BasicTypeReference@a66e580
13:10:13.761 [main] DEBUG org.hibernate.type.BasicTypeRegistry - Adding type registration nstring -> org.hibernate.type.BasicTypeReference@5b852b49
13:10:13.761 [main] DEBUG org.hibernate.type.BasicTypeRegistry - Adding type registration characters -> org.hibernate.type.BasicTypeReference@cdb2d95
13:10:13.761 [main] DEBUG org.hibernate.type.BasicTypeRegistry - Adding type registration char[] -> org.hibernate.type.BasicTypeReference@cdb2d95
13:10:13.761 [main] DEBUG org.hibernate.type.BasicTypeRegistry - Adding type registration [C -> org.hibernate.type.BasicTypeReference@cdb2d95
13:10:13.761 [main] DEBUG org.hibernate.type.BasicTypeRegistry - Adding type registration wrapper-characters -> org.hibernate.type.BasicTypeReference@122d6c22
13:10:13.761 [main] DEBUG org.hibernate.type.BasicTypeRegistry - Adding type registration text -> org.hibernate.type.BasicTypeReference@2f5ac102
13:10:13.761 [main] DEBUG org.hibernate.type.BasicTypeRegistry - Adding type registration ntext -> org.hibernate.type.BasicTypeReference@5df778c3
13:10:13.761 [main] DEBUG org.hibernate.type.BasicTypeRegistry - Adding type registration clob -> org.hibernate.type.BasicTypeReference@895416d
13:10:13.761 [main] DEBUG org.hibernate.type.BasicTypeRegistry - Adding type registration java.sql.Clob -> org.hibernate.type.BasicTypeReference@895416d
13:10:13.761 [main] DEBUG org.hibernate.type.BasicTypeRegistry - Adding type registration nclob -> org.hibernate.type.BasicTypeReference@71a06021
13:10:13.761 [main] DEBUG org.hibernate.type.BasicTypeRegistry - Adding type registration java.sql.NClob -> org.hibernate.type.BasicTypeReference@71a06021
13:10:13.761 [main] DEBUG org.hibernate.type.BasicTypeRegistry - Adding type registration materialized_clob -> org.hibernate.type.BasicTypeReference@80bfdc6
13:10:13.761 [main] DEBUG org.hibernate.type.BasicTypeRegistry - Adding type registration materialized_clob_char_array -> org.hibernate.type.BasicTypeReference@6edcad64
13:10:13.761 [main] DEBUG org.hibernate.type.BasicTypeRegistry - Adding type registration materialized_clob_character_array -> org.hibernate.type.BasicTypeReference@4c6007fb
13:10:13.761 [main] DEBUG org.hibernate.type.BasicTypeRegistry - Adding type registration materialized_nclob -> org.hibernate.type.BasicTypeReference@3e33d73e
13:10:13.761 [main] DEBUG org.hibernate.type.BasicTypeRegistry - Adding type registration materialized_nclob_character_array -> org.hibernate.type.BasicTypeReference@6981f8f3
13:10:13.761 [main] DEBUG org.hibernate.type.BasicTypeRegistry - Adding type registration materialized_nclob_char_array -> org.hibernate.type.BasicTypeReference@623dcf2a
13:10:13.761 [main] DEBUG org.hibernate.type.BasicTypeRegistry - Adding type registration Duration -> org.hibernate.type.BasicTypeReference@2eae4349
13:10:13.761 [main] DEBUG org.hibernate.type.BasicTypeRegistry - Adding type registration java.time.Duration -> org.hibernate.type.BasicTypeReference@2eae4349
13:10:13.761 [main] DEBUG org.hibernate.type.BasicTypeRegistry - Adding type registration LocalDateTime -> org.hibernate.type.BasicTypeReference@e84fb85
13:10:13.761 [main] DEBUG org.hibernate.type.BasicTypeRegistry - Adding type registration java.time.LocalDateTime -> org.hibernate.type.BasicTypeReference@e84fb85
13:10:13.761 [main] DEBUG org.hibernate.type.BasicTypeRegistry - Adding type registration LocalDate -> org.hibernate.type.BasicTypeReference@68a4dcc6
13:10:13.761 [main] DEBUG org.hibernate.type.BasicTypeRegistry - Adding type registration java.time.LocalDate -> org.hibernate.type.BasicTypeReference@68a4dcc6
13:10:13.761 [main] DEBUG org.hibernate.type.BasicTypeRegistry - Adding type registration LocalTime -> org.hibernate.type.BasicTypeReference@646c0a67
13:10:13.761 [main] DEBUG org.hibernate.type.BasicTypeRegistry - Adding type registration java.time.LocalTime -> org.hibernate.type.BasicTypeReference@646c0a67
13:10:13.761 [main] DEBUG org.hibernate.type.BasicTypeRegistry - Adding type registration OffsetDateTime -> org.hibernate.type.BasicTypeReference@3804a9a8
13:10:13.761 [main] DEBUG org.hibernate.type.BasicTypeRegistry - Adding type registration java.time.OffsetDateTime -> org.hibernate.type.BasicTypeReference@3804a9a8
13:10:13.761 [main] DEBUG org.hibernate.type.BasicTypeRegistry - Adding type registration OffsetDateTimeWithTimezone -> org.hibernate.type.BasicTypeReference@117525fe
13:10:13.761 [main] DEBUG org.hibernate.type.BasicTypeRegistry - Adding type registration OffsetDateTimeWithoutTimezone -> org.hibernate.type.BasicTypeReference@5f7989fa
13:10:13.761 [main] DEBUG org.hibernate.type.BasicTypeRegistry - Adding type registration OffsetTime -> org.hibernate.type.BasicTypeReference@5bc28f40
13:10:13.761 [main] DEBUG org.hibernate.type.BasicTypeRegistry - Adding type registration java.time.OffsetTime -> org.hibernate.type.BasicTypeReference@5bc28f40
13:10:13.761 [main] DEBUG org.hibernate.type.BasicTypeRegistry - Adding type registration OffsetTimeUtc -> org.hibernate.type.BasicTypeReference@46963479
13:10:13.761 [main] DEBUG org.hibernate.type.BasicTypeRegistry - Adding type registration OffsetTimeWithTimezone -> org.hibernate.type.BasicTypeReference@7e74a380
13:10:13.761 [main] DEBUG org.hibernate.type.BasicTypeRegistry - Adding type registration OffsetTimeWithoutTimezone -> org.hibernate.type.BasicTypeReference@6dd1c3ed
13:10:13.761 [main] DEBUG org.hibernate.type.BasicTypeRegistry - Adding type registration ZonedDateTime -> org.hibernate.type.BasicTypeReference@22a6e998
13:10:13.761 [main] DEBUG org.hibernate.type.BasicTypeRegistry - Adding type registration java.time.ZonedDateTime -> org.hibernate.type.BasicTypeReference@22a6e998
13:10:13.761 [main] DEBUG org.hibernate.type.BasicTypeRegistry - Adding type registration ZonedDateTimeWithTimezone -> org.hibernate.type.BasicTypeReference@55e42449
13:10:13.761 [main] DEBUG org.hibernate.type.BasicTypeRegistry - Adding type registration ZonedDateTimeWithoutTimezone -> org.hibernate.type.BasicTypeReference@e57e5d6
13:10:13.761 [main] DEBUG org.hibernate.type.BasicTypeRegistry - Adding type registration date -> org.hibernate.type.BasicTypeReference@6dfa915a
13:10:13.761 [main] DEBUG org.hibernate.type.BasicTypeRegistry - Adding type registration java.sql.Date -> org.hibernate.type.BasicTypeReference@6dfa915a
13:10:13.761 [main] DEBUG org.hibernate.type.BasicTypeRegistry - Adding type registration time -> org.hibernate.type.BasicTypeReference@78054f54
13:10:13.761 [main] DEBUG org.hibernate.type.BasicTypeRegistry - Adding type registration java.sql.Time -> org.hibernate.type.BasicTypeReference@78054f54
13:10:13.761 [main] DEBUG org.hibernate.type.BasicTypeRegistry - Adding type registration timestamp -> org.hibernate.type.BasicTypeReference@cb7fa71
13:10:13.761 [main] DEBUG org.hibernate.type.BasicTypeRegistry - Adding type registration java.sql.Timestamp -> org.hibernate.type.BasicTypeReference@cb7fa71
13:10:13.761 [main] DEBUG org.hibernate.type.BasicTypeRegistry - Adding type registration java.util.Date -> org.hibernate.type.BasicTypeReference@cb7fa71
13:10:13.761 [main] DEBUG org.hibernate.type.BasicTypeRegistry - Adding type registration calendar -> org.hibernate.type.BasicTypeReference@3dffc764
13:10:13.761 [main] DEBUG org.hibernate.type.BasicTypeRegistry - Adding type registration java.util.Calendar -> org.hibernate.type.BasicTypeReference@3dffc764
13:10:13.761 [main] DEBUG org.hibernate.type.BasicTypeRegistry - Adding type registration java.util.GregorianCalendar -> org.hibernate.type.BasicTypeReference@3dffc764
13:10:13.761 [main] DEBUG org.hibernate.type.BasicTypeRegistry - Adding type registration calendar_date -> org.hibernate.type.BasicTypeReference@4b6e1c0
13:10:13.761 [main] DEBUG org.hibernate.type.BasicTypeRegistry - Adding type registration calendar_time -> org.hibernate.type.BasicTypeReference@561b61ed
13:10:13.761 [main] DEBUG org.hibernate.type.BasicTypeRegistry - Adding type registration instant -> org.hibernate.type.BasicTypeReference@654c7d2d
13:10:13.761 [main] DEBUG org.hibernate.type.BasicTypeRegistry - Adding type registration java.time.Instant -> org.hibernate.type.BasicTypeReference@654c7d2d
13:10:13.761 [main] DEBUG org.hibernate.type.BasicTypeRegistry - Adding type registration uuid -> org.hibernate.type.BasicTypeReference@26cb5207
13:10:13.761 [main] DEBUG org.hibernate.type.BasicTypeRegistry - Adding type registration java.util.UUID -> org.hibernate.type.BasicTypeReference@26cb5207
13:10:13.761 [main] DEBUG org.hibernate.type.BasicTypeRegistry - Adding type registration pg-uuid -> org.hibernate.type.BasicTypeReference@26cb5207
13:10:13.761 [main] DEBUG org.hibernate.type.BasicTypeRegistry - Adding type registration uuid-binary -> org.hibernate.type.BasicTypeReference@15400fff
13:10:13.761 [main] DEBUG org.hibernate.type.BasicTypeRegistry - Adding type registration uuid-char -> org.hibernate.type.BasicTypeReference@18d910b3
13:10:13.761 [main] DEBUG org.hibernate.type.BasicTypeRegistry - Adding type registration class -> org.hibernate.type.BasicTypeReference@1e7ab390
13:10:13.761 [main] DEBUG org.hibernate.type.BasicTypeRegistry - Adding type registration java.lang.Class -> org.hibernate.type.BasicTypeReference@1e7ab390
13:10:13.761 [main] DEBUG org.hibernate.type.BasicTypeRegistry - Adding type registration currency -> org.hibernate.type.BasicTypeReference@77774571
13:10:13.761 [main] DEBUG org.hibernate.type.BasicTypeRegistry - Adding type registration Currency -> org.hibernate.type.BasicTypeReference@77774571
13:10:13.761 [main] DEBUG org.hibernate.type.BasicTypeRegistry - Adding type registration java.util.Currency -> org.hibernate.type.BasicTypeReference@77774571
13:10:13.761 [main] DEBUG org.hibernate.type.BasicTypeRegistry - Adding type registration locale -> org.hibernate.type.BasicTypeReference@277b8fa4
13:10:13.761 [main] DEBUG org.hibernate.type.BasicTypeRegistry - Adding type registration java.util.Locale -> org.hibernate.type.BasicTypeReference@277b8fa4
13:10:13.761 [main] DEBUG org.hibernate.type.BasicTypeRegistry - Adding type registration serializable -> org.hibernate.type.BasicTypeReference@6cd64ee8
13:10:13.761 [main] DEBUG org.hibernate.type.BasicTypeRegistry - Adding type registration java.io.Serializable -> org.hibernate.type.BasicTypeReference@6cd64ee8
13:10:13.761 [main] DEBUG org.hibernate.type.BasicTypeRegistry - Adding type registration timezone -> org.hibernate.type.BasicTypeReference@620c8641
13:10:13.761 [main] DEBUG org.hibernate.type.BasicTypeRegistry - Adding type registration java.util.TimeZone -> org.hibernate.type.BasicTypeReference@620c8641
13:10:13.761 [main] DEBUG org.hibernate.type.BasicTypeRegistry - Adding type registration ZoneOffset -> org.hibernate.type.BasicTypeReference@2f1d0bbc
13:10:13.761 [main] DEBUG org.hibernate.type.BasicTypeRegistry - Adding type registration java.time.ZoneOffset -> org.hibernate.type.BasicTypeReference@2f1d0bbc
13:10:13.761 [main] DEBUG org.hibernate.type.BasicTypeRegistry - Adding type registration url -> org.hibernate.type.BasicTypeReference@5460b754
13:10:13.761 [main] DEBUG org.hibernate.type.BasicTypeRegistry - Adding type registration java.net.URL -> org.hibernate.type.BasicTypeReference@5460b754
13:10:13.761 [main] DEBUG org.hibernate.type.BasicTypeRegistry - Adding type registration vector -> org.hibernate.type.BasicTypeReference@a9f023e
13:10:13.761 [main] DEBUG org.hibernate.type.BasicTypeRegistry - Adding type registration row_version -> org.hibernate.type.BasicTypeReference@c27a3a2
13:10:13.761 [main] DEBUG org.hibernate.type.BasicTypeRegistry - Adding type registration object -> org.hibernate.type.JavaObjectType@28da7d11
13:10:13.761 [main] DEBUG org.hibernate.type.BasicTypeRegistry - Adding type registration java.lang.Object -> org.hibernate.type.JavaObjectType@28da7d11
13:10:13.761 [main] DEBUG org.hibernate.type.BasicTypeRegistry - Adding type registration null -> org.hibernate.type.NullType@4faa298
13:10:13.761 [main] DEBUG org.hibernate.type.BasicTypeRegistry - Adding type registration imm_date -> org.hibernate.type.BasicTypeReference@7a6433f3
13:10:13.761 [main] DEBUG org.hibernate.type.BasicTypeRegistry - Adding type registration imm_time -> org.hibernate.type.BasicTypeReference@78b906d
13:10:13.761 [main] DEBUG org.hibernate.type.BasicTypeRegistry - Adding type registration imm_timestamp -> org.hibernate.type.BasicTypeReference@330a6b76
13:10:13.761 [main] DEBUG org.hibernate.type.BasicTypeRegistry - Adding type registration imm_calendar -> org.hibernate.type.BasicTypeReference@34018757
13:10:13.761 [main] DEBUG org.hibernate.type.BasicTypeRegistry - Adding type registration imm_calendar_date -> org.hibernate.type.BasicTypeReference@6f21c18f
13:10:13.761 [main] DEBUG org.hibernate.type.BasicTypeRegistry - Adding type registration imm_calendar_time -> org.hibernate.type.BasicTypeReference@34723cfe
13:10:13.761 [main] DEBUG org.hibernate.type.BasicTypeRegistry - Adding type registration imm_binary -> org.hibernate.type.BasicTypeReference@54c3b0dd
13:10:13.761 [main] DEBUG org.hibernate.type.BasicTypeRegistry - Adding type registration imm_serializable -> org.hibernate.type.BasicTypeReference@6c40ae2d
13:10:13.763 [main] DEBUG org.hibernate.boot.internal.BootstrapContextImpl - Injecting ScanEnvironment [org.hibernate.jpa.boot.internal.StandardJpaScanEnvironmentImpl@d0c3793] into BootstrapContext; was [null]
13:10:13.763 [main] DEBUG org.hibernate.boot.internal.BootstrapContextImpl - Injecting ScanOptions [org.hibernate.boot.archive.scan.internal.StandardScanOptions@283c6f00] into BootstrapContext; was [org.hibernate.boot.archive.scan.internal.StandardScanOptions@61b06782]
13:10:13.824 [main] DEBUG org.hibernate.boot.internal.BootstrapContextImpl - Injecting JPA temp ClassLoader [null] into BootstrapContext; was [null]
13:10:13.824 [main] DEBUG org.hibernate.boot.internal.ClassLoaderAccessImpl - ClassLoaderAccessImpl#injectTempClassLoader(null) [was null]
13:10:13.825 [main] INFO org.hibernate.engine.jdbc.connections.internal.ConnectionProviderInitiator - HHH000130: Instantiating explicit connection provider: org.hibernate.hikaricp.internal.HikariCPConnectionProvider
13:10:13.825 [main] DEBUG org.hibernate.hikaricp.internal.HikariCPConnectionProvider - Configuring HikariCP
13:10:13.825 [main] DEBUG com.zaxxer.hikari.HikariConfig - Driver class org.h2.Driver found in Thread context class loader jdk.internal.loader.ClassLoaders$AppClassLoader@70dea4e
13:10:13.825 [main] DEBUG com.zaxxer.hikari.HikariConfig - FRC-PM-HikariCP - configuration:
13:10:13.825 [main] DEBUG com.zaxxer.hikari.HikariConfig - allowPoolSuspension.............false
13:10:13.825 [main] DEBUG com.zaxxer.hikari.HikariConfig - autoCommit......................true
13:10:13.825 [main] DEBUG com.zaxxer.hikari.HikariConfig - catalog.........................none
13:10:13.825 [main] DEBUG com.zaxxer.hikari.HikariConfig - connectionInitSql...............none
13:10:13.825 [main] DEBUG com.zaxxer.hikari.HikariConfig - connectionTestQuery.............none
13:10:13.825 [main] DEBUG com.zaxxer.hikari.HikariConfig - connectionTimeout...............10000
13:10:13.825 [main] DEBUG com.zaxxer.hikari.HikariConfig - dataSource......................none
13:10:13.825 [main] DEBUG com.zaxxer.hikari.HikariConfig - dataSourceClassName.............none
13:10:13.825 [main] DEBUG com.zaxxer.hikari.HikariConfig - dataSourceJNDI..................none
13:10:13.825 [main] DEBUG com.zaxxer.hikari.HikariConfig - dataSourceProperties............{password=<masked>}
13:10:13.825 [main] DEBUG com.zaxxer.hikari.HikariConfig - driverClassName................."org.h2.Driver"
13:10:13.825 [main] DEBUG com.zaxxer.hikari.HikariConfig - exceptionOverrideClassName......none
13:10:13.825 [main] DEBUG com.zaxxer.hikari.HikariConfig - healthCheckProperties...........{}
13:10:13.825 [main] DEBUG com.zaxxer.hikari.HikariConfig - healthCheckRegistry.............none
13:10:13.825 [main] DEBUG com.zaxxer.hikari.HikariConfig - idleTimeout.....................30000
13:10:13.825 [main] DEBUG com.zaxxer.hikari.HikariConfig - initializationFailTimeout.......1
13:10:13.826 [main] DEBUG com.zaxxer.hikari.HikariConfig - isolateInternalQueries..........false
13:10:13.826 [main] DEBUG com.zaxxer.hikari.HikariConfig - jdbcUrl.........................jdbc:h2:mem:testdb;DB_CLOSE_DELAY=-1
13:10:13.826 [main] DEBUG com.zaxxer.hikari.HikariConfig - keepaliveTime...................0
13:10:13.826 [main] DEBUG com.zaxxer.hikari.HikariConfig - leakDetectionThreshold..........0
13:10:13.826 [main] DEBUG com.zaxxer.hikari.HikariConfig - maxLifetime.....................1800000
13:10:13.826 [main] DEBUG com.zaxxer.hikari.HikariConfig - maximumPoolSize.................10
13:10:13.826 [main] DEBUG com.zaxxer.hikari.HikariConfig - metricRegistry..................none
13:10:13.826 [main] DEBUG com.zaxxer.hikari.HikariConfig - metricsTrackerFactory...........none
13:10:13.826 [main] DEBUG com.zaxxer.hikari.HikariConfig - minimumIdle.....................2
13:10:13.826 [main] DEBUG com.zaxxer.hikari.HikariConfig - password........................<masked>
13:10:13.826 [main] DEBUG com.zaxxer.hikari.HikariConfig - poolName........................"FRC-PM-HikariCP"
13:10:13.826 [main] DEBUG com.zaxxer.hikari.HikariConfig - readOnly........................false
13:10:13.826 [main] DEBUG com.zaxxer.hikari.HikariConfig - registerMbeans..................false
13:10:13.826 [main] DEBUG com.zaxxer.hikari.HikariConfig - scheduledExecutor...............none
13:10:13.826 [main] DEBUG com.zaxxer.hikari.HikariConfig - schema..........................none
13:10:13.826 [main] DEBUG com.zaxxer.hikari.HikariConfig - threadFactory...................internal
13:10:13.826 [main] DEBUG com.zaxxer.hikari.HikariConfig - transactionIsolation............default
13:10:13.826 [main] DEBUG com.zaxxer.hikari.HikariConfig - username........................"sa"
13:10:13.826 [main] DEBUG com.zaxxer.hikari.HikariConfig - validationTimeout...............5000
13:10:13.826 [main] INFO com.zaxxer.hikari.HikariDataSource - FRC-PM-HikariCP - Starting...
13:10:13.826 [main] INFO com.zaxxer.hikari.pool.HikariPool - FRC-PM-HikariCP - Added connection conn22: url=jdbc:h2:mem:testdb user=SA
13:10:13.827 [main] INFO com.zaxxer.hikari.HikariDataSource - FRC-PM-HikariCP - Start completed.
13:10:13.827 [main] DEBUG org.hibernate.hikaricp.internal.HikariCPConnectionProvider - HikariCP Configured
13:10:13.827 [main] DEBUG org.hibernate.engine.jdbc.env.internal.JdbcEnvironmentInitiator - Database ->
	   name : H2
	version : 2.2.224 (2023-09-17)
	  major : 2
	  minor : 2
13:10:13.827 [main] DEBUG org.hibernate.engine.jdbc.env.internal.JdbcEnvironmentInitiator - Driver ->
	   name : H2 JDBC Driver
	version : 2.2.224 (2023-09-17)
	  major : 2
	  minor : 2
13:10:13.827 [main] DEBUG org.hibernate.engine.jdbc.env.internal.JdbcEnvironmentInitiator - JDBC version : 4.2
13:10:13.827 [main] WARN org.hibernate.orm.deprecation - HHH90000025: H2Dialect does not need to be specified explicitly using 'hibernate.dialect' (remove the property setting and it will be selected by default)
13:10:13.827 [main] DEBUG org.hibernate.orm.dialect - HHH035001: Using dialect: org.hibernate.dialect.H2Dialect, version: 2.2.224
13:10:13.827 [main] DEBUG org.hibernate.engine.jdbc.env.spi.IdentifierHelperBuilder - JDBC driver metadata reported database stores quoted identifiers in neither upper, lower nor mixed case
13:10:13.827 [main] DEBUG org.hibernate.type.descriptor.jdbc.spi.JdbcTypeRegistry - addDescriptor(NCharTypeDescriptor) replaced previous registration(CharTypeDescriptor)
13:10:13.827 [main] DEBUG org.hibernate.type.descriptor.jdbc.spi.JdbcTypeRegistry - addDescriptor(NVarcharTypeDescriptor) replaced previous registration(VarcharTypeDescriptor)
13:10:13.827 [main] DEBUG org.hibernate.type.descriptor.jdbc.spi.JdbcTypeRegistry - addDescriptor(LongNVarcharTypeDescriptor) replaced previous registration(LongVarcharTypeDescriptor)
13:10:13.827 [main] DEBUG org.hibernate.type.descriptor.jdbc.spi.JdbcTypeRegistry - addDescriptor(NClobTypeDescriptor(DEFAULT)) replaced previous registration(ClobTypeDescriptor(DEFAULT))
13:10:13.827 [main] DEBUG org.hibernate.type.descriptor.jdbc.spi.JdbcTypeRegistry - addDescriptor(2005, ClobTypeDescriptor(STREAM_BINDING)) replaced previous registration(ClobTypeDescriptor(DEFAULT))
13:10:13.827 [main] DEBUG org.hibernate.type.descriptor.jdbc.spi.JdbcTypeRegistry - addDescriptor(TimestampUtcDescriptor) replaced previous registration(TimestampUtcDescriptor)
13:10:13.827 [main] DEBUG org.hibernate.type.BasicTypeRegistry - Adding type registration org.hibernate.type.DurationType -> basicType@70(java.time.Duration,3015)
13:10:13.827 [main] DEBUG org.hibernate.type.BasicTypeRegistry - Adding type registration Duration -> basicType@70(java.time.Duration,3015)
13:10:13.827 [main] DEBUG org.hibernate.type.BasicTypeRegistry - Adding type registration java.time.Duration -> basicType@70(java.time.Duration,3015)
13:10:13.827 [main] DEBUG org.hibernate.type.spi.TypeConfiguration$Scope - Scoping TypeConfiguration [org.hibernate.type.spi.TypeConfiguration@1717238e] to MetadataBuildingContext [org.hibernate.boot.internal.MetadataBuildingContextRootImpl@6129f50e]
13:10:13.828 [main] DEBUG org.hibernate.boot.model.relational.Namespace - Created database namespace [logicalName=Name{catalog=null, schema=null}, physicalName=Name{catalog=null, schema=null}]
13:10:13.828 [main] DEBUG org.hibernate.boot.model.internal.EntityBinder - Binding entity from annotated class: org.frcpm.models.Attendance
13:10:13.828 [main] DEBUG org.hibernate.boot.model.internal.EntityBinder - Import with entity name Attendance
13:10:13.828 [main] DEBUG org.hibernate.boot.model.internal.EntityBinder - Bind entity org.frcpm.models.Attendance on table attendances
13:10:13.828 [main] DEBUG org.hibernate.boot.model.internal.AnnotatedColumn - Binding column: AnnotatedDiscriminatorColumn(column='DTYPE')
13:10:13.829 [main] DEBUG org.hibernate.boot.model.internal.AnnotatedColumn - Binding column: AnnotatedColumn()
13:10:13.829 [main] DEBUG org.hibernate.boot.internal.ClassLoaderAccessImpl - Not known whether passed class name [org.frcpm.models.Attendance] is safe
13:10:13.829 [main] DEBUG org.hibernate.boot.internal.ClassLoaderAccessImpl - No temp ClassLoader provided; using live ClassLoader for loading potentially unsafe class : org.frcpm.models.Attendance
13:10:13.829 [main] DEBUG org.hibernate.boot.model.internal.PropertyBinder - MetadataSourceProcessor property id with lazy=false
13:10:13.829 [main] DEBUG org.hibernate.boot.model.internal.AbstractPropertyHolder - Attempting to locate auto-apply AttributeConverter for property [org.frcpm.models.Attendance:id]
13:10:13.829 [main] DEBUG org.hibernate.boot.model.internal.BasicValueBinder - building BasicValue for id
13:10:13.829 [main] DEBUG org.hibernate.mapping.BasicValue - Skipping column re-registration: attendances.id
13:10:13.829 [main] DEBUG org.hibernate.boot.model.internal.PropertyBinder - Building property id
13:10:13.829 [main] DEBUG org.hibernate.boot.model.internal.BinderHelper - #makeIdGenerator(BasicValue([Column(id)]), id, identity, , ...)
13:10:13.829 [main] DEBUG org.hibernate.boot.model.internal.AnnotatedColumn - Binding column: AnnotatedColumn(column='arrival_time')
13:10:13.829 [main] DEBUG org.hibernate.boot.model.internal.PropertyBinder - MetadataSourceProcessor property arrivalTime with lazy=false
13:10:13.829 [main] DEBUG org.hibernate.boot.model.internal.AbstractPropertyHolder - Attempting to locate auto-apply AttributeConverter for property [org.frcpm.models.Attendance:arrivalTime]
13:10:13.829 [main] DEBUG org.hibernate.boot.model.internal.BasicValueBinder - building BasicValue for arrivalTime
13:10:13.829 [main] DEBUG org.hibernate.mapping.BasicValue - Skipping column re-registration: attendances.arrival_time
13:10:13.829 [main] DEBUG org.hibernate.boot.model.internal.PropertyBinder - Building property arrivalTime
13:10:13.829 [main] DEBUG org.hibernate.boot.model.internal.AnnotatedColumn - Binding column: AnnotatedColumn(column='departure_time')
13:10:13.829 [main] DEBUG org.hibernate.boot.model.internal.PropertyBinder - MetadataSourceProcessor property departureTime with lazy=false
13:10:13.829 [main] DEBUG org.hibernate.boot.model.internal.AbstractPropertyHolder - Attempting to locate auto-apply AttributeConverter for property [org.frcpm.models.Attendance:departureTime]
13:10:13.829 [main] DEBUG org.hibernate.boot.model.internal.BasicValueBinder - building BasicValue for departureTime
13:10:13.829 [main] DEBUG org.hibernate.mapping.BasicValue - Skipping column re-registration: attendances.departure_time
13:10:13.829 [main] DEBUG org.hibernate.boot.model.internal.PropertyBinder - Building property departureTime
13:10:13.829 [main] DEBUG org.hibernate.boot.model.internal.AnnotatedColumn - Binding column: AnnotatedJoinColumn(column='meeting_id')
13:10:13.829 [main] DEBUG org.hibernate.boot.model.internal.AnnotatedColumn - Binding column: AnnotatedColumn()
13:10:13.830 [main] DEBUG org.hibernate.boot.model.internal.PropertyBinder - Building property meeting
13:10:13.830 [main] DEBUG org.hibernate.boot.model.internal.AnnotatedColumn - Binding column: AnnotatedJoinColumn(column='member_id')
13:10:13.830 [main] DEBUG org.hibernate.boot.model.internal.AnnotatedColumn - Binding column: AnnotatedColumn()
13:10:13.830 [main] DEBUG org.hibernate.boot.model.internal.PropertyBinder - Building property member
13:10:13.830 [main] DEBUG org.hibernate.boot.model.internal.AnnotatedColumn - Binding column: AnnotatedColumn(column='present')
13:10:13.830 [main] DEBUG org.hibernate.boot.model.internal.PropertyBinder - MetadataSourceProcessor property present with lazy=false
13:10:13.830 [main] DEBUG org.hibernate.boot.model.internal.AbstractPropertyHolder - Attempting to locate auto-apply AttributeConverter for property [org.frcpm.models.Attendance:present]
13:10:13.830 [main] DEBUG org.hibernate.boot.model.internal.BasicValueBinder - building BasicValue for present
13:10:13.830 [main] DEBUG org.hibernate.mapping.BasicValue - Skipping column re-registration: attendances.present
13:10:13.830 [main] DEBUG org.hibernate.boot.model.internal.PropertyBinder - Building property present
13:10:13.830 [main] DEBUG org.hibernate.boot.registry.classloading.internal.ClassLoaderServiceImpl - HHH000194: Package not found or no package-info.java: org.frcpm.models
13:10:13.831 [main] DEBUG org.hibernate.boot.model.internal.EntityBinder - Binding entity from annotated class: org.frcpm.models.Meeting
13:10:13.831 [main] DEBUG org.hibernate.boot.model.internal.EntityBinder - Import with entity name Meeting
13:10:13.831 [main] DEBUG org.hibernate.boot.model.internal.EntityBinder - Bind entity org.frcpm.models.Meeting on table meetings
13:10:13.831 [main] DEBUG org.hibernate.boot.model.internal.AnnotatedColumn - Binding column: AnnotatedDiscriminatorColumn(column='DTYPE')
13:10:13.832 [main] DEBUG org.hibernate.boot.model.internal.AnnotatedColumn - Binding column: AnnotatedColumn()
13:10:13.832 [main] DEBUG org.hibernate.boot.internal.ClassLoaderAccessImpl - Not known whether passed class name [org.frcpm.models.Meeting] is safe
13:10:13.832 [main] DEBUG org.hibernate.boot.internal.ClassLoaderAccessImpl - No temp ClassLoader provided; using live ClassLoader for loading potentially unsafe class : org.frcpm.models.Meeting
13:10:13.832 [main] DEBUG org.hibernate.boot.model.internal.PropertyBinder - MetadataSourceProcessor property id with lazy=false
13:10:13.832 [main] DEBUG org.hibernate.boot.model.internal.AbstractPropertyHolder - Attempting to locate auto-apply AttributeConverter for property [org.frcpm.models.Meeting:id]
13:10:13.832 [main] DEBUG org.hibernate.boot.model.internal.BasicValueBinder - building BasicValue for id
13:10:13.832 [main] DEBUG org.hibernate.mapping.BasicValue - Skipping column re-registration: meetings.id
13:10:13.832 [main] DEBUG org.hibernate.boot.model.internal.PropertyBinder - Building property id
13:10:13.832 [main] DEBUG org.hibernate.boot.model.internal.BinderHelper - #makeIdGenerator(BasicValue([Column(id)]), id, identity, , ...)
13:10:13.832 [main] DEBUG org.hibernate.boot.model.internal.AnnotatedColumn - Binding column: AnnotatedJoinColumn()
13:10:13.832 [main] DEBUG org.hibernate.boot.model.internal.AnnotatedColumn - Binding column: AnnotatedColumn()
13:10:13.832 [main] DEBUG org.hibernate.boot.model.internal.AnnotatedColumn - Binding column: IndexColumn(column='attendances_ORDER')
13:10:13.832 [main] DEBUG org.hibernate.boot.model.internal.AnnotatedColumn - Binding column: AnnotatedColumn()
13:10:13.832 [main] DEBUG org.hibernate.boot.model.internal.AnnotatedColumn - Binding column: AnnotatedColumn(column='attendances_KEY')
13:10:13.832 [main] DEBUG org.hibernate.boot.model.internal.AnnotatedColumn - Binding column: AnnotatedJoinColumn(column='attendances_KEY')
13:10:13.832 [main] DEBUG org.hibernate.boot.model.internal.AnnotatedColumn - Binding column: AnnotatedJoinColumn()
13:10:13.832 [main] DEBUG org.hibernate.boot.model.internal.AnnotatedColumn - Binding column: AnnotatedJoinColumn()
13:10:13.832 [main] DEBUG org.hibernate.boot.model.internal.CollectionBinder - Collection role: org.frcpm.models.Meeting.attendances
13:10:13.832 [main] DEBUG org.hibernate.boot.model.internal.PropertyBinder - Building property attendances
13:10:13.832 [main] DEBUG org.hibernate.boot.model.internal.AnnotatedColumn - Binding column: AnnotatedColumn(column='date')
13:10:13.832 [main] DEBUG org.hibernate.boot.model.internal.PropertyBinder - MetadataSourceProcessor property date with lazy=false
13:10:13.832 [main] DEBUG org.hibernate.boot.model.internal.AbstractPropertyHolder - Attempting to locate auto-apply AttributeConverter for property [org.frcpm.models.Meeting:date]
13:10:13.832 [main] DEBUG org.hibernate.boot.model.internal.BasicValueBinder - building BasicValue for date
13:10:13.833 [main] DEBUG org.hibernate.mapping.BasicValue - Skipping column re-registration: meetings.date
13:10:13.833 [main] DEBUG org.hibernate.boot.model.internal.PropertyBinder - Building property date
13:10:13.833 [main] DEBUG org.hibernate.boot.model.internal.AnnotatedColumn - Binding column: AnnotatedColumn(column='end_time')
13:10:13.833 [main] DEBUG org.hibernate.boot.model.internal.PropertyBinder - MetadataSourceProcessor property endTime with lazy=false
13:10:13.833 [main] DEBUG org.hibernate.boot.model.internal.AbstractPropertyHolder - Attempting to locate auto-apply AttributeConverter for property [org.frcpm.models.Meeting:endTime]
13:10:13.833 [main] DEBUG org.hibernate.boot.model.internal.BasicValueBinder - building BasicValue for endTime
13:10:13.833 [main] DEBUG org.hibernate.mapping.BasicValue - Skipping column re-registration: meetings.end_time
13:10:13.833 [main] DEBUG org.hibernate.boot.model.internal.PropertyBinder - Building property endTime
13:10:13.833 [main] DEBUG org.hibernate.boot.model.internal.AnnotatedColumn - Binding column: AnnotatedColumn(column='notes')
13:10:13.833 [main] DEBUG org.hibernate.boot.model.internal.PropertyBinder - MetadataSourceProcessor property notes with lazy=false
13:10:13.833 [main] DEBUG org.hibernate.boot.model.internal.AbstractPropertyHolder - Attempting to locate auto-apply AttributeConverter for property [org.frcpm.models.Meeting:notes]
13:10:13.833 [main] DEBUG org.hibernate.boot.model.internal.BasicValueBinder - building BasicValue for notes
13:10:13.833 [main] DEBUG org.hibernate.mapping.BasicValue - Skipping column re-registration: meetings.notes
13:10:13.833 [main] DEBUG org.hibernate.boot.model.internal.PropertyBinder - Building property notes
13:10:13.833 [main] DEBUG org.hibernate.boot.model.internal.AnnotatedColumn - Binding column: AnnotatedJoinColumn(column='project_id')
13:10:13.833 [main] DEBUG org.hibernate.boot.model.internal.AnnotatedColumn - Binding column: AnnotatedColumn()
13:10:13.833 [main] DEBUG org.hibernate.boot.model.internal.PropertyBinder - Building property project
13:10:13.833 [main] DEBUG org.hibernate.boot.model.internal.AnnotatedColumn - Binding column: AnnotatedColumn(column='start_time')
13:10:13.833 [main] DEBUG org.hibernate.boot.model.internal.PropertyBinder - MetadataSourceProcessor property startTime with lazy=false
13:10:13.833 [main] DEBUG org.hibernate.boot.model.internal.AbstractPropertyHolder - Attempting to locate auto-apply AttributeConverter for property [org.frcpm.models.Meeting:startTime]
13:10:13.833 [main] DEBUG org.hibernate.boot.model.internal.BasicValueBinder - building BasicValue for startTime
13:10:13.833 [main] DEBUG org.hibernate.mapping.BasicValue - Skipping column re-registration: meetings.start_time
13:10:13.833 [main] DEBUG org.hibernate.boot.model.internal.PropertyBinder - Building property startTime
13:10:13.835 [main] DEBUG org.hibernate.boot.registry.classloading.internal.ClassLoaderServiceImpl - HHH000194: Package not found or no package-info.java: org.frcpm.models
13:10:13.836 [main] DEBUG org.hibernate.boot.model.internal.EntityBinder - Binding entity from annotated class: org.frcpm.models.Subsystem
13:10:13.836 [main] DEBUG org.hibernate.boot.model.internal.EntityBinder - Import with entity name Subsystem
13:10:13.836 [main] DEBUG org.hibernate.boot.model.internal.EntityBinder - Bind entity org.frcpm.models.Subsystem on table subsystems
13:10:13.836 [main] DEBUG org.hibernate.boot.model.internal.AnnotatedColumn - Binding column: AnnotatedDiscriminatorColumn(column='DTYPE')
13:10:13.836 [main] DEBUG org.hibernate.boot.model.internal.AnnotatedColumn - Binding column: AnnotatedColumn()
13:10:13.836 [main] DEBUG org.hibernate.boot.internal.ClassLoaderAccessImpl - Not known whether passed class name [org.frcpm.models.Subsystem] is safe
13:10:13.836 [main] DEBUG org.hibernate.boot.internal.ClassLoaderAccessImpl - No temp ClassLoader provided; using live ClassLoader for loading potentially unsafe class : org.frcpm.models.Subsystem
13:10:13.837 [main] DEBUG org.hibernate.boot.model.internal.PropertyBinder - MetadataSourceProcessor property id with lazy=false
13:10:13.837 [main] DEBUG org.hibernate.boot.model.internal.AbstractPropertyHolder - Attempting to locate auto-apply AttributeConverter for property [org.frcpm.models.Subsystem:id]
13:10:13.837 [main] DEBUG org.hibernate.boot.model.internal.BasicValueBinder - building BasicValue for id
13:10:13.837 [main] DEBUG org.hibernate.mapping.BasicValue - Skipping column re-registration: subsystems.id
13:10:13.837 [main] DEBUG org.hibernate.boot.model.internal.PropertyBinder - Building property id
13:10:13.837 [main] DEBUG org.hibernate.boot.model.internal.BinderHelper - #makeIdGenerator(BasicValue([Column(id)]), id, identity, , ...)
13:10:13.837 [main] DEBUG org.hibernate.boot.model.internal.AnnotatedColumn - Binding column: AnnotatedColumn(column='description')
13:10:13.837 [main] DEBUG org.hibernate.boot.model.internal.PropertyBinder - MetadataSourceProcessor property description with lazy=false
13:10:13.837 [main] DEBUG org.hibernate.boot.model.internal.AbstractPropertyHolder - Attempting to locate auto-apply AttributeConverter for property [org.frcpm.models.Subsystem:description]
13:10:13.837 [main] DEBUG org.hibernate.boot.model.internal.BasicValueBinder - building BasicValue for description
13:10:13.837 [main] DEBUG org.hibernate.mapping.BasicValue - Skipping column re-registration: subsystems.description
13:10:13.837 [main] DEBUG org.hibernate.boot.model.internal.PropertyBinder - Building property description
13:10:13.837 [main] DEBUG org.hibernate.boot.model.internal.AnnotatedColumn - Binding column: AnnotatedColumn(column='name')
13:10:13.837 [main] DEBUG org.hibernate.boot.model.internal.PropertyBinder - MetadataSourceProcessor property name with lazy=false
13:10:13.837 [main] DEBUG org.hibernate.boot.model.internal.AbstractPropertyHolder - Attempting to locate auto-apply AttributeConverter for property [org.frcpm.models.Subsystem:name]
13:10:13.837 [main] DEBUG org.hibernate.boot.model.internal.BasicValueBinder - building BasicValue for name
13:10:13.837 [main] DEBUG org.hibernate.mapping.BasicValue - Skipping column re-registration: subsystems.name
13:10:13.837 [main] DEBUG org.hibernate.boot.model.internal.PropertyBinder - Building property name
13:10:13.837 [main] DEBUG org.hibernate.boot.model.internal.AnnotatedColumn - Binding column: AnnotatedJoinColumn(column='responsible_subteam_id')
13:10:13.837 [main] DEBUG org.hibernate.boot.model.internal.AnnotatedColumn - Binding column: AnnotatedColumn()
13:10:13.837 [main] DEBUG org.hibernate.boot.model.internal.PropertyBinder - Building property responsibleSubteam
13:10:13.837 [main] DEBUG org.hibernate.boot.model.internal.AnnotatedColumn - Binding column: AnnotatedColumn(column='status')
13:10:13.837 [main] DEBUG org.hibernate.boot.model.internal.PropertyBinder - MetadataSourceProcessor property status with lazy=false
13:10:13.837 [main] DEBUG org.hibernate.boot.model.internal.AbstractPropertyHolder - Attempting to locate auto-apply AttributeConverter for property [org.frcpm.models.Subsystem:status]
13:10:13.837 [main] DEBUG org.hibernate.boot.model.internal.BasicValueBinder - building BasicValue for status
13:10:13.838 [main] DEBUG org.hibernate.mapping.BasicValue - Skipping column re-registration: subsystems.status
13:10:13.838 [main] DEBUG org.hibernate.boot.model.internal.PropertyBinder - Building property status
13:10:13.838 [main] DEBUG org.hibernate.boot.model.internal.AnnotatedColumn - Binding column: AnnotatedJoinColumn()
13:10:13.838 [main] DEBUG org.hibernate.boot.model.internal.AnnotatedColumn - Binding column: AnnotatedColumn()
13:10:13.838 [main] DEBUG org.hibernate.boot.model.internal.AnnotatedColumn - Binding column: IndexColumn(column='tasks_ORDER')
13:10:13.838 [main] DEBUG org.hibernate.boot.model.internal.AnnotatedColumn - Binding column: AnnotatedColumn()
13:10:13.838 [main] DEBUG org.hibernate.boot.model.internal.AnnotatedColumn - Binding column: AnnotatedColumn(column='tasks_KEY')
13:10:13.838 [main] DEBUG org.hibernate.boot.model.internal.AnnotatedColumn - Binding column: AnnotatedJoinColumn(column='tasks_KEY')
13:10:13.838 [main] DEBUG org.hibernate.boot.model.internal.AnnotatedColumn - Binding column: AnnotatedJoinColumn()
13:10:13.838 [main] DEBUG org.hibernate.boot.model.internal.AnnotatedColumn - Binding column: AnnotatedJoinColumn()
13:10:13.838 [main] DEBUG org.hibernate.boot.model.internal.CollectionBinder - Collection role: org.frcpm.models.Subsystem.tasks
13:10:13.838 [main] DEBUG org.hibernate.boot.model.internal.PropertyBinder - Building property tasks
13:10:13.838 [main] DEBUG org.hibernate.boot.registry.classloading.internal.ClassLoaderServiceImpl - HHH000194: Package not found or no package-info.java: org.frcpm.models
13:10:13.838 [main] DEBUG org.hibernate.boot.model.internal.EntityBinder - Binding entity from annotated class: org.frcpm.models.Component
13:10:13.838 [main] DEBUG org.hibernate.boot.model.internal.EntityBinder - Import with entity name Component
13:10:13.839 [main] DEBUG org.hibernate.boot.model.internal.EntityBinder - Bind entity org.frcpm.models.Component on table components
13:10:13.839 [main] DEBUG org.hibernate.boot.model.internal.AnnotatedColumn - Binding column: AnnotatedDiscriminatorColumn(column='DTYPE')
13:10:13.839 [main] DEBUG org.hibernate.boot.model.internal.AnnotatedColumn - Binding column: AnnotatedColumn()
13:10:13.839 [main] DEBUG org.hibernate.boot.internal.ClassLoaderAccessImpl - Not known whether passed class name [org.frcpm.models.Component] is safe
13:10:13.839 [main] DEBUG org.hibernate.boot.internal.ClassLoaderAccessImpl - No temp ClassLoader provided; using live ClassLoader for loading potentially unsafe class : org.frcpm.models.Component
13:10:13.839 [main] DEBUG org.hibernate.boot.model.internal.PropertyBinder - MetadataSourceProcessor property id with lazy=false
13:10:13.839 [main] DEBUG org.hibernate.boot.model.internal.AbstractPropertyHolder - Attempting to locate auto-apply AttributeConverter for property [org.frcpm.models.Component:id]
13:10:13.839 [main] DEBUG org.hibernate.boot.model.internal.BasicValueBinder - building BasicValue for id
13:10:13.839 [main] DEBUG org.hibernate.mapping.BasicValue - Skipping column re-registration: components.id
13:10:13.839 [main] DEBUG org.hibernate.boot.model.internal.PropertyBinder - Building property id
13:10:13.839 [main] DEBUG org.hibernate.boot.model.internal.BinderHelper - #makeIdGenerator(BasicValue([Column(id)]), id, identity, , ...)
13:10:13.839 [main] DEBUG org.hibernate.boot.model.internal.AnnotatedColumn - Binding column: AnnotatedColumn(column='actual_delivery')
13:10:13.839 [main] DEBUG org.hibernate.boot.model.internal.PropertyBinder - MetadataSourceProcessor property actualDelivery with lazy=false
13:10:13.839 [main] DEBUG org.hibernate.boot.model.internal.AbstractPropertyHolder - Attempting to locate auto-apply AttributeConverter for property [org.frcpm.models.Component:actualDelivery]
13:10:13.839 [main] DEBUG org.hibernate.boot.model.internal.BasicValueBinder - building BasicValue for actualDelivery
13:10:13.839 [main] DEBUG org.hibernate.mapping.BasicValue - Skipping column re-registration: components.actual_delivery
13:10:13.839 [main] DEBUG org.hibernate.boot.model.internal.PropertyBinder - Building property actualDelivery
13:10:13.839 [main] DEBUG org.hibernate.boot.model.internal.AnnotatedColumn - Binding column: AnnotatedColumn(column='is_delivered')
13:10:13.839 [main] DEBUG org.hibernate.boot.model.internal.PropertyBinder - MetadataSourceProcessor property delivered with lazy=false
13:10:13.839 [main] DEBUG org.hibernate.boot.model.internal.AbstractPropertyHolder - Attempting to locate auto-apply AttributeConverter for property [org.frcpm.models.Component:delivered]
13:10:13.839 [main] DEBUG org.hibernate.boot.model.internal.BasicValueBinder - building BasicValue for delivered
13:10:13.839 [main] DEBUG org.hibernate.mapping.BasicValue - Skipping column re-registration: components.is_delivered
13:10:13.839 [main] DEBUG org.hibernate.boot.model.internal.PropertyBinder - Building property delivered
13:10:13.839 [main] DEBUG org.hibernate.boot.model.internal.AnnotatedColumn - Binding column: AnnotatedColumn(column='description')
13:10:13.839 [main] DEBUG org.hibernate.boot.model.internal.PropertyBinder - MetadataSourceProcessor property description with lazy=false
13:10:13.839 [main] DEBUG org.hibernate.boot.model.internal.AbstractPropertyHolder - Attempting to locate auto-apply AttributeConverter for property [org.frcpm.models.Component:description]
13:10:13.839 [main] DEBUG org.hibernate.boot.model.internal.BasicValueBinder - building BasicValue for description
13:10:13.839 [main] DEBUG org.hibernate.mapping.BasicValue - Skipping column re-registration: components.description
13:10:13.839 [main] DEBUG org.hibernate.boot.model.internal.PropertyBinder - Building property description
13:10:13.839 [main] DEBUG org.hibernate.boot.model.internal.AnnotatedColumn - Binding column: AnnotatedColumn(column='expected_delivery')
13:10:13.839 [main] DEBUG org.hibernate.boot.model.internal.PropertyBinder - MetadataSourceProcessor property expectedDelivery with lazy=false
13:10:13.839 [main] DEBUG org.hibernate.boot.model.internal.AbstractPropertyHolder - Attempting to locate auto-apply AttributeConverter for property [org.frcpm.models.Component:expectedDelivery]
13:10:13.839 [main] DEBUG org.hibernate.boot.model.internal.BasicValueBinder - building BasicValue for expectedDelivery
13:10:13.839 [main] DEBUG org.hibernate.mapping.BasicValue - Skipping column re-registration: components.expected_delivery
13:10:13.839 [main] DEBUG org.hibernate.boot.model.internal.PropertyBinder - Building property expectedDelivery
13:10:13.839 [main] DEBUG org.hibernate.boot.model.internal.AnnotatedColumn - Binding column: AnnotatedColumn(column='name')
13:10:13.839 [main] DEBUG org.hibernate.boot.model.internal.PropertyBinder - MetadataSourceProcessor property name with lazy=false
13:10:13.839 [main] DEBUG org.hibernate.boot.model.internal.AbstractPropertyHolder - Attempting to locate auto-apply AttributeConverter for property [org.frcpm.models.Component:name]
13:10:13.839 [main] DEBUG org.hibernate.boot.model.internal.BasicValueBinder - building BasicValue for name
13:10:13.839 [main] DEBUG org.hibernate.mapping.BasicValue - Skipping column re-registration: components.name
13:10:13.839 [main] DEBUG org.hibernate.boot.model.internal.PropertyBinder - Building property name
13:10:13.839 [main] DEBUG org.hibernate.boot.model.internal.AnnotatedColumn - Binding column: AnnotatedColumn(column='part_number')
13:10:13.839 [main] DEBUG org.hibernate.boot.model.internal.PropertyBinder - MetadataSourceProcessor property partNumber with lazy=false
13:10:13.839 [main] DEBUG org.hibernate.boot.model.internal.AbstractPropertyHolder - Attempting to locate auto-apply AttributeConverter for property [org.frcpm.models.Component:partNumber]
13:10:13.839 [main] DEBUG org.hibernate.boot.model.internal.BasicValueBinder - building BasicValue for partNumber
13:10:13.839 [main] DEBUG org.hibernate.mapping.BasicValue - Skipping column re-registration: components.part_number
13:10:13.839 [main] DEBUG org.hibernate.boot.model.internal.PropertyBinder - Building property partNumber
13:10:13.840 [main] DEBUG org.hibernate.boot.model.internal.AnnotatedColumn - Binding column: IndexColumn(column='requiredForTasks_ORDER')
13:10:13.840 [main] DEBUG org.hibernate.boot.model.internal.AnnotatedColumn - Binding column: AnnotatedColumn()
13:10:13.840 [main] DEBUG org.hibernate.boot.model.internal.AnnotatedColumn - Binding column: AnnotatedColumn(column='requiredForTasks_KEY')
13:10:13.840 [main] DEBUG org.hibernate.boot.model.internal.AnnotatedColumn - Binding column: AnnotatedJoinColumn(column='requiredForTasks_KEY')
13:10:13.840 [main] DEBUG org.hibernate.boot.model.internal.AnnotatedColumn - Binding column: AnnotatedJoinColumn()
13:10:13.840 [main] DEBUG org.hibernate.boot.model.internal.AnnotatedColumn - Binding column: AnnotatedJoinColumn()
13:10:13.840 [main] DEBUG org.hibernate.boot.model.internal.CollectionBinder - Collection role: org.frcpm.models.Component.requiredForTasks
13:10:13.840 [main] DEBUG org.hibernate.boot.model.internal.PropertyBinder - Building property requiredForTasks
13:10:13.840 [main] DEBUG org.hibernate.boot.registry.classloading.internal.ClassLoaderServiceImpl - HHH000194: Package not found or no package-info.java: org.frcpm.models
13:10:13.841 [main] DEBUG org.hibernate.boot.model.internal.EntityBinder - Binding entity from annotated class: org.frcpm.models.Milestone
13:10:13.841 [main] DEBUG org.hibernate.boot.model.internal.EntityBinder - Import with entity name Milestone
13:10:13.841 [main] DEBUG org.hibernate.boot.model.internal.EntityBinder - Bind entity org.frcpm.models.Milestone on table milestones
13:10:13.841 [main] DEBUG org.hibernate.boot.model.internal.AnnotatedColumn - Binding column: AnnotatedDiscriminatorColumn(column='DTYPE')
13:10:13.841 [main] DEBUG org.hibernate.boot.model.internal.AnnotatedColumn - Binding column: AnnotatedColumn()
13:10:13.841 [main] DEBUG org.hibernate.boot.internal.ClassLoaderAccessImpl - Not known whether passed class name [org.frcpm.models.Milestone] is safe
13:10:13.841 [main] DEBUG org.hibernate.boot.internal.ClassLoaderAccessImpl - No temp ClassLoader provided; using live ClassLoader for loading potentially unsafe class : org.frcpm.models.Milestone
13:10:13.841 [main] DEBUG org.hibernate.boot.model.internal.PropertyBinder - MetadataSourceProcessor property id with lazy=false
13:10:13.841 [main] DEBUG org.hibernate.boot.model.internal.AbstractPropertyHolder - Attempting to locate auto-apply AttributeConverter for property [org.frcpm.models.Milestone:id]
13:10:13.841 [main] DEBUG org.hibernate.boot.model.internal.BasicValueBinder - building BasicValue for id
13:10:13.841 [main] DEBUG org.hibernate.mapping.BasicValue - Skipping column re-registration: milestones.id
13:10:13.841 [main] DEBUG org.hibernate.boot.model.internal.PropertyBinder - Building property id
13:10:13.841 [main] DEBUG org.hibernate.boot.model.internal.BinderHelper - #makeIdGenerator(BasicValue([Column(id)]), id, identity, , ...)
13:10:13.841 [main] DEBUG org.hibernate.boot.model.internal.AnnotatedColumn - Binding column: AnnotatedColumn(column='date')
13:10:13.841 [main] DEBUG org.hibernate.boot.model.internal.PropertyBinder - MetadataSourceProcessor property date with lazy=false
13:10:13.841 [main] DEBUG org.hibernate.boot.model.internal.AbstractPropertyHolder - Attempting to locate auto-apply AttributeConverter for property [org.frcpm.models.Milestone:date]
13:10:13.841 [main] DEBUG org.hibernate.boot.model.internal.BasicValueBinder - building BasicValue for date
13:10:13.841 [main] DEBUG org.hibernate.mapping.BasicValue - Skipping column re-registration: milestones.date
13:10:13.841 [main] DEBUG org.hibernate.boot.model.internal.PropertyBinder - Building property date
13:10:13.841 [main] DEBUG org.hibernate.boot.model.internal.AnnotatedColumn - Binding column: AnnotatedColumn(column='description')
13:10:13.841 [main] DEBUG org.hibernate.boot.model.internal.PropertyBinder - MetadataSourceProcessor property description with lazy=false
13:10:13.841 [main] DEBUG org.hibernate.boot.model.internal.AbstractPropertyHolder - Attempting to locate auto-apply AttributeConverter for property [org.frcpm.models.Milestone:description]
13:10:13.841 [main] DEBUG org.hibernate.boot.model.internal.BasicValueBinder - building BasicValue for description
13:10:13.841 [main] DEBUG org.hibernate.mapping.BasicValue - Skipping column re-registration: milestones.description
13:10:13.841 [main] DEBUG org.hibernate.boot.model.internal.PropertyBinder - Building property description
13:10:13.841 [main] DEBUG org.hibernate.boot.model.internal.AnnotatedColumn - Binding column: AnnotatedColumn(column='name')
13:10:13.841 [main] DEBUG org.hibernate.boot.model.internal.PropertyBinder - MetadataSourceProcessor property name with lazy=false
13:10:13.841 [main] DEBUG org.hibernate.boot.model.internal.AbstractPropertyHolder - Attempting to locate auto-apply AttributeConverter for property [org.frcpm.models.Milestone:name]
13:10:13.841 [main] DEBUG org.hibernate.boot.model.internal.BasicValueBinder - building BasicValue for name
13:10:13.841 [main] DEBUG org.hibernate.mapping.BasicValue - Skipping column re-registration: milestones.name
13:10:13.841 [main] DEBUG org.hibernate.boot.model.internal.PropertyBinder - Building property name
13:10:13.841 [main] DEBUG org.hibernate.boot.model.internal.AnnotatedColumn - Binding column: AnnotatedJoinColumn(column='project_id')
13:10:13.841 [main] DEBUG org.hibernate.boot.model.internal.AnnotatedColumn - Binding column: AnnotatedColumn()
13:10:13.842 [main] DEBUG org.hibernate.boot.model.internal.PropertyBinder - Building property project
13:10:13.842 [main] DEBUG org.hibernate.boot.registry.classloading.internal.ClassLoaderServiceImpl - HHH000194: Package not found or no package-info.java: org.frcpm.models
13:10:13.843 [main] DEBUG org.hibernate.boot.model.internal.EntityBinder - Binding entity from annotated class: org.frcpm.models.Project
13:10:13.847 [frcpm-hikari-pool housekeeper] DEBUG com.zaxxer.hikari.pool.HikariPool - frcpm-hikari-pool - Before cleanup stats (total=1, active=0, idle=1, waiting=0)
13:10:13.847 [main] DEBUG org.hibernate.boot.model.internal.EntityBinder - Import with entity name Project
13:10:13.847 [frcpm-hikari-pool housekeeper] DEBUG com.zaxxer.hikari.pool.HikariPool - frcpm-hikari-pool - After cleanup  stats (total=1, active=0, idle=1, waiting=0)
13:10:13.847 [main] DEBUG org.hibernate.boot.model.internal.EntityBinder - Bind entity org.frcpm.models.Project on table projects
13:10:13.847 [main] DEBUG org.hibernate.boot.model.internal.AnnotatedColumn - Binding column: AnnotatedDiscriminatorColumn(column='DTYPE')
13:10:13.847 [main] DEBUG org.hibernate.boot.model.internal.AnnotatedColumn - Binding column: AnnotatedColumn()
13:10:13.847 [main] DEBUG org.hibernate.boot.internal.ClassLoaderAccessImpl - Not known whether passed class name [org.frcpm.models.Project] is safe
13:10:13.847 [main] DEBUG org.hibernate.boot.internal.ClassLoaderAccessImpl - No temp ClassLoader provided; using live ClassLoader for loading potentially unsafe class : org.frcpm.models.Project
13:10:13.847 [main] DEBUG org.hibernate.boot.model.internal.PropertyBinder - MetadataSourceProcessor property id with lazy=false
13:10:13.847 [main] DEBUG org.hibernate.boot.model.internal.AbstractPropertyHolder - Attempting to locate auto-apply AttributeConverter for property [org.frcpm.models.Project:id]
13:10:13.847 [main] DEBUG org.hibernate.boot.model.internal.BasicValueBinder - building BasicValue for id
13:10:13.847 [main] DEBUG org.hibernate.mapping.BasicValue - Skipping column re-registration: projects.id
13:10:13.847 [main] DEBUG org.hibernate.boot.model.internal.PropertyBinder - Building property id
13:10:13.847 [main] DEBUG org.hibernate.boot.model.internal.BinderHelper - #makeIdGenerator(BasicValue([Column(id)]), id, identity, , ...)
13:10:13.847 [main] DEBUG org.hibernate.boot.model.internal.AnnotatedColumn - Binding column: AnnotatedColumn(column='description')
13:10:13.847 [main] DEBUG org.hibernate.boot.model.internal.PropertyBinder - MetadataSourceProcessor property description with lazy=false
13:10:13.847 [main] DEBUG org.hibernate.boot.model.internal.AbstractPropertyHolder - Attempting to locate auto-apply AttributeConverter for property [org.frcpm.models.Project:description]
13:10:13.847 [main] DEBUG org.hibernate.boot.model.internal.BasicValueBinder - building BasicValue for description
13:10:13.847 [main] DEBUG org.hibernate.mapping.BasicValue - Skipping column re-registration: projects.description
13:10:13.847 [main] DEBUG org.hibernate.boot.model.internal.PropertyBinder - Building property description
13:10:13.847 [main] DEBUG org.hibernate.boot.model.internal.AnnotatedColumn - Binding column: AnnotatedColumn(column='goal_end_date')
13:10:13.848 [main] DEBUG org.hibernate.boot.model.internal.PropertyBinder - MetadataSourceProcessor property goalEndDate with lazy=false
13:10:13.848 [main] DEBUG org.hibernate.boot.model.internal.AbstractPropertyHolder - Attempting to locate auto-apply AttributeConverter for property [org.frcpm.models.Project:goalEndDate]
13:10:13.848 [main] DEBUG org.hibernate.boot.model.internal.BasicValueBinder - building BasicValue for goalEndDate
13:10:13.848 [main] DEBUG org.hibernate.mapping.BasicValue - Skipping column re-registration: projects.goal_end_date
13:10:13.848 [main] DEBUG org.hibernate.boot.model.internal.PropertyBinder - Building property goalEndDate
13:10:13.848 [frcpm-hikari-pool connection adder] DEBUG com.zaxxer.hikari.pool.HikariPool - frcpm-hikari-pool - Added connection conn23: url=jdbc:h2:mem:testdb user=SA
13:10:13.848 [main] DEBUG org.hibernate.boot.model.internal.AnnotatedColumn - Binding column: AnnotatedColumn(column='hard_deadline')
13:10:13.848 [main] DEBUG org.hibernate.boot.model.internal.PropertyBinder - MetadataSourceProcessor property hardDeadline with lazy=false
13:10:13.848 [main] DEBUG org.hibernate.boot.model.internal.AbstractPropertyHolder - Attempting to locate auto-apply AttributeConverter for property [org.frcpm.models.Project:hardDeadline]
13:10:13.848 [main] DEBUG org.hibernate.boot.model.internal.BasicValueBinder - building BasicValue for hardDeadline
13:10:13.848 [main] DEBUG org.hibernate.mapping.BasicValue - Skipping column re-registration: projects.hard_deadline
13:10:13.848 [main] DEBUG org.hibernate.boot.model.internal.PropertyBinder - Building property hardDeadline
13:10:13.848 [main] DEBUG org.hibernate.boot.model.internal.AnnotatedColumn - Binding column: AnnotatedJoinColumn()
13:10:13.848 [main] DEBUG org.hibernate.boot.model.internal.AnnotatedColumn - Binding column: AnnotatedColumn()
13:10:13.849 [main] DEBUG org.hibernate.boot.model.internal.AnnotatedColumn - Binding column: IndexColumn(column='meetings_ORDER')
13:10:13.849 [main] DEBUG org.hibernate.boot.model.internal.AnnotatedColumn - Binding column: AnnotatedColumn()
13:10:13.849 [main] DEBUG org.hibernate.boot.model.internal.AnnotatedColumn - Binding column: AnnotatedColumn(column='meetings_KEY')
13:10:13.849 [main] DEBUG org.hibernate.boot.model.internal.AnnotatedColumn - Binding column: AnnotatedJoinColumn(column='meetings_KEY')
13:10:13.849 [main] DEBUG org.hibernate.boot.model.internal.AnnotatedColumn - Binding column: AnnotatedJoinColumn()
13:10:13.849 [main] DEBUG org.hibernate.boot.model.internal.AnnotatedColumn - Binding column: AnnotatedJoinColumn()
13:10:13.849 [main] DEBUG org.hibernate.boot.model.internal.CollectionBinder - Collection role: org.frcpm.models.Project.meetings
13:10:13.849 [main] DEBUG org.hibernate.boot.model.internal.PropertyBinder - Building property meetings
13:10:13.849 [main] DEBUG org.hibernate.boot.model.internal.AnnotatedColumn - Binding column: AnnotatedJoinColumn()
13:10:13.849 [main] DEBUG org.hibernate.boot.model.internal.AnnotatedColumn - Binding column: AnnotatedColumn()
13:10:13.849 [main] DEBUG org.hibernate.boot.model.internal.AnnotatedColumn - Binding column: IndexColumn(column='milestones_ORDER')
13:10:13.849 [main] DEBUG org.hibernate.boot.model.internal.AnnotatedColumn - Binding column: AnnotatedColumn()
13:10:13.849 [main] DEBUG org.hibernate.boot.model.internal.AnnotatedColumn - Binding column: AnnotatedColumn(column='milestones_KEY')
13:10:13.849 [main] DEBUG org.hibernate.boot.model.internal.AnnotatedColumn - Binding column: AnnotatedJoinColumn(column='milestones_KEY')
13:10:13.849 [main] DEBUG org.hibernate.boot.model.internal.AnnotatedColumn - Binding column: AnnotatedJoinColumn()
13:10:13.849 [main] DEBUG org.hibernate.boot.model.internal.AnnotatedColumn - Binding column: AnnotatedJoinColumn()
13:10:13.849 [main] DEBUG org.hibernate.boot.model.internal.CollectionBinder - Collection role: org.frcpm.models.Project.milestones
13:10:13.849 [main] DEBUG org.hibernate.boot.model.internal.PropertyBinder - Building property milestones
13:10:13.849 [main] DEBUG org.hibernate.boot.model.internal.AnnotatedColumn - Binding column: AnnotatedColumn(column='name')
13:10:13.849 [main] DEBUG org.hibernate.boot.model.internal.PropertyBinder - MetadataSourceProcessor property name with lazy=false
13:10:13.849 [main] DEBUG org.hibernate.boot.model.internal.AbstractPropertyHolder - Attempting to locate auto-apply AttributeConverter for property [org.frcpm.models.Project:name]
13:10:13.849 [main] DEBUG org.hibernate.boot.model.internal.BasicValueBinder - building BasicValue for name
13:10:13.849 [main] DEBUG org.hibernate.mapping.BasicValue - Skipping column re-registration: projects.name
13:10:13.849 [main] DEBUG org.hibernate.boot.model.internal.PropertyBinder - Building property name
13:10:13.849 [main] DEBUG org.hibernate.boot.model.internal.AnnotatedColumn - Binding column: AnnotatedColumn(column='start_date')
13:10:13.849 [main] DEBUG org.hibernate.boot.model.internal.PropertyBinder - MetadataSourceProcessor property startDate with lazy=false
13:10:13.849 [main] DEBUG org.hibernate.boot.model.internal.AbstractPropertyHolder - Attempting to locate auto-apply AttributeConverter for property [org.frcpm.models.Project:startDate]
13:10:13.849 [main] DEBUG org.hibernate.boot.model.internal.BasicValueBinder - building BasicValue for startDate
13:10:13.849 [main] DEBUG org.hibernate.mapping.BasicValue - Skipping column re-registration: projects.start_date
13:10:13.849 [main] DEBUG org.hibernate.boot.model.internal.PropertyBinder - Building property startDate
13:10:13.849 [main] DEBUG org.hibernate.boot.model.internal.AnnotatedColumn - Binding column: AnnotatedJoinColumn()
13:10:13.849 [main] DEBUG org.hibernate.boot.model.internal.AnnotatedColumn - Binding column: AnnotatedColumn()
13:10:13.849 [main] DEBUG org.hibernate.boot.model.internal.AnnotatedColumn - Binding column: IndexColumn(column='tasks_ORDER')
13:10:13.849 [main] DEBUG org.hibernate.boot.model.internal.AnnotatedColumn - Binding column: AnnotatedColumn()
13:10:13.849 [main] DEBUG org.hibernate.boot.model.internal.AnnotatedColumn - Binding column: AnnotatedColumn(column='tasks_KEY')
13:10:13.849 [main] DEBUG org.hibernate.boot.model.internal.AnnotatedColumn - Binding column: AnnotatedJoinColumn(column='tasks_KEY')
13:10:13.849 [main] DEBUG org.hibernate.boot.model.internal.AnnotatedColumn - Binding column: AnnotatedJoinColumn()
13:10:13.849 [main] DEBUG org.hibernate.boot.model.internal.AnnotatedColumn - Binding column: AnnotatedJoinColumn()
13:10:13.850 [main] DEBUG org.hibernate.boot.model.internal.CollectionBinder - Collection role: org.frcpm.models.Project.tasks
13:10:13.850 [main] DEBUG org.hibernate.boot.model.internal.PropertyBinder - Building property tasks
13:10:13.851 [main] DEBUG org.hibernate.boot.registry.classloading.internal.ClassLoaderServiceImpl - HHH000194: Package not found or no package-info.java: org.frcpm.models
13:10:13.851 [main] DEBUG org.hibernate.boot.model.internal.EntityBinder - Binding entity from annotated class: org.frcpm.models.Subteam
13:10:13.851 [main] DEBUG org.hibernate.boot.model.internal.EntityBinder - Import with entity name Subteam
13:10:13.852 [main] DEBUG org.hibernate.boot.model.internal.EntityBinder - Bind entity org.frcpm.models.Subteam on table subteams
13:10:13.852 [main] DEBUG org.hibernate.boot.model.internal.AnnotatedColumn - Binding column: AnnotatedDiscriminatorColumn(column='DTYPE')
13:10:13.852 [main] DEBUG org.hibernate.boot.model.internal.AnnotatedColumn - Binding column: AnnotatedColumn()
13:10:13.852 [main] DEBUG org.hibernate.boot.internal.ClassLoaderAccessImpl - Not known whether passed class name [org.frcpm.models.Subteam] is safe
13:10:13.852 [main] DEBUG org.hibernate.boot.internal.ClassLoaderAccessImpl - No temp ClassLoader provided; using live ClassLoader for loading potentially unsafe class : org.frcpm.models.Subteam
13:10:13.852 [main] DEBUG org.hibernate.boot.model.internal.PropertyBinder - MetadataSourceProcessor property id with lazy=false
13:10:13.852 [main] DEBUG org.hibernate.boot.model.internal.AbstractPropertyHolder - Attempting to locate auto-apply AttributeConverter for property [org.frcpm.models.Subteam:id]
13:10:13.852 [main] DEBUG org.hibernate.boot.model.internal.BasicValueBinder - building BasicValue for id
13:10:13.852 [main] DEBUG org.hibernate.mapping.BasicValue - Skipping column re-registration: subteams.id
13:10:13.852 [main] DEBUG org.hibernate.boot.model.internal.PropertyBinder - Building property id
13:10:13.853 [main] DEBUG org.hibernate.boot.model.internal.BinderHelper - #makeIdGenerator(BasicValue([Column(id)]), id, identity, , ...)
13:10:13.853 [main] DEBUG org.hibernate.boot.model.internal.AnnotatedColumn - Binding column: AnnotatedColumn(column='color_code')
13:10:13.853 [main] DEBUG org.hibernate.boot.model.internal.PropertyBinder - MetadataSourceProcessor property colorCode with lazy=false
13:10:13.853 [main] DEBUG org.hibernate.boot.model.internal.AbstractPropertyHolder - Attempting to locate auto-apply AttributeConverter for property [org.frcpm.models.Subteam:colorCode]
13:10:13.853 [main] DEBUG org.hibernate.boot.model.internal.BasicValueBinder - building BasicValue for colorCode
13:10:13.853 [main] DEBUG org.hibernate.mapping.BasicValue - Skipping column re-registration: subteams.color_code
13:10:13.853 [main] DEBUG org.hibernate.boot.model.internal.PropertyBinder - Building property colorCode
13:10:13.853 [main] DEBUG org.hibernate.boot.model.internal.AnnotatedColumn - Binding column: AnnotatedJoinColumn()
13:10:13.853 [main] DEBUG org.hibernate.boot.model.internal.AnnotatedColumn - Binding column: AnnotatedColumn()
13:10:13.854 [main] DEBUG org.hibernate.boot.model.internal.AnnotatedColumn - Binding column: IndexColumn(column='members_ORDER')
13:10:13.854 [main] DEBUG org.hibernate.boot.model.internal.AnnotatedColumn - Binding column: AnnotatedColumn()
13:10:13.854 [main] DEBUG org.hibernate.boot.model.internal.AnnotatedColumn - Binding column: AnnotatedColumn(column='members_KEY')
13:10:13.854 [main] DEBUG org.hibernate.boot.model.internal.AnnotatedColumn - Binding column: AnnotatedJoinColumn(column='members_KEY')
13:10:13.854 [main] DEBUG org.hibernate.boot.model.internal.AnnotatedColumn - Binding column: AnnotatedJoinColumn()
13:10:13.854 [main] DEBUG org.hibernate.boot.model.internal.AnnotatedColumn - Binding column: AnnotatedJoinColumn()
13:10:13.854 [main] DEBUG org.hibernate.boot.model.internal.CollectionBinder - Collection role: org.frcpm.models.Subteam.members
13:10:13.854 [main] DEBUG org.hibernate.boot.model.internal.PropertyBinder - Building property members
13:10:13.855 [main] DEBUG org.hibernate.boot.model.internal.AnnotatedColumn - Binding column: AnnotatedColumn(column='name')
13:10:13.855 [main] DEBUG org.hibernate.boot.model.internal.PropertyBinder - MetadataSourceProcessor property name with lazy=false
13:10:13.855 [main] DEBUG org.hibernate.boot.model.internal.AbstractPropertyHolder - Attempting to locate auto-apply AttributeConverter for property [org.frcpm.models.Subteam:name]
13:10:13.855 [main] DEBUG org.hibernate.boot.model.internal.BasicValueBinder - building BasicValue for name
13:10:13.855 [main] DEBUG org.hibernate.mapping.BasicValue - Skipping column re-registration: subteams.name
13:10:13.855 [main] DEBUG org.hibernate.boot.model.internal.PropertyBinder - Building property name
13:10:13.855 [main] DEBUG org.hibernate.boot.model.internal.AnnotatedColumn - Binding column: AnnotatedColumn(column='specialties')
13:10:13.855 [main] DEBUG org.hibernate.boot.model.internal.PropertyBinder - MetadataSourceProcessor property specialties with lazy=false
13:10:13.855 [main] DEBUG org.hibernate.boot.model.internal.AbstractPropertyHolder - Attempting to locate auto-apply AttributeConverter for property [org.frcpm.models.Subteam:specialties]
13:10:13.856 [main] DEBUG org.hibernate.boot.model.internal.BasicValueBinder - building BasicValue for specialties
13:10:13.856 [main] DEBUG org.hibernate.mapping.BasicValue - Skipping column re-registration: subteams.specialties
13:10:13.856 [main] DEBUG org.hibernate.boot.model.internal.PropertyBinder - Building property specialties
13:10:13.856 [main] DEBUG org.hibernate.boot.model.internal.AnnotatedColumn - Binding column: AnnotatedJoinColumn()
13:10:13.856 [main] DEBUG org.hibernate.boot.model.internal.AnnotatedColumn - Binding column: AnnotatedColumn()
13:10:13.856 [main] DEBUG org.hibernate.boot.model.internal.AnnotatedColumn - Binding column: IndexColumn(column='subsystems_ORDER')
13:10:13.856 [main] DEBUG org.hibernate.boot.model.internal.AnnotatedColumn - Binding column: AnnotatedColumn()
13:10:13.856 [main] DEBUG org.hibernate.boot.model.internal.AnnotatedColumn - Binding column: AnnotatedColumn(column='subsystems_KEY')
13:10:13.856 [main] DEBUG org.hibernate.boot.model.internal.AnnotatedColumn - Binding column: AnnotatedJoinColumn(column='subsystems_KEY')
13:10:13.856 [main] DEBUG org.hibernate.boot.model.internal.AnnotatedColumn - Binding column: AnnotatedJoinColumn()
13:10:13.856 [main] DEBUG org.hibernate.boot.model.internal.AnnotatedColumn - Binding column: AnnotatedJoinColumn()
13:10:13.856 [main] DEBUG org.hibernate.boot.model.internal.CollectionBinder - Collection role: org.frcpm.models.Subteam.subsystems
13:10:13.856 [main] DEBUG org.hibernate.boot.model.internal.PropertyBinder - Building property subsystems
13:10:13.857 [main] DEBUG org.hibernate.boot.registry.classloading.internal.ClassLoaderServiceImpl - HHH000194: Package not found or no package-info.java: org.frcpm.models
13:10:13.857 [main] DEBUG org.hibernate.boot.model.internal.EntityBinder - Binding entity from annotated class: org.frcpm.models.Task
13:10:13.857 [main] DEBUG org.hibernate.boot.model.internal.EntityBinder - Import with entity name Task
13:10:13.857 [main] DEBUG org.hibernate.boot.model.internal.EntityBinder - Bind entity org.frcpm.models.Task on table tasks
13:10:13.857 [main] DEBUG org.hibernate.boot.model.internal.AnnotatedColumn - Binding column: AnnotatedDiscriminatorColumn(column='DTYPE')
13:10:13.857 [main] DEBUG org.hibernate.boot.model.internal.AnnotatedColumn - Binding column: AnnotatedColumn()
13:10:13.857 [main] DEBUG org.hibernate.boot.internal.ClassLoaderAccessImpl - Not known whether passed class name [org.frcpm.models.Task] is safe
13:10:13.857 [main] DEBUG org.hibernate.boot.internal.ClassLoaderAccessImpl - No temp ClassLoader provided; using live ClassLoader for loading potentially unsafe class : org.frcpm.models.Task
13:10:13.857 [main] DEBUG org.hibernate.boot.model.internal.PropertyBinder - MetadataSourceProcessor property id with lazy=false
13:10:13.857 [main] DEBUG org.hibernate.boot.model.internal.AbstractPropertyHolder - Attempting to locate auto-apply AttributeConverter for property [org.frcpm.models.Task:id]
13:10:13.858 [main] DEBUG org.hibernate.boot.model.internal.BasicValueBinder - building BasicValue for id
13:10:13.858 [main] DEBUG org.hibernate.mapping.BasicValue - Skipping column re-registration: tasks.id
13:10:13.858 [main] DEBUG org.hibernate.boot.model.internal.PropertyBinder - Building property id
13:10:13.858 [main] DEBUG org.hibernate.boot.model.internal.BinderHelper - #makeIdGenerator(BasicValue([Column(id)]), id, identity, , ...)
13:10:13.858 [main] DEBUG org.hibernate.boot.model.internal.AnnotatedColumn - Binding column: AnnotatedColumn(column='actual_duration_seconds')
13:10:13.858 [main] DEBUG org.hibernate.boot.model.internal.PropertyBinder - MetadataSourceProcessor property actualDurationSeconds with lazy=false
13:10:13.858 [main] DEBUG org.hibernate.boot.model.internal.AbstractPropertyHolder - Attempting to locate auto-apply AttributeConverter for property [org.frcpm.models.Task:actualDurationSeconds]
13:10:13.858 [main] DEBUG org.hibernate.boot.model.internal.BasicValueBinder - building BasicValue for actualDurationSeconds
13:10:13.858 [main] DEBUG org.hibernate.mapping.BasicValue - Skipping column re-registration: tasks.actual_duration_seconds
13:10:13.858 [main] DEBUG org.hibernate.boot.model.internal.PropertyBinder - Building property actualDurationSeconds
13:10:13.858 [main] DEBUG org.hibernate.boot.model.internal.AnnotatedColumn - Binding column: IndexColumn(column='assignedTo_ORDER')
13:10:13.858 [main] DEBUG org.hibernate.boot.model.internal.AnnotatedColumn - Binding column: AnnotatedColumn()
13:10:13.858 [main] DEBUG org.hibernate.boot.model.internal.AnnotatedColumn - Binding column: AnnotatedColumn(column='assignedTo_KEY')
13:10:13.858 [main] DEBUG org.hibernate.boot.model.internal.AnnotatedColumn - Binding column: AnnotatedJoinColumn(column='assignedTo_KEY')
13:10:13.858 [main] DEBUG org.hibernate.boot.model.internal.AnnotatedColumn - Binding column: AnnotatedJoinColumn(column='task_id')
13:10:13.858 [main] DEBUG org.hibernate.boot.model.internal.AnnotatedColumn - Binding column: AnnotatedJoinColumn(column='team_member_id')
13:10:13.858 [main] DEBUG org.hibernate.boot.model.internal.CollectionBinder - Collection role: org.frcpm.models.Task.assignedTo
13:10:13.858 [main] DEBUG org.hibernate.boot.model.internal.PropertyBinder - Building property assignedTo
13:10:13.858 [main] DEBUG org.hibernate.boot.model.internal.AnnotatedColumn - Binding column: AnnotatedColumn(column='completed')
13:10:13.858 [main] DEBUG org.hibernate.boot.model.internal.PropertyBinder - MetadataSourceProcessor property completed with lazy=false
13:10:13.858 [main] DEBUG org.hibernate.boot.model.internal.AbstractPropertyHolder - Attempting to locate auto-apply AttributeConverter for property [org.frcpm.models.Task:completed]
13:10:13.858 [main] DEBUG org.hibernate.boot.model.internal.BasicValueBinder - building BasicValue for completed
13:10:13.858 [main] DEBUG org.hibernate.mapping.BasicValue - Skipping column re-registration: tasks.completed
13:10:13.858 [main] DEBUG org.hibernate.boot.model.internal.PropertyBinder - Building property completed
13:10:13.858 [main] DEBUG org.hibernate.boot.model.internal.AnnotatedColumn - Binding column: AnnotatedColumn(column='description')
13:10:13.858 [main] DEBUG org.hibernate.boot.model.internal.PropertyBinder - MetadataSourceProcessor property description with lazy=false
13:10:13.858 [main] DEBUG org.hibernate.boot.model.internal.AbstractPropertyHolder - Attempting to locate auto-apply AttributeConverter for property [org.frcpm.models.Task:description]
13:10:13.858 [main] DEBUG org.hibernate.boot.model.internal.BasicValueBinder - building BasicValue for description
13:10:13.858 [main] DEBUG org.hibernate.mapping.BasicValue - Skipping column re-registration: tasks.description
13:10:13.858 [main] DEBUG org.hibernate.boot.model.internal.PropertyBinder - Building property description
13:10:13.858 [main] DEBUG org.hibernate.boot.model.internal.AnnotatedColumn - Binding column: AnnotatedColumn(column='end_date')
13:10:13.858 [main] DEBUG org.hibernate.boot.model.internal.PropertyBinder - MetadataSourceProcessor property endDate with lazy=false
13:10:13.858 [main] DEBUG org.hibernate.boot.model.internal.AbstractPropertyHolder - Attempting to locate auto-apply AttributeConverter for property [org.frcpm.models.Task:endDate]
13:10:13.858 [main] DEBUG org.hibernate.boot.model.internal.BasicValueBinder - building BasicValue for endDate
13:10:13.858 [main] DEBUG org.hibernate.mapping.BasicValue - Skipping column re-registration: tasks.end_date
13:10:13.858 [main] DEBUG org.hibernate.boot.model.internal.PropertyBinder - Building property endDate
13:10:13.858 [main] DEBUG org.hibernate.boot.model.internal.AnnotatedColumn - Binding column: AnnotatedColumn(column='estimated_duration_seconds')
13:10:13.858 [main] DEBUG org.hibernate.boot.model.internal.PropertyBinder - MetadataSourceProcessor property estimatedDurationSeconds with lazy=false
13:10:13.858 [main] DEBUG org.hibernate.boot.model.internal.AbstractPropertyHolder - Attempting to locate auto-apply AttributeConverter for property [org.frcpm.models.Task:estimatedDurationSeconds]
13:10:13.858 [main] DEBUG org.hibernate.boot.model.internal.BasicValueBinder - building BasicValue for estimatedDurationSeconds
13:10:13.858 [main] DEBUG org.hibernate.mapping.BasicValue - Skipping column re-registration: tasks.estimated_duration_seconds
13:10:13.858 [main] DEBUG org.hibernate.boot.model.internal.PropertyBinder - Building property estimatedDurationSeconds
13:10:13.859 [main] DEBUG org.hibernate.boot.model.internal.AnnotatedColumn - Binding column: IndexColumn(column='postDependencies_ORDER')
13:10:13.859 [main] DEBUG org.hibernate.boot.model.internal.AnnotatedColumn - Binding column: AnnotatedColumn()
13:10:13.859 [main] DEBUG org.hibernate.boot.model.internal.AnnotatedColumn - Binding column: AnnotatedColumn(column='postDependencies_KEY')
13:10:13.859 [main] DEBUG org.hibernate.boot.model.internal.AnnotatedColumn - Binding column: AnnotatedJoinColumn(column='postDependencies_KEY')
13:10:13.859 [main] DEBUG org.hibernate.boot.model.internal.AnnotatedColumn - Binding column: AnnotatedJoinColumn()
13:10:13.859 [main] DEBUG org.hibernate.boot.model.internal.AnnotatedColumn - Binding column: AnnotatedJoinColumn()
13:10:13.859 [main] DEBUG org.hibernate.boot.model.internal.CollectionBinder - Collection role: org.frcpm.models.Task.postDependencies
13:10:13.859 [main] DEBUG org.hibernate.boot.model.internal.PropertyBinder - Building property postDependencies
13:10:13.859 [main] DEBUG org.hibernate.boot.model.internal.AnnotatedColumn - Binding column: IndexColumn(column='preDependencies_ORDER')
13:10:13.860 [main] DEBUG org.hibernate.boot.model.internal.AnnotatedColumn - Binding column: AnnotatedColumn()
13:10:13.860 [main] DEBUG org.hibernate.boot.model.internal.AnnotatedColumn - Binding column: AnnotatedColumn(column='preDependencies_KEY')
13:10:13.860 [main] DEBUG org.hibernate.boot.model.internal.AnnotatedColumn - Binding column: AnnotatedJoinColumn(column='preDependencies_KEY')
13:10:13.860 [main] DEBUG org.hibernate.boot.model.internal.AnnotatedColumn - Binding column: AnnotatedJoinColumn(column='task_id')
13:10:13.860 [main] DEBUG org.hibernate.boot.model.internal.AnnotatedColumn - Binding column: AnnotatedJoinColumn(column='dependency_id')
13:10:13.860 [main] DEBUG org.hibernate.boot.model.internal.CollectionBinder - Collection role: org.frcpm.models.Task.preDependencies
13:10:13.860 [main] DEBUG org.hibernate.boot.model.internal.PropertyBinder - Building property preDependencies
13:10:13.860 [main] DEBUG org.hibernate.boot.model.internal.AnnotatedColumn - Binding column: AnnotatedColumn(column='priority')
13:10:13.860 [main] DEBUG org.hibernate.boot.model.internal.PropertyBinder - MetadataSourceProcessor property priority with lazy=false
13:10:13.860 [main] DEBUG org.hibernate.boot.model.internal.AbstractPropertyHolder - Attempting to locate auto-apply AttributeConverter for property [org.frcpm.models.Task:priority]
13:10:13.860 [main] DEBUG org.hibernate.boot.model.internal.BasicValueBinder - building BasicValue for priority
13:10:13.860 [main] DEBUG org.hibernate.mapping.BasicValue - Skipping column re-registration: tasks.priority
13:10:13.860 [main] DEBUG org.hibernate.boot.model.internal.PropertyBinder - Building property priority
13:10:13.860 [main] DEBUG org.hibernate.boot.model.internal.AnnotatedColumn - Binding column: AnnotatedColumn(column='progress')
13:10:13.860 [main] DEBUG org.hibernate.boot.model.internal.PropertyBinder - MetadataSourceProcessor property progress with lazy=false
13:10:13.860 [main] DEBUG org.hibernate.boot.model.internal.AbstractPropertyHolder - Attempting to locate auto-apply AttributeConverter for property [org.frcpm.models.Task:progress]
13:10:13.860 [main] DEBUG org.hibernate.boot.model.internal.BasicValueBinder - building BasicValue for progress
13:10:13.860 [main] DEBUG org.hibernate.mapping.BasicValue - Skipping column re-registration: tasks.progress
13:10:13.860 [main] DEBUG org.hibernate.boot.model.internal.PropertyBinder - Building property progress
13:10:13.860 [main] DEBUG org.hibernate.boot.model.internal.AnnotatedColumn - Binding column: AnnotatedJoinColumn(column='project_id')
13:10:13.860 [main] DEBUG org.hibernate.boot.model.internal.AnnotatedColumn - Binding column: AnnotatedColumn()
13:10:13.860 [main] DEBUG org.hibernate.boot.model.internal.PropertyBinder - Building property project
13:10:13.861 [main] DEBUG org.hibernate.boot.model.internal.AnnotatedColumn - Binding column: IndexColumn(column='requiredComponents_ORDER')
13:10:13.861 [main] DEBUG org.hibernate.boot.model.internal.AnnotatedColumn - Binding column: AnnotatedColumn()
13:10:13.861 [main] DEBUG org.hibernate.boot.model.internal.AnnotatedColumn - Binding column: AnnotatedColumn(column='requiredComponents_KEY')
13:10:13.861 [main] DEBUG org.hibernate.boot.model.internal.AnnotatedColumn - Binding column: AnnotatedJoinColumn(column='requiredComponents_KEY')
13:10:13.861 [main] DEBUG org.hibernate.boot.model.internal.AnnotatedColumn - Binding column: AnnotatedJoinColumn(column='task_id')
13:10:13.861 [main] DEBUG org.hibernate.boot.model.internal.AnnotatedColumn - Binding column: AnnotatedJoinColumn(column='component_id')
13:10:13.861 [main] DEBUG org.hibernate.boot.model.internal.CollectionBinder - Collection role: org.frcpm.models.Task.requiredComponents
13:10:13.861 [main] DEBUG org.hibernate.boot.model.internal.PropertyBinder - Building property requiredComponents
13:10:13.861 [main] DEBUG org.hibernate.boot.model.internal.AnnotatedColumn - Binding column: AnnotatedColumn(column='start_date')
13:10:13.861 [main] DEBUG org.hibernate.boot.model.internal.PropertyBinder - MetadataSourceProcessor property startDate with lazy=false
13:10:13.861 [main] DEBUG org.hibernate.boot.model.internal.AbstractPropertyHolder - Attempting to locate auto-apply AttributeConverter for property [org.frcpm.models.Task:startDate]
13:10:13.861 [main] DEBUG org.hibernate.boot.model.internal.BasicValueBinder - building BasicValue for startDate
13:10:13.861 [main] DEBUG org.hibernate.mapping.BasicValue - Skipping column re-registration: tasks.start_date
13:10:13.861 [main] DEBUG org.hibernate.boot.model.internal.PropertyBinder - Building property startDate
13:10:13.861 [main] DEBUG org.hibernate.boot.model.internal.AnnotatedColumn - Binding column: AnnotatedJoinColumn(column='subsystem_id')
13:10:13.861 [main] DEBUG org.hibernate.boot.model.internal.AnnotatedColumn - Binding column: AnnotatedColumn()
13:10:13.861 [main] DEBUG org.hibernate.boot.model.internal.PropertyBinder - Building property subsystem
13:10:13.861 [main] DEBUG org.hibernate.boot.model.internal.AnnotatedColumn - Binding column: AnnotatedColumn(column='title')
13:10:13.861 [main] DEBUG org.hibernate.boot.model.internal.PropertyBinder - MetadataSourceProcessor property title with lazy=false
13:10:13.861 [main] DEBUG org.hibernate.boot.model.internal.AbstractPropertyHolder - Attempting to locate auto-apply AttributeConverter for property [org.frcpm.models.Task:title]
13:10:13.861 [main] DEBUG org.hibernate.boot.model.internal.BasicValueBinder - building BasicValue for title
13:10:13.861 [main] DEBUG org.hibernate.mapping.BasicValue - Skipping column re-registration: tasks.title
13:10:13.861 [main] DEBUG org.hibernate.boot.model.internal.PropertyBinder - Building property title
13:10:13.861 [main] DEBUG org.hibernate.boot.registry.classloading.internal.ClassLoaderServiceImpl - HHH000194: Package not found or no package-info.java: org.frcpm.models
13:10:13.862 [main] DEBUG org.hibernate.boot.model.internal.EntityBinder - Binding entity from annotated class: org.frcpm.models.TeamMember
13:10:13.862 [main] DEBUG org.hibernate.boot.model.internal.EntityBinder - Import with entity name TeamMember
13:10:13.862 [main] DEBUG org.hibernate.boot.model.internal.EntityBinder - Bind entity org.frcpm.models.TeamMember on table team_members
13:10:13.862 [main] DEBUG org.hibernate.boot.model.internal.AnnotatedColumn - Binding column: AnnotatedDiscriminatorColumn(column='DTYPE')
13:10:13.862 [main] DEBUG org.hibernate.boot.model.internal.AnnotatedColumn - Binding column: AnnotatedColumn()
13:10:13.862 [main] DEBUG org.hibernate.boot.internal.ClassLoaderAccessImpl - Not known whether passed class name [org.frcpm.models.TeamMember] is safe
13:10:13.862 [main] DEBUG org.hibernate.boot.internal.ClassLoaderAccessImpl - No temp ClassLoader provided; using live ClassLoader for loading potentially unsafe class : org.frcpm.models.TeamMember
13:10:13.862 [main] DEBUG org.hibernate.boot.model.internal.PropertyBinder - MetadataSourceProcessor property id with lazy=false
13:10:13.862 [main] DEBUG org.hibernate.boot.model.internal.AbstractPropertyHolder - Attempting to locate auto-apply AttributeConverter for property [org.frcpm.models.TeamMember:id]
13:10:13.862 [main] DEBUG org.hibernate.boot.model.internal.BasicValueBinder - building BasicValue for id
13:10:13.862 [main] DEBUG org.hibernate.mapping.BasicValue - Skipping column re-registration: team_members.id
13:10:13.862 [main] DEBUG org.hibernate.boot.model.internal.PropertyBinder - Building property id
13:10:13.862 [main] DEBUG org.hibernate.boot.model.internal.BinderHelper - #makeIdGenerator(BasicValue([Column(id)]), id, identity, , ...)
13:10:13.862 [main] DEBUG org.hibernate.boot.model.internal.AnnotatedColumn - Binding column: IndexColumn(column='assignedTasks_ORDER')
13:10:13.862 [main] DEBUG org.hibernate.boot.model.internal.AnnotatedColumn - Binding column: AnnotatedColumn()
13:10:13.862 [main] DEBUG org.hibernate.boot.model.internal.AnnotatedColumn - Binding column: AnnotatedColumn(column='assignedTasks_KEY')
13:10:13.862 [main] DEBUG org.hibernate.boot.model.internal.AnnotatedColumn - Binding column: AnnotatedJoinColumn(column='assignedTasks_KEY')
13:10:13.862 [main] DEBUG org.hibernate.boot.model.internal.AnnotatedColumn - Binding column: AnnotatedJoinColumn()
13:10:13.862 [main] DEBUG org.hibernate.boot.model.internal.AnnotatedColumn - Binding column: AnnotatedJoinColumn()
13:10:13.862 [main] DEBUG org.hibernate.boot.model.internal.CollectionBinder - Collection role: org.frcpm.models.TeamMember.assignedTasks
13:10:13.862 [main] DEBUG org.hibernate.boot.model.internal.PropertyBinder - Building property assignedTasks
13:10:13.862 [main] DEBUG org.hibernate.boot.model.internal.AnnotatedColumn - Binding column: AnnotatedJoinColumn()
13:10:13.862 [main] DEBUG org.hibernate.boot.model.internal.AnnotatedColumn - Binding column: AnnotatedColumn()
13:10:13.862 [main] DEBUG org.hibernate.boot.model.internal.AnnotatedColumn - Binding column: IndexColumn(column='attendances_ORDER')
13:10:13.862 [main] DEBUG org.hibernate.boot.model.internal.AnnotatedColumn - Binding column: AnnotatedColumn()
13:10:13.862 [main] DEBUG org.hibernate.boot.model.internal.AnnotatedColumn - Binding column: AnnotatedColumn(column='attendances_KEY')
13:10:13.862 [main] DEBUG org.hibernate.boot.model.internal.AnnotatedColumn - Binding column: AnnotatedJoinColumn(column='attendances_KEY')
13:10:13.862 [main] DEBUG org.hibernate.boot.model.internal.AnnotatedColumn - Binding column: AnnotatedJoinColumn()
13:10:13.862 [main] DEBUG org.hibernate.boot.model.internal.AnnotatedColumn - Binding column: AnnotatedJoinColumn()
13:10:13.862 [main] DEBUG org.hibernate.boot.model.internal.CollectionBinder - Collection role: org.frcpm.models.TeamMember.attendances
13:10:13.862 [main] DEBUG org.hibernate.boot.model.internal.PropertyBinder - Building property attendances
13:10:13.862 [main] DEBUG org.hibernate.boot.model.internal.AnnotatedColumn - Binding column: AnnotatedColumn(column='email')
13:10:13.863 [main] DEBUG org.hibernate.boot.model.internal.PropertyBinder - MetadataSourceProcessor property email with lazy=false
13:10:13.863 [main] DEBUG org.hibernate.boot.model.internal.AbstractPropertyHolder - Attempting to locate auto-apply AttributeConverter for property [org.frcpm.models.TeamMember:email]
13:10:13.863 [main] DEBUG org.hibernate.boot.model.internal.BasicValueBinder - building BasicValue for email
13:10:13.863 [main] DEBUG org.hibernate.mapping.BasicValue - Skipping column re-registration: team_members.email
13:10:13.863 [main] DEBUG org.hibernate.boot.model.internal.PropertyBinder - Building property email
13:10:13.863 [main] DEBUG org.hibernate.boot.model.internal.AnnotatedColumn - Binding column: AnnotatedColumn(column='first_name')
13:10:13.863 [main] DEBUG org.hibernate.boot.model.internal.PropertyBinder - MetadataSourceProcessor property firstName with lazy=false
13:10:13.863 [main] DEBUG org.hibernate.boot.model.internal.AbstractPropertyHolder - Attempting to locate auto-apply AttributeConverter for property [org.frcpm.models.TeamMember:firstName]
13:10:13.863 [main] DEBUG org.hibernate.boot.model.internal.BasicValueBinder - building BasicValue for firstName
13:10:13.863 [main] DEBUG org.hibernate.mapping.BasicValue - Skipping column re-registration: team_members.first_name
13:10:13.863 [main] DEBUG org.hibernate.boot.model.internal.PropertyBinder - Building property firstName
13:10:13.863 [main] DEBUG org.hibernate.boot.model.internal.AnnotatedColumn - Binding column: AnnotatedColumn(column='last_name')
13:10:13.863 [main] DEBUG org.hibernate.boot.model.internal.PropertyBinder - MetadataSourceProcessor property lastName with lazy=false
13:10:13.863 [main] DEBUG org.hibernate.boot.model.internal.AbstractPropertyHolder - Attempting to locate auto-apply AttributeConverter for property [org.frcpm.models.TeamMember:lastName]
13:10:13.863 [main] DEBUG org.hibernate.boot.model.internal.BasicValueBinder - building BasicValue for lastName
13:10:13.863 [main] DEBUG org.hibernate.mapping.BasicValue - Skipping column re-registration: team_members.last_name
13:10:13.863 [main] DEBUG org.hibernate.boot.model.internal.PropertyBinder - Building property lastName
13:10:13.863 [main] DEBUG org.hibernate.boot.model.internal.AnnotatedColumn - Binding column: AnnotatedColumn(column='is_leader')
13:10:13.863 [main] DEBUG org.hibernate.boot.model.internal.PropertyBinder - MetadataSourceProcessor property leader with lazy=false
13:10:13.863 [main] DEBUG org.hibernate.boot.model.internal.AbstractPropertyHolder - Attempting to locate auto-apply AttributeConverter for property [org.frcpm.models.TeamMember:leader]
13:10:13.863 [main] DEBUG org.hibernate.boot.model.internal.BasicValueBinder - building BasicValue for leader
13:10:13.863 [main] DEBUG org.hibernate.mapping.BasicValue - Skipping column re-registration: team_members.is_leader
13:10:13.863 [main] DEBUG org.hibernate.boot.model.internal.PropertyBinder - Building property leader
13:10:13.863 [main] DEBUG org.hibernate.boot.model.internal.AnnotatedColumn - Binding column: AnnotatedColumn(column='phone')
13:10:13.863 [main] DEBUG org.hibernate.boot.model.internal.PropertyBinder - MetadataSourceProcessor property phone with lazy=false
13:10:13.863 [main] DEBUG org.hibernate.boot.model.internal.AbstractPropertyHolder - Attempting to locate auto-apply AttributeConverter for property [org.frcpm.models.TeamMember:phone]
13:10:13.863 [main] DEBUG org.hibernate.boot.model.internal.BasicValueBinder - building BasicValue for phone
13:10:13.863 [main] DEBUG org.hibernate.mapping.BasicValue - Skipping column re-registration: team_members.phone
13:10:13.864 [main] DEBUG org.hibernate.boot.model.internal.PropertyBinder - Building property phone
13:10:13.864 [main] DEBUG org.hibernate.boot.model.internal.AnnotatedColumn - Binding column: AnnotatedColumn(column='skills')
13:10:13.864 [main] DEBUG org.hibernate.boot.model.internal.PropertyBinder - MetadataSourceProcessor property skills with lazy=false
13:10:13.864 [main] DEBUG org.hibernate.boot.model.internal.AbstractPropertyHolder - Attempting to locate auto-apply AttributeConverter for property [org.frcpm.models.TeamMember:skills]
13:10:13.864 [main] DEBUG org.hibernate.boot.model.internal.BasicValueBinder - building BasicValue for skills
13:10:13.864 [main] DEBUG org.hibernate.mapping.BasicValue - Skipping column re-registration: team_members.skills
13:10:13.864 [main] DEBUG org.hibernate.boot.model.internal.PropertyBinder - Building property skills
13:10:13.864 [main] DEBUG org.hibernate.boot.model.internal.AnnotatedColumn - Binding column: AnnotatedJoinColumn(column='subteam_id')
13:10:13.864 [main] DEBUG org.hibernate.boot.model.internal.AnnotatedColumn - Binding column: AnnotatedColumn()
13:10:13.864 [main] DEBUG org.hibernate.boot.model.internal.PropertyBinder - Building property subteam
13:10:13.864 [main] DEBUG org.hibernate.boot.model.internal.AnnotatedColumn - Binding column: AnnotatedColumn(column='username')
13:10:13.865 [main] DEBUG org.hibernate.boot.model.internal.PropertyBinder - MetadataSourceProcessor property username with lazy=false
13:10:13.865 [main] DEBUG org.hibernate.boot.model.internal.AbstractPropertyHolder - Attempting to locate auto-apply AttributeConverter for property [org.frcpm.models.TeamMember:username]
13:10:13.865 [main] DEBUG org.hibernate.boot.model.internal.BasicValueBinder - building BasicValue for username
13:10:13.865 [main] DEBUG org.hibernate.mapping.BasicValue - Skipping column re-registration: team_members.username
13:10:13.865 [main] DEBUG org.hibernate.boot.model.internal.PropertyBinder - Building property username
13:10:13.866 [main] DEBUG org.hibernate.boot.registry.classloading.internal.ClassLoaderServiceImpl - HHH000194: Package not found or no package-info.java: org.frcpm.models
13:10:13.867 [main] DEBUG org.hibernate.boot.model.internal.BasicValueBinder - Starting `BasicValueBinder#fillSimpleValue` for id
13:10:13.867 [main] DEBUG org.hibernate.boot.model.internal.BasicValueBinder - Starting `BasicValueBinder#fillSimpleValue` for arrivalTime
13:10:13.867 [main] DEBUG org.hibernate.boot.model.internal.BasicValueBinder - Starting `BasicValueBinder#fillSimpleValue` for departureTime
13:10:13.867 [main] DEBUG org.hibernate.boot.model.internal.BasicValueBinder - Starting `BasicValueBinder#fillSimpleValue` for present
13:10:13.867 [main] DEBUG org.hibernate.boot.model.internal.BasicValueBinder - Starting `BasicValueBinder#fillSimpleValue` for id
13:10:13.867 [main] DEBUG org.hibernate.boot.model.internal.BasicValueBinder - Starting `BasicValueBinder#fillSimpleValue` for date
13:10:13.867 [main] DEBUG org.hibernate.boot.model.internal.BasicValueBinder - Starting `BasicValueBinder#fillSimpleValue` for endTime
13:10:13.867 [main] DEBUG org.hibernate.boot.model.internal.BasicValueBinder - Starting `BasicValueBinder#fillSimpleValue` for notes
13:10:13.867 [main] DEBUG org.hibernate.boot.model.internal.BasicValueBinder - Starting `BasicValueBinder#fillSimpleValue` for startTime
13:10:13.867 [main] DEBUG org.hibernate.boot.model.internal.BasicValueBinder - Starting `BasicValueBinder#fillSimpleValue` for id
13:10:13.867 [main] DEBUG org.hibernate.boot.model.internal.BasicValueBinder - Starting `BasicValueBinder#fillSimpleValue` for description
13:10:13.867 [main] DEBUG org.hibernate.boot.model.internal.BasicValueBinder - Starting `BasicValueBinder#fillSimpleValue` for name
13:10:13.868 [main] DEBUG org.hibernate.boot.model.internal.BasicValueBinder - Starting `BasicValueBinder#fillSimpleValue` for status
13:10:13.868 [main] DEBUG org.hibernate.boot.model.internal.BasicValueBinder - Starting `BasicValueBinder#fillSimpleValue` for id
13:10:13.868 [main] DEBUG org.hibernate.boot.model.internal.BasicValueBinder - Starting `BasicValueBinder#fillSimpleValue` for actualDelivery
13:10:13.868 [main] DEBUG org.hibernate.boot.model.internal.BasicValueBinder - Starting `BasicValueBinder#fillSimpleValue` for delivered
13:10:13.868 [main] DEBUG org.hibernate.boot.model.internal.BasicValueBinder - Starting `BasicValueBinder#fillSimpleValue` for description
13:10:13.868 [main] DEBUG org.hibernate.boot.model.internal.BasicValueBinder - Starting `BasicValueBinder#fillSimpleValue` for expectedDelivery
13:10:13.868 [main] DEBUG org.hibernate.boot.model.internal.BasicValueBinder - Starting `BasicValueBinder#fillSimpleValue` for name
13:10:13.868 [main] DEBUG org.hibernate.boot.model.internal.BasicValueBinder - Starting `BasicValueBinder#fillSimpleValue` for partNumber
13:10:13.868 [main] DEBUG org.hibernate.boot.model.internal.BasicValueBinder - Starting `BasicValueBinder#fillSimpleValue` for id
13:10:13.868 [main] DEBUG org.hibernate.boot.model.internal.BasicValueBinder - Starting `BasicValueBinder#fillSimpleValue` for date
13:10:13.868 [main] DEBUG org.hibernate.boot.model.internal.BasicValueBinder - Starting `BasicValueBinder#fillSimpleValue` for description
13:10:13.868 [main] DEBUG org.hibernate.boot.model.internal.BasicValueBinder - Starting `BasicValueBinder#fillSimpleValue` for name
13:10:13.868 [main] DEBUG org.hibernate.boot.model.internal.BasicValueBinder - Starting `BasicValueBinder#fillSimpleValue` for id
13:10:13.868 [main] DEBUG org.hibernate.boot.model.internal.BasicValueBinder - Starting `BasicValueBinder#fillSimpleValue` for description
13:10:13.868 [main] DEBUG org.hibernate.boot.model.internal.BasicValueBinder - Starting `BasicValueBinder#fillSimpleValue` for goalEndDate
13:10:13.868 [main] DEBUG org.hibernate.boot.model.internal.BasicValueBinder - Starting `BasicValueBinder#fillSimpleValue` for hardDeadline
13:10:13.868 [main] DEBUG org.hibernate.boot.model.internal.BasicValueBinder - Starting `BasicValueBinder#fillSimpleValue` for name
13:10:13.868 [main] DEBUG org.hibernate.boot.model.internal.BasicValueBinder - Starting `BasicValueBinder#fillSimpleValue` for startDate
13:10:13.868 [main] DEBUG org.hibernate.boot.model.internal.BasicValueBinder - Starting `BasicValueBinder#fillSimpleValue` for id
13:10:13.868 [main] DEBUG org.hibernate.boot.model.internal.BasicValueBinder - Starting `BasicValueBinder#fillSimpleValue` for colorCode
13:10:13.868 [main] DEBUG org.hibernate.boot.model.internal.BasicValueBinder - Starting `BasicValueBinder#fillSimpleValue` for name
13:10:13.869 [main] DEBUG org.hibernate.boot.model.internal.BasicValueBinder - Starting `BasicValueBinder#fillSimpleValue` for specialties
13:10:13.869 [main] DEBUG org.hibernate.boot.model.internal.BasicValueBinder - Starting `BasicValueBinder#fillSimpleValue` for id
13:10:13.869 [main] DEBUG org.hibernate.boot.model.internal.BasicValueBinder - Starting `BasicValueBinder#fillSimpleValue` for actualDurationSeconds
13:10:13.869 [main] DEBUG org.hibernate.boot.model.internal.BasicValueBinder - Starting `BasicValueBinder#fillSimpleValue` for completed
13:10:13.869 [main] DEBUG org.hibernate.boot.model.internal.BasicValueBinder - Starting `BasicValueBinder#fillSimpleValue` for description
13:10:13.869 [main] DEBUG org.hibernate.boot.model.internal.BasicValueBinder - Starting `BasicValueBinder#fillSimpleValue` for endDate
13:10:13.869 [main] DEBUG org.hibernate.boot.model.internal.BasicValueBinder - Starting `BasicValueBinder#fillSimpleValue` for estimatedDurationSeconds
13:10:13.869 [main] DEBUG org.hibernate.boot.model.internal.BasicValueBinder - Starting `BasicValueBinder#fillSimpleValue` for priority
13:10:13.869 [main] DEBUG org.hibernate.boot.model.internal.BasicValueBinder - Starting `BasicValueBinder#fillSimpleValue` for progress
13:10:13.869 [main] DEBUG org.hibernate.boot.model.internal.BasicValueBinder - Starting `BasicValueBinder#fillSimpleValue` for startDate
13:10:13.869 [main] DEBUG org.hibernate.boot.model.internal.BasicValueBinder - Starting `BasicValueBinder#fillSimpleValue` for title
13:10:13.869 [main] DEBUG org.hibernate.boot.model.internal.BasicValueBinder - Starting `BasicValueBinder#fillSimpleValue` for id
13:10:13.869 [main] DEBUG org.hibernate.boot.model.internal.BasicValueBinder - Starting `BasicValueBinder#fillSimpleValue` for email
13:10:13.869 [main] DEBUG org.hibernate.boot.model.internal.BasicValueBinder - Starting `BasicValueBinder#fillSimpleValue` for firstName
13:10:13.869 [main] DEBUG org.hibernate.boot.model.internal.BasicValueBinder - Starting `BasicValueBinder#fillSimpleValue` for lastName
13:10:13.869 [main] DEBUG org.hibernate.boot.model.internal.BasicValueBinder - Starting `BasicValueBinder#fillSimpleValue` for leader
13:10:13.869 [main] DEBUG org.hibernate.boot.model.internal.BasicValueBinder - Starting `BasicValueBinder#fillSimpleValue` for phone
13:10:13.870 [main] DEBUG org.hibernate.boot.model.internal.BasicValueBinder - Starting `BasicValueBinder#fillSimpleValue` for skills
13:10:13.870 [main] DEBUG org.hibernate.boot.model.internal.BasicValueBinder - Starting `BasicValueBinder#fillSimpleValue` for username
13:10:13.870 [main] DEBUG org.hibernate.mapping.PrimaryKey - Forcing column [id] to be non-null as it is part of the primary key for table [attendances]
13:10:13.870 [main] DEBUG org.hibernate.mapping.PrimaryKey - Forcing column [id] to be non-null as it is part of the primary key for table [meetings]
13:10:13.870 [main] DEBUG org.hibernate.mapping.PrimaryKey - Forcing column [id] to be non-null as it is part of the primary key for table [subsystems]
13:10:13.870 [main] DEBUG org.hibernate.mapping.PrimaryKey - Forcing column [id] to be non-null as it is part of the primary key for table [components]
13:10:13.870 [main] DEBUG org.hibernate.mapping.PrimaryKey - Forcing column [id] to be non-null as it is part of the primary key for table [milestones]
13:10:13.870 [main] DEBUG org.hibernate.mapping.PrimaryKey - Forcing column [id] to be non-null as it is part of the primary key for table [projects]
13:10:13.870 [main] DEBUG org.hibernate.mapping.PrimaryKey - Forcing column [id] to be non-null as it is part of the primary key for table [subteams]
13:10:13.870 [main] DEBUG org.hibernate.mapping.PrimaryKey - Forcing column [id] to be non-null as it is part of the primary key for table [tasks]
13:10:13.870 [main] DEBUG org.hibernate.mapping.PrimaryKey - Forcing column [id] to be non-null as it is part of the primary key for table [team_members]
13:10:13.871 [main] DEBUG org.hibernate.boot.model.internal.CollectionSecondPass - Second pass for collection: org.frcpm.models.Task.requiredComponents
13:10:13.871 [main] DEBUG org.hibernate.boot.model.internal.CollectionBinder - Binding a ManyToMany: org.frcpm.models.Task.requiredComponents
13:10:13.872 [main] DEBUG org.hibernate.boot.registry.classloading.internal.ClassLoaderServiceImpl - HHH000194: Package not found or no package-info.java: org.frcpm.models
13:10:13.872 [main] DEBUG org.hibernate.mapping.PrimaryKey - Forcing column [task_id] to be non-null as it is part of the primary key for table [task_components]
13:10:13.872 [main] DEBUG org.hibernate.mapping.PrimaryKey - Forcing column [component_id] to be non-null as it is part of the primary key for table [task_components]
13:10:13.872 [main] DEBUG org.hibernate.boot.model.internal.CollectionSecondPass - Mapped collection key: task_id, element: component_id
13:10:13.872 [main] DEBUG org.hibernate.boot.model.internal.CollectionSecondPass - Second pass for collection: org.frcpm.models.Task.preDependencies
13:10:13.872 [main] DEBUG org.hibernate.boot.model.internal.CollectionBinder - Binding a ManyToMany: org.frcpm.models.Task.preDependencies
13:10:13.873 [main] DEBUG org.hibernate.boot.registry.classloading.internal.ClassLoaderServiceImpl - HHH000194: Package not found or no package-info.java: org.frcpm.models
13:10:13.873 [main] DEBUG org.hibernate.mapping.PrimaryKey - Forcing column [task_id] to be non-null as it is part of the primary key for table [task_dependencies]
13:10:13.873 [main] DEBUG org.hibernate.mapping.PrimaryKey - Forcing column [dependency_id] to be non-null as it is part of the primary key for table [task_dependencies]
13:10:13.873 [main] DEBUG org.hibernate.boot.model.internal.CollectionSecondPass - Mapped collection key: task_id, element: dependency_id
13:10:13.873 [main] DEBUG org.hibernate.boot.model.internal.CollectionSecondPass - Second pass for collection: org.frcpm.models.Task.assignedTo
13:10:13.873 [main] DEBUG org.hibernate.boot.model.internal.CollectionBinder - Binding a ManyToMany: org.frcpm.models.Task.assignedTo
13:10:13.874 [main] DEBUG org.hibernate.boot.registry.classloading.internal.ClassLoaderServiceImpl - HHH000194: Package not found or no package-info.java: org.frcpm.models
13:10:13.874 [main] DEBUG org.hibernate.mapping.PrimaryKey - Forcing column [task_id] to be non-null as it is part of the primary key for table [task_assignments]
13:10:13.874 [main] DEBUG org.hibernate.mapping.PrimaryKey - Forcing column [team_member_id] to be non-null as it is part of the primary key for table [task_assignments]
13:10:13.874 [main] DEBUG org.hibernate.boot.model.internal.CollectionSecondPass - Mapped collection key: task_id, element: team_member_id
13:10:13.874 [main] DEBUG org.hibernate.boot.model.internal.CollectionSecondPass - Second pass for collection: org.frcpm.models.Meeting.attendances
13:10:13.874 [main] DEBUG org.hibernate.boot.model.internal.CollectionBinder - Binding a OneToMany: org.frcpm.models.Meeting.attendances through a foreign key
13:10:13.874 [main] DEBUG org.hibernate.boot.model.internal.CollectionBinder - Mapping collection: org.frcpm.models.Meeting.attendances -> attendances
13:10:13.874 [main] DEBUG org.hibernate.boot.model.internal.TableBinder - Retrieving property org.frcpm.models.Attendance.meeting
13:10:13.875 [main] DEBUG org.hibernate.boot.model.internal.CollectionSecondPass - Mapped collection key: meeting_id, one-to-many: org.frcpm.models.Attendance
13:10:13.875 [main] DEBUG org.hibernate.boot.model.internal.CollectionSecondPass - Second pass for collection: org.frcpm.models.Subsystem.tasks
13:10:13.875 [main] DEBUG org.hibernate.boot.model.internal.CollectionBinder - Binding a OneToMany: org.frcpm.models.Subsystem.tasks through a foreign key
13:10:13.875 [main] DEBUG org.hibernate.boot.model.internal.CollectionBinder - Mapping collection: org.frcpm.models.Subsystem.tasks -> tasks
13:10:13.875 [main] DEBUG org.hibernate.boot.model.internal.TableBinder - Retrieving property org.frcpm.models.Task.subsystem
13:10:13.875 [main] DEBUG org.hibernate.boot.model.internal.CollectionSecondPass - Mapped collection key: subsystem_id, one-to-many: org.frcpm.models.Task
13:10:13.875 [main] DEBUG org.hibernate.boot.model.internal.CollectionSecondPass - Second pass for collection: org.frcpm.models.Component.requiredForTasks
13:10:13.875 [main] DEBUG org.hibernate.boot.model.internal.CollectionBinder - Binding a ManyToMany: org.frcpm.models.Component.requiredForTasks
13:10:13.876 [main] DEBUG org.hibernate.boot.registry.classloading.internal.ClassLoaderServiceImpl - HHH000194: Package not found or no package-info.java: org.frcpm.models
13:10:13.876 [main] DEBUG org.hibernate.boot.model.internal.TableBinder - Retrieving property org.frcpm.models.Task.requiredComponents
13:10:13.876 [main] DEBUG org.hibernate.boot.model.internal.CollectionSecondPass - Mapped collection key: component_id, element: task_id
13:10:13.876 [main] DEBUG org.hibernate.boot.model.internal.CollectionSecondPass - Second pass for collection: org.frcpm.models.Project.meetings
13:10:13.876 [main] DEBUG org.hibernate.boot.model.internal.CollectionBinder - Binding a OneToMany: org.frcpm.models.Project.meetings through a foreign key
13:10:13.876 [main] DEBUG org.hibernate.boot.model.internal.CollectionBinder - Mapping collection: org.frcpm.models.Project.meetings -> meetings
13:10:13.876 [main] DEBUG org.hibernate.boot.model.internal.TableBinder - Retrieving property org.frcpm.models.Meeting.project
13:10:13.876 [main] DEBUG org.hibernate.boot.model.internal.CollectionSecondPass - Mapped collection key: project_id, one-to-many: org.frcpm.models.Meeting
13:10:13.876 [main] DEBUG org.hibernate.boot.model.internal.CollectionSecondPass - Second pass for collection: org.frcpm.models.Project.milestones
13:10:13.876 [main] DEBUG org.hibernate.boot.model.internal.CollectionBinder - Binding a OneToMany: org.frcpm.models.Project.milestones through a foreign key
13:10:13.877 [main] DEBUG org.hibernate.boot.model.internal.CollectionBinder - Mapping collection: org.frcpm.models.Project.milestones -> milestones
13:10:13.877 [main] DEBUG org.hibernate.boot.model.internal.TableBinder - Retrieving property org.frcpm.models.Milestone.project
13:10:13.877 [main] DEBUG org.hibernate.boot.model.internal.CollectionSecondPass - Mapped collection key: project_id, one-to-many: org.frcpm.models.Milestone
13:10:13.877 [main] DEBUG org.hibernate.boot.model.internal.CollectionSecondPass - Second pass for collection: org.frcpm.models.Project.tasks
13:10:13.877 [main] DEBUG org.hibernate.boot.model.internal.CollectionBinder - Binding a OneToMany: org.frcpm.models.Project.tasks through a foreign key
13:10:13.877 [main] DEBUG org.hibernate.boot.model.internal.CollectionBinder - Mapping collection: org.frcpm.models.Project.tasks -> tasks
13:10:13.877 [main] DEBUG org.hibernate.boot.model.internal.TableBinder - Retrieving property org.frcpm.models.Task.project
13:10:13.877 [main] DEBUG org.hibernate.boot.model.internal.CollectionSecondPass - Mapped collection key: project_id, one-to-many: org.frcpm.models.Task
13:10:13.877 [main] DEBUG org.hibernate.boot.model.internal.CollectionSecondPass - Second pass for collection: org.frcpm.models.Subteam.members
13:10:13.877 [main] DEBUG org.hibernate.boot.model.internal.CollectionBinder - Binding a OneToMany: org.frcpm.models.Subteam.members through a foreign key
13:10:13.877 [main] DEBUG org.hibernate.boot.model.internal.CollectionBinder - Mapping collection: org.frcpm.models.Subteam.members -> team_members
13:10:13.877 [main] DEBUG org.hibernate.boot.model.internal.TableBinder - Retrieving property org.frcpm.models.TeamMember.subteam
13:10:13.877 [main] DEBUG org.hibernate.boot.model.internal.CollectionSecondPass - Mapped collection key: subteam_id, one-to-many: org.frcpm.models.TeamMember
13:10:13.877 [main] DEBUG org.hibernate.boot.model.internal.CollectionSecondPass - Second pass for collection: org.frcpm.models.Subteam.subsystems
13:10:13.877 [main] DEBUG org.hibernate.boot.model.internal.CollectionBinder - Binding a OneToMany: org.frcpm.models.Subteam.subsystems through a foreign key
13:10:13.877 [main] DEBUG org.hibernate.boot.model.internal.CollectionBinder - Mapping collection: org.frcpm.models.Subteam.subsystems -> subsystems
13:10:13.877 [main] DEBUG org.hibernate.boot.model.internal.TableBinder - Retrieving property org.frcpm.models.Subsystem.responsibleSubteam
13:10:13.877 [main] DEBUG org.hibernate.boot.model.internal.CollectionSecondPass - Mapped collection key: responsible_subteam_id, one-to-many: org.frcpm.models.Subsystem
13:10:13.877 [main] DEBUG org.hibernate.boot.model.internal.CollectionSecondPass - Second pass for collection: org.frcpm.models.Task.postDependencies
13:10:13.877 [main] DEBUG org.hibernate.boot.model.internal.CollectionBinder - Binding a ManyToMany: org.frcpm.models.Task.postDependencies
13:10:13.878 [main] DEBUG org.hibernate.boot.registry.classloading.internal.ClassLoaderServiceImpl - HHH000194: Package not found or no package-info.java: org.frcpm.models
13:10:13.878 [main] DEBUG org.hibernate.boot.model.internal.TableBinder - Retrieving property org.frcpm.models.Task.preDependencies
13:10:13.878 [main] DEBUG org.hibernate.boot.model.internal.CollectionSecondPass - Mapped collection key: dependency_id, element: task_id
13:10:13.878 [main] DEBUG org.hibernate.boot.model.internal.CollectionSecondPass - Second pass for collection: org.frcpm.models.TeamMember.assignedTasks
13:10:13.878 [main] DEBUG org.hibernate.boot.model.internal.CollectionBinder - Binding a ManyToMany: org.frcpm.models.TeamMember.assignedTasks
13:10:13.878 [main] DEBUG org.hibernate.boot.registry.classloading.internal.ClassLoaderServiceImpl - HHH000194: Package not found or no package-info.java: org.frcpm.models
13:10:13.878 [main] DEBUG org.hibernate.boot.model.internal.TableBinder - Retrieving property org.frcpm.models.Task.assignedTo
13:10:13.878 [main] DEBUG org.hibernate.boot.model.internal.CollectionSecondPass - Mapped collection key: team_member_id, element: task_id
13:10:13.878 [main] DEBUG org.hibernate.boot.model.internal.CollectionSecondPass - Second pass for collection: org.frcpm.models.TeamMember.attendances
13:10:13.878 [main] DEBUG org.hibernate.boot.model.internal.CollectionBinder - Binding a OneToMany: org.frcpm.models.TeamMember.attendances through a foreign key
13:10:13.878 [main] DEBUG org.hibernate.boot.model.internal.CollectionBinder - Mapping collection: org.frcpm.models.TeamMember.attendances -> attendances
13:10:13.878 [main] DEBUG org.hibernate.boot.model.internal.TableBinder - Retrieving property org.frcpm.models.Attendance.member
13:10:13.878 [main] DEBUG org.hibernate.boot.model.internal.CollectionSecondPass - Mapped collection key: member_id, one-to-many: org.frcpm.models.Attendance
13:10:13.891 [frcpm-hikari-pool connection adder] DEBUG com.zaxxer.hikari.pool.HikariPool - frcpm-hikari-pool - After adding stats (total=2, active=0, idle=2, waiting=0)
13:10:13.892 [frcpm-hikari-pool connection adder] DEBUG com.zaxxer.hikari.pool.HikariPool - frcpm-hikari-pool - Added connection conn24: url=jdbc:h2:mem:testdb user=SA
13:10:13.892 [main] DEBUG org.hibernate.internal.SessionFactoryImpl - Building session factory
13:10:13.894 [main] DEBUG org.hibernate.service.internal.SessionFactoryServiceRegistryImpl - EventListenerRegistry access via ServiceRegistry is deprecated.  Use `sessionFactory.getEventEngine().getListenerRegistry()` instead
13:10:13.894 [main] DEBUG org.hibernate.internal.SessionFactoryImpl - Instantiating SessionFactory with settings: {hibernate.format_sql=true, java.specification.version=21, sun.cpu.isalist=amd64, hibernate.connection.handling_mode=DELAYED_ACQUISITION_AND_RELEASE_AFTER_STATEMENT, sun.jnu.encoding=Cp1252, hibernate.dialect=org.hibernate.dialect.H2Dialect, java.class.path=C:\Users\dhiebert\Local Repositories\Project Management 2.0\target\test-classes;C:\Users\dhiebert\Local Repositories\Project Management 2.0\target\classes;C:\Users\dhiebert\.m2\repository\org\openjfx\javafx-controls\21.0.2\javafx-controls-21.0.2.jar;C:\Users\dhiebert\.m2\repository\org\openjfx\javafx-controls\21.0.2\javafx-controls-21.0.2-win.jar;C:\Users\dhiebert\.m2\repository\org\openjfx\javafx-fxml\21.0.2\javafx-fxml-21.0.2.jar;C:\Users\dhiebert\.m2\repository\org\openjfx\javafx-fxml\21.0.2\javafx-fxml-21.0.2-win.jar;C:\Users\dhiebert\.m2\repository\org\openjfx\javafx-graphics\21.0.2\javafx-graphics-21.0.2.jar;C:\Users\dhiebert\.m2\repository\org\openjfx\javafx-graphics\21.0.2\javafx-graphics-21.0.2-win.jar;C:\Users\dhiebert\.m2\repository\org\openjfx\javafx-base\21.0.2\javafx-base-21.0.2.jar;C:\Users\dhiebert\.m2\repository\org\openjfx\javafx-base\21.0.2\javafx-base-21.0.2-win.jar;C:\Users\dhiebert\.m2\repository\com\h2database\h2\2.2.224\h2-2.2.224.jar;C:\Users\dhiebert\.m2\repository\com\zaxxer\HikariCP\5.1.0\HikariCP-5.1.0.jar;C:\Users\dhiebert\.m2\repository\org\slf4j\slf4j-api\1.7.36\slf4j-api-1.7.36.jar;C:\Users\dhiebert\.m2\repository\org\hibernate\orm\hibernate-core\6.5.0.Final\hibernate-core-6.5.0.Final.jar;C:\Users\dhiebert\.m2\repository\jakarta\persistence\jakarta.persistence-api\3.1.0\jakarta.persistence-api-3.1.0.jar;C:\Users\dhiebert\.m2\repository\jakarta\transaction\jakarta.transaction-api\2.0.1\jakarta.transaction-api-2.0.1.jar;C:\Users\dhiebert\.m2\repository\org\jboss\logging\jboss-logging\3.5.0.Final\jboss-logging-3.5.0.Final.jar;C:\Users\dhiebert\.m2\repository\org\hibernate\common\hibernate-commons-annotations\6.0.6.Final\hibernate-commons-annotations-6.0.6.Final.jar;C:\Users\dhiebert\.m2\repository\io\smallrye\jandex\3.1.2\jandex-3.1.2.jar;C:\Users\dhiebert\.m2\repository\com\fasterxml\classmate\1.5.1\classmate-1.5.1.jar;C:\Users\dhiebert\.m2\repository\net\bytebuddy\byte-buddy\1.14.12\byte-buddy-1.14.12.jar;C:\Users\dhiebert\.m2\repository\jakarta\xml\bind\jakarta.xml.bind-api\4.0.0\jakarta.xml.bind-api-4.0.0.jar;C:\Users\dhiebert\.m2\repository\jakarta\activation\jakarta.activation-api\2.1.0\jakarta.activation-api-2.1.0.jar;C:\Users\dhiebert\.m2\repository\org\glassfish\jaxb\jaxb-runtime\4.0.2\jaxb-runtime-4.0.2.jar;C:\Users\dhiebert\.m2\repository\org\glassfish\jaxb\jaxb-core\4.0.2\jaxb-core-4.0.2.jar;C:\Users\dhiebert\.m2\repository\org\eclipse\angus\angus-activation\2.0.0\angus-activation-2.0.0.jar;C:\Users\dhiebert\.m2\repository\org\glassfish\jaxb\txw2\4.0.2\txw2-4.0.2.jar;C:\Users\dhiebert\.m2\repository\com\sun\istack\istack-commons-runtime\4.1.1\istack-commons-runtime-4.1.1.jar;C:\Users\dhiebert\.m2\repository\jakarta\inject\jakarta.inject-api\2.0.1\jakarta.inject-api-2.0.1.jar;C:\Users\dhiebert\.m2\repository\org\antlr\antlr4-runtime\4.13.0\antlr4-runtime-4.13.0.jar;C:\Users\dhiebert\.m2\repository\org\hibernate\validator\hibernate-validator\8.0.1.Final\hibernate-validator-8.0.1.Final.jar;C:\Users\dhiebert\.m2\repository\jakarta\validation\jakarta.validation-api\3.0.2\jakarta.validation-api-3.0.2.jar;C:\Users\dhiebert\.m2\repository\org\junit\jupiter\junit-jupiter-api\5.10.2\junit-jupiter-api-5.10.2.jar;C:\Users\dhiebert\.m2\repository\org\opentest4j\opentest4j\1.3.0\opentest4j-1.3.0.jar;C:\Users\dhiebert\.m2\repository\org\junit\platform\junit-platform-commons\1.10.2\junit-platform-commons-1.10.2.jar;C:\Users\dhiebert\.m2\repository\org\apiguardian\apiguardian-api\1.1.2\apiguardian-api-1.1.2.jar;C:\Users\dhiebert\.m2\repository\org\junit\jupiter\junit-jupiter-engine\5.10.2\junit-jupiter-engine-5.10.2.jar;C:\Users\dhiebert\.m2\repository\org\junit\platform\junit-platform-engine\1.10.2\junit-platform-engine-1.10.2.jar;C:\Users\dhiebert\.m2\repository\org\mockito\mockito-junit-jupiter\5.10.0\mockito-junit-jupiter-5.10.0.jar;C:\Users\dhiebert\.m2\repository\org\mockito\mockito-core\5.10.0\mockito-core-5.10.0.jar;C:\Users\dhiebert\.m2\repository\net\bytebuddy\byte-buddy-agent\1.14.11\byte-buddy-agent-1.14.11.jar;C:\Users\dhiebert\.m2\repository\org\objenesis\objenesis\3.3\objenesis-3.3.jar;C:\Users\dhiebert\.m2\repository\org\hibernate\orm\hibernate-hikaricp\6.5.0.Final\hibernate-hikaricp-6.5.0.Final.jar;C:\Users\dhiebert\.m2\repository\ch\qos\logback\logback-classic\1.2.11\logback-classic-1.2.11.jar;C:\Users\dhiebert\.m2\repository\ch\qos\logback\logback-core\1.2.11\logback-core-1.2.11.jar;C:\Users\dhiebert\.m2\repository\org\testfx\testfx-core\4.0.18\testfx-core-4.0.18.jar;C:\Users\dhiebert\.m2\repository\org\hamcrest\hamcrest\2.1\hamcrest-2.1.jar;C:\Users\dhiebert\.m2\repository\org\assertj\assertj-core\3.13.2\assertj-core-3.13.2.jar;C:\Users\dhiebert\.m2\repository\org\osgi\org.osgi.core\6.0.0\org.osgi.core-6.0.0.jar;C:\Users\dhiebert\.m2\repository\org\testfx\testfx-junit5\4.0.18\testfx-junit5-4.0.18.jar;C:\Users\dhiebert\.m2\repository\org\openjfx\javafx-web\17.0.2\javafx-web-17.0.2.jar;C:\Users\dhiebert\.m2\repository\org\openjfx\javafx-web\17.0.2\javafx-web-17.0.2-win.jar;C:\Users\dhiebert\.m2\repository\org\openjfx\javafx-media\17.0.2\javafx-media-17.0.2.jar;C:\Users\dhiebert\.m2\repository\org\openjfx\javafx-media\17.0.2\javafx-media-17.0.2-win.jar;C:\Users\dhiebert\.m2\repository\org\apache\pdfbox\pdfbox\2.0.27\pdfbox-2.0.27.jar;C:\Users\dhiebert\.m2\repository\org\apache\pdfbox\fontbox\2.0.27\fontbox-2.0.27.jar;C:\Users\dhiebert\.m2\repository\commons-logging\commons-logging\1.2\commons-logging-1.2.jar;C:\Users\dhiebert\.m2\repository\com\fasterxml\jackson\core\jackson-databind\2.15.0\jackson-databind-2.15.0.jar;C:\Users\dhiebert\.m2\repository\com\fasterxml\jackson\core\jackson-annotations\2.15.0\jackson-annotations-2.15.0.jar;C:\Users\dhiebert\.m2\repository\com\fasterxml\jackson\core\jackson-core\2.15.0\jackson-core-2.15.0.jar;C:\Users\dhiebert\.m2\repository\org\apache\xmlgraphics\batik-all\1.16\batik-all-1.16.jar;C:\Users\dhiebert\.m2\repository\xml-apis\xml-apis\1.4.01\xml-apis-1.4.01.jar;C:\Users\dhiebert\.m2\repository\xml-apis\xml-apis-ext\1.3.04\xml-apis-ext-1.3.04.jar;C:\Users\dhiebert\.m2\repository\org\apache\xmlgraphics\xmlgraphics-commons\2.7\xmlgraphics-commons-2.7.jar;C:\Users\dhiebert\.m2\repository\commons-io\commons-io\1.3.1\commons-io-1.3.1.jar;C:\Users\dhiebert\.m2\repository\org\jgrapht\jgrapht-core\1.5.2\jgrapht-core-1.5.2.jar;C:\Users\dhiebert\.m2\repository\org\jheaps\jheaps\0.14\jheaps-0.14.jar;C:\Users\dhiebert\.m2\repository\org\apfloat\apfloat\1.10.1\apfloat-1.10.1.jar;, java.vm.vendor=Eclipse Adoptium, sun.arch.data.model=64, hibernate.order_inserts=true, user.variant=, java.vendor.url=https://adoptium.net/, user.timezone=America/Chicago, javax.persistence.jdbc.user=****, javax.persistence.jdbc.url=jdbc:h2:mem:testdb;DB_CLOSE_DELAY=-1, java.vm.specification.version=21, os.name=Windows 11, hibernate.generate_statistics=false, hibernate.hikari.connectionTimeout=10000, hibernate.order_updates=true, hibernate.jdbc.batch_versioned_data=true, jakarta.persistence.jdbc.password=****, hibernate.jdbc.batch_size=30, sun.java.launcher=SUN_STANDARD, user.country=US, local.setting.IS_JTA_TXN_COORD=false, sun.boot.library.path=C:\Program Files\Eclipse Adoptium\jdk-21.0.6.7-hotspot\bin, sun.java.command=C:\Users\dhiebert\AppData\Local\Temp\surefire10019069690924606344\surefirebooter-20250411131008082_3.jar C:\Users\dhiebert\AppData\Local\Temp\surefire10019069690924606344 2025-04-11T13-10-07_936-jvmRun1 surefire-20250411131008082_1tmp surefire_0-20250411131008082_2tmp, hibernate.use_sql_comments=true, hibernate.connection.provider_class=org.hibernate.hikaricp.internal.HikariCPConnectionProvider, jdk.debug=release, test=JpaRepositoryImplTest, surefire.test.class.path=C:\Users\dhiebert\Local Repositories\Project Management 2.0\target\test-classes;C:\Users\dhiebert\Local Repositories\Project Management 2.0\target\classes;C:\Users\dhiebert\.m2\repository\org\openjfx\javafx-controls\21.0.2\javafx-controls-21.0.2.jar;C:\Users\dhiebert\.m2\repository\org\openjfx\javafx-controls\21.0.2\javafx-controls-21.0.2-win.jar;C:\Users\dhiebert\.m2\repository\org\openjfx\javafx-fxml\21.0.2\javafx-fxml-21.0.2.jar;C:\Users\dhiebert\.m2\repository\org\openjfx\javafx-fxml\21.0.2\javafx-fxml-21.0.2-win.jar;C:\Users\dhiebert\.m2\repository\org\openjfx\javafx-graphics\21.0.2\javafx-graphics-21.0.2.jar;C:\Users\dhiebert\.m2\repository\org\openjfx\javafx-graphics\21.0.2\javafx-graphics-21.0.2-win.jar;C:\Users\dhiebert\.m2\repository\org\openjfx\javafx-base\21.0.2\javafx-base-21.0.2.jar;C:\Users\dhiebert\.m2\repository\org\openjfx\javafx-base\21.0.2\javafx-base-21.0.2-win.jar;C:\Users\dhiebert\.m2\repository\com\h2database\h2\2.2.224\h2-2.2.224.jar;C:\Users\dhiebert\.m2\repository\com\zaxxer\HikariCP\5.1.0\HikariCP-5.1.0.jar;C:\Users\dhiebert\.m2\repository\org\slf4j\slf4j-api\1.7.36\slf4j-api-1.7.36.jar;C:\Users\dhiebert\.m2\repository\org\hibernate\orm\hibernate-core\6.5.0.Final\hibernate-core-6.5.0.Final.jar;C:\Users\dhiebert\.m2\repository\jakarta\persistence\jakarta.persistence-api\3.1.0\jakarta.persistence-api-3.1.0.jar;C:\Users\dhiebert\.m2\repository\jakarta\transaction\jakarta.transaction-api\2.0.1\jakarta.transaction-api-2.0.1.jar;C:\Users\dhiebert\.m2\repository\org\jboss\logging\jboss-logging\3.5.0.Final\jboss-logging-3.5.0.Final.jar;C:\Users\dhiebert\.m2\repository\org\hibernate\common\hibernate-commons-annotations\6.0.6.Final\hibernate-commons-annotations-6.0.6.Final.jar;C:\Users\dhiebert\.m2\repository\io\smallrye\jandex\3.1.2\jandex-3.1.2.jar;C:\Users\dhiebert\.m2\repository\com\fasterxml\classmate\1.5.1\classmate-1.5.1.jar;C:\Users\dhiebert\.m2\repository\net\bytebuddy\byte-buddy\1.14.12\byte-buddy-1.14.12.jar;C:\Users\dhiebert\.m2\repository\jakarta\xml\bind\jakarta.xml.bind-api\4.0.0\jakarta.xml.bind-api-4.0.0.jar;C:\Users\dhiebert\.m2\repository\jakarta\activation\jakarta.activation-api\2.1.0\jakarta.activation-api-2.1.0.jar;C:\Users\dhiebert\.m2\repository\org\glassfish\jaxb\jaxb-runtime\4.0.2\jaxb-runtime-4.0.2.jar;C:\Users\dhiebert\.m2\repository\org\glassfish\jaxb\jaxb-core\4.0.2\jaxb-core-4.0.2.jar;C:\Users\dhiebert\.m2\repository\org\eclipse\angus\angus-activation\2.0.0\angus-activation-2.0.0.jar;C:\Users\dhiebert\.m2\repository\org\glassfish\jaxb\txw2\4.0.2\txw2-4.0.2.jar;C:\Users\dhiebert\.m2\repository\com\sun\istack\istack-commons-runtime\4.1.1\istack-commons-runtime-4.1.1.jar;C:\Users\dhiebert\.m2\repository\jakarta\inject\jakarta.inject-api\2.0.1\jakarta.inject-api-2.0.1.jar;C:\Users\dhiebert\.m2\repository\org\antlr\antlr4-runtime\4.13.0\antlr4-runtime-4.13.0.jar;C:\Users\dhiebert\.m2\repository\org\hibernate\validator\hibernate-validator\8.0.1.Final\hibernate-validator-8.0.1.Final.jar;C:\Users\dhiebert\.m2\repository\jakarta\validation\jakarta.validation-api\3.0.2\jakarta.validation-api-3.0.2.jar;C:\Users\dhiebert\.m2\repository\org\junit\jupiter\junit-jupiter-api\5.10.2\junit-jupiter-api-5.10.2.jar;C:\Users\dhiebert\.m2\repository\org\opentest4j\opentest4j\1.3.0\opentest4j-1.3.0.jar;C:\Users\dhiebert\.m2\repository\org\junit\platform\junit-platform-commons\1.10.2\junit-platform-commons-1.10.2.jar;C:\Users\dhiebert\.m2\repository\org\apiguardian\apiguardian-api\1.1.2\apiguardian-api-1.1.2.jar;C:\Users\dhiebert\.m2\repository\org\junit\jupiter\junit-jupiter-engine\5.10.2\junit-jupiter-engine-5.10.2.jar;C:\Users\dhiebert\.m2\repository\org\junit\platform\junit-platform-engine\1.10.2\junit-platform-engine-1.10.2.jar;C:\Users\dhiebert\.m2\repository\org\mockito\mockito-junit-jupiter\5.10.0\mockito-junit-jupiter-5.10.0.jar;C:\Users\dhiebert\.m2\repository\org\mockito\mockito-core\5.10.0\mockito-core-5.10.0.jar;C:\Users\dhiebert\.m2\repository\net\bytebuddy\byte-buddy-agent\1.14.11\byte-buddy-agent-1.14.11.jar;C:\Users\dhiebert\.m2\repository\org\objenesis\objenesis\3.3\objenesis-3.3.jar;C:\Users\dhiebert\.m2\repository\org\hibernate\orm\hibernate-hikaricp\6.5.0.Final\hibernate-hikaricp-6.5.0.Final.jar;C:\Users\dhiebert\.m2\repository\ch\qos\logback\logback-classic\1.2.11\logback-classic-1.2.11.jar;C:\Users\dhiebert\.m2\repository\ch\qos\logback\logback-core\1.2.11\logback-core-1.2.11.jar;C:\Users\dhiebert\.m2\repository\org\testfx\testfx-core\4.0.18\testfx-core-4.0.18.jar;C:\Users\dhiebert\.m2\repository\org\hamcrest\hamcrest\2.1\hamcrest-2.1.jar;C:\Users\dhiebert\.m2\repository\org\assertj\assertj-core\3.13.2\assertj-core-3.13.2.jar;C:\Users\dhiebert\.m2\repository\org\osgi\org.osgi.core\6.0.0\org.osgi.core-6.0.0.jar;C:\Users\dhiebert\.m2\repository\org\testfx\testfx-junit5\4.0.18\testfx-junit5-4.0.18.jar;C:\Users\dhiebert\.m2\repository\org\openjfx\javafx-web\17.0.2\javafx-web-17.0.2.jar;C:\Users\dhiebert\.m2\repository\org\openjfx\javafx-web\17.0.2\javafx-web-17.0.2-win.jar;C:\Users\dhiebert\.m2\repository\org\openjfx\javafx-media\17.0.2\javafx-media-17.0.2.jar;C:\Users\dhiebert\.m2\repository\org\openjfx\javafx-media\17.0.2\javafx-media-17.0.2-win.jar;C:\Users\dhiebert\.m2\repository\org\apache\pdfbox\pdfbox\2.0.27\pdfbox-2.0.27.jar;C:\Users\dhiebert\.m2\repository\org\apache\pdfbox\fontbox\2.0.27\fontbox-2.0.27.jar;C:\Users\dhiebert\.m2\repository\commons-logging\commons-logging\1.2\commons-logging-1.2.jar;C:\Users\dhiebert\.m2\repository\com\fasterxml\jackson\core\jackson-databind\2.15.0\jackson-databind-2.15.0.jar;C:\Users\dhiebert\.m2\repository\com\fasterxml\jackson\core\jackson-annotations\2.15.0\jackson-annotations-2.15.0.jar;C:\Users\dhiebert\.m2\repository\com\fasterxml\jackson\core\jackson-core\2.15.0\jackson-core-2.15.0.jar;C:\Users\dhiebert\.m2\repository\org\apache\xmlgraphics\batik-all\1.16\batik-all-1.16.jar;C:\Users\dhiebert\.m2\repository\xml-apis\xml-apis\1.4.01\xml-apis-1.4.01.jar;C:\Users\dhiebert\.m2\repository\xml-apis\xml-apis-ext\1.3.04\xml-apis-ext-1.3.04.jar;C:\Users\dhiebert\.m2\repository\org\apache\xmlgraphics\xmlgraphics-commons\2.7\xmlgraphics-commons-2.7.jar;C:\Users\dhiebert\.m2\repository\commons-io\commons-io\1.3.1\commons-io-1.3.1.jar;C:\Users\dhiebert\.m2\repository\org\jgrapht\jgrapht-core\1.5.2\jgrapht-core-1.5.2.jar;C:\Users\dhiebert\.m2\repository\org\jheaps\jheaps\0.14\jheaps-0.14.jar;C:\Users\dhiebert\.m2\repository\org\apfloat\apfloat\1.10.1\apfloat-1.10.1.jar;, jakarta.persistence.jdbc.driver=org.h2.Driver, sun.cpu.endian=little, user.home=C:\Users\dhiebert, user.language=en, java.specification.vendor=Oracle Corporation, java.version.date=2025-01-21, java.home=C:\Program Files\Eclipse Adoptium\jdk-21.0.6.7-hotspot, file.separator=\, basedir=C:\Users\dhiebert\Local Repositories\Project Management 2.0, java.vm.compressedOopsMode=Zero based, jakarta.persistence.jdbc.user=****, line.separator=
, hibernate.persistenceUnitName=frcpm, java.vm.specification.vendor=Oracle Corporation, java.specification.name=Java Platform API Specification, hibernate.transaction.coordinator_class=class org.hibernate.resource.transaction.backend.jdbc.internal.JdbcResourceLocalTransactionCoordinatorBuilderImpl, javax.persistence.jdbc.driver=org.h2.Driver, hibernate.hikari.maximumPoolSize=10, surefire.real.class.path=C:\Users\dhiebert\AppData\Local\Temp\surefire10019069690924606344\surefirebooter-20250411131008082_3.jar, hibernate.hbm2ddl.auto=create-drop, user.script=, sun.management.compiler=HotSpot 64-Bit Tiered Compilers, java.runtime.version=21.0.6+7-LTS, user.name=dhiebert, hibernate.cache.use_query_cache=false, stdout.encoding=Cp1252, path.separator=;, hibernate.connection.username=****, os.version=10.0, java.runtime.name=OpenJDK Runtime Environment, hibernate.connection.url=jdbc:h2:mem:testdb;DB_CLOSE_DELAY=-1, file.encoding=UTF-8, hibernate.hikari.minimumIdle=2, hibernate.hikari.idleTimeout=30000, java.vm.name=OpenJDK 64-Bit Server VM, hibernate.show_sql=true, java.vendor.version=Temurin-21.0.6+7, hibernate.hikari.poolName=FRC-PM-HikariCP, hibernate.current_session_context_class=thread, localRepository=C:\Users\dhiebert\.m2\repository, hibernate.connection.driver_class=org.h2.Driver, java.vendor.url.bug=https://github.com/adoptium/adoptium-support/issues, java.io.tmpdir=C:\Users\dhiebert\AppData\Local\Temp\, java.version=21.0.6, user.dir=C:\Users\dhiebert\Local Repositories\Project Management 2.0, os.arch=amd64, java.vm.specification.name=Java Virtual Machine Specification, hibernate.connection.password=****, sun.os.patch.level=, jakarta.persistence.jdbc.url=jdbc:h2:mem:testdb;DB_CLOSE_DELAY=-1, hibernate.boot.CfgXmlAccessService.key=org.hibernate.boot.registry.StandardServiceRegistryBuilder$1@15bb3db9, native.encoding=Cp1252, hibernate.cache.use_second_level_cache=false, java.library.path=C:\Program Files\Eclipse Adoptium\jdk-21.0.6.7-hotspot\bin;C:\WINDOWS\Sun\Java\bin;C:\WINDOWS\system32;C:\WINDOWS;C:\Program Files\apache-maven-3.9.9\bin;C:\Program Files\apache-maven-3.9.9\bin;C:\Program Files\Eclipse Adoptium\jdk-21.0.6.7-hotspot\bin;C:\Program Files\National Instruments\Shared\OpenVINO\;C:\Program Files\Common Files\Oracle\Java\javapath;C:\WINDOWS\system32;C:\WINDOWS;C:\WINDOWS\System32\Wbem;C:\WINDOWS\System32\WindowsPowerShell\v1.0\;C:\WINDOWS\System32\OpenSSH\;C:\Program Files\dotnet\;C:\Program Files (x86)\Windows Live\Shared;C:\Program Files\Git\cmd;C:\Program Files\Common Files\Autodesk Shared\;C:\Program Files\Microsoft SQL Server\150\Tools\Binn\;C:\Program Files\nodejs\;C:\Program Files\Eclipse Adoptium\jdk-21.0.6.7-hotspot\bin;C:\Program Files\apache-maven-3.9.9\bin;%MAVEN_HOME%\bin;C:\Users\dhiebert\AppData\Local\Microsoft\WindowsApps;C:\Users\dhiebert\AppData\Local\GitHubDesktop\bin;C:\Users\dhiebert\AppData\Roaming\npm;C:\Users\dhiebert\AppData\Local\Packages\PythonSoftwareFoundation.Python.3.11_qbz5n2kfra8p0\LocalCache\local-packages\Python311\Scripts;C:\Users\dhiebert\AppData\Local\Packages\PythonSoftwareFoundation.Python.3.11_qbz5n2kfra8p0\LocalCache\local-packages\Python311\site-packages\maven;;c:\Users\Public\wpilib\2025\vscode\data\user-data\User\globalStorage\github.copilot-chat\debugCommand;c:\Users\Public\wpilib\2025\vscode\data\extensions\ms-python.debugpy-2025.4.1-win32-x64\bundled\scripts\noConfigScripts;., stderr.encoding=Cp1252, java.vendor=Eclipse Adoptium, java.vm.info=mixed mode, sharing, java.vm.version=21.0.6+7-LTS, sun.io.unicode.encoding=UnicodeLittle, javax.persistence.jdbc.password=****, java.class.version=65.0}
13:10:13.894 [main] DEBUG org.hibernate.internal.SessionFactoryImpl - Session factory constructed with filter configurations : {}
13:10:13.895 [main] DEBUG org.hibernate.validator.internal.xml.config.ValidationXmlParser - Trying to load META-INF/validation.xml for XML based Validator configuration.
13:10:13.895 [main] DEBUG org.hibernate.validator.internal.xml.config.ResourceLoaderHelper - Trying to load META-INF/validation.xml via TCCL
13:10:13.895 [main] DEBUG org.hibernate.validator.internal.xml.config.ResourceLoaderHelper - Trying to load META-INF/validation.xml via Hibernate Validator's class loader
13:10:13.895 [main] DEBUG org.hibernate.validator.internal.xml.config.ValidationXmlParser - No META-INF/validation.xml found. Using annotation based configuration only.
13:10:13.895 [main] DEBUG org.hibernate.validator.internal.engine.resolver.TraversableResolvers - Found jakarta.persistence.Persistence on classpath containing 'getPersistenceUtil'. Assuming JPA 2 environment. Trying to instantiate JPA aware TraversableResolver
13:10:13.895 [main] DEBUG org.hibernate.validator.internal.engine.resolver.TraversableResolvers - Instantiated JPA aware TraversableResolver of type org.hibernate.validator.internal.engine.resolver.JPATraversableResolver.
13:10:13.896 [main] DEBUG org.hibernate.validator.messageinterpolation.ResourceBundleMessageInterpolator - Failed to load expression factory via classloader jdk.internal.loader.ClassLoaders$AppClassLoader@70dea4e
java.lang.NoClassDefFoundError: jakarta/el/ExpressionFactory
	at org.hibernate.validator.messageinterpolation.ResourceBundleMessageInterpolator.canLoadExpressionFactory(ResourceBundleMessageInterpolator.java:228)
	at org.hibernate.validator.messageinterpolation.ResourceBundleMessageInterpolator.buildExpressionFactory(ResourceBundleMessageInterpolator.java:173)
	at org.hibernate.validator.messageinterpolation.ResourceBundleMessageInterpolator.<init>(ResourceBundleMessageInterpolator.java:97)
	at org.hibernate.validator.internal.engine.AbstractConfigurationImpl.getDefaultMessageInterpolator(AbstractConfigurationImpl.java:575)
	at org.hibernate.validator.internal.engine.AbstractConfigurationImpl.getDefaultMessageInterpolatorConfiguredWithClassLoader(AbstractConfigurationImpl.java:834)
	at org.hibernate.validator.internal.engine.AbstractConfigurationImpl.getMessageInterpolator(AbstractConfigurationImpl.java:485)
	at org.hibernate.validator.internal.engine.ValidatorFactoryImpl.<init>(ValidatorFactoryImpl.java:157)
	at org.hibernate.validator.HibernateValidator.buildValidatorFactory(HibernateValidator.java:38)
	at org.hibernate.validator.internal.engine.AbstractConfigurationImpl.buildValidatorFactory(AbstractConfigurationImpl.java:453)
	at jakarta.validation.Validation.buildDefaultValidatorFactory(Validation.java:103)
	at org.hibernate.boot.beanvalidation.TypeSafeActivator.getValidatorFactory(TypeSafeActivator.java:482)
	at org.hibernate.boot.beanvalidation.TypeSafeActivator.activate(TypeSafeActivator.java:79)
	at java.base/jdk.internal.reflect.DirectMethodHandleAccessor.invoke(DirectMethodHandleAccessor.java:103)
	at java.base/java.lang.reflect.Method.invoke(Method.java:580)
	at org.hibernate.boot.beanvalidation.BeanValidationIntegrator.integrate(BeanValidationIntegrator.java:139)
	at org.hibernate.internal.SessionFactoryImpl.integrate(SessionFactoryImpl.java:517)
	at org.hibernate.internal.SessionFactoryImpl.<init>(SessionFactoryImpl.java:276)
	at org.hibernate.boot.internal.SessionFactoryBuilderImpl.build(SessionFactoryBuilderImpl.java:457)
	at org.hibernate.jpa.boot.internal.EntityManagerFactoryBuilderImpl.build(EntityManagerFactoryBuilderImpl.java:1506)
	at org.hibernate.jpa.HibernatePersistenceProvider.createEntityManagerFactory(HibernatePersistenceProvider.java:55)
	at jakarta.persistence.Persistence.createEntityManagerFactory(Persistence.java:80)
	at org.frcpm.config.DatabaseConfig.initialize(DatabaseConfig.java:66)
	at org.frcpm.repositories.impl.JpaRepositoryImplTest.setUp(JpaRepositoryImplTest.java:25)
	at java.base/jdk.internal.reflect.DirectMethodHandleAccessor.invoke(DirectMethodHandleAccessor.java:103)
	at java.base/java.lang.reflect.Method.invoke(Method.java:580)
	at org.junit.platform.commons.util.ReflectionUtils.invokeMethod(ReflectionUtils.java:728)
	at org.junit.jupiter.engine.execution.MethodInvocation.proceed(MethodInvocation.java:60)
	at org.junit.jupiter.engine.execution.InvocationInterceptorChain$ValidatingInvocation.proceed(InvocationInterceptorChain.java:131)
	at org.junit.jupiter.engine.extension.TimeoutExtension.intercept(TimeoutExtension.java:156)
	at org.junit.jupiter.engine.extension.TimeoutExtension.interceptLifecycleMethod(TimeoutExtension.java:128)
	at org.junit.jupiter.engine.extension.TimeoutExtension.interceptBeforeEachMethod(TimeoutExtension.java:78)
	at org.junit.jupiter.engine.execution.InterceptingExecutableInvoker$ReflectiveInterceptorCall.lambda$ofVoidMethod$0(InterceptingExecutableInvoker.java:103)
	at org.junit.jupiter.engine.execution.InterceptingExecutableInvoker.lambda$invoke$0(InterceptingExecutableInvoker.java:93)
	at org.junit.jupiter.engine.execution.InvocationInterceptorChain$InterceptedInvocation.proceed(InvocationInterceptorChain.java:106)
	at org.junit.jupiter.engine.execution.InvocationInterceptorChain.proceed(InvocationInterceptorChain.java:64)
	at org.junit.jupiter.engine.execution.InvocationInterceptorChain.chainAndInvoke(InvocationInterceptorChain.java:45)
	at org.junit.jupiter.engine.execution.InvocationInterceptorChain.invoke(InvocationInterceptorChain.java:37)
	at org.junit.jupiter.engine.execution.InterceptingExecutableInvoker.invoke(InterceptingExecutableInvoker.java:92)
	at org.junit.jupiter.engine.execution.InterceptingExecutableInvoker.invoke(InterceptingExecutableInvoker.java:86)
	at org.junit.jupiter.engine.descriptor.ClassBasedTestDescriptor.invokeMethodInExtensionContext(ClassBasedTestDescriptor.java:521)
	at org.junit.jupiter.engine.descriptor.ClassBasedTestDescriptor.lambda$synthesizeBeforeEachMethodAdapter$23(ClassBasedTestDescriptor.java:506)
	at org.junit.jupiter.engine.descriptor.TestMethodTestDescriptor.lambda$invokeBeforeEachMethods$3(TestMethodTestDescriptor.java:175)
	at org.junit.jupiter.engine.descriptor.TestMethodTestDescriptor.lambda$invokeBeforeMethodsOrCallbacksUntilExceptionOccurs$6(TestMethodTestDescriptor.java:203)
	at org.junit.platform.engine.support.hierarchical.ThrowableCollector.execute(ThrowableCollector.java:73)
	at org.junit.jupiter.engine.descriptor.TestMethodTestDescriptor.invokeBeforeMethodsOrCallbacksUntilExceptionOccurs(TestMethodTestDescriptor.java:203)
	at org.junit.jupiter.engine.descriptor.TestMethodTestDescriptor.invokeBeforeEachMethods(TestMethodTestDescriptor.java:172)
	at org.junit.jupiter.engine.descriptor.TestMethodTestDescriptor.execute(TestMethodTestDescriptor.java:135)
	at org.junit.jupiter.engine.descriptor.TestMethodTestDescriptor.execute(TestMethodTestDescriptor.java:69)
	at org.junit.platform.engine.support.hierarchical.NodeTestTask.lambda$executeRecursively$6(NodeTestTask.java:151)
	at org.junit.platform.engine.support.hierarchical.ThrowableCollector.execute(ThrowableCollector.java:73)
	at org.junit.platform.engine.support.hierarchical.NodeTestTask.lambda$executeRecursively$8(NodeTestTask.java:141)
	at org.junit.platform.engine.support.hierarchical.Node.around(Node.java:137)
	at org.junit.platform.engine.support.hierarchical.NodeTestTask.lambda$executeRecursively$9(NodeTestTask.java:139)
	at org.junit.platform.engine.support.hierarchical.ThrowableCollector.execute(ThrowableCollector.java:73)
	at org.junit.platform.engine.support.hierarchical.NodeTestTask.executeRecursively(NodeTestTask.java:138)
	at org.junit.platform.engine.support.hierarchical.NodeTestTask.execute(NodeTestTask.java:95)
	at java.base/java.util.ArrayList.forEach(ArrayList.java:1596)
	at org.junit.platform.engine.support.hierarchical.SameThreadHierarchicalTestExecutorService.invokeAll(SameThreadHierarchicalTestExecutorService.java:41)
	at org.junit.platform.engine.support.hierarchical.NodeTestTask.lambda$executeRecursively$6(NodeTestTask.java:155)
	at org.junit.platform.engine.support.hierarchical.ThrowableCollector.execute(ThrowableCollector.java:73)
	at org.junit.platform.engine.support.hierarchical.NodeTestTask.lambda$executeRecursively$8(NodeTestTask.java:141)
	at org.junit.platform.engine.support.hierarchical.Node.around(Node.java:137)
	at org.junit.platform.engine.support.hierarchical.NodeTestTask.lambda$executeRecursively$9(NodeTestTask.java:139)
	at org.junit.platform.engine.support.hierarchical.ThrowableCollector.execute(ThrowableCollector.java:73)
	at org.junit.platform.engine.support.hierarchical.NodeTestTask.executeRecursively(NodeTestTask.java:138)
	at org.junit.platform.engine.support.hierarchical.NodeTestTask.execute(NodeTestTask.java:95)
	at java.base/java.util.ArrayList.forEach(ArrayList.java:1596)
	at org.junit.platform.engine.support.hierarchical.SameThreadHierarchicalTestExecutorService.invokeAll(SameThreadHierarchicalTestExecutorService.java:41)
	at org.junit.platform.engine.support.hierarchical.NodeTestTask.lambda$executeRecursively$6(NodeTestTask.java:155)
	at org.junit.platform.engine.support.hierarchical.ThrowableCollector.execute(ThrowableCollector.java:73)
	at org.junit.platform.engine.support.hierarchical.NodeTestTask.lambda$executeRecursively$8(NodeTestTask.java:141)
	at org.junit.platform.engine.support.hierarchical.Node.around(Node.java:137)
	at org.junit.platform.engine.support.hierarchical.NodeTestTask.lambda$executeRecursively$9(NodeTestTask.java:139)
	at org.junit.platform.engine.support.hierarchical.ThrowableCollector.execute(ThrowableCollector.java:73)
	at org.junit.platform.engine.support.hierarchical.NodeTestTask.executeRecursively(NodeTestTask.java:138)
	at org.junit.platform.engine.support.hierarchical.NodeTestTask.execute(NodeTestTask.java:95)
	at org.junit.platform.engine.support.hierarchical.SameThreadHierarchicalTestExecutorService.submit(SameThreadHierarchicalTestExecutorService.java:35)
	at org.junit.platform.engine.support.hierarchical.HierarchicalTestExecutor.execute(HierarchicalTestExecutor.java:57)
	at org.junit.platform.engine.support.hierarchical.HierarchicalTestEngine.execute(HierarchicalTestEngine.java:54)
	at org.junit.platform.launcher.core.EngineExecutionOrchestrator.execute(EngineExecutionOrchestrator.java:198)
	at org.junit.platform.launcher.core.EngineExecutionOrchestrator.execute(EngineExecutionOrchestrator.java:169)
	at org.junit.platform.launcher.core.EngineExecutionOrchestrator.execute(EngineExecutionOrchestrator.java:93)
	at org.junit.platform.launcher.core.EngineExecutionOrchestrator.lambda$execute$0(EngineExecutionOrchestrator.java:58)
	at org.junit.platform.launcher.core.EngineExecutionOrchestrator.withInterceptedStreams(EngineExecutionOrchestrator.java:141)
	at org.junit.platform.launcher.core.EngineExecutionOrchestrator.execute(EngineExecutionOrchestrator.java:57)
	at org.junit.platform.launcher.core.DefaultLauncher.execute(DefaultLauncher.java:103)
	at org.junit.platform.launcher.core.DefaultLauncher.execute(DefaultLauncher.java:85)
	at org.junit.platform.launcher.core.DelegatingLauncher.execute(DelegatingLauncher.java:47)
	at org.apache.maven.surefire.junitplatform.LazyLauncher.execute(LazyLauncher.java:56)
	at org.apache.maven.surefire.junitplatform.JUnitPlatformProvider.execute(JUnitPlatformProvider.java:184)
	at org.apache.maven.surefire.junitplatform.JUnitPlatformProvider.invokeAllTests(JUnitPlatformProvider.java:148)
	at org.apache.maven.surefire.junitplatform.JUnitPlatformProvider.invoke(JUnitPlatformProvider.java:122)
	at org.apache.maven.surefire.booter.ForkedBooter.runSuitesInProcess(ForkedBooter.java:385)
	at org.apache.maven.surefire.booter.ForkedBooter.execute(ForkedBooter.java:162)
	at org.apache.maven.surefire.booter.ForkedBooter.run(ForkedBooter.java:507)
	at org.apache.maven.surefire.booter.ForkedBooter.main(ForkedBooter.java:495)
Caused by: java.lang.ClassNotFoundException: jakarta.el.ExpressionFactory
	... 96 common frames omitted
13:10:13.896 [main] DEBUG org.hibernate.validator.messageinterpolation.ResourceBundleMessageInterpolator - Failed to load expression factory via classloader jdk.internal.loader.ClassLoaders$AppClassLoader@70dea4e
java.lang.NoClassDefFoundError: jakarta/el/ExpressionFactory
	at org.hibernate.validator.messageinterpolation.ResourceBundleMessageInterpolator.canLoadExpressionFactory(ResourceBundleMessageInterpolator.java:228)
	at org.hibernate.validator.messageinterpolation.ResourceBundleMessageInterpolator.buildExpressionFactory(ResourceBundleMessageInterpolator.java:186)
	at org.hibernate.validator.messageinterpolation.ResourceBundleMessageInterpolator.<init>(ResourceBundleMessageInterpolator.java:97)
	at org.hibernate.validator.internal.engine.AbstractConfigurationImpl.getDefaultMessageInterpolator(AbstractConfigurationImpl.java:575)
	at org.hibernate.validator.internal.engine.AbstractConfigurationImpl.getDefaultMessageInterpolatorConfiguredWithClassLoader(AbstractConfigurationImpl.java:834)
	at org.hibernate.validator.internal.engine.AbstractConfigurationImpl.getMessageInterpolator(AbstractConfigurationImpl.java:485)
	at org.hibernate.validator.internal.engine.ValidatorFactoryImpl.<init>(ValidatorFactoryImpl.java:157)
	at org.hibernate.validator.HibernateValidator.buildValidatorFactory(HibernateValidator.java:38)
	at org.hibernate.validator.internal.engine.AbstractConfigurationImpl.buildValidatorFactory(AbstractConfigurationImpl.java:453)
	at jakarta.validation.Validation.buildDefaultValidatorFactory(Validation.java:103)
	at org.hibernate.boot.beanvalidation.TypeSafeActivator.getValidatorFactory(TypeSafeActivator.java:482)
	at org.hibernate.boot.beanvalidation.TypeSafeActivator.activate(TypeSafeActivator.java:79)
	at java.base/jdk.internal.reflect.DirectMethodHandleAccessor.invoke(DirectMethodHandleAccessor.java:103)
	at java.base/java.lang.reflect.Method.invoke(Method.java:580)
	at org.hibernate.boot.beanvalidation.BeanValidationIntegrator.integrate(BeanValidationIntegrator.java:139)
	at org.hibernate.internal.SessionFactoryImpl.integrate(SessionFactoryImpl.java:517)
	at org.hibernate.internal.SessionFactoryImpl.<init>(SessionFactoryImpl.java:276)
	at org.hibernate.boot.internal.SessionFactoryBuilderImpl.build(SessionFactoryBuilderImpl.java:457)
	at org.hibernate.jpa.boot.internal.EntityManagerFactoryBuilderImpl.build(EntityManagerFactoryBuilderImpl.java:1506)
	at org.hibernate.jpa.HibernatePersistenceProvider.createEntityManagerFactory(HibernatePersistenceProvider.java:55)
	at jakarta.persistence.Persistence.createEntityManagerFactory(Persistence.java:80)
	at org.frcpm.config.DatabaseConfig.initialize(DatabaseConfig.java:66)
	at org.frcpm.repositories.impl.JpaRepositoryImplTest.setUp(JpaRepositoryImplTest.java:25)
	at java.base/jdk.internal.reflect.DirectMethodHandleAccessor.invoke(DirectMethodHandleAccessor.java:103)
	at java.base/java.lang.reflect.Method.invoke(Method.java:580)
	at org.junit.platform.commons.util.ReflectionUtils.invokeMethod(ReflectionUtils.java:728)
	at org.junit.jupiter.engine.execution.MethodInvocation.proceed(MethodInvocation.java:60)
	at org.junit.jupiter.engine.execution.InvocationInterceptorChain$ValidatingInvocation.proceed(InvocationInterceptorChain.java:131)
	at org.junit.jupiter.engine.extension.TimeoutExtension.intercept(TimeoutExtension.java:156)
	at org.junit.jupiter.engine.extension.TimeoutExtension.interceptLifecycleMethod(TimeoutExtension.java:128)
	at org.junit.jupiter.engine.extension.TimeoutExtension.interceptBeforeEachMethod(TimeoutExtension.java:78)
	at org.junit.jupiter.engine.execution.InterceptingExecutableInvoker$ReflectiveInterceptorCall.lambda$ofVoidMethod$0(InterceptingExecutableInvoker.java:103)
	at org.junit.jupiter.engine.execution.InterceptingExecutableInvoker.lambda$invoke$0(InterceptingExecutableInvoker.java:93)
	at org.junit.jupiter.engine.execution.InvocationInterceptorChain$InterceptedInvocation.proceed(InvocationInterceptorChain.java:106)
	at org.junit.jupiter.engine.execution.InvocationInterceptorChain.proceed(InvocationInterceptorChain.java:64)
	at org.junit.jupiter.engine.execution.InvocationInterceptorChain.chainAndInvoke(InvocationInterceptorChain.java:45)
	at org.junit.jupiter.engine.execution.InvocationInterceptorChain.invoke(InvocationInterceptorChain.java:37)
	at org.junit.jupiter.engine.execution.InterceptingExecutableInvoker.invoke(InterceptingExecutableInvoker.java:92)
	at org.junit.jupiter.engine.execution.InterceptingExecutableInvoker.invoke(InterceptingExecutableInvoker.java:86)
	at org.junit.jupiter.engine.descriptor.ClassBasedTestDescriptor.invokeMethodInExtensionContext(ClassBasedTestDescriptor.java:521)
	at org.junit.jupiter.engine.descriptor.ClassBasedTestDescriptor.lambda$synthesizeBeforeEachMethodAdapter$23(ClassBasedTestDescriptor.java:506)
	at org.junit.jupiter.engine.descriptor.TestMethodTestDescriptor.lambda$invokeBeforeEachMethods$3(TestMethodTestDescriptor.java:175)
	at org.junit.jupiter.engine.descriptor.TestMethodTestDescriptor.lambda$invokeBeforeMethodsOrCallbacksUntilExceptionOccurs$6(TestMethodTestDescriptor.java:203)
	at org.junit.platform.engine.support.hierarchical.ThrowableCollector.execute(ThrowableCollector.java:73)
	at org.junit.jupiter.engine.descriptor.TestMethodTestDescriptor.invokeBeforeMethodsOrCallbacksUntilExceptionOccurs(TestMethodTestDescriptor.java:203)
	at org.junit.jupiter.engine.descriptor.TestMethodTestDescriptor.invokeBeforeEachMethods(TestMethodTestDescriptor.java:172)
	at org.junit.jupiter.engine.descriptor.TestMethodTestDescriptor.execute(TestMethodTestDescriptor.java:135)
	at org.junit.jupiter.engine.descriptor.TestMethodTestDescriptor.execute(TestMethodTestDescriptor.java:69)
	at org.junit.platform.engine.support.hierarchical.NodeTestTask.lambda$executeRecursively$6(NodeTestTask.java:151)
	at org.junit.platform.engine.support.hierarchical.ThrowableCollector.execute(ThrowableCollector.java:73)
	at org.junit.platform.engine.support.hierarchical.NodeTestTask.lambda$executeRecursively$8(NodeTestTask.java:141)
	at org.junit.platform.engine.support.hierarchical.Node.around(Node.java:137)
	at org.junit.platform.engine.support.hierarchical.NodeTestTask.lambda$executeRecursively$9(NodeTestTask.java:139)
	at org.junit.platform.engine.support.hierarchical.ThrowableCollector.execute(ThrowableCollector.java:73)
	at org.junit.platform.engine.support.hierarchical.NodeTestTask.executeRecursively(NodeTestTask.java:138)
	at org.junit.platform.engine.support.hierarchical.NodeTestTask.execute(NodeTestTask.java:95)
	at java.base/java.util.ArrayList.forEach(ArrayList.java:1596)
	at org.junit.platform.engine.support.hierarchical.SameThreadHierarchicalTestExecutorService.invokeAll(SameThreadHierarchicalTestExecutorService.java:41)
	at org.junit.platform.engine.support.hierarchical.NodeTestTask.lambda$executeRecursively$6(NodeTestTask.java:155)
	at org.junit.platform.engine.support.hierarchical.ThrowableCollector.execute(ThrowableCollector.java:73)
	at org.junit.platform.engine.support.hierarchical.NodeTestTask.lambda$executeRecursively$8(NodeTestTask.java:141)
	at org.junit.platform.engine.support.hierarchical.Node.around(Node.java:137)
	at org.junit.platform.engine.support.hierarchical.NodeTestTask.lambda$executeRecursively$9(NodeTestTask.java:139)
	at org.junit.platform.engine.support.hierarchical.ThrowableCollector.execute(ThrowableCollector.java:73)
	at org.junit.platform.engine.support.hierarchical.NodeTestTask.executeRecursively(NodeTestTask.java:138)
	at org.junit.platform.engine.support.hierarchical.NodeTestTask.execute(NodeTestTask.java:95)
	at java.base/java.util.ArrayList.forEach(ArrayList.java:1596)
	at org.junit.platform.engine.support.hierarchical.SameThreadHierarchicalTestExecutorService.invokeAll(SameThreadHierarchicalTestExecutorService.java:41)
	at org.junit.platform.engine.support.hierarchical.NodeTestTask.lambda$executeRecursively$6(NodeTestTask.java:155)
	at org.junit.platform.engine.support.hierarchical.ThrowableCollector.execute(ThrowableCollector.java:73)
	at org.junit.platform.engine.support.hierarchical.NodeTestTask.lambda$executeRecursively$8(NodeTestTask.java:141)
	at org.junit.platform.engine.support.hierarchical.Node.around(Node.java:137)
	at org.junit.platform.engine.support.hierarchical.NodeTestTask.lambda$executeRecursively$9(NodeTestTask.java:139)
	at org.junit.platform.engine.support.hierarchical.ThrowableCollector.execute(ThrowableCollector.java:73)
	at org.junit.platform.engine.support.hierarchical.NodeTestTask.executeRecursively(NodeTestTask.java:138)
	at org.junit.platform.engine.support.hierarchical.NodeTestTask.execute(NodeTestTask.java:95)
	at org.junit.platform.engine.support.hierarchical.SameThreadHierarchicalTestExecutorService.submit(SameThreadHierarchicalTestExecutorService.java:35)
	at org.junit.platform.engine.support.hierarchical.HierarchicalTestExecutor.execute(HierarchicalTestExecutor.java:57)
	at org.junit.platform.engine.support.hierarchical.HierarchicalTestEngine.execute(HierarchicalTestEngine.java:54)
	at org.junit.platform.launcher.core.EngineExecutionOrchestrator.execute(EngineExecutionOrchestrator.java:198)
	at org.junit.platform.launcher.core.EngineExecutionOrchestrator.execute(EngineExecutionOrchestrator.java:169)
	at org.junit.platform.launcher.core.EngineExecutionOrchestrator.execute(EngineExecutionOrchestrator.java:93)
	at org.junit.platform.launcher.core.EngineExecutionOrchestrator.lambda$execute$0(EngineExecutionOrchestrator.java:58)
	at org.junit.platform.launcher.core.EngineExecutionOrchestrator.withInterceptedStreams(EngineExecutionOrchestrator.java:141)
	at org.junit.platform.launcher.core.EngineExecutionOrchestrator.execute(EngineExecutionOrchestrator.java:57)
	at org.junit.platform.launcher.core.DefaultLauncher.execute(DefaultLauncher.java:103)
	at org.junit.platform.launcher.core.DefaultLauncher.execute(DefaultLauncher.java:85)
	at org.junit.platform.launcher.core.DelegatingLauncher.execute(DelegatingLauncher.java:47)
	at org.apache.maven.surefire.junitplatform.LazyLauncher.execute(LazyLauncher.java:56)
	at org.apache.maven.surefire.junitplatform.JUnitPlatformProvider.execute(JUnitPlatformProvider.java:184)
	at org.apache.maven.surefire.junitplatform.JUnitPlatformProvider.invokeAllTests(JUnitPlatformProvider.java:148)
	at org.apache.maven.surefire.junitplatform.JUnitPlatformProvider.invoke(JUnitPlatformProvider.java:122)
	at org.apache.maven.surefire.booter.ForkedBooter.runSuitesInProcess(ForkedBooter.java:385)
	at org.apache.maven.surefire.booter.ForkedBooter.execute(ForkedBooter.java:162)
	at org.apache.maven.surefire.booter.ForkedBooter.run(ForkedBooter.java:507)
	at org.apache.maven.surefire.booter.ForkedBooter.main(ForkedBooter.java:495)
Caused by: java.lang.ClassNotFoundException: jakarta.el.ExpressionFactory
	... 96 common frames omitted
13:10:13.897 [main] DEBUG org.hibernate.boot.beanvalidation.TypeSafeActivator - Unable to acquire Bean Validation ValidatorFactory, skipping activation
13:10:13.898 [main] DEBUG org.hibernate.query.sqm.function.SqmFunctionRegistry - Registered SqmFunctionTemplate [NamedSqmFunctionTemplate(max)] under max; prior registration was null
13:10:13.898 [main] DEBUG org.hibernate.query.sqm.function.SqmFunctionRegistry - Registered SqmFunctionTemplate [NamedSqmFunctionTemplate(min)] under min; prior registration was null
13:10:13.898 [main] DEBUG org.hibernate.query.sqm.function.SqmFunctionRegistry - Registered SqmFunctionTemplate [NamedSqmFunctionTemplate(sum)] under sum; prior registration was null
13:10:13.898 [main] DEBUG org.hibernate.query.sqm.function.SqmFunctionRegistry - Registered SqmFunctionTemplate [NamedSqmFunctionTemplate(avg)] under avg; prior registration was null
13:10:13.898 [main] DEBUG org.hibernate.query.sqm.function.SqmFunctionRegistry - Registered SqmFunctionTemplate [org.hibernate.dialect.function.CountFunction@374bbe80] under count; prior registration was null
13:10:13.899 [main] DEBUG org.hibernate.query.sqm.function.SqmFunctionRegistry - Registered SqmFunctionTemplate [org.hibernate.dialect.function.EveryAnyEmulation@5c496ae6] under every; prior registration was null
13:10:13.899 [main] DEBUG org.hibernate.query.sqm.function.SqmFunctionRegistry - Registered SqmFunctionTemplate [org.hibernate.dialect.function.EveryAnyEmulation@613b9bd9] under any; prior registration was null
13:10:13.899 [main] DEBUG org.hibernate.query.sqm.function.SqmFunctionRegistry - Registered SqmFunctionTemplate [NamedSqmFunctionTemplate(floor)] under floor; prior registration was null
13:10:13.899 [main] DEBUG org.hibernate.query.sqm.function.SqmFunctionRegistry - Registered SqmFunctionTemplate [NamedSqmFunctionTemplate(ceiling)] under ceiling; prior registration was null
13:10:13.899 [main] DEBUG org.hibernate.query.sqm.function.SqmFunctionRegistry - Registered SqmFunctionTemplate [NamedSqmFunctionTemplate(mod)] under mod; prior registration was null
13:10:13.899 [main] DEBUG org.hibernate.query.sqm.function.SqmFunctionRegistry - Registered SqmFunctionTemplate [NamedSqmFunctionTemplate(abs)] under abs; prior registration was null
13:10:13.899 [main] DEBUG org.hibernate.query.sqm.function.SqmFunctionRegistry - Registered SqmFunctionTemplate [NamedSqmFunctionTemplate(sign)] under sign; prior registration was null
13:10:13.899 [main] DEBUG org.hibernate.query.sqm.function.SqmFunctionRegistry - Registered SqmFunctionTemplate [NamedSqmFunctionTemplate(sqrt)] under sqrt; prior registration was null
13:10:13.899 [main] DEBUG org.hibernate.query.sqm.function.SqmFunctionRegistry - Registered SqmFunctionTemplate [NamedSqmFunctionTemplate(ln)] under ln; prior registration was null
13:10:13.899 [main] DEBUG org.hibernate.query.sqm.function.SqmFunctionRegistry - Registered SqmFunctionTemplate [NamedSqmFunctionTemplate(exp)] under exp; prior registration was null
13:10:13.899 [main] DEBUG org.hibernate.query.sqm.function.SqmFunctionRegistry - Registered SqmFunctionTemplate [NamedSqmFunctionTemplate(power)] under power; prior registration was null
13:10:13.899 [main] DEBUG org.hibernate.query.sqm.function.SqmFunctionRegistry - Registered SqmFunctionTemplate [NamedSqmFunctionTemplate(round)] under round; prior registration was null
13:10:13.899 [main] DEBUG org.hibernate.query.sqm.function.SqmFunctionRegistry - Registered SqmFunctionTemplate [NamedSqmFunctionTemplate(sin)] under sin; prior registration was null
13:10:13.899 [main] DEBUG org.hibernate.query.sqm.function.SqmFunctionRegistry - Registered SqmFunctionTemplate [NamedSqmFunctionTemplate(cos)] under cos; prior registration was null
13:10:13.899 [main] DEBUG org.hibernate.query.sqm.function.SqmFunctionRegistry - Registered SqmFunctionTemplate [NamedSqmFunctionTemplate(tan)] under tan; prior registration was null
13:10:13.899 [main] DEBUG org.hibernate.query.sqm.function.SqmFunctionRegistry - Registered SqmFunctionTemplate [NamedSqmFunctionTemplate(asin)] under asin; prior registration was null
13:10:13.899 [main] DEBUG org.hibernate.query.sqm.function.SqmFunctionRegistry - Registered SqmFunctionTemplate [NamedSqmFunctionTemplate(acos)] under acos; prior registration was null
13:10:13.899 [main] DEBUG org.hibernate.query.sqm.function.SqmFunctionRegistry - Registered SqmFunctionTemplate [NamedSqmFunctionTemplate(atan)] under atan; prior registration was null
13:10:13.899 [main] DEBUG org.hibernate.query.sqm.function.SqmFunctionRegistry - Registered SqmFunctionTemplate [NamedSqmFunctionTemplate(atan2)] under atan2; prior registration was null
13:10:13.899 [main] DEBUG org.hibernate.query.sqm.function.SqmFunctionRegistry - Registered SqmFunctionTemplate [org.hibernate.query.sqm.function.PatternBasedSqmFunctionDescriptor@6bddd4ce] under sinh; prior registration was null
13:10:13.899 [main] DEBUG org.hibernate.query.sqm.function.SqmFunctionRegistry - Registered SqmFunctionTemplate [org.hibernate.query.sqm.function.PatternBasedSqmFunctionDescriptor@108d88b] under cosh; prior registration was null
13:10:13.899 [main] DEBUG org.hibernate.query.sqm.function.SqmFunctionRegistry - Registered SqmFunctionTemplate [org.hibernate.query.sqm.function.PatternBasedSqmFunctionDescriptor@16019c16] under tanh; prior registration was null
13:10:13.899 [main] DEBUG org.hibernate.query.sqm.function.SqmFunctionRegistry - Registered SqmFunctionTemplate [org.hibernate.query.sqm.function.PatternBasedSqmFunctionDescriptor@2b59285c] under pi; prior registration was null
13:10:13.899 [main] DEBUG org.hibernate.query.sqm.function.SqmFunctionRegistry - Registered SqmFunctionTemplate [org.hibernate.query.sqm.function.PatternBasedSqmFunctionDescriptor@2ea7e25d] under log; prior registration was null
13:10:13.899 [main] DEBUG org.hibernate.query.sqm.function.SqmFunctionRegistry - Registered SqmFunctionTemplate [NamedSqmFunctionTemplate(coalesce)] under coalesce; prior registration was null
13:10:13.899 [main] DEBUG org.hibernate.query.sqm.function.SqmFunctionRegistry - Registered SqmFunctionTemplate [NamedSqmFunctionTemplate(nullif)] under nullif; prior registration was null
13:10:13.899 [main] DEBUG org.hibernate.query.sqm.function.SqmFunctionRegistry - Registered SqmFunctionTemplate [NamedSqmFunctionTemplate(left)] under left; prior registration was null
13:10:13.899 [main] DEBUG org.hibernate.query.sqm.function.SqmFunctionRegistry - Registered SqmFunctionTemplate [NamedSqmFunctionTemplate(right)] under right; prior registration was null
13:10:13.899 [main] DEBUG org.hibernate.query.sqm.function.SqmFunctionRegistry - Registered SqmFunctionTemplate [NamedSqmFunctionTemplate(replace)] under replace; prior registration was null
13:10:13.899 [main] DEBUG org.hibernate.query.sqm.function.SqmFunctionRegistry - Registered SqmFunctionTemplate [NamedSqmFunctionTemplate(concat)] under concat; prior registration was null
13:10:13.899 [main] DEBUG org.hibernate.query.sqm.function.SqmFunctionRegistry - Registered SqmFunctionTemplate [NamedSqmFunctionTemplate(lower)] under lower; prior registration was null
13:10:13.899 [main] DEBUG org.hibernate.query.sqm.function.SqmFunctionRegistry - Registered SqmFunctionTemplate [NamedSqmFunctionTemplate(upper)] under upper; prior registration was null
13:10:13.899 [main] DEBUG org.hibernate.query.sqm.function.SqmFunctionRegistry - Registered SqmFunctionTemplate [NamedSqmFunctionTemplate(substring)] under substring; prior registration was null
13:10:13.899 [main] DEBUG org.hibernate.query.sqm.function.SqmFunctionRegistry - Registered SqmFunctionTemplate [NamedSqmFunctionTemplate(locate)] under locate; prior registration was null
13:10:13.899 [main] DEBUG org.hibernate.query.sqm.function.SqmFunctionRegistry - Registered SqmFunctionTemplate [NamedSqmFunctionTemplate(character_length)] under character_length; prior registration was null
13:10:13.899 [main] DEBUG org.hibernate.query.sqm.function.SqmFunctionRegistry - Registering alternate key : length -> character_length
13:10:13.899 [main] DEBUG org.hibernate.query.sqm.function.SqmFunctionRegistry - Registered SqmFunctionTemplate [org.hibernate.dialect.function.LocatePositionEmulation@692cab82] under position; prior registration was null
13:10:13.899 [main] DEBUG org.hibernate.query.sqm.function.SqmFunctionRegistry - Registered SqmFunctionTemplate [org.hibernate.dialect.function.InsertSubstringOverlayEmulation@73d76b9d] under overlay; prior registration was null
13:10:13.899 [main] DEBUG org.hibernate.query.sqm.function.SqmFunctionRegistry - Registered SqmFunctionTemplate [org.hibernate.dialect.function.TrimFunction@11aeb673] under trim; prior registration was null
13:10:13.899 [main] DEBUG org.hibernate.query.sqm.function.SqmFunctionRegistry - Registered SqmFunctionTemplate [org.hibernate.dialect.function.CastFunction@a0b11] under cast; prior registration was null
13:10:13.899 [main] DEBUG org.hibernate.query.sqm.function.SqmFunctionRegistry - Registered SqmFunctionTemplate [org.hibernate.query.sqm.function.PatternBasedSqmFunctionDescriptor@c76c029] under collate; prior registration was null
13:10:13.899 [main] DEBUG org.hibernate.query.sqm.function.SqmFunctionRegistry - Registered SqmFunctionTemplate [org.hibernate.dialect.function.ExtractFunction@4435c9b9] under extract; prior registration was null
13:10:13.899 [main] DEBUG org.hibernate.query.sqm.function.SqmFunctionRegistry - Registered SqmFunctionTemplate [NamedSqmFunctionTemplate(least)] under least; prior registration was null
13:10:13.899 [main] DEBUG org.hibernate.query.sqm.function.SqmFunctionRegistry - Registered SqmFunctionTemplate [NamedSqmFunctionTemplate(greatest)] under greatest; prior registration was null
13:10:13.899 [main] DEBUG org.hibernate.query.sqm.function.SqmFunctionRegistry - Registered SqmFunctionTemplate [org.hibernate.dialect.function.CoalesceIfnullEmulation@204ce262] under ifnull; prior registration was null
13:10:13.899 [main] DEBUG org.hibernate.query.sqm.function.SqmFunctionRegistry - Registered SqmFunctionTemplate [NamedSqmFunctionTemplate(lpad)] under lpad; prior registration was null
13:10:13.899 [main] DEBUG org.hibernate.query.sqm.function.SqmFunctionRegistry - Registered SqmFunctionTemplate [NamedSqmFunctionTemplate(rpad)] under rpad; prior registration was null
13:10:13.899 [main] DEBUG org.hibernate.query.sqm.function.SqmFunctionRegistry - Registered SqmFunctionTemplate [org.hibernate.dialect.function.LpadRpadPadEmulation@704e27f9] under pad; prior registration was null
13:10:13.899 [main] DEBUG org.hibernate.query.sqm.function.SqmFunctionRegistry - Registered SqmFunctionTemplate [org.hibernate.dialect.function.CastStrEmulation@4a83c651] under str; prior registration was null
13:10:13.899 [main] DEBUG org.hibernate.query.sqm.function.SqmFunctionRegistry - Registered SqmFunctionTemplate [org.hibernate.dialect.function.FormatFunction@2091b6b9] under format; prior registration was null
13:10:13.899 [main] DEBUG org.hibernate.query.sqm.function.SqmFunctionRegistry - Registered SqmFunctionTemplate [org.hibernate.dialect.function.TimestampaddFunction@67091f3b] under timestampadd; prior registration was null
13:10:13.899 [main] DEBUG org.hibernate.query.sqm.function.SqmFunctionRegistry - Registered SqmFunctionTemplate [org.hibernate.dialect.function.TimestampdiffFunction@66f99dcc] under timestampdiff; prior registration was null
13:10:13.899 [main] DEBUG org.hibernate.query.sqm.function.SqmFunctionRegistry - Registering alternate key : dateadd -> timestampadd
13:10:13.899 [main] DEBUG org.hibernate.query.sqm.function.SqmFunctionRegistry - Registering alternate key : datediff -> timestampdiff
13:10:13.899 [main] DEBUG org.hibernate.query.sqm.function.SqmFunctionRegistry - Registered SqmFunctionTemplate [org.hibernate.dialect.function.CurrentFunction@321c6e0c] under current_date; prior registration was null
13:10:13.899 [main] DEBUG org.hibernate.query.sqm.function.SqmFunctionRegistry - Registered SqmFunctionTemplate [org.hibernate.dialect.function.CurrentFunction@1f953288] under current_time; prior registration was null
13:10:13.899 [main] DEBUG org.hibernate.query.sqm.function.SqmFunctionRegistry - Registered SqmFunctionTemplate [org.hibernate.dialect.function.CurrentFunction@30ca1686] under current_timestamp; prior registration was null
13:10:13.899 [main] DEBUG org.hibernate.query.sqm.function.SqmFunctionRegistry - Registering alternate key : current date -> current_date
13:10:13.899 [main] DEBUG org.hibernate.query.sqm.function.SqmFunctionRegistry - Registering alternate key : current time -> current_time
13:10:13.899 [main] DEBUG org.hibernate.query.sqm.function.SqmFunctionRegistry - Registering alternate key : current timestamp -> current_timestamp
13:10:13.899 [main] DEBUG org.hibernate.query.sqm.function.SqmFunctionRegistry - Registered SqmFunctionTemplate [org.hibernate.dialect.function.CurrentFunction@1a77faae] under local_date; prior registration was null
13:10:13.899 [main] DEBUG org.hibernate.query.sqm.function.SqmFunctionRegistry - Registered SqmFunctionTemplate [org.hibernate.dialect.function.CurrentFunction@4bca8be2] under local_time; prior registration was null
13:10:13.899 [main] DEBUG org.hibernate.query.sqm.function.SqmFunctionRegistry - Registered SqmFunctionTemplate [org.hibernate.dialect.function.CurrentFunction@7dfdf161] under local_datetime; prior registration was null
13:10:13.899 [main] DEBUG org.hibernate.query.sqm.function.SqmFunctionRegistry - Registered SqmFunctionTemplate [org.hibernate.dialect.function.CurrentFunction@1de3a67e] under offset_datetime; prior registration was null
13:10:13.899 [main] DEBUG org.hibernate.query.sqm.function.SqmFunctionRegistry - Registering alternate key : local date -> local_date
13:10:13.899 [main] DEBUG org.hibernate.query.sqm.function.SqmFunctionRegistry - Registering alternate key : local time -> local_time
13:10:13.899 [main] DEBUG org.hibernate.query.sqm.function.SqmFunctionRegistry - Registering alternate key : local datetime -> local_datetime
13:10:13.899 [main] DEBUG org.hibernate.query.sqm.function.SqmFunctionRegistry - Registering alternate key : offset datetime -> offset_datetime
13:10:13.899 [main] DEBUG org.hibernate.query.sqm.function.SqmFunctionRegistry - Registered SqmFunctionTemplate [org.hibernate.dialect.function.CurrentFunction@38648de6] under instant; prior registration was null
13:10:13.899 [main] DEBUG org.hibernate.query.sqm.function.SqmFunctionRegistry - Registering alternate key : current_instant -> instant
13:10:13.899 [main] DEBUG org.hibernate.query.sqm.function.SqmFunctionRegistry - Registered SqmFunctionTemplate [org.hibernate.dialect.function.SqlFunction@27ee8493] under sql; prior registration was null
13:10:13.899 [main] DEBUG org.hibernate.query.sqm.function.SqmFunctionRegistry - Registered SqmFunctionTemplate [NamedSqmFunctionTemplate(max)] under max; prior registration was NamedSqmFunctionTemplate(max)
13:10:13.899 [main] DEBUG org.hibernate.query.sqm.function.SqmFunctionRegistry - Registered SqmFunctionTemplate [NamedSqmFunctionTemplate(min)] under min; prior registration was NamedSqmFunctionTemplate(min)
13:10:13.899 [main] DEBUG org.hibernate.query.sqm.function.SqmFunctionRegistry - Registered SqmFunctionTemplate [NamedSqmFunctionTemplate(sum)] under sum; prior registration was NamedSqmFunctionTemplate(sum)
13:10:13.899 [main] DEBUG org.hibernate.query.sqm.function.SqmFunctionRegistry - Registered SqmFunctionTemplate [NamedSqmFunctionTemplate(avg)] under avg; prior registration was NamedSqmFunctionTemplate(avg)
13:10:13.899 [main] DEBUG org.hibernate.query.sqm.function.SqmFunctionRegistry - Registered SqmFunctionTemplate [org.hibernate.dialect.function.CountFunction@350a0ff6] under count; prior registration was org.hibernate.dialect.function.CountFunction@374bbe80
13:10:13.899 [main] DEBUG org.hibernate.query.sqm.function.SqmFunctionRegistry - Registered SqmFunctionTemplate [org.hibernate.dialect.function.AvgFunction@35da9f7f] under avg; prior registration was NamedSqmFunctionTemplate(avg)
13:10:13.899 [main] DEBUG org.hibernate.query.sqm.function.SqmFunctionRegistry - Registered SqmFunctionTemplate [NamedSqmFunctionTemplate(pi)] under pi; prior registration was org.hibernate.query.sqm.function.PatternBasedSqmFunctionDescriptor@2b59285c
13:10:13.899 [main] DEBUG org.hibernate.query.sqm.function.SqmFunctionRegistry - Registered SqmFunctionTemplate [NamedSqmFunctionTemplate(cot)] under cot; prior registration was null
13:10:13.899 [main] DEBUG org.hibernate.query.sqm.function.SqmFunctionRegistry - Registered SqmFunctionTemplate [NamedSqmFunctionTemplate(radians)] under radians; prior registration was null
13:10:13.899 [main] DEBUG org.hibernate.query.sqm.function.SqmFunctionRegistry - Registered SqmFunctionTemplate [NamedSqmFunctionTemplate(degrees)] under degrees; prior registration was null
13:10:13.900 [main] DEBUG org.hibernate.query.sqm.function.SqmFunctionRegistry - Registered SqmFunctionTemplate [NamedSqmFunctionTemplate(log10)] under log10; prior registration was null
13:10:13.900 [main] DEBUG org.hibernate.query.sqm.function.SqmFunctionRegistry - Registered SqmFunctionTemplate [org.hibernate.query.sqm.function.PatternBasedSqmFunctionDescriptor@29cd3f9f] under mod; prior registration was NamedSqmFunctionTemplate(mod)
13:10:13.900 [main] DEBUG org.hibernate.query.sqm.function.SqmFunctionRegistry - Registered SqmFunctionTemplate [NamedSqmFunctionTemplate(rand)] under rand; prior registration was null
13:10:13.900 [main] DEBUG org.hibernate.query.sqm.function.SqmFunctionRegistry - Registered SqmFunctionTemplate [NamedSqmFunctionTemplate(soundex)] under soundex; prior registration was null
13:10:13.900 [main] DEBUG org.hibernate.query.sqm.function.SqmFunctionRegistry - Registered SqmFunctionTemplate [NamedSqmFunctionTemplate(translate)] under translate; prior registration was null
13:10:13.900 [main] DEBUG org.hibernate.query.sqm.function.SqmFunctionRegistry - Registered SqmFunctionTemplate [NamedSqmFunctionTemplate(bitand)] under bitand; prior registration was null
13:10:13.900 [main] DEBUG org.hibernate.query.sqm.function.SqmFunctionRegistry - Registered SqmFunctionTemplate [NamedSqmFunctionTemplate(bitor)] under bitor; prior registration was null
13:10:13.900 [main] DEBUG org.hibernate.query.sqm.function.SqmFunctionRegistry - Registered SqmFunctionTemplate [NamedSqmFunctionTemplate(bitxor)] under bitxor; prior registration was null
13:10:13.900 [main] DEBUG org.hibernate.query.sqm.function.SqmFunctionRegistry - Registered SqmFunctionTemplate [NamedSqmFunctionTemplate(bitnot)] under bitnot; prior registration was null
13:10:13.900 [main] DEBUG org.hibernate.query.sqm.function.SqmFunctionRegistry - Registered SqmFunctionTemplate [NamedSqmFunctionTemplate(bit_and)] under bit_and; prior registration was null
13:10:13.900 [main] DEBUG org.hibernate.query.sqm.function.SqmFunctionRegistry - Registered SqmFunctionTemplate [NamedSqmFunctionTemplate(bit_or)] under bit_or; prior registration was null
13:10:13.900 [main] DEBUG org.hibernate.query.sqm.function.SqmFunctionRegistry - Registered SqmFunctionTemplate [NamedSqmFunctionTemplate(day)] under day; prior registration was null
13:10:13.900 [main] DEBUG org.hibernate.query.sqm.function.SqmFunctionRegistry - Registered SqmFunctionTemplate [NamedSqmFunctionTemplate(month)] under month; prior registration was null
13:10:13.900 [main] DEBUG org.hibernate.query.sqm.function.SqmFunctionRegistry - Registered SqmFunctionTemplate [NamedSqmFunctionTemplate(year)] under year; prior registration was null
13:10:13.900 [main] DEBUG org.hibernate.query.sqm.function.SqmFunctionRegistry - Registered SqmFunctionTemplate [NamedSqmFunctionTemplate(hour)] under hour; prior registration was null
13:10:13.900 [main] DEBUG org.hibernate.query.sqm.function.SqmFunctionRegistry - Registered SqmFunctionTemplate [NamedSqmFunctionTemplate(minute)] under minute; prior registration was null
13:10:13.900 [main] DEBUG org.hibernate.query.sqm.function.SqmFunctionRegistry - Registered SqmFunctionTemplate [NamedSqmFunctionTemplate(second)] under second; prior registration was null
13:10:13.900 [main] DEBUG org.hibernate.query.sqm.function.SqmFunctionRegistry - Registered SqmFunctionTemplate [NamedSqmFunctionTemplate(microsecond)] under microsecond; prior registration was null
13:10:13.900 [main] DEBUG org.hibernate.query.sqm.function.SqmFunctionRegistry - Registered SqmFunctionTemplate [NamedSqmFunctionTemplate(day_of_week)] under day_of_week; prior registration was null
13:10:13.900 [main] DEBUG org.hibernate.query.sqm.function.SqmFunctionRegistry - Registered SqmFunctionTemplate [NamedSqmFunctionTemplate(day_of_month)] under day_of_month; prior registration was null
13:10:13.900 [main] DEBUG org.hibernate.query.sqm.function.SqmFunctionRegistry - Registering alternate key : day -> day_of_month
13:10:13.900 [main] DEBUG org.hibernate.query.sqm.function.SqmFunctionRegistry - Registered SqmFunctionTemplate [NamedSqmFunctionTemplate(day_of_year)] under day_of_year; prior registration was null
13:10:13.900 [main] DEBUG org.hibernate.query.sqm.function.SqmFunctionRegistry - Registered SqmFunctionTemplate [NamedSqmFunctionTemplate(week)] under week; prior registration was null
13:10:13.900 [main] DEBUG org.hibernate.query.sqm.function.SqmFunctionRegistry - Registered SqmFunctionTemplate [NamedSqmFunctionTemplate(quarter)] under quarter; prior registration was null
13:10:13.900 [main] DEBUG org.hibernate.query.sqm.function.SqmFunctionRegistry - Registered SqmFunctionTemplate [NamedSqmFunctionTemplate(monthname)] under monthname; prior registration was null
13:10:13.900 [main] DEBUG org.hibernate.query.sqm.function.SqmFunctionRegistry - Registered SqmFunctionTemplate [NamedSqmFunctionTemplate(dayname)] under dayname; prior registration was null
13:10:13.900 [main] DEBUG org.hibernate.query.sqm.function.SqmFunctionRegistry - Registered SqmFunctionTemplate [NamedSqmFunctionTemplate(localtime)] under localtime; prior registration was null
13:10:13.900 [main] DEBUG org.hibernate.query.sqm.function.SqmFunctionRegistry - Registered SqmFunctionTemplate [NamedSqmFunctionTemplate(localtimestamp)] under localtimestamp; prior registration was null
13:10:13.900 [main] DEBUG org.hibernate.query.sqm.function.SqmFunctionRegistry - Registered SqmFunctionTemplate [NamedSqmFunctionTemplate(localtime)] under local_time; prior registration was org.hibernate.dialect.function.CurrentFunction@4bca8be2
13:10:13.900 [main] DEBUG org.hibernate.query.sqm.function.SqmFunctionRegistry - Registered SqmFunctionTemplate [NamedSqmFunctionTemplate(localtimestamp)] under local_datetime; prior registration was org.hibernate.dialect.function.CurrentFunction@7dfdf161
13:10:13.900 [main] DEBUG org.hibernate.query.sqm.function.SqmFunctionRegistry - Registered SqmFunctionTemplate [org.hibernate.dialect.function.TruncFunction@7a54fc29] under trunc; prior registration was null
13:10:13.900 [main] DEBUG org.hibernate.query.sqm.function.SqmFunctionRegistry - Registering alternate key : truncate -> trunc
13:10:13.900 [main] DEBUG org.hibernate.query.sqm.function.SqmFunctionRegistry - Registered SqmFunctionTemplate [org.hibernate.query.sqm.function.PatternBasedSqmFunctionDescriptor@1fc4292a] under date_trunc; prior registration was null
13:10:13.900 [main] DEBUG org.hibernate.query.sqm.function.SqmFunctionRegistry - Registered SqmFunctionTemplate [NamedSqmFunctionTemplate(bit_length)] under bit_length; prior registration was null
13:10:13.900 [main] DEBUG org.hibernate.query.sqm.function.SqmFunctionRegistry - Registered SqmFunctionTemplate [NamedSqmFunctionTemplate(octet_length)] under octet_length; prior registration was null
13:10:13.900 [main] DEBUG org.hibernate.query.sqm.function.SqmFunctionRegistry - Registered SqmFunctionTemplate [NamedSqmFunctionTemplate(ascii)] under ascii; prior registration was null
13:10:13.900 [main] DEBUG org.hibernate.query.sqm.function.SqmFunctionRegistry - Registered SqmFunctionTemplate [NamedSqmFunctionTemplate(octet_length)] under octet_length; prior registration was NamedSqmFunctionTemplate(octet_length)
13:10:13.900 [main] DEBUG org.hibernate.query.sqm.function.SqmFunctionRegistry - Registered SqmFunctionTemplate [NamedSqmFunctionTemplate(space)] under space; prior registration was null
13:10:13.900 [main] DEBUG org.hibernate.query.sqm.function.SqmFunctionRegistry - Registered SqmFunctionTemplate [NamedSqmFunctionTemplate(repeat)] under repeat; prior registration was null
13:10:13.900 [main] DEBUG org.hibernate.query.sqm.function.SqmFunctionRegistry - Registered SqmFunctionTemplate [NamedSqmFunctionTemplate(char)] under char; prior registration was null
13:10:13.900 [main] DEBUG org.hibernate.query.sqm.function.SqmFunctionRegistry - Registering alternate key : chr -> char
13:10:13.900 [main] DEBUG org.hibernate.query.sqm.function.SqmFunctionRegistry - Registered SqmFunctionTemplate [NamedSqmFunctionTemplate(instr)] under instr; prior registration was null
13:10:13.900 [main] DEBUG org.hibernate.query.sqm.function.SqmFunctionRegistry - Registered SqmFunctionTemplate [NamedSqmFunctionTemplate(substr)] under substr; prior registration was null
13:10:13.900 [main] DEBUG org.hibernate.query.sqm.function.SqmFunctionRegistry - Registered SqmFunctionTemplate [org.hibernate.query.sqm.function.PatternBasedSqmFunctionDescriptor@7e846cca] under position; prior registration was org.hibernate.dialect.function.LocatePositionEmulation@692cab82
13:10:13.900 [main] DEBUG org.hibernate.query.sqm.function.SqmFunctionRegistry - Registered SqmFunctionTemplate [NamedSqmFunctionTemplate(ltrim)] under ltrim; prior registration was null
13:10:13.900 [main] DEBUG org.hibernate.query.sqm.function.SqmFunctionRegistry - Registered SqmFunctionTemplate [NamedSqmFunctionTemplate(rtrim)] under rtrim; prior registration was null
13:10:13.900 [main] DEBUG org.hibernate.query.sqm.function.SqmFunctionRegistry - Registered SqmFunctionTemplate [org.hibernate.query.sqm.function.PatternBasedSqmFunctionDescriptor@3e759542] under concat; prior registration was NamedSqmFunctionTemplate(concat)
13:10:13.900 [main] DEBUG org.hibernate.query.sqm.function.SqmFunctionRegistry - Registered SqmFunctionTemplate [NamedSqmFunctionTemplate(curtime)] under curtime; prior registration was null
13:10:13.900 [main] DEBUG org.hibernate.query.sqm.function.SqmFunctionRegistry - Registered SqmFunctionTemplate [NamedSqmFunctionTemplate(curdate)] under curdate; prior registration was null
13:10:13.900 [main] DEBUG org.hibernate.query.sqm.function.SqmFunctionRegistry - Registered SqmFunctionTemplate [NamedSqmFunctionTemplate(now)] under now; prior registration was null
13:10:13.900 [main] DEBUG org.hibernate.query.sqm.function.SqmFunctionRegistry - Registered SqmFunctionTemplate [NamedSqmFunctionTemplate(sysdate)] under sysdate; prior registration was null
13:10:13.900 [main] DEBUG org.hibernate.query.sqm.function.SqmFunctionRegistry - Registered SqmFunctionTemplate [NamedSqmFunctionTemplate(insert)] under insert; prior registration was null
13:10:13.900 [main] DEBUG org.hibernate.query.sqm.function.SqmFunctionRegistry - Registered SqmFunctionTemplate [NamedSqmFunctionTemplate(bool_and)] under bool_and; prior registration was null
13:10:13.900 [main] DEBUG org.hibernate.query.sqm.function.SqmFunctionRegistry - Registering alternate key : every -> bool_and
13:10:13.900 [main] DEBUG org.hibernate.query.sqm.function.SqmFunctionRegistry - Registered SqmFunctionTemplate [NamedSqmFunctionTemplate(bool_or)] under bool_or; prior registration was null
13:10:13.900 [main] DEBUG org.hibernate.query.sqm.function.SqmFunctionRegistry - Registering alternate key : any -> bool_or
13:10:13.900 [main] DEBUG org.hibernate.query.sqm.function.SqmFunctionRegistry - Registered SqmFunctionTemplate [NamedSqmFunctionTemplate(median)] under median; prior registration was null
13:10:13.900 [main] DEBUG org.hibernate.query.sqm.function.SqmFunctionRegistry - Registered SqmFunctionTemplate [NamedSqmFunctionTemplate(stddev_pop)] under stddev_pop; prior registration was null
13:10:13.900 [main] DEBUG org.hibernate.query.sqm.function.SqmFunctionRegistry - Registered SqmFunctionTemplate [NamedSqmFunctionTemplate(stddev_samp)] under stddev_samp; prior registration was null
13:10:13.900 [main] DEBUG org.hibernate.query.sqm.function.SqmFunctionRegistry - Registered SqmFunctionTemplate [NamedSqmFunctionTemplate(var_pop)] under var_pop; prior registration was null
13:10:13.900 [main] DEBUG org.hibernate.query.sqm.function.SqmFunctionRegistry - Registered SqmFunctionTemplate [NamedSqmFunctionTemplate(var_samp)] under var_samp; prior registration was null
13:10:13.900 [main] DEBUG org.hibernate.query.sqm.function.SqmFunctionRegistry - Registered SqmFunctionTemplate [org.hibernate.dialect.function.FormatFunction@639d8311] under format; prior registration was org.hibernate.dialect.function.FormatFunction@2091b6b9
13:10:13.900 [main] DEBUG org.hibernate.query.sqm.function.SqmFunctionRegistry - Registered SqmFunctionTemplate [NamedSqmFunctionTemplate(rownum)] under rownum; prior registration was null
13:10:13.900 [main] DEBUG org.hibernate.query.sqm.function.SqmFunctionRegistry - Registered SqmFunctionTemplate [NamedSqmFunctionTemplate(row_number)] under row_number; prior registration was null
13:10:13.900 [main] DEBUG org.hibernate.query.sqm.function.SqmFunctionRegistry - Registered SqmFunctionTemplate [NamedSqmFunctionTemplate(lag)] under lag; prior registration was null
13:10:13.900 [main] DEBUG org.hibernate.query.sqm.function.SqmFunctionRegistry - Registered SqmFunctionTemplate [NamedSqmFunctionTemplate(lead)] under lead; prior registration was null
13:10:13.900 [main] DEBUG org.hibernate.query.sqm.function.SqmFunctionRegistry - Registered SqmFunctionTemplate [NamedSqmFunctionTemplate(first_value)] under first_value; prior registration was null
13:10:13.900 [main] DEBUG org.hibernate.query.sqm.function.SqmFunctionRegistry - Registered SqmFunctionTemplate [NamedSqmFunctionTemplate(last_value)] under last_value; prior registration was null
13:10:13.900 [main] DEBUG org.hibernate.query.sqm.function.SqmFunctionRegistry - Registered SqmFunctionTemplate [NamedSqmFunctionTemplate(nth_value)] under nth_value; prior registration was null
13:10:13.900 [main] DEBUG org.hibernate.query.sqm.function.SqmFunctionRegistry - Registered SqmFunctionTemplate [org.hibernate.dialect.function.ListaggFunction@5d2e6b31] under listagg; prior registration was null
13:10:13.900 [main] DEBUG org.hibernate.query.sqm.function.SqmFunctionRegistry - Registered SqmFunctionTemplate [org.hibernate.dialect.function.InverseDistributionFunction@91ae62] under mode; prior registration was null
13:10:13.900 [main] DEBUG org.hibernate.query.sqm.function.SqmFunctionRegistry - Registered SqmFunctionTemplate [org.hibernate.dialect.function.InverseDistributionFunction@125ce4b7] under percentile_cont; prior registration was null
13:10:13.900 [main] DEBUG org.hibernate.query.sqm.function.SqmFunctionRegistry - Registered SqmFunctionTemplate [org.hibernate.dialect.function.InverseDistributionFunction@1dd678e6] under percentile_disc; prior registration was null
13:10:13.900 [main] DEBUG org.hibernate.query.sqm.function.SqmFunctionRegistry - Registered SqmFunctionTemplate [org.hibernate.dialect.function.HypotheticalSetFunction@330fff8e] under rank; prior registration was null
13:10:13.900 [main] DEBUG org.hibernate.query.sqm.function.SqmFunctionRegistry - Registered SqmFunctionTemplate [org.hibernate.dialect.function.HypotheticalSetFunction@3ee0a533] under dense_rank; prior registration was null
13:10:13.900 [main] DEBUG org.hibernate.query.sqm.function.SqmFunctionRegistry - Registered SqmFunctionTemplate [org.hibernate.dialect.function.HypotheticalSetFunction@4bec8704] under percent_rank; prior registration was null
13:10:13.900 [main] DEBUG org.hibernate.query.sqm.function.SqmFunctionRegistry - Registered SqmFunctionTemplate [org.hibernate.dialect.function.HypotheticalSetFunction@65d3d7d7] under cume_dist; prior registration was null
13:10:13.900 [main] DEBUG org.hibernate.query.sqm.function.SqmFunctionRegistry - Registered SqmFunctionTemplate [org.hibernate.dialect.function.array.ArrayConstructorFunction@296ca76c] under array; prior registration was null
13:10:13.900 [main] DEBUG org.hibernate.query.sqm.function.SqmFunctionRegistry - Registered SqmFunctionTemplate [org.hibernate.dialect.function.array.ArrayConstructorFunction@129e564f] under array_list; prior registration was null
13:10:13.900 [main] DEBUG org.hibernate.query.sqm.function.SqmFunctionRegistry - Registered SqmFunctionTemplate [org.hibernate.dialect.function.array.ArrayAggFunction@3d6527bf] under array_agg; prior registration was null
13:10:13.900 [main] DEBUG org.hibernate.query.sqm.function.SqmFunctionRegistry - Registered SqmFunctionTemplate [org.hibernate.dialect.function.array.H2ArrayPositionFunction@46f322ab] under array_position; prior registration was null
13:10:13.900 [main] DEBUG org.hibernate.query.sqm.function.SqmFunctionRegistry - Registered SqmFunctionTemplate [org.hibernate.dialect.function.array.H2ArrayPositionsFunction@6a24b9e2] under array_positions; prior registration was null
13:10:13.901 [main] DEBUG org.hibernate.query.sqm.function.SqmFunctionRegistry - Registered SqmFunctionTemplate [org.hibernate.dialect.function.array.H2ArrayPositionsFunction@21d1a0da] under array_positions_list; prior registration was null
13:10:13.901 [main] DEBUG org.hibernate.query.sqm.function.SqmFunctionRegistry - Registered SqmFunctionTemplate [org.hibernate.query.sqm.function.PatternBasedSqmFunctionDescriptor@6ea04064] under array_length; prior registration was null
13:10:13.901 [main] DEBUG org.hibernate.query.sqm.function.SqmFunctionRegistry - Registered SqmFunctionTemplate [org.hibernate.dialect.function.array.ArrayConcatFunction@21041ffb] under array_concat; prior registration was null
13:10:13.901 [main] DEBUG org.hibernate.query.sqm.function.SqmFunctionRegistry - Registered SqmFunctionTemplate [org.hibernate.dialect.function.array.ArrayConcatElementFunction@1ecdfe1e] under array_prepend; prior registration was null
13:10:13.901 [main] DEBUG org.hibernate.query.sqm.function.SqmFunctionRegistry - Registered SqmFunctionTemplate [org.hibernate.dialect.function.array.ArrayConcatElementFunction@32b64a6d] under array_append; prior registration was null
13:10:13.901 [main] DEBUG org.hibernate.query.sqm.function.SqmFunctionRegistry - Registered SqmFunctionTemplate [org.hibernate.dialect.function.array.H2ArrayContainsFunction@5ef98f3f] under array_contains; prior registration was null
13:10:13.901 [main] DEBUG org.hibernate.query.sqm.function.SqmFunctionRegistry - Registered SqmFunctionTemplate [org.hibernate.dialect.function.array.H2ArrayContainsFunction@5f83a8dc] under array_contains_nullable; prior registration was null
13:10:13.901 [main] DEBUG org.hibernate.query.sqm.function.SqmFunctionRegistry - Registered SqmFunctionTemplate [org.hibernate.dialect.function.array.H2ArrayOverlapsFunction@2e4f903c] under array_overlaps; prior registration was null
13:10:13.901 [main] DEBUG org.hibernate.query.sqm.function.SqmFunctionRegistry - Registered SqmFunctionTemplate [org.hibernate.dialect.function.array.H2ArrayOverlapsFunction@2e2a42ba] under array_overlaps_nullable; prior registration was null
13:10:13.901 [main] DEBUG org.hibernate.query.sqm.function.SqmFunctionRegistry - Registered SqmFunctionTemplate [org.hibernate.query.sqm.function.PatternBasedSqmFunctionDescriptor@3cb8b037] under array_get; prior registration was null
13:10:13.901 [main] DEBUG org.hibernate.query.sqm.function.SqmFunctionRegistry - Registered SqmFunctionTemplate [org.hibernate.dialect.function.array.H2ArraySetFunction@7e3f3a34] under array_set; prior registration was null
13:10:13.901 [main] DEBUG org.hibernate.query.sqm.function.SqmFunctionRegistry - Registered SqmFunctionTemplate [org.hibernate.dialect.function.array.H2ArrayRemoveFunction@2c238bbf] under array_remove; prior registration was null
13:10:13.901 [main] DEBUG org.hibernate.query.sqm.function.SqmFunctionRegistry - Registered SqmFunctionTemplate [org.hibernate.dialect.function.array.H2ArrayRemoveIndexFunction@50603313] under array_remove_index; prior registration was null
13:10:13.901 [main] DEBUG org.hibernate.query.sqm.function.SqmFunctionRegistry - Registered SqmFunctionTemplate [org.hibernate.query.sqm.function.PatternBasedSqmFunctionDescriptor@29a01820] under array_slice; prior registration was null
13:10:13.901 [main] DEBUG org.hibernate.query.sqm.function.SqmFunctionRegistry - Registered SqmFunctionTemplate [org.hibernate.dialect.function.array.H2ArrayReplaceFunction@2ec969ba] under array_replace; prior registration was null
13:10:13.901 [main] DEBUG org.hibernate.query.sqm.function.SqmFunctionRegistry - Registered SqmFunctionTemplate [org.hibernate.query.sqm.function.PatternBasedSqmFunctionDescriptor@1e0771af] under array_trim; prior registration was null
13:10:13.901 [main] DEBUG org.hibernate.query.sqm.function.SqmFunctionRegistry - Registered SqmFunctionTemplate [org.hibernate.dialect.function.array.H2ArrayFillFunction@4f2e21d7] under array_fill; prior registration was null
13:10:13.901 [main] DEBUG org.hibernate.query.sqm.function.SqmFunctionRegistry - Registered SqmFunctionTemplate [org.hibernate.dialect.function.array.H2ArrayFillFunction@6666410a] under array_fill_list; prior registration was null
13:10:13.901 [main] DEBUG org.hibernate.query.sqm.function.SqmFunctionRegistry - Registered SqmFunctionTemplate [org.hibernate.dialect.function.array.H2ArrayToStringFunction@30760c5] under array_to_string; prior registration was null
13:10:13.901 [main] DEBUG org.hibernate.HQL_FUNCTIONS - abs(NUMERIC arg)
13:10:13.901 [main] DEBUG org.hibernate.HQL_FUNCTIONS - Double acos(NUMERIC arg)
13:10:13.901 [main] DEBUG org.hibernate.HQL_FUNCTIONS - Boolean any(BOOLEAN predicate)
13:10:13.901 [main] DEBUG org.hibernate.HQL_FUNCTIONS - array( ... )
13:10:13.901 [main] DEBUG org.hibernate.HQL_FUNCTIONS - array_agg(arg)
13:10:13.901 [main] DEBUG org.hibernate.HQL_FUNCTIONS - array_append( ... )
13:10:13.901 [main] DEBUG org.hibernate.HQL_FUNCTIONS - array_concat( ... )
13:10:13.901 [main] DEBUG org.hibernate.HQL_FUNCTIONS - Boolean array_contains(ARRAY haystackArray, OBJECT needleElementOrArray)
13:10:13.901 [main] DEBUG org.hibernate.HQL_FUNCTIONS - Boolean array_contains_nullable(ARRAY haystackArray, OBJECT needleElementOrArray)
13:10:13.901 [main] DEBUG org.hibernate.HQL_FUNCTIONS - array_fill(OBJECT element, INTEGER elementCount)
13:10:13.901 [main] DEBUG org.hibernate.HQL_FUNCTIONS - array_fill_list(OBJECT element, INTEGER elementCount)
13:10:13.902 [main] DEBUG org.hibernate.HQL_FUNCTIONS - array_get(ARRAY array, INTEGER index)
13:10:13.902 [main] DEBUG org.hibernate.HQL_FUNCTIONS - Integer array_length(ARRAY array)
13:10:13.902 [main] DEBUG org.hibernate.HQL_FUNCTIONS - array_list( ... )
13:10:13.902 [main] DEBUG org.hibernate.HQL_FUNCTIONS - Boolean array_overlaps(ARRAY array0, OBJECT array1)
13:10:13.902 [main] DEBUG org.hibernate.HQL_FUNCTIONS - Boolean array_overlaps_nullable(ARRAY array0, OBJECT array1)
13:10:13.902 [main] DEBUG org.hibernate.HQL_FUNCTIONS - Integer array_position(ARRAY array, OBJECT element[, INTEGER startPosition])
13:10:13.902 [main] DEBUG org.hibernate.HQL_FUNCTIONS - int[] array_positions(ARRAY array, OBJECT element)
13:10:13.902 [main] DEBUG org.hibernate.HQL_FUNCTIONS - List array_positions_list(ARRAY array, OBJECT element)
13:10:13.902 [main] DEBUG org.hibernate.HQL_FUNCTIONS - array_prepend( ... )
13:10:13.902 [main] DEBUG org.hibernate.HQL_FUNCTIONS - array_remove( ... )
13:10:13.902 [main] DEBUG org.hibernate.HQL_FUNCTIONS - array_remove_index( ... )
13:10:13.902 [main] DEBUG org.hibernate.HQL_FUNCTIONS - array_replace( ... )
13:10:13.902 [main] DEBUG org.hibernate.HQL_FUNCTIONS - array_set( ... )
13:10:13.902 [main] DEBUG org.hibernate.HQL_FUNCTIONS - array_slice(ARRAY array, INTEGER start, INTEGER end)
13:10:13.902 [main] DEBUG org.hibernate.HQL_FUNCTIONS - String array_to_string( ... )
13:10:13.902 [main] DEBUG org.hibernate.HQL_FUNCTIONS - array_trim(ARRAY array, INTEGER elementsToRemove)
13:10:13.902 [main] DEBUG org.hibernate.HQL_FUNCTIONS - Integer ascii(STRING arg)
13:10:13.902 [main] DEBUG org.hibernate.HQL_FUNCTIONS - Double asin(NUMERIC arg)
13:10:13.902 [main] DEBUG org.hibernate.HQL_FUNCTIONS - Double atan(NUMERIC arg)
13:10:13.902 [main] DEBUG org.hibernate.HQL_FUNCTIONS - Double atan2(NUMERIC arg0, NUMERIC arg1)
13:10:13.902 [main] DEBUG org.hibernate.HQL_FUNCTIONS - avg(NUMERIC arg)
13:10:13.902 [main] DEBUG org.hibernate.HQL_FUNCTIONS - bit_and(arg)
13:10:13.902 [main] DEBUG org.hibernate.HQL_FUNCTIONS - Integer bit_length(STRING_OR_CLOB arg)
13:10:13.902 [main] DEBUG org.hibernate.HQL_FUNCTIONS - bit_or(arg)
13:10:13.902 [main] DEBUG org.hibernate.HQL_FUNCTIONS - bitand(arg0, arg1)
13:10:13.902 [main] DEBUG org.hibernate.HQL_FUNCTIONS - bitnot(arg)
13:10:13.902 [main] DEBUG org.hibernate.HQL_FUNCTIONS - bitor(arg0, arg1)
13:10:13.902 [main] DEBUG org.hibernate.HQL_FUNCTIONS - bitxor(arg0, arg1)
13:10:13.902 [main] DEBUG org.hibernate.HQL_FUNCTIONS - Boolean bool_and(BOOLEAN predicate)
13:10:13.902 [main] DEBUG org.hibernate.HQL_FUNCTIONS - Boolean bool_or(BOOLEAN predicate)
13:10:13.902 [main] DEBUG org.hibernate.HQL_FUNCTIONS - cast(arg as Type)
13:10:13.902 [main] DEBUG org.hibernate.HQL_FUNCTIONS - ceiling(NUMERIC arg)
13:10:13.902 [main] DEBUG org.hibernate.HQL_FUNCTIONS - Character char(INTEGER arg)
13:10:13.902 [main] DEBUG org.hibernate.HQL_FUNCTIONS - Integer character_length(STRING_OR_CLOB arg)
13:10:13.902 [main] DEBUG org.hibernate.HQL_FUNCTIONS - Character chr(INTEGER arg)
13:10:13.902 [main] DEBUG org.hibernate.HQL_FUNCTIONS - coalesce(arg0[, arg1[, ...]])
13:10:13.902 [main] DEBUG org.hibernate.HQL_FUNCTIONS - String collate(STRING string as COLLATION collation)
13:10:13.902 [main] DEBUG org.hibernate.HQL_FUNCTIONS - String concat(STRING string0[, STRING string1[, ...]])
13:10:13.902 [main] DEBUG org.hibernate.HQL_FUNCTIONS - Double cos(NUMERIC arg)
13:10:13.902 [main] DEBUG org.hibernate.HQL_FUNCTIONS - Double cosh(NUMERIC arg)
13:10:13.902 [main] DEBUG org.hibernate.HQL_FUNCTIONS - Double cot(NUMERIC arg)
13:10:13.902 [main] DEBUG org.hibernate.HQL_FUNCTIONS - Long count([distinct ]{arg|*})
13:10:13.902 [main] DEBUG org.hibernate.HQL_FUNCTIONS - Double cume_dist([arg0[, ...]])
13:10:13.902 [main] DEBUG org.hibernate.HQL_FUNCTIONS - Date curdate()
13:10:13.902 [main] DEBUG org.hibernate.HQL_FUNCTIONS - Date current date
13:10:13.902 [main] DEBUG org.hibernate.HQL_FUNCTIONS - Time current time
13:10:13.902 [main] DEBUG org.hibernate.HQL_FUNCTIONS - Timestamp current timestamp
13:10:13.902 [main] DEBUG org.hibernate.HQL_FUNCTIONS - Date current_date
13:10:13.902 [main] DEBUG org.hibernate.HQL_FUNCTIONS - Instant current_instant
13:10:13.902 [main] DEBUG org.hibernate.HQL_FUNCTIONS - Time current_time
13:10:13.902 [main] DEBUG org.hibernate.HQL_FUNCTIONS - Timestamp current_timestamp
13:10:13.902 [main] DEBUG org.hibernate.HQL_FUNCTIONS - Time curtime()
13:10:13.902 [main] DEBUG org.hibernate.HQL_FUNCTIONS - date_trunc(STRING field, TEMPORAL datetime)
13:10:13.902 [main] DEBUG org.hibernate.HQL_FUNCTIONS - dateadd(TEMPORAL_UNIT field, INTEGER magnitude, TEMPORAL datetime)
13:10:13.902 [main] DEBUG org.hibernate.HQL_FUNCTIONS - Long|Double datediff(TEMPORAL_UNIT field, TEMPORAL start, TEMPORAL end)
13:10:13.902 [main] DEBUG org.hibernate.HQL_FUNCTIONS - Integer day(DATE arg)
13:10:13.902 [main] DEBUG org.hibernate.HQL_FUNCTIONS - Integer day_of_month(DATE arg)
13:10:13.902 [main] DEBUG org.hibernate.HQL_FUNCTIONS - Integer day_of_week(DATE arg)
13:10:13.902 [main] DEBUG org.hibernate.HQL_FUNCTIONS - Integer day_of_year(DATE arg)
13:10:13.902 [main] DEBUG org.hibernate.HQL_FUNCTIONS - String dayname(DATE arg)
13:10:13.902 [main] DEBUG org.hibernate.HQL_FUNCTIONS - Double degrees(NUMERIC arg)
13:10:13.902 [main] DEBUG org.hibernate.HQL_FUNCTIONS - Long dense_rank([arg0[, ...]])
13:10:13.902 [main] DEBUG org.hibernate.HQL_FUNCTIONS - Boolean every(BOOLEAN predicate)
13:10:13.902 [main] DEBUG org.hibernate.HQL_FUNCTIONS - Double exp(NUMERIC arg)
13:10:13.902 [main] DEBUG org.hibernate.HQL_FUNCTIONS - extract(TEMPORAL_UNIT field from TEMPORAL arg)
13:10:13.902 [main] DEBUG org.hibernate.HQL_FUNCTIONS - first_valueANY value
13:10:13.902 [main] DEBUG org.hibernate.HQL_FUNCTIONS - floor(NUMERIC arg)
13:10:13.902 [main] DEBUG org.hibernate.HQL_FUNCTIONS - String format(TEMPORAL datetime as STRING pattern)
13:10:13.902 [main] DEBUG org.hibernate.HQL_FUNCTIONS - greatest(COMPARABLE arg0, COMPARABLE arg1[, arg2[, ...]])
13:10:13.902 [main] DEBUG org.hibernate.HQL_FUNCTIONS - Integer hour(TIME arg)
13:10:13.902 [main] DEBUG org.hibernate.HQL_FUNCTIONS - ifnull(arg0, arg1)
13:10:13.902 [main] DEBUG org.hibernate.HQL_FUNCTIONS - String insert(STRING string, INTEGER start, INTEGER length, STRING replacement)
13:10:13.902 [main] DEBUG org.hibernate.HQL_FUNCTIONS - Instant instant
13:10:13.902 [main] DEBUG org.hibernate.HQL_FUNCTIONS - Integer instr(STRING string, STRING pattern[, INTEGER start[, INTEGER occurrence]])
13:10:13.902 [main] DEBUG org.hibernate.HQL_FUNCTIONS - lagANY value[, INTEGER offset[, ANY default]]
13:10:13.902 [main] DEBUG org.hibernate.HQL_FUNCTIONS - last_valueANY value
13:10:13.902 [main] DEBUG org.hibernate.HQL_FUNCTIONS - leadANY value[, INTEGER offset[, ANY default]]
13:10:13.902 [main] DEBUG org.hibernate.HQL_FUNCTIONS - least(COMPARABLE arg0, COMPARABLE arg1[, arg2[, ...]])
13:10:13.902 [main] DEBUG org.hibernate.HQL_FUNCTIONS - String left(STRING string, INTEGER length)
13:10:13.902 [main] DEBUG org.hibernate.HQL_FUNCTIONS - Integer length(STRING_OR_CLOB arg)
13:10:13.902 [main] DEBUG org.hibernate.HQL_FUNCTIONS - String listagg(STRING arg0, STRING arg1)
13:10:13.902 [main] DEBUG org.hibernate.HQL_FUNCTIONS - Double ln(NUMERIC arg)
13:10:13.902 [main] DEBUG org.hibernate.HQL_FUNCTIONS - LocalDate local date
13:10:13.902 [main] DEBUG org.hibernate.HQL_FUNCTIONS - LocalDateTime local datetime
13:10:13.902 [main] DEBUG org.hibernate.HQL_FUNCTIONS - LocalTime local time
13:10:13.902 [main] DEBUG org.hibernate.HQL_FUNCTIONS - LocalDate local_date
13:10:13.902 [main] DEBUG org.hibernate.HQL_FUNCTIONS - LocalDateTime local_datetime
13:10:13.902 [main] DEBUG org.hibernate.HQL_FUNCTIONS - LocalTime local_time
13:10:13.902 [main] DEBUG org.hibernate.HQL_FUNCTIONS - Time localtime
13:10:13.902 [main] DEBUG org.hibernate.HQL_FUNCTIONS - Timestamp localtimestamp
13:10:13.902 [main] DEBUG org.hibernate.HQL_FUNCTIONS - Integer locate(STRING pattern, STRING string[, INTEGER start])
13:10:13.902 [main] DEBUG org.hibernate.HQL_FUNCTIONS - Double log(NUMERIC base, NUMERIC arg)
13:10:13.902 [main] DEBUG org.hibernate.HQL_FUNCTIONS - Double log10(NUMERIC arg)
13:10:13.902 [main] DEBUG org.hibernate.HQL_FUNCTIONS - String lower(STRING string)
13:10:13.902 [main] DEBUG org.hibernate.HQL_FUNCTIONS - String lpad(STRING string, INTEGER length[, STRING padding])
13:10:13.902 [main] DEBUG org.hibernate.HQL_FUNCTIONS - String ltrim(STRING string)
13:10:13.902 [main] DEBUG org.hibernate.HQL_FUNCTIONS - max(COMPARABLE arg)
13:10:13.902 [main] DEBUG org.hibernate.HQL_FUNCTIONS - Double median(NUMERIC arg)
13:10:13.902 [main] DEBUG org.hibernate.HQL_FUNCTIONS - Integer microsecond(TIME arg)
13:10:13.902 [main] DEBUG org.hibernate.HQL_FUNCTIONS - min(COMPARABLE arg)
13:10:13.902 [main] DEBUG org.hibernate.HQL_FUNCTIONS - Integer minute(TIME arg)
13:10:13.902 [main] DEBUG org.hibernate.HQL_FUNCTIONS - Integer mod(INTEGER arg0, INTEGER arg1)
13:10:13.902 [main] DEBUG org.hibernate.HQL_FUNCTIONS - mode()
13:10:13.902 [main] DEBUG org.hibernate.HQL_FUNCTIONS - Integer month(DATE arg)
13:10:13.902 [main] DEBUG org.hibernate.HQL_FUNCTIONS - String monthname(DATE arg)
13:10:13.902 [main] DEBUG org.hibernate.HQL_FUNCTIONS - Timestamp now()
13:10:13.902 [main] DEBUG org.hibernate.HQL_FUNCTIONS - nth_valueANY value, INTEGER nth
13:10:13.902 [main] DEBUG org.hibernate.HQL_FUNCTIONS - nullif(arg0, arg1)
13:10:13.902 [main] DEBUG org.hibernate.HQL_FUNCTIONS - Integer octet_length(STRING_OR_CLOB arg)
13:10:13.902 [main] DEBUG org.hibernate.HQL_FUNCTIONS - OffsetDateTime offset datetime
13:10:13.902 [main] DEBUG org.hibernate.HQL_FUNCTIONS - OffsetDateTime offset_datetime
13:10:13.902 [main] DEBUG org.hibernate.HQL_FUNCTIONS - String overlay(STRING string placing STRING replacement from INTEGER start[ for INTEGER length])
13:10:13.902 [main] DEBUG org.hibernate.HQL_FUNCTIONS - String pad(STRING string with INTEGER length {leading|trailing}[ STRING character])
13:10:13.902 [main] DEBUG org.hibernate.HQL_FUNCTIONS - Double percent_rank([arg0[, ...]])
13:10:13.902 [main] DEBUG org.hibernate.HQL_FUNCTIONS - percentile_cont(NUMERIC arg)
13:10:13.902 [main] DEBUG org.hibernate.HQL_FUNCTIONS - percentile_disc(NUMERIC arg)
13:10:13.902 [main] DEBUG org.hibernate.HQL_FUNCTIONS - Double pi
13:10:13.902 [main] DEBUG org.hibernate.HQL_FUNCTIONS - Integer position(STRING pattern in STRING string)
13:10:13.902 [main] DEBUG org.hibernate.HQL_FUNCTIONS - Double power(NUMERIC arg0, NUMERIC arg1)
13:10:13.902 [main] DEBUG org.hibernate.HQL_FUNCTIONS - Integer quarter(DATE arg)
13:10:13.902 [main] DEBUG org.hibernate.HQL_FUNCTIONS - Double radians(NUMERIC arg)
13:10:13.902 [main] DEBUG org.hibernate.HQL_FUNCTIONS - Double rand([INTEGER seed])
13:10:13.903 [main] DEBUG org.hibernate.HQL_FUNCTIONS - Long rank([arg0[, ...]])
13:10:13.903 [main] DEBUG org.hibernate.HQL_FUNCTIONS - String repeat(STRING string, INTEGER times)
13:10:13.903 [main] DEBUG org.hibernate.HQL_FUNCTIONS - String replace(STRING string, STRING pattern, STRING replacement)
13:10:13.903 [main] DEBUG org.hibernate.HQL_FUNCTIONS - String right(STRING string, INTEGER length)
13:10:13.903 [main] DEBUG org.hibernate.HQL_FUNCTIONS - round(NUMERIC number[, INTEGER places])
13:10:13.903 [main] DEBUG org.hibernate.HQL_FUNCTIONS - Long row_number()
13:10:13.903 [main] DEBUG org.hibernate.HQL_FUNCTIONS - Long rownum()
13:10:13.903 [main] DEBUG org.hibernate.HQL_FUNCTIONS - String rpad(STRING string, INTEGER length[, STRING padding])
13:10:13.903 [main] DEBUG org.hibernate.HQL_FUNCTIONS - String rtrim(STRING string)
13:10:13.903 [main] DEBUG org.hibernate.HQL_FUNCTIONS - Integer second(TIME arg)
13:10:13.903 [main] DEBUG org.hibernate.HQL_FUNCTIONS - Integer sign(NUMERIC arg)
13:10:13.903 [main] DEBUG org.hibernate.HQL_FUNCTIONS - Double sin(NUMERIC arg)
13:10:13.903 [main] DEBUG org.hibernate.HQL_FUNCTIONS - Double sinh(NUMERIC arg)
13:10:13.903 [main] DEBUG org.hibernate.HQL_FUNCTIONS - String soundex(arg)
13:10:13.903 [main] DEBUG org.hibernate.HQL_FUNCTIONS - String space(INTEGER arg)
13:10:13.903 [main] DEBUG org.hibernate.HQL_FUNCTIONS - Object sql
13:10:13.903 [main] DEBUG org.hibernate.HQL_FUNCTIONS - Double sqrt(NUMERIC arg)
13:10:13.903 [main] DEBUG org.hibernate.HQL_FUNCTIONS - Double stddev_pop(NUMERIC arg)
13:10:13.903 [main] DEBUG org.hibernate.HQL_FUNCTIONS - Double stddev_samp(NUMERIC arg)
13:10:13.903 [main] DEBUG org.hibernate.HQL_FUNCTIONS - String str(arg)
13:10:13.903 [main] DEBUG org.hibernate.HQL_FUNCTIONS - String substr(STRING string, INTEGER start[, INTEGER length])
13:10:13.903 [main] DEBUG org.hibernate.HQL_FUNCTIONS - String substring(STRING string{ from|,} INTEGER start[{ for|,} INTEGER length])
13:10:13.903 [main] DEBUG org.hibernate.HQL_FUNCTIONS - sum(arg)
13:10:13.903 [main] DEBUG org.hibernate.HQL_FUNCTIONS - Timestamp sysdate
13:10:13.903 [main] DEBUG org.hibernate.HQL_FUNCTIONS - Double tan(NUMERIC arg)
13:10:13.903 [main] DEBUG org.hibernate.HQL_FUNCTIONS - Double tanh(NUMERIC arg)
13:10:13.903 [main] DEBUG org.hibernate.HQL_FUNCTIONS - timestampadd(TEMPORAL_UNIT field, INTEGER magnitude, TEMPORAL datetime)
13:10:13.903 [main] DEBUG org.hibernate.HQL_FUNCTIONS - Long|Double timestampdiff(TEMPORAL_UNIT field, TEMPORAL start, TEMPORAL end)
13:10:13.903 [main] DEBUG org.hibernate.HQL_FUNCTIONS - String translate(STRING arg0, STRING arg1, STRING arg2)
13:10:13.903 [main] DEBUG org.hibernate.HQL_FUNCTIONS - String trim([[{leading|trailing|both} ][STRING arg0 ]from] STRING arg1)
13:10:13.903 [main] DEBUG org.hibernate.HQL_FUNCTIONS - trunc( ... )
13:10:13.903 [main] DEBUG org.hibernate.HQL_FUNCTIONS - truncate( ... )
13:10:13.903 [main] DEBUG org.hibernate.HQL_FUNCTIONS - String upper(STRING string)
13:10:13.903 [main] DEBUG org.hibernate.HQL_FUNCTIONS - Double var_pop(NUMERIC arg)
13:10:13.903 [main] DEBUG org.hibernate.HQL_FUNCTIONS - Double var_samp(NUMERIC arg)
13:10:13.903 [main] DEBUG org.hibernate.HQL_FUNCTIONS - Integer week(DATE arg)
13:10:13.903 [main] DEBUG org.hibernate.HQL_FUNCTIONS - Integer year(DATE arg)
13:10:13.903 [main] DEBUG org.hibernate.orm.query.plan.cache - Starting QueryInterpretationCache(2048)
13:10:13.904 [main] DEBUG org.hibernate.service.internal.SessionFactoryServiceRegistryImpl - EventListenerRegistry access via ServiceRegistry is deprecated.  Use `sessionFactory.getEventEngine().getListenerRegistry()` instead
13:10:13.904 [main] DEBUG org.hibernate.event.internal.EntityCopyObserverFactoryInitiator - Configured EntityCopyObserver strategy: disallow
13:10:13.906 [main] DEBUG org.hibernate.boot.internal.ClassLoaderAccessImpl - Not known whether passed class name [org.frcpm.models.Attendance] is safe
13:10:13.906 [main] DEBUG org.hibernate.boot.internal.ClassLoaderAccessImpl - No temp ClassLoader provided; using live ClassLoader for loading potentially unsafe class : org.frcpm.models.Attendance
13:10:13.912 [main] DEBUG org.hibernate.bytecode.internal.bytebuddy.BytecodeProviderImpl - HHH000513: Unable to create the ReflectionOptimizer for [org.frcpm.models.Attendance]: private accessor [arrivalTime]
13:10:13.913 [main] DEBUG org.hibernate.boot.internal.ClassLoaderAccessImpl - Not known whether passed class name [org.frcpm.models.Meeting] is safe
13:10:13.913 [main] DEBUG org.hibernate.boot.internal.ClassLoaderAccessImpl - No temp ClassLoader provided; using live ClassLoader for loading potentially unsafe class : org.frcpm.models.Meeting
13:10:13.920 [main] DEBUG org.hibernate.bytecode.internal.bytebuddy.BytecodeProviderImpl - HHH000513: Unable to create the ReflectionOptimizer for [org.frcpm.models.Meeting]: private accessor [attendances]
13:10:13.921 [main] DEBUG org.hibernate.boot.internal.ClassLoaderAccessImpl - Not known whether passed class name [org.frcpm.models.Subsystem] is safe
13:10:13.921 [main] DEBUG org.hibernate.boot.internal.ClassLoaderAccessImpl - No temp ClassLoader provided; using live ClassLoader for loading potentially unsafe class : org.frcpm.models.Subsystem
13:10:13.923 [frcpm-hikari-pool connection adder] DEBUG com.zaxxer.hikari.pool.HikariPool - frcpm-hikari-pool - After adding stats (total=3, active=0, idle=3, waiting=0)
13:10:13.924 [frcpm-hikari-pool connection adder] DEBUG com.zaxxer.hikari.pool.HikariPool - frcpm-hikari-pool - Added connection conn25: url=jdbc:h2:mem:testdb user=SA
13:10:13.927 [main] DEBUG org.hibernate.bytecode.internal.bytebuddy.BytecodeProviderImpl - HHH000513: Unable to create the ReflectionOptimizer for [org.frcpm.models.Subsystem]: private accessor [description]
13:10:13.928 [main] DEBUG org.hibernate.boot.internal.ClassLoaderAccessImpl - Not known whether passed class name [org.frcpm.models.Component] is safe
13:10:13.928 [main] DEBUG org.hibernate.boot.internal.ClassLoaderAccessImpl - No temp ClassLoader provided; using live ClassLoader for loading potentially unsafe class : org.frcpm.models.Component
13:10:13.934 [main] DEBUG org.hibernate.bytecode.internal.bytebuddy.BytecodeProviderImpl - HHH000513: Unable to create the ReflectionOptimizer for [org.frcpm.models.Component]: private accessor [actualDelivery]
13:10:13.935 [main] DEBUG org.hibernate.boot.internal.ClassLoaderAccessImpl - Not known whether passed class name [org.frcpm.models.Milestone] is safe
13:10:13.935 [main] DEBUG org.hibernate.boot.internal.ClassLoaderAccessImpl - No temp ClassLoader provided; using live ClassLoader for loading potentially unsafe class : org.frcpm.models.Milestone
13:10:13.938 [FRC-PM-HikariCP housekeeper] DEBUG com.zaxxer.hikari.pool.HikariPool - FRC-PM-HikariCP - Before cleanup stats (total=1, active=0, idle=1, waiting=0)
13:10:13.938 [FRC-PM-HikariCP housekeeper] DEBUG com.zaxxer.hikari.pool.HikariPool - FRC-PM-HikariCP - After cleanup  stats (total=1, active=0, idle=1, waiting=0)
13:10:13.941 [FRC-PM-HikariCP connection adder] DEBUG com.zaxxer.hikari.pool.HikariPool - FRC-PM-HikariCP - Added connection conn26: url=jdbc:h2:mem:testdb user=SA
13:10:13.943 [main] DEBUG org.hibernate.bytecode.internal.bytebuddy.BytecodeProviderImpl - HHH000513: Unable to create the ReflectionOptimizer for [org.frcpm.models.Milestone]: private accessor [date]
13:10:13.944 [main] DEBUG org.hibernate.boot.internal.ClassLoaderAccessImpl - Not known whether passed class name [org.frcpm.models.Project] is safe
13:10:13.944 [main] DEBUG org.hibernate.boot.internal.ClassLoaderAccessImpl - No temp ClassLoader provided; using live ClassLoader for loading potentially unsafe class : org.frcpm.models.Project
13:10:13.950 [main] DEBUG org.hibernate.bytecode.internal.bytebuddy.BytecodeProviderImpl - HHH000513: Unable to create the ReflectionOptimizer for [org.frcpm.models.Project]: private accessor [description]
13:10:13.951 [main] DEBUG org.hibernate.boot.internal.ClassLoaderAccessImpl - Not known whether passed class name [org.frcpm.models.Subteam] is safe
13:10:13.951 [main] DEBUG org.hibernate.boot.internal.ClassLoaderAccessImpl - No temp ClassLoader provided; using live ClassLoader for loading potentially unsafe class : org.frcpm.models.Subteam
13:10:13.954 [frcpm-hikari-pool connection adder] DEBUG com.zaxxer.hikari.pool.HikariPool - frcpm-hikari-pool - After adding stats (total=4, active=0, idle=4, waiting=0)
13:10:13.956 [frcpm-hikari-pool connection adder] DEBUG com.zaxxer.hikari.pool.HikariPool - frcpm-hikari-pool - Added connection conn27: url=jdbc:h2:mem:testdb user=SA
13:10:13.959 [main] DEBUG org.hibernate.bytecode.internal.bytebuddy.BytecodeProviderImpl - HHH000513: Unable to create the ReflectionOptimizer for [org.frcpm.models.Subteam]: private accessor [colorCode]
13:10:13.960 [main] DEBUG org.hibernate.boot.internal.ClassLoaderAccessImpl - Not known whether passed class name [org.frcpm.models.Task] is safe
13:10:13.960 [main] DEBUG org.hibernate.boot.internal.ClassLoaderAccessImpl - No temp ClassLoader provided; using live ClassLoader for loading potentially unsafe class : org.frcpm.models.Task
13:10:13.991 [main] DEBUG org.hibernate.bytecode.internal.bytebuddy.BytecodeProviderImpl - HHH000513: Unable to create the ReflectionOptimizer for [org.frcpm.models.Task]: private accessor [actualDurationSeconds]
13:10:13.992 [main] DEBUG org.hibernate.boot.internal.ClassLoaderAccessImpl - Not known whether passed class name [org.frcpm.models.TeamMember] is safe
13:10:13.993 [main] DEBUG org.hibernate.boot.internal.ClassLoaderAccessImpl - No temp ClassLoader provided; using live ClassLoader for loading potentially unsafe class : org.frcpm.models.TeamMember
13:10:14.012 [main] DEBUG org.hibernate.bytecode.internal.bytebuddy.BytecodeProviderImpl - HHH000513: Unable to create the ReflectionOptimizer for [org.frcpm.models.TeamMember]: private accessor [assignedTasks]
13:10:14.013 [main] DEBUG org.hibernate.orm.jdbc.mutation - Skipping collection row updates - org.frcpm.models.Task.assignedTo
13:10:14.013 [main] DEBUG org.hibernate.orm.jdbc.mutation - Skipping collection (re)creation - org.frcpm.models.Subsystem.tasks
13:10:14.013 [main] DEBUG org.hibernate.orm.jdbc.mutation - Skipping collection row deletions - org.frcpm.models.Subsystem.tasks
13:10:14.013 [main] DEBUG org.hibernate.orm.jdbc.mutation - Skipping collection removals - org.frcpm.models.Subsystem.tasks
13:10:14.013 [main] DEBUG org.hibernate.orm.jdbc.mutation - Skipping collection (re)creation - org.frcpm.models.Subteam.members
13:10:14.013 [main] DEBUG org.hibernate.orm.jdbc.mutation - Skipping collection row deletions - org.frcpm.models.Subteam.members
13:10:14.013 [main] DEBUG org.hibernate.orm.jdbc.mutation - Skipping collection removals - org.frcpm.models.Subteam.members
13:10:14.013 [main] DEBUG org.hibernate.orm.jdbc.mutation - Skipping collection (re)creation - org.frcpm.models.TeamMember.attendances
13:10:14.013 [main] DEBUG org.hibernate.orm.jdbc.mutation - Skipping collection row deletions - org.frcpm.models.TeamMember.attendances
13:10:14.013 [main] DEBUG org.hibernate.orm.jdbc.mutation - Skipping collection removals - org.frcpm.models.TeamMember.attendances
13:10:14.014 [main] DEBUG org.hibernate.orm.jdbc.mutation - Skipping collection row updates - org.frcpm.models.Task.requiredComponents
13:10:14.014 [main] DEBUG org.hibernate.orm.jdbc.mutation - Skipping collection (re)creation - org.frcpm.models.Subteam.subsystems
13:10:14.014 [main] DEBUG org.hibernate.orm.jdbc.mutation - Skipping collection row deletions - org.frcpm.models.Subteam.subsystems
13:10:14.014 [main] DEBUG org.hibernate.orm.jdbc.mutation - Skipping collection removals - org.frcpm.models.Subteam.subsystems
13:10:14.014 [main] DEBUG org.hibernate.orm.jdbc.mutation - Skipping collection row updates - org.frcpm.models.Task.preDependencies
13:10:14.014 [main] DEBUG org.hibernate.orm.jdbc.mutation - Skipping collection (re)creation - org.frcpm.models.Project.milestones
13:10:14.014 [main] DEBUG org.hibernate.orm.jdbc.mutation - Skipping collection row deletions - org.frcpm.models.Project.milestones
13:10:14.014 [main] DEBUG org.hibernate.orm.jdbc.mutation - Skipping collection removals - org.frcpm.models.Project.milestones
13:10:14.014 [main] DEBUG org.hibernate.orm.jdbc.mutation - Skipping collection inserts - org.frcpm.models.Component.requiredForTasks
13:10:14.014 [main] DEBUG org.hibernate.orm.jdbc.mutation - Skipping collection row updates - org.frcpm.models.Component.requiredForTasks
13:10:14.014 [main] DEBUG org.hibernate.orm.jdbc.mutation - Skipping collection row deletions - org.frcpm.models.Component.requiredForTasks
13:10:14.014 [main] DEBUG org.hibernate.orm.jdbc.mutation - Skipping collection removals - org.frcpm.models.Component.requiredForTasks
13:10:14.014 [main] DEBUG org.hibernate.orm.jdbc.mutation - Skipping collection (re)creation - org.frcpm.models.Project.meetings
13:10:14.014 [main] DEBUG org.hibernate.orm.jdbc.mutation - Skipping collection row deletions - org.frcpm.models.Project.meetings
13:10:14.014 [main] DEBUG org.hibernate.orm.jdbc.mutation - Skipping collection removals - org.frcpm.models.Project.meetings
13:10:14.014 [main] DEBUG org.hibernate.orm.jdbc.mutation - Skipping collection inserts - org.frcpm.models.TeamMember.assignedTasks
13:10:14.014 [main] DEBUG org.hibernate.orm.jdbc.mutation - Skipping collection row updates - org.frcpm.models.TeamMember.assignedTasks
13:10:14.014 [main] DEBUG org.hibernate.orm.jdbc.mutation - Skipping collection row deletions - org.frcpm.models.TeamMember.assignedTasks
13:10:14.014 [main] DEBUG org.hibernate.orm.jdbc.mutation - Skipping collection removals - org.frcpm.models.TeamMember.assignedTasks
13:10:14.014 [main] DEBUG org.hibernate.orm.jdbc.mutation - Skipping collection (re)creation - org.frcpm.models.Meeting.attendances
13:10:14.014 [main] DEBUG org.hibernate.orm.jdbc.mutation - Skipping collection row deletions - org.frcpm.models.Meeting.attendances
13:10:14.014 [main] DEBUG org.hibernate.orm.jdbc.mutation - Skipping collection removals - org.frcpm.models.Meeting.attendances
13:10:14.014 [main] DEBUG org.hibernate.orm.jdbc.mutation - Skipping collection inserts - org.frcpm.models.Task.postDependencies
13:10:14.014 [main] DEBUG org.hibernate.orm.jdbc.mutation - Skipping collection row updates - org.frcpm.models.Task.postDependencies
13:10:14.014 [main] DEBUG org.hibernate.orm.jdbc.mutation - Skipping collection row deletions - org.frcpm.models.Task.postDependencies
13:10:14.014 [main] DEBUG org.hibernate.orm.jdbc.mutation - Skipping collection removals - org.frcpm.models.Task.postDependencies
13:10:14.015 [main] DEBUG org.hibernate.orm.jdbc.mutation - Skipping collection (re)creation - org.frcpm.models.Project.tasks
13:10:14.015 [main] DEBUG org.hibernate.orm.jdbc.mutation - Skipping collection row deletions - org.frcpm.models.Project.tasks
13:10:14.015 [main] DEBUG org.hibernate.orm.jdbc.mutation - Skipping collection removals - org.frcpm.models.Project.tasks
13:10:14.019 [main] DEBUG org.hibernate.orm.model.mapping.creation - Starting post-init callbacks
13:10:14.019 [main] DEBUG org.hibernate.orm.model.mapping.creation - Starting PostInitCallbackEntry : To-one key - NavigableRole[org.frcpm.models.Attendance.meeting]
13:10:14.019 [main] DEBUG org.hibernate.orm.model.mapping.creation - Starting PostInitCallbackEntry : To-one key - NavigableRole[org.frcpm.models.Attendance.member]
13:10:14.019 [main] DEBUG org.hibernate.orm.model.mapping.creation - Starting PostInitCallbackEntry : Entity(org.frcpm.models.Attendance) `staticFetchableList` generator
13:10:14.019 [main] DEBUG org.hibernate.orm.model.mapping.creation - Starting PostInitCallbackEntry : PluralAttributeMapping( NavigableRole[org.frcpm.models.Meeting.attendances#{element}]) - element descriptor
13:10:14.019 [main] DEBUG org.hibernate.orm.model.mapping.creation - Starting PostInitCallbackEntry : PluralAttributeMapping(org.frcpm.models.Meeting.attendances)#finishInitialization
13:10:14.019 [main] DEBUG org.hibernate.orm.model.mapping.creation - Starting PostInitCallbackEntry : PluralAttributeMapping(org.frcpm.models.Meeting.attendances) - key descriptor
13:10:14.019 [main] DEBUG org.hibernate.orm.model.mapping.creation - Starting PostInitCallbackEntry : To-one key - NavigableRole[org.frcpm.models.Meeting.project]
13:10:14.020 [main] DEBUG org.hibernate.orm.model.mapping.creation - Starting PostInitCallbackEntry : Entity(org.frcpm.models.Meeting) `staticFetchableList` generator
13:10:14.020 [main] DEBUG org.hibernate.orm.model.mapping.creation - Starting PostInitCallbackEntry : To-one key - NavigableRole[org.frcpm.models.Subsystem.responsibleSubteam]
13:10:14.020 [main] DEBUG org.hibernate.orm.model.mapping.creation - Starting PostInitCallbackEntry : PluralAttributeMapping( NavigableRole[org.frcpm.models.Subsystem.tasks#{element}]) - element descriptor
13:10:14.020 [main] DEBUG org.hibernate.orm.model.mapping.creation - Starting PostInitCallbackEntry : PluralAttributeMapping(org.frcpm.models.Subsystem.tasks)#finishInitialization
13:10:14.020 [main] DEBUG org.hibernate.orm.model.mapping.creation - Starting PostInitCallbackEntry : PluralAttributeMapping(org.frcpm.models.Subsystem.tasks) - key descriptor
13:10:14.020 [main] DEBUG org.hibernate.orm.model.mapping.creation - Starting PostInitCallbackEntry : Entity(org.frcpm.models.Subsystem) `staticFetchableList` generator
13:10:14.020 [main] DEBUG org.hibernate.orm.model.mapping.creation - Starting PostInitCallbackEntry : PluralAttributeMapping( NavigableRole[org.frcpm.models.Component.requiredForTasks#{element}]) - element descriptor
13:10:14.020 [main] DEBUG org.hibernate.orm.model.mapping.creation - Starting PostInitCallbackEntry : PluralAttributeMapping(org.frcpm.models.Component.requiredForTasks)#finishInitialization
13:10:14.020 [main] DEBUG org.hibernate.orm.model.mapping.creation - Starting PostInitCallbackEntry : PluralAttributeMapping(org.frcpm.models.Component.requiredForTasks) - key descriptor
13:10:14.020 [main] DEBUG org.hibernate.orm.model.mapping.creation - Starting PostInitCallbackEntry : Entity(org.frcpm.models.Component) `staticFetchableList` generator
13:10:14.020 [main] DEBUG org.hibernate.orm.model.mapping.creation - Starting PostInitCallbackEntry : To-one key - NavigableRole[org.frcpm.models.Milestone.project]
13:10:14.020 [main] DEBUG org.hibernate.orm.model.mapping.creation - Starting PostInitCallbackEntry : Entity(org.frcpm.models.Milestone) `staticFetchableList` generator
13:10:14.020 [main] DEBUG org.hibernate.orm.model.mapping.creation - Starting PostInitCallbackEntry : PluralAttributeMapping( NavigableRole[org.frcpm.models.Project.meetings#{element}]) - element descriptor
13:10:14.020 [main] DEBUG org.hibernate.orm.model.mapping.creation - Starting PostInitCallbackEntry : PluralAttributeMapping(org.frcpm.models.Project.meetings)#finishInitialization
13:10:14.020 [main] DEBUG org.hibernate.orm.model.mapping.creation - Starting PostInitCallbackEntry : PluralAttributeMapping(org.frcpm.models.Project.meetings) - key descriptor
13:10:14.020 [main] DEBUG org.hibernate.orm.model.mapping.creation - Starting PostInitCallbackEntry : PluralAttributeMapping( NavigableRole[org.frcpm.models.Project.milestones#{element}]) - element descriptor
13:10:14.020 [main] DEBUG org.hibernate.orm.model.mapping.creation - Starting PostInitCallbackEntry : PluralAttributeMapping(org.frcpm.models.Project.milestones)#finishInitialization
13:10:14.020 [main] DEBUG org.hibernate.orm.model.mapping.creation - Starting PostInitCallbackEntry : PluralAttributeMapping(org.frcpm.models.Project.milestones) - key descriptor
13:10:14.020 [main] DEBUG org.hibernate.orm.model.mapping.creation - Starting PostInitCallbackEntry : PluralAttributeMapping( NavigableRole[org.frcpm.models.Project.tasks#{element}]) - element descriptor
13:10:14.020 [main] DEBUG org.hibernate.orm.model.mapping.creation - Starting PostInitCallbackEntry : PluralAttributeMapping(org.frcpm.models.Project.tasks)#finishInitialization
13:10:14.020 [main] DEBUG org.hibernate.orm.model.mapping.creation - Starting PostInitCallbackEntry : PluralAttributeMapping(org.frcpm.models.Project.tasks) - key descriptor
13:10:14.020 [main] DEBUG org.hibernate.orm.model.mapping.creation - Starting PostInitCallbackEntry : Entity(org.frcpm.models.Project) `staticFetchableList` generator
13:10:14.020 [main] DEBUG org.hibernate.orm.model.mapping.creation - Starting PostInitCallbackEntry : PluralAttributeMapping( NavigableRole[org.frcpm.models.Subteam.members#{element}]) - element descriptor
13:10:14.020 [main] DEBUG org.hibernate.orm.model.mapping.creation - Starting PostInitCallbackEntry : PluralAttributeMapping(org.frcpm.models.Subteam.members)#finishInitialization
13:10:14.020 [main] DEBUG org.hibernate.orm.model.mapping.creation - Starting PostInitCallbackEntry : PluralAttributeMapping(org.frcpm.models.Subteam.members) - key descriptor
13:10:14.020 [main] DEBUG org.hibernate.orm.model.mapping.creation - Starting PostInitCallbackEntry : PluralAttributeMapping( NavigableRole[org.frcpm.models.Subteam.subsystems#{element}]) - element descriptor
13:10:14.020 [main] DEBUG org.hibernate.orm.model.mapping.creation - Starting PostInitCallbackEntry : PluralAttributeMapping(org.frcpm.models.Subteam.subsystems)#finishInitialization
13:10:14.020 [main] DEBUG org.hibernate.orm.model.mapping.creation - Starting PostInitCallbackEntry : PluralAttributeMapping(org.frcpm.models.Subteam.subsystems) - key descriptor
13:10:14.020 [main] DEBUG org.hibernate.orm.model.mapping.creation - Starting PostInitCallbackEntry : Entity(org.frcpm.models.Subteam) `staticFetchableList` generator
13:10:14.020 [main] DEBUG org.hibernate.orm.model.mapping.creation - Starting PostInitCallbackEntry : PluralAttributeMapping( NavigableRole[org.frcpm.models.Task.assignedTo#{element}]) - element descriptor
13:10:14.020 [main] DEBUG org.hibernate.orm.model.mapping.creation - Starting PostInitCallbackEntry : PluralAttributeMapping(org.frcpm.models.Task.assignedTo)#finishInitialization
13:10:14.020 [main] DEBUG org.hibernate.orm.model.mapping.creation - Starting PostInitCallbackEntry : PluralAttributeMapping(org.frcpm.models.Task.assignedTo) - key descriptor
13:10:14.020 [main] DEBUG org.hibernate.orm.model.mapping.creation - Starting PostInitCallbackEntry : PluralAttributeMapping( NavigableRole[org.frcpm.models.Task.postDependencies#{element}]) - element descriptor
13:10:14.020 [main] DEBUG org.hibernate.orm.model.mapping.creation - Starting PostInitCallbackEntry : PluralAttributeMapping(org.frcpm.models.Task.postDependencies)#finishInitialization
13:10:14.020 [main] DEBUG org.hibernate.orm.model.mapping.creation - Starting PostInitCallbackEntry : PluralAttributeMapping(org.frcpm.models.Task.postDependencies) - key descriptor
13:10:14.020 [main] DEBUG org.hibernate.orm.model.mapping.creation - Starting PostInitCallbackEntry : PluralAttributeMapping( NavigableRole[org.frcpm.models.Task.preDependencies#{element}]) - element descriptor
13:10:14.020 [main] DEBUG org.hibernate.orm.model.mapping.creation - Starting PostInitCallbackEntry : PluralAttributeMapping(org.frcpm.models.Task.preDependencies)#finishInitialization
13:10:14.020 [main] DEBUG org.hibernate.orm.model.mapping.creation - Starting PostInitCallbackEntry : PluralAttributeMapping(org.frcpm.models.Task.preDependencies) - key descriptor
13:10:14.020 [main] DEBUG org.hibernate.orm.model.mapping.creation - Starting PostInitCallbackEntry : To-one key - NavigableRole[org.frcpm.models.Task.project]
13:10:14.020 [main] DEBUG org.hibernate.orm.model.mapping.creation - Starting PostInitCallbackEntry : PluralAttributeMapping( NavigableRole[org.frcpm.models.Task.requiredComponents#{element}]) - element descriptor
13:10:14.020 [main] DEBUG org.hibernate.orm.model.mapping.creation - Starting PostInitCallbackEntry : PluralAttributeMapping(org.frcpm.models.Task.requiredComponents)#finishInitialization
13:10:14.020 [main] DEBUG org.hibernate.orm.model.mapping.creation - Starting PostInitCallbackEntry : PluralAttributeMapping(org.frcpm.models.Task.requiredComponents) - key descriptor
13:10:14.020 [main] DEBUG org.hibernate.orm.model.mapping.creation - Starting PostInitCallbackEntry : To-one key - NavigableRole[org.frcpm.models.Task.subsystem]
13:10:14.020 [main] DEBUG org.hibernate.orm.model.mapping.creation - Starting PostInitCallbackEntry : Entity(org.frcpm.models.Task) `staticFetchableList` generator
13:10:14.020 [main] DEBUG org.hibernate.orm.model.mapping.creation - Starting PostInitCallbackEntry : PluralAttributeMapping( NavigableRole[org.frcpm.models.TeamMember.assignedTasks#{element}]) - element descriptor
13:10:14.020 [main] DEBUG org.hibernate.orm.model.mapping.creation - Starting PostInitCallbackEntry : PluralAttributeMapping(org.frcpm.models.TeamMember.assignedTasks)#finishInitialization
13:10:14.020 [main] DEBUG org.hibernate.orm.model.mapping.creation - Starting PostInitCallbackEntry : PluralAttributeMapping(org.frcpm.models.TeamMember.assignedTasks) - key descriptor
13:10:14.020 [main] DEBUG org.hibernate.orm.model.mapping.creation - Starting PostInitCallbackEntry : PluralAttributeMapping( NavigableRole[org.frcpm.models.TeamMember.attendances#{element}]) - element descriptor
13:10:14.020 [main] DEBUG org.hibernate.orm.model.mapping.creation - Starting PostInitCallbackEntry : PluralAttributeMapping(org.frcpm.models.TeamMember.attendances)#finishInitialization
13:10:14.020 [main] DEBUG org.hibernate.orm.model.mapping.creation - Starting PostInitCallbackEntry : PluralAttributeMapping(org.frcpm.models.TeamMember.attendances) - key descriptor
13:10:14.020 [main] DEBUG org.hibernate.orm.model.mapping.creation - Starting PostInitCallbackEntry : To-one key - NavigableRole[org.frcpm.models.TeamMember.subteam]
13:10:14.020 [main] DEBUG org.hibernate.orm.model.mapping.creation - Starting PostInitCallbackEntry : Entity(org.frcpm.models.TeamMember) `staticFetchableList` generator
13:10:14.020 [main] DEBUG org.hibernate.orm.model.mapping.creation - Starting PostInitCallbackEntry : PluralAttributeMapping( NavigableRole[org.frcpm.models.Meeting.attendances#{element}]) - element descriptor
13:10:14.020 [main] DEBUG org.hibernate.orm.model.mapping.creation - Starting PostInitCallbackEntry : PluralAttributeMapping( NavigableRole[org.frcpm.models.Subsystem.tasks#{element}]) - element descriptor
13:10:14.020 [main] DEBUG org.hibernate.orm.model.mapping.creation - Starting PostInitCallbackEntry : PluralAttributeMapping( NavigableRole[org.frcpm.models.Component.requiredForTasks#{element}]) - element descriptor
13:10:14.021 [main] DEBUG org.hibernate.orm.model.mapping.creation - Starting PostInitCallbackEntry : PluralAttributeMapping( NavigableRole[org.frcpm.models.Project.meetings#{element}]) - element descriptor
13:10:14.021 [main] DEBUG org.hibernate.orm.model.mapping.creation - Starting PostInitCallbackEntry : PluralAttributeMapping( NavigableRole[org.frcpm.models.Project.milestones#{element}]) - element descriptor
13:10:14.021 [main] DEBUG org.hibernate.orm.model.mapping.creation - Starting PostInitCallbackEntry : PluralAttributeMapping( NavigableRole[org.frcpm.models.Project.tasks#{element}]) - element descriptor
13:10:14.021 [main] DEBUG org.hibernate.orm.model.mapping.creation - Starting PostInitCallbackEntry : PluralAttributeMapping( NavigableRole[org.frcpm.models.Subteam.members#{element}]) - element descriptor
13:10:14.021 [main] DEBUG org.hibernate.orm.model.mapping.creation - Starting PostInitCallbackEntry : PluralAttributeMapping( NavigableRole[org.frcpm.models.Subteam.subsystems#{element}]) - element descriptor
13:10:14.021 [main] DEBUG org.hibernate.orm.model.mapping.creation - Starting PostInitCallbackEntry : PluralAttributeMapping( NavigableRole[org.frcpm.models.Task.postDependencies#{element}]) - element descriptor
13:10:14.021 [main] DEBUG org.hibernate.orm.model.mapping.creation - Starting PostInitCallbackEntry : PluralAttributeMapping( NavigableRole[org.frcpm.models.TeamMember.attendances#{element}]) - element descriptor
13:10:14.029 [main] DEBUG org.hibernate.orm.sql.ast.create - Created new SQL alias : a1_0
13:10:14.029 [main] DEBUG org.hibernate.orm.sql.ast.create - Registration of TableGroup [StandardTableGroup(org.frcpm.models.Attendance)] with identifierForTableGroup [org.frcpm.models.Attendance] for NavigablePath [org.frcpm.models.Attendance] 
13:10:14.029 [main] DEBUG org.hibernate.orm.sql.ast.create - Registration of TableGroup [org.hibernate.sql.ast.tree.from.LazyTableGroup@37a26221] with identifierForTableGroup [org.frcpm.models.Attendance.meeting] for NavigablePath [org.frcpm.models.Attendance.meeting] 
13:10:14.029 [main] DEBUG org.hibernate.orm.sql.ast.create - Registration of TableGroup [org.hibernate.sql.ast.tree.from.LazyTableGroup@25bb5bf9] with identifierForTableGroup [org.frcpm.models.Attendance.member] for NavigablePath [org.frcpm.models.Attendance.member] 
13:10:14.029 [main] DEBUG org.hibernate.orm.results.graph.AST - DomainResult Graph:
 \-EntityResultImpl [org.frcpm.models.Attendance]
 |  +-BasicFetch [org.frcpm.models.Attendance.arrivalTime]
 |  +-BasicFetch [org.frcpm.models.Attendance.departureTime]
 |  +-EntityDelayedFetchImpl [org.frcpm.models.Attendance.meeting]
 |  +-EntityDelayedFetchImpl [org.frcpm.models.Attendance.member]
 |  \-BasicFetch [org.frcpm.models.Attendance.present]

13:10:14.029 [main] DEBUG org.hibernate.orm.sql.ast.tree - SQL AST Tree:
    SelectStatement {
      FromClause {
        StandardTableGroup (a1 : org.frcpm.models.Attendance) {
          primaryTableReference : attendances as a1_0
          TableGroupJoins {
            left  join LazyTableGroup (m1 : org.frcpm.models.Attendance.meeting) {
            }
            left  join LazyTableGroup (m2 : org.frcpm.models.Attendance.member) {
            }
          }
        }
      }
    }

13:10:14.030 [main] DEBUG org.hibernate.persister.entity.AbstractEntityPersister - Static SQL for entity: org.frcpm.models.Attendance
13:10:14.030 [main] DEBUG org.hibernate.persister.entity.AbstractEntityPersister -  Version select: /* get version org.frcpm.models.Attendance */ select id from attendances where id=?
13:10:14.030 [main] DEBUG org.hibernate.persister.entity.AbstractEntityPersister -  Insert (0): /* insert for org.frcpm.models.Attendance */insert into attendances (arrival_time,departure_time,meeting_id,member_id,present,id) values (?,?,?,?,?,default)
13:10:14.030 [main] DEBUG org.hibernate.persister.entity.AbstractEntityPersister -  Update (0): /* update for org.frcpm.models.Attendance */update attendances set arrival_time=?,departure_time=?,meeting_id=?,member_id=?,present=? where id=?
13:10:14.030 [main] DEBUG org.hibernate.persister.entity.AbstractEntityPersister -  Delete (0): /* delete for org.frcpm.models.Attendance */delete from attendances where id=?
13:10:14.030 [main] DEBUG org.hibernate.orm.sql.ast.create - Created new SQL alias : m1_0
13:10:14.030 [main] DEBUG org.hibernate.orm.sql.ast.create - Registration of TableGroup [StandardTableGroup(org.frcpm.models.Meeting)] with identifierForTableGroup [org.frcpm.models.Meeting] for NavigablePath [org.frcpm.models.Meeting] 
13:10:14.030 [main] DEBUG org.hibernate.orm.sql.ast.create - Registration of TableGroup [org.hibernate.sql.ast.tree.from.LazyTableGroup@5979d0a5] with identifierForTableGroup [org.frcpm.models.Meeting.project] for NavigablePath [org.frcpm.models.Meeting.project] 
13:10:14.030 [main] DEBUG org.hibernate.orm.results.graph.AST - DomainResult Graph:
 \-EntityResultImpl [org.frcpm.models.Meeting]
 |  +-DelayedCollectionFetch [org.frcpm.models.Meeting.attendances]
 |  +-BasicFetch [org.frcpm.models.Meeting.date]
 |  +-BasicFetch [org.frcpm.models.Meeting.endTime]
 |  +-BasicFetch [org.frcpm.models.Meeting.notes]
 |  +-EntityDelayedFetchImpl [org.frcpm.models.Meeting.project]
 |  \-BasicFetch [org.frcpm.models.Meeting.startTime]

13:10:14.030 [main] DEBUG org.hibernate.orm.sql.ast.tree - SQL AST Tree:
    SelectStatement {
      FromClause {
        StandardTableGroup (m1 : org.frcpm.models.Meeting) {
          primaryTableReference : meetings as m1_0
          TableGroupJoins {
            left  join LazyTableGroup (p1 : org.frcpm.models.Meeting.project) {
            }
          }
        }
      }
    }

13:10:14.031 [main] DEBUG org.hibernate.persister.entity.AbstractEntityPersister - Static SQL for entity: org.frcpm.models.Meeting
13:10:14.031 [main] DEBUG org.hibernate.persister.entity.AbstractEntityPersister -  Version select: /* get version org.frcpm.models.Meeting */ select id from meetings where id=?
13:10:14.031 [main] DEBUG org.hibernate.persister.entity.AbstractEntityPersister -  Insert (0): /* insert for org.frcpm.models.Meeting */insert into meetings (date,end_time,notes,project_id,start_time,id) values (?,?,?,?,?,default)
13:10:14.031 [main] DEBUG org.hibernate.persister.entity.AbstractEntityPersister -  Update (0): /* update for org.frcpm.models.Meeting */update meetings set date=?,end_time=?,notes=?,project_id=?,start_time=? where id=?
13:10:14.031 [main] DEBUG org.hibernate.persister.entity.AbstractEntityPersister -  Delete (0): /* delete for org.frcpm.models.Meeting */delete from meetings where id=?
13:10:14.031 [main] DEBUG org.hibernate.orm.sql.ast.create - Created new SQL alias : s1_0
13:10:14.031 [main] DEBUG org.hibernate.orm.sql.ast.create - Registration of TableGroup [StandardTableGroup(org.frcpm.models.Subsystem)] with identifierForTableGroup [org.frcpm.models.Subsystem] for NavigablePath [org.frcpm.models.Subsystem] 
13:10:14.031 [main] DEBUG org.hibernate.orm.sql.ast.create - Registration of TableGroup [org.hibernate.sql.ast.tree.from.LazyTableGroup@43eb581d] with identifierForTableGroup [org.frcpm.models.Subsystem.responsibleSubteam] for NavigablePath [org.frcpm.models.Subsystem.responsibleSubteam] 
13:10:14.031 [main] DEBUG org.hibernate.orm.results.graph.AST - DomainResult Graph:
 \-EntityResultImpl [org.frcpm.models.Subsystem]
 |  +-BasicFetch [org.frcpm.models.Subsystem.description]
 |  +-BasicFetch [org.frcpm.models.Subsystem.name]
 |  +-EntityDelayedFetchImpl [org.frcpm.models.Subsystem.responsibleSubteam]
 |  +-BasicFetch [org.frcpm.models.Subsystem.status]
 |  \-DelayedCollectionFetch [org.frcpm.models.Subsystem.tasks]

13:10:14.031 [main] DEBUG org.hibernate.orm.sql.ast.tree - SQL AST Tree:
    SelectStatement {
      FromClause {
        StandardTableGroup (s1 : org.frcpm.models.Subsystem) {
          primaryTableReference : subsystems as s1_0
          TableGroupJoins {
            left  join LazyTableGroup (rs1 : org.frcpm.models.Subsystem.responsibleSubteam) {
            }
          }
        }
      }
    }

13:10:14.031 [main] DEBUG org.hibernate.persister.entity.AbstractEntityPersister - Static SQL for entity: org.frcpm.models.Subsystem
13:10:14.031 [main] DEBUG org.hibernate.persister.entity.AbstractEntityPersister -  Version select: /* get version org.frcpm.models.Subsystem */ select id from subsystems where id=?
13:10:14.031 [main] DEBUG org.hibernate.persister.entity.AbstractEntityPersister -  Insert (0): /* insert for org.frcpm.models.Subsystem */insert into subsystems (description,name,responsible_subteam_id,status,id) values (?,?,?,?,default)
13:10:14.031 [main] DEBUG org.hibernate.persister.entity.AbstractEntityPersister -  Update (0): /* update for org.frcpm.models.Subsystem */update subsystems set description=?,name=?,responsible_subteam_id=?,status=? where id=?
13:10:14.031 [main] DEBUG org.hibernate.persister.entity.AbstractEntityPersister -  Delete (0): /* delete for org.frcpm.models.Subsystem */delete from subsystems where id=?
13:10:14.031 [main] DEBUG org.hibernate.orm.sql.ast.create - Created new SQL alias : c1_0
13:10:14.031 [main] DEBUG org.hibernate.orm.sql.ast.create - Registration of TableGroup [StandardTableGroup(org.frcpm.models.Component)] with identifierForTableGroup [org.frcpm.models.Component] for NavigablePath [org.frcpm.models.Component] 
13:10:14.031 [main] DEBUG org.hibernate.orm.results.graph.AST - DomainResult Graph:
 \-EntityResultImpl [org.frcpm.models.Component]
 |  +-BasicFetch [org.frcpm.models.Component.actualDelivery]
 |  +-BasicFetch [org.frcpm.models.Component.delivered]
 |  +-BasicFetch [org.frcpm.models.Component.description]
 |  +-BasicFetch [org.frcpm.models.Component.expectedDelivery]
 |  +-BasicFetch [org.frcpm.models.Component.name]
 |  +-BasicFetch [org.frcpm.models.Component.partNumber]
 |  \-DelayedCollectionFetch [org.frcpm.models.Component.requiredForTasks]

13:10:14.031 [main] DEBUG org.hibernate.orm.sql.ast.tree - SQL AST Tree:
    SelectStatement {
      FromClause {
        StandardTableGroup (c1 : org.frcpm.models.Component) {
          primaryTableReference : components as c1_0
        }
      }
    }

13:10:14.031 [main] DEBUG org.hibernate.persister.entity.AbstractEntityPersister - Static SQL for entity: org.frcpm.models.Component
13:10:14.031 [main] DEBUG org.hibernate.persister.entity.AbstractEntityPersister -  Version select: /* get version org.frcpm.models.Component */ select id from components where id=?
13:10:14.032 [main] DEBUG org.hibernate.persister.entity.AbstractEntityPersister -  Insert (0): /* insert for org.frcpm.models.Component */insert into components (actual_delivery,is_delivered,description,expected_delivery,name,part_number,id) values (?,?,?,?,?,?,default)
13:10:14.032 [main] DEBUG org.hibernate.persister.entity.AbstractEntityPersister -  Update (0): /* update for org.frcpm.models.Component */update components set actual_delivery=?,is_delivered=?,description=?,expected_delivery=?,name=?,part_number=? where id=?
13:10:14.032 [main] DEBUG org.hibernate.persister.entity.AbstractEntityPersister -  Delete (0): /* delete for org.frcpm.models.Component */delete from components where id=?
13:10:14.032 [main] DEBUG org.hibernate.orm.sql.ast.create - Created new SQL alias : m1_0
13:10:14.032 [main] DEBUG org.hibernate.orm.sql.ast.create - Registration of TableGroup [StandardTableGroup(org.frcpm.models.Milestone)] with identifierForTableGroup [org.frcpm.models.Milestone] for NavigablePath [org.frcpm.models.Milestone] 
13:10:14.032 [main] DEBUG org.hibernate.orm.sql.ast.create - Registration of TableGroup [org.hibernate.sql.ast.tree.from.LazyTableGroup@47362f88] with identifierForTableGroup [org.frcpm.models.Milestone.project] for NavigablePath [org.frcpm.models.Milestone.project] 
13:10:14.032 [main] DEBUG org.hibernate.orm.results.graph.AST - DomainResult Graph:
 \-EntityResultImpl [org.frcpm.models.Milestone]
 |  +-BasicFetch [org.frcpm.models.Milestone.date]
 |  +-BasicFetch [org.frcpm.models.Milestone.description]
 |  +-BasicFetch [org.frcpm.models.Milestone.name]
 |  \-EntityDelayedFetchImpl [org.frcpm.models.Milestone.project]

13:10:14.032 [main] DEBUG org.hibernate.orm.sql.ast.tree - SQL AST Tree:
    SelectStatement {
      FromClause {
        StandardTableGroup (m1 : org.frcpm.models.Milestone) {
          primaryTableReference : milestones as m1_0
          TableGroupJoins {
            left  join LazyTableGroup (p1 : org.frcpm.models.Milestone.project) {
            }
          }
        }
      }
    }

13:10:14.033 [main] DEBUG org.hibernate.persister.entity.AbstractEntityPersister - Static SQL for entity: org.frcpm.models.Milestone
13:10:14.033 [main] DEBUG org.hibernate.persister.entity.AbstractEntityPersister -  Version select: /* get version org.frcpm.models.Milestone */ select id from milestones where id=?
13:10:14.033 [main] DEBUG org.hibernate.persister.entity.AbstractEntityPersister -  Insert (0): /* insert for org.frcpm.models.Milestone */insert into milestones (date,description,name,project_id,id) values (?,?,?,?,default)
13:10:14.033 [main] DEBUG org.hibernate.persister.entity.AbstractEntityPersister -  Update (0): /* update for org.frcpm.models.Milestone */update milestones set date=?,description=?,name=?,project_id=? where id=?
13:10:14.033 [main] DEBUG org.hibernate.persister.entity.AbstractEntityPersister -  Delete (0): /* delete for org.frcpm.models.Milestone */delete from milestones where id=?
13:10:14.033 [main] DEBUG org.hibernate.orm.sql.ast.create - Created new SQL alias : p1_0
13:10:14.033 [main] DEBUG org.hibernate.orm.sql.ast.create - Registration of TableGroup [StandardTableGroup(org.frcpm.models.Project)] with identifierForTableGroup [org.frcpm.models.Project] for NavigablePath [org.frcpm.models.Project] 
13:10:14.033 [main] DEBUG org.hibernate.orm.results.graph.AST - DomainResult Graph:
 \-EntityResultImpl [org.frcpm.models.Project]
 |  +-BasicFetch [org.frcpm.models.Project.description]
 |  +-BasicFetch [org.frcpm.models.Project.goalEndDate]
 |  +-BasicFetch [org.frcpm.models.Project.hardDeadline]
 |  +-DelayedCollectionFetch [org.frcpm.models.Project.meetings]
 |  +-DelayedCollectionFetch [org.frcpm.models.Project.milestones]
 |  +-BasicFetch [org.frcpm.models.Project.name]
 |  +-BasicFetch [org.frcpm.models.Project.startDate]
 |  \-DelayedCollectionFetch [org.frcpm.models.Project.tasks]

13:10:14.033 [main] DEBUG org.hibernate.orm.sql.ast.tree - SQL AST Tree:
    SelectStatement {
      FromClause {
        StandardTableGroup (p1 : org.frcpm.models.Project) {
          primaryTableReference : projects as p1_0
        }
      }
    }

13:10:14.033 [main] DEBUG org.hibernate.persister.entity.AbstractEntityPersister - Static SQL for entity: org.frcpm.models.Project
13:10:14.033 [main] DEBUG org.hibernate.persister.entity.AbstractEntityPersister -  Version select: /* get version org.frcpm.models.Project */ select id from projects where id=?
13:10:14.033 [main] DEBUG org.hibernate.persister.entity.AbstractEntityPersister -  Insert (0): /* insert for org.frcpm.models.Project */insert into projects (description,goal_end_date,hard_deadline,name,start_date,id) values (?,?,?,?,?,default)
13:10:14.033 [main] DEBUG org.hibernate.persister.entity.AbstractEntityPersister -  Update (0): /* update for org.frcpm.models.Project */update projects set description=?,goal_end_date=?,hard_deadline=?,name=?,start_date=? where id=?
13:10:14.033 [main] DEBUG org.hibernate.persister.entity.AbstractEntityPersister -  Delete (0): /* delete for org.frcpm.models.Project */delete from projects where id=?
13:10:14.033 [main] DEBUG org.hibernate.orm.sql.ast.create - Created new SQL alias : s1_0
13:10:14.033 [main] DEBUG org.hibernate.orm.sql.ast.create - Registration of TableGroup [StandardTableGroup(org.frcpm.models.Subteam)] with identifierForTableGroup [org.frcpm.models.Subteam] for NavigablePath [org.frcpm.models.Subteam] 
13:10:14.034 [main] DEBUG org.hibernate.orm.results.graph.AST - DomainResult Graph:
 \-EntityResultImpl [org.frcpm.models.Subteam]
 |  +-BasicFetch [org.frcpm.models.Subteam.colorCode]
 |  +-DelayedCollectionFetch [org.frcpm.models.Subteam.members]
 |  +-BasicFetch [org.frcpm.models.Subteam.name]
 |  +-BasicFetch [org.frcpm.models.Subteam.specialties]
 |  \-DelayedCollectionFetch [org.frcpm.models.Subteam.subsystems]

13:10:14.034 [main] DEBUG org.hibernate.orm.sql.ast.tree - SQL AST Tree:
    SelectStatement {
      FromClause {
        StandardTableGroup (s1 : org.frcpm.models.Subteam) {
          primaryTableReference : subteams as s1_0
        }
      }
    }

13:10:14.034 [main] DEBUG org.hibernate.persister.entity.AbstractEntityPersister - Static SQL for entity: org.frcpm.models.Subteam
13:10:14.034 [main] DEBUG org.hibernate.persister.entity.AbstractEntityPersister -  Version select: /* get version org.frcpm.models.Subteam */ select id from subteams where id=?
13:10:14.034 [main] DEBUG org.hibernate.persister.entity.AbstractEntityPersister -  Insert (0): /* insert for org.frcpm.models.Subteam */insert into subteams (color_code,name,specialties,id) values (?,?,?,default)
13:10:14.034 [main] DEBUG org.hibernate.persister.entity.AbstractEntityPersister -  Update (0): /* update for org.frcpm.models.Subteam */update subteams set color_code=?,name=?,specialties=? where id=?
13:10:14.034 [main] DEBUG org.hibernate.persister.entity.AbstractEntityPersister -  Delete (0): /* delete for org.frcpm.models.Subteam */delete from subteams where id=?
13:10:14.034 [main] DEBUG org.hibernate.orm.sql.ast.create - Created new SQL alias : t1_0
13:10:14.034 [main] DEBUG org.hibernate.orm.sql.ast.create - Registration of TableGroup [StandardTableGroup(org.frcpm.models.Task)] with identifierForTableGroup [org.frcpm.models.Task] for NavigablePath [org.frcpm.models.Task] 
13:10:14.034 [main] DEBUG org.hibernate.orm.sql.ast.create - Registration of TableGroup [org.hibernate.sql.ast.tree.from.LazyTableGroup@5018b648] with identifierForTableGroup [org.frcpm.models.Task.project] for NavigablePath [org.frcpm.models.Task.project] 
13:10:14.034 [main] DEBUG org.hibernate.orm.sql.ast.create - Registration of TableGroup [org.hibernate.sql.ast.tree.from.LazyTableGroup@3be22500] with identifierForTableGroup [org.frcpm.models.Task.subsystem] for NavigablePath [org.frcpm.models.Task.subsystem] 
13:10:14.034 [main] DEBUG org.hibernate.orm.results.graph.AST - DomainResult Graph:
 \-EntityResultImpl [org.frcpm.models.Task]
 |  +-BasicFetch [org.frcpm.models.Task.actualDurationSeconds]
 |  +-DelayedCollectionFetch [org.frcpm.models.Task.assignedTo]
 |  +-BasicFetch [org.frcpm.models.Task.completed]
 |  +-BasicFetch [org.frcpm.models.Task.description]
 |  +-BasicFetch [org.frcpm.models.Task.endDate]
 |  +-BasicFetch [org.frcpm.models.Task.estimatedDurationSeconds]
 |  +-DelayedCollectionFetch [org.frcpm.models.Task.postDependencies]
 |  +-DelayedCollectionFetch [org.frcpm.models.Task.preDependencies]
 |  +-BasicFetch [org.frcpm.models.Task.priority]
 |  +-BasicFetch [org.frcpm.models.Task.progress]
 |  +-EntityDelayedFetchImpl [org.frcpm.models.Task.project]
 |  +-DelayedCollectionFetch [org.frcpm.models.Task.requiredComponents]
 |  +-BasicFetch [org.frcpm.models.Task.startDate]
 |  +-EntityDelayedFetchImpl [org.frcpm.models.Task.subsystem]
 |  \-BasicFetch [org.frcpm.models.Task.title]

13:10:14.034 [main] DEBUG org.hibernate.orm.sql.ast.tree - SQL AST Tree:
    SelectStatement {
      FromClause {
        StandardTableGroup (t1 : org.frcpm.models.Task) {
          primaryTableReference : tasks as t1_0
          TableGroupJoins {
            left  join LazyTableGroup (p1 : org.frcpm.models.Task.project) {
            }
            left  join LazyTableGroup (s1 : org.frcpm.models.Task.subsystem) {
            }
          }
        }
      }
    }

13:10:14.035 [main] DEBUG org.hibernate.persister.entity.AbstractEntityPersister - Static SQL for entity: org.frcpm.models.Task
13:10:14.035 [main] DEBUG org.hibernate.persister.entity.AbstractEntityPersister -  Version select: /* get version org.frcpm.models.Task */ select id from tasks where id=?
13:10:14.035 [main] DEBUG org.hibernate.persister.entity.AbstractEntityPersister -  Insert (0): /* insert for org.frcpm.models.Task */insert into tasks (actual_duration_seconds,completed,description,end_date,estimated_duration_seconds,priority,progress,project_id,start_date,subsystem_id,title,id) values (?,?,?,?,?,?,?,?,?,?,?,default)
13:10:14.035 [main] DEBUG org.hibernate.persister.entity.AbstractEntityPersister -  Update (0): /* update for org.frcpm.models.Task */update tasks set actual_duration_seconds=?,completed=?,description=?,end_date=?,estimated_duration_seconds=?,priority=?,progress=?,project_id=?,start_date=?,subsystem_id=?,title=? where id=?
13:10:14.035 [main] DEBUG org.hibernate.persister.entity.AbstractEntityPersister -  Delete (0): /* delete for org.frcpm.models.Task */delete from tasks where id=?
13:10:14.035 [main] DEBUG org.hibernate.orm.sql.ast.create - Created new SQL alias : tm1_0
13:10:14.035 [main] DEBUG org.hibernate.orm.sql.ast.create - Registration of TableGroup [StandardTableGroup(org.frcpm.models.TeamMember)] with identifierForTableGroup [org.frcpm.models.TeamMember] for NavigablePath [org.frcpm.models.TeamMember] 
13:10:14.035 [main] DEBUG org.hibernate.orm.sql.ast.create - Registration of TableGroup [org.hibernate.sql.ast.tree.from.LazyTableGroup@ddf8b1d] with identifierForTableGroup [org.frcpm.models.TeamMember.subteam] for NavigablePath [org.frcpm.models.TeamMember.subteam] 
13:10:14.035 [main] DEBUG org.hibernate.orm.results.graph.AST - DomainResult Graph:
 \-EntityResultImpl [org.frcpm.models.TeamMember]
 |  +-DelayedCollectionFetch [org.frcpm.models.TeamMember.assignedTasks]
 |  +-DelayedCollectionFetch [org.frcpm.models.TeamMember.attendances]
 |  +-BasicFetch [org.frcpm.models.TeamMember.email]
 |  +-BasicFetch [org.frcpm.models.TeamMember.firstName]
 |  +-BasicFetch [org.frcpm.models.TeamMember.lastName]
 |  +-BasicFetch [org.frcpm.models.TeamMember.leader]
 |  +-BasicFetch [org.frcpm.models.TeamMember.phone]
 |  +-BasicFetch [org.frcpm.models.TeamMember.skills]
 |  +-EntityDelayedFetchImpl [org.frcpm.models.TeamMember.subteam]
 |  \-BasicFetch [org.frcpm.models.TeamMember.username]

13:10:14.035 [main] DEBUG org.hibernate.orm.sql.ast.tree - SQL AST Tree:
    SelectStatement {
      FromClause {
        StandardTableGroup (tm1 : org.frcpm.models.TeamMember) {
          primaryTableReference : team_members as tm1_0
          TableGroupJoins {
            left  join LazyTableGroup (s1 : org.frcpm.models.TeamMember.subteam) {
            }
          }
        }
      }
    }

13:10:14.035 [main] DEBUG org.hibernate.persister.entity.AbstractEntityPersister - Static SQL for entity: org.frcpm.models.TeamMember
13:10:14.035 [main] DEBUG org.hibernate.persister.entity.AbstractEntityPersister -  Version select: /* get version org.frcpm.models.TeamMember */ select id from team_members where id=?
13:10:14.035 [main] DEBUG org.hibernate.persister.entity.AbstractEntityPersister -  Insert (0): /* insert for org.frcpm.models.TeamMember */insert into team_members (email,first_name,last_name,is_leader,phone,skills,subteam_id,username,id) values (?,?,?,?,?,?,?,?,default)
13:10:14.035 [main] DEBUG org.hibernate.persister.entity.AbstractEntityPersister -  Update (0): /* update for org.frcpm.models.TeamMember */update team_members set email=?,first_name=?,last_name=?,is_leader=?,phone=?,skills=?,subteam_id=?,username=? where id=?
13:10:14.035 [main] DEBUG org.hibernate.persister.entity.AbstractEntityPersister -  Delete (0): /* delete for org.frcpm.models.TeamMember */delete from team_members where id=?
13:10:14.035 [main] DEBUG org.hibernate.orm.sql.ast.create - Created new SQL alias : at1_0
13:10:14.036 [main] DEBUG org.hibernate.orm.sql.ast.create - Registration of TableGroup [CollectionTableGroup(org.frcpm.models.Task.assignedTo)] with identifierForTableGroup [org.frcpm.models.Task.assignedTo] for NavigablePath [org.frcpm.models.Task.assignedTo] 
13:10:14.036 [main] DEBUG org.hibernate.orm.sql.ast.create - Registration of TableGroup [org.hibernate.sql.ast.tree.from.LazyTableGroup@32002a21] with identifierForTableGroup [org.frcpm.models.Task.assignedTo.{element}] for NavigablePath [org.frcpm.models.Task.assignedTo.{element}] 
13:10:14.036 [main] DEBUG org.hibernate.orm.sql.ast.create - Created new SQL alias : at1_1
13:10:14.036 [main] DEBUG org.hibernate.orm.sql.ast.create - Registration of TableGroup [org.hibernate.sql.ast.tree.from.LazyTableGroup@b13c600] with identifierForTableGroup [org.frcpm.models.Task.assignedTo.{element}.subteam] for NavigablePath [org.frcpm.models.Task.assignedTo.{element}.subteam] 
13:10:14.036 [main] DEBUG org.hibernate.orm.results.graph.AST - DomainResult Graph:
 \-CollectionDomainResult [org.frcpm.models.Task.assignedTo]

13:10:14.036 [main] DEBUG org.hibernate.orm.sql.ast.tree - SQL AST Tree:
    SelectStatement {
      FromClause {
        CollectionTableGroup (at1 : org.frcpm.models.Task.assignedTo) {
          primaryTableReference : task_assignments as at1_0
          TableGroupJoins {
             join LazyTableGroup (at1 : org.frcpm.models.Task.assignedTo.{element}) {
              primaryTableReference : team_members as at1_1
              TableGroupJoins {
                left  join LazyTableGroup (s1 : org.frcpm.models.Task.assignedTo.{element}.subteam) {
                }
              }
            }
          }
        }
      }
    }

13:10:14.036 [main] DEBUG org.hibernate.orm.jdbc.mutation - Static SQL for collection: org.frcpm.models.Task.assignedTo
13:10:14.037 [main] DEBUG org.hibernate.orm.jdbc.mutation -  Row insert: /* insert for org.frcpm.models.Task.assignedTo */insert into task_assignments (task_id,team_member_id) values (?,?)
13:10:14.037 [main] DEBUG org.hibernate.orm.jdbc.mutation -  Row delete: /* delete for org.frcpm.models.Task.assignedTo */delete from task_assignments where task_id=? and team_member_id=?
13:10:14.037 [main] DEBUG org.hibernate.orm.jdbc.mutation -  One-shot delete: /* one-shot delete for org.frcpm.models.Task.assignedTo */delete from task_assignments where task_id=?
13:10:14.037 [main] DEBUG org.hibernate.orm.sql.ast.create - Created new SQL alias : t1_0
13:10:14.037 [main] DEBUG org.hibernate.orm.sql.ast.create - Registration of TableGroup [org.hibernate.sql.ast.tree.from.OneToManyTableGroup@31ef9ac6] with identifierForTableGroup [org.frcpm.models.Subsystem.tasks] for NavigablePath [org.frcpm.models.Subsystem.tasks] 
13:10:14.037 [main] DEBUG org.hibernate.orm.sql.ast.create - Registration of TableGroup [StandardTableGroup(org.frcpm.models.Subsystem.tasks.{element})] with identifierForTableGroup [org.frcpm.models.Subsystem.tasks.{element}] for NavigablePath [org.frcpm.models.Subsystem.tasks.{element}] 
13:10:14.038 [main] DEBUG org.hibernate.orm.sql.ast.create - Registration of TableGroup [org.hibernate.sql.ast.tree.from.LazyTableGroup@87ef6de] with identifierForTableGroup [org.frcpm.models.Subsystem.tasks.{element}.project] for NavigablePath [org.frcpm.models.Subsystem.tasks.{element}.project] 
13:10:14.038 [main] DEBUG org.hibernate.orm.sql.ast.create - Registration of TableGroup [org.hibernate.sql.ast.tree.from.LazyTableGroup@13572152] with identifierForTableGroup [org.frcpm.models.Subsystem.tasks.{element}.subsystem] for NavigablePath [org.frcpm.models.Subsystem.tasks.{element}.subsystem] 
13:10:14.038 [main] DEBUG org.hibernate.orm.results.graph.AST - DomainResult Graph:
 \-CollectionDomainResult [org.frcpm.models.Subsystem.tasks]

13:10:14.038 [main] DEBUG org.hibernate.orm.sql.ast.tree - SQL AST Tree:
    SelectStatement {
      FromClause {
        OneToManyTableGroup (t1 : org.frcpm.models.Subsystem.tasks) {
          primaryTableReference : tasks as t1_0
          TableGroupJoins {
            left  join LazyTableGroup (p1 : org.frcpm.models.Subsystem.tasks.{element}.project) {
            }
            left  join LazyTableGroup (s1 : org.frcpm.models.Subsystem.tasks.{element}.subsystem) {
            }
          }
        }
      }
    }

13:10:14.038 [main] DEBUG org.hibernate.orm.jdbc.mutation - Static SQL for collection: org.frcpm.models.Subsystem.tasks
13:10:14.038 [main] DEBUG org.hibernate.orm.sql.ast.create - Created new SQL alias : m1_0
13:10:14.039 [main] DEBUG org.hibernate.orm.sql.ast.create - Registration of TableGroup [org.hibernate.sql.ast.tree.from.OneToManyTableGroup@696faa2b] with identifierForTableGroup [org.frcpm.models.Subteam.members] for NavigablePath [org.frcpm.models.Subteam.members] 
13:10:14.039 [main] DEBUG org.hibernate.orm.sql.ast.create - Registration of TableGroup [StandardTableGroup(org.frcpm.models.Subteam.members.{element})] with identifierForTableGroup [org.frcpm.models.Subteam.members.{element}] for NavigablePath [org.frcpm.models.Subteam.members.{element}] 
13:10:14.039 [main] DEBUG org.hibernate.orm.sql.ast.create - Registration of TableGroup [org.hibernate.sql.ast.tree.from.LazyTableGroup@16d869de] with identifierForTableGroup [org.frcpm.models.Subteam.members.{element}.subteam] for NavigablePath [org.frcpm.models.Subteam.members.{element}.subteam] 
13:10:14.039 [main] DEBUG org.hibernate.orm.results.graph.AST - DomainResult Graph:
 \-CollectionDomainResult [org.frcpm.models.Subteam.members]

13:10:14.039 [main] DEBUG org.hibernate.orm.sql.ast.tree - SQL AST Tree:
    SelectStatement {
      FromClause {
        OneToManyTableGroup (m1 : org.frcpm.models.Subteam.members) {
          primaryTableReference : team_members as m1_0
          TableGroupJoins {
            left  join LazyTableGroup (s1 : org.frcpm.models.Subteam.members.{element}.subteam) {
            }
          }
        }
      }
    }

13:10:14.039 [main] DEBUG org.hibernate.orm.jdbc.mutation - Static SQL for collection: org.frcpm.models.Subteam.members
13:10:14.039 [main] DEBUG org.hibernate.orm.sql.ast.create - Created new SQL alias : a1_0
13:10:14.039 [main] DEBUG org.hibernate.orm.sql.ast.create - Registration of TableGroup [org.hibernate.sql.ast.tree.from.OneToManyTableGroup@4127f82a] with identifierForTableGroup [org.frcpm.models.TeamMember.attendances] for NavigablePath [org.frcpm.models.TeamMember.attendances] 
13:10:14.039 [main] DEBUG org.hibernate.orm.sql.ast.create - Registration of TableGroup [StandardTableGroup(org.frcpm.models.TeamMember.attendances.{element})] with identifierForTableGroup [org.frcpm.models.TeamMember.attendances.{element}] for NavigablePath [org.frcpm.models.TeamMember.attendances.{element}] 
13:10:14.039 [main] DEBUG org.hibernate.orm.sql.ast.create - Registration of TableGroup [org.hibernate.sql.ast.tree.from.LazyTableGroup@550d3cd7] with identifierForTableGroup [org.frcpm.models.TeamMember.attendances.{element}.meeting] for NavigablePath [org.frcpm.models.TeamMember.attendances.{element}.meeting] 
13:10:14.040 [main] DEBUG org.hibernate.orm.sql.ast.create - Registration of TableGroup [org.hibernate.sql.ast.tree.from.LazyTableGroup@4e3931] with identifierForTableGroup [org.frcpm.models.TeamMember.attendances.{element}.member] for NavigablePath [org.frcpm.models.TeamMember.attendances.{element}.member] 
13:10:14.040 [main] DEBUG org.hibernate.orm.results.graph.AST - DomainResult Graph:
 \-CollectionDomainResult [org.frcpm.models.TeamMember.attendances]

13:10:14.040 [main] DEBUG org.hibernate.orm.sql.ast.tree - SQL AST Tree:
    SelectStatement {
      FromClause {
        OneToManyTableGroup (a1 : org.frcpm.models.TeamMember.attendances) {
          primaryTableReference : attendances as a1_0
          TableGroupJoins {
            left  join LazyTableGroup (m1 : org.frcpm.models.TeamMember.attendances.{element}.meeting) {
            }
            left  join LazyTableGroup (m2 : org.frcpm.models.TeamMember.attendances.{element}.member) {
            }
          }
        }
      }
    }

13:10:14.040 [main] DEBUG org.hibernate.orm.jdbc.mutation - Static SQL for collection: org.frcpm.models.TeamMember.attendances
13:10:14.040 [main] DEBUG org.hibernate.orm.sql.ast.create - Created new SQL alias : rc1_0
13:10:14.040 [main] DEBUG org.hibernate.orm.sql.ast.create - Registration of TableGroup [CollectionTableGroup(org.frcpm.models.Task.requiredComponents)] with identifierForTableGroup [org.frcpm.models.Task.requiredComponents] for NavigablePath [org.frcpm.models.Task.requiredComponents] 
13:10:14.040 [main] DEBUG org.hibernate.orm.sql.ast.create - Registration of TableGroup [org.hibernate.sql.ast.tree.from.LazyTableGroup@3e0658f8] with identifierForTableGroup [org.frcpm.models.Task.requiredComponents.{element}] for NavigablePath [org.frcpm.models.Task.requiredComponents.{element}] 
13:10:14.040 [main] DEBUG org.hibernate.orm.sql.ast.create - Created new SQL alias : rc1_1
13:10:14.040 [main] DEBUG org.hibernate.orm.results.graph.AST - DomainResult Graph:
 \-CollectionDomainResult [org.frcpm.models.Task.requiredComponents]

13:10:14.040 [main] DEBUG org.hibernate.orm.sql.ast.tree - SQL AST Tree:
    SelectStatement {
      FromClause {
        CollectionTableGroup (rc1 : org.frcpm.models.Task.requiredComponents) {
          primaryTableReference : task_components as rc1_0
          TableGroupJoins {
             join LazyTableGroup (rc1 : org.frcpm.models.Task.requiredComponents.{element}) {
              primaryTableReference : components as rc1_1
            }
          }
        }
      }
    }

13:10:14.040 [main] DEBUG org.hibernate.orm.jdbc.mutation - Static SQL for collection: org.frcpm.models.Task.requiredComponents
13:10:14.041 [main] DEBUG org.hibernate.orm.jdbc.mutation -  Row insert: /* insert for org.frcpm.models.Task.requiredComponents */insert into task_components (task_id,component_id) values (?,?)
13:10:14.041 [main] DEBUG org.hibernate.orm.jdbc.mutation -  Row delete: /* delete for org.frcpm.models.Task.requiredComponents */delete from task_components where task_id=? and component_id=?
13:10:14.041 [main] DEBUG org.hibernate.orm.jdbc.mutation -  One-shot delete: /* one-shot delete for org.frcpm.models.Task.requiredComponents */delete from task_components where task_id=?
13:10:14.041 [main] DEBUG org.hibernate.orm.sql.ast.create - Created new SQL alias : s1_0
13:10:14.041 [main] DEBUG org.hibernate.orm.sql.ast.create - Registration of TableGroup [org.hibernate.sql.ast.tree.from.OneToManyTableGroup@19c4c24d] with identifierForTableGroup [org.frcpm.models.Subteam.subsystems] for NavigablePath [org.frcpm.models.Subteam.subsystems] 
13:10:14.041 [main] DEBUG org.hibernate.orm.sql.ast.create - Registration of TableGroup [StandardTableGroup(org.frcpm.models.Subteam.subsystems.{element})] with identifierForTableGroup [org.frcpm.models.Subteam.subsystems.{element}] for NavigablePath [org.frcpm.models.Subteam.subsystems.{element}] 
13:10:14.041 [main] DEBUG org.hibernate.orm.sql.ast.create - Registration of TableGroup [org.hibernate.sql.ast.tree.from.LazyTableGroup@6914bb4a] with identifierForTableGroup [org.frcpm.models.Subteam.subsystems.{element}.responsibleSubteam] for NavigablePath [org.frcpm.models.Subteam.subsystems.{element}.responsibleSubteam] 
13:10:14.041 [main] DEBUG org.hibernate.orm.results.graph.AST - DomainResult Graph:
 \-CollectionDomainResult [org.frcpm.models.Subteam.subsystems]

13:10:14.041 [main] DEBUG org.hibernate.orm.sql.ast.tree - SQL AST Tree:
    SelectStatement {
      FromClause {
        OneToManyTableGroup (s1 : org.frcpm.models.Subteam.subsystems) {
          primaryTableReference : subsystems as s1_0
          TableGroupJoins {
            left  join LazyTableGroup (rs1 : org.frcpm.models.Subteam.subsystems.{element}.responsibleSubteam) {
            }
          }
        }
      }
    }

13:10:14.041 [main] DEBUG org.hibernate.orm.jdbc.mutation - Static SQL for collection: org.frcpm.models.Subteam.subsystems
13:10:14.041 [main] DEBUG org.hibernate.orm.sql.ast.create - Created new SQL alias : pd1_0
13:10:14.041 [main] DEBUG org.hibernate.orm.sql.ast.create - Registration of TableGroup [CollectionTableGroup(org.frcpm.models.Task.preDependencies)] with identifierForTableGroup [org.frcpm.models.Task.preDependencies] for NavigablePath [org.frcpm.models.Task.preDependencies] 
13:10:14.041 [main] DEBUG org.hibernate.orm.sql.ast.create - Registration of TableGroup [org.hibernate.sql.ast.tree.from.LazyTableGroup@6a6b4536] with identifierForTableGroup [org.frcpm.models.Task.preDependencies.{element}] for NavigablePath [org.frcpm.models.Task.preDependencies.{element}] 
13:10:14.041 [main] DEBUG org.hibernate.orm.sql.ast.create - Created new SQL alias : pd1_1
13:10:14.042 [main] DEBUG org.hibernate.orm.sql.ast.create - Registration of TableGroup [org.hibernate.sql.ast.tree.from.LazyTableGroup@5582249c] with identifierForTableGroup [org.frcpm.models.Task.preDependencies.{element}.project] for NavigablePath [org.frcpm.models.Task.preDependencies.{element}.project] 
13:10:14.042 [main] DEBUG org.hibernate.orm.sql.ast.create - Registration of TableGroup [org.hibernate.sql.ast.tree.from.LazyTableGroup@19801b8d] with identifierForTableGroup [org.frcpm.models.Task.preDependencies.{element}.subsystem] for NavigablePath [org.frcpm.models.Task.preDependencies.{element}.subsystem] 
13:10:14.042 [main] DEBUG org.hibernate.orm.results.graph.AST - DomainResult Graph:
 \-CollectionDomainResult [org.frcpm.models.Task.preDependencies]

13:10:14.042 [main] DEBUG org.hibernate.orm.sql.ast.tree - SQL AST Tree:
    SelectStatement {
      FromClause {
        CollectionTableGroup (pd1 : org.frcpm.models.Task.preDependencies) {
          primaryTableReference : task_dependencies as pd1_0
          TableGroupJoins {
             join LazyTableGroup (pd1 : org.frcpm.models.Task.preDependencies.{element}) {
              primaryTableReference : tasks as pd1_1
              TableGroupJoins {
                left  join LazyTableGroup (p1 : org.frcpm.models.Task.preDependencies.{element}.project) {
                }
                left  join LazyTableGroup (s1 : org.frcpm.models.Task.preDependencies.{element}.subsystem) {
                }
              }
            }
          }
        }
      }
    }

13:10:14.042 [main] DEBUG org.hibernate.orm.jdbc.mutation - Static SQL for collection: org.frcpm.models.Task.preDependencies
13:10:14.042 [main] DEBUG org.hibernate.orm.jdbc.mutation -  Row insert: /* insert for org.frcpm.models.Task.preDependencies */insert into task_dependencies (task_id,dependency_id) values (?,?)
13:10:14.042 [main] DEBUG org.hibernate.orm.jdbc.mutation -  Row delete: /* delete for org.frcpm.models.Task.preDependencies */delete from task_dependencies where task_id=? and dependency_id=?
13:10:14.042 [main] DEBUG org.hibernate.orm.jdbc.mutation -  One-shot delete: /* one-shot delete for org.frcpm.models.Task.preDependencies */delete from task_dependencies where task_id=?
13:10:14.042 [main] DEBUG org.hibernate.orm.sql.ast.create - Created new SQL alias : m1_0
13:10:14.042 [main] DEBUG org.hibernate.orm.sql.ast.create - Registration of TableGroup [org.hibernate.sql.ast.tree.from.OneToManyTableGroup@2e1437aa] with identifierForTableGroup [org.frcpm.models.Project.milestones] for NavigablePath [org.frcpm.models.Project.milestones] 
13:10:14.042 [main] DEBUG org.hibernate.orm.sql.ast.create - Registration of TableGroup [StandardTableGroup(org.frcpm.models.Project.milestones.{element})] with identifierForTableGroup [org.frcpm.models.Project.milestones.{element}] for NavigablePath [org.frcpm.models.Project.milestones.{element}] 
13:10:14.043 [main] DEBUG org.hibernate.orm.sql.ast.create - Registration of TableGroup [org.hibernate.sql.ast.tree.from.LazyTableGroup@1a7084ec] with identifierForTableGroup [org.frcpm.models.Project.milestones.{element}.project] for NavigablePath [org.frcpm.models.Project.milestones.{element}.project] 
13:10:14.043 [main] DEBUG org.hibernate.orm.results.graph.AST - DomainResult Graph:
 \-CollectionDomainResult [org.frcpm.models.Project.milestones]

13:10:14.043 [main] DEBUG org.hibernate.orm.sql.ast.tree - SQL AST Tree:
    SelectStatement {
      FromClause {
        OneToManyTableGroup (m1 : org.frcpm.models.Project.milestones) {
          primaryTableReference : milestones as m1_0
          TableGroupJoins {
            left  join LazyTableGroup (p1 : org.frcpm.models.Project.milestones.{element}.project) {
            }
          }
        }
      }
    }

13:10:14.043 [main] DEBUG org.hibernate.orm.jdbc.mutation - Static SQL for collection: org.frcpm.models.Project.milestones
13:10:14.043 [main] DEBUG org.hibernate.orm.sql.ast.create - Created new SQL alias : rft1_0
13:10:14.043 [main] DEBUG org.hibernate.orm.sql.ast.create - Registration of TableGroup [CollectionTableGroup(org.frcpm.models.Component.requiredForTasks)] with identifierForTableGroup [org.frcpm.models.Component.requiredForTasks] for NavigablePath [org.frcpm.models.Component.requiredForTasks] 
13:10:14.043 [main] DEBUG org.hibernate.orm.sql.ast.create - Registration of TableGroup [org.hibernate.sql.ast.tree.from.LazyTableGroup@20531934] with identifierForTableGroup [org.frcpm.models.Component.requiredForTasks.{element}] for NavigablePath [org.frcpm.models.Component.requiredForTasks.{element}] 
13:10:14.043 [main] DEBUG org.hibernate.orm.sql.ast.create - Created new SQL alias : rft1_1
13:10:14.043 [main] DEBUG org.hibernate.orm.sql.ast.create - Registration of TableGroup [org.hibernate.sql.ast.tree.from.LazyTableGroup@2f75c3f3] with identifierForTableGroup [org.frcpm.models.Component.requiredForTasks.{element}.project] for NavigablePath [org.frcpm.models.Component.requiredForTasks.{element}.project] 
13:10:14.043 [main] DEBUG org.hibernate.orm.sql.ast.create - Registration of TableGroup [org.hibernate.sql.ast.tree.from.LazyTableGroup@313c7515] with identifierForTableGroup [org.frcpm.models.Component.requiredForTasks.{element}.subsystem] for NavigablePath [org.frcpm.models.Component.requiredForTasks.{element}.subsystem] 
13:10:14.044 [main] DEBUG org.hibernate.orm.results.graph.AST - DomainResult Graph:
 \-CollectionDomainResult [org.frcpm.models.Component.requiredForTasks]

13:10:14.044 [main] DEBUG org.hibernate.orm.sql.ast.tree - SQL AST Tree:
    SelectStatement {
      FromClause {
        CollectionTableGroup (rft1 : org.frcpm.models.Component.requiredForTasks) {
          primaryTableReference : task_components as rft1_0
          TableGroupJoins {
             join LazyTableGroup (rft1 : org.frcpm.models.Component.requiredForTasks.{element}) {
              primaryTableReference : tasks as rft1_1
              TableGroupJoins {
                left  join LazyTableGroup (p1 : org.frcpm.models.Component.requiredForTasks.{element}.project) {
                }
                left  join LazyTableGroup (s1 : org.frcpm.models.Component.requiredForTasks.{element}.subsystem) {
                }
              }
            }
          }
        }
      }
    }

13:10:14.044 [main] DEBUG org.hibernate.orm.jdbc.mutation - Static SQL for collection: org.frcpm.models.Component.requiredForTasks
13:10:14.044 [main] DEBUG org.hibernate.orm.sql.ast.create - Created new SQL alias : m1_0
13:10:14.044 [main] DEBUG org.hibernate.orm.sql.ast.create - Registration of TableGroup [org.hibernate.sql.ast.tree.from.OneToManyTableGroup@10decc1e] with identifierForTableGroup [org.frcpm.models.Project.meetings] for NavigablePath [org.frcpm.models.Project.meetings] 
13:10:14.044 [main] DEBUG org.hibernate.orm.sql.ast.create - Registration of TableGroup [StandardTableGroup(org.frcpm.models.Project.meetings.{element})] with identifierForTableGroup [org.frcpm.models.Project.meetings.{element}] for NavigablePath [org.frcpm.models.Project.meetings.{element}] 
13:10:14.044 [main] DEBUG org.hibernate.orm.sql.ast.create - Registration of TableGroup [org.hibernate.sql.ast.tree.from.LazyTableGroup@1135efad] with identifierForTableGroup [org.frcpm.models.Project.meetings.{element}.project] for NavigablePath [org.frcpm.models.Project.meetings.{element}.project] 
13:10:14.044 [main] DEBUG org.hibernate.orm.results.graph.AST - DomainResult Graph:
 \-CollectionDomainResult [org.frcpm.models.Project.meetings]

13:10:14.045 [main] DEBUG org.hibernate.orm.sql.ast.tree - SQL AST Tree:
    SelectStatement {
      FromClause {
        OneToManyTableGroup (m1 : org.frcpm.models.Project.meetings) {
          primaryTableReference : meetings as m1_0
          TableGroupJoins {
            left  join LazyTableGroup (p1 : org.frcpm.models.Project.meetings.{element}.project) {
            }
          }
        }
      }
    }

13:10:14.045 [main] DEBUG org.hibernate.orm.jdbc.mutation - Static SQL for collection: org.frcpm.models.Project.meetings
13:10:14.045 [main] DEBUG org.hibernate.orm.sql.ast.create - Created new SQL alias : at1_0
13:10:14.045 [main] DEBUG org.hibernate.orm.sql.ast.create - Registration of TableGroup [CollectionTableGroup(org.frcpm.models.TeamMember.assignedTasks)] with identifierForTableGroup [org.frcpm.models.TeamMember.assignedTasks] for NavigablePath [org.frcpm.models.TeamMember.assignedTasks] 
13:10:14.045 [main] DEBUG org.hibernate.orm.sql.ast.create - Registration of TableGroup [org.hibernate.sql.ast.tree.from.LazyTableGroup@c940eab] with identifierForTableGroup [org.frcpm.models.TeamMember.assignedTasks.{element}] for NavigablePath [org.frcpm.models.TeamMember.assignedTasks.{element}] 
13:10:14.045 [main] DEBUG org.hibernate.orm.sql.ast.create - Created new SQL alias : at1_1
13:10:14.045 [main] DEBUG org.hibernate.orm.sql.ast.create - Registration of TableGroup [org.hibernate.sql.ast.tree.from.LazyTableGroup@6a4c9d1b] with identifierForTableGroup [org.frcpm.models.TeamMember.assignedTasks.{element}.project] for NavigablePath [org.frcpm.models.TeamMember.assignedTasks.{element}.project] 
13:10:14.045 [main] DEBUG org.hibernate.orm.sql.ast.create - Registration of TableGroup [org.hibernate.sql.ast.tree.from.LazyTableGroup@54ba4f78] with identifierForTableGroup [org.frcpm.models.TeamMember.assignedTasks.{element}.subsystem] for NavigablePath [org.frcpm.models.TeamMember.assignedTasks.{element}.subsystem] 
13:10:14.045 [main] DEBUG org.hibernate.orm.results.graph.AST - DomainResult Graph:
 \-CollectionDomainResult [org.frcpm.models.TeamMember.assignedTasks]

13:10:14.046 [main] DEBUG org.hibernate.orm.sql.ast.tree - SQL AST Tree:
    SelectStatement {
      FromClause {
        CollectionTableGroup (at1 : org.frcpm.models.TeamMember.assignedTasks) {
          primaryTableReference : task_assignments as at1_0
          TableGroupJoins {
             join LazyTableGroup (at1 : org.frcpm.models.TeamMember.assignedTasks.{element}) {
              primaryTableReference : tasks as at1_1
              TableGroupJoins {
                left  join LazyTableGroup (p1 : org.frcpm.models.TeamMember.assignedTasks.{element}.project) {
                }
                left  join LazyTableGroup (s1 : org.frcpm.models.TeamMember.assignedTasks.{element}.subsystem) {
                }
              }
            }
          }
        }
      }
    }

13:10:14.046 [main] DEBUG org.hibernate.orm.jdbc.mutation - Static SQL for collection: org.frcpm.models.TeamMember.assignedTasks
13:10:14.046 [main] DEBUG org.hibernate.orm.sql.ast.create - Created new SQL alias : a1_0
13:10:14.046 [main] DEBUG org.hibernate.orm.sql.ast.create - Registration of TableGroup [org.hibernate.sql.ast.tree.from.OneToManyTableGroup@26781ebb] with identifierForTableGroup [org.frcpm.models.Meeting.attendances] for NavigablePath [org.frcpm.models.Meeting.attendances] 
13:10:14.046 [main] DEBUG org.hibernate.orm.sql.ast.create - Registration of TableGroup [StandardTableGroup(org.frcpm.models.Meeting.attendances.{element})] with identifierForTableGroup [org.frcpm.models.Meeting.attendances.{element}] for NavigablePath [org.frcpm.models.Meeting.attendances.{element}] 
13:10:14.046 [main] DEBUG org.hibernate.orm.sql.ast.create - Registration of TableGroup [org.hibernate.sql.ast.tree.from.LazyTableGroup@2852fb2a] with identifierForTableGroup [org.frcpm.models.Meeting.attendances.{element}.meeting] for NavigablePath [org.frcpm.models.Meeting.attendances.{element}.meeting] 
13:10:14.046 [main] DEBUG org.hibernate.orm.sql.ast.create - Registration of TableGroup [org.hibernate.sql.ast.tree.from.LazyTableGroup@2e15a0d7] with identifierForTableGroup [org.frcpm.models.Meeting.attendances.{element}.member] for NavigablePath [org.frcpm.models.Meeting.attendances.{element}.member] 
13:10:14.046 [main] DEBUG org.hibernate.orm.results.graph.AST - DomainResult Graph:
 \-CollectionDomainResult [org.frcpm.models.Meeting.attendances]

13:10:14.046 [main] DEBUG org.hibernate.orm.sql.ast.tree - SQL AST Tree:
    SelectStatement {
      FromClause {
        OneToManyTableGroup (a1 : org.frcpm.models.Meeting.attendances) {
          primaryTableReference : attendances as a1_0
          TableGroupJoins {
            left  join LazyTableGroup (m1 : org.frcpm.models.Meeting.attendances.{element}.meeting) {
            }
            left  join LazyTableGroup (m2 : org.frcpm.models.Meeting.attendances.{element}.member) {
            }
          }
        }
      }
    }

13:10:14.047 [main] DEBUG org.hibernate.orm.jdbc.mutation - Static SQL for collection: org.frcpm.models.Meeting.attendances
13:10:14.047 [main] DEBUG org.hibernate.orm.sql.ast.create - Created new SQL alias : pd1_0
13:10:14.047 [main] DEBUG org.hibernate.orm.sql.ast.create - Registration of TableGroup [CollectionTableGroup(org.frcpm.models.Task.postDependencies)] with identifierForTableGroup [org.frcpm.models.Task.postDependencies] for NavigablePath [org.frcpm.models.Task.postDependencies] 
13:10:14.047 [main] DEBUG org.hibernate.orm.sql.ast.create - Registration of TableGroup [org.hibernate.sql.ast.tree.from.LazyTableGroup@6f2c2278] with identifierForTableGroup [org.frcpm.models.Task.postDependencies.{element}] for NavigablePath [org.frcpm.models.Task.postDependencies.{element}] 
13:10:14.047 [main] DEBUG org.hibernate.orm.sql.ast.create - Created new SQL alias : pd1_1
13:10:14.047 [main] DEBUG org.hibernate.orm.sql.ast.create - Registration of TableGroup [org.hibernate.sql.ast.tree.from.LazyTableGroup@50980f1c] with identifierForTableGroup [org.frcpm.models.Task.postDependencies.{element}.project] for NavigablePath [org.frcpm.models.Task.postDependencies.{element}.project] 
13:10:14.047 [main] DEBUG org.hibernate.orm.sql.ast.create - Registration of TableGroup [org.hibernate.sql.ast.tree.from.LazyTableGroup@53080ec0] with identifierForTableGroup [org.frcpm.models.Task.postDependencies.{element}.subsystem] for NavigablePath [org.frcpm.models.Task.postDependencies.{element}.subsystem] 
13:10:14.047 [main] DEBUG org.hibernate.orm.results.graph.AST - DomainResult Graph:
 \-CollectionDomainResult [org.frcpm.models.Task.postDependencies]

13:10:14.047 [main] DEBUG org.hibernate.orm.sql.ast.tree - SQL AST Tree:
    SelectStatement {
      FromClause {
        CollectionTableGroup (pd1 : org.frcpm.models.Task.postDependencies) {
          primaryTableReference : task_dependencies as pd1_0
          TableGroupJoins {
             join LazyTableGroup (pd1 : org.frcpm.models.Task.postDependencies.{element}) {
              primaryTableReference : tasks as pd1_1
              TableGroupJoins {
                left  join LazyTableGroup (p1 : org.frcpm.models.Task.postDependencies.{element}.project) {
                }
                left  join LazyTableGroup (s1 : org.frcpm.models.Task.postDependencies.{element}.subsystem) {
                }
              }
            }
          }
        }
      }
    }

13:10:14.047 [main] DEBUG org.hibernate.orm.jdbc.mutation - Static SQL for collection: org.frcpm.models.Task.postDependencies
13:10:14.047 [main] DEBUG org.hibernate.orm.sql.ast.create - Created new SQL alias : t1_0
13:10:14.047 [main] DEBUG org.hibernate.orm.sql.ast.create - Registration of TableGroup [org.hibernate.sql.ast.tree.from.OneToManyTableGroup@6f0d5321] with identifierForTableGroup [org.frcpm.models.Project.tasks] for NavigablePath [org.frcpm.models.Project.tasks] 
13:10:14.047 [main] DEBUG org.hibernate.orm.sql.ast.create - Registration of TableGroup [StandardTableGroup(org.frcpm.models.Project.tasks.{element})] with identifierForTableGroup [org.frcpm.models.Project.tasks.{element}] for NavigablePath [org.frcpm.models.Project.tasks.{element}] 
13:10:14.048 [main] DEBUG org.hibernate.orm.sql.ast.create - Registration of TableGroup [org.hibernate.sql.ast.tree.from.LazyTableGroup@7f7d5133] with identifierForTableGroup [org.frcpm.models.Project.tasks.{element}.project] for NavigablePath [org.frcpm.models.Project.tasks.{element}.project] 
13:10:14.048 [main] DEBUG org.hibernate.orm.sql.ast.create - Registration of TableGroup [org.hibernate.sql.ast.tree.from.LazyTableGroup@6c903e12] with identifierForTableGroup [org.frcpm.models.Project.tasks.{element}.subsystem] for NavigablePath [org.frcpm.models.Project.tasks.{element}.subsystem] 
13:10:14.048 [main] DEBUG org.hibernate.orm.results.graph.AST - DomainResult Graph:
 \-CollectionDomainResult [org.frcpm.models.Project.tasks]

13:10:14.048 [main] DEBUG org.hibernate.orm.sql.ast.tree - SQL AST Tree:
    SelectStatement {
      FromClause {
        OneToManyTableGroup (t1 : org.frcpm.models.Project.tasks) {
          primaryTableReference : tasks as t1_0
          TableGroupJoins {
            left  join LazyTableGroup (p1 : org.frcpm.models.Project.tasks.{element}.project) {
            }
            left  join LazyTableGroup (s1 : org.frcpm.models.Project.tasks.{element}.subsystem) {
            }
          }
        }
      }
    }

13:10:14.048 [main] DEBUG org.hibernate.orm.jdbc.mutation - Static SQL for collection: org.frcpm.models.Project.tasks
13:10:14.056 [main] DEBUG org.hibernate.type.spi.TypeConfiguration$Scope - Scoping TypeConfiguration [org.hibernate.type.spi.TypeConfiguration@1717238e] to SessionFactoryImplementor [org.hibernate.internal.SessionFactoryImpl@4ff19f87]
13:10:14.056 [main] DEBUG org.hibernate.query.named.NamedObjectRepository - Checking 0 named HQL queries
13:10:14.056 [main] DEBUG org.hibernate.query.named.NamedObjectRepository - Checking 0 named SQL queries
13:10:14.056 [main] DEBUG org.hibernate.SQL - 
    drop table if exists attendances cascade 
Hibernate: 
    drop table if exists attendances cascade 
13:10:14.056 [main] DEBUG org.hibernate.SQL - 
    drop table if exists components cascade 
Hibernate: 
    drop table if exists components cascade 
13:10:14.057 [main] DEBUG org.hibernate.SQL - 
    drop table if exists meetings cascade 
Hibernate: 
    drop table if exists meetings cascade 
13:10:14.057 [main] DEBUG org.hibernate.SQL - 
    drop table if exists milestones cascade 
Hibernate: 
    drop table if exists milestones cascade 
13:10:14.057 [main] DEBUG org.hibernate.SQL - 
    drop table if exists projects cascade 
Hibernate: 
    drop table if exists projects cascade 
13:10:14.057 [main] DEBUG org.hibernate.SQL - 
    drop table if exists subsystems cascade 
Hibernate: 
    drop table if exists subsystems cascade 
13:10:14.057 [main] DEBUG org.hibernate.SQL - 
    drop table if exists subteams cascade 
Hibernate: 
    drop table if exists subteams cascade 
13:10:14.057 [main] DEBUG org.hibernate.SQL - 
    drop table if exists task_assignments cascade 
Hibernate: 
    drop table if exists task_assignments cascade 
13:10:14.057 [main] DEBUG org.hibernate.SQL - 
    drop table if exists task_components cascade 
Hibernate: 
    drop table if exists task_components cascade 
13:10:14.057 [main] DEBUG org.hibernate.SQL - 
    drop table if exists task_dependencies cascade 
Hibernate: 
    drop table if exists task_dependencies cascade 
13:10:14.057 [main] DEBUG org.hibernate.SQL - 
    drop table if exists tasks cascade 
Hibernate: 
    drop table if exists tasks cascade 
13:10:14.057 [main] DEBUG org.hibernate.SQL - 
    drop table if exists team_members cascade 
Hibernate: 
    drop table if exists team_members cascade 
13:10:14.063 [main] DEBUG org.hibernate.SQL - 
    create table attendances (
        arrival_time time(6),
        departure_time time(6),
        present boolean not null,
        id bigint generated by default as identity,
        meeting_id bigint not null,
        member_id bigint not null,
        primary key (id),
        unique (meeting_id, member_id)
    )
Hibernate: 
    create table attendances (
        arrival_time time(6),
        departure_time time(6),
        present boolean not null,
        id bigint generated by default as identity,
        meeting_id bigint not null,
        member_id bigint not null,
        primary key (id),
        unique (meeting_id, member_id)
    )
13:10:14.066 [main] DEBUG org.hibernate.SQL - 
    create table components (
        actual_delivery date,
        expected_delivery date,
        is_delivered boolean,
        id bigint generated by default as identity,
        part_number varchar(100),
        description TEXT,
        name varchar(255) not null,
        primary key (id)
    )
Hibernate: 
    create table components (
        actual_delivery date,
        expected_delivery date,
        is_delivered boolean,
        id bigint generated by default as identity,
        part_number varchar(100),
        description TEXT,
        name varchar(255) not null,
        primary key (id)
    )
13:10:14.072 [main] DEBUG org.hibernate.SQL - 
    create table meetings (
        date date not null,
        end_time time(6) not null,
        start_time time(6) not null,
        id bigint generated by default as identity,
        project_id bigint not null,
        notes TEXT,
        primary key (id)
    )
Hibernate: 
    create table meetings (
        date date not null,
        end_time time(6) not null,
        start_time time(6) not null,
        id bigint generated by default as identity,
        project_id bigint not null,
        notes TEXT,
        primary key (id)
    )
13:10:14.074 [main] DEBUG org.hibernate.SQL - 
    create table milestones (
        date date not null,
        id bigint generated by default as identity,
        project_id bigint not null,
        description TEXT,
        name varchar(255) not null,
        primary key (id)
    )
Hibernate: 
    create table milestones (
        date date not null,
        id bigint generated by default as identity,
        project_id bigint not null,
        description TEXT,
        name varchar(255) not null,
        primary key (id)
    )
13:10:14.080 [main] DEBUG org.hibernate.SQL - 
    create table projects (
        goal_end_date date not null,
        hard_deadline date not null,
        start_date date not null,
        id bigint generated by default as identity,
        name varchar(100) not null,
        description TEXT,
        primary key (id)
    )
Hibernate: 
    create table projects (
        goal_end_date date not null,
        hard_deadline date not null,
        start_date date not null,
        id bigint generated by default as identity,
        name varchar(100) not null,
        description TEXT,
        primary key (id)
    )
13:10:14.082 [main] DEBUG org.hibernate.SQL - 
    create table subsystems (
        id bigint generated by default as identity,
        responsible_subteam_id bigint,
        name varchar(100) not null,
        description TEXT,
        status enum ('COMPLETED','IN_PROGRESS','ISSUES','NOT_STARTED','TESTING') not null,
        primary key (id)
    )
Hibernate: 
    create table subsystems (
        id bigint generated by default as identity,
        responsible_subteam_id bigint,
        name varchar(100) not null,
        description TEXT,
        status enum ('COMPLETED','IN_PROGRESS','ISSUES','NOT_STARTED','TESTING') not null,
        primary key (id)
    )
13:10:14.083 [frcpm-hikari-pool connection adder] DEBUG com.zaxxer.hikari.pool.HikariPool - frcpm-hikari-pool - After adding stats (total=5, active=0, idle=5, waiting=0)
13:10:14.086 [FRC-PM-HikariCP connection adder] DEBUG com.zaxxer.hikari.pool.HikariPool - FRC-PM-HikariCP - After adding stats (total=2, active=1, idle=1, waiting=0)
13:10:14.089 [main] DEBUG org.hibernate.SQL - 
    create table subteams (
        color_code varchar(7) not null,
        id bigint generated by default as identity,
        name varchar(100) not null,
        specialties TEXT,
        primary key (id)
    )
Hibernate: 
    create table subteams (
        color_code varchar(7) not null,
        id bigint generated by default as identity,
        name varchar(100) not null,
        specialties TEXT,
        primary key (id)
    )
13:10:14.091 [main] DEBUG org.hibernate.SQL - 
    create table task_assignments (
        task_id bigint not null,
        team_member_id bigint not null,
        primary key (task_id, team_member_id)
    )
Hibernate: 
    create table task_assignments (
        task_id bigint not null,
        team_member_id bigint not null,
        primary key (task_id, team_member_id)
    )
13:10:14.091 [main] DEBUG org.hibernate.SQL - 
    create table task_components (
        component_id bigint not null,
        task_id bigint not null,
        primary key (component_id, task_id)
    )
Hibernate: 
    create table task_components (
        component_id bigint not null,
        task_id bigint not null,
        primary key (component_id, task_id)
    )
13:10:14.094 [main] DEBUG org.hibernate.SQL - 
    create table task_dependencies (
        dependency_id bigint not null,
        task_id bigint not null,
        primary key (dependency_id, task_id)
    )
Hibernate: 
    create table task_dependencies (
        dependency_id bigint not null,
        task_id bigint not null,
        primary key (dependency_id, task_id)
    )
13:10:14.096 [main] DEBUG org.hibernate.SQL - 
    create table tasks (
        completed boolean not null,
        end_date date,
        progress integer not null,
        start_date date,
        actual_duration_seconds bigint,
        estimated_duration_seconds bigint not null,
        id bigint generated by default as identity,
        project_id bigint not null,
        subsystem_id bigint not null,
        description TEXT,
        title varchar(255) not null,
        priority enum ('CRITICAL','HIGH','LOW','MEDIUM') not null,
        primary key (id)
    )
Hibernate: 
    create table tasks (
        completed boolean not null,
        end_date date,
        progress integer not null,
        start_date date,
        actual_duration_seconds bigint,
        estimated_duration_seconds bigint not null,
        id bigint generated by default as identity,
        project_id bigint not null,
        subsystem_id bigint not null,
        description TEXT,
        title varchar(255) not null,
        priority enum ('CRITICAL','HIGH','LOW','MEDIUM') not null,
        primary key (id)
    )
13:10:14.098 [main] DEBUG org.hibernate.SQL - 
    create table team_members (
        is_leader boolean,
        id bigint generated by default as identity,
        subteam_id bigint,
        phone varchar(15),
        first_name varchar(150),
        last_name varchar(150),
        username varchar(150) not null unique,
        email varchar(254),
        skills TEXT,
        primary key (id)
    )
Hibernate: 
    create table team_members (
        is_leader boolean,
        id bigint generated by default as identity,
        subteam_id bigint,
        phone varchar(15),
        first_name varchar(150),
        last_name varchar(150),
        username varchar(150) not null unique,
        email varchar(254),
        skills TEXT,
        primary key (id)
    )
13:10:14.100 [main] DEBUG org.hibernate.SQL - 
    alter table if exists attendances 
       add constraint FK3i5ab1v2ad6wbm2rwhxbtm55u 
       foreign key (meeting_id) 
       references meetings
Hibernate: 
    alter table if exists attendances 
       add constraint FK3i5ab1v2ad6wbm2rwhxbtm55u 
       foreign key (meeting_id) 
       references meetings
13:10:14.102 [main] DEBUG org.hibernate.SQL - 
    alter table if exists attendances 
       add constraint FKb3g1rvha5qvyh1xik0bo6fghp 
       foreign key (member_id) 
       references team_members
Hibernate: 
    alter table if exists attendances 
       add constraint FKb3g1rvha5qvyh1xik0bo6fghp 
       foreign key (member_id) 
       references team_members
13:10:14.104 [main] DEBUG org.hibernate.SQL - 
    alter table if exists meetings 
       add constraint FKbt3vmcde0efob60esnfkyaeg0 
       foreign key (project_id) 
       references projects
Hibernate: 
    alter table if exists meetings 
       add constraint FKbt3vmcde0efob60esnfkyaeg0 
       foreign key (project_id) 
       references projects
13:10:14.107 [main] DEBUG org.hibernate.SQL - 
    alter table if exists milestones 
       add constraint FK2a7fp7wfu0qc1pq3wiifbksge 
       foreign key (project_id) 
       references projects
Hibernate: 
    alter table if exists milestones 
       add constraint FK2a7fp7wfu0qc1pq3wiifbksge 
       foreign key (project_id) 
       references projects
13:10:14.114 [main] DEBUG org.hibernate.SQL - 
    alter table if exists subsystems 
       add constraint FK6w4rk9yygp8j1dhs91d0qt8vp 
       foreign key (responsible_subteam_id) 
       references subteams
Hibernate: 
    alter table if exists subsystems 
       add constraint FK6w4rk9yygp8j1dhs91d0qt8vp 
       foreign key (responsible_subteam_id) 
       references subteams
13:10:14.116 [main] DEBUG org.hibernate.SQL - 
    alter table if exists task_assignments 
       add constraint FKqyivind1lu4axk93y5m7vcx7i 
       foreign key (team_member_id) 
       references team_members
Hibernate: 
    alter table if exists task_assignments 
       add constraint FKqyivind1lu4axk93y5m7vcx7i 
       foreign key (team_member_id) 
       references team_members
13:10:14.120 [main] DEBUG org.hibernate.SQL - 
    alter table if exists task_assignments 
       add constraint FKk36vhf9tt6t3woselwnkis6v6 
       foreign key (task_id) 
       references tasks
Hibernate: 
    alter table if exists task_assignments 
       add constraint FKk36vhf9tt6t3woselwnkis6v6 
       foreign key (task_id) 
       references tasks
13:10:14.122 [main] DEBUG org.hibernate.SQL - 
    alter table if exists task_components 
       add constraint FK5irpaispcx79xwy6n1qomaxnv 
       foreign key (component_id) 
       references components
Hibernate: 
    alter table if exists task_components 
       add constraint FK5irpaispcx79xwy6n1qomaxnv 
       foreign key (component_id) 
       references components
13:10:14.125 [main] DEBUG org.hibernate.SQL - 
    alter table if exists task_components 
       add constraint FKjvcgnyl1ttc41nv55hjvnnft1 
       foreign key (task_id) 
       references tasks
Hibernate: 
    alter table if exists task_components 
       add constraint FKjvcgnyl1ttc41nv55hjvnnft1 
       foreign key (task_id) 
       references tasks
13:10:14.129 [main] DEBUG org.hibernate.SQL - 
    alter table if exists task_dependencies 
       add constraint FKnwfxktx9emcwsylqofad5cxbx 
       foreign key (dependency_id) 
       references tasks
Hibernate: 
    alter table if exists task_dependencies 
       add constraint FKnwfxktx9emcwsylqofad5cxbx 
       foreign key (dependency_id) 
       references tasks
13:10:14.131 [main] DEBUG org.hibernate.SQL - 
    alter table if exists task_dependencies 
       add constraint FKerlktvi2bud6uauih348u0loj 
       foreign key (task_id) 
       references tasks
Hibernate: 
    alter table if exists task_dependencies 
       add constraint FKerlktvi2bud6uauih348u0loj 
       foreign key (task_id) 
       references tasks
13:10:14.136 [main] DEBUG org.hibernate.SQL - 
    alter table if exists tasks 
       add constraint FKsfhn82y57i3k9uxww1s007acc 
       foreign key (project_id) 
       references projects
Hibernate: 
    alter table if exists tasks 
       add constraint FKsfhn82y57i3k9uxww1s007acc 
       foreign key (project_id) 
       references projects
13:10:14.141 [main] DEBUG org.hibernate.SQL - 
    alter table if exists tasks 
       add constraint FK3tj2dchxxvxu2te3uwgjakx76 
       foreign key (subsystem_id) 
       references subsystems
Hibernate: 
    alter table if exists tasks 
       add constraint FK3tj2dchxxvxu2te3uwgjakx76 
       foreign key (subsystem_id) 
       references subsystems
13:10:14.143 [main] DEBUG org.hibernate.SQL - 
    alter table if exists team_members 
       add constraint FKnjkvjfudwwytv2aiuha5wyvqx 
       foreign key (subteam_id) 
       references subteams
Hibernate: 
    alter table if exists team_members 
       add constraint FKnjkvjfudwwytv2aiuha5wyvqx 
       foreign key (subteam_id) 
       references subteams
13:10:14.146 [main] DEBUG org.hibernate.internal.SessionFactoryRegistry - Registering SessionFactory: 1c9b61f7-acca-4dca-a600-d306c9736351 (<unnamed>)
13:10:14.146 [main] DEBUG org.hibernate.internal.SessionFactoryRegistry - Not binding SessionFactory to JNDI, no JNDI name configured
13:10:14.146 [main] DEBUG org.hibernate.internal.SessionFactoryImpl - Instantiated SessionFactory
13:10:14.147 [main] DEBUG org.hibernate.stat.internal.StatisticsInitiator - Statistics initialized [enabled=false]
13:10:14.147 [main] DEBUG org.hibernate.engine.transaction.internal.TransactionImpl - On TransactionImpl creation, JpaCompliance#isJpaTransactionComplianceEnabled == false
13:10:14.147 [main] DEBUG org.hibernate.engine.transaction.internal.TransactionImpl - begin
13:10:14.148 [main] DEBUG org.hibernate.engine.spi.ActionQueue - Executing identity-insert immediately
13:10:14.148 [main] DEBUG org.hibernate.SQL - 
    /* insert for
        org.frcpm.models.Project */insert 
    into
        projects (description, goal_end_date, hard_deadline, name, start_date, id) 
    values
        (?, ?, ?, ?, ?, default)
Hibernate: 
    /* insert for
        org.frcpm.models.Project */insert 
    into
        projects (description, goal_end_date, hard_deadline, name, start_date, id) 
    values
        (?, ?, ?, ?, ?, default)
13:10:14.149 [main] DEBUG org.hibernate.orm.results - Initializer list is empty
13:10:14.149 [main] DEBUG org.hibernate.orm.results.loading - Calling top-level assembler (0 / 1) : org.hibernate.sql.results.graph.basic.BasicResultAssembler@689cc29a
13:10:14.149 [main] DEBUG org.hibernate.orm.results - Extracted JDBC value [0] - [1]
13:10:14.149 [main] DEBUG org.hibernate.id.IdentifierGeneratorHelper - Extracted generated values [org.frcpm.models.Project]: [Ljava.lang.Object;@50c5e3ce
13:10:14.150 [main] DEBUG org.hibernate.event.internal.AbstractFlushingEventListener - Processing flush-time cascades
13:10:14.150 [main] DEBUG org.hibernate.event.internal.AbstractFlushingEventListener - Dirty checking collections
13:10:14.151 [main] DEBUG org.hibernate.engine.internal.Collections - Collection found: [org.frcpm.models.Project.meetings#1], was: [<unreferenced>] (initialized)
13:10:14.151 [main] DEBUG org.hibernate.engine.internal.Collections - Collection found: [org.frcpm.models.Project.milestones#1], was: [<unreferenced>] (initialized)
13:10:14.151 [main] DEBUG org.hibernate.engine.internal.Collections - Collection found: [org.frcpm.models.Project.tasks#1], was: [<unreferenced>] (initialized)
13:10:14.151 [main] DEBUG org.hibernate.event.internal.AbstractFlushingEventListener - Flushed: 0 insertions, 0 updates, 0 deletions to 1 objects
13:10:14.151 [main] DEBUG org.hibernate.event.internal.AbstractFlushingEventListener - Flushed: 3 (re)creations, 0 updates, 0 removals to 3 collections
13:10:14.151 [main] DEBUG org.hibernate.internal.util.EntityPrinter - Listing entities:
13:10:14.151 [main] DEBUG org.hibernate.internal.util.EntityPrinter - org.frcpm.models.Project{hardDeadline=2025-06-06, name=Test Base Project 1, description=null, meetings=[], id=1, goalEndDate=2025-05-23, milestones=[], startDate=2025-04-11, tasks=[]}
13:10:14.151 [main] DEBUG org.hibernate.engine.transaction.internal.TransactionImpl - committing
13:10:14.151 [main] DEBUG org.hibernate.event.internal.AbstractFlushingEventListener - Processing flush-time cascades
13:10:14.152 [main] DEBUG org.hibernate.event.internal.AbstractFlushingEventListener - Dirty checking collections
13:10:14.152 [main] DEBUG org.hibernate.engine.internal.Collections - Collection found: [org.frcpm.models.Project.meetings#1], was: [org.frcpm.models.Project.meetings#1] (initialized)
13:10:14.152 [main] DEBUG org.hibernate.engine.internal.Collections - Collection found: [org.frcpm.models.Project.milestones#1], was: [org.frcpm.models.Project.milestones#1] (initialized)
13:10:14.152 [main] DEBUG org.hibernate.engine.internal.Collections - Collection found: [org.frcpm.models.Project.tasks#1], was: [org.frcpm.models.Project.tasks#1] (initialized)
13:10:14.152 [main] DEBUG org.hibernate.event.internal.AbstractFlushingEventListener - Flushed: 0 insertions, 0 updates, 0 deletions to 1 objects
13:10:14.152 [main] DEBUG org.hibernate.event.internal.AbstractFlushingEventListener - Flushed: 0 (re)creations, 0 updates, 0 removals to 3 collections
13:10:14.152 [main] DEBUG org.hibernate.internal.util.EntityPrinter - Listing entities:
13:10:14.152 [main] DEBUG org.hibernate.internal.util.EntityPrinter - org.frcpm.models.Project{hardDeadline=2025-06-06, name=Test Base Project 1, description=null, meetings=[], id=1, goalEndDate=2025-05-23, milestones=[], startDate=2025-04-11, tasks=[]}
13:10:14.153 [main] DEBUG org.hibernate.resource.jdbc.internal.LogicalConnectionManagedImpl - Initiating JDBC connection release from afterTransaction
13:10:14.153 [main] DEBUG org.hibernate.resource.jdbc.internal.LogicalConnectionManagedImpl - Initiating JDBC connection release from afterTransaction
13:10:14.153 [main] DEBUG org.hibernate.engine.transaction.internal.TransactionImpl - On TransactionImpl creation, JpaCompliance#isJpaTransactionComplianceEnabled == false
13:10:14.154 [main] DEBUG org.hibernate.engine.transaction.internal.TransactionImpl - begin
13:10:14.154 [main] DEBUG org.hibernate.engine.spi.ActionQueue - Executing identity-insert immediately
13:10:14.155 [main] DEBUG org.hibernate.SQL - 
    /* insert for
        org.frcpm.models.Project */insert 
    into
        projects (description, goal_end_date, hard_deadline, name, start_date, id) 
    values
        (?, ?, ?, ?, ?, default)
Hibernate: 
    /* insert for
        org.frcpm.models.Project */insert 
    into
        projects (description, goal_end_date, hard_deadline, name, start_date, id) 
    values
        (?, ?, ?, ?, ?, default)
13:10:14.156 [main] DEBUG org.hibernate.orm.results - Initializer list is empty
13:10:14.156 [main] DEBUG org.hibernate.orm.results.loading - Calling top-level assembler (0 / 1) : org.hibernate.sql.results.graph.basic.BasicResultAssembler@1fa81c78
13:10:14.156 [main] DEBUG org.hibernate.orm.results - Extracted JDBC value [0] - [2]
13:10:14.156 [main] DEBUG org.hibernate.id.IdentifierGeneratorHelper - Extracted generated values [org.frcpm.models.Project]: [Ljava.lang.Object;@20b52576
13:10:14.157 [main] DEBUG org.hibernate.event.internal.AbstractFlushingEventListener - Processing flush-time cascades
13:10:14.157 [main] DEBUG org.hibernate.event.internal.AbstractFlushingEventListener - Dirty checking collections
13:10:14.157 [main] DEBUG org.hibernate.engine.internal.Collections - Collection found: [org.frcpm.models.Project.meetings#2], was: [<unreferenced>] (initialized)
13:10:14.157 [main] DEBUG org.hibernate.engine.internal.Collections - Collection found: [org.frcpm.models.Project.milestones#2], was: [<unreferenced>] (initialized)
13:10:14.157 [main] DEBUG org.hibernate.engine.internal.Collections - Collection found: [org.frcpm.models.Project.tasks#2], was: [<unreferenced>] (initialized)
13:10:14.157 [main] DEBUG org.hibernate.event.internal.AbstractFlushingEventListener - Flushed: 0 insertions, 0 updates, 0 deletions to 1 objects
13:10:14.157 [main] DEBUG org.hibernate.event.internal.AbstractFlushingEventListener - Flushed: 3 (re)creations, 0 updates, 0 removals to 3 collections
13:10:14.157 [main] DEBUG org.hibernate.internal.util.EntityPrinter - Listing entities:
13:10:14.157 [main] DEBUG org.hibernate.internal.util.EntityPrinter - org.frcpm.models.Project{hardDeadline=2025-06-20, name=Test Base Project 2, description=null, meetings=[], id=2, goalEndDate=2025-06-06, milestones=[], startDate=2025-04-18, tasks=[]}
13:10:14.157 [main] DEBUG org.hibernate.engine.transaction.internal.TransactionImpl - committing
13:10:14.157 [main] DEBUG org.hibernate.event.internal.AbstractFlushingEventListener - Processing flush-time cascades
13:10:14.157 [main] DEBUG org.hibernate.event.internal.AbstractFlushingEventListener - Dirty checking collections
13:10:14.157 [main] DEBUG org.hibernate.engine.internal.Collections - Collection found: [org.frcpm.models.Project.meetings#2], was: [org.frcpm.models.Project.meetings#2] (initialized)
13:10:14.157 [main] DEBUG org.hibernate.engine.internal.Collections - Collection found: [org.frcpm.models.Project.milestones#2], was: [org.frcpm.models.Project.milestones#2] (initialized)
13:10:14.157 [main] DEBUG org.hibernate.engine.internal.Collections - Collection found: [org.frcpm.models.Project.tasks#2], was: [org.frcpm.models.Project.tasks#2] (initialized)
13:10:14.157 [main] DEBUG org.hibernate.event.internal.AbstractFlushingEventListener - Flushed: 0 insertions, 0 updates, 0 deletions to 1 objects
13:10:14.157 [main] DEBUG org.hibernate.event.internal.AbstractFlushingEventListener - Flushed: 0 (re)creations, 0 updates, 0 removals to 3 collections
13:10:14.157 [main] DEBUG org.hibernate.internal.util.EntityPrinter - Listing entities:
13:10:14.157 [main] DEBUG org.hibernate.internal.util.EntityPrinter - org.frcpm.models.Project{hardDeadline=2025-06-20, name=Test Base Project 2, description=null, meetings=[], id=2, goalEndDate=2025-06-06, milestones=[], startDate=2025-04-18, tasks=[]}
13:10:14.157 [main] DEBUG org.hibernate.resource.jdbc.internal.LogicalConnectionManagedImpl - Initiating JDBC connection release from afterTransaction
13:10:14.157 [main] DEBUG org.hibernate.resource.jdbc.internal.LogicalConnectionManagedImpl - Initiating JDBC connection release from afterTransaction
13:10:14.158 [main] DEBUG org.hibernate.orm.sql.ast.create - Created new SQL alias : p1_0
13:10:14.158 [main] DEBUG org.hibernate.orm.sql.ast.create - Registration of TableGroup [StandardTableGroup(org.frcpm.models.Project(22703375687500))] with identifierForTableGroup [org.frcpm.models.Project] for NavigablePath [org.frcpm.models.Project] 
13:10:14.158 [main] DEBUG org.hibernate.orm.results.graph.AST - DomainResult Graph:
 \-EntityResultImpl [org.frcpm.models.Project(22703375687500)]
 |  +-BasicFetch [org.frcpm.models.Project(22703375687500).description]
 |  +-BasicFetch [org.frcpm.models.Project(22703375687500).goalEndDate]
 |  +-BasicFetch [org.frcpm.models.Project(22703375687500).hardDeadline]
 |  +-DelayedCollectionFetch [org.frcpm.models.Project(22703375687500).meetings]
 |  +-DelayedCollectionFetch [org.frcpm.models.Project(22703375687500).milestones]
 |  +-BasicFetch [org.frcpm.models.Project(22703375687500).name]
 |  +-BasicFetch [org.frcpm.models.Project(22703375687500).startDate]
 |  \-DelayedCollectionFetch [org.frcpm.models.Project(22703375687500).tasks]

13:10:14.158 [main] DEBUG org.hibernate.orm.sql.ast.tree - SQL AST Tree:
    SelectStatement {
      FromClause {
        StandardTableGroup (p1 : org.frcpm.models.Project(22703375687500)) {
          primaryTableReference : projects as p1_0
        }
      }
    }

13:10:14.158 [main] DEBUG org.hibernate.orm.sql.exec - Skipping reading Query result cache data: cache-enabled = false, cache-mode = NORMAL
13:10:14.158 [main] DEBUG org.hibernate.orm.results - Initializer list:
	  org.frcpm.models.Project(22703375687500).meetings -> DelayedCollectionInitializer(org.frcpm.models.Project(22703375687500).meetings)@2131169126 (PluralAttribute(org.frcpm.models.Project.meetings))
	  org.frcpm.models.Project(22703375687500).tasks -> DelayedCollectionInitializer(org.frcpm.models.Project(22703375687500).tasks)@2100400522 (PluralAttribute(org.frcpm.models.Project.tasks))
	  org.frcpm.models.Project(22703375687500).milestones -> DelayedCollectionInitializer(org.frcpm.models.Project(22703375687500).milestones)@77077977 (PluralAttribute(org.frcpm.models.Project.milestones))
	  org.frcpm.models.Project(22703375687500) -> EntityResultInitializer(org.frcpm.models.Project(22703375687500))@1281007068 (SingleTableEntityPersister(org.frcpm.models.Project))

13:10:14.158 [main] DEBUG org.hibernate.SQL - 
    /* <criteria> */ select
        p1_0.id,
        p1_0.description,
        p1_0.goal_end_date,
        p1_0.hard_deadline,
        p1_0.name,
        p1_0.start_date 
    from
        projects p1_0
Hibernate: 
    /* <criteria> */ select
        p1_0.id,
        p1_0.description,
        p1_0.goal_end_date,
        p1_0.hard_deadline,
        p1_0.name,
        p1_0.start_date 
    from
        projects p1_0
13:10:14.159 [main] DEBUG org.hibernate.orm.results - Extracted JDBC value [0] - [1]
13:10:14.159 [main] DEBUG org.hibernate.orm.results.loading.entity - (EntityResultInitializer) Hydrated EntityKey (org.frcpm.models.Project(22703375687500)): 1
13:10:14.159 [main] DEBUG org.hibernate.orm.results.loading.org.hibernate.orm.results.loading.collection - (DelayedCollectionInitializer) Current row collection key : org.frcpm.models.Project(22703375687500).meetings#1
13:10:14.159 [main] DEBUG org.hibernate.orm.results.loading.org.hibernate.orm.results.loading.collection - (DelayedCollectionInitializer) Current row collection key : org.frcpm.models.Project(22703375687500).milestones#1
13:10:14.159 [main] DEBUG org.hibernate.orm.results.loading.org.hibernate.orm.results.loading.collection - (DelayedCollectionInitializer) Current row collection key : org.frcpm.models.Project(22703375687500).tasks#1
13:10:14.159 [main] DEBUG org.hibernate.orm.results.loading.entity - (EntityResultInitializer) Created new entity instance [org.frcpm.models.Project(22703375687500)#1] : 1050609248
13:10:14.159 [main] DEBUG org.hibernate.orm.results - Extracted JDBC value [1] - [null]
13:10:14.159 [main] DEBUG org.hibernate.orm.results - Extracted JDBC value [2] - [2025-05-23]
13:10:14.159 [main] DEBUG org.hibernate.orm.results - Extracted JDBC value [3] - [2025-06-06]
13:10:14.159 [main] DEBUG org.hibernate.orm.results - Extracted JDBC value [4] - [Test Base Project 1]
13:10:14.159 [main] DEBUG org.hibernate.orm.results - Extracted JDBC value [5] - [2025-04-11]
13:10:14.159 [main] DEBUG org.hibernate.orm.results.loading.entity - (EntityResultInitializer) Done materializing entityInstance : org.frcpm.models.Project(22703375687500)#1
13:10:14.159 [main] DEBUG org.hibernate.orm.results.loading - Calling top-level assembler (0 / 1) : org.hibernate.sql.results.graph.entity.internal.EntityAssembler@726e142d
13:10:14.159 [main] DEBUG org.hibernate.orm.results - Extracted JDBC value [0] - [2]
13:10:14.159 [main] DEBUG org.hibernate.orm.results.loading.entity - (EntityResultInitializer) Hydrated EntityKey (org.frcpm.models.Project(22703375687500)): 2
13:10:14.159 [main] DEBUG org.hibernate.orm.results.loading.org.hibernate.orm.results.loading.collection - (DelayedCollectionInitializer) Current row collection key : org.frcpm.models.Project(22703375687500).meetings#2
13:10:14.159 [main] DEBUG org.hibernate.orm.results.loading.org.hibernate.orm.results.loading.collection - (DelayedCollectionInitializer) Current row collection key : org.frcpm.models.Project(22703375687500).milestones#2
13:10:14.159 [main] DEBUG org.hibernate.orm.results.loading.org.hibernate.orm.results.loading.collection - (DelayedCollectionInitializer) Current row collection key : org.frcpm.models.Project(22703375687500).tasks#2
13:10:14.159 [main] DEBUG org.hibernate.orm.results.loading.entity - (EntityResultInitializer) Created new entity instance [org.frcpm.models.Project(22703375687500)#2] : 1252368698
13:10:14.159 [main] DEBUG org.hibernate.orm.results - Extracted JDBC value [1] - [null]
13:10:14.159 [main] DEBUG org.hibernate.orm.results - Extracted JDBC value [2] - [2025-06-06]
13:10:14.159 [main] DEBUG org.hibernate.orm.results - Extracted JDBC value [3] - [2025-06-20]
13:10:14.159 [main] DEBUG org.hibernate.orm.results - Extracted JDBC value [4] - [Test Base Project 2]
13:10:14.159 [main] DEBUG org.hibernate.orm.results - Extracted JDBC value [5] - [2025-04-18]
13:10:14.159 [main] DEBUG org.hibernate.orm.results.loading.entity - (EntityResultInitializer) Done materializing entityInstance : org.frcpm.models.Project(22703375687500)#2
13:10:14.159 [main] DEBUG org.hibernate.orm.results.loading - Calling top-level assembler (0 / 1) : org.hibernate.sql.results.graph.entity.internal.EntityAssembler@726e142d
13:10:14.159 [main] DEBUG org.hibernate.resource.jdbc.internal.LogicalConnectionManagedImpl - Initiating JDBC connection release from afterTransaction
13:10:14.159 [main] DEBUG org.hibernate.resource.jdbc.internal.LogicalConnectionManagedImpl - Initiating JDBC connection release from afterTransaction
13:10:14.160 [main] DEBUG org.hibernate.orm.sql.exec - Skipping reading Query result cache data: cache-enabled = false, cache-mode = IGNORE
13:10:14.160 [main] DEBUG org.hibernate.orm.results - Initializer list:
	  org.frcpm.models.Project.meetings -> DelayedCollectionInitializer(org.frcpm.models.Project.meetings)@1823472420 (PluralAttribute(org.frcpm.models.Project.meetings))
	  org.frcpm.models.Project.tasks -> DelayedCollectionInitializer(org.frcpm.models.Project.tasks)@1820917741 (PluralAttribute(org.frcpm.models.Project.tasks))
	  org.frcpm.models.Project -> EntityResultInitializer(org.frcpm.models.Project)@60216880 (SingleTableEntityPersister(org.frcpm.models.Project))
	  org.frcpm.models.Project.milestones -> DelayedCollectionInitializer(org.frcpm.models.Project.milestones)@1435753771 (PluralAttribute(org.frcpm.models.Project.milestones))

13:10:14.160 [main] DEBUG org.hibernate.SQL - 
    select
        p1_0.id,
        p1_0.description,
        p1_0.goal_end_date,
        p1_0.hard_deadline,
        p1_0.name,
        p1_0.start_date 
    from
        projects p1_0 
    where
        p1_0.id=?
Hibernate: 
    select
        p1_0.id,
        p1_0.description,
        p1_0.goal_end_date,
        p1_0.hard_deadline,
        p1_0.name,
        p1_0.start_date 
    from
        projects p1_0 
    where
        p1_0.id=?
13:10:14.160 [main] DEBUG org.hibernate.orm.results.loading.entity - (EntityResultInitializer) Hydrated EntityKey (org.frcpm.models.Project): 1
13:10:14.160 [main] DEBUG org.hibernate.orm.results.loading.org.hibernate.orm.results.loading.collection - (DelayedCollectionInitializer) Current row collection key : org.frcpm.models.Project.meetings#1
13:10:14.160 [main] DEBUG org.hibernate.orm.results.loading.org.hibernate.orm.results.loading.collection - (DelayedCollectionInitializer) Current row collection key : org.frcpm.models.Project.milestones#1
13:10:14.160 [main] DEBUG org.hibernate.orm.results.loading.org.hibernate.orm.results.loading.collection - (DelayedCollectionInitializer) Current row collection key : org.frcpm.models.Project.tasks#1
13:10:14.161 [main] DEBUG org.hibernate.orm.results.loading.entity - (EntityResultInitializer) Created new entity instance [org.frcpm.models.Project#1] : 1488514561
13:10:14.161 [main] DEBUG org.hibernate.orm.results - Extracted JDBC value [1] - [null]
13:10:14.161 [main] DEBUG org.hibernate.orm.results - Extracted JDBC value [2] - [2025-05-23]
13:10:14.161 [main] DEBUG org.hibernate.orm.results - Extracted JDBC value [3] - [2025-06-06]
13:10:14.161 [main] DEBUG org.hibernate.orm.results - Extracted JDBC value [4] - [Test Base Project 1]
13:10:14.161 [main] DEBUG org.hibernate.orm.results - Extracted JDBC value [5] - [2025-04-11]
13:10:14.161 [main] DEBUG org.hibernate.orm.results.loading.entity - (EntityResultInitializer) Done materializing entityInstance : org.frcpm.models.Project#1
13:10:14.161 [main] DEBUG org.hibernate.orm.results.loading - Calling top-level assembler (0 / 1) : org.hibernate.sql.results.graph.entity.internal.EntityAssembler@400bf062
13:10:14.161 [main] DEBUG org.hibernate.resource.jdbc.internal.LogicalConnectionManagedImpl - Initiating JDBC connection release from afterTransaction
13:10:14.162 [main] DEBUG org.hibernate.orm.sql.ast.create - Created new SQL alias : p1_0
13:10:14.162 [main] DEBUG org.hibernate.orm.sql.ast.create - Registration of TableGroup [StandardTableGroup(org.frcpm.models.Project(22703379502400))] with identifierForTableGroup [org.frcpm.models.Project] for NavigablePath [org.frcpm.models.Project] 
13:10:14.163 [main] DEBUG org.hibernate.orm.results.graph.AST - DomainResult Graph:
 \-EntityResultImpl [org.frcpm.models.Project(22703379502400)]
 |  +-BasicFetch [org.frcpm.models.Project(22703379502400).description]
 |  +-BasicFetch [org.frcpm.models.Project(22703379502400).goalEndDate]
 |  +-BasicFetch [org.frcpm.models.Project(22703379502400).hardDeadline]
 |  +-DelayedCollectionFetch [org.frcpm.models.Project(22703379502400).meetings]
 |  +-DelayedCollectionFetch [org.frcpm.models.Project(22703379502400).milestones]
 |  +-BasicFetch [org.frcpm.models.Project(22703379502400).name]
 |  +-BasicFetch [org.frcpm.models.Project(22703379502400).startDate]
 |  \-DelayedCollectionFetch [org.frcpm.models.Project(22703379502400).tasks]

13:10:14.163 [main] DEBUG org.hibernate.orm.sql.ast.tree - SQL AST Tree:
    SelectStatement {
      FromClause {
        StandardTableGroup (p1 : org.frcpm.models.Project(22703379502400)) {
          primaryTableReference : projects as p1_0
        }
      }
    }

13:10:14.163 [main] DEBUG org.hibernate.orm.sql.exec - Skipping reading Query result cache data: cache-enabled = false, cache-mode = NORMAL
13:10:14.163 [main] DEBUG org.hibernate.orm.results - Initializer list:
	  org.frcpm.models.Project(22703379502400).tasks -> DelayedCollectionInitializer(org.frcpm.models.Project(22703379502400).tasks)@1746592206 (PluralAttribute(org.frcpm.models.Project.tasks))
	  org.frcpm.models.Project(22703379502400).meetings -> DelayedCollectionInitializer(org.frcpm.models.Project(22703379502400).meetings)@1154719107 (PluralAttribute(org.frcpm.models.Project.meetings))
	  org.frcpm.models.Project(22703379502400) -> EntityResultInitializer(org.frcpm.models.Project(22703379502400))@666621576 (SingleTableEntityPersister(org.frcpm.models.Project))
	  org.frcpm.models.Project(22703379502400).milestones -> DelayedCollectionInitializer(org.frcpm.models.Project(22703379502400).milestones)@1622096108 (PluralAttribute(org.frcpm.models.Project.milestones))

13:10:14.163 [main] DEBUG org.hibernate.SQL - 
    /* <criteria> */ select
        p1_0.id,
        p1_0.description,
        p1_0.goal_end_date,
        p1_0.hard_deadline,
        p1_0.name,
        p1_0.start_date 
    from
        projects p1_0
Hibernate: 
    /* <criteria> */ select
        p1_0.id,
        p1_0.description,
        p1_0.goal_end_date,
        p1_0.hard_deadline,
        p1_0.name,
        p1_0.start_date 
    from
        projects p1_0
13:10:14.163 [main] DEBUG org.hibernate.orm.results - Extracted JDBC value [0] - [1]
13:10:14.163 [main] DEBUG org.hibernate.orm.results.loading.entity - (EntityResultInitializer) Hydrated EntityKey (org.frcpm.models.Project(22703379502400)): 1
13:10:14.163 [main] DEBUG org.hibernate.orm.results.loading.org.hibernate.orm.results.loading.collection - (DelayedCollectionInitializer) Current row collection key : org.frcpm.models.Project(22703379502400).meetings#1
13:10:14.163 [main] DEBUG org.hibernate.orm.results.loading.org.hibernate.orm.results.loading.collection - (DelayedCollectionInitializer) Current row collection key : org.frcpm.models.Project(22703379502400).milestones#1
13:10:14.163 [main] DEBUG org.hibernate.orm.results.loading.org.hibernate.orm.results.loading.collection - (DelayedCollectionInitializer) Current row collection key : org.frcpm.models.Project(22703379502400).tasks#1
13:10:14.164 [main] DEBUG org.hibernate.orm.results.loading.entity - (EntityResultInitializer) Created new entity instance [org.frcpm.models.Project(22703379502400)#1] : 2123729330
13:10:14.164 [main] DEBUG org.hibernate.orm.results - Extracted JDBC value [1] - [null]
13:10:14.164 [main] DEBUG org.hibernate.orm.results - Extracted JDBC value [2] - [2025-05-23]
13:10:14.164 [main] DEBUG org.hibernate.orm.results - Extracted JDBC value [3] - [2025-06-06]
13:10:14.164 [main] DEBUG org.hibernate.orm.results - Extracted JDBC value [4] - [Test Base Project 1]
13:10:14.164 [main] DEBUG org.hibernate.orm.results - Extracted JDBC value [5] - [2025-04-11]
13:10:14.164 [main] DEBUG org.hibernate.orm.results.loading.entity - (EntityResultInitializer) Done materializing entityInstance : org.frcpm.models.Project(22703379502400)#1
13:10:14.164 [main] DEBUG org.hibernate.orm.results.loading - Calling top-level assembler (0 / 1) : org.hibernate.sql.results.graph.entity.internal.EntityAssembler@50e3019b
13:10:14.164 [main] DEBUG org.hibernate.orm.results - Extracted JDBC value [0] - [2]
13:10:14.164 [main] DEBUG org.hibernate.orm.results.loading.entity - (EntityResultInitializer) Hydrated EntityKey (org.frcpm.models.Project(22703379502400)): 2
13:10:14.164 [main] DEBUG org.hibernate.orm.results.loading.org.hibernate.orm.results.loading.collection - (DelayedCollectionInitializer) Current row collection key : org.frcpm.models.Project(22703379502400).meetings#2
13:10:14.164 [main] DEBUG org.hibernate.orm.results.loading.org.hibernate.orm.results.loading.collection - (DelayedCollectionInitializer) Current row collection key : org.frcpm.models.Project(22703379502400).milestones#2
13:10:14.164 [main] DEBUG org.hibernate.orm.results.loading.org.hibernate.orm.results.loading.collection - (DelayedCollectionInitializer) Current row collection key : org.frcpm.models.Project(22703379502400).tasks#2
13:10:14.164 [main] DEBUG org.hibernate.orm.results.loading.entity - (EntityResultInitializer) Created new entity instance [org.frcpm.models.Project(22703379502400)#2] : 317939541
13:10:14.164 [main] DEBUG org.hibernate.orm.results - Extracted JDBC value [1] - [null]
13:10:14.164 [main] DEBUG org.hibernate.orm.results - Extracted JDBC value [2] - [2025-06-06]
13:10:14.164 [main] DEBUG org.hibernate.orm.results - Extracted JDBC value [3] - [2025-06-20]
13:10:14.164 [main] DEBUG org.hibernate.orm.results - Extracted JDBC value [4] - [Test Base Project 2]
13:10:14.164 [main] DEBUG org.hibernate.orm.results - Extracted JDBC value [5] - [2025-04-18]
13:10:14.165 [main] DEBUG org.hibernate.orm.results.loading.entity - (EntityResultInitializer) Done materializing entityInstance : org.frcpm.models.Project(22703379502400)#2
13:10:14.165 [main] DEBUG org.hibernate.orm.results.loading - Calling top-level assembler (0 / 1) : org.hibernate.sql.results.graph.entity.internal.EntityAssembler@50e3019b
13:10:14.165 [main] DEBUG org.hibernate.resource.jdbc.internal.LogicalConnectionManagedImpl - Initiating JDBC connection release from afterTransaction
13:10:14.165 [main] DEBUG org.hibernate.resource.jdbc.internal.LogicalConnectionManagedImpl - Initiating JDBC connection release from afterTransaction
13:10:14.165 [main] DEBUG org.hibernate.engine.transaction.internal.TransactionImpl - On TransactionImpl creation, JpaCompliance#isJpaTransactionComplianceEnabled == false
13:10:14.165 [main] DEBUG org.hibernate.engine.transaction.internal.TransactionImpl - begin
13:10:14.165 [main] DEBUG org.hibernate.orm.sql.ast.create - Created new SQL alias : p1_0
13:10:14.165 [main] DEBUG org.hibernate.orm.sql.ast.create - Registration of TableGroup [StandardTableGroup(org.frcpm.models.Project)] with identifierForTableGroup [org.frcpm.models.Project] for NavigablePath [org.frcpm.models.Project] 
13:10:14.166 [main] DEBUG org.hibernate.orm.sql.ast.create - Created new SQL alias : m1_0
13:10:14.166 [main] DEBUG org.hibernate.orm.sql.ast.create - Registration of TableGroup [org.hibernate.sql.ast.tree.from.OneToManyTableGroup@3e549525] with identifierForTableGroup [org.frcpm.models.Project.meetings] for NavigablePath [org.frcpm.models.Project.meetings] 
13:10:14.166 [main] DEBUG org.hibernate.orm.sql.ast.create - Registration of TableGroup [StandardTableGroup(org.frcpm.models.Project.meetings.{element})] with identifierForTableGroup [org.frcpm.models.Project.meetings.{element}] for NavigablePath [org.frcpm.models.Project.meetings.{element}] 
13:10:14.166 [main] DEBUG org.hibernate.orm.sql.ast.create - Registration of TableGroup [org.hibernate.sql.ast.tree.from.LazyTableGroup@2c143041] with identifierForTableGroup [org.frcpm.models.Project.meetings.{element}.project] for NavigablePath [org.frcpm.models.Project.meetings.{element}.project] 
13:10:14.166 [main] DEBUG org.hibernate.orm.results.graph.AST - DomainResult Graph:
 \-EntityResultImpl [org.frcpm.models.Project]
 |  +-BasicFetch [org.frcpm.models.Project.description]
 |  +-BasicFetch [org.frcpm.models.Project.goalEndDate]
 |  +-BasicFetch [org.frcpm.models.Project.hardDeadline]
 |  +-EagerCollectionFetch [org.frcpm.models.Project.meetings]
 |  |  \-EntityFetchJoinedImpl [org.frcpm.models.Project.meetings.{element}]
 |  +-SelectEagerCollectionFetch [org.frcpm.models.Project.milestones]
 |  +-BasicFetch [org.frcpm.models.Project.name]
 |  +-BasicFetch [org.frcpm.models.Project.startDate]
 |  \-SelectEagerCollectionFetch [org.frcpm.models.Project.tasks]

13:10:14.167 [main] DEBUG org.hibernate.orm.sql.ast.tree - SQL AST Tree:
    SelectStatement {
      FromClause {
        StandardTableGroup (p1 : org.frcpm.models.Project) {
          primaryTableReference : projects as p1_0
          TableGroupJoins {
            left  join OneToManyTableGroup (m1 : org.frcpm.models.Project.meetings) {
              primaryTableReference : meetings as m1_0
              TableGroupJoins {
                left  join LazyTableGroup (p2 : org.frcpm.models.Project.meetings.{element}.project) {
                }
              }
            }
          }
        }
      }
    }

13:10:14.167 [main] DEBUG org.hibernate.orm.sql.exec - Skipping reading Query result cache data: cache-enabled = false, cache-mode = IGNORE
13:10:14.169 [main] DEBUG org.hibernate.orm.results - Initializer list:
	  org.frcpm.models.Project.meetings -> BagInitializer(org.frcpm.models.Project.meetings)@1561206547 (PluralAttribute(org.frcpm.models.Project.meetings))
	  org.frcpm.models.Project.tasks -> SelectEagerCollectionInitializer(org.frcpm.models.Project.tasks)@1206473770 (PluralAttribute(org.frcpm.models.Project.tasks))
	  org.frcpm.models.Project.meetings.{element} -> EntityJoinedFetchInitializer(org.frcpm.models.Project.meetings.{element})@1257435822 (EntityCollectionPart(org.frcpm.models.Project.meetings#{element})@1804690547)
	  org.frcpm.models.Project.meetings.{element}.attendances -> SelectEagerCollectionInitializer(org.frcpm.models.Project.meetings.{element}.attendances)@1179261077 (PluralAttribute(org.frcpm.models.Meeting.attendances))
	  org.frcpm.models.Project -> EntityResultInitializer(org.frcpm.models.Project)@1259297906 (SingleTableEntityPersister(org.frcpm.models.Project))
	  org.frcpm.models.Project.milestones -> SelectEagerCollectionInitializer(org.frcpm.models.Project.milestones)@372617279 (PluralAttribute(org.frcpm.models.Project.milestones))

13:10:14.169 [main] DEBUG org.hibernate.SQL - 
    select
        p1_0.id,
        p1_0.description,
        p1_0.goal_end_date,
        p1_0.hard_deadline,
        p1_0.name,
        p1_0.start_date,
        m1_0.project_id,
        m1_0.id,
        m1_0.date,
        m1_0.end_time,
        m1_0.notes,
        m1_0.start_time 
    from
        projects p1_0 
    left join
        meetings m1_0 
            on p1_0.id=m1_0.project_id 
    where
        p1_0.id=?
Hibernate: 
    select
        p1_0.id,
        p1_0.description,
        p1_0.goal_end_date,
        p1_0.hard_deadline,
        p1_0.name,
        p1_0.start_date,
        m1_0.project_id,
        m1_0.id,
        m1_0.date,
        m1_0.end_time,
        m1_0.notes,
        m1_0.start_time 
    from
        projects p1_0 
    left join
        meetings m1_0 
            on p1_0.id=m1_0.project_id 
    where
        p1_0.id=?
13:10:14.170 [main] DEBUG org.hibernate.orm.results.loading.entity - (EntityResultInitializer) Hydrated EntityKey (org.frcpm.models.Project): 1
13:10:14.171 [main] DEBUG org.hibernate.orm.results.loading.org.hibernate.orm.results.loading.collection - (BagInitializer) Current row collection key : org.frcpm.models.Project.meetings#1
13:10:14.171 [main] DEBUG org.hibernate.orm.results - Extracted JDBC value [6] - [null]
13:10:14.171 [main] DEBUG org.hibernate.orm.results - Extracted JDBC value [7] - [null]
13:10:14.171 [main] DEBUG org.hibernate.orm.results.loading.entity - (EntityJoinedFetchInitializer) EntityKey (org.frcpm.models.Project.meetings.{element}) is null
13:10:14.171 [main] DEBUG org.hibernate.orm.results.loading.org.hibernate.orm.results.loading.collection - (SelectEagerCollectionInitializer) Current row collection key : org.frcpm.models.Project.milestones#1
13:10:14.171 [main] DEBUG org.hibernate.orm.results.loading.org.hibernate.orm.results.loading.collection - (SelectEagerCollectionInitializer) Current row collection key : org.frcpm.models.Project.tasks#1
13:10:14.171 [main] DEBUG org.hibernate.orm.results.loading.entity - (EntityResultInitializer) Created new entity instance [org.frcpm.models.Project#1] : 1361240126
13:10:14.171 [main] DEBUG org.hibernate.orm.results.loading.org.hibernate.orm.results.loading.collection - (BagInitializer) Created new collection wrapper [org.frcpm.models.Project.meetings#1] : org.hibernate.collection.spi.PersistentBag@1781335661
13:10:14.171 [main] DEBUG org.hibernate.orm.results.loading.org.hibernate.orm.results.loading.collection - (BagInitializer) Responsible for loading collection [org.frcpm.models.Project.meetings#1] : org.hibernate.collection.spi.PersistentBag@1781335661
13:10:14.171 [main] DEBUG org.hibernate.orm.results - Extracted JDBC value [1] - [null]
13:10:14.171 [main] DEBUG org.hibernate.orm.results - Extracted JDBC value [2] - [2025-05-23]
13:10:14.171 [main] DEBUG org.hibernate.orm.results - Extracted JDBC value [3] - [2025-06-06]
13:10:14.171 [main] DEBUG org.hibernate.orm.results - Extracted JDBC value [4] - [Test Base Project 1]
13:10:14.171 [main] DEBUG org.hibernate.orm.results - Extracted JDBC value [5] - [2025-04-11]
13:10:14.173 [main] DEBUG org.hibernate.orm.results.loading.entity - (EntityResultInitializer) Done materializing entityInstance : org.frcpm.models.Project#1
13:10:14.173 [main] DEBUG org.hibernate.orm.results.loading - Calling top-level assembler (0 / 1) : org.hibernate.sql.results.graph.entity.internal.EntityAssembler@7b80cc47
13:10:14.173 [main] DEBUG org.hibernate.sql.results.internal.ResultsHelper - Collection fully initialized: [org.frcpm.models.Project.meetings#1]
13:10:14.173 [main] DEBUG org.hibernate.orm.sql.exec - Skipping reading Query result cache data: cache-enabled = false, cache-mode = IGNORE
13:10:14.173 [main] DEBUG org.hibernate.orm.results - Initializer list:
	  org.frcpm.models.Project.tasks.{element}.assignedTo -> DelayedCollectionInitializer(org.frcpm.models.Project.tasks.{element}.assignedTo)@2040312628 (PluralAttribute(org.frcpm.models.Task.assignedTo))
	  org.frcpm.models.Project.tasks.{element}.postDependencies -> DelayedCollectionInitializer(org.frcpm.models.Project.tasks.{element}.postDependencies)@1547802438 (PluralAttribute(org.frcpm.models.Task.postDependencies))
	  org.frcpm.models.Project.tasks.{element} -> EntityJoinedFetchInitializer(org.frcpm.models.Project.tasks.{element})@1324380107 (EntityCollectionPart(org.frcpm.models.Project.tasks#{element})@862941350)
	  org.frcpm.models.Project.tasks.{element}.requiredComponents -> DelayedCollectionInitializer(org.frcpm.models.Project.tasks.{element}.requiredComponents)@804675820 (PluralAttribute(org.frcpm.models.Task.requiredComponents))
	  org.frcpm.models.Project.tasks.{element}.project -> EntityDelayedFetchInitializer(org.frcpm.models.Project.tasks.{element}.project)@2145200627 (ToOneAttributeMapping(NavigableRole[org.frcpm.models.Task.project])@849256436)
	  org.frcpm.models.Project.tasks.{element}.subsystem -> EntityDelayedFetchInitializer(org.frcpm.models.Project.tasks.{element}.subsystem)@2050761537 (ToOneAttributeMapping(NavigableRole[org.frcpm.models.Task.subsystem])@1725025770)
	  org.frcpm.models.Project.tasks.{element}.preDependencies -> DelayedCollectionInitializer(org.frcpm.models.Project.tasks.{element}.preDependencies)@1893069426 (PluralAttribute(org.frcpm.models.Task.preDependencies))
	  org.frcpm.models.Project.tasks -> BagInitializer(org.frcpm.models.Project.tasks)@921871011 (PluralAttribute(org.frcpm.models.Project.tasks))

13:10:14.173 [main] DEBUG org.hibernate.SQL - 
    select
        t1_0.project_id,
        t1_0.id,
        t1_0.actual_duration_seconds,
        t1_0.completed,
        t1_0.description,
        t1_0.end_date,
        t1_0.estimated_duration_seconds,
        t1_0.priority,
        t1_0.progress,
        t1_0.start_date,
        t1_0.subsystem_id,
        t1_0.title 
    from
        tasks t1_0 
    where
        t1_0.project_id=?
Hibernate: 
    select
        t1_0.project_id,
        t1_0.id,
        t1_0.actual_duration_seconds,
        t1_0.completed,
        t1_0.description,
        t1_0.end_date,
        t1_0.estimated_duration_seconds,
        t1_0.priority,
        t1_0.progress,
        t1_0.start_date,
        t1_0.subsystem_id,
        t1_0.title 
    from
        tasks t1_0 
    where
        t1_0.project_id=?
13:10:14.174 [main] DEBUG org.hibernate.sql.results.internal.ResultsHelper - Collection fully initialized: [org.frcpm.models.Project.tasks#1]
13:10:14.174 [main] DEBUG org.hibernate.orm.sql.exec - Skipping reading Query result cache data: cache-enabled = false, cache-mode = IGNORE
13:10:14.174 [main] DEBUG org.hibernate.orm.results - Initializer list:
	  org.frcpm.models.Project.milestones.{element}.project -> EntityDelayedFetchInitializer(org.frcpm.models.Project.milestones.{element}.project)@444638058 (ToOneAttributeMapping(NavigableRole[org.frcpm.models.Milestone.project])@969207075)
	  org.frcpm.models.Project.milestones.{element} -> EntityJoinedFetchInitializer(org.frcpm.models.Project.milestones.{element})@1762884637 (EntityCollectionPart(org.frcpm.models.Project.milestones#{element})@1627214241)
	  org.frcpm.models.Project.milestones -> BagInitializer(org.frcpm.models.Project.milestones)@2147034407 (PluralAttribute(org.frcpm.models.Project.milestones))

13:10:14.174 [main] DEBUG org.hibernate.SQL - 
    select
        m1_0.project_id,
        m1_0.id,
        m1_0.date,
        m1_0.description,
        m1_0.name 
    from
        milestones m1_0 
    where
        m1_0.project_id=?
Hibernate: 
    select
        m1_0.project_id,
        m1_0.id,
        m1_0.date,
        m1_0.description,
        m1_0.name 
    from
        milestones m1_0 
    where
        m1_0.project_id=?
13:10:14.174 [main] DEBUG org.hibernate.sql.results.internal.ResultsHelper - Collection fully initialized: [org.frcpm.models.Project.milestones#1]
13:10:14.175 [main] DEBUG org.hibernate.engine.transaction.internal.TransactionImpl - committing
13:10:14.175 [main] DEBUG org.hibernate.event.internal.AbstractFlushingEventListener - Processing flush-time cascades
13:10:14.175 [main] DEBUG org.hibernate.event.internal.AbstractFlushingEventListener - Dirty checking collections
13:10:14.175 [main] DEBUG org.hibernate.engine.internal.Collections - Collection dereferenced: [org.frcpm.models.Project.meetings#1]
13:10:14.175 [main] DEBUG org.hibernate.engine.internal.Collections - Collection dereferenced: [org.frcpm.models.Project.milestones#1]
13:10:14.175 [main] DEBUG org.hibernate.engine.internal.Collections - Collection dereferenced: [org.frcpm.models.Project.tasks#1]
13:10:14.175 [main] DEBUG org.hibernate.event.internal.AbstractFlushingEventListener - Flushed: 0 insertions, 0 updates, 1 deletions to 1 objects
13:10:14.175 [main] DEBUG org.hibernate.event.internal.AbstractFlushingEventListener - Flushed: 0 (re)creations, 0 updates, 3 removals to 3 collections
13:10:14.175 [main] DEBUG org.hibernate.internal.util.EntityPrinter - Listing entities:
13:10:14.175 [main] DEBUG org.hibernate.internal.util.EntityPrinter - org.frcpm.models.Project{hardDeadline=2025-06-06, name=Test Base Project 1, description=null, meetings=[], id=1, goalEndDate=2025-05-23, milestones=[], startDate=2025-04-11, tasks=[]}
13:10:14.175 [main] DEBUG org.hibernate.SQL - 
    /* delete for org.frcpm.models.Project */delete 
    from
        projects 
    where
        id=?
Hibernate: 
    /* delete for org.frcpm.models.Project */delete 
    from
        projects 
    where
        id=?
13:10:14.176 [main] DEBUG org.hibernate.orm.jdbc.batch - PreparedStatementDetails did not contain PreparedStatement on #releaseStatements : /* delete for org.frcpm.models.Project */delete from projects where id=?
13:10:14.176 [main] DEBUG org.hibernate.orm.jdbc.batch - PreparedStatementDetails did not contain PreparedStatement on #releaseStatements : /* delete for org.frcpm.models.Project */delete from projects where id=?
13:10:14.176 [main] DEBUG org.hibernate.resource.jdbc.internal.LogicalConnectionManagedImpl - Initiating JDBC connection release from afterTransaction
13:10:14.176 [main] DEBUG org.hibernate.orm.jdbc.batch - PreparedStatementDetails did not contain PreparedStatement on #releaseStatements : /* delete for org.frcpm.models.Project */delete from projects where id=?
13:10:14.176 [main] DEBUG org.hibernate.orm.jdbc.batch - PreparedStatementDetails did not contain PreparedStatement on #releaseStatements : /* delete for org.frcpm.models.Project */delete from projects where id=?
13:10:14.176 [main] DEBUG org.hibernate.resource.jdbc.internal.LogicalConnectionManagedImpl - Initiating JDBC connection release from afterTransaction
13:10:14.176 [main] DEBUG org.hibernate.engine.jdbc.internal.JdbcCoordinatorImpl - HHH000420: Closing un-released batch
13:10:14.176 [main] DEBUG org.hibernate.orm.jdbc.batch - PreparedStatementDetails did not contain PreparedStatement on #releaseStatements : /* delete for org.frcpm.models.Project */delete from projects where id=?
13:10:14.176 [main] DEBUG org.hibernate.orm.jdbc.batch - PreparedStatementDetails did not contain PreparedStatement on #releaseStatements : /* delete for org.frcpm.models.Project */delete from projects where id=?
13:10:14.176 [main] DEBUG org.hibernate.engine.transaction.internal.TransactionImpl - On TransactionImpl creation, JpaCompliance#isJpaTransactionComplianceEnabled == false
13:10:14.176 [main] DEBUG org.hibernate.engine.transaction.internal.TransactionImpl - begin
13:10:14.176 [main] DEBUG org.hibernate.orm.sql.exec - Skipping reading Query result cache data: cache-enabled = false, cache-mode = IGNORE
13:10:14.177 [main] DEBUG org.hibernate.orm.results - Initializer list:
	  org.frcpm.models.Project.meetings -> BagInitializer(org.frcpm.models.Project.meetings)@1457809297 (PluralAttribute(org.frcpm.models.Project.meetings))
	  org.frcpm.models.Project.tasks -> SelectEagerCollectionInitializer(org.frcpm.models.Project.tasks)@850515329 (PluralAttribute(org.frcpm.models.Project.tasks))
	  org.frcpm.models.Project.meetings.{element} -> EntityJoinedFetchInitializer(org.frcpm.models.Project.meetings.{element})@1919826183 (EntityCollectionPart(org.frcpm.models.Project.meetings#{element})@1804690547)
	  org.frcpm.models.Project.meetings.{element}.attendances -> SelectEagerCollectionInitializer(org.frcpm.models.Project.meetings.{element}.attendances)@622318745 (PluralAttribute(org.frcpm.models.Meeting.attendances))
	  org.frcpm.models.Project -> EntityResultInitializer(org.frcpm.models.Project)@1354426181 (SingleTableEntityPersister(org.frcpm.models.Project))
	  org.frcpm.models.Project.milestones -> SelectEagerCollectionInitializer(org.frcpm.models.Project.milestones)@1822108942 (PluralAttribute(org.frcpm.models.Project.milestones))

13:10:14.177 [main] DEBUG org.hibernate.SQL - 
    select
        p1_0.id,
        p1_0.description,
        p1_0.goal_end_date,
        p1_0.hard_deadline,
        p1_0.name,
        p1_0.start_date,
        m1_0.project_id,
        m1_0.id,
        m1_0.date,
        m1_0.end_time,
        m1_0.notes,
        m1_0.start_time 
    from
        projects p1_0 
    left join
        meetings m1_0 
            on p1_0.id=m1_0.project_id 
    where
        p1_0.id=?
Hibernate: 
    select
        p1_0.id,
        p1_0.description,
        p1_0.goal_end_date,
        p1_0.hard_deadline,
        p1_0.name,
        p1_0.start_date,
        m1_0.project_id,
        m1_0.id,
        m1_0.date,
        m1_0.end_time,
        m1_0.notes,
        m1_0.start_time 
    from
        projects p1_0 
    left join
        meetings m1_0 
            on p1_0.id=m1_0.project_id 
    where
        p1_0.id=?
13:10:14.177 [main] DEBUG org.hibernate.orm.results.loading.entity - (EntityResultInitializer) Hydrated EntityKey (org.frcpm.models.Project): 2
13:10:14.177 [main] DEBUG org.hibernate.orm.results.loading.org.hibernate.orm.results.loading.collection - (BagInitializer) Current row collection key : org.frcpm.models.Project.meetings#2
13:10:14.177 [main] DEBUG org.hibernate.orm.results - Extracted JDBC value [6] - [null]
13:10:14.177 [main] DEBUG org.hibernate.orm.results - Extracted JDBC value [7] - [null]
13:10:14.177 [main] DEBUG org.hibernate.orm.results.loading.entity - (EntityJoinedFetchInitializer) EntityKey (org.frcpm.models.Project.meetings.{element}) is null
13:10:14.177 [main] DEBUG org.hibernate.orm.results.loading.org.hibernate.orm.results.loading.collection - (SelectEagerCollectionInitializer) Current row collection key : org.frcpm.models.Project.milestones#2
13:10:14.177 [main] DEBUG org.hibernate.orm.results.loading.org.hibernate.orm.results.loading.collection - (SelectEagerCollectionInitializer) Current row collection key : org.frcpm.models.Project.tasks#2
13:10:14.178 [main] DEBUG org.hibernate.orm.results.loading.entity - (EntityResultInitializer) Created new entity instance [org.frcpm.models.Project#2] : 1938912497
13:10:14.178 [main] DEBUG org.hibernate.orm.results.loading.org.hibernate.orm.results.loading.collection - (BagInitializer) Created new collection wrapper [org.frcpm.models.Project.meetings#2] : org.hibernate.collection.spi.PersistentBag@1188545744
13:10:14.178 [main] DEBUG org.hibernate.orm.results.loading.org.hibernate.orm.results.loading.collection - (BagInitializer) Responsible for loading collection [org.frcpm.models.Project.meetings#2] : org.hibernate.collection.spi.PersistentBag@1188545744
13:10:14.178 [main] DEBUG org.hibernate.orm.results - Extracted JDBC value [1] - [null]
13:10:14.178 [main] DEBUG org.hibernate.orm.results - Extracted JDBC value [2] - [2025-06-06]
13:10:14.178 [main] DEBUG org.hibernate.orm.results - Extracted JDBC value [3] - [2025-06-20]
13:10:14.178 [main] DEBUG org.hibernate.orm.results - Extracted JDBC value [4] - [Test Base Project 2]
13:10:14.178 [main] DEBUG org.hibernate.orm.results - Extracted JDBC value [5] - [2025-04-18]
13:10:14.178 [main] DEBUG org.hibernate.orm.results.loading.entity - (EntityResultInitializer) Done materializing entityInstance : org.frcpm.models.Project#2
13:10:14.178 [main] DEBUG org.hibernate.orm.results.loading - Calling top-level assembler (0 / 1) : org.hibernate.sql.results.graph.entity.internal.EntityAssembler@60fc87e8
13:10:14.178 [main] DEBUG org.hibernate.sql.results.internal.ResultsHelper - Collection fully initialized: [org.frcpm.models.Project.meetings#2]
13:10:14.178 [main] DEBUG org.hibernate.orm.sql.exec - Skipping reading Query result cache data: cache-enabled = false, cache-mode = IGNORE
13:10:14.178 [main] DEBUG org.hibernate.orm.results - Initializer list:
	  org.frcpm.models.Project.tasks.{element}.assignedTo -> DelayedCollectionInitializer(org.frcpm.models.Project.tasks.{element}.assignedTo)@418721379 (PluralAttribute(org.frcpm.models.Task.assignedTo))
	  org.frcpm.models.Project.tasks.{element}.postDependencies -> DelayedCollectionInitializer(org.frcpm.models.Project.tasks.{element}.postDependencies)@890801362 (PluralAttribute(org.frcpm.models.Task.postDependencies))
	  org.frcpm.models.Project.tasks.{element} -> EntityJoinedFetchInitializer(org.frcpm.models.Project.tasks.{element})@1062668612 (EntityCollectionPart(org.frcpm.models.Project.tasks#{element})@862941350)
	  org.frcpm.models.Project.tasks.{element}.requiredComponents -> DelayedCollectionInitializer(org.frcpm.models.Project.tasks.{element}.requiredComponents)@999295617 (PluralAttribute(org.frcpm.models.Task.requiredComponents))
	  org.frcpm.models.Project.tasks.{element}.project -> EntityDelayedFetchInitializer(org.frcpm.models.Project.tasks.{element}.project)@178765222 (ToOneAttributeMapping(NavigableRole[org.frcpm.models.Task.project])@849256436)
	  org.frcpm.models.Project.tasks.{element}.subsystem -> EntityDelayedFetchInitializer(org.frcpm.models.Project.tasks.{element}.subsystem)@2066271804 (ToOneAttributeMapping(NavigableRole[org.frcpm.models.Task.subsystem])@1725025770)
	  org.frcpm.models.Project.tasks.{element}.preDependencies -> DelayedCollectionInitializer(org.frcpm.models.Project.tasks.{element}.preDependencies)@2092102964 (PluralAttribute(org.frcpm.models.Task.preDependencies))
	  org.frcpm.models.Project.tasks -> BagInitializer(org.frcpm.models.Project.tasks)@1204628513 (PluralAttribute(org.frcpm.models.Project.tasks))

13:10:14.179 [main] DEBUG org.hibernate.SQL - 
    select
        t1_0.project_id,
        t1_0.id,
        t1_0.actual_duration_seconds,
        t1_0.completed,
        t1_0.description,
        t1_0.end_date,
        t1_0.estimated_duration_seconds,
        t1_0.priority,
        t1_0.progress,
        t1_0.start_date,
        t1_0.subsystem_id,
        t1_0.title 
    from
        tasks t1_0 
    where
        t1_0.project_id=?
Hibernate: 
    select
        t1_0.project_id,
        t1_0.id,
        t1_0.actual_duration_seconds,
        t1_0.completed,
        t1_0.description,
        t1_0.end_date,
        t1_0.estimated_duration_seconds,
        t1_0.priority,
        t1_0.progress,
        t1_0.start_date,
        t1_0.subsystem_id,
        t1_0.title 
    from
        tasks t1_0 
    where
        t1_0.project_id=?
13:10:14.179 [main] DEBUG org.hibernate.sql.results.internal.ResultsHelper - Collection fully initialized: [org.frcpm.models.Project.tasks#2]
13:10:14.179 [main] DEBUG org.hibernate.orm.sql.exec - Skipping reading Query result cache data: cache-enabled = false, cache-mode = IGNORE
13:10:14.179 [main] DEBUG org.hibernate.orm.results - Initializer list:
	  org.frcpm.models.Project.milestones.{element}.project -> EntityDelayedFetchInitializer(org.frcpm.models.Project.milestones.{element}.project)@639950124 (ToOneAttributeMapping(NavigableRole[org.frcpm.models.Milestone.project])@969207075)
	  org.frcpm.models.Project.milestones.{element} -> EntityJoinedFetchInitializer(org.frcpm.models.Project.milestones.{element})@145113581 (EntityCollectionPart(org.frcpm.models.Project.milestones#{element})@1627214241)
	  org.frcpm.models.Project.milestones -> BagInitializer(org.frcpm.models.Project.milestones)@2147353713 (PluralAttribute(org.frcpm.models.Project.milestones))

13:10:14.179 [main] DEBUG org.hibernate.SQL - 
    select
        m1_0.project_id,
        m1_0.id,
        m1_0.date,
        m1_0.description,
        m1_0.name 
    from
        milestones m1_0 
    where
        m1_0.project_id=?
Hibernate: 
    select
        m1_0.project_id,
        m1_0.id,
        m1_0.date,
        m1_0.description,
        m1_0.name 
    from
        milestones m1_0 
    where
        m1_0.project_id=?
13:10:14.179 [main] DEBUG org.hibernate.sql.results.internal.ResultsHelper - Collection fully initialized: [org.frcpm.models.Project.milestones#2]
13:10:14.179 [main] DEBUG org.hibernate.engine.transaction.internal.TransactionImpl - committing
13:10:14.179 [main] DEBUG org.hibernate.event.internal.AbstractFlushingEventListener - Processing flush-time cascades
13:10:14.179 [main] DEBUG org.hibernate.event.internal.AbstractFlushingEventListener - Dirty checking collections
13:10:14.179 [main] DEBUG org.hibernate.engine.internal.Collections - Collection dereferenced: [org.frcpm.models.Project.meetings#2]
13:10:14.179 [main] DEBUG org.hibernate.engine.internal.Collections - Collection dereferenced: [org.frcpm.models.Project.milestones#2]
13:10:14.179 [main] DEBUG org.hibernate.engine.internal.Collections - Collection dereferenced: [org.frcpm.models.Project.tasks#2]
13:10:14.179 [main] DEBUG org.hibernate.event.internal.AbstractFlushingEventListener - Flushed: 0 insertions, 0 updates, 1 deletions to 1 objects
13:10:14.179 [main] DEBUG org.hibernate.event.internal.AbstractFlushingEventListener - Flushed: 0 (re)creations, 0 updates, 3 removals to 3 collections
13:10:14.179 [main] DEBUG org.hibernate.internal.util.EntityPrinter - Listing entities:
13:10:14.179 [main] DEBUG org.hibernate.internal.util.EntityPrinter - org.frcpm.models.Project{hardDeadline=2025-06-20, name=Test Base Project 2, description=null, meetings=[], id=2, goalEndDate=2025-06-06, milestones=[], startDate=2025-04-18, tasks=[]}
13:10:14.180 [main] DEBUG org.hibernate.SQL - 
    /* delete for org.frcpm.models.Project */delete 
    from
        projects 
    where
        id=?
Hibernate: 
    /* delete for org.frcpm.models.Project */delete 
    from
        projects 
    where
        id=?
13:10:14.180 [main] DEBUG org.hibernate.orm.jdbc.batch - PreparedStatementDetails did not contain PreparedStatement on #releaseStatements : /* delete for org.frcpm.models.Project */delete from projects where id=?
13:10:14.180 [main] DEBUG org.hibernate.orm.jdbc.batch - PreparedStatementDetails did not contain PreparedStatement on #releaseStatements : /* delete for org.frcpm.models.Project */delete from projects where id=?
13:10:14.180 [main] DEBUG org.hibernate.resource.jdbc.internal.LogicalConnectionManagedImpl - Initiating JDBC connection release from afterTransaction
13:10:14.180 [main] DEBUG org.hibernate.orm.jdbc.batch - PreparedStatementDetails did not contain PreparedStatement on #releaseStatements : /* delete for org.frcpm.models.Project */delete from projects where id=?
13:10:14.180 [main] DEBUG org.hibernate.orm.jdbc.batch - PreparedStatementDetails did not contain PreparedStatement on #releaseStatements : /* delete for org.frcpm.models.Project */delete from projects where id=?
13:10:14.180 [main] DEBUG org.hibernate.resource.jdbc.internal.LogicalConnectionManagedImpl - Initiating JDBC connection release from afterTransaction
13:10:14.180 [main] DEBUG org.hibernate.engine.jdbc.internal.JdbcCoordinatorImpl - HHH000420: Closing un-released batch
13:10:14.180 [main] DEBUG org.hibernate.orm.jdbc.batch - PreparedStatementDetails did not contain PreparedStatement on #releaseStatements : /* delete for org.frcpm.models.Project */delete from projects where id=?
13:10:14.180 [main] DEBUG org.hibernate.orm.jdbc.batch - PreparedStatementDetails did not contain PreparedStatement on #releaseStatements : /* delete for org.frcpm.models.Project */delete from projects where id=?
13:10:14.180 [main] DEBUG org.hibernate.internal.SessionFactoryImpl - HHH000031: Closing
13:10:14.180 [main] DEBUG org.hibernate.tool.schema.internal.SchemaDropperImpl$DelayedDropActionImpl - HHH000477: Starting delayed evictData of schema as part of SessionFactory shut-down'
13:10:14.180 [main] DEBUG org.hibernate.SQL - 
    drop table if exists attendances cascade 
Hibernate: 
    drop table if exists attendances cascade 
13:10:14.181 [main] DEBUG org.hibernate.SQL - 
    drop table if exists components cascade 
Hibernate: 
    drop table if exists components cascade 
13:10:14.182 [main] DEBUG org.hibernate.SQL - 
    drop table if exists meetings cascade 
Hibernate: 
    drop table if exists meetings cascade 
13:10:14.182 [main] DEBUG org.hibernate.SQL - 
    drop table if exists milestones cascade 
Hibernate: 
    drop table if exists milestones cascade 
13:10:14.182 [main] DEBUG org.hibernate.SQL - 
    drop table if exists projects cascade 
Hibernate: 
    drop table if exists projects cascade 
13:10:14.182 [main] DEBUG org.hibernate.SQL - 
    drop table if exists subsystems cascade 
Hibernate: 
    drop table if exists subsystems cascade 
13:10:14.182 [main] DEBUG org.hibernate.SQL - 
    drop table if exists subteams cascade 
Hibernate: 
    drop table if exists subteams cascade 
13:10:14.182 [main] DEBUG org.hibernate.SQL - 
    drop table if exists task_assignments cascade 
Hibernate: 
    drop table if exists task_assignments cascade 
13:10:14.183 [main] DEBUG org.hibernate.SQL - 
    drop table if exists task_components cascade 
Hibernate: 
    drop table if exists task_components cascade 
13:10:14.183 [main] DEBUG org.hibernate.SQL - 
    drop table if exists task_dependencies cascade 
Hibernate: 
    drop table if exists task_dependencies cascade 
13:10:14.183 [main] DEBUG org.hibernate.SQL - 
    drop table if exists tasks cascade 
Hibernate: 
    drop table if exists tasks cascade 
13:10:14.183 [main] DEBUG org.hibernate.SQL - 
    drop table if exists team_members cascade 
Hibernate: 
    drop table if exists team_members cascade 
13:10:14.183 [main] DEBUG org.hibernate.type.spi.TypeConfiguration$Scope - Un-scoping TypeConfiguration [org.hibernate.type.spi.TypeConfiguration$Scope@23180ee3] from SessionFactory [org.hibernate.internal.SessionFactoryImpl@4ff19f87]
13:10:14.183 [main] DEBUG org.hibernate.service.internal.AbstractServiceRegistryImpl - Implicitly destroying ServiceRegistry on de-registration of all child ServiceRegistries
13:10:14.183 [main] INFO com.zaxxer.hikari.HikariDataSource - FRC-PM-HikariCP - Shutdown initiated...
13:10:14.183 [main] DEBUG com.zaxxer.hikari.pool.HikariPool - FRC-PM-HikariCP - Before shutdown stats (total=2, active=0, idle=2, waiting=0)
13:10:14.185 [FRC-PM-HikariCP connection closer] DEBUG com.zaxxer.hikari.pool.PoolBase - FRC-PM-HikariCP - Closing connection conn22: url=jdbc:h2:mem:testdb user=SA: (connection evicted)
13:10:14.186 [FRC-PM-HikariCP connection closer] DEBUG com.zaxxer.hikari.pool.PoolBase - FRC-PM-HikariCP - Closing connection conn26: url=jdbc:h2:mem:testdb user=SA: (connection evicted)
13:10:14.186 [main] DEBUG com.zaxxer.hikari.pool.HikariPool - FRC-PM-HikariCP - After shutdown stats (total=0, active=0, idle=0, waiting=0)
13:10:14.186 [main] INFO com.zaxxer.hikari.HikariDataSource - FRC-PM-HikariCP - Shutdown completed.
13:10:14.186 [main] DEBUG org.hibernate.boot.registry.internal.BootstrapServiceRegistryImpl - Implicitly destroying Boot-strap registry on de-registration of all child ServiceRegistries
13:10:14.186 [main] INFO com.zaxxer.hikari.HikariDataSource - frcpm-hikari-pool - Shutdown initiated...
13:10:14.186 [main] DEBUG com.zaxxer.hikari.pool.HikariPool - frcpm-hikari-pool - Before shutdown stats (total=5, active=0, idle=5, waiting=0)
13:10:14.188 [frcpm-hikari-pool connection closer] DEBUG com.zaxxer.hikari.pool.PoolBase - frcpm-hikari-pool - Closing connection conn21: url=jdbc:h2:mem:testdb user=SA: (connection evicted)
13:10:14.188 [frcpm-hikari-pool connection closer] DEBUG com.zaxxer.hikari.pool.PoolBase - frcpm-hikari-pool - Closing connection conn23: url=jdbc:h2:mem:testdb user=SA: (connection evicted)
13:10:14.188 [frcpm-hikari-pool connection closer] DEBUG com.zaxxer.hikari.pool.PoolBase - frcpm-hikari-pool - Closing connection conn24: url=jdbc:h2:mem:testdb user=SA: (connection evicted)
13:10:14.188 [frcpm-hikari-pool connection closer] DEBUG com.zaxxer.hikari.pool.PoolBase - frcpm-hikari-pool - Closing connection conn25: url=jdbc:h2:mem:testdb user=SA: (connection evicted)
13:10:14.188 [frcpm-hikari-pool connection closer] DEBUG com.zaxxer.hikari.pool.PoolBase - frcpm-hikari-pool - Closing connection conn27: url=jdbc:h2:mem:testdb user=SA: (connection evicted)
13:10:14.188 [main] DEBUG com.zaxxer.hikari.pool.HikariPool - frcpm-hikari-pool - After shutdown stats (total=0, active=0, idle=0, waiting=0)
13:10:14.188 [main] INFO com.zaxxer.hikari.HikariDataSource - frcpm-hikari-pool - Shutdown completed.
]]></system-out>
    <system-err><![CDATA[Apr 11, 2025 1:10:13 PM org.frcpm.config.DatabaseConfig initialize
INFO: Initializing database configuration...
Apr 11, 2025 1:10:13 PM org.frcpm.config.DatabaseConfig initialize
INFO: Using JDBC URL: jdbc:h2:mem:testdb;DB_CLOSE_DELAY=-1
Apr 11, 2025 1:10:14 PM org.frcpm.config.DatabaseConfig initialize
INFO: Database configuration initialized successfully
Apr 11, 2025 1:10:14 PM org.frcpm.config.DatabaseConfig shutdown
INFO: Database configuration shut down
]]></system-err>
  </testcase>
  <testcase name="testDeleteById" classname="org.frcpm.repositories.impl.JpaRepositoryImplTest" time="0.455">
    <system-out><![CDATA[13:10:14.191 [main] DEBUG com.zaxxer.hikari.HikariConfig - Driver class org.h2.Driver found in Thread context class loader jdk.internal.loader.ClassLoaders$AppClassLoader@70dea4e
13:10:14.191 [main] DEBUG com.zaxxer.hikari.HikariConfig - frcpm-hikari-pool - configuration:
13:10:14.191 [main] DEBUG com.zaxxer.hikari.HikariConfig - allowPoolSuspension.............false
13:10:14.191 [main] DEBUG com.zaxxer.hikari.HikariConfig - autoCommit......................true
13:10:14.191 [main] DEBUG com.zaxxer.hikari.HikariConfig - catalog.........................none
13:10:14.191 [main] DEBUG com.zaxxer.hikari.HikariConfig - connectionInitSql...............none
13:10:14.191 [main] DEBUG com.zaxxer.hikari.HikariConfig - connectionTestQuery.............none
13:10:14.191 [main] DEBUG com.zaxxer.hikari.HikariConfig - connectionTimeout...............30000
13:10:14.191 [main] DEBUG com.zaxxer.hikari.HikariConfig - dataSource......................none
13:10:14.191 [main] DEBUG com.zaxxer.hikari.HikariConfig - dataSourceClassName.............none
13:10:14.191 [main] DEBUG com.zaxxer.hikari.HikariConfig - dataSourceJNDI..................none
13:10:14.191 [main] DEBUG com.zaxxer.hikari.HikariConfig - dataSourceProperties............{password=<masked>}
13:10:14.191 [main] DEBUG com.zaxxer.hikari.HikariConfig - driverClassName................."org.h2.Driver"
13:10:14.191 [main] DEBUG com.zaxxer.hikari.HikariConfig - exceptionOverrideClassName......none
13:10:14.191 [main] DEBUG com.zaxxer.hikari.HikariConfig - healthCheckProperties...........{}
13:10:14.191 [main] DEBUG com.zaxxer.hikari.HikariConfig - healthCheckRegistry.............none
13:10:14.191 [main] DEBUG com.zaxxer.hikari.HikariConfig - idleTimeout.....................30000
13:10:14.191 [main] DEBUG com.zaxxer.hikari.HikariConfig - initializationFailTimeout.......1
13:10:14.191 [main] DEBUG com.zaxxer.hikari.HikariConfig - isolateInternalQueries..........false
13:10:14.191 [main] DEBUG com.zaxxer.hikari.HikariConfig - jdbcUrl.........................jdbc:h2:mem:testdb;DB_CLOSE_DELAY=-1
13:10:14.191 [main] DEBUG com.zaxxer.hikari.HikariConfig - keepaliveTime...................0
13:10:14.191 [main] DEBUG com.zaxxer.hikari.HikariConfig - leakDetectionThreshold..........0
13:10:14.191 [main] DEBUG com.zaxxer.hikari.HikariConfig - maxLifetime.....................1800000
13:10:14.191 [main] DEBUG com.zaxxer.hikari.HikariConfig - maximumPoolSize.................10
13:10:14.191 [main] DEBUG com.zaxxer.hikari.HikariConfig - metricRegistry..................none
13:10:14.191 [main] DEBUG com.zaxxer.hikari.HikariConfig - metricsTrackerFactory...........none
13:10:14.191 [main] DEBUG com.zaxxer.hikari.HikariConfig - minimumIdle.....................5
13:10:14.191 [main] DEBUG com.zaxxer.hikari.HikariConfig - password........................<masked>
13:10:14.191 [main] DEBUG com.zaxxer.hikari.HikariConfig - poolName........................"frcpm-hikari-pool"
13:10:14.191 [main] DEBUG com.zaxxer.hikari.HikariConfig - readOnly........................false
13:10:14.191 [main] DEBUG com.zaxxer.hikari.HikariConfig - registerMbeans..................false
13:10:14.191 [main] DEBUG com.zaxxer.hikari.HikariConfig - scheduledExecutor...............none
13:10:14.191 [main] DEBUG com.zaxxer.hikari.HikariConfig - schema..........................none
13:10:14.191 [main] DEBUG com.zaxxer.hikari.HikariConfig - threadFactory...................internal
13:10:14.191 [main] DEBUG com.zaxxer.hikari.HikariConfig - transactionIsolation............default
13:10:14.191 [main] DEBUG com.zaxxer.hikari.HikariConfig - username........................"sa"
13:10:14.191 [main] DEBUG com.zaxxer.hikari.HikariConfig - validationTimeout...............5000
13:10:14.191 [main] INFO com.zaxxer.hikari.HikariDataSource - frcpm-hikari-pool - Starting...
13:10:14.192 [main] INFO com.zaxxer.hikari.pool.HikariPool - frcpm-hikari-pool - Added connection conn28: url=jdbc:h2:mem:testdb user=SA
13:10:14.192 [main] INFO com.zaxxer.hikari.HikariDataSource - frcpm-hikari-pool - Start completed.
13:10:14.197 [main] DEBUG org.hibernate.jpa.HibernatePersistenceProvider - Located and parsed 1 persistence units; checking each
13:10:14.197 [main] DEBUG org.hibernate.jpa.HibernatePersistenceProvider - Checking persistence-unit [name=frcpm, explicit-provider=org.hibernate.jpa.HibernatePersistenceProvider] against incoming persistence unit name [frcpm]
13:10:14.197 [main] DEBUG org.hibernate.jpa.boot.spi.ProviderChecker - Persistence-unit [frcpm] requested PersistenceProvider [org.hibernate.jpa.HibernatePersistenceProvider]
13:10:14.197 [main] DEBUG org.hibernate.jpa.internal.util.LogHelper - PersistenceUnitInfo [
	name: frcpm
	persistence provider classname: org.hibernate.jpa.HibernatePersistenceProvider
	classloader: null
	excludeUnlistedClasses: false
	JTA datasource: null
	Non JTA datasource: null
	Transaction type: RESOURCE_LOCAL
	PU root URL: file:/C:/Users/dhiebert/Local%20Repositories/Project%20Management%202.0/target/classes
	Shared Cache Mode: null
	Validation Mode: null
	Jar files URLs []
	Managed classes names [
		org.frcpm.models.Project
		org.frcpm.models.Subteam
		org.frcpm.models.TeamMember
		org.frcpm.models.Subsystem
		org.frcpm.models.Task
		org.frcpm.models.Component
		org.frcpm.models.Meeting
		org.frcpm.models.Attendance
		org.frcpm.models.Milestone]
	Mapping files names []
	Properties [
		hibernate.connection.handling_mode: DELAYED_ACQUISITION_AND_RELEASE_AFTER_STATEMENT
		jakarta.persistence.jdbc.url: jdbc:h2:mem:testdb;DB_CLOSE_DELAY=-1
		hibernate.jdbc.batch_versioned_data: true
		hibernate.cache.use_second_level_cache: false
		hibernate.show_sql: true
		jakarta.persistence.jdbc.driver: org.h2.Driver
		hibernate.jdbc.batch_size: 30
		jakarta.persistence.jdbc.user: sa
		hibernate.generate_statistics: false
		hibernate.hbm2ddl.auto: create-drop
		hibernate.cache.use_query_cache: false
		hibernate.hikari.maximumPoolSize: 10
		hibernate.hikari.idleTimeout: 30000
		hibernate.format_sql: true
		hibernate.hikari.minimumIdle: 2
		hibernate.use_sql_comments: true
		hibernate.order_inserts: true
		hibernate.current_session_context_class: thread
		hibernate.connection.provider_class: org.hibernate.hikaricp.internal.HikariCPConnectionProvider
		hibernate.hikari.connectionTimeout: 10000
		hibernate.hikari.poolName: FRC-PM-HikariCP
		hibernate.order_updates: true
		hibernate.dialect: org.hibernate.dialect.H2Dialect
		jakarta.persistence.jdbc.password: ]
13:10:14.198 [main] DEBUG org.hibernate.integrator.internal.IntegratorServiceImpl - Adding Integrator [org.hibernate.boot.beanvalidation.BeanValidationIntegrator].
13:10:14.198 [main] DEBUG org.hibernate.integrator.internal.IntegratorServiceImpl - Adding Integrator [org.hibernate.cache.internal.CollectionCacheInvalidator].
13:10:14.205 [main] DEBUG org.hibernate.orm.idgen.factory - Ignoring CDI for resolving IdentifierGenerator instances as extended or delayed CDI support was enabled
13:10:14.206 [main] DEBUG org.hibernate.orm.idgen.factory - Registering IdentifierGenerator strategy [uuid2] -> [org.hibernate.id.UUIDGenerator]
13:10:14.206 [main] DEBUG org.hibernate.orm.idgen.factory - Registering IdentifierGenerator strategy [guid] -> [org.hibernate.id.GUIDGenerator]
13:10:14.206 [main] DEBUG org.hibernate.orm.idgen.factory - Registering IdentifierGenerator strategy [uuid] -> [org.hibernate.id.UUIDHexGenerator]
13:10:14.206 [main] DEBUG org.hibernate.orm.idgen.factory - Registering IdentifierGenerator strategy [uuid.hex] -> [org.hibernate.id.UUIDHexGenerator]
13:10:14.206 [main] DEBUG org.hibernate.orm.idgen.factory - Registering IdentifierGenerator strategy [assigned] -> [org.hibernate.id.Assigned]
13:10:14.206 [main] DEBUG org.hibernate.orm.idgen.factory - Registering IdentifierGenerator strategy [identity] -> [org.hibernate.id.IdentityGenerator]
13:10:14.206 [main] DEBUG org.hibernate.orm.idgen.factory - Registering IdentifierGenerator strategy [select] -> [org.hibernate.id.SelectGenerator]
13:10:14.206 [main] DEBUG org.hibernate.orm.idgen.factory - Registering IdentifierGenerator strategy [sequence] -> [org.hibernate.id.enhanced.SequenceStyleGenerator]
13:10:14.206 [main] DEBUG org.hibernate.orm.idgen.factory - Registering IdentifierGenerator strategy [increment] -> [org.hibernate.id.IncrementGenerator]
13:10:14.206 [main] DEBUG org.hibernate.orm.idgen.factory - Registering IdentifierGenerator strategy [foreign] -> [org.hibernate.id.ForeignGenerator]
13:10:14.206 [main] DEBUG org.hibernate.orm.idgen.factory - Registering IdentifierGenerator strategy [enhanced-sequence] -> [org.hibernate.id.enhanced.SequenceStyleGenerator]
13:10:14.206 [main] DEBUG org.hibernate.orm.idgen.factory - Registering IdentifierGenerator strategy [enhanced-table] -> [org.hibernate.id.enhanced.TableGenerator]
13:10:14.206 [main] INFO org.hibernate.cache.internal.RegionFactoryInitiator - HHH000026: Second-level cache disabled
13:10:14.206 [main] DEBUG org.hibernate.type.BasicTypeRegistry - Adding type registration boolean -> org.hibernate.type.BasicTypeReference@26f46fa6
13:10:14.206 [main] DEBUG org.hibernate.type.BasicTypeRegistry - Adding type registration boolean -> org.hibernate.type.BasicTypeReference@26f46fa6
13:10:14.206 [main] DEBUG org.hibernate.type.BasicTypeRegistry - Adding type registration java.lang.Boolean -> org.hibernate.type.BasicTypeReference@26f46fa6
13:10:14.206 [main] DEBUG org.hibernate.type.BasicTypeRegistry - Adding type registration numeric_boolean -> org.hibernate.type.BasicTypeReference@227a47
13:10:14.206 [main] DEBUG org.hibernate.type.BasicTypeRegistry - Adding type registration org.hibernate.type.NumericBooleanConverter -> org.hibernate.type.BasicTypeReference@227a47
13:10:14.206 [main] DEBUG org.hibernate.type.BasicTypeRegistry - Adding type registration true_false -> org.hibernate.type.BasicTypeReference@9596ce8
13:10:14.206 [main] DEBUG org.hibernate.type.BasicTypeRegistry - Adding type registration org.hibernate.type.TrueFalseConverter -> org.hibernate.type.BasicTypeReference@9596ce8
13:10:14.206 [main] DEBUG org.hibernate.type.BasicTypeRegistry - Adding type registration yes_no -> org.hibernate.type.BasicTypeReference@75ae4a1f
13:10:14.206 [main] DEBUG org.hibernate.type.BasicTypeRegistry - Adding type registration org.hibernate.type.YesNoConverter -> org.hibernate.type.BasicTypeReference@75ae4a1f
13:10:14.206 [main] DEBUG org.hibernate.type.BasicTypeRegistry - Adding type registration byte -> org.hibernate.type.BasicTypeReference@70228253
13:10:14.206 [main] DEBUG org.hibernate.type.BasicTypeRegistry - Adding type registration byte -> org.hibernate.type.BasicTypeReference@70228253
13:10:14.206 [main] DEBUG org.hibernate.type.BasicTypeRegistry - Adding type registration java.lang.Byte -> org.hibernate.type.BasicTypeReference@70228253
13:10:14.206 [main] DEBUG org.hibernate.type.BasicTypeRegistry - Adding type registration binary -> org.hibernate.type.BasicTypeReference@63c12e52
13:10:14.206 [main] DEBUG org.hibernate.type.BasicTypeRegistry - Adding type registration byte[] -> org.hibernate.type.BasicTypeReference@63c12e52
13:10:14.206 [main] DEBUG org.hibernate.type.BasicTypeRegistry - Adding type registration [B -> org.hibernate.type.BasicTypeReference@63c12e52
13:10:14.206 [main] DEBUG org.hibernate.type.BasicTypeRegistry - Adding type registration binary_wrapper -> org.hibernate.type.BasicTypeReference@21bd20ee
13:10:14.206 [main] DEBUG org.hibernate.type.BasicTypeRegistry - Adding type registration wrapper-binary -> org.hibernate.type.BasicTypeReference@21bd20ee
13:10:14.206 [main] DEBUG org.hibernate.type.BasicTypeRegistry - Adding type registration image -> org.hibernate.type.BasicTypeReference@26c47874
13:10:14.206 [main] DEBUG org.hibernate.type.BasicTypeRegistry - Adding type registration blob -> org.hibernate.type.BasicTypeReference@421056e5
13:10:14.206 [main] DEBUG org.hibernate.type.BasicTypeRegistry - Adding type registration java.sql.Blob -> org.hibernate.type.BasicTypeReference@421056e5
13:10:14.206 [main] DEBUG org.hibernate.type.BasicTypeRegistry - Adding type registration materialized_blob -> org.hibernate.type.BasicTypeReference@2849434b
13:10:14.206 [main] DEBUG org.hibernate.type.BasicTypeRegistry - Adding type registration materialized_blob_wrapper -> org.hibernate.type.BasicTypeReference@60bbacfc
13:10:14.206 [main] DEBUG org.hibernate.type.BasicTypeRegistry - Adding type registration short -> org.hibernate.type.BasicTypeReference@65b97f47
13:10:14.206 [main] DEBUG org.hibernate.type.BasicTypeRegistry - Adding type registration short -> org.hibernate.type.BasicTypeReference@65b97f47
13:10:14.206 [main] DEBUG org.hibernate.type.BasicTypeRegistry - Adding type registration java.lang.Short -> org.hibernate.type.BasicTypeReference@65b97f47
13:10:14.206 [main] DEBUG org.hibernate.type.BasicTypeRegistry - Adding type registration integer -> org.hibernate.type.BasicTypeReference@255eaa6b
13:10:14.206 [main] DEBUG org.hibernate.type.BasicTypeRegistry - Adding type registration int -> org.hibernate.type.BasicTypeReference@255eaa6b
13:10:14.206 [main] DEBUG org.hibernate.type.BasicTypeRegistry - Adding type registration java.lang.Integer -> org.hibernate.type.BasicTypeReference@255eaa6b
13:10:14.206 [main] DEBUG org.hibernate.type.BasicTypeRegistry - Adding type registration long -> org.hibernate.type.BasicTypeReference@476fe690
13:10:14.206 [main] DEBUG org.hibernate.type.BasicTypeRegistry - Adding type registration long -> org.hibernate.type.BasicTypeReference@476fe690
13:10:14.206 [main] DEBUG org.hibernate.type.BasicTypeRegistry - Adding type registration java.lang.Long -> org.hibernate.type.BasicTypeReference@476fe690
13:10:14.206 [main] DEBUG org.hibernate.type.BasicTypeRegistry - Adding type registration float -> org.hibernate.type.BasicTypeReference@7a0e7ecd
13:10:14.206 [main] DEBUG org.hibernate.type.BasicTypeRegistry - Adding type registration float -> org.hibernate.type.BasicTypeReference@7a0e7ecd
13:10:14.206 [main] DEBUG org.hibernate.type.BasicTypeRegistry - Adding type registration java.lang.Float -> org.hibernate.type.BasicTypeReference@7a0e7ecd
13:10:14.206 [main] DEBUG org.hibernate.type.BasicTypeRegistry - Adding type registration double -> org.hibernate.type.BasicTypeReference@54e3658c
13:10:14.206 [main] DEBUG org.hibernate.type.BasicTypeRegistry - Adding type registration double -> org.hibernate.type.BasicTypeReference@54e3658c
13:10:14.206 [main] DEBUG org.hibernate.type.BasicTypeRegistry - Adding type registration java.lang.Double -> org.hibernate.type.BasicTypeReference@54e3658c
13:10:14.206 [main] DEBUG org.hibernate.type.BasicTypeRegistry - Adding type registration big_integer -> org.hibernate.type.BasicTypeReference@43e9089
13:10:14.206 [main] DEBUG org.hibernate.type.BasicTypeRegistry - Adding type registration java.math.BigInteger -> org.hibernate.type.BasicTypeReference@43e9089
13:10:14.206 [main] DEBUG org.hibernate.type.BasicTypeRegistry - Adding type registration big_decimal -> org.hibernate.type.BasicTypeReference@3c5dbdf8
13:10:14.206 [main] DEBUG org.hibernate.type.BasicTypeRegistry - Adding type registration java.math.BigDecimal -> org.hibernate.type.BasicTypeReference@3c5dbdf8
13:10:14.206 [main] DEBUG org.hibernate.type.BasicTypeRegistry - Adding type registration character -> org.hibernate.type.BasicTypeReference@352c44a8
13:10:14.206 [main] DEBUG org.hibernate.type.BasicTypeRegistry - Adding type registration char -> org.hibernate.type.BasicTypeReference@352c44a8
13:10:14.206 [main] DEBUG org.hibernate.type.BasicTypeRegistry - Adding type registration java.lang.Character -> org.hibernate.type.BasicTypeReference@352c44a8
13:10:14.206 [main] DEBUG org.hibernate.type.BasicTypeRegistry - Adding type registration character_nchar -> org.hibernate.type.BasicTypeReference@7aac8884
13:10:14.206 [main] DEBUG org.hibernate.type.BasicTypeRegistry - Adding type registration string -> org.hibernate.type.BasicTypeReference@a66e580
13:10:14.206 [main] DEBUG org.hibernate.type.BasicTypeRegistry - Adding type registration java.lang.String -> org.hibernate.type.BasicTypeReference@a66e580
13:10:14.206 [main] DEBUG org.hibernate.type.BasicTypeRegistry - Adding type registration nstring -> org.hibernate.type.BasicTypeReference@5b852b49
13:10:14.206 [main] DEBUG org.hibernate.type.BasicTypeRegistry - Adding type registration characters -> org.hibernate.type.BasicTypeReference@cdb2d95
13:10:14.206 [main] DEBUG org.hibernate.type.BasicTypeRegistry - Adding type registration char[] -> org.hibernate.type.BasicTypeReference@cdb2d95
13:10:14.206 [main] DEBUG org.hibernate.type.BasicTypeRegistry - Adding type registration [C -> org.hibernate.type.BasicTypeReference@cdb2d95
13:10:14.206 [main] DEBUG org.hibernate.type.BasicTypeRegistry - Adding type registration wrapper-characters -> org.hibernate.type.BasicTypeReference@122d6c22
13:10:14.206 [main] DEBUG org.hibernate.type.BasicTypeRegistry - Adding type registration text -> org.hibernate.type.BasicTypeReference@2f5ac102
13:10:14.206 [main] DEBUG org.hibernate.type.BasicTypeRegistry - Adding type registration ntext -> org.hibernate.type.BasicTypeReference@5df778c3
13:10:14.206 [main] DEBUG org.hibernate.type.BasicTypeRegistry - Adding type registration clob -> org.hibernate.type.BasicTypeReference@895416d
13:10:14.206 [main] DEBUG org.hibernate.type.BasicTypeRegistry - Adding type registration java.sql.Clob -> org.hibernate.type.BasicTypeReference@895416d
13:10:14.206 [main] DEBUG org.hibernate.type.BasicTypeRegistry - Adding type registration nclob -> org.hibernate.type.BasicTypeReference@71a06021
13:10:14.206 [main] DEBUG org.hibernate.type.BasicTypeRegistry - Adding type registration java.sql.NClob -> org.hibernate.type.BasicTypeReference@71a06021
13:10:14.206 [main] DEBUG org.hibernate.type.BasicTypeRegistry - Adding type registration materialized_clob -> org.hibernate.type.BasicTypeReference@80bfdc6
13:10:14.206 [main] DEBUG org.hibernate.type.BasicTypeRegistry - Adding type registration materialized_clob_char_array -> org.hibernate.type.BasicTypeReference@6edcad64
13:10:14.206 [main] DEBUG org.hibernate.type.BasicTypeRegistry - Adding type registration materialized_clob_character_array -> org.hibernate.type.BasicTypeReference@4c6007fb
13:10:14.206 [main] DEBUG org.hibernate.type.BasicTypeRegistry - Adding type registration materialized_nclob -> org.hibernate.type.BasicTypeReference@3e33d73e
13:10:14.206 [main] DEBUG org.hibernate.type.BasicTypeRegistry - Adding type registration materialized_nclob_character_array -> org.hibernate.type.BasicTypeReference@6981f8f3
13:10:14.206 [main] DEBUG org.hibernate.type.BasicTypeRegistry - Adding type registration materialized_nclob_char_array -> org.hibernate.type.BasicTypeReference@623dcf2a
13:10:14.206 [main] DEBUG org.hibernate.type.BasicTypeRegistry - Adding type registration Duration -> org.hibernate.type.BasicTypeReference@2eae4349
13:10:14.206 [main] DEBUG org.hibernate.type.BasicTypeRegistry - Adding type registration java.time.Duration -> org.hibernate.type.BasicTypeReference@2eae4349
13:10:14.206 [main] DEBUG org.hibernate.type.BasicTypeRegistry - Adding type registration LocalDateTime -> org.hibernate.type.BasicTypeReference@e84fb85
13:10:14.206 [main] DEBUG org.hibernate.type.BasicTypeRegistry - Adding type registration java.time.LocalDateTime -> org.hibernate.type.BasicTypeReference@e84fb85
13:10:14.206 [main] DEBUG org.hibernate.type.BasicTypeRegistry - Adding type registration LocalDate -> org.hibernate.type.BasicTypeReference@68a4dcc6
13:10:14.206 [main] DEBUG org.hibernate.type.BasicTypeRegistry - Adding type registration java.time.LocalDate -> org.hibernate.type.BasicTypeReference@68a4dcc6
13:10:14.206 [main] DEBUG org.hibernate.type.BasicTypeRegistry - Adding type registration LocalTime -> org.hibernate.type.BasicTypeReference@646c0a67
13:10:14.206 [main] DEBUG org.hibernate.type.BasicTypeRegistry - Adding type registration java.time.LocalTime -> org.hibernate.type.BasicTypeReference@646c0a67
13:10:14.206 [main] DEBUG org.hibernate.type.BasicTypeRegistry - Adding type registration OffsetDateTime -> org.hibernate.type.BasicTypeReference@3804a9a8
13:10:14.206 [main] DEBUG org.hibernate.type.BasicTypeRegistry - Adding type registration java.time.OffsetDateTime -> org.hibernate.type.BasicTypeReference@3804a9a8
13:10:14.206 [main] DEBUG org.hibernate.type.BasicTypeRegistry - Adding type registration OffsetDateTimeWithTimezone -> org.hibernate.type.BasicTypeReference@117525fe
13:10:14.206 [main] DEBUG org.hibernate.type.BasicTypeRegistry - Adding type registration OffsetDateTimeWithoutTimezone -> org.hibernate.type.BasicTypeReference@5f7989fa
13:10:14.206 [main] DEBUG org.hibernate.type.BasicTypeRegistry - Adding type registration OffsetTime -> org.hibernate.type.BasicTypeReference@5bc28f40
13:10:14.206 [main] DEBUG org.hibernate.type.BasicTypeRegistry - Adding type registration java.time.OffsetTime -> org.hibernate.type.BasicTypeReference@5bc28f40
13:10:14.206 [main] DEBUG org.hibernate.type.BasicTypeRegistry - Adding type registration OffsetTimeUtc -> org.hibernate.type.BasicTypeReference@46963479
13:10:14.206 [main] DEBUG org.hibernate.type.BasicTypeRegistry - Adding type registration OffsetTimeWithTimezone -> org.hibernate.type.BasicTypeReference@7e74a380
13:10:14.206 [main] DEBUG org.hibernate.type.BasicTypeRegistry - Adding type registration OffsetTimeWithoutTimezone -> org.hibernate.type.BasicTypeReference@6dd1c3ed
13:10:14.206 [main] DEBUG org.hibernate.type.BasicTypeRegistry - Adding type registration ZonedDateTime -> org.hibernate.type.BasicTypeReference@22a6e998
13:10:14.206 [main] DEBUG org.hibernate.type.BasicTypeRegistry - Adding type registration java.time.ZonedDateTime -> org.hibernate.type.BasicTypeReference@22a6e998
13:10:14.206 [main] DEBUG org.hibernate.type.BasicTypeRegistry - Adding type registration ZonedDateTimeWithTimezone -> org.hibernate.type.BasicTypeReference@55e42449
13:10:14.206 [main] DEBUG org.hibernate.type.BasicTypeRegistry - Adding type registration ZonedDateTimeWithoutTimezone -> org.hibernate.type.BasicTypeReference@e57e5d6
13:10:14.206 [main] DEBUG org.hibernate.type.BasicTypeRegistry - Adding type registration date -> org.hibernate.type.BasicTypeReference@6dfa915a
13:10:14.206 [main] DEBUG org.hibernate.type.BasicTypeRegistry - Adding type registration java.sql.Date -> org.hibernate.type.BasicTypeReference@6dfa915a
13:10:14.206 [main] DEBUG org.hibernate.type.BasicTypeRegistry - Adding type registration time -> org.hibernate.type.BasicTypeReference@78054f54
13:10:14.206 [main] DEBUG org.hibernate.type.BasicTypeRegistry - Adding type registration java.sql.Time -> org.hibernate.type.BasicTypeReference@78054f54
13:10:14.206 [main] DEBUG org.hibernate.type.BasicTypeRegistry - Adding type registration timestamp -> org.hibernate.type.BasicTypeReference@cb7fa71
13:10:14.206 [main] DEBUG org.hibernate.type.BasicTypeRegistry - Adding type registration java.sql.Timestamp -> org.hibernate.type.BasicTypeReference@cb7fa71
13:10:14.206 [main] DEBUG org.hibernate.type.BasicTypeRegistry - Adding type registration java.util.Date -> org.hibernate.type.BasicTypeReference@cb7fa71
13:10:14.206 [main] DEBUG org.hibernate.type.BasicTypeRegistry - Adding type registration calendar -> org.hibernate.type.BasicTypeReference@3dffc764
13:10:14.206 [main] DEBUG org.hibernate.type.BasicTypeRegistry - Adding type registration java.util.Calendar -> org.hibernate.type.BasicTypeReference@3dffc764
13:10:14.206 [main] DEBUG org.hibernate.type.BasicTypeRegistry - Adding type registration java.util.GregorianCalendar -> org.hibernate.type.BasicTypeReference@3dffc764
13:10:14.206 [main] DEBUG org.hibernate.type.BasicTypeRegistry - Adding type registration calendar_date -> org.hibernate.type.BasicTypeReference@4b6e1c0
13:10:14.206 [main] DEBUG org.hibernate.type.BasicTypeRegistry - Adding type registration calendar_time -> org.hibernate.type.BasicTypeReference@561b61ed
13:10:14.206 [main] DEBUG org.hibernate.type.BasicTypeRegistry - Adding type registration instant -> org.hibernate.type.BasicTypeReference@654c7d2d
13:10:14.206 [main] DEBUG org.hibernate.type.BasicTypeRegistry - Adding type registration java.time.Instant -> org.hibernate.type.BasicTypeReference@654c7d2d
13:10:14.206 [main] DEBUG org.hibernate.type.BasicTypeRegistry - Adding type registration uuid -> org.hibernate.type.BasicTypeReference@26cb5207
13:10:14.206 [main] DEBUG org.hibernate.type.BasicTypeRegistry - Adding type registration java.util.UUID -> org.hibernate.type.BasicTypeReference@26cb5207
13:10:14.206 [main] DEBUG org.hibernate.type.BasicTypeRegistry - Adding type registration pg-uuid -> org.hibernate.type.BasicTypeReference@26cb5207
13:10:14.206 [main] DEBUG org.hibernate.type.BasicTypeRegistry - Adding type registration uuid-binary -> org.hibernate.type.BasicTypeReference@15400fff
13:10:14.206 [main] DEBUG org.hibernate.type.BasicTypeRegistry - Adding type registration uuid-char -> org.hibernate.type.BasicTypeReference@18d910b3
13:10:14.206 [main] DEBUG org.hibernate.type.BasicTypeRegistry - Adding type registration class -> org.hibernate.type.BasicTypeReference@1e7ab390
13:10:14.206 [main] DEBUG org.hibernate.type.BasicTypeRegistry - Adding type registration java.lang.Class -> org.hibernate.type.BasicTypeReference@1e7ab390
13:10:14.206 [main] DEBUG org.hibernate.type.BasicTypeRegistry - Adding type registration currency -> org.hibernate.type.BasicTypeReference@77774571
13:10:14.206 [main] DEBUG org.hibernate.type.BasicTypeRegistry - Adding type registration Currency -> org.hibernate.type.BasicTypeReference@77774571
13:10:14.206 [main] DEBUG org.hibernate.type.BasicTypeRegistry - Adding type registration java.util.Currency -> org.hibernate.type.BasicTypeReference@77774571
13:10:14.206 [main] DEBUG org.hibernate.type.BasicTypeRegistry - Adding type registration locale -> org.hibernate.type.BasicTypeReference@277b8fa4
13:10:14.206 [main] DEBUG org.hibernate.type.BasicTypeRegistry - Adding type registration java.util.Locale -> org.hibernate.type.BasicTypeReference@277b8fa4
13:10:14.206 [main] DEBUG org.hibernate.type.BasicTypeRegistry - Adding type registration serializable -> org.hibernate.type.BasicTypeReference@6cd64ee8
13:10:14.206 [main] DEBUG org.hibernate.type.BasicTypeRegistry - Adding type registration java.io.Serializable -> org.hibernate.type.BasicTypeReference@6cd64ee8
13:10:14.206 [main] DEBUG org.hibernate.type.BasicTypeRegistry - Adding type registration timezone -> org.hibernate.type.BasicTypeReference@620c8641
13:10:14.206 [main] DEBUG org.hibernate.type.BasicTypeRegistry - Adding type registration java.util.TimeZone -> org.hibernate.type.BasicTypeReference@620c8641
13:10:14.206 [main] DEBUG org.hibernate.type.BasicTypeRegistry - Adding type registration ZoneOffset -> org.hibernate.type.BasicTypeReference@2f1d0bbc
13:10:14.206 [main] DEBUG org.hibernate.type.BasicTypeRegistry - Adding type registration java.time.ZoneOffset -> org.hibernate.type.BasicTypeReference@2f1d0bbc
13:10:14.206 [main] DEBUG org.hibernate.type.BasicTypeRegistry - Adding type registration url -> org.hibernate.type.BasicTypeReference@5460b754
13:10:14.206 [main] DEBUG org.hibernate.type.BasicTypeRegistry - Adding type registration java.net.URL -> org.hibernate.type.BasicTypeReference@5460b754
13:10:14.206 [main] DEBUG org.hibernate.type.BasicTypeRegistry - Adding type registration vector -> org.hibernate.type.BasicTypeReference@a9f023e
13:10:14.206 [main] DEBUG org.hibernate.type.BasicTypeRegistry - Adding type registration row_version -> org.hibernate.type.BasicTypeReference@c27a3a2
13:10:14.206 [main] DEBUG org.hibernate.type.BasicTypeRegistry - Adding type registration object -> org.hibernate.type.JavaObjectType@28da7d11
13:10:14.206 [main] DEBUG org.hibernate.type.BasicTypeRegistry - Adding type registration java.lang.Object -> org.hibernate.type.JavaObjectType@28da7d11
13:10:14.206 [main] DEBUG org.hibernate.type.BasicTypeRegistry - Adding type registration null -> org.hibernate.type.NullType@4faa298
13:10:14.206 [main] DEBUG org.hibernate.type.BasicTypeRegistry - Adding type registration imm_date -> org.hibernate.type.BasicTypeReference@647ea319
13:10:14.206 [main] DEBUG org.hibernate.type.BasicTypeRegistry - Adding type registration imm_time -> org.hibernate.type.BasicTypeReference@b9271b6
13:10:14.206 [main] DEBUG org.hibernate.type.BasicTypeRegistry - Adding type registration imm_timestamp -> org.hibernate.type.BasicTypeReference@9736d7e
13:10:14.206 [main] DEBUG org.hibernate.type.BasicTypeRegistry - Adding type registration imm_calendar -> org.hibernate.type.BasicTypeReference@5c608988
13:10:14.206 [main] DEBUG org.hibernate.type.BasicTypeRegistry - Adding type registration imm_calendar_date -> org.hibernate.type.BasicTypeReference@4d979f76
13:10:14.206 [main] DEBUG org.hibernate.type.BasicTypeRegistry - Adding type registration imm_calendar_time -> org.hibernate.type.BasicTypeReference@559048b3
13:10:14.206 [main] DEBUG org.hibernate.type.BasicTypeRegistry - Adding type registration imm_binary -> org.hibernate.type.BasicTypeReference@471ac7e2
13:10:14.206 [main] DEBUG org.hibernate.type.BasicTypeRegistry - Adding type registration imm_serializable -> org.hibernate.type.BasicTypeReference@1fee3a40
13:10:14.207 [main] DEBUG org.hibernate.boot.internal.BootstrapContextImpl - Injecting ScanEnvironment [org.hibernate.jpa.boot.internal.StandardJpaScanEnvironmentImpl@6e737ae4] into BootstrapContext; was [null]
13:10:14.207 [main] DEBUG org.hibernate.boot.internal.BootstrapContextImpl - Injecting ScanOptions [org.hibernate.boot.archive.scan.internal.StandardScanOptions@39716249] into BootstrapContext; was [org.hibernate.boot.archive.scan.internal.StandardScanOptions@28459752]
13:10:14.299 [frcpm-hikari-pool housekeeper] DEBUG com.zaxxer.hikari.pool.HikariPool - frcpm-hikari-pool - Before cleanup stats (total=1, active=0, idle=1, waiting=0)
13:10:14.299 [frcpm-hikari-pool housekeeper] DEBUG com.zaxxer.hikari.pool.HikariPool - frcpm-hikari-pool - After cleanup  stats (total=1, active=0, idle=1, waiting=0)
13:10:14.300 [frcpm-hikari-pool connection adder] DEBUG com.zaxxer.hikari.pool.HikariPool - frcpm-hikari-pool - Added connection conn29: url=jdbc:h2:mem:testdb user=SA
13:10:14.304 [main] DEBUG org.hibernate.boot.internal.BootstrapContextImpl - Injecting JPA temp ClassLoader [null] into BootstrapContext; was [null]
13:10:14.304 [main] DEBUG org.hibernate.boot.internal.ClassLoaderAccessImpl - ClassLoaderAccessImpl#injectTempClassLoader(null) [was null]
13:10:14.304 [main] INFO org.hibernate.engine.jdbc.connections.internal.ConnectionProviderInitiator - HHH000130: Instantiating explicit connection provider: org.hibernate.hikaricp.internal.HikariCPConnectionProvider
13:10:14.304 [main] DEBUG org.hibernate.hikaricp.internal.HikariCPConnectionProvider - Configuring HikariCP
13:10:14.304 [main] DEBUG com.zaxxer.hikari.HikariConfig - Driver class org.h2.Driver found in Thread context class loader jdk.internal.loader.ClassLoaders$AppClassLoader@70dea4e
13:10:14.305 [main] DEBUG com.zaxxer.hikari.HikariConfig - FRC-PM-HikariCP - configuration:
13:10:14.305 [main] DEBUG com.zaxxer.hikari.HikariConfig - allowPoolSuspension.............false
13:10:14.305 [main] DEBUG com.zaxxer.hikari.HikariConfig - autoCommit......................true
13:10:14.305 [main] DEBUG com.zaxxer.hikari.HikariConfig - catalog.........................none
13:10:14.305 [main] DEBUG com.zaxxer.hikari.HikariConfig - connectionInitSql...............none
13:10:14.305 [main] DEBUG com.zaxxer.hikari.HikariConfig - connectionTestQuery.............none
13:10:14.305 [main] DEBUG com.zaxxer.hikari.HikariConfig - connectionTimeout...............10000
13:10:14.305 [main] DEBUG com.zaxxer.hikari.HikariConfig - dataSource......................none
13:10:14.305 [main] DEBUG com.zaxxer.hikari.HikariConfig - dataSourceClassName.............none
13:10:14.305 [main] DEBUG com.zaxxer.hikari.HikariConfig - dataSourceJNDI..................none
13:10:14.305 [main] DEBUG com.zaxxer.hikari.HikariConfig - dataSourceProperties............{password=<masked>}
13:10:14.305 [main] DEBUG com.zaxxer.hikari.HikariConfig - driverClassName................."org.h2.Driver"
13:10:14.305 [main] DEBUG com.zaxxer.hikari.HikariConfig - exceptionOverrideClassName......none
13:10:14.305 [main] DEBUG com.zaxxer.hikari.HikariConfig - healthCheckProperties...........{}
13:10:14.305 [main] DEBUG com.zaxxer.hikari.HikariConfig - healthCheckRegistry.............none
13:10:14.305 [main] DEBUG com.zaxxer.hikari.HikariConfig - idleTimeout.....................30000
13:10:14.305 [main] DEBUG com.zaxxer.hikari.HikariConfig - initializationFailTimeout.......1
13:10:14.305 [main] DEBUG com.zaxxer.hikari.HikariConfig - isolateInternalQueries..........false
13:10:14.305 [main] DEBUG com.zaxxer.hikari.HikariConfig - jdbcUrl.........................jdbc:h2:mem:testdb;DB_CLOSE_DELAY=-1
13:10:14.305 [main] DEBUG com.zaxxer.hikari.HikariConfig - keepaliveTime...................0
13:10:14.305 [main] DEBUG com.zaxxer.hikari.HikariConfig - leakDetectionThreshold..........0
13:10:14.305 [main] DEBUG com.zaxxer.hikari.HikariConfig - maxLifetime.....................1800000
13:10:14.305 [main] DEBUG com.zaxxer.hikari.HikariConfig - maximumPoolSize.................10
13:10:14.305 [main] DEBUG com.zaxxer.hikari.HikariConfig - metricRegistry..................none
13:10:14.305 [main] DEBUG com.zaxxer.hikari.HikariConfig - metricsTrackerFactory...........none
13:10:14.305 [main] DEBUG com.zaxxer.hikari.HikariConfig - minimumIdle.....................2
13:10:14.305 [main] DEBUG com.zaxxer.hikari.HikariConfig - password........................<masked>
13:10:14.305 [main] DEBUG com.zaxxer.hikari.HikariConfig - poolName........................"FRC-PM-HikariCP"
13:10:14.305 [main] DEBUG com.zaxxer.hikari.HikariConfig - readOnly........................false
13:10:14.305 [main] DEBUG com.zaxxer.hikari.HikariConfig - registerMbeans..................false
13:10:14.305 [main] DEBUG com.zaxxer.hikari.HikariConfig - scheduledExecutor...............none
13:10:14.305 [main] DEBUG com.zaxxer.hikari.HikariConfig - schema..........................none
13:10:14.305 [main] DEBUG com.zaxxer.hikari.HikariConfig - threadFactory...................internal
13:10:14.305 [main] DEBUG com.zaxxer.hikari.HikariConfig - transactionIsolation............default
13:10:14.305 [main] DEBUG com.zaxxer.hikari.HikariConfig - username........................"sa"
13:10:14.305 [main] DEBUG com.zaxxer.hikari.HikariConfig - validationTimeout...............5000
13:10:14.305 [main] INFO com.zaxxer.hikari.HikariDataSource - FRC-PM-HikariCP - Starting...
13:10:14.306 [main] INFO com.zaxxer.hikari.pool.HikariPool - FRC-PM-HikariCP - Added connection conn30: url=jdbc:h2:mem:testdb user=SA
13:10:14.306 [main] INFO com.zaxxer.hikari.HikariDataSource - FRC-PM-HikariCP - Start completed.
13:10:14.306 [main] DEBUG org.hibernate.hikaricp.internal.HikariCPConnectionProvider - HikariCP Configured
13:10:14.306 [main] DEBUG org.hibernate.engine.jdbc.env.internal.JdbcEnvironmentInitiator - Database ->
	   name : H2
	version : 2.2.224 (2023-09-17)
	  major : 2
	  minor : 2
13:10:14.306 [main] DEBUG org.hibernate.engine.jdbc.env.internal.JdbcEnvironmentInitiator - Driver ->
	   name : H2 JDBC Driver
	version : 2.2.224 (2023-09-17)
	  major : 2
	  minor : 2
13:10:14.306 [main] DEBUG org.hibernate.engine.jdbc.env.internal.JdbcEnvironmentInitiator - JDBC version : 4.2
13:10:14.306 [main] WARN org.hibernate.orm.deprecation - HHH90000025: H2Dialect does not need to be specified explicitly using 'hibernate.dialect' (remove the property setting and it will be selected by default)
13:10:14.306 [main] DEBUG org.hibernate.orm.dialect - HHH035001: Using dialect: org.hibernate.dialect.H2Dialect, version: 2.2.224
13:10:14.306 [main] DEBUG org.hibernate.engine.jdbc.env.spi.IdentifierHelperBuilder - JDBC driver metadata reported database stores quoted identifiers in neither upper, lower nor mixed case
13:10:14.307 [main] DEBUG org.hibernate.type.descriptor.jdbc.spi.JdbcTypeRegistry - addDescriptor(NCharTypeDescriptor) replaced previous registration(CharTypeDescriptor)
13:10:14.307 [main] DEBUG org.hibernate.type.descriptor.jdbc.spi.JdbcTypeRegistry - addDescriptor(NVarcharTypeDescriptor) replaced previous registration(VarcharTypeDescriptor)
13:10:14.307 [main] DEBUG org.hibernate.type.descriptor.jdbc.spi.JdbcTypeRegistry - addDescriptor(LongNVarcharTypeDescriptor) replaced previous registration(LongVarcharTypeDescriptor)
13:10:14.307 [main] DEBUG org.hibernate.type.descriptor.jdbc.spi.JdbcTypeRegistry - addDescriptor(NClobTypeDescriptor(DEFAULT)) replaced previous registration(ClobTypeDescriptor(DEFAULT))
13:10:14.307 [main] DEBUG org.hibernate.type.descriptor.jdbc.spi.JdbcTypeRegistry - addDescriptor(2005, ClobTypeDescriptor(STREAM_BINDING)) replaced previous registration(ClobTypeDescriptor(DEFAULT))
13:10:14.307 [main] DEBUG org.hibernate.type.descriptor.jdbc.spi.JdbcTypeRegistry - addDescriptor(TimestampUtcDescriptor) replaced previous registration(TimestampUtcDescriptor)
13:10:14.307 [main] DEBUG org.hibernate.type.BasicTypeRegistry - Adding type registration org.hibernate.type.DurationType -> basicType@93(java.time.Duration,3015)
13:10:14.307 [main] DEBUG org.hibernate.type.BasicTypeRegistry - Adding type registration Duration -> basicType@93(java.time.Duration,3015)
13:10:14.307 [main] DEBUG org.hibernate.type.BasicTypeRegistry - Adding type registration java.time.Duration -> basicType@93(java.time.Duration,3015)
13:10:14.307 [main] DEBUG org.hibernate.type.spi.TypeConfiguration$Scope - Scoping TypeConfiguration [org.hibernate.type.spi.TypeConfiguration@665cb192] to MetadataBuildingContext [org.hibernate.boot.internal.MetadataBuildingContextRootImpl@63f562b8]
13:10:14.307 [main] DEBUG org.hibernate.boot.model.relational.Namespace - Created database namespace [logicalName=Name{catalog=null, schema=null}, physicalName=Name{catalog=null, schema=null}]
13:10:14.309 [main] DEBUG org.hibernate.boot.model.internal.EntityBinder - Binding entity from annotated class: org.frcpm.models.Attendance
13:10:14.309 [main] DEBUG org.hibernate.boot.model.internal.EntityBinder - Import with entity name Attendance
13:10:14.309 [main] DEBUG org.hibernate.boot.model.internal.EntityBinder - Bind entity org.frcpm.models.Attendance on table attendances
13:10:14.309 [main] DEBUG org.hibernate.boot.model.internal.AnnotatedColumn - Binding column: AnnotatedDiscriminatorColumn(column='DTYPE')
13:10:14.310 [main] DEBUG org.hibernate.boot.model.internal.AnnotatedColumn - Binding column: AnnotatedColumn()
13:10:14.310 [main] DEBUG org.hibernate.boot.internal.ClassLoaderAccessImpl - Not known whether passed class name [org.frcpm.models.Attendance] is safe
13:10:14.310 [main] DEBUG org.hibernate.boot.internal.ClassLoaderAccessImpl - No temp ClassLoader provided; using live ClassLoader for loading potentially unsafe class : org.frcpm.models.Attendance
13:10:14.310 [main] DEBUG org.hibernate.boot.model.internal.PropertyBinder - MetadataSourceProcessor property id with lazy=false
13:10:14.310 [main] DEBUG org.hibernate.boot.model.internal.AbstractPropertyHolder - Attempting to locate auto-apply AttributeConverter for property [org.frcpm.models.Attendance:id]
13:10:14.310 [main] DEBUG org.hibernate.boot.model.internal.BasicValueBinder - building BasicValue for id
13:10:14.310 [main] DEBUG org.hibernate.mapping.BasicValue - Skipping column re-registration: attendances.id
13:10:14.310 [main] DEBUG org.hibernate.boot.model.internal.PropertyBinder - Building property id
13:10:14.310 [main] DEBUG org.hibernate.boot.model.internal.BinderHelper - #makeIdGenerator(BasicValue([Column(id)]), id, identity, , ...)
13:10:14.310 [main] DEBUG org.hibernate.boot.model.internal.AnnotatedColumn - Binding column: AnnotatedColumn(column='arrival_time')
13:10:14.310 [main] DEBUG org.hibernate.boot.model.internal.PropertyBinder - MetadataSourceProcessor property arrivalTime with lazy=false
13:10:14.310 [main] DEBUG org.hibernate.boot.model.internal.AbstractPropertyHolder - Attempting to locate auto-apply AttributeConverter for property [org.frcpm.models.Attendance:arrivalTime]
13:10:14.310 [main] DEBUG org.hibernate.boot.model.internal.BasicValueBinder - building BasicValue for arrivalTime
13:10:14.310 [main] DEBUG org.hibernate.mapping.BasicValue - Skipping column re-registration: attendances.arrival_time
13:10:14.310 [main] DEBUG org.hibernate.boot.model.internal.PropertyBinder - Building property arrivalTime
13:10:14.310 [main] DEBUG org.hibernate.boot.model.internal.AnnotatedColumn - Binding column: AnnotatedColumn(column='departure_time')
13:10:14.310 [main] DEBUG org.hibernate.boot.model.internal.PropertyBinder - MetadataSourceProcessor property departureTime with lazy=false
13:10:14.310 [main] DEBUG org.hibernate.boot.model.internal.AbstractPropertyHolder - Attempting to locate auto-apply AttributeConverter for property [org.frcpm.models.Attendance:departureTime]
13:10:14.310 [main] DEBUG org.hibernate.boot.model.internal.BasicValueBinder - building BasicValue for departureTime
13:10:14.310 [main] DEBUG org.hibernate.mapping.BasicValue - Skipping column re-registration: attendances.departure_time
13:10:14.310 [main] DEBUG org.hibernate.boot.model.internal.PropertyBinder - Building property departureTime
13:10:14.310 [main] DEBUG org.hibernate.boot.model.internal.AnnotatedColumn - Binding column: AnnotatedJoinColumn(column='meeting_id')
13:10:14.310 [main] DEBUG org.hibernate.boot.model.internal.AnnotatedColumn - Binding column: AnnotatedColumn()
13:10:14.310 [main] DEBUG org.hibernate.boot.model.internal.PropertyBinder - Building property meeting
13:10:14.310 [main] DEBUG org.hibernate.boot.model.internal.AnnotatedColumn - Binding column: AnnotatedJoinColumn(column='member_id')
13:10:14.310 [main] DEBUG org.hibernate.boot.model.internal.AnnotatedColumn - Binding column: AnnotatedColumn()
13:10:14.310 [main] DEBUG org.hibernate.boot.model.internal.PropertyBinder - Building property member
13:10:14.310 [main] DEBUG org.hibernate.boot.model.internal.AnnotatedColumn - Binding column: AnnotatedColumn(column='present')
13:10:14.310 [main] DEBUG org.hibernate.boot.model.internal.PropertyBinder - MetadataSourceProcessor property present with lazy=false
13:10:14.310 [main] DEBUG org.hibernate.boot.model.internal.AbstractPropertyHolder - Attempting to locate auto-apply AttributeConverter for property [org.frcpm.models.Attendance:present]
13:10:14.310 [main] DEBUG org.hibernate.boot.model.internal.BasicValueBinder - building BasicValue for present
13:10:14.311 [main] DEBUG org.hibernate.mapping.BasicValue - Skipping column re-registration: attendances.present
13:10:14.311 [main] DEBUG org.hibernate.boot.model.internal.PropertyBinder - Building property present
13:10:14.311 [main] DEBUG org.hibernate.boot.registry.classloading.internal.ClassLoaderServiceImpl - HHH000194: Package not found or no package-info.java: org.frcpm.models
13:10:14.311 [main] DEBUG org.hibernate.boot.model.internal.EntityBinder - Binding entity from annotated class: org.frcpm.models.Meeting
13:10:14.311 [main] DEBUG org.hibernate.boot.model.internal.EntityBinder - Import with entity name Meeting
13:10:14.311 [main] DEBUG org.hibernate.boot.model.internal.EntityBinder - Bind entity org.frcpm.models.Meeting on table meetings
13:10:14.311 [main] DEBUG org.hibernate.boot.model.internal.AnnotatedColumn - Binding column: AnnotatedDiscriminatorColumn(column='DTYPE')
13:10:14.312 [main] DEBUG org.hibernate.boot.model.internal.AnnotatedColumn - Binding column: AnnotatedColumn()
13:10:14.312 [main] DEBUG org.hibernate.boot.internal.ClassLoaderAccessImpl - Not known whether passed class name [org.frcpm.models.Meeting] is safe
13:10:14.312 [main] DEBUG org.hibernate.boot.internal.ClassLoaderAccessImpl - No temp ClassLoader provided; using live ClassLoader for loading potentially unsafe class : org.frcpm.models.Meeting
13:10:14.312 [main] DEBUG org.hibernate.boot.model.internal.PropertyBinder - MetadataSourceProcessor property id with lazy=false
13:10:14.312 [main] DEBUG org.hibernate.boot.model.internal.AbstractPropertyHolder - Attempting to locate auto-apply AttributeConverter for property [org.frcpm.models.Meeting:id]
13:10:14.312 [main] DEBUG org.hibernate.boot.model.internal.BasicValueBinder - building BasicValue for id
13:10:14.312 [main] DEBUG org.hibernate.mapping.BasicValue - Skipping column re-registration: meetings.id
13:10:14.312 [main] DEBUG org.hibernate.boot.model.internal.PropertyBinder - Building property id
13:10:14.312 [main] DEBUG org.hibernate.boot.model.internal.BinderHelper - #makeIdGenerator(BasicValue([Column(id)]), id, identity, , ...)
13:10:14.312 [main] DEBUG org.hibernate.boot.model.internal.AnnotatedColumn - Binding column: AnnotatedJoinColumn()
13:10:14.312 [main] DEBUG org.hibernate.boot.model.internal.AnnotatedColumn - Binding column: AnnotatedColumn()
13:10:14.312 [main] DEBUG org.hibernate.boot.model.internal.AnnotatedColumn - Binding column: IndexColumn(column='attendances_ORDER')
13:10:14.312 [main] DEBUG org.hibernate.boot.model.internal.AnnotatedColumn - Binding column: AnnotatedColumn()
13:10:14.312 [main] DEBUG org.hibernate.boot.model.internal.AnnotatedColumn - Binding column: AnnotatedColumn(column='attendances_KEY')
13:10:14.312 [main] DEBUG org.hibernate.boot.model.internal.AnnotatedColumn - Binding column: AnnotatedJoinColumn(column='attendances_KEY')
13:10:14.312 [main] DEBUG org.hibernate.boot.model.internal.AnnotatedColumn - Binding column: AnnotatedJoinColumn()
13:10:14.312 [main] DEBUG org.hibernate.boot.model.internal.AnnotatedColumn - Binding column: AnnotatedJoinColumn()
13:10:14.312 [main] DEBUG org.hibernate.boot.model.internal.CollectionBinder - Collection role: org.frcpm.models.Meeting.attendances
13:10:14.312 [main] DEBUG org.hibernate.boot.model.internal.PropertyBinder - Building property attendances
13:10:14.312 [main] DEBUG org.hibernate.boot.model.internal.AnnotatedColumn - Binding column: AnnotatedColumn(column='date')
13:10:14.312 [main] DEBUG org.hibernate.boot.model.internal.PropertyBinder - MetadataSourceProcessor property date with lazy=false
13:10:14.312 [main] DEBUG org.hibernate.boot.model.internal.AbstractPropertyHolder - Attempting to locate auto-apply AttributeConverter for property [org.frcpm.models.Meeting:date]
13:10:14.312 [main] DEBUG org.hibernate.boot.model.internal.BasicValueBinder - building BasicValue for date
13:10:14.312 [main] DEBUG org.hibernate.mapping.BasicValue - Skipping column re-registration: meetings.date
13:10:14.312 [main] DEBUG org.hibernate.boot.model.internal.PropertyBinder - Building property date
13:10:14.312 [main] DEBUG org.hibernate.boot.model.internal.AnnotatedColumn - Binding column: AnnotatedColumn(column='end_time')
13:10:14.312 [main] DEBUG org.hibernate.boot.model.internal.PropertyBinder - MetadataSourceProcessor property endTime with lazy=false
13:10:14.312 [main] DEBUG org.hibernate.boot.model.internal.AbstractPropertyHolder - Attempting to locate auto-apply AttributeConverter for property [org.frcpm.models.Meeting:endTime]
13:10:14.312 [main] DEBUG org.hibernate.boot.model.internal.BasicValueBinder - building BasicValue for endTime
13:10:14.312 [main] DEBUG org.hibernate.mapping.BasicValue - Skipping column re-registration: meetings.end_time
13:10:14.312 [main] DEBUG org.hibernate.boot.model.internal.PropertyBinder - Building property endTime
13:10:14.312 [main] DEBUG org.hibernate.boot.model.internal.AnnotatedColumn - Binding column: AnnotatedColumn(column='notes')
13:10:14.312 [main] DEBUG org.hibernate.boot.model.internal.PropertyBinder - MetadataSourceProcessor property notes with lazy=false
13:10:14.312 [main] DEBUG org.hibernate.boot.model.internal.AbstractPropertyHolder - Attempting to locate auto-apply AttributeConverter for property [org.frcpm.models.Meeting:notes]
13:10:14.312 [main] DEBUG org.hibernate.boot.model.internal.BasicValueBinder - building BasicValue for notes
13:10:14.312 [main] DEBUG org.hibernate.mapping.BasicValue - Skipping column re-registration: meetings.notes
13:10:14.312 [main] DEBUG org.hibernate.boot.model.internal.PropertyBinder - Building property notes
13:10:14.312 [main] DEBUG org.hibernate.boot.model.internal.AnnotatedColumn - Binding column: AnnotatedJoinColumn(column='project_id')
13:10:14.312 [main] DEBUG org.hibernate.boot.model.internal.AnnotatedColumn - Binding column: AnnotatedColumn()
13:10:14.312 [main] DEBUG org.hibernate.boot.model.internal.PropertyBinder - Building property project
13:10:14.312 [main] DEBUG org.hibernate.boot.model.internal.AnnotatedColumn - Binding column: AnnotatedColumn(column='start_time')
13:10:14.312 [main] DEBUG org.hibernate.boot.model.internal.PropertyBinder - MetadataSourceProcessor property startTime with lazy=false
13:10:14.312 [main] DEBUG org.hibernate.boot.model.internal.AbstractPropertyHolder - Attempting to locate auto-apply AttributeConverter for property [org.frcpm.models.Meeting:startTime]
13:10:14.312 [main] DEBUG org.hibernate.boot.model.internal.BasicValueBinder - building BasicValue for startTime
13:10:14.312 [main] DEBUG org.hibernate.mapping.BasicValue - Skipping column re-registration: meetings.start_time
13:10:14.312 [main] DEBUG org.hibernate.boot.model.internal.PropertyBinder - Building property startTime
13:10:14.313 [main] DEBUG org.hibernate.boot.registry.classloading.internal.ClassLoaderServiceImpl - HHH000194: Package not found or no package-info.java: org.frcpm.models
13:10:14.313 [main] DEBUG org.hibernate.boot.model.internal.EntityBinder - Binding entity from annotated class: org.frcpm.models.Subsystem
13:10:14.313 [main] DEBUG org.hibernate.boot.model.internal.EntityBinder - Import with entity name Subsystem
13:10:14.313 [main] DEBUG org.hibernate.boot.model.internal.EntityBinder - Bind entity org.frcpm.models.Subsystem on table subsystems
13:10:14.313 [main] DEBUG org.hibernate.boot.model.internal.AnnotatedColumn - Binding column: AnnotatedDiscriminatorColumn(column='DTYPE')
13:10:14.313 [main] DEBUG org.hibernate.boot.model.internal.AnnotatedColumn - Binding column: AnnotatedColumn()
13:10:14.313 [main] DEBUG org.hibernate.boot.internal.ClassLoaderAccessImpl - Not known whether passed class name [org.frcpm.models.Subsystem] is safe
13:10:14.313 [main] DEBUG org.hibernate.boot.internal.ClassLoaderAccessImpl - No temp ClassLoader provided; using live ClassLoader for loading potentially unsafe class : org.frcpm.models.Subsystem
13:10:14.313 [main] DEBUG org.hibernate.boot.model.internal.PropertyBinder - MetadataSourceProcessor property id with lazy=false
13:10:14.313 [main] DEBUG org.hibernate.boot.model.internal.AbstractPropertyHolder - Attempting to locate auto-apply AttributeConverter for property [org.frcpm.models.Subsystem:id]
13:10:14.313 [main] DEBUG org.hibernate.boot.model.internal.BasicValueBinder - building BasicValue for id
13:10:14.317 [main] DEBUG org.hibernate.mapping.BasicValue - Skipping column re-registration: subsystems.id
13:10:14.317 [main] DEBUG org.hibernate.boot.model.internal.PropertyBinder - Building property id
13:10:14.317 [main] DEBUG org.hibernate.boot.model.internal.BinderHelper - #makeIdGenerator(BasicValue([Column(id)]), id, identity, , ...)
13:10:14.318 [main] DEBUG org.hibernate.boot.model.internal.AnnotatedColumn - Binding column: AnnotatedColumn(column='description')
13:10:14.318 [main] DEBUG org.hibernate.boot.model.internal.PropertyBinder - MetadataSourceProcessor property description with lazy=false
13:10:14.318 [main] DEBUG org.hibernate.boot.model.internal.AbstractPropertyHolder - Attempting to locate auto-apply AttributeConverter for property [org.frcpm.models.Subsystem:description]
13:10:14.318 [main] DEBUG org.hibernate.boot.model.internal.BasicValueBinder - building BasicValue for description
13:10:14.318 [main] DEBUG org.hibernate.mapping.BasicValue - Skipping column re-registration: subsystems.description
13:10:14.318 [main] DEBUG org.hibernate.boot.model.internal.PropertyBinder - Building property description
13:10:14.318 [main] DEBUG org.hibernate.boot.model.internal.AnnotatedColumn - Binding column: AnnotatedColumn(column='name')
13:10:14.318 [main] DEBUG org.hibernate.boot.model.internal.PropertyBinder - MetadataSourceProcessor property name with lazy=false
13:10:14.318 [main] DEBUG org.hibernate.boot.model.internal.AbstractPropertyHolder - Attempting to locate auto-apply AttributeConverter for property [org.frcpm.models.Subsystem:name]
13:10:14.318 [main] DEBUG org.hibernate.boot.model.internal.BasicValueBinder - building BasicValue for name
13:10:14.318 [main] DEBUG org.hibernate.mapping.BasicValue - Skipping column re-registration: subsystems.name
13:10:14.318 [main] DEBUG org.hibernate.boot.model.internal.PropertyBinder - Building property name
13:10:14.318 [main] DEBUG org.hibernate.boot.model.internal.AnnotatedColumn - Binding column: AnnotatedJoinColumn(column='responsible_subteam_id')
13:10:14.319 [main] DEBUG org.hibernate.boot.model.internal.AnnotatedColumn - Binding column: AnnotatedColumn()
13:10:14.319 [main] DEBUG org.hibernate.boot.model.internal.PropertyBinder - Building property responsibleSubteam
13:10:14.319 [main] DEBUG org.hibernate.boot.model.internal.AnnotatedColumn - Binding column: AnnotatedColumn(column='status')
13:10:14.319 [main] DEBUG org.hibernate.boot.model.internal.PropertyBinder - MetadataSourceProcessor property status with lazy=false
13:10:14.319 [main] DEBUG org.hibernate.boot.model.internal.AbstractPropertyHolder - Attempting to locate auto-apply AttributeConverter for property [org.frcpm.models.Subsystem:status]
13:10:14.319 [main] DEBUG org.hibernate.boot.model.internal.BasicValueBinder - building BasicValue for status
13:10:14.319 [main] DEBUG org.hibernate.mapping.BasicValue - Skipping column re-registration: subsystems.status
13:10:14.319 [main] DEBUG org.hibernate.boot.model.internal.PropertyBinder - Building property status
13:10:14.320 [main] DEBUG org.hibernate.boot.model.internal.AnnotatedColumn - Binding column: AnnotatedJoinColumn()
13:10:14.320 [main] DEBUG org.hibernate.boot.model.internal.AnnotatedColumn - Binding column: AnnotatedColumn()
13:10:14.320 [main] DEBUG org.hibernate.boot.model.internal.AnnotatedColumn - Binding column: IndexColumn(column='tasks_ORDER')
13:10:14.320 [main] DEBUG org.hibernate.boot.model.internal.AnnotatedColumn - Binding column: AnnotatedColumn()
13:10:14.320 [main] DEBUG org.hibernate.boot.model.internal.AnnotatedColumn - Binding column: AnnotatedColumn(column='tasks_KEY')
13:10:14.320 [main] DEBUG org.hibernate.boot.model.internal.AnnotatedColumn - Binding column: AnnotatedJoinColumn(column='tasks_KEY')
13:10:14.320 [main] DEBUG org.hibernate.boot.model.internal.AnnotatedColumn - Binding column: AnnotatedJoinColumn()
13:10:14.320 [main] DEBUG org.hibernate.boot.model.internal.AnnotatedColumn - Binding column: AnnotatedJoinColumn()
13:10:14.320 [main] DEBUG org.hibernate.boot.model.internal.CollectionBinder - Collection role: org.frcpm.models.Subsystem.tasks
13:10:14.320 [main] DEBUG org.hibernate.boot.model.internal.PropertyBinder - Building property tasks
13:10:14.321 [main] DEBUG org.hibernate.boot.registry.classloading.internal.ClassLoaderServiceImpl - HHH000194: Package not found or no package-info.java: org.frcpm.models
13:10:14.322 [main] DEBUG org.hibernate.boot.model.internal.EntityBinder - Binding entity from annotated class: org.frcpm.models.Component
13:10:14.322 [main] DEBUG org.hibernate.boot.model.internal.EntityBinder - Import with entity name Component
13:10:14.322 [main] DEBUG org.hibernate.boot.model.internal.EntityBinder - Bind entity org.frcpm.models.Component on table components
13:10:14.322 [main] DEBUG org.hibernate.boot.model.internal.AnnotatedColumn - Binding column: AnnotatedDiscriminatorColumn(column='DTYPE')
13:10:14.322 [main] DEBUG org.hibernate.boot.model.internal.AnnotatedColumn - Binding column: AnnotatedColumn()
13:10:14.322 [main] DEBUG org.hibernate.boot.internal.ClassLoaderAccessImpl - Not known whether passed class name [org.frcpm.models.Component] is safe
13:10:14.322 [main] DEBUG org.hibernate.boot.internal.ClassLoaderAccessImpl - No temp ClassLoader provided; using live ClassLoader for loading potentially unsafe class : org.frcpm.models.Component
13:10:14.322 [main] DEBUG org.hibernate.boot.model.internal.PropertyBinder - MetadataSourceProcessor property id with lazy=false
13:10:14.322 [main] DEBUG org.hibernate.boot.model.internal.AbstractPropertyHolder - Attempting to locate auto-apply AttributeConverter for property [org.frcpm.models.Component:id]
13:10:14.322 [main] DEBUG org.hibernate.boot.model.internal.BasicValueBinder - building BasicValue for id
13:10:14.322 [main] DEBUG org.hibernate.mapping.BasicValue - Skipping column re-registration: components.id
13:10:14.322 [main] DEBUG org.hibernate.boot.model.internal.PropertyBinder - Building property id
13:10:14.322 [main] DEBUG org.hibernate.boot.model.internal.BinderHelper - #makeIdGenerator(BasicValue([Column(id)]), id, identity, , ...)
13:10:14.322 [main] DEBUG org.hibernate.boot.model.internal.AnnotatedColumn - Binding column: AnnotatedColumn(column='actual_delivery')
13:10:14.322 [main] DEBUG org.hibernate.boot.model.internal.PropertyBinder - MetadataSourceProcessor property actualDelivery with lazy=false
13:10:14.322 [main] DEBUG org.hibernate.boot.model.internal.AbstractPropertyHolder - Attempting to locate auto-apply AttributeConverter for property [org.frcpm.models.Component:actualDelivery]
13:10:14.322 [main] DEBUG org.hibernate.boot.model.internal.BasicValueBinder - building BasicValue for actualDelivery
13:10:14.322 [main] DEBUG org.hibernate.mapping.BasicValue - Skipping column re-registration: components.actual_delivery
13:10:14.322 [main] DEBUG org.hibernate.boot.model.internal.PropertyBinder - Building property actualDelivery
13:10:14.322 [main] DEBUG org.hibernate.boot.model.internal.AnnotatedColumn - Binding column: AnnotatedColumn(column='is_delivered')
13:10:14.322 [main] DEBUG org.hibernate.boot.model.internal.PropertyBinder - MetadataSourceProcessor property delivered with lazy=false
13:10:14.322 [main] DEBUG org.hibernate.boot.model.internal.AbstractPropertyHolder - Attempting to locate auto-apply AttributeConverter for property [org.frcpm.models.Component:delivered]
13:10:14.322 [main] DEBUG org.hibernate.boot.model.internal.BasicValueBinder - building BasicValue for delivered
13:10:14.322 [main] DEBUG org.hibernate.mapping.BasicValue - Skipping column re-registration: components.is_delivered
13:10:14.322 [main] DEBUG org.hibernate.boot.model.internal.PropertyBinder - Building property delivered
13:10:14.323 [main] DEBUG org.hibernate.boot.model.internal.AnnotatedColumn - Binding column: AnnotatedColumn(column='description')
13:10:14.323 [main] DEBUG org.hibernate.boot.model.internal.PropertyBinder - MetadataSourceProcessor property description with lazy=false
13:10:14.323 [main] DEBUG org.hibernate.boot.model.internal.AbstractPropertyHolder - Attempting to locate auto-apply AttributeConverter for property [org.frcpm.models.Component:description]
13:10:14.323 [main] DEBUG org.hibernate.boot.model.internal.BasicValueBinder - building BasicValue for description
13:10:14.323 [main] DEBUG org.hibernate.mapping.BasicValue - Skipping column re-registration: components.description
13:10:14.323 [main] DEBUG org.hibernate.boot.model.internal.PropertyBinder - Building property description
13:10:14.323 [main] DEBUG org.hibernate.boot.model.internal.AnnotatedColumn - Binding column: AnnotatedColumn(column='expected_delivery')
13:10:14.323 [main] DEBUG org.hibernate.boot.model.internal.PropertyBinder - MetadataSourceProcessor property expectedDelivery with lazy=false
13:10:14.323 [main] DEBUG org.hibernate.boot.model.internal.AbstractPropertyHolder - Attempting to locate auto-apply AttributeConverter for property [org.frcpm.models.Component:expectedDelivery]
13:10:14.323 [main] DEBUG org.hibernate.boot.model.internal.BasicValueBinder - building BasicValue for expectedDelivery
13:10:14.323 [main] DEBUG org.hibernate.mapping.BasicValue - Skipping column re-registration: components.expected_delivery
13:10:14.323 [main] DEBUG org.hibernate.boot.model.internal.PropertyBinder - Building property expectedDelivery
13:10:14.323 [main] DEBUG org.hibernate.boot.model.internal.AnnotatedColumn - Binding column: AnnotatedColumn(column='name')
13:10:14.323 [main] DEBUG org.hibernate.boot.model.internal.PropertyBinder - MetadataSourceProcessor property name with lazy=false
13:10:14.323 [main] DEBUG org.hibernate.boot.model.internal.AbstractPropertyHolder - Attempting to locate auto-apply AttributeConverter for property [org.frcpm.models.Component:name]
13:10:14.323 [main] DEBUG org.hibernate.boot.model.internal.BasicValueBinder - building BasicValue for name
13:10:14.323 [main] DEBUG org.hibernate.mapping.BasicValue - Skipping column re-registration: components.name
13:10:14.323 [main] DEBUG org.hibernate.boot.model.internal.PropertyBinder - Building property name
13:10:14.323 [main] DEBUG org.hibernate.boot.model.internal.AnnotatedColumn - Binding column: AnnotatedColumn(column='part_number')
13:10:14.323 [main] DEBUG org.hibernate.boot.model.internal.PropertyBinder - MetadataSourceProcessor property partNumber with lazy=false
13:10:14.323 [main] DEBUG org.hibernate.boot.model.internal.AbstractPropertyHolder - Attempting to locate auto-apply AttributeConverter for property [org.frcpm.models.Component:partNumber]
13:10:14.323 [main] DEBUG org.hibernate.boot.model.internal.BasicValueBinder - building BasicValue for partNumber
13:10:14.323 [main] DEBUG org.hibernate.mapping.BasicValue - Skipping column re-registration: components.part_number
13:10:14.323 [main] DEBUG org.hibernate.boot.model.internal.PropertyBinder - Building property partNumber
13:10:14.323 [main] DEBUG org.hibernate.boot.model.internal.AnnotatedColumn - Binding column: IndexColumn(column='requiredForTasks_ORDER')
13:10:14.323 [main] DEBUG org.hibernate.boot.model.internal.AnnotatedColumn - Binding column: AnnotatedColumn()
13:10:14.323 [main] DEBUG org.hibernate.boot.model.internal.AnnotatedColumn - Binding column: AnnotatedColumn(column='requiredForTasks_KEY')
13:10:14.323 [main] DEBUG org.hibernate.boot.model.internal.AnnotatedColumn - Binding column: AnnotatedJoinColumn(column='requiredForTasks_KEY')
13:10:14.323 [main] DEBUG org.hibernate.boot.model.internal.AnnotatedColumn - Binding column: AnnotatedJoinColumn()
13:10:14.323 [main] DEBUG org.hibernate.boot.model.internal.AnnotatedColumn - Binding column: AnnotatedJoinColumn()
13:10:14.323 [main] DEBUG org.hibernate.boot.model.internal.CollectionBinder - Collection role: org.frcpm.models.Component.requiredForTasks
13:10:14.323 [main] DEBUG org.hibernate.boot.model.internal.PropertyBinder - Building property requiredForTasks
13:10:14.324 [main] DEBUG org.hibernate.boot.registry.classloading.internal.ClassLoaderServiceImpl - HHH000194: Package not found or no package-info.java: org.frcpm.models
13:10:14.324 [main] DEBUG org.hibernate.boot.model.internal.EntityBinder - Binding entity from annotated class: org.frcpm.models.Milestone
13:10:14.324 [main] DEBUG org.hibernate.boot.model.internal.EntityBinder - Import with entity name Milestone
13:10:14.324 [main] DEBUG org.hibernate.boot.model.internal.EntityBinder - Bind entity org.frcpm.models.Milestone on table milestones
13:10:14.324 [main] DEBUG org.hibernate.boot.model.internal.AnnotatedColumn - Binding column: AnnotatedDiscriminatorColumn(column='DTYPE')
13:10:14.325 [main] DEBUG org.hibernate.boot.model.internal.AnnotatedColumn - Binding column: AnnotatedColumn()
13:10:14.325 [main] DEBUG org.hibernate.boot.internal.ClassLoaderAccessImpl - Not known whether passed class name [org.frcpm.models.Milestone] is safe
13:10:14.325 [main] DEBUG org.hibernate.boot.internal.ClassLoaderAccessImpl - No temp ClassLoader provided; using live ClassLoader for loading potentially unsafe class : org.frcpm.models.Milestone
13:10:14.325 [main] DEBUG org.hibernate.boot.model.internal.PropertyBinder - MetadataSourceProcessor property id with lazy=false
13:10:14.325 [main] DEBUG org.hibernate.boot.model.internal.AbstractPropertyHolder - Attempting to locate auto-apply AttributeConverter for property [org.frcpm.models.Milestone:id]
13:10:14.325 [main] DEBUG org.hibernate.boot.model.internal.BasicValueBinder - building BasicValue for id
13:10:14.325 [main] DEBUG org.hibernate.mapping.BasicValue - Skipping column re-registration: milestones.id
13:10:14.325 [main] DEBUG org.hibernate.boot.model.internal.PropertyBinder - Building property id
13:10:14.325 [main] DEBUG org.hibernate.boot.model.internal.BinderHelper - #makeIdGenerator(BasicValue([Column(id)]), id, identity, , ...)
13:10:14.325 [main] DEBUG org.hibernate.boot.model.internal.AnnotatedColumn - Binding column: AnnotatedColumn(column='date')
13:10:14.325 [main] DEBUG org.hibernate.boot.model.internal.PropertyBinder - MetadataSourceProcessor property date with lazy=false
13:10:14.325 [main] DEBUG org.hibernate.boot.model.internal.AbstractPropertyHolder - Attempting to locate auto-apply AttributeConverter for property [org.frcpm.models.Milestone:date]
13:10:14.325 [main] DEBUG org.hibernate.boot.model.internal.BasicValueBinder - building BasicValue for date
13:10:14.325 [main] DEBUG org.hibernate.mapping.BasicValue - Skipping column re-registration: milestones.date
13:10:14.325 [main] DEBUG org.hibernate.boot.model.internal.PropertyBinder - Building property date
13:10:14.325 [main] DEBUG org.hibernate.boot.model.internal.AnnotatedColumn - Binding column: AnnotatedColumn(column='description')
13:10:14.325 [main] DEBUG org.hibernate.boot.model.internal.PropertyBinder - MetadataSourceProcessor property description with lazy=false
13:10:14.325 [main] DEBUG org.hibernate.boot.model.internal.AbstractPropertyHolder - Attempting to locate auto-apply AttributeConverter for property [org.frcpm.models.Milestone:description]
13:10:14.325 [main] DEBUG org.hibernate.boot.model.internal.BasicValueBinder - building BasicValue for description
13:10:14.325 [main] DEBUG org.hibernate.mapping.BasicValue - Skipping column re-registration: milestones.description
13:10:14.325 [main] DEBUG org.hibernate.boot.model.internal.PropertyBinder - Building property description
13:10:14.325 [main] DEBUG org.hibernate.boot.model.internal.AnnotatedColumn - Binding column: AnnotatedColumn(column='name')
13:10:14.325 [main] DEBUG org.hibernate.boot.model.internal.PropertyBinder - MetadataSourceProcessor property name with lazy=false
13:10:14.325 [main] DEBUG org.hibernate.boot.model.internal.AbstractPropertyHolder - Attempting to locate auto-apply AttributeConverter for property [org.frcpm.models.Milestone:name]
13:10:14.325 [main] DEBUG org.hibernate.boot.model.internal.BasicValueBinder - building BasicValue for name
13:10:14.325 [main] DEBUG org.hibernate.mapping.BasicValue - Skipping column re-registration: milestones.name
13:10:14.325 [main] DEBUG org.hibernate.boot.model.internal.PropertyBinder - Building property name
13:10:14.325 [main] DEBUG org.hibernate.boot.model.internal.AnnotatedColumn - Binding column: AnnotatedJoinColumn(column='project_id')
13:10:14.325 [main] DEBUG org.hibernate.boot.model.internal.AnnotatedColumn - Binding column: AnnotatedColumn()
13:10:14.325 [main] DEBUG org.hibernate.boot.model.internal.PropertyBinder - Building property project
13:10:14.326 [main] DEBUG org.hibernate.boot.registry.classloading.internal.ClassLoaderServiceImpl - HHH000194: Package not found or no package-info.java: org.frcpm.models
13:10:14.326 [main] DEBUG org.hibernate.boot.model.internal.EntityBinder - Binding entity from annotated class: org.frcpm.models.Project
13:10:14.326 [main] DEBUG org.hibernate.boot.model.internal.EntityBinder - Import with entity name Project
13:10:14.326 [main] DEBUG org.hibernate.boot.model.internal.EntityBinder - Bind entity org.frcpm.models.Project on table projects
13:10:14.326 [main] DEBUG org.hibernate.boot.model.internal.AnnotatedColumn - Binding column: AnnotatedDiscriminatorColumn(column='DTYPE')
13:10:14.327 [main] DEBUG org.hibernate.boot.model.internal.AnnotatedColumn - Binding column: AnnotatedColumn()
13:10:14.327 [main] DEBUG org.hibernate.boot.internal.ClassLoaderAccessImpl - Not known whether passed class name [org.frcpm.models.Project] is safe
13:10:14.327 [main] DEBUG org.hibernate.boot.internal.ClassLoaderAccessImpl - No temp ClassLoader provided; using live ClassLoader for loading potentially unsafe class : org.frcpm.models.Project
13:10:14.327 [main] DEBUG org.hibernate.boot.model.internal.PropertyBinder - MetadataSourceProcessor property id with lazy=false
13:10:14.327 [main] DEBUG org.hibernate.boot.model.internal.AbstractPropertyHolder - Attempting to locate auto-apply AttributeConverter for property [org.frcpm.models.Project:id]
13:10:14.327 [main] DEBUG org.hibernate.boot.model.internal.BasicValueBinder - building BasicValue for id
13:10:14.327 [main] DEBUG org.hibernate.mapping.BasicValue - Skipping column re-registration: projects.id
13:10:14.327 [main] DEBUG org.hibernate.boot.model.internal.PropertyBinder - Building property id
13:10:14.327 [main] DEBUG org.hibernate.boot.model.internal.BinderHelper - #makeIdGenerator(BasicValue([Column(id)]), id, identity, , ...)
13:10:14.327 [main] DEBUG org.hibernate.boot.model.internal.AnnotatedColumn - Binding column: AnnotatedColumn(column='description')
13:10:14.327 [main] DEBUG org.hibernate.boot.model.internal.PropertyBinder - MetadataSourceProcessor property description with lazy=false
13:10:14.327 [main] DEBUG org.hibernate.boot.model.internal.AbstractPropertyHolder - Attempting to locate auto-apply AttributeConverter for property [org.frcpm.models.Project:description]
13:10:14.327 [main] DEBUG org.hibernate.boot.model.internal.BasicValueBinder - building BasicValue for description
13:10:14.327 [main] DEBUG org.hibernate.mapping.BasicValue - Skipping column re-registration: projects.description
13:10:14.327 [main] DEBUG org.hibernate.boot.model.internal.PropertyBinder - Building property description
13:10:14.327 [main] DEBUG org.hibernate.boot.model.internal.AnnotatedColumn - Binding column: AnnotatedColumn(column='goal_end_date')
13:10:14.327 [main] DEBUG org.hibernate.boot.model.internal.PropertyBinder - MetadataSourceProcessor property goalEndDate with lazy=false
13:10:14.327 [main] DEBUG org.hibernate.boot.model.internal.AbstractPropertyHolder - Attempting to locate auto-apply AttributeConverter for property [org.frcpm.models.Project:goalEndDate]
13:10:14.327 [main] DEBUG org.hibernate.boot.model.internal.BasicValueBinder - building BasicValue for goalEndDate
13:10:14.327 [main] DEBUG org.hibernate.mapping.BasicValue - Skipping column re-registration: projects.goal_end_date
13:10:14.327 [main] DEBUG org.hibernate.boot.model.internal.PropertyBinder - Building property goalEndDate
13:10:14.327 [main] DEBUG org.hibernate.boot.model.internal.AnnotatedColumn - Binding column: AnnotatedColumn(column='hard_deadline')
13:10:14.327 [main] DEBUG org.hibernate.boot.model.internal.PropertyBinder - MetadataSourceProcessor property hardDeadline with lazy=false
13:10:14.327 [main] DEBUG org.hibernate.boot.model.internal.AbstractPropertyHolder - Attempting to locate auto-apply AttributeConverter for property [org.frcpm.models.Project:hardDeadline]
13:10:14.327 [main] DEBUG org.hibernate.boot.model.internal.BasicValueBinder - building BasicValue for hardDeadline
13:10:14.327 [main] DEBUG org.hibernate.mapping.BasicValue - Skipping column re-registration: projects.hard_deadline
13:10:14.327 [main] DEBUG org.hibernate.boot.model.internal.PropertyBinder - Building property hardDeadline
13:10:14.327 [main] DEBUG org.hibernate.boot.model.internal.AnnotatedColumn - Binding column: AnnotatedJoinColumn()
13:10:14.327 [main] DEBUG org.hibernate.boot.model.internal.AnnotatedColumn - Binding column: AnnotatedColumn()
13:10:14.327 [main] DEBUG org.hibernate.boot.model.internal.AnnotatedColumn - Binding column: IndexColumn(column='meetings_ORDER')
13:10:14.327 [main] DEBUG org.hibernate.boot.model.internal.AnnotatedColumn - Binding column: AnnotatedColumn()
13:10:14.327 [main] DEBUG org.hibernate.boot.model.internal.AnnotatedColumn - Binding column: AnnotatedColumn(column='meetings_KEY')
13:10:14.327 [main] DEBUG org.hibernate.boot.model.internal.AnnotatedColumn - Binding column: AnnotatedJoinColumn(column='meetings_KEY')
13:10:14.327 [main] DEBUG org.hibernate.boot.model.internal.AnnotatedColumn - Binding column: AnnotatedJoinColumn()
13:10:14.327 [main] DEBUG org.hibernate.boot.model.internal.AnnotatedColumn - Binding column: AnnotatedJoinColumn()
13:10:14.327 [main] DEBUG org.hibernate.boot.model.internal.CollectionBinder - Collection role: org.frcpm.models.Project.meetings
13:10:14.327 [main] DEBUG org.hibernate.boot.model.internal.PropertyBinder - Building property meetings
13:10:14.327 [main] DEBUG org.hibernate.boot.model.internal.AnnotatedColumn - Binding column: AnnotatedJoinColumn()
13:10:14.327 [main] DEBUG org.hibernate.boot.model.internal.AnnotatedColumn - Binding column: AnnotatedColumn()
13:10:14.327 [main] DEBUG org.hibernate.boot.model.internal.AnnotatedColumn - Binding column: IndexColumn(column='milestones_ORDER')
13:10:14.328 [main] DEBUG org.hibernate.boot.model.internal.AnnotatedColumn - Binding column: AnnotatedColumn()
13:10:14.328 [main] DEBUG org.hibernate.boot.model.internal.AnnotatedColumn - Binding column: AnnotatedColumn(column='milestones_KEY')
13:10:14.328 [main] DEBUG org.hibernate.boot.model.internal.AnnotatedColumn - Binding column: AnnotatedJoinColumn(column='milestones_KEY')
13:10:14.328 [main] DEBUG org.hibernate.boot.model.internal.AnnotatedColumn - Binding column: AnnotatedJoinColumn()
13:10:14.328 [main] DEBUG org.hibernate.boot.model.internal.AnnotatedColumn - Binding column: AnnotatedJoinColumn()
13:10:14.328 [main] DEBUG org.hibernate.boot.model.internal.CollectionBinder - Collection role: org.frcpm.models.Project.milestones
13:10:14.328 [main] DEBUG org.hibernate.boot.model.internal.PropertyBinder - Building property milestones
13:10:14.328 [main] DEBUG org.hibernate.boot.model.internal.AnnotatedColumn - Binding column: AnnotatedColumn(column='name')
13:10:14.328 [main] DEBUG org.hibernate.boot.model.internal.PropertyBinder - MetadataSourceProcessor property name with lazy=false
13:10:14.328 [main] DEBUG org.hibernate.boot.model.internal.AbstractPropertyHolder - Attempting to locate auto-apply AttributeConverter for property [org.frcpm.models.Project:name]
13:10:14.328 [main] DEBUG org.hibernate.boot.model.internal.BasicValueBinder - building BasicValue for name
13:10:14.328 [main] DEBUG org.hibernate.mapping.BasicValue - Skipping column re-registration: projects.name
13:10:14.328 [main] DEBUG org.hibernate.boot.model.internal.PropertyBinder - Building property name
13:10:14.328 [main] DEBUG org.hibernate.boot.model.internal.AnnotatedColumn - Binding column: AnnotatedColumn(column='start_date')
13:10:14.328 [main] DEBUG org.hibernate.boot.model.internal.PropertyBinder - MetadataSourceProcessor property startDate with lazy=false
13:10:14.328 [main] DEBUG org.hibernate.boot.model.internal.AbstractPropertyHolder - Attempting to locate auto-apply AttributeConverter for property [org.frcpm.models.Project:startDate]
13:10:14.328 [main] DEBUG org.hibernate.boot.model.internal.BasicValueBinder - building BasicValue for startDate
13:10:14.328 [main] DEBUG org.hibernate.mapping.BasicValue - Skipping column re-registration: projects.start_date
13:10:14.328 [main] DEBUG org.hibernate.boot.model.internal.PropertyBinder - Building property startDate
13:10:14.328 [main] DEBUG org.hibernate.boot.model.internal.AnnotatedColumn - Binding column: AnnotatedJoinColumn()
13:10:14.328 [main] DEBUG org.hibernate.boot.model.internal.AnnotatedColumn - Binding column: AnnotatedColumn()
13:10:14.328 [main] DEBUG org.hibernate.boot.model.internal.AnnotatedColumn - Binding column: IndexColumn(column='tasks_ORDER')
13:10:14.328 [main] DEBUG org.hibernate.boot.model.internal.AnnotatedColumn - Binding column: AnnotatedColumn()
13:10:14.328 [main] DEBUG org.hibernate.boot.model.internal.AnnotatedColumn - Binding column: AnnotatedColumn(column='tasks_KEY')
13:10:14.328 [main] DEBUG org.hibernate.boot.model.internal.AnnotatedColumn - Binding column: AnnotatedJoinColumn(column='tasks_KEY')
13:10:14.328 [main] DEBUG org.hibernate.boot.model.internal.AnnotatedColumn - Binding column: AnnotatedJoinColumn()
13:10:14.328 [main] DEBUG org.hibernate.boot.model.internal.AnnotatedColumn - Binding column: AnnotatedJoinColumn()
13:10:14.328 [main] DEBUG org.hibernate.boot.model.internal.CollectionBinder - Collection role: org.frcpm.models.Project.tasks
13:10:14.328 [main] DEBUG org.hibernate.boot.model.internal.PropertyBinder - Building property tasks
13:10:14.330 [main] DEBUG org.hibernate.boot.registry.classloading.internal.ClassLoaderServiceImpl - HHH000194: Package not found or no package-info.java: org.frcpm.models
13:10:14.330 [frcpm-hikari-pool connection adder] DEBUG com.zaxxer.hikari.pool.HikariPool - frcpm-hikari-pool - After adding stats (total=2, active=0, idle=2, waiting=0)
13:10:14.330 [main] DEBUG org.hibernate.boot.model.internal.EntityBinder - Binding entity from annotated class: org.frcpm.models.Subteam
13:10:14.330 [main] DEBUG org.hibernate.boot.model.internal.EntityBinder - Import with entity name Subteam
13:10:14.330 [main] DEBUG org.hibernate.boot.model.internal.EntityBinder - Bind entity org.frcpm.models.Subteam on table subteams
13:10:14.330 [main] DEBUG org.hibernate.boot.model.internal.AnnotatedColumn - Binding column: AnnotatedDiscriminatorColumn(column='DTYPE')
13:10:14.331 [frcpm-hikari-pool connection adder] DEBUG com.zaxxer.hikari.pool.HikariPool - frcpm-hikari-pool - Added connection conn31: url=jdbc:h2:mem:testdb user=SA
13:10:14.331 [main] DEBUG org.hibernate.boot.model.internal.AnnotatedColumn - Binding column: AnnotatedColumn()
13:10:14.331 [main] DEBUG org.hibernate.boot.internal.ClassLoaderAccessImpl - Not known whether passed class name [org.frcpm.models.Subteam] is safe
13:10:14.331 [main] DEBUG org.hibernate.boot.internal.ClassLoaderAccessImpl - No temp ClassLoader provided; using live ClassLoader for loading potentially unsafe class : org.frcpm.models.Subteam
13:10:14.331 [main] DEBUG org.hibernate.boot.model.internal.PropertyBinder - MetadataSourceProcessor property id with lazy=false
13:10:14.331 [main] DEBUG org.hibernate.boot.model.internal.AbstractPropertyHolder - Attempting to locate auto-apply AttributeConverter for property [org.frcpm.models.Subteam:id]
13:10:14.331 [main] DEBUG org.hibernate.boot.model.internal.BasicValueBinder - building BasicValue for id
13:10:14.331 [main] DEBUG org.hibernate.mapping.BasicValue - Skipping column re-registration: subteams.id
13:10:14.331 [main] DEBUG org.hibernate.boot.model.internal.PropertyBinder - Building property id
13:10:14.331 [main] DEBUG org.hibernate.boot.model.internal.BinderHelper - #makeIdGenerator(BasicValue([Column(id)]), id, identity, , ...)
13:10:14.331 [main] DEBUG org.hibernate.boot.model.internal.AnnotatedColumn - Binding column: AnnotatedColumn(column='color_code')
13:10:14.331 [main] DEBUG org.hibernate.boot.model.internal.PropertyBinder - MetadataSourceProcessor property colorCode with lazy=false
13:10:14.331 [main] DEBUG org.hibernate.boot.model.internal.AbstractPropertyHolder - Attempting to locate auto-apply AttributeConverter for property [org.frcpm.models.Subteam:colorCode]
13:10:14.331 [main] DEBUG org.hibernate.boot.model.internal.BasicValueBinder - building BasicValue for colorCode
13:10:14.331 [main] DEBUG org.hibernate.mapping.BasicValue - Skipping column re-registration: subteams.color_code
13:10:14.331 [main] DEBUG org.hibernate.boot.model.internal.PropertyBinder - Building property colorCode
13:10:14.331 [main] DEBUG org.hibernate.boot.model.internal.AnnotatedColumn - Binding column: AnnotatedJoinColumn()
13:10:14.331 [main] DEBUG org.hibernate.boot.model.internal.AnnotatedColumn - Binding column: AnnotatedColumn()
13:10:14.331 [main] DEBUG org.hibernate.boot.model.internal.AnnotatedColumn - Binding column: IndexColumn(column='members_ORDER')
13:10:14.331 [main] DEBUG org.hibernate.boot.model.internal.AnnotatedColumn - Binding column: AnnotatedColumn()
13:10:14.331 [main] DEBUG org.hibernate.boot.model.internal.AnnotatedColumn - Binding column: AnnotatedColumn(column='members_KEY')
13:10:14.331 [main] DEBUG org.hibernate.boot.model.internal.AnnotatedColumn - Binding column: AnnotatedJoinColumn(column='members_KEY')
13:10:14.331 [main] DEBUG org.hibernate.boot.model.internal.AnnotatedColumn - Binding column: AnnotatedJoinColumn()
13:10:14.331 [main] DEBUG org.hibernate.boot.model.internal.AnnotatedColumn - Binding column: AnnotatedJoinColumn()
13:10:14.331 [main] DEBUG org.hibernate.boot.model.internal.CollectionBinder - Collection role: org.frcpm.models.Subteam.members
13:10:14.331 [main] DEBUG org.hibernate.boot.model.internal.PropertyBinder - Building property members
13:10:14.331 [main] DEBUG org.hibernate.boot.model.internal.AnnotatedColumn - Binding column: AnnotatedColumn(column='name')
13:10:14.331 [main] DEBUG org.hibernate.boot.model.internal.PropertyBinder - MetadataSourceProcessor property name with lazy=false
13:10:14.331 [main] DEBUG org.hibernate.boot.model.internal.AbstractPropertyHolder - Attempting to locate auto-apply AttributeConverter for property [org.frcpm.models.Subteam:name]
13:10:14.331 [main] DEBUG org.hibernate.boot.model.internal.BasicValueBinder - building BasicValue for name
13:10:14.331 [main] DEBUG org.hibernate.mapping.BasicValue - Skipping column re-registration: subteams.name
13:10:14.331 [main] DEBUG org.hibernate.boot.model.internal.PropertyBinder - Building property name
13:10:14.331 [main] DEBUG org.hibernate.boot.model.internal.AnnotatedColumn - Binding column: AnnotatedColumn(column='specialties')
13:10:14.332 [main] DEBUG org.hibernate.boot.model.internal.PropertyBinder - MetadataSourceProcessor property specialties with lazy=false
13:10:14.332 [main] DEBUG org.hibernate.boot.model.internal.AbstractPropertyHolder - Attempting to locate auto-apply AttributeConverter for property [org.frcpm.models.Subteam:specialties]
13:10:14.332 [main] DEBUG org.hibernate.boot.model.internal.BasicValueBinder - building BasicValue for specialties
13:10:14.332 [main] DEBUG org.hibernate.mapping.BasicValue - Skipping column re-registration: subteams.specialties
13:10:14.332 [main] DEBUG org.hibernate.boot.model.internal.PropertyBinder - Building property specialties
13:10:14.332 [main] DEBUG org.hibernate.boot.model.internal.AnnotatedColumn - Binding column: AnnotatedJoinColumn()
13:10:14.332 [main] DEBUG org.hibernate.boot.model.internal.AnnotatedColumn - Binding column: AnnotatedColumn()
13:10:14.332 [main] DEBUG org.hibernate.boot.model.internal.AnnotatedColumn - Binding column: IndexColumn(column='subsystems_ORDER')
13:10:14.332 [main] DEBUG org.hibernate.boot.model.internal.AnnotatedColumn - Binding column: AnnotatedColumn()
13:10:14.332 [main] DEBUG org.hibernate.boot.model.internal.AnnotatedColumn - Binding column: AnnotatedColumn(column='subsystems_KEY')
13:10:14.332 [main] DEBUG org.hibernate.boot.model.internal.AnnotatedColumn - Binding column: AnnotatedJoinColumn(column='subsystems_KEY')
13:10:14.332 [main] DEBUG org.hibernate.boot.model.internal.AnnotatedColumn - Binding column: AnnotatedJoinColumn()
13:10:14.332 [main] DEBUG org.hibernate.boot.model.internal.AnnotatedColumn - Binding column: AnnotatedJoinColumn()
13:10:14.332 [main] DEBUG org.hibernate.boot.model.internal.CollectionBinder - Collection role: org.frcpm.models.Subteam.subsystems
13:10:14.332 [main] DEBUG org.hibernate.boot.model.internal.PropertyBinder - Building property subsystems
13:10:14.333 [main] DEBUG org.hibernate.boot.registry.classloading.internal.ClassLoaderServiceImpl - HHH000194: Package not found or no package-info.java: org.frcpm.models
13:10:14.333 [main] DEBUG org.hibernate.boot.model.internal.EntityBinder - Binding entity from annotated class: org.frcpm.models.Task
13:10:14.333 [main] DEBUG org.hibernate.boot.model.internal.EntityBinder - Import with entity name Task
13:10:14.334 [main] DEBUG org.hibernate.boot.model.internal.EntityBinder - Bind entity org.frcpm.models.Task on table tasks
13:10:14.334 [main] DEBUG org.hibernate.boot.model.internal.AnnotatedColumn - Binding column: AnnotatedDiscriminatorColumn(column='DTYPE')
13:10:14.336 [main] DEBUG org.hibernate.boot.model.internal.AnnotatedColumn - Binding column: AnnotatedColumn()
13:10:14.336 [main] DEBUG org.hibernate.boot.internal.ClassLoaderAccessImpl - Not known whether passed class name [org.frcpm.models.Task] is safe
13:10:14.336 [main] DEBUG org.hibernate.boot.internal.ClassLoaderAccessImpl - No temp ClassLoader provided; using live ClassLoader for loading potentially unsafe class : org.frcpm.models.Task
13:10:14.336 [main] DEBUG org.hibernate.boot.model.internal.PropertyBinder - MetadataSourceProcessor property id with lazy=false
13:10:14.336 [main] DEBUG org.hibernate.boot.model.internal.AbstractPropertyHolder - Attempting to locate auto-apply AttributeConverter for property [org.frcpm.models.Task:id]
13:10:14.336 [main] DEBUG org.hibernate.boot.model.internal.BasicValueBinder - building BasicValue for id
13:10:14.336 [main] DEBUG org.hibernate.mapping.BasicValue - Skipping column re-registration: tasks.id
13:10:14.336 [main] DEBUG org.hibernate.boot.model.internal.PropertyBinder - Building property id
13:10:14.337 [main] DEBUG org.hibernate.boot.model.internal.BinderHelper - #makeIdGenerator(BasicValue([Column(id)]), id, identity, , ...)
13:10:14.337 [main] DEBUG org.hibernate.boot.model.internal.AnnotatedColumn - Binding column: AnnotatedColumn(column='actual_duration_seconds')
13:10:14.337 [main] DEBUG org.hibernate.boot.model.internal.PropertyBinder - MetadataSourceProcessor property actualDurationSeconds with lazy=false
13:10:14.337 [main] DEBUG org.hibernate.boot.model.internal.AbstractPropertyHolder - Attempting to locate auto-apply AttributeConverter for property [org.frcpm.models.Task:actualDurationSeconds]
13:10:14.337 [main] DEBUG org.hibernate.boot.model.internal.BasicValueBinder - building BasicValue for actualDurationSeconds
13:10:14.337 [main] DEBUG org.hibernate.mapping.BasicValue - Skipping column re-registration: tasks.actual_duration_seconds
13:10:14.337 [main] DEBUG org.hibernate.boot.model.internal.PropertyBinder - Building property actualDurationSeconds
13:10:14.337 [main] DEBUG org.hibernate.boot.model.internal.AnnotatedColumn - Binding column: IndexColumn(column='assignedTo_ORDER')
13:10:14.337 [main] DEBUG org.hibernate.boot.model.internal.AnnotatedColumn - Binding column: AnnotatedColumn()
13:10:14.337 [main] DEBUG org.hibernate.boot.model.internal.AnnotatedColumn - Binding column: AnnotatedColumn(column='assignedTo_KEY')
13:10:14.337 [main] DEBUG org.hibernate.boot.model.internal.AnnotatedColumn - Binding column: AnnotatedJoinColumn(column='assignedTo_KEY')
13:10:14.337 [main] DEBUG org.hibernate.boot.model.internal.AnnotatedColumn - Binding column: AnnotatedJoinColumn(column='task_id')
13:10:14.337 [main] DEBUG org.hibernate.boot.model.internal.AnnotatedColumn - Binding column: AnnotatedJoinColumn(column='team_member_id')
13:10:14.337 [main] DEBUG org.hibernate.boot.model.internal.CollectionBinder - Collection role: org.frcpm.models.Task.assignedTo
13:10:14.337 [main] DEBUG org.hibernate.boot.model.internal.PropertyBinder - Building property assignedTo
13:10:14.337 [main] DEBUG org.hibernate.boot.model.internal.AnnotatedColumn - Binding column: AnnotatedColumn(column='completed')
13:10:14.337 [main] DEBUG org.hibernate.boot.model.internal.PropertyBinder - MetadataSourceProcessor property completed with lazy=false
13:10:14.337 [main] DEBUG org.hibernate.boot.model.internal.AbstractPropertyHolder - Attempting to locate auto-apply AttributeConverter for property [org.frcpm.models.Task:completed]
13:10:14.337 [main] DEBUG org.hibernate.boot.model.internal.BasicValueBinder - building BasicValue for completed
13:10:14.337 [main] DEBUG org.hibernate.mapping.BasicValue - Skipping column re-registration: tasks.completed
13:10:14.338 [main] DEBUG org.hibernate.boot.model.internal.PropertyBinder - Building property completed
13:10:14.338 [main] DEBUG org.hibernate.boot.model.internal.AnnotatedColumn - Binding column: AnnotatedColumn(column='description')
13:10:14.338 [main] DEBUG org.hibernate.boot.model.internal.PropertyBinder - MetadataSourceProcessor property description with lazy=false
13:10:14.338 [main] DEBUG org.hibernate.boot.model.internal.AbstractPropertyHolder - Attempting to locate auto-apply AttributeConverter for property [org.frcpm.models.Task:description]
13:10:14.338 [main] DEBUG org.hibernate.boot.model.internal.BasicValueBinder - building BasicValue for description
13:10:14.338 [main] DEBUG org.hibernate.mapping.BasicValue - Skipping column re-registration: tasks.description
13:10:14.338 [main] DEBUG org.hibernate.boot.model.internal.PropertyBinder - Building property description
13:10:14.338 [main] DEBUG org.hibernate.boot.model.internal.AnnotatedColumn - Binding column: AnnotatedColumn(column='end_date')
13:10:14.338 [main] DEBUG org.hibernate.boot.model.internal.PropertyBinder - MetadataSourceProcessor property endDate with lazy=false
13:10:14.338 [main] DEBUG org.hibernate.boot.model.internal.AbstractPropertyHolder - Attempting to locate auto-apply AttributeConverter for property [org.frcpm.models.Task:endDate]
13:10:14.338 [main] DEBUG org.hibernate.boot.model.internal.BasicValueBinder - building BasicValue for endDate
13:10:14.338 [main] DEBUG org.hibernate.mapping.BasicValue - Skipping column re-registration: tasks.end_date
13:10:14.338 [main] DEBUG org.hibernate.boot.model.internal.PropertyBinder - Building property endDate
13:10:14.338 [main] DEBUG org.hibernate.boot.model.internal.AnnotatedColumn - Binding column: AnnotatedColumn(column='estimated_duration_seconds')
13:10:14.338 [main] DEBUG org.hibernate.boot.model.internal.PropertyBinder - MetadataSourceProcessor property estimatedDurationSeconds with lazy=false
13:10:14.338 [main] DEBUG org.hibernate.boot.model.internal.AbstractPropertyHolder - Attempting to locate auto-apply AttributeConverter for property [org.frcpm.models.Task:estimatedDurationSeconds]
13:10:14.338 [main] DEBUG org.hibernate.boot.model.internal.BasicValueBinder - building BasicValue for estimatedDurationSeconds
13:10:14.338 [main] DEBUG org.hibernate.mapping.BasicValue - Skipping column re-registration: tasks.estimated_duration_seconds
13:10:14.338 [main] DEBUG org.hibernate.boot.model.internal.PropertyBinder - Building property estimatedDurationSeconds
13:10:14.338 [main] DEBUG org.hibernate.boot.model.internal.AnnotatedColumn - Binding column: IndexColumn(column='postDependencies_ORDER')
13:10:14.338 [main] DEBUG org.hibernate.boot.model.internal.AnnotatedColumn - Binding column: AnnotatedColumn()
13:10:14.338 [main] DEBUG org.hibernate.boot.model.internal.AnnotatedColumn - Binding column: AnnotatedColumn(column='postDependencies_KEY')
13:10:14.338 [main] DEBUG org.hibernate.boot.model.internal.AnnotatedColumn - Binding column: AnnotatedJoinColumn(column='postDependencies_KEY')
13:10:14.338 [main] DEBUG org.hibernate.boot.model.internal.AnnotatedColumn - Binding column: AnnotatedJoinColumn()
13:10:14.338 [main] DEBUG org.hibernate.boot.model.internal.AnnotatedColumn - Binding column: AnnotatedJoinColumn()
13:10:14.338 [main] DEBUG org.hibernate.boot.model.internal.CollectionBinder - Collection role: org.frcpm.models.Task.postDependencies
13:10:14.338 [main] DEBUG org.hibernate.boot.model.internal.PropertyBinder - Building property postDependencies
13:10:14.338 [main] DEBUG org.hibernate.boot.model.internal.AnnotatedColumn - Binding column: IndexColumn(column='preDependencies_ORDER')
13:10:14.338 [main] DEBUG org.hibernate.boot.model.internal.AnnotatedColumn - Binding column: AnnotatedColumn()
13:10:14.338 [main] DEBUG org.hibernate.boot.model.internal.AnnotatedColumn - Binding column: AnnotatedColumn(column='preDependencies_KEY')
13:10:14.338 [main] DEBUG org.hibernate.boot.model.internal.AnnotatedColumn - Binding column: AnnotatedJoinColumn(column='preDependencies_KEY')
13:10:14.338 [main] DEBUG org.hibernate.boot.model.internal.AnnotatedColumn - Binding column: AnnotatedJoinColumn(column='task_id')
13:10:14.338 [main] DEBUG org.hibernate.boot.model.internal.AnnotatedColumn - Binding column: AnnotatedJoinColumn(column='dependency_id')
13:10:14.338 [main] DEBUG org.hibernate.boot.model.internal.CollectionBinder - Collection role: org.frcpm.models.Task.preDependencies
13:10:14.338 [main] DEBUG org.hibernate.boot.model.internal.PropertyBinder - Building property preDependencies
13:10:14.338 [main] DEBUG org.hibernate.boot.model.internal.AnnotatedColumn - Binding column: AnnotatedColumn(column='priority')
13:10:14.338 [main] DEBUG org.hibernate.boot.model.internal.PropertyBinder - MetadataSourceProcessor property priority with lazy=false
13:10:14.339 [main] DEBUG org.hibernate.boot.model.internal.AbstractPropertyHolder - Attempting to locate auto-apply AttributeConverter for property [org.frcpm.models.Task:priority]
13:10:14.339 [main] DEBUG org.hibernate.boot.model.internal.BasicValueBinder - building BasicValue for priority
13:10:14.339 [main] DEBUG org.hibernate.mapping.BasicValue - Skipping column re-registration: tasks.priority
13:10:14.339 [main] DEBUG org.hibernate.boot.model.internal.PropertyBinder - Building property priority
13:10:14.339 [main] DEBUG org.hibernate.boot.model.internal.AnnotatedColumn - Binding column: AnnotatedColumn(column='progress')
13:10:14.339 [main] DEBUG org.hibernate.boot.model.internal.PropertyBinder - MetadataSourceProcessor property progress with lazy=false
13:10:14.339 [main] DEBUG org.hibernate.boot.model.internal.AbstractPropertyHolder - Attempting to locate auto-apply AttributeConverter for property [org.frcpm.models.Task:progress]
13:10:14.339 [main] DEBUG org.hibernate.boot.model.internal.BasicValueBinder - building BasicValue for progress
13:10:14.339 [main] DEBUG org.hibernate.mapping.BasicValue - Skipping column re-registration: tasks.progress
13:10:14.339 [main] DEBUG org.hibernate.boot.model.internal.PropertyBinder - Building property progress
13:10:14.339 [main] DEBUG org.hibernate.boot.model.internal.AnnotatedColumn - Binding column: AnnotatedJoinColumn(column='project_id')
13:10:14.339 [main] DEBUG org.hibernate.boot.model.internal.AnnotatedColumn - Binding column: AnnotatedColumn()
13:10:14.339 [main] DEBUG org.hibernate.boot.model.internal.PropertyBinder - Building property project
13:10:14.339 [main] DEBUG org.hibernate.boot.model.internal.AnnotatedColumn - Binding column: IndexColumn(column='requiredComponents_ORDER')
13:10:14.339 [main] DEBUG org.hibernate.boot.model.internal.AnnotatedColumn - Binding column: AnnotatedColumn()
13:10:14.339 [main] DEBUG org.hibernate.boot.model.internal.AnnotatedColumn - Binding column: AnnotatedColumn(column='requiredComponents_KEY')
13:10:14.339 [main] DEBUG org.hibernate.boot.model.internal.AnnotatedColumn - Binding column: AnnotatedJoinColumn(column='requiredComponents_KEY')
13:10:14.339 [main] DEBUG org.hibernate.boot.model.internal.AnnotatedColumn - Binding column: AnnotatedJoinColumn(column='task_id')
13:10:14.339 [main] DEBUG org.hibernate.boot.model.internal.AnnotatedColumn - Binding column: AnnotatedJoinColumn(column='component_id')
13:10:14.339 [main] DEBUG org.hibernate.boot.model.internal.CollectionBinder - Collection role: org.frcpm.models.Task.requiredComponents
13:10:14.339 [main] DEBUG org.hibernate.boot.model.internal.PropertyBinder - Building property requiredComponents
13:10:14.339 [main] DEBUG org.hibernate.boot.model.internal.AnnotatedColumn - Binding column: AnnotatedColumn(column='start_date')
13:10:14.339 [main] DEBUG org.hibernate.boot.model.internal.PropertyBinder - MetadataSourceProcessor property startDate with lazy=false
13:10:14.339 [main] DEBUG org.hibernate.boot.model.internal.AbstractPropertyHolder - Attempting to locate auto-apply AttributeConverter for property [org.frcpm.models.Task:startDate]
13:10:14.339 [main] DEBUG org.hibernate.boot.model.internal.BasicValueBinder - building BasicValue for startDate
13:10:14.339 [main] DEBUG org.hibernate.mapping.BasicValue - Skipping column re-registration: tasks.start_date
13:10:14.339 [main] DEBUG org.hibernate.boot.model.internal.PropertyBinder - Building property startDate
13:10:14.339 [main] DEBUG org.hibernate.boot.model.internal.AnnotatedColumn - Binding column: AnnotatedJoinColumn(column='subsystem_id')
13:10:14.339 [main] DEBUG org.hibernate.boot.model.internal.AnnotatedColumn - Binding column: AnnotatedColumn()
13:10:14.339 [main] DEBUG org.hibernate.boot.model.internal.PropertyBinder - Building property subsystem
13:10:14.339 [main] DEBUG org.hibernate.boot.model.internal.AnnotatedColumn - Binding column: AnnotatedColumn(column='title')
13:10:14.339 [main] DEBUG org.hibernate.boot.model.internal.PropertyBinder - MetadataSourceProcessor property title with lazy=false
13:10:14.339 [main] DEBUG org.hibernate.boot.model.internal.AbstractPropertyHolder - Attempting to locate auto-apply AttributeConverter for property [org.frcpm.models.Task:title]
13:10:14.339 [main] DEBUG org.hibernate.boot.model.internal.BasicValueBinder - building BasicValue for title
13:10:14.339 [main] DEBUG org.hibernate.mapping.BasicValue - Skipping column re-registration: tasks.title
13:10:14.339 [main] DEBUG org.hibernate.boot.model.internal.PropertyBinder - Building property title
13:10:14.341 [main] DEBUG org.hibernate.boot.registry.classloading.internal.ClassLoaderServiceImpl - HHH000194: Package not found or no package-info.java: org.frcpm.models
13:10:14.341 [main] DEBUG org.hibernate.boot.model.internal.EntityBinder - Binding entity from annotated class: org.frcpm.models.TeamMember
13:10:14.341 [main] DEBUG org.hibernate.boot.model.internal.EntityBinder - Import with entity name TeamMember
13:10:14.341 [main] DEBUG org.hibernate.boot.model.internal.EntityBinder - Bind entity org.frcpm.models.TeamMember on table team_members
13:10:14.341 [main] DEBUG org.hibernate.boot.model.internal.AnnotatedColumn - Binding column: AnnotatedDiscriminatorColumn(column='DTYPE')
13:10:14.342 [main] DEBUG org.hibernate.boot.model.internal.AnnotatedColumn - Binding column: AnnotatedColumn()
13:10:14.342 [main] DEBUG org.hibernate.boot.internal.ClassLoaderAccessImpl - Not known whether passed class name [org.frcpm.models.TeamMember] is safe
13:10:14.342 [main] DEBUG org.hibernate.boot.internal.ClassLoaderAccessImpl - No temp ClassLoader provided; using live ClassLoader for loading potentially unsafe class : org.frcpm.models.TeamMember
13:10:14.342 [main] DEBUG org.hibernate.boot.model.internal.PropertyBinder - MetadataSourceProcessor property id with lazy=false
13:10:14.342 [main] DEBUG org.hibernate.boot.model.internal.AbstractPropertyHolder - Attempting to locate auto-apply AttributeConverter for property [org.frcpm.models.TeamMember:id]
13:10:14.342 [main] DEBUG org.hibernate.boot.model.internal.BasicValueBinder - building BasicValue for id
13:10:14.342 [main] DEBUG org.hibernate.mapping.BasicValue - Skipping column re-registration: team_members.id
13:10:14.342 [main] DEBUG org.hibernate.boot.model.internal.PropertyBinder - Building property id
13:10:14.342 [main] DEBUG org.hibernate.boot.model.internal.BinderHelper - #makeIdGenerator(BasicValue([Column(id)]), id, identity, , ...)
13:10:14.342 [main] DEBUG org.hibernate.boot.model.internal.AnnotatedColumn - Binding column: IndexColumn(column='assignedTasks_ORDER')
13:10:14.342 [main] DEBUG org.hibernate.boot.model.internal.AnnotatedColumn - Binding column: AnnotatedColumn()
13:10:14.342 [main] DEBUG org.hibernate.boot.model.internal.AnnotatedColumn - Binding column: AnnotatedColumn(column='assignedTasks_KEY')
13:10:14.342 [main] DEBUG org.hibernate.boot.model.internal.AnnotatedColumn - Binding column: AnnotatedJoinColumn(column='assignedTasks_KEY')
13:10:14.342 [main] DEBUG org.hibernate.boot.model.internal.AnnotatedColumn - Binding column: AnnotatedJoinColumn()
13:10:14.342 [main] DEBUG org.hibernate.boot.model.internal.AnnotatedColumn - Binding column: AnnotatedJoinColumn()
13:10:14.342 [main] DEBUG org.hibernate.boot.model.internal.CollectionBinder - Collection role: org.frcpm.models.TeamMember.assignedTasks
13:10:14.342 [main] DEBUG org.hibernate.boot.model.internal.PropertyBinder - Building property assignedTasks
13:10:14.342 [main] DEBUG org.hibernate.boot.model.internal.AnnotatedColumn - Binding column: AnnotatedJoinColumn()
13:10:14.342 [main] DEBUG org.hibernate.boot.model.internal.AnnotatedColumn - Binding column: AnnotatedColumn()
13:10:14.342 [main] DEBUG org.hibernate.boot.model.internal.AnnotatedColumn - Binding column: IndexColumn(column='attendances_ORDER')
13:10:14.342 [main] DEBUG org.hibernate.boot.model.internal.AnnotatedColumn - Binding column: AnnotatedColumn()
13:10:14.342 [main] DEBUG org.hibernate.boot.model.internal.AnnotatedColumn - Binding column: AnnotatedColumn(column='attendances_KEY')
13:10:14.342 [main] DEBUG org.hibernate.boot.model.internal.AnnotatedColumn - Binding column: AnnotatedJoinColumn(column='attendances_KEY')
13:10:14.342 [main] DEBUG org.hibernate.boot.model.internal.AnnotatedColumn - Binding column: AnnotatedJoinColumn()
13:10:14.342 [main] DEBUG org.hibernate.boot.model.internal.AnnotatedColumn - Binding column: AnnotatedJoinColumn()
13:10:14.342 [main] DEBUG org.hibernate.boot.model.internal.CollectionBinder - Collection role: org.frcpm.models.TeamMember.attendances
13:10:14.342 [main] DEBUG org.hibernate.boot.model.internal.PropertyBinder - Building property attendances
13:10:14.342 [main] DEBUG org.hibernate.boot.model.internal.AnnotatedColumn - Binding column: AnnotatedColumn(column='email')
13:10:14.342 [main] DEBUG org.hibernate.boot.model.internal.PropertyBinder - MetadataSourceProcessor property email with lazy=false
13:10:14.342 [main] DEBUG org.hibernate.boot.model.internal.AbstractPropertyHolder - Attempting to locate auto-apply AttributeConverter for property [org.frcpm.models.TeamMember:email]
13:10:14.343 [main] DEBUG org.hibernate.boot.model.internal.BasicValueBinder - building BasicValue for email
13:10:14.343 [main] DEBUG org.hibernate.mapping.BasicValue - Skipping column re-registration: team_members.email
13:10:14.343 [main] DEBUG org.hibernate.boot.model.internal.PropertyBinder - Building property email
13:10:14.343 [main] DEBUG org.hibernate.boot.model.internal.AnnotatedColumn - Binding column: AnnotatedColumn(column='first_name')
13:10:14.343 [main] DEBUG org.hibernate.boot.model.internal.PropertyBinder - MetadataSourceProcessor property firstName with lazy=false
13:10:14.343 [main] DEBUG org.hibernate.boot.model.internal.AbstractPropertyHolder - Attempting to locate auto-apply AttributeConverter for property [org.frcpm.models.TeamMember:firstName]
13:10:14.343 [main] DEBUG org.hibernate.boot.model.internal.BasicValueBinder - building BasicValue for firstName
13:10:14.343 [main] DEBUG org.hibernate.mapping.BasicValue - Skipping column re-registration: team_members.first_name
13:10:14.343 [main] DEBUG org.hibernate.boot.model.internal.PropertyBinder - Building property firstName
13:10:14.343 [main] DEBUG org.hibernate.boot.model.internal.AnnotatedColumn - Binding column: AnnotatedColumn(column='last_name')
13:10:14.343 [main] DEBUG org.hibernate.boot.model.internal.PropertyBinder - MetadataSourceProcessor property lastName with lazy=false
13:10:14.343 [main] DEBUG org.hibernate.boot.model.internal.AbstractPropertyHolder - Attempting to locate auto-apply AttributeConverter for property [org.frcpm.models.TeamMember:lastName]
13:10:14.343 [main] DEBUG org.hibernate.boot.model.internal.BasicValueBinder - building BasicValue for lastName
13:10:14.343 [main] DEBUG org.hibernate.mapping.BasicValue - Skipping column re-registration: team_members.last_name
13:10:14.343 [main] DEBUG org.hibernate.boot.model.internal.PropertyBinder - Building property lastName
13:10:14.343 [main] DEBUG org.hibernate.boot.model.internal.AnnotatedColumn - Binding column: AnnotatedColumn(column='is_leader')
13:10:14.343 [main] DEBUG org.hibernate.boot.model.internal.PropertyBinder - MetadataSourceProcessor property leader with lazy=false
13:10:14.343 [main] DEBUG org.hibernate.boot.model.internal.AbstractPropertyHolder - Attempting to locate auto-apply AttributeConverter for property [org.frcpm.models.TeamMember:leader]
13:10:14.343 [main] DEBUG org.hibernate.boot.model.internal.BasicValueBinder - building BasicValue for leader
13:10:14.343 [main] DEBUG org.hibernate.mapping.BasicValue - Skipping column re-registration: team_members.is_leader
13:10:14.343 [main] DEBUG org.hibernate.boot.model.internal.PropertyBinder - Building property leader
13:10:14.343 [main] DEBUG org.hibernate.boot.model.internal.AnnotatedColumn - Binding column: AnnotatedColumn(column='phone')
13:10:14.343 [main] DEBUG org.hibernate.boot.model.internal.PropertyBinder - MetadataSourceProcessor property phone with lazy=false
13:10:14.343 [main] DEBUG org.hibernate.boot.model.internal.AbstractPropertyHolder - Attempting to locate auto-apply AttributeConverter for property [org.frcpm.models.TeamMember:phone]
13:10:14.343 [main] DEBUG org.hibernate.boot.model.internal.BasicValueBinder - building BasicValue for phone
13:10:14.343 [main] DEBUG org.hibernate.mapping.BasicValue - Skipping column re-registration: team_members.phone
13:10:14.343 [main] DEBUG org.hibernate.boot.model.internal.PropertyBinder - Building property phone
13:10:14.343 [main] DEBUG org.hibernate.boot.model.internal.AnnotatedColumn - Binding column: AnnotatedColumn(column='skills')
13:10:14.343 [main] DEBUG org.hibernate.boot.model.internal.PropertyBinder - MetadataSourceProcessor property skills with lazy=false
13:10:14.343 [main] DEBUG org.hibernate.boot.model.internal.AbstractPropertyHolder - Attempting to locate auto-apply AttributeConverter for property [org.frcpm.models.TeamMember:skills]
13:10:14.343 [main] DEBUG org.hibernate.boot.model.internal.BasicValueBinder - building BasicValue for skills
13:10:14.343 [main] DEBUG org.hibernate.mapping.BasicValue - Skipping column re-registration: team_members.skills
13:10:14.343 [main] DEBUG org.hibernate.boot.model.internal.PropertyBinder - Building property skills
13:10:14.343 [main] DEBUG org.hibernate.boot.model.internal.AnnotatedColumn - Binding column: AnnotatedJoinColumn(column='subteam_id')
13:10:14.343 [main] DEBUG org.hibernate.boot.model.internal.AnnotatedColumn - Binding column: AnnotatedColumn()
13:10:14.343 [main] DEBUG org.hibernate.boot.model.internal.PropertyBinder - Building property subteam
13:10:14.343 [main] DEBUG org.hibernate.boot.model.internal.AnnotatedColumn - Binding column: AnnotatedColumn(column='username')
13:10:14.343 [main] DEBUG org.hibernate.boot.model.internal.PropertyBinder - MetadataSourceProcessor property username with lazy=false
13:10:14.343 [main] DEBUG org.hibernate.boot.model.internal.AbstractPropertyHolder - Attempting to locate auto-apply AttributeConverter for property [org.frcpm.models.TeamMember:username]
13:10:14.343 [main] DEBUG org.hibernate.boot.model.internal.BasicValueBinder - building BasicValue for username
13:10:14.343 [main] DEBUG org.hibernate.mapping.BasicValue - Skipping column re-registration: team_members.username
13:10:14.343 [main] DEBUG org.hibernate.boot.model.internal.PropertyBinder - Building property username
13:10:14.345 [main] DEBUG org.hibernate.boot.registry.classloading.internal.ClassLoaderServiceImpl - HHH000194: Package not found or no package-info.java: org.frcpm.models
13:10:14.346 [main] DEBUG org.hibernate.boot.model.internal.BasicValueBinder - Starting `BasicValueBinder#fillSimpleValue` for id
13:10:14.346 [main] DEBUG org.hibernate.boot.model.internal.BasicValueBinder - Starting `BasicValueBinder#fillSimpleValue` for arrivalTime
13:10:14.346 [main] DEBUG org.hibernate.boot.model.internal.BasicValueBinder - Starting `BasicValueBinder#fillSimpleValue` for departureTime
13:10:14.346 [main] DEBUG org.hibernate.boot.model.internal.BasicValueBinder - Starting `BasicValueBinder#fillSimpleValue` for present
13:10:14.346 [main] DEBUG org.hibernate.boot.model.internal.BasicValueBinder - Starting `BasicValueBinder#fillSimpleValue` for id
13:10:14.346 [main] DEBUG org.hibernate.boot.model.internal.BasicValueBinder - Starting `BasicValueBinder#fillSimpleValue` for date
13:10:14.346 [main] DEBUG org.hibernate.boot.model.internal.BasicValueBinder - Starting `BasicValueBinder#fillSimpleValue` for endTime
13:10:14.346 [main] DEBUG org.hibernate.boot.model.internal.BasicValueBinder - Starting `BasicValueBinder#fillSimpleValue` for notes
13:10:14.346 [main] DEBUG org.hibernate.boot.model.internal.BasicValueBinder - Starting `BasicValueBinder#fillSimpleValue` for startTime
13:10:14.346 [main] DEBUG org.hibernate.boot.model.internal.BasicValueBinder - Starting `BasicValueBinder#fillSimpleValue` for id
13:10:14.346 [main] DEBUG org.hibernate.boot.model.internal.BasicValueBinder - Starting `BasicValueBinder#fillSimpleValue` for description
13:10:14.346 [main] DEBUG org.hibernate.boot.model.internal.BasicValueBinder - Starting `BasicValueBinder#fillSimpleValue` for name
13:10:14.346 [main] DEBUG org.hibernate.boot.model.internal.BasicValueBinder - Starting `BasicValueBinder#fillSimpleValue` for status
13:10:14.346 [main] DEBUG org.hibernate.boot.model.internal.BasicValueBinder - Starting `BasicValueBinder#fillSimpleValue` for id
13:10:14.346 [main] DEBUG org.hibernate.boot.model.internal.BasicValueBinder - Starting `BasicValueBinder#fillSimpleValue` for actualDelivery
13:10:14.346 [main] DEBUG org.hibernate.boot.model.internal.BasicValueBinder - Starting `BasicValueBinder#fillSimpleValue` for delivered
13:10:14.346 [main] DEBUG org.hibernate.boot.model.internal.BasicValueBinder - Starting `BasicValueBinder#fillSimpleValue` for description
13:10:14.346 [main] DEBUG org.hibernate.boot.model.internal.BasicValueBinder - Starting `BasicValueBinder#fillSimpleValue` for expectedDelivery
13:10:14.346 [main] DEBUG org.hibernate.boot.model.internal.BasicValueBinder - Starting `BasicValueBinder#fillSimpleValue` for name
13:10:14.346 [main] DEBUG org.hibernate.boot.model.internal.BasicValueBinder - Starting `BasicValueBinder#fillSimpleValue` for partNumber
13:10:14.346 [main] DEBUG org.hibernate.boot.model.internal.BasicValueBinder - Starting `BasicValueBinder#fillSimpleValue` for id
13:10:14.346 [main] DEBUG org.hibernate.boot.model.internal.BasicValueBinder - Starting `BasicValueBinder#fillSimpleValue` for date
13:10:14.346 [main] DEBUG org.hibernate.boot.model.internal.BasicValueBinder - Starting `BasicValueBinder#fillSimpleValue` for description
13:10:14.346 [main] DEBUG org.hibernate.boot.model.internal.BasicValueBinder - Starting `BasicValueBinder#fillSimpleValue` for name
13:10:14.346 [main] DEBUG org.hibernate.boot.model.internal.BasicValueBinder - Starting `BasicValueBinder#fillSimpleValue` for id
13:10:14.346 [main] DEBUG org.hibernate.boot.model.internal.BasicValueBinder - Starting `BasicValueBinder#fillSimpleValue` for description
13:10:14.346 [main] DEBUG org.hibernate.boot.model.internal.BasicValueBinder - Starting `BasicValueBinder#fillSimpleValue` for goalEndDate
13:10:14.346 [main] DEBUG org.hibernate.boot.model.internal.BasicValueBinder - Starting `BasicValueBinder#fillSimpleValue` for hardDeadline
13:10:14.346 [main] DEBUG org.hibernate.boot.model.internal.BasicValueBinder - Starting `BasicValueBinder#fillSimpleValue` for name
13:10:14.346 [main] DEBUG org.hibernate.boot.model.internal.BasicValueBinder - Starting `BasicValueBinder#fillSimpleValue` for startDate
13:10:14.346 [main] DEBUG org.hibernate.boot.model.internal.BasicValueBinder - Starting `BasicValueBinder#fillSimpleValue` for id
13:10:14.346 [main] DEBUG org.hibernate.boot.model.internal.BasicValueBinder - Starting `BasicValueBinder#fillSimpleValue` for colorCode
13:10:14.346 [main] DEBUG org.hibernate.boot.model.internal.BasicValueBinder - Starting `BasicValueBinder#fillSimpleValue` for name
13:10:14.346 [main] DEBUG org.hibernate.boot.model.internal.BasicValueBinder - Starting `BasicValueBinder#fillSimpleValue` for specialties
13:10:14.346 [main] DEBUG org.hibernate.boot.model.internal.BasicValueBinder - Starting `BasicValueBinder#fillSimpleValue` for id
13:10:14.346 [main] DEBUG org.hibernate.boot.model.internal.BasicValueBinder - Starting `BasicValueBinder#fillSimpleValue` for actualDurationSeconds
13:10:14.346 [main] DEBUG org.hibernate.boot.model.internal.BasicValueBinder - Starting `BasicValueBinder#fillSimpleValue` for completed
13:10:14.346 [main] DEBUG org.hibernate.boot.model.internal.BasicValueBinder - Starting `BasicValueBinder#fillSimpleValue` for description
13:10:14.346 [main] DEBUG org.hibernate.boot.model.internal.BasicValueBinder - Starting `BasicValueBinder#fillSimpleValue` for endDate
13:10:14.346 [main] DEBUG org.hibernate.boot.model.internal.BasicValueBinder - Starting `BasicValueBinder#fillSimpleValue` for estimatedDurationSeconds
13:10:14.346 [main] DEBUG org.hibernate.boot.model.internal.BasicValueBinder - Starting `BasicValueBinder#fillSimpleValue` for priority
13:10:14.346 [main] DEBUG org.hibernate.boot.model.internal.BasicValueBinder - Starting `BasicValueBinder#fillSimpleValue` for progress
13:10:14.346 [main] DEBUG org.hibernate.boot.model.internal.BasicValueBinder - Starting `BasicValueBinder#fillSimpleValue` for startDate
13:10:14.346 [main] DEBUG org.hibernate.boot.model.internal.BasicValueBinder - Starting `BasicValueBinder#fillSimpleValue` for title
13:10:14.346 [main] DEBUG org.hibernate.boot.model.internal.BasicValueBinder - Starting `BasicValueBinder#fillSimpleValue` for id
13:10:14.346 [main] DEBUG org.hibernate.boot.model.internal.BasicValueBinder - Starting `BasicValueBinder#fillSimpleValue` for email
13:10:14.346 [main] DEBUG org.hibernate.boot.model.internal.BasicValueBinder - Starting `BasicValueBinder#fillSimpleValue` for firstName
13:10:14.346 [main] DEBUG org.hibernate.boot.model.internal.BasicValueBinder - Starting `BasicValueBinder#fillSimpleValue` for lastName
13:10:14.346 [main] DEBUG org.hibernate.boot.model.internal.BasicValueBinder - Starting `BasicValueBinder#fillSimpleValue` for leader
13:10:14.346 [main] DEBUG org.hibernate.boot.model.internal.BasicValueBinder - Starting `BasicValueBinder#fillSimpleValue` for phone
13:10:14.346 [main] DEBUG org.hibernate.boot.model.internal.BasicValueBinder - Starting `BasicValueBinder#fillSimpleValue` for skills
13:10:14.346 [main] DEBUG org.hibernate.boot.model.internal.BasicValueBinder - Starting `BasicValueBinder#fillSimpleValue` for username
13:10:14.347 [main] DEBUG org.hibernate.mapping.PrimaryKey - Forcing column [id] to be non-null as it is part of the primary key for table [attendances]
13:10:14.347 [main] DEBUG org.hibernate.mapping.PrimaryKey - Forcing column [id] to be non-null as it is part of the primary key for table [meetings]
13:10:14.347 [main] DEBUG org.hibernate.mapping.PrimaryKey - Forcing column [id] to be non-null as it is part of the primary key for table [subsystems]
13:10:14.347 [main] DEBUG org.hibernate.mapping.PrimaryKey - Forcing column [id] to be non-null as it is part of the primary key for table [components]
13:10:14.347 [main] DEBUG org.hibernate.mapping.PrimaryKey - Forcing column [id] to be non-null as it is part of the primary key for table [milestones]
13:10:14.347 [main] DEBUG org.hibernate.mapping.PrimaryKey - Forcing column [id] to be non-null as it is part of the primary key for table [projects]
13:10:14.347 [main] DEBUG org.hibernate.mapping.PrimaryKey - Forcing column [id] to be non-null as it is part of the primary key for table [subteams]
13:10:14.347 [main] DEBUG org.hibernate.mapping.PrimaryKey - Forcing column [id] to be non-null as it is part of the primary key for table [tasks]
13:10:14.347 [main] DEBUG org.hibernate.mapping.PrimaryKey - Forcing column [id] to be non-null as it is part of the primary key for table [team_members]
13:10:14.347 [main] DEBUG org.hibernate.boot.model.internal.CollectionSecondPass - Second pass for collection: org.frcpm.models.Task.requiredComponents
13:10:14.347 [main] DEBUG org.hibernate.boot.model.internal.CollectionBinder - Binding a ManyToMany: org.frcpm.models.Task.requiredComponents
13:10:14.349 [main] DEBUG org.hibernate.boot.registry.classloading.internal.ClassLoaderServiceImpl - HHH000194: Package not found or no package-info.java: org.frcpm.models
13:10:14.349 [main] DEBUG org.hibernate.mapping.PrimaryKey - Forcing column [task_id] to be non-null as it is part of the primary key for table [task_components]
13:10:14.349 [main] DEBUG org.hibernate.mapping.PrimaryKey - Forcing column [component_id] to be non-null as it is part of the primary key for table [task_components]
13:10:14.349 [main] DEBUG org.hibernate.boot.model.internal.CollectionSecondPass - Mapped collection key: task_id, element: component_id
13:10:14.349 [main] DEBUG org.hibernate.boot.model.internal.CollectionSecondPass - Second pass for collection: org.frcpm.models.Task.preDependencies
13:10:14.349 [main] DEBUG org.hibernate.boot.model.internal.CollectionBinder - Binding a ManyToMany: org.frcpm.models.Task.preDependencies
13:10:14.350 [main] DEBUG org.hibernate.boot.registry.classloading.internal.ClassLoaderServiceImpl - HHH000194: Package not found or no package-info.java: org.frcpm.models
13:10:14.351 [main] DEBUG org.hibernate.mapping.PrimaryKey - Forcing column [task_id] to be non-null as it is part of the primary key for table [task_dependencies]
13:10:14.351 [main] DEBUG org.hibernate.mapping.PrimaryKey - Forcing column [dependency_id] to be non-null as it is part of the primary key for table [task_dependencies]
13:10:14.351 [main] DEBUG org.hibernate.boot.model.internal.CollectionSecondPass - Mapped collection key: task_id, element: dependency_id
13:10:14.351 [main] DEBUG org.hibernate.boot.model.internal.CollectionSecondPass - Second pass for collection: org.frcpm.models.Task.assignedTo
13:10:14.351 [main] DEBUG org.hibernate.boot.model.internal.CollectionBinder - Binding a ManyToMany: org.frcpm.models.Task.assignedTo
13:10:14.354 [main] DEBUG org.hibernate.boot.registry.classloading.internal.ClassLoaderServiceImpl - HHH000194: Package not found or no package-info.java: org.frcpm.models
13:10:14.355 [main] DEBUG org.hibernate.mapping.PrimaryKey - Forcing column [task_id] to be non-null as it is part of the primary key for table [task_assignments]
13:10:14.355 [main] DEBUG org.hibernate.mapping.PrimaryKey - Forcing column [team_member_id] to be non-null as it is part of the primary key for table [task_assignments]
13:10:14.355 [main] DEBUG org.hibernate.boot.model.internal.CollectionSecondPass - Mapped collection key: task_id, element: team_member_id
13:10:14.355 [main] DEBUG org.hibernate.boot.model.internal.CollectionSecondPass - Second pass for collection: org.frcpm.models.Meeting.attendances
13:10:14.355 [main] DEBUG org.hibernate.boot.model.internal.CollectionBinder - Binding a OneToMany: org.frcpm.models.Meeting.attendances through a foreign key
13:10:14.355 [main] DEBUG org.hibernate.boot.model.internal.CollectionBinder - Mapping collection: org.frcpm.models.Meeting.attendances -> attendances
13:10:14.355 [main] DEBUG org.hibernate.boot.model.internal.TableBinder - Retrieving property org.frcpm.models.Attendance.meeting
13:10:14.355 [main] DEBUG org.hibernate.boot.model.internal.CollectionSecondPass - Mapped collection key: meeting_id, one-to-many: org.frcpm.models.Attendance
13:10:14.355 [main] DEBUG org.hibernate.boot.model.internal.CollectionSecondPass - Second pass for collection: org.frcpm.models.Subsystem.tasks
13:10:14.355 [main] DEBUG org.hibernate.boot.model.internal.CollectionBinder - Binding a OneToMany: org.frcpm.models.Subsystem.tasks through a foreign key
13:10:14.355 [main] DEBUG org.hibernate.boot.model.internal.CollectionBinder - Mapping collection: org.frcpm.models.Subsystem.tasks -> tasks
13:10:14.355 [main] DEBUG org.hibernate.boot.model.internal.TableBinder - Retrieving property org.frcpm.models.Task.subsystem
13:10:14.355 [main] DEBUG org.hibernate.boot.model.internal.CollectionSecondPass - Mapped collection key: subsystem_id, one-to-many: org.frcpm.models.Task
13:10:14.355 [main] DEBUG org.hibernate.boot.model.internal.CollectionSecondPass - Second pass for collection: org.frcpm.models.Component.requiredForTasks
13:10:14.355 [main] DEBUG org.hibernate.boot.model.internal.CollectionBinder - Binding a ManyToMany: org.frcpm.models.Component.requiredForTasks
13:10:14.357 [main] DEBUG org.hibernate.boot.registry.classloading.internal.ClassLoaderServiceImpl - HHH000194: Package not found or no package-info.java: org.frcpm.models
13:10:14.357 [main] DEBUG org.hibernate.boot.model.internal.TableBinder - Retrieving property org.frcpm.models.Task.requiredComponents
13:10:14.358 [main] DEBUG org.hibernate.boot.model.internal.CollectionSecondPass - Mapped collection key: component_id, element: task_id
13:10:14.358 [main] DEBUG org.hibernate.boot.model.internal.CollectionSecondPass - Second pass for collection: org.frcpm.models.Project.meetings
13:10:14.358 [main] DEBUG org.hibernate.boot.model.internal.CollectionBinder - Binding a OneToMany: org.frcpm.models.Project.meetings through a foreign key
13:10:14.358 [main] DEBUG org.hibernate.boot.model.internal.CollectionBinder - Mapping collection: org.frcpm.models.Project.meetings -> meetings
13:10:14.358 [main] DEBUG org.hibernate.boot.model.internal.TableBinder - Retrieving property org.frcpm.models.Meeting.project
13:10:14.358 [main] DEBUG org.hibernate.boot.model.internal.CollectionSecondPass - Mapped collection key: project_id, one-to-many: org.frcpm.models.Meeting
13:10:14.358 [main] DEBUG org.hibernate.boot.model.internal.CollectionSecondPass - Second pass for collection: org.frcpm.models.Project.milestones
13:10:14.358 [main] DEBUG org.hibernate.boot.model.internal.CollectionBinder - Binding a OneToMany: org.frcpm.models.Project.milestones through a foreign key
13:10:14.358 [main] DEBUG org.hibernate.boot.model.internal.CollectionBinder - Mapping collection: org.frcpm.models.Project.milestones -> milestones
13:10:14.358 [main] DEBUG org.hibernate.boot.model.internal.TableBinder - Retrieving property org.frcpm.models.Milestone.project
13:10:14.358 [main] DEBUG org.hibernate.boot.model.internal.CollectionSecondPass - Mapped collection key: project_id, one-to-many: org.frcpm.models.Milestone
13:10:14.358 [main] DEBUG org.hibernate.boot.model.internal.CollectionSecondPass - Second pass for collection: org.frcpm.models.Project.tasks
13:10:14.358 [main] DEBUG org.hibernate.boot.model.internal.CollectionBinder - Binding a OneToMany: org.frcpm.models.Project.tasks through a foreign key
13:10:14.358 [main] DEBUG org.hibernate.boot.model.internal.CollectionBinder - Mapping collection: org.frcpm.models.Project.tasks -> tasks
13:10:14.358 [main] DEBUG org.hibernate.boot.model.internal.TableBinder - Retrieving property org.frcpm.models.Task.project
13:10:14.359 [main] DEBUG org.hibernate.boot.model.internal.CollectionSecondPass - Mapped collection key: project_id, one-to-many: org.frcpm.models.Task
13:10:14.359 [main] DEBUG org.hibernate.boot.model.internal.CollectionSecondPass - Second pass for collection: org.frcpm.models.Subteam.members
13:10:14.359 [main] DEBUG org.hibernate.boot.model.internal.CollectionBinder - Binding a OneToMany: org.frcpm.models.Subteam.members through a foreign key
13:10:14.359 [main] DEBUG org.hibernate.boot.model.internal.CollectionBinder - Mapping collection: org.frcpm.models.Subteam.members -> team_members
13:10:14.359 [main] DEBUG org.hibernate.boot.model.internal.TableBinder - Retrieving property org.frcpm.models.TeamMember.subteam
13:10:14.359 [main] DEBUG org.hibernate.boot.model.internal.CollectionSecondPass - Mapped collection key: subteam_id, one-to-many: org.frcpm.models.TeamMember
13:10:14.359 [main] DEBUG org.hibernate.boot.model.internal.CollectionSecondPass - Second pass for collection: org.frcpm.models.Subteam.subsystems
13:10:14.359 [main] DEBUG org.hibernate.boot.model.internal.CollectionBinder - Binding a OneToMany: org.frcpm.models.Subteam.subsystems through a foreign key
13:10:14.359 [main] DEBUG org.hibernate.boot.model.internal.CollectionBinder - Mapping collection: org.frcpm.models.Subteam.subsystems -> subsystems
13:10:14.359 [main] DEBUG org.hibernate.boot.model.internal.TableBinder - Retrieving property org.frcpm.models.Subsystem.responsibleSubteam
13:10:14.359 [main] DEBUG org.hibernate.boot.model.internal.CollectionSecondPass - Mapped collection key: responsible_subteam_id, one-to-many: org.frcpm.models.Subsystem
13:10:14.359 [main] DEBUG org.hibernate.boot.model.internal.CollectionSecondPass - Second pass for collection: org.frcpm.models.Task.postDependencies
13:10:14.359 [main] DEBUG org.hibernate.boot.model.internal.CollectionBinder - Binding a ManyToMany: org.frcpm.models.Task.postDependencies
13:10:14.361 [main] DEBUG org.hibernate.boot.registry.classloading.internal.ClassLoaderServiceImpl - HHH000194: Package not found or no package-info.java: org.frcpm.models
13:10:14.361 [main] DEBUG org.hibernate.boot.model.internal.TableBinder - Retrieving property org.frcpm.models.Task.preDependencies
13:10:14.361 [main] DEBUG org.hibernate.boot.model.internal.CollectionSecondPass - Mapped collection key: dependency_id, element: task_id
13:10:14.361 [main] DEBUG org.hibernate.boot.model.internal.CollectionSecondPass - Second pass for collection: org.frcpm.models.TeamMember.assignedTasks
13:10:14.361 [main] DEBUG org.hibernate.boot.model.internal.CollectionBinder - Binding a ManyToMany: org.frcpm.models.TeamMember.assignedTasks
13:10:14.362 [frcpm-hikari-pool connection adder] DEBUG com.zaxxer.hikari.pool.HikariPool - frcpm-hikari-pool - After adding stats (total=3, active=0, idle=3, waiting=0)
13:10:14.363 [frcpm-hikari-pool connection adder] DEBUG com.zaxxer.hikari.pool.HikariPool - frcpm-hikari-pool - Added connection conn32: url=jdbc:h2:mem:testdb user=SA
13:10:14.363 [main] DEBUG org.hibernate.boot.registry.classloading.internal.ClassLoaderServiceImpl - HHH000194: Package not found or no package-info.java: org.frcpm.models
13:10:14.363 [main] DEBUG org.hibernate.boot.model.internal.TableBinder - Retrieving property org.frcpm.models.Task.assignedTo
13:10:14.363 [main] DEBUG org.hibernate.boot.model.internal.CollectionSecondPass - Mapped collection key: team_member_id, element: task_id
13:10:14.363 [main] DEBUG org.hibernate.boot.model.internal.CollectionSecondPass - Second pass for collection: org.frcpm.models.TeamMember.attendances
13:10:14.363 [main] DEBUG org.hibernate.boot.model.internal.CollectionBinder - Binding a OneToMany: org.frcpm.models.TeamMember.attendances through a foreign key
13:10:14.363 [main] DEBUG org.hibernate.boot.model.internal.CollectionBinder - Mapping collection: org.frcpm.models.TeamMember.attendances -> attendances
13:10:14.363 [main] DEBUG org.hibernate.boot.model.internal.TableBinder - Retrieving property org.frcpm.models.Attendance.member
13:10:14.363 [main] DEBUG org.hibernate.boot.model.internal.CollectionSecondPass - Mapped collection key: member_id, one-to-many: org.frcpm.models.Attendance
13:10:14.382 [main] DEBUG org.hibernate.internal.SessionFactoryImpl - Building session factory
13:10:14.383 [main] DEBUG org.hibernate.service.internal.SessionFactoryServiceRegistryImpl - EventListenerRegistry access via ServiceRegistry is deprecated.  Use `sessionFactory.getEventEngine().getListenerRegistry()` instead
13:10:14.383 [main] DEBUG org.hibernate.internal.SessionFactoryImpl - Instantiating SessionFactory with settings: {hibernate.format_sql=true, java.specification.version=21, sun.cpu.isalist=amd64, hibernate.connection.handling_mode=DELAYED_ACQUISITION_AND_RELEASE_AFTER_STATEMENT, sun.jnu.encoding=Cp1252, hibernate.dialect=org.hibernate.dialect.H2Dialect, java.class.path=C:\Users\dhiebert\Local Repositories\Project Management 2.0\target\test-classes;C:\Users\dhiebert\Local Repositories\Project Management 2.0\target\classes;C:\Users\dhiebert\.m2\repository\org\openjfx\javafx-controls\21.0.2\javafx-controls-21.0.2.jar;C:\Users\dhiebert\.m2\repository\org\openjfx\javafx-controls\21.0.2\javafx-controls-21.0.2-win.jar;C:\Users\dhiebert\.m2\repository\org\openjfx\javafx-fxml\21.0.2\javafx-fxml-21.0.2.jar;C:\Users\dhiebert\.m2\repository\org\openjfx\javafx-fxml\21.0.2\javafx-fxml-21.0.2-win.jar;C:\Users\dhiebert\.m2\repository\org\openjfx\javafx-graphics\21.0.2\javafx-graphics-21.0.2.jar;C:\Users\dhiebert\.m2\repository\org\openjfx\javafx-graphics\21.0.2\javafx-graphics-21.0.2-win.jar;C:\Users\dhiebert\.m2\repository\org\openjfx\javafx-base\21.0.2\javafx-base-21.0.2.jar;C:\Users\dhiebert\.m2\repository\org\openjfx\javafx-base\21.0.2\javafx-base-21.0.2-win.jar;C:\Users\dhiebert\.m2\repository\com\h2database\h2\2.2.224\h2-2.2.224.jar;C:\Users\dhiebert\.m2\repository\com\zaxxer\HikariCP\5.1.0\HikariCP-5.1.0.jar;C:\Users\dhiebert\.m2\repository\org\slf4j\slf4j-api\1.7.36\slf4j-api-1.7.36.jar;C:\Users\dhiebert\.m2\repository\org\hibernate\orm\hibernate-core\6.5.0.Final\hibernate-core-6.5.0.Final.jar;C:\Users\dhiebert\.m2\repository\jakarta\persistence\jakarta.persistence-api\3.1.0\jakarta.persistence-api-3.1.0.jar;C:\Users\dhiebert\.m2\repository\jakarta\transaction\jakarta.transaction-api\2.0.1\jakarta.transaction-api-2.0.1.jar;C:\Users\dhiebert\.m2\repository\org\jboss\logging\jboss-logging\3.5.0.Final\jboss-logging-3.5.0.Final.jar;C:\Users\dhiebert\.m2\repository\org\hibernate\common\hibernate-commons-annotations\6.0.6.Final\hibernate-commons-annotations-6.0.6.Final.jar;C:\Users\dhiebert\.m2\repository\io\smallrye\jandex\3.1.2\jandex-3.1.2.jar;C:\Users\dhiebert\.m2\repository\com\fasterxml\classmate\1.5.1\classmate-1.5.1.jar;C:\Users\dhiebert\.m2\repository\net\bytebuddy\byte-buddy\1.14.12\byte-buddy-1.14.12.jar;C:\Users\dhiebert\.m2\repository\jakarta\xml\bind\jakarta.xml.bind-api\4.0.0\jakarta.xml.bind-api-4.0.0.jar;C:\Users\dhiebert\.m2\repository\jakarta\activation\jakarta.activation-api\2.1.0\jakarta.activation-api-2.1.0.jar;C:\Users\dhiebert\.m2\repository\org\glassfish\jaxb\jaxb-runtime\4.0.2\jaxb-runtime-4.0.2.jar;C:\Users\dhiebert\.m2\repository\org\glassfish\jaxb\jaxb-core\4.0.2\jaxb-core-4.0.2.jar;C:\Users\dhiebert\.m2\repository\org\eclipse\angus\angus-activation\2.0.0\angus-activation-2.0.0.jar;C:\Users\dhiebert\.m2\repository\org\glassfish\jaxb\txw2\4.0.2\txw2-4.0.2.jar;C:\Users\dhiebert\.m2\repository\com\sun\istack\istack-commons-runtime\4.1.1\istack-commons-runtime-4.1.1.jar;C:\Users\dhiebert\.m2\repository\jakarta\inject\jakarta.inject-api\2.0.1\jakarta.inject-api-2.0.1.jar;C:\Users\dhiebert\.m2\repository\org\antlr\antlr4-runtime\4.13.0\antlr4-runtime-4.13.0.jar;C:\Users\dhiebert\.m2\repository\org\hibernate\validator\hibernate-validator\8.0.1.Final\hibernate-validator-8.0.1.Final.jar;C:\Users\dhiebert\.m2\repository\jakarta\validation\jakarta.validation-api\3.0.2\jakarta.validation-api-3.0.2.jar;C:\Users\dhiebert\.m2\repository\org\junit\jupiter\junit-jupiter-api\5.10.2\junit-jupiter-api-5.10.2.jar;C:\Users\dhiebert\.m2\repository\org\opentest4j\opentest4j\1.3.0\opentest4j-1.3.0.jar;C:\Users\dhiebert\.m2\repository\org\junit\platform\junit-platform-commons\1.10.2\junit-platform-commons-1.10.2.jar;C:\Users\dhiebert\.m2\repository\org\apiguardian\apiguardian-api\1.1.2\apiguardian-api-1.1.2.jar;C:\Users\dhiebert\.m2\repository\org\junit\jupiter\junit-jupiter-engine\5.10.2\junit-jupiter-engine-5.10.2.jar;C:\Users\dhiebert\.m2\repository\org\junit\platform\junit-platform-engine\1.10.2\junit-platform-engine-1.10.2.jar;C:\Users\dhiebert\.m2\repository\org\mockito\mockito-junit-jupiter\5.10.0\mockito-junit-jupiter-5.10.0.jar;C:\Users\dhiebert\.m2\repository\org\mockito\mockito-core\5.10.0\mockito-core-5.10.0.jar;C:\Users\dhiebert\.m2\repository\net\bytebuddy\byte-buddy-agent\1.14.11\byte-buddy-agent-1.14.11.jar;C:\Users\dhiebert\.m2\repository\org\objenesis\objenesis\3.3\objenesis-3.3.jar;C:\Users\dhiebert\.m2\repository\org\hibernate\orm\hibernate-hikaricp\6.5.0.Final\hibernate-hikaricp-6.5.0.Final.jar;C:\Users\dhiebert\.m2\repository\ch\qos\logback\logback-classic\1.2.11\logback-classic-1.2.11.jar;C:\Users\dhiebert\.m2\repository\ch\qos\logback\logback-core\1.2.11\logback-core-1.2.11.jar;C:\Users\dhiebert\.m2\repository\org\testfx\testfx-core\4.0.18\testfx-core-4.0.18.jar;C:\Users\dhiebert\.m2\repository\org\hamcrest\hamcrest\2.1\hamcrest-2.1.jar;C:\Users\dhiebert\.m2\repository\org\assertj\assertj-core\3.13.2\assertj-core-3.13.2.jar;C:\Users\dhiebert\.m2\repository\org\osgi\org.osgi.core\6.0.0\org.osgi.core-6.0.0.jar;C:\Users\dhiebert\.m2\repository\org\testfx\testfx-junit5\4.0.18\testfx-junit5-4.0.18.jar;C:\Users\dhiebert\.m2\repository\org\openjfx\javafx-web\17.0.2\javafx-web-17.0.2.jar;C:\Users\dhiebert\.m2\repository\org\openjfx\javafx-web\17.0.2\javafx-web-17.0.2-win.jar;C:\Users\dhiebert\.m2\repository\org\openjfx\javafx-media\17.0.2\javafx-media-17.0.2.jar;C:\Users\dhiebert\.m2\repository\org\openjfx\javafx-media\17.0.2\javafx-media-17.0.2-win.jar;C:\Users\dhiebert\.m2\repository\org\apache\pdfbox\pdfbox\2.0.27\pdfbox-2.0.27.jar;C:\Users\dhiebert\.m2\repository\org\apache\pdfbox\fontbox\2.0.27\fontbox-2.0.27.jar;C:\Users\dhiebert\.m2\repository\commons-logging\commons-logging\1.2\commons-logging-1.2.jar;C:\Users\dhiebert\.m2\repository\com\fasterxml\jackson\core\jackson-databind\2.15.0\jackson-databind-2.15.0.jar;C:\Users\dhiebert\.m2\repository\com\fasterxml\jackson\core\jackson-annotations\2.15.0\jackson-annotations-2.15.0.jar;C:\Users\dhiebert\.m2\repository\com\fasterxml\jackson\core\jackson-core\2.15.0\jackson-core-2.15.0.jar;C:\Users\dhiebert\.m2\repository\org\apache\xmlgraphics\batik-all\1.16\batik-all-1.16.jar;C:\Users\dhiebert\.m2\repository\xml-apis\xml-apis\1.4.01\xml-apis-1.4.01.jar;C:\Users\dhiebert\.m2\repository\xml-apis\xml-apis-ext\1.3.04\xml-apis-ext-1.3.04.jar;C:\Users\dhiebert\.m2\repository\org\apache\xmlgraphics\xmlgraphics-commons\2.7\xmlgraphics-commons-2.7.jar;C:\Users\dhiebert\.m2\repository\commons-io\commons-io\1.3.1\commons-io-1.3.1.jar;C:\Users\dhiebert\.m2\repository\org\jgrapht\jgrapht-core\1.5.2\jgrapht-core-1.5.2.jar;C:\Users\dhiebert\.m2\repository\org\jheaps\jheaps\0.14\jheaps-0.14.jar;C:\Users\dhiebert\.m2\repository\org\apfloat\apfloat\1.10.1\apfloat-1.10.1.jar;, java.vm.vendor=Eclipse Adoptium, sun.arch.data.model=64, hibernate.order_inserts=true, user.variant=, java.vendor.url=https://adoptium.net/, user.timezone=America/Chicago, javax.persistence.jdbc.user=****, javax.persistence.jdbc.url=jdbc:h2:mem:testdb;DB_CLOSE_DELAY=-1, java.vm.specification.version=21, os.name=Windows 11, hibernate.generate_statistics=false, hibernate.hikari.connectionTimeout=10000, hibernate.order_updates=true, hibernate.jdbc.batch_versioned_data=true, jakarta.persistence.jdbc.password=****, hibernate.jdbc.batch_size=30, sun.java.launcher=SUN_STANDARD, user.country=US, local.setting.IS_JTA_TXN_COORD=false, sun.boot.library.path=C:\Program Files\Eclipse Adoptium\jdk-21.0.6.7-hotspot\bin, sun.java.command=C:\Users\dhiebert\AppData\Local\Temp\surefire10019069690924606344\surefirebooter-20250411131008082_3.jar C:\Users\dhiebert\AppData\Local\Temp\surefire10019069690924606344 2025-04-11T13-10-07_936-jvmRun1 surefire-20250411131008082_1tmp surefire_0-20250411131008082_2tmp, hibernate.use_sql_comments=true, hibernate.connection.provider_class=org.hibernate.hikaricp.internal.HikariCPConnectionProvider, jdk.debug=release, test=JpaRepositoryImplTest, surefire.test.class.path=C:\Users\dhiebert\Local Repositories\Project Management 2.0\target\test-classes;C:\Users\dhiebert\Local Repositories\Project Management 2.0\target\classes;C:\Users\dhiebert\.m2\repository\org\openjfx\javafx-controls\21.0.2\javafx-controls-21.0.2.jar;C:\Users\dhiebert\.m2\repository\org\openjfx\javafx-controls\21.0.2\javafx-controls-21.0.2-win.jar;C:\Users\dhiebert\.m2\repository\org\openjfx\javafx-fxml\21.0.2\javafx-fxml-21.0.2.jar;C:\Users\dhiebert\.m2\repository\org\openjfx\javafx-fxml\21.0.2\javafx-fxml-21.0.2-win.jar;C:\Users\dhiebert\.m2\repository\org\openjfx\javafx-graphics\21.0.2\javafx-graphics-21.0.2.jar;C:\Users\dhiebert\.m2\repository\org\openjfx\javafx-graphics\21.0.2\javafx-graphics-21.0.2-win.jar;C:\Users\dhiebert\.m2\repository\org\openjfx\javafx-base\21.0.2\javafx-base-21.0.2.jar;C:\Users\dhiebert\.m2\repository\org\openjfx\javafx-base\21.0.2\javafx-base-21.0.2-win.jar;C:\Users\dhiebert\.m2\repository\com\h2database\h2\2.2.224\h2-2.2.224.jar;C:\Users\dhiebert\.m2\repository\com\zaxxer\HikariCP\5.1.0\HikariCP-5.1.0.jar;C:\Users\dhiebert\.m2\repository\org\slf4j\slf4j-api\1.7.36\slf4j-api-1.7.36.jar;C:\Users\dhiebert\.m2\repository\org\hibernate\orm\hibernate-core\6.5.0.Final\hibernate-core-6.5.0.Final.jar;C:\Users\dhiebert\.m2\repository\jakarta\persistence\jakarta.persistence-api\3.1.0\jakarta.persistence-api-3.1.0.jar;C:\Users\dhiebert\.m2\repository\jakarta\transaction\jakarta.transaction-api\2.0.1\jakarta.transaction-api-2.0.1.jar;C:\Users\dhiebert\.m2\repository\org\jboss\logging\jboss-logging\3.5.0.Final\jboss-logging-3.5.0.Final.jar;C:\Users\dhiebert\.m2\repository\org\hibernate\common\hibernate-commons-annotations\6.0.6.Final\hibernate-commons-annotations-6.0.6.Final.jar;C:\Users\dhiebert\.m2\repository\io\smallrye\jandex\3.1.2\jandex-3.1.2.jar;C:\Users\dhiebert\.m2\repository\com\fasterxml\classmate\1.5.1\classmate-1.5.1.jar;C:\Users\dhiebert\.m2\repository\net\bytebuddy\byte-buddy\1.14.12\byte-buddy-1.14.12.jar;C:\Users\dhiebert\.m2\repository\jakarta\xml\bind\jakarta.xml.bind-api\4.0.0\jakarta.xml.bind-api-4.0.0.jar;C:\Users\dhiebert\.m2\repository\jakarta\activation\jakarta.activation-api\2.1.0\jakarta.activation-api-2.1.0.jar;C:\Users\dhiebert\.m2\repository\org\glassfish\jaxb\jaxb-runtime\4.0.2\jaxb-runtime-4.0.2.jar;C:\Users\dhiebert\.m2\repository\org\glassfish\jaxb\jaxb-core\4.0.2\jaxb-core-4.0.2.jar;C:\Users\dhiebert\.m2\repository\org\eclipse\angus\angus-activation\2.0.0\angus-activation-2.0.0.jar;C:\Users\dhiebert\.m2\repository\org\glassfish\jaxb\txw2\4.0.2\txw2-4.0.2.jar;C:\Users\dhiebert\.m2\repository\com\sun\istack\istack-commons-runtime\4.1.1\istack-commons-runtime-4.1.1.jar;C:\Users\dhiebert\.m2\repository\jakarta\inject\jakarta.inject-api\2.0.1\jakarta.inject-api-2.0.1.jar;C:\Users\dhiebert\.m2\repository\org\antlr\antlr4-runtime\4.13.0\antlr4-runtime-4.13.0.jar;C:\Users\dhiebert\.m2\repository\org\hibernate\validator\hibernate-validator\8.0.1.Final\hibernate-validator-8.0.1.Final.jar;C:\Users\dhiebert\.m2\repository\jakarta\validation\jakarta.validation-api\3.0.2\jakarta.validation-api-3.0.2.jar;C:\Users\dhiebert\.m2\repository\org\junit\jupiter\junit-jupiter-api\5.10.2\junit-jupiter-api-5.10.2.jar;C:\Users\dhiebert\.m2\repository\org\opentest4j\opentest4j\1.3.0\opentest4j-1.3.0.jar;C:\Users\dhiebert\.m2\repository\org\junit\platform\junit-platform-commons\1.10.2\junit-platform-commons-1.10.2.jar;C:\Users\dhiebert\.m2\repository\org\apiguardian\apiguardian-api\1.1.2\apiguardian-api-1.1.2.jar;C:\Users\dhiebert\.m2\repository\org\junit\jupiter\junit-jupiter-engine\5.10.2\junit-jupiter-engine-5.10.2.jar;C:\Users\dhiebert\.m2\repository\org\junit\platform\junit-platform-engine\1.10.2\junit-platform-engine-1.10.2.jar;C:\Users\dhiebert\.m2\repository\org\mockito\mockito-junit-jupiter\5.10.0\mockito-junit-jupiter-5.10.0.jar;C:\Users\dhiebert\.m2\repository\org\mockito\mockito-core\5.10.0\mockito-core-5.10.0.jar;C:\Users\dhiebert\.m2\repository\net\bytebuddy\byte-buddy-agent\1.14.11\byte-buddy-agent-1.14.11.jar;C:\Users\dhiebert\.m2\repository\org\objenesis\objenesis\3.3\objenesis-3.3.jar;C:\Users\dhiebert\.m2\repository\org\hibernate\orm\hibernate-hikaricp\6.5.0.Final\hibernate-hikaricp-6.5.0.Final.jar;C:\Users\dhiebert\.m2\repository\ch\qos\logback\logback-classic\1.2.11\logback-classic-1.2.11.jar;C:\Users\dhiebert\.m2\repository\ch\qos\logback\logback-core\1.2.11\logback-core-1.2.11.jar;C:\Users\dhiebert\.m2\repository\org\testfx\testfx-core\4.0.18\testfx-core-4.0.18.jar;C:\Users\dhiebert\.m2\repository\org\hamcrest\hamcrest\2.1\hamcrest-2.1.jar;C:\Users\dhiebert\.m2\repository\org\assertj\assertj-core\3.13.2\assertj-core-3.13.2.jar;C:\Users\dhiebert\.m2\repository\org\osgi\org.osgi.core\6.0.0\org.osgi.core-6.0.0.jar;C:\Users\dhiebert\.m2\repository\org\testfx\testfx-junit5\4.0.18\testfx-junit5-4.0.18.jar;C:\Users\dhiebert\.m2\repository\org\openjfx\javafx-web\17.0.2\javafx-web-17.0.2.jar;C:\Users\dhiebert\.m2\repository\org\openjfx\javafx-web\17.0.2\javafx-web-17.0.2-win.jar;C:\Users\dhiebert\.m2\repository\org\openjfx\javafx-media\17.0.2\javafx-media-17.0.2.jar;C:\Users\dhiebert\.m2\repository\org\openjfx\javafx-media\17.0.2\javafx-media-17.0.2-win.jar;C:\Users\dhiebert\.m2\repository\org\apache\pdfbox\pdfbox\2.0.27\pdfbox-2.0.27.jar;C:\Users\dhiebert\.m2\repository\org\apache\pdfbox\fontbox\2.0.27\fontbox-2.0.27.jar;C:\Users\dhiebert\.m2\repository\commons-logging\commons-logging\1.2\commons-logging-1.2.jar;C:\Users\dhiebert\.m2\repository\com\fasterxml\jackson\core\jackson-databind\2.15.0\jackson-databind-2.15.0.jar;C:\Users\dhiebert\.m2\repository\com\fasterxml\jackson\core\jackson-annotations\2.15.0\jackson-annotations-2.15.0.jar;C:\Users\dhiebert\.m2\repository\com\fasterxml\jackson\core\jackson-core\2.15.0\jackson-core-2.15.0.jar;C:\Users\dhiebert\.m2\repository\org\apache\xmlgraphics\batik-all\1.16\batik-all-1.16.jar;C:\Users\dhiebert\.m2\repository\xml-apis\xml-apis\1.4.01\xml-apis-1.4.01.jar;C:\Users\dhiebert\.m2\repository\xml-apis\xml-apis-ext\1.3.04\xml-apis-ext-1.3.04.jar;C:\Users\dhiebert\.m2\repository\org\apache\xmlgraphics\xmlgraphics-commons\2.7\xmlgraphics-commons-2.7.jar;C:\Users\dhiebert\.m2\repository\commons-io\commons-io\1.3.1\commons-io-1.3.1.jar;C:\Users\dhiebert\.m2\repository\org\jgrapht\jgrapht-core\1.5.2\jgrapht-core-1.5.2.jar;C:\Users\dhiebert\.m2\repository\org\jheaps\jheaps\0.14\jheaps-0.14.jar;C:\Users\dhiebert\.m2\repository\org\apfloat\apfloat\1.10.1\apfloat-1.10.1.jar;, jakarta.persistence.jdbc.driver=org.h2.Driver, sun.cpu.endian=little, user.home=C:\Users\dhiebert, user.language=en, java.specification.vendor=Oracle Corporation, java.version.date=2025-01-21, java.home=C:\Program Files\Eclipse Adoptium\jdk-21.0.6.7-hotspot, file.separator=\, basedir=C:\Users\dhiebert\Local Repositories\Project Management 2.0, java.vm.compressedOopsMode=Zero based, jakarta.persistence.jdbc.user=****, line.separator=
, hibernate.persistenceUnitName=frcpm, java.vm.specification.vendor=Oracle Corporation, java.specification.name=Java Platform API Specification, hibernate.transaction.coordinator_class=class org.hibernate.resource.transaction.backend.jdbc.internal.JdbcResourceLocalTransactionCoordinatorBuilderImpl, javax.persistence.jdbc.driver=org.h2.Driver, hibernate.hikari.maximumPoolSize=10, surefire.real.class.path=C:\Users\dhiebert\AppData\Local\Temp\surefire10019069690924606344\surefirebooter-20250411131008082_3.jar, hibernate.hbm2ddl.auto=create-drop, user.script=, sun.management.compiler=HotSpot 64-Bit Tiered Compilers, java.runtime.version=21.0.6+7-LTS, user.name=dhiebert, hibernate.cache.use_query_cache=false, stdout.encoding=Cp1252, path.separator=;, hibernate.connection.username=****, os.version=10.0, java.runtime.name=OpenJDK Runtime Environment, hibernate.connection.url=jdbc:h2:mem:testdb;DB_CLOSE_DELAY=-1, file.encoding=UTF-8, hibernate.hikari.minimumIdle=2, hibernate.hikari.idleTimeout=30000, java.vm.name=OpenJDK 64-Bit Server VM, hibernate.show_sql=true, java.vendor.version=Temurin-21.0.6+7, hibernate.hikari.poolName=FRC-PM-HikariCP, hibernate.current_session_context_class=thread, localRepository=C:\Users\dhiebert\.m2\repository, hibernate.connection.driver_class=org.h2.Driver, java.vendor.url.bug=https://github.com/adoptium/adoptium-support/issues, java.io.tmpdir=C:\Users\dhiebert\AppData\Local\Temp\, java.version=21.0.6, user.dir=C:\Users\dhiebert\Local Repositories\Project Management 2.0, os.arch=amd64, java.vm.specification.name=Java Virtual Machine Specification, hibernate.connection.password=****, sun.os.patch.level=, jakarta.persistence.jdbc.url=jdbc:h2:mem:testdb;DB_CLOSE_DELAY=-1, hibernate.boot.CfgXmlAccessService.key=org.hibernate.boot.registry.StandardServiceRegistryBuilder$1@a3739e1, native.encoding=Cp1252, hibernate.cache.use_second_level_cache=false, java.library.path=C:\Program Files\Eclipse Adoptium\jdk-21.0.6.7-hotspot\bin;C:\WINDOWS\Sun\Java\bin;C:\WINDOWS\system32;C:\WINDOWS;C:\Program Files\apache-maven-3.9.9\bin;C:\Program Files\apache-maven-3.9.9\bin;C:\Program Files\Eclipse Adoptium\jdk-21.0.6.7-hotspot\bin;C:\Program Files\National Instruments\Shared\OpenVINO\;C:\Program Files\Common Files\Oracle\Java\javapath;C:\WINDOWS\system32;C:\WINDOWS;C:\WINDOWS\System32\Wbem;C:\WINDOWS\System32\WindowsPowerShell\v1.0\;C:\WINDOWS\System32\OpenSSH\;C:\Program Files\dotnet\;C:\Program Files (x86)\Windows Live\Shared;C:\Program Files\Git\cmd;C:\Program Files\Common Files\Autodesk Shared\;C:\Program Files\Microsoft SQL Server\150\Tools\Binn\;C:\Program Files\nodejs\;C:\Program Files\Eclipse Adoptium\jdk-21.0.6.7-hotspot\bin;C:\Program Files\apache-maven-3.9.9\bin;%MAVEN_HOME%\bin;C:\Users\dhiebert\AppData\Local\Microsoft\WindowsApps;C:\Users\dhiebert\AppData\Local\GitHubDesktop\bin;C:\Users\dhiebert\AppData\Roaming\npm;C:\Users\dhiebert\AppData\Local\Packages\PythonSoftwareFoundation.Python.3.11_qbz5n2kfra8p0\LocalCache\local-packages\Python311\Scripts;C:\Users\dhiebert\AppData\Local\Packages\PythonSoftwareFoundation.Python.3.11_qbz5n2kfra8p0\LocalCache\local-packages\Python311\site-packages\maven;;c:\Users\Public\wpilib\2025\vscode\data\user-data\User\globalStorage\github.copilot-chat\debugCommand;c:\Users\Public\wpilib\2025\vscode\data\extensions\ms-python.debugpy-2025.4.1-win32-x64\bundled\scripts\noConfigScripts;., stderr.encoding=Cp1252, java.vendor=Eclipse Adoptium, java.vm.info=mixed mode, sharing, java.vm.version=21.0.6+7-LTS, sun.io.unicode.encoding=UnicodeLittle, javax.persistence.jdbc.password=****, java.class.version=65.0}
13:10:14.383 [main] DEBUG org.hibernate.internal.SessionFactoryImpl - Session factory constructed with filter configurations : {}
13:10:14.384 [main] DEBUG org.hibernate.validator.internal.xml.config.ValidationXmlParser - Trying to load META-INF/validation.xml for XML based Validator configuration.
13:10:14.384 [main] DEBUG org.hibernate.validator.internal.xml.config.ResourceLoaderHelper - Trying to load META-INF/validation.xml via TCCL
13:10:14.385 [main] DEBUG org.hibernate.validator.internal.xml.config.ResourceLoaderHelper - Trying to load META-INF/validation.xml via Hibernate Validator's class loader
13:10:14.386 [main] DEBUG org.hibernate.validator.internal.xml.config.ValidationXmlParser - No META-INF/validation.xml found. Using annotation based configuration only.
13:10:14.386 [main] DEBUG org.hibernate.validator.internal.engine.resolver.TraversableResolvers - Found jakarta.persistence.Persistence on classpath containing 'getPersistenceUtil'. Assuming JPA 2 environment. Trying to instantiate JPA aware TraversableResolver
13:10:14.386 [main] DEBUG org.hibernate.validator.internal.engine.resolver.TraversableResolvers - Instantiated JPA aware TraversableResolver of type org.hibernate.validator.internal.engine.resolver.JPATraversableResolver.
13:10:14.388 [main] DEBUG org.hibernate.validator.messageinterpolation.ResourceBundleMessageInterpolator - Failed to load expression factory via classloader jdk.internal.loader.ClassLoaders$AppClassLoader@70dea4e
java.lang.NoClassDefFoundError: jakarta/el/ExpressionFactory
	at org.hibernate.validator.messageinterpolation.ResourceBundleMessageInterpolator.canLoadExpressionFactory(ResourceBundleMessageInterpolator.java:228)
	at org.hibernate.validator.messageinterpolation.ResourceBundleMessageInterpolator.buildExpressionFactory(ResourceBundleMessageInterpolator.java:173)
	at org.hibernate.validator.messageinterpolation.ResourceBundleMessageInterpolator.<init>(ResourceBundleMessageInterpolator.java:97)
	at org.hibernate.validator.internal.engine.AbstractConfigurationImpl.getDefaultMessageInterpolator(AbstractConfigurationImpl.java:575)
	at org.hibernate.validator.internal.engine.AbstractConfigurationImpl.getDefaultMessageInterpolatorConfiguredWithClassLoader(AbstractConfigurationImpl.java:834)
	at org.hibernate.validator.internal.engine.AbstractConfigurationImpl.getMessageInterpolator(AbstractConfigurationImpl.java:485)
	at org.hibernate.validator.internal.engine.ValidatorFactoryImpl.<init>(ValidatorFactoryImpl.java:157)
	at org.hibernate.validator.HibernateValidator.buildValidatorFactory(HibernateValidator.java:38)
	at org.hibernate.validator.internal.engine.AbstractConfigurationImpl.buildValidatorFactory(AbstractConfigurationImpl.java:453)
	at jakarta.validation.Validation.buildDefaultValidatorFactory(Validation.java:103)
	at org.hibernate.boot.beanvalidation.TypeSafeActivator.getValidatorFactory(TypeSafeActivator.java:482)
	at org.hibernate.boot.beanvalidation.TypeSafeActivator.activate(TypeSafeActivator.java:79)
	at java.base/jdk.internal.reflect.DirectMethodHandleAccessor.invoke(DirectMethodHandleAccessor.java:103)
	at java.base/java.lang.reflect.Method.invoke(Method.java:580)
	at org.hibernate.boot.beanvalidation.BeanValidationIntegrator.integrate(BeanValidationIntegrator.java:139)
	at org.hibernate.internal.SessionFactoryImpl.integrate(SessionFactoryImpl.java:517)
	at org.hibernate.internal.SessionFactoryImpl.<init>(SessionFactoryImpl.java:276)
	at org.hibernate.boot.internal.SessionFactoryBuilderImpl.build(SessionFactoryBuilderImpl.java:457)
	at org.hibernate.jpa.boot.internal.EntityManagerFactoryBuilderImpl.build(EntityManagerFactoryBuilderImpl.java:1506)
	at org.hibernate.jpa.HibernatePersistenceProvider.createEntityManagerFactory(HibernatePersistenceProvider.java:55)
	at jakarta.persistence.Persistence.createEntityManagerFactory(Persistence.java:80)
	at org.frcpm.config.DatabaseConfig.initialize(DatabaseConfig.java:66)
	at org.frcpm.repositories.impl.JpaRepositoryImplTest.setUp(JpaRepositoryImplTest.java:25)
	at java.base/jdk.internal.reflect.DirectMethodHandleAccessor.invoke(DirectMethodHandleAccessor.java:103)
	at java.base/java.lang.reflect.Method.invoke(Method.java:580)
	at org.junit.platform.commons.util.ReflectionUtils.invokeMethod(ReflectionUtils.java:728)
	at org.junit.jupiter.engine.execution.MethodInvocation.proceed(MethodInvocation.java:60)
	at org.junit.jupiter.engine.execution.InvocationInterceptorChain$ValidatingInvocation.proceed(InvocationInterceptorChain.java:131)
	at org.junit.jupiter.engine.extension.TimeoutExtension.intercept(TimeoutExtension.java:156)
	at org.junit.jupiter.engine.extension.TimeoutExtension.interceptLifecycleMethod(TimeoutExtension.java:128)
	at org.junit.jupiter.engine.extension.TimeoutExtension.interceptBeforeEachMethod(TimeoutExtension.java:78)
	at org.junit.jupiter.engine.execution.InterceptingExecutableInvoker$ReflectiveInterceptorCall.lambda$ofVoidMethod$0(InterceptingExecutableInvoker.java:103)
	at org.junit.jupiter.engine.execution.InterceptingExecutableInvoker.lambda$invoke$0(InterceptingExecutableInvoker.java:93)
	at org.junit.jupiter.engine.execution.InvocationInterceptorChain$InterceptedInvocation.proceed(InvocationInterceptorChain.java:106)
	at org.junit.jupiter.engine.execution.InvocationInterceptorChain.proceed(InvocationInterceptorChain.java:64)
	at org.junit.jupiter.engine.execution.InvocationInterceptorChain.chainAndInvoke(InvocationInterceptorChain.java:45)
	at org.junit.jupiter.engine.execution.InvocationInterceptorChain.invoke(InvocationInterceptorChain.java:37)
	at org.junit.jupiter.engine.execution.InterceptingExecutableInvoker.invoke(InterceptingExecutableInvoker.java:92)
	at org.junit.jupiter.engine.execution.InterceptingExecutableInvoker.invoke(InterceptingExecutableInvoker.java:86)
	at org.junit.jupiter.engine.descriptor.ClassBasedTestDescriptor.invokeMethodInExtensionContext(ClassBasedTestDescriptor.java:521)
	at org.junit.jupiter.engine.descriptor.ClassBasedTestDescriptor.lambda$synthesizeBeforeEachMethodAdapter$23(ClassBasedTestDescriptor.java:506)
	at org.junit.jupiter.engine.descriptor.TestMethodTestDescriptor.lambda$invokeBeforeEachMethods$3(TestMethodTestDescriptor.java:175)
	at org.junit.jupiter.engine.descriptor.TestMethodTestDescriptor.lambda$invokeBeforeMethodsOrCallbacksUntilExceptionOccurs$6(TestMethodTestDescriptor.java:203)
	at org.junit.platform.engine.support.hierarchical.ThrowableCollector.execute(ThrowableCollector.java:73)
	at org.junit.jupiter.engine.descriptor.TestMethodTestDescriptor.invokeBeforeMethodsOrCallbacksUntilExceptionOccurs(TestMethodTestDescriptor.java:203)
	at org.junit.jupiter.engine.descriptor.TestMethodTestDescriptor.invokeBeforeEachMethods(TestMethodTestDescriptor.java:172)
	at org.junit.jupiter.engine.descriptor.TestMethodTestDescriptor.execute(TestMethodTestDescriptor.java:135)
	at org.junit.jupiter.engine.descriptor.TestMethodTestDescriptor.execute(TestMethodTestDescriptor.java:69)
	at org.junit.platform.engine.support.hierarchical.NodeTestTask.lambda$executeRecursively$6(NodeTestTask.java:151)
	at org.junit.platform.engine.support.hierarchical.ThrowableCollector.execute(ThrowableCollector.java:73)
	at org.junit.platform.engine.support.hierarchical.NodeTestTask.lambda$executeRecursively$8(NodeTestTask.java:141)
	at org.junit.platform.engine.support.hierarchical.Node.around(Node.java:137)
	at org.junit.platform.engine.support.hierarchical.NodeTestTask.lambda$executeRecursively$9(NodeTestTask.java:139)
	at org.junit.platform.engine.support.hierarchical.ThrowableCollector.execute(ThrowableCollector.java:73)
	at org.junit.platform.engine.support.hierarchical.NodeTestTask.executeRecursively(NodeTestTask.java:138)
	at org.junit.platform.engine.support.hierarchical.NodeTestTask.execute(NodeTestTask.java:95)
	at java.base/java.util.ArrayList.forEach(ArrayList.java:1596)
	at org.junit.platform.engine.support.hierarchical.SameThreadHierarchicalTestExecutorService.invokeAll(SameThreadHierarchicalTestExecutorService.java:41)
	at org.junit.platform.engine.support.hierarchical.NodeTestTask.lambda$executeRecursively$6(NodeTestTask.java:155)
	at org.junit.platform.engine.support.hierarchical.ThrowableCollector.execute(ThrowableCollector.java:73)
	at org.junit.platform.engine.support.hierarchical.NodeTestTask.lambda$executeRecursively$8(NodeTestTask.java:141)
	at org.junit.platform.engine.support.hierarchical.Node.around(Node.java:137)
	at org.junit.platform.engine.support.hierarchical.NodeTestTask.lambda$executeRecursively$9(NodeTestTask.java:139)
	at org.junit.platform.engine.support.hierarchical.ThrowableCollector.execute(ThrowableCollector.java:73)
	at org.junit.platform.engine.support.hierarchical.NodeTestTask.executeRecursively(NodeTestTask.java:138)
	at org.junit.platform.engine.support.hierarchical.NodeTestTask.execute(NodeTestTask.java:95)
	at java.base/java.util.ArrayList.forEach(ArrayList.java:1596)
	at org.junit.platform.engine.support.hierarchical.SameThreadHierarchicalTestExecutorService.invokeAll(SameThreadHierarchicalTestExecutorService.java:41)
	at org.junit.platform.engine.support.hierarchical.NodeTestTask.lambda$executeRecursively$6(NodeTestTask.java:155)
	at org.junit.platform.engine.support.hierarchical.ThrowableCollector.execute(ThrowableCollector.java:73)
	at org.junit.platform.engine.support.hierarchical.NodeTestTask.lambda$executeRecursively$8(NodeTestTask.java:141)
	at org.junit.platform.engine.support.hierarchical.Node.around(Node.java:137)
	at org.junit.platform.engine.support.hierarchical.NodeTestTask.lambda$executeRecursively$9(NodeTestTask.java:139)
	at org.junit.platform.engine.support.hierarchical.ThrowableCollector.execute(ThrowableCollector.java:73)
	at org.junit.platform.engine.support.hierarchical.NodeTestTask.executeRecursively(NodeTestTask.java:138)
	at org.junit.platform.engine.support.hierarchical.NodeTestTask.execute(NodeTestTask.java:95)
	at org.junit.platform.engine.support.hierarchical.SameThreadHierarchicalTestExecutorService.submit(SameThreadHierarchicalTestExecutorService.java:35)
	at org.junit.platform.engine.support.hierarchical.HierarchicalTestExecutor.execute(HierarchicalTestExecutor.java:57)
	at org.junit.platform.engine.support.hierarchical.HierarchicalTestEngine.execute(HierarchicalTestEngine.java:54)
	at org.junit.platform.launcher.core.EngineExecutionOrchestrator.execute(EngineExecutionOrchestrator.java:198)
	at org.junit.platform.launcher.core.EngineExecutionOrchestrator.execute(EngineExecutionOrchestrator.java:169)
	at org.junit.platform.launcher.core.EngineExecutionOrchestrator.execute(EngineExecutionOrchestrator.java:93)
	at org.junit.platform.launcher.core.EngineExecutionOrchestrator.lambda$execute$0(EngineExecutionOrchestrator.java:58)
	at org.junit.platform.launcher.core.EngineExecutionOrchestrator.withInterceptedStreams(EngineExecutionOrchestrator.java:141)
	at org.junit.platform.launcher.core.EngineExecutionOrchestrator.execute(EngineExecutionOrchestrator.java:57)
	at org.junit.platform.launcher.core.DefaultLauncher.execute(DefaultLauncher.java:103)
	at org.junit.platform.launcher.core.DefaultLauncher.execute(DefaultLauncher.java:85)
	at org.junit.platform.launcher.core.DelegatingLauncher.execute(DelegatingLauncher.java:47)
	at org.apache.maven.surefire.junitplatform.LazyLauncher.execute(LazyLauncher.java:56)
	at org.apache.maven.surefire.junitplatform.JUnitPlatformProvider.execute(JUnitPlatformProvider.java:184)
	at org.apache.maven.surefire.junitplatform.JUnitPlatformProvider.invokeAllTests(JUnitPlatformProvider.java:148)
	at org.apache.maven.surefire.junitplatform.JUnitPlatformProvider.invoke(JUnitPlatformProvider.java:122)
	at org.apache.maven.surefire.booter.ForkedBooter.runSuitesInProcess(ForkedBooter.java:385)
	at org.apache.maven.surefire.booter.ForkedBooter.execute(ForkedBooter.java:162)
	at org.apache.maven.surefire.booter.ForkedBooter.run(ForkedBooter.java:507)
	at org.apache.maven.surefire.booter.ForkedBooter.main(ForkedBooter.java:495)
Caused by: java.lang.ClassNotFoundException: jakarta.el.ExpressionFactory
	... 96 common frames omitted
13:10:14.389 [main] DEBUG org.hibernate.validator.messageinterpolation.ResourceBundleMessageInterpolator - Failed to load expression factory via classloader jdk.internal.loader.ClassLoaders$AppClassLoader@70dea4e
java.lang.NoClassDefFoundError: jakarta/el/ExpressionFactory
	at org.hibernate.validator.messageinterpolation.ResourceBundleMessageInterpolator.canLoadExpressionFactory(ResourceBundleMessageInterpolator.java:228)
	at org.hibernate.validator.messageinterpolation.ResourceBundleMessageInterpolator.buildExpressionFactory(ResourceBundleMessageInterpolator.java:186)
	at org.hibernate.validator.messageinterpolation.ResourceBundleMessageInterpolator.<init>(ResourceBundleMessageInterpolator.java:97)
	at org.hibernate.validator.internal.engine.AbstractConfigurationImpl.getDefaultMessageInterpolator(AbstractConfigurationImpl.java:575)
	at org.hibernate.validator.internal.engine.AbstractConfigurationImpl.getDefaultMessageInterpolatorConfiguredWithClassLoader(AbstractConfigurationImpl.java:834)
	at org.hibernate.validator.internal.engine.AbstractConfigurationImpl.getMessageInterpolator(AbstractConfigurationImpl.java:485)
	at org.hibernate.validator.internal.engine.ValidatorFactoryImpl.<init>(ValidatorFactoryImpl.java:157)
	at org.hibernate.validator.HibernateValidator.buildValidatorFactory(HibernateValidator.java:38)
	at org.hibernate.validator.internal.engine.AbstractConfigurationImpl.buildValidatorFactory(AbstractConfigurationImpl.java:453)
	at jakarta.validation.Validation.buildDefaultValidatorFactory(Validation.java:103)
	at org.hibernate.boot.beanvalidation.TypeSafeActivator.getValidatorFactory(TypeSafeActivator.java:482)
	at org.hibernate.boot.beanvalidation.TypeSafeActivator.activate(TypeSafeActivator.java:79)
	at java.base/jdk.internal.reflect.DirectMethodHandleAccessor.invoke(DirectMethodHandleAccessor.java:103)
	at java.base/java.lang.reflect.Method.invoke(Method.java:580)
	at org.hibernate.boot.beanvalidation.BeanValidationIntegrator.integrate(BeanValidationIntegrator.java:139)
	at org.hibernate.internal.SessionFactoryImpl.integrate(SessionFactoryImpl.java:517)
	at org.hibernate.internal.SessionFactoryImpl.<init>(SessionFactoryImpl.java:276)
	at org.hibernate.boot.internal.SessionFactoryBuilderImpl.build(SessionFactoryBuilderImpl.java:457)
	at org.hibernate.jpa.boot.internal.EntityManagerFactoryBuilderImpl.build(EntityManagerFactoryBuilderImpl.java:1506)
	at org.hibernate.jpa.HibernatePersistenceProvider.createEntityManagerFactory(HibernatePersistenceProvider.java:55)
	at jakarta.persistence.Persistence.createEntityManagerFactory(Persistence.java:80)
	at org.frcpm.config.DatabaseConfig.initialize(DatabaseConfig.java:66)
	at org.frcpm.repositories.impl.JpaRepositoryImplTest.setUp(JpaRepositoryImplTest.java:25)
	at java.base/jdk.internal.reflect.DirectMethodHandleAccessor.invoke(DirectMethodHandleAccessor.java:103)
	at java.base/java.lang.reflect.Method.invoke(Method.java:580)
	at org.junit.platform.commons.util.ReflectionUtils.invokeMethod(ReflectionUtils.java:728)
	at org.junit.jupiter.engine.execution.MethodInvocation.proceed(MethodInvocation.java:60)
	at org.junit.jupiter.engine.execution.InvocationInterceptorChain$ValidatingInvocation.proceed(InvocationInterceptorChain.java:131)
	at org.junit.jupiter.engine.extension.TimeoutExtension.intercept(TimeoutExtension.java:156)
	at org.junit.jupiter.engine.extension.TimeoutExtension.interceptLifecycleMethod(TimeoutExtension.java:128)
	at org.junit.jupiter.engine.extension.TimeoutExtension.interceptBeforeEachMethod(TimeoutExtension.java:78)
	at org.junit.jupiter.engine.execution.InterceptingExecutableInvoker$ReflectiveInterceptorCall.lambda$ofVoidMethod$0(InterceptingExecutableInvoker.java:103)
	at org.junit.jupiter.engine.execution.InterceptingExecutableInvoker.lambda$invoke$0(InterceptingExecutableInvoker.java:93)
	at org.junit.jupiter.engine.execution.InvocationInterceptorChain$InterceptedInvocation.proceed(InvocationInterceptorChain.java:106)
	at org.junit.jupiter.engine.execution.InvocationInterceptorChain.proceed(InvocationInterceptorChain.java:64)
	at org.junit.jupiter.engine.execution.InvocationInterceptorChain.chainAndInvoke(InvocationInterceptorChain.java:45)
	at org.junit.jupiter.engine.execution.InvocationInterceptorChain.invoke(InvocationInterceptorChain.java:37)
	at org.junit.jupiter.engine.execution.InterceptingExecutableInvoker.invoke(InterceptingExecutableInvoker.java:92)
	at org.junit.jupiter.engine.execution.InterceptingExecutableInvoker.invoke(InterceptingExecutableInvoker.java:86)
	at org.junit.jupiter.engine.descriptor.ClassBasedTestDescriptor.invokeMethodInExtensionContext(ClassBasedTestDescriptor.java:521)
	at org.junit.jupiter.engine.descriptor.ClassBasedTestDescriptor.lambda$synthesizeBeforeEachMethodAdapter$23(ClassBasedTestDescriptor.java:506)
	at org.junit.jupiter.engine.descriptor.TestMethodTestDescriptor.lambda$invokeBeforeEachMethods$3(TestMethodTestDescriptor.java:175)
	at org.junit.jupiter.engine.descriptor.TestMethodTestDescriptor.lambda$invokeBeforeMethodsOrCallbacksUntilExceptionOccurs$6(TestMethodTestDescriptor.java:203)
	at org.junit.platform.engine.support.hierarchical.ThrowableCollector.execute(ThrowableCollector.java:73)
	at org.junit.jupiter.engine.descriptor.TestMethodTestDescriptor.invokeBeforeMethodsOrCallbacksUntilExceptionOccurs(TestMethodTestDescriptor.java:203)
	at org.junit.jupiter.engine.descriptor.TestMethodTestDescriptor.invokeBeforeEachMethods(TestMethodTestDescriptor.java:172)
	at org.junit.jupiter.engine.descriptor.TestMethodTestDescriptor.execute(TestMethodTestDescriptor.java:135)
	at org.junit.jupiter.engine.descriptor.TestMethodTestDescriptor.execute(TestMethodTestDescriptor.java:69)
	at org.junit.platform.engine.support.hierarchical.NodeTestTask.lambda$executeRecursively$6(NodeTestTask.java:151)
	at org.junit.platform.engine.support.hierarchical.ThrowableCollector.execute(ThrowableCollector.java:73)
	at org.junit.platform.engine.support.hierarchical.NodeTestTask.lambda$executeRecursively$8(NodeTestTask.java:141)
	at org.junit.platform.engine.support.hierarchical.Node.around(Node.java:137)
	at org.junit.platform.engine.support.hierarchical.NodeTestTask.lambda$executeRecursively$9(NodeTestTask.java:139)
	at org.junit.platform.engine.support.hierarchical.ThrowableCollector.execute(ThrowableCollector.java:73)
	at org.junit.platform.engine.support.hierarchical.NodeTestTask.executeRecursively(NodeTestTask.java:138)
	at org.junit.platform.engine.support.hierarchical.NodeTestTask.execute(NodeTestTask.java:95)
	at java.base/java.util.ArrayList.forEach(ArrayList.java:1596)
	at org.junit.platform.engine.support.hierarchical.SameThreadHierarchicalTestExecutorService.invokeAll(SameThreadHierarchicalTestExecutorService.java:41)
	at org.junit.platform.engine.support.hierarchical.NodeTestTask.lambda$executeRecursively$6(NodeTestTask.java:155)
	at org.junit.platform.engine.support.hierarchical.ThrowableCollector.execute(ThrowableCollector.java:73)
	at org.junit.platform.engine.support.hierarchical.NodeTestTask.lambda$executeRecursively$8(NodeTestTask.java:141)
	at org.junit.platform.engine.support.hierarchical.Node.around(Node.java:137)
	at org.junit.platform.engine.support.hierarchical.NodeTestTask.lambda$executeRecursively$9(NodeTestTask.java:139)
	at org.junit.platform.engine.support.hierarchical.ThrowableCollector.execute(ThrowableCollector.java:73)
	at org.junit.platform.engine.support.hierarchical.NodeTestTask.executeRecursively(NodeTestTask.java:138)
	at org.junit.platform.engine.support.hierarchical.NodeTestTask.execute(NodeTestTask.java:95)
	at java.base/java.util.ArrayList.forEach(ArrayList.java:1596)
	at org.junit.platform.engine.support.hierarchical.SameThreadHierarchicalTestExecutorService.invokeAll(SameThreadHierarchicalTestExecutorService.java:41)
	at org.junit.platform.engine.support.hierarchical.NodeTestTask.lambda$executeRecursively$6(NodeTestTask.java:155)
	at org.junit.platform.engine.support.hierarchical.ThrowableCollector.execute(ThrowableCollector.java:73)
	at org.junit.platform.engine.support.hierarchical.NodeTestTask.lambda$executeRecursively$8(NodeTestTask.java:141)
	at org.junit.platform.engine.support.hierarchical.Node.around(Node.java:137)
	at org.junit.platform.engine.support.hierarchical.NodeTestTask.lambda$executeRecursively$9(NodeTestTask.java:139)
	at org.junit.platform.engine.support.hierarchical.ThrowableCollector.execute(ThrowableCollector.java:73)
	at org.junit.platform.engine.support.hierarchical.NodeTestTask.executeRecursively(NodeTestTask.java:138)
	at org.junit.platform.engine.support.hierarchical.NodeTestTask.execute(NodeTestTask.java:95)
	at org.junit.platform.engine.support.hierarchical.SameThreadHierarchicalTestExecutorService.submit(SameThreadHierarchicalTestExecutorService.java:35)
	at org.junit.platform.engine.support.hierarchical.HierarchicalTestExecutor.execute(HierarchicalTestExecutor.java:57)
	at org.junit.platform.engine.support.hierarchical.HierarchicalTestEngine.execute(HierarchicalTestEngine.java:54)
	at org.junit.platform.launcher.core.EngineExecutionOrchestrator.execute(EngineExecutionOrchestrator.java:198)
	at org.junit.platform.launcher.core.EngineExecutionOrchestrator.execute(EngineExecutionOrchestrator.java:169)
	at org.junit.platform.launcher.core.EngineExecutionOrchestrator.execute(EngineExecutionOrchestrator.java:93)
	at org.junit.platform.launcher.core.EngineExecutionOrchestrator.lambda$execute$0(EngineExecutionOrchestrator.java:58)
	at org.junit.platform.launcher.core.EngineExecutionOrchestrator.withInterceptedStreams(EngineExecutionOrchestrator.java:141)
	at org.junit.platform.launcher.core.EngineExecutionOrchestrator.execute(EngineExecutionOrchestrator.java:57)
	at org.junit.platform.launcher.core.DefaultLauncher.execute(DefaultLauncher.java:103)
	at org.junit.platform.launcher.core.DefaultLauncher.execute(DefaultLauncher.java:85)
	at org.junit.platform.launcher.core.DelegatingLauncher.execute(DelegatingLauncher.java:47)
	at org.apache.maven.surefire.junitplatform.LazyLauncher.execute(LazyLauncher.java:56)
	at org.apache.maven.surefire.junitplatform.JUnitPlatformProvider.execute(JUnitPlatformProvider.java:184)
	at org.apache.maven.surefire.junitplatform.JUnitPlatformProvider.invokeAllTests(JUnitPlatformProvider.java:148)
	at org.apache.maven.surefire.junitplatform.JUnitPlatformProvider.invoke(JUnitPlatformProvider.java:122)
	at org.apache.maven.surefire.booter.ForkedBooter.runSuitesInProcess(ForkedBooter.java:385)
	at org.apache.maven.surefire.booter.ForkedBooter.execute(ForkedBooter.java:162)
	at org.apache.maven.surefire.booter.ForkedBooter.run(ForkedBooter.java:507)
	at org.apache.maven.surefire.booter.ForkedBooter.main(ForkedBooter.java:495)
Caused by: java.lang.ClassNotFoundException: jakarta.el.ExpressionFactory
	... 96 common frames omitted
13:10:14.390 [main] DEBUG org.hibernate.boot.beanvalidation.TypeSafeActivator - Unable to acquire Bean Validation ValidatorFactory, skipping activation
13:10:14.392 [main] DEBUG org.hibernate.query.sqm.function.SqmFunctionRegistry - Registered SqmFunctionTemplate [NamedSqmFunctionTemplate(max)] under max; prior registration was null
13:10:14.392 [main] DEBUG org.hibernate.query.sqm.function.SqmFunctionRegistry - Registered SqmFunctionTemplate [NamedSqmFunctionTemplate(min)] under min; prior registration was null
13:10:14.392 [main] DEBUG org.hibernate.query.sqm.function.SqmFunctionRegistry - Registered SqmFunctionTemplate [NamedSqmFunctionTemplate(sum)] under sum; prior registration was null
13:10:14.392 [main] DEBUG org.hibernate.query.sqm.function.SqmFunctionRegistry - Registered SqmFunctionTemplate [NamedSqmFunctionTemplate(avg)] under avg; prior registration was null
13:10:14.392 [main] DEBUG org.hibernate.query.sqm.function.SqmFunctionRegistry - Registered SqmFunctionTemplate [org.hibernate.dialect.function.CountFunction@6f677c34] under count; prior registration was null
13:10:14.392 [main] DEBUG org.hibernate.query.sqm.function.SqmFunctionRegistry - Registered SqmFunctionTemplate [org.hibernate.dialect.function.EveryAnyEmulation@a54ab55] under every; prior registration was null
13:10:14.392 [main] DEBUG org.hibernate.query.sqm.function.SqmFunctionRegistry - Registered SqmFunctionTemplate [org.hibernate.dialect.function.EveryAnyEmulation@66d17af8] under any; prior registration was null
13:10:14.392 [main] DEBUG org.hibernate.query.sqm.function.SqmFunctionRegistry - Registered SqmFunctionTemplate [NamedSqmFunctionTemplate(floor)] under floor; prior registration was null
13:10:14.392 [main] DEBUG org.hibernate.query.sqm.function.SqmFunctionRegistry - Registered SqmFunctionTemplate [NamedSqmFunctionTemplate(ceiling)] under ceiling; prior registration was null
13:10:14.392 [main] DEBUG org.hibernate.query.sqm.function.SqmFunctionRegistry - Registered SqmFunctionTemplate [NamedSqmFunctionTemplate(mod)] under mod; prior registration was null
13:10:14.392 [main] DEBUG org.hibernate.query.sqm.function.SqmFunctionRegistry - Registered SqmFunctionTemplate [NamedSqmFunctionTemplate(abs)] under abs; prior registration was null
13:10:14.392 [main] DEBUG org.hibernate.query.sqm.function.SqmFunctionRegistry - Registered SqmFunctionTemplate [NamedSqmFunctionTemplate(sign)] under sign; prior registration was null
13:10:14.392 [main] DEBUG org.hibernate.query.sqm.function.SqmFunctionRegistry - Registered SqmFunctionTemplate [NamedSqmFunctionTemplate(sqrt)] under sqrt; prior registration was null
13:10:14.392 [main] DEBUG org.hibernate.query.sqm.function.SqmFunctionRegistry - Registered SqmFunctionTemplate [NamedSqmFunctionTemplate(ln)] under ln; prior registration was null
13:10:14.392 [main] DEBUG org.hibernate.query.sqm.function.SqmFunctionRegistry - Registered SqmFunctionTemplate [NamedSqmFunctionTemplate(exp)] under exp; prior registration was null
13:10:14.392 [main] DEBUG org.hibernate.query.sqm.function.SqmFunctionRegistry - Registered SqmFunctionTemplate [NamedSqmFunctionTemplate(power)] under power; prior registration was null
13:10:14.392 [main] DEBUG org.hibernate.query.sqm.function.SqmFunctionRegistry - Registered SqmFunctionTemplate [NamedSqmFunctionTemplate(round)] under round; prior registration was null
13:10:14.392 [main] DEBUG org.hibernate.query.sqm.function.SqmFunctionRegistry - Registered SqmFunctionTemplate [NamedSqmFunctionTemplate(sin)] under sin; prior registration was null
13:10:14.392 [main] DEBUG org.hibernate.query.sqm.function.SqmFunctionRegistry - Registered SqmFunctionTemplate [NamedSqmFunctionTemplate(cos)] under cos; prior registration was null
13:10:14.392 [main] DEBUG org.hibernate.query.sqm.function.SqmFunctionRegistry - Registered SqmFunctionTemplate [NamedSqmFunctionTemplate(tan)] under tan; prior registration was null
13:10:14.392 [main] DEBUG org.hibernate.query.sqm.function.SqmFunctionRegistry - Registered SqmFunctionTemplate [NamedSqmFunctionTemplate(asin)] under asin; prior registration was null
13:10:14.392 [main] DEBUG org.hibernate.query.sqm.function.SqmFunctionRegistry - Registered SqmFunctionTemplate [NamedSqmFunctionTemplate(acos)] under acos; prior registration was null
13:10:14.392 [main] DEBUG org.hibernate.query.sqm.function.SqmFunctionRegistry - Registered SqmFunctionTemplate [NamedSqmFunctionTemplate(atan)] under atan; prior registration was null
13:10:14.392 [main] DEBUG org.hibernate.query.sqm.function.SqmFunctionRegistry - Registered SqmFunctionTemplate [NamedSqmFunctionTemplate(atan2)] under atan2; prior registration was null
13:10:14.392 [main] DEBUG org.hibernate.query.sqm.function.SqmFunctionRegistry - Registered SqmFunctionTemplate [org.hibernate.query.sqm.function.PatternBasedSqmFunctionDescriptor@27d0703e] under sinh; prior registration was null
13:10:14.392 [main] DEBUG org.hibernate.query.sqm.function.SqmFunctionRegistry - Registered SqmFunctionTemplate [org.hibernate.query.sqm.function.PatternBasedSqmFunctionDescriptor@73023e2c] under cosh; prior registration was null
13:10:14.392 [main] DEBUG org.hibernate.query.sqm.function.SqmFunctionRegistry - Registered SqmFunctionTemplate [org.hibernate.query.sqm.function.PatternBasedSqmFunctionDescriptor@5ca32d1a] under tanh; prior registration was null
13:10:14.392 [main] DEBUG org.hibernate.query.sqm.function.SqmFunctionRegistry - Registered SqmFunctionTemplate [org.hibernate.query.sqm.function.PatternBasedSqmFunctionDescriptor@31489acc] under pi; prior registration was null
13:10:14.392 [main] DEBUG org.hibernate.query.sqm.function.SqmFunctionRegistry - Registered SqmFunctionTemplate [org.hibernate.query.sqm.function.PatternBasedSqmFunctionDescriptor@153d5d5b] under log; prior registration was null
13:10:14.392 [main] DEBUG org.hibernate.query.sqm.function.SqmFunctionRegistry - Registered SqmFunctionTemplate [NamedSqmFunctionTemplate(coalesce)] under coalesce; prior registration was null
13:10:14.392 [main] DEBUG org.hibernate.query.sqm.function.SqmFunctionRegistry - Registered SqmFunctionTemplate [NamedSqmFunctionTemplate(nullif)] under nullif; prior registration was null
13:10:14.392 [main] DEBUG org.hibernate.query.sqm.function.SqmFunctionRegistry - Registered SqmFunctionTemplate [NamedSqmFunctionTemplate(left)] under left; prior registration was null
13:10:14.392 [main] DEBUG org.hibernate.query.sqm.function.SqmFunctionRegistry - Registered SqmFunctionTemplate [NamedSqmFunctionTemplate(right)] under right; prior registration was null
13:10:14.392 [main] DEBUG org.hibernate.query.sqm.function.SqmFunctionRegistry - Registered SqmFunctionTemplate [NamedSqmFunctionTemplate(replace)] under replace; prior registration was null
13:10:14.392 [main] DEBUG org.hibernate.query.sqm.function.SqmFunctionRegistry - Registered SqmFunctionTemplate [NamedSqmFunctionTemplate(concat)] under concat; prior registration was null
13:10:14.392 [main] DEBUG org.hibernate.query.sqm.function.SqmFunctionRegistry - Registered SqmFunctionTemplate [NamedSqmFunctionTemplate(lower)] under lower; prior registration was null
13:10:14.392 [main] DEBUG org.hibernate.query.sqm.function.SqmFunctionRegistry - Registered SqmFunctionTemplate [NamedSqmFunctionTemplate(upper)] under upper; prior registration was null
13:10:14.392 [main] DEBUG org.hibernate.query.sqm.function.SqmFunctionRegistry - Registered SqmFunctionTemplate [NamedSqmFunctionTemplate(substring)] under substring; prior registration was null
13:10:14.392 [main] DEBUG org.hibernate.query.sqm.function.SqmFunctionRegistry - Registered SqmFunctionTemplate [NamedSqmFunctionTemplate(locate)] under locate; prior registration was null
13:10:14.392 [main] DEBUG org.hibernate.query.sqm.function.SqmFunctionRegistry - Registered SqmFunctionTemplate [NamedSqmFunctionTemplate(character_length)] under character_length; prior registration was null
13:10:14.392 [main] DEBUG org.hibernate.query.sqm.function.SqmFunctionRegistry - Registering alternate key : length -> character_length
13:10:14.392 [main] DEBUG org.hibernate.query.sqm.function.SqmFunctionRegistry - Registered SqmFunctionTemplate [org.hibernate.dialect.function.LocatePositionEmulation@772ce28e] under position; prior registration was null
13:10:14.392 [main] DEBUG org.hibernate.query.sqm.function.SqmFunctionRegistry - Registered SqmFunctionTemplate [org.hibernate.dialect.function.InsertSubstringOverlayEmulation@32a2da8c] under overlay; prior registration was null
13:10:14.392 [main] DEBUG org.hibernate.query.sqm.function.SqmFunctionRegistry - Registered SqmFunctionTemplate [org.hibernate.dialect.function.TrimFunction@47c9b8ee] under trim; prior registration was null
13:10:14.392 [main] DEBUG org.hibernate.query.sqm.function.SqmFunctionRegistry - Registered SqmFunctionTemplate [org.hibernate.dialect.function.CastFunction@3861f2c9] under cast; prior registration was null
13:10:14.392 [main] DEBUG org.hibernate.query.sqm.function.SqmFunctionRegistry - Registered SqmFunctionTemplate [org.hibernate.query.sqm.function.PatternBasedSqmFunctionDescriptor@28494fd9] under collate; prior registration was null
13:10:14.392 [main] DEBUG org.hibernate.query.sqm.function.SqmFunctionRegistry - Registered SqmFunctionTemplate [org.hibernate.dialect.function.ExtractFunction@c1b96e6] under extract; prior registration was null
13:10:14.392 [main] DEBUG org.hibernate.query.sqm.function.SqmFunctionRegistry - Registered SqmFunctionTemplate [NamedSqmFunctionTemplate(least)] under least; prior registration was null
13:10:14.392 [main] DEBUG org.hibernate.query.sqm.function.SqmFunctionRegistry - Registered SqmFunctionTemplate [NamedSqmFunctionTemplate(greatest)] under greatest; prior registration was null
13:10:14.392 [main] DEBUG org.hibernate.query.sqm.function.SqmFunctionRegistry - Registered SqmFunctionTemplate [org.hibernate.dialect.function.CoalesceIfnullEmulation@69f4143] under ifnull; prior registration was null
13:10:14.392 [main] DEBUG org.hibernate.query.sqm.function.SqmFunctionRegistry - Registered SqmFunctionTemplate [NamedSqmFunctionTemplate(lpad)] under lpad; prior registration was null
13:10:14.392 [main] DEBUG org.hibernate.query.sqm.function.SqmFunctionRegistry - Registered SqmFunctionTemplate [NamedSqmFunctionTemplate(rpad)] under rpad; prior registration was null
13:10:14.392 [main] DEBUG org.hibernate.query.sqm.function.SqmFunctionRegistry - Registered SqmFunctionTemplate [org.hibernate.dialect.function.LpadRpadPadEmulation@31df0ce3] under pad; prior registration was null
13:10:14.392 [main] DEBUG org.hibernate.query.sqm.function.SqmFunctionRegistry - Registered SqmFunctionTemplate [org.hibernate.dialect.function.CastStrEmulation@530aaa86] under str; prior registration was null
13:10:14.392 [main] DEBUG org.hibernate.query.sqm.function.SqmFunctionRegistry - Registered SqmFunctionTemplate [org.hibernate.dialect.function.FormatFunction@3f6aaa7] under format; prior registration was null
13:10:14.392 [main] DEBUG org.hibernate.query.sqm.function.SqmFunctionRegistry - Registered SqmFunctionTemplate [org.hibernate.dialect.function.TimestampaddFunction@7f9f66c3] under timestampadd; prior registration was null
13:10:14.392 [main] DEBUG org.hibernate.query.sqm.function.SqmFunctionRegistry - Registered SqmFunctionTemplate [org.hibernate.dialect.function.TimestampdiffFunction@366ed5c7] under timestampdiff; prior registration was null
13:10:14.392 [main] DEBUG org.hibernate.query.sqm.function.SqmFunctionRegistry - Registering alternate key : dateadd -> timestampadd
13:10:14.392 [main] DEBUG org.hibernate.query.sqm.function.SqmFunctionRegistry - Registering alternate key : datediff -> timestampdiff
13:10:14.392 [main] DEBUG org.hibernate.query.sqm.function.SqmFunctionRegistry - Registered SqmFunctionTemplate [org.hibernate.dialect.function.CurrentFunction@30360716] under current_date; prior registration was null
13:10:14.392 [main] DEBUG org.hibernate.query.sqm.function.SqmFunctionRegistry - Registered SqmFunctionTemplate [org.hibernate.dialect.function.CurrentFunction@6232025] under current_time; prior registration was null
13:10:14.392 [main] DEBUG org.hibernate.query.sqm.function.SqmFunctionRegistry - Registered SqmFunctionTemplate [org.hibernate.dialect.function.CurrentFunction@28ef75c] under current_timestamp; prior registration was null
13:10:14.392 [main] DEBUG org.hibernate.query.sqm.function.SqmFunctionRegistry - Registering alternate key : current date -> current_date
13:10:14.392 [main] DEBUG org.hibernate.query.sqm.function.SqmFunctionRegistry - Registering alternate key : current time -> current_time
13:10:14.392 [main] DEBUG org.hibernate.query.sqm.function.SqmFunctionRegistry - Registering alternate key : current timestamp -> current_timestamp
13:10:14.392 [main] DEBUG org.hibernate.query.sqm.function.SqmFunctionRegistry - Registered SqmFunctionTemplate [org.hibernate.dialect.function.CurrentFunction@428eda27] under local_date; prior registration was null
13:10:14.392 [main] DEBUG org.hibernate.query.sqm.function.SqmFunctionRegistry - Registered SqmFunctionTemplate [org.hibernate.dialect.function.CurrentFunction@42807bd7] under local_time; prior registration was null
13:10:14.392 [main] DEBUG org.hibernate.query.sqm.function.SqmFunctionRegistry - Registered SqmFunctionTemplate [org.hibernate.dialect.function.CurrentFunction@5dbd49aa] under local_datetime; prior registration was null
13:10:14.392 [main] DEBUG org.hibernate.query.sqm.function.SqmFunctionRegistry - Registered SqmFunctionTemplate [org.hibernate.dialect.function.CurrentFunction@28fc7156] under offset_datetime; prior registration was null
13:10:14.392 [main] DEBUG org.hibernate.query.sqm.function.SqmFunctionRegistry - Registering alternate key : local date -> local_date
13:10:14.392 [main] DEBUG org.hibernate.query.sqm.function.SqmFunctionRegistry - Registering alternate key : local time -> local_time
13:10:14.392 [main] DEBUG org.hibernate.query.sqm.function.SqmFunctionRegistry - Registering alternate key : local datetime -> local_datetime
13:10:14.392 [main] DEBUG org.hibernate.query.sqm.function.SqmFunctionRegistry - Registering alternate key : offset datetime -> offset_datetime
13:10:14.392 [main] DEBUG org.hibernate.query.sqm.function.SqmFunctionRegistry - Registered SqmFunctionTemplate [org.hibernate.dialect.function.CurrentFunction@1c17d98c] under instant; prior registration was null
13:10:14.392 [main] DEBUG org.hibernate.query.sqm.function.SqmFunctionRegistry - Registering alternate key : current_instant -> instant
13:10:14.392 [main] DEBUG org.hibernate.query.sqm.function.SqmFunctionRegistry - Registered SqmFunctionTemplate [org.hibernate.dialect.function.SqlFunction@5d88471a] under sql; prior registration was null
13:10:14.392 [main] DEBUG org.hibernate.query.sqm.function.SqmFunctionRegistry - Registered SqmFunctionTemplate [NamedSqmFunctionTemplate(max)] under max; prior registration was NamedSqmFunctionTemplate(max)
13:10:14.392 [main] DEBUG org.hibernate.query.sqm.function.SqmFunctionRegistry - Registered SqmFunctionTemplate [NamedSqmFunctionTemplate(min)] under min; prior registration was NamedSqmFunctionTemplate(min)
13:10:14.392 [main] DEBUG org.hibernate.query.sqm.function.SqmFunctionRegistry - Registered SqmFunctionTemplate [NamedSqmFunctionTemplate(sum)] under sum; prior registration was NamedSqmFunctionTemplate(sum)
13:10:14.392 [main] DEBUG org.hibernate.query.sqm.function.SqmFunctionRegistry - Registered SqmFunctionTemplate [NamedSqmFunctionTemplate(avg)] under avg; prior registration was NamedSqmFunctionTemplate(avg)
13:10:14.392 [main] DEBUG org.hibernate.query.sqm.function.SqmFunctionRegistry - Registered SqmFunctionTemplate [org.hibernate.dialect.function.CountFunction@6a4fb518] under count; prior registration was org.hibernate.dialect.function.CountFunction@6f677c34
13:10:14.392 [main] DEBUG org.hibernate.query.sqm.function.SqmFunctionRegistry - Registered SqmFunctionTemplate [org.hibernate.dialect.function.AvgFunction@21721fc6] under avg; prior registration was NamedSqmFunctionTemplate(avg)
13:10:14.392 [main] DEBUG org.hibernate.query.sqm.function.SqmFunctionRegistry - Registered SqmFunctionTemplate [NamedSqmFunctionTemplate(pi)] under pi; prior registration was org.hibernate.query.sqm.function.PatternBasedSqmFunctionDescriptor@31489acc
13:10:14.392 [main] DEBUG org.hibernate.query.sqm.function.SqmFunctionRegistry - Registered SqmFunctionTemplate [NamedSqmFunctionTemplate(cot)] under cot; prior registration was null
13:10:14.392 [main] DEBUG org.hibernate.query.sqm.function.SqmFunctionRegistry - Registered SqmFunctionTemplate [NamedSqmFunctionTemplate(radians)] under radians; prior registration was null
13:10:14.392 [main] DEBUG org.hibernate.query.sqm.function.SqmFunctionRegistry - Registered SqmFunctionTemplate [NamedSqmFunctionTemplate(degrees)] under degrees; prior registration was null
13:10:14.392 [main] DEBUG org.hibernate.query.sqm.function.SqmFunctionRegistry - Registered SqmFunctionTemplate [NamedSqmFunctionTemplate(log10)] under log10; prior registration was null
13:10:14.392 [main] DEBUG org.hibernate.query.sqm.function.SqmFunctionRegistry - Registered SqmFunctionTemplate [org.hibernate.query.sqm.function.PatternBasedSqmFunctionDescriptor@30b69dd] under mod; prior registration was NamedSqmFunctionTemplate(mod)
13:10:14.392 [main] DEBUG org.hibernate.query.sqm.function.SqmFunctionRegistry - Registered SqmFunctionTemplate [NamedSqmFunctionTemplate(rand)] under rand; prior registration was null
13:10:14.392 [main] DEBUG org.hibernate.query.sqm.function.SqmFunctionRegistry - Registered SqmFunctionTemplate [NamedSqmFunctionTemplate(soundex)] under soundex; prior registration was null
13:10:14.392 [main] DEBUG org.hibernate.query.sqm.function.SqmFunctionRegistry - Registered SqmFunctionTemplate [NamedSqmFunctionTemplate(translate)] under translate; prior registration was null
13:10:14.392 [main] DEBUG org.hibernate.query.sqm.function.SqmFunctionRegistry - Registered SqmFunctionTemplate [NamedSqmFunctionTemplate(bitand)] under bitand; prior registration was null
13:10:14.392 [main] DEBUG org.hibernate.query.sqm.function.SqmFunctionRegistry - Registered SqmFunctionTemplate [NamedSqmFunctionTemplate(bitor)] under bitor; prior registration was null
13:10:14.392 [main] DEBUG org.hibernate.query.sqm.function.SqmFunctionRegistry - Registered SqmFunctionTemplate [NamedSqmFunctionTemplate(bitxor)] under bitxor; prior registration was null
13:10:14.392 [main] DEBUG org.hibernate.query.sqm.function.SqmFunctionRegistry - Registered SqmFunctionTemplate [NamedSqmFunctionTemplate(bitnot)] under bitnot; prior registration was null
13:10:14.392 [main] DEBUG org.hibernate.query.sqm.function.SqmFunctionRegistry - Registered SqmFunctionTemplate [NamedSqmFunctionTemplate(bit_and)] under bit_and; prior registration was null
13:10:14.392 [main] DEBUG org.hibernate.query.sqm.function.SqmFunctionRegistry - Registered SqmFunctionTemplate [NamedSqmFunctionTemplate(bit_or)] under bit_or; prior registration was null
13:10:14.392 [main] DEBUG org.hibernate.query.sqm.function.SqmFunctionRegistry - Registered SqmFunctionTemplate [NamedSqmFunctionTemplate(day)] under day; prior registration was null
13:10:14.392 [main] DEBUG org.hibernate.query.sqm.function.SqmFunctionRegistry - Registered SqmFunctionTemplate [NamedSqmFunctionTemplate(month)] under month; prior registration was null
13:10:14.392 [main] DEBUG org.hibernate.query.sqm.function.SqmFunctionRegistry - Registered SqmFunctionTemplate [NamedSqmFunctionTemplate(year)] under year; prior registration was null
13:10:14.392 [main] DEBUG org.hibernate.query.sqm.function.SqmFunctionRegistry - Registered SqmFunctionTemplate [NamedSqmFunctionTemplate(hour)] under hour; prior registration was null
13:10:14.392 [main] DEBUG org.hibernate.query.sqm.function.SqmFunctionRegistry - Registered SqmFunctionTemplate [NamedSqmFunctionTemplate(minute)] under minute; prior registration was null
13:10:14.392 [main] DEBUG org.hibernate.query.sqm.function.SqmFunctionRegistry - Registered SqmFunctionTemplate [NamedSqmFunctionTemplate(second)] under second; prior registration was null
13:10:14.392 [main] DEBUG org.hibernate.query.sqm.function.SqmFunctionRegistry - Registered SqmFunctionTemplate [NamedSqmFunctionTemplate(microsecond)] under microsecond; prior registration was null
13:10:14.392 [main] DEBUG org.hibernate.query.sqm.function.SqmFunctionRegistry - Registered SqmFunctionTemplate [NamedSqmFunctionTemplate(day_of_week)] under day_of_week; prior registration was null
13:10:14.392 [main] DEBUG org.hibernate.query.sqm.function.SqmFunctionRegistry - Registered SqmFunctionTemplate [NamedSqmFunctionTemplate(day_of_month)] under day_of_month; prior registration was null
13:10:14.392 [main] DEBUG org.hibernate.query.sqm.function.SqmFunctionRegistry - Registering alternate key : day -> day_of_month
13:10:14.392 [main] DEBUG org.hibernate.query.sqm.function.SqmFunctionRegistry - Registered SqmFunctionTemplate [NamedSqmFunctionTemplate(day_of_year)] under day_of_year; prior registration was null
13:10:14.392 [main] DEBUG org.hibernate.query.sqm.function.SqmFunctionRegistry - Registered SqmFunctionTemplate [NamedSqmFunctionTemplate(week)] under week; prior registration was null
13:10:14.392 [main] DEBUG org.hibernate.query.sqm.function.SqmFunctionRegistry - Registered SqmFunctionTemplate [NamedSqmFunctionTemplate(quarter)] under quarter; prior registration was null
13:10:14.392 [main] DEBUG org.hibernate.query.sqm.function.SqmFunctionRegistry - Registered SqmFunctionTemplate [NamedSqmFunctionTemplate(monthname)] under monthname; prior registration was null
13:10:14.392 [main] DEBUG org.hibernate.query.sqm.function.SqmFunctionRegistry - Registered SqmFunctionTemplate [NamedSqmFunctionTemplate(dayname)] under dayname; prior registration was null
13:10:14.392 [main] DEBUG org.hibernate.query.sqm.function.SqmFunctionRegistry - Registered SqmFunctionTemplate [NamedSqmFunctionTemplate(localtime)] under localtime; prior registration was null
13:10:14.392 [main] DEBUG org.hibernate.query.sqm.function.SqmFunctionRegistry - Registered SqmFunctionTemplate [NamedSqmFunctionTemplate(localtimestamp)] under localtimestamp; prior registration was null
13:10:14.393 [main] DEBUG org.hibernate.query.sqm.function.SqmFunctionRegistry - Registered SqmFunctionTemplate [NamedSqmFunctionTemplate(localtime)] under local_time; prior registration was org.hibernate.dialect.function.CurrentFunction@42807bd7
13:10:14.393 [main] DEBUG org.hibernate.query.sqm.function.SqmFunctionRegistry - Registered SqmFunctionTemplate [NamedSqmFunctionTemplate(localtimestamp)] under local_datetime; prior registration was org.hibernate.dialect.function.CurrentFunction@5dbd49aa
13:10:14.393 [main] DEBUG org.hibernate.query.sqm.function.SqmFunctionRegistry - Registered SqmFunctionTemplate [org.hibernate.dialect.function.TruncFunction@1c244e31] under trunc; prior registration was null
13:10:14.393 [main] DEBUG org.hibernate.query.sqm.function.SqmFunctionRegistry - Registering alternate key : truncate -> trunc
13:10:14.393 [main] DEBUG org.hibernate.query.sqm.function.SqmFunctionRegistry - Registered SqmFunctionTemplate [org.hibernate.query.sqm.function.PatternBasedSqmFunctionDescriptor@b54cfd8] under date_trunc; prior registration was null
13:10:14.393 [frcpm-hikari-pool connection adder] DEBUG com.zaxxer.hikari.pool.HikariPool - frcpm-hikari-pool - After adding stats (total=4, active=0, idle=4, waiting=0)
13:10:14.393 [main] DEBUG org.hibernate.query.sqm.function.SqmFunctionRegistry - Registered SqmFunctionTemplate [NamedSqmFunctionTemplate(bit_length)] under bit_length; prior registration was null
13:10:14.393 [main] DEBUG org.hibernate.query.sqm.function.SqmFunctionRegistry - Registered SqmFunctionTemplate [NamedSqmFunctionTemplate(octet_length)] under octet_length; prior registration was null
13:10:14.393 [main] DEBUG org.hibernate.query.sqm.function.SqmFunctionRegistry - Registered SqmFunctionTemplate [NamedSqmFunctionTemplate(ascii)] under ascii; prior registration was null
13:10:14.393 [main] DEBUG org.hibernate.query.sqm.function.SqmFunctionRegistry - Registered SqmFunctionTemplate [NamedSqmFunctionTemplate(octet_length)] under octet_length; prior registration was NamedSqmFunctionTemplate(octet_length)
13:10:14.393 [main] DEBUG org.hibernate.query.sqm.function.SqmFunctionRegistry - Registered SqmFunctionTemplate [NamedSqmFunctionTemplate(space)] under space; prior registration was null
13:10:14.393 [main] DEBUG org.hibernate.query.sqm.function.SqmFunctionRegistry - Registered SqmFunctionTemplate [NamedSqmFunctionTemplate(repeat)] under repeat; prior registration was null
13:10:14.393 [main] DEBUG org.hibernate.query.sqm.function.SqmFunctionRegistry - Registered SqmFunctionTemplate [NamedSqmFunctionTemplate(char)] under char; prior registration was null
13:10:14.393 [main] DEBUG org.hibernate.query.sqm.function.SqmFunctionRegistry - Registering alternate key : chr -> char
13:10:14.393 [main] DEBUG org.hibernate.query.sqm.function.SqmFunctionRegistry - Registered SqmFunctionTemplate [NamedSqmFunctionTemplate(instr)] under instr; prior registration was null
13:10:14.393 [main] DEBUG org.hibernate.query.sqm.function.SqmFunctionRegistry - Registered SqmFunctionTemplate [NamedSqmFunctionTemplate(substr)] under substr; prior registration was null
13:10:14.393 [main] DEBUG org.hibernate.query.sqm.function.SqmFunctionRegistry - Registered SqmFunctionTemplate [org.hibernate.query.sqm.function.PatternBasedSqmFunctionDescriptor@3ae96d5b] under position; prior registration was org.hibernate.dialect.function.LocatePositionEmulation@772ce28e
13:10:14.393 [main] DEBUG org.hibernate.query.sqm.function.SqmFunctionRegistry - Registered SqmFunctionTemplate [NamedSqmFunctionTemplate(ltrim)] under ltrim; prior registration was null
13:10:14.393 [main] DEBUG org.hibernate.query.sqm.function.SqmFunctionRegistry - Registered SqmFunctionTemplate [NamedSqmFunctionTemplate(rtrim)] under rtrim; prior registration was null
13:10:14.393 [main] DEBUG org.hibernate.query.sqm.function.SqmFunctionRegistry - Registered SqmFunctionTemplate [org.hibernate.query.sqm.function.PatternBasedSqmFunctionDescriptor@62f4ae5a] under concat; prior registration was NamedSqmFunctionTemplate(concat)
13:10:14.393 [main] DEBUG org.hibernate.query.sqm.function.SqmFunctionRegistry - Registered SqmFunctionTemplate [NamedSqmFunctionTemplate(curtime)] under curtime; prior registration was null
13:10:14.393 [main] DEBUG org.hibernate.query.sqm.function.SqmFunctionRegistry - Registered SqmFunctionTemplate [NamedSqmFunctionTemplate(curdate)] under curdate; prior registration was null
13:10:14.393 [main] DEBUG org.hibernate.query.sqm.function.SqmFunctionRegistry - Registered SqmFunctionTemplate [NamedSqmFunctionTemplate(now)] under now; prior registration was null
13:10:14.393 [main] DEBUG org.hibernate.query.sqm.function.SqmFunctionRegistry - Registered SqmFunctionTemplate [NamedSqmFunctionTemplate(sysdate)] under sysdate; prior registration was null
13:10:14.393 [main] DEBUG org.hibernate.query.sqm.function.SqmFunctionRegistry - Registered SqmFunctionTemplate [NamedSqmFunctionTemplate(insert)] under insert; prior registration was null
13:10:14.393 [main] DEBUG org.hibernate.query.sqm.function.SqmFunctionRegistry - Registered SqmFunctionTemplate [NamedSqmFunctionTemplate(bool_and)] under bool_and; prior registration was null
13:10:14.393 [main] DEBUG org.hibernate.query.sqm.function.SqmFunctionRegistry - Registering alternate key : every -> bool_and
13:10:14.393 [main] DEBUG org.hibernate.query.sqm.function.SqmFunctionRegistry - Registered SqmFunctionTemplate [NamedSqmFunctionTemplate(bool_or)] under bool_or; prior registration was null
13:10:14.393 [main] DEBUG org.hibernate.query.sqm.function.SqmFunctionRegistry - Registering alternate key : any -> bool_or
13:10:14.393 [main] DEBUG org.hibernate.query.sqm.function.SqmFunctionRegistry - Registered SqmFunctionTemplate [NamedSqmFunctionTemplate(median)] under median; prior registration was null
13:10:14.393 [main] DEBUG org.hibernate.query.sqm.function.SqmFunctionRegistry - Registered SqmFunctionTemplate [NamedSqmFunctionTemplate(stddev_pop)] under stddev_pop; prior registration was null
13:10:14.393 [main] DEBUG org.hibernate.query.sqm.function.SqmFunctionRegistry - Registered SqmFunctionTemplate [NamedSqmFunctionTemplate(stddev_samp)] under stddev_samp; prior registration was null
13:10:14.393 [main] DEBUG org.hibernate.query.sqm.function.SqmFunctionRegistry - Registered SqmFunctionTemplate [NamedSqmFunctionTemplate(var_pop)] under var_pop; prior registration was null
13:10:14.393 [main] DEBUG org.hibernate.query.sqm.function.SqmFunctionRegistry - Registered SqmFunctionTemplate [NamedSqmFunctionTemplate(var_samp)] under var_samp; prior registration was null
13:10:14.393 [main] DEBUG org.hibernate.query.sqm.function.SqmFunctionRegistry - Registered SqmFunctionTemplate [org.hibernate.dialect.function.FormatFunction@5c1f31f3] under format; prior registration was org.hibernate.dialect.function.FormatFunction@3f6aaa7
13:10:14.393 [main] DEBUG org.hibernate.query.sqm.function.SqmFunctionRegistry - Registered SqmFunctionTemplate [NamedSqmFunctionTemplate(rownum)] under rownum; prior registration was null
13:10:14.393 [main] DEBUG org.hibernate.query.sqm.function.SqmFunctionRegistry - Registered SqmFunctionTemplate [NamedSqmFunctionTemplate(row_number)] under row_number; prior registration was null
13:10:14.393 [main] DEBUG org.hibernate.query.sqm.function.SqmFunctionRegistry - Registered SqmFunctionTemplate [NamedSqmFunctionTemplate(lag)] under lag; prior registration was null
13:10:14.393 [main] DEBUG org.hibernate.query.sqm.function.SqmFunctionRegistry - Registered SqmFunctionTemplate [NamedSqmFunctionTemplate(lead)] under lead; prior registration was null
13:10:14.393 [main] DEBUG org.hibernate.query.sqm.function.SqmFunctionRegistry - Registered SqmFunctionTemplate [NamedSqmFunctionTemplate(first_value)] under first_value; prior registration was null
13:10:14.393 [main] DEBUG org.hibernate.query.sqm.function.SqmFunctionRegistry - Registered SqmFunctionTemplate [NamedSqmFunctionTemplate(last_value)] under last_value; prior registration was null
13:10:14.393 [main] DEBUG org.hibernate.query.sqm.function.SqmFunctionRegistry - Registered SqmFunctionTemplate [NamedSqmFunctionTemplate(nth_value)] under nth_value; prior registration was null
13:10:14.393 [main] DEBUG org.hibernate.query.sqm.function.SqmFunctionRegistry - Registered SqmFunctionTemplate [org.hibernate.dialect.function.ListaggFunction@71980fa7] under listagg; prior registration was null
13:10:14.393 [main] DEBUG org.hibernate.query.sqm.function.SqmFunctionRegistry - Registered SqmFunctionTemplate [org.hibernate.dialect.function.InverseDistributionFunction@6a377a] under mode; prior registration was null
13:10:14.393 [main] DEBUG org.hibernate.query.sqm.function.SqmFunctionRegistry - Registered SqmFunctionTemplate [org.hibernate.dialect.function.InverseDistributionFunction@472bcf53] under percentile_cont; prior registration was null
13:10:14.393 [main] DEBUG org.hibernate.query.sqm.function.SqmFunctionRegistry - Registered SqmFunctionTemplate [org.hibernate.dialect.function.InverseDistributionFunction@629eeeec] under percentile_disc; prior registration was null
13:10:14.393 [main] DEBUG org.hibernate.query.sqm.function.SqmFunctionRegistry - Registered SqmFunctionTemplate [org.hibernate.dialect.function.HypotheticalSetFunction@53ca202f] under rank; prior registration was null
13:10:14.393 [main] DEBUG org.hibernate.query.sqm.function.SqmFunctionRegistry - Registered SqmFunctionTemplate [org.hibernate.dialect.function.HypotheticalSetFunction@24a1ccb] under dense_rank; prior registration was null
13:10:14.394 [main] DEBUG org.hibernate.query.sqm.function.SqmFunctionRegistry - Registered SqmFunctionTemplate [org.hibernate.dialect.function.HypotheticalSetFunction@1b821a86] under percent_rank; prior registration was null
13:10:14.394 [main] DEBUG org.hibernate.query.sqm.function.SqmFunctionRegistry - Registered SqmFunctionTemplate [org.hibernate.dialect.function.HypotheticalSetFunction@e7e6e94] under cume_dist; prior registration was null
13:10:14.394 [frcpm-hikari-pool connection adder] DEBUG com.zaxxer.hikari.pool.HikariPool - frcpm-hikari-pool - Added connection conn33: url=jdbc:h2:mem:testdb user=SA
13:10:14.394 [main] DEBUG org.hibernate.query.sqm.function.SqmFunctionRegistry - Registered SqmFunctionTemplate [org.hibernate.dialect.function.array.ArrayConstructorFunction@cb7ec2c] under array; prior registration was null
13:10:14.394 [main] DEBUG org.hibernate.query.sqm.function.SqmFunctionRegistry - Registered SqmFunctionTemplate [org.hibernate.dialect.function.array.ArrayConstructorFunction@5e491535] under array_list; prior registration was null
13:10:14.394 [main] DEBUG org.hibernate.query.sqm.function.SqmFunctionRegistry - Registered SqmFunctionTemplate [org.hibernate.dialect.function.array.ArrayAggFunction@55947250] under array_agg; prior registration was null
13:10:14.394 [main] DEBUG org.hibernate.query.sqm.function.SqmFunctionRegistry - Registered SqmFunctionTemplate [org.hibernate.dialect.function.array.H2ArrayPositionFunction@28e3bcb8] under array_position; prior registration was null
13:10:14.394 [main] DEBUG org.hibernate.query.sqm.function.SqmFunctionRegistry - Registered SqmFunctionTemplate [org.hibernate.dialect.function.array.H2ArrayPositionsFunction@d70bdec] under array_positions; prior registration was null
13:10:14.394 [main] DEBUG org.hibernate.query.sqm.function.SqmFunctionRegistry - Registered SqmFunctionTemplate [org.hibernate.dialect.function.array.H2ArrayPositionsFunction@4eb32d54] under array_positions_list; prior registration was null
13:10:14.394 [main] DEBUG org.hibernate.query.sqm.function.SqmFunctionRegistry - Registered SqmFunctionTemplate [org.hibernate.query.sqm.function.PatternBasedSqmFunctionDescriptor@6281f945] under array_length; prior registration was null
13:10:14.394 [main] DEBUG org.hibernate.query.sqm.function.SqmFunctionRegistry - Registered SqmFunctionTemplate [org.hibernate.dialect.function.array.ArrayConcatFunction@6a16b724] under array_concat; prior registration was null
13:10:14.394 [main] DEBUG org.hibernate.query.sqm.function.SqmFunctionRegistry - Registered SqmFunctionTemplate [org.hibernate.dialect.function.array.ArrayConcatElementFunction@1328a5de] under array_prepend; prior registration was null
13:10:14.394 [main] DEBUG org.hibernate.query.sqm.function.SqmFunctionRegistry - Registered SqmFunctionTemplate [org.hibernate.dialect.function.array.ArrayConcatElementFunction@4426f362] under array_append; prior registration was null
13:10:14.394 [main] DEBUG org.hibernate.query.sqm.function.SqmFunctionRegistry - Registered SqmFunctionTemplate [org.hibernate.dialect.function.array.H2ArrayContainsFunction@29007172] under array_contains; prior registration was null
13:10:14.394 [main] DEBUG org.hibernate.query.sqm.function.SqmFunctionRegistry - Registered SqmFunctionTemplate [org.hibernate.dialect.function.array.H2ArrayContainsFunction@76705ce1] under array_contains_nullable; prior registration was null
13:10:14.394 [main] DEBUG org.hibernate.query.sqm.function.SqmFunctionRegistry - Registered SqmFunctionTemplate [org.hibernate.dialect.function.array.H2ArrayOverlapsFunction@202001a4] under array_overlaps; prior registration was null
13:10:14.394 [main] DEBUG org.hibernate.query.sqm.function.SqmFunctionRegistry - Registered SqmFunctionTemplate [org.hibernate.dialect.function.array.H2ArrayOverlapsFunction@536e5b21] under array_overlaps_nullable; prior registration was null
13:10:14.394 [main] DEBUG org.hibernate.query.sqm.function.SqmFunctionRegistry - Registered SqmFunctionTemplate [org.hibernate.query.sqm.function.PatternBasedSqmFunctionDescriptor@794f2bdf] under array_get; prior registration was null
13:10:14.394 [main] DEBUG org.hibernate.query.sqm.function.SqmFunctionRegistry - Registered SqmFunctionTemplate [org.hibernate.dialect.function.array.H2ArraySetFunction@d2ce743] under array_set; prior registration was null
13:10:14.394 [main] DEBUG org.hibernate.query.sqm.function.SqmFunctionRegistry - Registered SqmFunctionTemplate [org.hibernate.dialect.function.array.H2ArrayRemoveFunction@2d21fa63] under array_remove; prior registration was null
13:10:14.394 [main] DEBUG org.hibernate.query.sqm.function.SqmFunctionRegistry - Registered SqmFunctionTemplate [org.hibernate.dialect.function.array.H2ArrayRemoveIndexFunction@c370bb5] under array_remove_index; prior registration was null
13:10:14.394 [main] DEBUG org.hibernate.query.sqm.function.SqmFunctionRegistry - Registered SqmFunctionTemplate [org.hibernate.query.sqm.function.PatternBasedSqmFunctionDescriptor@c26c83f] under array_slice; prior registration was null
13:10:14.394 [main] DEBUG org.hibernate.query.sqm.function.SqmFunctionRegistry - Registered SqmFunctionTemplate [org.hibernate.dialect.function.array.H2ArrayReplaceFunction@66da2007] under array_replace; prior registration was null
13:10:14.394 [main] DEBUG org.hibernate.query.sqm.function.SqmFunctionRegistry - Registered SqmFunctionTemplate [org.hibernate.query.sqm.function.PatternBasedSqmFunctionDescriptor@448a2c5d] under array_trim; prior registration was null
13:10:14.394 [main] DEBUG org.hibernate.query.sqm.function.SqmFunctionRegistry - Registered SqmFunctionTemplate [org.hibernate.dialect.function.array.H2ArrayFillFunction@7054edda] under array_fill; prior registration was null
13:10:14.394 [main] DEBUG org.hibernate.query.sqm.function.SqmFunctionRegistry - Registered SqmFunctionTemplate [org.hibernate.dialect.function.array.H2ArrayFillFunction@4a09a4df] under array_fill_list; prior registration was null
13:10:14.394 [main] DEBUG org.hibernate.query.sqm.function.SqmFunctionRegistry - Registered SqmFunctionTemplate [org.hibernate.dialect.function.array.H2ArrayToStringFunction@7de47f81] under array_to_string; prior registration was null
13:10:14.395 [main] DEBUG org.hibernate.HQL_FUNCTIONS - abs(NUMERIC arg)
13:10:14.395 [main] DEBUG org.hibernate.HQL_FUNCTIONS - Double acos(NUMERIC arg)
13:10:14.395 [main] DEBUG org.hibernate.HQL_FUNCTIONS - Boolean any(BOOLEAN predicate)
13:10:14.395 [main] DEBUG org.hibernate.HQL_FUNCTIONS - array( ... )
13:10:14.395 [main] DEBUG org.hibernate.HQL_FUNCTIONS - array_agg(arg)
13:10:14.395 [main] DEBUG org.hibernate.HQL_FUNCTIONS - array_append( ... )
13:10:14.395 [main] DEBUG org.hibernate.HQL_FUNCTIONS - array_concat( ... )
13:10:14.395 [main] DEBUG org.hibernate.HQL_FUNCTIONS - Boolean array_contains(ARRAY haystackArray, OBJECT needleElementOrArray)
13:10:14.395 [main] DEBUG org.hibernate.HQL_FUNCTIONS - Boolean array_contains_nullable(ARRAY haystackArray, OBJECT needleElementOrArray)
13:10:14.395 [main] DEBUG org.hibernate.HQL_FUNCTIONS - array_fill(OBJECT element, INTEGER elementCount)
13:10:14.395 [main] DEBUG org.hibernate.HQL_FUNCTIONS - array_fill_list(OBJECT element, INTEGER elementCount)
13:10:14.395 [main] DEBUG org.hibernate.HQL_FUNCTIONS - array_get(ARRAY array, INTEGER index)
13:10:14.395 [main] DEBUG org.hibernate.HQL_FUNCTIONS - Integer array_length(ARRAY array)
13:10:14.395 [main] DEBUG org.hibernate.HQL_FUNCTIONS - array_list( ... )
13:10:14.395 [main] DEBUG org.hibernate.HQL_FUNCTIONS - Boolean array_overlaps(ARRAY array0, OBJECT array1)
13:10:14.395 [main] DEBUG org.hibernate.HQL_FUNCTIONS - Boolean array_overlaps_nullable(ARRAY array0, OBJECT array1)
13:10:14.395 [main] DEBUG org.hibernate.HQL_FUNCTIONS - Integer array_position(ARRAY array, OBJECT element[, INTEGER startPosition])
13:10:14.395 [main] DEBUG org.hibernate.HQL_FUNCTIONS - int[] array_positions(ARRAY array, OBJECT element)
13:10:14.395 [main] DEBUG org.hibernate.HQL_FUNCTIONS - List array_positions_list(ARRAY array, OBJECT element)
13:10:14.395 [main] DEBUG org.hibernate.HQL_FUNCTIONS - array_prepend( ... )
13:10:14.395 [main] DEBUG org.hibernate.HQL_FUNCTIONS - array_remove( ... )
13:10:14.395 [main] DEBUG org.hibernate.HQL_FUNCTIONS - array_remove_index( ... )
13:10:14.395 [main] DEBUG org.hibernate.HQL_FUNCTIONS - array_replace( ... )
13:10:14.395 [main] DEBUG org.hibernate.HQL_FUNCTIONS - array_set( ... )
13:10:14.395 [main] DEBUG org.hibernate.HQL_FUNCTIONS - array_slice(ARRAY array, INTEGER start, INTEGER end)
13:10:14.395 [main] DEBUG org.hibernate.HQL_FUNCTIONS - String array_to_string( ... )
13:10:14.395 [main] DEBUG org.hibernate.HQL_FUNCTIONS - array_trim(ARRAY array, INTEGER elementsToRemove)
13:10:14.395 [main] DEBUG org.hibernate.HQL_FUNCTIONS - Integer ascii(STRING arg)
13:10:14.395 [main] DEBUG org.hibernate.HQL_FUNCTIONS - Double asin(NUMERIC arg)
13:10:14.395 [main] DEBUG org.hibernate.HQL_FUNCTIONS - Double atan(NUMERIC arg)
13:10:14.395 [main] DEBUG org.hibernate.HQL_FUNCTIONS - Double atan2(NUMERIC arg0, NUMERIC arg1)
13:10:14.395 [main] DEBUG org.hibernate.HQL_FUNCTIONS - avg(NUMERIC arg)
13:10:14.395 [main] DEBUG org.hibernate.HQL_FUNCTIONS - bit_and(arg)
13:10:14.395 [main] DEBUG org.hibernate.HQL_FUNCTIONS - Integer bit_length(STRING_OR_CLOB arg)
13:10:14.395 [main] DEBUG org.hibernate.HQL_FUNCTIONS - bit_or(arg)
13:10:14.395 [main] DEBUG org.hibernate.HQL_FUNCTIONS - bitand(arg0, arg1)
13:10:14.395 [main] DEBUG org.hibernate.HQL_FUNCTIONS - bitnot(arg)
13:10:14.395 [main] DEBUG org.hibernate.HQL_FUNCTIONS - bitor(arg0, arg1)
13:10:14.395 [main] DEBUG org.hibernate.HQL_FUNCTIONS - bitxor(arg0, arg1)
13:10:14.395 [main] DEBUG org.hibernate.HQL_FUNCTIONS - Boolean bool_and(BOOLEAN predicate)
13:10:14.395 [main] DEBUG org.hibernate.HQL_FUNCTIONS - Boolean bool_or(BOOLEAN predicate)
13:10:14.395 [main] DEBUG org.hibernate.HQL_FUNCTIONS - cast(arg as Type)
13:10:14.395 [main] DEBUG org.hibernate.HQL_FUNCTIONS - ceiling(NUMERIC arg)
13:10:14.395 [main] DEBUG org.hibernate.HQL_FUNCTIONS - Character char(INTEGER arg)
13:10:14.395 [main] DEBUG org.hibernate.HQL_FUNCTIONS - Integer character_length(STRING_OR_CLOB arg)
13:10:14.395 [main] DEBUG org.hibernate.HQL_FUNCTIONS - Character chr(INTEGER arg)
13:10:14.395 [main] DEBUG org.hibernate.HQL_FUNCTIONS - coalesce(arg0[, arg1[, ...]])
13:10:14.395 [main] DEBUG org.hibernate.HQL_FUNCTIONS - String collate(STRING string as COLLATION collation)
13:10:14.395 [main] DEBUG org.hibernate.HQL_FUNCTIONS - String concat(STRING string0[, STRING string1[, ...]])
13:10:14.395 [main] DEBUG org.hibernate.HQL_FUNCTIONS - Double cos(NUMERIC arg)
13:10:14.395 [main] DEBUG org.hibernate.HQL_FUNCTIONS - Double cosh(NUMERIC arg)
13:10:14.395 [main] DEBUG org.hibernate.HQL_FUNCTIONS - Double cot(NUMERIC arg)
13:10:14.395 [main] DEBUG org.hibernate.HQL_FUNCTIONS - Long count([distinct ]{arg|*})
13:10:14.395 [main] DEBUG org.hibernate.HQL_FUNCTIONS - Double cume_dist([arg0[, ...]])
13:10:14.395 [main] DEBUG org.hibernate.HQL_FUNCTIONS - Date curdate()
13:10:14.395 [main] DEBUG org.hibernate.HQL_FUNCTIONS - Date current date
13:10:14.395 [main] DEBUG org.hibernate.HQL_FUNCTIONS - Time current time
13:10:14.395 [main] DEBUG org.hibernate.HQL_FUNCTIONS - Timestamp current timestamp
13:10:14.395 [main] DEBUG org.hibernate.HQL_FUNCTIONS - Date current_date
13:10:14.395 [main] DEBUG org.hibernate.HQL_FUNCTIONS - Instant current_instant
13:10:14.395 [main] DEBUG org.hibernate.HQL_FUNCTIONS - Time current_time
13:10:14.395 [main] DEBUG org.hibernate.HQL_FUNCTIONS - Timestamp current_timestamp
13:10:14.395 [main] DEBUG org.hibernate.HQL_FUNCTIONS - Time curtime()
13:10:14.395 [main] DEBUG org.hibernate.HQL_FUNCTIONS - date_trunc(STRING field, TEMPORAL datetime)
13:10:14.395 [main] DEBUG org.hibernate.HQL_FUNCTIONS - dateadd(TEMPORAL_UNIT field, INTEGER magnitude, TEMPORAL datetime)
13:10:14.395 [main] DEBUG org.hibernate.HQL_FUNCTIONS - Long|Double datediff(TEMPORAL_UNIT field, TEMPORAL start, TEMPORAL end)
13:10:14.395 [main] DEBUG org.hibernate.HQL_FUNCTIONS - Integer day(DATE arg)
13:10:14.395 [main] DEBUG org.hibernate.HQL_FUNCTIONS - Integer day_of_month(DATE arg)
13:10:14.395 [main] DEBUG org.hibernate.HQL_FUNCTIONS - Integer day_of_week(DATE arg)
13:10:14.395 [main] DEBUG org.hibernate.HQL_FUNCTIONS - Integer day_of_year(DATE arg)
13:10:14.395 [main] DEBUG org.hibernate.HQL_FUNCTIONS - String dayname(DATE arg)
13:10:14.395 [main] DEBUG org.hibernate.HQL_FUNCTIONS - Double degrees(NUMERIC arg)
13:10:14.395 [main] DEBUG org.hibernate.HQL_FUNCTIONS - Long dense_rank([arg0[, ...]])
13:10:14.395 [main] DEBUG org.hibernate.HQL_FUNCTIONS - Boolean every(BOOLEAN predicate)
13:10:14.395 [main] DEBUG org.hibernate.HQL_FUNCTIONS - Double exp(NUMERIC arg)
13:10:14.395 [main] DEBUG org.hibernate.HQL_FUNCTIONS - extract(TEMPORAL_UNIT field from TEMPORAL arg)
13:10:14.395 [main] DEBUG org.hibernate.HQL_FUNCTIONS - first_valueANY value
13:10:14.395 [main] DEBUG org.hibernate.HQL_FUNCTIONS - floor(NUMERIC arg)
13:10:14.395 [main] DEBUG org.hibernate.HQL_FUNCTIONS - String format(TEMPORAL datetime as STRING pattern)
13:10:14.395 [main] DEBUG org.hibernate.HQL_FUNCTIONS - greatest(COMPARABLE arg0, COMPARABLE arg1[, arg2[, ...]])
13:10:14.395 [main] DEBUG org.hibernate.HQL_FUNCTIONS - Integer hour(TIME arg)
13:10:14.395 [main] DEBUG org.hibernate.HQL_FUNCTIONS - ifnull(arg0, arg1)
13:10:14.395 [main] DEBUG org.hibernate.HQL_FUNCTIONS - String insert(STRING string, INTEGER start, INTEGER length, STRING replacement)
13:10:14.395 [main] DEBUG org.hibernate.HQL_FUNCTIONS - Instant instant
13:10:14.395 [main] DEBUG org.hibernate.HQL_FUNCTIONS - Integer instr(STRING string, STRING pattern[, INTEGER start[, INTEGER occurrence]])
13:10:14.395 [main] DEBUG org.hibernate.HQL_FUNCTIONS - lagANY value[, INTEGER offset[, ANY default]]
13:10:14.395 [main] DEBUG org.hibernate.HQL_FUNCTIONS - last_valueANY value
13:10:14.395 [main] DEBUG org.hibernate.HQL_FUNCTIONS - leadANY value[, INTEGER offset[, ANY default]]
13:10:14.395 [main] DEBUG org.hibernate.HQL_FUNCTIONS - least(COMPARABLE arg0, COMPARABLE arg1[, arg2[, ...]])
13:10:14.395 [main] DEBUG org.hibernate.HQL_FUNCTIONS - String left(STRING string, INTEGER length)
13:10:14.395 [main] DEBUG org.hibernate.HQL_FUNCTIONS - Integer length(STRING_OR_CLOB arg)
13:10:14.395 [main] DEBUG org.hibernate.HQL_FUNCTIONS - String listagg(STRING arg0, STRING arg1)
13:10:14.395 [main] DEBUG org.hibernate.HQL_FUNCTIONS - Double ln(NUMERIC arg)
13:10:14.395 [main] DEBUG org.hibernate.HQL_FUNCTIONS - LocalDate local date
13:10:14.395 [main] DEBUG org.hibernate.HQL_FUNCTIONS - LocalDateTime local datetime
13:10:14.395 [main] DEBUG org.hibernate.HQL_FUNCTIONS - LocalTime local time
13:10:14.395 [main] DEBUG org.hibernate.HQL_FUNCTIONS - LocalDate local_date
13:10:14.395 [main] DEBUG org.hibernate.HQL_FUNCTIONS - LocalDateTime local_datetime
13:10:14.395 [main] DEBUG org.hibernate.HQL_FUNCTIONS - LocalTime local_time
13:10:14.395 [main] DEBUG org.hibernate.HQL_FUNCTIONS - Time localtime
13:10:14.395 [main] DEBUG org.hibernate.HQL_FUNCTIONS - Timestamp localtimestamp
13:10:14.395 [main] DEBUG org.hibernate.HQL_FUNCTIONS - Integer locate(STRING pattern, STRING string[, INTEGER start])
13:10:14.395 [main] DEBUG org.hibernate.HQL_FUNCTIONS - Double log(NUMERIC base, NUMERIC arg)
13:10:14.395 [main] DEBUG org.hibernate.HQL_FUNCTIONS - Double log10(NUMERIC arg)
13:10:14.395 [main] DEBUG org.hibernate.HQL_FUNCTIONS - String lower(STRING string)
13:10:14.395 [main] DEBUG org.hibernate.HQL_FUNCTIONS - String lpad(STRING string, INTEGER length[, STRING padding])
13:10:14.395 [main] DEBUG org.hibernate.HQL_FUNCTIONS - String ltrim(STRING string)
13:10:14.395 [main] DEBUG org.hibernate.HQL_FUNCTIONS - max(COMPARABLE arg)
13:10:14.395 [main] DEBUG org.hibernate.HQL_FUNCTIONS - Double median(NUMERIC arg)
13:10:14.395 [main] DEBUG org.hibernate.HQL_FUNCTIONS - Integer microsecond(TIME arg)
13:10:14.395 [main] DEBUG org.hibernate.HQL_FUNCTIONS - min(COMPARABLE arg)
13:10:14.395 [main] DEBUG org.hibernate.HQL_FUNCTIONS - Integer minute(TIME arg)
13:10:14.395 [main] DEBUG org.hibernate.HQL_FUNCTIONS - Integer mod(INTEGER arg0, INTEGER arg1)
13:10:14.395 [main] DEBUG org.hibernate.HQL_FUNCTIONS - mode()
13:10:14.395 [main] DEBUG org.hibernate.HQL_FUNCTIONS - Integer month(DATE arg)
13:10:14.395 [main] DEBUG org.hibernate.HQL_FUNCTIONS - String monthname(DATE arg)
13:10:14.395 [main] DEBUG org.hibernate.HQL_FUNCTIONS - Timestamp now()
13:10:14.395 [main] DEBUG org.hibernate.HQL_FUNCTIONS - nth_valueANY value, INTEGER nth
13:10:14.395 [main] DEBUG org.hibernate.HQL_FUNCTIONS - nullif(arg0, arg1)
13:10:14.395 [main] DEBUG org.hibernate.HQL_FUNCTIONS - Integer octet_length(STRING_OR_CLOB arg)
13:10:14.395 [main] DEBUG org.hibernate.HQL_FUNCTIONS - OffsetDateTime offset datetime
13:10:14.395 [main] DEBUG org.hibernate.HQL_FUNCTIONS - OffsetDateTime offset_datetime
13:10:14.395 [main] DEBUG org.hibernate.HQL_FUNCTIONS - String overlay(STRING string placing STRING replacement from INTEGER start[ for INTEGER length])
13:10:14.395 [main] DEBUG org.hibernate.HQL_FUNCTIONS - String pad(STRING string with INTEGER length {leading|trailing}[ STRING character])
13:10:14.395 [main] DEBUG org.hibernate.HQL_FUNCTIONS - Double percent_rank([arg0[, ...]])
13:10:14.395 [main] DEBUG org.hibernate.HQL_FUNCTIONS - percentile_cont(NUMERIC arg)
13:10:14.395 [main] DEBUG org.hibernate.HQL_FUNCTIONS - percentile_disc(NUMERIC arg)
13:10:14.395 [main] DEBUG org.hibernate.HQL_FUNCTIONS - Double pi
13:10:14.395 [main] DEBUG org.hibernate.HQL_FUNCTIONS - Integer position(STRING pattern in STRING string)
13:10:14.395 [main] DEBUG org.hibernate.HQL_FUNCTIONS - Double power(NUMERIC arg0, NUMERIC arg1)
13:10:14.395 [main] DEBUG org.hibernate.HQL_FUNCTIONS - Integer quarter(DATE arg)
13:10:14.395 [main] DEBUG org.hibernate.HQL_FUNCTIONS - Double radians(NUMERIC arg)
13:10:14.395 [main] DEBUG org.hibernate.HQL_FUNCTIONS - Double rand([INTEGER seed])
13:10:14.395 [main] DEBUG org.hibernate.HQL_FUNCTIONS - Long rank([arg0[, ...]])
13:10:14.395 [main] DEBUG org.hibernate.HQL_FUNCTIONS - String repeat(STRING string, INTEGER times)
13:10:14.395 [main] DEBUG org.hibernate.HQL_FUNCTIONS - String replace(STRING string, STRING pattern, STRING replacement)
13:10:14.395 [main] DEBUG org.hibernate.HQL_FUNCTIONS - String right(STRING string, INTEGER length)
13:10:14.395 [main] DEBUG org.hibernate.HQL_FUNCTIONS - round(NUMERIC number[, INTEGER places])
13:10:14.395 [main] DEBUG org.hibernate.HQL_FUNCTIONS - Long row_number()
13:10:14.395 [main] DEBUG org.hibernate.HQL_FUNCTIONS - Long rownum()
13:10:14.395 [main] DEBUG org.hibernate.HQL_FUNCTIONS - String rpad(STRING string, INTEGER length[, STRING padding])
13:10:14.395 [main] DEBUG org.hibernate.HQL_FUNCTIONS - String rtrim(STRING string)
13:10:14.395 [main] DEBUG org.hibernate.HQL_FUNCTIONS - Integer second(TIME arg)
13:10:14.395 [main] DEBUG org.hibernate.HQL_FUNCTIONS - Integer sign(NUMERIC arg)
13:10:14.395 [main] DEBUG org.hibernate.HQL_FUNCTIONS - Double sin(NUMERIC arg)
13:10:14.395 [main] DEBUG org.hibernate.HQL_FUNCTIONS - Double sinh(NUMERIC arg)
13:10:14.395 [main] DEBUG org.hibernate.HQL_FUNCTIONS - String soundex(arg)
13:10:14.395 [main] DEBUG org.hibernate.HQL_FUNCTIONS - String space(INTEGER arg)
13:10:14.395 [main] DEBUG org.hibernate.HQL_FUNCTIONS - Object sql
13:10:14.395 [main] DEBUG org.hibernate.HQL_FUNCTIONS - Double sqrt(NUMERIC arg)
13:10:14.395 [main] DEBUG org.hibernate.HQL_FUNCTIONS - Double stddev_pop(NUMERIC arg)
13:10:14.395 [main] DEBUG org.hibernate.HQL_FUNCTIONS - Double stddev_samp(NUMERIC arg)
13:10:14.395 [main] DEBUG org.hibernate.HQL_FUNCTIONS - String str(arg)
13:10:14.395 [main] DEBUG org.hibernate.HQL_FUNCTIONS - String substr(STRING string, INTEGER start[, INTEGER length])
13:10:14.395 [main] DEBUG org.hibernate.HQL_FUNCTIONS - String substring(STRING string{ from|,} INTEGER start[{ for|,} INTEGER length])
13:10:14.395 [main] DEBUG org.hibernate.HQL_FUNCTIONS - sum(arg)
13:10:14.395 [main] DEBUG org.hibernate.HQL_FUNCTIONS - Timestamp sysdate
13:10:14.395 [main] DEBUG org.hibernate.HQL_FUNCTIONS - Double tan(NUMERIC arg)
13:10:14.395 [main] DEBUG org.hibernate.HQL_FUNCTIONS - Double tanh(NUMERIC arg)
13:10:14.395 [main] DEBUG org.hibernate.HQL_FUNCTIONS - timestampadd(TEMPORAL_UNIT field, INTEGER magnitude, TEMPORAL datetime)
13:10:14.395 [main] DEBUG org.hibernate.HQL_FUNCTIONS - Long|Double timestampdiff(TEMPORAL_UNIT field, TEMPORAL start, TEMPORAL end)
13:10:14.395 [main] DEBUG org.hibernate.HQL_FUNCTIONS - String translate(STRING arg0, STRING arg1, STRING arg2)
13:10:14.395 [main] DEBUG org.hibernate.HQL_FUNCTIONS - String trim([[{leading|trailing|both} ][STRING arg0 ]from] STRING arg1)
13:10:14.395 [main] DEBUG org.hibernate.HQL_FUNCTIONS - trunc( ... )
13:10:14.395 [main] DEBUG org.hibernate.HQL_FUNCTIONS - truncate( ... )
13:10:14.395 [main] DEBUG org.hibernate.HQL_FUNCTIONS - String upper(STRING string)
13:10:14.395 [main] DEBUG org.hibernate.HQL_FUNCTIONS - Double var_pop(NUMERIC arg)
13:10:14.395 [main] DEBUG org.hibernate.HQL_FUNCTIONS - Double var_samp(NUMERIC arg)
13:10:14.395 [main] DEBUG org.hibernate.HQL_FUNCTIONS - Integer week(DATE arg)
13:10:14.395 [main] DEBUG org.hibernate.HQL_FUNCTIONS - Integer year(DATE arg)
13:10:14.396 [main] DEBUG org.hibernate.orm.query.plan.cache - Starting QueryInterpretationCache(2048)
13:10:14.396 [main] DEBUG org.hibernate.service.internal.SessionFactoryServiceRegistryImpl - EventListenerRegistry access via ServiceRegistry is deprecated.  Use `sessionFactory.getEventEngine().getListenerRegistry()` instead
13:10:14.396 [main] DEBUG org.hibernate.event.internal.EntityCopyObserverFactoryInitiator - Configured EntityCopyObserver strategy: disallow
13:10:14.397 [main] DEBUG org.hibernate.boot.internal.ClassLoaderAccessImpl - Not known whether passed class name [org.frcpm.models.Attendance] is safe
13:10:14.397 [main] DEBUG org.hibernate.boot.internal.ClassLoaderAccessImpl - No temp ClassLoader provided; using live ClassLoader for loading potentially unsafe class : org.frcpm.models.Attendance
13:10:14.405 [main] DEBUG org.hibernate.bytecode.internal.bytebuddy.BytecodeProviderImpl - HHH000513: Unable to create the ReflectionOptimizer for [org.frcpm.models.Attendance]: private accessor [arrivalTime]
13:10:14.406 [main] DEBUG org.hibernate.boot.internal.ClassLoaderAccessImpl - Not known whether passed class name [org.frcpm.models.Meeting] is safe
13:10:14.406 [main] DEBUG org.hibernate.boot.internal.ClassLoaderAccessImpl - No temp ClassLoader provided; using live ClassLoader for loading potentially unsafe class : org.frcpm.models.Meeting
13:10:14.409 [FRC-PM-HikariCP housekeeper] DEBUG com.zaxxer.hikari.pool.HikariPool - FRC-PM-HikariCP - Before cleanup stats (total=1, active=0, idle=1, waiting=0)
13:10:14.409 [FRC-PM-HikariCP housekeeper] DEBUG com.zaxxer.hikari.pool.HikariPool - FRC-PM-HikariCP - After cleanup  stats (total=1, active=0, idle=1, waiting=0)
13:10:14.411 [FRC-PM-HikariCP connection adder] DEBUG com.zaxxer.hikari.pool.HikariPool - FRC-PM-HikariCP - Added connection conn34: url=jdbc:h2:mem:testdb user=SA
13:10:14.412 [main] DEBUG org.hibernate.bytecode.internal.bytebuddy.BytecodeProviderImpl - HHH000513: Unable to create the ReflectionOptimizer for [org.frcpm.models.Meeting]: private accessor [attendances]
13:10:14.413 [main] DEBUG org.hibernate.boot.internal.ClassLoaderAccessImpl - Not known whether passed class name [org.frcpm.models.Subsystem] is safe
13:10:14.413 [main] DEBUG org.hibernate.boot.internal.ClassLoaderAccessImpl - No temp ClassLoader provided; using live ClassLoader for loading potentially unsafe class : org.frcpm.models.Subsystem
13:10:14.420 [main] DEBUG org.hibernate.bytecode.internal.bytebuddy.BytecodeProviderImpl - HHH000513: Unable to create the ReflectionOptimizer for [org.frcpm.models.Subsystem]: private accessor [description]
13:10:14.421 [main] DEBUG org.hibernate.boot.internal.ClassLoaderAccessImpl - Not known whether passed class name [org.frcpm.models.Component] is safe
13:10:14.421 [main] DEBUG org.hibernate.boot.internal.ClassLoaderAccessImpl - No temp ClassLoader provided; using live ClassLoader for loading potentially unsafe class : org.frcpm.models.Component
13:10:14.425 [frcpm-hikari-pool connection adder] DEBUG com.zaxxer.hikari.pool.HikariPool - frcpm-hikari-pool - After adding stats (total=5, active=0, idle=5, waiting=0)
13:10:14.427 [main] DEBUG org.hibernate.bytecode.internal.bytebuddy.BytecodeProviderImpl - HHH000513: Unable to create the ReflectionOptimizer for [org.frcpm.models.Component]: private accessor [actualDelivery]
13:10:14.428 [main] DEBUG org.hibernate.boot.internal.ClassLoaderAccessImpl - Not known whether passed class name [org.frcpm.models.Milestone] is safe
13:10:14.428 [main] DEBUG org.hibernate.boot.internal.ClassLoaderAccessImpl - No temp ClassLoader provided; using live ClassLoader for loading potentially unsafe class : org.frcpm.models.Milestone
13:10:14.434 [main] DEBUG org.hibernate.bytecode.internal.bytebuddy.BytecodeProviderImpl - HHH000513: Unable to create the ReflectionOptimizer for [org.frcpm.models.Milestone]: private accessor [date]
13:10:14.436 [main] DEBUG org.hibernate.boot.internal.ClassLoaderAccessImpl - Not known whether passed class name [org.frcpm.models.Project] is safe
13:10:14.436 [main] DEBUG org.hibernate.boot.internal.ClassLoaderAccessImpl - No temp ClassLoader provided; using live ClassLoader for loading potentially unsafe class : org.frcpm.models.Project
13:10:14.445 [main] DEBUG org.hibernate.bytecode.internal.bytebuddy.BytecodeProviderImpl - HHH000513: Unable to create the ReflectionOptimizer for [org.frcpm.models.Project]: private accessor [description]
13:10:14.445 [main] DEBUG org.hibernate.boot.internal.ClassLoaderAccessImpl - Not known whether passed class name [org.frcpm.models.Subteam] is safe
13:10:14.445 [main] DEBUG org.hibernate.boot.internal.ClassLoaderAccessImpl - No temp ClassLoader provided; using live ClassLoader for loading potentially unsafe class : org.frcpm.models.Subteam
13:10:14.453 [main] DEBUG org.hibernate.bytecode.internal.bytebuddy.BytecodeProviderImpl - HHH000513: Unable to create the ReflectionOptimizer for [org.frcpm.models.Subteam]: private accessor [colorCode]
13:10:14.454 [main] DEBUG org.hibernate.boot.internal.ClassLoaderAccessImpl - Not known whether passed class name [org.frcpm.models.Task] is safe
13:10:14.454 [main] DEBUG org.hibernate.boot.internal.ClassLoaderAccessImpl - No temp ClassLoader provided; using live ClassLoader for loading potentially unsafe class : org.frcpm.models.Task
13:10:14.456 [FRC-PM-HikariCP connection adder] DEBUG com.zaxxer.hikari.pool.HikariPool - FRC-PM-HikariCP - After adding stats (total=2, active=0, idle=2, waiting=0)
13:10:14.463 [main] DEBUG org.hibernate.bytecode.internal.bytebuddy.BytecodeProviderImpl - HHH000513: Unable to create the ReflectionOptimizer for [org.frcpm.models.Task]: private accessor [actualDurationSeconds]
13:10:14.464 [main] DEBUG org.hibernate.boot.internal.ClassLoaderAccessImpl - Not known whether passed class name [org.frcpm.models.TeamMember] is safe
13:10:14.464 [main] DEBUG org.hibernate.boot.internal.ClassLoaderAccessImpl - No temp ClassLoader provided; using live ClassLoader for loading potentially unsafe class : org.frcpm.models.TeamMember
13:10:14.473 [main] DEBUG org.hibernate.bytecode.internal.bytebuddy.BytecodeProviderImpl - HHH000513: Unable to create the ReflectionOptimizer for [org.frcpm.models.TeamMember]: private accessor [assignedTasks]
13:10:14.474 [main] DEBUG org.hibernate.orm.jdbc.mutation - Skipping collection row updates - org.frcpm.models.Task.assignedTo
13:10:14.474 [main] DEBUG org.hibernate.orm.jdbc.mutation - Skipping collection (re)creation - org.frcpm.models.Subsystem.tasks
13:10:14.474 [main] DEBUG org.hibernate.orm.jdbc.mutation - Skipping collection row deletions - org.frcpm.models.Subsystem.tasks
13:10:14.474 [main] DEBUG org.hibernate.orm.jdbc.mutation - Skipping collection removals - org.frcpm.models.Subsystem.tasks
13:10:14.474 [main] DEBUG org.hibernate.orm.jdbc.mutation - Skipping collection (re)creation - org.frcpm.models.Subteam.members
13:10:14.474 [main] DEBUG org.hibernate.orm.jdbc.mutation - Skipping collection row deletions - org.frcpm.models.Subteam.members
13:10:14.474 [main] DEBUG org.hibernate.orm.jdbc.mutation - Skipping collection removals - org.frcpm.models.Subteam.members
13:10:14.474 [main] DEBUG org.hibernate.orm.jdbc.mutation - Skipping collection (re)creation - org.frcpm.models.TeamMember.attendances
13:10:14.474 [main] DEBUG org.hibernate.orm.jdbc.mutation - Skipping collection row deletions - org.frcpm.models.TeamMember.attendances
13:10:14.474 [main] DEBUG org.hibernate.orm.jdbc.mutation - Skipping collection removals - org.frcpm.models.TeamMember.attendances
13:10:14.474 [main] DEBUG org.hibernate.orm.jdbc.mutation - Skipping collection row updates - org.frcpm.models.Task.requiredComponents
13:10:14.475 [main] DEBUG org.hibernate.orm.jdbc.mutation - Skipping collection (re)creation - org.frcpm.models.Subteam.subsystems
13:10:14.475 [main] DEBUG org.hibernate.orm.jdbc.mutation - Skipping collection row deletions - org.frcpm.models.Subteam.subsystems
13:10:14.475 [main] DEBUG org.hibernate.orm.jdbc.mutation - Skipping collection removals - org.frcpm.models.Subteam.subsystems
13:10:14.475 [main] DEBUG org.hibernate.orm.jdbc.mutation - Skipping collection row updates - org.frcpm.models.Task.preDependencies
13:10:14.475 [main] DEBUG org.hibernate.orm.jdbc.mutation - Skipping collection (re)creation - org.frcpm.models.Project.milestones
13:10:14.475 [main] DEBUG org.hibernate.orm.jdbc.mutation - Skipping collection row deletions - org.frcpm.models.Project.milestones
13:10:14.475 [main] DEBUG org.hibernate.orm.jdbc.mutation - Skipping collection removals - org.frcpm.models.Project.milestones
13:10:14.475 [main] DEBUG org.hibernate.orm.jdbc.mutation - Skipping collection inserts - org.frcpm.models.Component.requiredForTasks
13:10:14.475 [main] DEBUG org.hibernate.orm.jdbc.mutation - Skipping collection row updates - org.frcpm.models.Component.requiredForTasks
13:10:14.475 [main] DEBUG org.hibernate.orm.jdbc.mutation - Skipping collection row deletions - org.frcpm.models.Component.requiredForTasks
13:10:14.475 [main] DEBUG org.hibernate.orm.jdbc.mutation - Skipping collection removals - org.frcpm.models.Component.requiredForTasks
13:10:14.475 [main] DEBUG org.hibernate.orm.jdbc.mutation - Skipping collection (re)creation - org.frcpm.models.Project.meetings
13:10:14.475 [main] DEBUG org.hibernate.orm.jdbc.mutation - Skipping collection row deletions - org.frcpm.models.Project.meetings
13:10:14.475 [main] DEBUG org.hibernate.orm.jdbc.mutation - Skipping collection removals - org.frcpm.models.Project.meetings
13:10:14.475 [main] DEBUG org.hibernate.orm.jdbc.mutation - Skipping collection inserts - org.frcpm.models.TeamMember.assignedTasks
13:10:14.475 [main] DEBUG org.hibernate.orm.jdbc.mutation - Skipping collection row updates - org.frcpm.models.TeamMember.assignedTasks
13:10:14.475 [main] DEBUG org.hibernate.orm.jdbc.mutation - Skipping collection row deletions - org.frcpm.models.TeamMember.assignedTasks
13:10:14.475 [main] DEBUG org.hibernate.orm.jdbc.mutation - Skipping collection removals - org.frcpm.models.TeamMember.assignedTasks
13:10:14.475 [main] DEBUG org.hibernate.orm.jdbc.mutation - Skipping collection (re)creation - org.frcpm.models.Meeting.attendances
13:10:14.475 [main] DEBUG org.hibernate.orm.jdbc.mutation - Skipping collection row deletions - org.frcpm.models.Meeting.attendances
13:10:14.475 [main] DEBUG org.hibernate.orm.jdbc.mutation - Skipping collection removals - org.frcpm.models.Meeting.attendances
13:10:14.475 [main] DEBUG org.hibernate.orm.jdbc.mutation - Skipping collection inserts - org.frcpm.models.Task.postDependencies
13:10:14.475 [main] DEBUG org.hibernate.orm.jdbc.mutation - Skipping collection row updates - org.frcpm.models.Task.postDependencies
13:10:14.475 [main] DEBUG org.hibernate.orm.jdbc.mutation - Skipping collection row deletions - org.frcpm.models.Task.postDependencies
13:10:14.475 [main] DEBUG org.hibernate.orm.jdbc.mutation - Skipping collection removals - org.frcpm.models.Task.postDependencies
13:10:14.475 [main] DEBUG org.hibernate.orm.jdbc.mutation - Skipping collection (re)creation - org.frcpm.models.Project.tasks
13:10:14.475 [main] DEBUG org.hibernate.orm.jdbc.mutation - Skipping collection row deletions - org.frcpm.models.Project.tasks
13:10:14.475 [main] DEBUG org.hibernate.orm.jdbc.mutation - Skipping collection removals - org.frcpm.models.Project.tasks
13:10:14.479 [main] DEBUG org.hibernate.orm.model.mapping.creation - Starting post-init callbacks
13:10:14.479 [main] DEBUG org.hibernate.orm.model.mapping.creation - Starting PostInitCallbackEntry : To-one key - NavigableRole[org.frcpm.models.Attendance.meeting]
13:10:14.479 [main] DEBUG org.hibernate.orm.model.mapping.creation - Starting PostInitCallbackEntry : To-one key - NavigableRole[org.frcpm.models.Attendance.member]
13:10:14.479 [main] DEBUG org.hibernate.orm.model.mapping.creation - Starting PostInitCallbackEntry : Entity(org.frcpm.models.Attendance) `staticFetchableList` generator
13:10:14.479 [main] DEBUG org.hibernate.orm.model.mapping.creation - Starting PostInitCallbackEntry : PluralAttributeMapping( NavigableRole[org.frcpm.models.Meeting.attendances#{element}]) - element descriptor
13:10:14.479 [main] DEBUG org.hibernate.orm.model.mapping.creation - Starting PostInitCallbackEntry : PluralAttributeMapping(org.frcpm.models.Meeting.attendances)#finishInitialization
13:10:14.479 [main] DEBUG org.hibernate.orm.model.mapping.creation - Starting PostInitCallbackEntry : PluralAttributeMapping(org.frcpm.models.Meeting.attendances) - key descriptor
13:10:14.479 [main] DEBUG org.hibernate.orm.model.mapping.creation - Starting PostInitCallbackEntry : To-one key - NavigableRole[org.frcpm.models.Meeting.project]
13:10:14.479 [main] DEBUG org.hibernate.orm.model.mapping.creation - Starting PostInitCallbackEntry : Entity(org.frcpm.models.Meeting) `staticFetchableList` generator
13:10:14.480 [main] DEBUG org.hibernate.orm.model.mapping.creation - Starting PostInitCallbackEntry : To-one key - NavigableRole[org.frcpm.models.Subsystem.responsibleSubteam]
13:10:14.480 [main] DEBUG org.hibernate.orm.model.mapping.creation - Starting PostInitCallbackEntry : PluralAttributeMapping( NavigableRole[org.frcpm.models.Subsystem.tasks#{element}]) - element descriptor
13:10:14.480 [main] DEBUG org.hibernate.orm.model.mapping.creation - Starting PostInitCallbackEntry : PluralAttributeMapping(org.frcpm.models.Subsystem.tasks)#finishInitialization
13:10:14.480 [main] DEBUG org.hibernate.orm.model.mapping.creation - Starting PostInitCallbackEntry : PluralAttributeMapping(org.frcpm.models.Subsystem.tasks) - key descriptor
13:10:14.480 [main] DEBUG org.hibernate.orm.model.mapping.creation - Starting PostInitCallbackEntry : Entity(org.frcpm.models.Subsystem) `staticFetchableList` generator
13:10:14.480 [main] DEBUG org.hibernate.orm.model.mapping.creation - Starting PostInitCallbackEntry : PluralAttributeMapping( NavigableRole[org.frcpm.models.Component.requiredForTasks#{element}]) - element descriptor
13:10:14.480 [main] DEBUG org.hibernate.orm.model.mapping.creation - Starting PostInitCallbackEntry : PluralAttributeMapping(org.frcpm.models.Component.requiredForTasks)#finishInitialization
13:10:14.480 [main] DEBUG org.hibernate.orm.model.mapping.creation - Starting PostInitCallbackEntry : PluralAttributeMapping(org.frcpm.models.Component.requiredForTasks) - key descriptor
13:10:14.480 [main] DEBUG org.hibernate.orm.model.mapping.creation - Starting PostInitCallbackEntry : Entity(org.frcpm.models.Component) `staticFetchableList` generator
13:10:14.480 [main] DEBUG org.hibernate.orm.model.mapping.creation - Starting PostInitCallbackEntry : To-one key - NavigableRole[org.frcpm.models.Milestone.project]
13:10:14.480 [main] DEBUG org.hibernate.orm.model.mapping.creation - Starting PostInitCallbackEntry : Entity(org.frcpm.models.Milestone) `staticFetchableList` generator
13:10:14.480 [main] DEBUG org.hibernate.orm.model.mapping.creation - Starting PostInitCallbackEntry : PluralAttributeMapping( NavigableRole[org.frcpm.models.Project.meetings#{element}]) - element descriptor
13:10:14.480 [main] DEBUG org.hibernate.orm.model.mapping.creation - Starting PostInitCallbackEntry : PluralAttributeMapping(org.frcpm.models.Project.meetings)#finishInitialization
13:10:14.480 [main] DEBUG org.hibernate.orm.model.mapping.creation - Starting PostInitCallbackEntry : PluralAttributeMapping(org.frcpm.models.Project.meetings) - key descriptor
13:10:14.480 [main] DEBUG org.hibernate.orm.model.mapping.creation - Starting PostInitCallbackEntry : PluralAttributeMapping( NavigableRole[org.frcpm.models.Project.milestones#{element}]) - element descriptor
13:10:14.480 [main] DEBUG org.hibernate.orm.model.mapping.creation - Starting PostInitCallbackEntry : PluralAttributeMapping(org.frcpm.models.Project.milestones)#finishInitialization
13:10:14.480 [main] DEBUG org.hibernate.orm.model.mapping.creation - Starting PostInitCallbackEntry : PluralAttributeMapping(org.frcpm.models.Project.milestones) - key descriptor
13:10:14.480 [main] DEBUG org.hibernate.orm.model.mapping.creation - Starting PostInitCallbackEntry : PluralAttributeMapping( NavigableRole[org.frcpm.models.Project.tasks#{element}]) - element descriptor
13:10:14.480 [main] DEBUG org.hibernate.orm.model.mapping.creation - Starting PostInitCallbackEntry : PluralAttributeMapping(org.frcpm.models.Project.tasks)#finishInitialization
13:10:14.480 [main] DEBUG org.hibernate.orm.model.mapping.creation - Starting PostInitCallbackEntry : PluralAttributeMapping(org.frcpm.models.Project.tasks) - key descriptor
13:10:14.480 [main] DEBUG org.hibernate.orm.model.mapping.creation - Starting PostInitCallbackEntry : Entity(org.frcpm.models.Project) `staticFetchableList` generator
13:10:14.480 [main] DEBUG org.hibernate.orm.model.mapping.creation - Starting PostInitCallbackEntry : PluralAttributeMapping( NavigableRole[org.frcpm.models.Subteam.members#{element}]) - element descriptor
13:10:14.480 [main] DEBUG org.hibernate.orm.model.mapping.creation - Starting PostInitCallbackEntry : PluralAttributeMapping(org.frcpm.models.Subteam.members)#finishInitialization
13:10:14.480 [main] DEBUG org.hibernate.orm.model.mapping.creation - Starting PostInitCallbackEntry : PluralAttributeMapping(org.frcpm.models.Subteam.members) - key descriptor
13:10:14.480 [main] DEBUG org.hibernate.orm.model.mapping.creation - Starting PostInitCallbackEntry : PluralAttributeMapping( NavigableRole[org.frcpm.models.Subteam.subsystems#{element}]) - element descriptor
13:10:14.480 [main] DEBUG org.hibernate.orm.model.mapping.creation - Starting PostInitCallbackEntry : PluralAttributeMapping(org.frcpm.models.Subteam.subsystems)#finishInitialization
13:10:14.480 [main] DEBUG org.hibernate.orm.model.mapping.creation - Starting PostInitCallbackEntry : PluralAttributeMapping(org.frcpm.models.Subteam.subsystems) - key descriptor
13:10:14.480 [main] DEBUG org.hibernate.orm.model.mapping.creation - Starting PostInitCallbackEntry : Entity(org.frcpm.models.Subteam) `staticFetchableList` generator
13:10:14.480 [main] DEBUG org.hibernate.orm.model.mapping.creation - Starting PostInitCallbackEntry : PluralAttributeMapping( NavigableRole[org.frcpm.models.Task.assignedTo#{element}]) - element descriptor
13:10:14.480 [main] DEBUG org.hibernate.orm.model.mapping.creation - Starting PostInitCallbackEntry : PluralAttributeMapping(org.frcpm.models.Task.assignedTo)#finishInitialization
13:10:14.480 [main] DEBUG org.hibernate.orm.model.mapping.creation - Starting PostInitCallbackEntry : PluralAttributeMapping(org.frcpm.models.Task.assignedTo) - key descriptor
13:10:14.480 [main] DEBUG org.hibernate.orm.model.mapping.creation - Starting PostInitCallbackEntry : PluralAttributeMapping( NavigableRole[org.frcpm.models.Task.postDependencies#{element}]) - element descriptor
13:10:14.480 [main] DEBUG org.hibernate.orm.model.mapping.creation - Starting PostInitCallbackEntry : PluralAttributeMapping(org.frcpm.models.Task.postDependencies)#finishInitialization
13:10:14.480 [main] DEBUG org.hibernate.orm.model.mapping.creation - Starting PostInitCallbackEntry : PluralAttributeMapping(org.frcpm.models.Task.postDependencies) - key descriptor
13:10:14.480 [main] DEBUG org.hibernate.orm.model.mapping.creation - Starting PostInitCallbackEntry : PluralAttributeMapping( NavigableRole[org.frcpm.models.Task.preDependencies#{element}]) - element descriptor
13:10:14.480 [main] DEBUG org.hibernate.orm.model.mapping.creation - Starting PostInitCallbackEntry : PluralAttributeMapping(org.frcpm.models.Task.preDependencies)#finishInitialization
13:10:14.480 [main] DEBUG org.hibernate.orm.model.mapping.creation - Starting PostInitCallbackEntry : PluralAttributeMapping(org.frcpm.models.Task.preDependencies) - key descriptor
13:10:14.480 [main] DEBUG org.hibernate.orm.model.mapping.creation - Starting PostInitCallbackEntry : To-one key - NavigableRole[org.frcpm.models.Task.project]
13:10:14.480 [main] DEBUG org.hibernate.orm.model.mapping.creation - Starting PostInitCallbackEntry : PluralAttributeMapping( NavigableRole[org.frcpm.models.Task.requiredComponents#{element}]) - element descriptor
13:10:14.480 [main] DEBUG org.hibernate.orm.model.mapping.creation - Starting PostInitCallbackEntry : PluralAttributeMapping(org.frcpm.models.Task.requiredComponents)#finishInitialization
13:10:14.480 [main] DEBUG org.hibernate.orm.model.mapping.creation - Starting PostInitCallbackEntry : PluralAttributeMapping(org.frcpm.models.Task.requiredComponents) - key descriptor
13:10:14.480 [main] DEBUG org.hibernate.orm.model.mapping.creation - Starting PostInitCallbackEntry : To-one key - NavigableRole[org.frcpm.models.Task.subsystem]
13:10:14.480 [main] DEBUG org.hibernate.orm.model.mapping.creation - Starting PostInitCallbackEntry : Entity(org.frcpm.models.Task) `staticFetchableList` generator
13:10:14.480 [main] DEBUG org.hibernate.orm.model.mapping.creation - Starting PostInitCallbackEntry : PluralAttributeMapping( NavigableRole[org.frcpm.models.TeamMember.assignedTasks#{element}]) - element descriptor
13:10:14.480 [main] DEBUG org.hibernate.orm.model.mapping.creation - Starting PostInitCallbackEntry : PluralAttributeMapping(org.frcpm.models.TeamMember.assignedTasks)#finishInitialization
13:10:14.480 [main] DEBUG org.hibernate.orm.model.mapping.creation - Starting PostInitCallbackEntry : PluralAttributeMapping(org.frcpm.models.TeamMember.assignedTasks) - key descriptor
13:10:14.480 [main] DEBUG org.hibernate.orm.model.mapping.creation - Starting PostInitCallbackEntry : PluralAttributeMapping( NavigableRole[org.frcpm.models.TeamMember.attendances#{element}]) - element descriptor
13:10:14.480 [main] DEBUG org.hibernate.orm.model.mapping.creation - Starting PostInitCallbackEntry : PluralAttributeMapping(org.frcpm.models.TeamMember.attendances)#finishInitialization
13:10:14.480 [main] DEBUG org.hibernate.orm.model.mapping.creation - Starting PostInitCallbackEntry : PluralAttributeMapping(org.frcpm.models.TeamMember.attendances) - key descriptor
13:10:14.480 [main] DEBUG org.hibernate.orm.model.mapping.creation - Starting PostInitCallbackEntry : To-one key - NavigableRole[org.frcpm.models.TeamMember.subteam]
13:10:14.480 [main] DEBUG org.hibernate.orm.model.mapping.creation - Starting PostInitCallbackEntry : Entity(org.frcpm.models.TeamMember) `staticFetchableList` generator
13:10:14.480 [main] DEBUG org.hibernate.orm.model.mapping.creation - Starting PostInitCallbackEntry : PluralAttributeMapping( NavigableRole[org.frcpm.models.Meeting.attendances#{element}]) - element descriptor
13:10:14.480 [main] DEBUG org.hibernate.orm.model.mapping.creation - Starting PostInitCallbackEntry : PluralAttributeMapping( NavigableRole[org.frcpm.models.Subsystem.tasks#{element}]) - element descriptor
13:10:14.480 [main] DEBUG org.hibernate.orm.model.mapping.creation - Starting PostInitCallbackEntry : PluralAttributeMapping( NavigableRole[org.frcpm.models.Component.requiredForTasks#{element}]) - element descriptor
13:10:14.480 [main] DEBUG org.hibernate.orm.model.mapping.creation - Starting PostInitCallbackEntry : PluralAttributeMapping( NavigableRole[org.frcpm.models.Project.meetings#{element}]) - element descriptor
13:10:14.480 [main] DEBUG org.hibernate.orm.model.mapping.creation - Starting PostInitCallbackEntry : PluralAttributeMapping( NavigableRole[org.frcpm.models.Project.milestones#{element}]) - element descriptor
13:10:14.480 [main] DEBUG org.hibernate.orm.model.mapping.creation - Starting PostInitCallbackEntry : PluralAttributeMapping( NavigableRole[org.frcpm.models.Project.tasks#{element}]) - element descriptor
13:10:14.480 [main] DEBUG org.hibernate.orm.model.mapping.creation - Starting PostInitCallbackEntry : PluralAttributeMapping( NavigableRole[org.frcpm.models.Subteam.members#{element}]) - element descriptor
13:10:14.480 [main] DEBUG org.hibernate.orm.model.mapping.creation - Starting PostInitCallbackEntry : PluralAttributeMapping( NavigableRole[org.frcpm.models.Subteam.subsystems#{element}]) - element descriptor
13:10:14.480 [main] DEBUG org.hibernate.orm.model.mapping.creation - Starting PostInitCallbackEntry : PluralAttributeMapping( NavigableRole[org.frcpm.models.Task.postDependencies#{element}]) - element descriptor
13:10:14.480 [main] DEBUG org.hibernate.orm.model.mapping.creation - Starting PostInitCallbackEntry : PluralAttributeMapping( NavigableRole[org.frcpm.models.TeamMember.attendances#{element}]) - element descriptor
13:10:14.491 [main] DEBUG org.hibernate.orm.sql.ast.create - Created new SQL alias : a1_0
13:10:14.491 [main] DEBUG org.hibernate.orm.sql.ast.create - Registration of TableGroup [StandardTableGroup(org.frcpm.models.Attendance)] with identifierForTableGroup [org.frcpm.models.Attendance] for NavigablePath [org.frcpm.models.Attendance] 
13:10:14.491 [main] DEBUG org.hibernate.orm.sql.ast.create - Registration of TableGroup [org.hibernate.sql.ast.tree.from.LazyTableGroup@606be171] with identifierForTableGroup [org.frcpm.models.Attendance.meeting] for NavigablePath [org.frcpm.models.Attendance.meeting] 
13:10:14.491 [main] DEBUG org.hibernate.orm.sql.ast.create - Registration of TableGroup [org.hibernate.sql.ast.tree.from.LazyTableGroup@61aa2edf] with identifierForTableGroup [org.frcpm.models.Attendance.member] for NavigablePath [org.frcpm.models.Attendance.member] 
13:10:14.491 [main] DEBUG org.hibernate.orm.results.graph.AST - DomainResult Graph:
 \-EntityResultImpl [org.frcpm.models.Attendance]
 |  +-BasicFetch [org.frcpm.models.Attendance.arrivalTime]
 |  +-BasicFetch [org.frcpm.models.Attendance.departureTime]
 |  +-EntityDelayedFetchImpl [org.frcpm.models.Attendance.meeting]
 |  +-EntityDelayedFetchImpl [org.frcpm.models.Attendance.member]
 |  \-BasicFetch [org.frcpm.models.Attendance.present]

13:10:14.491 [main] DEBUG org.hibernate.orm.sql.ast.tree - SQL AST Tree:
    SelectStatement {
      FromClause {
        StandardTableGroup (a1 : org.frcpm.models.Attendance) {
          primaryTableReference : attendances as a1_0
          TableGroupJoins {
            left  join LazyTableGroup (m1 : org.frcpm.models.Attendance.meeting) {
            }
            left  join LazyTableGroup (m2 : org.frcpm.models.Attendance.member) {
            }
          }
        }
      }
    }

13:10:14.492 [main] DEBUG org.hibernate.persister.entity.AbstractEntityPersister - Static SQL for entity: org.frcpm.models.Attendance
13:10:14.492 [main] DEBUG org.hibernate.persister.entity.AbstractEntityPersister -  Version select: /* get version org.frcpm.models.Attendance */ select id from attendances where id=?
13:10:14.492 [main] DEBUG org.hibernate.persister.entity.AbstractEntityPersister -  Insert (0): /* insert for org.frcpm.models.Attendance */insert into attendances (arrival_time,departure_time,meeting_id,member_id,present,id) values (?,?,?,?,?,default)
13:10:14.492 [main] DEBUG org.hibernate.persister.entity.AbstractEntityPersister -  Update (0): /* update for org.frcpm.models.Attendance */update attendances set arrival_time=?,departure_time=?,meeting_id=?,member_id=?,present=? where id=?
13:10:14.492 [main] DEBUG org.hibernate.persister.entity.AbstractEntityPersister -  Delete (0): /* delete for org.frcpm.models.Attendance */delete from attendances where id=?
13:10:14.492 [main] DEBUG org.hibernate.orm.sql.ast.create - Created new SQL alias : m1_0
13:10:14.492 [main] DEBUG org.hibernate.orm.sql.ast.create - Registration of TableGroup [StandardTableGroup(org.frcpm.models.Meeting)] with identifierForTableGroup [org.frcpm.models.Meeting] for NavigablePath [org.frcpm.models.Meeting] 
13:10:14.492 [main] DEBUG org.hibernate.orm.sql.ast.create - Registration of TableGroup [org.hibernate.sql.ast.tree.from.LazyTableGroup@60f66b9] with identifierForTableGroup [org.frcpm.models.Meeting.project] for NavigablePath [org.frcpm.models.Meeting.project] 
13:10:14.492 [main] DEBUG org.hibernate.orm.results.graph.AST - DomainResult Graph:
 \-EntityResultImpl [org.frcpm.models.Meeting]
 |  +-DelayedCollectionFetch [org.frcpm.models.Meeting.attendances]
 |  +-BasicFetch [org.frcpm.models.Meeting.date]
 |  +-BasicFetch [org.frcpm.models.Meeting.endTime]
 |  +-BasicFetch [org.frcpm.models.Meeting.notes]
 |  +-EntityDelayedFetchImpl [org.frcpm.models.Meeting.project]
 |  \-BasicFetch [org.frcpm.models.Meeting.startTime]

13:10:14.492 [main] DEBUG org.hibernate.orm.sql.ast.tree - SQL AST Tree:
    SelectStatement {
      FromClause {
        StandardTableGroup (m1 : org.frcpm.models.Meeting) {
          primaryTableReference : meetings as m1_0
          TableGroupJoins {
            left  join LazyTableGroup (p1 : org.frcpm.models.Meeting.project) {
            }
          }
        }
      }
    }

13:10:14.492 [main] DEBUG org.hibernate.persister.entity.AbstractEntityPersister - Static SQL for entity: org.frcpm.models.Meeting
13:10:14.492 [main] DEBUG org.hibernate.persister.entity.AbstractEntityPersister -  Version select: /* get version org.frcpm.models.Meeting */ select id from meetings where id=?
13:10:14.492 [main] DEBUG org.hibernate.persister.entity.AbstractEntityPersister -  Insert (0): /* insert for org.frcpm.models.Meeting */insert into meetings (date,end_time,notes,project_id,start_time,id) values (?,?,?,?,?,default)
13:10:14.492 [main] DEBUG org.hibernate.persister.entity.AbstractEntityPersister -  Update (0): /* update for org.frcpm.models.Meeting */update meetings set date=?,end_time=?,notes=?,project_id=?,start_time=? where id=?
13:10:14.492 [main] DEBUG org.hibernate.persister.entity.AbstractEntityPersister -  Delete (0): /* delete for org.frcpm.models.Meeting */delete from meetings where id=?
13:10:14.492 [main] DEBUG org.hibernate.orm.sql.ast.create - Created new SQL alias : s1_0
13:10:14.492 [main] DEBUG org.hibernate.orm.sql.ast.create - Registration of TableGroup [StandardTableGroup(org.frcpm.models.Subsystem)] with identifierForTableGroup [org.frcpm.models.Subsystem] for NavigablePath [org.frcpm.models.Subsystem] 
13:10:14.492 [main] DEBUG org.hibernate.orm.sql.ast.create - Registration of TableGroup [org.hibernate.sql.ast.tree.from.LazyTableGroup@410126b8] with identifierForTableGroup [org.frcpm.models.Subsystem.responsibleSubteam] for NavigablePath [org.frcpm.models.Subsystem.responsibleSubteam] 
13:10:14.492 [main] DEBUG org.hibernate.orm.results.graph.AST - DomainResult Graph:
 \-EntityResultImpl [org.frcpm.models.Subsystem]
 |  +-BasicFetch [org.frcpm.models.Subsystem.description]
 |  +-BasicFetch [org.frcpm.models.Subsystem.name]
 |  +-EntityDelayedFetchImpl [org.frcpm.models.Subsystem.responsibleSubteam]
 |  +-BasicFetch [org.frcpm.models.Subsystem.status]
 |  \-DelayedCollectionFetch [org.frcpm.models.Subsystem.tasks]

13:10:14.492 [main] DEBUG org.hibernate.orm.sql.ast.tree - SQL AST Tree:
    SelectStatement {
      FromClause {
        StandardTableGroup (s1 : org.frcpm.models.Subsystem) {
          primaryTableReference : subsystems as s1_0
          TableGroupJoins {
            left  join LazyTableGroup (rs1 : org.frcpm.models.Subsystem.responsibleSubteam) {
            }
          }
        }
      }
    }

13:10:14.492 [main] DEBUG org.hibernate.persister.entity.AbstractEntityPersister - Static SQL for entity: org.frcpm.models.Subsystem
13:10:14.492 [main] DEBUG org.hibernate.persister.entity.AbstractEntityPersister -  Version select: /* get version org.frcpm.models.Subsystem */ select id from subsystems where id=?
13:10:14.492 [main] DEBUG org.hibernate.persister.entity.AbstractEntityPersister -  Insert (0): /* insert for org.frcpm.models.Subsystem */insert into subsystems (description,name,responsible_subteam_id,status,id) values (?,?,?,?,default)
13:10:14.492 [main] DEBUG org.hibernate.persister.entity.AbstractEntityPersister -  Update (0): /* update for org.frcpm.models.Subsystem */update subsystems set description=?,name=?,responsible_subteam_id=?,status=? where id=?
13:10:14.492 [main] DEBUG org.hibernate.persister.entity.AbstractEntityPersister -  Delete (0): /* delete for org.frcpm.models.Subsystem */delete from subsystems where id=?
13:10:14.492 [main] DEBUG org.hibernate.orm.sql.ast.create - Created new SQL alias : c1_0
13:10:14.492 [main] DEBUG org.hibernate.orm.sql.ast.create - Registration of TableGroup [StandardTableGroup(org.frcpm.models.Component)] with identifierForTableGroup [org.frcpm.models.Component] for NavigablePath [org.frcpm.models.Component] 
13:10:14.493 [main] DEBUG org.hibernate.orm.results.graph.AST - DomainResult Graph:
 \-EntityResultImpl [org.frcpm.models.Component]
 |  +-BasicFetch [org.frcpm.models.Component.actualDelivery]
 |  +-BasicFetch [org.frcpm.models.Component.delivered]
 |  +-BasicFetch [org.frcpm.models.Component.description]
 |  +-BasicFetch [org.frcpm.models.Component.expectedDelivery]
 |  +-BasicFetch [org.frcpm.models.Component.name]
 |  +-BasicFetch [org.frcpm.models.Component.partNumber]
 |  \-DelayedCollectionFetch [org.frcpm.models.Component.requiredForTasks]

13:10:14.493 [main] DEBUG org.hibernate.orm.sql.ast.tree - SQL AST Tree:
    SelectStatement {
      FromClause {
        StandardTableGroup (c1 : org.frcpm.models.Component) {
          primaryTableReference : components as c1_0
        }
      }
    }

13:10:14.493 [main] DEBUG org.hibernate.persister.entity.AbstractEntityPersister - Static SQL for entity: org.frcpm.models.Component
13:10:14.493 [main] DEBUG org.hibernate.persister.entity.AbstractEntityPersister -  Version select: /* get version org.frcpm.models.Component */ select id from components where id=?
13:10:14.493 [main] DEBUG org.hibernate.persister.entity.AbstractEntityPersister -  Insert (0): /* insert for org.frcpm.models.Component */insert into components (actual_delivery,is_delivered,description,expected_delivery,name,part_number,id) values (?,?,?,?,?,?,default)
13:10:14.493 [main] DEBUG org.hibernate.persister.entity.AbstractEntityPersister -  Update (0): /* update for org.frcpm.models.Component */update components set actual_delivery=?,is_delivered=?,description=?,expected_delivery=?,name=?,part_number=? where id=?
13:10:14.493 [main] DEBUG org.hibernate.persister.entity.AbstractEntityPersister -  Delete (0): /* delete for org.frcpm.models.Component */delete from components where id=?
13:10:14.493 [main] DEBUG org.hibernate.orm.sql.ast.create - Created new SQL alias : m1_0
13:10:14.493 [main] DEBUG org.hibernate.orm.sql.ast.create - Registration of TableGroup [StandardTableGroup(org.frcpm.models.Milestone)] with identifierForTableGroup [org.frcpm.models.Milestone] for NavigablePath [org.frcpm.models.Milestone] 
13:10:14.493 [main] DEBUG org.hibernate.orm.sql.ast.create - Registration of TableGroup [org.hibernate.sql.ast.tree.from.LazyTableGroup@52777e0b] with identifierForTableGroup [org.frcpm.models.Milestone.project] for NavigablePath [org.frcpm.models.Milestone.project] 
13:10:14.493 [main] DEBUG org.hibernate.orm.results.graph.AST - DomainResult Graph:
 \-EntityResultImpl [org.frcpm.models.Milestone]
 |  +-BasicFetch [org.frcpm.models.Milestone.date]
 |  +-BasicFetch [org.frcpm.models.Milestone.description]
 |  +-BasicFetch [org.frcpm.models.Milestone.name]
 |  \-EntityDelayedFetchImpl [org.frcpm.models.Milestone.project]

13:10:14.493 [main] DEBUG org.hibernate.orm.sql.ast.tree - SQL AST Tree:
    SelectStatement {
      FromClause {
        StandardTableGroup (m1 : org.frcpm.models.Milestone) {
          primaryTableReference : milestones as m1_0
          TableGroupJoins {
            left  join LazyTableGroup (p1 : org.frcpm.models.Milestone.project) {
            }
          }
        }
      }
    }

13:10:14.493 [main] DEBUG org.hibernate.persister.entity.AbstractEntityPersister - Static SQL for entity: org.frcpm.models.Milestone
13:10:14.493 [main] DEBUG org.hibernate.persister.entity.AbstractEntityPersister -  Version select: /* get version org.frcpm.models.Milestone */ select id from milestones where id=?
13:10:14.493 [main] DEBUG org.hibernate.persister.entity.AbstractEntityPersister -  Insert (0): /* insert for org.frcpm.models.Milestone */insert into milestones (date,description,name,project_id,id) values (?,?,?,?,default)
13:10:14.493 [main] DEBUG org.hibernate.persister.entity.AbstractEntityPersister -  Update (0): /* update for org.frcpm.models.Milestone */update milestones set date=?,description=?,name=?,project_id=? where id=?
13:10:14.493 [main] DEBUG org.hibernate.persister.entity.AbstractEntityPersister -  Delete (0): /* delete for org.frcpm.models.Milestone */delete from milestones where id=?
13:10:14.493 [main] DEBUG org.hibernate.orm.sql.ast.create - Created new SQL alias : p1_0
13:10:14.493 [main] DEBUG org.hibernate.orm.sql.ast.create - Registration of TableGroup [StandardTableGroup(org.frcpm.models.Project)] with identifierForTableGroup [org.frcpm.models.Project] for NavigablePath [org.frcpm.models.Project] 
13:10:14.493 [main] DEBUG org.hibernate.orm.results.graph.AST - DomainResult Graph:
 \-EntityResultImpl [org.frcpm.models.Project]
 |  +-BasicFetch [org.frcpm.models.Project.description]
 |  +-BasicFetch [org.frcpm.models.Project.goalEndDate]
 |  +-BasicFetch [org.frcpm.models.Project.hardDeadline]
 |  +-DelayedCollectionFetch [org.frcpm.models.Project.meetings]
 |  +-DelayedCollectionFetch [org.frcpm.models.Project.milestones]
 |  +-BasicFetch [org.frcpm.models.Project.name]
 |  +-BasicFetch [org.frcpm.models.Project.startDate]
 |  \-DelayedCollectionFetch [org.frcpm.models.Project.tasks]

13:10:14.493 [main] DEBUG org.hibernate.orm.sql.ast.tree - SQL AST Tree:
    SelectStatement {
      FromClause {
        StandardTableGroup (p1 : org.frcpm.models.Project) {
          primaryTableReference : projects as p1_0
        }
      }
    }

13:10:14.494 [main] DEBUG org.hibernate.persister.entity.AbstractEntityPersister - Static SQL for entity: org.frcpm.models.Project
13:10:14.494 [main] DEBUG org.hibernate.persister.entity.AbstractEntityPersister -  Version select: /* get version org.frcpm.models.Project */ select id from projects where id=?
13:10:14.494 [main] DEBUG org.hibernate.persister.entity.AbstractEntityPersister -  Insert (0): /* insert for org.frcpm.models.Project */insert into projects (description,goal_end_date,hard_deadline,name,start_date,id) values (?,?,?,?,?,default)
13:10:14.494 [main] DEBUG org.hibernate.persister.entity.AbstractEntityPersister -  Update (0): /* update for org.frcpm.models.Project */update projects set description=?,goal_end_date=?,hard_deadline=?,name=?,start_date=? where id=?
13:10:14.494 [main] DEBUG org.hibernate.persister.entity.AbstractEntityPersister -  Delete (0): /* delete for org.frcpm.models.Project */delete from projects where id=?
13:10:14.494 [main] DEBUG org.hibernate.orm.sql.ast.create - Created new SQL alias : s1_0
13:10:14.494 [main] DEBUG org.hibernate.orm.sql.ast.create - Registration of TableGroup [StandardTableGroup(org.frcpm.models.Subteam)] with identifierForTableGroup [org.frcpm.models.Subteam] for NavigablePath [org.frcpm.models.Subteam] 
13:10:14.494 [main] DEBUG org.hibernate.orm.results.graph.AST - DomainResult Graph:
 \-EntityResultImpl [org.frcpm.models.Subteam]
 |  +-BasicFetch [org.frcpm.models.Subteam.colorCode]
 |  +-DelayedCollectionFetch [org.frcpm.models.Subteam.members]
 |  +-BasicFetch [org.frcpm.models.Subteam.name]
 |  +-BasicFetch [org.frcpm.models.Subteam.specialties]
 |  \-DelayedCollectionFetch [org.frcpm.models.Subteam.subsystems]

13:10:14.494 [main] DEBUG org.hibernate.orm.sql.ast.tree - SQL AST Tree:
    SelectStatement {
      FromClause {
        StandardTableGroup (s1 : org.frcpm.models.Subteam) {
          primaryTableReference : subteams as s1_0
        }
      }
    }

13:10:14.494 [main] DEBUG org.hibernate.persister.entity.AbstractEntityPersister - Static SQL for entity: org.frcpm.models.Subteam
13:10:14.494 [main] DEBUG org.hibernate.persister.entity.AbstractEntityPersister -  Version select: /* get version org.frcpm.models.Subteam */ select id from subteams where id=?
13:10:14.494 [main] DEBUG org.hibernate.persister.entity.AbstractEntityPersister -  Insert (0): /* insert for org.frcpm.models.Subteam */insert into subteams (color_code,name,specialties,id) values (?,?,?,default)
13:10:14.494 [main] DEBUG org.hibernate.persister.entity.AbstractEntityPersister -  Update (0): /* update for org.frcpm.models.Subteam */update subteams set color_code=?,name=?,specialties=? where id=?
13:10:14.494 [main] DEBUG org.hibernate.persister.entity.AbstractEntityPersister -  Delete (0): /* delete for org.frcpm.models.Subteam */delete from subteams where id=?
13:10:14.494 [main] DEBUG org.hibernate.orm.sql.ast.create - Created new SQL alias : t1_0
13:10:14.494 [main] DEBUG org.hibernate.orm.sql.ast.create - Registration of TableGroup [StandardTableGroup(org.frcpm.models.Task)] with identifierForTableGroup [org.frcpm.models.Task] for NavigablePath [org.frcpm.models.Task] 
13:10:14.494 [main] DEBUG org.hibernate.orm.sql.ast.create - Registration of TableGroup [org.hibernate.sql.ast.tree.from.LazyTableGroup@5ecab645] with identifierForTableGroup [org.frcpm.models.Task.project] for NavigablePath [org.frcpm.models.Task.project] 
13:10:14.494 [main] DEBUG org.hibernate.orm.sql.ast.create - Registration of TableGroup [org.hibernate.sql.ast.tree.from.LazyTableGroup@44185116] with identifierForTableGroup [org.frcpm.models.Task.subsystem] for NavigablePath [org.frcpm.models.Task.subsystem] 
13:10:14.494 [main] DEBUG org.hibernate.orm.results.graph.AST - DomainResult Graph:
 \-EntityResultImpl [org.frcpm.models.Task]
 |  +-BasicFetch [org.frcpm.models.Task.actualDurationSeconds]
 |  +-DelayedCollectionFetch [org.frcpm.models.Task.assignedTo]
 |  +-BasicFetch [org.frcpm.models.Task.completed]
 |  +-BasicFetch [org.frcpm.models.Task.description]
 |  +-BasicFetch [org.frcpm.models.Task.endDate]
 |  +-BasicFetch [org.frcpm.models.Task.estimatedDurationSeconds]
 |  +-DelayedCollectionFetch [org.frcpm.models.Task.postDependencies]
 |  +-DelayedCollectionFetch [org.frcpm.models.Task.preDependencies]
 |  +-BasicFetch [org.frcpm.models.Task.priority]
 |  +-BasicFetch [org.frcpm.models.Task.progress]
 |  +-EntityDelayedFetchImpl [org.frcpm.models.Task.project]
 |  +-DelayedCollectionFetch [org.frcpm.models.Task.requiredComponents]
 |  +-BasicFetch [org.frcpm.models.Task.startDate]
 |  +-EntityDelayedFetchImpl [org.frcpm.models.Task.subsystem]
 |  \-BasicFetch [org.frcpm.models.Task.title]

13:10:14.494 [main] DEBUG org.hibernate.orm.sql.ast.tree - SQL AST Tree:
    SelectStatement {
      FromClause {
        StandardTableGroup (t1 : org.frcpm.models.Task) {
          primaryTableReference : tasks as t1_0
          TableGroupJoins {
            left  join LazyTableGroup (p1 : org.frcpm.models.Task.project) {
            }
            left  join LazyTableGroup (s1 : org.frcpm.models.Task.subsystem) {
            }
          }
        }
      }
    }

13:10:14.494 [main] DEBUG org.hibernate.persister.entity.AbstractEntityPersister - Static SQL for entity: org.frcpm.models.Task
13:10:14.494 [main] DEBUG org.hibernate.persister.entity.AbstractEntityPersister -  Version select: /* get version org.frcpm.models.Task */ select id from tasks where id=?
13:10:14.494 [main] DEBUG org.hibernate.persister.entity.AbstractEntityPersister -  Insert (0): /* insert for org.frcpm.models.Task */insert into tasks (actual_duration_seconds,completed,description,end_date,estimated_duration_seconds,priority,progress,project_id,start_date,subsystem_id,title,id) values (?,?,?,?,?,?,?,?,?,?,?,default)
13:10:14.494 [main] DEBUG org.hibernate.persister.entity.AbstractEntityPersister -  Update (0): /* update for org.frcpm.models.Task */update tasks set actual_duration_seconds=?,completed=?,description=?,end_date=?,estimated_duration_seconds=?,priority=?,progress=?,project_id=?,start_date=?,subsystem_id=?,title=? where id=?
13:10:14.494 [main] DEBUG org.hibernate.persister.entity.AbstractEntityPersister -  Delete (0): /* delete for org.frcpm.models.Task */delete from tasks where id=?
13:10:14.494 [main] DEBUG org.hibernate.orm.sql.ast.create - Created new SQL alias : tm1_0
13:10:14.494 [main] DEBUG org.hibernate.orm.sql.ast.create - Registration of TableGroup [StandardTableGroup(org.frcpm.models.TeamMember)] with identifierForTableGroup [org.frcpm.models.TeamMember] for NavigablePath [org.frcpm.models.TeamMember] 
13:10:14.494 [main] DEBUG org.hibernate.orm.sql.ast.create - Registration of TableGroup [org.hibernate.sql.ast.tree.from.LazyTableGroup@393b43dd] with identifierForTableGroup [org.frcpm.models.TeamMember.subteam] for NavigablePath [org.frcpm.models.TeamMember.subteam] 
13:10:14.494 [main] DEBUG org.hibernate.orm.results.graph.AST - DomainResult Graph:
 \-EntityResultImpl [org.frcpm.models.TeamMember]
 |  +-DelayedCollectionFetch [org.frcpm.models.TeamMember.assignedTasks]
 |  +-DelayedCollectionFetch [org.frcpm.models.TeamMember.attendances]
 |  +-BasicFetch [org.frcpm.models.TeamMember.email]
 |  +-BasicFetch [org.frcpm.models.TeamMember.firstName]
 |  +-BasicFetch [org.frcpm.models.TeamMember.lastName]
 |  +-BasicFetch [org.frcpm.models.TeamMember.leader]
 |  +-BasicFetch [org.frcpm.models.TeamMember.phone]
 |  +-BasicFetch [org.frcpm.models.TeamMember.skills]
 |  +-EntityDelayedFetchImpl [org.frcpm.models.TeamMember.subteam]
 |  \-BasicFetch [org.frcpm.models.TeamMember.username]

13:10:14.494 [main] DEBUG org.hibernate.orm.sql.ast.tree - SQL AST Tree:
    SelectStatement {
      FromClause {
        StandardTableGroup (tm1 : org.frcpm.models.TeamMember) {
          primaryTableReference : team_members as tm1_0
          TableGroupJoins {
            left  join LazyTableGroup (s1 : org.frcpm.models.TeamMember.subteam) {
            }
          }
        }
      }
    }

13:10:14.494 [main] DEBUG org.hibernate.persister.entity.AbstractEntityPersister - Static SQL for entity: org.frcpm.models.TeamMember
13:10:14.494 [main] DEBUG org.hibernate.persister.entity.AbstractEntityPersister -  Version select: /* get version org.frcpm.models.TeamMember */ select id from team_members where id=?
13:10:14.494 [main] DEBUG org.hibernate.persister.entity.AbstractEntityPersister -  Insert (0): /* insert for org.frcpm.models.TeamMember */insert into team_members (email,first_name,last_name,is_leader,phone,skills,subteam_id,username,id) values (?,?,?,?,?,?,?,?,default)
13:10:14.494 [main] DEBUG org.hibernate.persister.entity.AbstractEntityPersister -  Update (0): /* update for org.frcpm.models.TeamMember */update team_members set email=?,first_name=?,last_name=?,is_leader=?,phone=?,skills=?,subteam_id=?,username=? where id=?
13:10:14.494 [main] DEBUG org.hibernate.persister.entity.AbstractEntityPersister -  Delete (0): /* delete for org.frcpm.models.TeamMember */delete from team_members where id=?
13:10:14.494 [main] DEBUG org.hibernate.orm.sql.ast.create - Created new SQL alias : at1_0
13:10:14.494 [main] DEBUG org.hibernate.orm.sql.ast.create - Registration of TableGroup [CollectionTableGroup(org.frcpm.models.Task.assignedTo)] with identifierForTableGroup [org.frcpm.models.Task.assignedTo] for NavigablePath [org.frcpm.models.Task.assignedTo] 
13:10:14.494 [main] DEBUG org.hibernate.orm.sql.ast.create - Registration of TableGroup [org.hibernate.sql.ast.tree.from.LazyTableGroup@34ded59f] with identifierForTableGroup [org.frcpm.models.Task.assignedTo.{element}] for NavigablePath [org.frcpm.models.Task.assignedTo.{element}] 
13:10:14.494 [main] DEBUG org.hibernate.orm.sql.ast.create - Created new SQL alias : at1_1
13:10:14.495 [main] DEBUG org.hibernate.orm.sql.ast.create - Registration of TableGroup [org.hibernate.sql.ast.tree.from.LazyTableGroup@5fbcc71d] with identifierForTableGroup [org.frcpm.models.Task.assignedTo.{element}.subteam] for NavigablePath [org.frcpm.models.Task.assignedTo.{element}.subteam] 
13:10:14.495 [main] DEBUG org.hibernate.orm.results.graph.AST - DomainResult Graph:
 \-CollectionDomainResult [org.frcpm.models.Task.assignedTo]

13:10:14.495 [main] DEBUG org.hibernate.orm.sql.ast.tree - SQL AST Tree:
    SelectStatement {
      FromClause {
        CollectionTableGroup (at1 : org.frcpm.models.Task.assignedTo) {
          primaryTableReference : task_assignments as at1_0
          TableGroupJoins {
             join LazyTableGroup (at1 : org.frcpm.models.Task.assignedTo.{element}) {
              primaryTableReference : team_members as at1_1
              TableGroupJoins {
                left  join LazyTableGroup (s1 : org.frcpm.models.Task.assignedTo.{element}.subteam) {
                }
              }
            }
          }
        }
      }
    }

13:10:14.495 [main] DEBUG org.hibernate.orm.jdbc.mutation - Static SQL for collection: org.frcpm.models.Task.assignedTo
13:10:14.495 [main] DEBUG org.hibernate.orm.jdbc.mutation -  Row insert: /* insert for org.frcpm.models.Task.assignedTo */insert into task_assignments (task_id,team_member_id) values (?,?)
13:10:14.495 [main] DEBUG org.hibernate.orm.jdbc.mutation -  Row delete: /* delete for org.frcpm.models.Task.assignedTo */delete from task_assignments where task_id=? and team_member_id=?
13:10:14.495 [main] DEBUG org.hibernate.orm.jdbc.mutation -  One-shot delete: /* one-shot delete for org.frcpm.models.Task.assignedTo */delete from task_assignments where task_id=?
13:10:14.495 [main] DEBUG org.hibernate.orm.sql.ast.create - Created new SQL alias : t1_0
13:10:14.495 [main] DEBUG org.hibernate.orm.sql.ast.create - Registration of TableGroup [org.hibernate.sql.ast.tree.from.OneToManyTableGroup@1e1f9de4] with identifierForTableGroup [org.frcpm.models.Subsystem.tasks] for NavigablePath [org.frcpm.models.Subsystem.tasks] 
13:10:14.495 [main] DEBUG org.hibernate.orm.sql.ast.create - Registration of TableGroup [StandardTableGroup(org.frcpm.models.Subsystem.tasks.{element})] with identifierForTableGroup [org.frcpm.models.Subsystem.tasks.{element}] for NavigablePath [org.frcpm.models.Subsystem.tasks.{element}] 
13:10:14.495 [main] DEBUG org.hibernate.orm.sql.ast.create - Registration of TableGroup [org.hibernate.sql.ast.tree.from.LazyTableGroup@60eabf53] with identifierForTableGroup [org.frcpm.models.Subsystem.tasks.{element}.project] for NavigablePath [org.frcpm.models.Subsystem.tasks.{element}.project] 
13:10:14.495 [main] DEBUG org.hibernate.orm.sql.ast.create - Registration of TableGroup [org.hibernate.sql.ast.tree.from.LazyTableGroup@72a2b17d] with identifierForTableGroup [org.frcpm.models.Subsystem.tasks.{element}.subsystem] for NavigablePath [org.frcpm.models.Subsystem.tasks.{element}.subsystem] 
13:10:14.495 [main] DEBUG org.hibernate.orm.results.graph.AST - DomainResult Graph:
 \-CollectionDomainResult [org.frcpm.models.Subsystem.tasks]

13:10:14.495 [main] DEBUG org.hibernate.orm.sql.ast.tree - SQL AST Tree:
    SelectStatement {
      FromClause {
        OneToManyTableGroup (t1 : org.frcpm.models.Subsystem.tasks) {
          primaryTableReference : tasks as t1_0
          TableGroupJoins {
            left  join LazyTableGroup (p1 : org.frcpm.models.Subsystem.tasks.{element}.project) {
            }
            left  join LazyTableGroup (s1 : org.frcpm.models.Subsystem.tasks.{element}.subsystem) {
            }
          }
        }
      }
    }

13:10:14.495 [main] DEBUG org.hibernate.orm.jdbc.mutation - Static SQL for collection: org.frcpm.models.Subsystem.tasks
13:10:14.495 [main] DEBUG org.hibernate.orm.sql.ast.create - Created new SQL alias : m1_0
13:10:14.495 [main] DEBUG org.hibernate.orm.sql.ast.create - Registration of TableGroup [org.hibernate.sql.ast.tree.from.OneToManyTableGroup@38a5b985] with identifierForTableGroup [org.frcpm.models.Subteam.members] for NavigablePath [org.frcpm.models.Subteam.members] 
13:10:14.495 [main] DEBUG org.hibernate.orm.sql.ast.create - Registration of TableGroup [StandardTableGroup(org.frcpm.models.Subteam.members.{element})] with identifierForTableGroup [org.frcpm.models.Subteam.members.{element}] for NavigablePath [org.frcpm.models.Subteam.members.{element}] 
13:10:14.496 [main] DEBUG org.hibernate.orm.sql.ast.create - Registration of TableGroup [org.hibernate.sql.ast.tree.from.LazyTableGroup@d0089e5] with identifierForTableGroup [org.frcpm.models.Subteam.members.{element}.subteam] for NavigablePath [org.frcpm.models.Subteam.members.{element}.subteam] 
13:10:14.496 [main] DEBUG org.hibernate.orm.results.graph.AST - DomainResult Graph:
 \-CollectionDomainResult [org.frcpm.models.Subteam.members]

13:10:14.496 [main] DEBUG org.hibernate.orm.sql.ast.tree - SQL AST Tree:
    SelectStatement {
      FromClause {
        OneToManyTableGroup (m1 : org.frcpm.models.Subteam.members) {
          primaryTableReference : team_members as m1_0
          TableGroupJoins {
            left  join LazyTableGroup (s1 : org.frcpm.models.Subteam.members.{element}.subteam) {
            }
          }
        }
      }
    }

13:10:14.496 [main] DEBUG org.hibernate.orm.jdbc.mutation - Static SQL for collection: org.frcpm.models.Subteam.members
13:10:14.496 [main] DEBUG org.hibernate.orm.sql.ast.create - Created new SQL alias : a1_0
13:10:14.496 [main] DEBUG org.hibernate.orm.sql.ast.create - Registration of TableGroup [org.hibernate.sql.ast.tree.from.OneToManyTableGroup@f60910d] with identifierForTableGroup [org.frcpm.models.TeamMember.attendances] for NavigablePath [org.frcpm.models.TeamMember.attendances] 
13:10:14.496 [main] DEBUG org.hibernate.orm.sql.ast.create - Registration of TableGroup [StandardTableGroup(org.frcpm.models.TeamMember.attendances.{element})] with identifierForTableGroup [org.frcpm.models.TeamMember.attendances.{element}] for NavigablePath [org.frcpm.models.TeamMember.attendances.{element}] 
13:10:14.496 [main] DEBUG org.hibernate.orm.sql.ast.create - Registration of TableGroup [org.hibernate.sql.ast.tree.from.LazyTableGroup@1a1c68f5] with identifierForTableGroup [org.frcpm.models.TeamMember.attendances.{element}.meeting] for NavigablePath [org.frcpm.models.TeamMember.attendances.{element}.meeting] 
13:10:14.496 [main] DEBUG org.hibernate.orm.sql.ast.create - Registration of TableGroup [org.hibernate.sql.ast.tree.from.LazyTableGroup@13da85f2] with identifierForTableGroup [org.frcpm.models.TeamMember.attendances.{element}.member] for NavigablePath [org.frcpm.models.TeamMember.attendances.{element}.member] 
13:10:14.496 [main] DEBUG org.hibernate.orm.results.graph.AST - DomainResult Graph:
 \-CollectionDomainResult [org.frcpm.models.TeamMember.attendances]

13:10:14.496 [main] DEBUG org.hibernate.orm.sql.ast.tree - SQL AST Tree:
    SelectStatement {
      FromClause {
        OneToManyTableGroup (a1 : org.frcpm.models.TeamMember.attendances) {
          primaryTableReference : attendances as a1_0
          TableGroupJoins {
            left  join LazyTableGroup (m1 : org.frcpm.models.TeamMember.attendances.{element}.meeting) {
            }
            left  join LazyTableGroup (m2 : org.frcpm.models.TeamMember.attendances.{element}.member) {
            }
          }
        }
      }
    }

13:10:14.496 [main] DEBUG org.hibernate.orm.jdbc.mutation - Static SQL for collection: org.frcpm.models.TeamMember.attendances
13:10:14.496 [main] DEBUG org.hibernate.orm.sql.ast.create - Created new SQL alias : rc1_0
13:10:14.496 [main] DEBUG org.hibernate.orm.sql.ast.create - Registration of TableGroup [CollectionTableGroup(org.frcpm.models.Task.requiredComponents)] with identifierForTableGroup [org.frcpm.models.Task.requiredComponents] for NavigablePath [org.frcpm.models.Task.requiredComponents] 
13:10:14.496 [main] DEBUG org.hibernate.orm.sql.ast.create - Registration of TableGroup [org.hibernate.sql.ast.tree.from.LazyTableGroup@5a9fa35] with identifierForTableGroup [org.frcpm.models.Task.requiredComponents.{element}] for NavigablePath [org.frcpm.models.Task.requiredComponents.{element}] 
13:10:14.496 [main] DEBUG org.hibernate.orm.sql.ast.create - Created new SQL alias : rc1_1
13:10:14.496 [main] DEBUG org.hibernate.orm.results.graph.AST - DomainResult Graph:
 \-CollectionDomainResult [org.frcpm.models.Task.requiredComponents]

13:10:14.496 [main] DEBUG org.hibernate.orm.sql.ast.tree - SQL AST Tree:
    SelectStatement {
      FromClause {
        CollectionTableGroup (rc1 : org.frcpm.models.Task.requiredComponents) {
          primaryTableReference : task_components as rc1_0
          TableGroupJoins {
             join LazyTableGroup (rc1 : org.frcpm.models.Task.requiredComponents.{element}) {
              primaryTableReference : components as rc1_1
            }
          }
        }
      }
    }

13:10:14.496 [main] DEBUG org.hibernate.orm.jdbc.mutation - Static SQL for collection: org.frcpm.models.Task.requiredComponents
13:10:14.496 [main] DEBUG org.hibernate.orm.jdbc.mutation -  Row insert: /* insert for org.frcpm.models.Task.requiredComponents */insert into task_components (task_id,component_id) values (?,?)
13:10:14.496 [main] DEBUG org.hibernate.orm.jdbc.mutation -  Row delete: /* delete for org.frcpm.models.Task.requiredComponents */delete from task_components where task_id=? and component_id=?
13:10:14.496 [main] DEBUG org.hibernate.orm.jdbc.mutation -  One-shot delete: /* one-shot delete for org.frcpm.models.Task.requiredComponents */delete from task_components where task_id=?
13:10:14.496 [main] DEBUG org.hibernate.orm.sql.ast.create - Created new SQL alias : s1_0
13:10:14.496 [main] DEBUG org.hibernate.orm.sql.ast.create - Registration of TableGroup [org.hibernate.sql.ast.tree.from.OneToManyTableGroup@4f54b976] with identifierForTableGroup [org.frcpm.models.Subteam.subsystems] for NavigablePath [org.frcpm.models.Subteam.subsystems] 
13:10:14.496 [main] DEBUG org.hibernate.orm.sql.ast.create - Registration of TableGroup [StandardTableGroup(org.frcpm.models.Subteam.subsystems.{element})] with identifierForTableGroup [org.frcpm.models.Subteam.subsystems.{element}] for NavigablePath [org.frcpm.models.Subteam.subsystems.{element}] 
13:10:14.496 [main] DEBUG org.hibernate.orm.sql.ast.create - Registration of TableGroup [org.hibernate.sql.ast.tree.from.LazyTableGroup@23096e4d] with identifierForTableGroup [org.frcpm.models.Subteam.subsystems.{element}.responsibleSubteam] for NavigablePath [org.frcpm.models.Subteam.subsystems.{element}.responsibleSubteam] 
13:10:14.497 [main] DEBUG org.hibernate.orm.results.graph.AST - DomainResult Graph:
 \-CollectionDomainResult [org.frcpm.models.Subteam.subsystems]

13:10:14.497 [main] DEBUG org.hibernate.orm.sql.ast.tree - SQL AST Tree:
    SelectStatement {
      FromClause {
        OneToManyTableGroup (s1 : org.frcpm.models.Subteam.subsystems) {
          primaryTableReference : subsystems as s1_0
          TableGroupJoins {
            left  join LazyTableGroup (rs1 : org.frcpm.models.Subteam.subsystems.{element}.responsibleSubteam) {
            }
          }
        }
      }
    }

13:10:14.497 [main] DEBUG org.hibernate.orm.jdbc.mutation - Static SQL for collection: org.frcpm.models.Subteam.subsystems
13:10:14.497 [main] DEBUG org.hibernate.orm.sql.ast.create - Created new SQL alias : pd1_0
13:10:14.497 [main] DEBUG org.hibernate.orm.sql.ast.create - Registration of TableGroup [CollectionTableGroup(org.frcpm.models.Task.preDependencies)] with identifierForTableGroup [org.frcpm.models.Task.preDependencies] for NavigablePath [org.frcpm.models.Task.preDependencies] 
13:10:14.497 [main] DEBUG org.hibernate.orm.sql.ast.create - Registration of TableGroup [org.hibernate.sql.ast.tree.from.LazyTableGroup@16c5974d] with identifierForTableGroup [org.frcpm.models.Task.preDependencies.{element}] for NavigablePath [org.frcpm.models.Task.preDependencies.{element}] 
13:10:14.497 [main] DEBUG org.hibernate.orm.sql.ast.create - Created new SQL alias : pd1_1
13:10:14.497 [main] DEBUG org.hibernate.orm.sql.ast.create - Registration of TableGroup [org.hibernate.sql.ast.tree.from.LazyTableGroup@7c3013ea] with identifierForTableGroup [org.frcpm.models.Task.preDependencies.{element}.project] for NavigablePath [org.frcpm.models.Task.preDependencies.{element}.project] 
13:10:14.497 [main] DEBUG org.hibernate.orm.sql.ast.create - Registration of TableGroup [org.hibernate.sql.ast.tree.from.LazyTableGroup@14a37127] with identifierForTableGroup [org.frcpm.models.Task.preDependencies.{element}.subsystem] for NavigablePath [org.frcpm.models.Task.preDependencies.{element}.subsystem] 
13:10:14.497 [main] DEBUG org.hibernate.orm.results.graph.AST - DomainResult Graph:
 \-CollectionDomainResult [org.frcpm.models.Task.preDependencies]

13:10:14.497 [main] DEBUG org.hibernate.orm.sql.ast.tree - SQL AST Tree:
    SelectStatement {
      FromClause {
        CollectionTableGroup (pd1 : org.frcpm.models.Task.preDependencies) {
          primaryTableReference : task_dependencies as pd1_0
          TableGroupJoins {
             join LazyTableGroup (pd1 : org.frcpm.models.Task.preDependencies.{element}) {
              primaryTableReference : tasks as pd1_1
              TableGroupJoins {
                left  join LazyTableGroup (p1 : org.frcpm.models.Task.preDependencies.{element}.project) {
                }
                left  join LazyTableGroup (s1 : org.frcpm.models.Task.preDependencies.{element}.subsystem) {
                }
              }
            }
          }
        }
      }
    }

13:10:14.497 [main] DEBUG org.hibernate.orm.jdbc.mutation - Static SQL for collection: org.frcpm.models.Task.preDependencies
13:10:14.497 [main] DEBUG org.hibernate.orm.jdbc.mutation -  Row insert: /* insert for org.frcpm.models.Task.preDependencies */insert into task_dependencies (task_id,dependency_id) values (?,?)
13:10:14.497 [main] DEBUG org.hibernate.orm.jdbc.mutation -  Row delete: /* delete for org.frcpm.models.Task.preDependencies */delete from task_dependencies where task_id=? and dependency_id=?
13:10:14.497 [main] DEBUG org.hibernate.orm.jdbc.mutation -  One-shot delete: /* one-shot delete for org.frcpm.models.Task.preDependencies */delete from task_dependencies where task_id=?
13:10:14.497 [main] DEBUG org.hibernate.orm.sql.ast.create - Created new SQL alias : m1_0
13:10:14.497 [main] DEBUG org.hibernate.orm.sql.ast.create - Registration of TableGroup [org.hibernate.sql.ast.tree.from.OneToManyTableGroup@2b80fadc] with identifierForTableGroup [org.frcpm.models.Project.milestones] for NavigablePath [org.frcpm.models.Project.milestones] 
13:10:14.497 [main] DEBUG org.hibernate.orm.sql.ast.create - Registration of TableGroup [StandardTableGroup(org.frcpm.models.Project.milestones.{element})] with identifierForTableGroup [org.frcpm.models.Project.milestones.{element}] for NavigablePath [org.frcpm.models.Project.milestones.{element}] 
13:10:14.497 [main] DEBUG org.hibernate.orm.sql.ast.create - Registration of TableGroup [org.hibernate.sql.ast.tree.from.LazyTableGroup@50091386] with identifierForTableGroup [org.frcpm.models.Project.milestones.{element}.project] for NavigablePath [org.frcpm.models.Project.milestones.{element}.project] 
13:10:14.497 [main] DEBUG org.hibernate.orm.results.graph.AST - DomainResult Graph:
 \-CollectionDomainResult [org.frcpm.models.Project.milestones]

13:10:14.497 [main] DEBUG org.hibernate.orm.sql.ast.tree - SQL AST Tree:
    SelectStatement {
      FromClause {
        OneToManyTableGroup (m1 : org.frcpm.models.Project.milestones) {
          primaryTableReference : milestones as m1_0
          TableGroupJoins {
            left  join LazyTableGroup (p1 : org.frcpm.models.Project.milestones.{element}.project) {
            }
          }
        }
      }
    }

13:10:14.497 [main] DEBUG org.hibernate.orm.jdbc.mutation - Static SQL for collection: org.frcpm.models.Project.milestones
13:10:14.497 [main] DEBUG org.hibernate.orm.sql.ast.create - Created new SQL alias : rft1_0
13:10:14.497 [main] DEBUG org.hibernate.orm.sql.ast.create - Registration of TableGroup [CollectionTableGroup(org.frcpm.models.Component.requiredForTasks)] with identifierForTableGroup [org.frcpm.models.Component.requiredForTasks] for NavigablePath [org.frcpm.models.Component.requiredForTasks] 
13:10:14.497 [main] DEBUG org.hibernate.orm.sql.ast.create - Registration of TableGroup [org.hibernate.sql.ast.tree.from.LazyTableGroup@3f94bd59] with identifierForTableGroup [org.frcpm.models.Component.requiredForTasks.{element}] for NavigablePath [org.frcpm.models.Component.requiredForTasks.{element}] 
13:10:14.497 [main] DEBUG org.hibernate.orm.sql.ast.create - Created new SQL alias : rft1_1
13:10:14.497 [main] DEBUG org.hibernate.orm.sql.ast.create - Registration of TableGroup [org.hibernate.sql.ast.tree.from.LazyTableGroup@136ee66d] with identifierForTableGroup [org.frcpm.models.Component.requiredForTasks.{element}.project] for NavigablePath [org.frcpm.models.Component.requiredForTasks.{element}.project] 
13:10:14.498 [main] DEBUG org.hibernate.orm.sql.ast.create - Registration of TableGroup [org.hibernate.sql.ast.tree.from.LazyTableGroup@b6352a5] with identifierForTableGroup [org.frcpm.models.Component.requiredForTasks.{element}.subsystem] for NavigablePath [org.frcpm.models.Component.requiredForTasks.{element}.subsystem] 
13:10:14.498 [main] DEBUG org.hibernate.orm.results.graph.AST - DomainResult Graph:
 \-CollectionDomainResult [org.frcpm.models.Component.requiredForTasks]

13:10:14.498 [main] DEBUG org.hibernate.orm.sql.ast.tree - SQL AST Tree:
    SelectStatement {
      FromClause {
        CollectionTableGroup (rft1 : org.frcpm.models.Component.requiredForTasks) {
          primaryTableReference : task_components as rft1_0
          TableGroupJoins {
             join LazyTableGroup (rft1 : org.frcpm.models.Component.requiredForTasks.{element}) {
              primaryTableReference : tasks as rft1_1
              TableGroupJoins {
                left  join LazyTableGroup (p1 : org.frcpm.models.Component.requiredForTasks.{element}.project) {
                }
                left  join LazyTableGroup (s1 : org.frcpm.models.Component.requiredForTasks.{element}.subsystem) {
                }
              }
            }
          }
        }
      }
    }

13:10:14.498 [main] DEBUG org.hibernate.orm.jdbc.mutation - Static SQL for collection: org.frcpm.models.Component.requiredForTasks
13:10:14.498 [main] DEBUG org.hibernate.orm.sql.ast.create - Created new SQL alias : m1_0
13:10:14.498 [main] DEBUG org.hibernate.orm.sql.ast.create - Registration of TableGroup [org.hibernate.sql.ast.tree.from.OneToManyTableGroup@26ffe94e] with identifierForTableGroup [org.frcpm.models.Project.meetings] for NavigablePath [org.frcpm.models.Project.meetings] 
13:10:14.498 [main] DEBUG org.hibernate.orm.sql.ast.create - Registration of TableGroup [StandardTableGroup(org.frcpm.models.Project.meetings.{element})] with identifierForTableGroup [org.frcpm.models.Project.meetings.{element}] for NavigablePath [org.frcpm.models.Project.meetings.{element}] 
13:10:14.498 [main] DEBUG org.hibernate.orm.sql.ast.create - Registration of TableGroup [org.hibernate.sql.ast.tree.from.LazyTableGroup@42c63e72] with identifierForTableGroup [org.frcpm.models.Project.meetings.{element}.project] for NavigablePath [org.frcpm.models.Project.meetings.{element}.project] 
13:10:14.498 [main] DEBUG org.hibernate.orm.results.graph.AST - DomainResult Graph:
 \-CollectionDomainResult [org.frcpm.models.Project.meetings]

13:10:14.498 [main] DEBUG org.hibernate.orm.sql.ast.tree - SQL AST Tree:
    SelectStatement {
      FromClause {
        OneToManyTableGroup (m1 : org.frcpm.models.Project.meetings) {
          primaryTableReference : meetings as m1_0
          TableGroupJoins {
            left  join LazyTableGroup (p1 : org.frcpm.models.Project.meetings.{element}.project) {
            }
          }
        }
      }
    }

13:10:14.498 [main] DEBUG org.hibernate.orm.jdbc.mutation - Static SQL for collection: org.frcpm.models.Project.meetings
13:10:14.498 [main] DEBUG org.hibernate.orm.sql.ast.create - Created new SQL alias : at1_0
13:10:14.498 [main] DEBUG org.hibernate.orm.sql.ast.create - Registration of TableGroup [CollectionTableGroup(org.frcpm.models.TeamMember.assignedTasks)] with identifierForTableGroup [org.frcpm.models.TeamMember.assignedTasks] for NavigablePath [org.frcpm.models.TeamMember.assignedTasks] 
13:10:14.498 [main] DEBUG org.hibernate.orm.sql.ast.create - Registration of TableGroup [org.hibernate.sql.ast.tree.from.LazyTableGroup@30f6791d] with identifierForTableGroup [org.frcpm.models.TeamMember.assignedTasks.{element}] for NavigablePath [org.frcpm.models.TeamMember.assignedTasks.{element}] 
13:10:14.498 [main] DEBUG org.hibernate.orm.sql.ast.create - Created new SQL alias : at1_1
13:10:14.498 [main] DEBUG org.hibernate.orm.sql.ast.create - Registration of TableGroup [org.hibernate.sql.ast.tree.from.LazyTableGroup@699a53d4] with identifierForTableGroup [org.frcpm.models.TeamMember.assignedTasks.{element}.project] for NavigablePath [org.frcpm.models.TeamMember.assignedTasks.{element}.project] 
13:10:14.498 [main] DEBUG org.hibernate.orm.sql.ast.create - Registration of TableGroup [org.hibernate.sql.ast.tree.from.LazyTableGroup@1adcd53b] with identifierForTableGroup [org.frcpm.models.TeamMember.assignedTasks.{element}.subsystem] for NavigablePath [org.frcpm.models.TeamMember.assignedTasks.{element}.subsystem] 
13:10:14.498 [main] DEBUG org.hibernate.orm.results.graph.AST - DomainResult Graph:
 \-CollectionDomainResult [org.frcpm.models.TeamMember.assignedTasks]

13:10:14.499 [main] DEBUG org.hibernate.orm.sql.ast.tree - SQL AST Tree:
    SelectStatement {
      FromClause {
        CollectionTableGroup (at1 : org.frcpm.models.TeamMember.assignedTasks) {
          primaryTableReference : task_assignments as at1_0
          TableGroupJoins {
             join LazyTableGroup (at1 : org.frcpm.models.TeamMember.assignedTasks.{element}) {
              primaryTableReference : tasks as at1_1
              TableGroupJoins {
                left  join LazyTableGroup (p1 : org.frcpm.models.TeamMember.assignedTasks.{element}.project) {
                }
                left  join LazyTableGroup (s1 : org.frcpm.models.TeamMember.assignedTasks.{element}.subsystem) {
                }
              }
            }
          }
        }
      }
    }

13:10:14.499 [main] DEBUG org.hibernate.orm.jdbc.mutation - Static SQL for collection: org.frcpm.models.TeamMember.assignedTasks
13:10:14.499 [main] DEBUG org.hibernate.orm.sql.ast.create - Created new SQL alias : a1_0
13:10:14.499 [main] DEBUG org.hibernate.orm.sql.ast.create - Registration of TableGroup [org.hibernate.sql.ast.tree.from.OneToManyTableGroup@47c90585] with identifierForTableGroup [org.frcpm.models.Meeting.attendances] for NavigablePath [org.frcpm.models.Meeting.attendances] 
13:10:14.499 [main] DEBUG org.hibernate.orm.sql.ast.create - Registration of TableGroup [StandardTableGroup(org.frcpm.models.Meeting.attendances.{element})] with identifierForTableGroup [org.frcpm.models.Meeting.attendances.{element}] for NavigablePath [org.frcpm.models.Meeting.attendances.{element}] 
13:10:14.499 [main] DEBUG org.hibernate.orm.sql.ast.create - Registration of TableGroup [org.hibernate.sql.ast.tree.from.LazyTableGroup@7cf6ea5b] with identifierForTableGroup [org.frcpm.models.Meeting.attendances.{element}.meeting] for NavigablePath [org.frcpm.models.Meeting.attendances.{element}.meeting] 
13:10:14.499 [main] DEBUG org.hibernate.orm.sql.ast.create - Registration of TableGroup [org.hibernate.sql.ast.tree.from.LazyTableGroup@ff8df3] with identifierForTableGroup [org.frcpm.models.Meeting.attendances.{element}.member] for NavigablePath [org.frcpm.models.Meeting.attendances.{element}.member] 
13:10:14.499 [main] DEBUG org.hibernate.orm.results.graph.AST - DomainResult Graph:
 \-CollectionDomainResult [org.frcpm.models.Meeting.attendances]

13:10:14.499 [main] DEBUG org.hibernate.orm.sql.ast.tree - SQL AST Tree:
    SelectStatement {
      FromClause {
        OneToManyTableGroup (a1 : org.frcpm.models.Meeting.attendances) {
          primaryTableReference : attendances as a1_0
          TableGroupJoins {
            left  join LazyTableGroup (m1 : org.frcpm.models.Meeting.attendances.{element}.meeting) {
            }
            left  join LazyTableGroup (m2 : org.frcpm.models.Meeting.attendances.{element}.member) {
            }
          }
        }
      }
    }

13:10:14.499 [main] DEBUG org.hibernate.orm.jdbc.mutation - Static SQL for collection: org.frcpm.models.Meeting.attendances
13:10:14.499 [main] DEBUG org.hibernate.orm.sql.ast.create - Created new SQL alias : pd1_0
13:10:14.499 [main] DEBUG org.hibernate.orm.sql.ast.create - Registration of TableGroup [CollectionTableGroup(org.frcpm.models.Task.postDependencies)] with identifierForTableGroup [org.frcpm.models.Task.postDependencies] for NavigablePath [org.frcpm.models.Task.postDependencies] 
13:10:14.499 [main] DEBUG org.hibernate.orm.sql.ast.create - Registration of TableGroup [org.hibernate.sql.ast.tree.from.LazyTableGroup@6e14a376] with identifierForTableGroup [org.frcpm.models.Task.postDependencies.{element}] for NavigablePath [org.frcpm.models.Task.postDependencies.{element}] 
13:10:14.499 [main] DEBUG org.hibernate.orm.sql.ast.create - Created new SQL alias : pd1_1
13:10:14.499 [main] DEBUG org.hibernate.orm.sql.ast.create - Registration of TableGroup [org.hibernate.sql.ast.tree.from.LazyTableGroup@25fb28dd] with identifierForTableGroup [org.frcpm.models.Task.postDependencies.{element}.project] for NavigablePath [org.frcpm.models.Task.postDependencies.{element}.project] 
13:10:14.499 [main] DEBUG org.hibernate.orm.sql.ast.create - Registration of TableGroup [org.hibernate.sql.ast.tree.from.LazyTableGroup@5917b984] with identifierForTableGroup [org.frcpm.models.Task.postDependencies.{element}.subsystem] for NavigablePath [org.frcpm.models.Task.postDependencies.{element}.subsystem] 
13:10:14.499 [main] DEBUG org.hibernate.orm.results.graph.AST - DomainResult Graph:
 \-CollectionDomainResult [org.frcpm.models.Task.postDependencies]

13:10:14.499 [main] DEBUG org.hibernate.orm.sql.ast.tree - SQL AST Tree:
    SelectStatement {
      FromClause {
        CollectionTableGroup (pd1 : org.frcpm.models.Task.postDependencies) {
          primaryTableReference : task_dependencies as pd1_0
          TableGroupJoins {
             join LazyTableGroup (pd1 : org.frcpm.models.Task.postDependencies.{element}) {
              primaryTableReference : tasks as pd1_1
              TableGroupJoins {
                left  join LazyTableGroup (p1 : org.frcpm.models.Task.postDependencies.{element}.project) {
                }
                left  join LazyTableGroup (s1 : org.frcpm.models.Task.postDependencies.{element}.subsystem) {
                }
              }
            }
          }
        }
      }
    }

13:10:14.499 [main] DEBUG org.hibernate.orm.jdbc.mutation - Static SQL for collection: org.frcpm.models.Task.postDependencies
13:10:14.499 [main] DEBUG org.hibernate.orm.sql.ast.create - Created new SQL alias : t1_0
13:10:14.499 [main] DEBUG org.hibernate.orm.sql.ast.create - Registration of TableGroup [org.hibernate.sql.ast.tree.from.OneToManyTableGroup@8019a5] with identifierForTableGroup [org.frcpm.models.Project.tasks] for NavigablePath [org.frcpm.models.Project.tasks] 
13:10:14.499 [main] DEBUG org.hibernate.orm.sql.ast.create - Registration of TableGroup [StandardTableGroup(org.frcpm.models.Project.tasks.{element})] with identifierForTableGroup [org.frcpm.models.Project.tasks.{element}] for NavigablePath [org.frcpm.models.Project.tasks.{element}] 
13:10:14.499 [main] DEBUG org.hibernate.orm.sql.ast.create - Registration of TableGroup [org.hibernate.sql.ast.tree.from.LazyTableGroup@7c4164a8] with identifierForTableGroup [org.frcpm.models.Project.tasks.{element}.project] for NavigablePath [org.frcpm.models.Project.tasks.{element}.project] 
13:10:14.500 [main] DEBUG org.hibernate.orm.sql.ast.create - Registration of TableGroup [org.hibernate.sql.ast.tree.from.LazyTableGroup@18fe293d] with identifierForTableGroup [org.frcpm.models.Project.tasks.{element}.subsystem] for NavigablePath [org.frcpm.models.Project.tasks.{element}.subsystem] 
13:10:14.500 [main] DEBUG org.hibernate.orm.results.graph.AST - DomainResult Graph:
 \-CollectionDomainResult [org.frcpm.models.Project.tasks]

13:10:14.500 [main] DEBUG org.hibernate.orm.sql.ast.tree - SQL AST Tree:
    SelectStatement {
      FromClause {
        OneToManyTableGroup (t1 : org.frcpm.models.Project.tasks) {
          primaryTableReference : tasks as t1_0
          TableGroupJoins {
            left  join LazyTableGroup (p1 : org.frcpm.models.Project.tasks.{element}.project) {
            }
            left  join LazyTableGroup (s1 : org.frcpm.models.Project.tasks.{element}.subsystem) {
            }
          }
        }
      }
    }

13:10:14.500 [main] DEBUG org.hibernate.orm.jdbc.mutation - Static SQL for collection: org.frcpm.models.Project.tasks
13:10:14.513 [main] DEBUG org.hibernate.type.spi.TypeConfiguration$Scope - Scoping TypeConfiguration [org.hibernate.type.spi.TypeConfiguration@665cb192] to SessionFactoryImplementor [org.hibernate.internal.SessionFactoryImpl@77a3c614]
13:10:14.514 [main] DEBUG org.hibernate.query.named.NamedObjectRepository - Checking 0 named HQL queries
13:10:14.514 [main] DEBUG org.hibernate.query.named.NamedObjectRepository - Checking 0 named SQL queries
13:10:14.514 [main] DEBUG org.hibernate.SQL - 
    drop table if exists attendances cascade 
Hibernate: 
    drop table if exists attendances cascade 
13:10:14.514 [main] DEBUG org.hibernate.SQL - 
    drop table if exists components cascade 
Hibernate: 
    drop table if exists components cascade 
13:10:14.514 [main] DEBUG org.hibernate.SQL - 
    drop table if exists meetings cascade 
Hibernate: 
    drop table if exists meetings cascade 
13:10:14.514 [main] DEBUG org.hibernate.SQL - 
    drop table if exists milestones cascade 
Hibernate: 
    drop table if exists milestones cascade 
13:10:14.514 [main] DEBUG org.hibernate.SQL - 
    drop table if exists projects cascade 
Hibernate: 
    drop table if exists projects cascade 
13:10:14.514 [main] DEBUG org.hibernate.SQL - 
    drop table if exists subsystems cascade 
Hibernate: 
    drop table if exists subsystems cascade 
13:10:14.515 [main] DEBUG org.hibernate.SQL - 
    drop table if exists subteams cascade 
Hibernate: 
    drop table if exists subteams cascade 
13:10:14.515 [main] DEBUG org.hibernate.SQL - 
    drop table if exists task_assignments cascade 
Hibernate: 
    drop table if exists task_assignments cascade 
13:10:14.515 [main] DEBUG org.hibernate.SQL - 
    drop table if exists task_components cascade 
Hibernate: 
    drop table if exists task_components cascade 
13:10:14.515 [main] DEBUG org.hibernate.SQL - 
    drop table if exists task_dependencies cascade 
Hibernate: 
    drop table if exists task_dependencies cascade 
13:10:14.515 [main] DEBUG org.hibernate.SQL - 
    drop table if exists tasks cascade 
Hibernate: 
    drop table if exists tasks cascade 
13:10:14.515 [main] DEBUG org.hibernate.SQL - 
    drop table if exists team_members cascade 
Hibernate: 
    drop table if exists team_members cascade 
13:10:14.515 [main] DEBUG org.hibernate.SQL - 
    create table attendances (
        arrival_time time(6),
        departure_time time(6),
        present boolean not null,
        id bigint generated by default as identity,
        meeting_id bigint not null,
        member_id bigint not null,
        primary key (id),
        unique (meeting_id, member_id)
    )
Hibernate: 
    create table attendances (
        arrival_time time(6),
        departure_time time(6),
        present boolean not null,
        id bigint generated by default as identity,
        meeting_id bigint not null,
        member_id bigint not null,
        primary key (id),
        unique (meeting_id, member_id)
    )
13:10:14.516 [main] DEBUG org.hibernate.SQL - 
    create table components (
        actual_delivery date,
        expected_delivery date,
        is_delivered boolean,
        id bigint generated by default as identity,
        part_number varchar(100),
        description TEXT,
        name varchar(255) not null,
        primary key (id)
    )
Hibernate: 
    create table components (
        actual_delivery date,
        expected_delivery date,
        is_delivered boolean,
        id bigint generated by default as identity,
        part_number varchar(100),
        description TEXT,
        name varchar(255) not null,
        primary key (id)
    )
13:10:14.518 [main] DEBUG org.hibernate.SQL - 
    create table meetings (
        date date not null,
        end_time time(6) not null,
        start_time time(6) not null,
        id bigint generated by default as identity,
        project_id bigint not null,
        notes TEXT,
        primary key (id)
    )
Hibernate: 
    create table meetings (
        date date not null,
        end_time time(6) not null,
        start_time time(6) not null,
        id bigint generated by default as identity,
        project_id bigint not null,
        notes TEXT,
        primary key (id)
    )
13:10:14.522 [main] DEBUG org.hibernate.SQL - 
    create table milestones (
        date date not null,
        id bigint generated by default as identity,
        project_id bigint not null,
        description TEXT,
        name varchar(255) not null,
        primary key (id)
    )
Hibernate: 
    create table milestones (
        date date not null,
        id bigint generated by default as identity,
        project_id bigint not null,
        description TEXT,
        name varchar(255) not null,
        primary key (id)
    )
13:10:14.525 [main] DEBUG org.hibernate.SQL - 
    create table projects (
        goal_end_date date not null,
        hard_deadline date not null,
        start_date date not null,
        id bigint generated by default as identity,
        name varchar(100) not null,
        description TEXT,
        primary key (id)
    )
Hibernate: 
    create table projects (
        goal_end_date date not null,
        hard_deadline date not null,
        start_date date not null,
        id bigint generated by default as identity,
        name varchar(100) not null,
        description TEXT,
        primary key (id)
    )
13:10:14.527 [main] DEBUG org.hibernate.SQL - 
    create table subsystems (
        id bigint generated by default as identity,
        responsible_subteam_id bigint,
        name varchar(100) not null,
        description TEXT,
        status enum ('COMPLETED','IN_PROGRESS','ISSUES','NOT_STARTED','TESTING') not null,
        primary key (id)
    )
Hibernate: 
    create table subsystems (
        id bigint generated by default as identity,
        responsible_subteam_id bigint,
        name varchar(100) not null,
        description TEXT,
        status enum ('COMPLETED','IN_PROGRESS','ISSUES','NOT_STARTED','TESTING') not null,
        primary key (id)
    )
13:10:14.532 [main] DEBUG org.hibernate.SQL - 
    create table subteams (
        color_code varchar(7) not null,
        id bigint generated by default as identity,
        name varchar(100) not null,
        specialties TEXT,
        primary key (id)
    )
Hibernate: 
    create table subteams (
        color_code varchar(7) not null,
        id bigint generated by default as identity,
        name varchar(100) not null,
        specialties TEXT,
        primary key (id)
    )
13:10:14.535 [main] DEBUG org.hibernate.SQL - 
    create table task_assignments (
        task_id bigint not null,
        team_member_id bigint not null,
        primary key (task_id, team_member_id)
    )
Hibernate: 
    create table task_assignments (
        task_id bigint not null,
        team_member_id bigint not null,
        primary key (task_id, team_member_id)
    )
13:10:14.538 [main] DEBUG org.hibernate.SQL - 
    create table task_components (
        component_id bigint not null,
        task_id bigint not null,
        primary key (component_id, task_id)
    )
Hibernate: 
    create table task_components (
        component_id bigint not null,
        task_id bigint not null,
        primary key (component_id, task_id)
    )
13:10:14.541 [main] DEBUG org.hibernate.SQL - 
    create table task_dependencies (
        dependency_id bigint not null,
        task_id bigint not null,
        primary key (dependency_id, task_id)
    )
Hibernate: 
    create table task_dependencies (
        dependency_id bigint not null,
        task_id bigint not null,
        primary key (dependency_id, task_id)
    )
13:10:14.543 [main] DEBUG org.hibernate.SQL - 
    create table tasks (
        completed boolean not null,
        end_date date,
        progress integer not null,
        start_date date,
        actual_duration_seconds bigint,
        estimated_duration_seconds bigint not null,
        id bigint generated by default as identity,
        project_id bigint not null,
        subsystem_id bigint not null,
        description TEXT,
        title varchar(255) not null,
        priority enum ('CRITICAL','HIGH','LOW','MEDIUM') not null,
        primary key (id)
    )
Hibernate: 
    create table tasks (
        completed boolean not null,
        end_date date,
        progress integer not null,
        start_date date,
        actual_duration_seconds bigint,
        estimated_duration_seconds bigint not null,
        id bigint generated by default as identity,
        project_id bigint not null,
        subsystem_id bigint not null,
        description TEXT,
        title varchar(255) not null,
        priority enum ('CRITICAL','HIGH','LOW','MEDIUM') not null,
        primary key (id)
    )
13:10:14.545 [main] DEBUG org.hibernate.SQL - 
    create table team_members (
        is_leader boolean,
        id bigint generated by default as identity,
        subteam_id bigint,
        phone varchar(15),
        first_name varchar(150),
        last_name varchar(150),
        username varchar(150) not null unique,
        email varchar(254),
        skills TEXT,
        primary key (id)
    )
Hibernate: 
    create table team_members (
        is_leader boolean,
        id bigint generated by default as identity,
        subteam_id bigint,
        phone varchar(15),
        first_name varchar(150),
        last_name varchar(150),
        username varchar(150) not null unique,
        email varchar(254),
        skills TEXT,
        primary key (id)
    )
13:10:14.547 [main] DEBUG org.hibernate.SQL - 
    alter table if exists attendances 
       add constraint FK3i5ab1v2ad6wbm2rwhxbtm55u 
       foreign key (meeting_id) 
       references meetings
Hibernate: 
    alter table if exists attendances 
       add constraint FK3i5ab1v2ad6wbm2rwhxbtm55u 
       foreign key (meeting_id) 
       references meetings
13:10:14.550 [main] DEBUG org.hibernate.SQL - 
    alter table if exists attendances 
       add constraint FKb3g1rvha5qvyh1xik0bo6fghp 
       foreign key (member_id) 
       references team_members
Hibernate: 
    alter table if exists attendances 
       add constraint FKb3g1rvha5qvyh1xik0bo6fghp 
       foreign key (member_id) 
       references team_members
13:10:14.553 [main] DEBUG org.hibernate.SQL - 
    alter table if exists meetings 
       add constraint FKbt3vmcde0efob60esnfkyaeg0 
       foreign key (project_id) 
       references projects
Hibernate: 
    alter table if exists meetings 
       add constraint FKbt3vmcde0efob60esnfkyaeg0 
       foreign key (project_id) 
       references projects
13:10:14.556 [main] DEBUG org.hibernate.SQL - 
    alter table if exists milestones 
       add constraint FK2a7fp7wfu0qc1pq3wiifbksge 
       foreign key (project_id) 
       references projects
Hibernate: 
    alter table if exists milestones 
       add constraint FK2a7fp7wfu0qc1pq3wiifbksge 
       foreign key (project_id) 
       references projects
13:10:14.558 [main] DEBUG org.hibernate.SQL - 
    alter table if exists subsystems 
       add constraint FK6w4rk9yygp8j1dhs91d0qt8vp 
       foreign key (responsible_subteam_id) 
       references subteams
Hibernate: 
    alter table if exists subsystems 
       add constraint FK6w4rk9yygp8j1dhs91d0qt8vp 
       foreign key (responsible_subteam_id) 
       references subteams
13:10:14.560 [main] DEBUG org.hibernate.SQL - 
    alter table if exists task_assignments 
       add constraint FKqyivind1lu4axk93y5m7vcx7i 
       foreign key (team_member_id) 
       references team_members
Hibernate: 
    alter table if exists task_assignments 
       add constraint FKqyivind1lu4axk93y5m7vcx7i 
       foreign key (team_member_id) 
       references team_members
13:10:14.562 [main] DEBUG org.hibernate.SQL - 
    alter table if exists task_assignments 
       add constraint FKk36vhf9tt6t3woselwnkis6v6 
       foreign key (task_id) 
       references tasks
Hibernate: 
    alter table if exists task_assignments 
       add constraint FKk36vhf9tt6t3woselwnkis6v6 
       foreign key (task_id) 
       references tasks
13:10:14.564 [main] DEBUG org.hibernate.SQL - 
    alter table if exists task_components 
       add constraint FK5irpaispcx79xwy6n1qomaxnv 
       foreign key (component_id) 
       references components
Hibernate: 
    alter table if exists task_components 
       add constraint FK5irpaispcx79xwy6n1qomaxnv 
       foreign key (component_id) 
       references components
13:10:14.567 [main] DEBUG org.hibernate.SQL - 
    alter table if exists task_components 
       add constraint FKjvcgnyl1ttc41nv55hjvnnft1 
       foreign key (task_id) 
       references tasks
Hibernate: 
    alter table if exists task_components 
       add constraint FKjvcgnyl1ttc41nv55hjvnnft1 
       foreign key (task_id) 
       references tasks
13:10:14.569 [main] DEBUG org.hibernate.SQL - 
    alter table if exists task_dependencies 
       add constraint FKnwfxktx9emcwsylqofad5cxbx 
       foreign key (dependency_id) 
       references tasks
Hibernate: 
    alter table if exists task_dependencies 
       add constraint FKnwfxktx9emcwsylqofad5cxbx 
       foreign key (dependency_id) 
       references tasks
13:10:14.573 [main] DEBUG org.hibernate.SQL - 
    alter table if exists task_dependencies 
       add constraint FKerlktvi2bud6uauih348u0loj 
       foreign key (task_id) 
       references tasks
Hibernate: 
    alter table if exists task_dependencies 
       add constraint FKerlktvi2bud6uauih348u0loj 
       foreign key (task_id) 
       references tasks
13:10:14.576 [main] DEBUG org.hibernate.SQL - 
    alter table if exists tasks 
       add constraint FKsfhn82y57i3k9uxww1s007acc 
       foreign key (project_id) 
       references projects
Hibernate: 
    alter table if exists tasks 
       add constraint FKsfhn82y57i3k9uxww1s007acc 
       foreign key (project_id) 
       references projects
13:10:14.577 [main] DEBUG org.hibernate.SQL - 
    alter table if exists tasks 
       add constraint FK3tj2dchxxvxu2te3uwgjakx76 
       foreign key (subsystem_id) 
       references subsystems
Hibernate: 
    alter table if exists tasks 
       add constraint FK3tj2dchxxvxu2te3uwgjakx76 
       foreign key (subsystem_id) 
       references subsystems
13:10:14.579 [main] DEBUG org.hibernate.SQL - 
    alter table if exists team_members 
       add constraint FKnjkvjfudwwytv2aiuha5wyvqx 
       foreign key (subteam_id) 
       references subteams
Hibernate: 
    alter table if exists team_members 
       add constraint FKnjkvjfudwwytv2aiuha5wyvqx 
       foreign key (subteam_id) 
       references subteams
13:10:14.582 [main] DEBUG org.hibernate.internal.SessionFactoryRegistry - Registering SessionFactory: 831f5fe7-6854-421a-971e-d2140542cf59 (<unnamed>)
13:10:14.582 [main] DEBUG org.hibernate.internal.SessionFactoryRegistry - Not binding SessionFactory to JNDI, no JNDI name configured
13:10:14.582 [main] DEBUG org.hibernate.internal.SessionFactoryImpl - Instantiated SessionFactory
13:10:14.583 [main] DEBUG org.hibernate.stat.internal.StatisticsInitiator - Statistics initialized [enabled=false]
13:10:14.583 [main] DEBUG org.hibernate.engine.transaction.internal.TransactionImpl - On TransactionImpl creation, JpaCompliance#isJpaTransactionComplianceEnabled == false
13:10:14.583 [main] DEBUG org.hibernate.engine.transaction.internal.TransactionImpl - begin
13:10:14.584 [main] DEBUG org.hibernate.engine.spi.ActionQueue - Executing identity-insert immediately
13:10:14.584 [main] DEBUG org.hibernate.SQL - 
    /* insert for
        org.frcpm.models.Project */insert 
    into
        projects (description, goal_end_date, hard_deadline, name, start_date, id) 
    values
        (?, ?, ?, ?, ?, default)
Hibernate: 
    /* insert for
        org.frcpm.models.Project */insert 
    into
        projects (description, goal_end_date, hard_deadline, name, start_date, id) 
    values
        (?, ?, ?, ?, ?, default)
13:10:14.587 [main] DEBUG org.hibernate.orm.results - Initializer list is empty
13:10:14.587 [main] DEBUG org.hibernate.orm.results.loading - Calling top-level assembler (0 / 1) : org.hibernate.sql.results.graph.basic.BasicResultAssembler@761bac58
13:10:14.587 [main] DEBUG org.hibernate.orm.results - Extracted JDBC value [0] - [1]
13:10:14.587 [main] DEBUG org.hibernate.id.IdentifierGeneratorHelper - Extracted generated values [org.frcpm.models.Project]: [Ljava.lang.Object;@354e6aaa
13:10:14.589 [main] DEBUG org.hibernate.event.internal.AbstractFlushingEventListener - Processing flush-time cascades
13:10:14.589 [main] DEBUG org.hibernate.event.internal.AbstractFlushingEventListener - Dirty checking collections
13:10:14.589 [main] DEBUG org.hibernate.engine.internal.Collections - Collection found: [org.frcpm.models.Project.meetings#1], was: [<unreferenced>] (initialized)
13:10:14.589 [main] DEBUG org.hibernate.engine.internal.Collections - Collection found: [org.frcpm.models.Project.milestones#1], was: [<unreferenced>] (initialized)
13:10:14.589 [main] DEBUG org.hibernate.engine.internal.Collections - Collection found: [org.frcpm.models.Project.tasks#1], was: [<unreferenced>] (initialized)
13:10:14.589 [main] DEBUG org.hibernate.event.internal.AbstractFlushingEventListener - Flushed: 0 insertions, 0 updates, 0 deletions to 1 objects
13:10:14.589 [main] DEBUG org.hibernate.event.internal.AbstractFlushingEventListener - Flushed: 3 (re)creations, 0 updates, 0 removals to 3 collections
13:10:14.589 [main] DEBUG org.hibernate.internal.util.EntityPrinter - Listing entities:
13:10:14.589 [main] DEBUG org.hibernate.internal.util.EntityPrinter - org.frcpm.models.Project{hardDeadline=2025-06-06, name=Test Base Project 1, description=null, meetings=[], id=1, goalEndDate=2025-05-23, milestones=[], startDate=2025-04-11, tasks=[]}
13:10:14.590 [main] DEBUG org.hibernate.engine.transaction.internal.TransactionImpl - committing
13:10:14.590 [main] DEBUG org.hibernate.event.internal.AbstractFlushingEventListener - Processing flush-time cascades
13:10:14.590 [main] DEBUG org.hibernate.event.internal.AbstractFlushingEventListener - Dirty checking collections
13:10:14.590 [main] DEBUG org.hibernate.engine.internal.Collections - Collection found: [org.frcpm.models.Project.meetings#1], was: [org.frcpm.models.Project.meetings#1] (initialized)
13:10:14.590 [main] DEBUG org.hibernate.engine.internal.Collections - Collection found: [org.frcpm.models.Project.milestones#1], was: [org.frcpm.models.Project.milestones#1] (initialized)
13:10:14.590 [main] DEBUG org.hibernate.engine.internal.Collections - Collection found: [org.frcpm.models.Project.tasks#1], was: [org.frcpm.models.Project.tasks#1] (initialized)
13:10:14.590 [main] DEBUG org.hibernate.event.internal.AbstractFlushingEventListener - Flushed: 0 insertions, 0 updates, 0 deletions to 1 objects
13:10:14.590 [main] DEBUG org.hibernate.event.internal.AbstractFlushingEventListener - Flushed: 0 (re)creations, 0 updates, 0 removals to 3 collections
13:10:14.590 [main] DEBUG org.hibernate.internal.util.EntityPrinter - Listing entities:
13:10:14.590 [main] DEBUG org.hibernate.internal.util.EntityPrinter - org.frcpm.models.Project{hardDeadline=2025-06-06, name=Test Base Project 1, description=null, meetings=[], id=1, goalEndDate=2025-05-23, milestones=[], startDate=2025-04-11, tasks=[]}
13:10:14.590 [main] DEBUG org.hibernate.resource.jdbc.internal.LogicalConnectionManagedImpl - Initiating JDBC connection release from afterTransaction
13:10:14.590 [main] DEBUG org.hibernate.resource.jdbc.internal.LogicalConnectionManagedImpl - Initiating JDBC connection release from afterTransaction
13:10:14.590 [main] DEBUG org.hibernate.engine.transaction.internal.TransactionImpl - On TransactionImpl creation, JpaCompliance#isJpaTransactionComplianceEnabled == false
13:10:14.590 [main] DEBUG org.hibernate.engine.transaction.internal.TransactionImpl - begin
13:10:14.590 [main] DEBUG org.hibernate.engine.spi.ActionQueue - Executing identity-insert immediately
13:10:14.591 [main] DEBUG org.hibernate.SQL - 
    /* insert for
        org.frcpm.models.Project */insert 
    into
        projects (description, goal_end_date, hard_deadline, name, start_date, id) 
    values
        (?, ?, ?, ?, ?, default)
Hibernate: 
    /* insert for
        org.frcpm.models.Project */insert 
    into
        projects (description, goal_end_date, hard_deadline, name, start_date, id) 
    values
        (?, ?, ?, ?, ?, default)
13:10:14.591 [main] DEBUG org.hibernate.orm.results - Initializer list is empty
13:10:14.591 [main] DEBUG org.hibernate.orm.results.loading - Calling top-level assembler (0 / 1) : org.hibernate.sql.results.graph.basic.BasicResultAssembler@2ffb6cf6
13:10:14.591 [main] DEBUG org.hibernate.orm.results - Extracted JDBC value [0] - [2]
13:10:14.591 [main] DEBUG org.hibernate.id.IdentifierGeneratorHelper - Extracted generated values [org.frcpm.models.Project]: [Ljava.lang.Object;@668d6dc7
13:10:14.591 [main] DEBUG org.hibernate.event.internal.AbstractFlushingEventListener - Processing flush-time cascades
13:10:14.591 [main] DEBUG org.hibernate.event.internal.AbstractFlushingEventListener - Dirty checking collections
13:10:14.591 [main] DEBUG org.hibernate.engine.internal.Collections - Collection found: [org.frcpm.models.Project.meetings#2], was: [<unreferenced>] (initialized)
13:10:14.592 [main] DEBUG org.hibernate.engine.internal.Collections - Collection found: [org.frcpm.models.Project.milestones#2], was: [<unreferenced>] (initialized)
13:10:14.592 [main] DEBUG org.hibernate.engine.internal.Collections - Collection found: [org.frcpm.models.Project.tasks#2], was: [<unreferenced>] (initialized)
13:10:14.592 [main] DEBUG org.hibernate.event.internal.AbstractFlushingEventListener - Flushed: 0 insertions, 0 updates, 0 deletions to 1 objects
13:10:14.592 [main] DEBUG org.hibernate.event.internal.AbstractFlushingEventListener - Flushed: 3 (re)creations, 0 updates, 0 removals to 3 collections
13:10:14.592 [main] DEBUG org.hibernate.internal.util.EntityPrinter - Listing entities:
13:10:14.592 [main] DEBUG org.hibernate.internal.util.EntityPrinter - org.frcpm.models.Project{hardDeadline=2025-06-20, name=Test Base Project 2, description=null, meetings=[], id=2, goalEndDate=2025-06-06, milestones=[], startDate=2025-04-18, tasks=[]}
13:10:14.592 [main] DEBUG org.hibernate.engine.transaction.internal.TransactionImpl - committing
13:10:14.592 [main] DEBUG org.hibernate.event.internal.AbstractFlushingEventListener - Processing flush-time cascades
13:10:14.592 [main] DEBUG org.hibernate.event.internal.AbstractFlushingEventListener - Dirty checking collections
13:10:14.592 [main] DEBUG org.hibernate.engine.internal.Collections - Collection found: [org.frcpm.models.Project.meetings#2], was: [org.frcpm.models.Project.meetings#2] (initialized)
13:10:14.592 [main] DEBUG org.hibernate.engine.internal.Collections - Collection found: [org.frcpm.models.Project.milestones#2], was: [org.frcpm.models.Project.milestones#2] (initialized)
13:10:14.592 [main] DEBUG org.hibernate.engine.internal.Collections - Collection found: [org.frcpm.models.Project.tasks#2], was: [org.frcpm.models.Project.tasks#2] (initialized)
13:10:14.592 [main] DEBUG org.hibernate.event.internal.AbstractFlushingEventListener - Flushed: 0 insertions, 0 updates, 0 deletions to 1 objects
13:10:14.592 [main] DEBUG org.hibernate.event.internal.AbstractFlushingEventListener - Flushed: 0 (re)creations, 0 updates, 0 removals to 3 collections
13:10:14.592 [main] DEBUG org.hibernate.internal.util.EntityPrinter - Listing entities:
13:10:14.592 [main] DEBUG org.hibernate.internal.util.EntityPrinter - org.frcpm.models.Project{hardDeadline=2025-06-20, name=Test Base Project 2, description=null, meetings=[], id=2, goalEndDate=2025-06-06, milestones=[], startDate=2025-04-18, tasks=[]}
13:10:14.592 [main] DEBUG org.hibernate.resource.jdbc.internal.LogicalConnectionManagedImpl - Initiating JDBC connection release from afterTransaction
13:10:14.592 [main] DEBUG org.hibernate.resource.jdbc.internal.LogicalConnectionManagedImpl - Initiating JDBC connection release from afterTransaction
13:10:14.593 [main] DEBUG org.hibernate.engine.transaction.internal.TransactionImpl - On TransactionImpl creation, JpaCompliance#isJpaTransactionComplianceEnabled == false
13:10:14.593 [main] DEBUG org.hibernate.engine.transaction.internal.TransactionImpl - begin
13:10:14.594 [main] DEBUG org.hibernate.engine.spi.ActionQueue - Executing identity-insert immediately
13:10:14.594 [main] DEBUG org.hibernate.SQL - 
    /* insert for
        org.frcpm.models.Project */insert 
    into
        projects (description, goal_end_date, hard_deadline, name, start_date, id) 
    values
        (?, ?, ?, ?, ?, default)
Hibernate: 
    /* insert for
        org.frcpm.models.Project */insert 
    into
        projects (description, goal_end_date, hard_deadline, name, start_date, id) 
    values
        (?, ?, ?, ?, ?, default)
13:10:14.595 [main] DEBUG org.hibernate.orm.results - Initializer list is empty
13:10:14.595 [main] DEBUG org.hibernate.orm.results.loading - Calling top-level assembler (0 / 1) : org.hibernate.sql.results.graph.basic.BasicResultAssembler@1d6d5c2a
13:10:14.595 [main] DEBUG org.hibernate.orm.results - Extracted JDBC value [0] - [3]
13:10:14.595 [main] DEBUG org.hibernate.id.IdentifierGeneratorHelper - Extracted generated values [org.frcpm.models.Project]: [Ljava.lang.Object;@d06a341
13:10:14.595 [main] DEBUG org.hibernate.event.internal.AbstractFlushingEventListener - Processing flush-time cascades
13:10:14.595 [main] DEBUG org.hibernate.event.internal.AbstractFlushingEventListener - Dirty checking collections
13:10:14.596 [main] DEBUG org.hibernate.engine.internal.Collections - Collection found: [org.frcpm.models.Project.meetings#3], was: [<unreferenced>] (initialized)
13:10:14.596 [main] DEBUG org.hibernate.engine.internal.Collections - Collection found: [org.frcpm.models.Project.milestones#3], was: [<unreferenced>] (initialized)
13:10:14.596 [main] DEBUG org.hibernate.engine.internal.Collections - Collection found: [org.frcpm.models.Project.tasks#3], was: [<unreferenced>] (initialized)
13:10:14.596 [main] DEBUG org.hibernate.event.internal.AbstractFlushingEventListener - Flushed: 0 insertions, 0 updates, 0 deletions to 1 objects
13:10:14.596 [main] DEBUG org.hibernate.event.internal.AbstractFlushingEventListener - Flushed: 3 (re)creations, 0 updates, 0 removals to 3 collections
13:10:14.596 [main] DEBUG org.hibernate.internal.util.EntityPrinter - Listing entities:
13:10:14.596 [main] DEBUG org.hibernate.internal.util.EntityPrinter - org.frcpm.models.Project{hardDeadline=2025-05-23, name=Test Base DeleteById Project, description=null, meetings=[], id=3, goalEndDate=2025-05-09, milestones=[], startDate=2025-04-11, tasks=[]}
13:10:14.596 [main] DEBUG org.hibernate.engine.transaction.internal.TransactionImpl - committing
13:10:14.596 [main] DEBUG org.hibernate.event.internal.AbstractFlushingEventListener - Processing flush-time cascades
13:10:14.596 [main] DEBUG org.hibernate.event.internal.AbstractFlushingEventListener - Dirty checking collections
13:10:14.596 [main] DEBUG org.hibernate.engine.internal.Collections - Collection found: [org.frcpm.models.Project.meetings#3], was: [org.frcpm.models.Project.meetings#3] (initialized)
13:10:14.596 [main] DEBUG org.hibernate.engine.internal.Collections - Collection found: [org.frcpm.models.Project.milestones#3], was: [org.frcpm.models.Project.milestones#3] (initialized)
13:10:14.596 [main] DEBUG org.hibernate.engine.internal.Collections - Collection found: [org.frcpm.models.Project.tasks#3], was: [org.frcpm.models.Project.tasks#3] (initialized)
13:10:14.596 [main] DEBUG org.hibernate.event.internal.AbstractFlushingEventListener - Flushed: 0 insertions, 0 updates, 0 deletions to 1 objects
13:10:14.596 [main] DEBUG org.hibernate.event.internal.AbstractFlushingEventListener - Flushed: 0 (re)creations, 0 updates, 0 removals to 3 collections
13:10:14.596 [main] DEBUG org.hibernate.internal.util.EntityPrinter - Listing entities:
13:10:14.596 [main] DEBUG org.hibernate.internal.util.EntityPrinter - org.frcpm.models.Project{hardDeadline=2025-05-23, name=Test Base DeleteById Project, description=null, meetings=[], id=3, goalEndDate=2025-05-09, milestones=[], startDate=2025-04-11, tasks=[]}
13:10:14.597 [main] DEBUG org.hibernate.resource.jdbc.internal.LogicalConnectionManagedImpl - Initiating JDBC connection release from afterTransaction
13:10:14.597 [main] DEBUG org.hibernate.resource.jdbc.internal.LogicalConnectionManagedImpl - Initiating JDBC connection release from afterTransaction
13:10:14.597 [main] DEBUG org.hibernate.engine.transaction.internal.TransactionImpl - On TransactionImpl creation, JpaCompliance#isJpaTransactionComplianceEnabled == false
13:10:14.597 [main] DEBUG org.hibernate.engine.transaction.internal.TransactionImpl - begin
13:10:14.597 [main] DEBUG org.hibernate.orm.sql.exec - Skipping reading Query result cache data: cache-enabled = false, cache-mode = IGNORE
13:10:14.598 [main] DEBUG org.hibernate.orm.results - Initializer list:
	  org.frcpm.models.Project.meetings -> DelayedCollectionInitializer(org.frcpm.models.Project.meetings)@478088662 (PluralAttribute(org.frcpm.models.Project.meetings))
	  org.frcpm.models.Project.tasks -> DelayedCollectionInitializer(org.frcpm.models.Project.tasks)@1088361233 (PluralAttribute(org.frcpm.models.Project.tasks))
	  org.frcpm.models.Project -> EntityResultInitializer(org.frcpm.models.Project)@925141804 (SingleTableEntityPersister(org.frcpm.models.Project))
	  org.frcpm.models.Project.milestones -> DelayedCollectionInitializer(org.frcpm.models.Project.milestones)@251669026 (PluralAttribute(org.frcpm.models.Project.milestones))

13:10:14.598 [main] DEBUG org.hibernate.SQL - 
    select
        p1_0.id,
        p1_0.description,
        p1_0.goal_end_date,
        p1_0.hard_deadline,
        p1_0.name,
        p1_0.start_date 
    from
        projects p1_0 
    where
        p1_0.id=?
Hibernate: 
    select
        p1_0.id,
        p1_0.description,
        p1_0.goal_end_date,
        p1_0.hard_deadline,
        p1_0.name,
        p1_0.start_date 
    from
        projects p1_0 
    where
        p1_0.id=?
13:10:14.598 [main] DEBUG org.hibernate.orm.results.loading.entity - (EntityResultInitializer) Hydrated EntityKey (org.frcpm.models.Project): 3
13:10:14.598 [main] DEBUG org.hibernate.orm.results.loading.org.hibernate.orm.results.loading.collection - (DelayedCollectionInitializer) Current row collection key : org.frcpm.models.Project.meetings#3
13:10:14.598 [main] DEBUG org.hibernate.orm.results.loading.org.hibernate.orm.results.loading.collection - (DelayedCollectionInitializer) Current row collection key : org.frcpm.models.Project.milestones#3
13:10:14.598 [main] DEBUG org.hibernate.orm.results.loading.org.hibernate.orm.results.loading.collection - (DelayedCollectionInitializer) Current row collection key : org.frcpm.models.Project.tasks#3
13:10:14.598 [main] DEBUG org.hibernate.orm.results.loading.entity - (EntityResultInitializer) Created new entity instance [org.frcpm.models.Project#3] : 1080351467
13:10:14.599 [main] DEBUG org.hibernate.orm.results - Extracted JDBC value [1] - [null]
13:10:14.599 [main] DEBUG org.hibernate.orm.results - Extracted JDBC value [2] - [2025-05-09]
13:10:14.599 [main] DEBUG org.hibernate.orm.results - Extracted JDBC value [3] - [2025-05-23]
13:10:14.599 [main] DEBUG org.hibernate.orm.results - Extracted JDBC value [4] - [Test Base DeleteById Project]
13:10:14.599 [main] DEBUG org.hibernate.orm.results - Extracted JDBC value [5] - [2025-04-11]
13:10:14.599 [main] DEBUG org.hibernate.orm.results.loading.entity - (EntityResultInitializer) Done materializing entityInstance : org.frcpm.models.Project#3
13:10:14.599 [main] DEBUG org.hibernate.orm.results.loading - Calling top-level assembler (0 / 1) : org.hibernate.sql.results.graph.entity.internal.EntityAssembler@6ed810f3
13:10:14.599 [main] DEBUG org.hibernate.orm.sql.exec - Skipping reading Query result cache data: cache-enabled = false, cache-mode = IGNORE
13:10:14.599 [main] DEBUG org.hibernate.orm.results - Initializer list:
	  org.frcpm.models.Project.meetings -> BagInitializer(org.frcpm.models.Project.meetings)@2109716614 (PluralAttribute(org.frcpm.models.Project.meetings))
	  org.frcpm.models.Project.meetings.{element}.project -> EntityDelayedFetchInitializer(org.frcpm.models.Project.meetings.{element}.project)@1427762856 (ToOneAttributeMapping(NavigableRole[org.frcpm.models.Meeting.project])@888247784)
	  org.frcpm.models.Project.meetings.{element} -> EntityJoinedFetchInitializer(org.frcpm.models.Project.meetings.{element})@436225037 (EntityCollectionPart(org.frcpm.models.Project.meetings#{element})@444310595)
	  org.frcpm.models.Project.meetings.{element}.attendances -> DelayedCollectionInitializer(org.frcpm.models.Project.meetings.{element}.attendances)@881930 (PluralAttribute(org.frcpm.models.Meeting.attendances))

13:10:14.599 [main] DEBUG org.hibernate.SQL - 
    select
        m1_0.project_id,
        m1_0.id,
        m1_0.date,
        m1_0.end_time,
        m1_0.notes,
        m1_0.start_time 
    from
        meetings m1_0 
    where
        m1_0.project_id=?
Hibernate: 
    select
        m1_0.project_id,
        m1_0.id,
        m1_0.date,
        m1_0.end_time,
        m1_0.notes,
        m1_0.start_time 
    from
        meetings m1_0 
    where
        m1_0.project_id=?
13:10:14.599 [main] DEBUG org.hibernate.sql.results.internal.ResultsHelper - Collection fully initialized: [org.frcpm.models.Project.meetings#3]
13:10:14.600 [main] DEBUG org.hibernate.orm.sql.exec - Skipping reading Query result cache data: cache-enabled = false, cache-mode = IGNORE
13:10:14.600 [main] DEBUG org.hibernate.orm.results - Initializer list:
	  org.frcpm.models.Project.milestones.{element}.project -> EntityDelayedFetchInitializer(org.frcpm.models.Project.milestones.{element}.project)@1733104895 (ToOneAttributeMapping(NavigableRole[org.frcpm.models.Milestone.project])@201558073)
	  org.frcpm.models.Project.milestones.{element} -> EntityJoinedFetchInitializer(org.frcpm.models.Project.milestones.{element})@1811828177 (EntityCollectionPart(org.frcpm.models.Project.milestones#{element})@1421512209)
	  org.frcpm.models.Project.milestones -> BagInitializer(org.frcpm.models.Project.milestones)@1541374613 (PluralAttribute(org.frcpm.models.Project.milestones))

13:10:14.600 [main] DEBUG org.hibernate.SQL - 
    select
        m1_0.project_id,
        m1_0.id,
        m1_0.date,
        m1_0.description,
        m1_0.name 
    from
        milestones m1_0 
    where
        m1_0.project_id=?
Hibernate: 
    select
        m1_0.project_id,
        m1_0.id,
        m1_0.date,
        m1_0.description,
        m1_0.name 
    from
        milestones m1_0 
    where
        m1_0.project_id=?
13:10:14.600 [main] DEBUG org.hibernate.sql.results.internal.ResultsHelper - Collection fully initialized: [org.frcpm.models.Project.milestones#3]
13:10:14.600 [main] DEBUG org.hibernate.orm.sql.exec - Skipping reading Query result cache data: cache-enabled = false, cache-mode = IGNORE
13:10:14.600 [main] DEBUG org.hibernate.orm.results - Initializer list:
	  org.frcpm.models.Project.tasks.{element}.assignedTo -> DelayedCollectionInitializer(org.frcpm.models.Project.tasks.{element}.assignedTo)@1389236661 (PluralAttribute(org.frcpm.models.Task.assignedTo))
	  org.frcpm.models.Project.tasks.{element}.postDependencies -> DelayedCollectionInitializer(org.frcpm.models.Project.tasks.{element}.postDependencies)@1965222483 (PluralAttribute(org.frcpm.models.Task.postDependencies))
	  org.frcpm.models.Project.tasks.{element} -> EntityJoinedFetchInitializer(org.frcpm.models.Project.tasks.{element})@1389659715 (EntityCollectionPart(org.frcpm.models.Project.tasks#{element})@647753900)
	  org.frcpm.models.Project.tasks.{element}.requiredComponents -> DelayedCollectionInitializer(org.frcpm.models.Project.tasks.{element}.requiredComponents)@75107955 (PluralAttribute(org.frcpm.models.Task.requiredComponents))
	  org.frcpm.models.Project.tasks.{element}.project -> EntityDelayedFetchInitializer(org.frcpm.models.Project.tasks.{element}.project)@1726487773 (ToOneAttributeMapping(NavigableRole[org.frcpm.models.Task.project])@284715229)
	  org.frcpm.models.Project.tasks.{element}.subsystem -> EntityDelayedFetchInitializer(org.frcpm.models.Project.tasks.{element}.subsystem)@1763702014 (ToOneAttributeMapping(NavigableRole[org.frcpm.models.Task.subsystem])@1027761720)
	  org.frcpm.models.Project.tasks.{element}.preDependencies -> DelayedCollectionInitializer(org.frcpm.models.Project.tasks.{element}.preDependencies)@459971513 (PluralAttribute(org.frcpm.models.Task.preDependencies))
	  org.frcpm.models.Project.tasks -> BagInitializer(org.frcpm.models.Project.tasks)@1216849545 (PluralAttribute(org.frcpm.models.Project.tasks))

13:10:14.600 [main] DEBUG org.hibernate.SQL - 
    select
        t1_0.project_id,
        t1_0.id,
        t1_0.actual_duration_seconds,
        t1_0.completed,
        t1_0.description,
        t1_0.end_date,
        t1_0.estimated_duration_seconds,
        t1_0.priority,
        t1_0.progress,
        t1_0.start_date,
        t1_0.subsystem_id,
        t1_0.title 
    from
        tasks t1_0 
    where
        t1_0.project_id=?
Hibernate: 
    select
        t1_0.project_id,
        t1_0.id,
        t1_0.actual_duration_seconds,
        t1_0.completed,
        t1_0.description,
        t1_0.end_date,
        t1_0.estimated_duration_seconds,
        t1_0.priority,
        t1_0.progress,
        t1_0.start_date,
        t1_0.subsystem_id,
        t1_0.title 
    from
        tasks t1_0 
    where
        t1_0.project_id=?
13:10:14.603 [main] DEBUG org.hibernate.sql.results.internal.ResultsHelper - Collection fully initialized: [org.frcpm.models.Project.tasks#3]
13:10:14.604 [main] DEBUG org.hibernate.engine.transaction.internal.TransactionImpl - committing
13:10:14.604 [main] DEBUG org.hibernate.event.internal.AbstractFlushingEventListener - Processing flush-time cascades
13:10:14.604 [main] DEBUG org.hibernate.event.internal.AbstractFlushingEventListener - Dirty checking collections
13:10:14.604 [main] DEBUG org.hibernate.engine.internal.Collections - Collection dereferenced: [org.frcpm.models.Project.meetings#3]
13:10:14.604 [main] DEBUG org.hibernate.engine.internal.Collections - Collection dereferenced: [org.frcpm.models.Project.milestones#3]
13:10:14.604 [main] DEBUG org.hibernate.engine.internal.Collections - Collection dereferenced: [org.frcpm.models.Project.tasks#3]
13:10:14.604 [main] DEBUG org.hibernate.event.internal.AbstractFlushingEventListener - Flushed: 0 insertions, 0 updates, 1 deletions to 1 objects
13:10:14.605 [main] DEBUG org.hibernate.event.internal.AbstractFlushingEventListener - Flushed: 0 (re)creations, 0 updates, 3 removals to 3 collections
13:10:14.605 [main] DEBUG org.hibernate.internal.util.EntityPrinter - Listing entities:
13:10:14.605 [main] DEBUG org.hibernate.internal.util.EntityPrinter - org.frcpm.models.Project{hardDeadline=2025-05-23, name=Test Base DeleteById Project, description=null, meetings=[], id=3, goalEndDate=2025-05-09, milestones=[], startDate=2025-04-11, tasks=[]}
13:10:14.606 [main] DEBUG org.hibernate.SQL - 
    /* delete for org.frcpm.models.Project */delete 
    from
        projects 
    where
        id=?
Hibernate: 
    /* delete for org.frcpm.models.Project */delete 
    from
        projects 
    where
        id=?
13:10:14.606 [main] DEBUG org.hibernate.orm.jdbc.batch - PreparedStatementDetails did not contain PreparedStatement on #releaseStatements : /* delete for org.frcpm.models.Project */delete from projects where id=?
13:10:14.607 [main] DEBUG org.hibernate.orm.jdbc.batch - PreparedStatementDetails did not contain PreparedStatement on #releaseStatements : /* delete for org.frcpm.models.Project */delete from projects where id=?
13:10:14.607 [main] DEBUG org.hibernate.resource.jdbc.internal.LogicalConnectionManagedImpl - Initiating JDBC connection release from afterTransaction
13:10:14.607 [main] DEBUG org.hibernate.orm.jdbc.batch - PreparedStatementDetails did not contain PreparedStatement on #releaseStatements : /* delete for org.frcpm.models.Project */delete from projects where id=?
13:10:14.607 [main] DEBUG org.hibernate.orm.jdbc.batch - PreparedStatementDetails did not contain PreparedStatement on #releaseStatements : /* delete for org.frcpm.models.Project */delete from projects where id=?
13:10:14.607 [main] DEBUG org.hibernate.resource.jdbc.internal.LogicalConnectionManagedImpl - Initiating JDBC connection release from afterTransaction
13:10:14.607 [main] DEBUG org.hibernate.engine.jdbc.internal.JdbcCoordinatorImpl - HHH000420: Closing un-released batch
13:10:14.607 [main] DEBUG org.hibernate.orm.jdbc.batch - PreparedStatementDetails did not contain PreparedStatement on #releaseStatements : /* delete for org.frcpm.models.Project */delete from projects where id=?
13:10:14.607 [main] DEBUG org.hibernate.orm.jdbc.batch - PreparedStatementDetails did not contain PreparedStatement on #releaseStatements : /* delete for org.frcpm.models.Project */delete from projects where id=?
13:10:14.607 [main] DEBUG org.hibernate.orm.sql.exec - Skipping reading Query result cache data: cache-enabled = false, cache-mode = IGNORE
13:10:14.607 [main] DEBUG org.hibernate.orm.results - Initializer list:
	  org.frcpm.models.Project.meetings -> DelayedCollectionInitializer(org.frcpm.models.Project.meetings)@1254780250 (PluralAttribute(org.frcpm.models.Project.meetings))
	  org.frcpm.models.Project.tasks -> DelayedCollectionInitializer(org.frcpm.models.Project.tasks)@1550732651 (PluralAttribute(org.frcpm.models.Project.tasks))
	  org.frcpm.models.Project -> EntityResultInitializer(org.frcpm.models.Project)@170247763 (SingleTableEntityPersister(org.frcpm.models.Project))
	  org.frcpm.models.Project.milestones -> DelayedCollectionInitializer(org.frcpm.models.Project.milestones)@1422471692 (PluralAttribute(org.frcpm.models.Project.milestones))

13:10:14.608 [main] DEBUG org.hibernate.SQL - 
    select
        p1_0.id,
        p1_0.description,
        p1_0.goal_end_date,
        p1_0.hard_deadline,
        p1_0.name,
        p1_0.start_date 
    from
        projects p1_0 
    where
        p1_0.id=?
Hibernate: 
    select
        p1_0.id,
        p1_0.description,
        p1_0.goal_end_date,
        p1_0.hard_deadline,
        p1_0.name,
        p1_0.start_date 
    from
        projects p1_0 
    where
        p1_0.id=?
13:10:14.608 [main] DEBUG org.hibernate.resource.jdbc.internal.LogicalConnectionManagedImpl - Initiating JDBC connection release from afterTransaction
13:10:14.609 [main] DEBUG org.hibernate.orm.sql.ast.create - Created new SQL alias : p1_0
13:10:14.609 [main] DEBUG org.hibernate.orm.sql.ast.create - Registration of TableGroup [StandardTableGroup(org.frcpm.models.Project(22703826709800))] with identifierForTableGroup [org.frcpm.models.Project] for NavigablePath [org.frcpm.models.Project] 
13:10:14.610 [main] DEBUG org.hibernate.orm.results.graph.AST - DomainResult Graph:
 \-EntityResultImpl [org.frcpm.models.Project(22703826709800)]
 |  +-BasicFetch [org.frcpm.models.Project(22703826709800).description]
 |  +-BasicFetch [org.frcpm.models.Project(22703826709800).goalEndDate]
 |  +-BasicFetch [org.frcpm.models.Project(22703826709800).hardDeadline]
 |  +-DelayedCollectionFetch [org.frcpm.models.Project(22703826709800).meetings]
 |  +-DelayedCollectionFetch [org.frcpm.models.Project(22703826709800).milestones]
 |  +-BasicFetch [org.frcpm.models.Project(22703826709800).name]
 |  +-BasicFetch [org.frcpm.models.Project(22703826709800).startDate]
 |  \-DelayedCollectionFetch [org.frcpm.models.Project(22703826709800).tasks]

13:10:14.610 [main] DEBUG org.hibernate.orm.sql.ast.tree - SQL AST Tree:
    SelectStatement {
      FromClause {
        StandardTableGroup (p1 : org.frcpm.models.Project(22703826709800)) {
          primaryTableReference : projects as p1_0
        }
      }
    }

13:10:14.610 [main] DEBUG org.hibernate.orm.sql.exec - Skipping reading Query result cache data: cache-enabled = false, cache-mode = NORMAL
13:10:14.610 [main] DEBUG org.hibernate.orm.results - Initializer list:
	  org.frcpm.models.Project(22703826709800).meetings -> DelayedCollectionInitializer(org.frcpm.models.Project(22703826709800).meetings)@188980816 (PluralAttribute(org.frcpm.models.Project.meetings))
	  org.frcpm.models.Project(22703826709800).milestones -> DelayedCollectionInitializer(org.frcpm.models.Project(22703826709800).milestones)@1219821259 (PluralAttribute(org.frcpm.models.Project.milestones))
	  org.frcpm.models.Project(22703826709800) -> EntityResultInitializer(org.frcpm.models.Project(22703826709800))@63707536 (SingleTableEntityPersister(org.frcpm.models.Project))
	  org.frcpm.models.Project(22703826709800).tasks -> DelayedCollectionInitializer(org.frcpm.models.Project(22703826709800).tasks)@1963479012 (PluralAttribute(org.frcpm.models.Project.tasks))

13:10:14.611 [main] DEBUG org.hibernate.SQL - 
    /* <criteria> */ select
        p1_0.id,
        p1_0.description,
        p1_0.goal_end_date,
        p1_0.hard_deadline,
        p1_0.name,
        p1_0.start_date 
    from
        projects p1_0
Hibernate: 
    /* <criteria> */ select
        p1_0.id,
        p1_0.description,
        p1_0.goal_end_date,
        p1_0.hard_deadline,
        p1_0.name,
        p1_0.start_date 
    from
        projects p1_0
13:10:14.611 [main] DEBUG org.hibernate.orm.results - Extracted JDBC value [0] - [1]
13:10:14.611 [main] DEBUG org.hibernate.orm.results.loading.entity - (EntityResultInitializer) Hydrated EntityKey (org.frcpm.models.Project(22703826709800)): 1
13:10:14.611 [main] DEBUG org.hibernate.orm.results.loading.org.hibernate.orm.results.loading.collection - (DelayedCollectionInitializer) Current row collection key : org.frcpm.models.Project(22703826709800).meetings#1
13:10:14.611 [main] DEBUG org.hibernate.orm.results.loading.org.hibernate.orm.results.loading.collection - (DelayedCollectionInitializer) Current row collection key : org.frcpm.models.Project(22703826709800).milestones#1
13:10:14.611 [main] DEBUG org.hibernate.orm.results.loading.org.hibernate.orm.results.loading.collection - (DelayedCollectionInitializer) Current row collection key : org.frcpm.models.Project(22703826709800).tasks#1
13:10:14.612 [main] DEBUG org.hibernate.orm.results.loading.entity - (EntityResultInitializer) Created new entity instance [org.frcpm.models.Project(22703826709800)#1] : 1851825802
13:10:14.612 [main] DEBUG org.hibernate.orm.results - Extracted JDBC value [1] - [null]
13:10:14.612 [main] DEBUG org.hibernate.orm.results - Extracted JDBC value [2] - [2025-05-23]
13:10:14.612 [main] DEBUG org.hibernate.orm.results - Extracted JDBC value [3] - [2025-06-06]
13:10:14.612 [main] DEBUG org.hibernate.orm.results - Extracted JDBC value [4] - [Test Base Project 1]
13:10:14.612 [main] DEBUG org.hibernate.orm.results - Extracted JDBC value [5] - [2025-04-11]
13:10:14.612 [main] DEBUG org.hibernate.orm.results.loading.entity - (EntityResultInitializer) Done materializing entityInstance : org.frcpm.models.Project(22703826709800)#1
13:10:14.612 [main] DEBUG org.hibernate.orm.results.loading - Calling top-level assembler (0 / 1) : org.hibernate.sql.results.graph.entity.internal.EntityAssembler@33b29c99
13:10:14.612 [main] DEBUG org.hibernate.orm.results - Extracted JDBC value [0] - [2]
13:10:14.612 [main] DEBUG org.hibernate.orm.results.loading.entity - (EntityResultInitializer) Hydrated EntityKey (org.frcpm.models.Project(22703826709800)): 2
13:10:14.612 [main] DEBUG org.hibernate.orm.results.loading.org.hibernate.orm.results.loading.collection - (DelayedCollectionInitializer) Current row collection key : org.frcpm.models.Project(22703826709800).meetings#2
13:10:14.612 [main] DEBUG org.hibernate.orm.results.loading.org.hibernate.orm.results.loading.collection - (DelayedCollectionInitializer) Current row collection key : org.frcpm.models.Project(22703826709800).milestones#2
13:10:14.612 [main] DEBUG org.hibernate.orm.results.loading.org.hibernate.orm.results.loading.collection - (DelayedCollectionInitializer) Current row collection key : org.frcpm.models.Project(22703826709800).tasks#2
13:10:14.612 [main] DEBUG org.hibernate.orm.results.loading.entity - (EntityResultInitializer) Created new entity instance [org.frcpm.models.Project(22703826709800)#2] : 1855035345
13:10:14.612 [main] DEBUG org.hibernate.orm.results - Extracted JDBC value [1] - [null]
13:10:14.612 [main] DEBUG org.hibernate.orm.results - Extracted JDBC value [2] - [2025-06-06]
13:10:14.612 [main] DEBUG org.hibernate.orm.results - Extracted JDBC value [3] - [2025-06-20]
13:10:14.612 [main] DEBUG org.hibernate.orm.results - Extracted JDBC value [4] - [Test Base Project 2]
13:10:14.612 [main] DEBUG org.hibernate.orm.results - Extracted JDBC value [5] - [2025-04-18]
13:10:14.612 [main] DEBUG org.hibernate.orm.results.loading.entity - (EntityResultInitializer) Done materializing entityInstance : org.frcpm.models.Project(22703826709800)#2
13:10:14.613 [main] DEBUG org.hibernate.orm.results.loading - Calling top-level assembler (0 / 1) : org.hibernate.sql.results.graph.entity.internal.EntityAssembler@33b29c99
13:10:14.613 [main] DEBUG org.hibernate.resource.jdbc.internal.LogicalConnectionManagedImpl - Initiating JDBC connection release from afterTransaction
13:10:14.613 [main] DEBUG org.hibernate.resource.jdbc.internal.LogicalConnectionManagedImpl - Initiating JDBC connection release from afterTransaction
13:10:14.613 [main] DEBUG org.hibernate.engine.transaction.internal.TransactionImpl - On TransactionImpl creation, JpaCompliance#isJpaTransactionComplianceEnabled == false
13:10:14.613 [main] DEBUG org.hibernate.engine.transaction.internal.TransactionImpl - begin
13:10:14.613 [main] DEBUG org.hibernate.orm.sql.ast.create - Created new SQL alias : p1_0
13:10:14.613 [main] DEBUG org.hibernate.orm.sql.ast.create - Registration of TableGroup [StandardTableGroup(org.frcpm.models.Project)] with identifierForTableGroup [org.frcpm.models.Project] for NavigablePath [org.frcpm.models.Project] 
13:10:14.613 [main] DEBUG org.hibernate.orm.sql.ast.create - Created new SQL alias : m1_0
13:10:14.613 [main] DEBUG org.hibernate.orm.sql.ast.create - Registration of TableGroup [org.hibernate.sql.ast.tree.from.OneToManyTableGroup@30f0c5e] with identifierForTableGroup [org.frcpm.models.Project.meetings] for NavigablePath [org.frcpm.models.Project.meetings] 
13:10:14.614 [main] DEBUG org.hibernate.orm.sql.ast.create - Registration of TableGroup [StandardTableGroup(org.frcpm.models.Project.meetings.{element})] with identifierForTableGroup [org.frcpm.models.Project.meetings.{element}] for NavigablePath [org.frcpm.models.Project.meetings.{element}] 
13:10:14.614 [main] DEBUG org.hibernate.orm.sql.ast.create - Registration of TableGroup [org.hibernate.sql.ast.tree.from.LazyTableGroup@5fa7cb3] with identifierForTableGroup [org.frcpm.models.Project.meetings.{element}.project] for NavigablePath [org.frcpm.models.Project.meetings.{element}.project] 
13:10:14.614 [main] DEBUG org.hibernate.orm.results.graph.AST - DomainResult Graph:
 \-EntityResultImpl [org.frcpm.models.Project]
 |  +-BasicFetch [org.frcpm.models.Project.description]
 |  +-BasicFetch [org.frcpm.models.Project.goalEndDate]
 |  +-BasicFetch [org.frcpm.models.Project.hardDeadline]
 |  +-EagerCollectionFetch [org.frcpm.models.Project.meetings]
 |  |  \-EntityFetchJoinedImpl [org.frcpm.models.Project.meetings.{element}]
 |  +-SelectEagerCollectionFetch [org.frcpm.models.Project.milestones]
 |  +-BasicFetch [org.frcpm.models.Project.name]
 |  +-BasicFetch [org.frcpm.models.Project.startDate]
 |  \-SelectEagerCollectionFetch [org.frcpm.models.Project.tasks]

13:10:14.614 [main] DEBUG org.hibernate.orm.sql.ast.tree - SQL AST Tree:
    SelectStatement {
      FromClause {
        StandardTableGroup (p1 : org.frcpm.models.Project) {
          primaryTableReference : projects as p1_0
          TableGroupJoins {
            left  join OneToManyTableGroup (m1 : org.frcpm.models.Project.meetings) {
              primaryTableReference : meetings as m1_0
              TableGroupJoins {
                left  join LazyTableGroup (p2 : org.frcpm.models.Project.meetings.{element}.project) {
                }
              }
            }
          }
        }
      }
    }

13:10:14.614 [main] DEBUG org.hibernate.orm.sql.exec - Skipping reading Query result cache data: cache-enabled = false, cache-mode = IGNORE
13:10:14.614 [main] DEBUG org.hibernate.orm.results - Initializer list:
	  org.frcpm.models.Project.meetings -> BagInitializer(org.frcpm.models.Project.meetings)@712250525 (PluralAttribute(org.frcpm.models.Project.meetings))
	  org.frcpm.models.Project.tasks -> SelectEagerCollectionInitializer(org.frcpm.models.Project.tasks)@1373798513 (PluralAttribute(org.frcpm.models.Project.tasks))
	  org.frcpm.models.Project.meetings.{element} -> EntityJoinedFetchInitializer(org.frcpm.models.Project.meetings.{element})@120283418 (EntityCollectionPart(org.frcpm.models.Project.meetings#{element})@444310595)
	  org.frcpm.models.Project.meetings.{element}.attendances -> SelectEagerCollectionInitializer(org.frcpm.models.Project.meetings.{element}.attendances)@1080796706 (PluralAttribute(org.frcpm.models.Meeting.attendances))
	  org.frcpm.models.Project -> EntityResultInitializer(org.frcpm.models.Project)@1244762702 (SingleTableEntityPersister(org.frcpm.models.Project))
	  org.frcpm.models.Project.milestones -> SelectEagerCollectionInitializer(org.frcpm.models.Project.milestones)@253063793 (PluralAttribute(org.frcpm.models.Project.milestones))

13:10:14.615 [main] DEBUG org.hibernate.SQL - 
    select
        p1_0.id,
        p1_0.description,
        p1_0.goal_end_date,
        p1_0.hard_deadline,
        p1_0.name,
        p1_0.start_date,
        m1_0.project_id,
        m1_0.id,
        m1_0.date,
        m1_0.end_time,
        m1_0.notes,
        m1_0.start_time 
    from
        projects p1_0 
    left join
        meetings m1_0 
            on p1_0.id=m1_0.project_id 
    where
        p1_0.id=?
Hibernate: 
    select
        p1_0.id,
        p1_0.description,
        p1_0.goal_end_date,
        p1_0.hard_deadline,
        p1_0.name,
        p1_0.start_date,
        m1_0.project_id,
        m1_0.id,
        m1_0.date,
        m1_0.end_time,
        m1_0.notes,
        m1_0.start_time 
    from
        projects p1_0 
    left join
        meetings m1_0 
            on p1_0.id=m1_0.project_id 
    where
        p1_0.id=?
13:10:14.616 [main] DEBUG org.hibernate.orm.results.loading.entity - (EntityResultInitializer) Hydrated EntityKey (org.frcpm.models.Project): 1
13:10:14.616 [main] DEBUG org.hibernate.orm.results.loading.org.hibernate.orm.results.loading.collection - (BagInitializer) Current row collection key : org.frcpm.models.Project.meetings#1
13:10:14.616 [main] DEBUG org.hibernate.orm.results - Extracted JDBC value [6] - [null]
13:10:14.616 [main] DEBUG org.hibernate.orm.results - Extracted JDBC value [7] - [null]
13:10:14.616 [main] DEBUG org.hibernate.orm.results.loading.entity - (EntityJoinedFetchInitializer) EntityKey (org.frcpm.models.Project.meetings.{element}) is null
13:10:14.616 [main] DEBUG org.hibernate.orm.results.loading.org.hibernate.orm.results.loading.collection - (SelectEagerCollectionInitializer) Current row collection key : org.frcpm.models.Project.milestones#1
13:10:14.616 [main] DEBUG org.hibernate.orm.results.loading.org.hibernate.orm.results.loading.collection - (SelectEagerCollectionInitializer) Current row collection key : org.frcpm.models.Project.tasks#1
13:10:14.616 [main] DEBUG org.hibernate.orm.results.loading.entity - (EntityResultInitializer) Created new entity instance [org.frcpm.models.Project#1] : 147345336
13:10:14.616 [main] DEBUG org.hibernate.orm.results.loading.org.hibernate.orm.results.loading.collection - (BagInitializer) Created new collection wrapper [org.frcpm.models.Project.meetings#1] : org.hibernate.collection.spi.PersistentBag@745153066
13:10:14.616 [main] DEBUG org.hibernate.orm.results.loading.org.hibernate.orm.results.loading.collection - (BagInitializer) Responsible for loading collection [org.frcpm.models.Project.meetings#1] : org.hibernate.collection.spi.PersistentBag@745153066
13:10:14.616 [main] DEBUG org.hibernate.orm.results - Extracted JDBC value [1] - [null]
13:10:14.616 [main] DEBUG org.hibernate.orm.results - Extracted JDBC value [2] - [2025-05-23]
13:10:14.616 [main] DEBUG org.hibernate.orm.results - Extracted JDBC value [3] - [2025-06-06]
13:10:14.616 [main] DEBUG org.hibernate.orm.results - Extracted JDBC value [4] - [Test Base Project 1]
13:10:14.616 [main] DEBUG org.hibernate.orm.results - Extracted JDBC value [5] - [2025-04-11]
13:10:14.617 [main] DEBUG org.hibernate.orm.results.loading.entity - (EntityResultInitializer) Done materializing entityInstance : org.frcpm.models.Project#1
13:10:14.617 [main] DEBUG org.hibernate.orm.results.loading - Calling top-level assembler (0 / 1) : org.hibernate.sql.results.graph.entity.internal.EntityAssembler@44c74781
13:10:14.617 [main] DEBUG org.hibernate.sql.results.internal.ResultsHelper - Collection fully initialized: [org.frcpm.models.Project.meetings#1]
13:10:14.617 [main] DEBUG org.hibernate.orm.sql.exec - Skipping reading Query result cache data: cache-enabled = false, cache-mode = IGNORE
13:10:14.618 [main] DEBUG org.hibernate.orm.results - Initializer list:
	  org.frcpm.models.Project.tasks.{element}.assignedTo -> DelayedCollectionInitializer(org.frcpm.models.Project.tasks.{element}.assignedTo)@960583233 (PluralAttribute(org.frcpm.models.Task.assignedTo))
	  org.frcpm.models.Project.tasks.{element}.postDependencies -> DelayedCollectionInitializer(org.frcpm.models.Project.tasks.{element}.postDependencies)@2116478034 (PluralAttribute(org.frcpm.models.Task.postDependencies))
	  org.frcpm.models.Project.tasks.{element} -> EntityJoinedFetchInitializer(org.frcpm.models.Project.tasks.{element})@867222659 (EntityCollectionPart(org.frcpm.models.Project.tasks#{element})@647753900)
	  org.frcpm.models.Project.tasks.{element}.requiredComponents -> DelayedCollectionInitializer(org.frcpm.models.Project.tasks.{element}.requiredComponents)@1303733819 (PluralAttribute(org.frcpm.models.Task.requiredComponents))
	  org.frcpm.models.Project.tasks.{element}.project -> EntityDelayedFetchInitializer(org.frcpm.models.Project.tasks.{element}.project)@2121646738 (ToOneAttributeMapping(NavigableRole[org.frcpm.models.Task.project])@284715229)
	  org.frcpm.models.Project.tasks.{element}.subsystem -> EntityDelayedFetchInitializer(org.frcpm.models.Project.tasks.{element}.subsystem)@926465402 (ToOneAttributeMapping(NavigableRole[org.frcpm.models.Task.subsystem])@1027761720)
	  org.frcpm.models.Project.tasks.{element}.preDependencies -> DelayedCollectionInitializer(org.frcpm.models.Project.tasks.{element}.preDependencies)@43643842 (PluralAttribute(org.frcpm.models.Task.preDependencies))
	  org.frcpm.models.Project.tasks -> BagInitializer(org.frcpm.models.Project.tasks)@1694222612 (PluralAttribute(org.frcpm.models.Project.tasks))

13:10:14.618 [main] DEBUG org.hibernate.SQL - 
    select
        t1_0.project_id,
        t1_0.id,
        t1_0.actual_duration_seconds,
        t1_0.completed,
        t1_0.description,
        t1_0.end_date,
        t1_0.estimated_duration_seconds,
        t1_0.priority,
        t1_0.progress,
        t1_0.start_date,
        t1_0.subsystem_id,
        t1_0.title 
    from
        tasks t1_0 
    where
        t1_0.project_id=?
Hibernate: 
    select
        t1_0.project_id,
        t1_0.id,
        t1_0.actual_duration_seconds,
        t1_0.completed,
        t1_0.description,
        t1_0.end_date,
        t1_0.estimated_duration_seconds,
        t1_0.priority,
        t1_0.progress,
        t1_0.start_date,
        t1_0.subsystem_id,
        t1_0.title 
    from
        tasks t1_0 
    where
        t1_0.project_id=?
13:10:14.620 [main] DEBUG org.hibernate.sql.results.internal.ResultsHelper - Collection fully initialized: [org.frcpm.models.Project.tasks#1]
13:10:14.620 [main] DEBUG org.hibernate.orm.sql.exec - Skipping reading Query result cache data: cache-enabled = false, cache-mode = IGNORE
13:10:14.620 [main] DEBUG org.hibernate.orm.results - Initializer list:
	  org.frcpm.models.Project.milestones.{element}.project -> EntityDelayedFetchInitializer(org.frcpm.models.Project.milestones.{element}.project)@195142201 (ToOneAttributeMapping(NavigableRole[org.frcpm.models.Milestone.project])@201558073)
	  org.frcpm.models.Project.milestones.{element} -> EntityJoinedFetchInitializer(org.frcpm.models.Project.milestones.{element})@824736048 (EntityCollectionPart(org.frcpm.models.Project.milestones#{element})@1421512209)
	  org.frcpm.models.Project.milestones -> BagInitializer(org.frcpm.models.Project.milestones)@1379121632 (PluralAttribute(org.frcpm.models.Project.milestones))

13:10:14.621 [main] DEBUG org.hibernate.SQL - 
    select
        m1_0.project_id,
        m1_0.id,
        m1_0.date,
        m1_0.description,
        m1_0.name 
    from
        milestones m1_0 
    where
        m1_0.project_id=?
Hibernate: 
    select
        m1_0.project_id,
        m1_0.id,
        m1_0.date,
        m1_0.description,
        m1_0.name 
    from
        milestones m1_0 
    where
        m1_0.project_id=?
13:10:14.621 [main] DEBUG org.hibernate.sql.results.internal.ResultsHelper - Collection fully initialized: [org.frcpm.models.Project.milestones#1]
13:10:14.622 [main] DEBUG org.hibernate.engine.transaction.internal.TransactionImpl - committing
13:10:14.622 [main] DEBUG org.hibernate.event.internal.AbstractFlushingEventListener - Processing flush-time cascades
13:10:14.622 [main] DEBUG org.hibernate.event.internal.AbstractFlushingEventListener - Dirty checking collections
13:10:14.622 [main] DEBUG org.hibernate.engine.internal.Collections - Collection dereferenced: [org.frcpm.models.Project.meetings#1]
13:10:14.622 [main] DEBUG org.hibernate.engine.internal.Collections - Collection dereferenced: [org.frcpm.models.Project.milestones#1]
13:10:14.622 [main] DEBUG org.hibernate.engine.internal.Collections - Collection dereferenced: [org.frcpm.models.Project.tasks#1]
13:10:14.622 [main] DEBUG org.hibernate.event.internal.AbstractFlushingEventListener - Flushed: 0 insertions, 0 updates, 1 deletions to 1 objects
13:10:14.622 [main] DEBUG org.hibernate.event.internal.AbstractFlushingEventListener - Flushed: 0 (re)creations, 0 updates, 3 removals to 3 collections
13:10:14.622 [main] DEBUG org.hibernate.internal.util.EntityPrinter - Listing entities:
13:10:14.622 [main] DEBUG org.hibernate.internal.util.EntityPrinter - org.frcpm.models.Project{hardDeadline=2025-06-06, name=Test Base Project 1, description=null, meetings=[], id=1, goalEndDate=2025-05-23, milestones=[], startDate=2025-04-11, tasks=[]}
13:10:14.623 [main] DEBUG org.hibernate.SQL - 
    /* delete for org.frcpm.models.Project */delete 
    from
        projects 
    where
        id=?
Hibernate: 
    /* delete for org.frcpm.models.Project */delete 
    from
        projects 
    where
        id=?
13:10:14.623 [main] DEBUG org.hibernate.orm.jdbc.batch - PreparedStatementDetails did not contain PreparedStatement on #releaseStatements : /* delete for org.frcpm.models.Project */delete from projects where id=?
13:10:14.623 [main] DEBUG org.hibernate.orm.jdbc.batch - PreparedStatementDetails did not contain PreparedStatement on #releaseStatements : /* delete for org.frcpm.models.Project */delete from projects where id=?
13:10:14.623 [main] DEBUG org.hibernate.resource.jdbc.internal.LogicalConnectionManagedImpl - Initiating JDBC connection release from afterTransaction
13:10:14.623 [main] DEBUG org.hibernate.orm.jdbc.batch - PreparedStatementDetails did not contain PreparedStatement on #releaseStatements : /* delete for org.frcpm.models.Project */delete from projects where id=?
13:10:14.623 [main] DEBUG org.hibernate.orm.jdbc.batch - PreparedStatementDetails did not contain PreparedStatement on #releaseStatements : /* delete for org.frcpm.models.Project */delete from projects where id=?
13:10:14.623 [main] DEBUG org.hibernate.resource.jdbc.internal.LogicalConnectionManagedImpl - Initiating JDBC connection release from afterTransaction
13:10:14.623 [main] DEBUG org.hibernate.engine.jdbc.internal.JdbcCoordinatorImpl - HHH000420: Closing un-released batch
13:10:14.623 [main] DEBUG org.hibernate.orm.jdbc.batch - PreparedStatementDetails did not contain PreparedStatement on #releaseStatements : /* delete for org.frcpm.models.Project */delete from projects where id=?
13:10:14.623 [main] DEBUG org.hibernate.orm.jdbc.batch - PreparedStatementDetails did not contain PreparedStatement on #releaseStatements : /* delete for org.frcpm.models.Project */delete from projects where id=?
13:10:14.624 [main] DEBUG org.hibernate.engine.transaction.internal.TransactionImpl - On TransactionImpl creation, JpaCompliance#isJpaTransactionComplianceEnabled == false
13:10:14.624 [main] DEBUG org.hibernate.engine.transaction.internal.TransactionImpl - begin
13:10:14.624 [main] DEBUG org.hibernate.orm.sql.exec - Skipping reading Query result cache data: cache-enabled = false, cache-mode = IGNORE
13:10:14.624 [main] DEBUG org.hibernate.orm.results - Initializer list:
	  org.frcpm.models.Project.meetings -> BagInitializer(org.frcpm.models.Project.meetings)@1965312210 (PluralAttribute(org.frcpm.models.Project.meetings))
	  org.frcpm.models.Project.tasks -> SelectEagerCollectionInitializer(org.frcpm.models.Project.tasks)@764035075 (PluralAttribute(org.frcpm.models.Project.tasks))
	  org.frcpm.models.Project.meetings.{element} -> EntityJoinedFetchInitializer(org.frcpm.models.Project.meetings.{element})@1161724473 (EntityCollectionPart(org.frcpm.models.Project.meetings#{element})@444310595)
	  org.frcpm.models.Project.meetings.{element}.attendances -> SelectEagerCollectionInitializer(org.frcpm.models.Project.meetings.{element}.attendances)@1207765253 (PluralAttribute(org.frcpm.models.Meeting.attendances))
	  org.frcpm.models.Project -> EntityResultInitializer(org.frcpm.models.Project)@281586672 (SingleTableEntityPersister(org.frcpm.models.Project))
	  org.frcpm.models.Project.milestones -> SelectEagerCollectionInitializer(org.frcpm.models.Project.milestones)@1866296242 (PluralAttribute(org.frcpm.models.Project.milestones))

13:10:14.624 [main] DEBUG org.hibernate.SQL - 
    select
        p1_0.id,
        p1_0.description,
        p1_0.goal_end_date,
        p1_0.hard_deadline,
        p1_0.name,
        p1_0.start_date,
        m1_0.project_id,
        m1_0.id,
        m1_0.date,
        m1_0.end_time,
        m1_0.notes,
        m1_0.start_time 
    from
        projects p1_0 
    left join
        meetings m1_0 
            on p1_0.id=m1_0.project_id 
    where
        p1_0.id=?
Hibernate: 
    select
        p1_0.id,
        p1_0.description,
        p1_0.goal_end_date,
        p1_0.hard_deadline,
        p1_0.name,
        p1_0.start_date,
        m1_0.project_id,
        m1_0.id,
        m1_0.date,
        m1_0.end_time,
        m1_0.notes,
        m1_0.start_time 
    from
        projects p1_0 
    left join
        meetings m1_0 
            on p1_0.id=m1_0.project_id 
    where
        p1_0.id=?
13:10:14.625 [main] DEBUG org.hibernate.orm.results.loading.entity - (EntityResultInitializer) Hydrated EntityKey (org.frcpm.models.Project): 2
13:10:14.625 [main] DEBUG org.hibernate.orm.results.loading.org.hibernate.orm.results.loading.collection - (BagInitializer) Current row collection key : org.frcpm.models.Project.meetings#2
13:10:14.625 [main] DEBUG org.hibernate.orm.results - Extracted JDBC value [6] - [null]
13:10:14.625 [main] DEBUG org.hibernate.orm.results - Extracted JDBC value [7] - [null]
13:10:14.625 [main] DEBUG org.hibernate.orm.results.loading.entity - (EntityJoinedFetchInitializer) EntityKey (org.frcpm.models.Project.meetings.{element}) is null
13:10:14.625 [main] DEBUG org.hibernate.orm.results.loading.org.hibernate.orm.results.loading.collection - (SelectEagerCollectionInitializer) Current row collection key : org.frcpm.models.Project.milestones#2
13:10:14.625 [main] DEBUG org.hibernate.orm.results.loading.org.hibernate.orm.results.loading.collection - (SelectEagerCollectionInitializer) Current row collection key : org.frcpm.models.Project.tasks#2
13:10:14.626 [main] DEBUG org.hibernate.orm.results.loading.entity - (EntityResultInitializer) Created new entity instance [org.frcpm.models.Project#2] : 620445226
13:10:14.626 [main] DEBUG org.hibernate.orm.results.loading.org.hibernate.orm.results.loading.collection - (BagInitializer) Created new collection wrapper [org.frcpm.models.Project.meetings#2] : org.hibernate.collection.spi.PersistentBag@547332604
13:10:14.626 [main] DEBUG org.hibernate.orm.results.loading.org.hibernate.orm.results.loading.collection - (BagInitializer) Responsible for loading collection [org.frcpm.models.Project.meetings#2] : org.hibernate.collection.spi.PersistentBag@547332604
13:10:14.626 [main] DEBUG org.hibernate.orm.results - Extracted JDBC value [1] - [null]
13:10:14.626 [main] DEBUG org.hibernate.orm.results - Extracted JDBC value [2] - [2025-06-06]
13:10:14.626 [main] DEBUG org.hibernate.orm.results - Extracted JDBC value [3] - [2025-06-20]
13:10:14.626 [main] DEBUG org.hibernate.orm.results - Extracted JDBC value [4] - [Test Base Project 2]
13:10:14.626 [main] DEBUG org.hibernate.orm.results - Extracted JDBC value [5] - [2025-04-18]
13:10:14.626 [main] DEBUG org.hibernate.orm.results.loading.entity - (EntityResultInitializer) Done materializing entityInstance : org.frcpm.models.Project#2
13:10:14.626 [main] DEBUG org.hibernate.orm.results.loading - Calling top-level assembler (0 / 1) : org.hibernate.sql.results.graph.entity.internal.EntityAssembler@2676ac68
13:10:14.626 [main] DEBUG org.hibernate.sql.results.internal.ResultsHelper - Collection fully initialized: [org.frcpm.models.Project.meetings#2]
13:10:14.627 [main] DEBUG org.hibernate.orm.sql.exec - Skipping reading Query result cache data: cache-enabled = false, cache-mode = IGNORE
13:10:14.627 [main] DEBUG org.hibernate.orm.results - Initializer list:
	  org.frcpm.models.Project.tasks.{element}.assignedTo -> DelayedCollectionInitializer(org.frcpm.models.Project.tasks.{element}.assignedTo)@2067495195 (PluralAttribute(org.frcpm.models.Task.assignedTo))
	  org.frcpm.models.Project.tasks.{element}.postDependencies -> DelayedCollectionInitializer(org.frcpm.models.Project.tasks.{element}.postDependencies)@79695610 (PluralAttribute(org.frcpm.models.Task.postDependencies))
	  org.frcpm.models.Project.tasks.{element} -> EntityJoinedFetchInitializer(org.frcpm.models.Project.tasks.{element})@1359881741 (EntityCollectionPart(org.frcpm.models.Project.tasks#{element})@647753900)
	  org.frcpm.models.Project.tasks.{element}.requiredComponents -> DelayedCollectionInitializer(org.frcpm.models.Project.tasks.{element}.requiredComponents)@1116259752 (PluralAttribute(org.frcpm.models.Task.requiredComponents))
	  org.frcpm.models.Project.tasks.{element}.project -> EntityDelayedFetchInitializer(org.frcpm.models.Project.tasks.{element}.project)@1650171715 (ToOneAttributeMapping(NavigableRole[org.frcpm.models.Task.project])@284715229)
	  org.frcpm.models.Project.tasks.{element}.subsystem -> EntityDelayedFetchInitializer(org.frcpm.models.Project.tasks.{element}.subsystem)@1726544428 (ToOneAttributeMapping(NavigableRole[org.frcpm.models.Task.subsystem])@1027761720)
	  org.frcpm.models.Project.tasks.{element}.preDependencies -> DelayedCollectionInitializer(org.frcpm.models.Project.tasks.{element}.preDependencies)@1182172850 (PluralAttribute(org.frcpm.models.Task.preDependencies))
	  org.frcpm.models.Project.tasks -> BagInitializer(org.frcpm.models.Project.tasks)@1121435217 (PluralAttribute(org.frcpm.models.Project.tasks))

13:10:14.627 [main] DEBUG org.hibernate.SQL - 
    select
        t1_0.project_id,
        t1_0.id,
        t1_0.actual_duration_seconds,
        t1_0.completed,
        t1_0.description,
        t1_0.end_date,
        t1_0.estimated_duration_seconds,
        t1_0.priority,
        t1_0.progress,
        t1_0.start_date,
        t1_0.subsystem_id,
        t1_0.title 
    from
        tasks t1_0 
    where
        t1_0.project_id=?
Hibernate: 
    select
        t1_0.project_id,
        t1_0.id,
        t1_0.actual_duration_seconds,
        t1_0.completed,
        t1_0.description,
        t1_0.end_date,
        t1_0.estimated_duration_seconds,
        t1_0.priority,
        t1_0.progress,
        t1_0.start_date,
        t1_0.subsystem_id,
        t1_0.title 
    from
        tasks t1_0 
    where
        t1_0.project_id=?
13:10:14.627 [main] DEBUG org.hibernate.sql.results.internal.ResultsHelper - Collection fully initialized: [org.frcpm.models.Project.tasks#2]
13:10:14.627 [main] DEBUG org.hibernate.orm.sql.exec - Skipping reading Query result cache data: cache-enabled = false, cache-mode = IGNORE
13:10:14.627 [main] DEBUG org.hibernate.orm.results - Initializer list:
	  org.frcpm.models.Project.milestones.{element}.project -> EntityDelayedFetchInitializer(org.frcpm.models.Project.milestones.{element}.project)@803304190 (ToOneAttributeMapping(NavigableRole[org.frcpm.models.Milestone.project])@201558073)
	  org.frcpm.models.Project.milestones.{element} -> EntityJoinedFetchInitializer(org.frcpm.models.Project.milestones.{element})@1354458213 (EntityCollectionPart(org.frcpm.models.Project.milestones#{element})@1421512209)
	  org.frcpm.models.Project.milestones -> BagInitializer(org.frcpm.models.Project.milestones)@1749899333 (PluralAttribute(org.frcpm.models.Project.milestones))

13:10:14.627 [main] DEBUG org.hibernate.SQL - 
    select
        m1_0.project_id,
        m1_0.id,
        m1_0.date,
        m1_0.description,
        m1_0.name 
    from
        milestones m1_0 
    where
        m1_0.project_id=?
Hibernate: 
    select
        m1_0.project_id,
        m1_0.id,
        m1_0.date,
        m1_0.description,
        m1_0.name 
    from
        milestones m1_0 
    where
        m1_0.project_id=?
13:10:14.628 [main] DEBUG org.hibernate.sql.results.internal.ResultsHelper - Collection fully initialized: [org.frcpm.models.Project.milestones#2]
13:10:14.628 [main] DEBUG org.hibernate.engine.transaction.internal.TransactionImpl - committing
13:10:14.628 [main] DEBUG org.hibernate.event.internal.AbstractFlushingEventListener - Processing flush-time cascades
13:10:14.628 [main] DEBUG org.hibernate.event.internal.AbstractFlushingEventListener - Dirty checking collections
13:10:14.628 [main] DEBUG org.hibernate.engine.internal.Collections - Collection dereferenced: [org.frcpm.models.Project.meetings#2]
13:10:14.628 [main] DEBUG org.hibernate.engine.internal.Collections - Collection dereferenced: [org.frcpm.models.Project.milestones#2]
13:10:14.628 [main] DEBUG org.hibernate.engine.internal.Collections - Collection dereferenced: [org.frcpm.models.Project.tasks#2]
13:10:14.628 [main] DEBUG org.hibernate.event.internal.AbstractFlushingEventListener - Flushed: 0 insertions, 0 updates, 1 deletions to 1 objects
13:10:14.628 [main] DEBUG org.hibernate.event.internal.AbstractFlushingEventListener - Flushed: 0 (re)creations, 0 updates, 3 removals to 3 collections
13:10:14.628 [main] DEBUG org.hibernate.internal.util.EntityPrinter - Listing entities:
13:10:14.629 [main] DEBUG org.hibernate.internal.util.EntityPrinter - org.frcpm.models.Project{hardDeadline=2025-06-20, name=Test Base Project 2, description=null, meetings=[], id=2, goalEndDate=2025-06-06, milestones=[], startDate=2025-04-18, tasks=[]}
13:10:14.629 [main] DEBUG org.hibernate.SQL - 
    /* delete for org.frcpm.models.Project */delete 
    from
        projects 
    where
        id=?
Hibernate: 
    /* delete for org.frcpm.models.Project */delete 
    from
        projects 
    where
        id=?
13:10:14.629 [main] DEBUG org.hibernate.orm.jdbc.batch - PreparedStatementDetails did not contain PreparedStatement on #releaseStatements : /* delete for org.frcpm.models.Project */delete from projects where id=?
13:10:14.629 [main] DEBUG org.hibernate.orm.jdbc.batch - PreparedStatementDetails did not contain PreparedStatement on #releaseStatements : /* delete for org.frcpm.models.Project */delete from projects where id=?
13:10:14.629 [main] DEBUG org.hibernate.resource.jdbc.internal.LogicalConnectionManagedImpl - Initiating JDBC connection release from afterTransaction
13:10:14.629 [main] DEBUG org.hibernate.orm.jdbc.batch - PreparedStatementDetails did not contain PreparedStatement on #releaseStatements : /* delete for org.frcpm.models.Project */delete from projects where id=?
13:10:14.629 [main] DEBUG org.hibernate.orm.jdbc.batch - PreparedStatementDetails did not contain PreparedStatement on #releaseStatements : /* delete for org.frcpm.models.Project */delete from projects where id=?
13:10:14.629 [main] DEBUG org.hibernate.resource.jdbc.internal.LogicalConnectionManagedImpl - Initiating JDBC connection release from afterTransaction
13:10:14.629 [main] DEBUG org.hibernate.engine.jdbc.internal.JdbcCoordinatorImpl - HHH000420: Closing un-released batch
13:10:14.629 [main] DEBUG org.hibernate.orm.jdbc.batch - PreparedStatementDetails did not contain PreparedStatement on #releaseStatements : /* delete for org.frcpm.models.Project */delete from projects where id=?
13:10:14.629 [main] DEBUG org.hibernate.orm.jdbc.batch - PreparedStatementDetails did not contain PreparedStatement on #releaseStatements : /* delete for org.frcpm.models.Project */delete from projects where id=?
13:10:14.629 [main] DEBUG org.hibernate.internal.SessionFactoryImpl - HHH000031: Closing
13:10:14.629 [main] DEBUG org.hibernate.tool.schema.internal.SchemaDropperImpl$DelayedDropActionImpl - HHH000477: Starting delayed evictData of schema as part of SessionFactory shut-down'
13:10:14.629 [main] DEBUG org.hibernate.SQL - 
    drop table if exists attendances cascade 
Hibernate: 
    drop table if exists attendances cascade 
13:10:14.631 [main] DEBUG org.hibernate.SQL - 
    drop table if exists components cascade 
Hibernate: 
    drop table if exists components cascade 
13:10:14.632 [main] DEBUG org.hibernate.SQL - 
    drop table if exists meetings cascade 
Hibernate: 
    drop table if exists meetings cascade 
13:10:14.632 [main] DEBUG org.hibernate.SQL - 
    drop table if exists milestones cascade 
Hibernate: 
    drop table if exists milestones cascade 
13:10:14.633 [main] DEBUG org.hibernate.SQL - 
    drop table if exists projects cascade 
Hibernate: 
    drop table if exists projects cascade 
13:10:14.633 [main] DEBUG org.hibernate.SQL - 
    drop table if exists subsystems cascade 
Hibernate: 
    drop table if exists subsystems cascade 
13:10:14.634 [main] DEBUG org.hibernate.SQL - 
    drop table if exists subteams cascade 
Hibernate: 
    drop table if exists subteams cascade 
13:10:14.634 [main] DEBUG org.hibernate.SQL - 
    drop table if exists task_assignments cascade 
Hibernate: 
    drop table if exists task_assignments cascade 
13:10:14.636 [main] DEBUG org.hibernate.SQL - 
    drop table if exists task_components cascade 
Hibernate: 
    drop table if exists task_components cascade 
13:10:14.637 [main] DEBUG org.hibernate.SQL - 
    drop table if exists task_dependencies cascade 
Hibernate: 
    drop table if exists task_dependencies cascade 
13:10:14.639 [main] DEBUG org.hibernate.SQL - 
    drop table if exists tasks cascade 
Hibernate: 
    drop table if exists tasks cascade 
13:10:14.639 [main] DEBUG org.hibernate.SQL - 
    drop table if exists team_members cascade 
Hibernate: 
    drop table if exists team_members cascade 
13:10:14.640 [main] DEBUG org.hibernate.type.spi.TypeConfiguration$Scope - Un-scoping TypeConfiguration [org.hibernate.type.spi.TypeConfiguration$Scope@19ea1606] from SessionFactory [org.hibernate.internal.SessionFactoryImpl@77a3c614]
13:10:14.640 [main] DEBUG org.hibernate.service.internal.AbstractServiceRegistryImpl - Implicitly destroying ServiceRegistry on de-registration of all child ServiceRegistries
13:10:14.640 [main] INFO com.zaxxer.hikari.HikariDataSource - FRC-PM-HikariCP - Shutdown initiated...
13:10:14.640 [main] DEBUG com.zaxxer.hikari.pool.HikariPool - FRC-PM-HikariCP - Before shutdown stats (total=2, active=0, idle=2, waiting=0)
13:10:14.642 [FRC-PM-HikariCP connection closer] DEBUG com.zaxxer.hikari.pool.PoolBase - FRC-PM-HikariCP - Closing connection conn30: url=jdbc:h2:mem:testdb user=SA: (connection evicted)
13:10:14.642 [FRC-PM-HikariCP connection closer] DEBUG com.zaxxer.hikari.pool.PoolBase - FRC-PM-HikariCP - Closing connection conn34: url=jdbc:h2:mem:testdb user=SA: (connection evicted)
13:10:14.642 [main] DEBUG com.zaxxer.hikari.pool.HikariPool - FRC-PM-HikariCP - After shutdown stats (total=0, active=0, idle=0, waiting=0)
13:10:14.642 [main] INFO com.zaxxer.hikari.HikariDataSource - FRC-PM-HikariCP - Shutdown completed.
13:10:14.642 [main] DEBUG org.hibernate.boot.registry.internal.BootstrapServiceRegistryImpl - Implicitly destroying Boot-strap registry on de-registration of all child ServiceRegistries
13:10:14.642 [main] INFO com.zaxxer.hikari.HikariDataSource - frcpm-hikari-pool - Shutdown initiated...
13:10:14.642 [main] DEBUG com.zaxxer.hikari.pool.HikariPool - frcpm-hikari-pool - Before shutdown stats (total=5, active=0, idle=5, waiting=0)
13:10:14.643 [frcpm-hikari-pool connection closer] DEBUG com.zaxxer.hikari.pool.PoolBase - frcpm-hikari-pool - Closing connection conn28: url=jdbc:h2:mem:testdb user=SA: (connection evicted)
13:10:14.643 [frcpm-hikari-pool connection closer] DEBUG com.zaxxer.hikari.pool.PoolBase - frcpm-hikari-pool - Closing connection conn29: url=jdbc:h2:mem:testdb user=SA: (connection evicted)
13:10:14.643 [frcpm-hikari-pool connection closer] DEBUG com.zaxxer.hikari.pool.PoolBase - frcpm-hikari-pool - Closing connection conn31: url=jdbc:h2:mem:testdb user=SA: (connection evicted)
13:10:14.643 [frcpm-hikari-pool connection closer] DEBUG com.zaxxer.hikari.pool.PoolBase - frcpm-hikari-pool - Closing connection conn32: url=jdbc:h2:mem:testdb user=SA: (connection evicted)
13:10:14.643 [frcpm-hikari-pool connection closer] DEBUG com.zaxxer.hikari.pool.PoolBase - frcpm-hikari-pool - Closing connection conn33: url=jdbc:h2:mem:testdb user=SA: (connection evicted)
13:10:14.643 [main] DEBUG com.zaxxer.hikari.pool.HikariPool - frcpm-hikari-pool - After shutdown stats (total=0, active=0, idle=0, waiting=0)
13:10:14.643 [main] INFO com.zaxxer.hikari.HikariDataSource - frcpm-hikari-pool - Shutdown completed.
]]></system-out>
    <system-err><![CDATA[Apr 11, 2025 1:10:14 PM org.frcpm.config.DatabaseConfig initialize
INFO: Initializing database configuration...
Apr 11, 2025 1:10:14 PM org.frcpm.config.DatabaseConfig initialize
INFO: Using JDBC URL: jdbc:h2:mem:testdb;DB_CLOSE_DELAY=-1
Apr 11, 2025 1:10:14 PM org.frcpm.config.DatabaseConfig initialize
INFO: Database configuration initialized successfully
Apr 11, 2025 1:10:14 PM org.frcpm.config.DatabaseConfig shutdown
INFO: Database configuration shut down
]]></system-err>
  </testcase>
  <testcase name="testDelete" classname="org.frcpm.repositories.impl.JpaRepositoryImplTest" time="0.334">
    <system-out><![CDATA[13:10:14.648 [main] DEBUG com.zaxxer.hikari.HikariConfig - Driver class org.h2.Driver found in Thread context class loader jdk.internal.loader.ClassLoaders$AppClassLoader@70dea4e
13:10:14.648 [main] DEBUG com.zaxxer.hikari.HikariConfig - frcpm-hikari-pool - configuration:
13:10:14.649 [main] DEBUG com.zaxxer.hikari.HikariConfig - allowPoolSuspension.............false
13:10:14.649 [main] DEBUG com.zaxxer.hikari.HikariConfig - autoCommit......................true
13:10:14.649 [main] DEBUG com.zaxxer.hikari.HikariConfig - catalog.........................none
13:10:14.649 [main] DEBUG com.zaxxer.hikari.HikariConfig - connectionInitSql...............none
13:10:14.649 [main] DEBUG com.zaxxer.hikari.HikariConfig - connectionTestQuery.............none
13:10:14.649 [main] DEBUG com.zaxxer.hikari.HikariConfig - connectionTimeout...............30000
13:10:14.649 [main] DEBUG com.zaxxer.hikari.HikariConfig - dataSource......................none
13:10:14.649 [main] DEBUG com.zaxxer.hikari.HikariConfig - dataSourceClassName.............none
13:10:14.649 [main] DEBUG com.zaxxer.hikari.HikariConfig - dataSourceJNDI..................none
13:10:14.649 [main] DEBUG com.zaxxer.hikari.HikariConfig - dataSourceProperties............{password=<masked>}
13:10:14.649 [main] DEBUG com.zaxxer.hikari.HikariConfig - driverClassName................."org.h2.Driver"
13:10:14.649 [main] DEBUG com.zaxxer.hikari.HikariConfig - exceptionOverrideClassName......none
13:10:14.649 [main] DEBUG com.zaxxer.hikari.HikariConfig - healthCheckProperties...........{}
13:10:14.649 [main] DEBUG com.zaxxer.hikari.HikariConfig - healthCheckRegistry.............none
13:10:14.649 [main] DEBUG com.zaxxer.hikari.HikariConfig - idleTimeout.....................30000
13:10:14.649 [main] DEBUG com.zaxxer.hikari.HikariConfig - initializationFailTimeout.......1
13:10:14.649 [main] DEBUG com.zaxxer.hikari.HikariConfig - isolateInternalQueries..........false
13:10:14.649 [main] DEBUG com.zaxxer.hikari.HikariConfig - jdbcUrl.........................jdbc:h2:mem:testdb;DB_CLOSE_DELAY=-1
13:10:14.649 [main] DEBUG com.zaxxer.hikari.HikariConfig - keepaliveTime...................0
13:10:14.649 [main] DEBUG com.zaxxer.hikari.HikariConfig - leakDetectionThreshold..........0
13:10:14.649 [main] DEBUG com.zaxxer.hikari.HikariConfig - maxLifetime.....................1800000
13:10:14.649 [main] DEBUG com.zaxxer.hikari.HikariConfig - maximumPoolSize.................10
13:10:14.649 [main] DEBUG com.zaxxer.hikari.HikariConfig - metricRegistry..................none
13:10:14.649 [main] DEBUG com.zaxxer.hikari.HikariConfig - metricsTrackerFactory...........none
13:10:14.649 [main] DEBUG com.zaxxer.hikari.HikariConfig - minimumIdle.....................5
13:10:14.649 [main] DEBUG com.zaxxer.hikari.HikariConfig - password........................<masked>
13:10:14.649 [main] DEBUG com.zaxxer.hikari.HikariConfig - poolName........................"frcpm-hikari-pool"
13:10:14.649 [main] DEBUG com.zaxxer.hikari.HikariConfig - readOnly........................false
13:10:14.649 [main] DEBUG com.zaxxer.hikari.HikariConfig - registerMbeans..................false
13:10:14.649 [main] DEBUG com.zaxxer.hikari.HikariConfig - scheduledExecutor...............none
13:10:14.649 [main] DEBUG com.zaxxer.hikari.HikariConfig - schema..........................none
13:10:14.649 [main] DEBUG com.zaxxer.hikari.HikariConfig - threadFactory...................internal
13:10:14.649 [main] DEBUG com.zaxxer.hikari.HikariConfig - transactionIsolation............default
13:10:14.649 [main] DEBUG com.zaxxer.hikari.HikariConfig - username........................"sa"
13:10:14.649 [main] DEBUG com.zaxxer.hikari.HikariConfig - validationTimeout...............5000
13:10:14.650 [main] INFO com.zaxxer.hikari.HikariDataSource - frcpm-hikari-pool - Starting...
13:10:14.653 [main] INFO com.zaxxer.hikari.pool.HikariPool - frcpm-hikari-pool - Added connection conn35: url=jdbc:h2:mem:testdb user=SA
13:10:14.653 [main] INFO com.zaxxer.hikari.HikariDataSource - frcpm-hikari-pool - Start completed.
13:10:14.661 [main] DEBUG org.hibernate.jpa.HibernatePersistenceProvider - Located and parsed 1 persistence units; checking each
13:10:14.661 [main] DEBUG org.hibernate.jpa.HibernatePersistenceProvider - Checking persistence-unit [name=frcpm, explicit-provider=org.hibernate.jpa.HibernatePersistenceProvider] against incoming persistence unit name [frcpm]
13:10:14.661 [main] DEBUG org.hibernate.jpa.boot.spi.ProviderChecker - Persistence-unit [frcpm] requested PersistenceProvider [org.hibernate.jpa.HibernatePersistenceProvider]
13:10:14.661 [main] DEBUG org.hibernate.jpa.internal.util.LogHelper - PersistenceUnitInfo [
	name: frcpm
	persistence provider classname: org.hibernate.jpa.HibernatePersistenceProvider
	classloader: null
	excludeUnlistedClasses: false
	JTA datasource: null
	Non JTA datasource: null
	Transaction type: RESOURCE_LOCAL
	PU root URL: file:/C:/Users/dhiebert/Local%20Repositories/Project%20Management%202.0/target/classes
	Shared Cache Mode: null
	Validation Mode: null
	Jar files URLs []
	Managed classes names [
		org.frcpm.models.Project
		org.frcpm.models.Subteam
		org.frcpm.models.TeamMember
		org.frcpm.models.Subsystem
		org.frcpm.models.Task
		org.frcpm.models.Component
		org.frcpm.models.Meeting
		org.frcpm.models.Attendance
		org.frcpm.models.Milestone]
	Mapping files names []
	Properties [
		hibernate.connection.handling_mode: DELAYED_ACQUISITION_AND_RELEASE_AFTER_STATEMENT
		jakarta.persistence.jdbc.url: jdbc:h2:mem:testdb;DB_CLOSE_DELAY=-1
		hibernate.jdbc.batch_versioned_data: true
		hibernate.cache.use_second_level_cache: false
		hibernate.show_sql: true
		jakarta.persistence.jdbc.driver: org.h2.Driver
		hibernate.jdbc.batch_size: 30
		jakarta.persistence.jdbc.user: sa
		hibernate.generate_statistics: false
		hibernate.hbm2ddl.auto: create-drop
		hibernate.cache.use_query_cache: false
		hibernate.hikari.maximumPoolSize: 10
		hibernate.hikari.idleTimeout: 30000
		hibernate.format_sql: true
		hibernate.hikari.minimumIdle: 2
		hibernate.use_sql_comments: true
		hibernate.order_inserts: true
		hibernate.current_session_context_class: thread
		hibernate.connection.provider_class: org.hibernate.hikaricp.internal.HikariCPConnectionProvider
		hibernate.hikari.connectionTimeout: 10000
		hibernate.hikari.poolName: FRC-PM-HikariCP
		hibernate.order_updates: true
		hibernate.dialect: org.hibernate.dialect.H2Dialect
		jakarta.persistence.jdbc.password: ]
13:10:14.661 [main] DEBUG org.hibernate.integrator.internal.IntegratorServiceImpl - Adding Integrator [org.hibernate.boot.beanvalidation.BeanValidationIntegrator].
13:10:14.661 [main] DEBUG org.hibernate.integrator.internal.IntegratorServiceImpl - Adding Integrator [org.hibernate.cache.internal.CollectionCacheInvalidator].
13:10:14.670 [main] DEBUG org.hibernate.orm.idgen.factory - Ignoring CDI for resolving IdentifierGenerator instances as extended or delayed CDI support was enabled
13:10:14.670 [main] DEBUG org.hibernate.orm.idgen.factory - Registering IdentifierGenerator strategy [uuid2] -> [org.hibernate.id.UUIDGenerator]
13:10:14.670 [main] DEBUG org.hibernate.orm.idgen.factory - Registering IdentifierGenerator strategy [guid] -> [org.hibernate.id.GUIDGenerator]
13:10:14.670 [main] DEBUG org.hibernate.orm.idgen.factory - Registering IdentifierGenerator strategy [uuid] -> [org.hibernate.id.UUIDHexGenerator]
13:10:14.670 [main] DEBUG org.hibernate.orm.idgen.factory - Registering IdentifierGenerator strategy [uuid.hex] -> [org.hibernate.id.UUIDHexGenerator]
13:10:14.670 [main] DEBUG org.hibernate.orm.idgen.factory - Registering IdentifierGenerator strategy [assigned] -> [org.hibernate.id.Assigned]
13:10:14.670 [main] DEBUG org.hibernate.orm.idgen.factory - Registering IdentifierGenerator strategy [identity] -> [org.hibernate.id.IdentityGenerator]
13:10:14.670 [main] DEBUG org.hibernate.orm.idgen.factory - Registering IdentifierGenerator strategy [select] -> [org.hibernate.id.SelectGenerator]
13:10:14.670 [main] DEBUG org.hibernate.orm.idgen.factory - Registering IdentifierGenerator strategy [sequence] -> [org.hibernate.id.enhanced.SequenceStyleGenerator]
13:10:14.670 [main] DEBUG org.hibernate.orm.idgen.factory - Registering IdentifierGenerator strategy [increment] -> [org.hibernate.id.IncrementGenerator]
13:10:14.670 [main] DEBUG org.hibernate.orm.idgen.factory - Registering IdentifierGenerator strategy [foreign] -> [org.hibernate.id.ForeignGenerator]
13:10:14.670 [main] DEBUG org.hibernate.orm.idgen.factory - Registering IdentifierGenerator strategy [enhanced-sequence] -> [org.hibernate.id.enhanced.SequenceStyleGenerator]
13:10:14.670 [main] DEBUG org.hibernate.orm.idgen.factory - Registering IdentifierGenerator strategy [enhanced-table] -> [org.hibernate.id.enhanced.TableGenerator]
13:10:14.671 [main] INFO org.hibernate.cache.internal.RegionFactoryInitiator - HHH000026: Second-level cache disabled
13:10:14.671 [main] DEBUG org.hibernate.type.BasicTypeRegistry - Adding type registration boolean -> org.hibernate.type.BasicTypeReference@26f46fa6
13:10:14.671 [main] DEBUG org.hibernate.type.BasicTypeRegistry - Adding type registration boolean -> org.hibernate.type.BasicTypeReference@26f46fa6
13:10:14.671 [main] DEBUG org.hibernate.type.BasicTypeRegistry - Adding type registration java.lang.Boolean -> org.hibernate.type.BasicTypeReference@26f46fa6
13:10:14.671 [main] DEBUG org.hibernate.type.BasicTypeRegistry - Adding type registration numeric_boolean -> org.hibernate.type.BasicTypeReference@227a47
13:10:14.671 [main] DEBUG org.hibernate.type.BasicTypeRegistry - Adding type registration org.hibernate.type.NumericBooleanConverter -> org.hibernate.type.BasicTypeReference@227a47
13:10:14.671 [main] DEBUG org.hibernate.type.BasicTypeRegistry - Adding type registration true_false -> org.hibernate.type.BasicTypeReference@9596ce8
13:10:14.671 [main] DEBUG org.hibernate.type.BasicTypeRegistry - Adding type registration org.hibernate.type.TrueFalseConverter -> org.hibernate.type.BasicTypeReference@9596ce8
13:10:14.671 [main] DEBUG org.hibernate.type.BasicTypeRegistry - Adding type registration yes_no -> org.hibernate.type.BasicTypeReference@75ae4a1f
13:10:14.671 [main] DEBUG org.hibernate.type.BasicTypeRegistry - Adding type registration org.hibernate.type.YesNoConverter -> org.hibernate.type.BasicTypeReference@75ae4a1f
13:10:14.671 [main] DEBUG org.hibernate.type.BasicTypeRegistry - Adding type registration byte -> org.hibernate.type.BasicTypeReference@70228253
13:10:14.671 [main] DEBUG org.hibernate.type.BasicTypeRegistry - Adding type registration byte -> org.hibernate.type.BasicTypeReference@70228253
13:10:14.671 [main] DEBUG org.hibernate.type.BasicTypeRegistry - Adding type registration java.lang.Byte -> org.hibernate.type.BasicTypeReference@70228253
13:10:14.671 [main] DEBUG org.hibernate.type.BasicTypeRegistry - Adding type registration binary -> org.hibernate.type.BasicTypeReference@63c12e52
13:10:14.671 [main] DEBUG org.hibernate.type.BasicTypeRegistry - Adding type registration byte[] -> org.hibernate.type.BasicTypeReference@63c12e52
13:10:14.671 [main] DEBUG org.hibernate.type.BasicTypeRegistry - Adding type registration [B -> org.hibernate.type.BasicTypeReference@63c12e52
13:10:14.671 [main] DEBUG org.hibernate.type.BasicTypeRegistry - Adding type registration binary_wrapper -> org.hibernate.type.BasicTypeReference@21bd20ee
13:10:14.671 [main] DEBUG org.hibernate.type.BasicTypeRegistry - Adding type registration wrapper-binary -> org.hibernate.type.BasicTypeReference@21bd20ee
13:10:14.671 [main] DEBUG org.hibernate.type.BasicTypeRegistry - Adding type registration image -> org.hibernate.type.BasicTypeReference@26c47874
13:10:14.671 [main] DEBUG org.hibernate.type.BasicTypeRegistry - Adding type registration blob -> org.hibernate.type.BasicTypeReference@421056e5
13:10:14.671 [main] DEBUG org.hibernate.type.BasicTypeRegistry - Adding type registration java.sql.Blob -> org.hibernate.type.BasicTypeReference@421056e5
13:10:14.671 [main] DEBUG org.hibernate.type.BasicTypeRegistry - Adding type registration materialized_blob -> org.hibernate.type.BasicTypeReference@2849434b
13:10:14.671 [main] DEBUG org.hibernate.type.BasicTypeRegistry - Adding type registration materialized_blob_wrapper -> org.hibernate.type.BasicTypeReference@60bbacfc
13:10:14.671 [main] DEBUG org.hibernate.type.BasicTypeRegistry - Adding type registration short -> org.hibernate.type.BasicTypeReference@65b97f47
13:10:14.671 [main] DEBUG org.hibernate.type.BasicTypeRegistry - Adding type registration short -> org.hibernate.type.BasicTypeReference@65b97f47
13:10:14.671 [main] DEBUG org.hibernate.type.BasicTypeRegistry - Adding type registration java.lang.Short -> org.hibernate.type.BasicTypeReference@65b97f47
13:10:14.671 [main] DEBUG org.hibernate.type.BasicTypeRegistry - Adding type registration integer -> org.hibernate.type.BasicTypeReference@255eaa6b
13:10:14.671 [main] DEBUG org.hibernate.type.BasicTypeRegistry - Adding type registration int -> org.hibernate.type.BasicTypeReference@255eaa6b
13:10:14.671 [main] DEBUG org.hibernate.type.BasicTypeRegistry - Adding type registration java.lang.Integer -> org.hibernate.type.BasicTypeReference@255eaa6b
13:10:14.671 [main] DEBUG org.hibernate.type.BasicTypeRegistry - Adding type registration long -> org.hibernate.type.BasicTypeReference@476fe690
13:10:14.671 [main] DEBUG org.hibernate.type.BasicTypeRegistry - Adding type registration long -> org.hibernate.type.BasicTypeReference@476fe690
13:10:14.671 [main] DEBUG org.hibernate.type.BasicTypeRegistry - Adding type registration java.lang.Long -> org.hibernate.type.BasicTypeReference@476fe690
13:10:14.671 [main] DEBUG org.hibernate.type.BasicTypeRegistry - Adding type registration float -> org.hibernate.type.BasicTypeReference@7a0e7ecd
13:10:14.671 [main] DEBUG org.hibernate.type.BasicTypeRegistry - Adding type registration float -> org.hibernate.type.BasicTypeReference@7a0e7ecd
13:10:14.671 [main] DEBUG org.hibernate.type.BasicTypeRegistry - Adding type registration java.lang.Float -> org.hibernate.type.BasicTypeReference@7a0e7ecd
13:10:14.671 [main] DEBUG org.hibernate.type.BasicTypeRegistry - Adding type registration double -> org.hibernate.type.BasicTypeReference@54e3658c
13:10:14.671 [main] DEBUG org.hibernate.type.BasicTypeRegistry - Adding type registration double -> org.hibernate.type.BasicTypeReference@54e3658c
13:10:14.671 [main] DEBUG org.hibernate.type.BasicTypeRegistry - Adding type registration java.lang.Double -> org.hibernate.type.BasicTypeReference@54e3658c
13:10:14.671 [main] DEBUG org.hibernate.type.BasicTypeRegistry - Adding type registration big_integer -> org.hibernate.type.BasicTypeReference@43e9089
13:10:14.671 [main] DEBUG org.hibernate.type.BasicTypeRegistry - Adding type registration java.math.BigInteger -> org.hibernate.type.BasicTypeReference@43e9089
13:10:14.671 [main] DEBUG org.hibernate.type.BasicTypeRegistry - Adding type registration big_decimal -> org.hibernate.type.BasicTypeReference@3c5dbdf8
13:10:14.671 [main] DEBUG org.hibernate.type.BasicTypeRegistry - Adding type registration java.math.BigDecimal -> org.hibernate.type.BasicTypeReference@3c5dbdf8
13:10:14.671 [main] DEBUG org.hibernate.type.BasicTypeRegistry - Adding type registration character -> org.hibernate.type.BasicTypeReference@352c44a8
13:10:14.671 [main] DEBUG org.hibernate.type.BasicTypeRegistry - Adding type registration char -> org.hibernate.type.BasicTypeReference@352c44a8
13:10:14.671 [main] DEBUG org.hibernate.type.BasicTypeRegistry - Adding type registration java.lang.Character -> org.hibernate.type.BasicTypeReference@352c44a8
13:10:14.672 [main] DEBUG org.hibernate.type.BasicTypeRegistry - Adding type registration character_nchar -> org.hibernate.type.BasicTypeReference@7aac8884
13:10:14.672 [main] DEBUG org.hibernate.type.BasicTypeRegistry - Adding type registration string -> org.hibernate.type.BasicTypeReference@a66e580
13:10:14.672 [main] DEBUG org.hibernate.type.BasicTypeRegistry - Adding type registration java.lang.String -> org.hibernate.type.BasicTypeReference@a66e580
13:10:14.672 [main] DEBUG org.hibernate.type.BasicTypeRegistry - Adding type registration nstring -> org.hibernate.type.BasicTypeReference@5b852b49
13:10:14.672 [main] DEBUG org.hibernate.type.BasicTypeRegistry - Adding type registration characters -> org.hibernate.type.BasicTypeReference@cdb2d95
13:10:14.672 [main] DEBUG org.hibernate.type.BasicTypeRegistry - Adding type registration char[] -> org.hibernate.type.BasicTypeReference@cdb2d95
13:10:14.672 [main] DEBUG org.hibernate.type.BasicTypeRegistry - Adding type registration [C -> org.hibernate.type.BasicTypeReference@cdb2d95
13:10:14.672 [main] DEBUG org.hibernate.type.BasicTypeRegistry - Adding type registration wrapper-characters -> org.hibernate.type.BasicTypeReference@122d6c22
13:10:14.672 [main] DEBUG org.hibernate.type.BasicTypeRegistry - Adding type registration text -> org.hibernate.type.BasicTypeReference@2f5ac102
13:10:14.672 [main] DEBUG org.hibernate.type.BasicTypeRegistry - Adding type registration ntext -> org.hibernate.type.BasicTypeReference@5df778c3
13:10:14.672 [main] DEBUG org.hibernate.type.BasicTypeRegistry - Adding type registration clob -> org.hibernate.type.BasicTypeReference@895416d
13:10:14.672 [main] DEBUG org.hibernate.type.BasicTypeRegistry - Adding type registration java.sql.Clob -> org.hibernate.type.BasicTypeReference@895416d
13:10:14.672 [main] DEBUG org.hibernate.type.BasicTypeRegistry - Adding type registration nclob -> org.hibernate.type.BasicTypeReference@71a06021
13:10:14.672 [main] DEBUG org.hibernate.type.BasicTypeRegistry - Adding type registration java.sql.NClob -> org.hibernate.type.BasicTypeReference@71a06021
13:10:14.672 [main] DEBUG org.hibernate.type.BasicTypeRegistry - Adding type registration materialized_clob -> org.hibernate.type.BasicTypeReference@80bfdc6
13:10:14.672 [main] DEBUG org.hibernate.type.BasicTypeRegistry - Adding type registration materialized_clob_char_array -> org.hibernate.type.BasicTypeReference@6edcad64
13:10:14.672 [main] DEBUG org.hibernate.type.BasicTypeRegistry - Adding type registration materialized_clob_character_array -> org.hibernate.type.BasicTypeReference@4c6007fb
13:10:14.672 [main] DEBUG org.hibernate.type.BasicTypeRegistry - Adding type registration materialized_nclob -> org.hibernate.type.BasicTypeReference@3e33d73e
13:10:14.672 [main] DEBUG org.hibernate.type.BasicTypeRegistry - Adding type registration materialized_nclob_character_array -> org.hibernate.type.BasicTypeReference@6981f8f3
13:10:14.672 [main] DEBUG org.hibernate.type.BasicTypeRegistry - Adding type registration materialized_nclob_char_array -> org.hibernate.type.BasicTypeReference@623dcf2a
13:10:14.672 [main] DEBUG org.hibernate.type.BasicTypeRegistry - Adding type registration Duration -> org.hibernate.type.BasicTypeReference@2eae4349
13:10:14.672 [main] DEBUG org.hibernate.type.BasicTypeRegistry - Adding type registration java.time.Duration -> org.hibernate.type.BasicTypeReference@2eae4349
13:10:14.672 [main] DEBUG org.hibernate.type.BasicTypeRegistry - Adding type registration LocalDateTime -> org.hibernate.type.BasicTypeReference@e84fb85
13:10:14.672 [main] DEBUG org.hibernate.type.BasicTypeRegistry - Adding type registration java.time.LocalDateTime -> org.hibernate.type.BasicTypeReference@e84fb85
13:10:14.672 [main] DEBUG org.hibernate.type.BasicTypeRegistry - Adding type registration LocalDate -> org.hibernate.type.BasicTypeReference@68a4dcc6
13:10:14.672 [main] DEBUG org.hibernate.type.BasicTypeRegistry - Adding type registration java.time.LocalDate -> org.hibernate.type.BasicTypeReference@68a4dcc6
13:10:14.672 [main] DEBUG org.hibernate.type.BasicTypeRegistry - Adding type registration LocalTime -> org.hibernate.type.BasicTypeReference@646c0a67
13:10:14.672 [main] DEBUG org.hibernate.type.BasicTypeRegistry - Adding type registration java.time.LocalTime -> org.hibernate.type.BasicTypeReference@646c0a67
13:10:14.672 [main] DEBUG org.hibernate.type.BasicTypeRegistry - Adding type registration OffsetDateTime -> org.hibernate.type.BasicTypeReference@3804a9a8
13:10:14.672 [main] DEBUG org.hibernate.type.BasicTypeRegistry - Adding type registration java.time.OffsetDateTime -> org.hibernate.type.BasicTypeReference@3804a9a8
13:10:14.672 [main] DEBUG org.hibernate.type.BasicTypeRegistry - Adding type registration OffsetDateTimeWithTimezone -> org.hibernate.type.BasicTypeReference@117525fe
13:10:14.672 [main] DEBUG org.hibernate.type.BasicTypeRegistry - Adding type registration OffsetDateTimeWithoutTimezone -> org.hibernate.type.BasicTypeReference@5f7989fa
13:10:14.672 [main] DEBUG org.hibernate.type.BasicTypeRegistry - Adding type registration OffsetTime -> org.hibernate.type.BasicTypeReference@5bc28f40
13:10:14.672 [main] DEBUG org.hibernate.type.BasicTypeRegistry - Adding type registration java.time.OffsetTime -> org.hibernate.type.BasicTypeReference@5bc28f40
13:10:14.672 [main] DEBUG org.hibernate.type.BasicTypeRegistry - Adding type registration OffsetTimeUtc -> org.hibernate.type.BasicTypeReference@46963479
13:10:14.672 [main] DEBUG org.hibernate.type.BasicTypeRegistry - Adding type registration OffsetTimeWithTimezone -> org.hibernate.type.BasicTypeReference@7e74a380
13:10:14.672 [main] DEBUG org.hibernate.type.BasicTypeRegistry - Adding type registration OffsetTimeWithoutTimezone -> org.hibernate.type.BasicTypeReference@6dd1c3ed
13:10:14.672 [main] DEBUG org.hibernate.type.BasicTypeRegistry - Adding type registration ZonedDateTime -> org.hibernate.type.BasicTypeReference@22a6e998
13:10:14.672 [main] DEBUG org.hibernate.type.BasicTypeRegistry - Adding type registration java.time.ZonedDateTime -> org.hibernate.type.BasicTypeReference@22a6e998
13:10:14.672 [main] DEBUG org.hibernate.type.BasicTypeRegistry - Adding type registration ZonedDateTimeWithTimezone -> org.hibernate.type.BasicTypeReference@55e42449
13:10:14.672 [main] DEBUG org.hibernate.type.BasicTypeRegistry - Adding type registration ZonedDateTimeWithoutTimezone -> org.hibernate.type.BasicTypeReference@e57e5d6
13:10:14.672 [main] DEBUG org.hibernate.type.BasicTypeRegistry - Adding type registration date -> org.hibernate.type.BasicTypeReference@6dfa915a
13:10:14.672 [main] DEBUG org.hibernate.type.BasicTypeRegistry - Adding type registration java.sql.Date -> org.hibernate.type.BasicTypeReference@6dfa915a
13:10:14.672 [main] DEBUG org.hibernate.type.BasicTypeRegistry - Adding type registration time -> org.hibernate.type.BasicTypeReference@78054f54
13:10:14.672 [main] DEBUG org.hibernate.type.BasicTypeRegistry - Adding type registration java.sql.Time -> org.hibernate.type.BasicTypeReference@78054f54
13:10:14.672 [main] DEBUG org.hibernate.type.BasicTypeRegistry - Adding type registration timestamp -> org.hibernate.type.BasicTypeReference@cb7fa71
13:10:14.672 [main] DEBUG org.hibernate.type.BasicTypeRegistry - Adding type registration java.sql.Timestamp -> org.hibernate.type.BasicTypeReference@cb7fa71
13:10:14.672 [main] DEBUG org.hibernate.type.BasicTypeRegistry - Adding type registration java.util.Date -> org.hibernate.type.BasicTypeReference@cb7fa71
13:10:14.672 [main] DEBUG org.hibernate.type.BasicTypeRegistry - Adding type registration calendar -> org.hibernate.type.BasicTypeReference@3dffc764
13:10:14.672 [main] DEBUG org.hibernate.type.BasicTypeRegistry - Adding type registration java.util.Calendar -> org.hibernate.type.BasicTypeReference@3dffc764
13:10:14.672 [main] DEBUG org.hibernate.type.BasicTypeRegistry - Adding type registration java.util.GregorianCalendar -> org.hibernate.type.BasicTypeReference@3dffc764
13:10:14.672 [main] DEBUG org.hibernate.type.BasicTypeRegistry - Adding type registration calendar_date -> org.hibernate.type.BasicTypeReference@4b6e1c0
13:10:14.672 [main] DEBUG org.hibernate.type.BasicTypeRegistry - Adding type registration calendar_time -> org.hibernate.type.BasicTypeReference@561b61ed
13:10:14.672 [main] DEBUG org.hibernate.type.BasicTypeRegistry - Adding type registration instant -> org.hibernate.type.BasicTypeReference@654c7d2d
13:10:14.672 [main] DEBUG org.hibernate.type.BasicTypeRegistry - Adding type registration java.time.Instant -> org.hibernate.type.BasicTypeReference@654c7d2d
13:10:14.672 [main] DEBUG org.hibernate.type.BasicTypeRegistry - Adding type registration uuid -> org.hibernate.type.BasicTypeReference@26cb5207
13:10:14.672 [main] DEBUG org.hibernate.type.BasicTypeRegistry - Adding type registration java.util.UUID -> org.hibernate.type.BasicTypeReference@26cb5207
13:10:14.672 [main] DEBUG org.hibernate.type.BasicTypeRegistry - Adding type registration pg-uuid -> org.hibernate.type.BasicTypeReference@26cb5207
13:10:14.672 [main] DEBUG org.hibernate.type.BasicTypeRegistry - Adding type registration uuid-binary -> org.hibernate.type.BasicTypeReference@15400fff
13:10:14.672 [main] DEBUG org.hibernate.type.BasicTypeRegistry - Adding type registration uuid-char -> org.hibernate.type.BasicTypeReference@18d910b3
13:10:14.672 [main] DEBUG org.hibernate.type.BasicTypeRegistry - Adding type registration class -> org.hibernate.type.BasicTypeReference@1e7ab390
13:10:14.672 [main] DEBUG org.hibernate.type.BasicTypeRegistry - Adding type registration java.lang.Class -> org.hibernate.type.BasicTypeReference@1e7ab390
13:10:14.672 [main] DEBUG org.hibernate.type.BasicTypeRegistry - Adding type registration currency -> org.hibernate.type.BasicTypeReference@77774571
13:10:14.672 [main] DEBUG org.hibernate.type.BasicTypeRegistry - Adding type registration Currency -> org.hibernate.type.BasicTypeReference@77774571
13:10:14.672 [main] DEBUG org.hibernate.type.BasicTypeRegistry - Adding type registration java.util.Currency -> org.hibernate.type.BasicTypeReference@77774571
13:10:14.672 [main] DEBUG org.hibernate.type.BasicTypeRegistry - Adding type registration locale -> org.hibernate.type.BasicTypeReference@277b8fa4
13:10:14.672 [main] DEBUG org.hibernate.type.BasicTypeRegistry - Adding type registration java.util.Locale -> org.hibernate.type.BasicTypeReference@277b8fa4
13:10:14.672 [main] DEBUG org.hibernate.type.BasicTypeRegistry - Adding type registration serializable -> org.hibernate.type.BasicTypeReference@6cd64ee8
13:10:14.672 [main] DEBUG org.hibernate.type.BasicTypeRegistry - Adding type registration java.io.Serializable -> org.hibernate.type.BasicTypeReference@6cd64ee8
13:10:14.672 [main] DEBUG org.hibernate.type.BasicTypeRegistry - Adding type registration timezone -> org.hibernate.type.BasicTypeReference@620c8641
13:10:14.672 [main] DEBUG org.hibernate.type.BasicTypeRegistry - Adding type registration java.util.TimeZone -> org.hibernate.type.BasicTypeReference@620c8641
13:10:14.672 [main] DEBUG org.hibernate.type.BasicTypeRegistry - Adding type registration ZoneOffset -> org.hibernate.type.BasicTypeReference@2f1d0bbc
13:10:14.672 [main] DEBUG org.hibernate.type.BasicTypeRegistry - Adding type registration java.time.ZoneOffset -> org.hibernate.type.BasicTypeReference@2f1d0bbc
13:10:14.672 [main] DEBUG org.hibernate.type.BasicTypeRegistry - Adding type registration url -> org.hibernate.type.BasicTypeReference@5460b754
13:10:14.672 [main] DEBUG org.hibernate.type.BasicTypeRegistry - Adding type registration java.net.URL -> org.hibernate.type.BasicTypeReference@5460b754
13:10:14.672 [main] DEBUG org.hibernate.type.BasicTypeRegistry - Adding type registration vector -> org.hibernate.type.BasicTypeReference@a9f023e
13:10:14.672 [main] DEBUG org.hibernate.type.BasicTypeRegistry - Adding type registration row_version -> org.hibernate.type.BasicTypeReference@c27a3a2
13:10:14.672 [main] DEBUG org.hibernate.type.BasicTypeRegistry - Adding type registration object -> org.hibernate.type.JavaObjectType@28da7d11
13:10:14.672 [main] DEBUG org.hibernate.type.BasicTypeRegistry - Adding type registration java.lang.Object -> org.hibernate.type.JavaObjectType@28da7d11
13:10:14.672 [main] DEBUG org.hibernate.type.BasicTypeRegistry - Adding type registration null -> org.hibernate.type.NullType@4faa298
13:10:14.672 [main] DEBUG org.hibernate.type.BasicTypeRegistry - Adding type registration imm_date -> org.hibernate.type.BasicTypeReference@7d5505a9
13:10:14.672 [main] DEBUG org.hibernate.type.BasicTypeRegistry - Adding type registration imm_time -> org.hibernate.type.BasicTypeReference@7cf0d34
13:10:14.672 [main] DEBUG org.hibernate.type.BasicTypeRegistry - Adding type registration imm_timestamp -> org.hibernate.type.BasicTypeReference@1a5cb2b3
13:10:14.672 [main] DEBUG org.hibernate.type.BasicTypeRegistry - Adding type registration imm_calendar -> org.hibernate.type.BasicTypeReference@6a1f63fd
13:10:14.672 [main] DEBUG org.hibernate.type.BasicTypeRegistry - Adding type registration imm_calendar_date -> org.hibernate.type.BasicTypeReference@3f324b5a
13:10:14.672 [main] DEBUG org.hibernate.type.BasicTypeRegistry - Adding type registration imm_calendar_time -> org.hibernate.type.BasicTypeReference@406b5725
13:10:14.672 [main] DEBUG org.hibernate.type.BasicTypeRegistry - Adding type registration imm_binary -> org.hibernate.type.BasicTypeReference@3fddbcb1
13:10:14.672 [main] DEBUG org.hibernate.type.BasicTypeRegistry - Adding type registration imm_serializable -> org.hibernate.type.BasicTypeReference@2ecc303c
13:10:14.673 [main] DEBUG org.hibernate.boot.internal.BootstrapContextImpl - Injecting ScanEnvironment [org.hibernate.jpa.boot.internal.StandardJpaScanEnvironmentImpl@389c624] into BootstrapContext; was [null]
13:10:14.673 [main] DEBUG org.hibernate.boot.internal.BootstrapContextImpl - Injecting ScanOptions [org.hibernate.boot.archive.scan.internal.StandardScanOptions@19416b0f] into BootstrapContext; was [org.hibernate.boot.archive.scan.internal.StandardScanOptions@4bab64a2]
13:10:14.742 [main] DEBUG org.hibernate.boot.internal.BootstrapContextImpl - Injecting JPA temp ClassLoader [null] into BootstrapContext; was [null]
13:10:14.742 [main] DEBUG org.hibernate.boot.internal.ClassLoaderAccessImpl - ClassLoaderAccessImpl#injectTempClassLoader(null) [was null]
13:10:14.743 [main] INFO org.hibernate.engine.jdbc.connections.internal.ConnectionProviderInitiator - HHH000130: Instantiating explicit connection provider: org.hibernate.hikaricp.internal.HikariCPConnectionProvider
13:10:14.743 [main] DEBUG org.hibernate.hikaricp.internal.HikariCPConnectionProvider - Configuring HikariCP
13:10:14.743 [main] DEBUG com.zaxxer.hikari.HikariConfig - Driver class org.h2.Driver found in Thread context class loader jdk.internal.loader.ClassLoaders$AppClassLoader@70dea4e
13:10:14.743 [main] DEBUG com.zaxxer.hikari.HikariConfig - FRC-PM-HikariCP - configuration:
13:10:14.744 [main] DEBUG com.zaxxer.hikari.HikariConfig - allowPoolSuspension.............false
13:10:14.744 [main] DEBUG com.zaxxer.hikari.HikariConfig - autoCommit......................true
13:10:14.744 [main] DEBUG com.zaxxer.hikari.HikariConfig - catalog.........................none
13:10:14.744 [main] DEBUG com.zaxxer.hikari.HikariConfig - connectionInitSql...............none
13:10:14.744 [main] DEBUG com.zaxxer.hikari.HikariConfig - connectionTestQuery.............none
13:10:14.744 [main] DEBUG com.zaxxer.hikari.HikariConfig - connectionTimeout...............10000
13:10:14.744 [main] DEBUG com.zaxxer.hikari.HikariConfig - dataSource......................none
13:10:14.744 [main] DEBUG com.zaxxer.hikari.HikariConfig - dataSourceClassName.............none
13:10:14.744 [main] DEBUG com.zaxxer.hikari.HikariConfig - dataSourceJNDI..................none
13:10:14.744 [main] DEBUG com.zaxxer.hikari.HikariConfig - dataSourceProperties............{password=<masked>}
13:10:14.744 [main] DEBUG com.zaxxer.hikari.HikariConfig - driverClassName................."org.h2.Driver"
13:10:14.744 [main] DEBUG com.zaxxer.hikari.HikariConfig - exceptionOverrideClassName......none
13:10:14.744 [main] DEBUG com.zaxxer.hikari.HikariConfig - healthCheckProperties...........{}
13:10:14.744 [main] DEBUG com.zaxxer.hikari.HikariConfig - healthCheckRegistry.............none
13:10:14.744 [main] DEBUG com.zaxxer.hikari.HikariConfig - idleTimeout.....................30000
13:10:14.744 [main] DEBUG com.zaxxer.hikari.HikariConfig - initializationFailTimeout.......1
13:10:14.744 [main] DEBUG com.zaxxer.hikari.HikariConfig - isolateInternalQueries..........false
13:10:14.744 [main] DEBUG com.zaxxer.hikari.HikariConfig - jdbcUrl.........................jdbc:h2:mem:testdb;DB_CLOSE_DELAY=-1
13:10:14.744 [main] DEBUG com.zaxxer.hikari.HikariConfig - keepaliveTime...................0
13:10:14.744 [main] DEBUG com.zaxxer.hikari.HikariConfig - leakDetectionThreshold..........0
13:10:14.744 [main] DEBUG com.zaxxer.hikari.HikariConfig - maxLifetime.....................1800000
13:10:14.744 [main] DEBUG com.zaxxer.hikari.HikariConfig - maximumPoolSize.................10
13:10:14.744 [main] DEBUG com.zaxxer.hikari.HikariConfig - metricRegistry..................none
13:10:14.744 [main] DEBUG com.zaxxer.hikari.HikariConfig - metricsTrackerFactory...........none
13:10:14.744 [main] DEBUG com.zaxxer.hikari.HikariConfig - minimumIdle.....................2
13:10:14.744 [main] DEBUG com.zaxxer.hikari.HikariConfig - password........................<masked>
13:10:14.744 [main] DEBUG com.zaxxer.hikari.HikariConfig - poolName........................"FRC-PM-HikariCP"
13:10:14.744 [main] DEBUG com.zaxxer.hikari.HikariConfig - readOnly........................false
13:10:14.744 [main] DEBUG com.zaxxer.hikari.HikariConfig - registerMbeans..................false
13:10:14.744 [main] DEBUG com.zaxxer.hikari.HikariConfig - scheduledExecutor...............none
13:10:14.744 [main] DEBUG com.zaxxer.hikari.HikariConfig - schema..........................none
13:10:14.744 [main] DEBUG com.zaxxer.hikari.HikariConfig - threadFactory...................internal
13:10:14.744 [main] DEBUG com.zaxxer.hikari.HikariConfig - transactionIsolation............default
13:10:14.744 [main] DEBUG com.zaxxer.hikari.HikariConfig - username........................"sa"
13:10:14.744 [main] DEBUG com.zaxxer.hikari.HikariConfig - validationTimeout...............5000
13:10:14.744 [main] INFO com.zaxxer.hikari.HikariDataSource - FRC-PM-HikariCP - Starting...
13:10:14.745 [main] INFO com.zaxxer.hikari.pool.HikariPool - FRC-PM-HikariCP - Added connection conn36: url=jdbc:h2:mem:testdb user=SA
13:10:14.745 [main] INFO com.zaxxer.hikari.HikariDataSource - FRC-PM-HikariCP - Start completed.
13:10:14.745 [main] DEBUG org.hibernate.hikaricp.internal.HikariCPConnectionProvider - HikariCP Configured
13:10:14.745 [main] DEBUG org.hibernate.engine.jdbc.env.internal.JdbcEnvironmentInitiator - Database ->
	   name : H2
	version : 2.2.224 (2023-09-17)
	  major : 2
	  minor : 2
13:10:14.745 [main] DEBUG org.hibernate.engine.jdbc.env.internal.JdbcEnvironmentInitiator - Driver ->
	   name : H2 JDBC Driver
	version : 2.2.224 (2023-09-17)
	  major : 2
	  minor : 2
13:10:14.745 [main] DEBUG org.hibernate.engine.jdbc.env.internal.JdbcEnvironmentInitiator - JDBC version : 4.2
13:10:14.746 [main] WARN org.hibernate.orm.deprecation - HHH90000025: H2Dialect does not need to be specified explicitly using 'hibernate.dialect' (remove the property setting and it will be selected by default)
13:10:14.746 [main] DEBUG org.hibernate.orm.dialect - HHH035001: Using dialect: org.hibernate.dialect.H2Dialect, version: 2.2.224
13:10:14.746 [main] DEBUG org.hibernate.engine.jdbc.env.spi.IdentifierHelperBuilder - JDBC driver metadata reported database stores quoted identifiers in neither upper, lower nor mixed case
13:10:14.747 [main] DEBUG org.hibernate.type.descriptor.jdbc.spi.JdbcTypeRegistry - addDescriptor(NCharTypeDescriptor) replaced previous registration(CharTypeDescriptor)
13:10:14.747 [main] DEBUG org.hibernate.type.descriptor.jdbc.spi.JdbcTypeRegistry - addDescriptor(NVarcharTypeDescriptor) replaced previous registration(VarcharTypeDescriptor)
13:10:14.747 [main] DEBUG org.hibernate.type.descriptor.jdbc.spi.JdbcTypeRegistry - addDescriptor(LongNVarcharTypeDescriptor) replaced previous registration(LongVarcharTypeDescriptor)
13:10:14.747 [main] DEBUG org.hibernate.type.descriptor.jdbc.spi.JdbcTypeRegistry - addDescriptor(NClobTypeDescriptor(DEFAULT)) replaced previous registration(ClobTypeDescriptor(DEFAULT))
13:10:14.747 [main] DEBUG org.hibernate.type.descriptor.jdbc.spi.JdbcTypeRegistry - addDescriptor(2005, ClobTypeDescriptor(STREAM_BINDING)) replaced previous registration(ClobTypeDescriptor(DEFAULT))
13:10:14.747 [main] DEBUG org.hibernate.type.descriptor.jdbc.spi.JdbcTypeRegistry - addDescriptor(TimestampUtcDescriptor) replaced previous registration(TimestampUtcDescriptor)
13:10:14.747 [main] DEBUG org.hibernate.type.BasicTypeRegistry - Adding type registration org.hibernate.type.DurationType -> basicType@116(java.time.Duration,3015)
13:10:14.747 [main] DEBUG org.hibernate.type.BasicTypeRegistry - Adding type registration Duration -> basicType@116(java.time.Duration,3015)
13:10:14.747 [main] DEBUG org.hibernate.type.BasicTypeRegistry - Adding type registration java.time.Duration -> basicType@116(java.time.Duration,3015)
13:10:14.747 [main] DEBUG org.hibernate.type.spi.TypeConfiguration$Scope - Scoping TypeConfiguration [org.hibernate.type.spi.TypeConfiguration@4f0ee1eb] to MetadataBuildingContext [org.hibernate.boot.internal.MetadataBuildingContextRootImpl@5e3d2cfc]
13:10:14.747 [main] DEBUG org.hibernate.boot.model.relational.Namespace - Created database namespace [logicalName=Name{catalog=null, schema=null}, physicalName=Name{catalog=null, schema=null}]
13:10:14.749 [main] DEBUG org.hibernate.boot.model.internal.EntityBinder - Binding entity from annotated class: org.frcpm.models.Attendance
13:10:14.749 [main] DEBUG org.hibernate.boot.model.internal.EntityBinder - Import with entity name Attendance
13:10:14.750 [main] DEBUG org.hibernate.boot.model.internal.EntityBinder - Bind entity org.frcpm.models.Attendance on table attendances
13:10:14.750 [main] DEBUG org.hibernate.boot.model.internal.AnnotatedColumn - Binding column: AnnotatedDiscriminatorColumn(column='DTYPE')
13:10:14.751 [main] DEBUG org.hibernate.boot.model.internal.AnnotatedColumn - Binding column: AnnotatedColumn()
13:10:14.751 [main] DEBUG org.hibernate.boot.internal.ClassLoaderAccessImpl - Not known whether passed class name [org.frcpm.models.Attendance] is safe
13:10:14.751 [main] DEBUG org.hibernate.boot.internal.ClassLoaderAccessImpl - No temp ClassLoader provided; using live ClassLoader for loading potentially unsafe class : org.frcpm.models.Attendance
13:10:14.751 [main] DEBUG org.hibernate.boot.model.internal.PropertyBinder - MetadataSourceProcessor property id with lazy=false
13:10:14.751 [main] DEBUG org.hibernate.boot.model.internal.AbstractPropertyHolder - Attempting to locate auto-apply AttributeConverter for property [org.frcpm.models.Attendance:id]
13:10:14.751 [main] DEBUG org.hibernate.boot.model.internal.BasicValueBinder - building BasicValue for id
13:10:14.752 [main] DEBUG org.hibernate.mapping.BasicValue - Skipping column re-registration: attendances.id
13:10:14.752 [main] DEBUG org.hibernate.boot.model.internal.PropertyBinder - Building property id
13:10:14.752 [main] DEBUG org.hibernate.boot.model.internal.BinderHelper - #makeIdGenerator(BasicValue([Column(id)]), id, identity, , ...)
13:10:14.753 [main] DEBUG org.hibernate.boot.model.internal.AnnotatedColumn - Binding column: AnnotatedColumn(column='arrival_time')
13:10:14.753 [main] DEBUG org.hibernate.boot.model.internal.PropertyBinder - MetadataSourceProcessor property arrivalTime with lazy=false
13:10:14.753 [main] DEBUG org.hibernate.boot.model.internal.AbstractPropertyHolder - Attempting to locate auto-apply AttributeConverter for property [org.frcpm.models.Attendance:arrivalTime]
13:10:14.753 [main] DEBUG org.hibernate.boot.model.internal.BasicValueBinder - building BasicValue for arrivalTime
13:10:14.753 [main] DEBUG org.hibernate.mapping.BasicValue - Skipping column re-registration: attendances.arrival_time
13:10:14.753 [main] DEBUG org.hibernate.boot.model.internal.PropertyBinder - Building property arrivalTime
13:10:14.753 [main] DEBUG org.hibernate.boot.model.internal.AnnotatedColumn - Binding column: AnnotatedColumn(column='departure_time')
13:10:14.753 [main] DEBUG org.hibernate.boot.model.internal.PropertyBinder - MetadataSourceProcessor property departureTime with lazy=false
13:10:14.753 [main] DEBUG org.hibernate.boot.model.internal.AbstractPropertyHolder - Attempting to locate auto-apply AttributeConverter for property [org.frcpm.models.Attendance:departureTime]
13:10:14.753 [main] DEBUG org.hibernate.boot.model.internal.BasicValueBinder - building BasicValue for departureTime
13:10:14.753 [main] DEBUG org.hibernate.mapping.BasicValue - Skipping column re-registration: attendances.departure_time
13:10:14.753 [main] DEBUG org.hibernate.boot.model.internal.PropertyBinder - Building property departureTime
13:10:14.753 [main] DEBUG org.hibernate.boot.model.internal.AnnotatedColumn - Binding column: AnnotatedJoinColumn(column='meeting_id')
13:10:14.753 [main] DEBUG org.hibernate.boot.model.internal.AnnotatedColumn - Binding column: AnnotatedColumn()
13:10:14.753 [main] DEBUG org.hibernate.boot.model.internal.PropertyBinder - Building property meeting
13:10:14.754 [main] DEBUG org.hibernate.boot.model.internal.AnnotatedColumn - Binding column: AnnotatedJoinColumn(column='member_id')
13:10:14.754 [main] DEBUG org.hibernate.boot.model.internal.AnnotatedColumn - Binding column: AnnotatedColumn()
13:10:14.754 [main] DEBUG org.hibernate.boot.model.internal.PropertyBinder - Building property member
13:10:14.754 [main] DEBUG org.hibernate.boot.model.internal.AnnotatedColumn - Binding column: AnnotatedColumn(column='present')
13:10:14.754 [main] DEBUG org.hibernate.boot.model.internal.PropertyBinder - MetadataSourceProcessor property present with lazy=false
13:10:14.754 [main] DEBUG org.hibernate.boot.model.internal.AbstractPropertyHolder - Attempting to locate auto-apply AttributeConverter for property [org.frcpm.models.Attendance:present]
13:10:14.754 [main] DEBUG org.hibernate.boot.model.internal.BasicValueBinder - building BasicValue for present
13:10:14.754 [main] DEBUG org.hibernate.mapping.BasicValue - Skipping column re-registration: attendances.present
13:10:14.754 [main] DEBUG org.hibernate.boot.model.internal.PropertyBinder - Building property present
13:10:14.755 [main] DEBUG org.hibernate.boot.registry.classloading.internal.ClassLoaderServiceImpl - HHH000194: Package not found or no package-info.java: org.frcpm.models
13:10:14.756 [main] DEBUG org.hibernate.boot.model.internal.EntityBinder - Binding entity from annotated class: org.frcpm.models.Meeting
13:10:14.756 [main] DEBUG org.hibernate.boot.model.internal.EntityBinder - Import with entity name Meeting
13:10:14.756 [main] DEBUG org.hibernate.boot.model.internal.EntityBinder - Bind entity org.frcpm.models.Meeting on table meetings
13:10:14.756 [main] DEBUG org.hibernate.boot.model.internal.AnnotatedColumn - Binding column: AnnotatedDiscriminatorColumn(column='DTYPE')
13:10:14.756 [main] DEBUG org.hibernate.boot.model.internal.AnnotatedColumn - Binding column: AnnotatedColumn()
13:10:14.756 [main] DEBUG org.hibernate.boot.internal.ClassLoaderAccessImpl - Not known whether passed class name [org.frcpm.models.Meeting] is safe
13:10:14.756 [main] DEBUG org.hibernate.boot.internal.ClassLoaderAccessImpl - No temp ClassLoader provided; using live ClassLoader for loading potentially unsafe class : org.frcpm.models.Meeting
13:10:14.756 [main] DEBUG org.hibernate.boot.model.internal.PropertyBinder - MetadataSourceProcessor property id with lazy=false
13:10:14.756 [main] DEBUG org.hibernate.boot.model.internal.AbstractPropertyHolder - Attempting to locate auto-apply AttributeConverter for property [org.frcpm.models.Meeting:id]
13:10:14.756 [main] DEBUG org.hibernate.boot.model.internal.BasicValueBinder - building BasicValue for id
13:10:14.756 [main] DEBUG org.hibernate.mapping.BasicValue - Skipping column re-registration: meetings.id
13:10:14.756 [main] DEBUG org.hibernate.boot.model.internal.PropertyBinder - Building property id
13:10:14.756 [main] DEBUG org.hibernate.boot.model.internal.BinderHelper - #makeIdGenerator(BasicValue([Column(id)]), id, identity, , ...)
13:10:14.756 [main] DEBUG org.hibernate.boot.model.internal.AnnotatedColumn - Binding column: AnnotatedJoinColumn()
13:10:14.757 [main] DEBUG org.hibernate.boot.model.internal.AnnotatedColumn - Binding column: AnnotatedColumn()
13:10:14.757 [main] DEBUG org.hibernate.boot.model.internal.AnnotatedColumn - Binding column: IndexColumn(column='attendances_ORDER')
13:10:14.757 [main] DEBUG org.hibernate.boot.model.internal.AnnotatedColumn - Binding column: AnnotatedColumn()
13:10:14.757 [main] DEBUG org.hibernate.boot.model.internal.AnnotatedColumn - Binding column: AnnotatedColumn(column='attendances_KEY')
13:10:14.757 [main] DEBUG org.hibernate.boot.model.internal.AnnotatedColumn - Binding column: AnnotatedJoinColumn(column='attendances_KEY')
13:10:14.757 [main] DEBUG org.hibernate.boot.model.internal.AnnotatedColumn - Binding column: AnnotatedJoinColumn()
13:10:14.757 [main] DEBUG org.hibernate.boot.model.internal.AnnotatedColumn - Binding column: AnnotatedJoinColumn()
13:10:14.757 [main] DEBUG org.hibernate.boot.model.internal.CollectionBinder - Collection role: org.frcpm.models.Meeting.attendances
13:10:14.757 [main] DEBUG org.hibernate.boot.model.internal.PropertyBinder - Building property attendances
13:10:14.757 [main] DEBUG org.hibernate.boot.model.internal.AnnotatedColumn - Binding column: AnnotatedColumn(column='date')
13:10:14.757 [main] DEBUG org.hibernate.boot.model.internal.PropertyBinder - MetadataSourceProcessor property date with lazy=false
13:10:14.757 [main] DEBUG org.hibernate.boot.model.internal.AbstractPropertyHolder - Attempting to locate auto-apply AttributeConverter for property [org.frcpm.models.Meeting:date]
13:10:14.757 [main] DEBUG org.hibernate.boot.model.internal.BasicValueBinder - building BasicValue for date
13:10:14.757 [main] DEBUG org.hibernate.mapping.BasicValue - Skipping column re-registration: meetings.date
13:10:14.757 [main] DEBUG org.hibernate.boot.model.internal.PropertyBinder - Building property date
13:10:14.757 [main] DEBUG org.hibernate.boot.model.internal.AnnotatedColumn - Binding column: AnnotatedColumn(column='end_time')
13:10:14.757 [main] DEBUG org.hibernate.boot.model.internal.PropertyBinder - MetadataSourceProcessor property endTime with lazy=false
13:10:14.757 [main] DEBUG org.hibernate.boot.model.internal.AbstractPropertyHolder - Attempting to locate auto-apply AttributeConverter for property [org.frcpm.models.Meeting:endTime]
13:10:14.757 [main] DEBUG org.hibernate.boot.model.internal.BasicValueBinder - building BasicValue for endTime
13:10:14.757 [main] DEBUG org.hibernate.mapping.BasicValue - Skipping column re-registration: meetings.end_time
13:10:14.757 [main] DEBUG org.hibernate.boot.model.internal.PropertyBinder - Building property endTime
13:10:14.757 [main] DEBUG org.hibernate.boot.model.internal.AnnotatedColumn - Binding column: AnnotatedColumn(column='notes')
13:10:14.757 [main] DEBUG org.hibernate.boot.model.internal.PropertyBinder - MetadataSourceProcessor property notes with lazy=false
13:10:14.757 [main] DEBUG org.hibernate.boot.model.internal.AbstractPropertyHolder - Attempting to locate auto-apply AttributeConverter for property [org.frcpm.models.Meeting:notes]
13:10:14.757 [main] DEBUG org.hibernate.boot.model.internal.BasicValueBinder - building BasicValue for notes
13:10:14.757 [main] DEBUG org.hibernate.mapping.BasicValue - Skipping column re-registration: meetings.notes
13:10:14.757 [main] DEBUG org.hibernate.boot.model.internal.PropertyBinder - Building property notes
13:10:14.757 [main] DEBUG org.hibernate.boot.model.internal.AnnotatedColumn - Binding column: AnnotatedJoinColumn(column='project_id')
13:10:14.761 [main] DEBUG org.hibernate.boot.model.internal.AnnotatedColumn - Binding column: AnnotatedColumn()
13:10:14.761 [main] DEBUG org.hibernate.boot.model.internal.PropertyBinder - Building property project
13:10:14.761 [main] DEBUG org.hibernate.boot.model.internal.AnnotatedColumn - Binding column: AnnotatedColumn(column='start_time')
13:10:14.761 [main] DEBUG org.hibernate.boot.model.internal.PropertyBinder - MetadataSourceProcessor property startTime with lazy=false
13:10:14.761 [main] DEBUG org.hibernate.boot.model.internal.AbstractPropertyHolder - Attempting to locate auto-apply AttributeConverter for property [org.frcpm.models.Meeting:startTime]
13:10:14.761 [main] DEBUG org.hibernate.boot.model.internal.BasicValueBinder - building BasicValue for startTime
13:10:14.761 [main] DEBUG org.hibernate.mapping.BasicValue - Skipping column re-registration: meetings.start_time
13:10:14.761 [main] DEBUG org.hibernate.boot.model.internal.PropertyBinder - Building property startTime
13:10:14.762 [main] DEBUG org.hibernate.boot.registry.classloading.internal.ClassLoaderServiceImpl - HHH000194: Package not found or no package-info.java: org.frcpm.models
13:10:14.762 [main] DEBUG org.hibernate.boot.model.internal.EntityBinder - Binding entity from annotated class: org.frcpm.models.Subsystem
13:10:14.762 [main] DEBUG org.hibernate.boot.model.internal.EntityBinder - Import with entity name Subsystem
13:10:14.762 [main] DEBUG org.hibernate.boot.model.internal.EntityBinder - Bind entity org.frcpm.models.Subsystem on table subsystems
13:10:14.762 [main] DEBUG org.hibernate.boot.model.internal.AnnotatedColumn - Binding column: AnnotatedDiscriminatorColumn(column='DTYPE')
13:10:14.763 [main] DEBUG org.hibernate.boot.model.internal.AnnotatedColumn - Binding column: AnnotatedColumn()
13:10:14.763 [main] DEBUG org.hibernate.boot.internal.ClassLoaderAccessImpl - Not known whether passed class name [org.frcpm.models.Subsystem] is safe
13:10:14.763 [main] DEBUG org.hibernate.boot.internal.ClassLoaderAccessImpl - No temp ClassLoader provided; using live ClassLoader for loading potentially unsafe class : org.frcpm.models.Subsystem
13:10:14.763 [main] DEBUG org.hibernate.boot.model.internal.PropertyBinder - MetadataSourceProcessor property id with lazy=false
13:10:14.763 [main] DEBUG org.hibernate.boot.model.internal.AbstractPropertyHolder - Attempting to locate auto-apply AttributeConverter for property [org.frcpm.models.Subsystem:id]
13:10:14.763 [main] DEBUG org.hibernate.boot.model.internal.BasicValueBinder - building BasicValue for id
13:10:14.763 [main] DEBUG org.hibernate.mapping.BasicValue - Skipping column re-registration: subsystems.id
13:10:14.763 [main] DEBUG org.hibernate.boot.model.internal.PropertyBinder - Building property id
13:10:14.763 [main] DEBUG org.hibernate.boot.model.internal.BinderHelper - #makeIdGenerator(BasicValue([Column(id)]), id, identity, , ...)
13:10:14.763 [main] DEBUG org.hibernate.boot.model.internal.AnnotatedColumn - Binding column: AnnotatedColumn(column='description')
13:10:14.763 [main] DEBUG org.hibernate.boot.model.internal.PropertyBinder - MetadataSourceProcessor property description with lazy=false
13:10:14.763 [main] DEBUG org.hibernate.boot.model.internal.AbstractPropertyHolder - Attempting to locate auto-apply AttributeConverter for property [org.frcpm.models.Subsystem:description]
13:10:14.763 [main] DEBUG org.hibernate.boot.model.internal.BasicValueBinder - building BasicValue for description
13:10:14.763 [main] DEBUG org.hibernate.mapping.BasicValue - Skipping column re-registration: subsystems.description
13:10:14.763 [main] DEBUG org.hibernate.boot.model.internal.PropertyBinder - Building property description
13:10:14.763 [main] DEBUG org.hibernate.boot.model.internal.AnnotatedColumn - Binding column: AnnotatedColumn(column='name')
13:10:14.763 [main] DEBUG org.hibernate.boot.model.internal.PropertyBinder - MetadataSourceProcessor property name with lazy=false
13:10:14.763 [main] DEBUG org.hibernate.boot.model.internal.AbstractPropertyHolder - Attempting to locate auto-apply AttributeConverter for property [org.frcpm.models.Subsystem:name]
13:10:14.763 [main] DEBUG org.hibernate.boot.model.internal.BasicValueBinder - building BasicValue for name
13:10:14.763 [main] DEBUG org.hibernate.mapping.BasicValue - Skipping column re-registration: subsystems.name
13:10:14.763 [main] DEBUG org.hibernate.boot.model.internal.PropertyBinder - Building property name
13:10:14.763 [main] DEBUG org.hibernate.boot.model.internal.AnnotatedColumn - Binding column: AnnotatedJoinColumn(column='responsible_subteam_id')
13:10:14.763 [main] DEBUG org.hibernate.boot.model.internal.AnnotatedColumn - Binding column: AnnotatedColumn()
13:10:14.763 [main] DEBUG org.hibernate.boot.model.internal.PropertyBinder - Building property responsibleSubteam
13:10:14.763 [main] DEBUG org.hibernate.boot.model.internal.AnnotatedColumn - Binding column: AnnotatedColumn(column='status')
13:10:14.763 [main] DEBUG org.hibernate.boot.model.internal.PropertyBinder - MetadataSourceProcessor property status with lazy=false
13:10:14.763 [main] DEBUG org.hibernate.boot.model.internal.AbstractPropertyHolder - Attempting to locate auto-apply AttributeConverter for property [org.frcpm.models.Subsystem:status]
13:10:14.763 [main] DEBUG org.hibernate.boot.model.internal.BasicValueBinder - building BasicValue for status
13:10:14.763 [main] DEBUG org.hibernate.mapping.BasicValue - Skipping column re-registration: subsystems.status
13:10:14.763 [main] DEBUG org.hibernate.boot.model.internal.PropertyBinder - Building property status
13:10:14.763 [main] DEBUG org.hibernate.boot.model.internal.AnnotatedColumn - Binding column: AnnotatedJoinColumn()
13:10:14.763 [main] DEBUG org.hibernate.boot.model.internal.AnnotatedColumn - Binding column: AnnotatedColumn()
13:10:14.763 [main] DEBUG org.hibernate.boot.model.internal.AnnotatedColumn - Binding column: IndexColumn(column='tasks_ORDER')
13:10:14.763 [main] DEBUG org.hibernate.boot.model.internal.AnnotatedColumn - Binding column: AnnotatedColumn()
13:10:14.763 [main] DEBUG org.hibernate.boot.model.internal.AnnotatedColumn - Binding column: AnnotatedColumn(column='tasks_KEY')
13:10:14.763 [main] DEBUG org.hibernate.boot.model.internal.AnnotatedColumn - Binding column: AnnotatedJoinColumn(column='tasks_KEY')
13:10:14.763 [main] DEBUG org.hibernate.boot.model.internal.AnnotatedColumn - Binding column: AnnotatedJoinColumn()
13:10:14.763 [main] DEBUG org.hibernate.boot.model.internal.AnnotatedColumn - Binding column: AnnotatedJoinColumn()
13:10:14.763 [main] DEBUG org.hibernate.boot.model.internal.CollectionBinder - Collection role: org.frcpm.models.Subsystem.tasks
13:10:14.763 [main] DEBUG org.hibernate.boot.model.internal.PropertyBinder - Building property tasks
13:10:14.764 [main] DEBUG org.hibernate.boot.registry.classloading.internal.ClassLoaderServiceImpl - HHH000194: Package not found or no package-info.java: org.frcpm.models
13:10:14.764 [main] DEBUG org.hibernate.boot.model.internal.EntityBinder - Binding entity from annotated class: org.frcpm.models.Component
13:10:14.764 [main] DEBUG org.hibernate.boot.model.internal.EntityBinder - Import with entity name Component
13:10:14.764 [main] DEBUG org.hibernate.boot.model.internal.EntityBinder - Bind entity org.frcpm.models.Component on table components
13:10:14.764 [main] DEBUG org.hibernate.boot.model.internal.AnnotatedColumn - Binding column: AnnotatedDiscriminatorColumn(column='DTYPE')
13:10:14.764 [main] DEBUG org.hibernate.boot.model.internal.AnnotatedColumn - Binding column: AnnotatedColumn()
13:10:14.764 [main] DEBUG org.hibernate.boot.internal.ClassLoaderAccessImpl - Not known whether passed class name [org.frcpm.models.Component] is safe
13:10:14.764 [main] DEBUG org.hibernate.boot.internal.ClassLoaderAccessImpl - No temp ClassLoader provided; using live ClassLoader for loading potentially unsafe class : org.frcpm.models.Component
13:10:14.764 [main] DEBUG org.hibernate.boot.model.internal.PropertyBinder - MetadataSourceProcessor property id with lazy=false
13:10:14.764 [main] DEBUG org.hibernate.boot.model.internal.AbstractPropertyHolder - Attempting to locate auto-apply AttributeConverter for property [org.frcpm.models.Component:id]
13:10:14.764 [main] DEBUG org.hibernate.boot.model.internal.BasicValueBinder - building BasicValue for id
13:10:14.764 [main] DEBUG org.hibernate.mapping.BasicValue - Skipping column re-registration: components.id
13:10:14.765 [main] DEBUG org.hibernate.boot.model.internal.PropertyBinder - Building property id
13:10:14.765 [main] DEBUG org.hibernate.boot.model.internal.BinderHelper - #makeIdGenerator(BasicValue([Column(id)]), id, identity, , ...)
13:10:14.765 [main] DEBUG org.hibernate.boot.model.internal.AnnotatedColumn - Binding column: AnnotatedColumn(column='actual_delivery')
13:10:14.765 [main] DEBUG org.hibernate.boot.model.internal.PropertyBinder - MetadataSourceProcessor property actualDelivery with lazy=false
13:10:14.765 [main] DEBUG org.hibernate.boot.model.internal.AbstractPropertyHolder - Attempting to locate auto-apply AttributeConverter for property [org.frcpm.models.Component:actualDelivery]
13:10:14.765 [main] DEBUG org.hibernate.boot.model.internal.BasicValueBinder - building BasicValue for actualDelivery
13:10:14.765 [main] DEBUG org.hibernate.mapping.BasicValue - Skipping column re-registration: components.actual_delivery
13:10:14.765 [main] DEBUG org.hibernate.boot.model.internal.PropertyBinder - Building property actualDelivery
13:10:14.765 [main] DEBUG org.hibernate.boot.model.internal.AnnotatedColumn - Binding column: AnnotatedColumn(column='is_delivered')
13:10:14.765 [main] DEBUG org.hibernate.boot.model.internal.PropertyBinder - MetadataSourceProcessor property delivered with lazy=false
13:10:14.765 [main] DEBUG org.hibernate.boot.model.internal.AbstractPropertyHolder - Attempting to locate auto-apply AttributeConverter for property [org.frcpm.models.Component:delivered]
13:10:14.765 [main] DEBUG org.hibernate.boot.model.internal.BasicValueBinder - building BasicValue for delivered
13:10:14.765 [main] DEBUG org.hibernate.mapping.BasicValue - Skipping column re-registration: components.is_delivered
13:10:14.765 [main] DEBUG org.hibernate.boot.model.internal.PropertyBinder - Building property delivered
13:10:14.765 [main] DEBUG org.hibernate.boot.model.internal.AnnotatedColumn - Binding column: AnnotatedColumn(column='description')
13:10:14.765 [main] DEBUG org.hibernate.boot.model.internal.PropertyBinder - MetadataSourceProcessor property description with lazy=false
13:10:14.765 [main] DEBUG org.hibernate.boot.model.internal.AbstractPropertyHolder - Attempting to locate auto-apply AttributeConverter for property [org.frcpm.models.Component:description]
13:10:14.765 [main] DEBUG org.hibernate.boot.model.internal.BasicValueBinder - building BasicValue for description
13:10:14.765 [main] DEBUG org.hibernate.mapping.BasicValue - Skipping column re-registration: components.description
13:10:14.765 [main] DEBUG org.hibernate.boot.model.internal.PropertyBinder - Building property description
13:10:14.765 [main] DEBUG org.hibernate.boot.model.internal.AnnotatedColumn - Binding column: AnnotatedColumn(column='expected_delivery')
13:10:14.765 [main] DEBUG org.hibernate.boot.model.internal.PropertyBinder - MetadataSourceProcessor property expectedDelivery with lazy=false
13:10:14.765 [main] DEBUG org.hibernate.boot.model.internal.AbstractPropertyHolder - Attempting to locate auto-apply AttributeConverter for property [org.frcpm.models.Component:expectedDelivery]
13:10:14.765 [main] DEBUG org.hibernate.boot.model.internal.BasicValueBinder - building BasicValue for expectedDelivery
13:10:14.766 [main] DEBUG org.hibernate.mapping.BasicValue - Skipping column re-registration: components.expected_delivery
13:10:14.766 [main] DEBUG org.hibernate.boot.model.internal.PropertyBinder - Building property expectedDelivery
13:10:14.766 [main] DEBUG org.hibernate.boot.model.internal.AnnotatedColumn - Binding column: AnnotatedColumn(column='name')
13:10:14.766 [main] DEBUG org.hibernate.boot.model.internal.PropertyBinder - MetadataSourceProcessor property name with lazy=false
13:10:14.766 [main] DEBUG org.hibernate.boot.model.internal.AbstractPropertyHolder - Attempting to locate auto-apply AttributeConverter for property [org.frcpm.models.Component:name]
13:10:14.766 [main] DEBUG org.hibernate.boot.model.internal.BasicValueBinder - building BasicValue for name
13:10:14.766 [main] DEBUG org.hibernate.mapping.BasicValue - Skipping column re-registration: components.name
13:10:14.766 [main] DEBUG org.hibernate.boot.model.internal.PropertyBinder - Building property name
13:10:14.766 [main] DEBUG org.hibernate.boot.model.internal.AnnotatedColumn - Binding column: AnnotatedColumn(column='part_number')
13:10:14.766 [main] DEBUG org.hibernate.boot.model.internal.PropertyBinder - MetadataSourceProcessor property partNumber with lazy=false
13:10:14.766 [main] DEBUG org.hibernate.boot.model.internal.AbstractPropertyHolder - Attempting to locate auto-apply AttributeConverter for property [org.frcpm.models.Component:partNumber]
13:10:14.766 [main] DEBUG org.hibernate.boot.model.internal.BasicValueBinder - building BasicValue for partNumber
13:10:14.766 [main] DEBUG org.hibernate.mapping.BasicValue - Skipping column re-registration: components.part_number
13:10:14.766 [main] DEBUG org.hibernate.boot.model.internal.PropertyBinder - Building property partNumber
13:10:14.766 [main] DEBUG org.hibernate.boot.model.internal.AnnotatedColumn - Binding column: IndexColumn(column='requiredForTasks_ORDER')
13:10:14.766 [main] DEBUG org.hibernate.boot.model.internal.AnnotatedColumn - Binding column: AnnotatedColumn()
13:10:14.766 [main] DEBUG org.hibernate.boot.model.internal.AnnotatedColumn - Binding column: AnnotatedColumn(column='requiredForTasks_KEY')
13:10:14.766 [main] DEBUG org.hibernate.boot.model.internal.AnnotatedColumn - Binding column: AnnotatedJoinColumn(column='requiredForTasks_KEY')
13:10:14.766 [main] DEBUG org.hibernate.boot.model.internal.AnnotatedColumn - Binding column: AnnotatedJoinColumn()
13:10:14.766 [main] DEBUG org.hibernate.boot.model.internal.AnnotatedColumn - Binding column: AnnotatedJoinColumn()
13:10:14.766 [main] DEBUG org.hibernate.boot.model.internal.CollectionBinder - Collection role: org.frcpm.models.Component.requiredForTasks
13:10:14.766 [main] DEBUG org.hibernate.boot.model.internal.PropertyBinder - Building property requiredForTasks
13:10:14.769 [main] DEBUG org.hibernate.boot.registry.classloading.internal.ClassLoaderServiceImpl - HHH000194: Package not found or no package-info.java: org.frcpm.models
13:10:14.769 [frcpm-hikari-pool housekeeper] DEBUG com.zaxxer.hikari.pool.HikariPool - frcpm-hikari-pool - Before cleanup stats (total=1, active=0, idle=1, waiting=0)
13:10:14.769 [frcpm-hikari-pool housekeeper] DEBUG com.zaxxer.hikari.pool.HikariPool - frcpm-hikari-pool - After cleanup  stats (total=1, active=0, idle=1, waiting=0)
13:10:14.769 [main] DEBUG org.hibernate.boot.model.internal.EntityBinder - Binding entity from annotated class: org.frcpm.models.Milestone
13:10:14.769 [main] DEBUG org.hibernate.boot.model.internal.EntityBinder - Import with entity name Milestone
13:10:14.769 [main] DEBUG org.hibernate.boot.model.internal.EntityBinder - Bind entity org.frcpm.models.Milestone on table milestones
13:10:14.770 [main] DEBUG org.hibernate.boot.model.internal.AnnotatedColumn - Binding column: AnnotatedDiscriminatorColumn(column='DTYPE')
13:10:14.770 [main] DEBUG org.hibernate.boot.model.internal.AnnotatedColumn - Binding column: AnnotatedColumn()
13:10:14.770 [main] DEBUG org.hibernate.boot.internal.ClassLoaderAccessImpl - Not known whether passed class name [org.frcpm.models.Milestone] is safe
13:10:14.770 [main] DEBUG org.hibernate.boot.internal.ClassLoaderAccessImpl - No temp ClassLoader provided; using live ClassLoader for loading potentially unsafe class : org.frcpm.models.Milestone
13:10:14.770 [main] DEBUG org.hibernate.boot.model.internal.PropertyBinder - MetadataSourceProcessor property id with lazy=false
13:10:14.770 [main] DEBUG org.hibernate.boot.model.internal.AbstractPropertyHolder - Attempting to locate auto-apply AttributeConverter for property [org.frcpm.models.Milestone:id]
13:10:14.770 [main] DEBUG org.hibernate.boot.model.internal.BasicValueBinder - building BasicValue for id
13:10:14.770 [main] DEBUG org.hibernate.mapping.BasicValue - Skipping column re-registration: milestones.id
13:10:14.770 [main] DEBUG org.hibernate.boot.model.internal.PropertyBinder - Building property id
13:10:14.770 [main] DEBUG org.hibernate.boot.model.internal.BinderHelper - #makeIdGenerator(BasicValue([Column(id)]), id, identity, , ...)
13:10:14.771 [main] DEBUG org.hibernate.boot.model.internal.AnnotatedColumn - Binding column: AnnotatedColumn(column='date')
13:10:14.771 [main] DEBUG org.hibernate.boot.model.internal.PropertyBinder - MetadataSourceProcessor property date with lazy=false
13:10:14.771 [main] DEBUG org.hibernate.boot.model.internal.AbstractPropertyHolder - Attempting to locate auto-apply AttributeConverter for property [org.frcpm.models.Milestone:date]
13:10:14.771 [main] DEBUG org.hibernate.boot.model.internal.BasicValueBinder - building BasicValue for date
13:10:14.771 [main] DEBUG org.hibernate.mapping.BasicValue - Skipping column re-registration: milestones.date
13:10:14.771 [main] DEBUG org.hibernate.boot.model.internal.PropertyBinder - Building property date
13:10:14.771 [frcpm-hikari-pool connection adder] DEBUG com.zaxxer.hikari.pool.HikariPool - frcpm-hikari-pool - Added connection conn37: url=jdbc:h2:mem:testdb user=SA
13:10:14.771 [main] DEBUG org.hibernate.boot.model.internal.AnnotatedColumn - Binding column: AnnotatedColumn(column='description')
13:10:14.771 [main] DEBUG org.hibernate.boot.model.internal.PropertyBinder - MetadataSourceProcessor property description with lazy=false
13:10:14.771 [main] DEBUG org.hibernate.boot.model.internal.AbstractPropertyHolder - Attempting to locate auto-apply AttributeConverter for property [org.frcpm.models.Milestone:description]
13:10:14.771 [main] DEBUG org.hibernate.boot.model.internal.BasicValueBinder - building BasicValue for description
13:10:14.771 [main] DEBUG org.hibernate.mapping.BasicValue - Skipping column re-registration: milestones.description
13:10:14.771 [main] DEBUG org.hibernate.boot.model.internal.PropertyBinder - Building property description
13:10:14.771 [main] DEBUG org.hibernate.boot.model.internal.AnnotatedColumn - Binding column: AnnotatedColumn(column='name')
13:10:14.771 [main] DEBUG org.hibernate.boot.model.internal.PropertyBinder - MetadataSourceProcessor property name with lazy=false
13:10:14.771 [main] DEBUG org.hibernate.boot.model.internal.AbstractPropertyHolder - Attempting to locate auto-apply AttributeConverter for property [org.frcpm.models.Milestone:name]
13:10:14.771 [main] DEBUG org.hibernate.boot.model.internal.BasicValueBinder - building BasicValue for name
13:10:14.771 [main] DEBUG org.hibernate.mapping.BasicValue - Skipping column re-registration: milestones.name
13:10:14.771 [main] DEBUG org.hibernate.boot.model.internal.PropertyBinder - Building property name
13:10:14.771 [main] DEBUG org.hibernate.boot.model.internal.AnnotatedColumn - Binding column: AnnotatedJoinColumn(column='project_id')
13:10:14.771 [main] DEBUG org.hibernate.boot.model.internal.AnnotatedColumn - Binding column: AnnotatedColumn()
13:10:14.771 [main] DEBUG org.hibernate.boot.model.internal.PropertyBinder - Building property project
13:10:14.772 [main] DEBUG org.hibernate.boot.registry.classloading.internal.ClassLoaderServiceImpl - HHH000194: Package not found or no package-info.java: org.frcpm.models
13:10:14.773 [main] DEBUG org.hibernate.boot.model.internal.EntityBinder - Binding entity from annotated class: org.frcpm.models.Project
13:10:14.773 [main] DEBUG org.hibernate.boot.model.internal.EntityBinder - Import with entity name Project
13:10:14.773 [main] DEBUG org.hibernate.boot.model.internal.EntityBinder - Bind entity org.frcpm.models.Project on table projects
13:10:14.773 [main] DEBUG org.hibernate.boot.model.internal.AnnotatedColumn - Binding column: AnnotatedDiscriminatorColumn(column='DTYPE')
13:10:14.773 [main] DEBUG org.hibernate.boot.model.internal.AnnotatedColumn - Binding column: AnnotatedColumn()
13:10:14.773 [main] DEBUG org.hibernate.boot.internal.ClassLoaderAccessImpl - Not known whether passed class name [org.frcpm.models.Project] is safe
13:10:14.773 [main] DEBUG org.hibernate.boot.internal.ClassLoaderAccessImpl - No temp ClassLoader provided; using live ClassLoader for loading potentially unsafe class : org.frcpm.models.Project
13:10:14.773 [main] DEBUG org.hibernate.boot.model.internal.PropertyBinder - MetadataSourceProcessor property id with lazy=false
13:10:14.773 [main] DEBUG org.hibernate.boot.model.internal.AbstractPropertyHolder - Attempting to locate auto-apply AttributeConverter for property [org.frcpm.models.Project:id]
13:10:14.773 [main] DEBUG org.hibernate.boot.model.internal.BasicValueBinder - building BasicValue for id
13:10:14.773 [main] DEBUG org.hibernate.mapping.BasicValue - Skipping column re-registration: projects.id
13:10:14.773 [main] DEBUG org.hibernate.boot.model.internal.PropertyBinder - Building property id
13:10:14.773 [main] DEBUG org.hibernate.boot.model.internal.BinderHelper - #makeIdGenerator(BasicValue([Column(id)]), id, identity, , ...)
13:10:14.774 [main] DEBUG org.hibernate.boot.model.internal.AnnotatedColumn - Binding column: AnnotatedColumn(column='description')
13:10:14.774 [main] DEBUG org.hibernate.boot.model.internal.PropertyBinder - MetadataSourceProcessor property description with lazy=false
13:10:14.774 [main] DEBUG org.hibernate.boot.model.internal.AbstractPropertyHolder - Attempting to locate auto-apply AttributeConverter for property [org.frcpm.models.Project:description]
13:10:14.774 [main] DEBUG org.hibernate.boot.model.internal.BasicValueBinder - building BasicValue for description
13:10:14.774 [main] DEBUG org.hibernate.mapping.BasicValue - Skipping column re-registration: projects.description
13:10:14.774 [main] DEBUG org.hibernate.boot.model.internal.PropertyBinder - Building property description
13:10:14.774 [main] DEBUG org.hibernate.boot.model.internal.AnnotatedColumn - Binding column: AnnotatedColumn(column='goal_end_date')
13:10:14.774 [main] DEBUG org.hibernate.boot.model.internal.PropertyBinder - MetadataSourceProcessor property goalEndDate with lazy=false
13:10:14.774 [main] DEBUG org.hibernate.boot.model.internal.AbstractPropertyHolder - Attempting to locate auto-apply AttributeConverter for property [org.frcpm.models.Project:goalEndDate]
13:10:14.774 [main] DEBUG org.hibernate.boot.model.internal.BasicValueBinder - building BasicValue for goalEndDate
13:10:14.774 [main] DEBUG org.hibernate.mapping.BasicValue - Skipping column re-registration: projects.goal_end_date
13:10:14.774 [main] DEBUG org.hibernate.boot.model.internal.PropertyBinder - Building property goalEndDate
13:10:14.774 [main] DEBUG org.hibernate.boot.model.internal.AnnotatedColumn - Binding column: AnnotatedColumn(column='hard_deadline')
13:10:14.774 [main] DEBUG org.hibernate.boot.model.internal.PropertyBinder - MetadataSourceProcessor property hardDeadline with lazy=false
13:10:14.774 [main] DEBUG org.hibernate.boot.model.internal.AbstractPropertyHolder - Attempting to locate auto-apply AttributeConverter for property [org.frcpm.models.Project:hardDeadline]
13:10:14.774 [main] DEBUG org.hibernate.boot.model.internal.BasicValueBinder - building BasicValue for hardDeadline
13:10:14.774 [main] DEBUG org.hibernate.mapping.BasicValue - Skipping column re-registration: projects.hard_deadline
13:10:14.774 [main] DEBUG org.hibernate.boot.model.internal.PropertyBinder - Building property hardDeadline
13:10:14.774 [main] DEBUG org.hibernate.boot.model.internal.AnnotatedColumn - Binding column: AnnotatedJoinColumn()
13:10:14.774 [main] DEBUG org.hibernate.boot.model.internal.AnnotatedColumn - Binding column: AnnotatedColumn()
13:10:14.774 [main] DEBUG org.hibernate.boot.model.internal.AnnotatedColumn - Binding column: IndexColumn(column='meetings_ORDER')
13:10:14.774 [main] DEBUG org.hibernate.boot.model.internal.AnnotatedColumn - Binding column: AnnotatedColumn()
13:10:14.774 [main] DEBUG org.hibernate.boot.model.internal.AnnotatedColumn - Binding column: AnnotatedColumn(column='meetings_KEY')
13:10:14.774 [main] DEBUG org.hibernate.boot.model.internal.AnnotatedColumn - Binding column: AnnotatedJoinColumn(column='meetings_KEY')
13:10:14.774 [main] DEBUG org.hibernate.boot.model.internal.AnnotatedColumn - Binding column: AnnotatedJoinColumn()
13:10:14.774 [main] DEBUG org.hibernate.boot.model.internal.AnnotatedColumn - Binding column: AnnotatedJoinColumn()
13:10:14.774 [main] DEBUG org.hibernate.boot.model.internal.CollectionBinder - Collection role: org.frcpm.models.Project.meetings
13:10:14.774 [main] DEBUG org.hibernate.boot.model.internal.PropertyBinder - Building property meetings
13:10:14.775 [main] DEBUG org.hibernate.boot.model.internal.AnnotatedColumn - Binding column: AnnotatedJoinColumn()
13:10:14.775 [main] DEBUG org.hibernate.boot.model.internal.AnnotatedColumn - Binding column: AnnotatedColumn()
13:10:14.775 [main] DEBUG org.hibernate.boot.model.internal.AnnotatedColumn - Binding column: IndexColumn(column='milestones_ORDER')
13:10:14.775 [main] DEBUG org.hibernate.boot.model.internal.AnnotatedColumn - Binding column: AnnotatedColumn()
13:10:14.775 [main] DEBUG org.hibernate.boot.model.internal.AnnotatedColumn - Binding column: AnnotatedColumn(column='milestones_KEY')
13:10:14.775 [main] DEBUG org.hibernate.boot.model.internal.AnnotatedColumn - Binding column: AnnotatedJoinColumn(column='milestones_KEY')
13:10:14.775 [main] DEBUG org.hibernate.boot.model.internal.AnnotatedColumn - Binding column: AnnotatedJoinColumn()
13:10:14.775 [main] DEBUG org.hibernate.boot.model.internal.AnnotatedColumn - Binding column: AnnotatedJoinColumn()
13:10:14.775 [main] DEBUG org.hibernate.boot.model.internal.CollectionBinder - Collection role: org.frcpm.models.Project.milestones
13:10:14.775 [main] DEBUG org.hibernate.boot.model.internal.PropertyBinder - Building property milestones
13:10:14.775 [main] DEBUG org.hibernate.boot.model.internal.AnnotatedColumn - Binding column: AnnotatedColumn(column='name')
13:10:14.775 [main] DEBUG org.hibernate.boot.model.internal.PropertyBinder - MetadataSourceProcessor property name with lazy=false
13:10:14.775 [main] DEBUG org.hibernate.boot.model.internal.AbstractPropertyHolder - Attempting to locate auto-apply AttributeConverter for property [org.frcpm.models.Project:name]
13:10:14.775 [main] DEBUG org.hibernate.boot.model.internal.BasicValueBinder - building BasicValue for name
13:10:14.775 [main] DEBUG org.hibernate.mapping.BasicValue - Skipping column re-registration: projects.name
13:10:14.775 [main] DEBUG org.hibernate.boot.model.internal.PropertyBinder - Building property name
13:10:14.775 [main] DEBUG org.hibernate.boot.model.internal.AnnotatedColumn - Binding column: AnnotatedColumn(column='start_date')
13:10:14.775 [main] DEBUG org.hibernate.boot.model.internal.PropertyBinder - MetadataSourceProcessor property startDate with lazy=false
13:10:14.775 [main] DEBUG org.hibernate.boot.model.internal.AbstractPropertyHolder - Attempting to locate auto-apply AttributeConverter for property [org.frcpm.models.Project:startDate]
13:10:14.775 [main] DEBUG org.hibernate.boot.model.internal.BasicValueBinder - building BasicValue for startDate
13:10:14.775 [main] DEBUG org.hibernate.mapping.BasicValue - Skipping column re-registration: projects.start_date
13:10:14.775 [main] DEBUG org.hibernate.boot.model.internal.PropertyBinder - Building property startDate
13:10:14.775 [main] DEBUG org.hibernate.boot.model.internal.AnnotatedColumn - Binding column: AnnotatedJoinColumn()
13:10:14.775 [main] DEBUG org.hibernate.boot.model.internal.AnnotatedColumn - Binding column: AnnotatedColumn()
13:10:14.775 [main] DEBUG org.hibernate.boot.model.internal.AnnotatedColumn - Binding column: IndexColumn(column='tasks_ORDER')
13:10:14.775 [main] DEBUG org.hibernate.boot.model.internal.AnnotatedColumn - Binding column: AnnotatedColumn()
13:10:14.775 [main] DEBUG org.hibernate.boot.model.internal.AnnotatedColumn - Binding column: AnnotatedColumn(column='tasks_KEY')
13:10:14.775 [main] DEBUG org.hibernate.boot.model.internal.AnnotatedColumn - Binding column: AnnotatedJoinColumn(column='tasks_KEY')
13:10:14.775 [main] DEBUG org.hibernate.boot.model.internal.AnnotatedColumn - Binding column: AnnotatedJoinColumn()
13:10:14.775 [main] DEBUG org.hibernate.boot.model.internal.AnnotatedColumn - Binding column: AnnotatedJoinColumn()
13:10:14.775 [main] DEBUG org.hibernate.boot.model.internal.CollectionBinder - Collection role: org.frcpm.models.Project.tasks
13:10:14.775 [main] DEBUG org.hibernate.boot.model.internal.PropertyBinder - Building property tasks
13:10:14.776 [main] DEBUG org.hibernate.boot.registry.classloading.internal.ClassLoaderServiceImpl - HHH000194: Package not found or no package-info.java: org.frcpm.models
13:10:14.776 [main] DEBUG org.hibernate.boot.model.internal.EntityBinder - Binding entity from annotated class: org.frcpm.models.Subteam
13:10:14.776 [main] DEBUG org.hibernate.boot.model.internal.EntityBinder - Import with entity name Subteam
13:10:14.776 [main] DEBUG org.hibernate.boot.model.internal.EntityBinder - Bind entity org.frcpm.models.Subteam on table subteams
13:10:14.776 [main] DEBUG org.hibernate.boot.model.internal.AnnotatedColumn - Binding column: AnnotatedDiscriminatorColumn(column='DTYPE')
13:10:14.777 [main] DEBUG org.hibernate.boot.model.internal.AnnotatedColumn - Binding column: AnnotatedColumn()
13:10:14.777 [main] DEBUG org.hibernate.boot.internal.ClassLoaderAccessImpl - Not known whether passed class name [org.frcpm.models.Subteam] is safe
13:10:14.777 [main] DEBUG org.hibernate.boot.internal.ClassLoaderAccessImpl - No temp ClassLoader provided; using live ClassLoader for loading potentially unsafe class : org.frcpm.models.Subteam
13:10:14.777 [main] DEBUG org.hibernate.boot.model.internal.PropertyBinder - MetadataSourceProcessor property id with lazy=false
13:10:14.777 [main] DEBUG org.hibernate.boot.model.internal.AbstractPropertyHolder - Attempting to locate auto-apply AttributeConverter for property [org.frcpm.models.Subteam:id]
13:10:14.777 [main] DEBUG org.hibernate.boot.model.internal.BasicValueBinder - building BasicValue for id
13:10:14.777 [main] DEBUG org.hibernate.mapping.BasicValue - Skipping column re-registration: subteams.id
13:10:14.777 [main] DEBUG org.hibernate.boot.model.internal.PropertyBinder - Building property id
13:10:14.777 [main] DEBUG org.hibernate.boot.model.internal.BinderHelper - #makeIdGenerator(BasicValue([Column(id)]), id, identity, , ...)
13:10:14.777 [main] DEBUG org.hibernate.boot.model.internal.AnnotatedColumn - Binding column: AnnotatedColumn(column='color_code')
13:10:14.777 [main] DEBUG org.hibernate.boot.model.internal.PropertyBinder - MetadataSourceProcessor property colorCode with lazy=false
13:10:14.777 [main] DEBUG org.hibernate.boot.model.internal.AbstractPropertyHolder - Attempting to locate auto-apply AttributeConverter for property [org.frcpm.models.Subteam:colorCode]
13:10:14.777 [main] DEBUG org.hibernate.boot.model.internal.BasicValueBinder - building BasicValue for colorCode
13:10:14.777 [main] DEBUG org.hibernate.mapping.BasicValue - Skipping column re-registration: subteams.color_code
13:10:14.777 [main] DEBUG org.hibernate.boot.model.internal.PropertyBinder - Building property colorCode
13:10:14.777 [main] DEBUG org.hibernate.boot.model.internal.AnnotatedColumn - Binding column: AnnotatedJoinColumn()
13:10:14.777 [main] DEBUG org.hibernate.boot.model.internal.AnnotatedColumn - Binding column: AnnotatedColumn()
13:10:14.777 [main] DEBUG org.hibernate.boot.model.internal.AnnotatedColumn - Binding column: IndexColumn(column='members_ORDER')
13:10:14.777 [main] DEBUG org.hibernate.boot.model.internal.AnnotatedColumn - Binding column: AnnotatedColumn()
13:10:14.777 [main] DEBUG org.hibernate.boot.model.internal.AnnotatedColumn - Binding column: AnnotatedColumn(column='members_KEY')
13:10:14.777 [main] DEBUG org.hibernate.boot.model.internal.AnnotatedColumn - Binding column: AnnotatedJoinColumn(column='members_KEY')
13:10:14.777 [main] DEBUG org.hibernate.boot.model.internal.AnnotatedColumn - Binding column: AnnotatedJoinColumn()
13:10:14.777 [main] DEBUG org.hibernate.boot.model.internal.AnnotatedColumn - Binding column: AnnotatedJoinColumn()
13:10:14.777 [main] DEBUG org.hibernate.boot.model.internal.CollectionBinder - Collection role: org.frcpm.models.Subteam.members
13:10:14.777 [main] DEBUG org.hibernate.boot.model.internal.PropertyBinder - Building property members
13:10:14.777 [main] DEBUG org.hibernate.boot.model.internal.AnnotatedColumn - Binding column: AnnotatedColumn(column='name')
13:10:14.777 [main] DEBUG org.hibernate.boot.model.internal.PropertyBinder - MetadataSourceProcessor property name with lazy=false
13:10:14.777 [main] DEBUG org.hibernate.boot.model.internal.AbstractPropertyHolder - Attempting to locate auto-apply AttributeConverter for property [org.frcpm.models.Subteam:name]
13:10:14.777 [main] DEBUG org.hibernate.boot.model.internal.BasicValueBinder - building BasicValue for name
13:10:14.779 [main] DEBUG org.hibernate.mapping.BasicValue - Skipping column re-registration: subteams.name
13:10:14.779 [main] DEBUG org.hibernate.boot.model.internal.PropertyBinder - Building property name
13:10:14.779 [main] DEBUG org.hibernate.boot.model.internal.AnnotatedColumn - Binding column: AnnotatedColumn(column='specialties')
13:10:14.779 [main] DEBUG org.hibernate.boot.model.internal.PropertyBinder - MetadataSourceProcessor property specialties with lazy=false
13:10:14.779 [main] DEBUG org.hibernate.boot.model.internal.AbstractPropertyHolder - Attempting to locate auto-apply AttributeConverter for property [org.frcpm.models.Subteam:specialties]
13:10:14.779 [main] DEBUG org.hibernate.boot.model.internal.BasicValueBinder - building BasicValue for specialties
13:10:14.779 [main] DEBUG org.hibernate.mapping.BasicValue - Skipping column re-registration: subteams.specialties
13:10:14.779 [main] DEBUG org.hibernate.boot.model.internal.PropertyBinder - Building property specialties
13:10:14.779 [main] DEBUG org.hibernate.boot.model.internal.AnnotatedColumn - Binding column: AnnotatedJoinColumn()
13:10:14.779 [main] DEBUG org.hibernate.boot.model.internal.AnnotatedColumn - Binding column: AnnotatedColumn()
13:10:14.779 [main] DEBUG org.hibernate.boot.model.internal.AnnotatedColumn - Binding column: IndexColumn(column='subsystems_ORDER')
13:10:14.779 [main] DEBUG org.hibernate.boot.model.internal.AnnotatedColumn - Binding column: AnnotatedColumn()
13:10:14.779 [main] DEBUG org.hibernate.boot.model.internal.AnnotatedColumn - Binding column: AnnotatedColumn(column='subsystems_KEY')
13:10:14.779 [main] DEBUG org.hibernate.boot.model.internal.AnnotatedColumn - Binding column: AnnotatedJoinColumn(column='subsystems_KEY')
13:10:14.779 [main] DEBUG org.hibernate.boot.model.internal.AnnotatedColumn - Binding column: AnnotatedJoinColumn()
13:10:14.779 [main] DEBUG org.hibernate.boot.model.internal.AnnotatedColumn - Binding column: AnnotatedJoinColumn()
13:10:14.779 [main] DEBUG org.hibernate.boot.model.internal.CollectionBinder - Collection role: org.frcpm.models.Subteam.subsystems
13:10:14.779 [main] DEBUG org.hibernate.boot.model.internal.PropertyBinder - Building property subsystems
13:10:14.779 [main] DEBUG org.hibernate.boot.registry.classloading.internal.ClassLoaderServiceImpl - HHH000194: Package not found or no package-info.java: org.frcpm.models
13:10:14.780 [main] DEBUG org.hibernate.boot.model.internal.EntityBinder - Binding entity from annotated class: org.frcpm.models.Task
13:10:14.780 [main] DEBUG org.hibernate.boot.model.internal.EntityBinder - Import with entity name Task
13:10:14.780 [main] DEBUG org.hibernate.boot.model.internal.EntityBinder - Bind entity org.frcpm.models.Task on table tasks
13:10:14.780 [main] DEBUG org.hibernate.boot.model.internal.AnnotatedColumn - Binding column: AnnotatedDiscriminatorColumn(column='DTYPE')
13:10:14.780 [main] DEBUG org.hibernate.boot.model.internal.AnnotatedColumn - Binding column: AnnotatedColumn()
13:10:14.780 [main] DEBUG org.hibernate.boot.internal.ClassLoaderAccessImpl - Not known whether passed class name [org.frcpm.models.Task] is safe
13:10:14.780 [main] DEBUG org.hibernate.boot.internal.ClassLoaderAccessImpl - No temp ClassLoader provided; using live ClassLoader for loading potentially unsafe class : org.frcpm.models.Task
13:10:14.780 [main] DEBUG org.hibernate.boot.model.internal.PropertyBinder - MetadataSourceProcessor property id with lazy=false
13:10:14.780 [main] DEBUG org.hibernate.boot.model.internal.AbstractPropertyHolder - Attempting to locate auto-apply AttributeConverter for property [org.frcpm.models.Task:id]
13:10:14.780 [main] DEBUG org.hibernate.boot.model.internal.BasicValueBinder - building BasicValue for id
13:10:14.780 [main] DEBUG org.hibernate.mapping.BasicValue - Skipping column re-registration: tasks.id
13:10:14.780 [main] DEBUG org.hibernate.boot.model.internal.PropertyBinder - Building property id
13:10:14.780 [main] DEBUG org.hibernate.boot.model.internal.BinderHelper - #makeIdGenerator(BasicValue([Column(id)]), id, identity, , ...)
13:10:14.780 [main] DEBUG org.hibernate.boot.model.internal.AnnotatedColumn - Binding column: AnnotatedColumn(column='actual_duration_seconds')
13:10:14.780 [main] DEBUG org.hibernate.boot.model.internal.PropertyBinder - MetadataSourceProcessor property actualDurationSeconds with lazy=false
13:10:14.780 [main] DEBUG org.hibernate.boot.model.internal.AbstractPropertyHolder - Attempting to locate auto-apply AttributeConverter for property [org.frcpm.models.Task:actualDurationSeconds]
13:10:14.780 [main] DEBUG org.hibernate.boot.model.internal.BasicValueBinder - building BasicValue for actualDurationSeconds
13:10:14.780 [main] DEBUG org.hibernate.mapping.BasicValue - Skipping column re-registration: tasks.actual_duration_seconds
13:10:14.780 [main] DEBUG org.hibernate.boot.model.internal.PropertyBinder - Building property actualDurationSeconds
13:10:14.780 [main] DEBUG org.hibernate.boot.model.internal.AnnotatedColumn - Binding column: IndexColumn(column='assignedTo_ORDER')
13:10:14.780 [main] DEBUG org.hibernate.boot.model.internal.AnnotatedColumn - Binding column: AnnotatedColumn()
13:10:14.780 [main] DEBUG org.hibernate.boot.model.internal.AnnotatedColumn - Binding column: AnnotatedColumn(column='assignedTo_KEY')
13:10:14.780 [main] DEBUG org.hibernate.boot.model.internal.AnnotatedColumn - Binding column: AnnotatedJoinColumn(column='assignedTo_KEY')
13:10:14.780 [main] DEBUG org.hibernate.boot.model.internal.AnnotatedColumn - Binding column: AnnotatedJoinColumn(column='task_id')
13:10:14.780 [main] DEBUG org.hibernate.boot.model.internal.AnnotatedColumn - Binding column: AnnotatedJoinColumn(column='team_member_id')
13:10:14.780 [main] DEBUG org.hibernate.boot.model.internal.CollectionBinder - Collection role: org.frcpm.models.Task.assignedTo
13:10:14.780 [main] DEBUG org.hibernate.boot.model.internal.PropertyBinder - Building property assignedTo
13:10:14.780 [main] DEBUG org.hibernate.boot.model.internal.AnnotatedColumn - Binding column: AnnotatedColumn(column='completed')
13:10:14.780 [main] DEBUG org.hibernate.boot.model.internal.PropertyBinder - MetadataSourceProcessor property completed with lazy=false
13:10:14.780 [main] DEBUG org.hibernate.boot.model.internal.AbstractPropertyHolder - Attempting to locate auto-apply AttributeConverter for property [org.frcpm.models.Task:completed]
13:10:14.780 [main] DEBUG org.hibernate.boot.model.internal.BasicValueBinder - building BasicValue for completed
13:10:14.780 [main] DEBUG org.hibernate.mapping.BasicValue - Skipping column re-registration: tasks.completed
13:10:14.780 [main] DEBUG org.hibernate.boot.model.internal.PropertyBinder - Building property completed
13:10:14.780 [main] DEBUG org.hibernate.boot.model.internal.AnnotatedColumn - Binding column: AnnotatedColumn(column='description')
13:10:14.780 [main] DEBUG org.hibernate.boot.model.internal.PropertyBinder - MetadataSourceProcessor property description with lazy=false
13:10:14.780 [main] DEBUG org.hibernate.boot.model.internal.AbstractPropertyHolder - Attempting to locate auto-apply AttributeConverter for property [org.frcpm.models.Task:description]
13:10:14.780 [main] DEBUG org.hibernate.boot.model.internal.BasicValueBinder - building BasicValue for description
13:10:14.780 [main] DEBUG org.hibernate.mapping.BasicValue - Skipping column re-registration: tasks.description
13:10:14.780 [main] DEBUG org.hibernate.boot.model.internal.PropertyBinder - Building property description
13:10:14.780 [main] DEBUG org.hibernate.boot.model.internal.AnnotatedColumn - Binding column: AnnotatedColumn(column='end_date')
13:10:14.780 [main] DEBUG org.hibernate.boot.model.internal.PropertyBinder - MetadataSourceProcessor property endDate with lazy=false
13:10:14.780 [main] DEBUG org.hibernate.boot.model.internal.AbstractPropertyHolder - Attempting to locate auto-apply AttributeConverter for property [org.frcpm.models.Task:endDate]
13:10:14.780 [main] DEBUG org.hibernate.boot.model.internal.BasicValueBinder - building BasicValue for endDate
13:10:14.780 [main] DEBUG org.hibernate.mapping.BasicValue - Skipping column re-registration: tasks.end_date
13:10:14.780 [main] DEBUG org.hibernate.boot.model.internal.PropertyBinder - Building property endDate
13:10:14.780 [main] DEBUG org.hibernate.boot.model.internal.AnnotatedColumn - Binding column: AnnotatedColumn(column='estimated_duration_seconds')
13:10:14.780 [main] DEBUG org.hibernate.boot.model.internal.PropertyBinder - MetadataSourceProcessor property estimatedDurationSeconds with lazy=false
13:10:14.780 [main] DEBUG org.hibernate.boot.model.internal.AbstractPropertyHolder - Attempting to locate auto-apply AttributeConverter for property [org.frcpm.models.Task:estimatedDurationSeconds]
13:10:14.780 [main] DEBUG org.hibernate.boot.model.internal.BasicValueBinder - building BasicValue for estimatedDurationSeconds
13:10:14.780 [main] DEBUG org.hibernate.mapping.BasicValue - Skipping column re-registration: tasks.estimated_duration_seconds
13:10:14.780 [main] DEBUG org.hibernate.boot.model.internal.PropertyBinder - Building property estimatedDurationSeconds
13:10:14.780 [main] DEBUG org.hibernate.boot.model.internal.AnnotatedColumn - Binding column: IndexColumn(column='postDependencies_ORDER')
13:10:14.781 [main] DEBUG org.hibernate.boot.model.internal.AnnotatedColumn - Binding column: AnnotatedColumn()
13:10:14.781 [main] DEBUG org.hibernate.boot.model.internal.AnnotatedColumn - Binding column: AnnotatedColumn(column='postDependencies_KEY')
13:10:14.781 [main] DEBUG org.hibernate.boot.model.internal.AnnotatedColumn - Binding column: AnnotatedJoinColumn(column='postDependencies_KEY')
13:10:14.781 [main] DEBUG org.hibernate.boot.model.internal.AnnotatedColumn - Binding column: AnnotatedJoinColumn()
13:10:14.781 [main] DEBUG org.hibernate.boot.model.internal.AnnotatedColumn - Binding column: AnnotatedJoinColumn()
13:10:14.781 [main] DEBUG org.hibernate.boot.model.internal.CollectionBinder - Collection role: org.frcpm.models.Task.postDependencies
13:10:14.781 [main] DEBUG org.hibernate.boot.model.internal.PropertyBinder - Building property postDependencies
13:10:14.781 [main] DEBUG org.hibernate.boot.model.internal.AnnotatedColumn - Binding column: IndexColumn(column='preDependencies_ORDER')
13:10:14.781 [main] DEBUG org.hibernate.boot.model.internal.AnnotatedColumn - Binding column: AnnotatedColumn()
13:10:14.781 [main] DEBUG org.hibernate.boot.model.internal.AnnotatedColumn - Binding column: AnnotatedColumn(column='preDependencies_KEY')
13:10:14.781 [main] DEBUG org.hibernate.boot.model.internal.AnnotatedColumn - Binding column: AnnotatedJoinColumn(column='preDependencies_KEY')
13:10:14.781 [main] DEBUG org.hibernate.boot.model.internal.AnnotatedColumn - Binding column: AnnotatedJoinColumn(column='task_id')
13:10:14.781 [main] DEBUG org.hibernate.boot.model.internal.AnnotatedColumn - Binding column: AnnotatedJoinColumn(column='dependency_id')
13:10:14.781 [main] DEBUG org.hibernate.boot.model.internal.CollectionBinder - Collection role: org.frcpm.models.Task.preDependencies
13:10:14.781 [main] DEBUG org.hibernate.boot.model.internal.PropertyBinder - Building property preDependencies
13:10:14.781 [main] DEBUG org.hibernate.boot.model.internal.AnnotatedColumn - Binding column: AnnotatedColumn(column='priority')
13:10:14.781 [main] DEBUG org.hibernate.boot.model.internal.PropertyBinder - MetadataSourceProcessor property priority with lazy=false
13:10:14.781 [main] DEBUG org.hibernate.boot.model.internal.AbstractPropertyHolder - Attempting to locate auto-apply AttributeConverter for property [org.frcpm.models.Task:priority]
13:10:14.781 [main] DEBUG org.hibernate.boot.model.internal.BasicValueBinder - building BasicValue for priority
13:10:14.781 [main] DEBUG org.hibernate.mapping.BasicValue - Skipping column re-registration: tasks.priority
13:10:14.781 [main] DEBUG org.hibernate.boot.model.internal.PropertyBinder - Building property priority
13:10:14.781 [main] DEBUG org.hibernate.boot.model.internal.AnnotatedColumn - Binding column: AnnotatedColumn(column='progress')
13:10:14.781 [main] DEBUG org.hibernate.boot.model.internal.PropertyBinder - MetadataSourceProcessor property progress with lazy=false
13:10:14.781 [main] DEBUG org.hibernate.boot.model.internal.AbstractPropertyHolder - Attempting to locate auto-apply AttributeConverter for property [org.frcpm.models.Task:progress]
13:10:14.781 [main] DEBUG org.hibernate.boot.model.internal.BasicValueBinder - building BasicValue for progress
13:10:14.781 [main] DEBUG org.hibernate.mapping.BasicValue - Skipping column re-registration: tasks.progress
13:10:14.781 [main] DEBUG org.hibernate.boot.model.internal.PropertyBinder - Building property progress
13:10:14.781 [main] DEBUG org.hibernate.boot.model.internal.AnnotatedColumn - Binding column: AnnotatedJoinColumn(column='project_id')
13:10:14.781 [main] DEBUG org.hibernate.boot.model.internal.AnnotatedColumn - Binding column: AnnotatedColumn()
13:10:14.781 [main] DEBUG org.hibernate.boot.model.internal.PropertyBinder - Building property project
13:10:14.781 [main] DEBUG org.hibernate.boot.model.internal.AnnotatedColumn - Binding column: IndexColumn(column='requiredComponents_ORDER')
13:10:14.781 [main] DEBUG org.hibernate.boot.model.internal.AnnotatedColumn - Binding column: AnnotatedColumn()
13:10:14.781 [main] DEBUG org.hibernate.boot.model.internal.AnnotatedColumn - Binding column: AnnotatedColumn(column='requiredComponents_KEY')
13:10:14.781 [main] DEBUG org.hibernate.boot.model.internal.AnnotatedColumn - Binding column: AnnotatedJoinColumn(column='requiredComponents_KEY')
13:10:14.781 [main] DEBUG org.hibernate.boot.model.internal.AnnotatedColumn - Binding column: AnnotatedJoinColumn(column='task_id')
13:10:14.781 [main] DEBUG org.hibernate.boot.model.internal.AnnotatedColumn - Binding column: AnnotatedJoinColumn(column='component_id')
13:10:14.781 [main] DEBUG org.hibernate.boot.model.internal.CollectionBinder - Collection role: org.frcpm.models.Task.requiredComponents
13:10:14.781 [main] DEBUG org.hibernate.boot.model.internal.PropertyBinder - Building property requiredComponents
13:10:14.781 [main] DEBUG org.hibernate.boot.model.internal.AnnotatedColumn - Binding column: AnnotatedColumn(column='start_date')
13:10:14.781 [main] DEBUG org.hibernate.boot.model.internal.PropertyBinder - MetadataSourceProcessor property startDate with lazy=false
13:10:14.781 [main] DEBUG org.hibernate.boot.model.internal.AbstractPropertyHolder - Attempting to locate auto-apply AttributeConverter for property [org.frcpm.models.Task:startDate]
13:10:14.781 [main] DEBUG org.hibernate.boot.model.internal.BasicValueBinder - building BasicValue for startDate
13:10:14.781 [main] DEBUG org.hibernate.mapping.BasicValue - Skipping column re-registration: tasks.start_date
13:10:14.781 [main] DEBUG org.hibernate.boot.model.internal.PropertyBinder - Building property startDate
13:10:14.781 [main] DEBUG org.hibernate.boot.model.internal.AnnotatedColumn - Binding column: AnnotatedJoinColumn(column='subsystem_id')
13:10:14.781 [main] DEBUG org.hibernate.boot.model.internal.AnnotatedColumn - Binding column: AnnotatedColumn()
13:10:14.781 [main] DEBUG org.hibernate.boot.model.internal.PropertyBinder - Building property subsystem
13:10:14.781 [main] DEBUG org.hibernate.boot.model.internal.AnnotatedColumn - Binding column: AnnotatedColumn(column='title')
13:10:14.781 [main] DEBUG org.hibernate.boot.model.internal.PropertyBinder - MetadataSourceProcessor property title with lazy=false
13:10:14.781 [main] DEBUG org.hibernate.boot.model.internal.AbstractPropertyHolder - Attempting to locate auto-apply AttributeConverter for property [org.frcpm.models.Task:title]
13:10:14.781 [main] DEBUG org.hibernate.boot.model.internal.BasicValueBinder - building BasicValue for title
13:10:14.781 [main] DEBUG org.hibernate.mapping.BasicValue - Skipping column re-registration: tasks.title
13:10:14.781 [main] DEBUG org.hibernate.boot.model.internal.PropertyBinder - Building property title
13:10:14.782 [main] DEBUG org.hibernate.boot.registry.classloading.internal.ClassLoaderServiceImpl - HHH000194: Package not found or no package-info.java: org.frcpm.models
13:10:14.782 [main] DEBUG org.hibernate.boot.model.internal.EntityBinder - Binding entity from annotated class: org.frcpm.models.TeamMember
13:10:14.782 [main] DEBUG org.hibernate.boot.model.internal.EntityBinder - Import with entity name TeamMember
13:10:14.782 [main] DEBUG org.hibernate.boot.model.internal.EntityBinder - Bind entity org.frcpm.models.TeamMember on table team_members
13:10:14.782 [main] DEBUG org.hibernate.boot.model.internal.AnnotatedColumn - Binding column: AnnotatedDiscriminatorColumn(column='DTYPE')
13:10:14.783 [main] DEBUG org.hibernate.boot.model.internal.AnnotatedColumn - Binding column: AnnotatedColumn()
13:10:14.783 [main] DEBUG org.hibernate.boot.internal.ClassLoaderAccessImpl - Not known whether passed class name [org.frcpm.models.TeamMember] is safe
13:10:14.783 [main] DEBUG org.hibernate.boot.internal.ClassLoaderAccessImpl - No temp ClassLoader provided; using live ClassLoader for loading potentially unsafe class : org.frcpm.models.TeamMember
13:10:14.783 [main] DEBUG org.hibernate.boot.model.internal.PropertyBinder - MetadataSourceProcessor property id with lazy=false
13:10:14.783 [main] DEBUG org.hibernate.boot.model.internal.AbstractPropertyHolder - Attempting to locate auto-apply AttributeConverter for property [org.frcpm.models.TeamMember:id]
13:10:14.783 [main] DEBUG org.hibernate.boot.model.internal.BasicValueBinder - building BasicValue for id
13:10:14.783 [main] DEBUG org.hibernate.mapping.BasicValue - Skipping column re-registration: team_members.id
13:10:14.783 [main] DEBUG org.hibernate.boot.model.internal.PropertyBinder - Building property id
13:10:14.783 [main] DEBUG org.hibernate.boot.model.internal.BinderHelper - #makeIdGenerator(BasicValue([Column(id)]), id, identity, , ...)
13:10:14.783 [main] DEBUG org.hibernate.boot.model.internal.AnnotatedColumn - Binding column: IndexColumn(column='assignedTasks_ORDER')
13:10:14.783 [main] DEBUG org.hibernate.boot.model.internal.AnnotatedColumn - Binding column: AnnotatedColumn()
13:10:14.783 [main] DEBUG org.hibernate.boot.model.internal.AnnotatedColumn - Binding column: AnnotatedColumn(column='assignedTasks_KEY')
13:10:14.783 [main] DEBUG org.hibernate.boot.model.internal.AnnotatedColumn - Binding column: AnnotatedJoinColumn(column='assignedTasks_KEY')
13:10:14.783 [main] DEBUG org.hibernate.boot.model.internal.AnnotatedColumn - Binding column: AnnotatedJoinColumn()
13:10:14.783 [main] DEBUG org.hibernate.boot.model.internal.AnnotatedColumn - Binding column: AnnotatedJoinColumn()
13:10:14.783 [main] DEBUG org.hibernate.boot.model.internal.CollectionBinder - Collection role: org.frcpm.models.TeamMember.assignedTasks
13:10:14.783 [main] DEBUG org.hibernate.boot.model.internal.PropertyBinder - Building property assignedTasks
13:10:14.783 [main] DEBUG org.hibernate.boot.model.internal.AnnotatedColumn - Binding column: AnnotatedJoinColumn()
13:10:14.783 [main] DEBUG org.hibernate.boot.model.internal.AnnotatedColumn - Binding column: AnnotatedColumn()
13:10:14.783 [main] DEBUG org.hibernate.boot.model.internal.AnnotatedColumn - Binding column: IndexColumn(column='attendances_ORDER')
13:10:14.783 [main] DEBUG org.hibernate.boot.model.internal.AnnotatedColumn - Binding column: AnnotatedColumn()
13:10:14.783 [main] DEBUG org.hibernate.boot.model.internal.AnnotatedColumn - Binding column: AnnotatedColumn(column='attendances_KEY')
13:10:14.783 [main] DEBUG org.hibernate.boot.model.internal.AnnotatedColumn - Binding column: AnnotatedJoinColumn(column='attendances_KEY')
13:10:14.783 [main] DEBUG org.hibernate.boot.model.internal.AnnotatedColumn - Binding column: AnnotatedJoinColumn()
13:10:14.783 [main] DEBUG org.hibernate.boot.model.internal.AnnotatedColumn - Binding column: AnnotatedJoinColumn()
13:10:14.783 [main] DEBUG org.hibernate.boot.model.internal.CollectionBinder - Collection role: org.frcpm.models.TeamMember.attendances
13:10:14.783 [main] DEBUG org.hibernate.boot.model.internal.PropertyBinder - Building property attendances
13:10:14.784 [main] DEBUG org.hibernate.boot.model.internal.AnnotatedColumn - Binding column: AnnotatedColumn(column='email')
13:10:14.784 [main] DEBUG org.hibernate.boot.model.internal.PropertyBinder - MetadataSourceProcessor property email with lazy=false
13:10:14.784 [main] DEBUG org.hibernate.boot.model.internal.AbstractPropertyHolder - Attempting to locate auto-apply AttributeConverter for property [org.frcpm.models.TeamMember:email]
13:10:14.784 [main] DEBUG org.hibernate.boot.model.internal.BasicValueBinder - building BasicValue for email
13:10:14.784 [main] DEBUG org.hibernate.mapping.BasicValue - Skipping column re-registration: team_members.email
13:10:14.784 [main] DEBUG org.hibernate.boot.model.internal.PropertyBinder - Building property email
13:10:14.784 [main] DEBUG org.hibernate.boot.model.internal.AnnotatedColumn - Binding column: AnnotatedColumn(column='first_name')
13:10:14.784 [main] DEBUG org.hibernate.boot.model.internal.PropertyBinder - MetadataSourceProcessor property firstName with lazy=false
13:10:14.784 [main] DEBUG org.hibernate.boot.model.internal.AbstractPropertyHolder - Attempting to locate auto-apply AttributeConverter for property [org.frcpm.models.TeamMember:firstName]
13:10:14.784 [main] DEBUG org.hibernate.boot.model.internal.BasicValueBinder - building BasicValue for firstName
13:10:14.784 [main] DEBUG org.hibernate.mapping.BasicValue - Skipping column re-registration: team_members.first_name
13:10:14.784 [main] DEBUG org.hibernate.boot.model.internal.PropertyBinder - Building property firstName
13:10:14.784 [main] DEBUG org.hibernate.boot.model.internal.AnnotatedColumn - Binding column: AnnotatedColumn(column='last_name')
13:10:14.784 [main] DEBUG org.hibernate.boot.model.internal.PropertyBinder - MetadataSourceProcessor property lastName with lazy=false
13:10:14.784 [main] DEBUG org.hibernate.boot.model.internal.AbstractPropertyHolder - Attempting to locate auto-apply AttributeConverter for property [org.frcpm.models.TeamMember:lastName]
13:10:14.784 [main] DEBUG org.hibernate.boot.model.internal.BasicValueBinder - building BasicValue for lastName
13:10:14.784 [main] DEBUG org.hibernate.mapping.BasicValue - Skipping column re-registration: team_members.last_name
13:10:14.784 [main] DEBUG org.hibernate.boot.model.internal.PropertyBinder - Building property lastName
13:10:14.785 [main] DEBUG org.hibernate.boot.model.internal.AnnotatedColumn - Binding column: AnnotatedColumn(column='is_leader')
13:10:14.785 [main] DEBUG org.hibernate.boot.model.internal.PropertyBinder - MetadataSourceProcessor property leader with lazy=false
13:10:14.785 [main] DEBUG org.hibernate.boot.model.internal.AbstractPropertyHolder - Attempting to locate auto-apply AttributeConverter for property [org.frcpm.models.TeamMember:leader]
13:10:14.785 [main] DEBUG org.hibernate.boot.model.internal.BasicValueBinder - building BasicValue for leader
13:10:14.785 [main] DEBUG org.hibernate.mapping.BasicValue - Skipping column re-registration: team_members.is_leader
13:10:14.785 [main] DEBUG org.hibernate.boot.model.internal.PropertyBinder - Building property leader
13:10:14.785 [main] DEBUG org.hibernate.boot.model.internal.AnnotatedColumn - Binding column: AnnotatedColumn(column='phone')
13:10:14.785 [main] DEBUG org.hibernate.boot.model.internal.PropertyBinder - MetadataSourceProcessor property phone with lazy=false
13:10:14.785 [main] DEBUG org.hibernate.boot.model.internal.AbstractPropertyHolder - Attempting to locate auto-apply AttributeConverter for property [org.frcpm.models.TeamMember:phone]
13:10:14.785 [main] DEBUG org.hibernate.boot.model.internal.BasicValueBinder - building BasicValue for phone
13:10:14.785 [main] DEBUG org.hibernate.mapping.BasicValue - Skipping column re-registration: team_members.phone
13:10:14.785 [main] DEBUG org.hibernate.boot.model.internal.PropertyBinder - Building property phone
13:10:14.785 [main] DEBUG org.hibernate.boot.model.internal.AnnotatedColumn - Binding column: AnnotatedColumn(column='skills')
13:10:14.785 [main] DEBUG org.hibernate.boot.model.internal.PropertyBinder - MetadataSourceProcessor property skills with lazy=false
13:10:14.785 [main] DEBUG org.hibernate.boot.model.internal.AbstractPropertyHolder - Attempting to locate auto-apply AttributeConverter for property [org.frcpm.models.TeamMember:skills]
13:10:14.785 [main] DEBUG org.hibernate.boot.model.internal.BasicValueBinder - building BasicValue for skills
13:10:14.785 [main] DEBUG org.hibernate.mapping.BasicValue - Skipping column re-registration: team_members.skills
13:10:14.785 [main] DEBUG org.hibernate.boot.model.internal.PropertyBinder - Building property skills
13:10:14.785 [main] DEBUG org.hibernate.boot.model.internal.AnnotatedColumn - Binding column: AnnotatedJoinColumn(column='subteam_id')
13:10:14.785 [main] DEBUG org.hibernate.boot.model.internal.AnnotatedColumn - Binding column: AnnotatedColumn()
13:10:14.786 [main] DEBUG org.hibernate.boot.model.internal.PropertyBinder - Building property subteam
13:10:14.786 [main] DEBUG org.hibernate.boot.model.internal.AnnotatedColumn - Binding column: AnnotatedColumn(column='username')
13:10:14.786 [main] DEBUG org.hibernate.boot.model.internal.PropertyBinder - MetadataSourceProcessor property username with lazy=false
13:10:14.786 [main] DEBUG org.hibernate.boot.model.internal.AbstractPropertyHolder - Attempting to locate auto-apply AttributeConverter for property [org.frcpm.models.TeamMember:username]
13:10:14.786 [main] DEBUG org.hibernate.boot.model.internal.BasicValueBinder - building BasicValue for username
13:10:14.787 [main] DEBUG org.hibernate.mapping.BasicValue - Skipping column re-registration: team_members.username
13:10:14.787 [main] DEBUG org.hibernate.boot.model.internal.PropertyBinder - Building property username
13:10:14.788 [main] DEBUG org.hibernate.boot.registry.classloading.internal.ClassLoaderServiceImpl - HHH000194: Package not found or no package-info.java: org.frcpm.models
13:10:14.789 [main] DEBUG org.hibernate.boot.model.internal.BasicValueBinder - Starting `BasicValueBinder#fillSimpleValue` for id
13:10:14.789 [main] DEBUG org.hibernate.boot.model.internal.BasicValueBinder - Starting `BasicValueBinder#fillSimpleValue` for arrivalTime
13:10:14.789 [main] DEBUG org.hibernate.boot.model.internal.BasicValueBinder - Starting `BasicValueBinder#fillSimpleValue` for departureTime
13:10:14.789 [main] DEBUG org.hibernate.boot.model.internal.BasicValueBinder - Starting `BasicValueBinder#fillSimpleValue` for present
13:10:14.789 [main] DEBUG org.hibernate.boot.model.internal.BasicValueBinder - Starting `BasicValueBinder#fillSimpleValue` for id
13:10:14.789 [main] DEBUG org.hibernate.boot.model.internal.BasicValueBinder - Starting `BasicValueBinder#fillSimpleValue` for date
13:10:14.789 [main] DEBUG org.hibernate.boot.model.internal.BasicValueBinder - Starting `BasicValueBinder#fillSimpleValue` for endTime
13:10:14.789 [main] DEBUG org.hibernate.boot.model.internal.BasicValueBinder - Starting `BasicValueBinder#fillSimpleValue` for notes
13:10:14.789 [main] DEBUG org.hibernate.boot.model.internal.BasicValueBinder - Starting `BasicValueBinder#fillSimpleValue` for startTime
13:10:14.789 [main] DEBUG org.hibernate.boot.model.internal.BasicValueBinder - Starting `BasicValueBinder#fillSimpleValue` for id
13:10:14.789 [main] DEBUG org.hibernate.boot.model.internal.BasicValueBinder - Starting `BasicValueBinder#fillSimpleValue` for description
13:10:14.789 [main] DEBUG org.hibernate.boot.model.internal.BasicValueBinder - Starting `BasicValueBinder#fillSimpleValue` for name
13:10:14.789 [main] DEBUG org.hibernate.boot.model.internal.BasicValueBinder - Starting `BasicValueBinder#fillSimpleValue` for status
13:10:14.789 [main] DEBUG org.hibernate.boot.model.internal.BasicValueBinder - Starting `BasicValueBinder#fillSimpleValue` for id
13:10:14.789 [main] DEBUG org.hibernate.boot.model.internal.BasicValueBinder - Starting `BasicValueBinder#fillSimpleValue` for actualDelivery
13:10:14.789 [main] DEBUG org.hibernate.boot.model.internal.BasicValueBinder - Starting `BasicValueBinder#fillSimpleValue` for delivered
13:10:14.789 [main] DEBUG org.hibernate.boot.model.internal.BasicValueBinder - Starting `BasicValueBinder#fillSimpleValue` for description
13:10:14.789 [main] DEBUG org.hibernate.boot.model.internal.BasicValueBinder - Starting `BasicValueBinder#fillSimpleValue` for expectedDelivery
13:10:14.789 [main] DEBUG org.hibernate.boot.model.internal.BasicValueBinder - Starting `BasicValueBinder#fillSimpleValue` for name
13:10:14.789 [main] DEBUG org.hibernate.boot.model.internal.BasicValueBinder - Starting `BasicValueBinder#fillSimpleValue` for partNumber
13:10:14.789 [main] DEBUG org.hibernate.boot.model.internal.BasicValueBinder - Starting `BasicValueBinder#fillSimpleValue` for id
13:10:14.789 [main] DEBUG org.hibernate.boot.model.internal.BasicValueBinder - Starting `BasicValueBinder#fillSimpleValue` for date
13:10:14.789 [main] DEBUG org.hibernate.boot.model.internal.BasicValueBinder - Starting `BasicValueBinder#fillSimpleValue` for description
13:10:14.789 [main] DEBUG org.hibernate.boot.model.internal.BasicValueBinder - Starting `BasicValueBinder#fillSimpleValue` for name
13:10:14.789 [main] DEBUG org.hibernate.boot.model.internal.BasicValueBinder - Starting `BasicValueBinder#fillSimpleValue` for id
13:10:14.789 [main] DEBUG org.hibernate.boot.model.internal.BasicValueBinder - Starting `BasicValueBinder#fillSimpleValue` for description
13:10:14.789 [main] DEBUG org.hibernate.boot.model.internal.BasicValueBinder - Starting `BasicValueBinder#fillSimpleValue` for goalEndDate
13:10:14.789 [main] DEBUG org.hibernate.boot.model.internal.BasicValueBinder - Starting `BasicValueBinder#fillSimpleValue` for hardDeadline
13:10:14.789 [main] DEBUG org.hibernate.boot.model.internal.BasicValueBinder - Starting `BasicValueBinder#fillSimpleValue` for name
13:10:14.789 [main] DEBUG org.hibernate.boot.model.internal.BasicValueBinder - Starting `BasicValueBinder#fillSimpleValue` for startDate
13:10:14.789 [main] DEBUG org.hibernate.boot.model.internal.BasicValueBinder - Starting `BasicValueBinder#fillSimpleValue` for id
13:10:14.789 [main] DEBUG org.hibernate.boot.model.internal.BasicValueBinder - Starting `BasicValueBinder#fillSimpleValue` for colorCode
13:10:14.789 [main] DEBUG org.hibernate.boot.model.internal.BasicValueBinder - Starting `BasicValueBinder#fillSimpleValue` for name
13:10:14.789 [main] DEBUG org.hibernate.boot.model.internal.BasicValueBinder - Starting `BasicValueBinder#fillSimpleValue` for specialties
13:10:14.789 [main] DEBUG org.hibernate.boot.model.internal.BasicValueBinder - Starting `BasicValueBinder#fillSimpleValue` for id
13:10:14.789 [main] DEBUG org.hibernate.boot.model.internal.BasicValueBinder - Starting `BasicValueBinder#fillSimpleValue` for actualDurationSeconds
13:10:14.789 [main] DEBUG org.hibernate.boot.model.internal.BasicValueBinder - Starting `BasicValueBinder#fillSimpleValue` for completed
13:10:14.789 [main] DEBUG org.hibernate.boot.model.internal.BasicValueBinder - Starting `BasicValueBinder#fillSimpleValue` for description
13:10:14.789 [main] DEBUG org.hibernate.boot.model.internal.BasicValueBinder - Starting `BasicValueBinder#fillSimpleValue` for endDate
13:10:14.789 [main] DEBUG org.hibernate.boot.model.internal.BasicValueBinder - Starting `BasicValueBinder#fillSimpleValue` for estimatedDurationSeconds
13:10:14.789 [main] DEBUG org.hibernate.boot.model.internal.BasicValueBinder - Starting `BasicValueBinder#fillSimpleValue` for priority
13:10:14.789 [main] DEBUG org.hibernate.boot.model.internal.BasicValueBinder - Starting `BasicValueBinder#fillSimpleValue` for progress
13:10:14.789 [main] DEBUG org.hibernate.boot.model.internal.BasicValueBinder - Starting `BasicValueBinder#fillSimpleValue` for startDate
13:10:14.789 [main] DEBUG org.hibernate.boot.model.internal.BasicValueBinder - Starting `BasicValueBinder#fillSimpleValue` for title
13:10:14.789 [main] DEBUG org.hibernate.boot.model.internal.BasicValueBinder - Starting `BasicValueBinder#fillSimpleValue` for id
13:10:14.789 [main] DEBUG org.hibernate.boot.model.internal.BasicValueBinder - Starting `BasicValueBinder#fillSimpleValue` for email
13:10:14.789 [main] DEBUG org.hibernate.boot.model.internal.BasicValueBinder - Starting `BasicValueBinder#fillSimpleValue` for firstName
13:10:14.789 [main] DEBUG org.hibernate.boot.model.internal.BasicValueBinder - Starting `BasicValueBinder#fillSimpleValue` for lastName
13:10:14.789 [main] DEBUG org.hibernate.boot.model.internal.BasicValueBinder - Starting `BasicValueBinder#fillSimpleValue` for leader
13:10:14.789 [main] DEBUG org.hibernate.boot.model.internal.BasicValueBinder - Starting `BasicValueBinder#fillSimpleValue` for phone
13:10:14.789 [main] DEBUG org.hibernate.boot.model.internal.BasicValueBinder - Starting `BasicValueBinder#fillSimpleValue` for skills
13:10:14.789 [main] DEBUG org.hibernate.boot.model.internal.BasicValueBinder - Starting `BasicValueBinder#fillSimpleValue` for username
13:10:14.790 [main] DEBUG org.hibernate.mapping.PrimaryKey - Forcing column [id] to be non-null as it is part of the primary key for table [attendances]
13:10:14.790 [main] DEBUG org.hibernate.mapping.PrimaryKey - Forcing column [id] to be non-null as it is part of the primary key for table [meetings]
13:10:14.790 [main] DEBUG org.hibernate.mapping.PrimaryKey - Forcing column [id] to be non-null as it is part of the primary key for table [subsystems]
13:10:14.790 [main] DEBUG org.hibernate.mapping.PrimaryKey - Forcing column [id] to be non-null as it is part of the primary key for table [components]
13:10:14.790 [main] DEBUG org.hibernate.mapping.PrimaryKey - Forcing column [id] to be non-null as it is part of the primary key for table [milestones]
13:10:14.790 [main] DEBUG org.hibernate.mapping.PrimaryKey - Forcing column [id] to be non-null as it is part of the primary key for table [projects]
13:10:14.790 [main] DEBUG org.hibernate.mapping.PrimaryKey - Forcing column [id] to be non-null as it is part of the primary key for table [subteams]
13:10:14.790 [main] DEBUG org.hibernate.mapping.PrimaryKey - Forcing column [id] to be non-null as it is part of the primary key for table [tasks]
13:10:14.790 [main] DEBUG org.hibernate.mapping.PrimaryKey - Forcing column [id] to be non-null as it is part of the primary key for table [team_members]
13:10:14.790 [main] DEBUG org.hibernate.boot.model.internal.CollectionSecondPass - Second pass for collection: org.frcpm.models.Task.requiredComponents
13:10:14.790 [main] DEBUG org.hibernate.boot.model.internal.CollectionBinder - Binding a ManyToMany: org.frcpm.models.Task.requiredComponents
13:10:14.790 [main] DEBUG org.hibernate.boot.registry.classloading.internal.ClassLoaderServiceImpl - HHH000194: Package not found or no package-info.java: org.frcpm.models
13:10:14.790 [main] DEBUG org.hibernate.mapping.PrimaryKey - Forcing column [task_id] to be non-null as it is part of the primary key for table [task_components]
13:10:14.790 [main] DEBUG org.hibernate.mapping.PrimaryKey - Forcing column [component_id] to be non-null as it is part of the primary key for table [task_components]
13:10:14.790 [main] DEBUG org.hibernate.boot.model.internal.CollectionSecondPass - Mapped collection key: task_id, element: component_id
13:10:14.790 [main] DEBUG org.hibernate.boot.model.internal.CollectionSecondPass - Second pass for collection: org.frcpm.models.Task.preDependencies
13:10:14.790 [main] DEBUG org.hibernate.boot.model.internal.CollectionBinder - Binding a ManyToMany: org.frcpm.models.Task.preDependencies
13:10:14.791 [main] DEBUG org.hibernate.boot.registry.classloading.internal.ClassLoaderServiceImpl - HHH000194: Package not found or no package-info.java: org.frcpm.models
13:10:14.791 [main] DEBUG org.hibernate.mapping.PrimaryKey - Forcing column [task_id] to be non-null as it is part of the primary key for table [task_dependencies]
13:10:14.791 [main] DEBUG org.hibernate.mapping.PrimaryKey - Forcing column [dependency_id] to be non-null as it is part of the primary key for table [task_dependencies]
13:10:14.791 [main] DEBUG org.hibernate.boot.model.internal.CollectionSecondPass - Mapped collection key: task_id, element: dependency_id
13:10:14.791 [main] DEBUG org.hibernate.boot.model.internal.CollectionSecondPass - Second pass for collection: org.frcpm.models.Task.assignedTo
13:10:14.791 [main] DEBUG org.hibernate.boot.model.internal.CollectionBinder - Binding a ManyToMany: org.frcpm.models.Task.assignedTo
13:10:14.791 [main] DEBUG org.hibernate.boot.registry.classloading.internal.ClassLoaderServiceImpl - HHH000194: Package not found or no package-info.java: org.frcpm.models
13:10:14.791 [main] DEBUG org.hibernate.mapping.PrimaryKey - Forcing column [task_id] to be non-null as it is part of the primary key for table [task_assignments]
13:10:14.791 [main] DEBUG org.hibernate.mapping.PrimaryKey - Forcing column [team_member_id] to be non-null as it is part of the primary key for table [task_assignments]
13:10:14.791 [main] DEBUG org.hibernate.boot.model.internal.CollectionSecondPass - Mapped collection key: task_id, element: team_member_id
13:10:14.791 [main] DEBUG org.hibernate.boot.model.internal.CollectionSecondPass - Second pass for collection: org.frcpm.models.Meeting.attendances
13:10:14.791 [main] DEBUG org.hibernate.boot.model.internal.CollectionBinder - Binding a OneToMany: org.frcpm.models.Meeting.attendances through a foreign key
13:10:14.791 [main] DEBUG org.hibernate.boot.model.internal.CollectionBinder - Mapping collection: org.frcpm.models.Meeting.attendances -> attendances
13:10:14.792 [main] DEBUG org.hibernate.boot.model.internal.TableBinder - Retrieving property org.frcpm.models.Attendance.meeting
13:10:14.792 [main] DEBUG org.hibernate.boot.model.internal.CollectionSecondPass - Mapped collection key: meeting_id, one-to-many: org.frcpm.models.Attendance
13:10:14.792 [main] DEBUG org.hibernate.boot.model.internal.CollectionSecondPass - Second pass for collection: org.frcpm.models.Subsystem.tasks
13:10:14.792 [main] DEBUG org.hibernate.boot.model.internal.CollectionBinder - Binding a OneToMany: org.frcpm.models.Subsystem.tasks through a foreign key
13:10:14.792 [main] DEBUG org.hibernate.boot.model.internal.CollectionBinder - Mapping collection: org.frcpm.models.Subsystem.tasks -> tasks
13:10:14.792 [main] DEBUG org.hibernate.boot.model.internal.TableBinder - Retrieving property org.frcpm.models.Task.subsystem
13:10:14.792 [main] DEBUG org.hibernate.boot.model.internal.CollectionSecondPass - Mapped collection key: subsystem_id, one-to-many: org.frcpm.models.Task
13:10:14.792 [main] DEBUG org.hibernate.boot.model.internal.CollectionSecondPass - Second pass for collection: org.frcpm.models.Component.requiredForTasks
13:10:14.792 [main] DEBUG org.hibernate.boot.model.internal.CollectionBinder - Binding a ManyToMany: org.frcpm.models.Component.requiredForTasks
13:10:14.792 [main] DEBUG org.hibernate.boot.registry.classloading.internal.ClassLoaderServiceImpl - HHH000194: Package not found or no package-info.java: org.frcpm.models
13:10:14.792 [main] DEBUG org.hibernate.boot.model.internal.TableBinder - Retrieving property org.frcpm.models.Task.requiredComponents
13:10:14.792 [main] DEBUG org.hibernate.boot.model.internal.CollectionSecondPass - Mapped collection key: component_id, element: task_id
13:10:14.792 [main] DEBUG org.hibernate.boot.model.internal.CollectionSecondPass - Second pass for collection: org.frcpm.models.Project.meetings
13:10:14.792 [main] DEBUG org.hibernate.boot.model.internal.CollectionBinder - Binding a OneToMany: org.frcpm.models.Project.meetings through a foreign key
13:10:14.792 [main] DEBUG org.hibernate.boot.model.internal.CollectionBinder - Mapping collection: org.frcpm.models.Project.meetings -> meetings
13:10:14.792 [main] DEBUG org.hibernate.boot.model.internal.TableBinder - Retrieving property org.frcpm.models.Meeting.project
13:10:14.792 [main] DEBUG org.hibernate.boot.model.internal.CollectionSecondPass - Mapped collection key: project_id, one-to-many: org.frcpm.models.Meeting
13:10:14.792 [main] DEBUG org.hibernate.boot.model.internal.CollectionSecondPass - Second pass for collection: org.frcpm.models.Project.milestones
13:10:14.792 [main] DEBUG org.hibernate.boot.model.internal.CollectionBinder - Binding a OneToMany: org.frcpm.models.Project.milestones through a foreign key
13:10:14.792 [main] DEBUG org.hibernate.boot.model.internal.CollectionBinder - Mapping collection: org.frcpm.models.Project.milestones -> milestones
13:10:14.792 [main] DEBUG org.hibernate.boot.model.internal.TableBinder - Retrieving property org.frcpm.models.Milestone.project
13:10:14.792 [main] DEBUG org.hibernate.boot.model.internal.CollectionSecondPass - Mapped collection key: project_id, one-to-many: org.frcpm.models.Milestone
13:10:14.792 [main] DEBUG org.hibernate.boot.model.internal.CollectionSecondPass - Second pass for collection: org.frcpm.models.Project.tasks
13:10:14.792 [main] DEBUG org.hibernate.boot.model.internal.CollectionBinder - Binding a OneToMany: org.frcpm.models.Project.tasks through a foreign key
13:10:14.792 [main] DEBUG org.hibernate.boot.model.internal.CollectionBinder - Mapping collection: org.frcpm.models.Project.tasks -> tasks
13:10:14.792 [main] DEBUG org.hibernate.boot.model.internal.TableBinder - Retrieving property org.frcpm.models.Task.project
13:10:14.792 [main] DEBUG org.hibernate.boot.model.internal.CollectionSecondPass - Mapped collection key: project_id, one-to-many: org.frcpm.models.Task
13:10:14.792 [main] DEBUG org.hibernate.boot.model.internal.CollectionSecondPass - Second pass for collection: org.frcpm.models.Subteam.members
13:10:14.792 [main] DEBUG org.hibernate.boot.model.internal.CollectionBinder - Binding a OneToMany: org.frcpm.models.Subteam.members through a foreign key
13:10:14.792 [main] DEBUG org.hibernate.boot.model.internal.CollectionBinder - Mapping collection: org.frcpm.models.Subteam.members -> team_members
13:10:14.792 [main] DEBUG org.hibernate.boot.model.internal.TableBinder - Retrieving property org.frcpm.models.TeamMember.subteam
13:10:14.792 [main] DEBUG org.hibernate.boot.model.internal.CollectionSecondPass - Mapped collection key: subteam_id, one-to-many: org.frcpm.models.TeamMember
13:10:14.792 [main] DEBUG org.hibernate.boot.model.internal.CollectionSecondPass - Second pass for collection: org.frcpm.models.Subteam.subsystems
13:10:14.792 [main] DEBUG org.hibernate.boot.model.internal.CollectionBinder - Binding a OneToMany: org.frcpm.models.Subteam.subsystems through a foreign key
13:10:14.792 [main] DEBUG org.hibernate.boot.model.internal.CollectionBinder - Mapping collection: org.frcpm.models.Subteam.subsystems -> subsystems
13:10:14.792 [main] DEBUG org.hibernate.boot.model.internal.TableBinder - Retrieving property org.frcpm.models.Subsystem.responsibleSubteam
13:10:14.792 [main] DEBUG org.hibernate.boot.model.internal.CollectionSecondPass - Mapped collection key: responsible_subteam_id, one-to-many: org.frcpm.models.Subsystem
13:10:14.792 [main] DEBUG org.hibernate.boot.model.internal.CollectionSecondPass - Second pass for collection: org.frcpm.models.Task.postDependencies
13:10:14.792 [main] DEBUG org.hibernate.boot.model.internal.CollectionBinder - Binding a ManyToMany: org.frcpm.models.Task.postDependencies
13:10:14.792 [main] DEBUG org.hibernate.boot.registry.classloading.internal.ClassLoaderServiceImpl - HHH000194: Package not found or no package-info.java: org.frcpm.models
13:10:14.792 [main] DEBUG org.hibernate.boot.model.internal.TableBinder - Retrieving property org.frcpm.models.Task.preDependencies
13:10:14.792 [main] DEBUG org.hibernate.boot.model.internal.CollectionSecondPass - Mapped collection key: dependency_id, element: task_id
13:10:14.792 [main] DEBUG org.hibernate.boot.model.internal.CollectionSecondPass - Second pass for collection: org.frcpm.models.TeamMember.assignedTasks
13:10:14.792 [main] DEBUG org.hibernate.boot.model.internal.CollectionBinder - Binding a ManyToMany: org.frcpm.models.TeamMember.assignedTasks
13:10:14.793 [main] DEBUG org.hibernate.boot.registry.classloading.internal.ClassLoaderServiceImpl - HHH000194: Package not found or no package-info.java: org.frcpm.models
13:10:14.793 [main] DEBUG org.hibernate.boot.model.internal.TableBinder - Retrieving property org.frcpm.models.Task.assignedTo
13:10:14.793 [main] DEBUG org.hibernate.boot.model.internal.CollectionSecondPass - Mapped collection key: team_member_id, element: task_id
13:10:14.793 [main] DEBUG org.hibernate.boot.model.internal.CollectionSecondPass - Second pass for collection: org.frcpm.models.TeamMember.attendances
13:10:14.793 [main] DEBUG org.hibernate.boot.model.internal.CollectionBinder - Binding a OneToMany: org.frcpm.models.TeamMember.attendances through a foreign key
13:10:14.793 [main] DEBUG org.hibernate.boot.model.internal.CollectionBinder - Mapping collection: org.frcpm.models.TeamMember.attendances -> attendances
13:10:14.793 [main] DEBUG org.hibernate.boot.model.internal.TableBinder - Retrieving property org.frcpm.models.Attendance.member
13:10:14.793 [main] DEBUG org.hibernate.boot.model.internal.CollectionSecondPass - Mapped collection key: member_id, one-to-many: org.frcpm.models.Attendance
13:10:14.804 [main] DEBUG org.hibernate.internal.SessionFactoryImpl - Building session factory
13:10:14.805 [main] DEBUG org.hibernate.service.internal.SessionFactoryServiceRegistryImpl - EventListenerRegistry access via ServiceRegistry is deprecated.  Use `sessionFactory.getEventEngine().getListenerRegistry()` instead
13:10:14.805 [main] DEBUG org.hibernate.internal.SessionFactoryImpl - Instantiating SessionFactory with settings: {hibernate.format_sql=true, java.specification.version=21, sun.cpu.isalist=amd64, hibernate.connection.handling_mode=DELAYED_ACQUISITION_AND_RELEASE_AFTER_STATEMENT, sun.jnu.encoding=Cp1252, hibernate.dialect=org.hibernate.dialect.H2Dialect, java.class.path=C:\Users\dhiebert\Local Repositories\Project Management 2.0\target\test-classes;C:\Users\dhiebert\Local Repositories\Project Management 2.0\target\classes;C:\Users\dhiebert\.m2\repository\org\openjfx\javafx-controls\21.0.2\javafx-controls-21.0.2.jar;C:\Users\dhiebert\.m2\repository\org\openjfx\javafx-controls\21.0.2\javafx-controls-21.0.2-win.jar;C:\Users\dhiebert\.m2\repository\org\openjfx\javafx-fxml\21.0.2\javafx-fxml-21.0.2.jar;C:\Users\dhiebert\.m2\repository\org\openjfx\javafx-fxml\21.0.2\javafx-fxml-21.0.2-win.jar;C:\Users\dhiebert\.m2\repository\org\openjfx\javafx-graphics\21.0.2\javafx-graphics-21.0.2.jar;C:\Users\dhiebert\.m2\repository\org\openjfx\javafx-graphics\21.0.2\javafx-graphics-21.0.2-win.jar;C:\Users\dhiebert\.m2\repository\org\openjfx\javafx-base\21.0.2\javafx-base-21.0.2.jar;C:\Users\dhiebert\.m2\repository\org\openjfx\javafx-base\21.0.2\javafx-base-21.0.2-win.jar;C:\Users\dhiebert\.m2\repository\com\h2database\h2\2.2.224\h2-2.2.224.jar;C:\Users\dhiebert\.m2\repository\com\zaxxer\HikariCP\5.1.0\HikariCP-5.1.0.jar;C:\Users\dhiebert\.m2\repository\org\slf4j\slf4j-api\1.7.36\slf4j-api-1.7.36.jar;C:\Users\dhiebert\.m2\repository\org\hibernate\orm\hibernate-core\6.5.0.Final\hibernate-core-6.5.0.Final.jar;C:\Users\dhiebert\.m2\repository\jakarta\persistence\jakarta.persistence-api\3.1.0\jakarta.persistence-api-3.1.0.jar;C:\Users\dhiebert\.m2\repository\jakarta\transaction\jakarta.transaction-api\2.0.1\jakarta.transaction-api-2.0.1.jar;C:\Users\dhiebert\.m2\repository\org\jboss\logging\jboss-logging\3.5.0.Final\jboss-logging-3.5.0.Final.jar;C:\Users\dhiebert\.m2\repository\org\hibernate\common\hibernate-commons-annotations\6.0.6.Final\hibernate-commons-annotations-6.0.6.Final.jar;C:\Users\dhiebert\.m2\repository\io\smallrye\jandex\3.1.2\jandex-3.1.2.jar;C:\Users\dhiebert\.m2\repository\com\fasterxml\classmate\1.5.1\classmate-1.5.1.jar;C:\Users\dhiebert\.m2\repository\net\bytebuddy\byte-buddy\1.14.12\byte-buddy-1.14.12.jar;C:\Users\dhiebert\.m2\repository\jakarta\xml\bind\jakarta.xml.bind-api\4.0.0\jakarta.xml.bind-api-4.0.0.jar;C:\Users\dhiebert\.m2\repository\jakarta\activation\jakarta.activation-api\2.1.0\jakarta.activation-api-2.1.0.jar;C:\Users\dhiebert\.m2\repository\org\glassfish\jaxb\jaxb-runtime\4.0.2\jaxb-runtime-4.0.2.jar;C:\Users\dhiebert\.m2\repository\org\glassfish\jaxb\jaxb-core\4.0.2\jaxb-core-4.0.2.jar;C:\Users\dhiebert\.m2\repository\org\eclipse\angus\angus-activation\2.0.0\angus-activation-2.0.0.jar;C:\Users\dhiebert\.m2\repository\org\glassfish\jaxb\txw2\4.0.2\txw2-4.0.2.jar;C:\Users\dhiebert\.m2\repository\com\sun\istack\istack-commons-runtime\4.1.1\istack-commons-runtime-4.1.1.jar;C:\Users\dhiebert\.m2\repository\jakarta\inject\jakarta.inject-api\2.0.1\jakarta.inject-api-2.0.1.jar;C:\Users\dhiebert\.m2\repository\org\antlr\antlr4-runtime\4.13.0\antlr4-runtime-4.13.0.jar;C:\Users\dhiebert\.m2\repository\org\hibernate\validator\hibernate-validator\8.0.1.Final\hibernate-validator-8.0.1.Final.jar;C:\Users\dhiebert\.m2\repository\jakarta\validation\jakarta.validation-api\3.0.2\jakarta.validation-api-3.0.2.jar;C:\Users\dhiebert\.m2\repository\org\junit\jupiter\junit-jupiter-api\5.10.2\junit-jupiter-api-5.10.2.jar;C:\Users\dhiebert\.m2\repository\org\opentest4j\opentest4j\1.3.0\opentest4j-1.3.0.jar;C:\Users\dhiebert\.m2\repository\org\junit\platform\junit-platform-commons\1.10.2\junit-platform-commons-1.10.2.jar;C:\Users\dhiebert\.m2\repository\org\apiguardian\apiguardian-api\1.1.2\apiguardian-api-1.1.2.jar;C:\Users\dhiebert\.m2\repository\org\junit\jupiter\junit-jupiter-engine\5.10.2\junit-jupiter-engine-5.10.2.jar;C:\Users\dhiebert\.m2\repository\org\junit\platform\junit-platform-engine\1.10.2\junit-platform-engine-1.10.2.jar;C:\Users\dhiebert\.m2\repository\org\mockito\mockito-junit-jupiter\5.10.0\mockito-junit-jupiter-5.10.0.jar;C:\Users\dhiebert\.m2\repository\org\mockito\mockito-core\5.10.0\mockito-core-5.10.0.jar;C:\Users\dhiebert\.m2\repository\net\bytebuddy\byte-buddy-agent\1.14.11\byte-buddy-agent-1.14.11.jar;C:\Users\dhiebert\.m2\repository\org\objenesis\objenesis\3.3\objenesis-3.3.jar;C:\Users\dhiebert\.m2\repository\org\hibernate\orm\hibernate-hikaricp\6.5.0.Final\hibernate-hikaricp-6.5.0.Final.jar;C:\Users\dhiebert\.m2\repository\ch\qos\logback\logback-classic\1.2.11\logback-classic-1.2.11.jar;C:\Users\dhiebert\.m2\repository\ch\qos\logback\logback-core\1.2.11\logback-core-1.2.11.jar;C:\Users\dhiebert\.m2\repository\org\testfx\testfx-core\4.0.18\testfx-core-4.0.18.jar;C:\Users\dhiebert\.m2\repository\org\hamcrest\hamcrest\2.1\hamcrest-2.1.jar;C:\Users\dhiebert\.m2\repository\org\assertj\assertj-core\3.13.2\assertj-core-3.13.2.jar;C:\Users\dhiebert\.m2\repository\org\osgi\org.osgi.core\6.0.0\org.osgi.core-6.0.0.jar;C:\Users\dhiebert\.m2\repository\org\testfx\testfx-junit5\4.0.18\testfx-junit5-4.0.18.jar;C:\Users\dhiebert\.m2\repository\org\openjfx\javafx-web\17.0.2\javafx-web-17.0.2.jar;C:\Users\dhiebert\.m2\repository\org\openjfx\javafx-web\17.0.2\javafx-web-17.0.2-win.jar;C:\Users\dhiebert\.m2\repository\org\openjfx\javafx-media\17.0.2\javafx-media-17.0.2.jar;C:\Users\dhiebert\.m2\repository\org\openjfx\javafx-media\17.0.2\javafx-media-17.0.2-win.jar;C:\Users\dhiebert\.m2\repository\org\apache\pdfbox\pdfbox\2.0.27\pdfbox-2.0.27.jar;C:\Users\dhiebert\.m2\repository\org\apache\pdfbox\fontbox\2.0.27\fontbox-2.0.27.jar;C:\Users\dhiebert\.m2\repository\commons-logging\commons-logging\1.2\commons-logging-1.2.jar;C:\Users\dhiebert\.m2\repository\com\fasterxml\jackson\core\jackson-databind\2.15.0\jackson-databind-2.15.0.jar;C:\Users\dhiebert\.m2\repository\com\fasterxml\jackson\core\jackson-annotations\2.15.0\jackson-annotations-2.15.0.jar;C:\Users\dhiebert\.m2\repository\com\fasterxml\jackson\core\jackson-core\2.15.0\jackson-core-2.15.0.jar;C:\Users\dhiebert\.m2\repository\org\apache\xmlgraphics\batik-all\1.16\batik-all-1.16.jar;C:\Users\dhiebert\.m2\repository\xml-apis\xml-apis\1.4.01\xml-apis-1.4.01.jar;C:\Users\dhiebert\.m2\repository\xml-apis\xml-apis-ext\1.3.04\xml-apis-ext-1.3.04.jar;C:\Users\dhiebert\.m2\repository\org\apache\xmlgraphics\xmlgraphics-commons\2.7\xmlgraphics-commons-2.7.jar;C:\Users\dhiebert\.m2\repository\commons-io\commons-io\1.3.1\commons-io-1.3.1.jar;C:\Users\dhiebert\.m2\repository\org\jgrapht\jgrapht-core\1.5.2\jgrapht-core-1.5.2.jar;C:\Users\dhiebert\.m2\repository\org\jheaps\jheaps\0.14\jheaps-0.14.jar;C:\Users\dhiebert\.m2\repository\org\apfloat\apfloat\1.10.1\apfloat-1.10.1.jar;, java.vm.vendor=Eclipse Adoptium, sun.arch.data.model=64, hibernate.order_inserts=true, user.variant=, java.vendor.url=https://adoptium.net/, user.timezone=America/Chicago, javax.persistence.jdbc.user=****, javax.persistence.jdbc.url=jdbc:h2:mem:testdb;DB_CLOSE_DELAY=-1, java.vm.specification.version=21, os.name=Windows 11, hibernate.generate_statistics=false, hibernate.hikari.connectionTimeout=10000, hibernate.order_updates=true, hibernate.jdbc.batch_versioned_data=true, jakarta.persistence.jdbc.password=****, hibernate.jdbc.batch_size=30, sun.java.launcher=SUN_STANDARD, user.country=US, local.setting.IS_JTA_TXN_COORD=false, sun.boot.library.path=C:\Program Files\Eclipse Adoptium\jdk-21.0.6.7-hotspot\bin, sun.java.command=C:\Users\dhiebert\AppData\Local\Temp\surefire10019069690924606344\surefirebooter-20250411131008082_3.jar C:\Users\dhiebert\AppData\Local\Temp\surefire10019069690924606344 2025-04-11T13-10-07_936-jvmRun1 surefire-20250411131008082_1tmp surefire_0-20250411131008082_2tmp, hibernate.use_sql_comments=true, hibernate.connection.provider_class=org.hibernate.hikaricp.internal.HikariCPConnectionProvider, jdk.debug=release, test=JpaRepositoryImplTest, surefire.test.class.path=C:\Users\dhiebert\Local Repositories\Project Management 2.0\target\test-classes;C:\Users\dhiebert\Local Repositories\Project Management 2.0\target\classes;C:\Users\dhiebert\.m2\repository\org\openjfx\javafx-controls\21.0.2\javafx-controls-21.0.2.jar;C:\Users\dhiebert\.m2\repository\org\openjfx\javafx-controls\21.0.2\javafx-controls-21.0.2-win.jar;C:\Users\dhiebert\.m2\repository\org\openjfx\javafx-fxml\21.0.2\javafx-fxml-21.0.2.jar;C:\Users\dhiebert\.m2\repository\org\openjfx\javafx-fxml\21.0.2\javafx-fxml-21.0.2-win.jar;C:\Users\dhiebert\.m2\repository\org\openjfx\javafx-graphics\21.0.2\javafx-graphics-21.0.2.jar;C:\Users\dhiebert\.m2\repository\org\openjfx\javafx-graphics\21.0.2\javafx-graphics-21.0.2-win.jar;C:\Users\dhiebert\.m2\repository\org\openjfx\javafx-base\21.0.2\javafx-base-21.0.2.jar;C:\Users\dhiebert\.m2\repository\org\openjfx\javafx-base\21.0.2\javafx-base-21.0.2-win.jar;C:\Users\dhiebert\.m2\repository\com\h2database\h2\2.2.224\h2-2.2.224.jar;C:\Users\dhiebert\.m2\repository\com\zaxxer\HikariCP\5.1.0\HikariCP-5.1.0.jar;C:\Users\dhiebert\.m2\repository\org\slf4j\slf4j-api\1.7.36\slf4j-api-1.7.36.jar;C:\Users\dhiebert\.m2\repository\org\hibernate\orm\hibernate-core\6.5.0.Final\hibernate-core-6.5.0.Final.jar;C:\Users\dhiebert\.m2\repository\jakarta\persistence\jakarta.persistence-api\3.1.0\jakarta.persistence-api-3.1.0.jar;C:\Users\dhiebert\.m2\repository\jakarta\transaction\jakarta.transaction-api\2.0.1\jakarta.transaction-api-2.0.1.jar;C:\Users\dhiebert\.m2\repository\org\jboss\logging\jboss-logging\3.5.0.Final\jboss-logging-3.5.0.Final.jar;C:\Users\dhiebert\.m2\repository\org\hibernate\common\hibernate-commons-annotations\6.0.6.Final\hibernate-commons-annotations-6.0.6.Final.jar;C:\Users\dhiebert\.m2\repository\io\smallrye\jandex\3.1.2\jandex-3.1.2.jar;C:\Users\dhiebert\.m2\repository\com\fasterxml\classmate\1.5.1\classmate-1.5.1.jar;C:\Users\dhiebert\.m2\repository\net\bytebuddy\byte-buddy\1.14.12\byte-buddy-1.14.12.jar;C:\Users\dhiebert\.m2\repository\jakarta\xml\bind\jakarta.xml.bind-api\4.0.0\jakarta.xml.bind-api-4.0.0.jar;C:\Users\dhiebert\.m2\repository\jakarta\activation\jakarta.activation-api\2.1.0\jakarta.activation-api-2.1.0.jar;C:\Users\dhiebert\.m2\repository\org\glassfish\jaxb\jaxb-runtime\4.0.2\jaxb-runtime-4.0.2.jar;C:\Users\dhiebert\.m2\repository\org\glassfish\jaxb\jaxb-core\4.0.2\jaxb-core-4.0.2.jar;C:\Users\dhiebert\.m2\repository\org\eclipse\angus\angus-activation\2.0.0\angus-activation-2.0.0.jar;C:\Users\dhiebert\.m2\repository\org\glassfish\jaxb\txw2\4.0.2\txw2-4.0.2.jar;C:\Users\dhiebert\.m2\repository\com\sun\istack\istack-commons-runtime\4.1.1\istack-commons-runtime-4.1.1.jar;C:\Users\dhiebert\.m2\repository\jakarta\inject\jakarta.inject-api\2.0.1\jakarta.inject-api-2.0.1.jar;C:\Users\dhiebert\.m2\repository\org\antlr\antlr4-runtime\4.13.0\antlr4-runtime-4.13.0.jar;C:\Users\dhiebert\.m2\repository\org\hibernate\validator\hibernate-validator\8.0.1.Final\hibernate-validator-8.0.1.Final.jar;C:\Users\dhiebert\.m2\repository\jakarta\validation\jakarta.validation-api\3.0.2\jakarta.validation-api-3.0.2.jar;C:\Users\dhiebert\.m2\repository\org\junit\jupiter\junit-jupiter-api\5.10.2\junit-jupiter-api-5.10.2.jar;C:\Users\dhiebert\.m2\repository\org\opentest4j\opentest4j\1.3.0\opentest4j-1.3.0.jar;C:\Users\dhiebert\.m2\repository\org\junit\platform\junit-platform-commons\1.10.2\junit-platform-commons-1.10.2.jar;C:\Users\dhiebert\.m2\repository\org\apiguardian\apiguardian-api\1.1.2\apiguardian-api-1.1.2.jar;C:\Users\dhiebert\.m2\repository\org\junit\jupiter\junit-jupiter-engine\5.10.2\junit-jupiter-engine-5.10.2.jar;C:\Users\dhiebert\.m2\repository\org\junit\platform\junit-platform-engine\1.10.2\junit-platform-engine-1.10.2.jar;C:\Users\dhiebert\.m2\repository\org\mockito\mockito-junit-jupiter\5.10.0\mockito-junit-jupiter-5.10.0.jar;C:\Users\dhiebert\.m2\repository\org\mockito\mockito-core\5.10.0\mockito-core-5.10.0.jar;C:\Users\dhiebert\.m2\repository\net\bytebuddy\byte-buddy-agent\1.14.11\byte-buddy-agent-1.14.11.jar;C:\Users\dhiebert\.m2\repository\org\objenesis\objenesis\3.3\objenesis-3.3.jar;C:\Users\dhiebert\.m2\repository\org\hibernate\orm\hibernate-hikaricp\6.5.0.Final\hibernate-hikaricp-6.5.0.Final.jar;C:\Users\dhiebert\.m2\repository\ch\qos\logback\logback-classic\1.2.11\logback-classic-1.2.11.jar;C:\Users\dhiebert\.m2\repository\ch\qos\logback\logback-core\1.2.11\logback-core-1.2.11.jar;C:\Users\dhiebert\.m2\repository\org\testfx\testfx-core\4.0.18\testfx-core-4.0.18.jar;C:\Users\dhiebert\.m2\repository\org\hamcrest\hamcrest\2.1\hamcrest-2.1.jar;C:\Users\dhiebert\.m2\repository\org\assertj\assertj-core\3.13.2\assertj-core-3.13.2.jar;C:\Users\dhiebert\.m2\repository\org\osgi\org.osgi.core\6.0.0\org.osgi.core-6.0.0.jar;C:\Users\dhiebert\.m2\repository\org\testfx\testfx-junit5\4.0.18\testfx-junit5-4.0.18.jar;C:\Users\dhiebert\.m2\repository\org\openjfx\javafx-web\17.0.2\javafx-web-17.0.2.jar;C:\Users\dhiebert\.m2\repository\org\openjfx\javafx-web\17.0.2\javafx-web-17.0.2-win.jar;C:\Users\dhiebert\.m2\repository\org\openjfx\javafx-media\17.0.2\javafx-media-17.0.2.jar;C:\Users\dhiebert\.m2\repository\org\openjfx\javafx-media\17.0.2\javafx-media-17.0.2-win.jar;C:\Users\dhiebert\.m2\repository\org\apache\pdfbox\pdfbox\2.0.27\pdfbox-2.0.27.jar;C:\Users\dhiebert\.m2\repository\org\apache\pdfbox\fontbox\2.0.27\fontbox-2.0.27.jar;C:\Users\dhiebert\.m2\repository\commons-logging\commons-logging\1.2\commons-logging-1.2.jar;C:\Users\dhiebert\.m2\repository\com\fasterxml\jackson\core\jackson-databind\2.15.0\jackson-databind-2.15.0.jar;C:\Users\dhiebert\.m2\repository\com\fasterxml\jackson\core\jackson-annotations\2.15.0\jackson-annotations-2.15.0.jar;C:\Users\dhiebert\.m2\repository\com\fasterxml\jackson\core\jackson-core\2.15.0\jackson-core-2.15.0.jar;C:\Users\dhiebert\.m2\repository\org\apache\xmlgraphics\batik-all\1.16\batik-all-1.16.jar;C:\Users\dhiebert\.m2\repository\xml-apis\xml-apis\1.4.01\xml-apis-1.4.01.jar;C:\Users\dhiebert\.m2\repository\xml-apis\xml-apis-ext\1.3.04\xml-apis-ext-1.3.04.jar;C:\Users\dhiebert\.m2\repository\org\apache\xmlgraphics\xmlgraphics-commons\2.7\xmlgraphics-commons-2.7.jar;C:\Users\dhiebert\.m2\repository\commons-io\commons-io\1.3.1\commons-io-1.3.1.jar;C:\Users\dhiebert\.m2\repository\org\jgrapht\jgrapht-core\1.5.2\jgrapht-core-1.5.2.jar;C:\Users\dhiebert\.m2\repository\org\jheaps\jheaps\0.14\jheaps-0.14.jar;C:\Users\dhiebert\.m2\repository\org\apfloat\apfloat\1.10.1\apfloat-1.10.1.jar;, jakarta.persistence.jdbc.driver=org.h2.Driver, sun.cpu.endian=little, user.home=C:\Users\dhiebert, user.language=en, java.specification.vendor=Oracle Corporation, java.version.date=2025-01-21, java.home=C:\Program Files\Eclipse Adoptium\jdk-21.0.6.7-hotspot, file.separator=\, basedir=C:\Users\dhiebert\Local Repositories\Project Management 2.0, java.vm.compressedOopsMode=Zero based, jakarta.persistence.jdbc.user=****, line.separator=
, hibernate.persistenceUnitName=frcpm, java.vm.specification.vendor=Oracle Corporation, java.specification.name=Java Platform API Specification, hibernate.transaction.coordinator_class=class org.hibernate.resource.transaction.backend.jdbc.internal.JdbcResourceLocalTransactionCoordinatorBuilderImpl, javax.persistence.jdbc.driver=org.h2.Driver, hibernate.hikari.maximumPoolSize=10, surefire.real.class.path=C:\Users\dhiebert\AppData\Local\Temp\surefire10019069690924606344\surefirebooter-20250411131008082_3.jar, hibernate.hbm2ddl.auto=create-drop, user.script=, sun.management.compiler=HotSpot 64-Bit Tiered Compilers, java.runtime.version=21.0.6+7-LTS, user.name=dhiebert, hibernate.cache.use_query_cache=false, stdout.encoding=Cp1252, path.separator=;, hibernate.connection.username=****, os.version=10.0, java.runtime.name=OpenJDK Runtime Environment, hibernate.connection.url=jdbc:h2:mem:testdb;DB_CLOSE_DELAY=-1, file.encoding=UTF-8, hibernate.hikari.minimumIdle=2, hibernate.hikari.idleTimeout=30000, java.vm.name=OpenJDK 64-Bit Server VM, hibernate.show_sql=true, java.vendor.version=Temurin-21.0.6+7, hibernate.hikari.poolName=FRC-PM-HikariCP, hibernate.current_session_context_class=thread, localRepository=C:\Users\dhiebert\.m2\repository, hibernate.connection.driver_class=org.h2.Driver, java.vendor.url.bug=https://github.com/adoptium/adoptium-support/issues, java.io.tmpdir=C:\Users\dhiebert\AppData\Local\Temp\, java.version=21.0.6, user.dir=C:\Users\dhiebert\Local Repositories\Project Management 2.0, os.arch=amd64, java.vm.specification.name=Java Virtual Machine Specification, hibernate.connection.password=****, sun.os.patch.level=, jakarta.persistence.jdbc.url=jdbc:h2:mem:testdb;DB_CLOSE_DELAY=-1, hibernate.boot.CfgXmlAccessService.key=org.hibernate.boot.registry.StandardServiceRegistryBuilder$1@15691302, native.encoding=Cp1252, hibernate.cache.use_second_level_cache=false, java.library.path=C:\Program Files\Eclipse Adoptium\jdk-21.0.6.7-hotspot\bin;C:\WINDOWS\Sun\Java\bin;C:\WINDOWS\system32;C:\WINDOWS;C:\Program Files\apache-maven-3.9.9\bin;C:\Program Files\apache-maven-3.9.9\bin;C:\Program Files\Eclipse Adoptium\jdk-21.0.6.7-hotspot\bin;C:\Program Files\National Instruments\Shared\OpenVINO\;C:\Program Files\Common Files\Oracle\Java\javapath;C:\WINDOWS\system32;C:\WINDOWS;C:\WINDOWS\System32\Wbem;C:\WINDOWS\System32\WindowsPowerShell\v1.0\;C:\WINDOWS\System32\OpenSSH\;C:\Program Files\dotnet\;C:\Program Files (x86)\Windows Live\Shared;C:\Program Files\Git\cmd;C:\Program Files\Common Files\Autodesk Shared\;C:\Program Files\Microsoft SQL Server\150\Tools\Binn\;C:\Program Files\nodejs\;C:\Program Files\Eclipse Adoptium\jdk-21.0.6.7-hotspot\bin;C:\Program Files\apache-maven-3.9.9\bin;%MAVEN_HOME%\bin;C:\Users\dhiebert\AppData\Local\Microsoft\WindowsApps;C:\Users\dhiebert\AppData\Local\GitHubDesktop\bin;C:\Users\dhiebert\AppData\Roaming\npm;C:\Users\dhiebert\AppData\Local\Packages\PythonSoftwareFoundation.Python.3.11_qbz5n2kfra8p0\LocalCache\local-packages\Python311\Scripts;C:\Users\dhiebert\AppData\Local\Packages\PythonSoftwareFoundation.Python.3.11_qbz5n2kfra8p0\LocalCache\local-packages\Python311\site-packages\maven;;c:\Users\Public\wpilib\2025\vscode\data\user-data\User\globalStorage\github.copilot-chat\debugCommand;c:\Users\Public\wpilib\2025\vscode\data\extensions\ms-python.debugpy-2025.4.1-win32-x64\bundled\scripts\noConfigScripts;., stderr.encoding=Cp1252, java.vendor=Eclipse Adoptium, java.vm.info=mixed mode, sharing, java.vm.version=21.0.6+7-LTS, sun.io.unicode.encoding=UnicodeLittle, javax.persistence.jdbc.password=****, java.class.version=65.0}
13:10:14.805 [main] DEBUG org.hibernate.internal.SessionFactoryImpl - Session factory constructed with filter configurations : {}
13:10:14.805 [main] DEBUG org.hibernate.validator.internal.xml.config.ValidationXmlParser - Trying to load META-INF/validation.xml for XML based Validator configuration.
13:10:14.805 [main] DEBUG org.hibernate.validator.internal.xml.config.ResourceLoaderHelper - Trying to load META-INF/validation.xml via TCCL
13:10:14.805 [main] DEBUG org.hibernate.validator.internal.xml.config.ResourceLoaderHelper - Trying to load META-INF/validation.xml via Hibernate Validator's class loader
13:10:14.805 [main] DEBUG org.hibernate.validator.internal.xml.config.ValidationXmlParser - No META-INF/validation.xml found. Using annotation based configuration only.
13:10:14.805 [main] DEBUG org.hibernate.validator.internal.engine.resolver.TraversableResolvers - Found jakarta.persistence.Persistence on classpath containing 'getPersistenceUtil'. Assuming JPA 2 environment. Trying to instantiate JPA aware TraversableResolver
13:10:14.805 [main] DEBUG org.hibernate.validator.internal.engine.resolver.TraversableResolvers - Instantiated JPA aware TraversableResolver of type org.hibernate.validator.internal.engine.resolver.JPATraversableResolver.
13:10:14.806 [main] DEBUG org.hibernate.validator.messageinterpolation.ResourceBundleMessageInterpolator - Failed to load expression factory via classloader jdk.internal.loader.ClassLoaders$AppClassLoader@70dea4e
java.lang.NoClassDefFoundError: jakarta/el/ExpressionFactory
	at org.hibernate.validator.messageinterpolation.ResourceBundleMessageInterpolator.canLoadExpressionFactory(ResourceBundleMessageInterpolator.java:228)
	at org.hibernate.validator.messageinterpolation.ResourceBundleMessageInterpolator.buildExpressionFactory(ResourceBundleMessageInterpolator.java:173)
	at org.hibernate.validator.messageinterpolation.ResourceBundleMessageInterpolator.<init>(ResourceBundleMessageInterpolator.java:97)
	at org.hibernate.validator.internal.engine.AbstractConfigurationImpl.getDefaultMessageInterpolator(AbstractConfigurationImpl.java:575)
	at org.hibernate.validator.internal.engine.AbstractConfigurationImpl.getDefaultMessageInterpolatorConfiguredWithClassLoader(AbstractConfigurationImpl.java:834)
	at org.hibernate.validator.internal.engine.AbstractConfigurationImpl.getMessageInterpolator(AbstractConfigurationImpl.java:485)
	at org.hibernate.validator.internal.engine.ValidatorFactoryImpl.<init>(ValidatorFactoryImpl.java:157)
	at org.hibernate.validator.HibernateValidator.buildValidatorFactory(HibernateValidator.java:38)
	at org.hibernate.validator.internal.engine.AbstractConfigurationImpl.buildValidatorFactory(AbstractConfigurationImpl.java:453)
	at jakarta.validation.Validation.buildDefaultValidatorFactory(Validation.java:103)
	at org.hibernate.boot.beanvalidation.TypeSafeActivator.getValidatorFactory(TypeSafeActivator.java:482)
	at org.hibernate.boot.beanvalidation.TypeSafeActivator.activate(TypeSafeActivator.java:79)
	at java.base/jdk.internal.reflect.DirectMethodHandleAccessor.invoke(DirectMethodHandleAccessor.java:103)
	at java.base/java.lang.reflect.Method.invoke(Method.java:580)
	at org.hibernate.boot.beanvalidation.BeanValidationIntegrator.integrate(BeanValidationIntegrator.java:139)
	at org.hibernate.internal.SessionFactoryImpl.integrate(SessionFactoryImpl.java:517)
	at org.hibernate.internal.SessionFactoryImpl.<init>(SessionFactoryImpl.java:276)
	at org.hibernate.boot.internal.SessionFactoryBuilderImpl.build(SessionFactoryBuilderImpl.java:457)
	at org.hibernate.jpa.boot.internal.EntityManagerFactoryBuilderImpl.build(EntityManagerFactoryBuilderImpl.java:1506)
	at org.hibernate.jpa.HibernatePersistenceProvider.createEntityManagerFactory(HibernatePersistenceProvider.java:55)
	at jakarta.persistence.Persistence.createEntityManagerFactory(Persistence.java:80)
	at org.frcpm.config.DatabaseConfig.initialize(DatabaseConfig.java:66)
	at org.frcpm.repositories.impl.JpaRepositoryImplTest.setUp(JpaRepositoryImplTest.java:25)
	at java.base/jdk.internal.reflect.DirectMethodHandleAccessor.invoke(DirectMethodHandleAccessor.java:103)
	at java.base/java.lang.reflect.Method.invoke(Method.java:580)
	at org.junit.platform.commons.util.ReflectionUtils.invokeMethod(ReflectionUtils.java:728)
	at org.junit.jupiter.engine.execution.MethodInvocation.proceed(MethodInvocation.java:60)
	at org.junit.jupiter.engine.execution.InvocationInterceptorChain$ValidatingInvocation.proceed(InvocationInterceptorChain.java:131)
	at org.junit.jupiter.engine.extension.TimeoutExtension.intercept(TimeoutExtension.java:156)
	at org.junit.jupiter.engine.extension.TimeoutExtension.interceptLifecycleMethod(TimeoutExtension.java:128)
	at org.junit.jupiter.engine.extension.TimeoutExtension.interceptBeforeEachMethod(TimeoutExtension.java:78)
	at org.junit.jupiter.engine.execution.InterceptingExecutableInvoker$ReflectiveInterceptorCall.lambda$ofVoidMethod$0(InterceptingExecutableInvoker.java:103)
	at org.junit.jupiter.engine.execution.InterceptingExecutableInvoker.lambda$invoke$0(InterceptingExecutableInvoker.java:93)
	at org.junit.jupiter.engine.execution.InvocationInterceptorChain$InterceptedInvocation.proceed(InvocationInterceptorChain.java:106)
	at org.junit.jupiter.engine.execution.InvocationInterceptorChain.proceed(InvocationInterceptorChain.java:64)
	at org.junit.jupiter.engine.execution.InvocationInterceptorChain.chainAndInvoke(InvocationInterceptorChain.java:45)
	at org.junit.jupiter.engine.execution.InvocationInterceptorChain.invoke(InvocationInterceptorChain.java:37)
	at org.junit.jupiter.engine.execution.InterceptingExecutableInvoker.invoke(InterceptingExecutableInvoker.java:92)
	at org.junit.jupiter.engine.execution.InterceptingExecutableInvoker.invoke(InterceptingExecutableInvoker.java:86)
	at org.junit.jupiter.engine.descriptor.ClassBasedTestDescriptor.invokeMethodInExtensionContext(ClassBasedTestDescriptor.java:521)
	at org.junit.jupiter.engine.descriptor.ClassBasedTestDescriptor.lambda$synthesizeBeforeEachMethodAdapter$23(ClassBasedTestDescriptor.java:506)
	at org.junit.jupiter.engine.descriptor.TestMethodTestDescriptor.lambda$invokeBeforeEachMethods$3(TestMethodTestDescriptor.java:175)
	at org.junit.jupiter.engine.descriptor.TestMethodTestDescriptor.lambda$invokeBeforeMethodsOrCallbacksUntilExceptionOccurs$6(TestMethodTestDescriptor.java:203)
	at org.junit.platform.engine.support.hierarchical.ThrowableCollector.execute(ThrowableCollector.java:73)
	at org.junit.jupiter.engine.descriptor.TestMethodTestDescriptor.invokeBeforeMethodsOrCallbacksUntilExceptionOccurs(TestMethodTestDescriptor.java:203)
	at org.junit.jupiter.engine.descriptor.TestMethodTestDescriptor.invokeBeforeEachMethods(TestMethodTestDescriptor.java:172)
	at org.junit.jupiter.engine.descriptor.TestMethodTestDescriptor.execute(TestMethodTestDescriptor.java:135)
	at org.junit.jupiter.engine.descriptor.TestMethodTestDescriptor.execute(TestMethodTestDescriptor.java:69)
	at org.junit.platform.engine.support.hierarchical.NodeTestTask.lambda$executeRecursively$6(NodeTestTask.java:151)
	at org.junit.platform.engine.support.hierarchical.ThrowableCollector.execute(ThrowableCollector.java:73)
	at org.junit.platform.engine.support.hierarchical.NodeTestTask.lambda$executeRecursively$8(NodeTestTask.java:141)
	at org.junit.platform.engine.support.hierarchical.Node.around(Node.java:137)
	at org.junit.platform.engine.support.hierarchical.NodeTestTask.lambda$executeRecursively$9(NodeTestTask.java:139)
	at org.junit.platform.engine.support.hierarchical.ThrowableCollector.execute(ThrowableCollector.java:73)
	at org.junit.platform.engine.support.hierarchical.NodeTestTask.executeRecursively(NodeTestTask.java:138)
	at org.junit.platform.engine.support.hierarchical.NodeTestTask.execute(NodeTestTask.java:95)
	at java.base/java.util.ArrayList.forEach(ArrayList.java:1596)
	at org.junit.platform.engine.support.hierarchical.SameThreadHierarchicalTestExecutorService.invokeAll(SameThreadHierarchicalTestExecutorService.java:41)
	at org.junit.platform.engine.support.hierarchical.NodeTestTask.lambda$executeRecursively$6(NodeTestTask.java:155)
	at org.junit.platform.engine.support.hierarchical.ThrowableCollector.execute(ThrowableCollector.java:73)
	at org.junit.platform.engine.support.hierarchical.NodeTestTask.lambda$executeRecursively$8(NodeTestTask.java:141)
	at org.junit.platform.engine.support.hierarchical.Node.around(Node.java:137)
	at org.junit.platform.engine.support.hierarchical.NodeTestTask.lambda$executeRecursively$9(NodeTestTask.java:139)
	at org.junit.platform.engine.support.hierarchical.ThrowableCollector.execute(ThrowableCollector.java:73)
	at org.junit.platform.engine.support.hierarchical.NodeTestTask.executeRecursively(NodeTestTask.java:138)
	at org.junit.platform.engine.support.hierarchical.NodeTestTask.execute(NodeTestTask.java:95)
	at java.base/java.util.ArrayList.forEach(ArrayList.java:1596)
	at org.junit.platform.engine.support.hierarchical.SameThreadHierarchicalTestExecutorService.invokeAll(SameThreadHierarchicalTestExecutorService.java:41)
	at org.junit.platform.engine.support.hierarchical.NodeTestTask.lambda$executeRecursively$6(NodeTestTask.java:155)
	at org.junit.platform.engine.support.hierarchical.ThrowableCollector.execute(ThrowableCollector.java:73)
	at org.junit.platform.engine.support.hierarchical.NodeTestTask.lambda$executeRecursively$8(NodeTestTask.java:141)
	at org.junit.platform.engine.support.hierarchical.Node.around(Node.java:137)
	at org.junit.platform.engine.support.hierarchical.NodeTestTask.lambda$executeRecursively$9(NodeTestTask.java:139)
	at org.junit.platform.engine.support.hierarchical.ThrowableCollector.execute(ThrowableCollector.java:73)
	at org.junit.platform.engine.support.hierarchical.NodeTestTask.executeRecursively(NodeTestTask.java:138)
	at org.junit.platform.engine.support.hierarchical.NodeTestTask.execute(NodeTestTask.java:95)
	at org.junit.platform.engine.support.hierarchical.SameThreadHierarchicalTestExecutorService.submit(SameThreadHierarchicalTestExecutorService.java:35)
	at org.junit.platform.engine.support.hierarchical.HierarchicalTestExecutor.execute(HierarchicalTestExecutor.java:57)
	at org.junit.platform.engine.support.hierarchical.HierarchicalTestEngine.execute(HierarchicalTestEngine.java:54)
	at org.junit.platform.launcher.core.EngineExecutionOrchestrator.execute(EngineExecutionOrchestrator.java:198)
	at org.junit.platform.launcher.core.EngineExecutionOrchestrator.execute(EngineExecutionOrchestrator.java:169)
	at org.junit.platform.launcher.core.EngineExecutionOrchestrator.execute(EngineExecutionOrchestrator.java:93)
	at org.junit.platform.launcher.core.EngineExecutionOrchestrator.lambda$execute$0(EngineExecutionOrchestrator.java:58)
	at org.junit.platform.launcher.core.EngineExecutionOrchestrator.withInterceptedStreams(EngineExecutionOrchestrator.java:141)
	at org.junit.platform.launcher.core.EngineExecutionOrchestrator.execute(EngineExecutionOrchestrator.java:57)
	at org.junit.platform.launcher.core.DefaultLauncher.execute(DefaultLauncher.java:103)
	at org.junit.platform.launcher.core.DefaultLauncher.execute(DefaultLauncher.java:85)
	at org.junit.platform.launcher.core.DelegatingLauncher.execute(DelegatingLauncher.java:47)
	at org.apache.maven.surefire.junitplatform.LazyLauncher.execute(LazyLauncher.java:56)
	at org.apache.maven.surefire.junitplatform.JUnitPlatformProvider.execute(JUnitPlatformProvider.java:184)
	at org.apache.maven.surefire.junitplatform.JUnitPlatformProvider.invokeAllTests(JUnitPlatformProvider.java:148)
	at org.apache.maven.surefire.junitplatform.JUnitPlatformProvider.invoke(JUnitPlatformProvider.java:122)
	at org.apache.maven.surefire.booter.ForkedBooter.runSuitesInProcess(ForkedBooter.java:385)
	at org.apache.maven.surefire.booter.ForkedBooter.execute(ForkedBooter.java:162)
	at org.apache.maven.surefire.booter.ForkedBooter.run(ForkedBooter.java:507)
	at org.apache.maven.surefire.booter.ForkedBooter.main(ForkedBooter.java:495)
Caused by: java.lang.ClassNotFoundException: jakarta.el.ExpressionFactory
	... 96 common frames omitted
13:10:14.807 [main] DEBUG org.hibernate.validator.messageinterpolation.ResourceBundleMessageInterpolator - Failed to load expression factory via classloader jdk.internal.loader.ClassLoaders$AppClassLoader@70dea4e
java.lang.NoClassDefFoundError: jakarta/el/ExpressionFactory
	at org.hibernate.validator.messageinterpolation.ResourceBundleMessageInterpolator.canLoadExpressionFactory(ResourceBundleMessageInterpolator.java:228)
	at org.hibernate.validator.messageinterpolation.ResourceBundleMessageInterpolator.buildExpressionFactory(ResourceBundleMessageInterpolator.java:186)
	at org.hibernate.validator.messageinterpolation.ResourceBundleMessageInterpolator.<init>(ResourceBundleMessageInterpolator.java:97)
	at org.hibernate.validator.internal.engine.AbstractConfigurationImpl.getDefaultMessageInterpolator(AbstractConfigurationImpl.java:575)
	at org.hibernate.validator.internal.engine.AbstractConfigurationImpl.getDefaultMessageInterpolatorConfiguredWithClassLoader(AbstractConfigurationImpl.java:834)
	at org.hibernate.validator.internal.engine.AbstractConfigurationImpl.getMessageInterpolator(AbstractConfigurationImpl.java:485)
	at org.hibernate.validator.internal.engine.ValidatorFactoryImpl.<init>(ValidatorFactoryImpl.java:157)
	at org.hibernate.validator.HibernateValidator.buildValidatorFactory(HibernateValidator.java:38)
	at org.hibernate.validator.internal.engine.AbstractConfigurationImpl.buildValidatorFactory(AbstractConfigurationImpl.java:453)
	at jakarta.validation.Validation.buildDefaultValidatorFactory(Validation.java:103)
	at org.hibernate.boot.beanvalidation.TypeSafeActivator.getValidatorFactory(TypeSafeActivator.java:482)
	at org.hibernate.boot.beanvalidation.TypeSafeActivator.activate(TypeSafeActivator.java:79)
	at java.base/jdk.internal.reflect.DirectMethodHandleAccessor.invoke(DirectMethodHandleAccessor.java:103)
	at java.base/java.lang.reflect.Method.invoke(Method.java:580)
	at org.hibernate.boot.beanvalidation.BeanValidationIntegrator.integrate(BeanValidationIntegrator.java:139)
	at org.hibernate.internal.SessionFactoryImpl.integrate(SessionFactoryImpl.java:517)
	at org.hibernate.internal.SessionFactoryImpl.<init>(SessionFactoryImpl.java:276)
	at org.hibernate.boot.internal.SessionFactoryBuilderImpl.build(SessionFactoryBuilderImpl.java:457)
	at org.hibernate.jpa.boot.internal.EntityManagerFactoryBuilderImpl.build(EntityManagerFactoryBuilderImpl.java:1506)
	at org.hibernate.jpa.HibernatePersistenceProvider.createEntityManagerFactory(HibernatePersistenceProvider.java:55)
	at jakarta.persistence.Persistence.createEntityManagerFactory(Persistence.java:80)
	at org.frcpm.config.DatabaseConfig.initialize(DatabaseConfig.java:66)
	at org.frcpm.repositories.impl.JpaRepositoryImplTest.setUp(JpaRepositoryImplTest.java:25)
	at java.base/jdk.internal.reflect.DirectMethodHandleAccessor.invoke(DirectMethodHandleAccessor.java:103)
	at java.base/java.lang.reflect.Method.invoke(Method.java:580)
	at org.junit.platform.commons.util.ReflectionUtils.invokeMethod(ReflectionUtils.java:728)
	at org.junit.jupiter.engine.execution.MethodInvocation.proceed(MethodInvocation.java:60)
	at org.junit.jupiter.engine.execution.InvocationInterceptorChain$ValidatingInvocation.proceed(InvocationInterceptorChain.java:131)
	at org.junit.jupiter.engine.extension.TimeoutExtension.intercept(TimeoutExtension.java:156)
	at org.junit.jupiter.engine.extension.TimeoutExtension.interceptLifecycleMethod(TimeoutExtension.java:128)
	at org.junit.jupiter.engine.extension.TimeoutExtension.interceptBeforeEachMethod(TimeoutExtension.java:78)
	at org.junit.jupiter.engine.execution.InterceptingExecutableInvoker$ReflectiveInterceptorCall.lambda$ofVoidMethod$0(InterceptingExecutableInvoker.java:103)
	at org.junit.jupiter.engine.execution.InterceptingExecutableInvoker.lambda$invoke$0(InterceptingExecutableInvoker.java:93)
	at org.junit.jupiter.engine.execution.InvocationInterceptorChain$InterceptedInvocation.proceed(InvocationInterceptorChain.java:106)
	at org.junit.jupiter.engine.execution.InvocationInterceptorChain.proceed(InvocationInterceptorChain.java:64)
	at org.junit.jupiter.engine.execution.InvocationInterceptorChain.chainAndInvoke(InvocationInterceptorChain.java:45)
	at org.junit.jupiter.engine.execution.InvocationInterceptorChain.invoke(InvocationInterceptorChain.java:37)
	at org.junit.jupiter.engine.execution.InterceptingExecutableInvoker.invoke(InterceptingExecutableInvoker.java:92)
	at org.junit.jupiter.engine.execution.InterceptingExecutableInvoker.invoke(InterceptingExecutableInvoker.java:86)
	at org.junit.jupiter.engine.descriptor.ClassBasedTestDescriptor.invokeMethodInExtensionContext(ClassBasedTestDescriptor.java:521)
	at org.junit.jupiter.engine.descriptor.ClassBasedTestDescriptor.lambda$synthesizeBeforeEachMethodAdapter$23(ClassBasedTestDescriptor.java:506)
	at org.junit.jupiter.engine.descriptor.TestMethodTestDescriptor.lambda$invokeBeforeEachMethods$3(TestMethodTestDescriptor.java:175)
	at org.junit.jupiter.engine.descriptor.TestMethodTestDescriptor.lambda$invokeBeforeMethodsOrCallbacksUntilExceptionOccurs$6(TestMethodTestDescriptor.java:203)
	at org.junit.platform.engine.support.hierarchical.ThrowableCollector.execute(ThrowableCollector.java:73)
	at org.junit.jupiter.engine.descriptor.TestMethodTestDescriptor.invokeBeforeMethodsOrCallbacksUntilExceptionOccurs(TestMethodTestDescriptor.java:203)
	at org.junit.jupiter.engine.descriptor.TestMethodTestDescriptor.invokeBeforeEachMethods(TestMethodTestDescriptor.java:172)
	at org.junit.jupiter.engine.descriptor.TestMethodTestDescriptor.execute(TestMethodTestDescriptor.java:135)
	at org.junit.jupiter.engine.descriptor.TestMethodTestDescriptor.execute(TestMethodTestDescriptor.java:69)
	at org.junit.platform.engine.support.hierarchical.NodeTestTask.lambda$executeRecursively$6(NodeTestTask.java:151)
	at org.junit.platform.engine.support.hierarchical.ThrowableCollector.execute(ThrowableCollector.java:73)
	at org.junit.platform.engine.support.hierarchical.NodeTestTask.lambda$executeRecursively$8(NodeTestTask.java:141)
	at org.junit.platform.engine.support.hierarchical.Node.around(Node.java:137)
	at org.junit.platform.engine.support.hierarchical.NodeTestTask.lambda$executeRecursively$9(NodeTestTask.java:139)
	at org.junit.platform.engine.support.hierarchical.ThrowableCollector.execute(ThrowableCollector.java:73)
	at org.junit.platform.engine.support.hierarchical.NodeTestTask.executeRecursively(NodeTestTask.java:138)
	at org.junit.platform.engine.support.hierarchical.NodeTestTask.execute(NodeTestTask.java:95)
	at java.base/java.util.ArrayList.forEach(ArrayList.java:1596)
	at org.junit.platform.engine.support.hierarchical.SameThreadHierarchicalTestExecutorService.invokeAll(SameThreadHierarchicalTestExecutorService.java:41)
	at org.junit.platform.engine.support.hierarchical.NodeTestTask.lambda$executeRecursively$6(NodeTestTask.java:155)
	at org.junit.platform.engine.support.hierarchical.ThrowableCollector.execute(ThrowableCollector.java:73)
	at org.junit.platform.engine.support.hierarchical.NodeTestTask.lambda$executeRecursively$8(NodeTestTask.java:141)
	at org.junit.platform.engine.support.hierarchical.Node.around(Node.java:137)
	at org.junit.platform.engine.support.hierarchical.NodeTestTask.lambda$executeRecursively$9(NodeTestTask.java:139)
	at org.junit.platform.engine.support.hierarchical.ThrowableCollector.execute(ThrowableCollector.java:73)
	at org.junit.platform.engine.support.hierarchical.NodeTestTask.executeRecursively(NodeTestTask.java:138)
	at org.junit.platform.engine.support.hierarchical.NodeTestTask.execute(NodeTestTask.java:95)
	at java.base/java.util.ArrayList.forEach(ArrayList.java:1596)
	at org.junit.platform.engine.support.hierarchical.SameThreadHierarchicalTestExecutorService.invokeAll(SameThreadHierarchicalTestExecutorService.java:41)
	at org.junit.platform.engine.support.hierarchical.NodeTestTask.lambda$executeRecursively$6(NodeTestTask.java:155)
	at org.junit.platform.engine.support.hierarchical.ThrowableCollector.execute(ThrowableCollector.java:73)
	at org.junit.platform.engine.support.hierarchical.NodeTestTask.lambda$executeRecursively$8(NodeTestTask.java:141)
	at org.junit.platform.engine.support.hierarchical.Node.around(Node.java:137)
	at org.junit.platform.engine.support.hierarchical.NodeTestTask.lambda$executeRecursively$9(NodeTestTask.java:139)
	at org.junit.platform.engine.support.hierarchical.ThrowableCollector.execute(ThrowableCollector.java:73)
	at org.junit.platform.engine.support.hierarchical.NodeTestTask.executeRecursively(NodeTestTask.java:138)
	at org.junit.platform.engine.support.hierarchical.NodeTestTask.execute(NodeTestTask.java:95)
	at org.junit.platform.engine.support.hierarchical.SameThreadHierarchicalTestExecutorService.submit(SameThreadHierarchicalTestExecutorService.java:35)
	at org.junit.platform.engine.support.hierarchical.HierarchicalTestExecutor.execute(HierarchicalTestExecutor.java:57)
	at org.junit.platform.engine.support.hierarchical.HierarchicalTestEngine.execute(HierarchicalTestEngine.java:54)
	at org.junit.platform.launcher.core.EngineExecutionOrchestrator.execute(EngineExecutionOrchestrator.java:198)
	at org.junit.platform.launcher.core.EngineExecutionOrchestrator.execute(EngineExecutionOrchestrator.java:169)
	at org.junit.platform.launcher.core.EngineExecutionOrchestrator.execute(EngineExecutionOrchestrator.java:93)
	at org.junit.platform.launcher.core.EngineExecutionOrchestrator.lambda$execute$0(EngineExecutionOrchestrator.java:58)
	at org.junit.platform.launcher.core.EngineExecutionOrchestrator.withInterceptedStreams(EngineExecutionOrchestrator.java:141)
	at org.junit.platform.launcher.core.EngineExecutionOrchestrator.execute(EngineExecutionOrchestrator.java:57)
	at org.junit.platform.launcher.core.DefaultLauncher.execute(DefaultLauncher.java:103)
	at org.junit.platform.launcher.core.DefaultLauncher.execute(DefaultLauncher.java:85)
	at org.junit.platform.launcher.core.DelegatingLauncher.execute(DelegatingLauncher.java:47)
	at org.apache.maven.surefire.junitplatform.LazyLauncher.execute(LazyLauncher.java:56)
	at org.apache.maven.surefire.junitplatform.JUnitPlatformProvider.execute(JUnitPlatformProvider.java:184)
	at org.apache.maven.surefire.junitplatform.JUnitPlatformProvider.invokeAllTests(JUnitPlatformProvider.java:148)
	at org.apache.maven.surefire.junitplatform.JUnitPlatformProvider.invoke(JUnitPlatformProvider.java:122)
	at org.apache.maven.surefire.booter.ForkedBooter.runSuitesInProcess(ForkedBooter.java:385)
	at org.apache.maven.surefire.booter.ForkedBooter.execute(ForkedBooter.java:162)
	at org.apache.maven.surefire.booter.ForkedBooter.run(ForkedBooter.java:507)
	at org.apache.maven.surefire.booter.ForkedBooter.main(ForkedBooter.java:495)
Caused by: java.lang.ClassNotFoundException: jakarta.el.ExpressionFactory
	... 96 common frames omitted
13:10:14.807 [main] DEBUG org.hibernate.boot.beanvalidation.TypeSafeActivator - Unable to acquire Bean Validation ValidatorFactory, skipping activation
13:10:14.809 [main] DEBUG org.hibernate.query.sqm.function.SqmFunctionRegistry - Registered SqmFunctionTemplate [NamedSqmFunctionTemplate(max)] under max; prior registration was null
13:10:14.809 [main] DEBUG org.hibernate.query.sqm.function.SqmFunctionRegistry - Registered SqmFunctionTemplate [NamedSqmFunctionTemplate(min)] under min; prior registration was null
13:10:14.809 [main] DEBUG org.hibernate.query.sqm.function.SqmFunctionRegistry - Registered SqmFunctionTemplate [NamedSqmFunctionTemplate(sum)] under sum; prior registration was null
13:10:14.809 [main] DEBUG org.hibernate.query.sqm.function.SqmFunctionRegistry - Registered SqmFunctionTemplate [NamedSqmFunctionTemplate(avg)] under avg; prior registration was null
13:10:14.809 [main] DEBUG org.hibernate.query.sqm.function.SqmFunctionRegistry - Registered SqmFunctionTemplate [org.hibernate.dialect.function.CountFunction@35534370] under count; prior registration was null
13:10:14.809 [main] DEBUG org.hibernate.query.sqm.function.SqmFunctionRegistry - Registered SqmFunctionTemplate [org.hibernate.dialect.function.EveryAnyEmulation@397b4878] under every; prior registration was null
13:10:14.809 [main] DEBUG org.hibernate.query.sqm.function.SqmFunctionRegistry - Registered SqmFunctionTemplate [org.hibernate.dialect.function.EveryAnyEmulation@3fc6ae7b] under any; prior registration was null
13:10:14.809 [main] DEBUG org.hibernate.query.sqm.function.SqmFunctionRegistry - Registered SqmFunctionTemplate [NamedSqmFunctionTemplate(floor)] under floor; prior registration was null
13:10:14.809 [main] DEBUG org.hibernate.query.sqm.function.SqmFunctionRegistry - Registered SqmFunctionTemplate [NamedSqmFunctionTemplate(ceiling)] under ceiling; prior registration was null
13:10:14.809 [main] DEBUG org.hibernate.query.sqm.function.SqmFunctionRegistry - Registered SqmFunctionTemplate [NamedSqmFunctionTemplate(mod)] under mod; prior registration was null
13:10:14.809 [main] DEBUG org.hibernate.query.sqm.function.SqmFunctionRegistry - Registered SqmFunctionTemplate [NamedSqmFunctionTemplate(abs)] under abs; prior registration was null
13:10:14.809 [main] DEBUG org.hibernate.query.sqm.function.SqmFunctionRegistry - Registered SqmFunctionTemplate [NamedSqmFunctionTemplate(sign)] under sign; prior registration was null
13:10:14.809 [main] DEBUG org.hibernate.query.sqm.function.SqmFunctionRegistry - Registered SqmFunctionTemplate [NamedSqmFunctionTemplate(sqrt)] under sqrt; prior registration was null
13:10:14.809 [main] DEBUG org.hibernate.query.sqm.function.SqmFunctionRegistry - Registered SqmFunctionTemplate [NamedSqmFunctionTemplate(ln)] under ln; prior registration was null
13:10:14.809 [main] DEBUG org.hibernate.query.sqm.function.SqmFunctionRegistry - Registered SqmFunctionTemplate [NamedSqmFunctionTemplate(exp)] under exp; prior registration was null
13:10:14.809 [main] DEBUG org.hibernate.query.sqm.function.SqmFunctionRegistry - Registered SqmFunctionTemplate [NamedSqmFunctionTemplate(power)] under power; prior registration was null
13:10:14.809 [main] DEBUG org.hibernate.query.sqm.function.SqmFunctionRegistry - Registered SqmFunctionTemplate [NamedSqmFunctionTemplate(round)] under round; prior registration was null
13:10:14.809 [main] DEBUG org.hibernate.query.sqm.function.SqmFunctionRegistry - Registered SqmFunctionTemplate [NamedSqmFunctionTemplate(sin)] under sin; prior registration was null
13:10:14.809 [main] DEBUG org.hibernate.query.sqm.function.SqmFunctionRegistry - Registered SqmFunctionTemplate [NamedSqmFunctionTemplate(cos)] under cos; prior registration was null
13:10:14.809 [main] DEBUG org.hibernate.query.sqm.function.SqmFunctionRegistry - Registered SqmFunctionTemplate [NamedSqmFunctionTemplate(tan)] under tan; prior registration was null
13:10:14.809 [main] DEBUG org.hibernate.query.sqm.function.SqmFunctionRegistry - Registered SqmFunctionTemplate [NamedSqmFunctionTemplate(asin)] under asin; prior registration was null
13:10:14.809 [main] DEBUG org.hibernate.query.sqm.function.SqmFunctionRegistry - Registered SqmFunctionTemplate [NamedSqmFunctionTemplate(acos)] under acos; prior registration was null
13:10:14.809 [main] DEBUG org.hibernate.query.sqm.function.SqmFunctionRegistry - Registered SqmFunctionTemplate [NamedSqmFunctionTemplate(atan)] under atan; prior registration was null
13:10:14.809 [main] DEBUG org.hibernate.query.sqm.function.SqmFunctionRegistry - Registered SqmFunctionTemplate [NamedSqmFunctionTemplate(atan2)] under atan2; prior registration was null
13:10:14.809 [main] DEBUG org.hibernate.query.sqm.function.SqmFunctionRegistry - Registered SqmFunctionTemplate [org.hibernate.query.sqm.function.PatternBasedSqmFunctionDescriptor@96160a] under sinh; prior registration was null
13:10:14.809 [main] DEBUG org.hibernate.query.sqm.function.SqmFunctionRegistry - Registered SqmFunctionTemplate [org.hibernate.query.sqm.function.PatternBasedSqmFunctionDescriptor@2ff19dab] under cosh; prior registration was null
13:10:14.809 [main] DEBUG org.hibernate.query.sqm.function.SqmFunctionRegistry - Registered SqmFunctionTemplate [org.hibernate.query.sqm.function.PatternBasedSqmFunctionDescriptor@4caa28a5] under tanh; prior registration was null
13:10:14.809 [main] DEBUG org.hibernate.query.sqm.function.SqmFunctionRegistry - Registered SqmFunctionTemplate [org.hibernate.query.sqm.function.PatternBasedSqmFunctionDescriptor@4615e23d] under pi; prior registration was null
13:10:14.809 [main] DEBUG org.hibernate.query.sqm.function.SqmFunctionRegistry - Registered SqmFunctionTemplate [org.hibernate.query.sqm.function.PatternBasedSqmFunctionDescriptor@76838ab3] under log; prior registration was null
13:10:14.809 [main] DEBUG org.hibernate.query.sqm.function.SqmFunctionRegistry - Registered SqmFunctionTemplate [NamedSqmFunctionTemplate(coalesce)] under coalesce; prior registration was null
13:10:14.809 [main] DEBUG org.hibernate.query.sqm.function.SqmFunctionRegistry - Registered SqmFunctionTemplate [NamedSqmFunctionTemplate(nullif)] under nullif; prior registration was null
13:10:14.809 [main] DEBUG org.hibernate.query.sqm.function.SqmFunctionRegistry - Registered SqmFunctionTemplate [NamedSqmFunctionTemplate(left)] under left; prior registration was null
13:10:14.809 [main] DEBUG org.hibernate.query.sqm.function.SqmFunctionRegistry - Registered SqmFunctionTemplate [NamedSqmFunctionTemplate(right)] under right; prior registration was null
13:10:14.810 [main] DEBUG org.hibernate.query.sqm.function.SqmFunctionRegistry - Registered SqmFunctionTemplate [NamedSqmFunctionTemplate(replace)] under replace; prior registration was null
13:10:14.810 [main] DEBUG org.hibernate.query.sqm.function.SqmFunctionRegistry - Registered SqmFunctionTemplate [NamedSqmFunctionTemplate(concat)] under concat; prior registration was null
13:10:14.810 [main] DEBUG org.hibernate.query.sqm.function.SqmFunctionRegistry - Registered SqmFunctionTemplate [NamedSqmFunctionTemplate(lower)] under lower; prior registration was null
13:10:14.810 [main] DEBUG org.hibernate.query.sqm.function.SqmFunctionRegistry - Registered SqmFunctionTemplate [NamedSqmFunctionTemplate(upper)] under upper; prior registration was null
13:10:14.810 [main] DEBUG org.hibernate.query.sqm.function.SqmFunctionRegistry - Registered SqmFunctionTemplate [NamedSqmFunctionTemplate(substring)] under substring; prior registration was null
13:10:14.810 [main] DEBUG org.hibernate.query.sqm.function.SqmFunctionRegistry - Registered SqmFunctionTemplate [NamedSqmFunctionTemplate(locate)] under locate; prior registration was null
13:10:14.810 [main] DEBUG org.hibernate.query.sqm.function.SqmFunctionRegistry - Registered SqmFunctionTemplate [NamedSqmFunctionTemplate(character_length)] under character_length; prior registration was null
13:10:14.810 [main] DEBUG org.hibernate.query.sqm.function.SqmFunctionRegistry - Registering alternate key : length -> character_length
13:10:14.810 [main] DEBUG org.hibernate.query.sqm.function.SqmFunctionRegistry - Registered SqmFunctionTemplate [org.hibernate.dialect.function.LocatePositionEmulation@553c4d0d] under position; prior registration was null
13:10:14.810 [main] DEBUG org.hibernate.query.sqm.function.SqmFunctionRegistry - Registered SqmFunctionTemplate [org.hibernate.dialect.function.InsertSubstringOverlayEmulation@48cea80f] under overlay; prior registration was null
13:10:14.810 [main] DEBUG org.hibernate.query.sqm.function.SqmFunctionRegistry - Registered SqmFunctionTemplate [org.hibernate.dialect.function.TrimFunction@2123af21] under trim; prior registration was null
13:10:14.810 [main] DEBUG org.hibernate.query.sqm.function.SqmFunctionRegistry - Registered SqmFunctionTemplate [org.hibernate.dialect.function.CastFunction@4b1f7fa4] under cast; prior registration was null
13:10:14.810 [main] DEBUG org.hibernate.query.sqm.function.SqmFunctionRegistry - Registered SqmFunctionTemplate [org.hibernate.query.sqm.function.PatternBasedSqmFunctionDescriptor@7cfc07ef] under collate; prior registration was null
13:10:14.810 [main] DEBUG org.hibernate.query.sqm.function.SqmFunctionRegistry - Registered SqmFunctionTemplate [org.hibernate.dialect.function.ExtractFunction@414f46af] under extract; prior registration was null
13:10:14.810 [main] DEBUG org.hibernate.query.sqm.function.SqmFunctionRegistry - Registered SqmFunctionTemplate [NamedSqmFunctionTemplate(least)] under least; prior registration was null
13:10:14.810 [main] DEBUG org.hibernate.query.sqm.function.SqmFunctionRegistry - Registered SqmFunctionTemplate [NamedSqmFunctionTemplate(greatest)] under greatest; prior registration was null
13:10:14.810 [main] DEBUG org.hibernate.query.sqm.function.SqmFunctionRegistry - Registered SqmFunctionTemplate [org.hibernate.dialect.function.CoalesceIfnullEmulation@7da9a300] under ifnull; prior registration was null
13:10:14.810 [main] DEBUG org.hibernate.query.sqm.function.SqmFunctionRegistry - Registered SqmFunctionTemplate [NamedSqmFunctionTemplate(lpad)] under lpad; prior registration was null
13:10:14.810 [main] DEBUG org.hibernate.query.sqm.function.SqmFunctionRegistry - Registered SqmFunctionTemplate [NamedSqmFunctionTemplate(rpad)] under rpad; prior registration was null
13:10:14.810 [main] DEBUG org.hibernate.query.sqm.function.SqmFunctionRegistry - Registered SqmFunctionTemplate [org.hibernate.dialect.function.LpadRpadPadEmulation@4dfb114e] under pad; prior registration was null
13:10:14.810 [main] DEBUG org.hibernate.query.sqm.function.SqmFunctionRegistry - Registered SqmFunctionTemplate [org.hibernate.dialect.function.CastStrEmulation@5124b461] under str; prior registration was null
13:10:14.810 [main] DEBUG org.hibernate.query.sqm.function.SqmFunctionRegistry - Registered SqmFunctionTemplate [org.hibernate.dialect.function.FormatFunction@6ae5ead4] under format; prior registration was null
13:10:14.810 [main] DEBUG org.hibernate.query.sqm.function.SqmFunctionRegistry - Registered SqmFunctionTemplate [org.hibernate.dialect.function.TimestampaddFunction@5a64f52b] under timestampadd; prior registration was null
13:10:14.810 [main] DEBUG org.hibernate.query.sqm.function.SqmFunctionRegistry - Registered SqmFunctionTemplate [org.hibernate.dialect.function.TimestampdiffFunction@4f00ee48] under timestampdiff; prior registration was null
13:10:14.810 [main] DEBUG org.hibernate.query.sqm.function.SqmFunctionRegistry - Registering alternate key : dateadd -> timestampadd
13:10:14.810 [main] DEBUG org.hibernate.query.sqm.function.SqmFunctionRegistry - Registering alternate key : datediff -> timestampdiff
13:10:14.810 [main] DEBUG org.hibernate.query.sqm.function.SqmFunctionRegistry - Registered SqmFunctionTemplate [org.hibernate.dialect.function.CurrentFunction@3b73dc75] under current_date; prior registration was null
13:10:14.810 [main] DEBUG org.hibernate.query.sqm.function.SqmFunctionRegistry - Registered SqmFunctionTemplate [org.hibernate.dialect.function.CurrentFunction@7e853285] under current_time; prior registration was null
13:10:14.810 [main] DEBUG org.hibernate.query.sqm.function.SqmFunctionRegistry - Registered SqmFunctionTemplate [org.hibernate.dialect.function.CurrentFunction@3354dd3] under current_timestamp; prior registration was null
13:10:14.810 [main] DEBUG org.hibernate.query.sqm.function.SqmFunctionRegistry - Registering alternate key : current date -> current_date
13:10:14.810 [main] DEBUG org.hibernate.query.sqm.function.SqmFunctionRegistry - Registering alternate key : current time -> current_time
13:10:14.810 [main] DEBUG org.hibernate.query.sqm.function.SqmFunctionRegistry - Registering alternate key : current timestamp -> current_timestamp
13:10:14.810 [main] DEBUG org.hibernate.query.sqm.function.SqmFunctionRegistry - Registered SqmFunctionTemplate [org.hibernate.dialect.function.CurrentFunction@4b0f8153] under local_date; prior registration was null
13:10:14.810 [main] DEBUG org.hibernate.query.sqm.function.SqmFunctionRegistry - Registered SqmFunctionTemplate [org.hibernate.dialect.function.CurrentFunction@6eba7c33] under local_time; prior registration was null
13:10:14.810 [main] DEBUG org.hibernate.query.sqm.function.SqmFunctionRegistry - Registered SqmFunctionTemplate [org.hibernate.dialect.function.CurrentFunction@397c6a7b] under local_datetime; prior registration was null
13:10:14.810 [main] DEBUG org.hibernate.query.sqm.function.SqmFunctionRegistry - Registered SqmFunctionTemplate [org.hibernate.dialect.function.CurrentFunction@100ee352] under offset_datetime; prior registration was null
13:10:14.810 [main] DEBUG org.hibernate.query.sqm.function.SqmFunctionRegistry - Registering alternate key : local date -> local_date
13:10:14.810 [main] DEBUG org.hibernate.query.sqm.function.SqmFunctionRegistry - Registering alternate key : local time -> local_time
13:10:14.810 [main] DEBUG org.hibernate.query.sqm.function.SqmFunctionRegistry - Registering alternate key : local datetime -> local_datetime
13:10:14.810 [main] DEBUG org.hibernate.query.sqm.function.SqmFunctionRegistry - Registering alternate key : offset datetime -> offset_datetime
13:10:14.810 [main] DEBUG org.hibernate.query.sqm.function.SqmFunctionRegistry - Registered SqmFunctionTemplate [org.hibernate.dialect.function.CurrentFunction@27bcfd19] under instant; prior registration was null
13:10:14.810 [main] DEBUG org.hibernate.query.sqm.function.SqmFunctionRegistry - Registering alternate key : current_instant -> instant
13:10:14.810 [main] DEBUG org.hibernate.query.sqm.function.SqmFunctionRegistry - Registered SqmFunctionTemplate [org.hibernate.dialect.function.SqlFunction@1ada5639] under sql; prior registration was null
13:10:14.810 [main] DEBUG org.hibernate.query.sqm.function.SqmFunctionRegistry - Registered SqmFunctionTemplate [NamedSqmFunctionTemplate(max)] under max; prior registration was NamedSqmFunctionTemplate(max)
13:10:14.810 [main] DEBUG org.hibernate.query.sqm.function.SqmFunctionRegistry - Registered SqmFunctionTemplate [NamedSqmFunctionTemplate(min)] under min; prior registration was NamedSqmFunctionTemplate(min)
13:10:14.810 [main] DEBUG org.hibernate.query.sqm.function.SqmFunctionRegistry - Registered SqmFunctionTemplate [NamedSqmFunctionTemplate(sum)] under sum; prior registration was NamedSqmFunctionTemplate(sum)
13:10:14.810 [main] DEBUG org.hibernate.query.sqm.function.SqmFunctionRegistry - Registered SqmFunctionTemplate [NamedSqmFunctionTemplate(avg)] under avg; prior registration was NamedSqmFunctionTemplate(avg)
13:10:14.810 [main] DEBUG org.hibernate.query.sqm.function.SqmFunctionRegistry - Registered SqmFunctionTemplate [org.hibernate.dialect.function.CountFunction@402fd8ab] under count; prior registration was org.hibernate.dialect.function.CountFunction@35534370
13:10:14.810 [main] DEBUG org.hibernate.query.sqm.function.SqmFunctionRegistry - Registered SqmFunctionTemplate [org.hibernate.dialect.function.AvgFunction@275cb78f] under avg; prior registration was NamedSqmFunctionTemplate(avg)
13:10:14.810 [main] DEBUG org.hibernate.query.sqm.function.SqmFunctionRegistry - Registered SqmFunctionTemplate [NamedSqmFunctionTemplate(pi)] under pi; prior registration was org.hibernate.query.sqm.function.PatternBasedSqmFunctionDescriptor@4615e23d
13:10:14.810 [main] DEBUG org.hibernate.query.sqm.function.SqmFunctionRegistry - Registered SqmFunctionTemplate [NamedSqmFunctionTemplate(cot)] under cot; prior registration was null
13:10:14.810 [main] DEBUG org.hibernate.query.sqm.function.SqmFunctionRegistry - Registered SqmFunctionTemplate [NamedSqmFunctionTemplate(radians)] under radians; prior registration was null
13:10:14.810 [main] DEBUG org.hibernate.query.sqm.function.SqmFunctionRegistry - Registered SqmFunctionTemplate [NamedSqmFunctionTemplate(degrees)] under degrees; prior registration was null
13:10:14.810 [main] DEBUG org.hibernate.query.sqm.function.SqmFunctionRegistry - Registered SqmFunctionTemplate [NamedSqmFunctionTemplate(log10)] under log10; prior registration was null
13:10:14.810 [main] DEBUG org.hibernate.query.sqm.function.SqmFunctionRegistry - Registered SqmFunctionTemplate [org.hibernate.query.sqm.function.PatternBasedSqmFunctionDescriptor@6748d248] under mod; prior registration was NamedSqmFunctionTemplate(mod)
13:10:14.810 [main] DEBUG org.hibernate.query.sqm.function.SqmFunctionRegistry - Registered SqmFunctionTemplate [NamedSqmFunctionTemplate(rand)] under rand; prior registration was null
13:10:14.810 [main] DEBUG org.hibernate.query.sqm.function.SqmFunctionRegistry - Registered SqmFunctionTemplate [NamedSqmFunctionTemplate(soundex)] under soundex; prior registration was null
13:10:14.810 [main] DEBUG org.hibernate.query.sqm.function.SqmFunctionRegistry - Registered SqmFunctionTemplate [NamedSqmFunctionTemplate(translate)] under translate; prior registration was null
13:10:14.810 [main] DEBUG org.hibernate.query.sqm.function.SqmFunctionRegistry - Registered SqmFunctionTemplate [NamedSqmFunctionTemplate(bitand)] under bitand; prior registration was null
13:10:14.810 [main] DEBUG org.hibernate.query.sqm.function.SqmFunctionRegistry - Registered SqmFunctionTemplate [NamedSqmFunctionTemplate(bitor)] under bitor; prior registration was null
13:10:14.810 [main] DEBUG org.hibernate.query.sqm.function.SqmFunctionRegistry - Registered SqmFunctionTemplate [NamedSqmFunctionTemplate(bitxor)] under bitxor; prior registration was null
13:10:14.810 [main] DEBUG org.hibernate.query.sqm.function.SqmFunctionRegistry - Registered SqmFunctionTemplate [NamedSqmFunctionTemplate(bitnot)] under bitnot; prior registration was null
13:10:14.810 [main] DEBUG org.hibernate.query.sqm.function.SqmFunctionRegistry - Registered SqmFunctionTemplate [NamedSqmFunctionTemplate(bit_and)] under bit_and; prior registration was null
13:10:14.810 [main] DEBUG org.hibernate.query.sqm.function.SqmFunctionRegistry - Registered SqmFunctionTemplate [NamedSqmFunctionTemplate(bit_or)] under bit_or; prior registration was null
13:10:14.810 [main] DEBUG org.hibernate.query.sqm.function.SqmFunctionRegistry - Registered SqmFunctionTemplate [NamedSqmFunctionTemplate(day)] under day; prior registration was null
13:10:14.810 [main] DEBUG org.hibernate.query.sqm.function.SqmFunctionRegistry - Registered SqmFunctionTemplate [NamedSqmFunctionTemplate(month)] under month; prior registration was null
13:10:14.810 [main] DEBUG org.hibernate.query.sqm.function.SqmFunctionRegistry - Registered SqmFunctionTemplate [NamedSqmFunctionTemplate(year)] under year; prior registration was null
13:10:14.810 [main] DEBUG org.hibernate.query.sqm.function.SqmFunctionRegistry - Registered SqmFunctionTemplate [NamedSqmFunctionTemplate(hour)] under hour; prior registration was null
13:10:14.810 [main] DEBUG org.hibernate.query.sqm.function.SqmFunctionRegistry - Registered SqmFunctionTemplate [NamedSqmFunctionTemplate(minute)] under minute; prior registration was null
13:10:14.810 [main] DEBUG org.hibernate.query.sqm.function.SqmFunctionRegistry - Registered SqmFunctionTemplate [NamedSqmFunctionTemplate(second)] under second; prior registration was null
13:10:14.810 [main] DEBUG org.hibernate.query.sqm.function.SqmFunctionRegistry - Registered SqmFunctionTemplate [NamedSqmFunctionTemplate(microsecond)] under microsecond; prior registration was null
13:10:14.810 [main] DEBUG org.hibernate.query.sqm.function.SqmFunctionRegistry - Registered SqmFunctionTemplate [NamedSqmFunctionTemplate(day_of_week)] under day_of_week; prior registration was null
13:10:14.810 [main] DEBUG org.hibernate.query.sqm.function.SqmFunctionRegistry - Registered SqmFunctionTemplate [NamedSqmFunctionTemplate(day_of_month)] under day_of_month; prior registration was null
13:10:14.810 [main] DEBUG org.hibernate.query.sqm.function.SqmFunctionRegistry - Registering alternate key : day -> day_of_month
13:10:14.810 [main] DEBUG org.hibernate.query.sqm.function.SqmFunctionRegistry - Registered SqmFunctionTemplate [NamedSqmFunctionTemplate(day_of_year)] under day_of_year; prior registration was null
13:10:14.810 [main] DEBUG org.hibernate.query.sqm.function.SqmFunctionRegistry - Registered SqmFunctionTemplate [NamedSqmFunctionTemplate(week)] under week; prior registration was null
13:10:14.810 [main] DEBUG org.hibernate.query.sqm.function.SqmFunctionRegistry - Registered SqmFunctionTemplate [NamedSqmFunctionTemplate(quarter)] under quarter; prior registration was null
13:10:14.810 [main] DEBUG org.hibernate.query.sqm.function.SqmFunctionRegistry - Registered SqmFunctionTemplate [NamedSqmFunctionTemplate(monthname)] under monthname; prior registration was null
13:10:14.810 [main] DEBUG org.hibernate.query.sqm.function.SqmFunctionRegistry - Registered SqmFunctionTemplate [NamedSqmFunctionTemplate(dayname)] under dayname; prior registration was null
13:10:14.810 [main] DEBUG org.hibernate.query.sqm.function.SqmFunctionRegistry - Registered SqmFunctionTemplate [NamedSqmFunctionTemplate(localtime)] under localtime; prior registration was null
13:10:14.810 [main] DEBUG org.hibernate.query.sqm.function.SqmFunctionRegistry - Registered SqmFunctionTemplate [NamedSqmFunctionTemplate(localtimestamp)] under localtimestamp; prior registration was null
13:10:14.810 [main] DEBUG org.hibernate.query.sqm.function.SqmFunctionRegistry - Registered SqmFunctionTemplate [NamedSqmFunctionTemplate(localtime)] under local_time; prior registration was org.hibernate.dialect.function.CurrentFunction@6eba7c33
13:10:14.810 [main] DEBUG org.hibernate.query.sqm.function.SqmFunctionRegistry - Registered SqmFunctionTemplate [NamedSqmFunctionTemplate(localtimestamp)] under local_datetime; prior registration was org.hibernate.dialect.function.CurrentFunction@397c6a7b
13:10:14.810 [main] DEBUG org.hibernate.query.sqm.function.SqmFunctionRegistry - Registered SqmFunctionTemplate [org.hibernate.dialect.function.TruncFunction@2f6b2b06] under trunc; prior registration was null
13:10:14.810 [main] DEBUG org.hibernate.query.sqm.function.SqmFunctionRegistry - Registering alternate key : truncate -> trunc
13:10:14.810 [main] DEBUG org.hibernate.query.sqm.function.SqmFunctionRegistry - Registered SqmFunctionTemplate [org.hibernate.query.sqm.function.PatternBasedSqmFunctionDescriptor@11bf44c0] under date_trunc; prior registration was null
13:10:14.810 [main] DEBUG org.hibernate.query.sqm.function.SqmFunctionRegistry - Registered SqmFunctionTemplate [NamedSqmFunctionTemplate(bit_length)] under bit_length; prior registration was null
13:10:14.810 [main] DEBUG org.hibernate.query.sqm.function.SqmFunctionRegistry - Registered SqmFunctionTemplate [NamedSqmFunctionTemplate(octet_length)] under octet_length; prior registration was null
13:10:14.810 [main] DEBUG org.hibernate.query.sqm.function.SqmFunctionRegistry - Registered SqmFunctionTemplate [NamedSqmFunctionTemplate(ascii)] under ascii; prior registration was null
13:10:14.810 [main] DEBUG org.hibernate.query.sqm.function.SqmFunctionRegistry - Registered SqmFunctionTemplate [NamedSqmFunctionTemplate(octet_length)] under octet_length; prior registration was NamedSqmFunctionTemplate(octet_length)
13:10:14.810 [main] DEBUG org.hibernate.query.sqm.function.SqmFunctionRegistry - Registered SqmFunctionTemplate [NamedSqmFunctionTemplate(space)] under space; prior registration was null
13:10:14.810 [main] DEBUG org.hibernate.query.sqm.function.SqmFunctionRegistry - Registered SqmFunctionTemplate [NamedSqmFunctionTemplate(repeat)] under repeat; prior registration was null
13:10:14.810 [main] DEBUG org.hibernate.query.sqm.function.SqmFunctionRegistry - Registered SqmFunctionTemplate [NamedSqmFunctionTemplate(char)] under char; prior registration was null
13:10:14.810 [main] DEBUG org.hibernate.query.sqm.function.SqmFunctionRegistry - Registering alternate key : chr -> char
13:10:14.810 [main] DEBUG org.hibernate.query.sqm.function.SqmFunctionRegistry - Registered SqmFunctionTemplate [NamedSqmFunctionTemplate(instr)] under instr; prior registration was null
13:10:14.810 [main] DEBUG org.hibernate.query.sqm.function.SqmFunctionRegistry - Registered SqmFunctionTemplate [NamedSqmFunctionTemplate(substr)] under substr; prior registration was null
13:10:14.810 [main] DEBUG org.hibernate.query.sqm.function.SqmFunctionRegistry - Registered SqmFunctionTemplate [org.hibernate.query.sqm.function.PatternBasedSqmFunctionDescriptor@539d69b7] under position; prior registration was org.hibernate.dialect.function.LocatePositionEmulation@553c4d0d
13:10:14.810 [main] DEBUG org.hibernate.query.sqm.function.SqmFunctionRegistry - Registered SqmFunctionTemplate [NamedSqmFunctionTemplate(ltrim)] under ltrim; prior registration was null
13:10:14.810 [main] DEBUG org.hibernate.query.sqm.function.SqmFunctionRegistry - Registered SqmFunctionTemplate [NamedSqmFunctionTemplate(rtrim)] under rtrim; prior registration was null
13:10:14.810 [main] DEBUG org.hibernate.query.sqm.function.SqmFunctionRegistry - Registered SqmFunctionTemplate [org.hibernate.query.sqm.function.PatternBasedSqmFunctionDescriptor@72663b1e] under concat; prior registration was NamedSqmFunctionTemplate(concat)
13:10:14.810 [main] DEBUG org.hibernate.query.sqm.function.SqmFunctionRegistry - Registered SqmFunctionTemplate [NamedSqmFunctionTemplate(curtime)] under curtime; prior registration was null
13:10:14.810 [main] DEBUG org.hibernate.query.sqm.function.SqmFunctionRegistry - Registered SqmFunctionTemplate [NamedSqmFunctionTemplate(curdate)] under curdate; prior registration was null
13:10:14.810 [main] DEBUG org.hibernate.query.sqm.function.SqmFunctionRegistry - Registered SqmFunctionTemplate [NamedSqmFunctionTemplate(now)] under now; prior registration was null
13:10:14.810 [main] DEBUG org.hibernate.query.sqm.function.SqmFunctionRegistry - Registered SqmFunctionTemplate [NamedSqmFunctionTemplate(sysdate)] under sysdate; prior registration was null
13:10:14.810 [main] DEBUG org.hibernate.query.sqm.function.SqmFunctionRegistry - Registered SqmFunctionTemplate [NamedSqmFunctionTemplate(insert)] under insert; prior registration was null
13:10:14.810 [main] DEBUG org.hibernate.query.sqm.function.SqmFunctionRegistry - Registered SqmFunctionTemplate [NamedSqmFunctionTemplate(bool_and)] under bool_and; prior registration was null
13:10:14.810 [main] DEBUG org.hibernate.query.sqm.function.SqmFunctionRegistry - Registering alternate key : every -> bool_and
13:10:14.810 [main] DEBUG org.hibernate.query.sqm.function.SqmFunctionRegistry - Registered SqmFunctionTemplate [NamedSqmFunctionTemplate(bool_or)] under bool_or; prior registration was null
13:10:14.810 [main] DEBUG org.hibernate.query.sqm.function.SqmFunctionRegistry - Registering alternate key : any -> bool_or
13:10:14.810 [main] DEBUG org.hibernate.query.sqm.function.SqmFunctionRegistry - Registered SqmFunctionTemplate [NamedSqmFunctionTemplate(median)] under median; prior registration was null
13:10:14.810 [main] DEBUG org.hibernate.query.sqm.function.SqmFunctionRegistry - Registered SqmFunctionTemplate [NamedSqmFunctionTemplate(stddev_pop)] under stddev_pop; prior registration was null
13:10:14.810 [main] DEBUG org.hibernate.query.sqm.function.SqmFunctionRegistry - Registered SqmFunctionTemplate [NamedSqmFunctionTemplate(stddev_samp)] under stddev_samp; prior registration was null
13:10:14.810 [main] DEBUG org.hibernate.query.sqm.function.SqmFunctionRegistry - Registered SqmFunctionTemplate [NamedSqmFunctionTemplate(var_pop)] under var_pop; prior registration was null
13:10:14.810 [main] DEBUG org.hibernate.query.sqm.function.SqmFunctionRegistry - Registered SqmFunctionTemplate [NamedSqmFunctionTemplate(var_samp)] under var_samp; prior registration was null
13:10:14.810 [main] DEBUG org.hibernate.query.sqm.function.SqmFunctionRegistry - Registered SqmFunctionTemplate [org.hibernate.dialect.function.FormatFunction@4230d4f] under format; prior registration was org.hibernate.dialect.function.FormatFunction@6ae5ead4
13:10:14.810 [main] DEBUG org.hibernate.query.sqm.function.SqmFunctionRegistry - Registered SqmFunctionTemplate [NamedSqmFunctionTemplate(rownum)] under rownum; prior registration was null
13:10:14.810 [main] DEBUG org.hibernate.query.sqm.function.SqmFunctionRegistry - Registered SqmFunctionTemplate [NamedSqmFunctionTemplate(row_number)] under row_number; prior registration was null
13:10:14.810 [main] DEBUG org.hibernate.query.sqm.function.SqmFunctionRegistry - Registered SqmFunctionTemplate [NamedSqmFunctionTemplate(lag)] under lag; prior registration was null
13:10:14.810 [main] DEBUG org.hibernate.query.sqm.function.SqmFunctionRegistry - Registered SqmFunctionTemplate [NamedSqmFunctionTemplate(lead)] under lead; prior registration was null
13:10:14.810 [main] DEBUG org.hibernate.query.sqm.function.SqmFunctionRegistry - Registered SqmFunctionTemplate [NamedSqmFunctionTemplate(first_value)] under first_value; prior registration was null
13:10:14.810 [main] DEBUG org.hibernate.query.sqm.function.SqmFunctionRegistry - Registered SqmFunctionTemplate [NamedSqmFunctionTemplate(last_value)] under last_value; prior registration was null
13:10:14.810 [main] DEBUG org.hibernate.query.sqm.function.SqmFunctionRegistry - Registered SqmFunctionTemplate [NamedSqmFunctionTemplate(nth_value)] under nth_value; prior registration was null
13:10:14.810 [main] DEBUG org.hibernate.query.sqm.function.SqmFunctionRegistry - Registered SqmFunctionTemplate [org.hibernate.dialect.function.ListaggFunction@6f51c04f] under listagg; prior registration was null
13:10:14.810 [main] DEBUG org.hibernate.query.sqm.function.SqmFunctionRegistry - Registered SqmFunctionTemplate [org.hibernate.dialect.function.InverseDistributionFunction@57b9ccc3] under mode; prior registration was null
13:10:14.810 [main] DEBUG org.hibernate.query.sqm.function.SqmFunctionRegistry - Registered SqmFunctionTemplate [org.hibernate.dialect.function.InverseDistributionFunction@14c4b3e1] under percentile_cont; prior registration was null
13:10:14.810 [main] DEBUG org.hibernate.query.sqm.function.SqmFunctionRegistry - Registered SqmFunctionTemplate [org.hibernate.dialect.function.InverseDistributionFunction@8119d43] under percentile_disc; prior registration was null
13:10:14.810 [main] DEBUG org.hibernate.query.sqm.function.SqmFunctionRegistry - Registered SqmFunctionTemplate [org.hibernate.dialect.function.HypotheticalSetFunction@69a377b6] under rank; prior registration was null
13:10:14.810 [main] DEBUG org.hibernate.query.sqm.function.SqmFunctionRegistry - Registered SqmFunctionTemplate [org.hibernate.dialect.function.HypotheticalSetFunction@70e56195] under dense_rank; prior registration was null
13:10:14.810 [main] DEBUG org.hibernate.query.sqm.function.SqmFunctionRegistry - Registered SqmFunctionTemplate [org.hibernate.dialect.function.HypotheticalSetFunction@410f8fd3] under percent_rank; prior registration was null
13:10:14.810 [main] DEBUG org.hibernate.query.sqm.function.SqmFunctionRegistry - Registered SqmFunctionTemplate [org.hibernate.dialect.function.HypotheticalSetFunction@4570e934] under cume_dist; prior registration was null
13:10:14.810 [main] DEBUG org.hibernate.query.sqm.function.SqmFunctionRegistry - Registered SqmFunctionTemplate [org.hibernate.dialect.function.array.ArrayConstructorFunction@379c38eb] under array; prior registration was null
13:10:14.810 [main] DEBUG org.hibernate.query.sqm.function.SqmFunctionRegistry - Registered SqmFunctionTemplate [org.hibernate.dialect.function.array.ArrayConstructorFunction@6c2e0e44] under array_list; prior registration was null
13:10:14.810 [main] DEBUG org.hibernate.query.sqm.function.SqmFunctionRegistry - Registered SqmFunctionTemplate [org.hibernate.dialect.function.array.ArrayAggFunction@51e27505] under array_agg; prior registration was null
13:10:14.811 [main] DEBUG org.hibernate.query.sqm.function.SqmFunctionRegistry - Registered SqmFunctionTemplate [org.hibernate.dialect.function.array.H2ArrayPositionFunction@13190f44] under array_position; prior registration was null
13:10:14.811 [main] DEBUG org.hibernate.query.sqm.function.SqmFunctionRegistry - Registered SqmFunctionTemplate [org.hibernate.dialect.function.array.H2ArrayPositionsFunction@59d44c64] under array_positions; prior registration was null
13:10:14.811 [main] DEBUG org.hibernate.query.sqm.function.SqmFunctionRegistry - Registered SqmFunctionTemplate [org.hibernate.dialect.function.array.H2ArrayPositionsFunction@40e41f16] under array_positions_list; prior registration was null
13:10:14.811 [main] DEBUG org.hibernate.query.sqm.function.SqmFunctionRegistry - Registered SqmFunctionTemplate [org.hibernate.query.sqm.function.PatternBasedSqmFunctionDescriptor@24a170e0] under array_length; prior registration was null
13:10:14.811 [main] DEBUG org.hibernate.query.sqm.function.SqmFunctionRegistry - Registered SqmFunctionTemplate [org.hibernate.dialect.function.array.ArrayConcatFunction@5fedaf7c] under array_concat; prior registration was null
13:10:14.811 [main] DEBUG org.hibernate.query.sqm.function.SqmFunctionRegistry - Registered SqmFunctionTemplate [org.hibernate.dialect.function.array.ArrayConcatElementFunction@264888e7] under array_prepend; prior registration was null
13:10:14.811 [main] DEBUG org.hibernate.query.sqm.function.SqmFunctionRegistry - Registered SqmFunctionTemplate [org.hibernate.dialect.function.array.ArrayConcatElementFunction@46343f97] under array_append; prior registration was null
13:10:14.811 [main] DEBUG org.hibernate.query.sqm.function.SqmFunctionRegistry - Registered SqmFunctionTemplate [org.hibernate.dialect.function.array.H2ArrayContainsFunction@693d61c1] under array_contains; prior registration was null
13:10:14.811 [main] DEBUG org.hibernate.query.sqm.function.SqmFunctionRegistry - Registered SqmFunctionTemplate [org.hibernate.dialect.function.array.H2ArrayContainsFunction@5b19b5d5] under array_contains_nullable; prior registration was null
13:10:14.811 [main] DEBUG org.hibernate.query.sqm.function.SqmFunctionRegistry - Registered SqmFunctionTemplate [org.hibernate.dialect.function.array.H2ArrayOverlapsFunction@397411e1] under array_overlaps; prior registration was null
13:10:14.811 [main] DEBUG org.hibernate.query.sqm.function.SqmFunctionRegistry - Registered SqmFunctionTemplate [org.hibernate.dialect.function.array.H2ArrayOverlapsFunction@5e5b49df] under array_overlaps_nullable; prior registration was null
13:10:14.811 [main] DEBUG org.hibernate.query.sqm.function.SqmFunctionRegistry - Registered SqmFunctionTemplate [org.hibernate.query.sqm.function.PatternBasedSqmFunctionDescriptor@5cea18bc] under array_get; prior registration was null
13:10:14.811 [main] DEBUG org.hibernate.query.sqm.function.SqmFunctionRegistry - Registered SqmFunctionTemplate [org.hibernate.dialect.function.array.H2ArraySetFunction@4a4ba9e9] under array_set; prior registration was null
13:10:14.811 [main] DEBUG org.hibernate.query.sqm.function.SqmFunctionRegistry - Registered SqmFunctionTemplate [org.hibernate.dialect.function.array.H2ArrayRemoveFunction@53a95258] under array_remove; prior registration was null
13:10:14.811 [main] DEBUG org.hibernate.query.sqm.function.SqmFunctionRegistry - Registered SqmFunctionTemplate [org.hibernate.dialect.function.array.H2ArrayRemoveIndexFunction@5738ec43] under array_remove_index; prior registration was null
13:10:14.811 [main] DEBUG org.hibernate.query.sqm.function.SqmFunctionRegistry - Registered SqmFunctionTemplate [org.hibernate.query.sqm.function.PatternBasedSqmFunctionDescriptor@5b9b31e0] under array_slice; prior registration was null
13:10:14.811 [main] DEBUG org.hibernate.query.sqm.function.SqmFunctionRegistry - Registered SqmFunctionTemplate [org.hibernate.dialect.function.array.H2ArrayReplaceFunction@4c08cf9b] under array_replace; prior registration was null
13:10:14.811 [main] DEBUG org.hibernate.query.sqm.function.SqmFunctionRegistry - Registered SqmFunctionTemplate [org.hibernate.query.sqm.function.PatternBasedSqmFunctionDescriptor@55aa6fd0] under array_trim; prior registration was null
13:10:14.811 [main] DEBUG org.hibernate.query.sqm.function.SqmFunctionRegistry - Registered SqmFunctionTemplate [org.hibernate.dialect.function.array.H2ArrayFillFunction@4560dbd2] under array_fill; prior registration was null
13:10:14.811 [main] DEBUG org.hibernate.query.sqm.function.SqmFunctionRegistry - Registered SqmFunctionTemplate [org.hibernate.dialect.function.array.H2ArrayFillFunction@4776f6af] under array_fill_list; prior registration was null
13:10:14.811 [main] DEBUG org.hibernate.query.sqm.function.SqmFunctionRegistry - Registered SqmFunctionTemplate [org.hibernate.dialect.function.array.H2ArrayToStringFunction@4d089dcd] under array_to_string; prior registration was null
13:10:14.811 [main] DEBUG org.hibernate.HQL_FUNCTIONS - abs(NUMERIC arg)
13:10:14.811 [main] DEBUG org.hibernate.HQL_FUNCTIONS - Double acos(NUMERIC arg)
13:10:14.811 [main] DEBUG org.hibernate.HQL_FUNCTIONS - Boolean any(BOOLEAN predicate)
13:10:14.811 [main] DEBUG org.hibernate.HQL_FUNCTIONS - array( ... )
13:10:14.811 [main] DEBUG org.hibernate.HQL_FUNCTIONS - array_agg(arg)
13:10:14.811 [main] DEBUG org.hibernate.HQL_FUNCTIONS - array_append( ... )
13:10:14.811 [main] DEBUG org.hibernate.HQL_FUNCTIONS - array_concat( ... )
13:10:14.811 [main] DEBUG org.hibernate.HQL_FUNCTIONS - Boolean array_contains(ARRAY haystackArray, OBJECT needleElementOrArray)
13:10:14.811 [main] DEBUG org.hibernate.HQL_FUNCTIONS - Boolean array_contains_nullable(ARRAY haystackArray, OBJECT needleElementOrArray)
13:10:14.811 [main] DEBUG org.hibernate.HQL_FUNCTIONS - array_fill(OBJECT element, INTEGER elementCount)
13:10:14.811 [main] DEBUG org.hibernate.HQL_FUNCTIONS - array_fill_list(OBJECT element, INTEGER elementCount)
13:10:14.811 [main] DEBUG org.hibernate.HQL_FUNCTIONS - array_get(ARRAY array, INTEGER index)
13:10:14.811 [main] DEBUG org.hibernate.HQL_FUNCTIONS - Integer array_length(ARRAY array)
13:10:14.811 [main] DEBUG org.hibernate.HQL_FUNCTIONS - array_list( ... )
13:10:14.811 [main] DEBUG org.hibernate.HQL_FUNCTIONS - Boolean array_overlaps(ARRAY array0, OBJECT array1)
13:10:14.811 [main] DEBUG org.hibernate.HQL_FUNCTIONS - Boolean array_overlaps_nullable(ARRAY array0, OBJECT array1)
13:10:14.811 [main] DEBUG org.hibernate.HQL_FUNCTIONS - Integer array_position(ARRAY array, OBJECT element[, INTEGER startPosition])
13:10:14.811 [main] DEBUG org.hibernate.HQL_FUNCTIONS - int[] array_positions(ARRAY array, OBJECT element)
13:10:14.811 [main] DEBUG org.hibernate.HQL_FUNCTIONS - List array_positions_list(ARRAY array, OBJECT element)
13:10:14.811 [main] DEBUG org.hibernate.HQL_FUNCTIONS - array_prepend( ... )
13:10:14.811 [main] DEBUG org.hibernate.HQL_FUNCTIONS - array_remove( ... )
13:10:14.811 [main] DEBUG org.hibernate.HQL_FUNCTIONS - array_remove_index( ... )
13:10:14.811 [main] DEBUG org.hibernate.HQL_FUNCTIONS - array_replace( ... )
13:10:14.811 [main] DEBUG org.hibernate.HQL_FUNCTIONS - array_set( ... )
13:10:14.811 [main] DEBUG org.hibernate.HQL_FUNCTIONS - array_slice(ARRAY array, INTEGER start, INTEGER end)
13:10:14.811 [main] DEBUG org.hibernate.HQL_FUNCTIONS - String array_to_string( ... )
13:10:14.811 [main] DEBUG org.hibernate.HQL_FUNCTIONS - array_trim(ARRAY array, INTEGER elementsToRemove)
13:10:14.811 [main] DEBUG org.hibernate.HQL_FUNCTIONS - Integer ascii(STRING arg)
13:10:14.811 [main] DEBUG org.hibernate.HQL_FUNCTIONS - Double asin(NUMERIC arg)
13:10:14.811 [main] DEBUG org.hibernate.HQL_FUNCTIONS - Double atan(NUMERIC arg)
13:10:14.811 [main] DEBUG org.hibernate.HQL_FUNCTIONS - Double atan2(NUMERIC arg0, NUMERIC arg1)
13:10:14.811 [main] DEBUG org.hibernate.HQL_FUNCTIONS - avg(NUMERIC arg)
13:10:14.811 [main] DEBUG org.hibernate.HQL_FUNCTIONS - bit_and(arg)
13:10:14.811 [main] DEBUG org.hibernate.HQL_FUNCTIONS - Integer bit_length(STRING_OR_CLOB arg)
13:10:14.811 [main] DEBUG org.hibernate.HQL_FUNCTIONS - bit_or(arg)
13:10:14.811 [main] DEBUG org.hibernate.HQL_FUNCTIONS - bitand(arg0, arg1)
13:10:14.811 [main] DEBUG org.hibernate.HQL_FUNCTIONS - bitnot(arg)
13:10:14.811 [main] DEBUG org.hibernate.HQL_FUNCTIONS - bitor(arg0, arg1)
13:10:14.811 [main] DEBUG org.hibernate.HQL_FUNCTIONS - bitxor(arg0, arg1)
13:10:14.811 [main] DEBUG org.hibernate.HQL_FUNCTIONS - Boolean bool_and(BOOLEAN predicate)
13:10:14.811 [main] DEBUG org.hibernate.HQL_FUNCTIONS - Boolean bool_or(BOOLEAN predicate)
13:10:14.811 [main] DEBUG org.hibernate.HQL_FUNCTIONS - cast(arg as Type)
13:10:14.811 [main] DEBUG org.hibernate.HQL_FUNCTIONS - ceiling(NUMERIC arg)
13:10:14.811 [main] DEBUG org.hibernate.HQL_FUNCTIONS - Character char(INTEGER arg)
13:10:14.811 [main] DEBUG org.hibernate.HQL_FUNCTIONS - Integer character_length(STRING_OR_CLOB arg)
13:10:14.811 [main] DEBUG org.hibernate.HQL_FUNCTIONS - Character chr(INTEGER arg)
13:10:14.811 [main] DEBUG org.hibernate.HQL_FUNCTIONS - coalesce(arg0[, arg1[, ...]])
13:10:14.811 [main] DEBUG org.hibernate.HQL_FUNCTIONS - String collate(STRING string as COLLATION collation)
13:10:14.811 [main] DEBUG org.hibernate.HQL_FUNCTIONS - String concat(STRING string0[, STRING string1[, ...]])
13:10:14.811 [main] DEBUG org.hibernate.HQL_FUNCTIONS - Double cos(NUMERIC arg)
13:10:14.811 [main] DEBUG org.hibernate.HQL_FUNCTIONS - Double cosh(NUMERIC arg)
13:10:14.811 [main] DEBUG org.hibernate.HQL_FUNCTIONS - Double cot(NUMERIC arg)
13:10:14.811 [main] DEBUG org.hibernate.HQL_FUNCTIONS - Long count([distinct ]{arg|*})
13:10:14.811 [main] DEBUG org.hibernate.HQL_FUNCTIONS - Double cume_dist([arg0[, ...]])
13:10:14.811 [main] DEBUG org.hibernate.HQL_FUNCTIONS - Date curdate()
13:10:14.811 [main] DEBUG org.hibernate.HQL_FUNCTIONS - Date current date
13:10:14.811 [main] DEBUG org.hibernate.HQL_FUNCTIONS - Time current time
13:10:14.811 [main] DEBUG org.hibernate.HQL_FUNCTIONS - Timestamp current timestamp
13:10:14.811 [main] DEBUG org.hibernate.HQL_FUNCTIONS - Date current_date
13:10:14.811 [main] DEBUG org.hibernate.HQL_FUNCTIONS - Instant current_instant
13:10:14.811 [main] DEBUG org.hibernate.HQL_FUNCTIONS - Time current_time
13:10:14.811 [main] DEBUG org.hibernate.HQL_FUNCTIONS - Timestamp current_timestamp
13:10:14.811 [main] DEBUG org.hibernate.HQL_FUNCTIONS - Time curtime()
13:10:14.811 [main] DEBUG org.hibernate.HQL_FUNCTIONS - date_trunc(STRING field, TEMPORAL datetime)
13:10:14.811 [main] DEBUG org.hibernate.HQL_FUNCTIONS - dateadd(TEMPORAL_UNIT field, INTEGER magnitude, TEMPORAL datetime)
13:10:14.811 [main] DEBUG org.hibernate.HQL_FUNCTIONS - Long|Double datediff(TEMPORAL_UNIT field, TEMPORAL start, TEMPORAL end)
13:10:14.811 [main] DEBUG org.hibernate.HQL_FUNCTIONS - Integer day(DATE arg)
13:10:14.811 [main] DEBUG org.hibernate.HQL_FUNCTIONS - Integer day_of_month(DATE arg)
13:10:14.811 [main] DEBUG org.hibernate.HQL_FUNCTIONS - Integer day_of_week(DATE arg)
13:10:14.811 [main] DEBUG org.hibernate.HQL_FUNCTIONS - Integer day_of_year(DATE arg)
13:10:14.811 [main] DEBUG org.hibernate.HQL_FUNCTIONS - String dayname(DATE arg)
13:10:14.811 [main] DEBUG org.hibernate.HQL_FUNCTIONS - Double degrees(NUMERIC arg)
13:10:14.811 [main] DEBUG org.hibernate.HQL_FUNCTIONS - Long dense_rank([arg0[, ...]])
13:10:14.811 [main] DEBUG org.hibernate.HQL_FUNCTIONS - Boolean every(BOOLEAN predicate)
13:10:14.811 [main] DEBUG org.hibernate.HQL_FUNCTIONS - Double exp(NUMERIC arg)
13:10:14.811 [main] DEBUG org.hibernate.HQL_FUNCTIONS - extract(TEMPORAL_UNIT field from TEMPORAL arg)
13:10:14.811 [main] DEBUG org.hibernate.HQL_FUNCTIONS - first_valueANY value
13:10:14.811 [main] DEBUG org.hibernate.HQL_FUNCTIONS - floor(NUMERIC arg)
13:10:14.811 [main] DEBUG org.hibernate.HQL_FUNCTIONS - String format(TEMPORAL datetime as STRING pattern)
13:10:14.811 [main] DEBUG org.hibernate.HQL_FUNCTIONS - greatest(COMPARABLE arg0, COMPARABLE arg1[, arg2[, ...]])
13:10:14.811 [main] DEBUG org.hibernate.HQL_FUNCTIONS - Integer hour(TIME arg)
13:10:14.811 [main] DEBUG org.hibernate.HQL_FUNCTIONS - ifnull(arg0, arg1)
13:10:14.811 [main] DEBUG org.hibernate.HQL_FUNCTIONS - String insert(STRING string, INTEGER start, INTEGER length, STRING replacement)
13:10:14.811 [main] DEBUG org.hibernate.HQL_FUNCTIONS - Instant instant
13:10:14.811 [main] DEBUG org.hibernate.HQL_FUNCTIONS - Integer instr(STRING string, STRING pattern[, INTEGER start[, INTEGER occurrence]])
13:10:14.811 [main] DEBUG org.hibernate.HQL_FUNCTIONS - lagANY value[, INTEGER offset[, ANY default]]
13:10:14.811 [main] DEBUG org.hibernate.HQL_FUNCTIONS - last_valueANY value
13:10:14.811 [main] DEBUG org.hibernate.HQL_FUNCTIONS - leadANY value[, INTEGER offset[, ANY default]]
13:10:14.811 [main] DEBUG org.hibernate.HQL_FUNCTIONS - least(COMPARABLE arg0, COMPARABLE arg1[, arg2[, ...]])
13:10:14.811 [main] DEBUG org.hibernate.HQL_FUNCTIONS - String left(STRING string, INTEGER length)
13:10:14.811 [main] DEBUG org.hibernate.HQL_FUNCTIONS - Integer length(STRING_OR_CLOB arg)
13:10:14.811 [main] DEBUG org.hibernate.HQL_FUNCTIONS - String listagg(STRING arg0, STRING arg1)
13:10:14.811 [main] DEBUG org.hibernate.HQL_FUNCTIONS - Double ln(NUMERIC arg)
13:10:14.811 [main] DEBUG org.hibernate.HQL_FUNCTIONS - LocalDate local date
13:10:14.811 [main] DEBUG org.hibernate.HQL_FUNCTIONS - LocalDateTime local datetime
13:10:14.811 [main] DEBUG org.hibernate.HQL_FUNCTIONS - LocalTime local time
13:10:14.811 [main] DEBUG org.hibernate.HQL_FUNCTIONS - LocalDate local_date
13:10:14.811 [main] DEBUG org.hibernate.HQL_FUNCTIONS - LocalDateTime local_datetime
13:10:14.811 [main] DEBUG org.hibernate.HQL_FUNCTIONS - LocalTime local_time
13:10:14.811 [main] DEBUG org.hibernate.HQL_FUNCTIONS - Time localtime
13:10:14.811 [main] DEBUG org.hibernate.HQL_FUNCTIONS - Timestamp localtimestamp
13:10:14.811 [main] DEBUG org.hibernate.HQL_FUNCTIONS - Integer locate(STRING pattern, STRING string[, INTEGER start])
13:10:14.811 [main] DEBUG org.hibernate.HQL_FUNCTIONS - Double log(NUMERIC base, NUMERIC arg)
13:10:14.811 [main] DEBUG org.hibernate.HQL_FUNCTIONS - Double log10(NUMERIC arg)
13:10:14.811 [main] DEBUG org.hibernate.HQL_FUNCTIONS - String lower(STRING string)
13:10:14.811 [main] DEBUG org.hibernate.HQL_FUNCTIONS - String lpad(STRING string, INTEGER length[, STRING padding])
13:10:14.811 [main] DEBUG org.hibernate.HQL_FUNCTIONS - String ltrim(STRING string)
13:10:14.811 [main] DEBUG org.hibernate.HQL_FUNCTIONS - max(COMPARABLE arg)
13:10:14.811 [main] DEBUG org.hibernate.HQL_FUNCTIONS - Double median(NUMERIC arg)
13:10:14.811 [main] DEBUG org.hibernate.HQL_FUNCTIONS - Integer microsecond(TIME arg)
13:10:14.811 [main] DEBUG org.hibernate.HQL_FUNCTIONS - min(COMPARABLE arg)
13:10:14.811 [main] DEBUG org.hibernate.HQL_FUNCTIONS - Integer minute(TIME arg)
13:10:14.811 [main] DEBUG org.hibernate.HQL_FUNCTIONS - Integer mod(INTEGER arg0, INTEGER arg1)
13:10:14.811 [main] DEBUG org.hibernate.HQL_FUNCTIONS - mode()
13:10:14.811 [main] DEBUG org.hibernate.HQL_FUNCTIONS - Integer month(DATE arg)
13:10:14.811 [main] DEBUG org.hibernate.HQL_FUNCTIONS - String monthname(DATE arg)
13:10:14.811 [main] DEBUG org.hibernate.HQL_FUNCTIONS - Timestamp now()
13:10:14.811 [main] DEBUG org.hibernate.HQL_FUNCTIONS - nth_valueANY value, INTEGER nth
13:10:14.811 [main] DEBUG org.hibernate.HQL_FUNCTIONS - nullif(arg0, arg1)
13:10:14.811 [main] DEBUG org.hibernate.HQL_FUNCTIONS - Integer octet_length(STRING_OR_CLOB arg)
13:10:14.811 [main] DEBUG org.hibernate.HQL_FUNCTIONS - OffsetDateTime offset datetime
13:10:14.811 [main] DEBUG org.hibernate.HQL_FUNCTIONS - OffsetDateTime offset_datetime
13:10:14.811 [main] DEBUG org.hibernate.HQL_FUNCTIONS - String overlay(STRING string placing STRING replacement from INTEGER start[ for INTEGER length])
13:10:14.811 [main] DEBUG org.hibernate.HQL_FUNCTIONS - String pad(STRING string with INTEGER length {leading|trailing}[ STRING character])
13:10:14.811 [main] DEBUG org.hibernate.HQL_FUNCTIONS - Double percent_rank([arg0[, ...]])
13:10:14.811 [main] DEBUG org.hibernate.HQL_FUNCTIONS - percentile_cont(NUMERIC arg)
13:10:14.811 [main] DEBUG org.hibernate.HQL_FUNCTIONS - percentile_disc(NUMERIC arg)
13:10:14.811 [main] DEBUG org.hibernate.HQL_FUNCTIONS - Double pi
13:10:14.811 [main] DEBUG org.hibernate.HQL_FUNCTIONS - Integer position(STRING pattern in STRING string)
13:10:14.811 [main] DEBUG org.hibernate.HQL_FUNCTIONS - Double power(NUMERIC arg0, NUMERIC arg1)
13:10:14.811 [main] DEBUG org.hibernate.HQL_FUNCTIONS - Integer quarter(DATE arg)
13:10:14.811 [main] DEBUG org.hibernate.HQL_FUNCTIONS - Double radians(NUMERIC arg)
13:10:14.811 [main] DEBUG org.hibernate.HQL_FUNCTIONS - Double rand([INTEGER seed])
13:10:14.811 [main] DEBUG org.hibernate.HQL_FUNCTIONS - Long rank([arg0[, ...]])
13:10:14.811 [main] DEBUG org.hibernate.HQL_FUNCTIONS - String repeat(STRING string, INTEGER times)
13:10:14.811 [main] DEBUG org.hibernate.HQL_FUNCTIONS - String replace(STRING string, STRING pattern, STRING replacement)
13:10:14.811 [main] DEBUG org.hibernate.HQL_FUNCTIONS - String right(STRING string, INTEGER length)
13:10:14.811 [main] DEBUG org.hibernate.HQL_FUNCTIONS - round(NUMERIC number[, INTEGER places])
13:10:14.811 [main] DEBUG org.hibernate.HQL_FUNCTIONS - Long row_number()
13:10:14.811 [main] DEBUG org.hibernate.HQL_FUNCTIONS - Long rownum()
13:10:14.811 [main] DEBUG org.hibernate.HQL_FUNCTIONS - String rpad(STRING string, INTEGER length[, STRING padding])
13:10:14.811 [main] DEBUG org.hibernate.HQL_FUNCTIONS - String rtrim(STRING string)
13:10:14.811 [main] DEBUG org.hibernate.HQL_FUNCTIONS - Integer second(TIME arg)
13:10:14.811 [main] DEBUG org.hibernate.HQL_FUNCTIONS - Integer sign(NUMERIC arg)
13:10:14.811 [main] DEBUG org.hibernate.HQL_FUNCTIONS - Double sin(NUMERIC arg)
13:10:14.811 [main] DEBUG org.hibernate.HQL_FUNCTIONS - Double sinh(NUMERIC arg)
13:10:14.811 [main] DEBUG org.hibernate.HQL_FUNCTIONS - String soundex(arg)
13:10:14.811 [main] DEBUG org.hibernate.HQL_FUNCTIONS - String space(INTEGER arg)
13:10:14.811 [main] DEBUG org.hibernate.HQL_FUNCTIONS - Object sql
13:10:14.811 [main] DEBUG org.hibernate.HQL_FUNCTIONS - Double sqrt(NUMERIC arg)
13:10:14.811 [main] DEBUG org.hibernate.HQL_FUNCTIONS - Double stddev_pop(NUMERIC arg)
13:10:14.811 [main] DEBUG org.hibernate.HQL_FUNCTIONS - Double stddev_samp(NUMERIC arg)
13:10:14.811 [main] DEBUG org.hibernate.HQL_FUNCTIONS - String str(arg)
13:10:14.811 [main] DEBUG org.hibernate.HQL_FUNCTIONS - String substr(STRING string, INTEGER start[, INTEGER length])
13:10:14.811 [main] DEBUG org.hibernate.HQL_FUNCTIONS - String substring(STRING string{ from|,} INTEGER start[{ for|,} INTEGER length])
13:10:14.811 [main] DEBUG org.hibernate.HQL_FUNCTIONS - sum(arg)
13:10:14.811 [main] DEBUG org.hibernate.HQL_FUNCTIONS - Timestamp sysdate
13:10:14.811 [main] DEBUG org.hibernate.HQL_FUNCTIONS - Double tan(NUMERIC arg)
13:10:14.811 [main] DEBUG org.hibernate.HQL_FUNCTIONS - Double tanh(NUMERIC arg)
13:10:14.811 [main] DEBUG org.hibernate.HQL_FUNCTIONS - timestampadd(TEMPORAL_UNIT field, INTEGER magnitude, TEMPORAL datetime)
13:10:14.811 [main] DEBUG org.hibernate.HQL_FUNCTIONS - Long|Double timestampdiff(TEMPORAL_UNIT field, TEMPORAL start, TEMPORAL end)
13:10:14.811 [main] DEBUG org.hibernate.HQL_FUNCTIONS - String translate(STRING arg0, STRING arg1, STRING arg2)
13:10:14.811 [main] DEBUG org.hibernate.HQL_FUNCTIONS - String trim([[{leading|trailing|both} ][STRING arg0 ]from] STRING arg1)
13:10:14.811 [main] DEBUG org.hibernate.HQL_FUNCTIONS - trunc( ... )
13:10:14.811 [main] DEBUG org.hibernate.HQL_FUNCTIONS - truncate( ... )
13:10:14.811 [main] DEBUG org.hibernate.HQL_FUNCTIONS - String upper(STRING string)
13:10:14.811 [main] DEBUG org.hibernate.HQL_FUNCTIONS - Double var_pop(NUMERIC arg)
13:10:14.811 [main] DEBUG org.hibernate.HQL_FUNCTIONS - Double var_samp(NUMERIC arg)
13:10:14.811 [main] DEBUG org.hibernate.HQL_FUNCTIONS - Integer week(DATE arg)
13:10:14.811 [main] DEBUG org.hibernate.HQL_FUNCTIONS - Integer year(DATE arg)
13:10:14.811 [main] DEBUG org.hibernate.orm.query.plan.cache - Starting QueryInterpretationCache(2048)
13:10:14.812 [main] DEBUG org.hibernate.service.internal.SessionFactoryServiceRegistryImpl - EventListenerRegistry access via ServiceRegistry is deprecated.  Use `sessionFactory.getEventEngine().getListenerRegistry()` instead
13:10:14.812 [main] DEBUG org.hibernate.event.internal.EntityCopyObserverFactoryInitiator - Configured EntityCopyObserver strategy: disallow
13:10:14.812 [main] DEBUG org.hibernate.boot.internal.ClassLoaderAccessImpl - Not known whether passed class name [org.frcpm.models.Attendance] is safe
13:10:14.812 [main] DEBUG org.hibernate.boot.internal.ClassLoaderAccessImpl - No temp ClassLoader provided; using live ClassLoader for loading potentially unsafe class : org.frcpm.models.Attendance
13:10:14.816 [frcpm-hikari-pool connection adder] DEBUG com.zaxxer.hikari.pool.HikariPool - frcpm-hikari-pool - After adding stats (total=2, active=0, idle=2, waiting=0)
13:10:14.818 [frcpm-hikari-pool connection adder] DEBUG com.zaxxer.hikari.pool.HikariPool - frcpm-hikari-pool - Added connection conn38: url=jdbc:h2:mem:testdb user=SA
13:10:14.820 [main] DEBUG org.hibernate.bytecode.internal.bytebuddy.BytecodeProviderImpl - HHH000513: Unable to create the ReflectionOptimizer for [org.frcpm.models.Attendance]: private accessor [arrivalTime]
13:10:14.821 [main] DEBUG org.hibernate.boot.internal.ClassLoaderAccessImpl - Not known whether passed class name [org.frcpm.models.Meeting] is safe
13:10:14.821 [main] DEBUG org.hibernate.boot.internal.ClassLoaderAccessImpl - No temp ClassLoader provided; using live ClassLoader for loading potentially unsafe class : org.frcpm.models.Meeting
13:10:14.827 [main] DEBUG org.hibernate.bytecode.internal.bytebuddy.BytecodeProviderImpl - HHH000513: Unable to create the ReflectionOptimizer for [org.frcpm.models.Meeting]: private accessor [attendances]
13:10:14.828 [main] DEBUG org.hibernate.boot.internal.ClassLoaderAccessImpl - Not known whether passed class name [org.frcpm.models.Subsystem] is safe
13:10:14.828 [main] DEBUG org.hibernate.boot.internal.ClassLoaderAccessImpl - No temp ClassLoader provided; using live ClassLoader for loading potentially unsafe class : org.frcpm.models.Subsystem
13:10:14.836 [main] DEBUG org.hibernate.bytecode.internal.bytebuddy.BytecodeProviderImpl - HHH000513: Unable to create the ReflectionOptimizer for [org.frcpm.models.Subsystem]: private accessor [description]
13:10:14.837 [main] DEBUG org.hibernate.boot.internal.ClassLoaderAccessImpl - Not known whether passed class name [org.frcpm.models.Component] is safe
13:10:14.837 [main] DEBUG org.hibernate.boot.internal.ClassLoaderAccessImpl - No temp ClassLoader provided; using live ClassLoader for loading potentially unsafe class : org.frcpm.models.Component
13:10:14.843 [main] DEBUG org.hibernate.bytecode.internal.bytebuddy.BytecodeProviderImpl - HHH000513: Unable to create the ReflectionOptimizer for [org.frcpm.models.Component]: private accessor [actualDelivery]
13:10:14.844 [main] DEBUG org.hibernate.boot.internal.ClassLoaderAccessImpl - Not known whether passed class name [org.frcpm.models.Milestone] is safe
13:10:14.844 [main] DEBUG org.hibernate.boot.internal.ClassLoaderAccessImpl - No temp ClassLoader provided; using live ClassLoader for loading potentially unsafe class : org.frcpm.models.Milestone
13:10:14.848 [FRC-PM-HikariCP housekeeper] DEBUG com.zaxxer.hikari.pool.HikariPool - FRC-PM-HikariCP - Before cleanup stats (total=1, active=0, idle=1, waiting=0)
13:10:14.848 [FRC-PM-HikariCP housekeeper] DEBUG com.zaxxer.hikari.pool.HikariPool - FRC-PM-HikariCP - After cleanup  stats (total=1, active=0, idle=1, waiting=0)
13:10:14.850 [FRC-PM-HikariCP connection adder] DEBUG com.zaxxer.hikari.pool.HikariPool - FRC-PM-HikariCP - Added connection conn39: url=jdbc:h2:mem:testdb user=SA
13:10:14.854 [main] DEBUG org.hibernate.bytecode.internal.bytebuddy.BytecodeProviderImpl - HHH000513: Unable to create the ReflectionOptimizer for [org.frcpm.models.Milestone]: private accessor [date]
13:10:14.855 [main] DEBUG org.hibernate.boot.internal.ClassLoaderAccessImpl - Not known whether passed class name [org.frcpm.models.Project] is safe
13:10:14.855 [main] DEBUG org.hibernate.boot.internal.ClassLoaderAccessImpl - No temp ClassLoader provided; using live ClassLoader for loading potentially unsafe class : org.frcpm.models.Project
13:10:14.863 [frcpm-hikari-pool connection adder] DEBUG com.zaxxer.hikari.pool.HikariPool - frcpm-hikari-pool - After adding stats (total=3, active=0, idle=3, waiting=0)
13:10:14.864 [frcpm-hikari-pool connection adder] DEBUG com.zaxxer.hikari.pool.HikariPool - frcpm-hikari-pool - Added connection conn40: url=jdbc:h2:mem:testdb user=SA
13:10:14.866 [main] DEBUG org.hibernate.bytecode.internal.bytebuddy.BytecodeProviderImpl - HHH000513: Unable to create the ReflectionOptimizer for [org.frcpm.models.Project]: private accessor [description]
13:10:14.867 [main] DEBUG org.hibernate.boot.internal.ClassLoaderAccessImpl - Not known whether passed class name [org.frcpm.models.Subteam] is safe
13:10:14.867 [main] DEBUG org.hibernate.boot.internal.ClassLoaderAccessImpl - No temp ClassLoader provided; using live ClassLoader for loading potentially unsafe class : org.frcpm.models.Subteam
13:10:14.877 [main] DEBUG org.hibernate.bytecode.internal.bytebuddy.BytecodeProviderImpl - HHH000513: Unable to create the ReflectionOptimizer for [org.frcpm.models.Subteam]: private accessor [colorCode]
13:10:14.877 [main] DEBUG org.hibernate.boot.internal.ClassLoaderAccessImpl - Not known whether passed class name [org.frcpm.models.Task] is safe
13:10:14.877 [main] DEBUG org.hibernate.boot.internal.ClassLoaderAccessImpl - No temp ClassLoader provided; using live ClassLoader for loading potentially unsafe class : org.frcpm.models.Task
13:10:14.884 [main] DEBUG org.hibernate.bytecode.internal.bytebuddy.BytecodeProviderImpl - HHH000513: Unable to create the ReflectionOptimizer for [org.frcpm.models.Task]: private accessor [actualDurationSeconds]
13:10:14.886 [main] DEBUG org.hibernate.boot.internal.ClassLoaderAccessImpl - Not known whether passed class name [org.frcpm.models.TeamMember] is safe
13:10:14.886 [main] DEBUG org.hibernate.boot.internal.ClassLoaderAccessImpl - No temp ClassLoader provided; using live ClassLoader for loading potentially unsafe class : org.frcpm.models.TeamMember
13:10:14.891 [main] DEBUG org.hibernate.bytecode.internal.bytebuddy.BytecodeProviderImpl - HHH000513: Unable to create the ReflectionOptimizer for [org.frcpm.models.TeamMember]: private accessor [assignedTasks]
13:10:14.892 [main] DEBUG org.hibernate.orm.jdbc.mutation - Skipping collection row updates - org.frcpm.models.Task.assignedTo
13:10:14.892 [main] DEBUG org.hibernate.orm.jdbc.mutation - Skipping collection (re)creation - org.frcpm.models.Subsystem.tasks
13:10:14.892 [main] DEBUG org.hibernate.orm.jdbc.mutation - Skipping collection row deletions - org.frcpm.models.Subsystem.tasks
13:10:14.892 [main] DEBUG org.hibernate.orm.jdbc.mutation - Skipping collection removals - org.frcpm.models.Subsystem.tasks
13:10:14.892 [main] DEBUG org.hibernate.orm.jdbc.mutation - Skipping collection (re)creation - org.frcpm.models.Subteam.members
13:10:14.892 [main] DEBUG org.hibernate.orm.jdbc.mutation - Skipping collection row deletions - org.frcpm.models.Subteam.members
13:10:14.892 [main] DEBUG org.hibernate.orm.jdbc.mutation - Skipping collection removals - org.frcpm.models.Subteam.members
13:10:14.892 [main] DEBUG org.hibernate.orm.jdbc.mutation - Skipping collection (re)creation - org.frcpm.models.TeamMember.attendances
13:10:14.892 [main] DEBUG org.hibernate.orm.jdbc.mutation - Skipping collection row deletions - org.frcpm.models.TeamMember.attendances
13:10:14.892 [main] DEBUG org.hibernate.orm.jdbc.mutation - Skipping collection removals - org.frcpm.models.TeamMember.attendances
13:10:14.892 [main] DEBUG org.hibernate.orm.jdbc.mutation - Skipping collection row updates - org.frcpm.models.Task.requiredComponents
13:10:14.892 [main] DEBUG org.hibernate.orm.jdbc.mutation - Skipping collection (re)creation - org.frcpm.models.Subteam.subsystems
13:10:14.892 [main] DEBUG org.hibernate.orm.jdbc.mutation - Skipping collection row deletions - org.frcpm.models.Subteam.subsystems
13:10:14.892 [main] DEBUG org.hibernate.orm.jdbc.mutation - Skipping collection removals - org.frcpm.models.Subteam.subsystems
13:10:14.892 [main] DEBUG org.hibernate.orm.jdbc.mutation - Skipping collection row updates - org.frcpm.models.Task.preDependencies
13:10:14.892 [main] DEBUG org.hibernate.orm.jdbc.mutation - Skipping collection (re)creation - org.frcpm.models.Project.milestones
13:10:14.892 [main] DEBUG org.hibernate.orm.jdbc.mutation - Skipping collection row deletions - org.frcpm.models.Project.milestones
13:10:14.892 [main] DEBUG org.hibernate.orm.jdbc.mutation - Skipping collection removals - org.frcpm.models.Project.milestones
13:10:14.892 [main] DEBUG org.hibernate.orm.jdbc.mutation - Skipping collection inserts - org.frcpm.models.Component.requiredForTasks
13:10:14.892 [main] DEBUG org.hibernate.orm.jdbc.mutation - Skipping collection row updates - org.frcpm.models.Component.requiredForTasks
13:10:14.892 [main] DEBUG org.hibernate.orm.jdbc.mutation - Skipping collection row deletions - org.frcpm.models.Component.requiredForTasks
13:10:14.892 [main] DEBUG org.hibernate.orm.jdbc.mutation - Skipping collection removals - org.frcpm.models.Component.requiredForTasks
13:10:14.892 [main] DEBUG org.hibernate.orm.jdbc.mutation - Skipping collection (re)creation - org.frcpm.models.Project.meetings
13:10:14.892 [main] DEBUG org.hibernate.orm.jdbc.mutation - Skipping collection row deletions - org.frcpm.models.Project.meetings
13:10:14.892 [main] DEBUG org.hibernate.orm.jdbc.mutation - Skipping collection removals - org.frcpm.models.Project.meetings
13:10:14.892 [main] DEBUG org.hibernate.orm.jdbc.mutation - Skipping collection inserts - org.frcpm.models.TeamMember.assignedTasks
13:10:14.892 [main] DEBUG org.hibernate.orm.jdbc.mutation - Skipping collection row updates - org.frcpm.models.TeamMember.assignedTasks
13:10:14.892 [main] DEBUG org.hibernate.orm.jdbc.mutation - Skipping collection row deletions - org.frcpm.models.TeamMember.assignedTasks
13:10:14.892 [main] DEBUG org.hibernate.orm.jdbc.mutation - Skipping collection removals - org.frcpm.models.TeamMember.assignedTasks
13:10:14.892 [main] DEBUG org.hibernate.orm.jdbc.mutation - Skipping collection (re)creation - org.frcpm.models.Meeting.attendances
13:10:14.892 [main] DEBUG org.hibernate.orm.jdbc.mutation - Skipping collection row deletions - org.frcpm.models.Meeting.attendances
13:10:14.892 [main] DEBUG org.hibernate.orm.jdbc.mutation - Skipping collection removals - org.frcpm.models.Meeting.attendances
13:10:14.892 [main] DEBUG org.hibernate.orm.jdbc.mutation - Skipping collection inserts - org.frcpm.models.Task.postDependencies
13:10:14.892 [main] DEBUG org.hibernate.orm.jdbc.mutation - Skipping collection row updates - org.frcpm.models.Task.postDependencies
13:10:14.892 [main] DEBUG org.hibernate.orm.jdbc.mutation - Skipping collection row deletions - org.frcpm.models.Task.postDependencies
13:10:14.892 [main] DEBUG org.hibernate.orm.jdbc.mutation - Skipping collection removals - org.frcpm.models.Task.postDependencies
13:10:14.892 [main] DEBUG org.hibernate.orm.jdbc.mutation - Skipping collection (re)creation - org.frcpm.models.Project.tasks
13:10:14.892 [main] DEBUG org.hibernate.orm.jdbc.mutation - Skipping collection row deletions - org.frcpm.models.Project.tasks
13:10:14.892 [main] DEBUG org.hibernate.orm.jdbc.mutation - Skipping collection removals - org.frcpm.models.Project.tasks
13:10:14.894 [main] DEBUG org.hibernate.orm.model.mapping.creation - Starting post-init callbacks
13:10:14.894 [main] DEBUG org.hibernate.orm.model.mapping.creation - Starting PostInitCallbackEntry : To-one key - NavigableRole[org.frcpm.models.Attendance.meeting]
13:10:14.894 [FRC-PM-HikariCP connection adder] DEBUG com.zaxxer.hikari.pool.HikariPool - FRC-PM-HikariCP - After adding stats (total=2, active=0, idle=2, waiting=0)
13:10:14.894 [main] DEBUG org.hibernate.orm.model.mapping.creation - Starting PostInitCallbackEntry : To-one key - NavigableRole[org.frcpm.models.Attendance.member]
13:10:14.894 [main] DEBUG org.hibernate.orm.model.mapping.creation - Starting PostInitCallbackEntry : Entity(org.frcpm.models.Attendance) `staticFetchableList` generator
13:10:14.894 [main] DEBUG org.hibernate.orm.model.mapping.creation - Starting PostInitCallbackEntry : PluralAttributeMapping( NavigableRole[org.frcpm.models.Meeting.attendances#{element}]) - element descriptor
13:10:14.894 [main] DEBUG org.hibernate.orm.model.mapping.creation - Starting PostInitCallbackEntry : PluralAttributeMapping(org.frcpm.models.Meeting.attendances)#finishInitialization
13:10:14.894 [main] DEBUG org.hibernate.orm.model.mapping.creation - Starting PostInitCallbackEntry : PluralAttributeMapping(org.frcpm.models.Meeting.attendances) - key descriptor
13:10:14.894 [main] DEBUG org.hibernate.orm.model.mapping.creation - Starting PostInitCallbackEntry : To-one key - NavigableRole[org.frcpm.models.Meeting.project]
13:10:14.894 [main] DEBUG org.hibernate.orm.model.mapping.creation - Starting PostInitCallbackEntry : Entity(org.frcpm.models.Meeting) `staticFetchableList` generator
13:10:14.894 [main] DEBUG org.hibernate.orm.model.mapping.creation - Starting PostInitCallbackEntry : To-one key - NavigableRole[org.frcpm.models.Subsystem.responsibleSubteam]
13:10:14.894 [main] DEBUG org.hibernate.orm.model.mapping.creation - Starting PostInitCallbackEntry : PluralAttributeMapping( NavigableRole[org.frcpm.models.Subsystem.tasks#{element}]) - element descriptor
13:10:14.894 [main] DEBUG org.hibernate.orm.model.mapping.creation - Starting PostInitCallbackEntry : PluralAttributeMapping(org.frcpm.models.Subsystem.tasks)#finishInitialization
13:10:14.894 [main] DEBUG org.hibernate.orm.model.mapping.creation - Starting PostInitCallbackEntry : PluralAttributeMapping(org.frcpm.models.Subsystem.tasks) - key descriptor
13:10:14.894 [main] DEBUG org.hibernate.orm.model.mapping.creation - Starting PostInitCallbackEntry : Entity(org.frcpm.models.Subsystem) `staticFetchableList` generator
13:10:14.894 [main] DEBUG org.hibernate.orm.model.mapping.creation - Starting PostInitCallbackEntry : PluralAttributeMapping( NavigableRole[org.frcpm.models.Component.requiredForTasks#{element}]) - element descriptor
13:10:14.894 [main] DEBUG org.hibernate.orm.model.mapping.creation - Starting PostInitCallbackEntry : PluralAttributeMapping(org.frcpm.models.Component.requiredForTasks)#finishInitialization
13:10:14.894 [main] DEBUG org.hibernate.orm.model.mapping.creation - Starting PostInitCallbackEntry : PluralAttributeMapping(org.frcpm.models.Component.requiredForTasks) - key descriptor
13:10:14.894 [main] DEBUG org.hibernate.orm.model.mapping.creation - Starting PostInitCallbackEntry : Entity(org.frcpm.models.Component) `staticFetchableList` generator
13:10:14.894 [main] DEBUG org.hibernate.orm.model.mapping.creation - Starting PostInitCallbackEntry : To-one key - NavigableRole[org.frcpm.models.Milestone.project]
13:10:14.895 [main] DEBUG org.hibernate.orm.model.mapping.creation - Starting PostInitCallbackEntry : Entity(org.frcpm.models.Milestone) `staticFetchableList` generator
13:10:14.895 [main] DEBUG org.hibernate.orm.model.mapping.creation - Starting PostInitCallbackEntry : PluralAttributeMapping( NavigableRole[org.frcpm.models.Project.meetings#{element}]) - element descriptor
13:10:14.895 [main] DEBUG org.hibernate.orm.model.mapping.creation - Starting PostInitCallbackEntry : PluralAttributeMapping(org.frcpm.models.Project.meetings)#finishInitialization
13:10:14.895 [main] DEBUG org.hibernate.orm.model.mapping.creation - Starting PostInitCallbackEntry : PluralAttributeMapping(org.frcpm.models.Project.meetings) - key descriptor
13:10:14.895 [main] DEBUG org.hibernate.orm.model.mapping.creation - Starting PostInitCallbackEntry : PluralAttributeMapping( NavigableRole[org.frcpm.models.Project.milestones#{element}]) - element descriptor
13:10:14.895 [main] DEBUG org.hibernate.orm.model.mapping.creation - Starting PostInitCallbackEntry : PluralAttributeMapping(org.frcpm.models.Project.milestones)#finishInitialization
13:10:14.895 [main] DEBUG org.hibernate.orm.model.mapping.creation - Starting PostInitCallbackEntry : PluralAttributeMapping(org.frcpm.models.Project.milestones) - key descriptor
13:10:14.895 [main] DEBUG org.hibernate.orm.model.mapping.creation - Starting PostInitCallbackEntry : PluralAttributeMapping( NavigableRole[org.frcpm.models.Project.tasks#{element}]) - element descriptor
13:10:14.895 [frcpm-hikari-pool connection adder] DEBUG com.zaxxer.hikari.pool.HikariPool - frcpm-hikari-pool - After adding stats (total=4, active=0, idle=4, waiting=0)
13:10:14.895 [main] DEBUG org.hibernate.orm.model.mapping.creation - Starting PostInitCallbackEntry : PluralAttributeMapping(org.frcpm.models.Project.tasks)#finishInitialization
13:10:14.895 [main] DEBUG org.hibernate.orm.model.mapping.creation - Starting PostInitCallbackEntry : PluralAttributeMapping(org.frcpm.models.Project.tasks) - key descriptor
13:10:14.895 [main] DEBUG org.hibernate.orm.model.mapping.creation - Starting PostInitCallbackEntry : Entity(org.frcpm.models.Project) `staticFetchableList` generator
13:10:14.895 [main] DEBUG org.hibernate.orm.model.mapping.creation - Starting PostInitCallbackEntry : PluralAttributeMapping( NavigableRole[org.frcpm.models.Subteam.members#{element}]) - element descriptor
13:10:14.895 [main] DEBUG org.hibernate.orm.model.mapping.creation - Starting PostInitCallbackEntry : PluralAttributeMapping(org.frcpm.models.Subteam.members)#finishInitialization
13:10:14.895 [main] DEBUG org.hibernate.orm.model.mapping.creation - Starting PostInitCallbackEntry : PluralAttributeMapping(org.frcpm.models.Subteam.members) - key descriptor
13:10:14.895 [main] DEBUG org.hibernate.orm.model.mapping.creation - Starting PostInitCallbackEntry : PluralAttributeMapping( NavigableRole[org.frcpm.models.Subteam.subsystems#{element}]) - element descriptor
13:10:14.895 [main] DEBUG org.hibernate.orm.model.mapping.creation - Starting PostInitCallbackEntry : PluralAttributeMapping(org.frcpm.models.Subteam.subsystems)#finishInitialization
13:10:14.895 [main] DEBUG org.hibernate.orm.model.mapping.creation - Starting PostInitCallbackEntry : PluralAttributeMapping(org.frcpm.models.Subteam.subsystems) - key descriptor
13:10:14.895 [main] DEBUG org.hibernate.orm.model.mapping.creation - Starting PostInitCallbackEntry : Entity(org.frcpm.models.Subteam) `staticFetchableList` generator
13:10:14.895 [main] DEBUG org.hibernate.orm.model.mapping.creation - Starting PostInitCallbackEntry : PluralAttributeMapping( NavigableRole[org.frcpm.models.Task.assignedTo#{element}]) - element descriptor
13:10:14.895 [main] DEBUG org.hibernate.orm.model.mapping.creation - Starting PostInitCallbackEntry : PluralAttributeMapping(org.frcpm.models.Task.assignedTo)#finishInitialization
13:10:14.895 [main] DEBUG org.hibernate.orm.model.mapping.creation - Starting PostInitCallbackEntry : PluralAttributeMapping(org.frcpm.models.Task.assignedTo) - key descriptor
13:10:14.895 [main] DEBUG org.hibernate.orm.model.mapping.creation - Starting PostInitCallbackEntry : PluralAttributeMapping( NavigableRole[org.frcpm.models.Task.postDependencies#{element}]) - element descriptor
13:10:14.895 [main] DEBUG org.hibernate.orm.model.mapping.creation - Starting PostInitCallbackEntry : PluralAttributeMapping(org.frcpm.models.Task.postDependencies)#finishInitialization
13:10:14.895 [main] DEBUG org.hibernate.orm.model.mapping.creation - Starting PostInitCallbackEntry : PluralAttributeMapping(org.frcpm.models.Task.postDependencies) - key descriptor
13:10:14.895 [main] DEBUG org.hibernate.orm.model.mapping.creation - Starting PostInitCallbackEntry : PluralAttributeMapping( NavigableRole[org.frcpm.models.Task.preDependencies#{element}]) - element descriptor
13:10:14.895 [main] DEBUG org.hibernate.orm.model.mapping.creation - Starting PostInitCallbackEntry : PluralAttributeMapping(org.frcpm.models.Task.preDependencies)#finishInitialization
13:10:14.895 [main] DEBUG org.hibernate.orm.model.mapping.creation - Starting PostInitCallbackEntry : PluralAttributeMapping(org.frcpm.models.Task.preDependencies) - key descriptor
13:10:14.895 [main] DEBUG org.hibernate.orm.model.mapping.creation - Starting PostInitCallbackEntry : To-one key - NavigableRole[org.frcpm.models.Task.project]
13:10:14.895 [main] DEBUG org.hibernate.orm.model.mapping.creation - Starting PostInitCallbackEntry : PluralAttributeMapping( NavigableRole[org.frcpm.models.Task.requiredComponents#{element}]) - element descriptor
13:10:14.895 [main] DEBUG org.hibernate.orm.model.mapping.creation - Starting PostInitCallbackEntry : PluralAttributeMapping(org.frcpm.models.Task.requiredComponents)#finishInitialization
13:10:14.895 [main] DEBUG org.hibernate.orm.model.mapping.creation - Starting PostInitCallbackEntry : PluralAttributeMapping(org.frcpm.models.Task.requiredComponents) - key descriptor
13:10:14.895 [main] DEBUG org.hibernate.orm.model.mapping.creation - Starting PostInitCallbackEntry : To-one key - NavigableRole[org.frcpm.models.Task.subsystem]
13:10:14.895 [main] DEBUG org.hibernate.orm.model.mapping.creation - Starting PostInitCallbackEntry : Entity(org.frcpm.models.Task) `staticFetchableList` generator
13:10:14.895 [main] DEBUG org.hibernate.orm.model.mapping.creation - Starting PostInitCallbackEntry : PluralAttributeMapping( NavigableRole[org.frcpm.models.TeamMember.assignedTasks#{element}]) - element descriptor
13:10:14.895 [main] DEBUG org.hibernate.orm.model.mapping.creation - Starting PostInitCallbackEntry : PluralAttributeMapping(org.frcpm.models.TeamMember.assignedTasks)#finishInitialization
13:10:14.895 [main] DEBUG org.hibernate.orm.model.mapping.creation - Starting PostInitCallbackEntry : PluralAttributeMapping(org.frcpm.models.TeamMember.assignedTasks) - key descriptor
13:10:14.895 [main] DEBUG org.hibernate.orm.model.mapping.creation - Starting PostInitCallbackEntry : PluralAttributeMapping( NavigableRole[org.frcpm.models.TeamMember.attendances#{element}]) - element descriptor
13:10:14.895 [main] DEBUG org.hibernate.orm.model.mapping.creation - Starting PostInitCallbackEntry : PluralAttributeMapping(org.frcpm.models.TeamMember.attendances)#finishInitialization
13:10:14.895 [main] DEBUG org.hibernate.orm.model.mapping.creation - Starting PostInitCallbackEntry : PluralAttributeMapping(org.frcpm.models.TeamMember.attendances) - key descriptor
13:10:14.895 [main] DEBUG org.hibernate.orm.model.mapping.creation - Starting PostInitCallbackEntry : To-one key - NavigableRole[org.frcpm.models.TeamMember.subteam]
13:10:14.895 [main] DEBUG org.hibernate.orm.model.mapping.creation - Starting PostInitCallbackEntry : Entity(org.frcpm.models.TeamMember) `staticFetchableList` generator
13:10:14.895 [main] DEBUG org.hibernate.orm.model.mapping.creation - Starting PostInitCallbackEntry : PluralAttributeMapping( NavigableRole[org.frcpm.models.Meeting.attendances#{element}]) - element descriptor
13:10:14.895 [main] DEBUG org.hibernate.orm.model.mapping.creation - Starting PostInitCallbackEntry : PluralAttributeMapping( NavigableRole[org.frcpm.models.Subsystem.tasks#{element}]) - element descriptor
13:10:14.895 [main] DEBUG org.hibernate.orm.model.mapping.creation - Starting PostInitCallbackEntry : PluralAttributeMapping( NavigableRole[org.frcpm.models.Component.requiredForTasks#{element}]) - element descriptor
13:10:14.895 [main] DEBUG org.hibernate.orm.model.mapping.creation - Starting PostInitCallbackEntry : PluralAttributeMapping( NavigableRole[org.frcpm.models.Project.meetings#{element}]) - element descriptor
13:10:14.895 [main] DEBUG org.hibernate.orm.model.mapping.creation - Starting PostInitCallbackEntry : PluralAttributeMapping( NavigableRole[org.frcpm.models.Project.milestones#{element}]) - element descriptor
13:10:14.895 [main] DEBUG org.hibernate.orm.model.mapping.creation - Starting PostInitCallbackEntry : PluralAttributeMapping( NavigableRole[org.frcpm.models.Project.tasks#{element}]) - element descriptor
13:10:14.895 [main] DEBUG org.hibernate.orm.model.mapping.creation - Starting PostInitCallbackEntry : PluralAttributeMapping( NavigableRole[org.frcpm.models.Subteam.members#{element}]) - element descriptor
13:10:14.895 [main] DEBUG org.hibernate.orm.model.mapping.creation - Starting PostInitCallbackEntry : PluralAttributeMapping( NavigableRole[org.frcpm.models.Subteam.subsystems#{element}]) - element descriptor
13:10:14.895 [main] DEBUG org.hibernate.orm.model.mapping.creation - Starting PostInitCallbackEntry : PluralAttributeMapping( NavigableRole[org.frcpm.models.Task.postDependencies#{element}]) - element descriptor
13:10:14.895 [main] DEBUG org.hibernate.orm.model.mapping.creation - Starting PostInitCallbackEntry : PluralAttributeMapping( NavigableRole[org.frcpm.models.TeamMember.attendances#{element}]) - element descriptor
13:10:14.896 [frcpm-hikari-pool connection adder] DEBUG com.zaxxer.hikari.pool.HikariPool - frcpm-hikari-pool - Added connection conn41: url=jdbc:h2:mem:testdb user=SA
13:10:14.899 [main] DEBUG org.hibernate.orm.sql.ast.create - Created new SQL alias : a1_0
13:10:14.899 [main] DEBUG org.hibernate.orm.sql.ast.create - Registration of TableGroup [StandardTableGroup(org.frcpm.models.Attendance)] with identifierForTableGroup [org.frcpm.models.Attendance] for NavigablePath [org.frcpm.models.Attendance] 
13:10:14.899 [main] DEBUG org.hibernate.orm.sql.ast.create - Registration of TableGroup [org.hibernate.sql.ast.tree.from.LazyTableGroup@40bbcdbb] with identifierForTableGroup [org.frcpm.models.Attendance.meeting] for NavigablePath [org.frcpm.models.Attendance.meeting] 
13:10:14.899 [main] DEBUG org.hibernate.orm.sql.ast.create - Registration of TableGroup [org.hibernate.sql.ast.tree.from.LazyTableGroup@6afe49f5] with identifierForTableGroup [org.frcpm.models.Attendance.member] for NavigablePath [org.frcpm.models.Attendance.member] 
13:10:14.899 [main] DEBUG org.hibernate.orm.results.graph.AST - DomainResult Graph:
 \-EntityResultImpl [org.frcpm.models.Attendance]
 |  +-BasicFetch [org.frcpm.models.Attendance.arrivalTime]
 |  +-BasicFetch [org.frcpm.models.Attendance.departureTime]
 |  +-EntityDelayedFetchImpl [org.frcpm.models.Attendance.meeting]
 |  +-EntityDelayedFetchImpl [org.frcpm.models.Attendance.member]
 |  \-BasicFetch [org.frcpm.models.Attendance.present]

13:10:14.899 [main] DEBUG org.hibernate.orm.sql.ast.tree - SQL AST Tree:
    SelectStatement {
      FromClause {
        StandardTableGroup (a1 : org.frcpm.models.Attendance) {
          primaryTableReference : attendances as a1_0
          TableGroupJoins {
            left  join LazyTableGroup (m1 : org.frcpm.models.Attendance.meeting) {
            }
            left  join LazyTableGroup (m2 : org.frcpm.models.Attendance.member) {
            }
          }
        }
      }
    }

13:10:14.899 [main] DEBUG org.hibernate.persister.entity.AbstractEntityPersister - Static SQL for entity: org.frcpm.models.Attendance
13:10:14.899 [main] DEBUG org.hibernate.persister.entity.AbstractEntityPersister -  Version select: /* get version org.frcpm.models.Attendance */ select id from attendances where id=?
13:10:14.899 [main] DEBUG org.hibernate.persister.entity.AbstractEntityPersister -  Insert (0): /* insert for org.frcpm.models.Attendance */insert into attendances (arrival_time,departure_time,meeting_id,member_id,present,id) values (?,?,?,?,?,default)
13:10:14.899 [main] DEBUG org.hibernate.persister.entity.AbstractEntityPersister -  Update (0): /* update for org.frcpm.models.Attendance */update attendances set arrival_time=?,departure_time=?,meeting_id=?,member_id=?,present=? where id=?
13:10:14.899 [main] DEBUG org.hibernate.persister.entity.AbstractEntityPersister -  Delete (0): /* delete for org.frcpm.models.Attendance */delete from attendances where id=?
13:10:14.899 [main] DEBUG org.hibernate.orm.sql.ast.create - Created new SQL alias : m1_0
13:10:14.899 [main] DEBUG org.hibernate.orm.sql.ast.create - Registration of TableGroup [StandardTableGroup(org.frcpm.models.Meeting)] with identifierForTableGroup [org.frcpm.models.Meeting] for NavigablePath [org.frcpm.models.Meeting] 
13:10:14.899 [main] DEBUG org.hibernate.orm.sql.ast.create - Registration of TableGroup [org.hibernate.sql.ast.tree.from.LazyTableGroup@1fba5aad] with identifierForTableGroup [org.frcpm.models.Meeting.project] for NavigablePath [org.frcpm.models.Meeting.project] 
13:10:14.899 [main] DEBUG org.hibernate.orm.results.graph.AST - DomainResult Graph:
 \-EntityResultImpl [org.frcpm.models.Meeting]
 |  +-DelayedCollectionFetch [org.frcpm.models.Meeting.attendances]
 |  +-BasicFetch [org.frcpm.models.Meeting.date]
 |  +-BasicFetch [org.frcpm.models.Meeting.endTime]
 |  +-BasicFetch [org.frcpm.models.Meeting.notes]
 |  +-EntityDelayedFetchImpl [org.frcpm.models.Meeting.project]
 |  \-BasicFetch [org.frcpm.models.Meeting.startTime]

13:10:14.899 [main] DEBUG org.hibernate.orm.sql.ast.tree - SQL AST Tree:
    SelectStatement {
      FromClause {
        StandardTableGroup (m1 : org.frcpm.models.Meeting) {
          primaryTableReference : meetings as m1_0
          TableGroupJoins {
            left  join LazyTableGroup (p1 : org.frcpm.models.Meeting.project) {
            }
          }
        }
      }
    }

13:10:14.899 [main] DEBUG org.hibernate.persister.entity.AbstractEntityPersister - Static SQL for entity: org.frcpm.models.Meeting
13:10:14.899 [main] DEBUG org.hibernate.persister.entity.AbstractEntityPersister -  Version select: /* get version org.frcpm.models.Meeting */ select id from meetings where id=?
13:10:14.899 [main] DEBUG org.hibernate.persister.entity.AbstractEntityPersister -  Insert (0): /* insert for org.frcpm.models.Meeting */insert into meetings (date,end_time,notes,project_id,start_time,id) values (?,?,?,?,?,default)
13:10:14.899 [main] DEBUG org.hibernate.persister.entity.AbstractEntityPersister -  Update (0): /* update for org.frcpm.models.Meeting */update meetings set date=?,end_time=?,notes=?,project_id=?,start_time=? where id=?
13:10:14.899 [main] DEBUG org.hibernate.persister.entity.AbstractEntityPersister -  Delete (0): /* delete for org.frcpm.models.Meeting */delete from meetings where id=?
13:10:14.899 [main] DEBUG org.hibernate.orm.sql.ast.create - Created new SQL alias : s1_0
13:10:14.899 [main] DEBUG org.hibernate.orm.sql.ast.create - Registration of TableGroup [StandardTableGroup(org.frcpm.models.Subsystem)] with identifierForTableGroup [org.frcpm.models.Subsystem] for NavigablePath [org.frcpm.models.Subsystem] 
13:10:14.900 [main] DEBUG org.hibernate.orm.sql.ast.create - Registration of TableGroup [org.hibernate.sql.ast.tree.from.LazyTableGroup@472ea479] with identifierForTableGroup [org.frcpm.models.Subsystem.responsibleSubteam] for NavigablePath [org.frcpm.models.Subsystem.responsibleSubteam] 
13:10:14.900 [main] DEBUG org.hibernate.orm.results.graph.AST - DomainResult Graph:
 \-EntityResultImpl [org.frcpm.models.Subsystem]
 |  +-BasicFetch [org.frcpm.models.Subsystem.description]
 |  +-BasicFetch [org.frcpm.models.Subsystem.name]
 |  +-EntityDelayedFetchImpl [org.frcpm.models.Subsystem.responsibleSubteam]
 |  +-BasicFetch [org.frcpm.models.Subsystem.status]
 |  \-DelayedCollectionFetch [org.frcpm.models.Subsystem.tasks]

13:10:14.900 [main] DEBUG org.hibernate.orm.sql.ast.tree - SQL AST Tree:
    SelectStatement {
      FromClause {
        StandardTableGroup (s1 : org.frcpm.models.Subsystem) {
          primaryTableReference : subsystems as s1_0
          TableGroupJoins {
            left  join LazyTableGroup (rs1 : org.frcpm.models.Subsystem.responsibleSubteam) {
            }
          }
        }
      }
    }

13:10:14.900 [main] DEBUG org.hibernate.persister.entity.AbstractEntityPersister - Static SQL for entity: org.frcpm.models.Subsystem
13:10:14.900 [main] DEBUG org.hibernate.persister.entity.AbstractEntityPersister -  Version select: /* get version org.frcpm.models.Subsystem */ select id from subsystems where id=?
13:10:14.900 [main] DEBUG org.hibernate.persister.entity.AbstractEntityPersister -  Insert (0): /* insert for org.frcpm.models.Subsystem */insert into subsystems (description,name,responsible_subteam_id,status,id) values (?,?,?,?,default)
13:10:14.900 [main] DEBUG org.hibernate.persister.entity.AbstractEntityPersister -  Update (0): /* update for org.frcpm.models.Subsystem */update subsystems set description=?,name=?,responsible_subteam_id=?,status=? where id=?
13:10:14.900 [main] DEBUG org.hibernate.persister.entity.AbstractEntityPersister -  Delete (0): /* delete for org.frcpm.models.Subsystem */delete from subsystems where id=?
13:10:14.900 [main] DEBUG org.hibernate.orm.sql.ast.create - Created new SQL alias : c1_0
13:10:14.900 [main] DEBUG org.hibernate.orm.sql.ast.create - Registration of TableGroup [StandardTableGroup(org.frcpm.models.Component)] with identifierForTableGroup [org.frcpm.models.Component] for NavigablePath [org.frcpm.models.Component] 
13:10:14.900 [main] DEBUG org.hibernate.orm.results.graph.AST - DomainResult Graph:
 \-EntityResultImpl [org.frcpm.models.Component]
 |  +-BasicFetch [org.frcpm.models.Component.actualDelivery]
 |  +-BasicFetch [org.frcpm.models.Component.delivered]
 |  +-BasicFetch [org.frcpm.models.Component.description]
 |  +-BasicFetch [org.frcpm.models.Component.expectedDelivery]
 |  +-BasicFetch [org.frcpm.models.Component.name]
 |  +-BasicFetch [org.frcpm.models.Component.partNumber]
 |  \-DelayedCollectionFetch [org.frcpm.models.Component.requiredForTasks]

13:10:14.901 [main] DEBUG org.hibernate.orm.sql.ast.tree - SQL AST Tree:
    SelectStatement {
      FromClause {
        StandardTableGroup (c1 : org.frcpm.models.Component) {
          primaryTableReference : components as c1_0
        }
      }
    }

13:10:14.901 [main] DEBUG org.hibernate.persister.entity.AbstractEntityPersister - Static SQL for entity: org.frcpm.models.Component
13:10:14.901 [main] DEBUG org.hibernate.persister.entity.AbstractEntityPersister -  Version select: /* get version org.frcpm.models.Component */ select id from components where id=?
13:10:14.901 [main] DEBUG org.hibernate.persister.entity.AbstractEntityPersister -  Insert (0): /* insert for org.frcpm.models.Component */insert into components (actual_delivery,is_delivered,description,expected_delivery,name,part_number,id) values (?,?,?,?,?,?,default)
13:10:14.901 [main] DEBUG org.hibernate.persister.entity.AbstractEntityPersister -  Update (0): /* update for org.frcpm.models.Component */update components set actual_delivery=?,is_delivered=?,description=?,expected_delivery=?,name=?,part_number=? where id=?
13:10:14.901 [main] DEBUG org.hibernate.persister.entity.AbstractEntityPersister -  Delete (0): /* delete for org.frcpm.models.Component */delete from components where id=?
13:10:14.902 [main] DEBUG org.hibernate.orm.sql.ast.create - Created new SQL alias : m1_0
13:10:14.902 [main] DEBUG org.hibernate.orm.sql.ast.create - Registration of TableGroup [StandardTableGroup(org.frcpm.models.Milestone)] with identifierForTableGroup [org.frcpm.models.Milestone] for NavigablePath [org.frcpm.models.Milestone] 
13:10:14.902 [main] DEBUG org.hibernate.orm.sql.ast.create - Registration of TableGroup [org.hibernate.sql.ast.tree.from.LazyTableGroup@1608fb8e] with identifierForTableGroup [org.frcpm.models.Milestone.project] for NavigablePath [org.frcpm.models.Milestone.project] 
13:10:14.903 [main] DEBUG org.hibernate.orm.results.graph.AST - DomainResult Graph:
 \-EntityResultImpl [org.frcpm.models.Milestone]
 |  +-BasicFetch [org.frcpm.models.Milestone.date]
 |  +-BasicFetch [org.frcpm.models.Milestone.description]
 |  +-BasicFetch [org.frcpm.models.Milestone.name]
 |  \-EntityDelayedFetchImpl [org.frcpm.models.Milestone.project]

13:10:14.903 [main] DEBUG org.hibernate.orm.sql.ast.tree - SQL AST Tree:
    SelectStatement {
      FromClause {
        StandardTableGroup (m1 : org.frcpm.models.Milestone) {
          primaryTableReference : milestones as m1_0
          TableGroupJoins {
            left  join LazyTableGroup (p1 : org.frcpm.models.Milestone.project) {
            }
          }
        }
      }
    }

13:10:14.903 [main] DEBUG org.hibernate.persister.entity.AbstractEntityPersister - Static SQL for entity: org.frcpm.models.Milestone
13:10:14.903 [main] DEBUG org.hibernate.persister.entity.AbstractEntityPersister -  Version select: /* get version org.frcpm.models.Milestone */ select id from milestones where id=?
13:10:14.903 [main] DEBUG org.hibernate.persister.entity.AbstractEntityPersister -  Insert (0): /* insert for org.frcpm.models.Milestone */insert into milestones (date,description,name,project_id,id) values (?,?,?,?,default)
13:10:14.903 [main] DEBUG org.hibernate.persister.entity.AbstractEntityPersister -  Update (0): /* update for org.frcpm.models.Milestone */update milestones set date=?,description=?,name=?,project_id=? where id=?
13:10:14.903 [main] DEBUG org.hibernate.persister.entity.AbstractEntityPersister -  Delete (0): /* delete for org.frcpm.models.Milestone */delete from milestones where id=?
13:10:14.903 [main] DEBUG org.hibernate.orm.sql.ast.create - Created new SQL alias : p1_0
13:10:14.903 [main] DEBUG org.hibernate.orm.sql.ast.create - Registration of TableGroup [StandardTableGroup(org.frcpm.models.Project)] with identifierForTableGroup [org.frcpm.models.Project] for NavigablePath [org.frcpm.models.Project] 
13:10:14.903 [main] DEBUG org.hibernate.orm.results.graph.AST - DomainResult Graph:
 \-EntityResultImpl [org.frcpm.models.Project]
 |  +-BasicFetch [org.frcpm.models.Project.description]
 |  +-BasicFetch [org.frcpm.models.Project.goalEndDate]
 |  +-BasicFetch [org.frcpm.models.Project.hardDeadline]
 |  +-DelayedCollectionFetch [org.frcpm.models.Project.meetings]
 |  +-DelayedCollectionFetch [org.frcpm.models.Project.milestones]
 |  +-BasicFetch [org.frcpm.models.Project.name]
 |  +-BasicFetch [org.frcpm.models.Project.startDate]
 |  \-DelayedCollectionFetch [org.frcpm.models.Project.tasks]

13:10:14.903 [main] DEBUG org.hibernate.orm.sql.ast.tree - SQL AST Tree:
    SelectStatement {
      FromClause {
        StandardTableGroup (p1 : org.frcpm.models.Project) {
          primaryTableReference : projects as p1_0
        }
      }
    }

13:10:14.903 [main] DEBUG org.hibernate.persister.entity.AbstractEntityPersister - Static SQL for entity: org.frcpm.models.Project
13:10:14.903 [main] DEBUG org.hibernate.persister.entity.AbstractEntityPersister -  Version select: /* get version org.frcpm.models.Project */ select id from projects where id=?
13:10:14.903 [main] DEBUG org.hibernate.persister.entity.AbstractEntityPersister -  Insert (0): /* insert for org.frcpm.models.Project */insert into projects (description,goal_end_date,hard_deadline,name,start_date,id) values (?,?,?,?,?,default)
13:10:14.903 [main] DEBUG org.hibernate.persister.entity.AbstractEntityPersister -  Update (0): /* update for org.frcpm.models.Project */update projects set description=?,goal_end_date=?,hard_deadline=?,name=?,start_date=? where id=?
13:10:14.903 [main] DEBUG org.hibernate.persister.entity.AbstractEntityPersister -  Delete (0): /* delete for org.frcpm.models.Project */delete from projects where id=?
13:10:14.903 [main] DEBUG org.hibernate.orm.sql.ast.create - Created new SQL alias : s1_0
13:10:14.903 [main] DEBUG org.hibernate.orm.sql.ast.create - Registration of TableGroup [StandardTableGroup(org.frcpm.models.Subteam)] with identifierForTableGroup [org.frcpm.models.Subteam] for NavigablePath [org.frcpm.models.Subteam] 
13:10:14.904 [main] DEBUG org.hibernate.orm.results.graph.AST - DomainResult Graph:
 \-EntityResultImpl [org.frcpm.models.Subteam]
 |  +-BasicFetch [org.frcpm.models.Subteam.colorCode]
 |  +-DelayedCollectionFetch [org.frcpm.models.Subteam.members]
 |  +-BasicFetch [org.frcpm.models.Subteam.name]
 |  +-BasicFetch [org.frcpm.models.Subteam.specialties]
 |  \-DelayedCollectionFetch [org.frcpm.models.Subteam.subsystems]

13:10:14.904 [main] DEBUG org.hibernate.orm.sql.ast.tree - SQL AST Tree:
    SelectStatement {
      FromClause {
        StandardTableGroup (s1 : org.frcpm.models.Subteam) {
          primaryTableReference : subteams as s1_0
        }
      }
    }

13:10:14.904 [main] DEBUG org.hibernate.persister.entity.AbstractEntityPersister - Static SQL for entity: org.frcpm.models.Subteam
13:10:14.904 [main] DEBUG org.hibernate.persister.entity.AbstractEntityPersister -  Version select: /* get version org.frcpm.models.Subteam */ select id from subteams where id=?
13:10:14.904 [main] DEBUG org.hibernate.persister.entity.AbstractEntityPersister -  Insert (0): /* insert for org.frcpm.models.Subteam */insert into subteams (color_code,name,specialties,id) values (?,?,?,default)
13:10:14.904 [main] DEBUG org.hibernate.persister.entity.AbstractEntityPersister -  Update (0): /* update for org.frcpm.models.Subteam */update subteams set color_code=?,name=?,specialties=? where id=?
13:10:14.904 [main] DEBUG org.hibernate.persister.entity.AbstractEntityPersister -  Delete (0): /* delete for org.frcpm.models.Subteam */delete from subteams where id=?
13:10:14.904 [main] DEBUG org.hibernate.orm.sql.ast.create - Created new SQL alias : t1_0
13:10:14.904 [main] DEBUG org.hibernate.orm.sql.ast.create - Registration of TableGroup [StandardTableGroup(org.frcpm.models.Task)] with identifierForTableGroup [org.frcpm.models.Task] for NavigablePath [org.frcpm.models.Task] 
13:10:14.904 [main] DEBUG org.hibernate.orm.sql.ast.create - Registration of TableGroup [org.hibernate.sql.ast.tree.from.LazyTableGroup@2d907fcc] with identifierForTableGroup [org.frcpm.models.Task.project] for NavigablePath [org.frcpm.models.Task.project] 
13:10:14.904 [main] DEBUG org.hibernate.orm.sql.ast.create - Registration of TableGroup [org.hibernate.sql.ast.tree.from.LazyTableGroup@1ff45d4f] with identifierForTableGroup [org.frcpm.models.Task.subsystem] for NavigablePath [org.frcpm.models.Task.subsystem] 
13:10:14.904 [main] DEBUG org.hibernate.orm.results.graph.AST - DomainResult Graph:
 \-EntityResultImpl [org.frcpm.models.Task]
 |  +-BasicFetch [org.frcpm.models.Task.actualDurationSeconds]
 |  +-DelayedCollectionFetch [org.frcpm.models.Task.assignedTo]
 |  +-BasicFetch [org.frcpm.models.Task.completed]
 |  +-BasicFetch [org.frcpm.models.Task.description]
 |  +-BasicFetch [org.frcpm.models.Task.endDate]
 |  +-BasicFetch [org.frcpm.models.Task.estimatedDurationSeconds]
 |  +-DelayedCollectionFetch [org.frcpm.models.Task.postDependencies]
 |  +-DelayedCollectionFetch [org.frcpm.models.Task.preDependencies]
 |  +-BasicFetch [org.frcpm.models.Task.priority]
 |  +-BasicFetch [org.frcpm.models.Task.progress]
 |  +-EntityDelayedFetchImpl [org.frcpm.models.Task.project]
 |  +-DelayedCollectionFetch [org.frcpm.models.Task.requiredComponents]
 |  +-BasicFetch [org.frcpm.models.Task.startDate]
 |  +-EntityDelayedFetchImpl [org.frcpm.models.Task.subsystem]
 |  \-BasicFetch [org.frcpm.models.Task.title]

13:10:14.904 [main] DEBUG org.hibernate.orm.sql.ast.tree - SQL AST Tree:
    SelectStatement {
      FromClause {
        StandardTableGroup (t1 : org.frcpm.models.Task) {
          primaryTableReference : tasks as t1_0
          TableGroupJoins {
            left  join LazyTableGroup (p1 : org.frcpm.models.Task.project) {
            }
            left  join LazyTableGroup (s1 : org.frcpm.models.Task.subsystem) {
            }
          }
        }
      }
    }

13:10:14.904 [main] DEBUG org.hibernate.persister.entity.AbstractEntityPersister - Static SQL for entity: org.frcpm.models.Task
13:10:14.904 [main] DEBUG org.hibernate.persister.entity.AbstractEntityPersister -  Version select: /* get version org.frcpm.models.Task */ select id from tasks where id=?
13:10:14.904 [main] DEBUG org.hibernate.persister.entity.AbstractEntityPersister -  Insert (0): /* insert for org.frcpm.models.Task */insert into tasks (actual_duration_seconds,completed,description,end_date,estimated_duration_seconds,priority,progress,project_id,start_date,subsystem_id,title,id) values (?,?,?,?,?,?,?,?,?,?,?,default)
13:10:14.904 [main] DEBUG org.hibernate.persister.entity.AbstractEntityPersister -  Update (0): /* update for org.frcpm.models.Task */update tasks set actual_duration_seconds=?,completed=?,description=?,end_date=?,estimated_duration_seconds=?,priority=?,progress=?,project_id=?,start_date=?,subsystem_id=?,title=? where id=?
13:10:14.904 [main] DEBUG org.hibernate.persister.entity.AbstractEntityPersister -  Delete (0): /* delete for org.frcpm.models.Task */delete from tasks where id=?
13:10:14.904 [main] DEBUG org.hibernate.orm.sql.ast.create - Created new SQL alias : tm1_0
13:10:14.904 [main] DEBUG org.hibernate.orm.sql.ast.create - Registration of TableGroup [StandardTableGroup(org.frcpm.models.TeamMember)] with identifierForTableGroup [org.frcpm.models.TeamMember] for NavigablePath [org.frcpm.models.TeamMember] 
13:10:14.904 [main] DEBUG org.hibernate.orm.sql.ast.create - Registration of TableGroup [org.hibernate.sql.ast.tree.from.LazyTableGroup@6da42046] with identifierForTableGroup [org.frcpm.models.TeamMember.subteam] for NavigablePath [org.frcpm.models.TeamMember.subteam] 
13:10:14.904 [main] DEBUG org.hibernate.orm.results.graph.AST - DomainResult Graph:
 \-EntityResultImpl [org.frcpm.models.TeamMember]
 |  +-DelayedCollectionFetch [org.frcpm.models.TeamMember.assignedTasks]
 |  +-DelayedCollectionFetch [org.frcpm.models.TeamMember.attendances]
 |  +-BasicFetch [org.frcpm.models.TeamMember.email]
 |  +-BasicFetch [org.frcpm.models.TeamMember.firstName]
 |  +-BasicFetch [org.frcpm.models.TeamMember.lastName]
 |  +-BasicFetch [org.frcpm.models.TeamMember.leader]
 |  +-BasicFetch [org.frcpm.models.TeamMember.phone]
 |  +-BasicFetch [org.frcpm.models.TeamMember.skills]
 |  +-EntityDelayedFetchImpl [org.frcpm.models.TeamMember.subteam]
 |  \-BasicFetch [org.frcpm.models.TeamMember.username]

13:10:14.904 [main] DEBUG org.hibernate.orm.sql.ast.tree - SQL AST Tree:
    SelectStatement {
      FromClause {
        StandardTableGroup (tm1 : org.frcpm.models.TeamMember) {
          primaryTableReference : team_members as tm1_0
          TableGroupJoins {
            left  join LazyTableGroup (s1 : org.frcpm.models.TeamMember.subteam) {
            }
          }
        }
      }
    }

13:10:14.904 [main] DEBUG org.hibernate.persister.entity.AbstractEntityPersister - Static SQL for entity: org.frcpm.models.TeamMember
13:10:14.904 [main] DEBUG org.hibernate.persister.entity.AbstractEntityPersister -  Version select: /* get version org.frcpm.models.TeamMember */ select id from team_members where id=?
13:10:14.904 [main] DEBUG org.hibernate.persister.entity.AbstractEntityPersister -  Insert (0): /* insert for org.frcpm.models.TeamMember */insert into team_members (email,first_name,last_name,is_leader,phone,skills,subteam_id,username,id) values (?,?,?,?,?,?,?,?,default)
13:10:14.904 [main] DEBUG org.hibernate.persister.entity.AbstractEntityPersister -  Update (0): /* update for org.frcpm.models.TeamMember */update team_members set email=?,first_name=?,last_name=?,is_leader=?,phone=?,skills=?,subteam_id=?,username=? where id=?
13:10:14.904 [main] DEBUG org.hibernate.persister.entity.AbstractEntityPersister -  Delete (0): /* delete for org.frcpm.models.TeamMember */delete from team_members where id=?
13:10:14.904 [main] DEBUG org.hibernate.orm.sql.ast.create - Created new SQL alias : at1_0
13:10:14.904 [main] DEBUG org.hibernate.orm.sql.ast.create - Registration of TableGroup [CollectionTableGroup(org.frcpm.models.Task.assignedTo)] with identifierForTableGroup [org.frcpm.models.Task.assignedTo] for NavigablePath [org.frcpm.models.Task.assignedTo] 
13:10:14.904 [main] DEBUG org.hibernate.orm.sql.ast.create - Registration of TableGroup [org.hibernate.sql.ast.tree.from.LazyTableGroup@7ec77f27] with identifierForTableGroup [org.frcpm.models.Task.assignedTo.{element}] for NavigablePath [org.frcpm.models.Task.assignedTo.{element}] 
13:10:14.904 [main] DEBUG org.hibernate.orm.sql.ast.create - Created new SQL alias : at1_1
13:10:14.904 [main] DEBUG org.hibernate.orm.sql.ast.create - Registration of TableGroup [org.hibernate.sql.ast.tree.from.LazyTableGroup@17698f4c] with identifierForTableGroup [org.frcpm.models.Task.assignedTo.{element}.subteam] for NavigablePath [org.frcpm.models.Task.assignedTo.{element}.subteam] 
13:10:14.904 [main] DEBUG org.hibernate.orm.results.graph.AST - DomainResult Graph:
 \-CollectionDomainResult [org.frcpm.models.Task.assignedTo]

13:10:14.904 [main] DEBUG org.hibernate.orm.sql.ast.tree - SQL AST Tree:
    SelectStatement {
      FromClause {
        CollectionTableGroup (at1 : org.frcpm.models.Task.assignedTo) {
          primaryTableReference : task_assignments as at1_0
          TableGroupJoins {
             join LazyTableGroup (at1 : org.frcpm.models.Task.assignedTo.{element}) {
              primaryTableReference : team_members as at1_1
              TableGroupJoins {
                left  join LazyTableGroup (s1 : org.frcpm.models.Task.assignedTo.{element}.subteam) {
                }
              }
            }
          }
        }
      }
    }

13:10:14.905 [main] DEBUG org.hibernate.orm.jdbc.mutation - Static SQL for collection: org.frcpm.models.Task.assignedTo
13:10:14.905 [main] DEBUG org.hibernate.orm.jdbc.mutation -  Row insert: /* insert for org.frcpm.models.Task.assignedTo */insert into task_assignments (task_id,team_member_id) values (?,?)
13:10:14.905 [main] DEBUG org.hibernate.orm.jdbc.mutation -  Row delete: /* delete for org.frcpm.models.Task.assignedTo */delete from task_assignments where task_id=? and team_member_id=?
13:10:14.905 [main] DEBUG org.hibernate.orm.jdbc.mutation -  One-shot delete: /* one-shot delete for org.frcpm.models.Task.assignedTo */delete from task_assignments where task_id=?
13:10:14.905 [main] DEBUG org.hibernate.orm.sql.ast.create - Created new SQL alias : t1_0
13:10:14.905 [main] DEBUG org.hibernate.orm.sql.ast.create - Registration of TableGroup [org.hibernate.sql.ast.tree.from.OneToManyTableGroup@785e236f] with identifierForTableGroup [org.frcpm.models.Subsystem.tasks] for NavigablePath [org.frcpm.models.Subsystem.tasks] 
13:10:14.905 [main] DEBUG org.hibernate.orm.sql.ast.create - Registration of TableGroup [StandardTableGroup(org.frcpm.models.Subsystem.tasks.{element})] with identifierForTableGroup [org.frcpm.models.Subsystem.tasks.{element}] for NavigablePath [org.frcpm.models.Subsystem.tasks.{element}] 
13:10:14.905 [main] DEBUG org.hibernate.orm.sql.ast.create - Registration of TableGroup [org.hibernate.sql.ast.tree.from.LazyTableGroup@7f699066] with identifierForTableGroup [org.frcpm.models.Subsystem.tasks.{element}.project] for NavigablePath [org.frcpm.models.Subsystem.tasks.{element}.project] 
13:10:14.905 [main] DEBUG org.hibernate.orm.sql.ast.create - Registration of TableGroup [org.hibernate.sql.ast.tree.from.LazyTableGroup@48afc94c] with identifierForTableGroup [org.frcpm.models.Subsystem.tasks.{element}.subsystem] for NavigablePath [org.frcpm.models.Subsystem.tasks.{element}.subsystem] 
13:10:14.905 [main] DEBUG org.hibernate.orm.results.graph.AST - DomainResult Graph:
 \-CollectionDomainResult [org.frcpm.models.Subsystem.tasks]

13:10:14.905 [main] DEBUG org.hibernate.orm.sql.ast.tree - SQL AST Tree:
    SelectStatement {
      FromClause {
        OneToManyTableGroup (t1 : org.frcpm.models.Subsystem.tasks) {
          primaryTableReference : tasks as t1_0
          TableGroupJoins {
            left  join LazyTableGroup (p1 : org.frcpm.models.Subsystem.tasks.{element}.project) {
            }
            left  join LazyTableGroup (s1 : org.frcpm.models.Subsystem.tasks.{element}.subsystem) {
            }
          }
        }
      }
    }

13:10:14.905 [main] DEBUG org.hibernate.orm.jdbc.mutation - Static SQL for collection: org.frcpm.models.Subsystem.tasks
13:10:14.905 [main] DEBUG org.hibernate.orm.sql.ast.create - Created new SQL alias : m1_0
13:10:14.905 [main] DEBUG org.hibernate.orm.sql.ast.create - Registration of TableGroup [org.hibernate.sql.ast.tree.from.OneToManyTableGroup@1f0b18ed] with identifierForTableGroup [org.frcpm.models.Subteam.members] for NavigablePath [org.frcpm.models.Subteam.members] 
13:10:14.905 [main] DEBUG org.hibernate.orm.sql.ast.create - Registration of TableGroup [StandardTableGroup(org.frcpm.models.Subteam.members.{element})] with identifierForTableGroup [org.frcpm.models.Subteam.members.{element}] for NavigablePath [org.frcpm.models.Subteam.members.{element}] 
13:10:14.905 [main] DEBUG org.hibernate.orm.sql.ast.create - Registration of TableGroup [org.hibernate.sql.ast.tree.from.LazyTableGroup@2c5241ca] with identifierForTableGroup [org.frcpm.models.Subteam.members.{element}.subteam] for NavigablePath [org.frcpm.models.Subteam.members.{element}.subteam] 
13:10:14.905 [main] DEBUG org.hibernate.orm.results.graph.AST - DomainResult Graph:
 \-CollectionDomainResult [org.frcpm.models.Subteam.members]

13:10:14.905 [main] DEBUG org.hibernate.orm.sql.ast.tree - SQL AST Tree:
    SelectStatement {
      FromClause {
        OneToManyTableGroup (m1 : org.frcpm.models.Subteam.members) {
          primaryTableReference : team_members as m1_0
          TableGroupJoins {
            left  join LazyTableGroup (s1 : org.frcpm.models.Subteam.members.{element}.subteam) {
            }
          }
        }
      }
    }

13:10:14.905 [main] DEBUG org.hibernate.orm.jdbc.mutation - Static SQL for collection: org.frcpm.models.Subteam.members
13:10:14.905 [main] DEBUG org.hibernate.orm.sql.ast.create - Created new SQL alias : a1_0
13:10:14.905 [main] DEBUG org.hibernate.orm.sql.ast.create - Registration of TableGroup [org.hibernate.sql.ast.tree.from.OneToManyTableGroup@34486068] with identifierForTableGroup [org.frcpm.models.TeamMember.attendances] for NavigablePath [org.frcpm.models.TeamMember.attendances] 
13:10:14.906 [main] DEBUG org.hibernate.orm.sql.ast.create - Registration of TableGroup [StandardTableGroup(org.frcpm.models.TeamMember.attendances.{element})] with identifierForTableGroup [org.frcpm.models.TeamMember.attendances.{element}] for NavigablePath [org.frcpm.models.TeamMember.attendances.{element}] 
13:10:14.906 [main] DEBUG org.hibernate.orm.sql.ast.create - Registration of TableGroup [org.hibernate.sql.ast.tree.from.LazyTableGroup@7343da7c] with identifierForTableGroup [org.frcpm.models.TeamMember.attendances.{element}.meeting] for NavigablePath [org.frcpm.models.TeamMember.attendances.{element}.meeting] 
13:10:14.906 [main] DEBUG org.hibernate.orm.sql.ast.create - Registration of TableGroup [org.hibernate.sql.ast.tree.from.LazyTableGroup@4da189cf] with identifierForTableGroup [org.frcpm.models.TeamMember.attendances.{element}.member] for NavigablePath [org.frcpm.models.TeamMember.attendances.{element}.member] 
13:10:14.906 [main] DEBUG org.hibernate.orm.results.graph.AST - DomainResult Graph:
 \-CollectionDomainResult [org.frcpm.models.TeamMember.attendances]

13:10:14.906 [main] DEBUG org.hibernate.orm.sql.ast.tree - SQL AST Tree:
    SelectStatement {
      FromClause {
        OneToManyTableGroup (a1 : org.frcpm.models.TeamMember.attendances) {
          primaryTableReference : attendances as a1_0
          TableGroupJoins {
            left  join LazyTableGroup (m1 : org.frcpm.models.TeamMember.attendances.{element}.meeting) {
            }
            left  join LazyTableGroup (m2 : org.frcpm.models.TeamMember.attendances.{element}.member) {
            }
          }
        }
      }
    }

13:10:14.906 [main] DEBUG org.hibernate.orm.jdbc.mutation - Static SQL for collection: org.frcpm.models.TeamMember.attendances
13:10:14.906 [main] DEBUG org.hibernate.orm.sql.ast.create - Created new SQL alias : rc1_0
13:10:14.906 [main] DEBUG org.hibernate.orm.sql.ast.create - Registration of TableGroup [CollectionTableGroup(org.frcpm.models.Task.requiredComponents)] with identifierForTableGroup [org.frcpm.models.Task.requiredComponents] for NavigablePath [org.frcpm.models.Task.requiredComponents] 
13:10:14.906 [main] DEBUG org.hibernate.orm.sql.ast.create - Registration of TableGroup [org.hibernate.sql.ast.tree.from.LazyTableGroup@284b9458] with identifierForTableGroup [org.frcpm.models.Task.requiredComponents.{element}] for NavigablePath [org.frcpm.models.Task.requiredComponents.{element}] 
13:10:14.906 [main] DEBUG org.hibernate.orm.sql.ast.create - Created new SQL alias : rc1_1
13:10:14.906 [main] DEBUG org.hibernate.orm.results.graph.AST - DomainResult Graph:
 \-CollectionDomainResult [org.frcpm.models.Task.requiredComponents]

13:10:14.906 [main] DEBUG org.hibernate.orm.sql.ast.tree - SQL AST Tree:
    SelectStatement {
      FromClause {
        CollectionTableGroup (rc1 : org.frcpm.models.Task.requiredComponents) {
          primaryTableReference : task_components as rc1_0
          TableGroupJoins {
             join LazyTableGroup (rc1 : org.frcpm.models.Task.requiredComponents.{element}) {
              primaryTableReference : components as rc1_1
            }
          }
        }
      }
    }

13:10:14.906 [main] DEBUG org.hibernate.orm.jdbc.mutation - Static SQL for collection: org.frcpm.models.Task.requiredComponents
13:10:14.906 [main] DEBUG org.hibernate.orm.jdbc.mutation -  Row insert: /* insert for org.frcpm.models.Task.requiredComponents */insert into task_components (task_id,component_id) values (?,?)
13:10:14.906 [main] DEBUG org.hibernate.orm.jdbc.mutation -  Row delete: /* delete for org.frcpm.models.Task.requiredComponents */delete from task_components where task_id=? and component_id=?
13:10:14.906 [main] DEBUG org.hibernate.orm.jdbc.mutation -  One-shot delete: /* one-shot delete for org.frcpm.models.Task.requiredComponents */delete from task_components where task_id=?
13:10:14.906 [main] DEBUG org.hibernate.orm.sql.ast.create - Created new SQL alias : s1_0
13:10:14.906 [main] DEBUG org.hibernate.orm.sql.ast.create - Registration of TableGroup [org.hibernate.sql.ast.tree.from.OneToManyTableGroup@6dea0be] with identifierForTableGroup [org.frcpm.models.Subteam.subsystems] for NavigablePath [org.frcpm.models.Subteam.subsystems] 
13:10:14.906 [main] DEBUG org.hibernate.orm.sql.ast.create - Registration of TableGroup [StandardTableGroup(org.frcpm.models.Subteam.subsystems.{element})] with identifierForTableGroup [org.frcpm.models.Subteam.subsystems.{element}] for NavigablePath [org.frcpm.models.Subteam.subsystems.{element}] 
13:10:14.906 [main] DEBUG org.hibernate.orm.sql.ast.create - Registration of TableGroup [org.hibernate.sql.ast.tree.from.LazyTableGroup@3816f6ba] with identifierForTableGroup [org.frcpm.models.Subteam.subsystems.{element}.responsibleSubteam] for NavigablePath [org.frcpm.models.Subteam.subsystems.{element}.responsibleSubteam] 
13:10:14.906 [main] DEBUG org.hibernate.orm.results.graph.AST - DomainResult Graph:
 \-CollectionDomainResult [org.frcpm.models.Subteam.subsystems]

13:10:14.906 [main] DEBUG org.hibernate.orm.sql.ast.tree - SQL AST Tree:
    SelectStatement {
      FromClause {
        OneToManyTableGroup (s1 : org.frcpm.models.Subteam.subsystems) {
          primaryTableReference : subsystems as s1_0
          TableGroupJoins {
            left  join LazyTableGroup (rs1 : org.frcpm.models.Subteam.subsystems.{element}.responsibleSubteam) {
            }
          }
        }
      }
    }

13:10:14.906 [main] DEBUG org.hibernate.orm.jdbc.mutation - Static SQL for collection: org.frcpm.models.Subteam.subsystems
13:10:14.906 [main] DEBUG org.hibernate.orm.sql.ast.create - Created new SQL alias : pd1_0
13:10:14.906 [main] DEBUG org.hibernate.orm.sql.ast.create - Registration of TableGroup [CollectionTableGroup(org.frcpm.models.Task.preDependencies)] with identifierForTableGroup [org.frcpm.models.Task.preDependencies] for NavigablePath [org.frcpm.models.Task.preDependencies] 
13:10:14.906 [main] DEBUG org.hibernate.orm.sql.ast.create - Registration of TableGroup [org.hibernate.sql.ast.tree.from.LazyTableGroup@7401eb11] with identifierForTableGroup [org.frcpm.models.Task.preDependencies.{element}] for NavigablePath [org.frcpm.models.Task.preDependencies.{element}] 
13:10:14.906 [main] DEBUG org.hibernate.orm.sql.ast.create - Created new SQL alias : pd1_1
13:10:14.906 [main] DEBUG org.hibernate.orm.sql.ast.create - Registration of TableGroup [org.hibernate.sql.ast.tree.from.LazyTableGroup@7a97e7f] with identifierForTableGroup [org.frcpm.models.Task.preDependencies.{element}.project] for NavigablePath [org.frcpm.models.Task.preDependencies.{element}.project] 
13:10:14.906 [main] DEBUG org.hibernate.orm.sql.ast.create - Registration of TableGroup [org.hibernate.sql.ast.tree.from.LazyTableGroup@805eb16] with identifierForTableGroup [org.frcpm.models.Task.preDependencies.{element}.subsystem] for NavigablePath [org.frcpm.models.Task.preDependencies.{element}.subsystem] 
13:10:14.906 [main] DEBUG org.hibernate.orm.results.graph.AST - DomainResult Graph:
 \-CollectionDomainResult [org.frcpm.models.Task.preDependencies]

13:10:14.906 [main] DEBUG org.hibernate.orm.sql.ast.tree - SQL AST Tree:
    SelectStatement {
      FromClause {
        CollectionTableGroup (pd1 : org.frcpm.models.Task.preDependencies) {
          primaryTableReference : task_dependencies as pd1_0
          TableGroupJoins {
             join LazyTableGroup (pd1 : org.frcpm.models.Task.preDependencies.{element}) {
              primaryTableReference : tasks as pd1_1
              TableGroupJoins {
                left  join LazyTableGroup (p1 : org.frcpm.models.Task.preDependencies.{element}.project) {
                }
                left  join LazyTableGroup (s1 : org.frcpm.models.Task.preDependencies.{element}.subsystem) {
                }
              }
            }
          }
        }
      }
    }

13:10:14.906 [main] DEBUG org.hibernate.orm.jdbc.mutation - Static SQL for collection: org.frcpm.models.Task.preDependencies
13:10:14.906 [main] DEBUG org.hibernate.orm.jdbc.mutation -  Row insert: /* insert for org.frcpm.models.Task.preDependencies */insert into task_dependencies (task_id,dependency_id) values (?,?)
13:10:14.906 [main] DEBUG org.hibernate.orm.jdbc.mutation -  Row delete: /* delete for org.frcpm.models.Task.preDependencies */delete from task_dependencies where task_id=? and dependency_id=?
13:10:14.906 [main] DEBUG org.hibernate.orm.jdbc.mutation -  One-shot delete: /* one-shot delete for org.frcpm.models.Task.preDependencies */delete from task_dependencies where task_id=?
13:10:14.906 [main] DEBUG org.hibernate.orm.sql.ast.create - Created new SQL alias : m1_0
13:10:14.906 [main] DEBUG org.hibernate.orm.sql.ast.create - Registration of TableGroup [org.hibernate.sql.ast.tree.from.OneToManyTableGroup@59527c30] with identifierForTableGroup [org.frcpm.models.Project.milestones] for NavigablePath [org.frcpm.models.Project.milestones] 
13:10:14.906 [main] DEBUG org.hibernate.orm.sql.ast.create - Registration of TableGroup [StandardTableGroup(org.frcpm.models.Project.milestones.{element})] with identifierForTableGroup [org.frcpm.models.Project.milestones.{element}] for NavigablePath [org.frcpm.models.Project.milestones.{element}] 
13:10:14.906 [main] DEBUG org.hibernate.orm.sql.ast.create - Registration of TableGroup [org.hibernate.sql.ast.tree.from.LazyTableGroup@794bf212] with identifierForTableGroup [org.frcpm.models.Project.milestones.{element}.project] for NavigablePath [org.frcpm.models.Project.milestones.{element}.project] 
13:10:14.906 [main] DEBUG org.hibernate.orm.results.graph.AST - DomainResult Graph:
 \-CollectionDomainResult [org.frcpm.models.Project.milestones]

13:10:14.906 [main] DEBUG org.hibernate.orm.sql.ast.tree - SQL AST Tree:
    SelectStatement {
      FromClause {
        OneToManyTableGroup (m1 : org.frcpm.models.Project.milestones) {
          primaryTableReference : milestones as m1_0
          TableGroupJoins {
            left  join LazyTableGroup (p1 : org.frcpm.models.Project.milestones.{element}.project) {
            }
          }
        }
      }
    }

13:10:14.907 [main] DEBUG org.hibernate.orm.jdbc.mutation - Static SQL for collection: org.frcpm.models.Project.milestones
13:10:14.907 [main] DEBUG org.hibernate.orm.sql.ast.create - Created new SQL alias : rft1_0
13:10:14.907 [main] DEBUG org.hibernate.orm.sql.ast.create - Registration of TableGroup [CollectionTableGroup(org.frcpm.models.Component.requiredForTasks)] with identifierForTableGroup [org.frcpm.models.Component.requiredForTasks] for NavigablePath [org.frcpm.models.Component.requiredForTasks] 
13:10:14.907 [main] DEBUG org.hibernate.orm.sql.ast.create - Registration of TableGroup [org.hibernate.sql.ast.tree.from.LazyTableGroup@5cb20350] with identifierForTableGroup [org.frcpm.models.Component.requiredForTasks.{element}] for NavigablePath [org.frcpm.models.Component.requiredForTasks.{element}] 
13:10:14.907 [main] DEBUG org.hibernate.orm.sql.ast.create - Created new SQL alias : rft1_1
13:10:14.907 [main] DEBUG org.hibernate.orm.sql.ast.create - Registration of TableGroup [org.hibernate.sql.ast.tree.from.LazyTableGroup@16cb470a] with identifierForTableGroup [org.frcpm.models.Component.requiredForTasks.{element}.project] for NavigablePath [org.frcpm.models.Component.requiredForTasks.{element}.project] 
13:10:14.907 [main] DEBUG org.hibernate.orm.sql.ast.create - Registration of TableGroup [org.hibernate.sql.ast.tree.from.LazyTableGroup@30b6eca3] with identifierForTableGroup [org.frcpm.models.Component.requiredForTasks.{element}.subsystem] for NavigablePath [org.frcpm.models.Component.requiredForTasks.{element}.subsystem] 
13:10:14.907 [main] DEBUG org.hibernate.orm.results.graph.AST - DomainResult Graph:
 \-CollectionDomainResult [org.frcpm.models.Component.requiredForTasks]

13:10:14.907 [main] DEBUG org.hibernate.orm.sql.ast.tree - SQL AST Tree:
    SelectStatement {
      FromClause {
        CollectionTableGroup (rft1 : org.frcpm.models.Component.requiredForTasks) {
          primaryTableReference : task_components as rft1_0
          TableGroupJoins {
             join LazyTableGroup (rft1 : org.frcpm.models.Component.requiredForTasks.{element}) {
              primaryTableReference : tasks as rft1_1
              TableGroupJoins {
                left  join LazyTableGroup (p1 : org.frcpm.models.Component.requiredForTasks.{element}.project) {
                }
                left  join LazyTableGroup (s1 : org.frcpm.models.Component.requiredForTasks.{element}.subsystem) {
                }
              }
            }
          }
        }
      }
    }

13:10:14.907 [main] DEBUG org.hibernate.orm.jdbc.mutation - Static SQL for collection: org.frcpm.models.Component.requiredForTasks
13:10:14.907 [main] DEBUG org.hibernate.orm.sql.ast.create - Created new SQL alias : m1_0
13:10:14.907 [main] DEBUG org.hibernate.orm.sql.ast.create - Registration of TableGroup [org.hibernate.sql.ast.tree.from.OneToManyTableGroup@46167a63] with identifierForTableGroup [org.frcpm.models.Project.meetings] for NavigablePath [org.frcpm.models.Project.meetings] 
13:10:14.907 [main] DEBUG org.hibernate.orm.sql.ast.create - Registration of TableGroup [StandardTableGroup(org.frcpm.models.Project.meetings.{element})] with identifierForTableGroup [org.frcpm.models.Project.meetings.{element}] for NavigablePath [org.frcpm.models.Project.meetings.{element}] 
13:10:14.907 [main] DEBUG org.hibernate.orm.sql.ast.create - Registration of TableGroup [org.hibernate.sql.ast.tree.from.LazyTableGroup@a2996bc] with identifierForTableGroup [org.frcpm.models.Project.meetings.{element}.project] for NavigablePath [org.frcpm.models.Project.meetings.{element}.project] 
13:10:14.907 [main] DEBUG org.hibernate.orm.results.graph.AST - DomainResult Graph:
 \-CollectionDomainResult [org.frcpm.models.Project.meetings]

13:10:14.907 [main] DEBUG org.hibernate.orm.sql.ast.tree - SQL AST Tree:
    SelectStatement {
      FromClause {
        OneToManyTableGroup (m1 : org.frcpm.models.Project.meetings) {
          primaryTableReference : meetings as m1_0
          TableGroupJoins {
            left  join LazyTableGroup (p1 : org.frcpm.models.Project.meetings.{element}.project) {
            }
          }
        }
      }
    }

13:10:14.907 [main] DEBUG org.hibernate.orm.jdbc.mutation - Static SQL for collection: org.frcpm.models.Project.meetings
13:10:14.907 [main] DEBUG org.hibernate.orm.sql.ast.create - Created new SQL alias : at1_0
13:10:14.907 [main] DEBUG org.hibernate.orm.sql.ast.create - Registration of TableGroup [CollectionTableGroup(org.frcpm.models.TeamMember.assignedTasks)] with identifierForTableGroup [org.frcpm.models.TeamMember.assignedTasks] for NavigablePath [org.frcpm.models.TeamMember.assignedTasks] 
13:10:14.907 [main] DEBUG org.hibernate.orm.sql.ast.create - Registration of TableGroup [org.hibernate.sql.ast.tree.from.LazyTableGroup@1510644f] with identifierForTableGroup [org.frcpm.models.TeamMember.assignedTasks.{element}] for NavigablePath [org.frcpm.models.TeamMember.assignedTasks.{element}] 
13:10:14.907 [main] DEBUG org.hibernate.orm.sql.ast.create - Created new SQL alias : at1_1
13:10:14.907 [main] DEBUG org.hibernate.orm.sql.ast.create - Registration of TableGroup [org.hibernate.sql.ast.tree.from.LazyTableGroup@6020c1ec] with identifierForTableGroup [org.frcpm.models.TeamMember.assignedTasks.{element}.project] for NavigablePath [org.frcpm.models.TeamMember.assignedTasks.{element}.project] 
13:10:14.907 [main] DEBUG org.hibernate.orm.sql.ast.create - Registration of TableGroup [org.hibernate.sql.ast.tree.from.LazyTableGroup@267a3722] with identifierForTableGroup [org.frcpm.models.TeamMember.assignedTasks.{element}.subsystem] for NavigablePath [org.frcpm.models.TeamMember.assignedTasks.{element}.subsystem] 
13:10:14.907 [main] DEBUG org.hibernate.orm.results.graph.AST - DomainResult Graph:
 \-CollectionDomainResult [org.frcpm.models.TeamMember.assignedTasks]

13:10:14.907 [main] DEBUG org.hibernate.orm.sql.ast.tree - SQL AST Tree:
    SelectStatement {
      FromClause {
        CollectionTableGroup (at1 : org.frcpm.models.TeamMember.assignedTasks) {
          primaryTableReference : task_assignments as at1_0
          TableGroupJoins {
             join LazyTableGroup (at1 : org.frcpm.models.TeamMember.assignedTasks.{element}) {
              primaryTableReference : tasks as at1_1
              TableGroupJoins {
                left  join LazyTableGroup (p1 : org.frcpm.models.TeamMember.assignedTasks.{element}.project) {
                }
                left  join LazyTableGroup (s1 : org.frcpm.models.TeamMember.assignedTasks.{element}.subsystem) {
                }
              }
            }
          }
        }
      }
    }

13:10:14.907 [main] DEBUG org.hibernate.orm.jdbc.mutation - Static SQL for collection: org.frcpm.models.TeamMember.assignedTasks
13:10:14.907 [main] DEBUG org.hibernate.orm.sql.ast.create - Created new SQL alias : a1_0
13:10:14.907 [main] DEBUG org.hibernate.orm.sql.ast.create - Registration of TableGroup [org.hibernate.sql.ast.tree.from.OneToManyTableGroup@5046ad1c] with identifierForTableGroup [org.frcpm.models.Meeting.attendances] for NavigablePath [org.frcpm.models.Meeting.attendances] 
13:10:14.907 [main] DEBUG org.hibernate.orm.sql.ast.create - Registration of TableGroup [StandardTableGroup(org.frcpm.models.Meeting.attendances.{element})] with identifierForTableGroup [org.frcpm.models.Meeting.attendances.{element}] for NavigablePath [org.frcpm.models.Meeting.attendances.{element}] 
13:10:14.907 [main] DEBUG org.hibernate.orm.sql.ast.create - Registration of TableGroup [org.hibernate.sql.ast.tree.from.LazyTableGroup@368f2959] with identifierForTableGroup [org.frcpm.models.Meeting.attendances.{element}.meeting] for NavigablePath [org.frcpm.models.Meeting.attendances.{element}.meeting] 
13:10:14.907 [main] DEBUG org.hibernate.orm.sql.ast.create - Registration of TableGroup [org.hibernate.sql.ast.tree.from.LazyTableGroup@41bbdb8d] with identifierForTableGroup [org.frcpm.models.Meeting.attendances.{element}.member] for NavigablePath [org.frcpm.models.Meeting.attendances.{element}.member] 
13:10:14.907 [main] DEBUG org.hibernate.orm.results.graph.AST - DomainResult Graph:
 \-CollectionDomainResult [org.frcpm.models.Meeting.attendances]

13:10:14.907 [main] DEBUG org.hibernate.orm.sql.ast.tree - SQL AST Tree:
    SelectStatement {
      FromClause {
        OneToManyTableGroup (a1 : org.frcpm.models.Meeting.attendances) {
          primaryTableReference : attendances as a1_0
          TableGroupJoins {
            left  join LazyTableGroup (m1 : org.frcpm.models.Meeting.attendances.{element}.meeting) {
            }
            left  join LazyTableGroup (m2 : org.frcpm.models.Meeting.attendances.{element}.member) {
            }
          }
        }
      }
    }

13:10:14.907 [main] DEBUG org.hibernate.orm.jdbc.mutation - Static SQL for collection: org.frcpm.models.Meeting.attendances
13:10:14.907 [main] DEBUG org.hibernate.orm.sql.ast.create - Created new SQL alias : pd1_0
13:10:14.907 [main] DEBUG org.hibernate.orm.sql.ast.create - Registration of TableGroup [CollectionTableGroup(org.frcpm.models.Task.postDependencies)] with identifierForTableGroup [org.frcpm.models.Task.postDependencies] for NavigablePath [org.frcpm.models.Task.postDependencies] 
13:10:14.907 [main] DEBUG org.hibernate.orm.sql.ast.create - Registration of TableGroup [org.hibernate.sql.ast.tree.from.LazyTableGroup@761c9f11] with identifierForTableGroup [org.frcpm.models.Task.postDependencies.{element}] for NavigablePath [org.frcpm.models.Task.postDependencies.{element}] 
13:10:14.907 [main] DEBUG org.hibernate.orm.sql.ast.create - Created new SQL alias : pd1_1
13:10:14.907 [main] DEBUG org.hibernate.orm.sql.ast.create - Registration of TableGroup [org.hibernate.sql.ast.tree.from.LazyTableGroup@3916a56a] with identifierForTableGroup [org.frcpm.models.Task.postDependencies.{element}.project] for NavigablePath [org.frcpm.models.Task.postDependencies.{element}.project] 
13:10:14.907 [main] DEBUG org.hibernate.orm.sql.ast.create - Registration of TableGroup [org.hibernate.sql.ast.tree.from.LazyTableGroup@26ee7676] with identifierForTableGroup [org.frcpm.models.Task.postDependencies.{element}.subsystem] for NavigablePath [org.frcpm.models.Task.postDependencies.{element}.subsystem] 
13:10:14.907 [main] DEBUG org.hibernate.orm.results.graph.AST - DomainResult Graph:
 \-CollectionDomainResult [org.frcpm.models.Task.postDependencies]

13:10:14.907 [main] DEBUG org.hibernate.orm.sql.ast.tree - SQL AST Tree:
    SelectStatement {
      FromClause {
        CollectionTableGroup (pd1 : org.frcpm.models.Task.postDependencies) {
          primaryTableReference : task_dependencies as pd1_0
          TableGroupJoins {
             join LazyTableGroup (pd1 : org.frcpm.models.Task.postDependencies.{element}) {
              primaryTableReference : tasks as pd1_1
              TableGroupJoins {
                left  join LazyTableGroup (p1 : org.frcpm.models.Task.postDependencies.{element}.project) {
                }
                left  join LazyTableGroup (s1 : org.frcpm.models.Task.postDependencies.{element}.subsystem) {
                }
              }
            }
          }
        }
      }
    }

13:10:14.907 [main] DEBUG org.hibernate.orm.jdbc.mutation - Static SQL for collection: org.frcpm.models.Task.postDependencies
13:10:14.907 [main] DEBUG org.hibernate.orm.sql.ast.create - Created new SQL alias : t1_0
13:10:14.907 [main] DEBUG org.hibernate.orm.sql.ast.create - Registration of TableGroup [org.hibernate.sql.ast.tree.from.OneToManyTableGroup@18121865] with identifierForTableGroup [org.frcpm.models.Project.tasks] for NavigablePath [org.frcpm.models.Project.tasks] 
13:10:14.907 [main] DEBUG org.hibernate.orm.sql.ast.create - Registration of TableGroup [StandardTableGroup(org.frcpm.models.Project.tasks.{element})] with identifierForTableGroup [org.frcpm.models.Project.tasks.{element}] for NavigablePath [org.frcpm.models.Project.tasks.{element}] 
13:10:14.907 [main] DEBUG org.hibernate.orm.sql.ast.create - Registration of TableGroup [org.hibernate.sql.ast.tree.from.LazyTableGroup@14a3c3f8] with identifierForTableGroup [org.frcpm.models.Project.tasks.{element}.project] for NavigablePath [org.frcpm.models.Project.tasks.{element}.project] 
13:10:14.908 [main] DEBUG org.hibernate.orm.sql.ast.create - Registration of TableGroup [org.hibernate.sql.ast.tree.from.LazyTableGroup@412b5adc] with identifierForTableGroup [org.frcpm.models.Project.tasks.{element}.subsystem] for NavigablePath [org.frcpm.models.Project.tasks.{element}.subsystem] 
13:10:14.908 [main] DEBUG org.hibernate.orm.results.graph.AST - DomainResult Graph:
 \-CollectionDomainResult [org.frcpm.models.Project.tasks]

13:10:14.908 [main] DEBUG org.hibernate.orm.sql.ast.tree - SQL AST Tree:
    SelectStatement {
      FromClause {
        OneToManyTableGroup (t1 : org.frcpm.models.Project.tasks) {
          primaryTableReference : tasks as t1_0
          TableGroupJoins {
            left  join LazyTableGroup (p1 : org.frcpm.models.Project.tasks.{element}.project) {
            }
            left  join LazyTableGroup (s1 : org.frcpm.models.Project.tasks.{element}.subsystem) {
            }
          }
        }
      }
    }

13:10:14.908 [main] DEBUG org.hibernate.orm.jdbc.mutation - Static SQL for collection: org.frcpm.models.Project.tasks
13:10:14.912 [main] DEBUG org.hibernate.type.spi.TypeConfiguration$Scope - Scoping TypeConfiguration [org.hibernate.type.spi.TypeConfiguration@4f0ee1eb] to SessionFactoryImplementor [org.hibernate.internal.SessionFactoryImpl@1c14a767]
13:10:14.912 [main] DEBUG org.hibernate.query.named.NamedObjectRepository - Checking 0 named HQL queries
13:10:14.912 [main] DEBUG org.hibernate.query.named.NamedObjectRepository - Checking 0 named SQL queries
13:10:14.912 [main] DEBUG org.hibernate.SQL - 
    drop table if exists attendances cascade 
Hibernate: 
    drop table if exists attendances cascade 
13:10:14.912 [main] DEBUG org.hibernate.SQL - 
    drop table if exists components cascade 
Hibernate: 
    drop table if exists components cascade 
13:10:14.913 [main] DEBUG org.hibernate.SQL - 
    drop table if exists meetings cascade 
Hibernate: 
    drop table if exists meetings cascade 
13:10:14.913 [main] DEBUG org.hibernate.SQL - 
    drop table if exists milestones cascade 
Hibernate: 
    drop table if exists milestones cascade 
13:10:14.913 [main] DEBUG org.hibernate.SQL - 
    drop table if exists projects cascade 
Hibernate: 
    drop table if exists projects cascade 
13:10:14.913 [main] DEBUG org.hibernate.SQL - 
    drop table if exists subsystems cascade 
Hibernate: 
    drop table if exists subsystems cascade 
13:10:14.913 [main] DEBUG org.hibernate.SQL - 
    drop table if exists subteams cascade 
Hibernate: 
    drop table if exists subteams cascade 
13:10:14.913 [main] DEBUG org.hibernate.SQL - 
    drop table if exists task_assignments cascade 
Hibernate: 
    drop table if exists task_assignments cascade 
13:10:14.913 [main] DEBUG org.hibernate.SQL - 
    drop table if exists task_components cascade 
Hibernate: 
    drop table if exists task_components cascade 
13:10:14.913 [main] DEBUG org.hibernate.SQL - 
    drop table if exists task_dependencies cascade 
Hibernate: 
    drop table if exists task_dependencies cascade 
13:10:14.913 [main] DEBUG org.hibernate.SQL - 
    drop table if exists tasks cascade 
Hibernate: 
    drop table if exists tasks cascade 
13:10:14.913 [main] DEBUG org.hibernate.SQL - 
    drop table if exists team_members cascade 
Hibernate: 
    drop table if exists team_members cascade 
13:10:14.914 [main] DEBUG org.hibernate.SQL - 
    create table attendances (
        arrival_time time(6),
        departure_time time(6),
        present boolean not null,
        id bigint generated by default as identity,
        meeting_id bigint not null,
        member_id bigint not null,
        primary key (id),
        unique (meeting_id, member_id)
    )
Hibernate: 
    create table attendances (
        arrival_time time(6),
        departure_time time(6),
        present boolean not null,
        id bigint generated by default as identity,
        meeting_id bigint not null,
        member_id bigint not null,
        primary key (id),
        unique (meeting_id, member_id)
    )
13:10:14.915 [main] DEBUG org.hibernate.SQL - 
    create table components (
        actual_delivery date,
        expected_delivery date,
        is_delivered boolean,
        id bigint generated by default as identity,
        part_number varchar(100),
        description TEXT,
        name varchar(255) not null,
        primary key (id)
    )
Hibernate: 
    create table components (
        actual_delivery date,
        expected_delivery date,
        is_delivered boolean,
        id bigint generated by default as identity,
        part_number varchar(100),
        description TEXT,
        name varchar(255) not null,
        primary key (id)
    )
13:10:14.915 [main] DEBUG org.hibernate.SQL - 
    create table meetings (
        date date not null,
        end_time time(6) not null,
        start_time time(6) not null,
        id bigint generated by default as identity,
        project_id bigint not null,
        notes TEXT,
        primary key (id)
    )
Hibernate: 
    create table meetings (
        date date not null,
        end_time time(6) not null,
        start_time time(6) not null,
        id bigint generated by default as identity,
        project_id bigint not null,
        notes TEXT,
        primary key (id)
    )
13:10:14.915 [main] DEBUG org.hibernate.SQL - 
    create table milestones (
        date date not null,
        id bigint generated by default as identity,
        project_id bigint not null,
        description TEXT,
        name varchar(255) not null,
        primary key (id)
    )
Hibernate: 
    create table milestones (
        date date not null,
        id bigint generated by default as identity,
        project_id bigint not null,
        description TEXT,
        name varchar(255) not null,
        primary key (id)
    )
13:10:14.916 [main] DEBUG org.hibernate.SQL - 
    create table projects (
        goal_end_date date not null,
        hard_deadline date not null,
        start_date date not null,
        id bigint generated by default as identity,
        name varchar(100) not null,
        description TEXT,
        primary key (id)
    )
Hibernate: 
    create table projects (
        goal_end_date date not null,
        hard_deadline date not null,
        start_date date not null,
        id bigint generated by default as identity,
        name varchar(100) not null,
        description TEXT,
        primary key (id)
    )
13:10:14.916 [main] DEBUG org.hibernate.SQL - 
    create table subsystems (
        id bigint generated by default as identity,
        responsible_subteam_id bigint,
        name varchar(100) not null,
        description TEXT,
        status enum ('COMPLETED','IN_PROGRESS','ISSUES','NOT_STARTED','TESTING') not null,
        primary key (id)
    )
Hibernate: 
    create table subsystems (
        id bigint generated by default as identity,
        responsible_subteam_id bigint,
        name varchar(100) not null,
        description TEXT,
        status enum ('COMPLETED','IN_PROGRESS','ISSUES','NOT_STARTED','TESTING') not null,
        primary key (id)
    )
13:10:14.916 [main] DEBUG org.hibernate.SQL - 
    create table subteams (
        color_code varchar(7) not null,
        id bigint generated by default as identity,
        name varchar(100) not null,
        specialties TEXT,
        primary key (id)
    )
Hibernate: 
    create table subteams (
        color_code varchar(7) not null,
        id bigint generated by default as identity,
        name varchar(100) not null,
        specialties TEXT,
        primary key (id)
    )
13:10:14.919 [main] DEBUG org.hibernate.SQL - 
    create table task_assignments (
        task_id bigint not null,
        team_member_id bigint not null,
        primary key (task_id, team_member_id)
    )
Hibernate: 
    create table task_assignments (
        task_id bigint not null,
        team_member_id bigint not null,
        primary key (task_id, team_member_id)
    )
13:10:14.920 [main] DEBUG org.hibernate.SQL - 
    create table task_components (
        component_id bigint not null,
        task_id bigint not null,
        primary key (component_id, task_id)
    )
Hibernate: 
    create table task_components (
        component_id bigint not null,
        task_id bigint not null,
        primary key (component_id, task_id)
    )
13:10:14.921 [main] DEBUG org.hibernate.SQL - 
    create table task_dependencies (
        dependency_id bigint not null,
        task_id bigint not null,
        primary key (dependency_id, task_id)
    )
Hibernate: 
    create table task_dependencies (
        dependency_id bigint not null,
        task_id bigint not null,
        primary key (dependency_id, task_id)
    )
13:10:14.922 [main] DEBUG org.hibernate.SQL - 
    create table tasks (
        completed boolean not null,
        end_date date,
        progress integer not null,
        start_date date,
        actual_duration_seconds bigint,
        estimated_duration_seconds bigint not null,
        id bigint generated by default as identity,
        project_id bigint not null,
        subsystem_id bigint not null,
        description TEXT,
        title varchar(255) not null,
        priority enum ('CRITICAL','HIGH','LOW','MEDIUM') not null,
        primary key (id)
    )
Hibernate: 
    create table tasks (
        completed boolean not null,
        end_date date,
        progress integer not null,
        start_date date,
        actual_duration_seconds bigint,
        estimated_duration_seconds bigint not null,
        id bigint generated by default as identity,
        project_id bigint not null,
        subsystem_id bigint not null,
        description TEXT,
        title varchar(255) not null,
        priority enum ('CRITICAL','HIGH','LOW','MEDIUM') not null,
        primary key (id)
    )
13:10:14.923 [main] DEBUG org.hibernate.SQL - 
    create table team_members (
        is_leader boolean,
        id bigint generated by default as identity,
        subteam_id bigint,
        phone varchar(15),
        first_name varchar(150),
        last_name varchar(150),
        username varchar(150) not null unique,
        email varchar(254),
        skills TEXT,
        primary key (id)
    )
Hibernate: 
    create table team_members (
        is_leader boolean,
        id bigint generated by default as identity,
        subteam_id bigint,
        phone varchar(15),
        first_name varchar(150),
        last_name varchar(150),
        username varchar(150) not null unique,
        email varchar(254),
        skills TEXT,
        primary key (id)
    )
13:10:14.924 [main] DEBUG org.hibernate.SQL - 
    alter table if exists attendances 
       add constraint FK3i5ab1v2ad6wbm2rwhxbtm55u 
       foreign key (meeting_id) 
       references meetings
Hibernate: 
    alter table if exists attendances 
       add constraint FK3i5ab1v2ad6wbm2rwhxbtm55u 
       foreign key (meeting_id) 
       references meetings
13:10:14.925 [main] DEBUG org.hibernate.SQL - 
    alter table if exists attendances 
       add constraint FKb3g1rvha5qvyh1xik0bo6fghp 
       foreign key (member_id) 
       references team_members
Hibernate: 
    alter table if exists attendances 
       add constraint FKb3g1rvha5qvyh1xik0bo6fghp 
       foreign key (member_id) 
       references team_members
13:10:14.926 [main] DEBUG org.hibernate.SQL - 
    alter table if exists meetings 
       add constraint FKbt3vmcde0efob60esnfkyaeg0 
       foreign key (project_id) 
       references projects
Hibernate: 
    alter table if exists meetings 
       add constraint FKbt3vmcde0efob60esnfkyaeg0 
       foreign key (project_id) 
       references projects
13:10:14.926 [main] DEBUG org.hibernate.SQL - 
    alter table if exists milestones 
       add constraint FK2a7fp7wfu0qc1pq3wiifbksge 
       foreign key (project_id) 
       references projects
Hibernate: 
    alter table if exists milestones 
       add constraint FK2a7fp7wfu0qc1pq3wiifbksge 
       foreign key (project_id) 
       references projects
13:10:14.927 [main] DEBUG org.hibernate.SQL - 
    alter table if exists subsystems 
       add constraint FK6w4rk9yygp8j1dhs91d0qt8vp 
       foreign key (responsible_subteam_id) 
       references subteams
Hibernate: 
    alter table if exists subsystems 
       add constraint FK6w4rk9yygp8j1dhs91d0qt8vp 
       foreign key (responsible_subteam_id) 
       references subteams
13:10:14.927 [main] DEBUG org.hibernate.SQL - 
    alter table if exists task_assignments 
       add constraint FKqyivind1lu4axk93y5m7vcx7i 
       foreign key (team_member_id) 
       references team_members
Hibernate: 
    alter table if exists task_assignments 
       add constraint FKqyivind1lu4axk93y5m7vcx7i 
       foreign key (team_member_id) 
       references team_members
13:10:14.929 [main] DEBUG org.hibernate.SQL - 
    alter table if exists task_assignments 
       add constraint FKk36vhf9tt6t3woselwnkis6v6 
       foreign key (task_id) 
       references tasks
Hibernate: 
    alter table if exists task_assignments 
       add constraint FKk36vhf9tt6t3woselwnkis6v6 
       foreign key (task_id) 
       references tasks
13:10:14.931 [main] DEBUG org.hibernate.SQL - 
    alter table if exists task_components 
       add constraint FK5irpaispcx79xwy6n1qomaxnv 
       foreign key (component_id) 
       references components
Hibernate: 
    alter table if exists task_components 
       add constraint FK5irpaispcx79xwy6n1qomaxnv 
       foreign key (component_id) 
       references components
13:10:14.932 [main] DEBUG org.hibernate.SQL - 
    alter table if exists task_components 
       add constraint FKjvcgnyl1ttc41nv55hjvnnft1 
       foreign key (task_id) 
       references tasks
Hibernate: 
    alter table if exists task_components 
       add constraint FKjvcgnyl1ttc41nv55hjvnnft1 
       foreign key (task_id) 
       references tasks
13:10:14.933 [main] DEBUG org.hibernate.SQL - 
    alter table if exists task_dependencies 
       add constraint FKnwfxktx9emcwsylqofad5cxbx 
       foreign key (dependency_id) 
       references tasks
Hibernate: 
    alter table if exists task_dependencies 
       add constraint FKnwfxktx9emcwsylqofad5cxbx 
       foreign key (dependency_id) 
       references tasks
13:10:14.937 [main] DEBUG org.hibernate.SQL - 
    alter table if exists task_dependencies 
       add constraint FKerlktvi2bud6uauih348u0loj 
       foreign key (task_id) 
       references tasks
Hibernate: 
    alter table if exists task_dependencies 
       add constraint FKerlktvi2bud6uauih348u0loj 
       foreign key (task_id) 
       references tasks
13:10:14.939 [main] DEBUG org.hibernate.SQL - 
    alter table if exists tasks 
       add constraint FKsfhn82y57i3k9uxww1s007acc 
       foreign key (project_id) 
       references projects
Hibernate: 
    alter table if exists tasks 
       add constraint FKsfhn82y57i3k9uxww1s007acc 
       foreign key (project_id) 
       references projects
13:10:14.940 [main] DEBUG org.hibernate.SQL - 
    alter table if exists tasks 
       add constraint FK3tj2dchxxvxu2te3uwgjakx76 
       foreign key (subsystem_id) 
       references subsystems
Hibernate: 
    alter table if exists tasks 
       add constraint FK3tj2dchxxvxu2te3uwgjakx76 
       foreign key (subsystem_id) 
       references subsystems
13:10:14.940 [main] DEBUG org.hibernate.SQL - 
    alter table if exists team_members 
       add constraint FKnjkvjfudwwytv2aiuha5wyvqx 
       foreign key (subteam_id) 
       references subteams
Hibernate: 
    alter table if exists team_members 
       add constraint FKnjkvjfudwwytv2aiuha5wyvqx 
       foreign key (subteam_id) 
       references subteams
13:10:14.941 [frcpm-hikari-pool connection adder] DEBUG com.zaxxer.hikari.pool.HikariPool - frcpm-hikari-pool - After adding stats (total=5, active=0, idle=5, waiting=0)
13:10:14.941 [main] DEBUG org.hibernate.internal.SessionFactoryRegistry - Registering SessionFactory: 622d9bcd-151a-4b48-ba21-0ea921a959f6 (<unnamed>)
13:10:14.941 [main] DEBUG org.hibernate.internal.SessionFactoryRegistry - Not binding SessionFactory to JNDI, no JNDI name configured
13:10:14.941 [main] DEBUG org.hibernate.internal.SessionFactoryImpl - Instantiated SessionFactory
13:10:14.942 [main] DEBUG org.hibernate.stat.internal.StatisticsInitiator - Statistics initialized [enabled=false]
13:10:14.942 [main] DEBUG org.hibernate.engine.transaction.internal.TransactionImpl - On TransactionImpl creation, JpaCompliance#isJpaTransactionComplianceEnabled == false
13:10:14.942 [main] DEBUG org.hibernate.engine.transaction.internal.TransactionImpl - begin
13:10:14.942 [main] DEBUG org.hibernate.engine.spi.ActionQueue - Executing identity-insert immediately
13:10:14.942 [main] DEBUG org.hibernate.SQL - 
    /* insert for
        org.frcpm.models.Project */insert 
    into
        projects (description, goal_end_date, hard_deadline, name, start_date, id) 
    values
        (?, ?, ?, ?, ?, default)
Hibernate: 
    /* insert for
        org.frcpm.models.Project */insert 
    into
        projects (description, goal_end_date, hard_deadline, name, start_date, id) 
    values
        (?, ?, ?, ?, ?, default)
13:10:14.943 [main] DEBUG org.hibernate.orm.results - Initializer list is empty
13:10:14.943 [main] DEBUG org.hibernate.orm.results.loading - Calling top-level assembler (0 / 1) : org.hibernate.sql.results.graph.basic.BasicResultAssembler@14a9a120
13:10:14.943 [main] DEBUG org.hibernate.orm.results - Extracted JDBC value [0] - [1]
13:10:14.943 [main] DEBUG org.hibernate.id.IdentifierGeneratorHelper - Extracted generated values [org.frcpm.models.Project]: [Ljava.lang.Object;@55eb1d69
13:10:14.944 [main] DEBUG org.hibernate.event.internal.AbstractFlushingEventListener - Processing flush-time cascades
13:10:14.944 [main] DEBUG org.hibernate.event.internal.AbstractFlushingEventListener - Dirty checking collections
13:10:14.944 [main] DEBUG org.hibernate.engine.internal.Collections - Collection found: [org.frcpm.models.Project.meetings#1], was: [<unreferenced>] (initialized)
13:10:14.944 [main] DEBUG org.hibernate.engine.internal.Collections - Collection found: [org.frcpm.models.Project.milestones#1], was: [<unreferenced>] (initialized)
13:10:14.944 [main] DEBUG org.hibernate.engine.internal.Collections - Collection found: [org.frcpm.models.Project.tasks#1], was: [<unreferenced>] (initialized)
13:10:14.944 [main] DEBUG org.hibernate.event.internal.AbstractFlushingEventListener - Flushed: 0 insertions, 0 updates, 0 deletions to 1 objects
13:10:14.944 [main] DEBUG org.hibernate.event.internal.AbstractFlushingEventListener - Flushed: 3 (re)creations, 0 updates, 0 removals to 3 collections
13:10:14.944 [main] DEBUG org.hibernate.internal.util.EntityPrinter - Listing entities:
13:10:14.944 [main] DEBUG org.hibernate.internal.util.EntityPrinter - org.frcpm.models.Project{hardDeadline=2025-06-06, name=Test Base Project 1, description=null, meetings=[], id=1, goalEndDate=2025-05-23, milestones=[], startDate=2025-04-11, tasks=[]}
13:10:14.944 [main] DEBUG org.hibernate.engine.transaction.internal.TransactionImpl - committing
13:10:14.944 [main] DEBUG org.hibernate.event.internal.AbstractFlushingEventListener - Processing flush-time cascades
13:10:14.944 [main] DEBUG org.hibernate.event.internal.AbstractFlushingEventListener - Dirty checking collections
13:10:14.944 [main] DEBUG org.hibernate.engine.internal.Collections - Collection found: [org.frcpm.models.Project.meetings#1], was: [org.frcpm.models.Project.meetings#1] (initialized)
13:10:14.944 [main] DEBUG org.hibernate.engine.internal.Collections - Collection found: [org.frcpm.models.Project.milestones#1], was: [org.frcpm.models.Project.milestones#1] (initialized)
13:10:14.944 [main] DEBUG org.hibernate.engine.internal.Collections - Collection found: [org.frcpm.models.Project.tasks#1], was: [org.frcpm.models.Project.tasks#1] (initialized)
13:10:14.944 [main] DEBUG org.hibernate.event.internal.AbstractFlushingEventListener - Flushed: 0 insertions, 0 updates, 0 deletions to 1 objects
13:10:14.944 [main] DEBUG org.hibernate.event.internal.AbstractFlushingEventListener - Flushed: 0 (re)creations, 0 updates, 0 removals to 3 collections
13:10:14.944 [main] DEBUG org.hibernate.internal.util.EntityPrinter - Listing entities:
13:10:14.945 [main] DEBUG org.hibernate.internal.util.EntityPrinter - org.frcpm.models.Project{hardDeadline=2025-06-06, name=Test Base Project 1, description=null, meetings=[], id=1, goalEndDate=2025-05-23, milestones=[], startDate=2025-04-11, tasks=[]}
13:10:14.945 [main] DEBUG org.hibernate.resource.jdbc.internal.LogicalConnectionManagedImpl - Initiating JDBC connection release from afterTransaction
13:10:14.945 [main] DEBUG org.hibernate.resource.jdbc.internal.LogicalConnectionManagedImpl - Initiating JDBC connection release from afterTransaction
13:10:14.945 [main] DEBUG org.hibernate.engine.transaction.internal.TransactionImpl - On TransactionImpl creation, JpaCompliance#isJpaTransactionComplianceEnabled == false
13:10:14.945 [main] DEBUG org.hibernate.engine.transaction.internal.TransactionImpl - begin
13:10:14.945 [main] DEBUG org.hibernate.engine.spi.ActionQueue - Executing identity-insert immediately
13:10:14.946 [main] DEBUG org.hibernate.SQL - 
    /* insert for
        org.frcpm.models.Project */insert 
    into
        projects (description, goal_end_date, hard_deadline, name, start_date, id) 
    values
        (?, ?, ?, ?, ?, default)
Hibernate: 
    /* insert for
        org.frcpm.models.Project */insert 
    into
        projects (description, goal_end_date, hard_deadline, name, start_date, id) 
    values
        (?, ?, ?, ?, ?, default)
13:10:14.946 [main] DEBUG org.hibernate.orm.results - Initializer list is empty
13:10:14.946 [main] DEBUG org.hibernate.orm.results.loading - Calling top-level assembler (0 / 1) : org.hibernate.sql.results.graph.basic.BasicResultAssembler@53927d4c
13:10:14.946 [main] DEBUG org.hibernate.orm.results - Extracted JDBC value [0] - [2]
13:10:14.946 [main] DEBUG org.hibernate.id.IdentifierGeneratorHelper - Extracted generated values [org.frcpm.models.Project]: [Ljava.lang.Object;@4f0f76b4
13:10:14.947 [main] DEBUG org.hibernate.event.internal.AbstractFlushingEventListener - Processing flush-time cascades
13:10:14.947 [main] DEBUG org.hibernate.event.internal.AbstractFlushingEventListener - Dirty checking collections
13:10:14.947 [main] DEBUG org.hibernate.engine.internal.Collections - Collection found: [org.frcpm.models.Project.meetings#2], was: [<unreferenced>] (initialized)
13:10:14.947 [main] DEBUG org.hibernate.engine.internal.Collections - Collection found: [org.frcpm.models.Project.milestones#2], was: [<unreferenced>] (initialized)
13:10:14.947 [main] DEBUG org.hibernate.engine.internal.Collections - Collection found: [org.frcpm.models.Project.tasks#2], was: [<unreferenced>] (initialized)
13:10:14.947 [main] DEBUG org.hibernate.event.internal.AbstractFlushingEventListener - Flushed: 0 insertions, 0 updates, 0 deletions to 1 objects
13:10:14.947 [main] DEBUG org.hibernate.event.internal.AbstractFlushingEventListener - Flushed: 3 (re)creations, 0 updates, 0 removals to 3 collections
13:10:14.947 [main] DEBUG org.hibernate.internal.util.EntityPrinter - Listing entities:
13:10:14.947 [main] DEBUG org.hibernate.internal.util.EntityPrinter - org.frcpm.models.Project{hardDeadline=2025-06-20, name=Test Base Project 2, description=null, meetings=[], id=2, goalEndDate=2025-06-06, milestones=[], startDate=2025-04-18, tasks=[]}
13:10:14.947 [main] DEBUG org.hibernate.engine.transaction.internal.TransactionImpl - committing
13:10:14.947 [main] DEBUG org.hibernate.event.internal.AbstractFlushingEventListener - Processing flush-time cascades
13:10:14.947 [main] DEBUG org.hibernate.event.internal.AbstractFlushingEventListener - Dirty checking collections
13:10:14.947 [main] DEBUG org.hibernate.engine.internal.Collections - Collection found: [org.frcpm.models.Project.meetings#2], was: [org.frcpm.models.Project.meetings#2] (initialized)
13:10:14.947 [main] DEBUG org.hibernate.engine.internal.Collections - Collection found: [org.frcpm.models.Project.milestones#2], was: [org.frcpm.models.Project.milestones#2] (initialized)
13:10:14.947 [main] DEBUG org.hibernate.engine.internal.Collections - Collection found: [org.frcpm.models.Project.tasks#2], was: [org.frcpm.models.Project.tasks#2] (initialized)
13:10:14.947 [main] DEBUG org.hibernate.event.internal.AbstractFlushingEventListener - Flushed: 0 insertions, 0 updates, 0 deletions to 1 objects
13:10:14.947 [main] DEBUG org.hibernate.event.internal.AbstractFlushingEventListener - Flushed: 0 (re)creations, 0 updates, 0 removals to 3 collections
13:10:14.947 [main] DEBUG org.hibernate.internal.util.EntityPrinter - Listing entities:
13:10:14.947 [main] DEBUG org.hibernate.internal.util.EntityPrinter - org.frcpm.models.Project{hardDeadline=2025-06-20, name=Test Base Project 2, description=null, meetings=[], id=2, goalEndDate=2025-06-06, milestones=[], startDate=2025-04-18, tasks=[]}
13:10:14.947 [main] DEBUG org.hibernate.resource.jdbc.internal.LogicalConnectionManagedImpl - Initiating JDBC connection release from afterTransaction
13:10:14.947 [main] DEBUG org.hibernate.resource.jdbc.internal.LogicalConnectionManagedImpl - Initiating JDBC connection release from afterTransaction
13:10:14.948 [main] DEBUG org.hibernate.engine.transaction.internal.TransactionImpl - On TransactionImpl creation, JpaCompliance#isJpaTransactionComplianceEnabled == false
13:10:14.948 [main] DEBUG org.hibernate.engine.transaction.internal.TransactionImpl - begin
13:10:14.948 [main] DEBUG org.hibernate.engine.spi.ActionQueue - Executing identity-insert immediately
13:10:14.949 [main] DEBUG org.hibernate.SQL - 
    /* insert for
        org.frcpm.models.Project */insert 
    into
        projects (description, goal_end_date, hard_deadline, name, start_date, id) 
    values
        (?, ?, ?, ?, ?, default)
Hibernate: 
    /* insert for
        org.frcpm.models.Project */insert 
    into
        projects (description, goal_end_date, hard_deadline, name, start_date, id) 
    values
        (?, ?, ?, ?, ?, default)
13:10:14.949 [main] DEBUG org.hibernate.orm.results - Initializer list is empty
13:10:14.949 [main] DEBUG org.hibernate.orm.results.loading - Calling top-level assembler (0 / 1) : org.hibernate.sql.results.graph.basic.BasicResultAssembler@74440734
13:10:14.950 [main] DEBUG org.hibernate.orm.results - Extracted JDBC value [0] - [3]
13:10:14.950 [main] DEBUG org.hibernate.id.IdentifierGeneratorHelper - Extracted generated values [org.frcpm.models.Project]: [Ljava.lang.Object;@5b979374
13:10:14.950 [main] DEBUG org.hibernate.event.internal.AbstractFlushingEventListener - Processing flush-time cascades
13:10:14.950 [main] DEBUG org.hibernate.event.internal.AbstractFlushingEventListener - Dirty checking collections
13:10:14.950 [main] DEBUG org.hibernate.engine.internal.Collections - Collection found: [org.frcpm.models.Project.meetings#3], was: [<unreferenced>] (initialized)
13:10:14.950 [main] DEBUG org.hibernate.engine.internal.Collections - Collection found: [org.frcpm.models.Project.milestones#3], was: [<unreferenced>] (initialized)
13:10:14.950 [main] DEBUG org.hibernate.engine.internal.Collections - Collection found: [org.frcpm.models.Project.tasks#3], was: [<unreferenced>] (initialized)
13:10:14.950 [main] DEBUG org.hibernate.event.internal.AbstractFlushingEventListener - Flushed: 0 insertions, 0 updates, 0 deletions to 1 objects
13:10:14.950 [main] DEBUG org.hibernate.event.internal.AbstractFlushingEventListener - Flushed: 3 (re)creations, 0 updates, 0 removals to 3 collections
13:10:14.950 [main] DEBUG org.hibernate.internal.util.EntityPrinter - Listing entities:
13:10:14.950 [main] DEBUG org.hibernate.internal.util.EntityPrinter - org.frcpm.models.Project{hardDeadline=2025-05-23, name=Test Base Delete Project, description=null, meetings=[], id=3, goalEndDate=2025-05-09, milestones=[], startDate=2025-04-11, tasks=[]}
13:10:14.951 [main] DEBUG org.hibernate.engine.transaction.internal.TransactionImpl - committing
13:10:14.951 [main] DEBUG org.hibernate.event.internal.AbstractFlushingEventListener - Processing flush-time cascades
13:10:14.951 [main] DEBUG org.hibernate.event.internal.AbstractFlushingEventListener - Dirty checking collections
13:10:14.951 [main] DEBUG org.hibernate.engine.internal.Collections - Collection found: [org.frcpm.models.Project.meetings#3], was: [org.frcpm.models.Project.meetings#3] (initialized)
13:10:14.951 [main] DEBUG org.hibernate.engine.internal.Collections - Collection found: [org.frcpm.models.Project.milestones#3], was: [org.frcpm.models.Project.milestones#3] (initialized)
13:10:14.952 [main] DEBUG org.hibernate.engine.internal.Collections - Collection found: [org.frcpm.models.Project.tasks#3], was: [org.frcpm.models.Project.tasks#3] (initialized)
13:10:14.952 [main] DEBUG org.hibernate.event.internal.AbstractFlushingEventListener - Flushed: 0 insertions, 0 updates, 0 deletions to 1 objects
13:10:14.952 [main] DEBUG org.hibernate.event.internal.AbstractFlushingEventListener - Flushed: 0 (re)creations, 0 updates, 0 removals to 3 collections
13:10:14.952 [main] DEBUG org.hibernate.internal.util.EntityPrinter - Listing entities:
13:10:14.952 [main] DEBUG org.hibernate.internal.util.EntityPrinter - org.frcpm.models.Project{hardDeadline=2025-05-23, name=Test Base Delete Project, description=null, meetings=[], id=3, goalEndDate=2025-05-09, milestones=[], startDate=2025-04-11, tasks=[]}
13:10:14.953 [main] DEBUG org.hibernate.resource.jdbc.internal.LogicalConnectionManagedImpl - Initiating JDBC connection release from afterTransaction
13:10:14.953 [main] DEBUG org.hibernate.resource.jdbc.internal.LogicalConnectionManagedImpl - Initiating JDBC connection release from afterTransaction
13:10:14.953 [main] DEBUG org.hibernate.engine.transaction.internal.TransactionImpl - On TransactionImpl creation, JpaCompliance#isJpaTransactionComplianceEnabled == false
13:10:14.953 [main] DEBUG org.hibernate.engine.transaction.internal.TransactionImpl - begin
13:10:14.954 [main] DEBUG org.hibernate.orm.sql.ast.create - Created new SQL alias : p1_0
13:10:14.954 [main] DEBUG org.hibernate.orm.sql.ast.create - Registration of TableGroup [StandardTableGroup(org.frcpm.models.Project)] with identifierForTableGroup [org.frcpm.models.Project] for NavigablePath [org.frcpm.models.Project] 
13:10:14.954 [main] DEBUG org.hibernate.orm.sql.ast.create - Created new SQL alias : m1_0
13:10:14.954 [main] DEBUG org.hibernate.orm.sql.ast.create - Registration of TableGroup [org.hibernate.sql.ast.tree.from.OneToManyTableGroup@1cf5f1b2] with identifierForTableGroup [org.frcpm.models.Project.meetings] for NavigablePath [org.frcpm.models.Project.meetings] 
13:10:14.954 [main] DEBUG org.hibernate.orm.sql.ast.create - Registration of TableGroup [StandardTableGroup(org.frcpm.models.Project.meetings.{element})] with identifierForTableGroup [org.frcpm.models.Project.meetings.{element}] for NavigablePath [org.frcpm.models.Project.meetings.{element}] 
13:10:14.955 [main] DEBUG org.hibernate.orm.sql.ast.create - Registration of TableGroup [org.hibernate.sql.ast.tree.from.LazyTableGroup@7445448f] with identifierForTableGroup [org.frcpm.models.Project.meetings.{element}.project] for NavigablePath [org.frcpm.models.Project.meetings.{element}.project] 
13:10:14.955 [main] DEBUG org.hibernate.orm.results.graph.AST - DomainResult Graph:
 \-EntityResultImpl [org.frcpm.models.Project]
 |  +-BasicFetch [org.frcpm.models.Project.description]
 |  +-BasicFetch [org.frcpm.models.Project.goalEndDate]
 |  +-BasicFetch [org.frcpm.models.Project.hardDeadline]
 |  +-EagerCollectionFetch [org.frcpm.models.Project.meetings]
 |  |  \-EntityFetchJoinedImpl [org.frcpm.models.Project.meetings.{element}]
 |  +-SelectEagerCollectionFetch [org.frcpm.models.Project.milestones]
 |  +-BasicFetch [org.frcpm.models.Project.name]
 |  +-BasicFetch [org.frcpm.models.Project.startDate]
 |  \-SelectEagerCollectionFetch [org.frcpm.models.Project.tasks]

13:10:14.955 [main] DEBUG org.hibernate.orm.sql.ast.tree - SQL AST Tree:
    SelectStatement {
      FromClause {
        StandardTableGroup (p1 : org.frcpm.models.Project) {
          primaryTableReference : projects as p1_0
          TableGroupJoins {
            left  join OneToManyTableGroup (m1 : org.frcpm.models.Project.meetings) {
              primaryTableReference : meetings as m1_0
              TableGroupJoins {
                left  join LazyTableGroup (p2 : org.frcpm.models.Project.meetings.{element}.project) {
                }
              }
            }
          }
        }
      }
    }

13:10:14.955 [main] DEBUG org.hibernate.orm.sql.exec - Skipping reading Query result cache data: cache-enabled = false, cache-mode = IGNORE
13:10:14.955 [main] DEBUG org.hibernate.orm.results - Initializer list:
	  org.frcpm.models.Project.meetings -> BagInitializer(org.frcpm.models.Project.meetings)@1200073694 (PluralAttribute(org.frcpm.models.Project.meetings))
	  org.frcpm.models.Project.tasks -> SelectEagerCollectionInitializer(org.frcpm.models.Project.tasks)@1959574269 (PluralAttribute(org.frcpm.models.Project.tasks))
	  org.frcpm.models.Project.meetings.{element} -> EntityJoinedFetchInitializer(org.frcpm.models.Project.meetings.{element})@712239575 (EntityCollectionPart(org.frcpm.models.Project.meetings#{element})@1860154413)
	  org.frcpm.models.Project.meetings.{element}.attendances -> SelectEagerCollectionInitializer(org.frcpm.models.Project.meetings.{element}.attendances)@343686003 (PluralAttribute(org.frcpm.models.Meeting.attendances))
	  org.frcpm.models.Project -> EntityResultInitializer(org.frcpm.models.Project)@91648083 (SingleTableEntityPersister(org.frcpm.models.Project))
	  org.frcpm.models.Project.milestones -> SelectEagerCollectionInitializer(org.frcpm.models.Project.milestones)@813571195 (PluralAttribute(org.frcpm.models.Project.milestones))

13:10:14.955 [main] DEBUG org.hibernate.SQL - 
    select
        p1_0.id,
        p1_0.description,
        p1_0.goal_end_date,
        p1_0.hard_deadline,
        p1_0.name,
        p1_0.start_date,
        m1_0.project_id,
        m1_0.id,
        m1_0.date,
        m1_0.end_time,
        m1_0.notes,
        m1_0.start_time 
    from
        projects p1_0 
    left join
        meetings m1_0 
            on p1_0.id=m1_0.project_id 
    where
        p1_0.id=?
Hibernate: 
    select
        p1_0.id,
        p1_0.description,
        p1_0.goal_end_date,
        p1_0.hard_deadline,
        p1_0.name,
        p1_0.start_date,
        m1_0.project_id,
        m1_0.id,
        m1_0.date,
        m1_0.end_time,
        m1_0.notes,
        m1_0.start_time 
    from
        projects p1_0 
    left join
        meetings m1_0 
            on p1_0.id=m1_0.project_id 
    where
        p1_0.id=?
13:10:14.956 [main] DEBUG org.hibernate.orm.results.loading.entity - (EntityResultInitializer) Hydrated EntityKey (org.frcpm.models.Project): 3
13:10:14.956 [main] DEBUG org.hibernate.orm.results.loading.org.hibernate.orm.results.loading.collection - (BagInitializer) Current row collection key : org.frcpm.models.Project.meetings#3
13:10:14.957 [main] DEBUG org.hibernate.orm.results - Extracted JDBC value [6] - [null]
13:10:14.957 [main] DEBUG org.hibernate.orm.results - Extracted JDBC value [7] - [null]
13:10:14.957 [main] DEBUG org.hibernate.orm.results.loading.entity - (EntityJoinedFetchInitializer) EntityKey (org.frcpm.models.Project.meetings.{element}) is null
13:10:14.957 [main] DEBUG org.hibernate.orm.results.loading.org.hibernate.orm.results.loading.collection - (SelectEagerCollectionInitializer) Current row collection key : org.frcpm.models.Project.milestones#3
13:10:14.957 [main] DEBUG org.hibernate.orm.results.loading.org.hibernate.orm.results.loading.collection - (SelectEagerCollectionInitializer) Current row collection key : org.frcpm.models.Project.tasks#3
13:10:14.957 [main] DEBUG org.hibernate.orm.results.loading.entity - (EntityResultInitializer) Created new entity instance [org.frcpm.models.Project#3] : 1619246660
13:10:14.957 [main] DEBUG org.hibernate.orm.results.loading.org.hibernate.orm.results.loading.collection - (BagInitializer) Created new collection wrapper [org.frcpm.models.Project.meetings#3] : org.hibernate.collection.spi.PersistentBag@551484395
13:10:14.957 [main] DEBUG org.hibernate.orm.results.loading.org.hibernate.orm.results.loading.collection - (BagInitializer) Responsible for loading collection [org.frcpm.models.Project.meetings#3] : org.hibernate.collection.spi.PersistentBag@551484395
13:10:14.957 [main] DEBUG org.hibernate.orm.results - Extracted JDBC value [1] - [null]
13:10:14.957 [main] DEBUG org.hibernate.orm.results - Extracted JDBC value [2] - [2025-05-09]
13:10:14.957 [main] DEBUG org.hibernate.orm.results - Extracted JDBC value [3] - [2025-05-23]
13:10:14.957 [main] DEBUG org.hibernate.orm.results - Extracted JDBC value [4] - [Test Base Delete Project]
13:10:14.957 [main] DEBUG org.hibernate.orm.results - Extracted JDBC value [5] - [2025-04-11]
13:10:14.957 [main] DEBUG org.hibernate.orm.results.loading.entity - (EntityResultInitializer) Done materializing entityInstance : org.frcpm.models.Project#3
13:10:14.957 [main] DEBUG org.hibernate.orm.results.loading - Calling top-level assembler (0 / 1) : org.hibernate.sql.results.graph.entity.internal.EntityAssembler@38e0ccf3
13:10:14.957 [main] DEBUG org.hibernate.sql.results.internal.ResultsHelper - Collection fully initialized: [org.frcpm.models.Project.meetings#3]
13:10:14.957 [main] DEBUG org.hibernate.orm.sql.exec - Skipping reading Query result cache data: cache-enabled = false, cache-mode = IGNORE
13:10:14.958 [main] DEBUG org.hibernate.orm.results - Initializer list:
	  org.frcpm.models.Project.tasks.{element}.assignedTo -> DelayedCollectionInitializer(org.frcpm.models.Project.tasks.{element}.assignedTo)@1865841063 (PluralAttribute(org.frcpm.models.Task.assignedTo))
	  org.frcpm.models.Project.tasks.{element}.postDependencies -> DelayedCollectionInitializer(org.frcpm.models.Project.tasks.{element}.postDependencies)@1222710452 (PluralAttribute(org.frcpm.models.Task.postDependencies))
	  org.frcpm.models.Project.tasks.{element} -> EntityJoinedFetchInitializer(org.frcpm.models.Project.tasks.{element})@1828009511 (EntityCollectionPart(org.frcpm.models.Project.tasks#{element})@1389164574)
	  org.frcpm.models.Project.tasks.{element}.requiredComponents -> DelayedCollectionInitializer(org.frcpm.models.Project.tasks.{element}.requiredComponents)@250300577 (PluralAttribute(org.frcpm.models.Task.requiredComponents))
	  org.frcpm.models.Project.tasks.{element}.project -> EntityDelayedFetchInitializer(org.frcpm.models.Project.tasks.{element}.project)@1315940732 (ToOneAttributeMapping(NavigableRole[org.frcpm.models.Task.project])@191818392)
	  org.frcpm.models.Project.tasks.{element}.subsystem -> EntityDelayedFetchInitializer(org.frcpm.models.Project.tasks.{element}.subsystem)@1045950435 (ToOneAttributeMapping(NavigableRole[org.frcpm.models.Task.subsystem])@1781335752)
	  org.frcpm.models.Project.tasks.{element}.preDependencies -> DelayedCollectionInitializer(org.frcpm.models.Project.tasks.{element}.preDependencies)@1497003704 (PluralAttribute(org.frcpm.models.Task.preDependencies))
	  org.frcpm.models.Project.tasks -> BagInitializer(org.frcpm.models.Project.tasks)@628915501 (PluralAttribute(org.frcpm.models.Project.tasks))

13:10:14.958 [main] DEBUG org.hibernate.SQL - 
    select
        t1_0.project_id,
        t1_0.id,
        t1_0.actual_duration_seconds,
        t1_0.completed,
        t1_0.description,
        t1_0.end_date,
        t1_0.estimated_duration_seconds,
        t1_0.priority,
        t1_0.progress,
        t1_0.start_date,
        t1_0.subsystem_id,
        t1_0.title 
    from
        tasks t1_0 
    where
        t1_0.project_id=?
Hibernate: 
    select
        t1_0.project_id,
        t1_0.id,
        t1_0.actual_duration_seconds,
        t1_0.completed,
        t1_0.description,
        t1_0.end_date,
        t1_0.estimated_duration_seconds,
        t1_0.priority,
        t1_0.progress,
        t1_0.start_date,
        t1_0.subsystem_id,
        t1_0.title 
    from
        tasks t1_0 
    where
        t1_0.project_id=?
13:10:14.959 [main] DEBUG org.hibernate.sql.results.internal.ResultsHelper - Collection fully initialized: [org.frcpm.models.Project.tasks#3]
13:10:14.959 [main] DEBUG org.hibernate.orm.sql.exec - Skipping reading Query result cache data: cache-enabled = false, cache-mode = IGNORE
13:10:14.959 [main] DEBUG org.hibernate.orm.results - Initializer list:
	  org.frcpm.models.Project.milestones.{element}.project -> EntityDelayedFetchInitializer(org.frcpm.models.Project.milestones.{element}.project)@751419973 (ToOneAttributeMapping(NavigableRole[org.frcpm.models.Milestone.project])@1780111332)
	  org.frcpm.models.Project.milestones.{element} -> EntityJoinedFetchInitializer(org.frcpm.models.Project.milestones.{element})@1676815671 (EntityCollectionPart(org.frcpm.models.Project.milestones#{element})@570682932)
	  org.frcpm.models.Project.milestones -> BagInitializer(org.frcpm.models.Project.milestones)@1077595099 (PluralAttribute(org.frcpm.models.Project.milestones))

13:10:14.959 [main] DEBUG org.hibernate.SQL - 
    select
        m1_0.project_id,
        m1_0.id,
        m1_0.date,
        m1_0.description,
        m1_0.name 
    from
        milestones m1_0 
    where
        m1_0.project_id=?
Hibernate: 
    select
        m1_0.project_id,
        m1_0.id,
        m1_0.date,
        m1_0.description,
        m1_0.name 
    from
        milestones m1_0 
    where
        m1_0.project_id=?
13:10:14.959 [main] DEBUG org.hibernate.sql.results.internal.ResultsHelper - Collection fully initialized: [org.frcpm.models.Project.milestones#3]
13:10:14.960 [main] DEBUG org.hibernate.engine.spi.CollectionEntry - Reset storedSnapshot to [] for CollectionEntry[org.frcpm.models.Project.meetings#3]
13:10:14.960 [main] DEBUG org.hibernate.engine.spi.CollectionEntry - Reset storedSnapshot to [] for CollectionEntry[org.frcpm.models.Project.milestones#3]
13:10:14.960 [main] DEBUG org.hibernate.engine.spi.CollectionEntry - Reset storedSnapshot to [] for CollectionEntry[org.frcpm.models.Project.tasks#3]
13:10:14.960 [main] DEBUG org.hibernate.engine.transaction.internal.TransactionImpl - committing
13:10:14.960 [main] DEBUG org.hibernate.event.internal.AbstractFlushingEventListener - Processing flush-time cascades
13:10:14.960 [main] DEBUG org.hibernate.event.internal.AbstractFlushingEventListener - Dirty checking collections
13:10:14.960 [main] DEBUG org.hibernate.engine.internal.Collections - Collection dereferenced: [org.frcpm.models.Project.meetings#3]
13:10:14.960 [main] DEBUG org.hibernate.engine.internal.Collections - Collection dereferenced: [org.frcpm.models.Project.milestones#3]
13:10:14.960 [main] DEBUG org.hibernate.engine.internal.Collections - Collection dereferenced: [org.frcpm.models.Project.tasks#3]
13:10:14.960 [main] DEBUG org.hibernate.event.internal.AbstractFlushingEventListener - Flushed: 0 insertions, 0 updates, 1 deletions to 1 objects
13:10:14.960 [main] DEBUG org.hibernate.event.internal.AbstractFlushingEventListener - Flushed: 0 (re)creations, 0 updates, 3 removals to 3 collections
13:10:14.960 [main] DEBUG org.hibernate.internal.util.EntityPrinter - Listing entities:
13:10:14.960 [main] DEBUG org.hibernate.internal.util.EntityPrinter - org.frcpm.models.Project{hardDeadline=2025-05-23, name=Test Base Delete Project, description=null, meetings=[], id=3, goalEndDate=2025-05-09, milestones=[], startDate=2025-04-11, tasks=[]}
13:10:14.961 [main] DEBUG org.hibernate.SQL - 
    /* delete for org.frcpm.models.Project */delete 
    from
        projects 
    where
        id=?
Hibernate: 
    /* delete for org.frcpm.models.Project */delete 
    from
        projects 
    where
        id=?
13:10:14.961 [main] DEBUG org.hibernate.orm.jdbc.batch - PreparedStatementDetails did not contain PreparedStatement on #releaseStatements : /* delete for org.frcpm.models.Project */delete from projects where id=?
13:10:14.961 [main] DEBUG org.hibernate.orm.jdbc.batch - PreparedStatementDetails did not contain PreparedStatement on #releaseStatements : /* delete for org.frcpm.models.Project */delete from projects where id=?
13:10:14.961 [main] DEBUG org.hibernate.resource.jdbc.internal.LogicalConnectionManagedImpl - Initiating JDBC connection release from afterTransaction
13:10:14.961 [main] DEBUG org.hibernate.orm.jdbc.batch - PreparedStatementDetails did not contain PreparedStatement on #releaseStatements : /* delete for org.frcpm.models.Project */delete from projects where id=?
13:10:14.961 [main] DEBUG org.hibernate.orm.jdbc.batch - PreparedStatementDetails did not contain PreparedStatement on #releaseStatements : /* delete for org.frcpm.models.Project */delete from projects where id=?
13:10:14.961 [main] DEBUG org.hibernate.resource.jdbc.internal.LogicalConnectionManagedImpl - Initiating JDBC connection release from afterTransaction
13:10:14.961 [main] DEBUG org.hibernate.engine.jdbc.internal.JdbcCoordinatorImpl - HHH000420: Closing un-released batch
13:10:14.961 [main] DEBUG org.hibernate.orm.jdbc.batch - PreparedStatementDetails did not contain PreparedStatement on #releaseStatements : /* delete for org.frcpm.models.Project */delete from projects where id=?
13:10:14.961 [main] DEBUG org.hibernate.orm.jdbc.batch - PreparedStatementDetails did not contain PreparedStatement on #releaseStatements : /* delete for org.frcpm.models.Project */delete from projects where id=?
13:10:14.961 [main] DEBUG org.hibernate.orm.sql.exec - Skipping reading Query result cache data: cache-enabled = false, cache-mode = IGNORE
13:10:14.961 [main] DEBUG org.hibernate.orm.results - Initializer list:
	  org.frcpm.models.Project.meetings -> DelayedCollectionInitializer(org.frcpm.models.Project.meetings)@569593074 (PluralAttribute(org.frcpm.models.Project.meetings))
	  org.frcpm.models.Project.tasks -> DelayedCollectionInitializer(org.frcpm.models.Project.tasks)@1637752042 (PluralAttribute(org.frcpm.models.Project.tasks))
	  org.frcpm.models.Project -> EntityResultInitializer(org.frcpm.models.Project)@455971320 (SingleTableEntityPersister(org.frcpm.models.Project))
	  org.frcpm.models.Project.milestones -> DelayedCollectionInitializer(org.frcpm.models.Project.milestones)@637309098 (PluralAttribute(org.frcpm.models.Project.milestones))

13:10:14.961 [main] DEBUG org.hibernate.SQL - 
    select
        p1_0.id,
        p1_0.description,
        p1_0.goal_end_date,
        p1_0.hard_deadline,
        p1_0.name,
        p1_0.start_date 
    from
        projects p1_0 
    where
        p1_0.id=?
Hibernate: 
    select
        p1_0.id,
        p1_0.description,
        p1_0.goal_end_date,
        p1_0.hard_deadline,
        p1_0.name,
        p1_0.start_date 
    from
        projects p1_0 
    where
        p1_0.id=?
13:10:14.962 [main] DEBUG org.hibernate.resource.jdbc.internal.LogicalConnectionManagedImpl - Initiating JDBC connection release from afterTransaction
13:10:14.962 [main] DEBUG org.hibernate.orm.sql.ast.create - Created new SQL alias : p1_0
13:10:14.962 [main] DEBUG org.hibernate.orm.sql.ast.create - Registration of TableGroup [StandardTableGroup(org.frcpm.models.Project(22704179154000))] with identifierForTableGroup [org.frcpm.models.Project] for NavigablePath [org.frcpm.models.Project] 
13:10:14.962 [main] DEBUG org.hibernate.orm.results.graph.AST - DomainResult Graph:
 \-EntityResultImpl [org.frcpm.models.Project(22704179154000)]
 |  +-BasicFetch [org.frcpm.models.Project(22704179154000).description]
 |  +-BasicFetch [org.frcpm.models.Project(22704179154000).goalEndDate]
 |  +-BasicFetch [org.frcpm.models.Project(22704179154000).hardDeadline]
 |  +-DelayedCollectionFetch [org.frcpm.models.Project(22704179154000).meetings]
 |  +-DelayedCollectionFetch [org.frcpm.models.Project(22704179154000).milestones]
 |  +-BasicFetch [org.frcpm.models.Project(22704179154000).name]
 |  +-BasicFetch [org.frcpm.models.Project(22704179154000).startDate]
 |  \-DelayedCollectionFetch [org.frcpm.models.Project(22704179154000).tasks]

13:10:14.962 [main] DEBUG org.hibernate.orm.sql.ast.tree - SQL AST Tree:
    SelectStatement {
      FromClause {
        StandardTableGroup (p1 : org.frcpm.models.Project(22704179154000)) {
          primaryTableReference : projects as p1_0
        }
      }
    }

13:10:14.963 [main] DEBUG org.hibernate.orm.sql.exec - Skipping reading Query result cache data: cache-enabled = false, cache-mode = NORMAL
13:10:14.963 [main] DEBUG org.hibernate.orm.results - Initializer list:
	  org.frcpm.models.Project(22704179154000) -> EntityResultInitializer(org.frcpm.models.Project(22704179154000))@1643892896 (SingleTableEntityPersister(org.frcpm.models.Project))
	  org.frcpm.models.Project(22704179154000).meetings -> DelayedCollectionInitializer(org.frcpm.models.Project(22704179154000).meetings)@1842493231 (PluralAttribute(org.frcpm.models.Project.meetings))
	  org.frcpm.models.Project(22704179154000).milestones -> DelayedCollectionInitializer(org.frcpm.models.Project(22704179154000).milestones)@1960108601 (PluralAttribute(org.frcpm.models.Project.milestones))
	  org.frcpm.models.Project(22704179154000).tasks -> DelayedCollectionInitializer(org.frcpm.models.Project(22704179154000).tasks)@1955797074 (PluralAttribute(org.frcpm.models.Project.tasks))

13:10:14.963 [main] DEBUG org.hibernate.SQL - 
    /* <criteria> */ select
        p1_0.id,
        p1_0.description,
        p1_0.goal_end_date,
        p1_0.hard_deadline,
        p1_0.name,
        p1_0.start_date 
    from
        projects p1_0
Hibernate: 
    /* <criteria> */ select
        p1_0.id,
        p1_0.description,
        p1_0.goal_end_date,
        p1_0.hard_deadline,
        p1_0.name,
        p1_0.start_date 
    from
        projects p1_0
13:10:14.963 [main] DEBUG org.hibernate.orm.results - Extracted JDBC value [0] - [1]
13:10:14.963 [main] DEBUG org.hibernate.orm.results.loading.entity - (EntityResultInitializer) Hydrated EntityKey (org.frcpm.models.Project(22704179154000)): 1
13:10:14.963 [main] DEBUG org.hibernate.orm.results.loading.org.hibernate.orm.results.loading.collection - (DelayedCollectionInitializer) Current row collection key : org.frcpm.models.Project(22704179154000).meetings#1
13:10:14.963 [main] DEBUG org.hibernate.orm.results.loading.org.hibernate.orm.results.loading.collection - (DelayedCollectionInitializer) Current row collection key : org.frcpm.models.Project(22704179154000).milestones#1
13:10:14.963 [main] DEBUG org.hibernate.orm.results.loading.org.hibernate.orm.results.loading.collection - (DelayedCollectionInitializer) Current row collection key : org.frcpm.models.Project(22704179154000).tasks#1
13:10:14.963 [main] DEBUG org.hibernate.orm.results.loading.entity - (EntityResultInitializer) Created new entity instance [org.frcpm.models.Project(22704179154000)#1] : 1683188801
13:10:14.963 [main] DEBUG org.hibernate.orm.results - Extracted JDBC value [1] - [null]
13:10:14.963 [main] DEBUG org.hibernate.orm.results - Extracted JDBC value [2] - [2025-05-23]
13:10:14.963 [main] DEBUG org.hibernate.orm.results - Extracted JDBC value [3] - [2025-06-06]
13:10:14.963 [main] DEBUG org.hibernate.orm.results - Extracted JDBC value [4] - [Test Base Project 1]
13:10:14.963 [main] DEBUG org.hibernate.orm.results - Extracted JDBC value [5] - [2025-04-11]
13:10:14.963 [main] DEBUG org.hibernate.orm.results.loading.entity - (EntityResultInitializer) Done materializing entityInstance : org.frcpm.models.Project(22704179154000)#1
13:10:14.963 [main] DEBUG org.hibernate.orm.results.loading - Calling top-level assembler (0 / 1) : org.hibernate.sql.results.graph.entity.internal.EntityAssembler@321aecb0
13:10:14.963 [main] DEBUG org.hibernate.orm.results - Extracted JDBC value [0] - [2]
13:10:14.963 [main] DEBUG org.hibernate.orm.results.loading.entity - (EntityResultInitializer) Hydrated EntityKey (org.frcpm.models.Project(22704179154000)): 2
13:10:14.963 [main] DEBUG org.hibernate.orm.results.loading.org.hibernate.orm.results.loading.collection - (DelayedCollectionInitializer) Current row collection key : org.frcpm.models.Project(22704179154000).meetings#2
13:10:14.963 [main] DEBUG org.hibernate.orm.results.loading.org.hibernate.orm.results.loading.collection - (DelayedCollectionInitializer) Current row collection key : org.frcpm.models.Project(22704179154000).milestones#2
13:10:14.963 [main] DEBUG org.hibernate.orm.results.loading.org.hibernate.orm.results.loading.collection - (DelayedCollectionInitializer) Current row collection key : org.frcpm.models.Project(22704179154000).tasks#2
13:10:14.963 [main] DEBUG org.hibernate.orm.results.loading.entity - (EntityResultInitializer) Created new entity instance [org.frcpm.models.Project(22704179154000)#2] : 1338109379
13:10:14.963 [main] DEBUG org.hibernate.orm.results - Extracted JDBC value [1] - [null]
13:10:14.964 [main] DEBUG org.hibernate.orm.results - Extracted JDBC value [2] - [2025-06-06]
13:10:14.964 [main] DEBUG org.hibernate.orm.results - Extracted JDBC value [3] - [2025-06-20]
13:10:14.964 [main] DEBUG org.hibernate.orm.results - Extracted JDBC value [4] - [Test Base Project 2]
13:10:14.964 [main] DEBUG org.hibernate.orm.results - Extracted JDBC value [5] - [2025-04-18]
13:10:14.964 [main] DEBUG org.hibernate.orm.results.loading.entity - (EntityResultInitializer) Done materializing entityInstance : org.frcpm.models.Project(22704179154000)#2
13:10:14.964 [main] DEBUG org.hibernate.orm.results.loading - Calling top-level assembler (0 / 1) : org.hibernate.sql.results.graph.entity.internal.EntityAssembler@321aecb0
13:10:14.964 [main] DEBUG org.hibernate.resource.jdbc.internal.LogicalConnectionManagedImpl - Initiating JDBC connection release from afterTransaction
13:10:14.964 [main] DEBUG org.hibernate.resource.jdbc.internal.LogicalConnectionManagedImpl - Initiating JDBC connection release from afterTransaction
13:10:14.964 [main] DEBUG org.hibernate.engine.transaction.internal.TransactionImpl - On TransactionImpl creation, JpaCompliance#isJpaTransactionComplianceEnabled == false
13:10:14.964 [main] DEBUG org.hibernate.engine.transaction.internal.TransactionImpl - begin
13:10:14.964 [main] DEBUG org.hibernate.orm.sql.exec - Skipping reading Query result cache data: cache-enabled = false, cache-mode = IGNORE
13:10:14.964 [main] DEBUG org.hibernate.orm.results - Initializer list:
	  org.frcpm.models.Project.meetings -> BagInitializer(org.frcpm.models.Project.meetings)@1820099712 (PluralAttribute(org.frcpm.models.Project.meetings))
	  org.frcpm.models.Project.tasks -> SelectEagerCollectionInitializer(org.frcpm.models.Project.tasks)@1863311647 (PluralAttribute(org.frcpm.models.Project.tasks))
	  org.frcpm.models.Project.meetings.{element} -> EntityJoinedFetchInitializer(org.frcpm.models.Project.meetings.{element})@1754264126 (EntityCollectionPart(org.frcpm.models.Project.meetings#{element})@1860154413)
	  org.frcpm.models.Project.meetings.{element}.attendances -> SelectEagerCollectionInitializer(org.frcpm.models.Project.meetings.{element}.attendances)@1526160992 (PluralAttribute(org.frcpm.models.Meeting.attendances))
	  org.frcpm.models.Project -> EntityResultInitializer(org.frcpm.models.Project)@1386711354 (SingleTableEntityPersister(org.frcpm.models.Project))
	  org.frcpm.models.Project.milestones -> SelectEagerCollectionInitializer(org.frcpm.models.Project.milestones)@1118870888 (PluralAttribute(org.frcpm.models.Project.milestones))

13:10:14.964 [main] DEBUG org.hibernate.SQL - 
    select
        p1_0.id,
        p1_0.description,
        p1_0.goal_end_date,
        p1_0.hard_deadline,
        p1_0.name,
        p1_0.start_date,
        m1_0.project_id,
        m1_0.id,
        m1_0.date,
        m1_0.end_time,
        m1_0.notes,
        m1_0.start_time 
    from
        projects p1_0 
    left join
        meetings m1_0 
            on p1_0.id=m1_0.project_id 
    where
        p1_0.id=?
Hibernate: 
    select
        p1_0.id,
        p1_0.description,
        p1_0.goal_end_date,
        p1_0.hard_deadline,
        p1_0.name,
        p1_0.start_date,
        m1_0.project_id,
        m1_0.id,
        m1_0.date,
        m1_0.end_time,
        m1_0.notes,
        m1_0.start_time 
    from
        projects p1_0 
    left join
        meetings m1_0 
            on p1_0.id=m1_0.project_id 
    where
        p1_0.id=?
13:10:14.965 [main] DEBUG org.hibernate.orm.results.loading.entity - (EntityResultInitializer) Hydrated EntityKey (org.frcpm.models.Project): 1
13:10:14.965 [main] DEBUG org.hibernate.orm.results.loading.org.hibernate.orm.results.loading.collection - (BagInitializer) Current row collection key : org.frcpm.models.Project.meetings#1
13:10:14.965 [main] DEBUG org.hibernate.orm.results - Extracted JDBC value [6] - [null]
13:10:14.965 [main] DEBUG org.hibernate.orm.results - Extracted JDBC value [7] - [null]
13:10:14.965 [main] DEBUG org.hibernate.orm.results.loading.entity - (EntityJoinedFetchInitializer) EntityKey (org.frcpm.models.Project.meetings.{element}) is null
13:10:14.965 [main] DEBUG org.hibernate.orm.results.loading.org.hibernate.orm.results.loading.collection - (SelectEagerCollectionInitializer) Current row collection key : org.frcpm.models.Project.milestones#1
13:10:14.965 [main] DEBUG org.hibernate.orm.results.loading.org.hibernate.orm.results.loading.collection - (SelectEagerCollectionInitializer) Current row collection key : org.frcpm.models.Project.tasks#1
13:10:14.965 [main] DEBUG org.hibernate.orm.results.loading.entity - (EntityResultInitializer) Created new entity instance [org.frcpm.models.Project#1] : 1532852291
13:10:14.965 [main] DEBUG org.hibernate.orm.results.loading.org.hibernate.orm.results.loading.collection - (BagInitializer) Created new collection wrapper [org.frcpm.models.Project.meetings#1] : org.hibernate.collection.spi.PersistentBag@499185053
13:10:14.965 [main] DEBUG org.hibernate.orm.results.loading.org.hibernate.orm.results.loading.collection - (BagInitializer) Responsible for loading collection [org.frcpm.models.Project.meetings#1] : org.hibernate.collection.spi.PersistentBag@499185053
13:10:14.965 [main] DEBUG org.hibernate.orm.results - Extracted JDBC value [1] - [null]
13:10:14.965 [main] DEBUG org.hibernate.orm.results - Extracted JDBC value [2] - [2025-05-23]
13:10:14.965 [main] DEBUG org.hibernate.orm.results - Extracted JDBC value [3] - [2025-06-06]
13:10:14.965 [main] DEBUG org.hibernate.orm.results - Extracted JDBC value [4] - [Test Base Project 1]
13:10:14.965 [main] DEBUG org.hibernate.orm.results - Extracted JDBC value [5] - [2025-04-11]
13:10:14.965 [main] DEBUG org.hibernate.orm.results.loading.entity - (EntityResultInitializer) Done materializing entityInstance : org.frcpm.models.Project#1
13:10:14.965 [main] DEBUG org.hibernate.orm.results.loading - Calling top-level assembler (0 / 1) : org.hibernate.sql.results.graph.entity.internal.EntityAssembler@6fcd6a7e
13:10:14.965 [main] DEBUG org.hibernate.sql.results.internal.ResultsHelper - Collection fully initialized: [org.frcpm.models.Project.meetings#1]
13:10:14.965 [main] DEBUG org.hibernate.orm.sql.exec - Skipping reading Query result cache data: cache-enabled = false, cache-mode = IGNORE
13:10:14.965 [main] DEBUG org.hibernate.orm.results - Initializer list:
	  org.frcpm.models.Project.tasks.{element}.assignedTo -> DelayedCollectionInitializer(org.frcpm.models.Project.tasks.{element}.assignedTo)@1966802439 (PluralAttribute(org.frcpm.models.Task.assignedTo))
	  org.frcpm.models.Project.tasks.{element}.postDependencies -> DelayedCollectionInitializer(org.frcpm.models.Project.tasks.{element}.postDependencies)@824323040 (PluralAttribute(org.frcpm.models.Task.postDependencies))
	  org.frcpm.models.Project.tasks.{element} -> EntityJoinedFetchInitializer(org.frcpm.models.Project.tasks.{element})@2055126259 (EntityCollectionPart(org.frcpm.models.Project.tasks#{element})@1389164574)
	  org.frcpm.models.Project.tasks.{element}.requiredComponents -> DelayedCollectionInitializer(org.frcpm.models.Project.tasks.{element}.requiredComponents)@2120525656 (PluralAttribute(org.frcpm.models.Task.requiredComponents))
	  org.frcpm.models.Project.tasks.{element}.project -> EntityDelayedFetchInitializer(org.frcpm.models.Project.tasks.{element}.project)@1405263277 (ToOneAttributeMapping(NavigableRole[org.frcpm.models.Task.project])@191818392)
	  org.frcpm.models.Project.tasks.{element}.subsystem -> EntityDelayedFetchInitializer(org.frcpm.models.Project.tasks.{element}.subsystem)@1931464990 (ToOneAttributeMapping(NavigableRole[org.frcpm.models.Task.subsystem])@1781335752)
	  org.frcpm.models.Project.tasks.{element}.preDependencies -> DelayedCollectionInitializer(org.frcpm.models.Project.tasks.{element}.preDependencies)@2089378474 (PluralAttribute(org.frcpm.models.Task.preDependencies))
	  org.frcpm.models.Project.tasks -> BagInitializer(org.frcpm.models.Project.tasks)@663507972 (PluralAttribute(org.frcpm.models.Project.tasks))

13:10:14.965 [main] DEBUG org.hibernate.SQL - 
    select
        t1_0.project_id,
        t1_0.id,
        t1_0.actual_duration_seconds,
        t1_0.completed,
        t1_0.description,
        t1_0.end_date,
        t1_0.estimated_duration_seconds,
        t1_0.priority,
        t1_0.progress,
        t1_0.start_date,
        t1_0.subsystem_id,
        t1_0.title 
    from
        tasks t1_0 
    where
        t1_0.project_id=?
Hibernate: 
    select
        t1_0.project_id,
        t1_0.id,
        t1_0.actual_duration_seconds,
        t1_0.completed,
        t1_0.description,
        t1_0.end_date,
        t1_0.estimated_duration_seconds,
        t1_0.priority,
        t1_0.progress,
        t1_0.start_date,
        t1_0.subsystem_id,
        t1_0.title 
    from
        tasks t1_0 
    where
        t1_0.project_id=?
13:10:14.965 [main] DEBUG org.hibernate.sql.results.internal.ResultsHelper - Collection fully initialized: [org.frcpm.models.Project.tasks#1]
13:10:14.965 [main] DEBUG org.hibernate.orm.sql.exec - Skipping reading Query result cache data: cache-enabled = false, cache-mode = IGNORE
13:10:14.965 [main] DEBUG org.hibernate.orm.results - Initializer list:
	  org.frcpm.models.Project.milestones.{element}.project -> EntityDelayedFetchInitializer(org.frcpm.models.Project.milestones.{element}.project)@1523942313 (ToOneAttributeMapping(NavigableRole[org.frcpm.models.Milestone.project])@1780111332)
	  org.frcpm.models.Project.milestones.{element} -> EntityJoinedFetchInitializer(org.frcpm.models.Project.milestones.{element})@532467843 (EntityCollectionPart(org.frcpm.models.Project.milestones#{element})@570682932)
	  org.frcpm.models.Project.milestones -> BagInitializer(org.frcpm.models.Project.milestones)@1531510843 (PluralAttribute(org.frcpm.models.Project.milestones))

13:10:14.965 [main] DEBUG org.hibernate.SQL - 
    select
        m1_0.project_id,
        m1_0.id,
        m1_0.date,
        m1_0.description,
        m1_0.name 
    from
        milestones m1_0 
    where
        m1_0.project_id=?
Hibernate: 
    select
        m1_0.project_id,
        m1_0.id,
        m1_0.date,
        m1_0.description,
        m1_0.name 
    from
        milestones m1_0 
    where
        m1_0.project_id=?
13:10:14.966 [main] DEBUG org.hibernate.sql.results.internal.ResultsHelper - Collection fully initialized: [org.frcpm.models.Project.milestones#1]
13:10:14.966 [main] DEBUG org.hibernate.engine.transaction.internal.TransactionImpl - committing
13:10:14.966 [main] DEBUG org.hibernate.event.internal.AbstractFlushingEventListener - Processing flush-time cascades
13:10:14.966 [main] DEBUG org.hibernate.event.internal.AbstractFlushingEventListener - Dirty checking collections
13:10:14.966 [main] DEBUG org.hibernate.engine.internal.Collections - Collection dereferenced: [org.frcpm.models.Project.meetings#1]
13:10:14.966 [main] DEBUG org.hibernate.engine.internal.Collections - Collection dereferenced: [org.frcpm.models.Project.milestones#1]
13:10:14.966 [main] DEBUG org.hibernate.engine.internal.Collections - Collection dereferenced: [org.frcpm.models.Project.tasks#1]
13:10:14.966 [main] DEBUG org.hibernate.event.internal.AbstractFlushingEventListener - Flushed: 0 insertions, 0 updates, 1 deletions to 1 objects
13:10:14.966 [main] DEBUG org.hibernate.event.internal.AbstractFlushingEventListener - Flushed: 0 (re)creations, 0 updates, 3 removals to 3 collections
13:10:14.966 [main] DEBUG org.hibernate.internal.util.EntityPrinter - Listing entities:
13:10:14.966 [main] DEBUG org.hibernate.internal.util.EntityPrinter - org.frcpm.models.Project{hardDeadline=2025-06-06, name=Test Base Project 1, description=null, meetings=[], id=1, goalEndDate=2025-05-23, milestones=[], startDate=2025-04-11, tasks=[]}
13:10:14.966 [main] DEBUG org.hibernate.SQL - 
    /* delete for org.frcpm.models.Project */delete 
    from
        projects 
    where
        id=?
Hibernate: 
    /* delete for org.frcpm.models.Project */delete 
    from
        projects 
    where
        id=?
13:10:14.966 [main] DEBUG org.hibernate.orm.jdbc.batch - PreparedStatementDetails did not contain PreparedStatement on #releaseStatements : /* delete for org.frcpm.models.Project */delete from projects where id=?
13:10:14.966 [main] DEBUG org.hibernate.orm.jdbc.batch - PreparedStatementDetails did not contain PreparedStatement on #releaseStatements : /* delete for org.frcpm.models.Project */delete from projects where id=?
13:10:14.966 [main] DEBUG org.hibernate.resource.jdbc.internal.LogicalConnectionManagedImpl - Initiating JDBC connection release from afterTransaction
13:10:14.966 [main] DEBUG org.hibernate.orm.jdbc.batch - PreparedStatementDetails did not contain PreparedStatement on #releaseStatements : /* delete for org.frcpm.models.Project */delete from projects where id=?
13:10:14.966 [main] DEBUG org.hibernate.orm.jdbc.batch - PreparedStatementDetails did not contain PreparedStatement on #releaseStatements : /* delete for org.frcpm.models.Project */delete from projects where id=?
13:10:14.966 [main] DEBUG org.hibernate.resource.jdbc.internal.LogicalConnectionManagedImpl - Initiating JDBC connection release from afterTransaction
13:10:14.966 [main] DEBUG org.hibernate.engine.jdbc.internal.JdbcCoordinatorImpl - HHH000420: Closing un-released batch
13:10:14.966 [main] DEBUG org.hibernate.orm.jdbc.batch - PreparedStatementDetails did not contain PreparedStatement on #releaseStatements : /* delete for org.frcpm.models.Project */delete from projects where id=?
13:10:14.966 [main] DEBUG org.hibernate.orm.jdbc.batch - PreparedStatementDetails did not contain PreparedStatement on #releaseStatements : /* delete for org.frcpm.models.Project */delete from projects where id=?
13:10:14.966 [main] DEBUG org.hibernate.engine.transaction.internal.TransactionImpl - On TransactionImpl creation, JpaCompliance#isJpaTransactionComplianceEnabled == false
13:10:14.966 [main] DEBUG org.hibernate.engine.transaction.internal.TransactionImpl - begin
13:10:14.967 [main] DEBUG org.hibernate.orm.sql.exec - Skipping reading Query result cache data: cache-enabled = false, cache-mode = IGNORE
13:10:14.967 [main] DEBUG org.hibernate.orm.results - Initializer list:
	  org.frcpm.models.Project.meetings -> BagInitializer(org.frcpm.models.Project.meetings)@1535886619 (PluralAttribute(org.frcpm.models.Project.meetings))
	  org.frcpm.models.Project.tasks -> SelectEagerCollectionInitializer(org.frcpm.models.Project.tasks)@1637263399 (PluralAttribute(org.frcpm.models.Project.tasks))
	  org.frcpm.models.Project.meetings.{element} -> EntityJoinedFetchInitializer(org.frcpm.models.Project.meetings.{element})@1575949180 (EntityCollectionPart(org.frcpm.models.Project.meetings#{element})@1860154413)
	  org.frcpm.models.Project.meetings.{element}.attendances -> SelectEagerCollectionInitializer(org.frcpm.models.Project.meetings.{element}.attendances)@395473919 (PluralAttribute(org.frcpm.models.Meeting.attendances))
	  org.frcpm.models.Project -> EntityResultInitializer(org.frcpm.models.Project)@313839371 (SingleTableEntityPersister(org.frcpm.models.Project))
	  org.frcpm.models.Project.milestones -> SelectEagerCollectionInitializer(org.frcpm.models.Project.milestones)@1178049258 (PluralAttribute(org.frcpm.models.Project.milestones))

13:10:14.967 [main] DEBUG org.hibernate.SQL - 
    select
        p1_0.id,
        p1_0.description,
        p1_0.goal_end_date,
        p1_0.hard_deadline,
        p1_0.name,
        p1_0.start_date,
        m1_0.project_id,
        m1_0.id,
        m1_0.date,
        m1_0.end_time,
        m1_0.notes,
        m1_0.start_time 
    from
        projects p1_0 
    left join
        meetings m1_0 
            on p1_0.id=m1_0.project_id 
    where
        p1_0.id=?
Hibernate: 
    select
        p1_0.id,
        p1_0.description,
        p1_0.goal_end_date,
        p1_0.hard_deadline,
        p1_0.name,
        p1_0.start_date,
        m1_0.project_id,
        m1_0.id,
        m1_0.date,
        m1_0.end_time,
        m1_0.notes,
        m1_0.start_time 
    from
        projects p1_0 
    left join
        meetings m1_0 
            on p1_0.id=m1_0.project_id 
    where
        p1_0.id=?
13:10:14.967 [main] DEBUG org.hibernate.orm.results.loading.entity - (EntityResultInitializer) Hydrated EntityKey (org.frcpm.models.Project): 2
13:10:14.967 [main] DEBUG org.hibernate.orm.results.loading.org.hibernate.orm.results.loading.collection - (BagInitializer) Current row collection key : org.frcpm.models.Project.meetings#2
13:10:14.967 [main] DEBUG org.hibernate.orm.results - Extracted JDBC value [6] - [null]
13:10:14.967 [main] DEBUG org.hibernate.orm.results - Extracted JDBC value [7] - [null]
13:10:14.967 [main] DEBUG org.hibernate.orm.results.loading.entity - (EntityJoinedFetchInitializer) EntityKey (org.frcpm.models.Project.meetings.{element}) is null
13:10:14.967 [main] DEBUG org.hibernate.orm.results.loading.org.hibernate.orm.results.loading.collection - (SelectEagerCollectionInitializer) Current row collection key : org.frcpm.models.Project.milestones#2
13:10:14.967 [main] DEBUG org.hibernate.orm.results.loading.org.hibernate.orm.results.loading.collection - (SelectEagerCollectionInitializer) Current row collection key : org.frcpm.models.Project.tasks#2
13:10:14.967 [main] DEBUG org.hibernate.orm.results.loading.entity - (EntityResultInitializer) Created new entity instance [org.frcpm.models.Project#2] : 1402456282
13:10:14.967 [main] DEBUG org.hibernate.orm.results.loading.org.hibernate.orm.results.loading.collection - (BagInitializer) Created new collection wrapper [org.frcpm.models.Project.meetings#2] : org.hibernate.collection.spi.PersistentBag@688781448
13:10:14.967 [main] DEBUG org.hibernate.orm.results.loading.org.hibernate.orm.results.loading.collection - (BagInitializer) Responsible for loading collection [org.frcpm.models.Project.meetings#2] : org.hibernate.collection.spi.PersistentBag@688781448
13:10:14.968 [main] DEBUG org.hibernate.orm.results - Extracted JDBC value [1] - [null]
13:10:14.968 [main] DEBUG org.hibernate.orm.results - Extracted JDBC value [2] - [2025-06-06]
13:10:14.968 [main] DEBUG org.hibernate.orm.results - Extracted JDBC value [3] - [2025-06-20]
13:10:14.968 [main] DEBUG org.hibernate.orm.results - Extracted JDBC value [4] - [Test Base Project 2]
13:10:14.968 [main] DEBUG org.hibernate.orm.results - Extracted JDBC value [5] - [2025-04-18]
13:10:14.968 [main] DEBUG org.hibernate.orm.results.loading.entity - (EntityResultInitializer) Done materializing entityInstance : org.frcpm.models.Project#2
13:10:14.968 [main] DEBUG org.hibernate.orm.results.loading - Calling top-level assembler (0 / 1) : org.hibernate.sql.results.graph.entity.internal.EntityAssembler@ca024d8
13:10:14.968 [main] DEBUG org.hibernate.sql.results.internal.ResultsHelper - Collection fully initialized: [org.frcpm.models.Project.meetings#2]
13:10:14.969 [main] DEBUG org.hibernate.orm.sql.exec - Skipping reading Query result cache data: cache-enabled = false, cache-mode = IGNORE
13:10:14.969 [main] DEBUG org.hibernate.orm.results - Initializer list:
	  org.frcpm.models.Project.tasks.{element}.assignedTo -> DelayedCollectionInitializer(org.frcpm.models.Project.tasks.{element}.assignedTo)@1253004412 (PluralAttribute(org.frcpm.models.Task.assignedTo))
	  org.frcpm.models.Project.tasks.{element}.postDependencies -> DelayedCollectionInitializer(org.frcpm.models.Project.tasks.{element}.postDependencies)@431063997 (PluralAttribute(org.frcpm.models.Task.postDependencies))
	  org.frcpm.models.Project.tasks.{element} -> EntityJoinedFetchInitializer(org.frcpm.models.Project.tasks.{element})@522366107 (EntityCollectionPart(org.frcpm.models.Project.tasks#{element})@1389164574)
	  org.frcpm.models.Project.tasks.{element}.requiredComponents -> DelayedCollectionInitializer(org.frcpm.models.Project.tasks.{element}.requiredComponents)@313118019 (PluralAttribute(org.frcpm.models.Task.requiredComponents))
	  org.frcpm.models.Project.tasks.{element}.project -> EntityDelayedFetchInitializer(org.frcpm.models.Project.tasks.{element}.project)@571832286 (ToOneAttributeMapping(NavigableRole[org.frcpm.models.Task.project])@191818392)
	  org.frcpm.models.Project.tasks.{element}.subsystem -> EntityDelayedFetchInitializer(org.frcpm.models.Project.tasks.{element}.subsystem)@934061130 (ToOneAttributeMapping(NavigableRole[org.frcpm.models.Task.subsystem])@1781335752)
	  org.frcpm.models.Project.tasks.{element}.preDependencies -> DelayedCollectionInitializer(org.frcpm.models.Project.tasks.{element}.preDependencies)@1038123088 (PluralAttribute(org.frcpm.models.Task.preDependencies))
	  org.frcpm.models.Project.tasks -> BagInitializer(org.frcpm.models.Project.tasks)@1635746170 (PluralAttribute(org.frcpm.models.Project.tasks))

13:10:14.970 [main] DEBUG org.hibernate.SQL - 
    select
        t1_0.project_id,
        t1_0.id,
        t1_0.actual_duration_seconds,
        t1_0.completed,
        t1_0.description,
        t1_0.end_date,
        t1_0.estimated_duration_seconds,
        t1_0.priority,
        t1_0.progress,
        t1_0.start_date,
        t1_0.subsystem_id,
        t1_0.title 
    from
        tasks t1_0 
    where
        t1_0.project_id=?
Hibernate: 
    select
        t1_0.project_id,
        t1_0.id,
        t1_0.actual_duration_seconds,
        t1_0.completed,
        t1_0.description,
        t1_0.end_date,
        t1_0.estimated_duration_seconds,
        t1_0.priority,
        t1_0.progress,
        t1_0.start_date,
        t1_0.subsystem_id,
        t1_0.title 
    from
        tasks t1_0 
    where
        t1_0.project_id=?
13:10:14.970 [main] DEBUG org.hibernate.sql.results.internal.ResultsHelper - Collection fully initialized: [org.frcpm.models.Project.tasks#2]
13:10:14.970 [main] DEBUG org.hibernate.orm.sql.exec - Skipping reading Query result cache data: cache-enabled = false, cache-mode = IGNORE
13:10:14.971 [main] DEBUG org.hibernate.orm.results - Initializer list:
	  org.frcpm.models.Project.milestones.{element}.project -> EntityDelayedFetchInitializer(org.frcpm.models.Project.milestones.{element}.project)@64631721 (ToOneAttributeMapping(NavigableRole[org.frcpm.models.Milestone.project])@1780111332)
	  org.frcpm.models.Project.milestones.{element} -> EntityJoinedFetchInitializer(org.frcpm.models.Project.milestones.{element})@515049209 (EntityCollectionPart(org.frcpm.models.Project.milestones#{element})@570682932)
	  org.frcpm.models.Project.milestones -> BagInitializer(org.frcpm.models.Project.milestones)@467898866 (PluralAttribute(org.frcpm.models.Project.milestones))

13:10:14.971 [main] DEBUG org.hibernate.SQL - 
    select
        m1_0.project_id,
        m1_0.id,
        m1_0.date,
        m1_0.description,
        m1_0.name 
    from
        milestones m1_0 
    where
        m1_0.project_id=?
Hibernate: 
    select
        m1_0.project_id,
        m1_0.id,
        m1_0.date,
        m1_0.description,
        m1_0.name 
    from
        milestones m1_0 
    where
        m1_0.project_id=?
13:10:14.971 [main] DEBUG org.hibernate.sql.results.internal.ResultsHelper - Collection fully initialized: [org.frcpm.models.Project.milestones#2]
13:10:14.971 [main] DEBUG org.hibernate.engine.transaction.internal.TransactionImpl - committing
13:10:14.971 [main] DEBUG org.hibernate.event.internal.AbstractFlushingEventListener - Processing flush-time cascades
13:10:14.971 [main] DEBUG org.hibernate.event.internal.AbstractFlushingEventListener - Dirty checking collections
13:10:14.971 [main] DEBUG org.hibernate.engine.internal.Collections - Collection dereferenced: [org.frcpm.models.Project.meetings#2]
13:10:14.971 [main] DEBUG org.hibernate.engine.internal.Collections - Collection dereferenced: [org.frcpm.models.Project.milestones#2]
13:10:14.971 [main] DEBUG org.hibernate.engine.internal.Collections - Collection dereferenced: [org.frcpm.models.Project.tasks#2]
13:10:14.972 [main] DEBUG org.hibernate.event.internal.AbstractFlushingEventListener - Flushed: 0 insertions, 0 updates, 1 deletions to 1 objects
13:10:14.972 [main] DEBUG org.hibernate.event.internal.AbstractFlushingEventListener - Flushed: 0 (re)creations, 0 updates, 3 removals to 3 collections
13:10:14.972 [main] DEBUG org.hibernate.internal.util.EntityPrinter - Listing entities:
13:10:14.972 [main] DEBUG org.hibernate.internal.util.EntityPrinter - org.frcpm.models.Project{hardDeadline=2025-06-20, name=Test Base Project 2, description=null, meetings=[], id=2, goalEndDate=2025-06-06, milestones=[], startDate=2025-04-18, tasks=[]}
13:10:14.972 [main] DEBUG org.hibernate.SQL - 
    /* delete for org.frcpm.models.Project */delete 
    from
        projects 
    where
        id=?
Hibernate: 
    /* delete for org.frcpm.models.Project */delete 
    from
        projects 
    where
        id=?
13:10:14.972 [main] DEBUG org.hibernate.orm.jdbc.batch - PreparedStatementDetails did not contain PreparedStatement on #releaseStatements : /* delete for org.frcpm.models.Project */delete from projects where id=?
13:10:14.972 [main] DEBUG org.hibernate.orm.jdbc.batch - PreparedStatementDetails did not contain PreparedStatement on #releaseStatements : /* delete for org.frcpm.models.Project */delete from projects where id=?
13:10:14.972 [main] DEBUG org.hibernate.resource.jdbc.internal.LogicalConnectionManagedImpl - Initiating JDBC connection release from afterTransaction
13:10:14.972 [main] DEBUG org.hibernate.orm.jdbc.batch - PreparedStatementDetails did not contain PreparedStatement on #releaseStatements : /* delete for org.frcpm.models.Project */delete from projects where id=?
13:10:14.972 [main] DEBUG org.hibernate.orm.jdbc.batch - PreparedStatementDetails did not contain PreparedStatement on #releaseStatements : /* delete for org.frcpm.models.Project */delete from projects where id=?
13:10:14.972 [main] DEBUG org.hibernate.resource.jdbc.internal.LogicalConnectionManagedImpl - Initiating JDBC connection release from afterTransaction
13:10:14.972 [main] DEBUG org.hibernate.engine.jdbc.internal.JdbcCoordinatorImpl - HHH000420: Closing un-released batch
13:10:14.973 [main] DEBUG org.hibernate.orm.jdbc.batch - PreparedStatementDetails did not contain PreparedStatement on #releaseStatements : /* delete for org.frcpm.models.Project */delete from projects where id=?
13:10:14.973 [main] DEBUG org.hibernate.orm.jdbc.batch - PreparedStatementDetails did not contain PreparedStatement on #releaseStatements : /* delete for org.frcpm.models.Project */delete from projects where id=?
13:10:14.973 [main] DEBUG org.hibernate.internal.SessionFactoryImpl - HHH000031: Closing
13:10:14.973 [main] DEBUG org.hibernate.tool.schema.internal.SchemaDropperImpl$DelayedDropActionImpl - HHH000477: Starting delayed evictData of schema as part of SessionFactory shut-down'
13:10:14.973 [main] DEBUG org.hibernate.SQL - 
    drop table if exists attendances cascade 
Hibernate: 
    drop table if exists attendances cascade 
13:10:14.973 [main] DEBUG org.hibernate.SQL - 
    drop table if exists components cascade 
Hibernate: 
    drop table if exists components cascade 
13:10:14.974 [main] DEBUG org.hibernate.SQL - 
    drop table if exists meetings cascade 
Hibernate: 
    drop table if exists meetings cascade 
13:10:14.974 [main] DEBUG org.hibernate.SQL - 
    drop table if exists milestones cascade 
Hibernate: 
    drop table if exists milestones cascade 
13:10:14.975 [main] DEBUG org.hibernate.SQL - 
    drop table if exists projects cascade 
Hibernate: 
    drop table if exists projects cascade 
13:10:14.975 [main] DEBUG org.hibernate.SQL - 
    drop table if exists subsystems cascade 
Hibernate: 
    drop table if exists subsystems cascade 
13:10:14.975 [main] DEBUG org.hibernate.SQL - 
    drop table if exists subteams cascade 
Hibernate: 
    drop table if exists subteams cascade 
13:10:14.975 [main] DEBUG org.hibernate.SQL - 
    drop table if exists task_assignments cascade 
Hibernate: 
    drop table if exists task_assignments cascade 
13:10:14.975 [main] DEBUG org.hibernate.SQL - 
    drop table if exists task_components cascade 
Hibernate: 
    drop table if exists task_components cascade 
13:10:14.976 [main] DEBUG org.hibernate.SQL - 
    drop table if exists task_dependencies cascade 
Hibernate: 
    drop table if exists task_dependencies cascade 
13:10:14.976 [main] DEBUG org.hibernate.SQL - 
    drop table if exists tasks cascade 
Hibernate: 
    drop table if exists tasks cascade 
13:10:14.976 [main] DEBUG org.hibernate.SQL - 
    drop table if exists team_members cascade 
Hibernate: 
    drop table if exists team_members cascade 
13:10:14.976 [main] DEBUG org.hibernate.type.spi.TypeConfiguration$Scope - Un-scoping TypeConfiguration [org.hibernate.type.spi.TypeConfiguration$Scope@7c9f2683] from SessionFactory [org.hibernate.internal.SessionFactoryImpl@1c14a767]
13:10:14.976 [main] DEBUG org.hibernate.service.internal.AbstractServiceRegistryImpl - Implicitly destroying ServiceRegistry on de-registration of all child ServiceRegistries
13:10:14.976 [main] INFO com.zaxxer.hikari.HikariDataSource - FRC-PM-HikariCP - Shutdown initiated...
13:10:14.976 [main] DEBUG com.zaxxer.hikari.pool.HikariPool - FRC-PM-HikariCP - Before shutdown stats (total=2, active=0, idle=2, waiting=0)
13:10:14.977 [FRC-PM-HikariCP connection closer] DEBUG com.zaxxer.hikari.pool.PoolBase - FRC-PM-HikariCP - Closing connection conn36: url=jdbc:h2:mem:testdb user=SA: (connection evicted)
13:10:14.977 [FRC-PM-HikariCP connection closer] DEBUG com.zaxxer.hikari.pool.PoolBase - FRC-PM-HikariCP - Closing connection conn39: url=jdbc:h2:mem:testdb user=SA: (connection evicted)
13:10:14.977 [main] DEBUG com.zaxxer.hikari.pool.HikariPool - FRC-PM-HikariCP - After shutdown stats (total=0, active=0, idle=0, waiting=0)
13:10:14.977 [main] INFO com.zaxxer.hikari.HikariDataSource - FRC-PM-HikariCP - Shutdown completed.
13:10:14.977 [main] DEBUG org.hibernate.boot.registry.internal.BootstrapServiceRegistryImpl - Implicitly destroying Boot-strap registry on de-registration of all child ServiceRegistries
13:10:14.977 [main] INFO com.zaxxer.hikari.HikariDataSource - frcpm-hikari-pool - Shutdown initiated...
13:10:14.977 [main] DEBUG com.zaxxer.hikari.pool.HikariPool - frcpm-hikari-pool - Before shutdown stats (total=5, active=0, idle=5, waiting=0)
13:10:14.978 [frcpm-hikari-pool connection closer] DEBUG com.zaxxer.hikari.pool.PoolBase - frcpm-hikari-pool - Closing connection conn35: url=jdbc:h2:mem:testdb user=SA: (connection evicted)
13:10:14.978 [frcpm-hikari-pool connection closer] DEBUG com.zaxxer.hikari.pool.PoolBase - frcpm-hikari-pool - Closing connection conn37: url=jdbc:h2:mem:testdb user=SA: (connection evicted)
13:10:14.978 [frcpm-hikari-pool connection closer] DEBUG com.zaxxer.hikari.pool.PoolBase - frcpm-hikari-pool - Closing connection conn38: url=jdbc:h2:mem:testdb user=SA: (connection evicted)
13:10:14.978 [frcpm-hikari-pool connection closer] DEBUG com.zaxxer.hikari.pool.PoolBase - frcpm-hikari-pool - Closing connection conn40: url=jdbc:h2:mem:testdb user=SA: (connection evicted)
13:10:14.978 [frcpm-hikari-pool connection closer] DEBUG com.zaxxer.hikari.pool.PoolBase - frcpm-hikari-pool - Closing connection conn41: url=jdbc:h2:mem:testdb user=SA: (connection evicted)
13:10:14.978 [main] DEBUG com.zaxxer.hikari.pool.HikariPool - frcpm-hikari-pool - After shutdown stats (total=0, active=0, idle=0, waiting=0)
13:10:14.978 [main] INFO com.zaxxer.hikari.HikariDataSource - frcpm-hikari-pool - Shutdown completed.
]]></system-out>
    <system-err><![CDATA[Apr 11, 2025 1:10:14 PM org.frcpm.config.DatabaseConfig initialize
INFO: Initializing database configuration...
Apr 11, 2025 1:10:14 PM org.frcpm.config.DatabaseConfig initialize
INFO: Using JDBC URL: jdbc:h2:mem:testdb;DB_CLOSE_DELAY=-1
Apr 11, 2025 1:10:14 PM org.frcpm.config.DatabaseConfig initialize
INFO: Database configuration initialized successfully
Apr 11, 2025 1:10:14 PM org.frcpm.config.DatabaseConfig shutdown
INFO: Database configuration shut down
]]></system-err>
  </testcase>
  <testcase name="testUpdate" classname="org.frcpm.repositories.impl.JpaRepositoryImplTest" time="0.379">
    <system-out><![CDATA[13:10:14.980 [main] DEBUG com.zaxxer.hikari.HikariConfig - Driver class org.h2.Driver found in Thread context class loader jdk.internal.loader.ClassLoaders$AppClassLoader@70dea4e
13:10:14.980 [main] DEBUG com.zaxxer.hikari.HikariConfig - frcpm-hikari-pool - configuration:
13:10:14.981 [main] DEBUG com.zaxxer.hikari.HikariConfig - allowPoolSuspension.............false
13:10:14.981 [main] DEBUG com.zaxxer.hikari.HikariConfig - autoCommit......................true
13:10:14.981 [main] DEBUG com.zaxxer.hikari.HikariConfig - catalog.........................none
13:10:14.981 [main] DEBUG com.zaxxer.hikari.HikariConfig - connectionInitSql...............none
13:10:14.981 [main] DEBUG com.zaxxer.hikari.HikariConfig - connectionTestQuery.............none
13:10:14.981 [main] DEBUG com.zaxxer.hikari.HikariConfig - connectionTimeout...............30000
13:10:14.981 [main] DEBUG com.zaxxer.hikari.HikariConfig - dataSource......................none
13:10:14.981 [main] DEBUG com.zaxxer.hikari.HikariConfig - dataSourceClassName.............none
13:10:14.981 [main] DEBUG com.zaxxer.hikari.HikariConfig - dataSourceJNDI..................none
13:10:14.981 [main] DEBUG com.zaxxer.hikari.HikariConfig - dataSourceProperties............{password=<masked>}
13:10:14.981 [main] DEBUG com.zaxxer.hikari.HikariConfig - driverClassName................."org.h2.Driver"
13:10:14.981 [main] DEBUG com.zaxxer.hikari.HikariConfig - exceptionOverrideClassName......none
13:10:14.981 [main] DEBUG com.zaxxer.hikari.HikariConfig - healthCheckProperties...........{}
13:10:14.981 [main] DEBUG com.zaxxer.hikari.HikariConfig - healthCheckRegistry.............none
13:10:14.981 [main] DEBUG com.zaxxer.hikari.HikariConfig - idleTimeout.....................30000
13:10:14.981 [main] DEBUG com.zaxxer.hikari.HikariConfig - initializationFailTimeout.......1
13:10:14.981 [main] DEBUG com.zaxxer.hikari.HikariConfig - isolateInternalQueries..........false
13:10:14.981 [main] DEBUG com.zaxxer.hikari.HikariConfig - jdbcUrl.........................jdbc:h2:mem:testdb;DB_CLOSE_DELAY=-1
13:10:14.981 [main] DEBUG com.zaxxer.hikari.HikariConfig - keepaliveTime...................0
13:10:14.981 [main] DEBUG com.zaxxer.hikari.HikariConfig - leakDetectionThreshold..........0
13:10:14.981 [main] DEBUG com.zaxxer.hikari.HikariConfig - maxLifetime.....................1800000
13:10:14.981 [main] DEBUG com.zaxxer.hikari.HikariConfig - maximumPoolSize.................10
13:10:14.981 [main] DEBUG com.zaxxer.hikari.HikariConfig - metricRegistry..................none
13:10:14.981 [main] DEBUG com.zaxxer.hikari.HikariConfig - metricsTrackerFactory...........none
13:10:14.981 [main] DEBUG com.zaxxer.hikari.HikariConfig - minimumIdle.....................5
13:10:14.981 [main] DEBUG com.zaxxer.hikari.HikariConfig - password........................<masked>
13:10:14.981 [main] DEBUG com.zaxxer.hikari.HikariConfig - poolName........................"frcpm-hikari-pool"
13:10:14.981 [main] DEBUG com.zaxxer.hikari.HikariConfig - readOnly........................false
13:10:14.981 [main] DEBUG com.zaxxer.hikari.HikariConfig - registerMbeans..................false
13:10:14.981 [main] DEBUG com.zaxxer.hikari.HikariConfig - scheduledExecutor...............none
13:10:14.981 [main] DEBUG com.zaxxer.hikari.HikariConfig - schema..........................none
13:10:14.981 [main] DEBUG com.zaxxer.hikari.HikariConfig - threadFactory...................internal
13:10:14.981 [main] DEBUG com.zaxxer.hikari.HikariConfig - transactionIsolation............default
13:10:14.981 [main] DEBUG com.zaxxer.hikari.HikariConfig - username........................"sa"
13:10:14.981 [main] DEBUG com.zaxxer.hikari.HikariConfig - validationTimeout...............5000
13:10:14.981 [main] INFO com.zaxxer.hikari.HikariDataSource - frcpm-hikari-pool - Starting...
13:10:14.982 [main] INFO com.zaxxer.hikari.pool.HikariPool - frcpm-hikari-pool - Added connection conn42: url=jdbc:h2:mem:testdb user=SA
13:10:14.982 [main] INFO com.zaxxer.hikari.HikariDataSource - frcpm-hikari-pool - Start completed.
13:10:14.992 [main] DEBUG org.hibernate.jpa.HibernatePersistenceProvider - Located and parsed 1 persistence units; checking each
13:10:14.992 [main] DEBUG org.hibernate.jpa.HibernatePersistenceProvider - Checking persistence-unit [name=frcpm, explicit-provider=org.hibernate.jpa.HibernatePersistenceProvider] against incoming persistence unit name [frcpm]
13:10:14.992 [main] DEBUG org.hibernate.jpa.boot.spi.ProviderChecker - Persistence-unit [frcpm] requested PersistenceProvider [org.hibernate.jpa.HibernatePersistenceProvider]
13:10:14.992 [main] DEBUG org.hibernate.jpa.internal.util.LogHelper - PersistenceUnitInfo [
	name: frcpm
	persistence provider classname: org.hibernate.jpa.HibernatePersistenceProvider
	classloader: null
	excludeUnlistedClasses: false
	JTA datasource: null
	Non JTA datasource: null
	Transaction type: RESOURCE_LOCAL
	PU root URL: file:/C:/Users/dhiebert/Local%20Repositories/Project%20Management%202.0/target/classes
	Shared Cache Mode: null
	Validation Mode: null
	Jar files URLs []
	Managed classes names [
		org.frcpm.models.Project
		org.frcpm.models.Subteam
		org.frcpm.models.TeamMember
		org.frcpm.models.Subsystem
		org.frcpm.models.Task
		org.frcpm.models.Component
		org.frcpm.models.Meeting
		org.frcpm.models.Attendance
		org.frcpm.models.Milestone]
	Mapping files names []
	Properties [
		hibernate.connection.handling_mode: DELAYED_ACQUISITION_AND_RELEASE_AFTER_STATEMENT
		jakarta.persistence.jdbc.url: jdbc:h2:mem:testdb;DB_CLOSE_DELAY=-1
		hibernate.jdbc.batch_versioned_data: true
		hibernate.cache.use_second_level_cache: false
		hibernate.show_sql: true
		jakarta.persistence.jdbc.driver: org.h2.Driver
		hibernate.jdbc.batch_size: 30
		jakarta.persistence.jdbc.user: sa
		hibernate.generate_statistics: false
		hibernate.hbm2ddl.auto: create-drop
		hibernate.cache.use_query_cache: false
		hibernate.hikari.maximumPoolSize: 10
		hibernate.hikari.idleTimeout: 30000
		hibernate.format_sql: true
		hibernate.hikari.minimumIdle: 2
		hibernate.use_sql_comments: true
		hibernate.order_inserts: true
		hibernate.current_session_context_class: thread
		hibernate.connection.provider_class: org.hibernate.hikaricp.internal.HikariCPConnectionProvider
		hibernate.hikari.connectionTimeout: 10000
		hibernate.hikari.poolName: FRC-PM-HikariCP
		hibernate.order_updates: true
		hibernate.dialect: org.hibernate.dialect.H2Dialect
		jakarta.persistence.jdbc.password: ]
13:10:14.992 [main] DEBUG org.hibernate.integrator.internal.IntegratorServiceImpl - Adding Integrator [org.hibernate.boot.beanvalidation.BeanValidationIntegrator].
13:10:14.992 [main] DEBUG org.hibernate.integrator.internal.IntegratorServiceImpl - Adding Integrator [org.hibernate.cache.internal.CollectionCacheInvalidator].
13:10:14.997 [main] DEBUG org.hibernate.orm.idgen.factory - Ignoring CDI for resolving IdentifierGenerator instances as extended or delayed CDI support was enabled
13:10:14.998 [main] DEBUG org.hibernate.orm.idgen.factory - Registering IdentifierGenerator strategy [uuid2] -> [org.hibernate.id.UUIDGenerator]
13:10:14.998 [main] DEBUG org.hibernate.orm.idgen.factory - Registering IdentifierGenerator strategy [guid] -> [org.hibernate.id.GUIDGenerator]
13:10:14.998 [main] DEBUG org.hibernate.orm.idgen.factory - Registering IdentifierGenerator strategy [uuid] -> [org.hibernate.id.UUIDHexGenerator]
13:10:14.998 [main] DEBUG org.hibernate.orm.idgen.factory - Registering IdentifierGenerator strategy [uuid.hex] -> [org.hibernate.id.UUIDHexGenerator]
13:10:14.998 [main] DEBUG org.hibernate.orm.idgen.factory - Registering IdentifierGenerator strategy [assigned] -> [org.hibernate.id.Assigned]
13:10:14.998 [main] DEBUG org.hibernate.orm.idgen.factory - Registering IdentifierGenerator strategy [identity] -> [org.hibernate.id.IdentityGenerator]
13:10:14.998 [main] DEBUG org.hibernate.orm.idgen.factory - Registering IdentifierGenerator strategy [select] -> [org.hibernate.id.SelectGenerator]
13:10:14.998 [main] DEBUG org.hibernate.orm.idgen.factory - Registering IdentifierGenerator strategy [sequence] -> [org.hibernate.id.enhanced.SequenceStyleGenerator]
13:10:14.998 [main] DEBUG org.hibernate.orm.idgen.factory - Registering IdentifierGenerator strategy [increment] -> [org.hibernate.id.IncrementGenerator]
13:10:14.998 [main] DEBUG org.hibernate.orm.idgen.factory - Registering IdentifierGenerator strategy [foreign] -> [org.hibernate.id.ForeignGenerator]
13:10:14.998 [main] DEBUG org.hibernate.orm.idgen.factory - Registering IdentifierGenerator strategy [enhanced-sequence] -> [org.hibernate.id.enhanced.SequenceStyleGenerator]
13:10:14.998 [main] DEBUG org.hibernate.orm.idgen.factory - Registering IdentifierGenerator strategy [enhanced-table] -> [org.hibernate.id.enhanced.TableGenerator]
13:10:14.998 [main] INFO org.hibernate.cache.internal.RegionFactoryInitiator - HHH000026: Second-level cache disabled
13:10:14.998 [main] DEBUG org.hibernate.type.BasicTypeRegistry - Adding type registration boolean -> org.hibernate.type.BasicTypeReference@26f46fa6
13:10:14.998 [main] DEBUG org.hibernate.type.BasicTypeRegistry - Adding type registration boolean -> org.hibernate.type.BasicTypeReference@26f46fa6
13:10:14.998 [main] DEBUG org.hibernate.type.BasicTypeRegistry - Adding type registration java.lang.Boolean -> org.hibernate.type.BasicTypeReference@26f46fa6
13:10:14.998 [main] DEBUG org.hibernate.type.BasicTypeRegistry - Adding type registration numeric_boolean -> org.hibernate.type.BasicTypeReference@227a47
13:10:14.998 [main] DEBUG org.hibernate.type.BasicTypeRegistry - Adding type registration org.hibernate.type.NumericBooleanConverter -> org.hibernate.type.BasicTypeReference@227a47
13:10:14.998 [main] DEBUG org.hibernate.type.BasicTypeRegistry - Adding type registration true_false -> org.hibernate.type.BasicTypeReference@9596ce8
13:10:14.998 [main] DEBUG org.hibernate.type.BasicTypeRegistry - Adding type registration org.hibernate.type.TrueFalseConverter -> org.hibernate.type.BasicTypeReference@9596ce8
13:10:14.998 [main] DEBUG org.hibernate.type.BasicTypeRegistry - Adding type registration yes_no -> org.hibernate.type.BasicTypeReference@75ae4a1f
13:10:14.998 [main] DEBUG org.hibernate.type.BasicTypeRegistry - Adding type registration org.hibernate.type.YesNoConverter -> org.hibernate.type.BasicTypeReference@75ae4a1f
13:10:14.998 [main] DEBUG org.hibernate.type.BasicTypeRegistry - Adding type registration byte -> org.hibernate.type.BasicTypeReference@70228253
13:10:14.998 [main] DEBUG org.hibernate.type.BasicTypeRegistry - Adding type registration byte -> org.hibernate.type.BasicTypeReference@70228253
13:10:14.998 [main] DEBUG org.hibernate.type.BasicTypeRegistry - Adding type registration java.lang.Byte -> org.hibernate.type.BasicTypeReference@70228253
13:10:14.998 [main] DEBUG org.hibernate.type.BasicTypeRegistry - Adding type registration binary -> org.hibernate.type.BasicTypeReference@63c12e52
13:10:14.998 [main] DEBUG org.hibernate.type.BasicTypeRegistry - Adding type registration byte[] -> org.hibernate.type.BasicTypeReference@63c12e52
13:10:14.998 [main] DEBUG org.hibernate.type.BasicTypeRegistry - Adding type registration [B -> org.hibernate.type.BasicTypeReference@63c12e52
13:10:14.998 [main] DEBUG org.hibernate.type.BasicTypeRegistry - Adding type registration binary_wrapper -> org.hibernate.type.BasicTypeReference@21bd20ee
13:10:14.998 [main] DEBUG org.hibernate.type.BasicTypeRegistry - Adding type registration wrapper-binary -> org.hibernate.type.BasicTypeReference@21bd20ee
13:10:14.998 [main] DEBUG org.hibernate.type.BasicTypeRegistry - Adding type registration image -> org.hibernate.type.BasicTypeReference@26c47874
13:10:14.998 [main] DEBUG org.hibernate.type.BasicTypeRegistry - Adding type registration blob -> org.hibernate.type.BasicTypeReference@421056e5
13:10:14.998 [main] DEBUG org.hibernate.type.BasicTypeRegistry - Adding type registration java.sql.Blob -> org.hibernate.type.BasicTypeReference@421056e5
13:10:14.998 [main] DEBUG org.hibernate.type.BasicTypeRegistry - Adding type registration materialized_blob -> org.hibernate.type.BasicTypeReference@2849434b
13:10:14.998 [main] DEBUG org.hibernate.type.BasicTypeRegistry - Adding type registration materialized_blob_wrapper -> org.hibernate.type.BasicTypeReference@60bbacfc
13:10:14.998 [main] DEBUG org.hibernate.type.BasicTypeRegistry - Adding type registration short -> org.hibernate.type.BasicTypeReference@65b97f47
13:10:14.998 [main] DEBUG org.hibernate.type.BasicTypeRegistry - Adding type registration short -> org.hibernate.type.BasicTypeReference@65b97f47
13:10:14.998 [main] DEBUG org.hibernate.type.BasicTypeRegistry - Adding type registration java.lang.Short -> org.hibernate.type.BasicTypeReference@65b97f47
13:10:14.998 [main] DEBUG org.hibernate.type.BasicTypeRegistry - Adding type registration integer -> org.hibernate.type.BasicTypeReference@255eaa6b
13:10:14.998 [main] DEBUG org.hibernate.type.BasicTypeRegistry - Adding type registration int -> org.hibernate.type.BasicTypeReference@255eaa6b
13:10:14.998 [main] DEBUG org.hibernate.type.BasicTypeRegistry - Adding type registration java.lang.Integer -> org.hibernate.type.BasicTypeReference@255eaa6b
13:10:14.998 [main] DEBUG org.hibernate.type.BasicTypeRegistry - Adding type registration long -> org.hibernate.type.BasicTypeReference@476fe690
13:10:14.998 [main] DEBUG org.hibernate.type.BasicTypeRegistry - Adding type registration long -> org.hibernate.type.BasicTypeReference@476fe690
13:10:14.998 [main] DEBUG org.hibernate.type.BasicTypeRegistry - Adding type registration java.lang.Long -> org.hibernate.type.BasicTypeReference@476fe690
13:10:14.998 [main] DEBUG org.hibernate.type.BasicTypeRegistry - Adding type registration float -> org.hibernate.type.BasicTypeReference@7a0e7ecd
13:10:14.998 [main] DEBUG org.hibernate.type.BasicTypeRegistry - Adding type registration float -> org.hibernate.type.BasicTypeReference@7a0e7ecd
13:10:14.998 [main] DEBUG org.hibernate.type.BasicTypeRegistry - Adding type registration java.lang.Float -> org.hibernate.type.BasicTypeReference@7a0e7ecd
13:10:14.998 [main] DEBUG org.hibernate.type.BasicTypeRegistry - Adding type registration double -> org.hibernate.type.BasicTypeReference@54e3658c
13:10:14.998 [main] DEBUG org.hibernate.type.BasicTypeRegistry - Adding type registration double -> org.hibernate.type.BasicTypeReference@54e3658c
13:10:14.998 [main] DEBUG org.hibernate.type.BasicTypeRegistry - Adding type registration java.lang.Double -> org.hibernate.type.BasicTypeReference@54e3658c
13:10:14.998 [main] DEBUG org.hibernate.type.BasicTypeRegistry - Adding type registration big_integer -> org.hibernate.type.BasicTypeReference@43e9089
13:10:14.998 [main] DEBUG org.hibernate.type.BasicTypeRegistry - Adding type registration java.math.BigInteger -> org.hibernate.type.BasicTypeReference@43e9089
13:10:14.998 [main] DEBUG org.hibernate.type.BasicTypeRegistry - Adding type registration big_decimal -> org.hibernate.type.BasicTypeReference@3c5dbdf8
13:10:14.998 [main] DEBUG org.hibernate.type.BasicTypeRegistry - Adding type registration java.math.BigDecimal -> org.hibernate.type.BasicTypeReference@3c5dbdf8
13:10:14.998 [main] DEBUG org.hibernate.type.BasicTypeRegistry - Adding type registration character -> org.hibernate.type.BasicTypeReference@352c44a8
13:10:14.998 [main] DEBUG org.hibernate.type.BasicTypeRegistry - Adding type registration char -> org.hibernate.type.BasicTypeReference@352c44a8
13:10:14.998 [main] DEBUG org.hibernate.type.BasicTypeRegistry - Adding type registration java.lang.Character -> org.hibernate.type.BasicTypeReference@352c44a8
13:10:14.998 [main] DEBUG org.hibernate.type.BasicTypeRegistry - Adding type registration character_nchar -> org.hibernate.type.BasicTypeReference@7aac8884
13:10:14.998 [main] DEBUG org.hibernate.type.BasicTypeRegistry - Adding type registration string -> org.hibernate.type.BasicTypeReference@a66e580
13:10:14.998 [main] DEBUG org.hibernate.type.BasicTypeRegistry - Adding type registration java.lang.String -> org.hibernate.type.BasicTypeReference@a66e580
13:10:14.998 [main] DEBUG org.hibernate.type.BasicTypeRegistry - Adding type registration nstring -> org.hibernate.type.BasicTypeReference@5b852b49
13:10:14.998 [main] DEBUG org.hibernate.type.BasicTypeRegistry - Adding type registration characters -> org.hibernate.type.BasicTypeReference@cdb2d95
13:10:14.998 [main] DEBUG org.hibernate.type.BasicTypeRegistry - Adding type registration char[] -> org.hibernate.type.BasicTypeReference@cdb2d95
13:10:14.998 [main] DEBUG org.hibernate.type.BasicTypeRegistry - Adding type registration [C -> org.hibernate.type.BasicTypeReference@cdb2d95
13:10:14.998 [main] DEBUG org.hibernate.type.BasicTypeRegistry - Adding type registration wrapper-characters -> org.hibernate.type.BasicTypeReference@122d6c22
13:10:14.998 [main] DEBUG org.hibernate.type.BasicTypeRegistry - Adding type registration text -> org.hibernate.type.BasicTypeReference@2f5ac102
13:10:14.998 [main] DEBUG org.hibernate.type.BasicTypeRegistry - Adding type registration ntext -> org.hibernate.type.BasicTypeReference@5df778c3
13:10:14.998 [main] DEBUG org.hibernate.type.BasicTypeRegistry - Adding type registration clob -> org.hibernate.type.BasicTypeReference@895416d
13:10:14.998 [main] DEBUG org.hibernate.type.BasicTypeRegistry - Adding type registration java.sql.Clob -> org.hibernate.type.BasicTypeReference@895416d
13:10:14.998 [main] DEBUG org.hibernate.type.BasicTypeRegistry - Adding type registration nclob -> org.hibernate.type.BasicTypeReference@71a06021
13:10:14.998 [main] DEBUG org.hibernate.type.BasicTypeRegistry - Adding type registration java.sql.NClob -> org.hibernate.type.BasicTypeReference@71a06021
13:10:14.998 [main] DEBUG org.hibernate.type.BasicTypeRegistry - Adding type registration materialized_clob -> org.hibernate.type.BasicTypeReference@80bfdc6
13:10:14.998 [main] DEBUG org.hibernate.type.BasicTypeRegistry - Adding type registration materialized_clob_char_array -> org.hibernate.type.BasicTypeReference@6edcad64
13:10:14.998 [main] DEBUG org.hibernate.type.BasicTypeRegistry - Adding type registration materialized_clob_character_array -> org.hibernate.type.BasicTypeReference@4c6007fb
13:10:14.998 [main] DEBUG org.hibernate.type.BasicTypeRegistry - Adding type registration materialized_nclob -> org.hibernate.type.BasicTypeReference@3e33d73e
13:10:14.998 [main] DEBUG org.hibernate.type.BasicTypeRegistry - Adding type registration materialized_nclob_character_array -> org.hibernate.type.BasicTypeReference@6981f8f3
13:10:14.998 [main] DEBUG org.hibernate.type.BasicTypeRegistry - Adding type registration materialized_nclob_char_array -> org.hibernate.type.BasicTypeReference@623dcf2a
13:10:14.998 [main] DEBUG org.hibernate.type.BasicTypeRegistry - Adding type registration Duration -> org.hibernate.type.BasicTypeReference@2eae4349
13:10:14.998 [main] DEBUG org.hibernate.type.BasicTypeRegistry - Adding type registration java.time.Duration -> org.hibernate.type.BasicTypeReference@2eae4349
13:10:14.998 [main] DEBUG org.hibernate.type.BasicTypeRegistry - Adding type registration LocalDateTime -> org.hibernate.type.BasicTypeReference@e84fb85
13:10:14.998 [main] DEBUG org.hibernate.type.BasicTypeRegistry - Adding type registration java.time.LocalDateTime -> org.hibernate.type.BasicTypeReference@e84fb85
13:10:14.998 [main] DEBUG org.hibernate.type.BasicTypeRegistry - Adding type registration LocalDate -> org.hibernate.type.BasicTypeReference@68a4dcc6
13:10:14.998 [main] DEBUG org.hibernate.type.BasicTypeRegistry - Adding type registration java.time.LocalDate -> org.hibernate.type.BasicTypeReference@68a4dcc6
13:10:14.998 [main] DEBUG org.hibernate.type.BasicTypeRegistry - Adding type registration LocalTime -> org.hibernate.type.BasicTypeReference@646c0a67
13:10:14.998 [main] DEBUG org.hibernate.type.BasicTypeRegistry - Adding type registration java.time.LocalTime -> org.hibernate.type.BasicTypeReference@646c0a67
13:10:14.998 [main] DEBUG org.hibernate.type.BasicTypeRegistry - Adding type registration OffsetDateTime -> org.hibernate.type.BasicTypeReference@3804a9a8
13:10:14.998 [main] DEBUG org.hibernate.type.BasicTypeRegistry - Adding type registration java.time.OffsetDateTime -> org.hibernate.type.BasicTypeReference@3804a9a8
13:10:14.998 [main] DEBUG org.hibernate.type.BasicTypeRegistry - Adding type registration OffsetDateTimeWithTimezone -> org.hibernate.type.BasicTypeReference@117525fe
13:10:14.998 [main] DEBUG org.hibernate.type.BasicTypeRegistry - Adding type registration OffsetDateTimeWithoutTimezone -> org.hibernate.type.BasicTypeReference@5f7989fa
13:10:14.998 [main] DEBUG org.hibernate.type.BasicTypeRegistry - Adding type registration OffsetTime -> org.hibernate.type.BasicTypeReference@5bc28f40
13:10:14.998 [main] DEBUG org.hibernate.type.BasicTypeRegistry - Adding type registration java.time.OffsetTime -> org.hibernate.type.BasicTypeReference@5bc28f40
13:10:14.998 [main] DEBUG org.hibernate.type.BasicTypeRegistry - Adding type registration OffsetTimeUtc -> org.hibernate.type.BasicTypeReference@46963479
13:10:14.998 [main] DEBUG org.hibernate.type.BasicTypeRegistry - Adding type registration OffsetTimeWithTimezone -> org.hibernate.type.BasicTypeReference@7e74a380
13:10:14.998 [main] DEBUG org.hibernate.type.BasicTypeRegistry - Adding type registration OffsetTimeWithoutTimezone -> org.hibernate.type.BasicTypeReference@6dd1c3ed
13:10:14.998 [main] DEBUG org.hibernate.type.BasicTypeRegistry - Adding type registration ZonedDateTime -> org.hibernate.type.BasicTypeReference@22a6e998
13:10:14.998 [main] DEBUG org.hibernate.type.BasicTypeRegistry - Adding type registration java.time.ZonedDateTime -> org.hibernate.type.BasicTypeReference@22a6e998
13:10:14.998 [main] DEBUG org.hibernate.type.BasicTypeRegistry - Adding type registration ZonedDateTimeWithTimezone -> org.hibernate.type.BasicTypeReference@55e42449
13:10:14.998 [main] DEBUG org.hibernate.type.BasicTypeRegistry - Adding type registration ZonedDateTimeWithoutTimezone -> org.hibernate.type.BasicTypeReference@e57e5d6
13:10:14.998 [main] DEBUG org.hibernate.type.BasicTypeRegistry - Adding type registration date -> org.hibernate.type.BasicTypeReference@6dfa915a
13:10:14.998 [main] DEBUG org.hibernate.type.BasicTypeRegistry - Adding type registration java.sql.Date -> org.hibernate.type.BasicTypeReference@6dfa915a
13:10:14.998 [main] DEBUG org.hibernate.type.BasicTypeRegistry - Adding type registration time -> org.hibernate.type.BasicTypeReference@78054f54
13:10:14.998 [main] DEBUG org.hibernate.type.BasicTypeRegistry - Adding type registration java.sql.Time -> org.hibernate.type.BasicTypeReference@78054f54
13:10:14.998 [main] DEBUG org.hibernate.type.BasicTypeRegistry - Adding type registration timestamp -> org.hibernate.type.BasicTypeReference@cb7fa71
13:10:14.998 [main] DEBUG org.hibernate.type.BasicTypeRegistry - Adding type registration java.sql.Timestamp -> org.hibernate.type.BasicTypeReference@cb7fa71
13:10:14.998 [main] DEBUG org.hibernate.type.BasicTypeRegistry - Adding type registration java.util.Date -> org.hibernate.type.BasicTypeReference@cb7fa71
13:10:14.998 [main] DEBUG org.hibernate.type.BasicTypeRegistry - Adding type registration calendar -> org.hibernate.type.BasicTypeReference@3dffc764
13:10:14.998 [main] DEBUG org.hibernate.type.BasicTypeRegistry - Adding type registration java.util.Calendar -> org.hibernate.type.BasicTypeReference@3dffc764
13:10:14.998 [main] DEBUG org.hibernate.type.BasicTypeRegistry - Adding type registration java.util.GregorianCalendar -> org.hibernate.type.BasicTypeReference@3dffc764
13:10:14.998 [main] DEBUG org.hibernate.type.BasicTypeRegistry - Adding type registration calendar_date -> org.hibernate.type.BasicTypeReference@4b6e1c0
13:10:14.998 [main] DEBUG org.hibernate.type.BasicTypeRegistry - Adding type registration calendar_time -> org.hibernate.type.BasicTypeReference@561b61ed
13:10:14.998 [main] DEBUG org.hibernate.type.BasicTypeRegistry - Adding type registration instant -> org.hibernate.type.BasicTypeReference@654c7d2d
13:10:14.998 [main] DEBUG org.hibernate.type.BasicTypeRegistry - Adding type registration java.time.Instant -> org.hibernate.type.BasicTypeReference@654c7d2d
13:10:14.998 [main] DEBUG org.hibernate.type.BasicTypeRegistry - Adding type registration uuid -> org.hibernate.type.BasicTypeReference@26cb5207
13:10:14.998 [main] DEBUG org.hibernate.type.BasicTypeRegistry - Adding type registration java.util.UUID -> org.hibernate.type.BasicTypeReference@26cb5207
13:10:14.998 [main] DEBUG org.hibernate.type.BasicTypeRegistry - Adding type registration pg-uuid -> org.hibernate.type.BasicTypeReference@26cb5207
13:10:14.998 [main] DEBUG org.hibernate.type.BasicTypeRegistry - Adding type registration uuid-binary -> org.hibernate.type.BasicTypeReference@15400fff
13:10:14.998 [main] DEBUG org.hibernate.type.BasicTypeRegistry - Adding type registration uuid-char -> org.hibernate.type.BasicTypeReference@18d910b3
13:10:14.998 [main] DEBUG org.hibernate.type.BasicTypeRegistry - Adding type registration class -> org.hibernate.type.BasicTypeReference@1e7ab390
13:10:14.998 [main] DEBUG org.hibernate.type.BasicTypeRegistry - Adding type registration java.lang.Class -> org.hibernate.type.BasicTypeReference@1e7ab390
13:10:14.998 [main] DEBUG org.hibernate.type.BasicTypeRegistry - Adding type registration currency -> org.hibernate.type.BasicTypeReference@77774571
13:10:14.998 [main] DEBUG org.hibernate.type.BasicTypeRegistry - Adding type registration Currency -> org.hibernate.type.BasicTypeReference@77774571
13:10:14.998 [main] DEBUG org.hibernate.type.BasicTypeRegistry - Adding type registration java.util.Currency -> org.hibernate.type.BasicTypeReference@77774571
13:10:14.998 [main] DEBUG org.hibernate.type.BasicTypeRegistry - Adding type registration locale -> org.hibernate.type.BasicTypeReference@277b8fa4
13:10:14.998 [main] DEBUG org.hibernate.type.BasicTypeRegistry - Adding type registration java.util.Locale -> org.hibernate.type.BasicTypeReference@277b8fa4
13:10:14.998 [main] DEBUG org.hibernate.type.BasicTypeRegistry - Adding type registration serializable -> org.hibernate.type.BasicTypeReference@6cd64ee8
13:10:14.998 [main] DEBUG org.hibernate.type.BasicTypeRegistry - Adding type registration java.io.Serializable -> org.hibernate.type.BasicTypeReference@6cd64ee8
13:10:14.998 [main] DEBUG org.hibernate.type.BasicTypeRegistry - Adding type registration timezone -> org.hibernate.type.BasicTypeReference@620c8641
13:10:14.998 [main] DEBUG org.hibernate.type.BasicTypeRegistry - Adding type registration java.util.TimeZone -> org.hibernate.type.BasicTypeReference@620c8641
13:10:14.998 [main] DEBUG org.hibernate.type.BasicTypeRegistry - Adding type registration ZoneOffset -> org.hibernate.type.BasicTypeReference@2f1d0bbc
13:10:14.998 [main] DEBUG org.hibernate.type.BasicTypeRegistry - Adding type registration java.time.ZoneOffset -> org.hibernate.type.BasicTypeReference@2f1d0bbc
13:10:14.998 [main] DEBUG org.hibernate.type.BasicTypeRegistry - Adding type registration url -> org.hibernate.type.BasicTypeReference@5460b754
13:10:14.998 [main] DEBUG org.hibernate.type.BasicTypeRegistry - Adding type registration java.net.URL -> org.hibernate.type.BasicTypeReference@5460b754
13:10:14.998 [main] DEBUG org.hibernate.type.BasicTypeRegistry - Adding type registration vector -> org.hibernate.type.BasicTypeReference@a9f023e
13:10:14.998 [main] DEBUG org.hibernate.type.BasicTypeRegistry - Adding type registration row_version -> org.hibernate.type.BasicTypeReference@c27a3a2
13:10:14.998 [main] DEBUG org.hibernate.type.BasicTypeRegistry - Adding type registration object -> org.hibernate.type.JavaObjectType@28da7d11
13:10:14.998 [main] DEBUG org.hibernate.type.BasicTypeRegistry - Adding type registration java.lang.Object -> org.hibernate.type.JavaObjectType@28da7d11
13:10:14.998 [main] DEBUG org.hibernate.type.BasicTypeRegistry - Adding type registration null -> org.hibernate.type.NullType@4faa298
13:10:14.998 [main] DEBUG org.hibernate.type.BasicTypeRegistry - Adding type registration imm_date -> org.hibernate.type.BasicTypeReference@42103b5b
13:10:14.998 [main] DEBUG org.hibernate.type.BasicTypeRegistry - Adding type registration imm_time -> org.hibernate.type.BasicTypeReference@60f166ef
13:10:14.998 [main] DEBUG org.hibernate.type.BasicTypeRegistry - Adding type registration imm_timestamp -> org.hibernate.type.BasicTypeReference@7855b359
13:10:14.998 [main] DEBUG org.hibernate.type.BasicTypeRegistry - Adding type registration imm_calendar -> org.hibernate.type.BasicTypeReference@695d2a33
13:10:14.998 [main] DEBUG org.hibernate.type.BasicTypeRegistry - Adding type registration imm_calendar_date -> org.hibernate.type.BasicTypeReference@2ad41ea0
13:10:14.998 [main] DEBUG org.hibernate.type.BasicTypeRegistry - Adding type registration imm_calendar_time -> org.hibernate.type.BasicTypeReference@4179d30b
13:10:14.998 [main] DEBUG org.hibernate.type.BasicTypeRegistry - Adding type registration imm_binary -> org.hibernate.type.BasicTypeReference@14e37f06
13:10:14.998 [main] DEBUG org.hibernate.type.BasicTypeRegistry - Adding type registration imm_serializable -> org.hibernate.type.BasicTypeReference@14efd31b
13:10:14.999 [main] DEBUG org.hibernate.boot.internal.BootstrapContextImpl - Injecting ScanEnvironment [org.hibernate.jpa.boot.internal.StandardJpaScanEnvironmentImpl@1ec4fe38] into BootstrapContext; was [null]
13:10:14.999 [main] DEBUG org.hibernate.boot.internal.BootstrapContextImpl - Injecting ScanOptions [org.hibernate.boot.archive.scan.internal.StandardScanOptions@112a8760] into BootstrapContext; was [org.hibernate.boot.archive.scan.internal.StandardScanOptions@1ebec10c]
13:10:15.073 [main] DEBUG org.hibernate.boot.internal.BootstrapContextImpl - Injecting JPA temp ClassLoader [null] into BootstrapContext; was [null]
13:10:15.073 [main] DEBUG org.hibernate.boot.internal.ClassLoaderAccessImpl - ClassLoaderAccessImpl#injectTempClassLoader(null) [was null]
13:10:15.074 [main] INFO org.hibernate.engine.jdbc.connections.internal.ConnectionProviderInitiator - HHH000130: Instantiating explicit connection provider: org.hibernate.hikaricp.internal.HikariCPConnectionProvider
13:10:15.074 [main] DEBUG org.hibernate.hikaricp.internal.HikariCPConnectionProvider - Configuring HikariCP
13:10:15.074 [main] DEBUG com.zaxxer.hikari.HikariConfig - Driver class org.h2.Driver found in Thread context class loader jdk.internal.loader.ClassLoaders$AppClassLoader@70dea4e
13:10:15.074 [main] DEBUG com.zaxxer.hikari.HikariConfig - FRC-PM-HikariCP - configuration:
13:10:15.074 [main] DEBUG com.zaxxer.hikari.HikariConfig - allowPoolSuspension.............false
13:10:15.074 [main] DEBUG com.zaxxer.hikari.HikariConfig - autoCommit......................true
13:10:15.074 [main] DEBUG com.zaxxer.hikari.HikariConfig - catalog.........................none
13:10:15.074 [main] DEBUG com.zaxxer.hikari.HikariConfig - connectionInitSql...............none
13:10:15.074 [main] DEBUG com.zaxxer.hikari.HikariConfig - connectionTestQuery.............none
13:10:15.074 [main] DEBUG com.zaxxer.hikari.HikariConfig - connectionTimeout...............10000
13:10:15.074 [main] DEBUG com.zaxxer.hikari.HikariConfig - dataSource......................none
13:10:15.074 [main] DEBUG com.zaxxer.hikari.HikariConfig - dataSourceClassName.............none
13:10:15.074 [main] DEBUG com.zaxxer.hikari.HikariConfig - dataSourceJNDI..................none
13:10:15.074 [main] DEBUG com.zaxxer.hikari.HikariConfig - dataSourceProperties............{password=<masked>}
13:10:15.074 [main] DEBUG com.zaxxer.hikari.HikariConfig - driverClassName................."org.h2.Driver"
13:10:15.074 [main] DEBUG com.zaxxer.hikari.HikariConfig - exceptionOverrideClassName......none
13:10:15.074 [main] DEBUG com.zaxxer.hikari.HikariConfig - healthCheckProperties...........{}
13:10:15.074 [main] DEBUG com.zaxxer.hikari.HikariConfig - healthCheckRegistry.............none
13:10:15.074 [main] DEBUG com.zaxxer.hikari.HikariConfig - idleTimeout.....................30000
13:10:15.074 [main] DEBUG com.zaxxer.hikari.HikariConfig - initializationFailTimeout.......1
13:10:15.074 [main] DEBUG com.zaxxer.hikari.HikariConfig - isolateInternalQueries..........false
13:10:15.074 [main] DEBUG com.zaxxer.hikari.HikariConfig - jdbcUrl.........................jdbc:h2:mem:testdb;DB_CLOSE_DELAY=-1
13:10:15.074 [main] DEBUG com.zaxxer.hikari.HikariConfig - keepaliveTime...................0
13:10:15.074 [main] DEBUG com.zaxxer.hikari.HikariConfig - leakDetectionThreshold..........0
13:10:15.074 [main] DEBUG com.zaxxer.hikari.HikariConfig - maxLifetime.....................1800000
13:10:15.074 [main] DEBUG com.zaxxer.hikari.HikariConfig - maximumPoolSize.................10
13:10:15.074 [main] DEBUG com.zaxxer.hikari.HikariConfig - metricRegistry..................none
13:10:15.074 [main] DEBUG com.zaxxer.hikari.HikariConfig - metricsTrackerFactory...........none
13:10:15.074 [main] DEBUG com.zaxxer.hikari.HikariConfig - minimumIdle.....................2
13:10:15.074 [main] DEBUG com.zaxxer.hikari.HikariConfig - password........................<masked>
13:10:15.074 [main] DEBUG com.zaxxer.hikari.HikariConfig - poolName........................"FRC-PM-HikariCP"
13:10:15.074 [main] DEBUG com.zaxxer.hikari.HikariConfig - readOnly........................false
13:10:15.074 [main] DEBUG com.zaxxer.hikari.HikariConfig - registerMbeans..................false
13:10:15.074 [main] DEBUG com.zaxxer.hikari.HikariConfig - scheduledExecutor...............none
13:10:15.074 [main] DEBUG com.zaxxer.hikari.HikariConfig - schema..........................none
13:10:15.074 [main] DEBUG com.zaxxer.hikari.HikariConfig - threadFactory...................internal
13:10:15.074 [main] DEBUG com.zaxxer.hikari.HikariConfig - transactionIsolation............default
13:10:15.074 [main] DEBUG com.zaxxer.hikari.HikariConfig - username........................"sa"
13:10:15.074 [main] DEBUG com.zaxxer.hikari.HikariConfig - validationTimeout...............5000
13:10:15.074 [main] INFO com.zaxxer.hikari.HikariDataSource - FRC-PM-HikariCP - Starting...
13:10:15.075 [main] INFO com.zaxxer.hikari.pool.HikariPool - FRC-PM-HikariCP - Added connection conn43: url=jdbc:h2:mem:testdb user=SA
13:10:15.075 [main] INFO com.zaxxer.hikari.HikariDataSource - FRC-PM-HikariCP - Start completed.
13:10:15.075 [main] DEBUG org.hibernate.hikaricp.internal.HikariCPConnectionProvider - HikariCP Configured
13:10:15.076 [main] DEBUG org.hibernate.engine.jdbc.env.internal.JdbcEnvironmentInitiator - Database ->
	   name : H2
	version : 2.2.224 (2023-09-17)
	  major : 2
	  minor : 2
13:10:15.076 [main] DEBUG org.hibernate.engine.jdbc.env.internal.JdbcEnvironmentInitiator - Driver ->
	   name : H2 JDBC Driver
	version : 2.2.224 (2023-09-17)
	  major : 2
	  minor : 2
13:10:15.076 [main] DEBUG org.hibernate.engine.jdbc.env.internal.JdbcEnvironmentInitiator - JDBC version : 4.2
13:10:15.076 [main] WARN org.hibernate.orm.deprecation - HHH90000025: H2Dialect does not need to be specified explicitly using 'hibernate.dialect' (remove the property setting and it will be selected by default)
13:10:15.076 [main] DEBUG org.hibernate.orm.dialect - HHH035001: Using dialect: org.hibernate.dialect.H2Dialect, version: 2.2.224
13:10:15.076 [main] DEBUG org.hibernate.engine.jdbc.env.spi.IdentifierHelperBuilder - JDBC driver metadata reported database stores quoted identifiers in neither upper, lower nor mixed case
13:10:15.077 [main] DEBUG org.hibernate.type.descriptor.jdbc.spi.JdbcTypeRegistry - addDescriptor(NCharTypeDescriptor) replaced previous registration(CharTypeDescriptor)
13:10:15.077 [main] DEBUG org.hibernate.type.descriptor.jdbc.spi.JdbcTypeRegistry - addDescriptor(NVarcharTypeDescriptor) replaced previous registration(VarcharTypeDescriptor)
13:10:15.077 [main] DEBUG org.hibernate.type.descriptor.jdbc.spi.JdbcTypeRegistry - addDescriptor(LongNVarcharTypeDescriptor) replaced previous registration(LongVarcharTypeDescriptor)
13:10:15.077 [main] DEBUG org.hibernate.type.descriptor.jdbc.spi.JdbcTypeRegistry - addDescriptor(NClobTypeDescriptor(DEFAULT)) replaced previous registration(ClobTypeDescriptor(DEFAULT))
13:10:15.077 [main] DEBUG org.hibernate.type.descriptor.jdbc.spi.JdbcTypeRegistry - addDescriptor(2005, ClobTypeDescriptor(STREAM_BINDING)) replaced previous registration(ClobTypeDescriptor(DEFAULT))
13:10:15.077 [main] DEBUG org.hibernate.type.descriptor.jdbc.spi.JdbcTypeRegistry - addDescriptor(TimestampUtcDescriptor) replaced previous registration(TimestampUtcDescriptor)
13:10:15.077 [main] DEBUG org.hibernate.type.BasicTypeRegistry - Adding type registration org.hibernate.type.DurationType -> basicType@139(java.time.Duration,3015)
13:10:15.077 [main] DEBUG org.hibernate.type.BasicTypeRegistry - Adding type registration Duration -> basicType@139(java.time.Duration,3015)
13:10:15.077 [main] DEBUG org.hibernate.type.BasicTypeRegistry - Adding type registration java.time.Duration -> basicType@139(java.time.Duration,3015)
13:10:15.077 [main] DEBUG org.hibernate.type.spi.TypeConfiguration$Scope - Scoping TypeConfiguration [org.hibernate.type.spi.TypeConfiguration@76242b2c] to MetadataBuildingContext [org.hibernate.boot.internal.MetadataBuildingContextRootImpl@2dfabaea]
13:10:15.077 [main] DEBUG org.hibernate.boot.model.relational.Namespace - Created database namespace [logicalName=Name{catalog=null, schema=null}, physicalName=Name{catalog=null, schema=null}]
13:10:15.078 [main] DEBUG org.hibernate.boot.model.internal.EntityBinder - Binding entity from annotated class: org.frcpm.models.Attendance
13:10:15.078 [main] DEBUG org.hibernate.boot.model.internal.EntityBinder - Import with entity name Attendance
13:10:15.078 [main] DEBUG org.hibernate.boot.model.internal.EntityBinder - Bind entity org.frcpm.models.Attendance on table attendances
13:10:15.078 [main] DEBUG org.hibernate.boot.model.internal.AnnotatedColumn - Binding column: AnnotatedDiscriminatorColumn(column='DTYPE')
13:10:15.078 [main] DEBUG org.hibernate.boot.model.internal.AnnotatedColumn - Binding column: AnnotatedColumn()
13:10:15.078 [main] DEBUG org.hibernate.boot.internal.ClassLoaderAccessImpl - Not known whether passed class name [org.frcpm.models.Attendance] is safe
13:10:15.078 [main] DEBUG org.hibernate.boot.internal.ClassLoaderAccessImpl - No temp ClassLoader provided; using live ClassLoader for loading potentially unsafe class : org.frcpm.models.Attendance
13:10:15.079 [main] DEBUG org.hibernate.boot.model.internal.PropertyBinder - MetadataSourceProcessor property id with lazy=false
13:10:15.079 [main] DEBUG org.hibernate.boot.model.internal.AbstractPropertyHolder - Attempting to locate auto-apply AttributeConverter for property [org.frcpm.models.Attendance:id]
13:10:15.079 [main] DEBUG org.hibernate.boot.model.internal.BasicValueBinder - building BasicValue for id
13:10:15.079 [main] DEBUG org.hibernate.mapping.BasicValue - Skipping column re-registration: attendances.id
13:10:15.079 [main] DEBUG org.hibernate.boot.model.internal.PropertyBinder - Building property id
13:10:15.079 [main] DEBUG org.hibernate.boot.model.internal.BinderHelper - #makeIdGenerator(BasicValue([Column(id)]), id, identity, , ...)
13:10:15.079 [main] DEBUG org.hibernate.boot.model.internal.AnnotatedColumn - Binding column: AnnotatedColumn(column='arrival_time')
13:10:15.079 [main] DEBUG org.hibernate.boot.model.internal.PropertyBinder - MetadataSourceProcessor property arrivalTime with lazy=false
13:10:15.079 [main] DEBUG org.hibernate.boot.model.internal.AbstractPropertyHolder - Attempting to locate auto-apply AttributeConverter for property [org.frcpm.models.Attendance:arrivalTime]
13:10:15.079 [main] DEBUG org.hibernate.boot.model.internal.BasicValueBinder - building BasicValue for arrivalTime
13:10:15.079 [main] DEBUG org.hibernate.mapping.BasicValue - Skipping column re-registration: attendances.arrival_time
13:10:15.079 [main] DEBUG org.hibernate.boot.model.internal.PropertyBinder - Building property arrivalTime
13:10:15.079 [main] DEBUG org.hibernate.boot.model.internal.AnnotatedColumn - Binding column: AnnotatedColumn(column='departure_time')
13:10:15.079 [main] DEBUG org.hibernate.boot.model.internal.PropertyBinder - MetadataSourceProcessor property departureTime with lazy=false
13:10:15.079 [main] DEBUG org.hibernate.boot.model.internal.AbstractPropertyHolder - Attempting to locate auto-apply AttributeConverter for property [org.frcpm.models.Attendance:departureTime]
13:10:15.079 [main] DEBUG org.hibernate.boot.model.internal.BasicValueBinder - building BasicValue for departureTime
13:10:15.079 [main] DEBUG org.hibernate.mapping.BasicValue - Skipping column re-registration: attendances.departure_time
13:10:15.079 [main] DEBUG org.hibernate.boot.model.internal.PropertyBinder - Building property departureTime
13:10:15.079 [main] DEBUG org.hibernate.boot.model.internal.AnnotatedColumn - Binding column: AnnotatedJoinColumn(column='meeting_id')
13:10:15.079 [main] DEBUG org.hibernate.boot.model.internal.AnnotatedColumn - Binding column: AnnotatedColumn()
13:10:15.079 [main] DEBUG org.hibernate.boot.model.internal.PropertyBinder - Building property meeting
13:10:15.079 [main] DEBUG org.hibernate.boot.model.internal.AnnotatedColumn - Binding column: AnnotatedJoinColumn(column='member_id')
13:10:15.079 [main] DEBUG org.hibernate.boot.model.internal.AnnotatedColumn - Binding column: AnnotatedColumn()
13:10:15.079 [main] DEBUG org.hibernate.boot.model.internal.PropertyBinder - Building property member
13:10:15.079 [main] DEBUG org.hibernate.boot.model.internal.AnnotatedColumn - Binding column: AnnotatedColumn(column='present')
13:10:15.079 [main] DEBUG org.hibernate.boot.model.internal.PropertyBinder - MetadataSourceProcessor property present with lazy=false
13:10:15.079 [main] DEBUG org.hibernate.boot.model.internal.AbstractPropertyHolder - Attempting to locate auto-apply AttributeConverter for property [org.frcpm.models.Attendance:present]
13:10:15.079 [main] DEBUG org.hibernate.boot.model.internal.BasicValueBinder - building BasicValue for present
13:10:15.079 [main] DEBUG org.hibernate.mapping.BasicValue - Skipping column re-registration: attendances.present
13:10:15.079 [main] DEBUG org.hibernate.boot.model.internal.PropertyBinder - Building property present
13:10:15.079 [main] DEBUG org.hibernate.boot.registry.classloading.internal.ClassLoaderServiceImpl - HHH000194: Package not found or no package-info.java: org.frcpm.models
13:10:15.083 [main] DEBUG org.hibernate.boot.model.internal.EntityBinder - Binding entity from annotated class: org.frcpm.models.Meeting
13:10:15.083 [main] DEBUG org.hibernate.boot.model.internal.EntityBinder - Import with entity name Meeting
13:10:15.083 [main] DEBUG org.hibernate.boot.model.internal.EntityBinder - Bind entity org.frcpm.models.Meeting on table meetings
13:10:15.083 [main] DEBUG org.hibernate.boot.model.internal.AnnotatedColumn - Binding column: AnnotatedDiscriminatorColumn(column='DTYPE')
13:10:15.083 [main] DEBUG org.hibernate.boot.model.internal.AnnotatedColumn - Binding column: AnnotatedColumn()
13:10:15.083 [main] DEBUG org.hibernate.boot.internal.ClassLoaderAccessImpl - Not known whether passed class name [org.frcpm.models.Meeting] is safe
13:10:15.083 [main] DEBUG org.hibernate.boot.internal.ClassLoaderAccessImpl - No temp ClassLoader provided; using live ClassLoader for loading potentially unsafe class : org.frcpm.models.Meeting
13:10:15.084 [main] DEBUG org.hibernate.boot.model.internal.PropertyBinder - MetadataSourceProcessor property id with lazy=false
13:10:15.084 [main] DEBUG org.hibernate.boot.model.internal.AbstractPropertyHolder - Attempting to locate auto-apply AttributeConverter for property [org.frcpm.models.Meeting:id]
13:10:15.084 [main] DEBUG org.hibernate.boot.model.internal.BasicValueBinder - building BasicValue for id
13:10:15.084 [main] DEBUG org.hibernate.mapping.BasicValue - Skipping column re-registration: meetings.id
13:10:15.084 [main] DEBUG org.hibernate.boot.model.internal.PropertyBinder - Building property id
13:10:15.084 [main] DEBUG org.hibernate.boot.model.internal.BinderHelper - #makeIdGenerator(BasicValue([Column(id)]), id, identity, , ...)
13:10:15.085 [main] DEBUG org.hibernate.boot.model.internal.AnnotatedColumn - Binding column: AnnotatedJoinColumn()
13:10:15.085 [main] DEBUG org.hibernate.boot.model.internal.AnnotatedColumn - Binding column: AnnotatedColumn()
13:10:15.085 [main] DEBUG org.hibernate.boot.model.internal.AnnotatedColumn - Binding column: IndexColumn(column='attendances_ORDER')
13:10:15.085 [main] DEBUG org.hibernate.boot.model.internal.AnnotatedColumn - Binding column: AnnotatedColumn()
13:10:15.086 [main] DEBUG org.hibernate.boot.model.internal.AnnotatedColumn - Binding column: AnnotatedColumn(column='attendances_KEY')
13:10:15.086 [main] DEBUG org.hibernate.boot.model.internal.AnnotatedColumn - Binding column: AnnotatedJoinColumn(column='attendances_KEY')
13:10:15.086 [main] DEBUG org.hibernate.boot.model.internal.AnnotatedColumn - Binding column: AnnotatedJoinColumn()
13:10:15.086 [main] DEBUG org.hibernate.boot.model.internal.AnnotatedColumn - Binding column: AnnotatedJoinColumn()
13:10:15.086 [main] DEBUG org.hibernate.boot.model.internal.CollectionBinder - Collection role: org.frcpm.models.Meeting.attendances
13:10:15.086 [main] DEBUG org.hibernate.boot.model.internal.PropertyBinder - Building property attendances
13:10:15.086 [main] DEBUG org.hibernate.boot.model.internal.AnnotatedColumn - Binding column: AnnotatedColumn(column='date')
13:10:15.086 [main] DEBUG org.hibernate.boot.model.internal.PropertyBinder - MetadataSourceProcessor property date with lazy=false
13:10:15.086 [main] DEBUG org.hibernate.boot.model.internal.AbstractPropertyHolder - Attempting to locate auto-apply AttributeConverter for property [org.frcpm.models.Meeting:date]
13:10:15.086 [main] DEBUG org.hibernate.boot.model.internal.BasicValueBinder - building BasicValue for date
13:10:15.086 [main] DEBUG org.hibernate.mapping.BasicValue - Skipping column re-registration: meetings.date
13:10:15.086 [main] DEBUG org.hibernate.boot.model.internal.PropertyBinder - Building property date
13:10:15.086 [main] DEBUG org.hibernate.boot.model.internal.AnnotatedColumn - Binding column: AnnotatedColumn(column='end_time')
13:10:15.086 [main] DEBUG org.hibernate.boot.model.internal.PropertyBinder - MetadataSourceProcessor property endTime with lazy=false
13:10:15.086 [main] DEBUG org.hibernate.boot.model.internal.AbstractPropertyHolder - Attempting to locate auto-apply AttributeConverter for property [org.frcpm.models.Meeting:endTime]
13:10:15.086 [main] DEBUG org.hibernate.boot.model.internal.BasicValueBinder - building BasicValue for endTime
13:10:15.087 [main] DEBUG org.hibernate.mapping.BasicValue - Skipping column re-registration: meetings.end_time
13:10:15.087 [main] DEBUG org.hibernate.boot.model.internal.PropertyBinder - Building property endTime
13:10:15.087 [main] DEBUG org.hibernate.boot.model.internal.AnnotatedColumn - Binding column: AnnotatedColumn(column='notes')
13:10:15.087 [main] DEBUG org.hibernate.boot.model.internal.PropertyBinder - MetadataSourceProcessor property notes with lazy=false
13:10:15.087 [main] DEBUG org.hibernate.boot.model.internal.AbstractPropertyHolder - Attempting to locate auto-apply AttributeConverter for property [org.frcpm.models.Meeting:notes]
13:10:15.087 [main] DEBUG org.hibernate.boot.model.internal.BasicValueBinder - building BasicValue for notes
13:10:15.087 [main] DEBUG org.hibernate.mapping.BasicValue - Skipping column re-registration: meetings.notes
13:10:15.087 [main] DEBUG org.hibernate.boot.model.internal.PropertyBinder - Building property notes
13:10:15.087 [main] DEBUG org.hibernate.boot.model.internal.AnnotatedColumn - Binding column: AnnotatedJoinColumn(column='project_id')
13:10:15.087 [main] DEBUG org.hibernate.boot.model.internal.AnnotatedColumn - Binding column: AnnotatedColumn()
13:10:15.087 [main] DEBUG org.hibernate.boot.model.internal.PropertyBinder - Building property project
13:10:15.087 [main] DEBUG org.hibernate.boot.model.internal.AnnotatedColumn - Binding column: AnnotatedColumn(column='start_time')
13:10:15.087 [main] DEBUG org.hibernate.boot.model.internal.PropertyBinder - MetadataSourceProcessor property startTime with lazy=false
13:10:15.087 [main] DEBUG org.hibernate.boot.model.internal.AbstractPropertyHolder - Attempting to locate auto-apply AttributeConverter for property [org.frcpm.models.Meeting:startTime]
13:10:15.087 [main] DEBUG org.hibernate.boot.model.internal.BasicValueBinder - building BasicValue for startTime
13:10:15.087 [main] DEBUG org.hibernate.mapping.BasicValue - Skipping column re-registration: meetings.start_time
13:10:15.087 [main] DEBUG org.hibernate.boot.model.internal.PropertyBinder - Building property startTime
13:10:15.088 [main] DEBUG org.hibernate.boot.registry.classloading.internal.ClassLoaderServiceImpl - HHH000194: Package not found or no package-info.java: org.frcpm.models
13:10:15.088 [main] DEBUG org.hibernate.boot.model.internal.EntityBinder - Binding entity from annotated class: org.frcpm.models.Subsystem
13:10:15.088 [main] DEBUG org.hibernate.boot.model.internal.EntityBinder - Import with entity name Subsystem
13:10:15.088 [main] DEBUG org.hibernate.boot.model.internal.EntityBinder - Bind entity org.frcpm.models.Subsystem on table subsystems
13:10:15.088 [main] DEBUG org.hibernate.boot.model.internal.AnnotatedColumn - Binding column: AnnotatedDiscriminatorColumn(column='DTYPE')
13:10:15.088 [main] DEBUG org.hibernate.boot.model.internal.AnnotatedColumn - Binding column: AnnotatedColumn()
13:10:15.088 [main] DEBUG org.hibernate.boot.internal.ClassLoaderAccessImpl - Not known whether passed class name [org.frcpm.models.Subsystem] is safe
13:10:15.088 [main] DEBUG org.hibernate.boot.internal.ClassLoaderAccessImpl - No temp ClassLoader provided; using live ClassLoader for loading potentially unsafe class : org.frcpm.models.Subsystem
13:10:15.088 [main] DEBUG org.hibernate.boot.model.internal.PropertyBinder - MetadataSourceProcessor property id with lazy=false
13:10:15.088 [main] DEBUG org.hibernate.boot.model.internal.AbstractPropertyHolder - Attempting to locate auto-apply AttributeConverter for property [org.frcpm.models.Subsystem:id]
13:10:15.088 [main] DEBUG org.hibernate.boot.model.internal.BasicValueBinder - building BasicValue for id
13:10:15.088 [main] DEBUG org.hibernate.mapping.BasicValue - Skipping column re-registration: subsystems.id
13:10:15.088 [main] DEBUG org.hibernate.boot.model.internal.PropertyBinder - Building property id
13:10:15.088 [main] DEBUG org.hibernate.boot.model.internal.BinderHelper - #makeIdGenerator(BasicValue([Column(id)]), id, identity, , ...)
13:10:15.088 [main] DEBUG org.hibernate.boot.model.internal.AnnotatedColumn - Binding column: AnnotatedColumn(column='description')
13:10:15.088 [main] DEBUG org.hibernate.boot.model.internal.PropertyBinder - MetadataSourceProcessor property description with lazy=false
13:10:15.088 [main] DEBUG org.hibernate.boot.model.internal.AbstractPropertyHolder - Attempting to locate auto-apply AttributeConverter for property [org.frcpm.models.Subsystem:description]
13:10:15.088 [main] DEBUG org.hibernate.boot.model.internal.BasicValueBinder - building BasicValue for description
13:10:15.088 [main] DEBUG org.hibernate.mapping.BasicValue - Skipping column re-registration: subsystems.description
13:10:15.088 [main] DEBUG org.hibernate.boot.model.internal.PropertyBinder - Building property description
13:10:15.088 [main] DEBUG org.hibernate.boot.model.internal.AnnotatedColumn - Binding column: AnnotatedColumn(column='name')
13:10:15.088 [main] DEBUG org.hibernate.boot.model.internal.PropertyBinder - MetadataSourceProcessor property name with lazy=false
13:10:15.088 [main] DEBUG org.hibernate.boot.model.internal.AbstractPropertyHolder - Attempting to locate auto-apply AttributeConverter for property [org.frcpm.models.Subsystem:name]
13:10:15.088 [main] DEBUG org.hibernate.boot.model.internal.BasicValueBinder - building BasicValue for name
13:10:15.088 [main] DEBUG org.hibernate.mapping.BasicValue - Skipping column re-registration: subsystems.name
13:10:15.088 [main] DEBUG org.hibernate.boot.model.internal.PropertyBinder - Building property name
13:10:15.088 [main] DEBUG org.hibernate.boot.model.internal.AnnotatedColumn - Binding column: AnnotatedJoinColumn(column='responsible_subteam_id')
13:10:15.088 [main] DEBUG org.hibernate.boot.model.internal.AnnotatedColumn - Binding column: AnnotatedColumn()
13:10:15.088 [main] DEBUG org.hibernate.boot.model.internal.PropertyBinder - Building property responsibleSubteam
13:10:15.088 [main] DEBUG org.hibernate.boot.model.internal.AnnotatedColumn - Binding column: AnnotatedColumn(column='status')
13:10:15.088 [main] DEBUG org.hibernate.boot.model.internal.PropertyBinder - MetadataSourceProcessor property status with lazy=false
13:10:15.088 [main] DEBUG org.hibernate.boot.model.internal.AbstractPropertyHolder - Attempting to locate auto-apply AttributeConverter for property [org.frcpm.models.Subsystem:status]
13:10:15.088 [main] DEBUG org.hibernate.boot.model.internal.BasicValueBinder - building BasicValue for status
13:10:15.088 [main] DEBUG org.hibernate.mapping.BasicValue - Skipping column re-registration: subsystems.status
13:10:15.088 [main] DEBUG org.hibernate.boot.model.internal.PropertyBinder - Building property status
13:10:15.088 [main] DEBUG org.hibernate.boot.model.internal.AnnotatedColumn - Binding column: AnnotatedJoinColumn()
13:10:15.088 [main] DEBUG org.hibernate.boot.model.internal.AnnotatedColumn - Binding column: AnnotatedColumn()
13:10:15.088 [main] DEBUG org.hibernate.boot.model.internal.AnnotatedColumn - Binding column: IndexColumn(column='tasks_ORDER')
13:10:15.088 [main] DEBUG org.hibernate.boot.model.internal.AnnotatedColumn - Binding column: AnnotatedColumn()
13:10:15.088 [main] DEBUG org.hibernate.boot.model.internal.AnnotatedColumn - Binding column: AnnotatedColumn(column='tasks_KEY')
13:10:15.088 [main] DEBUG org.hibernate.boot.model.internal.AnnotatedColumn - Binding column: AnnotatedJoinColumn(column='tasks_KEY')
13:10:15.088 [main] DEBUG org.hibernate.boot.model.internal.AnnotatedColumn - Binding column: AnnotatedJoinColumn()
13:10:15.088 [main] DEBUG org.hibernate.boot.model.internal.AnnotatedColumn - Binding column: AnnotatedJoinColumn()
13:10:15.088 [main] DEBUG org.hibernate.boot.model.internal.CollectionBinder - Collection role: org.frcpm.models.Subsystem.tasks
13:10:15.088 [main] DEBUG org.hibernate.boot.model.internal.PropertyBinder - Building property tasks
13:10:15.089 [main] DEBUG org.hibernate.boot.registry.classloading.internal.ClassLoaderServiceImpl - HHH000194: Package not found or no package-info.java: org.frcpm.models
13:10:15.089 [main] DEBUG org.hibernate.boot.model.internal.EntityBinder - Binding entity from annotated class: org.frcpm.models.Component
13:10:15.089 [main] DEBUG org.hibernate.boot.model.internal.EntityBinder - Import with entity name Component
13:10:15.089 [main] DEBUG org.hibernate.boot.model.internal.EntityBinder - Bind entity org.frcpm.models.Component on table components
13:10:15.089 [main] DEBUG org.hibernate.boot.model.internal.AnnotatedColumn - Binding column: AnnotatedDiscriminatorColumn(column='DTYPE')
13:10:15.089 [main] DEBUG org.hibernate.boot.model.internal.AnnotatedColumn - Binding column: AnnotatedColumn()
13:10:15.089 [main] DEBUG org.hibernate.boot.internal.ClassLoaderAccessImpl - Not known whether passed class name [org.frcpm.models.Component] is safe
13:10:15.089 [main] DEBUG org.hibernate.boot.internal.ClassLoaderAccessImpl - No temp ClassLoader provided; using live ClassLoader for loading potentially unsafe class : org.frcpm.models.Component
13:10:15.089 [main] DEBUG org.hibernate.boot.model.internal.PropertyBinder - MetadataSourceProcessor property id with lazy=false
13:10:15.089 [main] DEBUG org.hibernate.boot.model.internal.AbstractPropertyHolder - Attempting to locate auto-apply AttributeConverter for property [org.frcpm.models.Component:id]
13:10:15.089 [main] DEBUG org.hibernate.boot.model.internal.BasicValueBinder - building BasicValue for id
13:10:15.089 [main] DEBUG org.hibernate.mapping.BasicValue - Skipping column re-registration: components.id
13:10:15.089 [main] DEBUG org.hibernate.boot.model.internal.PropertyBinder - Building property id
13:10:15.089 [main] DEBUG org.hibernate.boot.model.internal.BinderHelper - #makeIdGenerator(BasicValue([Column(id)]), id, identity, , ...)
13:10:15.089 [main] DEBUG org.hibernate.boot.model.internal.AnnotatedColumn - Binding column: AnnotatedColumn(column='actual_delivery')
13:10:15.089 [main] DEBUG org.hibernate.boot.model.internal.PropertyBinder - MetadataSourceProcessor property actualDelivery with lazy=false
13:10:15.089 [main] DEBUG org.hibernate.boot.model.internal.AbstractPropertyHolder - Attempting to locate auto-apply AttributeConverter for property [org.frcpm.models.Component:actualDelivery]
13:10:15.089 [main] DEBUG org.hibernate.boot.model.internal.BasicValueBinder - building BasicValue for actualDelivery
13:10:15.089 [main] DEBUG org.hibernate.mapping.BasicValue - Skipping column re-registration: components.actual_delivery
13:10:15.089 [main] DEBUG org.hibernate.boot.model.internal.PropertyBinder - Building property actualDelivery
13:10:15.089 [main] DEBUG org.hibernate.boot.model.internal.AnnotatedColumn - Binding column: AnnotatedColumn(column='is_delivered')
13:10:15.089 [main] DEBUG org.hibernate.boot.model.internal.PropertyBinder - MetadataSourceProcessor property delivered with lazy=false
13:10:15.089 [main] DEBUG org.hibernate.boot.model.internal.AbstractPropertyHolder - Attempting to locate auto-apply AttributeConverter for property [org.frcpm.models.Component:delivered]
13:10:15.089 [main] DEBUG org.hibernate.boot.model.internal.BasicValueBinder - building BasicValue for delivered
13:10:15.089 [main] DEBUG org.hibernate.mapping.BasicValue - Skipping column re-registration: components.is_delivered
13:10:15.090 [main] DEBUG org.hibernate.boot.model.internal.PropertyBinder - Building property delivered
13:10:15.090 [main] DEBUG org.hibernate.boot.model.internal.AnnotatedColumn - Binding column: AnnotatedColumn(column='description')
13:10:15.090 [main] DEBUG org.hibernate.boot.model.internal.PropertyBinder - MetadataSourceProcessor property description with lazy=false
13:10:15.090 [main] DEBUG org.hibernate.boot.model.internal.AbstractPropertyHolder - Attempting to locate auto-apply AttributeConverter for property [org.frcpm.models.Component:description]
13:10:15.090 [main] DEBUG org.hibernate.boot.model.internal.BasicValueBinder - building BasicValue for description
13:10:15.090 [main] DEBUG org.hibernate.mapping.BasicValue - Skipping column re-registration: components.description
13:10:15.090 [main] DEBUG org.hibernate.boot.model.internal.PropertyBinder - Building property description
13:10:15.090 [main] DEBUG org.hibernate.boot.model.internal.AnnotatedColumn - Binding column: AnnotatedColumn(column='expected_delivery')
13:10:15.090 [main] DEBUG org.hibernate.boot.model.internal.PropertyBinder - MetadataSourceProcessor property expectedDelivery with lazy=false
13:10:15.090 [main] DEBUG org.hibernate.boot.model.internal.AbstractPropertyHolder - Attempting to locate auto-apply AttributeConverter for property [org.frcpm.models.Component:expectedDelivery]
13:10:15.090 [main] DEBUG org.hibernate.boot.model.internal.BasicValueBinder - building BasicValue for expectedDelivery
13:10:15.090 [main] DEBUG org.hibernate.mapping.BasicValue - Skipping column re-registration: components.expected_delivery
13:10:15.090 [main] DEBUG org.hibernate.boot.model.internal.PropertyBinder - Building property expectedDelivery
13:10:15.090 [main] DEBUG org.hibernate.boot.model.internal.AnnotatedColumn - Binding column: AnnotatedColumn(column='name')
13:10:15.090 [main] DEBUG org.hibernate.boot.model.internal.PropertyBinder - MetadataSourceProcessor property name with lazy=false
13:10:15.090 [main] DEBUG org.hibernate.boot.model.internal.AbstractPropertyHolder - Attempting to locate auto-apply AttributeConverter for property [org.frcpm.models.Component:name]
13:10:15.090 [main] DEBUG org.hibernate.boot.model.internal.BasicValueBinder - building BasicValue for name
13:10:15.090 [main] DEBUG org.hibernate.mapping.BasicValue - Skipping column re-registration: components.name
13:10:15.090 [main] DEBUG org.hibernate.boot.model.internal.PropertyBinder - Building property name
13:10:15.090 [main] DEBUG org.hibernate.boot.model.internal.AnnotatedColumn - Binding column: AnnotatedColumn(column='part_number')
13:10:15.090 [main] DEBUG org.hibernate.boot.model.internal.PropertyBinder - MetadataSourceProcessor property partNumber with lazy=false
13:10:15.090 [main] DEBUG org.hibernate.boot.model.internal.AbstractPropertyHolder - Attempting to locate auto-apply AttributeConverter for property [org.frcpm.models.Component:partNumber]
13:10:15.090 [main] DEBUG org.hibernate.boot.model.internal.BasicValueBinder - building BasicValue for partNumber
13:10:15.090 [main] DEBUG org.hibernate.mapping.BasicValue - Skipping column re-registration: components.part_number
13:10:15.090 [main] DEBUG org.hibernate.boot.model.internal.PropertyBinder - Building property partNumber
13:10:15.090 [main] DEBUG org.hibernate.boot.model.internal.AnnotatedColumn - Binding column: IndexColumn(column='requiredForTasks_ORDER')
13:10:15.090 [main] DEBUG org.hibernate.boot.model.internal.AnnotatedColumn - Binding column: AnnotatedColumn()
13:10:15.090 [main] DEBUG org.hibernate.boot.model.internal.AnnotatedColumn - Binding column: AnnotatedColumn(column='requiredForTasks_KEY')
13:10:15.090 [main] DEBUG org.hibernate.boot.model.internal.AnnotatedColumn - Binding column: AnnotatedJoinColumn(column='requiredForTasks_KEY')
13:10:15.090 [main] DEBUG org.hibernate.boot.model.internal.AnnotatedColumn - Binding column: AnnotatedJoinColumn()
13:10:15.090 [main] DEBUG org.hibernate.boot.model.internal.AnnotatedColumn - Binding column: AnnotatedJoinColumn()
13:10:15.090 [main] DEBUG org.hibernate.boot.model.internal.CollectionBinder - Collection role: org.frcpm.models.Component.requiredForTasks
13:10:15.090 [main] DEBUG org.hibernate.boot.model.internal.PropertyBinder - Building property requiredForTasks
13:10:15.090 [main] DEBUG org.hibernate.boot.registry.classloading.internal.ClassLoaderServiceImpl - HHH000194: Package not found or no package-info.java: org.frcpm.models
13:10:15.090 [main] DEBUG org.hibernate.boot.model.internal.EntityBinder - Binding entity from annotated class: org.frcpm.models.Milestone
13:10:15.090 [main] DEBUG org.hibernate.boot.model.internal.EntityBinder - Import with entity name Milestone
13:10:15.090 [main] DEBUG org.hibernate.boot.model.internal.EntityBinder - Bind entity org.frcpm.models.Milestone on table milestones
13:10:15.090 [main] DEBUG org.hibernate.boot.model.internal.AnnotatedColumn - Binding column: AnnotatedDiscriminatorColumn(column='DTYPE')
13:10:15.090 [main] DEBUG org.hibernate.boot.model.internal.AnnotatedColumn - Binding column: AnnotatedColumn()
13:10:15.090 [main] DEBUG org.hibernate.boot.internal.ClassLoaderAccessImpl - Not known whether passed class name [org.frcpm.models.Milestone] is safe
13:10:15.090 [main] DEBUG org.hibernate.boot.internal.ClassLoaderAccessImpl - No temp ClassLoader provided; using live ClassLoader for loading potentially unsafe class : org.frcpm.models.Milestone
13:10:15.090 [main] DEBUG org.hibernate.boot.model.internal.PropertyBinder - MetadataSourceProcessor property id with lazy=false
13:10:15.090 [main] DEBUG org.hibernate.boot.model.internal.AbstractPropertyHolder - Attempting to locate auto-apply AttributeConverter for property [org.frcpm.models.Milestone:id]
13:10:15.090 [main] DEBUG org.hibernate.boot.model.internal.BasicValueBinder - building BasicValue for id
13:10:15.090 [main] DEBUG org.hibernate.mapping.BasicValue - Skipping column re-registration: milestones.id
13:10:15.090 [main] DEBUG org.hibernate.boot.model.internal.PropertyBinder - Building property id
13:10:15.090 [main] DEBUG org.hibernate.boot.model.internal.BinderHelper - #makeIdGenerator(BasicValue([Column(id)]), id, identity, , ...)
13:10:15.090 [main] DEBUG org.hibernate.boot.model.internal.AnnotatedColumn - Binding column: AnnotatedColumn(column='date')
13:10:15.090 [main] DEBUG org.hibernate.boot.model.internal.PropertyBinder - MetadataSourceProcessor property date with lazy=false
13:10:15.090 [main] DEBUG org.hibernate.boot.model.internal.AbstractPropertyHolder - Attempting to locate auto-apply AttributeConverter for property [org.frcpm.models.Milestone:date]
13:10:15.090 [main] DEBUG org.hibernate.boot.model.internal.BasicValueBinder - building BasicValue for date
13:10:15.090 [main] DEBUG org.hibernate.mapping.BasicValue - Skipping column re-registration: milestones.date
13:10:15.090 [main] DEBUG org.hibernate.boot.model.internal.PropertyBinder - Building property date
13:10:15.091 [main] DEBUG org.hibernate.boot.model.internal.AnnotatedColumn - Binding column: AnnotatedColumn(column='description')
13:10:15.091 [main] DEBUG org.hibernate.boot.model.internal.PropertyBinder - MetadataSourceProcessor property description with lazy=false
13:10:15.091 [main] DEBUG org.hibernate.boot.model.internal.AbstractPropertyHolder - Attempting to locate auto-apply AttributeConverter for property [org.frcpm.models.Milestone:description]
13:10:15.091 [main] DEBUG org.hibernate.boot.model.internal.BasicValueBinder - building BasicValue for description
13:10:15.091 [main] DEBUG org.hibernate.mapping.BasicValue - Skipping column re-registration: milestones.description
13:10:15.091 [main] DEBUG org.hibernate.boot.model.internal.PropertyBinder - Building property description
13:10:15.091 [main] DEBUG org.hibernate.boot.model.internal.AnnotatedColumn - Binding column: AnnotatedColumn(column='name')
13:10:15.091 [main] DEBUG org.hibernate.boot.model.internal.PropertyBinder - MetadataSourceProcessor property name with lazy=false
13:10:15.091 [main] DEBUG org.hibernate.boot.model.internal.AbstractPropertyHolder - Attempting to locate auto-apply AttributeConverter for property [org.frcpm.models.Milestone:name]
13:10:15.091 [main] DEBUG org.hibernate.boot.model.internal.BasicValueBinder - building BasicValue for name
13:10:15.091 [main] DEBUG org.hibernate.mapping.BasicValue - Skipping column re-registration: milestones.name
13:10:15.091 [main] DEBUG org.hibernate.boot.model.internal.PropertyBinder - Building property name
13:10:15.091 [main] DEBUG org.hibernate.boot.model.internal.AnnotatedColumn - Binding column: AnnotatedJoinColumn(column='project_id')
13:10:15.091 [main] DEBUG org.hibernate.boot.model.internal.AnnotatedColumn - Binding column: AnnotatedColumn()
13:10:15.091 [main] DEBUG org.hibernate.boot.model.internal.PropertyBinder - Building property project
13:10:15.091 [main] DEBUG org.hibernate.boot.registry.classloading.internal.ClassLoaderServiceImpl - HHH000194: Package not found or no package-info.java: org.frcpm.models
13:10:15.091 [main] DEBUG org.hibernate.boot.model.internal.EntityBinder - Binding entity from annotated class: org.frcpm.models.Project
13:10:15.091 [main] DEBUG org.hibernate.boot.model.internal.EntityBinder - Import with entity name Project
13:10:15.091 [main] DEBUG org.hibernate.boot.model.internal.EntityBinder - Bind entity org.frcpm.models.Project on table projects
13:10:15.091 [main] DEBUG org.hibernate.boot.model.internal.AnnotatedColumn - Binding column: AnnotatedDiscriminatorColumn(column='DTYPE')
13:10:15.091 [main] DEBUG org.hibernate.boot.model.internal.AnnotatedColumn - Binding column: AnnotatedColumn()
13:10:15.091 [main] DEBUG org.hibernate.boot.internal.ClassLoaderAccessImpl - Not known whether passed class name [org.frcpm.models.Project] is safe
13:10:15.091 [main] DEBUG org.hibernate.boot.internal.ClassLoaderAccessImpl - No temp ClassLoader provided; using live ClassLoader for loading potentially unsafe class : org.frcpm.models.Project
13:10:15.092 [main] DEBUG org.hibernate.boot.model.internal.PropertyBinder - MetadataSourceProcessor property id with lazy=false
13:10:15.092 [main] DEBUG org.hibernate.boot.model.internal.AbstractPropertyHolder - Attempting to locate auto-apply AttributeConverter for property [org.frcpm.models.Project:id]
13:10:15.092 [main] DEBUG org.hibernate.boot.model.internal.BasicValueBinder - building BasicValue for id
13:10:15.092 [main] DEBUG org.hibernate.mapping.BasicValue - Skipping column re-registration: projects.id
13:10:15.092 [main] DEBUG org.hibernate.boot.model.internal.PropertyBinder - Building property id
13:10:15.092 [main] DEBUG org.hibernate.boot.model.internal.BinderHelper - #makeIdGenerator(BasicValue([Column(id)]), id, identity, , ...)
13:10:15.092 [main] DEBUG org.hibernate.boot.model.internal.AnnotatedColumn - Binding column: AnnotatedColumn(column='description')
13:10:15.092 [main] DEBUG org.hibernate.boot.model.internal.PropertyBinder - MetadataSourceProcessor property description with lazy=false
13:10:15.092 [main] DEBUG org.hibernate.boot.model.internal.AbstractPropertyHolder - Attempting to locate auto-apply AttributeConverter for property [org.frcpm.models.Project:description]
13:10:15.092 [main] DEBUG org.hibernate.boot.model.internal.BasicValueBinder - building BasicValue for description
13:10:15.092 [main] DEBUG org.hibernate.mapping.BasicValue - Skipping column re-registration: projects.description
13:10:15.092 [main] DEBUG org.hibernate.boot.model.internal.PropertyBinder - Building property description
13:10:15.092 [main] DEBUG org.hibernate.boot.model.internal.AnnotatedColumn - Binding column: AnnotatedColumn(column='goal_end_date')
13:10:15.092 [main] DEBUG org.hibernate.boot.model.internal.PropertyBinder - MetadataSourceProcessor property goalEndDate with lazy=false
13:10:15.092 [main] DEBUG org.hibernate.boot.model.internal.AbstractPropertyHolder - Attempting to locate auto-apply AttributeConverter for property [org.frcpm.models.Project:goalEndDate]
13:10:15.092 [main] DEBUG org.hibernate.boot.model.internal.BasicValueBinder - building BasicValue for goalEndDate
13:10:15.092 [main] DEBUG org.hibernate.mapping.BasicValue - Skipping column re-registration: projects.goal_end_date
13:10:15.092 [main] DEBUG org.hibernate.boot.model.internal.PropertyBinder - Building property goalEndDate
13:10:15.092 [main] DEBUG org.hibernate.boot.model.internal.AnnotatedColumn - Binding column: AnnotatedColumn(column='hard_deadline')
13:10:15.092 [main] DEBUG org.hibernate.boot.model.internal.PropertyBinder - MetadataSourceProcessor property hardDeadline with lazy=false
13:10:15.092 [main] DEBUG org.hibernate.boot.model.internal.AbstractPropertyHolder - Attempting to locate auto-apply AttributeConverter for property [org.frcpm.models.Project:hardDeadline]
13:10:15.092 [main] DEBUG org.hibernate.boot.model.internal.BasicValueBinder - building BasicValue for hardDeadline
13:10:15.092 [main] DEBUG org.hibernate.mapping.BasicValue - Skipping column re-registration: projects.hard_deadline
13:10:15.092 [main] DEBUG org.hibernate.boot.model.internal.PropertyBinder - Building property hardDeadline
13:10:15.092 [main] DEBUG org.hibernate.boot.model.internal.AnnotatedColumn - Binding column: AnnotatedJoinColumn()
13:10:15.092 [main] DEBUG org.hibernate.boot.model.internal.AnnotatedColumn - Binding column: AnnotatedColumn()
13:10:15.092 [main] DEBUG org.hibernate.boot.model.internal.AnnotatedColumn - Binding column: IndexColumn(column='meetings_ORDER')
13:10:15.092 [main] DEBUG org.hibernate.boot.model.internal.AnnotatedColumn - Binding column: AnnotatedColumn()
13:10:15.092 [main] DEBUG org.hibernate.boot.model.internal.AnnotatedColumn - Binding column: AnnotatedColumn(column='meetings_KEY')
13:10:15.092 [main] DEBUG org.hibernate.boot.model.internal.AnnotatedColumn - Binding column: AnnotatedJoinColumn(column='meetings_KEY')
13:10:15.092 [main] DEBUG org.hibernate.boot.model.internal.AnnotatedColumn - Binding column: AnnotatedJoinColumn()
13:10:15.092 [main] DEBUG org.hibernate.boot.model.internal.AnnotatedColumn - Binding column: AnnotatedJoinColumn()
13:10:15.092 [main] DEBUG org.hibernate.boot.model.internal.CollectionBinder - Collection role: org.frcpm.models.Project.meetings
13:10:15.092 [main] DEBUG org.hibernate.boot.model.internal.PropertyBinder - Building property meetings
13:10:15.092 [main] DEBUG org.hibernate.boot.model.internal.AnnotatedColumn - Binding column: AnnotatedJoinColumn()
13:10:15.092 [main] DEBUG org.hibernate.boot.model.internal.AnnotatedColumn - Binding column: AnnotatedColumn()
13:10:15.092 [main] DEBUG org.hibernate.boot.model.internal.AnnotatedColumn - Binding column: IndexColumn(column='milestones_ORDER')
13:10:15.092 [main] DEBUG org.hibernate.boot.model.internal.AnnotatedColumn - Binding column: AnnotatedColumn()
13:10:15.092 [main] DEBUG org.hibernate.boot.model.internal.AnnotatedColumn - Binding column: AnnotatedColumn(column='milestones_KEY')
13:10:15.092 [main] DEBUG org.hibernate.boot.model.internal.AnnotatedColumn - Binding column: AnnotatedJoinColumn(column='milestones_KEY')
13:10:15.092 [main] DEBUG org.hibernate.boot.model.internal.AnnotatedColumn - Binding column: AnnotatedJoinColumn()
13:10:15.092 [main] DEBUG org.hibernate.boot.model.internal.AnnotatedColumn - Binding column: AnnotatedJoinColumn()
13:10:15.092 [main] DEBUG org.hibernate.boot.model.internal.CollectionBinder - Collection role: org.frcpm.models.Project.milestones
13:10:15.092 [main] DEBUG org.hibernate.boot.model.internal.PropertyBinder - Building property milestones
13:10:15.092 [main] DEBUG org.hibernate.boot.model.internal.AnnotatedColumn - Binding column: AnnotatedColumn(column='name')
13:10:15.092 [main] DEBUG org.hibernate.boot.model.internal.PropertyBinder - MetadataSourceProcessor property name with lazy=false
13:10:15.092 [main] DEBUG org.hibernate.boot.model.internal.AbstractPropertyHolder - Attempting to locate auto-apply AttributeConverter for property [org.frcpm.models.Project:name]
13:10:15.092 [main] DEBUG org.hibernate.boot.model.internal.BasicValueBinder - building BasicValue for name
13:10:15.092 [main] DEBUG org.hibernate.mapping.BasicValue - Skipping column re-registration: projects.name
13:10:15.092 [main] DEBUG org.hibernate.boot.model.internal.PropertyBinder - Building property name
13:10:15.092 [main] DEBUG org.hibernate.boot.model.internal.AnnotatedColumn - Binding column: AnnotatedColumn(column='start_date')
13:10:15.092 [main] DEBUG org.hibernate.boot.model.internal.PropertyBinder - MetadataSourceProcessor property startDate with lazy=false
13:10:15.092 [main] DEBUG org.hibernate.boot.model.internal.AbstractPropertyHolder - Attempting to locate auto-apply AttributeConverter for property [org.frcpm.models.Project:startDate]
13:10:15.092 [main] DEBUG org.hibernate.boot.model.internal.BasicValueBinder - building BasicValue for startDate
13:10:15.092 [main] DEBUG org.hibernate.mapping.BasicValue - Skipping column re-registration: projects.start_date
13:10:15.092 [main] DEBUG org.hibernate.boot.model.internal.PropertyBinder - Building property startDate
13:10:15.092 [main] DEBUG org.hibernate.boot.model.internal.AnnotatedColumn - Binding column: AnnotatedJoinColumn()
13:10:15.092 [main] DEBUG org.hibernate.boot.model.internal.AnnotatedColumn - Binding column: AnnotatedColumn()
13:10:15.092 [main] DEBUG org.hibernate.boot.model.internal.AnnotatedColumn - Binding column: IndexColumn(column='tasks_ORDER')
13:10:15.093 [main] DEBUG org.hibernate.boot.model.internal.AnnotatedColumn - Binding column: AnnotatedColumn()
13:10:15.093 [main] DEBUG org.hibernate.boot.model.internal.AnnotatedColumn - Binding column: AnnotatedColumn(column='tasks_KEY')
13:10:15.093 [main] DEBUG org.hibernate.boot.model.internal.AnnotatedColumn - Binding column: AnnotatedJoinColumn(column='tasks_KEY')
13:10:15.093 [main] DEBUG org.hibernate.boot.model.internal.AnnotatedColumn - Binding column: AnnotatedJoinColumn()
13:10:15.093 [main] DEBUG org.hibernate.boot.model.internal.AnnotatedColumn - Binding column: AnnotatedJoinColumn()
13:10:15.093 [main] DEBUG org.hibernate.boot.model.internal.CollectionBinder - Collection role: org.frcpm.models.Project.tasks
13:10:15.093 [main] DEBUG org.hibernate.boot.model.internal.PropertyBinder - Building property tasks
13:10:15.093 [main] DEBUG org.hibernate.boot.registry.classloading.internal.ClassLoaderServiceImpl - HHH000194: Package not found or no package-info.java: org.frcpm.models
13:10:15.094 [main] DEBUG org.hibernate.boot.model.internal.EntityBinder - Binding entity from annotated class: org.frcpm.models.Subteam
13:10:15.094 [main] DEBUG org.hibernate.boot.model.internal.EntityBinder - Import with entity name Subteam
13:10:15.094 [main] DEBUG org.hibernate.boot.model.internal.EntityBinder - Bind entity org.frcpm.models.Subteam on table subteams
13:10:15.094 [main] DEBUG org.hibernate.boot.model.internal.AnnotatedColumn - Binding column: AnnotatedDiscriminatorColumn(column='DTYPE')
13:10:15.094 [main] DEBUG org.hibernate.boot.model.internal.AnnotatedColumn - Binding column: AnnotatedColumn()
13:10:15.094 [main] DEBUG org.hibernate.boot.internal.ClassLoaderAccessImpl - Not known whether passed class name [org.frcpm.models.Subteam] is safe
13:10:15.094 [main] DEBUG org.hibernate.boot.internal.ClassLoaderAccessImpl - No temp ClassLoader provided; using live ClassLoader for loading potentially unsafe class : org.frcpm.models.Subteam
13:10:15.094 [main] DEBUG org.hibernate.boot.model.internal.PropertyBinder - MetadataSourceProcessor property id with lazy=false
13:10:15.094 [main] DEBUG org.hibernate.boot.model.internal.AbstractPropertyHolder - Attempting to locate auto-apply AttributeConverter for property [org.frcpm.models.Subteam:id]
13:10:15.094 [main] DEBUG org.hibernate.boot.model.internal.BasicValueBinder - building BasicValue for id
13:10:15.094 [main] DEBUG org.hibernate.mapping.BasicValue - Skipping column re-registration: subteams.id
13:10:15.094 [main] DEBUG org.hibernate.boot.model.internal.PropertyBinder - Building property id
13:10:15.094 [main] DEBUG org.hibernate.boot.model.internal.BinderHelper - #makeIdGenerator(BasicValue([Column(id)]), id, identity, , ...)
13:10:15.094 [main] DEBUG org.hibernate.boot.model.internal.AnnotatedColumn - Binding column: AnnotatedColumn(column='color_code')
13:10:15.094 [main] DEBUG org.hibernate.boot.model.internal.PropertyBinder - MetadataSourceProcessor property colorCode with lazy=false
13:10:15.094 [main] DEBUG org.hibernate.boot.model.internal.AbstractPropertyHolder - Attempting to locate auto-apply AttributeConverter for property [org.frcpm.models.Subteam:colorCode]
13:10:15.094 [main] DEBUG org.hibernate.boot.model.internal.BasicValueBinder - building BasicValue for colorCode
13:10:15.094 [main] DEBUG org.hibernate.mapping.BasicValue - Skipping column re-registration: subteams.color_code
13:10:15.094 [main] DEBUG org.hibernate.boot.model.internal.PropertyBinder - Building property colorCode
13:10:15.094 [main] DEBUG org.hibernate.boot.model.internal.AnnotatedColumn - Binding column: AnnotatedJoinColumn()
13:10:15.094 [main] DEBUG org.hibernate.boot.model.internal.AnnotatedColumn - Binding column: AnnotatedColumn()
13:10:15.094 [main] DEBUG org.hibernate.boot.model.internal.AnnotatedColumn - Binding column: IndexColumn(column='members_ORDER')
13:10:15.094 [main] DEBUG org.hibernate.boot.model.internal.AnnotatedColumn - Binding column: AnnotatedColumn()
13:10:15.094 [main] DEBUG org.hibernate.boot.model.internal.AnnotatedColumn - Binding column: AnnotatedColumn(column='members_KEY')
13:10:15.094 [main] DEBUG org.hibernate.boot.model.internal.AnnotatedColumn - Binding column: AnnotatedJoinColumn(column='members_KEY')
13:10:15.094 [main] DEBUG org.hibernate.boot.model.internal.AnnotatedColumn - Binding column: AnnotatedJoinColumn()
13:10:15.094 [main] DEBUG org.hibernate.boot.model.internal.AnnotatedColumn - Binding column: AnnotatedJoinColumn()
13:10:15.094 [main] DEBUG org.hibernate.boot.model.internal.CollectionBinder - Collection role: org.frcpm.models.Subteam.members
13:10:15.094 [main] DEBUG org.hibernate.boot.model.internal.PropertyBinder - Building property members
13:10:15.094 [main] DEBUG org.hibernate.boot.model.internal.AnnotatedColumn - Binding column: AnnotatedColumn(column='name')
13:10:15.094 [main] DEBUG org.hibernate.boot.model.internal.PropertyBinder - MetadataSourceProcessor property name with lazy=false
13:10:15.094 [main] DEBUG org.hibernate.boot.model.internal.AbstractPropertyHolder - Attempting to locate auto-apply AttributeConverter for property [org.frcpm.models.Subteam:name]
13:10:15.094 [main] DEBUG org.hibernate.boot.model.internal.BasicValueBinder - building BasicValue for name
13:10:15.094 [main] DEBUG org.hibernate.mapping.BasicValue - Skipping column re-registration: subteams.name
13:10:15.094 [main] DEBUG org.hibernate.boot.model.internal.PropertyBinder - Building property name
13:10:15.094 [main] DEBUG org.hibernate.boot.model.internal.AnnotatedColumn - Binding column: AnnotatedColumn(column='specialties')
13:10:15.094 [main] DEBUG org.hibernate.boot.model.internal.PropertyBinder - MetadataSourceProcessor property specialties with lazy=false
13:10:15.094 [main] DEBUG org.hibernate.boot.model.internal.AbstractPropertyHolder - Attempting to locate auto-apply AttributeConverter for property [org.frcpm.models.Subteam:specialties]
13:10:15.094 [main] DEBUG org.hibernate.boot.model.internal.BasicValueBinder - building BasicValue for specialties
13:10:15.094 [main] DEBUG org.hibernate.mapping.BasicValue - Skipping column re-registration: subteams.specialties
13:10:15.094 [main] DEBUG org.hibernate.boot.model.internal.PropertyBinder - Building property specialties
13:10:15.094 [main] DEBUG org.hibernate.boot.model.internal.AnnotatedColumn - Binding column: AnnotatedJoinColumn()
13:10:15.094 [main] DEBUG org.hibernate.boot.model.internal.AnnotatedColumn - Binding column: AnnotatedColumn()
13:10:15.095 [main] DEBUG org.hibernate.boot.model.internal.AnnotatedColumn - Binding column: IndexColumn(column='subsystems_ORDER')
13:10:15.095 [main] DEBUG org.hibernate.boot.model.internal.AnnotatedColumn - Binding column: AnnotatedColumn()
13:10:15.095 [main] DEBUG org.hibernate.boot.model.internal.AnnotatedColumn - Binding column: AnnotatedColumn(column='subsystems_KEY')
13:10:15.095 [main] DEBUG org.hibernate.boot.model.internal.AnnotatedColumn - Binding column: AnnotatedJoinColumn(column='subsystems_KEY')
13:10:15.095 [main] DEBUG org.hibernate.boot.model.internal.AnnotatedColumn - Binding column: AnnotatedJoinColumn()
13:10:15.095 [main] DEBUG org.hibernate.boot.model.internal.AnnotatedColumn - Binding column: AnnotatedJoinColumn()
13:10:15.095 [main] DEBUG org.hibernate.boot.model.internal.CollectionBinder - Collection role: org.frcpm.models.Subteam.subsystems
13:10:15.095 [main] DEBUG org.hibernate.boot.model.internal.PropertyBinder - Building property subsystems
13:10:15.095 [main] DEBUG org.hibernate.boot.registry.classloading.internal.ClassLoaderServiceImpl - HHH000194: Package not found or no package-info.java: org.frcpm.models
13:10:15.095 [main] DEBUG org.hibernate.boot.model.internal.EntityBinder - Binding entity from annotated class: org.frcpm.models.Task
13:10:15.095 [main] DEBUG org.hibernate.boot.model.internal.EntityBinder - Import with entity name Task
13:10:15.095 [main] DEBUG org.hibernate.boot.model.internal.EntityBinder - Bind entity org.frcpm.models.Task on table tasks
13:10:15.095 [main] DEBUG org.hibernate.boot.model.internal.AnnotatedColumn - Binding column: AnnotatedDiscriminatorColumn(column='DTYPE')
13:10:15.095 [main] DEBUG org.hibernate.boot.model.internal.AnnotatedColumn - Binding column: AnnotatedColumn()
13:10:15.095 [main] DEBUG org.hibernate.boot.internal.ClassLoaderAccessImpl - Not known whether passed class name [org.frcpm.models.Task] is safe
13:10:15.095 [main] DEBUG org.hibernate.boot.internal.ClassLoaderAccessImpl - No temp ClassLoader provided; using live ClassLoader for loading potentially unsafe class : org.frcpm.models.Task
13:10:15.095 [main] DEBUG org.hibernate.boot.model.internal.PropertyBinder - MetadataSourceProcessor property id with lazy=false
13:10:15.095 [main] DEBUG org.hibernate.boot.model.internal.AbstractPropertyHolder - Attempting to locate auto-apply AttributeConverter for property [org.frcpm.models.Task:id]
13:10:15.095 [main] DEBUG org.hibernate.boot.model.internal.BasicValueBinder - building BasicValue for id
13:10:15.095 [main] DEBUG org.hibernate.mapping.BasicValue - Skipping column re-registration: tasks.id
13:10:15.096 [main] DEBUG org.hibernate.boot.model.internal.PropertyBinder - Building property id
13:10:15.096 [main] DEBUG org.hibernate.boot.model.internal.BinderHelper - #makeIdGenerator(BasicValue([Column(id)]), id, identity, , ...)
13:10:15.096 [main] DEBUG org.hibernate.boot.model.internal.AnnotatedColumn - Binding column: AnnotatedColumn(column='actual_duration_seconds')
13:10:15.096 [main] DEBUG org.hibernate.boot.model.internal.PropertyBinder - MetadataSourceProcessor property actualDurationSeconds with lazy=false
13:10:15.096 [main] DEBUG org.hibernate.boot.model.internal.AbstractPropertyHolder - Attempting to locate auto-apply AttributeConverter for property [org.frcpm.models.Task:actualDurationSeconds]
13:10:15.096 [main] DEBUG org.hibernate.boot.model.internal.BasicValueBinder - building BasicValue for actualDurationSeconds
13:10:15.096 [main] DEBUG org.hibernate.mapping.BasicValue - Skipping column re-registration: tasks.actual_duration_seconds
13:10:15.096 [main] DEBUG org.hibernate.boot.model.internal.PropertyBinder - Building property actualDurationSeconds
13:10:15.096 [main] DEBUG org.hibernate.boot.model.internal.AnnotatedColumn - Binding column: IndexColumn(column='assignedTo_ORDER')
13:10:15.096 [main] DEBUG org.hibernate.boot.model.internal.AnnotatedColumn - Binding column: AnnotatedColumn()
13:10:15.096 [main] DEBUG org.hibernate.boot.model.internal.AnnotatedColumn - Binding column: AnnotatedColumn(column='assignedTo_KEY')
13:10:15.096 [main] DEBUG org.hibernate.boot.model.internal.AnnotatedColumn - Binding column: AnnotatedJoinColumn(column='assignedTo_KEY')
13:10:15.096 [main] DEBUG org.hibernate.boot.model.internal.AnnotatedColumn - Binding column: AnnotatedJoinColumn(column='task_id')
13:10:15.096 [main] DEBUG org.hibernate.boot.model.internal.AnnotatedColumn - Binding column: AnnotatedJoinColumn(column='team_member_id')
13:10:15.096 [main] DEBUG org.hibernate.boot.model.internal.CollectionBinder - Collection role: org.frcpm.models.Task.assignedTo
13:10:15.096 [main] DEBUG org.hibernate.boot.model.internal.PropertyBinder - Building property assignedTo
13:10:15.096 [main] DEBUG org.hibernate.boot.model.internal.AnnotatedColumn - Binding column: AnnotatedColumn(column='completed')
13:10:15.096 [main] DEBUG org.hibernate.boot.model.internal.PropertyBinder - MetadataSourceProcessor property completed with lazy=false
13:10:15.096 [main] DEBUG org.hibernate.boot.model.internal.AbstractPropertyHolder - Attempting to locate auto-apply AttributeConverter for property [org.frcpm.models.Task:completed]
13:10:15.096 [main] DEBUG org.hibernate.boot.model.internal.BasicValueBinder - building BasicValue for completed
13:10:15.096 [main] DEBUG org.hibernate.mapping.BasicValue - Skipping column re-registration: tasks.completed
13:10:15.096 [main] DEBUG org.hibernate.boot.model.internal.PropertyBinder - Building property completed
13:10:15.096 [main] DEBUG org.hibernate.boot.model.internal.AnnotatedColumn - Binding column: AnnotatedColumn(column='description')
13:10:15.096 [main] DEBUG org.hibernate.boot.model.internal.PropertyBinder - MetadataSourceProcessor property description with lazy=false
13:10:15.096 [main] DEBUG org.hibernate.boot.model.internal.AbstractPropertyHolder - Attempting to locate auto-apply AttributeConverter for property [org.frcpm.models.Task:description]
13:10:15.096 [main] DEBUG org.hibernate.boot.model.internal.BasicValueBinder - building BasicValue for description
13:10:15.096 [main] DEBUG org.hibernate.mapping.BasicValue - Skipping column re-registration: tasks.description
13:10:15.096 [main] DEBUG org.hibernate.boot.model.internal.PropertyBinder - Building property description
13:10:15.096 [main] DEBUG org.hibernate.boot.model.internal.AnnotatedColumn - Binding column: AnnotatedColumn(column='end_date')
13:10:15.096 [main] DEBUG org.hibernate.boot.model.internal.PropertyBinder - MetadataSourceProcessor property endDate with lazy=false
13:10:15.096 [main] DEBUG org.hibernate.boot.model.internal.AbstractPropertyHolder - Attempting to locate auto-apply AttributeConverter for property [org.frcpm.models.Task:endDate]
13:10:15.096 [main] DEBUG org.hibernate.boot.model.internal.BasicValueBinder - building BasicValue for endDate
13:10:15.096 [main] DEBUG org.hibernate.mapping.BasicValue - Skipping column re-registration: tasks.end_date
13:10:15.096 [main] DEBUG org.hibernate.boot.model.internal.PropertyBinder - Building property endDate
13:10:15.096 [main] DEBUG org.hibernate.boot.model.internal.AnnotatedColumn - Binding column: AnnotatedColumn(column='estimated_duration_seconds')
13:10:15.096 [main] DEBUG org.hibernate.boot.model.internal.PropertyBinder - MetadataSourceProcessor property estimatedDurationSeconds with lazy=false
13:10:15.096 [main] DEBUG org.hibernate.boot.model.internal.AbstractPropertyHolder - Attempting to locate auto-apply AttributeConverter for property [org.frcpm.models.Task:estimatedDurationSeconds]
13:10:15.097 [main] DEBUG org.hibernate.boot.model.internal.BasicValueBinder - building BasicValue for estimatedDurationSeconds
13:10:15.097 [main] DEBUG org.hibernate.mapping.BasicValue - Skipping column re-registration: tasks.estimated_duration_seconds
13:10:15.097 [main] DEBUG org.hibernate.boot.model.internal.PropertyBinder - Building property estimatedDurationSeconds
13:10:15.097 [main] DEBUG org.hibernate.boot.model.internal.AnnotatedColumn - Binding column: IndexColumn(column='postDependencies_ORDER')
13:10:15.097 [main] DEBUG org.hibernate.boot.model.internal.AnnotatedColumn - Binding column: AnnotatedColumn()
13:10:15.097 [main] DEBUG org.hibernate.boot.model.internal.AnnotatedColumn - Binding column: AnnotatedColumn(column='postDependencies_KEY')
13:10:15.097 [main] DEBUG org.hibernate.boot.model.internal.AnnotatedColumn - Binding column: AnnotatedJoinColumn(column='postDependencies_KEY')
13:10:15.097 [main] DEBUG org.hibernate.boot.model.internal.AnnotatedColumn - Binding column: AnnotatedJoinColumn()
13:10:15.097 [main] DEBUG org.hibernate.boot.model.internal.AnnotatedColumn - Binding column: AnnotatedJoinColumn()
13:10:15.097 [main] DEBUG org.hibernate.boot.model.internal.CollectionBinder - Collection role: org.frcpm.models.Task.postDependencies
13:10:15.097 [main] DEBUG org.hibernate.boot.model.internal.PropertyBinder - Building property postDependencies
13:10:15.097 [main] DEBUG org.hibernate.boot.model.internal.AnnotatedColumn - Binding column: IndexColumn(column='preDependencies_ORDER')
13:10:15.097 [main] DEBUG org.hibernate.boot.model.internal.AnnotatedColumn - Binding column: AnnotatedColumn()
13:10:15.097 [main] DEBUG org.hibernate.boot.model.internal.AnnotatedColumn - Binding column: AnnotatedColumn(column='preDependencies_KEY')
13:10:15.097 [main] DEBUG org.hibernate.boot.model.internal.AnnotatedColumn - Binding column: AnnotatedJoinColumn(column='preDependencies_KEY')
13:10:15.097 [main] DEBUG org.hibernate.boot.model.internal.AnnotatedColumn - Binding column: AnnotatedJoinColumn(column='task_id')
13:10:15.097 [main] DEBUG org.hibernate.boot.model.internal.AnnotatedColumn - Binding column: AnnotatedJoinColumn(column='dependency_id')
13:10:15.097 [main] DEBUG org.hibernate.boot.model.internal.CollectionBinder - Collection role: org.frcpm.models.Task.preDependencies
13:10:15.097 [main] DEBUG org.hibernate.boot.model.internal.PropertyBinder - Building property preDependencies
13:10:15.097 [main] DEBUG org.hibernate.boot.model.internal.AnnotatedColumn - Binding column: AnnotatedColumn(column='priority')
13:10:15.097 [main] DEBUG org.hibernate.boot.model.internal.PropertyBinder - MetadataSourceProcessor property priority with lazy=false
13:10:15.097 [main] DEBUG org.hibernate.boot.model.internal.AbstractPropertyHolder - Attempting to locate auto-apply AttributeConverter for property [org.frcpm.models.Task:priority]
13:10:15.097 [main] DEBUG org.hibernate.boot.model.internal.BasicValueBinder - building BasicValue for priority
13:10:15.097 [main] DEBUG org.hibernate.mapping.BasicValue - Skipping column re-registration: tasks.priority
13:10:15.097 [main] DEBUG org.hibernate.boot.model.internal.PropertyBinder - Building property priority
13:10:15.097 [main] DEBUG org.hibernate.boot.model.internal.AnnotatedColumn - Binding column: AnnotatedColumn(column='progress')
13:10:15.097 [main] DEBUG org.hibernate.boot.model.internal.PropertyBinder - MetadataSourceProcessor property progress with lazy=false
13:10:15.097 [main] DEBUG org.hibernate.boot.model.internal.AbstractPropertyHolder - Attempting to locate auto-apply AttributeConverter for property [org.frcpm.models.Task:progress]
13:10:15.097 [main] DEBUG org.hibernate.boot.model.internal.BasicValueBinder - building BasicValue for progress
13:10:15.097 [main] DEBUG org.hibernate.mapping.BasicValue - Skipping column re-registration: tasks.progress
13:10:15.097 [main] DEBUG org.hibernate.boot.model.internal.PropertyBinder - Building property progress
13:10:15.097 [main] DEBUG org.hibernate.boot.model.internal.AnnotatedColumn - Binding column: AnnotatedJoinColumn(column='project_id')
13:10:15.097 [main] DEBUG org.hibernate.boot.model.internal.AnnotatedColumn - Binding column: AnnotatedColumn()
13:10:15.097 [main] DEBUG org.hibernate.boot.model.internal.PropertyBinder - Building property project
13:10:15.097 [main] DEBUG org.hibernate.boot.model.internal.AnnotatedColumn - Binding column: IndexColumn(column='requiredComponents_ORDER')
13:10:15.097 [main] DEBUG org.hibernate.boot.model.internal.AnnotatedColumn - Binding column: AnnotatedColumn()
13:10:15.097 [main] DEBUG org.hibernate.boot.model.internal.AnnotatedColumn - Binding column: AnnotatedColumn(column='requiredComponents_KEY')
13:10:15.097 [main] DEBUG org.hibernate.boot.model.internal.AnnotatedColumn - Binding column: AnnotatedJoinColumn(column='requiredComponents_KEY')
13:10:15.097 [main] DEBUG org.hibernate.boot.model.internal.AnnotatedColumn - Binding column: AnnotatedJoinColumn(column='task_id')
13:10:15.097 [main] DEBUG org.hibernate.boot.model.internal.AnnotatedColumn - Binding column: AnnotatedJoinColumn(column='component_id')
13:10:15.097 [main] DEBUG org.hibernate.boot.model.internal.CollectionBinder - Collection role: org.frcpm.models.Task.requiredComponents
13:10:15.097 [main] DEBUG org.hibernate.boot.model.internal.PropertyBinder - Building property requiredComponents
13:10:15.097 [main] DEBUG org.hibernate.boot.model.internal.AnnotatedColumn - Binding column: AnnotatedColumn(column='start_date')
13:10:15.097 [main] DEBUG org.hibernate.boot.model.internal.PropertyBinder - MetadataSourceProcessor property startDate with lazy=false
13:10:15.097 [main] DEBUG org.hibernate.boot.model.internal.AbstractPropertyHolder - Attempting to locate auto-apply AttributeConverter for property [org.frcpm.models.Task:startDate]
13:10:15.097 [main] DEBUG org.hibernate.boot.model.internal.BasicValueBinder - building BasicValue for startDate
13:10:15.097 [main] DEBUG org.hibernate.mapping.BasicValue - Skipping column re-registration: tasks.start_date
13:10:15.097 [main] DEBUG org.hibernate.boot.model.internal.PropertyBinder - Building property startDate
13:10:15.097 [main] DEBUG org.hibernate.boot.model.internal.AnnotatedColumn - Binding column: AnnotatedJoinColumn(column='subsystem_id')
13:10:15.097 [main] DEBUG org.hibernate.boot.model.internal.AnnotatedColumn - Binding column: AnnotatedColumn()
13:10:15.097 [main] DEBUG org.hibernate.boot.model.internal.PropertyBinder - Building property subsystem
13:10:15.097 [main] DEBUG org.hibernate.boot.model.internal.AnnotatedColumn - Binding column: AnnotatedColumn(column='title')
13:10:15.097 [main] DEBUG org.hibernate.boot.model.internal.PropertyBinder - MetadataSourceProcessor property title with lazy=false
13:10:15.097 [main] DEBUG org.hibernate.boot.model.internal.AbstractPropertyHolder - Attempting to locate auto-apply AttributeConverter for property [org.frcpm.models.Task:title]
13:10:15.097 [main] DEBUG org.hibernate.boot.model.internal.BasicValueBinder - building BasicValue for title
13:10:15.097 [main] DEBUG org.hibernate.mapping.BasicValue - Skipping column re-registration: tasks.title
13:10:15.097 [main] DEBUG org.hibernate.boot.model.internal.PropertyBinder - Building property title
13:10:15.098 [frcpm-hikari-pool housekeeper] DEBUG com.zaxxer.hikari.pool.HikariPool - frcpm-hikari-pool - Before cleanup stats (total=1, active=0, idle=1, waiting=0)
13:10:15.098 [frcpm-hikari-pool housekeeper] DEBUG com.zaxxer.hikari.pool.HikariPool - frcpm-hikari-pool - After cleanup  stats (total=1, active=0, idle=1, waiting=0)
13:10:15.099 [main] DEBUG org.hibernate.boot.registry.classloading.internal.ClassLoaderServiceImpl - HHH000194: Package not found or no package-info.java: org.frcpm.models
13:10:15.099 [main] DEBUG org.hibernate.boot.model.internal.EntityBinder - Binding entity from annotated class: org.frcpm.models.TeamMember
13:10:15.099 [main] DEBUG org.hibernate.boot.model.internal.EntityBinder - Import with entity name TeamMember
13:10:15.099 [main] DEBUG org.hibernate.boot.model.internal.EntityBinder - Bind entity org.frcpm.models.TeamMember on table team_members
13:10:15.099 [main] DEBUG org.hibernate.boot.model.internal.AnnotatedColumn - Binding column: AnnotatedDiscriminatorColumn(column='DTYPE')
13:10:15.099 [frcpm-hikari-pool connection adder] DEBUG com.zaxxer.hikari.pool.HikariPool - frcpm-hikari-pool - Added connection conn44: url=jdbc:h2:mem:testdb user=SA
13:10:15.099 [main] DEBUG org.hibernate.boot.model.internal.AnnotatedColumn - Binding column: AnnotatedColumn()
13:10:15.099 [main] DEBUG org.hibernate.boot.internal.ClassLoaderAccessImpl - Not known whether passed class name [org.frcpm.models.TeamMember] is safe
13:10:15.099 [main] DEBUG org.hibernate.boot.internal.ClassLoaderAccessImpl - No temp ClassLoader provided; using live ClassLoader for loading potentially unsafe class : org.frcpm.models.TeamMember
13:10:15.099 [main] DEBUG org.hibernate.boot.model.internal.PropertyBinder - MetadataSourceProcessor property id with lazy=false
13:10:15.099 [main] DEBUG org.hibernate.boot.model.internal.AbstractPropertyHolder - Attempting to locate auto-apply AttributeConverter for property [org.frcpm.models.TeamMember:id]
13:10:15.099 [main] DEBUG org.hibernate.boot.model.internal.BasicValueBinder - building BasicValue for id
13:10:15.099 [main] DEBUG org.hibernate.mapping.BasicValue - Skipping column re-registration: team_members.id
13:10:15.099 [main] DEBUG org.hibernate.boot.model.internal.PropertyBinder - Building property id
13:10:15.099 [main] DEBUG org.hibernate.boot.model.internal.BinderHelper - #makeIdGenerator(BasicValue([Column(id)]), id, identity, , ...)
13:10:15.099 [main] DEBUG org.hibernate.boot.model.internal.AnnotatedColumn - Binding column: IndexColumn(column='assignedTasks_ORDER')
13:10:15.099 [main] DEBUG org.hibernate.boot.model.internal.AnnotatedColumn - Binding column: AnnotatedColumn()
13:10:15.099 [main] DEBUG org.hibernate.boot.model.internal.AnnotatedColumn - Binding column: AnnotatedColumn(column='assignedTasks_KEY')
13:10:15.099 [main] DEBUG org.hibernate.boot.model.internal.AnnotatedColumn - Binding column: AnnotatedJoinColumn(column='assignedTasks_KEY')
13:10:15.099 [main] DEBUG org.hibernate.boot.model.internal.AnnotatedColumn - Binding column: AnnotatedJoinColumn()
13:10:15.099 [main] DEBUG org.hibernate.boot.model.internal.AnnotatedColumn - Binding column: AnnotatedJoinColumn()
13:10:15.099 [main] DEBUG org.hibernate.boot.model.internal.CollectionBinder - Collection role: org.frcpm.models.TeamMember.assignedTasks
13:10:15.099 [main] DEBUG org.hibernate.boot.model.internal.PropertyBinder - Building property assignedTasks
13:10:15.099 [main] DEBUG org.hibernate.boot.model.internal.AnnotatedColumn - Binding column: AnnotatedJoinColumn()
13:10:15.099 [main] DEBUG org.hibernate.boot.model.internal.AnnotatedColumn - Binding column: AnnotatedColumn()
13:10:15.099 [main] DEBUG org.hibernate.boot.model.internal.AnnotatedColumn - Binding column: IndexColumn(column='attendances_ORDER')
13:10:15.099 [main] DEBUG org.hibernate.boot.model.internal.AnnotatedColumn - Binding column: AnnotatedColumn()
13:10:15.099 [main] DEBUG org.hibernate.boot.model.internal.AnnotatedColumn - Binding column: AnnotatedColumn(column='attendances_KEY')
13:10:15.099 [main] DEBUG org.hibernate.boot.model.internal.AnnotatedColumn - Binding column: AnnotatedJoinColumn(column='attendances_KEY')
13:10:15.099 [main] DEBUG org.hibernate.boot.model.internal.AnnotatedColumn - Binding column: AnnotatedJoinColumn()
13:10:15.099 [main] DEBUG org.hibernate.boot.model.internal.AnnotatedColumn - Binding column: AnnotatedJoinColumn()
13:10:15.099 [main] DEBUG org.hibernate.boot.model.internal.CollectionBinder - Collection role: org.frcpm.models.TeamMember.attendances
13:10:15.099 [main] DEBUG org.hibernate.boot.model.internal.PropertyBinder - Building property attendances
13:10:15.099 [main] DEBUG org.hibernate.boot.model.internal.AnnotatedColumn - Binding column: AnnotatedColumn(column='email')
13:10:15.100 [main] DEBUG org.hibernate.boot.model.internal.PropertyBinder - MetadataSourceProcessor property email with lazy=false
13:10:15.100 [main] DEBUG org.hibernate.boot.model.internal.AbstractPropertyHolder - Attempting to locate auto-apply AttributeConverter for property [org.frcpm.models.TeamMember:email]
13:10:15.100 [main] DEBUG org.hibernate.boot.model.internal.BasicValueBinder - building BasicValue for email
13:10:15.100 [main] DEBUG org.hibernate.mapping.BasicValue - Skipping column re-registration: team_members.email
13:10:15.100 [main] DEBUG org.hibernate.boot.model.internal.PropertyBinder - Building property email
13:10:15.100 [main] DEBUG org.hibernate.boot.model.internal.AnnotatedColumn - Binding column: AnnotatedColumn(column='first_name')
13:10:15.100 [main] DEBUG org.hibernate.boot.model.internal.PropertyBinder - MetadataSourceProcessor property firstName with lazy=false
13:10:15.100 [main] DEBUG org.hibernate.boot.model.internal.AbstractPropertyHolder - Attempting to locate auto-apply AttributeConverter for property [org.frcpm.models.TeamMember:firstName]
13:10:15.100 [main] DEBUG org.hibernate.boot.model.internal.BasicValueBinder - building BasicValue for firstName
13:10:15.100 [main] DEBUG org.hibernate.mapping.BasicValue - Skipping column re-registration: team_members.first_name
13:10:15.100 [main] DEBUG org.hibernate.boot.model.internal.PropertyBinder - Building property firstName
13:10:15.100 [main] DEBUG org.hibernate.boot.model.internal.AnnotatedColumn - Binding column: AnnotatedColumn(column='last_name')
13:10:15.100 [main] DEBUG org.hibernate.boot.model.internal.PropertyBinder - MetadataSourceProcessor property lastName with lazy=false
13:10:15.100 [main] DEBUG org.hibernate.boot.model.internal.AbstractPropertyHolder - Attempting to locate auto-apply AttributeConverter for property [org.frcpm.models.TeamMember:lastName]
13:10:15.100 [main] DEBUG org.hibernate.boot.model.internal.BasicValueBinder - building BasicValue for lastName
13:10:15.100 [main] DEBUG org.hibernate.mapping.BasicValue - Skipping column re-registration: team_members.last_name
13:10:15.100 [main] DEBUG org.hibernate.boot.model.internal.PropertyBinder - Building property lastName
13:10:15.100 [main] DEBUG org.hibernate.boot.model.internal.AnnotatedColumn - Binding column: AnnotatedColumn(column='is_leader')
13:10:15.100 [main] DEBUG org.hibernate.boot.model.internal.PropertyBinder - MetadataSourceProcessor property leader with lazy=false
13:10:15.100 [main] DEBUG org.hibernate.boot.model.internal.AbstractPropertyHolder - Attempting to locate auto-apply AttributeConverter for property [org.frcpm.models.TeamMember:leader]
13:10:15.100 [main] DEBUG org.hibernate.boot.model.internal.BasicValueBinder - building BasicValue for leader
13:10:15.100 [main] DEBUG org.hibernate.mapping.BasicValue - Skipping column re-registration: team_members.is_leader
13:10:15.100 [main] DEBUG org.hibernate.boot.model.internal.PropertyBinder - Building property leader
13:10:15.100 [main] DEBUG org.hibernate.boot.model.internal.AnnotatedColumn - Binding column: AnnotatedColumn(column='phone')
13:10:15.100 [main] DEBUG org.hibernate.boot.model.internal.PropertyBinder - MetadataSourceProcessor property phone with lazy=false
13:10:15.100 [main] DEBUG org.hibernate.boot.model.internal.AbstractPropertyHolder - Attempting to locate auto-apply AttributeConverter for property [org.frcpm.models.TeamMember:phone]
13:10:15.100 [main] DEBUG org.hibernate.boot.model.internal.BasicValueBinder - building BasicValue for phone
13:10:15.100 [main] DEBUG org.hibernate.mapping.BasicValue - Skipping column re-registration: team_members.phone
13:10:15.100 [main] DEBUG org.hibernate.boot.model.internal.PropertyBinder - Building property phone
13:10:15.100 [main] DEBUG org.hibernate.boot.model.internal.AnnotatedColumn - Binding column: AnnotatedColumn(column='skills')
13:10:15.100 [main] DEBUG org.hibernate.boot.model.internal.PropertyBinder - MetadataSourceProcessor property skills with lazy=false
13:10:15.100 [main] DEBUG org.hibernate.boot.model.internal.AbstractPropertyHolder - Attempting to locate auto-apply AttributeConverter for property [org.frcpm.models.TeamMember:skills]
13:10:15.100 [main] DEBUG org.hibernate.boot.model.internal.BasicValueBinder - building BasicValue for skills
13:10:15.100 [main] DEBUG org.hibernate.mapping.BasicValue - Skipping column re-registration: team_members.skills
13:10:15.100 [main] DEBUG org.hibernate.boot.model.internal.PropertyBinder - Building property skills
13:10:15.101 [main] DEBUG org.hibernate.boot.model.internal.AnnotatedColumn - Binding column: AnnotatedJoinColumn(column='subteam_id')
13:10:15.101 [main] DEBUG org.hibernate.boot.model.internal.AnnotatedColumn - Binding column: AnnotatedColumn()
13:10:15.101 [main] DEBUG org.hibernate.boot.model.internal.PropertyBinder - Building property subteam
13:10:15.101 [main] DEBUG org.hibernate.boot.model.internal.AnnotatedColumn - Binding column: AnnotatedColumn(column='username')
13:10:15.101 [main] DEBUG org.hibernate.boot.model.internal.PropertyBinder - MetadataSourceProcessor property username with lazy=false
13:10:15.101 [main] DEBUG org.hibernate.boot.model.internal.AbstractPropertyHolder - Attempting to locate auto-apply AttributeConverter for property [org.frcpm.models.TeamMember:username]
13:10:15.101 [main] DEBUG org.hibernate.boot.model.internal.BasicValueBinder - building BasicValue for username
13:10:15.101 [main] DEBUG org.hibernate.mapping.BasicValue - Skipping column re-registration: team_members.username
13:10:15.101 [main] DEBUG org.hibernate.boot.model.internal.PropertyBinder - Building property username
13:10:15.103 [main] DEBUG org.hibernate.boot.registry.classloading.internal.ClassLoaderServiceImpl - HHH000194: Package not found or no package-info.java: org.frcpm.models
13:10:15.103 [main] DEBUG org.hibernate.boot.model.internal.BasicValueBinder - Starting `BasicValueBinder#fillSimpleValue` for id
13:10:15.103 [main] DEBUG org.hibernate.boot.model.internal.BasicValueBinder - Starting `BasicValueBinder#fillSimpleValue` for arrivalTime
13:10:15.103 [main] DEBUG org.hibernate.boot.model.internal.BasicValueBinder - Starting `BasicValueBinder#fillSimpleValue` for departureTime
13:10:15.103 [main] DEBUG org.hibernate.boot.model.internal.BasicValueBinder - Starting `BasicValueBinder#fillSimpleValue` for present
13:10:15.103 [main] DEBUG org.hibernate.boot.model.internal.BasicValueBinder - Starting `BasicValueBinder#fillSimpleValue` for id
13:10:15.103 [main] DEBUG org.hibernate.boot.model.internal.BasicValueBinder - Starting `BasicValueBinder#fillSimpleValue` for date
13:10:15.103 [main] DEBUG org.hibernate.boot.model.internal.BasicValueBinder - Starting `BasicValueBinder#fillSimpleValue` for endTime
13:10:15.103 [main] DEBUG org.hibernate.boot.model.internal.BasicValueBinder - Starting `BasicValueBinder#fillSimpleValue` for notes
13:10:15.103 [main] DEBUG org.hibernate.boot.model.internal.BasicValueBinder - Starting `BasicValueBinder#fillSimpleValue` for startTime
13:10:15.103 [main] DEBUG org.hibernate.boot.model.internal.BasicValueBinder - Starting `BasicValueBinder#fillSimpleValue` for id
13:10:15.103 [main] DEBUG org.hibernate.boot.model.internal.BasicValueBinder - Starting `BasicValueBinder#fillSimpleValue` for description
13:10:15.103 [main] DEBUG org.hibernate.boot.model.internal.BasicValueBinder - Starting `BasicValueBinder#fillSimpleValue` for name
13:10:15.103 [main] DEBUG org.hibernate.boot.model.internal.BasicValueBinder - Starting `BasicValueBinder#fillSimpleValue` for status
13:10:15.103 [main] DEBUG org.hibernate.boot.model.internal.BasicValueBinder - Starting `BasicValueBinder#fillSimpleValue` for id
13:10:15.103 [main] DEBUG org.hibernate.boot.model.internal.BasicValueBinder - Starting `BasicValueBinder#fillSimpleValue` for actualDelivery
13:10:15.103 [main] DEBUG org.hibernate.boot.model.internal.BasicValueBinder - Starting `BasicValueBinder#fillSimpleValue` for delivered
13:10:15.103 [main] DEBUG org.hibernate.boot.model.internal.BasicValueBinder - Starting `BasicValueBinder#fillSimpleValue` for description
13:10:15.103 [main] DEBUG org.hibernate.boot.model.internal.BasicValueBinder - Starting `BasicValueBinder#fillSimpleValue` for expectedDelivery
13:10:15.103 [main] DEBUG org.hibernate.boot.model.internal.BasicValueBinder - Starting `BasicValueBinder#fillSimpleValue` for name
13:10:15.103 [main] DEBUG org.hibernate.boot.model.internal.BasicValueBinder - Starting `BasicValueBinder#fillSimpleValue` for partNumber
13:10:15.103 [main] DEBUG org.hibernate.boot.model.internal.BasicValueBinder - Starting `BasicValueBinder#fillSimpleValue` for id
13:10:15.103 [main] DEBUG org.hibernate.boot.model.internal.BasicValueBinder - Starting `BasicValueBinder#fillSimpleValue` for date
13:10:15.103 [main] DEBUG org.hibernate.boot.model.internal.BasicValueBinder - Starting `BasicValueBinder#fillSimpleValue` for description
13:10:15.103 [main] DEBUG org.hibernate.boot.model.internal.BasicValueBinder - Starting `BasicValueBinder#fillSimpleValue` for name
13:10:15.103 [main] DEBUG org.hibernate.boot.model.internal.BasicValueBinder - Starting `BasicValueBinder#fillSimpleValue` for id
13:10:15.103 [main] DEBUG org.hibernate.boot.model.internal.BasicValueBinder - Starting `BasicValueBinder#fillSimpleValue` for description
13:10:15.103 [main] DEBUG org.hibernate.boot.model.internal.BasicValueBinder - Starting `BasicValueBinder#fillSimpleValue` for goalEndDate
13:10:15.103 [main] DEBUG org.hibernate.boot.model.internal.BasicValueBinder - Starting `BasicValueBinder#fillSimpleValue` for hardDeadline
13:10:15.103 [main] DEBUG org.hibernate.boot.model.internal.BasicValueBinder - Starting `BasicValueBinder#fillSimpleValue` for name
13:10:15.105 [main] DEBUG org.hibernate.boot.model.internal.BasicValueBinder - Starting `BasicValueBinder#fillSimpleValue` for startDate
13:10:15.105 [main] DEBUG org.hibernate.boot.model.internal.BasicValueBinder - Starting `BasicValueBinder#fillSimpleValue` for id
13:10:15.105 [main] DEBUG org.hibernate.boot.model.internal.BasicValueBinder - Starting `BasicValueBinder#fillSimpleValue` for colorCode
13:10:15.105 [main] DEBUG org.hibernate.boot.model.internal.BasicValueBinder - Starting `BasicValueBinder#fillSimpleValue` for name
13:10:15.105 [main] DEBUG org.hibernate.boot.model.internal.BasicValueBinder - Starting `BasicValueBinder#fillSimpleValue` for specialties
13:10:15.105 [main] DEBUG org.hibernate.boot.model.internal.BasicValueBinder - Starting `BasicValueBinder#fillSimpleValue` for id
13:10:15.105 [main] DEBUG org.hibernate.boot.model.internal.BasicValueBinder - Starting `BasicValueBinder#fillSimpleValue` for actualDurationSeconds
13:10:15.105 [main] DEBUG org.hibernate.boot.model.internal.BasicValueBinder - Starting `BasicValueBinder#fillSimpleValue` for completed
13:10:15.105 [main] DEBUG org.hibernate.boot.model.internal.BasicValueBinder - Starting `BasicValueBinder#fillSimpleValue` for description
13:10:15.105 [main] DEBUG org.hibernate.boot.model.internal.BasicValueBinder - Starting `BasicValueBinder#fillSimpleValue` for endDate
13:10:15.105 [main] DEBUG org.hibernate.boot.model.internal.BasicValueBinder - Starting `BasicValueBinder#fillSimpleValue` for estimatedDurationSeconds
13:10:15.105 [main] DEBUG org.hibernate.boot.model.internal.BasicValueBinder - Starting `BasicValueBinder#fillSimpleValue` for priority
13:10:15.105 [main] DEBUG org.hibernate.boot.model.internal.BasicValueBinder - Starting `BasicValueBinder#fillSimpleValue` for progress
13:10:15.105 [main] DEBUG org.hibernate.boot.model.internal.BasicValueBinder - Starting `BasicValueBinder#fillSimpleValue` for startDate
13:10:15.105 [main] DEBUG org.hibernate.boot.model.internal.BasicValueBinder - Starting `BasicValueBinder#fillSimpleValue` for title
13:10:15.105 [main] DEBUG org.hibernate.boot.model.internal.BasicValueBinder - Starting `BasicValueBinder#fillSimpleValue` for id
13:10:15.105 [main] DEBUG org.hibernate.boot.model.internal.BasicValueBinder - Starting `BasicValueBinder#fillSimpleValue` for email
13:10:15.105 [main] DEBUG org.hibernate.boot.model.internal.BasicValueBinder - Starting `BasicValueBinder#fillSimpleValue` for firstName
13:10:15.105 [main] DEBUG org.hibernate.boot.model.internal.BasicValueBinder - Starting `BasicValueBinder#fillSimpleValue` for lastName
13:10:15.105 [main] DEBUG org.hibernate.boot.model.internal.BasicValueBinder - Starting `BasicValueBinder#fillSimpleValue` for leader
13:10:15.105 [main] DEBUG org.hibernate.boot.model.internal.BasicValueBinder - Starting `BasicValueBinder#fillSimpleValue` for phone
13:10:15.105 [main] DEBUG org.hibernate.boot.model.internal.BasicValueBinder - Starting `BasicValueBinder#fillSimpleValue` for skills
13:10:15.105 [main] DEBUG org.hibernate.boot.model.internal.BasicValueBinder - Starting `BasicValueBinder#fillSimpleValue` for username
13:10:15.105 [main] DEBUG org.hibernate.mapping.PrimaryKey - Forcing column [id] to be non-null as it is part of the primary key for table [attendances]
13:10:15.105 [main] DEBUG org.hibernate.mapping.PrimaryKey - Forcing column [id] to be non-null as it is part of the primary key for table [meetings]
13:10:15.105 [main] DEBUG org.hibernate.mapping.PrimaryKey - Forcing column [id] to be non-null as it is part of the primary key for table [subsystems]
13:10:15.105 [main] DEBUG org.hibernate.mapping.PrimaryKey - Forcing column [id] to be non-null as it is part of the primary key for table [components]
13:10:15.105 [main] DEBUG org.hibernate.mapping.PrimaryKey - Forcing column [id] to be non-null as it is part of the primary key for table [milestones]
13:10:15.105 [main] DEBUG org.hibernate.mapping.PrimaryKey - Forcing column [id] to be non-null as it is part of the primary key for table [projects]
13:10:15.105 [main] DEBUG org.hibernate.mapping.PrimaryKey - Forcing column [id] to be non-null as it is part of the primary key for table [subteams]
13:10:15.105 [main] DEBUG org.hibernate.mapping.PrimaryKey - Forcing column [id] to be non-null as it is part of the primary key for table [tasks]
13:10:15.105 [main] DEBUG org.hibernate.mapping.PrimaryKey - Forcing column [id] to be non-null as it is part of the primary key for table [team_members]
13:10:15.105 [main] DEBUG org.hibernate.boot.model.internal.CollectionSecondPass - Second pass for collection: org.frcpm.models.Task.requiredComponents
13:10:15.105 [main] DEBUG org.hibernate.boot.model.internal.CollectionBinder - Binding a ManyToMany: org.frcpm.models.Task.requiredComponents
13:10:15.105 [main] DEBUG org.hibernate.boot.registry.classloading.internal.ClassLoaderServiceImpl - HHH000194: Package not found or no package-info.java: org.frcpm.models
13:10:15.105 [main] DEBUG org.hibernate.mapping.PrimaryKey - Forcing column [task_id] to be non-null as it is part of the primary key for table [task_components]
13:10:15.105 [main] DEBUG org.hibernate.mapping.PrimaryKey - Forcing column [component_id] to be non-null as it is part of the primary key for table [task_components]
13:10:15.105 [main] DEBUG org.hibernate.boot.model.internal.CollectionSecondPass - Mapped collection key: task_id, element: component_id
13:10:15.105 [main] DEBUG org.hibernate.boot.model.internal.CollectionSecondPass - Second pass for collection: org.frcpm.models.Task.preDependencies
13:10:15.105 [main] DEBUG org.hibernate.boot.model.internal.CollectionBinder - Binding a ManyToMany: org.frcpm.models.Task.preDependencies
13:10:15.105 [main] DEBUG org.hibernate.boot.registry.classloading.internal.ClassLoaderServiceImpl - HHH000194: Package not found or no package-info.java: org.frcpm.models
13:10:15.105 [main] DEBUG org.hibernate.mapping.PrimaryKey - Forcing column [task_id] to be non-null as it is part of the primary key for table [task_dependencies]
13:10:15.105 [main] DEBUG org.hibernate.mapping.PrimaryKey - Forcing column [dependency_id] to be non-null as it is part of the primary key for table [task_dependencies]
13:10:15.105 [main] DEBUG org.hibernate.boot.model.internal.CollectionSecondPass - Mapped collection key: task_id, element: dependency_id
13:10:15.105 [main] DEBUG org.hibernate.boot.model.internal.CollectionSecondPass - Second pass for collection: org.frcpm.models.Task.assignedTo
13:10:15.105 [main] DEBUG org.hibernate.boot.model.internal.CollectionBinder - Binding a ManyToMany: org.frcpm.models.Task.assignedTo
13:10:15.106 [main] DEBUG org.hibernate.boot.registry.classloading.internal.ClassLoaderServiceImpl - HHH000194: Package not found or no package-info.java: org.frcpm.models
13:10:15.106 [main] DEBUG org.hibernate.mapping.PrimaryKey - Forcing column [task_id] to be non-null as it is part of the primary key for table [task_assignments]
13:10:15.106 [main] DEBUG org.hibernate.mapping.PrimaryKey - Forcing column [team_member_id] to be non-null as it is part of the primary key for table [task_assignments]
13:10:15.106 [main] DEBUG org.hibernate.boot.model.internal.CollectionSecondPass - Mapped collection key: task_id, element: team_member_id
13:10:15.106 [main] DEBUG org.hibernate.boot.model.internal.CollectionSecondPass - Second pass for collection: org.frcpm.models.Meeting.attendances
13:10:15.106 [main] DEBUG org.hibernate.boot.model.internal.CollectionBinder - Binding a OneToMany: org.frcpm.models.Meeting.attendances through a foreign key
13:10:15.106 [main] DEBUG org.hibernate.boot.model.internal.CollectionBinder - Mapping collection: org.frcpm.models.Meeting.attendances -> attendances
13:10:15.106 [main] DEBUG org.hibernate.boot.model.internal.TableBinder - Retrieving property org.frcpm.models.Attendance.meeting
13:10:15.106 [main] DEBUG org.hibernate.boot.model.internal.CollectionSecondPass - Mapped collection key: meeting_id, one-to-many: org.frcpm.models.Attendance
13:10:15.106 [main] DEBUG org.hibernate.boot.model.internal.CollectionSecondPass - Second pass for collection: org.frcpm.models.Subsystem.tasks
13:10:15.106 [main] DEBUG org.hibernate.boot.model.internal.CollectionBinder - Binding a OneToMany: org.frcpm.models.Subsystem.tasks through a foreign key
13:10:15.106 [main] DEBUG org.hibernate.boot.model.internal.CollectionBinder - Mapping collection: org.frcpm.models.Subsystem.tasks -> tasks
13:10:15.106 [main] DEBUG org.hibernate.boot.model.internal.TableBinder - Retrieving property org.frcpm.models.Task.subsystem
13:10:15.106 [main] DEBUG org.hibernate.boot.model.internal.CollectionSecondPass - Mapped collection key: subsystem_id, one-to-many: org.frcpm.models.Task
13:10:15.106 [main] DEBUG org.hibernate.boot.model.internal.CollectionSecondPass - Second pass for collection: org.frcpm.models.Component.requiredForTasks
13:10:15.106 [main] DEBUG org.hibernate.boot.model.internal.CollectionBinder - Binding a ManyToMany: org.frcpm.models.Component.requiredForTasks
13:10:15.106 [main] DEBUG org.hibernate.boot.registry.classloading.internal.ClassLoaderServiceImpl - HHH000194: Package not found or no package-info.java: org.frcpm.models
13:10:15.106 [main] DEBUG org.hibernate.boot.model.internal.TableBinder - Retrieving property org.frcpm.models.Task.requiredComponents
13:10:15.106 [main] DEBUG org.hibernate.boot.model.internal.CollectionSecondPass - Mapped collection key: component_id, element: task_id
13:10:15.106 [main] DEBUG org.hibernate.boot.model.internal.CollectionSecondPass - Second pass for collection: org.frcpm.models.Project.meetings
13:10:15.106 [main] DEBUG org.hibernate.boot.model.internal.CollectionBinder - Binding a OneToMany: org.frcpm.models.Project.meetings through a foreign key
13:10:15.106 [main] DEBUG org.hibernate.boot.model.internal.CollectionBinder - Mapping collection: org.frcpm.models.Project.meetings -> meetings
13:10:15.106 [main] DEBUG org.hibernate.boot.model.internal.TableBinder - Retrieving property org.frcpm.models.Meeting.project
13:10:15.106 [main] DEBUG org.hibernate.boot.model.internal.CollectionSecondPass - Mapped collection key: project_id, one-to-many: org.frcpm.models.Meeting
13:10:15.106 [main] DEBUG org.hibernate.boot.model.internal.CollectionSecondPass - Second pass for collection: org.frcpm.models.Project.milestones
13:10:15.106 [main] DEBUG org.hibernate.boot.model.internal.CollectionBinder - Binding a OneToMany: org.frcpm.models.Project.milestones through a foreign key
13:10:15.106 [main] DEBUG org.hibernate.boot.model.internal.CollectionBinder - Mapping collection: org.frcpm.models.Project.milestones -> milestones
13:10:15.106 [main] DEBUG org.hibernate.boot.model.internal.TableBinder - Retrieving property org.frcpm.models.Milestone.project
13:10:15.106 [main] DEBUG org.hibernate.boot.model.internal.CollectionSecondPass - Mapped collection key: project_id, one-to-many: org.frcpm.models.Milestone
13:10:15.106 [main] DEBUG org.hibernate.boot.model.internal.CollectionSecondPass - Second pass for collection: org.frcpm.models.Project.tasks
13:10:15.106 [main] DEBUG org.hibernate.boot.model.internal.CollectionBinder - Binding a OneToMany: org.frcpm.models.Project.tasks through a foreign key
13:10:15.106 [main] DEBUG org.hibernate.boot.model.internal.CollectionBinder - Mapping collection: org.frcpm.models.Project.tasks -> tasks
13:10:15.106 [main] DEBUG org.hibernate.boot.model.internal.TableBinder - Retrieving property org.frcpm.models.Task.project
13:10:15.106 [main] DEBUG org.hibernate.boot.model.internal.CollectionSecondPass - Mapped collection key: project_id, one-to-many: org.frcpm.models.Task
13:10:15.106 [main] DEBUG org.hibernate.boot.model.internal.CollectionSecondPass - Second pass for collection: org.frcpm.models.Subteam.members
13:10:15.106 [main] DEBUG org.hibernate.boot.model.internal.CollectionBinder - Binding a OneToMany: org.frcpm.models.Subteam.members through a foreign key
13:10:15.106 [main] DEBUG org.hibernate.boot.model.internal.CollectionBinder - Mapping collection: org.frcpm.models.Subteam.members -> team_members
13:10:15.106 [main] DEBUG org.hibernate.boot.model.internal.TableBinder - Retrieving property org.frcpm.models.TeamMember.subteam
13:10:15.106 [main] DEBUG org.hibernate.boot.model.internal.CollectionSecondPass - Mapped collection key: subteam_id, one-to-many: org.frcpm.models.TeamMember
13:10:15.106 [main] DEBUG org.hibernate.boot.model.internal.CollectionSecondPass - Second pass for collection: org.frcpm.models.Subteam.subsystems
13:10:15.106 [main] DEBUG org.hibernate.boot.model.internal.CollectionBinder - Binding a OneToMany: org.frcpm.models.Subteam.subsystems through a foreign key
13:10:15.106 [main] DEBUG org.hibernate.boot.model.internal.CollectionBinder - Mapping collection: org.frcpm.models.Subteam.subsystems -> subsystems
13:10:15.106 [main] DEBUG org.hibernate.boot.model.internal.TableBinder - Retrieving property org.frcpm.models.Subsystem.responsibleSubteam
13:10:15.108 [main] DEBUG org.hibernate.boot.model.internal.CollectionSecondPass - Mapped collection key: responsible_subteam_id, one-to-many: org.frcpm.models.Subsystem
13:10:15.108 [main] DEBUG org.hibernate.boot.model.internal.CollectionSecondPass - Second pass for collection: org.frcpm.models.Task.postDependencies
13:10:15.108 [main] DEBUG org.hibernate.boot.model.internal.CollectionBinder - Binding a ManyToMany: org.frcpm.models.Task.postDependencies
13:10:15.108 [main] DEBUG org.hibernate.boot.registry.classloading.internal.ClassLoaderServiceImpl - HHH000194: Package not found or no package-info.java: org.frcpm.models
13:10:15.108 [main] DEBUG org.hibernate.boot.model.internal.TableBinder - Retrieving property org.frcpm.models.Task.preDependencies
13:10:15.108 [main] DEBUG org.hibernate.boot.model.internal.CollectionSecondPass - Mapped collection key: dependency_id, element: task_id
13:10:15.108 [main] DEBUG org.hibernate.boot.model.internal.CollectionSecondPass - Second pass for collection: org.frcpm.models.TeamMember.assignedTasks
13:10:15.108 [main] DEBUG org.hibernate.boot.model.internal.CollectionBinder - Binding a ManyToMany: org.frcpm.models.TeamMember.assignedTasks
13:10:15.108 [main] DEBUG org.hibernate.boot.registry.classloading.internal.ClassLoaderServiceImpl - HHH000194: Package not found or no package-info.java: org.frcpm.models
13:10:15.108 [main] DEBUG org.hibernate.boot.model.internal.TableBinder - Retrieving property org.frcpm.models.Task.assignedTo
13:10:15.108 [main] DEBUG org.hibernate.boot.model.internal.CollectionSecondPass - Mapped collection key: team_member_id, element: task_id
13:10:15.108 [main] DEBUG org.hibernate.boot.model.internal.CollectionSecondPass - Second pass for collection: org.frcpm.models.TeamMember.attendances
13:10:15.108 [main] DEBUG org.hibernate.boot.model.internal.CollectionBinder - Binding a OneToMany: org.frcpm.models.TeamMember.attendances through a foreign key
13:10:15.108 [main] DEBUG org.hibernate.boot.model.internal.CollectionBinder - Mapping collection: org.frcpm.models.TeamMember.attendances -> attendances
13:10:15.108 [main] DEBUG org.hibernate.boot.model.internal.TableBinder - Retrieving property org.frcpm.models.Attendance.member
13:10:15.108 [main] DEBUG org.hibernate.boot.model.internal.CollectionSecondPass - Mapped collection key: member_id, one-to-many: org.frcpm.models.Attendance
13:10:15.116 [main] DEBUG org.hibernate.internal.SessionFactoryImpl - Building session factory
13:10:15.117 [main] DEBUG org.hibernate.service.internal.SessionFactoryServiceRegistryImpl - EventListenerRegistry access via ServiceRegistry is deprecated.  Use `sessionFactory.getEventEngine().getListenerRegistry()` instead
13:10:15.117 [main] DEBUG org.hibernate.internal.SessionFactoryImpl - Instantiating SessionFactory with settings: {hibernate.format_sql=true, java.specification.version=21, sun.cpu.isalist=amd64, hibernate.connection.handling_mode=DELAYED_ACQUISITION_AND_RELEASE_AFTER_STATEMENT, sun.jnu.encoding=Cp1252, hibernate.dialect=org.hibernate.dialect.H2Dialect, java.class.path=C:\Users\dhiebert\Local Repositories\Project Management 2.0\target\test-classes;C:\Users\dhiebert\Local Repositories\Project Management 2.0\target\classes;C:\Users\dhiebert\.m2\repository\org\openjfx\javafx-controls\21.0.2\javafx-controls-21.0.2.jar;C:\Users\dhiebert\.m2\repository\org\openjfx\javafx-controls\21.0.2\javafx-controls-21.0.2-win.jar;C:\Users\dhiebert\.m2\repository\org\openjfx\javafx-fxml\21.0.2\javafx-fxml-21.0.2.jar;C:\Users\dhiebert\.m2\repository\org\openjfx\javafx-fxml\21.0.2\javafx-fxml-21.0.2-win.jar;C:\Users\dhiebert\.m2\repository\org\openjfx\javafx-graphics\21.0.2\javafx-graphics-21.0.2.jar;C:\Users\dhiebert\.m2\repository\org\openjfx\javafx-graphics\21.0.2\javafx-graphics-21.0.2-win.jar;C:\Users\dhiebert\.m2\repository\org\openjfx\javafx-base\21.0.2\javafx-base-21.0.2.jar;C:\Users\dhiebert\.m2\repository\org\openjfx\javafx-base\21.0.2\javafx-base-21.0.2-win.jar;C:\Users\dhiebert\.m2\repository\com\h2database\h2\2.2.224\h2-2.2.224.jar;C:\Users\dhiebert\.m2\repository\com\zaxxer\HikariCP\5.1.0\HikariCP-5.1.0.jar;C:\Users\dhiebert\.m2\repository\org\slf4j\slf4j-api\1.7.36\slf4j-api-1.7.36.jar;C:\Users\dhiebert\.m2\repository\org\hibernate\orm\hibernate-core\6.5.0.Final\hibernate-core-6.5.0.Final.jar;C:\Users\dhiebert\.m2\repository\jakarta\persistence\jakarta.persistence-api\3.1.0\jakarta.persistence-api-3.1.0.jar;C:\Users\dhiebert\.m2\repository\jakarta\transaction\jakarta.transaction-api\2.0.1\jakarta.transaction-api-2.0.1.jar;C:\Users\dhiebert\.m2\repository\org\jboss\logging\jboss-logging\3.5.0.Final\jboss-logging-3.5.0.Final.jar;C:\Users\dhiebert\.m2\repository\org\hibernate\common\hibernate-commons-annotations\6.0.6.Final\hibernate-commons-annotations-6.0.6.Final.jar;C:\Users\dhiebert\.m2\repository\io\smallrye\jandex\3.1.2\jandex-3.1.2.jar;C:\Users\dhiebert\.m2\repository\com\fasterxml\classmate\1.5.1\classmate-1.5.1.jar;C:\Users\dhiebert\.m2\repository\net\bytebuddy\byte-buddy\1.14.12\byte-buddy-1.14.12.jar;C:\Users\dhiebert\.m2\repository\jakarta\xml\bind\jakarta.xml.bind-api\4.0.0\jakarta.xml.bind-api-4.0.0.jar;C:\Users\dhiebert\.m2\repository\jakarta\activation\jakarta.activation-api\2.1.0\jakarta.activation-api-2.1.0.jar;C:\Users\dhiebert\.m2\repository\org\glassfish\jaxb\jaxb-runtime\4.0.2\jaxb-runtime-4.0.2.jar;C:\Users\dhiebert\.m2\repository\org\glassfish\jaxb\jaxb-core\4.0.2\jaxb-core-4.0.2.jar;C:\Users\dhiebert\.m2\repository\org\eclipse\angus\angus-activation\2.0.0\angus-activation-2.0.0.jar;C:\Users\dhiebert\.m2\repository\org\glassfish\jaxb\txw2\4.0.2\txw2-4.0.2.jar;C:\Users\dhiebert\.m2\repository\com\sun\istack\istack-commons-runtime\4.1.1\istack-commons-runtime-4.1.1.jar;C:\Users\dhiebert\.m2\repository\jakarta\inject\jakarta.inject-api\2.0.1\jakarta.inject-api-2.0.1.jar;C:\Users\dhiebert\.m2\repository\org\antlr\antlr4-runtime\4.13.0\antlr4-runtime-4.13.0.jar;C:\Users\dhiebert\.m2\repository\org\hibernate\validator\hibernate-validator\8.0.1.Final\hibernate-validator-8.0.1.Final.jar;C:\Users\dhiebert\.m2\repository\jakarta\validation\jakarta.validation-api\3.0.2\jakarta.validation-api-3.0.2.jar;C:\Users\dhiebert\.m2\repository\org\junit\jupiter\junit-jupiter-api\5.10.2\junit-jupiter-api-5.10.2.jar;C:\Users\dhiebert\.m2\repository\org\opentest4j\opentest4j\1.3.0\opentest4j-1.3.0.jar;C:\Users\dhiebert\.m2\repository\org\junit\platform\junit-platform-commons\1.10.2\junit-platform-commons-1.10.2.jar;C:\Users\dhiebert\.m2\repository\org\apiguardian\apiguardian-api\1.1.2\apiguardian-api-1.1.2.jar;C:\Users\dhiebert\.m2\repository\org\junit\jupiter\junit-jupiter-engine\5.10.2\junit-jupiter-engine-5.10.2.jar;C:\Users\dhiebert\.m2\repository\org\junit\platform\junit-platform-engine\1.10.2\junit-platform-engine-1.10.2.jar;C:\Users\dhiebert\.m2\repository\org\mockito\mockito-junit-jupiter\5.10.0\mockito-junit-jupiter-5.10.0.jar;C:\Users\dhiebert\.m2\repository\org\mockito\mockito-core\5.10.0\mockito-core-5.10.0.jar;C:\Users\dhiebert\.m2\repository\net\bytebuddy\byte-buddy-agent\1.14.11\byte-buddy-agent-1.14.11.jar;C:\Users\dhiebert\.m2\repository\org\objenesis\objenesis\3.3\objenesis-3.3.jar;C:\Users\dhiebert\.m2\repository\org\hibernate\orm\hibernate-hikaricp\6.5.0.Final\hibernate-hikaricp-6.5.0.Final.jar;C:\Users\dhiebert\.m2\repository\ch\qos\logback\logback-classic\1.2.11\logback-classic-1.2.11.jar;C:\Users\dhiebert\.m2\repository\ch\qos\logback\logback-core\1.2.11\logback-core-1.2.11.jar;C:\Users\dhiebert\.m2\repository\org\testfx\testfx-core\4.0.18\testfx-core-4.0.18.jar;C:\Users\dhiebert\.m2\repository\org\hamcrest\hamcrest\2.1\hamcrest-2.1.jar;C:\Users\dhiebert\.m2\repository\org\assertj\assertj-core\3.13.2\assertj-core-3.13.2.jar;C:\Users\dhiebert\.m2\repository\org\osgi\org.osgi.core\6.0.0\org.osgi.core-6.0.0.jar;C:\Users\dhiebert\.m2\repository\org\testfx\testfx-junit5\4.0.18\testfx-junit5-4.0.18.jar;C:\Users\dhiebert\.m2\repository\org\openjfx\javafx-web\17.0.2\javafx-web-17.0.2.jar;C:\Users\dhiebert\.m2\repository\org\openjfx\javafx-web\17.0.2\javafx-web-17.0.2-win.jar;C:\Users\dhiebert\.m2\repository\org\openjfx\javafx-media\17.0.2\javafx-media-17.0.2.jar;C:\Users\dhiebert\.m2\repository\org\openjfx\javafx-media\17.0.2\javafx-media-17.0.2-win.jar;C:\Users\dhiebert\.m2\repository\org\apache\pdfbox\pdfbox\2.0.27\pdfbox-2.0.27.jar;C:\Users\dhiebert\.m2\repository\org\apache\pdfbox\fontbox\2.0.27\fontbox-2.0.27.jar;C:\Users\dhiebert\.m2\repository\commons-logging\commons-logging\1.2\commons-logging-1.2.jar;C:\Users\dhiebert\.m2\repository\com\fasterxml\jackson\core\jackson-databind\2.15.0\jackson-databind-2.15.0.jar;C:\Users\dhiebert\.m2\repository\com\fasterxml\jackson\core\jackson-annotations\2.15.0\jackson-annotations-2.15.0.jar;C:\Users\dhiebert\.m2\repository\com\fasterxml\jackson\core\jackson-core\2.15.0\jackson-core-2.15.0.jar;C:\Users\dhiebert\.m2\repository\org\apache\xmlgraphics\batik-all\1.16\batik-all-1.16.jar;C:\Users\dhiebert\.m2\repository\xml-apis\xml-apis\1.4.01\xml-apis-1.4.01.jar;C:\Users\dhiebert\.m2\repository\xml-apis\xml-apis-ext\1.3.04\xml-apis-ext-1.3.04.jar;C:\Users\dhiebert\.m2\repository\org\apache\xmlgraphics\xmlgraphics-commons\2.7\xmlgraphics-commons-2.7.jar;C:\Users\dhiebert\.m2\repository\commons-io\commons-io\1.3.1\commons-io-1.3.1.jar;C:\Users\dhiebert\.m2\repository\org\jgrapht\jgrapht-core\1.5.2\jgrapht-core-1.5.2.jar;C:\Users\dhiebert\.m2\repository\org\jheaps\jheaps\0.14\jheaps-0.14.jar;C:\Users\dhiebert\.m2\repository\org\apfloat\apfloat\1.10.1\apfloat-1.10.1.jar;, java.vm.vendor=Eclipse Adoptium, sun.arch.data.model=64, hibernate.order_inserts=true, user.variant=, java.vendor.url=https://adoptium.net/, user.timezone=America/Chicago, javax.persistence.jdbc.user=****, javax.persistence.jdbc.url=jdbc:h2:mem:testdb;DB_CLOSE_DELAY=-1, java.vm.specification.version=21, os.name=Windows 11, hibernate.generate_statistics=false, hibernate.hikari.connectionTimeout=10000, hibernate.order_updates=true, hibernate.jdbc.batch_versioned_data=true, jakarta.persistence.jdbc.password=****, hibernate.jdbc.batch_size=30, sun.java.launcher=SUN_STANDARD, user.country=US, local.setting.IS_JTA_TXN_COORD=false, sun.boot.library.path=C:\Program Files\Eclipse Adoptium\jdk-21.0.6.7-hotspot\bin, sun.java.command=C:\Users\dhiebert\AppData\Local\Temp\surefire10019069690924606344\surefirebooter-20250411131008082_3.jar C:\Users\dhiebert\AppData\Local\Temp\surefire10019069690924606344 2025-04-11T13-10-07_936-jvmRun1 surefire-20250411131008082_1tmp surefire_0-20250411131008082_2tmp, hibernate.use_sql_comments=true, hibernate.connection.provider_class=org.hibernate.hikaricp.internal.HikariCPConnectionProvider, jdk.debug=release, test=JpaRepositoryImplTest, surefire.test.class.path=C:\Users\dhiebert\Local Repositories\Project Management 2.0\target\test-classes;C:\Users\dhiebert\Local Repositories\Project Management 2.0\target\classes;C:\Users\dhiebert\.m2\repository\org\openjfx\javafx-controls\21.0.2\javafx-controls-21.0.2.jar;C:\Users\dhiebert\.m2\repository\org\openjfx\javafx-controls\21.0.2\javafx-controls-21.0.2-win.jar;C:\Users\dhiebert\.m2\repository\org\openjfx\javafx-fxml\21.0.2\javafx-fxml-21.0.2.jar;C:\Users\dhiebert\.m2\repository\org\openjfx\javafx-fxml\21.0.2\javafx-fxml-21.0.2-win.jar;C:\Users\dhiebert\.m2\repository\org\openjfx\javafx-graphics\21.0.2\javafx-graphics-21.0.2.jar;C:\Users\dhiebert\.m2\repository\org\openjfx\javafx-graphics\21.0.2\javafx-graphics-21.0.2-win.jar;C:\Users\dhiebert\.m2\repository\org\openjfx\javafx-base\21.0.2\javafx-base-21.0.2.jar;C:\Users\dhiebert\.m2\repository\org\openjfx\javafx-base\21.0.2\javafx-base-21.0.2-win.jar;C:\Users\dhiebert\.m2\repository\com\h2database\h2\2.2.224\h2-2.2.224.jar;C:\Users\dhiebert\.m2\repository\com\zaxxer\HikariCP\5.1.0\HikariCP-5.1.0.jar;C:\Users\dhiebert\.m2\repository\org\slf4j\slf4j-api\1.7.36\slf4j-api-1.7.36.jar;C:\Users\dhiebert\.m2\repository\org\hibernate\orm\hibernate-core\6.5.0.Final\hibernate-core-6.5.0.Final.jar;C:\Users\dhiebert\.m2\repository\jakarta\persistence\jakarta.persistence-api\3.1.0\jakarta.persistence-api-3.1.0.jar;C:\Users\dhiebert\.m2\repository\jakarta\transaction\jakarta.transaction-api\2.0.1\jakarta.transaction-api-2.0.1.jar;C:\Users\dhiebert\.m2\repository\org\jboss\logging\jboss-logging\3.5.0.Final\jboss-logging-3.5.0.Final.jar;C:\Users\dhiebert\.m2\repository\org\hibernate\common\hibernate-commons-annotations\6.0.6.Final\hibernate-commons-annotations-6.0.6.Final.jar;C:\Users\dhiebert\.m2\repository\io\smallrye\jandex\3.1.2\jandex-3.1.2.jar;C:\Users\dhiebert\.m2\repository\com\fasterxml\classmate\1.5.1\classmate-1.5.1.jar;C:\Users\dhiebert\.m2\repository\net\bytebuddy\byte-buddy\1.14.12\byte-buddy-1.14.12.jar;C:\Users\dhiebert\.m2\repository\jakarta\xml\bind\jakarta.xml.bind-api\4.0.0\jakarta.xml.bind-api-4.0.0.jar;C:\Users\dhiebert\.m2\repository\jakarta\activation\jakarta.activation-api\2.1.0\jakarta.activation-api-2.1.0.jar;C:\Users\dhiebert\.m2\repository\org\glassfish\jaxb\jaxb-runtime\4.0.2\jaxb-runtime-4.0.2.jar;C:\Users\dhiebert\.m2\repository\org\glassfish\jaxb\jaxb-core\4.0.2\jaxb-core-4.0.2.jar;C:\Users\dhiebert\.m2\repository\org\eclipse\angus\angus-activation\2.0.0\angus-activation-2.0.0.jar;C:\Users\dhiebert\.m2\repository\org\glassfish\jaxb\txw2\4.0.2\txw2-4.0.2.jar;C:\Users\dhiebert\.m2\repository\com\sun\istack\istack-commons-runtime\4.1.1\istack-commons-runtime-4.1.1.jar;C:\Users\dhiebert\.m2\repository\jakarta\inject\jakarta.inject-api\2.0.1\jakarta.inject-api-2.0.1.jar;C:\Users\dhiebert\.m2\repository\org\antlr\antlr4-runtime\4.13.0\antlr4-runtime-4.13.0.jar;C:\Users\dhiebert\.m2\repository\org\hibernate\validator\hibernate-validator\8.0.1.Final\hibernate-validator-8.0.1.Final.jar;C:\Users\dhiebert\.m2\repository\jakarta\validation\jakarta.validation-api\3.0.2\jakarta.validation-api-3.0.2.jar;C:\Users\dhiebert\.m2\repository\org\junit\jupiter\junit-jupiter-api\5.10.2\junit-jupiter-api-5.10.2.jar;C:\Users\dhiebert\.m2\repository\org\opentest4j\opentest4j\1.3.0\opentest4j-1.3.0.jar;C:\Users\dhiebert\.m2\repository\org\junit\platform\junit-platform-commons\1.10.2\junit-platform-commons-1.10.2.jar;C:\Users\dhiebert\.m2\repository\org\apiguardian\apiguardian-api\1.1.2\apiguardian-api-1.1.2.jar;C:\Users\dhiebert\.m2\repository\org\junit\jupiter\junit-jupiter-engine\5.10.2\junit-jupiter-engine-5.10.2.jar;C:\Users\dhiebert\.m2\repository\org\junit\platform\junit-platform-engine\1.10.2\junit-platform-engine-1.10.2.jar;C:\Users\dhiebert\.m2\repository\org\mockito\mockito-junit-jupiter\5.10.0\mockito-junit-jupiter-5.10.0.jar;C:\Users\dhiebert\.m2\repository\org\mockito\mockito-core\5.10.0\mockito-core-5.10.0.jar;C:\Users\dhiebert\.m2\repository\net\bytebuddy\byte-buddy-agent\1.14.11\byte-buddy-agent-1.14.11.jar;C:\Users\dhiebert\.m2\repository\org\objenesis\objenesis\3.3\objenesis-3.3.jar;C:\Users\dhiebert\.m2\repository\org\hibernate\orm\hibernate-hikaricp\6.5.0.Final\hibernate-hikaricp-6.5.0.Final.jar;C:\Users\dhiebert\.m2\repository\ch\qos\logback\logback-classic\1.2.11\logback-classic-1.2.11.jar;C:\Users\dhiebert\.m2\repository\ch\qos\logback\logback-core\1.2.11\logback-core-1.2.11.jar;C:\Users\dhiebert\.m2\repository\org\testfx\testfx-core\4.0.18\testfx-core-4.0.18.jar;C:\Users\dhiebert\.m2\repository\org\hamcrest\hamcrest\2.1\hamcrest-2.1.jar;C:\Users\dhiebert\.m2\repository\org\assertj\assertj-core\3.13.2\assertj-core-3.13.2.jar;C:\Users\dhiebert\.m2\repository\org\osgi\org.osgi.core\6.0.0\org.osgi.core-6.0.0.jar;C:\Users\dhiebert\.m2\repository\org\testfx\testfx-junit5\4.0.18\testfx-junit5-4.0.18.jar;C:\Users\dhiebert\.m2\repository\org\openjfx\javafx-web\17.0.2\javafx-web-17.0.2.jar;C:\Users\dhiebert\.m2\repository\org\openjfx\javafx-web\17.0.2\javafx-web-17.0.2-win.jar;C:\Users\dhiebert\.m2\repository\org\openjfx\javafx-media\17.0.2\javafx-media-17.0.2.jar;C:\Users\dhiebert\.m2\repository\org\openjfx\javafx-media\17.0.2\javafx-media-17.0.2-win.jar;C:\Users\dhiebert\.m2\repository\org\apache\pdfbox\pdfbox\2.0.27\pdfbox-2.0.27.jar;C:\Users\dhiebert\.m2\repository\org\apache\pdfbox\fontbox\2.0.27\fontbox-2.0.27.jar;C:\Users\dhiebert\.m2\repository\commons-logging\commons-logging\1.2\commons-logging-1.2.jar;C:\Users\dhiebert\.m2\repository\com\fasterxml\jackson\core\jackson-databind\2.15.0\jackson-databind-2.15.0.jar;C:\Users\dhiebert\.m2\repository\com\fasterxml\jackson\core\jackson-annotations\2.15.0\jackson-annotations-2.15.0.jar;C:\Users\dhiebert\.m2\repository\com\fasterxml\jackson\core\jackson-core\2.15.0\jackson-core-2.15.0.jar;C:\Users\dhiebert\.m2\repository\org\apache\xmlgraphics\batik-all\1.16\batik-all-1.16.jar;C:\Users\dhiebert\.m2\repository\xml-apis\xml-apis\1.4.01\xml-apis-1.4.01.jar;C:\Users\dhiebert\.m2\repository\xml-apis\xml-apis-ext\1.3.04\xml-apis-ext-1.3.04.jar;C:\Users\dhiebert\.m2\repository\org\apache\xmlgraphics\xmlgraphics-commons\2.7\xmlgraphics-commons-2.7.jar;C:\Users\dhiebert\.m2\repository\commons-io\commons-io\1.3.1\commons-io-1.3.1.jar;C:\Users\dhiebert\.m2\repository\org\jgrapht\jgrapht-core\1.5.2\jgrapht-core-1.5.2.jar;C:\Users\dhiebert\.m2\repository\org\jheaps\jheaps\0.14\jheaps-0.14.jar;C:\Users\dhiebert\.m2\repository\org\apfloat\apfloat\1.10.1\apfloat-1.10.1.jar;, jakarta.persistence.jdbc.driver=org.h2.Driver, sun.cpu.endian=little, user.home=C:\Users\dhiebert, user.language=en, java.specification.vendor=Oracle Corporation, java.version.date=2025-01-21, java.home=C:\Program Files\Eclipse Adoptium\jdk-21.0.6.7-hotspot, file.separator=\, basedir=C:\Users\dhiebert\Local Repositories\Project Management 2.0, java.vm.compressedOopsMode=Zero based, jakarta.persistence.jdbc.user=****, line.separator=
, hibernate.persistenceUnitName=frcpm, java.vm.specification.vendor=Oracle Corporation, java.specification.name=Java Platform API Specification, hibernate.transaction.coordinator_class=class org.hibernate.resource.transaction.backend.jdbc.internal.JdbcResourceLocalTransactionCoordinatorBuilderImpl, javax.persistence.jdbc.driver=org.h2.Driver, hibernate.hikari.maximumPoolSize=10, surefire.real.class.path=C:\Users\dhiebert\AppData\Local\Temp\surefire10019069690924606344\surefirebooter-20250411131008082_3.jar, hibernate.hbm2ddl.auto=create-drop, user.script=, sun.management.compiler=HotSpot 64-Bit Tiered Compilers, java.runtime.version=21.0.6+7-LTS, user.name=dhiebert, hibernate.cache.use_query_cache=false, stdout.encoding=Cp1252, path.separator=;, hibernate.connection.username=****, os.version=10.0, java.runtime.name=OpenJDK Runtime Environment, hibernate.connection.url=jdbc:h2:mem:testdb;DB_CLOSE_DELAY=-1, file.encoding=UTF-8, hibernate.hikari.minimumIdle=2, hibernate.hikari.idleTimeout=30000, java.vm.name=OpenJDK 64-Bit Server VM, hibernate.show_sql=true, java.vendor.version=Temurin-21.0.6+7, hibernate.hikari.poolName=FRC-PM-HikariCP, hibernate.current_session_context_class=thread, localRepository=C:\Users\dhiebert\.m2\repository, hibernate.connection.driver_class=org.h2.Driver, java.vendor.url.bug=https://github.com/adoptium/adoptium-support/issues, java.io.tmpdir=C:\Users\dhiebert\AppData\Local\Temp\, java.version=21.0.6, user.dir=C:\Users\dhiebert\Local Repositories\Project Management 2.0, os.arch=amd64, java.vm.specification.name=Java Virtual Machine Specification, hibernate.connection.password=****, sun.os.patch.level=, jakarta.persistence.jdbc.url=jdbc:h2:mem:testdb;DB_CLOSE_DELAY=-1, hibernate.boot.CfgXmlAccessService.key=org.hibernate.boot.registry.StandardServiceRegistryBuilder$1@f00b18a, native.encoding=Cp1252, hibernate.cache.use_second_level_cache=false, java.library.path=C:\Program Files\Eclipse Adoptium\jdk-21.0.6.7-hotspot\bin;C:\WINDOWS\Sun\Java\bin;C:\WINDOWS\system32;C:\WINDOWS;C:\Program Files\apache-maven-3.9.9\bin;C:\Program Files\apache-maven-3.9.9\bin;C:\Program Files\Eclipse Adoptium\jdk-21.0.6.7-hotspot\bin;C:\Program Files\National Instruments\Shared\OpenVINO\;C:\Program Files\Common Files\Oracle\Java\javapath;C:\WINDOWS\system32;C:\WINDOWS;C:\WINDOWS\System32\Wbem;C:\WINDOWS\System32\WindowsPowerShell\v1.0\;C:\WINDOWS\System32\OpenSSH\;C:\Program Files\dotnet\;C:\Program Files (x86)\Windows Live\Shared;C:\Program Files\Git\cmd;C:\Program Files\Common Files\Autodesk Shared\;C:\Program Files\Microsoft SQL Server\150\Tools\Binn\;C:\Program Files\nodejs\;C:\Program Files\Eclipse Adoptium\jdk-21.0.6.7-hotspot\bin;C:\Program Files\apache-maven-3.9.9\bin;%MAVEN_HOME%\bin;C:\Users\dhiebert\AppData\Local\Microsoft\WindowsApps;C:\Users\dhiebert\AppData\Local\GitHubDesktop\bin;C:\Users\dhiebert\AppData\Roaming\npm;C:\Users\dhiebert\AppData\Local\Packages\PythonSoftwareFoundation.Python.3.11_qbz5n2kfra8p0\LocalCache\local-packages\Python311\Scripts;C:\Users\dhiebert\AppData\Local\Packages\PythonSoftwareFoundation.Python.3.11_qbz5n2kfra8p0\LocalCache\local-packages\Python311\site-packages\maven;;c:\Users\Public\wpilib\2025\vscode\data\user-data\User\globalStorage\github.copilot-chat\debugCommand;c:\Users\Public\wpilib\2025\vscode\data\extensions\ms-python.debugpy-2025.4.1-win32-x64\bundled\scripts\noConfigScripts;., stderr.encoding=Cp1252, java.vendor=Eclipse Adoptium, java.vm.info=mixed mode, sharing, java.vm.version=21.0.6+7-LTS, sun.io.unicode.encoding=UnicodeLittle, javax.persistence.jdbc.password=****, java.class.version=65.0}
13:10:15.117 [main] DEBUG org.hibernate.internal.SessionFactoryImpl - Session factory constructed with filter configurations : {}
13:10:15.117 [main] DEBUG org.hibernate.validator.internal.xml.config.ValidationXmlParser - Trying to load META-INF/validation.xml for XML based Validator configuration.
13:10:15.117 [main] DEBUG org.hibernate.validator.internal.xml.config.ResourceLoaderHelper - Trying to load META-INF/validation.xml via TCCL
13:10:15.117 [main] DEBUG org.hibernate.validator.internal.xml.config.ResourceLoaderHelper - Trying to load META-INF/validation.xml via Hibernate Validator's class loader
13:10:15.117 [main] DEBUG org.hibernate.validator.internal.xml.config.ValidationXmlParser - No META-INF/validation.xml found. Using annotation based configuration only.
13:10:15.118 [main] DEBUG org.hibernate.validator.internal.engine.resolver.TraversableResolvers - Found jakarta.persistence.Persistence on classpath containing 'getPersistenceUtil'. Assuming JPA 2 environment. Trying to instantiate JPA aware TraversableResolver
13:10:15.118 [main] DEBUG org.hibernate.validator.internal.engine.resolver.TraversableResolvers - Instantiated JPA aware TraversableResolver of type org.hibernate.validator.internal.engine.resolver.JPATraversableResolver.
13:10:15.118 [main] DEBUG org.hibernate.validator.messageinterpolation.ResourceBundleMessageInterpolator - Failed to load expression factory via classloader jdk.internal.loader.ClassLoaders$AppClassLoader@70dea4e
java.lang.NoClassDefFoundError: jakarta/el/ExpressionFactory
	at org.hibernate.validator.messageinterpolation.ResourceBundleMessageInterpolator.canLoadExpressionFactory(ResourceBundleMessageInterpolator.java:228)
	at org.hibernate.validator.messageinterpolation.ResourceBundleMessageInterpolator.buildExpressionFactory(ResourceBundleMessageInterpolator.java:173)
	at org.hibernate.validator.messageinterpolation.ResourceBundleMessageInterpolator.<init>(ResourceBundleMessageInterpolator.java:97)
	at org.hibernate.validator.internal.engine.AbstractConfigurationImpl.getDefaultMessageInterpolator(AbstractConfigurationImpl.java:575)
	at org.hibernate.validator.internal.engine.AbstractConfigurationImpl.getDefaultMessageInterpolatorConfiguredWithClassLoader(AbstractConfigurationImpl.java:834)
	at org.hibernate.validator.internal.engine.AbstractConfigurationImpl.getMessageInterpolator(AbstractConfigurationImpl.java:485)
	at org.hibernate.validator.internal.engine.ValidatorFactoryImpl.<init>(ValidatorFactoryImpl.java:157)
	at org.hibernate.validator.HibernateValidator.buildValidatorFactory(HibernateValidator.java:38)
	at org.hibernate.validator.internal.engine.AbstractConfigurationImpl.buildValidatorFactory(AbstractConfigurationImpl.java:453)
	at jakarta.validation.Validation.buildDefaultValidatorFactory(Validation.java:103)
	at org.hibernate.boot.beanvalidation.TypeSafeActivator.getValidatorFactory(TypeSafeActivator.java:482)
	at org.hibernate.boot.beanvalidation.TypeSafeActivator.activate(TypeSafeActivator.java:79)
	at java.base/jdk.internal.reflect.DirectMethodHandleAccessor.invoke(DirectMethodHandleAccessor.java:103)
	at java.base/java.lang.reflect.Method.invoke(Method.java:580)
	at org.hibernate.boot.beanvalidation.BeanValidationIntegrator.integrate(BeanValidationIntegrator.java:139)
	at org.hibernate.internal.SessionFactoryImpl.integrate(SessionFactoryImpl.java:517)
	at org.hibernate.internal.SessionFactoryImpl.<init>(SessionFactoryImpl.java:276)
	at org.hibernate.boot.internal.SessionFactoryBuilderImpl.build(SessionFactoryBuilderImpl.java:457)
	at org.hibernate.jpa.boot.internal.EntityManagerFactoryBuilderImpl.build(EntityManagerFactoryBuilderImpl.java:1506)
	at org.hibernate.jpa.HibernatePersistenceProvider.createEntityManagerFactory(HibernatePersistenceProvider.java:55)
	at jakarta.persistence.Persistence.createEntityManagerFactory(Persistence.java:80)
	at org.frcpm.config.DatabaseConfig.initialize(DatabaseConfig.java:66)
	at org.frcpm.repositories.impl.JpaRepositoryImplTest.setUp(JpaRepositoryImplTest.java:25)
	at java.base/jdk.internal.reflect.DirectMethodHandleAccessor.invoke(DirectMethodHandleAccessor.java:103)
	at java.base/java.lang.reflect.Method.invoke(Method.java:580)
	at org.junit.platform.commons.util.ReflectionUtils.invokeMethod(ReflectionUtils.java:728)
	at org.junit.jupiter.engine.execution.MethodInvocation.proceed(MethodInvocation.java:60)
	at org.junit.jupiter.engine.execution.InvocationInterceptorChain$ValidatingInvocation.proceed(InvocationInterceptorChain.java:131)
	at org.junit.jupiter.engine.extension.TimeoutExtension.intercept(TimeoutExtension.java:156)
	at org.junit.jupiter.engine.extension.TimeoutExtension.interceptLifecycleMethod(TimeoutExtension.java:128)
	at org.junit.jupiter.engine.extension.TimeoutExtension.interceptBeforeEachMethod(TimeoutExtension.java:78)
	at org.junit.jupiter.engine.execution.InterceptingExecutableInvoker$ReflectiveInterceptorCall.lambda$ofVoidMethod$0(InterceptingExecutableInvoker.java:103)
	at org.junit.jupiter.engine.execution.InterceptingExecutableInvoker.lambda$invoke$0(InterceptingExecutableInvoker.java:93)
	at org.junit.jupiter.engine.execution.InvocationInterceptorChain$InterceptedInvocation.proceed(InvocationInterceptorChain.java:106)
	at org.junit.jupiter.engine.execution.InvocationInterceptorChain.proceed(InvocationInterceptorChain.java:64)
	at org.junit.jupiter.engine.execution.InvocationInterceptorChain.chainAndInvoke(InvocationInterceptorChain.java:45)
	at org.junit.jupiter.engine.execution.InvocationInterceptorChain.invoke(InvocationInterceptorChain.java:37)
	at org.junit.jupiter.engine.execution.InterceptingExecutableInvoker.invoke(InterceptingExecutableInvoker.java:92)
	at org.junit.jupiter.engine.execution.InterceptingExecutableInvoker.invoke(InterceptingExecutableInvoker.java:86)
	at org.junit.jupiter.engine.descriptor.ClassBasedTestDescriptor.invokeMethodInExtensionContext(ClassBasedTestDescriptor.java:521)
	at org.junit.jupiter.engine.descriptor.ClassBasedTestDescriptor.lambda$synthesizeBeforeEachMethodAdapter$23(ClassBasedTestDescriptor.java:506)
	at org.junit.jupiter.engine.descriptor.TestMethodTestDescriptor.lambda$invokeBeforeEachMethods$3(TestMethodTestDescriptor.java:175)
	at org.junit.jupiter.engine.descriptor.TestMethodTestDescriptor.lambda$invokeBeforeMethodsOrCallbacksUntilExceptionOccurs$6(TestMethodTestDescriptor.java:203)
	at org.junit.platform.engine.support.hierarchical.ThrowableCollector.execute(ThrowableCollector.java:73)
	at org.junit.jupiter.engine.descriptor.TestMethodTestDescriptor.invokeBeforeMethodsOrCallbacksUntilExceptionOccurs(TestMethodTestDescriptor.java:203)
	at org.junit.jupiter.engine.descriptor.TestMethodTestDescriptor.invokeBeforeEachMethods(TestMethodTestDescriptor.java:172)
	at org.junit.jupiter.engine.descriptor.TestMethodTestDescriptor.execute(TestMethodTestDescriptor.java:135)
	at org.junit.jupiter.engine.descriptor.TestMethodTestDescriptor.execute(TestMethodTestDescriptor.java:69)
	at org.junit.platform.engine.support.hierarchical.NodeTestTask.lambda$executeRecursively$6(NodeTestTask.java:151)
	at org.junit.platform.engine.support.hierarchical.ThrowableCollector.execute(ThrowableCollector.java:73)
	at org.junit.platform.engine.support.hierarchical.NodeTestTask.lambda$executeRecursively$8(NodeTestTask.java:141)
	at org.junit.platform.engine.support.hierarchical.Node.around(Node.java:137)
	at org.junit.platform.engine.support.hierarchical.NodeTestTask.lambda$executeRecursively$9(NodeTestTask.java:139)
	at org.junit.platform.engine.support.hierarchical.ThrowableCollector.execute(ThrowableCollector.java:73)
	at org.junit.platform.engine.support.hierarchical.NodeTestTask.executeRecursively(NodeTestTask.java:138)
	at org.junit.platform.engine.support.hierarchical.NodeTestTask.execute(NodeTestTask.java:95)
	at java.base/java.util.ArrayList.forEach(ArrayList.java:1596)
	at org.junit.platform.engine.support.hierarchical.SameThreadHierarchicalTestExecutorService.invokeAll(SameThreadHierarchicalTestExecutorService.java:41)
	at org.junit.platform.engine.support.hierarchical.NodeTestTask.lambda$executeRecursively$6(NodeTestTask.java:155)
	at org.junit.platform.engine.support.hierarchical.ThrowableCollector.execute(ThrowableCollector.java:73)
	at org.junit.platform.engine.support.hierarchical.NodeTestTask.lambda$executeRecursively$8(NodeTestTask.java:141)
	at org.junit.platform.engine.support.hierarchical.Node.around(Node.java:137)
	at org.junit.platform.engine.support.hierarchical.NodeTestTask.lambda$executeRecursively$9(NodeTestTask.java:139)
	at org.junit.platform.engine.support.hierarchical.ThrowableCollector.execute(ThrowableCollector.java:73)
	at org.junit.platform.engine.support.hierarchical.NodeTestTask.executeRecursively(NodeTestTask.java:138)
	at org.junit.platform.engine.support.hierarchical.NodeTestTask.execute(NodeTestTask.java:95)
	at java.base/java.util.ArrayList.forEach(ArrayList.java:1596)
	at org.junit.platform.engine.support.hierarchical.SameThreadHierarchicalTestExecutorService.invokeAll(SameThreadHierarchicalTestExecutorService.java:41)
	at org.junit.platform.engine.support.hierarchical.NodeTestTask.lambda$executeRecursively$6(NodeTestTask.java:155)
	at org.junit.platform.engine.support.hierarchical.ThrowableCollector.execute(ThrowableCollector.java:73)
	at org.junit.platform.engine.support.hierarchical.NodeTestTask.lambda$executeRecursively$8(NodeTestTask.java:141)
	at org.junit.platform.engine.support.hierarchical.Node.around(Node.java:137)
	at org.junit.platform.engine.support.hierarchical.NodeTestTask.lambda$executeRecursively$9(NodeTestTask.java:139)
	at org.junit.platform.engine.support.hierarchical.ThrowableCollector.execute(ThrowableCollector.java:73)
	at org.junit.platform.engine.support.hierarchical.NodeTestTask.executeRecursively(NodeTestTask.java:138)
	at org.junit.platform.engine.support.hierarchical.NodeTestTask.execute(NodeTestTask.java:95)
	at org.junit.platform.engine.support.hierarchical.SameThreadHierarchicalTestExecutorService.submit(SameThreadHierarchicalTestExecutorService.java:35)
	at org.junit.platform.engine.support.hierarchical.HierarchicalTestExecutor.execute(HierarchicalTestExecutor.java:57)
	at org.junit.platform.engine.support.hierarchical.HierarchicalTestEngine.execute(HierarchicalTestEngine.java:54)
	at org.junit.platform.launcher.core.EngineExecutionOrchestrator.execute(EngineExecutionOrchestrator.java:198)
	at org.junit.platform.launcher.core.EngineExecutionOrchestrator.execute(EngineExecutionOrchestrator.java:169)
	at org.junit.platform.launcher.core.EngineExecutionOrchestrator.execute(EngineExecutionOrchestrator.java:93)
	at org.junit.platform.launcher.core.EngineExecutionOrchestrator.lambda$execute$0(EngineExecutionOrchestrator.java:58)
	at org.junit.platform.launcher.core.EngineExecutionOrchestrator.withInterceptedStreams(EngineExecutionOrchestrator.java:141)
	at org.junit.platform.launcher.core.EngineExecutionOrchestrator.execute(EngineExecutionOrchestrator.java:57)
	at org.junit.platform.launcher.core.DefaultLauncher.execute(DefaultLauncher.java:103)
	at org.junit.platform.launcher.core.DefaultLauncher.execute(DefaultLauncher.java:85)
	at org.junit.platform.launcher.core.DelegatingLauncher.execute(DelegatingLauncher.java:47)
	at org.apache.maven.surefire.junitplatform.LazyLauncher.execute(LazyLauncher.java:56)
	at org.apache.maven.surefire.junitplatform.JUnitPlatformProvider.execute(JUnitPlatformProvider.java:184)
	at org.apache.maven.surefire.junitplatform.JUnitPlatformProvider.invokeAllTests(JUnitPlatformProvider.java:148)
	at org.apache.maven.surefire.junitplatform.JUnitPlatformProvider.invoke(JUnitPlatformProvider.java:122)
	at org.apache.maven.surefire.booter.ForkedBooter.runSuitesInProcess(ForkedBooter.java:385)
	at org.apache.maven.surefire.booter.ForkedBooter.execute(ForkedBooter.java:162)
	at org.apache.maven.surefire.booter.ForkedBooter.run(ForkedBooter.java:507)
	at org.apache.maven.surefire.booter.ForkedBooter.main(ForkedBooter.java:495)
Caused by: java.lang.ClassNotFoundException: jakarta.el.ExpressionFactory
	... 96 common frames omitted
13:10:15.118 [main] DEBUG org.hibernate.validator.messageinterpolation.ResourceBundleMessageInterpolator - Failed to load expression factory via classloader jdk.internal.loader.ClassLoaders$AppClassLoader@70dea4e
java.lang.NoClassDefFoundError: jakarta/el/ExpressionFactory
	at org.hibernate.validator.messageinterpolation.ResourceBundleMessageInterpolator.canLoadExpressionFactory(ResourceBundleMessageInterpolator.java:228)
	at org.hibernate.validator.messageinterpolation.ResourceBundleMessageInterpolator.buildExpressionFactory(ResourceBundleMessageInterpolator.java:186)
	at org.hibernate.validator.messageinterpolation.ResourceBundleMessageInterpolator.<init>(ResourceBundleMessageInterpolator.java:97)
	at org.hibernate.validator.internal.engine.AbstractConfigurationImpl.getDefaultMessageInterpolator(AbstractConfigurationImpl.java:575)
	at org.hibernate.validator.internal.engine.AbstractConfigurationImpl.getDefaultMessageInterpolatorConfiguredWithClassLoader(AbstractConfigurationImpl.java:834)
	at org.hibernate.validator.internal.engine.AbstractConfigurationImpl.getMessageInterpolator(AbstractConfigurationImpl.java:485)
	at org.hibernate.validator.internal.engine.ValidatorFactoryImpl.<init>(ValidatorFactoryImpl.java:157)
	at org.hibernate.validator.HibernateValidator.buildValidatorFactory(HibernateValidator.java:38)
	at org.hibernate.validator.internal.engine.AbstractConfigurationImpl.buildValidatorFactory(AbstractConfigurationImpl.java:453)
	at jakarta.validation.Validation.buildDefaultValidatorFactory(Validation.java:103)
	at org.hibernate.boot.beanvalidation.TypeSafeActivator.getValidatorFactory(TypeSafeActivator.java:482)
	at org.hibernate.boot.beanvalidation.TypeSafeActivator.activate(TypeSafeActivator.java:79)
	at java.base/jdk.internal.reflect.DirectMethodHandleAccessor.invoke(DirectMethodHandleAccessor.java:103)
	at java.base/java.lang.reflect.Method.invoke(Method.java:580)
	at org.hibernate.boot.beanvalidation.BeanValidationIntegrator.integrate(BeanValidationIntegrator.java:139)
	at org.hibernate.internal.SessionFactoryImpl.integrate(SessionFactoryImpl.java:517)
	at org.hibernate.internal.SessionFactoryImpl.<init>(SessionFactoryImpl.java:276)
	at org.hibernate.boot.internal.SessionFactoryBuilderImpl.build(SessionFactoryBuilderImpl.java:457)
	at org.hibernate.jpa.boot.internal.EntityManagerFactoryBuilderImpl.build(EntityManagerFactoryBuilderImpl.java:1506)
	at org.hibernate.jpa.HibernatePersistenceProvider.createEntityManagerFactory(HibernatePersistenceProvider.java:55)
	at jakarta.persistence.Persistence.createEntityManagerFactory(Persistence.java:80)
	at org.frcpm.config.DatabaseConfig.initialize(DatabaseConfig.java:66)
	at org.frcpm.repositories.impl.JpaRepositoryImplTest.setUp(JpaRepositoryImplTest.java:25)
	at java.base/jdk.internal.reflect.DirectMethodHandleAccessor.invoke(DirectMethodHandleAccessor.java:103)
	at java.base/java.lang.reflect.Method.invoke(Method.java:580)
	at org.junit.platform.commons.util.ReflectionUtils.invokeMethod(ReflectionUtils.java:728)
	at org.junit.jupiter.engine.execution.MethodInvocation.proceed(MethodInvocation.java:60)
	at org.junit.jupiter.engine.execution.InvocationInterceptorChain$ValidatingInvocation.proceed(InvocationInterceptorChain.java:131)
	at org.junit.jupiter.engine.extension.TimeoutExtension.intercept(TimeoutExtension.java:156)
	at org.junit.jupiter.engine.extension.TimeoutExtension.interceptLifecycleMethod(TimeoutExtension.java:128)
	at org.junit.jupiter.engine.extension.TimeoutExtension.interceptBeforeEachMethod(TimeoutExtension.java:78)
	at org.junit.jupiter.engine.execution.InterceptingExecutableInvoker$ReflectiveInterceptorCall.lambda$ofVoidMethod$0(InterceptingExecutableInvoker.java:103)
	at org.junit.jupiter.engine.execution.InterceptingExecutableInvoker.lambda$invoke$0(InterceptingExecutableInvoker.java:93)
	at org.junit.jupiter.engine.execution.InvocationInterceptorChain$InterceptedInvocation.proceed(InvocationInterceptorChain.java:106)
	at org.junit.jupiter.engine.execution.InvocationInterceptorChain.proceed(InvocationInterceptorChain.java:64)
	at org.junit.jupiter.engine.execution.InvocationInterceptorChain.chainAndInvoke(InvocationInterceptorChain.java:45)
	at org.junit.jupiter.engine.execution.InvocationInterceptorChain.invoke(InvocationInterceptorChain.java:37)
	at org.junit.jupiter.engine.execution.InterceptingExecutableInvoker.invoke(InterceptingExecutableInvoker.java:92)
	at org.junit.jupiter.engine.execution.InterceptingExecutableInvoker.invoke(InterceptingExecutableInvoker.java:86)
	at org.junit.jupiter.engine.descriptor.ClassBasedTestDescriptor.invokeMethodInExtensionContext(ClassBasedTestDescriptor.java:521)
	at org.junit.jupiter.engine.descriptor.ClassBasedTestDescriptor.lambda$synthesizeBeforeEachMethodAdapter$23(ClassBasedTestDescriptor.java:506)
	at org.junit.jupiter.engine.descriptor.TestMethodTestDescriptor.lambda$invokeBeforeEachMethods$3(TestMethodTestDescriptor.java:175)
	at org.junit.jupiter.engine.descriptor.TestMethodTestDescriptor.lambda$invokeBeforeMethodsOrCallbacksUntilExceptionOccurs$6(TestMethodTestDescriptor.java:203)
	at org.junit.platform.engine.support.hierarchical.ThrowableCollector.execute(ThrowableCollector.java:73)
	at org.junit.jupiter.engine.descriptor.TestMethodTestDescriptor.invokeBeforeMethodsOrCallbacksUntilExceptionOccurs(TestMethodTestDescriptor.java:203)
	at org.junit.jupiter.engine.descriptor.TestMethodTestDescriptor.invokeBeforeEachMethods(TestMethodTestDescriptor.java:172)
	at org.junit.jupiter.engine.descriptor.TestMethodTestDescriptor.execute(TestMethodTestDescriptor.java:135)
	at org.junit.jupiter.engine.descriptor.TestMethodTestDescriptor.execute(TestMethodTestDescriptor.java:69)
	at org.junit.platform.engine.support.hierarchical.NodeTestTask.lambda$executeRecursively$6(NodeTestTask.java:151)
	at org.junit.platform.engine.support.hierarchical.ThrowableCollector.execute(ThrowableCollector.java:73)
	at org.junit.platform.engine.support.hierarchical.NodeTestTask.lambda$executeRecursively$8(NodeTestTask.java:141)
	at org.junit.platform.engine.support.hierarchical.Node.around(Node.java:137)
	at org.junit.platform.engine.support.hierarchical.NodeTestTask.lambda$executeRecursively$9(NodeTestTask.java:139)
	at org.junit.platform.engine.support.hierarchical.ThrowableCollector.execute(ThrowableCollector.java:73)
	at org.junit.platform.engine.support.hierarchical.NodeTestTask.executeRecursively(NodeTestTask.java:138)
	at org.junit.platform.engine.support.hierarchical.NodeTestTask.execute(NodeTestTask.java:95)
	at java.base/java.util.ArrayList.forEach(ArrayList.java:1596)
	at org.junit.platform.engine.support.hierarchical.SameThreadHierarchicalTestExecutorService.invokeAll(SameThreadHierarchicalTestExecutorService.java:41)
	at org.junit.platform.engine.support.hierarchical.NodeTestTask.lambda$executeRecursively$6(NodeTestTask.java:155)
	at org.junit.platform.engine.support.hierarchical.ThrowableCollector.execute(ThrowableCollector.java:73)
	at org.junit.platform.engine.support.hierarchical.NodeTestTask.lambda$executeRecursively$8(NodeTestTask.java:141)
	at org.junit.platform.engine.support.hierarchical.Node.around(Node.java:137)
	at org.junit.platform.engine.support.hierarchical.NodeTestTask.lambda$executeRecursively$9(NodeTestTask.java:139)
	at org.junit.platform.engine.support.hierarchical.ThrowableCollector.execute(ThrowableCollector.java:73)
	at org.junit.platform.engine.support.hierarchical.NodeTestTask.executeRecursively(NodeTestTask.java:138)
	at org.junit.platform.engine.support.hierarchical.NodeTestTask.execute(NodeTestTask.java:95)
	at java.base/java.util.ArrayList.forEach(ArrayList.java:1596)
	at org.junit.platform.engine.support.hierarchical.SameThreadHierarchicalTestExecutorService.invokeAll(SameThreadHierarchicalTestExecutorService.java:41)
	at org.junit.platform.engine.support.hierarchical.NodeTestTask.lambda$executeRecursively$6(NodeTestTask.java:155)
	at org.junit.platform.engine.support.hierarchical.ThrowableCollector.execute(ThrowableCollector.java:73)
	at org.junit.platform.engine.support.hierarchical.NodeTestTask.lambda$executeRecursively$8(NodeTestTask.java:141)
	at org.junit.platform.engine.support.hierarchical.Node.around(Node.java:137)
	at org.junit.platform.engine.support.hierarchical.NodeTestTask.lambda$executeRecursively$9(NodeTestTask.java:139)
	at org.junit.platform.engine.support.hierarchical.ThrowableCollector.execute(ThrowableCollector.java:73)
	at org.junit.platform.engine.support.hierarchical.NodeTestTask.executeRecursively(NodeTestTask.java:138)
	at org.junit.platform.engine.support.hierarchical.NodeTestTask.execute(NodeTestTask.java:95)
	at org.junit.platform.engine.support.hierarchical.SameThreadHierarchicalTestExecutorService.submit(SameThreadHierarchicalTestExecutorService.java:35)
	at org.junit.platform.engine.support.hierarchical.HierarchicalTestExecutor.execute(HierarchicalTestExecutor.java:57)
	at org.junit.platform.engine.support.hierarchical.HierarchicalTestEngine.execute(HierarchicalTestEngine.java:54)
	at org.junit.platform.launcher.core.EngineExecutionOrchestrator.execute(EngineExecutionOrchestrator.java:198)
	at org.junit.platform.launcher.core.EngineExecutionOrchestrator.execute(EngineExecutionOrchestrator.java:169)
	at org.junit.platform.launcher.core.EngineExecutionOrchestrator.execute(EngineExecutionOrchestrator.java:93)
	at org.junit.platform.launcher.core.EngineExecutionOrchestrator.lambda$execute$0(EngineExecutionOrchestrator.java:58)
	at org.junit.platform.launcher.core.EngineExecutionOrchestrator.withInterceptedStreams(EngineExecutionOrchestrator.java:141)
	at org.junit.platform.launcher.core.EngineExecutionOrchestrator.execute(EngineExecutionOrchestrator.java:57)
	at org.junit.platform.launcher.core.DefaultLauncher.execute(DefaultLauncher.java:103)
	at org.junit.platform.launcher.core.DefaultLauncher.execute(DefaultLauncher.java:85)
	at org.junit.platform.launcher.core.DelegatingLauncher.execute(DelegatingLauncher.java:47)
	at org.apache.maven.surefire.junitplatform.LazyLauncher.execute(LazyLauncher.java:56)
	at org.apache.maven.surefire.junitplatform.JUnitPlatformProvider.execute(JUnitPlatformProvider.java:184)
	at org.apache.maven.surefire.junitplatform.JUnitPlatformProvider.invokeAllTests(JUnitPlatformProvider.java:148)
	at org.apache.maven.surefire.junitplatform.JUnitPlatformProvider.invoke(JUnitPlatformProvider.java:122)
	at org.apache.maven.surefire.booter.ForkedBooter.runSuitesInProcess(ForkedBooter.java:385)
	at org.apache.maven.surefire.booter.ForkedBooter.execute(ForkedBooter.java:162)
	at org.apache.maven.surefire.booter.ForkedBooter.run(ForkedBooter.java:507)
	at org.apache.maven.surefire.booter.ForkedBooter.main(ForkedBooter.java:495)
Caused by: java.lang.ClassNotFoundException: jakarta.el.ExpressionFactory
	... 96 common frames omitted
13:10:15.118 [main] DEBUG org.hibernate.boot.beanvalidation.TypeSafeActivator - Unable to acquire Bean Validation ValidatorFactory, skipping activation
13:10:15.120 [main] DEBUG org.hibernate.query.sqm.function.SqmFunctionRegistry - Registered SqmFunctionTemplate [NamedSqmFunctionTemplate(max)] under max; prior registration was null
13:10:15.120 [main] DEBUG org.hibernate.query.sqm.function.SqmFunctionRegistry - Registered SqmFunctionTemplate [NamedSqmFunctionTemplate(min)] under min; prior registration was null
13:10:15.120 [main] DEBUG org.hibernate.query.sqm.function.SqmFunctionRegistry - Registered SqmFunctionTemplate [NamedSqmFunctionTemplate(sum)] under sum; prior registration was null
13:10:15.120 [main] DEBUG org.hibernate.query.sqm.function.SqmFunctionRegistry - Registered SqmFunctionTemplate [NamedSqmFunctionTemplate(avg)] under avg; prior registration was null
13:10:15.120 [main] DEBUG org.hibernate.query.sqm.function.SqmFunctionRegistry - Registered SqmFunctionTemplate [org.hibernate.dialect.function.CountFunction@528a643c] under count; prior registration was null
13:10:15.120 [main] DEBUG org.hibernate.query.sqm.function.SqmFunctionRegistry - Registered SqmFunctionTemplate [org.hibernate.dialect.function.EveryAnyEmulation@493b0b09] under every; prior registration was null
13:10:15.120 [main] DEBUG org.hibernate.query.sqm.function.SqmFunctionRegistry - Registered SqmFunctionTemplate [org.hibernate.dialect.function.EveryAnyEmulation@cf2662b] under any; prior registration was null
13:10:15.120 [main] DEBUG org.hibernate.query.sqm.function.SqmFunctionRegistry - Registered SqmFunctionTemplate [NamedSqmFunctionTemplate(floor)] under floor; prior registration was null
13:10:15.120 [main] DEBUG org.hibernate.query.sqm.function.SqmFunctionRegistry - Registered SqmFunctionTemplate [NamedSqmFunctionTemplate(ceiling)] under ceiling; prior registration was null
13:10:15.120 [main] DEBUG org.hibernate.query.sqm.function.SqmFunctionRegistry - Registered SqmFunctionTemplate [NamedSqmFunctionTemplate(mod)] under mod; prior registration was null
13:10:15.120 [main] DEBUG org.hibernate.query.sqm.function.SqmFunctionRegistry - Registered SqmFunctionTemplate [NamedSqmFunctionTemplate(abs)] under abs; prior registration was null
13:10:15.120 [main] DEBUG org.hibernate.query.sqm.function.SqmFunctionRegistry - Registered SqmFunctionTemplate [NamedSqmFunctionTemplate(sign)] under sign; prior registration was null
13:10:15.120 [main] DEBUG org.hibernate.query.sqm.function.SqmFunctionRegistry - Registered SqmFunctionTemplate [NamedSqmFunctionTemplate(sqrt)] under sqrt; prior registration was null
13:10:15.120 [main] DEBUG org.hibernate.query.sqm.function.SqmFunctionRegistry - Registered SqmFunctionTemplate [NamedSqmFunctionTemplate(ln)] under ln; prior registration was null
13:10:15.120 [main] DEBUG org.hibernate.query.sqm.function.SqmFunctionRegistry - Registered SqmFunctionTemplate [NamedSqmFunctionTemplate(exp)] under exp; prior registration was null
13:10:15.120 [main] DEBUG org.hibernate.query.sqm.function.SqmFunctionRegistry - Registered SqmFunctionTemplate [NamedSqmFunctionTemplate(power)] under power; prior registration was null
13:10:15.120 [main] DEBUG org.hibernate.query.sqm.function.SqmFunctionRegistry - Registered SqmFunctionTemplate [NamedSqmFunctionTemplate(round)] under round; prior registration was null
13:10:15.120 [main] DEBUG org.hibernate.query.sqm.function.SqmFunctionRegistry - Registered SqmFunctionTemplate [NamedSqmFunctionTemplate(sin)] under sin; prior registration was null
13:10:15.120 [main] DEBUG org.hibernate.query.sqm.function.SqmFunctionRegistry - Registered SqmFunctionTemplate [NamedSqmFunctionTemplate(cos)] under cos; prior registration was null
13:10:15.120 [main] DEBUG org.hibernate.query.sqm.function.SqmFunctionRegistry - Registered SqmFunctionTemplate [NamedSqmFunctionTemplate(tan)] under tan; prior registration was null
13:10:15.120 [main] DEBUG org.hibernate.query.sqm.function.SqmFunctionRegistry - Registered SqmFunctionTemplate [NamedSqmFunctionTemplate(asin)] under asin; prior registration was null
13:10:15.120 [main] DEBUG org.hibernate.query.sqm.function.SqmFunctionRegistry - Registered SqmFunctionTemplate [NamedSqmFunctionTemplate(acos)] under acos; prior registration was null
13:10:15.120 [main] DEBUG org.hibernate.query.sqm.function.SqmFunctionRegistry - Registered SqmFunctionTemplate [NamedSqmFunctionTemplate(atan)] under atan; prior registration was null
13:10:15.120 [main] DEBUG org.hibernate.query.sqm.function.SqmFunctionRegistry - Registered SqmFunctionTemplate [NamedSqmFunctionTemplate(atan2)] under atan2; prior registration was null
13:10:15.120 [main] DEBUG org.hibernate.query.sqm.function.SqmFunctionRegistry - Registered SqmFunctionTemplate [org.hibernate.query.sqm.function.PatternBasedSqmFunctionDescriptor@3dbb168b] under sinh; prior registration was null
13:10:15.120 [main] DEBUG org.hibernate.query.sqm.function.SqmFunctionRegistry - Registered SqmFunctionTemplate [org.hibernate.query.sqm.function.PatternBasedSqmFunctionDescriptor@3c913e84] under cosh; prior registration was null
13:10:15.120 [main] DEBUG org.hibernate.query.sqm.function.SqmFunctionRegistry - Registered SqmFunctionTemplate [org.hibernate.query.sqm.function.PatternBasedSqmFunctionDescriptor@2de3095c] under tanh; prior registration was null
13:10:15.120 [main] DEBUG org.hibernate.query.sqm.function.SqmFunctionRegistry - Registered SqmFunctionTemplate [org.hibernate.query.sqm.function.PatternBasedSqmFunctionDescriptor@323fe1f5] under pi; prior registration was null
13:10:15.120 [main] DEBUG org.hibernate.query.sqm.function.SqmFunctionRegistry - Registered SqmFunctionTemplate [org.hibernate.query.sqm.function.PatternBasedSqmFunctionDescriptor@57d5b677] under log; prior registration was null
13:10:15.120 [main] DEBUG org.hibernate.query.sqm.function.SqmFunctionRegistry - Registered SqmFunctionTemplate [NamedSqmFunctionTemplate(coalesce)] under coalesce; prior registration was null
13:10:15.120 [main] DEBUG org.hibernate.query.sqm.function.SqmFunctionRegistry - Registered SqmFunctionTemplate [NamedSqmFunctionTemplate(nullif)] under nullif; prior registration was null
13:10:15.120 [main] DEBUG org.hibernate.query.sqm.function.SqmFunctionRegistry - Registered SqmFunctionTemplate [NamedSqmFunctionTemplate(left)] under left; prior registration was null
13:10:15.120 [main] DEBUG org.hibernate.query.sqm.function.SqmFunctionRegistry - Registered SqmFunctionTemplate [NamedSqmFunctionTemplate(right)] under right; prior registration was null
13:10:15.120 [main] DEBUG org.hibernate.query.sqm.function.SqmFunctionRegistry - Registered SqmFunctionTemplate [NamedSqmFunctionTemplate(replace)] under replace; prior registration was null
13:10:15.120 [main] DEBUG org.hibernate.query.sqm.function.SqmFunctionRegistry - Registered SqmFunctionTemplate [NamedSqmFunctionTemplate(concat)] under concat; prior registration was null
13:10:15.120 [main] DEBUG org.hibernate.query.sqm.function.SqmFunctionRegistry - Registered SqmFunctionTemplate [NamedSqmFunctionTemplate(lower)] under lower; prior registration was null
13:10:15.120 [main] DEBUG org.hibernate.query.sqm.function.SqmFunctionRegistry - Registered SqmFunctionTemplate [NamedSqmFunctionTemplate(upper)] under upper; prior registration was null
13:10:15.120 [main] DEBUG org.hibernate.query.sqm.function.SqmFunctionRegistry - Registered SqmFunctionTemplate [NamedSqmFunctionTemplate(substring)] under substring; prior registration was null
13:10:15.120 [main] DEBUG org.hibernate.query.sqm.function.SqmFunctionRegistry - Registered SqmFunctionTemplate [NamedSqmFunctionTemplate(locate)] under locate; prior registration was null
13:10:15.120 [main] DEBUG org.hibernate.query.sqm.function.SqmFunctionRegistry - Registered SqmFunctionTemplate [NamedSqmFunctionTemplate(character_length)] under character_length; prior registration was null
13:10:15.120 [main] DEBUG org.hibernate.query.sqm.function.SqmFunctionRegistry - Registering alternate key : length -> character_length
13:10:15.120 [main] DEBUG org.hibernate.query.sqm.function.SqmFunctionRegistry - Registered SqmFunctionTemplate [org.hibernate.dialect.function.LocatePositionEmulation@6285c717] under position; prior registration was null
13:10:15.120 [main] DEBUG org.hibernate.query.sqm.function.SqmFunctionRegistry - Registered SqmFunctionTemplate [org.hibernate.dialect.function.InsertSubstringOverlayEmulation@57998bf2] under overlay; prior registration was null
13:10:15.120 [main] DEBUG org.hibernate.query.sqm.function.SqmFunctionRegistry - Registered SqmFunctionTemplate [org.hibernate.dialect.function.TrimFunction@1ae4e8bd] under trim; prior registration was null
13:10:15.120 [main] DEBUG org.hibernate.query.sqm.function.SqmFunctionRegistry - Registered SqmFunctionTemplate [org.hibernate.dialect.function.CastFunction@60789398] under cast; prior registration was null
13:10:15.120 [main] DEBUG org.hibernate.query.sqm.function.SqmFunctionRegistry - Registered SqmFunctionTemplate [org.hibernate.query.sqm.function.PatternBasedSqmFunctionDescriptor@2c895dff] under collate; prior registration was null
13:10:15.120 [main] DEBUG org.hibernate.query.sqm.function.SqmFunctionRegistry - Registered SqmFunctionTemplate [org.hibernate.dialect.function.ExtractFunction@37548587] under extract; prior registration was null
13:10:15.120 [main] DEBUG org.hibernate.query.sqm.function.SqmFunctionRegistry - Registered SqmFunctionTemplate [NamedSqmFunctionTemplate(least)] under least; prior registration was null
13:10:15.120 [main] DEBUG org.hibernate.query.sqm.function.SqmFunctionRegistry - Registered SqmFunctionTemplate [NamedSqmFunctionTemplate(greatest)] under greatest; prior registration was null
13:10:15.120 [main] DEBUG org.hibernate.query.sqm.function.SqmFunctionRegistry - Registered SqmFunctionTemplate [org.hibernate.dialect.function.CoalesceIfnullEmulation@a4822d0] under ifnull; prior registration was null
13:10:15.120 [main] DEBUG org.hibernate.query.sqm.function.SqmFunctionRegistry - Registered SqmFunctionTemplate [NamedSqmFunctionTemplate(lpad)] under lpad; prior registration was null
13:10:15.120 [main] DEBUG org.hibernate.query.sqm.function.SqmFunctionRegistry - Registered SqmFunctionTemplate [NamedSqmFunctionTemplate(rpad)] under rpad; prior registration was null
13:10:15.120 [main] DEBUG org.hibernate.query.sqm.function.SqmFunctionRegistry - Registered SqmFunctionTemplate [org.hibernate.dialect.function.LpadRpadPadEmulation@2e088452] under pad; prior registration was null
13:10:15.120 [main] DEBUG org.hibernate.query.sqm.function.SqmFunctionRegistry - Registered SqmFunctionTemplate [org.hibernate.dialect.function.CastStrEmulation@480842c9] under str; prior registration was null
13:10:15.120 [main] DEBUG org.hibernate.query.sqm.function.SqmFunctionRegistry - Registered SqmFunctionTemplate [org.hibernate.dialect.function.FormatFunction@5be38ef2] under format; prior registration was null
13:10:15.120 [main] DEBUG org.hibernate.query.sqm.function.SqmFunctionRegistry - Registered SqmFunctionTemplate [org.hibernate.dialect.function.TimestampaddFunction@107669fc] under timestampadd; prior registration was null
13:10:15.120 [main] DEBUG org.hibernate.query.sqm.function.SqmFunctionRegistry - Registered SqmFunctionTemplate [org.hibernate.dialect.function.TimestampdiffFunction@7a3655b4] under timestampdiff; prior registration was null
13:10:15.120 [main] DEBUG org.hibernate.query.sqm.function.SqmFunctionRegistry - Registering alternate key : dateadd -> timestampadd
13:10:15.120 [main] DEBUG org.hibernate.query.sqm.function.SqmFunctionRegistry - Registering alternate key : datediff -> timestampdiff
13:10:15.120 [main] DEBUG org.hibernate.query.sqm.function.SqmFunctionRegistry - Registered SqmFunctionTemplate [org.hibernate.dialect.function.CurrentFunction@70224e31] under current_date; prior registration was null
13:10:15.120 [main] DEBUG org.hibernate.query.sqm.function.SqmFunctionRegistry - Registered SqmFunctionTemplate [org.hibernate.dialect.function.CurrentFunction@3771cad9] under current_time; prior registration was null
13:10:15.120 [main] DEBUG org.hibernate.query.sqm.function.SqmFunctionRegistry - Registered SqmFunctionTemplate [org.hibernate.dialect.function.CurrentFunction@14eb6c42] under current_timestamp; prior registration was null
13:10:15.120 [main] DEBUG org.hibernate.query.sqm.function.SqmFunctionRegistry - Registering alternate key : current date -> current_date
13:10:15.120 [main] DEBUG org.hibernate.query.sqm.function.SqmFunctionRegistry - Registering alternate key : current time -> current_time
13:10:15.120 [main] DEBUG org.hibernate.query.sqm.function.SqmFunctionRegistry - Registering alternate key : current timestamp -> current_timestamp
13:10:15.120 [main] DEBUG org.hibernate.query.sqm.function.SqmFunctionRegistry - Registered SqmFunctionTemplate [org.hibernate.dialect.function.CurrentFunction@5cb8009e] under local_date; prior registration was null
13:10:15.120 [main] DEBUG org.hibernate.query.sqm.function.SqmFunctionRegistry - Registered SqmFunctionTemplate [org.hibernate.dialect.function.CurrentFunction@3e898efe] under local_time; prior registration was null
13:10:15.120 [main] DEBUG org.hibernate.query.sqm.function.SqmFunctionRegistry - Registered SqmFunctionTemplate [org.hibernate.dialect.function.CurrentFunction@797bcf4] under local_datetime; prior registration was null
13:10:15.120 [main] DEBUG org.hibernate.query.sqm.function.SqmFunctionRegistry - Registered SqmFunctionTemplate [org.hibernate.dialect.function.CurrentFunction@48515938] under offset_datetime; prior registration was null
13:10:15.120 [main] DEBUG org.hibernate.query.sqm.function.SqmFunctionRegistry - Registering alternate key : local date -> local_date
13:10:15.120 [main] DEBUG org.hibernate.query.sqm.function.SqmFunctionRegistry - Registering alternate key : local time -> local_time
13:10:15.120 [main] DEBUG org.hibernate.query.sqm.function.SqmFunctionRegistry - Registering alternate key : local datetime -> local_datetime
13:10:15.120 [main] DEBUG org.hibernate.query.sqm.function.SqmFunctionRegistry - Registering alternate key : offset datetime -> offset_datetime
13:10:15.120 [main] DEBUG org.hibernate.query.sqm.function.SqmFunctionRegistry - Registered SqmFunctionTemplate [org.hibernate.dialect.function.CurrentFunction@54f10c5c] under instant; prior registration was null
13:10:15.121 [main] DEBUG org.hibernate.query.sqm.function.SqmFunctionRegistry - Registering alternate key : current_instant -> instant
13:10:15.121 [main] DEBUG org.hibernate.query.sqm.function.SqmFunctionRegistry - Registered SqmFunctionTemplate [org.hibernate.dialect.function.SqlFunction@26fd9642] under sql; prior registration was null
13:10:15.121 [main] DEBUG org.hibernate.query.sqm.function.SqmFunctionRegistry - Registered SqmFunctionTemplate [NamedSqmFunctionTemplate(max)] under max; prior registration was NamedSqmFunctionTemplate(max)
13:10:15.121 [main] DEBUG org.hibernate.query.sqm.function.SqmFunctionRegistry - Registered SqmFunctionTemplate [NamedSqmFunctionTemplate(min)] under min; prior registration was NamedSqmFunctionTemplate(min)
13:10:15.121 [main] DEBUG org.hibernate.query.sqm.function.SqmFunctionRegistry - Registered SqmFunctionTemplate [NamedSqmFunctionTemplate(sum)] under sum; prior registration was NamedSqmFunctionTemplate(sum)
13:10:15.121 [main] DEBUG org.hibernate.query.sqm.function.SqmFunctionRegistry - Registered SqmFunctionTemplate [NamedSqmFunctionTemplate(avg)] under avg; prior registration was NamedSqmFunctionTemplate(avg)
13:10:15.121 [main] DEBUG org.hibernate.query.sqm.function.SqmFunctionRegistry - Registered SqmFunctionTemplate [org.hibernate.dialect.function.CountFunction@1cb7fe75] under count; prior registration was org.hibernate.dialect.function.CountFunction@528a643c
13:10:15.121 [main] DEBUG org.hibernate.query.sqm.function.SqmFunctionRegistry - Registered SqmFunctionTemplate [org.hibernate.dialect.function.AvgFunction@5e6dfc42] under avg; prior registration was NamedSqmFunctionTemplate(avg)
13:10:15.121 [main] DEBUG org.hibernate.query.sqm.function.SqmFunctionRegistry - Registered SqmFunctionTemplate [NamedSqmFunctionTemplate(pi)] under pi; prior registration was org.hibernate.query.sqm.function.PatternBasedSqmFunctionDescriptor@323fe1f5
13:10:15.121 [main] DEBUG org.hibernate.query.sqm.function.SqmFunctionRegistry - Registered SqmFunctionTemplate [NamedSqmFunctionTemplate(cot)] under cot; prior registration was null
13:10:15.121 [main] DEBUG org.hibernate.query.sqm.function.SqmFunctionRegistry - Registered SqmFunctionTemplate [NamedSqmFunctionTemplate(radians)] under radians; prior registration was null
13:10:15.121 [main] DEBUG org.hibernate.query.sqm.function.SqmFunctionRegistry - Registered SqmFunctionTemplate [NamedSqmFunctionTemplate(degrees)] under degrees; prior registration was null
13:10:15.121 [main] DEBUG org.hibernate.query.sqm.function.SqmFunctionRegistry - Registered SqmFunctionTemplate [NamedSqmFunctionTemplate(log10)] under log10; prior registration was null
13:10:15.121 [main] DEBUG org.hibernate.query.sqm.function.SqmFunctionRegistry - Registered SqmFunctionTemplate [org.hibernate.query.sqm.function.PatternBasedSqmFunctionDescriptor@2a2883f] under mod; prior registration was NamedSqmFunctionTemplate(mod)
13:10:15.121 [main] DEBUG org.hibernate.query.sqm.function.SqmFunctionRegistry - Registered SqmFunctionTemplate [NamedSqmFunctionTemplate(rand)] under rand; prior registration was null
13:10:15.121 [main] DEBUG org.hibernate.query.sqm.function.SqmFunctionRegistry - Registered SqmFunctionTemplate [NamedSqmFunctionTemplate(soundex)] under soundex; prior registration was null
13:10:15.121 [main] DEBUG org.hibernate.query.sqm.function.SqmFunctionRegistry - Registered SqmFunctionTemplate [NamedSqmFunctionTemplate(translate)] under translate; prior registration was null
13:10:15.121 [main] DEBUG org.hibernate.query.sqm.function.SqmFunctionRegistry - Registered SqmFunctionTemplate [NamedSqmFunctionTemplate(bitand)] under bitand; prior registration was null
13:10:15.121 [main] DEBUG org.hibernate.query.sqm.function.SqmFunctionRegistry - Registered SqmFunctionTemplate [NamedSqmFunctionTemplate(bitor)] under bitor; prior registration was null
13:10:15.121 [main] DEBUG org.hibernate.query.sqm.function.SqmFunctionRegistry - Registered SqmFunctionTemplate [NamedSqmFunctionTemplate(bitxor)] under bitxor; prior registration was null
13:10:15.121 [main] DEBUG org.hibernate.query.sqm.function.SqmFunctionRegistry - Registered SqmFunctionTemplate [NamedSqmFunctionTemplate(bitnot)] under bitnot; prior registration was null
13:10:15.121 [main] DEBUG org.hibernate.query.sqm.function.SqmFunctionRegistry - Registered SqmFunctionTemplate [NamedSqmFunctionTemplate(bit_and)] under bit_and; prior registration was null
13:10:15.121 [main] DEBUG org.hibernate.query.sqm.function.SqmFunctionRegistry - Registered SqmFunctionTemplate [NamedSqmFunctionTemplate(bit_or)] under bit_or; prior registration was null
13:10:15.121 [main] DEBUG org.hibernate.query.sqm.function.SqmFunctionRegistry - Registered SqmFunctionTemplate [NamedSqmFunctionTemplate(day)] under day; prior registration was null
13:10:15.121 [main] DEBUG org.hibernate.query.sqm.function.SqmFunctionRegistry - Registered SqmFunctionTemplate [NamedSqmFunctionTemplate(month)] under month; prior registration was null
13:10:15.121 [main] DEBUG org.hibernate.query.sqm.function.SqmFunctionRegistry - Registered SqmFunctionTemplate [NamedSqmFunctionTemplate(year)] under year; prior registration was null
13:10:15.121 [main] DEBUG org.hibernate.query.sqm.function.SqmFunctionRegistry - Registered SqmFunctionTemplate [NamedSqmFunctionTemplate(hour)] under hour; prior registration was null
13:10:15.121 [main] DEBUG org.hibernate.query.sqm.function.SqmFunctionRegistry - Registered SqmFunctionTemplate [NamedSqmFunctionTemplate(minute)] under minute; prior registration was null
13:10:15.121 [main] DEBUG org.hibernate.query.sqm.function.SqmFunctionRegistry - Registered SqmFunctionTemplate [NamedSqmFunctionTemplate(second)] under second; prior registration was null
13:10:15.121 [main] DEBUG org.hibernate.query.sqm.function.SqmFunctionRegistry - Registered SqmFunctionTemplate [NamedSqmFunctionTemplate(microsecond)] under microsecond; prior registration was null
13:10:15.121 [main] DEBUG org.hibernate.query.sqm.function.SqmFunctionRegistry - Registered SqmFunctionTemplate [NamedSqmFunctionTemplate(day_of_week)] under day_of_week; prior registration was null
13:10:15.121 [main] DEBUG org.hibernate.query.sqm.function.SqmFunctionRegistry - Registered SqmFunctionTemplate [NamedSqmFunctionTemplate(day_of_month)] under day_of_month; prior registration was null
13:10:15.121 [main] DEBUG org.hibernate.query.sqm.function.SqmFunctionRegistry - Registering alternate key : day -> day_of_month
13:10:15.121 [main] DEBUG org.hibernate.query.sqm.function.SqmFunctionRegistry - Registered SqmFunctionTemplate [NamedSqmFunctionTemplate(day_of_year)] under day_of_year; prior registration was null
13:10:15.121 [main] DEBUG org.hibernate.query.sqm.function.SqmFunctionRegistry - Registered SqmFunctionTemplate [NamedSqmFunctionTemplate(week)] under week; prior registration was null
13:10:15.121 [main] DEBUG org.hibernate.query.sqm.function.SqmFunctionRegistry - Registered SqmFunctionTemplate [NamedSqmFunctionTemplate(quarter)] under quarter; prior registration was null
13:10:15.121 [main] DEBUG org.hibernate.query.sqm.function.SqmFunctionRegistry - Registered SqmFunctionTemplate [NamedSqmFunctionTemplate(monthname)] under monthname; prior registration was null
13:10:15.121 [main] DEBUG org.hibernate.query.sqm.function.SqmFunctionRegistry - Registered SqmFunctionTemplate [NamedSqmFunctionTemplate(dayname)] under dayname; prior registration was null
13:10:15.121 [main] DEBUG org.hibernate.query.sqm.function.SqmFunctionRegistry - Registered SqmFunctionTemplate [NamedSqmFunctionTemplate(localtime)] under localtime; prior registration was null
13:10:15.121 [main] DEBUG org.hibernate.query.sqm.function.SqmFunctionRegistry - Registered SqmFunctionTemplate [NamedSqmFunctionTemplate(localtimestamp)] under localtimestamp; prior registration was null
13:10:15.121 [main] DEBUG org.hibernate.query.sqm.function.SqmFunctionRegistry - Registered SqmFunctionTemplate [NamedSqmFunctionTemplate(localtime)] under local_time; prior registration was org.hibernate.dialect.function.CurrentFunction@3e898efe
13:10:15.121 [main] DEBUG org.hibernate.query.sqm.function.SqmFunctionRegistry - Registered SqmFunctionTemplate [NamedSqmFunctionTemplate(localtimestamp)] under local_datetime; prior registration was org.hibernate.dialect.function.CurrentFunction@797bcf4
13:10:15.121 [main] DEBUG org.hibernate.query.sqm.function.SqmFunctionRegistry - Registered SqmFunctionTemplate [org.hibernate.dialect.function.TruncFunction@482741af] under trunc; prior registration was null
13:10:15.121 [main] DEBUG org.hibernate.query.sqm.function.SqmFunctionRegistry - Registering alternate key : truncate -> trunc
13:10:15.121 [main] DEBUG org.hibernate.query.sqm.function.SqmFunctionRegistry - Registered SqmFunctionTemplate [org.hibernate.query.sqm.function.PatternBasedSqmFunctionDescriptor@6bc04a88] under date_trunc; prior registration was null
13:10:15.121 [main] DEBUG org.hibernate.query.sqm.function.SqmFunctionRegistry - Registered SqmFunctionTemplate [NamedSqmFunctionTemplate(bit_length)] under bit_length; prior registration was null
13:10:15.121 [main] DEBUG org.hibernate.query.sqm.function.SqmFunctionRegistry - Registered SqmFunctionTemplate [NamedSqmFunctionTemplate(octet_length)] under octet_length; prior registration was null
13:10:15.121 [main] DEBUG org.hibernate.query.sqm.function.SqmFunctionRegistry - Registered SqmFunctionTemplate [NamedSqmFunctionTemplate(ascii)] under ascii; prior registration was null
13:10:15.121 [main] DEBUG org.hibernate.query.sqm.function.SqmFunctionRegistry - Registered SqmFunctionTemplate [NamedSqmFunctionTemplate(octet_length)] under octet_length; prior registration was NamedSqmFunctionTemplate(octet_length)
13:10:15.121 [main] DEBUG org.hibernate.query.sqm.function.SqmFunctionRegistry - Registered SqmFunctionTemplate [NamedSqmFunctionTemplate(space)] under space; prior registration was null
13:10:15.121 [main] DEBUG org.hibernate.query.sqm.function.SqmFunctionRegistry - Registered SqmFunctionTemplate [NamedSqmFunctionTemplate(repeat)] under repeat; prior registration was null
13:10:15.121 [main] DEBUG org.hibernate.query.sqm.function.SqmFunctionRegistry - Registered SqmFunctionTemplate [NamedSqmFunctionTemplate(char)] under char; prior registration was null
13:10:15.121 [main] DEBUG org.hibernate.query.sqm.function.SqmFunctionRegistry - Registering alternate key : chr -> char
13:10:15.121 [main] DEBUG org.hibernate.query.sqm.function.SqmFunctionRegistry - Registered SqmFunctionTemplate [NamedSqmFunctionTemplate(instr)] under instr; prior registration was null
13:10:15.121 [main] DEBUG org.hibernate.query.sqm.function.SqmFunctionRegistry - Registered SqmFunctionTemplate [NamedSqmFunctionTemplate(substr)] under substr; prior registration was null
13:10:15.121 [main] DEBUG org.hibernate.query.sqm.function.SqmFunctionRegistry - Registered SqmFunctionTemplate [org.hibernate.query.sqm.function.PatternBasedSqmFunctionDescriptor@5a7e245e] under position; prior registration was org.hibernate.dialect.function.LocatePositionEmulation@6285c717
13:10:15.121 [main] DEBUG org.hibernate.query.sqm.function.SqmFunctionRegistry - Registered SqmFunctionTemplate [NamedSqmFunctionTemplate(ltrim)] under ltrim; prior registration was null
13:10:15.121 [main] DEBUG org.hibernate.query.sqm.function.SqmFunctionRegistry - Registered SqmFunctionTemplate [NamedSqmFunctionTemplate(rtrim)] under rtrim; prior registration was null
13:10:15.121 [main] DEBUG org.hibernate.query.sqm.function.SqmFunctionRegistry - Registered SqmFunctionTemplate [org.hibernate.query.sqm.function.PatternBasedSqmFunctionDescriptor@4c8bbc5e] under concat; prior registration was NamedSqmFunctionTemplate(concat)
13:10:15.121 [main] DEBUG org.hibernate.query.sqm.function.SqmFunctionRegistry - Registered SqmFunctionTemplate [NamedSqmFunctionTemplate(curtime)] under curtime; prior registration was null
13:10:15.121 [main] DEBUG org.hibernate.query.sqm.function.SqmFunctionRegistry - Registered SqmFunctionTemplate [NamedSqmFunctionTemplate(curdate)] under curdate; prior registration was null
13:10:15.121 [main] DEBUG org.hibernate.query.sqm.function.SqmFunctionRegistry - Registered SqmFunctionTemplate [NamedSqmFunctionTemplate(now)] under now; prior registration was null
13:10:15.121 [main] DEBUG org.hibernate.query.sqm.function.SqmFunctionRegistry - Registered SqmFunctionTemplate [NamedSqmFunctionTemplate(sysdate)] under sysdate; prior registration was null
13:10:15.121 [main] DEBUG org.hibernate.query.sqm.function.SqmFunctionRegistry - Registered SqmFunctionTemplate [NamedSqmFunctionTemplate(insert)] under insert; prior registration was null
13:10:15.121 [main] DEBUG org.hibernate.query.sqm.function.SqmFunctionRegistry - Registered SqmFunctionTemplate [NamedSqmFunctionTemplate(bool_and)] under bool_and; prior registration was null
13:10:15.121 [main] DEBUG org.hibernate.query.sqm.function.SqmFunctionRegistry - Registering alternate key : every -> bool_and
13:10:15.121 [main] DEBUG org.hibernate.query.sqm.function.SqmFunctionRegistry - Registered SqmFunctionTemplate [NamedSqmFunctionTemplate(bool_or)] under bool_or; prior registration was null
13:10:15.121 [main] DEBUG org.hibernate.query.sqm.function.SqmFunctionRegistry - Registering alternate key : any -> bool_or
13:10:15.121 [main] DEBUG org.hibernate.query.sqm.function.SqmFunctionRegistry - Registered SqmFunctionTemplate [NamedSqmFunctionTemplate(median)] under median; prior registration was null
13:10:15.121 [main] DEBUG org.hibernate.query.sqm.function.SqmFunctionRegistry - Registered SqmFunctionTemplate [NamedSqmFunctionTemplate(stddev_pop)] under stddev_pop; prior registration was null
13:10:15.121 [main] DEBUG org.hibernate.query.sqm.function.SqmFunctionRegistry - Registered SqmFunctionTemplate [NamedSqmFunctionTemplate(stddev_samp)] under stddev_samp; prior registration was null
13:10:15.121 [main] DEBUG org.hibernate.query.sqm.function.SqmFunctionRegistry - Registered SqmFunctionTemplate [NamedSqmFunctionTemplate(var_pop)] under var_pop; prior registration was null
13:10:15.121 [main] DEBUG org.hibernate.query.sqm.function.SqmFunctionRegistry - Registered SqmFunctionTemplate [NamedSqmFunctionTemplate(var_samp)] under var_samp; prior registration was null
13:10:15.121 [main] DEBUG org.hibernate.query.sqm.function.SqmFunctionRegistry - Registered SqmFunctionTemplate [org.hibernate.dialect.function.FormatFunction@3e53a659] under format; prior registration was org.hibernate.dialect.function.FormatFunction@5be38ef2
13:10:15.121 [main] DEBUG org.hibernate.query.sqm.function.SqmFunctionRegistry - Registered SqmFunctionTemplate [NamedSqmFunctionTemplate(rownum)] under rownum; prior registration was null
13:10:15.121 [main] DEBUG org.hibernate.query.sqm.function.SqmFunctionRegistry - Registered SqmFunctionTemplate [NamedSqmFunctionTemplate(row_number)] under row_number; prior registration was null
13:10:15.121 [main] DEBUG org.hibernate.query.sqm.function.SqmFunctionRegistry - Registered SqmFunctionTemplate [NamedSqmFunctionTemplate(lag)] under lag; prior registration was null
13:10:15.121 [main] DEBUG org.hibernate.query.sqm.function.SqmFunctionRegistry - Registered SqmFunctionTemplate [NamedSqmFunctionTemplate(lead)] under lead; prior registration was null
13:10:15.121 [main] DEBUG org.hibernate.query.sqm.function.SqmFunctionRegistry - Registered SqmFunctionTemplate [NamedSqmFunctionTemplate(first_value)] under first_value; prior registration was null
13:10:15.121 [main] DEBUG org.hibernate.query.sqm.function.SqmFunctionRegistry - Registered SqmFunctionTemplate [NamedSqmFunctionTemplate(last_value)] under last_value; prior registration was null
13:10:15.121 [main] DEBUG org.hibernate.query.sqm.function.SqmFunctionRegistry - Registered SqmFunctionTemplate [NamedSqmFunctionTemplate(nth_value)] under nth_value; prior registration was null
13:10:15.121 [main] DEBUG org.hibernate.query.sqm.function.SqmFunctionRegistry - Registered SqmFunctionTemplate [org.hibernate.dialect.function.ListaggFunction@57ae2f11] under listagg; prior registration was null
13:10:15.121 [main] DEBUG org.hibernate.query.sqm.function.SqmFunctionRegistry - Registered SqmFunctionTemplate [org.hibernate.dialect.function.InverseDistributionFunction@7c59bd6e] under mode; prior registration was null
13:10:15.121 [main] DEBUG org.hibernate.query.sqm.function.SqmFunctionRegistry - Registered SqmFunctionTemplate [org.hibernate.dialect.function.InverseDistributionFunction@6d2197f7] under percentile_cont; prior registration was null
13:10:15.121 [main] DEBUG org.hibernate.query.sqm.function.SqmFunctionRegistry - Registered SqmFunctionTemplate [org.hibernate.dialect.function.InverseDistributionFunction@4e639564] under percentile_disc; prior registration was null
13:10:15.121 [main] DEBUG org.hibernate.query.sqm.function.SqmFunctionRegistry - Registered SqmFunctionTemplate [org.hibernate.dialect.function.HypotheticalSetFunction@6813ed1e] under rank; prior registration was null
13:10:15.121 [main] DEBUG org.hibernate.query.sqm.function.SqmFunctionRegistry - Registered SqmFunctionTemplate [org.hibernate.dialect.function.HypotheticalSetFunction@59108fbf] under dense_rank; prior registration was null
13:10:15.121 [main] DEBUG org.hibernate.query.sqm.function.SqmFunctionRegistry - Registered SqmFunctionTemplate [org.hibernate.dialect.function.HypotheticalSetFunction@38ef3545] under percent_rank; prior registration was null
13:10:15.121 [main] DEBUG org.hibernate.query.sqm.function.SqmFunctionRegistry - Registered SqmFunctionTemplate [org.hibernate.dialect.function.HypotheticalSetFunction@6a754f89] under cume_dist; prior registration was null
13:10:15.121 [main] DEBUG org.hibernate.query.sqm.function.SqmFunctionRegistry - Registered SqmFunctionTemplate [org.hibernate.dialect.function.array.ArrayConstructorFunction@1d7924c4] under array; prior registration was null
13:10:15.121 [main] DEBUG org.hibernate.query.sqm.function.SqmFunctionRegistry - Registered SqmFunctionTemplate [org.hibernate.dialect.function.array.ArrayConstructorFunction@40c93da3] under array_list; prior registration was null
13:10:15.121 [main] DEBUG org.hibernate.query.sqm.function.SqmFunctionRegistry - Registered SqmFunctionTemplate [org.hibernate.dialect.function.array.ArrayAggFunction@1cd7de2] under array_agg; prior registration was null
13:10:15.121 [main] DEBUG org.hibernate.query.sqm.function.SqmFunctionRegistry - Registered SqmFunctionTemplate [org.hibernate.dialect.function.array.H2ArrayPositionFunction@41046355] under array_position; prior registration was null
13:10:15.121 [main] DEBUG org.hibernate.query.sqm.function.SqmFunctionRegistry - Registered SqmFunctionTemplate [org.hibernate.dialect.function.array.H2ArrayPositionsFunction@1c222382] under array_positions; prior registration was null
13:10:15.121 [main] DEBUG org.hibernate.query.sqm.function.SqmFunctionRegistry - Registered SqmFunctionTemplate [org.hibernate.dialect.function.array.H2ArrayPositionsFunction@1496a4ca] under array_positions_list; prior registration was null
13:10:15.121 [main] DEBUG org.hibernate.query.sqm.function.SqmFunctionRegistry - Registered SqmFunctionTemplate [org.hibernate.query.sqm.function.PatternBasedSqmFunctionDescriptor@78702475] under array_length; prior registration was null
13:10:15.121 [main] DEBUG org.hibernate.query.sqm.function.SqmFunctionRegistry - Registered SqmFunctionTemplate [org.hibernate.dialect.function.array.ArrayConcatFunction@754326ca] under array_concat; prior registration was null
13:10:15.121 [main] DEBUG org.hibernate.query.sqm.function.SqmFunctionRegistry - Registered SqmFunctionTemplate [org.hibernate.dialect.function.array.ArrayConcatElementFunction@507099cc] under array_prepend; prior registration was null
13:10:15.121 [main] DEBUG org.hibernate.query.sqm.function.SqmFunctionRegistry - Registered SqmFunctionTemplate [org.hibernate.dialect.function.array.ArrayConcatElementFunction@71e1c7fc] under array_append; prior registration was null
13:10:15.121 [main] DEBUG org.hibernate.query.sqm.function.SqmFunctionRegistry - Registered SqmFunctionTemplate [org.hibernate.dialect.function.array.H2ArrayContainsFunction@84b0639] under array_contains; prior registration was null
13:10:15.121 [main] DEBUG org.hibernate.query.sqm.function.SqmFunctionRegistry - Registered SqmFunctionTemplate [org.hibernate.dialect.function.array.H2ArrayContainsFunction@6452048c] under array_contains_nullable; prior registration was null
13:10:15.121 [main] DEBUG org.hibernate.query.sqm.function.SqmFunctionRegistry - Registered SqmFunctionTemplate [org.hibernate.dialect.function.array.H2ArrayOverlapsFunction@30b84f33] under array_overlaps; prior registration was null
13:10:15.121 [main] DEBUG org.hibernate.query.sqm.function.SqmFunctionRegistry - Registered SqmFunctionTemplate [org.hibernate.dialect.function.array.H2ArrayOverlapsFunction@4f99b0ff] under array_overlaps_nullable; prior registration was null
13:10:15.121 [main] DEBUG org.hibernate.query.sqm.function.SqmFunctionRegistry - Registered SqmFunctionTemplate [org.hibernate.query.sqm.function.PatternBasedSqmFunctionDescriptor@1fb31dfb] under array_get; prior registration was null
13:10:15.121 [main] DEBUG org.hibernate.query.sqm.function.SqmFunctionRegistry - Registered SqmFunctionTemplate [org.hibernate.dialect.function.array.H2ArraySetFunction@6b311ce5] under array_set; prior registration was null
13:10:15.121 [main] DEBUG org.hibernate.query.sqm.function.SqmFunctionRegistry - Registered SqmFunctionTemplate [org.hibernate.dialect.function.array.H2ArrayRemoveFunction@19020767] under array_remove; prior registration was null
13:10:15.121 [main] DEBUG org.hibernate.query.sqm.function.SqmFunctionRegistry - Registered SqmFunctionTemplate [org.hibernate.dialect.function.array.H2ArrayRemoveIndexFunction@1b1e42f0] under array_remove_index; prior registration was null
13:10:15.121 [main] DEBUG org.hibernate.query.sqm.function.SqmFunctionRegistry - Registered SqmFunctionTemplate [org.hibernate.query.sqm.function.PatternBasedSqmFunctionDescriptor@1c45c8ad] under array_slice; prior registration was null
13:10:15.121 [main] DEBUG org.hibernate.query.sqm.function.SqmFunctionRegistry - Registered SqmFunctionTemplate [org.hibernate.dialect.function.array.H2ArrayReplaceFunction@7f7039f4] under array_replace; prior registration was null
13:10:15.121 [main] DEBUG org.hibernate.query.sqm.function.SqmFunctionRegistry - Registered SqmFunctionTemplate [org.hibernate.query.sqm.function.PatternBasedSqmFunctionDescriptor@76c03042] under array_trim; prior registration was null
13:10:15.121 [main] DEBUG org.hibernate.query.sqm.function.SqmFunctionRegistry - Registered SqmFunctionTemplate [org.hibernate.dialect.function.array.H2ArrayFillFunction@1fa0e5a8] under array_fill; prior registration was null
13:10:15.121 [main] DEBUG org.hibernate.query.sqm.function.SqmFunctionRegistry - Registered SqmFunctionTemplate [org.hibernate.dialect.function.array.H2ArrayFillFunction@2d125651] under array_fill_list; prior registration was null
13:10:15.121 [main] DEBUG org.hibernate.query.sqm.function.SqmFunctionRegistry - Registered SqmFunctionTemplate [org.hibernate.dialect.function.array.H2ArrayToStringFunction@5353759e] under array_to_string; prior registration was null
13:10:15.121 [main] DEBUG org.hibernate.HQL_FUNCTIONS - abs(NUMERIC arg)
13:10:15.121 [main] DEBUG org.hibernate.HQL_FUNCTIONS - Double acos(NUMERIC arg)
13:10:15.121 [main] DEBUG org.hibernate.HQL_FUNCTIONS - Boolean any(BOOLEAN predicate)
13:10:15.121 [main] DEBUG org.hibernate.HQL_FUNCTIONS - array( ... )
13:10:15.121 [main] DEBUG org.hibernate.HQL_FUNCTIONS - array_agg(arg)
13:10:15.121 [main] DEBUG org.hibernate.HQL_FUNCTIONS - array_append( ... )
13:10:15.121 [main] DEBUG org.hibernate.HQL_FUNCTIONS - array_concat( ... )
13:10:15.121 [main] DEBUG org.hibernate.HQL_FUNCTIONS - Boolean array_contains(ARRAY haystackArray, OBJECT needleElementOrArray)
13:10:15.121 [main] DEBUG org.hibernate.HQL_FUNCTIONS - Boolean array_contains_nullable(ARRAY haystackArray, OBJECT needleElementOrArray)
13:10:15.121 [main] DEBUG org.hibernate.HQL_FUNCTIONS - array_fill(OBJECT element, INTEGER elementCount)
13:10:15.121 [main] DEBUG org.hibernate.HQL_FUNCTIONS - array_fill_list(OBJECT element, INTEGER elementCount)
13:10:15.121 [main] DEBUG org.hibernate.HQL_FUNCTIONS - array_get(ARRAY array, INTEGER index)
13:10:15.121 [main] DEBUG org.hibernate.HQL_FUNCTIONS - Integer array_length(ARRAY array)
13:10:15.121 [main] DEBUG org.hibernate.HQL_FUNCTIONS - array_list( ... )
13:10:15.121 [main] DEBUG org.hibernate.HQL_FUNCTIONS - Boolean array_overlaps(ARRAY array0, OBJECT array1)
13:10:15.121 [main] DEBUG org.hibernate.HQL_FUNCTIONS - Boolean array_overlaps_nullable(ARRAY array0, OBJECT array1)
13:10:15.121 [main] DEBUG org.hibernate.HQL_FUNCTIONS - Integer array_position(ARRAY array, OBJECT element[, INTEGER startPosition])
13:10:15.121 [main] DEBUG org.hibernate.HQL_FUNCTIONS - int[] array_positions(ARRAY array, OBJECT element)
13:10:15.121 [main] DEBUG org.hibernate.HQL_FUNCTIONS - List array_positions_list(ARRAY array, OBJECT element)
13:10:15.121 [main] DEBUG org.hibernate.HQL_FUNCTIONS - array_prepend( ... )
13:10:15.121 [main] DEBUG org.hibernate.HQL_FUNCTIONS - array_remove( ... )
13:10:15.121 [main] DEBUG org.hibernate.HQL_FUNCTIONS - array_remove_index( ... )
13:10:15.121 [main] DEBUG org.hibernate.HQL_FUNCTIONS - array_replace( ... )
13:10:15.121 [main] DEBUG org.hibernate.HQL_FUNCTIONS - array_set( ... )
13:10:15.121 [main] DEBUG org.hibernate.HQL_FUNCTIONS - array_slice(ARRAY array, INTEGER start, INTEGER end)
13:10:15.121 [main] DEBUG org.hibernate.HQL_FUNCTIONS - String array_to_string( ... )
13:10:15.121 [main] DEBUG org.hibernate.HQL_FUNCTIONS - array_trim(ARRAY array, INTEGER elementsToRemove)
13:10:15.121 [main] DEBUG org.hibernate.HQL_FUNCTIONS - Integer ascii(STRING arg)
13:10:15.121 [main] DEBUG org.hibernate.HQL_FUNCTIONS - Double asin(NUMERIC arg)
13:10:15.121 [main] DEBUG org.hibernate.HQL_FUNCTIONS - Double atan(NUMERIC arg)
13:10:15.121 [main] DEBUG org.hibernate.HQL_FUNCTIONS - Double atan2(NUMERIC arg0, NUMERIC arg1)
13:10:15.121 [main] DEBUG org.hibernate.HQL_FUNCTIONS - avg(NUMERIC arg)
13:10:15.121 [main] DEBUG org.hibernate.HQL_FUNCTIONS - bit_and(arg)
13:10:15.121 [main] DEBUG org.hibernate.HQL_FUNCTIONS - Integer bit_length(STRING_OR_CLOB arg)
13:10:15.121 [main] DEBUG org.hibernate.HQL_FUNCTIONS - bit_or(arg)
13:10:15.121 [main] DEBUG org.hibernate.HQL_FUNCTIONS - bitand(arg0, arg1)
13:10:15.121 [main] DEBUG org.hibernate.HQL_FUNCTIONS - bitnot(arg)
13:10:15.121 [main] DEBUG org.hibernate.HQL_FUNCTIONS - bitor(arg0, arg1)
13:10:15.121 [main] DEBUG org.hibernate.HQL_FUNCTIONS - bitxor(arg0, arg1)
13:10:15.121 [main] DEBUG org.hibernate.HQL_FUNCTIONS - Boolean bool_and(BOOLEAN predicate)
13:10:15.121 [main] DEBUG org.hibernate.HQL_FUNCTIONS - Boolean bool_or(BOOLEAN predicate)
13:10:15.121 [main] DEBUG org.hibernate.HQL_FUNCTIONS - cast(arg as Type)
13:10:15.121 [main] DEBUG org.hibernate.HQL_FUNCTIONS - ceiling(NUMERIC arg)
13:10:15.121 [main] DEBUG org.hibernate.HQL_FUNCTIONS - Character char(INTEGER arg)
13:10:15.121 [main] DEBUG org.hibernate.HQL_FUNCTIONS - Integer character_length(STRING_OR_CLOB arg)
13:10:15.121 [main] DEBUG org.hibernate.HQL_FUNCTIONS - Character chr(INTEGER arg)
13:10:15.121 [main] DEBUG org.hibernate.HQL_FUNCTIONS - coalesce(arg0[, arg1[, ...]])
13:10:15.121 [main] DEBUG org.hibernate.HQL_FUNCTIONS - String collate(STRING string as COLLATION collation)
13:10:15.121 [main] DEBUG org.hibernate.HQL_FUNCTIONS - String concat(STRING string0[, STRING string1[, ...]])
13:10:15.121 [main] DEBUG org.hibernate.HQL_FUNCTIONS - Double cos(NUMERIC arg)
13:10:15.121 [main] DEBUG org.hibernate.HQL_FUNCTIONS - Double cosh(NUMERIC arg)
13:10:15.121 [main] DEBUG org.hibernate.HQL_FUNCTIONS - Double cot(NUMERIC arg)
13:10:15.121 [main] DEBUG org.hibernate.HQL_FUNCTIONS - Long count([distinct ]{arg|*})
13:10:15.121 [main] DEBUG org.hibernate.HQL_FUNCTIONS - Double cume_dist([arg0[, ...]])
13:10:15.121 [main] DEBUG org.hibernate.HQL_FUNCTIONS - Date curdate()
13:10:15.121 [main] DEBUG org.hibernate.HQL_FUNCTIONS - Date current date
13:10:15.121 [main] DEBUG org.hibernate.HQL_FUNCTIONS - Time current time
13:10:15.121 [main] DEBUG org.hibernate.HQL_FUNCTIONS - Timestamp current timestamp
13:10:15.121 [main] DEBUG org.hibernate.HQL_FUNCTIONS - Date current_date
13:10:15.121 [main] DEBUG org.hibernate.HQL_FUNCTIONS - Instant current_instant
13:10:15.121 [main] DEBUG org.hibernate.HQL_FUNCTIONS - Time current_time
13:10:15.121 [main] DEBUG org.hibernate.HQL_FUNCTIONS - Timestamp current_timestamp
13:10:15.121 [main] DEBUG org.hibernate.HQL_FUNCTIONS - Time curtime()
13:10:15.121 [main] DEBUG org.hibernate.HQL_FUNCTIONS - date_trunc(STRING field, TEMPORAL datetime)
13:10:15.121 [main] DEBUG org.hibernate.HQL_FUNCTIONS - dateadd(TEMPORAL_UNIT field, INTEGER magnitude, TEMPORAL datetime)
13:10:15.121 [main] DEBUG org.hibernate.HQL_FUNCTIONS - Long|Double datediff(TEMPORAL_UNIT field, TEMPORAL start, TEMPORAL end)
13:10:15.121 [main] DEBUG org.hibernate.HQL_FUNCTIONS - Integer day(DATE arg)
13:10:15.121 [main] DEBUG org.hibernate.HQL_FUNCTIONS - Integer day_of_month(DATE arg)
13:10:15.121 [main] DEBUG org.hibernate.HQL_FUNCTIONS - Integer day_of_week(DATE arg)
13:10:15.121 [main] DEBUG org.hibernate.HQL_FUNCTIONS - Integer day_of_year(DATE arg)
13:10:15.121 [main] DEBUG org.hibernate.HQL_FUNCTIONS - String dayname(DATE arg)
13:10:15.121 [main] DEBUG org.hibernate.HQL_FUNCTIONS - Double degrees(NUMERIC arg)
13:10:15.121 [main] DEBUG org.hibernate.HQL_FUNCTIONS - Long dense_rank([arg0[, ...]])
13:10:15.121 [main] DEBUG org.hibernate.HQL_FUNCTIONS - Boolean every(BOOLEAN predicate)
13:10:15.121 [main] DEBUG org.hibernate.HQL_FUNCTIONS - Double exp(NUMERIC arg)
13:10:15.121 [main] DEBUG org.hibernate.HQL_FUNCTIONS - extract(TEMPORAL_UNIT field from TEMPORAL arg)
13:10:15.121 [main] DEBUG org.hibernate.HQL_FUNCTIONS - first_valueANY value
13:10:15.121 [main] DEBUG org.hibernate.HQL_FUNCTIONS - floor(NUMERIC arg)
13:10:15.121 [main] DEBUG org.hibernate.HQL_FUNCTIONS - String format(TEMPORAL datetime as STRING pattern)
13:10:15.121 [main] DEBUG org.hibernate.HQL_FUNCTIONS - greatest(COMPARABLE arg0, COMPARABLE arg1[, arg2[, ...]])
13:10:15.121 [main] DEBUG org.hibernate.HQL_FUNCTIONS - Integer hour(TIME arg)
13:10:15.121 [main] DEBUG org.hibernate.HQL_FUNCTIONS - ifnull(arg0, arg1)
13:10:15.121 [main] DEBUG org.hibernate.HQL_FUNCTIONS - String insert(STRING string, INTEGER start, INTEGER length, STRING replacement)
13:10:15.121 [main] DEBUG org.hibernate.HQL_FUNCTIONS - Instant instant
13:10:15.121 [main] DEBUG org.hibernate.HQL_FUNCTIONS - Integer instr(STRING string, STRING pattern[, INTEGER start[, INTEGER occurrence]])
13:10:15.121 [main] DEBUG org.hibernate.HQL_FUNCTIONS - lagANY value[, INTEGER offset[, ANY default]]
13:10:15.121 [main] DEBUG org.hibernate.HQL_FUNCTIONS - last_valueANY value
13:10:15.121 [main] DEBUG org.hibernate.HQL_FUNCTIONS - leadANY value[, INTEGER offset[, ANY default]]
13:10:15.121 [main] DEBUG org.hibernate.HQL_FUNCTIONS - least(COMPARABLE arg0, COMPARABLE arg1[, arg2[, ...]])
13:10:15.121 [main] DEBUG org.hibernate.HQL_FUNCTIONS - String left(STRING string, INTEGER length)
13:10:15.121 [main] DEBUG org.hibernate.HQL_FUNCTIONS - Integer length(STRING_OR_CLOB arg)
13:10:15.121 [main] DEBUG org.hibernate.HQL_FUNCTIONS - String listagg(STRING arg0, STRING arg1)
13:10:15.121 [main] DEBUG org.hibernate.HQL_FUNCTIONS - Double ln(NUMERIC arg)
13:10:15.121 [main] DEBUG org.hibernate.HQL_FUNCTIONS - LocalDate local date
13:10:15.121 [main] DEBUG org.hibernate.HQL_FUNCTIONS - LocalDateTime local datetime
13:10:15.121 [main] DEBUG org.hibernate.HQL_FUNCTIONS - LocalTime local time
13:10:15.121 [main] DEBUG org.hibernate.HQL_FUNCTIONS - LocalDate local_date
13:10:15.121 [main] DEBUG org.hibernate.HQL_FUNCTIONS - LocalDateTime local_datetime
13:10:15.121 [main] DEBUG org.hibernate.HQL_FUNCTIONS - LocalTime local_time
13:10:15.121 [main] DEBUG org.hibernate.HQL_FUNCTIONS - Time localtime
13:10:15.121 [main] DEBUG org.hibernate.HQL_FUNCTIONS - Timestamp localtimestamp
13:10:15.121 [main] DEBUG org.hibernate.HQL_FUNCTIONS - Integer locate(STRING pattern, STRING string[, INTEGER start])
13:10:15.121 [main] DEBUG org.hibernate.HQL_FUNCTIONS - Double log(NUMERIC base, NUMERIC arg)
13:10:15.121 [main] DEBUG org.hibernate.HQL_FUNCTIONS - Double log10(NUMERIC arg)
13:10:15.121 [main] DEBUG org.hibernate.HQL_FUNCTIONS - String lower(STRING string)
13:10:15.121 [main] DEBUG org.hibernate.HQL_FUNCTIONS - String lpad(STRING string, INTEGER length[, STRING padding])
13:10:15.121 [main] DEBUG org.hibernate.HQL_FUNCTIONS - String ltrim(STRING string)
13:10:15.121 [main] DEBUG org.hibernate.HQL_FUNCTIONS - max(COMPARABLE arg)
13:10:15.121 [main] DEBUG org.hibernate.HQL_FUNCTIONS - Double median(NUMERIC arg)
13:10:15.121 [main] DEBUG org.hibernate.HQL_FUNCTIONS - Integer microsecond(TIME arg)
13:10:15.121 [main] DEBUG org.hibernate.HQL_FUNCTIONS - min(COMPARABLE arg)
13:10:15.121 [main] DEBUG org.hibernate.HQL_FUNCTIONS - Integer minute(TIME arg)
13:10:15.121 [main] DEBUG org.hibernate.HQL_FUNCTIONS - Integer mod(INTEGER arg0, INTEGER arg1)
13:10:15.121 [main] DEBUG org.hibernate.HQL_FUNCTIONS - mode()
13:10:15.122 [main] DEBUG org.hibernate.HQL_FUNCTIONS - Integer month(DATE arg)
13:10:15.122 [main] DEBUG org.hibernate.HQL_FUNCTIONS - String monthname(DATE arg)
13:10:15.122 [main] DEBUG org.hibernate.HQL_FUNCTIONS - Timestamp now()
13:10:15.122 [main] DEBUG org.hibernate.HQL_FUNCTIONS - nth_valueANY value, INTEGER nth
13:10:15.122 [main] DEBUG org.hibernate.HQL_FUNCTIONS - nullif(arg0, arg1)
13:10:15.122 [main] DEBUG org.hibernate.HQL_FUNCTIONS - Integer octet_length(STRING_OR_CLOB arg)
13:10:15.122 [main] DEBUG org.hibernate.HQL_FUNCTIONS - OffsetDateTime offset datetime
13:10:15.122 [main] DEBUG org.hibernate.HQL_FUNCTIONS - OffsetDateTime offset_datetime
13:10:15.122 [main] DEBUG org.hibernate.HQL_FUNCTIONS - String overlay(STRING string placing STRING replacement from INTEGER start[ for INTEGER length])
13:10:15.122 [main] DEBUG org.hibernate.HQL_FUNCTIONS - String pad(STRING string with INTEGER length {leading|trailing}[ STRING character])
13:10:15.122 [main] DEBUG org.hibernate.HQL_FUNCTIONS - Double percent_rank([arg0[, ...]])
13:10:15.122 [main] DEBUG org.hibernate.HQL_FUNCTIONS - percentile_cont(NUMERIC arg)
13:10:15.122 [main] DEBUG org.hibernate.HQL_FUNCTIONS - percentile_disc(NUMERIC arg)
13:10:15.122 [main] DEBUG org.hibernate.HQL_FUNCTIONS - Double pi
13:10:15.122 [main] DEBUG org.hibernate.HQL_FUNCTIONS - Integer position(STRING pattern in STRING string)
13:10:15.122 [main] DEBUG org.hibernate.HQL_FUNCTIONS - Double power(NUMERIC arg0, NUMERIC arg1)
13:10:15.122 [main] DEBUG org.hibernate.HQL_FUNCTIONS - Integer quarter(DATE arg)
13:10:15.122 [main] DEBUG org.hibernate.HQL_FUNCTIONS - Double radians(NUMERIC arg)
13:10:15.122 [main] DEBUG org.hibernate.HQL_FUNCTIONS - Double rand([INTEGER seed])
13:10:15.122 [main] DEBUG org.hibernate.HQL_FUNCTIONS - Long rank([arg0[, ...]])
13:10:15.122 [main] DEBUG org.hibernate.HQL_FUNCTIONS - String repeat(STRING string, INTEGER times)
13:10:15.122 [main] DEBUG org.hibernate.HQL_FUNCTIONS - String replace(STRING string, STRING pattern, STRING replacement)
13:10:15.122 [main] DEBUG org.hibernate.HQL_FUNCTIONS - String right(STRING string, INTEGER length)
13:10:15.122 [main] DEBUG org.hibernate.HQL_FUNCTIONS - round(NUMERIC number[, INTEGER places])
13:10:15.122 [main] DEBUG org.hibernate.HQL_FUNCTIONS - Long row_number()
13:10:15.122 [main] DEBUG org.hibernate.HQL_FUNCTIONS - Long rownum()
13:10:15.122 [main] DEBUG org.hibernate.HQL_FUNCTIONS - String rpad(STRING string, INTEGER length[, STRING padding])
13:10:15.122 [main] DEBUG org.hibernate.HQL_FUNCTIONS - String rtrim(STRING string)
13:10:15.122 [main] DEBUG org.hibernate.HQL_FUNCTIONS - Integer second(TIME arg)
13:10:15.122 [main] DEBUG org.hibernate.HQL_FUNCTIONS - Integer sign(NUMERIC arg)
13:10:15.122 [main] DEBUG org.hibernate.HQL_FUNCTIONS - Double sin(NUMERIC arg)
13:10:15.122 [main] DEBUG org.hibernate.HQL_FUNCTIONS - Double sinh(NUMERIC arg)
13:10:15.122 [main] DEBUG org.hibernate.HQL_FUNCTIONS - String soundex(arg)
13:10:15.122 [main] DEBUG org.hibernate.HQL_FUNCTIONS - String space(INTEGER arg)
13:10:15.122 [main] DEBUG org.hibernate.HQL_FUNCTIONS - Object sql
13:10:15.122 [main] DEBUG org.hibernate.HQL_FUNCTIONS - Double sqrt(NUMERIC arg)
13:10:15.122 [main] DEBUG org.hibernate.HQL_FUNCTIONS - Double stddev_pop(NUMERIC arg)
13:10:15.122 [main] DEBUG org.hibernate.HQL_FUNCTIONS - Double stddev_samp(NUMERIC arg)
13:10:15.122 [main] DEBUG org.hibernate.HQL_FUNCTIONS - String str(arg)
13:10:15.122 [main] DEBUG org.hibernate.HQL_FUNCTIONS - String substr(STRING string, INTEGER start[, INTEGER length])
13:10:15.122 [main] DEBUG org.hibernate.HQL_FUNCTIONS - String substring(STRING string{ from|,} INTEGER start[{ for|,} INTEGER length])
13:10:15.122 [main] DEBUG org.hibernate.HQL_FUNCTIONS - sum(arg)
13:10:15.122 [main] DEBUG org.hibernate.HQL_FUNCTIONS - Timestamp sysdate
13:10:15.122 [main] DEBUG org.hibernate.HQL_FUNCTIONS - Double tan(NUMERIC arg)
13:10:15.122 [main] DEBUG org.hibernate.HQL_FUNCTIONS - Double tanh(NUMERIC arg)
13:10:15.122 [main] DEBUG org.hibernate.HQL_FUNCTIONS - timestampadd(TEMPORAL_UNIT field, INTEGER magnitude, TEMPORAL datetime)
13:10:15.122 [main] DEBUG org.hibernate.HQL_FUNCTIONS - Long|Double timestampdiff(TEMPORAL_UNIT field, TEMPORAL start, TEMPORAL end)
13:10:15.122 [main] DEBUG org.hibernate.HQL_FUNCTIONS - String translate(STRING arg0, STRING arg1, STRING arg2)
13:10:15.122 [main] DEBUG org.hibernate.HQL_FUNCTIONS - String trim([[{leading|trailing|both} ][STRING arg0 ]from] STRING arg1)
13:10:15.122 [main] DEBUG org.hibernate.HQL_FUNCTIONS - trunc( ... )
13:10:15.122 [main] DEBUG org.hibernate.HQL_FUNCTIONS - truncate( ... )
13:10:15.122 [main] DEBUG org.hibernate.HQL_FUNCTIONS - String upper(STRING string)
13:10:15.122 [main] DEBUG org.hibernate.HQL_FUNCTIONS - Double var_pop(NUMERIC arg)
13:10:15.122 [main] DEBUG org.hibernate.HQL_FUNCTIONS - Double var_samp(NUMERIC arg)
13:10:15.122 [main] DEBUG org.hibernate.HQL_FUNCTIONS - Integer week(DATE arg)
13:10:15.122 [main] DEBUG org.hibernate.HQL_FUNCTIONS - Integer year(DATE arg)
13:10:15.122 [main] DEBUG org.hibernate.orm.query.plan.cache - Starting QueryInterpretationCache(2048)
13:10:15.122 [main] DEBUG org.hibernate.service.internal.SessionFactoryServiceRegistryImpl - EventListenerRegistry access via ServiceRegistry is deprecated.  Use `sessionFactory.getEventEngine().getListenerRegistry()` instead
13:10:15.122 [main] DEBUG org.hibernate.event.internal.EntityCopyObserverFactoryInitiator - Configured EntityCopyObserver strategy: disallow
13:10:15.122 [main] DEBUG org.hibernate.boot.internal.ClassLoaderAccessImpl - Not known whether passed class name [org.frcpm.models.Attendance] is safe
13:10:15.122 [main] DEBUG org.hibernate.boot.internal.ClassLoaderAccessImpl - No temp ClassLoader provided; using live ClassLoader for loading potentially unsafe class : org.frcpm.models.Attendance
13:10:15.126 [main] DEBUG org.hibernate.bytecode.internal.bytebuddy.BytecodeProviderImpl - HHH000513: Unable to create the ReflectionOptimizer for [org.frcpm.models.Attendance]: private accessor [arrivalTime]
13:10:15.126 [main] DEBUG org.hibernate.boot.internal.ClassLoaderAccessImpl - Not known whether passed class name [org.frcpm.models.Meeting] is safe
13:10:15.126 [main] DEBUG org.hibernate.boot.internal.ClassLoaderAccessImpl - No temp ClassLoader provided; using live ClassLoader for loading potentially unsafe class : org.frcpm.models.Meeting
13:10:15.130 [frcpm-hikari-pool connection adder] DEBUG com.zaxxer.hikari.pool.HikariPool - frcpm-hikari-pool - After adding stats (total=2, active=0, idle=2, waiting=0)
13:10:15.130 [frcpm-hikari-pool connection adder] DEBUG com.zaxxer.hikari.pool.HikariPool - frcpm-hikari-pool - Added connection conn45: url=jdbc:h2:mem:testdb user=SA
13:10:15.132 [main] DEBUG org.hibernate.bytecode.internal.bytebuddy.BytecodeProviderImpl - HHH000513: Unable to create the ReflectionOptimizer for [org.frcpm.models.Meeting]: private accessor [attendances]
13:10:15.133 [main] DEBUG org.hibernate.boot.internal.ClassLoaderAccessImpl - Not known whether passed class name [org.frcpm.models.Subsystem] is safe
13:10:15.133 [main] DEBUG org.hibernate.boot.internal.ClassLoaderAccessImpl - No temp ClassLoader provided; using live ClassLoader for loading potentially unsafe class : org.frcpm.models.Subsystem
13:10:15.142 [main] DEBUG org.hibernate.bytecode.internal.bytebuddy.BytecodeProviderImpl - HHH000513: Unable to create the ReflectionOptimizer for [org.frcpm.models.Subsystem]: private accessor [description]
13:10:15.143 [main] DEBUG org.hibernate.boot.internal.ClassLoaderAccessImpl - Not known whether passed class name [org.frcpm.models.Component] is safe
13:10:15.143 [main] DEBUG org.hibernate.boot.internal.ClassLoaderAccessImpl - No temp ClassLoader provided; using live ClassLoader for loading potentially unsafe class : org.frcpm.models.Component
13:10:15.148 [main] DEBUG org.hibernate.bytecode.internal.bytebuddy.BytecodeProviderImpl - HHH000513: Unable to create the ReflectionOptimizer for [org.frcpm.models.Component]: private accessor [actualDelivery]
13:10:15.149 [main] DEBUG org.hibernate.boot.internal.ClassLoaderAccessImpl - Not known whether passed class name [org.frcpm.models.Milestone] is safe
13:10:15.149 [main] DEBUG org.hibernate.boot.internal.ClassLoaderAccessImpl - No temp ClassLoader provided; using live ClassLoader for loading potentially unsafe class : org.frcpm.models.Milestone
13:10:15.156 [main] DEBUG org.hibernate.bytecode.internal.bytebuddy.BytecodeProviderImpl - HHH000513: Unable to create the ReflectionOptimizer for [org.frcpm.models.Milestone]: private accessor [date]
13:10:15.157 [main] DEBUG org.hibernate.boot.internal.ClassLoaderAccessImpl - Not known whether passed class name [org.frcpm.models.Project] is safe
13:10:15.157 [main] DEBUG org.hibernate.boot.internal.ClassLoaderAccessImpl - No temp ClassLoader provided; using live ClassLoader for loading potentially unsafe class : org.frcpm.models.Project
13:10:15.161 [frcpm-hikari-pool connection adder] DEBUG com.zaxxer.hikari.pool.HikariPool - frcpm-hikari-pool - After adding stats (total=3, active=0, idle=3, waiting=0)
13:10:15.161 [frcpm-hikari-pool connection adder] DEBUG com.zaxxer.hikari.pool.HikariPool - frcpm-hikari-pool - Added connection conn46: url=jdbc:h2:mem:testdb user=SA
13:10:15.169 [main] DEBUG org.hibernate.bytecode.internal.bytebuddy.BytecodeProviderImpl - HHH000513: Unable to create the ReflectionOptimizer for [org.frcpm.models.Project]: private accessor [description]
13:10:15.170 [main] DEBUG org.hibernate.boot.internal.ClassLoaderAccessImpl - Not known whether passed class name [org.frcpm.models.Subteam] is safe
13:10:15.170 [main] DEBUG org.hibernate.boot.internal.ClassLoaderAccessImpl - No temp ClassLoader provided; using live ClassLoader for loading potentially unsafe class : org.frcpm.models.Subteam
13:10:15.176 [FRC-PM-HikariCP housekeeper] DEBUG com.zaxxer.hikari.pool.HikariPool - FRC-PM-HikariCP - Before cleanup stats (total=1, active=0, idle=1, waiting=0)
13:10:15.177 [FRC-PM-HikariCP housekeeper] DEBUG com.zaxxer.hikari.pool.HikariPool - FRC-PM-HikariCP - After cleanup  stats (total=1, active=0, idle=1, waiting=0)
13:10:15.178 [main] DEBUG org.hibernate.bytecode.internal.bytebuddy.BytecodeProviderImpl - HHH000513: Unable to create the ReflectionOptimizer for [org.frcpm.models.Subteam]: private accessor [colorCode]
13:10:15.179 [FRC-PM-HikariCP connection adder] DEBUG com.zaxxer.hikari.pool.HikariPool - FRC-PM-HikariCP - Added connection conn47: url=jdbc:h2:mem:testdb user=SA
13:10:15.179 [main] DEBUG org.hibernate.boot.internal.ClassLoaderAccessImpl - Not known whether passed class name [org.frcpm.models.Task] is safe
13:10:15.179 [main] DEBUG org.hibernate.boot.internal.ClassLoaderAccessImpl - No temp ClassLoader provided; using live ClassLoader for loading potentially unsafe class : org.frcpm.models.Task
13:10:15.189 [main] DEBUG org.hibernate.bytecode.internal.bytebuddy.BytecodeProviderImpl - HHH000513: Unable to create the ReflectionOptimizer for [org.frcpm.models.Task]: private accessor [actualDurationSeconds]
13:10:15.190 [main] DEBUG org.hibernate.boot.internal.ClassLoaderAccessImpl - Not known whether passed class name [org.frcpm.models.TeamMember] is safe
13:10:15.190 [main] DEBUG org.hibernate.boot.internal.ClassLoaderAccessImpl - No temp ClassLoader provided; using live ClassLoader for loading potentially unsafe class : org.frcpm.models.TeamMember
13:10:15.192 [frcpm-hikari-pool connection adder] DEBUG com.zaxxer.hikari.pool.HikariPool - frcpm-hikari-pool - After adding stats (total=4, active=0, idle=4, waiting=0)
13:10:15.192 [frcpm-hikari-pool connection adder] DEBUG com.zaxxer.hikari.pool.HikariPool - frcpm-hikari-pool - Added connection conn48: url=jdbc:h2:mem:testdb user=SA
13:10:15.199 [main] DEBUG org.hibernate.bytecode.internal.bytebuddy.BytecodeProviderImpl - HHH000513: Unable to create the ReflectionOptimizer for [org.frcpm.models.TeamMember]: private accessor [assignedTasks]
13:10:15.200 [main] DEBUG org.hibernate.orm.jdbc.mutation - Skipping collection row updates - org.frcpm.models.Task.assignedTo
13:10:15.200 [main] DEBUG org.hibernate.orm.jdbc.mutation - Skipping collection (re)creation - org.frcpm.models.Subsystem.tasks
13:10:15.200 [main] DEBUG org.hibernate.orm.jdbc.mutation - Skipping collection row deletions - org.frcpm.models.Subsystem.tasks
13:10:15.200 [main] DEBUG org.hibernate.orm.jdbc.mutation - Skipping collection removals - org.frcpm.models.Subsystem.tasks
13:10:15.200 [main] DEBUG org.hibernate.orm.jdbc.mutation - Skipping collection (re)creation - org.frcpm.models.Subteam.members
13:10:15.200 [main] DEBUG org.hibernate.orm.jdbc.mutation - Skipping collection row deletions - org.frcpm.models.Subteam.members
13:10:15.200 [main] DEBUG org.hibernate.orm.jdbc.mutation - Skipping collection removals - org.frcpm.models.Subteam.members
13:10:15.202 [main] DEBUG org.hibernate.orm.jdbc.mutation - Skipping collection (re)creation - org.frcpm.models.TeamMember.attendances
13:10:15.202 [main] DEBUG org.hibernate.orm.jdbc.mutation - Skipping collection row deletions - org.frcpm.models.TeamMember.attendances
13:10:15.202 [main] DEBUG org.hibernate.orm.jdbc.mutation - Skipping collection removals - org.frcpm.models.TeamMember.attendances
13:10:15.202 [main] DEBUG org.hibernate.orm.jdbc.mutation - Skipping collection row updates - org.frcpm.models.Task.requiredComponents
13:10:15.202 [main] DEBUG org.hibernate.orm.jdbc.mutation - Skipping collection (re)creation - org.frcpm.models.Subteam.subsystems
13:10:15.202 [main] DEBUG org.hibernate.orm.jdbc.mutation - Skipping collection row deletions - org.frcpm.models.Subteam.subsystems
13:10:15.202 [main] DEBUG org.hibernate.orm.jdbc.mutation - Skipping collection removals - org.frcpm.models.Subteam.subsystems
13:10:15.202 [main] DEBUG org.hibernate.orm.jdbc.mutation - Skipping collection row updates - org.frcpm.models.Task.preDependencies
13:10:15.203 [main] DEBUG org.hibernate.orm.jdbc.mutation - Skipping collection (re)creation - org.frcpm.models.Project.milestones
13:10:15.203 [main] DEBUG org.hibernate.orm.jdbc.mutation - Skipping collection row deletions - org.frcpm.models.Project.milestones
13:10:15.203 [main] DEBUG org.hibernate.orm.jdbc.mutation - Skipping collection removals - org.frcpm.models.Project.milestones
13:10:15.203 [main] DEBUG org.hibernate.orm.jdbc.mutation - Skipping collection inserts - org.frcpm.models.Component.requiredForTasks
13:10:15.203 [main] DEBUG org.hibernate.orm.jdbc.mutation - Skipping collection row updates - org.frcpm.models.Component.requiredForTasks
13:10:15.203 [main] DEBUG org.hibernate.orm.jdbc.mutation - Skipping collection row deletions - org.frcpm.models.Component.requiredForTasks
13:10:15.203 [main] DEBUG org.hibernate.orm.jdbc.mutation - Skipping collection removals - org.frcpm.models.Component.requiredForTasks
13:10:15.203 [main] DEBUG org.hibernate.orm.jdbc.mutation - Skipping collection (re)creation - org.frcpm.models.Project.meetings
13:10:15.203 [main] DEBUG org.hibernate.orm.jdbc.mutation - Skipping collection row deletions - org.frcpm.models.Project.meetings
13:10:15.203 [main] DEBUG org.hibernate.orm.jdbc.mutation - Skipping collection removals - org.frcpm.models.Project.meetings
13:10:15.203 [main] DEBUG org.hibernate.orm.jdbc.mutation - Skipping collection inserts - org.frcpm.models.TeamMember.assignedTasks
13:10:15.203 [main] DEBUG org.hibernate.orm.jdbc.mutation - Skipping collection row updates - org.frcpm.models.TeamMember.assignedTasks
13:10:15.203 [main] DEBUG org.hibernate.orm.jdbc.mutation - Skipping collection row deletions - org.frcpm.models.TeamMember.assignedTasks
13:10:15.203 [main] DEBUG org.hibernate.orm.jdbc.mutation - Skipping collection removals - org.frcpm.models.TeamMember.assignedTasks
13:10:15.203 [main] DEBUG org.hibernate.orm.jdbc.mutation - Skipping collection (re)creation - org.frcpm.models.Meeting.attendances
13:10:15.203 [main] DEBUG org.hibernate.orm.jdbc.mutation - Skipping collection row deletions - org.frcpm.models.Meeting.attendances
13:10:15.203 [main] DEBUG org.hibernate.orm.jdbc.mutation - Skipping collection removals - org.frcpm.models.Meeting.attendances
13:10:15.203 [main] DEBUG org.hibernate.orm.jdbc.mutation - Skipping collection inserts - org.frcpm.models.Task.postDependencies
13:10:15.203 [main] DEBUG org.hibernate.orm.jdbc.mutation - Skipping collection row updates - org.frcpm.models.Task.postDependencies
13:10:15.203 [main] DEBUG org.hibernate.orm.jdbc.mutation - Skipping collection row deletions - org.frcpm.models.Task.postDependencies
13:10:15.203 [main] DEBUG org.hibernate.orm.jdbc.mutation - Skipping collection removals - org.frcpm.models.Task.postDependencies
13:10:15.203 [main] DEBUG org.hibernate.orm.jdbc.mutation - Skipping collection (re)creation - org.frcpm.models.Project.tasks
13:10:15.203 [main] DEBUG org.hibernate.orm.jdbc.mutation - Skipping collection row deletions - org.frcpm.models.Project.tasks
13:10:15.203 [main] DEBUG org.hibernate.orm.jdbc.mutation - Skipping collection removals - org.frcpm.models.Project.tasks
13:10:15.208 [main] DEBUG org.hibernate.orm.model.mapping.creation - Starting post-init callbacks
13:10:15.208 [main] DEBUG org.hibernate.orm.model.mapping.creation - Starting PostInitCallbackEntry : To-one key - NavigableRole[org.frcpm.models.Attendance.meeting]
13:10:15.208 [main] DEBUG org.hibernate.orm.model.mapping.creation - Starting PostInitCallbackEntry : To-one key - NavigableRole[org.frcpm.models.Attendance.member]
13:10:15.208 [main] DEBUG org.hibernate.orm.model.mapping.creation - Starting PostInitCallbackEntry : Entity(org.frcpm.models.Attendance) `staticFetchableList` generator
13:10:15.209 [main] DEBUG org.hibernate.orm.model.mapping.creation - Starting PostInitCallbackEntry : PluralAttributeMapping( NavigableRole[org.frcpm.models.Meeting.attendances#{element}]) - element descriptor
13:10:15.209 [main] DEBUG org.hibernate.orm.model.mapping.creation - Starting PostInitCallbackEntry : PluralAttributeMapping(org.frcpm.models.Meeting.attendances)#finishInitialization
13:10:15.209 [main] DEBUG org.hibernate.orm.model.mapping.creation - Starting PostInitCallbackEntry : PluralAttributeMapping(org.frcpm.models.Meeting.attendances) - key descriptor
13:10:15.209 [main] DEBUG org.hibernate.orm.model.mapping.creation - Starting PostInitCallbackEntry : To-one key - NavigableRole[org.frcpm.models.Meeting.project]
13:10:15.209 [main] DEBUG org.hibernate.orm.model.mapping.creation - Starting PostInitCallbackEntry : Entity(org.frcpm.models.Meeting) `staticFetchableList` generator
13:10:15.209 [main] DEBUG org.hibernate.orm.model.mapping.creation - Starting PostInitCallbackEntry : To-one key - NavigableRole[org.frcpm.models.Subsystem.responsibleSubteam]
13:10:15.209 [main] DEBUG org.hibernate.orm.model.mapping.creation - Starting PostInitCallbackEntry : PluralAttributeMapping( NavigableRole[org.frcpm.models.Subsystem.tasks#{element}]) - element descriptor
13:10:15.209 [main] DEBUG org.hibernate.orm.model.mapping.creation - Starting PostInitCallbackEntry : PluralAttributeMapping(org.frcpm.models.Subsystem.tasks)#finishInitialization
13:10:15.209 [main] DEBUG org.hibernate.orm.model.mapping.creation - Starting PostInitCallbackEntry : PluralAttributeMapping(org.frcpm.models.Subsystem.tasks) - key descriptor
13:10:15.209 [main] DEBUG org.hibernate.orm.model.mapping.creation - Starting PostInitCallbackEntry : Entity(org.frcpm.models.Subsystem) `staticFetchableList` generator
13:10:15.209 [main] DEBUG org.hibernate.orm.model.mapping.creation - Starting PostInitCallbackEntry : PluralAttributeMapping( NavigableRole[org.frcpm.models.Component.requiredForTasks#{element}]) - element descriptor
13:10:15.209 [main] DEBUG org.hibernate.orm.model.mapping.creation - Starting PostInitCallbackEntry : PluralAttributeMapping(org.frcpm.models.Component.requiredForTasks)#finishInitialization
13:10:15.209 [main] DEBUG org.hibernate.orm.model.mapping.creation - Starting PostInitCallbackEntry : PluralAttributeMapping(org.frcpm.models.Component.requiredForTasks) - key descriptor
13:10:15.209 [main] DEBUG org.hibernate.orm.model.mapping.creation - Starting PostInitCallbackEntry : Entity(org.frcpm.models.Component) `staticFetchableList` generator
13:10:15.209 [main] DEBUG org.hibernate.orm.model.mapping.creation - Starting PostInitCallbackEntry : To-one key - NavigableRole[org.frcpm.models.Milestone.project]
13:10:15.209 [main] DEBUG org.hibernate.orm.model.mapping.creation - Starting PostInitCallbackEntry : Entity(org.frcpm.models.Milestone) `staticFetchableList` generator
13:10:15.209 [main] DEBUG org.hibernate.orm.model.mapping.creation - Starting PostInitCallbackEntry : PluralAttributeMapping( NavigableRole[org.frcpm.models.Project.meetings#{element}]) - element descriptor
13:10:15.209 [main] DEBUG org.hibernate.orm.model.mapping.creation - Starting PostInitCallbackEntry : PluralAttributeMapping(org.frcpm.models.Project.meetings)#finishInitialization
13:10:15.209 [main] DEBUG org.hibernate.orm.model.mapping.creation - Starting PostInitCallbackEntry : PluralAttributeMapping(org.frcpm.models.Project.meetings) - key descriptor
13:10:15.209 [main] DEBUG org.hibernate.orm.model.mapping.creation - Starting PostInitCallbackEntry : PluralAttributeMapping( NavigableRole[org.frcpm.models.Project.milestones#{element}]) - element descriptor
13:10:15.209 [main] DEBUG org.hibernate.orm.model.mapping.creation - Starting PostInitCallbackEntry : PluralAttributeMapping(org.frcpm.models.Project.milestones)#finishInitialization
13:10:15.209 [main] DEBUG org.hibernate.orm.model.mapping.creation - Starting PostInitCallbackEntry : PluralAttributeMapping(org.frcpm.models.Project.milestones) - key descriptor
13:10:15.209 [main] DEBUG org.hibernate.orm.model.mapping.creation - Starting PostInitCallbackEntry : PluralAttributeMapping( NavigableRole[org.frcpm.models.Project.tasks#{element}]) - element descriptor
13:10:15.209 [main] DEBUG org.hibernate.orm.model.mapping.creation - Starting PostInitCallbackEntry : PluralAttributeMapping(org.frcpm.models.Project.tasks)#finishInitialization
13:10:15.209 [main] DEBUG org.hibernate.orm.model.mapping.creation - Starting PostInitCallbackEntry : PluralAttributeMapping(org.frcpm.models.Project.tasks) - key descriptor
13:10:15.209 [main] DEBUG org.hibernate.orm.model.mapping.creation - Starting PostInitCallbackEntry : Entity(org.frcpm.models.Project) `staticFetchableList` generator
13:10:15.209 [main] DEBUG org.hibernate.orm.model.mapping.creation - Starting PostInitCallbackEntry : PluralAttributeMapping( NavigableRole[org.frcpm.models.Subteam.members#{element}]) - element descriptor
13:10:15.209 [main] DEBUG org.hibernate.orm.model.mapping.creation - Starting PostInitCallbackEntry : PluralAttributeMapping(org.frcpm.models.Subteam.members)#finishInitialization
13:10:15.209 [main] DEBUG org.hibernate.orm.model.mapping.creation - Starting PostInitCallbackEntry : PluralAttributeMapping(org.frcpm.models.Subteam.members) - key descriptor
13:10:15.209 [main] DEBUG org.hibernate.orm.model.mapping.creation - Starting PostInitCallbackEntry : PluralAttributeMapping( NavigableRole[org.frcpm.models.Subteam.subsystems#{element}]) - element descriptor
13:10:15.209 [main] DEBUG org.hibernate.orm.model.mapping.creation - Starting PostInitCallbackEntry : PluralAttributeMapping(org.frcpm.models.Subteam.subsystems)#finishInitialization
13:10:15.209 [main] DEBUG org.hibernate.orm.model.mapping.creation - Starting PostInitCallbackEntry : PluralAttributeMapping(org.frcpm.models.Subteam.subsystems) - key descriptor
13:10:15.209 [main] DEBUG org.hibernate.orm.model.mapping.creation - Starting PostInitCallbackEntry : Entity(org.frcpm.models.Subteam) `staticFetchableList` generator
13:10:15.209 [main] DEBUG org.hibernate.orm.model.mapping.creation - Starting PostInitCallbackEntry : PluralAttributeMapping( NavigableRole[org.frcpm.models.Task.assignedTo#{element}]) - element descriptor
13:10:15.209 [main] DEBUG org.hibernate.orm.model.mapping.creation - Starting PostInitCallbackEntry : PluralAttributeMapping(org.frcpm.models.Task.assignedTo)#finishInitialization
13:10:15.209 [main] DEBUG org.hibernate.orm.model.mapping.creation - Starting PostInitCallbackEntry : PluralAttributeMapping(org.frcpm.models.Task.assignedTo) - key descriptor
13:10:15.209 [main] DEBUG org.hibernate.orm.model.mapping.creation - Starting PostInitCallbackEntry : PluralAttributeMapping( NavigableRole[org.frcpm.models.Task.postDependencies#{element}]) - element descriptor
13:10:15.209 [main] DEBUG org.hibernate.orm.model.mapping.creation - Starting PostInitCallbackEntry : PluralAttributeMapping(org.frcpm.models.Task.postDependencies)#finishInitialization
13:10:15.209 [main] DEBUG org.hibernate.orm.model.mapping.creation - Starting PostInitCallbackEntry : PluralAttributeMapping(org.frcpm.models.Task.postDependencies) - key descriptor
13:10:15.209 [main] DEBUG org.hibernate.orm.model.mapping.creation - Starting PostInitCallbackEntry : PluralAttributeMapping( NavigableRole[org.frcpm.models.Task.preDependencies#{element}]) - element descriptor
13:10:15.209 [main] DEBUG org.hibernate.orm.model.mapping.creation - Starting PostInitCallbackEntry : PluralAttributeMapping(org.frcpm.models.Task.preDependencies)#finishInitialization
13:10:15.209 [main] DEBUG org.hibernate.orm.model.mapping.creation - Starting PostInitCallbackEntry : PluralAttributeMapping(org.frcpm.models.Task.preDependencies) - key descriptor
13:10:15.209 [main] DEBUG org.hibernate.orm.model.mapping.creation - Starting PostInitCallbackEntry : To-one key - NavigableRole[org.frcpm.models.Task.project]
13:10:15.209 [main] DEBUG org.hibernate.orm.model.mapping.creation - Starting PostInitCallbackEntry : PluralAttributeMapping( NavigableRole[org.frcpm.models.Task.requiredComponents#{element}]) - element descriptor
13:10:15.209 [main] DEBUG org.hibernate.orm.model.mapping.creation - Starting PostInitCallbackEntry : PluralAttributeMapping(org.frcpm.models.Task.requiredComponents)#finishInitialization
13:10:15.209 [main] DEBUG org.hibernate.orm.model.mapping.creation - Starting PostInitCallbackEntry : PluralAttributeMapping(org.frcpm.models.Task.requiredComponents) - key descriptor
13:10:15.209 [main] DEBUG org.hibernate.orm.model.mapping.creation - Starting PostInitCallbackEntry : To-one key - NavigableRole[org.frcpm.models.Task.subsystem]
13:10:15.209 [main] DEBUG org.hibernate.orm.model.mapping.creation - Starting PostInitCallbackEntry : Entity(org.frcpm.models.Task) `staticFetchableList` generator
13:10:15.209 [main] DEBUG org.hibernate.orm.model.mapping.creation - Starting PostInitCallbackEntry : PluralAttributeMapping( NavigableRole[org.frcpm.models.TeamMember.assignedTasks#{element}]) - element descriptor
13:10:15.209 [main] DEBUG org.hibernate.orm.model.mapping.creation - Starting PostInitCallbackEntry : PluralAttributeMapping(org.frcpm.models.TeamMember.assignedTasks)#finishInitialization
13:10:15.209 [main] DEBUG org.hibernate.orm.model.mapping.creation - Starting PostInitCallbackEntry : PluralAttributeMapping(org.frcpm.models.TeamMember.assignedTasks) - key descriptor
13:10:15.209 [main] DEBUG org.hibernate.orm.model.mapping.creation - Starting PostInitCallbackEntry : PluralAttributeMapping( NavigableRole[org.frcpm.models.TeamMember.attendances#{element}]) - element descriptor
13:10:15.209 [main] DEBUG org.hibernate.orm.model.mapping.creation - Starting PostInitCallbackEntry : PluralAttributeMapping(org.frcpm.models.TeamMember.attendances)#finishInitialization
13:10:15.209 [main] DEBUG org.hibernate.orm.model.mapping.creation - Starting PostInitCallbackEntry : PluralAttributeMapping(org.frcpm.models.TeamMember.attendances) - key descriptor
13:10:15.209 [main] DEBUG org.hibernate.orm.model.mapping.creation - Starting PostInitCallbackEntry : To-one key - NavigableRole[org.frcpm.models.TeamMember.subteam]
13:10:15.209 [main] DEBUG org.hibernate.orm.model.mapping.creation - Starting PostInitCallbackEntry : Entity(org.frcpm.models.TeamMember) `staticFetchableList` generator
13:10:15.209 [main] DEBUG org.hibernate.orm.model.mapping.creation - Starting PostInitCallbackEntry : PluralAttributeMapping( NavigableRole[org.frcpm.models.Meeting.attendances#{element}]) - element descriptor
13:10:15.209 [main] DEBUG org.hibernate.orm.model.mapping.creation - Starting PostInitCallbackEntry : PluralAttributeMapping( NavigableRole[org.frcpm.models.Subsystem.tasks#{element}]) - element descriptor
13:10:15.209 [main] DEBUG org.hibernate.orm.model.mapping.creation - Starting PostInitCallbackEntry : PluralAttributeMapping( NavigableRole[org.frcpm.models.Component.requiredForTasks#{element}]) - element descriptor
13:10:15.209 [main] DEBUG org.hibernate.orm.model.mapping.creation - Starting PostInitCallbackEntry : PluralAttributeMapping( NavigableRole[org.frcpm.models.Project.meetings#{element}]) - element descriptor
13:10:15.209 [main] DEBUG org.hibernate.orm.model.mapping.creation - Starting PostInitCallbackEntry : PluralAttributeMapping( NavigableRole[org.frcpm.models.Project.milestones#{element}]) - element descriptor
13:10:15.209 [main] DEBUG org.hibernate.orm.model.mapping.creation - Starting PostInitCallbackEntry : PluralAttributeMapping( NavigableRole[org.frcpm.models.Project.tasks#{element}]) - element descriptor
13:10:15.209 [main] DEBUG org.hibernate.orm.model.mapping.creation - Starting PostInitCallbackEntry : PluralAttributeMapping( NavigableRole[org.frcpm.models.Subteam.members#{element}]) - element descriptor
13:10:15.209 [main] DEBUG org.hibernate.orm.model.mapping.creation - Starting PostInitCallbackEntry : PluralAttributeMapping( NavigableRole[org.frcpm.models.Subteam.subsystems#{element}]) - element descriptor
13:10:15.209 [main] DEBUG org.hibernate.orm.model.mapping.creation - Starting PostInitCallbackEntry : PluralAttributeMapping( NavigableRole[org.frcpm.models.Task.postDependencies#{element}]) - element descriptor
13:10:15.209 [main] DEBUG org.hibernate.orm.model.mapping.creation - Starting PostInitCallbackEntry : PluralAttributeMapping( NavigableRole[org.frcpm.models.TeamMember.attendances#{element}]) - element descriptor
13:10:15.214 [main] DEBUG org.hibernate.orm.sql.ast.create - Created new SQL alias : a1_0
13:10:15.214 [main] DEBUG org.hibernate.orm.sql.ast.create - Registration of TableGroup [StandardTableGroup(org.frcpm.models.Attendance)] with identifierForTableGroup [org.frcpm.models.Attendance] for NavigablePath [org.frcpm.models.Attendance] 
13:10:15.214 [main] DEBUG org.hibernate.orm.sql.ast.create - Registration of TableGroup [org.hibernate.sql.ast.tree.from.LazyTableGroup@338e70c8] with identifierForTableGroup [org.frcpm.models.Attendance.meeting] for NavigablePath [org.frcpm.models.Attendance.meeting] 
13:10:15.214 [main] DEBUG org.hibernate.orm.sql.ast.create - Registration of TableGroup [org.hibernate.sql.ast.tree.from.LazyTableGroup@f9a4e75] with identifierForTableGroup [org.frcpm.models.Attendance.member] for NavigablePath [org.frcpm.models.Attendance.member] 
13:10:15.214 [main] DEBUG org.hibernate.orm.results.graph.AST - DomainResult Graph:
 \-EntityResultImpl [org.frcpm.models.Attendance]
 |  +-BasicFetch [org.frcpm.models.Attendance.arrivalTime]
 |  +-BasicFetch [org.frcpm.models.Attendance.departureTime]
 |  +-EntityDelayedFetchImpl [org.frcpm.models.Attendance.meeting]
 |  +-EntityDelayedFetchImpl [org.frcpm.models.Attendance.member]
 |  \-BasicFetch [org.frcpm.models.Attendance.present]

13:10:15.214 [main] DEBUG org.hibernate.orm.sql.ast.tree - SQL AST Tree:
    SelectStatement {
      FromClause {
        StandardTableGroup (a1 : org.frcpm.models.Attendance) {
          primaryTableReference : attendances as a1_0
          TableGroupJoins {
            left  join LazyTableGroup (m1 : org.frcpm.models.Attendance.meeting) {
            }
            left  join LazyTableGroup (m2 : org.frcpm.models.Attendance.member) {
            }
          }
        }
      }
    }

13:10:15.215 [main] DEBUG org.hibernate.persister.entity.AbstractEntityPersister - Static SQL for entity: org.frcpm.models.Attendance
13:10:15.215 [main] DEBUG org.hibernate.persister.entity.AbstractEntityPersister -  Version select: /* get version org.frcpm.models.Attendance */ select id from attendances where id=?
13:10:15.215 [main] DEBUG org.hibernate.persister.entity.AbstractEntityPersister -  Insert (0): /* insert for org.frcpm.models.Attendance */insert into attendances (arrival_time,departure_time,meeting_id,member_id,present,id) values (?,?,?,?,?,default)
13:10:15.215 [main] DEBUG org.hibernate.persister.entity.AbstractEntityPersister -  Update (0): /* update for org.frcpm.models.Attendance */update attendances set arrival_time=?,departure_time=?,meeting_id=?,member_id=?,present=? where id=?
13:10:15.215 [main] DEBUG org.hibernate.persister.entity.AbstractEntityPersister -  Delete (0): /* delete for org.frcpm.models.Attendance */delete from attendances where id=?
13:10:15.215 [main] DEBUG org.hibernate.orm.sql.ast.create - Created new SQL alias : m1_0
13:10:15.215 [main] DEBUG org.hibernate.orm.sql.ast.create - Registration of TableGroup [StandardTableGroup(org.frcpm.models.Meeting)] with identifierForTableGroup [org.frcpm.models.Meeting] for NavigablePath [org.frcpm.models.Meeting] 
13:10:15.215 [main] DEBUG org.hibernate.orm.sql.ast.create - Registration of TableGroup [org.hibernate.sql.ast.tree.from.LazyTableGroup@73d379c7] with identifierForTableGroup [org.frcpm.models.Meeting.project] for NavigablePath [org.frcpm.models.Meeting.project] 
13:10:15.215 [main] DEBUG org.hibernate.orm.results.graph.AST - DomainResult Graph:
 \-EntityResultImpl [org.frcpm.models.Meeting]
 |  +-DelayedCollectionFetch [org.frcpm.models.Meeting.attendances]
 |  +-BasicFetch [org.frcpm.models.Meeting.date]
 |  +-BasicFetch [org.frcpm.models.Meeting.endTime]
 |  +-BasicFetch [org.frcpm.models.Meeting.notes]
 |  +-EntityDelayedFetchImpl [org.frcpm.models.Meeting.project]
 |  \-BasicFetch [org.frcpm.models.Meeting.startTime]

13:10:15.215 [main] DEBUG org.hibernate.orm.sql.ast.tree - SQL AST Tree:
    SelectStatement {
      FromClause {
        StandardTableGroup (m1 : org.frcpm.models.Meeting) {
          primaryTableReference : meetings as m1_0
          TableGroupJoins {
            left  join LazyTableGroup (p1 : org.frcpm.models.Meeting.project) {
            }
          }
        }
      }
    }

13:10:15.215 [main] DEBUG org.hibernate.persister.entity.AbstractEntityPersister - Static SQL for entity: org.frcpm.models.Meeting
13:10:15.215 [main] DEBUG org.hibernate.persister.entity.AbstractEntityPersister -  Version select: /* get version org.frcpm.models.Meeting */ select id from meetings where id=?
13:10:15.215 [main] DEBUG org.hibernate.persister.entity.AbstractEntityPersister -  Insert (0): /* insert for org.frcpm.models.Meeting */insert into meetings (date,end_time,notes,project_id,start_time,id) values (?,?,?,?,?,default)
13:10:15.215 [main] DEBUG org.hibernate.persister.entity.AbstractEntityPersister -  Update (0): /* update for org.frcpm.models.Meeting */update meetings set date=?,end_time=?,notes=?,project_id=?,start_time=? where id=?
13:10:15.215 [main] DEBUG org.hibernate.persister.entity.AbstractEntityPersister -  Delete (0): /* delete for org.frcpm.models.Meeting */delete from meetings where id=?
13:10:15.215 [main] DEBUG org.hibernate.orm.sql.ast.create - Created new SQL alias : s1_0
13:10:15.215 [main] DEBUG org.hibernate.orm.sql.ast.create - Registration of TableGroup [StandardTableGroup(org.frcpm.models.Subsystem)] with identifierForTableGroup [org.frcpm.models.Subsystem] for NavigablePath [org.frcpm.models.Subsystem] 
13:10:15.215 [main] DEBUG org.hibernate.orm.sql.ast.create - Registration of TableGroup [org.hibernate.sql.ast.tree.from.LazyTableGroup@72972498] with identifierForTableGroup [org.frcpm.models.Subsystem.responsibleSubteam] for NavigablePath [org.frcpm.models.Subsystem.responsibleSubteam] 
13:10:15.215 [main] DEBUG org.hibernate.orm.results.graph.AST - DomainResult Graph:
 \-EntityResultImpl [org.frcpm.models.Subsystem]
 |  +-BasicFetch [org.frcpm.models.Subsystem.description]
 |  +-BasicFetch [org.frcpm.models.Subsystem.name]
 |  +-EntityDelayedFetchImpl [org.frcpm.models.Subsystem.responsibleSubteam]
 |  +-BasicFetch [org.frcpm.models.Subsystem.status]
 |  \-DelayedCollectionFetch [org.frcpm.models.Subsystem.tasks]

13:10:15.215 [main] DEBUG org.hibernate.orm.sql.ast.tree - SQL AST Tree:
    SelectStatement {
      FromClause {
        StandardTableGroup (s1 : org.frcpm.models.Subsystem) {
          primaryTableReference : subsystems as s1_0
          TableGroupJoins {
            left  join LazyTableGroup (rs1 : org.frcpm.models.Subsystem.responsibleSubteam) {
            }
          }
        }
      }
    }

13:10:15.215 [main] DEBUG org.hibernate.persister.entity.AbstractEntityPersister - Static SQL for entity: org.frcpm.models.Subsystem
13:10:15.215 [main] DEBUG org.hibernate.persister.entity.AbstractEntityPersister -  Version select: /* get version org.frcpm.models.Subsystem */ select id from subsystems where id=?
13:10:15.215 [main] DEBUG org.hibernate.persister.entity.AbstractEntityPersister -  Insert (0): /* insert for org.frcpm.models.Subsystem */insert into subsystems (description,name,responsible_subteam_id,status,id) values (?,?,?,?,default)
13:10:15.215 [main] DEBUG org.hibernate.persister.entity.AbstractEntityPersister -  Update (0): /* update for org.frcpm.models.Subsystem */update subsystems set description=?,name=?,responsible_subteam_id=?,status=? where id=?
13:10:15.215 [main] DEBUG org.hibernate.persister.entity.AbstractEntityPersister -  Delete (0): /* delete for org.frcpm.models.Subsystem */delete from subsystems where id=?
13:10:15.215 [main] DEBUG org.hibernate.orm.sql.ast.create - Created new SQL alias : c1_0
13:10:15.215 [main] DEBUG org.hibernate.orm.sql.ast.create - Registration of TableGroup [StandardTableGroup(org.frcpm.models.Component)] with identifierForTableGroup [org.frcpm.models.Component] for NavigablePath [org.frcpm.models.Component] 
13:10:15.216 [main] DEBUG org.hibernate.orm.results.graph.AST - DomainResult Graph:
 \-EntityResultImpl [org.frcpm.models.Component]
 |  +-BasicFetch [org.frcpm.models.Component.actualDelivery]
 |  +-BasicFetch [org.frcpm.models.Component.delivered]
 |  +-BasicFetch [org.frcpm.models.Component.description]
 |  +-BasicFetch [org.frcpm.models.Component.expectedDelivery]
 |  +-BasicFetch [org.frcpm.models.Component.name]
 |  +-BasicFetch [org.frcpm.models.Component.partNumber]
 |  \-DelayedCollectionFetch [org.frcpm.models.Component.requiredForTasks]

13:10:15.216 [main] DEBUG org.hibernate.orm.sql.ast.tree - SQL AST Tree:
    SelectStatement {
      FromClause {
        StandardTableGroup (c1 : org.frcpm.models.Component) {
          primaryTableReference : components as c1_0
        }
      }
    }

13:10:15.216 [main] DEBUG org.hibernate.persister.entity.AbstractEntityPersister - Static SQL for entity: org.frcpm.models.Component
13:10:15.216 [main] DEBUG org.hibernate.persister.entity.AbstractEntityPersister -  Version select: /* get version org.frcpm.models.Component */ select id from components where id=?
13:10:15.216 [main] DEBUG org.hibernate.persister.entity.AbstractEntityPersister -  Insert (0): /* insert for org.frcpm.models.Component */insert into components (actual_delivery,is_delivered,description,expected_delivery,name,part_number,id) values (?,?,?,?,?,?,default)
13:10:15.216 [main] DEBUG org.hibernate.persister.entity.AbstractEntityPersister -  Update (0): /* update for org.frcpm.models.Component */update components set actual_delivery=?,is_delivered=?,description=?,expected_delivery=?,name=?,part_number=? where id=?
13:10:15.216 [main] DEBUG org.hibernate.persister.entity.AbstractEntityPersister -  Delete (0): /* delete for org.frcpm.models.Component */delete from components where id=?
13:10:15.216 [main] DEBUG org.hibernate.orm.sql.ast.create - Created new SQL alias : m1_0
13:10:15.216 [main] DEBUG org.hibernate.orm.sql.ast.create - Registration of TableGroup [StandardTableGroup(org.frcpm.models.Milestone)] with identifierForTableGroup [org.frcpm.models.Milestone] for NavigablePath [org.frcpm.models.Milestone] 
13:10:15.216 [main] DEBUG org.hibernate.orm.sql.ast.create - Registration of TableGroup [org.hibernate.sql.ast.tree.from.LazyTableGroup@32693a25] with identifierForTableGroup [org.frcpm.models.Milestone.project] for NavigablePath [org.frcpm.models.Milestone.project] 
13:10:15.216 [main] DEBUG org.hibernate.orm.results.graph.AST - DomainResult Graph:
 \-EntityResultImpl [org.frcpm.models.Milestone]
 |  +-BasicFetch [org.frcpm.models.Milestone.date]
 |  +-BasicFetch [org.frcpm.models.Milestone.description]
 |  +-BasicFetch [org.frcpm.models.Milestone.name]
 |  \-EntityDelayedFetchImpl [org.frcpm.models.Milestone.project]

13:10:15.216 [main] DEBUG org.hibernate.orm.sql.ast.tree - SQL AST Tree:
    SelectStatement {
      FromClause {
        StandardTableGroup (m1 : org.frcpm.models.Milestone) {
          primaryTableReference : milestones as m1_0
          TableGroupJoins {
            left  join LazyTableGroup (p1 : org.frcpm.models.Milestone.project) {
            }
          }
        }
      }
    }

13:10:15.216 [main] DEBUG org.hibernate.persister.entity.AbstractEntityPersister - Static SQL for entity: org.frcpm.models.Milestone
13:10:15.216 [main] DEBUG org.hibernate.persister.entity.AbstractEntityPersister -  Version select: /* get version org.frcpm.models.Milestone */ select id from milestones where id=?
13:10:15.216 [main] DEBUG org.hibernate.persister.entity.AbstractEntityPersister -  Insert (0): /* insert for org.frcpm.models.Milestone */insert into milestones (date,description,name,project_id,id) values (?,?,?,?,default)
13:10:15.216 [main] DEBUG org.hibernate.persister.entity.AbstractEntityPersister -  Update (0): /* update for org.frcpm.models.Milestone */update milestones set date=?,description=?,name=?,project_id=? where id=?
13:10:15.216 [main] DEBUG org.hibernate.persister.entity.AbstractEntityPersister -  Delete (0): /* delete for org.frcpm.models.Milestone */delete from milestones where id=?
13:10:15.216 [main] DEBUG org.hibernate.orm.sql.ast.create - Created new SQL alias : p1_0
13:10:15.216 [main] DEBUG org.hibernate.orm.sql.ast.create - Registration of TableGroup [StandardTableGroup(org.frcpm.models.Project)] with identifierForTableGroup [org.frcpm.models.Project] for NavigablePath [org.frcpm.models.Project] 
13:10:15.216 [main] DEBUG org.hibernate.orm.results.graph.AST - DomainResult Graph:
 \-EntityResultImpl [org.frcpm.models.Project]
 |  +-BasicFetch [org.frcpm.models.Project.description]
 |  +-BasicFetch [org.frcpm.models.Project.goalEndDate]
 |  +-BasicFetch [org.frcpm.models.Project.hardDeadline]
 |  +-DelayedCollectionFetch [org.frcpm.models.Project.meetings]
 |  +-DelayedCollectionFetch [org.frcpm.models.Project.milestones]
 |  +-BasicFetch [org.frcpm.models.Project.name]
 |  +-BasicFetch [org.frcpm.models.Project.startDate]
 |  \-DelayedCollectionFetch [org.frcpm.models.Project.tasks]

13:10:15.216 [main] DEBUG org.hibernate.orm.sql.ast.tree - SQL AST Tree:
    SelectStatement {
      FromClause {
        StandardTableGroup (p1 : org.frcpm.models.Project) {
          primaryTableReference : projects as p1_0
        }
      }
    }

13:10:15.216 [main] DEBUG org.hibernate.persister.entity.AbstractEntityPersister - Static SQL for entity: org.frcpm.models.Project
13:10:15.216 [main] DEBUG org.hibernate.persister.entity.AbstractEntityPersister -  Version select: /* get version org.frcpm.models.Project */ select id from projects where id=?
13:10:15.216 [main] DEBUG org.hibernate.persister.entity.AbstractEntityPersister -  Insert (0): /* insert for org.frcpm.models.Project */insert into projects (description,goal_end_date,hard_deadline,name,start_date,id) values (?,?,?,?,?,default)
13:10:15.216 [main] DEBUG org.hibernate.persister.entity.AbstractEntityPersister -  Update (0): /* update for org.frcpm.models.Project */update projects set description=?,goal_end_date=?,hard_deadline=?,name=?,start_date=? where id=?
13:10:15.216 [main] DEBUG org.hibernate.persister.entity.AbstractEntityPersister -  Delete (0): /* delete for org.frcpm.models.Project */delete from projects where id=?
13:10:15.216 [main] DEBUG org.hibernate.orm.sql.ast.create - Created new SQL alias : s1_0
13:10:15.216 [main] DEBUG org.hibernate.orm.sql.ast.create - Registration of TableGroup [StandardTableGroup(org.frcpm.models.Subteam)] with identifierForTableGroup [org.frcpm.models.Subteam] for NavigablePath [org.frcpm.models.Subteam] 
13:10:15.217 [main] DEBUG org.hibernate.orm.results.graph.AST - DomainResult Graph:
 \-EntityResultImpl [org.frcpm.models.Subteam]
 |  +-BasicFetch [org.frcpm.models.Subteam.colorCode]
 |  +-DelayedCollectionFetch [org.frcpm.models.Subteam.members]
 |  +-BasicFetch [org.frcpm.models.Subteam.name]
 |  +-BasicFetch [org.frcpm.models.Subteam.specialties]
 |  \-DelayedCollectionFetch [org.frcpm.models.Subteam.subsystems]

13:10:15.217 [main] DEBUG org.hibernate.orm.sql.ast.tree - SQL AST Tree:
    SelectStatement {
      FromClause {
        StandardTableGroup (s1 : org.frcpm.models.Subteam) {
          primaryTableReference : subteams as s1_0
        }
      }
    }

13:10:15.217 [main] DEBUG org.hibernate.persister.entity.AbstractEntityPersister - Static SQL for entity: org.frcpm.models.Subteam
13:10:15.217 [main] DEBUG org.hibernate.persister.entity.AbstractEntityPersister -  Version select: /* get version org.frcpm.models.Subteam */ select id from subteams where id=?
13:10:15.217 [main] DEBUG org.hibernate.persister.entity.AbstractEntityPersister -  Insert (0): /* insert for org.frcpm.models.Subteam */insert into subteams (color_code,name,specialties,id) values (?,?,?,default)
13:10:15.217 [main] DEBUG org.hibernate.persister.entity.AbstractEntityPersister -  Update (0): /* update for org.frcpm.models.Subteam */update subteams set color_code=?,name=?,specialties=? where id=?
13:10:15.217 [main] DEBUG org.hibernate.persister.entity.AbstractEntityPersister -  Delete (0): /* delete for org.frcpm.models.Subteam */delete from subteams where id=?
13:10:15.217 [main] DEBUG org.hibernate.orm.sql.ast.create - Created new SQL alias : t1_0
13:10:15.217 [main] DEBUG org.hibernate.orm.sql.ast.create - Registration of TableGroup [StandardTableGroup(org.frcpm.models.Task)] with identifierForTableGroup [org.frcpm.models.Task] for NavigablePath [org.frcpm.models.Task] 
13:10:15.218 [main] DEBUG org.hibernate.orm.sql.ast.create - Registration of TableGroup [org.hibernate.sql.ast.tree.from.LazyTableGroup@a0b8fe6] with identifierForTableGroup [org.frcpm.models.Task.project] for NavigablePath [org.frcpm.models.Task.project] 
13:10:15.218 [main] DEBUG org.hibernate.orm.sql.ast.create - Registration of TableGroup [org.hibernate.sql.ast.tree.from.LazyTableGroup@548afb9a] with identifierForTableGroup [org.frcpm.models.Task.subsystem] for NavigablePath [org.frcpm.models.Task.subsystem] 
13:10:15.218 [main] DEBUG org.hibernate.orm.results.graph.AST - DomainResult Graph:
 \-EntityResultImpl [org.frcpm.models.Task]
 |  +-BasicFetch [org.frcpm.models.Task.actualDurationSeconds]
 |  +-DelayedCollectionFetch [org.frcpm.models.Task.assignedTo]
 |  +-BasicFetch [org.frcpm.models.Task.completed]
 |  +-BasicFetch [org.frcpm.models.Task.description]
 |  +-BasicFetch [org.frcpm.models.Task.endDate]
 |  +-BasicFetch [org.frcpm.models.Task.estimatedDurationSeconds]
 |  +-DelayedCollectionFetch [org.frcpm.models.Task.postDependencies]
 |  +-DelayedCollectionFetch [org.frcpm.models.Task.preDependencies]
 |  +-BasicFetch [org.frcpm.models.Task.priority]
 |  +-BasicFetch [org.frcpm.models.Task.progress]
 |  +-EntityDelayedFetchImpl [org.frcpm.models.Task.project]
 |  +-DelayedCollectionFetch [org.frcpm.models.Task.requiredComponents]
 |  +-BasicFetch [org.frcpm.models.Task.startDate]
 |  +-EntityDelayedFetchImpl [org.frcpm.models.Task.subsystem]
 |  \-BasicFetch [org.frcpm.models.Task.title]

13:10:15.219 [main] DEBUG org.hibernate.orm.sql.ast.tree - SQL AST Tree:
    SelectStatement {
      FromClause {
        StandardTableGroup (t1 : org.frcpm.models.Task) {
          primaryTableReference : tasks as t1_0
          TableGroupJoins {
            left  join LazyTableGroup (p1 : org.frcpm.models.Task.project) {
            }
            left  join LazyTableGroup (s1 : org.frcpm.models.Task.subsystem) {
            }
          }
        }
      }
    }

13:10:15.219 [main] DEBUG org.hibernate.persister.entity.AbstractEntityPersister - Static SQL for entity: org.frcpm.models.Task
13:10:15.219 [main] DEBUG org.hibernate.persister.entity.AbstractEntityPersister -  Version select: /* get version org.frcpm.models.Task */ select id from tasks where id=?
13:10:15.219 [main] DEBUG org.hibernate.persister.entity.AbstractEntityPersister -  Insert (0): /* insert for org.frcpm.models.Task */insert into tasks (actual_duration_seconds,completed,description,end_date,estimated_duration_seconds,priority,progress,project_id,start_date,subsystem_id,title,id) values (?,?,?,?,?,?,?,?,?,?,?,default)
13:10:15.219 [main] DEBUG org.hibernate.persister.entity.AbstractEntityPersister -  Update (0): /* update for org.frcpm.models.Task */update tasks set actual_duration_seconds=?,completed=?,description=?,end_date=?,estimated_duration_seconds=?,priority=?,progress=?,project_id=?,start_date=?,subsystem_id=?,title=? where id=?
13:10:15.219 [main] DEBUG org.hibernate.persister.entity.AbstractEntityPersister -  Delete (0): /* delete for org.frcpm.models.Task */delete from tasks where id=?
13:10:15.219 [main] DEBUG org.hibernate.orm.sql.ast.create - Created new SQL alias : tm1_0
13:10:15.219 [main] DEBUG org.hibernate.orm.sql.ast.create - Registration of TableGroup [StandardTableGroup(org.frcpm.models.TeamMember)] with identifierForTableGroup [org.frcpm.models.TeamMember] for NavigablePath [org.frcpm.models.TeamMember] 
13:10:15.220 [main] DEBUG org.hibernate.orm.sql.ast.create - Registration of TableGroup [org.hibernate.sql.ast.tree.from.LazyTableGroup@12ef753b] with identifierForTableGroup [org.frcpm.models.TeamMember.subteam] for NavigablePath [org.frcpm.models.TeamMember.subteam] 
13:10:15.220 [main] DEBUG org.hibernate.orm.results.graph.AST - DomainResult Graph:
 \-EntityResultImpl [org.frcpm.models.TeamMember]
 |  +-DelayedCollectionFetch [org.frcpm.models.TeamMember.assignedTasks]
 |  +-DelayedCollectionFetch [org.frcpm.models.TeamMember.attendances]
 |  +-BasicFetch [org.frcpm.models.TeamMember.email]
 |  +-BasicFetch [org.frcpm.models.TeamMember.firstName]
 |  +-BasicFetch [org.frcpm.models.TeamMember.lastName]
 |  +-BasicFetch [org.frcpm.models.TeamMember.leader]
 |  +-BasicFetch [org.frcpm.models.TeamMember.phone]
 |  +-BasicFetch [org.frcpm.models.TeamMember.skills]
 |  +-EntityDelayedFetchImpl [org.frcpm.models.TeamMember.subteam]
 |  \-BasicFetch [org.frcpm.models.TeamMember.username]

13:10:15.220 [main] DEBUG org.hibernate.orm.sql.ast.tree - SQL AST Tree:
    SelectStatement {
      FromClause {
        StandardTableGroup (tm1 : org.frcpm.models.TeamMember) {
          primaryTableReference : team_members as tm1_0
          TableGroupJoins {
            left  join LazyTableGroup (s1 : org.frcpm.models.TeamMember.subteam) {
            }
          }
        }
      }
    }

13:10:15.220 [main] DEBUG org.hibernate.persister.entity.AbstractEntityPersister - Static SQL for entity: org.frcpm.models.TeamMember
13:10:15.220 [main] DEBUG org.hibernate.persister.entity.AbstractEntityPersister -  Version select: /* get version org.frcpm.models.TeamMember */ select id from team_members where id=?
13:10:15.221 [main] DEBUG org.hibernate.persister.entity.AbstractEntityPersister -  Insert (0): /* insert for org.frcpm.models.TeamMember */insert into team_members (email,first_name,last_name,is_leader,phone,skills,subteam_id,username,id) values (?,?,?,?,?,?,?,?,default)
13:10:15.221 [main] DEBUG org.hibernate.persister.entity.AbstractEntityPersister -  Update (0): /* update for org.frcpm.models.TeamMember */update team_members set email=?,first_name=?,last_name=?,is_leader=?,phone=?,skills=?,subteam_id=?,username=? where id=?
13:10:15.221 [main] DEBUG org.hibernate.persister.entity.AbstractEntityPersister -  Delete (0): /* delete for org.frcpm.models.TeamMember */delete from team_members where id=?
13:10:15.221 [main] DEBUG org.hibernate.orm.sql.ast.create - Created new SQL alias : at1_0
13:10:15.221 [main] DEBUG org.hibernate.orm.sql.ast.create - Registration of TableGroup [CollectionTableGroup(org.frcpm.models.Task.assignedTo)] with identifierForTableGroup [org.frcpm.models.Task.assignedTo] for NavigablePath [org.frcpm.models.Task.assignedTo] 
13:10:15.221 [main] DEBUG org.hibernate.orm.sql.ast.create - Registration of TableGroup [org.hibernate.sql.ast.tree.from.LazyTableGroup@4798d907] with identifierForTableGroup [org.frcpm.models.Task.assignedTo.{element}] for NavigablePath [org.frcpm.models.Task.assignedTo.{element}] 
13:10:15.221 [main] DEBUG org.hibernate.orm.sql.ast.create - Created new SQL alias : at1_1
13:10:15.221 [main] DEBUG org.hibernate.orm.sql.ast.create - Registration of TableGroup [org.hibernate.sql.ast.tree.from.LazyTableGroup@41971628] with identifierForTableGroup [org.frcpm.models.Task.assignedTo.{element}.subteam] for NavigablePath [org.frcpm.models.Task.assignedTo.{element}.subteam] 
13:10:15.221 [main] DEBUG org.hibernate.orm.results.graph.AST - DomainResult Graph:
 \-CollectionDomainResult [org.frcpm.models.Task.assignedTo]

13:10:15.221 [main] DEBUG org.hibernate.orm.sql.ast.tree - SQL AST Tree:
    SelectStatement {
      FromClause {
        CollectionTableGroup (at1 : org.frcpm.models.Task.assignedTo) {
          primaryTableReference : task_assignments as at1_0
          TableGroupJoins {
             join LazyTableGroup (at1 : org.frcpm.models.Task.assignedTo.{element}) {
              primaryTableReference : team_members as at1_1
              TableGroupJoins {
                left  join LazyTableGroup (s1 : org.frcpm.models.Task.assignedTo.{element}.subteam) {
                }
              }
            }
          }
        }
      }
    }

13:10:15.221 [main] DEBUG org.hibernate.orm.jdbc.mutation - Static SQL for collection: org.frcpm.models.Task.assignedTo
13:10:15.222 [main] DEBUG org.hibernate.orm.jdbc.mutation -  Row insert: /* insert for org.frcpm.models.Task.assignedTo */insert into task_assignments (task_id,team_member_id) values (?,?)
13:10:15.222 [main] DEBUG org.hibernate.orm.jdbc.mutation -  Row delete: /* delete for org.frcpm.models.Task.assignedTo */delete from task_assignments where task_id=? and team_member_id=?
13:10:15.222 [FRC-PM-HikariCP connection adder] DEBUG com.zaxxer.hikari.pool.HikariPool - FRC-PM-HikariCP - After adding stats (total=2, active=0, idle=2, waiting=0)
13:10:15.222 [main] DEBUG org.hibernate.orm.jdbc.mutation -  One-shot delete: /* one-shot delete for org.frcpm.models.Task.assignedTo */delete from task_assignments where task_id=?
13:10:15.222 [main] DEBUG org.hibernate.orm.sql.ast.create - Created new SQL alias : t1_0
13:10:15.222 [main] DEBUG org.hibernate.orm.sql.ast.create - Registration of TableGroup [org.hibernate.sql.ast.tree.from.OneToManyTableGroup@1a9baca7] with identifierForTableGroup [org.frcpm.models.Subsystem.tasks] for NavigablePath [org.frcpm.models.Subsystem.tasks] 
13:10:15.222 [main] DEBUG org.hibernate.orm.sql.ast.create - Registration of TableGroup [StandardTableGroup(org.frcpm.models.Subsystem.tasks.{element})] with identifierForTableGroup [org.frcpm.models.Subsystem.tasks.{element}] for NavigablePath [org.frcpm.models.Subsystem.tasks.{element}] 
13:10:15.222 [main] DEBUG org.hibernate.orm.sql.ast.create - Registration of TableGroup [org.hibernate.sql.ast.tree.from.LazyTableGroup@79010f6f] with identifierForTableGroup [org.frcpm.models.Subsystem.tasks.{element}.project] for NavigablePath [org.frcpm.models.Subsystem.tasks.{element}.project] 
13:10:15.222 [main] DEBUG org.hibernate.orm.sql.ast.create - Registration of TableGroup [org.hibernate.sql.ast.tree.from.LazyTableGroup@2da64c8d] with identifierForTableGroup [org.frcpm.models.Subsystem.tasks.{element}.subsystem] for NavigablePath [org.frcpm.models.Subsystem.tasks.{element}.subsystem] 
13:10:15.223 [main] DEBUG org.hibernate.orm.results.graph.AST - DomainResult Graph:
 \-CollectionDomainResult [org.frcpm.models.Subsystem.tasks]

13:10:15.223 [main] DEBUG org.hibernate.orm.sql.ast.tree - SQL AST Tree:
    SelectStatement {
      FromClause {
        OneToManyTableGroup (t1 : org.frcpm.models.Subsystem.tasks) {
          primaryTableReference : tasks as t1_0
          TableGroupJoins {
            left  join LazyTableGroup (p1 : org.frcpm.models.Subsystem.tasks.{element}.project) {
            }
            left  join LazyTableGroup (s1 : org.frcpm.models.Subsystem.tasks.{element}.subsystem) {
            }
          }
        }
      }
    }

13:10:15.223 [main] DEBUG org.hibernate.orm.jdbc.mutation - Static SQL for collection: org.frcpm.models.Subsystem.tasks
13:10:15.223 [main] DEBUG org.hibernate.orm.sql.ast.create - Created new SQL alias : m1_0
13:10:15.223 [main] DEBUG org.hibernate.orm.sql.ast.create - Registration of TableGroup [org.hibernate.sql.ast.tree.from.OneToManyTableGroup@68fc0079] with identifierForTableGroup [org.frcpm.models.Subteam.members] for NavigablePath [org.frcpm.models.Subteam.members] 
13:10:15.223 [main] DEBUG org.hibernate.orm.sql.ast.create - Registration of TableGroup [StandardTableGroup(org.frcpm.models.Subteam.members.{element})] with identifierForTableGroup [org.frcpm.models.Subteam.members.{element}] for NavigablePath [org.frcpm.models.Subteam.members.{element}] 
13:10:15.223 [main] DEBUG org.hibernate.orm.sql.ast.create - Registration of TableGroup [org.hibernate.sql.ast.tree.from.LazyTableGroup@19f7107e] with identifierForTableGroup [org.frcpm.models.Subteam.members.{element}.subteam] for NavigablePath [org.frcpm.models.Subteam.members.{element}.subteam] 
13:10:15.223 [main] DEBUG org.hibernate.orm.results.graph.AST - DomainResult Graph:
 \-CollectionDomainResult [org.frcpm.models.Subteam.members]

13:10:15.223 [main] DEBUG org.hibernate.orm.sql.ast.tree - SQL AST Tree:
    SelectStatement {
      FromClause {
        OneToManyTableGroup (m1 : org.frcpm.models.Subteam.members) {
          primaryTableReference : team_members as m1_0
          TableGroupJoins {
            left  join LazyTableGroup (s1 : org.frcpm.models.Subteam.members.{element}.subteam) {
            }
          }
        }
      }
    }

13:10:15.223 [main] DEBUG org.hibernate.orm.jdbc.mutation - Static SQL for collection: org.frcpm.models.Subteam.members
13:10:15.223 [main] DEBUG org.hibernate.orm.sql.ast.create - Created new SQL alias : a1_0
13:10:15.223 [main] DEBUG org.hibernate.orm.sql.ast.create - Registration of TableGroup [org.hibernate.sql.ast.tree.from.OneToManyTableGroup@21622e1] with identifierForTableGroup [org.frcpm.models.TeamMember.attendances] for NavigablePath [org.frcpm.models.TeamMember.attendances] 
13:10:15.223 [main] DEBUG org.hibernate.orm.sql.ast.create - Registration of TableGroup [StandardTableGroup(org.frcpm.models.TeamMember.attendances.{element})] with identifierForTableGroup [org.frcpm.models.TeamMember.attendances.{element}] for NavigablePath [org.frcpm.models.TeamMember.attendances.{element}] 
13:10:15.223 [main] DEBUG org.hibernate.orm.sql.ast.create - Registration of TableGroup [org.hibernate.sql.ast.tree.from.LazyTableGroup@ae11512] with identifierForTableGroup [org.frcpm.models.TeamMember.attendances.{element}.meeting] for NavigablePath [org.frcpm.models.TeamMember.attendances.{element}.meeting] 
13:10:15.223 [main] DEBUG org.hibernate.orm.sql.ast.create - Registration of TableGroup [org.hibernate.sql.ast.tree.from.LazyTableGroup@2bb480d0] with identifierForTableGroup [org.frcpm.models.TeamMember.attendances.{element}.member] for NavigablePath [org.frcpm.models.TeamMember.attendances.{element}.member] 
13:10:15.223 [main] DEBUG org.hibernate.orm.results.graph.AST - DomainResult Graph:
 \-CollectionDomainResult [org.frcpm.models.TeamMember.attendances]

13:10:15.224 [main] DEBUG org.hibernate.orm.sql.ast.tree - SQL AST Tree:
    SelectStatement {
      FromClause {
        OneToManyTableGroup (a1 : org.frcpm.models.TeamMember.attendances) {
          primaryTableReference : attendances as a1_0
          TableGroupJoins {
            left  join LazyTableGroup (m1 : org.frcpm.models.TeamMember.attendances.{element}.meeting) {
            }
            left  join LazyTableGroup (m2 : org.frcpm.models.TeamMember.attendances.{element}.member) {
            }
          }
        }
      }
    }

13:10:15.224 [main] DEBUG org.hibernate.orm.jdbc.mutation - Static SQL for collection: org.frcpm.models.TeamMember.attendances
13:10:15.224 [main] DEBUG org.hibernate.orm.sql.ast.create - Created new SQL alias : rc1_0
13:10:15.224 [main] DEBUG org.hibernate.orm.sql.ast.create - Registration of TableGroup [CollectionTableGroup(org.frcpm.models.Task.requiredComponents)] with identifierForTableGroup [org.frcpm.models.Task.requiredComponents] for NavigablePath [org.frcpm.models.Task.requiredComponents] 
13:10:15.224 [main] DEBUG org.hibernate.orm.sql.ast.create - Registration of TableGroup [org.hibernate.sql.ast.tree.from.LazyTableGroup@49d21965] with identifierForTableGroup [org.frcpm.models.Task.requiredComponents.{element}] for NavigablePath [org.frcpm.models.Task.requiredComponents.{element}] 
13:10:15.224 [main] DEBUG org.hibernate.orm.sql.ast.create - Created new SQL alias : rc1_1
13:10:15.224 [main] DEBUG org.hibernate.orm.results.graph.AST - DomainResult Graph:
 \-CollectionDomainResult [org.frcpm.models.Task.requiredComponents]

13:10:15.224 [main] DEBUG org.hibernate.orm.sql.ast.tree - SQL AST Tree:
    SelectStatement {
      FromClause {
        CollectionTableGroup (rc1 : org.frcpm.models.Task.requiredComponents) {
          primaryTableReference : task_components as rc1_0
          TableGroupJoins {
             join LazyTableGroup (rc1 : org.frcpm.models.Task.requiredComponents.{element}) {
              primaryTableReference : components as rc1_1
            }
          }
        }
      }
    }

13:10:15.224 [main] DEBUG org.hibernate.orm.jdbc.mutation - Static SQL for collection: org.frcpm.models.Task.requiredComponents
13:10:15.224 [main] DEBUG org.hibernate.orm.jdbc.mutation -  Row insert: /* insert for org.frcpm.models.Task.requiredComponents */insert into task_components (task_id,component_id) values (?,?)
13:10:15.224 [main] DEBUG org.hibernate.orm.jdbc.mutation -  Row delete: /* delete for org.frcpm.models.Task.requiredComponents */delete from task_components where task_id=? and component_id=?
13:10:15.224 [main] DEBUG org.hibernate.orm.jdbc.mutation -  One-shot delete: /* one-shot delete for org.frcpm.models.Task.requiredComponents */delete from task_components where task_id=?
13:10:15.224 [main] DEBUG org.hibernate.orm.sql.ast.create - Created new SQL alias : s1_0
13:10:15.224 [main] DEBUG org.hibernate.orm.sql.ast.create - Registration of TableGroup [org.hibernate.sql.ast.tree.from.OneToManyTableGroup@399655ce] with identifierForTableGroup [org.frcpm.models.Subteam.subsystems] for NavigablePath [org.frcpm.models.Subteam.subsystems] 
13:10:15.224 [main] DEBUG org.hibernate.orm.sql.ast.create - Registration of TableGroup [StandardTableGroup(org.frcpm.models.Subteam.subsystems.{element})] with identifierForTableGroup [org.frcpm.models.Subteam.subsystems.{element}] for NavigablePath [org.frcpm.models.Subteam.subsystems.{element}] 
13:10:15.225 [main] DEBUG org.hibernate.orm.sql.ast.create - Registration of TableGroup [org.hibernate.sql.ast.tree.from.LazyTableGroup@5c7744f0] with identifierForTableGroup [org.frcpm.models.Subteam.subsystems.{element}.responsibleSubteam] for NavigablePath [org.frcpm.models.Subteam.subsystems.{element}.responsibleSubteam] 
13:10:15.225 [main] DEBUG org.hibernate.orm.results.graph.AST - DomainResult Graph:
 \-CollectionDomainResult [org.frcpm.models.Subteam.subsystems]

13:10:15.225 [main] DEBUG org.hibernate.orm.sql.ast.tree - SQL AST Tree:
    SelectStatement {
      FromClause {
        OneToManyTableGroup (s1 : org.frcpm.models.Subteam.subsystems) {
          primaryTableReference : subsystems as s1_0
          TableGroupJoins {
            left  join LazyTableGroup (rs1 : org.frcpm.models.Subteam.subsystems.{element}.responsibleSubteam) {
            }
          }
        }
      }
    }

13:10:15.225 [main] DEBUG org.hibernate.orm.jdbc.mutation - Static SQL for collection: org.frcpm.models.Subteam.subsystems
13:10:15.225 [main] DEBUG org.hibernate.orm.sql.ast.create - Created new SQL alias : pd1_0
13:10:15.225 [main] DEBUG org.hibernate.orm.sql.ast.create - Registration of TableGroup [CollectionTableGroup(org.frcpm.models.Task.preDependencies)] with identifierForTableGroup [org.frcpm.models.Task.preDependencies] for NavigablePath [org.frcpm.models.Task.preDependencies] 
13:10:15.225 [main] DEBUG org.hibernate.orm.sql.ast.create - Registration of TableGroup [org.hibernate.sql.ast.tree.from.LazyTableGroup@7e4c3f5b] with identifierForTableGroup [org.frcpm.models.Task.preDependencies.{element}] for NavigablePath [org.frcpm.models.Task.preDependencies.{element}] 
13:10:15.225 [main] DEBUG org.hibernate.orm.sql.ast.create - Created new SQL alias : pd1_1
13:10:15.225 [main] DEBUG org.hibernate.orm.sql.ast.create - Registration of TableGroup [org.hibernate.sql.ast.tree.from.LazyTableGroup@75ff2d79] with identifierForTableGroup [org.frcpm.models.Task.preDependencies.{element}.project] for NavigablePath [org.frcpm.models.Task.preDependencies.{element}.project] 
13:10:15.226 [main] DEBUG org.hibernate.orm.sql.ast.create - Registration of TableGroup [org.hibernate.sql.ast.tree.from.LazyTableGroup@1349a7f2] with identifierForTableGroup [org.frcpm.models.Task.preDependencies.{element}.subsystem] for NavigablePath [org.frcpm.models.Task.preDependencies.{element}.subsystem] 
13:10:15.226 [main] DEBUG org.hibernate.orm.results.graph.AST - DomainResult Graph:
 \-CollectionDomainResult [org.frcpm.models.Task.preDependencies]

13:10:15.226 [main] DEBUG org.hibernate.orm.sql.ast.tree - SQL AST Tree:
    SelectStatement {
      FromClause {
        CollectionTableGroup (pd1 : org.frcpm.models.Task.preDependencies) {
          primaryTableReference : task_dependencies as pd1_0
          TableGroupJoins {
             join LazyTableGroup (pd1 : org.frcpm.models.Task.preDependencies.{element}) {
              primaryTableReference : tasks as pd1_1
              TableGroupJoins {
                left  join LazyTableGroup (p1 : org.frcpm.models.Task.preDependencies.{element}.project) {
                }
                left  join LazyTableGroup (s1 : org.frcpm.models.Task.preDependencies.{element}.subsystem) {
                }
              }
            }
          }
        }
      }
    }

13:10:15.226 [main] DEBUG org.hibernate.orm.jdbc.mutation - Static SQL for collection: org.frcpm.models.Task.preDependencies
13:10:15.226 [main] DEBUG org.hibernate.orm.jdbc.mutation -  Row insert: /* insert for org.frcpm.models.Task.preDependencies */insert into task_dependencies (task_id,dependency_id) values (?,?)
13:10:15.226 [main] DEBUG org.hibernate.orm.jdbc.mutation -  Row delete: /* delete for org.frcpm.models.Task.preDependencies */delete from task_dependencies where task_id=? and dependency_id=?
13:10:15.226 [main] DEBUG org.hibernate.orm.jdbc.mutation -  One-shot delete: /* one-shot delete for org.frcpm.models.Task.preDependencies */delete from task_dependencies where task_id=?
13:10:15.227 [main] DEBUG org.hibernate.orm.sql.ast.create - Created new SQL alias : m1_0
13:10:15.227 [main] DEBUG org.hibernate.orm.sql.ast.create - Registration of TableGroup [org.hibernate.sql.ast.tree.from.OneToManyTableGroup@2f071900] with identifierForTableGroup [org.frcpm.models.Project.milestones] for NavigablePath [org.frcpm.models.Project.milestones] 
13:10:15.227 [main] DEBUG org.hibernate.orm.sql.ast.create - Registration of TableGroup [StandardTableGroup(org.frcpm.models.Project.milestones.{element})] with identifierForTableGroup [org.frcpm.models.Project.milestones.{element}] for NavigablePath [org.frcpm.models.Project.milestones.{element}] 
13:10:15.227 [main] DEBUG org.hibernate.orm.sql.ast.create - Registration of TableGroup [org.hibernate.sql.ast.tree.from.LazyTableGroup@68342bb3] with identifierForTableGroup [org.frcpm.models.Project.milestones.{element}.project] for NavigablePath [org.frcpm.models.Project.milestones.{element}.project] 
13:10:15.227 [main] DEBUG org.hibernate.orm.results.graph.AST - DomainResult Graph:
 \-CollectionDomainResult [org.frcpm.models.Project.milestones]

13:10:15.227 [main] DEBUG org.hibernate.orm.sql.ast.tree - SQL AST Tree:
    SelectStatement {
      FromClause {
        OneToManyTableGroup (m1 : org.frcpm.models.Project.milestones) {
          primaryTableReference : milestones as m1_0
          TableGroupJoins {
            left  join LazyTableGroup (p1 : org.frcpm.models.Project.milestones.{element}.project) {
            }
          }
        }
      }
    }

13:10:15.227 [main] DEBUG org.hibernate.orm.jdbc.mutation - Static SQL for collection: org.frcpm.models.Project.milestones
13:10:15.227 [main] DEBUG org.hibernate.orm.sql.ast.create - Created new SQL alias : rft1_0
13:10:15.227 [main] DEBUG org.hibernate.orm.sql.ast.create - Registration of TableGroup [CollectionTableGroup(org.frcpm.models.Component.requiredForTasks)] with identifierForTableGroup [org.frcpm.models.Component.requiredForTasks] for NavigablePath [org.frcpm.models.Component.requiredForTasks] 
13:10:15.227 [main] DEBUG org.hibernate.orm.sql.ast.create - Registration of TableGroup [org.hibernate.sql.ast.tree.from.LazyTableGroup@f2a5d6f] with identifierForTableGroup [org.frcpm.models.Component.requiredForTasks.{element}] for NavigablePath [org.frcpm.models.Component.requiredForTasks.{element}] 
13:10:15.227 [main] DEBUG org.hibernate.orm.sql.ast.create - Created new SQL alias : rft1_1
13:10:15.227 [main] DEBUG org.hibernate.orm.sql.ast.create - Registration of TableGroup [org.hibernate.sql.ast.tree.from.LazyTableGroup@18f28a93] with identifierForTableGroup [org.frcpm.models.Component.requiredForTasks.{element}.project] for NavigablePath [org.frcpm.models.Component.requiredForTasks.{element}.project] 
13:10:15.228 [main] DEBUG org.hibernate.orm.sql.ast.create - Registration of TableGroup [org.hibernate.sql.ast.tree.from.LazyTableGroup@5152538d] with identifierForTableGroup [org.frcpm.models.Component.requiredForTasks.{element}.subsystem] for NavigablePath [org.frcpm.models.Component.requiredForTasks.{element}.subsystem] 
13:10:15.228 [main] DEBUG org.hibernate.orm.results.graph.AST - DomainResult Graph:
 \-CollectionDomainResult [org.frcpm.models.Component.requiredForTasks]

13:10:15.228 [main] DEBUG org.hibernate.orm.sql.ast.tree - SQL AST Tree:
    SelectStatement {
      FromClause {
        CollectionTableGroup (rft1 : org.frcpm.models.Component.requiredForTasks) {
          primaryTableReference : task_components as rft1_0
          TableGroupJoins {
             join LazyTableGroup (rft1 : org.frcpm.models.Component.requiredForTasks.{element}) {
              primaryTableReference : tasks as rft1_1
              TableGroupJoins {
                left  join LazyTableGroup (p1 : org.frcpm.models.Component.requiredForTasks.{element}.project) {
                }
                left  join LazyTableGroup (s1 : org.frcpm.models.Component.requiredForTasks.{element}.subsystem) {
                }
              }
            }
          }
        }
      }
    }

13:10:15.228 [main] DEBUG org.hibernate.orm.jdbc.mutation - Static SQL for collection: org.frcpm.models.Component.requiredForTasks
13:10:15.228 [main] DEBUG org.hibernate.orm.sql.ast.create - Created new SQL alias : m1_0
13:10:15.228 [main] DEBUG org.hibernate.orm.sql.ast.create - Registration of TableGroup [org.hibernate.sql.ast.tree.from.OneToManyTableGroup@24a6397c] with identifierForTableGroup [org.frcpm.models.Project.meetings] for NavigablePath [org.frcpm.models.Project.meetings] 
13:10:15.228 [main] DEBUG org.hibernate.orm.sql.ast.create - Registration of TableGroup [StandardTableGroup(org.frcpm.models.Project.meetings.{element})] with identifierForTableGroup [org.frcpm.models.Project.meetings.{element}] for NavigablePath [org.frcpm.models.Project.meetings.{element}] 
13:10:15.228 [main] DEBUG org.hibernate.orm.sql.ast.create - Registration of TableGroup [org.hibernate.sql.ast.tree.from.LazyTableGroup@288c9969] with identifierForTableGroup [org.frcpm.models.Project.meetings.{element}.project] for NavigablePath [org.frcpm.models.Project.meetings.{element}.project] 
13:10:15.228 [main] DEBUG org.hibernate.orm.results.graph.AST - DomainResult Graph:
 \-CollectionDomainResult [org.frcpm.models.Project.meetings]

13:10:15.228 [main] DEBUG org.hibernate.orm.sql.ast.tree - SQL AST Tree:
    SelectStatement {
      FromClause {
        OneToManyTableGroup (m1 : org.frcpm.models.Project.meetings) {
          primaryTableReference : meetings as m1_0
          TableGroupJoins {
            left  join LazyTableGroup (p1 : org.frcpm.models.Project.meetings.{element}.project) {
            }
          }
        }
      }
    }

13:10:15.228 [main] DEBUG org.hibernate.orm.jdbc.mutation - Static SQL for collection: org.frcpm.models.Project.meetings
13:10:15.228 [main] DEBUG org.hibernate.orm.sql.ast.create - Created new SQL alias : at1_0
13:10:15.228 [main] DEBUG org.hibernate.orm.sql.ast.create - Registration of TableGroup [CollectionTableGroup(org.frcpm.models.TeamMember.assignedTasks)] with identifierForTableGroup [org.frcpm.models.TeamMember.assignedTasks] for NavigablePath [org.frcpm.models.TeamMember.assignedTasks] 
13:10:15.228 [main] DEBUG org.hibernate.orm.sql.ast.create - Registration of TableGroup [org.hibernate.sql.ast.tree.from.LazyTableGroup@440404f5] with identifierForTableGroup [org.frcpm.models.TeamMember.assignedTasks.{element}] for NavigablePath [org.frcpm.models.TeamMember.assignedTasks.{element}] 
13:10:15.228 [main] DEBUG org.hibernate.orm.sql.ast.create - Created new SQL alias : at1_1
13:10:15.228 [main] DEBUG org.hibernate.orm.sql.ast.create - Registration of TableGroup [org.hibernate.sql.ast.tree.from.LazyTableGroup@51fcb8d0] with identifierForTableGroup [org.frcpm.models.TeamMember.assignedTasks.{element}.project] for NavigablePath [org.frcpm.models.TeamMember.assignedTasks.{element}.project] 
13:10:15.228 [main] DEBUG org.hibernate.orm.sql.ast.create - Registration of TableGroup [org.hibernate.sql.ast.tree.from.LazyTableGroup@1df73457] with identifierForTableGroup [org.frcpm.models.TeamMember.assignedTasks.{element}.subsystem] for NavigablePath [org.frcpm.models.TeamMember.assignedTasks.{element}.subsystem] 
13:10:15.229 [main] DEBUG org.hibernate.orm.results.graph.AST - DomainResult Graph:
 \-CollectionDomainResult [org.frcpm.models.TeamMember.assignedTasks]

13:10:15.229 [main] DEBUG org.hibernate.orm.sql.ast.tree - SQL AST Tree:
    SelectStatement {
      FromClause {
        CollectionTableGroup (at1 : org.frcpm.models.TeamMember.assignedTasks) {
          primaryTableReference : task_assignments as at1_0
          TableGroupJoins {
             join LazyTableGroup (at1 : org.frcpm.models.TeamMember.assignedTasks.{element}) {
              primaryTableReference : tasks as at1_1
              TableGroupJoins {
                left  join LazyTableGroup (p1 : org.frcpm.models.TeamMember.assignedTasks.{element}.project) {
                }
                left  join LazyTableGroup (s1 : org.frcpm.models.TeamMember.assignedTasks.{element}.subsystem) {
                }
              }
            }
          }
        }
      }
    }

13:10:15.229 [main] DEBUG org.hibernate.orm.jdbc.mutation - Static SQL for collection: org.frcpm.models.TeamMember.assignedTasks
13:10:15.229 [main] DEBUG org.hibernate.orm.sql.ast.create - Created new SQL alias : a1_0
13:10:15.229 [main] DEBUG org.hibernate.orm.sql.ast.create - Registration of TableGroup [org.hibernate.sql.ast.tree.from.OneToManyTableGroup@199fe1dc] with identifierForTableGroup [org.frcpm.models.Meeting.attendances] for NavigablePath [org.frcpm.models.Meeting.attendances] 
13:10:15.229 [main] DEBUG org.hibernate.orm.sql.ast.create - Registration of TableGroup [StandardTableGroup(org.frcpm.models.Meeting.attendances.{element})] with identifierForTableGroup [org.frcpm.models.Meeting.attendances.{element}] for NavigablePath [org.frcpm.models.Meeting.attendances.{element}] 
13:10:15.229 [main] DEBUG org.hibernate.orm.sql.ast.create - Registration of TableGroup [org.hibernate.sql.ast.tree.from.LazyTableGroup@2d91f007] with identifierForTableGroup [org.frcpm.models.Meeting.attendances.{element}.meeting] for NavigablePath [org.frcpm.models.Meeting.attendances.{element}.meeting] 
13:10:15.229 [main] DEBUG org.hibernate.orm.sql.ast.create - Registration of TableGroup [org.hibernate.sql.ast.tree.from.LazyTableGroup@9e03c6e] with identifierForTableGroup [org.frcpm.models.Meeting.attendances.{element}.member] for NavigablePath [org.frcpm.models.Meeting.attendances.{element}.member] 
13:10:15.229 [main] DEBUG org.hibernate.orm.results.graph.AST - DomainResult Graph:
 \-CollectionDomainResult [org.frcpm.models.Meeting.attendances]

13:10:15.229 [main] DEBUG org.hibernate.orm.sql.ast.tree - SQL AST Tree:
    SelectStatement {
      FromClause {
        OneToManyTableGroup (a1 : org.frcpm.models.Meeting.attendances) {
          primaryTableReference : attendances as a1_0
          TableGroupJoins {
            left  join LazyTableGroup (m1 : org.frcpm.models.Meeting.attendances.{element}.meeting) {
            }
            left  join LazyTableGroup (m2 : org.frcpm.models.Meeting.attendances.{element}.member) {
            }
          }
        }
      }
    }

13:10:15.229 [main] DEBUG org.hibernate.orm.jdbc.mutation - Static SQL for collection: org.frcpm.models.Meeting.attendances
13:10:15.229 [main] DEBUG org.hibernate.orm.sql.ast.create - Created new SQL alias : pd1_0
13:10:15.229 [main] DEBUG org.hibernate.orm.sql.ast.create - Registration of TableGroup [CollectionTableGroup(org.frcpm.models.Task.postDependencies)] with identifierForTableGroup [org.frcpm.models.Task.postDependencies] for NavigablePath [org.frcpm.models.Task.postDependencies] 
13:10:15.229 [main] DEBUG org.hibernate.orm.sql.ast.create - Registration of TableGroup [org.hibernate.sql.ast.tree.from.LazyTableGroup@51787bc1] with identifierForTableGroup [org.frcpm.models.Task.postDependencies.{element}] for NavigablePath [org.frcpm.models.Task.postDependencies.{element}] 
13:10:15.229 [main] DEBUG org.hibernate.orm.sql.ast.create - Created new SQL alias : pd1_1
13:10:15.229 [main] DEBUG org.hibernate.orm.sql.ast.create - Registration of TableGroup [org.hibernate.sql.ast.tree.from.LazyTableGroup@734bb821] with identifierForTableGroup [org.frcpm.models.Task.postDependencies.{element}.project] for NavigablePath [org.frcpm.models.Task.postDependencies.{element}.project] 
13:10:15.229 [main] DEBUG org.hibernate.orm.sql.ast.create - Registration of TableGroup [org.hibernate.sql.ast.tree.from.LazyTableGroup@7bc0e96a] with identifierForTableGroup [org.frcpm.models.Task.postDependencies.{element}.subsystem] for NavigablePath [org.frcpm.models.Task.postDependencies.{element}.subsystem] 
13:10:15.229 [main] DEBUG org.hibernate.orm.results.graph.AST - DomainResult Graph:
 \-CollectionDomainResult [org.frcpm.models.Task.postDependencies]

13:10:15.229 [main] DEBUG org.hibernate.orm.sql.ast.tree - SQL AST Tree:
    SelectStatement {
      FromClause {
        CollectionTableGroup (pd1 : org.frcpm.models.Task.postDependencies) {
          primaryTableReference : task_dependencies as pd1_0
          TableGroupJoins {
             join LazyTableGroup (pd1 : org.frcpm.models.Task.postDependencies.{element}) {
              primaryTableReference : tasks as pd1_1
              TableGroupJoins {
                left  join LazyTableGroup (p1 : org.frcpm.models.Task.postDependencies.{element}.project) {
                }
                left  join LazyTableGroup (s1 : org.frcpm.models.Task.postDependencies.{element}.subsystem) {
                }
              }
            }
          }
        }
      }
    }

13:10:15.230 [main] DEBUG org.hibernate.orm.jdbc.mutation - Static SQL for collection: org.frcpm.models.Task.postDependencies
13:10:15.230 [main] DEBUG org.hibernate.orm.sql.ast.create - Created new SQL alias : t1_0
13:10:15.230 [main] DEBUG org.hibernate.orm.sql.ast.create - Registration of TableGroup [org.hibernate.sql.ast.tree.from.OneToManyTableGroup@21dcd0b5] with identifierForTableGroup [org.frcpm.models.Project.tasks] for NavigablePath [org.frcpm.models.Project.tasks] 
13:10:15.230 [main] DEBUG org.hibernate.orm.sql.ast.create - Registration of TableGroup [StandardTableGroup(org.frcpm.models.Project.tasks.{element})] with identifierForTableGroup [org.frcpm.models.Project.tasks.{element}] for NavigablePath [org.frcpm.models.Project.tasks.{element}] 
13:10:15.230 [main] DEBUG org.hibernate.orm.sql.ast.create - Registration of TableGroup [org.hibernate.sql.ast.tree.from.LazyTableGroup@ff8fe1f] with identifierForTableGroup [org.frcpm.models.Project.tasks.{element}.project] for NavigablePath [org.frcpm.models.Project.tasks.{element}.project] 
13:10:15.230 [main] DEBUG org.hibernate.orm.sql.ast.create - Registration of TableGroup [org.hibernate.sql.ast.tree.from.LazyTableGroup@730fcd33] with identifierForTableGroup [org.frcpm.models.Project.tasks.{element}.subsystem] for NavigablePath [org.frcpm.models.Project.tasks.{element}.subsystem] 
13:10:15.230 [main] DEBUG org.hibernate.orm.results.graph.AST - DomainResult Graph:
 \-CollectionDomainResult [org.frcpm.models.Project.tasks]

13:10:15.230 [main] DEBUG org.hibernate.orm.sql.ast.tree - SQL AST Tree:
    SelectStatement {
      FromClause {
        OneToManyTableGroup (t1 : org.frcpm.models.Project.tasks) {
          primaryTableReference : tasks as t1_0
          TableGroupJoins {
            left  join LazyTableGroup (p1 : org.frcpm.models.Project.tasks.{element}.project) {
            }
            left  join LazyTableGroup (s1 : org.frcpm.models.Project.tasks.{element}.subsystem) {
            }
          }
        }
      }
    }

13:10:15.230 [main] DEBUG org.hibernate.orm.jdbc.mutation - Static SQL for collection: org.frcpm.models.Project.tasks
13:10:15.238 [frcpm-hikari-pool connection adder] DEBUG com.zaxxer.hikari.pool.HikariPool - frcpm-hikari-pool - After adding stats (total=5, active=0, idle=5, waiting=0)
13:10:15.238 [main] DEBUG org.hibernate.type.spi.TypeConfiguration$Scope - Scoping TypeConfiguration [org.hibernate.type.spi.TypeConfiguration@76242b2c] to SessionFactoryImplementor [org.hibernate.internal.SessionFactoryImpl@480284c3]
13:10:15.238 [main] DEBUG org.hibernate.query.named.NamedObjectRepository - Checking 0 named HQL queries
13:10:15.238 [main] DEBUG org.hibernate.query.named.NamedObjectRepository - Checking 0 named SQL queries
13:10:15.238 [main] DEBUG org.hibernate.SQL - 
    drop table if exists attendances cascade 
Hibernate: 
    drop table if exists attendances cascade 
13:10:15.239 [main] DEBUG org.hibernate.SQL - 
    drop table if exists components cascade 
Hibernate: 
    drop table if exists components cascade 
13:10:15.239 [main] DEBUG org.hibernate.SQL - 
    drop table if exists meetings cascade 
Hibernate: 
    drop table if exists meetings cascade 
13:10:15.239 [main] DEBUG org.hibernate.SQL - 
    drop table if exists milestones cascade 
Hibernate: 
    drop table if exists milestones cascade 
13:10:15.239 [main] DEBUG org.hibernate.SQL - 
    drop table if exists projects cascade 
Hibernate: 
    drop table if exists projects cascade 
13:10:15.239 [main] DEBUG org.hibernate.SQL - 
    drop table if exists subsystems cascade 
Hibernate: 
    drop table if exists subsystems cascade 
13:10:15.239 [main] DEBUG org.hibernate.SQL - 
    drop table if exists subteams cascade 
Hibernate: 
    drop table if exists subteams cascade 
13:10:15.239 [main] DEBUG org.hibernate.SQL - 
    drop table if exists task_assignments cascade 
Hibernate: 
    drop table if exists task_assignments cascade 
13:10:15.239 [main] DEBUG org.hibernate.SQL - 
    drop table if exists task_components cascade 
Hibernate: 
    drop table if exists task_components cascade 
13:10:15.239 [main] DEBUG org.hibernate.SQL - 
    drop table if exists task_dependencies cascade 
Hibernate: 
    drop table if exists task_dependencies cascade 
13:10:15.239 [main] DEBUG org.hibernate.SQL - 
    drop table if exists tasks cascade 
Hibernate: 
    drop table if exists tasks cascade 
13:10:15.239 [main] DEBUG org.hibernate.SQL - 
    drop table if exists team_members cascade 
Hibernate: 
    drop table if exists team_members cascade 
13:10:15.239 [main] DEBUG org.hibernate.SQL - 
    create table attendances (
        arrival_time time(6),
        departure_time time(6),
        present boolean not null,
        id bigint generated by default as identity,
        meeting_id bigint not null,
        member_id bigint not null,
        primary key (id),
        unique (meeting_id, member_id)
    )
Hibernate: 
    create table attendances (
        arrival_time time(6),
        departure_time time(6),
        present boolean not null,
        id bigint generated by default as identity,
        meeting_id bigint not null,
        member_id bigint not null,
        primary key (id),
        unique (meeting_id, member_id)
    )
13:10:15.240 [main] DEBUG org.hibernate.SQL - 
    create table components (
        actual_delivery date,
        expected_delivery date,
        is_delivered boolean,
        id bigint generated by default as identity,
        part_number varchar(100),
        description TEXT,
        name varchar(255) not null,
        primary key (id)
    )
Hibernate: 
    create table components (
        actual_delivery date,
        expected_delivery date,
        is_delivered boolean,
        id bigint generated by default as identity,
        part_number varchar(100),
        description TEXT,
        name varchar(255) not null,
        primary key (id)
    )
13:10:15.240 [main] DEBUG org.hibernate.SQL - 
    create table meetings (
        date date not null,
        end_time time(6) not null,
        start_time time(6) not null,
        id bigint generated by default as identity,
        project_id bigint not null,
        notes TEXT,
        primary key (id)
    )
Hibernate: 
    create table meetings (
        date date not null,
        end_time time(6) not null,
        start_time time(6) not null,
        id bigint generated by default as identity,
        project_id bigint not null,
        notes TEXT,
        primary key (id)
    )
13:10:15.241 [main] DEBUG org.hibernate.SQL - 
    create table milestones (
        date date not null,
        id bigint generated by default as identity,
        project_id bigint not null,
        description TEXT,
        name varchar(255) not null,
        primary key (id)
    )
Hibernate: 
    create table milestones (
        date date not null,
        id bigint generated by default as identity,
        project_id bigint not null,
        description TEXT,
        name varchar(255) not null,
        primary key (id)
    )
13:10:15.241 [main] DEBUG org.hibernate.SQL - 
    create table projects (
        goal_end_date date not null,
        hard_deadline date not null,
        start_date date not null,
        id bigint generated by default as identity,
        name varchar(100) not null,
        description TEXT,
        primary key (id)
    )
Hibernate: 
    create table projects (
        goal_end_date date not null,
        hard_deadline date not null,
        start_date date not null,
        id bigint generated by default as identity,
        name varchar(100) not null,
        description TEXT,
        primary key (id)
    )
13:10:15.242 [main] DEBUG org.hibernate.SQL - 
    create table subsystems (
        id bigint generated by default as identity,
        responsible_subteam_id bigint,
        name varchar(100) not null,
        description TEXT,
        status enum ('COMPLETED','IN_PROGRESS','ISSUES','NOT_STARTED','TESTING') not null,
        primary key (id)
    )
Hibernate: 
    create table subsystems (
        id bigint generated by default as identity,
        responsible_subteam_id bigint,
        name varchar(100) not null,
        description TEXT,
        status enum ('COMPLETED','IN_PROGRESS','ISSUES','NOT_STARTED','TESTING') not null,
        primary key (id)
    )
13:10:15.243 [main] DEBUG org.hibernate.SQL - 
    create table subteams (
        color_code varchar(7) not null,
        id bigint generated by default as identity,
        name varchar(100) not null,
        specialties TEXT,
        primary key (id)
    )
Hibernate: 
    create table subteams (
        color_code varchar(7) not null,
        id bigint generated by default as identity,
        name varchar(100) not null,
        specialties TEXT,
        primary key (id)
    )
13:10:15.243 [main] DEBUG org.hibernate.SQL - 
    create table task_assignments (
        task_id bigint not null,
        team_member_id bigint not null,
        primary key (task_id, team_member_id)
    )
Hibernate: 
    create table task_assignments (
        task_id bigint not null,
        team_member_id bigint not null,
        primary key (task_id, team_member_id)
    )
13:10:15.243 [main] DEBUG org.hibernate.SQL - 
    create table task_components (
        component_id bigint not null,
        task_id bigint not null,
        primary key (component_id, task_id)
    )
Hibernate: 
    create table task_components (
        component_id bigint not null,
        task_id bigint not null,
        primary key (component_id, task_id)
    )
13:10:15.244 [main] DEBUG org.hibernate.SQL - 
    create table task_dependencies (
        dependency_id bigint not null,
        task_id bigint not null,
        primary key (dependency_id, task_id)
    )
Hibernate: 
    create table task_dependencies (
        dependency_id bigint not null,
        task_id bigint not null,
        primary key (dependency_id, task_id)
    )
13:10:15.244 [main] DEBUG org.hibernate.SQL - 
    create table tasks (
        completed boolean not null,
        end_date date,
        progress integer not null,
        start_date date,
        actual_duration_seconds bigint,
        estimated_duration_seconds bigint not null,
        id bigint generated by default as identity,
        project_id bigint not null,
        subsystem_id bigint not null,
        description TEXT,
        title varchar(255) not null,
        priority enum ('CRITICAL','HIGH','LOW','MEDIUM') not null,
        primary key (id)
    )
Hibernate: 
    create table tasks (
        completed boolean not null,
        end_date date,
        progress integer not null,
        start_date date,
        actual_duration_seconds bigint,
        estimated_duration_seconds bigint not null,
        id bigint generated by default as identity,
        project_id bigint not null,
        subsystem_id bigint not null,
        description TEXT,
        title varchar(255) not null,
        priority enum ('CRITICAL','HIGH','LOW','MEDIUM') not null,
        primary key (id)
    )
13:10:15.244 [main] DEBUG org.hibernate.SQL - 
    create table team_members (
        is_leader boolean,
        id bigint generated by default as identity,
        subteam_id bigint,
        phone varchar(15),
        first_name varchar(150),
        last_name varchar(150),
        username varchar(150) not null unique,
        email varchar(254),
        skills TEXT,
        primary key (id)
    )
Hibernate: 
    create table team_members (
        is_leader boolean,
        id bigint generated by default as identity,
        subteam_id bigint,
        phone varchar(15),
        first_name varchar(150),
        last_name varchar(150),
        username varchar(150) not null unique,
        email varchar(254),
        skills TEXT,
        primary key (id)
    )
13:10:15.245 [main] DEBUG org.hibernate.SQL - 
    alter table if exists attendances 
       add constraint FK3i5ab1v2ad6wbm2rwhxbtm55u 
       foreign key (meeting_id) 
       references meetings
Hibernate: 
    alter table if exists attendances 
       add constraint FK3i5ab1v2ad6wbm2rwhxbtm55u 
       foreign key (meeting_id) 
       references meetings
13:10:15.246 [main] DEBUG org.hibernate.SQL - 
    alter table if exists attendances 
       add constraint FKb3g1rvha5qvyh1xik0bo6fghp 
       foreign key (member_id) 
       references team_members
Hibernate: 
    alter table if exists attendances 
       add constraint FKb3g1rvha5qvyh1xik0bo6fghp 
       foreign key (member_id) 
       references team_members
13:10:15.248 [main] DEBUG org.hibernate.SQL - 
    alter table if exists meetings 
       add constraint FKbt3vmcde0efob60esnfkyaeg0 
       foreign key (project_id) 
       references projects
Hibernate: 
    alter table if exists meetings 
       add constraint FKbt3vmcde0efob60esnfkyaeg0 
       foreign key (project_id) 
       references projects
13:10:15.250 [main] DEBUG org.hibernate.SQL - 
    alter table if exists milestones 
       add constraint FK2a7fp7wfu0qc1pq3wiifbksge 
       foreign key (project_id) 
       references projects
Hibernate: 
    alter table if exists milestones 
       add constraint FK2a7fp7wfu0qc1pq3wiifbksge 
       foreign key (project_id) 
       references projects
13:10:15.251 [main] DEBUG org.hibernate.SQL - 
    alter table if exists subsystems 
       add constraint FK6w4rk9yygp8j1dhs91d0qt8vp 
       foreign key (responsible_subteam_id) 
       references subteams
Hibernate: 
    alter table if exists subsystems 
       add constraint FK6w4rk9yygp8j1dhs91d0qt8vp 
       foreign key (responsible_subteam_id) 
       references subteams
13:10:15.254 [main] DEBUG org.hibernate.SQL - 
    alter table if exists task_assignments 
       add constraint FKqyivind1lu4axk93y5m7vcx7i 
       foreign key (team_member_id) 
       references team_members
Hibernate: 
    alter table if exists task_assignments 
       add constraint FKqyivind1lu4axk93y5m7vcx7i 
       foreign key (team_member_id) 
       references team_members
13:10:15.256 [main] DEBUG org.hibernate.SQL - 
    alter table if exists task_assignments 
       add constraint FKk36vhf9tt6t3woselwnkis6v6 
       foreign key (task_id) 
       references tasks
Hibernate: 
    alter table if exists task_assignments 
       add constraint FKk36vhf9tt6t3woselwnkis6v6 
       foreign key (task_id) 
       references tasks
13:10:15.258 [main] DEBUG org.hibernate.SQL - 
    alter table if exists task_components 
       add constraint FK5irpaispcx79xwy6n1qomaxnv 
       foreign key (component_id) 
       references components
Hibernate: 
    alter table if exists task_components 
       add constraint FK5irpaispcx79xwy6n1qomaxnv 
       foreign key (component_id) 
       references components
13:10:15.261 [main] DEBUG org.hibernate.SQL - 
    alter table if exists task_components 
       add constraint FKjvcgnyl1ttc41nv55hjvnnft1 
       foreign key (task_id) 
       references tasks
Hibernate: 
    alter table if exists task_components 
       add constraint FKjvcgnyl1ttc41nv55hjvnnft1 
       foreign key (task_id) 
       references tasks
13:10:15.265 [main] DEBUG org.hibernate.SQL - 
    alter table if exists task_dependencies 
       add constraint FKnwfxktx9emcwsylqofad5cxbx 
       foreign key (dependency_id) 
       references tasks
Hibernate: 
    alter table if exists task_dependencies 
       add constraint FKnwfxktx9emcwsylqofad5cxbx 
       foreign key (dependency_id) 
       references tasks
13:10:15.272 [main] DEBUG org.hibernate.SQL - 
    alter table if exists task_dependencies 
       add constraint FKerlktvi2bud6uauih348u0loj 
       foreign key (task_id) 
       references tasks
Hibernate: 
    alter table if exists task_dependencies 
       add constraint FKerlktvi2bud6uauih348u0loj 
       foreign key (task_id) 
       references tasks
13:10:15.275 [main] DEBUG org.hibernate.SQL - 
    alter table if exists tasks 
       add constraint FKsfhn82y57i3k9uxww1s007acc 
       foreign key (project_id) 
       references projects
Hibernate: 
    alter table if exists tasks 
       add constraint FKsfhn82y57i3k9uxww1s007acc 
       foreign key (project_id) 
       references projects
13:10:15.277 [main] DEBUG org.hibernate.SQL - 
    alter table if exists tasks 
       add constraint FK3tj2dchxxvxu2te3uwgjakx76 
       foreign key (subsystem_id) 
       references subsystems
Hibernate: 
    alter table if exists tasks 
       add constraint FK3tj2dchxxvxu2te3uwgjakx76 
       foreign key (subsystem_id) 
       references subsystems
13:10:15.278 [main] DEBUG org.hibernate.SQL - 
    alter table if exists team_members 
       add constraint FKnjkvjfudwwytv2aiuha5wyvqx 
       foreign key (subteam_id) 
       references subteams
Hibernate: 
    alter table if exists team_members 
       add constraint FKnjkvjfudwwytv2aiuha5wyvqx 
       foreign key (subteam_id) 
       references subteams
13:10:15.280 [main] DEBUG org.hibernate.internal.SessionFactoryRegistry - Registering SessionFactory: dcc55c10-0e24-491d-b409-f3095dd84f18 (<unnamed>)
13:10:15.280 [main] DEBUG org.hibernate.internal.SessionFactoryRegistry - Not binding SessionFactory to JNDI, no JNDI name configured
13:10:15.280 [main] DEBUG org.hibernate.internal.SessionFactoryImpl - Instantiated SessionFactory
13:10:15.282 [main] DEBUG org.hibernate.stat.internal.StatisticsInitiator - Statistics initialized [enabled=false]
13:10:15.282 [main] DEBUG org.hibernate.engine.transaction.internal.TransactionImpl - On TransactionImpl creation, JpaCompliance#isJpaTransactionComplianceEnabled == false
13:10:15.282 [main] DEBUG org.hibernate.engine.transaction.internal.TransactionImpl - begin
13:10:15.282 [main] DEBUG org.hibernate.engine.spi.ActionQueue - Executing identity-insert immediately
13:10:15.283 [main] DEBUG org.hibernate.SQL - 
    /* insert for
        org.frcpm.models.Project */insert 
    into
        projects (description, goal_end_date, hard_deadline, name, start_date, id) 
    values
        (?, ?, ?, ?, ?, default)
Hibernate: 
    /* insert for
        org.frcpm.models.Project */insert 
    into
        projects (description, goal_end_date, hard_deadline, name, start_date, id) 
    values
        (?, ?, ?, ?, ?, default)
13:10:15.283 [main] DEBUG org.hibernate.orm.results - Initializer list is empty
13:10:15.284 [main] DEBUG org.hibernate.orm.results.loading - Calling top-level assembler (0 / 1) : org.hibernate.sql.results.graph.basic.BasicResultAssembler@16347545
13:10:15.284 [main] DEBUG org.hibernate.orm.results - Extracted JDBC value [0] - [1]
13:10:15.284 [main] DEBUG org.hibernate.id.IdentifierGeneratorHelper - Extracted generated values [org.frcpm.models.Project]: [Ljava.lang.Object;@7e8653b6
13:10:15.286 [main] DEBUG org.hibernate.event.internal.AbstractFlushingEventListener - Processing flush-time cascades
13:10:15.286 [main] DEBUG org.hibernate.event.internal.AbstractFlushingEventListener - Dirty checking collections
13:10:15.286 [main] DEBUG org.hibernate.engine.internal.Collections - Collection found: [org.frcpm.models.Project.meetings#1], was: [<unreferenced>] (initialized)
13:10:15.286 [main] DEBUG org.hibernate.engine.internal.Collections - Collection found: [org.frcpm.models.Project.milestones#1], was: [<unreferenced>] (initialized)
13:10:15.286 [main] DEBUG org.hibernate.engine.internal.Collections - Collection found: [org.frcpm.models.Project.tasks#1], was: [<unreferenced>] (initialized)
13:10:15.286 [main] DEBUG org.hibernate.event.internal.AbstractFlushingEventListener - Flushed: 0 insertions, 0 updates, 0 deletions to 1 objects
13:10:15.286 [main] DEBUG org.hibernate.event.internal.AbstractFlushingEventListener - Flushed: 3 (re)creations, 0 updates, 0 removals to 3 collections
13:10:15.286 [main] DEBUG org.hibernate.internal.util.EntityPrinter - Listing entities:
13:10:15.286 [main] DEBUG org.hibernate.internal.util.EntityPrinter - org.frcpm.models.Project{hardDeadline=2025-06-06, name=Test Base Project 1, description=null, meetings=[], id=1, goalEndDate=2025-05-23, milestones=[], startDate=2025-04-11, tasks=[]}
13:10:15.286 [main] DEBUG org.hibernate.engine.transaction.internal.TransactionImpl - committing
13:10:15.286 [main] DEBUG org.hibernate.event.internal.AbstractFlushingEventListener - Processing flush-time cascades
13:10:15.286 [main] DEBUG org.hibernate.event.internal.AbstractFlushingEventListener - Dirty checking collections
13:10:15.286 [main] DEBUG org.hibernate.engine.internal.Collections - Collection found: [org.frcpm.models.Project.meetings#1], was: [org.frcpm.models.Project.meetings#1] (initialized)
13:10:15.286 [main] DEBUG org.hibernate.engine.internal.Collections - Collection found: [org.frcpm.models.Project.milestones#1], was: [org.frcpm.models.Project.milestones#1] (initialized)
13:10:15.286 [main] DEBUG org.hibernate.engine.internal.Collections - Collection found: [org.frcpm.models.Project.tasks#1], was: [org.frcpm.models.Project.tasks#1] (initialized)
13:10:15.286 [main] DEBUG org.hibernate.event.internal.AbstractFlushingEventListener - Flushed: 0 insertions, 0 updates, 0 deletions to 1 objects
13:10:15.286 [main] DEBUG org.hibernate.event.internal.AbstractFlushingEventListener - Flushed: 0 (re)creations, 0 updates, 0 removals to 3 collections
13:10:15.286 [main] DEBUG org.hibernate.internal.util.EntityPrinter - Listing entities:
13:10:15.286 [main] DEBUG org.hibernate.internal.util.EntityPrinter - org.frcpm.models.Project{hardDeadline=2025-06-06, name=Test Base Project 1, description=null, meetings=[], id=1, goalEndDate=2025-05-23, milestones=[], startDate=2025-04-11, tasks=[]}
13:10:15.287 [main] DEBUG org.hibernate.resource.jdbc.internal.LogicalConnectionManagedImpl - Initiating JDBC connection release from afterTransaction
13:10:15.287 [main] DEBUG org.hibernate.resource.jdbc.internal.LogicalConnectionManagedImpl - Initiating JDBC connection release from afterTransaction
13:10:15.287 [main] DEBUG org.hibernate.engine.transaction.internal.TransactionImpl - On TransactionImpl creation, JpaCompliance#isJpaTransactionComplianceEnabled == false
13:10:15.287 [main] DEBUG org.hibernate.engine.transaction.internal.TransactionImpl - begin
13:10:15.287 [main] DEBUG org.hibernate.engine.spi.ActionQueue - Executing identity-insert immediately
13:10:15.287 [main] DEBUG org.hibernate.SQL - 
    /* insert for
        org.frcpm.models.Project */insert 
    into
        projects (description, goal_end_date, hard_deadline, name, start_date, id) 
    values
        (?, ?, ?, ?, ?, default)
Hibernate: 
    /* insert for
        org.frcpm.models.Project */insert 
    into
        projects (description, goal_end_date, hard_deadline, name, start_date, id) 
    values
        (?, ?, ?, ?, ?, default)
13:10:15.288 [main] DEBUG org.hibernate.orm.results - Initializer list is empty
13:10:15.288 [main] DEBUG org.hibernate.orm.results.loading - Calling top-level assembler (0 / 1) : org.hibernate.sql.results.graph.basic.BasicResultAssembler@6a1c18ee
13:10:15.288 [main] DEBUG org.hibernate.orm.results - Extracted JDBC value [0] - [2]
13:10:15.288 [main] DEBUG org.hibernate.id.IdentifierGeneratorHelper - Extracted generated values [org.frcpm.models.Project]: [Ljava.lang.Object;@29efc601
13:10:15.289 [main] DEBUG org.hibernate.event.internal.AbstractFlushingEventListener - Processing flush-time cascades
13:10:15.289 [main] DEBUG org.hibernate.event.internal.AbstractFlushingEventListener - Dirty checking collections
13:10:15.289 [main] DEBUG org.hibernate.engine.internal.Collections - Collection found: [org.frcpm.models.Project.meetings#2], was: [<unreferenced>] (initialized)
13:10:15.289 [main] DEBUG org.hibernate.engine.internal.Collections - Collection found: [org.frcpm.models.Project.milestones#2], was: [<unreferenced>] (initialized)
13:10:15.289 [main] DEBUG org.hibernate.engine.internal.Collections - Collection found: [org.frcpm.models.Project.tasks#2], was: [<unreferenced>] (initialized)
13:10:15.289 [main] DEBUG org.hibernate.event.internal.AbstractFlushingEventListener - Flushed: 0 insertions, 0 updates, 0 deletions to 1 objects
13:10:15.289 [main] DEBUG org.hibernate.event.internal.AbstractFlushingEventListener - Flushed: 3 (re)creations, 0 updates, 0 removals to 3 collections
13:10:15.289 [main] DEBUG org.hibernate.internal.util.EntityPrinter - Listing entities:
13:10:15.290 [main] DEBUG org.hibernate.internal.util.EntityPrinter - org.frcpm.models.Project{hardDeadline=2025-06-20, name=Test Base Project 2, description=null, meetings=[], id=2, goalEndDate=2025-06-06, milestones=[], startDate=2025-04-18, tasks=[]}
13:10:15.290 [main] DEBUG org.hibernate.engine.transaction.internal.TransactionImpl - committing
13:10:15.290 [main] DEBUG org.hibernate.event.internal.AbstractFlushingEventListener - Processing flush-time cascades
13:10:15.290 [main] DEBUG org.hibernate.event.internal.AbstractFlushingEventListener - Dirty checking collections
13:10:15.291 [main] DEBUG org.hibernate.engine.internal.Collections - Collection found: [org.frcpm.models.Project.meetings#2], was: [org.frcpm.models.Project.meetings#2] (initialized)
13:10:15.291 [main] DEBUG org.hibernate.engine.internal.Collections - Collection found: [org.frcpm.models.Project.milestones#2], was: [org.frcpm.models.Project.milestones#2] (initialized)
13:10:15.291 [main] DEBUG org.hibernate.engine.internal.Collections - Collection found: [org.frcpm.models.Project.tasks#2], was: [org.frcpm.models.Project.tasks#2] (initialized)
13:10:15.291 [main] DEBUG org.hibernate.event.internal.AbstractFlushingEventListener - Flushed: 0 insertions, 0 updates, 0 deletions to 1 objects
13:10:15.291 [main] DEBUG org.hibernate.event.internal.AbstractFlushingEventListener - Flushed: 0 (re)creations, 0 updates, 0 removals to 3 collections
13:10:15.291 [main] DEBUG org.hibernate.internal.util.EntityPrinter - Listing entities:
13:10:15.291 [main] DEBUG org.hibernate.internal.util.EntityPrinter - org.frcpm.models.Project{hardDeadline=2025-06-20, name=Test Base Project 2, description=null, meetings=[], id=2, goalEndDate=2025-06-06, milestones=[], startDate=2025-04-18, tasks=[]}
13:10:15.291 [main] DEBUG org.hibernate.resource.jdbc.internal.LogicalConnectionManagedImpl - Initiating JDBC connection release from afterTransaction
13:10:15.291 [main] DEBUG org.hibernate.resource.jdbc.internal.LogicalConnectionManagedImpl - Initiating JDBC connection release from afterTransaction
13:10:15.292 [main] DEBUG org.hibernate.engine.transaction.internal.TransactionImpl - On TransactionImpl creation, JpaCompliance#isJpaTransactionComplianceEnabled == false
13:10:15.292 [main] DEBUG org.hibernate.engine.transaction.internal.TransactionImpl - begin
13:10:15.292 [main] DEBUG org.hibernate.engine.spi.ActionQueue - Executing identity-insert immediately
13:10:15.292 [main] DEBUG org.hibernate.SQL - 
    /* insert for
        org.frcpm.models.Project */insert 
    into
        projects (description, goal_end_date, hard_deadline, name, start_date, id) 
    values
        (?, ?, ?, ?, ?, default)
Hibernate: 
    /* insert for
        org.frcpm.models.Project */insert 
    into
        projects (description, goal_end_date, hard_deadline, name, start_date, id) 
    values
        (?, ?, ?, ?, ?, default)
13:10:15.293 [main] DEBUG org.hibernate.orm.results - Initializer list is empty
13:10:15.293 [main] DEBUG org.hibernate.orm.results.loading - Calling top-level assembler (0 / 1) : org.hibernate.sql.results.graph.basic.BasicResultAssembler@3ed65635
13:10:15.293 [main] DEBUG org.hibernate.orm.results - Extracted JDBC value [0] - [3]
13:10:15.293 [main] DEBUG org.hibernate.id.IdentifierGeneratorHelper - Extracted generated values [org.frcpm.models.Project]: [Ljava.lang.Object;@72373e0b
13:10:15.293 [main] DEBUG org.hibernate.event.internal.AbstractFlushingEventListener - Processing flush-time cascades
13:10:15.293 [main] DEBUG org.hibernate.event.internal.AbstractFlushingEventListener - Dirty checking collections
13:10:15.293 [main] DEBUG org.hibernate.engine.internal.Collections - Collection found: [org.frcpm.models.Project.meetings#3], was: [<unreferenced>] (initialized)
13:10:15.293 [main] DEBUG org.hibernate.engine.internal.Collections - Collection found: [org.frcpm.models.Project.milestones#3], was: [<unreferenced>] (initialized)
13:10:15.293 [main] DEBUG org.hibernate.engine.internal.Collections - Collection found: [org.frcpm.models.Project.tasks#3], was: [<unreferenced>] (initialized)
13:10:15.293 [main] DEBUG org.hibernate.event.internal.AbstractFlushingEventListener - Flushed: 0 insertions, 0 updates, 0 deletions to 1 objects
13:10:15.293 [main] DEBUG org.hibernate.event.internal.AbstractFlushingEventListener - Flushed: 3 (re)creations, 0 updates, 0 removals to 3 collections
13:10:15.293 [main] DEBUG org.hibernate.internal.util.EntityPrinter - Listing entities:
13:10:15.293 [main] DEBUG org.hibernate.internal.util.EntityPrinter - org.frcpm.models.Project{hardDeadline=2025-05-23, name=Test Base Update Project, description=null, meetings=[], id=3, goalEndDate=2025-05-09, milestones=[], startDate=2025-04-11, tasks=[]}
13:10:15.293 [main] DEBUG org.hibernate.engine.transaction.internal.TransactionImpl - committing
13:10:15.293 [main] DEBUG org.hibernate.event.internal.AbstractFlushingEventListener - Processing flush-time cascades
13:10:15.293 [main] DEBUG org.hibernate.event.internal.AbstractFlushingEventListener - Dirty checking collections
13:10:15.293 [main] DEBUG org.hibernate.engine.internal.Collections - Collection found: [org.frcpm.models.Project.meetings#3], was: [org.frcpm.models.Project.meetings#3] (initialized)
13:10:15.293 [main] DEBUG org.hibernate.engine.internal.Collections - Collection found: [org.frcpm.models.Project.milestones#3], was: [org.frcpm.models.Project.milestones#3] (initialized)
13:10:15.294 [main] DEBUG org.hibernate.engine.internal.Collections - Collection found: [org.frcpm.models.Project.tasks#3], was: [org.frcpm.models.Project.tasks#3] (initialized)
13:10:15.294 [main] DEBUG org.hibernate.event.internal.AbstractFlushingEventListener - Flushed: 0 insertions, 0 updates, 0 deletions to 1 objects
13:10:15.294 [main] DEBUG org.hibernate.event.internal.AbstractFlushingEventListener - Flushed: 0 (re)creations, 0 updates, 0 removals to 3 collections
13:10:15.294 [main] DEBUG org.hibernate.internal.util.EntityPrinter - Listing entities:
13:10:15.294 [main] DEBUG org.hibernate.internal.util.EntityPrinter - org.frcpm.models.Project{hardDeadline=2025-05-23, name=Test Base Update Project, description=null, meetings=[], id=3, goalEndDate=2025-05-09, milestones=[], startDate=2025-04-11, tasks=[]}
13:10:15.294 [main] DEBUG org.hibernate.resource.jdbc.internal.LogicalConnectionManagedImpl - Initiating JDBC connection release from afterTransaction
13:10:15.294 [main] DEBUG org.hibernate.resource.jdbc.internal.LogicalConnectionManagedImpl - Initiating JDBC connection release from afterTransaction
13:10:15.294 [main] DEBUG org.hibernate.engine.transaction.internal.TransactionImpl - On TransactionImpl creation, JpaCompliance#isJpaTransactionComplianceEnabled == false
13:10:15.294 [main] DEBUG org.hibernate.engine.transaction.internal.TransactionImpl - begin
13:10:15.294 [main] DEBUG org.hibernate.orm.sql.ast.create - Created new SQL alias : p1_0
13:10:15.294 [main] DEBUG org.hibernate.orm.sql.ast.create - Registration of TableGroup [StandardTableGroup(org.frcpm.models.Project)] with identifierForTableGroup [org.frcpm.models.Project] for NavigablePath [org.frcpm.models.Project] 
13:10:15.295 [main] DEBUG org.hibernate.orm.sql.ast.create - Created new SQL alias : m1_0
13:10:15.295 [main] DEBUG org.hibernate.orm.sql.ast.create - Registration of TableGroup [org.hibernate.sql.ast.tree.from.OneToManyTableGroup@78ffb0ca] with identifierForTableGroup [org.frcpm.models.Project.meetings] for NavigablePath [org.frcpm.models.Project.meetings] 
13:10:15.295 [main] DEBUG org.hibernate.orm.sql.ast.create - Registration of TableGroup [StandardTableGroup(org.frcpm.models.Project.meetings.{element})] with identifierForTableGroup [org.frcpm.models.Project.meetings.{element}] for NavigablePath [org.frcpm.models.Project.meetings.{element}] 
13:10:15.295 [main] DEBUG org.hibernate.orm.sql.ast.create - Registration of TableGroup [org.hibernate.sql.ast.tree.from.LazyTableGroup@77f8dda2] with identifierForTableGroup [org.frcpm.models.Project.meetings.{element}.project] for NavigablePath [org.frcpm.models.Project.meetings.{element}.project] 
13:10:15.295 [main] DEBUG org.hibernate.orm.results.graph.AST - DomainResult Graph:
 \-EntityResultImpl [org.frcpm.models.Project]
 |  +-BasicFetch [org.frcpm.models.Project.description]
 |  +-BasicFetch [org.frcpm.models.Project.goalEndDate]
 |  +-BasicFetch [org.frcpm.models.Project.hardDeadline]
 |  +-EagerCollectionFetch [org.frcpm.models.Project.meetings]
 |  |  \-EntityFetchJoinedImpl [org.frcpm.models.Project.meetings.{element}]
 |  +-SelectEagerCollectionFetch [org.frcpm.models.Project.milestones]
 |  +-BasicFetch [org.frcpm.models.Project.name]
 |  +-BasicFetch [org.frcpm.models.Project.startDate]
 |  \-SelectEagerCollectionFetch [org.frcpm.models.Project.tasks]

13:10:15.295 [main] DEBUG org.hibernate.orm.sql.ast.tree - SQL AST Tree:
    SelectStatement {
      FromClause {
        StandardTableGroup (p1 : org.frcpm.models.Project) {
          primaryTableReference : projects as p1_0
          TableGroupJoins {
            left  join OneToManyTableGroup (m1 : org.frcpm.models.Project.meetings) {
              primaryTableReference : meetings as m1_0
              TableGroupJoins {
                left  join LazyTableGroup (p2 : org.frcpm.models.Project.meetings.{element}.project) {
                }
              }
            }
          }
        }
      }
    }

13:10:15.296 [main] DEBUG org.hibernate.orm.sql.exec - Skipping reading Query result cache data: cache-enabled = false, cache-mode = IGNORE
13:10:15.296 [main] DEBUG org.hibernate.orm.results - Initializer list:
	  org.frcpm.models.Project.meetings -> BagInitializer(org.frcpm.models.Project.meetings)@807396489 (PluralAttribute(org.frcpm.models.Project.meetings))
	  org.frcpm.models.Project.tasks -> SelectEagerCollectionInitializer(org.frcpm.models.Project.tasks)@904100768 (PluralAttribute(org.frcpm.models.Project.tasks))
	  org.frcpm.models.Project.meetings.{element} -> EntityJoinedFetchInitializer(org.frcpm.models.Project.meetings.{element})@71808371 (EntityCollectionPart(org.frcpm.models.Project.meetings#{element})@1700890775)
	  org.frcpm.models.Project.meetings.{element}.attendances -> SelectEagerCollectionInitializer(org.frcpm.models.Project.meetings.{element}.attendances)@714408734 (PluralAttribute(org.frcpm.models.Meeting.attendances))
	  org.frcpm.models.Project -> EntityResultInitializer(org.frcpm.models.Project)@67453847 (SingleTableEntityPersister(org.frcpm.models.Project))
	  org.frcpm.models.Project.milestones -> SelectEagerCollectionInitializer(org.frcpm.models.Project.milestones)@1037079113 (PluralAttribute(org.frcpm.models.Project.milestones))

13:10:15.296 [main] DEBUG org.hibernate.SQL - 
    select
        p1_0.id,
        p1_0.description,
        p1_0.goal_end_date,
        p1_0.hard_deadline,
        p1_0.name,
        p1_0.start_date,
        m1_0.project_id,
        m1_0.id,
        m1_0.date,
        m1_0.end_time,
        m1_0.notes,
        m1_0.start_time 
    from
        projects p1_0 
    left join
        meetings m1_0 
            on p1_0.id=m1_0.project_id 
    where
        p1_0.id=?
Hibernate: 
    select
        p1_0.id,
        p1_0.description,
        p1_0.goal_end_date,
        p1_0.hard_deadline,
        p1_0.name,
        p1_0.start_date,
        m1_0.project_id,
        m1_0.id,
        m1_0.date,
        m1_0.end_time,
        m1_0.notes,
        m1_0.start_time 
    from
        projects p1_0 
    left join
        meetings m1_0 
            on p1_0.id=m1_0.project_id 
    where
        p1_0.id=?
13:10:15.297 [main] DEBUG org.hibernate.orm.results.loading.entity - (EntityResultInitializer) Hydrated EntityKey (org.frcpm.models.Project): 3
13:10:15.297 [main] DEBUG org.hibernate.orm.results.loading.org.hibernate.orm.results.loading.collection - (BagInitializer) Current row collection key : org.frcpm.models.Project.meetings#3
13:10:15.297 [main] DEBUG org.hibernate.orm.results - Extracted JDBC value [6] - [null]
13:10:15.297 [main] DEBUG org.hibernate.orm.results - Extracted JDBC value [7] - [null]
13:10:15.297 [main] DEBUG org.hibernate.orm.results.loading.entity - (EntityJoinedFetchInitializer) EntityKey (org.frcpm.models.Project.meetings.{element}) is null
13:10:15.297 [main] DEBUG org.hibernate.orm.results.loading.org.hibernate.orm.results.loading.collection - (SelectEagerCollectionInitializer) Current row collection key : org.frcpm.models.Project.milestones#3
13:10:15.297 [main] DEBUG org.hibernate.orm.results.loading.org.hibernate.orm.results.loading.collection - (SelectEagerCollectionInitializer) Current row collection key : org.frcpm.models.Project.tasks#3
13:10:15.297 [main] DEBUG org.hibernate.orm.results.loading.entity - (EntityResultInitializer) Created new entity instance [org.frcpm.models.Project#3] : 2024021140
13:10:15.297 [main] DEBUG org.hibernate.orm.results.loading.org.hibernate.orm.results.loading.collection - (BagInitializer) Created new collection wrapper [org.frcpm.models.Project.meetings#3] : org.hibernate.collection.spi.PersistentBag@1105169171
13:10:15.297 [main] DEBUG org.hibernate.orm.results.loading.org.hibernate.orm.results.loading.collection - (BagInitializer) Responsible for loading collection [org.frcpm.models.Project.meetings#3] : org.hibernate.collection.spi.PersistentBag@1105169171
13:10:15.297 [main] DEBUG org.hibernate.orm.results - Extracted JDBC value [1] - [null]
13:10:15.297 [main] DEBUG org.hibernate.orm.results - Extracted JDBC value [2] - [2025-05-09]
13:10:15.297 [main] DEBUG org.hibernate.orm.results - Extracted JDBC value [3] - [2025-05-23]
13:10:15.297 [main] DEBUG org.hibernate.orm.results - Extracted JDBC value [4] - [Test Base Update Project]
13:10:15.297 [main] DEBUG org.hibernate.orm.results - Extracted JDBC value [5] - [2025-04-11]
13:10:15.298 [main] DEBUG org.hibernate.orm.results.loading.entity - (EntityResultInitializer) Done materializing entityInstance : org.frcpm.models.Project#3
13:10:15.298 [main] DEBUG org.hibernate.orm.results.loading - Calling top-level assembler (0 / 1) : org.hibernate.sql.results.graph.entity.internal.EntityAssembler@6092de45
13:10:15.298 [main] DEBUG org.hibernate.sql.results.internal.ResultsHelper - Collection fully initialized: [org.frcpm.models.Project.meetings#3]
13:10:15.298 [main] DEBUG org.hibernate.orm.sql.exec - Skipping reading Query result cache data: cache-enabled = false, cache-mode = IGNORE
13:10:15.298 [main] DEBUG org.hibernate.orm.results - Initializer list:
	  org.frcpm.models.Project.tasks.{element}.assignedTo -> DelayedCollectionInitializer(org.frcpm.models.Project.tasks.{element}.assignedTo)@1571313239 (PluralAttribute(org.frcpm.models.Task.assignedTo))
	  org.frcpm.models.Project.tasks.{element}.postDependencies -> DelayedCollectionInitializer(org.frcpm.models.Project.tasks.{element}.postDependencies)@625708003 (PluralAttribute(org.frcpm.models.Task.postDependencies))
	  org.frcpm.models.Project.tasks.{element} -> EntityJoinedFetchInitializer(org.frcpm.models.Project.tasks.{element})@1283685347 (EntityCollectionPart(org.frcpm.models.Project.tasks#{element})@982906048)
	  org.frcpm.models.Project.tasks.{element}.requiredComponents -> DelayedCollectionInitializer(org.frcpm.models.Project.tasks.{element}.requiredComponents)@630200107 (PluralAttribute(org.frcpm.models.Task.requiredComponents))
	  org.frcpm.models.Project.tasks.{element}.project -> EntityDelayedFetchInitializer(org.frcpm.models.Project.tasks.{element}.project)@1560118505 (ToOneAttributeMapping(NavigableRole[org.frcpm.models.Task.project])@192323830)
	  org.frcpm.models.Project.tasks.{element}.subsystem -> EntityDelayedFetchInitializer(org.frcpm.models.Project.tasks.{element}.subsystem)@508585644 (ToOneAttributeMapping(NavigableRole[org.frcpm.models.Task.subsystem])@995885826)
	  org.frcpm.models.Project.tasks.{element}.preDependencies -> DelayedCollectionInitializer(org.frcpm.models.Project.tasks.{element}.preDependencies)@196481612 (PluralAttribute(org.frcpm.models.Task.preDependencies))
	  org.frcpm.models.Project.tasks -> BagInitializer(org.frcpm.models.Project.tasks)@897151708 (PluralAttribute(org.frcpm.models.Project.tasks))

13:10:15.298 [main] DEBUG org.hibernate.SQL - 
    select
        t1_0.project_id,
        t1_0.id,
        t1_0.actual_duration_seconds,
        t1_0.completed,
        t1_0.description,
        t1_0.end_date,
        t1_0.estimated_duration_seconds,
        t1_0.priority,
        t1_0.progress,
        t1_0.start_date,
        t1_0.subsystem_id,
        t1_0.title 
    from
        tasks t1_0 
    where
        t1_0.project_id=?
Hibernate: 
    select
        t1_0.project_id,
        t1_0.id,
        t1_0.actual_duration_seconds,
        t1_0.completed,
        t1_0.description,
        t1_0.end_date,
        t1_0.estimated_duration_seconds,
        t1_0.priority,
        t1_0.progress,
        t1_0.start_date,
        t1_0.subsystem_id,
        t1_0.title 
    from
        tasks t1_0 
    where
        t1_0.project_id=?
13:10:15.299 [main] DEBUG org.hibernate.sql.results.internal.ResultsHelper - Collection fully initialized: [org.frcpm.models.Project.tasks#3]
13:10:15.299 [main] DEBUG org.hibernate.orm.sql.exec - Skipping reading Query result cache data: cache-enabled = false, cache-mode = IGNORE
13:10:15.300 [main] DEBUG org.hibernate.orm.results - Initializer list:
	  org.frcpm.models.Project.milestones.{element}.project -> EntityDelayedFetchInitializer(org.frcpm.models.Project.milestones.{element}.project)@1216421253 (ToOneAttributeMapping(NavigableRole[org.frcpm.models.Milestone.project])@907045339)
	  org.frcpm.models.Project.milestones.{element} -> EntityJoinedFetchInitializer(org.frcpm.models.Project.milestones.{element})@378478351 (EntityCollectionPart(org.frcpm.models.Project.milestones#{element})@389953683)
	  org.frcpm.models.Project.milestones -> BagInitializer(org.frcpm.models.Project.milestones)@1460888260 (PluralAttribute(org.frcpm.models.Project.milestones))

13:10:15.300 [main] DEBUG org.hibernate.SQL - 
    select
        m1_0.project_id,
        m1_0.id,
        m1_0.date,
        m1_0.description,
        m1_0.name 
    from
        milestones m1_0 
    where
        m1_0.project_id=?
Hibernate: 
    select
        m1_0.project_id,
        m1_0.id,
        m1_0.date,
        m1_0.description,
        m1_0.name 
    from
        milestones m1_0 
    where
        m1_0.project_id=?
13:10:15.301 [main] DEBUG org.hibernate.sql.results.internal.ResultsHelper - Collection fully initialized: [org.frcpm.models.Project.milestones#3]
13:10:15.301 [main] DEBUG org.hibernate.engine.spi.CollectionEntry - Reset storedSnapshot to [] for CollectionEntry[org.frcpm.models.Project.meetings#3]
13:10:15.301 [main] DEBUG org.hibernate.engine.spi.CollectionEntry - Reset storedSnapshot to [] for CollectionEntry[org.frcpm.models.Project.milestones#3]
13:10:15.301 [main] DEBUG org.hibernate.engine.spi.CollectionEntry - Reset storedSnapshot to [] for CollectionEntry[org.frcpm.models.Project.tasks#3]
13:10:15.302 [main] DEBUG org.hibernate.event.internal.AbstractFlushingEventListener - Processing flush-time cascades
13:10:15.302 [main] DEBUG org.hibernate.event.internal.AbstractFlushingEventListener - Dirty checking collections
13:10:15.305 [main] DEBUG org.hibernate.engine.internal.Collections - Collection found: [org.frcpm.models.Project.meetings#3], was: [org.frcpm.models.Project.meetings#3] (initialized)
13:10:15.305 [main] DEBUG org.hibernate.engine.internal.Collections - Collection found: [org.frcpm.models.Project.milestones#3], was: [org.frcpm.models.Project.milestones#3] (initialized)
13:10:15.305 [main] DEBUG org.hibernate.engine.internal.Collections - Collection found: [org.frcpm.models.Project.tasks#3], was: [org.frcpm.models.Project.tasks#3] (initialized)
13:10:15.305 [main] DEBUG org.hibernate.event.internal.AbstractFlushingEventListener - Flushed: 0 insertions, 1 updates, 0 deletions to 1 objects
13:10:15.305 [main] DEBUG org.hibernate.event.internal.AbstractFlushingEventListener - Flushed: 0 (re)creations, 0 updates, 0 removals to 3 collections
13:10:15.305 [main] DEBUG org.hibernate.internal.util.EntityPrinter - Listing entities:
13:10:15.305 [main] DEBUG org.hibernate.internal.util.EntityPrinter - org.frcpm.models.Project{hardDeadline=2025-05-23, name=Updated Base Project Name, description=null, meetings=[], id=3, goalEndDate=2025-05-09, milestones=[], startDate=2025-04-11, tasks=[]}
13:10:15.313 [main] DEBUG org.hibernate.SQL - 
    /* update
        for org.frcpm.models.Project */update projects 
    set
        description=?,
        goal_end_date=?,
        hard_deadline=?,
        name=?,
        start_date=? 
    where
        id=?
Hibernate: 
    /* update
        for org.frcpm.models.Project */update projects 
    set
        description=?,
        goal_end_date=?,
        hard_deadline=?,
        name=?,
        start_date=? 
    where
        id=?
13:10:15.316 [main] DEBUG org.hibernate.orm.jdbc.batch - PreparedStatementDetails did not contain PreparedStatement on #releaseStatements : /* update for org.frcpm.models.Project */update projects set description=?,goal_end_date=?,hard_deadline=?,name=?,start_date=? where id=?
13:10:15.316 [main] DEBUG org.hibernate.engine.transaction.internal.TransactionImpl - committing
13:10:15.316 [main] DEBUG org.hibernate.event.internal.AbstractFlushingEventListener - Processing flush-time cascades
13:10:15.318 [main] DEBUG org.hibernate.event.internal.AbstractFlushingEventListener - Dirty checking collections
13:10:15.318 [main] DEBUG org.hibernate.engine.internal.Collections - Collection found: [org.frcpm.models.Project.meetings#3], was: [org.frcpm.models.Project.meetings#3] (initialized)
13:10:15.318 [main] DEBUG org.hibernate.engine.internal.Collections - Collection found: [org.frcpm.models.Project.milestones#3], was: [org.frcpm.models.Project.milestones#3] (initialized)
13:10:15.318 [main] DEBUG org.hibernate.engine.internal.Collections - Collection found: [org.frcpm.models.Project.tasks#3], was: [org.frcpm.models.Project.tasks#3] (initialized)
13:10:15.318 [main] DEBUG org.hibernate.event.internal.AbstractFlushingEventListener - Flushed: 0 insertions, 0 updates, 0 deletions to 1 objects
13:10:15.318 [main] DEBUG org.hibernate.event.internal.AbstractFlushingEventListener - Flushed: 0 (re)creations, 0 updates, 0 removals to 3 collections
13:10:15.318 [main] DEBUG org.hibernate.internal.util.EntityPrinter - Listing entities:
13:10:15.319 [main] DEBUG org.hibernate.internal.util.EntityPrinter - org.frcpm.models.Project{hardDeadline=2025-05-23, name=Updated Base Project Name, description=null, meetings=[], id=3, goalEndDate=2025-05-09, milestones=[], startDate=2025-04-11, tasks=[]}
13:10:15.319 [main] DEBUG org.hibernate.orm.jdbc.batch - PreparedStatementDetails did not contain PreparedStatement on #releaseStatements : /* update for org.frcpm.models.Project */update projects set description=?,goal_end_date=?,hard_deadline=?,name=?,start_date=? where id=?
13:10:15.319 [main] DEBUG org.hibernate.resource.jdbc.internal.LogicalConnectionManagedImpl - Initiating JDBC connection release from afterTransaction
13:10:15.319 [main] DEBUG org.hibernate.orm.jdbc.batch - PreparedStatementDetails did not contain PreparedStatement on #releaseStatements : /* update for org.frcpm.models.Project */update projects set description=?,goal_end_date=?,hard_deadline=?,name=?,start_date=? where id=?
13:10:15.319 [main] DEBUG org.hibernate.orm.jdbc.batch - PreparedStatementDetails did not contain PreparedStatement on #releaseStatements : /* update for org.frcpm.models.Project */update projects set description=?,goal_end_date=?,hard_deadline=?,name=?,start_date=? where id=?
13:10:15.319 [main] DEBUG org.hibernate.resource.jdbc.internal.LogicalConnectionManagedImpl - Initiating JDBC connection release from afterTransaction
13:10:15.320 [main] DEBUG org.hibernate.engine.jdbc.internal.JdbcCoordinatorImpl - HHH000420: Closing un-released batch
13:10:15.320 [main] DEBUG org.hibernate.orm.jdbc.batch - PreparedStatementDetails did not contain PreparedStatement on #releaseStatements : /* update for org.frcpm.models.Project */update projects set description=?,goal_end_date=?,hard_deadline=?,name=?,start_date=? where id=?
13:10:15.320 [main] DEBUG org.hibernate.orm.jdbc.batch - PreparedStatementDetails did not contain PreparedStatement on #releaseStatements : /* update for org.frcpm.models.Project */update projects set description=?,goal_end_date=?,hard_deadline=?,name=?,start_date=? where id=?
13:10:15.320 [main] DEBUG org.hibernate.orm.sql.exec - Skipping reading Query result cache data: cache-enabled = false, cache-mode = IGNORE
13:10:15.320 [main] DEBUG org.hibernate.orm.results - Initializer list:
	  org.frcpm.models.Project.meetings -> DelayedCollectionInitializer(org.frcpm.models.Project.meetings)@366580387 (PluralAttribute(org.frcpm.models.Project.meetings))
	  org.frcpm.models.Project.tasks -> DelayedCollectionInitializer(org.frcpm.models.Project.tasks)@1017298527 (PluralAttribute(org.frcpm.models.Project.tasks))
	  org.frcpm.models.Project -> EntityResultInitializer(org.frcpm.models.Project)@23755370 (SingleTableEntityPersister(org.frcpm.models.Project))
	  org.frcpm.models.Project.milestones -> DelayedCollectionInitializer(org.frcpm.models.Project.milestones)@1583973952 (PluralAttribute(org.frcpm.models.Project.milestones))

13:10:15.320 [main] DEBUG org.hibernate.SQL - 
    select
        p1_0.id,
        p1_0.description,
        p1_0.goal_end_date,
        p1_0.hard_deadline,
        p1_0.name,
        p1_0.start_date 
    from
        projects p1_0 
    where
        p1_0.id=?
Hibernate: 
    select
        p1_0.id,
        p1_0.description,
        p1_0.goal_end_date,
        p1_0.hard_deadline,
        p1_0.name,
        p1_0.start_date 
    from
        projects p1_0 
    where
        p1_0.id=?
13:10:15.321 [main] DEBUG org.hibernate.orm.results.loading.entity - (EntityResultInitializer) Hydrated EntityKey (org.frcpm.models.Project): 3
13:10:15.321 [main] DEBUG org.hibernate.orm.results.loading.org.hibernate.orm.results.loading.collection - (DelayedCollectionInitializer) Current row collection key : org.frcpm.models.Project.meetings#3
13:10:15.321 [main] DEBUG org.hibernate.orm.results.loading.org.hibernate.orm.results.loading.collection - (DelayedCollectionInitializer) Current row collection key : org.frcpm.models.Project.milestones#3
13:10:15.321 [main] DEBUG org.hibernate.orm.results.loading.org.hibernate.orm.results.loading.collection - (DelayedCollectionInitializer) Current row collection key : org.frcpm.models.Project.tasks#3
13:10:15.321 [main] DEBUG org.hibernate.orm.results.loading.entity - (EntityResultInitializer) Created new entity instance [org.frcpm.models.Project#3] : 2087640018
13:10:15.321 [main] DEBUG org.hibernate.orm.results - Extracted JDBC value [1] - [null]
13:10:15.321 [main] DEBUG org.hibernate.orm.results - Extracted JDBC value [2] - [2025-05-09]
13:10:15.321 [main] DEBUG org.hibernate.orm.results - Extracted JDBC value [3] - [2025-05-23]
13:10:15.321 [main] DEBUG org.hibernate.orm.results - Extracted JDBC value [4] - [Updated Base Project Name]
13:10:15.321 [main] DEBUG org.hibernate.orm.results - Extracted JDBC value [5] - [2025-04-11]
13:10:15.322 [main] DEBUG org.hibernate.orm.results.loading.entity - (EntityResultInitializer) Done materializing entityInstance : org.frcpm.models.Project#3
13:10:15.322 [main] DEBUG org.hibernate.orm.results.loading - Calling top-level assembler (0 / 1) : org.hibernate.sql.results.graph.entity.internal.EntityAssembler@5b20719
13:10:15.322 [main] DEBUG org.hibernate.resource.jdbc.internal.LogicalConnectionManagedImpl - Initiating JDBC connection release from afterTransaction
13:10:15.323 [main] DEBUG org.hibernate.orm.sql.ast.create - Created new SQL alias : p1_0
13:10:15.323 [main] DEBUG org.hibernate.orm.sql.ast.create - Registration of TableGroup [StandardTableGroup(org.frcpm.models.Project(22704539975700))] with identifierForTableGroup [org.frcpm.models.Project] for NavigablePath [org.frcpm.models.Project] 
13:10:15.323 [main] DEBUG org.hibernate.orm.results.graph.AST - DomainResult Graph:
 \-EntityResultImpl [org.frcpm.models.Project(22704539975700)]
 |  +-BasicFetch [org.frcpm.models.Project(22704539975700).description]
 |  +-BasicFetch [org.frcpm.models.Project(22704539975700).goalEndDate]
 |  +-BasicFetch [org.frcpm.models.Project(22704539975700).hardDeadline]
 |  +-DelayedCollectionFetch [org.frcpm.models.Project(22704539975700).meetings]
 |  +-DelayedCollectionFetch [org.frcpm.models.Project(22704539975700).milestones]
 |  +-BasicFetch [org.frcpm.models.Project(22704539975700).name]
 |  +-BasicFetch [org.frcpm.models.Project(22704539975700).startDate]
 |  \-DelayedCollectionFetch [org.frcpm.models.Project(22704539975700).tasks]

13:10:15.323 [main] DEBUG org.hibernate.orm.sql.ast.tree - SQL AST Tree:
    SelectStatement {
      FromClause {
        StandardTableGroup (p1 : org.frcpm.models.Project(22704539975700)) {
          primaryTableReference : projects as p1_0
        }
      }
    }

13:10:15.324 [main] DEBUG org.hibernate.orm.sql.exec - Skipping reading Query result cache data: cache-enabled = false, cache-mode = NORMAL
13:10:15.324 [main] DEBUG org.hibernate.orm.results - Initializer list:
	  org.frcpm.models.Project(22704539975700).meetings -> DelayedCollectionInitializer(org.frcpm.models.Project(22704539975700).meetings)@838025736 (PluralAttribute(org.frcpm.models.Project.meetings))
	  org.frcpm.models.Project(22704539975700).milestones -> DelayedCollectionInitializer(org.frcpm.models.Project(22704539975700).milestones)@471962962 (PluralAttribute(org.frcpm.models.Project.milestones))
	  org.frcpm.models.Project(22704539975700).tasks -> DelayedCollectionInitializer(org.frcpm.models.Project(22704539975700).tasks)@565880913 (PluralAttribute(org.frcpm.models.Project.tasks))
	  org.frcpm.models.Project(22704539975700) -> EntityResultInitializer(org.frcpm.models.Project(22704539975700))@1936849335 (SingleTableEntityPersister(org.frcpm.models.Project))

13:10:15.324 [main] DEBUG org.hibernate.SQL - 
    /* <criteria> */ select
        p1_0.id,
        p1_0.description,
        p1_0.goal_end_date,
        p1_0.hard_deadline,
        p1_0.name,
        p1_0.start_date 
    from
        projects p1_0
Hibernate: 
    /* <criteria> */ select
        p1_0.id,
        p1_0.description,
        p1_0.goal_end_date,
        p1_0.hard_deadline,
        p1_0.name,
        p1_0.start_date 
    from
        projects p1_0
13:10:15.325 [main] DEBUG org.hibernate.orm.results - Extracted JDBC value [0] - [1]
13:10:15.325 [main] DEBUG org.hibernate.orm.results.loading.entity - (EntityResultInitializer) Hydrated EntityKey (org.frcpm.models.Project(22704539975700)): 1
13:10:15.325 [main] DEBUG org.hibernate.orm.results.loading.org.hibernate.orm.results.loading.collection - (DelayedCollectionInitializer) Current row collection key : org.frcpm.models.Project(22704539975700).meetings#1
13:10:15.325 [main] DEBUG org.hibernate.orm.results.loading.org.hibernate.orm.results.loading.collection - (DelayedCollectionInitializer) Current row collection key : org.frcpm.models.Project(22704539975700).milestones#1
13:10:15.325 [main] DEBUG org.hibernate.orm.results.loading.org.hibernate.orm.results.loading.collection - (DelayedCollectionInitializer) Current row collection key : org.frcpm.models.Project(22704539975700).tasks#1
13:10:15.325 [main] DEBUG org.hibernate.orm.results.loading.entity - (EntityResultInitializer) Created new entity instance [org.frcpm.models.Project(22704539975700)#1] : 1018053350
13:10:15.325 [main] DEBUG org.hibernate.orm.results - Extracted JDBC value [1] - [null]
13:10:15.325 [main] DEBUG org.hibernate.orm.results - Extracted JDBC value [2] - [2025-05-23]
13:10:15.325 [main] DEBUG org.hibernate.orm.results - Extracted JDBC value [3] - [2025-06-06]
13:10:15.325 [main] DEBUG org.hibernate.orm.results - Extracted JDBC value [4] - [Test Base Project 1]
13:10:15.325 [main] DEBUG org.hibernate.orm.results - Extracted JDBC value [5] - [2025-04-11]
13:10:15.325 [main] DEBUG org.hibernate.orm.results.loading.entity - (EntityResultInitializer) Done materializing entityInstance : org.frcpm.models.Project(22704539975700)#1
13:10:15.325 [main] DEBUG org.hibernate.orm.results.loading - Calling top-level assembler (0 / 1) : org.hibernate.sql.results.graph.entity.internal.EntityAssembler@42e454c5
13:10:15.325 [main] DEBUG org.hibernate.orm.results - Extracted JDBC value [0] - [2]
13:10:15.325 [main] DEBUG org.hibernate.orm.results.loading.entity - (EntityResultInitializer) Hydrated EntityKey (org.frcpm.models.Project(22704539975700)): 2
13:10:15.325 [main] DEBUG org.hibernate.orm.results.loading.org.hibernate.orm.results.loading.collection - (DelayedCollectionInitializer) Current row collection key : org.frcpm.models.Project(22704539975700).meetings#2
13:10:15.325 [main] DEBUG org.hibernate.orm.results.loading.org.hibernate.orm.results.loading.collection - (DelayedCollectionInitializer) Current row collection key : org.frcpm.models.Project(22704539975700).milestones#2
13:10:15.325 [main] DEBUG org.hibernate.orm.results.loading.org.hibernate.orm.results.loading.collection - (DelayedCollectionInitializer) Current row collection key : org.frcpm.models.Project(22704539975700).tasks#2
13:10:15.325 [main] DEBUG org.hibernate.orm.results.loading.entity - (EntityResultInitializer) Created new entity instance [org.frcpm.models.Project(22704539975700)#2] : 2004608652
13:10:15.325 [main] DEBUG org.hibernate.orm.results - Extracted JDBC value [1] - [null]
13:10:15.325 [main] DEBUG org.hibernate.orm.results - Extracted JDBC value [2] - [2025-06-06]
13:10:15.325 [main] DEBUG org.hibernate.orm.results - Extracted JDBC value [3] - [2025-06-20]
13:10:15.325 [main] DEBUG org.hibernate.orm.results - Extracted JDBC value [4] - [Test Base Project 2]
13:10:15.325 [main] DEBUG org.hibernate.orm.results - Extracted JDBC value [5] - [2025-04-18]
13:10:15.325 [main] DEBUG org.hibernate.orm.results.loading.entity - (EntityResultInitializer) Done materializing entityInstance : org.frcpm.models.Project(22704539975700)#2
13:10:15.326 [main] DEBUG org.hibernate.orm.results.loading - Calling top-level assembler (0 / 1) : org.hibernate.sql.results.graph.entity.internal.EntityAssembler@42e454c5
13:10:15.326 [main] DEBUG org.hibernate.orm.results - Extracted JDBC value [0] - [3]
13:10:15.326 [main] DEBUG org.hibernate.orm.results.loading.entity - (EntityResultInitializer) Hydrated EntityKey (org.frcpm.models.Project(22704539975700)): 3
13:10:15.326 [main] DEBUG org.hibernate.orm.results.loading.org.hibernate.orm.results.loading.collection - (DelayedCollectionInitializer) Current row collection key : org.frcpm.models.Project(22704539975700).meetings#3
13:10:15.326 [main] DEBUG org.hibernate.orm.results.loading.org.hibernate.orm.results.loading.collection - (DelayedCollectionInitializer) Current row collection key : org.frcpm.models.Project(22704539975700).milestones#3
13:10:15.326 [main] DEBUG org.hibernate.orm.results.loading.org.hibernate.orm.results.loading.collection - (DelayedCollectionInitializer) Current row collection key : org.frcpm.models.Project(22704539975700).tasks#3
13:10:15.326 [main] DEBUG org.hibernate.orm.results.loading.entity - (EntityResultInitializer) Created new entity instance [org.frcpm.models.Project(22704539975700)#3] : 1919484678
13:10:15.326 [main] DEBUG org.hibernate.orm.results - Extracted JDBC value [1] - [null]
13:10:15.326 [main] DEBUG org.hibernate.orm.results - Extracted JDBC value [2] - [2025-05-09]
13:10:15.326 [main] DEBUG org.hibernate.orm.results - Extracted JDBC value [3] - [2025-05-23]
13:10:15.326 [main] DEBUG org.hibernate.orm.results - Extracted JDBC value [4] - [Updated Base Project Name]
13:10:15.326 [main] DEBUG org.hibernate.orm.results - Extracted JDBC value [5] - [2025-04-11]
13:10:15.326 [main] DEBUG org.hibernate.orm.results.loading.entity - (EntityResultInitializer) Done materializing entityInstance : org.frcpm.models.Project(22704539975700)#3
13:10:15.326 [main] DEBUG org.hibernate.orm.results.loading - Calling top-level assembler (0 / 1) : org.hibernate.sql.results.graph.entity.internal.EntityAssembler@42e454c5
13:10:15.326 [main] DEBUG org.hibernate.resource.jdbc.internal.LogicalConnectionManagedImpl - Initiating JDBC connection release from afterTransaction
13:10:15.326 [main] DEBUG org.hibernate.resource.jdbc.internal.LogicalConnectionManagedImpl - Initiating JDBC connection release from afterTransaction
13:10:15.327 [main] DEBUG org.hibernate.engine.transaction.internal.TransactionImpl - On TransactionImpl creation, JpaCompliance#isJpaTransactionComplianceEnabled == false
13:10:15.327 [main] DEBUG org.hibernate.engine.transaction.internal.TransactionImpl - begin
13:10:15.327 [main] DEBUG org.hibernate.orm.sql.exec - Skipping reading Query result cache data: cache-enabled = false, cache-mode = IGNORE
13:10:15.327 [main] DEBUG org.hibernate.orm.results - Initializer list:
	  org.frcpm.models.Project.meetings -> BagInitializer(org.frcpm.models.Project.meetings)@1542726275 (PluralAttribute(org.frcpm.models.Project.meetings))
	  org.frcpm.models.Project.tasks -> SelectEagerCollectionInitializer(org.frcpm.models.Project.tasks)@1363497260 (PluralAttribute(org.frcpm.models.Project.tasks))
	  org.frcpm.models.Project.meetings.{element} -> EntityJoinedFetchInitializer(org.frcpm.models.Project.meetings.{element})@577239715 (EntityCollectionPart(org.frcpm.models.Project.meetings#{element})@1700890775)
	  org.frcpm.models.Project.meetings.{element}.attendances -> SelectEagerCollectionInitializer(org.frcpm.models.Project.meetings.{element}.attendances)@942035210 (PluralAttribute(org.frcpm.models.Meeting.attendances))
	  org.frcpm.models.Project -> EntityResultInitializer(org.frcpm.models.Project)@1111264439 (SingleTableEntityPersister(org.frcpm.models.Project))
	  org.frcpm.models.Project.milestones -> SelectEagerCollectionInitializer(org.frcpm.models.Project.milestones)@965437933 (PluralAttribute(org.frcpm.models.Project.milestones))

13:10:15.327 [main] DEBUG org.hibernate.SQL - 
    select
        p1_0.id,
        p1_0.description,
        p1_0.goal_end_date,
        p1_0.hard_deadline,
        p1_0.name,
        p1_0.start_date,
        m1_0.project_id,
        m1_0.id,
        m1_0.date,
        m1_0.end_time,
        m1_0.notes,
        m1_0.start_time 
    from
        projects p1_0 
    left join
        meetings m1_0 
            on p1_0.id=m1_0.project_id 
    where
        p1_0.id=?
Hibernate: 
    select
        p1_0.id,
        p1_0.description,
        p1_0.goal_end_date,
        p1_0.hard_deadline,
        p1_0.name,
        p1_0.start_date,
        m1_0.project_id,
        m1_0.id,
        m1_0.date,
        m1_0.end_time,
        m1_0.notes,
        m1_0.start_time 
    from
        projects p1_0 
    left join
        meetings m1_0 
            on p1_0.id=m1_0.project_id 
    where
        p1_0.id=?
13:10:15.327 [main] DEBUG org.hibernate.orm.results.loading.entity - (EntityResultInitializer) Hydrated EntityKey (org.frcpm.models.Project): 1
13:10:15.328 [main] DEBUG org.hibernate.orm.results.loading.org.hibernate.orm.results.loading.collection - (BagInitializer) Current row collection key : org.frcpm.models.Project.meetings#1
13:10:15.328 [main] DEBUG org.hibernate.orm.results - Extracted JDBC value [6] - [null]
13:10:15.328 [main] DEBUG org.hibernate.orm.results - Extracted JDBC value [7] - [null]
13:10:15.328 [main] DEBUG org.hibernate.orm.results.loading.entity - (EntityJoinedFetchInitializer) EntityKey (org.frcpm.models.Project.meetings.{element}) is null
13:10:15.328 [main] DEBUG org.hibernate.orm.results.loading.org.hibernate.orm.results.loading.collection - (SelectEagerCollectionInitializer) Current row collection key : org.frcpm.models.Project.milestones#1
13:10:15.328 [main] DEBUG org.hibernate.orm.results.loading.org.hibernate.orm.results.loading.collection - (SelectEagerCollectionInitializer) Current row collection key : org.frcpm.models.Project.tasks#1
13:10:15.328 [main] DEBUG org.hibernate.orm.results.loading.entity - (EntityResultInitializer) Created new entity instance [org.frcpm.models.Project#1] : 142601537
13:10:15.328 [main] DEBUG org.hibernate.orm.results.loading.org.hibernate.orm.results.loading.collection - (BagInitializer) Created new collection wrapper [org.frcpm.models.Project.meetings#1] : org.hibernate.collection.spi.PersistentBag@1784228258
13:10:15.328 [main] DEBUG org.hibernate.orm.results.loading.org.hibernate.orm.results.loading.collection - (BagInitializer) Responsible for loading collection [org.frcpm.models.Project.meetings#1] : org.hibernate.collection.spi.PersistentBag@1784228258
13:10:15.328 [main] DEBUG org.hibernate.orm.results - Extracted JDBC value [1] - [null]
13:10:15.328 [main] DEBUG org.hibernate.orm.results - Extracted JDBC value [2] - [2025-05-23]
13:10:15.328 [main] DEBUG org.hibernate.orm.results - Extracted JDBC value [3] - [2025-06-06]
13:10:15.328 [main] DEBUG org.hibernate.orm.results - Extracted JDBC value [4] - [Test Base Project 1]
13:10:15.328 [main] DEBUG org.hibernate.orm.results - Extracted JDBC value [5] - [2025-04-11]
13:10:15.328 [main] DEBUG org.hibernate.orm.results.loading.entity - (EntityResultInitializer) Done materializing entityInstance : org.frcpm.models.Project#1
13:10:15.328 [main] DEBUG org.hibernate.orm.results.loading - Calling top-level assembler (0 / 1) : org.hibernate.sql.results.graph.entity.internal.EntityAssembler@326c6ac1
13:10:15.328 [main] DEBUG org.hibernate.sql.results.internal.ResultsHelper - Collection fully initialized: [org.frcpm.models.Project.meetings#1]
13:10:15.328 [main] DEBUG org.hibernate.orm.sql.exec - Skipping reading Query result cache data: cache-enabled = false, cache-mode = IGNORE
13:10:15.328 [main] DEBUG org.hibernate.orm.results - Initializer list:
	  org.frcpm.models.Project.tasks.{element}.assignedTo -> DelayedCollectionInitializer(org.frcpm.models.Project.tasks.{element}.assignedTo)@291193111 (PluralAttribute(org.frcpm.models.Task.assignedTo))
	  org.frcpm.models.Project.tasks.{element}.postDependencies -> DelayedCollectionInitializer(org.frcpm.models.Project.tasks.{element}.postDependencies)@525101116 (PluralAttribute(org.frcpm.models.Task.postDependencies))
	  org.frcpm.models.Project.tasks.{element} -> EntityJoinedFetchInitializer(org.frcpm.models.Project.tasks.{element})@778420515 (EntityCollectionPart(org.frcpm.models.Project.tasks#{element})@982906048)
	  org.frcpm.models.Project.tasks.{element}.requiredComponents -> DelayedCollectionInitializer(org.frcpm.models.Project.tasks.{element}.requiredComponents)@2131663948 (PluralAttribute(org.frcpm.models.Task.requiredComponents))
	  org.frcpm.models.Project.tasks.{element}.project -> EntityDelayedFetchInitializer(org.frcpm.models.Project.tasks.{element}.project)@882260291 (ToOneAttributeMapping(NavigableRole[org.frcpm.models.Task.project])@192323830)
	  org.frcpm.models.Project.tasks.{element}.subsystem -> EntityDelayedFetchInitializer(org.frcpm.models.Project.tasks.{element}.subsystem)@1214753381 (ToOneAttributeMapping(NavigableRole[org.frcpm.models.Task.subsystem])@995885826)
	  org.frcpm.models.Project.tasks.{element}.preDependencies -> DelayedCollectionInitializer(org.frcpm.models.Project.tasks.{element}.preDependencies)@1208686227 (PluralAttribute(org.frcpm.models.Task.preDependencies))
	  org.frcpm.models.Project.tasks -> BagInitializer(org.frcpm.models.Project.tasks)@1139543842 (PluralAttribute(org.frcpm.models.Project.tasks))

13:10:15.328 [main] DEBUG org.hibernate.SQL - 
    select
        t1_0.project_id,
        t1_0.id,
        t1_0.actual_duration_seconds,
        t1_0.completed,
        t1_0.description,
        t1_0.end_date,
        t1_0.estimated_duration_seconds,
        t1_0.priority,
        t1_0.progress,
        t1_0.start_date,
        t1_0.subsystem_id,
        t1_0.title 
    from
        tasks t1_0 
    where
        t1_0.project_id=?
Hibernate: 
    select
        t1_0.project_id,
        t1_0.id,
        t1_0.actual_duration_seconds,
        t1_0.completed,
        t1_0.description,
        t1_0.end_date,
        t1_0.estimated_duration_seconds,
        t1_0.priority,
        t1_0.progress,
        t1_0.start_date,
        t1_0.subsystem_id,
        t1_0.title 
    from
        tasks t1_0 
    where
        t1_0.project_id=?
13:10:15.328 [main] DEBUG org.hibernate.sql.results.internal.ResultsHelper - Collection fully initialized: [org.frcpm.models.Project.tasks#1]
13:10:15.328 [main] DEBUG org.hibernate.orm.sql.exec - Skipping reading Query result cache data: cache-enabled = false, cache-mode = IGNORE
13:10:15.329 [main] DEBUG org.hibernate.orm.results - Initializer list:
	  org.frcpm.models.Project.milestones.{element}.project -> EntityDelayedFetchInitializer(org.frcpm.models.Project.milestones.{element}.project)@593228655 (ToOneAttributeMapping(NavigableRole[org.frcpm.models.Milestone.project])@907045339)
	  org.frcpm.models.Project.milestones.{element} -> EntityJoinedFetchInitializer(org.frcpm.models.Project.milestones.{element})@15564089 (EntityCollectionPart(org.frcpm.models.Project.milestones#{element})@389953683)
	  org.frcpm.models.Project.milestones -> BagInitializer(org.frcpm.models.Project.milestones)@1835305867 (PluralAttribute(org.frcpm.models.Project.milestones))

13:10:15.329 [main] DEBUG org.hibernate.SQL - 
    select
        m1_0.project_id,
        m1_0.id,
        m1_0.date,
        m1_0.description,
        m1_0.name 
    from
        milestones m1_0 
    where
        m1_0.project_id=?
Hibernate: 
    select
        m1_0.project_id,
        m1_0.id,
        m1_0.date,
        m1_0.description,
        m1_0.name 
    from
        milestones m1_0 
    where
        m1_0.project_id=?
13:10:15.329 [main] DEBUG org.hibernate.sql.results.internal.ResultsHelper - Collection fully initialized: [org.frcpm.models.Project.milestones#1]
13:10:15.329 [main] DEBUG org.hibernate.engine.transaction.internal.TransactionImpl - committing
13:10:15.329 [main] DEBUG org.hibernate.event.internal.AbstractFlushingEventListener - Processing flush-time cascades
13:10:15.329 [main] DEBUG org.hibernate.event.internal.AbstractFlushingEventListener - Dirty checking collections
13:10:15.329 [main] DEBUG org.hibernate.engine.internal.Collections - Collection dereferenced: [org.frcpm.models.Project.meetings#1]
13:10:15.329 [main] DEBUG org.hibernate.engine.internal.Collections - Collection dereferenced: [org.frcpm.models.Project.milestones#1]
13:10:15.329 [main] DEBUG org.hibernate.engine.internal.Collections - Collection dereferenced: [org.frcpm.models.Project.tasks#1]
13:10:15.329 [main] DEBUG org.hibernate.event.internal.AbstractFlushingEventListener - Flushed: 0 insertions, 0 updates, 1 deletions to 1 objects
13:10:15.329 [main] DEBUG org.hibernate.event.internal.AbstractFlushingEventListener - Flushed: 0 (re)creations, 0 updates, 3 removals to 3 collections
13:10:15.329 [main] DEBUG org.hibernate.internal.util.EntityPrinter - Listing entities:
13:10:15.329 [main] DEBUG org.hibernate.internal.util.EntityPrinter - org.frcpm.models.Project{hardDeadline=2025-06-06, name=Test Base Project 1, description=null, meetings=[], id=1, goalEndDate=2025-05-23, milestones=[], startDate=2025-04-11, tasks=[]}
13:10:15.329 [main] DEBUG org.hibernate.SQL - 
    /* delete for org.frcpm.models.Project */delete 
    from
        projects 
    where
        id=?
Hibernate: 
    /* delete for org.frcpm.models.Project */delete 
    from
        projects 
    where
        id=?
13:10:15.330 [main] DEBUG org.hibernate.orm.jdbc.batch - PreparedStatementDetails did not contain PreparedStatement on #releaseStatements : /* delete for org.frcpm.models.Project */delete from projects where id=?
13:10:15.330 [main] DEBUG org.hibernate.orm.jdbc.batch - PreparedStatementDetails did not contain PreparedStatement on #releaseStatements : /* delete for org.frcpm.models.Project */delete from projects where id=?
13:10:15.330 [main] DEBUG org.hibernate.resource.jdbc.internal.LogicalConnectionManagedImpl - Initiating JDBC connection release from afterTransaction
13:10:15.330 [main] DEBUG org.hibernate.orm.jdbc.batch - PreparedStatementDetails did not contain PreparedStatement on #releaseStatements : /* delete for org.frcpm.models.Project */delete from projects where id=?
13:10:15.330 [main] DEBUG org.hibernate.orm.jdbc.batch - PreparedStatementDetails did not contain PreparedStatement on #releaseStatements : /* delete for org.frcpm.models.Project */delete from projects where id=?
13:10:15.330 [main] DEBUG org.hibernate.resource.jdbc.internal.LogicalConnectionManagedImpl - Initiating JDBC connection release from afterTransaction
13:10:15.330 [main] DEBUG org.hibernate.engine.jdbc.internal.JdbcCoordinatorImpl - HHH000420: Closing un-released batch
13:10:15.330 [main] DEBUG org.hibernate.orm.jdbc.batch - PreparedStatementDetails did not contain PreparedStatement on #releaseStatements : /* delete for org.frcpm.models.Project */delete from projects where id=?
13:10:15.330 [main] DEBUG org.hibernate.orm.jdbc.batch - PreparedStatementDetails did not contain PreparedStatement on #releaseStatements : /* delete for org.frcpm.models.Project */delete from projects where id=?
13:10:15.330 [main] DEBUG org.hibernate.engine.transaction.internal.TransactionImpl - On TransactionImpl creation, JpaCompliance#isJpaTransactionComplianceEnabled == false
13:10:15.330 [main] DEBUG org.hibernate.engine.transaction.internal.TransactionImpl - begin
13:10:15.331 [main] DEBUG org.hibernate.orm.sql.exec - Skipping reading Query result cache data: cache-enabled = false, cache-mode = IGNORE
13:10:15.331 [main] DEBUG org.hibernate.orm.results - Initializer list:
	  org.frcpm.models.Project.meetings -> BagInitializer(org.frcpm.models.Project.meetings)@646444502 (PluralAttribute(org.frcpm.models.Project.meetings))
	  org.frcpm.models.Project.tasks -> SelectEagerCollectionInitializer(org.frcpm.models.Project.tasks)@1908506135 (PluralAttribute(org.frcpm.models.Project.tasks))
	  org.frcpm.models.Project.meetings.{element} -> EntityJoinedFetchInitializer(org.frcpm.models.Project.meetings.{element})@948084890 (EntityCollectionPart(org.frcpm.models.Project.meetings#{element})@1700890775)
	  org.frcpm.models.Project.meetings.{element}.attendances -> SelectEagerCollectionInitializer(org.frcpm.models.Project.meetings.{element}.attendances)@1739639273 (PluralAttribute(org.frcpm.models.Meeting.attendances))
	  org.frcpm.models.Project -> EntityResultInitializer(org.frcpm.models.Project)@2122361228 (SingleTableEntityPersister(org.frcpm.models.Project))
	  org.frcpm.models.Project.milestones -> SelectEagerCollectionInitializer(org.frcpm.models.Project.milestones)@80433549 (PluralAttribute(org.frcpm.models.Project.milestones))

13:10:15.331 [main] DEBUG org.hibernate.SQL - 
    select
        p1_0.id,
        p1_0.description,
        p1_0.goal_end_date,
        p1_0.hard_deadline,
        p1_0.name,
        p1_0.start_date,
        m1_0.project_id,
        m1_0.id,
        m1_0.date,
        m1_0.end_time,
        m1_0.notes,
        m1_0.start_time 
    from
        projects p1_0 
    left join
        meetings m1_0 
            on p1_0.id=m1_0.project_id 
    where
        p1_0.id=?
Hibernate: 
    select
        p1_0.id,
        p1_0.description,
        p1_0.goal_end_date,
        p1_0.hard_deadline,
        p1_0.name,
        p1_0.start_date,
        m1_0.project_id,
        m1_0.id,
        m1_0.date,
        m1_0.end_time,
        m1_0.notes,
        m1_0.start_time 
    from
        projects p1_0 
    left join
        meetings m1_0 
            on p1_0.id=m1_0.project_id 
    where
        p1_0.id=?
13:10:15.331 [main] DEBUG org.hibernate.orm.results.loading.entity - (EntityResultInitializer) Hydrated EntityKey (org.frcpm.models.Project): 2
13:10:15.331 [main] DEBUG org.hibernate.orm.results.loading.org.hibernate.orm.results.loading.collection - (BagInitializer) Current row collection key : org.frcpm.models.Project.meetings#2
13:10:15.331 [main] DEBUG org.hibernate.orm.results - Extracted JDBC value [6] - [null]
13:10:15.331 [main] DEBUG org.hibernate.orm.results - Extracted JDBC value [7] - [null]
13:10:15.331 [main] DEBUG org.hibernate.orm.results.loading.entity - (EntityJoinedFetchInitializer) EntityKey (org.frcpm.models.Project.meetings.{element}) is null
13:10:15.331 [main] DEBUG org.hibernate.orm.results.loading.org.hibernate.orm.results.loading.collection - (SelectEagerCollectionInitializer) Current row collection key : org.frcpm.models.Project.milestones#2
13:10:15.331 [main] DEBUG org.hibernate.orm.results.loading.org.hibernate.orm.results.loading.collection - (SelectEagerCollectionInitializer) Current row collection key : org.frcpm.models.Project.tasks#2
13:10:15.332 [main] DEBUG org.hibernate.orm.results.loading.entity - (EntityResultInitializer) Created new entity instance [org.frcpm.models.Project#2] : 868860144
13:10:15.332 [main] DEBUG org.hibernate.orm.results.loading.org.hibernate.orm.results.loading.collection - (BagInitializer) Created new collection wrapper [org.frcpm.models.Project.meetings#2] : org.hibernate.collection.spi.PersistentBag@1842391101
13:10:15.332 [main] DEBUG org.hibernate.orm.results.loading.org.hibernate.orm.results.loading.collection - (BagInitializer) Responsible for loading collection [org.frcpm.models.Project.meetings#2] : org.hibernate.collection.spi.PersistentBag@1842391101
13:10:15.332 [main] DEBUG org.hibernate.orm.results - Extracted JDBC value [1] - [null]
13:10:15.332 [main] DEBUG org.hibernate.orm.results - Extracted JDBC value [2] - [2025-06-06]
13:10:15.332 [main] DEBUG org.hibernate.orm.results - Extracted JDBC value [3] - [2025-06-20]
13:10:15.332 [main] DEBUG org.hibernate.orm.results - Extracted JDBC value [4] - [Test Base Project 2]
13:10:15.332 [main] DEBUG org.hibernate.orm.results - Extracted JDBC value [5] - [2025-04-18]
13:10:15.332 [main] DEBUG org.hibernate.orm.results.loading.entity - (EntityResultInitializer) Done materializing entityInstance : org.frcpm.models.Project#2
13:10:15.332 [main] DEBUG org.hibernate.orm.results.loading - Calling top-level assembler (0 / 1) : org.hibernate.sql.results.graph.entity.internal.EntityAssembler@235a3fc
13:10:15.332 [main] DEBUG org.hibernate.sql.results.internal.ResultsHelper - Collection fully initialized: [org.frcpm.models.Project.meetings#2]
13:10:15.332 [main] DEBUG org.hibernate.orm.sql.exec - Skipping reading Query result cache data: cache-enabled = false, cache-mode = IGNORE
13:10:15.332 [main] DEBUG org.hibernate.orm.results - Initializer list:
	  org.frcpm.models.Project.tasks.{element}.assignedTo -> DelayedCollectionInitializer(org.frcpm.models.Project.tasks.{element}.assignedTo)@1791783623 (PluralAttribute(org.frcpm.models.Task.assignedTo))
	  org.frcpm.models.Project.tasks.{element}.postDependencies -> DelayedCollectionInitializer(org.frcpm.models.Project.tasks.{element}.postDependencies)@911931517 (PluralAttribute(org.frcpm.models.Task.postDependencies))
	  org.frcpm.models.Project.tasks.{element} -> EntityJoinedFetchInitializer(org.frcpm.models.Project.tasks.{element})@2013736776 (EntityCollectionPart(org.frcpm.models.Project.tasks#{element})@982906048)
	  org.frcpm.models.Project.tasks.{element}.requiredComponents -> DelayedCollectionInitializer(org.frcpm.models.Project.tasks.{element}.requiredComponents)@1468156407 (PluralAttribute(org.frcpm.models.Task.requiredComponents))
	  org.frcpm.models.Project.tasks.{element}.project -> EntityDelayedFetchInitializer(org.frcpm.models.Project.tasks.{element}.project)@1590772618 (ToOneAttributeMapping(NavigableRole[org.frcpm.models.Task.project])@192323830)
	  org.frcpm.models.Project.tasks.{element}.subsystem -> EntityDelayedFetchInitializer(org.frcpm.models.Project.tasks.{element}.subsystem)@1059705149 (ToOneAttributeMapping(NavigableRole[org.frcpm.models.Task.subsystem])@995885826)
	  org.frcpm.models.Project.tasks.{element}.preDependencies -> DelayedCollectionInitializer(org.frcpm.models.Project.tasks.{element}.preDependencies)@2115359999 (PluralAttribute(org.frcpm.models.Task.preDependencies))
	  org.frcpm.models.Project.tasks -> BagInitializer(org.frcpm.models.Project.tasks)@991819579 (PluralAttribute(org.frcpm.models.Project.tasks))

13:10:15.333 [main] DEBUG org.hibernate.SQL - 
    select
        t1_0.project_id,
        t1_0.id,
        t1_0.actual_duration_seconds,
        t1_0.completed,
        t1_0.description,
        t1_0.end_date,
        t1_0.estimated_duration_seconds,
        t1_0.priority,
        t1_0.progress,
        t1_0.start_date,
        t1_0.subsystem_id,
        t1_0.title 
    from
        tasks t1_0 
    where
        t1_0.project_id=?
Hibernate: 
    select
        t1_0.project_id,
        t1_0.id,
        t1_0.actual_duration_seconds,
        t1_0.completed,
        t1_0.description,
        t1_0.end_date,
        t1_0.estimated_duration_seconds,
        t1_0.priority,
        t1_0.progress,
        t1_0.start_date,
        t1_0.subsystem_id,
        t1_0.title 
    from
        tasks t1_0 
    where
        t1_0.project_id=?
13:10:15.333 [main] DEBUG org.hibernate.sql.results.internal.ResultsHelper - Collection fully initialized: [org.frcpm.models.Project.tasks#2]
13:10:15.334 [main] DEBUG org.hibernate.orm.sql.exec - Skipping reading Query result cache data: cache-enabled = false, cache-mode = IGNORE
13:10:15.334 [main] DEBUG org.hibernate.orm.results - Initializer list:
	  org.frcpm.models.Project.milestones.{element}.project -> EntityDelayedFetchInitializer(org.frcpm.models.Project.milestones.{element}.project)@1312241468 (ToOneAttributeMapping(NavigableRole[org.frcpm.models.Milestone.project])@907045339)
	  org.frcpm.models.Project.milestones.{element} -> EntityJoinedFetchInitializer(org.frcpm.models.Project.milestones.{element})@440903150 (EntityCollectionPart(org.frcpm.models.Project.milestones#{element})@389953683)
	  org.frcpm.models.Project.milestones -> BagInitializer(org.frcpm.models.Project.milestones)@1425764929 (PluralAttribute(org.frcpm.models.Project.milestones))

13:10:15.335 [main] DEBUG org.hibernate.SQL - 
    select
        m1_0.project_id,
        m1_0.id,
        m1_0.date,
        m1_0.description,
        m1_0.name 
    from
        milestones m1_0 
    where
        m1_0.project_id=?
Hibernate: 
    select
        m1_0.project_id,
        m1_0.id,
        m1_0.date,
        m1_0.description,
        m1_0.name 
    from
        milestones m1_0 
    where
        m1_0.project_id=?
13:10:15.338 [main] DEBUG org.hibernate.sql.results.internal.ResultsHelper - Collection fully initialized: [org.frcpm.models.Project.milestones#2]
13:10:15.339 [main] DEBUG org.hibernate.engine.transaction.internal.TransactionImpl - committing
13:10:15.339 [main] DEBUG org.hibernate.event.internal.AbstractFlushingEventListener - Processing flush-time cascades
13:10:15.339 [main] DEBUG org.hibernate.event.internal.AbstractFlushingEventListener - Dirty checking collections
13:10:15.339 [main] DEBUG org.hibernate.engine.internal.Collections - Collection dereferenced: [org.frcpm.models.Project.meetings#2]
13:10:15.341 [main] DEBUG org.hibernate.engine.internal.Collections - Collection dereferenced: [org.frcpm.models.Project.milestones#2]
13:10:15.341 [main] DEBUG org.hibernate.engine.internal.Collections - Collection dereferenced: [org.frcpm.models.Project.tasks#2]
13:10:15.341 [main] DEBUG org.hibernate.event.internal.AbstractFlushingEventListener - Flushed: 0 insertions, 0 updates, 1 deletions to 1 objects
13:10:15.341 [main] DEBUG org.hibernate.event.internal.AbstractFlushingEventListener - Flushed: 0 (re)creations, 0 updates, 3 removals to 3 collections
13:10:15.341 [main] DEBUG org.hibernate.internal.util.EntityPrinter - Listing entities:
13:10:15.342 [main] DEBUG org.hibernate.internal.util.EntityPrinter - org.frcpm.models.Project{hardDeadline=2025-06-20, name=Test Base Project 2, description=null, meetings=[], id=2, goalEndDate=2025-06-06, milestones=[], startDate=2025-04-18, tasks=[]}
13:10:15.342 [main] DEBUG org.hibernate.SQL - 
    /* delete for org.frcpm.models.Project */delete 
    from
        projects 
    where
        id=?
Hibernate: 
    /* delete for org.frcpm.models.Project */delete 
    from
        projects 
    where
        id=?
13:10:15.343 [main] DEBUG org.hibernate.orm.jdbc.batch - PreparedStatementDetails did not contain PreparedStatement on #releaseStatements : /* delete for org.frcpm.models.Project */delete from projects where id=?
13:10:15.344 [main] DEBUG org.hibernate.orm.jdbc.batch - PreparedStatementDetails did not contain PreparedStatement on #releaseStatements : /* delete for org.frcpm.models.Project */delete from projects where id=?
13:10:15.344 [main] DEBUG org.hibernate.resource.jdbc.internal.LogicalConnectionManagedImpl - Initiating JDBC connection release from afterTransaction
13:10:15.344 [main] DEBUG org.hibernate.orm.jdbc.batch - PreparedStatementDetails did not contain PreparedStatement on #releaseStatements : /* delete for org.frcpm.models.Project */delete from projects where id=?
13:10:15.344 [main] DEBUG org.hibernate.orm.jdbc.batch - PreparedStatementDetails did not contain PreparedStatement on #releaseStatements : /* delete for org.frcpm.models.Project */delete from projects where id=?
13:10:15.344 [main] DEBUG org.hibernate.resource.jdbc.internal.LogicalConnectionManagedImpl - Initiating JDBC connection release from afterTransaction
13:10:15.344 [main] DEBUG org.hibernate.engine.jdbc.internal.JdbcCoordinatorImpl - HHH000420: Closing un-released batch
13:10:15.344 [main] DEBUG org.hibernate.orm.jdbc.batch - PreparedStatementDetails did not contain PreparedStatement on #releaseStatements : /* delete for org.frcpm.models.Project */delete from projects where id=?
13:10:15.344 [main] DEBUG org.hibernate.orm.jdbc.batch - PreparedStatementDetails did not contain PreparedStatement on #releaseStatements : /* delete for org.frcpm.models.Project */delete from projects where id=?
13:10:15.344 [main] DEBUG org.hibernate.internal.SessionFactoryImpl - HHH000031: Closing
13:10:15.344 [main] DEBUG org.hibernate.tool.schema.internal.SchemaDropperImpl$DelayedDropActionImpl - HHH000477: Starting delayed evictData of schema as part of SessionFactory shut-down'
13:10:15.344 [main] DEBUG org.hibernate.SQL - 
    drop table if exists attendances cascade 
Hibernate: 
    drop table if exists attendances cascade 
13:10:15.346 [main] DEBUG org.hibernate.SQL - 
    drop table if exists components cascade 
Hibernate: 
    drop table if exists components cascade 
13:10:15.346 [main] DEBUG org.hibernate.SQL - 
    drop table if exists meetings cascade 
Hibernate: 
    drop table if exists meetings cascade 
13:10:15.347 [main] DEBUG org.hibernate.SQL - 
    drop table if exists milestones cascade 
Hibernate: 
    drop table if exists milestones cascade 
13:10:15.347 [main] DEBUG org.hibernate.SQL - 
    drop table if exists projects cascade 
Hibernate: 
    drop table if exists projects cascade 
13:10:15.348 [main] DEBUG org.hibernate.SQL - 
    drop table if exists subsystems cascade 
Hibernate: 
    drop table if exists subsystems cascade 
13:10:15.349 [main] DEBUG org.hibernate.SQL - 
    drop table if exists subteams cascade 
Hibernate: 
    drop table if exists subteams cascade 
13:10:15.350 [main] DEBUG org.hibernate.SQL - 
    drop table if exists task_assignments cascade 
Hibernate: 
    drop table if exists task_assignments cascade 
13:10:15.353 [main] DEBUG org.hibernate.SQL - 
    drop table if exists task_components cascade 
Hibernate: 
    drop table if exists task_components cascade 
13:10:15.355 [main] DEBUG org.hibernate.SQL - 
    drop table if exists task_dependencies cascade 
Hibernate: 
    drop table if exists task_dependencies cascade 
13:10:15.356 [main] DEBUG org.hibernate.SQL - 
    drop table if exists tasks cascade 
Hibernate: 
    drop table if exists tasks cascade 
13:10:15.356 [main] DEBUG org.hibernate.SQL - 
    drop table if exists team_members cascade 
Hibernate: 
    drop table if exists team_members cascade 
13:10:15.356 [main] DEBUG org.hibernate.type.spi.TypeConfiguration$Scope - Un-scoping TypeConfiguration [org.hibernate.type.spi.TypeConfiguration$Scope@389c9102] from SessionFactory [org.hibernate.internal.SessionFactoryImpl@480284c3]
13:10:15.356 [main] DEBUG org.hibernate.service.internal.AbstractServiceRegistryImpl - Implicitly destroying ServiceRegistry on de-registration of all child ServiceRegistries
13:10:15.356 [main] INFO com.zaxxer.hikari.HikariDataSource - FRC-PM-HikariCP - Shutdown initiated...
13:10:15.357 [main] DEBUG com.zaxxer.hikari.pool.HikariPool - FRC-PM-HikariCP - Before shutdown stats (total=2, active=0, idle=2, waiting=0)
13:10:15.357 [FRC-PM-HikariCP connection closer] DEBUG com.zaxxer.hikari.pool.PoolBase - FRC-PM-HikariCP - Closing connection conn43: url=jdbc:h2:mem:testdb user=SA: (connection evicted)
13:10:15.357 [FRC-PM-HikariCP connection closer] DEBUG com.zaxxer.hikari.pool.PoolBase - FRC-PM-HikariCP - Closing connection conn47: url=jdbc:h2:mem:testdb user=SA: (connection evicted)
13:10:15.357 [main] DEBUG com.zaxxer.hikari.pool.HikariPool - FRC-PM-HikariCP - After shutdown stats (total=0, active=0, idle=0, waiting=0)
13:10:15.358 [main] INFO com.zaxxer.hikari.HikariDataSource - FRC-PM-HikariCP - Shutdown completed.
13:10:15.358 [main] DEBUG org.hibernate.boot.registry.internal.BootstrapServiceRegistryImpl - Implicitly destroying Boot-strap registry on de-registration of all child ServiceRegistries
13:10:15.358 [main] INFO com.zaxxer.hikari.HikariDataSource - frcpm-hikari-pool - Shutdown initiated...
13:10:15.358 [main] DEBUG com.zaxxer.hikari.pool.HikariPool - frcpm-hikari-pool - Before shutdown stats (total=5, active=0, idle=5, waiting=0)
13:10:15.358 [frcpm-hikari-pool connection closer] DEBUG com.zaxxer.hikari.pool.PoolBase - frcpm-hikari-pool - Closing connection conn42: url=jdbc:h2:mem:testdb user=SA: (connection evicted)
13:10:15.358 [frcpm-hikari-pool connection closer] DEBUG com.zaxxer.hikari.pool.PoolBase - frcpm-hikari-pool - Closing connection conn44: url=jdbc:h2:mem:testdb user=SA: (connection evicted)
13:10:15.358 [frcpm-hikari-pool connection closer] DEBUG com.zaxxer.hikari.pool.PoolBase - frcpm-hikari-pool - Closing connection conn45: url=jdbc:h2:mem:testdb user=SA: (connection evicted)
13:10:15.358 [frcpm-hikari-pool connection closer] DEBUG com.zaxxer.hikari.pool.PoolBase - frcpm-hikari-pool - Closing connection conn46: url=jdbc:h2:mem:testdb user=SA: (connection evicted)
13:10:15.358 [frcpm-hikari-pool connection closer] DEBUG com.zaxxer.hikari.pool.PoolBase - frcpm-hikari-pool - Closing connection conn48: url=jdbc:h2:mem:testdb user=SA: (connection evicted)
13:10:15.358 [main] DEBUG com.zaxxer.hikari.pool.HikariPool - frcpm-hikari-pool - After shutdown stats (total=0, active=0, idle=0, waiting=0)
13:10:15.358 [main] INFO com.zaxxer.hikari.HikariDataSource - frcpm-hikari-pool - Shutdown completed.
]]></system-out>
    <system-err><![CDATA[Apr 11, 2025 1:10:14 PM org.frcpm.config.DatabaseConfig initialize
INFO: Initializing database configuration...
Apr 11, 2025 1:10:14 PM org.frcpm.config.DatabaseConfig initialize
INFO: Using JDBC URL: jdbc:h2:mem:testdb;DB_CLOSE_DELAY=-1
Apr 11, 2025 1:10:15 PM org.frcpm.config.DatabaseConfig initialize
INFO: Database configuration initialized successfully
Apr 11, 2025 1:10:15 PM org.frcpm.config.DatabaseConfig shutdown
INFO: Database configuration shut down
]]></system-err>
  </testcase>
</testsuite>