<?xml version="1.0" encoding="UTF-8"?>
<testsuite xmlns:xsi="http://www.w3.org/2001/XMLSchema-instance" xsi:noNamespaceSchemaLocation="https://maven.apache.org/surefire/maven-surefire-plugin/xsd/surefire-test-report-3.0.xsd" version="3.0" name="org.frcpm.repositories.SubteamRepositoryTest" time="4.065" tests="10" errors="0" skipped="0" failures="0">
  <properties>
    <property name="java.specification.version" value="21"/>
    <property name="javafx.runtime.version" value="21.0.2+5"/>
    <property name="sun.cpu.isalist" value="amd64"/>
    <property name="sun.jnu.encoding" value="Cp1252"/>
    <property name="java.class.path" value="C:\Users\dhiebert\Local Repositories\Project Management 2.0\target\test-classes;C:\Users\dhiebert\Local Repositories\Project Management 2.0\target\classes;C:\Users\dhiebert\.m2\repository\org\openjfx\javafx-controls\21.0.2\javafx-controls-21.0.2.jar;C:\Users\dhiebert\.m2\repository\org\openjfx\javafx-controls\21.0.2\javafx-controls-21.0.2-win.jar;C:\Users\dhiebert\.m2\repository\org\openjfx\javafx-fxml\21.0.2\javafx-fxml-21.0.2.jar;C:\Users\dhiebert\.m2\repository\org\openjfx\javafx-fxml\21.0.2\javafx-fxml-21.0.2-win.jar;C:\Users\dhiebert\.m2\repository\org\openjfx\javafx-graphics\21.0.2\javafx-graphics-21.0.2.jar;C:\Users\dhiebert\.m2\repository\org\openjfx\javafx-graphics\21.0.2\javafx-graphics-21.0.2-win.jar;C:\Users\dhiebert\.m2\repository\org\openjfx\javafx-base\21.0.2\javafx-base-21.0.2.jar;C:\Users\dhiebert\.m2\repository\org\openjfx\javafx-base\21.0.2\javafx-base-21.0.2-win.jar;C:\Users\dhiebert\.m2\repository\com\h2database\h2\2.2.224\h2-2.2.224.jar;C:\Users\dhiebert\.m2\repository\com\zaxxer\HikariCP\5.1.0\HikariCP-5.1.0.jar;C:\Users\dhiebert\.m2\repository\org\slf4j\slf4j-api\1.7.36\slf4j-api-1.7.36.jar;C:\Users\dhiebert\.m2\repository\org\hibernate\orm\hibernate-core\6.5.0.Final\hibernate-core-6.5.0.Final.jar;C:\Users\dhiebert\.m2\repository\jakarta\persistence\jakarta.persistence-api\3.1.0\jakarta.persistence-api-3.1.0.jar;C:\Users\dhiebert\.m2\repository\jakarta\transaction\jakarta.transaction-api\2.0.1\jakarta.transaction-api-2.0.1.jar;C:\Users\dhiebert\.m2\repository\org\jboss\logging\jboss-logging\3.5.0.Final\jboss-logging-3.5.0.Final.jar;C:\Users\dhiebert\.m2\repository\org\hibernate\common\hibernate-commons-annotations\6.0.6.Final\hibernate-commons-annotations-6.0.6.Final.jar;C:\Users\dhiebert\.m2\repository\io\smallrye\jandex\3.1.2\jandex-3.1.2.jar;C:\Users\dhiebert\.m2\repository\com\fasterxml\classmate\1.5.1\classmate-1.5.1.jar;C:\Users\dhiebert\.m2\repository\net\bytebuddy\byte-buddy\1.14.12\byte-buddy-1.14.12.jar;C:\Users\dhiebert\.m2\repository\jakarta\xml\bind\jakarta.xml.bind-api\4.0.0\jakarta.xml.bind-api-4.0.0.jar;C:\Users\dhiebert\.m2\repository\jakarta\activation\jakarta.activation-api\2.1.0\jakarta.activation-api-2.1.0.jar;C:\Users\dhiebert\.m2\repository\org\glassfish\jaxb\jaxb-runtime\4.0.2\jaxb-runtime-4.0.2.jar;C:\Users\dhiebert\.m2\repository\org\glassfish\jaxb\jaxb-core\4.0.2\jaxb-core-4.0.2.jar;C:\Users\dhiebert\.m2\repository\org\eclipse\angus\angus-activation\2.0.0\angus-activation-2.0.0.jar;C:\Users\dhiebert\.m2\repository\org\glassfish\jaxb\txw2\4.0.2\txw2-4.0.2.jar;C:\Users\dhiebert\.m2\repository\com\sun\istack\istack-commons-runtime\4.1.1\istack-commons-runtime-4.1.1.jar;C:\Users\dhiebert\.m2\repository\jakarta\inject\jakarta.inject-api\2.0.1\jakarta.inject-api-2.0.1.jar;C:\Users\dhiebert\.m2\repository\org\antlr\antlr4-runtime\4.13.0\antlr4-runtime-4.13.0.jar;C:\Users\dhiebert\.m2\repository\org\hibernate\validator\hibernate-validator\8.0.1.Final\hibernate-validator-8.0.1.Final.jar;C:\Users\dhiebert\.m2\repository\jakarta\validation\jakarta.validation-api\3.0.2\jakarta.validation-api-3.0.2.jar;C:\Users\dhiebert\.m2\repository\org\junit\jupiter\junit-jupiter-api\5.10.2\junit-jupiter-api-5.10.2.jar;C:\Users\dhiebert\.m2\repository\org\opentest4j\opentest4j\1.3.0\opentest4j-1.3.0.jar;C:\Users\dhiebert\.m2\repository\org\junit\platform\junit-platform-commons\1.10.2\junit-platform-commons-1.10.2.jar;C:\Users\dhiebert\.m2\repository\org\apiguardian\apiguardian-api\1.1.2\apiguardian-api-1.1.2.jar;C:\Users\dhiebert\.m2\repository\org\junit\jupiter\junit-jupiter-engine\5.10.2\junit-jupiter-engine-5.10.2.jar;C:\Users\dhiebert\.m2\repository\org\junit\platform\junit-platform-engine\1.10.2\junit-platform-engine-1.10.2.jar;C:\Users\dhiebert\.m2\repository\org\mockito\mockito-junit-jupiter\5.10.0\mockito-junit-jupiter-5.10.0.jar;C:\Users\dhiebert\.m2\repository\org\mockito\mockito-core\5.10.0\mockito-core-5.10.0.jar;C:\Users\dhiebert\.m2\repository\net\bytebuddy\byte-buddy-agent\1.14.11\byte-buddy-agent-1.14.11.jar;C:\Users\dhiebert\.m2\repository\org\objenesis\objenesis\3.3\objenesis-3.3.jar;C:\Users\dhiebert\.m2\repository\org\hibernate\orm\hibernate-hikaricp\6.5.0.Final\hibernate-hikaricp-6.5.0.Final.jar;C:\Users\dhiebert\.m2\repository\ch\qos\logback\logback-classic\1.2.11\logback-classic-1.2.11.jar;C:\Users\dhiebert\.m2\repository\ch\qos\logback\logback-core\1.2.11\logback-core-1.2.11.jar;C:\Users\dhiebert\.m2\repository\org\testfx\testfx-core\4.0.18\testfx-core-4.0.18.jar;C:\Users\dhiebert\.m2\repository\org\hamcrest\hamcrest\2.1\hamcrest-2.1.jar;C:\Users\dhiebert\.m2\repository\org\assertj\assertj-core\3.13.2\assertj-core-3.13.2.jar;C:\Users\dhiebert\.m2\repository\org\osgi\org.osgi.core\6.0.0\org.osgi.core-6.0.0.jar;C:\Users\dhiebert\.m2\repository\org\testfx\testfx-junit5\4.0.18\testfx-junit5-4.0.18.jar;C:\Users\dhiebert\.m2\repository\org\openjfx\javafx-web\17.0.2\javafx-web-17.0.2.jar;C:\Users\dhiebert\.m2\repository\org\openjfx\javafx-web\17.0.2\javafx-web-17.0.2-win.jar;C:\Users\dhiebert\.m2\repository\org\openjfx\javafx-media\17.0.2\javafx-media-17.0.2.jar;C:\Users\dhiebert\.m2\repository\org\openjfx\javafx-media\17.0.2\javafx-media-17.0.2-win.jar;C:\Users\dhiebert\.m2\repository\org\apache\pdfbox\pdfbox\2.0.27\pdfbox-2.0.27.jar;C:\Users\dhiebert\.m2\repository\org\apache\pdfbox\fontbox\2.0.27\fontbox-2.0.27.jar;C:\Users\dhiebert\.m2\repository\commons-logging\commons-logging\1.2\commons-logging-1.2.jar;C:\Users\dhiebert\.m2\repository\com\fasterxml\jackson\core\jackson-databind\2.15.0\jackson-databind-2.15.0.jar;C:\Users\dhiebert\.m2\repository\com\fasterxml\jackson\core\jackson-annotations\2.15.0\jackson-annotations-2.15.0.jar;C:\Users\dhiebert\.m2\repository\com\fasterxml\jackson\core\jackson-core\2.15.0\jackson-core-2.15.0.jar;C:\Users\dhiebert\.m2\repository\org\apache\xmlgraphics\batik-all\1.16\batik-all-1.16.jar;C:\Users\dhiebert\.m2\repository\xml-apis\xml-apis\1.4.01\xml-apis-1.4.01.jar;C:\Users\dhiebert\.m2\repository\xml-apis\xml-apis-ext\1.3.04\xml-apis-ext-1.3.04.jar;C:\Users\dhiebert\.m2\repository\org\apache\xmlgraphics\xmlgraphics-commons\2.7\xmlgraphics-commons-2.7.jar;C:\Users\dhiebert\.m2\repository\commons-io\commons-io\1.3.1\commons-io-1.3.1.jar;C:\Users\dhiebert\.m2\repository\org\jgrapht\jgrapht-core\1.5.2\jgrapht-core-1.5.2.jar;C:\Users\dhiebert\.m2\repository\org\jheaps\jheaps\0.14\jheaps-0.14.jar;C:\Users\dhiebert\.m2\repository\org\apfloat\apfloat\1.10.1\apfloat-1.10.1.jar;"/>
    <property name="java.vm.vendor" value="Eclipse Adoptium"/>
    <property name="sun.arch.data.model" value="64"/>
    <property name="user.variant" value=""/>
    <property name="java.vendor.url" value="https://adoptium.net/"/>
    <property name="user.timezone" value="America/Chicago"/>
    <property name="os.name" value="Windows 11"/>
    <property name="java.vm.specification.version" value="21"/>
    <property name="javafx.version" value="21.0.2"/>
    <property name="sun.java.launcher" value="SUN_STANDARD"/>
    <property name="user.country" value="US"/>
    <property name="sun.boot.library.path" value="C:\Program Files\Eclipse Adoptium\jdk-21.0.6.7-hotspot\bin"/>
    <property name="sun.java.command" value="C:\Users\dhiebert\AppData\Local\Temp\surefire9513985487531586668\surefirebooter-20250425102356946_3.jar C:\Users\dhiebert\AppData\Local\Temp\surefire9513985487531586668 2025-04-25T10-23-56_800-jvmRun1 surefire-20250425102356946_1tmp surefire_0-20250425102356946_2tmp"/>
    <property name="jdk.debug" value="release"/>
    <property name="surefire.test.class.path" value="C:\Users\dhiebert\Local Repositories\Project Management 2.0\target\test-classes;C:\Users\dhiebert\Local Repositories\Project Management 2.0\target\classes;C:\Users\dhiebert\.m2\repository\org\openjfx\javafx-controls\21.0.2\javafx-controls-21.0.2.jar;C:\Users\dhiebert\.m2\repository\org\openjfx\javafx-controls\21.0.2\javafx-controls-21.0.2-win.jar;C:\Users\dhiebert\.m2\repository\org\openjfx\javafx-fxml\21.0.2\javafx-fxml-21.0.2.jar;C:\Users\dhiebert\.m2\repository\org\openjfx\javafx-fxml\21.0.2\javafx-fxml-21.0.2-win.jar;C:\Users\dhiebert\.m2\repository\org\openjfx\javafx-graphics\21.0.2\javafx-graphics-21.0.2.jar;C:\Users\dhiebert\.m2\repository\org\openjfx\javafx-graphics\21.0.2\javafx-graphics-21.0.2-win.jar;C:\Users\dhiebert\.m2\repository\org\openjfx\javafx-base\21.0.2\javafx-base-21.0.2.jar;C:\Users\dhiebert\.m2\repository\org\openjfx\javafx-base\21.0.2\javafx-base-21.0.2-win.jar;C:\Users\dhiebert\.m2\repository\com\h2database\h2\2.2.224\h2-2.2.224.jar;C:\Users\dhiebert\.m2\repository\com\zaxxer\HikariCP\5.1.0\HikariCP-5.1.0.jar;C:\Users\dhiebert\.m2\repository\org\slf4j\slf4j-api\1.7.36\slf4j-api-1.7.36.jar;C:\Users\dhiebert\.m2\repository\org\hibernate\orm\hibernate-core\6.5.0.Final\hibernate-core-6.5.0.Final.jar;C:\Users\dhiebert\.m2\repository\jakarta\persistence\jakarta.persistence-api\3.1.0\jakarta.persistence-api-3.1.0.jar;C:\Users\dhiebert\.m2\repository\jakarta\transaction\jakarta.transaction-api\2.0.1\jakarta.transaction-api-2.0.1.jar;C:\Users\dhiebert\.m2\repository\org\jboss\logging\jboss-logging\3.5.0.Final\jboss-logging-3.5.0.Final.jar;C:\Users\dhiebert\.m2\repository\org\hibernate\common\hibernate-commons-annotations\6.0.6.Final\hibernate-commons-annotations-6.0.6.Final.jar;C:\Users\dhiebert\.m2\repository\io\smallrye\jandex\3.1.2\jandex-3.1.2.jar;C:\Users\dhiebert\.m2\repository\com\fasterxml\classmate\1.5.1\classmate-1.5.1.jar;C:\Users\dhiebert\.m2\repository\net\bytebuddy\byte-buddy\1.14.12\byte-buddy-1.14.12.jar;C:\Users\dhiebert\.m2\repository\jakarta\xml\bind\jakarta.xml.bind-api\4.0.0\jakarta.xml.bind-api-4.0.0.jar;C:\Users\dhiebert\.m2\repository\jakarta\activation\jakarta.activation-api\2.1.0\jakarta.activation-api-2.1.0.jar;C:\Users\dhiebert\.m2\repository\org\glassfish\jaxb\jaxb-runtime\4.0.2\jaxb-runtime-4.0.2.jar;C:\Users\dhiebert\.m2\repository\org\glassfish\jaxb\jaxb-core\4.0.2\jaxb-core-4.0.2.jar;C:\Users\dhiebert\.m2\repository\org\eclipse\angus\angus-activation\2.0.0\angus-activation-2.0.0.jar;C:\Users\dhiebert\.m2\repository\org\glassfish\jaxb\txw2\4.0.2\txw2-4.0.2.jar;C:\Users\dhiebert\.m2\repository\com\sun\istack\istack-commons-runtime\4.1.1\istack-commons-runtime-4.1.1.jar;C:\Users\dhiebert\.m2\repository\jakarta\inject\jakarta.inject-api\2.0.1\jakarta.inject-api-2.0.1.jar;C:\Users\dhiebert\.m2\repository\org\antlr\antlr4-runtime\4.13.0\antlr4-runtime-4.13.0.jar;C:\Users\dhiebert\.m2\repository\org\hibernate\validator\hibernate-validator\8.0.1.Final\hibernate-validator-8.0.1.Final.jar;C:\Users\dhiebert\.m2\repository\jakarta\validation\jakarta.validation-api\3.0.2\jakarta.validation-api-3.0.2.jar;C:\Users\dhiebert\.m2\repository\org\junit\jupiter\junit-jupiter-api\5.10.2\junit-jupiter-api-5.10.2.jar;C:\Users\dhiebert\.m2\repository\org\opentest4j\opentest4j\1.3.0\opentest4j-1.3.0.jar;C:\Users\dhiebert\.m2\repository\org\junit\platform\junit-platform-commons\1.10.2\junit-platform-commons-1.10.2.jar;C:\Users\dhiebert\.m2\repository\org\apiguardian\apiguardian-api\1.1.2\apiguardian-api-1.1.2.jar;C:\Users\dhiebert\.m2\repository\org\junit\jupiter\junit-jupiter-engine\5.10.2\junit-jupiter-engine-5.10.2.jar;C:\Users\dhiebert\.m2\repository\org\junit\platform\junit-platform-engine\1.10.2\junit-platform-engine-1.10.2.jar;C:\Users\dhiebert\.m2\repository\org\mockito\mockito-junit-jupiter\5.10.0\mockito-junit-jupiter-5.10.0.jar;C:\Users\dhiebert\.m2\repository\org\mockito\mockito-core\5.10.0\mockito-core-5.10.0.jar;C:\Users\dhiebert\.m2\repository\net\bytebuddy\byte-buddy-agent\1.14.11\byte-buddy-agent-1.14.11.jar;C:\Users\dhiebert\.m2\repository\org\objenesis\objenesis\3.3\objenesis-3.3.jar;C:\Users\dhiebert\.m2\repository\org\hibernate\orm\hibernate-hikaricp\6.5.0.Final\hibernate-hikaricp-6.5.0.Final.jar;C:\Users\dhiebert\.m2\repository\ch\qos\logback\logback-classic\1.2.11\logback-classic-1.2.11.jar;C:\Users\dhiebert\.m2\repository\ch\qos\logback\logback-core\1.2.11\logback-core-1.2.11.jar;C:\Users\dhiebert\.m2\repository\org\testfx\testfx-core\4.0.18\testfx-core-4.0.18.jar;C:\Users\dhiebert\.m2\repository\org\hamcrest\hamcrest\2.1\hamcrest-2.1.jar;C:\Users\dhiebert\.m2\repository\org\assertj\assertj-core\3.13.2\assertj-core-3.13.2.jar;C:\Users\dhiebert\.m2\repository\org\osgi\org.osgi.core\6.0.0\org.osgi.core-6.0.0.jar;C:\Users\dhiebert\.m2\repository\org\testfx\testfx-junit5\4.0.18\testfx-junit5-4.0.18.jar;C:\Users\dhiebert\.m2\repository\org\openjfx\javafx-web\17.0.2\javafx-web-17.0.2.jar;C:\Users\dhiebert\.m2\repository\org\openjfx\javafx-web\17.0.2\javafx-web-17.0.2-win.jar;C:\Users\dhiebert\.m2\repository\org\openjfx\javafx-media\17.0.2\javafx-media-17.0.2.jar;C:\Users\dhiebert\.m2\repository\org\openjfx\javafx-media\17.0.2\javafx-media-17.0.2-win.jar;C:\Users\dhiebert\.m2\repository\org\apache\pdfbox\pdfbox\2.0.27\pdfbox-2.0.27.jar;C:\Users\dhiebert\.m2\repository\org\apache\pdfbox\fontbox\2.0.27\fontbox-2.0.27.jar;C:\Users\dhiebert\.m2\repository\commons-logging\commons-logging\1.2\commons-logging-1.2.jar;C:\Users\dhiebert\.m2\repository\com\fasterxml\jackson\core\jackson-databind\2.15.0\jackson-databind-2.15.0.jar;C:\Users\dhiebert\.m2\repository\com\fasterxml\jackson\core\jackson-annotations\2.15.0\jackson-annotations-2.15.0.jar;C:\Users\dhiebert\.m2\repository\com\fasterxml\jackson\core\jackson-core\2.15.0\jackson-core-2.15.0.jar;C:\Users\dhiebert\.m2\repository\org\apache\xmlgraphics\batik-all\1.16\batik-all-1.16.jar;C:\Users\dhiebert\.m2\repository\xml-apis\xml-apis\1.4.01\xml-apis-1.4.01.jar;C:\Users\dhiebert\.m2\repository\xml-apis\xml-apis-ext\1.3.04\xml-apis-ext-1.3.04.jar;C:\Users\dhiebert\.m2\repository\org\apache\xmlgraphics\xmlgraphics-commons\2.7\xmlgraphics-commons-2.7.jar;C:\Users\dhiebert\.m2\repository\commons-io\commons-io\1.3.1\commons-io-1.3.1.jar;C:\Users\dhiebert\.m2\repository\org\jgrapht\jgrapht-core\1.5.2\jgrapht-core-1.5.2.jar;C:\Users\dhiebert\.m2\repository\org\jheaps\jheaps\0.14\jheaps-0.14.jar;C:\Users\dhiebert\.m2\repository\org\apfloat\apfloat\1.10.1\apfloat-1.10.1.jar;"/>
    <property name="sun.cpu.endian" value="little"/>
    <property name="user.home" value="C:\Users\dhiebert"/>
    <property name="user.language" value="en"/>
    <property name="java.specification.vendor" value="Oracle Corporation"/>
    <property name="java.version.date" value="2025-01-21"/>
    <property name="java.home" value="C:\Program Files\Eclipse Adoptium\jdk-21.0.6.7-hotspot"/>
    <property name="file.separator" value="\"/>
    <property name="basedir" value="C:\Users\dhiebert\Local Repositories\Project Management 2.0"/>
    <property name="java.vm.compressedOopsMode" value="Zero based"/>
    <property name="line.separator" value="&#10;"/>
    <property name="java.vm.specification.vendor" value="Oracle Corporation"/>
    <property name="java.specification.name" value="Java Platform API Specification"/>
    <property name="surefire.real.class.path" value="C:\Users\dhiebert\AppData\Local\Temp\surefire9513985487531586668\surefirebooter-20250425102356946_3.jar"/>
    <property name="user.script" value=""/>
    <property name="sun.management.compiler" value="HotSpot 64-Bit Tiered Compilers"/>
    <property name="java.runtime.version" value="21.0.6+7-LTS"/>
    <property name="user.name" value="dhiebert"/>
    <property name="stdout.encoding" value="Cp1252"/>
    <property name="path.separator" value=";"/>
    <property name="os.version" value="10.0"/>
    <property name="java.runtime.name" value="OpenJDK Runtime Environment"/>
    <property name="file.encoding" value="UTF-8"/>
    <property name="java.vm.name" value="OpenJDK 64-Bit Server VM"/>
    <property name="java.vendor.version" value="Temurin-21.0.6+7"/>
    <property name="localRepository" value="C:\Users\dhiebert\.m2\repository"/>
    <property name="java.vendor.url.bug" value="https://github.com/adoptium/adoptium-support/issues"/>
    <property name="java.io.tmpdir" value="C:\Users\dhiebert\AppData\Local\Temp\"/>
    <property name="java.version" value="21.0.6"/>
    <property name="user.dir" value="C:\Users\dhiebert\Local Repositories\Project Management 2.0"/>
    <property name="os.arch" value="amd64"/>
    <property name="java.vm.specification.name" value="Java Virtual Machine Specification"/>
    <property name="sun.os.patch.level" value=""/>
    <property name="native.encoding" value="Cp1252"/>
    <property name="java.library.path" value="C:\Program Files\Eclipse Adoptium\jdk-21.0.6.7-hotspot\bin;C:\WINDOWS\Sun\Java\bin;C:\WINDOWS\system32;C:\WINDOWS;C:\Program Files\apache-maven-3.9.9\bin;C:\Program Files\Eclipse Adoptium\jdk-21.0.6.7-hotspot\bin;C:\Program Files\National Instruments\Shared\OpenVINO\;C:\Program Files\Common Files\Oracle\Java\javapath;C:\WINDOWS\system32;C:\WINDOWS;C:\WINDOWS\System32\Wbem;C:\WINDOWS\System32\WindowsPowerShell\v1.0\;C:\WINDOWS\System32\OpenSSH\;C:\Program Files\dotnet\;C:\Program Files (x86)\Windows Live\Shared;C:\Program Files\Git\cmd;C:\Program Files\Common Files\Autodesk Shared\;C:\Program Files\Microsoft SQL Server\150\Tools\Binn\;C:\Program Files\nodejs\;C:\Program Files\Eclipse Adoptium\jdk-21.0.6.7-hotspot\bin;C:\Program Files\apache-maven-3.9.9\bin;%MAVEN_HOME%\bin;C:\Users\dhiebert\AppData\Local\Microsoft\WindowsApps;C:\Users\dhiebert\AppData\Local\GitHubDesktop\bin;C:\Users\dhiebert\AppData\Roaming\npm;C:\Users\dhiebert\AppData\Local\Packages\PythonSoftwareFoundation.Python.3.11_qbz5n2kfra8p0\LocalCache\local-packages\Python311\Scripts;C:\Users\dhiebert\AppData\Local\Packages\PythonSoftwareFoundation.Python.3.11_qbz5n2kfra8p0\LocalCache\local-packages\Python311\site-packages\maven;;c:\Users\Public\wpilib\2025\vscode\data\user-data\User\globalStorage\github.copilot-chat\debugCommand;c:\Users\Public\wpilib\2025\vscode\data\extensions\ms-python.debugpy-2025.4.1-win32-x64\bundled\scripts\noConfigScripts;."/>
    <property name="java.vm.info" value="mixed mode, sharing"/>
    <property name="stderr.encoding" value="Cp1252"/>
    <property name="java.vendor" value="Eclipse Adoptium"/>
    <property name="java.vm.version" value="21.0.6+7-LTS"/>
    <property name="sun.io.unicode.encoding" value="UnicodeLittle"/>
    <property name="java.class.version" value="65.0"/>
  </properties>
  <testcase name="testFindByColorCode" classname="org.frcpm.repositories.SubteamRepositoryTest" time="0.396">
    <system-out><![CDATA[10:24:42.343 [main] DEBUG org.hibernate.jpa.HibernatePersistenceProvider - Located and parsed 1 persistence units; checking each
10:24:42.343 [main] DEBUG org.hibernate.jpa.HibernatePersistenceProvider - Checking persistence-unit [name=frcpm, explicit-provider=org.hibernate.jpa.HibernatePersistenceProvider] against incoming persistence unit name [frcpm]
10:24:42.343 [main] DEBUG org.hibernate.jpa.boot.spi.ProviderChecker - Persistence-unit [frcpm] requested PersistenceProvider [org.hibernate.jpa.HibernatePersistenceProvider]
10:24:42.343 [main] DEBUG org.hibernate.jpa.internal.util.LogHelper - PersistenceUnitInfo [
	name: frcpm
	persistence provider classname: org.hibernate.jpa.HibernatePersistenceProvider
	classloader: null
	excludeUnlistedClasses: false
	JTA datasource: null
	Non JTA datasource: null
	Transaction type: RESOURCE_LOCAL
	PU root URL: file:/C:/Users/dhiebert/Local%20Repositories/Project%20Management%202.0/target/classes
	Shared Cache Mode: null
	Validation Mode: null
	Jar files URLs []
	Managed classes names [
		org.frcpm.models.Project
		org.frcpm.models.Subteam
		org.frcpm.models.TeamMember
		org.frcpm.models.Subsystem
		org.frcpm.models.Task
		org.frcpm.models.Component
		org.frcpm.models.Meeting
		org.frcpm.models.Attendance
		org.frcpm.models.Milestone]
	Mapping files names []
	Properties [
		hibernate.connection.handling_mode: DELAYED_ACQUISITION_AND_RELEASE_AFTER_STATEMENT
		jakarta.persistence.jdbc.url: jdbc:h2:file:C:\Users\dhiebert\.frcpm\frcpm
		hibernate.jdbc.batch_versioned_data: null
		hibernate.cache.use_second_level_cache: null
		hibernate.show_sql: null
		jakarta.persistence.jdbc.driver: org.h2.Driver
		hibernate.jdbc.batch_size: 30
		jakarta.persistence.jdbc.user: sa
		hibernate.generate_statistics: null
		hibernate.hbm2ddl.auto: update
		hibernate.cache.use_query_cache: null
		hibernate.hikari.maximumPoolSize: 10
		hibernate.hikari.idleTimeout: 30000
		hibernate.format_sql: null
		hibernate.hikari.minimumIdle: 2
		hibernate.use_sql_comments: null
		hibernate.order_inserts: null
		hibernate.current_session_context_class: thread
		hibernate.connection.provider_class: org.hibernate.hikaricp.internal.HikariCPConnectionProvider
		hibernate.hikari.connectionTimeout: 10000
		hibernate.hikari.poolName: FRC-PM-HikariCP
		hibernate.order_updates: null
		hibernate.dialect: org.hibernate.dialect.H2Dialect
		jakarta.persistence.jdbc.password: ]
10:24:42.343 [main] DEBUG org.hibernate.integrator.internal.IntegratorServiceImpl - Adding Integrator [org.hibernate.boot.beanvalidation.BeanValidationIntegrator].
10:24:42.343 [main] DEBUG org.hibernate.integrator.internal.IntegratorServiceImpl - Adding Integrator [org.hibernate.cache.internal.CollectionCacheInvalidator].
10:24:42.345 [main] DEBUG org.hibernate.orm.idgen.factory - Ignoring CDI for resolving IdentifierGenerator instances as extended or delayed CDI support was enabled
10:24:42.345 [main] DEBUG org.hibernate.orm.idgen.factory - Registering IdentifierGenerator strategy [uuid2] -> [org.hibernate.id.UUIDGenerator]
10:24:42.345 [main] DEBUG org.hibernate.orm.idgen.factory - Registering IdentifierGenerator strategy [guid] -> [org.hibernate.id.GUIDGenerator]
10:24:42.345 [main] DEBUG org.hibernate.orm.idgen.factory - Registering IdentifierGenerator strategy [uuid] -> [org.hibernate.id.UUIDHexGenerator]
10:24:42.345 [main] DEBUG org.hibernate.orm.idgen.factory - Registering IdentifierGenerator strategy [uuid.hex] -> [org.hibernate.id.UUIDHexGenerator]
10:24:42.345 [main] DEBUG org.hibernate.orm.idgen.factory - Registering IdentifierGenerator strategy [assigned] -> [org.hibernate.id.Assigned]
10:24:42.345 [main] DEBUG org.hibernate.orm.idgen.factory - Registering IdentifierGenerator strategy [identity] -> [org.hibernate.id.IdentityGenerator]
10:24:42.345 [main] DEBUG org.hibernate.orm.idgen.factory - Registering IdentifierGenerator strategy [select] -> [org.hibernate.id.SelectGenerator]
10:24:42.345 [main] DEBUG org.hibernate.orm.idgen.factory - Registering IdentifierGenerator strategy [sequence] -> [org.hibernate.id.enhanced.SequenceStyleGenerator]
10:24:42.345 [main] DEBUG org.hibernate.orm.idgen.factory - Registering IdentifierGenerator strategy [increment] -> [org.hibernate.id.IncrementGenerator]
10:24:42.345 [main] DEBUG org.hibernate.orm.idgen.factory - Registering IdentifierGenerator strategy [foreign] -> [org.hibernate.id.ForeignGenerator]
10:24:42.345 [main] DEBUG org.hibernate.orm.idgen.factory - Registering IdentifierGenerator strategy [enhanced-sequence] -> [org.hibernate.id.enhanced.SequenceStyleGenerator]
10:24:42.345 [main] DEBUG org.hibernate.orm.idgen.factory - Registering IdentifierGenerator strategy [enhanced-table] -> [org.hibernate.id.enhanced.TableGenerator]
10:24:42.345 [main] INFO org.hibernate.cache.internal.RegionFactoryInitiator - HHH000026: Second-level cache disabled
10:24:42.345 [main] DEBUG org.hibernate.type.BasicTypeRegistry - Adding type registration boolean -> org.hibernate.type.BasicTypeReference@2f4919b0
10:24:42.345 [main] DEBUG org.hibernate.type.BasicTypeRegistry - Adding type registration boolean -> org.hibernate.type.BasicTypeReference@2f4919b0
10:24:42.345 [main] DEBUG org.hibernate.type.BasicTypeRegistry - Adding type registration java.lang.Boolean -> org.hibernate.type.BasicTypeReference@2f4919b0
10:24:42.345 [main] DEBUG org.hibernate.type.BasicTypeRegistry - Adding type registration numeric_boolean -> org.hibernate.type.BasicTypeReference@a8a8b75
10:24:42.345 [main] DEBUG org.hibernate.type.BasicTypeRegistry - Adding type registration org.hibernate.type.NumericBooleanConverter -> org.hibernate.type.BasicTypeReference@a8a8b75
10:24:42.345 [main] DEBUG org.hibernate.type.BasicTypeRegistry - Adding type registration true_false -> org.hibernate.type.BasicTypeReference@75b21c3b
10:24:42.345 [main] DEBUG org.hibernate.type.BasicTypeRegistry - Adding type registration org.hibernate.type.TrueFalseConverter -> org.hibernate.type.BasicTypeReference@75b21c3b
10:24:42.345 [main] DEBUG org.hibernate.type.BasicTypeRegistry - Adding type registration yes_no -> org.hibernate.type.BasicTypeReference@72be135f
10:24:42.345 [main] DEBUG org.hibernate.type.BasicTypeRegistry - Adding type registration org.hibernate.type.YesNoConverter -> org.hibernate.type.BasicTypeReference@72be135f
10:24:42.345 [main] DEBUG org.hibernate.type.BasicTypeRegistry - Adding type registration byte -> org.hibernate.type.BasicTypeReference@155d1021
10:24:42.345 [main] DEBUG org.hibernate.type.BasicTypeRegistry - Adding type registration byte -> org.hibernate.type.BasicTypeReference@155d1021
10:24:42.345 [main] DEBUG org.hibernate.type.BasicTypeRegistry - Adding type registration java.lang.Byte -> org.hibernate.type.BasicTypeReference@155d1021
10:24:42.346 [main] DEBUG org.hibernate.type.BasicTypeRegistry - Adding type registration binary -> org.hibernate.type.BasicTypeReference@4bd2f0dc
10:24:42.346 [main] DEBUG org.hibernate.type.BasicTypeRegistry - Adding type registration byte[] -> org.hibernate.type.BasicTypeReference@4bd2f0dc
10:24:42.346 [main] DEBUG org.hibernate.type.BasicTypeRegistry - Adding type registration [B -> org.hibernate.type.BasicTypeReference@4bd2f0dc
10:24:42.346 [main] DEBUG org.hibernate.type.BasicTypeRegistry - Adding type registration binary_wrapper -> org.hibernate.type.BasicTypeReference@2e647e59
10:24:42.346 [main] DEBUG org.hibernate.type.BasicTypeRegistry - Adding type registration wrapper-binary -> org.hibernate.type.BasicTypeReference@2e647e59
10:24:42.346 [main] DEBUG org.hibernate.type.BasicTypeRegistry - Adding type registration image -> org.hibernate.type.BasicTypeReference@2c42b421
10:24:42.346 [main] DEBUG org.hibernate.type.BasicTypeRegistry - Adding type registration blob -> org.hibernate.type.BasicTypeReference@51e37590
10:24:42.346 [main] DEBUG org.hibernate.type.BasicTypeRegistry - Adding type registration java.sql.Blob -> org.hibernate.type.BasicTypeReference@51e37590
10:24:42.346 [main] DEBUG org.hibernate.type.BasicTypeRegistry - Adding type registration materialized_blob -> org.hibernate.type.BasicTypeReference@deb3b60
10:24:42.346 [main] DEBUG org.hibernate.type.BasicTypeRegistry - Adding type registration materialized_blob_wrapper -> org.hibernate.type.BasicTypeReference@701a32
10:24:42.346 [main] DEBUG org.hibernate.type.BasicTypeRegistry - Adding type registration short -> org.hibernate.type.BasicTypeReference@39aa45a1
10:24:42.346 [main] DEBUG org.hibernate.type.BasicTypeRegistry - Adding type registration short -> org.hibernate.type.BasicTypeReference@39aa45a1
10:24:42.346 [main] DEBUG org.hibernate.type.BasicTypeRegistry - Adding type registration java.lang.Short -> org.hibernate.type.BasicTypeReference@39aa45a1
10:24:42.346 [main] DEBUG org.hibernate.type.BasicTypeRegistry - Adding type registration integer -> org.hibernate.type.BasicTypeReference@73aff8f1
10:24:42.346 [main] DEBUG org.hibernate.type.BasicTypeRegistry - Adding type registration int -> org.hibernate.type.BasicTypeReference@73aff8f1
10:24:42.346 [main] DEBUG org.hibernate.type.BasicTypeRegistry - Adding type registration java.lang.Integer -> org.hibernate.type.BasicTypeReference@73aff8f1
10:24:42.346 [main] DEBUG org.hibernate.type.BasicTypeRegistry - Adding type registration long -> org.hibernate.type.BasicTypeReference@27cbfddf
10:24:42.346 [main] DEBUG org.hibernate.type.BasicTypeRegistry - Adding type registration long -> org.hibernate.type.BasicTypeReference@27cbfddf
10:24:42.346 [main] DEBUG org.hibernate.type.BasicTypeRegistry - Adding type registration java.lang.Long -> org.hibernate.type.BasicTypeReference@27cbfddf
10:24:42.346 [main] DEBUG org.hibernate.type.BasicTypeRegistry - Adding type registration float -> org.hibernate.type.BasicTypeReference@27ead29e
10:24:42.346 [main] DEBUG org.hibernate.type.BasicTypeRegistry - Adding type registration float -> org.hibernate.type.BasicTypeReference@27ead29e
10:24:42.346 [main] DEBUG org.hibernate.type.BasicTypeRegistry - Adding type registration java.lang.Float -> org.hibernate.type.BasicTypeReference@27ead29e
10:24:42.346 [main] DEBUG org.hibernate.type.BasicTypeRegistry - Adding type registration double -> org.hibernate.type.BasicTypeReference@4c060c8f
10:24:42.346 [main] DEBUG org.hibernate.type.BasicTypeRegistry - Adding type registration double -> org.hibernate.type.BasicTypeReference@4c060c8f
10:24:42.346 [main] DEBUG org.hibernate.type.BasicTypeRegistry - Adding type registration java.lang.Double -> org.hibernate.type.BasicTypeReference@4c060c8f
10:24:42.346 [main] DEBUG org.hibernate.type.BasicTypeRegistry - Adding type registration big_integer -> org.hibernate.type.BasicTypeReference@40620d8e
10:24:42.346 [main] DEBUG org.hibernate.type.BasicTypeRegistry - Adding type registration java.math.BigInteger -> org.hibernate.type.BasicTypeReference@40620d8e
10:24:42.346 [main] DEBUG org.hibernate.type.BasicTypeRegistry - Adding type registration big_decimal -> org.hibernate.type.BasicTypeReference@383f3558
10:24:42.346 [main] DEBUG org.hibernate.type.BasicTypeRegistry - Adding type registration java.math.BigDecimal -> org.hibernate.type.BasicTypeReference@383f3558
10:24:42.346 [main] DEBUG org.hibernate.type.BasicTypeRegistry - Adding type registration character -> org.hibernate.type.BasicTypeReference@49b07ee3
10:24:42.346 [main] DEBUG org.hibernate.type.BasicTypeRegistry - Adding type registration char -> org.hibernate.type.BasicTypeReference@49b07ee3
10:24:42.346 [main] DEBUG org.hibernate.type.BasicTypeRegistry - Adding type registration java.lang.Character -> org.hibernate.type.BasicTypeReference@49b07ee3
10:24:42.346 [main] DEBUG org.hibernate.type.BasicTypeRegistry - Adding type registration character_nchar -> org.hibernate.type.BasicTypeReference@352e612e
10:24:42.346 [main] DEBUG org.hibernate.type.BasicTypeRegistry - Adding type registration string -> org.hibernate.type.BasicTypeReference@65f00478
10:24:42.346 [main] DEBUG org.hibernate.type.BasicTypeRegistry - Adding type registration java.lang.String -> org.hibernate.type.BasicTypeReference@65f00478
10:24:42.346 [main] DEBUG org.hibernate.type.BasicTypeRegistry - Adding type registration nstring -> org.hibernate.type.BasicTypeReference@2424686b
10:24:42.346 [main] DEBUG org.hibernate.type.BasicTypeRegistry - Adding type registration characters -> org.hibernate.type.BasicTypeReference@6ea94d6a
10:24:42.346 [main] DEBUG org.hibernate.type.BasicTypeRegistry - Adding type registration char[] -> org.hibernate.type.BasicTypeReference@6ea94d6a
10:24:42.346 [main] DEBUG org.hibernate.type.BasicTypeRegistry - Adding type registration [C -> org.hibernate.type.BasicTypeReference@6ea94d6a
10:24:42.346 [main] DEBUG org.hibernate.type.BasicTypeRegistry - Adding type registration wrapper-characters -> org.hibernate.type.BasicTypeReference@28486680
10:24:42.346 [main] DEBUG org.hibernate.type.BasicTypeRegistry - Adding type registration text -> org.hibernate.type.BasicTypeReference@4d7e7435
10:24:42.346 [main] DEBUG org.hibernate.type.BasicTypeRegistry - Adding type registration ntext -> org.hibernate.type.BasicTypeReference@4a1e3ac1
10:24:42.346 [main] DEBUG org.hibernate.type.BasicTypeRegistry - Adding type registration clob -> org.hibernate.type.BasicTypeReference@6e78fcf5
10:24:42.346 [main] DEBUG org.hibernate.type.BasicTypeRegistry - Adding type registration java.sql.Clob -> org.hibernate.type.BasicTypeReference@6e78fcf5
10:24:42.346 [main] DEBUG org.hibernate.type.BasicTypeRegistry - Adding type registration nclob -> org.hibernate.type.BasicTypeReference@56febdc
10:24:42.346 [main] DEBUG org.hibernate.type.BasicTypeRegistry - Adding type registration java.sql.NClob -> org.hibernate.type.BasicTypeReference@56febdc
10:24:42.346 [main] DEBUG org.hibernate.type.BasicTypeRegistry - Adding type registration materialized_clob -> org.hibernate.type.BasicTypeReference@3b8ee898
10:24:42.346 [main] DEBUG org.hibernate.type.BasicTypeRegistry - Adding type registration materialized_clob_char_array -> org.hibernate.type.BasicTypeReference@7d151a
10:24:42.346 [main] DEBUG org.hibernate.type.BasicTypeRegistry - Adding type registration materialized_clob_character_array -> org.hibernate.type.BasicTypeReference@294bdeb4
10:24:42.346 [main] DEBUG org.hibernate.type.BasicTypeRegistry - Adding type registration materialized_nclob -> org.hibernate.type.BasicTypeReference@5300f14a
10:24:42.346 [main] DEBUG org.hibernate.type.BasicTypeRegistry - Adding type registration materialized_nclob_character_array -> org.hibernate.type.BasicTypeReference@1f86099a
10:24:42.346 [main] DEBUG org.hibernate.type.BasicTypeRegistry - Adding type registration materialized_nclob_char_array -> org.hibernate.type.BasicTypeReference@77bb0ab5
10:24:42.346 [main] DEBUG org.hibernate.type.BasicTypeRegistry - Adding type registration Duration -> org.hibernate.type.BasicTypeReference@f2c488
10:24:42.346 [main] DEBUG org.hibernate.type.BasicTypeRegistry - Adding type registration java.time.Duration -> org.hibernate.type.BasicTypeReference@f2c488
10:24:42.346 [main] DEBUG org.hibernate.type.BasicTypeRegistry - Adding type registration LocalDateTime -> org.hibernate.type.BasicTypeReference@54acff7d
10:24:42.346 [main] DEBUG org.hibernate.type.BasicTypeRegistry - Adding type registration java.time.LocalDateTime -> org.hibernate.type.BasicTypeReference@54acff7d
10:24:42.346 [main] DEBUG org.hibernate.type.BasicTypeRegistry - Adding type registration LocalDate -> org.hibernate.type.BasicTypeReference@7bc9e6ab
10:24:42.346 [main] DEBUG org.hibernate.type.BasicTypeRegistry - Adding type registration java.time.LocalDate -> org.hibernate.type.BasicTypeReference@7bc9e6ab
10:24:42.346 [main] DEBUG org.hibernate.type.BasicTypeRegistry - Adding type registration LocalTime -> org.hibernate.type.BasicTypeReference@5488b5c5
10:24:42.346 [main] DEBUG org.hibernate.type.BasicTypeRegistry - Adding type registration java.time.LocalTime -> org.hibernate.type.BasicTypeReference@5488b5c5
10:24:42.346 [main] DEBUG org.hibernate.type.BasicTypeRegistry - Adding type registration OffsetDateTime -> org.hibernate.type.BasicTypeReference@4248ed58
10:24:42.346 [main] DEBUG org.hibernate.type.BasicTypeRegistry - Adding type registration java.time.OffsetDateTime -> org.hibernate.type.BasicTypeReference@4248ed58
10:24:42.346 [main] DEBUG org.hibernate.type.BasicTypeRegistry - Adding type registration OffsetDateTimeWithTimezone -> org.hibernate.type.BasicTypeReference@712ca57b
10:24:42.346 [main] DEBUG org.hibernate.type.BasicTypeRegistry - Adding type registration OffsetDateTimeWithoutTimezone -> org.hibernate.type.BasicTypeReference@4564e94b
10:24:42.346 [main] DEBUG org.hibernate.type.BasicTypeRegistry - Adding type registration OffsetTime -> org.hibernate.type.BasicTypeReference@54534abf
10:24:42.346 [main] DEBUG org.hibernate.type.BasicTypeRegistry - Adding type registration java.time.OffsetTime -> org.hibernate.type.BasicTypeReference@54534abf
10:24:42.346 [main] DEBUG org.hibernate.type.BasicTypeRegistry - Adding type registration OffsetTimeUtc -> org.hibernate.type.BasicTypeReference@51745f40
10:24:42.346 [main] DEBUG org.hibernate.type.BasicTypeRegistry - Adding type registration OffsetTimeWithTimezone -> org.hibernate.type.BasicTypeReference@45673f68
10:24:42.346 [main] DEBUG org.hibernate.type.BasicTypeRegistry - Adding type registration OffsetTimeWithoutTimezone -> org.hibernate.type.BasicTypeReference@27abb83e
10:24:42.346 [main] DEBUG org.hibernate.type.BasicTypeRegistry - Adding type registration ZonedDateTime -> org.hibernate.type.BasicTypeReference@69e308c6
10:24:42.346 [main] DEBUG org.hibernate.type.BasicTypeRegistry - Adding type registration java.time.ZonedDateTime -> org.hibernate.type.BasicTypeReference@69e308c6
10:24:42.346 [main] DEBUG org.hibernate.type.BasicTypeRegistry - Adding type registration ZonedDateTimeWithTimezone -> org.hibernate.type.BasicTypeReference@1a1ed4e5
10:24:42.346 [main] DEBUG org.hibernate.type.BasicTypeRegistry - Adding type registration ZonedDateTimeWithoutTimezone -> org.hibernate.type.BasicTypeReference@667e34b1
10:24:42.346 [main] DEBUG org.hibernate.type.BasicTypeRegistry - Adding type registration date -> org.hibernate.type.BasicTypeReference@1c6e0a08
10:24:42.346 [main] DEBUG org.hibernate.type.BasicTypeRegistry - Adding type registration java.sql.Date -> org.hibernate.type.BasicTypeReference@1c6e0a08
10:24:42.346 [main] DEBUG org.hibernate.type.BasicTypeRegistry - Adding type registration time -> org.hibernate.type.BasicTypeReference@6dba847b
10:24:42.346 [main] DEBUG org.hibernate.type.BasicTypeRegistry - Adding type registration java.sql.Time -> org.hibernate.type.BasicTypeReference@6dba847b
10:24:42.346 [main] DEBUG org.hibernate.type.BasicTypeRegistry - Adding type registration timestamp -> org.hibernate.type.BasicTypeReference@1efdcd5
10:24:42.346 [main] DEBUG org.hibernate.type.BasicTypeRegistry - Adding type registration java.sql.Timestamp -> org.hibernate.type.BasicTypeReference@1efdcd5
10:24:42.346 [main] DEBUG org.hibernate.type.BasicTypeRegistry - Adding type registration java.util.Date -> org.hibernate.type.BasicTypeReference@1efdcd5
10:24:42.346 [main] DEBUG org.hibernate.type.BasicTypeRegistry - Adding type registration calendar -> org.hibernate.type.BasicTypeReference@1623bbe5
10:24:42.346 [main] DEBUG org.hibernate.type.BasicTypeRegistry - Adding type registration java.util.Calendar -> org.hibernate.type.BasicTypeReference@1623bbe5
10:24:42.346 [main] DEBUG org.hibernate.type.BasicTypeRegistry - Adding type registration java.util.GregorianCalendar -> org.hibernate.type.BasicTypeReference@1623bbe5
10:24:42.346 [main] DEBUG org.hibernate.type.BasicTypeRegistry - Adding type registration calendar_date -> org.hibernate.type.BasicTypeReference@7af1cd63
10:24:42.346 [main] DEBUG org.hibernate.type.BasicTypeRegistry - Adding type registration calendar_time -> org.hibernate.type.BasicTypeReference@4351171a
10:24:42.346 [main] DEBUG org.hibernate.type.BasicTypeRegistry - Adding type registration instant -> org.hibernate.type.BasicTypeReference@3c2772d1
10:24:42.346 [main] DEBUG org.hibernate.type.BasicTypeRegistry - Adding type registration java.time.Instant -> org.hibernate.type.BasicTypeReference@3c2772d1
10:24:42.346 [main] DEBUG org.hibernate.type.BasicTypeRegistry - Adding type registration uuid -> org.hibernate.type.BasicTypeReference@37d00a23
10:24:42.346 [main] DEBUG org.hibernate.type.BasicTypeRegistry - Adding type registration java.util.UUID -> org.hibernate.type.BasicTypeReference@37d00a23
10:24:42.346 [main] DEBUG org.hibernate.type.BasicTypeRegistry - Adding type registration pg-uuid -> org.hibernate.type.BasicTypeReference@37d00a23
10:24:42.346 [main] DEBUG org.hibernate.type.BasicTypeRegistry - Adding type registration uuid-binary -> org.hibernate.type.BasicTypeReference@433e536f
10:24:42.346 [main] DEBUG org.hibernate.type.BasicTypeRegistry - Adding type registration uuid-char -> org.hibernate.type.BasicTypeReference@89c65d5
10:24:42.346 [main] DEBUG org.hibernate.type.BasicTypeRegistry - Adding type registration class -> org.hibernate.type.BasicTypeReference@faa3fed
10:24:42.346 [main] DEBUG org.hibernate.type.BasicTypeRegistry - Adding type registration java.lang.Class -> org.hibernate.type.BasicTypeReference@faa3fed
10:24:42.346 [main] DEBUG org.hibernate.type.BasicTypeRegistry - Adding type registration currency -> org.hibernate.type.BasicTypeReference@988246e
10:24:42.346 [main] DEBUG org.hibernate.type.BasicTypeRegistry - Adding type registration Currency -> org.hibernate.type.BasicTypeReference@988246e
10:24:42.346 [main] DEBUG org.hibernate.type.BasicTypeRegistry - Adding type registration java.util.Currency -> org.hibernate.type.BasicTypeReference@988246e
10:24:42.346 [main] DEBUG org.hibernate.type.BasicTypeRegistry - Adding type registration locale -> org.hibernate.type.BasicTypeReference@62515a47
10:24:42.346 [main] DEBUG org.hibernate.type.BasicTypeRegistry - Adding type registration java.util.Locale -> org.hibernate.type.BasicTypeReference@62515a47
10:24:42.346 [main] DEBUG org.hibernate.type.BasicTypeRegistry - Adding type registration serializable -> org.hibernate.type.BasicTypeReference@3c5a54b7
10:24:42.346 [main] DEBUG org.hibernate.type.BasicTypeRegistry - Adding type registration java.io.Serializable -> org.hibernate.type.BasicTypeReference@3c5a54b7
10:24:42.346 [main] DEBUG org.hibernate.type.BasicTypeRegistry - Adding type registration timezone -> org.hibernate.type.BasicTypeReference@61f2c3f0
10:24:42.346 [main] DEBUG org.hibernate.type.BasicTypeRegistry - Adding type registration java.util.TimeZone -> org.hibernate.type.BasicTypeReference@61f2c3f0
10:24:42.346 [main] DEBUG org.hibernate.type.BasicTypeRegistry - Adding type registration ZoneOffset -> org.hibernate.type.BasicTypeReference@291120f4
10:24:42.346 [main] DEBUG org.hibernate.type.BasicTypeRegistry - Adding type registration java.time.ZoneOffset -> org.hibernate.type.BasicTypeReference@291120f4
10:24:42.346 [main] DEBUG org.hibernate.type.BasicTypeRegistry - Adding type registration url -> org.hibernate.type.BasicTypeReference@417ad4f3
10:24:42.346 [main] DEBUG org.hibernate.type.BasicTypeRegistry - Adding type registration java.net.URL -> org.hibernate.type.BasicTypeReference@417ad4f3
10:24:42.346 [main] DEBUG org.hibernate.type.BasicTypeRegistry - Adding type registration vector -> org.hibernate.type.BasicTypeReference@2f6bcf87
10:24:42.346 [main] DEBUG org.hibernate.type.BasicTypeRegistry - Adding type registration row_version -> org.hibernate.type.BasicTypeReference@58f174d9
10:24:42.346 [main] DEBUG org.hibernate.type.BasicTypeRegistry - Adding type registration object -> org.hibernate.type.JavaObjectType@34237b90
10:24:42.346 [main] DEBUG org.hibernate.type.BasicTypeRegistry - Adding type registration java.lang.Object -> org.hibernate.type.JavaObjectType@34237b90
10:24:42.346 [main] DEBUG org.hibernate.type.BasicTypeRegistry - Adding type registration null -> org.hibernate.type.NullType@267bbe1a
10:24:42.346 [main] DEBUG org.hibernate.type.BasicTypeRegistry - Adding type registration imm_date -> org.hibernate.type.BasicTypeReference@5c723d46
10:24:42.346 [main] DEBUG org.hibernate.type.BasicTypeRegistry - Adding type registration imm_time -> org.hibernate.type.BasicTypeReference@34f7c4d1
10:24:42.346 [main] DEBUG org.hibernate.type.BasicTypeRegistry - Adding type registration imm_timestamp -> org.hibernate.type.BasicTypeReference@4f0dc968
10:24:42.346 [main] DEBUG org.hibernate.type.BasicTypeRegistry - Adding type registration imm_calendar -> org.hibernate.type.BasicTypeReference@37539648
10:24:42.346 [main] DEBUG org.hibernate.type.BasicTypeRegistry - Adding type registration imm_calendar_date -> org.hibernate.type.BasicTypeReference@7a0605e9
10:24:42.346 [main] DEBUG org.hibernate.type.BasicTypeRegistry - Adding type registration imm_calendar_time -> org.hibernate.type.BasicTypeReference@70dd8734
10:24:42.346 [main] DEBUG org.hibernate.type.BasicTypeRegistry - Adding type registration imm_binary -> org.hibernate.type.BasicTypeReference@51ba56ce
10:24:42.346 [main] DEBUG org.hibernate.type.BasicTypeRegistry - Adding type registration imm_serializable -> org.hibernate.type.BasicTypeReference@7af07b67
10:24:42.346 [main] DEBUG org.hibernate.boot.internal.BootstrapContextImpl - Injecting ScanEnvironment [org.hibernate.jpa.boot.internal.StandardJpaScanEnvironmentImpl@3013109d] into BootstrapContext; was [null]
10:24:42.346 [main] DEBUG org.hibernate.boot.internal.BootstrapContextImpl - Injecting ScanOptions [org.hibernate.boot.archive.scan.internal.StandardScanOptions@2cebc58c] into BootstrapContext; was [org.hibernate.boot.archive.scan.internal.StandardScanOptions@2fe4faf9]
10:24:42.390 [main] DEBUG org.hibernate.boot.internal.BootstrapContextImpl - Injecting JPA temp ClassLoader [null] into BootstrapContext; was [null]
10:24:42.390 [main] DEBUG org.hibernate.boot.internal.ClassLoaderAccessImpl - ClassLoaderAccessImpl#injectTempClassLoader(null) [was null]
10:24:42.391 [main] INFO org.hibernate.engine.jdbc.connections.internal.ConnectionProviderInitiator - HHH000130: Instantiating explicit connection provider: org.hibernate.hikaricp.internal.HikariCPConnectionProvider
10:24:42.391 [main] DEBUG org.hibernate.hikaricp.internal.HikariCPConnectionProvider - Configuring HikariCP
10:24:42.391 [main] DEBUG com.zaxxer.hikari.HikariConfig - Driver class org.h2.Driver found in Thread context class loader jdk.internal.loader.ClassLoaders$AppClassLoader@70dea4e
10:24:42.391 [main] DEBUG com.zaxxer.hikari.HikariConfig - FRC-PM-HikariCP - configuration:
10:24:42.391 [main] DEBUG com.zaxxer.hikari.HikariConfig - allowPoolSuspension.............false
10:24:42.391 [main] DEBUG com.zaxxer.hikari.HikariConfig - autoCommit......................true
10:24:42.391 [main] DEBUG com.zaxxer.hikari.HikariConfig - catalog.........................none
10:24:42.391 [main] DEBUG com.zaxxer.hikari.HikariConfig - connectionInitSql...............none
10:24:42.391 [main] DEBUG com.zaxxer.hikari.HikariConfig - connectionTestQuery.............none
10:24:42.391 [main] DEBUG com.zaxxer.hikari.HikariConfig - connectionTimeout...............10000
10:24:42.391 [main] DEBUG com.zaxxer.hikari.HikariConfig - dataSource......................none
10:24:42.391 [main] DEBUG com.zaxxer.hikari.HikariConfig - dataSourceClassName.............none
10:24:42.391 [main] DEBUG com.zaxxer.hikari.HikariConfig - dataSourceJNDI..................none
10:24:42.391 [main] DEBUG com.zaxxer.hikari.HikariConfig - dataSourceProperties............{password=<masked>}
10:24:42.391 [main] DEBUG com.zaxxer.hikari.HikariConfig - driverClassName................."org.h2.Driver"
10:24:42.391 [main] DEBUG com.zaxxer.hikari.HikariConfig - exceptionOverrideClassName......none
10:24:42.391 [main] DEBUG com.zaxxer.hikari.HikariConfig - healthCheckProperties...........{}
10:24:42.391 [main] DEBUG com.zaxxer.hikari.HikariConfig - healthCheckRegistry.............none
10:24:42.391 [main] DEBUG com.zaxxer.hikari.HikariConfig - idleTimeout.....................30000
10:24:42.391 [main] DEBUG com.zaxxer.hikari.HikariConfig - initializationFailTimeout.......1
10:24:42.391 [main] DEBUG com.zaxxer.hikari.HikariConfig - isolateInternalQueries..........false
10:24:42.391 [main] DEBUG com.zaxxer.hikari.HikariConfig - jdbcUrl.........................jdbc:h2:file:C:\Users\dhiebert\.frcpm\frcpm
10:24:42.391 [main] DEBUG com.zaxxer.hikari.HikariConfig - keepaliveTime...................0
10:24:42.391 [main] DEBUG com.zaxxer.hikari.HikariConfig - leakDetectionThreshold..........0
10:24:42.391 [main] DEBUG com.zaxxer.hikari.HikariConfig - maxLifetime.....................1800000
10:24:42.391 [main] DEBUG com.zaxxer.hikari.HikariConfig - maximumPoolSize.................10
10:24:42.391 [main] DEBUG com.zaxxer.hikari.HikariConfig - metricRegistry..................none
10:24:42.391 [main] DEBUG com.zaxxer.hikari.HikariConfig - metricsTrackerFactory...........none
10:24:42.391 [main] DEBUG com.zaxxer.hikari.HikariConfig - minimumIdle.....................2
10:24:42.391 [main] DEBUG com.zaxxer.hikari.HikariConfig - password........................<masked>
10:24:42.391 [main] DEBUG com.zaxxer.hikari.HikariConfig - poolName........................"FRC-PM-HikariCP"
10:24:42.391 [main] DEBUG com.zaxxer.hikari.HikariConfig - readOnly........................false
10:24:42.391 [main] DEBUG com.zaxxer.hikari.HikariConfig - registerMbeans..................false
10:24:42.391 [main] DEBUG com.zaxxer.hikari.HikariConfig - scheduledExecutor...............none
10:24:42.391 [main] DEBUG com.zaxxer.hikari.HikariConfig - schema..........................none
10:24:42.391 [main] DEBUG com.zaxxer.hikari.HikariConfig - threadFactory...................internal
10:24:42.391 [main] DEBUG com.zaxxer.hikari.HikariConfig - transactionIsolation............default
10:24:42.391 [main] DEBUG com.zaxxer.hikari.HikariConfig - username........................"sa"
10:24:42.391 [main] DEBUG com.zaxxer.hikari.HikariConfig - validationTimeout...............5000
10:24:42.391 [main] INFO com.zaxxer.hikari.HikariDataSource - FRC-PM-HikariCP - Starting...
10:24:42.400 [main] INFO com.zaxxer.hikari.pool.HikariPool - FRC-PM-HikariCP - Added connection conn115: url=jdbc:h2:file:C:\Users\dhiebert\.frcpm\frcpm user=SA
10:24:42.400 [main] INFO com.zaxxer.hikari.HikariDataSource - FRC-PM-HikariCP - Start completed.
10:24:42.400 [main] DEBUG org.hibernate.hikaricp.internal.HikariCPConnectionProvider - HikariCP Configured
10:24:42.400 [main] DEBUG org.hibernate.engine.jdbc.env.internal.JdbcEnvironmentInitiator - Database ->
	   name : H2
	version : 2.2.224 (2023-09-17)
	  major : 2
	  minor : 2
10:24:42.400 [main] DEBUG org.hibernate.engine.jdbc.env.internal.JdbcEnvironmentInitiator - Driver ->
	   name : H2 JDBC Driver
	version : 2.2.224 (2023-09-17)
	  major : 2
	  minor : 2
10:24:42.400 [main] DEBUG org.hibernate.engine.jdbc.env.internal.JdbcEnvironmentInitiator - JDBC version : 4.2
10:24:42.400 [main] WARN org.hibernate.orm.deprecation - HHH90000025: H2Dialect does not need to be specified explicitly using 'hibernate.dialect' (remove the property setting and it will be selected by default)
10:24:42.400 [main] DEBUG org.hibernate.orm.dialect - HHH035001: Using dialect: org.hibernate.dialect.H2Dialect, version: 2.2.224
10:24:42.400 [main] DEBUG org.hibernate.engine.jdbc.env.spi.IdentifierHelperBuilder - JDBC driver metadata reported database stores quoted identifiers in neither upper, lower nor mixed case
10:24:42.401 [main] DEBUG org.hibernate.type.descriptor.jdbc.spi.JdbcTypeRegistry - addDescriptor(NCharTypeDescriptor) replaced previous registration(CharTypeDescriptor)
10:24:42.401 [main] DEBUG org.hibernate.type.descriptor.jdbc.spi.JdbcTypeRegistry - addDescriptor(NVarcharTypeDescriptor) replaced previous registration(VarcharTypeDescriptor)
10:24:42.401 [main] DEBUG org.hibernate.type.descriptor.jdbc.spi.JdbcTypeRegistry - addDescriptor(LongNVarcharTypeDescriptor) replaced previous registration(LongVarcharTypeDescriptor)
10:24:42.401 [main] DEBUG org.hibernate.type.descriptor.jdbc.spi.JdbcTypeRegistry - addDescriptor(NClobTypeDescriptor(DEFAULT)) replaced previous registration(ClobTypeDescriptor(DEFAULT))
10:24:42.401 [main] DEBUG org.hibernate.type.descriptor.jdbc.spi.JdbcTypeRegistry - addDescriptor(2005, ClobTypeDescriptor(STREAM_BINDING)) replaced previous registration(ClobTypeDescriptor(DEFAULT))
10:24:42.401 [main] DEBUG org.hibernate.type.descriptor.jdbc.spi.JdbcTypeRegistry - addDescriptor(TimestampUtcDescriptor) replaced previous registration(TimestampUtcDescriptor)
10:24:42.401 [main] DEBUG org.hibernate.type.BasicTypeRegistry - Adding type registration org.hibernate.type.DurationType -> basicType@1612(java.time.Duration,3015)
10:24:42.401 [main] DEBUG org.hibernate.type.BasicTypeRegistry - Adding type registration Duration -> basicType@1612(java.time.Duration,3015)
10:24:42.401 [main] DEBUG org.hibernate.type.BasicTypeRegistry - Adding type registration java.time.Duration -> basicType@1612(java.time.Duration,3015)
10:24:42.401 [main] DEBUG org.hibernate.type.spi.TypeConfiguration$Scope - Scoping TypeConfiguration [org.hibernate.type.spi.TypeConfiguration@3098e99b] to MetadataBuildingContext [org.hibernate.boot.internal.MetadataBuildingContextRootImpl@e9023a6]
10:24:42.401 [main] DEBUG org.hibernate.boot.model.relational.Namespace - Created database namespace [logicalName=Name{catalog=null, schema=null}, physicalName=Name{catalog=null, schema=null}]
10:24:42.405 [main] DEBUG org.hibernate.boot.model.internal.EntityBinder - Binding entity from annotated class: org.frcpm.models.Attendance
10:24:42.405 [main] DEBUG org.hibernate.boot.model.internal.EntityBinder - Import with entity name Attendance
10:24:42.405 [main] DEBUG org.hibernate.boot.model.internal.EntityBinder - Bind entity org.frcpm.models.Attendance on table attendances
10:24:42.405 [main] DEBUG org.hibernate.boot.model.internal.AnnotatedColumn - Binding column: AnnotatedDiscriminatorColumn(column='DTYPE')
10:24:42.405 [main] DEBUG org.hibernate.boot.model.internal.AnnotatedColumn - Binding column: AnnotatedColumn()
10:24:42.405 [main] DEBUG org.hibernate.boot.internal.ClassLoaderAccessImpl - Not known whether passed class name [org.frcpm.models.Attendance] is safe
10:24:42.405 [main] DEBUG org.hibernate.boot.internal.ClassLoaderAccessImpl - No temp ClassLoader provided; using live ClassLoader for loading potentially unsafe class : org.frcpm.models.Attendance
10:24:42.406 [main] DEBUG org.hibernate.boot.model.internal.PropertyBinder - MetadataSourceProcessor property id with lazy=false
10:24:42.406 [main] DEBUG org.hibernate.boot.model.internal.AbstractPropertyHolder - Attempting to locate auto-apply AttributeConverter for property [org.frcpm.models.Attendance:id]
10:24:42.406 [main] DEBUG org.hibernate.boot.model.internal.BasicValueBinder - building BasicValue for id
10:24:42.406 [main] DEBUG org.hibernate.mapping.BasicValue - Skipping column re-registration: attendances.id
10:24:42.406 [main] DEBUG org.hibernate.boot.model.internal.PropertyBinder - Building property id
10:24:42.406 [main] DEBUG org.hibernate.boot.model.internal.BinderHelper - #makeIdGenerator(BasicValue([Column(id)]), id, identity, , ...)
10:24:42.406 [main] DEBUG org.hibernate.boot.model.internal.AnnotatedColumn - Binding column: AnnotatedColumn(column='arrival_time')
10:24:42.406 [main] DEBUG org.hibernate.boot.model.internal.PropertyBinder - MetadataSourceProcessor property arrivalTime with lazy=false
10:24:42.406 [main] DEBUG org.hibernate.boot.model.internal.AbstractPropertyHolder - Attempting to locate auto-apply AttributeConverter for property [org.frcpm.models.Attendance:arrivalTime]
10:24:42.406 [main] DEBUG org.hibernate.boot.model.internal.BasicValueBinder - building BasicValue for arrivalTime
10:24:42.406 [main] DEBUG org.hibernate.mapping.BasicValue - Skipping column re-registration: attendances.arrival_time
10:24:42.406 [main] DEBUG org.hibernate.boot.model.internal.PropertyBinder - Building property arrivalTime
10:24:42.406 [main] DEBUG org.hibernate.boot.model.internal.AnnotatedColumn - Binding column: AnnotatedColumn(column='departure_time')
10:24:42.406 [main] DEBUG org.hibernate.boot.model.internal.PropertyBinder - MetadataSourceProcessor property departureTime with lazy=false
10:24:42.406 [main] DEBUG org.hibernate.boot.model.internal.AbstractPropertyHolder - Attempting to locate auto-apply AttributeConverter for property [org.frcpm.models.Attendance:departureTime]
10:24:42.406 [main] DEBUG org.hibernate.boot.model.internal.BasicValueBinder - building BasicValue for departureTime
10:24:42.406 [main] DEBUG org.hibernate.mapping.BasicValue - Skipping column re-registration: attendances.departure_time
10:24:42.406 [main] DEBUG org.hibernate.boot.model.internal.PropertyBinder - Building property departureTime
10:24:42.406 [main] DEBUG org.hibernate.boot.model.internal.AnnotatedColumn - Binding column: AnnotatedJoinColumn(column='meeting_id')
10:24:42.407 [main] DEBUG org.hibernate.boot.model.internal.AnnotatedColumn - Binding column: AnnotatedColumn()
10:24:42.407 [main] DEBUG org.hibernate.boot.model.internal.PropertyBinder - Building property meeting
10:24:42.407 [main] DEBUG org.hibernate.boot.model.internal.AnnotatedColumn - Binding column: AnnotatedJoinColumn(column='member_id')
10:24:42.407 [main] DEBUG org.hibernate.boot.model.internal.AnnotatedColumn - Binding column: AnnotatedColumn()
10:24:42.407 [main] DEBUG org.hibernate.boot.model.internal.PropertyBinder - Building property member
10:24:42.407 [main] DEBUG org.hibernate.boot.model.internal.AnnotatedColumn - Binding column: AnnotatedColumn(column='present')
10:24:42.407 [main] DEBUG org.hibernate.boot.model.internal.PropertyBinder - MetadataSourceProcessor property present with lazy=false
10:24:42.407 [main] DEBUG org.hibernate.boot.model.internal.AbstractPropertyHolder - Attempting to locate auto-apply AttributeConverter for property [org.frcpm.models.Attendance:present]
10:24:42.407 [main] DEBUG org.hibernate.boot.model.internal.BasicValueBinder - building BasicValue for present
10:24:42.407 [main] DEBUG org.hibernate.mapping.BasicValue - Skipping column re-registration: attendances.present
10:24:42.407 [main] DEBUG org.hibernate.boot.model.internal.PropertyBinder - Building property present
10:24:42.408 [main] DEBUG org.hibernate.boot.registry.classloading.internal.ClassLoaderServiceImpl - HHH000194: Package not found or no package-info.java: org.frcpm.models
10:24:42.408 [main] DEBUG org.hibernate.boot.model.internal.EntityBinder - Binding entity from annotated class: org.frcpm.models.Meeting
10:24:42.408 [main] DEBUG org.hibernate.boot.model.internal.EntityBinder - Import with entity name Meeting
10:24:42.408 [main] DEBUG org.hibernate.boot.model.internal.EntityBinder - Bind entity org.frcpm.models.Meeting on table meetings
10:24:42.409 [main] DEBUG org.hibernate.boot.model.internal.AnnotatedColumn - Binding column: AnnotatedDiscriminatorColumn(column='DTYPE')
10:24:42.409 [main] DEBUG org.hibernate.boot.model.internal.AnnotatedColumn - Binding column: AnnotatedColumn()
10:24:42.409 [main] DEBUG org.hibernate.boot.internal.ClassLoaderAccessImpl - Not known whether passed class name [org.frcpm.models.Meeting] is safe
10:24:42.409 [main] DEBUG org.hibernate.boot.internal.ClassLoaderAccessImpl - No temp ClassLoader provided; using live ClassLoader for loading potentially unsafe class : org.frcpm.models.Meeting
10:24:42.409 [main] DEBUG org.hibernate.boot.model.internal.PropertyBinder - MetadataSourceProcessor property id with lazy=false
10:24:42.409 [main] DEBUG org.hibernate.boot.model.internal.AbstractPropertyHolder - Attempting to locate auto-apply AttributeConverter for property [org.frcpm.models.Meeting:id]
10:24:42.409 [main] DEBUG org.hibernate.boot.model.internal.BasicValueBinder - building BasicValue for id
10:24:42.409 [main] DEBUG org.hibernate.mapping.BasicValue - Skipping column re-registration: meetings.id
10:24:42.409 [main] DEBUG org.hibernate.boot.model.internal.PropertyBinder - Building property id
10:24:42.409 [main] DEBUG org.hibernate.boot.model.internal.BinderHelper - #makeIdGenerator(BasicValue([Column(id)]), id, identity, , ...)
10:24:42.409 [main] DEBUG org.hibernate.boot.model.internal.AnnotatedColumn - Binding column: AnnotatedJoinColumn()
10:24:42.409 [main] DEBUG org.hibernate.boot.model.internal.AnnotatedColumn - Binding column: AnnotatedColumn()
10:24:42.409 [main] DEBUG org.hibernate.boot.model.internal.AnnotatedColumn - Binding column: IndexColumn(column='attendances_ORDER')
10:24:42.409 [main] DEBUG org.hibernate.boot.model.internal.AnnotatedColumn - Binding column: AnnotatedColumn()
10:24:42.409 [main] DEBUG org.hibernate.boot.model.internal.AnnotatedColumn - Binding column: AnnotatedColumn(column='attendances_KEY')
10:24:42.409 [main] DEBUG org.hibernate.boot.model.internal.AnnotatedColumn - Binding column: AnnotatedJoinColumn(column='attendances_KEY')
10:24:42.409 [main] DEBUG org.hibernate.boot.model.internal.AnnotatedColumn - Binding column: AnnotatedJoinColumn()
10:24:42.409 [main] DEBUG org.hibernate.boot.model.internal.AnnotatedColumn - Binding column: AnnotatedJoinColumn()
10:24:42.409 [main] DEBUG org.hibernate.boot.model.internal.CollectionBinder - Collection role: org.frcpm.models.Meeting.attendances
10:24:42.409 [main] DEBUG org.hibernate.boot.model.internal.PropertyBinder - Building property attendances
10:24:42.409 [main] DEBUG org.hibernate.boot.model.internal.AnnotatedColumn - Binding column: AnnotatedColumn(column='date')
10:24:42.409 [main] DEBUG org.hibernate.boot.model.internal.PropertyBinder - MetadataSourceProcessor property date with lazy=false
10:24:42.409 [main] DEBUG org.hibernate.boot.model.internal.AbstractPropertyHolder - Attempting to locate auto-apply AttributeConverter for property [org.frcpm.models.Meeting:date]
10:24:42.409 [main] DEBUG org.hibernate.boot.model.internal.BasicValueBinder - building BasicValue for date
10:24:42.409 [main] DEBUG org.hibernate.mapping.BasicValue - Skipping column re-registration: meetings.date
10:24:42.409 [main] DEBUG org.hibernate.boot.model.internal.PropertyBinder - Building property date
10:24:42.409 [main] DEBUG org.hibernate.boot.model.internal.AnnotatedColumn - Binding column: AnnotatedColumn(column='end_time')
10:24:42.409 [main] DEBUG org.hibernate.boot.model.internal.PropertyBinder - MetadataSourceProcessor property endTime with lazy=false
10:24:42.409 [main] DEBUG org.hibernate.boot.model.internal.AbstractPropertyHolder - Attempting to locate auto-apply AttributeConverter for property [org.frcpm.models.Meeting:endTime]
10:24:42.409 [main] DEBUG org.hibernate.boot.model.internal.BasicValueBinder - building BasicValue for endTime
10:24:42.409 [main] DEBUG org.hibernate.mapping.BasicValue - Skipping column re-registration: meetings.end_time
10:24:42.409 [main] DEBUG org.hibernate.boot.model.internal.PropertyBinder - Building property endTime
10:24:42.409 [main] DEBUG org.hibernate.boot.model.internal.AnnotatedColumn - Binding column: AnnotatedColumn(column='notes')
10:24:42.409 [main] DEBUG org.hibernate.boot.model.internal.PropertyBinder - MetadataSourceProcessor property notes with lazy=false
10:24:42.409 [main] DEBUG org.hibernate.boot.model.internal.AbstractPropertyHolder - Attempting to locate auto-apply AttributeConverter for property [org.frcpm.models.Meeting:notes]
10:24:42.409 [main] DEBUG org.hibernate.boot.model.internal.BasicValueBinder - building BasicValue for notes
10:24:42.409 [main] DEBUG org.hibernate.mapping.BasicValue - Skipping column re-registration: meetings.notes
10:24:42.409 [main] DEBUG org.hibernate.boot.model.internal.PropertyBinder - Building property notes
10:24:42.409 [main] DEBUG org.hibernate.boot.model.internal.AnnotatedColumn - Binding column: AnnotatedJoinColumn(column='project_id')
10:24:42.409 [main] DEBUG org.hibernate.boot.model.internal.AnnotatedColumn - Binding column: AnnotatedColumn()
10:24:42.409 [main] DEBUG org.hibernate.boot.model.internal.PropertyBinder - Building property project
10:24:42.409 [main] DEBUG org.hibernate.boot.model.internal.AnnotatedColumn - Binding column: AnnotatedColumn(column='start_time')
10:24:42.409 [main] DEBUG org.hibernate.boot.model.internal.PropertyBinder - MetadataSourceProcessor property startTime with lazy=false
10:24:42.409 [main] DEBUG org.hibernate.boot.model.internal.AbstractPropertyHolder - Attempting to locate auto-apply AttributeConverter for property [org.frcpm.models.Meeting:startTime]
10:24:42.409 [main] DEBUG org.hibernate.boot.model.internal.BasicValueBinder - building BasicValue for startTime
10:24:42.409 [main] DEBUG org.hibernate.mapping.BasicValue - Skipping column re-registration: meetings.start_time
10:24:42.409 [main] DEBUG org.hibernate.boot.model.internal.PropertyBinder - Building property startTime
10:24:42.410 [main] DEBUG org.hibernate.boot.registry.classloading.internal.ClassLoaderServiceImpl - HHH000194: Package not found or no package-info.java: org.frcpm.models
10:24:42.410 [main] DEBUG org.hibernate.boot.model.internal.EntityBinder - Binding entity from annotated class: org.frcpm.models.Subsystem
10:24:42.410 [main] DEBUG org.hibernate.boot.model.internal.EntityBinder - Import with entity name Subsystem
10:24:42.410 [main] DEBUG org.hibernate.boot.model.internal.EntityBinder - Bind entity org.frcpm.models.Subsystem on table subsystems
10:24:42.410 [main] DEBUG org.hibernate.boot.model.internal.AnnotatedColumn - Binding column: AnnotatedDiscriminatorColumn(column='DTYPE')
10:24:42.410 [main] DEBUG org.hibernate.boot.model.internal.AnnotatedColumn - Binding column: AnnotatedColumn()
10:24:42.410 [main] DEBUG org.hibernate.boot.internal.ClassLoaderAccessImpl - Not known whether passed class name [org.frcpm.models.Subsystem] is safe
10:24:42.410 [main] DEBUG org.hibernate.boot.internal.ClassLoaderAccessImpl - No temp ClassLoader provided; using live ClassLoader for loading potentially unsafe class : org.frcpm.models.Subsystem
10:24:42.410 [main] DEBUG org.hibernate.boot.model.internal.PropertyBinder - MetadataSourceProcessor property id with lazy=false
10:24:42.410 [main] DEBUG org.hibernate.boot.model.internal.AbstractPropertyHolder - Attempting to locate auto-apply AttributeConverter for property [org.frcpm.models.Subsystem:id]
10:24:42.410 [main] DEBUG org.hibernate.boot.model.internal.BasicValueBinder - building BasicValue for id
10:24:42.410 [main] DEBUG org.hibernate.mapping.BasicValue - Skipping column re-registration: subsystems.id
10:24:42.410 [main] DEBUG org.hibernate.boot.model.internal.PropertyBinder - Building property id
10:24:42.410 [main] DEBUG org.hibernate.boot.model.internal.BinderHelper - #makeIdGenerator(BasicValue([Column(id)]), id, identity, , ...)
10:24:42.410 [main] DEBUG org.hibernate.boot.model.internal.AnnotatedColumn - Binding column: AnnotatedColumn(column='description')
10:24:42.410 [main] DEBUG org.hibernate.boot.model.internal.PropertyBinder - MetadataSourceProcessor property description with lazy=false
10:24:42.410 [main] DEBUG org.hibernate.boot.model.internal.AbstractPropertyHolder - Attempting to locate auto-apply AttributeConverter for property [org.frcpm.models.Subsystem:description]
10:24:42.410 [main] DEBUG org.hibernate.boot.model.internal.BasicValueBinder - building BasicValue for description
10:24:42.410 [main] DEBUG org.hibernate.mapping.BasicValue - Skipping column re-registration: subsystems.description
10:24:42.410 [main] DEBUG org.hibernate.boot.model.internal.PropertyBinder - Building property description
10:24:42.410 [main] DEBUG org.hibernate.boot.model.internal.AnnotatedColumn - Binding column: AnnotatedColumn(column='name')
10:24:42.410 [main] DEBUG org.hibernate.boot.model.internal.PropertyBinder - MetadataSourceProcessor property name with lazy=false
10:24:42.410 [main] DEBUG org.hibernate.boot.model.internal.AbstractPropertyHolder - Attempting to locate auto-apply AttributeConverter for property [org.frcpm.models.Subsystem:name]
10:24:42.410 [main] DEBUG org.hibernate.boot.model.internal.BasicValueBinder - building BasicValue for name
10:24:42.410 [main] DEBUG org.hibernate.mapping.BasicValue - Skipping column re-registration: subsystems.name
10:24:42.410 [main] DEBUG org.hibernate.boot.model.internal.PropertyBinder - Building property name
10:24:42.410 [main] DEBUG org.hibernate.boot.model.internal.AnnotatedColumn - Binding column: AnnotatedJoinColumn(column='responsible_subteam_id')
10:24:42.410 [main] DEBUG org.hibernate.boot.model.internal.AnnotatedColumn - Binding column: AnnotatedColumn()
10:24:42.410 [main] DEBUG org.hibernate.boot.model.internal.PropertyBinder - Building property responsibleSubteam
10:24:42.410 [main] DEBUG org.hibernate.boot.model.internal.AnnotatedColumn - Binding column: AnnotatedColumn(column='status')
10:24:42.410 [main] DEBUG org.hibernate.boot.model.internal.PropertyBinder - MetadataSourceProcessor property status with lazy=false
10:24:42.410 [main] DEBUG org.hibernate.boot.model.internal.AbstractPropertyHolder - Attempting to locate auto-apply AttributeConverter for property [org.frcpm.models.Subsystem:status]
10:24:42.410 [main] DEBUG org.hibernate.boot.model.internal.BasicValueBinder - building BasicValue for status
10:24:42.410 [main] DEBUG org.hibernate.mapping.BasicValue - Skipping column re-registration: subsystems.status
10:24:42.410 [main] DEBUG org.hibernate.boot.model.internal.PropertyBinder - Building property status
10:24:42.410 [main] DEBUG org.hibernate.boot.model.internal.AnnotatedColumn - Binding column: AnnotatedJoinColumn()
10:24:42.410 [main] DEBUG org.hibernate.boot.model.internal.AnnotatedColumn - Binding column: AnnotatedColumn()
10:24:42.410 [main] DEBUG org.hibernate.boot.model.internal.AnnotatedColumn - Binding column: IndexColumn(column='tasks_ORDER')
10:24:42.410 [main] DEBUG org.hibernate.boot.model.internal.AnnotatedColumn - Binding column: AnnotatedColumn()
10:24:42.410 [main] DEBUG org.hibernate.boot.model.internal.AnnotatedColumn - Binding column: AnnotatedColumn(column='tasks_KEY')
10:24:42.410 [main] DEBUG org.hibernate.boot.model.internal.AnnotatedColumn - Binding column: AnnotatedJoinColumn(column='tasks_KEY')
10:24:42.410 [main] DEBUG org.hibernate.boot.model.internal.AnnotatedColumn - Binding column: AnnotatedJoinColumn()
10:24:42.410 [main] DEBUG org.hibernate.boot.model.internal.AnnotatedColumn - Binding column: AnnotatedJoinColumn()
10:24:42.410 [main] DEBUG org.hibernate.boot.model.internal.CollectionBinder - Collection role: org.frcpm.models.Subsystem.tasks
10:24:42.410 [main] DEBUG org.hibernate.boot.model.internal.PropertyBinder - Building property tasks
10:24:42.411 [main] DEBUG org.hibernate.boot.registry.classloading.internal.ClassLoaderServiceImpl - HHH000194: Package not found or no package-info.java: org.frcpm.models
10:24:42.411 [main] DEBUG org.hibernate.boot.model.internal.EntityBinder - Binding entity from annotated class: org.frcpm.models.Component
10:24:42.411 [main] DEBUG org.hibernate.boot.model.internal.EntityBinder - Import with entity name Component
10:24:42.411 [main] DEBUG org.hibernate.boot.model.internal.EntityBinder - Bind entity org.frcpm.models.Component on table components
10:24:42.412 [main] DEBUG org.hibernate.boot.model.internal.AnnotatedColumn - Binding column: AnnotatedDiscriminatorColumn(column='DTYPE')
10:24:42.412 [main] DEBUG org.hibernate.boot.model.internal.AnnotatedColumn - Binding column: AnnotatedColumn()
10:24:42.412 [main] DEBUG org.hibernate.boot.internal.ClassLoaderAccessImpl - Not known whether passed class name [org.frcpm.models.Component] is safe
10:24:42.412 [main] DEBUG org.hibernate.boot.internal.ClassLoaderAccessImpl - No temp ClassLoader provided; using live ClassLoader for loading potentially unsafe class : org.frcpm.models.Component
10:24:42.412 [main] DEBUG org.hibernate.boot.model.internal.PropertyBinder - MetadataSourceProcessor property id with lazy=false
10:24:42.412 [main] DEBUG org.hibernate.boot.model.internal.AbstractPropertyHolder - Attempting to locate auto-apply AttributeConverter for property [org.frcpm.models.Component:id]
10:24:42.412 [main] DEBUG org.hibernate.boot.model.internal.BasicValueBinder - building BasicValue for id
10:24:42.412 [main] DEBUG org.hibernate.mapping.BasicValue - Skipping column re-registration: components.id
10:24:42.412 [main] DEBUG org.hibernate.boot.model.internal.PropertyBinder - Building property id
10:24:42.412 [main] DEBUG org.hibernate.boot.model.internal.BinderHelper - #makeIdGenerator(BasicValue([Column(id)]), id, identity, , ...)
10:24:42.412 [main] DEBUG org.hibernate.boot.model.internal.AnnotatedColumn - Binding column: AnnotatedColumn(column='actual_delivery')
10:24:42.412 [main] DEBUG org.hibernate.boot.model.internal.PropertyBinder - MetadataSourceProcessor property actualDelivery with lazy=false
10:24:42.412 [main] DEBUG org.hibernate.boot.model.internal.AbstractPropertyHolder - Attempting to locate auto-apply AttributeConverter for property [org.frcpm.models.Component:actualDelivery]
10:24:42.412 [main] DEBUG org.hibernate.boot.model.internal.BasicValueBinder - building BasicValue for actualDelivery
10:24:42.412 [main] DEBUG org.hibernate.mapping.BasicValue - Skipping column re-registration: components.actual_delivery
10:24:42.412 [main] DEBUG org.hibernate.boot.model.internal.PropertyBinder - Building property actualDelivery
10:24:42.412 [main] DEBUG org.hibernate.boot.model.internal.AnnotatedColumn - Binding column: AnnotatedColumn(column='is_delivered')
10:24:42.412 [main] DEBUG org.hibernate.boot.model.internal.PropertyBinder - MetadataSourceProcessor property delivered with lazy=false
10:24:42.412 [main] DEBUG org.hibernate.boot.model.internal.AbstractPropertyHolder - Attempting to locate auto-apply AttributeConverter for property [org.frcpm.models.Component:delivered]
10:24:42.412 [main] DEBUG org.hibernate.boot.model.internal.BasicValueBinder - building BasicValue for delivered
10:24:42.412 [main] DEBUG org.hibernate.mapping.BasicValue - Skipping column re-registration: components.is_delivered
10:24:42.412 [main] DEBUG org.hibernate.boot.model.internal.PropertyBinder - Building property delivered
10:24:42.412 [main] DEBUG org.hibernate.boot.model.internal.AnnotatedColumn - Binding column: AnnotatedColumn(column='description')
10:24:42.412 [main] DEBUG org.hibernate.boot.model.internal.PropertyBinder - MetadataSourceProcessor property description with lazy=false
10:24:42.412 [main] DEBUG org.hibernate.boot.model.internal.AbstractPropertyHolder - Attempting to locate auto-apply AttributeConverter for property [org.frcpm.models.Component:description]
10:24:42.412 [main] DEBUG org.hibernate.boot.model.internal.BasicValueBinder - building BasicValue for description
10:24:42.412 [main] DEBUG org.hibernate.mapping.BasicValue - Skipping column re-registration: components.description
10:24:42.412 [main] DEBUG org.hibernate.boot.model.internal.PropertyBinder - Building property description
10:24:42.412 [main] DEBUG org.hibernate.boot.model.internal.AnnotatedColumn - Binding column: AnnotatedColumn(column='expected_delivery')
10:24:42.412 [main] DEBUG org.hibernate.boot.model.internal.PropertyBinder - MetadataSourceProcessor property expectedDelivery with lazy=false
10:24:42.412 [main] DEBUG org.hibernate.boot.model.internal.AbstractPropertyHolder - Attempting to locate auto-apply AttributeConverter for property [org.frcpm.models.Component:expectedDelivery]
10:24:42.412 [main] DEBUG org.hibernate.boot.model.internal.BasicValueBinder - building BasicValue for expectedDelivery
10:24:42.412 [main] DEBUG org.hibernate.mapping.BasicValue - Skipping column re-registration: components.expected_delivery
10:24:42.412 [main] DEBUG org.hibernate.boot.model.internal.PropertyBinder - Building property expectedDelivery
10:24:42.412 [main] DEBUG org.hibernate.boot.model.internal.AnnotatedColumn - Binding column: AnnotatedColumn(column='name')
10:24:42.412 [main] DEBUG org.hibernate.boot.model.internal.PropertyBinder - MetadataSourceProcessor property name with lazy=false
10:24:42.412 [main] DEBUG org.hibernate.boot.model.internal.AbstractPropertyHolder - Attempting to locate auto-apply AttributeConverter for property [org.frcpm.models.Component:name]
10:24:42.412 [main] DEBUG org.hibernate.boot.model.internal.BasicValueBinder - building BasicValue for name
10:24:42.412 [main] DEBUG org.hibernate.mapping.BasicValue - Skipping column re-registration: components.name
10:24:42.412 [main] DEBUG org.hibernate.boot.model.internal.PropertyBinder - Building property name
10:24:42.412 [main] DEBUG org.hibernate.boot.model.internal.AnnotatedColumn - Binding column: AnnotatedColumn(column='part_number')
10:24:42.412 [main] DEBUG org.hibernate.boot.model.internal.PropertyBinder - MetadataSourceProcessor property partNumber with lazy=false
10:24:42.412 [main] DEBUG org.hibernate.boot.model.internal.AbstractPropertyHolder - Attempting to locate auto-apply AttributeConverter for property [org.frcpm.models.Component:partNumber]
10:24:42.412 [main] DEBUG org.hibernate.boot.model.internal.BasicValueBinder - building BasicValue for partNumber
10:24:42.412 [main] DEBUG org.hibernate.mapping.BasicValue - Skipping column re-registration: components.part_number
10:24:42.412 [main] DEBUG org.hibernate.boot.model.internal.PropertyBinder - Building property partNumber
10:24:42.412 [main] DEBUG org.hibernate.boot.model.internal.AnnotatedColumn - Binding column: IndexColumn(column='requiredForTasks_ORDER')
10:24:42.412 [main] DEBUG org.hibernate.boot.model.internal.AnnotatedColumn - Binding column: AnnotatedColumn()
10:24:42.412 [main] DEBUG org.hibernate.boot.model.internal.AnnotatedColumn - Binding column: AnnotatedColumn(column='requiredForTasks_KEY')
10:24:42.412 [main] DEBUG org.hibernate.boot.model.internal.AnnotatedColumn - Binding column: AnnotatedJoinColumn(column='requiredForTasks_KEY')
10:24:42.412 [main] DEBUG org.hibernate.boot.model.internal.AnnotatedColumn - Binding column: AnnotatedJoinColumn()
10:24:42.412 [main] DEBUG org.hibernate.boot.model.internal.AnnotatedColumn - Binding column: AnnotatedJoinColumn()
10:24:42.412 [main] DEBUG org.hibernate.boot.model.internal.CollectionBinder - Collection role: org.frcpm.models.Component.requiredForTasks
10:24:42.413 [main] DEBUG org.hibernate.boot.model.internal.PropertyBinder - Building property requiredForTasks
10:24:42.413 [main] DEBUG org.hibernate.boot.registry.classloading.internal.ClassLoaderServiceImpl - HHH000194: Package not found or no package-info.java: org.frcpm.models
10:24:42.413 [main] DEBUG org.hibernate.boot.model.internal.EntityBinder - Binding entity from annotated class: org.frcpm.models.Milestone
10:24:42.413 [main] DEBUG org.hibernate.boot.model.internal.EntityBinder - Import with entity name Milestone
10:24:42.413 [main] DEBUG org.hibernate.boot.model.internal.EntityBinder - Bind entity org.frcpm.models.Milestone on table milestones
10:24:42.413 [main] DEBUG org.hibernate.boot.model.internal.AnnotatedColumn - Binding column: AnnotatedDiscriminatorColumn(column='DTYPE')
10:24:42.413 [main] DEBUG org.hibernate.boot.model.internal.AnnotatedColumn - Binding column: AnnotatedColumn()
10:24:42.413 [main] DEBUG org.hibernate.boot.internal.ClassLoaderAccessImpl - Not known whether passed class name [org.frcpm.models.Milestone] is safe
10:24:42.413 [main] DEBUG org.hibernate.boot.internal.ClassLoaderAccessImpl - No temp ClassLoader provided; using live ClassLoader for loading potentially unsafe class : org.frcpm.models.Milestone
10:24:42.413 [main] DEBUG org.hibernate.boot.model.internal.PropertyBinder - MetadataSourceProcessor property id with lazy=false
10:24:42.413 [main] DEBUG org.hibernate.boot.model.internal.AbstractPropertyHolder - Attempting to locate auto-apply AttributeConverter for property [org.frcpm.models.Milestone:id]
10:24:42.413 [main] DEBUG org.hibernate.boot.model.internal.BasicValueBinder - building BasicValue for id
10:24:42.413 [main] DEBUG org.hibernate.mapping.BasicValue - Skipping column re-registration: milestones.id
10:24:42.413 [main] DEBUG org.hibernate.boot.model.internal.PropertyBinder - Building property id
10:24:42.413 [main] DEBUG org.hibernate.boot.model.internal.BinderHelper - #makeIdGenerator(BasicValue([Column(id)]), id, identity, , ...)
10:24:42.413 [main] DEBUG org.hibernate.boot.model.internal.AnnotatedColumn - Binding column: AnnotatedColumn(column='date')
10:24:42.413 [main] DEBUG org.hibernate.boot.model.internal.PropertyBinder - MetadataSourceProcessor property date with lazy=false
10:24:42.413 [main] DEBUG org.hibernate.boot.model.internal.AbstractPropertyHolder - Attempting to locate auto-apply AttributeConverter for property [org.frcpm.models.Milestone:date]
10:24:42.413 [main] DEBUG org.hibernate.boot.model.internal.BasicValueBinder - building BasicValue for date
10:24:42.413 [main] DEBUG org.hibernate.mapping.BasicValue - Skipping column re-registration: milestones.date
10:24:42.413 [main] DEBUG org.hibernate.boot.model.internal.PropertyBinder - Building property date
10:24:42.413 [main] DEBUG org.hibernate.boot.model.internal.AnnotatedColumn - Binding column: AnnotatedColumn(column='description')
10:24:42.413 [main] DEBUG org.hibernate.boot.model.internal.PropertyBinder - MetadataSourceProcessor property description with lazy=false
10:24:42.413 [main] DEBUG org.hibernate.boot.model.internal.AbstractPropertyHolder - Attempting to locate auto-apply AttributeConverter for property [org.frcpm.models.Milestone:description]
10:24:42.413 [main] DEBUG org.hibernate.boot.model.internal.BasicValueBinder - building BasicValue for description
10:24:42.413 [main] DEBUG org.hibernate.mapping.BasicValue - Skipping column re-registration: milestones.description
10:24:42.413 [main] DEBUG org.hibernate.boot.model.internal.PropertyBinder - Building property description
10:24:42.413 [main] DEBUG org.hibernate.boot.model.internal.AnnotatedColumn - Binding column: AnnotatedColumn(column='name')
10:24:42.413 [main] DEBUG org.hibernate.boot.model.internal.PropertyBinder - MetadataSourceProcessor property name with lazy=false
10:24:42.413 [main] DEBUG org.hibernate.boot.model.internal.AbstractPropertyHolder - Attempting to locate auto-apply AttributeConverter for property [org.frcpm.models.Milestone:name]
10:24:42.414 [main] DEBUG org.hibernate.boot.model.internal.BasicValueBinder - building BasicValue for name
10:24:42.414 [main] DEBUG org.hibernate.mapping.BasicValue - Skipping column re-registration: milestones.name
10:24:42.414 [main] DEBUG org.hibernate.boot.model.internal.PropertyBinder - Building property name
10:24:42.414 [main] DEBUG org.hibernate.boot.model.internal.AnnotatedColumn - Binding column: AnnotatedJoinColumn(column='project_id')
10:24:42.414 [main] DEBUG org.hibernate.boot.model.internal.AnnotatedColumn - Binding column: AnnotatedColumn()
10:24:42.414 [main] DEBUG org.hibernate.boot.model.internal.PropertyBinder - Building property project
10:24:42.414 [main] DEBUG org.hibernate.boot.registry.classloading.internal.ClassLoaderServiceImpl - HHH000194: Package not found or no package-info.java: org.frcpm.models
10:24:42.414 [main] DEBUG org.hibernate.boot.model.internal.EntityBinder - Binding entity from annotated class: org.frcpm.models.Project
10:24:42.414 [main] DEBUG org.hibernate.boot.model.internal.EntityBinder - Import with entity name Project
10:24:42.414 [main] DEBUG org.hibernate.boot.model.internal.EntityBinder - Bind entity org.frcpm.models.Project on table projects
10:24:42.414 [main] DEBUG org.hibernate.boot.model.internal.AnnotatedColumn - Binding column: AnnotatedDiscriminatorColumn(column='DTYPE')
10:24:42.414 [main] DEBUG org.hibernate.boot.model.internal.AnnotatedColumn - Binding column: AnnotatedColumn()
10:24:42.414 [main] DEBUG org.hibernate.boot.internal.ClassLoaderAccessImpl - Not known whether passed class name [org.frcpm.models.Project] is safe
10:24:42.414 [main] DEBUG org.hibernate.boot.internal.ClassLoaderAccessImpl - No temp ClassLoader provided; using live ClassLoader for loading potentially unsafe class : org.frcpm.models.Project
10:24:42.414 [main] DEBUG org.hibernate.boot.model.internal.PropertyBinder - MetadataSourceProcessor property id with lazy=false
10:24:42.414 [main] DEBUG org.hibernate.boot.model.internal.AbstractPropertyHolder - Attempting to locate auto-apply AttributeConverter for property [org.frcpm.models.Project:id]
10:24:42.414 [main] DEBUG org.hibernate.boot.model.internal.BasicValueBinder - building BasicValue for id
10:24:42.414 [main] DEBUG org.hibernate.mapping.BasicValue - Skipping column re-registration: projects.id
10:24:42.414 [main] DEBUG org.hibernate.boot.model.internal.PropertyBinder - Building property id
10:24:42.414 [main] DEBUG org.hibernate.boot.model.internal.BinderHelper - #makeIdGenerator(BasicValue([Column(id)]), id, identity, , ...)
10:24:42.414 [main] DEBUG org.hibernate.boot.model.internal.AnnotatedColumn - Binding column: AnnotatedColumn(column='description')
10:24:42.414 [main] DEBUG org.hibernate.boot.model.internal.PropertyBinder - MetadataSourceProcessor property description with lazy=false
10:24:42.414 [main] DEBUG org.hibernate.boot.model.internal.AbstractPropertyHolder - Attempting to locate auto-apply AttributeConverter for property [org.frcpm.models.Project:description]
10:24:42.414 [main] DEBUG org.hibernate.boot.model.internal.BasicValueBinder - building BasicValue for description
10:24:42.414 [main] DEBUG org.hibernate.mapping.BasicValue - Skipping column re-registration: projects.description
10:24:42.414 [main] DEBUG org.hibernate.boot.model.internal.PropertyBinder - Building property description
10:24:42.414 [main] DEBUG org.hibernate.boot.model.internal.AnnotatedColumn - Binding column: AnnotatedColumn(column='goal_end_date')
10:24:42.414 [main] DEBUG org.hibernate.boot.model.internal.PropertyBinder - MetadataSourceProcessor property goalEndDate with lazy=false
10:24:42.414 [main] DEBUG org.hibernate.boot.model.internal.AbstractPropertyHolder - Attempting to locate auto-apply AttributeConverter for property [org.frcpm.models.Project:goalEndDate]
10:24:42.414 [main] DEBUG org.hibernate.boot.model.internal.BasicValueBinder - building BasicValue for goalEndDate
10:24:42.414 [main] DEBUG org.hibernate.mapping.BasicValue - Skipping column re-registration: projects.goal_end_date
10:24:42.414 [main] DEBUG org.hibernate.boot.model.internal.PropertyBinder - Building property goalEndDate
10:24:42.414 [main] DEBUG org.hibernate.boot.model.internal.AnnotatedColumn - Binding column: AnnotatedColumn(column='hard_deadline')
10:24:42.414 [main] DEBUG org.hibernate.boot.model.internal.PropertyBinder - MetadataSourceProcessor property hardDeadline with lazy=false
10:24:42.414 [main] DEBUG org.hibernate.boot.model.internal.AbstractPropertyHolder - Attempting to locate auto-apply AttributeConverter for property [org.frcpm.models.Project:hardDeadline]
10:24:42.414 [main] DEBUG org.hibernate.boot.model.internal.BasicValueBinder - building BasicValue for hardDeadline
10:24:42.414 [main] DEBUG org.hibernate.mapping.BasicValue - Skipping column re-registration: projects.hard_deadline
10:24:42.414 [main] DEBUG org.hibernate.boot.model.internal.PropertyBinder - Building property hardDeadline
10:24:42.414 [main] DEBUG org.hibernate.boot.model.internal.AnnotatedColumn - Binding column: AnnotatedJoinColumn()
10:24:42.414 [main] DEBUG org.hibernate.boot.model.internal.AnnotatedColumn - Binding column: AnnotatedColumn()
10:24:42.414 [main] DEBUG org.hibernate.boot.model.internal.AnnotatedColumn - Binding column: IndexColumn(column='meetings_ORDER')
10:24:42.414 [main] DEBUG org.hibernate.boot.model.internal.AnnotatedColumn - Binding column: AnnotatedColumn()
10:24:42.414 [main] DEBUG org.hibernate.boot.model.internal.AnnotatedColumn - Binding column: AnnotatedColumn(column='meetings_KEY')
10:24:42.414 [main] DEBUG org.hibernate.boot.model.internal.AnnotatedColumn - Binding column: AnnotatedJoinColumn(column='meetings_KEY')
10:24:42.414 [main] DEBUG org.hibernate.boot.model.internal.AnnotatedColumn - Binding column: AnnotatedJoinColumn()
10:24:42.414 [main] DEBUG org.hibernate.boot.model.internal.AnnotatedColumn - Binding column: AnnotatedJoinColumn()
10:24:42.414 [main] DEBUG org.hibernate.boot.model.internal.CollectionBinder - Collection role: org.frcpm.models.Project.meetings
10:24:42.414 [main] DEBUG org.hibernate.boot.model.internal.PropertyBinder - Building property meetings
10:24:42.414 [main] DEBUG org.hibernate.boot.model.internal.AnnotatedColumn - Binding column: AnnotatedJoinColumn()
10:24:42.414 [main] DEBUG org.hibernate.boot.model.internal.AnnotatedColumn - Binding column: AnnotatedColumn()
10:24:42.414 [main] DEBUG org.hibernate.boot.model.internal.AnnotatedColumn - Binding column: IndexColumn(column='milestones_ORDER')
10:24:42.414 [main] DEBUG org.hibernate.boot.model.internal.AnnotatedColumn - Binding column: AnnotatedColumn()
10:24:42.415 [main] DEBUG org.hibernate.boot.model.internal.AnnotatedColumn - Binding column: AnnotatedColumn(column='milestones_KEY')
10:24:42.415 [main] DEBUG org.hibernate.boot.model.internal.AnnotatedColumn - Binding column: AnnotatedJoinColumn(column='milestones_KEY')
10:24:42.415 [main] DEBUG org.hibernate.boot.model.internal.AnnotatedColumn - Binding column: AnnotatedJoinColumn()
10:24:42.415 [main] DEBUG org.hibernate.boot.model.internal.AnnotatedColumn - Binding column: AnnotatedJoinColumn()
10:24:42.415 [main] DEBUG org.hibernate.boot.model.internal.CollectionBinder - Collection role: org.frcpm.models.Project.milestones
10:24:42.415 [main] DEBUG org.hibernate.boot.model.internal.PropertyBinder - Building property milestones
10:24:42.415 [main] DEBUG org.hibernate.boot.model.internal.AnnotatedColumn - Binding column: AnnotatedColumn(column='name')
10:24:42.415 [main] DEBUG org.hibernate.boot.model.internal.PropertyBinder - MetadataSourceProcessor property name with lazy=false
10:24:42.415 [main] DEBUG org.hibernate.boot.model.internal.AbstractPropertyHolder - Attempting to locate auto-apply AttributeConverter for property [org.frcpm.models.Project:name]
10:24:42.415 [main] DEBUG org.hibernate.boot.model.internal.BasicValueBinder - building BasicValue for name
10:24:42.415 [main] DEBUG org.hibernate.mapping.BasicValue - Skipping column re-registration: projects.name
10:24:42.415 [main] DEBUG org.hibernate.boot.model.internal.PropertyBinder - Building property name
10:24:42.415 [main] DEBUG org.hibernate.boot.model.internal.AnnotatedColumn - Binding column: AnnotatedColumn(column='start_date')
10:24:42.415 [main] DEBUG org.hibernate.boot.model.internal.PropertyBinder - MetadataSourceProcessor property startDate with lazy=false
10:24:42.415 [main] DEBUG org.hibernate.boot.model.internal.AbstractPropertyHolder - Attempting to locate auto-apply AttributeConverter for property [org.frcpm.models.Project:startDate]
10:24:42.415 [main] DEBUG org.hibernate.boot.model.internal.BasicValueBinder - building BasicValue for startDate
10:24:42.415 [main] DEBUG org.hibernate.mapping.BasicValue - Skipping column re-registration: projects.start_date
10:24:42.415 [main] DEBUG org.hibernate.boot.model.internal.PropertyBinder - Building property startDate
10:24:42.415 [main] DEBUG org.hibernate.boot.model.internal.AnnotatedColumn - Binding column: AnnotatedJoinColumn()
10:24:42.415 [main] DEBUG org.hibernate.boot.model.internal.AnnotatedColumn - Binding column: AnnotatedColumn()
10:24:42.415 [main] DEBUG org.hibernate.boot.model.internal.AnnotatedColumn - Binding column: IndexColumn(column='tasks_ORDER')
10:24:42.415 [main] DEBUG org.hibernate.boot.model.internal.AnnotatedColumn - Binding column: AnnotatedColumn()
10:24:42.415 [main] DEBUG org.hibernate.boot.model.internal.AnnotatedColumn - Binding column: AnnotatedColumn(column='tasks_KEY')
10:24:42.415 [main] DEBUG org.hibernate.boot.model.internal.AnnotatedColumn - Binding column: AnnotatedJoinColumn(column='tasks_KEY')
10:24:42.415 [main] DEBUG org.hibernate.boot.model.internal.AnnotatedColumn - Binding column: AnnotatedJoinColumn()
10:24:42.415 [main] DEBUG org.hibernate.boot.model.internal.AnnotatedColumn - Binding column: AnnotatedJoinColumn()
10:24:42.415 [main] DEBUG org.hibernate.boot.model.internal.CollectionBinder - Collection role: org.frcpm.models.Project.tasks
10:24:42.415 [main] DEBUG org.hibernate.boot.model.internal.PropertyBinder - Building property tasks
10:24:42.415 [main] DEBUG org.hibernate.boot.registry.classloading.internal.ClassLoaderServiceImpl - HHH000194: Package not found or no package-info.java: org.frcpm.models
10:24:42.415 [main] DEBUG org.hibernate.boot.model.internal.EntityBinder - Binding entity from annotated class: org.frcpm.models.Subteam
10:24:42.415 [main] DEBUG org.hibernate.boot.model.internal.EntityBinder - Import with entity name Subteam
10:24:42.415 [main] DEBUG org.hibernate.boot.model.internal.EntityBinder - Bind entity org.frcpm.models.Subteam on table subteams
10:24:42.415 [main] DEBUG org.hibernate.boot.model.internal.AnnotatedColumn - Binding column: AnnotatedDiscriminatorColumn(column='DTYPE')
10:24:42.415 [main] DEBUG org.hibernate.boot.model.internal.AnnotatedColumn - Binding column: AnnotatedColumn()
10:24:42.415 [main] DEBUG org.hibernate.boot.internal.ClassLoaderAccessImpl - Not known whether passed class name [org.frcpm.models.Subteam] is safe
10:24:42.415 [main] DEBUG org.hibernate.boot.internal.ClassLoaderAccessImpl - No temp ClassLoader provided; using live ClassLoader for loading potentially unsafe class : org.frcpm.models.Subteam
10:24:42.416 [main] DEBUG org.hibernate.boot.model.internal.PropertyBinder - MetadataSourceProcessor property id with lazy=false
10:24:42.416 [main] DEBUG org.hibernate.boot.model.internal.AbstractPropertyHolder - Attempting to locate auto-apply AttributeConverter for property [org.frcpm.models.Subteam:id]
10:24:42.416 [main] DEBUG org.hibernate.boot.model.internal.BasicValueBinder - building BasicValue for id
10:24:42.416 [main] DEBUG org.hibernate.mapping.BasicValue - Skipping column re-registration: subteams.id
10:24:42.416 [main] DEBUG org.hibernate.boot.model.internal.PropertyBinder - Building property id
10:24:42.416 [main] DEBUG org.hibernate.boot.model.internal.BinderHelper - #makeIdGenerator(BasicValue([Column(id)]), id, identity, , ...)
10:24:42.416 [main] DEBUG org.hibernate.boot.model.internal.AnnotatedColumn - Binding column: AnnotatedColumn(column='color_code')
10:24:42.416 [main] DEBUG org.hibernate.boot.model.internal.PropertyBinder - MetadataSourceProcessor property colorCode with lazy=false
10:24:42.416 [main] DEBUG org.hibernate.boot.model.internal.AbstractPropertyHolder - Attempting to locate auto-apply AttributeConverter for property [org.frcpm.models.Subteam:colorCode]
10:24:42.416 [main] DEBUG org.hibernate.boot.model.internal.BasicValueBinder - building BasicValue for colorCode
10:24:42.416 [main] DEBUG org.hibernate.mapping.BasicValue - Skipping column re-registration: subteams.color_code
10:24:42.416 [main] DEBUG org.hibernate.boot.model.internal.PropertyBinder - Building property colorCode
10:24:42.416 [main] DEBUG org.hibernate.boot.model.internal.AnnotatedColumn - Binding column: AnnotatedJoinColumn()
10:24:42.416 [main] DEBUG org.hibernate.boot.model.internal.AnnotatedColumn - Binding column: AnnotatedColumn()
10:24:42.416 [main] DEBUG org.hibernate.boot.model.internal.AnnotatedColumn - Binding column: IndexColumn(column='members_ORDER')
10:24:42.416 [main] DEBUG org.hibernate.boot.model.internal.AnnotatedColumn - Binding column: AnnotatedColumn()
10:24:42.416 [main] DEBUG org.hibernate.boot.model.internal.AnnotatedColumn - Binding column: AnnotatedColumn(column='members_KEY')
10:24:42.416 [main] DEBUG org.hibernate.boot.model.internal.AnnotatedColumn - Binding column: AnnotatedJoinColumn(column='members_KEY')
10:24:42.416 [main] DEBUG org.hibernate.boot.model.internal.AnnotatedColumn - Binding column: AnnotatedJoinColumn()
10:24:42.416 [main] DEBUG org.hibernate.boot.model.internal.AnnotatedColumn - Binding column: AnnotatedJoinColumn()
10:24:42.416 [main] DEBUG org.hibernate.boot.model.internal.CollectionBinder - Collection role: org.frcpm.models.Subteam.members
10:24:42.416 [main] DEBUG org.hibernate.boot.model.internal.PropertyBinder - Building property members
10:24:42.416 [main] DEBUG org.hibernate.boot.model.internal.AnnotatedColumn - Binding column: AnnotatedColumn(column='name')
10:24:42.416 [main] DEBUG org.hibernate.boot.model.internal.PropertyBinder - MetadataSourceProcessor property name with lazy=false
10:24:42.416 [main] DEBUG org.hibernate.boot.model.internal.AbstractPropertyHolder - Attempting to locate auto-apply AttributeConverter for property [org.frcpm.models.Subteam:name]
10:24:42.416 [main] DEBUG org.hibernate.boot.model.internal.BasicValueBinder - building BasicValue for name
10:24:42.416 [main] DEBUG org.hibernate.mapping.BasicValue - Skipping column re-registration: subteams.name
10:24:42.416 [main] DEBUG org.hibernate.boot.model.internal.PropertyBinder - Building property name
10:24:42.416 [main] DEBUG org.hibernate.boot.model.internal.AnnotatedColumn - Binding column: AnnotatedColumn(column='specialties')
10:24:42.416 [main] DEBUG org.hibernate.boot.model.internal.PropertyBinder - MetadataSourceProcessor property specialties with lazy=false
10:24:42.416 [main] DEBUG org.hibernate.boot.model.internal.AbstractPropertyHolder - Attempting to locate auto-apply AttributeConverter for property [org.frcpm.models.Subteam:specialties]
10:24:42.416 [main] DEBUG org.hibernate.boot.model.internal.BasicValueBinder - building BasicValue for specialties
10:24:42.416 [main] DEBUG org.hibernate.mapping.BasicValue - Skipping column re-registration: subteams.specialties
10:24:42.416 [main] DEBUG org.hibernate.boot.model.internal.PropertyBinder - Building property specialties
10:24:42.416 [main] DEBUG org.hibernate.boot.model.internal.AnnotatedColumn - Binding column: AnnotatedJoinColumn()
10:24:42.416 [main] DEBUG org.hibernate.boot.model.internal.AnnotatedColumn - Binding column: AnnotatedColumn()
10:24:42.416 [main] DEBUG org.hibernate.boot.model.internal.AnnotatedColumn - Binding column: IndexColumn(column='subsystems_ORDER')
10:24:42.416 [main] DEBUG org.hibernate.boot.model.internal.AnnotatedColumn - Binding column: AnnotatedColumn()
10:24:42.416 [main] DEBUG org.hibernate.boot.model.internal.AnnotatedColumn - Binding column: AnnotatedColumn(column='subsystems_KEY')
10:24:42.416 [main] DEBUG org.hibernate.boot.model.internal.AnnotatedColumn - Binding column: AnnotatedJoinColumn(column='subsystems_KEY')
10:24:42.416 [main] DEBUG org.hibernate.boot.model.internal.AnnotatedColumn - Binding column: AnnotatedJoinColumn()
10:24:42.416 [main] DEBUG org.hibernate.boot.model.internal.AnnotatedColumn - Binding column: AnnotatedJoinColumn()
10:24:42.416 [main] DEBUG org.hibernate.boot.model.internal.CollectionBinder - Collection role: org.frcpm.models.Subteam.subsystems
10:24:42.416 [main] DEBUG org.hibernate.boot.model.internal.PropertyBinder - Building property subsystems
10:24:42.417 [main] DEBUG org.hibernate.boot.registry.classloading.internal.ClassLoaderServiceImpl - HHH000194: Package not found or no package-info.java: org.frcpm.models
10:24:42.417 [main] DEBUG org.hibernate.boot.model.internal.EntityBinder - Binding entity from annotated class: org.frcpm.models.Task
10:24:42.417 [main] DEBUG org.hibernate.boot.model.internal.EntityBinder - Import with entity name Task
10:24:42.417 [main] DEBUG org.hibernate.boot.model.internal.EntityBinder - Bind entity org.frcpm.models.Task on table tasks
10:24:42.417 [main] DEBUG org.hibernate.boot.model.internal.AnnotatedColumn - Binding column: AnnotatedDiscriminatorColumn(column='DTYPE')
10:24:42.417 [main] DEBUG org.hibernate.boot.model.internal.AnnotatedColumn - Binding column: AnnotatedColumn()
10:24:42.417 [main] DEBUG org.hibernate.boot.internal.ClassLoaderAccessImpl - Not known whether passed class name [org.frcpm.models.Task] is safe
10:24:42.417 [main] DEBUG org.hibernate.boot.internal.ClassLoaderAccessImpl - No temp ClassLoader provided; using live ClassLoader for loading potentially unsafe class : org.frcpm.models.Task
10:24:42.417 [main] DEBUG org.hibernate.boot.model.internal.PropertyBinder - MetadataSourceProcessor property id with lazy=false
10:24:42.417 [main] DEBUG org.hibernate.boot.model.internal.AbstractPropertyHolder - Attempting to locate auto-apply AttributeConverter for property [org.frcpm.models.Task:id]
10:24:42.417 [main] DEBUG org.hibernate.boot.model.internal.BasicValueBinder - building BasicValue for id
10:24:42.417 [main] DEBUG org.hibernate.mapping.BasicValue - Skipping column re-registration: tasks.id
10:24:42.417 [main] DEBUG org.hibernate.boot.model.internal.PropertyBinder - Building property id
10:24:42.417 [main] DEBUG org.hibernate.boot.model.internal.BinderHelper - #makeIdGenerator(BasicValue([Column(id)]), id, identity, , ...)
10:24:42.417 [main] DEBUG org.hibernate.boot.model.internal.AnnotatedColumn - Binding column: AnnotatedColumn(column='actual_duration_seconds')
10:24:42.417 [main] DEBUG org.hibernate.boot.model.internal.PropertyBinder - MetadataSourceProcessor property actualDurationSeconds with lazy=false
10:24:42.417 [main] DEBUG org.hibernate.boot.model.internal.AbstractPropertyHolder - Attempting to locate auto-apply AttributeConverter for property [org.frcpm.models.Task:actualDurationSeconds]
10:24:42.417 [main] DEBUG org.hibernate.boot.model.internal.BasicValueBinder - building BasicValue for actualDurationSeconds
10:24:42.417 [main] DEBUG org.hibernate.mapping.BasicValue - Skipping column re-registration: tasks.actual_duration_seconds
10:24:42.417 [main] DEBUG org.hibernate.boot.model.internal.PropertyBinder - Building property actualDurationSeconds
10:24:42.417 [main] DEBUG org.hibernate.boot.model.internal.AnnotatedColumn - Binding column: IndexColumn(column='assignedTo_ORDER')
10:24:42.417 [main] DEBUG org.hibernate.boot.model.internal.AnnotatedColumn - Binding column: AnnotatedColumn()
10:24:42.418 [main] DEBUG org.hibernate.boot.model.internal.AnnotatedColumn - Binding column: AnnotatedColumn(column='assignedTo_KEY')
10:24:42.418 [main] DEBUG org.hibernate.boot.model.internal.AnnotatedColumn - Binding column: AnnotatedJoinColumn(column='assignedTo_KEY')
10:24:42.418 [main] DEBUG org.hibernate.boot.model.internal.AnnotatedColumn - Binding column: AnnotatedJoinColumn(column='task_id')
10:24:42.418 [main] DEBUG org.hibernate.boot.model.internal.AnnotatedColumn - Binding column: AnnotatedJoinColumn(column='team_member_id')
10:24:42.418 [main] DEBUG org.hibernate.boot.model.internal.CollectionBinder - Collection role: org.frcpm.models.Task.assignedTo
10:24:42.418 [main] DEBUG org.hibernate.boot.model.internal.PropertyBinder - Building property assignedTo
10:24:42.418 [main] DEBUG org.hibernate.boot.model.internal.AnnotatedColumn - Binding column: AnnotatedColumn(column='completed')
10:24:42.418 [main] DEBUG org.hibernate.boot.model.internal.PropertyBinder - MetadataSourceProcessor property completed with lazy=false
10:24:42.418 [main] DEBUG org.hibernate.boot.model.internal.AbstractPropertyHolder - Attempting to locate auto-apply AttributeConverter for property [org.frcpm.models.Task:completed]
10:24:42.418 [main] DEBUG org.hibernate.boot.model.internal.BasicValueBinder - building BasicValue for completed
10:24:42.418 [main] DEBUG org.hibernate.mapping.BasicValue - Skipping column re-registration: tasks.completed
10:24:42.418 [main] DEBUG org.hibernate.boot.model.internal.PropertyBinder - Building property completed
10:24:42.418 [main] DEBUG org.hibernate.boot.model.internal.AnnotatedColumn - Binding column: AnnotatedColumn(column='description')
10:24:42.418 [main] DEBUG org.hibernate.boot.model.internal.PropertyBinder - MetadataSourceProcessor property description with lazy=false
10:24:42.418 [main] DEBUG org.hibernate.boot.model.internal.AbstractPropertyHolder - Attempting to locate auto-apply AttributeConverter for property [org.frcpm.models.Task:description]
10:24:42.418 [main] DEBUG org.hibernate.boot.model.internal.BasicValueBinder - building BasicValue for description
10:24:42.418 [main] DEBUG org.hibernate.mapping.BasicValue - Skipping column re-registration: tasks.description
10:24:42.418 [main] DEBUG org.hibernate.boot.model.internal.PropertyBinder - Building property description
10:24:42.418 [main] DEBUG org.hibernate.boot.model.internal.AnnotatedColumn - Binding column: AnnotatedColumn(column='end_date')
10:24:42.418 [main] DEBUG org.hibernate.boot.model.internal.PropertyBinder - MetadataSourceProcessor property endDate with lazy=false
10:24:42.418 [main] DEBUG org.hibernate.boot.model.internal.AbstractPropertyHolder - Attempting to locate auto-apply AttributeConverter for property [org.frcpm.models.Task:endDate]
10:24:42.418 [main] DEBUG org.hibernate.boot.model.internal.BasicValueBinder - building BasicValue for endDate
10:24:42.418 [main] DEBUG org.hibernate.mapping.BasicValue - Skipping column re-registration: tasks.end_date
10:24:42.418 [main] DEBUG org.hibernate.boot.model.internal.PropertyBinder - Building property endDate
10:24:42.418 [main] DEBUG org.hibernate.boot.model.internal.AnnotatedColumn - Binding column: AnnotatedColumn(column='estimated_duration_seconds')
10:24:42.418 [main] DEBUG org.hibernate.boot.model.internal.PropertyBinder - MetadataSourceProcessor property estimatedDurationSeconds with lazy=false
10:24:42.418 [main] DEBUG org.hibernate.boot.model.internal.AbstractPropertyHolder - Attempting to locate auto-apply AttributeConverter for property [org.frcpm.models.Task:estimatedDurationSeconds]
10:24:42.418 [main] DEBUG org.hibernate.boot.model.internal.BasicValueBinder - building BasicValue for estimatedDurationSeconds
10:24:42.418 [main] DEBUG org.hibernate.mapping.BasicValue - Skipping column re-registration: tasks.estimated_duration_seconds
10:24:42.418 [main] DEBUG org.hibernate.boot.model.internal.PropertyBinder - Building property estimatedDurationSeconds
10:24:42.418 [main] DEBUG org.hibernate.boot.model.internal.AnnotatedColumn - Binding column: IndexColumn(column='postDependencies_ORDER')
10:24:42.418 [main] DEBUG org.hibernate.boot.model.internal.AnnotatedColumn - Binding column: AnnotatedColumn()
10:24:42.418 [main] DEBUG org.hibernate.boot.model.internal.AnnotatedColumn - Binding column: AnnotatedColumn(column='postDependencies_KEY')
10:24:42.418 [main] DEBUG org.hibernate.boot.model.internal.AnnotatedColumn - Binding column: AnnotatedJoinColumn(column='postDependencies_KEY')
10:24:42.418 [main] DEBUG org.hibernate.boot.model.internal.AnnotatedColumn - Binding column: AnnotatedJoinColumn()
10:24:42.418 [main] DEBUG org.hibernate.boot.model.internal.AnnotatedColumn - Binding column: AnnotatedJoinColumn()
10:24:42.418 [main] DEBUG org.hibernate.boot.model.internal.CollectionBinder - Collection role: org.frcpm.models.Task.postDependencies
10:24:42.418 [main] DEBUG org.hibernate.boot.model.internal.PropertyBinder - Building property postDependencies
10:24:42.418 [main] DEBUG org.hibernate.boot.model.internal.AnnotatedColumn - Binding column: IndexColumn(column='preDependencies_ORDER')
10:24:42.418 [main] DEBUG org.hibernate.boot.model.internal.AnnotatedColumn - Binding column: AnnotatedColumn()
10:24:42.418 [main] DEBUG org.hibernate.boot.model.internal.AnnotatedColumn - Binding column: AnnotatedColumn(column='preDependencies_KEY')
10:24:42.418 [main] DEBUG org.hibernate.boot.model.internal.AnnotatedColumn - Binding column: AnnotatedJoinColumn(column='preDependencies_KEY')
10:24:42.418 [main] DEBUG org.hibernate.boot.model.internal.AnnotatedColumn - Binding column: AnnotatedJoinColumn(column='task_id')
10:24:42.418 [main] DEBUG org.hibernate.boot.model.internal.AnnotatedColumn - Binding column: AnnotatedJoinColumn(column='dependency_id')
10:24:42.418 [main] DEBUG org.hibernate.boot.model.internal.CollectionBinder - Collection role: org.frcpm.models.Task.preDependencies
10:24:42.418 [main] DEBUG org.hibernate.boot.model.internal.PropertyBinder - Building property preDependencies
10:24:42.418 [main] DEBUG org.hibernate.boot.model.internal.AnnotatedColumn - Binding column: AnnotatedColumn(column='priority')
10:24:42.418 [main] DEBUG org.hibernate.boot.model.internal.PropertyBinder - MetadataSourceProcessor property priority with lazy=false
10:24:42.418 [main] DEBUG org.hibernate.boot.model.internal.AbstractPropertyHolder - Attempting to locate auto-apply AttributeConverter for property [org.frcpm.models.Task:priority]
10:24:42.418 [main] DEBUG org.hibernate.boot.model.internal.BasicValueBinder - building BasicValue for priority
10:24:42.418 [main] DEBUG org.hibernate.mapping.BasicValue - Skipping column re-registration: tasks.priority
10:24:42.418 [main] DEBUG org.hibernate.boot.model.internal.PropertyBinder - Building property priority
10:24:42.418 [main] DEBUG org.hibernate.boot.model.internal.AnnotatedColumn - Binding column: AnnotatedColumn(column='progress')
10:24:42.418 [main] DEBUG org.hibernate.boot.model.internal.PropertyBinder - MetadataSourceProcessor property progress with lazy=false
10:24:42.418 [main] DEBUG org.hibernate.boot.model.internal.AbstractPropertyHolder - Attempting to locate auto-apply AttributeConverter for property [org.frcpm.models.Task:progress]
10:24:42.418 [main] DEBUG org.hibernate.boot.model.internal.BasicValueBinder - building BasicValue for progress
10:24:42.418 [main] DEBUG org.hibernate.mapping.BasicValue - Skipping column re-registration: tasks.progress
10:24:42.418 [main] DEBUG org.hibernate.boot.model.internal.PropertyBinder - Building property progress
10:24:42.418 [main] DEBUG org.hibernate.boot.model.internal.AnnotatedColumn - Binding column: AnnotatedJoinColumn(column='project_id')
10:24:42.418 [main] DEBUG org.hibernate.boot.model.internal.AnnotatedColumn - Binding column: AnnotatedColumn()
10:24:42.418 [main] DEBUG org.hibernate.boot.model.internal.PropertyBinder - Building property project
10:24:42.418 [main] DEBUG org.hibernate.boot.model.internal.AnnotatedColumn - Binding column: IndexColumn(column='requiredComponents_ORDER')
10:24:42.418 [main] DEBUG org.hibernate.boot.model.internal.AnnotatedColumn - Binding column: AnnotatedColumn()
10:24:42.418 [main] DEBUG org.hibernate.boot.model.internal.AnnotatedColumn - Binding column: AnnotatedColumn(column='requiredComponents_KEY')
10:24:42.418 [main] DEBUG org.hibernate.boot.model.internal.AnnotatedColumn - Binding column: AnnotatedJoinColumn(column='requiredComponents_KEY')
10:24:42.418 [main] DEBUG org.hibernate.boot.model.internal.AnnotatedColumn - Binding column: AnnotatedJoinColumn(column='task_id')
10:24:42.418 [main] DEBUG org.hibernate.boot.model.internal.AnnotatedColumn - Binding column: AnnotatedJoinColumn(column='component_id')
10:24:42.418 [main] DEBUG org.hibernate.boot.model.internal.CollectionBinder - Collection role: org.frcpm.models.Task.requiredComponents
10:24:42.418 [main] DEBUG org.hibernate.boot.model.internal.PropertyBinder - Building property requiredComponents
10:24:42.418 [main] DEBUG org.hibernate.boot.model.internal.AnnotatedColumn - Binding column: AnnotatedColumn(column='start_date')
10:24:42.418 [main] DEBUG org.hibernate.boot.model.internal.PropertyBinder - MetadataSourceProcessor property startDate with lazy=false
10:24:42.418 [main] DEBUG org.hibernate.boot.model.internal.AbstractPropertyHolder - Attempting to locate auto-apply AttributeConverter for property [org.frcpm.models.Task:startDate]
10:24:42.418 [main] DEBUG org.hibernate.boot.model.internal.BasicValueBinder - building BasicValue for startDate
10:24:42.418 [main] DEBUG org.hibernate.mapping.BasicValue - Skipping column re-registration: tasks.start_date
10:24:42.418 [main] DEBUG org.hibernate.boot.model.internal.PropertyBinder - Building property startDate
10:24:42.418 [main] DEBUG org.hibernate.boot.model.internal.AnnotatedColumn - Binding column: AnnotatedJoinColumn(column='subsystem_id')
10:24:42.418 [main] DEBUG org.hibernate.boot.model.internal.AnnotatedColumn - Binding column: AnnotatedColumn()
10:24:42.418 [main] DEBUG org.hibernate.boot.model.internal.PropertyBinder - Building property subsystem
10:24:42.418 [main] DEBUG org.hibernate.boot.model.internal.AnnotatedColumn - Binding column: AnnotatedColumn(column='title')
10:24:42.418 [main] DEBUG org.hibernate.boot.model.internal.PropertyBinder - MetadataSourceProcessor property title with lazy=false
10:24:42.418 [main] DEBUG org.hibernate.boot.model.internal.AbstractPropertyHolder - Attempting to locate auto-apply AttributeConverter for property [org.frcpm.models.Task:title]
10:24:42.418 [main] DEBUG org.hibernate.boot.model.internal.BasicValueBinder - building BasicValue for title
10:24:42.418 [main] DEBUG org.hibernate.mapping.BasicValue - Skipping column re-registration: tasks.title
10:24:42.418 [main] DEBUG org.hibernate.boot.model.internal.PropertyBinder - Building property title
10:24:42.420 [main] DEBUG org.hibernate.boot.registry.classloading.internal.ClassLoaderServiceImpl - HHH000194: Package not found or no package-info.java: org.frcpm.models
10:24:42.420 [main] DEBUG org.hibernate.boot.model.internal.EntityBinder - Binding entity from annotated class: org.frcpm.models.TeamMember
10:24:42.420 [main] DEBUG org.hibernate.boot.model.internal.EntityBinder - Import with entity name TeamMember
10:24:42.420 [main] DEBUG org.hibernate.boot.model.internal.EntityBinder - Bind entity org.frcpm.models.TeamMember on table team_members
10:24:42.420 [main] DEBUG org.hibernate.boot.model.internal.AnnotatedColumn - Binding column: AnnotatedDiscriminatorColumn(column='DTYPE')
10:24:42.421 [main] DEBUG org.hibernate.boot.model.internal.AnnotatedColumn - Binding column: AnnotatedColumn()
10:24:42.421 [main] DEBUG org.hibernate.boot.internal.ClassLoaderAccessImpl - Not known whether passed class name [org.frcpm.models.TeamMember] is safe
10:24:42.421 [main] DEBUG org.hibernate.boot.internal.ClassLoaderAccessImpl - No temp ClassLoader provided; using live ClassLoader for loading potentially unsafe class : org.frcpm.models.TeamMember
10:24:42.421 [main] DEBUG org.hibernate.boot.model.internal.PropertyBinder - MetadataSourceProcessor property id with lazy=false
10:24:42.421 [main] DEBUG org.hibernate.boot.model.internal.AbstractPropertyHolder - Attempting to locate auto-apply AttributeConverter for property [org.frcpm.models.TeamMember:id]
10:24:42.421 [main] DEBUG org.hibernate.boot.model.internal.BasicValueBinder - building BasicValue for id
10:24:42.421 [main] DEBUG org.hibernate.mapping.BasicValue - Skipping column re-registration: team_members.id
10:24:42.421 [main] DEBUG org.hibernate.boot.model.internal.PropertyBinder - Building property id
10:24:42.421 [main] DEBUG org.hibernate.boot.model.internal.BinderHelper - #makeIdGenerator(BasicValue([Column(id)]), id, identity, , ...)
10:24:42.421 [main] DEBUG org.hibernate.boot.model.internal.AnnotatedColumn - Binding column: IndexColumn(column='assignedTasks_ORDER')
10:24:42.421 [main] DEBUG org.hibernate.boot.model.internal.AnnotatedColumn - Binding column: AnnotatedColumn()
10:24:42.421 [main] DEBUG org.hibernate.boot.model.internal.AnnotatedColumn - Binding column: AnnotatedColumn(column='assignedTasks_KEY')
10:24:42.421 [main] DEBUG org.hibernate.boot.model.internal.AnnotatedColumn - Binding column: AnnotatedJoinColumn(column='assignedTasks_KEY')
10:24:42.421 [main] DEBUG org.hibernate.boot.model.internal.AnnotatedColumn - Binding column: AnnotatedJoinColumn()
10:24:42.421 [main] DEBUG org.hibernate.boot.model.internal.AnnotatedColumn - Binding column: AnnotatedJoinColumn()
10:24:42.421 [main] DEBUG org.hibernate.boot.model.internal.CollectionBinder - Collection role: org.frcpm.models.TeamMember.assignedTasks
10:24:42.421 [main] DEBUG org.hibernate.boot.model.internal.PropertyBinder - Building property assignedTasks
10:24:42.421 [main] DEBUG org.hibernate.boot.model.internal.AnnotatedColumn - Binding column: AnnotatedJoinColumn()
10:24:42.421 [main] DEBUG org.hibernate.boot.model.internal.AnnotatedColumn - Binding column: AnnotatedColumn()
10:24:42.421 [main] DEBUG org.hibernate.boot.model.internal.AnnotatedColumn - Binding column: IndexColumn(column='attendances_ORDER')
10:24:42.421 [main] DEBUG org.hibernate.boot.model.internal.AnnotatedColumn - Binding column: AnnotatedColumn()
10:24:42.421 [main] DEBUG org.hibernate.boot.model.internal.AnnotatedColumn - Binding column: AnnotatedColumn(column='attendances_KEY')
10:24:42.421 [main] DEBUG org.hibernate.boot.model.internal.AnnotatedColumn - Binding column: AnnotatedJoinColumn(column='attendances_KEY')
10:24:42.421 [main] DEBUG org.hibernate.boot.model.internal.AnnotatedColumn - Binding column: AnnotatedJoinColumn()
10:24:42.421 [main] DEBUG org.hibernate.boot.model.internal.AnnotatedColumn - Binding column: AnnotatedJoinColumn()
10:24:42.421 [main] DEBUG org.hibernate.boot.model.internal.CollectionBinder - Collection role: org.frcpm.models.TeamMember.attendances
10:24:42.421 [main] DEBUG org.hibernate.boot.model.internal.PropertyBinder - Building property attendances
10:24:42.422 [main] DEBUG org.hibernate.boot.model.internal.AnnotatedColumn - Binding column: AnnotatedColumn(column='email')
10:24:42.422 [main] DEBUG org.hibernate.boot.model.internal.PropertyBinder - MetadataSourceProcessor property email with lazy=false
10:24:42.422 [main] DEBUG org.hibernate.boot.model.internal.AbstractPropertyHolder - Attempting to locate auto-apply AttributeConverter for property [org.frcpm.models.TeamMember:email]
10:24:42.422 [main] DEBUG org.hibernate.boot.model.internal.BasicValueBinder - building BasicValue for email
10:24:42.422 [main] DEBUG org.hibernate.mapping.BasicValue - Skipping column re-registration: team_members.email
10:24:42.422 [main] DEBUG org.hibernate.boot.model.internal.PropertyBinder - Building property email
10:24:42.422 [main] DEBUG org.hibernate.boot.model.internal.AnnotatedColumn - Binding column: AnnotatedColumn(column='first_name')
10:24:42.422 [main] DEBUG org.hibernate.boot.model.internal.PropertyBinder - MetadataSourceProcessor property firstName with lazy=false
10:24:42.422 [main] DEBUG org.hibernate.boot.model.internal.AbstractPropertyHolder - Attempting to locate auto-apply AttributeConverter for property [org.frcpm.models.TeamMember:firstName]
10:24:42.422 [main] DEBUG org.hibernate.boot.model.internal.BasicValueBinder - building BasicValue for firstName
10:24:42.422 [main] DEBUG org.hibernate.mapping.BasicValue - Skipping column re-registration: team_members.first_name
10:24:42.422 [main] DEBUG org.hibernate.boot.model.internal.PropertyBinder - Building property firstName
10:24:42.422 [main] DEBUG org.hibernate.boot.model.internal.AnnotatedColumn - Binding column: AnnotatedColumn(column='last_name')
10:24:42.422 [main] DEBUG org.hibernate.boot.model.internal.PropertyBinder - MetadataSourceProcessor property lastName with lazy=false
10:24:42.422 [main] DEBUG org.hibernate.boot.model.internal.AbstractPropertyHolder - Attempting to locate auto-apply AttributeConverter for property [org.frcpm.models.TeamMember:lastName]
10:24:42.422 [main] DEBUG org.hibernate.boot.model.internal.BasicValueBinder - building BasicValue for lastName
10:24:42.422 [main] DEBUG org.hibernate.mapping.BasicValue - Skipping column re-registration: team_members.last_name
10:24:42.422 [main] DEBUG org.hibernate.boot.model.internal.PropertyBinder - Building property lastName
10:24:42.422 [main] DEBUG org.hibernate.boot.model.internal.AnnotatedColumn - Binding column: AnnotatedColumn(column='is_leader')
10:24:42.422 [main] DEBUG org.hibernate.boot.model.internal.PropertyBinder - MetadataSourceProcessor property leader with lazy=false
10:24:42.422 [main] DEBUG org.hibernate.boot.model.internal.AbstractPropertyHolder - Attempting to locate auto-apply AttributeConverter for property [org.frcpm.models.TeamMember:leader]
10:24:42.422 [main] DEBUG org.hibernate.boot.model.internal.BasicValueBinder - building BasicValue for leader
10:24:42.422 [main] DEBUG org.hibernate.mapping.BasicValue - Skipping column re-registration: team_members.is_leader
10:24:42.422 [main] DEBUG org.hibernate.boot.model.internal.PropertyBinder - Building property leader
10:24:42.422 [main] DEBUG org.hibernate.boot.model.internal.AnnotatedColumn - Binding column: AnnotatedColumn(column='phone')
10:24:42.422 [main] DEBUG org.hibernate.boot.model.internal.PropertyBinder - MetadataSourceProcessor property phone with lazy=false
10:24:42.422 [main] DEBUG org.hibernate.boot.model.internal.AbstractPropertyHolder - Attempting to locate auto-apply AttributeConverter for property [org.frcpm.models.TeamMember:phone]
10:24:42.422 [main] DEBUG org.hibernate.boot.model.internal.BasicValueBinder - building BasicValue for phone
10:24:42.422 [main] DEBUG org.hibernate.mapping.BasicValue - Skipping column re-registration: team_members.phone
10:24:42.422 [main] DEBUG org.hibernate.boot.model.internal.PropertyBinder - Building property phone
10:24:42.422 [main] DEBUG org.hibernate.boot.model.internal.AnnotatedColumn - Binding column: AnnotatedColumn(column='skills')
10:24:42.422 [main] DEBUG org.hibernate.boot.model.internal.PropertyBinder - MetadataSourceProcessor property skills with lazy=false
10:24:42.422 [main] DEBUG org.hibernate.boot.model.internal.AbstractPropertyHolder - Attempting to locate auto-apply AttributeConverter for property [org.frcpm.models.TeamMember:skills]
10:24:42.422 [main] DEBUG org.hibernate.boot.model.internal.BasicValueBinder - building BasicValue for skills
10:24:42.422 [main] DEBUG org.hibernate.mapping.BasicValue - Skipping column re-registration: team_members.skills
10:24:42.422 [main] DEBUG org.hibernate.boot.model.internal.PropertyBinder - Building property skills
10:24:42.422 [main] DEBUG org.hibernate.boot.model.internal.AnnotatedColumn - Binding column: AnnotatedJoinColumn(column='subteam_id')
10:24:42.422 [main] DEBUG org.hibernate.boot.model.internal.AnnotatedColumn - Binding column: AnnotatedColumn()
10:24:42.422 [main] DEBUG org.hibernate.boot.model.internal.PropertyBinder - Building property subteam
10:24:42.423 [main] DEBUG org.hibernate.boot.model.internal.AnnotatedColumn - Binding column: AnnotatedColumn(column='username')
10:24:42.423 [main] DEBUG org.hibernate.boot.model.internal.PropertyBinder - MetadataSourceProcessor property username with lazy=false
10:24:42.423 [main] DEBUG org.hibernate.boot.model.internal.AbstractPropertyHolder - Attempting to locate auto-apply AttributeConverter for property [org.frcpm.models.TeamMember:username]
10:24:42.423 [main] DEBUG org.hibernate.boot.model.internal.BasicValueBinder - building BasicValue for username
10:24:42.423 [main] DEBUG org.hibernate.mapping.BasicValue - Skipping column re-registration: team_members.username
10:24:42.423 [main] DEBUG org.hibernate.boot.model.internal.PropertyBinder - Building property username
10:24:42.424 [main] DEBUG org.hibernate.boot.registry.classloading.internal.ClassLoaderServiceImpl - HHH000194: Package not found or no package-info.java: org.frcpm.models
10:24:42.425 [main] DEBUG org.hibernate.boot.model.internal.BasicValueBinder - Starting `BasicValueBinder#fillSimpleValue` for id
10:24:42.425 [main] DEBUG org.hibernate.boot.model.internal.BasicValueBinder - Starting `BasicValueBinder#fillSimpleValue` for arrivalTime
10:24:42.425 [main] DEBUG org.hibernate.boot.model.internal.BasicValueBinder - Starting `BasicValueBinder#fillSimpleValue` for departureTime
10:24:42.425 [main] DEBUG org.hibernate.boot.model.internal.BasicValueBinder - Starting `BasicValueBinder#fillSimpleValue` for present
10:24:42.425 [main] DEBUG org.hibernate.boot.model.internal.BasicValueBinder - Starting `BasicValueBinder#fillSimpleValue` for id
10:24:42.425 [main] DEBUG org.hibernate.boot.model.internal.BasicValueBinder - Starting `BasicValueBinder#fillSimpleValue` for date
10:24:42.425 [main] DEBUG org.hibernate.boot.model.internal.BasicValueBinder - Starting `BasicValueBinder#fillSimpleValue` for endTime
10:24:42.425 [main] DEBUG org.hibernate.boot.model.internal.BasicValueBinder - Starting `BasicValueBinder#fillSimpleValue` for notes
10:24:42.425 [main] DEBUG org.hibernate.boot.model.internal.BasicValueBinder - Starting `BasicValueBinder#fillSimpleValue` for startTime
10:24:42.425 [main] DEBUG org.hibernate.boot.model.internal.BasicValueBinder - Starting `BasicValueBinder#fillSimpleValue` for id
10:24:42.425 [main] DEBUG org.hibernate.boot.model.internal.BasicValueBinder - Starting `BasicValueBinder#fillSimpleValue` for description
10:24:42.425 [main] DEBUG org.hibernate.boot.model.internal.BasicValueBinder - Starting `BasicValueBinder#fillSimpleValue` for name
10:24:42.425 [main] DEBUG org.hibernate.boot.model.internal.BasicValueBinder - Starting `BasicValueBinder#fillSimpleValue` for status
10:24:42.425 [main] DEBUG org.hibernate.boot.model.internal.BasicValueBinder - Starting `BasicValueBinder#fillSimpleValue` for id
10:24:42.425 [main] DEBUG org.hibernate.boot.model.internal.BasicValueBinder - Starting `BasicValueBinder#fillSimpleValue` for actualDelivery
10:24:42.425 [main] DEBUG org.hibernate.boot.model.internal.BasicValueBinder - Starting `BasicValueBinder#fillSimpleValue` for delivered
10:24:42.425 [main] DEBUG org.hibernate.boot.model.internal.BasicValueBinder - Starting `BasicValueBinder#fillSimpleValue` for description
10:24:42.425 [main] DEBUG org.hibernate.boot.model.internal.BasicValueBinder - Starting `BasicValueBinder#fillSimpleValue` for expectedDelivery
10:24:42.425 [main] DEBUG org.hibernate.boot.model.internal.BasicValueBinder - Starting `BasicValueBinder#fillSimpleValue` for name
10:24:42.425 [main] DEBUG org.hibernate.boot.model.internal.BasicValueBinder - Starting `BasicValueBinder#fillSimpleValue` for partNumber
10:24:42.425 [main] DEBUG org.hibernate.boot.model.internal.BasicValueBinder - Starting `BasicValueBinder#fillSimpleValue` for id
10:24:42.425 [main] DEBUG org.hibernate.boot.model.internal.BasicValueBinder - Starting `BasicValueBinder#fillSimpleValue` for date
10:24:42.425 [main] DEBUG org.hibernate.boot.model.internal.BasicValueBinder - Starting `BasicValueBinder#fillSimpleValue` for description
10:24:42.425 [main] DEBUG org.hibernate.boot.model.internal.BasicValueBinder - Starting `BasicValueBinder#fillSimpleValue` for name
10:24:42.425 [main] DEBUG org.hibernate.boot.model.internal.BasicValueBinder - Starting `BasicValueBinder#fillSimpleValue` for id
10:24:42.425 [main] DEBUG org.hibernate.boot.model.internal.BasicValueBinder - Starting `BasicValueBinder#fillSimpleValue` for description
10:24:42.425 [main] DEBUG org.hibernate.boot.model.internal.BasicValueBinder - Starting `BasicValueBinder#fillSimpleValue` for goalEndDate
10:24:42.425 [main] DEBUG org.hibernate.boot.model.internal.BasicValueBinder - Starting `BasicValueBinder#fillSimpleValue` for hardDeadline
10:24:42.425 [main] DEBUG org.hibernate.boot.model.internal.BasicValueBinder - Starting `BasicValueBinder#fillSimpleValue` for name
10:24:42.425 [main] DEBUG org.hibernate.boot.model.internal.BasicValueBinder - Starting `BasicValueBinder#fillSimpleValue` for startDate
10:24:42.425 [main] DEBUG org.hibernate.boot.model.internal.BasicValueBinder - Starting `BasicValueBinder#fillSimpleValue` for id
10:24:42.425 [main] DEBUG org.hibernate.boot.model.internal.BasicValueBinder - Starting `BasicValueBinder#fillSimpleValue` for colorCode
10:24:42.425 [main] DEBUG org.hibernate.boot.model.internal.BasicValueBinder - Starting `BasicValueBinder#fillSimpleValue` for name
10:24:42.425 [main] DEBUG org.hibernate.boot.model.internal.BasicValueBinder - Starting `BasicValueBinder#fillSimpleValue` for specialties
10:24:42.425 [main] DEBUG org.hibernate.boot.model.internal.BasicValueBinder - Starting `BasicValueBinder#fillSimpleValue` for id
10:24:42.425 [main] DEBUG org.hibernate.boot.model.internal.BasicValueBinder - Starting `BasicValueBinder#fillSimpleValue` for actualDurationSeconds
10:24:42.425 [main] DEBUG org.hibernate.boot.model.internal.BasicValueBinder - Starting `BasicValueBinder#fillSimpleValue` for completed
10:24:42.425 [main] DEBUG org.hibernate.boot.model.internal.BasicValueBinder - Starting `BasicValueBinder#fillSimpleValue` for description
10:24:42.425 [main] DEBUG org.hibernate.boot.model.internal.BasicValueBinder - Starting `BasicValueBinder#fillSimpleValue` for endDate
10:24:42.425 [main] DEBUG org.hibernate.boot.model.internal.BasicValueBinder - Starting `BasicValueBinder#fillSimpleValue` for estimatedDurationSeconds
10:24:42.425 [main] DEBUG org.hibernate.boot.model.internal.BasicValueBinder - Starting `BasicValueBinder#fillSimpleValue` for priority
10:24:42.425 [main] DEBUG org.hibernate.boot.model.internal.BasicValueBinder - Starting `BasicValueBinder#fillSimpleValue` for progress
10:24:42.425 [main] DEBUG org.hibernate.boot.model.internal.BasicValueBinder - Starting `BasicValueBinder#fillSimpleValue` for startDate
10:24:42.425 [main] DEBUG org.hibernate.boot.model.internal.BasicValueBinder - Starting `BasicValueBinder#fillSimpleValue` for title
10:24:42.425 [main] DEBUG org.hibernate.boot.model.internal.BasicValueBinder - Starting `BasicValueBinder#fillSimpleValue` for id
10:24:42.425 [main] DEBUG org.hibernate.boot.model.internal.BasicValueBinder - Starting `BasicValueBinder#fillSimpleValue` for email
10:24:42.425 [main] DEBUG org.hibernate.boot.model.internal.BasicValueBinder - Starting `BasicValueBinder#fillSimpleValue` for firstName
10:24:42.425 [main] DEBUG org.hibernate.boot.model.internal.BasicValueBinder - Starting `BasicValueBinder#fillSimpleValue` for lastName
10:24:42.425 [main] DEBUG org.hibernate.boot.model.internal.BasicValueBinder - Starting `BasicValueBinder#fillSimpleValue` for leader
10:24:42.425 [main] DEBUG org.hibernate.boot.model.internal.BasicValueBinder - Starting `BasicValueBinder#fillSimpleValue` for phone
10:24:42.425 [main] DEBUG org.hibernate.boot.model.internal.BasicValueBinder - Starting `BasicValueBinder#fillSimpleValue` for skills
10:24:42.425 [main] DEBUG org.hibernate.boot.model.internal.BasicValueBinder - Starting `BasicValueBinder#fillSimpleValue` for username
10:24:42.426 [main] DEBUG org.hibernate.mapping.PrimaryKey - Forcing column [id] to be non-null as it is part of the primary key for table [attendances]
10:24:42.426 [main] DEBUG org.hibernate.mapping.PrimaryKey - Forcing column [id] to be non-null as it is part of the primary key for table [meetings]
10:24:42.426 [main] DEBUG org.hibernate.mapping.PrimaryKey - Forcing column [id] to be non-null as it is part of the primary key for table [subsystems]
10:24:42.426 [main] DEBUG org.hibernate.mapping.PrimaryKey - Forcing column [id] to be non-null as it is part of the primary key for table [components]
10:24:42.426 [main] DEBUG org.hibernate.mapping.PrimaryKey - Forcing column [id] to be non-null as it is part of the primary key for table [milestones]
10:24:42.426 [main] DEBUG org.hibernate.mapping.PrimaryKey - Forcing column [id] to be non-null as it is part of the primary key for table [projects]
10:24:42.426 [main] DEBUG org.hibernate.mapping.PrimaryKey - Forcing column [id] to be non-null as it is part of the primary key for table [subteams]
10:24:42.426 [main] DEBUG org.hibernate.mapping.PrimaryKey - Forcing column [id] to be non-null as it is part of the primary key for table [tasks]
10:24:42.426 [main] DEBUG org.hibernate.mapping.PrimaryKey - Forcing column [id] to be non-null as it is part of the primary key for table [team_members]
10:24:42.426 [main] DEBUG org.hibernate.boot.model.internal.CollectionSecondPass - Second pass for collection: org.frcpm.models.Task.requiredComponents
10:24:42.426 [main] DEBUG org.hibernate.boot.model.internal.CollectionBinder - Binding a ManyToMany: org.frcpm.models.Task.requiredComponents
10:24:42.427 [main] DEBUG org.hibernate.boot.registry.classloading.internal.ClassLoaderServiceImpl - HHH000194: Package not found or no package-info.java: org.frcpm.models
10:24:42.427 [main] DEBUG org.hibernate.mapping.PrimaryKey - Forcing column [task_id] to be non-null as it is part of the primary key for table [task_components]
10:24:42.427 [main] DEBUG org.hibernate.mapping.PrimaryKey - Forcing column [component_id] to be non-null as it is part of the primary key for table [task_components]
10:24:42.427 [main] DEBUG org.hibernate.boot.model.internal.CollectionSecondPass - Mapped collection key: task_id, element: component_id
10:24:42.427 [main] DEBUG org.hibernate.boot.model.internal.CollectionSecondPass - Second pass for collection: org.frcpm.models.Task.preDependencies
10:24:42.427 [main] DEBUG org.hibernate.boot.model.internal.CollectionBinder - Binding a ManyToMany: org.frcpm.models.Task.preDependencies
10:24:42.428 [main] DEBUG org.hibernate.boot.registry.classloading.internal.ClassLoaderServiceImpl - HHH000194: Package not found or no package-info.java: org.frcpm.models
10:24:42.428 [main] DEBUG org.hibernate.mapping.PrimaryKey - Forcing column [task_id] to be non-null as it is part of the primary key for table [task_dependencies]
10:24:42.428 [main] DEBUG org.hibernate.mapping.PrimaryKey - Forcing column [dependency_id] to be non-null as it is part of the primary key for table [task_dependencies]
10:24:42.428 [main] DEBUG org.hibernate.boot.model.internal.CollectionSecondPass - Mapped collection key: task_id, element: dependency_id
10:24:42.428 [main] DEBUG org.hibernate.boot.model.internal.CollectionSecondPass - Second pass for collection: org.frcpm.models.Task.assignedTo
10:24:42.428 [main] DEBUG org.hibernate.boot.model.internal.CollectionBinder - Binding a ManyToMany: org.frcpm.models.Task.assignedTo
10:24:42.429 [main] DEBUG org.hibernate.boot.registry.classloading.internal.ClassLoaderServiceImpl - HHH000194: Package not found or no package-info.java: org.frcpm.models
10:24:42.429 [main] DEBUG org.hibernate.mapping.PrimaryKey - Forcing column [task_id] to be non-null as it is part of the primary key for table [task_assignments]
10:24:42.429 [main] DEBUG org.hibernate.mapping.PrimaryKey - Forcing column [team_member_id] to be non-null as it is part of the primary key for table [task_assignments]
10:24:42.429 [main] DEBUG org.hibernate.boot.model.internal.CollectionSecondPass - Mapped collection key: task_id, element: team_member_id
10:24:42.429 [main] DEBUG org.hibernate.boot.model.internal.CollectionSecondPass - Second pass for collection: org.frcpm.models.Meeting.attendances
10:24:42.429 [main] DEBUG org.hibernate.boot.model.internal.CollectionBinder - Binding a OneToMany: org.frcpm.models.Meeting.attendances through a foreign key
10:24:42.429 [main] DEBUG org.hibernate.boot.model.internal.CollectionBinder - Mapping collection: org.frcpm.models.Meeting.attendances -> attendances
10:24:42.429 [main] DEBUG org.hibernate.boot.model.internal.TableBinder - Retrieving property org.frcpm.models.Attendance.meeting
10:24:42.429 [main] DEBUG org.hibernate.boot.model.internal.CollectionSecondPass - Mapped collection key: meeting_id, one-to-many: org.frcpm.models.Attendance
10:24:42.429 [main] DEBUG org.hibernate.boot.model.internal.CollectionSecondPass - Second pass for collection: org.frcpm.models.Subsystem.tasks
10:24:42.429 [main] DEBUG org.hibernate.boot.model.internal.CollectionBinder - Binding a OneToMany: org.frcpm.models.Subsystem.tasks through a foreign key
10:24:42.429 [main] DEBUG org.hibernate.boot.model.internal.CollectionBinder - Mapping collection: org.frcpm.models.Subsystem.tasks -> tasks
10:24:42.429 [main] DEBUG org.hibernate.boot.model.internal.TableBinder - Retrieving property org.frcpm.models.Task.subsystem
10:24:42.429 [main] DEBUG org.hibernate.boot.model.internal.CollectionSecondPass - Mapped collection key: subsystem_id, one-to-many: org.frcpm.models.Task
10:24:42.429 [main] DEBUG org.hibernate.boot.model.internal.CollectionSecondPass - Second pass for collection: org.frcpm.models.Component.requiredForTasks
10:24:42.429 [main] DEBUG org.hibernate.boot.model.internal.CollectionBinder - Binding a ManyToMany: org.frcpm.models.Component.requiredForTasks
10:24:42.430 [main] DEBUG org.hibernate.boot.registry.classloading.internal.ClassLoaderServiceImpl - HHH000194: Package not found or no package-info.java: org.frcpm.models
10:24:42.430 [main] DEBUG org.hibernate.boot.model.internal.TableBinder - Retrieving property org.frcpm.models.Task.requiredComponents
10:24:42.430 [main] DEBUG org.hibernate.boot.model.internal.CollectionSecondPass - Mapped collection key: component_id, element: task_id
10:24:42.430 [main] DEBUG org.hibernate.boot.model.internal.CollectionSecondPass - Second pass for collection: org.frcpm.models.Project.meetings
10:24:42.430 [main] DEBUG org.hibernate.boot.model.internal.CollectionBinder - Binding a OneToMany: org.frcpm.models.Project.meetings through a foreign key
10:24:42.430 [main] DEBUG org.hibernate.boot.model.internal.CollectionBinder - Mapping collection: org.frcpm.models.Project.meetings -> meetings
10:24:42.430 [main] DEBUG org.hibernate.boot.model.internal.TableBinder - Retrieving property org.frcpm.models.Meeting.project
10:24:42.430 [main] DEBUG org.hibernate.boot.model.internal.CollectionSecondPass - Mapped collection key: project_id, one-to-many: org.frcpm.models.Meeting
10:24:42.430 [main] DEBUG org.hibernate.boot.model.internal.CollectionSecondPass - Second pass for collection: org.frcpm.models.Project.milestones
10:24:42.430 [main] DEBUG org.hibernate.boot.model.internal.CollectionBinder - Binding a OneToMany: org.frcpm.models.Project.milestones through a foreign key
10:24:42.430 [main] DEBUG org.hibernate.boot.model.internal.CollectionBinder - Mapping collection: org.frcpm.models.Project.milestones -> milestones
10:24:42.430 [main] DEBUG org.hibernate.boot.model.internal.TableBinder - Retrieving property org.frcpm.models.Milestone.project
10:24:42.430 [main] DEBUG org.hibernate.boot.model.internal.CollectionSecondPass - Mapped collection key: project_id, one-to-many: org.frcpm.models.Milestone
10:24:42.430 [main] DEBUG org.hibernate.boot.model.internal.CollectionSecondPass - Second pass for collection: org.frcpm.models.Project.tasks
10:24:42.430 [main] DEBUG org.hibernate.boot.model.internal.CollectionBinder - Binding a OneToMany: org.frcpm.models.Project.tasks through a foreign key
10:24:42.430 [main] DEBUG org.hibernate.boot.model.internal.CollectionBinder - Mapping collection: org.frcpm.models.Project.tasks -> tasks
10:24:42.430 [main] DEBUG org.hibernate.boot.model.internal.TableBinder - Retrieving property org.frcpm.models.Task.project
10:24:42.430 [main] DEBUG org.hibernate.boot.model.internal.CollectionSecondPass - Mapped collection key: project_id, one-to-many: org.frcpm.models.Task
10:24:42.430 [main] DEBUG org.hibernate.boot.model.internal.CollectionSecondPass - Second pass for collection: org.frcpm.models.Subteam.members
10:24:42.430 [main] DEBUG org.hibernate.boot.model.internal.CollectionBinder - Binding a OneToMany: org.frcpm.models.Subteam.members through a foreign key
10:24:42.430 [main] DEBUG org.hibernate.boot.model.internal.CollectionBinder - Mapping collection: org.frcpm.models.Subteam.members -> team_members
10:24:42.430 [main] DEBUG org.hibernate.boot.model.internal.TableBinder - Retrieving property org.frcpm.models.TeamMember.subteam
10:24:42.430 [main] DEBUG org.hibernate.boot.model.internal.CollectionSecondPass - Mapped collection key: subteam_id, one-to-many: org.frcpm.models.TeamMember
10:24:42.430 [main] DEBUG org.hibernate.boot.model.internal.CollectionSecondPass - Second pass for collection: org.frcpm.models.Subteam.subsystems
10:24:42.430 [main] DEBUG org.hibernate.boot.model.internal.CollectionBinder - Binding a OneToMany: org.frcpm.models.Subteam.subsystems through a foreign key
10:24:42.430 [main] DEBUG org.hibernate.boot.model.internal.CollectionBinder - Mapping collection: org.frcpm.models.Subteam.subsystems -> subsystems
10:24:42.430 [main] DEBUG org.hibernate.boot.model.internal.TableBinder - Retrieving property org.frcpm.models.Subsystem.responsibleSubteam
10:24:42.430 [main] DEBUG org.hibernate.boot.model.internal.CollectionSecondPass - Mapped collection key: responsible_subteam_id, one-to-many: org.frcpm.models.Subsystem
10:24:42.430 [main] DEBUG org.hibernate.boot.model.internal.CollectionSecondPass - Second pass for collection: org.frcpm.models.Task.postDependencies
10:24:42.430 [main] DEBUG org.hibernate.boot.model.internal.CollectionBinder - Binding a ManyToMany: org.frcpm.models.Task.postDependencies
10:24:42.431 [main] DEBUG org.hibernate.boot.registry.classloading.internal.ClassLoaderServiceImpl - HHH000194: Package not found or no package-info.java: org.frcpm.models
10:24:42.431 [main] DEBUG org.hibernate.boot.model.internal.TableBinder - Retrieving property org.frcpm.models.Task.preDependencies
10:24:42.431 [main] DEBUG org.hibernate.boot.model.internal.CollectionSecondPass - Mapped collection key: dependency_id, element: task_id
10:24:42.431 [main] DEBUG org.hibernate.boot.model.internal.CollectionSecondPass - Second pass for collection: org.frcpm.models.TeamMember.assignedTasks
10:24:42.431 [main] DEBUG org.hibernate.boot.model.internal.CollectionBinder - Binding a ManyToMany: org.frcpm.models.TeamMember.assignedTasks
10:24:42.432 [main] DEBUG org.hibernate.boot.registry.classloading.internal.ClassLoaderServiceImpl - HHH000194: Package not found or no package-info.java: org.frcpm.models
10:24:42.432 [main] DEBUG org.hibernate.boot.model.internal.TableBinder - Retrieving property org.frcpm.models.Task.assignedTo
10:24:42.432 [main] DEBUG org.hibernate.boot.model.internal.CollectionSecondPass - Mapped collection key: team_member_id, element: task_id
10:24:42.432 [main] DEBUG org.hibernate.boot.model.internal.CollectionSecondPass - Second pass for collection: org.frcpm.models.TeamMember.attendances
10:24:42.432 [main] DEBUG org.hibernate.boot.model.internal.CollectionBinder - Binding a OneToMany: org.frcpm.models.TeamMember.attendances through a foreign key
10:24:42.432 [main] DEBUG org.hibernate.boot.model.internal.CollectionBinder - Mapping collection: org.frcpm.models.TeamMember.attendances -> attendances
10:24:42.432 [main] DEBUG org.hibernate.boot.model.internal.TableBinder - Retrieving property org.frcpm.models.Attendance.member
10:24:42.432 [main] DEBUG org.hibernate.boot.model.internal.CollectionSecondPass - Mapped collection key: member_id, one-to-many: org.frcpm.models.Attendance
10:24:42.442 [main] DEBUG org.hibernate.internal.SessionFactoryImpl - Building session factory
10:24:42.443 [main] DEBUG org.hibernate.service.internal.SessionFactoryServiceRegistryImpl - EventListenerRegistry access via ServiceRegistry is deprecated.  Use `sessionFactory.getEventEngine().getListenerRegistry()` instead
10:24:42.443 [main] DEBUG org.hibernate.internal.SessionFactoryImpl - Instantiating SessionFactory with settings: {hibernate.format_sql=false, java.specification.version=21, sun.cpu.isalist=amd64, hibernate.connection.handling_mode=DELAYED_ACQUISITION_AND_RELEASE_AFTER_STATEMENT, sun.jnu.encoding=Cp1252, hibernate.dialect=org.hibernate.dialect.H2Dialect, java.class.path=C:\Users\dhiebert\Local Repositories\Project Management 2.0\target\test-classes;C:\Users\dhiebert\Local Repositories\Project Management 2.0\target\classes;C:\Users\dhiebert\.m2\repository\org\openjfx\javafx-controls\21.0.2\javafx-controls-21.0.2.jar;C:\Users\dhiebert\.m2\repository\org\openjfx\javafx-controls\21.0.2\javafx-controls-21.0.2-win.jar;C:\Users\dhiebert\.m2\repository\org\openjfx\javafx-fxml\21.0.2\javafx-fxml-21.0.2.jar;C:\Users\dhiebert\.m2\repository\org\openjfx\javafx-fxml\21.0.2\javafx-fxml-21.0.2-win.jar;C:\Users\dhiebert\.m2\repository\org\openjfx\javafx-graphics\21.0.2\javafx-graphics-21.0.2.jar;C:\Users\dhiebert\.m2\repository\org\openjfx\javafx-graphics\21.0.2\javafx-graphics-21.0.2-win.jar;C:\Users\dhiebert\.m2\repository\org\openjfx\javafx-base\21.0.2\javafx-base-21.0.2.jar;C:\Users\dhiebert\.m2\repository\org\openjfx\javafx-base\21.0.2\javafx-base-21.0.2-win.jar;C:\Users\dhiebert\.m2\repository\com\h2database\h2\2.2.224\h2-2.2.224.jar;C:\Users\dhiebert\.m2\repository\com\zaxxer\HikariCP\5.1.0\HikariCP-5.1.0.jar;C:\Users\dhiebert\.m2\repository\org\slf4j\slf4j-api\1.7.36\slf4j-api-1.7.36.jar;C:\Users\dhiebert\.m2\repository\org\hibernate\orm\hibernate-core\6.5.0.Final\hibernate-core-6.5.0.Final.jar;C:\Users\dhiebert\.m2\repository\jakarta\persistence\jakarta.persistence-api\3.1.0\jakarta.persistence-api-3.1.0.jar;C:\Users\dhiebert\.m2\repository\jakarta\transaction\jakarta.transaction-api\2.0.1\jakarta.transaction-api-2.0.1.jar;C:\Users\dhiebert\.m2\repository\org\jboss\logging\jboss-logging\3.5.0.Final\jboss-logging-3.5.0.Final.jar;C:\Users\dhiebert\.m2\repository\org\hibernate\common\hibernate-commons-annotations\6.0.6.Final\hibernate-commons-annotations-6.0.6.Final.jar;C:\Users\dhiebert\.m2\repository\io\smallrye\jandex\3.1.2\jandex-3.1.2.jar;C:\Users\dhiebert\.m2\repository\com\fasterxml\classmate\1.5.1\classmate-1.5.1.jar;C:\Users\dhiebert\.m2\repository\net\bytebuddy\byte-buddy\1.14.12\byte-buddy-1.14.12.jar;C:\Users\dhiebert\.m2\repository\jakarta\xml\bind\jakarta.xml.bind-api\4.0.0\jakarta.xml.bind-api-4.0.0.jar;C:\Users\dhiebert\.m2\repository\jakarta\activation\jakarta.activation-api\2.1.0\jakarta.activation-api-2.1.0.jar;C:\Users\dhiebert\.m2\repository\org\glassfish\jaxb\jaxb-runtime\4.0.2\jaxb-runtime-4.0.2.jar;C:\Users\dhiebert\.m2\repository\org\glassfish\jaxb\jaxb-core\4.0.2\jaxb-core-4.0.2.jar;C:\Users\dhiebert\.m2\repository\org\eclipse\angus\angus-activation\2.0.0\angus-activation-2.0.0.jar;C:\Users\dhiebert\.m2\repository\org\glassfish\jaxb\txw2\4.0.2\txw2-4.0.2.jar;C:\Users\dhiebert\.m2\repository\com\sun\istack\istack-commons-runtime\4.1.1\istack-commons-runtime-4.1.1.jar;C:\Users\dhiebert\.m2\repository\jakarta\inject\jakarta.inject-api\2.0.1\jakarta.inject-api-2.0.1.jar;C:\Users\dhiebert\.m2\repository\org\antlr\antlr4-runtime\4.13.0\antlr4-runtime-4.13.0.jar;C:\Users\dhiebert\.m2\repository\org\hibernate\validator\hibernate-validator\8.0.1.Final\hibernate-validator-8.0.1.Final.jar;C:\Users\dhiebert\.m2\repository\jakarta\validation\jakarta.validation-api\3.0.2\jakarta.validation-api-3.0.2.jar;C:\Users\dhiebert\.m2\repository\org\junit\jupiter\junit-jupiter-api\5.10.2\junit-jupiter-api-5.10.2.jar;C:\Users\dhiebert\.m2\repository\org\opentest4j\opentest4j\1.3.0\opentest4j-1.3.0.jar;C:\Users\dhiebert\.m2\repository\org\junit\platform\junit-platform-commons\1.10.2\junit-platform-commons-1.10.2.jar;C:\Users\dhiebert\.m2\repository\org\apiguardian\apiguardian-api\1.1.2\apiguardian-api-1.1.2.jar;C:\Users\dhiebert\.m2\repository\org\junit\jupiter\junit-jupiter-engine\5.10.2\junit-jupiter-engine-5.10.2.jar;C:\Users\dhiebert\.m2\repository\org\junit\platform\junit-platform-engine\1.10.2\junit-platform-engine-1.10.2.jar;C:\Users\dhiebert\.m2\repository\org\mockito\mockito-junit-jupiter\5.10.0\mockito-junit-jupiter-5.10.0.jar;C:\Users\dhiebert\.m2\repository\org\mockito\mockito-core\5.10.0\mockito-core-5.10.0.jar;C:\Users\dhiebert\.m2\repository\net\bytebuddy\byte-buddy-agent\1.14.11\byte-buddy-agent-1.14.11.jar;C:\Users\dhiebert\.m2\repository\org\objenesis\objenesis\3.3\objenesis-3.3.jar;C:\Users\dhiebert\.m2\repository\org\hibernate\orm\hibernate-hikaricp\6.5.0.Final\hibernate-hikaricp-6.5.0.Final.jar;C:\Users\dhiebert\.m2\repository\ch\qos\logback\logback-classic\1.2.11\logback-classic-1.2.11.jar;C:\Users\dhiebert\.m2\repository\ch\qos\logback\logback-core\1.2.11\logback-core-1.2.11.jar;C:\Users\dhiebert\.m2\repository\org\testfx\testfx-core\4.0.18\testfx-core-4.0.18.jar;C:\Users\dhiebert\.m2\repository\org\hamcrest\hamcrest\2.1\hamcrest-2.1.jar;C:\Users\dhiebert\.m2\repository\org\assertj\assertj-core\3.13.2\assertj-core-3.13.2.jar;C:\Users\dhiebert\.m2\repository\org\osgi\org.osgi.core\6.0.0\org.osgi.core-6.0.0.jar;C:\Users\dhiebert\.m2\repository\org\testfx\testfx-junit5\4.0.18\testfx-junit5-4.0.18.jar;C:\Users\dhiebert\.m2\repository\org\openjfx\javafx-web\17.0.2\javafx-web-17.0.2.jar;C:\Users\dhiebert\.m2\repository\org\openjfx\javafx-web\17.0.2\javafx-web-17.0.2-win.jar;C:\Users\dhiebert\.m2\repository\org\openjfx\javafx-media\17.0.2\javafx-media-17.0.2.jar;C:\Users\dhiebert\.m2\repository\org\openjfx\javafx-media\17.0.2\javafx-media-17.0.2-win.jar;C:\Users\dhiebert\.m2\repository\org\apache\pdfbox\pdfbox\2.0.27\pdfbox-2.0.27.jar;C:\Users\dhiebert\.m2\repository\org\apache\pdfbox\fontbox\2.0.27\fontbox-2.0.27.jar;C:\Users\dhiebert\.m2\repository\commons-logging\commons-logging\1.2\commons-logging-1.2.jar;C:\Users\dhiebert\.m2\repository\com\fasterxml\jackson\core\jackson-databind\2.15.0\jackson-databind-2.15.0.jar;C:\Users\dhiebert\.m2\repository\com\fasterxml\jackson\core\jackson-annotations\2.15.0\jackson-annotations-2.15.0.jar;C:\Users\dhiebert\.m2\repository\com\fasterxml\jackson\core\jackson-core\2.15.0\jackson-core-2.15.0.jar;C:\Users\dhiebert\.m2\repository\org\apache\xmlgraphics\batik-all\1.16\batik-all-1.16.jar;C:\Users\dhiebert\.m2\repository\xml-apis\xml-apis\1.4.01\xml-apis-1.4.01.jar;C:\Users\dhiebert\.m2\repository\xml-apis\xml-apis-ext\1.3.04\xml-apis-ext-1.3.04.jar;C:\Users\dhiebert\.m2\repository\org\apache\xmlgraphics\xmlgraphics-commons\2.7\xmlgraphics-commons-2.7.jar;C:\Users\dhiebert\.m2\repository\commons-io\commons-io\1.3.1\commons-io-1.3.1.jar;C:\Users\dhiebert\.m2\repository\org\jgrapht\jgrapht-core\1.5.2\jgrapht-core-1.5.2.jar;C:\Users\dhiebert\.m2\repository\org\jheaps\jheaps\0.14\jheaps-0.14.jar;C:\Users\dhiebert\.m2\repository\org\apfloat\apfloat\1.10.1\apfloat-1.10.1.jar;, java.vm.vendor=Eclipse Adoptium, sun.arch.data.model=64, hibernate.order_inserts=true, user.variant=, java.vendor.url=https://adoptium.net/, user.timezone=America/Chicago, javax.persistence.jdbc.user=****, javax.persistence.jdbc.url=jdbc:h2:file:C:\Users\dhiebert\.frcpm\frcpm, java.vm.specification.version=21, os.name=Windows 11, hibernate.generate_statistics=false, hibernate.hikari.connectionTimeout=10000, hibernate.order_updates=true, hibernate.jdbc.batch_versioned_data=true, jakarta.persistence.jdbc.password=****, hibernate.jdbc.batch_size=30, sun.java.launcher=SUN_STANDARD, user.country=US, local.setting.IS_JTA_TXN_COORD=false, sun.boot.library.path=C:\Program Files\Eclipse Adoptium\jdk-21.0.6.7-hotspot\bin, sun.java.command=C:\Users\dhiebert\AppData\Local\Temp\surefire9513985487531586668\surefirebooter-20250425102356946_3.jar C:\Users\dhiebert\AppData\Local\Temp\surefire9513985487531586668 2025-04-25T10-23-56_800-jvmRun1 surefire-20250425102356946_1tmp surefire_0-20250425102356946_2tmp, hibernate.use_sql_comments=false, hibernate.connection.provider_class=org.hibernate.hikaricp.internal.HikariCPConnectionProvider, jdk.debug=release, surefire.test.class.path=C:\Users\dhiebert\Local Repositories\Project Management 2.0\target\test-classes;C:\Users\dhiebert\Local Repositories\Project Management 2.0\target\classes;C:\Users\dhiebert\.m2\repository\org\openjfx\javafx-controls\21.0.2\javafx-controls-21.0.2.jar;C:\Users\dhiebert\.m2\repository\org\openjfx\javafx-controls\21.0.2\javafx-controls-21.0.2-win.jar;C:\Users\dhiebert\.m2\repository\org\openjfx\javafx-fxml\21.0.2\javafx-fxml-21.0.2.jar;C:\Users\dhiebert\.m2\repository\org\openjfx\javafx-fxml\21.0.2\javafx-fxml-21.0.2-win.jar;C:\Users\dhiebert\.m2\repository\org\openjfx\javafx-graphics\21.0.2\javafx-graphics-21.0.2.jar;C:\Users\dhiebert\.m2\repository\org\openjfx\javafx-graphics\21.0.2\javafx-graphics-21.0.2-win.jar;C:\Users\dhiebert\.m2\repository\org\openjfx\javafx-base\21.0.2\javafx-base-21.0.2.jar;C:\Users\dhiebert\.m2\repository\org\openjfx\javafx-base\21.0.2\javafx-base-21.0.2-win.jar;C:\Users\dhiebert\.m2\repository\com\h2database\h2\2.2.224\h2-2.2.224.jar;C:\Users\dhiebert\.m2\repository\com\zaxxer\HikariCP\5.1.0\HikariCP-5.1.0.jar;C:\Users\dhiebert\.m2\repository\org\slf4j\slf4j-api\1.7.36\slf4j-api-1.7.36.jar;C:\Users\dhiebert\.m2\repository\org\hibernate\orm\hibernate-core\6.5.0.Final\hibernate-core-6.5.0.Final.jar;C:\Users\dhiebert\.m2\repository\jakarta\persistence\jakarta.persistence-api\3.1.0\jakarta.persistence-api-3.1.0.jar;C:\Users\dhiebert\.m2\repository\jakarta\transaction\jakarta.transaction-api\2.0.1\jakarta.transaction-api-2.0.1.jar;C:\Users\dhiebert\.m2\repository\org\jboss\logging\jboss-logging\3.5.0.Final\jboss-logging-3.5.0.Final.jar;C:\Users\dhiebert\.m2\repository\org\hibernate\common\hibernate-commons-annotations\6.0.6.Final\hibernate-commons-annotations-6.0.6.Final.jar;C:\Users\dhiebert\.m2\repository\io\smallrye\jandex\3.1.2\jandex-3.1.2.jar;C:\Users\dhiebert\.m2\repository\com\fasterxml\classmate\1.5.1\classmate-1.5.1.jar;C:\Users\dhiebert\.m2\repository\net\bytebuddy\byte-buddy\1.14.12\byte-buddy-1.14.12.jar;C:\Users\dhiebert\.m2\repository\jakarta\xml\bind\jakarta.xml.bind-api\4.0.0\jakarta.xml.bind-api-4.0.0.jar;C:\Users\dhiebert\.m2\repository\jakarta\activation\jakarta.activation-api\2.1.0\jakarta.activation-api-2.1.0.jar;C:\Users\dhiebert\.m2\repository\org\glassfish\jaxb\jaxb-runtime\4.0.2\jaxb-runtime-4.0.2.jar;C:\Users\dhiebert\.m2\repository\org\glassfish\jaxb\jaxb-core\4.0.2\jaxb-core-4.0.2.jar;C:\Users\dhiebert\.m2\repository\org\eclipse\angus\angus-activation\2.0.0\angus-activation-2.0.0.jar;C:\Users\dhiebert\.m2\repository\org\glassfish\jaxb\txw2\4.0.2\txw2-4.0.2.jar;C:\Users\dhiebert\.m2\repository\com\sun\istack\istack-commons-runtime\4.1.1\istack-commons-runtime-4.1.1.jar;C:\Users\dhiebert\.m2\repository\jakarta\inject\jakarta.inject-api\2.0.1\jakarta.inject-api-2.0.1.jar;C:\Users\dhiebert\.m2\repository\org\antlr\antlr4-runtime\4.13.0\antlr4-runtime-4.13.0.jar;C:\Users\dhiebert\.m2\repository\org\hibernate\validator\hibernate-validator\8.0.1.Final\hibernate-validator-8.0.1.Final.jar;C:\Users\dhiebert\.m2\repository\jakarta\validation\jakarta.validation-api\3.0.2\jakarta.validation-api-3.0.2.jar;C:\Users\dhiebert\.m2\repository\org\junit\jupiter\junit-jupiter-api\5.10.2\junit-jupiter-api-5.10.2.jar;C:\Users\dhiebert\.m2\repository\org\opentest4j\opentest4j\1.3.0\opentest4j-1.3.0.jar;C:\Users\dhiebert\.m2\repository\org\junit\platform\junit-platform-commons\1.10.2\junit-platform-commons-1.10.2.jar;C:\Users\dhiebert\.m2\repository\org\apiguardian\apiguardian-api\1.1.2\apiguardian-api-1.1.2.jar;C:\Users\dhiebert\.m2\repository\org\junit\jupiter\junit-jupiter-engine\5.10.2\junit-jupiter-engine-5.10.2.jar;C:\Users\dhiebert\.m2\repository\org\junit\platform\junit-platform-engine\1.10.2\junit-platform-engine-1.10.2.jar;C:\Users\dhiebert\.m2\repository\org\mockito\mockito-junit-jupiter\5.10.0\mockito-junit-jupiter-5.10.0.jar;C:\Users\dhiebert\.m2\repository\org\mockito\mockito-core\5.10.0\mockito-core-5.10.0.jar;C:\Users\dhiebert\.m2\repository\net\bytebuddy\byte-buddy-agent\1.14.11\byte-buddy-agent-1.14.11.jar;C:\Users\dhiebert\.m2\repository\org\objenesis\objenesis\3.3\objenesis-3.3.jar;C:\Users\dhiebert\.m2\repository\org\hibernate\orm\hibernate-hikaricp\6.5.0.Final\hibernate-hikaricp-6.5.0.Final.jar;C:\Users\dhiebert\.m2\repository\ch\qos\logback\logback-classic\1.2.11\logback-classic-1.2.11.jar;C:\Users\dhiebert\.m2\repository\ch\qos\logback\logback-core\1.2.11\logback-core-1.2.11.jar;C:\Users\dhiebert\.m2\repository\org\testfx\testfx-core\4.0.18\testfx-core-4.0.18.jar;C:\Users\dhiebert\.m2\repository\org\hamcrest\hamcrest\2.1\hamcrest-2.1.jar;C:\Users\dhiebert\.m2\repository\org\assertj\assertj-core\3.13.2\assertj-core-3.13.2.jar;C:\Users\dhiebert\.m2\repository\org\osgi\org.osgi.core\6.0.0\org.osgi.core-6.0.0.jar;C:\Users\dhiebert\.m2\repository\org\testfx\testfx-junit5\4.0.18\testfx-junit5-4.0.18.jar;C:\Users\dhiebert\.m2\repository\org\openjfx\javafx-web\17.0.2\javafx-web-17.0.2.jar;C:\Users\dhiebert\.m2\repository\org\openjfx\javafx-web\17.0.2\javafx-web-17.0.2-win.jar;C:\Users\dhiebert\.m2\repository\org\openjfx\javafx-media\17.0.2\javafx-media-17.0.2.jar;C:\Users\dhiebert\.m2\repository\org\openjfx\javafx-media\17.0.2\javafx-media-17.0.2-win.jar;C:\Users\dhiebert\.m2\repository\org\apache\pdfbox\pdfbox\2.0.27\pdfbox-2.0.27.jar;C:\Users\dhiebert\.m2\repository\org\apache\pdfbox\fontbox\2.0.27\fontbox-2.0.27.jar;C:\Users\dhiebert\.m2\repository\commons-logging\commons-logging\1.2\commons-logging-1.2.jar;C:\Users\dhiebert\.m2\repository\com\fasterxml\jackson\core\jackson-databind\2.15.0\jackson-databind-2.15.0.jar;C:\Users\dhiebert\.m2\repository\com\fasterxml\jackson\core\jackson-annotations\2.15.0\jackson-annotations-2.15.0.jar;C:\Users\dhiebert\.m2\repository\com\fasterxml\jackson\core\jackson-core\2.15.0\jackson-core-2.15.0.jar;C:\Users\dhiebert\.m2\repository\org\apache\xmlgraphics\batik-all\1.16\batik-all-1.16.jar;C:\Users\dhiebert\.m2\repository\xml-apis\xml-apis\1.4.01\xml-apis-1.4.01.jar;C:\Users\dhiebert\.m2\repository\xml-apis\xml-apis-ext\1.3.04\xml-apis-ext-1.3.04.jar;C:\Users\dhiebert\.m2\repository\org\apache\xmlgraphics\xmlgraphics-commons\2.7\xmlgraphics-commons-2.7.jar;C:\Users\dhiebert\.m2\repository\commons-io\commons-io\1.3.1\commons-io-1.3.1.jar;C:\Users\dhiebert\.m2\repository\org\jgrapht\jgrapht-core\1.5.2\jgrapht-core-1.5.2.jar;C:\Users\dhiebert\.m2\repository\org\jheaps\jheaps\0.14\jheaps-0.14.jar;C:\Users\dhiebert\.m2\repository\org\apfloat\apfloat\1.10.1\apfloat-1.10.1.jar;, jakarta.persistence.jdbc.driver=org.h2.Driver, sun.cpu.endian=little, user.home=C:\Users\dhiebert, user.language=en, java.specification.vendor=Oracle Corporation, java.version.date=2025-01-21, java.home=C:\Program Files\Eclipse Adoptium\jdk-21.0.6.7-hotspot, file.separator=\, basedir=C:\Users\dhiebert\Local Repositories\Project Management 2.0, java.vm.compressedOopsMode=Zero based, jakarta.persistence.jdbc.user=****, line.separator=
, hibernate.persistenceUnitName=frcpm, java.vm.specification.vendor=Oracle Corporation, java.specification.name=Java Platform API Specification, hibernate.transaction.coordinator_class=class org.hibernate.resource.transaction.backend.jdbc.internal.JdbcResourceLocalTransactionCoordinatorBuilderImpl, javax.persistence.jdbc.driver=org.h2.Driver, hibernate.hikari.maximumPoolSize=10, surefire.real.class.path=C:\Users\dhiebert\AppData\Local\Temp\surefire9513985487531586668\surefirebooter-20250425102356946_3.jar, hibernate.hbm2ddl.auto=update, user.script=, sun.management.compiler=HotSpot 64-Bit Tiered Compilers, java.runtime.version=21.0.6+7-LTS, user.name=dhiebert, hibernate.cache.use_query_cache=false, stdout.encoding=Cp1252, path.separator=;, hibernate.connection.username=****, os.version=10.0, java.runtime.name=OpenJDK Runtime Environment, hibernate.connection.url=jdbc:h2:file:C:\Users\dhiebert\.frcpm\frcpm, file.encoding=UTF-8, hibernate.hikari.minimumIdle=2, hibernate.hikari.idleTimeout=30000, java.vm.name=OpenJDK 64-Bit Server VM, hibernate.show_sql=false, java.vendor.version=Temurin-21.0.6+7, hibernate.hikari.poolName=FRC-PM-HikariCP, hibernate.current_session_context_class=thread, localRepository=C:\Users\dhiebert\.m2\repository, hibernate.connection.driver_class=org.h2.Driver, java.vendor.url.bug=https://github.com/adoptium/adoptium-support/issues, java.io.tmpdir=C:\Users\dhiebert\AppData\Local\Temp\, java.version=21.0.6, user.dir=C:\Users\dhiebert\Local Repositories\Project Management 2.0, os.arch=amd64, java.vm.specification.name=Java Virtual Machine Specification, hibernate.connection.password=****, sun.os.patch.level=, jakarta.persistence.jdbc.url=jdbc:h2:file:C:\Users\dhiebert\.frcpm\frcpm, hibernate.boot.CfgXmlAccessService.key=org.hibernate.boot.registry.StandardServiceRegistryBuilder$1@34ef2dba, native.encoding=Cp1252, hibernate.cache.use_second_level_cache=false, java.library.path=C:\Program Files\Eclipse Adoptium\jdk-21.0.6.7-hotspot\bin;C:\WINDOWS\Sun\Java\bin;C:\WINDOWS\system32;C:\WINDOWS;C:\Program Files\apache-maven-3.9.9\bin;C:\Program Files\Eclipse Adoptium\jdk-21.0.6.7-hotspot\bin;C:\Program Files\National Instruments\Shared\OpenVINO\;C:\Program Files\Common Files\Oracle\Java\javapath;C:\WINDOWS\system32;C:\WINDOWS;C:\WINDOWS\System32\Wbem;C:\WINDOWS\System32\WindowsPowerShell\v1.0\;C:\WINDOWS\System32\OpenSSH\;C:\Program Files\dotnet\;C:\Program Files (x86)\Windows Live\Shared;C:\Program Files\Git\cmd;C:\Program Files\Common Files\Autodesk Shared\;C:\Program Files\Microsoft SQL Server\150\Tools\Binn\;C:\Program Files\nodejs\;C:\Program Files\Eclipse Adoptium\jdk-21.0.6.7-hotspot\bin;C:\Program Files\apache-maven-3.9.9\bin;%MAVEN_HOME%\bin;C:\Users\dhiebert\AppData\Local\Microsoft\WindowsApps;C:\Users\dhiebert\AppData\Local\GitHubDesktop\bin;C:\Users\dhiebert\AppData\Roaming\npm;C:\Users\dhiebert\AppData\Local\Packages\PythonSoftwareFoundation.Python.3.11_qbz5n2kfra8p0\LocalCache\local-packages\Python311\Scripts;C:\Users\dhiebert\AppData\Local\Packages\PythonSoftwareFoundation.Python.3.11_qbz5n2kfra8p0\LocalCache\local-packages\Python311\site-packages\maven;;c:\Users\Public\wpilib\2025\vscode\data\user-data\User\globalStorage\github.copilot-chat\debugCommand;c:\Users\Public\wpilib\2025\vscode\data\extensions\ms-python.debugpy-2025.4.1-win32-x64\bundled\scripts\noConfigScripts;., stderr.encoding=Cp1252, java.vendor=Eclipse Adoptium, java.vm.info=mixed mode, sharing, java.vm.version=21.0.6+7-LTS, sun.io.unicode.encoding=UnicodeLittle, javax.persistence.jdbc.password=****, java.class.version=65.0}
10:24:42.444 [main] DEBUG org.hibernate.internal.SessionFactoryImpl - Session factory constructed with filter configurations : {}
10:24:42.444 [main] DEBUG org.hibernate.validator.internal.xml.config.ValidationXmlParser - Trying to load META-INF/validation.xml for XML based Validator configuration.
10:24:42.444 [main] DEBUG org.hibernate.validator.internal.xml.config.ResourceLoaderHelper - Trying to load META-INF/validation.xml via TCCL
10:24:42.444 [main] DEBUG org.hibernate.validator.internal.xml.config.ResourceLoaderHelper - Trying to load META-INF/validation.xml via Hibernate Validator's class loader
10:24:42.444 [main] DEBUG org.hibernate.validator.internal.xml.config.ValidationXmlParser - No META-INF/validation.xml found. Using annotation based configuration only.
10:24:42.444 [main] DEBUG org.hibernate.validator.internal.engine.resolver.TraversableResolvers - Found jakarta.persistence.Persistence on classpath containing 'getPersistenceUtil'. Assuming JPA 2 environment. Trying to instantiate JPA aware TraversableResolver
10:24:42.444 [main] DEBUG org.hibernate.validator.internal.engine.resolver.TraversableResolvers - Instantiated JPA aware TraversableResolver of type org.hibernate.validator.internal.engine.resolver.JPATraversableResolver.
10:24:42.444 [main] DEBUG org.hibernate.validator.messageinterpolation.ResourceBundleMessageInterpolator - Failed to load expression factory via classloader jdk.internal.loader.ClassLoaders$AppClassLoader@70dea4e
java.lang.NoClassDefFoundError: jakarta/el/ExpressionFactory
	at org.hibernate.validator.messageinterpolation.ResourceBundleMessageInterpolator.canLoadExpressionFactory(ResourceBundleMessageInterpolator.java:228)
	at org.hibernate.validator.messageinterpolation.ResourceBundleMessageInterpolator.buildExpressionFactory(ResourceBundleMessageInterpolator.java:173)
	at org.hibernate.validator.messageinterpolation.ResourceBundleMessageInterpolator.<init>(ResourceBundleMessageInterpolator.java:97)
	at org.hibernate.validator.internal.engine.AbstractConfigurationImpl.getDefaultMessageInterpolator(AbstractConfigurationImpl.java:575)
	at org.hibernate.validator.internal.engine.AbstractConfigurationImpl.getDefaultMessageInterpolatorConfiguredWithClassLoader(AbstractConfigurationImpl.java:834)
	at org.hibernate.validator.internal.engine.AbstractConfigurationImpl.getMessageInterpolator(AbstractConfigurationImpl.java:485)
	at org.hibernate.validator.internal.engine.ValidatorFactoryImpl.<init>(ValidatorFactoryImpl.java:157)
	at org.hibernate.validator.HibernateValidator.buildValidatorFactory(HibernateValidator.java:38)
	at org.hibernate.validator.internal.engine.AbstractConfigurationImpl.buildValidatorFactory(AbstractConfigurationImpl.java:453)
	at jakarta.validation.Validation.buildDefaultValidatorFactory(Validation.java:103)
	at org.hibernate.boot.beanvalidation.TypeSafeActivator.getValidatorFactory(TypeSafeActivator.java:482)
	at org.hibernate.boot.beanvalidation.TypeSafeActivator.activate(TypeSafeActivator.java:79)
	at java.base/jdk.internal.reflect.DirectMethodHandleAccessor.invoke(DirectMethodHandleAccessor.java:103)
	at java.base/java.lang.reflect.Method.invoke(Method.java:580)
	at org.hibernate.boot.beanvalidation.BeanValidationIntegrator.integrate(BeanValidationIntegrator.java:139)
	at org.hibernate.internal.SessionFactoryImpl.integrate(SessionFactoryImpl.java:517)
	at org.hibernate.internal.SessionFactoryImpl.<init>(SessionFactoryImpl.java:276)
	at org.hibernate.boot.internal.SessionFactoryBuilderImpl.build(SessionFactoryBuilderImpl.java:457)
	at org.hibernate.jpa.boot.internal.EntityManagerFactoryBuilderImpl.build(EntityManagerFactoryBuilderImpl.java:1506)
	at org.hibernate.jpa.HibernatePersistenceProvider.createEntityManagerFactory(HibernatePersistenceProvider.java:55)
	at jakarta.persistence.Persistence.createEntityManagerFactory(Persistence.java:80)
	at org.frcpm.config.DatabaseConfig.initialize(DatabaseConfig.java:114)
	at org.frcpm.config.DatabaseConfig.initialize(DatabaseConfig.java:28)
	at org.frcpm.repositories.SubteamRepositoryTest.setUp(SubteamRepositoryTest.java:24)
	at java.base/jdk.internal.reflect.DirectMethodHandleAccessor.invoke(DirectMethodHandleAccessor.java:103)
	at java.base/java.lang.reflect.Method.invoke(Method.java:580)
	at org.junit.platform.commons.util.ReflectionUtils.invokeMethod(ReflectionUtils.java:728)
	at org.junit.jupiter.engine.execution.MethodInvocation.proceed(MethodInvocation.java:60)
	at org.junit.jupiter.engine.execution.InvocationInterceptorChain$ValidatingInvocation.proceed(InvocationInterceptorChain.java:131)
	at org.junit.jupiter.engine.extension.TimeoutExtension.intercept(TimeoutExtension.java:156)
	at org.junit.jupiter.engine.extension.TimeoutExtension.interceptLifecycleMethod(TimeoutExtension.java:128)
	at org.junit.jupiter.engine.extension.TimeoutExtension.interceptBeforeEachMethod(TimeoutExtension.java:78)
	at org.junit.jupiter.engine.execution.InterceptingExecutableInvoker$ReflectiveInterceptorCall.lambda$ofVoidMethod$0(InterceptingExecutableInvoker.java:103)
	at org.junit.jupiter.engine.execution.InterceptingExecutableInvoker.lambda$invoke$0(InterceptingExecutableInvoker.java:93)
	at org.junit.jupiter.engine.execution.InvocationInterceptorChain$InterceptedInvocation.proceed(InvocationInterceptorChain.java:106)
	at org.junit.jupiter.engine.execution.InvocationInterceptorChain.proceed(InvocationInterceptorChain.java:64)
	at org.junit.jupiter.engine.execution.InvocationInterceptorChain.chainAndInvoke(InvocationInterceptorChain.java:45)
	at org.junit.jupiter.engine.execution.InvocationInterceptorChain.invoke(InvocationInterceptorChain.java:37)
	at org.junit.jupiter.engine.execution.InterceptingExecutableInvoker.invoke(InterceptingExecutableInvoker.java:92)
	at org.junit.jupiter.engine.execution.InterceptingExecutableInvoker.invoke(InterceptingExecutableInvoker.java:86)
	at org.junit.jupiter.engine.descriptor.ClassBasedTestDescriptor.invokeMethodInExtensionContext(ClassBasedTestDescriptor.java:521)
	at org.junit.jupiter.engine.descriptor.ClassBasedTestDescriptor.lambda$synthesizeBeforeEachMethodAdapter$23(ClassBasedTestDescriptor.java:506)
	at org.junit.jupiter.engine.descriptor.TestMethodTestDescriptor.lambda$invokeBeforeEachMethods$3(TestMethodTestDescriptor.java:175)
	at org.junit.jupiter.engine.descriptor.TestMethodTestDescriptor.lambda$invokeBeforeMethodsOrCallbacksUntilExceptionOccurs$6(TestMethodTestDescriptor.java:203)
	at org.junit.platform.engine.support.hierarchical.ThrowableCollector.execute(ThrowableCollector.java:73)
	at org.junit.jupiter.engine.descriptor.TestMethodTestDescriptor.invokeBeforeMethodsOrCallbacksUntilExceptionOccurs(TestMethodTestDescriptor.java:203)
	at org.junit.jupiter.engine.descriptor.TestMethodTestDescriptor.invokeBeforeEachMethods(TestMethodTestDescriptor.java:172)
	at org.junit.jupiter.engine.descriptor.TestMethodTestDescriptor.execute(TestMethodTestDescriptor.java:135)
	at org.junit.jupiter.engine.descriptor.TestMethodTestDescriptor.execute(TestMethodTestDescriptor.java:69)
	at org.junit.platform.engine.support.hierarchical.NodeTestTask.lambda$executeRecursively$6(NodeTestTask.java:151)
	at org.junit.platform.engine.support.hierarchical.ThrowableCollector.execute(ThrowableCollector.java:73)
	at org.junit.platform.engine.support.hierarchical.NodeTestTask.lambda$executeRecursively$8(NodeTestTask.java:141)
	at org.junit.platform.engine.support.hierarchical.Node.around(Node.java:137)
	at org.junit.platform.engine.support.hierarchical.NodeTestTask.lambda$executeRecursively$9(NodeTestTask.java:139)
	at org.junit.platform.engine.support.hierarchical.ThrowableCollector.execute(ThrowableCollector.java:73)
	at org.junit.platform.engine.support.hierarchical.NodeTestTask.executeRecursively(NodeTestTask.java:138)
	at org.junit.platform.engine.support.hierarchical.NodeTestTask.execute(NodeTestTask.java:95)
	at java.base/java.util.ArrayList.forEach(ArrayList.java:1596)
	at org.junit.platform.engine.support.hierarchical.SameThreadHierarchicalTestExecutorService.invokeAll(SameThreadHierarchicalTestExecutorService.java:41)
	at org.junit.platform.engine.support.hierarchical.NodeTestTask.lambda$executeRecursively$6(NodeTestTask.java:155)
	at org.junit.platform.engine.support.hierarchical.ThrowableCollector.execute(ThrowableCollector.java:73)
	at org.junit.platform.engine.support.hierarchical.NodeTestTask.lambda$executeRecursively$8(NodeTestTask.java:141)
	at org.junit.platform.engine.support.hierarchical.Node.around(Node.java:137)
	at org.junit.platform.engine.support.hierarchical.NodeTestTask.lambda$executeRecursively$9(NodeTestTask.java:139)
	at org.junit.platform.engine.support.hierarchical.ThrowableCollector.execute(ThrowableCollector.java:73)
	at org.junit.platform.engine.support.hierarchical.NodeTestTask.executeRecursively(NodeTestTask.java:138)
	at org.junit.platform.engine.support.hierarchical.NodeTestTask.execute(NodeTestTask.java:95)
	at java.base/java.util.ArrayList.forEach(ArrayList.java:1596)
	at org.junit.platform.engine.support.hierarchical.SameThreadHierarchicalTestExecutorService.invokeAll(SameThreadHierarchicalTestExecutorService.java:41)
	at org.junit.platform.engine.support.hierarchical.NodeTestTask.lambda$executeRecursively$6(NodeTestTask.java:155)
	at org.junit.platform.engine.support.hierarchical.ThrowableCollector.execute(ThrowableCollector.java:73)
	at org.junit.platform.engine.support.hierarchical.NodeTestTask.lambda$executeRecursively$8(NodeTestTask.java:141)
	at org.junit.platform.engine.support.hierarchical.Node.around(Node.java:137)
	at org.junit.platform.engine.support.hierarchical.NodeTestTask.lambda$executeRecursively$9(NodeTestTask.java:139)
	at org.junit.platform.engine.support.hierarchical.ThrowableCollector.execute(ThrowableCollector.java:73)
	at org.junit.platform.engine.support.hierarchical.NodeTestTask.executeRecursively(NodeTestTask.java:138)
	at org.junit.platform.engine.support.hierarchical.NodeTestTask.execute(NodeTestTask.java:95)
	at org.junit.platform.engine.support.hierarchical.SameThreadHierarchicalTestExecutorService.submit(SameThreadHierarchicalTestExecutorService.java:35)
	at org.junit.platform.engine.support.hierarchical.HierarchicalTestExecutor.execute(HierarchicalTestExecutor.java:57)
	at org.junit.platform.engine.support.hierarchical.HierarchicalTestEngine.execute(HierarchicalTestEngine.java:54)
	at org.junit.platform.launcher.core.EngineExecutionOrchestrator.execute(EngineExecutionOrchestrator.java:198)
	at org.junit.platform.launcher.core.EngineExecutionOrchestrator.execute(EngineExecutionOrchestrator.java:169)
	at org.junit.platform.launcher.core.EngineExecutionOrchestrator.execute(EngineExecutionOrchestrator.java:93)
	at org.junit.platform.launcher.core.EngineExecutionOrchestrator.lambda$execute$0(EngineExecutionOrchestrator.java:58)
	at org.junit.platform.launcher.core.EngineExecutionOrchestrator.withInterceptedStreams(EngineExecutionOrchestrator.java:141)
	at org.junit.platform.launcher.core.EngineExecutionOrchestrator.execute(EngineExecutionOrchestrator.java:57)
	at org.junit.platform.launcher.core.DefaultLauncher.execute(DefaultLauncher.java:103)
	at org.junit.platform.launcher.core.DefaultLauncher.execute(DefaultLauncher.java:85)
	at org.junit.platform.launcher.core.DelegatingLauncher.execute(DelegatingLauncher.java:47)
	at org.apache.maven.surefire.junitplatform.LazyLauncher.execute(LazyLauncher.java:56)
	at org.apache.maven.surefire.junitplatform.JUnitPlatformProvider.execute(JUnitPlatformProvider.java:184)
	at org.apache.maven.surefire.junitplatform.JUnitPlatformProvider.invokeAllTests(JUnitPlatformProvider.java:148)
	at org.apache.maven.surefire.junitplatform.JUnitPlatformProvider.invoke(JUnitPlatformProvider.java:122)
	at org.apache.maven.surefire.booter.ForkedBooter.runSuitesInProcess(ForkedBooter.java:385)
	at org.apache.maven.surefire.booter.ForkedBooter.execute(ForkedBooter.java:162)
	at org.apache.maven.surefire.booter.ForkedBooter.run(ForkedBooter.java:507)
	at org.apache.maven.surefire.booter.ForkedBooter.main(ForkedBooter.java:495)
Caused by: java.lang.ClassNotFoundException: jakarta.el.ExpressionFactory
	... 97 common frames omitted
10:24:42.445 [main] DEBUG org.hibernate.validator.messageinterpolation.ResourceBundleMessageInterpolator - Failed to load expression factory via classloader jdk.internal.loader.ClassLoaders$AppClassLoader@70dea4e
java.lang.NoClassDefFoundError: jakarta/el/ExpressionFactory
	at org.hibernate.validator.messageinterpolation.ResourceBundleMessageInterpolator.canLoadExpressionFactory(ResourceBundleMessageInterpolator.java:228)
	at org.hibernate.validator.messageinterpolation.ResourceBundleMessageInterpolator.buildExpressionFactory(ResourceBundleMessageInterpolator.java:186)
	at org.hibernate.validator.messageinterpolation.ResourceBundleMessageInterpolator.<init>(ResourceBundleMessageInterpolator.java:97)
	at org.hibernate.validator.internal.engine.AbstractConfigurationImpl.getDefaultMessageInterpolator(AbstractConfigurationImpl.java:575)
	at org.hibernate.validator.internal.engine.AbstractConfigurationImpl.getDefaultMessageInterpolatorConfiguredWithClassLoader(AbstractConfigurationImpl.java:834)
	at org.hibernate.validator.internal.engine.AbstractConfigurationImpl.getMessageInterpolator(AbstractConfigurationImpl.java:485)
	at org.hibernate.validator.internal.engine.ValidatorFactoryImpl.<init>(ValidatorFactoryImpl.java:157)
	at org.hibernate.validator.HibernateValidator.buildValidatorFactory(HibernateValidator.java:38)
	at org.hibernate.validator.internal.engine.AbstractConfigurationImpl.buildValidatorFactory(AbstractConfigurationImpl.java:453)
	at jakarta.validation.Validation.buildDefaultValidatorFactory(Validation.java:103)
	at org.hibernate.boot.beanvalidation.TypeSafeActivator.getValidatorFactory(TypeSafeActivator.java:482)
	at org.hibernate.boot.beanvalidation.TypeSafeActivator.activate(TypeSafeActivator.java:79)
	at java.base/jdk.internal.reflect.DirectMethodHandleAccessor.invoke(DirectMethodHandleAccessor.java:103)
	at java.base/java.lang.reflect.Method.invoke(Method.java:580)
	at org.hibernate.boot.beanvalidation.BeanValidationIntegrator.integrate(BeanValidationIntegrator.java:139)
	at org.hibernate.internal.SessionFactoryImpl.integrate(SessionFactoryImpl.java:517)
	at org.hibernate.internal.SessionFactoryImpl.<init>(SessionFactoryImpl.java:276)
	at org.hibernate.boot.internal.SessionFactoryBuilderImpl.build(SessionFactoryBuilderImpl.java:457)
	at org.hibernate.jpa.boot.internal.EntityManagerFactoryBuilderImpl.build(EntityManagerFactoryBuilderImpl.java:1506)
	at org.hibernate.jpa.HibernatePersistenceProvider.createEntityManagerFactory(HibernatePersistenceProvider.java:55)
	at jakarta.persistence.Persistence.createEntityManagerFactory(Persistence.java:80)
	at org.frcpm.config.DatabaseConfig.initialize(DatabaseConfig.java:114)
	at org.frcpm.config.DatabaseConfig.initialize(DatabaseConfig.java:28)
	at org.frcpm.repositories.SubteamRepositoryTest.setUp(SubteamRepositoryTest.java:24)
	at java.base/jdk.internal.reflect.DirectMethodHandleAccessor.invoke(DirectMethodHandleAccessor.java:103)
	at java.base/java.lang.reflect.Method.invoke(Method.java:580)
	at org.junit.platform.commons.util.ReflectionUtils.invokeMethod(ReflectionUtils.java:728)
	at org.junit.jupiter.engine.execution.MethodInvocation.proceed(MethodInvocation.java:60)
	at org.junit.jupiter.engine.execution.InvocationInterceptorChain$ValidatingInvocation.proceed(InvocationInterceptorChain.java:131)
	at org.junit.jupiter.engine.extension.TimeoutExtension.intercept(TimeoutExtension.java:156)
	at org.junit.jupiter.engine.extension.TimeoutExtension.interceptLifecycleMethod(TimeoutExtension.java:128)
	at org.junit.jupiter.engine.extension.TimeoutExtension.interceptBeforeEachMethod(TimeoutExtension.java:78)
	at org.junit.jupiter.engine.execution.InterceptingExecutableInvoker$ReflectiveInterceptorCall.lambda$ofVoidMethod$0(InterceptingExecutableInvoker.java:103)
	at org.junit.jupiter.engine.execution.InterceptingExecutableInvoker.lambda$invoke$0(InterceptingExecutableInvoker.java:93)
	at org.junit.jupiter.engine.execution.InvocationInterceptorChain$InterceptedInvocation.proceed(InvocationInterceptorChain.java:106)
	at org.junit.jupiter.engine.execution.InvocationInterceptorChain.proceed(InvocationInterceptorChain.java:64)
	at org.junit.jupiter.engine.execution.InvocationInterceptorChain.chainAndInvoke(InvocationInterceptorChain.java:45)
	at org.junit.jupiter.engine.execution.InvocationInterceptorChain.invoke(InvocationInterceptorChain.java:37)
	at org.junit.jupiter.engine.execution.InterceptingExecutableInvoker.invoke(InterceptingExecutableInvoker.java:92)
	at org.junit.jupiter.engine.execution.InterceptingExecutableInvoker.invoke(InterceptingExecutableInvoker.java:86)
	at org.junit.jupiter.engine.descriptor.ClassBasedTestDescriptor.invokeMethodInExtensionContext(ClassBasedTestDescriptor.java:521)
	at org.junit.jupiter.engine.descriptor.ClassBasedTestDescriptor.lambda$synthesizeBeforeEachMethodAdapter$23(ClassBasedTestDescriptor.java:506)
	at org.junit.jupiter.engine.descriptor.TestMethodTestDescriptor.lambda$invokeBeforeEachMethods$3(TestMethodTestDescriptor.java:175)
	at org.junit.jupiter.engine.descriptor.TestMethodTestDescriptor.lambda$invokeBeforeMethodsOrCallbacksUntilExceptionOccurs$6(TestMethodTestDescriptor.java:203)
	at org.junit.platform.engine.support.hierarchical.ThrowableCollector.execute(ThrowableCollector.java:73)
	at org.junit.jupiter.engine.descriptor.TestMethodTestDescriptor.invokeBeforeMethodsOrCallbacksUntilExceptionOccurs(TestMethodTestDescriptor.java:203)
	at org.junit.jupiter.engine.descriptor.TestMethodTestDescriptor.invokeBeforeEachMethods(TestMethodTestDescriptor.java:172)
	at org.junit.jupiter.engine.descriptor.TestMethodTestDescriptor.execute(TestMethodTestDescriptor.java:135)
	at org.junit.jupiter.engine.descriptor.TestMethodTestDescriptor.execute(TestMethodTestDescriptor.java:69)
	at org.junit.platform.engine.support.hierarchical.NodeTestTask.lambda$executeRecursively$6(NodeTestTask.java:151)
	at org.junit.platform.engine.support.hierarchical.ThrowableCollector.execute(ThrowableCollector.java:73)
	at org.junit.platform.engine.support.hierarchical.NodeTestTask.lambda$executeRecursively$8(NodeTestTask.java:141)
	at org.junit.platform.engine.support.hierarchical.Node.around(Node.java:137)
	at org.junit.platform.engine.support.hierarchical.NodeTestTask.lambda$executeRecursively$9(NodeTestTask.java:139)
	at org.junit.platform.engine.support.hierarchical.ThrowableCollector.execute(ThrowableCollector.java:73)
	at org.junit.platform.engine.support.hierarchical.NodeTestTask.executeRecursively(NodeTestTask.java:138)
	at org.junit.platform.engine.support.hierarchical.NodeTestTask.execute(NodeTestTask.java:95)
	at java.base/java.util.ArrayList.forEach(ArrayList.java:1596)
	at org.junit.platform.engine.support.hierarchical.SameThreadHierarchicalTestExecutorService.invokeAll(SameThreadHierarchicalTestExecutorService.java:41)
	at org.junit.platform.engine.support.hierarchical.NodeTestTask.lambda$executeRecursively$6(NodeTestTask.java:155)
	at org.junit.platform.engine.support.hierarchical.ThrowableCollector.execute(ThrowableCollector.java:73)
	at org.junit.platform.engine.support.hierarchical.NodeTestTask.lambda$executeRecursively$8(NodeTestTask.java:141)
	at org.junit.platform.engine.support.hierarchical.Node.around(Node.java:137)
	at org.junit.platform.engine.support.hierarchical.NodeTestTask.lambda$executeRecursively$9(NodeTestTask.java:139)
	at org.junit.platform.engine.support.hierarchical.ThrowableCollector.execute(ThrowableCollector.java:73)
	at org.junit.platform.engine.support.hierarchical.NodeTestTask.executeRecursively(NodeTestTask.java:138)
	at org.junit.platform.engine.support.hierarchical.NodeTestTask.execute(NodeTestTask.java:95)
	at java.base/java.util.ArrayList.forEach(ArrayList.java:1596)
	at org.junit.platform.engine.support.hierarchical.SameThreadHierarchicalTestExecutorService.invokeAll(SameThreadHierarchicalTestExecutorService.java:41)
	at org.junit.platform.engine.support.hierarchical.NodeTestTask.lambda$executeRecursively$6(NodeTestTask.java:155)
	at org.junit.platform.engine.support.hierarchical.ThrowableCollector.execute(ThrowableCollector.java:73)
	at org.junit.platform.engine.support.hierarchical.NodeTestTask.lambda$executeRecursively$8(NodeTestTask.java:141)
	at org.junit.platform.engine.support.hierarchical.Node.around(Node.java:137)
	at org.junit.platform.engine.support.hierarchical.NodeTestTask.lambda$executeRecursively$9(NodeTestTask.java:139)
	at org.junit.platform.engine.support.hierarchical.ThrowableCollector.execute(ThrowableCollector.java:73)
	at org.junit.platform.engine.support.hierarchical.NodeTestTask.executeRecursively(NodeTestTask.java:138)
	at org.junit.platform.engine.support.hierarchical.NodeTestTask.execute(NodeTestTask.java:95)
	at org.junit.platform.engine.support.hierarchical.SameThreadHierarchicalTestExecutorService.submit(SameThreadHierarchicalTestExecutorService.java:35)
	at org.junit.platform.engine.support.hierarchical.HierarchicalTestExecutor.execute(HierarchicalTestExecutor.java:57)
	at org.junit.platform.engine.support.hierarchical.HierarchicalTestEngine.execute(HierarchicalTestEngine.java:54)
	at org.junit.platform.launcher.core.EngineExecutionOrchestrator.execute(EngineExecutionOrchestrator.java:198)
	at org.junit.platform.launcher.core.EngineExecutionOrchestrator.execute(EngineExecutionOrchestrator.java:169)
	at org.junit.platform.launcher.core.EngineExecutionOrchestrator.execute(EngineExecutionOrchestrator.java:93)
	at org.junit.platform.launcher.core.EngineExecutionOrchestrator.lambda$execute$0(EngineExecutionOrchestrator.java:58)
	at org.junit.platform.launcher.core.EngineExecutionOrchestrator.withInterceptedStreams(EngineExecutionOrchestrator.java:141)
	at org.junit.platform.launcher.core.EngineExecutionOrchestrator.execute(EngineExecutionOrchestrator.java:57)
	at org.junit.platform.launcher.core.DefaultLauncher.execute(DefaultLauncher.java:103)
	at org.junit.platform.launcher.core.DefaultLauncher.execute(DefaultLauncher.java:85)
	at org.junit.platform.launcher.core.DelegatingLauncher.execute(DelegatingLauncher.java:47)
	at org.apache.maven.surefire.junitplatform.LazyLauncher.execute(LazyLauncher.java:56)
	at org.apache.maven.surefire.junitplatform.JUnitPlatformProvider.execute(JUnitPlatformProvider.java:184)
	at org.apache.maven.surefire.junitplatform.JUnitPlatformProvider.invokeAllTests(JUnitPlatformProvider.java:148)
	at org.apache.maven.surefire.junitplatform.JUnitPlatformProvider.invoke(JUnitPlatformProvider.java:122)
	at org.apache.maven.surefire.booter.ForkedBooter.runSuitesInProcess(ForkedBooter.java:385)
	at org.apache.maven.surefire.booter.ForkedBooter.execute(ForkedBooter.java:162)
	at org.apache.maven.surefire.booter.ForkedBooter.run(ForkedBooter.java:507)
	at org.apache.maven.surefire.booter.ForkedBooter.main(ForkedBooter.java:495)
Caused by: java.lang.ClassNotFoundException: jakarta.el.ExpressionFactory
	... 97 common frames omitted
10:24:42.445 [main] DEBUG org.hibernate.boot.beanvalidation.TypeSafeActivator - Unable to acquire Bean Validation ValidatorFactory, skipping activation
10:24:42.446 [main] DEBUG org.hibernate.query.sqm.function.SqmFunctionRegistry - Registered SqmFunctionTemplate [NamedSqmFunctionTemplate(max)] under max; prior registration was null
10:24:42.446 [main] DEBUG org.hibernate.query.sqm.function.SqmFunctionRegistry - Registered SqmFunctionTemplate [NamedSqmFunctionTemplate(min)] under min; prior registration was null
10:24:42.446 [main] DEBUG org.hibernate.query.sqm.function.SqmFunctionRegistry - Registered SqmFunctionTemplate [NamedSqmFunctionTemplate(sum)] under sum; prior registration was null
10:24:42.446 [main] DEBUG org.hibernate.query.sqm.function.SqmFunctionRegistry - Registered SqmFunctionTemplate [NamedSqmFunctionTemplate(avg)] under avg; prior registration was null
10:24:42.446 [main] DEBUG org.hibernate.query.sqm.function.SqmFunctionRegistry - Registered SqmFunctionTemplate [org.hibernate.dialect.function.CountFunction@12dd0952] under count; prior registration was null
10:24:42.446 [main] DEBUG org.hibernate.query.sqm.function.SqmFunctionRegistry - Registered SqmFunctionTemplate [org.hibernate.dialect.function.EveryAnyEmulation@77864230] under every; prior registration was null
10:24:42.446 [main] DEBUG org.hibernate.query.sqm.function.SqmFunctionRegistry - Registered SqmFunctionTemplate [org.hibernate.dialect.function.EveryAnyEmulation@294be490] under any; prior registration was null
10:24:42.446 [main] DEBUG org.hibernate.query.sqm.function.SqmFunctionRegistry - Registered SqmFunctionTemplate [NamedSqmFunctionTemplate(floor)] under floor; prior registration was null
10:24:42.446 [main] DEBUG org.hibernate.query.sqm.function.SqmFunctionRegistry - Registered SqmFunctionTemplate [NamedSqmFunctionTemplate(ceiling)] under ceiling; prior registration was null
10:24:42.446 [main] DEBUG org.hibernate.query.sqm.function.SqmFunctionRegistry - Registered SqmFunctionTemplate [NamedSqmFunctionTemplate(mod)] under mod; prior registration was null
10:24:42.446 [main] DEBUG org.hibernate.query.sqm.function.SqmFunctionRegistry - Registered SqmFunctionTemplate [NamedSqmFunctionTemplate(abs)] under abs; prior registration was null
10:24:42.446 [main] DEBUG org.hibernate.query.sqm.function.SqmFunctionRegistry - Registered SqmFunctionTemplate [NamedSqmFunctionTemplate(sign)] under sign; prior registration was null
10:24:42.446 [main] DEBUG org.hibernate.query.sqm.function.SqmFunctionRegistry - Registered SqmFunctionTemplate [NamedSqmFunctionTemplate(sqrt)] under sqrt; prior registration was null
10:24:42.446 [main] DEBUG org.hibernate.query.sqm.function.SqmFunctionRegistry - Registered SqmFunctionTemplate [NamedSqmFunctionTemplate(ln)] under ln; prior registration was null
10:24:42.446 [main] DEBUG org.hibernate.query.sqm.function.SqmFunctionRegistry - Registered SqmFunctionTemplate [NamedSqmFunctionTemplate(exp)] under exp; prior registration was null
10:24:42.446 [main] DEBUG org.hibernate.query.sqm.function.SqmFunctionRegistry - Registered SqmFunctionTemplate [NamedSqmFunctionTemplate(power)] under power; prior registration was null
10:24:42.446 [main] DEBUG org.hibernate.query.sqm.function.SqmFunctionRegistry - Registered SqmFunctionTemplate [NamedSqmFunctionTemplate(round)] under round; prior registration was null
10:24:42.446 [main] DEBUG org.hibernate.query.sqm.function.SqmFunctionRegistry - Registered SqmFunctionTemplate [NamedSqmFunctionTemplate(sin)] under sin; prior registration was null
10:24:42.446 [main] DEBUG org.hibernate.query.sqm.function.SqmFunctionRegistry - Registered SqmFunctionTemplate [NamedSqmFunctionTemplate(cos)] under cos; prior registration was null
10:24:42.446 [main] DEBUG org.hibernate.query.sqm.function.SqmFunctionRegistry - Registered SqmFunctionTemplate [NamedSqmFunctionTemplate(tan)] under tan; prior registration was null
10:24:42.446 [main] DEBUG org.hibernate.query.sqm.function.SqmFunctionRegistry - Registered SqmFunctionTemplate [NamedSqmFunctionTemplate(asin)] under asin; prior registration was null
10:24:42.446 [main] DEBUG org.hibernate.query.sqm.function.SqmFunctionRegistry - Registered SqmFunctionTemplate [NamedSqmFunctionTemplate(acos)] under acos; prior registration was null
10:24:42.446 [main] DEBUG org.hibernate.query.sqm.function.SqmFunctionRegistry - Registered SqmFunctionTemplate [NamedSqmFunctionTemplate(atan)] under atan; prior registration was null
10:24:42.446 [main] DEBUG org.hibernate.query.sqm.function.SqmFunctionRegistry - Registered SqmFunctionTemplate [NamedSqmFunctionTemplate(atan2)] under atan2; prior registration was null
10:24:42.446 [main] DEBUG org.hibernate.query.sqm.function.SqmFunctionRegistry - Registered SqmFunctionTemplate [org.hibernate.query.sqm.function.PatternBasedSqmFunctionDescriptor@45168871] under sinh; prior registration was null
10:24:42.446 [main] DEBUG org.hibernate.query.sqm.function.SqmFunctionRegistry - Registered SqmFunctionTemplate [org.hibernate.query.sqm.function.PatternBasedSqmFunctionDescriptor@3ffb9e18] under cosh; prior registration was null
10:24:42.446 [main] DEBUG org.hibernate.query.sqm.function.SqmFunctionRegistry - Registered SqmFunctionTemplate [org.hibernate.query.sqm.function.PatternBasedSqmFunctionDescriptor@7a29dc15] under tanh; prior registration was null
10:24:42.446 [main] DEBUG org.hibernate.query.sqm.function.SqmFunctionRegistry - Registered SqmFunctionTemplate [org.hibernate.query.sqm.function.PatternBasedSqmFunctionDescriptor@c30c8a4] under pi; prior registration was null
10:24:42.446 [main] DEBUG org.hibernate.query.sqm.function.SqmFunctionRegistry - Registered SqmFunctionTemplate [org.hibernate.query.sqm.function.PatternBasedSqmFunctionDescriptor@7d148c53] under log; prior registration was null
10:24:42.446 [main] DEBUG org.hibernate.query.sqm.function.SqmFunctionRegistry - Registered SqmFunctionTemplate [NamedSqmFunctionTemplate(coalesce)] under coalesce; prior registration was null
10:24:42.446 [main] DEBUG org.hibernate.query.sqm.function.SqmFunctionRegistry - Registered SqmFunctionTemplate [NamedSqmFunctionTemplate(nullif)] under nullif; prior registration was null
10:24:42.446 [main] DEBUG org.hibernate.query.sqm.function.SqmFunctionRegistry - Registered SqmFunctionTemplate [NamedSqmFunctionTemplate(left)] under left; prior registration was null
10:24:42.446 [main] DEBUG org.hibernate.query.sqm.function.SqmFunctionRegistry - Registered SqmFunctionTemplate [NamedSqmFunctionTemplate(right)] under right; prior registration was null
10:24:42.446 [main] DEBUG org.hibernate.query.sqm.function.SqmFunctionRegistry - Registered SqmFunctionTemplate [NamedSqmFunctionTemplate(replace)] under replace; prior registration was null
10:24:42.446 [main] DEBUG org.hibernate.query.sqm.function.SqmFunctionRegistry - Registered SqmFunctionTemplate [NamedSqmFunctionTemplate(concat)] under concat; prior registration was null
10:24:42.446 [main] DEBUG org.hibernate.query.sqm.function.SqmFunctionRegistry - Registered SqmFunctionTemplate [NamedSqmFunctionTemplate(lower)] under lower; prior registration was null
10:24:42.446 [main] DEBUG org.hibernate.query.sqm.function.SqmFunctionRegistry - Registered SqmFunctionTemplate [NamedSqmFunctionTemplate(upper)] under upper; prior registration was null
10:24:42.446 [main] DEBUG org.hibernate.query.sqm.function.SqmFunctionRegistry - Registered SqmFunctionTemplate [NamedSqmFunctionTemplate(substring)] under substring; prior registration was null
10:24:42.446 [main] DEBUG org.hibernate.query.sqm.function.SqmFunctionRegistry - Registered SqmFunctionTemplate [NamedSqmFunctionTemplate(locate)] under locate; prior registration was null
10:24:42.446 [main] DEBUG org.hibernate.query.sqm.function.SqmFunctionRegistry - Registered SqmFunctionTemplate [NamedSqmFunctionTemplate(character_length)] under character_length; prior registration was null
10:24:42.446 [main] DEBUG org.hibernate.query.sqm.function.SqmFunctionRegistry - Registering alternate key : length -> character_length
10:24:42.446 [main] DEBUG org.hibernate.query.sqm.function.SqmFunctionRegistry - Registered SqmFunctionTemplate [org.hibernate.dialect.function.LocatePositionEmulation@1e7cc6b7] under position; prior registration was null
10:24:42.446 [main] DEBUG org.hibernate.query.sqm.function.SqmFunctionRegistry - Registered SqmFunctionTemplate [org.hibernate.dialect.function.InsertSubstringOverlayEmulation@2a016819] under overlay; prior registration was null
10:24:42.446 [main] DEBUG org.hibernate.query.sqm.function.SqmFunctionRegistry - Registered SqmFunctionTemplate [org.hibernate.dialect.function.TrimFunction@207ef015] under trim; prior registration was null
10:24:42.446 [main] DEBUG org.hibernate.query.sqm.function.SqmFunctionRegistry - Registered SqmFunctionTemplate [org.hibernate.dialect.function.CastFunction@7951965d] under cast; prior registration was null
10:24:42.446 [main] DEBUG org.hibernate.query.sqm.function.SqmFunctionRegistry - Registered SqmFunctionTemplate [org.hibernate.query.sqm.function.PatternBasedSqmFunctionDescriptor@160aebe] under collate; prior registration was null
10:24:42.446 [main] DEBUG org.hibernate.query.sqm.function.SqmFunctionRegistry - Registered SqmFunctionTemplate [org.hibernate.dialect.function.ExtractFunction@20004f2b] under extract; prior registration was null
10:24:42.446 [main] DEBUG org.hibernate.query.sqm.function.SqmFunctionRegistry - Registered SqmFunctionTemplate [NamedSqmFunctionTemplate(least)] under least; prior registration was null
10:24:42.446 [main] DEBUG org.hibernate.query.sqm.function.SqmFunctionRegistry - Registered SqmFunctionTemplate [NamedSqmFunctionTemplate(greatest)] under greatest; prior registration was null
10:24:42.446 [main] DEBUG org.hibernate.query.sqm.function.SqmFunctionRegistry - Registered SqmFunctionTemplate [org.hibernate.dialect.function.CoalesceIfnullEmulation@7729ed66] under ifnull; prior registration was null
10:24:42.446 [main] DEBUG org.hibernate.query.sqm.function.SqmFunctionRegistry - Registered SqmFunctionTemplate [NamedSqmFunctionTemplate(lpad)] under lpad; prior registration was null
10:24:42.446 [main] DEBUG org.hibernate.query.sqm.function.SqmFunctionRegistry - Registered SqmFunctionTemplate [NamedSqmFunctionTemplate(rpad)] under rpad; prior registration was null
10:24:42.446 [main] DEBUG org.hibernate.query.sqm.function.SqmFunctionRegistry - Registered SqmFunctionTemplate [org.hibernate.dialect.function.LpadRpadPadEmulation@23f6ea0] under pad; prior registration was null
10:24:42.446 [main] DEBUG org.hibernate.query.sqm.function.SqmFunctionRegistry - Registered SqmFunctionTemplate [org.hibernate.dialect.function.CastStrEmulation@62e2507] under str; prior registration was null
10:24:42.446 [main] DEBUG org.hibernate.query.sqm.function.SqmFunctionRegistry - Registered SqmFunctionTemplate [org.hibernate.dialect.function.FormatFunction@24754bfe] under format; prior registration was null
10:24:42.446 [main] DEBUG org.hibernate.query.sqm.function.SqmFunctionRegistry - Registered SqmFunctionTemplate [org.hibernate.dialect.function.TimestampaddFunction@1c8fd0cb] under timestampadd; prior registration was null
10:24:42.446 [main] DEBUG org.hibernate.query.sqm.function.SqmFunctionRegistry - Registered SqmFunctionTemplate [org.hibernate.dialect.function.TimestampdiffFunction@653ce794] under timestampdiff; prior registration was null
10:24:42.446 [main] DEBUG org.hibernate.query.sqm.function.SqmFunctionRegistry - Registering alternate key : dateadd -> timestampadd
10:24:42.446 [main] DEBUG org.hibernate.query.sqm.function.SqmFunctionRegistry - Registering alternate key : datediff -> timestampdiff
10:24:42.446 [main] DEBUG org.hibernate.query.sqm.function.SqmFunctionRegistry - Registered SqmFunctionTemplate [org.hibernate.dialect.function.CurrentFunction@124df029] under current_date; prior registration was null
10:24:42.446 [main] DEBUG org.hibernate.query.sqm.function.SqmFunctionRegistry - Registered SqmFunctionTemplate [org.hibernate.dialect.function.CurrentFunction@1ce96325] under current_time; prior registration was null
10:24:42.446 [main] DEBUG org.hibernate.query.sqm.function.SqmFunctionRegistry - Registered SqmFunctionTemplate [org.hibernate.dialect.function.CurrentFunction@7e02f1fb] under current_timestamp; prior registration was null
10:24:42.446 [main] DEBUG org.hibernate.query.sqm.function.SqmFunctionRegistry - Registering alternate key : current date -> current_date
10:24:42.446 [main] DEBUG org.hibernate.query.sqm.function.SqmFunctionRegistry - Registering alternate key : current time -> current_time
10:24:42.446 [main] DEBUG org.hibernate.query.sqm.function.SqmFunctionRegistry - Registering alternate key : current timestamp -> current_timestamp
10:24:42.446 [main] DEBUG org.hibernate.query.sqm.function.SqmFunctionRegistry - Registered SqmFunctionTemplate [org.hibernate.dialect.function.CurrentFunction@7c80b9e8] under local_date; prior registration was null
10:24:42.446 [main] DEBUG org.hibernate.query.sqm.function.SqmFunctionRegistry - Registered SqmFunctionTemplate [org.hibernate.dialect.function.CurrentFunction@131d2e9] under local_time; prior registration was null
10:24:42.446 [main] DEBUG org.hibernate.query.sqm.function.SqmFunctionRegistry - Registered SqmFunctionTemplate [org.hibernate.dialect.function.CurrentFunction@561679a1] under local_datetime; prior registration was null
10:24:42.446 [main] DEBUG org.hibernate.query.sqm.function.SqmFunctionRegistry - Registered SqmFunctionTemplate [org.hibernate.dialect.function.CurrentFunction@3ff2d7b1] under offset_datetime; prior registration was null
10:24:42.446 [main] DEBUG org.hibernate.query.sqm.function.SqmFunctionRegistry - Registering alternate key : local date -> local_date
10:24:42.446 [main] DEBUG org.hibernate.query.sqm.function.SqmFunctionRegistry - Registering alternate key : local time -> local_time
10:24:42.446 [main] DEBUG org.hibernate.query.sqm.function.SqmFunctionRegistry - Registering alternate key : local datetime -> local_datetime
10:24:42.446 [main] DEBUG org.hibernate.query.sqm.function.SqmFunctionRegistry - Registering alternate key : offset datetime -> offset_datetime
10:24:42.446 [main] DEBUG org.hibernate.query.sqm.function.SqmFunctionRegistry - Registered SqmFunctionTemplate [org.hibernate.dialect.function.CurrentFunction@4644665e] under instant; prior registration was null
10:24:42.446 [main] DEBUG org.hibernate.query.sqm.function.SqmFunctionRegistry - Registering alternate key : current_instant -> instant
10:24:42.446 [main] DEBUG org.hibernate.query.sqm.function.SqmFunctionRegistry - Registered SqmFunctionTemplate [org.hibernate.dialect.function.SqlFunction@49ed42e5] under sql; prior registration was null
10:24:42.446 [main] DEBUG org.hibernate.query.sqm.function.SqmFunctionRegistry - Registered SqmFunctionTemplate [NamedSqmFunctionTemplate(max)] under max; prior registration was NamedSqmFunctionTemplate(max)
10:24:42.446 [main] DEBUG org.hibernate.query.sqm.function.SqmFunctionRegistry - Registered SqmFunctionTemplate [NamedSqmFunctionTemplate(min)] under min; prior registration was NamedSqmFunctionTemplate(min)
10:24:42.446 [main] DEBUG org.hibernate.query.sqm.function.SqmFunctionRegistry - Registered SqmFunctionTemplate [NamedSqmFunctionTemplate(sum)] under sum; prior registration was NamedSqmFunctionTemplate(sum)
10:24:42.446 [main] DEBUG org.hibernate.query.sqm.function.SqmFunctionRegistry - Registered SqmFunctionTemplate [NamedSqmFunctionTemplate(avg)] under avg; prior registration was NamedSqmFunctionTemplate(avg)
10:24:42.446 [main] DEBUG org.hibernate.query.sqm.function.SqmFunctionRegistry - Registered SqmFunctionTemplate [org.hibernate.dialect.function.CountFunction@2cd3f108] under count; prior registration was org.hibernate.dialect.function.CountFunction@12dd0952
10:24:42.446 [main] DEBUG org.hibernate.query.sqm.function.SqmFunctionRegistry - Registered SqmFunctionTemplate [org.hibernate.dialect.function.AvgFunction@535e47c] under avg; prior registration was NamedSqmFunctionTemplate(avg)
10:24:42.446 [main] DEBUG org.hibernate.query.sqm.function.SqmFunctionRegistry - Registered SqmFunctionTemplate [NamedSqmFunctionTemplate(pi)] under pi; prior registration was org.hibernate.query.sqm.function.PatternBasedSqmFunctionDescriptor@c30c8a4
10:24:42.446 [main] DEBUG org.hibernate.query.sqm.function.SqmFunctionRegistry - Registered SqmFunctionTemplate [NamedSqmFunctionTemplate(cot)] under cot; prior registration was null
10:24:42.446 [main] DEBUG org.hibernate.query.sqm.function.SqmFunctionRegistry - Registered SqmFunctionTemplate [NamedSqmFunctionTemplate(radians)] under radians; prior registration was null
10:24:42.446 [main] DEBUG org.hibernate.query.sqm.function.SqmFunctionRegistry - Registered SqmFunctionTemplate [NamedSqmFunctionTemplate(degrees)] under degrees; prior registration was null
10:24:42.446 [main] DEBUG org.hibernate.query.sqm.function.SqmFunctionRegistry - Registered SqmFunctionTemplate [NamedSqmFunctionTemplate(log10)] under log10; prior registration was null
10:24:42.446 [main] DEBUG org.hibernate.query.sqm.function.SqmFunctionRegistry - Registered SqmFunctionTemplate [org.hibernate.query.sqm.function.PatternBasedSqmFunctionDescriptor@60a61412] under mod; prior registration was NamedSqmFunctionTemplate(mod)
10:24:42.446 [main] DEBUG org.hibernate.query.sqm.function.SqmFunctionRegistry - Registered SqmFunctionTemplate [NamedSqmFunctionTemplate(rand)] under rand; prior registration was null
10:24:42.446 [main] DEBUG org.hibernate.query.sqm.function.SqmFunctionRegistry - Registered SqmFunctionTemplate [NamedSqmFunctionTemplate(soundex)] under soundex; prior registration was null
10:24:42.446 [main] DEBUG org.hibernate.query.sqm.function.SqmFunctionRegistry - Registered SqmFunctionTemplate [NamedSqmFunctionTemplate(translate)] under translate; prior registration was null
10:24:42.446 [main] DEBUG org.hibernate.query.sqm.function.SqmFunctionRegistry - Registered SqmFunctionTemplate [NamedSqmFunctionTemplate(bitand)] under bitand; prior registration was null
10:24:42.446 [main] DEBUG org.hibernate.query.sqm.function.SqmFunctionRegistry - Registered SqmFunctionTemplate [NamedSqmFunctionTemplate(bitor)] under bitor; prior registration was null
10:24:42.446 [main] DEBUG org.hibernate.query.sqm.function.SqmFunctionRegistry - Registered SqmFunctionTemplate [NamedSqmFunctionTemplate(bitxor)] under bitxor; prior registration was null
10:24:42.446 [main] DEBUG org.hibernate.query.sqm.function.SqmFunctionRegistry - Registered SqmFunctionTemplate [NamedSqmFunctionTemplate(bitnot)] under bitnot; prior registration was null
10:24:42.446 [main] DEBUG org.hibernate.query.sqm.function.SqmFunctionRegistry - Registered SqmFunctionTemplate [NamedSqmFunctionTemplate(bit_and)] under bit_and; prior registration was null
10:24:42.446 [main] DEBUG org.hibernate.query.sqm.function.SqmFunctionRegistry - Registered SqmFunctionTemplate [NamedSqmFunctionTemplate(bit_or)] under bit_or; prior registration was null
10:24:42.446 [main] DEBUG org.hibernate.query.sqm.function.SqmFunctionRegistry - Registered SqmFunctionTemplate [NamedSqmFunctionTemplate(day)] under day; prior registration was null
10:24:42.446 [main] DEBUG org.hibernate.query.sqm.function.SqmFunctionRegistry - Registered SqmFunctionTemplate [NamedSqmFunctionTemplate(month)] under month; prior registration was null
10:24:42.446 [main] DEBUG org.hibernate.query.sqm.function.SqmFunctionRegistry - Registered SqmFunctionTemplate [NamedSqmFunctionTemplate(year)] under year; prior registration was null
10:24:42.446 [main] DEBUG org.hibernate.query.sqm.function.SqmFunctionRegistry - Registered SqmFunctionTemplate [NamedSqmFunctionTemplate(hour)] under hour; prior registration was null
10:24:42.446 [main] DEBUG org.hibernate.query.sqm.function.SqmFunctionRegistry - Registered SqmFunctionTemplate [NamedSqmFunctionTemplate(minute)] under minute; prior registration was null
10:24:42.446 [main] DEBUG org.hibernate.query.sqm.function.SqmFunctionRegistry - Registered SqmFunctionTemplate [NamedSqmFunctionTemplate(second)] under second; prior registration was null
10:24:42.446 [main] DEBUG org.hibernate.query.sqm.function.SqmFunctionRegistry - Registered SqmFunctionTemplate [NamedSqmFunctionTemplate(microsecond)] under microsecond; prior registration was null
10:24:42.446 [main] DEBUG org.hibernate.query.sqm.function.SqmFunctionRegistry - Registered SqmFunctionTemplate [NamedSqmFunctionTemplate(day_of_week)] under day_of_week; prior registration was null
10:24:42.446 [main] DEBUG org.hibernate.query.sqm.function.SqmFunctionRegistry - Registered SqmFunctionTemplate [NamedSqmFunctionTemplate(day_of_month)] under day_of_month; prior registration was null
10:24:42.446 [main] DEBUG org.hibernate.query.sqm.function.SqmFunctionRegistry - Registering alternate key : day -> day_of_month
10:24:42.446 [main] DEBUG org.hibernate.query.sqm.function.SqmFunctionRegistry - Registered SqmFunctionTemplate [NamedSqmFunctionTemplate(day_of_year)] under day_of_year; prior registration was null
10:24:42.446 [main] DEBUG org.hibernate.query.sqm.function.SqmFunctionRegistry - Registered SqmFunctionTemplate [NamedSqmFunctionTemplate(week)] under week; prior registration was null
10:24:42.446 [main] DEBUG org.hibernate.query.sqm.function.SqmFunctionRegistry - Registered SqmFunctionTemplate [NamedSqmFunctionTemplate(quarter)] under quarter; prior registration was null
10:24:42.446 [main] DEBUG org.hibernate.query.sqm.function.SqmFunctionRegistry - Registered SqmFunctionTemplate [NamedSqmFunctionTemplate(monthname)] under monthname; prior registration was null
10:24:42.446 [main] DEBUG org.hibernate.query.sqm.function.SqmFunctionRegistry - Registered SqmFunctionTemplate [NamedSqmFunctionTemplate(dayname)] under dayname; prior registration was null
10:24:42.446 [main] DEBUG org.hibernate.query.sqm.function.SqmFunctionRegistry - Registered SqmFunctionTemplate [NamedSqmFunctionTemplate(localtime)] under localtime; prior registration was null
10:24:42.446 [main] DEBUG org.hibernate.query.sqm.function.SqmFunctionRegistry - Registered SqmFunctionTemplate [NamedSqmFunctionTemplate(localtimestamp)] under localtimestamp; prior registration was null
10:24:42.446 [main] DEBUG org.hibernate.query.sqm.function.SqmFunctionRegistry - Registered SqmFunctionTemplate [NamedSqmFunctionTemplate(localtime)] under local_time; prior registration was org.hibernate.dialect.function.CurrentFunction@131d2e9
10:24:42.446 [main] DEBUG org.hibernate.query.sqm.function.SqmFunctionRegistry - Registered SqmFunctionTemplate [NamedSqmFunctionTemplate(localtimestamp)] under local_datetime; prior registration was org.hibernate.dialect.function.CurrentFunction@561679a1
10:24:42.446 [main] DEBUG org.hibernate.query.sqm.function.SqmFunctionRegistry - Registered SqmFunctionTemplate [org.hibernate.dialect.function.TruncFunction@43ff8889] under trunc; prior registration was null
10:24:42.446 [main] DEBUG org.hibernate.query.sqm.function.SqmFunctionRegistry - Registering alternate key : truncate -> trunc
10:24:42.446 [main] DEBUG org.hibernate.query.sqm.function.SqmFunctionRegistry - Registered SqmFunctionTemplate [org.hibernate.query.sqm.function.PatternBasedSqmFunctionDescriptor@70177a4f] under date_trunc; prior registration was null
10:24:42.446 [main] DEBUG org.hibernate.query.sqm.function.SqmFunctionRegistry - Registered SqmFunctionTemplate [NamedSqmFunctionTemplate(bit_length)] under bit_length; prior registration was null
10:24:42.446 [main] DEBUG org.hibernate.query.sqm.function.SqmFunctionRegistry - Registered SqmFunctionTemplate [NamedSqmFunctionTemplate(octet_length)] under octet_length; prior registration was null
10:24:42.446 [main] DEBUG org.hibernate.query.sqm.function.SqmFunctionRegistry - Registered SqmFunctionTemplate [NamedSqmFunctionTemplate(ascii)] under ascii; prior registration was null
10:24:42.446 [main] DEBUG org.hibernate.query.sqm.function.SqmFunctionRegistry - Registered SqmFunctionTemplate [NamedSqmFunctionTemplate(octet_length)] under octet_length; prior registration was NamedSqmFunctionTemplate(octet_length)
10:24:42.446 [main] DEBUG org.hibernate.query.sqm.function.SqmFunctionRegistry - Registered SqmFunctionTemplate [NamedSqmFunctionTemplate(space)] under space; prior registration was null
10:24:42.446 [main] DEBUG org.hibernate.query.sqm.function.SqmFunctionRegistry - Registered SqmFunctionTemplate [NamedSqmFunctionTemplate(repeat)] under repeat; prior registration was null
10:24:42.446 [main] DEBUG org.hibernate.query.sqm.function.SqmFunctionRegistry - Registered SqmFunctionTemplate [NamedSqmFunctionTemplate(char)] under char; prior registration was null
10:24:42.446 [main] DEBUG org.hibernate.query.sqm.function.SqmFunctionRegistry - Registering alternate key : chr -> char
10:24:42.446 [main] DEBUG org.hibernate.query.sqm.function.SqmFunctionRegistry - Registered SqmFunctionTemplate [NamedSqmFunctionTemplate(instr)] under instr; prior registration was null
10:24:42.446 [main] DEBUG org.hibernate.query.sqm.function.SqmFunctionRegistry - Registered SqmFunctionTemplate [NamedSqmFunctionTemplate(substr)] under substr; prior registration was null
10:24:42.446 [main] DEBUG org.hibernate.query.sqm.function.SqmFunctionRegistry - Registered SqmFunctionTemplate [org.hibernate.query.sqm.function.PatternBasedSqmFunctionDescriptor@5a2b6635] under position; prior registration was org.hibernate.dialect.function.LocatePositionEmulation@1e7cc6b7
10:24:42.446 [main] DEBUG org.hibernate.query.sqm.function.SqmFunctionRegistry - Registered SqmFunctionTemplate [NamedSqmFunctionTemplate(ltrim)] under ltrim; prior registration was null
10:24:42.446 [main] DEBUG org.hibernate.query.sqm.function.SqmFunctionRegistry - Registered SqmFunctionTemplate [NamedSqmFunctionTemplate(rtrim)] under rtrim; prior registration was null
10:24:42.446 [main] DEBUG org.hibernate.query.sqm.function.SqmFunctionRegistry - Registered SqmFunctionTemplate [org.hibernate.query.sqm.function.PatternBasedSqmFunctionDescriptor@a7defe6] under concat; prior registration was NamedSqmFunctionTemplate(concat)
10:24:42.446 [main] DEBUG org.hibernate.query.sqm.function.SqmFunctionRegistry - Registered SqmFunctionTemplate [NamedSqmFunctionTemplate(curtime)] under curtime; prior registration was null
10:24:42.446 [main] DEBUG org.hibernate.query.sqm.function.SqmFunctionRegistry - Registered SqmFunctionTemplate [NamedSqmFunctionTemplate(curdate)] under curdate; prior registration was null
10:24:42.446 [main] DEBUG org.hibernate.query.sqm.function.SqmFunctionRegistry - Registered SqmFunctionTemplate [NamedSqmFunctionTemplate(now)] under now; prior registration was null
10:24:42.446 [main] DEBUG org.hibernate.query.sqm.function.SqmFunctionRegistry - Registered SqmFunctionTemplate [NamedSqmFunctionTemplate(sysdate)] under sysdate; prior registration was null
10:24:42.446 [main] DEBUG org.hibernate.query.sqm.function.SqmFunctionRegistry - Registered SqmFunctionTemplate [NamedSqmFunctionTemplate(insert)] under insert; prior registration was null
10:24:42.446 [main] DEBUG org.hibernate.query.sqm.function.SqmFunctionRegistry - Registered SqmFunctionTemplate [NamedSqmFunctionTemplate(bool_and)] under bool_and; prior registration was null
10:24:42.446 [main] DEBUG org.hibernate.query.sqm.function.SqmFunctionRegistry - Registering alternate key : every -> bool_and
10:24:42.446 [main] DEBUG org.hibernate.query.sqm.function.SqmFunctionRegistry - Registered SqmFunctionTemplate [NamedSqmFunctionTemplate(bool_or)] under bool_or; prior registration was null
10:24:42.446 [main] DEBUG org.hibernate.query.sqm.function.SqmFunctionRegistry - Registering alternate key : any -> bool_or
10:24:42.446 [main] DEBUG org.hibernate.query.sqm.function.SqmFunctionRegistry - Registered SqmFunctionTemplate [NamedSqmFunctionTemplate(median)] under median; prior registration was null
10:24:42.446 [main] DEBUG org.hibernate.query.sqm.function.SqmFunctionRegistry - Registered SqmFunctionTemplate [NamedSqmFunctionTemplate(stddev_pop)] under stddev_pop; prior registration was null
10:24:42.446 [main] DEBUG org.hibernate.query.sqm.function.SqmFunctionRegistry - Registered SqmFunctionTemplate [NamedSqmFunctionTemplate(stddev_samp)] under stddev_samp; prior registration was null
10:24:42.446 [main] DEBUG org.hibernate.query.sqm.function.SqmFunctionRegistry - Registered SqmFunctionTemplate [NamedSqmFunctionTemplate(var_pop)] under var_pop; prior registration was null
10:24:42.446 [main] DEBUG org.hibernate.query.sqm.function.SqmFunctionRegistry - Registered SqmFunctionTemplate [NamedSqmFunctionTemplate(var_samp)] under var_samp; prior registration was null
10:24:42.446 [main] DEBUG org.hibernate.query.sqm.function.SqmFunctionRegistry - Registered SqmFunctionTemplate [org.hibernate.dialect.function.FormatFunction@35f995e0] under format; prior registration was org.hibernate.dialect.function.FormatFunction@24754bfe
10:24:42.446 [main] DEBUG org.hibernate.query.sqm.function.SqmFunctionRegistry - Registered SqmFunctionTemplate [NamedSqmFunctionTemplate(rownum)] under rownum; prior registration was null
10:24:42.446 [main] DEBUG org.hibernate.query.sqm.function.SqmFunctionRegistry - Registered SqmFunctionTemplate [NamedSqmFunctionTemplate(row_number)] under row_number; prior registration was null
10:24:42.446 [main] DEBUG org.hibernate.query.sqm.function.SqmFunctionRegistry - Registered SqmFunctionTemplate [NamedSqmFunctionTemplate(lag)] under lag; prior registration was null
10:24:42.446 [main] DEBUG org.hibernate.query.sqm.function.SqmFunctionRegistry - Registered SqmFunctionTemplate [NamedSqmFunctionTemplate(lead)] under lead; prior registration was null
10:24:42.446 [main] DEBUG org.hibernate.query.sqm.function.SqmFunctionRegistry - Registered SqmFunctionTemplate [NamedSqmFunctionTemplate(first_value)] under first_value; prior registration was null
10:24:42.446 [main] DEBUG org.hibernate.query.sqm.function.SqmFunctionRegistry - Registered SqmFunctionTemplate [NamedSqmFunctionTemplate(last_value)] under last_value; prior registration was null
10:24:42.446 [main] DEBUG org.hibernate.query.sqm.function.SqmFunctionRegistry - Registered SqmFunctionTemplate [NamedSqmFunctionTemplate(nth_value)] under nth_value; prior registration was null
10:24:42.446 [main] DEBUG org.hibernate.query.sqm.function.SqmFunctionRegistry - Registered SqmFunctionTemplate [org.hibernate.dialect.function.ListaggFunction@7ef75412] under listagg; prior registration was null
10:24:42.446 [main] DEBUG org.hibernate.query.sqm.function.SqmFunctionRegistry - Registered SqmFunctionTemplate [org.hibernate.dialect.function.InverseDistributionFunction@7fec9f37] under mode; prior registration was null
10:24:42.446 [main] DEBUG org.hibernate.query.sqm.function.SqmFunctionRegistry - Registered SqmFunctionTemplate [org.hibernate.dialect.function.InverseDistributionFunction@1a0b5df3] under percentile_cont; prior registration was null
10:24:42.446 [main] DEBUG org.hibernate.query.sqm.function.SqmFunctionRegistry - Registered SqmFunctionTemplate [org.hibernate.dialect.function.InverseDistributionFunction@63a49dc7] under percentile_disc; prior registration was null
10:24:42.446 [main] DEBUG org.hibernate.query.sqm.function.SqmFunctionRegistry - Registered SqmFunctionTemplate [org.hibernate.dialect.function.HypotheticalSetFunction@27b71265] under rank; prior registration was null
10:24:42.446 [main] DEBUG org.hibernate.query.sqm.function.SqmFunctionRegistry - Registered SqmFunctionTemplate [org.hibernate.dialect.function.HypotheticalSetFunction@3c393483] under dense_rank; prior registration was null
10:24:42.446 [main] DEBUG org.hibernate.query.sqm.function.SqmFunctionRegistry - Registered SqmFunctionTemplate [org.hibernate.dialect.function.HypotheticalSetFunction@7c9d1232] under percent_rank; prior registration was null
10:24:42.446 [main] DEBUG org.hibernate.query.sqm.function.SqmFunctionRegistry - Registered SqmFunctionTemplate [org.hibernate.dialect.function.HypotheticalSetFunction@3b10f2c3] under cume_dist; prior registration was null
10:24:42.446 [main] DEBUG org.hibernate.query.sqm.function.SqmFunctionRegistry - Registered SqmFunctionTemplate [org.hibernate.dialect.function.array.ArrayConstructorFunction@242bfbfe] under array; prior registration was null
10:24:42.446 [main] DEBUG org.hibernate.query.sqm.function.SqmFunctionRegistry - Registered SqmFunctionTemplate [org.hibernate.dialect.function.array.ArrayConstructorFunction@51435ed4] under array_list; prior registration was null
10:24:42.446 [main] DEBUG org.hibernate.query.sqm.function.SqmFunctionRegistry - Registered SqmFunctionTemplate [org.hibernate.dialect.function.array.ArrayAggFunction@45dbda4c] under array_agg; prior registration was null
10:24:42.446 [main] DEBUG org.hibernate.query.sqm.function.SqmFunctionRegistry - Registered SqmFunctionTemplate [org.hibernate.dialect.function.array.H2ArrayPositionFunction@7961aede] under array_position; prior registration was null
10:24:42.446 [main] DEBUG org.hibernate.query.sqm.function.SqmFunctionRegistry - Registered SqmFunctionTemplate [org.hibernate.dialect.function.array.H2ArrayPositionsFunction@49900560] under array_positions; prior registration was null
10:24:42.447 [main] DEBUG org.hibernate.query.sqm.function.SqmFunctionRegistry - Registered SqmFunctionTemplate [org.hibernate.dialect.function.array.H2ArrayPositionsFunction@2661fc74] under array_positions_list; prior registration was null
10:24:42.447 [main] DEBUG org.hibernate.query.sqm.function.SqmFunctionRegistry - Registered SqmFunctionTemplate [org.hibernate.query.sqm.function.PatternBasedSqmFunctionDescriptor@560f80c9] under array_length; prior registration was null
10:24:42.447 [main] DEBUG org.hibernate.query.sqm.function.SqmFunctionRegistry - Registered SqmFunctionTemplate [org.hibernate.dialect.function.array.ArrayConcatFunction@1f7d246d] under array_concat; prior registration was null
10:24:42.447 [main] DEBUG org.hibernate.query.sqm.function.SqmFunctionRegistry - Registered SqmFunctionTemplate [org.hibernate.dialect.function.array.ArrayConcatElementFunction@5845c7b9] under array_prepend; prior registration was null
10:24:42.447 [main] DEBUG org.hibernate.query.sqm.function.SqmFunctionRegistry - Registered SqmFunctionTemplate [org.hibernate.dialect.function.array.ArrayConcatElementFunction@716e1299] under array_append; prior registration was null
10:24:42.447 [main] DEBUG org.hibernate.query.sqm.function.SqmFunctionRegistry - Registered SqmFunctionTemplate [org.hibernate.dialect.function.array.H2ArrayContainsFunction@5bcdcdb5] under array_contains; prior registration was null
10:24:42.447 [main] DEBUG org.hibernate.query.sqm.function.SqmFunctionRegistry - Registered SqmFunctionTemplate [org.hibernate.dialect.function.array.H2ArrayContainsFunction@2d65d4ed] under array_contains_nullable; prior registration was null
10:24:42.447 [main] DEBUG org.hibernate.query.sqm.function.SqmFunctionRegistry - Registered SqmFunctionTemplate [org.hibernate.dialect.function.array.H2ArrayOverlapsFunction@5b6bb6f7] under array_overlaps; prior registration was null
10:24:42.447 [main] DEBUG org.hibernate.query.sqm.function.SqmFunctionRegistry - Registered SqmFunctionTemplate [org.hibernate.dialect.function.array.H2ArrayOverlapsFunction@5a108dd9] under array_overlaps_nullable; prior registration was null
10:24:42.447 [main] DEBUG org.hibernate.query.sqm.function.SqmFunctionRegistry - Registered SqmFunctionTemplate [org.hibernate.query.sqm.function.PatternBasedSqmFunctionDescriptor@6f85434b] under array_get; prior registration was null
10:24:42.447 [main] DEBUG org.hibernate.query.sqm.function.SqmFunctionRegistry - Registered SqmFunctionTemplate [org.hibernate.dialect.function.array.H2ArraySetFunction@6cc430ea] under array_set; prior registration was null
10:24:42.447 [main] DEBUG org.hibernate.query.sqm.function.SqmFunctionRegistry - Registered SqmFunctionTemplate [org.hibernate.dialect.function.array.H2ArrayRemoveFunction@6a9eff8b] under array_remove; prior registration was null
10:24:42.447 [main] DEBUG org.hibernate.query.sqm.function.SqmFunctionRegistry - Registered SqmFunctionTemplate [org.hibernate.dialect.function.array.H2ArrayRemoveIndexFunction@343ec944] under array_remove_index; prior registration was null
10:24:42.447 [main] DEBUG org.hibernate.query.sqm.function.SqmFunctionRegistry - Registered SqmFunctionTemplate [org.hibernate.query.sqm.function.PatternBasedSqmFunctionDescriptor@71e45b93] under array_slice; prior registration was null
10:24:42.447 [main] DEBUG org.hibernate.query.sqm.function.SqmFunctionRegistry - Registered SqmFunctionTemplate [org.hibernate.dialect.function.array.H2ArrayReplaceFunction@3c6a6625] under array_replace; prior registration was null
10:24:42.447 [main] DEBUG org.hibernate.query.sqm.function.SqmFunctionRegistry - Registered SqmFunctionTemplate [org.hibernate.query.sqm.function.PatternBasedSqmFunctionDescriptor@2195a484] under array_trim; prior registration was null
10:24:42.447 [main] DEBUG org.hibernate.query.sqm.function.SqmFunctionRegistry - Registered SqmFunctionTemplate [org.hibernate.dialect.function.array.H2ArrayFillFunction@63a32d1b] under array_fill; prior registration was null
10:24:42.447 [main] DEBUG org.hibernate.query.sqm.function.SqmFunctionRegistry - Registered SqmFunctionTemplate [org.hibernate.dialect.function.array.H2ArrayFillFunction@3048ca3f] under array_fill_list; prior registration was null
10:24:42.447 [main] DEBUG org.hibernate.query.sqm.function.SqmFunctionRegistry - Registered SqmFunctionTemplate [org.hibernate.dialect.function.array.H2ArrayToStringFunction@5f7cd95d] under array_to_string; prior registration was null
10:24:42.447 [main] DEBUG org.hibernate.HQL_FUNCTIONS - abs(NUMERIC arg)
10:24:42.447 [main] DEBUG org.hibernate.HQL_FUNCTIONS - Double acos(NUMERIC arg)
10:24:42.447 [main] DEBUG org.hibernate.HQL_FUNCTIONS - Boolean any(BOOLEAN predicate)
10:24:42.447 [main] DEBUG org.hibernate.HQL_FUNCTIONS - array( ... )
10:24:42.447 [main] DEBUG org.hibernate.HQL_FUNCTIONS - array_agg(arg)
10:24:42.447 [main] DEBUG org.hibernate.HQL_FUNCTIONS - array_append( ... )
10:24:42.447 [main] DEBUG org.hibernate.HQL_FUNCTIONS - array_concat( ... )
10:24:42.447 [main] DEBUG org.hibernate.HQL_FUNCTIONS - Boolean array_contains(ARRAY haystackArray, OBJECT needleElementOrArray)
10:24:42.447 [main] DEBUG org.hibernate.HQL_FUNCTIONS - Boolean array_contains_nullable(ARRAY haystackArray, OBJECT needleElementOrArray)
10:24:42.447 [main] DEBUG org.hibernate.HQL_FUNCTIONS - array_fill(OBJECT element, INTEGER elementCount)
10:24:42.447 [main] DEBUG org.hibernate.HQL_FUNCTIONS - array_fill_list(OBJECT element, INTEGER elementCount)
10:24:42.447 [main] DEBUG org.hibernate.HQL_FUNCTIONS - array_get(ARRAY array, INTEGER index)
10:24:42.447 [main] DEBUG org.hibernate.HQL_FUNCTIONS - Integer array_length(ARRAY array)
10:24:42.447 [main] DEBUG org.hibernate.HQL_FUNCTIONS - array_list( ... )
10:24:42.447 [main] DEBUG org.hibernate.HQL_FUNCTIONS - Boolean array_overlaps(ARRAY array0, OBJECT array1)
10:24:42.447 [main] DEBUG org.hibernate.HQL_FUNCTIONS - Boolean array_overlaps_nullable(ARRAY array0, OBJECT array1)
10:24:42.447 [main] DEBUG org.hibernate.HQL_FUNCTIONS - Integer array_position(ARRAY array, OBJECT element[, INTEGER startPosition])
10:24:42.447 [main] DEBUG org.hibernate.HQL_FUNCTIONS - int[] array_positions(ARRAY array, OBJECT element)
10:24:42.447 [main] DEBUG org.hibernate.HQL_FUNCTIONS - List array_positions_list(ARRAY array, OBJECT element)
10:24:42.447 [main] DEBUG org.hibernate.HQL_FUNCTIONS - array_prepend( ... )
10:24:42.447 [main] DEBUG org.hibernate.HQL_FUNCTIONS - array_remove( ... )
10:24:42.447 [main] DEBUG org.hibernate.HQL_FUNCTIONS - array_remove_index( ... )
10:24:42.447 [main] DEBUG org.hibernate.HQL_FUNCTIONS - array_replace( ... )
10:24:42.447 [main] DEBUG org.hibernate.HQL_FUNCTIONS - array_set( ... )
10:24:42.447 [main] DEBUG org.hibernate.HQL_FUNCTIONS - array_slice(ARRAY array, INTEGER start, INTEGER end)
10:24:42.447 [main] DEBUG org.hibernate.HQL_FUNCTIONS - String array_to_string( ... )
10:24:42.447 [main] DEBUG org.hibernate.HQL_FUNCTIONS - array_trim(ARRAY array, INTEGER elementsToRemove)
10:24:42.447 [main] DEBUG org.hibernate.HQL_FUNCTIONS - Integer ascii(STRING arg)
10:24:42.447 [main] DEBUG org.hibernate.HQL_FUNCTIONS - Double asin(NUMERIC arg)
10:24:42.447 [main] DEBUG org.hibernate.HQL_FUNCTIONS - Double atan(NUMERIC arg)
10:24:42.447 [main] DEBUG org.hibernate.HQL_FUNCTIONS - Double atan2(NUMERIC arg0, NUMERIC arg1)
10:24:42.447 [main] DEBUG org.hibernate.HQL_FUNCTIONS - avg(NUMERIC arg)
10:24:42.447 [main] DEBUG org.hibernate.HQL_FUNCTIONS - bit_and(arg)
10:24:42.447 [main] DEBUG org.hibernate.HQL_FUNCTIONS - Integer bit_length(STRING_OR_CLOB arg)
10:24:42.447 [main] DEBUG org.hibernate.HQL_FUNCTIONS - bit_or(arg)
10:24:42.447 [main] DEBUG org.hibernate.HQL_FUNCTIONS - bitand(arg0, arg1)
10:24:42.447 [main] DEBUG org.hibernate.HQL_FUNCTIONS - bitnot(arg)
10:24:42.447 [main] DEBUG org.hibernate.HQL_FUNCTIONS - bitor(arg0, arg1)
10:24:42.447 [main] DEBUG org.hibernate.HQL_FUNCTIONS - bitxor(arg0, arg1)
10:24:42.447 [main] DEBUG org.hibernate.HQL_FUNCTIONS - Boolean bool_and(BOOLEAN predicate)
10:24:42.447 [main] DEBUG org.hibernate.HQL_FUNCTIONS - Boolean bool_or(BOOLEAN predicate)
10:24:42.447 [main] DEBUG org.hibernate.HQL_FUNCTIONS - cast(arg as Type)
10:24:42.447 [main] DEBUG org.hibernate.HQL_FUNCTIONS - ceiling(NUMERIC arg)
10:24:42.447 [main] DEBUG org.hibernate.HQL_FUNCTIONS - Character char(INTEGER arg)
10:24:42.447 [main] DEBUG org.hibernate.HQL_FUNCTIONS - Integer character_length(STRING_OR_CLOB arg)
10:24:42.447 [main] DEBUG org.hibernate.HQL_FUNCTIONS - Character chr(INTEGER arg)
10:24:42.447 [main] DEBUG org.hibernate.HQL_FUNCTIONS - coalesce(arg0[, arg1[, ...]])
10:24:42.447 [main] DEBUG org.hibernate.HQL_FUNCTIONS - String collate(STRING string as COLLATION collation)
10:24:42.447 [main] DEBUG org.hibernate.HQL_FUNCTIONS - String concat(STRING string0[, STRING string1[, ...]])
10:24:42.447 [main] DEBUG org.hibernate.HQL_FUNCTIONS - Double cos(NUMERIC arg)
10:24:42.447 [main] DEBUG org.hibernate.HQL_FUNCTIONS - Double cosh(NUMERIC arg)
10:24:42.447 [main] DEBUG org.hibernate.HQL_FUNCTIONS - Double cot(NUMERIC arg)
10:24:42.447 [main] DEBUG org.hibernate.HQL_FUNCTIONS - Long count([distinct ]{arg|*})
10:24:42.447 [main] DEBUG org.hibernate.HQL_FUNCTIONS - Double cume_dist([arg0[, ...]])
10:24:42.447 [main] DEBUG org.hibernate.HQL_FUNCTIONS - Date curdate()
10:24:42.447 [main] DEBUG org.hibernate.HQL_FUNCTIONS - Date current date
10:24:42.447 [main] DEBUG org.hibernate.HQL_FUNCTIONS - Time current time
10:24:42.447 [main] DEBUG org.hibernate.HQL_FUNCTIONS - Timestamp current timestamp
10:24:42.447 [main] DEBUG org.hibernate.HQL_FUNCTIONS - Date current_date
10:24:42.447 [main] DEBUG org.hibernate.HQL_FUNCTIONS - Instant current_instant
10:24:42.447 [main] DEBUG org.hibernate.HQL_FUNCTIONS - Time current_time
10:24:42.447 [main] DEBUG org.hibernate.HQL_FUNCTIONS - Timestamp current_timestamp
10:24:42.447 [main] DEBUG org.hibernate.HQL_FUNCTIONS - Time curtime()
10:24:42.447 [main] DEBUG org.hibernate.HQL_FUNCTIONS - date_trunc(STRING field, TEMPORAL datetime)
10:24:42.447 [main] DEBUG org.hibernate.HQL_FUNCTIONS - dateadd(TEMPORAL_UNIT field, INTEGER magnitude, TEMPORAL datetime)
10:24:42.447 [main] DEBUG org.hibernate.HQL_FUNCTIONS - Long|Double datediff(TEMPORAL_UNIT field, TEMPORAL start, TEMPORAL end)
10:24:42.447 [main] DEBUG org.hibernate.HQL_FUNCTIONS - Integer day(DATE arg)
10:24:42.447 [main] DEBUG org.hibernate.HQL_FUNCTIONS - Integer day_of_month(DATE arg)
10:24:42.447 [main] DEBUG org.hibernate.HQL_FUNCTIONS - Integer day_of_week(DATE arg)
10:24:42.447 [main] DEBUG org.hibernate.HQL_FUNCTIONS - Integer day_of_year(DATE arg)
10:24:42.447 [main] DEBUG org.hibernate.HQL_FUNCTIONS - String dayname(DATE arg)
10:24:42.447 [main] DEBUG org.hibernate.HQL_FUNCTIONS - Double degrees(NUMERIC arg)
10:24:42.447 [main] DEBUG org.hibernate.HQL_FUNCTIONS - Long dense_rank([arg0[, ...]])
10:24:42.447 [main] DEBUG org.hibernate.HQL_FUNCTIONS - Boolean every(BOOLEAN predicate)
10:24:42.447 [main] DEBUG org.hibernate.HQL_FUNCTIONS - Double exp(NUMERIC arg)
10:24:42.447 [main] DEBUG org.hibernate.HQL_FUNCTIONS - extract(TEMPORAL_UNIT field from TEMPORAL arg)
10:24:42.447 [main] DEBUG org.hibernate.HQL_FUNCTIONS - first_valueANY value
10:24:42.447 [main] DEBUG org.hibernate.HQL_FUNCTIONS - floor(NUMERIC arg)
10:24:42.447 [main] DEBUG org.hibernate.HQL_FUNCTIONS - String format(TEMPORAL datetime as STRING pattern)
10:24:42.447 [main] DEBUG org.hibernate.HQL_FUNCTIONS - greatest(COMPARABLE arg0, COMPARABLE arg1[, arg2[, ...]])
10:24:42.447 [main] DEBUG org.hibernate.HQL_FUNCTIONS - Integer hour(TIME arg)
10:24:42.447 [main] DEBUG org.hibernate.HQL_FUNCTIONS - ifnull(arg0, arg1)
10:24:42.447 [main] DEBUG org.hibernate.HQL_FUNCTIONS - String insert(STRING string, INTEGER start, INTEGER length, STRING replacement)
10:24:42.447 [main] DEBUG org.hibernate.HQL_FUNCTIONS - Instant instant
10:24:42.447 [main] DEBUG org.hibernate.HQL_FUNCTIONS - Integer instr(STRING string, STRING pattern[, INTEGER start[, INTEGER occurrence]])
10:24:42.447 [main] DEBUG org.hibernate.HQL_FUNCTIONS - lagANY value[, INTEGER offset[, ANY default]]
10:24:42.447 [main] DEBUG org.hibernate.HQL_FUNCTIONS - last_valueANY value
10:24:42.447 [main] DEBUG org.hibernate.HQL_FUNCTIONS - leadANY value[, INTEGER offset[, ANY default]]
10:24:42.447 [main] DEBUG org.hibernate.HQL_FUNCTIONS - least(COMPARABLE arg0, COMPARABLE arg1[, arg2[, ...]])
10:24:42.447 [main] DEBUG org.hibernate.HQL_FUNCTIONS - String left(STRING string, INTEGER length)
10:24:42.447 [main] DEBUG org.hibernate.HQL_FUNCTIONS - Integer length(STRING_OR_CLOB arg)
10:24:42.447 [main] DEBUG org.hibernate.HQL_FUNCTIONS - String listagg(STRING arg0, STRING arg1)
10:24:42.447 [main] DEBUG org.hibernate.HQL_FUNCTIONS - Double ln(NUMERIC arg)
10:24:42.447 [main] DEBUG org.hibernate.HQL_FUNCTIONS - LocalDate local date
10:24:42.447 [main] DEBUG org.hibernate.HQL_FUNCTIONS - LocalDateTime local datetime
10:24:42.447 [main] DEBUG org.hibernate.HQL_FUNCTIONS - LocalTime local time
10:24:42.447 [main] DEBUG org.hibernate.HQL_FUNCTIONS - LocalDate local_date
10:24:42.447 [main] DEBUG org.hibernate.HQL_FUNCTIONS - LocalDateTime local_datetime
10:24:42.447 [main] DEBUG org.hibernate.HQL_FUNCTIONS - LocalTime local_time
10:24:42.447 [main] DEBUG org.hibernate.HQL_FUNCTIONS - Time localtime
10:24:42.447 [main] DEBUG org.hibernate.HQL_FUNCTIONS - Timestamp localtimestamp
10:24:42.447 [main] DEBUG org.hibernate.HQL_FUNCTIONS - Integer locate(STRING pattern, STRING string[, INTEGER start])
10:24:42.447 [main] DEBUG org.hibernate.HQL_FUNCTIONS - Double log(NUMERIC base, NUMERIC arg)
10:24:42.447 [main] DEBUG org.hibernate.HQL_FUNCTIONS - Double log10(NUMERIC arg)
10:24:42.447 [main] DEBUG org.hibernate.HQL_FUNCTIONS - String lower(STRING string)
10:24:42.447 [main] DEBUG org.hibernate.HQL_FUNCTIONS - String lpad(STRING string, INTEGER length[, STRING padding])
10:24:42.447 [main] DEBUG org.hibernate.HQL_FUNCTIONS - String ltrim(STRING string)
10:24:42.447 [main] DEBUG org.hibernate.HQL_FUNCTIONS - max(COMPARABLE arg)
10:24:42.447 [main] DEBUG org.hibernate.HQL_FUNCTIONS - Double median(NUMERIC arg)
10:24:42.447 [main] DEBUG org.hibernate.HQL_FUNCTIONS - Integer microsecond(TIME arg)
10:24:42.447 [main] DEBUG org.hibernate.HQL_FUNCTIONS - min(COMPARABLE arg)
10:24:42.447 [main] DEBUG org.hibernate.HQL_FUNCTIONS - Integer minute(TIME arg)
10:24:42.447 [main] DEBUG org.hibernate.HQL_FUNCTIONS - Integer mod(INTEGER arg0, INTEGER arg1)
10:24:42.447 [main] DEBUG org.hibernate.HQL_FUNCTIONS - mode()
10:24:42.447 [main] DEBUG org.hibernate.HQL_FUNCTIONS - Integer month(DATE arg)
10:24:42.447 [main] DEBUG org.hibernate.HQL_FUNCTIONS - String monthname(DATE arg)
10:24:42.447 [main] DEBUG org.hibernate.HQL_FUNCTIONS - Timestamp now()
10:24:42.447 [main] DEBUG org.hibernate.HQL_FUNCTIONS - nth_valueANY value, INTEGER nth
10:24:42.447 [main] DEBUG org.hibernate.HQL_FUNCTIONS - nullif(arg0, arg1)
10:24:42.447 [main] DEBUG org.hibernate.HQL_FUNCTIONS - Integer octet_length(STRING_OR_CLOB arg)
10:24:42.447 [main] DEBUG org.hibernate.HQL_FUNCTIONS - OffsetDateTime offset datetime
10:24:42.447 [main] DEBUG org.hibernate.HQL_FUNCTIONS - OffsetDateTime offset_datetime
10:24:42.447 [main] DEBUG org.hibernate.HQL_FUNCTIONS - String overlay(STRING string placing STRING replacement from INTEGER start[ for INTEGER length])
10:24:42.447 [main] DEBUG org.hibernate.HQL_FUNCTIONS - String pad(STRING string with INTEGER length {leading|trailing}[ STRING character])
10:24:42.447 [main] DEBUG org.hibernate.HQL_FUNCTIONS - Double percent_rank([arg0[, ...]])
10:24:42.447 [main] DEBUG org.hibernate.HQL_FUNCTIONS - percentile_cont(NUMERIC arg)
10:24:42.447 [main] DEBUG org.hibernate.HQL_FUNCTIONS - percentile_disc(NUMERIC arg)
10:24:42.447 [main] DEBUG org.hibernate.HQL_FUNCTIONS - Double pi
10:24:42.447 [main] DEBUG org.hibernate.HQL_FUNCTIONS - Integer position(STRING pattern in STRING string)
10:24:42.447 [main] DEBUG org.hibernate.HQL_FUNCTIONS - Double power(NUMERIC arg0, NUMERIC arg1)
10:24:42.447 [main] DEBUG org.hibernate.HQL_FUNCTIONS - Integer quarter(DATE arg)
10:24:42.447 [main] DEBUG org.hibernate.HQL_FUNCTIONS - Double radians(NUMERIC arg)
10:24:42.447 [main] DEBUG org.hibernate.HQL_FUNCTIONS - Double rand([INTEGER seed])
10:24:42.447 [main] DEBUG org.hibernate.HQL_FUNCTIONS - Long rank([arg0[, ...]])
10:24:42.447 [main] DEBUG org.hibernate.HQL_FUNCTIONS - String repeat(STRING string, INTEGER times)
10:24:42.447 [main] DEBUG org.hibernate.HQL_FUNCTIONS - String replace(STRING string, STRING pattern, STRING replacement)
10:24:42.447 [main] DEBUG org.hibernate.HQL_FUNCTIONS - String right(STRING string, INTEGER length)
10:24:42.447 [main] DEBUG org.hibernate.HQL_FUNCTIONS - round(NUMERIC number[, INTEGER places])
10:24:42.447 [main] DEBUG org.hibernate.HQL_FUNCTIONS - Long row_number()
10:24:42.447 [main] DEBUG org.hibernate.HQL_FUNCTIONS - Long rownum()
10:24:42.447 [main] DEBUG org.hibernate.HQL_FUNCTIONS - String rpad(STRING string, INTEGER length[, STRING padding])
10:24:42.447 [main] DEBUG org.hibernate.HQL_FUNCTIONS - String rtrim(STRING string)
10:24:42.447 [main] DEBUG org.hibernate.HQL_FUNCTIONS - Integer second(TIME arg)
10:24:42.447 [main] DEBUG org.hibernate.HQL_FUNCTIONS - Integer sign(NUMERIC arg)
10:24:42.447 [main] DEBUG org.hibernate.HQL_FUNCTIONS - Double sin(NUMERIC arg)
10:24:42.447 [main] DEBUG org.hibernate.HQL_FUNCTIONS - Double sinh(NUMERIC arg)
10:24:42.447 [main] DEBUG org.hibernate.HQL_FUNCTIONS - String soundex(arg)
10:24:42.447 [main] DEBUG org.hibernate.HQL_FUNCTIONS - String space(INTEGER arg)
10:24:42.447 [main] DEBUG org.hibernate.HQL_FUNCTIONS - Object sql
10:24:42.447 [main] DEBUG org.hibernate.HQL_FUNCTIONS - Double sqrt(NUMERIC arg)
10:24:42.447 [main] DEBUG org.hibernate.HQL_FUNCTIONS - Double stddev_pop(NUMERIC arg)
10:24:42.447 [main] DEBUG org.hibernate.HQL_FUNCTIONS - Double stddev_samp(NUMERIC arg)
10:24:42.447 [main] DEBUG org.hibernate.HQL_FUNCTIONS - String str(arg)
10:24:42.447 [main] DEBUG org.hibernate.HQL_FUNCTIONS - String substr(STRING string, INTEGER start[, INTEGER length])
10:24:42.447 [main] DEBUG org.hibernate.HQL_FUNCTIONS - String substring(STRING string{ from|,} INTEGER start[{ for|,} INTEGER length])
10:24:42.447 [main] DEBUG org.hibernate.HQL_FUNCTIONS - sum(arg)
10:24:42.447 [main] DEBUG org.hibernate.HQL_FUNCTIONS - Timestamp sysdate
10:24:42.447 [main] DEBUG org.hibernate.HQL_FUNCTIONS - Double tan(NUMERIC arg)
10:24:42.447 [main] DEBUG org.hibernate.HQL_FUNCTIONS - Double tanh(NUMERIC arg)
10:24:42.447 [main] DEBUG org.hibernate.HQL_FUNCTIONS - timestampadd(TEMPORAL_UNIT field, INTEGER magnitude, TEMPORAL datetime)
10:24:42.447 [main] DEBUG org.hibernate.HQL_FUNCTIONS - Long|Double timestampdiff(TEMPORAL_UNIT field, TEMPORAL start, TEMPORAL end)
10:24:42.447 [main] DEBUG org.hibernate.HQL_FUNCTIONS - String translate(STRING arg0, STRING arg1, STRING arg2)
10:24:42.447 [main] DEBUG org.hibernate.HQL_FUNCTIONS - String trim([[{leading|trailing|both} ][STRING arg0 ]from] STRING arg1)
10:24:42.447 [main] DEBUG org.hibernate.HQL_FUNCTIONS - trunc( ... )
10:24:42.447 [main] DEBUG org.hibernate.HQL_FUNCTIONS - truncate( ... )
10:24:42.447 [main] DEBUG org.hibernate.HQL_FUNCTIONS - String upper(STRING string)
10:24:42.447 [main] DEBUG org.hibernate.HQL_FUNCTIONS - Double var_pop(NUMERIC arg)
10:24:42.447 [main] DEBUG org.hibernate.HQL_FUNCTIONS - Double var_samp(NUMERIC arg)
10:24:42.447 [main] DEBUG org.hibernate.HQL_FUNCTIONS - Integer week(DATE arg)
10:24:42.447 [main] DEBUG org.hibernate.HQL_FUNCTIONS - Integer year(DATE arg)
10:24:42.447 [main] DEBUG org.hibernate.orm.query.plan.cache - Starting QueryInterpretationCache(2048)
10:24:42.447 [main] DEBUG org.hibernate.service.internal.SessionFactoryServiceRegistryImpl - EventListenerRegistry access via ServiceRegistry is deprecated.  Use `sessionFactory.getEventEngine().getListenerRegistry()` instead
10:24:42.447 [main] DEBUG org.hibernate.event.internal.EntityCopyObserverFactoryInitiator - Configured EntityCopyObserver strategy: disallow
10:24:42.448 [main] DEBUG org.hibernate.boot.internal.ClassLoaderAccessImpl - Not known whether passed class name [org.frcpm.models.Attendance] is safe
10:24:42.448 [main] DEBUG org.hibernate.boot.internal.ClassLoaderAccessImpl - No temp ClassLoader provided; using live ClassLoader for loading potentially unsafe class : org.frcpm.models.Attendance
10:24:42.451 [main] DEBUG org.hibernate.bytecode.internal.bytebuddy.BytecodeProviderImpl - HHH000513: Unable to create the ReflectionOptimizer for [org.frcpm.models.Attendance]: private accessor [arrivalTime]
10:24:42.451 [main] DEBUG org.hibernate.boot.internal.ClassLoaderAccessImpl - Not known whether passed class name [org.frcpm.models.Meeting] is safe
10:24:42.451 [main] DEBUG org.hibernate.boot.internal.ClassLoaderAccessImpl - No temp ClassLoader provided; using live ClassLoader for loading potentially unsafe class : org.frcpm.models.Meeting
10:24:42.457 [main] DEBUG org.hibernate.bytecode.internal.bytebuddy.BytecodeProviderImpl - HHH000513: Unable to create the ReflectionOptimizer for [org.frcpm.models.Meeting]: private accessor [attendances]
10:24:42.457 [main] DEBUG org.hibernate.boot.internal.ClassLoaderAccessImpl - Not known whether passed class name [org.frcpm.models.Subsystem] is safe
10:24:42.457 [main] DEBUG org.hibernate.boot.internal.ClassLoaderAccessImpl - No temp ClassLoader provided; using live ClassLoader for loading potentially unsafe class : org.frcpm.models.Subsystem
10:24:42.459 [main] DEBUG org.hibernate.bytecode.internal.bytebuddy.BytecodeProviderImpl - HHH000513: Unable to create the ReflectionOptimizer for [org.frcpm.models.Subsystem]: private accessor [description]
10:24:42.459 [main] DEBUG org.hibernate.boot.internal.ClassLoaderAccessImpl - Not known whether passed class name [org.frcpm.models.Component] is safe
10:24:42.459 [main] DEBUG org.hibernate.boot.internal.ClassLoaderAccessImpl - No temp ClassLoader provided; using live ClassLoader for loading potentially unsafe class : org.frcpm.models.Component
10:24:42.461 [main] DEBUG org.hibernate.bytecode.internal.bytebuddy.BytecodeProviderImpl - HHH000513: Unable to create the ReflectionOptimizer for [org.frcpm.models.Component]: private accessor [actualDelivery]
10:24:42.462 [main] DEBUG org.hibernate.boot.internal.ClassLoaderAccessImpl - Not known whether passed class name [org.frcpm.models.Milestone] is safe
10:24:42.462 [main] DEBUG org.hibernate.boot.internal.ClassLoaderAccessImpl - No temp ClassLoader provided; using live ClassLoader for loading potentially unsafe class : org.frcpm.models.Milestone
10:24:42.463 [main] DEBUG org.hibernate.bytecode.internal.bytebuddy.BytecodeProviderImpl - HHH000513: Unable to create the ReflectionOptimizer for [org.frcpm.models.Milestone]: private accessor [date]
10:24:42.463 [main] DEBUG org.hibernate.boot.internal.ClassLoaderAccessImpl - Not known whether passed class name [org.frcpm.models.Project] is safe
10:24:42.463 [main] DEBUG org.hibernate.boot.internal.ClassLoaderAccessImpl - No temp ClassLoader provided; using live ClassLoader for loading potentially unsafe class : org.frcpm.models.Project
10:24:42.466 [main] DEBUG org.hibernate.bytecode.internal.bytebuddy.BytecodeProviderImpl - HHH000513: Unable to create the ReflectionOptimizer for [org.frcpm.models.Project]: private accessor [description]
10:24:42.466 [main] DEBUG org.hibernate.boot.internal.ClassLoaderAccessImpl - Not known whether passed class name [org.frcpm.models.Subteam] is safe
10:24:42.466 [main] DEBUG org.hibernate.boot.internal.ClassLoaderAccessImpl - No temp ClassLoader provided; using live ClassLoader for loading potentially unsafe class : org.frcpm.models.Subteam
10:24:42.468 [main] DEBUG org.hibernate.bytecode.internal.bytebuddy.BytecodeProviderImpl - HHH000513: Unable to create the ReflectionOptimizer for [org.frcpm.models.Subteam]: private accessor [colorCode]
10:24:42.468 [main] DEBUG org.hibernate.boot.internal.ClassLoaderAccessImpl - Not known whether passed class name [org.frcpm.models.Task] is safe
10:24:42.468 [main] DEBUG org.hibernate.boot.internal.ClassLoaderAccessImpl - No temp ClassLoader provided; using live ClassLoader for loading potentially unsafe class : org.frcpm.models.Task
10:24:42.476 [main] DEBUG org.hibernate.bytecode.internal.bytebuddy.BytecodeProviderImpl - HHH000513: Unable to create the ReflectionOptimizer for [org.frcpm.models.Task]: private accessor [actualDurationSeconds]
10:24:42.476 [main] DEBUG org.hibernate.boot.internal.ClassLoaderAccessImpl - Not known whether passed class name [org.frcpm.models.TeamMember] is safe
10:24:42.476 [main] DEBUG org.hibernate.boot.internal.ClassLoaderAccessImpl - No temp ClassLoader provided; using live ClassLoader for loading potentially unsafe class : org.frcpm.models.TeamMember
10:24:42.478 [main] DEBUG org.hibernate.bytecode.internal.bytebuddy.BytecodeProviderImpl - HHH000513: Unable to create the ReflectionOptimizer for [org.frcpm.models.TeamMember]: private accessor [assignedTasks]
10:24:42.478 [main] DEBUG org.hibernate.orm.jdbc.mutation - Skipping collection row updates - org.frcpm.models.Task.assignedTo
10:24:42.478 [main] DEBUG org.hibernate.orm.jdbc.mutation - Skipping collection (re)creation - org.frcpm.models.Subsystem.tasks
10:24:42.478 [main] DEBUG org.hibernate.orm.jdbc.mutation - Skipping collection row deletions - org.frcpm.models.Subsystem.tasks
10:24:42.478 [main] DEBUG org.hibernate.orm.jdbc.mutation - Skipping collection removals - org.frcpm.models.Subsystem.tasks
10:24:42.478 [main] DEBUG org.hibernate.orm.jdbc.mutation - Skipping collection (re)creation - org.frcpm.models.Subteam.members
10:24:42.478 [main] DEBUG org.hibernate.orm.jdbc.mutation - Skipping collection row deletions - org.frcpm.models.Subteam.members
10:24:42.478 [main] DEBUG org.hibernate.orm.jdbc.mutation - Skipping collection removals - org.frcpm.models.Subteam.members
10:24:42.478 [main] DEBUG org.hibernate.orm.jdbc.mutation - Skipping collection (re)creation - org.frcpm.models.TeamMember.attendances
10:24:42.478 [main] DEBUG org.hibernate.orm.jdbc.mutation - Skipping collection row deletions - org.frcpm.models.TeamMember.attendances
10:24:42.478 [main] DEBUG org.hibernate.orm.jdbc.mutation - Skipping collection removals - org.frcpm.models.TeamMember.attendances
10:24:42.478 [main] DEBUG org.hibernate.orm.jdbc.mutation - Skipping collection row updates - org.frcpm.models.Task.requiredComponents
10:24:42.478 [main] DEBUG org.hibernate.orm.jdbc.mutation - Skipping collection (re)creation - org.frcpm.models.Subteam.subsystems
10:24:42.478 [main] DEBUG org.hibernate.orm.jdbc.mutation - Skipping collection row deletions - org.frcpm.models.Subteam.subsystems
10:24:42.478 [main] DEBUG org.hibernate.orm.jdbc.mutation - Skipping collection removals - org.frcpm.models.Subteam.subsystems
10:24:42.478 [main] DEBUG org.hibernate.orm.jdbc.mutation - Skipping collection row updates - org.frcpm.models.Task.preDependencies
10:24:42.478 [main] DEBUG org.hibernate.orm.jdbc.mutation - Skipping collection (re)creation - org.frcpm.models.Project.milestones
10:24:42.478 [main] DEBUG org.hibernate.orm.jdbc.mutation - Skipping collection row deletions - org.frcpm.models.Project.milestones
10:24:42.478 [main] DEBUG org.hibernate.orm.jdbc.mutation - Skipping collection removals - org.frcpm.models.Project.milestones
10:24:42.478 [main] DEBUG org.hibernate.orm.jdbc.mutation - Skipping collection inserts - org.frcpm.models.Component.requiredForTasks
10:24:42.478 [main] DEBUG org.hibernate.orm.jdbc.mutation - Skipping collection row updates - org.frcpm.models.Component.requiredForTasks
10:24:42.478 [main] DEBUG org.hibernate.orm.jdbc.mutation - Skipping collection row deletions - org.frcpm.models.Component.requiredForTasks
10:24:42.478 [main] DEBUG org.hibernate.orm.jdbc.mutation - Skipping collection removals - org.frcpm.models.Component.requiredForTasks
10:24:42.479 [main] DEBUG org.hibernate.orm.jdbc.mutation - Skipping collection (re)creation - org.frcpm.models.Project.meetings
10:24:42.479 [main] DEBUG org.hibernate.orm.jdbc.mutation - Skipping collection row deletions - org.frcpm.models.Project.meetings
10:24:42.479 [main] DEBUG org.hibernate.orm.jdbc.mutation - Skipping collection removals - org.frcpm.models.Project.meetings
10:24:42.479 [main] DEBUG org.hibernate.orm.jdbc.mutation - Skipping collection inserts - org.frcpm.models.TeamMember.assignedTasks
10:24:42.479 [main] DEBUG org.hibernate.orm.jdbc.mutation - Skipping collection row updates - org.frcpm.models.TeamMember.assignedTasks
10:24:42.479 [main] DEBUG org.hibernate.orm.jdbc.mutation - Skipping collection row deletions - org.frcpm.models.TeamMember.assignedTasks
10:24:42.479 [main] DEBUG org.hibernate.orm.jdbc.mutation - Skipping collection removals - org.frcpm.models.TeamMember.assignedTasks
10:24:42.479 [main] DEBUG org.hibernate.orm.jdbc.mutation - Skipping collection (re)creation - org.frcpm.models.Meeting.attendances
10:24:42.479 [main] DEBUG org.hibernate.orm.jdbc.mutation - Skipping collection row deletions - org.frcpm.models.Meeting.attendances
10:24:42.479 [main] DEBUG org.hibernate.orm.jdbc.mutation - Skipping collection removals - org.frcpm.models.Meeting.attendances
10:24:42.479 [main] DEBUG org.hibernate.orm.jdbc.mutation - Skipping collection inserts - org.frcpm.models.Task.postDependencies
10:24:42.479 [main] DEBUG org.hibernate.orm.jdbc.mutation - Skipping collection row updates - org.frcpm.models.Task.postDependencies
10:24:42.479 [main] DEBUG org.hibernate.orm.jdbc.mutation - Skipping collection row deletions - org.frcpm.models.Task.postDependencies
10:24:42.479 [main] DEBUG org.hibernate.orm.jdbc.mutation - Skipping collection removals - org.frcpm.models.Task.postDependencies
10:24:42.479 [main] DEBUG org.hibernate.orm.jdbc.mutation - Skipping collection (re)creation - org.frcpm.models.Project.tasks
10:24:42.479 [main] DEBUG org.hibernate.orm.jdbc.mutation - Skipping collection row deletions - org.frcpm.models.Project.tasks
10:24:42.479 [main] DEBUG org.hibernate.orm.jdbc.mutation - Skipping collection removals - org.frcpm.models.Project.tasks
10:24:42.479 [main] DEBUG org.hibernate.orm.model.mapping.creation - Starting post-init callbacks
10:24:42.479 [main] DEBUG org.hibernate.orm.model.mapping.creation - Starting PostInitCallbackEntry : To-one key - NavigableRole[org.frcpm.models.Attendance.meeting]
10:24:42.479 [main] DEBUG org.hibernate.orm.model.mapping.creation - Starting PostInitCallbackEntry : To-one key - NavigableRole[org.frcpm.models.Attendance.member]
10:24:42.479 [main] DEBUG org.hibernate.orm.model.mapping.creation - Starting PostInitCallbackEntry : Entity(org.frcpm.models.Attendance) `staticFetchableList` generator
10:24:42.479 [main] DEBUG org.hibernate.orm.model.mapping.creation - Starting PostInitCallbackEntry : PluralAttributeMapping( NavigableRole[org.frcpm.models.Meeting.attendances#{element}]) - element descriptor
10:24:42.479 [main] DEBUG org.hibernate.orm.model.mapping.creation - Starting PostInitCallbackEntry : PluralAttributeMapping(org.frcpm.models.Meeting.attendances)#finishInitialization
10:24:42.479 [main] DEBUG org.hibernate.orm.model.mapping.creation - Starting PostInitCallbackEntry : PluralAttributeMapping(org.frcpm.models.Meeting.attendances) - key descriptor
10:24:42.479 [main] DEBUG org.hibernate.orm.model.mapping.creation - Starting PostInitCallbackEntry : To-one key - NavigableRole[org.frcpm.models.Meeting.project]
10:24:42.479 [main] DEBUG org.hibernate.orm.model.mapping.creation - Starting PostInitCallbackEntry : Entity(org.frcpm.models.Meeting) `staticFetchableList` generator
10:24:42.479 [main] DEBUG org.hibernate.orm.model.mapping.creation - Starting PostInitCallbackEntry : To-one key - NavigableRole[org.frcpm.models.Subsystem.responsibleSubteam]
10:24:42.479 [main] DEBUG org.hibernate.orm.model.mapping.creation - Starting PostInitCallbackEntry : PluralAttributeMapping( NavigableRole[org.frcpm.models.Subsystem.tasks#{element}]) - element descriptor
10:24:42.479 [main] DEBUG org.hibernate.orm.model.mapping.creation - Starting PostInitCallbackEntry : PluralAttributeMapping(org.frcpm.models.Subsystem.tasks)#finishInitialization
10:24:42.479 [main] DEBUG org.hibernate.orm.model.mapping.creation - Starting PostInitCallbackEntry : PluralAttributeMapping(org.frcpm.models.Subsystem.tasks) - key descriptor
10:24:42.479 [main] DEBUG org.hibernate.orm.model.mapping.creation - Starting PostInitCallbackEntry : Entity(org.frcpm.models.Subsystem) `staticFetchableList` generator
10:24:42.479 [main] DEBUG org.hibernate.orm.model.mapping.creation - Starting PostInitCallbackEntry : PluralAttributeMapping( NavigableRole[org.frcpm.models.Component.requiredForTasks#{element}]) - element descriptor
10:24:42.479 [main] DEBUG org.hibernate.orm.model.mapping.creation - Starting PostInitCallbackEntry : PluralAttributeMapping(org.frcpm.models.Component.requiredForTasks)#finishInitialization
10:24:42.479 [main] DEBUG org.hibernate.orm.model.mapping.creation - Starting PostInitCallbackEntry : PluralAttributeMapping(org.frcpm.models.Component.requiredForTasks) - key descriptor
10:24:42.479 [main] DEBUG org.hibernate.orm.model.mapping.creation - Starting PostInitCallbackEntry : Entity(org.frcpm.models.Component) `staticFetchableList` generator
10:24:42.479 [main] DEBUG org.hibernate.orm.model.mapping.creation - Starting PostInitCallbackEntry : To-one key - NavigableRole[org.frcpm.models.Milestone.project]
10:24:42.479 [main] DEBUG org.hibernate.orm.model.mapping.creation - Starting PostInitCallbackEntry : Entity(org.frcpm.models.Milestone) `staticFetchableList` generator
10:24:42.479 [main] DEBUG org.hibernate.orm.model.mapping.creation - Starting PostInitCallbackEntry : PluralAttributeMapping( NavigableRole[org.frcpm.models.Project.meetings#{element}]) - element descriptor
10:24:42.479 [main] DEBUG org.hibernate.orm.model.mapping.creation - Starting PostInitCallbackEntry : PluralAttributeMapping(org.frcpm.models.Project.meetings)#finishInitialization
10:24:42.479 [main] DEBUG org.hibernate.orm.model.mapping.creation - Starting PostInitCallbackEntry : PluralAttributeMapping(org.frcpm.models.Project.meetings) - key descriptor
10:24:42.479 [main] DEBUG org.hibernate.orm.model.mapping.creation - Starting PostInitCallbackEntry : PluralAttributeMapping( NavigableRole[org.frcpm.models.Project.milestones#{element}]) - element descriptor
10:24:42.479 [main] DEBUG org.hibernate.orm.model.mapping.creation - Starting PostInitCallbackEntry : PluralAttributeMapping(org.frcpm.models.Project.milestones)#finishInitialization
10:24:42.479 [main] DEBUG org.hibernate.orm.model.mapping.creation - Starting PostInitCallbackEntry : PluralAttributeMapping(org.frcpm.models.Project.milestones) - key descriptor
10:24:42.479 [main] DEBUG org.hibernate.orm.model.mapping.creation - Starting PostInitCallbackEntry : PluralAttributeMapping( NavigableRole[org.frcpm.models.Project.tasks#{element}]) - element descriptor
10:24:42.479 [main] DEBUG org.hibernate.orm.model.mapping.creation - Starting PostInitCallbackEntry : PluralAttributeMapping(org.frcpm.models.Project.tasks)#finishInitialization
10:24:42.479 [main] DEBUG org.hibernate.orm.model.mapping.creation - Starting PostInitCallbackEntry : PluralAttributeMapping(org.frcpm.models.Project.tasks) - key descriptor
10:24:42.479 [main] DEBUG org.hibernate.orm.model.mapping.creation - Starting PostInitCallbackEntry : Entity(org.frcpm.models.Project) `staticFetchableList` generator
10:24:42.479 [main] DEBUG org.hibernate.orm.model.mapping.creation - Starting PostInitCallbackEntry : PluralAttributeMapping( NavigableRole[org.frcpm.models.Subteam.members#{element}]) - element descriptor
10:24:42.479 [main] DEBUG org.hibernate.orm.model.mapping.creation - Starting PostInitCallbackEntry : PluralAttributeMapping(org.frcpm.models.Subteam.members)#finishInitialization
10:24:42.479 [main] DEBUG org.hibernate.orm.model.mapping.creation - Starting PostInitCallbackEntry : PluralAttributeMapping(org.frcpm.models.Subteam.members) - key descriptor
10:24:42.479 [main] DEBUG org.hibernate.orm.model.mapping.creation - Starting PostInitCallbackEntry : PluralAttributeMapping( NavigableRole[org.frcpm.models.Subteam.subsystems#{element}]) - element descriptor
10:24:42.479 [main] DEBUG org.hibernate.orm.model.mapping.creation - Starting PostInitCallbackEntry : PluralAttributeMapping(org.frcpm.models.Subteam.subsystems)#finishInitialization
10:24:42.479 [main] DEBUG org.hibernate.orm.model.mapping.creation - Starting PostInitCallbackEntry : PluralAttributeMapping(org.frcpm.models.Subteam.subsystems) - key descriptor
10:24:42.479 [main] DEBUG org.hibernate.orm.model.mapping.creation - Starting PostInitCallbackEntry : Entity(org.frcpm.models.Subteam) `staticFetchableList` generator
10:24:42.479 [main] DEBUG org.hibernate.orm.model.mapping.creation - Starting PostInitCallbackEntry : PluralAttributeMapping( NavigableRole[org.frcpm.models.Task.assignedTo#{element}]) - element descriptor
10:24:42.479 [main] DEBUG org.hibernate.orm.model.mapping.creation - Starting PostInitCallbackEntry : PluralAttributeMapping(org.frcpm.models.Task.assignedTo)#finishInitialization
10:24:42.479 [main] DEBUG org.hibernate.orm.model.mapping.creation - Starting PostInitCallbackEntry : PluralAttributeMapping(org.frcpm.models.Task.assignedTo) - key descriptor
10:24:42.479 [main] DEBUG org.hibernate.orm.model.mapping.creation - Starting PostInitCallbackEntry : PluralAttributeMapping( NavigableRole[org.frcpm.models.Task.postDependencies#{element}]) - element descriptor
10:24:42.479 [main] DEBUG org.hibernate.orm.model.mapping.creation - Starting PostInitCallbackEntry : PluralAttributeMapping(org.frcpm.models.Task.postDependencies)#finishInitialization
10:24:42.479 [main] DEBUG org.hibernate.orm.model.mapping.creation - Starting PostInitCallbackEntry : PluralAttributeMapping(org.frcpm.models.Task.postDependencies) - key descriptor
10:24:42.479 [main] DEBUG org.hibernate.orm.model.mapping.creation - Starting PostInitCallbackEntry : PluralAttributeMapping( NavigableRole[org.frcpm.models.Task.preDependencies#{element}]) - element descriptor
10:24:42.479 [main] DEBUG org.hibernate.orm.model.mapping.creation - Starting PostInitCallbackEntry : PluralAttributeMapping(org.frcpm.models.Task.preDependencies)#finishInitialization
10:24:42.479 [main] DEBUG org.hibernate.orm.model.mapping.creation - Starting PostInitCallbackEntry : PluralAttributeMapping(org.frcpm.models.Task.preDependencies) - key descriptor
10:24:42.479 [main] DEBUG org.hibernate.orm.model.mapping.creation - Starting PostInitCallbackEntry : To-one key - NavigableRole[org.frcpm.models.Task.project]
10:24:42.479 [main] DEBUG org.hibernate.orm.model.mapping.creation - Starting PostInitCallbackEntry : PluralAttributeMapping( NavigableRole[org.frcpm.models.Task.requiredComponents#{element}]) - element descriptor
10:24:42.479 [main] DEBUG org.hibernate.orm.model.mapping.creation - Starting PostInitCallbackEntry : PluralAttributeMapping(org.frcpm.models.Task.requiredComponents)#finishInitialization
10:24:42.479 [main] DEBUG org.hibernate.orm.model.mapping.creation - Starting PostInitCallbackEntry : PluralAttributeMapping(org.frcpm.models.Task.requiredComponents) - key descriptor
10:24:42.479 [main] DEBUG org.hibernate.orm.model.mapping.creation - Starting PostInitCallbackEntry : To-one key - NavigableRole[org.frcpm.models.Task.subsystem]
10:24:42.479 [main] DEBUG org.hibernate.orm.model.mapping.creation - Starting PostInitCallbackEntry : Entity(org.frcpm.models.Task) `staticFetchableList` generator
10:24:42.479 [main] DEBUG org.hibernate.orm.model.mapping.creation - Starting PostInitCallbackEntry : PluralAttributeMapping( NavigableRole[org.frcpm.models.TeamMember.assignedTasks#{element}]) - element descriptor
10:24:42.479 [main] DEBUG org.hibernate.orm.model.mapping.creation - Starting PostInitCallbackEntry : PluralAttributeMapping(org.frcpm.models.TeamMember.assignedTasks)#finishInitialization
10:24:42.479 [main] DEBUG org.hibernate.orm.model.mapping.creation - Starting PostInitCallbackEntry : PluralAttributeMapping(org.frcpm.models.TeamMember.assignedTasks) - key descriptor
10:24:42.479 [main] DEBUG org.hibernate.orm.model.mapping.creation - Starting PostInitCallbackEntry : PluralAttributeMapping( NavigableRole[org.frcpm.models.TeamMember.attendances#{element}]) - element descriptor
10:24:42.479 [main] DEBUG org.hibernate.orm.model.mapping.creation - Starting PostInitCallbackEntry : PluralAttributeMapping(org.frcpm.models.TeamMember.attendances)#finishInitialization
10:24:42.479 [main] DEBUG org.hibernate.orm.model.mapping.creation - Starting PostInitCallbackEntry : PluralAttributeMapping(org.frcpm.models.TeamMember.attendances) - key descriptor
10:24:42.479 [main] DEBUG org.hibernate.orm.model.mapping.creation - Starting PostInitCallbackEntry : To-one key - NavigableRole[org.frcpm.models.TeamMember.subteam]
10:24:42.479 [main] DEBUG org.hibernate.orm.model.mapping.creation - Starting PostInitCallbackEntry : Entity(org.frcpm.models.TeamMember) `staticFetchableList` generator
10:24:42.479 [main] DEBUG org.hibernate.orm.model.mapping.creation - Starting PostInitCallbackEntry : PluralAttributeMapping( NavigableRole[org.frcpm.models.Meeting.attendances#{element}]) - element descriptor
10:24:42.479 [main] DEBUG org.hibernate.orm.model.mapping.creation - Starting PostInitCallbackEntry : PluralAttributeMapping( NavigableRole[org.frcpm.models.Subsystem.tasks#{element}]) - element descriptor
10:24:42.479 [main] DEBUG org.hibernate.orm.model.mapping.creation - Starting PostInitCallbackEntry : PluralAttributeMapping( NavigableRole[org.frcpm.models.Component.requiredForTasks#{element}]) - element descriptor
10:24:42.479 [main] DEBUG org.hibernate.orm.model.mapping.creation - Starting PostInitCallbackEntry : PluralAttributeMapping( NavigableRole[org.frcpm.models.Project.meetings#{element}]) - element descriptor
10:24:42.479 [main] DEBUG org.hibernate.orm.model.mapping.creation - Starting PostInitCallbackEntry : PluralAttributeMapping( NavigableRole[org.frcpm.models.Project.milestones#{element}]) - element descriptor
10:24:42.479 [main] DEBUG org.hibernate.orm.model.mapping.creation - Starting PostInitCallbackEntry : PluralAttributeMapping( NavigableRole[org.frcpm.models.Project.tasks#{element}]) - element descriptor
10:24:42.479 [main] DEBUG org.hibernate.orm.model.mapping.creation - Starting PostInitCallbackEntry : PluralAttributeMapping( NavigableRole[org.frcpm.models.Subteam.members#{element}]) - element descriptor
10:24:42.479 [main] DEBUG org.hibernate.orm.model.mapping.creation - Starting PostInitCallbackEntry : PluralAttributeMapping( NavigableRole[org.frcpm.models.Subteam.subsystems#{element}]) - element descriptor
10:24:42.479 [main] DEBUG org.hibernate.orm.model.mapping.creation - Starting PostInitCallbackEntry : PluralAttributeMapping( NavigableRole[org.frcpm.models.Task.postDependencies#{element}]) - element descriptor
10:24:42.479 [main] DEBUG org.hibernate.orm.model.mapping.creation - Starting PostInitCallbackEntry : PluralAttributeMapping( NavigableRole[org.frcpm.models.TeamMember.attendances#{element}]) - element descriptor
10:24:42.482 [main] DEBUG org.hibernate.orm.sql.ast.create - Created new SQL alias : a1_0
10:24:42.482 [main] DEBUG org.hibernate.orm.sql.ast.create - Registration of TableGroup [StandardTableGroup(org.frcpm.models.Attendance)] with identifierForTableGroup [org.frcpm.models.Attendance] for NavigablePath [org.frcpm.models.Attendance] 
10:24:42.482 [main] DEBUG org.hibernate.orm.sql.ast.create - Registration of TableGroup [org.hibernate.sql.ast.tree.from.LazyTableGroup@4b91c69d] with identifierForTableGroup [org.frcpm.models.Attendance.meeting] for NavigablePath [org.frcpm.models.Attendance.meeting] 
10:24:42.482 [main] DEBUG org.hibernate.orm.sql.ast.create - Registration of TableGroup [org.hibernate.sql.ast.tree.from.LazyTableGroup@ebc96bc] with identifierForTableGroup [org.frcpm.models.Attendance.member] for NavigablePath [org.frcpm.models.Attendance.member] 
10:24:42.482 [main] DEBUG org.hibernate.orm.results.graph.AST - DomainResult Graph:
 \-EntityResultImpl [org.frcpm.models.Attendance]
 |  +-BasicFetch [org.frcpm.models.Attendance.arrivalTime]
 |  +-BasicFetch [org.frcpm.models.Attendance.departureTime]
 |  +-EntityDelayedFetchImpl [org.frcpm.models.Attendance.meeting]
 |  +-EntityDelayedFetchImpl [org.frcpm.models.Attendance.member]
 |  \-BasicFetch [org.frcpm.models.Attendance.present]

10:24:42.482 [main] DEBUG org.hibernate.orm.sql.ast.tree - SQL AST Tree:
    SelectStatement {
      FromClause {
        StandardTableGroup (a1 : org.frcpm.models.Attendance) {
          primaryTableReference : attendances as a1_0
          TableGroupJoins {
            left  join LazyTableGroup (m1 : org.frcpm.models.Attendance.meeting) {
            }
            left  join LazyTableGroup (m2 : org.frcpm.models.Attendance.member) {
            }
          }
        }
      }
    }

10:24:42.482 [main] DEBUG org.hibernate.persister.entity.AbstractEntityPersister - Static SQL for entity: org.frcpm.models.Attendance
10:24:42.482 [main] DEBUG org.hibernate.persister.entity.AbstractEntityPersister -  Version select: select id from attendances where id=?
10:24:42.482 [main] DEBUG org.hibernate.persister.entity.AbstractEntityPersister -  Insert (0): insert into attendances (arrival_time,departure_time,meeting_id,member_id,present,id) values (?,?,?,?,?,default)
10:24:42.482 [main] DEBUG org.hibernate.persister.entity.AbstractEntityPersister -  Update (0): update attendances set arrival_time=?,departure_time=?,meeting_id=?,member_id=?,present=? where id=?
10:24:42.482 [main] DEBUG org.hibernate.persister.entity.AbstractEntityPersister -  Delete (0): delete from attendances where id=?
10:24:42.482 [main] DEBUG org.hibernate.orm.sql.ast.create - Created new SQL alias : m1_0
10:24:42.482 [main] DEBUG org.hibernate.orm.sql.ast.create - Registration of TableGroup [StandardTableGroup(org.frcpm.models.Meeting)] with identifierForTableGroup [org.frcpm.models.Meeting] for NavigablePath [org.frcpm.models.Meeting] 
10:24:42.482 [main] DEBUG org.hibernate.orm.sql.ast.create - Registration of TableGroup [org.hibernate.sql.ast.tree.from.LazyTableGroup@671d7de5] with identifierForTableGroup [org.frcpm.models.Meeting.project] for NavigablePath [org.frcpm.models.Meeting.project] 
10:24:42.482 [main] DEBUG org.hibernate.orm.results.graph.AST - DomainResult Graph:
 \-EntityResultImpl [org.frcpm.models.Meeting]
 |  +-DelayedCollectionFetch [org.frcpm.models.Meeting.attendances]
 |  +-BasicFetch [org.frcpm.models.Meeting.date]
 |  +-BasicFetch [org.frcpm.models.Meeting.endTime]
 |  +-BasicFetch [org.frcpm.models.Meeting.notes]
 |  +-EntityDelayedFetchImpl [org.frcpm.models.Meeting.project]
 |  \-BasicFetch [org.frcpm.models.Meeting.startTime]

10:24:42.482 [main] DEBUG org.hibernate.orm.sql.ast.tree - SQL AST Tree:
    SelectStatement {
      FromClause {
        StandardTableGroup (m1 : org.frcpm.models.Meeting) {
          primaryTableReference : meetings as m1_0
          TableGroupJoins {
            left  join LazyTableGroup (p1 : org.frcpm.models.Meeting.project) {
            }
          }
        }
      }
    }

10:24:42.482 [main] DEBUG org.hibernate.persister.entity.AbstractEntityPersister - Static SQL for entity: org.frcpm.models.Meeting
10:24:42.482 [main] DEBUG org.hibernate.persister.entity.AbstractEntityPersister -  Version select: select id from meetings where id=?
10:24:42.482 [main] DEBUG org.hibernate.persister.entity.AbstractEntityPersister -  Insert (0): insert into meetings (date,end_time,notes,project_id,start_time,id) values (?,?,?,?,?,default)
10:24:42.482 [main] DEBUG org.hibernate.persister.entity.AbstractEntityPersister -  Update (0): update meetings set date=?,end_time=?,notes=?,project_id=?,start_time=? where id=?
10:24:42.482 [main] DEBUG org.hibernate.persister.entity.AbstractEntityPersister -  Delete (0): delete from meetings where id=?
10:24:42.482 [main] DEBUG org.hibernate.orm.sql.ast.create - Created new SQL alias : s1_0
10:24:42.482 [main] DEBUG org.hibernate.orm.sql.ast.create - Registration of TableGroup [StandardTableGroup(org.frcpm.models.Subsystem)] with identifierForTableGroup [org.frcpm.models.Subsystem] for NavigablePath [org.frcpm.models.Subsystem] 
10:24:42.482 [main] DEBUG org.hibernate.orm.sql.ast.create - Registration of TableGroup [org.hibernate.sql.ast.tree.from.LazyTableGroup@5efabbd3] with identifierForTableGroup [org.frcpm.models.Subsystem.responsibleSubteam] for NavigablePath [org.frcpm.models.Subsystem.responsibleSubteam] 
10:24:42.482 [main] DEBUG org.hibernate.orm.results.graph.AST - DomainResult Graph:
 \-EntityResultImpl [org.frcpm.models.Subsystem]
 |  +-BasicFetch [org.frcpm.models.Subsystem.description]
 |  +-BasicFetch [org.frcpm.models.Subsystem.name]
 |  +-EntityDelayedFetchImpl [org.frcpm.models.Subsystem.responsibleSubteam]
 |  +-BasicFetch [org.frcpm.models.Subsystem.status]
 |  \-DelayedCollectionFetch [org.frcpm.models.Subsystem.tasks]

10:24:42.482 [main] DEBUG org.hibernate.orm.sql.ast.tree - SQL AST Tree:
    SelectStatement {
      FromClause {
        StandardTableGroup (s1 : org.frcpm.models.Subsystem) {
          primaryTableReference : subsystems as s1_0
          TableGroupJoins {
            left  join LazyTableGroup (rs1 : org.frcpm.models.Subsystem.responsibleSubteam) {
            }
          }
        }
      }
    }

10:24:42.482 [main] DEBUG org.hibernate.persister.entity.AbstractEntityPersister - Static SQL for entity: org.frcpm.models.Subsystem
10:24:42.482 [main] DEBUG org.hibernate.persister.entity.AbstractEntityPersister -  Version select: select id from subsystems where id=?
10:24:42.482 [main] DEBUG org.hibernate.persister.entity.AbstractEntityPersister -  Insert (0): insert into subsystems (description,name,responsible_subteam_id,status,id) values (?,?,?,?,default)
10:24:42.482 [main] DEBUG org.hibernate.persister.entity.AbstractEntityPersister -  Update (0): update subsystems set description=?,name=?,responsible_subteam_id=?,status=? where id=?
10:24:42.482 [main] DEBUG org.hibernate.persister.entity.AbstractEntityPersister -  Delete (0): delete from subsystems where id=?
10:24:42.482 [main] DEBUG org.hibernate.orm.sql.ast.create - Created new SQL alias : c1_0
10:24:42.482 [main] DEBUG org.hibernate.orm.sql.ast.create - Registration of TableGroup [StandardTableGroup(org.frcpm.models.Component)] with identifierForTableGroup [org.frcpm.models.Component] for NavigablePath [org.frcpm.models.Component] 
10:24:42.482 [main] DEBUG org.hibernate.orm.results.graph.AST - DomainResult Graph:
 \-EntityResultImpl [org.frcpm.models.Component]
 |  +-BasicFetch [org.frcpm.models.Component.actualDelivery]
 |  +-BasicFetch [org.frcpm.models.Component.delivered]
 |  +-BasicFetch [org.frcpm.models.Component.description]
 |  +-BasicFetch [org.frcpm.models.Component.expectedDelivery]
 |  +-BasicFetch [org.frcpm.models.Component.name]
 |  +-BasicFetch [org.frcpm.models.Component.partNumber]
 |  \-DelayedCollectionFetch [org.frcpm.models.Component.requiredForTasks]

10:24:42.482 [main] DEBUG org.hibernate.orm.sql.ast.tree - SQL AST Tree:
    SelectStatement {
      FromClause {
        StandardTableGroup (c1 : org.frcpm.models.Component) {
          primaryTableReference : components as c1_0
        }
      }
    }

10:24:42.482 [main] DEBUG org.hibernate.persister.entity.AbstractEntityPersister - Static SQL for entity: org.frcpm.models.Component
10:24:42.482 [main] DEBUG org.hibernate.persister.entity.AbstractEntityPersister -  Version select: select id from components where id=?
10:24:42.482 [main] DEBUG org.hibernate.persister.entity.AbstractEntityPersister -  Insert (0): insert into components (actual_delivery,is_delivered,description,expected_delivery,name,part_number,id) values (?,?,?,?,?,?,default)
10:24:42.482 [main] DEBUG org.hibernate.persister.entity.AbstractEntityPersister -  Update (0): update components set actual_delivery=?,is_delivered=?,description=?,expected_delivery=?,name=?,part_number=? where id=?
10:24:42.482 [main] DEBUG org.hibernate.persister.entity.AbstractEntityPersister -  Delete (0): delete from components where id=?
10:24:42.482 [main] DEBUG org.hibernate.orm.sql.ast.create - Created new SQL alias : m1_0
10:24:42.482 [main] DEBUG org.hibernate.orm.sql.ast.create - Registration of TableGroup [StandardTableGroup(org.frcpm.models.Milestone)] with identifierForTableGroup [org.frcpm.models.Milestone] for NavigablePath [org.frcpm.models.Milestone] 
10:24:42.482 [main] DEBUG org.hibernate.orm.sql.ast.create - Registration of TableGroup [org.hibernate.sql.ast.tree.from.LazyTableGroup@3e2a83c5] with identifierForTableGroup [org.frcpm.models.Milestone.project] for NavigablePath [org.frcpm.models.Milestone.project] 
10:24:42.482 [main] DEBUG org.hibernate.orm.results.graph.AST - DomainResult Graph:
 \-EntityResultImpl [org.frcpm.models.Milestone]
 |  +-BasicFetch [org.frcpm.models.Milestone.date]
 |  +-BasicFetch [org.frcpm.models.Milestone.description]
 |  +-BasicFetch [org.frcpm.models.Milestone.name]
 |  \-EntityDelayedFetchImpl [org.frcpm.models.Milestone.project]

10:24:42.482 [main] DEBUG org.hibernate.orm.sql.ast.tree - SQL AST Tree:
    SelectStatement {
      FromClause {
        StandardTableGroup (m1 : org.frcpm.models.Milestone) {
          primaryTableReference : milestones as m1_0
          TableGroupJoins {
            left  join LazyTableGroup (p1 : org.frcpm.models.Milestone.project) {
            }
          }
        }
      }
    }

10:24:42.482 [main] DEBUG org.hibernate.persister.entity.AbstractEntityPersister - Static SQL for entity: org.frcpm.models.Milestone
10:24:42.482 [main] DEBUG org.hibernate.persister.entity.AbstractEntityPersister -  Version select: select id from milestones where id=?
10:24:42.482 [main] DEBUG org.hibernate.persister.entity.AbstractEntityPersister -  Insert (0): insert into milestones (date,description,name,project_id,id) values (?,?,?,?,default)
10:24:42.482 [main] DEBUG org.hibernate.persister.entity.AbstractEntityPersister -  Update (0): update milestones set date=?,description=?,name=?,project_id=? where id=?
10:24:42.482 [main] DEBUG org.hibernate.persister.entity.AbstractEntityPersister -  Delete (0): delete from milestones where id=?
10:24:42.482 [main] DEBUG org.hibernate.orm.sql.ast.create - Created new SQL alias : p1_0
10:24:42.482 [main] DEBUG org.hibernate.orm.sql.ast.create - Registration of TableGroup [StandardTableGroup(org.frcpm.models.Project)] with identifierForTableGroup [org.frcpm.models.Project] for NavigablePath [org.frcpm.models.Project] 
10:24:42.482 [main] DEBUG org.hibernate.orm.results.graph.AST - DomainResult Graph:
 \-EntityResultImpl [org.frcpm.models.Project]
 |  +-BasicFetch [org.frcpm.models.Project.description]
 |  +-BasicFetch [org.frcpm.models.Project.goalEndDate]
 |  +-BasicFetch [org.frcpm.models.Project.hardDeadline]
 |  +-DelayedCollectionFetch [org.frcpm.models.Project.meetings]
 |  +-DelayedCollectionFetch [org.frcpm.models.Project.milestones]
 |  +-BasicFetch [org.frcpm.models.Project.name]
 |  +-BasicFetch [org.frcpm.models.Project.startDate]
 |  \-DelayedCollectionFetch [org.frcpm.models.Project.tasks]

10:24:42.482 [main] DEBUG org.hibernate.orm.sql.ast.tree - SQL AST Tree:
    SelectStatement {
      FromClause {
        StandardTableGroup (p1 : org.frcpm.models.Project) {
          primaryTableReference : projects as p1_0
        }
      }
    }

10:24:42.482 [main] DEBUG org.hibernate.persister.entity.AbstractEntityPersister - Static SQL for entity: org.frcpm.models.Project
10:24:42.482 [main] DEBUG org.hibernate.persister.entity.AbstractEntityPersister -  Version select: select id from projects where id=?
10:24:42.482 [main] DEBUG org.hibernate.persister.entity.AbstractEntityPersister -  Insert (0): insert into projects (description,goal_end_date,hard_deadline,name,start_date,id) values (?,?,?,?,?,default)
10:24:42.482 [main] DEBUG org.hibernate.persister.entity.AbstractEntityPersister -  Update (0): update projects set description=?,goal_end_date=?,hard_deadline=?,name=?,start_date=? where id=?
10:24:42.482 [main] DEBUG org.hibernate.persister.entity.AbstractEntityPersister -  Delete (0): delete from projects where id=?
10:24:42.482 [main] DEBUG org.hibernate.orm.sql.ast.create - Created new SQL alias : s1_0
10:24:42.482 [main] DEBUG org.hibernate.orm.sql.ast.create - Registration of TableGroup [StandardTableGroup(org.frcpm.models.Subteam)] with identifierForTableGroup [org.frcpm.models.Subteam] for NavigablePath [org.frcpm.models.Subteam] 
10:24:42.483 [main] DEBUG org.hibernate.orm.results.graph.AST - DomainResult Graph:
 \-EntityResultImpl [org.frcpm.models.Subteam]
 |  +-BasicFetch [org.frcpm.models.Subteam.colorCode]
 |  +-DelayedCollectionFetch [org.frcpm.models.Subteam.members]
 |  +-BasicFetch [org.frcpm.models.Subteam.name]
 |  +-BasicFetch [org.frcpm.models.Subteam.specialties]
 |  \-DelayedCollectionFetch [org.frcpm.models.Subteam.subsystems]

10:24:42.483 [main] DEBUG org.hibernate.orm.sql.ast.tree - SQL AST Tree:
    SelectStatement {
      FromClause {
        StandardTableGroup (s1 : org.frcpm.models.Subteam) {
          primaryTableReference : subteams as s1_0
        }
      }
    }

10:24:42.483 [main] DEBUG org.hibernate.persister.entity.AbstractEntityPersister - Static SQL for entity: org.frcpm.models.Subteam
10:24:42.483 [main] DEBUG org.hibernate.persister.entity.AbstractEntityPersister -  Version select: select id from subteams where id=?
10:24:42.483 [main] DEBUG org.hibernate.persister.entity.AbstractEntityPersister -  Insert (0): insert into subteams (color_code,name,specialties,id) values (?,?,?,default)
10:24:42.483 [main] DEBUG org.hibernate.persister.entity.AbstractEntityPersister -  Update (0): update subteams set color_code=?,name=?,specialties=? where id=?
10:24:42.483 [main] DEBUG org.hibernate.persister.entity.AbstractEntityPersister -  Delete (0): delete from subteams where id=?
10:24:42.483 [main] DEBUG org.hibernate.orm.sql.ast.create - Created new SQL alias : t1_0
10:24:42.483 [main] DEBUG org.hibernate.orm.sql.ast.create - Registration of TableGroup [StandardTableGroup(org.frcpm.models.Task)] with identifierForTableGroup [org.frcpm.models.Task] for NavigablePath [org.frcpm.models.Task] 
10:24:42.483 [main] DEBUG org.hibernate.orm.sql.ast.create - Registration of TableGroup [org.hibernate.sql.ast.tree.from.LazyTableGroup@4418c992] with identifierForTableGroup [org.frcpm.models.Task.project] for NavigablePath [org.frcpm.models.Task.project] 
10:24:42.483 [main] DEBUG org.hibernate.orm.sql.ast.create - Registration of TableGroup [org.hibernate.sql.ast.tree.from.LazyTableGroup@5a7dfa3f] with identifierForTableGroup [org.frcpm.models.Task.subsystem] for NavigablePath [org.frcpm.models.Task.subsystem] 
10:24:42.483 [main] DEBUG org.hibernate.orm.results.graph.AST - DomainResult Graph:
 \-EntityResultImpl [org.frcpm.models.Task]
 |  +-BasicFetch [org.frcpm.models.Task.actualDurationSeconds]
 |  +-DelayedCollectionFetch [org.frcpm.models.Task.assignedTo]
 |  +-BasicFetch [org.frcpm.models.Task.completed]
 |  +-BasicFetch [org.frcpm.models.Task.description]
 |  +-BasicFetch [org.frcpm.models.Task.endDate]
 |  +-BasicFetch [org.frcpm.models.Task.estimatedDurationSeconds]
 |  +-DelayedCollectionFetch [org.frcpm.models.Task.postDependencies]
 |  +-DelayedCollectionFetch [org.frcpm.models.Task.preDependencies]
 |  +-BasicFetch [org.frcpm.models.Task.priority]
 |  +-BasicFetch [org.frcpm.models.Task.progress]
 |  +-EntityDelayedFetchImpl [org.frcpm.models.Task.project]
 |  +-DelayedCollectionFetch [org.frcpm.models.Task.requiredComponents]
 |  +-BasicFetch [org.frcpm.models.Task.startDate]
 |  +-EntityDelayedFetchImpl [org.frcpm.models.Task.subsystem]
 |  \-BasicFetch [org.frcpm.models.Task.title]

10:24:42.483 [main] DEBUG org.hibernate.orm.sql.ast.tree - SQL AST Tree:
    SelectStatement {
      FromClause {
        StandardTableGroup (t1 : org.frcpm.models.Task) {
          primaryTableReference : tasks as t1_0
          TableGroupJoins {
            left  join LazyTableGroup (p1 : org.frcpm.models.Task.project) {
            }
            left  join LazyTableGroup (s1 : org.frcpm.models.Task.subsystem) {
            }
          }
        }
      }
    }

10:24:42.483 [main] DEBUG org.hibernate.persister.entity.AbstractEntityPersister - Static SQL for entity: org.frcpm.models.Task
10:24:42.483 [main] DEBUG org.hibernate.persister.entity.AbstractEntityPersister -  Version select: select id from tasks where id=?
10:24:42.483 [main] DEBUG org.hibernate.persister.entity.AbstractEntityPersister -  Insert (0): insert into tasks (actual_duration_seconds,completed,description,end_date,estimated_duration_seconds,priority,progress,project_id,start_date,subsystem_id,title,id) values (?,?,?,?,?,?,?,?,?,?,?,default)
10:24:42.483 [main] DEBUG org.hibernate.persister.entity.AbstractEntityPersister -  Update (0): update tasks set actual_duration_seconds=?,completed=?,description=?,end_date=?,estimated_duration_seconds=?,priority=?,progress=?,project_id=?,start_date=?,subsystem_id=?,title=? where id=?
10:24:42.483 [main] DEBUG org.hibernate.persister.entity.AbstractEntityPersister -  Delete (0): delete from tasks where id=?
10:24:42.483 [main] DEBUG org.hibernate.orm.sql.ast.create - Created new SQL alias : tm1_0
10:24:42.483 [main] DEBUG org.hibernate.orm.sql.ast.create - Registration of TableGroup [StandardTableGroup(org.frcpm.models.TeamMember)] with identifierForTableGroup [org.frcpm.models.TeamMember] for NavigablePath [org.frcpm.models.TeamMember] 
10:24:42.483 [main] DEBUG org.hibernate.orm.sql.ast.create - Registration of TableGroup [org.hibernate.sql.ast.tree.from.LazyTableGroup@699b398d] with identifierForTableGroup [org.frcpm.models.TeamMember.subteam] for NavigablePath [org.frcpm.models.TeamMember.subteam] 
10:24:42.483 [main] DEBUG org.hibernate.orm.results.graph.AST - DomainResult Graph:
 \-EntityResultImpl [org.frcpm.models.TeamMember]
 |  +-DelayedCollectionFetch [org.frcpm.models.TeamMember.assignedTasks]
 |  +-DelayedCollectionFetch [org.frcpm.models.TeamMember.attendances]
 |  +-BasicFetch [org.frcpm.models.TeamMember.email]
 |  +-BasicFetch [org.frcpm.models.TeamMember.firstName]
 |  +-BasicFetch [org.frcpm.models.TeamMember.lastName]
 |  +-BasicFetch [org.frcpm.models.TeamMember.leader]
 |  +-BasicFetch [org.frcpm.models.TeamMember.phone]
 |  +-BasicFetch [org.frcpm.models.TeamMember.skills]
 |  +-EntityDelayedFetchImpl [org.frcpm.models.TeamMember.subteam]
 |  \-BasicFetch [org.frcpm.models.TeamMember.username]

10:24:42.483 [main] DEBUG org.hibernate.orm.sql.ast.tree - SQL AST Tree:
    SelectStatement {
      FromClause {
        StandardTableGroup (tm1 : org.frcpm.models.TeamMember) {
          primaryTableReference : team_members as tm1_0
          TableGroupJoins {
            left  join LazyTableGroup (s1 : org.frcpm.models.TeamMember.subteam) {
            }
          }
        }
      }
    }

10:24:42.483 [main] DEBUG org.hibernate.persister.entity.AbstractEntityPersister - Static SQL for entity: org.frcpm.models.TeamMember
10:24:42.483 [main] DEBUG org.hibernate.persister.entity.AbstractEntityPersister -  Version select: select id from team_members where id=?
10:24:42.483 [main] DEBUG org.hibernate.persister.entity.AbstractEntityPersister -  Insert (0): insert into team_members (email,first_name,last_name,is_leader,phone,skills,subteam_id,username,id) values (?,?,?,?,?,?,?,?,default)
10:24:42.483 [main] DEBUG org.hibernate.persister.entity.AbstractEntityPersister -  Update (0): update team_members set email=?,first_name=?,last_name=?,is_leader=?,phone=?,skills=?,subteam_id=?,username=? where id=?
10:24:42.483 [main] DEBUG org.hibernate.persister.entity.AbstractEntityPersister -  Delete (0): delete from team_members where id=?
10:24:42.483 [main] DEBUG org.hibernate.orm.sql.ast.create - Created new SQL alias : at1_0
10:24:42.483 [main] DEBUG org.hibernate.orm.sql.ast.create - Registration of TableGroup [CollectionTableGroup(org.frcpm.models.Task.assignedTo)] with identifierForTableGroup [org.frcpm.models.Task.assignedTo] for NavigablePath [org.frcpm.models.Task.assignedTo] 
10:24:42.483 [main] DEBUG org.hibernate.orm.sql.ast.create - Registration of TableGroup [org.hibernate.sql.ast.tree.from.LazyTableGroup@4660cbae] with identifierForTableGroup [org.frcpm.models.Task.assignedTo.{element}] for NavigablePath [org.frcpm.models.Task.assignedTo.{element}] 
10:24:42.483 [main] DEBUG org.hibernate.orm.sql.ast.create - Created new SQL alias : at1_1
10:24:42.483 [main] DEBUG org.hibernate.orm.sql.ast.create - Registration of TableGroup [org.hibernate.sql.ast.tree.from.LazyTableGroup@44e6861c] with identifierForTableGroup [org.frcpm.models.Task.assignedTo.{element}.subteam] for NavigablePath [org.frcpm.models.Task.assignedTo.{element}.subteam] 
10:24:42.483 [main] DEBUG org.hibernate.orm.results.graph.AST - DomainResult Graph:
 \-CollectionDomainResult [org.frcpm.models.Task.assignedTo]

10:24:42.483 [main] DEBUG org.hibernate.orm.sql.ast.tree - SQL AST Tree:
    SelectStatement {
      FromClause {
        CollectionTableGroup (at1 : org.frcpm.models.Task.assignedTo) {
          primaryTableReference : task_assignments as at1_0
          TableGroupJoins {
             join LazyTableGroup (at1 : org.frcpm.models.Task.assignedTo.{element}) {
              primaryTableReference : team_members as at1_1
              TableGroupJoins {
                left  join LazyTableGroup (s1 : org.frcpm.models.Task.assignedTo.{element}.subteam) {
                }
              }
            }
          }
        }
      }
    }

10:24:42.483 [main] DEBUG org.hibernate.orm.jdbc.mutation - Static SQL for collection: org.frcpm.models.Task.assignedTo
10:24:42.483 [main] DEBUG org.hibernate.orm.jdbc.mutation -  Row insert: insert into task_assignments (task_id,team_member_id) values (?,?)
10:24:42.483 [main] DEBUG org.hibernate.orm.jdbc.mutation -  Row delete: delete from task_assignments where task_id=? and team_member_id=?
10:24:42.484 [main] DEBUG org.hibernate.orm.jdbc.mutation -  One-shot delete: delete from task_assignments where task_id=?
10:24:42.484 [main] DEBUG org.hibernate.orm.sql.ast.create - Created new SQL alias : t1_0
10:24:42.484 [main] DEBUG org.hibernate.orm.sql.ast.create - Registration of TableGroup [org.hibernate.sql.ast.tree.from.OneToManyTableGroup@28d209f0] with identifierForTableGroup [org.frcpm.models.Subsystem.tasks] for NavigablePath [org.frcpm.models.Subsystem.tasks] 
10:24:42.484 [main] DEBUG org.hibernate.orm.sql.ast.create - Registration of TableGroup [StandardTableGroup(org.frcpm.models.Subsystem.tasks.{element})] with identifierForTableGroup [org.frcpm.models.Subsystem.tasks.{element}] for NavigablePath [org.frcpm.models.Subsystem.tasks.{element}] 
10:24:42.484 [main] DEBUG org.hibernate.orm.sql.ast.create - Registration of TableGroup [org.hibernate.sql.ast.tree.from.LazyTableGroup@7464abfc] with identifierForTableGroup [org.frcpm.models.Subsystem.tasks.{element}.project] for NavigablePath [org.frcpm.models.Subsystem.tasks.{element}.project] 
10:24:42.484 [main] DEBUG org.hibernate.orm.sql.ast.create - Registration of TableGroup [org.hibernate.sql.ast.tree.from.LazyTableGroup@78955013] with identifierForTableGroup [org.frcpm.models.Subsystem.tasks.{element}.subsystem] for NavigablePath [org.frcpm.models.Subsystem.tasks.{element}.subsystem] 
10:24:42.484 [main] DEBUG org.hibernate.orm.results.graph.AST - DomainResult Graph:
 \-CollectionDomainResult [org.frcpm.models.Subsystem.tasks]

10:24:42.484 [main] DEBUG org.hibernate.orm.sql.ast.tree - SQL AST Tree:
    SelectStatement {
      FromClause {
        OneToManyTableGroup (t1 : org.frcpm.models.Subsystem.tasks) {
          primaryTableReference : tasks as t1_0
          TableGroupJoins {
            left  join LazyTableGroup (p1 : org.frcpm.models.Subsystem.tasks.{element}.project) {
            }
            left  join LazyTableGroup (s1 : org.frcpm.models.Subsystem.tasks.{element}.subsystem) {
            }
          }
        }
      }
    }

10:24:42.484 [main] DEBUG org.hibernate.orm.jdbc.mutation - Static SQL for collection: org.frcpm.models.Subsystem.tasks
10:24:42.484 [main] DEBUG org.hibernate.orm.sql.ast.create - Created new SQL alias : m1_0
10:24:42.484 [main] DEBUG org.hibernate.orm.sql.ast.create - Registration of TableGroup [org.hibernate.sql.ast.tree.from.OneToManyTableGroup@115a23d9] with identifierForTableGroup [org.frcpm.models.Subteam.members] for NavigablePath [org.frcpm.models.Subteam.members] 
10:24:42.484 [main] DEBUG org.hibernate.orm.sql.ast.create - Registration of TableGroup [StandardTableGroup(org.frcpm.models.Subteam.members.{element})] with identifierForTableGroup [org.frcpm.models.Subteam.members.{element}] for NavigablePath [org.frcpm.models.Subteam.members.{element}] 
10:24:42.484 [main] DEBUG org.hibernate.orm.sql.ast.create - Registration of TableGroup [org.hibernate.sql.ast.tree.from.LazyTableGroup@7210b0c4] with identifierForTableGroup [org.frcpm.models.Subteam.members.{element}.subteam] for NavigablePath [org.frcpm.models.Subteam.members.{element}.subteam] 
10:24:42.484 [main] DEBUG org.hibernate.orm.results.graph.AST - DomainResult Graph:
 \-CollectionDomainResult [org.frcpm.models.Subteam.members]

10:24:42.484 [main] DEBUG org.hibernate.orm.sql.ast.tree - SQL AST Tree:
    SelectStatement {
      FromClause {
        OneToManyTableGroup (m1 : org.frcpm.models.Subteam.members) {
          primaryTableReference : team_members as m1_0
          TableGroupJoins {
            left  join LazyTableGroup (s1 : org.frcpm.models.Subteam.members.{element}.subteam) {
            }
          }
        }
      }
    }

10:24:42.484 [main] DEBUG org.hibernate.orm.jdbc.mutation - Static SQL for collection: org.frcpm.models.Subteam.members
10:24:42.484 [main] DEBUG org.hibernate.orm.sql.ast.create - Created new SQL alias : a1_0
10:24:42.484 [main] DEBUG org.hibernate.orm.sql.ast.create - Registration of TableGroup [org.hibernate.sql.ast.tree.from.OneToManyTableGroup@62fe97b4] with identifierForTableGroup [org.frcpm.models.TeamMember.attendances] for NavigablePath [org.frcpm.models.TeamMember.attendances] 
10:24:42.484 [main] DEBUG org.hibernate.orm.sql.ast.create - Registration of TableGroup [StandardTableGroup(org.frcpm.models.TeamMember.attendances.{element})] with identifierForTableGroup [org.frcpm.models.TeamMember.attendances.{element}] for NavigablePath [org.frcpm.models.TeamMember.attendances.{element}] 
10:24:42.484 [main] DEBUG org.hibernate.orm.sql.ast.create - Registration of TableGroup [org.hibernate.sql.ast.tree.from.LazyTableGroup@22fa34d9] with identifierForTableGroup [org.frcpm.models.TeamMember.attendances.{element}.meeting] for NavigablePath [org.frcpm.models.TeamMember.attendances.{element}.meeting] 
10:24:42.484 [main] DEBUG org.hibernate.orm.sql.ast.create - Registration of TableGroup [org.hibernate.sql.ast.tree.from.LazyTableGroup@4ecd6ab7] with identifierForTableGroup [org.frcpm.models.TeamMember.attendances.{element}.member] for NavigablePath [org.frcpm.models.TeamMember.attendances.{element}.member] 
10:24:42.484 [main] DEBUG org.hibernate.orm.results.graph.AST - DomainResult Graph:
 \-CollectionDomainResult [org.frcpm.models.TeamMember.attendances]

10:24:42.484 [main] DEBUG org.hibernate.orm.sql.ast.tree - SQL AST Tree:
    SelectStatement {
      FromClause {
        OneToManyTableGroup (a1 : org.frcpm.models.TeamMember.attendances) {
          primaryTableReference : attendances as a1_0
          TableGroupJoins {
            left  join LazyTableGroup (m1 : org.frcpm.models.TeamMember.attendances.{element}.meeting) {
            }
            left  join LazyTableGroup (m2 : org.frcpm.models.TeamMember.attendances.{element}.member) {
            }
          }
        }
      }
    }

10:24:42.484 [main] DEBUG org.hibernate.orm.jdbc.mutation - Static SQL for collection: org.frcpm.models.TeamMember.attendances
10:24:42.484 [main] DEBUG org.hibernate.orm.sql.ast.create - Created new SQL alias : rc1_0
10:24:42.484 [main] DEBUG org.hibernate.orm.sql.ast.create - Registration of TableGroup [CollectionTableGroup(org.frcpm.models.Task.requiredComponents)] with identifierForTableGroup [org.frcpm.models.Task.requiredComponents] for NavigablePath [org.frcpm.models.Task.requiredComponents] 
10:24:42.484 [main] DEBUG org.hibernate.orm.sql.ast.create - Registration of TableGroup [org.hibernate.sql.ast.tree.from.LazyTableGroup@2bb7accb] with identifierForTableGroup [org.frcpm.models.Task.requiredComponents.{element}] for NavigablePath [org.frcpm.models.Task.requiredComponents.{element}] 
10:24:42.484 [main] DEBUG org.hibernate.orm.sql.ast.create - Created new SQL alias : rc1_1
10:24:42.484 [main] DEBUG org.hibernate.orm.results.graph.AST - DomainResult Graph:
 \-CollectionDomainResult [org.frcpm.models.Task.requiredComponents]

10:24:42.484 [main] DEBUG org.hibernate.orm.sql.ast.tree - SQL AST Tree:
    SelectStatement {
      FromClause {
        CollectionTableGroup (rc1 : org.frcpm.models.Task.requiredComponents) {
          primaryTableReference : task_components as rc1_0
          TableGroupJoins {
             join LazyTableGroup (rc1 : org.frcpm.models.Task.requiredComponents.{element}) {
              primaryTableReference : components as rc1_1
            }
          }
        }
      }
    }

10:24:42.484 [main] DEBUG org.hibernate.orm.jdbc.mutation - Static SQL for collection: org.frcpm.models.Task.requiredComponents
10:24:42.484 [main] DEBUG org.hibernate.orm.jdbc.mutation -  Row insert: insert into task_components (task_id,component_id) values (?,?)
10:24:42.484 [main] DEBUG org.hibernate.orm.jdbc.mutation -  Row delete: delete from task_components where task_id=? and component_id=?
10:24:42.484 [main] DEBUG org.hibernate.orm.jdbc.mutation -  One-shot delete: delete from task_components where task_id=?
10:24:42.484 [main] DEBUG org.hibernate.orm.sql.ast.create - Created new SQL alias : s1_0
10:24:42.484 [main] DEBUG org.hibernate.orm.sql.ast.create - Registration of TableGroup [org.hibernate.sql.ast.tree.from.OneToManyTableGroup@785efb58] with identifierForTableGroup [org.frcpm.models.Subteam.subsystems] for NavigablePath [org.frcpm.models.Subteam.subsystems] 
10:24:42.484 [main] DEBUG org.hibernate.orm.sql.ast.create - Registration of TableGroup [StandardTableGroup(org.frcpm.models.Subteam.subsystems.{element})] with identifierForTableGroup [org.frcpm.models.Subteam.subsystems.{element}] for NavigablePath [org.frcpm.models.Subteam.subsystems.{element}] 
10:24:42.484 [main] DEBUG org.hibernate.orm.sql.ast.create - Registration of TableGroup [org.hibernate.sql.ast.tree.from.LazyTableGroup@6c0e0295] with identifierForTableGroup [org.frcpm.models.Subteam.subsystems.{element}.responsibleSubteam] for NavigablePath [org.frcpm.models.Subteam.subsystems.{element}.responsibleSubteam] 
10:24:42.484 [main] DEBUG org.hibernate.orm.results.graph.AST - DomainResult Graph:
 \-CollectionDomainResult [org.frcpm.models.Subteam.subsystems]

10:24:42.484 [main] DEBUG org.hibernate.orm.sql.ast.tree - SQL AST Tree:
    SelectStatement {
      FromClause {
        OneToManyTableGroup (s1 : org.frcpm.models.Subteam.subsystems) {
          primaryTableReference : subsystems as s1_0
          TableGroupJoins {
            left  join LazyTableGroup (rs1 : org.frcpm.models.Subteam.subsystems.{element}.responsibleSubteam) {
            }
          }
        }
      }
    }

10:24:42.484 [main] DEBUG org.hibernate.orm.jdbc.mutation - Static SQL for collection: org.frcpm.models.Subteam.subsystems
10:24:42.484 [main] DEBUG org.hibernate.orm.sql.ast.create - Created new SQL alias : pd1_0
10:24:42.484 [main] DEBUG org.hibernate.orm.sql.ast.create - Registration of TableGroup [CollectionTableGroup(org.frcpm.models.Task.preDependencies)] with identifierForTableGroup [org.frcpm.models.Task.preDependencies] for NavigablePath [org.frcpm.models.Task.preDependencies] 
10:24:42.484 [main] DEBUG org.hibernate.orm.sql.ast.create - Registration of TableGroup [org.hibernate.sql.ast.tree.from.LazyTableGroup@175536ba] with identifierForTableGroup [org.frcpm.models.Task.preDependencies.{element}] for NavigablePath [org.frcpm.models.Task.preDependencies.{element}] 
10:24:42.484 [main] DEBUG org.hibernate.orm.sql.ast.create - Created new SQL alias : pd1_1
10:24:42.484 [main] DEBUG org.hibernate.orm.sql.ast.create - Registration of TableGroup [org.hibernate.sql.ast.tree.from.LazyTableGroup@18de8b33] with identifierForTableGroup [org.frcpm.models.Task.preDependencies.{element}.project] for NavigablePath [org.frcpm.models.Task.preDependencies.{element}.project] 
10:24:42.484 [main] DEBUG org.hibernate.orm.sql.ast.create - Registration of TableGroup [org.hibernate.sql.ast.tree.from.LazyTableGroup@791bc381] with identifierForTableGroup [org.frcpm.models.Task.preDependencies.{element}.subsystem] for NavigablePath [org.frcpm.models.Task.preDependencies.{element}.subsystem] 
10:24:42.484 [main] DEBUG org.hibernate.orm.results.graph.AST - DomainResult Graph:
 \-CollectionDomainResult [org.frcpm.models.Task.preDependencies]

10:24:42.484 [main] DEBUG org.hibernate.orm.sql.ast.tree - SQL AST Tree:
    SelectStatement {
      FromClause {
        CollectionTableGroup (pd1 : org.frcpm.models.Task.preDependencies) {
          primaryTableReference : task_dependencies as pd1_0
          TableGroupJoins {
             join LazyTableGroup (pd1 : org.frcpm.models.Task.preDependencies.{element}) {
              primaryTableReference : tasks as pd1_1
              TableGroupJoins {
                left  join LazyTableGroup (p1 : org.frcpm.models.Task.preDependencies.{element}.project) {
                }
                left  join LazyTableGroup (s1 : org.frcpm.models.Task.preDependencies.{element}.subsystem) {
                }
              }
            }
          }
        }
      }
    }

10:24:42.484 [main] DEBUG org.hibernate.orm.jdbc.mutation - Static SQL for collection: org.frcpm.models.Task.preDependencies
10:24:42.484 [main] DEBUG org.hibernate.orm.jdbc.mutation -  Row insert: insert into task_dependencies (task_id,dependency_id) values (?,?)
10:24:42.484 [main] DEBUG org.hibernate.orm.jdbc.mutation -  Row delete: delete from task_dependencies where task_id=? and dependency_id=?
10:24:42.484 [main] DEBUG org.hibernate.orm.jdbc.mutation -  One-shot delete: delete from task_dependencies where task_id=?
10:24:42.484 [main] DEBUG org.hibernate.orm.sql.ast.create - Created new SQL alias : m1_0
10:24:42.484 [main] DEBUG org.hibernate.orm.sql.ast.create - Registration of TableGroup [org.hibernate.sql.ast.tree.from.OneToManyTableGroup@9b30f69] with identifierForTableGroup [org.frcpm.models.Project.milestones] for NavigablePath [org.frcpm.models.Project.milestones] 
10:24:42.484 [main] DEBUG org.hibernate.orm.sql.ast.create - Registration of TableGroup [StandardTableGroup(org.frcpm.models.Project.milestones.{element})] with identifierForTableGroup [org.frcpm.models.Project.milestones.{element}] for NavigablePath [org.frcpm.models.Project.milestones.{element}] 
10:24:42.484 [main] DEBUG org.hibernate.orm.sql.ast.create - Registration of TableGroup [org.hibernate.sql.ast.tree.from.LazyTableGroup@58e30585] with identifierForTableGroup [org.frcpm.models.Project.milestones.{element}.project] for NavigablePath [org.frcpm.models.Project.milestones.{element}.project] 
10:24:42.484 [main] DEBUG org.hibernate.orm.results.graph.AST - DomainResult Graph:
 \-CollectionDomainResult [org.frcpm.models.Project.milestones]

10:24:42.484 [main] DEBUG org.hibernate.orm.sql.ast.tree - SQL AST Tree:
    SelectStatement {
      FromClause {
        OneToManyTableGroup (m1 : org.frcpm.models.Project.milestones) {
          primaryTableReference : milestones as m1_0
          TableGroupJoins {
            left  join LazyTableGroup (p1 : org.frcpm.models.Project.milestones.{element}.project) {
            }
          }
        }
      }
    }

10:24:42.484 [main] DEBUG org.hibernate.orm.jdbc.mutation - Static SQL for collection: org.frcpm.models.Project.milestones
10:24:42.484 [main] DEBUG org.hibernate.orm.sql.ast.create - Created new SQL alias : rft1_0
10:24:42.484 [main] DEBUG org.hibernate.orm.sql.ast.create - Registration of TableGroup [CollectionTableGroup(org.frcpm.models.Component.requiredForTasks)] with identifierForTableGroup [org.frcpm.models.Component.requiredForTasks] for NavigablePath [org.frcpm.models.Component.requiredForTasks] 
10:24:42.484 [main] DEBUG org.hibernate.orm.sql.ast.create - Registration of TableGroup [org.hibernate.sql.ast.tree.from.LazyTableGroup@36a56437] with identifierForTableGroup [org.frcpm.models.Component.requiredForTasks.{element}] for NavigablePath [org.frcpm.models.Component.requiredForTasks.{element}] 
10:24:42.484 [main] DEBUG org.hibernate.orm.sql.ast.create - Created new SQL alias : rft1_1
10:24:42.484 [main] DEBUG org.hibernate.orm.sql.ast.create - Registration of TableGroup [org.hibernate.sql.ast.tree.from.LazyTableGroup@27fcedcd] with identifierForTableGroup [org.frcpm.models.Component.requiredForTasks.{element}.project] for NavigablePath [org.frcpm.models.Component.requiredForTasks.{element}.project] 
10:24:42.484 [main] DEBUG org.hibernate.orm.sql.ast.create - Registration of TableGroup [org.hibernate.sql.ast.tree.from.LazyTableGroup@47a3a7c8] with identifierForTableGroup [org.frcpm.models.Component.requiredForTasks.{element}.subsystem] for NavigablePath [org.frcpm.models.Component.requiredForTasks.{element}.subsystem] 
10:24:42.484 [main] DEBUG org.hibernate.orm.results.graph.AST - DomainResult Graph:
 \-CollectionDomainResult [org.frcpm.models.Component.requiredForTasks]

10:24:42.484 [main] DEBUG org.hibernate.orm.sql.ast.tree - SQL AST Tree:
    SelectStatement {
      FromClause {
        CollectionTableGroup (rft1 : org.frcpm.models.Component.requiredForTasks) {
          primaryTableReference : task_components as rft1_0
          TableGroupJoins {
             join LazyTableGroup (rft1 : org.frcpm.models.Component.requiredForTasks.{element}) {
              primaryTableReference : tasks as rft1_1
              TableGroupJoins {
                left  join LazyTableGroup (p1 : org.frcpm.models.Component.requiredForTasks.{element}.project) {
                }
                left  join LazyTableGroup (s1 : org.frcpm.models.Component.requiredForTasks.{element}.subsystem) {
                }
              }
            }
          }
        }
      }
    }

10:24:42.484 [main] DEBUG org.hibernate.orm.jdbc.mutation - Static SQL for collection: org.frcpm.models.Component.requiredForTasks
10:24:42.484 [main] DEBUG org.hibernate.orm.sql.ast.create - Created new SQL alias : m1_0
10:24:42.484 [main] DEBUG org.hibernate.orm.sql.ast.create - Registration of TableGroup [org.hibernate.sql.ast.tree.from.OneToManyTableGroup@1ae8ebd8] with identifierForTableGroup [org.frcpm.models.Project.meetings] for NavigablePath [org.frcpm.models.Project.meetings] 
10:24:42.484 [main] DEBUG org.hibernate.orm.sql.ast.create - Registration of TableGroup [StandardTableGroup(org.frcpm.models.Project.meetings.{element})] with identifierForTableGroup [org.frcpm.models.Project.meetings.{element}] for NavigablePath [org.frcpm.models.Project.meetings.{element}] 
10:24:42.484 [main] DEBUG org.hibernate.orm.sql.ast.create - Registration of TableGroup [org.hibernate.sql.ast.tree.from.LazyTableGroup@65380cd4] with identifierForTableGroup [org.frcpm.models.Project.meetings.{element}.project] for NavigablePath [org.frcpm.models.Project.meetings.{element}.project] 
10:24:42.484 [main] DEBUG org.hibernate.orm.results.graph.AST - DomainResult Graph:
 \-CollectionDomainResult [org.frcpm.models.Project.meetings]

10:24:42.484 [main] DEBUG org.hibernate.orm.sql.ast.tree - SQL AST Tree:
    SelectStatement {
      FromClause {
        OneToManyTableGroup (m1 : org.frcpm.models.Project.meetings) {
          primaryTableReference : meetings as m1_0
          TableGroupJoins {
            left  join LazyTableGroup (p1 : org.frcpm.models.Project.meetings.{element}.project) {
            }
          }
        }
      }
    }

10:24:42.484 [main] DEBUG org.hibernate.orm.jdbc.mutation - Static SQL for collection: org.frcpm.models.Project.meetings
10:24:42.484 [main] DEBUG org.hibernate.orm.sql.ast.create - Created new SQL alias : at1_0
10:24:42.484 [main] DEBUG org.hibernate.orm.sql.ast.create - Registration of TableGroup [CollectionTableGroup(org.frcpm.models.TeamMember.assignedTasks)] with identifierForTableGroup [org.frcpm.models.TeamMember.assignedTasks] for NavigablePath [org.frcpm.models.TeamMember.assignedTasks] 
10:24:42.484 [main] DEBUG org.hibernate.orm.sql.ast.create - Registration of TableGroup [org.hibernate.sql.ast.tree.from.LazyTableGroup@32f6b63b] with identifierForTableGroup [org.frcpm.models.TeamMember.assignedTasks.{element}] for NavigablePath [org.frcpm.models.TeamMember.assignedTasks.{element}] 
10:24:42.484 [main] DEBUG org.hibernate.orm.sql.ast.create - Created new SQL alias : at1_1
10:24:42.484 [main] DEBUG org.hibernate.orm.sql.ast.create - Registration of TableGroup [org.hibernate.sql.ast.tree.from.LazyTableGroup@6f1d2d96] with identifierForTableGroup [org.frcpm.models.TeamMember.assignedTasks.{element}.project] for NavigablePath [org.frcpm.models.TeamMember.assignedTasks.{element}.project] 
10:24:42.484 [main] DEBUG org.hibernate.orm.sql.ast.create - Registration of TableGroup [org.hibernate.sql.ast.tree.from.LazyTableGroup@e8ffc97] with identifierForTableGroup [org.frcpm.models.TeamMember.assignedTasks.{element}.subsystem] for NavigablePath [org.frcpm.models.TeamMember.assignedTasks.{element}.subsystem] 
10:24:42.484 [main] DEBUG org.hibernate.orm.results.graph.AST - DomainResult Graph:
 \-CollectionDomainResult [org.frcpm.models.TeamMember.assignedTasks]

10:24:42.484 [main] DEBUG org.hibernate.orm.sql.ast.tree - SQL AST Tree:
    SelectStatement {
      FromClause {
        CollectionTableGroup (at1 : org.frcpm.models.TeamMember.assignedTasks) {
          primaryTableReference : task_assignments as at1_0
          TableGroupJoins {
             join LazyTableGroup (at1 : org.frcpm.models.TeamMember.assignedTasks.{element}) {
              primaryTableReference : tasks as at1_1
              TableGroupJoins {
                left  join LazyTableGroup (p1 : org.frcpm.models.TeamMember.assignedTasks.{element}.project) {
                }
                left  join LazyTableGroup (s1 : org.frcpm.models.TeamMember.assignedTasks.{element}.subsystem) {
                }
              }
            }
          }
        }
      }
    }

10:24:42.485 [main] DEBUG org.hibernate.orm.jdbc.mutation - Static SQL for collection: org.frcpm.models.TeamMember.assignedTasks
10:24:42.485 [main] DEBUG org.hibernate.orm.sql.ast.create - Created new SQL alias : a1_0
10:24:42.485 [main] DEBUG org.hibernate.orm.sql.ast.create - Registration of TableGroup [org.hibernate.sql.ast.tree.from.OneToManyTableGroup@fb82931] with identifierForTableGroup [org.frcpm.models.Meeting.attendances] for NavigablePath [org.frcpm.models.Meeting.attendances] 
10:24:42.485 [main] DEBUG org.hibernate.orm.sql.ast.create - Registration of TableGroup [StandardTableGroup(org.frcpm.models.Meeting.attendances.{element})] with identifierForTableGroup [org.frcpm.models.Meeting.attendances.{element}] for NavigablePath [org.frcpm.models.Meeting.attendances.{element}] 
10:24:42.485 [main] DEBUG org.hibernate.orm.sql.ast.create - Registration of TableGroup [org.hibernate.sql.ast.tree.from.LazyTableGroup@73326471] with identifierForTableGroup [org.frcpm.models.Meeting.attendances.{element}.meeting] for NavigablePath [org.frcpm.models.Meeting.attendances.{element}.meeting] 
10:24:42.485 [main] DEBUG org.hibernate.orm.sql.ast.create - Registration of TableGroup [org.hibernate.sql.ast.tree.from.LazyTableGroup@7530e6de] with identifierForTableGroup [org.frcpm.models.Meeting.attendances.{element}.member] for NavigablePath [org.frcpm.models.Meeting.attendances.{element}.member] 
10:24:42.485 [main] DEBUG org.hibernate.orm.results.graph.AST - DomainResult Graph:
 \-CollectionDomainResult [org.frcpm.models.Meeting.attendances]

10:24:42.485 [main] DEBUG org.hibernate.orm.sql.ast.tree - SQL AST Tree:
    SelectStatement {
      FromClause {
        OneToManyTableGroup (a1 : org.frcpm.models.Meeting.attendances) {
          primaryTableReference : attendances as a1_0
          TableGroupJoins {
            left  join LazyTableGroup (m1 : org.frcpm.models.Meeting.attendances.{element}.meeting) {
            }
            left  join LazyTableGroup (m2 : org.frcpm.models.Meeting.attendances.{element}.member) {
            }
          }
        }
      }
    }

10:24:42.485 [main] DEBUG org.hibernate.orm.jdbc.mutation - Static SQL for collection: org.frcpm.models.Meeting.attendances
10:24:42.485 [main] DEBUG org.hibernate.orm.sql.ast.create - Created new SQL alias : pd1_0
10:24:42.485 [main] DEBUG org.hibernate.orm.sql.ast.create - Registration of TableGroup [CollectionTableGroup(org.frcpm.models.Task.postDependencies)] with identifierForTableGroup [org.frcpm.models.Task.postDependencies] for NavigablePath [org.frcpm.models.Task.postDependencies] 
10:24:42.485 [main] DEBUG org.hibernate.orm.sql.ast.create - Registration of TableGroup [org.hibernate.sql.ast.tree.from.LazyTableGroup@5bfe5214] with identifierForTableGroup [org.frcpm.models.Task.postDependencies.{element}] for NavigablePath [org.frcpm.models.Task.postDependencies.{element}] 
10:24:42.485 [main] DEBUG org.hibernate.orm.sql.ast.create - Created new SQL alias : pd1_1
10:24:42.485 [main] DEBUG org.hibernate.orm.sql.ast.create - Registration of TableGroup [org.hibernate.sql.ast.tree.from.LazyTableGroup@1bb82aca] with identifierForTableGroup [org.frcpm.models.Task.postDependencies.{element}.project] for NavigablePath [org.frcpm.models.Task.postDependencies.{element}.project] 
10:24:42.485 [main] DEBUG org.hibernate.orm.sql.ast.create - Registration of TableGroup [org.hibernate.sql.ast.tree.from.LazyTableGroup@2fc2944c] with identifierForTableGroup [org.frcpm.models.Task.postDependencies.{element}.subsystem] for NavigablePath [org.frcpm.models.Task.postDependencies.{element}.subsystem] 
10:24:42.485 [main] DEBUG org.hibernate.orm.results.graph.AST - DomainResult Graph:
 \-CollectionDomainResult [org.frcpm.models.Task.postDependencies]

10:24:42.485 [main] DEBUG org.hibernate.orm.sql.ast.tree - SQL AST Tree:
    SelectStatement {
      FromClause {
        CollectionTableGroup (pd1 : org.frcpm.models.Task.postDependencies) {
          primaryTableReference : task_dependencies as pd1_0
          TableGroupJoins {
             join LazyTableGroup (pd1 : org.frcpm.models.Task.postDependencies.{element}) {
              primaryTableReference : tasks as pd1_1
              TableGroupJoins {
                left  join LazyTableGroup (p1 : org.frcpm.models.Task.postDependencies.{element}.project) {
                }
                left  join LazyTableGroup (s1 : org.frcpm.models.Task.postDependencies.{element}.subsystem) {
                }
              }
            }
          }
        }
      }
    }

10:24:42.485 [main] DEBUG org.hibernate.orm.jdbc.mutation - Static SQL for collection: org.frcpm.models.Task.postDependencies
10:24:42.485 [main] DEBUG org.hibernate.orm.sql.ast.create - Created new SQL alias : t1_0
10:24:42.485 [main] DEBUG org.hibernate.orm.sql.ast.create - Registration of TableGroup [org.hibernate.sql.ast.tree.from.OneToManyTableGroup@5c319932] with identifierForTableGroup [org.frcpm.models.Project.tasks] for NavigablePath [org.frcpm.models.Project.tasks] 
10:24:42.485 [main] DEBUG org.hibernate.orm.sql.ast.create - Registration of TableGroup [StandardTableGroup(org.frcpm.models.Project.tasks.{element})] with identifierForTableGroup [org.frcpm.models.Project.tasks.{element}] for NavigablePath [org.frcpm.models.Project.tasks.{element}] 
10:24:42.485 [main] DEBUG org.hibernate.orm.sql.ast.create - Registration of TableGroup [org.hibernate.sql.ast.tree.from.LazyTableGroup@543e8440] with identifierForTableGroup [org.frcpm.models.Project.tasks.{element}.project] for NavigablePath [org.frcpm.models.Project.tasks.{element}.project] 
10:24:42.485 [main] DEBUG org.hibernate.orm.sql.ast.create - Registration of TableGroup [org.hibernate.sql.ast.tree.from.LazyTableGroup@4124e55c] with identifierForTableGroup [org.frcpm.models.Project.tasks.{element}.subsystem] for NavigablePath [org.frcpm.models.Project.tasks.{element}.subsystem] 
10:24:42.485 [main] DEBUG org.hibernate.orm.results.graph.AST - DomainResult Graph:
 \-CollectionDomainResult [org.frcpm.models.Project.tasks]

10:24:42.485 [main] DEBUG org.hibernate.orm.sql.ast.tree - SQL AST Tree:
    SelectStatement {
      FromClause {
        OneToManyTableGroup (t1 : org.frcpm.models.Project.tasks) {
          primaryTableReference : tasks as t1_0
          TableGroupJoins {
            left  join LazyTableGroup (p1 : org.frcpm.models.Project.tasks.{element}.project) {
            }
            left  join LazyTableGroup (s1 : org.frcpm.models.Project.tasks.{element}.subsystem) {
            }
          }
        }
      }
    }

10:24:42.485 [main] DEBUG org.hibernate.orm.jdbc.mutation - Static SQL for collection: org.frcpm.models.Project.tasks
10:24:42.493 [main] DEBUG org.hibernate.type.spi.TypeConfiguration$Scope - Scoping TypeConfiguration [org.hibernate.type.spi.TypeConfiguration@3098e99b] to SessionFactoryImplementor [org.hibernate.internal.SessionFactoryImpl@1410522c]
10:24:42.493 [main] DEBUG org.hibernate.query.named.NamedObjectRepository - Checking 0 named HQL queries
10:24:42.493 [main] DEBUG org.hibernate.query.named.NamedObjectRepository - Checking 0 named SQL queries
10:24:42.494 [main] DEBUG org.hibernate.mapping.Table - No alter strings for table : attendances
10:24:42.494 [main] DEBUG org.hibernate.SQL - alter table if exists components alter column description set data type TEXT
10:24:42.494 [main] DEBUG org.hibernate.SQL - alter table if exists meetings alter column notes set data type TEXT
10:24:42.494 [main] DEBUG org.hibernate.SQL - alter table if exists milestones alter column description set data type TEXT
10:24:42.494 [main] DEBUG org.hibernate.SQL - alter table if exists projects alter column description set data type TEXT
10:24:42.494 [main] DEBUG org.hibernate.SQL - alter table if exists subsystems alter column description set data type TEXT
10:24:42.494 [main] DEBUG org.hibernate.SQL - alter table if exists subteams alter column specialties set data type TEXT
10:24:42.494 [main] DEBUG org.hibernate.mapping.Table - No alter strings for table : task_assignments
10:24:42.494 [main] DEBUG org.hibernate.mapping.Table - No alter strings for table : task_components
10:24:42.494 [main] DEBUG org.hibernate.mapping.Table - No alter strings for table : task_dependencies
10:24:42.494 [main] DEBUG org.hibernate.SQL - alter table if exists tasks alter column description set data type TEXT
10:24:42.494 [main] DEBUG org.hibernate.SQL - alter table if exists team_members alter column skills set data type TEXT
10:24:42.494 [main] DEBUG org.hibernate.SQL - alter table if exists attendances drop constraint if exists UKa8ydr6vrgbux3a27v7enb0y3x
10:24:42.494 [main] DEBUG org.hibernate.SQL - alter table if exists attendances add constraint UKa8ydr6vrgbux3a27v7enb0y3x unique (meeting_id, member_id)
10:24:42.496 [main] DEBUG org.hibernate.internal.SessionFactoryRegistry - Registering SessionFactory: 57b702cd-8581-4218-924e-923a461e9791 (<unnamed>)
10:24:42.496 [main] DEBUG org.hibernate.internal.SessionFactoryRegistry - Not binding SessionFactory to JNDI, no JNDI name configured
10:24:42.496 [main] DEBUG org.hibernate.internal.SessionFactoryImpl - Instantiated SessionFactory
10:24:42.497 [main] DEBUG org.hibernate.stat.internal.StatisticsInitiator - Statistics initialized [enabled=false]
10:24:42.497 [main] DEBUG org.hibernate.engine.transaction.internal.TransactionImpl - On TransactionImpl creation, JpaCompliance#isJpaTransactionComplianceEnabled == false
10:24:42.497 [main] DEBUG org.hibernate.engine.transaction.internal.TransactionImpl - begin
10:24:42.497 [main] DEBUG org.hibernate.engine.spi.ActionQueue - Executing identity-insert immediately
10:24:42.497 [main] DEBUG org.hibernate.SQL - insert into subteams (color_code,name,specialties,id) values (?,?,?,default)
10:24:42.498 [main] DEBUG org.hibernate.orm.results - Initializer list is empty
10:24:42.498 [main] DEBUG org.hibernate.orm.results.loading - Calling top-level assembler (0 / 1) : org.hibernate.sql.results.graph.basic.BasicResultAssembler@5a223b33
10:24:42.498 [main] DEBUG org.hibernate.orm.results - Extracted JDBC value [0] - [109]
10:24:42.498 [main] DEBUG org.hibernate.id.IdentifierGeneratorHelper - Extracted generated values [org.frcpm.models.Subteam]: [Ljava.lang.Object;@eff8a63
10:24:42.499 [main] DEBUG org.hibernate.event.internal.AbstractFlushingEventListener - Processing flush-time cascades
10:24:42.499 [main] DEBUG org.hibernate.event.internal.AbstractFlushingEventListener - Dirty checking collections
10:24:42.499 [main] DEBUG org.hibernate.engine.internal.Collections - Collection found: [org.frcpm.models.Subteam.members#109], was: [<unreferenced>] (initialized)
10:24:42.499 [main] DEBUG org.hibernate.engine.internal.Collections - Collection found: [org.frcpm.models.Subteam.subsystems#109], was: [<unreferenced>] (initialized)
10:24:42.499 [main] DEBUG org.hibernate.event.internal.AbstractFlushingEventListener - Flushed: 0 insertions, 0 updates, 0 deletions to 1 objects
10:24:42.499 [main] DEBUG org.hibernate.event.internal.AbstractFlushingEventListener - Flushed: 2 (re)creations, 0 updates, 0 removals to 2 collections
10:24:42.499 [main] DEBUG org.hibernate.internal.util.EntityPrinter - Listing entities:
10:24:42.499 [main] DEBUG org.hibernate.internal.util.EntityPrinter - org.frcpm.models.Subteam{specialties=Java, Programming, Controls, members=[], name=Test Subteam 1, colorCode=#FF0000, id=109, subsystems=[]}
10:24:42.499 [main] DEBUG org.hibernate.engine.transaction.internal.TransactionImpl - committing
10:24:42.499 [main] DEBUG org.hibernate.event.internal.AbstractFlushingEventListener - Processing flush-time cascades
10:24:42.499 [main] DEBUG org.hibernate.event.internal.AbstractFlushingEventListener - Dirty checking collections
10:24:42.499 [main] DEBUG org.hibernate.engine.internal.Collections - Collection found: [org.frcpm.models.Subteam.members#109], was: [org.frcpm.models.Subteam.members#109] (initialized)
10:24:42.499 [main] DEBUG org.hibernate.engine.internal.Collections - Collection found: [org.frcpm.models.Subteam.subsystems#109], was: [org.frcpm.models.Subteam.subsystems#109] (initialized)
10:24:42.499 [main] DEBUG org.hibernate.event.internal.AbstractFlushingEventListener - Flushed: 0 insertions, 0 updates, 0 deletions to 1 objects
10:24:42.499 [main] DEBUG org.hibernate.event.internal.AbstractFlushingEventListener - Flushed: 0 (re)creations, 0 updates, 0 removals to 2 collections
10:24:42.499 [main] DEBUG org.hibernate.internal.util.EntityPrinter - Listing entities:
10:24:42.499 [main] DEBUG org.hibernate.internal.util.EntityPrinter - org.frcpm.models.Subteam{specialties=Java, Programming, Controls, members=[], name=Test Subteam 1, colorCode=#FF0000, id=109, subsystems=[]}
10:24:42.500 [main] DEBUG org.hibernate.resource.jdbc.internal.LogicalConnectionManagedImpl - Initiating JDBC connection release from afterTransaction
10:24:42.500 [main] DEBUG org.hibernate.resource.jdbc.internal.LogicalConnectionManagedImpl - Initiating JDBC connection release from afterTransaction
10:24:42.500 [main] DEBUG org.hibernate.engine.transaction.internal.TransactionImpl - On TransactionImpl creation, JpaCompliance#isJpaTransactionComplianceEnabled == false
10:24:42.500 [main] DEBUG org.hibernate.engine.transaction.internal.TransactionImpl - begin
10:24:42.500 [main] DEBUG org.hibernate.engine.spi.ActionQueue - Executing identity-insert immediately
10:24:42.500 [main] DEBUG org.hibernate.SQL - insert into subteams (color_code,name,specialties,id) values (?,?,?,default)
10:24:42.500 [main] DEBUG org.hibernate.orm.results - Initializer list is empty
10:24:42.500 [main] DEBUG org.hibernate.orm.results.loading - Calling top-level assembler (0 / 1) : org.hibernate.sql.results.graph.basic.BasicResultAssembler@bf88ff3
10:24:42.500 [main] DEBUG org.hibernate.orm.results - Extracted JDBC value [0] - [110]
10:24:42.500 [main] DEBUG org.hibernate.id.IdentifierGeneratorHelper - Extracted generated values [org.frcpm.models.Subteam]: [Ljava.lang.Object;@79ce260b
10:24:42.501 [main] DEBUG org.hibernate.event.internal.AbstractFlushingEventListener - Processing flush-time cascades
10:24:42.501 [main] DEBUG org.hibernate.event.internal.AbstractFlushingEventListener - Dirty checking collections
10:24:42.501 [main] DEBUG org.hibernate.engine.internal.Collections - Collection found: [org.frcpm.models.Subteam.members#110], was: [<unreferenced>] (initialized)
10:24:42.501 [main] DEBUG org.hibernate.engine.internal.Collections - Collection found: [org.frcpm.models.Subteam.subsystems#110], was: [<unreferenced>] (initialized)
10:24:42.501 [main] DEBUG org.hibernate.event.internal.AbstractFlushingEventListener - Flushed: 0 insertions, 0 updates, 0 deletions to 1 objects
10:24:42.501 [main] DEBUG org.hibernate.event.internal.AbstractFlushingEventListener - Flushed: 2 (re)creations, 0 updates, 0 removals to 2 collections
10:24:42.501 [main] DEBUG org.hibernate.internal.util.EntityPrinter - Listing entities:
10:24:42.501 [main] DEBUG org.hibernate.internal.util.EntityPrinter - org.frcpm.models.Subteam{specialties=CAD, Design, Fabrication, members=[], name=Test Subteam 2, colorCode=#00FF00, id=110, subsystems=[]}
10:24:42.501 [main] DEBUG org.hibernate.engine.transaction.internal.TransactionImpl - committing
10:24:42.501 [main] DEBUG org.hibernate.event.internal.AbstractFlushingEventListener - Processing flush-time cascades
10:24:42.501 [main] DEBUG org.hibernate.event.internal.AbstractFlushingEventListener - Dirty checking collections
10:24:42.501 [main] DEBUG org.hibernate.engine.internal.Collections - Collection found: [org.frcpm.models.Subteam.members#110], was: [org.frcpm.models.Subteam.members#110] (initialized)
10:24:42.501 [main] DEBUG org.hibernate.engine.internal.Collections - Collection found: [org.frcpm.models.Subteam.subsystems#110], was: [org.frcpm.models.Subteam.subsystems#110] (initialized)
10:24:42.501 [main] DEBUG org.hibernate.event.internal.AbstractFlushingEventListener - Flushed: 0 insertions, 0 updates, 0 deletions to 1 objects
10:24:42.501 [main] DEBUG org.hibernate.event.internal.AbstractFlushingEventListener - Flushed: 0 (re)creations, 0 updates, 0 removals to 2 collections
10:24:42.501 [main] DEBUG org.hibernate.internal.util.EntityPrinter - Listing entities:
10:24:42.501 [main] DEBUG org.hibernate.internal.util.EntityPrinter - org.frcpm.models.Subteam{specialties=CAD, Design, Fabrication, members=[], name=Test Subteam 2, colorCode=#00FF00, id=110, subsystems=[]}
10:24:42.501 [main] DEBUG org.hibernate.resource.jdbc.internal.LogicalConnectionManagedImpl - Initiating JDBC connection release from afterTransaction
10:24:42.501 [main] DEBUG org.hibernate.resource.jdbc.internal.LogicalConnectionManagedImpl - Initiating JDBC connection release from afterTransaction
10:24:42.501 [main] DEBUG org.hibernate.orm.query.hql - HQL : SELECT s FROM Subteam s WHERE s.colorCode = :colorCode
10:24:42.502 [main] DEBUG org.hibernate.orm.query.sqm.creation - Applying inferable type to SqmExpression [SqmNamedParameter(colorCode)] : null -> SqmBasicValuedSimplePath(org.frcpm.models.Subteam(s).colorCode)
10:24:42.503 [main] DEBUG org.hibernate.orm.query.sqm.ast - SqmStatement Tree :
    -> [select]
      -> [query-spec]
        -> [select]
          -> [selection]
            -> [root] - `org.frcpm.models.Subteam(s)`
            <- [root] - `org.frcpm.models.Subteam(s)`
          <- [selection]
        <- [select]
        -> [from]
          -> [root] - `org.frcpm.models.Subteam(s)`
          <- [root] - `org.frcpm.models.Subteam(s)`
        <- [from]
        -> [where]
          -> [EQUAL]
              -> [basic-path] - `org.frcpm.models.Subteam(s).colorCode`
              :colorCode
          <- [EQUAL]
        <- [where]
      <- [query-spec]
    <- [select]

10:24:42.503 [main] DEBUG org.hibernate.orm.sql.ast.create - Created new SQL alias : s1_0
10:24:42.503 [main] DEBUG org.hibernate.orm.sql.ast.create - Registration of TableGroup [StandardTableGroup(org.frcpm.models.Subteam(s))] with identifierForTableGroup [org.frcpm.models.Subteam] for NavigablePath [org.frcpm.models.Subteam] 
10:24:42.504 [main] DEBUG org.hibernate.query.sqm.sql.BaseSqmToSqlAstConverter - Determining mapping-model type for SqmParameter : SqmNamedParameter(colorCode)
10:24:42.504 [main] DEBUG org.hibernate.query.sqm.sql.BaseSqmToSqlAstConverter - Determining mapping-model type for SqmPath : SqmBasicValuedSimplePath(org.frcpm.models.Subteam(s).colorCode) 
10:24:42.504 [main] DEBUG org.hibernate.orm.results.graph.AST - DomainResult Graph:
 \-EntityResultImpl [org.frcpm.models.Subteam(s)]
 |  +-BasicFetch [org.frcpm.models.Subteam(s).colorCode]
 |  +-DelayedCollectionFetch [org.frcpm.models.Subteam(s).members]
 |  +-BasicFetch [org.frcpm.models.Subteam(s).name]
 |  +-BasicFetch [org.frcpm.models.Subteam(s).specialties]
 |  \-DelayedCollectionFetch [org.frcpm.models.Subteam(s).subsystems]

10:24:42.504 [main] DEBUG org.hibernate.orm.sql.ast.tree - SQL AST Tree:
    SelectStatement {
      FromClause {
        StandardTableGroup (s1 : org.frcpm.models.Subteam(s)) {
          primaryTableReference : subteams as s1_0
        }
      }
    }

10:24:42.504 [main] DEBUG org.hibernate.orm.sql.exec - Skipping reading Query result cache data: cache-enabled = false, cache-mode = NORMAL
10:24:42.505 [main] DEBUG org.hibernate.orm.results - Initializer list:
	  org.frcpm.models.Subteam(s) -> EntityResultInitializer(org.frcpm.models.Subteam(s))@1195710015 (SingleTableEntityPersister(org.frcpm.models.Subteam))
	  org.frcpm.models.Subteam(s).members -> DelayedCollectionInitializer(org.frcpm.models.Subteam(s).members)@1757064415 (PluralAttribute(org.frcpm.models.Subteam.members))
	  org.frcpm.models.Subteam(s).subsystems -> DelayedCollectionInitializer(org.frcpm.models.Subteam(s).subsystems)@1285011470 (PluralAttribute(org.frcpm.models.Subteam.subsystems))

10:24:42.505 [main] DEBUG org.hibernate.SQL - select s1_0.id,s1_0.color_code,s1_0.name,s1_0.specialties from subteams s1_0 where s1_0.color_code=?
10:24:42.505 [FRC-PM-HikariCP housekeeper] DEBUG com.zaxxer.hikari.pool.HikariPool - FRC-PM-HikariCP - Before cleanup stats (total=1, active=1, idle=0, waiting=0)
10:24:42.505 [main] DEBUG org.hibernate.orm.results - Extracted JDBC value [0] - [98]
10:24:42.505 [main] DEBUG org.hibernate.orm.results.loading.entity - (EntityResultInitializer) Hydrated EntityKey (org.frcpm.models.Subteam(s)): 98
10:24:42.505 [FRC-PM-HikariCP housekeeper] DEBUG com.zaxxer.hikari.pool.HikariPool - FRC-PM-HikariCP - After cleanup  stats (total=1, active=1, idle=0, waiting=0)
10:24:42.505 [main] DEBUG org.hibernate.orm.results.loading.org.hibernate.orm.results.loading.collection - (DelayedCollectionInitializer) Current row collection key : org.frcpm.models.Subteam(s).members#98
10:24:42.505 [main] DEBUG org.hibernate.orm.results.loading.org.hibernate.orm.results.loading.collection - (DelayedCollectionInitializer) Current row collection key : org.frcpm.models.Subteam(s).subsystems#98
10:24:42.505 [main] DEBUG org.hibernate.orm.results.loading.entity - (EntityResultInitializer) Created new entity instance [org.frcpm.models.Subteam(s)#98] : 114335900
10:24:42.506 [main] DEBUG org.hibernate.orm.results - Extracted JDBC value [1] - [#FF0000]
10:24:42.506 [main] DEBUG org.hibernate.orm.results - Extracted JDBC value [2] - [Test Subteam 1745594658388]
10:24:42.506 [main] DEBUG org.hibernate.orm.results - Extracted JDBC value [3] - [Testing, Automation]
10:24:42.506 [main] DEBUG org.hibernate.orm.results.loading.entity - (EntityResultInitializer) Done materializing entityInstance : org.frcpm.models.Subteam(s)#98
10:24:42.506 [main] DEBUG org.hibernate.orm.results.loading - Calling top-level assembler (0 / 1) : org.hibernate.sql.results.graph.entity.internal.EntityAssembler@4058064e
10:24:42.506 [main] DEBUG org.hibernate.orm.results - Extracted JDBC value [0] - [109]
10:24:42.506 [main] DEBUG org.hibernate.orm.results.loading.entity - (EntityResultInitializer) Hydrated EntityKey (org.frcpm.models.Subteam(s)): 109
10:24:42.506 [main] DEBUG org.hibernate.orm.results.loading.org.hibernate.orm.results.loading.collection - (DelayedCollectionInitializer) Current row collection key : org.frcpm.models.Subteam(s).members#109
10:24:42.506 [main] DEBUG org.hibernate.orm.results.loading.org.hibernate.orm.results.loading.collection - (DelayedCollectionInitializer) Current row collection key : org.frcpm.models.Subteam(s).subsystems#109
10:24:42.506 [main] DEBUG org.hibernate.orm.results.loading.entity - (EntityResultInitializer) Created new entity instance [org.frcpm.models.Subteam(s)#109] : 1133484697
10:24:42.506 [main] DEBUG org.hibernate.orm.results - Extracted JDBC value [1] - [#FF0000]
10:24:42.506 [main] DEBUG org.hibernate.orm.results - Extracted JDBC value [2] - [Test Subteam 1]
10:24:42.506 [main] DEBUG org.hibernate.orm.results - Extracted JDBC value [3] - [Java, Programming, Controls]
10:24:42.506 [main] DEBUG org.hibernate.orm.results.loading.entity - (EntityResultInitializer) Done materializing entityInstance : org.frcpm.models.Subteam(s)#109
10:24:42.506 [main] DEBUG org.hibernate.orm.results.loading - Calling top-level assembler (0 / 1) : org.hibernate.sql.results.graph.entity.internal.EntityAssembler@4058064e
10:24:42.506 [main] DEBUG org.hibernate.resource.jdbc.internal.LogicalConnectionManagedImpl - Initiating JDBC connection release from afterTransaction
10:24:42.506 [main] DEBUG org.hibernate.resource.jdbc.internal.LogicalConnectionManagedImpl - Initiating JDBC connection release from afterTransaction
10:24:42.508 [main] DEBUG org.hibernate.orm.sql.ast.create - Created new SQL alias : s1_0
10:24:42.508 [main] DEBUG org.hibernate.orm.sql.ast.create - Registration of TableGroup [StandardTableGroup(org.frcpm.models.Subteam(959698794566700))] with identifierForTableGroup [org.frcpm.models.Subteam] for NavigablePath [org.frcpm.models.Subteam] 
10:24:42.508 [main] DEBUG org.hibernate.orm.results.graph.AST - DomainResult Graph:
 \-EntityResultImpl [org.frcpm.models.Subteam(959698794566700)]
 |  +-BasicFetch [org.frcpm.models.Subteam(959698794566700).colorCode]
 |  +-DelayedCollectionFetch [org.frcpm.models.Subteam(959698794566700).members]
 |  +-BasicFetch [org.frcpm.models.Subteam(959698794566700).name]
 |  +-BasicFetch [org.frcpm.models.Subteam(959698794566700).specialties]
 |  \-DelayedCollectionFetch [org.frcpm.models.Subteam(959698794566700).subsystems]

10:24:42.508 [main] DEBUG org.hibernate.orm.sql.ast.tree - SQL AST Tree:
    SelectStatement {
      FromClause {
        StandardTableGroup (s1 : org.frcpm.models.Subteam(959698794566700)) {
          primaryTableReference : subteams as s1_0
        }
      }
    }

10:24:42.508 [main] DEBUG org.hibernate.orm.sql.exec - Skipping reading Query result cache data: cache-enabled = false, cache-mode = NORMAL
10:24:42.508 [main] DEBUG org.hibernate.orm.results - Initializer list:
	  org.frcpm.models.Subteam(959698794566700).members -> DelayedCollectionInitializer(org.frcpm.models.Subteam(959698794566700).members)@125325726 (PluralAttribute(org.frcpm.models.Subteam.members))
	  org.frcpm.models.Subteam(959698794566700).subsystems -> DelayedCollectionInitializer(org.frcpm.models.Subteam(959698794566700).subsystems)@1568563412 (PluralAttribute(org.frcpm.models.Subteam.subsystems))
	  org.frcpm.models.Subteam(959698794566700) -> EntityResultInitializer(org.frcpm.models.Subteam(959698794566700))@351526271 (SingleTableEntityPersister(org.frcpm.models.Subteam))

10:24:42.508 [main] DEBUG org.hibernate.SQL - select s1_0.id,s1_0.color_code,s1_0.name,s1_0.specialties from subteams s1_0
10:24:42.509 [main] DEBUG org.hibernate.orm.results - Extracted JDBC value [0] - [1]
10:24:42.509 [main] DEBUG org.hibernate.orm.results.loading.entity - (EntityResultInitializer) Hydrated EntityKey (org.frcpm.models.Subteam(959698794566700)): 1
10:24:42.509 [main] DEBUG org.hibernate.orm.results.loading.org.hibernate.orm.results.loading.collection - (DelayedCollectionInitializer) Current row collection key : org.frcpm.models.Subteam(959698794566700).members#1
10:24:42.509 [main] DEBUG org.hibernate.orm.results.loading.org.hibernate.orm.results.loading.collection - (DelayedCollectionInitializer) Current row collection key : org.frcpm.models.Subteam(959698794566700).subsystems#1
10:24:42.509 [main] DEBUG org.hibernate.orm.results.loading.entity - (EntityResultInitializer) Created new entity instance [org.frcpm.models.Subteam(959698794566700)#1] : 1692259683
10:24:42.509 [main] DEBUG org.hibernate.orm.results - Extracted JDBC value [1] - [#FF5733]
10:24:42.509 [main] DEBUG org.hibernate.orm.results - Extracted JDBC value [2] - [Mechanical]
10:24:42.509 [main] DEBUG org.hibernate.orm.results - Extracted JDBC value [3] - [Design, CAD, Fabrication, Assembly]
10:24:42.509 [main] DEBUG org.hibernate.orm.results.loading.entity - (EntityResultInitializer) Done materializing entityInstance : org.frcpm.models.Subteam(959698794566700)#1
10:24:42.509 [main] DEBUG org.hibernate.orm.results.loading - Calling top-level assembler (0 / 1) : org.hibernate.sql.results.graph.entity.internal.EntityAssembler@21977c22
10:24:42.509 [main] DEBUG org.hibernate.orm.results - Extracted JDBC value [0] - [2]
10:24:42.509 [main] DEBUG org.hibernate.orm.results.loading.entity - (EntityResultInitializer) Hydrated EntityKey (org.frcpm.models.Subteam(959698794566700)): 2
10:24:42.509 [main] DEBUG org.hibernate.orm.results.loading.org.hibernate.orm.results.loading.collection - (DelayedCollectionInitializer) Current row collection key : org.frcpm.models.Subteam(959698794566700).members#2
10:24:42.509 [main] DEBUG org.hibernate.orm.results.loading.org.hibernate.orm.results.loading.collection - (DelayedCollectionInitializer) Current row collection key : org.frcpm.models.Subteam(959698794566700).subsystems#2
10:24:42.509 [main] DEBUG org.hibernate.orm.results.loading.entity - (EntityResultInitializer) Created new entity instance [org.frcpm.models.Subteam(959698794566700)#2] : 728482750
10:24:42.509 [main] DEBUG org.hibernate.orm.results - Extracted JDBC value [1] - [#33A8FF]
10:24:42.509 [main] DEBUG org.hibernate.orm.results - Extracted JDBC value [2] - [Electrical]
10:24:42.509 [main] DEBUG org.hibernate.orm.results - Extracted JDBC value [3] - [Wiring, Electronics, Sensors, Power Systems]
10:24:42.509 [main] DEBUG org.hibernate.orm.results.loading.entity - (EntityResultInitializer) Done materializing entityInstance : org.frcpm.models.Subteam(959698794566700)#2
10:24:42.509 [FRC-PM-HikariCP connection adder] DEBUG com.zaxxer.hikari.pool.HikariPool - FRC-PM-HikariCP - Added connection conn116: url=jdbc:h2:file:C:\Users\dhiebert\.frcpm\frcpm user=SA
10:24:42.509 [main] DEBUG org.hibernate.orm.results.loading - Calling top-level assembler (0 / 1) : org.hibernate.sql.results.graph.entity.internal.EntityAssembler@21977c22
10:24:42.509 [main] DEBUG org.hibernate.orm.results - Extracted JDBC value [0] - [3]
10:24:42.509 [main] DEBUG org.hibernate.orm.results.loading.entity - (EntityResultInitializer) Hydrated EntityKey (org.frcpm.models.Subteam(959698794566700)): 3
10:24:42.509 [main] DEBUG org.hibernate.orm.results.loading.org.hibernate.orm.results.loading.collection - (DelayedCollectionInitializer) Current row collection key : org.frcpm.models.Subteam(959698794566700).members#3
10:24:42.509 [main] DEBUG org.hibernate.orm.results.loading.org.hibernate.orm.results.loading.collection - (DelayedCollectionInitializer) Current row collection key : org.frcpm.models.Subteam(959698794566700).subsystems#3
10:24:42.509 [main] DEBUG org.hibernate.orm.results.loading.entity - (EntityResultInitializer) Created new entity instance [org.frcpm.models.Subteam(959698794566700)#3] : 1948678713
10:24:42.509 [main] DEBUG org.hibernate.orm.results - Extracted JDBC value [1] - [#33FF57]
10:24:42.509 [main] DEBUG org.hibernate.orm.results - Extracted JDBC value [2] - [Programming]
10:24:42.509 [main] DEBUG org.hibernate.orm.results - Extracted JDBC value [3] - [Java, Vision, Control Systems, Autonomous]
10:24:42.509 [main] DEBUG org.hibernate.orm.results.loading.entity - (EntityResultInitializer) Done materializing entityInstance : org.frcpm.models.Subteam(959698794566700)#3
10:24:42.509 [main] DEBUG org.hibernate.orm.results.loading - Calling top-level assembler (0 / 1) : org.hibernate.sql.results.graph.entity.internal.EntityAssembler@21977c22
10:24:42.509 [main] DEBUG org.hibernate.orm.results - Extracted JDBC value [0] - [4]
10:24:42.509 [main] DEBUG org.hibernate.orm.results.loading.entity - (EntityResultInitializer) Hydrated EntityKey (org.frcpm.models.Subteam(959698794566700)): 4
10:24:42.509 [main] DEBUG org.hibernate.orm.results.loading.org.hibernate.orm.results.loading.collection - (DelayedCollectionInitializer) Current row collection key : org.frcpm.models.Subteam(959698794566700).members#4
10:24:42.509 [main] DEBUG org.hibernate.orm.results.loading.org.hibernate.orm.results.loading.collection - (DelayedCollectionInitializer) Current row collection key : org.frcpm.models.Subteam(959698794566700).subsystems#4
10:24:42.509 [main] DEBUG org.hibernate.orm.results.loading.entity - (EntityResultInitializer) Created new entity instance [org.frcpm.models.Subteam(959698794566700)#4] : 72562795
10:24:42.509 [main] DEBUG org.hibernate.orm.results - Extracted JDBC value [1] - [#FF33A8]
10:24:42.509 [main] DEBUG org.hibernate.orm.results - Extracted JDBC value [2] - [Business]
10:24:42.509 [main] DEBUG org.hibernate.orm.results - Extracted JDBC value [3] - [Fundraising, Marketing, Outreach, Awards]
10:24:42.509 [main] DEBUG org.hibernate.orm.results.loading.entity - (EntityResultInitializer) Done materializing entityInstance : org.frcpm.models.Subteam(959698794566700)#4
10:24:42.509 [main] DEBUG org.hibernate.orm.results.loading - Calling top-level assembler (0 / 1) : org.hibernate.sql.results.graph.entity.internal.EntityAssembler@21977c22
10:24:42.510 [main] DEBUG org.hibernate.orm.results - Extracted JDBC value [0] - [24]
10:24:42.510 [main] DEBUG org.hibernate.orm.results.loading.entity - (EntityResultInitializer) Hydrated EntityKey (org.frcpm.models.Subteam(959698794566700)): 24
10:24:42.510 [main] DEBUG org.hibernate.orm.results.loading.org.hibernate.orm.results.loading.collection - (DelayedCollectionInitializer) Current row collection key : org.frcpm.models.Subteam(959698794566700).members#24
10:24:42.510 [main] DEBUG org.hibernate.orm.results.loading.org.hibernate.orm.results.loading.collection - (DelayedCollectionInitializer) Current row collection key : org.frcpm.models.Subteam(959698794566700).subsystems#24
10:24:42.510 [main] DEBUG org.hibernate.orm.results.loading.entity - (EntityResultInitializer) Created new entity instance [org.frcpm.models.Subteam(959698794566700)#24] : 510959255
10:24:42.510 [main] DEBUG org.hibernate.orm.results - Extracted JDBC value [1] - [#0000FF]
10:24:42.510 [main] DEBUG org.hibernate.orm.results - Extracted JDBC value [2] - [Test Count Subteam]
10:24:42.510 [main] DEBUG org.hibernate.orm.results - Extracted JDBC value [3] - [null]
10:24:42.510 [main] DEBUG org.hibernate.orm.results.loading.entity - (EntityResultInitializer) Done materializing entityInstance : org.frcpm.models.Subteam(959698794566700)#24
10:24:42.510 [main] DEBUG org.hibernate.orm.results.loading - Calling top-level assembler (0 / 1) : org.hibernate.sql.results.graph.entity.internal.EntityAssembler@21977c22
10:24:42.510 [main] DEBUG org.hibernate.orm.results - Extracted JDBC value [0] - [27]
10:24:42.510 [main] DEBUG org.hibernate.orm.results.loading.entity - (EntityResultInitializer) Hydrated EntityKey (org.frcpm.models.Subteam(959698794566700)): 27
10:24:42.510 [main] DEBUG org.hibernate.orm.results.loading.org.hibernate.orm.results.loading.collection - (DelayedCollectionInitializer) Current row collection key : org.frcpm.models.Subteam(959698794566700).members#27
10:24:42.510 [main] DEBUG org.hibernate.orm.results.loading.org.hibernate.orm.results.loading.collection - (DelayedCollectionInitializer) Current row collection key : org.frcpm.models.Subteam(959698794566700).subsystems#27
10:24:42.510 [main] DEBUG org.hibernate.orm.results.loading.entity - (EntityResultInitializer) Created new entity instance [org.frcpm.models.Subteam(959698794566700)#27] : 190459976
10:24:42.510 [main] DEBUG org.hibernate.orm.results - Extracted JDBC value [1] - [#0000FF]
10:24:42.510 [main] DEBUG org.hibernate.orm.results - Extracted JDBC value [2] - [Test Save Subteam]
10:24:42.510 [main] DEBUG org.hibernate.orm.results - Extracted JDBC value [3] - [Testing]
10:24:42.510 [main] DEBUG org.hibernate.orm.results.loading.entity - (EntityResultInitializer) Done materializing entityInstance : org.frcpm.models.Subteam(959698794566700)#27
10:24:42.510 [main] DEBUG org.hibernate.orm.results.loading - Calling top-level assembler (0 / 1) : org.hibernate.sql.results.graph.entity.internal.EntityAssembler@21977c22
10:24:42.510 [main] DEBUG org.hibernate.orm.results - Extracted JDBC value [0] - [42]
10:24:42.510 [main] DEBUG org.hibernate.orm.results.loading.entity - (EntityResultInitializer) Hydrated EntityKey (org.frcpm.models.Subteam(959698794566700)): 42
10:24:42.510 [main] DEBUG org.hibernate.orm.results.loading.org.hibernate.orm.results.loading.collection - (DelayedCollectionInitializer) Current row collection key : org.frcpm.models.Subteam(959698794566700).members#42
10:24:42.510 [main] DEBUG org.hibernate.orm.results.loading.org.hibernate.orm.results.loading.collection - (DelayedCollectionInitializer) Current row collection key : org.frcpm.models.Subteam(959698794566700).subsystems#42
10:24:42.510 [main] DEBUG org.hibernate.orm.results.loading.entity - (EntityResultInitializer) Created new entity instance [org.frcpm.models.Subteam(959698794566700)#42] : 1749062356
10:24:42.510 [main] DEBUG org.hibernate.orm.results - Extracted JDBC value [1] - [#00FFFF]
10:24:42.510 [main] DEBUG org.hibernate.orm.results - Extracted JDBC value [2] - [Updated Subteam Name]
10:24:42.510 [main] DEBUG org.hibernate.orm.results - Extracted JDBC value [3] - [null]
10:24:42.510 [main] DEBUG org.hibernate.orm.results.loading.entity - (EntityResultInitializer) Done materializing entityInstance : org.frcpm.models.Subteam(959698794566700)#42
10:24:42.510 [main] DEBUG org.hibernate.orm.results.loading - Calling top-level assembler (0 / 1) : org.hibernate.sql.results.graph.entity.internal.EntityAssembler@21977c22
10:24:42.510 [main] DEBUG org.hibernate.orm.results - Extracted JDBC value [0] - [67]
10:24:42.510 [main] DEBUG org.hibernate.orm.results.loading.entity - (EntityResultInitializer) Hydrated EntityKey (org.frcpm.models.Subteam(959698794566700)): 67
10:24:42.510 [main] DEBUG org.hibernate.orm.results.loading.org.hibernate.orm.results.loading.collection - (DelayedCollectionInitializer) Current row collection key : org.frcpm.models.Subteam(959698794566700).members#67
10:24:42.510 [main] DEBUG org.hibernate.orm.results.loading.org.hibernate.orm.results.loading.collection - (DelayedCollectionInitializer) Current row collection key : org.frcpm.models.Subteam(959698794566700).subsystems#67
10:24:42.510 [main] DEBUG org.hibernate.orm.results.loading.entity - (EntityResultInitializer) Created new entity instance [org.frcpm.models.Subteam(959698794566700)#67] : 625659450
10:24:42.510 [main] DEBUG org.hibernate.orm.results - Extracted JDBC value [1] - [#0000FF]
10:24:42.510 [main] DEBUG org.hibernate.orm.results - Extracted JDBC value [2] - [Test Create Service Subteam]
10:24:42.510 [main] DEBUG org.hibernate.orm.results - Extracted JDBC value [3] - [Testing, Quality Assurance]
10:24:42.510 [main] DEBUG org.hibernate.orm.results.loading.entity - (EntityResultInitializer) Done materializing entityInstance : org.frcpm.models.Subteam(959698794566700)#67
10:24:42.510 [main] DEBUG org.hibernate.orm.results.loading - Calling top-level assembler (0 / 1) : org.hibernate.sql.results.graph.entity.internal.EntityAssembler@21977c22
10:24:42.510 [main] DEBUG org.hibernate.orm.results - Extracted JDBC value [0] - [70]
10:24:42.510 [main] DEBUG org.hibernate.orm.results.loading.entity - (EntityResultInitializer) Hydrated EntityKey (org.frcpm.models.Subteam(959698794566700)): 70
10:24:42.510 [main] DEBUG org.hibernate.orm.results.loading.org.hibernate.orm.results.loading.collection - (DelayedCollectionInitializer) Current row collection key : org.frcpm.models.Subteam(959698794566700).members#70
10:24:42.510 [main] DEBUG org.hibernate.orm.results.loading.org.hibernate.orm.results.loading.collection - (DelayedCollectionInitializer) Current row collection key : org.frcpm.models.Subteam(959698794566700).subsystems#70
10:24:42.510 [main] DEBUG org.hibernate.orm.results.loading.entity - (EntityResultInitializer) Created new entity instance [org.frcpm.models.Subteam(959698794566700)#70] : 839653606
10:24:42.510 [main] DEBUG org.hibernate.orm.results - Extracted JDBC value [1] - [#00FFFF]
10:24:42.510 [main] DEBUG org.hibernate.orm.results - Extracted JDBC value [2] - [Test Color Update Subteam]
10:24:42.510 [main] DEBUG org.hibernate.orm.results - Extracted JDBC value [3] - [Specialties]
10:24:42.510 [main] DEBUG org.hibernate.orm.results.loading.entity - (EntityResultInitializer) Done materializing entityInstance : org.frcpm.models.Subteam(959698794566700)#70
10:24:42.510 [main] DEBUG org.hibernate.orm.results.loading - Calling top-level assembler (0 / 1) : org.hibernate.sql.results.graph.entity.internal.EntityAssembler@21977c22
10:24:42.510 [main] DEBUG org.hibernate.orm.results - Extracted JDBC value [0] - [79]
10:24:42.510 [main] DEBUG org.hibernate.orm.results.loading.entity - (EntityResultInitializer) Hydrated EntityKey (org.frcpm.models.Subteam(959698794566700)): 79
10:24:42.510 [main] DEBUG org.hibernate.orm.results.loading.org.hibernate.orm.results.loading.collection - (DelayedCollectionInitializer) Current row collection key : org.frcpm.models.Subteam(959698794566700).members#79
10:24:42.510 [main] DEBUG org.hibernate.orm.results.loading.org.hibernate.orm.results.loading.collection - (DelayedCollectionInitializer) Current row collection key : org.frcpm.models.Subteam(959698794566700).subsystems#79
10:24:42.510 [main] DEBUG org.hibernate.orm.results.loading.entity - (EntityResultInitializer) Created new entity instance [org.frcpm.models.Subteam(959698794566700)#79] : 299166044
10:24:42.510 [main] DEBUG org.hibernate.orm.results - Extracted JDBC value [1] - [#0000FF]
10:24:42.510 [main] DEBUG org.hibernate.orm.results - Extracted JDBC value [2] - [Test Update Subteam]
10:24:42.510 [main] DEBUG org.hibernate.orm.results - Extracted JDBC value [3] - [Updated Specialties]
10:24:42.510 [main] DEBUG org.hibernate.orm.results.loading.entity - (EntityResultInitializer) Done materializing entityInstance : org.frcpm.models.Subteam(959698794566700)#79
10:24:42.510 [main] DEBUG org.hibernate.orm.results.loading - Calling top-level assembler (0 / 1) : org.hibernate.sql.results.graph.entity.internal.EntityAssembler@21977c22
10:24:42.510 [main] DEBUG org.hibernate.orm.results - Extracted JDBC value [0] - [87]
10:24:42.510 [main] DEBUG org.hibernate.orm.results.loading.entity - (EntityResultInitializer) Hydrated EntityKey (org.frcpm.models.Subteam(959698794566700)): 87
10:24:42.510 [main] DEBUG org.hibernate.orm.results.loading.org.hibernate.orm.results.loading.collection - (DelayedCollectionInitializer) Current row collection key : org.frcpm.models.Subteam(959698794566700).members#87
10:24:42.510 [main] DEBUG org.hibernate.orm.results.loading.org.hibernate.orm.results.loading.collection - (DelayedCollectionInitializer) Current row collection key : org.frcpm.models.Subteam(959698794566700).subsystems#87
10:24:42.510 [main] DEBUG org.hibernate.orm.results.loading.entity - (EntityResultInitializer) Created new entity instance [org.frcpm.models.Subteam(959698794566700)#87] : 1467769913
10:24:42.510 [main] DEBUG org.hibernate.orm.results - Extracted JDBC value [1] - [#0000FF]
10:24:42.510 [main] DEBUG org.hibernate.orm.results - Extracted JDBC value [2] - [Duplicate Name Subteam]
10:24:42.510 [main] DEBUG org.hibernate.orm.results - Extracted JDBC value [3] - [Specialties]
10:24:42.510 [main] DEBUG org.hibernate.orm.results.loading.entity - (EntityResultInitializer) Done materializing entityInstance : org.frcpm.models.Subteam(959698794566700)#87
10:24:42.510 [main] DEBUG org.hibernate.orm.results.loading - Calling top-level assembler (0 / 1) : org.hibernate.sql.results.graph.entity.internal.EntityAssembler@21977c22
10:24:42.510 [main] DEBUG org.hibernate.orm.results - Extracted JDBC value [0] - [98]
10:24:42.510 [main] DEBUG org.hibernate.orm.results.loading.entity - (EntityResultInitializer) Hydrated EntityKey (org.frcpm.models.Subteam(959698794566700)): 98
10:24:42.510 [main] DEBUG org.hibernate.orm.results.loading.org.hibernate.orm.results.loading.collection - (DelayedCollectionInitializer) Current row collection key : org.frcpm.models.Subteam(959698794566700).members#98
10:24:42.510 [main] DEBUG org.hibernate.orm.results.loading.org.hibernate.orm.results.loading.collection - (DelayedCollectionInitializer) Current row collection key : org.frcpm.models.Subteam(959698794566700).subsystems#98
10:24:42.510 [main] DEBUG org.hibernate.orm.results.loading.entity - (EntityResultInitializer) Created new entity instance [org.frcpm.models.Subteam(959698794566700)#98] : 1075044693
10:24:42.510 [main] DEBUG org.hibernate.orm.results - Extracted JDBC value [1] - [#FF0000]
10:24:42.510 [main] DEBUG org.hibernate.orm.results - Extracted JDBC value [2] - [Test Subteam 1745594658388]
10:24:42.510 [main] DEBUG org.hibernate.orm.results - Extracted JDBC value [3] - [Testing, Automation]
10:24:42.510 [main] DEBUG org.hibernate.orm.results.loading.entity - (EntityResultInitializer) Done materializing entityInstance : org.frcpm.models.Subteam(959698794566700)#98
10:24:42.510 [main] DEBUG org.hibernate.orm.results.loading - Calling top-level assembler (0 / 1) : org.hibernate.sql.results.graph.entity.internal.EntityAssembler@21977c22
10:24:42.510 [main] DEBUG org.hibernate.orm.results - Extracted JDBC value [0] - [109]
10:24:42.510 [main] DEBUG org.hibernate.orm.results.loading.entity - (EntityResultInitializer) Hydrated EntityKey (org.frcpm.models.Subteam(959698794566700)): 109
10:24:42.510 [main] DEBUG org.hibernate.orm.results.loading.org.hibernate.orm.results.loading.collection - (DelayedCollectionInitializer) Current row collection key : org.frcpm.models.Subteam(959698794566700).members#109
10:24:42.510 [main] DEBUG org.hibernate.orm.results.loading.org.hibernate.orm.results.loading.collection - (DelayedCollectionInitializer) Current row collection key : org.frcpm.models.Subteam(959698794566700).subsystems#109
10:24:42.510 [main] DEBUG org.hibernate.orm.results.loading.entity - (EntityResultInitializer) Created new entity instance [org.frcpm.models.Subteam(959698794566700)#109] : 1158597087
10:24:42.510 [main] DEBUG org.hibernate.orm.results - Extracted JDBC value [1] - [#FF0000]
10:24:42.510 [main] DEBUG org.hibernate.orm.results - Extracted JDBC value [2] - [Test Subteam 1]
10:24:42.510 [main] DEBUG org.hibernate.orm.results - Extracted JDBC value [3] - [Java, Programming, Controls]
10:24:42.510 [main] DEBUG org.hibernate.orm.results.loading.entity - (EntityResultInitializer) Done materializing entityInstance : org.frcpm.models.Subteam(959698794566700)#109
10:24:42.510 [main] DEBUG org.hibernate.orm.results.loading - Calling top-level assembler (0 / 1) : org.hibernate.sql.results.graph.entity.internal.EntityAssembler@21977c22
10:24:42.510 [main] DEBUG org.hibernate.orm.results - Extracted JDBC value [0] - [110]
10:24:42.510 [main] DEBUG org.hibernate.orm.results.loading.entity - (EntityResultInitializer) Hydrated EntityKey (org.frcpm.models.Subteam(959698794566700)): 110
10:24:42.510 [main] DEBUG org.hibernate.orm.results.loading.org.hibernate.orm.results.loading.collection - (DelayedCollectionInitializer) Current row collection key : org.frcpm.models.Subteam(959698794566700).members#110
10:24:42.510 [main] DEBUG org.hibernate.orm.results.loading.org.hibernate.orm.results.loading.collection - (DelayedCollectionInitializer) Current row collection key : org.frcpm.models.Subteam(959698794566700).subsystems#110
10:24:42.511 [main] DEBUG org.hibernate.orm.results.loading.entity - (EntityResultInitializer) Created new entity instance [org.frcpm.models.Subteam(959698794566700)#110] : 798784387
10:24:42.511 [main] DEBUG org.hibernate.orm.results - Extracted JDBC value [1] - [#00FF00]
10:24:42.511 [main] DEBUG org.hibernate.orm.results - Extracted JDBC value [2] - [Test Subteam 2]
10:24:42.511 [main] DEBUG org.hibernate.orm.results - Extracted JDBC value [3] - [CAD, Design, Fabrication]
10:24:42.511 [main] DEBUG org.hibernate.orm.results.loading.entity - (EntityResultInitializer) Done materializing entityInstance : org.frcpm.models.Subteam(959698794566700)#110
10:24:42.511 [main] DEBUG org.hibernate.orm.results.loading - Calling top-level assembler (0 / 1) : org.hibernate.sql.results.graph.entity.internal.EntityAssembler@21977c22
10:24:42.511 [main] DEBUG org.hibernate.resource.jdbc.internal.LogicalConnectionManagedImpl - Initiating JDBC connection release from afterTransaction
10:24:42.511 [main] DEBUG org.hibernate.resource.jdbc.internal.LogicalConnectionManagedImpl - Initiating JDBC connection release from afterTransaction
10:24:42.511 [main] DEBUG org.hibernate.engine.transaction.internal.TransactionImpl - On TransactionImpl creation, JpaCompliance#isJpaTransactionComplianceEnabled == false
10:24:42.511 [main] DEBUG org.hibernate.engine.transaction.internal.TransactionImpl - begin
10:24:42.511 [main] DEBUG org.hibernate.orm.sql.ast.create - Created new SQL alias : s1_0
10:24:42.511 [main] DEBUG org.hibernate.orm.sql.ast.create - Registration of TableGroup [StandardTableGroup(org.frcpm.models.Subteam)] with identifierForTableGroup [org.frcpm.models.Subteam] for NavigablePath [org.frcpm.models.Subteam] 
10:24:42.511 [main] DEBUG org.hibernate.orm.sql.ast.create - Created new SQL alias : m1_0
10:24:42.511 [main] DEBUG org.hibernate.orm.sql.ast.create - Registration of TableGroup [org.hibernate.sql.ast.tree.from.OneToManyTableGroup@7daa0fe1] with identifierForTableGroup [org.frcpm.models.Subteam.members] for NavigablePath [org.frcpm.models.Subteam.members] 
10:24:42.512 [main] DEBUG org.hibernate.orm.sql.ast.create - Registration of TableGroup [StandardTableGroup(org.frcpm.models.Subteam.members.{element})] with identifierForTableGroup [org.frcpm.models.Subteam.members.{element}] for NavigablePath [org.frcpm.models.Subteam.members.{element}] 
10:24:42.512 [main] DEBUG org.hibernate.orm.results.graph.AST - DomainResult Graph:
 \-EntityResultImpl [org.frcpm.models.Subteam]
 |  +-BasicFetch [org.frcpm.models.Subteam.colorCode]
 |  +-EagerCollectionFetch [org.frcpm.models.Subteam.members]
 |  |  \-EntityFetchJoinedImpl [org.frcpm.models.Subteam.members.{element}]
 |  +-BasicFetch [org.frcpm.models.Subteam.name]
 |  +-BasicFetch [org.frcpm.models.Subteam.specialties]
 |  \-DelayedCollectionFetch [org.frcpm.models.Subteam.subsystems]

10:24:42.512 [main] DEBUG org.hibernate.orm.sql.ast.tree - SQL AST Tree:
    SelectStatement {
      FromClause {
        StandardTableGroup (s1 : org.frcpm.models.Subteam) {
          primaryTableReference : subteams as s1_0
          TableGroupJoins {
            left  join OneToManyTableGroup (m1 : org.frcpm.models.Subteam.members) {
              primaryTableReference : team_members as m1_0
            }
          }
        }
      }
    }

10:24:42.512 [main] DEBUG org.hibernate.orm.sql.exec - Skipping reading Query result cache data: cache-enabled = false, cache-mode = IGNORE
10:24:42.513 [main] DEBUG org.hibernate.orm.results - Initializer list:
	  org.frcpm.models.Subteam.members.{element}.assignedTasks -> DelayedCollectionInitializer(org.frcpm.models.Subteam.members.{element}.assignedTasks)@1431427569 (PluralAttribute(org.frcpm.models.TeamMember.assignedTasks))
	  org.frcpm.models.Subteam.members.{element} -> EntityJoinedFetchInitializer(org.frcpm.models.Subteam.members.{element})@84187381 (EntityCollectionPart(org.frcpm.models.Subteam.members#{element})@679234227)
	  org.frcpm.models.Subteam.members -> BagInitializer(org.frcpm.models.Subteam.members)@684193691 (PluralAttribute(org.frcpm.models.Subteam.members))
	  org.frcpm.models.Subteam.members.{element}.attendances -> SelectEagerCollectionInitializer(org.frcpm.models.Subteam.members.{element}.attendances)@1937915171 (PluralAttribute(org.frcpm.models.TeamMember.attendances))
	  org.frcpm.models.Subteam.subsystems -> DelayedCollectionInitializer(org.frcpm.models.Subteam.subsystems)@1382076566 (PluralAttribute(org.frcpm.models.Subteam.subsystems))
	  org.frcpm.models.Subteam -> EntityResultInitializer(org.frcpm.models.Subteam)@402862523 (SingleTableEntityPersister(org.frcpm.models.Subteam))

10:24:42.513 [main] DEBUG org.hibernate.SQL - select s1_0.id,s1_0.color_code,s1_0.name,s1_0.specialties,m1_0.subteam_id,m1_0.id,m1_0.email,m1_0.first_name,m1_0.last_name,m1_0.is_leader,m1_0.phone,m1_0.skills,m1_0.username from subteams s1_0 left join team_members m1_0 on s1_0.id=m1_0.subteam_id where s1_0.id=?
10:24:42.513 [main] DEBUG org.hibernate.orm.results.loading.entity - (EntityResultInitializer) Hydrated EntityKey (org.frcpm.models.Subteam): 98
10:24:42.513 [main] DEBUG org.hibernate.orm.results.loading.org.hibernate.orm.results.loading.collection - (BagInitializer) Current row collection key : org.frcpm.models.Subteam.members#98
10:24:42.513 [main] DEBUG org.hibernate.orm.results - Extracted JDBC value [4] - [98]
10:24:42.513 [main] DEBUG org.hibernate.orm.results - Extracted JDBC value [5] - [165]
10:24:42.513 [main] DEBUG org.hibernate.orm.results.loading.entity - (EntityJoinedFetchInitializer) Hydrated EntityKey (org.frcpm.models.Subteam.members.{element}): 165
10:24:42.513 [main] DEBUG org.hibernate.orm.results.loading.org.hibernate.orm.results.loading.collection - (DelayedCollectionInitializer) Current row collection key : org.frcpm.models.Subteam.members.{element}.assignedTasks#165
10:24:42.514 [main] DEBUG org.hibernate.orm.results.loading.org.hibernate.orm.results.loading.collection - (SelectEagerCollectionInitializer) Current row collection key : org.frcpm.models.Subteam.members.{element}.attendances#165
10:24:42.514 [main] DEBUG org.hibernate.orm.results.loading.org.hibernate.orm.results.loading.collection - (DelayedCollectionInitializer) Current row collection key : org.frcpm.models.Subteam.subsystems#98
10:24:42.514 [main] DEBUG org.hibernate.orm.results.loading.entity - (EntityJoinedFetchInitializer) Created new entity instance [org.frcpm.models.Subteam.members.{element}#165] : 970367150
10:24:42.514 [main] DEBUG org.hibernate.orm.results.loading.entity - (EntityResultInitializer) Created new entity instance [org.frcpm.models.Subteam#98] : 953798854
10:24:42.514 [main] DEBUG org.hibernate.orm.results.loading.org.hibernate.orm.results.loading.collection - (BagInitializer) Created new collection wrapper [org.frcpm.models.Subteam.members#98] : org.hibernate.collection.spi.PersistentBag@483962577
10:24:42.514 [main] DEBUG org.hibernate.orm.results.loading.org.hibernate.orm.results.loading.collection - (BagInitializer) Responsible for loading collection [org.frcpm.models.Subteam.members#98] : org.hibernate.collection.spi.PersistentBag@483962577
10:24:42.514 [main] DEBUG org.hibernate.orm.results - Extracted JDBC value [6] - [test@example.com]
10:24:42.514 [main] DEBUG org.hibernate.orm.results - Extracted JDBC value [7] - [Test]
10:24:42.514 [main] DEBUG org.hibernate.orm.results - Extracted JDBC value [8] - [User]
10:24:42.514 [main] DEBUG org.hibernate.orm.results - Extracted JDBC value [9] - [false]
10:24:42.514 [main] DEBUG org.hibernate.orm.results - Extracted JDBC value [10] - [null]
10:24:42.514 [main] DEBUG org.hibernate.orm.results - Extracted JDBC value [11] - [Testing]
10:24:42.514 [main] DEBUG org.hibernate.orm.results - Extracted JDBC value [12] - [testuser_1745594658391]
10:24:42.514 [main] DEBUG org.hibernate.orm.results.loading.entity - (EntityJoinedFetchInitializer) Done materializing entityInstance : org.frcpm.models.Subteam.members.{element}#165
10:24:42.514 [main] DEBUG org.hibernate.orm.results.loading.org.hibernate.orm.results.loading.collection - (BagInitializer) Reading element from row for collection [org.frcpm.models.Subteam.members#98] -> org.hibernate.collection.spi.PersistentBag@483962577
10:24:42.514 [main] DEBUG org.hibernate.orm.results - Extracted JDBC value [1] - [#FF0000]
10:24:42.514 [main] DEBUG org.hibernate.orm.results - Extracted JDBC value [2] - [Test Subteam 1745594658388]
10:24:42.514 [main] DEBUG org.hibernate.orm.results - Extracted JDBC value [3] - [Testing, Automation]
10:24:42.514 [main] DEBUG org.hibernate.orm.results.loading.entity - (EntityResultInitializer) Done materializing entityInstance : org.frcpm.models.Subteam#98
10:24:42.514 [main] DEBUG org.hibernate.orm.results.loading - Calling top-level assembler (0 / 1) : org.hibernate.sql.results.graph.entity.internal.EntityAssembler@36e92d18
10:24:42.514 [main] DEBUG org.hibernate.sql.results.internal.ResultsHelper - Collection fully initialized: [org.frcpm.models.Subteam.members#98]
10:24:42.514 [main] DEBUG org.hibernate.orm.sql.exec - Skipping reading Query result cache data: cache-enabled = false, cache-mode = IGNORE
10:24:42.514 [main] DEBUG org.hibernate.orm.results - Initializer list:
	  org.frcpm.models.TeamMember.attendances.{element}.member -> EntityDelayedFetchInitializer(org.frcpm.models.TeamMember.attendances.{element}.member)@465442477 (ToOneAttributeMapping(NavigableRole[org.frcpm.models.Attendance.member])@1112116525)
	  org.frcpm.models.TeamMember.attendances.{element}.meeting -> EntityDelayedFetchInitializer(org.frcpm.models.TeamMember.attendances.{element}.meeting)@550081898 (ToOneAttributeMapping(NavigableRole[org.frcpm.models.Attendance.meeting])@1597504902)
	  org.frcpm.models.TeamMember.attendances -> SetInitializer(org.frcpm.models.TeamMember.attendances)@878150579 (PluralAttribute(org.frcpm.models.TeamMember.attendances))
	  org.frcpm.models.TeamMember.attendances.{element} -> EntityJoinedFetchInitializer(org.frcpm.models.TeamMember.attendances.{element})@989413617 (EntityCollectionPart(org.frcpm.models.TeamMember.attendances#{element})@1459089409)

10:24:42.514 [main] DEBUG org.hibernate.SQL - select a1_0.member_id,a1_0.id,a1_0.arrival_time,a1_0.departure_time,a1_0.meeting_id,a1_0.present from attendances a1_0 where a1_0.member_id=?
10:24:42.514 [main] DEBUG org.hibernate.sql.results.internal.ResultsHelper - Collection fully initialized: [org.frcpm.models.TeamMember.attendances#165]
10:24:42.515 [main] DEBUG org.hibernate.engine.transaction.internal.TransactionImpl - committing
10:24:42.515 [main] DEBUG org.hibernate.event.internal.AbstractFlushingEventListener - Processing flush-time cascades
10:24:42.515 [main] DEBUG org.hibernate.event.internal.AbstractFlushingEventListener - Dirty checking collections
10:24:42.515 [main] DEBUG org.hibernate.engine.internal.Collections - Collection dereferenced: [org.frcpm.models.TeamMember.assignedTasks#165]
10:24:42.515 [main] DEBUG org.hibernate.engine.internal.Collections - Collection dereferenced: [org.frcpm.models.TeamMember.attendances#165]
10:24:42.515 [main] DEBUG org.hibernate.engine.internal.Collections - Collection dereferenced: [org.frcpm.models.Subteam.members#98]
10:24:42.515 [main] DEBUG org.hibernate.engine.internal.Collections - Collection dereferenced: [org.frcpm.models.Subteam.subsystems#98]
10:24:42.515 [main] DEBUG org.hibernate.event.internal.AbstractFlushingEventListener - Flushed: 0 insertions, 0 updates, 2 deletions to 2 objects
10:24:42.515 [main] DEBUG org.hibernate.event.internal.AbstractFlushingEventListener - Flushed: 0 (re)creations, 0 updates, 4 removals to 4 collections
10:24:42.515 [main] DEBUG org.hibernate.internal.util.EntityPrinter - Listing entities:
10:24:42.515 [main] DEBUG org.hibernate.internal.util.EntityPrinter - org.frcpm.models.TeamMember{skills=Testing, firstName=Test, lastName=User, leader=false, subteam=org.frcpm.models.Subteam#98, phone=null, id=165, attendances=[], email=test@example.com, assignedTasks=<uninitialized>, username=testuser_1745594658391}
10:24:42.515 [main] DEBUG org.hibernate.internal.util.EntityPrinter - org.frcpm.models.Subteam{specialties=Testing, Automation, members=[org.frcpm.models.TeamMember#165], name=Test Subteam 1745594658388, colorCode=#FF0000, id=98, subsystems=<uninitialized>}
10:24:42.516 [main] DEBUG org.hibernate.SQL - delete from team_members where id=?
10:24:42.516 [main] DEBUG org.hibernate.orm.jdbc.batch - PreparedStatementDetails did not contain PreparedStatement on #releaseStatements : delete from team_members where id=?
10:24:42.517 [main] DEBUG org.hibernate.SQL - delete from subteams where id=?
10:24:42.517 [main] DEBUG org.hibernate.orm.jdbc.batch - PreparedStatementDetails did not contain PreparedStatement on #releaseStatements : delete from subteams where id=?
10:24:42.517 [main] DEBUG org.hibernate.orm.jdbc.batch - PreparedStatementDetails did not contain PreparedStatement on #releaseStatements : delete from subteams where id=?
10:24:42.517 [main] DEBUG org.hibernate.resource.jdbc.internal.LogicalConnectionManagedImpl - Initiating JDBC connection release from afterTransaction
10:24:42.517 [main] DEBUG org.hibernate.orm.jdbc.batch - PreparedStatementDetails did not contain PreparedStatement on #releaseStatements : delete from subteams where id=?
10:24:42.517 [main] DEBUG org.hibernate.orm.jdbc.batch - PreparedStatementDetails did not contain PreparedStatement on #releaseStatements : delete from subteams where id=?
10:24:42.517 [main] DEBUG org.hibernate.resource.jdbc.internal.LogicalConnectionManagedImpl - Initiating JDBC connection release from afterTransaction
10:24:42.517 [main] DEBUG org.hibernate.engine.jdbc.internal.JdbcCoordinatorImpl - HHH000420: Closing un-released batch
10:24:42.517 [main] DEBUG org.hibernate.orm.jdbc.batch - PreparedStatementDetails did not contain PreparedStatement on #releaseStatements : delete from subteams where id=?
10:24:42.517 [main] DEBUG org.hibernate.orm.jdbc.batch - PreparedStatementDetails did not contain PreparedStatement on #releaseStatements : delete from subteams where id=?
10:24:42.517 [main] DEBUG org.hibernate.engine.transaction.internal.TransactionImpl - On TransactionImpl creation, JpaCompliance#isJpaTransactionComplianceEnabled == false
10:24:42.517 [main] DEBUG org.hibernate.engine.transaction.internal.TransactionImpl - begin
10:24:42.518 [main] DEBUG org.hibernate.orm.sql.exec - Skipping reading Query result cache data: cache-enabled = false, cache-mode = IGNORE
10:24:42.518 [main] DEBUG org.hibernate.orm.results - Initializer list:
	  org.frcpm.models.Subteam.members.{element}.assignedTasks -> DelayedCollectionInitializer(org.frcpm.models.Subteam.members.{element}.assignedTasks)@1994882063 (PluralAttribute(org.frcpm.models.TeamMember.assignedTasks))
	  org.frcpm.models.Subteam.members.{element} -> EntityJoinedFetchInitializer(org.frcpm.models.Subteam.members.{element})@1031647413 (EntityCollectionPart(org.frcpm.models.Subteam.members#{element})@679234227)
	  org.frcpm.models.Subteam.members -> BagInitializer(org.frcpm.models.Subteam.members)@2003240293 (PluralAttribute(org.frcpm.models.Subteam.members))
	  org.frcpm.models.Subteam.members.{element}.attendances -> SelectEagerCollectionInitializer(org.frcpm.models.Subteam.members.{element}.attendances)@542103553 (PluralAttribute(org.frcpm.models.TeamMember.attendances))
	  org.frcpm.models.Subteam.subsystems -> DelayedCollectionInitializer(org.frcpm.models.Subteam.subsystems)@1837485827 (PluralAttribute(org.frcpm.models.Subteam.subsystems))
	  org.frcpm.models.Subteam -> EntityResultInitializer(org.frcpm.models.Subteam)@1034756638 (SingleTableEntityPersister(org.frcpm.models.Subteam))

10:24:42.518 [main] DEBUG org.hibernate.SQL - select s1_0.id,s1_0.color_code,s1_0.name,s1_0.specialties,m1_0.subteam_id,m1_0.id,m1_0.email,m1_0.first_name,m1_0.last_name,m1_0.is_leader,m1_0.phone,m1_0.skills,m1_0.username from subteams s1_0 left join team_members m1_0 on s1_0.id=m1_0.subteam_id where s1_0.id=?
10:24:42.519 [main] DEBUG org.hibernate.orm.results.loading.entity - (EntityResultInitializer) Hydrated EntityKey (org.frcpm.models.Subteam): 109
10:24:42.519 [main] DEBUG org.hibernate.orm.results.loading.org.hibernate.orm.results.loading.collection - (BagInitializer) Current row collection key : org.frcpm.models.Subteam.members#109
10:24:42.519 [main] DEBUG org.hibernate.orm.results - Extracted JDBC value [4] - [null]
10:24:42.519 [main] DEBUG org.hibernate.orm.results - Extracted JDBC value [5] - [null]
10:24:42.519 [main] DEBUG org.hibernate.orm.results.loading.entity - (EntityJoinedFetchInitializer) EntityKey (org.frcpm.models.Subteam.members.{element}) is null
10:24:42.519 [main] DEBUG org.hibernate.orm.results.loading.org.hibernate.orm.results.loading.collection - (DelayedCollectionInitializer) Current row collection key : org.frcpm.models.Subteam.subsystems#109
10:24:42.519 [main] DEBUG org.hibernate.orm.results.loading.entity - (EntityResultInitializer) Created new entity instance [org.frcpm.models.Subteam#109] : 1874934316
10:24:42.519 [main] DEBUG org.hibernate.orm.results.loading.org.hibernate.orm.results.loading.collection - (BagInitializer) Created new collection wrapper [org.frcpm.models.Subteam.members#109] : org.hibernate.collection.spi.PersistentBag@1000884248
10:24:42.519 [main] DEBUG org.hibernate.orm.results.loading.org.hibernate.orm.results.loading.collection - (BagInitializer) Responsible for loading collection [org.frcpm.models.Subteam.members#109] : org.hibernate.collection.spi.PersistentBag@1000884248
10:24:42.520 [main] DEBUG org.hibernate.orm.results - Extracted JDBC value [1] - [#FF0000]
10:24:42.520 [main] DEBUG org.hibernate.orm.results - Extracted JDBC value [2] - [Test Subteam 1]
10:24:42.520 [main] DEBUG org.hibernate.orm.results - Extracted JDBC value [3] - [Java, Programming, Controls]
10:24:42.520 [main] DEBUG org.hibernate.orm.results.loading.entity - (EntityResultInitializer) Done materializing entityInstance : org.frcpm.models.Subteam#109
10:24:42.520 [main] DEBUG org.hibernate.orm.results.loading - Calling top-level assembler (0 / 1) : org.hibernate.sql.results.graph.entity.internal.EntityAssembler@6f21646c
10:24:42.520 [main] DEBUG org.hibernate.sql.results.internal.ResultsHelper - Collection fully initialized: [org.frcpm.models.Subteam.members#109]
10:24:42.520 [main] DEBUG org.hibernate.engine.transaction.internal.TransactionImpl - committing
10:24:42.520 [main] DEBUG org.hibernate.event.internal.AbstractFlushingEventListener - Processing flush-time cascades
10:24:42.520 [main] DEBUG org.hibernate.event.internal.AbstractFlushingEventListener - Dirty checking collections
10:24:42.520 [main] DEBUG org.hibernate.engine.internal.Collections - Collection dereferenced: [org.frcpm.models.Subteam.members#109]
10:24:42.520 [main] DEBUG org.hibernate.engine.internal.Collections - Collection dereferenced: [org.frcpm.models.Subteam.subsystems#109]
10:24:42.521 [main] DEBUG org.hibernate.event.internal.AbstractFlushingEventListener - Flushed: 0 insertions, 0 updates, 1 deletions to 1 objects
10:24:42.521 [main] DEBUG org.hibernate.event.internal.AbstractFlushingEventListener - Flushed: 0 (re)creations, 0 updates, 2 removals to 2 collections
10:24:42.521 [main] DEBUG org.hibernate.internal.util.EntityPrinter - Listing entities:
10:24:42.521 [main] DEBUG org.hibernate.internal.util.EntityPrinter - org.frcpm.models.Subteam{specialties=Java, Programming, Controls, members=[], name=Test Subteam 1, colorCode=#FF0000, id=109, subsystems=<uninitialized>}
10:24:42.521 [main] DEBUG org.hibernate.SQL - delete from subteams where id=?
10:24:42.522 [main] DEBUG org.hibernate.orm.jdbc.batch - PreparedStatementDetails did not contain PreparedStatement on #releaseStatements : delete from subteams where id=?
10:24:42.522 [main] DEBUG org.hibernate.orm.jdbc.batch - PreparedStatementDetails did not contain PreparedStatement on #releaseStatements : delete from subteams where id=?
10:24:42.522 [main] DEBUG org.hibernate.resource.jdbc.internal.LogicalConnectionManagedImpl - Initiating JDBC connection release from afterTransaction
10:24:42.522 [main] DEBUG org.hibernate.orm.jdbc.batch - PreparedStatementDetails did not contain PreparedStatement on #releaseStatements : delete from subteams where id=?
10:24:42.522 [main] DEBUG org.hibernate.orm.jdbc.batch - PreparedStatementDetails did not contain PreparedStatement on #releaseStatements : delete from subteams where id=?
10:24:42.522 [main] DEBUG org.hibernate.resource.jdbc.internal.LogicalConnectionManagedImpl - Initiating JDBC connection release from afterTransaction
10:24:42.522 [main] DEBUG org.hibernate.engine.jdbc.internal.JdbcCoordinatorImpl - HHH000420: Closing un-released batch
10:24:42.522 [main] DEBUG org.hibernate.orm.jdbc.batch - PreparedStatementDetails did not contain PreparedStatement on #releaseStatements : delete from subteams where id=?
10:24:42.522 [main] DEBUG org.hibernate.orm.jdbc.batch - PreparedStatementDetails did not contain PreparedStatement on #releaseStatements : delete from subteams where id=?
10:24:42.522 [main] DEBUG org.hibernate.engine.transaction.internal.TransactionImpl - On TransactionImpl creation, JpaCompliance#isJpaTransactionComplianceEnabled == false
10:24:42.522 [main] DEBUG org.hibernate.engine.transaction.internal.TransactionImpl - begin
10:24:42.522 [main] DEBUG org.hibernate.orm.sql.exec - Skipping reading Query result cache data: cache-enabled = false, cache-mode = IGNORE
10:24:42.522 [main] DEBUG org.hibernate.orm.results - Initializer list:
	  org.frcpm.models.Subteam.members.{element}.assignedTasks -> DelayedCollectionInitializer(org.frcpm.models.Subteam.members.{element}.assignedTasks)@1883656788 (PluralAttribute(org.frcpm.models.TeamMember.assignedTasks))
	  org.frcpm.models.Subteam.members.{element} -> EntityJoinedFetchInitializer(org.frcpm.models.Subteam.members.{element})@1191616772 (EntityCollectionPart(org.frcpm.models.Subteam.members#{element})@679234227)
	  org.frcpm.models.Subteam.members -> BagInitializer(org.frcpm.models.Subteam.members)@593543052 (PluralAttribute(org.frcpm.models.Subteam.members))
	  org.frcpm.models.Subteam.members.{element}.attendances -> SelectEagerCollectionInitializer(org.frcpm.models.Subteam.members.{element}.attendances)@328773837 (PluralAttribute(org.frcpm.models.TeamMember.attendances))
	  org.frcpm.models.Subteam.subsystems -> DelayedCollectionInitializer(org.frcpm.models.Subteam.subsystems)@1368294424 (PluralAttribute(org.frcpm.models.Subteam.subsystems))
	  org.frcpm.models.Subteam -> EntityResultInitializer(org.frcpm.models.Subteam)@594674092 (SingleTableEntityPersister(org.frcpm.models.Subteam))

10:24:42.522 [main] DEBUG org.hibernate.SQL - select s1_0.id,s1_0.color_code,s1_0.name,s1_0.specialties,m1_0.subteam_id,m1_0.id,m1_0.email,m1_0.first_name,m1_0.last_name,m1_0.is_leader,m1_0.phone,m1_0.skills,m1_0.username from subteams s1_0 left join team_members m1_0 on s1_0.id=m1_0.subteam_id where s1_0.id=?
10:24:42.523 [main] DEBUG org.hibernate.orm.results.loading.entity - (EntityResultInitializer) Hydrated EntityKey (org.frcpm.models.Subteam): 110
10:24:42.523 [main] DEBUG org.hibernate.orm.results.loading.org.hibernate.orm.results.loading.collection - (BagInitializer) Current row collection key : org.frcpm.models.Subteam.members#110
10:24:42.523 [main] DEBUG org.hibernate.orm.results - Extracted JDBC value [4] - [null]
10:24:42.523 [main] DEBUG org.hibernate.orm.results - Extracted JDBC value [5] - [null]
10:24:42.523 [main] DEBUG org.hibernate.orm.results.loading.entity - (EntityJoinedFetchInitializer) EntityKey (org.frcpm.models.Subteam.members.{element}) is null
10:24:42.523 [main] DEBUG org.hibernate.orm.results.loading.org.hibernate.orm.results.loading.collection - (DelayedCollectionInitializer) Current row collection key : org.frcpm.models.Subteam.subsystems#110
10:24:42.523 [main] DEBUG org.hibernate.orm.results.loading.entity - (EntityResultInitializer) Created new entity instance [org.frcpm.models.Subteam#110] : 1988849681
10:24:42.523 [main] DEBUG org.hibernate.orm.results.loading.org.hibernate.orm.results.loading.collection - (BagInitializer) Created new collection wrapper [org.frcpm.models.Subteam.members#110] : org.hibernate.collection.spi.PersistentBag@1170694157
10:24:42.523 [main] DEBUG org.hibernate.orm.results.loading.org.hibernate.orm.results.loading.collection - (BagInitializer) Responsible for loading collection [org.frcpm.models.Subteam.members#110] : org.hibernate.collection.spi.PersistentBag@1170694157
10:24:42.523 [main] DEBUG org.hibernate.orm.results - Extracted JDBC value [1] - [#00FF00]
10:24:42.523 [main] DEBUG org.hibernate.orm.results - Extracted JDBC value [2] - [Test Subteam 2]
10:24:42.523 [main] DEBUG org.hibernate.orm.results - Extracted JDBC value [3] - [CAD, Design, Fabrication]
10:24:42.523 [main] DEBUG org.hibernate.orm.results.loading.entity - (EntityResultInitializer) Done materializing entityInstance : org.frcpm.models.Subteam#110
10:24:42.523 [main] DEBUG org.hibernate.orm.results.loading - Calling top-level assembler (0 / 1) : org.hibernate.sql.results.graph.entity.internal.EntityAssembler@55aa3360
10:24:42.523 [main] DEBUG org.hibernate.sql.results.internal.ResultsHelper - Collection fully initialized: [org.frcpm.models.Subteam.members#110]
10:24:42.523 [main] DEBUG org.hibernate.engine.transaction.internal.TransactionImpl - committing
10:24:42.523 [main] DEBUG org.hibernate.event.internal.AbstractFlushingEventListener - Processing flush-time cascades
10:24:42.523 [main] DEBUG org.hibernate.event.internal.AbstractFlushingEventListener - Dirty checking collections
10:24:42.523 [main] DEBUG org.hibernate.engine.internal.Collections - Collection dereferenced: [org.frcpm.models.Subteam.members#110]
10:24:42.523 [main] DEBUG org.hibernate.engine.internal.Collections - Collection dereferenced: [org.frcpm.models.Subteam.subsystems#110]
10:24:42.523 [main] DEBUG org.hibernate.event.internal.AbstractFlushingEventListener - Flushed: 0 insertions, 0 updates, 1 deletions to 1 objects
10:24:42.523 [main] DEBUG org.hibernate.event.internal.AbstractFlushingEventListener - Flushed: 0 (re)creations, 0 updates, 2 removals to 2 collections
10:24:42.523 [main] DEBUG org.hibernate.internal.util.EntityPrinter - Listing entities:
10:24:42.523 [main] DEBUG org.hibernate.internal.util.EntityPrinter - org.frcpm.models.Subteam{specialties=CAD, Design, Fabrication, members=[], name=Test Subteam 2, colorCode=#00FF00, id=110, subsystems=<uninitialized>}
10:24:42.524 [main] DEBUG org.hibernate.SQL - delete from subteams where id=?
10:24:42.524 [main] DEBUG org.hibernate.orm.jdbc.batch - PreparedStatementDetails did not contain PreparedStatement on #releaseStatements : delete from subteams where id=?
10:24:42.524 [main] DEBUG org.hibernate.orm.jdbc.batch - PreparedStatementDetails did not contain PreparedStatement on #releaseStatements : delete from subteams where id=?
10:24:42.524 [main] DEBUG org.hibernate.resource.jdbc.internal.LogicalConnectionManagedImpl - Initiating JDBC connection release from afterTransaction
10:24:42.524 [main] DEBUG org.hibernate.orm.jdbc.batch - PreparedStatementDetails did not contain PreparedStatement on #releaseStatements : delete from subteams where id=?
10:24:42.524 [main] DEBUG org.hibernate.orm.jdbc.batch - PreparedStatementDetails did not contain PreparedStatement on #releaseStatements : delete from subteams where id=?
10:24:42.524 [main] DEBUG org.hibernate.resource.jdbc.internal.LogicalConnectionManagedImpl - Initiating JDBC connection release from afterTransaction
10:24:42.524 [main] DEBUG org.hibernate.engine.jdbc.internal.JdbcCoordinatorImpl - HHH000420: Closing un-released batch
10:24:42.524 [main] DEBUG org.hibernate.orm.jdbc.batch - PreparedStatementDetails did not contain PreparedStatement on #releaseStatements : delete from subteams where id=?
10:24:42.524 [main] DEBUG org.hibernate.orm.jdbc.batch - PreparedStatementDetails did not contain PreparedStatement on #releaseStatements : delete from subteams where id=?
10:24:42.524 [main] DEBUG org.hibernate.internal.SessionFactoryImpl - HHH000031: Closing
10:24:42.524 [main] DEBUG org.hibernate.type.spi.TypeConfiguration$Scope - Un-scoping TypeConfiguration [org.hibernate.type.spi.TypeConfiguration$Scope@6350a28] from SessionFactory [org.hibernate.internal.SessionFactoryImpl@1410522c]
10:24:42.524 [main] DEBUG org.hibernate.service.internal.AbstractServiceRegistryImpl - Implicitly destroying ServiceRegistry on de-registration of all child ServiceRegistries
10:24:42.524 [main] INFO com.zaxxer.hikari.HikariDataSource - FRC-PM-HikariCP - Shutdown initiated...
10:24:42.524 [main] DEBUG com.zaxxer.hikari.pool.HikariPool - FRC-PM-HikariCP - Before shutdown stats (total=2, active=0, idle=2, waiting=0)
10:24:42.525 [FRC-PM-HikariCP connection closer] DEBUG com.zaxxer.hikari.pool.PoolBase - FRC-PM-HikariCP - Closing connection conn115: url=jdbc:h2:file:C:\Users\dhiebert\.frcpm\frcpm user=SA: (connection evicted)
10:24:42.525 [FRC-PM-HikariCP connection closer] DEBUG com.zaxxer.hikari.pool.PoolBase - FRC-PM-HikariCP - Closing connection conn116: url=jdbc:h2:file:C:\Users\dhiebert\.frcpm\frcpm user=SA: (connection evicted)
10:24:42.552 [FRC-PM-HikariCP connection adder] DEBUG com.zaxxer.hikari.pool.HikariPool - FRC-PM-HikariCP - After adding stats (total=0, active=0, idle=0, waiting=0)
10:24:42.552 [FRC-PM-HikariCP connection adder] DEBUG com.zaxxer.hikari.pool.HikariPool - FRC-PM-HikariCP - Connection not added, stats (total=0, active=0, idle=0, waiting=0)
10:24:42.733 [main] DEBUG com.zaxxer.hikari.pool.HikariPool - FRC-PM-HikariCP - After shutdown stats (total=0, active=0, idle=0, waiting=0)
10:24:42.733 [main] INFO com.zaxxer.hikari.HikariDataSource - FRC-PM-HikariCP - Shutdown completed.
10:24:42.733 [main] DEBUG org.hibernate.boot.registry.internal.BootstrapServiceRegistryImpl - Implicitly destroying Boot-strap registry on de-registration of all child ServiceRegistries
]]></system-out>
    <system-err><![CDATA[Apr 25, 2025 10:24:42 AM org.frcpm.config.DatabaseConfig initialize
INFO: Initializing database configuration...
Apr 25, 2025 10:24:42 AM org.frcpm.config.DatabaseConfig initialize
INFO: Using FILE-BASED database at: file:C:\Users\dhiebert\.frcpm\frcpm
Apr 25, 2025 10:24:42 AM org.frcpm.config.DatabaseConfig initialize
INFO: Using JDBC URL: jdbc:h2:file:C:\Users\dhiebert\.frcpm\frcpm
Apr 25, 2025 10:24:42 AM org.frcpm.config.DatabaseConfig initialize
INFO: Using schema mode: update
Apr 25, 2025 10:24:42 AM org.frcpm.config.DatabaseConfig initialize
INFO: Database configuration initialized successfully in PRODUCTION mode
Apr 25, 2025 10:24:42 AM org.frcpm.config.DatabaseConfig shutdown
INFO: Database configuration shut down
]]></system-err>
  </testcase>
  <testcase name="testFindAll" classname="org.frcpm.repositories.SubteamRepositoryTest" time="0.42">
    <system-out><![CDATA[10:24:42.739 [main] DEBUG org.hibernate.jpa.HibernatePersistenceProvider - Located and parsed 1 persistence units; checking each
10:24:42.739 [main] DEBUG org.hibernate.jpa.HibernatePersistenceProvider - Checking persistence-unit [name=frcpm, explicit-provider=org.hibernate.jpa.HibernatePersistenceProvider] against incoming persistence unit name [frcpm]
10:24:42.739 [main] DEBUG org.hibernate.jpa.boot.spi.ProviderChecker - Persistence-unit [frcpm] requested PersistenceProvider [org.hibernate.jpa.HibernatePersistenceProvider]
10:24:42.739 [main] DEBUG org.hibernate.jpa.internal.util.LogHelper - PersistenceUnitInfo [
	name: frcpm
	persistence provider classname: org.hibernate.jpa.HibernatePersistenceProvider
	classloader: null
	excludeUnlistedClasses: false
	JTA datasource: null
	Non JTA datasource: null
	Transaction type: RESOURCE_LOCAL
	PU root URL: file:/C:/Users/dhiebert/Local%20Repositories/Project%20Management%202.0/target/classes
	Shared Cache Mode: null
	Validation Mode: null
	Jar files URLs []
	Managed classes names [
		org.frcpm.models.Project
		org.frcpm.models.Subteam
		org.frcpm.models.TeamMember
		org.frcpm.models.Subsystem
		org.frcpm.models.Task
		org.frcpm.models.Component
		org.frcpm.models.Meeting
		org.frcpm.models.Attendance
		org.frcpm.models.Milestone]
	Mapping files names []
	Properties [
		hibernate.connection.handling_mode: DELAYED_ACQUISITION_AND_RELEASE_AFTER_STATEMENT
		jakarta.persistence.jdbc.url: jdbc:h2:file:C:\Users\dhiebert\.frcpm\frcpm
		hibernate.jdbc.batch_versioned_data: null
		hibernate.cache.use_second_level_cache: null
		hibernate.show_sql: null
		jakarta.persistence.jdbc.driver: org.h2.Driver
		hibernate.jdbc.batch_size: 30
		jakarta.persistence.jdbc.user: sa
		hibernate.generate_statistics: null
		hibernate.hbm2ddl.auto: update
		hibernate.cache.use_query_cache: null
		hibernate.hikari.maximumPoolSize: 10
		hibernate.hikari.idleTimeout: 30000
		hibernate.format_sql: null
		hibernate.hikari.minimumIdle: 2
		hibernate.use_sql_comments: null
		hibernate.order_inserts: null
		hibernate.current_session_context_class: thread
		hibernate.connection.provider_class: org.hibernate.hikaricp.internal.HikariCPConnectionProvider
		hibernate.hikari.connectionTimeout: 10000
		hibernate.hikari.poolName: FRC-PM-HikariCP
		hibernate.order_updates: null
		hibernate.dialect: org.hibernate.dialect.H2Dialect
		jakarta.persistence.jdbc.password: ]
10:24:42.739 [main] DEBUG org.hibernate.integrator.internal.IntegratorServiceImpl - Adding Integrator [org.hibernate.boot.beanvalidation.BeanValidationIntegrator].
10:24:42.739 [main] DEBUG org.hibernate.integrator.internal.IntegratorServiceImpl - Adding Integrator [org.hibernate.cache.internal.CollectionCacheInvalidator].
10:24:42.744 [main] DEBUG org.hibernate.orm.idgen.factory - Ignoring CDI for resolving IdentifierGenerator instances as extended or delayed CDI support was enabled
10:24:42.744 [main] DEBUG org.hibernate.orm.idgen.factory - Registering IdentifierGenerator strategy [uuid2] -> [org.hibernate.id.UUIDGenerator]
10:24:42.744 [main] DEBUG org.hibernate.orm.idgen.factory - Registering IdentifierGenerator strategy [guid] -> [org.hibernate.id.GUIDGenerator]
10:24:42.744 [main] DEBUG org.hibernate.orm.idgen.factory - Registering IdentifierGenerator strategy [uuid] -> [org.hibernate.id.UUIDHexGenerator]
10:24:42.744 [main] DEBUG org.hibernate.orm.idgen.factory - Registering IdentifierGenerator strategy [uuid.hex] -> [org.hibernate.id.UUIDHexGenerator]
10:24:42.744 [main] DEBUG org.hibernate.orm.idgen.factory - Registering IdentifierGenerator strategy [assigned] -> [org.hibernate.id.Assigned]
10:24:42.744 [main] DEBUG org.hibernate.orm.idgen.factory - Registering IdentifierGenerator strategy [identity] -> [org.hibernate.id.IdentityGenerator]
10:24:42.744 [main] DEBUG org.hibernate.orm.idgen.factory - Registering IdentifierGenerator strategy [select] -> [org.hibernate.id.SelectGenerator]
10:24:42.744 [main] DEBUG org.hibernate.orm.idgen.factory - Registering IdentifierGenerator strategy [sequence] -> [org.hibernate.id.enhanced.SequenceStyleGenerator]
10:24:42.744 [main] DEBUG org.hibernate.orm.idgen.factory - Registering IdentifierGenerator strategy [increment] -> [org.hibernate.id.IncrementGenerator]
10:24:42.744 [main] DEBUG org.hibernate.orm.idgen.factory - Registering IdentifierGenerator strategy [foreign] -> [org.hibernate.id.ForeignGenerator]
10:24:42.744 [main] DEBUG org.hibernate.orm.idgen.factory - Registering IdentifierGenerator strategy [enhanced-sequence] -> [org.hibernate.id.enhanced.SequenceStyleGenerator]
10:24:42.744 [main] DEBUG org.hibernate.orm.idgen.factory - Registering IdentifierGenerator strategy [enhanced-table] -> [org.hibernate.id.enhanced.TableGenerator]
10:24:42.744 [main] INFO org.hibernate.cache.internal.RegionFactoryInitiator - HHH000026: Second-level cache disabled
10:24:42.744 [main] DEBUG org.hibernate.type.BasicTypeRegistry - Adding type registration boolean -> org.hibernate.type.BasicTypeReference@2f4919b0
10:24:42.744 [main] DEBUG org.hibernate.type.BasicTypeRegistry - Adding type registration boolean -> org.hibernate.type.BasicTypeReference@2f4919b0
10:24:42.744 [main] DEBUG org.hibernate.type.BasicTypeRegistry - Adding type registration java.lang.Boolean -> org.hibernate.type.BasicTypeReference@2f4919b0
10:24:42.744 [main] DEBUG org.hibernate.type.BasicTypeRegistry - Adding type registration numeric_boolean -> org.hibernate.type.BasicTypeReference@a8a8b75
10:24:42.744 [main] DEBUG org.hibernate.type.BasicTypeRegistry - Adding type registration org.hibernate.type.NumericBooleanConverter -> org.hibernate.type.BasicTypeReference@a8a8b75
10:24:42.744 [main] DEBUG org.hibernate.type.BasicTypeRegistry - Adding type registration true_false -> org.hibernate.type.BasicTypeReference@75b21c3b
10:24:42.744 [main] DEBUG org.hibernate.type.BasicTypeRegistry - Adding type registration org.hibernate.type.TrueFalseConverter -> org.hibernate.type.BasicTypeReference@75b21c3b
10:24:42.744 [main] DEBUG org.hibernate.type.BasicTypeRegistry - Adding type registration yes_no -> org.hibernate.type.BasicTypeReference@72be135f
10:24:42.744 [main] DEBUG org.hibernate.type.BasicTypeRegistry - Adding type registration org.hibernate.type.YesNoConverter -> org.hibernate.type.BasicTypeReference@72be135f
10:24:42.744 [main] DEBUG org.hibernate.type.BasicTypeRegistry - Adding type registration byte -> org.hibernate.type.BasicTypeReference@155d1021
10:24:42.744 [main] DEBUG org.hibernate.type.BasicTypeRegistry - Adding type registration byte -> org.hibernate.type.BasicTypeReference@155d1021
10:24:42.744 [main] DEBUG org.hibernate.type.BasicTypeRegistry - Adding type registration java.lang.Byte -> org.hibernate.type.BasicTypeReference@155d1021
10:24:42.744 [main] DEBUG org.hibernate.type.BasicTypeRegistry - Adding type registration binary -> org.hibernate.type.BasicTypeReference@4bd2f0dc
10:24:42.744 [main] DEBUG org.hibernate.type.BasicTypeRegistry - Adding type registration byte[] -> org.hibernate.type.BasicTypeReference@4bd2f0dc
10:24:42.744 [main] DEBUG org.hibernate.type.BasicTypeRegistry - Adding type registration [B -> org.hibernate.type.BasicTypeReference@4bd2f0dc
10:24:42.744 [main] DEBUG org.hibernate.type.BasicTypeRegistry - Adding type registration binary_wrapper -> org.hibernate.type.BasicTypeReference@2e647e59
10:24:42.744 [main] DEBUG org.hibernate.type.BasicTypeRegistry - Adding type registration wrapper-binary -> org.hibernate.type.BasicTypeReference@2e647e59
10:24:42.744 [main] DEBUG org.hibernate.type.BasicTypeRegistry - Adding type registration image -> org.hibernate.type.BasicTypeReference@2c42b421
10:24:42.744 [main] DEBUG org.hibernate.type.BasicTypeRegistry - Adding type registration blob -> org.hibernate.type.BasicTypeReference@51e37590
10:24:42.744 [main] DEBUG org.hibernate.type.BasicTypeRegistry - Adding type registration java.sql.Blob -> org.hibernate.type.BasicTypeReference@51e37590
10:24:42.744 [main] DEBUG org.hibernate.type.BasicTypeRegistry - Adding type registration materialized_blob -> org.hibernate.type.BasicTypeReference@deb3b60
10:24:42.744 [main] DEBUG org.hibernate.type.BasicTypeRegistry - Adding type registration materialized_blob_wrapper -> org.hibernate.type.BasicTypeReference@701a32
10:24:42.744 [main] DEBUG org.hibernate.type.BasicTypeRegistry - Adding type registration short -> org.hibernate.type.BasicTypeReference@39aa45a1
10:24:42.744 [main] DEBUG org.hibernate.type.BasicTypeRegistry - Adding type registration short -> org.hibernate.type.BasicTypeReference@39aa45a1
10:24:42.744 [main] DEBUG org.hibernate.type.BasicTypeRegistry - Adding type registration java.lang.Short -> org.hibernate.type.BasicTypeReference@39aa45a1
10:24:42.744 [main] DEBUG org.hibernate.type.BasicTypeRegistry - Adding type registration integer -> org.hibernate.type.BasicTypeReference@73aff8f1
10:24:42.744 [main] DEBUG org.hibernate.type.BasicTypeRegistry - Adding type registration int -> org.hibernate.type.BasicTypeReference@73aff8f1
10:24:42.744 [main] DEBUG org.hibernate.type.BasicTypeRegistry - Adding type registration java.lang.Integer -> org.hibernate.type.BasicTypeReference@73aff8f1
10:24:42.744 [main] DEBUG org.hibernate.type.BasicTypeRegistry - Adding type registration long -> org.hibernate.type.BasicTypeReference@27cbfddf
10:24:42.744 [main] DEBUG org.hibernate.type.BasicTypeRegistry - Adding type registration long -> org.hibernate.type.BasicTypeReference@27cbfddf
10:24:42.744 [main] DEBUG org.hibernate.type.BasicTypeRegistry - Adding type registration java.lang.Long -> org.hibernate.type.BasicTypeReference@27cbfddf
10:24:42.744 [main] DEBUG org.hibernate.type.BasicTypeRegistry - Adding type registration float -> org.hibernate.type.BasicTypeReference@27ead29e
10:24:42.744 [main] DEBUG org.hibernate.type.BasicTypeRegistry - Adding type registration float -> org.hibernate.type.BasicTypeReference@27ead29e
10:24:42.744 [main] DEBUG org.hibernate.type.BasicTypeRegistry - Adding type registration java.lang.Float -> org.hibernate.type.BasicTypeReference@27ead29e
10:24:42.744 [main] DEBUG org.hibernate.type.BasicTypeRegistry - Adding type registration double -> org.hibernate.type.BasicTypeReference@4c060c8f
10:24:42.744 [main] DEBUG org.hibernate.type.BasicTypeRegistry - Adding type registration double -> org.hibernate.type.BasicTypeReference@4c060c8f
10:24:42.744 [main] DEBUG org.hibernate.type.BasicTypeRegistry - Adding type registration java.lang.Double -> org.hibernate.type.BasicTypeReference@4c060c8f
10:24:42.744 [main] DEBUG org.hibernate.type.BasicTypeRegistry - Adding type registration big_integer -> org.hibernate.type.BasicTypeReference@40620d8e
10:24:42.744 [main] DEBUG org.hibernate.type.BasicTypeRegistry - Adding type registration java.math.BigInteger -> org.hibernate.type.BasicTypeReference@40620d8e
10:24:42.744 [main] DEBUG org.hibernate.type.BasicTypeRegistry - Adding type registration big_decimal -> org.hibernate.type.BasicTypeReference@383f3558
10:24:42.744 [main] DEBUG org.hibernate.type.BasicTypeRegistry - Adding type registration java.math.BigDecimal -> org.hibernate.type.BasicTypeReference@383f3558
10:24:42.744 [main] DEBUG org.hibernate.type.BasicTypeRegistry - Adding type registration character -> org.hibernate.type.BasicTypeReference@49b07ee3
10:24:42.744 [main] DEBUG org.hibernate.type.BasicTypeRegistry - Adding type registration char -> org.hibernate.type.BasicTypeReference@49b07ee3
10:24:42.744 [main] DEBUG org.hibernate.type.BasicTypeRegistry - Adding type registration java.lang.Character -> org.hibernate.type.BasicTypeReference@49b07ee3
10:24:42.744 [main] DEBUG org.hibernate.type.BasicTypeRegistry - Adding type registration character_nchar -> org.hibernate.type.BasicTypeReference@352e612e
10:24:42.744 [main] DEBUG org.hibernate.type.BasicTypeRegistry - Adding type registration string -> org.hibernate.type.BasicTypeReference@65f00478
10:24:42.744 [main] DEBUG org.hibernate.type.BasicTypeRegistry - Adding type registration java.lang.String -> org.hibernate.type.BasicTypeReference@65f00478
10:24:42.744 [main] DEBUG org.hibernate.type.BasicTypeRegistry - Adding type registration nstring -> org.hibernate.type.BasicTypeReference@2424686b
10:24:42.744 [main] DEBUG org.hibernate.type.BasicTypeRegistry - Adding type registration characters -> org.hibernate.type.BasicTypeReference@6ea94d6a
10:24:42.744 [main] DEBUG org.hibernate.type.BasicTypeRegistry - Adding type registration char[] -> org.hibernate.type.BasicTypeReference@6ea94d6a
10:24:42.744 [main] DEBUG org.hibernate.type.BasicTypeRegistry - Adding type registration [C -> org.hibernate.type.BasicTypeReference@6ea94d6a
10:24:42.744 [main] DEBUG org.hibernate.type.BasicTypeRegistry - Adding type registration wrapper-characters -> org.hibernate.type.BasicTypeReference@28486680
10:24:42.744 [main] DEBUG org.hibernate.type.BasicTypeRegistry - Adding type registration text -> org.hibernate.type.BasicTypeReference@4d7e7435
10:24:42.744 [main] DEBUG org.hibernate.type.BasicTypeRegistry - Adding type registration ntext -> org.hibernate.type.BasicTypeReference@4a1e3ac1
10:24:42.744 [main] DEBUG org.hibernate.type.BasicTypeRegistry - Adding type registration clob -> org.hibernate.type.BasicTypeReference@6e78fcf5
10:24:42.744 [main] DEBUG org.hibernate.type.BasicTypeRegistry - Adding type registration java.sql.Clob -> org.hibernate.type.BasicTypeReference@6e78fcf5
10:24:42.744 [main] DEBUG org.hibernate.type.BasicTypeRegistry - Adding type registration nclob -> org.hibernate.type.BasicTypeReference@56febdc
10:24:42.744 [main] DEBUG org.hibernate.type.BasicTypeRegistry - Adding type registration java.sql.NClob -> org.hibernate.type.BasicTypeReference@56febdc
10:24:42.744 [main] DEBUG org.hibernate.type.BasicTypeRegistry - Adding type registration materialized_clob -> org.hibernate.type.BasicTypeReference@3b8ee898
10:24:42.744 [main] DEBUG org.hibernate.type.BasicTypeRegistry - Adding type registration materialized_clob_char_array -> org.hibernate.type.BasicTypeReference@7d151a
10:24:42.744 [main] DEBUG org.hibernate.type.BasicTypeRegistry - Adding type registration materialized_clob_character_array -> org.hibernate.type.BasicTypeReference@294bdeb4
10:24:42.744 [main] DEBUG org.hibernate.type.BasicTypeRegistry - Adding type registration materialized_nclob -> org.hibernate.type.BasicTypeReference@5300f14a
10:24:42.744 [main] DEBUG org.hibernate.type.BasicTypeRegistry - Adding type registration materialized_nclob_character_array -> org.hibernate.type.BasicTypeReference@1f86099a
10:24:42.744 [main] DEBUG org.hibernate.type.BasicTypeRegistry - Adding type registration materialized_nclob_char_array -> org.hibernate.type.BasicTypeReference@77bb0ab5
10:24:42.744 [main] DEBUG org.hibernate.type.BasicTypeRegistry - Adding type registration Duration -> org.hibernate.type.BasicTypeReference@f2c488
10:24:42.744 [main] DEBUG org.hibernate.type.BasicTypeRegistry - Adding type registration java.time.Duration -> org.hibernate.type.BasicTypeReference@f2c488
10:24:42.744 [main] DEBUG org.hibernate.type.BasicTypeRegistry - Adding type registration LocalDateTime -> org.hibernate.type.BasicTypeReference@54acff7d
10:24:42.744 [main] DEBUG org.hibernate.type.BasicTypeRegistry - Adding type registration java.time.LocalDateTime -> org.hibernate.type.BasicTypeReference@54acff7d
10:24:42.744 [main] DEBUG org.hibernate.type.BasicTypeRegistry - Adding type registration LocalDate -> org.hibernate.type.BasicTypeReference@7bc9e6ab
10:24:42.744 [main] DEBUG org.hibernate.type.BasicTypeRegistry - Adding type registration java.time.LocalDate -> org.hibernate.type.BasicTypeReference@7bc9e6ab
10:24:42.744 [main] DEBUG org.hibernate.type.BasicTypeRegistry - Adding type registration LocalTime -> org.hibernate.type.BasicTypeReference@5488b5c5
10:24:42.744 [main] DEBUG org.hibernate.type.BasicTypeRegistry - Adding type registration java.time.LocalTime -> org.hibernate.type.BasicTypeReference@5488b5c5
10:24:42.745 [main] DEBUG org.hibernate.type.BasicTypeRegistry - Adding type registration OffsetDateTime -> org.hibernate.type.BasicTypeReference@4248ed58
10:24:42.745 [main] DEBUG org.hibernate.type.BasicTypeRegistry - Adding type registration java.time.OffsetDateTime -> org.hibernate.type.BasicTypeReference@4248ed58
10:24:42.745 [main] DEBUG org.hibernate.type.BasicTypeRegistry - Adding type registration OffsetDateTimeWithTimezone -> org.hibernate.type.BasicTypeReference@712ca57b
10:24:42.745 [main] DEBUG org.hibernate.type.BasicTypeRegistry - Adding type registration OffsetDateTimeWithoutTimezone -> org.hibernate.type.BasicTypeReference@4564e94b
10:24:42.745 [main] DEBUG org.hibernate.type.BasicTypeRegistry - Adding type registration OffsetTime -> org.hibernate.type.BasicTypeReference@54534abf
10:24:42.745 [main] DEBUG org.hibernate.type.BasicTypeRegistry - Adding type registration java.time.OffsetTime -> org.hibernate.type.BasicTypeReference@54534abf
10:24:42.745 [main] DEBUG org.hibernate.type.BasicTypeRegistry - Adding type registration OffsetTimeUtc -> org.hibernate.type.BasicTypeReference@51745f40
10:24:42.745 [main] DEBUG org.hibernate.type.BasicTypeRegistry - Adding type registration OffsetTimeWithTimezone -> org.hibernate.type.BasicTypeReference@45673f68
10:24:42.745 [main] DEBUG org.hibernate.type.BasicTypeRegistry - Adding type registration OffsetTimeWithoutTimezone -> org.hibernate.type.BasicTypeReference@27abb83e
10:24:42.745 [main] DEBUG org.hibernate.type.BasicTypeRegistry - Adding type registration ZonedDateTime -> org.hibernate.type.BasicTypeReference@69e308c6
10:24:42.745 [main] DEBUG org.hibernate.type.BasicTypeRegistry - Adding type registration java.time.ZonedDateTime -> org.hibernate.type.BasicTypeReference@69e308c6
10:24:42.745 [main] DEBUG org.hibernate.type.BasicTypeRegistry - Adding type registration ZonedDateTimeWithTimezone -> org.hibernate.type.BasicTypeReference@1a1ed4e5
10:24:42.745 [main] DEBUG org.hibernate.type.BasicTypeRegistry - Adding type registration ZonedDateTimeWithoutTimezone -> org.hibernate.type.BasicTypeReference@667e34b1
10:24:42.745 [main] DEBUG org.hibernate.type.BasicTypeRegistry - Adding type registration date -> org.hibernate.type.BasicTypeReference@1c6e0a08
10:24:42.745 [main] DEBUG org.hibernate.type.BasicTypeRegistry - Adding type registration java.sql.Date -> org.hibernate.type.BasicTypeReference@1c6e0a08
10:24:42.745 [main] DEBUG org.hibernate.type.BasicTypeRegistry - Adding type registration time -> org.hibernate.type.BasicTypeReference@6dba847b
10:24:42.745 [main] DEBUG org.hibernate.type.BasicTypeRegistry - Adding type registration java.sql.Time -> org.hibernate.type.BasicTypeReference@6dba847b
10:24:42.745 [main] DEBUG org.hibernate.type.BasicTypeRegistry - Adding type registration timestamp -> org.hibernate.type.BasicTypeReference@1efdcd5
10:24:42.745 [main] DEBUG org.hibernate.type.BasicTypeRegistry - Adding type registration java.sql.Timestamp -> org.hibernate.type.BasicTypeReference@1efdcd5
10:24:42.745 [main] DEBUG org.hibernate.type.BasicTypeRegistry - Adding type registration java.util.Date -> org.hibernate.type.BasicTypeReference@1efdcd5
10:24:42.745 [main] DEBUG org.hibernate.type.BasicTypeRegistry - Adding type registration calendar -> org.hibernate.type.BasicTypeReference@1623bbe5
10:24:42.745 [main] DEBUG org.hibernate.type.BasicTypeRegistry - Adding type registration java.util.Calendar -> org.hibernate.type.BasicTypeReference@1623bbe5
10:24:42.745 [main] DEBUG org.hibernate.type.BasicTypeRegistry - Adding type registration java.util.GregorianCalendar -> org.hibernate.type.BasicTypeReference@1623bbe5
10:24:42.745 [main] DEBUG org.hibernate.type.BasicTypeRegistry - Adding type registration calendar_date -> org.hibernate.type.BasicTypeReference@7af1cd63
10:24:42.745 [main] DEBUG org.hibernate.type.BasicTypeRegistry - Adding type registration calendar_time -> org.hibernate.type.BasicTypeReference@4351171a
10:24:42.745 [main] DEBUG org.hibernate.type.BasicTypeRegistry - Adding type registration instant -> org.hibernate.type.BasicTypeReference@3c2772d1
10:24:42.745 [main] DEBUG org.hibernate.type.BasicTypeRegistry - Adding type registration java.time.Instant -> org.hibernate.type.BasicTypeReference@3c2772d1
10:24:42.745 [main] DEBUG org.hibernate.type.BasicTypeRegistry - Adding type registration uuid -> org.hibernate.type.BasicTypeReference@37d00a23
10:24:42.745 [main] DEBUG org.hibernate.type.BasicTypeRegistry - Adding type registration java.util.UUID -> org.hibernate.type.BasicTypeReference@37d00a23
10:24:42.745 [main] DEBUG org.hibernate.type.BasicTypeRegistry - Adding type registration pg-uuid -> org.hibernate.type.BasicTypeReference@37d00a23
10:24:42.745 [main] DEBUG org.hibernate.type.BasicTypeRegistry - Adding type registration uuid-binary -> org.hibernate.type.BasicTypeReference@433e536f
10:24:42.745 [main] DEBUG org.hibernate.type.BasicTypeRegistry - Adding type registration uuid-char -> org.hibernate.type.BasicTypeReference@89c65d5
10:24:42.745 [main] DEBUG org.hibernate.type.BasicTypeRegistry - Adding type registration class -> org.hibernate.type.BasicTypeReference@faa3fed
10:24:42.745 [main] DEBUG org.hibernate.type.BasicTypeRegistry - Adding type registration java.lang.Class -> org.hibernate.type.BasicTypeReference@faa3fed
10:24:42.745 [main] DEBUG org.hibernate.type.BasicTypeRegistry - Adding type registration currency -> org.hibernate.type.BasicTypeReference@988246e
10:24:42.745 [main] DEBUG org.hibernate.type.BasicTypeRegistry - Adding type registration Currency -> org.hibernate.type.BasicTypeReference@988246e
10:24:42.745 [main] DEBUG org.hibernate.type.BasicTypeRegistry - Adding type registration java.util.Currency -> org.hibernate.type.BasicTypeReference@988246e
10:24:42.745 [main] DEBUG org.hibernate.type.BasicTypeRegistry - Adding type registration locale -> org.hibernate.type.BasicTypeReference@62515a47
10:24:42.745 [main] DEBUG org.hibernate.type.BasicTypeRegistry - Adding type registration java.util.Locale -> org.hibernate.type.BasicTypeReference@62515a47
10:24:42.745 [main] DEBUG org.hibernate.type.BasicTypeRegistry - Adding type registration serializable -> org.hibernate.type.BasicTypeReference@3c5a54b7
10:24:42.745 [main] DEBUG org.hibernate.type.BasicTypeRegistry - Adding type registration java.io.Serializable -> org.hibernate.type.BasicTypeReference@3c5a54b7
10:24:42.745 [main] DEBUG org.hibernate.type.BasicTypeRegistry - Adding type registration timezone -> org.hibernate.type.BasicTypeReference@61f2c3f0
10:24:42.745 [main] DEBUG org.hibernate.type.BasicTypeRegistry - Adding type registration java.util.TimeZone -> org.hibernate.type.BasicTypeReference@61f2c3f0
10:24:42.745 [main] DEBUG org.hibernate.type.BasicTypeRegistry - Adding type registration ZoneOffset -> org.hibernate.type.BasicTypeReference@291120f4
10:24:42.745 [main] DEBUG org.hibernate.type.BasicTypeRegistry - Adding type registration java.time.ZoneOffset -> org.hibernate.type.BasicTypeReference@291120f4
10:24:42.745 [main] DEBUG org.hibernate.type.BasicTypeRegistry - Adding type registration url -> org.hibernate.type.BasicTypeReference@417ad4f3
10:24:42.745 [main] DEBUG org.hibernate.type.BasicTypeRegistry - Adding type registration java.net.URL -> org.hibernate.type.BasicTypeReference@417ad4f3
10:24:42.745 [main] DEBUG org.hibernate.type.BasicTypeRegistry - Adding type registration vector -> org.hibernate.type.BasicTypeReference@2f6bcf87
10:24:42.745 [main] DEBUG org.hibernate.type.BasicTypeRegistry - Adding type registration row_version -> org.hibernate.type.BasicTypeReference@58f174d9
10:24:42.745 [main] DEBUG org.hibernate.type.BasicTypeRegistry - Adding type registration object -> org.hibernate.type.JavaObjectType@34237b90
10:24:42.745 [main] DEBUG org.hibernate.type.BasicTypeRegistry - Adding type registration java.lang.Object -> org.hibernate.type.JavaObjectType@34237b90
10:24:42.745 [main] DEBUG org.hibernate.type.BasicTypeRegistry - Adding type registration null -> org.hibernate.type.NullType@267bbe1a
10:24:42.745 [main] DEBUG org.hibernate.type.BasicTypeRegistry - Adding type registration imm_date -> org.hibernate.type.BasicTypeReference@27b5bc73
10:24:42.745 [main] DEBUG org.hibernate.type.BasicTypeRegistry - Adding type registration imm_time -> org.hibernate.type.BasicTypeReference@14c4f65d
10:24:42.745 [main] DEBUG org.hibernate.type.BasicTypeRegistry - Adding type registration imm_timestamp -> org.hibernate.type.BasicTypeReference@499b6e3d
10:24:42.745 [main] DEBUG org.hibernate.type.BasicTypeRegistry - Adding type registration imm_calendar -> org.hibernate.type.BasicTypeReference@4b8663a6
10:24:42.745 [main] DEBUG org.hibernate.type.BasicTypeRegistry - Adding type registration imm_calendar_date -> org.hibernate.type.BasicTypeReference@41da1881
10:24:42.745 [main] DEBUG org.hibernate.type.BasicTypeRegistry - Adding type registration imm_calendar_time -> org.hibernate.type.BasicTypeReference@729f78f9
10:24:42.745 [main] DEBUG org.hibernate.type.BasicTypeRegistry - Adding type registration imm_binary -> org.hibernate.type.BasicTypeReference@60e71a11
10:24:42.745 [main] DEBUG org.hibernate.type.BasicTypeRegistry - Adding type registration imm_serializable -> org.hibernate.type.BasicTypeReference@1804cef8
10:24:42.746 [main] DEBUG org.hibernate.boot.internal.BootstrapContextImpl - Injecting ScanEnvironment [org.hibernate.jpa.boot.internal.StandardJpaScanEnvironmentImpl@98bd369] into BootstrapContext; was [null]
10:24:42.746 [main] DEBUG org.hibernate.boot.internal.BootstrapContextImpl - Injecting ScanOptions [org.hibernate.boot.archive.scan.internal.StandardScanOptions@5a3a11] into BootstrapContext; was [org.hibernate.boot.archive.scan.internal.StandardScanOptions@58b58f99]
10:24:42.822 [main] DEBUG org.hibernate.boot.internal.BootstrapContextImpl - Injecting JPA temp ClassLoader [null] into BootstrapContext; was [null]
10:24:42.822 [main] DEBUG org.hibernate.boot.internal.ClassLoaderAccessImpl - ClassLoaderAccessImpl#injectTempClassLoader(null) [was null]
10:24:42.823 [main] INFO org.hibernate.engine.jdbc.connections.internal.ConnectionProviderInitiator - HHH000130: Instantiating explicit connection provider: org.hibernate.hikaricp.internal.HikariCPConnectionProvider
10:24:42.823 [main] DEBUG org.hibernate.hikaricp.internal.HikariCPConnectionProvider - Configuring HikariCP
10:24:42.823 [main] DEBUG com.zaxxer.hikari.HikariConfig - Driver class org.h2.Driver found in Thread context class loader jdk.internal.loader.ClassLoaders$AppClassLoader@70dea4e
10:24:42.823 [main] DEBUG com.zaxxer.hikari.HikariConfig - FRC-PM-HikariCP - configuration:
10:24:42.823 [main] DEBUG com.zaxxer.hikari.HikariConfig - allowPoolSuspension.............false
10:24:42.823 [main] DEBUG com.zaxxer.hikari.HikariConfig - autoCommit......................true
10:24:42.824 [main] DEBUG com.zaxxer.hikari.HikariConfig - catalog.........................none
10:24:42.824 [main] DEBUG com.zaxxer.hikari.HikariConfig - connectionInitSql...............none
10:24:42.824 [main] DEBUG com.zaxxer.hikari.HikariConfig - connectionTestQuery.............none
10:24:42.824 [main] DEBUG com.zaxxer.hikari.HikariConfig - connectionTimeout...............10000
10:24:42.824 [main] DEBUG com.zaxxer.hikari.HikariConfig - dataSource......................none
10:24:42.824 [main] DEBUG com.zaxxer.hikari.HikariConfig - dataSourceClassName.............none
10:24:42.824 [main] DEBUG com.zaxxer.hikari.HikariConfig - dataSourceJNDI..................none
10:24:42.824 [main] DEBUG com.zaxxer.hikari.HikariConfig - dataSourceProperties............{password=<masked>}
10:24:42.824 [main] DEBUG com.zaxxer.hikari.HikariConfig - driverClassName................."org.h2.Driver"
10:24:42.824 [main] DEBUG com.zaxxer.hikari.HikariConfig - exceptionOverrideClassName......none
10:24:42.824 [main] DEBUG com.zaxxer.hikari.HikariConfig - healthCheckProperties...........{}
10:24:42.824 [main] DEBUG com.zaxxer.hikari.HikariConfig - healthCheckRegistry.............none
10:24:42.824 [main] DEBUG com.zaxxer.hikari.HikariConfig - idleTimeout.....................30000
10:24:42.824 [main] DEBUG com.zaxxer.hikari.HikariConfig - initializationFailTimeout.......1
10:24:42.824 [main] DEBUG com.zaxxer.hikari.HikariConfig - isolateInternalQueries..........false
10:24:42.824 [main] DEBUG com.zaxxer.hikari.HikariConfig - jdbcUrl.........................jdbc:h2:file:C:\Users\dhiebert\.frcpm\frcpm
10:24:42.824 [main] DEBUG com.zaxxer.hikari.HikariConfig - keepaliveTime...................0
10:24:42.824 [main] DEBUG com.zaxxer.hikari.HikariConfig - leakDetectionThreshold..........0
10:24:42.824 [main] DEBUG com.zaxxer.hikari.HikariConfig - maxLifetime.....................1800000
10:24:42.824 [main] DEBUG com.zaxxer.hikari.HikariConfig - maximumPoolSize.................10
10:24:42.824 [main] DEBUG com.zaxxer.hikari.HikariConfig - metricRegistry..................none
10:24:42.824 [main] DEBUG com.zaxxer.hikari.HikariConfig - metricsTrackerFactory...........none
10:24:42.824 [main] DEBUG com.zaxxer.hikari.HikariConfig - minimumIdle.....................2
10:24:42.824 [main] DEBUG com.zaxxer.hikari.HikariConfig - password........................<masked>
10:24:42.824 [main] DEBUG com.zaxxer.hikari.HikariConfig - poolName........................"FRC-PM-HikariCP"
10:24:42.824 [main] DEBUG com.zaxxer.hikari.HikariConfig - readOnly........................false
10:24:42.824 [main] DEBUG com.zaxxer.hikari.HikariConfig - registerMbeans..................false
10:24:42.824 [main] DEBUG com.zaxxer.hikari.HikariConfig - scheduledExecutor...............none
10:24:42.824 [main] DEBUG com.zaxxer.hikari.HikariConfig - schema..........................none
10:24:42.824 [main] DEBUG com.zaxxer.hikari.HikariConfig - threadFactory...................internal
10:24:42.824 [main] DEBUG com.zaxxer.hikari.HikariConfig - transactionIsolation............default
10:24:42.824 [main] DEBUG com.zaxxer.hikari.HikariConfig - username........................"sa"
10:24:42.824 [main] DEBUG com.zaxxer.hikari.HikariConfig - validationTimeout...............5000
10:24:42.824 [main] INFO com.zaxxer.hikari.HikariDataSource - FRC-PM-HikariCP - Starting...
10:24:42.847 [main] INFO com.zaxxer.hikari.pool.HikariPool - FRC-PM-HikariCP - Added connection conn117: url=jdbc:h2:file:C:\Users\dhiebert\.frcpm\frcpm user=SA
10:24:42.847 [main] INFO com.zaxxer.hikari.HikariDataSource - FRC-PM-HikariCP - Start completed.
10:24:42.847 [main] DEBUG org.hibernate.hikaricp.internal.HikariCPConnectionProvider - HikariCP Configured
10:24:42.847 [main] DEBUG org.hibernate.engine.jdbc.env.internal.JdbcEnvironmentInitiator - Database ->
	   name : H2
	version : 2.2.224 (2023-09-17)
	  major : 2
	  minor : 2
10:24:42.847 [main] DEBUG org.hibernate.engine.jdbc.env.internal.JdbcEnvironmentInitiator - Driver ->
	   name : H2 JDBC Driver
	version : 2.2.224 (2023-09-17)
	  major : 2
	  minor : 2
10:24:42.847 [main] DEBUG org.hibernate.engine.jdbc.env.internal.JdbcEnvironmentInitiator - JDBC version : 4.2
10:24:42.847 [main] WARN org.hibernate.orm.deprecation - HHH90000025: H2Dialect does not need to be specified explicitly using 'hibernate.dialect' (remove the property setting and it will be selected by default)
10:24:42.847 [main] DEBUG org.hibernate.orm.dialect - HHH035001: Using dialect: org.hibernate.dialect.H2Dialect, version: 2.2.224
10:24:42.847 [main] DEBUG org.hibernate.engine.jdbc.env.spi.IdentifierHelperBuilder - JDBC driver metadata reported database stores quoted identifiers in neither upper, lower nor mixed case
10:24:42.848 [main] DEBUG org.hibernate.type.descriptor.jdbc.spi.JdbcTypeRegistry - addDescriptor(NCharTypeDescriptor) replaced previous registration(CharTypeDescriptor)
10:24:42.848 [main] DEBUG org.hibernate.type.descriptor.jdbc.spi.JdbcTypeRegistry - addDescriptor(NVarcharTypeDescriptor) replaced previous registration(VarcharTypeDescriptor)
10:24:42.848 [main] DEBUG org.hibernate.type.descriptor.jdbc.spi.JdbcTypeRegistry - addDescriptor(LongNVarcharTypeDescriptor) replaced previous registration(LongVarcharTypeDescriptor)
10:24:42.848 [main] DEBUG org.hibernate.type.descriptor.jdbc.spi.JdbcTypeRegistry - addDescriptor(NClobTypeDescriptor(DEFAULT)) replaced previous registration(ClobTypeDescriptor(DEFAULT))
10:24:42.848 [main] DEBUG org.hibernate.type.descriptor.jdbc.spi.JdbcTypeRegistry - addDescriptor(2005, ClobTypeDescriptor(STREAM_BINDING)) replaced previous registration(ClobTypeDescriptor(DEFAULT))
10:24:42.848 [main] DEBUG org.hibernate.type.descriptor.jdbc.spi.JdbcTypeRegistry - addDescriptor(TimestampUtcDescriptor) replaced previous registration(TimestampUtcDescriptor)
10:24:42.848 [main] DEBUG org.hibernate.type.BasicTypeRegistry - Adding type registration org.hibernate.type.DurationType -> basicType@1635(java.time.Duration,3015)
10:24:42.848 [main] DEBUG org.hibernate.type.BasicTypeRegistry - Adding type registration Duration -> basicType@1635(java.time.Duration,3015)
10:24:42.848 [main] DEBUG org.hibernate.type.BasicTypeRegistry - Adding type registration java.time.Duration -> basicType@1635(java.time.Duration,3015)
10:24:42.848 [main] DEBUG org.hibernate.type.spi.TypeConfiguration$Scope - Scoping TypeConfiguration [org.hibernate.type.spi.TypeConfiguration@6a9015a2] to MetadataBuildingContext [org.hibernate.boot.internal.MetadataBuildingContextRootImpl@45a61085]
10:24:42.848 [main] DEBUG org.hibernate.boot.model.relational.Namespace - Created database namespace [logicalName=Name{catalog=null, schema=null}, physicalName=Name{catalog=null, schema=null}]
10:24:42.849 [main] DEBUG org.hibernate.boot.model.internal.EntityBinder - Binding entity from annotated class: org.frcpm.models.Attendance
10:24:42.849 [main] DEBUG org.hibernate.boot.model.internal.EntityBinder - Import with entity name Attendance
10:24:42.850 [main] DEBUG org.hibernate.boot.model.internal.EntityBinder - Bind entity org.frcpm.models.Attendance on table attendances
10:24:42.850 [main] DEBUG org.hibernate.boot.model.internal.AnnotatedColumn - Binding column: AnnotatedDiscriminatorColumn(column='DTYPE')
10:24:42.850 [main] DEBUG org.hibernate.boot.model.internal.AnnotatedColumn - Binding column: AnnotatedColumn()
10:24:42.850 [main] DEBUG org.hibernate.boot.internal.ClassLoaderAccessImpl - Not known whether passed class name [org.frcpm.models.Attendance] is safe
10:24:42.850 [main] DEBUG org.hibernate.boot.internal.ClassLoaderAccessImpl - No temp ClassLoader provided; using live ClassLoader for loading potentially unsafe class : org.frcpm.models.Attendance
10:24:42.850 [main] DEBUG org.hibernate.boot.model.internal.PropertyBinder - MetadataSourceProcessor property id with lazy=false
10:24:42.850 [main] DEBUG org.hibernate.boot.model.internal.AbstractPropertyHolder - Attempting to locate auto-apply AttributeConverter for property [org.frcpm.models.Attendance:id]
10:24:42.850 [main] DEBUG org.hibernate.boot.model.internal.BasicValueBinder - building BasicValue for id
10:24:42.850 [main] DEBUG org.hibernate.mapping.BasicValue - Skipping column re-registration: attendances.id
10:24:42.850 [main] DEBUG org.hibernate.boot.model.internal.PropertyBinder - Building property id
10:24:42.850 [main] DEBUG org.hibernate.boot.model.internal.BinderHelper - #makeIdGenerator(BasicValue([Column(id)]), id, identity, , ...)
10:24:42.850 [main] DEBUG org.hibernate.boot.model.internal.AnnotatedColumn - Binding column: AnnotatedColumn(column='arrival_time')
10:24:42.850 [main] DEBUG org.hibernate.boot.model.internal.PropertyBinder - MetadataSourceProcessor property arrivalTime with lazy=false
10:24:42.850 [main] DEBUG org.hibernate.boot.model.internal.AbstractPropertyHolder - Attempting to locate auto-apply AttributeConverter for property [org.frcpm.models.Attendance:arrivalTime]
10:24:42.850 [main] DEBUG org.hibernate.boot.model.internal.BasicValueBinder - building BasicValue for arrivalTime
10:24:42.850 [main] DEBUG org.hibernate.mapping.BasicValue - Skipping column re-registration: attendances.arrival_time
10:24:42.850 [main] DEBUG org.hibernate.boot.model.internal.PropertyBinder - Building property arrivalTime
10:24:42.850 [main] DEBUG org.hibernate.boot.model.internal.AnnotatedColumn - Binding column: AnnotatedColumn(column='departure_time')
10:24:42.850 [main] DEBUG org.hibernate.boot.model.internal.PropertyBinder - MetadataSourceProcessor property departureTime with lazy=false
10:24:42.850 [main] DEBUG org.hibernate.boot.model.internal.AbstractPropertyHolder - Attempting to locate auto-apply AttributeConverter for property [org.frcpm.models.Attendance:departureTime]
10:24:42.850 [main] DEBUG org.hibernate.boot.model.internal.BasicValueBinder - building BasicValue for departureTime
10:24:42.850 [main] DEBUG org.hibernate.mapping.BasicValue - Skipping column re-registration: attendances.departure_time
10:24:42.850 [main] DEBUG org.hibernate.boot.model.internal.PropertyBinder - Building property departureTime
10:24:42.850 [main] DEBUG org.hibernate.boot.model.internal.AnnotatedColumn - Binding column: AnnotatedJoinColumn(column='meeting_id')
10:24:42.850 [main] DEBUG org.hibernate.boot.model.internal.AnnotatedColumn - Binding column: AnnotatedColumn()
10:24:42.850 [main] DEBUG org.hibernate.boot.model.internal.PropertyBinder - Building property meeting
10:24:42.850 [main] DEBUG org.hibernate.boot.model.internal.AnnotatedColumn - Binding column: AnnotatedJoinColumn(column='member_id')
10:24:42.850 [main] DEBUG org.hibernate.boot.model.internal.AnnotatedColumn - Binding column: AnnotatedColumn()
10:24:42.851 [main] DEBUG org.hibernate.boot.model.internal.PropertyBinder - Building property member
10:24:42.851 [main] DEBUG org.hibernate.boot.model.internal.AnnotatedColumn - Binding column: AnnotatedColumn(column='present')
10:24:42.851 [main] DEBUG org.hibernate.boot.model.internal.PropertyBinder - MetadataSourceProcessor property present with lazy=false
10:24:42.851 [main] DEBUG org.hibernate.boot.model.internal.AbstractPropertyHolder - Attempting to locate auto-apply AttributeConverter for property [org.frcpm.models.Attendance:present]
10:24:42.851 [main] DEBUG org.hibernate.boot.model.internal.BasicValueBinder - building BasicValue for present
10:24:42.851 [main] DEBUG org.hibernate.mapping.BasicValue - Skipping column re-registration: attendances.present
10:24:42.851 [main] DEBUG org.hibernate.boot.model.internal.PropertyBinder - Building property present
10:24:42.852 [main] DEBUG org.hibernate.boot.registry.classloading.internal.ClassLoaderServiceImpl - HHH000194: Package not found or no package-info.java: org.frcpm.models
10:24:42.853 [main] DEBUG org.hibernate.boot.model.internal.EntityBinder - Binding entity from annotated class: org.frcpm.models.Meeting
10:24:42.853 [main] DEBUG org.hibernate.boot.model.internal.EntityBinder - Import with entity name Meeting
10:24:42.853 [main] DEBUG org.hibernate.boot.model.internal.EntityBinder - Bind entity org.frcpm.models.Meeting on table meetings
10:24:42.853 [main] DEBUG org.hibernate.boot.model.internal.AnnotatedColumn - Binding column: AnnotatedDiscriminatorColumn(column='DTYPE')
10:24:42.853 [main] DEBUG org.hibernate.boot.model.internal.AnnotatedColumn - Binding column: AnnotatedColumn()
10:24:42.853 [main] DEBUG org.hibernate.boot.internal.ClassLoaderAccessImpl - Not known whether passed class name [org.frcpm.models.Meeting] is safe
10:24:42.853 [main] DEBUG org.hibernate.boot.internal.ClassLoaderAccessImpl - No temp ClassLoader provided; using live ClassLoader for loading potentially unsafe class : org.frcpm.models.Meeting
10:24:42.853 [main] DEBUG org.hibernate.boot.model.internal.PropertyBinder - MetadataSourceProcessor property id with lazy=false
10:24:42.853 [main] DEBUG org.hibernate.boot.model.internal.AbstractPropertyHolder - Attempting to locate auto-apply AttributeConverter for property [org.frcpm.models.Meeting:id]
10:24:42.853 [main] DEBUG org.hibernate.boot.model.internal.BasicValueBinder - building BasicValue for id
10:24:42.853 [main] DEBUG org.hibernate.mapping.BasicValue - Skipping column re-registration: meetings.id
10:24:42.853 [main] DEBUG org.hibernate.boot.model.internal.PropertyBinder - Building property id
10:24:42.853 [main] DEBUG org.hibernate.boot.model.internal.BinderHelper - #makeIdGenerator(BasicValue([Column(id)]), id, identity, , ...)
10:24:42.853 [main] DEBUG org.hibernate.boot.model.internal.AnnotatedColumn - Binding column: AnnotatedJoinColumn()
10:24:42.853 [main] DEBUG org.hibernate.boot.model.internal.AnnotatedColumn - Binding column: AnnotatedColumn()
10:24:42.853 [main] DEBUG org.hibernate.boot.model.internal.AnnotatedColumn - Binding column: IndexColumn(column='attendances_ORDER')
10:24:42.853 [main] DEBUG org.hibernate.boot.model.internal.AnnotatedColumn - Binding column: AnnotatedColumn()
10:24:42.853 [main] DEBUG org.hibernate.boot.model.internal.AnnotatedColumn - Binding column: AnnotatedColumn(column='attendances_KEY')
10:24:42.853 [main] DEBUG org.hibernate.boot.model.internal.AnnotatedColumn - Binding column: AnnotatedJoinColumn(column='attendances_KEY')
10:24:42.853 [main] DEBUG org.hibernate.boot.model.internal.AnnotatedColumn - Binding column: AnnotatedJoinColumn()
10:24:42.853 [main] DEBUG org.hibernate.boot.model.internal.AnnotatedColumn - Binding column: AnnotatedJoinColumn()
10:24:42.853 [main] DEBUG org.hibernate.boot.model.internal.CollectionBinder - Collection role: org.frcpm.models.Meeting.attendances
10:24:42.854 [main] DEBUG org.hibernate.boot.model.internal.PropertyBinder - Building property attendances
10:24:42.854 [main] DEBUG org.hibernate.boot.model.internal.AnnotatedColumn - Binding column: AnnotatedColumn(column='date')
10:24:42.854 [main] DEBUG org.hibernate.boot.model.internal.PropertyBinder - MetadataSourceProcessor property date with lazy=false
10:24:42.854 [main] DEBUG org.hibernate.boot.model.internal.AbstractPropertyHolder - Attempting to locate auto-apply AttributeConverter for property [org.frcpm.models.Meeting:date]
10:24:42.854 [main] DEBUG org.hibernate.boot.model.internal.BasicValueBinder - building BasicValue for date
10:24:42.854 [main] DEBUG org.hibernate.mapping.BasicValue - Skipping column re-registration: meetings.date
10:24:42.854 [main] DEBUG org.hibernate.boot.model.internal.PropertyBinder - Building property date
10:24:42.854 [main] DEBUG org.hibernate.boot.model.internal.AnnotatedColumn - Binding column: AnnotatedColumn(column='end_time')
10:24:42.854 [main] DEBUG org.hibernate.boot.model.internal.PropertyBinder - MetadataSourceProcessor property endTime with lazy=false
10:24:42.854 [main] DEBUG org.hibernate.boot.model.internal.AbstractPropertyHolder - Attempting to locate auto-apply AttributeConverter for property [org.frcpm.models.Meeting:endTime]
10:24:42.854 [main] DEBUG org.hibernate.boot.model.internal.BasicValueBinder - building BasicValue for endTime
10:24:42.854 [main] DEBUG org.hibernate.mapping.BasicValue - Skipping column re-registration: meetings.end_time
10:24:42.854 [main] DEBUG org.hibernate.boot.model.internal.PropertyBinder - Building property endTime
10:24:42.854 [main] DEBUG org.hibernate.boot.model.internal.AnnotatedColumn - Binding column: AnnotatedColumn(column='notes')
10:24:42.854 [main] DEBUG org.hibernate.boot.model.internal.PropertyBinder - MetadataSourceProcessor property notes with lazy=false
10:24:42.854 [main] DEBUG org.hibernate.boot.model.internal.AbstractPropertyHolder - Attempting to locate auto-apply AttributeConverter for property [org.frcpm.models.Meeting:notes]
10:24:42.854 [main] DEBUG org.hibernate.boot.model.internal.BasicValueBinder - building BasicValue for notes
10:24:42.854 [main] DEBUG org.hibernate.mapping.BasicValue - Skipping column re-registration: meetings.notes
10:24:42.854 [main] DEBUG org.hibernate.boot.model.internal.PropertyBinder - Building property notes
10:24:42.854 [main] DEBUG org.hibernate.boot.model.internal.AnnotatedColumn - Binding column: AnnotatedJoinColumn(column='project_id')
10:24:42.854 [main] DEBUG org.hibernate.boot.model.internal.AnnotatedColumn - Binding column: AnnotatedColumn()
10:24:42.854 [main] DEBUG org.hibernate.boot.model.internal.PropertyBinder - Building property project
10:24:42.854 [main] DEBUG org.hibernate.boot.model.internal.AnnotatedColumn - Binding column: AnnotatedColumn(column='start_time')
10:24:42.854 [main] DEBUG org.hibernate.boot.model.internal.PropertyBinder - MetadataSourceProcessor property startTime with lazy=false
10:24:42.854 [main] DEBUG org.hibernate.boot.model.internal.AbstractPropertyHolder - Attempting to locate auto-apply AttributeConverter for property [org.frcpm.models.Meeting:startTime]
10:24:42.854 [main] DEBUG org.hibernate.boot.model.internal.BasicValueBinder - building BasicValue for startTime
10:24:42.854 [main] DEBUG org.hibernate.mapping.BasicValue - Skipping column re-registration: meetings.start_time
10:24:42.854 [main] DEBUG org.hibernate.boot.model.internal.PropertyBinder - Building property startTime
10:24:42.855 [main] DEBUG org.hibernate.boot.registry.classloading.internal.ClassLoaderServiceImpl - HHH000194: Package not found or no package-info.java: org.frcpm.models
10:24:42.856 [main] DEBUG org.hibernate.boot.model.internal.EntityBinder - Binding entity from annotated class: org.frcpm.models.Subsystem
10:24:42.856 [main] DEBUG org.hibernate.boot.model.internal.EntityBinder - Import with entity name Subsystem
10:24:42.856 [main] DEBUG org.hibernate.boot.model.internal.EntityBinder - Bind entity org.frcpm.models.Subsystem on table subsystems
10:24:42.856 [main] DEBUG org.hibernate.boot.model.internal.AnnotatedColumn - Binding column: AnnotatedDiscriminatorColumn(column='DTYPE')
10:24:42.857 [main] DEBUG org.hibernate.boot.model.internal.AnnotatedColumn - Binding column: AnnotatedColumn()
10:24:42.857 [main] DEBUG org.hibernate.boot.internal.ClassLoaderAccessImpl - Not known whether passed class name [org.frcpm.models.Subsystem] is safe
10:24:42.857 [main] DEBUG org.hibernate.boot.internal.ClassLoaderAccessImpl - No temp ClassLoader provided; using live ClassLoader for loading potentially unsafe class : org.frcpm.models.Subsystem
10:24:42.857 [main] DEBUG org.hibernate.boot.model.internal.PropertyBinder - MetadataSourceProcessor property id with lazy=false
10:24:42.857 [main] DEBUG org.hibernate.boot.model.internal.AbstractPropertyHolder - Attempting to locate auto-apply AttributeConverter for property [org.frcpm.models.Subsystem:id]
10:24:42.857 [main] DEBUG org.hibernate.boot.model.internal.BasicValueBinder - building BasicValue for id
10:24:42.857 [main] DEBUG org.hibernate.mapping.BasicValue - Skipping column re-registration: subsystems.id
10:24:42.857 [main] DEBUG org.hibernate.boot.model.internal.PropertyBinder - Building property id
10:24:42.857 [main] DEBUG org.hibernate.boot.model.internal.BinderHelper - #makeIdGenerator(BasicValue([Column(id)]), id, identity, , ...)
10:24:42.857 [main] DEBUG org.hibernate.boot.model.internal.AnnotatedColumn - Binding column: AnnotatedColumn(column='description')
10:24:42.857 [main] DEBUG org.hibernate.boot.model.internal.PropertyBinder - MetadataSourceProcessor property description with lazy=false
10:24:42.857 [main] DEBUG org.hibernate.boot.model.internal.AbstractPropertyHolder - Attempting to locate auto-apply AttributeConverter for property [org.frcpm.models.Subsystem:description]
10:24:42.857 [main] DEBUG org.hibernate.boot.model.internal.BasicValueBinder - building BasicValue for description
10:24:42.857 [main] DEBUG org.hibernate.mapping.BasicValue - Skipping column re-registration: subsystems.description
10:24:42.857 [main] DEBUG org.hibernate.boot.model.internal.PropertyBinder - Building property description
10:24:42.857 [main] DEBUG org.hibernate.boot.model.internal.AnnotatedColumn - Binding column: AnnotatedColumn(column='name')
10:24:42.857 [main] DEBUG org.hibernate.boot.model.internal.PropertyBinder - MetadataSourceProcessor property name with lazy=false
10:24:42.857 [main] DEBUG org.hibernate.boot.model.internal.AbstractPropertyHolder - Attempting to locate auto-apply AttributeConverter for property [org.frcpm.models.Subsystem:name]
10:24:42.857 [main] DEBUG org.hibernate.boot.model.internal.BasicValueBinder - building BasicValue for name
10:24:42.857 [main] DEBUG org.hibernate.mapping.BasicValue - Skipping column re-registration: subsystems.name
10:24:42.857 [main] DEBUG org.hibernate.boot.model.internal.PropertyBinder - Building property name
10:24:42.857 [main] DEBUG org.hibernate.boot.model.internal.AnnotatedColumn - Binding column: AnnotatedJoinColumn(column='responsible_subteam_id')
10:24:42.857 [main] DEBUG org.hibernate.boot.model.internal.AnnotatedColumn - Binding column: AnnotatedColumn()
10:24:42.857 [main] DEBUG org.hibernate.boot.model.internal.PropertyBinder - Building property responsibleSubteam
10:24:42.857 [main] DEBUG org.hibernate.boot.model.internal.AnnotatedColumn - Binding column: AnnotatedColumn(column='status')
10:24:42.857 [main] DEBUG org.hibernate.boot.model.internal.PropertyBinder - MetadataSourceProcessor property status with lazy=false
10:24:42.857 [main] DEBUG org.hibernate.boot.model.internal.AbstractPropertyHolder - Attempting to locate auto-apply AttributeConverter for property [org.frcpm.models.Subsystem:status]
10:24:42.857 [main] DEBUG org.hibernate.boot.model.internal.BasicValueBinder - building BasicValue for status
10:24:42.857 [main] DEBUG org.hibernate.mapping.BasicValue - Skipping column re-registration: subsystems.status
10:24:42.857 [main] DEBUG org.hibernate.boot.model.internal.PropertyBinder - Building property status
10:24:42.857 [main] DEBUG org.hibernate.boot.model.internal.AnnotatedColumn - Binding column: AnnotatedJoinColumn()
10:24:42.857 [main] DEBUG org.hibernate.boot.model.internal.AnnotatedColumn - Binding column: AnnotatedColumn()
10:24:42.857 [main] DEBUG org.hibernate.boot.model.internal.AnnotatedColumn - Binding column: IndexColumn(column='tasks_ORDER')
10:24:42.857 [main] DEBUG org.hibernate.boot.model.internal.AnnotatedColumn - Binding column: AnnotatedColumn()
10:24:42.857 [main] DEBUG org.hibernate.boot.model.internal.AnnotatedColumn - Binding column: AnnotatedColumn(column='tasks_KEY')
10:24:42.857 [main] DEBUG org.hibernate.boot.model.internal.AnnotatedColumn - Binding column: AnnotatedJoinColumn(column='tasks_KEY')
10:24:42.857 [main] DEBUG org.hibernate.boot.model.internal.AnnotatedColumn - Binding column: AnnotatedJoinColumn()
10:24:42.857 [main] DEBUG org.hibernate.boot.model.internal.AnnotatedColumn - Binding column: AnnotatedJoinColumn()
10:24:42.857 [main] DEBUG org.hibernate.boot.model.internal.CollectionBinder - Collection role: org.frcpm.models.Subsystem.tasks
10:24:42.857 [main] DEBUG org.hibernate.boot.model.internal.PropertyBinder - Building property tasks
10:24:42.858 [main] DEBUG org.hibernate.boot.registry.classloading.internal.ClassLoaderServiceImpl - HHH000194: Package not found or no package-info.java: org.frcpm.models
10:24:42.858 [main] DEBUG org.hibernate.boot.model.internal.EntityBinder - Binding entity from annotated class: org.frcpm.models.Component
10:24:42.858 [main] DEBUG org.hibernate.boot.model.internal.EntityBinder - Import with entity name Component
10:24:42.858 [main] DEBUG org.hibernate.boot.model.internal.EntityBinder - Bind entity org.frcpm.models.Component on table components
10:24:42.858 [main] DEBUG org.hibernate.boot.model.internal.AnnotatedColumn - Binding column: AnnotatedDiscriminatorColumn(column='DTYPE')
10:24:42.859 [main] DEBUG org.hibernate.boot.model.internal.AnnotatedColumn - Binding column: AnnotatedColumn()
10:24:42.859 [main] DEBUG org.hibernate.boot.internal.ClassLoaderAccessImpl - Not known whether passed class name [org.frcpm.models.Component] is safe
10:24:42.859 [main] DEBUG org.hibernate.boot.internal.ClassLoaderAccessImpl - No temp ClassLoader provided; using live ClassLoader for loading potentially unsafe class : org.frcpm.models.Component
10:24:42.859 [main] DEBUG org.hibernate.boot.model.internal.PropertyBinder - MetadataSourceProcessor property id with lazy=false
10:24:42.859 [main] DEBUG org.hibernate.boot.model.internal.AbstractPropertyHolder - Attempting to locate auto-apply AttributeConverter for property [org.frcpm.models.Component:id]
10:24:42.859 [main] DEBUG org.hibernate.boot.model.internal.BasicValueBinder - building BasicValue for id
10:24:42.859 [main] DEBUG org.hibernate.mapping.BasicValue - Skipping column re-registration: components.id
10:24:42.859 [main] DEBUG org.hibernate.boot.model.internal.PropertyBinder - Building property id
10:24:42.859 [main] DEBUG org.hibernate.boot.model.internal.BinderHelper - #makeIdGenerator(BasicValue([Column(id)]), id, identity, , ...)
10:24:42.859 [main] DEBUG org.hibernate.boot.model.internal.AnnotatedColumn - Binding column: AnnotatedColumn(column='actual_delivery')
10:24:42.859 [main] DEBUG org.hibernate.boot.model.internal.PropertyBinder - MetadataSourceProcessor property actualDelivery with lazy=false
10:24:42.859 [main] DEBUG org.hibernate.boot.model.internal.AbstractPropertyHolder - Attempting to locate auto-apply AttributeConverter for property [org.frcpm.models.Component:actualDelivery]
10:24:42.859 [main] DEBUG org.hibernate.boot.model.internal.BasicValueBinder - building BasicValue for actualDelivery
10:24:42.859 [main] DEBUG org.hibernate.mapping.BasicValue - Skipping column re-registration: components.actual_delivery
10:24:42.859 [main] DEBUG org.hibernate.boot.model.internal.PropertyBinder - Building property actualDelivery
10:24:42.859 [main] DEBUG org.hibernate.boot.model.internal.AnnotatedColumn - Binding column: AnnotatedColumn(column='is_delivered')
10:24:42.859 [main] DEBUG org.hibernate.boot.model.internal.PropertyBinder - MetadataSourceProcessor property delivered with lazy=false
10:24:42.859 [main] DEBUG org.hibernate.boot.model.internal.AbstractPropertyHolder - Attempting to locate auto-apply AttributeConverter for property [org.frcpm.models.Component:delivered]
10:24:42.859 [main] DEBUG org.hibernate.boot.model.internal.BasicValueBinder - building BasicValue for delivered
10:24:42.859 [main] DEBUG org.hibernate.mapping.BasicValue - Skipping column re-registration: components.is_delivered
10:24:42.859 [main] DEBUG org.hibernate.boot.model.internal.PropertyBinder - Building property delivered
10:24:42.859 [main] DEBUG org.hibernate.boot.model.internal.AnnotatedColumn - Binding column: AnnotatedColumn(column='description')
10:24:42.859 [main] DEBUG org.hibernate.boot.model.internal.PropertyBinder - MetadataSourceProcessor property description with lazy=false
10:24:42.859 [main] DEBUG org.hibernate.boot.model.internal.AbstractPropertyHolder - Attempting to locate auto-apply AttributeConverter for property [org.frcpm.models.Component:description]
10:24:42.859 [main] DEBUG org.hibernate.boot.model.internal.BasicValueBinder - building BasicValue for description
10:24:42.859 [main] DEBUG org.hibernate.mapping.BasicValue - Skipping column re-registration: components.description
10:24:42.859 [main] DEBUG org.hibernate.boot.model.internal.PropertyBinder - Building property description
10:24:42.859 [main] DEBUG org.hibernate.boot.model.internal.AnnotatedColumn - Binding column: AnnotatedColumn(column='expected_delivery')
10:24:42.859 [main] DEBUG org.hibernate.boot.model.internal.PropertyBinder - MetadataSourceProcessor property expectedDelivery with lazy=false
10:24:42.859 [main] DEBUG org.hibernate.boot.model.internal.AbstractPropertyHolder - Attempting to locate auto-apply AttributeConverter for property [org.frcpm.models.Component:expectedDelivery]
10:24:42.859 [main] DEBUG org.hibernate.boot.model.internal.BasicValueBinder - building BasicValue for expectedDelivery
10:24:42.859 [main] DEBUG org.hibernate.mapping.BasicValue - Skipping column re-registration: components.expected_delivery
10:24:42.859 [main] DEBUG org.hibernate.boot.model.internal.PropertyBinder - Building property expectedDelivery
10:24:42.859 [main] DEBUG org.hibernate.boot.model.internal.AnnotatedColumn - Binding column: AnnotatedColumn(column='name')
10:24:42.859 [main] DEBUG org.hibernate.boot.model.internal.PropertyBinder - MetadataSourceProcessor property name with lazy=false
10:24:42.859 [main] DEBUG org.hibernate.boot.model.internal.AbstractPropertyHolder - Attempting to locate auto-apply AttributeConverter for property [org.frcpm.models.Component:name]
10:24:42.859 [main] DEBUG org.hibernate.boot.model.internal.BasicValueBinder - building BasicValue for name
10:24:42.859 [main] DEBUG org.hibernate.mapping.BasicValue - Skipping column re-registration: components.name
10:24:42.859 [main] DEBUG org.hibernate.boot.model.internal.PropertyBinder - Building property name
10:24:42.859 [main] DEBUG org.hibernate.boot.model.internal.AnnotatedColumn - Binding column: AnnotatedColumn(column='part_number')
10:24:42.859 [main] DEBUG org.hibernate.boot.model.internal.PropertyBinder - MetadataSourceProcessor property partNumber with lazy=false
10:24:42.859 [main] DEBUG org.hibernate.boot.model.internal.AbstractPropertyHolder - Attempting to locate auto-apply AttributeConverter for property [org.frcpm.models.Component:partNumber]
10:24:42.859 [main] DEBUG org.hibernate.boot.model.internal.BasicValueBinder - building BasicValue for partNumber
10:24:42.859 [main] DEBUG org.hibernate.mapping.BasicValue - Skipping column re-registration: components.part_number
10:24:42.859 [main] DEBUG org.hibernate.boot.model.internal.PropertyBinder - Building property partNumber
10:24:42.859 [main] DEBUG org.hibernate.boot.model.internal.AnnotatedColumn - Binding column: IndexColumn(column='requiredForTasks_ORDER')
10:24:42.859 [main] DEBUG org.hibernate.boot.model.internal.AnnotatedColumn - Binding column: AnnotatedColumn()
10:24:42.859 [main] DEBUG org.hibernate.boot.model.internal.AnnotatedColumn - Binding column: AnnotatedColumn(column='requiredForTasks_KEY')
10:24:42.859 [main] DEBUG org.hibernate.boot.model.internal.AnnotatedColumn - Binding column: AnnotatedJoinColumn(column='requiredForTasks_KEY')
10:24:42.859 [main] DEBUG org.hibernate.boot.model.internal.AnnotatedColumn - Binding column: AnnotatedJoinColumn()
10:24:42.859 [main] DEBUG org.hibernate.boot.model.internal.AnnotatedColumn - Binding column: AnnotatedJoinColumn()
10:24:42.859 [main] DEBUG org.hibernate.boot.model.internal.CollectionBinder - Collection role: org.frcpm.models.Component.requiredForTasks
10:24:42.859 [main] DEBUG org.hibernate.boot.model.internal.PropertyBinder - Building property requiredForTasks
10:24:42.860 [main] DEBUG org.hibernate.boot.registry.classloading.internal.ClassLoaderServiceImpl - HHH000194: Package not found or no package-info.java: org.frcpm.models
10:24:42.860 [main] DEBUG org.hibernate.boot.model.internal.EntityBinder - Binding entity from annotated class: org.frcpm.models.Milestone
10:24:42.860 [main] DEBUG org.hibernate.boot.model.internal.EntityBinder - Import with entity name Milestone
10:24:42.860 [main] DEBUG org.hibernate.boot.model.internal.EntityBinder - Bind entity org.frcpm.models.Milestone on table milestones
10:24:42.860 [main] DEBUG org.hibernate.boot.model.internal.AnnotatedColumn - Binding column: AnnotatedDiscriminatorColumn(column='DTYPE')
10:24:42.860 [main] DEBUG org.hibernate.boot.model.internal.AnnotatedColumn - Binding column: AnnotatedColumn()
10:24:42.860 [main] DEBUG org.hibernate.boot.internal.ClassLoaderAccessImpl - Not known whether passed class name [org.frcpm.models.Milestone] is safe
10:24:42.860 [main] DEBUG org.hibernate.boot.internal.ClassLoaderAccessImpl - No temp ClassLoader provided; using live ClassLoader for loading potentially unsafe class : org.frcpm.models.Milestone
10:24:42.860 [main] DEBUG org.hibernate.boot.model.internal.PropertyBinder - MetadataSourceProcessor property id with lazy=false
10:24:42.860 [main] DEBUG org.hibernate.boot.model.internal.AbstractPropertyHolder - Attempting to locate auto-apply AttributeConverter for property [org.frcpm.models.Milestone:id]
10:24:42.860 [main] DEBUG org.hibernate.boot.model.internal.BasicValueBinder - building BasicValue for id
10:24:42.860 [main] DEBUG org.hibernate.mapping.BasicValue - Skipping column re-registration: milestones.id
10:24:42.860 [main] DEBUG org.hibernate.boot.model.internal.PropertyBinder - Building property id
10:24:42.861 [main] DEBUG org.hibernate.boot.model.internal.BinderHelper - #makeIdGenerator(BasicValue([Column(id)]), id, identity, , ...)
10:24:42.861 [main] DEBUG org.hibernate.boot.model.internal.AnnotatedColumn - Binding column: AnnotatedColumn(column='date')
10:24:42.861 [main] DEBUG org.hibernate.boot.model.internal.PropertyBinder - MetadataSourceProcessor property date with lazy=false
10:24:42.861 [main] DEBUG org.hibernate.boot.model.internal.AbstractPropertyHolder - Attempting to locate auto-apply AttributeConverter for property [org.frcpm.models.Milestone:date]
10:24:42.861 [main] DEBUG org.hibernate.boot.model.internal.BasicValueBinder - building BasicValue for date
10:24:42.861 [main] DEBUG org.hibernate.mapping.BasicValue - Skipping column re-registration: milestones.date
10:24:42.861 [main] DEBUG org.hibernate.boot.model.internal.PropertyBinder - Building property date
10:24:42.861 [main] DEBUG org.hibernate.boot.model.internal.AnnotatedColumn - Binding column: AnnotatedColumn(column='description')
10:24:42.861 [main] DEBUG org.hibernate.boot.model.internal.PropertyBinder - MetadataSourceProcessor property description with lazy=false
10:24:42.861 [main] DEBUG org.hibernate.boot.model.internal.AbstractPropertyHolder - Attempting to locate auto-apply AttributeConverter for property [org.frcpm.models.Milestone:description]
10:24:42.861 [main] DEBUG org.hibernate.boot.model.internal.BasicValueBinder - building BasicValue for description
10:24:42.861 [main] DEBUG org.hibernate.mapping.BasicValue - Skipping column re-registration: milestones.description
10:24:42.861 [main] DEBUG org.hibernate.boot.model.internal.PropertyBinder - Building property description
10:24:42.861 [main] DEBUG org.hibernate.boot.model.internal.AnnotatedColumn - Binding column: AnnotatedColumn(column='name')
10:24:42.861 [main] DEBUG org.hibernate.boot.model.internal.PropertyBinder - MetadataSourceProcessor property name with lazy=false
10:24:42.861 [main] DEBUG org.hibernate.boot.model.internal.AbstractPropertyHolder - Attempting to locate auto-apply AttributeConverter for property [org.frcpm.models.Milestone:name]
10:24:42.861 [main] DEBUG org.hibernate.boot.model.internal.BasicValueBinder - building BasicValue for name
10:24:42.861 [main] DEBUG org.hibernate.mapping.BasicValue - Skipping column re-registration: milestones.name
10:24:42.861 [main] DEBUG org.hibernate.boot.model.internal.PropertyBinder - Building property name
10:24:42.861 [main] DEBUG org.hibernate.boot.model.internal.AnnotatedColumn - Binding column: AnnotatedJoinColumn(column='project_id')
10:24:42.861 [main] DEBUG org.hibernate.boot.model.internal.AnnotatedColumn - Binding column: AnnotatedColumn()
10:24:42.861 [main] DEBUG org.hibernate.boot.model.internal.PropertyBinder - Building property project
10:24:42.862 [main] DEBUG org.hibernate.boot.registry.classloading.internal.ClassLoaderServiceImpl - HHH000194: Package not found or no package-info.java: org.frcpm.models
10:24:42.862 [main] DEBUG org.hibernate.boot.model.internal.EntityBinder - Binding entity from annotated class: org.frcpm.models.Project
10:24:42.862 [main] DEBUG org.hibernate.boot.model.internal.EntityBinder - Import with entity name Project
10:24:42.862 [main] DEBUG org.hibernate.boot.model.internal.EntityBinder - Bind entity org.frcpm.models.Project on table projects
10:24:42.862 [main] DEBUG org.hibernate.boot.model.internal.AnnotatedColumn - Binding column: AnnotatedDiscriminatorColumn(column='DTYPE')
10:24:42.862 [main] DEBUG org.hibernate.boot.model.internal.AnnotatedColumn - Binding column: AnnotatedColumn()
10:24:42.862 [main] DEBUG org.hibernate.boot.internal.ClassLoaderAccessImpl - Not known whether passed class name [org.frcpm.models.Project] is safe
10:24:42.862 [main] DEBUG org.hibernate.boot.internal.ClassLoaderAccessImpl - No temp ClassLoader provided; using live ClassLoader for loading potentially unsafe class : org.frcpm.models.Project
10:24:42.862 [main] DEBUG org.hibernate.boot.model.internal.PropertyBinder - MetadataSourceProcessor property id with lazy=false
10:24:42.862 [main] DEBUG org.hibernate.boot.model.internal.AbstractPropertyHolder - Attempting to locate auto-apply AttributeConverter for property [org.frcpm.models.Project:id]
10:24:42.862 [main] DEBUG org.hibernate.boot.model.internal.BasicValueBinder - building BasicValue for id
10:24:42.862 [main] DEBUG org.hibernate.mapping.BasicValue - Skipping column re-registration: projects.id
10:24:42.862 [main] DEBUG org.hibernate.boot.model.internal.PropertyBinder - Building property id
10:24:42.862 [main] DEBUG org.hibernate.boot.model.internal.BinderHelper - #makeIdGenerator(BasicValue([Column(id)]), id, identity, , ...)
10:24:42.862 [main] DEBUG org.hibernate.boot.model.internal.AnnotatedColumn - Binding column: AnnotatedColumn(column='description')
10:24:42.862 [main] DEBUG org.hibernate.boot.model.internal.PropertyBinder - MetadataSourceProcessor property description with lazy=false
10:24:42.862 [main] DEBUG org.hibernate.boot.model.internal.AbstractPropertyHolder - Attempting to locate auto-apply AttributeConverter for property [org.frcpm.models.Project:description]
10:24:42.862 [main] DEBUG org.hibernate.boot.model.internal.BasicValueBinder - building BasicValue for description
10:24:42.862 [main] DEBUG org.hibernate.mapping.BasicValue - Skipping column re-registration: projects.description
10:24:42.862 [main] DEBUG org.hibernate.boot.model.internal.PropertyBinder - Building property description
10:24:42.862 [main] DEBUG org.hibernate.boot.model.internal.AnnotatedColumn - Binding column: AnnotatedColumn(column='goal_end_date')
10:24:42.862 [main] DEBUG org.hibernate.boot.model.internal.PropertyBinder - MetadataSourceProcessor property goalEndDate with lazy=false
10:24:42.862 [main] DEBUG org.hibernate.boot.model.internal.AbstractPropertyHolder - Attempting to locate auto-apply AttributeConverter for property [org.frcpm.models.Project:goalEndDate]
10:24:42.862 [main] DEBUG org.hibernate.boot.model.internal.BasicValueBinder - building BasicValue for goalEndDate
10:24:42.862 [main] DEBUG org.hibernate.mapping.BasicValue - Skipping column re-registration: projects.goal_end_date
10:24:42.862 [main] DEBUG org.hibernate.boot.model.internal.PropertyBinder - Building property goalEndDate
10:24:42.862 [main] DEBUG org.hibernate.boot.model.internal.AnnotatedColumn - Binding column: AnnotatedColumn(column='hard_deadline')
10:24:42.862 [main] DEBUG org.hibernate.boot.model.internal.PropertyBinder - MetadataSourceProcessor property hardDeadline with lazy=false
10:24:42.862 [main] DEBUG org.hibernate.boot.model.internal.AbstractPropertyHolder - Attempting to locate auto-apply AttributeConverter for property [org.frcpm.models.Project:hardDeadline]
10:24:42.862 [main] DEBUG org.hibernate.boot.model.internal.BasicValueBinder - building BasicValue for hardDeadline
10:24:42.862 [main] DEBUG org.hibernate.mapping.BasicValue - Skipping column re-registration: projects.hard_deadline
10:24:42.862 [main] DEBUG org.hibernate.boot.model.internal.PropertyBinder - Building property hardDeadline
10:24:42.862 [main] DEBUG org.hibernate.boot.model.internal.AnnotatedColumn - Binding column: AnnotatedJoinColumn()
10:24:42.862 [main] DEBUG org.hibernate.boot.model.internal.AnnotatedColumn - Binding column: AnnotatedColumn()
10:24:42.862 [main] DEBUG org.hibernate.boot.model.internal.AnnotatedColumn - Binding column: IndexColumn(column='meetings_ORDER')
10:24:42.862 [main] DEBUG org.hibernate.boot.model.internal.AnnotatedColumn - Binding column: AnnotatedColumn()
10:24:42.862 [main] DEBUG org.hibernate.boot.model.internal.AnnotatedColumn - Binding column: AnnotatedColumn(column='meetings_KEY')
10:24:42.862 [main] DEBUG org.hibernate.boot.model.internal.AnnotatedColumn - Binding column: AnnotatedJoinColumn(column='meetings_KEY')
10:24:42.862 [main] DEBUG org.hibernate.boot.model.internal.AnnotatedColumn - Binding column: AnnotatedJoinColumn()
10:24:42.862 [main] DEBUG org.hibernate.boot.model.internal.AnnotatedColumn - Binding column: AnnotatedJoinColumn()
10:24:42.862 [main] DEBUG org.hibernate.boot.model.internal.CollectionBinder - Collection role: org.frcpm.models.Project.meetings
10:24:42.862 [main] DEBUG org.hibernate.boot.model.internal.PropertyBinder - Building property meetings
10:24:42.862 [main] DEBUG org.hibernate.boot.model.internal.AnnotatedColumn - Binding column: AnnotatedJoinColumn()
10:24:42.862 [main] DEBUG org.hibernate.boot.model.internal.AnnotatedColumn - Binding column: AnnotatedColumn()
10:24:42.862 [main] DEBUG org.hibernate.boot.model.internal.AnnotatedColumn - Binding column: IndexColumn(column='milestones_ORDER')
10:24:42.862 [main] DEBUG org.hibernate.boot.model.internal.AnnotatedColumn - Binding column: AnnotatedColumn()
10:24:42.862 [main] DEBUG org.hibernate.boot.model.internal.AnnotatedColumn - Binding column: AnnotatedColumn(column='milestones_KEY')
10:24:42.862 [main] DEBUG org.hibernate.boot.model.internal.AnnotatedColumn - Binding column: AnnotatedJoinColumn(column='milestones_KEY')
10:24:42.862 [main] DEBUG org.hibernate.boot.model.internal.AnnotatedColumn - Binding column: AnnotatedJoinColumn()
10:24:42.862 [main] DEBUG org.hibernate.boot.model.internal.AnnotatedColumn - Binding column: AnnotatedJoinColumn()
10:24:42.862 [main] DEBUG org.hibernate.boot.model.internal.CollectionBinder - Collection role: org.frcpm.models.Project.milestones
10:24:42.862 [main] DEBUG org.hibernate.boot.model.internal.PropertyBinder - Building property milestones
10:24:42.862 [main] DEBUG org.hibernate.boot.model.internal.AnnotatedColumn - Binding column: AnnotatedColumn(column='name')
10:24:42.862 [main] DEBUG org.hibernate.boot.model.internal.PropertyBinder - MetadataSourceProcessor property name with lazy=false
10:24:42.862 [main] DEBUG org.hibernate.boot.model.internal.AbstractPropertyHolder - Attempting to locate auto-apply AttributeConverter for property [org.frcpm.models.Project:name]
10:24:42.862 [main] DEBUG org.hibernate.boot.model.internal.BasicValueBinder - building BasicValue for name
10:24:42.862 [main] DEBUG org.hibernate.mapping.BasicValue - Skipping column re-registration: projects.name
10:24:42.862 [main] DEBUG org.hibernate.boot.model.internal.PropertyBinder - Building property name
10:24:42.862 [main] DEBUG org.hibernate.boot.model.internal.AnnotatedColumn - Binding column: AnnotatedColumn(column='start_date')
10:24:42.862 [main] DEBUG org.hibernate.boot.model.internal.PropertyBinder - MetadataSourceProcessor property startDate with lazy=false
10:24:42.862 [main] DEBUG org.hibernate.boot.model.internal.AbstractPropertyHolder - Attempting to locate auto-apply AttributeConverter for property [org.frcpm.models.Project:startDate]
10:24:42.862 [main] DEBUG org.hibernate.boot.model.internal.BasicValueBinder - building BasicValue for startDate
10:24:42.862 [main] DEBUG org.hibernate.mapping.BasicValue - Skipping column re-registration: projects.start_date
10:24:42.862 [main] DEBUG org.hibernate.boot.model.internal.PropertyBinder - Building property startDate
10:24:42.862 [main] DEBUG org.hibernate.boot.model.internal.AnnotatedColumn - Binding column: AnnotatedJoinColumn()
10:24:42.862 [main] DEBUG org.hibernate.boot.model.internal.AnnotatedColumn - Binding column: AnnotatedColumn()
10:24:42.863 [main] DEBUG org.hibernate.boot.model.internal.AnnotatedColumn - Binding column: IndexColumn(column='tasks_ORDER')
10:24:42.863 [main] DEBUG org.hibernate.boot.model.internal.AnnotatedColumn - Binding column: AnnotatedColumn()
10:24:42.863 [main] DEBUG org.hibernate.boot.model.internal.AnnotatedColumn - Binding column: AnnotatedColumn(column='tasks_KEY')
10:24:42.863 [main] DEBUG org.hibernate.boot.model.internal.AnnotatedColumn - Binding column: AnnotatedJoinColumn(column='tasks_KEY')
10:24:42.863 [main] DEBUG org.hibernate.boot.model.internal.AnnotatedColumn - Binding column: AnnotatedJoinColumn()
10:24:42.863 [main] DEBUG org.hibernate.boot.model.internal.AnnotatedColumn - Binding column: AnnotatedJoinColumn()
10:24:42.863 [main] DEBUG org.hibernate.boot.model.internal.CollectionBinder - Collection role: org.frcpm.models.Project.tasks
10:24:42.863 [main] DEBUG org.hibernate.boot.model.internal.PropertyBinder - Building property tasks
10:24:42.863 [main] DEBUG org.hibernate.boot.registry.classloading.internal.ClassLoaderServiceImpl - HHH000194: Package not found or no package-info.java: org.frcpm.models
10:24:42.864 [main] DEBUG org.hibernate.boot.model.internal.EntityBinder - Binding entity from annotated class: org.frcpm.models.Subteam
10:24:42.864 [main] DEBUG org.hibernate.boot.model.internal.EntityBinder - Import with entity name Subteam
10:24:42.864 [main] DEBUG org.hibernate.boot.model.internal.EntityBinder - Bind entity org.frcpm.models.Subteam on table subteams
10:24:42.864 [main] DEBUG org.hibernate.boot.model.internal.AnnotatedColumn - Binding column: AnnotatedDiscriminatorColumn(column='DTYPE')
10:24:42.864 [main] DEBUG org.hibernate.boot.model.internal.AnnotatedColumn - Binding column: AnnotatedColumn()
10:24:42.864 [main] DEBUG org.hibernate.boot.internal.ClassLoaderAccessImpl - Not known whether passed class name [org.frcpm.models.Subteam] is safe
10:24:42.864 [main] DEBUG org.hibernate.boot.internal.ClassLoaderAccessImpl - No temp ClassLoader provided; using live ClassLoader for loading potentially unsafe class : org.frcpm.models.Subteam
10:24:42.864 [main] DEBUG org.hibernate.boot.model.internal.PropertyBinder - MetadataSourceProcessor property id with lazy=false
10:24:42.864 [main] DEBUG org.hibernate.boot.model.internal.AbstractPropertyHolder - Attempting to locate auto-apply AttributeConverter for property [org.frcpm.models.Subteam:id]
10:24:42.864 [main] DEBUG org.hibernate.boot.model.internal.BasicValueBinder - building BasicValue for id
10:24:42.864 [main] DEBUG org.hibernate.mapping.BasicValue - Skipping column re-registration: subteams.id
10:24:42.864 [main] DEBUG org.hibernate.boot.model.internal.PropertyBinder - Building property id
10:24:42.864 [main] DEBUG org.hibernate.boot.model.internal.BinderHelper - #makeIdGenerator(BasicValue([Column(id)]), id, identity, , ...)
10:24:42.864 [main] DEBUG org.hibernate.boot.model.internal.AnnotatedColumn - Binding column: AnnotatedColumn(column='color_code')
10:24:42.864 [main] DEBUG org.hibernate.boot.model.internal.PropertyBinder - MetadataSourceProcessor property colorCode with lazy=false
10:24:42.864 [main] DEBUG org.hibernate.boot.model.internal.AbstractPropertyHolder - Attempting to locate auto-apply AttributeConverter for property [org.frcpm.models.Subteam:colorCode]
10:24:42.864 [main] DEBUG org.hibernate.boot.model.internal.BasicValueBinder - building BasicValue for colorCode
10:24:42.864 [main] DEBUG org.hibernate.mapping.BasicValue - Skipping column re-registration: subteams.color_code
10:24:42.864 [main] DEBUG org.hibernate.boot.model.internal.PropertyBinder - Building property colorCode
10:24:42.864 [main] DEBUG org.hibernate.boot.model.internal.AnnotatedColumn - Binding column: AnnotatedJoinColumn()
10:24:42.864 [main] DEBUG org.hibernate.boot.model.internal.AnnotatedColumn - Binding column: AnnotatedColumn()
10:24:42.864 [main] DEBUG org.hibernate.boot.model.internal.AnnotatedColumn - Binding column: IndexColumn(column='members_ORDER')
10:24:42.864 [main] DEBUG org.hibernate.boot.model.internal.AnnotatedColumn - Binding column: AnnotatedColumn()
10:24:42.864 [main] DEBUG org.hibernate.boot.model.internal.AnnotatedColumn - Binding column: AnnotatedColumn(column='members_KEY')
10:24:42.864 [main] DEBUG org.hibernate.boot.model.internal.AnnotatedColumn - Binding column: AnnotatedJoinColumn(column='members_KEY')
10:24:42.864 [main] DEBUG org.hibernate.boot.model.internal.AnnotatedColumn - Binding column: AnnotatedJoinColumn()
10:24:42.864 [main] DEBUG org.hibernate.boot.model.internal.AnnotatedColumn - Binding column: AnnotatedJoinColumn()
10:24:42.864 [main] DEBUG org.hibernate.boot.model.internal.CollectionBinder - Collection role: org.frcpm.models.Subteam.members
10:24:42.864 [main] DEBUG org.hibernate.boot.model.internal.PropertyBinder - Building property members
10:24:42.864 [main] DEBUG org.hibernate.boot.model.internal.AnnotatedColumn - Binding column: AnnotatedColumn(column='name')
10:24:42.864 [main] DEBUG org.hibernate.boot.model.internal.PropertyBinder - MetadataSourceProcessor property name with lazy=false
10:24:42.864 [main] DEBUG org.hibernate.boot.model.internal.AbstractPropertyHolder - Attempting to locate auto-apply AttributeConverter for property [org.frcpm.models.Subteam:name]
10:24:42.864 [main] DEBUG org.hibernate.boot.model.internal.BasicValueBinder - building BasicValue for name
10:24:42.864 [main] DEBUG org.hibernate.mapping.BasicValue - Skipping column re-registration: subteams.name
10:24:42.864 [main] DEBUG org.hibernate.boot.model.internal.PropertyBinder - Building property name
10:24:42.864 [main] DEBUG org.hibernate.boot.model.internal.AnnotatedColumn - Binding column: AnnotatedColumn(column='specialties')
10:24:42.864 [main] DEBUG org.hibernate.boot.model.internal.PropertyBinder - MetadataSourceProcessor property specialties with lazy=false
10:24:42.864 [main] DEBUG org.hibernate.boot.model.internal.AbstractPropertyHolder - Attempting to locate auto-apply AttributeConverter for property [org.frcpm.models.Subteam:specialties]
10:24:42.864 [main] DEBUG org.hibernate.boot.model.internal.BasicValueBinder - building BasicValue for specialties
10:24:42.864 [main] DEBUG org.hibernate.mapping.BasicValue - Skipping column re-registration: subteams.specialties
10:24:42.864 [main] DEBUG org.hibernate.boot.model.internal.PropertyBinder - Building property specialties
10:24:42.864 [main] DEBUG org.hibernate.boot.model.internal.AnnotatedColumn - Binding column: AnnotatedJoinColumn()
10:24:42.864 [main] DEBUG org.hibernate.boot.model.internal.AnnotatedColumn - Binding column: AnnotatedColumn()
10:24:42.864 [main] DEBUG org.hibernate.boot.model.internal.AnnotatedColumn - Binding column: IndexColumn(column='subsystems_ORDER')
10:24:42.864 [main] DEBUG org.hibernate.boot.model.internal.AnnotatedColumn - Binding column: AnnotatedColumn()
10:24:42.864 [main] DEBUG org.hibernate.boot.model.internal.AnnotatedColumn - Binding column: AnnotatedColumn(column='subsystems_KEY')
10:24:42.864 [main] DEBUG org.hibernate.boot.model.internal.AnnotatedColumn - Binding column: AnnotatedJoinColumn(column='subsystems_KEY')
10:24:42.864 [main] DEBUG org.hibernate.boot.model.internal.AnnotatedColumn - Binding column: AnnotatedJoinColumn()
10:24:42.864 [main] DEBUG org.hibernate.boot.model.internal.AnnotatedColumn - Binding column: AnnotatedJoinColumn()
10:24:42.864 [main] DEBUG org.hibernate.boot.model.internal.CollectionBinder - Collection role: org.frcpm.models.Subteam.subsystems
10:24:42.864 [main] DEBUG org.hibernate.boot.model.internal.PropertyBinder - Building property subsystems
10:24:42.865 [main] DEBUG org.hibernate.boot.registry.classloading.internal.ClassLoaderServiceImpl - HHH000194: Package not found or no package-info.java: org.frcpm.models
10:24:42.865 [main] DEBUG org.hibernate.boot.model.internal.EntityBinder - Binding entity from annotated class: org.frcpm.models.Task
10:24:42.865 [main] DEBUG org.hibernate.boot.model.internal.EntityBinder - Import with entity name Task
10:24:42.865 [main] DEBUG org.hibernate.boot.model.internal.EntityBinder - Bind entity org.frcpm.models.Task on table tasks
10:24:42.865 [main] DEBUG org.hibernate.boot.model.internal.AnnotatedColumn - Binding column: AnnotatedDiscriminatorColumn(column='DTYPE')
10:24:42.865 [main] DEBUG org.hibernate.boot.model.internal.AnnotatedColumn - Binding column: AnnotatedColumn()
10:24:42.865 [main] DEBUG org.hibernate.boot.internal.ClassLoaderAccessImpl - Not known whether passed class name [org.frcpm.models.Task] is safe
10:24:42.865 [main] DEBUG org.hibernate.boot.internal.ClassLoaderAccessImpl - No temp ClassLoader provided; using live ClassLoader for loading potentially unsafe class : org.frcpm.models.Task
10:24:42.865 [main] DEBUG org.hibernate.boot.model.internal.PropertyBinder - MetadataSourceProcessor property id with lazy=false
10:24:42.865 [main] DEBUG org.hibernate.boot.model.internal.AbstractPropertyHolder - Attempting to locate auto-apply AttributeConverter for property [org.frcpm.models.Task:id]
10:24:42.865 [main] DEBUG org.hibernate.boot.model.internal.BasicValueBinder - building BasicValue for id
10:24:42.865 [main] DEBUG org.hibernate.mapping.BasicValue - Skipping column re-registration: tasks.id
10:24:42.865 [main] DEBUG org.hibernate.boot.model.internal.PropertyBinder - Building property id
10:24:42.865 [main] DEBUG org.hibernate.boot.model.internal.BinderHelper - #makeIdGenerator(BasicValue([Column(id)]), id, identity, , ...)
10:24:42.865 [main] DEBUG org.hibernate.boot.model.internal.AnnotatedColumn - Binding column: AnnotatedColumn(column='actual_duration_seconds')
10:24:42.865 [main] DEBUG org.hibernate.boot.model.internal.PropertyBinder - MetadataSourceProcessor property actualDurationSeconds with lazy=false
10:24:42.865 [main] DEBUG org.hibernate.boot.model.internal.AbstractPropertyHolder - Attempting to locate auto-apply AttributeConverter for property [org.frcpm.models.Task:actualDurationSeconds]
10:24:42.865 [main] DEBUG org.hibernate.boot.model.internal.BasicValueBinder - building BasicValue for actualDurationSeconds
10:24:42.865 [main] DEBUG org.hibernate.mapping.BasicValue - Skipping column re-registration: tasks.actual_duration_seconds
10:24:42.865 [main] DEBUG org.hibernate.boot.model.internal.PropertyBinder - Building property actualDurationSeconds
10:24:42.865 [main] DEBUG org.hibernate.boot.model.internal.AnnotatedColumn - Binding column: IndexColumn(column='assignedTo_ORDER')
10:24:42.865 [main] DEBUG org.hibernate.boot.model.internal.AnnotatedColumn - Binding column: AnnotatedColumn()
10:24:42.865 [main] DEBUG org.hibernate.boot.model.internal.AnnotatedColumn - Binding column: AnnotatedColumn(column='assignedTo_KEY')
10:24:42.865 [main] DEBUG org.hibernate.boot.model.internal.AnnotatedColumn - Binding column: AnnotatedJoinColumn(column='assignedTo_KEY')
10:24:42.865 [main] DEBUG org.hibernate.boot.model.internal.AnnotatedColumn - Binding column: AnnotatedJoinColumn(column='task_id')
10:24:42.865 [main] DEBUG org.hibernate.boot.model.internal.AnnotatedColumn - Binding column: AnnotatedJoinColumn(column='team_member_id')
10:24:42.865 [main] DEBUG org.hibernate.boot.model.internal.CollectionBinder - Collection role: org.frcpm.models.Task.assignedTo
10:24:42.865 [main] DEBUG org.hibernate.boot.model.internal.PropertyBinder - Building property assignedTo
10:24:42.865 [main] DEBUG org.hibernate.boot.model.internal.AnnotatedColumn - Binding column: AnnotatedColumn(column='completed')
10:24:42.865 [main] DEBUG org.hibernate.boot.model.internal.PropertyBinder - MetadataSourceProcessor property completed with lazy=false
10:24:42.865 [main] DEBUG org.hibernate.boot.model.internal.AbstractPropertyHolder - Attempting to locate auto-apply AttributeConverter for property [org.frcpm.models.Task:completed]
10:24:42.865 [main] DEBUG org.hibernate.boot.model.internal.BasicValueBinder - building BasicValue for completed
10:24:42.865 [main] DEBUG org.hibernate.mapping.BasicValue - Skipping column re-registration: tasks.completed
10:24:42.865 [main] DEBUG org.hibernate.boot.model.internal.PropertyBinder - Building property completed
10:24:42.865 [main] DEBUG org.hibernate.boot.model.internal.AnnotatedColumn - Binding column: AnnotatedColumn(column='description')
10:24:42.865 [main] DEBUG org.hibernate.boot.model.internal.PropertyBinder - MetadataSourceProcessor property description with lazy=false
10:24:42.865 [main] DEBUG org.hibernate.boot.model.internal.AbstractPropertyHolder - Attempting to locate auto-apply AttributeConverter for property [org.frcpm.models.Task:description]
10:24:42.865 [main] DEBUG org.hibernate.boot.model.internal.BasicValueBinder - building BasicValue for description
10:24:42.865 [main] DEBUG org.hibernate.mapping.BasicValue - Skipping column re-registration: tasks.description
10:24:42.865 [main] DEBUG org.hibernate.boot.model.internal.PropertyBinder - Building property description
10:24:42.866 [main] DEBUG org.hibernate.boot.model.internal.AnnotatedColumn - Binding column: AnnotatedColumn(column='end_date')
10:24:42.866 [main] DEBUG org.hibernate.boot.model.internal.PropertyBinder - MetadataSourceProcessor property endDate with lazy=false
10:24:42.866 [main] DEBUG org.hibernate.boot.model.internal.AbstractPropertyHolder - Attempting to locate auto-apply AttributeConverter for property [org.frcpm.models.Task:endDate]
10:24:42.866 [main] DEBUG org.hibernate.boot.model.internal.BasicValueBinder - building BasicValue for endDate
10:24:42.866 [main] DEBUG org.hibernate.mapping.BasicValue - Skipping column re-registration: tasks.end_date
10:24:42.866 [main] DEBUG org.hibernate.boot.model.internal.PropertyBinder - Building property endDate
10:24:42.866 [main] DEBUG org.hibernate.boot.model.internal.AnnotatedColumn - Binding column: AnnotatedColumn(column='estimated_duration_seconds')
10:24:42.866 [main] DEBUG org.hibernate.boot.model.internal.PropertyBinder - MetadataSourceProcessor property estimatedDurationSeconds with lazy=false
10:24:42.866 [main] DEBUG org.hibernate.boot.model.internal.AbstractPropertyHolder - Attempting to locate auto-apply AttributeConverter for property [org.frcpm.models.Task:estimatedDurationSeconds]
10:24:42.866 [main] DEBUG org.hibernate.boot.model.internal.BasicValueBinder - building BasicValue for estimatedDurationSeconds
10:24:42.866 [main] DEBUG org.hibernate.mapping.BasicValue - Skipping column re-registration: tasks.estimated_duration_seconds
10:24:42.866 [main] DEBUG org.hibernate.boot.model.internal.PropertyBinder - Building property estimatedDurationSeconds
10:24:42.866 [main] DEBUG org.hibernate.boot.model.internal.AnnotatedColumn - Binding column: IndexColumn(column='postDependencies_ORDER')
10:24:42.866 [main] DEBUG org.hibernate.boot.model.internal.AnnotatedColumn - Binding column: AnnotatedColumn()
10:24:42.866 [main] DEBUG org.hibernate.boot.model.internal.AnnotatedColumn - Binding column: AnnotatedColumn(column='postDependencies_KEY')
10:24:42.866 [main] DEBUG org.hibernate.boot.model.internal.AnnotatedColumn - Binding column: AnnotatedJoinColumn(column='postDependencies_KEY')
10:24:42.866 [main] DEBUG org.hibernate.boot.model.internal.AnnotatedColumn - Binding column: AnnotatedJoinColumn()
10:24:42.866 [main] DEBUG org.hibernate.boot.model.internal.AnnotatedColumn - Binding column: AnnotatedJoinColumn()
10:24:42.866 [main] DEBUG org.hibernate.boot.model.internal.CollectionBinder - Collection role: org.frcpm.models.Task.postDependencies
10:24:42.866 [main] DEBUG org.hibernate.boot.model.internal.PropertyBinder - Building property postDependencies
10:24:42.866 [main] DEBUG org.hibernate.boot.model.internal.AnnotatedColumn - Binding column: IndexColumn(column='preDependencies_ORDER')
10:24:42.866 [main] DEBUG org.hibernate.boot.model.internal.AnnotatedColumn - Binding column: AnnotatedColumn()
10:24:42.866 [main] DEBUG org.hibernate.boot.model.internal.AnnotatedColumn - Binding column: AnnotatedColumn(column='preDependencies_KEY')
10:24:42.866 [main] DEBUG org.hibernate.boot.model.internal.AnnotatedColumn - Binding column: AnnotatedJoinColumn(column='preDependencies_KEY')
10:24:42.866 [main] DEBUG org.hibernate.boot.model.internal.AnnotatedColumn - Binding column: AnnotatedJoinColumn(column='task_id')
10:24:42.866 [main] DEBUG org.hibernate.boot.model.internal.AnnotatedColumn - Binding column: AnnotatedJoinColumn(column='dependency_id')
10:24:42.866 [main] DEBUG org.hibernate.boot.model.internal.CollectionBinder - Collection role: org.frcpm.models.Task.preDependencies
10:24:42.866 [main] DEBUG org.hibernate.boot.model.internal.PropertyBinder - Building property preDependencies
10:24:42.866 [main] DEBUG org.hibernate.boot.model.internal.AnnotatedColumn - Binding column: AnnotatedColumn(column='priority')
10:24:42.866 [main] DEBUG org.hibernate.boot.model.internal.PropertyBinder - MetadataSourceProcessor property priority with lazy=false
10:24:42.866 [main] DEBUG org.hibernate.boot.model.internal.AbstractPropertyHolder - Attempting to locate auto-apply AttributeConverter for property [org.frcpm.models.Task:priority]
10:24:42.866 [main] DEBUG org.hibernate.boot.model.internal.BasicValueBinder - building BasicValue for priority
10:24:42.866 [main] DEBUG org.hibernate.mapping.BasicValue - Skipping column re-registration: tasks.priority
10:24:42.866 [main] DEBUG org.hibernate.boot.model.internal.PropertyBinder - Building property priority
10:24:42.866 [main] DEBUG org.hibernate.boot.model.internal.AnnotatedColumn - Binding column: AnnotatedColumn(column='progress')
10:24:42.866 [main] DEBUG org.hibernate.boot.model.internal.PropertyBinder - MetadataSourceProcessor property progress with lazy=false
10:24:42.866 [main] DEBUG org.hibernate.boot.model.internal.AbstractPropertyHolder - Attempting to locate auto-apply AttributeConverter for property [org.frcpm.models.Task:progress]
10:24:42.866 [main] DEBUG org.hibernate.boot.model.internal.BasicValueBinder - building BasicValue for progress
10:24:42.866 [main] DEBUG org.hibernate.mapping.BasicValue - Skipping column re-registration: tasks.progress
10:24:42.866 [main] DEBUG org.hibernate.boot.model.internal.PropertyBinder - Building property progress
10:24:42.866 [main] DEBUG org.hibernate.boot.model.internal.AnnotatedColumn - Binding column: AnnotatedJoinColumn(column='project_id')
10:24:42.866 [main] DEBUG org.hibernate.boot.model.internal.AnnotatedColumn - Binding column: AnnotatedColumn()
10:24:42.866 [main] DEBUG org.hibernate.boot.model.internal.PropertyBinder - Building property project
10:24:42.866 [main] DEBUG org.hibernate.boot.model.internal.AnnotatedColumn - Binding column: IndexColumn(column='requiredComponents_ORDER')
10:24:42.866 [main] DEBUG org.hibernate.boot.model.internal.AnnotatedColumn - Binding column: AnnotatedColumn()
10:24:42.866 [main] DEBUG org.hibernate.boot.model.internal.AnnotatedColumn - Binding column: AnnotatedColumn(column='requiredComponents_KEY')
10:24:42.866 [main] DEBUG org.hibernate.boot.model.internal.AnnotatedColumn - Binding column: AnnotatedJoinColumn(column='requiredComponents_KEY')
10:24:42.866 [main] DEBUG org.hibernate.boot.model.internal.AnnotatedColumn - Binding column: AnnotatedJoinColumn(column='task_id')
10:24:42.866 [main] DEBUG org.hibernate.boot.model.internal.AnnotatedColumn - Binding column: AnnotatedJoinColumn(column='component_id')
10:24:42.866 [main] DEBUG org.hibernate.boot.model.internal.CollectionBinder - Collection role: org.frcpm.models.Task.requiredComponents
10:24:42.866 [main] DEBUG org.hibernate.boot.model.internal.PropertyBinder - Building property requiredComponents
10:24:42.866 [main] DEBUG org.hibernate.boot.model.internal.AnnotatedColumn - Binding column: AnnotatedColumn(column='start_date')
10:24:42.866 [main] DEBUG org.hibernate.boot.model.internal.PropertyBinder - MetadataSourceProcessor property startDate with lazy=false
10:24:42.866 [main] DEBUG org.hibernate.boot.model.internal.AbstractPropertyHolder - Attempting to locate auto-apply AttributeConverter for property [org.frcpm.models.Task:startDate]
10:24:42.866 [main] DEBUG org.hibernate.boot.model.internal.BasicValueBinder - building BasicValue for startDate
10:24:42.866 [main] DEBUG org.hibernate.mapping.BasicValue - Skipping column re-registration: tasks.start_date
10:24:42.866 [main] DEBUG org.hibernate.boot.model.internal.PropertyBinder - Building property startDate
10:24:42.866 [main] DEBUG org.hibernate.boot.model.internal.AnnotatedColumn - Binding column: AnnotatedJoinColumn(column='subsystem_id')
10:24:42.866 [main] DEBUG org.hibernate.boot.model.internal.AnnotatedColumn - Binding column: AnnotatedColumn()
10:24:42.866 [main] DEBUG org.hibernate.boot.model.internal.PropertyBinder - Building property subsystem
10:24:42.866 [main] DEBUG org.hibernate.boot.model.internal.AnnotatedColumn - Binding column: AnnotatedColumn(column='title')
10:24:42.866 [main] DEBUG org.hibernate.boot.model.internal.PropertyBinder - MetadataSourceProcessor property title with lazy=false
10:24:42.866 [main] DEBUG org.hibernate.boot.model.internal.AbstractPropertyHolder - Attempting to locate auto-apply AttributeConverter for property [org.frcpm.models.Task:title]
10:24:42.866 [main] DEBUG org.hibernate.boot.model.internal.BasicValueBinder - building BasicValue for title
10:24:42.866 [main] DEBUG org.hibernate.mapping.BasicValue - Skipping column re-registration: tasks.title
10:24:42.866 [main] DEBUG org.hibernate.boot.model.internal.PropertyBinder - Building property title
10:24:42.867 [main] DEBUG org.hibernate.boot.registry.classloading.internal.ClassLoaderServiceImpl - HHH000194: Package not found or no package-info.java: org.frcpm.models
10:24:42.867 [main] DEBUG org.hibernate.boot.model.internal.EntityBinder - Binding entity from annotated class: org.frcpm.models.TeamMember
10:24:42.867 [main] DEBUG org.hibernate.boot.model.internal.EntityBinder - Import with entity name TeamMember
10:24:42.867 [main] DEBUG org.hibernate.boot.model.internal.EntityBinder - Bind entity org.frcpm.models.TeamMember on table team_members
10:24:42.867 [main] DEBUG org.hibernate.boot.model.internal.AnnotatedColumn - Binding column: AnnotatedDiscriminatorColumn(column='DTYPE')
10:24:42.867 [main] DEBUG org.hibernate.boot.model.internal.AnnotatedColumn - Binding column: AnnotatedColumn()
10:24:42.867 [main] DEBUG org.hibernate.boot.internal.ClassLoaderAccessImpl - Not known whether passed class name [org.frcpm.models.TeamMember] is safe
10:24:42.867 [main] DEBUG org.hibernate.boot.internal.ClassLoaderAccessImpl - No temp ClassLoader provided; using live ClassLoader for loading potentially unsafe class : org.frcpm.models.TeamMember
10:24:42.867 [main] DEBUG org.hibernate.boot.model.internal.PropertyBinder - MetadataSourceProcessor property id with lazy=false
10:24:42.867 [main] DEBUG org.hibernate.boot.model.internal.AbstractPropertyHolder - Attempting to locate auto-apply AttributeConverter for property [org.frcpm.models.TeamMember:id]
10:24:42.867 [main] DEBUG org.hibernate.boot.model.internal.BasicValueBinder - building BasicValue for id
10:24:42.867 [main] DEBUG org.hibernate.mapping.BasicValue - Skipping column re-registration: team_members.id
10:24:42.867 [main] DEBUG org.hibernate.boot.model.internal.PropertyBinder - Building property id
10:24:42.867 [main] DEBUG org.hibernate.boot.model.internal.BinderHelper - #makeIdGenerator(BasicValue([Column(id)]), id, identity, , ...)
10:24:42.867 [main] DEBUG org.hibernate.boot.model.internal.AnnotatedColumn - Binding column: IndexColumn(column='assignedTasks_ORDER')
10:24:42.867 [main] DEBUG org.hibernate.boot.model.internal.AnnotatedColumn - Binding column: AnnotatedColumn()
10:24:42.867 [main] DEBUG org.hibernate.boot.model.internal.AnnotatedColumn - Binding column: AnnotatedColumn(column='assignedTasks_KEY')
10:24:42.867 [main] DEBUG org.hibernate.boot.model.internal.AnnotatedColumn - Binding column: AnnotatedJoinColumn(column='assignedTasks_KEY')
10:24:42.867 [main] DEBUG org.hibernate.boot.model.internal.AnnotatedColumn - Binding column: AnnotatedJoinColumn()
10:24:42.867 [main] DEBUG org.hibernate.boot.model.internal.AnnotatedColumn - Binding column: AnnotatedJoinColumn()
10:24:42.867 [main] DEBUG org.hibernate.boot.model.internal.CollectionBinder - Collection role: org.frcpm.models.TeamMember.assignedTasks
10:24:42.867 [main] DEBUG org.hibernate.boot.model.internal.PropertyBinder - Building property assignedTasks
10:24:42.867 [main] DEBUG org.hibernate.boot.model.internal.AnnotatedColumn - Binding column: AnnotatedJoinColumn()
10:24:42.867 [main] DEBUG org.hibernate.boot.model.internal.AnnotatedColumn - Binding column: AnnotatedColumn()
10:24:42.867 [main] DEBUG org.hibernate.boot.model.internal.AnnotatedColumn - Binding column: IndexColumn(column='attendances_ORDER')
10:24:42.867 [main] DEBUG org.hibernate.boot.model.internal.AnnotatedColumn - Binding column: AnnotatedColumn()
10:24:42.867 [main] DEBUG org.hibernate.boot.model.internal.AnnotatedColumn - Binding column: AnnotatedColumn(column='attendances_KEY')
10:24:42.867 [main] DEBUG org.hibernate.boot.model.internal.AnnotatedColumn - Binding column: AnnotatedJoinColumn(column='attendances_KEY')
10:24:42.867 [main] DEBUG org.hibernate.boot.model.internal.AnnotatedColumn - Binding column: AnnotatedJoinColumn()
10:24:42.867 [main] DEBUG org.hibernate.boot.model.internal.AnnotatedColumn - Binding column: AnnotatedJoinColumn()
10:24:42.867 [main] DEBUG org.hibernate.boot.model.internal.CollectionBinder - Collection role: org.frcpm.models.TeamMember.attendances
10:24:42.867 [main] DEBUG org.hibernate.boot.model.internal.PropertyBinder - Building property attendances
10:24:42.867 [main] DEBUG org.hibernate.boot.model.internal.AnnotatedColumn - Binding column: AnnotatedColumn(column='email')
10:24:42.867 [main] DEBUG org.hibernate.boot.model.internal.PropertyBinder - MetadataSourceProcessor property email with lazy=false
10:24:42.867 [main] DEBUG org.hibernate.boot.model.internal.AbstractPropertyHolder - Attempting to locate auto-apply AttributeConverter for property [org.frcpm.models.TeamMember:email]
10:24:42.867 [main] DEBUG org.hibernate.boot.model.internal.BasicValueBinder - building BasicValue for email
10:24:42.867 [main] DEBUG org.hibernate.mapping.BasicValue - Skipping column re-registration: team_members.email
10:24:42.867 [main] DEBUG org.hibernate.boot.model.internal.PropertyBinder - Building property email
10:24:42.867 [main] DEBUG org.hibernate.boot.model.internal.AnnotatedColumn - Binding column: AnnotatedColumn(column='first_name')
10:24:42.867 [main] DEBUG org.hibernate.boot.model.internal.PropertyBinder - MetadataSourceProcessor property firstName with lazy=false
10:24:42.867 [main] DEBUG org.hibernate.boot.model.internal.AbstractPropertyHolder - Attempting to locate auto-apply AttributeConverter for property [org.frcpm.models.TeamMember:firstName]
10:24:42.867 [main] DEBUG org.hibernate.boot.model.internal.BasicValueBinder - building BasicValue for firstName
10:24:42.867 [main] DEBUG org.hibernate.mapping.BasicValue - Skipping column re-registration: team_members.first_name
10:24:42.867 [main] DEBUG org.hibernate.boot.model.internal.PropertyBinder - Building property firstName
10:24:42.867 [main] DEBUG org.hibernate.boot.model.internal.AnnotatedColumn - Binding column: AnnotatedColumn(column='last_name')
10:24:42.867 [main] DEBUG org.hibernate.boot.model.internal.PropertyBinder - MetadataSourceProcessor property lastName with lazy=false
10:24:42.867 [main] DEBUG org.hibernate.boot.model.internal.AbstractPropertyHolder - Attempting to locate auto-apply AttributeConverter for property [org.frcpm.models.TeamMember:lastName]
10:24:42.867 [main] DEBUG org.hibernate.boot.model.internal.BasicValueBinder - building BasicValue for lastName
10:24:42.867 [main] DEBUG org.hibernate.mapping.BasicValue - Skipping column re-registration: team_members.last_name
10:24:42.867 [main] DEBUG org.hibernate.boot.model.internal.PropertyBinder - Building property lastName
10:24:42.867 [main] DEBUG org.hibernate.boot.model.internal.AnnotatedColumn - Binding column: AnnotatedColumn(column='is_leader')
10:24:42.867 [main] DEBUG org.hibernate.boot.model.internal.PropertyBinder - MetadataSourceProcessor property leader with lazy=false
10:24:42.867 [main] DEBUG org.hibernate.boot.model.internal.AbstractPropertyHolder - Attempting to locate auto-apply AttributeConverter for property [org.frcpm.models.TeamMember:leader]
10:24:42.867 [main] DEBUG org.hibernate.boot.model.internal.BasicValueBinder - building BasicValue for leader
10:24:42.867 [main] DEBUG org.hibernate.mapping.BasicValue - Skipping column re-registration: team_members.is_leader
10:24:42.867 [main] DEBUG org.hibernate.boot.model.internal.PropertyBinder - Building property leader
10:24:42.867 [main] DEBUG org.hibernate.boot.model.internal.AnnotatedColumn - Binding column: AnnotatedColumn(column='phone')
10:24:42.867 [main] DEBUG org.hibernate.boot.model.internal.PropertyBinder - MetadataSourceProcessor property phone with lazy=false
10:24:42.867 [main] DEBUG org.hibernate.boot.model.internal.AbstractPropertyHolder - Attempting to locate auto-apply AttributeConverter for property [org.frcpm.models.TeamMember:phone]
10:24:42.868 [main] DEBUG org.hibernate.boot.model.internal.BasicValueBinder - building BasicValue for phone
10:24:42.868 [main] DEBUG org.hibernate.mapping.BasicValue - Skipping column re-registration: team_members.phone
10:24:42.868 [main] DEBUG org.hibernate.boot.model.internal.PropertyBinder - Building property phone
10:24:42.868 [main] DEBUG org.hibernate.boot.model.internal.AnnotatedColumn - Binding column: AnnotatedColumn(column='skills')
10:24:42.868 [main] DEBUG org.hibernate.boot.model.internal.PropertyBinder - MetadataSourceProcessor property skills with lazy=false
10:24:42.868 [main] DEBUG org.hibernate.boot.model.internal.AbstractPropertyHolder - Attempting to locate auto-apply AttributeConverter for property [org.frcpm.models.TeamMember:skills]
10:24:42.868 [main] DEBUG org.hibernate.boot.model.internal.BasicValueBinder - building BasicValue for skills
10:24:42.868 [main] DEBUG org.hibernate.mapping.BasicValue - Skipping column re-registration: team_members.skills
10:24:42.868 [main] DEBUG org.hibernate.boot.model.internal.PropertyBinder - Building property skills
10:24:42.868 [main] DEBUG org.hibernate.boot.model.internal.AnnotatedColumn - Binding column: AnnotatedJoinColumn(column='subteam_id')
10:24:42.868 [main] DEBUG org.hibernate.boot.model.internal.AnnotatedColumn - Binding column: AnnotatedColumn()
10:24:42.868 [main] DEBUG org.hibernate.boot.model.internal.PropertyBinder - Building property subteam
10:24:42.868 [main] DEBUG org.hibernate.boot.model.internal.AnnotatedColumn - Binding column: AnnotatedColumn(column='username')
10:24:42.868 [main] DEBUG org.hibernate.boot.model.internal.PropertyBinder - MetadataSourceProcessor property username with lazy=false
10:24:42.868 [main] DEBUG org.hibernate.boot.model.internal.AbstractPropertyHolder - Attempting to locate auto-apply AttributeConverter for property [org.frcpm.models.TeamMember:username]
10:24:42.868 [main] DEBUG org.hibernate.boot.model.internal.BasicValueBinder - building BasicValue for username
10:24:42.868 [main] DEBUG org.hibernate.mapping.BasicValue - Skipping column re-registration: team_members.username
10:24:42.868 [main] DEBUG org.hibernate.boot.model.internal.PropertyBinder - Building property username
10:24:42.868 [main] DEBUG org.hibernate.boot.registry.classloading.internal.ClassLoaderServiceImpl - HHH000194: Package not found or no package-info.java: org.frcpm.models
10:24:42.869 [main] DEBUG org.hibernate.boot.model.internal.BasicValueBinder - Starting `BasicValueBinder#fillSimpleValue` for id
10:24:42.869 [main] DEBUG org.hibernate.boot.model.internal.BasicValueBinder - Starting `BasicValueBinder#fillSimpleValue` for arrivalTime
10:24:42.869 [main] DEBUG org.hibernate.boot.model.internal.BasicValueBinder - Starting `BasicValueBinder#fillSimpleValue` for departureTime
10:24:42.869 [main] DEBUG org.hibernate.boot.model.internal.BasicValueBinder - Starting `BasicValueBinder#fillSimpleValue` for present
10:24:42.869 [main] DEBUG org.hibernate.boot.model.internal.BasicValueBinder - Starting `BasicValueBinder#fillSimpleValue` for id
10:24:42.869 [main] DEBUG org.hibernate.boot.model.internal.BasicValueBinder - Starting `BasicValueBinder#fillSimpleValue` for date
10:24:42.869 [main] DEBUG org.hibernate.boot.model.internal.BasicValueBinder - Starting `BasicValueBinder#fillSimpleValue` for endTime
10:24:42.869 [main] DEBUG org.hibernate.boot.model.internal.BasicValueBinder - Starting `BasicValueBinder#fillSimpleValue` for notes
10:24:42.869 [main] DEBUG org.hibernate.boot.model.internal.BasicValueBinder - Starting `BasicValueBinder#fillSimpleValue` for startTime
10:24:42.869 [main] DEBUG org.hibernate.boot.model.internal.BasicValueBinder - Starting `BasicValueBinder#fillSimpleValue` for id
10:24:42.869 [main] DEBUG org.hibernate.boot.model.internal.BasicValueBinder - Starting `BasicValueBinder#fillSimpleValue` for description
10:24:42.869 [main] DEBUG org.hibernate.boot.model.internal.BasicValueBinder - Starting `BasicValueBinder#fillSimpleValue` for name
10:24:42.869 [main] DEBUG org.hibernate.boot.model.internal.BasicValueBinder - Starting `BasicValueBinder#fillSimpleValue` for status
10:24:42.869 [main] DEBUG org.hibernate.boot.model.internal.BasicValueBinder - Starting `BasicValueBinder#fillSimpleValue` for id
10:24:42.869 [main] DEBUG org.hibernate.boot.model.internal.BasicValueBinder - Starting `BasicValueBinder#fillSimpleValue` for actualDelivery
10:24:42.869 [main] DEBUG org.hibernate.boot.model.internal.BasicValueBinder - Starting `BasicValueBinder#fillSimpleValue` for delivered
10:24:42.869 [main] DEBUG org.hibernate.boot.model.internal.BasicValueBinder - Starting `BasicValueBinder#fillSimpleValue` for description
10:24:42.869 [main] DEBUG org.hibernate.boot.model.internal.BasicValueBinder - Starting `BasicValueBinder#fillSimpleValue` for expectedDelivery
10:24:42.869 [main] DEBUG org.hibernate.boot.model.internal.BasicValueBinder - Starting `BasicValueBinder#fillSimpleValue` for name
10:24:42.869 [main] DEBUG org.hibernate.boot.model.internal.BasicValueBinder - Starting `BasicValueBinder#fillSimpleValue` for partNumber
10:24:42.869 [main] DEBUG org.hibernate.boot.model.internal.BasicValueBinder - Starting `BasicValueBinder#fillSimpleValue` for id
10:24:42.869 [main] DEBUG org.hibernate.boot.model.internal.BasicValueBinder - Starting `BasicValueBinder#fillSimpleValue` for date
10:24:42.869 [main] DEBUG org.hibernate.boot.model.internal.BasicValueBinder - Starting `BasicValueBinder#fillSimpleValue` for description
10:24:42.869 [main] DEBUG org.hibernate.boot.model.internal.BasicValueBinder - Starting `BasicValueBinder#fillSimpleValue` for name
10:24:42.869 [main] DEBUG org.hibernate.boot.model.internal.BasicValueBinder - Starting `BasicValueBinder#fillSimpleValue` for id
10:24:42.869 [main] DEBUG org.hibernate.boot.model.internal.BasicValueBinder - Starting `BasicValueBinder#fillSimpleValue` for description
10:24:42.869 [main] DEBUG org.hibernate.boot.model.internal.BasicValueBinder - Starting `BasicValueBinder#fillSimpleValue` for goalEndDate
10:24:42.869 [main] DEBUG org.hibernate.boot.model.internal.BasicValueBinder - Starting `BasicValueBinder#fillSimpleValue` for hardDeadline
10:24:42.869 [main] DEBUG org.hibernate.boot.model.internal.BasicValueBinder - Starting `BasicValueBinder#fillSimpleValue` for name
10:24:42.869 [main] DEBUG org.hibernate.boot.model.internal.BasicValueBinder - Starting `BasicValueBinder#fillSimpleValue` for startDate
10:24:42.869 [main] DEBUG org.hibernate.boot.model.internal.BasicValueBinder - Starting `BasicValueBinder#fillSimpleValue` for id
10:24:42.869 [main] DEBUG org.hibernate.boot.model.internal.BasicValueBinder - Starting `BasicValueBinder#fillSimpleValue` for colorCode
10:24:42.869 [main] DEBUG org.hibernate.boot.model.internal.BasicValueBinder - Starting `BasicValueBinder#fillSimpleValue` for name
10:24:42.869 [main] DEBUG org.hibernate.boot.model.internal.BasicValueBinder - Starting `BasicValueBinder#fillSimpleValue` for specialties
10:24:42.869 [main] DEBUG org.hibernate.boot.model.internal.BasicValueBinder - Starting `BasicValueBinder#fillSimpleValue` for id
10:24:42.869 [main] DEBUG org.hibernate.boot.model.internal.BasicValueBinder - Starting `BasicValueBinder#fillSimpleValue` for actualDurationSeconds
10:24:42.869 [main] DEBUG org.hibernate.boot.model.internal.BasicValueBinder - Starting `BasicValueBinder#fillSimpleValue` for completed
10:24:42.869 [main] DEBUG org.hibernate.boot.model.internal.BasicValueBinder - Starting `BasicValueBinder#fillSimpleValue` for description
10:24:42.869 [main] DEBUG org.hibernate.boot.model.internal.BasicValueBinder - Starting `BasicValueBinder#fillSimpleValue` for endDate
10:24:42.869 [main] DEBUG org.hibernate.boot.model.internal.BasicValueBinder - Starting `BasicValueBinder#fillSimpleValue` for estimatedDurationSeconds
10:24:42.869 [main] DEBUG org.hibernate.boot.model.internal.BasicValueBinder - Starting `BasicValueBinder#fillSimpleValue` for priority
10:24:42.869 [main] DEBUG org.hibernate.boot.model.internal.BasicValueBinder - Starting `BasicValueBinder#fillSimpleValue` for progress
10:24:42.869 [main] DEBUG org.hibernate.boot.model.internal.BasicValueBinder - Starting `BasicValueBinder#fillSimpleValue` for startDate
10:24:42.869 [main] DEBUG org.hibernate.boot.model.internal.BasicValueBinder - Starting `BasicValueBinder#fillSimpleValue` for title
10:24:42.869 [main] DEBUG org.hibernate.boot.model.internal.BasicValueBinder - Starting `BasicValueBinder#fillSimpleValue` for id
10:24:42.869 [main] DEBUG org.hibernate.boot.model.internal.BasicValueBinder - Starting `BasicValueBinder#fillSimpleValue` for email
10:24:42.869 [main] DEBUG org.hibernate.boot.model.internal.BasicValueBinder - Starting `BasicValueBinder#fillSimpleValue` for firstName
10:24:42.869 [main] DEBUG org.hibernate.boot.model.internal.BasicValueBinder - Starting `BasicValueBinder#fillSimpleValue` for lastName
10:24:42.869 [main] DEBUG org.hibernate.boot.model.internal.BasicValueBinder - Starting `BasicValueBinder#fillSimpleValue` for leader
10:24:42.869 [main] DEBUG org.hibernate.boot.model.internal.BasicValueBinder - Starting `BasicValueBinder#fillSimpleValue` for phone
10:24:42.869 [main] DEBUG org.hibernate.boot.model.internal.BasicValueBinder - Starting `BasicValueBinder#fillSimpleValue` for skills
10:24:42.869 [main] DEBUG org.hibernate.boot.model.internal.BasicValueBinder - Starting `BasicValueBinder#fillSimpleValue` for username
10:24:42.869 [main] DEBUG org.hibernate.mapping.PrimaryKey - Forcing column [id] to be non-null as it is part of the primary key for table [attendances]
10:24:42.869 [main] DEBUG org.hibernate.mapping.PrimaryKey - Forcing column [id] to be non-null as it is part of the primary key for table [meetings]
10:24:42.869 [main] DEBUG org.hibernate.mapping.PrimaryKey - Forcing column [id] to be non-null as it is part of the primary key for table [subsystems]
10:24:42.869 [main] DEBUG org.hibernate.mapping.PrimaryKey - Forcing column [id] to be non-null as it is part of the primary key for table [components]
10:24:42.869 [main] DEBUG org.hibernate.mapping.PrimaryKey - Forcing column [id] to be non-null as it is part of the primary key for table [milestones]
10:24:42.869 [main] DEBUG org.hibernate.mapping.PrimaryKey - Forcing column [id] to be non-null as it is part of the primary key for table [projects]
10:24:42.869 [main] DEBUG org.hibernate.mapping.PrimaryKey - Forcing column [id] to be non-null as it is part of the primary key for table [subteams]
10:24:42.869 [main] DEBUG org.hibernate.mapping.PrimaryKey - Forcing column [id] to be non-null as it is part of the primary key for table [tasks]
10:24:42.869 [main] DEBUG org.hibernate.mapping.PrimaryKey - Forcing column [id] to be non-null as it is part of the primary key for table [team_members]
10:24:42.869 [main] DEBUG org.hibernate.boot.model.internal.CollectionSecondPass - Second pass for collection: org.frcpm.models.Task.requiredComponents
10:24:42.869 [main] DEBUG org.hibernate.boot.model.internal.CollectionBinder - Binding a ManyToMany: org.frcpm.models.Task.requiredComponents
10:24:42.869 [main] DEBUG org.hibernate.boot.registry.classloading.internal.ClassLoaderServiceImpl - HHH000194: Package not found or no package-info.java: org.frcpm.models
10:24:42.870 [main] DEBUG org.hibernate.mapping.PrimaryKey - Forcing column [task_id] to be non-null as it is part of the primary key for table [task_components]
10:24:42.870 [main] DEBUG org.hibernate.mapping.PrimaryKey - Forcing column [component_id] to be non-null as it is part of the primary key for table [task_components]
10:24:42.870 [main] DEBUG org.hibernate.boot.model.internal.CollectionSecondPass - Mapped collection key: task_id, element: component_id
10:24:42.870 [main] DEBUG org.hibernate.boot.model.internal.CollectionSecondPass - Second pass for collection: org.frcpm.models.Task.preDependencies
10:24:42.870 [main] DEBUG org.hibernate.boot.model.internal.CollectionBinder - Binding a ManyToMany: org.frcpm.models.Task.preDependencies
10:24:42.870 [main] DEBUG org.hibernate.boot.registry.classloading.internal.ClassLoaderServiceImpl - HHH000194: Package not found or no package-info.java: org.frcpm.models
10:24:42.870 [main] DEBUG org.hibernate.mapping.PrimaryKey - Forcing column [task_id] to be non-null as it is part of the primary key for table [task_dependencies]
10:24:42.870 [main] DEBUG org.hibernate.mapping.PrimaryKey - Forcing column [dependency_id] to be non-null as it is part of the primary key for table [task_dependencies]
10:24:42.870 [main] DEBUG org.hibernate.boot.model.internal.CollectionSecondPass - Mapped collection key: task_id, element: dependency_id
10:24:42.870 [main] DEBUG org.hibernate.boot.model.internal.CollectionSecondPass - Second pass for collection: org.frcpm.models.Task.assignedTo
10:24:42.870 [main] DEBUG org.hibernate.boot.model.internal.CollectionBinder - Binding a ManyToMany: org.frcpm.models.Task.assignedTo
10:24:42.870 [main] DEBUG org.hibernate.boot.registry.classloading.internal.ClassLoaderServiceImpl - HHH000194: Package not found or no package-info.java: org.frcpm.models
10:24:42.870 [main] DEBUG org.hibernate.mapping.PrimaryKey - Forcing column [task_id] to be non-null as it is part of the primary key for table [task_assignments]
10:24:42.870 [main] DEBUG org.hibernate.mapping.PrimaryKey - Forcing column [team_member_id] to be non-null as it is part of the primary key for table [task_assignments]
10:24:42.870 [main] DEBUG org.hibernate.boot.model.internal.CollectionSecondPass - Mapped collection key: task_id, element: team_member_id
10:24:42.870 [main] DEBUG org.hibernate.boot.model.internal.CollectionSecondPass - Second pass for collection: org.frcpm.models.Meeting.attendances
10:24:42.870 [main] DEBUG org.hibernate.boot.model.internal.CollectionBinder - Binding a OneToMany: org.frcpm.models.Meeting.attendances through a foreign key
10:24:42.870 [main] DEBUG org.hibernate.boot.model.internal.CollectionBinder - Mapping collection: org.frcpm.models.Meeting.attendances -> attendances
10:24:42.871 [main] DEBUG org.hibernate.boot.model.internal.TableBinder - Retrieving property org.frcpm.models.Attendance.meeting
10:24:42.871 [main] DEBUG org.hibernate.boot.model.internal.CollectionSecondPass - Mapped collection key: meeting_id, one-to-many: org.frcpm.models.Attendance
10:24:42.871 [main] DEBUG org.hibernate.boot.model.internal.CollectionSecondPass - Second pass for collection: org.frcpm.models.Subsystem.tasks
10:24:42.871 [main] DEBUG org.hibernate.boot.model.internal.CollectionBinder - Binding a OneToMany: org.frcpm.models.Subsystem.tasks through a foreign key
10:24:42.871 [main] DEBUG org.hibernate.boot.model.internal.CollectionBinder - Mapping collection: org.frcpm.models.Subsystem.tasks -> tasks
10:24:42.871 [main] DEBUG org.hibernate.boot.model.internal.TableBinder - Retrieving property org.frcpm.models.Task.subsystem
10:24:42.871 [main] DEBUG org.hibernate.boot.model.internal.CollectionSecondPass - Mapped collection key: subsystem_id, one-to-many: org.frcpm.models.Task
10:24:42.871 [main] DEBUG org.hibernate.boot.model.internal.CollectionSecondPass - Second pass for collection: org.frcpm.models.Component.requiredForTasks
10:24:42.871 [main] DEBUG org.hibernate.boot.model.internal.CollectionBinder - Binding a ManyToMany: org.frcpm.models.Component.requiredForTasks
10:24:42.871 [main] DEBUG org.hibernate.boot.registry.classloading.internal.ClassLoaderServiceImpl - HHH000194: Package not found or no package-info.java: org.frcpm.models
10:24:42.871 [main] DEBUG org.hibernate.boot.model.internal.TableBinder - Retrieving property org.frcpm.models.Task.requiredComponents
10:24:42.872 [main] DEBUG org.hibernate.boot.model.internal.CollectionSecondPass - Mapped collection key: component_id, element: task_id
10:24:42.872 [main] DEBUG org.hibernate.boot.model.internal.CollectionSecondPass - Second pass for collection: org.frcpm.models.Project.meetings
10:24:42.872 [main] DEBUG org.hibernate.boot.model.internal.CollectionBinder - Binding a OneToMany: org.frcpm.models.Project.meetings through a foreign key
10:24:42.872 [main] DEBUG org.hibernate.boot.model.internal.CollectionBinder - Mapping collection: org.frcpm.models.Project.meetings -> meetings
10:24:42.872 [main] DEBUG org.hibernate.boot.model.internal.TableBinder - Retrieving property org.frcpm.models.Meeting.project
10:24:42.872 [main] DEBUG org.hibernate.boot.model.internal.CollectionSecondPass - Mapped collection key: project_id, one-to-many: org.frcpm.models.Meeting
10:24:42.872 [main] DEBUG org.hibernate.boot.model.internal.CollectionSecondPass - Second pass for collection: org.frcpm.models.Project.milestones
10:24:42.872 [main] DEBUG org.hibernate.boot.model.internal.CollectionBinder - Binding a OneToMany: org.frcpm.models.Project.milestones through a foreign key
10:24:42.872 [main] DEBUG org.hibernate.boot.model.internal.CollectionBinder - Mapping collection: org.frcpm.models.Project.milestones -> milestones
10:24:42.872 [main] DEBUG org.hibernate.boot.model.internal.TableBinder - Retrieving property org.frcpm.models.Milestone.project
10:24:42.872 [main] DEBUG org.hibernate.boot.model.internal.CollectionSecondPass - Mapped collection key: project_id, one-to-many: org.frcpm.models.Milestone
10:24:42.872 [main] DEBUG org.hibernate.boot.model.internal.CollectionSecondPass - Second pass for collection: org.frcpm.models.Project.tasks
10:24:42.872 [main] DEBUG org.hibernate.boot.model.internal.CollectionBinder - Binding a OneToMany: org.frcpm.models.Project.tasks through a foreign key
10:24:42.872 [main] DEBUG org.hibernate.boot.model.internal.CollectionBinder - Mapping collection: org.frcpm.models.Project.tasks -> tasks
10:24:42.872 [main] DEBUG org.hibernate.boot.model.internal.TableBinder - Retrieving property org.frcpm.models.Task.project
10:24:42.872 [main] DEBUG org.hibernate.boot.model.internal.CollectionSecondPass - Mapped collection key: project_id, one-to-many: org.frcpm.models.Task
10:24:42.872 [main] DEBUG org.hibernate.boot.model.internal.CollectionSecondPass - Second pass for collection: org.frcpm.models.Subteam.members
10:24:42.872 [main] DEBUG org.hibernate.boot.model.internal.CollectionBinder - Binding a OneToMany: org.frcpm.models.Subteam.members through a foreign key
10:24:42.872 [main] DEBUG org.hibernate.boot.model.internal.CollectionBinder - Mapping collection: org.frcpm.models.Subteam.members -> team_members
10:24:42.872 [main] DEBUG org.hibernate.boot.model.internal.TableBinder - Retrieving property org.frcpm.models.TeamMember.subteam
10:24:42.872 [main] DEBUG org.hibernate.boot.model.internal.CollectionSecondPass - Mapped collection key: subteam_id, one-to-many: org.frcpm.models.TeamMember
10:24:42.872 [main] DEBUG org.hibernate.boot.model.internal.CollectionSecondPass - Second pass for collection: org.frcpm.models.Subteam.subsystems
10:24:42.872 [main] DEBUG org.hibernate.boot.model.internal.CollectionBinder - Binding a OneToMany: org.frcpm.models.Subteam.subsystems through a foreign key
10:24:42.872 [main] DEBUG org.hibernate.boot.model.internal.CollectionBinder - Mapping collection: org.frcpm.models.Subteam.subsystems -> subsystems
10:24:42.872 [main] DEBUG org.hibernate.boot.model.internal.TableBinder - Retrieving property org.frcpm.models.Subsystem.responsibleSubteam
10:24:42.872 [main] DEBUG org.hibernate.boot.model.internal.CollectionSecondPass - Mapped collection key: responsible_subteam_id, one-to-many: org.frcpm.models.Subsystem
10:24:42.872 [main] DEBUG org.hibernate.boot.model.internal.CollectionSecondPass - Second pass for collection: org.frcpm.models.Task.postDependencies
10:24:42.872 [main] DEBUG org.hibernate.boot.model.internal.CollectionBinder - Binding a ManyToMany: org.frcpm.models.Task.postDependencies
10:24:42.872 [main] DEBUG org.hibernate.boot.registry.classloading.internal.ClassLoaderServiceImpl - HHH000194: Package not found or no package-info.java: org.frcpm.models
10:24:42.872 [main] DEBUG org.hibernate.boot.model.internal.TableBinder - Retrieving property org.frcpm.models.Task.preDependencies
10:24:42.873 [main] DEBUG org.hibernate.boot.model.internal.CollectionSecondPass - Mapped collection key: dependency_id, element: task_id
10:24:42.873 [main] DEBUG org.hibernate.boot.model.internal.CollectionSecondPass - Second pass for collection: org.frcpm.models.TeamMember.assignedTasks
10:24:42.873 [main] DEBUG org.hibernate.boot.model.internal.CollectionBinder - Binding a ManyToMany: org.frcpm.models.TeamMember.assignedTasks
10:24:42.873 [main] DEBUG org.hibernate.boot.registry.classloading.internal.ClassLoaderServiceImpl - HHH000194: Package not found or no package-info.java: org.frcpm.models
10:24:42.873 [main] DEBUG org.hibernate.boot.model.internal.TableBinder - Retrieving property org.frcpm.models.Task.assignedTo
10:24:42.873 [main] DEBUG org.hibernate.boot.model.internal.CollectionSecondPass - Mapped collection key: team_member_id, element: task_id
10:24:42.873 [main] DEBUG org.hibernate.boot.model.internal.CollectionSecondPass - Second pass for collection: org.frcpm.models.TeamMember.attendances
10:24:42.873 [main] DEBUG org.hibernate.boot.model.internal.CollectionBinder - Binding a OneToMany: org.frcpm.models.TeamMember.attendances through a foreign key
10:24:42.873 [main] DEBUG org.hibernate.boot.model.internal.CollectionBinder - Mapping collection: org.frcpm.models.TeamMember.attendances -> attendances
10:24:42.873 [main] DEBUG org.hibernate.boot.model.internal.TableBinder - Retrieving property org.frcpm.models.Attendance.member
10:24:42.873 [main] DEBUG org.hibernate.boot.model.internal.CollectionSecondPass - Mapped collection key: member_id, one-to-many: org.frcpm.models.Attendance
10:24:42.881 [main] DEBUG org.hibernate.internal.SessionFactoryImpl - Building session factory
10:24:42.882 [main] DEBUG org.hibernate.service.internal.SessionFactoryServiceRegistryImpl - EventListenerRegistry access via ServiceRegistry is deprecated.  Use `sessionFactory.getEventEngine().getListenerRegistry()` instead
10:24:42.883 [main] DEBUG org.hibernate.internal.SessionFactoryImpl - Instantiating SessionFactory with settings: {hibernate.format_sql=false, java.specification.version=21, sun.cpu.isalist=amd64, hibernate.connection.handling_mode=DELAYED_ACQUISITION_AND_RELEASE_AFTER_STATEMENT, sun.jnu.encoding=Cp1252, hibernate.dialect=org.hibernate.dialect.H2Dialect, java.class.path=C:\Users\dhiebert\Local Repositories\Project Management 2.0\target\test-classes;C:\Users\dhiebert\Local Repositories\Project Management 2.0\target\classes;C:\Users\dhiebert\.m2\repository\org\openjfx\javafx-controls\21.0.2\javafx-controls-21.0.2.jar;C:\Users\dhiebert\.m2\repository\org\openjfx\javafx-controls\21.0.2\javafx-controls-21.0.2-win.jar;C:\Users\dhiebert\.m2\repository\org\openjfx\javafx-fxml\21.0.2\javafx-fxml-21.0.2.jar;C:\Users\dhiebert\.m2\repository\org\openjfx\javafx-fxml\21.0.2\javafx-fxml-21.0.2-win.jar;C:\Users\dhiebert\.m2\repository\org\openjfx\javafx-graphics\21.0.2\javafx-graphics-21.0.2.jar;C:\Users\dhiebert\.m2\repository\org\openjfx\javafx-graphics\21.0.2\javafx-graphics-21.0.2-win.jar;C:\Users\dhiebert\.m2\repository\org\openjfx\javafx-base\21.0.2\javafx-base-21.0.2.jar;C:\Users\dhiebert\.m2\repository\org\openjfx\javafx-base\21.0.2\javafx-base-21.0.2-win.jar;C:\Users\dhiebert\.m2\repository\com\h2database\h2\2.2.224\h2-2.2.224.jar;C:\Users\dhiebert\.m2\repository\com\zaxxer\HikariCP\5.1.0\HikariCP-5.1.0.jar;C:\Users\dhiebert\.m2\repository\org\slf4j\slf4j-api\1.7.36\slf4j-api-1.7.36.jar;C:\Users\dhiebert\.m2\repository\org\hibernate\orm\hibernate-core\6.5.0.Final\hibernate-core-6.5.0.Final.jar;C:\Users\dhiebert\.m2\repository\jakarta\persistence\jakarta.persistence-api\3.1.0\jakarta.persistence-api-3.1.0.jar;C:\Users\dhiebert\.m2\repository\jakarta\transaction\jakarta.transaction-api\2.0.1\jakarta.transaction-api-2.0.1.jar;C:\Users\dhiebert\.m2\repository\org\jboss\logging\jboss-logging\3.5.0.Final\jboss-logging-3.5.0.Final.jar;C:\Users\dhiebert\.m2\repository\org\hibernate\common\hibernate-commons-annotations\6.0.6.Final\hibernate-commons-annotations-6.0.6.Final.jar;C:\Users\dhiebert\.m2\repository\io\smallrye\jandex\3.1.2\jandex-3.1.2.jar;C:\Users\dhiebert\.m2\repository\com\fasterxml\classmate\1.5.1\classmate-1.5.1.jar;C:\Users\dhiebert\.m2\repository\net\bytebuddy\byte-buddy\1.14.12\byte-buddy-1.14.12.jar;C:\Users\dhiebert\.m2\repository\jakarta\xml\bind\jakarta.xml.bind-api\4.0.0\jakarta.xml.bind-api-4.0.0.jar;C:\Users\dhiebert\.m2\repository\jakarta\activation\jakarta.activation-api\2.1.0\jakarta.activation-api-2.1.0.jar;C:\Users\dhiebert\.m2\repository\org\glassfish\jaxb\jaxb-runtime\4.0.2\jaxb-runtime-4.0.2.jar;C:\Users\dhiebert\.m2\repository\org\glassfish\jaxb\jaxb-core\4.0.2\jaxb-core-4.0.2.jar;C:\Users\dhiebert\.m2\repository\org\eclipse\angus\angus-activation\2.0.0\angus-activation-2.0.0.jar;C:\Users\dhiebert\.m2\repository\org\glassfish\jaxb\txw2\4.0.2\txw2-4.0.2.jar;C:\Users\dhiebert\.m2\repository\com\sun\istack\istack-commons-runtime\4.1.1\istack-commons-runtime-4.1.1.jar;C:\Users\dhiebert\.m2\repository\jakarta\inject\jakarta.inject-api\2.0.1\jakarta.inject-api-2.0.1.jar;C:\Users\dhiebert\.m2\repository\org\antlr\antlr4-runtime\4.13.0\antlr4-runtime-4.13.0.jar;C:\Users\dhiebert\.m2\repository\org\hibernate\validator\hibernate-validator\8.0.1.Final\hibernate-validator-8.0.1.Final.jar;C:\Users\dhiebert\.m2\repository\jakarta\validation\jakarta.validation-api\3.0.2\jakarta.validation-api-3.0.2.jar;C:\Users\dhiebert\.m2\repository\org\junit\jupiter\junit-jupiter-api\5.10.2\junit-jupiter-api-5.10.2.jar;C:\Users\dhiebert\.m2\repository\org\opentest4j\opentest4j\1.3.0\opentest4j-1.3.0.jar;C:\Users\dhiebert\.m2\repository\org\junit\platform\junit-platform-commons\1.10.2\junit-platform-commons-1.10.2.jar;C:\Users\dhiebert\.m2\repository\org\apiguardian\apiguardian-api\1.1.2\apiguardian-api-1.1.2.jar;C:\Users\dhiebert\.m2\repository\org\junit\jupiter\junit-jupiter-engine\5.10.2\junit-jupiter-engine-5.10.2.jar;C:\Users\dhiebert\.m2\repository\org\junit\platform\junit-platform-engine\1.10.2\junit-platform-engine-1.10.2.jar;C:\Users\dhiebert\.m2\repository\org\mockito\mockito-junit-jupiter\5.10.0\mockito-junit-jupiter-5.10.0.jar;C:\Users\dhiebert\.m2\repository\org\mockito\mockito-core\5.10.0\mockito-core-5.10.0.jar;C:\Users\dhiebert\.m2\repository\net\bytebuddy\byte-buddy-agent\1.14.11\byte-buddy-agent-1.14.11.jar;C:\Users\dhiebert\.m2\repository\org\objenesis\objenesis\3.3\objenesis-3.3.jar;C:\Users\dhiebert\.m2\repository\org\hibernate\orm\hibernate-hikaricp\6.5.0.Final\hibernate-hikaricp-6.5.0.Final.jar;C:\Users\dhiebert\.m2\repository\ch\qos\logback\logback-classic\1.2.11\logback-classic-1.2.11.jar;C:\Users\dhiebert\.m2\repository\ch\qos\logback\logback-core\1.2.11\logback-core-1.2.11.jar;C:\Users\dhiebert\.m2\repository\org\testfx\testfx-core\4.0.18\testfx-core-4.0.18.jar;C:\Users\dhiebert\.m2\repository\org\hamcrest\hamcrest\2.1\hamcrest-2.1.jar;C:\Users\dhiebert\.m2\repository\org\assertj\assertj-core\3.13.2\assertj-core-3.13.2.jar;C:\Users\dhiebert\.m2\repository\org\osgi\org.osgi.core\6.0.0\org.osgi.core-6.0.0.jar;C:\Users\dhiebert\.m2\repository\org\testfx\testfx-junit5\4.0.18\testfx-junit5-4.0.18.jar;C:\Users\dhiebert\.m2\repository\org\openjfx\javafx-web\17.0.2\javafx-web-17.0.2.jar;C:\Users\dhiebert\.m2\repository\org\openjfx\javafx-web\17.0.2\javafx-web-17.0.2-win.jar;C:\Users\dhiebert\.m2\repository\org\openjfx\javafx-media\17.0.2\javafx-media-17.0.2.jar;C:\Users\dhiebert\.m2\repository\org\openjfx\javafx-media\17.0.2\javafx-media-17.0.2-win.jar;C:\Users\dhiebert\.m2\repository\org\apache\pdfbox\pdfbox\2.0.27\pdfbox-2.0.27.jar;C:\Users\dhiebert\.m2\repository\org\apache\pdfbox\fontbox\2.0.27\fontbox-2.0.27.jar;C:\Users\dhiebert\.m2\repository\commons-logging\commons-logging\1.2\commons-logging-1.2.jar;C:\Users\dhiebert\.m2\repository\com\fasterxml\jackson\core\jackson-databind\2.15.0\jackson-databind-2.15.0.jar;C:\Users\dhiebert\.m2\repository\com\fasterxml\jackson\core\jackson-annotations\2.15.0\jackson-annotations-2.15.0.jar;C:\Users\dhiebert\.m2\repository\com\fasterxml\jackson\core\jackson-core\2.15.0\jackson-core-2.15.0.jar;C:\Users\dhiebert\.m2\repository\org\apache\xmlgraphics\batik-all\1.16\batik-all-1.16.jar;C:\Users\dhiebert\.m2\repository\xml-apis\xml-apis\1.4.01\xml-apis-1.4.01.jar;C:\Users\dhiebert\.m2\repository\xml-apis\xml-apis-ext\1.3.04\xml-apis-ext-1.3.04.jar;C:\Users\dhiebert\.m2\repository\org\apache\xmlgraphics\xmlgraphics-commons\2.7\xmlgraphics-commons-2.7.jar;C:\Users\dhiebert\.m2\repository\commons-io\commons-io\1.3.1\commons-io-1.3.1.jar;C:\Users\dhiebert\.m2\repository\org\jgrapht\jgrapht-core\1.5.2\jgrapht-core-1.5.2.jar;C:\Users\dhiebert\.m2\repository\org\jheaps\jheaps\0.14\jheaps-0.14.jar;C:\Users\dhiebert\.m2\repository\org\apfloat\apfloat\1.10.1\apfloat-1.10.1.jar;, java.vm.vendor=Eclipse Adoptium, sun.arch.data.model=64, hibernate.order_inserts=true, user.variant=, java.vendor.url=https://adoptium.net/, user.timezone=America/Chicago, javax.persistence.jdbc.user=****, javax.persistence.jdbc.url=jdbc:h2:file:C:\Users\dhiebert\.frcpm\frcpm, java.vm.specification.version=21, os.name=Windows 11, hibernate.generate_statistics=false, hibernate.hikari.connectionTimeout=10000, hibernate.order_updates=true, hibernate.jdbc.batch_versioned_data=true, jakarta.persistence.jdbc.password=****, hibernate.jdbc.batch_size=30, sun.java.launcher=SUN_STANDARD, user.country=US, local.setting.IS_JTA_TXN_COORD=false, sun.boot.library.path=C:\Program Files\Eclipse Adoptium\jdk-21.0.6.7-hotspot\bin, sun.java.command=C:\Users\dhiebert\AppData\Local\Temp\surefire9513985487531586668\surefirebooter-20250425102356946_3.jar C:\Users\dhiebert\AppData\Local\Temp\surefire9513985487531586668 2025-04-25T10-23-56_800-jvmRun1 surefire-20250425102356946_1tmp surefire_0-20250425102356946_2tmp, hibernate.use_sql_comments=false, hibernate.connection.provider_class=org.hibernate.hikaricp.internal.HikariCPConnectionProvider, jdk.debug=release, surefire.test.class.path=C:\Users\dhiebert\Local Repositories\Project Management 2.0\target\test-classes;C:\Users\dhiebert\Local Repositories\Project Management 2.0\target\classes;C:\Users\dhiebert\.m2\repository\org\openjfx\javafx-controls\21.0.2\javafx-controls-21.0.2.jar;C:\Users\dhiebert\.m2\repository\org\openjfx\javafx-controls\21.0.2\javafx-controls-21.0.2-win.jar;C:\Users\dhiebert\.m2\repository\org\openjfx\javafx-fxml\21.0.2\javafx-fxml-21.0.2.jar;C:\Users\dhiebert\.m2\repository\org\openjfx\javafx-fxml\21.0.2\javafx-fxml-21.0.2-win.jar;C:\Users\dhiebert\.m2\repository\org\openjfx\javafx-graphics\21.0.2\javafx-graphics-21.0.2.jar;C:\Users\dhiebert\.m2\repository\org\openjfx\javafx-graphics\21.0.2\javafx-graphics-21.0.2-win.jar;C:\Users\dhiebert\.m2\repository\org\openjfx\javafx-base\21.0.2\javafx-base-21.0.2.jar;C:\Users\dhiebert\.m2\repository\org\openjfx\javafx-base\21.0.2\javafx-base-21.0.2-win.jar;C:\Users\dhiebert\.m2\repository\com\h2database\h2\2.2.224\h2-2.2.224.jar;C:\Users\dhiebert\.m2\repository\com\zaxxer\HikariCP\5.1.0\HikariCP-5.1.0.jar;C:\Users\dhiebert\.m2\repository\org\slf4j\slf4j-api\1.7.36\slf4j-api-1.7.36.jar;C:\Users\dhiebert\.m2\repository\org\hibernate\orm\hibernate-core\6.5.0.Final\hibernate-core-6.5.0.Final.jar;C:\Users\dhiebert\.m2\repository\jakarta\persistence\jakarta.persistence-api\3.1.0\jakarta.persistence-api-3.1.0.jar;C:\Users\dhiebert\.m2\repository\jakarta\transaction\jakarta.transaction-api\2.0.1\jakarta.transaction-api-2.0.1.jar;C:\Users\dhiebert\.m2\repository\org\jboss\logging\jboss-logging\3.5.0.Final\jboss-logging-3.5.0.Final.jar;C:\Users\dhiebert\.m2\repository\org\hibernate\common\hibernate-commons-annotations\6.0.6.Final\hibernate-commons-annotations-6.0.6.Final.jar;C:\Users\dhiebert\.m2\repository\io\smallrye\jandex\3.1.2\jandex-3.1.2.jar;C:\Users\dhiebert\.m2\repository\com\fasterxml\classmate\1.5.1\classmate-1.5.1.jar;C:\Users\dhiebert\.m2\repository\net\bytebuddy\byte-buddy\1.14.12\byte-buddy-1.14.12.jar;C:\Users\dhiebert\.m2\repository\jakarta\xml\bind\jakarta.xml.bind-api\4.0.0\jakarta.xml.bind-api-4.0.0.jar;C:\Users\dhiebert\.m2\repository\jakarta\activation\jakarta.activation-api\2.1.0\jakarta.activation-api-2.1.0.jar;C:\Users\dhiebert\.m2\repository\org\glassfish\jaxb\jaxb-runtime\4.0.2\jaxb-runtime-4.0.2.jar;C:\Users\dhiebert\.m2\repository\org\glassfish\jaxb\jaxb-core\4.0.2\jaxb-core-4.0.2.jar;C:\Users\dhiebert\.m2\repository\org\eclipse\angus\angus-activation\2.0.0\angus-activation-2.0.0.jar;C:\Users\dhiebert\.m2\repository\org\glassfish\jaxb\txw2\4.0.2\txw2-4.0.2.jar;C:\Users\dhiebert\.m2\repository\com\sun\istack\istack-commons-runtime\4.1.1\istack-commons-runtime-4.1.1.jar;C:\Users\dhiebert\.m2\repository\jakarta\inject\jakarta.inject-api\2.0.1\jakarta.inject-api-2.0.1.jar;C:\Users\dhiebert\.m2\repository\org\antlr\antlr4-runtime\4.13.0\antlr4-runtime-4.13.0.jar;C:\Users\dhiebert\.m2\repository\org\hibernate\validator\hibernate-validator\8.0.1.Final\hibernate-validator-8.0.1.Final.jar;C:\Users\dhiebert\.m2\repository\jakarta\validation\jakarta.validation-api\3.0.2\jakarta.validation-api-3.0.2.jar;C:\Users\dhiebert\.m2\repository\org\junit\jupiter\junit-jupiter-api\5.10.2\junit-jupiter-api-5.10.2.jar;C:\Users\dhiebert\.m2\repository\org\opentest4j\opentest4j\1.3.0\opentest4j-1.3.0.jar;C:\Users\dhiebert\.m2\repository\org\junit\platform\junit-platform-commons\1.10.2\junit-platform-commons-1.10.2.jar;C:\Users\dhiebert\.m2\repository\org\apiguardian\apiguardian-api\1.1.2\apiguardian-api-1.1.2.jar;C:\Users\dhiebert\.m2\repository\org\junit\jupiter\junit-jupiter-engine\5.10.2\junit-jupiter-engine-5.10.2.jar;C:\Users\dhiebert\.m2\repository\org\junit\platform\junit-platform-engine\1.10.2\junit-platform-engine-1.10.2.jar;C:\Users\dhiebert\.m2\repository\org\mockito\mockito-junit-jupiter\5.10.0\mockito-junit-jupiter-5.10.0.jar;C:\Users\dhiebert\.m2\repository\org\mockito\mockito-core\5.10.0\mockito-core-5.10.0.jar;C:\Users\dhiebert\.m2\repository\net\bytebuddy\byte-buddy-agent\1.14.11\byte-buddy-agent-1.14.11.jar;C:\Users\dhiebert\.m2\repository\org\objenesis\objenesis\3.3\objenesis-3.3.jar;C:\Users\dhiebert\.m2\repository\org\hibernate\orm\hibernate-hikaricp\6.5.0.Final\hibernate-hikaricp-6.5.0.Final.jar;C:\Users\dhiebert\.m2\repository\ch\qos\logback\logback-classic\1.2.11\logback-classic-1.2.11.jar;C:\Users\dhiebert\.m2\repository\ch\qos\logback\logback-core\1.2.11\logback-core-1.2.11.jar;C:\Users\dhiebert\.m2\repository\org\testfx\testfx-core\4.0.18\testfx-core-4.0.18.jar;C:\Users\dhiebert\.m2\repository\org\hamcrest\hamcrest\2.1\hamcrest-2.1.jar;C:\Users\dhiebert\.m2\repository\org\assertj\assertj-core\3.13.2\assertj-core-3.13.2.jar;C:\Users\dhiebert\.m2\repository\org\osgi\org.osgi.core\6.0.0\org.osgi.core-6.0.0.jar;C:\Users\dhiebert\.m2\repository\org\testfx\testfx-junit5\4.0.18\testfx-junit5-4.0.18.jar;C:\Users\dhiebert\.m2\repository\org\openjfx\javafx-web\17.0.2\javafx-web-17.0.2.jar;C:\Users\dhiebert\.m2\repository\org\openjfx\javafx-web\17.0.2\javafx-web-17.0.2-win.jar;C:\Users\dhiebert\.m2\repository\org\openjfx\javafx-media\17.0.2\javafx-media-17.0.2.jar;C:\Users\dhiebert\.m2\repository\org\openjfx\javafx-media\17.0.2\javafx-media-17.0.2-win.jar;C:\Users\dhiebert\.m2\repository\org\apache\pdfbox\pdfbox\2.0.27\pdfbox-2.0.27.jar;C:\Users\dhiebert\.m2\repository\org\apache\pdfbox\fontbox\2.0.27\fontbox-2.0.27.jar;C:\Users\dhiebert\.m2\repository\commons-logging\commons-logging\1.2\commons-logging-1.2.jar;C:\Users\dhiebert\.m2\repository\com\fasterxml\jackson\core\jackson-databind\2.15.0\jackson-databind-2.15.0.jar;C:\Users\dhiebert\.m2\repository\com\fasterxml\jackson\core\jackson-annotations\2.15.0\jackson-annotations-2.15.0.jar;C:\Users\dhiebert\.m2\repository\com\fasterxml\jackson\core\jackson-core\2.15.0\jackson-core-2.15.0.jar;C:\Users\dhiebert\.m2\repository\org\apache\xmlgraphics\batik-all\1.16\batik-all-1.16.jar;C:\Users\dhiebert\.m2\repository\xml-apis\xml-apis\1.4.01\xml-apis-1.4.01.jar;C:\Users\dhiebert\.m2\repository\xml-apis\xml-apis-ext\1.3.04\xml-apis-ext-1.3.04.jar;C:\Users\dhiebert\.m2\repository\org\apache\xmlgraphics\xmlgraphics-commons\2.7\xmlgraphics-commons-2.7.jar;C:\Users\dhiebert\.m2\repository\commons-io\commons-io\1.3.1\commons-io-1.3.1.jar;C:\Users\dhiebert\.m2\repository\org\jgrapht\jgrapht-core\1.5.2\jgrapht-core-1.5.2.jar;C:\Users\dhiebert\.m2\repository\org\jheaps\jheaps\0.14\jheaps-0.14.jar;C:\Users\dhiebert\.m2\repository\org\apfloat\apfloat\1.10.1\apfloat-1.10.1.jar;, jakarta.persistence.jdbc.driver=org.h2.Driver, sun.cpu.endian=little, user.home=C:\Users\dhiebert, user.language=en, java.specification.vendor=Oracle Corporation, java.version.date=2025-01-21, java.home=C:\Program Files\Eclipse Adoptium\jdk-21.0.6.7-hotspot, file.separator=\, basedir=C:\Users\dhiebert\Local Repositories\Project Management 2.0, java.vm.compressedOopsMode=Zero based, jakarta.persistence.jdbc.user=****, line.separator=
, hibernate.persistenceUnitName=frcpm, java.vm.specification.vendor=Oracle Corporation, java.specification.name=Java Platform API Specification, hibernate.transaction.coordinator_class=class org.hibernate.resource.transaction.backend.jdbc.internal.JdbcResourceLocalTransactionCoordinatorBuilderImpl, javax.persistence.jdbc.driver=org.h2.Driver, hibernate.hikari.maximumPoolSize=10, surefire.real.class.path=C:\Users\dhiebert\AppData\Local\Temp\surefire9513985487531586668\surefirebooter-20250425102356946_3.jar, hibernate.hbm2ddl.auto=update, user.script=, sun.management.compiler=HotSpot 64-Bit Tiered Compilers, java.runtime.version=21.0.6+7-LTS, user.name=dhiebert, hibernate.cache.use_query_cache=false, stdout.encoding=Cp1252, path.separator=;, hibernate.connection.username=****, os.version=10.0, java.runtime.name=OpenJDK Runtime Environment, hibernate.connection.url=jdbc:h2:file:C:\Users\dhiebert\.frcpm\frcpm, file.encoding=UTF-8, hibernate.hikari.minimumIdle=2, hibernate.hikari.idleTimeout=30000, java.vm.name=OpenJDK 64-Bit Server VM, hibernate.show_sql=false, java.vendor.version=Temurin-21.0.6+7, hibernate.hikari.poolName=FRC-PM-HikariCP, hibernate.current_session_context_class=thread, localRepository=C:\Users\dhiebert\.m2\repository, hibernate.connection.driver_class=org.h2.Driver, java.vendor.url.bug=https://github.com/adoptium/adoptium-support/issues, java.io.tmpdir=C:\Users\dhiebert\AppData\Local\Temp\, java.version=21.0.6, user.dir=C:\Users\dhiebert\Local Repositories\Project Management 2.0, os.arch=amd64, java.vm.specification.name=Java Virtual Machine Specification, hibernate.connection.password=****, sun.os.patch.level=, jakarta.persistence.jdbc.url=jdbc:h2:file:C:\Users\dhiebert\.frcpm\frcpm, hibernate.boot.CfgXmlAccessService.key=org.hibernate.boot.registry.StandardServiceRegistryBuilder$1@78de3c86, native.encoding=Cp1252, hibernate.cache.use_second_level_cache=false, java.library.path=C:\Program Files\Eclipse Adoptium\jdk-21.0.6.7-hotspot\bin;C:\WINDOWS\Sun\Java\bin;C:\WINDOWS\system32;C:\WINDOWS;C:\Program Files\apache-maven-3.9.9\bin;C:\Program Files\Eclipse Adoptium\jdk-21.0.6.7-hotspot\bin;C:\Program Files\National Instruments\Shared\OpenVINO\;C:\Program Files\Common Files\Oracle\Java\javapath;C:\WINDOWS\system32;C:\WINDOWS;C:\WINDOWS\System32\Wbem;C:\WINDOWS\System32\WindowsPowerShell\v1.0\;C:\WINDOWS\System32\OpenSSH\;C:\Program Files\dotnet\;C:\Program Files (x86)\Windows Live\Shared;C:\Program Files\Git\cmd;C:\Program Files\Common Files\Autodesk Shared\;C:\Program Files\Microsoft SQL Server\150\Tools\Binn\;C:\Program Files\nodejs\;C:\Program Files\Eclipse Adoptium\jdk-21.0.6.7-hotspot\bin;C:\Program Files\apache-maven-3.9.9\bin;%MAVEN_HOME%\bin;C:\Users\dhiebert\AppData\Local\Microsoft\WindowsApps;C:\Users\dhiebert\AppData\Local\GitHubDesktop\bin;C:\Users\dhiebert\AppData\Roaming\npm;C:\Users\dhiebert\AppData\Local\Packages\PythonSoftwareFoundation.Python.3.11_qbz5n2kfra8p0\LocalCache\local-packages\Python311\Scripts;C:\Users\dhiebert\AppData\Local\Packages\PythonSoftwareFoundation.Python.3.11_qbz5n2kfra8p0\LocalCache\local-packages\Python311\site-packages\maven;;c:\Users\Public\wpilib\2025\vscode\data\user-data\User\globalStorage\github.copilot-chat\debugCommand;c:\Users\Public\wpilib\2025\vscode\data\extensions\ms-python.debugpy-2025.4.1-win32-x64\bundled\scripts\noConfigScripts;., stderr.encoding=Cp1252, java.vendor=Eclipse Adoptium, java.vm.info=mixed mode, sharing, java.vm.version=21.0.6+7-LTS, sun.io.unicode.encoding=UnicodeLittle, javax.persistence.jdbc.password=****, java.class.version=65.0}
10:24:42.883 [main] DEBUG org.hibernate.internal.SessionFactoryImpl - Session factory constructed with filter configurations : {}
10:24:42.883 [main] DEBUG org.hibernate.validator.internal.xml.config.ValidationXmlParser - Trying to load META-INF/validation.xml for XML based Validator configuration.
10:24:42.883 [main] DEBUG org.hibernate.validator.internal.xml.config.ResourceLoaderHelper - Trying to load META-INF/validation.xml via TCCL
10:24:42.883 [main] DEBUG org.hibernate.validator.internal.xml.config.ResourceLoaderHelper - Trying to load META-INF/validation.xml via Hibernate Validator's class loader
10:24:42.883 [main] DEBUG org.hibernate.validator.internal.xml.config.ValidationXmlParser - No META-INF/validation.xml found. Using annotation based configuration only.
10:24:42.883 [main] DEBUG org.hibernate.validator.internal.engine.resolver.TraversableResolvers - Found jakarta.persistence.Persistence on classpath containing 'getPersistenceUtil'. Assuming JPA 2 environment. Trying to instantiate JPA aware TraversableResolver
10:24:42.883 [main] DEBUG org.hibernate.validator.internal.engine.resolver.TraversableResolvers - Instantiated JPA aware TraversableResolver of type org.hibernate.validator.internal.engine.resolver.JPATraversableResolver.
10:24:42.884 [main] DEBUG org.hibernate.validator.messageinterpolation.ResourceBundleMessageInterpolator - Failed to load expression factory via classloader jdk.internal.loader.ClassLoaders$AppClassLoader@70dea4e
java.lang.NoClassDefFoundError: jakarta/el/ExpressionFactory
	at org.hibernate.validator.messageinterpolation.ResourceBundleMessageInterpolator.canLoadExpressionFactory(ResourceBundleMessageInterpolator.java:228)
	at org.hibernate.validator.messageinterpolation.ResourceBundleMessageInterpolator.buildExpressionFactory(ResourceBundleMessageInterpolator.java:173)
	at org.hibernate.validator.messageinterpolation.ResourceBundleMessageInterpolator.<init>(ResourceBundleMessageInterpolator.java:97)
	at org.hibernate.validator.internal.engine.AbstractConfigurationImpl.getDefaultMessageInterpolator(AbstractConfigurationImpl.java:575)
	at org.hibernate.validator.internal.engine.AbstractConfigurationImpl.getDefaultMessageInterpolatorConfiguredWithClassLoader(AbstractConfigurationImpl.java:834)
	at org.hibernate.validator.internal.engine.AbstractConfigurationImpl.getMessageInterpolator(AbstractConfigurationImpl.java:485)
	at org.hibernate.validator.internal.engine.ValidatorFactoryImpl.<init>(ValidatorFactoryImpl.java:157)
	at org.hibernate.validator.HibernateValidator.buildValidatorFactory(HibernateValidator.java:38)
	at org.hibernate.validator.internal.engine.AbstractConfigurationImpl.buildValidatorFactory(AbstractConfigurationImpl.java:453)
	at jakarta.validation.Validation.buildDefaultValidatorFactory(Validation.java:103)
	at org.hibernate.boot.beanvalidation.TypeSafeActivator.getValidatorFactory(TypeSafeActivator.java:482)
	at org.hibernate.boot.beanvalidation.TypeSafeActivator.activate(TypeSafeActivator.java:79)
	at java.base/jdk.internal.reflect.DirectMethodHandleAccessor.invoke(DirectMethodHandleAccessor.java:103)
	at java.base/java.lang.reflect.Method.invoke(Method.java:580)
	at org.hibernate.boot.beanvalidation.BeanValidationIntegrator.integrate(BeanValidationIntegrator.java:139)
	at org.hibernate.internal.SessionFactoryImpl.integrate(SessionFactoryImpl.java:517)
	at org.hibernate.internal.SessionFactoryImpl.<init>(SessionFactoryImpl.java:276)
	at org.hibernate.boot.internal.SessionFactoryBuilderImpl.build(SessionFactoryBuilderImpl.java:457)
	at org.hibernate.jpa.boot.internal.EntityManagerFactoryBuilderImpl.build(EntityManagerFactoryBuilderImpl.java:1506)
	at org.hibernate.jpa.HibernatePersistenceProvider.createEntityManagerFactory(HibernatePersistenceProvider.java:55)
	at jakarta.persistence.Persistence.createEntityManagerFactory(Persistence.java:80)
	at org.frcpm.config.DatabaseConfig.initialize(DatabaseConfig.java:114)
	at org.frcpm.config.DatabaseConfig.initialize(DatabaseConfig.java:28)
	at org.frcpm.repositories.SubteamRepositoryTest.setUp(SubteamRepositoryTest.java:24)
	at java.base/jdk.internal.reflect.DirectMethodHandleAccessor.invoke(DirectMethodHandleAccessor.java:103)
	at java.base/java.lang.reflect.Method.invoke(Method.java:580)
	at org.junit.platform.commons.util.ReflectionUtils.invokeMethod(ReflectionUtils.java:728)
	at org.junit.jupiter.engine.execution.MethodInvocation.proceed(MethodInvocation.java:60)
	at org.junit.jupiter.engine.execution.InvocationInterceptorChain$ValidatingInvocation.proceed(InvocationInterceptorChain.java:131)
	at org.junit.jupiter.engine.extension.TimeoutExtension.intercept(TimeoutExtension.java:156)
	at org.junit.jupiter.engine.extension.TimeoutExtension.interceptLifecycleMethod(TimeoutExtension.java:128)
	at org.junit.jupiter.engine.extension.TimeoutExtension.interceptBeforeEachMethod(TimeoutExtension.java:78)
	at org.junit.jupiter.engine.execution.InterceptingExecutableInvoker$ReflectiveInterceptorCall.lambda$ofVoidMethod$0(InterceptingExecutableInvoker.java:103)
	at org.junit.jupiter.engine.execution.InterceptingExecutableInvoker.lambda$invoke$0(InterceptingExecutableInvoker.java:93)
	at org.junit.jupiter.engine.execution.InvocationInterceptorChain$InterceptedInvocation.proceed(InvocationInterceptorChain.java:106)
	at org.junit.jupiter.engine.execution.InvocationInterceptorChain.proceed(InvocationInterceptorChain.java:64)
	at org.junit.jupiter.engine.execution.InvocationInterceptorChain.chainAndInvoke(InvocationInterceptorChain.java:45)
	at org.junit.jupiter.engine.execution.InvocationInterceptorChain.invoke(InvocationInterceptorChain.java:37)
	at org.junit.jupiter.engine.execution.InterceptingExecutableInvoker.invoke(InterceptingExecutableInvoker.java:92)
	at org.junit.jupiter.engine.execution.InterceptingExecutableInvoker.invoke(InterceptingExecutableInvoker.java:86)
	at org.junit.jupiter.engine.descriptor.ClassBasedTestDescriptor.invokeMethodInExtensionContext(ClassBasedTestDescriptor.java:521)
	at org.junit.jupiter.engine.descriptor.ClassBasedTestDescriptor.lambda$synthesizeBeforeEachMethodAdapter$23(ClassBasedTestDescriptor.java:506)
	at org.junit.jupiter.engine.descriptor.TestMethodTestDescriptor.lambda$invokeBeforeEachMethods$3(TestMethodTestDescriptor.java:175)
	at org.junit.jupiter.engine.descriptor.TestMethodTestDescriptor.lambda$invokeBeforeMethodsOrCallbacksUntilExceptionOccurs$6(TestMethodTestDescriptor.java:203)
	at org.junit.platform.engine.support.hierarchical.ThrowableCollector.execute(ThrowableCollector.java:73)
	at org.junit.jupiter.engine.descriptor.TestMethodTestDescriptor.invokeBeforeMethodsOrCallbacksUntilExceptionOccurs(TestMethodTestDescriptor.java:203)
	at org.junit.jupiter.engine.descriptor.TestMethodTestDescriptor.invokeBeforeEachMethods(TestMethodTestDescriptor.java:172)
	at org.junit.jupiter.engine.descriptor.TestMethodTestDescriptor.execute(TestMethodTestDescriptor.java:135)
	at org.junit.jupiter.engine.descriptor.TestMethodTestDescriptor.execute(TestMethodTestDescriptor.java:69)
	at org.junit.platform.engine.support.hierarchical.NodeTestTask.lambda$executeRecursively$6(NodeTestTask.java:151)
	at org.junit.platform.engine.support.hierarchical.ThrowableCollector.execute(ThrowableCollector.java:73)
	at org.junit.platform.engine.support.hierarchical.NodeTestTask.lambda$executeRecursively$8(NodeTestTask.java:141)
	at org.junit.platform.engine.support.hierarchical.Node.around(Node.java:137)
	at org.junit.platform.engine.support.hierarchical.NodeTestTask.lambda$executeRecursively$9(NodeTestTask.java:139)
	at org.junit.platform.engine.support.hierarchical.ThrowableCollector.execute(ThrowableCollector.java:73)
	at org.junit.platform.engine.support.hierarchical.NodeTestTask.executeRecursively(NodeTestTask.java:138)
	at org.junit.platform.engine.support.hierarchical.NodeTestTask.execute(NodeTestTask.java:95)
	at java.base/java.util.ArrayList.forEach(ArrayList.java:1596)
	at org.junit.platform.engine.support.hierarchical.SameThreadHierarchicalTestExecutorService.invokeAll(SameThreadHierarchicalTestExecutorService.java:41)
	at org.junit.platform.engine.support.hierarchical.NodeTestTask.lambda$executeRecursively$6(NodeTestTask.java:155)
	at org.junit.platform.engine.support.hierarchical.ThrowableCollector.execute(ThrowableCollector.java:73)
	at org.junit.platform.engine.support.hierarchical.NodeTestTask.lambda$executeRecursively$8(NodeTestTask.java:141)
	at org.junit.platform.engine.support.hierarchical.Node.around(Node.java:137)
	at org.junit.platform.engine.support.hierarchical.NodeTestTask.lambda$executeRecursively$9(NodeTestTask.java:139)
	at org.junit.platform.engine.support.hierarchical.ThrowableCollector.execute(ThrowableCollector.java:73)
	at org.junit.platform.engine.support.hierarchical.NodeTestTask.executeRecursively(NodeTestTask.java:138)
	at org.junit.platform.engine.support.hierarchical.NodeTestTask.execute(NodeTestTask.java:95)
	at java.base/java.util.ArrayList.forEach(ArrayList.java:1596)
	at org.junit.platform.engine.support.hierarchical.SameThreadHierarchicalTestExecutorService.invokeAll(SameThreadHierarchicalTestExecutorService.java:41)
	at org.junit.platform.engine.support.hierarchical.NodeTestTask.lambda$executeRecursively$6(NodeTestTask.java:155)
	at org.junit.platform.engine.support.hierarchical.ThrowableCollector.execute(ThrowableCollector.java:73)
	at org.junit.platform.engine.support.hierarchical.NodeTestTask.lambda$executeRecursively$8(NodeTestTask.java:141)
	at org.junit.platform.engine.support.hierarchical.Node.around(Node.java:137)
	at org.junit.platform.engine.support.hierarchical.NodeTestTask.lambda$executeRecursively$9(NodeTestTask.java:139)
	at org.junit.platform.engine.support.hierarchical.ThrowableCollector.execute(ThrowableCollector.java:73)
	at org.junit.platform.engine.support.hierarchical.NodeTestTask.executeRecursively(NodeTestTask.java:138)
	at org.junit.platform.engine.support.hierarchical.NodeTestTask.execute(NodeTestTask.java:95)
	at org.junit.platform.engine.support.hierarchical.SameThreadHierarchicalTestExecutorService.submit(SameThreadHierarchicalTestExecutorService.java:35)
	at org.junit.platform.engine.support.hierarchical.HierarchicalTestExecutor.execute(HierarchicalTestExecutor.java:57)
	at org.junit.platform.engine.support.hierarchical.HierarchicalTestEngine.execute(HierarchicalTestEngine.java:54)
	at org.junit.platform.launcher.core.EngineExecutionOrchestrator.execute(EngineExecutionOrchestrator.java:198)
	at org.junit.platform.launcher.core.EngineExecutionOrchestrator.execute(EngineExecutionOrchestrator.java:169)
	at org.junit.platform.launcher.core.EngineExecutionOrchestrator.execute(EngineExecutionOrchestrator.java:93)
	at org.junit.platform.launcher.core.EngineExecutionOrchestrator.lambda$execute$0(EngineExecutionOrchestrator.java:58)
	at org.junit.platform.launcher.core.EngineExecutionOrchestrator.withInterceptedStreams(EngineExecutionOrchestrator.java:141)
	at org.junit.platform.launcher.core.EngineExecutionOrchestrator.execute(EngineExecutionOrchestrator.java:57)
	at org.junit.platform.launcher.core.DefaultLauncher.execute(DefaultLauncher.java:103)
	at org.junit.platform.launcher.core.DefaultLauncher.execute(DefaultLauncher.java:85)
	at org.junit.platform.launcher.core.DelegatingLauncher.execute(DelegatingLauncher.java:47)
	at org.apache.maven.surefire.junitplatform.LazyLauncher.execute(LazyLauncher.java:56)
	at org.apache.maven.surefire.junitplatform.JUnitPlatformProvider.execute(JUnitPlatformProvider.java:184)
	at org.apache.maven.surefire.junitplatform.JUnitPlatformProvider.invokeAllTests(JUnitPlatformProvider.java:148)
	at org.apache.maven.surefire.junitplatform.JUnitPlatformProvider.invoke(JUnitPlatformProvider.java:122)
	at org.apache.maven.surefire.booter.ForkedBooter.runSuitesInProcess(ForkedBooter.java:385)
	at org.apache.maven.surefire.booter.ForkedBooter.execute(ForkedBooter.java:162)
	at org.apache.maven.surefire.booter.ForkedBooter.run(ForkedBooter.java:507)
	at org.apache.maven.surefire.booter.ForkedBooter.main(ForkedBooter.java:495)
Caused by: java.lang.ClassNotFoundException: jakarta.el.ExpressionFactory
	... 97 common frames omitted
10:24:42.884 [main] DEBUG org.hibernate.validator.messageinterpolation.ResourceBundleMessageInterpolator - Failed to load expression factory via classloader jdk.internal.loader.ClassLoaders$AppClassLoader@70dea4e
java.lang.NoClassDefFoundError: jakarta/el/ExpressionFactory
	at org.hibernate.validator.messageinterpolation.ResourceBundleMessageInterpolator.canLoadExpressionFactory(ResourceBundleMessageInterpolator.java:228)
	at org.hibernate.validator.messageinterpolation.ResourceBundleMessageInterpolator.buildExpressionFactory(ResourceBundleMessageInterpolator.java:186)
	at org.hibernate.validator.messageinterpolation.ResourceBundleMessageInterpolator.<init>(ResourceBundleMessageInterpolator.java:97)
	at org.hibernate.validator.internal.engine.AbstractConfigurationImpl.getDefaultMessageInterpolator(AbstractConfigurationImpl.java:575)
	at org.hibernate.validator.internal.engine.AbstractConfigurationImpl.getDefaultMessageInterpolatorConfiguredWithClassLoader(AbstractConfigurationImpl.java:834)
	at org.hibernate.validator.internal.engine.AbstractConfigurationImpl.getMessageInterpolator(AbstractConfigurationImpl.java:485)
	at org.hibernate.validator.internal.engine.ValidatorFactoryImpl.<init>(ValidatorFactoryImpl.java:157)
	at org.hibernate.validator.HibernateValidator.buildValidatorFactory(HibernateValidator.java:38)
	at org.hibernate.validator.internal.engine.AbstractConfigurationImpl.buildValidatorFactory(AbstractConfigurationImpl.java:453)
	at jakarta.validation.Validation.buildDefaultValidatorFactory(Validation.java:103)
	at org.hibernate.boot.beanvalidation.TypeSafeActivator.getValidatorFactory(TypeSafeActivator.java:482)
	at org.hibernate.boot.beanvalidation.TypeSafeActivator.activate(TypeSafeActivator.java:79)
	at java.base/jdk.internal.reflect.DirectMethodHandleAccessor.invoke(DirectMethodHandleAccessor.java:103)
	at java.base/java.lang.reflect.Method.invoke(Method.java:580)
	at org.hibernate.boot.beanvalidation.BeanValidationIntegrator.integrate(BeanValidationIntegrator.java:139)
	at org.hibernate.internal.SessionFactoryImpl.integrate(SessionFactoryImpl.java:517)
	at org.hibernate.internal.SessionFactoryImpl.<init>(SessionFactoryImpl.java:276)
	at org.hibernate.boot.internal.SessionFactoryBuilderImpl.build(SessionFactoryBuilderImpl.java:457)
	at org.hibernate.jpa.boot.internal.EntityManagerFactoryBuilderImpl.build(EntityManagerFactoryBuilderImpl.java:1506)
	at org.hibernate.jpa.HibernatePersistenceProvider.createEntityManagerFactory(HibernatePersistenceProvider.java:55)
	at jakarta.persistence.Persistence.createEntityManagerFactory(Persistence.java:80)
	at org.frcpm.config.DatabaseConfig.initialize(DatabaseConfig.java:114)
	at org.frcpm.config.DatabaseConfig.initialize(DatabaseConfig.java:28)
	at org.frcpm.repositories.SubteamRepositoryTest.setUp(SubteamRepositoryTest.java:24)
	at java.base/jdk.internal.reflect.DirectMethodHandleAccessor.invoke(DirectMethodHandleAccessor.java:103)
	at java.base/java.lang.reflect.Method.invoke(Method.java:580)
	at org.junit.platform.commons.util.ReflectionUtils.invokeMethod(ReflectionUtils.java:728)
	at org.junit.jupiter.engine.execution.MethodInvocation.proceed(MethodInvocation.java:60)
	at org.junit.jupiter.engine.execution.InvocationInterceptorChain$ValidatingInvocation.proceed(InvocationInterceptorChain.java:131)
	at org.junit.jupiter.engine.extension.TimeoutExtension.intercept(TimeoutExtension.java:156)
	at org.junit.jupiter.engine.extension.TimeoutExtension.interceptLifecycleMethod(TimeoutExtension.java:128)
	at org.junit.jupiter.engine.extension.TimeoutExtension.interceptBeforeEachMethod(TimeoutExtension.java:78)
	at org.junit.jupiter.engine.execution.InterceptingExecutableInvoker$ReflectiveInterceptorCall.lambda$ofVoidMethod$0(InterceptingExecutableInvoker.java:103)
	at org.junit.jupiter.engine.execution.InterceptingExecutableInvoker.lambda$invoke$0(InterceptingExecutableInvoker.java:93)
	at org.junit.jupiter.engine.execution.InvocationInterceptorChain$InterceptedInvocation.proceed(InvocationInterceptorChain.java:106)
	at org.junit.jupiter.engine.execution.InvocationInterceptorChain.proceed(InvocationInterceptorChain.java:64)
	at org.junit.jupiter.engine.execution.InvocationInterceptorChain.chainAndInvoke(InvocationInterceptorChain.java:45)
	at org.junit.jupiter.engine.execution.InvocationInterceptorChain.invoke(InvocationInterceptorChain.java:37)
	at org.junit.jupiter.engine.execution.InterceptingExecutableInvoker.invoke(InterceptingExecutableInvoker.java:92)
	at org.junit.jupiter.engine.execution.InterceptingExecutableInvoker.invoke(InterceptingExecutableInvoker.java:86)
	at org.junit.jupiter.engine.descriptor.ClassBasedTestDescriptor.invokeMethodInExtensionContext(ClassBasedTestDescriptor.java:521)
	at org.junit.jupiter.engine.descriptor.ClassBasedTestDescriptor.lambda$synthesizeBeforeEachMethodAdapter$23(ClassBasedTestDescriptor.java:506)
	at org.junit.jupiter.engine.descriptor.TestMethodTestDescriptor.lambda$invokeBeforeEachMethods$3(TestMethodTestDescriptor.java:175)
	at org.junit.jupiter.engine.descriptor.TestMethodTestDescriptor.lambda$invokeBeforeMethodsOrCallbacksUntilExceptionOccurs$6(TestMethodTestDescriptor.java:203)
	at org.junit.platform.engine.support.hierarchical.ThrowableCollector.execute(ThrowableCollector.java:73)
	at org.junit.jupiter.engine.descriptor.TestMethodTestDescriptor.invokeBeforeMethodsOrCallbacksUntilExceptionOccurs(TestMethodTestDescriptor.java:203)
	at org.junit.jupiter.engine.descriptor.TestMethodTestDescriptor.invokeBeforeEachMethods(TestMethodTestDescriptor.java:172)
	at org.junit.jupiter.engine.descriptor.TestMethodTestDescriptor.execute(TestMethodTestDescriptor.java:135)
	at org.junit.jupiter.engine.descriptor.TestMethodTestDescriptor.execute(TestMethodTestDescriptor.java:69)
	at org.junit.platform.engine.support.hierarchical.NodeTestTask.lambda$executeRecursively$6(NodeTestTask.java:151)
	at org.junit.platform.engine.support.hierarchical.ThrowableCollector.execute(ThrowableCollector.java:73)
	at org.junit.platform.engine.support.hierarchical.NodeTestTask.lambda$executeRecursively$8(NodeTestTask.java:141)
	at org.junit.platform.engine.support.hierarchical.Node.around(Node.java:137)
	at org.junit.platform.engine.support.hierarchical.NodeTestTask.lambda$executeRecursively$9(NodeTestTask.java:139)
	at org.junit.platform.engine.support.hierarchical.ThrowableCollector.execute(ThrowableCollector.java:73)
	at org.junit.platform.engine.support.hierarchical.NodeTestTask.executeRecursively(NodeTestTask.java:138)
	at org.junit.platform.engine.support.hierarchical.NodeTestTask.execute(NodeTestTask.java:95)
	at java.base/java.util.ArrayList.forEach(ArrayList.java:1596)
	at org.junit.platform.engine.support.hierarchical.SameThreadHierarchicalTestExecutorService.invokeAll(SameThreadHierarchicalTestExecutorService.java:41)
	at org.junit.platform.engine.support.hierarchical.NodeTestTask.lambda$executeRecursively$6(NodeTestTask.java:155)
	at org.junit.platform.engine.support.hierarchical.ThrowableCollector.execute(ThrowableCollector.java:73)
	at org.junit.platform.engine.support.hierarchical.NodeTestTask.lambda$executeRecursively$8(NodeTestTask.java:141)
	at org.junit.platform.engine.support.hierarchical.Node.around(Node.java:137)
	at org.junit.platform.engine.support.hierarchical.NodeTestTask.lambda$executeRecursively$9(NodeTestTask.java:139)
	at org.junit.platform.engine.support.hierarchical.ThrowableCollector.execute(ThrowableCollector.java:73)
	at org.junit.platform.engine.support.hierarchical.NodeTestTask.executeRecursively(NodeTestTask.java:138)
	at org.junit.platform.engine.support.hierarchical.NodeTestTask.execute(NodeTestTask.java:95)
	at java.base/java.util.ArrayList.forEach(ArrayList.java:1596)
	at org.junit.platform.engine.support.hierarchical.SameThreadHierarchicalTestExecutorService.invokeAll(SameThreadHierarchicalTestExecutorService.java:41)
	at org.junit.platform.engine.support.hierarchical.NodeTestTask.lambda$executeRecursively$6(NodeTestTask.java:155)
	at org.junit.platform.engine.support.hierarchical.ThrowableCollector.execute(ThrowableCollector.java:73)
	at org.junit.platform.engine.support.hierarchical.NodeTestTask.lambda$executeRecursively$8(NodeTestTask.java:141)
	at org.junit.platform.engine.support.hierarchical.Node.around(Node.java:137)
	at org.junit.platform.engine.support.hierarchical.NodeTestTask.lambda$executeRecursively$9(NodeTestTask.java:139)
	at org.junit.platform.engine.support.hierarchical.ThrowableCollector.execute(ThrowableCollector.java:73)
	at org.junit.platform.engine.support.hierarchical.NodeTestTask.executeRecursively(NodeTestTask.java:138)
	at org.junit.platform.engine.support.hierarchical.NodeTestTask.execute(NodeTestTask.java:95)
	at org.junit.platform.engine.support.hierarchical.SameThreadHierarchicalTestExecutorService.submit(SameThreadHierarchicalTestExecutorService.java:35)
	at org.junit.platform.engine.support.hierarchical.HierarchicalTestExecutor.execute(HierarchicalTestExecutor.java:57)
	at org.junit.platform.engine.support.hierarchical.HierarchicalTestEngine.execute(HierarchicalTestEngine.java:54)
	at org.junit.platform.launcher.core.EngineExecutionOrchestrator.execute(EngineExecutionOrchestrator.java:198)
	at org.junit.platform.launcher.core.EngineExecutionOrchestrator.execute(EngineExecutionOrchestrator.java:169)
	at org.junit.platform.launcher.core.EngineExecutionOrchestrator.execute(EngineExecutionOrchestrator.java:93)
	at org.junit.platform.launcher.core.EngineExecutionOrchestrator.lambda$execute$0(EngineExecutionOrchestrator.java:58)
	at org.junit.platform.launcher.core.EngineExecutionOrchestrator.withInterceptedStreams(EngineExecutionOrchestrator.java:141)
	at org.junit.platform.launcher.core.EngineExecutionOrchestrator.execute(EngineExecutionOrchestrator.java:57)
	at org.junit.platform.launcher.core.DefaultLauncher.execute(DefaultLauncher.java:103)
	at org.junit.platform.launcher.core.DefaultLauncher.execute(DefaultLauncher.java:85)
	at org.junit.platform.launcher.core.DelegatingLauncher.execute(DelegatingLauncher.java:47)
	at org.apache.maven.surefire.junitplatform.LazyLauncher.execute(LazyLauncher.java:56)
	at org.apache.maven.surefire.junitplatform.JUnitPlatformProvider.execute(JUnitPlatformProvider.java:184)
	at org.apache.maven.surefire.junitplatform.JUnitPlatformProvider.invokeAllTests(JUnitPlatformProvider.java:148)
	at org.apache.maven.surefire.junitplatform.JUnitPlatformProvider.invoke(JUnitPlatformProvider.java:122)
	at org.apache.maven.surefire.booter.ForkedBooter.runSuitesInProcess(ForkedBooter.java:385)
	at org.apache.maven.surefire.booter.ForkedBooter.execute(ForkedBooter.java:162)
	at org.apache.maven.surefire.booter.ForkedBooter.run(ForkedBooter.java:507)
	at org.apache.maven.surefire.booter.ForkedBooter.main(ForkedBooter.java:495)
Caused by: java.lang.ClassNotFoundException: jakarta.el.ExpressionFactory
	... 97 common frames omitted
10:24:42.884 [main] DEBUG org.hibernate.boot.beanvalidation.TypeSafeActivator - Unable to acquire Bean Validation ValidatorFactory, skipping activation
10:24:42.888 [main] DEBUG org.hibernate.query.sqm.function.SqmFunctionRegistry - Registered SqmFunctionTemplate [NamedSqmFunctionTemplate(max)] under max; prior registration was null
10:24:42.888 [main] DEBUG org.hibernate.query.sqm.function.SqmFunctionRegistry - Registered SqmFunctionTemplate [NamedSqmFunctionTemplate(min)] under min; prior registration was null
10:24:42.888 [main] DEBUG org.hibernate.query.sqm.function.SqmFunctionRegistry - Registered SqmFunctionTemplate [NamedSqmFunctionTemplate(sum)] under sum; prior registration was null
10:24:42.888 [main] DEBUG org.hibernate.query.sqm.function.SqmFunctionRegistry - Registered SqmFunctionTemplate [NamedSqmFunctionTemplate(avg)] under avg; prior registration was null
10:24:42.888 [main] DEBUG org.hibernate.query.sqm.function.SqmFunctionRegistry - Registered SqmFunctionTemplate [org.hibernate.dialect.function.CountFunction@8cff40a] under count; prior registration was null
10:24:42.888 [main] DEBUG org.hibernate.query.sqm.function.SqmFunctionRegistry - Registered SqmFunctionTemplate [org.hibernate.dialect.function.EveryAnyEmulation@4d0020b0] under every; prior registration was null
10:24:42.888 [main] DEBUG org.hibernate.query.sqm.function.SqmFunctionRegistry - Registered SqmFunctionTemplate [org.hibernate.dialect.function.EveryAnyEmulation@3e0be719] under any; prior registration was null
10:24:42.888 [main] DEBUG org.hibernate.query.sqm.function.SqmFunctionRegistry - Registered SqmFunctionTemplate [NamedSqmFunctionTemplate(floor)] under floor; prior registration was null
10:24:42.888 [main] DEBUG org.hibernate.query.sqm.function.SqmFunctionRegistry - Registered SqmFunctionTemplate [NamedSqmFunctionTemplate(ceiling)] under ceiling; prior registration was null
10:24:42.888 [main] DEBUG org.hibernate.query.sqm.function.SqmFunctionRegistry - Registered SqmFunctionTemplate [NamedSqmFunctionTemplate(mod)] under mod; prior registration was null
10:24:42.888 [main] DEBUG org.hibernate.query.sqm.function.SqmFunctionRegistry - Registered SqmFunctionTemplate [NamedSqmFunctionTemplate(abs)] under abs; prior registration was null
10:24:42.888 [main] DEBUG org.hibernate.query.sqm.function.SqmFunctionRegistry - Registered SqmFunctionTemplate [NamedSqmFunctionTemplate(sign)] under sign; prior registration was null
10:24:42.888 [main] DEBUG org.hibernate.query.sqm.function.SqmFunctionRegistry - Registered SqmFunctionTemplate [NamedSqmFunctionTemplate(sqrt)] under sqrt; prior registration was null
10:24:42.888 [main] DEBUG org.hibernate.query.sqm.function.SqmFunctionRegistry - Registered SqmFunctionTemplate [NamedSqmFunctionTemplate(ln)] under ln; prior registration was null
10:24:42.888 [main] DEBUG org.hibernate.query.sqm.function.SqmFunctionRegistry - Registered SqmFunctionTemplate [NamedSqmFunctionTemplate(exp)] under exp; prior registration was null
10:24:42.888 [main] DEBUG org.hibernate.query.sqm.function.SqmFunctionRegistry - Registered SqmFunctionTemplate [NamedSqmFunctionTemplate(power)] under power; prior registration was null
10:24:42.888 [main] DEBUG org.hibernate.query.sqm.function.SqmFunctionRegistry - Registered SqmFunctionTemplate [NamedSqmFunctionTemplate(round)] under round; prior registration was null
10:24:42.888 [main] DEBUG org.hibernate.query.sqm.function.SqmFunctionRegistry - Registered SqmFunctionTemplate [NamedSqmFunctionTemplate(sin)] under sin; prior registration was null
10:24:42.888 [main] DEBUG org.hibernate.query.sqm.function.SqmFunctionRegistry - Registered SqmFunctionTemplate [NamedSqmFunctionTemplate(cos)] under cos; prior registration was null
10:24:42.888 [main] DEBUG org.hibernate.query.sqm.function.SqmFunctionRegistry - Registered SqmFunctionTemplate [NamedSqmFunctionTemplate(tan)] under tan; prior registration was null
10:24:42.888 [main] DEBUG org.hibernate.query.sqm.function.SqmFunctionRegistry - Registered SqmFunctionTemplate [NamedSqmFunctionTemplate(asin)] under asin; prior registration was null
10:24:42.888 [main] DEBUG org.hibernate.query.sqm.function.SqmFunctionRegistry - Registered SqmFunctionTemplate [NamedSqmFunctionTemplate(acos)] under acos; prior registration was null
10:24:42.888 [main] DEBUG org.hibernate.query.sqm.function.SqmFunctionRegistry - Registered SqmFunctionTemplate [NamedSqmFunctionTemplate(atan)] under atan; prior registration was null
10:24:42.889 [main] DEBUG org.hibernate.query.sqm.function.SqmFunctionRegistry - Registered SqmFunctionTemplate [NamedSqmFunctionTemplate(atan2)] under atan2; prior registration was null
10:24:42.889 [main] DEBUG org.hibernate.query.sqm.function.SqmFunctionRegistry - Registered SqmFunctionTemplate [org.hibernate.query.sqm.function.PatternBasedSqmFunctionDescriptor@7a08d003] under sinh; prior registration was null
10:24:42.889 [main] DEBUG org.hibernate.query.sqm.function.SqmFunctionRegistry - Registered SqmFunctionTemplate [org.hibernate.query.sqm.function.PatternBasedSqmFunctionDescriptor@d9004ec] under cosh; prior registration was null
10:24:42.889 [main] DEBUG org.hibernate.query.sqm.function.SqmFunctionRegistry - Registered SqmFunctionTemplate [org.hibernate.query.sqm.function.PatternBasedSqmFunctionDescriptor@41d9a04e] under tanh; prior registration was null
10:24:42.889 [main] DEBUG org.hibernate.query.sqm.function.SqmFunctionRegistry - Registered SqmFunctionTemplate [org.hibernate.query.sqm.function.PatternBasedSqmFunctionDescriptor@208bb443] under pi; prior registration was null
10:24:42.889 [main] DEBUG org.hibernate.query.sqm.function.SqmFunctionRegistry - Registered SqmFunctionTemplate [org.hibernate.query.sqm.function.PatternBasedSqmFunctionDescriptor@1cbff099] under log; prior registration was null
10:24:42.889 [main] DEBUG org.hibernate.query.sqm.function.SqmFunctionRegistry - Registered SqmFunctionTemplate [NamedSqmFunctionTemplate(coalesce)] under coalesce; prior registration was null
10:24:42.889 [main] DEBUG org.hibernate.query.sqm.function.SqmFunctionRegistry - Registered SqmFunctionTemplate [NamedSqmFunctionTemplate(nullif)] under nullif; prior registration was null
10:24:42.889 [main] DEBUG org.hibernate.query.sqm.function.SqmFunctionRegistry - Registered SqmFunctionTemplate [NamedSqmFunctionTemplate(left)] under left; prior registration was null
10:24:42.889 [main] DEBUG org.hibernate.query.sqm.function.SqmFunctionRegistry - Registered SqmFunctionTemplate [NamedSqmFunctionTemplate(right)] under right; prior registration was null
10:24:42.889 [main] DEBUG org.hibernate.query.sqm.function.SqmFunctionRegistry - Registered SqmFunctionTemplate [NamedSqmFunctionTemplate(replace)] under replace; prior registration was null
10:24:42.889 [main] DEBUG org.hibernate.query.sqm.function.SqmFunctionRegistry - Registered SqmFunctionTemplate [NamedSqmFunctionTemplate(concat)] under concat; prior registration was null
10:24:42.889 [main] DEBUG org.hibernate.query.sqm.function.SqmFunctionRegistry - Registered SqmFunctionTemplate [NamedSqmFunctionTemplate(lower)] under lower; prior registration was null
10:24:42.889 [main] DEBUG org.hibernate.query.sqm.function.SqmFunctionRegistry - Registered SqmFunctionTemplate [NamedSqmFunctionTemplate(upper)] under upper; prior registration was null
10:24:42.889 [main] DEBUG org.hibernate.query.sqm.function.SqmFunctionRegistry - Registered SqmFunctionTemplate [NamedSqmFunctionTemplate(substring)] under substring; prior registration was null
10:24:42.889 [main] DEBUG org.hibernate.query.sqm.function.SqmFunctionRegistry - Registered SqmFunctionTemplate [NamedSqmFunctionTemplate(locate)] under locate; prior registration was null
10:24:42.889 [main] DEBUG org.hibernate.query.sqm.function.SqmFunctionRegistry - Registered SqmFunctionTemplate [NamedSqmFunctionTemplate(character_length)] under character_length; prior registration was null
10:24:42.889 [main] DEBUG org.hibernate.query.sqm.function.SqmFunctionRegistry - Registering alternate key : length -> character_length
10:24:42.889 [main] DEBUG org.hibernate.query.sqm.function.SqmFunctionRegistry - Registered SqmFunctionTemplate [org.hibernate.dialect.function.LocatePositionEmulation@11853086] under position; prior registration was null
10:24:42.889 [main] DEBUG org.hibernate.query.sqm.function.SqmFunctionRegistry - Registered SqmFunctionTemplate [org.hibernate.dialect.function.InsertSubstringOverlayEmulation@1dd23928] under overlay; prior registration was null
10:24:42.889 [main] DEBUG org.hibernate.query.sqm.function.SqmFunctionRegistry - Registered SqmFunctionTemplate [org.hibernate.dialect.function.TrimFunction@6086af7d] under trim; prior registration was null
10:24:42.889 [main] DEBUG org.hibernate.query.sqm.function.SqmFunctionRegistry - Registered SqmFunctionTemplate [org.hibernate.dialect.function.CastFunction@3deb0cc] under cast; prior registration was null
10:24:42.889 [main] DEBUG org.hibernate.query.sqm.function.SqmFunctionRegistry - Registered SqmFunctionTemplate [org.hibernate.query.sqm.function.PatternBasedSqmFunctionDescriptor@3be7a131] under collate; prior registration was null
10:24:42.889 [main] DEBUG org.hibernate.query.sqm.function.SqmFunctionRegistry - Registered SqmFunctionTemplate [org.hibernate.dialect.function.ExtractFunction@37f0d41c] under extract; prior registration was null
10:24:42.889 [main] DEBUG org.hibernate.query.sqm.function.SqmFunctionRegistry - Registered SqmFunctionTemplate [NamedSqmFunctionTemplate(least)] under least; prior registration was null
10:24:42.889 [main] DEBUG org.hibernate.query.sqm.function.SqmFunctionRegistry - Registered SqmFunctionTemplate [NamedSqmFunctionTemplate(greatest)] under greatest; prior registration was null
10:24:42.889 [main] DEBUG org.hibernate.query.sqm.function.SqmFunctionRegistry - Registered SqmFunctionTemplate [org.hibernate.dialect.function.CoalesceIfnullEmulation@62d878d8] under ifnull; prior registration was null
10:24:42.889 [main] DEBUG org.hibernate.query.sqm.function.SqmFunctionRegistry - Registered SqmFunctionTemplate [NamedSqmFunctionTemplate(lpad)] under lpad; prior registration was null
10:24:42.889 [main] DEBUG org.hibernate.query.sqm.function.SqmFunctionRegistry - Registered SqmFunctionTemplate [NamedSqmFunctionTemplate(rpad)] under rpad; prior registration was null
10:24:42.889 [main] DEBUG org.hibernate.query.sqm.function.SqmFunctionRegistry - Registered SqmFunctionTemplate [org.hibernate.dialect.function.LpadRpadPadEmulation@14f6fc9f] under pad; prior registration was null
10:24:42.889 [main] DEBUG org.hibernate.query.sqm.function.SqmFunctionRegistry - Registered SqmFunctionTemplate [org.hibernate.dialect.function.CastStrEmulation@129e3919] under str; prior registration was null
10:24:42.889 [main] DEBUG org.hibernate.query.sqm.function.SqmFunctionRegistry - Registered SqmFunctionTemplate [org.hibernate.dialect.function.FormatFunction@23ff4f62] under format; prior registration was null
10:24:42.889 [main] DEBUG org.hibernate.query.sqm.function.SqmFunctionRegistry - Registered SqmFunctionTemplate [org.hibernate.dialect.function.TimestampaddFunction@240fd7d] under timestampadd; prior registration was null
10:24:42.889 [main] DEBUG org.hibernate.query.sqm.function.SqmFunctionRegistry - Registered SqmFunctionTemplate [org.hibernate.dialect.function.TimestampdiffFunction@21f1ebae] under timestampdiff; prior registration was null
10:24:42.889 [main] DEBUG org.hibernate.query.sqm.function.SqmFunctionRegistry - Registering alternate key : dateadd -> timestampadd
10:24:42.889 [main] DEBUG org.hibernate.query.sqm.function.SqmFunctionRegistry - Registering alternate key : datediff -> timestampdiff
10:24:42.889 [main] DEBUG org.hibernate.query.sqm.function.SqmFunctionRegistry - Registered SqmFunctionTemplate [org.hibernate.dialect.function.CurrentFunction@42c45878] under current_date; prior registration was null
10:24:42.889 [main] DEBUG org.hibernate.query.sqm.function.SqmFunctionRegistry - Registered SqmFunctionTemplate [org.hibernate.dialect.function.CurrentFunction@1b199b1d] under current_time; prior registration was null
10:24:42.889 [main] DEBUG org.hibernate.query.sqm.function.SqmFunctionRegistry - Registered SqmFunctionTemplate [org.hibernate.dialect.function.CurrentFunction@1eb73616] under current_timestamp; prior registration was null
10:24:42.889 [main] DEBUG org.hibernate.query.sqm.function.SqmFunctionRegistry - Registering alternate key : current date -> current_date
10:24:42.889 [main] DEBUG org.hibernate.query.sqm.function.SqmFunctionRegistry - Registering alternate key : current time -> current_time
10:24:42.889 [main] DEBUG org.hibernate.query.sqm.function.SqmFunctionRegistry - Registering alternate key : current timestamp -> current_timestamp
10:24:42.889 [main] DEBUG org.hibernate.query.sqm.function.SqmFunctionRegistry - Registered SqmFunctionTemplate [org.hibernate.dialect.function.CurrentFunction@303512f5] under local_date; prior registration was null
10:24:42.889 [main] DEBUG org.hibernate.query.sqm.function.SqmFunctionRegistry - Registered SqmFunctionTemplate [org.hibernate.dialect.function.CurrentFunction@50d29b13] under local_time; prior registration was null
10:24:42.889 [main] DEBUG org.hibernate.query.sqm.function.SqmFunctionRegistry - Registered SqmFunctionTemplate [org.hibernate.dialect.function.CurrentFunction@7442367] under local_datetime; prior registration was null
10:24:42.889 [main] DEBUG org.hibernate.query.sqm.function.SqmFunctionRegistry - Registered SqmFunctionTemplate [org.hibernate.dialect.function.CurrentFunction@2064a21f] under offset_datetime; prior registration was null
10:24:42.889 [main] DEBUG org.hibernate.query.sqm.function.SqmFunctionRegistry - Registering alternate key : local date -> local_date
10:24:42.889 [main] DEBUG org.hibernate.query.sqm.function.SqmFunctionRegistry - Registering alternate key : local time -> local_time
10:24:42.889 [main] DEBUG org.hibernate.query.sqm.function.SqmFunctionRegistry - Registering alternate key : local datetime -> local_datetime
10:24:42.889 [main] DEBUG org.hibernate.query.sqm.function.SqmFunctionRegistry - Registering alternate key : offset datetime -> offset_datetime
10:24:42.889 [main] DEBUG org.hibernate.query.sqm.function.SqmFunctionRegistry - Registered SqmFunctionTemplate [org.hibernate.dialect.function.CurrentFunction@38debe5c] under instant; prior registration was null
10:24:42.889 [main] DEBUG org.hibernate.query.sqm.function.SqmFunctionRegistry - Registering alternate key : current_instant -> instant
10:24:42.889 [main] DEBUG org.hibernate.query.sqm.function.SqmFunctionRegistry - Registered SqmFunctionTemplate [org.hibernate.dialect.function.SqlFunction@7c10b057] under sql; prior registration was null
10:24:42.889 [main] DEBUG org.hibernate.query.sqm.function.SqmFunctionRegistry - Registered SqmFunctionTemplate [NamedSqmFunctionTemplate(max)] under max; prior registration was NamedSqmFunctionTemplate(max)
10:24:42.889 [main] DEBUG org.hibernate.query.sqm.function.SqmFunctionRegistry - Registered SqmFunctionTemplate [NamedSqmFunctionTemplate(min)] under min; prior registration was NamedSqmFunctionTemplate(min)
10:24:42.889 [main] DEBUG org.hibernate.query.sqm.function.SqmFunctionRegistry - Registered SqmFunctionTemplate [NamedSqmFunctionTemplate(sum)] under sum; prior registration was NamedSqmFunctionTemplate(sum)
10:24:42.889 [main] DEBUG org.hibernate.query.sqm.function.SqmFunctionRegistry - Registered SqmFunctionTemplate [NamedSqmFunctionTemplate(avg)] under avg; prior registration was NamedSqmFunctionTemplate(avg)
10:24:42.889 [main] DEBUG org.hibernate.query.sqm.function.SqmFunctionRegistry - Registered SqmFunctionTemplate [org.hibernate.dialect.function.CountFunction@5a69eba9] under count; prior registration was org.hibernate.dialect.function.CountFunction@8cff40a
10:24:42.889 [main] DEBUG org.hibernate.query.sqm.function.SqmFunctionRegistry - Registered SqmFunctionTemplate [org.hibernate.dialect.function.AvgFunction@5f18dea1] under avg; prior registration was NamedSqmFunctionTemplate(avg)
10:24:42.889 [main] DEBUG org.hibernate.query.sqm.function.SqmFunctionRegistry - Registered SqmFunctionTemplate [NamedSqmFunctionTemplate(pi)] under pi; prior registration was org.hibernate.query.sqm.function.PatternBasedSqmFunctionDescriptor@208bb443
10:24:42.889 [main] DEBUG org.hibernate.query.sqm.function.SqmFunctionRegistry - Registered SqmFunctionTemplate [NamedSqmFunctionTemplate(cot)] under cot; prior registration was null
10:24:42.889 [main] DEBUG org.hibernate.query.sqm.function.SqmFunctionRegistry - Registered SqmFunctionTemplate [NamedSqmFunctionTemplate(radians)] under radians; prior registration was null
10:24:42.889 [main] DEBUG org.hibernate.query.sqm.function.SqmFunctionRegistry - Registered SqmFunctionTemplate [NamedSqmFunctionTemplate(degrees)] under degrees; prior registration was null
10:24:42.889 [main] DEBUG org.hibernate.query.sqm.function.SqmFunctionRegistry - Registered SqmFunctionTemplate [NamedSqmFunctionTemplate(log10)] under log10; prior registration was null
10:24:42.889 [main] DEBUG org.hibernate.query.sqm.function.SqmFunctionRegistry - Registered SqmFunctionTemplate [org.hibernate.query.sqm.function.PatternBasedSqmFunctionDescriptor@12f9b740] under mod; prior registration was NamedSqmFunctionTemplate(mod)
10:24:42.889 [main] DEBUG org.hibernate.query.sqm.function.SqmFunctionRegistry - Registered SqmFunctionTemplate [NamedSqmFunctionTemplate(rand)] under rand; prior registration was null
10:24:42.889 [main] DEBUG org.hibernate.query.sqm.function.SqmFunctionRegistry - Registered SqmFunctionTemplate [NamedSqmFunctionTemplate(soundex)] under soundex; prior registration was null
10:24:42.889 [main] DEBUG org.hibernate.query.sqm.function.SqmFunctionRegistry - Registered SqmFunctionTemplate [NamedSqmFunctionTemplate(translate)] under translate; prior registration was null
10:24:42.889 [main] DEBUG org.hibernate.query.sqm.function.SqmFunctionRegistry - Registered SqmFunctionTemplate [NamedSqmFunctionTemplate(bitand)] under bitand; prior registration was null
10:24:42.889 [main] DEBUG org.hibernate.query.sqm.function.SqmFunctionRegistry - Registered SqmFunctionTemplate [NamedSqmFunctionTemplate(bitor)] under bitor; prior registration was null
10:24:42.889 [main] DEBUG org.hibernate.query.sqm.function.SqmFunctionRegistry - Registered SqmFunctionTemplate [NamedSqmFunctionTemplate(bitxor)] under bitxor; prior registration was null
10:24:42.889 [main] DEBUG org.hibernate.query.sqm.function.SqmFunctionRegistry - Registered SqmFunctionTemplate [NamedSqmFunctionTemplate(bitnot)] under bitnot; prior registration was null
10:24:42.889 [main] DEBUG org.hibernate.query.sqm.function.SqmFunctionRegistry - Registered SqmFunctionTemplate [NamedSqmFunctionTemplate(bit_and)] under bit_and; prior registration was null
10:24:42.889 [main] DEBUG org.hibernate.query.sqm.function.SqmFunctionRegistry - Registered SqmFunctionTemplate [NamedSqmFunctionTemplate(bit_or)] under bit_or; prior registration was null
10:24:42.889 [main] DEBUG org.hibernate.query.sqm.function.SqmFunctionRegistry - Registered SqmFunctionTemplate [NamedSqmFunctionTemplate(day)] under day; prior registration was null
10:24:42.889 [main] DEBUG org.hibernate.query.sqm.function.SqmFunctionRegistry - Registered SqmFunctionTemplate [NamedSqmFunctionTemplate(month)] under month; prior registration was null
10:24:42.889 [main] DEBUG org.hibernate.query.sqm.function.SqmFunctionRegistry - Registered SqmFunctionTemplate [NamedSqmFunctionTemplate(year)] under year; prior registration was null
10:24:42.889 [main] DEBUG org.hibernate.query.sqm.function.SqmFunctionRegistry - Registered SqmFunctionTemplate [NamedSqmFunctionTemplate(hour)] under hour; prior registration was null
10:24:42.889 [main] DEBUG org.hibernate.query.sqm.function.SqmFunctionRegistry - Registered SqmFunctionTemplate [NamedSqmFunctionTemplate(minute)] under minute; prior registration was null
10:24:42.889 [main] DEBUG org.hibernate.query.sqm.function.SqmFunctionRegistry - Registered SqmFunctionTemplate [NamedSqmFunctionTemplate(second)] under second; prior registration was null
10:24:42.889 [main] DEBUG org.hibernate.query.sqm.function.SqmFunctionRegistry - Registered SqmFunctionTemplate [NamedSqmFunctionTemplate(microsecond)] under microsecond; prior registration was null
10:24:42.889 [main] DEBUG org.hibernate.query.sqm.function.SqmFunctionRegistry - Registered SqmFunctionTemplate [NamedSqmFunctionTemplate(day_of_week)] under day_of_week; prior registration was null
10:24:42.889 [main] DEBUG org.hibernate.query.sqm.function.SqmFunctionRegistry - Registered SqmFunctionTemplate [NamedSqmFunctionTemplate(day_of_month)] under day_of_month; prior registration was null
10:24:42.889 [main] DEBUG org.hibernate.query.sqm.function.SqmFunctionRegistry - Registering alternate key : day -> day_of_month
10:24:42.889 [main] DEBUG org.hibernate.query.sqm.function.SqmFunctionRegistry - Registered SqmFunctionTemplate [NamedSqmFunctionTemplate(day_of_year)] under day_of_year; prior registration was null
10:24:42.889 [main] DEBUG org.hibernate.query.sqm.function.SqmFunctionRegistry - Registered SqmFunctionTemplate [NamedSqmFunctionTemplate(week)] under week; prior registration was null
10:24:42.889 [main] DEBUG org.hibernate.query.sqm.function.SqmFunctionRegistry - Registered SqmFunctionTemplate [NamedSqmFunctionTemplate(quarter)] under quarter; prior registration was null
10:24:42.889 [main] DEBUG org.hibernate.query.sqm.function.SqmFunctionRegistry - Registered SqmFunctionTemplate [NamedSqmFunctionTemplate(monthname)] under monthname; prior registration was null
10:24:42.889 [main] DEBUG org.hibernate.query.sqm.function.SqmFunctionRegistry - Registered SqmFunctionTemplate [NamedSqmFunctionTemplate(dayname)] under dayname; prior registration was null
10:24:42.889 [main] DEBUG org.hibernate.query.sqm.function.SqmFunctionRegistry - Registered SqmFunctionTemplate [NamedSqmFunctionTemplate(localtime)] under localtime; prior registration was null
10:24:42.889 [main] DEBUG org.hibernate.query.sqm.function.SqmFunctionRegistry - Registered SqmFunctionTemplate [NamedSqmFunctionTemplate(localtimestamp)] under localtimestamp; prior registration was null
10:24:42.889 [main] DEBUG org.hibernate.query.sqm.function.SqmFunctionRegistry - Registered SqmFunctionTemplate [NamedSqmFunctionTemplate(localtime)] under local_time; prior registration was org.hibernate.dialect.function.CurrentFunction@50d29b13
10:24:42.889 [main] DEBUG org.hibernate.query.sqm.function.SqmFunctionRegistry - Registered SqmFunctionTemplate [NamedSqmFunctionTemplate(localtimestamp)] under local_datetime; prior registration was org.hibernate.dialect.function.CurrentFunction@7442367
10:24:42.889 [main] DEBUG org.hibernate.query.sqm.function.SqmFunctionRegistry - Registered SqmFunctionTemplate [org.hibernate.dialect.function.TruncFunction@6b122f40] under trunc; prior registration was null
10:24:42.889 [main] DEBUG org.hibernate.query.sqm.function.SqmFunctionRegistry - Registering alternate key : truncate -> trunc
10:24:42.889 [main] DEBUG org.hibernate.query.sqm.function.SqmFunctionRegistry - Registered SqmFunctionTemplate [org.hibernate.query.sqm.function.PatternBasedSqmFunctionDescriptor@7eb3b528] under date_trunc; prior registration was null
10:24:42.889 [main] DEBUG org.hibernate.query.sqm.function.SqmFunctionRegistry - Registered SqmFunctionTemplate [NamedSqmFunctionTemplate(bit_length)] under bit_length; prior registration was null
10:24:42.889 [main] DEBUG org.hibernate.query.sqm.function.SqmFunctionRegistry - Registered SqmFunctionTemplate [NamedSqmFunctionTemplate(octet_length)] under octet_length; prior registration was null
10:24:42.889 [main] DEBUG org.hibernate.query.sqm.function.SqmFunctionRegistry - Registered SqmFunctionTemplate [NamedSqmFunctionTemplate(ascii)] under ascii; prior registration was null
10:24:42.889 [main] DEBUG org.hibernate.query.sqm.function.SqmFunctionRegistry - Registered SqmFunctionTemplate [NamedSqmFunctionTemplate(octet_length)] under octet_length; prior registration was NamedSqmFunctionTemplate(octet_length)
10:24:42.889 [main] DEBUG org.hibernate.query.sqm.function.SqmFunctionRegistry - Registered SqmFunctionTemplate [NamedSqmFunctionTemplate(space)] under space; prior registration was null
10:24:42.889 [main] DEBUG org.hibernate.query.sqm.function.SqmFunctionRegistry - Registered SqmFunctionTemplate [NamedSqmFunctionTemplate(repeat)] under repeat; prior registration was null
10:24:42.889 [main] DEBUG org.hibernate.query.sqm.function.SqmFunctionRegistry - Registered SqmFunctionTemplate [NamedSqmFunctionTemplate(char)] under char; prior registration was null
10:24:42.889 [main] DEBUG org.hibernate.query.sqm.function.SqmFunctionRegistry - Registering alternate key : chr -> char
10:24:42.889 [main] DEBUG org.hibernate.query.sqm.function.SqmFunctionRegistry - Registered SqmFunctionTemplate [NamedSqmFunctionTemplate(instr)] under instr; prior registration was null
10:24:42.889 [main] DEBUG org.hibernate.query.sqm.function.SqmFunctionRegistry - Registered SqmFunctionTemplate [NamedSqmFunctionTemplate(substr)] under substr; prior registration was null
10:24:42.889 [main] DEBUG org.hibernate.query.sqm.function.SqmFunctionRegistry - Registered SqmFunctionTemplate [org.hibernate.query.sqm.function.PatternBasedSqmFunctionDescriptor@67479189] under position; prior registration was org.hibernate.dialect.function.LocatePositionEmulation@11853086
10:24:42.889 [main] DEBUG org.hibernate.query.sqm.function.SqmFunctionRegistry - Registered SqmFunctionTemplate [NamedSqmFunctionTemplate(ltrim)] under ltrim; prior registration was null
10:24:42.889 [main] DEBUG org.hibernate.query.sqm.function.SqmFunctionRegistry - Registered SqmFunctionTemplate [NamedSqmFunctionTemplate(rtrim)] under rtrim; prior registration was null
10:24:42.889 [main] DEBUG org.hibernate.query.sqm.function.SqmFunctionRegistry - Registered SqmFunctionTemplate [org.hibernate.query.sqm.function.PatternBasedSqmFunctionDescriptor@38db7996] under concat; prior registration was NamedSqmFunctionTemplate(concat)
10:24:42.889 [main] DEBUG org.hibernate.query.sqm.function.SqmFunctionRegistry - Registered SqmFunctionTemplate [NamedSqmFunctionTemplate(curtime)] under curtime; prior registration was null
10:24:42.889 [main] DEBUG org.hibernate.query.sqm.function.SqmFunctionRegistry - Registered SqmFunctionTemplate [NamedSqmFunctionTemplate(curdate)] under curdate; prior registration was null
10:24:42.889 [main] DEBUG org.hibernate.query.sqm.function.SqmFunctionRegistry - Registered SqmFunctionTemplate [NamedSqmFunctionTemplate(now)] under now; prior registration was null
10:24:42.889 [main] DEBUG org.hibernate.query.sqm.function.SqmFunctionRegistry - Registered SqmFunctionTemplate [NamedSqmFunctionTemplate(sysdate)] under sysdate; prior registration was null
10:24:42.889 [main] DEBUG org.hibernate.query.sqm.function.SqmFunctionRegistry - Registered SqmFunctionTemplate [NamedSqmFunctionTemplate(insert)] under insert; prior registration was null
10:24:42.889 [main] DEBUG org.hibernate.query.sqm.function.SqmFunctionRegistry - Registered SqmFunctionTemplate [NamedSqmFunctionTemplate(bool_and)] under bool_and; prior registration was null
10:24:42.889 [main] DEBUG org.hibernate.query.sqm.function.SqmFunctionRegistry - Registering alternate key : every -> bool_and
10:24:42.889 [main] DEBUG org.hibernate.query.sqm.function.SqmFunctionRegistry - Registered SqmFunctionTemplate [NamedSqmFunctionTemplate(bool_or)] under bool_or; prior registration was null
10:24:42.889 [main] DEBUG org.hibernate.query.sqm.function.SqmFunctionRegistry - Registering alternate key : any -> bool_or
10:24:42.889 [main] DEBUG org.hibernate.query.sqm.function.SqmFunctionRegistry - Registered SqmFunctionTemplate [NamedSqmFunctionTemplate(median)] under median; prior registration was null
10:24:42.889 [main] DEBUG org.hibernate.query.sqm.function.SqmFunctionRegistry - Registered SqmFunctionTemplate [NamedSqmFunctionTemplate(stddev_pop)] under stddev_pop; prior registration was null
10:24:42.889 [main] DEBUG org.hibernate.query.sqm.function.SqmFunctionRegistry - Registered SqmFunctionTemplate [NamedSqmFunctionTemplate(stddev_samp)] under stddev_samp; prior registration was null
10:24:42.889 [main] DEBUG org.hibernate.query.sqm.function.SqmFunctionRegistry - Registered SqmFunctionTemplate [NamedSqmFunctionTemplate(var_pop)] under var_pop; prior registration was null
10:24:42.889 [main] DEBUG org.hibernate.query.sqm.function.SqmFunctionRegistry - Registered SqmFunctionTemplate [NamedSqmFunctionTemplate(var_samp)] under var_samp; prior registration was null
10:24:42.889 [main] DEBUG org.hibernate.query.sqm.function.SqmFunctionRegistry - Registered SqmFunctionTemplate [org.hibernate.dialect.function.FormatFunction@424939e2] under format; prior registration was org.hibernate.dialect.function.FormatFunction@23ff4f62
10:24:42.889 [main] DEBUG org.hibernate.query.sqm.function.SqmFunctionRegistry - Registered SqmFunctionTemplate [NamedSqmFunctionTemplate(rownum)] under rownum; prior registration was null
10:24:42.889 [main] DEBUG org.hibernate.query.sqm.function.SqmFunctionRegistry - Registered SqmFunctionTemplate [NamedSqmFunctionTemplate(row_number)] under row_number; prior registration was null
10:24:42.889 [main] DEBUG org.hibernate.query.sqm.function.SqmFunctionRegistry - Registered SqmFunctionTemplate [NamedSqmFunctionTemplate(lag)] under lag; prior registration was null
10:24:42.889 [main] DEBUG org.hibernate.query.sqm.function.SqmFunctionRegistry - Registered SqmFunctionTemplate [NamedSqmFunctionTemplate(lead)] under lead; prior registration was null
10:24:42.889 [main] DEBUG org.hibernate.query.sqm.function.SqmFunctionRegistry - Registered SqmFunctionTemplate [NamedSqmFunctionTemplate(first_value)] under first_value; prior registration was null
10:24:42.889 [main] DEBUG org.hibernate.query.sqm.function.SqmFunctionRegistry - Registered SqmFunctionTemplate [NamedSqmFunctionTemplate(last_value)] under last_value; prior registration was null
10:24:42.889 [main] DEBUG org.hibernate.query.sqm.function.SqmFunctionRegistry - Registered SqmFunctionTemplate [NamedSqmFunctionTemplate(nth_value)] under nth_value; prior registration was null
10:24:42.889 [main] DEBUG org.hibernate.query.sqm.function.SqmFunctionRegistry - Registered SqmFunctionTemplate [org.hibernate.dialect.function.ListaggFunction@2130ce76] under listagg; prior registration was null
10:24:42.889 [main] DEBUG org.hibernate.query.sqm.function.SqmFunctionRegistry - Registered SqmFunctionTemplate [org.hibernate.dialect.function.InverseDistributionFunction@7a20c800] under mode; prior registration was null
10:24:42.889 [main] DEBUG org.hibernate.query.sqm.function.SqmFunctionRegistry - Registered SqmFunctionTemplate [org.hibernate.dialect.function.InverseDistributionFunction@19d4191b] under percentile_cont; prior registration was null
10:24:42.889 [main] DEBUG org.hibernate.query.sqm.function.SqmFunctionRegistry - Registered SqmFunctionTemplate [org.hibernate.dialect.function.InverseDistributionFunction@12d9a5ea] under percentile_disc; prior registration was null
10:24:42.889 [main] DEBUG org.hibernate.query.sqm.function.SqmFunctionRegistry - Registered SqmFunctionTemplate [org.hibernate.dialect.function.HypotheticalSetFunction@35bd9ab9] under rank; prior registration was null
10:24:42.889 [main] DEBUG org.hibernate.query.sqm.function.SqmFunctionRegistry - Registered SqmFunctionTemplate [org.hibernate.dialect.function.HypotheticalSetFunction@49a134c6] under dense_rank; prior registration was null
10:24:42.889 [main] DEBUG org.hibernate.query.sqm.function.SqmFunctionRegistry - Registered SqmFunctionTemplate [org.hibernate.dialect.function.HypotheticalSetFunction@7084e028] under percent_rank; prior registration was null
10:24:42.889 [main] DEBUG org.hibernate.query.sqm.function.SqmFunctionRegistry - Registered SqmFunctionTemplate [org.hibernate.dialect.function.HypotheticalSetFunction@2faded27] under cume_dist; prior registration was null
10:24:42.889 [main] DEBUG org.hibernate.query.sqm.function.SqmFunctionRegistry - Registered SqmFunctionTemplate [org.hibernate.dialect.function.array.ArrayConstructorFunction@761cc239] under array; prior registration was null
10:24:42.889 [main] DEBUG org.hibernate.query.sqm.function.SqmFunctionRegistry - Registered SqmFunctionTemplate [org.hibernate.dialect.function.array.ArrayConstructorFunction@365bcf38] under array_list; prior registration was null
10:24:42.889 [main] DEBUG org.hibernate.query.sqm.function.SqmFunctionRegistry - Registered SqmFunctionTemplate [org.hibernate.dialect.function.array.ArrayAggFunction@6189ec7b] under array_agg; prior registration was null
10:24:42.889 [main] DEBUG org.hibernate.query.sqm.function.SqmFunctionRegistry - Registered SqmFunctionTemplate [org.hibernate.dialect.function.array.H2ArrayPositionFunction@218df1b8] under array_position; prior registration was null
10:24:42.889 [main] DEBUG org.hibernate.query.sqm.function.SqmFunctionRegistry - Registered SqmFunctionTemplate [org.hibernate.dialect.function.array.H2ArrayPositionsFunction@59dac9af] under array_positions; prior registration was null
10:24:42.889 [main] DEBUG org.hibernate.query.sqm.function.SqmFunctionRegistry - Registered SqmFunctionTemplate [org.hibernate.dialect.function.array.H2ArrayPositionsFunction@39d023b1] under array_positions_list; prior registration was null
10:24:42.889 [main] DEBUG org.hibernate.query.sqm.function.SqmFunctionRegistry - Registered SqmFunctionTemplate [org.hibernate.query.sqm.function.PatternBasedSqmFunctionDescriptor@f631303] under array_length; prior registration was null
10:24:42.889 [main] DEBUG org.hibernate.query.sqm.function.SqmFunctionRegistry - Registered SqmFunctionTemplate [org.hibernate.dialect.function.array.ArrayConcatFunction@fb24f1] under array_concat; prior registration was null
10:24:42.889 [main] DEBUG org.hibernate.query.sqm.function.SqmFunctionRegistry - Registered SqmFunctionTemplate [org.hibernate.dialect.function.array.ArrayConcatElementFunction@78498e1] under array_prepend; prior registration was null
10:24:42.889 [main] DEBUG org.hibernate.query.sqm.function.SqmFunctionRegistry - Registered SqmFunctionTemplate [org.hibernate.dialect.function.array.ArrayConcatElementFunction@3ff1ee0b] under array_append; prior registration was null
10:24:42.889 [main] DEBUG org.hibernate.query.sqm.function.SqmFunctionRegistry - Registered SqmFunctionTemplate [org.hibernate.dialect.function.array.H2ArrayContainsFunction@289d19fd] under array_contains; prior registration was null
10:24:42.889 [main] DEBUG org.hibernate.query.sqm.function.SqmFunctionRegistry - Registered SqmFunctionTemplate [org.hibernate.dialect.function.array.H2ArrayContainsFunction@71187cb3] under array_contains_nullable; prior registration was null
10:24:42.889 [main] DEBUG org.hibernate.query.sqm.function.SqmFunctionRegistry - Registered SqmFunctionTemplate [org.hibernate.dialect.function.array.H2ArrayOverlapsFunction@52f8b1e1] under array_overlaps; prior registration was null
10:24:42.889 [main] DEBUG org.hibernate.query.sqm.function.SqmFunctionRegistry - Registered SqmFunctionTemplate [org.hibernate.dialect.function.array.H2ArrayOverlapsFunction@62c98c03] under array_overlaps_nullable; prior registration was null
10:24:42.889 [main] DEBUG org.hibernate.query.sqm.function.SqmFunctionRegistry - Registered SqmFunctionTemplate [org.hibernate.query.sqm.function.PatternBasedSqmFunctionDescriptor@22db3356] under array_get; prior registration was null
10:24:42.889 [main] DEBUG org.hibernate.query.sqm.function.SqmFunctionRegistry - Registered SqmFunctionTemplate [org.hibernate.dialect.function.array.H2ArraySetFunction@10143e5a] under array_set; prior registration was null
10:24:42.889 [main] DEBUG org.hibernate.query.sqm.function.SqmFunctionRegistry - Registered SqmFunctionTemplate [org.hibernate.dialect.function.array.H2ArrayRemoveFunction@7f4e200] under array_remove; prior registration was null
10:24:42.889 [main] DEBUG org.hibernate.query.sqm.function.SqmFunctionRegistry - Registered SqmFunctionTemplate [org.hibernate.dialect.function.array.H2ArrayRemoveIndexFunction@29f3df69] under array_remove_index; prior registration was null
10:24:42.889 [main] DEBUG org.hibernate.query.sqm.function.SqmFunctionRegistry - Registered SqmFunctionTemplate [org.hibernate.query.sqm.function.PatternBasedSqmFunctionDescriptor@52c90882] under array_slice; prior registration was null
10:24:42.889 [main] DEBUG org.hibernate.query.sqm.function.SqmFunctionRegistry - Registered SqmFunctionTemplate [org.hibernate.dialect.function.array.H2ArrayReplaceFunction@631e1a6f] under array_replace; prior registration was null
10:24:42.889 [main] DEBUG org.hibernate.query.sqm.function.SqmFunctionRegistry - Registered SqmFunctionTemplate [org.hibernate.query.sqm.function.PatternBasedSqmFunctionDescriptor@435a00ee] under array_trim; prior registration was null
10:24:42.889 [main] DEBUG org.hibernate.query.sqm.function.SqmFunctionRegistry - Registered SqmFunctionTemplate [org.hibernate.dialect.function.array.H2ArrayFillFunction@7465977b] under array_fill; prior registration was null
10:24:42.889 [main] DEBUG org.hibernate.query.sqm.function.SqmFunctionRegistry - Registered SqmFunctionTemplate [org.hibernate.dialect.function.array.H2ArrayFillFunction@6e720c6d] under array_fill_list; prior registration was null
10:24:42.889 [main] DEBUG org.hibernate.query.sqm.function.SqmFunctionRegistry - Registered SqmFunctionTemplate [org.hibernate.dialect.function.array.H2ArrayToStringFunction@7dacbeae] under array_to_string; prior registration was null
10:24:42.889 [main] DEBUG org.hibernate.HQL_FUNCTIONS - abs(NUMERIC arg)
10:24:42.889 [main] DEBUG org.hibernate.HQL_FUNCTIONS - Double acos(NUMERIC arg)
10:24:42.889 [main] DEBUG org.hibernate.HQL_FUNCTIONS - Boolean any(BOOLEAN predicate)
10:24:42.889 [main] DEBUG org.hibernate.HQL_FUNCTIONS - array( ... )
10:24:42.889 [main] DEBUG org.hibernate.HQL_FUNCTIONS - array_agg(arg)
10:24:42.889 [main] DEBUG org.hibernate.HQL_FUNCTIONS - array_append( ... )
10:24:42.889 [main] DEBUG org.hibernate.HQL_FUNCTIONS - array_concat( ... )
10:24:42.889 [main] DEBUG org.hibernate.HQL_FUNCTIONS - Boolean array_contains(ARRAY haystackArray, OBJECT needleElementOrArray)
10:24:42.889 [main] DEBUG org.hibernate.HQL_FUNCTIONS - Boolean array_contains_nullable(ARRAY haystackArray, OBJECT needleElementOrArray)
10:24:42.889 [main] DEBUG org.hibernate.HQL_FUNCTIONS - array_fill(OBJECT element, INTEGER elementCount)
10:24:42.889 [main] DEBUG org.hibernate.HQL_FUNCTIONS - array_fill_list(OBJECT element, INTEGER elementCount)
10:24:42.889 [main] DEBUG org.hibernate.HQL_FUNCTIONS - array_get(ARRAY array, INTEGER index)
10:24:42.889 [main] DEBUG org.hibernate.HQL_FUNCTIONS - Integer array_length(ARRAY array)
10:24:42.889 [main] DEBUG org.hibernate.HQL_FUNCTIONS - array_list( ... )
10:24:42.889 [main] DEBUG org.hibernate.HQL_FUNCTIONS - Boolean array_overlaps(ARRAY array0, OBJECT array1)
10:24:42.889 [main] DEBUG org.hibernate.HQL_FUNCTIONS - Boolean array_overlaps_nullable(ARRAY array0, OBJECT array1)
10:24:42.889 [main] DEBUG org.hibernate.HQL_FUNCTIONS - Integer array_position(ARRAY array, OBJECT element[, INTEGER startPosition])
10:24:42.889 [main] DEBUG org.hibernate.HQL_FUNCTIONS - int[] array_positions(ARRAY array, OBJECT element)
10:24:42.889 [main] DEBUG org.hibernate.HQL_FUNCTIONS - List array_positions_list(ARRAY array, OBJECT element)
10:24:42.889 [main] DEBUG org.hibernate.HQL_FUNCTIONS - array_prepend( ... )
10:24:42.889 [main] DEBUG org.hibernate.HQL_FUNCTIONS - array_remove( ... )
10:24:42.889 [main] DEBUG org.hibernate.HQL_FUNCTIONS - array_remove_index( ... )
10:24:42.889 [main] DEBUG org.hibernate.HQL_FUNCTIONS - array_replace( ... )
10:24:42.889 [main] DEBUG org.hibernate.HQL_FUNCTIONS - array_set( ... )
10:24:42.889 [main] DEBUG org.hibernate.HQL_FUNCTIONS - array_slice(ARRAY array, INTEGER start, INTEGER end)
10:24:42.889 [main] DEBUG org.hibernate.HQL_FUNCTIONS - String array_to_string( ... )
10:24:42.889 [main] DEBUG org.hibernate.HQL_FUNCTIONS - array_trim(ARRAY array, INTEGER elementsToRemove)
10:24:42.889 [main] DEBUG org.hibernate.HQL_FUNCTIONS - Integer ascii(STRING arg)
10:24:42.889 [main] DEBUG org.hibernate.HQL_FUNCTIONS - Double asin(NUMERIC arg)
10:24:42.889 [main] DEBUG org.hibernate.HQL_FUNCTIONS - Double atan(NUMERIC arg)
10:24:42.889 [main] DEBUG org.hibernate.HQL_FUNCTIONS - Double atan2(NUMERIC arg0, NUMERIC arg1)
10:24:42.889 [main] DEBUG org.hibernate.HQL_FUNCTIONS - avg(NUMERIC arg)
10:24:42.889 [main] DEBUG org.hibernate.HQL_FUNCTIONS - bit_and(arg)
10:24:42.889 [main] DEBUG org.hibernate.HQL_FUNCTIONS - Integer bit_length(STRING_OR_CLOB arg)
10:24:42.889 [main] DEBUG org.hibernate.HQL_FUNCTIONS - bit_or(arg)
10:24:42.889 [main] DEBUG org.hibernate.HQL_FUNCTIONS - bitand(arg0, arg1)
10:24:42.889 [main] DEBUG org.hibernate.HQL_FUNCTIONS - bitnot(arg)
10:24:42.889 [main] DEBUG org.hibernate.HQL_FUNCTIONS - bitor(arg0, arg1)
10:24:42.889 [main] DEBUG org.hibernate.HQL_FUNCTIONS - bitxor(arg0, arg1)
10:24:42.889 [main] DEBUG org.hibernate.HQL_FUNCTIONS - Boolean bool_and(BOOLEAN predicate)
10:24:42.889 [main] DEBUG org.hibernate.HQL_FUNCTIONS - Boolean bool_or(BOOLEAN predicate)
10:24:42.889 [main] DEBUG org.hibernate.HQL_FUNCTIONS - cast(arg as Type)
10:24:42.889 [main] DEBUG org.hibernate.HQL_FUNCTIONS - ceiling(NUMERIC arg)
10:24:42.889 [main] DEBUG org.hibernate.HQL_FUNCTIONS - Character char(INTEGER arg)
10:24:42.889 [main] DEBUG org.hibernate.HQL_FUNCTIONS - Integer character_length(STRING_OR_CLOB arg)
10:24:42.889 [main] DEBUG org.hibernate.HQL_FUNCTIONS - Character chr(INTEGER arg)
10:24:42.889 [main] DEBUG org.hibernate.HQL_FUNCTIONS - coalesce(arg0[, arg1[, ...]])
10:24:42.889 [main] DEBUG org.hibernate.HQL_FUNCTIONS - String collate(STRING string as COLLATION collation)
10:24:42.889 [main] DEBUG org.hibernate.HQL_FUNCTIONS - String concat(STRING string0[, STRING string1[, ...]])
10:24:42.889 [main] DEBUG org.hibernate.HQL_FUNCTIONS - Double cos(NUMERIC arg)
10:24:42.889 [main] DEBUG org.hibernate.HQL_FUNCTIONS - Double cosh(NUMERIC arg)
10:24:42.889 [main] DEBUG org.hibernate.HQL_FUNCTIONS - Double cot(NUMERIC arg)
10:24:42.889 [main] DEBUG org.hibernate.HQL_FUNCTIONS - Long count([distinct ]{arg|*})
10:24:42.889 [main] DEBUG org.hibernate.HQL_FUNCTIONS - Double cume_dist([arg0[, ...]])
10:24:42.889 [main] DEBUG org.hibernate.HQL_FUNCTIONS - Date curdate()
10:24:42.889 [main] DEBUG org.hibernate.HQL_FUNCTIONS - Date current date
10:24:42.889 [main] DEBUG org.hibernate.HQL_FUNCTIONS - Time current time
10:24:42.889 [main] DEBUG org.hibernate.HQL_FUNCTIONS - Timestamp current timestamp
10:24:42.889 [main] DEBUG org.hibernate.HQL_FUNCTIONS - Date current_date
10:24:42.889 [main] DEBUG org.hibernate.HQL_FUNCTIONS - Instant current_instant
10:24:42.889 [main] DEBUG org.hibernate.HQL_FUNCTIONS - Time current_time
10:24:42.889 [main] DEBUG org.hibernate.HQL_FUNCTIONS - Timestamp current_timestamp
10:24:42.889 [main] DEBUG org.hibernate.HQL_FUNCTIONS - Time curtime()
10:24:42.889 [main] DEBUG org.hibernate.HQL_FUNCTIONS - date_trunc(STRING field, TEMPORAL datetime)
10:24:42.889 [main] DEBUG org.hibernate.HQL_FUNCTIONS - dateadd(TEMPORAL_UNIT field, INTEGER magnitude, TEMPORAL datetime)
10:24:42.890 [main] DEBUG org.hibernate.HQL_FUNCTIONS - Long|Double datediff(TEMPORAL_UNIT field, TEMPORAL start, TEMPORAL end)
10:24:42.890 [main] DEBUG org.hibernate.HQL_FUNCTIONS - Integer day(DATE arg)
10:24:42.890 [main] DEBUG org.hibernate.HQL_FUNCTIONS - Integer day_of_month(DATE arg)
10:24:42.890 [main] DEBUG org.hibernate.HQL_FUNCTIONS - Integer day_of_week(DATE arg)
10:24:42.890 [main] DEBUG org.hibernate.HQL_FUNCTIONS - Integer day_of_year(DATE arg)
10:24:42.890 [main] DEBUG org.hibernate.HQL_FUNCTIONS - String dayname(DATE arg)
10:24:42.890 [main] DEBUG org.hibernate.HQL_FUNCTIONS - Double degrees(NUMERIC arg)
10:24:42.890 [main] DEBUG org.hibernate.HQL_FUNCTIONS - Long dense_rank([arg0[, ...]])
10:24:42.890 [main] DEBUG org.hibernate.HQL_FUNCTIONS - Boolean every(BOOLEAN predicate)
10:24:42.890 [main] DEBUG org.hibernate.HQL_FUNCTIONS - Double exp(NUMERIC arg)
10:24:42.890 [main] DEBUG org.hibernate.HQL_FUNCTIONS - extract(TEMPORAL_UNIT field from TEMPORAL arg)
10:24:42.890 [main] DEBUG org.hibernate.HQL_FUNCTIONS - first_valueANY value
10:24:42.890 [main] DEBUG org.hibernate.HQL_FUNCTIONS - floor(NUMERIC arg)
10:24:42.890 [main] DEBUG org.hibernate.HQL_FUNCTIONS - String format(TEMPORAL datetime as STRING pattern)
10:24:42.890 [main] DEBUG org.hibernate.HQL_FUNCTIONS - greatest(COMPARABLE arg0, COMPARABLE arg1[, arg2[, ...]])
10:24:42.890 [main] DEBUG org.hibernate.HQL_FUNCTIONS - Integer hour(TIME arg)
10:24:42.890 [main] DEBUG org.hibernate.HQL_FUNCTIONS - ifnull(arg0, arg1)
10:24:42.890 [main] DEBUG org.hibernate.HQL_FUNCTIONS - String insert(STRING string, INTEGER start, INTEGER length, STRING replacement)
10:24:42.890 [main] DEBUG org.hibernate.HQL_FUNCTIONS - Instant instant
10:24:42.890 [main] DEBUG org.hibernate.HQL_FUNCTIONS - Integer instr(STRING string, STRING pattern[, INTEGER start[, INTEGER occurrence]])
10:24:42.890 [main] DEBUG org.hibernate.HQL_FUNCTIONS - lagANY value[, INTEGER offset[, ANY default]]
10:24:42.890 [main] DEBUG org.hibernate.HQL_FUNCTIONS - last_valueANY value
10:24:42.890 [main] DEBUG org.hibernate.HQL_FUNCTIONS - leadANY value[, INTEGER offset[, ANY default]]
10:24:42.890 [main] DEBUG org.hibernate.HQL_FUNCTIONS - least(COMPARABLE arg0, COMPARABLE arg1[, arg2[, ...]])
10:24:42.890 [main] DEBUG org.hibernate.HQL_FUNCTIONS - String left(STRING string, INTEGER length)
10:24:42.890 [main] DEBUG org.hibernate.HQL_FUNCTIONS - Integer length(STRING_OR_CLOB arg)
10:24:42.890 [main] DEBUG org.hibernate.HQL_FUNCTIONS - String listagg(STRING arg0, STRING arg1)
10:24:42.890 [main] DEBUG org.hibernate.HQL_FUNCTIONS - Double ln(NUMERIC arg)
10:24:42.890 [main] DEBUG org.hibernate.HQL_FUNCTIONS - LocalDate local date
10:24:42.890 [main] DEBUG org.hibernate.HQL_FUNCTIONS - LocalDateTime local datetime
10:24:42.890 [main] DEBUG org.hibernate.HQL_FUNCTIONS - LocalTime local time
10:24:42.890 [main] DEBUG org.hibernate.HQL_FUNCTIONS - LocalDate local_date
10:24:42.890 [main] DEBUG org.hibernate.HQL_FUNCTIONS - LocalDateTime local_datetime
10:24:42.890 [main] DEBUG org.hibernate.HQL_FUNCTIONS - LocalTime local_time
10:24:42.890 [main] DEBUG org.hibernate.HQL_FUNCTIONS - Time localtime
10:24:42.890 [main] DEBUG org.hibernate.HQL_FUNCTIONS - Timestamp localtimestamp
10:24:42.890 [main] DEBUG org.hibernate.HQL_FUNCTIONS - Integer locate(STRING pattern, STRING string[, INTEGER start])
10:24:42.890 [main] DEBUG org.hibernate.HQL_FUNCTIONS - Double log(NUMERIC base, NUMERIC arg)
10:24:42.890 [main] DEBUG org.hibernate.HQL_FUNCTIONS - Double log10(NUMERIC arg)
10:24:42.890 [main] DEBUG org.hibernate.HQL_FUNCTIONS - String lower(STRING string)
10:24:42.890 [main] DEBUG org.hibernate.HQL_FUNCTIONS - String lpad(STRING string, INTEGER length[, STRING padding])
10:24:42.890 [main] DEBUG org.hibernate.HQL_FUNCTIONS - String ltrim(STRING string)
10:24:42.890 [main] DEBUG org.hibernate.HQL_FUNCTIONS - max(COMPARABLE arg)
10:24:42.890 [main] DEBUG org.hibernate.HQL_FUNCTIONS - Double median(NUMERIC arg)
10:24:42.890 [main] DEBUG org.hibernate.HQL_FUNCTIONS - Integer microsecond(TIME arg)
10:24:42.890 [main] DEBUG org.hibernate.HQL_FUNCTIONS - min(COMPARABLE arg)
10:24:42.890 [main] DEBUG org.hibernate.HQL_FUNCTIONS - Integer minute(TIME arg)
10:24:42.890 [main] DEBUG org.hibernate.HQL_FUNCTIONS - Integer mod(INTEGER arg0, INTEGER arg1)
10:24:42.890 [main] DEBUG org.hibernate.HQL_FUNCTIONS - mode()
10:24:42.890 [main] DEBUG org.hibernate.HQL_FUNCTIONS - Integer month(DATE arg)
10:24:42.890 [main] DEBUG org.hibernate.HQL_FUNCTIONS - String monthname(DATE arg)
10:24:42.890 [main] DEBUG org.hibernate.HQL_FUNCTIONS - Timestamp now()
10:24:42.890 [main] DEBUG org.hibernate.HQL_FUNCTIONS - nth_valueANY value, INTEGER nth
10:24:42.890 [main] DEBUG org.hibernate.HQL_FUNCTIONS - nullif(arg0, arg1)
10:24:42.890 [main] DEBUG org.hibernate.HQL_FUNCTIONS - Integer octet_length(STRING_OR_CLOB arg)
10:24:42.890 [main] DEBUG org.hibernate.HQL_FUNCTIONS - OffsetDateTime offset datetime
10:24:42.890 [main] DEBUG org.hibernate.HQL_FUNCTIONS - OffsetDateTime offset_datetime
10:24:42.890 [main] DEBUG org.hibernate.HQL_FUNCTIONS - String overlay(STRING string placing STRING replacement from INTEGER start[ for INTEGER length])
10:24:42.890 [main] DEBUG org.hibernate.HQL_FUNCTIONS - String pad(STRING string with INTEGER length {leading|trailing}[ STRING character])
10:24:42.890 [main] DEBUG org.hibernate.HQL_FUNCTIONS - Double percent_rank([arg0[, ...]])
10:24:42.890 [main] DEBUG org.hibernate.HQL_FUNCTIONS - percentile_cont(NUMERIC arg)
10:24:42.890 [main] DEBUG org.hibernate.HQL_FUNCTIONS - percentile_disc(NUMERIC arg)
10:24:42.890 [main] DEBUG org.hibernate.HQL_FUNCTIONS - Double pi
10:24:42.890 [main] DEBUG org.hibernate.HQL_FUNCTIONS - Integer position(STRING pattern in STRING string)
10:24:42.890 [main] DEBUG org.hibernate.HQL_FUNCTIONS - Double power(NUMERIC arg0, NUMERIC arg1)
10:24:42.890 [main] DEBUG org.hibernate.HQL_FUNCTIONS - Integer quarter(DATE arg)
10:24:42.890 [main] DEBUG org.hibernate.HQL_FUNCTIONS - Double radians(NUMERIC arg)
10:24:42.890 [main] DEBUG org.hibernate.HQL_FUNCTIONS - Double rand([INTEGER seed])
10:24:42.890 [main] DEBUG org.hibernate.HQL_FUNCTIONS - Long rank([arg0[, ...]])
10:24:42.890 [main] DEBUG org.hibernate.HQL_FUNCTIONS - String repeat(STRING string, INTEGER times)
10:24:42.890 [main] DEBUG org.hibernate.HQL_FUNCTIONS - String replace(STRING string, STRING pattern, STRING replacement)
10:24:42.890 [main] DEBUG org.hibernate.HQL_FUNCTIONS - String right(STRING string, INTEGER length)
10:24:42.890 [main] DEBUG org.hibernate.HQL_FUNCTIONS - round(NUMERIC number[, INTEGER places])
10:24:42.890 [main] DEBUG org.hibernate.HQL_FUNCTIONS - Long row_number()
10:24:42.890 [main] DEBUG org.hibernate.HQL_FUNCTIONS - Long rownum()
10:24:42.890 [main] DEBUG org.hibernate.HQL_FUNCTIONS - String rpad(STRING string, INTEGER length[, STRING padding])
10:24:42.890 [main] DEBUG org.hibernate.HQL_FUNCTIONS - String rtrim(STRING string)
10:24:42.890 [main] DEBUG org.hibernate.HQL_FUNCTIONS - Integer second(TIME arg)
10:24:42.890 [main] DEBUG org.hibernate.HQL_FUNCTIONS - Integer sign(NUMERIC arg)
10:24:42.890 [main] DEBUG org.hibernate.HQL_FUNCTIONS - Double sin(NUMERIC arg)
10:24:42.890 [main] DEBUG org.hibernate.HQL_FUNCTIONS - Double sinh(NUMERIC arg)
10:24:42.890 [main] DEBUG org.hibernate.HQL_FUNCTIONS - String soundex(arg)
10:24:42.890 [main] DEBUG org.hibernate.HQL_FUNCTIONS - String space(INTEGER arg)
10:24:42.890 [main] DEBUG org.hibernate.HQL_FUNCTIONS - Object sql
10:24:42.890 [main] DEBUG org.hibernate.HQL_FUNCTIONS - Double sqrt(NUMERIC arg)
10:24:42.890 [main] DEBUG org.hibernate.HQL_FUNCTIONS - Double stddev_pop(NUMERIC arg)
10:24:42.890 [main] DEBUG org.hibernate.HQL_FUNCTIONS - Double stddev_samp(NUMERIC arg)
10:24:42.890 [main] DEBUG org.hibernate.HQL_FUNCTIONS - String str(arg)
10:24:42.890 [main] DEBUG org.hibernate.HQL_FUNCTIONS - String substr(STRING string, INTEGER start[, INTEGER length])
10:24:42.890 [main] DEBUG org.hibernate.HQL_FUNCTIONS - String substring(STRING string{ from|,} INTEGER start[{ for|,} INTEGER length])
10:24:42.890 [main] DEBUG org.hibernate.HQL_FUNCTIONS - sum(arg)
10:24:42.890 [main] DEBUG org.hibernate.HQL_FUNCTIONS - Timestamp sysdate
10:24:42.890 [main] DEBUG org.hibernate.HQL_FUNCTIONS - Double tan(NUMERIC arg)
10:24:42.890 [main] DEBUG org.hibernate.HQL_FUNCTIONS - Double tanh(NUMERIC arg)
10:24:42.890 [main] DEBUG org.hibernate.HQL_FUNCTIONS - timestampadd(TEMPORAL_UNIT field, INTEGER magnitude, TEMPORAL datetime)
10:24:42.890 [main] DEBUG org.hibernate.HQL_FUNCTIONS - Long|Double timestampdiff(TEMPORAL_UNIT field, TEMPORAL start, TEMPORAL end)
10:24:42.890 [main] DEBUG org.hibernate.HQL_FUNCTIONS - String translate(STRING arg0, STRING arg1, STRING arg2)
10:24:42.890 [main] DEBUG org.hibernate.HQL_FUNCTIONS - String trim([[{leading|trailing|both} ][STRING arg0 ]from] STRING arg1)
10:24:42.890 [main] DEBUG org.hibernate.HQL_FUNCTIONS - trunc( ... )
10:24:42.890 [main] DEBUG org.hibernate.HQL_FUNCTIONS - truncate( ... )
10:24:42.890 [main] DEBUG org.hibernate.HQL_FUNCTIONS - String upper(STRING string)
10:24:42.890 [main] DEBUG org.hibernate.HQL_FUNCTIONS - Double var_pop(NUMERIC arg)
10:24:42.890 [main] DEBUG org.hibernate.HQL_FUNCTIONS - Double var_samp(NUMERIC arg)
10:24:42.890 [main] DEBUG org.hibernate.HQL_FUNCTIONS - Integer week(DATE arg)
10:24:42.890 [main] DEBUG org.hibernate.HQL_FUNCTIONS - Integer year(DATE arg)
10:24:42.890 [main] DEBUG org.hibernate.orm.query.plan.cache - Starting QueryInterpretationCache(2048)
10:24:42.890 [main] DEBUG org.hibernate.service.internal.SessionFactoryServiceRegistryImpl - EventListenerRegistry access via ServiceRegistry is deprecated.  Use `sessionFactory.getEventEngine().getListenerRegistry()` instead
10:24:42.890 [main] DEBUG org.hibernate.event.internal.EntityCopyObserverFactoryInitiator - Configured EntityCopyObserver strategy: disallow
10:24:42.891 [main] DEBUG org.hibernate.boot.internal.ClassLoaderAccessImpl - Not known whether passed class name [org.frcpm.models.Attendance] is safe
10:24:42.891 [main] DEBUG org.hibernate.boot.internal.ClassLoaderAccessImpl - No temp ClassLoader provided; using live ClassLoader for loading potentially unsafe class : org.frcpm.models.Attendance
10:24:42.894 [main] DEBUG org.hibernate.bytecode.internal.bytebuddy.BytecodeProviderImpl - HHH000513: Unable to create the ReflectionOptimizer for [org.frcpm.models.Attendance]: private accessor [arrivalTime]
10:24:42.894 [main] DEBUG org.hibernate.boot.internal.ClassLoaderAccessImpl - Not known whether passed class name [org.frcpm.models.Meeting] is safe
10:24:42.894 [main] DEBUG org.hibernate.boot.internal.ClassLoaderAccessImpl - No temp ClassLoader provided; using live ClassLoader for loading potentially unsafe class : org.frcpm.models.Meeting
10:24:42.897 [main] DEBUG org.hibernate.bytecode.internal.bytebuddy.BytecodeProviderImpl - HHH000513: Unable to create the ReflectionOptimizer for [org.frcpm.models.Meeting]: private accessor [attendances]
10:24:42.897 [main] DEBUG org.hibernate.boot.internal.ClassLoaderAccessImpl - Not known whether passed class name [org.frcpm.models.Subsystem] is safe
10:24:42.897 [main] DEBUG org.hibernate.boot.internal.ClassLoaderAccessImpl - No temp ClassLoader provided; using live ClassLoader for loading potentially unsafe class : org.frcpm.models.Subsystem
10:24:42.899 [main] DEBUG org.hibernate.bytecode.internal.bytebuddy.BytecodeProviderImpl - HHH000513: Unable to create the ReflectionOptimizer for [org.frcpm.models.Subsystem]: private accessor [description]
10:24:42.901 [main] DEBUG org.hibernate.boot.internal.ClassLoaderAccessImpl - Not known whether passed class name [org.frcpm.models.Component] is safe
10:24:42.901 [main] DEBUG org.hibernate.boot.internal.ClassLoaderAccessImpl - No temp ClassLoader provided; using live ClassLoader for loading potentially unsafe class : org.frcpm.models.Component
10:24:42.906 [main] DEBUG org.hibernate.bytecode.internal.bytebuddy.BytecodeProviderImpl - HHH000513: Unable to create the ReflectionOptimizer for [org.frcpm.models.Component]: private accessor [actualDelivery]
10:24:42.907 [main] DEBUG org.hibernate.boot.internal.ClassLoaderAccessImpl - Not known whether passed class name [org.frcpm.models.Milestone] is safe
10:24:42.907 [main] DEBUG org.hibernate.boot.internal.ClassLoaderAccessImpl - No temp ClassLoader provided; using live ClassLoader for loading potentially unsafe class : org.frcpm.models.Milestone
10:24:42.909 [main] DEBUG org.hibernate.bytecode.internal.bytebuddy.BytecodeProviderImpl - HHH000513: Unable to create the ReflectionOptimizer for [org.frcpm.models.Milestone]: private accessor [date]
10:24:42.910 [main] DEBUG org.hibernate.boot.internal.ClassLoaderAccessImpl - Not known whether passed class name [org.frcpm.models.Project] is safe
10:24:42.910 [main] DEBUG org.hibernate.boot.internal.ClassLoaderAccessImpl - No temp ClassLoader provided; using live ClassLoader for loading potentially unsafe class : org.frcpm.models.Project
10:24:42.911 [main] DEBUG org.hibernate.bytecode.internal.bytebuddy.BytecodeProviderImpl - HHH000513: Unable to create the ReflectionOptimizer for [org.frcpm.models.Project]: private accessor [description]
10:24:42.911 [main] DEBUG org.hibernate.boot.internal.ClassLoaderAccessImpl - Not known whether passed class name [org.frcpm.models.Subteam] is safe
10:24:42.911 [main] DEBUG org.hibernate.boot.internal.ClassLoaderAccessImpl - No temp ClassLoader provided; using live ClassLoader for loading potentially unsafe class : org.frcpm.models.Subteam
10:24:42.913 [main] DEBUG org.hibernate.bytecode.internal.bytebuddy.BytecodeProviderImpl - HHH000513: Unable to create the ReflectionOptimizer for [org.frcpm.models.Subteam]: private accessor [colorCode]
10:24:42.913 [main] DEBUG org.hibernate.boot.internal.ClassLoaderAccessImpl - Not known whether passed class name [org.frcpm.models.Task] is safe
10:24:42.913 [main] DEBUG org.hibernate.boot.internal.ClassLoaderAccessImpl - No temp ClassLoader provided; using live ClassLoader for loading potentially unsafe class : org.frcpm.models.Task
10:24:42.915 [main] DEBUG org.hibernate.bytecode.internal.bytebuddy.BytecodeProviderImpl - HHH000513: Unable to create the ReflectionOptimizer for [org.frcpm.models.Task]: private accessor [actualDurationSeconds]
10:24:42.915 [main] DEBUG org.hibernate.boot.internal.ClassLoaderAccessImpl - Not known whether passed class name [org.frcpm.models.TeamMember] is safe
10:24:42.915 [main] DEBUG org.hibernate.boot.internal.ClassLoaderAccessImpl - No temp ClassLoader provided; using live ClassLoader for loading potentially unsafe class : org.frcpm.models.TeamMember
10:24:42.917 [main] DEBUG org.hibernate.bytecode.internal.bytebuddy.BytecodeProviderImpl - HHH000513: Unable to create the ReflectionOptimizer for [org.frcpm.models.TeamMember]: private accessor [assignedTasks]
10:24:42.917 [main] DEBUG org.hibernate.orm.jdbc.mutation - Skipping collection row updates - org.frcpm.models.Task.assignedTo
10:24:42.917 [main] DEBUG org.hibernate.orm.jdbc.mutation - Skipping collection (re)creation - org.frcpm.models.Subsystem.tasks
10:24:42.917 [main] DEBUG org.hibernate.orm.jdbc.mutation - Skipping collection row deletions - org.frcpm.models.Subsystem.tasks
10:24:42.917 [main] DEBUG org.hibernate.orm.jdbc.mutation - Skipping collection removals - org.frcpm.models.Subsystem.tasks
10:24:42.917 [main] DEBUG org.hibernate.orm.jdbc.mutation - Skipping collection (re)creation - org.frcpm.models.Subteam.members
10:24:42.917 [main] DEBUG org.hibernate.orm.jdbc.mutation - Skipping collection row deletions - org.frcpm.models.Subteam.members
10:24:42.917 [main] DEBUG org.hibernate.orm.jdbc.mutation - Skipping collection removals - org.frcpm.models.Subteam.members
10:24:42.917 [main] DEBUG org.hibernate.orm.jdbc.mutation - Skipping collection (re)creation - org.frcpm.models.TeamMember.attendances
10:24:42.917 [main] DEBUG org.hibernate.orm.jdbc.mutation - Skipping collection row deletions - org.frcpm.models.TeamMember.attendances
10:24:42.917 [main] DEBUG org.hibernate.orm.jdbc.mutation - Skipping collection removals - org.frcpm.models.TeamMember.attendances
10:24:42.917 [main] DEBUG org.hibernate.orm.jdbc.mutation - Skipping collection row updates - org.frcpm.models.Task.requiredComponents
10:24:42.917 [main] DEBUG org.hibernate.orm.jdbc.mutation - Skipping collection (re)creation - org.frcpm.models.Subteam.subsystems
10:24:42.917 [main] DEBUG org.hibernate.orm.jdbc.mutation - Skipping collection row deletions - org.frcpm.models.Subteam.subsystems
10:24:42.917 [main] DEBUG org.hibernate.orm.jdbc.mutation - Skipping collection removals - org.frcpm.models.Subteam.subsystems
10:24:42.917 [main] DEBUG org.hibernate.orm.jdbc.mutation - Skipping collection row updates - org.frcpm.models.Task.preDependencies
10:24:42.917 [main] DEBUG org.hibernate.orm.jdbc.mutation - Skipping collection (re)creation - org.frcpm.models.Project.milestones
10:24:42.917 [main] DEBUG org.hibernate.orm.jdbc.mutation - Skipping collection row deletions - org.frcpm.models.Project.milestones
10:24:42.917 [main] DEBUG org.hibernate.orm.jdbc.mutation - Skipping collection removals - org.frcpm.models.Project.milestones
10:24:42.917 [main] DEBUG org.hibernate.orm.jdbc.mutation - Skipping collection inserts - org.frcpm.models.Component.requiredForTasks
10:24:42.917 [main] DEBUG org.hibernate.orm.jdbc.mutation - Skipping collection row updates - org.frcpm.models.Component.requiredForTasks
10:24:42.917 [main] DEBUG org.hibernate.orm.jdbc.mutation - Skipping collection row deletions - org.frcpm.models.Component.requiredForTasks
10:24:42.917 [main] DEBUG org.hibernate.orm.jdbc.mutation - Skipping collection removals - org.frcpm.models.Component.requiredForTasks
10:24:42.917 [main] DEBUG org.hibernate.orm.jdbc.mutation - Skipping collection (re)creation - org.frcpm.models.Project.meetings
10:24:42.917 [main] DEBUG org.hibernate.orm.jdbc.mutation - Skipping collection row deletions - org.frcpm.models.Project.meetings
10:24:42.917 [main] DEBUG org.hibernate.orm.jdbc.mutation - Skipping collection removals - org.frcpm.models.Project.meetings
10:24:42.917 [main] DEBUG org.hibernate.orm.jdbc.mutation - Skipping collection inserts - org.frcpm.models.TeamMember.assignedTasks
10:24:42.917 [main] DEBUG org.hibernate.orm.jdbc.mutation - Skipping collection row updates - org.frcpm.models.TeamMember.assignedTasks
10:24:42.917 [main] DEBUG org.hibernate.orm.jdbc.mutation - Skipping collection row deletions - org.frcpm.models.TeamMember.assignedTasks
10:24:42.917 [main] DEBUG org.hibernate.orm.jdbc.mutation - Skipping collection removals - org.frcpm.models.TeamMember.assignedTasks
10:24:42.917 [main] DEBUG org.hibernate.orm.jdbc.mutation - Skipping collection (re)creation - org.frcpm.models.Meeting.attendances
10:24:42.917 [main] DEBUG org.hibernate.orm.jdbc.mutation - Skipping collection row deletions - org.frcpm.models.Meeting.attendances
10:24:42.917 [main] DEBUG org.hibernate.orm.jdbc.mutation - Skipping collection removals - org.frcpm.models.Meeting.attendances
10:24:42.917 [main] DEBUG org.hibernate.orm.jdbc.mutation - Skipping collection inserts - org.frcpm.models.Task.postDependencies
10:24:42.917 [main] DEBUG org.hibernate.orm.jdbc.mutation - Skipping collection row updates - org.frcpm.models.Task.postDependencies
10:24:42.917 [main] DEBUG org.hibernate.orm.jdbc.mutation - Skipping collection row deletions - org.frcpm.models.Task.postDependencies
10:24:42.917 [main] DEBUG org.hibernate.orm.jdbc.mutation - Skipping collection removals - org.frcpm.models.Task.postDependencies
10:24:42.917 [main] DEBUG org.hibernate.orm.jdbc.mutation - Skipping collection (re)creation - org.frcpm.models.Project.tasks
10:24:42.917 [main] DEBUG org.hibernate.orm.jdbc.mutation - Skipping collection row deletions - org.frcpm.models.Project.tasks
10:24:42.917 [main] DEBUG org.hibernate.orm.jdbc.mutation - Skipping collection removals - org.frcpm.models.Project.tasks
10:24:42.918 [main] DEBUG org.hibernate.orm.model.mapping.creation - Starting post-init callbacks
10:24:42.918 [main] DEBUG org.hibernate.orm.model.mapping.creation - Starting PostInitCallbackEntry : To-one key - NavigableRole[org.frcpm.models.Attendance.meeting]
10:24:42.918 [main] DEBUG org.hibernate.orm.model.mapping.creation - Starting PostInitCallbackEntry : To-one key - NavigableRole[org.frcpm.models.Attendance.member]
10:24:42.918 [main] DEBUG org.hibernate.orm.model.mapping.creation - Starting PostInitCallbackEntry : Entity(org.frcpm.models.Attendance) `staticFetchableList` generator
10:24:42.918 [main] DEBUG org.hibernate.orm.model.mapping.creation - Starting PostInitCallbackEntry : PluralAttributeMapping( NavigableRole[org.frcpm.models.Meeting.attendances#{element}]) - element descriptor
10:24:42.918 [main] DEBUG org.hibernate.orm.model.mapping.creation - Starting PostInitCallbackEntry : PluralAttributeMapping(org.frcpm.models.Meeting.attendances)#finishInitialization
10:24:42.918 [main] DEBUG org.hibernate.orm.model.mapping.creation - Starting PostInitCallbackEntry : PluralAttributeMapping(org.frcpm.models.Meeting.attendances) - key descriptor
10:24:42.918 [main] DEBUG org.hibernate.orm.model.mapping.creation - Starting PostInitCallbackEntry : To-one key - NavigableRole[org.frcpm.models.Meeting.project]
10:24:42.918 [main] DEBUG org.hibernate.orm.model.mapping.creation - Starting PostInitCallbackEntry : Entity(org.frcpm.models.Meeting) `staticFetchableList` generator
10:24:42.918 [main] DEBUG org.hibernate.orm.model.mapping.creation - Starting PostInitCallbackEntry : To-one key - NavigableRole[org.frcpm.models.Subsystem.responsibleSubteam]
10:24:42.918 [main] DEBUG org.hibernate.orm.model.mapping.creation - Starting PostInitCallbackEntry : PluralAttributeMapping( NavigableRole[org.frcpm.models.Subsystem.tasks#{element}]) - element descriptor
10:24:42.918 [main] DEBUG org.hibernate.orm.model.mapping.creation - Starting PostInitCallbackEntry : PluralAttributeMapping(org.frcpm.models.Subsystem.tasks)#finishInitialization
10:24:42.918 [main] DEBUG org.hibernate.orm.model.mapping.creation - Starting PostInitCallbackEntry : PluralAttributeMapping(org.frcpm.models.Subsystem.tasks) - key descriptor
10:24:42.918 [main] DEBUG org.hibernate.orm.model.mapping.creation - Starting PostInitCallbackEntry : Entity(org.frcpm.models.Subsystem) `staticFetchableList` generator
10:24:42.918 [main] DEBUG org.hibernate.orm.model.mapping.creation - Starting PostInitCallbackEntry : PluralAttributeMapping( NavigableRole[org.frcpm.models.Component.requiredForTasks#{element}]) - element descriptor
10:24:42.918 [main] DEBUG org.hibernate.orm.model.mapping.creation - Starting PostInitCallbackEntry : PluralAttributeMapping(org.frcpm.models.Component.requiredForTasks)#finishInitialization
10:24:42.918 [main] DEBUG org.hibernate.orm.model.mapping.creation - Starting PostInitCallbackEntry : PluralAttributeMapping(org.frcpm.models.Component.requiredForTasks) - key descriptor
10:24:42.918 [main] DEBUG org.hibernate.orm.model.mapping.creation - Starting PostInitCallbackEntry : Entity(org.frcpm.models.Component) `staticFetchableList` generator
10:24:42.918 [main] DEBUG org.hibernate.orm.model.mapping.creation - Starting PostInitCallbackEntry : To-one key - NavigableRole[org.frcpm.models.Milestone.project]
10:24:42.918 [main] DEBUG org.hibernate.orm.model.mapping.creation - Starting PostInitCallbackEntry : Entity(org.frcpm.models.Milestone) `staticFetchableList` generator
10:24:42.918 [main] DEBUG org.hibernate.orm.model.mapping.creation - Starting PostInitCallbackEntry : PluralAttributeMapping( NavigableRole[org.frcpm.models.Project.meetings#{element}]) - element descriptor
10:24:42.918 [main] DEBUG org.hibernate.orm.model.mapping.creation - Starting PostInitCallbackEntry : PluralAttributeMapping(org.frcpm.models.Project.meetings)#finishInitialization
10:24:42.918 [main] DEBUG org.hibernate.orm.model.mapping.creation - Starting PostInitCallbackEntry : PluralAttributeMapping(org.frcpm.models.Project.meetings) - key descriptor
10:24:42.918 [main] DEBUG org.hibernate.orm.model.mapping.creation - Starting PostInitCallbackEntry : PluralAttributeMapping( NavigableRole[org.frcpm.models.Project.milestones#{element}]) - element descriptor
10:24:42.918 [main] DEBUG org.hibernate.orm.model.mapping.creation - Starting PostInitCallbackEntry : PluralAttributeMapping(org.frcpm.models.Project.milestones)#finishInitialization
10:24:42.918 [main] DEBUG org.hibernate.orm.model.mapping.creation - Starting PostInitCallbackEntry : PluralAttributeMapping(org.frcpm.models.Project.milestones) - key descriptor
10:24:42.918 [main] DEBUG org.hibernate.orm.model.mapping.creation - Starting PostInitCallbackEntry : PluralAttributeMapping( NavigableRole[org.frcpm.models.Project.tasks#{element}]) - element descriptor
10:24:42.918 [main] DEBUG org.hibernate.orm.model.mapping.creation - Starting PostInitCallbackEntry : PluralAttributeMapping(org.frcpm.models.Project.tasks)#finishInitialization
10:24:42.918 [main] DEBUG org.hibernate.orm.model.mapping.creation - Starting PostInitCallbackEntry : PluralAttributeMapping(org.frcpm.models.Project.tasks) - key descriptor
10:24:42.918 [main] DEBUG org.hibernate.orm.model.mapping.creation - Starting PostInitCallbackEntry : Entity(org.frcpm.models.Project) `staticFetchableList` generator
10:24:42.918 [main] DEBUG org.hibernate.orm.model.mapping.creation - Starting PostInitCallbackEntry : PluralAttributeMapping( NavigableRole[org.frcpm.models.Subteam.members#{element}]) - element descriptor
10:24:42.918 [main] DEBUG org.hibernate.orm.model.mapping.creation - Starting PostInitCallbackEntry : PluralAttributeMapping(org.frcpm.models.Subteam.members)#finishInitialization
10:24:42.918 [main] DEBUG org.hibernate.orm.model.mapping.creation - Starting PostInitCallbackEntry : PluralAttributeMapping(org.frcpm.models.Subteam.members) - key descriptor
10:24:42.918 [main] DEBUG org.hibernate.orm.model.mapping.creation - Starting PostInitCallbackEntry : PluralAttributeMapping( NavigableRole[org.frcpm.models.Subteam.subsystems#{element}]) - element descriptor
10:24:42.918 [main] DEBUG org.hibernate.orm.model.mapping.creation - Starting PostInitCallbackEntry : PluralAttributeMapping(org.frcpm.models.Subteam.subsystems)#finishInitialization
10:24:42.918 [main] DEBUG org.hibernate.orm.model.mapping.creation - Starting PostInitCallbackEntry : PluralAttributeMapping(org.frcpm.models.Subteam.subsystems) - key descriptor
10:24:42.918 [main] DEBUG org.hibernate.orm.model.mapping.creation - Starting PostInitCallbackEntry : Entity(org.frcpm.models.Subteam) `staticFetchableList` generator
10:24:42.918 [main] DEBUG org.hibernate.orm.model.mapping.creation - Starting PostInitCallbackEntry : PluralAttributeMapping( NavigableRole[org.frcpm.models.Task.assignedTo#{element}]) - element descriptor
10:24:42.918 [main] DEBUG org.hibernate.orm.model.mapping.creation - Starting PostInitCallbackEntry : PluralAttributeMapping(org.frcpm.models.Task.assignedTo)#finishInitialization
10:24:42.918 [main] DEBUG org.hibernate.orm.model.mapping.creation - Starting PostInitCallbackEntry : PluralAttributeMapping(org.frcpm.models.Task.assignedTo) - key descriptor
10:24:42.918 [main] DEBUG org.hibernate.orm.model.mapping.creation - Starting PostInitCallbackEntry : PluralAttributeMapping( NavigableRole[org.frcpm.models.Task.postDependencies#{element}]) - element descriptor
10:24:42.918 [main] DEBUG org.hibernate.orm.model.mapping.creation - Starting PostInitCallbackEntry : PluralAttributeMapping(org.frcpm.models.Task.postDependencies)#finishInitialization
10:24:42.918 [main] DEBUG org.hibernate.orm.model.mapping.creation - Starting PostInitCallbackEntry : PluralAttributeMapping(org.frcpm.models.Task.postDependencies) - key descriptor
10:24:42.918 [main] DEBUG org.hibernate.orm.model.mapping.creation - Starting PostInitCallbackEntry : PluralAttributeMapping( NavigableRole[org.frcpm.models.Task.preDependencies#{element}]) - element descriptor
10:24:42.918 [main] DEBUG org.hibernate.orm.model.mapping.creation - Starting PostInitCallbackEntry : PluralAttributeMapping(org.frcpm.models.Task.preDependencies)#finishInitialization
10:24:42.918 [main] DEBUG org.hibernate.orm.model.mapping.creation - Starting PostInitCallbackEntry : PluralAttributeMapping(org.frcpm.models.Task.preDependencies) - key descriptor
10:24:42.918 [main] DEBUG org.hibernate.orm.model.mapping.creation - Starting PostInitCallbackEntry : To-one key - NavigableRole[org.frcpm.models.Task.project]
10:24:42.918 [main] DEBUG org.hibernate.orm.model.mapping.creation - Starting PostInitCallbackEntry : PluralAttributeMapping( NavigableRole[org.frcpm.models.Task.requiredComponents#{element}]) - element descriptor
10:24:42.918 [main] DEBUG org.hibernate.orm.model.mapping.creation - Starting PostInitCallbackEntry : PluralAttributeMapping(org.frcpm.models.Task.requiredComponents)#finishInitialization
10:24:42.918 [main] DEBUG org.hibernate.orm.model.mapping.creation - Starting PostInitCallbackEntry : PluralAttributeMapping(org.frcpm.models.Task.requiredComponents) - key descriptor
10:24:42.918 [main] DEBUG org.hibernate.orm.model.mapping.creation - Starting PostInitCallbackEntry : To-one key - NavigableRole[org.frcpm.models.Task.subsystem]
10:24:42.918 [main] DEBUG org.hibernate.orm.model.mapping.creation - Starting PostInitCallbackEntry : Entity(org.frcpm.models.Task) `staticFetchableList` generator
10:24:42.918 [main] DEBUG org.hibernate.orm.model.mapping.creation - Starting PostInitCallbackEntry : PluralAttributeMapping( NavigableRole[org.frcpm.models.TeamMember.assignedTasks#{element}]) - element descriptor
10:24:42.918 [main] DEBUG org.hibernate.orm.model.mapping.creation - Starting PostInitCallbackEntry : PluralAttributeMapping(org.frcpm.models.TeamMember.assignedTasks)#finishInitialization
10:24:42.918 [main] DEBUG org.hibernate.orm.model.mapping.creation - Starting PostInitCallbackEntry : PluralAttributeMapping(org.frcpm.models.TeamMember.assignedTasks) - key descriptor
10:24:42.918 [main] DEBUG org.hibernate.orm.model.mapping.creation - Starting PostInitCallbackEntry : PluralAttributeMapping( NavigableRole[org.frcpm.models.TeamMember.attendances#{element}]) - element descriptor
10:24:42.918 [main] DEBUG org.hibernate.orm.model.mapping.creation - Starting PostInitCallbackEntry : PluralAttributeMapping(org.frcpm.models.TeamMember.attendances)#finishInitialization
10:24:42.918 [main] DEBUG org.hibernate.orm.model.mapping.creation - Starting PostInitCallbackEntry : PluralAttributeMapping(org.frcpm.models.TeamMember.attendances) - key descriptor
10:24:42.918 [main] DEBUG org.hibernate.orm.model.mapping.creation - Starting PostInitCallbackEntry : To-one key - NavigableRole[org.frcpm.models.TeamMember.subteam]
10:24:42.918 [main] DEBUG org.hibernate.orm.model.mapping.creation - Starting PostInitCallbackEntry : Entity(org.frcpm.models.TeamMember) `staticFetchableList` generator
10:24:42.918 [main] DEBUG org.hibernate.orm.model.mapping.creation - Starting PostInitCallbackEntry : PluralAttributeMapping( NavigableRole[org.frcpm.models.Meeting.attendances#{element}]) - element descriptor
10:24:42.918 [main] DEBUG org.hibernate.orm.model.mapping.creation - Starting PostInitCallbackEntry : PluralAttributeMapping( NavigableRole[org.frcpm.models.Subsystem.tasks#{element}]) - element descriptor
10:24:42.918 [main] DEBUG org.hibernate.orm.model.mapping.creation - Starting PostInitCallbackEntry : PluralAttributeMapping( NavigableRole[org.frcpm.models.Component.requiredForTasks#{element}]) - element descriptor
10:24:42.918 [main] DEBUG org.hibernate.orm.model.mapping.creation - Starting PostInitCallbackEntry : PluralAttributeMapping( NavigableRole[org.frcpm.models.Project.meetings#{element}]) - element descriptor
10:24:42.918 [main] DEBUG org.hibernate.orm.model.mapping.creation - Starting PostInitCallbackEntry : PluralAttributeMapping( NavigableRole[org.frcpm.models.Project.milestones#{element}]) - element descriptor
10:24:42.918 [main] DEBUG org.hibernate.orm.model.mapping.creation - Starting PostInitCallbackEntry : PluralAttributeMapping( NavigableRole[org.frcpm.models.Project.tasks#{element}]) - element descriptor
10:24:42.918 [main] DEBUG org.hibernate.orm.model.mapping.creation - Starting PostInitCallbackEntry : PluralAttributeMapping( NavigableRole[org.frcpm.models.Subteam.members#{element}]) - element descriptor
10:24:42.918 [main] DEBUG org.hibernate.orm.model.mapping.creation - Starting PostInitCallbackEntry : PluralAttributeMapping( NavigableRole[org.frcpm.models.Subteam.subsystems#{element}]) - element descriptor
10:24:42.918 [main] DEBUG org.hibernate.orm.model.mapping.creation - Starting PostInitCallbackEntry : PluralAttributeMapping( NavigableRole[org.frcpm.models.Task.postDependencies#{element}]) - element descriptor
10:24:42.918 [main] DEBUG org.hibernate.orm.model.mapping.creation - Starting PostInitCallbackEntry : PluralAttributeMapping( NavigableRole[org.frcpm.models.TeamMember.attendances#{element}]) - element descriptor
10:24:42.920 [main] DEBUG org.hibernate.orm.sql.ast.create - Created new SQL alias : a1_0
10:24:42.920 [main] DEBUG org.hibernate.orm.sql.ast.create - Registration of TableGroup [StandardTableGroup(org.frcpm.models.Attendance)] with identifierForTableGroup [org.frcpm.models.Attendance] for NavigablePath [org.frcpm.models.Attendance] 
10:24:42.920 [main] DEBUG org.hibernate.orm.sql.ast.create - Registration of TableGroup [org.hibernate.sql.ast.tree.from.LazyTableGroup@1aebf0f3] with identifierForTableGroup [org.frcpm.models.Attendance.meeting] for NavigablePath [org.frcpm.models.Attendance.meeting] 
10:24:42.920 [main] DEBUG org.hibernate.orm.sql.ast.create - Registration of TableGroup [org.hibernate.sql.ast.tree.from.LazyTableGroup@23a256d4] with identifierForTableGroup [org.frcpm.models.Attendance.member] for NavigablePath [org.frcpm.models.Attendance.member] 
10:24:42.920 [main] DEBUG org.hibernate.orm.results.graph.AST - DomainResult Graph:
 \-EntityResultImpl [org.frcpm.models.Attendance]
 |  +-BasicFetch [org.frcpm.models.Attendance.arrivalTime]
 |  +-BasicFetch [org.frcpm.models.Attendance.departureTime]
 |  +-EntityDelayedFetchImpl [org.frcpm.models.Attendance.meeting]
 |  +-EntityDelayedFetchImpl [org.frcpm.models.Attendance.member]
 |  \-BasicFetch [org.frcpm.models.Attendance.present]

10:24:42.920 [main] DEBUG org.hibernate.orm.sql.ast.tree - SQL AST Tree:
    SelectStatement {
      FromClause {
        StandardTableGroup (a1 : org.frcpm.models.Attendance) {
          primaryTableReference : attendances as a1_0
          TableGroupJoins {
            left  join LazyTableGroup (m1 : org.frcpm.models.Attendance.meeting) {
            }
            left  join LazyTableGroup (m2 : org.frcpm.models.Attendance.member) {
            }
          }
        }
      }
    }

10:24:42.920 [main] DEBUG org.hibernate.persister.entity.AbstractEntityPersister - Static SQL for entity: org.frcpm.models.Attendance
10:24:42.920 [main] DEBUG org.hibernate.persister.entity.AbstractEntityPersister -  Version select: select id from attendances where id=?
10:24:42.920 [main] DEBUG org.hibernate.persister.entity.AbstractEntityPersister -  Insert (0): insert into attendances (arrival_time,departure_time,meeting_id,member_id,present,id) values (?,?,?,?,?,default)
10:24:42.920 [main] DEBUG org.hibernate.persister.entity.AbstractEntityPersister -  Update (0): update attendances set arrival_time=?,departure_time=?,meeting_id=?,member_id=?,present=? where id=?
10:24:42.920 [main] DEBUG org.hibernate.persister.entity.AbstractEntityPersister -  Delete (0): delete from attendances where id=?
10:24:42.920 [main] DEBUG org.hibernate.orm.sql.ast.create - Created new SQL alias : m1_0
10:24:42.920 [main] DEBUG org.hibernate.orm.sql.ast.create - Registration of TableGroup [StandardTableGroup(org.frcpm.models.Meeting)] with identifierForTableGroup [org.frcpm.models.Meeting] for NavigablePath [org.frcpm.models.Meeting] 
10:24:42.920 [main] DEBUG org.hibernate.orm.sql.ast.create - Registration of TableGroup [org.hibernate.sql.ast.tree.from.LazyTableGroup@354b6ab0] with identifierForTableGroup [org.frcpm.models.Meeting.project] for NavigablePath [org.frcpm.models.Meeting.project] 
10:24:42.920 [main] DEBUG org.hibernate.orm.results.graph.AST - DomainResult Graph:
 \-EntityResultImpl [org.frcpm.models.Meeting]
 |  +-DelayedCollectionFetch [org.frcpm.models.Meeting.attendances]
 |  +-BasicFetch [org.frcpm.models.Meeting.date]
 |  +-BasicFetch [org.frcpm.models.Meeting.endTime]
 |  +-BasicFetch [org.frcpm.models.Meeting.notes]
 |  +-EntityDelayedFetchImpl [org.frcpm.models.Meeting.project]
 |  \-BasicFetch [org.frcpm.models.Meeting.startTime]

10:24:42.920 [main] DEBUG org.hibernate.orm.sql.ast.tree - SQL AST Tree:
    SelectStatement {
      FromClause {
        StandardTableGroup (m1 : org.frcpm.models.Meeting) {
          primaryTableReference : meetings as m1_0
          TableGroupJoins {
            left  join LazyTableGroup (p1 : org.frcpm.models.Meeting.project) {
            }
          }
        }
      }
    }

10:24:42.920 [main] DEBUG org.hibernate.persister.entity.AbstractEntityPersister - Static SQL for entity: org.frcpm.models.Meeting
10:24:42.920 [main] DEBUG org.hibernate.persister.entity.AbstractEntityPersister -  Version select: select id from meetings where id=?
10:24:42.920 [main] DEBUG org.hibernate.persister.entity.AbstractEntityPersister -  Insert (0): insert into meetings (date,end_time,notes,project_id,start_time,id) values (?,?,?,?,?,default)
10:24:42.920 [main] DEBUG org.hibernate.persister.entity.AbstractEntityPersister -  Update (0): update meetings set date=?,end_time=?,notes=?,project_id=?,start_time=? where id=?
10:24:42.920 [main] DEBUG org.hibernate.persister.entity.AbstractEntityPersister -  Delete (0): delete from meetings where id=?
10:24:42.920 [main] DEBUG org.hibernate.orm.sql.ast.create - Created new SQL alias : s1_0
10:24:42.920 [main] DEBUG org.hibernate.orm.sql.ast.create - Registration of TableGroup [StandardTableGroup(org.frcpm.models.Subsystem)] with identifierForTableGroup [org.frcpm.models.Subsystem] for NavigablePath [org.frcpm.models.Subsystem] 
10:24:42.920 [main] DEBUG org.hibernate.orm.sql.ast.create - Registration of TableGroup [org.hibernate.sql.ast.tree.from.LazyTableGroup@7574a55b] with identifierForTableGroup [org.frcpm.models.Subsystem.responsibleSubteam] for NavigablePath [org.frcpm.models.Subsystem.responsibleSubteam] 
10:24:42.920 [main] DEBUG org.hibernate.orm.results.graph.AST - DomainResult Graph:
 \-EntityResultImpl [org.frcpm.models.Subsystem]
 |  +-BasicFetch [org.frcpm.models.Subsystem.description]
 |  +-BasicFetch [org.frcpm.models.Subsystem.name]
 |  +-EntityDelayedFetchImpl [org.frcpm.models.Subsystem.responsibleSubteam]
 |  +-BasicFetch [org.frcpm.models.Subsystem.status]
 |  \-DelayedCollectionFetch [org.frcpm.models.Subsystem.tasks]

10:24:42.920 [main] DEBUG org.hibernate.orm.sql.ast.tree - SQL AST Tree:
    SelectStatement {
      FromClause {
        StandardTableGroup (s1 : org.frcpm.models.Subsystem) {
          primaryTableReference : subsystems as s1_0
          TableGroupJoins {
            left  join LazyTableGroup (rs1 : org.frcpm.models.Subsystem.responsibleSubteam) {
            }
          }
        }
      }
    }

10:24:42.920 [main] DEBUG org.hibernate.persister.entity.AbstractEntityPersister - Static SQL for entity: org.frcpm.models.Subsystem
10:24:42.920 [main] DEBUG org.hibernate.persister.entity.AbstractEntityPersister -  Version select: select id from subsystems where id=?
10:24:42.920 [main] DEBUG org.hibernate.persister.entity.AbstractEntityPersister -  Insert (0): insert into subsystems (description,name,responsible_subteam_id,status,id) values (?,?,?,?,default)
10:24:42.920 [main] DEBUG org.hibernate.persister.entity.AbstractEntityPersister -  Update (0): update subsystems set description=?,name=?,responsible_subteam_id=?,status=? where id=?
10:24:42.920 [main] DEBUG org.hibernate.persister.entity.AbstractEntityPersister -  Delete (0): delete from subsystems where id=?
10:24:42.920 [main] DEBUG org.hibernate.orm.sql.ast.create - Created new SQL alias : c1_0
10:24:42.920 [main] DEBUG org.hibernate.orm.sql.ast.create - Registration of TableGroup [StandardTableGroup(org.frcpm.models.Component)] with identifierForTableGroup [org.frcpm.models.Component] for NavigablePath [org.frcpm.models.Component] 
10:24:42.920 [main] DEBUG org.hibernate.orm.results.graph.AST - DomainResult Graph:
 \-EntityResultImpl [org.frcpm.models.Component]
 |  +-BasicFetch [org.frcpm.models.Component.actualDelivery]
 |  +-BasicFetch [org.frcpm.models.Component.delivered]
 |  +-BasicFetch [org.frcpm.models.Component.description]
 |  +-BasicFetch [org.frcpm.models.Component.expectedDelivery]
 |  +-BasicFetch [org.frcpm.models.Component.name]
 |  +-BasicFetch [org.frcpm.models.Component.partNumber]
 |  \-DelayedCollectionFetch [org.frcpm.models.Component.requiredForTasks]

10:24:42.920 [main] DEBUG org.hibernate.orm.sql.ast.tree - SQL AST Tree:
    SelectStatement {
      FromClause {
        StandardTableGroup (c1 : org.frcpm.models.Component) {
          primaryTableReference : components as c1_0
        }
      }
    }

10:24:42.920 [main] DEBUG org.hibernate.persister.entity.AbstractEntityPersister - Static SQL for entity: org.frcpm.models.Component
10:24:42.920 [main] DEBUG org.hibernate.persister.entity.AbstractEntityPersister -  Version select: select id from components where id=?
10:24:42.920 [main] DEBUG org.hibernate.persister.entity.AbstractEntityPersister -  Insert (0): insert into components (actual_delivery,is_delivered,description,expected_delivery,name,part_number,id) values (?,?,?,?,?,?,default)
10:24:42.920 [main] DEBUG org.hibernate.persister.entity.AbstractEntityPersister -  Update (0): update components set actual_delivery=?,is_delivered=?,description=?,expected_delivery=?,name=?,part_number=? where id=?
10:24:42.920 [main] DEBUG org.hibernate.persister.entity.AbstractEntityPersister -  Delete (0): delete from components where id=?
10:24:42.920 [main] DEBUG org.hibernate.orm.sql.ast.create - Created new SQL alias : m1_0
10:24:42.920 [main] DEBUG org.hibernate.orm.sql.ast.create - Registration of TableGroup [StandardTableGroup(org.frcpm.models.Milestone)] with identifierForTableGroup [org.frcpm.models.Milestone] for NavigablePath [org.frcpm.models.Milestone] 
10:24:42.920 [main] DEBUG org.hibernate.orm.sql.ast.create - Registration of TableGroup [org.hibernate.sql.ast.tree.from.LazyTableGroup@bad6602] with identifierForTableGroup [org.frcpm.models.Milestone.project] for NavigablePath [org.frcpm.models.Milestone.project] 
10:24:42.920 [main] DEBUG org.hibernate.orm.results.graph.AST - DomainResult Graph:
 \-EntityResultImpl [org.frcpm.models.Milestone]
 |  +-BasicFetch [org.frcpm.models.Milestone.date]
 |  +-BasicFetch [org.frcpm.models.Milestone.description]
 |  +-BasicFetch [org.frcpm.models.Milestone.name]
 |  \-EntityDelayedFetchImpl [org.frcpm.models.Milestone.project]

10:24:42.920 [main] DEBUG org.hibernate.orm.sql.ast.tree - SQL AST Tree:
    SelectStatement {
      FromClause {
        StandardTableGroup (m1 : org.frcpm.models.Milestone) {
          primaryTableReference : milestones as m1_0
          TableGroupJoins {
            left  join LazyTableGroup (p1 : org.frcpm.models.Milestone.project) {
            }
          }
        }
      }
    }

10:24:42.920 [main] DEBUG org.hibernate.persister.entity.AbstractEntityPersister - Static SQL for entity: org.frcpm.models.Milestone
10:24:42.920 [main] DEBUG org.hibernate.persister.entity.AbstractEntityPersister -  Version select: select id from milestones where id=?
10:24:42.920 [main] DEBUG org.hibernate.persister.entity.AbstractEntityPersister -  Insert (0): insert into milestones (date,description,name,project_id,id) values (?,?,?,?,default)
10:24:42.920 [main] DEBUG org.hibernate.persister.entity.AbstractEntityPersister -  Update (0): update milestones set date=?,description=?,name=?,project_id=? where id=?
10:24:42.920 [main] DEBUG org.hibernate.persister.entity.AbstractEntityPersister -  Delete (0): delete from milestones where id=?
10:24:42.920 [main] DEBUG org.hibernate.orm.sql.ast.create - Created new SQL alias : p1_0
10:24:42.920 [main] DEBUG org.hibernate.orm.sql.ast.create - Registration of TableGroup [StandardTableGroup(org.frcpm.models.Project)] with identifierForTableGroup [org.frcpm.models.Project] for NavigablePath [org.frcpm.models.Project] 
10:24:42.920 [main] DEBUG org.hibernate.orm.results.graph.AST - DomainResult Graph:
 \-EntityResultImpl [org.frcpm.models.Project]
 |  +-BasicFetch [org.frcpm.models.Project.description]
 |  +-BasicFetch [org.frcpm.models.Project.goalEndDate]
 |  +-BasicFetch [org.frcpm.models.Project.hardDeadline]
 |  +-DelayedCollectionFetch [org.frcpm.models.Project.meetings]
 |  +-DelayedCollectionFetch [org.frcpm.models.Project.milestones]
 |  +-BasicFetch [org.frcpm.models.Project.name]
 |  +-BasicFetch [org.frcpm.models.Project.startDate]
 |  \-DelayedCollectionFetch [org.frcpm.models.Project.tasks]

10:24:42.920 [main] DEBUG org.hibernate.orm.sql.ast.tree - SQL AST Tree:
    SelectStatement {
      FromClause {
        StandardTableGroup (p1 : org.frcpm.models.Project) {
          primaryTableReference : projects as p1_0
        }
      }
    }

10:24:42.920 [main] DEBUG org.hibernate.persister.entity.AbstractEntityPersister - Static SQL for entity: org.frcpm.models.Project
10:24:42.920 [main] DEBUG org.hibernate.persister.entity.AbstractEntityPersister -  Version select: select id from projects where id=?
10:24:42.920 [main] DEBUG org.hibernate.persister.entity.AbstractEntityPersister -  Insert (0): insert into projects (description,goal_end_date,hard_deadline,name,start_date,id) values (?,?,?,?,?,default)
10:24:42.920 [main] DEBUG org.hibernate.persister.entity.AbstractEntityPersister -  Update (0): update projects set description=?,goal_end_date=?,hard_deadline=?,name=?,start_date=? where id=?
10:24:42.920 [main] DEBUG org.hibernate.persister.entity.AbstractEntityPersister -  Delete (0): delete from projects where id=?
10:24:42.920 [main] DEBUG org.hibernate.orm.sql.ast.create - Created new SQL alias : s1_0
10:24:42.920 [main] DEBUG org.hibernate.orm.sql.ast.create - Registration of TableGroup [StandardTableGroup(org.frcpm.models.Subteam)] with identifierForTableGroup [org.frcpm.models.Subteam] for NavigablePath [org.frcpm.models.Subteam] 
10:24:42.920 [main] DEBUG org.hibernate.orm.results.graph.AST - DomainResult Graph:
 \-EntityResultImpl [org.frcpm.models.Subteam]
 |  +-BasicFetch [org.frcpm.models.Subteam.colorCode]
 |  +-DelayedCollectionFetch [org.frcpm.models.Subteam.members]
 |  +-BasicFetch [org.frcpm.models.Subteam.name]
 |  +-BasicFetch [org.frcpm.models.Subteam.specialties]
 |  \-DelayedCollectionFetch [org.frcpm.models.Subteam.subsystems]

10:24:42.920 [main] DEBUG org.hibernate.orm.sql.ast.tree - SQL AST Tree:
    SelectStatement {
      FromClause {
        StandardTableGroup (s1 : org.frcpm.models.Subteam) {
          primaryTableReference : subteams as s1_0
        }
      }
    }

10:24:42.920 [main] DEBUG org.hibernate.persister.entity.AbstractEntityPersister - Static SQL for entity: org.frcpm.models.Subteam
10:24:42.920 [main] DEBUG org.hibernate.persister.entity.AbstractEntityPersister -  Version select: select id from subteams where id=?
10:24:42.920 [main] DEBUG org.hibernate.persister.entity.AbstractEntityPersister -  Insert (0): insert into subteams (color_code,name,specialties,id) values (?,?,?,default)
10:24:42.920 [main] DEBUG org.hibernate.persister.entity.AbstractEntityPersister -  Update (0): update subteams set color_code=?,name=?,specialties=? where id=?
10:24:42.921 [main] DEBUG org.hibernate.persister.entity.AbstractEntityPersister -  Delete (0): delete from subteams where id=?
10:24:42.921 [main] DEBUG org.hibernate.orm.sql.ast.create - Created new SQL alias : t1_0
10:24:42.921 [main] DEBUG org.hibernate.orm.sql.ast.create - Registration of TableGroup [StandardTableGroup(org.frcpm.models.Task)] with identifierForTableGroup [org.frcpm.models.Task] for NavigablePath [org.frcpm.models.Task] 
10:24:42.921 [main] DEBUG org.hibernate.orm.sql.ast.create - Registration of TableGroup [org.hibernate.sql.ast.tree.from.LazyTableGroup@1f203ab2] with identifierForTableGroup [org.frcpm.models.Task.project] for NavigablePath [org.frcpm.models.Task.project] 
10:24:42.921 [main] DEBUG org.hibernate.orm.sql.ast.create - Registration of TableGroup [org.hibernate.sql.ast.tree.from.LazyTableGroup@10aa737c] with identifierForTableGroup [org.frcpm.models.Task.subsystem] for NavigablePath [org.frcpm.models.Task.subsystem] 
10:24:42.921 [main] DEBUG org.hibernate.orm.results.graph.AST - DomainResult Graph:
 \-EntityResultImpl [org.frcpm.models.Task]
 |  +-BasicFetch [org.frcpm.models.Task.actualDurationSeconds]
 |  +-DelayedCollectionFetch [org.frcpm.models.Task.assignedTo]
 |  +-BasicFetch [org.frcpm.models.Task.completed]
 |  +-BasicFetch [org.frcpm.models.Task.description]
 |  +-BasicFetch [org.frcpm.models.Task.endDate]
 |  +-BasicFetch [org.frcpm.models.Task.estimatedDurationSeconds]
 |  +-DelayedCollectionFetch [org.frcpm.models.Task.postDependencies]
 |  +-DelayedCollectionFetch [org.frcpm.models.Task.preDependencies]
 |  +-BasicFetch [org.frcpm.models.Task.priority]
 |  +-BasicFetch [org.frcpm.models.Task.progress]
 |  +-EntityDelayedFetchImpl [org.frcpm.models.Task.project]
 |  +-DelayedCollectionFetch [org.frcpm.models.Task.requiredComponents]
 |  +-BasicFetch [org.frcpm.models.Task.startDate]
 |  +-EntityDelayedFetchImpl [org.frcpm.models.Task.subsystem]
 |  \-BasicFetch [org.frcpm.models.Task.title]

10:24:42.921 [main] DEBUG org.hibernate.orm.sql.ast.tree - SQL AST Tree:
    SelectStatement {
      FromClause {
        StandardTableGroup (t1 : org.frcpm.models.Task) {
          primaryTableReference : tasks as t1_0
          TableGroupJoins {
            left  join LazyTableGroup (p1 : org.frcpm.models.Task.project) {
            }
            left  join LazyTableGroup (s1 : org.frcpm.models.Task.subsystem) {
            }
          }
        }
      }
    }

10:24:42.921 [main] DEBUG org.hibernate.persister.entity.AbstractEntityPersister - Static SQL for entity: org.frcpm.models.Task
10:24:42.921 [main] DEBUG org.hibernate.persister.entity.AbstractEntityPersister -  Version select: select id from tasks where id=?
10:24:42.921 [main] DEBUG org.hibernate.persister.entity.AbstractEntityPersister -  Insert (0): insert into tasks (actual_duration_seconds,completed,description,end_date,estimated_duration_seconds,priority,progress,project_id,start_date,subsystem_id,title,id) values (?,?,?,?,?,?,?,?,?,?,?,default)
10:24:42.921 [main] DEBUG org.hibernate.persister.entity.AbstractEntityPersister -  Update (0): update tasks set actual_duration_seconds=?,completed=?,description=?,end_date=?,estimated_duration_seconds=?,priority=?,progress=?,project_id=?,start_date=?,subsystem_id=?,title=? where id=?
10:24:42.921 [main] DEBUG org.hibernate.persister.entity.AbstractEntityPersister -  Delete (0): delete from tasks where id=?
10:24:42.921 [main] DEBUG org.hibernate.orm.sql.ast.create - Created new SQL alias : tm1_0
10:24:42.921 [main] DEBUG org.hibernate.orm.sql.ast.create - Registration of TableGroup [StandardTableGroup(org.frcpm.models.TeamMember)] with identifierForTableGroup [org.frcpm.models.TeamMember] for NavigablePath [org.frcpm.models.TeamMember] 
10:24:42.921 [main] DEBUG org.hibernate.orm.sql.ast.create - Registration of TableGroup [org.hibernate.sql.ast.tree.from.LazyTableGroup@4752bc73] with identifierForTableGroup [org.frcpm.models.TeamMember.subteam] for NavigablePath [org.frcpm.models.TeamMember.subteam] 
10:24:42.921 [main] DEBUG org.hibernate.orm.results.graph.AST - DomainResult Graph:
 \-EntityResultImpl [org.frcpm.models.TeamMember]
 |  +-DelayedCollectionFetch [org.frcpm.models.TeamMember.assignedTasks]
 |  +-DelayedCollectionFetch [org.frcpm.models.TeamMember.attendances]
 |  +-BasicFetch [org.frcpm.models.TeamMember.email]
 |  +-BasicFetch [org.frcpm.models.TeamMember.firstName]
 |  +-BasicFetch [org.frcpm.models.TeamMember.lastName]
 |  +-BasicFetch [org.frcpm.models.TeamMember.leader]
 |  +-BasicFetch [org.frcpm.models.TeamMember.phone]
 |  +-BasicFetch [org.frcpm.models.TeamMember.skills]
 |  +-EntityDelayedFetchImpl [org.frcpm.models.TeamMember.subteam]
 |  \-BasicFetch [org.frcpm.models.TeamMember.username]

10:24:42.921 [main] DEBUG org.hibernate.orm.sql.ast.tree - SQL AST Tree:
    SelectStatement {
      FromClause {
        StandardTableGroup (tm1 : org.frcpm.models.TeamMember) {
          primaryTableReference : team_members as tm1_0
          TableGroupJoins {
            left  join LazyTableGroup (s1 : org.frcpm.models.TeamMember.subteam) {
            }
          }
        }
      }
    }

10:24:42.922 [main] DEBUG org.hibernate.persister.entity.AbstractEntityPersister - Static SQL for entity: org.frcpm.models.TeamMember
10:24:42.922 [main] DEBUG org.hibernate.persister.entity.AbstractEntityPersister -  Version select: select id from team_members where id=?
10:24:42.922 [main] DEBUG org.hibernate.persister.entity.AbstractEntityPersister -  Insert (0): insert into team_members (email,first_name,last_name,is_leader,phone,skills,subteam_id,username,id) values (?,?,?,?,?,?,?,?,default)
10:24:42.922 [main] DEBUG org.hibernate.persister.entity.AbstractEntityPersister -  Update (0): update team_members set email=?,first_name=?,last_name=?,is_leader=?,phone=?,skills=?,subteam_id=?,username=? where id=?
10:24:42.922 [main] DEBUG org.hibernate.persister.entity.AbstractEntityPersister -  Delete (0): delete from team_members where id=?
10:24:42.922 [main] DEBUG org.hibernate.orm.sql.ast.create - Created new SQL alias : at1_0
10:24:42.922 [main] DEBUG org.hibernate.orm.sql.ast.create - Registration of TableGroup [CollectionTableGroup(org.frcpm.models.Task.assignedTo)] with identifierForTableGroup [org.frcpm.models.Task.assignedTo] for NavigablePath [org.frcpm.models.Task.assignedTo] 
10:24:42.922 [main] DEBUG org.hibernate.orm.sql.ast.create - Registration of TableGroup [org.hibernate.sql.ast.tree.from.LazyTableGroup@53529caa] with identifierForTableGroup [org.frcpm.models.Task.assignedTo.{element}] for NavigablePath [org.frcpm.models.Task.assignedTo.{element}] 
10:24:42.922 [main] DEBUG org.hibernate.orm.sql.ast.create - Created new SQL alias : at1_1
10:24:42.922 [main] DEBUG org.hibernate.orm.sql.ast.create - Registration of TableGroup [org.hibernate.sql.ast.tree.from.LazyTableGroup@45bfe514] with identifierForTableGroup [org.frcpm.models.Task.assignedTo.{element}.subteam] for NavigablePath [org.frcpm.models.Task.assignedTo.{element}.subteam] 
10:24:42.922 [main] DEBUG org.hibernate.orm.results.graph.AST - DomainResult Graph:
 \-CollectionDomainResult [org.frcpm.models.Task.assignedTo]

10:24:42.923 [main] DEBUG org.hibernate.orm.sql.ast.tree - SQL AST Tree:
    SelectStatement {
      FromClause {
        CollectionTableGroup (at1 : org.frcpm.models.Task.assignedTo) {
          primaryTableReference : task_assignments as at1_0
          TableGroupJoins {
             join LazyTableGroup (at1 : org.frcpm.models.Task.assignedTo.{element}) {
              primaryTableReference : team_members as at1_1
              TableGroupJoins {
                left  join LazyTableGroup (s1 : org.frcpm.models.Task.assignedTo.{element}.subteam) {
                }
              }
            }
          }
        }
      }
    }

10:24:42.923 [main] DEBUG org.hibernate.orm.jdbc.mutation - Static SQL for collection: org.frcpm.models.Task.assignedTo
10:24:42.923 [main] DEBUG org.hibernate.orm.jdbc.mutation -  Row insert: insert into task_assignments (task_id,team_member_id) values (?,?)
10:24:42.923 [main] DEBUG org.hibernate.orm.jdbc.mutation -  Row delete: delete from task_assignments where task_id=? and team_member_id=?
10:24:42.923 [main] DEBUG org.hibernate.orm.jdbc.mutation -  One-shot delete: delete from task_assignments where task_id=?
10:24:42.923 [main] DEBUG org.hibernate.orm.sql.ast.create - Created new SQL alias : t1_0
10:24:42.923 [main] DEBUG org.hibernate.orm.sql.ast.create - Registration of TableGroup [org.hibernate.sql.ast.tree.from.OneToManyTableGroup@4b548053] with identifierForTableGroup [org.frcpm.models.Subsystem.tasks] for NavigablePath [org.frcpm.models.Subsystem.tasks] 
10:24:42.923 [main] DEBUG org.hibernate.orm.sql.ast.create - Registration of TableGroup [StandardTableGroup(org.frcpm.models.Subsystem.tasks.{element})] with identifierForTableGroup [org.frcpm.models.Subsystem.tasks.{element}] for NavigablePath [org.frcpm.models.Subsystem.tasks.{element}] 
10:24:42.923 [main] DEBUG org.hibernate.orm.sql.ast.create - Registration of TableGroup [org.hibernate.sql.ast.tree.from.LazyTableGroup@2185973f] with identifierForTableGroup [org.frcpm.models.Subsystem.tasks.{element}.project] for NavigablePath [org.frcpm.models.Subsystem.tasks.{element}.project] 
10:24:42.923 [main] DEBUG org.hibernate.orm.sql.ast.create - Registration of TableGroup [org.hibernate.sql.ast.tree.from.LazyTableGroup@4ed61a49] with identifierForTableGroup [org.frcpm.models.Subsystem.tasks.{element}.subsystem] for NavigablePath [org.frcpm.models.Subsystem.tasks.{element}.subsystem] 
10:24:42.923 [main] DEBUG org.hibernate.orm.results.graph.AST - DomainResult Graph:
 \-CollectionDomainResult [org.frcpm.models.Subsystem.tasks]

10:24:42.923 [main] DEBUG org.hibernate.orm.sql.ast.tree - SQL AST Tree:
    SelectStatement {
      FromClause {
        OneToManyTableGroup (t1 : org.frcpm.models.Subsystem.tasks) {
          primaryTableReference : tasks as t1_0
          TableGroupJoins {
            left  join LazyTableGroup (p1 : org.frcpm.models.Subsystem.tasks.{element}.project) {
            }
            left  join LazyTableGroup (s1 : org.frcpm.models.Subsystem.tasks.{element}.subsystem) {
            }
          }
        }
      }
    }

10:24:42.923 [main] DEBUG org.hibernate.orm.jdbc.mutation - Static SQL for collection: org.frcpm.models.Subsystem.tasks
10:24:42.923 [main] DEBUG org.hibernate.orm.sql.ast.create - Created new SQL alias : m1_0
10:24:42.923 [main] DEBUG org.hibernate.orm.sql.ast.create - Registration of TableGroup [org.hibernate.sql.ast.tree.from.OneToManyTableGroup@2cde1aa5] with identifierForTableGroup [org.frcpm.models.Subteam.members] for NavigablePath [org.frcpm.models.Subteam.members] 
10:24:42.923 [main] DEBUG org.hibernate.orm.sql.ast.create - Registration of TableGroup [StandardTableGroup(org.frcpm.models.Subteam.members.{element})] with identifierForTableGroup [org.frcpm.models.Subteam.members.{element}] for NavigablePath [org.frcpm.models.Subteam.members.{element}] 
10:24:42.923 [main] DEBUG org.hibernate.orm.sql.ast.create - Registration of TableGroup [org.hibernate.sql.ast.tree.from.LazyTableGroup@5216cd79] with identifierForTableGroup [org.frcpm.models.Subteam.members.{element}.subteam] for NavigablePath [org.frcpm.models.Subteam.members.{element}.subteam] 
10:24:42.923 [main] DEBUG org.hibernate.orm.results.graph.AST - DomainResult Graph:
 \-CollectionDomainResult [org.frcpm.models.Subteam.members]

10:24:42.923 [main] DEBUG org.hibernate.orm.sql.ast.tree - SQL AST Tree:
    SelectStatement {
      FromClause {
        OneToManyTableGroup (m1 : org.frcpm.models.Subteam.members) {
          primaryTableReference : team_members as m1_0
          TableGroupJoins {
            left  join LazyTableGroup (s1 : org.frcpm.models.Subteam.members.{element}.subteam) {
            }
          }
        }
      }
    }

10:24:42.923 [main] DEBUG org.hibernate.orm.jdbc.mutation - Static SQL for collection: org.frcpm.models.Subteam.members
10:24:42.923 [main] DEBUG org.hibernate.orm.sql.ast.create - Created new SQL alias : a1_0
10:24:42.923 [main] DEBUG org.hibernate.orm.sql.ast.create - Registration of TableGroup [org.hibernate.sql.ast.tree.from.OneToManyTableGroup@77b698f8] with identifierForTableGroup [org.frcpm.models.TeamMember.attendances] for NavigablePath [org.frcpm.models.TeamMember.attendances] 
10:24:42.923 [main] DEBUG org.hibernate.orm.sql.ast.create - Registration of TableGroup [StandardTableGroup(org.frcpm.models.TeamMember.attendances.{element})] with identifierForTableGroup [org.frcpm.models.TeamMember.attendances.{element}] for NavigablePath [org.frcpm.models.TeamMember.attendances.{element}] 
10:24:42.923 [main] DEBUG org.hibernate.orm.sql.ast.create - Registration of TableGroup [org.hibernate.sql.ast.tree.from.LazyTableGroup@2b61af99] with identifierForTableGroup [org.frcpm.models.TeamMember.attendances.{element}.meeting] for NavigablePath [org.frcpm.models.TeamMember.attendances.{element}.meeting] 
10:24:42.923 [main] DEBUG org.hibernate.orm.sql.ast.create - Registration of TableGroup [org.hibernate.sql.ast.tree.from.LazyTableGroup@7553fc7] with identifierForTableGroup [org.frcpm.models.TeamMember.attendances.{element}.member] for NavigablePath [org.frcpm.models.TeamMember.attendances.{element}.member] 
10:24:42.923 [main] DEBUG org.hibernate.orm.results.graph.AST - DomainResult Graph:
 \-CollectionDomainResult [org.frcpm.models.TeamMember.attendances]

10:24:42.923 [main] DEBUG org.hibernate.orm.sql.ast.tree - SQL AST Tree:
    SelectStatement {
      FromClause {
        OneToManyTableGroup (a1 : org.frcpm.models.TeamMember.attendances) {
          primaryTableReference : attendances as a1_0
          TableGroupJoins {
            left  join LazyTableGroup (m1 : org.frcpm.models.TeamMember.attendances.{element}.meeting) {
            }
            left  join LazyTableGroup (m2 : org.frcpm.models.TeamMember.attendances.{element}.member) {
            }
          }
        }
      }
    }

10:24:42.923 [main] DEBUG org.hibernate.orm.jdbc.mutation - Static SQL for collection: org.frcpm.models.TeamMember.attendances
10:24:42.923 [main] DEBUG org.hibernate.orm.sql.ast.create - Created new SQL alias : rc1_0
10:24:42.923 [main] DEBUG org.hibernate.orm.sql.ast.create - Registration of TableGroup [CollectionTableGroup(org.frcpm.models.Task.requiredComponents)] with identifierForTableGroup [org.frcpm.models.Task.requiredComponents] for NavigablePath [org.frcpm.models.Task.requiredComponents] 
10:24:42.923 [main] DEBUG org.hibernate.orm.sql.ast.create - Registration of TableGroup [org.hibernate.sql.ast.tree.from.LazyTableGroup@625c74ef] with identifierForTableGroup [org.frcpm.models.Task.requiredComponents.{element}] for NavigablePath [org.frcpm.models.Task.requiredComponents.{element}] 
10:24:42.923 [main] DEBUG org.hibernate.orm.sql.ast.create - Created new SQL alias : rc1_1
10:24:42.923 [main] DEBUG org.hibernate.orm.results.graph.AST - DomainResult Graph:
 \-CollectionDomainResult [org.frcpm.models.Task.requiredComponents]

10:24:42.923 [main] DEBUG org.hibernate.orm.sql.ast.tree - SQL AST Tree:
    SelectStatement {
      FromClause {
        CollectionTableGroup (rc1 : org.frcpm.models.Task.requiredComponents) {
          primaryTableReference : task_components as rc1_0
          TableGroupJoins {
             join LazyTableGroup (rc1 : org.frcpm.models.Task.requiredComponents.{element}) {
              primaryTableReference : components as rc1_1
            }
          }
        }
      }
    }

10:24:42.923 [main] DEBUG org.hibernate.orm.jdbc.mutation - Static SQL for collection: org.frcpm.models.Task.requiredComponents
10:24:42.923 [main] DEBUG org.hibernate.orm.jdbc.mutation -  Row insert: insert into task_components (task_id,component_id) values (?,?)
10:24:42.923 [main] DEBUG org.hibernate.orm.jdbc.mutation -  Row delete: delete from task_components where task_id=? and component_id=?
10:24:42.923 [main] DEBUG org.hibernate.orm.jdbc.mutation -  One-shot delete: delete from task_components where task_id=?
10:24:42.923 [main] DEBUG org.hibernate.orm.sql.ast.create - Created new SQL alias : s1_0
10:24:42.923 [main] DEBUG org.hibernate.orm.sql.ast.create - Registration of TableGroup [org.hibernate.sql.ast.tree.from.OneToManyTableGroup@1a029354] with identifierForTableGroup [org.frcpm.models.Subteam.subsystems] for NavigablePath [org.frcpm.models.Subteam.subsystems] 
10:24:42.923 [main] DEBUG org.hibernate.orm.sql.ast.create - Registration of TableGroup [StandardTableGroup(org.frcpm.models.Subteam.subsystems.{element})] with identifierForTableGroup [org.frcpm.models.Subteam.subsystems.{element}] for NavigablePath [org.frcpm.models.Subteam.subsystems.{element}] 
10:24:42.923 [main] DEBUG org.hibernate.orm.sql.ast.create - Registration of TableGroup [org.hibernate.sql.ast.tree.from.LazyTableGroup@6dc87fc3] with identifierForTableGroup [org.frcpm.models.Subteam.subsystems.{element}.responsibleSubteam] for NavigablePath [org.frcpm.models.Subteam.subsystems.{element}.responsibleSubteam] 
10:24:42.923 [main] DEBUG org.hibernate.orm.results.graph.AST - DomainResult Graph:
 \-CollectionDomainResult [org.frcpm.models.Subteam.subsystems]

10:24:42.923 [main] DEBUG org.hibernate.orm.sql.ast.tree - SQL AST Tree:
    SelectStatement {
      FromClause {
        OneToManyTableGroup (s1 : org.frcpm.models.Subteam.subsystems) {
          primaryTableReference : subsystems as s1_0
          TableGroupJoins {
            left  join LazyTableGroup (rs1 : org.frcpm.models.Subteam.subsystems.{element}.responsibleSubteam) {
            }
          }
        }
      }
    }

10:24:42.923 [main] DEBUG org.hibernate.orm.jdbc.mutation - Static SQL for collection: org.frcpm.models.Subteam.subsystems
10:24:42.923 [main] DEBUG org.hibernate.orm.sql.ast.create - Created new SQL alias : pd1_0
10:24:42.923 [main] DEBUG org.hibernate.orm.sql.ast.create - Registration of TableGroup [CollectionTableGroup(org.frcpm.models.Task.preDependencies)] with identifierForTableGroup [org.frcpm.models.Task.preDependencies] for NavigablePath [org.frcpm.models.Task.preDependencies] 
10:24:42.923 [main] DEBUG org.hibernate.orm.sql.ast.create - Registration of TableGroup [org.hibernate.sql.ast.tree.from.LazyTableGroup@6ee9c8ee] with identifierForTableGroup [org.frcpm.models.Task.preDependencies.{element}] for NavigablePath [org.frcpm.models.Task.preDependencies.{element}] 
10:24:42.923 [main] DEBUG org.hibernate.orm.sql.ast.create - Created new SQL alias : pd1_1
10:24:42.924 [main] DEBUG org.hibernate.orm.sql.ast.create - Registration of TableGroup [org.hibernate.sql.ast.tree.from.LazyTableGroup@60ff6e54] with identifierForTableGroup [org.frcpm.models.Task.preDependencies.{element}.project] for NavigablePath [org.frcpm.models.Task.preDependencies.{element}.project] 
10:24:42.924 [main] DEBUG org.hibernate.orm.sql.ast.create - Registration of TableGroup [org.hibernate.sql.ast.tree.from.LazyTableGroup@4029897c] with identifierForTableGroup [org.frcpm.models.Task.preDependencies.{element}.subsystem] for NavigablePath [org.frcpm.models.Task.preDependencies.{element}.subsystem] 
10:24:42.924 [main] DEBUG org.hibernate.orm.results.graph.AST - DomainResult Graph:
 \-CollectionDomainResult [org.frcpm.models.Task.preDependencies]

10:24:42.924 [main] DEBUG org.hibernate.orm.sql.ast.tree - SQL AST Tree:
    SelectStatement {
      FromClause {
        CollectionTableGroup (pd1 : org.frcpm.models.Task.preDependencies) {
          primaryTableReference : task_dependencies as pd1_0
          TableGroupJoins {
             join LazyTableGroup (pd1 : org.frcpm.models.Task.preDependencies.{element}) {
              primaryTableReference : tasks as pd1_1
              TableGroupJoins {
                left  join LazyTableGroup (p1 : org.frcpm.models.Task.preDependencies.{element}.project) {
                }
                left  join LazyTableGroup (s1 : org.frcpm.models.Task.preDependencies.{element}.subsystem) {
                }
              }
            }
          }
        }
      }
    }

10:24:42.924 [main] DEBUG org.hibernate.orm.jdbc.mutation - Static SQL for collection: org.frcpm.models.Task.preDependencies
10:24:42.924 [main] DEBUG org.hibernate.orm.jdbc.mutation -  Row insert: insert into task_dependencies (task_id,dependency_id) values (?,?)
10:24:42.924 [main] DEBUG org.hibernate.orm.jdbc.mutation -  Row delete: delete from task_dependencies where task_id=? and dependency_id=?
10:24:42.924 [main] DEBUG org.hibernate.orm.jdbc.mutation -  One-shot delete: delete from task_dependencies where task_id=?
10:24:42.924 [main] DEBUG org.hibernate.orm.sql.ast.create - Created new SQL alias : m1_0
10:24:42.924 [main] DEBUG org.hibernate.orm.sql.ast.create - Registration of TableGroup [org.hibernate.sql.ast.tree.from.OneToManyTableGroup@5275d4e5] with identifierForTableGroup [org.frcpm.models.Project.milestones] for NavigablePath [org.frcpm.models.Project.milestones] 
10:24:42.924 [main] DEBUG org.hibernate.orm.sql.ast.create - Registration of TableGroup [StandardTableGroup(org.frcpm.models.Project.milestones.{element})] with identifierForTableGroup [org.frcpm.models.Project.milestones.{element}] for NavigablePath [org.frcpm.models.Project.milestones.{element}] 
10:24:42.924 [main] DEBUG org.hibernate.orm.sql.ast.create - Registration of TableGroup [org.hibernate.sql.ast.tree.from.LazyTableGroup@55d51fbc] with identifierForTableGroup [org.frcpm.models.Project.milestones.{element}.project] for NavigablePath [org.frcpm.models.Project.milestones.{element}.project] 
10:24:42.924 [main] DEBUG org.hibernate.orm.results.graph.AST - DomainResult Graph:
 \-CollectionDomainResult [org.frcpm.models.Project.milestones]

10:24:42.924 [main] DEBUG org.hibernate.orm.sql.ast.tree - SQL AST Tree:
    SelectStatement {
      FromClause {
        OneToManyTableGroup (m1 : org.frcpm.models.Project.milestones) {
          primaryTableReference : milestones as m1_0
          TableGroupJoins {
            left  join LazyTableGroup (p1 : org.frcpm.models.Project.milestones.{element}.project) {
            }
          }
        }
      }
    }

10:24:42.924 [main] DEBUG org.hibernate.orm.jdbc.mutation - Static SQL for collection: org.frcpm.models.Project.milestones
10:24:42.924 [main] DEBUG org.hibernate.orm.sql.ast.create - Created new SQL alias : rft1_0
10:24:42.924 [main] DEBUG org.hibernate.orm.sql.ast.create - Registration of TableGroup [CollectionTableGroup(org.frcpm.models.Component.requiredForTasks)] with identifierForTableGroup [org.frcpm.models.Component.requiredForTasks] for NavigablePath [org.frcpm.models.Component.requiredForTasks] 
10:24:42.924 [main] DEBUG org.hibernate.orm.sql.ast.create - Registration of TableGroup [org.hibernate.sql.ast.tree.from.LazyTableGroup@29d74f7c] with identifierForTableGroup [org.frcpm.models.Component.requiredForTasks.{element}] for NavigablePath [org.frcpm.models.Component.requiredForTasks.{element}] 
10:24:42.924 [main] DEBUG org.hibernate.orm.sql.ast.create - Created new SQL alias : rft1_1
10:24:42.924 [main] DEBUG org.hibernate.orm.sql.ast.create - Registration of TableGroup [org.hibernate.sql.ast.tree.from.LazyTableGroup@5579645f] with identifierForTableGroup [org.frcpm.models.Component.requiredForTasks.{element}.project] for NavigablePath [org.frcpm.models.Component.requiredForTasks.{element}.project] 
10:24:42.924 [main] DEBUG org.hibernate.orm.sql.ast.create - Registration of TableGroup [org.hibernate.sql.ast.tree.from.LazyTableGroup@3d7ca5] with identifierForTableGroup [org.frcpm.models.Component.requiredForTasks.{element}.subsystem] for NavigablePath [org.frcpm.models.Component.requiredForTasks.{element}.subsystem] 
10:24:42.924 [main] DEBUG org.hibernate.orm.results.graph.AST - DomainResult Graph:
 \-CollectionDomainResult [org.frcpm.models.Component.requiredForTasks]

10:24:42.924 [main] DEBUG org.hibernate.orm.sql.ast.tree - SQL AST Tree:
    SelectStatement {
      FromClause {
        CollectionTableGroup (rft1 : org.frcpm.models.Component.requiredForTasks) {
          primaryTableReference : task_components as rft1_0
          TableGroupJoins {
             join LazyTableGroup (rft1 : org.frcpm.models.Component.requiredForTasks.{element}) {
              primaryTableReference : tasks as rft1_1
              TableGroupJoins {
                left  join LazyTableGroup (p1 : org.frcpm.models.Component.requiredForTasks.{element}.project) {
                }
                left  join LazyTableGroup (s1 : org.frcpm.models.Component.requiredForTasks.{element}.subsystem) {
                }
              }
            }
          }
        }
      }
    }

10:24:42.924 [main] DEBUG org.hibernate.orm.jdbc.mutation - Static SQL for collection: org.frcpm.models.Component.requiredForTasks
10:24:42.924 [main] DEBUG org.hibernate.orm.sql.ast.create - Created new SQL alias : m1_0
10:24:42.924 [main] DEBUG org.hibernate.orm.sql.ast.create - Registration of TableGroup [org.hibernate.sql.ast.tree.from.OneToManyTableGroup@dc7aad2] with identifierForTableGroup [org.frcpm.models.Project.meetings] for NavigablePath [org.frcpm.models.Project.meetings] 
10:24:42.924 [main] DEBUG org.hibernate.orm.sql.ast.create - Registration of TableGroup [StandardTableGroup(org.frcpm.models.Project.meetings.{element})] with identifierForTableGroup [org.frcpm.models.Project.meetings.{element}] for NavigablePath [org.frcpm.models.Project.meetings.{element}] 
10:24:42.924 [main] DEBUG org.hibernate.orm.sql.ast.create - Registration of TableGroup [org.hibernate.sql.ast.tree.from.LazyTableGroup@406bebf8] with identifierForTableGroup [org.frcpm.models.Project.meetings.{element}.project] for NavigablePath [org.frcpm.models.Project.meetings.{element}.project] 
10:24:42.924 [main] DEBUG org.hibernate.orm.results.graph.AST - DomainResult Graph:
 \-CollectionDomainResult [org.frcpm.models.Project.meetings]

10:24:42.924 [main] DEBUG org.hibernate.orm.sql.ast.tree - SQL AST Tree:
    SelectStatement {
      FromClause {
        OneToManyTableGroup (m1 : org.frcpm.models.Project.meetings) {
          primaryTableReference : meetings as m1_0
          TableGroupJoins {
            left  join LazyTableGroup (p1 : org.frcpm.models.Project.meetings.{element}.project) {
            }
          }
        }
      }
    }

10:24:42.924 [main] DEBUG org.hibernate.orm.jdbc.mutation - Static SQL for collection: org.frcpm.models.Project.meetings
10:24:42.924 [main] DEBUG org.hibernate.orm.sql.ast.create - Created new SQL alias : at1_0
10:24:42.924 [main] DEBUG org.hibernate.orm.sql.ast.create - Registration of TableGroup [CollectionTableGroup(org.frcpm.models.TeamMember.assignedTasks)] with identifierForTableGroup [org.frcpm.models.TeamMember.assignedTasks] for NavigablePath [org.frcpm.models.TeamMember.assignedTasks] 
10:24:42.924 [main] DEBUG org.hibernate.orm.sql.ast.create - Registration of TableGroup [org.hibernate.sql.ast.tree.from.LazyTableGroup@2b2174e9] with identifierForTableGroup [org.frcpm.models.TeamMember.assignedTasks.{element}] for NavigablePath [org.frcpm.models.TeamMember.assignedTasks.{element}] 
10:24:42.924 [main] DEBUG org.hibernate.orm.sql.ast.create - Created new SQL alias : at1_1
10:24:42.924 [main] DEBUG org.hibernate.orm.sql.ast.create - Registration of TableGroup [org.hibernate.sql.ast.tree.from.LazyTableGroup@1b80ca65] with identifierForTableGroup [org.frcpm.models.TeamMember.assignedTasks.{element}.project] for NavigablePath [org.frcpm.models.TeamMember.assignedTasks.{element}.project] 
10:24:42.924 [main] DEBUG org.hibernate.orm.sql.ast.create - Registration of TableGroup [org.hibernate.sql.ast.tree.from.LazyTableGroup@6c633918] with identifierForTableGroup [org.frcpm.models.TeamMember.assignedTasks.{element}.subsystem] for NavigablePath [org.frcpm.models.TeamMember.assignedTasks.{element}.subsystem] 
10:24:42.924 [main] DEBUG org.hibernate.orm.results.graph.AST - DomainResult Graph:
 \-CollectionDomainResult [org.frcpm.models.TeamMember.assignedTasks]

10:24:42.924 [main] DEBUG org.hibernate.orm.sql.ast.tree - SQL AST Tree:
    SelectStatement {
      FromClause {
        CollectionTableGroup (at1 : org.frcpm.models.TeamMember.assignedTasks) {
          primaryTableReference : task_assignments as at1_0
          TableGroupJoins {
             join LazyTableGroup (at1 : org.frcpm.models.TeamMember.assignedTasks.{element}) {
              primaryTableReference : tasks as at1_1
              TableGroupJoins {
                left  join LazyTableGroup (p1 : org.frcpm.models.TeamMember.assignedTasks.{element}.project) {
                }
                left  join LazyTableGroup (s1 : org.frcpm.models.TeamMember.assignedTasks.{element}.subsystem) {
                }
              }
            }
          }
        }
      }
    }

10:24:42.924 [main] DEBUG org.hibernate.orm.jdbc.mutation - Static SQL for collection: org.frcpm.models.TeamMember.assignedTasks
10:24:42.924 [main] DEBUG org.hibernate.orm.sql.ast.create - Created new SQL alias : a1_0
10:24:42.924 [main] DEBUG org.hibernate.orm.sql.ast.create - Registration of TableGroup [org.hibernate.sql.ast.tree.from.OneToManyTableGroup@510ba64e] with identifierForTableGroup [org.frcpm.models.Meeting.attendances] for NavigablePath [org.frcpm.models.Meeting.attendances] 
10:24:42.924 [main] DEBUG org.hibernate.orm.sql.ast.create - Registration of TableGroup [StandardTableGroup(org.frcpm.models.Meeting.attendances.{element})] with identifierForTableGroup [org.frcpm.models.Meeting.attendances.{element}] for NavigablePath [org.frcpm.models.Meeting.attendances.{element}] 
10:24:42.924 [main] DEBUG org.hibernate.orm.sql.ast.create - Registration of TableGroup [org.hibernate.sql.ast.tree.from.LazyTableGroup@b4c575f] with identifierForTableGroup [org.frcpm.models.Meeting.attendances.{element}.meeting] for NavigablePath [org.frcpm.models.Meeting.attendances.{element}.meeting] 
10:24:42.924 [main] DEBUG org.hibernate.orm.sql.ast.create - Registration of TableGroup [org.hibernate.sql.ast.tree.from.LazyTableGroup@1ec53ac2] with identifierForTableGroup [org.frcpm.models.Meeting.attendances.{element}.member] for NavigablePath [org.frcpm.models.Meeting.attendances.{element}.member] 
10:24:42.924 [main] DEBUG org.hibernate.orm.results.graph.AST - DomainResult Graph:
 \-CollectionDomainResult [org.frcpm.models.Meeting.attendances]

10:24:42.924 [main] DEBUG org.hibernate.orm.sql.ast.tree - SQL AST Tree:
    SelectStatement {
      FromClause {
        OneToManyTableGroup (a1 : org.frcpm.models.Meeting.attendances) {
          primaryTableReference : attendances as a1_0
          TableGroupJoins {
            left  join LazyTableGroup (m1 : org.frcpm.models.Meeting.attendances.{element}.meeting) {
            }
            left  join LazyTableGroup (m2 : org.frcpm.models.Meeting.attendances.{element}.member) {
            }
          }
        }
      }
    }

10:24:42.924 [main] DEBUG org.hibernate.orm.jdbc.mutation - Static SQL for collection: org.frcpm.models.Meeting.attendances
10:24:42.924 [main] DEBUG org.hibernate.orm.sql.ast.create - Created new SQL alias : pd1_0
10:24:42.924 [main] DEBUG org.hibernate.orm.sql.ast.create - Registration of TableGroup [CollectionTableGroup(org.frcpm.models.Task.postDependencies)] with identifierForTableGroup [org.frcpm.models.Task.postDependencies] for NavigablePath [org.frcpm.models.Task.postDependencies] 
10:24:42.924 [main] DEBUG org.hibernate.orm.sql.ast.create - Registration of TableGroup [org.hibernate.sql.ast.tree.from.LazyTableGroup@7b6f9d3c] with identifierForTableGroup [org.frcpm.models.Task.postDependencies.{element}] for NavigablePath [org.frcpm.models.Task.postDependencies.{element}] 
10:24:42.924 [main] DEBUG org.hibernate.orm.sql.ast.create - Created new SQL alias : pd1_1
10:24:42.924 [main] DEBUG org.hibernate.orm.sql.ast.create - Registration of TableGroup [org.hibernate.sql.ast.tree.from.LazyTableGroup@15358a2a] with identifierForTableGroup [org.frcpm.models.Task.postDependencies.{element}.project] for NavigablePath [org.frcpm.models.Task.postDependencies.{element}.project] 
10:24:42.924 [main] DEBUG org.hibernate.orm.sql.ast.create - Registration of TableGroup [org.hibernate.sql.ast.tree.from.LazyTableGroup@36c1b762] with identifierForTableGroup [org.frcpm.models.Task.postDependencies.{element}.subsystem] for NavigablePath [org.frcpm.models.Task.postDependencies.{element}.subsystem] 
10:24:42.924 [main] DEBUG org.hibernate.orm.results.graph.AST - DomainResult Graph:
 \-CollectionDomainResult [org.frcpm.models.Task.postDependencies]

10:24:42.924 [main] DEBUG org.hibernate.orm.sql.ast.tree - SQL AST Tree:
    SelectStatement {
      FromClause {
        CollectionTableGroup (pd1 : org.frcpm.models.Task.postDependencies) {
          primaryTableReference : task_dependencies as pd1_0
          TableGroupJoins {
             join LazyTableGroup (pd1 : org.frcpm.models.Task.postDependencies.{element}) {
              primaryTableReference : tasks as pd1_1
              TableGroupJoins {
                left  join LazyTableGroup (p1 : org.frcpm.models.Task.postDependencies.{element}.project) {
                }
                left  join LazyTableGroup (s1 : org.frcpm.models.Task.postDependencies.{element}.subsystem) {
                }
              }
            }
          }
        }
      }
    }

10:24:42.924 [main] DEBUG org.hibernate.orm.jdbc.mutation - Static SQL for collection: org.frcpm.models.Task.postDependencies
10:24:42.924 [main] DEBUG org.hibernate.orm.sql.ast.create - Created new SQL alias : t1_0
10:24:42.924 [main] DEBUG org.hibernate.orm.sql.ast.create - Registration of TableGroup [org.hibernate.sql.ast.tree.from.OneToManyTableGroup@81df223] with identifierForTableGroup [org.frcpm.models.Project.tasks] for NavigablePath [org.frcpm.models.Project.tasks] 
10:24:42.924 [main] DEBUG org.hibernate.orm.sql.ast.create - Registration of TableGroup [StandardTableGroup(org.frcpm.models.Project.tasks.{element})] with identifierForTableGroup [org.frcpm.models.Project.tasks.{element}] for NavigablePath [org.frcpm.models.Project.tasks.{element}] 
10:24:42.924 [main] DEBUG org.hibernate.orm.sql.ast.create - Registration of TableGroup [org.hibernate.sql.ast.tree.from.LazyTableGroup@272878c5] with identifierForTableGroup [org.frcpm.models.Project.tasks.{element}.project] for NavigablePath [org.frcpm.models.Project.tasks.{element}.project] 
10:24:42.924 [main] DEBUG org.hibernate.orm.sql.ast.create - Registration of TableGroup [org.hibernate.sql.ast.tree.from.LazyTableGroup@2fcda701] with identifierForTableGroup [org.frcpm.models.Project.tasks.{element}.subsystem] for NavigablePath [org.frcpm.models.Project.tasks.{element}.subsystem] 
10:24:42.924 [main] DEBUG org.hibernate.orm.results.graph.AST - DomainResult Graph:
 \-CollectionDomainResult [org.frcpm.models.Project.tasks]

10:24:42.924 [main] DEBUG org.hibernate.orm.sql.ast.tree - SQL AST Tree:
    SelectStatement {
      FromClause {
        OneToManyTableGroup (t1 : org.frcpm.models.Project.tasks) {
          primaryTableReference : tasks as t1_0
          TableGroupJoins {
            left  join LazyTableGroup (p1 : org.frcpm.models.Project.tasks.{element}.project) {
            }
            left  join LazyTableGroup (s1 : org.frcpm.models.Project.tasks.{element}.subsystem) {
            }
          }
        }
      }
    }

10:24:42.924 [main] DEBUG org.hibernate.orm.jdbc.mutation - Static SQL for collection: org.frcpm.models.Project.tasks
10:24:42.926 [main] DEBUG org.hibernate.type.spi.TypeConfiguration$Scope - Scoping TypeConfiguration [org.hibernate.type.spi.TypeConfiguration@6a9015a2] to SessionFactoryImplementor [org.hibernate.internal.SessionFactoryImpl@4e295aed]
10:24:42.927 [main] DEBUG org.hibernate.query.named.NamedObjectRepository - Checking 0 named HQL queries
10:24:42.927 [main] DEBUG org.hibernate.query.named.NamedObjectRepository - Checking 0 named SQL queries
10:24:42.927 [main] DEBUG org.hibernate.mapping.Table - No alter strings for table : attendances
10:24:42.927 [main] DEBUG org.hibernate.SQL - alter table if exists components alter column description set data type TEXT
10:24:42.927 [main] DEBUG org.hibernate.SQL - alter table if exists meetings alter column notes set data type TEXT
10:24:42.927 [main] DEBUG org.hibernate.SQL - alter table if exists milestones alter column description set data type TEXT
10:24:42.927 [main] DEBUG org.hibernate.SQL - alter table if exists projects alter column description set data type TEXT
10:24:42.928 [main] DEBUG org.hibernate.SQL - alter table if exists subsystems alter column description set data type TEXT
10:24:42.928 [main] DEBUG org.hibernate.SQL - alter table if exists subteams alter column specialties set data type TEXT
10:24:42.928 [main] DEBUG org.hibernate.mapping.Table - No alter strings for table : task_assignments
10:24:42.928 [main] DEBUG org.hibernate.mapping.Table - No alter strings for table : task_components
10:24:42.928 [main] DEBUG org.hibernate.mapping.Table - No alter strings for table : task_dependencies
10:24:42.928 [main] DEBUG org.hibernate.SQL - alter table if exists tasks alter column description set data type TEXT
10:24:42.928 [main] DEBUG org.hibernate.SQL - alter table if exists team_members alter column skills set data type TEXT
10:24:42.928 [main] DEBUG org.hibernate.SQL - alter table if exists attendances drop constraint if exists UKa8ydr6vrgbux3a27v7enb0y3x
10:24:42.928 [main] DEBUG org.hibernate.SQL - alter table if exists attendances add constraint UKa8ydr6vrgbux3a27v7enb0y3x unique (meeting_id, member_id)
10:24:42.929 [main] DEBUG org.hibernate.internal.SessionFactoryRegistry - Registering SessionFactory: bb5388fd-6ea5-4d57-b919-14184913fbf1 (<unnamed>)
10:24:42.929 [main] DEBUG org.hibernate.internal.SessionFactoryRegistry - Not binding SessionFactory to JNDI, no JNDI name configured
10:24:42.929 [main] DEBUG org.hibernate.internal.SessionFactoryImpl - Instantiated SessionFactory
10:24:42.929 [main] DEBUG org.hibernate.stat.internal.StatisticsInitiator - Statistics initialized [enabled=false]
10:24:42.929 [main] DEBUG org.hibernate.engine.transaction.internal.TransactionImpl - On TransactionImpl creation, JpaCompliance#isJpaTransactionComplianceEnabled == false
10:24:42.929 [main] DEBUG org.hibernate.engine.transaction.internal.TransactionImpl - begin
10:24:42.930 [main] DEBUG org.hibernate.engine.spi.ActionQueue - Executing identity-insert immediately
10:24:42.930 [main] DEBUG org.hibernate.SQL - insert into subteams (color_code,name,specialties,id) values (?,?,?,default)
10:24:42.930 [main] DEBUG org.hibernate.orm.results - Initializer list is empty
10:24:42.930 [main] DEBUG org.hibernate.orm.results.loading - Calling top-level assembler (0 / 1) : org.hibernate.sql.results.graph.basic.BasicResultAssembler@b3b1c18
10:24:42.930 [main] DEBUG org.hibernate.orm.results - Extracted JDBC value [0] - [111]
10:24:42.930 [main] DEBUG org.hibernate.id.IdentifierGeneratorHelper - Extracted generated values [org.frcpm.models.Subteam]: [Ljava.lang.Object;@759f7164
10:24:42.930 [main] DEBUG org.hibernate.event.internal.AbstractFlushingEventListener - Processing flush-time cascades
10:24:42.931 [main] DEBUG org.hibernate.event.internal.AbstractFlushingEventListener - Dirty checking collections
10:24:42.931 [main] DEBUG org.hibernate.engine.internal.Collections - Collection found: [org.frcpm.models.Subteam.members#111], was: [<unreferenced>] (initialized)
10:24:42.931 [main] DEBUG org.hibernate.engine.internal.Collections - Collection found: [org.frcpm.models.Subteam.subsystems#111], was: [<unreferenced>] (initialized)
10:24:42.931 [main] DEBUG org.hibernate.event.internal.AbstractFlushingEventListener - Flushed: 0 insertions, 0 updates, 0 deletions to 1 objects
10:24:42.931 [main] DEBUG org.hibernate.event.internal.AbstractFlushingEventListener - Flushed: 2 (re)creations, 0 updates, 0 removals to 2 collections
10:24:42.931 [main] DEBUG org.hibernate.internal.util.EntityPrinter - Listing entities:
10:24:42.931 [main] DEBUG org.hibernate.internal.util.EntityPrinter - org.frcpm.models.Subteam{specialties=Java, Programming, Controls, members=[], name=Test Subteam 1, colorCode=#FF0000, id=111, subsystems=[]}
10:24:42.931 [main] DEBUG org.hibernate.engine.transaction.internal.TransactionImpl - committing
10:24:42.931 [main] DEBUG org.hibernate.event.internal.AbstractFlushingEventListener - Processing flush-time cascades
10:24:42.931 [main] DEBUG org.hibernate.event.internal.AbstractFlushingEventListener - Dirty checking collections
10:24:42.931 [main] DEBUG org.hibernate.engine.internal.Collections - Collection found: [org.frcpm.models.Subteam.members#111], was: [org.frcpm.models.Subteam.members#111] (initialized)
10:24:42.931 [main] DEBUG org.hibernate.engine.internal.Collections - Collection found: [org.frcpm.models.Subteam.subsystems#111], was: [org.frcpm.models.Subteam.subsystems#111] (initialized)
10:24:42.931 [main] DEBUG org.hibernate.event.internal.AbstractFlushingEventListener - Flushed: 0 insertions, 0 updates, 0 deletions to 1 objects
10:24:42.931 [main] DEBUG org.hibernate.event.internal.AbstractFlushingEventListener - Flushed: 0 (re)creations, 0 updates, 0 removals to 2 collections
10:24:42.931 [main] DEBUG org.hibernate.internal.util.EntityPrinter - Listing entities:
10:24:42.931 [main] DEBUG org.hibernate.internal.util.EntityPrinter - org.frcpm.models.Subteam{specialties=Java, Programming, Controls, members=[], name=Test Subteam 1, colorCode=#FF0000, id=111, subsystems=[]}
10:24:42.931 [main] DEBUG org.hibernate.resource.jdbc.internal.LogicalConnectionManagedImpl - Initiating JDBC connection release from afterTransaction
10:24:42.931 [main] DEBUG org.hibernate.resource.jdbc.internal.LogicalConnectionManagedImpl - Initiating JDBC connection release from afterTransaction
10:24:42.931 [main] DEBUG org.hibernate.engine.transaction.internal.TransactionImpl - On TransactionImpl creation, JpaCompliance#isJpaTransactionComplianceEnabled == false
10:24:42.931 [main] DEBUG org.hibernate.engine.transaction.internal.TransactionImpl - begin
10:24:42.931 [main] DEBUG org.hibernate.engine.spi.ActionQueue - Executing identity-insert immediately
10:24:42.931 [main] DEBUG org.hibernate.SQL - insert into subteams (color_code,name,specialties,id) values (?,?,?,default)
10:24:42.931 [main] DEBUG org.hibernate.orm.results - Initializer list is empty
10:24:42.931 [main] DEBUG org.hibernate.orm.results.loading - Calling top-level assembler (0 / 1) : org.hibernate.sql.results.graph.basic.BasicResultAssembler@11613eb0
10:24:42.931 [main] DEBUG org.hibernate.orm.results - Extracted JDBC value [0] - [112]
10:24:42.931 [main] DEBUG org.hibernate.id.IdentifierGeneratorHelper - Extracted generated values [org.frcpm.models.Subteam]: [Ljava.lang.Object;@7ef5cae7
10:24:42.931 [main] DEBUG org.hibernate.event.internal.AbstractFlushingEventListener - Processing flush-time cascades
10:24:42.931 [main] DEBUG org.hibernate.event.internal.AbstractFlushingEventListener - Dirty checking collections
10:24:42.931 [main] DEBUG org.hibernate.engine.internal.Collections - Collection found: [org.frcpm.models.Subteam.members#112], was: [<unreferenced>] (initialized)
10:24:42.931 [main] DEBUG org.hibernate.engine.internal.Collections - Collection found: [org.frcpm.models.Subteam.subsystems#112], was: [<unreferenced>] (initialized)
10:24:42.931 [main] DEBUG org.hibernate.event.internal.AbstractFlushingEventListener - Flushed: 0 insertions, 0 updates, 0 deletions to 1 objects
10:24:42.931 [main] DEBUG org.hibernate.event.internal.AbstractFlushingEventListener - Flushed: 2 (re)creations, 0 updates, 0 removals to 2 collections
10:24:42.931 [main] DEBUG org.hibernate.internal.util.EntityPrinter - Listing entities:
10:24:42.931 [main] DEBUG org.hibernate.internal.util.EntityPrinter - org.frcpm.models.Subteam{specialties=CAD, Design, Fabrication, members=[], name=Test Subteam 2, colorCode=#00FF00, id=112, subsystems=[]}
10:24:42.931 [main] DEBUG org.hibernate.engine.transaction.internal.TransactionImpl - committing
10:24:42.931 [main] DEBUG org.hibernate.event.internal.AbstractFlushingEventListener - Processing flush-time cascades
10:24:42.931 [main] DEBUG org.hibernate.event.internal.AbstractFlushingEventListener - Dirty checking collections
10:24:42.931 [main] DEBUG org.hibernate.engine.internal.Collections - Collection found: [org.frcpm.models.Subteam.members#112], was: [org.frcpm.models.Subteam.members#112] (initialized)
10:24:42.931 [main] DEBUG org.hibernate.engine.internal.Collections - Collection found: [org.frcpm.models.Subteam.subsystems#112], was: [org.frcpm.models.Subteam.subsystems#112] (initialized)
10:24:42.931 [main] DEBUG org.hibernate.event.internal.AbstractFlushingEventListener - Flushed: 0 insertions, 0 updates, 0 deletions to 1 objects
10:24:42.931 [main] DEBUG org.hibernate.event.internal.AbstractFlushingEventListener - Flushed: 0 (re)creations, 0 updates, 0 removals to 2 collections
10:24:42.931 [main] DEBUG org.hibernate.internal.util.EntityPrinter - Listing entities:
10:24:42.931 [main] DEBUG org.hibernate.internal.util.EntityPrinter - org.frcpm.models.Subteam{specialties=CAD, Design, Fabrication, members=[], name=Test Subteam 2, colorCode=#00FF00, id=112, subsystems=[]}
10:24:42.931 [main] DEBUG org.hibernate.resource.jdbc.internal.LogicalConnectionManagedImpl - Initiating JDBC connection release from afterTransaction
10:24:42.931 [main] DEBUG org.hibernate.resource.jdbc.internal.LogicalConnectionManagedImpl - Initiating JDBC connection release from afterTransaction
10:24:42.932 [main] DEBUG org.hibernate.orm.sql.ast.create - Created new SQL alias : s1_0
10:24:42.932 [main] DEBUG org.hibernate.orm.sql.ast.create - Registration of TableGroup [StandardTableGroup(org.frcpm.models.Subteam(959699220165300))] with identifierForTableGroup [org.frcpm.models.Subteam] for NavigablePath [org.frcpm.models.Subteam] 
10:24:42.933 [main] DEBUG org.hibernate.orm.results.graph.AST - DomainResult Graph:
 \-EntityResultImpl [org.frcpm.models.Subteam(959699220165300)]
 |  +-BasicFetch [org.frcpm.models.Subteam(959699220165300).colorCode]
 |  +-DelayedCollectionFetch [org.frcpm.models.Subteam(959699220165300).members]
 |  +-BasicFetch [org.frcpm.models.Subteam(959699220165300).name]
 |  +-BasicFetch [org.frcpm.models.Subteam(959699220165300).specialties]
 |  \-DelayedCollectionFetch [org.frcpm.models.Subteam(959699220165300).subsystems]

10:24:42.933 [main] DEBUG org.hibernate.orm.sql.ast.tree - SQL AST Tree:
    SelectStatement {
      FromClause {
        StandardTableGroup (s1 : org.frcpm.models.Subteam(959699220165300)) {
          primaryTableReference : subteams as s1_0
        }
      }
    }

10:24:42.933 [main] DEBUG org.hibernate.orm.sql.exec - Skipping reading Query result cache data: cache-enabled = false, cache-mode = NORMAL
10:24:42.933 [main] DEBUG org.hibernate.orm.results - Initializer list:
	  org.frcpm.models.Subteam(959699220165300).members -> DelayedCollectionInitializer(org.frcpm.models.Subteam(959699220165300).members)@1462010032 (PluralAttribute(org.frcpm.models.Subteam.members))
	  org.frcpm.models.Subteam(959699220165300) -> EntityResultInitializer(org.frcpm.models.Subteam(959699220165300))@1182481270 (SingleTableEntityPersister(org.frcpm.models.Subteam))
	  org.frcpm.models.Subteam(959699220165300).subsystems -> DelayedCollectionInitializer(org.frcpm.models.Subteam(959699220165300).subsystems)@783340295 (PluralAttribute(org.frcpm.models.Subteam.subsystems))

10:24:42.933 [main] DEBUG org.hibernate.SQL - select s1_0.id,s1_0.color_code,s1_0.name,s1_0.specialties from subteams s1_0
10:24:42.933 [main] DEBUG org.hibernate.orm.results - Extracted JDBC value [0] - [1]
10:24:42.933 [main] DEBUG org.hibernate.orm.results.loading.entity - (EntityResultInitializer) Hydrated EntityKey (org.frcpm.models.Subteam(959699220165300)): 1
10:24:42.933 [main] DEBUG org.hibernate.orm.results.loading.org.hibernate.orm.results.loading.collection - (DelayedCollectionInitializer) Current row collection key : org.frcpm.models.Subteam(959699220165300).members#1
10:24:42.933 [main] DEBUG org.hibernate.orm.results.loading.org.hibernate.orm.results.loading.collection - (DelayedCollectionInitializer) Current row collection key : org.frcpm.models.Subteam(959699220165300).subsystems#1
10:24:42.933 [main] DEBUG org.hibernate.orm.results.loading.entity - (EntityResultInitializer) Created new entity instance [org.frcpm.models.Subteam(959699220165300)#1] : 1745841383
10:24:42.933 [main] DEBUG org.hibernate.orm.results - Extracted JDBC value [1] - [#FF5733]
10:24:42.933 [main] DEBUG org.hibernate.orm.results - Extracted JDBC value [2] - [Mechanical]
10:24:42.933 [main] DEBUG org.hibernate.orm.results - Extracted JDBC value [3] - [Design, CAD, Fabrication, Assembly]
10:24:42.933 [main] DEBUG org.hibernate.orm.results.loading.entity - (EntityResultInitializer) Done materializing entityInstance : org.frcpm.models.Subteam(959699220165300)#1
10:24:42.933 [main] DEBUG org.hibernate.orm.results.loading - Calling top-level assembler (0 / 1) : org.hibernate.sql.results.graph.entity.internal.EntityAssembler@22b63a81
10:24:42.933 [main] DEBUG org.hibernate.orm.results - Extracted JDBC value [0] - [2]
10:24:42.933 [main] DEBUG org.hibernate.orm.results.loading.entity - (EntityResultInitializer) Hydrated EntityKey (org.frcpm.models.Subteam(959699220165300)): 2
10:24:42.933 [main] DEBUG org.hibernate.orm.results.loading.org.hibernate.orm.results.loading.collection - (DelayedCollectionInitializer) Current row collection key : org.frcpm.models.Subteam(959699220165300).members#2
10:24:42.933 [main] DEBUG org.hibernate.orm.results.loading.org.hibernate.orm.results.loading.collection - (DelayedCollectionInitializer) Current row collection key : org.frcpm.models.Subteam(959699220165300).subsystems#2
10:24:42.933 [main] DEBUG org.hibernate.orm.results.loading.entity - (EntityResultInitializer) Created new entity instance [org.frcpm.models.Subteam(959699220165300)#2] : 835519076
10:24:42.933 [main] DEBUG org.hibernate.orm.results - Extracted JDBC value [1] - [#33A8FF]
10:24:42.933 [main] DEBUG org.hibernate.orm.results - Extracted JDBC value [2] - [Electrical]
10:24:42.933 [main] DEBUG org.hibernate.orm.results - Extracted JDBC value [3] - [Wiring, Electronics, Sensors, Power Systems]
10:24:42.933 [main] DEBUG org.hibernate.orm.results.loading.entity - (EntityResultInitializer) Done materializing entityInstance : org.frcpm.models.Subteam(959699220165300)#2
10:24:42.934 [main] DEBUG org.hibernate.orm.results.loading - Calling top-level assembler (0 / 1) : org.hibernate.sql.results.graph.entity.internal.EntityAssembler@22b63a81
10:24:42.934 [main] DEBUG org.hibernate.orm.results - Extracted JDBC value [0] - [3]
10:24:42.934 [main] DEBUG org.hibernate.orm.results.loading.entity - (EntityResultInitializer) Hydrated EntityKey (org.frcpm.models.Subteam(959699220165300)): 3
10:24:42.934 [main] DEBUG org.hibernate.orm.results.loading.org.hibernate.orm.results.loading.collection - (DelayedCollectionInitializer) Current row collection key : org.frcpm.models.Subteam(959699220165300).members#3
10:24:42.934 [main] DEBUG org.hibernate.orm.results.loading.org.hibernate.orm.results.loading.collection - (DelayedCollectionInitializer) Current row collection key : org.frcpm.models.Subteam(959699220165300).subsystems#3
10:24:42.934 [main] DEBUG org.hibernate.orm.results.loading.entity - (EntityResultInitializer) Created new entity instance [org.frcpm.models.Subteam(959699220165300)#3] : 723995868
10:24:42.934 [main] DEBUG org.hibernate.orm.results - Extracted JDBC value [1] - [#33FF57]
10:24:42.934 [main] DEBUG org.hibernate.orm.results - Extracted JDBC value [2] - [Programming]
10:24:42.934 [main] DEBUG org.hibernate.orm.results - Extracted JDBC value [3] - [Java, Vision, Control Systems, Autonomous]
10:24:42.934 [main] DEBUG org.hibernate.orm.results.loading.entity - (EntityResultInitializer) Done materializing entityInstance : org.frcpm.models.Subteam(959699220165300)#3
10:24:42.934 [main] DEBUG org.hibernate.orm.results.loading - Calling top-level assembler (0 / 1) : org.hibernate.sql.results.graph.entity.internal.EntityAssembler@22b63a81
10:24:42.934 [main] DEBUG org.hibernate.orm.results - Extracted JDBC value [0] - [4]
10:24:42.934 [main] DEBUG org.hibernate.orm.results.loading.entity - (EntityResultInitializer) Hydrated EntityKey (org.frcpm.models.Subteam(959699220165300)): 4
10:24:42.934 [main] DEBUG org.hibernate.orm.results.loading.org.hibernate.orm.results.loading.collection - (DelayedCollectionInitializer) Current row collection key : org.frcpm.models.Subteam(959699220165300).members#4
10:24:42.934 [main] DEBUG org.hibernate.orm.results.loading.org.hibernate.orm.results.loading.collection - (DelayedCollectionInitializer) Current row collection key : org.frcpm.models.Subteam(959699220165300).subsystems#4
10:24:42.934 [main] DEBUG org.hibernate.orm.results.loading.entity - (EntityResultInitializer) Created new entity instance [org.frcpm.models.Subteam(959699220165300)#4] : 167048758
10:24:42.934 [main] DEBUG org.hibernate.orm.results - Extracted JDBC value [1] - [#FF33A8]
10:24:42.934 [main] DEBUG org.hibernate.orm.results - Extracted JDBC value [2] - [Business]
10:24:42.934 [main] DEBUG org.hibernate.orm.results - Extracted JDBC value [3] - [Fundraising, Marketing, Outreach, Awards]
10:24:42.934 [main] DEBUG org.hibernate.orm.results.loading.entity - (EntityResultInitializer) Done materializing entityInstance : org.frcpm.models.Subteam(959699220165300)#4
10:24:42.934 [main] DEBUG org.hibernate.orm.results.loading - Calling top-level assembler (0 / 1) : org.hibernate.sql.results.graph.entity.internal.EntityAssembler@22b63a81
10:24:42.934 [main] DEBUG org.hibernate.orm.results - Extracted JDBC value [0] - [24]
10:24:42.934 [main] DEBUG org.hibernate.orm.results.loading.entity - (EntityResultInitializer) Hydrated EntityKey (org.frcpm.models.Subteam(959699220165300)): 24
10:24:42.934 [main] DEBUG org.hibernate.orm.results.loading.org.hibernate.orm.results.loading.collection - (DelayedCollectionInitializer) Current row collection key : org.frcpm.models.Subteam(959699220165300).members#24
10:24:42.934 [main] DEBUG org.hibernate.orm.results.loading.org.hibernate.orm.results.loading.collection - (DelayedCollectionInitializer) Current row collection key : org.frcpm.models.Subteam(959699220165300).subsystems#24
10:24:42.934 [main] DEBUG org.hibernate.orm.results.loading.entity - (EntityResultInitializer) Created new entity instance [org.frcpm.models.Subteam(959699220165300)#24] : 1625571658
10:24:42.934 [main] DEBUG org.hibernate.orm.results - Extracted JDBC value [1] - [#0000FF]
10:24:42.934 [main] DEBUG org.hibernate.orm.results - Extracted JDBC value [2] - [Test Count Subteam]
10:24:42.934 [main] DEBUG org.hibernate.orm.results - Extracted JDBC value [3] - [null]
10:24:42.934 [main] DEBUG org.hibernate.orm.results.loading.entity - (EntityResultInitializer) Done materializing entityInstance : org.frcpm.models.Subteam(959699220165300)#24
10:24:42.934 [main] DEBUG org.hibernate.orm.results.loading - Calling top-level assembler (0 / 1) : org.hibernate.sql.results.graph.entity.internal.EntityAssembler@22b63a81
10:24:42.934 [main] DEBUG org.hibernate.orm.results - Extracted JDBC value [0] - [27]
10:24:42.934 [main] DEBUG org.hibernate.orm.results.loading.entity - (EntityResultInitializer) Hydrated EntityKey (org.frcpm.models.Subteam(959699220165300)): 27
10:24:42.934 [main] DEBUG org.hibernate.orm.results.loading.org.hibernate.orm.results.loading.collection - (DelayedCollectionInitializer) Current row collection key : org.frcpm.models.Subteam(959699220165300).members#27
10:24:42.934 [main] DEBUG org.hibernate.orm.results.loading.org.hibernate.orm.results.loading.collection - (DelayedCollectionInitializer) Current row collection key : org.frcpm.models.Subteam(959699220165300).subsystems#27
10:24:42.934 [main] DEBUG org.hibernate.orm.results.loading.entity - (EntityResultInitializer) Created new entity instance [org.frcpm.models.Subteam(959699220165300)#27] : 2072993201
10:24:42.934 [main] DEBUG org.hibernate.orm.results - Extracted JDBC value [1] - [#0000FF]
10:24:42.934 [main] DEBUG org.hibernate.orm.results - Extracted JDBC value [2] - [Test Save Subteam]
10:24:42.934 [main] DEBUG org.hibernate.orm.results - Extracted JDBC value [3] - [Testing]
10:24:42.934 [main] DEBUG org.hibernate.orm.results.loading.entity - (EntityResultInitializer) Done materializing entityInstance : org.frcpm.models.Subteam(959699220165300)#27
10:24:42.934 [main] DEBUG org.hibernate.orm.results.loading - Calling top-level assembler (0 / 1) : org.hibernate.sql.results.graph.entity.internal.EntityAssembler@22b63a81
10:24:42.934 [main] DEBUG org.hibernate.orm.results - Extracted JDBC value [0] - [42]
10:24:42.934 [main] DEBUG org.hibernate.orm.results.loading.entity - (EntityResultInitializer) Hydrated EntityKey (org.frcpm.models.Subteam(959699220165300)): 42
10:24:42.934 [main] DEBUG org.hibernate.orm.results.loading.org.hibernate.orm.results.loading.collection - (DelayedCollectionInitializer) Current row collection key : org.frcpm.models.Subteam(959699220165300).members#42
10:24:42.934 [main] DEBUG org.hibernate.orm.results.loading.org.hibernate.orm.results.loading.collection - (DelayedCollectionInitializer) Current row collection key : org.frcpm.models.Subteam(959699220165300).subsystems#42
10:24:42.934 [main] DEBUG org.hibernate.orm.results.loading.entity - (EntityResultInitializer) Created new entity instance [org.frcpm.models.Subteam(959699220165300)#42] : 2089446365
10:24:42.934 [main] DEBUG org.hibernate.orm.results - Extracted JDBC value [1] - [#00FFFF]
10:24:42.934 [main] DEBUG org.hibernate.orm.results - Extracted JDBC value [2] - [Updated Subteam Name]
10:24:42.934 [main] DEBUG org.hibernate.orm.results - Extracted JDBC value [3] - [null]
10:24:42.934 [main] DEBUG org.hibernate.orm.results.loading.entity - (EntityResultInitializer) Done materializing entityInstance : org.frcpm.models.Subteam(959699220165300)#42
10:24:42.934 [main] DEBUG org.hibernate.orm.results.loading - Calling top-level assembler (0 / 1) : org.hibernate.sql.results.graph.entity.internal.EntityAssembler@22b63a81
10:24:42.934 [main] DEBUG org.hibernate.orm.results - Extracted JDBC value [0] - [67]
10:24:42.934 [main] DEBUG org.hibernate.orm.results.loading.entity - (EntityResultInitializer) Hydrated EntityKey (org.frcpm.models.Subteam(959699220165300)): 67
10:24:42.934 [main] DEBUG org.hibernate.orm.results.loading.org.hibernate.orm.results.loading.collection - (DelayedCollectionInitializer) Current row collection key : org.frcpm.models.Subteam(959699220165300).members#67
10:24:42.934 [main] DEBUG org.hibernate.orm.results.loading.org.hibernate.orm.results.loading.collection - (DelayedCollectionInitializer) Current row collection key : org.frcpm.models.Subteam(959699220165300).subsystems#67
10:24:42.934 [main] DEBUG org.hibernate.orm.results.loading.entity - (EntityResultInitializer) Created new entity instance [org.frcpm.models.Subteam(959699220165300)#67] : 494457262
10:24:42.934 [main] DEBUG org.hibernate.orm.results - Extracted JDBC value [1] - [#0000FF]
10:24:42.934 [main] DEBUG org.hibernate.orm.results - Extracted JDBC value [2] - [Test Create Service Subteam]
10:24:42.934 [main] DEBUG org.hibernate.orm.results - Extracted JDBC value [3] - [Testing, Quality Assurance]
10:24:42.934 [main] DEBUG org.hibernate.orm.results.loading.entity - (EntityResultInitializer) Done materializing entityInstance : org.frcpm.models.Subteam(959699220165300)#67
10:24:42.934 [main] DEBUG org.hibernate.orm.results.loading - Calling top-level assembler (0 / 1) : org.hibernate.sql.results.graph.entity.internal.EntityAssembler@22b63a81
10:24:42.934 [main] DEBUG org.hibernate.orm.results - Extracted JDBC value [0] - [70]
10:24:42.934 [main] DEBUG org.hibernate.orm.results.loading.entity - (EntityResultInitializer) Hydrated EntityKey (org.frcpm.models.Subteam(959699220165300)): 70
10:24:42.934 [main] DEBUG org.hibernate.orm.results.loading.org.hibernate.orm.results.loading.collection - (DelayedCollectionInitializer) Current row collection key : org.frcpm.models.Subteam(959699220165300).members#70
10:24:42.934 [main] DEBUG org.hibernate.orm.results.loading.org.hibernate.orm.results.loading.collection - (DelayedCollectionInitializer) Current row collection key : org.frcpm.models.Subteam(959699220165300).subsystems#70
10:24:42.934 [main] DEBUG org.hibernate.orm.results.loading.entity - (EntityResultInitializer) Created new entity instance [org.frcpm.models.Subteam(959699220165300)#70] : 1329590217
10:24:42.934 [main] DEBUG org.hibernate.orm.results - Extracted JDBC value [1] - [#00FFFF]
10:24:42.934 [main] DEBUG org.hibernate.orm.results - Extracted JDBC value [2] - [Test Color Update Subteam]
10:24:42.934 [main] DEBUG org.hibernate.orm.results - Extracted JDBC value [3] - [Specialties]
10:24:42.934 [main] DEBUG org.hibernate.orm.results.loading.entity - (EntityResultInitializer) Done materializing entityInstance : org.frcpm.models.Subteam(959699220165300)#70
10:24:42.934 [main] DEBUG org.hibernate.orm.results.loading - Calling top-level assembler (0 / 1) : org.hibernate.sql.results.graph.entity.internal.EntityAssembler@22b63a81
10:24:42.934 [main] DEBUG org.hibernate.orm.results - Extracted JDBC value [0] - [79]
10:24:42.934 [main] DEBUG org.hibernate.orm.results.loading.entity - (EntityResultInitializer) Hydrated EntityKey (org.frcpm.models.Subteam(959699220165300)): 79
10:24:42.934 [main] DEBUG org.hibernate.orm.results.loading.org.hibernate.orm.results.loading.collection - (DelayedCollectionInitializer) Current row collection key : org.frcpm.models.Subteam(959699220165300).members#79
10:24:42.934 [main] DEBUG org.hibernate.orm.results.loading.org.hibernate.orm.results.loading.collection - (DelayedCollectionInitializer) Current row collection key : org.frcpm.models.Subteam(959699220165300).subsystems#79
10:24:42.934 [main] DEBUG org.hibernate.orm.results.loading.entity - (EntityResultInitializer) Created new entity instance [org.frcpm.models.Subteam(959699220165300)#79] : 1020622391
10:24:42.934 [main] DEBUG org.hibernate.orm.results - Extracted JDBC value [1] - [#0000FF]
10:24:42.934 [main] DEBUG org.hibernate.orm.results - Extracted JDBC value [2] - [Test Update Subteam]
10:24:42.934 [main] DEBUG org.hibernate.orm.results - Extracted JDBC value [3] - [Updated Specialties]
10:24:42.934 [main] DEBUG org.hibernate.orm.results.loading.entity - (EntityResultInitializer) Done materializing entityInstance : org.frcpm.models.Subteam(959699220165300)#79
10:24:42.934 [main] DEBUG org.hibernate.orm.results.loading - Calling top-level assembler (0 / 1) : org.hibernate.sql.results.graph.entity.internal.EntityAssembler@22b63a81
10:24:42.934 [main] DEBUG org.hibernate.orm.results - Extracted JDBC value [0] - [87]
10:24:42.934 [main] DEBUG org.hibernate.orm.results.loading.entity - (EntityResultInitializer) Hydrated EntityKey (org.frcpm.models.Subteam(959699220165300)): 87
10:24:42.934 [main] DEBUG org.hibernate.orm.results.loading.org.hibernate.orm.results.loading.collection - (DelayedCollectionInitializer) Current row collection key : org.frcpm.models.Subteam(959699220165300).members#87
10:24:42.934 [main] DEBUG org.hibernate.orm.results.loading.org.hibernate.orm.results.loading.collection - (DelayedCollectionInitializer) Current row collection key : org.frcpm.models.Subteam(959699220165300).subsystems#87
10:24:42.934 [main] DEBUG org.hibernate.orm.results.loading.entity - (EntityResultInitializer) Created new entity instance [org.frcpm.models.Subteam(959699220165300)#87] : 402845702
10:24:42.934 [main] DEBUG org.hibernate.orm.results - Extracted JDBC value [1] - [#0000FF]
10:24:42.934 [main] DEBUG org.hibernate.orm.results - Extracted JDBC value [2] - [Duplicate Name Subteam]
10:24:42.934 [main] DEBUG org.hibernate.orm.results - Extracted JDBC value [3] - [Specialties]
10:24:42.934 [main] DEBUG org.hibernate.orm.results.loading.entity - (EntityResultInitializer) Done materializing entityInstance : org.frcpm.models.Subteam(959699220165300)#87
10:24:42.934 [main] DEBUG org.hibernate.orm.results.loading - Calling top-level assembler (0 / 1) : org.hibernate.sql.results.graph.entity.internal.EntityAssembler@22b63a81
10:24:42.934 [main] DEBUG org.hibernate.orm.results - Extracted JDBC value [0] - [111]
10:24:42.934 [main] DEBUG org.hibernate.orm.results.loading.entity - (EntityResultInitializer) Hydrated EntityKey (org.frcpm.models.Subteam(959699220165300)): 111
10:24:42.934 [main] DEBUG org.hibernate.orm.results.loading.org.hibernate.orm.results.loading.collection - (DelayedCollectionInitializer) Current row collection key : org.frcpm.models.Subteam(959699220165300).members#111
10:24:42.934 [main] DEBUG org.hibernate.orm.results.loading.org.hibernate.orm.results.loading.collection - (DelayedCollectionInitializer) Current row collection key : org.frcpm.models.Subteam(959699220165300).subsystems#111
10:24:42.934 [main] DEBUG org.hibernate.orm.results.loading.entity - (EntityResultInitializer) Created new entity instance [org.frcpm.models.Subteam(959699220165300)#111] : 1608539701
10:24:42.934 [main] DEBUG org.hibernate.orm.results - Extracted JDBC value [1] - [#FF0000]
10:24:42.934 [main] DEBUG org.hibernate.orm.results - Extracted JDBC value [2] - [Test Subteam 1]
10:24:42.934 [main] DEBUG org.hibernate.orm.results - Extracted JDBC value [3] - [Java, Programming, Controls]
10:24:42.934 [main] DEBUG org.hibernate.orm.results.loading.entity - (EntityResultInitializer) Done materializing entityInstance : org.frcpm.models.Subteam(959699220165300)#111
10:24:42.934 [main] DEBUG org.hibernate.orm.results.loading - Calling top-level assembler (0 / 1) : org.hibernate.sql.results.graph.entity.internal.EntityAssembler@22b63a81
10:24:42.934 [main] DEBUG org.hibernate.orm.results - Extracted JDBC value [0] - [112]
10:24:42.934 [main] DEBUG org.hibernate.orm.results.loading.entity - (EntityResultInitializer) Hydrated EntityKey (org.frcpm.models.Subteam(959699220165300)): 112
10:24:42.934 [main] DEBUG org.hibernate.orm.results.loading.org.hibernate.orm.results.loading.collection - (DelayedCollectionInitializer) Current row collection key : org.frcpm.models.Subteam(959699220165300).members#112
10:24:42.934 [main] DEBUG org.hibernate.orm.results.loading.org.hibernate.orm.results.loading.collection - (DelayedCollectionInitializer) Current row collection key : org.frcpm.models.Subteam(959699220165300).subsystems#112
10:24:42.934 [main] DEBUG org.hibernate.orm.results.loading.entity - (EntityResultInitializer) Created new entity instance [org.frcpm.models.Subteam(959699220165300)#112] : 1824949278
10:24:42.934 [main] DEBUG org.hibernate.orm.results - Extracted JDBC value [1] - [#00FF00]
10:24:42.934 [main] DEBUG org.hibernate.orm.results - Extracted JDBC value [2] - [Test Subteam 2]
10:24:42.934 [main] DEBUG org.hibernate.orm.results - Extracted JDBC value [3] - [CAD, Design, Fabrication]
10:24:42.934 [main] DEBUG org.hibernate.orm.results.loading.entity - (EntityResultInitializer) Done materializing entityInstance : org.frcpm.models.Subteam(959699220165300)#112
10:24:42.934 [main] DEBUG org.hibernate.orm.results.loading - Calling top-level assembler (0 / 1) : org.hibernate.sql.results.graph.entity.internal.EntityAssembler@22b63a81
10:24:42.935 [main] DEBUG org.hibernate.resource.jdbc.internal.LogicalConnectionManagedImpl - Initiating JDBC connection release from afterTransaction
10:24:42.935 [main] DEBUG org.hibernate.resource.jdbc.internal.LogicalConnectionManagedImpl - Initiating JDBC connection release from afterTransaction
10:24:42.935 [main] DEBUG org.hibernate.orm.sql.ast.create - Created new SQL alias : s1_0
10:24:42.935 [main] DEBUG org.hibernate.orm.sql.ast.create - Registration of TableGroup [StandardTableGroup(org.frcpm.models.Subteam(959699223439000))] with identifierForTableGroup [org.frcpm.models.Subteam] for NavigablePath [org.frcpm.models.Subteam] 
10:24:42.936 [main] DEBUG org.hibernate.orm.results.graph.AST - DomainResult Graph:
 \-EntityResultImpl [org.frcpm.models.Subteam(959699223439000)]
 |  +-BasicFetch [org.frcpm.models.Subteam(959699223439000).colorCode]
 |  +-DelayedCollectionFetch [org.frcpm.models.Subteam(959699223439000).members]
 |  +-BasicFetch [org.frcpm.models.Subteam(959699223439000).name]
 |  +-BasicFetch [org.frcpm.models.Subteam(959699223439000).specialties]
 |  \-DelayedCollectionFetch [org.frcpm.models.Subteam(959699223439000).subsystems]

10:24:42.936 [main] DEBUG org.hibernate.orm.sql.ast.tree - SQL AST Tree:
    SelectStatement {
      FromClause {
        StandardTableGroup (s1 : org.frcpm.models.Subteam(959699223439000)) {
          primaryTableReference : subteams as s1_0
        }
      }
    }

10:24:42.936 [main] DEBUG org.hibernate.orm.sql.exec - Skipping reading Query result cache data: cache-enabled = false, cache-mode = NORMAL
10:24:42.936 [main] DEBUG org.hibernate.orm.results - Initializer list:
	  org.frcpm.models.Subteam(959699223439000) -> EntityResultInitializer(org.frcpm.models.Subteam(959699223439000))@974356149 (SingleTableEntityPersister(org.frcpm.models.Subteam))
	  org.frcpm.models.Subteam(959699223439000).subsystems -> DelayedCollectionInitializer(org.frcpm.models.Subteam(959699223439000).subsystems)@1297057865 (PluralAttribute(org.frcpm.models.Subteam.subsystems))
	  org.frcpm.models.Subteam(959699223439000).members -> DelayedCollectionInitializer(org.frcpm.models.Subteam(959699223439000).members)@234518170 (PluralAttribute(org.frcpm.models.Subteam.members))

10:24:42.936 [main] DEBUG org.hibernate.SQL - select s1_0.id,s1_0.color_code,s1_0.name,s1_0.specialties from subteams s1_0
10:24:42.936 [main] DEBUG org.hibernate.orm.results - Extracted JDBC value [0] - [1]
10:24:42.936 [main] DEBUG org.hibernate.orm.results.loading.entity - (EntityResultInitializer) Hydrated EntityKey (org.frcpm.models.Subteam(959699223439000)): 1
10:24:42.936 [main] DEBUG org.hibernate.orm.results.loading.org.hibernate.orm.results.loading.collection - (DelayedCollectionInitializer) Current row collection key : org.frcpm.models.Subteam(959699223439000).members#1
10:24:42.936 [main] DEBUG org.hibernate.orm.results.loading.org.hibernate.orm.results.loading.collection - (DelayedCollectionInitializer) Current row collection key : org.frcpm.models.Subteam(959699223439000).subsystems#1
10:24:42.936 [main] DEBUG org.hibernate.orm.results.loading.entity - (EntityResultInitializer) Created new entity instance [org.frcpm.models.Subteam(959699223439000)#1] : 1790843896
10:24:42.936 [main] DEBUG org.hibernate.orm.results - Extracted JDBC value [1] - [#FF5733]
10:24:42.936 [main] DEBUG org.hibernate.orm.results - Extracted JDBC value [2] - [Mechanical]
10:24:42.936 [main] DEBUG org.hibernate.orm.results - Extracted JDBC value [3] - [Design, CAD, Fabrication, Assembly]
10:24:42.936 [main] DEBUG org.hibernate.orm.results.loading.entity - (EntityResultInitializer) Done materializing entityInstance : org.frcpm.models.Subteam(959699223439000)#1
10:24:42.936 [main] DEBUG org.hibernate.orm.results.loading - Calling top-level assembler (0 / 1) : org.hibernate.sql.results.graph.entity.internal.EntityAssembler@2c88adff
10:24:42.936 [main] DEBUG org.hibernate.orm.results - Extracted JDBC value [0] - [2]
10:24:42.936 [main] DEBUG org.hibernate.orm.results.loading.entity - (EntityResultInitializer) Hydrated EntityKey (org.frcpm.models.Subteam(959699223439000)): 2
10:24:42.936 [main] DEBUG org.hibernate.orm.results.loading.org.hibernate.orm.results.loading.collection - (DelayedCollectionInitializer) Current row collection key : org.frcpm.models.Subteam(959699223439000).members#2
10:24:42.936 [main] DEBUG org.hibernate.orm.results.loading.org.hibernate.orm.results.loading.collection - (DelayedCollectionInitializer) Current row collection key : org.frcpm.models.Subteam(959699223439000).subsystems#2
10:24:42.936 [main] DEBUG org.hibernate.orm.results.loading.entity - (EntityResultInitializer) Created new entity instance [org.frcpm.models.Subteam(959699223439000)#2] : 913506893
10:24:42.936 [main] DEBUG org.hibernate.orm.results - Extracted JDBC value [1] - [#33A8FF]
10:24:42.936 [main] DEBUG org.hibernate.orm.results - Extracted JDBC value [2] - [Electrical]
10:24:42.936 [main] DEBUG org.hibernate.orm.results - Extracted JDBC value [3] - [Wiring, Electronics, Sensors, Power Systems]
10:24:42.936 [main] DEBUG org.hibernate.orm.results.loading.entity - (EntityResultInitializer) Done materializing entityInstance : org.frcpm.models.Subteam(959699223439000)#2
10:24:42.936 [main] DEBUG org.hibernate.orm.results.loading - Calling top-level assembler (0 / 1) : org.hibernate.sql.results.graph.entity.internal.EntityAssembler@2c88adff
10:24:42.936 [main] DEBUG org.hibernate.orm.results - Extracted JDBC value [0] - [3]
10:24:42.937 [main] DEBUG org.hibernate.orm.results.loading.entity - (EntityResultInitializer) Hydrated EntityKey (org.frcpm.models.Subteam(959699223439000)): 3
10:24:42.937 [main] DEBUG org.hibernate.orm.results.loading.org.hibernate.orm.results.loading.collection - (DelayedCollectionInitializer) Current row collection key : org.frcpm.models.Subteam(959699223439000).members#3
10:24:42.937 [main] DEBUG org.hibernate.orm.results.loading.org.hibernate.orm.results.loading.collection - (DelayedCollectionInitializer) Current row collection key : org.frcpm.models.Subteam(959699223439000).subsystems#3
10:24:42.937 [main] DEBUG org.hibernate.orm.results.loading.entity - (EntityResultInitializer) Created new entity instance [org.frcpm.models.Subteam(959699223439000)#3] : 19049476
10:24:42.937 [main] DEBUG org.hibernate.orm.results - Extracted JDBC value [1] - [#33FF57]
10:24:42.937 [main] DEBUG org.hibernate.orm.results - Extracted JDBC value [2] - [Programming]
10:24:42.937 [main] DEBUG org.hibernate.orm.results - Extracted JDBC value [3] - [Java, Vision, Control Systems, Autonomous]
10:24:42.937 [main] DEBUG org.hibernate.orm.results.loading.entity - (EntityResultInitializer) Done materializing entityInstance : org.frcpm.models.Subteam(959699223439000)#3
10:24:42.937 [main] DEBUG org.hibernate.orm.results.loading - Calling top-level assembler (0 / 1) : org.hibernate.sql.results.graph.entity.internal.EntityAssembler@2c88adff
10:24:42.937 [main] DEBUG org.hibernate.orm.results - Extracted JDBC value [0] - [4]
10:24:42.937 [main] DEBUG org.hibernate.orm.results.loading.entity - (EntityResultInitializer) Hydrated EntityKey (org.frcpm.models.Subteam(959699223439000)): 4
10:24:42.937 [main] DEBUG org.hibernate.orm.results.loading.org.hibernate.orm.results.loading.collection - (DelayedCollectionInitializer) Current row collection key : org.frcpm.models.Subteam(959699223439000).members#4
10:24:42.937 [main] DEBUG org.hibernate.orm.results.loading.org.hibernate.orm.results.loading.collection - (DelayedCollectionInitializer) Current row collection key : org.frcpm.models.Subteam(959699223439000).subsystems#4
10:24:42.937 [main] DEBUG org.hibernate.orm.results.loading.entity - (EntityResultInitializer) Created new entity instance [org.frcpm.models.Subteam(959699223439000)#4] : 123566216
10:24:42.937 [main] DEBUG org.hibernate.orm.results - Extracted JDBC value [1] - [#FF33A8]
10:24:42.937 [main] DEBUG org.hibernate.orm.results - Extracted JDBC value [2] - [Business]
10:24:42.937 [main] DEBUG org.hibernate.orm.results - Extracted JDBC value [3] - [Fundraising, Marketing, Outreach, Awards]
10:24:42.937 [main] DEBUG org.hibernate.orm.results.loading.entity - (EntityResultInitializer) Done materializing entityInstance : org.frcpm.models.Subteam(959699223439000)#4
10:24:42.937 [main] DEBUG org.hibernate.orm.results.loading - Calling top-level assembler (0 / 1) : org.hibernate.sql.results.graph.entity.internal.EntityAssembler@2c88adff
10:24:42.937 [main] DEBUG org.hibernate.orm.results - Extracted JDBC value [0] - [24]
10:24:42.937 [main] DEBUG org.hibernate.orm.results.loading.entity - (EntityResultInitializer) Hydrated EntityKey (org.frcpm.models.Subteam(959699223439000)): 24
10:24:42.937 [main] DEBUG org.hibernate.orm.results.loading.org.hibernate.orm.results.loading.collection - (DelayedCollectionInitializer) Current row collection key : org.frcpm.models.Subteam(959699223439000).members#24
10:24:42.937 [main] DEBUG org.hibernate.orm.results.loading.org.hibernate.orm.results.loading.collection - (DelayedCollectionInitializer) Current row collection key : org.frcpm.models.Subteam(959699223439000).subsystems#24
10:24:42.937 [main] DEBUG org.hibernate.orm.results.loading.entity - (EntityResultInitializer) Created new entity instance [org.frcpm.models.Subteam(959699223439000)#24] : 2118893446
10:24:42.937 [main] DEBUG org.hibernate.orm.results - Extracted JDBC value [1] - [#0000FF]
10:24:42.937 [main] DEBUG org.hibernate.orm.results - Extracted JDBC value [2] - [Test Count Subteam]
10:24:42.937 [main] DEBUG org.hibernate.orm.results - Extracted JDBC value [3] - [null]
10:24:42.937 [main] DEBUG org.hibernate.orm.results.loading.entity - (EntityResultInitializer) Done materializing entityInstance : org.frcpm.models.Subteam(959699223439000)#24
10:24:42.937 [main] DEBUG org.hibernate.orm.results.loading - Calling top-level assembler (0 / 1) : org.hibernate.sql.results.graph.entity.internal.EntityAssembler@2c88adff
10:24:42.937 [main] DEBUG org.hibernate.orm.results - Extracted JDBC value [0] - [27]
10:24:42.937 [main] DEBUG org.hibernate.orm.results.loading.entity - (EntityResultInitializer) Hydrated EntityKey (org.frcpm.models.Subteam(959699223439000)): 27
10:24:42.937 [main] DEBUG org.hibernate.orm.results.loading.org.hibernate.orm.results.loading.collection - (DelayedCollectionInitializer) Current row collection key : org.frcpm.models.Subteam(959699223439000).members#27
10:24:42.937 [main] DEBUG org.hibernate.orm.results.loading.org.hibernate.orm.results.loading.collection - (DelayedCollectionInitializer) Current row collection key : org.frcpm.models.Subteam(959699223439000).subsystems#27
10:24:42.937 [main] DEBUG org.hibernate.orm.results.loading.entity - (EntityResultInitializer) Created new entity instance [org.frcpm.models.Subteam(959699223439000)#27] : 1779845192
10:24:42.937 [main] DEBUG org.hibernate.orm.results - Extracted JDBC value [1] - [#0000FF]
10:24:42.937 [main] DEBUG org.hibernate.orm.results - Extracted JDBC value [2] - [Test Save Subteam]
10:24:42.937 [main] DEBUG org.hibernate.orm.results - Extracted JDBC value [3] - [Testing]
10:24:42.937 [main] DEBUG org.hibernate.orm.results.loading.entity - (EntityResultInitializer) Done materializing entityInstance : org.frcpm.models.Subteam(959699223439000)#27
10:24:42.937 [main] DEBUG org.hibernate.orm.results.loading - Calling top-level assembler (0 / 1) : org.hibernate.sql.results.graph.entity.internal.EntityAssembler@2c88adff
10:24:42.937 [main] DEBUG org.hibernate.orm.results - Extracted JDBC value [0] - [42]
10:24:42.937 [main] DEBUG org.hibernate.orm.results.loading.entity - (EntityResultInitializer) Hydrated EntityKey (org.frcpm.models.Subteam(959699223439000)): 42
10:24:42.937 [main] DEBUG org.hibernate.orm.results.loading.org.hibernate.orm.results.loading.collection - (DelayedCollectionInitializer) Current row collection key : org.frcpm.models.Subteam(959699223439000).members#42
10:24:42.937 [main] DEBUG org.hibernate.orm.results.loading.org.hibernate.orm.results.loading.collection - (DelayedCollectionInitializer) Current row collection key : org.frcpm.models.Subteam(959699223439000).subsystems#42
10:24:42.937 [main] DEBUG org.hibernate.orm.results.loading.entity - (EntityResultInitializer) Created new entity instance [org.frcpm.models.Subteam(959699223439000)#42] : 287982027
10:24:42.937 [main] DEBUG org.hibernate.orm.results - Extracted JDBC value [1] - [#00FFFF]
10:24:42.937 [main] DEBUG org.hibernate.orm.results - Extracted JDBC value [2] - [Updated Subteam Name]
10:24:42.937 [main] DEBUG org.hibernate.orm.results - Extracted JDBC value [3] - [null]
10:24:42.937 [main] DEBUG org.hibernate.orm.results.loading.entity - (EntityResultInitializer) Done materializing entityInstance : org.frcpm.models.Subteam(959699223439000)#42
10:24:42.937 [main] DEBUG org.hibernate.orm.results.loading - Calling top-level assembler (0 / 1) : org.hibernate.sql.results.graph.entity.internal.EntityAssembler@2c88adff
10:24:42.937 [main] DEBUG org.hibernate.orm.results - Extracted JDBC value [0] - [67]
10:24:42.937 [main] DEBUG org.hibernate.orm.results.loading.entity - (EntityResultInitializer) Hydrated EntityKey (org.frcpm.models.Subteam(959699223439000)): 67
10:24:42.937 [main] DEBUG org.hibernate.orm.results.loading.org.hibernate.orm.results.loading.collection - (DelayedCollectionInitializer) Current row collection key : org.frcpm.models.Subteam(959699223439000).members#67
10:24:42.937 [main] DEBUG org.hibernate.orm.results.loading.org.hibernate.orm.results.loading.collection - (DelayedCollectionInitializer) Current row collection key : org.frcpm.models.Subteam(959699223439000).subsystems#67
10:24:42.937 [main] DEBUG org.hibernate.orm.results.loading.entity - (EntityResultInitializer) Created new entity instance [org.frcpm.models.Subteam(959699223439000)#67] : 897625903
10:24:42.937 [main] DEBUG org.hibernate.orm.results - Extracted JDBC value [1] - [#0000FF]
10:24:42.937 [main] DEBUG org.hibernate.orm.results - Extracted JDBC value [2] - [Test Create Service Subteam]
10:24:42.937 [main] DEBUG org.hibernate.orm.results - Extracted JDBC value [3] - [Testing, Quality Assurance]
10:24:42.937 [main] DEBUG org.hibernate.orm.results.loading.entity - (EntityResultInitializer) Done materializing entityInstance : org.frcpm.models.Subteam(959699223439000)#67
10:24:42.937 [main] DEBUG org.hibernate.orm.results.loading - Calling top-level assembler (0 / 1) : org.hibernate.sql.results.graph.entity.internal.EntityAssembler@2c88adff
10:24:42.937 [main] DEBUG org.hibernate.orm.results - Extracted JDBC value [0] - [70]
10:24:42.938 [main] DEBUG org.hibernate.orm.results.loading.entity - (EntityResultInitializer) Hydrated EntityKey (org.frcpm.models.Subteam(959699223439000)): 70
10:24:42.938 [main] DEBUG org.hibernate.orm.results.loading.org.hibernate.orm.results.loading.collection - (DelayedCollectionInitializer) Current row collection key : org.frcpm.models.Subteam(959699223439000).members#70
10:24:42.938 [main] DEBUG org.hibernate.orm.results.loading.org.hibernate.orm.results.loading.collection - (DelayedCollectionInitializer) Current row collection key : org.frcpm.models.Subteam(959699223439000).subsystems#70
10:24:42.938 [main] DEBUG org.hibernate.orm.results.loading.entity - (EntityResultInitializer) Created new entity instance [org.frcpm.models.Subteam(959699223439000)#70] : 750755757
10:24:42.938 [main] DEBUG org.hibernate.orm.results - Extracted JDBC value [1] - [#00FFFF]
10:24:42.938 [main] DEBUG org.hibernate.orm.results - Extracted JDBC value [2] - [Test Color Update Subteam]
10:24:42.938 [main] DEBUG org.hibernate.orm.results - Extracted JDBC value [3] - [Specialties]
10:24:42.938 [main] DEBUG org.hibernate.orm.results.loading.entity - (EntityResultInitializer) Done materializing entityInstance : org.frcpm.models.Subteam(959699223439000)#70
10:24:42.938 [main] DEBUG org.hibernate.orm.results.loading - Calling top-level assembler (0 / 1) : org.hibernate.sql.results.graph.entity.internal.EntityAssembler@2c88adff
10:24:42.938 [main] DEBUG org.hibernate.orm.results - Extracted JDBC value [0] - [79]
10:24:42.938 [main] DEBUG org.hibernate.orm.results.loading.entity - (EntityResultInitializer) Hydrated EntityKey (org.frcpm.models.Subteam(959699223439000)): 79
10:24:42.938 [main] DEBUG org.hibernate.orm.results.loading.org.hibernate.orm.results.loading.collection - (DelayedCollectionInitializer) Current row collection key : org.frcpm.models.Subteam(959699223439000).members#79
10:24:42.938 [main] DEBUG org.hibernate.orm.results.loading.org.hibernate.orm.results.loading.collection - (DelayedCollectionInitializer) Current row collection key : org.frcpm.models.Subteam(959699223439000).subsystems#79
10:24:42.938 [main] DEBUG org.hibernate.orm.results.loading.entity - (EntityResultInitializer) Created new entity instance [org.frcpm.models.Subteam(959699223439000)#79] : 1961663836
10:24:42.938 [main] DEBUG org.hibernate.orm.results - Extracted JDBC value [1] - [#0000FF]
10:24:42.938 [main] DEBUG org.hibernate.orm.results - Extracted JDBC value [2] - [Test Update Subteam]
10:24:42.938 [main] DEBUG org.hibernate.orm.results - Extracted JDBC value [3] - [Updated Specialties]
10:24:42.938 [main] DEBUG org.hibernate.orm.results.loading.entity - (EntityResultInitializer) Done materializing entityInstance : org.frcpm.models.Subteam(959699223439000)#79
10:24:42.938 [main] DEBUG org.hibernate.orm.results.loading - Calling top-level assembler (0 / 1) : org.hibernate.sql.results.graph.entity.internal.EntityAssembler@2c88adff
10:24:42.938 [main] DEBUG org.hibernate.orm.results - Extracted JDBC value [0] - [87]
10:24:42.938 [main] DEBUG org.hibernate.orm.results.loading.entity - (EntityResultInitializer) Hydrated EntityKey (org.frcpm.models.Subteam(959699223439000)): 87
10:24:42.938 [main] DEBUG org.hibernate.orm.results.loading.org.hibernate.orm.results.loading.collection - (DelayedCollectionInitializer) Current row collection key : org.frcpm.models.Subteam(959699223439000).members#87
10:24:42.938 [main] DEBUG org.hibernate.orm.results.loading.org.hibernate.orm.results.loading.collection - (DelayedCollectionInitializer) Current row collection key : org.frcpm.models.Subteam(959699223439000).subsystems#87
10:24:42.938 [main] DEBUG org.hibernate.orm.results.loading.entity - (EntityResultInitializer) Created new entity instance [org.frcpm.models.Subteam(959699223439000)#87] : 387137353
10:24:42.938 [main] DEBUG org.hibernate.orm.results - Extracted JDBC value [1] - [#0000FF]
10:24:42.938 [main] DEBUG org.hibernate.orm.results - Extracted JDBC value [2] - [Duplicate Name Subteam]
10:24:42.938 [main] DEBUG org.hibernate.orm.results - Extracted JDBC value [3] - [Specialties]
10:24:42.938 [main] DEBUG org.hibernate.orm.results.loading.entity - (EntityResultInitializer) Done materializing entityInstance : org.frcpm.models.Subteam(959699223439000)#87
10:24:42.938 [main] DEBUG org.hibernate.orm.results.loading - Calling top-level assembler (0 / 1) : org.hibernate.sql.results.graph.entity.internal.EntityAssembler@2c88adff
10:24:42.938 [main] DEBUG org.hibernate.orm.results - Extracted JDBC value [0] - [111]
10:24:42.938 [main] DEBUG org.hibernate.orm.results.loading.entity - (EntityResultInitializer) Hydrated EntityKey (org.frcpm.models.Subteam(959699223439000)): 111
10:24:42.938 [main] DEBUG org.hibernate.orm.results.loading.org.hibernate.orm.results.loading.collection - (DelayedCollectionInitializer) Current row collection key : org.frcpm.models.Subteam(959699223439000).members#111
10:24:42.938 [main] DEBUG org.hibernate.orm.results.loading.org.hibernate.orm.results.loading.collection - (DelayedCollectionInitializer) Current row collection key : org.frcpm.models.Subteam(959699223439000).subsystems#111
10:24:42.938 [main] DEBUG org.hibernate.orm.results.loading.entity - (EntityResultInitializer) Created new entity instance [org.frcpm.models.Subteam(959699223439000)#111] : 1637718632
10:24:42.938 [main] DEBUG org.hibernate.orm.results - Extracted JDBC value [1] - [#FF0000]
10:24:42.938 [main] DEBUG org.hibernate.orm.results - Extracted JDBC value [2] - [Test Subteam 1]
10:24:42.938 [main] DEBUG org.hibernate.orm.results - Extracted JDBC value [3] - [Java, Programming, Controls]
10:24:42.938 [main] DEBUG org.hibernate.orm.results.loading.entity - (EntityResultInitializer) Done materializing entityInstance : org.frcpm.models.Subteam(959699223439000)#111
10:24:42.938 [main] DEBUG org.hibernate.orm.results.loading - Calling top-level assembler (0 / 1) : org.hibernate.sql.results.graph.entity.internal.EntityAssembler@2c88adff
10:24:42.938 [main] DEBUG org.hibernate.orm.results - Extracted JDBC value [0] - [112]
10:24:42.938 [main] DEBUG org.hibernate.orm.results.loading.entity - (EntityResultInitializer) Hydrated EntityKey (org.frcpm.models.Subteam(959699223439000)): 112
10:24:42.938 [main] DEBUG org.hibernate.orm.results.loading.org.hibernate.orm.results.loading.collection - (DelayedCollectionInitializer) Current row collection key : org.frcpm.models.Subteam(959699223439000).members#112
10:24:42.938 [main] DEBUG org.hibernate.orm.results.loading.org.hibernate.orm.results.loading.collection - (DelayedCollectionInitializer) Current row collection key : org.frcpm.models.Subteam(959699223439000).subsystems#112
10:24:42.938 [main] DEBUG org.hibernate.orm.results.loading.entity - (EntityResultInitializer) Created new entity instance [org.frcpm.models.Subteam(959699223439000)#112] : 1206467295
10:24:42.938 [main] DEBUG org.hibernate.orm.results - Extracted JDBC value [1] - [#00FF00]
10:24:42.938 [main] DEBUG org.hibernate.orm.results - Extracted JDBC value [2] - [Test Subteam 2]
10:24:42.938 [main] DEBUG org.hibernate.orm.results - Extracted JDBC value [3] - [CAD, Design, Fabrication]
10:24:42.938 [main] DEBUG org.hibernate.orm.results.loading.entity - (EntityResultInitializer) Done materializing entityInstance : org.frcpm.models.Subteam(959699223439000)#112
10:24:42.938 [main] DEBUG org.hibernate.orm.results.loading - Calling top-level assembler (0 / 1) : org.hibernate.sql.results.graph.entity.internal.EntityAssembler@2c88adff
10:24:42.938 [main] DEBUG org.hibernate.resource.jdbc.internal.LogicalConnectionManagedImpl - Initiating JDBC connection release from afterTransaction
10:24:42.938 [main] DEBUG org.hibernate.resource.jdbc.internal.LogicalConnectionManagedImpl - Initiating JDBC connection release from afterTransaction
10:24:42.938 [main] DEBUG org.hibernate.engine.transaction.internal.TransactionImpl - On TransactionImpl creation, JpaCompliance#isJpaTransactionComplianceEnabled == false
10:24:42.938 [main] DEBUG org.hibernate.engine.transaction.internal.TransactionImpl - begin
10:24:42.939 [main] DEBUG org.hibernate.orm.sql.ast.create - Created new SQL alias : s1_0
10:24:42.939 [main] DEBUG org.hibernate.orm.sql.ast.create - Registration of TableGroup [StandardTableGroup(org.frcpm.models.Subteam)] with identifierForTableGroup [org.frcpm.models.Subteam] for NavigablePath [org.frcpm.models.Subteam] 
10:24:42.939 [main] DEBUG org.hibernate.orm.sql.ast.create - Created new SQL alias : m1_0
10:24:42.939 [main] DEBUG org.hibernate.orm.sql.ast.create - Registration of TableGroup [org.hibernate.sql.ast.tree.from.OneToManyTableGroup@629dc31] with identifierForTableGroup [org.frcpm.models.Subteam.members] for NavigablePath [org.frcpm.models.Subteam.members] 
10:24:42.939 [main] DEBUG org.hibernate.orm.sql.ast.create - Registration of TableGroup [StandardTableGroup(org.frcpm.models.Subteam.members.{element})] with identifierForTableGroup [org.frcpm.models.Subteam.members.{element}] for NavigablePath [org.frcpm.models.Subteam.members.{element}] 
10:24:42.940 [main] DEBUG org.hibernate.orm.results.graph.AST - DomainResult Graph:
 \-EntityResultImpl [org.frcpm.models.Subteam]
 |  +-BasicFetch [org.frcpm.models.Subteam.colorCode]
 |  +-EagerCollectionFetch [org.frcpm.models.Subteam.members]
 |  |  \-EntityFetchJoinedImpl [org.frcpm.models.Subteam.members.{element}]
 |  +-BasicFetch [org.frcpm.models.Subteam.name]
 |  +-BasicFetch [org.frcpm.models.Subteam.specialties]
 |  \-DelayedCollectionFetch [org.frcpm.models.Subteam.subsystems]

10:24:42.940 [main] DEBUG org.hibernate.orm.sql.ast.tree - SQL AST Tree:
    SelectStatement {
      FromClause {
        StandardTableGroup (s1 : org.frcpm.models.Subteam) {
          primaryTableReference : subteams as s1_0
          TableGroupJoins {
            left  join OneToManyTableGroup (m1 : org.frcpm.models.Subteam.members) {
              primaryTableReference : team_members as m1_0
            }
          }
        }
      }
    }

10:24:42.940 [main] DEBUG org.hibernate.orm.sql.exec - Skipping reading Query result cache data: cache-enabled = false, cache-mode = IGNORE
10:24:42.940 [main] DEBUG org.hibernate.orm.results - Initializer list:
	  org.frcpm.models.Subteam.members.{element}.assignedTasks -> DelayedCollectionInitializer(org.frcpm.models.Subteam.members.{element}.assignedTasks)@387520604 (PluralAttribute(org.frcpm.models.TeamMember.assignedTasks))
	  org.frcpm.models.Subteam.members.{element} -> EntityJoinedFetchInitializer(org.frcpm.models.Subteam.members.{element})@118563849 (EntityCollectionPart(org.frcpm.models.Subteam.members#{element})@1334950030)
	  org.frcpm.models.Subteam.members -> BagInitializer(org.frcpm.models.Subteam.members)@105861116 (PluralAttribute(org.frcpm.models.Subteam.members))
	  org.frcpm.models.Subteam.members.{element}.attendances -> SelectEagerCollectionInitializer(org.frcpm.models.Subteam.members.{element}.attendances)@1498115217 (PluralAttribute(org.frcpm.models.TeamMember.attendances))
	  org.frcpm.models.Subteam.subsystems -> DelayedCollectionInitializer(org.frcpm.models.Subteam.subsystems)@1475619549 (PluralAttribute(org.frcpm.models.Subteam.subsystems))
	  org.frcpm.models.Subteam -> EntityResultInitializer(org.frcpm.models.Subteam)@358858085 (SingleTableEntityPersister(org.frcpm.models.Subteam))

10:24:42.940 [main] DEBUG org.hibernate.SQL - select s1_0.id,s1_0.color_code,s1_0.name,s1_0.specialties,m1_0.subteam_id,m1_0.id,m1_0.email,m1_0.first_name,m1_0.last_name,m1_0.is_leader,m1_0.phone,m1_0.skills,m1_0.username from subteams s1_0 left join team_members m1_0 on s1_0.id=m1_0.subteam_id where s1_0.id=?
10:24:42.941 [main] DEBUG org.hibernate.orm.results.loading.entity - (EntityResultInitializer) Hydrated EntityKey (org.frcpm.models.Subteam): 111
10:24:42.941 [main] DEBUG org.hibernate.orm.results.loading.org.hibernate.orm.results.loading.collection - (BagInitializer) Current row collection key : org.frcpm.models.Subteam.members#111
10:24:42.941 [main] DEBUG org.hibernate.orm.results - Extracted JDBC value [4] - [null]
10:24:42.941 [main] DEBUG org.hibernate.orm.results - Extracted JDBC value [5] - [null]
10:24:42.941 [main] DEBUG org.hibernate.orm.results.loading.entity - (EntityJoinedFetchInitializer) EntityKey (org.frcpm.models.Subteam.members.{element}) is null
10:24:42.941 [main] DEBUG org.hibernate.orm.results.loading.org.hibernate.orm.results.loading.collection - (DelayedCollectionInitializer) Current row collection key : org.frcpm.models.Subteam.subsystems#111
10:24:42.941 [main] DEBUG org.hibernate.orm.results.loading.entity - (EntityResultInitializer) Created new entity instance [org.frcpm.models.Subteam#111] : 500599717
10:24:42.941 [main] DEBUG org.hibernate.orm.results.loading.org.hibernate.orm.results.loading.collection - (BagInitializer) Created new collection wrapper [org.frcpm.models.Subteam.members#111] : org.hibernate.collection.spi.PersistentBag@366380527
10:24:42.941 [main] DEBUG org.hibernate.orm.results.loading.org.hibernate.orm.results.loading.collection - (BagInitializer) Responsible for loading collection [org.frcpm.models.Subteam.members#111] : org.hibernate.collection.spi.PersistentBag@366380527
10:24:42.941 [main] DEBUG org.hibernate.orm.results - Extracted JDBC value [1] - [#FF0000]
10:24:42.941 [main] DEBUG org.hibernate.orm.results - Extracted JDBC value [2] - [Test Subteam 1]
10:24:42.941 [main] DEBUG org.hibernate.orm.results - Extracted JDBC value [3] - [Java, Programming, Controls]
10:24:42.941 [main] DEBUG org.hibernate.orm.results.loading.entity - (EntityResultInitializer) Done materializing entityInstance : org.frcpm.models.Subteam#111
10:24:42.941 [main] DEBUG org.hibernate.orm.results.loading - Calling top-level assembler (0 / 1) : org.hibernate.sql.results.graph.entity.internal.EntityAssembler@7925deee
10:24:42.941 [main] DEBUG org.hibernate.sql.results.internal.ResultsHelper - Collection fully initialized: [org.frcpm.models.Subteam.members#111]
10:24:42.941 [main] DEBUG org.hibernate.engine.transaction.internal.TransactionImpl - committing
10:24:42.941 [main] DEBUG org.hibernate.event.internal.AbstractFlushingEventListener - Processing flush-time cascades
10:24:42.941 [main] DEBUG org.hibernate.event.internal.AbstractFlushingEventListener - Dirty checking collections
10:24:42.941 [main] DEBUG org.hibernate.engine.internal.Collections - Collection dereferenced: [org.frcpm.models.Subteam.members#111]
10:24:42.941 [main] DEBUG org.hibernate.engine.internal.Collections - Collection dereferenced: [org.frcpm.models.Subteam.subsystems#111]
10:24:42.941 [main] DEBUG org.hibernate.event.internal.AbstractFlushingEventListener - Flushed: 0 insertions, 0 updates, 1 deletions to 1 objects
10:24:42.941 [main] DEBUG org.hibernate.event.internal.AbstractFlushingEventListener - Flushed: 0 (re)creations, 0 updates, 2 removals to 2 collections
10:24:42.941 [main] DEBUG org.hibernate.internal.util.EntityPrinter - Listing entities:
10:24:42.941 [main] DEBUG org.hibernate.internal.util.EntityPrinter - org.frcpm.models.Subteam{specialties=Java, Programming, Controls, members=[], name=Test Subteam 1, colorCode=#FF0000, id=111, subsystems=<uninitialized>}
10:24:42.942 [main] DEBUG org.hibernate.SQL - delete from subteams where id=?
10:24:42.942 [main] DEBUG org.hibernate.orm.jdbc.batch - PreparedStatementDetails did not contain PreparedStatement on #releaseStatements : delete from subteams where id=?
10:24:42.942 [main] DEBUG org.hibernate.orm.jdbc.batch - PreparedStatementDetails did not contain PreparedStatement on #releaseStatements : delete from subteams where id=?
10:24:42.942 [main] DEBUG org.hibernate.resource.jdbc.internal.LogicalConnectionManagedImpl - Initiating JDBC connection release from afterTransaction
10:24:42.942 [main] DEBUG org.hibernate.orm.jdbc.batch - PreparedStatementDetails did not contain PreparedStatement on #releaseStatements : delete from subteams where id=?
10:24:42.942 [main] DEBUG org.hibernate.orm.jdbc.batch - PreparedStatementDetails did not contain PreparedStatement on #releaseStatements : delete from subteams where id=?
10:24:42.942 [main] DEBUG org.hibernate.resource.jdbc.internal.LogicalConnectionManagedImpl - Initiating JDBC connection release from afterTransaction
10:24:42.942 [main] DEBUG org.hibernate.engine.jdbc.internal.JdbcCoordinatorImpl - HHH000420: Closing un-released batch
10:24:42.942 [main] DEBUG org.hibernate.orm.jdbc.batch - PreparedStatementDetails did not contain PreparedStatement on #releaseStatements : delete from subteams where id=?
10:24:42.942 [main] DEBUG org.hibernate.orm.jdbc.batch - PreparedStatementDetails did not contain PreparedStatement on #releaseStatements : delete from subteams where id=?
10:24:42.942 [main] DEBUG org.hibernate.engine.transaction.internal.TransactionImpl - On TransactionImpl creation, JpaCompliance#isJpaTransactionComplianceEnabled == false
10:24:42.942 [main] DEBUG org.hibernate.engine.transaction.internal.TransactionImpl - begin
10:24:42.942 [main] DEBUG org.hibernate.orm.sql.exec - Skipping reading Query result cache data: cache-enabled = false, cache-mode = IGNORE
10:24:42.942 [main] DEBUG org.hibernate.orm.results - Initializer list:
	  org.frcpm.models.Subteam.members.{element}.assignedTasks -> DelayedCollectionInitializer(org.frcpm.models.Subteam.members.{element}.assignedTasks)@1910503374 (PluralAttribute(org.frcpm.models.TeamMember.assignedTasks))
	  org.frcpm.models.Subteam.members.{element} -> EntityJoinedFetchInitializer(org.frcpm.models.Subteam.members.{element})@448315758 (EntityCollectionPart(org.frcpm.models.Subteam.members#{element})@1334950030)
	  org.frcpm.models.Subteam.members -> BagInitializer(org.frcpm.models.Subteam.members)@1304276601 (PluralAttribute(org.frcpm.models.Subteam.members))
	  org.frcpm.models.Subteam.members.{element}.attendances -> SelectEagerCollectionInitializer(org.frcpm.models.Subteam.members.{element}.attendances)@580642699 (PluralAttribute(org.frcpm.models.TeamMember.attendances))
	  org.frcpm.models.Subteam.subsystems -> DelayedCollectionInitializer(org.frcpm.models.Subteam.subsystems)@745805201 (PluralAttribute(org.frcpm.models.Subteam.subsystems))
	  org.frcpm.models.Subteam -> EntityResultInitializer(org.frcpm.models.Subteam)@1889211072 (SingleTableEntityPersister(org.frcpm.models.Subteam))

10:24:42.942 [main] DEBUG org.hibernate.SQL - select s1_0.id,s1_0.color_code,s1_0.name,s1_0.specialties,m1_0.subteam_id,m1_0.id,m1_0.email,m1_0.first_name,m1_0.last_name,m1_0.is_leader,m1_0.phone,m1_0.skills,m1_0.username from subteams s1_0 left join team_members m1_0 on s1_0.id=m1_0.subteam_id where s1_0.id=?
10:24:42.943 [main] DEBUG org.hibernate.orm.results.loading.entity - (EntityResultInitializer) Hydrated EntityKey (org.frcpm.models.Subteam): 112
10:24:42.943 [main] DEBUG org.hibernate.orm.results.loading.org.hibernate.orm.results.loading.collection - (BagInitializer) Current row collection key : org.frcpm.models.Subteam.members#112
10:24:42.943 [main] DEBUG org.hibernate.orm.results - Extracted JDBC value [4] - [null]
10:24:42.943 [main] DEBUG org.hibernate.orm.results - Extracted JDBC value [5] - [null]
10:24:42.943 [main] DEBUG org.hibernate.orm.results.loading.entity - (EntityJoinedFetchInitializer) EntityKey (org.frcpm.models.Subteam.members.{element}) is null
10:24:42.943 [main] DEBUG org.hibernate.orm.results.loading.org.hibernate.orm.results.loading.collection - (DelayedCollectionInitializer) Current row collection key : org.frcpm.models.Subteam.subsystems#112
10:24:42.943 [main] DEBUG org.hibernate.orm.results.loading.entity - (EntityResultInitializer) Created new entity instance [org.frcpm.models.Subteam#112] : 561768015
10:24:42.943 [main] DEBUG org.hibernate.orm.results.loading.org.hibernate.orm.results.loading.collection - (BagInitializer) Created new collection wrapper [org.frcpm.models.Subteam.members#112] : org.hibernate.collection.spi.PersistentBag@165608882
10:24:42.943 [main] DEBUG org.hibernate.orm.results.loading.org.hibernate.orm.results.loading.collection - (BagInitializer) Responsible for loading collection [org.frcpm.models.Subteam.members#112] : org.hibernate.collection.spi.PersistentBag@165608882
10:24:42.943 [main] DEBUG org.hibernate.orm.results - Extracted JDBC value [1] - [#00FF00]
10:24:42.943 [main] DEBUG org.hibernate.orm.results - Extracted JDBC value [2] - [Test Subteam 2]
10:24:42.943 [main] DEBUG org.hibernate.orm.results - Extracted JDBC value [3] - [CAD, Design, Fabrication]
10:24:42.943 [main] DEBUG org.hibernate.orm.results.loading.entity - (EntityResultInitializer) Done materializing entityInstance : org.frcpm.models.Subteam#112
10:24:42.943 [main] DEBUG org.hibernate.orm.results.loading - Calling top-level assembler (0 / 1) : org.hibernate.sql.results.graph.entity.internal.EntityAssembler@24b86b6f
10:24:42.943 [main] DEBUG org.hibernate.sql.results.internal.ResultsHelper - Collection fully initialized: [org.frcpm.models.Subteam.members#112]
10:24:42.943 [main] DEBUG org.hibernate.engine.transaction.internal.TransactionImpl - committing
10:24:42.943 [main] DEBUG org.hibernate.event.internal.AbstractFlushingEventListener - Processing flush-time cascades
10:24:42.943 [main] DEBUG org.hibernate.event.internal.AbstractFlushingEventListener - Dirty checking collections
10:24:42.943 [main] DEBUG org.hibernate.engine.internal.Collections - Collection dereferenced: [org.frcpm.models.Subteam.members#112]
10:24:42.943 [main] DEBUG org.hibernate.engine.internal.Collections - Collection dereferenced: [org.frcpm.models.Subteam.subsystems#112]
10:24:42.943 [main] DEBUG org.hibernate.event.internal.AbstractFlushingEventListener - Flushed: 0 insertions, 0 updates, 1 deletions to 1 objects
10:24:42.943 [main] DEBUG org.hibernate.event.internal.AbstractFlushingEventListener - Flushed: 0 (re)creations, 0 updates, 2 removals to 2 collections
10:24:42.943 [main] DEBUG org.hibernate.internal.util.EntityPrinter - Listing entities:
10:24:42.943 [main] DEBUG org.hibernate.internal.util.EntityPrinter - org.frcpm.models.Subteam{specialties=CAD, Design, Fabrication, members=[], name=Test Subteam 2, colorCode=#00FF00, id=112, subsystems=<uninitialized>}
10:24:42.943 [main] DEBUG org.hibernate.SQL - delete from subteams where id=?
10:24:42.943 [main] DEBUG org.hibernate.orm.jdbc.batch - PreparedStatementDetails did not contain PreparedStatement on #releaseStatements : delete from subteams where id=?
10:24:42.943 [main] DEBUG org.hibernate.orm.jdbc.batch - PreparedStatementDetails did not contain PreparedStatement on #releaseStatements : delete from subteams where id=?
10:24:42.943 [main] DEBUG org.hibernate.resource.jdbc.internal.LogicalConnectionManagedImpl - Initiating JDBC connection release from afterTransaction
10:24:42.943 [main] DEBUG org.hibernate.orm.jdbc.batch - PreparedStatementDetails did not contain PreparedStatement on #releaseStatements : delete from subteams where id=?
10:24:42.943 [main] DEBUG org.hibernate.orm.jdbc.batch - PreparedStatementDetails did not contain PreparedStatement on #releaseStatements : delete from subteams where id=?
10:24:42.943 [main] DEBUG org.hibernate.resource.jdbc.internal.LogicalConnectionManagedImpl - Initiating JDBC connection release from afterTransaction
10:24:42.943 [main] DEBUG org.hibernate.engine.jdbc.internal.JdbcCoordinatorImpl - HHH000420: Closing un-released batch
10:24:42.943 [main] DEBUG org.hibernate.orm.jdbc.batch - PreparedStatementDetails did not contain PreparedStatement on #releaseStatements : delete from subteams where id=?
10:24:42.943 [main] DEBUG org.hibernate.orm.jdbc.batch - PreparedStatementDetails did not contain PreparedStatement on #releaseStatements : delete from subteams where id=?
10:24:42.943 [main] DEBUG org.hibernate.internal.SessionFactoryImpl - HHH000031: Closing
10:24:42.943 [main] DEBUG org.hibernate.type.spi.TypeConfiguration$Scope - Un-scoping TypeConfiguration [org.hibernate.type.spi.TypeConfiguration$Scope@2442fdb7] from SessionFactory [org.hibernate.internal.SessionFactoryImpl@4e295aed]
10:24:42.943 [main] DEBUG org.hibernate.service.internal.AbstractServiceRegistryImpl - Implicitly destroying ServiceRegistry on de-registration of all child ServiceRegistries
10:24:42.943 [main] INFO com.zaxxer.hikari.HikariDataSource - FRC-PM-HikariCP - Shutdown initiated...
10:24:42.943 [main] DEBUG com.zaxxer.hikari.pool.HikariPool - FRC-PM-HikariCP - Before shutdown stats (total=1, active=0, idle=1, waiting=0)
10:24:42.944 [FRC-PM-HikariCP connection closer] DEBUG com.zaxxer.hikari.pool.PoolBase - FRC-PM-HikariCP - Closing connection conn117: url=jdbc:h2:file:C:\Users\dhiebert\.frcpm\frcpm user=SA: (connection evicted)
10:24:43.152 [main] DEBUG com.zaxxer.hikari.pool.HikariPool - FRC-PM-HikariCP - After shutdown stats (total=0, active=0, idle=0, waiting=0)
10:24:43.152 [main] INFO com.zaxxer.hikari.HikariDataSource - FRC-PM-HikariCP - Shutdown completed.
10:24:43.152 [main] DEBUG org.hibernate.boot.registry.internal.BootstrapServiceRegistryImpl - Implicitly destroying Boot-strap registry on de-registration of all child ServiceRegistries
]]></system-out>
    <system-err><![CDATA[Apr 25, 2025 10:24:42 AM org.frcpm.config.DatabaseConfig initialize
INFO: Initializing database configuration...
Apr 25, 2025 10:24:42 AM org.frcpm.config.DatabaseConfig initialize
INFO: Using FILE-BASED database at: file:C:\Users\dhiebert\.frcpm\frcpm
Apr 25, 2025 10:24:42 AM org.frcpm.config.DatabaseConfig initialize
INFO: Using JDBC URL: jdbc:h2:file:C:\Users\dhiebert\.frcpm\frcpm
Apr 25, 2025 10:24:42 AM org.frcpm.config.DatabaseConfig initialize
INFO: Using schema mode: update
Apr 25, 2025 10:24:42 AM org.frcpm.config.DatabaseConfig initialize
INFO: Database configuration initialized successfully in PRODUCTION mode
Apr 25, 2025 10:24:43 AM org.frcpm.config.DatabaseConfig shutdown
INFO: Database configuration shut down
]]></system-err>
  </testcase>
  <testcase name="testCount" classname="org.frcpm.repositories.SubteamRepositoryTest" time="0.447">
    <system-out><![CDATA[10:24:43.159 [main] DEBUG org.hibernate.jpa.HibernatePersistenceProvider - Located and parsed 1 persistence units; checking each
10:24:43.159 [main] DEBUG org.hibernate.jpa.HibernatePersistenceProvider - Checking persistence-unit [name=frcpm, explicit-provider=org.hibernate.jpa.HibernatePersistenceProvider] against incoming persistence unit name [frcpm]
10:24:43.159 [main] DEBUG org.hibernate.jpa.boot.spi.ProviderChecker - Persistence-unit [frcpm] requested PersistenceProvider [org.hibernate.jpa.HibernatePersistenceProvider]
10:24:43.159 [main] DEBUG org.hibernate.jpa.internal.util.LogHelper - PersistenceUnitInfo [
	name: frcpm
	persistence provider classname: org.hibernate.jpa.HibernatePersistenceProvider
	classloader: null
	excludeUnlistedClasses: false
	JTA datasource: null
	Non JTA datasource: null
	Transaction type: RESOURCE_LOCAL
	PU root URL: file:/C:/Users/dhiebert/Local%20Repositories/Project%20Management%202.0/target/classes
	Shared Cache Mode: null
	Validation Mode: null
	Jar files URLs []
	Managed classes names [
		org.frcpm.models.Project
		org.frcpm.models.Subteam
		org.frcpm.models.TeamMember
		org.frcpm.models.Subsystem
		org.frcpm.models.Task
		org.frcpm.models.Component
		org.frcpm.models.Meeting
		org.frcpm.models.Attendance
		org.frcpm.models.Milestone]
	Mapping files names []
	Properties [
		hibernate.connection.handling_mode: DELAYED_ACQUISITION_AND_RELEASE_AFTER_STATEMENT
		jakarta.persistence.jdbc.url: jdbc:h2:file:C:\Users\dhiebert\.frcpm\frcpm
		hibernate.jdbc.batch_versioned_data: null
		hibernate.cache.use_second_level_cache: null
		hibernate.show_sql: null
		jakarta.persistence.jdbc.driver: org.h2.Driver
		hibernate.jdbc.batch_size: 30
		jakarta.persistence.jdbc.user: sa
		hibernate.generate_statistics: null
		hibernate.hbm2ddl.auto: update
		hibernate.cache.use_query_cache: null
		hibernate.hikari.maximumPoolSize: 10
		hibernate.hikari.idleTimeout: 30000
		hibernate.format_sql: null
		hibernate.hikari.minimumIdle: 2
		hibernate.use_sql_comments: null
		hibernate.order_inserts: null
		hibernate.current_session_context_class: thread
		hibernate.connection.provider_class: org.hibernate.hikaricp.internal.HikariCPConnectionProvider
		hibernate.hikari.connectionTimeout: 10000
		hibernate.hikari.poolName: FRC-PM-HikariCP
		hibernate.order_updates: null
		hibernate.dialect: org.hibernate.dialect.H2Dialect
		jakarta.persistence.jdbc.password: ]
10:24:43.159 [main] DEBUG org.hibernate.integrator.internal.IntegratorServiceImpl - Adding Integrator [org.hibernate.boot.beanvalidation.BeanValidationIntegrator].
10:24:43.159 [main] DEBUG org.hibernate.integrator.internal.IntegratorServiceImpl - Adding Integrator [org.hibernate.cache.internal.CollectionCacheInvalidator].
10:24:43.162 [main] DEBUG org.hibernate.orm.idgen.factory - Ignoring CDI for resolving IdentifierGenerator instances as extended or delayed CDI support was enabled
10:24:43.162 [main] DEBUG org.hibernate.orm.idgen.factory - Registering IdentifierGenerator strategy [uuid2] -> [org.hibernate.id.UUIDGenerator]
10:24:43.162 [main] DEBUG org.hibernate.orm.idgen.factory - Registering IdentifierGenerator strategy [guid] -> [org.hibernate.id.GUIDGenerator]
10:24:43.162 [main] DEBUG org.hibernate.orm.idgen.factory - Registering IdentifierGenerator strategy [uuid] -> [org.hibernate.id.UUIDHexGenerator]
10:24:43.162 [main] DEBUG org.hibernate.orm.idgen.factory - Registering IdentifierGenerator strategy [uuid.hex] -> [org.hibernate.id.UUIDHexGenerator]
10:24:43.162 [main] DEBUG org.hibernate.orm.idgen.factory - Registering IdentifierGenerator strategy [assigned] -> [org.hibernate.id.Assigned]
10:24:43.162 [main] DEBUG org.hibernate.orm.idgen.factory - Registering IdentifierGenerator strategy [identity] -> [org.hibernate.id.IdentityGenerator]
10:24:43.162 [main] DEBUG org.hibernate.orm.idgen.factory - Registering IdentifierGenerator strategy [select] -> [org.hibernate.id.SelectGenerator]
10:24:43.162 [main] DEBUG org.hibernate.orm.idgen.factory - Registering IdentifierGenerator strategy [sequence] -> [org.hibernate.id.enhanced.SequenceStyleGenerator]
10:24:43.162 [main] DEBUG org.hibernate.orm.idgen.factory - Registering IdentifierGenerator strategy [increment] -> [org.hibernate.id.IncrementGenerator]
10:24:43.162 [main] DEBUG org.hibernate.orm.idgen.factory - Registering IdentifierGenerator strategy [foreign] -> [org.hibernate.id.ForeignGenerator]
10:24:43.162 [main] DEBUG org.hibernate.orm.idgen.factory - Registering IdentifierGenerator strategy [enhanced-sequence] -> [org.hibernate.id.enhanced.SequenceStyleGenerator]
10:24:43.162 [main] DEBUG org.hibernate.orm.idgen.factory - Registering IdentifierGenerator strategy [enhanced-table] -> [org.hibernate.id.enhanced.TableGenerator]
10:24:43.162 [main] INFO org.hibernate.cache.internal.RegionFactoryInitiator - HHH000026: Second-level cache disabled
10:24:43.162 [main] DEBUG org.hibernate.type.BasicTypeRegistry - Adding type registration boolean -> org.hibernate.type.BasicTypeReference@2f4919b0
10:24:43.162 [main] DEBUG org.hibernate.type.BasicTypeRegistry - Adding type registration boolean -> org.hibernate.type.BasicTypeReference@2f4919b0
10:24:43.162 [main] DEBUG org.hibernate.type.BasicTypeRegistry - Adding type registration java.lang.Boolean -> org.hibernate.type.BasicTypeReference@2f4919b0
10:24:43.162 [main] DEBUG org.hibernate.type.BasicTypeRegistry - Adding type registration numeric_boolean -> org.hibernate.type.BasicTypeReference@a8a8b75
10:24:43.162 [main] DEBUG org.hibernate.type.BasicTypeRegistry - Adding type registration org.hibernate.type.NumericBooleanConverter -> org.hibernate.type.BasicTypeReference@a8a8b75
10:24:43.162 [main] DEBUG org.hibernate.type.BasicTypeRegistry - Adding type registration true_false -> org.hibernate.type.BasicTypeReference@75b21c3b
10:24:43.162 [main] DEBUG org.hibernate.type.BasicTypeRegistry - Adding type registration org.hibernate.type.TrueFalseConverter -> org.hibernate.type.BasicTypeReference@75b21c3b
10:24:43.162 [main] DEBUG org.hibernate.type.BasicTypeRegistry - Adding type registration yes_no -> org.hibernate.type.BasicTypeReference@72be135f
10:24:43.162 [main] DEBUG org.hibernate.type.BasicTypeRegistry - Adding type registration org.hibernate.type.YesNoConverter -> org.hibernate.type.BasicTypeReference@72be135f
10:24:43.162 [main] DEBUG org.hibernate.type.BasicTypeRegistry - Adding type registration byte -> org.hibernate.type.BasicTypeReference@155d1021
10:24:43.162 [main] DEBUG org.hibernate.type.BasicTypeRegistry - Adding type registration byte -> org.hibernate.type.BasicTypeReference@155d1021
10:24:43.162 [main] DEBUG org.hibernate.type.BasicTypeRegistry - Adding type registration java.lang.Byte -> org.hibernate.type.BasicTypeReference@155d1021
10:24:43.162 [main] DEBUG org.hibernate.type.BasicTypeRegistry - Adding type registration binary -> org.hibernate.type.BasicTypeReference@4bd2f0dc
10:24:43.162 [main] DEBUG org.hibernate.type.BasicTypeRegistry - Adding type registration byte[] -> org.hibernate.type.BasicTypeReference@4bd2f0dc
10:24:43.162 [main] DEBUG org.hibernate.type.BasicTypeRegistry - Adding type registration [B -> org.hibernate.type.BasicTypeReference@4bd2f0dc
10:24:43.162 [main] DEBUG org.hibernate.type.BasicTypeRegistry - Adding type registration binary_wrapper -> org.hibernate.type.BasicTypeReference@2e647e59
10:24:43.162 [main] DEBUG org.hibernate.type.BasicTypeRegistry - Adding type registration wrapper-binary -> org.hibernate.type.BasicTypeReference@2e647e59
10:24:43.162 [main] DEBUG org.hibernate.type.BasicTypeRegistry - Adding type registration image -> org.hibernate.type.BasicTypeReference@2c42b421
10:24:43.162 [main] DEBUG org.hibernate.type.BasicTypeRegistry - Adding type registration blob -> org.hibernate.type.BasicTypeReference@51e37590
10:24:43.162 [main] DEBUG org.hibernate.type.BasicTypeRegistry - Adding type registration java.sql.Blob -> org.hibernate.type.BasicTypeReference@51e37590
10:24:43.162 [main] DEBUG org.hibernate.type.BasicTypeRegistry - Adding type registration materialized_blob -> org.hibernate.type.BasicTypeReference@deb3b60
10:24:43.162 [main] DEBUG org.hibernate.type.BasicTypeRegistry - Adding type registration materialized_blob_wrapper -> org.hibernate.type.BasicTypeReference@701a32
10:24:43.162 [main] DEBUG org.hibernate.type.BasicTypeRegistry - Adding type registration short -> org.hibernate.type.BasicTypeReference@39aa45a1
10:24:43.162 [main] DEBUG org.hibernate.type.BasicTypeRegistry - Adding type registration short -> org.hibernate.type.BasicTypeReference@39aa45a1
10:24:43.162 [main] DEBUG org.hibernate.type.BasicTypeRegistry - Adding type registration java.lang.Short -> org.hibernate.type.BasicTypeReference@39aa45a1
10:24:43.162 [main] DEBUG org.hibernate.type.BasicTypeRegistry - Adding type registration integer -> org.hibernate.type.BasicTypeReference@73aff8f1
10:24:43.162 [main] DEBUG org.hibernate.type.BasicTypeRegistry - Adding type registration int -> org.hibernate.type.BasicTypeReference@73aff8f1
10:24:43.162 [main] DEBUG org.hibernate.type.BasicTypeRegistry - Adding type registration java.lang.Integer -> org.hibernate.type.BasicTypeReference@73aff8f1
10:24:43.162 [main] DEBUG org.hibernate.type.BasicTypeRegistry - Adding type registration long -> org.hibernate.type.BasicTypeReference@27cbfddf
10:24:43.162 [main] DEBUG org.hibernate.type.BasicTypeRegistry - Adding type registration long -> org.hibernate.type.BasicTypeReference@27cbfddf
10:24:43.162 [main] DEBUG org.hibernate.type.BasicTypeRegistry - Adding type registration java.lang.Long -> org.hibernate.type.BasicTypeReference@27cbfddf
10:24:43.162 [main] DEBUG org.hibernate.type.BasicTypeRegistry - Adding type registration float -> org.hibernate.type.BasicTypeReference@27ead29e
10:24:43.162 [main] DEBUG org.hibernate.type.BasicTypeRegistry - Adding type registration float -> org.hibernate.type.BasicTypeReference@27ead29e
10:24:43.162 [main] DEBUG org.hibernate.type.BasicTypeRegistry - Adding type registration java.lang.Float -> org.hibernate.type.BasicTypeReference@27ead29e
10:24:43.162 [main] DEBUG org.hibernate.type.BasicTypeRegistry - Adding type registration double -> org.hibernate.type.BasicTypeReference@4c060c8f
10:24:43.162 [main] DEBUG org.hibernate.type.BasicTypeRegistry - Adding type registration double -> org.hibernate.type.BasicTypeReference@4c060c8f
10:24:43.162 [main] DEBUG org.hibernate.type.BasicTypeRegistry - Adding type registration java.lang.Double -> org.hibernate.type.BasicTypeReference@4c060c8f
10:24:43.162 [main] DEBUG org.hibernate.type.BasicTypeRegistry - Adding type registration big_integer -> org.hibernate.type.BasicTypeReference@40620d8e
10:24:43.162 [main] DEBUG org.hibernate.type.BasicTypeRegistry - Adding type registration java.math.BigInteger -> org.hibernate.type.BasicTypeReference@40620d8e
10:24:43.162 [main] DEBUG org.hibernate.type.BasicTypeRegistry - Adding type registration big_decimal -> org.hibernate.type.BasicTypeReference@383f3558
10:24:43.162 [main] DEBUG org.hibernate.type.BasicTypeRegistry - Adding type registration java.math.BigDecimal -> org.hibernate.type.BasicTypeReference@383f3558
10:24:43.162 [main] DEBUG org.hibernate.type.BasicTypeRegistry - Adding type registration character -> org.hibernate.type.BasicTypeReference@49b07ee3
10:24:43.162 [main] DEBUG org.hibernate.type.BasicTypeRegistry - Adding type registration char -> org.hibernate.type.BasicTypeReference@49b07ee3
10:24:43.162 [main] DEBUG org.hibernate.type.BasicTypeRegistry - Adding type registration java.lang.Character -> org.hibernate.type.BasicTypeReference@49b07ee3
10:24:43.162 [main] DEBUG org.hibernate.type.BasicTypeRegistry - Adding type registration character_nchar -> org.hibernate.type.BasicTypeReference@352e612e
10:24:43.162 [main] DEBUG org.hibernate.type.BasicTypeRegistry - Adding type registration string -> org.hibernate.type.BasicTypeReference@65f00478
10:24:43.162 [main] DEBUG org.hibernate.type.BasicTypeRegistry - Adding type registration java.lang.String -> org.hibernate.type.BasicTypeReference@65f00478
10:24:43.162 [main] DEBUG org.hibernate.type.BasicTypeRegistry - Adding type registration nstring -> org.hibernate.type.BasicTypeReference@2424686b
10:24:43.162 [main] DEBUG org.hibernate.type.BasicTypeRegistry - Adding type registration characters -> org.hibernate.type.BasicTypeReference@6ea94d6a
10:24:43.162 [main] DEBUG org.hibernate.type.BasicTypeRegistry - Adding type registration char[] -> org.hibernate.type.BasicTypeReference@6ea94d6a
10:24:43.162 [main] DEBUG org.hibernate.type.BasicTypeRegistry - Adding type registration [C -> org.hibernate.type.BasicTypeReference@6ea94d6a
10:24:43.162 [main] DEBUG org.hibernate.type.BasicTypeRegistry - Adding type registration wrapper-characters -> org.hibernate.type.BasicTypeReference@28486680
10:24:43.162 [main] DEBUG org.hibernate.type.BasicTypeRegistry - Adding type registration text -> org.hibernate.type.BasicTypeReference@4d7e7435
10:24:43.162 [main] DEBUG org.hibernate.type.BasicTypeRegistry - Adding type registration ntext -> org.hibernate.type.BasicTypeReference@4a1e3ac1
10:24:43.162 [main] DEBUG org.hibernate.type.BasicTypeRegistry - Adding type registration clob -> org.hibernate.type.BasicTypeReference@6e78fcf5
10:24:43.162 [main] DEBUG org.hibernate.type.BasicTypeRegistry - Adding type registration java.sql.Clob -> org.hibernate.type.BasicTypeReference@6e78fcf5
10:24:43.162 [main] DEBUG org.hibernate.type.BasicTypeRegistry - Adding type registration nclob -> org.hibernate.type.BasicTypeReference@56febdc
10:24:43.162 [main] DEBUG org.hibernate.type.BasicTypeRegistry - Adding type registration java.sql.NClob -> org.hibernate.type.BasicTypeReference@56febdc
10:24:43.162 [main] DEBUG org.hibernate.type.BasicTypeRegistry - Adding type registration materialized_clob -> org.hibernate.type.BasicTypeReference@3b8ee898
10:24:43.162 [main] DEBUG org.hibernate.type.BasicTypeRegistry - Adding type registration materialized_clob_char_array -> org.hibernate.type.BasicTypeReference@7d151a
10:24:43.162 [main] DEBUG org.hibernate.type.BasicTypeRegistry - Adding type registration materialized_clob_character_array -> org.hibernate.type.BasicTypeReference@294bdeb4
10:24:43.162 [main] DEBUG org.hibernate.type.BasicTypeRegistry - Adding type registration materialized_nclob -> org.hibernate.type.BasicTypeReference@5300f14a
10:24:43.163 [main] DEBUG org.hibernate.type.BasicTypeRegistry - Adding type registration materialized_nclob_character_array -> org.hibernate.type.BasicTypeReference@1f86099a
10:24:43.163 [main] DEBUG org.hibernate.type.BasicTypeRegistry - Adding type registration materialized_nclob_char_array -> org.hibernate.type.BasicTypeReference@77bb0ab5
10:24:43.163 [main] DEBUG org.hibernate.type.BasicTypeRegistry - Adding type registration Duration -> org.hibernate.type.BasicTypeReference@f2c488
10:24:43.163 [main] DEBUG org.hibernate.type.BasicTypeRegistry - Adding type registration java.time.Duration -> org.hibernate.type.BasicTypeReference@f2c488
10:24:43.163 [main] DEBUG org.hibernate.type.BasicTypeRegistry - Adding type registration LocalDateTime -> org.hibernate.type.BasicTypeReference@54acff7d
10:24:43.163 [main] DEBUG org.hibernate.type.BasicTypeRegistry - Adding type registration java.time.LocalDateTime -> org.hibernate.type.BasicTypeReference@54acff7d
10:24:43.163 [main] DEBUG org.hibernate.type.BasicTypeRegistry - Adding type registration LocalDate -> org.hibernate.type.BasicTypeReference@7bc9e6ab
10:24:43.163 [main] DEBUG org.hibernate.type.BasicTypeRegistry - Adding type registration java.time.LocalDate -> org.hibernate.type.BasicTypeReference@7bc9e6ab
10:24:43.163 [main] DEBUG org.hibernate.type.BasicTypeRegistry - Adding type registration LocalTime -> org.hibernate.type.BasicTypeReference@5488b5c5
10:24:43.163 [main] DEBUG org.hibernate.type.BasicTypeRegistry - Adding type registration java.time.LocalTime -> org.hibernate.type.BasicTypeReference@5488b5c5
10:24:43.163 [main] DEBUG org.hibernate.type.BasicTypeRegistry - Adding type registration OffsetDateTime -> org.hibernate.type.BasicTypeReference@4248ed58
10:24:43.163 [main] DEBUG org.hibernate.type.BasicTypeRegistry - Adding type registration java.time.OffsetDateTime -> org.hibernate.type.BasicTypeReference@4248ed58
10:24:43.163 [main] DEBUG org.hibernate.type.BasicTypeRegistry - Adding type registration OffsetDateTimeWithTimezone -> org.hibernate.type.BasicTypeReference@712ca57b
10:24:43.163 [main] DEBUG org.hibernate.type.BasicTypeRegistry - Adding type registration OffsetDateTimeWithoutTimezone -> org.hibernate.type.BasicTypeReference@4564e94b
10:24:43.163 [main] DEBUG org.hibernate.type.BasicTypeRegistry - Adding type registration OffsetTime -> org.hibernate.type.BasicTypeReference@54534abf
10:24:43.163 [main] DEBUG org.hibernate.type.BasicTypeRegistry - Adding type registration java.time.OffsetTime -> org.hibernate.type.BasicTypeReference@54534abf
10:24:43.163 [main] DEBUG org.hibernate.type.BasicTypeRegistry - Adding type registration OffsetTimeUtc -> org.hibernate.type.BasicTypeReference@51745f40
10:24:43.163 [main] DEBUG org.hibernate.type.BasicTypeRegistry - Adding type registration OffsetTimeWithTimezone -> org.hibernate.type.BasicTypeReference@45673f68
10:24:43.163 [main] DEBUG org.hibernate.type.BasicTypeRegistry - Adding type registration OffsetTimeWithoutTimezone -> org.hibernate.type.BasicTypeReference@27abb83e
10:24:43.163 [main] DEBUG org.hibernate.type.BasicTypeRegistry - Adding type registration ZonedDateTime -> org.hibernate.type.BasicTypeReference@69e308c6
10:24:43.163 [main] DEBUG org.hibernate.type.BasicTypeRegistry - Adding type registration java.time.ZonedDateTime -> org.hibernate.type.BasicTypeReference@69e308c6
10:24:43.163 [main] DEBUG org.hibernate.type.BasicTypeRegistry - Adding type registration ZonedDateTimeWithTimezone -> org.hibernate.type.BasicTypeReference@1a1ed4e5
10:24:43.163 [main] DEBUG org.hibernate.type.BasicTypeRegistry - Adding type registration ZonedDateTimeWithoutTimezone -> org.hibernate.type.BasicTypeReference@667e34b1
10:24:43.163 [main] DEBUG org.hibernate.type.BasicTypeRegistry - Adding type registration date -> org.hibernate.type.BasicTypeReference@1c6e0a08
10:24:43.163 [main] DEBUG org.hibernate.type.BasicTypeRegistry - Adding type registration java.sql.Date -> org.hibernate.type.BasicTypeReference@1c6e0a08
10:24:43.163 [main] DEBUG org.hibernate.type.BasicTypeRegistry - Adding type registration time -> org.hibernate.type.BasicTypeReference@6dba847b
10:24:43.163 [main] DEBUG org.hibernate.type.BasicTypeRegistry - Adding type registration java.sql.Time -> org.hibernate.type.BasicTypeReference@6dba847b
10:24:43.163 [main] DEBUG org.hibernate.type.BasicTypeRegistry - Adding type registration timestamp -> org.hibernate.type.BasicTypeReference@1efdcd5
10:24:43.163 [main] DEBUG org.hibernate.type.BasicTypeRegistry - Adding type registration java.sql.Timestamp -> org.hibernate.type.BasicTypeReference@1efdcd5
10:24:43.163 [main] DEBUG org.hibernate.type.BasicTypeRegistry - Adding type registration java.util.Date -> org.hibernate.type.BasicTypeReference@1efdcd5
10:24:43.163 [main] DEBUG org.hibernate.type.BasicTypeRegistry - Adding type registration calendar -> org.hibernate.type.BasicTypeReference@1623bbe5
10:24:43.163 [main] DEBUG org.hibernate.type.BasicTypeRegistry - Adding type registration java.util.Calendar -> org.hibernate.type.BasicTypeReference@1623bbe5
10:24:43.163 [main] DEBUG org.hibernate.type.BasicTypeRegistry - Adding type registration java.util.GregorianCalendar -> org.hibernate.type.BasicTypeReference@1623bbe5
10:24:43.163 [main] DEBUG org.hibernate.type.BasicTypeRegistry - Adding type registration calendar_date -> org.hibernate.type.BasicTypeReference@7af1cd63
10:24:43.163 [main] DEBUG org.hibernate.type.BasicTypeRegistry - Adding type registration calendar_time -> org.hibernate.type.BasicTypeReference@4351171a
10:24:43.163 [main] DEBUG org.hibernate.type.BasicTypeRegistry - Adding type registration instant -> org.hibernate.type.BasicTypeReference@3c2772d1
10:24:43.163 [main] DEBUG org.hibernate.type.BasicTypeRegistry - Adding type registration java.time.Instant -> org.hibernate.type.BasicTypeReference@3c2772d1
10:24:43.163 [main] DEBUG org.hibernate.type.BasicTypeRegistry - Adding type registration uuid -> org.hibernate.type.BasicTypeReference@37d00a23
10:24:43.163 [main] DEBUG org.hibernate.type.BasicTypeRegistry - Adding type registration java.util.UUID -> org.hibernate.type.BasicTypeReference@37d00a23
10:24:43.163 [main] DEBUG org.hibernate.type.BasicTypeRegistry - Adding type registration pg-uuid -> org.hibernate.type.BasicTypeReference@37d00a23
10:24:43.163 [main] DEBUG org.hibernate.type.BasicTypeRegistry - Adding type registration uuid-binary -> org.hibernate.type.BasicTypeReference@433e536f
10:24:43.163 [main] DEBUG org.hibernate.type.BasicTypeRegistry - Adding type registration uuid-char -> org.hibernate.type.BasicTypeReference@89c65d5
10:24:43.163 [main] DEBUG org.hibernate.type.BasicTypeRegistry - Adding type registration class -> org.hibernate.type.BasicTypeReference@faa3fed
10:24:43.163 [main] DEBUG org.hibernate.type.BasicTypeRegistry - Adding type registration java.lang.Class -> org.hibernate.type.BasicTypeReference@faa3fed
10:24:43.163 [main] DEBUG org.hibernate.type.BasicTypeRegistry - Adding type registration currency -> org.hibernate.type.BasicTypeReference@988246e
10:24:43.163 [main] DEBUG org.hibernate.type.BasicTypeRegistry - Adding type registration Currency -> org.hibernate.type.BasicTypeReference@988246e
10:24:43.163 [main] DEBUG org.hibernate.type.BasicTypeRegistry - Adding type registration java.util.Currency -> org.hibernate.type.BasicTypeReference@988246e
10:24:43.163 [main] DEBUG org.hibernate.type.BasicTypeRegistry - Adding type registration locale -> org.hibernate.type.BasicTypeReference@62515a47
10:24:43.163 [main] DEBUG org.hibernate.type.BasicTypeRegistry - Adding type registration java.util.Locale -> org.hibernate.type.BasicTypeReference@62515a47
10:24:43.163 [main] DEBUG org.hibernate.type.BasicTypeRegistry - Adding type registration serializable -> org.hibernate.type.BasicTypeReference@3c5a54b7
10:24:43.163 [main] DEBUG org.hibernate.type.BasicTypeRegistry - Adding type registration java.io.Serializable -> org.hibernate.type.BasicTypeReference@3c5a54b7
10:24:43.163 [main] DEBUG org.hibernate.type.BasicTypeRegistry - Adding type registration timezone -> org.hibernate.type.BasicTypeReference@61f2c3f0
10:24:43.163 [main] DEBUG org.hibernate.type.BasicTypeRegistry - Adding type registration java.util.TimeZone -> org.hibernate.type.BasicTypeReference@61f2c3f0
10:24:43.163 [main] DEBUG org.hibernate.type.BasicTypeRegistry - Adding type registration ZoneOffset -> org.hibernate.type.BasicTypeReference@291120f4
10:24:43.163 [main] DEBUG org.hibernate.type.BasicTypeRegistry - Adding type registration java.time.ZoneOffset -> org.hibernate.type.BasicTypeReference@291120f4
10:24:43.163 [main] DEBUG org.hibernate.type.BasicTypeRegistry - Adding type registration url -> org.hibernate.type.BasicTypeReference@417ad4f3
10:24:43.163 [main] DEBUG org.hibernate.type.BasicTypeRegistry - Adding type registration java.net.URL -> org.hibernate.type.BasicTypeReference@417ad4f3
10:24:43.163 [main] DEBUG org.hibernate.type.BasicTypeRegistry - Adding type registration vector -> org.hibernate.type.BasicTypeReference@2f6bcf87
10:24:43.163 [main] DEBUG org.hibernate.type.BasicTypeRegistry - Adding type registration row_version -> org.hibernate.type.BasicTypeReference@58f174d9
10:24:43.163 [main] DEBUG org.hibernate.type.BasicTypeRegistry - Adding type registration object -> org.hibernate.type.JavaObjectType@34237b90
10:24:43.163 [main] DEBUG org.hibernate.type.BasicTypeRegistry - Adding type registration java.lang.Object -> org.hibernate.type.JavaObjectType@34237b90
10:24:43.163 [main] DEBUG org.hibernate.type.BasicTypeRegistry - Adding type registration null -> org.hibernate.type.NullType@267bbe1a
10:24:43.163 [main] DEBUG org.hibernate.type.BasicTypeRegistry - Adding type registration imm_date -> org.hibernate.type.BasicTypeReference@3755dfbc
10:24:43.163 [main] DEBUG org.hibernate.type.BasicTypeRegistry - Adding type registration imm_time -> org.hibernate.type.BasicTypeReference@5b4fb55c
10:24:43.163 [main] DEBUG org.hibernate.type.BasicTypeRegistry - Adding type registration imm_timestamp -> org.hibernate.type.BasicTypeReference@3ca2fbca
10:24:43.163 [main] DEBUG org.hibernate.type.BasicTypeRegistry - Adding type registration imm_calendar -> org.hibernate.type.BasicTypeReference@45210439
10:24:43.163 [main] DEBUG org.hibernate.type.BasicTypeRegistry - Adding type registration imm_calendar_date -> org.hibernate.type.BasicTypeReference@5c109b1e
10:24:43.163 [main] DEBUG org.hibernate.type.BasicTypeRegistry - Adding type registration imm_calendar_time -> org.hibernate.type.BasicTypeReference@7ad33095
10:24:43.163 [main] DEBUG org.hibernate.type.BasicTypeRegistry - Adding type registration imm_binary -> org.hibernate.type.BasicTypeReference@5104f8ae
10:24:43.163 [main] DEBUG org.hibernate.type.BasicTypeRegistry - Adding type registration imm_serializable -> org.hibernate.type.BasicTypeReference@1c493e7b
10:24:43.163 [main] DEBUG org.hibernate.boot.internal.BootstrapContextImpl - Injecting ScanEnvironment [org.hibernate.jpa.boot.internal.StandardJpaScanEnvironmentImpl@44d99e87] into BootstrapContext; was [null]
10:24:43.163 [main] DEBUG org.hibernate.boot.internal.BootstrapContextImpl - Injecting ScanOptions [org.hibernate.boot.archive.scan.internal.StandardScanOptions@27ed5911] into BootstrapContext; was [org.hibernate.boot.archive.scan.internal.StandardScanOptions@515a14ca]
10:24:43.285 [main] DEBUG org.hibernate.boot.internal.BootstrapContextImpl - Injecting JPA temp ClassLoader [null] into BootstrapContext; was [null]
10:24:43.285 [main] DEBUG org.hibernate.boot.internal.ClassLoaderAccessImpl - ClassLoaderAccessImpl#injectTempClassLoader(null) [was null]
10:24:43.286 [main] INFO org.hibernate.engine.jdbc.connections.internal.ConnectionProviderInitiator - HHH000130: Instantiating explicit connection provider: org.hibernate.hikaricp.internal.HikariCPConnectionProvider
10:24:43.286 [main] DEBUG org.hibernate.hikaricp.internal.HikariCPConnectionProvider - Configuring HikariCP
10:24:43.286 [main] DEBUG com.zaxxer.hikari.HikariConfig - Driver class org.h2.Driver found in Thread context class loader jdk.internal.loader.ClassLoaders$AppClassLoader@70dea4e
10:24:43.286 [main] DEBUG com.zaxxer.hikari.HikariConfig - FRC-PM-HikariCP - configuration:
10:24:43.287 [main] DEBUG com.zaxxer.hikari.HikariConfig - allowPoolSuspension.............false
10:24:43.287 [main] DEBUG com.zaxxer.hikari.HikariConfig - autoCommit......................true
10:24:43.288 [main] DEBUG com.zaxxer.hikari.HikariConfig - catalog.........................none
10:24:43.288 [main] DEBUG com.zaxxer.hikari.HikariConfig - connectionInitSql...............none
10:24:43.288 [main] DEBUG com.zaxxer.hikari.HikariConfig - connectionTestQuery.............none
10:24:43.288 [main] DEBUG com.zaxxer.hikari.HikariConfig - connectionTimeout...............10000
10:24:43.288 [main] DEBUG com.zaxxer.hikari.HikariConfig - dataSource......................none
10:24:43.288 [main] DEBUG com.zaxxer.hikari.HikariConfig - dataSourceClassName.............none
10:24:43.288 [main] DEBUG com.zaxxer.hikari.HikariConfig - dataSourceJNDI..................none
10:24:43.288 [main] DEBUG com.zaxxer.hikari.HikariConfig - dataSourceProperties............{password=<masked>}
10:24:43.288 [main] DEBUG com.zaxxer.hikari.HikariConfig - driverClassName................."org.h2.Driver"
10:24:43.288 [main] DEBUG com.zaxxer.hikari.HikariConfig - exceptionOverrideClassName......none
10:24:43.288 [main] DEBUG com.zaxxer.hikari.HikariConfig - healthCheckProperties...........{}
10:24:43.288 [main] DEBUG com.zaxxer.hikari.HikariConfig - healthCheckRegistry.............none
10:24:43.288 [main] DEBUG com.zaxxer.hikari.HikariConfig - idleTimeout.....................30000
10:24:43.288 [main] DEBUG com.zaxxer.hikari.HikariConfig - initializationFailTimeout.......1
10:24:43.288 [main] DEBUG com.zaxxer.hikari.HikariConfig - isolateInternalQueries..........false
10:24:43.288 [main] DEBUG com.zaxxer.hikari.HikariConfig - jdbcUrl.........................jdbc:h2:file:C:\Users\dhiebert\.frcpm\frcpm
10:24:43.288 [main] DEBUG com.zaxxer.hikari.HikariConfig - keepaliveTime...................0
10:24:43.288 [main] DEBUG com.zaxxer.hikari.HikariConfig - leakDetectionThreshold..........0
10:24:43.288 [main] DEBUG com.zaxxer.hikari.HikariConfig - maxLifetime.....................1800000
10:24:43.288 [main] DEBUG com.zaxxer.hikari.HikariConfig - maximumPoolSize.................10
10:24:43.288 [main] DEBUG com.zaxxer.hikari.HikariConfig - metricRegistry..................none
10:24:43.288 [main] DEBUG com.zaxxer.hikari.HikariConfig - metricsTrackerFactory...........none
10:24:43.288 [main] DEBUG com.zaxxer.hikari.HikariConfig - minimumIdle.....................2
10:24:43.288 [main] DEBUG com.zaxxer.hikari.HikariConfig - password........................<masked>
10:24:43.288 [main] DEBUG com.zaxxer.hikari.HikariConfig - poolName........................"FRC-PM-HikariCP"
10:24:43.288 [main] DEBUG com.zaxxer.hikari.HikariConfig - readOnly........................false
10:24:43.288 [main] DEBUG com.zaxxer.hikari.HikariConfig - registerMbeans..................false
10:24:43.288 [main] DEBUG com.zaxxer.hikari.HikariConfig - scheduledExecutor...............none
10:24:43.288 [main] DEBUG com.zaxxer.hikari.HikariConfig - schema..........................none
10:24:43.288 [main] DEBUG com.zaxxer.hikari.HikariConfig - threadFactory...................internal
10:24:43.288 [main] DEBUG com.zaxxer.hikari.HikariConfig - transactionIsolation............default
10:24:43.288 [main] DEBUG com.zaxxer.hikari.HikariConfig - username........................"sa"
10:24:43.288 [main] DEBUG com.zaxxer.hikari.HikariConfig - validationTimeout...............5000
10:24:43.288 [main] INFO com.zaxxer.hikari.HikariDataSource - FRC-PM-HikariCP - Starting...
10:24:43.299 [main] INFO com.zaxxer.hikari.pool.HikariPool - FRC-PM-HikariCP - Added connection conn118: url=jdbc:h2:file:C:\Users\dhiebert\.frcpm\frcpm user=SA
10:24:43.299 [main] INFO com.zaxxer.hikari.HikariDataSource - FRC-PM-HikariCP - Start completed.
10:24:43.299 [main] DEBUG org.hibernate.hikaricp.internal.HikariCPConnectionProvider - HikariCP Configured
10:24:43.299 [main] DEBUG org.hibernate.engine.jdbc.env.internal.JdbcEnvironmentInitiator - Database ->
	   name : H2
	version : 2.2.224 (2023-09-17)
	  major : 2
	  minor : 2
10:24:43.299 [main] DEBUG org.hibernate.engine.jdbc.env.internal.JdbcEnvironmentInitiator - Driver ->
	   name : H2 JDBC Driver
	version : 2.2.224 (2023-09-17)
	  major : 2
	  minor : 2
10:24:43.299 [main] DEBUG org.hibernate.engine.jdbc.env.internal.JdbcEnvironmentInitiator - JDBC version : 4.2
10:24:43.299 [main] WARN org.hibernate.orm.deprecation - HHH90000025: H2Dialect does not need to be specified explicitly using 'hibernate.dialect' (remove the property setting and it will be selected by default)
10:24:43.299 [main] DEBUG org.hibernate.orm.dialect - HHH035001: Using dialect: org.hibernate.dialect.H2Dialect, version: 2.2.224
10:24:43.299 [main] DEBUG org.hibernate.engine.jdbc.env.spi.IdentifierHelperBuilder - JDBC driver metadata reported database stores quoted identifiers in neither upper, lower nor mixed case
10:24:43.300 [main] DEBUG org.hibernate.type.descriptor.jdbc.spi.JdbcTypeRegistry - addDescriptor(NCharTypeDescriptor) replaced previous registration(CharTypeDescriptor)
10:24:43.300 [main] DEBUG org.hibernate.type.descriptor.jdbc.spi.JdbcTypeRegistry - addDescriptor(NVarcharTypeDescriptor) replaced previous registration(VarcharTypeDescriptor)
10:24:43.300 [main] DEBUG org.hibernate.type.descriptor.jdbc.spi.JdbcTypeRegistry - addDescriptor(LongNVarcharTypeDescriptor) replaced previous registration(LongVarcharTypeDescriptor)
10:24:43.300 [main] DEBUG org.hibernate.type.descriptor.jdbc.spi.JdbcTypeRegistry - addDescriptor(NClobTypeDescriptor(DEFAULT)) replaced previous registration(ClobTypeDescriptor(DEFAULT))
10:24:43.300 [main] DEBUG org.hibernate.type.descriptor.jdbc.spi.JdbcTypeRegistry - addDescriptor(2005, ClobTypeDescriptor(STREAM_BINDING)) replaced previous registration(ClobTypeDescriptor(DEFAULT))
10:24:43.300 [main] DEBUG org.hibernate.type.descriptor.jdbc.spi.JdbcTypeRegistry - addDescriptor(TimestampUtcDescriptor) replaced previous registration(TimestampUtcDescriptor)
10:24:43.300 [main] DEBUG org.hibernate.type.BasicTypeRegistry - Adding type registration org.hibernate.type.DurationType -> basicType@1658(java.time.Duration,3015)
10:24:43.300 [main] DEBUG org.hibernate.type.BasicTypeRegistry - Adding type registration Duration -> basicType@1658(java.time.Duration,3015)
10:24:43.300 [main] DEBUG org.hibernate.type.BasicTypeRegistry - Adding type registration java.time.Duration -> basicType@1658(java.time.Duration,3015)
10:24:43.300 [main] DEBUG org.hibernate.type.spi.TypeConfiguration$Scope - Scoping TypeConfiguration [org.hibernate.type.spi.TypeConfiguration@39e1cabd] to MetadataBuildingContext [org.hibernate.boot.internal.MetadataBuildingContextRootImpl@68c67825]
10:24:43.300 [main] DEBUG org.hibernate.boot.model.relational.Namespace - Created database namespace [logicalName=Name{catalog=null, schema=null}, physicalName=Name{catalog=null, schema=null}]
10:24:43.301 [main] DEBUG org.hibernate.boot.model.internal.EntityBinder - Binding entity from annotated class: org.frcpm.models.Attendance
10:24:43.301 [main] DEBUG org.hibernate.boot.model.internal.EntityBinder - Import with entity name Attendance
10:24:43.301 [main] DEBUG org.hibernate.boot.model.internal.EntityBinder - Bind entity org.frcpm.models.Attendance on table attendances
10:24:43.301 [main] DEBUG org.hibernate.boot.model.internal.AnnotatedColumn - Binding column: AnnotatedDiscriminatorColumn(column='DTYPE')
10:24:43.301 [main] DEBUG org.hibernate.boot.model.internal.AnnotatedColumn - Binding column: AnnotatedColumn()
10:24:43.301 [main] DEBUG org.hibernate.boot.internal.ClassLoaderAccessImpl - Not known whether passed class name [org.frcpm.models.Attendance] is safe
10:24:43.301 [main] DEBUG org.hibernate.boot.internal.ClassLoaderAccessImpl - No temp ClassLoader provided; using live ClassLoader for loading potentially unsafe class : org.frcpm.models.Attendance
10:24:43.301 [main] DEBUG org.hibernate.boot.model.internal.PropertyBinder - MetadataSourceProcessor property id with lazy=false
10:24:43.301 [main] DEBUG org.hibernate.boot.model.internal.AbstractPropertyHolder - Attempting to locate auto-apply AttributeConverter for property [org.frcpm.models.Attendance:id]
10:24:43.301 [main] DEBUG org.hibernate.boot.model.internal.BasicValueBinder - building BasicValue for id
10:24:43.301 [main] DEBUG org.hibernate.mapping.BasicValue - Skipping column re-registration: attendances.id
10:24:43.301 [main] DEBUG org.hibernate.boot.model.internal.PropertyBinder - Building property id
10:24:43.301 [main] DEBUG org.hibernate.boot.model.internal.BinderHelper - #makeIdGenerator(BasicValue([Column(id)]), id, identity, , ...)
10:24:43.301 [main] DEBUG org.hibernate.boot.model.internal.AnnotatedColumn - Binding column: AnnotatedColumn(column='arrival_time')
10:24:43.301 [main] DEBUG org.hibernate.boot.model.internal.PropertyBinder - MetadataSourceProcessor property arrivalTime with lazy=false
10:24:43.301 [main] DEBUG org.hibernate.boot.model.internal.AbstractPropertyHolder - Attempting to locate auto-apply AttributeConverter for property [org.frcpm.models.Attendance:arrivalTime]
10:24:43.301 [main] DEBUG org.hibernate.boot.model.internal.BasicValueBinder - building BasicValue for arrivalTime
10:24:43.301 [main] DEBUG org.hibernate.mapping.BasicValue - Skipping column re-registration: attendances.arrival_time
10:24:43.301 [main] DEBUG org.hibernate.boot.model.internal.PropertyBinder - Building property arrivalTime
10:24:43.301 [main] DEBUG org.hibernate.boot.model.internal.AnnotatedColumn - Binding column: AnnotatedColumn(column='departure_time')
10:24:43.301 [main] DEBUG org.hibernate.boot.model.internal.PropertyBinder - MetadataSourceProcessor property departureTime with lazy=false
10:24:43.301 [main] DEBUG org.hibernate.boot.model.internal.AbstractPropertyHolder - Attempting to locate auto-apply AttributeConverter for property [org.frcpm.models.Attendance:departureTime]
10:24:43.301 [main] DEBUG org.hibernate.boot.model.internal.BasicValueBinder - building BasicValue for departureTime
10:24:43.301 [main] DEBUG org.hibernate.mapping.BasicValue - Skipping column re-registration: attendances.departure_time
10:24:43.301 [main] DEBUG org.hibernate.boot.model.internal.PropertyBinder - Building property departureTime
10:24:43.301 [main] DEBUG org.hibernate.boot.model.internal.AnnotatedColumn - Binding column: AnnotatedJoinColumn(column='meeting_id')
10:24:43.301 [main] DEBUG org.hibernate.boot.model.internal.AnnotatedColumn - Binding column: AnnotatedColumn()
10:24:43.301 [main] DEBUG org.hibernate.boot.model.internal.PropertyBinder - Building property meeting
10:24:43.301 [main] DEBUG org.hibernate.boot.model.internal.AnnotatedColumn - Binding column: AnnotatedJoinColumn(column='member_id')
10:24:43.301 [main] DEBUG org.hibernate.boot.model.internal.AnnotatedColumn - Binding column: AnnotatedColumn()
10:24:43.301 [main] DEBUG org.hibernate.boot.model.internal.PropertyBinder - Building property member
10:24:43.301 [main] DEBUG org.hibernate.boot.model.internal.AnnotatedColumn - Binding column: AnnotatedColumn(column='present')
10:24:43.301 [main] DEBUG org.hibernate.boot.model.internal.PropertyBinder - MetadataSourceProcessor property present with lazy=false
10:24:43.301 [main] DEBUG org.hibernate.boot.model.internal.AbstractPropertyHolder - Attempting to locate auto-apply AttributeConverter for property [org.frcpm.models.Attendance:present]
10:24:43.301 [main] DEBUG org.hibernate.boot.model.internal.BasicValueBinder - building BasicValue for present
10:24:43.303 [main] DEBUG org.hibernate.mapping.BasicValue - Skipping column re-registration: attendances.present
10:24:43.303 [main] DEBUG org.hibernate.boot.model.internal.PropertyBinder - Building property present
10:24:43.304 [main] DEBUG org.hibernate.boot.registry.classloading.internal.ClassLoaderServiceImpl - HHH000194: Package not found or no package-info.java: org.frcpm.models
10:24:43.304 [main] DEBUG org.hibernate.boot.model.internal.EntityBinder - Binding entity from annotated class: org.frcpm.models.Meeting
10:24:43.304 [main] DEBUG org.hibernate.boot.model.internal.EntityBinder - Import with entity name Meeting
10:24:43.304 [main] DEBUG org.hibernate.boot.model.internal.EntityBinder - Bind entity org.frcpm.models.Meeting on table meetings
10:24:43.304 [main] DEBUG org.hibernate.boot.model.internal.AnnotatedColumn - Binding column: AnnotatedDiscriminatorColumn(column='DTYPE')
10:24:43.305 [main] DEBUG org.hibernate.boot.model.internal.AnnotatedColumn - Binding column: AnnotatedColumn()
10:24:43.305 [main] DEBUG org.hibernate.boot.internal.ClassLoaderAccessImpl - Not known whether passed class name [org.frcpm.models.Meeting] is safe
10:24:43.305 [main] DEBUG org.hibernate.boot.internal.ClassLoaderAccessImpl - No temp ClassLoader provided; using live ClassLoader for loading potentially unsafe class : org.frcpm.models.Meeting
10:24:43.305 [main] DEBUG org.hibernate.boot.model.internal.PropertyBinder - MetadataSourceProcessor property id with lazy=false
10:24:43.305 [main] DEBUG org.hibernate.boot.model.internal.AbstractPropertyHolder - Attempting to locate auto-apply AttributeConverter for property [org.frcpm.models.Meeting:id]
10:24:43.305 [main] DEBUG org.hibernate.boot.model.internal.BasicValueBinder - building BasicValue for id
10:24:43.305 [main] DEBUG org.hibernate.mapping.BasicValue - Skipping column re-registration: meetings.id
10:24:43.305 [main] DEBUG org.hibernate.boot.model.internal.PropertyBinder - Building property id
10:24:43.305 [main] DEBUG org.hibernate.boot.model.internal.BinderHelper - #makeIdGenerator(BasicValue([Column(id)]), id, identity, , ...)
10:24:43.305 [main] DEBUG org.hibernate.boot.model.internal.AnnotatedColumn - Binding column: AnnotatedJoinColumn()
10:24:43.305 [main] DEBUG org.hibernate.boot.model.internal.AnnotatedColumn - Binding column: AnnotatedColumn()
10:24:43.305 [main] DEBUG org.hibernate.boot.model.internal.AnnotatedColumn - Binding column: IndexColumn(column='attendances_ORDER')
10:24:43.305 [main] DEBUG org.hibernate.boot.model.internal.AnnotatedColumn - Binding column: AnnotatedColumn()
10:24:43.305 [main] DEBUG org.hibernate.boot.model.internal.AnnotatedColumn - Binding column: AnnotatedColumn(column='attendances_KEY')
10:24:43.305 [main] DEBUG org.hibernate.boot.model.internal.AnnotatedColumn - Binding column: AnnotatedJoinColumn(column='attendances_KEY')
10:24:43.305 [main] DEBUG org.hibernate.boot.model.internal.AnnotatedColumn - Binding column: AnnotatedJoinColumn()
10:24:43.305 [main] DEBUG org.hibernate.boot.model.internal.AnnotatedColumn - Binding column: AnnotatedJoinColumn()
10:24:43.305 [main] DEBUG org.hibernate.boot.model.internal.CollectionBinder - Collection role: org.frcpm.models.Meeting.attendances
10:24:43.305 [main] DEBUG org.hibernate.boot.model.internal.PropertyBinder - Building property attendances
10:24:43.305 [main] DEBUG org.hibernate.boot.model.internal.AnnotatedColumn - Binding column: AnnotatedColumn(column='date')
10:24:43.305 [main] DEBUG org.hibernate.boot.model.internal.PropertyBinder - MetadataSourceProcessor property date with lazy=false
10:24:43.305 [main] DEBUG org.hibernate.boot.model.internal.AbstractPropertyHolder - Attempting to locate auto-apply AttributeConverter for property [org.frcpm.models.Meeting:date]
10:24:43.305 [main] DEBUG org.hibernate.boot.model.internal.BasicValueBinder - building BasicValue for date
10:24:43.305 [main] DEBUG org.hibernate.mapping.BasicValue - Skipping column re-registration: meetings.date
10:24:43.305 [main] DEBUG org.hibernate.boot.model.internal.PropertyBinder - Building property date
10:24:43.305 [main] DEBUG org.hibernate.boot.model.internal.AnnotatedColumn - Binding column: AnnotatedColumn(column='end_time')
10:24:43.305 [main] DEBUG org.hibernate.boot.model.internal.PropertyBinder - MetadataSourceProcessor property endTime with lazy=false
10:24:43.305 [main] DEBUG org.hibernate.boot.model.internal.AbstractPropertyHolder - Attempting to locate auto-apply AttributeConverter for property [org.frcpm.models.Meeting:endTime]
10:24:43.305 [main] DEBUG org.hibernate.boot.model.internal.BasicValueBinder - building BasicValue for endTime
10:24:43.305 [main] DEBUG org.hibernate.mapping.BasicValue - Skipping column re-registration: meetings.end_time
10:24:43.305 [main] DEBUG org.hibernate.boot.model.internal.PropertyBinder - Building property endTime
10:24:43.305 [main] DEBUG org.hibernate.boot.model.internal.AnnotatedColumn - Binding column: AnnotatedColumn(column='notes')
10:24:43.305 [main] DEBUG org.hibernate.boot.model.internal.PropertyBinder - MetadataSourceProcessor property notes with lazy=false
10:24:43.305 [main] DEBUG org.hibernate.boot.model.internal.AbstractPropertyHolder - Attempting to locate auto-apply AttributeConverter for property [org.frcpm.models.Meeting:notes]
10:24:43.305 [main] DEBUG org.hibernate.boot.model.internal.BasicValueBinder - building BasicValue for notes
10:24:43.305 [main] DEBUG org.hibernate.mapping.BasicValue - Skipping column re-registration: meetings.notes
10:24:43.305 [main] DEBUG org.hibernate.boot.model.internal.PropertyBinder - Building property notes
10:24:43.305 [main] DEBUG org.hibernate.boot.model.internal.AnnotatedColumn - Binding column: AnnotatedJoinColumn(column='project_id')
10:24:43.305 [main] DEBUG org.hibernate.boot.model.internal.AnnotatedColumn - Binding column: AnnotatedColumn()
10:24:43.305 [main] DEBUG org.hibernate.boot.model.internal.PropertyBinder - Building property project
10:24:43.305 [main] DEBUG org.hibernate.boot.model.internal.AnnotatedColumn - Binding column: AnnotatedColumn(column='start_time')
10:24:43.305 [main] DEBUG org.hibernate.boot.model.internal.PropertyBinder - MetadataSourceProcessor property startTime with lazy=false
10:24:43.305 [main] DEBUG org.hibernate.boot.model.internal.AbstractPropertyHolder - Attempting to locate auto-apply AttributeConverter for property [org.frcpm.models.Meeting:startTime]
10:24:43.305 [main] DEBUG org.hibernate.boot.model.internal.BasicValueBinder - building BasicValue for startTime
10:24:43.305 [main] DEBUG org.hibernate.mapping.BasicValue - Skipping column re-registration: meetings.start_time
10:24:43.305 [main] DEBUG org.hibernate.boot.model.internal.PropertyBinder - Building property startTime
10:24:43.306 [main] DEBUG org.hibernate.boot.registry.classloading.internal.ClassLoaderServiceImpl - HHH000194: Package not found or no package-info.java: org.frcpm.models
10:24:43.306 [main] DEBUG org.hibernate.boot.model.internal.EntityBinder - Binding entity from annotated class: org.frcpm.models.Subsystem
10:24:43.306 [main] DEBUG org.hibernate.boot.model.internal.EntityBinder - Import with entity name Subsystem
10:24:43.306 [main] DEBUG org.hibernate.boot.model.internal.EntityBinder - Bind entity org.frcpm.models.Subsystem on table subsystems
10:24:43.306 [main] DEBUG org.hibernate.boot.model.internal.AnnotatedColumn - Binding column: AnnotatedDiscriminatorColumn(column='DTYPE')
10:24:43.307 [main] DEBUG org.hibernate.boot.model.internal.AnnotatedColumn - Binding column: AnnotatedColumn()
10:24:43.307 [main] DEBUG org.hibernate.boot.internal.ClassLoaderAccessImpl - Not known whether passed class name [org.frcpm.models.Subsystem] is safe
10:24:43.307 [main] DEBUG org.hibernate.boot.internal.ClassLoaderAccessImpl - No temp ClassLoader provided; using live ClassLoader for loading potentially unsafe class : org.frcpm.models.Subsystem
10:24:43.307 [main] DEBUG org.hibernate.boot.model.internal.PropertyBinder - MetadataSourceProcessor property id with lazy=false
10:24:43.307 [main] DEBUG org.hibernate.boot.model.internal.AbstractPropertyHolder - Attempting to locate auto-apply AttributeConverter for property [org.frcpm.models.Subsystem:id]
10:24:43.307 [main] DEBUG org.hibernate.boot.model.internal.BasicValueBinder - building BasicValue for id
10:24:43.307 [main] DEBUG org.hibernate.mapping.BasicValue - Skipping column re-registration: subsystems.id
10:24:43.307 [main] DEBUG org.hibernate.boot.model.internal.PropertyBinder - Building property id
10:24:43.307 [main] DEBUG org.hibernate.boot.model.internal.BinderHelper - #makeIdGenerator(BasicValue([Column(id)]), id, identity, , ...)
10:24:43.307 [main] DEBUG org.hibernate.boot.model.internal.AnnotatedColumn - Binding column: AnnotatedColumn(column='description')
10:24:43.307 [main] DEBUG org.hibernate.boot.model.internal.PropertyBinder - MetadataSourceProcessor property description with lazy=false
10:24:43.307 [main] DEBUG org.hibernate.boot.model.internal.AbstractPropertyHolder - Attempting to locate auto-apply AttributeConverter for property [org.frcpm.models.Subsystem:description]
10:24:43.307 [main] DEBUG org.hibernate.boot.model.internal.BasicValueBinder - building BasicValue for description
10:24:43.307 [main] DEBUG org.hibernate.mapping.BasicValue - Skipping column re-registration: subsystems.description
10:24:43.307 [main] DEBUG org.hibernate.boot.model.internal.PropertyBinder - Building property description
10:24:43.307 [main] DEBUG org.hibernate.boot.model.internal.AnnotatedColumn - Binding column: AnnotatedColumn(column='name')
10:24:43.307 [main] DEBUG org.hibernate.boot.model.internal.PropertyBinder - MetadataSourceProcessor property name with lazy=false
10:24:43.307 [main] DEBUG org.hibernate.boot.model.internal.AbstractPropertyHolder - Attempting to locate auto-apply AttributeConverter for property [org.frcpm.models.Subsystem:name]
10:24:43.307 [main] DEBUG org.hibernate.boot.model.internal.BasicValueBinder - building BasicValue for name
10:24:43.307 [main] DEBUG org.hibernate.mapping.BasicValue - Skipping column re-registration: subsystems.name
10:24:43.307 [main] DEBUG org.hibernate.boot.model.internal.PropertyBinder - Building property name
10:24:43.307 [main] DEBUG org.hibernate.boot.model.internal.AnnotatedColumn - Binding column: AnnotatedJoinColumn(column='responsible_subteam_id')
10:24:43.307 [main] DEBUG org.hibernate.boot.model.internal.AnnotatedColumn - Binding column: AnnotatedColumn()
10:24:43.307 [main] DEBUG org.hibernate.boot.model.internal.PropertyBinder - Building property responsibleSubteam
10:24:43.307 [main] DEBUG org.hibernate.boot.model.internal.AnnotatedColumn - Binding column: AnnotatedColumn(column='status')
10:24:43.307 [main] DEBUG org.hibernate.boot.model.internal.PropertyBinder - MetadataSourceProcessor property status with lazy=false
10:24:43.307 [main] DEBUG org.hibernate.boot.model.internal.AbstractPropertyHolder - Attempting to locate auto-apply AttributeConverter for property [org.frcpm.models.Subsystem:status]
10:24:43.307 [main] DEBUG org.hibernate.boot.model.internal.BasicValueBinder - building BasicValue for status
10:24:43.307 [main] DEBUG org.hibernate.mapping.BasicValue - Skipping column re-registration: subsystems.status
10:24:43.307 [main] DEBUG org.hibernate.boot.model.internal.PropertyBinder - Building property status
10:24:43.307 [main] DEBUG org.hibernate.boot.model.internal.AnnotatedColumn - Binding column: AnnotatedJoinColumn()
10:24:43.307 [main] DEBUG org.hibernate.boot.model.internal.AnnotatedColumn - Binding column: AnnotatedColumn()
10:24:43.307 [main] DEBUG org.hibernate.boot.model.internal.AnnotatedColumn - Binding column: IndexColumn(column='tasks_ORDER')
10:24:43.307 [main] DEBUG org.hibernate.boot.model.internal.AnnotatedColumn - Binding column: AnnotatedColumn()
10:24:43.307 [main] DEBUG org.hibernate.boot.model.internal.AnnotatedColumn - Binding column: AnnotatedColumn(column='tasks_KEY')
10:24:43.307 [main] DEBUG org.hibernate.boot.model.internal.AnnotatedColumn - Binding column: AnnotatedJoinColumn(column='tasks_KEY')
10:24:43.307 [main] DEBUG org.hibernate.boot.model.internal.AnnotatedColumn - Binding column: AnnotatedJoinColumn()
10:24:43.307 [main] DEBUG org.hibernate.boot.model.internal.AnnotatedColumn - Binding column: AnnotatedJoinColumn()
10:24:43.307 [main] DEBUG org.hibernate.boot.model.internal.CollectionBinder - Collection role: org.frcpm.models.Subsystem.tasks
10:24:43.307 [main] DEBUG org.hibernate.boot.model.internal.PropertyBinder - Building property tasks
10:24:43.307 [main] DEBUG org.hibernate.boot.registry.classloading.internal.ClassLoaderServiceImpl - HHH000194: Package not found or no package-info.java: org.frcpm.models
10:24:43.307 [main] DEBUG org.hibernate.boot.model.internal.EntityBinder - Binding entity from annotated class: org.frcpm.models.Component
10:24:43.308 [main] DEBUG org.hibernate.boot.model.internal.EntityBinder - Import with entity name Component
10:24:43.308 [main] DEBUG org.hibernate.boot.model.internal.EntityBinder - Bind entity org.frcpm.models.Component on table components
10:24:43.308 [main] DEBUG org.hibernate.boot.model.internal.AnnotatedColumn - Binding column: AnnotatedDiscriminatorColumn(column='DTYPE')
10:24:43.308 [main] DEBUG org.hibernate.boot.model.internal.AnnotatedColumn - Binding column: AnnotatedColumn()
10:24:43.308 [main] DEBUG org.hibernate.boot.internal.ClassLoaderAccessImpl - Not known whether passed class name [org.frcpm.models.Component] is safe
10:24:43.308 [main] DEBUG org.hibernate.boot.internal.ClassLoaderAccessImpl - No temp ClassLoader provided; using live ClassLoader for loading potentially unsafe class : org.frcpm.models.Component
10:24:43.308 [main] DEBUG org.hibernate.boot.model.internal.PropertyBinder - MetadataSourceProcessor property id with lazy=false
10:24:43.308 [main] DEBUG org.hibernate.boot.model.internal.AbstractPropertyHolder - Attempting to locate auto-apply AttributeConverter for property [org.frcpm.models.Component:id]
10:24:43.308 [main] DEBUG org.hibernate.boot.model.internal.BasicValueBinder - building BasicValue for id
10:24:43.308 [main] DEBUG org.hibernate.mapping.BasicValue - Skipping column re-registration: components.id
10:24:43.308 [main] DEBUG org.hibernate.boot.model.internal.PropertyBinder - Building property id
10:24:43.308 [main] DEBUG org.hibernate.boot.model.internal.BinderHelper - #makeIdGenerator(BasicValue([Column(id)]), id, identity, , ...)
10:24:43.308 [main] DEBUG org.hibernate.boot.model.internal.AnnotatedColumn - Binding column: AnnotatedColumn(column='actual_delivery')
10:24:43.308 [main] DEBUG org.hibernate.boot.model.internal.PropertyBinder - MetadataSourceProcessor property actualDelivery with lazy=false
10:24:43.308 [main] DEBUG org.hibernate.boot.model.internal.AbstractPropertyHolder - Attempting to locate auto-apply AttributeConverter for property [org.frcpm.models.Component:actualDelivery]
10:24:43.308 [main] DEBUG org.hibernate.boot.model.internal.BasicValueBinder - building BasicValue for actualDelivery
10:24:43.308 [main] DEBUG org.hibernate.mapping.BasicValue - Skipping column re-registration: components.actual_delivery
10:24:43.308 [main] DEBUG org.hibernate.boot.model.internal.PropertyBinder - Building property actualDelivery
10:24:43.308 [main] DEBUG org.hibernate.boot.model.internal.AnnotatedColumn - Binding column: AnnotatedColumn(column='is_delivered')
10:24:43.308 [main] DEBUG org.hibernate.boot.model.internal.PropertyBinder - MetadataSourceProcessor property delivered with lazy=false
10:24:43.308 [main] DEBUG org.hibernate.boot.model.internal.AbstractPropertyHolder - Attempting to locate auto-apply AttributeConverter for property [org.frcpm.models.Component:delivered]
10:24:43.308 [main] DEBUG org.hibernate.boot.model.internal.BasicValueBinder - building BasicValue for delivered
10:24:43.308 [main] DEBUG org.hibernate.mapping.BasicValue - Skipping column re-registration: components.is_delivered
10:24:43.308 [main] DEBUG org.hibernate.boot.model.internal.PropertyBinder - Building property delivered
10:24:43.308 [main] DEBUG org.hibernate.boot.model.internal.AnnotatedColumn - Binding column: AnnotatedColumn(column='description')
10:24:43.308 [main] DEBUG org.hibernate.boot.model.internal.PropertyBinder - MetadataSourceProcessor property description with lazy=false
10:24:43.308 [main] DEBUG org.hibernate.boot.model.internal.AbstractPropertyHolder - Attempting to locate auto-apply AttributeConverter for property [org.frcpm.models.Component:description]
10:24:43.308 [main] DEBUG org.hibernate.boot.model.internal.BasicValueBinder - building BasicValue for description
10:24:43.308 [main] DEBUG org.hibernate.mapping.BasicValue - Skipping column re-registration: components.description
10:24:43.308 [main] DEBUG org.hibernate.boot.model.internal.PropertyBinder - Building property description
10:24:43.308 [main] DEBUG org.hibernate.boot.model.internal.AnnotatedColumn - Binding column: AnnotatedColumn(column='expected_delivery')
10:24:43.308 [main] DEBUG org.hibernate.boot.model.internal.PropertyBinder - MetadataSourceProcessor property expectedDelivery with lazy=false
10:24:43.308 [main] DEBUG org.hibernate.boot.model.internal.AbstractPropertyHolder - Attempting to locate auto-apply AttributeConverter for property [org.frcpm.models.Component:expectedDelivery]
10:24:43.308 [main] DEBUG org.hibernate.boot.model.internal.BasicValueBinder - building BasicValue for expectedDelivery
10:24:43.308 [main] DEBUG org.hibernate.mapping.BasicValue - Skipping column re-registration: components.expected_delivery
10:24:43.308 [main] DEBUG org.hibernate.boot.model.internal.PropertyBinder - Building property expectedDelivery
10:24:43.308 [main] DEBUG org.hibernate.boot.model.internal.AnnotatedColumn - Binding column: AnnotatedColumn(column='name')
10:24:43.308 [main] DEBUG org.hibernate.boot.model.internal.PropertyBinder - MetadataSourceProcessor property name with lazy=false
10:24:43.308 [main] DEBUG org.hibernate.boot.model.internal.AbstractPropertyHolder - Attempting to locate auto-apply AttributeConverter for property [org.frcpm.models.Component:name]
10:24:43.308 [main] DEBUG org.hibernate.boot.model.internal.BasicValueBinder - building BasicValue for name
10:24:43.308 [main] DEBUG org.hibernate.mapping.BasicValue - Skipping column re-registration: components.name
10:24:43.308 [main] DEBUG org.hibernate.boot.model.internal.PropertyBinder - Building property name
10:24:43.308 [main] DEBUG org.hibernate.boot.model.internal.AnnotatedColumn - Binding column: AnnotatedColumn(column='part_number')
10:24:43.308 [main] DEBUG org.hibernate.boot.model.internal.PropertyBinder - MetadataSourceProcessor property partNumber with lazy=false
10:24:43.308 [main] DEBUG org.hibernate.boot.model.internal.AbstractPropertyHolder - Attempting to locate auto-apply AttributeConverter for property [org.frcpm.models.Component:partNumber]
10:24:43.308 [main] DEBUG org.hibernate.boot.model.internal.BasicValueBinder - building BasicValue for partNumber
10:24:43.308 [main] DEBUG org.hibernate.mapping.BasicValue - Skipping column re-registration: components.part_number
10:24:43.308 [main] DEBUG org.hibernate.boot.model.internal.PropertyBinder - Building property partNumber
10:24:43.308 [main] DEBUG org.hibernate.boot.model.internal.AnnotatedColumn - Binding column: IndexColumn(column='requiredForTasks_ORDER')
10:24:43.308 [main] DEBUG org.hibernate.boot.model.internal.AnnotatedColumn - Binding column: AnnotatedColumn()
10:24:43.308 [main] DEBUG org.hibernate.boot.model.internal.AnnotatedColumn - Binding column: AnnotatedColumn(column='requiredForTasks_KEY')
10:24:43.308 [main] DEBUG org.hibernate.boot.model.internal.AnnotatedColumn - Binding column: AnnotatedJoinColumn(column='requiredForTasks_KEY')
10:24:43.308 [main] DEBUG org.hibernate.boot.model.internal.AnnotatedColumn - Binding column: AnnotatedJoinColumn()
10:24:43.308 [main] DEBUG org.hibernate.boot.model.internal.AnnotatedColumn - Binding column: AnnotatedJoinColumn()
10:24:43.308 [main] DEBUG org.hibernate.boot.model.internal.CollectionBinder - Collection role: org.frcpm.models.Component.requiredForTasks
10:24:43.308 [main] DEBUG org.hibernate.boot.model.internal.PropertyBinder - Building property requiredForTasks
10:24:43.309 [main] DEBUG org.hibernate.boot.registry.classloading.internal.ClassLoaderServiceImpl - HHH000194: Package not found or no package-info.java: org.frcpm.models
10:24:43.309 [main] DEBUG org.hibernate.boot.model.internal.EntityBinder - Binding entity from annotated class: org.frcpm.models.Milestone
10:24:43.309 [main] DEBUG org.hibernate.boot.model.internal.EntityBinder - Import with entity name Milestone
10:24:43.309 [main] DEBUG org.hibernate.boot.model.internal.EntityBinder - Bind entity org.frcpm.models.Milestone on table milestones
10:24:43.309 [main] DEBUG org.hibernate.boot.model.internal.AnnotatedColumn - Binding column: AnnotatedDiscriminatorColumn(column='DTYPE')
10:24:43.309 [main] DEBUG org.hibernate.boot.model.internal.AnnotatedColumn - Binding column: AnnotatedColumn()
10:24:43.309 [main] DEBUG org.hibernate.boot.internal.ClassLoaderAccessImpl - Not known whether passed class name [org.frcpm.models.Milestone] is safe
10:24:43.309 [main] DEBUG org.hibernate.boot.internal.ClassLoaderAccessImpl - No temp ClassLoader provided; using live ClassLoader for loading potentially unsafe class : org.frcpm.models.Milestone
10:24:43.309 [main] DEBUG org.hibernate.boot.model.internal.PropertyBinder - MetadataSourceProcessor property id with lazy=false
10:24:43.309 [main] DEBUG org.hibernate.boot.model.internal.AbstractPropertyHolder - Attempting to locate auto-apply AttributeConverter for property [org.frcpm.models.Milestone:id]
10:24:43.309 [main] DEBUG org.hibernate.boot.model.internal.BasicValueBinder - building BasicValue for id
10:24:43.309 [main] DEBUG org.hibernate.mapping.BasicValue - Skipping column re-registration: milestones.id
10:24:43.309 [main] DEBUG org.hibernate.boot.model.internal.PropertyBinder - Building property id
10:24:43.309 [main] DEBUG org.hibernate.boot.model.internal.BinderHelper - #makeIdGenerator(BasicValue([Column(id)]), id, identity, , ...)
10:24:43.309 [main] DEBUG org.hibernate.boot.model.internal.AnnotatedColumn - Binding column: AnnotatedColumn(column='date')
10:24:43.309 [main] DEBUG org.hibernate.boot.model.internal.PropertyBinder - MetadataSourceProcessor property date with lazy=false
10:24:43.309 [main] DEBUG org.hibernate.boot.model.internal.AbstractPropertyHolder - Attempting to locate auto-apply AttributeConverter for property [org.frcpm.models.Milestone:date]
10:24:43.309 [main] DEBUG org.hibernate.boot.model.internal.BasicValueBinder - building BasicValue for date
10:24:43.309 [main] DEBUG org.hibernate.mapping.BasicValue - Skipping column re-registration: milestones.date
10:24:43.309 [main] DEBUG org.hibernate.boot.model.internal.PropertyBinder - Building property date
10:24:43.309 [main] DEBUG org.hibernate.boot.model.internal.AnnotatedColumn - Binding column: AnnotatedColumn(column='description')
10:24:43.309 [main] DEBUG org.hibernate.boot.model.internal.PropertyBinder - MetadataSourceProcessor property description with lazy=false
10:24:43.309 [main] DEBUG org.hibernate.boot.model.internal.AbstractPropertyHolder - Attempting to locate auto-apply AttributeConverter for property [org.frcpm.models.Milestone:description]
10:24:43.309 [main] DEBUG org.hibernate.boot.model.internal.BasicValueBinder - building BasicValue for description
10:24:43.309 [main] DEBUG org.hibernate.mapping.BasicValue - Skipping column re-registration: milestones.description
10:24:43.309 [main] DEBUG org.hibernate.boot.model.internal.PropertyBinder - Building property description
10:24:43.309 [main] DEBUG org.hibernate.boot.model.internal.AnnotatedColumn - Binding column: AnnotatedColumn(column='name')
10:24:43.309 [main] DEBUG org.hibernate.boot.model.internal.PropertyBinder - MetadataSourceProcessor property name with lazy=false
10:24:43.309 [main] DEBUG org.hibernate.boot.model.internal.AbstractPropertyHolder - Attempting to locate auto-apply AttributeConverter for property [org.frcpm.models.Milestone:name]
10:24:43.309 [main] DEBUG org.hibernate.boot.model.internal.BasicValueBinder - building BasicValue for name
10:24:43.309 [main] DEBUG org.hibernate.mapping.BasicValue - Skipping column re-registration: milestones.name
10:24:43.309 [main] DEBUG org.hibernate.boot.model.internal.PropertyBinder - Building property name
10:24:43.309 [main] DEBUG org.hibernate.boot.model.internal.AnnotatedColumn - Binding column: AnnotatedJoinColumn(column='project_id')
10:24:43.309 [main] DEBUG org.hibernate.boot.model.internal.AnnotatedColumn - Binding column: AnnotatedColumn()
10:24:43.309 [main] DEBUG org.hibernate.boot.model.internal.PropertyBinder - Building property project
10:24:43.310 [main] DEBUG org.hibernate.boot.registry.classloading.internal.ClassLoaderServiceImpl - HHH000194: Package not found or no package-info.java: org.frcpm.models
10:24:43.311 [main] DEBUG org.hibernate.boot.model.internal.EntityBinder - Binding entity from annotated class: org.frcpm.models.Project
10:24:43.311 [main] DEBUG org.hibernate.boot.model.internal.EntityBinder - Import with entity name Project
10:24:43.311 [main] DEBUG org.hibernate.boot.model.internal.EntityBinder - Bind entity org.frcpm.models.Project on table projects
10:24:43.311 [main] DEBUG org.hibernate.boot.model.internal.AnnotatedColumn - Binding column: AnnotatedDiscriminatorColumn(column='DTYPE')
10:24:43.311 [main] DEBUG org.hibernate.boot.model.internal.AnnotatedColumn - Binding column: AnnotatedColumn()
10:24:43.311 [main] DEBUG org.hibernate.boot.internal.ClassLoaderAccessImpl - Not known whether passed class name [org.frcpm.models.Project] is safe
10:24:43.311 [main] DEBUG org.hibernate.boot.internal.ClassLoaderAccessImpl - No temp ClassLoader provided; using live ClassLoader for loading potentially unsafe class : org.frcpm.models.Project
10:24:43.311 [main] DEBUG org.hibernate.boot.model.internal.PropertyBinder - MetadataSourceProcessor property id with lazy=false
10:24:43.311 [main] DEBUG org.hibernate.boot.model.internal.AbstractPropertyHolder - Attempting to locate auto-apply AttributeConverter for property [org.frcpm.models.Project:id]
10:24:43.311 [main] DEBUG org.hibernate.boot.model.internal.BasicValueBinder - building BasicValue for id
10:24:43.311 [main] DEBUG org.hibernate.mapping.BasicValue - Skipping column re-registration: projects.id
10:24:43.311 [main] DEBUG org.hibernate.boot.model.internal.PropertyBinder - Building property id
10:24:43.311 [main] DEBUG org.hibernate.boot.model.internal.BinderHelper - #makeIdGenerator(BasicValue([Column(id)]), id, identity, , ...)
10:24:43.311 [main] DEBUG org.hibernate.boot.model.internal.AnnotatedColumn - Binding column: AnnotatedColumn(column='description')
10:24:43.311 [main] DEBUG org.hibernate.boot.model.internal.PropertyBinder - MetadataSourceProcessor property description with lazy=false
10:24:43.311 [main] DEBUG org.hibernate.boot.model.internal.AbstractPropertyHolder - Attempting to locate auto-apply AttributeConverter for property [org.frcpm.models.Project:description]
10:24:43.311 [main] DEBUG org.hibernate.boot.model.internal.BasicValueBinder - building BasicValue for description
10:24:43.311 [main] DEBUG org.hibernate.mapping.BasicValue - Skipping column re-registration: projects.description
10:24:43.311 [main] DEBUG org.hibernate.boot.model.internal.PropertyBinder - Building property description
10:24:43.311 [main] DEBUG org.hibernate.boot.model.internal.AnnotatedColumn - Binding column: AnnotatedColumn(column='goal_end_date')
10:24:43.311 [main] DEBUG org.hibernate.boot.model.internal.PropertyBinder - MetadataSourceProcessor property goalEndDate with lazy=false
10:24:43.311 [main] DEBUG org.hibernate.boot.model.internal.AbstractPropertyHolder - Attempting to locate auto-apply AttributeConverter for property [org.frcpm.models.Project:goalEndDate]
10:24:43.311 [main] DEBUG org.hibernate.boot.model.internal.BasicValueBinder - building BasicValue for goalEndDate
10:24:43.311 [main] DEBUG org.hibernate.mapping.BasicValue - Skipping column re-registration: projects.goal_end_date
10:24:43.311 [main] DEBUG org.hibernate.boot.model.internal.PropertyBinder - Building property goalEndDate
10:24:43.311 [main] DEBUG org.hibernate.boot.model.internal.AnnotatedColumn - Binding column: AnnotatedColumn(column='hard_deadline')
10:24:43.311 [main] DEBUG org.hibernate.boot.model.internal.PropertyBinder - MetadataSourceProcessor property hardDeadline with lazy=false
10:24:43.311 [main] DEBUG org.hibernate.boot.model.internal.AbstractPropertyHolder - Attempting to locate auto-apply AttributeConverter for property [org.frcpm.models.Project:hardDeadline]
10:24:43.311 [main] DEBUG org.hibernate.boot.model.internal.BasicValueBinder - building BasicValue for hardDeadline
10:24:43.311 [main] DEBUG org.hibernate.mapping.BasicValue - Skipping column re-registration: projects.hard_deadline
10:24:43.311 [main] DEBUG org.hibernate.boot.model.internal.PropertyBinder - Building property hardDeadline
10:24:43.311 [main] DEBUG org.hibernate.boot.model.internal.AnnotatedColumn - Binding column: AnnotatedJoinColumn()
10:24:43.312 [main] DEBUG org.hibernate.boot.model.internal.AnnotatedColumn - Binding column: AnnotatedColumn()
10:24:43.312 [main] DEBUG org.hibernate.boot.model.internal.AnnotatedColumn - Binding column: IndexColumn(column='meetings_ORDER')
10:24:43.312 [main] DEBUG org.hibernate.boot.model.internal.AnnotatedColumn - Binding column: AnnotatedColumn()
10:24:43.312 [main] DEBUG org.hibernate.boot.model.internal.AnnotatedColumn - Binding column: AnnotatedColumn(column='meetings_KEY')
10:24:43.312 [main] DEBUG org.hibernate.boot.model.internal.AnnotatedColumn - Binding column: AnnotatedJoinColumn(column='meetings_KEY')
10:24:43.312 [main] DEBUG org.hibernate.boot.model.internal.AnnotatedColumn - Binding column: AnnotatedJoinColumn()
10:24:43.312 [main] DEBUG org.hibernate.boot.model.internal.AnnotatedColumn - Binding column: AnnotatedJoinColumn()
10:24:43.312 [main] DEBUG org.hibernate.boot.model.internal.CollectionBinder - Collection role: org.frcpm.models.Project.meetings
10:24:43.312 [main] DEBUG org.hibernate.boot.model.internal.PropertyBinder - Building property meetings
10:24:43.312 [main] DEBUG org.hibernate.boot.model.internal.AnnotatedColumn - Binding column: AnnotatedJoinColumn()
10:24:43.312 [main] DEBUG org.hibernate.boot.model.internal.AnnotatedColumn - Binding column: AnnotatedColumn()
10:24:43.312 [main] DEBUG org.hibernate.boot.model.internal.AnnotatedColumn - Binding column: IndexColumn(column='milestones_ORDER')
10:24:43.312 [main] DEBUG org.hibernate.boot.model.internal.AnnotatedColumn - Binding column: AnnotatedColumn()
10:24:43.312 [main] DEBUG org.hibernate.boot.model.internal.AnnotatedColumn - Binding column: AnnotatedColumn(column='milestones_KEY')
10:24:43.312 [main] DEBUG org.hibernate.boot.model.internal.AnnotatedColumn - Binding column: AnnotatedJoinColumn(column='milestones_KEY')
10:24:43.312 [main] DEBUG org.hibernate.boot.model.internal.AnnotatedColumn - Binding column: AnnotatedJoinColumn()
10:24:43.312 [main] DEBUG org.hibernate.boot.model.internal.AnnotatedColumn - Binding column: AnnotatedJoinColumn()
10:24:43.312 [main] DEBUG org.hibernate.boot.model.internal.CollectionBinder - Collection role: org.frcpm.models.Project.milestones
10:24:43.312 [main] DEBUG org.hibernate.boot.model.internal.PropertyBinder - Building property milestones
10:24:43.312 [main] DEBUG org.hibernate.boot.model.internal.AnnotatedColumn - Binding column: AnnotatedColumn(column='name')
10:24:43.312 [main] DEBUG org.hibernate.boot.model.internal.PropertyBinder - MetadataSourceProcessor property name with lazy=false
10:24:43.312 [main] DEBUG org.hibernate.boot.model.internal.AbstractPropertyHolder - Attempting to locate auto-apply AttributeConverter for property [org.frcpm.models.Project:name]
10:24:43.312 [main] DEBUG org.hibernate.boot.model.internal.BasicValueBinder - building BasicValue for name
10:24:43.312 [main] DEBUG org.hibernate.mapping.BasicValue - Skipping column re-registration: projects.name
10:24:43.312 [main] DEBUG org.hibernate.boot.model.internal.PropertyBinder - Building property name
10:24:43.312 [main] DEBUG org.hibernate.boot.model.internal.AnnotatedColumn - Binding column: AnnotatedColumn(column='start_date')
10:24:43.312 [main] DEBUG org.hibernate.boot.model.internal.PropertyBinder - MetadataSourceProcessor property startDate with lazy=false
10:24:43.312 [main] DEBUG org.hibernate.boot.model.internal.AbstractPropertyHolder - Attempting to locate auto-apply AttributeConverter for property [org.frcpm.models.Project:startDate]
10:24:43.312 [main] DEBUG org.hibernate.boot.model.internal.BasicValueBinder - building BasicValue for startDate
10:24:43.312 [main] DEBUG org.hibernate.mapping.BasicValue - Skipping column re-registration: projects.start_date
10:24:43.312 [main] DEBUG org.hibernate.boot.model.internal.PropertyBinder - Building property startDate
10:24:43.312 [main] DEBUG org.hibernate.boot.model.internal.AnnotatedColumn - Binding column: AnnotatedJoinColumn()
10:24:43.312 [main] DEBUG org.hibernate.boot.model.internal.AnnotatedColumn - Binding column: AnnotatedColumn()
10:24:43.312 [main] DEBUG org.hibernate.boot.model.internal.AnnotatedColumn - Binding column: IndexColumn(column='tasks_ORDER')
10:24:43.312 [main] DEBUG org.hibernate.boot.model.internal.AnnotatedColumn - Binding column: AnnotatedColumn()
10:24:43.312 [main] DEBUG org.hibernate.boot.model.internal.AnnotatedColumn - Binding column: AnnotatedColumn(column='tasks_KEY')
10:24:43.312 [main] DEBUG org.hibernate.boot.model.internal.AnnotatedColumn - Binding column: AnnotatedJoinColumn(column='tasks_KEY')
10:24:43.312 [main] DEBUG org.hibernate.boot.model.internal.AnnotatedColumn - Binding column: AnnotatedJoinColumn()
10:24:43.312 [main] DEBUG org.hibernate.boot.model.internal.AnnotatedColumn - Binding column: AnnotatedJoinColumn()
10:24:43.312 [main] DEBUG org.hibernate.boot.model.internal.CollectionBinder - Collection role: org.frcpm.models.Project.tasks
10:24:43.312 [main] DEBUG org.hibernate.boot.model.internal.PropertyBinder - Building property tasks
10:24:43.313 [main] DEBUG org.hibernate.boot.registry.classloading.internal.ClassLoaderServiceImpl - HHH000194: Package not found or no package-info.java: org.frcpm.models
10:24:43.313 [main] DEBUG org.hibernate.boot.model.internal.EntityBinder - Binding entity from annotated class: org.frcpm.models.Subteam
10:24:43.313 [main] DEBUG org.hibernate.boot.model.internal.EntityBinder - Import with entity name Subteam
10:24:43.313 [main] DEBUG org.hibernate.boot.model.internal.EntityBinder - Bind entity org.frcpm.models.Subteam on table subteams
10:24:43.313 [main] DEBUG org.hibernate.boot.model.internal.AnnotatedColumn - Binding column: AnnotatedDiscriminatorColumn(column='DTYPE')
10:24:43.313 [main] DEBUG org.hibernate.boot.model.internal.AnnotatedColumn - Binding column: AnnotatedColumn()
10:24:43.313 [main] DEBUG org.hibernate.boot.internal.ClassLoaderAccessImpl - Not known whether passed class name [org.frcpm.models.Subteam] is safe
10:24:43.313 [main] DEBUG org.hibernate.boot.internal.ClassLoaderAccessImpl - No temp ClassLoader provided; using live ClassLoader for loading potentially unsafe class : org.frcpm.models.Subteam
10:24:43.313 [main] DEBUG org.hibernate.boot.model.internal.PropertyBinder - MetadataSourceProcessor property id with lazy=false
10:24:43.313 [main] DEBUG org.hibernate.boot.model.internal.AbstractPropertyHolder - Attempting to locate auto-apply AttributeConverter for property [org.frcpm.models.Subteam:id]
10:24:43.313 [main] DEBUG org.hibernate.boot.model.internal.BasicValueBinder - building BasicValue for id
10:24:43.313 [main] DEBUG org.hibernate.mapping.BasicValue - Skipping column re-registration: subteams.id
10:24:43.313 [main] DEBUG org.hibernate.boot.model.internal.PropertyBinder - Building property id
10:24:43.313 [main] DEBUG org.hibernate.boot.model.internal.BinderHelper - #makeIdGenerator(BasicValue([Column(id)]), id, identity, , ...)
10:24:43.313 [main] DEBUG org.hibernate.boot.model.internal.AnnotatedColumn - Binding column: AnnotatedColumn(column='color_code')
10:24:43.313 [main] DEBUG org.hibernate.boot.model.internal.PropertyBinder - MetadataSourceProcessor property colorCode with lazy=false
10:24:43.313 [main] DEBUG org.hibernate.boot.model.internal.AbstractPropertyHolder - Attempting to locate auto-apply AttributeConverter for property [org.frcpm.models.Subteam:colorCode]
10:24:43.313 [main] DEBUG org.hibernate.boot.model.internal.BasicValueBinder - building BasicValue for colorCode
10:24:43.313 [main] DEBUG org.hibernate.mapping.BasicValue - Skipping column re-registration: subteams.color_code
10:24:43.313 [main] DEBUG org.hibernate.boot.model.internal.PropertyBinder - Building property colorCode
10:24:43.313 [main] DEBUG org.hibernate.boot.model.internal.AnnotatedColumn - Binding column: AnnotatedJoinColumn()
10:24:43.313 [main] DEBUG org.hibernate.boot.model.internal.AnnotatedColumn - Binding column: AnnotatedColumn()
10:24:43.313 [main] DEBUG org.hibernate.boot.model.internal.AnnotatedColumn - Binding column: IndexColumn(column='members_ORDER')
10:24:43.313 [main] DEBUG org.hibernate.boot.model.internal.AnnotatedColumn - Binding column: AnnotatedColumn()
10:24:43.313 [main] DEBUG org.hibernate.boot.model.internal.AnnotatedColumn - Binding column: AnnotatedColumn(column='members_KEY')
10:24:43.313 [main] DEBUG org.hibernate.boot.model.internal.AnnotatedColumn - Binding column: AnnotatedJoinColumn(column='members_KEY')
10:24:43.313 [main] DEBUG org.hibernate.boot.model.internal.AnnotatedColumn - Binding column: AnnotatedJoinColumn()
10:24:43.313 [main] DEBUG org.hibernate.boot.model.internal.AnnotatedColumn - Binding column: AnnotatedJoinColumn()
10:24:43.313 [main] DEBUG org.hibernate.boot.model.internal.CollectionBinder - Collection role: org.frcpm.models.Subteam.members
10:24:43.313 [main] DEBUG org.hibernate.boot.model.internal.PropertyBinder - Building property members
10:24:43.313 [main] DEBUG org.hibernate.boot.model.internal.AnnotatedColumn - Binding column: AnnotatedColumn(column='name')
10:24:43.313 [main] DEBUG org.hibernate.boot.model.internal.PropertyBinder - MetadataSourceProcessor property name with lazy=false
10:24:43.313 [main] DEBUG org.hibernate.boot.model.internal.AbstractPropertyHolder - Attempting to locate auto-apply AttributeConverter for property [org.frcpm.models.Subteam:name]
10:24:43.313 [main] DEBUG org.hibernate.boot.model.internal.BasicValueBinder - building BasicValue for name
10:24:43.313 [main] DEBUG org.hibernate.mapping.BasicValue - Skipping column re-registration: subteams.name
10:24:43.313 [main] DEBUG org.hibernate.boot.model.internal.PropertyBinder - Building property name
10:24:43.313 [main] DEBUG org.hibernate.boot.model.internal.AnnotatedColumn - Binding column: AnnotatedColumn(column='specialties')
10:24:43.313 [main] DEBUG org.hibernate.boot.model.internal.PropertyBinder - MetadataSourceProcessor property specialties with lazy=false
10:24:43.313 [main] DEBUG org.hibernate.boot.model.internal.AbstractPropertyHolder - Attempting to locate auto-apply AttributeConverter for property [org.frcpm.models.Subteam:specialties]
10:24:43.313 [main] DEBUG org.hibernate.boot.model.internal.BasicValueBinder - building BasicValue for specialties
10:24:43.313 [main] DEBUG org.hibernate.mapping.BasicValue - Skipping column re-registration: subteams.specialties
10:24:43.313 [main] DEBUG org.hibernate.boot.model.internal.PropertyBinder - Building property specialties
10:24:43.313 [main] DEBUG org.hibernate.boot.model.internal.AnnotatedColumn - Binding column: AnnotatedJoinColumn()
10:24:43.313 [main] DEBUG org.hibernate.boot.model.internal.AnnotatedColumn - Binding column: AnnotatedColumn()
10:24:43.313 [main] DEBUG org.hibernate.boot.model.internal.AnnotatedColumn - Binding column: IndexColumn(column='subsystems_ORDER')
10:24:43.313 [main] DEBUG org.hibernate.boot.model.internal.AnnotatedColumn - Binding column: AnnotatedColumn()
10:24:43.313 [main] DEBUG org.hibernate.boot.model.internal.AnnotatedColumn - Binding column: AnnotatedColumn(column='subsystems_KEY')
10:24:43.313 [main] DEBUG org.hibernate.boot.model.internal.AnnotatedColumn - Binding column: AnnotatedJoinColumn(column='subsystems_KEY')
10:24:43.313 [main] DEBUG org.hibernate.boot.model.internal.AnnotatedColumn - Binding column: AnnotatedJoinColumn()
10:24:43.313 [main] DEBUG org.hibernate.boot.model.internal.AnnotatedColumn - Binding column: AnnotatedJoinColumn()
10:24:43.313 [main] DEBUG org.hibernate.boot.model.internal.CollectionBinder - Collection role: org.frcpm.models.Subteam.subsystems
10:24:43.313 [main] DEBUG org.hibernate.boot.model.internal.PropertyBinder - Building property subsystems
10:24:43.314 [main] DEBUG org.hibernate.boot.registry.classloading.internal.ClassLoaderServiceImpl - HHH000194: Package not found or no package-info.java: org.frcpm.models
10:24:43.314 [main] DEBUG org.hibernate.boot.model.internal.EntityBinder - Binding entity from annotated class: org.frcpm.models.Task
10:24:43.314 [main] DEBUG org.hibernate.boot.model.internal.EntityBinder - Import with entity name Task
10:24:43.314 [main] DEBUG org.hibernate.boot.model.internal.EntityBinder - Bind entity org.frcpm.models.Task on table tasks
10:24:43.314 [main] DEBUG org.hibernate.boot.model.internal.AnnotatedColumn - Binding column: AnnotatedDiscriminatorColumn(column='DTYPE')
10:24:43.314 [main] DEBUG org.hibernate.boot.model.internal.AnnotatedColumn - Binding column: AnnotatedColumn()
10:24:43.314 [main] DEBUG org.hibernate.boot.internal.ClassLoaderAccessImpl - Not known whether passed class name [org.frcpm.models.Task] is safe
10:24:43.314 [main] DEBUG org.hibernate.boot.internal.ClassLoaderAccessImpl - No temp ClassLoader provided; using live ClassLoader for loading potentially unsafe class : org.frcpm.models.Task
10:24:43.314 [main] DEBUG org.hibernate.boot.model.internal.PropertyBinder - MetadataSourceProcessor property id with lazy=false
10:24:43.314 [main] DEBUG org.hibernate.boot.model.internal.AbstractPropertyHolder - Attempting to locate auto-apply AttributeConverter for property [org.frcpm.models.Task:id]
10:24:43.314 [main] DEBUG org.hibernate.boot.model.internal.BasicValueBinder - building BasicValue for id
10:24:43.314 [main] DEBUG org.hibernate.mapping.BasicValue - Skipping column re-registration: tasks.id
10:24:43.314 [main] DEBUG org.hibernate.boot.model.internal.PropertyBinder - Building property id
10:24:43.314 [main] DEBUG org.hibernate.boot.model.internal.BinderHelper - #makeIdGenerator(BasicValue([Column(id)]), id, identity, , ...)
10:24:43.314 [main] DEBUG org.hibernate.boot.model.internal.AnnotatedColumn - Binding column: AnnotatedColumn(column='actual_duration_seconds')
10:24:43.314 [main] DEBUG org.hibernate.boot.model.internal.PropertyBinder - MetadataSourceProcessor property actualDurationSeconds with lazy=false
10:24:43.314 [main] DEBUG org.hibernate.boot.model.internal.AbstractPropertyHolder - Attempting to locate auto-apply AttributeConverter for property [org.frcpm.models.Task:actualDurationSeconds]
10:24:43.314 [main] DEBUG org.hibernate.boot.model.internal.BasicValueBinder - building BasicValue for actualDurationSeconds
10:24:43.314 [main] DEBUG org.hibernate.mapping.BasicValue - Skipping column re-registration: tasks.actual_duration_seconds
10:24:43.314 [main] DEBUG org.hibernate.boot.model.internal.PropertyBinder - Building property actualDurationSeconds
10:24:43.314 [main] DEBUG org.hibernate.boot.model.internal.AnnotatedColumn - Binding column: IndexColumn(column='assignedTo_ORDER')
10:24:43.314 [main] DEBUG org.hibernate.boot.model.internal.AnnotatedColumn - Binding column: AnnotatedColumn()
10:24:43.314 [main] DEBUG org.hibernate.boot.model.internal.AnnotatedColumn - Binding column: AnnotatedColumn(column='assignedTo_KEY')
10:24:43.315 [main] DEBUG org.hibernate.boot.model.internal.AnnotatedColumn - Binding column: AnnotatedJoinColumn(column='assignedTo_KEY')
10:24:43.315 [main] DEBUG org.hibernate.boot.model.internal.AnnotatedColumn - Binding column: AnnotatedJoinColumn(column='task_id')
10:24:43.315 [main] DEBUG org.hibernate.boot.model.internal.AnnotatedColumn - Binding column: AnnotatedJoinColumn(column='team_member_id')
10:24:43.315 [main] DEBUG org.hibernate.boot.model.internal.CollectionBinder - Collection role: org.frcpm.models.Task.assignedTo
10:24:43.315 [main] DEBUG org.hibernate.boot.model.internal.PropertyBinder - Building property assignedTo
10:24:43.315 [main] DEBUG org.hibernate.boot.model.internal.AnnotatedColumn - Binding column: AnnotatedColumn(column='completed')
10:24:43.315 [main] DEBUG org.hibernate.boot.model.internal.PropertyBinder - MetadataSourceProcessor property completed with lazy=false
10:24:43.315 [main] DEBUG org.hibernate.boot.model.internal.AbstractPropertyHolder - Attempting to locate auto-apply AttributeConverter for property [org.frcpm.models.Task:completed]
10:24:43.315 [main] DEBUG org.hibernate.boot.model.internal.BasicValueBinder - building BasicValue for completed
10:24:43.315 [main] DEBUG org.hibernate.mapping.BasicValue - Skipping column re-registration: tasks.completed
10:24:43.315 [main] DEBUG org.hibernate.boot.model.internal.PropertyBinder - Building property completed
10:24:43.315 [main] DEBUG org.hibernate.boot.model.internal.AnnotatedColumn - Binding column: AnnotatedColumn(column='description')
10:24:43.315 [main] DEBUG org.hibernate.boot.model.internal.PropertyBinder - MetadataSourceProcessor property description with lazy=false
10:24:43.315 [main] DEBUG org.hibernate.boot.model.internal.AbstractPropertyHolder - Attempting to locate auto-apply AttributeConverter for property [org.frcpm.models.Task:description]
10:24:43.315 [main] DEBUG org.hibernate.boot.model.internal.BasicValueBinder - building BasicValue for description
10:24:43.315 [main] DEBUG org.hibernate.mapping.BasicValue - Skipping column re-registration: tasks.description
10:24:43.315 [main] DEBUG org.hibernate.boot.model.internal.PropertyBinder - Building property description
10:24:43.315 [main] DEBUG org.hibernate.boot.model.internal.AnnotatedColumn - Binding column: AnnotatedColumn(column='end_date')
10:24:43.315 [main] DEBUG org.hibernate.boot.model.internal.PropertyBinder - MetadataSourceProcessor property endDate with lazy=false
10:24:43.315 [main] DEBUG org.hibernate.boot.model.internal.AbstractPropertyHolder - Attempting to locate auto-apply AttributeConverter for property [org.frcpm.models.Task:endDate]
10:24:43.315 [main] DEBUG org.hibernate.boot.model.internal.BasicValueBinder - building BasicValue for endDate
10:24:43.315 [main] DEBUG org.hibernate.mapping.BasicValue - Skipping column re-registration: tasks.end_date
10:24:43.315 [main] DEBUG org.hibernate.boot.model.internal.PropertyBinder - Building property endDate
10:24:43.315 [main] DEBUG org.hibernate.boot.model.internal.AnnotatedColumn - Binding column: AnnotatedColumn(column='estimated_duration_seconds')
10:24:43.315 [main] DEBUG org.hibernate.boot.model.internal.PropertyBinder - MetadataSourceProcessor property estimatedDurationSeconds with lazy=false
10:24:43.315 [main] DEBUG org.hibernate.boot.model.internal.AbstractPropertyHolder - Attempting to locate auto-apply AttributeConverter for property [org.frcpm.models.Task:estimatedDurationSeconds]
10:24:43.315 [main] DEBUG org.hibernate.boot.model.internal.BasicValueBinder - building BasicValue for estimatedDurationSeconds
10:24:43.315 [main] DEBUG org.hibernate.mapping.BasicValue - Skipping column re-registration: tasks.estimated_duration_seconds
10:24:43.315 [main] DEBUG org.hibernate.boot.model.internal.PropertyBinder - Building property estimatedDurationSeconds
10:24:43.315 [main] DEBUG org.hibernate.boot.model.internal.AnnotatedColumn - Binding column: IndexColumn(column='postDependencies_ORDER')
10:24:43.315 [main] DEBUG org.hibernate.boot.model.internal.AnnotatedColumn - Binding column: AnnotatedColumn()
10:24:43.315 [main] DEBUG org.hibernate.boot.model.internal.AnnotatedColumn - Binding column: AnnotatedColumn(column='postDependencies_KEY')
10:24:43.315 [main] DEBUG org.hibernate.boot.model.internal.AnnotatedColumn - Binding column: AnnotatedJoinColumn(column='postDependencies_KEY')
10:24:43.315 [main] DEBUG org.hibernate.boot.model.internal.AnnotatedColumn - Binding column: AnnotatedJoinColumn()
10:24:43.315 [main] DEBUG org.hibernate.boot.model.internal.AnnotatedColumn - Binding column: AnnotatedJoinColumn()
10:24:43.315 [main] DEBUG org.hibernate.boot.model.internal.CollectionBinder - Collection role: org.frcpm.models.Task.postDependencies
10:24:43.315 [main] DEBUG org.hibernate.boot.model.internal.PropertyBinder - Building property postDependencies
10:24:43.315 [main] DEBUG org.hibernate.boot.model.internal.AnnotatedColumn - Binding column: IndexColumn(column='preDependencies_ORDER')
10:24:43.315 [main] DEBUG org.hibernate.boot.model.internal.AnnotatedColumn - Binding column: AnnotatedColumn()
10:24:43.315 [main] DEBUG org.hibernate.boot.model.internal.AnnotatedColumn - Binding column: AnnotatedColumn(column='preDependencies_KEY')
10:24:43.315 [main] DEBUG org.hibernate.boot.model.internal.AnnotatedColumn - Binding column: AnnotatedJoinColumn(column='preDependencies_KEY')
10:24:43.315 [main] DEBUG org.hibernate.boot.model.internal.AnnotatedColumn - Binding column: AnnotatedJoinColumn(column='task_id')
10:24:43.315 [main] DEBUG org.hibernate.boot.model.internal.AnnotatedColumn - Binding column: AnnotatedJoinColumn(column='dependency_id')
10:24:43.315 [main] DEBUG org.hibernate.boot.model.internal.CollectionBinder - Collection role: org.frcpm.models.Task.preDependencies
10:24:43.315 [main] DEBUG org.hibernate.boot.model.internal.PropertyBinder - Building property preDependencies
10:24:43.315 [main] DEBUG org.hibernate.boot.model.internal.AnnotatedColumn - Binding column: AnnotatedColumn(column='priority')
10:24:43.315 [main] DEBUG org.hibernate.boot.model.internal.PropertyBinder - MetadataSourceProcessor property priority with lazy=false
10:24:43.315 [main] DEBUG org.hibernate.boot.model.internal.AbstractPropertyHolder - Attempting to locate auto-apply AttributeConverter for property [org.frcpm.models.Task:priority]
10:24:43.315 [main] DEBUG org.hibernate.boot.model.internal.BasicValueBinder - building BasicValue for priority
10:24:43.315 [main] DEBUG org.hibernate.mapping.BasicValue - Skipping column re-registration: tasks.priority
10:24:43.315 [main] DEBUG org.hibernate.boot.model.internal.PropertyBinder - Building property priority
10:24:43.315 [main] DEBUG org.hibernate.boot.model.internal.AnnotatedColumn - Binding column: AnnotatedColumn(column='progress')
10:24:43.315 [main] DEBUG org.hibernate.boot.model.internal.PropertyBinder - MetadataSourceProcessor property progress with lazy=false
10:24:43.315 [main] DEBUG org.hibernate.boot.model.internal.AbstractPropertyHolder - Attempting to locate auto-apply AttributeConverter for property [org.frcpm.models.Task:progress]
10:24:43.315 [main] DEBUG org.hibernate.boot.model.internal.BasicValueBinder - building BasicValue for progress
10:24:43.315 [main] DEBUG org.hibernate.mapping.BasicValue - Skipping column re-registration: tasks.progress
10:24:43.315 [main] DEBUG org.hibernate.boot.model.internal.PropertyBinder - Building property progress
10:24:43.315 [main] DEBUG org.hibernate.boot.model.internal.AnnotatedColumn - Binding column: AnnotatedJoinColumn(column='project_id')
10:24:43.315 [main] DEBUG org.hibernate.boot.model.internal.AnnotatedColumn - Binding column: AnnotatedColumn()
10:24:43.315 [main] DEBUG org.hibernate.boot.model.internal.PropertyBinder - Building property project
10:24:43.315 [main] DEBUG org.hibernate.boot.model.internal.AnnotatedColumn - Binding column: IndexColumn(column='requiredComponents_ORDER')
10:24:43.315 [main] DEBUG org.hibernate.boot.model.internal.AnnotatedColumn - Binding column: AnnotatedColumn()
10:24:43.315 [main] DEBUG org.hibernate.boot.model.internal.AnnotatedColumn - Binding column: AnnotatedColumn(column='requiredComponents_KEY')
10:24:43.315 [main] DEBUG org.hibernate.boot.model.internal.AnnotatedColumn - Binding column: AnnotatedJoinColumn(column='requiredComponents_KEY')
10:24:43.315 [main] DEBUG org.hibernate.boot.model.internal.AnnotatedColumn - Binding column: AnnotatedJoinColumn(column='task_id')
10:24:43.315 [main] DEBUG org.hibernate.boot.model.internal.AnnotatedColumn - Binding column: AnnotatedJoinColumn(column='component_id')
10:24:43.315 [main] DEBUG org.hibernate.boot.model.internal.CollectionBinder - Collection role: org.frcpm.models.Task.requiredComponents
10:24:43.315 [main] DEBUG org.hibernate.boot.model.internal.PropertyBinder - Building property requiredComponents
10:24:43.315 [main] DEBUG org.hibernate.boot.model.internal.AnnotatedColumn - Binding column: AnnotatedColumn(column='start_date')
10:24:43.315 [main] DEBUG org.hibernate.boot.model.internal.PropertyBinder - MetadataSourceProcessor property startDate with lazy=false
10:24:43.315 [main] DEBUG org.hibernate.boot.model.internal.AbstractPropertyHolder - Attempting to locate auto-apply AttributeConverter for property [org.frcpm.models.Task:startDate]
10:24:43.315 [main] DEBUG org.hibernate.boot.model.internal.BasicValueBinder - building BasicValue for startDate
10:24:43.315 [main] DEBUG org.hibernate.mapping.BasicValue - Skipping column re-registration: tasks.start_date
10:24:43.315 [main] DEBUG org.hibernate.boot.model.internal.PropertyBinder - Building property startDate
10:24:43.315 [main] DEBUG org.hibernate.boot.model.internal.AnnotatedColumn - Binding column: AnnotatedJoinColumn(column='subsystem_id')
10:24:43.315 [main] DEBUG org.hibernate.boot.model.internal.AnnotatedColumn - Binding column: AnnotatedColumn()
10:24:43.315 [main] DEBUG org.hibernate.boot.model.internal.PropertyBinder - Building property subsystem
10:24:43.315 [main] DEBUG org.hibernate.boot.model.internal.AnnotatedColumn - Binding column: AnnotatedColumn(column='title')
10:24:43.315 [main] DEBUG org.hibernate.boot.model.internal.PropertyBinder - MetadataSourceProcessor property title with lazy=false
10:24:43.315 [main] DEBUG org.hibernate.boot.model.internal.AbstractPropertyHolder - Attempting to locate auto-apply AttributeConverter for property [org.frcpm.models.Task:title]
10:24:43.315 [main] DEBUG org.hibernate.boot.model.internal.BasicValueBinder - building BasicValue for title
10:24:43.315 [main] DEBUG org.hibernate.mapping.BasicValue - Skipping column re-registration: tasks.title
10:24:43.315 [main] DEBUG org.hibernate.boot.model.internal.PropertyBinder - Building property title
10:24:43.317 [main] DEBUG org.hibernate.boot.registry.classloading.internal.ClassLoaderServiceImpl - HHH000194: Package not found or no package-info.java: org.frcpm.models
10:24:43.317 [main] DEBUG org.hibernate.boot.model.internal.EntityBinder - Binding entity from annotated class: org.frcpm.models.TeamMember
10:24:43.317 [main] DEBUG org.hibernate.boot.model.internal.EntityBinder - Import with entity name TeamMember
10:24:43.318 [main] DEBUG org.hibernate.boot.model.internal.EntityBinder - Bind entity org.frcpm.models.TeamMember on table team_members
10:24:43.318 [main] DEBUG org.hibernate.boot.model.internal.AnnotatedColumn - Binding column: AnnotatedDiscriminatorColumn(column='DTYPE')
10:24:43.318 [main] DEBUG org.hibernate.boot.model.internal.AnnotatedColumn - Binding column: AnnotatedColumn()
10:24:43.318 [main] DEBUG org.hibernate.boot.internal.ClassLoaderAccessImpl - Not known whether passed class name [org.frcpm.models.TeamMember] is safe
10:24:43.318 [main] DEBUG org.hibernate.boot.internal.ClassLoaderAccessImpl - No temp ClassLoader provided; using live ClassLoader for loading potentially unsafe class : org.frcpm.models.TeamMember
10:24:43.319 [main] DEBUG org.hibernate.boot.model.internal.PropertyBinder - MetadataSourceProcessor property id with lazy=false
10:24:43.319 [main] DEBUG org.hibernate.boot.model.internal.AbstractPropertyHolder - Attempting to locate auto-apply AttributeConverter for property [org.frcpm.models.TeamMember:id]
10:24:43.319 [main] DEBUG org.hibernate.boot.model.internal.BasicValueBinder - building BasicValue for id
10:24:43.319 [main] DEBUG org.hibernate.mapping.BasicValue - Skipping column re-registration: team_members.id
10:24:43.319 [main] DEBUG org.hibernate.boot.model.internal.PropertyBinder - Building property id
10:24:43.319 [main] DEBUG org.hibernate.boot.model.internal.BinderHelper - #makeIdGenerator(BasicValue([Column(id)]), id, identity, , ...)
10:24:43.319 [main] DEBUG org.hibernate.boot.model.internal.AnnotatedColumn - Binding column: IndexColumn(column='assignedTasks_ORDER')
10:24:43.319 [main] DEBUG org.hibernate.boot.model.internal.AnnotatedColumn - Binding column: AnnotatedColumn()
10:24:43.319 [main] DEBUG org.hibernate.boot.model.internal.AnnotatedColumn - Binding column: AnnotatedColumn(column='assignedTasks_KEY')
10:24:43.319 [main] DEBUG org.hibernate.boot.model.internal.AnnotatedColumn - Binding column: AnnotatedJoinColumn(column='assignedTasks_KEY')
10:24:43.319 [main] DEBUG org.hibernate.boot.model.internal.AnnotatedColumn - Binding column: AnnotatedJoinColumn()
10:24:43.319 [main] DEBUG org.hibernate.boot.model.internal.AnnotatedColumn - Binding column: AnnotatedJoinColumn()
10:24:43.319 [main] DEBUG org.hibernate.boot.model.internal.CollectionBinder - Collection role: org.frcpm.models.TeamMember.assignedTasks
10:24:43.319 [main] DEBUG org.hibernate.boot.model.internal.PropertyBinder - Building property assignedTasks
10:24:43.320 [main] DEBUG org.hibernate.boot.model.internal.AnnotatedColumn - Binding column: AnnotatedJoinColumn()
10:24:43.320 [main] DEBUG org.hibernate.boot.model.internal.AnnotatedColumn - Binding column: AnnotatedColumn()
10:24:43.320 [main] DEBUG org.hibernate.boot.model.internal.AnnotatedColumn - Binding column: IndexColumn(column='attendances_ORDER')
10:24:43.320 [main] DEBUG org.hibernate.boot.model.internal.AnnotatedColumn - Binding column: AnnotatedColumn()
10:24:43.320 [main] DEBUG org.hibernate.boot.model.internal.AnnotatedColumn - Binding column: AnnotatedColumn(column='attendances_KEY')
10:24:43.320 [main] DEBUG org.hibernate.boot.model.internal.AnnotatedColumn - Binding column: AnnotatedJoinColumn(column='attendances_KEY')
10:24:43.320 [main] DEBUG org.hibernate.boot.model.internal.AnnotatedColumn - Binding column: AnnotatedJoinColumn()
10:24:43.320 [main] DEBUG org.hibernate.boot.model.internal.AnnotatedColumn - Binding column: AnnotatedJoinColumn()
10:24:43.320 [main] DEBUG org.hibernate.boot.model.internal.CollectionBinder - Collection role: org.frcpm.models.TeamMember.attendances
10:24:43.320 [main] DEBUG org.hibernate.boot.model.internal.PropertyBinder - Building property attendances
10:24:43.320 [main] DEBUG org.hibernate.boot.model.internal.AnnotatedColumn - Binding column: AnnotatedColumn(column='email')
10:24:43.320 [main] DEBUG org.hibernate.boot.model.internal.PropertyBinder - MetadataSourceProcessor property email with lazy=false
10:24:43.320 [main] DEBUG org.hibernate.boot.model.internal.AbstractPropertyHolder - Attempting to locate auto-apply AttributeConverter for property [org.frcpm.models.TeamMember:email]
10:24:43.320 [main] DEBUG org.hibernate.boot.model.internal.BasicValueBinder - building BasicValue for email
10:24:43.320 [main] DEBUG org.hibernate.mapping.BasicValue - Skipping column re-registration: team_members.email
10:24:43.320 [main] DEBUG org.hibernate.boot.model.internal.PropertyBinder - Building property email
10:24:43.321 [main] DEBUG org.hibernate.boot.model.internal.AnnotatedColumn - Binding column: AnnotatedColumn(column='first_name')
10:24:43.321 [main] DEBUG org.hibernate.boot.model.internal.PropertyBinder - MetadataSourceProcessor property firstName with lazy=false
10:24:43.321 [main] DEBUG org.hibernate.boot.model.internal.AbstractPropertyHolder - Attempting to locate auto-apply AttributeConverter for property [org.frcpm.models.TeamMember:firstName]
10:24:43.321 [main] DEBUG org.hibernate.boot.model.internal.BasicValueBinder - building BasicValue for firstName
10:24:43.321 [main] DEBUG org.hibernate.mapping.BasicValue - Skipping column re-registration: team_members.first_name
10:24:43.321 [main] DEBUG org.hibernate.boot.model.internal.PropertyBinder - Building property firstName
10:24:43.321 [main] DEBUG org.hibernate.boot.model.internal.AnnotatedColumn - Binding column: AnnotatedColumn(column='last_name')
10:24:43.321 [main] DEBUG org.hibernate.boot.model.internal.PropertyBinder - MetadataSourceProcessor property lastName with lazy=false
10:24:43.321 [main] DEBUG org.hibernate.boot.model.internal.AbstractPropertyHolder - Attempting to locate auto-apply AttributeConverter for property [org.frcpm.models.TeamMember:lastName]
10:24:43.321 [main] DEBUG org.hibernate.boot.model.internal.BasicValueBinder - building BasicValue for lastName
10:24:43.321 [main] DEBUG org.hibernate.mapping.BasicValue - Skipping column re-registration: team_members.last_name
10:24:43.321 [main] DEBUG org.hibernate.boot.model.internal.PropertyBinder - Building property lastName
10:24:43.321 [main] DEBUG org.hibernate.boot.model.internal.AnnotatedColumn - Binding column: AnnotatedColumn(column='is_leader')
10:24:43.321 [main] DEBUG org.hibernate.boot.model.internal.PropertyBinder - MetadataSourceProcessor property leader with lazy=false
10:24:43.321 [main] DEBUG org.hibernate.boot.model.internal.AbstractPropertyHolder - Attempting to locate auto-apply AttributeConverter for property [org.frcpm.models.TeamMember:leader]
10:24:43.321 [main] DEBUG org.hibernate.boot.model.internal.BasicValueBinder - building BasicValue for leader
10:24:43.321 [main] DEBUG org.hibernate.mapping.BasicValue - Skipping column re-registration: team_members.is_leader
10:24:43.321 [main] DEBUG org.hibernate.boot.model.internal.PropertyBinder - Building property leader
10:24:43.321 [main] DEBUG org.hibernate.boot.model.internal.AnnotatedColumn - Binding column: AnnotatedColumn(column='phone')
10:24:43.321 [main] DEBUG org.hibernate.boot.model.internal.PropertyBinder - MetadataSourceProcessor property phone with lazy=false
10:24:43.321 [main] DEBUG org.hibernate.boot.model.internal.AbstractPropertyHolder - Attempting to locate auto-apply AttributeConverter for property [org.frcpm.models.TeamMember:phone]
10:24:43.321 [main] DEBUG org.hibernate.boot.model.internal.BasicValueBinder - building BasicValue for phone
10:24:43.321 [main] DEBUG org.hibernate.mapping.BasicValue - Skipping column re-registration: team_members.phone
10:24:43.321 [main] DEBUG org.hibernate.boot.model.internal.PropertyBinder - Building property phone
10:24:43.321 [main] DEBUG org.hibernate.boot.model.internal.AnnotatedColumn - Binding column: AnnotatedColumn(column='skills')
10:24:43.321 [main] DEBUG org.hibernate.boot.model.internal.PropertyBinder - MetadataSourceProcessor property skills with lazy=false
10:24:43.321 [main] DEBUG org.hibernate.boot.model.internal.AbstractPropertyHolder - Attempting to locate auto-apply AttributeConverter for property [org.frcpm.models.TeamMember:skills]
10:24:43.321 [main] DEBUG org.hibernate.boot.model.internal.BasicValueBinder - building BasicValue for skills
10:24:43.321 [main] DEBUG org.hibernate.mapping.BasicValue - Skipping column re-registration: team_members.skills
10:24:43.321 [main] DEBUG org.hibernate.boot.model.internal.PropertyBinder - Building property skills
10:24:43.321 [main] DEBUG org.hibernate.boot.model.internal.AnnotatedColumn - Binding column: AnnotatedJoinColumn(column='subteam_id')
10:24:43.321 [main] DEBUG org.hibernate.boot.model.internal.AnnotatedColumn - Binding column: AnnotatedColumn()
10:24:43.321 [main] DEBUG org.hibernate.boot.model.internal.PropertyBinder - Building property subteam
10:24:43.322 [main] DEBUG org.hibernate.boot.model.internal.AnnotatedColumn - Binding column: AnnotatedColumn(column='username')
10:24:43.322 [main] DEBUG org.hibernate.boot.model.internal.PropertyBinder - MetadataSourceProcessor property username with lazy=false
10:24:43.322 [main] DEBUG org.hibernate.boot.model.internal.AbstractPropertyHolder - Attempting to locate auto-apply AttributeConverter for property [org.frcpm.models.TeamMember:username]
10:24:43.322 [main] DEBUG org.hibernate.boot.model.internal.BasicValueBinder - building BasicValue for username
10:24:43.322 [main] DEBUG org.hibernate.mapping.BasicValue - Skipping column re-registration: team_members.username
10:24:43.322 [main] DEBUG org.hibernate.boot.model.internal.PropertyBinder - Building property username
10:24:43.323 [main] DEBUG org.hibernate.boot.registry.classloading.internal.ClassLoaderServiceImpl - HHH000194: Package not found or no package-info.java: org.frcpm.models
10:24:43.324 [main] DEBUG org.hibernate.boot.model.internal.BasicValueBinder - Starting `BasicValueBinder#fillSimpleValue` for id
10:24:43.324 [main] DEBUG org.hibernate.boot.model.internal.BasicValueBinder - Starting `BasicValueBinder#fillSimpleValue` for arrivalTime
10:24:43.324 [main] DEBUG org.hibernate.boot.model.internal.BasicValueBinder - Starting `BasicValueBinder#fillSimpleValue` for departureTime
10:24:43.324 [main] DEBUG org.hibernate.boot.model.internal.BasicValueBinder - Starting `BasicValueBinder#fillSimpleValue` for present
10:24:43.324 [main] DEBUG org.hibernate.boot.model.internal.BasicValueBinder - Starting `BasicValueBinder#fillSimpleValue` for id
10:24:43.324 [main] DEBUG org.hibernate.boot.model.internal.BasicValueBinder - Starting `BasicValueBinder#fillSimpleValue` for date
10:24:43.324 [main] DEBUG org.hibernate.boot.model.internal.BasicValueBinder - Starting `BasicValueBinder#fillSimpleValue` for endTime
10:24:43.324 [main] DEBUG org.hibernate.boot.model.internal.BasicValueBinder - Starting `BasicValueBinder#fillSimpleValue` for notes
10:24:43.324 [main] DEBUG org.hibernate.boot.model.internal.BasicValueBinder - Starting `BasicValueBinder#fillSimpleValue` for startTime
10:24:43.324 [main] DEBUG org.hibernate.boot.model.internal.BasicValueBinder - Starting `BasicValueBinder#fillSimpleValue` for id
10:24:43.324 [main] DEBUG org.hibernate.boot.model.internal.BasicValueBinder - Starting `BasicValueBinder#fillSimpleValue` for description
10:24:43.324 [main] DEBUG org.hibernate.boot.model.internal.BasicValueBinder - Starting `BasicValueBinder#fillSimpleValue` for name
10:24:43.324 [main] DEBUG org.hibernate.boot.model.internal.BasicValueBinder - Starting `BasicValueBinder#fillSimpleValue` for status
10:24:43.324 [main] DEBUG org.hibernate.boot.model.internal.BasicValueBinder - Starting `BasicValueBinder#fillSimpleValue` for id
10:24:43.324 [main] DEBUG org.hibernate.boot.model.internal.BasicValueBinder - Starting `BasicValueBinder#fillSimpleValue` for actualDelivery
10:24:43.324 [main] DEBUG org.hibernate.boot.model.internal.BasicValueBinder - Starting `BasicValueBinder#fillSimpleValue` for delivered
10:24:43.324 [main] DEBUG org.hibernate.boot.model.internal.BasicValueBinder - Starting `BasicValueBinder#fillSimpleValue` for description
10:24:43.324 [main] DEBUG org.hibernate.boot.model.internal.BasicValueBinder - Starting `BasicValueBinder#fillSimpleValue` for expectedDelivery
10:24:43.324 [main] DEBUG org.hibernate.boot.model.internal.BasicValueBinder - Starting `BasicValueBinder#fillSimpleValue` for name
10:24:43.324 [main] DEBUG org.hibernate.boot.model.internal.BasicValueBinder - Starting `BasicValueBinder#fillSimpleValue` for partNumber
10:24:43.324 [main] DEBUG org.hibernate.boot.model.internal.BasicValueBinder - Starting `BasicValueBinder#fillSimpleValue` for id
10:24:43.324 [main] DEBUG org.hibernate.boot.model.internal.BasicValueBinder - Starting `BasicValueBinder#fillSimpleValue` for date
10:24:43.324 [main] DEBUG org.hibernate.boot.model.internal.BasicValueBinder - Starting `BasicValueBinder#fillSimpleValue` for description
10:24:43.324 [main] DEBUG org.hibernate.boot.model.internal.BasicValueBinder - Starting `BasicValueBinder#fillSimpleValue` for name
10:24:43.324 [main] DEBUG org.hibernate.boot.model.internal.BasicValueBinder - Starting `BasicValueBinder#fillSimpleValue` for id
10:24:43.324 [main] DEBUG org.hibernate.boot.model.internal.BasicValueBinder - Starting `BasicValueBinder#fillSimpleValue` for description
10:24:43.324 [main] DEBUG org.hibernate.boot.model.internal.BasicValueBinder - Starting `BasicValueBinder#fillSimpleValue` for goalEndDate
10:24:43.324 [main] DEBUG org.hibernate.boot.model.internal.BasicValueBinder - Starting `BasicValueBinder#fillSimpleValue` for hardDeadline
10:24:43.324 [main] DEBUG org.hibernate.boot.model.internal.BasicValueBinder - Starting `BasicValueBinder#fillSimpleValue` for name
10:24:43.324 [main] DEBUG org.hibernate.boot.model.internal.BasicValueBinder - Starting `BasicValueBinder#fillSimpleValue` for startDate
10:24:43.324 [main] DEBUG org.hibernate.boot.model.internal.BasicValueBinder - Starting `BasicValueBinder#fillSimpleValue` for id
10:24:43.324 [main] DEBUG org.hibernate.boot.model.internal.BasicValueBinder - Starting `BasicValueBinder#fillSimpleValue` for colorCode
10:24:43.324 [main] DEBUG org.hibernate.boot.model.internal.BasicValueBinder - Starting `BasicValueBinder#fillSimpleValue` for name
10:24:43.324 [main] DEBUG org.hibernate.boot.model.internal.BasicValueBinder - Starting `BasicValueBinder#fillSimpleValue` for specialties
10:24:43.324 [main] DEBUG org.hibernate.boot.model.internal.BasicValueBinder - Starting `BasicValueBinder#fillSimpleValue` for id
10:24:43.324 [main] DEBUG org.hibernate.boot.model.internal.BasicValueBinder - Starting `BasicValueBinder#fillSimpleValue` for actualDurationSeconds
10:24:43.324 [main] DEBUG org.hibernate.boot.model.internal.BasicValueBinder - Starting `BasicValueBinder#fillSimpleValue` for completed
10:24:43.324 [main] DEBUG org.hibernate.boot.model.internal.BasicValueBinder - Starting `BasicValueBinder#fillSimpleValue` for description
10:24:43.324 [main] DEBUG org.hibernate.boot.model.internal.BasicValueBinder - Starting `BasicValueBinder#fillSimpleValue` for endDate
10:24:43.324 [main] DEBUG org.hibernate.boot.model.internal.BasicValueBinder - Starting `BasicValueBinder#fillSimpleValue` for estimatedDurationSeconds
10:24:43.324 [main] DEBUG org.hibernate.boot.model.internal.BasicValueBinder - Starting `BasicValueBinder#fillSimpleValue` for priority
10:24:43.324 [main] DEBUG org.hibernate.boot.model.internal.BasicValueBinder - Starting `BasicValueBinder#fillSimpleValue` for progress
10:24:43.324 [main] DEBUG org.hibernate.boot.model.internal.BasicValueBinder - Starting `BasicValueBinder#fillSimpleValue` for startDate
10:24:43.324 [main] DEBUG org.hibernate.boot.model.internal.BasicValueBinder - Starting `BasicValueBinder#fillSimpleValue` for title
10:24:43.324 [main] DEBUG org.hibernate.boot.model.internal.BasicValueBinder - Starting `BasicValueBinder#fillSimpleValue` for id
10:24:43.324 [main] DEBUG org.hibernate.boot.model.internal.BasicValueBinder - Starting `BasicValueBinder#fillSimpleValue` for email
10:24:43.324 [main] DEBUG org.hibernate.boot.model.internal.BasicValueBinder - Starting `BasicValueBinder#fillSimpleValue` for firstName
10:24:43.324 [main] DEBUG org.hibernate.boot.model.internal.BasicValueBinder - Starting `BasicValueBinder#fillSimpleValue` for lastName
10:24:43.324 [main] DEBUG org.hibernate.boot.model.internal.BasicValueBinder - Starting `BasicValueBinder#fillSimpleValue` for leader
10:24:43.324 [main] DEBUG org.hibernate.boot.model.internal.BasicValueBinder - Starting `BasicValueBinder#fillSimpleValue` for phone
10:24:43.324 [main] DEBUG org.hibernate.boot.model.internal.BasicValueBinder - Starting `BasicValueBinder#fillSimpleValue` for skills
10:24:43.324 [main] DEBUG org.hibernate.boot.model.internal.BasicValueBinder - Starting `BasicValueBinder#fillSimpleValue` for username
10:24:43.324 [main] DEBUG org.hibernate.mapping.PrimaryKey - Forcing column [id] to be non-null as it is part of the primary key for table [attendances]
10:24:43.324 [main] DEBUG org.hibernate.mapping.PrimaryKey - Forcing column [id] to be non-null as it is part of the primary key for table [meetings]
10:24:43.324 [main] DEBUG org.hibernate.mapping.PrimaryKey - Forcing column [id] to be non-null as it is part of the primary key for table [subsystems]
10:24:43.324 [main] DEBUG org.hibernate.mapping.PrimaryKey - Forcing column [id] to be non-null as it is part of the primary key for table [components]
10:24:43.324 [main] DEBUG org.hibernate.mapping.PrimaryKey - Forcing column [id] to be non-null as it is part of the primary key for table [milestones]
10:24:43.324 [main] DEBUG org.hibernate.mapping.PrimaryKey - Forcing column [id] to be non-null as it is part of the primary key for table [projects]
10:24:43.324 [main] DEBUG org.hibernate.mapping.PrimaryKey - Forcing column [id] to be non-null as it is part of the primary key for table [subteams]
10:24:43.324 [main] DEBUG org.hibernate.mapping.PrimaryKey - Forcing column [id] to be non-null as it is part of the primary key for table [tasks]
10:24:43.324 [main] DEBUG org.hibernate.mapping.PrimaryKey - Forcing column [id] to be non-null as it is part of the primary key for table [team_members]
10:24:43.325 [main] DEBUG org.hibernate.boot.model.internal.CollectionSecondPass - Second pass for collection: org.frcpm.models.Task.requiredComponents
10:24:43.325 [main] DEBUG org.hibernate.boot.model.internal.CollectionBinder - Binding a ManyToMany: org.frcpm.models.Task.requiredComponents
10:24:43.325 [main] DEBUG org.hibernate.boot.registry.classloading.internal.ClassLoaderServiceImpl - HHH000194: Package not found or no package-info.java: org.frcpm.models
10:24:43.325 [main] DEBUG org.hibernate.mapping.PrimaryKey - Forcing column [task_id] to be non-null as it is part of the primary key for table [task_components]
10:24:43.325 [main] DEBUG org.hibernate.mapping.PrimaryKey - Forcing column [component_id] to be non-null as it is part of the primary key for table [task_components]
10:24:43.325 [main] DEBUG org.hibernate.boot.model.internal.CollectionSecondPass - Mapped collection key: task_id, element: component_id
10:24:43.325 [main] DEBUG org.hibernate.boot.model.internal.CollectionSecondPass - Second pass for collection: org.frcpm.models.Task.preDependencies
10:24:43.325 [main] DEBUG org.hibernate.boot.model.internal.CollectionBinder - Binding a ManyToMany: org.frcpm.models.Task.preDependencies
10:24:43.326 [main] DEBUG org.hibernate.boot.registry.classloading.internal.ClassLoaderServiceImpl - HHH000194: Package not found or no package-info.java: org.frcpm.models
10:24:43.326 [main] DEBUG org.hibernate.mapping.PrimaryKey - Forcing column [task_id] to be non-null as it is part of the primary key for table [task_dependencies]
10:24:43.326 [main] DEBUG org.hibernate.mapping.PrimaryKey - Forcing column [dependency_id] to be non-null as it is part of the primary key for table [task_dependencies]
10:24:43.326 [main] DEBUG org.hibernate.boot.model.internal.CollectionSecondPass - Mapped collection key: task_id, element: dependency_id
10:24:43.326 [main] DEBUG org.hibernate.boot.model.internal.CollectionSecondPass - Second pass for collection: org.frcpm.models.Task.assignedTo
10:24:43.326 [main] DEBUG org.hibernate.boot.model.internal.CollectionBinder - Binding a ManyToMany: org.frcpm.models.Task.assignedTo
10:24:43.326 [main] DEBUG org.hibernate.boot.registry.classloading.internal.ClassLoaderServiceImpl - HHH000194: Package not found or no package-info.java: org.frcpm.models
10:24:43.326 [main] DEBUG org.hibernate.mapping.PrimaryKey - Forcing column [task_id] to be non-null as it is part of the primary key for table [task_assignments]
10:24:43.326 [main] DEBUG org.hibernate.mapping.PrimaryKey - Forcing column [team_member_id] to be non-null as it is part of the primary key for table [task_assignments]
10:24:43.326 [main] DEBUG org.hibernate.boot.model.internal.CollectionSecondPass - Mapped collection key: task_id, element: team_member_id
10:24:43.326 [main] DEBUG org.hibernate.boot.model.internal.CollectionSecondPass - Second pass for collection: org.frcpm.models.Meeting.attendances
10:24:43.326 [main] DEBUG org.hibernate.boot.model.internal.CollectionBinder - Binding a OneToMany: org.frcpm.models.Meeting.attendances through a foreign key
10:24:43.326 [main] DEBUG org.hibernate.boot.model.internal.CollectionBinder - Mapping collection: org.frcpm.models.Meeting.attendances -> attendances
10:24:43.326 [main] DEBUG org.hibernate.boot.model.internal.TableBinder - Retrieving property org.frcpm.models.Attendance.meeting
10:24:43.326 [main] DEBUG org.hibernate.boot.model.internal.CollectionSecondPass - Mapped collection key: meeting_id, one-to-many: org.frcpm.models.Attendance
10:24:43.326 [main] DEBUG org.hibernate.boot.model.internal.CollectionSecondPass - Second pass for collection: org.frcpm.models.Subsystem.tasks
10:24:43.326 [main] DEBUG org.hibernate.boot.model.internal.CollectionBinder - Binding a OneToMany: org.frcpm.models.Subsystem.tasks through a foreign key
10:24:43.326 [main] DEBUG org.hibernate.boot.model.internal.CollectionBinder - Mapping collection: org.frcpm.models.Subsystem.tasks -> tasks
10:24:43.326 [main] DEBUG org.hibernate.boot.model.internal.TableBinder - Retrieving property org.frcpm.models.Task.subsystem
10:24:43.326 [main] DEBUG org.hibernate.boot.model.internal.CollectionSecondPass - Mapped collection key: subsystem_id, one-to-many: org.frcpm.models.Task
10:24:43.326 [main] DEBUG org.hibernate.boot.model.internal.CollectionSecondPass - Second pass for collection: org.frcpm.models.Component.requiredForTasks
10:24:43.326 [main] DEBUG org.hibernate.boot.model.internal.CollectionBinder - Binding a ManyToMany: org.frcpm.models.Component.requiredForTasks
10:24:43.326 [main] DEBUG org.hibernate.boot.registry.classloading.internal.ClassLoaderServiceImpl - HHH000194: Package not found or no package-info.java: org.frcpm.models
10:24:43.326 [main] DEBUG org.hibernate.boot.model.internal.TableBinder - Retrieving property org.frcpm.models.Task.requiredComponents
10:24:43.326 [main] DEBUG org.hibernate.boot.model.internal.CollectionSecondPass - Mapped collection key: component_id, element: task_id
10:24:43.326 [main] DEBUG org.hibernate.boot.model.internal.CollectionSecondPass - Second pass for collection: org.frcpm.models.Project.meetings
10:24:43.326 [main] DEBUG org.hibernate.boot.model.internal.CollectionBinder - Binding a OneToMany: org.frcpm.models.Project.meetings through a foreign key
10:24:43.326 [main] DEBUG org.hibernate.boot.model.internal.CollectionBinder - Mapping collection: org.frcpm.models.Project.meetings -> meetings
10:24:43.326 [main] DEBUG org.hibernate.boot.model.internal.TableBinder - Retrieving property org.frcpm.models.Meeting.project
10:24:43.326 [main] DEBUG org.hibernate.boot.model.internal.CollectionSecondPass - Mapped collection key: project_id, one-to-many: org.frcpm.models.Meeting
10:24:43.326 [main] DEBUG org.hibernate.boot.model.internal.CollectionSecondPass - Second pass for collection: org.frcpm.models.Project.milestones
10:24:43.326 [main] DEBUG org.hibernate.boot.model.internal.CollectionBinder - Binding a OneToMany: org.frcpm.models.Project.milestones through a foreign key
10:24:43.326 [main] DEBUG org.hibernate.boot.model.internal.CollectionBinder - Mapping collection: org.frcpm.models.Project.milestones -> milestones
10:24:43.326 [main] DEBUG org.hibernate.boot.model.internal.TableBinder - Retrieving property org.frcpm.models.Milestone.project
10:24:43.326 [main] DEBUG org.hibernate.boot.model.internal.CollectionSecondPass - Mapped collection key: project_id, one-to-many: org.frcpm.models.Milestone
10:24:43.326 [main] DEBUG org.hibernate.boot.model.internal.CollectionSecondPass - Second pass for collection: org.frcpm.models.Project.tasks
10:24:43.326 [main] DEBUG org.hibernate.boot.model.internal.CollectionBinder - Binding a OneToMany: org.frcpm.models.Project.tasks through a foreign key
10:24:43.326 [main] DEBUG org.hibernate.boot.model.internal.CollectionBinder - Mapping collection: org.frcpm.models.Project.tasks -> tasks
10:24:43.326 [main] DEBUG org.hibernate.boot.model.internal.TableBinder - Retrieving property org.frcpm.models.Task.project
10:24:43.326 [main] DEBUG org.hibernate.boot.model.internal.CollectionSecondPass - Mapped collection key: project_id, one-to-many: org.frcpm.models.Task
10:24:43.326 [main] DEBUG org.hibernate.boot.model.internal.CollectionSecondPass - Second pass for collection: org.frcpm.models.Subteam.members
10:24:43.327 [main] DEBUG org.hibernate.boot.model.internal.CollectionBinder - Binding a OneToMany: org.frcpm.models.Subteam.members through a foreign key
10:24:43.327 [main] DEBUG org.hibernate.boot.model.internal.CollectionBinder - Mapping collection: org.frcpm.models.Subteam.members -> team_members
10:24:43.327 [main] DEBUG org.hibernate.boot.model.internal.TableBinder - Retrieving property org.frcpm.models.TeamMember.subteam
10:24:43.327 [main] DEBUG org.hibernate.boot.model.internal.CollectionSecondPass - Mapped collection key: subteam_id, one-to-many: org.frcpm.models.TeamMember
10:24:43.327 [main] DEBUG org.hibernate.boot.model.internal.CollectionSecondPass - Second pass for collection: org.frcpm.models.Subteam.subsystems
10:24:43.327 [main] DEBUG org.hibernate.boot.model.internal.CollectionBinder - Binding a OneToMany: org.frcpm.models.Subteam.subsystems through a foreign key
10:24:43.327 [main] DEBUG org.hibernate.boot.model.internal.CollectionBinder - Mapping collection: org.frcpm.models.Subteam.subsystems -> subsystems
10:24:43.327 [main] DEBUG org.hibernate.boot.model.internal.TableBinder - Retrieving property org.frcpm.models.Subsystem.responsibleSubteam
10:24:43.327 [main] DEBUG org.hibernate.boot.model.internal.CollectionSecondPass - Mapped collection key: responsible_subteam_id, one-to-many: org.frcpm.models.Subsystem
10:24:43.327 [main] DEBUG org.hibernate.boot.model.internal.CollectionSecondPass - Second pass for collection: org.frcpm.models.Task.postDependencies
10:24:43.327 [main] DEBUG org.hibernate.boot.model.internal.CollectionBinder - Binding a ManyToMany: org.frcpm.models.Task.postDependencies
10:24:43.327 [main] DEBUG org.hibernate.boot.registry.classloading.internal.ClassLoaderServiceImpl - HHH000194: Package not found or no package-info.java: org.frcpm.models
10:24:43.327 [main] DEBUG org.hibernate.boot.model.internal.TableBinder - Retrieving property org.frcpm.models.Task.preDependencies
10:24:43.327 [main] DEBUG org.hibernate.boot.model.internal.CollectionSecondPass - Mapped collection key: dependency_id, element: task_id
10:24:43.327 [main] DEBUG org.hibernate.boot.model.internal.CollectionSecondPass - Second pass for collection: org.frcpm.models.TeamMember.assignedTasks
10:24:43.327 [main] DEBUG org.hibernate.boot.model.internal.CollectionBinder - Binding a ManyToMany: org.frcpm.models.TeamMember.assignedTasks
10:24:43.327 [main] DEBUG org.hibernate.boot.registry.classloading.internal.ClassLoaderServiceImpl - HHH000194: Package not found or no package-info.java: org.frcpm.models
10:24:43.327 [main] DEBUG org.hibernate.boot.model.internal.TableBinder - Retrieving property org.frcpm.models.Task.assignedTo
10:24:43.327 [main] DEBUG org.hibernate.boot.model.internal.CollectionSecondPass - Mapped collection key: team_member_id, element: task_id
10:24:43.327 [main] DEBUG org.hibernate.boot.model.internal.CollectionSecondPass - Second pass for collection: org.frcpm.models.TeamMember.attendances
10:24:43.327 [main] DEBUG org.hibernate.boot.model.internal.CollectionBinder - Binding a OneToMany: org.frcpm.models.TeamMember.attendances through a foreign key
10:24:43.327 [main] DEBUG org.hibernate.boot.model.internal.CollectionBinder - Mapping collection: org.frcpm.models.TeamMember.attendances -> attendances
10:24:43.327 [main] DEBUG org.hibernate.boot.model.internal.TableBinder - Retrieving property org.frcpm.models.Attendance.member
10:24:43.327 [main] DEBUG org.hibernate.boot.model.internal.CollectionSecondPass - Mapped collection key: member_id, one-to-many: org.frcpm.models.Attendance
10:24:43.334 [main] DEBUG org.hibernate.internal.SessionFactoryImpl - Building session factory
10:24:43.336 [main] DEBUG org.hibernate.service.internal.SessionFactoryServiceRegistryImpl - EventListenerRegistry access via ServiceRegistry is deprecated.  Use `sessionFactory.getEventEngine().getListenerRegistry()` instead
10:24:43.336 [main] DEBUG org.hibernate.internal.SessionFactoryImpl - Instantiating SessionFactory with settings: {hibernate.format_sql=false, java.specification.version=21, sun.cpu.isalist=amd64, hibernate.connection.handling_mode=DELAYED_ACQUISITION_AND_RELEASE_AFTER_STATEMENT, sun.jnu.encoding=Cp1252, hibernate.dialect=org.hibernate.dialect.H2Dialect, java.class.path=C:\Users\dhiebert\Local Repositories\Project Management 2.0\target\test-classes;C:\Users\dhiebert\Local Repositories\Project Management 2.0\target\classes;C:\Users\dhiebert\.m2\repository\org\openjfx\javafx-controls\21.0.2\javafx-controls-21.0.2.jar;C:\Users\dhiebert\.m2\repository\org\openjfx\javafx-controls\21.0.2\javafx-controls-21.0.2-win.jar;C:\Users\dhiebert\.m2\repository\org\openjfx\javafx-fxml\21.0.2\javafx-fxml-21.0.2.jar;C:\Users\dhiebert\.m2\repository\org\openjfx\javafx-fxml\21.0.2\javafx-fxml-21.0.2-win.jar;C:\Users\dhiebert\.m2\repository\org\openjfx\javafx-graphics\21.0.2\javafx-graphics-21.0.2.jar;C:\Users\dhiebert\.m2\repository\org\openjfx\javafx-graphics\21.0.2\javafx-graphics-21.0.2-win.jar;C:\Users\dhiebert\.m2\repository\org\openjfx\javafx-base\21.0.2\javafx-base-21.0.2.jar;C:\Users\dhiebert\.m2\repository\org\openjfx\javafx-base\21.0.2\javafx-base-21.0.2-win.jar;C:\Users\dhiebert\.m2\repository\com\h2database\h2\2.2.224\h2-2.2.224.jar;C:\Users\dhiebert\.m2\repository\com\zaxxer\HikariCP\5.1.0\HikariCP-5.1.0.jar;C:\Users\dhiebert\.m2\repository\org\slf4j\slf4j-api\1.7.36\slf4j-api-1.7.36.jar;C:\Users\dhiebert\.m2\repository\org\hibernate\orm\hibernate-core\6.5.0.Final\hibernate-core-6.5.0.Final.jar;C:\Users\dhiebert\.m2\repository\jakarta\persistence\jakarta.persistence-api\3.1.0\jakarta.persistence-api-3.1.0.jar;C:\Users\dhiebert\.m2\repository\jakarta\transaction\jakarta.transaction-api\2.0.1\jakarta.transaction-api-2.0.1.jar;C:\Users\dhiebert\.m2\repository\org\jboss\logging\jboss-logging\3.5.0.Final\jboss-logging-3.5.0.Final.jar;C:\Users\dhiebert\.m2\repository\org\hibernate\common\hibernate-commons-annotations\6.0.6.Final\hibernate-commons-annotations-6.0.6.Final.jar;C:\Users\dhiebert\.m2\repository\io\smallrye\jandex\3.1.2\jandex-3.1.2.jar;C:\Users\dhiebert\.m2\repository\com\fasterxml\classmate\1.5.1\classmate-1.5.1.jar;C:\Users\dhiebert\.m2\repository\net\bytebuddy\byte-buddy\1.14.12\byte-buddy-1.14.12.jar;C:\Users\dhiebert\.m2\repository\jakarta\xml\bind\jakarta.xml.bind-api\4.0.0\jakarta.xml.bind-api-4.0.0.jar;C:\Users\dhiebert\.m2\repository\jakarta\activation\jakarta.activation-api\2.1.0\jakarta.activation-api-2.1.0.jar;C:\Users\dhiebert\.m2\repository\org\glassfish\jaxb\jaxb-runtime\4.0.2\jaxb-runtime-4.0.2.jar;C:\Users\dhiebert\.m2\repository\org\glassfish\jaxb\jaxb-core\4.0.2\jaxb-core-4.0.2.jar;C:\Users\dhiebert\.m2\repository\org\eclipse\angus\angus-activation\2.0.0\angus-activation-2.0.0.jar;C:\Users\dhiebert\.m2\repository\org\glassfish\jaxb\txw2\4.0.2\txw2-4.0.2.jar;C:\Users\dhiebert\.m2\repository\com\sun\istack\istack-commons-runtime\4.1.1\istack-commons-runtime-4.1.1.jar;C:\Users\dhiebert\.m2\repository\jakarta\inject\jakarta.inject-api\2.0.1\jakarta.inject-api-2.0.1.jar;C:\Users\dhiebert\.m2\repository\org\antlr\antlr4-runtime\4.13.0\antlr4-runtime-4.13.0.jar;C:\Users\dhiebert\.m2\repository\org\hibernate\validator\hibernate-validator\8.0.1.Final\hibernate-validator-8.0.1.Final.jar;C:\Users\dhiebert\.m2\repository\jakarta\validation\jakarta.validation-api\3.0.2\jakarta.validation-api-3.0.2.jar;C:\Users\dhiebert\.m2\repository\org\junit\jupiter\junit-jupiter-api\5.10.2\junit-jupiter-api-5.10.2.jar;C:\Users\dhiebert\.m2\repository\org\opentest4j\opentest4j\1.3.0\opentest4j-1.3.0.jar;C:\Users\dhiebert\.m2\repository\org\junit\platform\junit-platform-commons\1.10.2\junit-platform-commons-1.10.2.jar;C:\Users\dhiebert\.m2\repository\org\apiguardian\apiguardian-api\1.1.2\apiguardian-api-1.1.2.jar;C:\Users\dhiebert\.m2\repository\org\junit\jupiter\junit-jupiter-engine\5.10.2\junit-jupiter-engine-5.10.2.jar;C:\Users\dhiebert\.m2\repository\org\junit\platform\junit-platform-engine\1.10.2\junit-platform-engine-1.10.2.jar;C:\Users\dhiebert\.m2\repository\org\mockito\mockito-junit-jupiter\5.10.0\mockito-junit-jupiter-5.10.0.jar;C:\Users\dhiebert\.m2\repository\org\mockito\mockito-core\5.10.0\mockito-core-5.10.0.jar;C:\Users\dhiebert\.m2\repository\net\bytebuddy\byte-buddy-agent\1.14.11\byte-buddy-agent-1.14.11.jar;C:\Users\dhiebert\.m2\repository\org\objenesis\objenesis\3.3\objenesis-3.3.jar;C:\Users\dhiebert\.m2\repository\org\hibernate\orm\hibernate-hikaricp\6.5.0.Final\hibernate-hikaricp-6.5.0.Final.jar;C:\Users\dhiebert\.m2\repository\ch\qos\logback\logback-classic\1.2.11\logback-classic-1.2.11.jar;C:\Users\dhiebert\.m2\repository\ch\qos\logback\logback-core\1.2.11\logback-core-1.2.11.jar;C:\Users\dhiebert\.m2\repository\org\testfx\testfx-core\4.0.18\testfx-core-4.0.18.jar;C:\Users\dhiebert\.m2\repository\org\hamcrest\hamcrest\2.1\hamcrest-2.1.jar;C:\Users\dhiebert\.m2\repository\org\assertj\assertj-core\3.13.2\assertj-core-3.13.2.jar;C:\Users\dhiebert\.m2\repository\org\osgi\org.osgi.core\6.0.0\org.osgi.core-6.0.0.jar;C:\Users\dhiebert\.m2\repository\org\testfx\testfx-junit5\4.0.18\testfx-junit5-4.0.18.jar;C:\Users\dhiebert\.m2\repository\org\openjfx\javafx-web\17.0.2\javafx-web-17.0.2.jar;C:\Users\dhiebert\.m2\repository\org\openjfx\javafx-web\17.0.2\javafx-web-17.0.2-win.jar;C:\Users\dhiebert\.m2\repository\org\openjfx\javafx-media\17.0.2\javafx-media-17.0.2.jar;C:\Users\dhiebert\.m2\repository\org\openjfx\javafx-media\17.0.2\javafx-media-17.0.2-win.jar;C:\Users\dhiebert\.m2\repository\org\apache\pdfbox\pdfbox\2.0.27\pdfbox-2.0.27.jar;C:\Users\dhiebert\.m2\repository\org\apache\pdfbox\fontbox\2.0.27\fontbox-2.0.27.jar;C:\Users\dhiebert\.m2\repository\commons-logging\commons-logging\1.2\commons-logging-1.2.jar;C:\Users\dhiebert\.m2\repository\com\fasterxml\jackson\core\jackson-databind\2.15.0\jackson-databind-2.15.0.jar;C:\Users\dhiebert\.m2\repository\com\fasterxml\jackson\core\jackson-annotations\2.15.0\jackson-annotations-2.15.0.jar;C:\Users\dhiebert\.m2\repository\com\fasterxml\jackson\core\jackson-core\2.15.0\jackson-core-2.15.0.jar;C:\Users\dhiebert\.m2\repository\org\apache\xmlgraphics\batik-all\1.16\batik-all-1.16.jar;C:\Users\dhiebert\.m2\repository\xml-apis\xml-apis\1.4.01\xml-apis-1.4.01.jar;C:\Users\dhiebert\.m2\repository\xml-apis\xml-apis-ext\1.3.04\xml-apis-ext-1.3.04.jar;C:\Users\dhiebert\.m2\repository\org\apache\xmlgraphics\xmlgraphics-commons\2.7\xmlgraphics-commons-2.7.jar;C:\Users\dhiebert\.m2\repository\commons-io\commons-io\1.3.1\commons-io-1.3.1.jar;C:\Users\dhiebert\.m2\repository\org\jgrapht\jgrapht-core\1.5.2\jgrapht-core-1.5.2.jar;C:\Users\dhiebert\.m2\repository\org\jheaps\jheaps\0.14\jheaps-0.14.jar;C:\Users\dhiebert\.m2\repository\org\apfloat\apfloat\1.10.1\apfloat-1.10.1.jar;, java.vm.vendor=Eclipse Adoptium, sun.arch.data.model=64, hibernate.order_inserts=true, user.variant=, java.vendor.url=https://adoptium.net/, user.timezone=America/Chicago, javax.persistence.jdbc.user=****, javax.persistence.jdbc.url=jdbc:h2:file:C:\Users\dhiebert\.frcpm\frcpm, java.vm.specification.version=21, os.name=Windows 11, hibernate.generate_statistics=false, hibernate.hikari.connectionTimeout=10000, hibernate.order_updates=true, hibernate.jdbc.batch_versioned_data=true, jakarta.persistence.jdbc.password=****, hibernate.jdbc.batch_size=30, sun.java.launcher=SUN_STANDARD, user.country=US, local.setting.IS_JTA_TXN_COORD=false, sun.boot.library.path=C:\Program Files\Eclipse Adoptium\jdk-21.0.6.7-hotspot\bin, sun.java.command=C:\Users\dhiebert\AppData\Local\Temp\surefire9513985487531586668\surefirebooter-20250425102356946_3.jar C:\Users\dhiebert\AppData\Local\Temp\surefire9513985487531586668 2025-04-25T10-23-56_800-jvmRun1 surefire-20250425102356946_1tmp surefire_0-20250425102356946_2tmp, hibernate.use_sql_comments=false, hibernate.connection.provider_class=org.hibernate.hikaricp.internal.HikariCPConnectionProvider, jdk.debug=release, surefire.test.class.path=C:\Users\dhiebert\Local Repositories\Project Management 2.0\target\test-classes;C:\Users\dhiebert\Local Repositories\Project Management 2.0\target\classes;C:\Users\dhiebert\.m2\repository\org\openjfx\javafx-controls\21.0.2\javafx-controls-21.0.2.jar;C:\Users\dhiebert\.m2\repository\org\openjfx\javafx-controls\21.0.2\javafx-controls-21.0.2-win.jar;C:\Users\dhiebert\.m2\repository\org\openjfx\javafx-fxml\21.0.2\javafx-fxml-21.0.2.jar;C:\Users\dhiebert\.m2\repository\org\openjfx\javafx-fxml\21.0.2\javafx-fxml-21.0.2-win.jar;C:\Users\dhiebert\.m2\repository\org\openjfx\javafx-graphics\21.0.2\javafx-graphics-21.0.2.jar;C:\Users\dhiebert\.m2\repository\org\openjfx\javafx-graphics\21.0.2\javafx-graphics-21.0.2-win.jar;C:\Users\dhiebert\.m2\repository\org\openjfx\javafx-base\21.0.2\javafx-base-21.0.2.jar;C:\Users\dhiebert\.m2\repository\org\openjfx\javafx-base\21.0.2\javafx-base-21.0.2-win.jar;C:\Users\dhiebert\.m2\repository\com\h2database\h2\2.2.224\h2-2.2.224.jar;C:\Users\dhiebert\.m2\repository\com\zaxxer\HikariCP\5.1.0\HikariCP-5.1.0.jar;C:\Users\dhiebert\.m2\repository\org\slf4j\slf4j-api\1.7.36\slf4j-api-1.7.36.jar;C:\Users\dhiebert\.m2\repository\org\hibernate\orm\hibernate-core\6.5.0.Final\hibernate-core-6.5.0.Final.jar;C:\Users\dhiebert\.m2\repository\jakarta\persistence\jakarta.persistence-api\3.1.0\jakarta.persistence-api-3.1.0.jar;C:\Users\dhiebert\.m2\repository\jakarta\transaction\jakarta.transaction-api\2.0.1\jakarta.transaction-api-2.0.1.jar;C:\Users\dhiebert\.m2\repository\org\jboss\logging\jboss-logging\3.5.0.Final\jboss-logging-3.5.0.Final.jar;C:\Users\dhiebert\.m2\repository\org\hibernate\common\hibernate-commons-annotations\6.0.6.Final\hibernate-commons-annotations-6.0.6.Final.jar;C:\Users\dhiebert\.m2\repository\io\smallrye\jandex\3.1.2\jandex-3.1.2.jar;C:\Users\dhiebert\.m2\repository\com\fasterxml\classmate\1.5.1\classmate-1.5.1.jar;C:\Users\dhiebert\.m2\repository\net\bytebuddy\byte-buddy\1.14.12\byte-buddy-1.14.12.jar;C:\Users\dhiebert\.m2\repository\jakarta\xml\bind\jakarta.xml.bind-api\4.0.0\jakarta.xml.bind-api-4.0.0.jar;C:\Users\dhiebert\.m2\repository\jakarta\activation\jakarta.activation-api\2.1.0\jakarta.activation-api-2.1.0.jar;C:\Users\dhiebert\.m2\repository\org\glassfish\jaxb\jaxb-runtime\4.0.2\jaxb-runtime-4.0.2.jar;C:\Users\dhiebert\.m2\repository\org\glassfish\jaxb\jaxb-core\4.0.2\jaxb-core-4.0.2.jar;C:\Users\dhiebert\.m2\repository\org\eclipse\angus\angus-activation\2.0.0\angus-activation-2.0.0.jar;C:\Users\dhiebert\.m2\repository\org\glassfish\jaxb\txw2\4.0.2\txw2-4.0.2.jar;C:\Users\dhiebert\.m2\repository\com\sun\istack\istack-commons-runtime\4.1.1\istack-commons-runtime-4.1.1.jar;C:\Users\dhiebert\.m2\repository\jakarta\inject\jakarta.inject-api\2.0.1\jakarta.inject-api-2.0.1.jar;C:\Users\dhiebert\.m2\repository\org\antlr\antlr4-runtime\4.13.0\antlr4-runtime-4.13.0.jar;C:\Users\dhiebert\.m2\repository\org\hibernate\validator\hibernate-validator\8.0.1.Final\hibernate-validator-8.0.1.Final.jar;C:\Users\dhiebert\.m2\repository\jakarta\validation\jakarta.validation-api\3.0.2\jakarta.validation-api-3.0.2.jar;C:\Users\dhiebert\.m2\repository\org\junit\jupiter\junit-jupiter-api\5.10.2\junit-jupiter-api-5.10.2.jar;C:\Users\dhiebert\.m2\repository\org\opentest4j\opentest4j\1.3.0\opentest4j-1.3.0.jar;C:\Users\dhiebert\.m2\repository\org\junit\platform\junit-platform-commons\1.10.2\junit-platform-commons-1.10.2.jar;C:\Users\dhiebert\.m2\repository\org\apiguardian\apiguardian-api\1.1.2\apiguardian-api-1.1.2.jar;C:\Users\dhiebert\.m2\repository\org\junit\jupiter\junit-jupiter-engine\5.10.2\junit-jupiter-engine-5.10.2.jar;C:\Users\dhiebert\.m2\repository\org\junit\platform\junit-platform-engine\1.10.2\junit-platform-engine-1.10.2.jar;C:\Users\dhiebert\.m2\repository\org\mockito\mockito-junit-jupiter\5.10.0\mockito-junit-jupiter-5.10.0.jar;C:\Users\dhiebert\.m2\repository\org\mockito\mockito-core\5.10.0\mockito-core-5.10.0.jar;C:\Users\dhiebert\.m2\repository\net\bytebuddy\byte-buddy-agent\1.14.11\byte-buddy-agent-1.14.11.jar;C:\Users\dhiebert\.m2\repository\org\objenesis\objenesis\3.3\objenesis-3.3.jar;C:\Users\dhiebert\.m2\repository\org\hibernate\orm\hibernate-hikaricp\6.5.0.Final\hibernate-hikaricp-6.5.0.Final.jar;C:\Users\dhiebert\.m2\repository\ch\qos\logback\logback-classic\1.2.11\logback-classic-1.2.11.jar;C:\Users\dhiebert\.m2\repository\ch\qos\logback\logback-core\1.2.11\logback-core-1.2.11.jar;C:\Users\dhiebert\.m2\repository\org\testfx\testfx-core\4.0.18\testfx-core-4.0.18.jar;C:\Users\dhiebert\.m2\repository\org\hamcrest\hamcrest\2.1\hamcrest-2.1.jar;C:\Users\dhiebert\.m2\repository\org\assertj\assertj-core\3.13.2\assertj-core-3.13.2.jar;C:\Users\dhiebert\.m2\repository\org\osgi\org.osgi.core\6.0.0\org.osgi.core-6.0.0.jar;C:\Users\dhiebert\.m2\repository\org\testfx\testfx-junit5\4.0.18\testfx-junit5-4.0.18.jar;C:\Users\dhiebert\.m2\repository\org\openjfx\javafx-web\17.0.2\javafx-web-17.0.2.jar;C:\Users\dhiebert\.m2\repository\org\openjfx\javafx-web\17.0.2\javafx-web-17.0.2-win.jar;C:\Users\dhiebert\.m2\repository\org\openjfx\javafx-media\17.0.2\javafx-media-17.0.2.jar;C:\Users\dhiebert\.m2\repository\org\openjfx\javafx-media\17.0.2\javafx-media-17.0.2-win.jar;C:\Users\dhiebert\.m2\repository\org\apache\pdfbox\pdfbox\2.0.27\pdfbox-2.0.27.jar;C:\Users\dhiebert\.m2\repository\org\apache\pdfbox\fontbox\2.0.27\fontbox-2.0.27.jar;C:\Users\dhiebert\.m2\repository\commons-logging\commons-logging\1.2\commons-logging-1.2.jar;C:\Users\dhiebert\.m2\repository\com\fasterxml\jackson\core\jackson-databind\2.15.0\jackson-databind-2.15.0.jar;C:\Users\dhiebert\.m2\repository\com\fasterxml\jackson\core\jackson-annotations\2.15.0\jackson-annotations-2.15.0.jar;C:\Users\dhiebert\.m2\repository\com\fasterxml\jackson\core\jackson-core\2.15.0\jackson-core-2.15.0.jar;C:\Users\dhiebert\.m2\repository\org\apache\xmlgraphics\batik-all\1.16\batik-all-1.16.jar;C:\Users\dhiebert\.m2\repository\xml-apis\xml-apis\1.4.01\xml-apis-1.4.01.jar;C:\Users\dhiebert\.m2\repository\xml-apis\xml-apis-ext\1.3.04\xml-apis-ext-1.3.04.jar;C:\Users\dhiebert\.m2\repository\org\apache\xmlgraphics\xmlgraphics-commons\2.7\xmlgraphics-commons-2.7.jar;C:\Users\dhiebert\.m2\repository\commons-io\commons-io\1.3.1\commons-io-1.3.1.jar;C:\Users\dhiebert\.m2\repository\org\jgrapht\jgrapht-core\1.5.2\jgrapht-core-1.5.2.jar;C:\Users\dhiebert\.m2\repository\org\jheaps\jheaps\0.14\jheaps-0.14.jar;C:\Users\dhiebert\.m2\repository\org\apfloat\apfloat\1.10.1\apfloat-1.10.1.jar;, jakarta.persistence.jdbc.driver=org.h2.Driver, sun.cpu.endian=little, user.home=C:\Users\dhiebert, user.language=en, java.specification.vendor=Oracle Corporation, java.version.date=2025-01-21, java.home=C:\Program Files\Eclipse Adoptium\jdk-21.0.6.7-hotspot, file.separator=\, basedir=C:\Users\dhiebert\Local Repositories\Project Management 2.0, java.vm.compressedOopsMode=Zero based, jakarta.persistence.jdbc.user=****, line.separator=
, hibernate.persistenceUnitName=frcpm, java.vm.specification.vendor=Oracle Corporation, java.specification.name=Java Platform API Specification, hibernate.transaction.coordinator_class=class org.hibernate.resource.transaction.backend.jdbc.internal.JdbcResourceLocalTransactionCoordinatorBuilderImpl, javax.persistence.jdbc.driver=org.h2.Driver, hibernate.hikari.maximumPoolSize=10, surefire.real.class.path=C:\Users\dhiebert\AppData\Local\Temp\surefire9513985487531586668\surefirebooter-20250425102356946_3.jar, hibernate.hbm2ddl.auto=update, user.script=, sun.management.compiler=HotSpot 64-Bit Tiered Compilers, java.runtime.version=21.0.6+7-LTS, user.name=dhiebert, hibernate.cache.use_query_cache=false, stdout.encoding=Cp1252, path.separator=;, hibernate.connection.username=****, os.version=10.0, java.runtime.name=OpenJDK Runtime Environment, hibernate.connection.url=jdbc:h2:file:C:\Users\dhiebert\.frcpm\frcpm, file.encoding=UTF-8, hibernate.hikari.minimumIdle=2, hibernate.hikari.idleTimeout=30000, java.vm.name=OpenJDK 64-Bit Server VM, hibernate.show_sql=false, java.vendor.version=Temurin-21.0.6+7, hibernate.hikari.poolName=FRC-PM-HikariCP, hibernate.current_session_context_class=thread, localRepository=C:\Users\dhiebert\.m2\repository, hibernate.connection.driver_class=org.h2.Driver, java.vendor.url.bug=https://github.com/adoptium/adoptium-support/issues, java.io.tmpdir=C:\Users\dhiebert\AppData\Local\Temp\, java.version=21.0.6, user.dir=C:\Users\dhiebert\Local Repositories\Project Management 2.0, os.arch=amd64, java.vm.specification.name=Java Virtual Machine Specification, hibernate.connection.password=****, sun.os.patch.level=, jakarta.persistence.jdbc.url=jdbc:h2:file:C:\Users\dhiebert\.frcpm\frcpm, hibernate.boot.CfgXmlAccessService.key=org.hibernate.boot.registry.StandardServiceRegistryBuilder$1@196dfede, native.encoding=Cp1252, hibernate.cache.use_second_level_cache=false, java.library.path=C:\Program Files\Eclipse Adoptium\jdk-21.0.6.7-hotspot\bin;C:\WINDOWS\Sun\Java\bin;C:\WINDOWS\system32;C:\WINDOWS;C:\Program Files\apache-maven-3.9.9\bin;C:\Program Files\Eclipse Adoptium\jdk-21.0.6.7-hotspot\bin;C:\Program Files\National Instruments\Shared\OpenVINO\;C:\Program Files\Common Files\Oracle\Java\javapath;C:\WINDOWS\system32;C:\WINDOWS;C:\WINDOWS\System32\Wbem;C:\WINDOWS\System32\WindowsPowerShell\v1.0\;C:\WINDOWS\System32\OpenSSH\;C:\Program Files\dotnet\;C:\Program Files (x86)\Windows Live\Shared;C:\Program Files\Git\cmd;C:\Program Files\Common Files\Autodesk Shared\;C:\Program Files\Microsoft SQL Server\150\Tools\Binn\;C:\Program Files\nodejs\;C:\Program Files\Eclipse Adoptium\jdk-21.0.6.7-hotspot\bin;C:\Program Files\apache-maven-3.9.9\bin;%MAVEN_HOME%\bin;C:\Users\dhiebert\AppData\Local\Microsoft\WindowsApps;C:\Users\dhiebert\AppData\Local\GitHubDesktop\bin;C:\Users\dhiebert\AppData\Roaming\npm;C:\Users\dhiebert\AppData\Local\Packages\PythonSoftwareFoundation.Python.3.11_qbz5n2kfra8p0\LocalCache\local-packages\Python311\Scripts;C:\Users\dhiebert\AppData\Local\Packages\PythonSoftwareFoundation.Python.3.11_qbz5n2kfra8p0\LocalCache\local-packages\Python311\site-packages\maven;;c:\Users\Public\wpilib\2025\vscode\data\user-data\User\globalStorage\github.copilot-chat\debugCommand;c:\Users\Public\wpilib\2025\vscode\data\extensions\ms-python.debugpy-2025.4.1-win32-x64\bundled\scripts\noConfigScripts;., stderr.encoding=Cp1252, java.vendor=Eclipse Adoptium, java.vm.info=mixed mode, sharing, java.vm.version=21.0.6+7-LTS, sun.io.unicode.encoding=UnicodeLittle, javax.persistence.jdbc.password=****, java.class.version=65.0}
10:24:43.336 [main] DEBUG org.hibernate.internal.SessionFactoryImpl - Session factory constructed with filter configurations : {}
10:24:43.336 [main] DEBUG org.hibernate.validator.internal.xml.config.ValidationXmlParser - Trying to load META-INF/validation.xml for XML based Validator configuration.
10:24:43.336 [main] DEBUG org.hibernate.validator.internal.xml.config.ResourceLoaderHelper - Trying to load META-INF/validation.xml via TCCL
10:24:43.336 [main] DEBUG org.hibernate.validator.internal.xml.config.ResourceLoaderHelper - Trying to load META-INF/validation.xml via Hibernate Validator's class loader
10:24:43.337 [main] DEBUG org.hibernate.validator.internal.xml.config.ValidationXmlParser - No META-INF/validation.xml found. Using annotation based configuration only.
10:24:43.337 [main] DEBUG org.hibernate.validator.internal.engine.resolver.TraversableResolvers - Found jakarta.persistence.Persistence on classpath containing 'getPersistenceUtil'. Assuming JPA 2 environment. Trying to instantiate JPA aware TraversableResolver
10:24:43.337 [main] DEBUG org.hibernate.validator.internal.engine.resolver.TraversableResolvers - Instantiated JPA aware TraversableResolver of type org.hibernate.validator.internal.engine.resolver.JPATraversableResolver.
10:24:43.337 [main] DEBUG org.hibernate.validator.messageinterpolation.ResourceBundleMessageInterpolator - Failed to load expression factory via classloader jdk.internal.loader.ClassLoaders$AppClassLoader@70dea4e
java.lang.NoClassDefFoundError: jakarta/el/ExpressionFactory
	at org.hibernate.validator.messageinterpolation.ResourceBundleMessageInterpolator.canLoadExpressionFactory(ResourceBundleMessageInterpolator.java:228)
	at org.hibernate.validator.messageinterpolation.ResourceBundleMessageInterpolator.buildExpressionFactory(ResourceBundleMessageInterpolator.java:173)
	at org.hibernate.validator.messageinterpolation.ResourceBundleMessageInterpolator.<init>(ResourceBundleMessageInterpolator.java:97)
	at org.hibernate.validator.internal.engine.AbstractConfigurationImpl.getDefaultMessageInterpolator(AbstractConfigurationImpl.java:575)
	at org.hibernate.validator.internal.engine.AbstractConfigurationImpl.getDefaultMessageInterpolatorConfiguredWithClassLoader(AbstractConfigurationImpl.java:834)
	at org.hibernate.validator.internal.engine.AbstractConfigurationImpl.getMessageInterpolator(AbstractConfigurationImpl.java:485)
	at org.hibernate.validator.internal.engine.ValidatorFactoryImpl.<init>(ValidatorFactoryImpl.java:157)
	at org.hibernate.validator.HibernateValidator.buildValidatorFactory(HibernateValidator.java:38)
	at org.hibernate.validator.internal.engine.AbstractConfigurationImpl.buildValidatorFactory(AbstractConfigurationImpl.java:453)
	at jakarta.validation.Validation.buildDefaultValidatorFactory(Validation.java:103)
	at org.hibernate.boot.beanvalidation.TypeSafeActivator.getValidatorFactory(TypeSafeActivator.java:482)
	at org.hibernate.boot.beanvalidation.TypeSafeActivator.activate(TypeSafeActivator.java:79)
	at java.base/jdk.internal.reflect.DirectMethodHandleAccessor.invoke(DirectMethodHandleAccessor.java:103)
	at java.base/java.lang.reflect.Method.invoke(Method.java:580)
	at org.hibernate.boot.beanvalidation.BeanValidationIntegrator.integrate(BeanValidationIntegrator.java:139)
	at org.hibernate.internal.SessionFactoryImpl.integrate(SessionFactoryImpl.java:517)
	at org.hibernate.internal.SessionFactoryImpl.<init>(SessionFactoryImpl.java:276)
	at org.hibernate.boot.internal.SessionFactoryBuilderImpl.build(SessionFactoryBuilderImpl.java:457)
	at org.hibernate.jpa.boot.internal.EntityManagerFactoryBuilderImpl.build(EntityManagerFactoryBuilderImpl.java:1506)
	at org.hibernate.jpa.HibernatePersistenceProvider.createEntityManagerFactory(HibernatePersistenceProvider.java:55)
	at jakarta.persistence.Persistence.createEntityManagerFactory(Persistence.java:80)
	at org.frcpm.config.DatabaseConfig.initialize(DatabaseConfig.java:114)
	at org.frcpm.config.DatabaseConfig.initialize(DatabaseConfig.java:28)
	at org.frcpm.repositories.SubteamRepositoryTest.setUp(SubteamRepositoryTest.java:24)
	at java.base/jdk.internal.reflect.DirectMethodHandleAccessor.invoke(DirectMethodHandleAccessor.java:103)
	at java.base/java.lang.reflect.Method.invoke(Method.java:580)
	at org.junit.platform.commons.util.ReflectionUtils.invokeMethod(ReflectionUtils.java:728)
	at org.junit.jupiter.engine.execution.MethodInvocation.proceed(MethodInvocation.java:60)
	at org.junit.jupiter.engine.execution.InvocationInterceptorChain$ValidatingInvocation.proceed(InvocationInterceptorChain.java:131)
	at org.junit.jupiter.engine.extension.TimeoutExtension.intercept(TimeoutExtension.java:156)
	at org.junit.jupiter.engine.extension.TimeoutExtension.interceptLifecycleMethod(TimeoutExtension.java:128)
	at org.junit.jupiter.engine.extension.TimeoutExtension.interceptBeforeEachMethod(TimeoutExtension.java:78)
	at org.junit.jupiter.engine.execution.InterceptingExecutableInvoker$ReflectiveInterceptorCall.lambda$ofVoidMethod$0(InterceptingExecutableInvoker.java:103)
	at org.junit.jupiter.engine.execution.InterceptingExecutableInvoker.lambda$invoke$0(InterceptingExecutableInvoker.java:93)
	at org.junit.jupiter.engine.execution.InvocationInterceptorChain$InterceptedInvocation.proceed(InvocationInterceptorChain.java:106)
	at org.junit.jupiter.engine.execution.InvocationInterceptorChain.proceed(InvocationInterceptorChain.java:64)
	at org.junit.jupiter.engine.execution.InvocationInterceptorChain.chainAndInvoke(InvocationInterceptorChain.java:45)
	at org.junit.jupiter.engine.execution.InvocationInterceptorChain.invoke(InvocationInterceptorChain.java:37)
	at org.junit.jupiter.engine.execution.InterceptingExecutableInvoker.invoke(InterceptingExecutableInvoker.java:92)
	at org.junit.jupiter.engine.execution.InterceptingExecutableInvoker.invoke(InterceptingExecutableInvoker.java:86)
	at org.junit.jupiter.engine.descriptor.ClassBasedTestDescriptor.invokeMethodInExtensionContext(ClassBasedTestDescriptor.java:521)
	at org.junit.jupiter.engine.descriptor.ClassBasedTestDescriptor.lambda$synthesizeBeforeEachMethodAdapter$23(ClassBasedTestDescriptor.java:506)
	at org.junit.jupiter.engine.descriptor.TestMethodTestDescriptor.lambda$invokeBeforeEachMethods$3(TestMethodTestDescriptor.java:175)
	at org.junit.jupiter.engine.descriptor.TestMethodTestDescriptor.lambda$invokeBeforeMethodsOrCallbacksUntilExceptionOccurs$6(TestMethodTestDescriptor.java:203)
	at org.junit.platform.engine.support.hierarchical.ThrowableCollector.execute(ThrowableCollector.java:73)
	at org.junit.jupiter.engine.descriptor.TestMethodTestDescriptor.invokeBeforeMethodsOrCallbacksUntilExceptionOccurs(TestMethodTestDescriptor.java:203)
	at org.junit.jupiter.engine.descriptor.TestMethodTestDescriptor.invokeBeforeEachMethods(TestMethodTestDescriptor.java:172)
	at org.junit.jupiter.engine.descriptor.TestMethodTestDescriptor.execute(TestMethodTestDescriptor.java:135)
	at org.junit.jupiter.engine.descriptor.TestMethodTestDescriptor.execute(TestMethodTestDescriptor.java:69)
	at org.junit.platform.engine.support.hierarchical.NodeTestTask.lambda$executeRecursively$6(NodeTestTask.java:151)
	at org.junit.platform.engine.support.hierarchical.ThrowableCollector.execute(ThrowableCollector.java:73)
	at org.junit.platform.engine.support.hierarchical.NodeTestTask.lambda$executeRecursively$8(NodeTestTask.java:141)
	at org.junit.platform.engine.support.hierarchical.Node.around(Node.java:137)
	at org.junit.platform.engine.support.hierarchical.NodeTestTask.lambda$executeRecursively$9(NodeTestTask.java:139)
	at org.junit.platform.engine.support.hierarchical.ThrowableCollector.execute(ThrowableCollector.java:73)
	at org.junit.platform.engine.support.hierarchical.NodeTestTask.executeRecursively(NodeTestTask.java:138)
	at org.junit.platform.engine.support.hierarchical.NodeTestTask.execute(NodeTestTask.java:95)
	at java.base/java.util.ArrayList.forEach(ArrayList.java:1596)
	at org.junit.platform.engine.support.hierarchical.SameThreadHierarchicalTestExecutorService.invokeAll(SameThreadHierarchicalTestExecutorService.java:41)
	at org.junit.platform.engine.support.hierarchical.NodeTestTask.lambda$executeRecursively$6(NodeTestTask.java:155)
	at org.junit.platform.engine.support.hierarchical.ThrowableCollector.execute(ThrowableCollector.java:73)
	at org.junit.platform.engine.support.hierarchical.NodeTestTask.lambda$executeRecursively$8(NodeTestTask.java:141)
	at org.junit.platform.engine.support.hierarchical.Node.around(Node.java:137)
	at org.junit.platform.engine.support.hierarchical.NodeTestTask.lambda$executeRecursively$9(NodeTestTask.java:139)
	at org.junit.platform.engine.support.hierarchical.ThrowableCollector.execute(ThrowableCollector.java:73)
	at org.junit.platform.engine.support.hierarchical.NodeTestTask.executeRecursively(NodeTestTask.java:138)
	at org.junit.platform.engine.support.hierarchical.NodeTestTask.execute(NodeTestTask.java:95)
	at java.base/java.util.ArrayList.forEach(ArrayList.java:1596)
	at org.junit.platform.engine.support.hierarchical.SameThreadHierarchicalTestExecutorService.invokeAll(SameThreadHierarchicalTestExecutorService.java:41)
	at org.junit.platform.engine.support.hierarchical.NodeTestTask.lambda$executeRecursively$6(NodeTestTask.java:155)
	at org.junit.platform.engine.support.hierarchical.ThrowableCollector.execute(ThrowableCollector.java:73)
	at org.junit.platform.engine.support.hierarchical.NodeTestTask.lambda$executeRecursively$8(NodeTestTask.java:141)
	at org.junit.platform.engine.support.hierarchical.Node.around(Node.java:137)
	at org.junit.platform.engine.support.hierarchical.NodeTestTask.lambda$executeRecursively$9(NodeTestTask.java:139)
	at org.junit.platform.engine.support.hierarchical.ThrowableCollector.execute(ThrowableCollector.java:73)
	at org.junit.platform.engine.support.hierarchical.NodeTestTask.executeRecursively(NodeTestTask.java:138)
	at org.junit.platform.engine.support.hierarchical.NodeTestTask.execute(NodeTestTask.java:95)
	at org.junit.platform.engine.support.hierarchical.SameThreadHierarchicalTestExecutorService.submit(SameThreadHierarchicalTestExecutorService.java:35)
	at org.junit.platform.engine.support.hierarchical.HierarchicalTestExecutor.execute(HierarchicalTestExecutor.java:57)
	at org.junit.platform.engine.support.hierarchical.HierarchicalTestEngine.execute(HierarchicalTestEngine.java:54)
	at org.junit.platform.launcher.core.EngineExecutionOrchestrator.execute(EngineExecutionOrchestrator.java:198)
	at org.junit.platform.launcher.core.EngineExecutionOrchestrator.execute(EngineExecutionOrchestrator.java:169)
	at org.junit.platform.launcher.core.EngineExecutionOrchestrator.execute(EngineExecutionOrchestrator.java:93)
	at org.junit.platform.launcher.core.EngineExecutionOrchestrator.lambda$execute$0(EngineExecutionOrchestrator.java:58)
	at org.junit.platform.launcher.core.EngineExecutionOrchestrator.withInterceptedStreams(EngineExecutionOrchestrator.java:141)
	at org.junit.platform.launcher.core.EngineExecutionOrchestrator.execute(EngineExecutionOrchestrator.java:57)
	at org.junit.platform.launcher.core.DefaultLauncher.execute(DefaultLauncher.java:103)
	at org.junit.platform.launcher.core.DefaultLauncher.execute(DefaultLauncher.java:85)
	at org.junit.platform.launcher.core.DelegatingLauncher.execute(DelegatingLauncher.java:47)
	at org.apache.maven.surefire.junitplatform.LazyLauncher.execute(LazyLauncher.java:56)
	at org.apache.maven.surefire.junitplatform.JUnitPlatformProvider.execute(JUnitPlatformProvider.java:184)
	at org.apache.maven.surefire.junitplatform.JUnitPlatformProvider.invokeAllTests(JUnitPlatformProvider.java:148)
	at org.apache.maven.surefire.junitplatform.JUnitPlatformProvider.invoke(JUnitPlatformProvider.java:122)
	at org.apache.maven.surefire.booter.ForkedBooter.runSuitesInProcess(ForkedBooter.java:385)
	at org.apache.maven.surefire.booter.ForkedBooter.execute(ForkedBooter.java:162)
	at org.apache.maven.surefire.booter.ForkedBooter.run(ForkedBooter.java:507)
	at org.apache.maven.surefire.booter.ForkedBooter.main(ForkedBooter.java:495)
Caused by: java.lang.ClassNotFoundException: jakarta.el.ExpressionFactory
	... 97 common frames omitted
10:24:43.338 [main] DEBUG org.hibernate.validator.messageinterpolation.ResourceBundleMessageInterpolator - Failed to load expression factory via classloader jdk.internal.loader.ClassLoaders$AppClassLoader@70dea4e
java.lang.NoClassDefFoundError: jakarta/el/ExpressionFactory
	at org.hibernate.validator.messageinterpolation.ResourceBundleMessageInterpolator.canLoadExpressionFactory(ResourceBundleMessageInterpolator.java:228)
	at org.hibernate.validator.messageinterpolation.ResourceBundleMessageInterpolator.buildExpressionFactory(ResourceBundleMessageInterpolator.java:186)
	at org.hibernate.validator.messageinterpolation.ResourceBundleMessageInterpolator.<init>(ResourceBundleMessageInterpolator.java:97)
	at org.hibernate.validator.internal.engine.AbstractConfigurationImpl.getDefaultMessageInterpolator(AbstractConfigurationImpl.java:575)
	at org.hibernate.validator.internal.engine.AbstractConfigurationImpl.getDefaultMessageInterpolatorConfiguredWithClassLoader(AbstractConfigurationImpl.java:834)
	at org.hibernate.validator.internal.engine.AbstractConfigurationImpl.getMessageInterpolator(AbstractConfigurationImpl.java:485)
	at org.hibernate.validator.internal.engine.ValidatorFactoryImpl.<init>(ValidatorFactoryImpl.java:157)
	at org.hibernate.validator.HibernateValidator.buildValidatorFactory(HibernateValidator.java:38)
	at org.hibernate.validator.internal.engine.AbstractConfigurationImpl.buildValidatorFactory(AbstractConfigurationImpl.java:453)
	at jakarta.validation.Validation.buildDefaultValidatorFactory(Validation.java:103)
	at org.hibernate.boot.beanvalidation.TypeSafeActivator.getValidatorFactory(TypeSafeActivator.java:482)
	at org.hibernate.boot.beanvalidation.TypeSafeActivator.activate(TypeSafeActivator.java:79)
	at java.base/jdk.internal.reflect.DirectMethodHandleAccessor.invoke(DirectMethodHandleAccessor.java:103)
	at java.base/java.lang.reflect.Method.invoke(Method.java:580)
	at org.hibernate.boot.beanvalidation.BeanValidationIntegrator.integrate(BeanValidationIntegrator.java:139)
	at org.hibernate.internal.SessionFactoryImpl.integrate(SessionFactoryImpl.java:517)
	at org.hibernate.internal.SessionFactoryImpl.<init>(SessionFactoryImpl.java:276)
	at org.hibernate.boot.internal.SessionFactoryBuilderImpl.build(SessionFactoryBuilderImpl.java:457)
	at org.hibernate.jpa.boot.internal.EntityManagerFactoryBuilderImpl.build(EntityManagerFactoryBuilderImpl.java:1506)
	at org.hibernate.jpa.HibernatePersistenceProvider.createEntityManagerFactory(HibernatePersistenceProvider.java:55)
	at jakarta.persistence.Persistence.createEntityManagerFactory(Persistence.java:80)
	at org.frcpm.config.DatabaseConfig.initialize(DatabaseConfig.java:114)
	at org.frcpm.config.DatabaseConfig.initialize(DatabaseConfig.java:28)
	at org.frcpm.repositories.SubteamRepositoryTest.setUp(SubteamRepositoryTest.java:24)
	at java.base/jdk.internal.reflect.DirectMethodHandleAccessor.invoke(DirectMethodHandleAccessor.java:103)
	at java.base/java.lang.reflect.Method.invoke(Method.java:580)
	at org.junit.platform.commons.util.ReflectionUtils.invokeMethod(ReflectionUtils.java:728)
	at org.junit.jupiter.engine.execution.MethodInvocation.proceed(MethodInvocation.java:60)
	at org.junit.jupiter.engine.execution.InvocationInterceptorChain$ValidatingInvocation.proceed(InvocationInterceptorChain.java:131)
	at org.junit.jupiter.engine.extension.TimeoutExtension.intercept(TimeoutExtension.java:156)
	at org.junit.jupiter.engine.extension.TimeoutExtension.interceptLifecycleMethod(TimeoutExtension.java:128)
	at org.junit.jupiter.engine.extension.TimeoutExtension.interceptBeforeEachMethod(TimeoutExtension.java:78)
	at org.junit.jupiter.engine.execution.InterceptingExecutableInvoker$ReflectiveInterceptorCall.lambda$ofVoidMethod$0(InterceptingExecutableInvoker.java:103)
	at org.junit.jupiter.engine.execution.InterceptingExecutableInvoker.lambda$invoke$0(InterceptingExecutableInvoker.java:93)
	at org.junit.jupiter.engine.execution.InvocationInterceptorChain$InterceptedInvocation.proceed(InvocationInterceptorChain.java:106)
	at org.junit.jupiter.engine.execution.InvocationInterceptorChain.proceed(InvocationInterceptorChain.java:64)
	at org.junit.jupiter.engine.execution.InvocationInterceptorChain.chainAndInvoke(InvocationInterceptorChain.java:45)
	at org.junit.jupiter.engine.execution.InvocationInterceptorChain.invoke(InvocationInterceptorChain.java:37)
	at org.junit.jupiter.engine.execution.InterceptingExecutableInvoker.invoke(InterceptingExecutableInvoker.java:92)
	at org.junit.jupiter.engine.execution.InterceptingExecutableInvoker.invoke(InterceptingExecutableInvoker.java:86)
	at org.junit.jupiter.engine.descriptor.ClassBasedTestDescriptor.invokeMethodInExtensionContext(ClassBasedTestDescriptor.java:521)
	at org.junit.jupiter.engine.descriptor.ClassBasedTestDescriptor.lambda$synthesizeBeforeEachMethodAdapter$23(ClassBasedTestDescriptor.java:506)
	at org.junit.jupiter.engine.descriptor.TestMethodTestDescriptor.lambda$invokeBeforeEachMethods$3(TestMethodTestDescriptor.java:175)
	at org.junit.jupiter.engine.descriptor.TestMethodTestDescriptor.lambda$invokeBeforeMethodsOrCallbacksUntilExceptionOccurs$6(TestMethodTestDescriptor.java:203)
	at org.junit.platform.engine.support.hierarchical.ThrowableCollector.execute(ThrowableCollector.java:73)
	at org.junit.jupiter.engine.descriptor.TestMethodTestDescriptor.invokeBeforeMethodsOrCallbacksUntilExceptionOccurs(TestMethodTestDescriptor.java:203)
	at org.junit.jupiter.engine.descriptor.TestMethodTestDescriptor.invokeBeforeEachMethods(TestMethodTestDescriptor.java:172)
	at org.junit.jupiter.engine.descriptor.TestMethodTestDescriptor.execute(TestMethodTestDescriptor.java:135)
	at org.junit.jupiter.engine.descriptor.TestMethodTestDescriptor.execute(TestMethodTestDescriptor.java:69)
	at org.junit.platform.engine.support.hierarchical.NodeTestTask.lambda$executeRecursively$6(NodeTestTask.java:151)
	at org.junit.platform.engine.support.hierarchical.ThrowableCollector.execute(ThrowableCollector.java:73)
	at org.junit.platform.engine.support.hierarchical.NodeTestTask.lambda$executeRecursively$8(NodeTestTask.java:141)
	at org.junit.platform.engine.support.hierarchical.Node.around(Node.java:137)
	at org.junit.platform.engine.support.hierarchical.NodeTestTask.lambda$executeRecursively$9(NodeTestTask.java:139)
	at org.junit.platform.engine.support.hierarchical.ThrowableCollector.execute(ThrowableCollector.java:73)
	at org.junit.platform.engine.support.hierarchical.NodeTestTask.executeRecursively(NodeTestTask.java:138)
	at org.junit.platform.engine.support.hierarchical.NodeTestTask.execute(NodeTestTask.java:95)
	at java.base/java.util.ArrayList.forEach(ArrayList.java:1596)
	at org.junit.platform.engine.support.hierarchical.SameThreadHierarchicalTestExecutorService.invokeAll(SameThreadHierarchicalTestExecutorService.java:41)
	at org.junit.platform.engine.support.hierarchical.NodeTestTask.lambda$executeRecursively$6(NodeTestTask.java:155)
	at org.junit.platform.engine.support.hierarchical.ThrowableCollector.execute(ThrowableCollector.java:73)
	at org.junit.platform.engine.support.hierarchical.NodeTestTask.lambda$executeRecursively$8(NodeTestTask.java:141)
	at org.junit.platform.engine.support.hierarchical.Node.around(Node.java:137)
	at org.junit.platform.engine.support.hierarchical.NodeTestTask.lambda$executeRecursively$9(NodeTestTask.java:139)
	at org.junit.platform.engine.support.hierarchical.ThrowableCollector.execute(ThrowableCollector.java:73)
	at org.junit.platform.engine.support.hierarchical.NodeTestTask.executeRecursively(NodeTestTask.java:138)
	at org.junit.platform.engine.support.hierarchical.NodeTestTask.execute(NodeTestTask.java:95)
	at java.base/java.util.ArrayList.forEach(ArrayList.java:1596)
	at org.junit.platform.engine.support.hierarchical.SameThreadHierarchicalTestExecutorService.invokeAll(SameThreadHierarchicalTestExecutorService.java:41)
	at org.junit.platform.engine.support.hierarchical.NodeTestTask.lambda$executeRecursively$6(NodeTestTask.java:155)
	at org.junit.platform.engine.support.hierarchical.ThrowableCollector.execute(ThrowableCollector.java:73)
	at org.junit.platform.engine.support.hierarchical.NodeTestTask.lambda$executeRecursively$8(NodeTestTask.java:141)
	at org.junit.platform.engine.support.hierarchical.Node.around(Node.java:137)
	at org.junit.platform.engine.support.hierarchical.NodeTestTask.lambda$executeRecursively$9(NodeTestTask.java:139)
	at org.junit.platform.engine.support.hierarchical.ThrowableCollector.execute(ThrowableCollector.java:73)
	at org.junit.platform.engine.support.hierarchical.NodeTestTask.executeRecursively(NodeTestTask.java:138)
	at org.junit.platform.engine.support.hierarchical.NodeTestTask.execute(NodeTestTask.java:95)
	at org.junit.platform.engine.support.hierarchical.SameThreadHierarchicalTestExecutorService.submit(SameThreadHierarchicalTestExecutorService.java:35)
	at org.junit.platform.engine.support.hierarchical.HierarchicalTestExecutor.execute(HierarchicalTestExecutor.java:57)
	at org.junit.platform.engine.support.hierarchical.HierarchicalTestEngine.execute(HierarchicalTestEngine.java:54)
	at org.junit.platform.launcher.core.EngineExecutionOrchestrator.execute(EngineExecutionOrchestrator.java:198)
	at org.junit.platform.launcher.core.EngineExecutionOrchestrator.execute(EngineExecutionOrchestrator.java:169)
	at org.junit.platform.launcher.core.EngineExecutionOrchestrator.execute(EngineExecutionOrchestrator.java:93)
	at org.junit.platform.launcher.core.EngineExecutionOrchestrator.lambda$execute$0(EngineExecutionOrchestrator.java:58)
	at org.junit.platform.launcher.core.EngineExecutionOrchestrator.withInterceptedStreams(EngineExecutionOrchestrator.java:141)
	at org.junit.platform.launcher.core.EngineExecutionOrchestrator.execute(EngineExecutionOrchestrator.java:57)
	at org.junit.platform.launcher.core.DefaultLauncher.execute(DefaultLauncher.java:103)
	at org.junit.platform.launcher.core.DefaultLauncher.execute(DefaultLauncher.java:85)
	at org.junit.platform.launcher.core.DelegatingLauncher.execute(DelegatingLauncher.java:47)
	at org.apache.maven.surefire.junitplatform.LazyLauncher.execute(LazyLauncher.java:56)
	at org.apache.maven.surefire.junitplatform.JUnitPlatformProvider.execute(JUnitPlatformProvider.java:184)
	at org.apache.maven.surefire.junitplatform.JUnitPlatformProvider.invokeAllTests(JUnitPlatformProvider.java:148)
	at org.apache.maven.surefire.junitplatform.JUnitPlatformProvider.invoke(JUnitPlatformProvider.java:122)
	at org.apache.maven.surefire.booter.ForkedBooter.runSuitesInProcess(ForkedBooter.java:385)
	at org.apache.maven.surefire.booter.ForkedBooter.execute(ForkedBooter.java:162)
	at org.apache.maven.surefire.booter.ForkedBooter.run(ForkedBooter.java:507)
	at org.apache.maven.surefire.booter.ForkedBooter.main(ForkedBooter.java:495)
Caused by: java.lang.ClassNotFoundException: jakarta.el.ExpressionFactory
	... 97 common frames omitted
10:24:43.338 [main] DEBUG org.hibernate.boot.beanvalidation.TypeSafeActivator - Unable to acquire Bean Validation ValidatorFactory, skipping activation
10:24:43.339 [main] DEBUG org.hibernate.query.sqm.function.SqmFunctionRegistry - Registered SqmFunctionTemplate [NamedSqmFunctionTemplate(max)] under max; prior registration was null
10:24:43.339 [main] DEBUG org.hibernate.query.sqm.function.SqmFunctionRegistry - Registered SqmFunctionTemplate [NamedSqmFunctionTemplate(min)] under min; prior registration was null
10:24:43.339 [main] DEBUG org.hibernate.query.sqm.function.SqmFunctionRegistry - Registered SqmFunctionTemplate [NamedSqmFunctionTemplate(sum)] under sum; prior registration was null
10:24:43.339 [main] DEBUG org.hibernate.query.sqm.function.SqmFunctionRegistry - Registered SqmFunctionTemplate [NamedSqmFunctionTemplate(avg)] under avg; prior registration was null
10:24:43.339 [main] DEBUG org.hibernate.query.sqm.function.SqmFunctionRegistry - Registered SqmFunctionTemplate [org.hibernate.dialect.function.CountFunction@11cba242] under count; prior registration was null
10:24:43.339 [main] DEBUG org.hibernate.query.sqm.function.SqmFunctionRegistry - Registered SqmFunctionTemplate [org.hibernate.dialect.function.EveryAnyEmulation@63d8dfef] under every; prior registration was null
10:24:43.339 [main] DEBUG org.hibernate.query.sqm.function.SqmFunctionRegistry - Registered SqmFunctionTemplate [org.hibernate.dialect.function.EveryAnyEmulation@27de952e] under any; prior registration was null
10:24:43.339 [main] DEBUG org.hibernate.query.sqm.function.SqmFunctionRegistry - Registered SqmFunctionTemplate [NamedSqmFunctionTemplate(floor)] under floor; prior registration was null
10:24:43.339 [main] DEBUG org.hibernate.query.sqm.function.SqmFunctionRegistry - Registered SqmFunctionTemplate [NamedSqmFunctionTemplate(ceiling)] under ceiling; prior registration was null
10:24:43.339 [main] DEBUG org.hibernate.query.sqm.function.SqmFunctionRegistry - Registered SqmFunctionTemplate [NamedSqmFunctionTemplate(mod)] under mod; prior registration was null
10:24:43.339 [main] DEBUG org.hibernate.query.sqm.function.SqmFunctionRegistry - Registered SqmFunctionTemplate [NamedSqmFunctionTemplate(abs)] under abs; prior registration was null
10:24:43.339 [main] DEBUG org.hibernate.query.sqm.function.SqmFunctionRegistry - Registered SqmFunctionTemplate [NamedSqmFunctionTemplate(sign)] under sign; prior registration was null
10:24:43.339 [main] DEBUG org.hibernate.query.sqm.function.SqmFunctionRegistry - Registered SqmFunctionTemplate [NamedSqmFunctionTemplate(sqrt)] under sqrt; prior registration was null
10:24:43.339 [main] DEBUG org.hibernate.query.sqm.function.SqmFunctionRegistry - Registered SqmFunctionTemplate [NamedSqmFunctionTemplate(ln)] under ln; prior registration was null
10:24:43.339 [main] DEBUG org.hibernate.query.sqm.function.SqmFunctionRegistry - Registered SqmFunctionTemplate [NamedSqmFunctionTemplate(exp)] under exp; prior registration was null
10:24:43.339 [main] DEBUG org.hibernate.query.sqm.function.SqmFunctionRegistry - Registered SqmFunctionTemplate [NamedSqmFunctionTemplate(power)] under power; prior registration was null
10:24:43.339 [main] DEBUG org.hibernate.query.sqm.function.SqmFunctionRegistry - Registered SqmFunctionTemplate [NamedSqmFunctionTemplate(round)] under round; prior registration was null
10:24:43.339 [main] DEBUG org.hibernate.query.sqm.function.SqmFunctionRegistry - Registered SqmFunctionTemplate [NamedSqmFunctionTemplate(sin)] under sin; prior registration was null
10:24:43.339 [main] DEBUG org.hibernate.query.sqm.function.SqmFunctionRegistry - Registered SqmFunctionTemplate [NamedSqmFunctionTemplate(cos)] under cos; prior registration was null
10:24:43.339 [main] DEBUG org.hibernate.query.sqm.function.SqmFunctionRegistry - Registered SqmFunctionTemplate [NamedSqmFunctionTemplate(tan)] under tan; prior registration was null
10:24:43.339 [main] DEBUG org.hibernate.query.sqm.function.SqmFunctionRegistry - Registered SqmFunctionTemplate [NamedSqmFunctionTemplate(asin)] under asin; prior registration was null
10:24:43.339 [main] DEBUG org.hibernate.query.sqm.function.SqmFunctionRegistry - Registered SqmFunctionTemplate [NamedSqmFunctionTemplate(acos)] under acos; prior registration was null
10:24:43.339 [main] DEBUG org.hibernate.query.sqm.function.SqmFunctionRegistry - Registered SqmFunctionTemplate [NamedSqmFunctionTemplate(atan)] under atan; prior registration was null
10:24:43.339 [main] DEBUG org.hibernate.query.sqm.function.SqmFunctionRegistry - Registered SqmFunctionTemplate [NamedSqmFunctionTemplate(atan2)] under atan2; prior registration was null
10:24:43.339 [main] DEBUG org.hibernate.query.sqm.function.SqmFunctionRegistry - Registered SqmFunctionTemplate [org.hibernate.query.sqm.function.PatternBasedSqmFunctionDescriptor@5a104ccb] under sinh; prior registration was null
10:24:43.339 [main] DEBUG org.hibernate.query.sqm.function.SqmFunctionRegistry - Registered SqmFunctionTemplate [org.hibernate.query.sqm.function.PatternBasedSqmFunctionDescriptor@16053c79] under cosh; prior registration was null
10:24:43.339 [main] DEBUG org.hibernate.query.sqm.function.SqmFunctionRegistry - Registered SqmFunctionTemplate [org.hibernate.query.sqm.function.PatternBasedSqmFunctionDescriptor@3307bef1] under tanh; prior registration was null
10:24:43.339 [main] DEBUG org.hibernate.query.sqm.function.SqmFunctionRegistry - Registered SqmFunctionTemplate [org.hibernate.query.sqm.function.PatternBasedSqmFunctionDescriptor@60232a5a] under pi; prior registration was null
10:24:43.339 [main] DEBUG org.hibernate.query.sqm.function.SqmFunctionRegistry - Registered SqmFunctionTemplate [org.hibernate.query.sqm.function.PatternBasedSqmFunctionDescriptor@380d4481] under log; prior registration was null
10:24:43.339 [main] DEBUG org.hibernate.query.sqm.function.SqmFunctionRegistry - Registered SqmFunctionTemplate [NamedSqmFunctionTemplate(coalesce)] under coalesce; prior registration was null
10:24:43.339 [main] DEBUG org.hibernate.query.sqm.function.SqmFunctionRegistry - Registered SqmFunctionTemplate [NamedSqmFunctionTemplate(nullif)] under nullif; prior registration was null
10:24:43.339 [main] DEBUG org.hibernate.query.sqm.function.SqmFunctionRegistry - Registered SqmFunctionTemplate [NamedSqmFunctionTemplate(left)] under left; prior registration was null
10:24:43.339 [main] DEBUG org.hibernate.query.sqm.function.SqmFunctionRegistry - Registered SqmFunctionTemplate [NamedSqmFunctionTemplate(right)] under right; prior registration was null
10:24:43.339 [main] DEBUG org.hibernate.query.sqm.function.SqmFunctionRegistry - Registered SqmFunctionTemplate [NamedSqmFunctionTemplate(replace)] under replace; prior registration was null
10:24:43.339 [main] DEBUG org.hibernate.query.sqm.function.SqmFunctionRegistry - Registered SqmFunctionTemplate [NamedSqmFunctionTemplate(concat)] under concat; prior registration was null
10:24:43.339 [main] DEBUG org.hibernate.query.sqm.function.SqmFunctionRegistry - Registered SqmFunctionTemplate [NamedSqmFunctionTemplate(lower)] under lower; prior registration was null
10:24:43.339 [main] DEBUG org.hibernate.query.sqm.function.SqmFunctionRegistry - Registered SqmFunctionTemplate [NamedSqmFunctionTemplate(upper)] under upper; prior registration was null
10:24:43.339 [main] DEBUG org.hibernate.query.sqm.function.SqmFunctionRegistry - Registered SqmFunctionTemplate [NamedSqmFunctionTemplate(substring)] under substring; prior registration was null
10:24:43.339 [main] DEBUG org.hibernate.query.sqm.function.SqmFunctionRegistry - Registered SqmFunctionTemplate [NamedSqmFunctionTemplate(locate)] under locate; prior registration was null
10:24:43.339 [main] DEBUG org.hibernate.query.sqm.function.SqmFunctionRegistry - Registered SqmFunctionTemplate [NamedSqmFunctionTemplate(character_length)] under character_length; prior registration was null
10:24:43.339 [main] DEBUG org.hibernate.query.sqm.function.SqmFunctionRegistry - Registering alternate key : length -> character_length
10:24:43.339 [main] DEBUG org.hibernate.query.sqm.function.SqmFunctionRegistry - Registered SqmFunctionTemplate [org.hibernate.dialect.function.LocatePositionEmulation@7d4510d] under position; prior registration was null
10:24:43.339 [main] DEBUG org.hibernate.query.sqm.function.SqmFunctionRegistry - Registered SqmFunctionTemplate [org.hibernate.dialect.function.InsertSubstringOverlayEmulation@92a9730] under overlay; prior registration was null
10:24:43.339 [main] DEBUG org.hibernate.query.sqm.function.SqmFunctionRegistry - Registered SqmFunctionTemplate [org.hibernate.dialect.function.TrimFunction@70221db5] under trim; prior registration was null
10:24:43.339 [main] DEBUG org.hibernate.query.sqm.function.SqmFunctionRegistry - Registered SqmFunctionTemplate [org.hibernate.dialect.function.CastFunction@2259767c] under cast; prior registration was null
10:24:43.339 [main] DEBUG org.hibernate.query.sqm.function.SqmFunctionRegistry - Registered SqmFunctionTemplate [org.hibernate.query.sqm.function.PatternBasedSqmFunctionDescriptor@7a01703] under collate; prior registration was null
10:24:43.339 [main] DEBUG org.hibernate.query.sqm.function.SqmFunctionRegistry - Registered SqmFunctionTemplate [org.hibernate.dialect.function.ExtractFunction@5a6e83d0] under extract; prior registration was null
10:24:43.339 [main] DEBUG org.hibernate.query.sqm.function.SqmFunctionRegistry - Registered SqmFunctionTemplate [NamedSqmFunctionTemplate(least)] under least; prior registration was null
10:24:43.339 [main] DEBUG org.hibernate.query.sqm.function.SqmFunctionRegistry - Registered SqmFunctionTemplate [NamedSqmFunctionTemplate(greatest)] under greatest; prior registration was null
10:24:43.339 [main] DEBUG org.hibernate.query.sqm.function.SqmFunctionRegistry - Registered SqmFunctionTemplate [org.hibernate.dialect.function.CoalesceIfnullEmulation@3ac1e29d] under ifnull; prior registration was null
10:24:43.339 [main] DEBUG org.hibernate.query.sqm.function.SqmFunctionRegistry - Registered SqmFunctionTemplate [NamedSqmFunctionTemplate(lpad)] under lpad; prior registration was null
10:24:43.339 [main] DEBUG org.hibernate.query.sqm.function.SqmFunctionRegistry - Registered SqmFunctionTemplate [NamedSqmFunctionTemplate(rpad)] under rpad; prior registration was null
10:24:43.339 [main] DEBUG org.hibernate.query.sqm.function.SqmFunctionRegistry - Registered SqmFunctionTemplate [org.hibernate.dialect.function.LpadRpadPadEmulation@53c2892f] under pad; prior registration was null
10:24:43.339 [main] DEBUG org.hibernate.query.sqm.function.SqmFunctionRegistry - Registered SqmFunctionTemplate [org.hibernate.dialect.function.CastStrEmulation@545d945b] under str; prior registration was null
10:24:43.339 [main] DEBUG org.hibernate.query.sqm.function.SqmFunctionRegistry - Registered SqmFunctionTemplate [org.hibernate.dialect.function.FormatFunction@7a83fd03] under format; prior registration was null
10:24:43.339 [main] DEBUG org.hibernate.query.sqm.function.SqmFunctionRegistry - Registered SqmFunctionTemplate [org.hibernate.dialect.function.TimestampaddFunction@4fe32dc4] under timestampadd; prior registration was null
10:24:43.339 [main] DEBUG org.hibernate.query.sqm.function.SqmFunctionRegistry - Registered SqmFunctionTemplate [org.hibernate.dialect.function.TimestampdiffFunction@82f4ee6] under timestampdiff; prior registration was null
10:24:43.339 [main] DEBUG org.hibernate.query.sqm.function.SqmFunctionRegistry - Registering alternate key : dateadd -> timestampadd
10:24:43.339 [main] DEBUG org.hibernate.query.sqm.function.SqmFunctionRegistry - Registering alternate key : datediff -> timestampdiff
10:24:43.339 [main] DEBUG org.hibernate.query.sqm.function.SqmFunctionRegistry - Registered SqmFunctionTemplate [org.hibernate.dialect.function.CurrentFunction@30e8ecf4] under current_date; prior registration was null
10:24:43.339 [main] DEBUG org.hibernate.query.sqm.function.SqmFunctionRegistry - Registered SqmFunctionTemplate [org.hibernate.dialect.function.CurrentFunction@55e6740f] under current_time; prior registration was null
10:24:43.339 [main] DEBUG org.hibernate.query.sqm.function.SqmFunctionRegistry - Registered SqmFunctionTemplate [org.hibernate.dialect.function.CurrentFunction@3bdee7a] under current_timestamp; prior registration was null
10:24:43.339 [main] DEBUG org.hibernate.query.sqm.function.SqmFunctionRegistry - Registering alternate key : current date -> current_date
10:24:43.339 [main] DEBUG org.hibernate.query.sqm.function.SqmFunctionRegistry - Registering alternate key : current time -> current_time
10:24:43.339 [main] DEBUG org.hibernate.query.sqm.function.SqmFunctionRegistry - Registering alternate key : current timestamp -> current_timestamp
10:24:43.339 [main] DEBUG org.hibernate.query.sqm.function.SqmFunctionRegistry - Registered SqmFunctionTemplate [org.hibernate.dialect.function.CurrentFunction@7117c895] under local_date; prior registration was null
10:24:43.339 [main] DEBUG org.hibernate.query.sqm.function.SqmFunctionRegistry - Registered SqmFunctionTemplate [org.hibernate.dialect.function.CurrentFunction@66f150f] under local_time; prior registration was null
10:24:43.339 [main] DEBUG org.hibernate.query.sqm.function.SqmFunctionRegistry - Registered SqmFunctionTemplate [org.hibernate.dialect.function.CurrentFunction@60cf5fc1] under local_datetime; prior registration was null
10:24:43.339 [main] DEBUG org.hibernate.query.sqm.function.SqmFunctionRegistry - Registered SqmFunctionTemplate [org.hibernate.dialect.function.CurrentFunction@cedb39c] under offset_datetime; prior registration was null
10:24:43.339 [main] DEBUG org.hibernate.query.sqm.function.SqmFunctionRegistry - Registering alternate key : local date -> local_date
10:24:43.339 [main] DEBUG org.hibernate.query.sqm.function.SqmFunctionRegistry - Registering alternate key : local time -> local_time
10:24:43.339 [main] DEBUG org.hibernate.query.sqm.function.SqmFunctionRegistry - Registering alternate key : local datetime -> local_datetime
10:24:43.339 [main] DEBUG org.hibernate.query.sqm.function.SqmFunctionRegistry - Registering alternate key : offset datetime -> offset_datetime
10:24:43.339 [main] DEBUG org.hibernate.query.sqm.function.SqmFunctionRegistry - Registered SqmFunctionTemplate [org.hibernate.dialect.function.CurrentFunction@43f181f4] under instant; prior registration was null
10:24:43.339 [main] DEBUG org.hibernate.query.sqm.function.SqmFunctionRegistry - Registering alternate key : current_instant -> instant
10:24:43.339 [main] DEBUG org.hibernate.query.sqm.function.SqmFunctionRegistry - Registered SqmFunctionTemplate [org.hibernate.dialect.function.SqlFunction@3d4823e8] under sql; prior registration was null
10:24:43.339 [main] DEBUG org.hibernate.query.sqm.function.SqmFunctionRegistry - Registered SqmFunctionTemplate [NamedSqmFunctionTemplate(max)] under max; prior registration was NamedSqmFunctionTemplate(max)
10:24:43.339 [main] DEBUG org.hibernate.query.sqm.function.SqmFunctionRegistry - Registered SqmFunctionTemplate [NamedSqmFunctionTemplate(min)] under min; prior registration was NamedSqmFunctionTemplate(min)
10:24:43.339 [main] DEBUG org.hibernate.query.sqm.function.SqmFunctionRegistry - Registered SqmFunctionTemplate [NamedSqmFunctionTemplate(sum)] under sum; prior registration was NamedSqmFunctionTemplate(sum)
10:24:43.339 [main] DEBUG org.hibernate.query.sqm.function.SqmFunctionRegistry - Registered SqmFunctionTemplate [NamedSqmFunctionTemplate(avg)] under avg; prior registration was NamedSqmFunctionTemplate(avg)
10:24:43.339 [main] DEBUG org.hibernate.query.sqm.function.SqmFunctionRegistry - Registered SqmFunctionTemplate [org.hibernate.dialect.function.CountFunction@27e342d7] under count; prior registration was org.hibernate.dialect.function.CountFunction@11cba242
10:24:43.339 [main] DEBUG org.hibernate.query.sqm.function.SqmFunctionRegistry - Registered SqmFunctionTemplate [org.hibernate.dialect.function.AvgFunction@46f374e4] under avg; prior registration was NamedSqmFunctionTemplate(avg)
10:24:43.339 [main] DEBUG org.hibernate.query.sqm.function.SqmFunctionRegistry - Registered SqmFunctionTemplate [NamedSqmFunctionTemplate(pi)] under pi; prior registration was org.hibernate.query.sqm.function.PatternBasedSqmFunctionDescriptor@60232a5a
10:24:43.339 [main] DEBUG org.hibernate.query.sqm.function.SqmFunctionRegistry - Registered SqmFunctionTemplate [NamedSqmFunctionTemplate(cot)] under cot; prior registration was null
10:24:43.339 [main] DEBUG org.hibernate.query.sqm.function.SqmFunctionRegistry - Registered SqmFunctionTemplate [NamedSqmFunctionTemplate(radians)] under radians; prior registration was null
10:24:43.339 [main] DEBUG org.hibernate.query.sqm.function.SqmFunctionRegistry - Registered SqmFunctionTemplate [NamedSqmFunctionTemplate(degrees)] under degrees; prior registration was null
10:24:43.339 [main] DEBUG org.hibernate.query.sqm.function.SqmFunctionRegistry - Registered SqmFunctionTemplate [NamedSqmFunctionTemplate(log10)] under log10; prior registration was null
10:24:43.339 [main] DEBUG org.hibernate.query.sqm.function.SqmFunctionRegistry - Registered SqmFunctionTemplate [org.hibernate.query.sqm.function.PatternBasedSqmFunctionDescriptor@9c2b3ef] under mod; prior registration was NamedSqmFunctionTemplate(mod)
10:24:43.339 [main] DEBUG org.hibernate.query.sqm.function.SqmFunctionRegistry - Registered SqmFunctionTemplate [NamedSqmFunctionTemplate(rand)] under rand; prior registration was null
10:24:43.339 [main] DEBUG org.hibernate.query.sqm.function.SqmFunctionRegistry - Registered SqmFunctionTemplate [NamedSqmFunctionTemplate(soundex)] under soundex; prior registration was null
10:24:43.339 [main] DEBUG org.hibernate.query.sqm.function.SqmFunctionRegistry - Registered SqmFunctionTemplate [NamedSqmFunctionTemplate(translate)] under translate; prior registration was null
10:24:43.339 [main] DEBUG org.hibernate.query.sqm.function.SqmFunctionRegistry - Registered SqmFunctionTemplate [NamedSqmFunctionTemplate(bitand)] under bitand; prior registration was null
10:24:43.339 [main] DEBUG org.hibernate.query.sqm.function.SqmFunctionRegistry - Registered SqmFunctionTemplate [NamedSqmFunctionTemplate(bitor)] under bitor; prior registration was null
10:24:43.339 [main] DEBUG org.hibernate.query.sqm.function.SqmFunctionRegistry - Registered SqmFunctionTemplate [NamedSqmFunctionTemplate(bitxor)] under bitxor; prior registration was null
10:24:43.339 [main] DEBUG org.hibernate.query.sqm.function.SqmFunctionRegistry - Registered SqmFunctionTemplate [NamedSqmFunctionTemplate(bitnot)] under bitnot; prior registration was null
10:24:43.339 [main] DEBUG org.hibernate.query.sqm.function.SqmFunctionRegistry - Registered SqmFunctionTemplate [NamedSqmFunctionTemplate(bit_and)] under bit_and; prior registration was null
10:24:43.339 [main] DEBUG org.hibernate.query.sqm.function.SqmFunctionRegistry - Registered SqmFunctionTemplate [NamedSqmFunctionTemplate(bit_or)] under bit_or; prior registration was null
10:24:43.339 [main] DEBUG org.hibernate.query.sqm.function.SqmFunctionRegistry - Registered SqmFunctionTemplate [NamedSqmFunctionTemplate(day)] under day; prior registration was null
10:24:43.339 [main] DEBUG org.hibernate.query.sqm.function.SqmFunctionRegistry - Registered SqmFunctionTemplate [NamedSqmFunctionTemplate(month)] under month; prior registration was null
10:24:43.339 [main] DEBUG org.hibernate.query.sqm.function.SqmFunctionRegistry - Registered SqmFunctionTemplate [NamedSqmFunctionTemplate(year)] under year; prior registration was null
10:24:43.339 [main] DEBUG org.hibernate.query.sqm.function.SqmFunctionRegistry - Registered SqmFunctionTemplate [NamedSqmFunctionTemplate(hour)] under hour; prior registration was null
10:24:43.339 [main] DEBUG org.hibernate.query.sqm.function.SqmFunctionRegistry - Registered SqmFunctionTemplate [NamedSqmFunctionTemplate(minute)] under minute; prior registration was null
10:24:43.339 [main] DEBUG org.hibernate.query.sqm.function.SqmFunctionRegistry - Registered SqmFunctionTemplate [NamedSqmFunctionTemplate(second)] under second; prior registration was null
10:24:43.339 [main] DEBUG org.hibernate.query.sqm.function.SqmFunctionRegistry - Registered SqmFunctionTemplate [NamedSqmFunctionTemplate(microsecond)] under microsecond; prior registration was null
10:24:43.339 [main] DEBUG org.hibernate.query.sqm.function.SqmFunctionRegistry - Registered SqmFunctionTemplate [NamedSqmFunctionTemplate(day_of_week)] under day_of_week; prior registration was null
10:24:43.339 [main] DEBUG org.hibernate.query.sqm.function.SqmFunctionRegistry - Registered SqmFunctionTemplate [NamedSqmFunctionTemplate(day_of_month)] under day_of_month; prior registration was null
10:24:43.339 [main] DEBUG org.hibernate.query.sqm.function.SqmFunctionRegistry - Registering alternate key : day -> day_of_month
10:24:43.339 [main] DEBUG org.hibernate.query.sqm.function.SqmFunctionRegistry - Registered SqmFunctionTemplate [NamedSqmFunctionTemplate(day_of_year)] under day_of_year; prior registration was null
10:24:43.339 [main] DEBUG org.hibernate.query.sqm.function.SqmFunctionRegistry - Registered SqmFunctionTemplate [NamedSqmFunctionTemplate(week)] under week; prior registration was null
10:24:43.339 [main] DEBUG org.hibernate.query.sqm.function.SqmFunctionRegistry - Registered SqmFunctionTemplate [NamedSqmFunctionTemplate(quarter)] under quarter; prior registration was null
10:24:43.339 [main] DEBUG org.hibernate.query.sqm.function.SqmFunctionRegistry - Registered SqmFunctionTemplate [NamedSqmFunctionTemplate(monthname)] under monthname; prior registration was null
10:24:43.339 [main] DEBUG org.hibernate.query.sqm.function.SqmFunctionRegistry - Registered SqmFunctionTemplate [NamedSqmFunctionTemplate(dayname)] under dayname; prior registration was null
10:24:43.339 [main] DEBUG org.hibernate.query.sqm.function.SqmFunctionRegistry - Registered SqmFunctionTemplate [NamedSqmFunctionTemplate(localtime)] under localtime; prior registration was null
10:24:43.340 [main] DEBUG org.hibernate.query.sqm.function.SqmFunctionRegistry - Registered SqmFunctionTemplate [NamedSqmFunctionTemplate(localtimestamp)] under localtimestamp; prior registration was null
10:24:43.340 [main] DEBUG org.hibernate.query.sqm.function.SqmFunctionRegistry - Registered SqmFunctionTemplate [NamedSqmFunctionTemplate(localtime)] under local_time; prior registration was org.hibernate.dialect.function.CurrentFunction@66f150f
10:24:43.340 [main] DEBUG org.hibernate.query.sqm.function.SqmFunctionRegistry - Registered SqmFunctionTemplate [NamedSqmFunctionTemplate(localtimestamp)] under local_datetime; prior registration was org.hibernate.dialect.function.CurrentFunction@60cf5fc1
10:24:43.340 [main] DEBUG org.hibernate.query.sqm.function.SqmFunctionRegistry - Registered SqmFunctionTemplate [org.hibernate.dialect.function.TruncFunction@75e9865c] under trunc; prior registration was null
10:24:43.340 [main] DEBUG org.hibernate.query.sqm.function.SqmFunctionRegistry - Registering alternate key : truncate -> trunc
10:24:43.340 [main] DEBUG org.hibernate.query.sqm.function.SqmFunctionRegistry - Registered SqmFunctionTemplate [org.hibernate.query.sqm.function.PatternBasedSqmFunctionDescriptor@48a187cc] under date_trunc; prior registration was null
10:24:43.340 [main] DEBUG org.hibernate.query.sqm.function.SqmFunctionRegistry - Registered SqmFunctionTemplate [NamedSqmFunctionTemplate(bit_length)] under bit_length; prior registration was null
10:24:43.340 [main] DEBUG org.hibernate.query.sqm.function.SqmFunctionRegistry - Registered SqmFunctionTemplate [NamedSqmFunctionTemplate(octet_length)] under octet_length; prior registration was null
10:24:43.340 [main] DEBUG org.hibernate.query.sqm.function.SqmFunctionRegistry - Registered SqmFunctionTemplate [NamedSqmFunctionTemplate(ascii)] under ascii; prior registration was null
10:24:43.340 [main] DEBUG org.hibernate.query.sqm.function.SqmFunctionRegistry - Registered SqmFunctionTemplate [NamedSqmFunctionTemplate(octet_length)] under octet_length; prior registration was NamedSqmFunctionTemplate(octet_length)
10:24:43.340 [main] DEBUG org.hibernate.query.sqm.function.SqmFunctionRegistry - Registered SqmFunctionTemplate [NamedSqmFunctionTemplate(space)] under space; prior registration was null
10:24:43.340 [main] DEBUG org.hibernate.query.sqm.function.SqmFunctionRegistry - Registered SqmFunctionTemplate [NamedSqmFunctionTemplate(repeat)] under repeat; prior registration was null
10:24:43.340 [main] DEBUG org.hibernate.query.sqm.function.SqmFunctionRegistry - Registered SqmFunctionTemplate [NamedSqmFunctionTemplate(char)] under char; prior registration was null
10:24:43.340 [main] DEBUG org.hibernate.query.sqm.function.SqmFunctionRegistry - Registering alternate key : chr -> char
10:24:43.340 [main] DEBUG org.hibernate.query.sqm.function.SqmFunctionRegistry - Registered SqmFunctionTemplate [NamedSqmFunctionTemplate(instr)] under instr; prior registration was null
10:24:43.340 [main] DEBUG org.hibernate.query.sqm.function.SqmFunctionRegistry - Registered SqmFunctionTemplate [NamedSqmFunctionTemplate(substr)] under substr; prior registration was null
10:24:43.340 [main] DEBUG org.hibernate.query.sqm.function.SqmFunctionRegistry - Registered SqmFunctionTemplate [org.hibernate.query.sqm.function.PatternBasedSqmFunctionDescriptor@15a89e68] under position; prior registration was org.hibernate.dialect.function.LocatePositionEmulation@7d4510d
10:24:43.340 [main] DEBUG org.hibernate.query.sqm.function.SqmFunctionRegistry - Registered SqmFunctionTemplate [NamedSqmFunctionTemplate(ltrim)] under ltrim; prior registration was null
10:24:43.340 [main] DEBUG org.hibernate.query.sqm.function.SqmFunctionRegistry - Registered SqmFunctionTemplate [NamedSqmFunctionTemplate(rtrim)] under rtrim; prior registration was null
10:24:43.340 [main] DEBUG org.hibernate.query.sqm.function.SqmFunctionRegistry - Registered SqmFunctionTemplate [org.hibernate.query.sqm.function.PatternBasedSqmFunctionDescriptor@9e91af9] under concat; prior registration was NamedSqmFunctionTemplate(concat)
10:24:43.340 [main] DEBUG org.hibernate.query.sqm.function.SqmFunctionRegistry - Registered SqmFunctionTemplate [NamedSqmFunctionTemplate(curtime)] under curtime; prior registration was null
10:24:43.340 [main] DEBUG org.hibernate.query.sqm.function.SqmFunctionRegistry - Registered SqmFunctionTemplate [NamedSqmFunctionTemplate(curdate)] under curdate; prior registration was null
10:24:43.340 [main] DEBUG org.hibernate.query.sqm.function.SqmFunctionRegistry - Registered SqmFunctionTemplate [NamedSqmFunctionTemplate(now)] under now; prior registration was null
10:24:43.340 [main] DEBUG org.hibernate.query.sqm.function.SqmFunctionRegistry - Registered SqmFunctionTemplate [NamedSqmFunctionTemplate(sysdate)] under sysdate; prior registration was null
10:24:43.340 [main] DEBUG org.hibernate.query.sqm.function.SqmFunctionRegistry - Registered SqmFunctionTemplate [NamedSqmFunctionTemplate(insert)] under insert; prior registration was null
10:24:43.340 [main] DEBUG org.hibernate.query.sqm.function.SqmFunctionRegistry - Registered SqmFunctionTemplate [NamedSqmFunctionTemplate(bool_and)] under bool_and; prior registration was null
10:24:43.340 [main] DEBUG org.hibernate.query.sqm.function.SqmFunctionRegistry - Registering alternate key : every -> bool_and
10:24:43.340 [main] DEBUG org.hibernate.query.sqm.function.SqmFunctionRegistry - Registered SqmFunctionTemplate [NamedSqmFunctionTemplate(bool_or)] under bool_or; prior registration was null
10:24:43.340 [main] DEBUG org.hibernate.query.sqm.function.SqmFunctionRegistry - Registering alternate key : any -> bool_or
10:24:43.340 [main] DEBUG org.hibernate.query.sqm.function.SqmFunctionRegistry - Registered SqmFunctionTemplate [NamedSqmFunctionTemplate(median)] under median; prior registration was null
10:24:43.340 [main] DEBUG org.hibernate.query.sqm.function.SqmFunctionRegistry - Registered SqmFunctionTemplate [NamedSqmFunctionTemplate(stddev_pop)] under stddev_pop; prior registration was null
10:24:43.340 [main] DEBUG org.hibernate.query.sqm.function.SqmFunctionRegistry - Registered SqmFunctionTemplate [NamedSqmFunctionTemplate(stddev_samp)] under stddev_samp; prior registration was null
10:24:43.340 [main] DEBUG org.hibernate.query.sqm.function.SqmFunctionRegistry - Registered SqmFunctionTemplate [NamedSqmFunctionTemplate(var_pop)] under var_pop; prior registration was null
10:24:43.340 [main] DEBUG org.hibernate.query.sqm.function.SqmFunctionRegistry - Registered SqmFunctionTemplate [NamedSqmFunctionTemplate(var_samp)] under var_samp; prior registration was null
10:24:43.340 [main] DEBUG org.hibernate.query.sqm.function.SqmFunctionRegistry - Registered SqmFunctionTemplate [org.hibernate.dialect.function.FormatFunction@300bb6fe] under format; prior registration was org.hibernate.dialect.function.FormatFunction@7a83fd03
10:24:43.340 [main] DEBUG org.hibernate.query.sqm.function.SqmFunctionRegistry - Registered SqmFunctionTemplate [NamedSqmFunctionTemplate(rownum)] under rownum; prior registration was null
10:24:43.340 [main] DEBUG org.hibernate.query.sqm.function.SqmFunctionRegistry - Registered SqmFunctionTemplate [NamedSqmFunctionTemplate(row_number)] under row_number; prior registration was null
10:24:43.340 [main] DEBUG org.hibernate.query.sqm.function.SqmFunctionRegistry - Registered SqmFunctionTemplate [NamedSqmFunctionTemplate(lag)] under lag; prior registration was null
10:24:43.340 [main] DEBUG org.hibernate.query.sqm.function.SqmFunctionRegistry - Registered SqmFunctionTemplate [NamedSqmFunctionTemplate(lead)] under lead; prior registration was null
10:24:43.340 [main] DEBUG org.hibernate.query.sqm.function.SqmFunctionRegistry - Registered SqmFunctionTemplate [NamedSqmFunctionTemplate(first_value)] under first_value; prior registration was null
10:24:43.340 [main] DEBUG org.hibernate.query.sqm.function.SqmFunctionRegistry - Registered SqmFunctionTemplate [NamedSqmFunctionTemplate(last_value)] under last_value; prior registration was null
10:24:43.340 [main] DEBUG org.hibernate.query.sqm.function.SqmFunctionRegistry - Registered SqmFunctionTemplate [NamedSqmFunctionTemplate(nth_value)] under nth_value; prior registration was null
10:24:43.340 [main] DEBUG org.hibernate.query.sqm.function.SqmFunctionRegistry - Registered SqmFunctionTemplate [org.hibernate.dialect.function.ListaggFunction@7450d8d4] under listagg; prior registration was null
10:24:43.340 [main] DEBUG org.hibernate.query.sqm.function.SqmFunctionRegistry - Registered SqmFunctionTemplate [org.hibernate.dialect.function.InverseDistributionFunction@25da53e8] under mode; prior registration was null
10:24:43.340 [main] DEBUG org.hibernate.query.sqm.function.SqmFunctionRegistry - Registered SqmFunctionTemplate [org.hibernate.dialect.function.InverseDistributionFunction@6425ab78] under percentile_cont; prior registration was null
10:24:43.340 [main] DEBUG org.hibernate.query.sqm.function.SqmFunctionRegistry - Registered SqmFunctionTemplate [org.hibernate.dialect.function.InverseDistributionFunction@9745d44] under percentile_disc; prior registration was null
10:24:43.340 [main] DEBUG org.hibernate.query.sqm.function.SqmFunctionRegistry - Registered SqmFunctionTemplate [org.hibernate.dialect.function.HypotheticalSetFunction@7b10a2c6] under rank; prior registration was null
10:24:43.340 [main] DEBUG org.hibernate.query.sqm.function.SqmFunctionRegistry - Registered SqmFunctionTemplate [org.hibernate.dialect.function.HypotheticalSetFunction@c22fb5f] under dense_rank; prior registration was null
10:24:43.340 [main] DEBUG org.hibernate.query.sqm.function.SqmFunctionRegistry - Registered SqmFunctionTemplate [org.hibernate.dialect.function.HypotheticalSetFunction@4515efc8] under percent_rank; prior registration was null
10:24:43.340 [main] DEBUG org.hibernate.query.sqm.function.SqmFunctionRegistry - Registered SqmFunctionTemplate [org.hibernate.dialect.function.HypotheticalSetFunction@6ea00453] under cume_dist; prior registration was null
10:24:43.340 [main] DEBUG org.hibernate.query.sqm.function.SqmFunctionRegistry - Registered SqmFunctionTemplate [org.hibernate.dialect.function.array.ArrayConstructorFunction@10589dd3] under array; prior registration was null
10:24:43.340 [main] DEBUG org.hibernate.query.sqm.function.SqmFunctionRegistry - Registered SqmFunctionTemplate [org.hibernate.dialect.function.array.ArrayConstructorFunction@bbb7484] under array_list; prior registration was null
10:24:43.340 [main] DEBUG org.hibernate.query.sqm.function.SqmFunctionRegistry - Registered SqmFunctionTemplate [org.hibernate.dialect.function.array.ArrayAggFunction@613aa194] under array_agg; prior registration was null
10:24:43.340 [main] DEBUG org.hibernate.query.sqm.function.SqmFunctionRegistry - Registered SqmFunctionTemplate [org.hibernate.dialect.function.array.H2ArrayPositionFunction@fd6b37c] under array_position; prior registration was null
10:24:43.340 [main] DEBUG org.hibernate.query.sqm.function.SqmFunctionRegistry - Registered SqmFunctionTemplate [org.hibernate.dialect.function.array.H2ArrayPositionsFunction@b7b41e6] under array_positions; prior registration was null
10:24:43.340 [main] DEBUG org.hibernate.query.sqm.function.SqmFunctionRegistry - Registered SqmFunctionTemplate [org.hibernate.dialect.function.array.H2ArrayPositionsFunction@50e7ecc] under array_positions_list; prior registration was null
10:24:43.340 [main] DEBUG org.hibernate.query.sqm.function.SqmFunctionRegistry - Registered SqmFunctionTemplate [org.hibernate.query.sqm.function.PatternBasedSqmFunctionDescriptor@7ecbc1bc] under array_length; prior registration was null
10:24:43.340 [main] DEBUG org.hibernate.query.sqm.function.SqmFunctionRegistry - Registered SqmFunctionTemplate [org.hibernate.dialect.function.array.ArrayConcatFunction@2f6edbf2] under array_concat; prior registration was null
10:24:43.340 [main] DEBUG org.hibernate.query.sqm.function.SqmFunctionRegistry - Registered SqmFunctionTemplate [org.hibernate.dialect.function.array.ArrayConcatElementFunction@5b5b0894] under array_prepend; prior registration was null
10:24:43.340 [main] DEBUG org.hibernate.query.sqm.function.SqmFunctionRegistry - Registered SqmFunctionTemplate [org.hibernate.dialect.function.array.ArrayConcatElementFunction@2dd5e52d] under array_append; prior registration was null
10:24:43.340 [main] DEBUG org.hibernate.query.sqm.function.SqmFunctionRegistry - Registered SqmFunctionTemplate [org.hibernate.dialect.function.array.H2ArrayContainsFunction@db3070a] under array_contains; prior registration was null
10:24:43.340 [main] DEBUG org.hibernate.query.sqm.function.SqmFunctionRegistry - Registered SqmFunctionTemplate [org.hibernate.dialect.function.array.H2ArrayContainsFunction@545bec05] under array_contains_nullable; prior registration was null
10:24:43.340 [main] DEBUG org.hibernate.query.sqm.function.SqmFunctionRegistry - Registered SqmFunctionTemplate [org.hibernate.dialect.function.array.H2ArrayOverlapsFunction@57c741b2] under array_overlaps; prior registration was null
10:24:43.340 [main] DEBUG org.hibernate.query.sqm.function.SqmFunctionRegistry - Registered SqmFunctionTemplate [org.hibernate.dialect.function.array.H2ArrayOverlapsFunction@55b93aea] under array_overlaps_nullable; prior registration was null
10:24:43.340 [main] DEBUG org.hibernate.query.sqm.function.SqmFunctionRegistry - Registered SqmFunctionTemplate [org.hibernate.query.sqm.function.PatternBasedSqmFunctionDescriptor@4027fc00] under array_get; prior registration was null
10:24:43.340 [main] DEBUG org.hibernate.query.sqm.function.SqmFunctionRegistry - Registered SqmFunctionTemplate [org.hibernate.dialect.function.array.H2ArraySetFunction@4b171bc5] under array_set; prior registration was null
10:24:43.340 [main] DEBUG org.hibernate.query.sqm.function.SqmFunctionRegistry - Registered SqmFunctionTemplate [org.hibernate.dialect.function.array.H2ArrayRemoveFunction@26b019c4] under array_remove; prior registration was null
10:24:43.340 [main] DEBUG org.hibernate.query.sqm.function.SqmFunctionRegistry - Registered SqmFunctionTemplate [org.hibernate.dialect.function.array.H2ArrayRemoveIndexFunction@3ac20992] under array_remove_index; prior registration was null
10:24:43.340 [main] DEBUG org.hibernate.query.sqm.function.SqmFunctionRegistry - Registered SqmFunctionTemplate [org.hibernate.query.sqm.function.PatternBasedSqmFunctionDescriptor@45fa2536] under array_slice; prior registration was null
10:24:43.340 [main] DEBUG org.hibernate.query.sqm.function.SqmFunctionRegistry - Registered SqmFunctionTemplate [org.hibernate.dialect.function.array.H2ArrayReplaceFunction@3640d77f] under array_replace; prior registration was null
10:24:43.340 [main] DEBUG org.hibernate.query.sqm.function.SqmFunctionRegistry - Registered SqmFunctionTemplate [org.hibernate.query.sqm.function.PatternBasedSqmFunctionDescriptor@1018964a] under array_trim; prior registration was null
10:24:43.340 [main] DEBUG org.hibernate.query.sqm.function.SqmFunctionRegistry - Registered SqmFunctionTemplate [org.hibernate.dialect.function.array.H2ArrayFillFunction@3a3c8342] under array_fill; prior registration was null
10:24:43.340 [main] DEBUG org.hibernate.query.sqm.function.SqmFunctionRegistry - Registered SqmFunctionTemplate [org.hibernate.dialect.function.array.H2ArrayFillFunction@2e7bd2a6] under array_fill_list; prior registration was null
10:24:43.340 [main] DEBUG org.hibernate.query.sqm.function.SqmFunctionRegistry - Registered SqmFunctionTemplate [org.hibernate.dialect.function.array.H2ArrayToStringFunction@1eb00339] under array_to_string; prior registration was null
10:24:43.340 [main] DEBUG org.hibernate.HQL_FUNCTIONS - abs(NUMERIC arg)
10:24:43.340 [main] DEBUG org.hibernate.HQL_FUNCTIONS - Double acos(NUMERIC arg)
10:24:43.340 [main] DEBUG org.hibernate.HQL_FUNCTIONS - Boolean any(BOOLEAN predicate)
10:24:43.340 [main] DEBUG org.hibernate.HQL_FUNCTIONS - array( ... )
10:24:43.340 [main] DEBUG org.hibernate.HQL_FUNCTIONS - array_agg(arg)
10:24:43.340 [main] DEBUG org.hibernate.HQL_FUNCTIONS - array_append( ... )
10:24:43.340 [main] DEBUG org.hibernate.HQL_FUNCTIONS - array_concat( ... )
10:24:43.340 [main] DEBUG org.hibernate.HQL_FUNCTIONS - Boolean array_contains(ARRAY haystackArray, OBJECT needleElementOrArray)
10:24:43.340 [main] DEBUG org.hibernate.HQL_FUNCTIONS - Boolean array_contains_nullable(ARRAY haystackArray, OBJECT needleElementOrArray)
10:24:43.340 [main] DEBUG org.hibernate.HQL_FUNCTIONS - array_fill(OBJECT element, INTEGER elementCount)
10:24:43.340 [main] DEBUG org.hibernate.HQL_FUNCTIONS - array_fill_list(OBJECT element, INTEGER elementCount)
10:24:43.340 [main] DEBUG org.hibernate.HQL_FUNCTIONS - array_get(ARRAY array, INTEGER index)
10:24:43.340 [main] DEBUG org.hibernate.HQL_FUNCTIONS - Integer array_length(ARRAY array)
10:24:43.340 [main] DEBUG org.hibernate.HQL_FUNCTIONS - array_list( ... )
10:24:43.340 [main] DEBUG org.hibernate.HQL_FUNCTIONS - Boolean array_overlaps(ARRAY array0, OBJECT array1)
10:24:43.340 [main] DEBUG org.hibernate.HQL_FUNCTIONS - Boolean array_overlaps_nullable(ARRAY array0, OBJECT array1)
10:24:43.340 [main] DEBUG org.hibernate.HQL_FUNCTIONS - Integer array_position(ARRAY array, OBJECT element[, INTEGER startPosition])
10:24:43.340 [main] DEBUG org.hibernate.HQL_FUNCTIONS - int[] array_positions(ARRAY array, OBJECT element)
10:24:43.340 [main] DEBUG org.hibernate.HQL_FUNCTIONS - List array_positions_list(ARRAY array, OBJECT element)
10:24:43.340 [main] DEBUG org.hibernate.HQL_FUNCTIONS - array_prepend( ... )
10:24:43.340 [main] DEBUG org.hibernate.HQL_FUNCTIONS - array_remove( ... )
10:24:43.340 [main] DEBUG org.hibernate.HQL_FUNCTIONS - array_remove_index( ... )
10:24:43.340 [main] DEBUG org.hibernate.HQL_FUNCTIONS - array_replace( ... )
10:24:43.340 [main] DEBUG org.hibernate.HQL_FUNCTIONS - array_set( ... )
10:24:43.340 [main] DEBUG org.hibernate.HQL_FUNCTIONS - array_slice(ARRAY array, INTEGER start, INTEGER end)
10:24:43.340 [main] DEBUG org.hibernate.HQL_FUNCTIONS - String array_to_string( ... )
10:24:43.340 [main] DEBUG org.hibernate.HQL_FUNCTIONS - array_trim(ARRAY array, INTEGER elementsToRemove)
10:24:43.340 [main] DEBUG org.hibernate.HQL_FUNCTIONS - Integer ascii(STRING arg)
10:24:43.340 [main] DEBUG org.hibernate.HQL_FUNCTIONS - Double asin(NUMERIC arg)
10:24:43.340 [main] DEBUG org.hibernate.HQL_FUNCTIONS - Double atan(NUMERIC arg)
10:24:43.340 [main] DEBUG org.hibernate.HQL_FUNCTIONS - Double atan2(NUMERIC arg0, NUMERIC arg1)
10:24:43.340 [main] DEBUG org.hibernate.HQL_FUNCTIONS - avg(NUMERIC arg)
10:24:43.340 [main] DEBUG org.hibernate.HQL_FUNCTIONS - bit_and(arg)
10:24:43.340 [main] DEBUG org.hibernate.HQL_FUNCTIONS - Integer bit_length(STRING_OR_CLOB arg)
10:24:43.340 [main] DEBUG org.hibernate.HQL_FUNCTIONS - bit_or(arg)
10:24:43.340 [main] DEBUG org.hibernate.HQL_FUNCTIONS - bitand(arg0, arg1)
10:24:43.340 [main] DEBUG org.hibernate.HQL_FUNCTIONS - bitnot(arg)
10:24:43.340 [main] DEBUG org.hibernate.HQL_FUNCTIONS - bitor(arg0, arg1)
10:24:43.340 [main] DEBUG org.hibernate.HQL_FUNCTIONS - bitxor(arg0, arg1)
10:24:43.340 [main] DEBUG org.hibernate.HQL_FUNCTIONS - Boolean bool_and(BOOLEAN predicate)
10:24:43.340 [main] DEBUG org.hibernate.HQL_FUNCTIONS - Boolean bool_or(BOOLEAN predicate)
10:24:43.340 [main] DEBUG org.hibernate.HQL_FUNCTIONS - cast(arg as Type)
10:24:43.340 [main] DEBUG org.hibernate.HQL_FUNCTIONS - ceiling(NUMERIC arg)
10:24:43.340 [main] DEBUG org.hibernate.HQL_FUNCTIONS - Character char(INTEGER arg)
10:24:43.340 [main] DEBUG org.hibernate.HQL_FUNCTIONS - Integer character_length(STRING_OR_CLOB arg)
10:24:43.340 [main] DEBUG org.hibernate.HQL_FUNCTIONS - Character chr(INTEGER arg)
10:24:43.340 [main] DEBUG org.hibernate.HQL_FUNCTIONS - coalesce(arg0[, arg1[, ...]])
10:24:43.340 [main] DEBUG org.hibernate.HQL_FUNCTIONS - String collate(STRING string as COLLATION collation)
10:24:43.340 [main] DEBUG org.hibernate.HQL_FUNCTIONS - String concat(STRING string0[, STRING string1[, ...]])
10:24:43.340 [main] DEBUG org.hibernate.HQL_FUNCTIONS - Double cos(NUMERIC arg)
10:24:43.340 [main] DEBUG org.hibernate.HQL_FUNCTIONS - Double cosh(NUMERIC arg)
10:24:43.340 [main] DEBUG org.hibernate.HQL_FUNCTIONS - Double cot(NUMERIC arg)
10:24:43.340 [main] DEBUG org.hibernate.HQL_FUNCTIONS - Long count([distinct ]{arg|*})
10:24:43.340 [main] DEBUG org.hibernate.HQL_FUNCTIONS - Double cume_dist([arg0[, ...]])
10:24:43.340 [main] DEBUG org.hibernate.HQL_FUNCTIONS - Date curdate()
10:24:43.340 [main] DEBUG org.hibernate.HQL_FUNCTIONS - Date current date
10:24:43.340 [main] DEBUG org.hibernate.HQL_FUNCTIONS - Time current time
10:24:43.340 [main] DEBUG org.hibernate.HQL_FUNCTIONS - Timestamp current timestamp
10:24:43.340 [main] DEBUG org.hibernate.HQL_FUNCTIONS - Date current_date
10:24:43.340 [main] DEBUG org.hibernate.HQL_FUNCTIONS - Instant current_instant
10:24:43.340 [main] DEBUG org.hibernate.HQL_FUNCTIONS - Time current_time
10:24:43.340 [main] DEBUG org.hibernate.HQL_FUNCTIONS - Timestamp current_timestamp
10:24:43.340 [main] DEBUG org.hibernate.HQL_FUNCTIONS - Time curtime()
10:24:43.340 [main] DEBUG org.hibernate.HQL_FUNCTIONS - date_trunc(STRING field, TEMPORAL datetime)
10:24:43.340 [main] DEBUG org.hibernate.HQL_FUNCTIONS - dateadd(TEMPORAL_UNIT field, INTEGER magnitude, TEMPORAL datetime)
10:24:43.340 [main] DEBUG org.hibernate.HQL_FUNCTIONS - Long|Double datediff(TEMPORAL_UNIT field, TEMPORAL start, TEMPORAL end)
10:24:43.340 [main] DEBUG org.hibernate.HQL_FUNCTIONS - Integer day(DATE arg)
10:24:43.340 [main] DEBUG org.hibernate.HQL_FUNCTIONS - Integer day_of_month(DATE arg)
10:24:43.340 [main] DEBUG org.hibernate.HQL_FUNCTIONS - Integer day_of_week(DATE arg)
10:24:43.340 [main] DEBUG org.hibernate.HQL_FUNCTIONS - Integer day_of_year(DATE arg)
10:24:43.340 [main] DEBUG org.hibernate.HQL_FUNCTIONS - String dayname(DATE arg)
10:24:43.340 [main] DEBUG org.hibernate.HQL_FUNCTIONS - Double degrees(NUMERIC arg)
10:24:43.340 [main] DEBUG org.hibernate.HQL_FUNCTIONS - Long dense_rank([arg0[, ...]])
10:24:43.340 [main] DEBUG org.hibernate.HQL_FUNCTIONS - Boolean every(BOOLEAN predicate)
10:24:43.340 [main] DEBUG org.hibernate.HQL_FUNCTIONS - Double exp(NUMERIC arg)
10:24:43.340 [main] DEBUG org.hibernate.HQL_FUNCTIONS - extract(TEMPORAL_UNIT field from TEMPORAL arg)
10:24:43.340 [main] DEBUG org.hibernate.HQL_FUNCTIONS - first_valueANY value
10:24:43.340 [main] DEBUG org.hibernate.HQL_FUNCTIONS - floor(NUMERIC arg)
10:24:43.340 [main] DEBUG org.hibernate.HQL_FUNCTIONS - String format(TEMPORAL datetime as STRING pattern)
10:24:43.340 [main] DEBUG org.hibernate.HQL_FUNCTIONS - greatest(COMPARABLE arg0, COMPARABLE arg1[, arg2[, ...]])
10:24:43.340 [main] DEBUG org.hibernate.HQL_FUNCTIONS - Integer hour(TIME arg)
10:24:43.340 [main] DEBUG org.hibernate.HQL_FUNCTIONS - ifnull(arg0, arg1)
10:24:43.340 [main] DEBUG org.hibernate.HQL_FUNCTIONS - String insert(STRING string, INTEGER start, INTEGER length, STRING replacement)
10:24:43.340 [main] DEBUG org.hibernate.HQL_FUNCTIONS - Instant instant
10:24:43.340 [main] DEBUG org.hibernate.HQL_FUNCTIONS - Integer instr(STRING string, STRING pattern[, INTEGER start[, INTEGER occurrence]])
10:24:43.340 [main] DEBUG org.hibernate.HQL_FUNCTIONS - lagANY value[, INTEGER offset[, ANY default]]
10:24:43.340 [main] DEBUG org.hibernate.HQL_FUNCTIONS - last_valueANY value
10:24:43.340 [main] DEBUG org.hibernate.HQL_FUNCTIONS - leadANY value[, INTEGER offset[, ANY default]]
10:24:43.340 [main] DEBUG org.hibernate.HQL_FUNCTIONS - least(COMPARABLE arg0, COMPARABLE arg1[, arg2[, ...]])
10:24:43.340 [main] DEBUG org.hibernate.HQL_FUNCTIONS - String left(STRING string, INTEGER length)
10:24:43.340 [main] DEBUG org.hibernate.HQL_FUNCTIONS - Integer length(STRING_OR_CLOB arg)
10:24:43.340 [main] DEBUG org.hibernate.HQL_FUNCTIONS - String listagg(STRING arg0, STRING arg1)
10:24:43.340 [main] DEBUG org.hibernate.HQL_FUNCTIONS - Double ln(NUMERIC arg)
10:24:43.340 [main] DEBUG org.hibernate.HQL_FUNCTIONS - LocalDate local date
10:24:43.340 [main] DEBUG org.hibernate.HQL_FUNCTIONS - LocalDateTime local datetime
10:24:43.340 [main] DEBUG org.hibernate.HQL_FUNCTIONS - LocalTime local time
10:24:43.340 [main] DEBUG org.hibernate.HQL_FUNCTIONS - LocalDate local_date
10:24:43.340 [main] DEBUG org.hibernate.HQL_FUNCTIONS - LocalDateTime local_datetime
10:24:43.340 [main] DEBUG org.hibernate.HQL_FUNCTIONS - LocalTime local_time
10:24:43.340 [main] DEBUG org.hibernate.HQL_FUNCTIONS - Time localtime
10:24:43.340 [main] DEBUG org.hibernate.HQL_FUNCTIONS - Timestamp localtimestamp
10:24:43.340 [main] DEBUG org.hibernate.HQL_FUNCTIONS - Integer locate(STRING pattern, STRING string[, INTEGER start])
10:24:43.340 [main] DEBUG org.hibernate.HQL_FUNCTIONS - Double log(NUMERIC base, NUMERIC arg)
10:24:43.340 [main] DEBUG org.hibernate.HQL_FUNCTIONS - Double log10(NUMERIC arg)
10:24:43.340 [main] DEBUG org.hibernate.HQL_FUNCTIONS - String lower(STRING string)
10:24:43.340 [main] DEBUG org.hibernate.HQL_FUNCTIONS - String lpad(STRING string, INTEGER length[, STRING padding])
10:24:43.340 [main] DEBUG org.hibernate.HQL_FUNCTIONS - String ltrim(STRING string)
10:24:43.340 [main] DEBUG org.hibernate.HQL_FUNCTIONS - max(COMPARABLE arg)
10:24:43.340 [main] DEBUG org.hibernate.HQL_FUNCTIONS - Double median(NUMERIC arg)
10:24:43.340 [main] DEBUG org.hibernate.HQL_FUNCTIONS - Integer microsecond(TIME arg)
10:24:43.340 [main] DEBUG org.hibernate.HQL_FUNCTIONS - min(COMPARABLE arg)
10:24:43.340 [main] DEBUG org.hibernate.HQL_FUNCTIONS - Integer minute(TIME arg)
10:24:43.340 [main] DEBUG org.hibernate.HQL_FUNCTIONS - Integer mod(INTEGER arg0, INTEGER arg1)
10:24:43.340 [main] DEBUG org.hibernate.HQL_FUNCTIONS - mode()
10:24:43.340 [main] DEBUG org.hibernate.HQL_FUNCTIONS - Integer month(DATE arg)
10:24:43.340 [main] DEBUG org.hibernate.HQL_FUNCTIONS - String monthname(DATE arg)
10:24:43.340 [main] DEBUG org.hibernate.HQL_FUNCTIONS - Timestamp now()
10:24:43.340 [main] DEBUG org.hibernate.HQL_FUNCTIONS - nth_valueANY value, INTEGER nth
10:24:43.340 [main] DEBUG org.hibernate.HQL_FUNCTIONS - nullif(arg0, arg1)
10:24:43.340 [main] DEBUG org.hibernate.HQL_FUNCTIONS - Integer octet_length(STRING_OR_CLOB arg)
10:24:43.340 [main] DEBUG org.hibernate.HQL_FUNCTIONS - OffsetDateTime offset datetime
10:24:43.340 [main] DEBUG org.hibernate.HQL_FUNCTIONS - OffsetDateTime offset_datetime
10:24:43.340 [main] DEBUG org.hibernate.HQL_FUNCTIONS - String overlay(STRING string placing STRING replacement from INTEGER start[ for INTEGER length])
10:24:43.340 [main] DEBUG org.hibernate.HQL_FUNCTIONS - String pad(STRING string with INTEGER length {leading|trailing}[ STRING character])
10:24:43.340 [main] DEBUG org.hibernate.HQL_FUNCTIONS - Double percent_rank([arg0[, ...]])
10:24:43.340 [main] DEBUG org.hibernate.HQL_FUNCTIONS - percentile_cont(NUMERIC arg)
10:24:43.340 [main] DEBUG org.hibernate.HQL_FUNCTIONS - percentile_disc(NUMERIC arg)
10:24:43.340 [main] DEBUG org.hibernate.HQL_FUNCTIONS - Double pi
10:24:43.340 [main] DEBUG org.hibernate.HQL_FUNCTIONS - Integer position(STRING pattern in STRING string)
10:24:43.340 [main] DEBUG org.hibernate.HQL_FUNCTIONS - Double power(NUMERIC arg0, NUMERIC arg1)
10:24:43.340 [main] DEBUG org.hibernate.HQL_FUNCTIONS - Integer quarter(DATE arg)
10:24:43.340 [main] DEBUG org.hibernate.HQL_FUNCTIONS - Double radians(NUMERIC arg)
10:24:43.340 [main] DEBUG org.hibernate.HQL_FUNCTIONS - Double rand([INTEGER seed])
10:24:43.340 [main] DEBUG org.hibernate.HQL_FUNCTIONS - Long rank([arg0[, ...]])
10:24:43.340 [main] DEBUG org.hibernate.HQL_FUNCTIONS - String repeat(STRING string, INTEGER times)
10:24:43.340 [main] DEBUG org.hibernate.HQL_FUNCTIONS - String replace(STRING string, STRING pattern, STRING replacement)
10:24:43.340 [main] DEBUG org.hibernate.HQL_FUNCTIONS - String right(STRING string, INTEGER length)
10:24:43.340 [main] DEBUG org.hibernate.HQL_FUNCTIONS - round(NUMERIC number[, INTEGER places])
10:24:43.340 [main] DEBUG org.hibernate.HQL_FUNCTIONS - Long row_number()
10:24:43.340 [main] DEBUG org.hibernate.HQL_FUNCTIONS - Long rownum()
10:24:43.340 [main] DEBUG org.hibernate.HQL_FUNCTIONS - String rpad(STRING string, INTEGER length[, STRING padding])
10:24:43.340 [main] DEBUG org.hibernate.HQL_FUNCTIONS - String rtrim(STRING string)
10:24:43.340 [main] DEBUG org.hibernate.HQL_FUNCTIONS - Integer second(TIME arg)
10:24:43.340 [main] DEBUG org.hibernate.HQL_FUNCTIONS - Integer sign(NUMERIC arg)
10:24:43.340 [main] DEBUG org.hibernate.HQL_FUNCTIONS - Double sin(NUMERIC arg)
10:24:43.340 [main] DEBUG org.hibernate.HQL_FUNCTIONS - Double sinh(NUMERIC arg)
10:24:43.340 [main] DEBUG org.hibernate.HQL_FUNCTIONS - String soundex(arg)
10:24:43.340 [main] DEBUG org.hibernate.HQL_FUNCTIONS - String space(INTEGER arg)
10:24:43.340 [main] DEBUG org.hibernate.HQL_FUNCTIONS - Object sql
10:24:43.340 [main] DEBUG org.hibernate.HQL_FUNCTIONS - Double sqrt(NUMERIC arg)
10:24:43.340 [main] DEBUG org.hibernate.HQL_FUNCTIONS - Double stddev_pop(NUMERIC arg)
10:24:43.340 [main] DEBUG org.hibernate.HQL_FUNCTIONS - Double stddev_samp(NUMERIC arg)
10:24:43.340 [main] DEBUG org.hibernate.HQL_FUNCTIONS - String str(arg)
10:24:43.340 [main] DEBUG org.hibernate.HQL_FUNCTIONS - String substr(STRING string, INTEGER start[, INTEGER length])
10:24:43.340 [main] DEBUG org.hibernate.HQL_FUNCTIONS - String substring(STRING string{ from|,} INTEGER start[{ for|,} INTEGER length])
10:24:43.340 [main] DEBUG org.hibernate.HQL_FUNCTIONS - sum(arg)
10:24:43.340 [main] DEBUG org.hibernate.HQL_FUNCTIONS - Timestamp sysdate
10:24:43.340 [main] DEBUG org.hibernate.HQL_FUNCTIONS - Double tan(NUMERIC arg)
10:24:43.340 [main] DEBUG org.hibernate.HQL_FUNCTIONS - Double tanh(NUMERIC arg)
10:24:43.340 [main] DEBUG org.hibernate.HQL_FUNCTIONS - timestampadd(TEMPORAL_UNIT field, INTEGER magnitude, TEMPORAL datetime)
10:24:43.340 [main] DEBUG org.hibernate.HQL_FUNCTIONS - Long|Double timestampdiff(TEMPORAL_UNIT field, TEMPORAL start, TEMPORAL end)
10:24:43.340 [main] DEBUG org.hibernate.HQL_FUNCTIONS - String translate(STRING arg0, STRING arg1, STRING arg2)
10:24:43.340 [main] DEBUG org.hibernate.HQL_FUNCTIONS - String trim([[{leading|trailing|both} ][STRING arg0 ]from] STRING arg1)
10:24:43.340 [main] DEBUG org.hibernate.HQL_FUNCTIONS - trunc( ... )
10:24:43.340 [main] DEBUG org.hibernate.HQL_FUNCTIONS - truncate( ... )
10:24:43.340 [main] DEBUG org.hibernate.HQL_FUNCTIONS - String upper(STRING string)
10:24:43.340 [main] DEBUG org.hibernate.HQL_FUNCTIONS - Double var_pop(NUMERIC arg)
10:24:43.340 [main] DEBUG org.hibernate.HQL_FUNCTIONS - Double var_samp(NUMERIC arg)
10:24:43.340 [main] DEBUG org.hibernate.HQL_FUNCTIONS - Integer week(DATE arg)
10:24:43.340 [main] DEBUG org.hibernate.HQL_FUNCTIONS - Integer year(DATE arg)
10:24:43.340 [main] DEBUG org.hibernate.orm.query.plan.cache - Starting QueryInterpretationCache(2048)
10:24:43.340 [main] DEBUG org.hibernate.service.internal.SessionFactoryServiceRegistryImpl - EventListenerRegistry access via ServiceRegistry is deprecated.  Use `sessionFactory.getEventEngine().getListenerRegistry()` instead
10:24:43.340 [main] DEBUG org.hibernate.event.internal.EntityCopyObserverFactoryInitiator - Configured EntityCopyObserver strategy: disallow
10:24:43.341 [main] DEBUG org.hibernate.boot.internal.ClassLoaderAccessImpl - Not known whether passed class name [org.frcpm.models.Attendance] is safe
10:24:43.341 [main] DEBUG org.hibernate.boot.internal.ClassLoaderAccessImpl - No temp ClassLoader provided; using live ClassLoader for loading potentially unsafe class : org.frcpm.models.Attendance
10:24:43.342 [main] DEBUG org.hibernate.bytecode.internal.bytebuddy.BytecodeProviderImpl - HHH000513: Unable to create the ReflectionOptimizer for [org.frcpm.models.Attendance]: private accessor [arrivalTime]
10:24:43.343 [main] DEBUG org.hibernate.boot.internal.ClassLoaderAccessImpl - Not known whether passed class name [org.frcpm.models.Meeting] is safe
10:24:43.343 [main] DEBUG org.hibernate.boot.internal.ClassLoaderAccessImpl - No temp ClassLoader provided; using live ClassLoader for loading potentially unsafe class : org.frcpm.models.Meeting
10:24:43.345 [main] DEBUG org.hibernate.bytecode.internal.bytebuddy.BytecodeProviderImpl - HHH000513: Unable to create the ReflectionOptimizer for [org.frcpm.models.Meeting]: private accessor [attendances]
10:24:43.345 [main] DEBUG org.hibernate.boot.internal.ClassLoaderAccessImpl - Not known whether passed class name [org.frcpm.models.Subsystem] is safe
10:24:43.345 [main] DEBUG org.hibernate.boot.internal.ClassLoaderAccessImpl - No temp ClassLoader provided; using live ClassLoader for loading potentially unsafe class : org.frcpm.models.Subsystem
10:24:43.346 [main] DEBUG org.hibernate.bytecode.internal.bytebuddy.BytecodeProviderImpl - HHH000513: Unable to create the ReflectionOptimizer for [org.frcpm.models.Subsystem]: private accessor [description]
10:24:43.346 [main] DEBUG org.hibernate.boot.internal.ClassLoaderAccessImpl - Not known whether passed class name [org.frcpm.models.Component] is safe
10:24:43.346 [main] DEBUG org.hibernate.boot.internal.ClassLoaderAccessImpl - No temp ClassLoader provided; using live ClassLoader for loading potentially unsafe class : org.frcpm.models.Component
10:24:43.349 [main] DEBUG org.hibernate.bytecode.internal.bytebuddy.BytecodeProviderImpl - HHH000513: Unable to create the ReflectionOptimizer for [org.frcpm.models.Component]: private accessor [actualDelivery]
10:24:43.349 [main] DEBUG org.hibernate.boot.internal.ClassLoaderAccessImpl - Not known whether passed class name [org.frcpm.models.Milestone] is safe
10:24:43.349 [main] DEBUG org.hibernate.boot.internal.ClassLoaderAccessImpl - No temp ClassLoader provided; using live ClassLoader for loading potentially unsafe class : org.frcpm.models.Milestone
10:24:43.351 [main] DEBUG org.hibernate.bytecode.internal.bytebuddy.BytecodeProviderImpl - HHH000513: Unable to create the ReflectionOptimizer for [org.frcpm.models.Milestone]: private accessor [date]
10:24:43.351 [main] DEBUG org.hibernate.boot.internal.ClassLoaderAccessImpl - Not known whether passed class name [org.frcpm.models.Project] is safe
10:24:43.351 [main] DEBUG org.hibernate.boot.internal.ClassLoaderAccessImpl - No temp ClassLoader provided; using live ClassLoader for loading potentially unsafe class : org.frcpm.models.Project
10:24:43.355 [main] DEBUG org.hibernate.bytecode.internal.bytebuddy.BytecodeProviderImpl - HHH000513: Unable to create the ReflectionOptimizer for [org.frcpm.models.Project]: private accessor [description]
10:24:43.355 [main] DEBUG org.hibernate.boot.internal.ClassLoaderAccessImpl - Not known whether passed class name [org.frcpm.models.Subteam] is safe
10:24:43.355 [main] DEBUG org.hibernate.boot.internal.ClassLoaderAccessImpl - No temp ClassLoader provided; using live ClassLoader for loading potentially unsafe class : org.frcpm.models.Subteam
10:24:43.357 [main] DEBUG org.hibernate.bytecode.internal.bytebuddy.BytecodeProviderImpl - HHH000513: Unable to create the ReflectionOptimizer for [org.frcpm.models.Subteam]: private accessor [colorCode]
10:24:43.357 [main] DEBUG org.hibernate.boot.internal.ClassLoaderAccessImpl - Not known whether passed class name [org.frcpm.models.Task] is safe
10:24:43.357 [main] DEBUG org.hibernate.boot.internal.ClassLoaderAccessImpl - No temp ClassLoader provided; using live ClassLoader for loading potentially unsafe class : org.frcpm.models.Task
10:24:43.362 [main] DEBUG org.hibernate.bytecode.internal.bytebuddy.BytecodeProviderImpl - HHH000513: Unable to create the ReflectionOptimizer for [org.frcpm.models.Task]: private accessor [actualDurationSeconds]
10:24:43.362 [main] DEBUG org.hibernate.boot.internal.ClassLoaderAccessImpl - Not known whether passed class name [org.frcpm.models.TeamMember] is safe
10:24:43.362 [main] DEBUG org.hibernate.boot.internal.ClassLoaderAccessImpl - No temp ClassLoader provided; using live ClassLoader for loading potentially unsafe class : org.frcpm.models.TeamMember
10:24:43.364 [main] DEBUG org.hibernate.bytecode.internal.bytebuddy.BytecodeProviderImpl - HHH000513: Unable to create the ReflectionOptimizer for [org.frcpm.models.TeamMember]: private accessor [assignedTasks]
10:24:43.364 [main] DEBUG org.hibernate.orm.jdbc.mutation - Skipping collection row updates - org.frcpm.models.Task.assignedTo
10:24:43.364 [main] DEBUG org.hibernate.orm.jdbc.mutation - Skipping collection (re)creation - org.frcpm.models.Subsystem.tasks
10:24:43.364 [main] DEBUG org.hibernate.orm.jdbc.mutation - Skipping collection row deletions - org.frcpm.models.Subsystem.tasks
10:24:43.364 [main] DEBUG org.hibernate.orm.jdbc.mutation - Skipping collection removals - org.frcpm.models.Subsystem.tasks
10:24:43.364 [main] DEBUG org.hibernate.orm.jdbc.mutation - Skipping collection (re)creation - org.frcpm.models.Subteam.members
10:24:43.364 [main] DEBUG org.hibernate.orm.jdbc.mutation - Skipping collection row deletions - org.frcpm.models.Subteam.members
10:24:43.364 [main] DEBUG org.hibernate.orm.jdbc.mutation - Skipping collection removals - org.frcpm.models.Subteam.members
10:24:43.364 [main] DEBUG org.hibernate.orm.jdbc.mutation - Skipping collection (re)creation - org.frcpm.models.TeamMember.attendances
10:24:43.364 [main] DEBUG org.hibernate.orm.jdbc.mutation - Skipping collection row deletions - org.frcpm.models.TeamMember.attendances
10:24:43.364 [main] DEBUG org.hibernate.orm.jdbc.mutation - Skipping collection removals - org.frcpm.models.TeamMember.attendances
10:24:43.364 [main] DEBUG org.hibernate.orm.jdbc.mutation - Skipping collection row updates - org.frcpm.models.Task.requiredComponents
10:24:43.364 [main] DEBUG org.hibernate.orm.jdbc.mutation - Skipping collection (re)creation - org.frcpm.models.Subteam.subsystems
10:24:43.364 [main] DEBUG org.hibernate.orm.jdbc.mutation - Skipping collection row deletions - org.frcpm.models.Subteam.subsystems
10:24:43.364 [main] DEBUG org.hibernate.orm.jdbc.mutation - Skipping collection removals - org.frcpm.models.Subteam.subsystems
10:24:43.364 [main] DEBUG org.hibernate.orm.jdbc.mutation - Skipping collection row updates - org.frcpm.models.Task.preDependencies
10:24:43.364 [main] DEBUG org.hibernate.orm.jdbc.mutation - Skipping collection (re)creation - org.frcpm.models.Project.milestones
10:24:43.364 [main] DEBUG org.hibernate.orm.jdbc.mutation - Skipping collection row deletions - org.frcpm.models.Project.milestones
10:24:43.364 [main] DEBUG org.hibernate.orm.jdbc.mutation - Skipping collection removals - org.frcpm.models.Project.milestones
10:24:43.364 [main] DEBUG org.hibernate.orm.jdbc.mutation - Skipping collection inserts - org.frcpm.models.Component.requiredForTasks
10:24:43.364 [main] DEBUG org.hibernate.orm.jdbc.mutation - Skipping collection row updates - org.frcpm.models.Component.requiredForTasks
10:24:43.364 [main] DEBUG org.hibernate.orm.jdbc.mutation - Skipping collection row deletions - org.frcpm.models.Component.requiredForTasks
10:24:43.364 [main] DEBUG org.hibernate.orm.jdbc.mutation - Skipping collection removals - org.frcpm.models.Component.requiredForTasks
10:24:43.364 [main] DEBUG org.hibernate.orm.jdbc.mutation - Skipping collection (re)creation - org.frcpm.models.Project.meetings
10:24:43.364 [main] DEBUG org.hibernate.orm.jdbc.mutation - Skipping collection row deletions - org.frcpm.models.Project.meetings
10:24:43.364 [main] DEBUG org.hibernate.orm.jdbc.mutation - Skipping collection removals - org.frcpm.models.Project.meetings
10:24:43.364 [main] DEBUG org.hibernate.orm.jdbc.mutation - Skipping collection inserts - org.frcpm.models.TeamMember.assignedTasks
10:24:43.364 [main] DEBUG org.hibernate.orm.jdbc.mutation - Skipping collection row updates - org.frcpm.models.TeamMember.assignedTasks
10:24:43.364 [main] DEBUG org.hibernate.orm.jdbc.mutation - Skipping collection row deletions - org.frcpm.models.TeamMember.assignedTasks
10:24:43.364 [main] DEBUG org.hibernate.orm.jdbc.mutation - Skipping collection removals - org.frcpm.models.TeamMember.assignedTasks
10:24:43.364 [main] DEBUG org.hibernate.orm.jdbc.mutation - Skipping collection (re)creation - org.frcpm.models.Meeting.attendances
10:24:43.364 [main] DEBUG org.hibernate.orm.jdbc.mutation - Skipping collection row deletions - org.frcpm.models.Meeting.attendances
10:24:43.364 [main] DEBUG org.hibernate.orm.jdbc.mutation - Skipping collection removals - org.frcpm.models.Meeting.attendances
10:24:43.364 [main] DEBUG org.hibernate.orm.jdbc.mutation - Skipping collection inserts - org.frcpm.models.Task.postDependencies
10:24:43.365 [main] DEBUG org.hibernate.orm.jdbc.mutation - Skipping collection row updates - org.frcpm.models.Task.postDependencies
10:24:43.365 [main] DEBUG org.hibernate.orm.jdbc.mutation - Skipping collection row deletions - org.frcpm.models.Task.postDependencies
10:24:43.365 [main] DEBUG org.hibernate.orm.jdbc.mutation - Skipping collection removals - org.frcpm.models.Task.postDependencies
10:24:43.365 [main] DEBUG org.hibernate.orm.jdbc.mutation - Skipping collection (re)creation - org.frcpm.models.Project.tasks
10:24:43.365 [main] DEBUG org.hibernate.orm.jdbc.mutation - Skipping collection row deletions - org.frcpm.models.Project.tasks
10:24:43.365 [main] DEBUG org.hibernate.orm.jdbc.mutation - Skipping collection removals - org.frcpm.models.Project.tasks
10:24:43.365 [main] DEBUG org.hibernate.orm.model.mapping.creation - Starting post-init callbacks
10:24:43.365 [main] DEBUG org.hibernate.orm.model.mapping.creation - Starting PostInitCallbackEntry : To-one key - NavigableRole[org.frcpm.models.Attendance.meeting]
10:24:43.365 [main] DEBUG org.hibernate.orm.model.mapping.creation - Starting PostInitCallbackEntry : To-one key - NavigableRole[org.frcpm.models.Attendance.member]
10:24:43.365 [main] DEBUG org.hibernate.orm.model.mapping.creation - Starting PostInitCallbackEntry : Entity(org.frcpm.models.Attendance) `staticFetchableList` generator
10:24:43.365 [main] DEBUG org.hibernate.orm.model.mapping.creation - Starting PostInitCallbackEntry : PluralAttributeMapping( NavigableRole[org.frcpm.models.Meeting.attendances#{element}]) - element descriptor
10:24:43.365 [main] DEBUG org.hibernate.orm.model.mapping.creation - Starting PostInitCallbackEntry : PluralAttributeMapping(org.frcpm.models.Meeting.attendances)#finishInitialization
10:24:43.365 [main] DEBUG org.hibernate.orm.model.mapping.creation - Starting PostInitCallbackEntry : PluralAttributeMapping(org.frcpm.models.Meeting.attendances) - key descriptor
10:24:43.365 [main] DEBUG org.hibernate.orm.model.mapping.creation - Starting PostInitCallbackEntry : To-one key - NavigableRole[org.frcpm.models.Meeting.project]
10:24:43.365 [main] DEBUG org.hibernate.orm.model.mapping.creation - Starting PostInitCallbackEntry : Entity(org.frcpm.models.Meeting) `staticFetchableList` generator
10:24:43.365 [main] DEBUG org.hibernate.orm.model.mapping.creation - Starting PostInitCallbackEntry : To-one key - NavigableRole[org.frcpm.models.Subsystem.responsibleSubteam]
10:24:43.365 [main] DEBUG org.hibernate.orm.model.mapping.creation - Starting PostInitCallbackEntry : PluralAttributeMapping( NavigableRole[org.frcpm.models.Subsystem.tasks#{element}]) - element descriptor
10:24:43.365 [main] DEBUG org.hibernate.orm.model.mapping.creation - Starting PostInitCallbackEntry : PluralAttributeMapping(org.frcpm.models.Subsystem.tasks)#finishInitialization
10:24:43.365 [main] DEBUG org.hibernate.orm.model.mapping.creation - Starting PostInitCallbackEntry : PluralAttributeMapping(org.frcpm.models.Subsystem.tasks) - key descriptor
10:24:43.365 [main] DEBUG org.hibernate.orm.model.mapping.creation - Starting PostInitCallbackEntry : Entity(org.frcpm.models.Subsystem) `staticFetchableList` generator
10:24:43.365 [main] DEBUG org.hibernate.orm.model.mapping.creation - Starting PostInitCallbackEntry : PluralAttributeMapping( NavigableRole[org.frcpm.models.Component.requiredForTasks#{element}]) - element descriptor
10:24:43.365 [main] DEBUG org.hibernate.orm.model.mapping.creation - Starting PostInitCallbackEntry : PluralAttributeMapping(org.frcpm.models.Component.requiredForTasks)#finishInitialization
10:24:43.365 [main] DEBUG org.hibernate.orm.model.mapping.creation - Starting PostInitCallbackEntry : PluralAttributeMapping(org.frcpm.models.Component.requiredForTasks) - key descriptor
10:24:43.365 [main] DEBUG org.hibernate.orm.model.mapping.creation - Starting PostInitCallbackEntry : Entity(org.frcpm.models.Component) `staticFetchableList` generator
10:24:43.365 [main] DEBUG org.hibernate.orm.model.mapping.creation - Starting PostInitCallbackEntry : To-one key - NavigableRole[org.frcpm.models.Milestone.project]
10:24:43.365 [main] DEBUG org.hibernate.orm.model.mapping.creation - Starting PostInitCallbackEntry : Entity(org.frcpm.models.Milestone) `staticFetchableList` generator
10:24:43.365 [main] DEBUG org.hibernate.orm.model.mapping.creation - Starting PostInitCallbackEntry : PluralAttributeMapping( NavigableRole[org.frcpm.models.Project.meetings#{element}]) - element descriptor
10:24:43.365 [main] DEBUG org.hibernate.orm.model.mapping.creation - Starting PostInitCallbackEntry : PluralAttributeMapping(org.frcpm.models.Project.meetings)#finishInitialization
10:24:43.365 [main] DEBUG org.hibernate.orm.model.mapping.creation - Starting PostInitCallbackEntry : PluralAttributeMapping(org.frcpm.models.Project.meetings) - key descriptor
10:24:43.365 [main] DEBUG org.hibernate.orm.model.mapping.creation - Starting PostInitCallbackEntry : PluralAttributeMapping( NavigableRole[org.frcpm.models.Project.milestones#{element}]) - element descriptor
10:24:43.365 [main] DEBUG org.hibernate.orm.model.mapping.creation - Starting PostInitCallbackEntry : PluralAttributeMapping(org.frcpm.models.Project.milestones)#finishInitialization
10:24:43.365 [main] DEBUG org.hibernate.orm.model.mapping.creation - Starting PostInitCallbackEntry : PluralAttributeMapping(org.frcpm.models.Project.milestones) - key descriptor
10:24:43.365 [main] DEBUG org.hibernate.orm.model.mapping.creation - Starting PostInitCallbackEntry : PluralAttributeMapping( NavigableRole[org.frcpm.models.Project.tasks#{element}]) - element descriptor
10:24:43.365 [main] DEBUG org.hibernate.orm.model.mapping.creation - Starting PostInitCallbackEntry : PluralAttributeMapping(org.frcpm.models.Project.tasks)#finishInitialization
10:24:43.365 [main] DEBUG org.hibernate.orm.model.mapping.creation - Starting PostInitCallbackEntry : PluralAttributeMapping(org.frcpm.models.Project.tasks) - key descriptor
10:24:43.365 [main] DEBUG org.hibernate.orm.model.mapping.creation - Starting PostInitCallbackEntry : Entity(org.frcpm.models.Project) `staticFetchableList` generator
10:24:43.365 [main] DEBUG org.hibernate.orm.model.mapping.creation - Starting PostInitCallbackEntry : PluralAttributeMapping( NavigableRole[org.frcpm.models.Subteam.members#{element}]) - element descriptor
10:24:43.365 [main] DEBUG org.hibernate.orm.model.mapping.creation - Starting PostInitCallbackEntry : PluralAttributeMapping(org.frcpm.models.Subteam.members)#finishInitialization
10:24:43.365 [main] DEBUG org.hibernate.orm.model.mapping.creation - Starting PostInitCallbackEntry : PluralAttributeMapping(org.frcpm.models.Subteam.members) - key descriptor
10:24:43.365 [main] DEBUG org.hibernate.orm.model.mapping.creation - Starting PostInitCallbackEntry : PluralAttributeMapping( NavigableRole[org.frcpm.models.Subteam.subsystems#{element}]) - element descriptor
10:24:43.365 [main] DEBUG org.hibernate.orm.model.mapping.creation - Starting PostInitCallbackEntry : PluralAttributeMapping(org.frcpm.models.Subteam.subsystems)#finishInitialization
10:24:43.365 [main] DEBUG org.hibernate.orm.model.mapping.creation - Starting PostInitCallbackEntry : PluralAttributeMapping(org.frcpm.models.Subteam.subsystems) - key descriptor
10:24:43.365 [main] DEBUG org.hibernate.orm.model.mapping.creation - Starting PostInitCallbackEntry : Entity(org.frcpm.models.Subteam) `staticFetchableList` generator
10:24:43.365 [main] DEBUG org.hibernate.orm.model.mapping.creation - Starting PostInitCallbackEntry : PluralAttributeMapping( NavigableRole[org.frcpm.models.Task.assignedTo#{element}]) - element descriptor
10:24:43.365 [main] DEBUG org.hibernate.orm.model.mapping.creation - Starting PostInitCallbackEntry : PluralAttributeMapping(org.frcpm.models.Task.assignedTo)#finishInitialization
10:24:43.365 [main] DEBUG org.hibernate.orm.model.mapping.creation - Starting PostInitCallbackEntry : PluralAttributeMapping(org.frcpm.models.Task.assignedTo) - key descriptor
10:24:43.365 [main] DEBUG org.hibernate.orm.model.mapping.creation - Starting PostInitCallbackEntry : PluralAttributeMapping( NavigableRole[org.frcpm.models.Task.postDependencies#{element}]) - element descriptor
10:24:43.365 [main] DEBUG org.hibernate.orm.model.mapping.creation - Starting PostInitCallbackEntry : PluralAttributeMapping(org.frcpm.models.Task.postDependencies)#finishInitialization
10:24:43.365 [main] DEBUG org.hibernate.orm.model.mapping.creation - Starting PostInitCallbackEntry : PluralAttributeMapping(org.frcpm.models.Task.postDependencies) - key descriptor
10:24:43.365 [main] DEBUG org.hibernate.orm.model.mapping.creation - Starting PostInitCallbackEntry : PluralAttributeMapping( NavigableRole[org.frcpm.models.Task.preDependencies#{element}]) - element descriptor
10:24:43.365 [main] DEBUG org.hibernate.orm.model.mapping.creation - Starting PostInitCallbackEntry : PluralAttributeMapping(org.frcpm.models.Task.preDependencies)#finishInitialization
10:24:43.365 [main] DEBUG org.hibernate.orm.model.mapping.creation - Starting PostInitCallbackEntry : PluralAttributeMapping(org.frcpm.models.Task.preDependencies) - key descriptor
10:24:43.365 [main] DEBUG org.hibernate.orm.model.mapping.creation - Starting PostInitCallbackEntry : To-one key - NavigableRole[org.frcpm.models.Task.project]
10:24:43.365 [main] DEBUG org.hibernate.orm.model.mapping.creation - Starting PostInitCallbackEntry : PluralAttributeMapping( NavigableRole[org.frcpm.models.Task.requiredComponents#{element}]) - element descriptor
10:24:43.365 [main] DEBUG org.hibernate.orm.model.mapping.creation - Starting PostInitCallbackEntry : PluralAttributeMapping(org.frcpm.models.Task.requiredComponents)#finishInitialization
10:24:43.365 [main] DEBUG org.hibernate.orm.model.mapping.creation - Starting PostInitCallbackEntry : PluralAttributeMapping(org.frcpm.models.Task.requiredComponents) - key descriptor
10:24:43.365 [main] DEBUG org.hibernate.orm.model.mapping.creation - Starting PostInitCallbackEntry : To-one key - NavigableRole[org.frcpm.models.Task.subsystem]
10:24:43.365 [main] DEBUG org.hibernate.orm.model.mapping.creation - Starting PostInitCallbackEntry : Entity(org.frcpm.models.Task) `staticFetchableList` generator
10:24:43.365 [main] DEBUG org.hibernate.orm.model.mapping.creation - Starting PostInitCallbackEntry : PluralAttributeMapping( NavigableRole[org.frcpm.models.TeamMember.assignedTasks#{element}]) - element descriptor
10:24:43.365 [main] DEBUG org.hibernate.orm.model.mapping.creation - Starting PostInitCallbackEntry : PluralAttributeMapping(org.frcpm.models.TeamMember.assignedTasks)#finishInitialization
10:24:43.365 [main] DEBUG org.hibernate.orm.model.mapping.creation - Starting PostInitCallbackEntry : PluralAttributeMapping(org.frcpm.models.TeamMember.assignedTasks) - key descriptor
10:24:43.365 [main] DEBUG org.hibernate.orm.model.mapping.creation - Starting PostInitCallbackEntry : PluralAttributeMapping( NavigableRole[org.frcpm.models.TeamMember.attendances#{element}]) - element descriptor
10:24:43.365 [main] DEBUG org.hibernate.orm.model.mapping.creation - Starting PostInitCallbackEntry : PluralAttributeMapping(org.frcpm.models.TeamMember.attendances)#finishInitialization
10:24:43.365 [main] DEBUG org.hibernate.orm.model.mapping.creation - Starting PostInitCallbackEntry : PluralAttributeMapping(org.frcpm.models.TeamMember.attendances) - key descriptor
10:24:43.365 [main] DEBUG org.hibernate.orm.model.mapping.creation - Starting PostInitCallbackEntry : To-one key - NavigableRole[org.frcpm.models.TeamMember.subteam]
10:24:43.365 [main] DEBUG org.hibernate.orm.model.mapping.creation - Starting PostInitCallbackEntry : Entity(org.frcpm.models.TeamMember) `staticFetchableList` generator
10:24:43.365 [main] DEBUG org.hibernate.orm.model.mapping.creation - Starting PostInitCallbackEntry : PluralAttributeMapping( NavigableRole[org.frcpm.models.Meeting.attendances#{element}]) - element descriptor
10:24:43.365 [main] DEBUG org.hibernate.orm.model.mapping.creation - Starting PostInitCallbackEntry : PluralAttributeMapping( NavigableRole[org.frcpm.models.Subsystem.tasks#{element}]) - element descriptor
10:24:43.365 [main] DEBUG org.hibernate.orm.model.mapping.creation - Starting PostInitCallbackEntry : PluralAttributeMapping( NavigableRole[org.frcpm.models.Component.requiredForTasks#{element}]) - element descriptor
10:24:43.365 [main] DEBUG org.hibernate.orm.model.mapping.creation - Starting PostInitCallbackEntry : PluralAttributeMapping( NavigableRole[org.frcpm.models.Project.meetings#{element}]) - element descriptor
10:24:43.365 [main] DEBUG org.hibernate.orm.model.mapping.creation - Starting PostInitCallbackEntry : PluralAttributeMapping( NavigableRole[org.frcpm.models.Project.milestones#{element}]) - element descriptor
10:24:43.365 [main] DEBUG org.hibernate.orm.model.mapping.creation - Starting PostInitCallbackEntry : PluralAttributeMapping( NavigableRole[org.frcpm.models.Project.tasks#{element}]) - element descriptor
10:24:43.365 [main] DEBUG org.hibernate.orm.model.mapping.creation - Starting PostInitCallbackEntry : PluralAttributeMapping( NavigableRole[org.frcpm.models.Subteam.members#{element}]) - element descriptor
10:24:43.365 [main] DEBUG org.hibernate.orm.model.mapping.creation - Starting PostInitCallbackEntry : PluralAttributeMapping( NavigableRole[org.frcpm.models.Subteam.subsystems#{element}]) - element descriptor
10:24:43.365 [main] DEBUG org.hibernate.orm.model.mapping.creation - Starting PostInitCallbackEntry : PluralAttributeMapping( NavigableRole[org.frcpm.models.Task.postDependencies#{element}]) - element descriptor
10:24:43.365 [main] DEBUG org.hibernate.orm.model.mapping.creation - Starting PostInitCallbackEntry : PluralAttributeMapping( NavigableRole[org.frcpm.models.TeamMember.attendances#{element}]) - element descriptor
10:24:43.366 [main] DEBUG org.hibernate.orm.sql.ast.create - Created new SQL alias : a1_0
10:24:43.367 [main] DEBUG org.hibernate.orm.sql.ast.create - Registration of TableGroup [StandardTableGroup(org.frcpm.models.Attendance)] with identifierForTableGroup [org.frcpm.models.Attendance] for NavigablePath [org.frcpm.models.Attendance] 
10:24:43.367 [main] DEBUG org.hibernate.orm.sql.ast.create - Registration of TableGroup [org.hibernate.sql.ast.tree.from.LazyTableGroup@6dae1e0f] with identifierForTableGroup [org.frcpm.models.Attendance.meeting] for NavigablePath [org.frcpm.models.Attendance.meeting] 
10:24:43.367 [main] DEBUG org.hibernate.orm.sql.ast.create - Registration of TableGroup [org.hibernate.sql.ast.tree.from.LazyTableGroup@b90288a] with identifierForTableGroup [org.frcpm.models.Attendance.member] for NavigablePath [org.frcpm.models.Attendance.member] 
10:24:43.367 [main] DEBUG org.hibernate.orm.results.graph.AST - DomainResult Graph:
 \-EntityResultImpl [org.frcpm.models.Attendance]
 |  +-BasicFetch [org.frcpm.models.Attendance.arrivalTime]
 |  +-BasicFetch [org.frcpm.models.Attendance.departureTime]
 |  +-EntityDelayedFetchImpl [org.frcpm.models.Attendance.meeting]
 |  +-EntityDelayedFetchImpl [org.frcpm.models.Attendance.member]
 |  \-BasicFetch [org.frcpm.models.Attendance.present]

10:24:43.367 [main] DEBUG org.hibernate.orm.sql.ast.tree - SQL AST Tree:
    SelectStatement {
      FromClause {
        StandardTableGroup (a1 : org.frcpm.models.Attendance) {
          primaryTableReference : attendances as a1_0
          TableGroupJoins {
            left  join LazyTableGroup (m1 : org.frcpm.models.Attendance.meeting) {
            }
            left  join LazyTableGroup (m2 : org.frcpm.models.Attendance.member) {
            }
          }
        }
      }
    }

10:24:43.367 [main] DEBUG org.hibernate.persister.entity.AbstractEntityPersister - Static SQL for entity: org.frcpm.models.Attendance
10:24:43.367 [main] DEBUG org.hibernate.persister.entity.AbstractEntityPersister -  Version select: select id from attendances where id=?
10:24:43.367 [main] DEBUG org.hibernate.persister.entity.AbstractEntityPersister -  Insert (0): insert into attendances (arrival_time,departure_time,meeting_id,member_id,present,id) values (?,?,?,?,?,default)
10:24:43.367 [main] DEBUG org.hibernate.persister.entity.AbstractEntityPersister -  Update (0): update attendances set arrival_time=?,departure_time=?,meeting_id=?,member_id=?,present=? where id=?
10:24:43.367 [main] DEBUG org.hibernate.persister.entity.AbstractEntityPersister -  Delete (0): delete from attendances where id=?
10:24:43.367 [main] DEBUG org.hibernate.orm.sql.ast.create - Created new SQL alias : m1_0
10:24:43.367 [main] DEBUG org.hibernate.orm.sql.ast.create - Registration of TableGroup [StandardTableGroup(org.frcpm.models.Meeting)] with identifierForTableGroup [org.frcpm.models.Meeting] for NavigablePath [org.frcpm.models.Meeting] 
10:24:43.367 [main] DEBUG org.hibernate.orm.sql.ast.create - Registration of TableGroup [org.hibernate.sql.ast.tree.from.LazyTableGroup@2addcfb] with identifierForTableGroup [org.frcpm.models.Meeting.project] for NavigablePath [org.frcpm.models.Meeting.project] 
10:24:43.367 [main] DEBUG org.hibernate.orm.results.graph.AST - DomainResult Graph:
 \-EntityResultImpl [org.frcpm.models.Meeting]
 |  +-DelayedCollectionFetch [org.frcpm.models.Meeting.attendances]
 |  +-BasicFetch [org.frcpm.models.Meeting.date]
 |  +-BasicFetch [org.frcpm.models.Meeting.endTime]
 |  +-BasicFetch [org.frcpm.models.Meeting.notes]
 |  +-EntityDelayedFetchImpl [org.frcpm.models.Meeting.project]
 |  \-BasicFetch [org.frcpm.models.Meeting.startTime]

10:24:43.367 [main] DEBUG org.hibernate.orm.sql.ast.tree - SQL AST Tree:
    SelectStatement {
      FromClause {
        StandardTableGroup (m1 : org.frcpm.models.Meeting) {
          primaryTableReference : meetings as m1_0
          TableGroupJoins {
            left  join LazyTableGroup (p1 : org.frcpm.models.Meeting.project) {
            }
          }
        }
      }
    }

10:24:43.367 [main] DEBUG org.hibernate.persister.entity.AbstractEntityPersister - Static SQL for entity: org.frcpm.models.Meeting
10:24:43.367 [main] DEBUG org.hibernate.persister.entity.AbstractEntityPersister -  Version select: select id from meetings where id=?
10:24:43.367 [main] DEBUG org.hibernate.persister.entity.AbstractEntityPersister -  Insert (0): insert into meetings (date,end_time,notes,project_id,start_time,id) values (?,?,?,?,?,default)
10:24:43.367 [main] DEBUG org.hibernate.persister.entity.AbstractEntityPersister -  Update (0): update meetings set date=?,end_time=?,notes=?,project_id=?,start_time=? where id=?
10:24:43.367 [main] DEBUG org.hibernate.persister.entity.AbstractEntityPersister -  Delete (0): delete from meetings where id=?
10:24:43.367 [main] DEBUG org.hibernate.orm.sql.ast.create - Created new SQL alias : s1_0
10:24:43.367 [main] DEBUG org.hibernate.orm.sql.ast.create - Registration of TableGroup [StandardTableGroup(org.frcpm.models.Subsystem)] with identifierForTableGroup [org.frcpm.models.Subsystem] for NavigablePath [org.frcpm.models.Subsystem] 
10:24:43.367 [main] DEBUG org.hibernate.orm.sql.ast.create - Registration of TableGroup [org.hibernate.sql.ast.tree.from.LazyTableGroup@70f995] with identifierForTableGroup [org.frcpm.models.Subsystem.responsibleSubteam] for NavigablePath [org.frcpm.models.Subsystem.responsibleSubteam] 
10:24:43.367 [main] DEBUG org.hibernate.orm.results.graph.AST - DomainResult Graph:
 \-EntityResultImpl [org.frcpm.models.Subsystem]
 |  +-BasicFetch [org.frcpm.models.Subsystem.description]
 |  +-BasicFetch [org.frcpm.models.Subsystem.name]
 |  +-EntityDelayedFetchImpl [org.frcpm.models.Subsystem.responsibleSubteam]
 |  +-BasicFetch [org.frcpm.models.Subsystem.status]
 |  \-DelayedCollectionFetch [org.frcpm.models.Subsystem.tasks]

10:24:43.367 [main] DEBUG org.hibernate.orm.sql.ast.tree - SQL AST Tree:
    SelectStatement {
      FromClause {
        StandardTableGroup (s1 : org.frcpm.models.Subsystem) {
          primaryTableReference : subsystems as s1_0
          TableGroupJoins {
            left  join LazyTableGroup (rs1 : org.frcpm.models.Subsystem.responsibleSubteam) {
            }
          }
        }
      }
    }

10:24:43.367 [main] DEBUG org.hibernate.persister.entity.AbstractEntityPersister - Static SQL for entity: org.frcpm.models.Subsystem
10:24:43.367 [main] DEBUG org.hibernate.persister.entity.AbstractEntityPersister -  Version select: select id from subsystems where id=?
10:24:43.367 [main] DEBUG org.hibernate.persister.entity.AbstractEntityPersister -  Insert (0): insert into subsystems (description,name,responsible_subteam_id,status,id) values (?,?,?,?,default)
10:24:43.367 [main] DEBUG org.hibernate.persister.entity.AbstractEntityPersister -  Update (0): update subsystems set description=?,name=?,responsible_subteam_id=?,status=? where id=?
10:24:43.367 [main] DEBUG org.hibernate.persister.entity.AbstractEntityPersister -  Delete (0): delete from subsystems where id=?
10:24:43.367 [main] DEBUG org.hibernate.orm.sql.ast.create - Created new SQL alias : c1_0
10:24:43.367 [main] DEBUG org.hibernate.orm.sql.ast.create - Registration of TableGroup [StandardTableGroup(org.frcpm.models.Component)] with identifierForTableGroup [org.frcpm.models.Component] for NavigablePath [org.frcpm.models.Component] 
10:24:43.367 [main] DEBUG org.hibernate.orm.results.graph.AST - DomainResult Graph:
 \-EntityResultImpl [org.frcpm.models.Component]
 |  +-BasicFetch [org.frcpm.models.Component.actualDelivery]
 |  +-BasicFetch [org.frcpm.models.Component.delivered]
 |  +-BasicFetch [org.frcpm.models.Component.description]
 |  +-BasicFetch [org.frcpm.models.Component.expectedDelivery]
 |  +-BasicFetch [org.frcpm.models.Component.name]
 |  +-BasicFetch [org.frcpm.models.Component.partNumber]
 |  \-DelayedCollectionFetch [org.frcpm.models.Component.requiredForTasks]

10:24:43.367 [main] DEBUG org.hibernate.orm.sql.ast.tree - SQL AST Tree:
    SelectStatement {
      FromClause {
        StandardTableGroup (c1 : org.frcpm.models.Component) {
          primaryTableReference : components as c1_0
        }
      }
    }

10:24:43.367 [main] DEBUG org.hibernate.persister.entity.AbstractEntityPersister - Static SQL for entity: org.frcpm.models.Component
10:24:43.367 [main] DEBUG org.hibernate.persister.entity.AbstractEntityPersister -  Version select: select id from components where id=?
10:24:43.367 [main] DEBUG org.hibernate.persister.entity.AbstractEntityPersister -  Insert (0): insert into components (actual_delivery,is_delivered,description,expected_delivery,name,part_number,id) values (?,?,?,?,?,?,default)
10:24:43.367 [main] DEBUG org.hibernate.persister.entity.AbstractEntityPersister -  Update (0): update components set actual_delivery=?,is_delivered=?,description=?,expected_delivery=?,name=?,part_number=? where id=?
10:24:43.367 [main] DEBUG org.hibernate.persister.entity.AbstractEntityPersister -  Delete (0): delete from components where id=?
10:24:43.367 [main] DEBUG org.hibernate.orm.sql.ast.create - Created new SQL alias : m1_0
10:24:43.367 [main] DEBUG org.hibernate.orm.sql.ast.create - Registration of TableGroup [StandardTableGroup(org.frcpm.models.Milestone)] with identifierForTableGroup [org.frcpm.models.Milestone] for NavigablePath [org.frcpm.models.Milestone] 
10:24:43.367 [main] DEBUG org.hibernate.orm.sql.ast.create - Registration of TableGroup [org.hibernate.sql.ast.tree.from.LazyTableGroup@1f76d1f9] with identifierForTableGroup [org.frcpm.models.Milestone.project] for NavigablePath [org.frcpm.models.Milestone.project] 
10:24:43.367 [main] DEBUG org.hibernate.orm.results.graph.AST - DomainResult Graph:
 \-EntityResultImpl [org.frcpm.models.Milestone]
 |  +-BasicFetch [org.frcpm.models.Milestone.date]
 |  +-BasicFetch [org.frcpm.models.Milestone.description]
 |  +-BasicFetch [org.frcpm.models.Milestone.name]
 |  \-EntityDelayedFetchImpl [org.frcpm.models.Milestone.project]

10:24:43.367 [main] DEBUG org.hibernate.orm.sql.ast.tree - SQL AST Tree:
    SelectStatement {
      FromClause {
        StandardTableGroup (m1 : org.frcpm.models.Milestone) {
          primaryTableReference : milestones as m1_0
          TableGroupJoins {
            left  join LazyTableGroup (p1 : org.frcpm.models.Milestone.project) {
            }
          }
        }
      }
    }

10:24:43.367 [main] DEBUG org.hibernate.persister.entity.AbstractEntityPersister - Static SQL for entity: org.frcpm.models.Milestone
10:24:43.367 [main] DEBUG org.hibernate.persister.entity.AbstractEntityPersister -  Version select: select id from milestones where id=?
10:24:43.367 [main] DEBUG org.hibernate.persister.entity.AbstractEntityPersister -  Insert (0): insert into milestones (date,description,name,project_id,id) values (?,?,?,?,default)
10:24:43.367 [main] DEBUG org.hibernate.persister.entity.AbstractEntityPersister -  Update (0): update milestones set date=?,description=?,name=?,project_id=? where id=?
10:24:43.367 [main] DEBUG org.hibernate.persister.entity.AbstractEntityPersister -  Delete (0): delete from milestones where id=?
10:24:43.367 [main] DEBUG org.hibernate.orm.sql.ast.create - Created new SQL alias : p1_0
10:24:43.367 [main] DEBUG org.hibernate.orm.sql.ast.create - Registration of TableGroup [StandardTableGroup(org.frcpm.models.Project)] with identifierForTableGroup [org.frcpm.models.Project] for NavigablePath [org.frcpm.models.Project] 
10:24:43.367 [main] DEBUG org.hibernate.orm.results.graph.AST - DomainResult Graph:
 \-EntityResultImpl [org.frcpm.models.Project]
 |  +-BasicFetch [org.frcpm.models.Project.description]
 |  +-BasicFetch [org.frcpm.models.Project.goalEndDate]
 |  +-BasicFetch [org.frcpm.models.Project.hardDeadline]
 |  +-DelayedCollectionFetch [org.frcpm.models.Project.meetings]
 |  +-DelayedCollectionFetch [org.frcpm.models.Project.milestones]
 |  +-BasicFetch [org.frcpm.models.Project.name]
 |  +-BasicFetch [org.frcpm.models.Project.startDate]
 |  \-DelayedCollectionFetch [org.frcpm.models.Project.tasks]

10:24:43.367 [main] DEBUG org.hibernate.orm.sql.ast.tree - SQL AST Tree:
    SelectStatement {
      FromClause {
        StandardTableGroup (p1 : org.frcpm.models.Project) {
          primaryTableReference : projects as p1_0
        }
      }
    }

10:24:43.367 [main] DEBUG org.hibernate.persister.entity.AbstractEntityPersister - Static SQL for entity: org.frcpm.models.Project
10:24:43.367 [main] DEBUG org.hibernate.persister.entity.AbstractEntityPersister -  Version select: select id from projects where id=?
10:24:43.367 [main] DEBUG org.hibernate.persister.entity.AbstractEntityPersister -  Insert (0): insert into projects (description,goal_end_date,hard_deadline,name,start_date,id) values (?,?,?,?,?,default)
10:24:43.367 [main] DEBUG org.hibernate.persister.entity.AbstractEntityPersister -  Update (0): update projects set description=?,goal_end_date=?,hard_deadline=?,name=?,start_date=? where id=?
10:24:43.367 [main] DEBUG org.hibernate.persister.entity.AbstractEntityPersister -  Delete (0): delete from projects where id=?
10:24:43.367 [main] DEBUG org.hibernate.orm.sql.ast.create - Created new SQL alias : s1_0
10:24:43.367 [main] DEBUG org.hibernate.orm.sql.ast.create - Registration of TableGroup [StandardTableGroup(org.frcpm.models.Subteam)] with identifierForTableGroup [org.frcpm.models.Subteam] for NavigablePath [org.frcpm.models.Subteam] 
10:24:43.367 [main] DEBUG org.hibernate.orm.results.graph.AST - DomainResult Graph:
 \-EntityResultImpl [org.frcpm.models.Subteam]
 |  +-BasicFetch [org.frcpm.models.Subteam.colorCode]
 |  +-DelayedCollectionFetch [org.frcpm.models.Subteam.members]
 |  +-BasicFetch [org.frcpm.models.Subteam.name]
 |  +-BasicFetch [org.frcpm.models.Subteam.specialties]
 |  \-DelayedCollectionFetch [org.frcpm.models.Subteam.subsystems]

10:24:43.367 [main] DEBUG org.hibernate.orm.sql.ast.tree - SQL AST Tree:
    SelectStatement {
      FromClause {
        StandardTableGroup (s1 : org.frcpm.models.Subteam) {
          primaryTableReference : subteams as s1_0
        }
      }
    }

10:24:43.367 [main] DEBUG org.hibernate.persister.entity.AbstractEntityPersister - Static SQL for entity: org.frcpm.models.Subteam
10:24:43.367 [main] DEBUG org.hibernate.persister.entity.AbstractEntityPersister -  Version select: select id from subteams where id=?
10:24:43.367 [main] DEBUG org.hibernate.persister.entity.AbstractEntityPersister -  Insert (0): insert into subteams (color_code,name,specialties,id) values (?,?,?,default)
10:24:43.367 [main] DEBUG org.hibernate.persister.entity.AbstractEntityPersister -  Update (0): update subteams set color_code=?,name=?,specialties=? where id=?
10:24:43.367 [main] DEBUG org.hibernate.persister.entity.AbstractEntityPersister -  Delete (0): delete from subteams where id=?
10:24:43.367 [main] DEBUG org.hibernate.orm.sql.ast.create - Created new SQL alias : t1_0
10:24:43.367 [main] DEBUG org.hibernate.orm.sql.ast.create - Registration of TableGroup [StandardTableGroup(org.frcpm.models.Task)] with identifierForTableGroup [org.frcpm.models.Task] for NavigablePath [org.frcpm.models.Task] 
10:24:43.367 [main] DEBUG org.hibernate.orm.sql.ast.create - Registration of TableGroup [org.hibernate.sql.ast.tree.from.LazyTableGroup@4ccd6779] with identifierForTableGroup [org.frcpm.models.Task.project] for NavigablePath [org.frcpm.models.Task.project] 
10:24:43.367 [main] DEBUG org.hibernate.orm.sql.ast.create - Registration of TableGroup [org.hibernate.sql.ast.tree.from.LazyTableGroup@628484ee] with identifierForTableGroup [org.frcpm.models.Task.subsystem] for NavigablePath [org.frcpm.models.Task.subsystem] 
10:24:43.367 [main] DEBUG org.hibernate.orm.results.graph.AST - DomainResult Graph:
 \-EntityResultImpl [org.frcpm.models.Task]
 |  +-BasicFetch [org.frcpm.models.Task.actualDurationSeconds]
 |  +-DelayedCollectionFetch [org.frcpm.models.Task.assignedTo]
 |  +-BasicFetch [org.frcpm.models.Task.completed]
 |  +-BasicFetch [org.frcpm.models.Task.description]
 |  +-BasicFetch [org.frcpm.models.Task.endDate]
 |  +-BasicFetch [org.frcpm.models.Task.estimatedDurationSeconds]
 |  +-DelayedCollectionFetch [org.frcpm.models.Task.postDependencies]
 |  +-DelayedCollectionFetch [org.frcpm.models.Task.preDependencies]
 |  +-BasicFetch [org.frcpm.models.Task.priority]
 |  +-BasicFetch [org.frcpm.models.Task.progress]
 |  +-EntityDelayedFetchImpl [org.frcpm.models.Task.project]
 |  +-DelayedCollectionFetch [org.frcpm.models.Task.requiredComponents]
 |  +-BasicFetch [org.frcpm.models.Task.startDate]
 |  +-EntityDelayedFetchImpl [org.frcpm.models.Task.subsystem]
 |  \-BasicFetch [org.frcpm.models.Task.title]

10:24:43.367 [main] DEBUG org.hibernate.orm.sql.ast.tree - SQL AST Tree:
    SelectStatement {
      FromClause {
        StandardTableGroup (t1 : org.frcpm.models.Task) {
          primaryTableReference : tasks as t1_0
          TableGroupJoins {
            left  join LazyTableGroup (p1 : org.frcpm.models.Task.project) {
            }
            left  join LazyTableGroup (s1 : org.frcpm.models.Task.subsystem) {
            }
          }
        }
      }
    }

10:24:43.367 [main] DEBUG org.hibernate.persister.entity.AbstractEntityPersister - Static SQL for entity: org.frcpm.models.Task
10:24:43.367 [main] DEBUG org.hibernate.persister.entity.AbstractEntityPersister -  Version select: select id from tasks where id=?
10:24:43.367 [main] DEBUG org.hibernate.persister.entity.AbstractEntityPersister -  Insert (0): insert into tasks (actual_duration_seconds,completed,description,end_date,estimated_duration_seconds,priority,progress,project_id,start_date,subsystem_id,title,id) values (?,?,?,?,?,?,?,?,?,?,?,default)
10:24:43.367 [main] DEBUG org.hibernate.persister.entity.AbstractEntityPersister -  Update (0): update tasks set actual_duration_seconds=?,completed=?,description=?,end_date=?,estimated_duration_seconds=?,priority=?,progress=?,project_id=?,start_date=?,subsystem_id=?,title=? where id=?
10:24:43.367 [main] DEBUG org.hibernate.persister.entity.AbstractEntityPersister -  Delete (0): delete from tasks where id=?
10:24:43.367 [main] DEBUG org.hibernate.orm.sql.ast.create - Created new SQL alias : tm1_0
10:24:43.367 [main] DEBUG org.hibernate.orm.sql.ast.create - Registration of TableGroup [StandardTableGroup(org.frcpm.models.TeamMember)] with identifierForTableGroup [org.frcpm.models.TeamMember] for NavigablePath [org.frcpm.models.TeamMember] 
10:24:43.367 [main] DEBUG org.hibernate.orm.sql.ast.create - Registration of TableGroup [org.hibernate.sql.ast.tree.from.LazyTableGroup@43a788d7] with identifierForTableGroup [org.frcpm.models.TeamMember.subteam] for NavigablePath [org.frcpm.models.TeamMember.subteam] 
10:24:43.367 [main] DEBUG org.hibernate.orm.results.graph.AST - DomainResult Graph:
 \-EntityResultImpl [org.frcpm.models.TeamMember]
 |  +-DelayedCollectionFetch [org.frcpm.models.TeamMember.assignedTasks]
 |  +-DelayedCollectionFetch [org.frcpm.models.TeamMember.attendances]
 |  +-BasicFetch [org.frcpm.models.TeamMember.email]
 |  +-BasicFetch [org.frcpm.models.TeamMember.firstName]
 |  +-BasicFetch [org.frcpm.models.TeamMember.lastName]
 |  +-BasicFetch [org.frcpm.models.TeamMember.leader]
 |  +-BasicFetch [org.frcpm.models.TeamMember.phone]
 |  +-BasicFetch [org.frcpm.models.TeamMember.skills]
 |  +-EntityDelayedFetchImpl [org.frcpm.models.TeamMember.subteam]
 |  \-BasicFetch [org.frcpm.models.TeamMember.username]

10:24:43.367 [main] DEBUG org.hibernate.orm.sql.ast.tree - SQL AST Tree:
    SelectStatement {
      FromClause {
        StandardTableGroup (tm1 : org.frcpm.models.TeamMember) {
          primaryTableReference : team_members as tm1_0
          TableGroupJoins {
            left  join LazyTableGroup (s1 : org.frcpm.models.TeamMember.subteam) {
            }
          }
        }
      }
    }

10:24:43.367 [main] DEBUG org.hibernate.persister.entity.AbstractEntityPersister - Static SQL for entity: org.frcpm.models.TeamMember
10:24:43.367 [main] DEBUG org.hibernate.persister.entity.AbstractEntityPersister -  Version select: select id from team_members where id=?
10:24:43.367 [main] DEBUG org.hibernate.persister.entity.AbstractEntityPersister -  Insert (0): insert into team_members (email,first_name,last_name,is_leader,phone,skills,subteam_id,username,id) values (?,?,?,?,?,?,?,?,default)
10:24:43.367 [main] DEBUG org.hibernate.persister.entity.AbstractEntityPersister -  Update (0): update team_members set email=?,first_name=?,last_name=?,is_leader=?,phone=?,skills=?,subteam_id=?,username=? where id=?
10:24:43.367 [main] DEBUG org.hibernate.persister.entity.AbstractEntityPersister -  Delete (0): delete from team_members where id=?
10:24:43.367 [main] DEBUG org.hibernate.orm.sql.ast.create - Created new SQL alias : at1_0
10:24:43.367 [main] DEBUG org.hibernate.orm.sql.ast.create - Registration of TableGroup [CollectionTableGroup(org.frcpm.models.Task.assignedTo)] with identifierForTableGroup [org.frcpm.models.Task.assignedTo] for NavigablePath [org.frcpm.models.Task.assignedTo] 
10:24:43.367 [main] DEBUG org.hibernate.orm.sql.ast.create - Registration of TableGroup [org.hibernate.sql.ast.tree.from.LazyTableGroup@57b89fd9] with identifierForTableGroup [org.frcpm.models.Task.assignedTo.{element}] for NavigablePath [org.frcpm.models.Task.assignedTo.{element}] 
10:24:43.367 [main] DEBUG org.hibernate.orm.sql.ast.create - Created new SQL alias : at1_1
10:24:43.367 [main] DEBUG org.hibernate.orm.sql.ast.create - Registration of TableGroup [org.hibernate.sql.ast.tree.from.LazyTableGroup@5f03a14] with identifierForTableGroup [org.frcpm.models.Task.assignedTo.{element}.subteam] for NavigablePath [org.frcpm.models.Task.assignedTo.{element}.subteam] 
10:24:43.367 [main] DEBUG org.hibernate.orm.results.graph.AST - DomainResult Graph:
 \-CollectionDomainResult [org.frcpm.models.Task.assignedTo]

10:24:43.367 [main] DEBUG org.hibernate.orm.sql.ast.tree - SQL AST Tree:
    SelectStatement {
      FromClause {
        CollectionTableGroup (at1 : org.frcpm.models.Task.assignedTo) {
          primaryTableReference : task_assignments as at1_0
          TableGroupJoins {
             join LazyTableGroup (at1 : org.frcpm.models.Task.assignedTo.{element}) {
              primaryTableReference : team_members as at1_1
              TableGroupJoins {
                left  join LazyTableGroup (s1 : org.frcpm.models.Task.assignedTo.{element}.subteam) {
                }
              }
            }
          }
        }
      }
    }

10:24:43.367 [main] DEBUG org.hibernate.orm.jdbc.mutation - Static SQL for collection: org.frcpm.models.Task.assignedTo
10:24:43.367 [main] DEBUG org.hibernate.orm.jdbc.mutation -  Row insert: insert into task_assignments (task_id,team_member_id) values (?,?)
10:24:43.367 [main] DEBUG org.hibernate.orm.jdbc.mutation -  Row delete: delete from task_assignments where task_id=? and team_member_id=?
10:24:43.367 [main] DEBUG org.hibernate.orm.jdbc.mutation -  One-shot delete: delete from task_assignments where task_id=?
10:24:43.367 [main] DEBUG org.hibernate.orm.sql.ast.create - Created new SQL alias : t1_0
10:24:43.368 [main] DEBUG org.hibernate.orm.sql.ast.create - Registration of TableGroup [org.hibernate.sql.ast.tree.from.OneToManyTableGroup@24344693] with identifierForTableGroup [org.frcpm.models.Subsystem.tasks] for NavigablePath [org.frcpm.models.Subsystem.tasks] 
10:24:43.368 [main] DEBUG org.hibernate.orm.sql.ast.create - Registration of TableGroup [StandardTableGroup(org.frcpm.models.Subsystem.tasks.{element})] with identifierForTableGroup [org.frcpm.models.Subsystem.tasks.{element}] for NavigablePath [org.frcpm.models.Subsystem.tasks.{element}] 
10:24:43.368 [main] DEBUG org.hibernate.orm.sql.ast.create - Registration of TableGroup [org.hibernate.sql.ast.tree.from.LazyTableGroup@64f25980] with identifierForTableGroup [org.frcpm.models.Subsystem.tasks.{element}.project] for NavigablePath [org.frcpm.models.Subsystem.tasks.{element}.project] 
10:24:43.368 [main] DEBUG org.hibernate.orm.sql.ast.create - Registration of TableGroup [org.hibernate.sql.ast.tree.from.LazyTableGroup@823df45] with identifierForTableGroup [org.frcpm.models.Subsystem.tasks.{element}.subsystem] for NavigablePath [org.frcpm.models.Subsystem.tasks.{element}.subsystem] 
10:24:43.368 [main] DEBUG org.hibernate.orm.results.graph.AST - DomainResult Graph:
 \-CollectionDomainResult [org.frcpm.models.Subsystem.tasks]

10:24:43.368 [main] DEBUG org.hibernate.orm.sql.ast.tree - SQL AST Tree:
    SelectStatement {
      FromClause {
        OneToManyTableGroup (t1 : org.frcpm.models.Subsystem.tasks) {
          primaryTableReference : tasks as t1_0
          TableGroupJoins {
            left  join LazyTableGroup (p1 : org.frcpm.models.Subsystem.tasks.{element}.project) {
            }
            left  join LazyTableGroup (s1 : org.frcpm.models.Subsystem.tasks.{element}.subsystem) {
            }
          }
        }
      }
    }

10:24:43.368 [main] DEBUG org.hibernate.orm.jdbc.mutation - Static SQL for collection: org.frcpm.models.Subsystem.tasks
10:24:43.368 [main] DEBUG org.hibernate.orm.sql.ast.create - Created new SQL alias : m1_0
10:24:43.368 [main] DEBUG org.hibernate.orm.sql.ast.create - Registration of TableGroup [org.hibernate.sql.ast.tree.from.OneToManyTableGroup@78ed7601] with identifierForTableGroup [org.frcpm.models.Subteam.members] for NavigablePath [org.frcpm.models.Subteam.members] 
10:24:43.368 [main] DEBUG org.hibernate.orm.sql.ast.create - Registration of TableGroup [StandardTableGroup(org.frcpm.models.Subteam.members.{element})] with identifierForTableGroup [org.frcpm.models.Subteam.members.{element}] for NavigablePath [org.frcpm.models.Subteam.members.{element}] 
10:24:43.368 [main] DEBUG org.hibernate.orm.sql.ast.create - Registration of TableGroup [org.hibernate.sql.ast.tree.from.LazyTableGroup@37727767] with identifierForTableGroup [org.frcpm.models.Subteam.members.{element}.subteam] for NavigablePath [org.frcpm.models.Subteam.members.{element}.subteam] 
10:24:43.368 [main] DEBUG org.hibernate.orm.results.graph.AST - DomainResult Graph:
 \-CollectionDomainResult [org.frcpm.models.Subteam.members]

10:24:43.368 [main] DEBUG org.hibernate.orm.sql.ast.tree - SQL AST Tree:
    SelectStatement {
      FromClause {
        OneToManyTableGroup (m1 : org.frcpm.models.Subteam.members) {
          primaryTableReference : team_members as m1_0
          TableGroupJoins {
            left  join LazyTableGroup (s1 : org.frcpm.models.Subteam.members.{element}.subteam) {
            }
          }
        }
      }
    }

10:24:43.368 [main] DEBUG org.hibernate.orm.jdbc.mutation - Static SQL for collection: org.frcpm.models.Subteam.members
10:24:43.368 [main] DEBUG org.hibernate.orm.sql.ast.create - Created new SQL alias : a1_0
10:24:43.368 [main] DEBUG org.hibernate.orm.sql.ast.create - Registration of TableGroup [org.hibernate.sql.ast.tree.from.OneToManyTableGroup@73e1e60] with identifierForTableGroup [org.frcpm.models.TeamMember.attendances] for NavigablePath [org.frcpm.models.TeamMember.attendances] 
10:24:43.368 [main] DEBUG org.hibernate.orm.sql.ast.create - Registration of TableGroup [StandardTableGroup(org.frcpm.models.TeamMember.attendances.{element})] with identifierForTableGroup [org.frcpm.models.TeamMember.attendances.{element}] for NavigablePath [org.frcpm.models.TeamMember.attendances.{element}] 
10:24:43.368 [main] DEBUG org.hibernate.orm.sql.ast.create - Registration of TableGroup [org.hibernate.sql.ast.tree.from.LazyTableGroup@14702df8] with identifierForTableGroup [org.frcpm.models.TeamMember.attendances.{element}.meeting] for NavigablePath [org.frcpm.models.TeamMember.attendances.{element}.meeting] 
10:24:43.368 [main] DEBUG org.hibernate.orm.sql.ast.create - Registration of TableGroup [org.hibernate.sql.ast.tree.from.LazyTableGroup@7b92fce1] with identifierForTableGroup [org.frcpm.models.TeamMember.attendances.{element}.member] for NavigablePath [org.frcpm.models.TeamMember.attendances.{element}.member] 
10:24:43.368 [main] DEBUG org.hibernate.orm.results.graph.AST - DomainResult Graph:
 \-CollectionDomainResult [org.frcpm.models.TeamMember.attendances]

10:24:43.368 [main] DEBUG org.hibernate.orm.sql.ast.tree - SQL AST Tree:
    SelectStatement {
      FromClause {
        OneToManyTableGroup (a1 : org.frcpm.models.TeamMember.attendances) {
          primaryTableReference : attendances as a1_0
          TableGroupJoins {
            left  join LazyTableGroup (m1 : org.frcpm.models.TeamMember.attendances.{element}.meeting) {
            }
            left  join LazyTableGroup (m2 : org.frcpm.models.TeamMember.attendances.{element}.member) {
            }
          }
        }
      }
    }

10:24:43.369 [main] DEBUG org.hibernate.orm.jdbc.mutation - Static SQL for collection: org.frcpm.models.TeamMember.attendances
10:24:43.369 [main] DEBUG org.hibernate.orm.sql.ast.create - Created new SQL alias : rc1_0
10:24:43.369 [main] DEBUG org.hibernate.orm.sql.ast.create - Registration of TableGroup [CollectionTableGroup(org.frcpm.models.Task.requiredComponents)] with identifierForTableGroup [org.frcpm.models.Task.requiredComponents] for NavigablePath [org.frcpm.models.Task.requiredComponents] 
10:24:43.369 [main] DEBUG org.hibernate.orm.sql.ast.create - Registration of TableGroup [org.hibernate.sql.ast.tree.from.LazyTableGroup@1922d37d] with identifierForTableGroup [org.frcpm.models.Task.requiredComponents.{element}] for NavigablePath [org.frcpm.models.Task.requiredComponents.{element}] 
10:24:43.369 [main] DEBUG org.hibernate.orm.sql.ast.create - Created new SQL alias : rc1_1
10:24:43.369 [main] DEBUG org.hibernate.orm.results.graph.AST - DomainResult Graph:
 \-CollectionDomainResult [org.frcpm.models.Task.requiredComponents]

10:24:43.369 [main] DEBUG org.hibernate.orm.sql.ast.tree - SQL AST Tree:
    SelectStatement {
      FromClause {
        CollectionTableGroup (rc1 : org.frcpm.models.Task.requiredComponents) {
          primaryTableReference : task_components as rc1_0
          TableGroupJoins {
             join LazyTableGroup (rc1 : org.frcpm.models.Task.requiredComponents.{element}) {
              primaryTableReference : components as rc1_1
            }
          }
        }
      }
    }

10:24:43.369 [main] DEBUG org.hibernate.orm.jdbc.mutation - Static SQL for collection: org.frcpm.models.Task.requiredComponents
10:24:43.369 [main] DEBUG org.hibernate.orm.jdbc.mutation -  Row insert: insert into task_components (task_id,component_id) values (?,?)
10:24:43.369 [main] DEBUG org.hibernate.orm.jdbc.mutation -  Row delete: delete from task_components where task_id=? and component_id=?
10:24:43.369 [main] DEBUG org.hibernate.orm.jdbc.mutation -  One-shot delete: delete from task_components where task_id=?
10:24:43.369 [main] DEBUG org.hibernate.orm.sql.ast.create - Created new SQL alias : s1_0
10:24:43.369 [main] DEBUG org.hibernate.orm.sql.ast.create - Registration of TableGroup [org.hibernate.sql.ast.tree.from.OneToManyTableGroup@3290cb31] with identifierForTableGroup [org.frcpm.models.Subteam.subsystems] for NavigablePath [org.frcpm.models.Subteam.subsystems] 
10:24:43.369 [main] DEBUG org.hibernate.orm.sql.ast.create - Registration of TableGroup [StandardTableGroup(org.frcpm.models.Subteam.subsystems.{element})] with identifierForTableGroup [org.frcpm.models.Subteam.subsystems.{element}] for NavigablePath [org.frcpm.models.Subteam.subsystems.{element}] 
10:24:43.369 [main] DEBUG org.hibernate.orm.sql.ast.create - Registration of TableGroup [org.hibernate.sql.ast.tree.from.LazyTableGroup@716ad741] with identifierForTableGroup [org.frcpm.models.Subteam.subsystems.{element}.responsibleSubteam] for NavigablePath [org.frcpm.models.Subteam.subsystems.{element}.responsibleSubteam] 
10:24:43.369 [main] DEBUG org.hibernate.orm.results.graph.AST - DomainResult Graph:
 \-CollectionDomainResult [org.frcpm.models.Subteam.subsystems]

10:24:43.369 [main] DEBUG org.hibernate.orm.sql.ast.tree - SQL AST Tree:
    SelectStatement {
      FromClause {
        OneToManyTableGroup (s1 : org.frcpm.models.Subteam.subsystems) {
          primaryTableReference : subsystems as s1_0
          TableGroupJoins {
            left  join LazyTableGroup (rs1 : org.frcpm.models.Subteam.subsystems.{element}.responsibleSubteam) {
            }
          }
        }
      }
    }

10:24:43.369 [main] DEBUG org.hibernate.orm.jdbc.mutation - Static SQL for collection: org.frcpm.models.Subteam.subsystems
10:24:43.369 [main] DEBUG org.hibernate.orm.sql.ast.create - Created new SQL alias : pd1_0
10:24:43.369 [main] DEBUG org.hibernate.orm.sql.ast.create - Registration of TableGroup [CollectionTableGroup(org.frcpm.models.Task.preDependencies)] with identifierForTableGroup [org.frcpm.models.Task.preDependencies] for NavigablePath [org.frcpm.models.Task.preDependencies] 
10:24:43.369 [main] DEBUG org.hibernate.orm.sql.ast.create - Registration of TableGroup [org.hibernate.sql.ast.tree.from.LazyTableGroup@1e8794ab] with identifierForTableGroup [org.frcpm.models.Task.preDependencies.{element}] for NavigablePath [org.frcpm.models.Task.preDependencies.{element}] 
10:24:43.369 [main] DEBUG org.hibernate.orm.sql.ast.create - Created new SQL alias : pd1_1
10:24:43.369 [main] DEBUG org.hibernate.orm.sql.ast.create - Registration of TableGroup [org.hibernate.sql.ast.tree.from.LazyTableGroup@2a7a1d09] with identifierForTableGroup [org.frcpm.models.Task.preDependencies.{element}.project] for NavigablePath [org.frcpm.models.Task.preDependencies.{element}.project] 
10:24:43.370 [main] DEBUG org.hibernate.orm.sql.ast.create - Registration of TableGroup [org.hibernate.sql.ast.tree.from.LazyTableGroup@5c439e85] with identifierForTableGroup [org.frcpm.models.Task.preDependencies.{element}.subsystem] for NavigablePath [org.frcpm.models.Task.preDependencies.{element}.subsystem] 
10:24:43.370 [main] DEBUG org.hibernate.orm.results.graph.AST - DomainResult Graph:
 \-CollectionDomainResult [org.frcpm.models.Task.preDependencies]

10:24:43.370 [main] DEBUG org.hibernate.orm.sql.ast.tree - SQL AST Tree:
    SelectStatement {
      FromClause {
        CollectionTableGroup (pd1 : org.frcpm.models.Task.preDependencies) {
          primaryTableReference : task_dependencies as pd1_0
          TableGroupJoins {
             join LazyTableGroup (pd1 : org.frcpm.models.Task.preDependencies.{element}) {
              primaryTableReference : tasks as pd1_1
              TableGroupJoins {
                left  join LazyTableGroup (p1 : org.frcpm.models.Task.preDependencies.{element}.project) {
                }
                left  join LazyTableGroup (s1 : org.frcpm.models.Task.preDependencies.{element}.subsystem) {
                }
              }
            }
          }
        }
      }
    }

10:24:43.370 [main] DEBUG org.hibernate.orm.jdbc.mutation - Static SQL for collection: org.frcpm.models.Task.preDependencies
10:24:43.370 [main] DEBUG org.hibernate.orm.jdbc.mutation -  Row insert: insert into task_dependencies (task_id,dependency_id) values (?,?)
10:24:43.370 [main] DEBUG org.hibernate.orm.jdbc.mutation -  Row delete: delete from task_dependencies where task_id=? and dependency_id=?
10:24:43.370 [main] DEBUG org.hibernate.orm.jdbc.mutation -  One-shot delete: delete from task_dependencies where task_id=?
10:24:43.370 [main] DEBUG org.hibernate.orm.sql.ast.create - Created new SQL alias : m1_0
10:24:43.370 [main] DEBUG org.hibernate.orm.sql.ast.create - Registration of TableGroup [org.hibernate.sql.ast.tree.from.OneToManyTableGroup@12d3b09b] with identifierForTableGroup [org.frcpm.models.Project.milestones] for NavigablePath [org.frcpm.models.Project.milestones] 
10:24:43.370 [main] DEBUG org.hibernate.orm.sql.ast.create - Registration of TableGroup [StandardTableGroup(org.frcpm.models.Project.milestones.{element})] with identifierForTableGroup [org.frcpm.models.Project.milestones.{element}] for NavigablePath [org.frcpm.models.Project.milestones.{element}] 
10:24:43.370 [main] DEBUG org.hibernate.orm.sql.ast.create - Registration of TableGroup [org.hibernate.sql.ast.tree.from.LazyTableGroup@657de123] with identifierForTableGroup [org.frcpm.models.Project.milestones.{element}.project] for NavigablePath [org.frcpm.models.Project.milestones.{element}.project] 
10:24:43.370 [main] DEBUG org.hibernate.orm.results.graph.AST - DomainResult Graph:
 \-CollectionDomainResult [org.frcpm.models.Project.milestones]

10:24:43.370 [main] DEBUG org.hibernate.orm.sql.ast.tree - SQL AST Tree:
    SelectStatement {
      FromClause {
        OneToManyTableGroup (m1 : org.frcpm.models.Project.milestones) {
          primaryTableReference : milestones as m1_0
          TableGroupJoins {
            left  join LazyTableGroup (p1 : org.frcpm.models.Project.milestones.{element}.project) {
            }
          }
        }
      }
    }

10:24:43.370 [main] DEBUG org.hibernate.orm.jdbc.mutation - Static SQL for collection: org.frcpm.models.Project.milestones
10:24:43.370 [main] DEBUG org.hibernate.orm.sql.ast.create - Created new SQL alias : rft1_0
10:24:43.370 [main] DEBUG org.hibernate.orm.sql.ast.create - Registration of TableGroup [CollectionTableGroup(org.frcpm.models.Component.requiredForTasks)] with identifierForTableGroup [org.frcpm.models.Component.requiredForTasks] for NavigablePath [org.frcpm.models.Component.requiredForTasks] 
10:24:43.370 [main] DEBUG org.hibernate.orm.sql.ast.create - Registration of TableGroup [org.hibernate.sql.ast.tree.from.LazyTableGroup@535f0d9b] with identifierForTableGroup [org.frcpm.models.Component.requiredForTasks.{element}] for NavigablePath [org.frcpm.models.Component.requiredForTasks.{element}] 
10:24:43.370 [main] DEBUG org.hibernate.orm.sql.ast.create - Created new SQL alias : rft1_1
10:24:43.370 [main] DEBUG org.hibernate.orm.sql.ast.create - Registration of TableGroup [org.hibernate.sql.ast.tree.from.LazyTableGroup@5c872803] with identifierForTableGroup [org.frcpm.models.Component.requiredForTasks.{element}.project] for NavigablePath [org.frcpm.models.Component.requiredForTasks.{element}.project] 
10:24:43.370 [main] DEBUG org.hibernate.orm.sql.ast.create - Registration of TableGroup [org.hibernate.sql.ast.tree.from.LazyTableGroup@22695728] with identifierForTableGroup [org.frcpm.models.Component.requiredForTasks.{element}.subsystem] for NavigablePath [org.frcpm.models.Component.requiredForTasks.{element}.subsystem] 
10:24:43.370 [main] DEBUG org.hibernate.orm.results.graph.AST - DomainResult Graph:
 \-CollectionDomainResult [org.frcpm.models.Component.requiredForTasks]

10:24:43.371 [main] DEBUG org.hibernate.orm.sql.ast.tree - SQL AST Tree:
    SelectStatement {
      FromClause {
        CollectionTableGroup (rft1 : org.frcpm.models.Component.requiredForTasks) {
          primaryTableReference : task_components as rft1_0
          TableGroupJoins {
             join LazyTableGroup (rft1 : org.frcpm.models.Component.requiredForTasks.{element}) {
              primaryTableReference : tasks as rft1_1
              TableGroupJoins {
                left  join LazyTableGroup (p1 : org.frcpm.models.Component.requiredForTasks.{element}.project) {
                }
                left  join LazyTableGroup (s1 : org.frcpm.models.Component.requiredForTasks.{element}.subsystem) {
                }
              }
            }
          }
        }
      }
    }

10:24:43.371 [main] DEBUG org.hibernate.orm.jdbc.mutation - Static SQL for collection: org.frcpm.models.Component.requiredForTasks
10:24:43.371 [main] DEBUG org.hibernate.orm.sql.ast.create - Created new SQL alias : m1_0
10:24:43.371 [main] DEBUG org.hibernate.orm.sql.ast.create - Registration of TableGroup [org.hibernate.sql.ast.tree.from.OneToManyTableGroup@6cd34336] with identifierForTableGroup [org.frcpm.models.Project.meetings] for NavigablePath [org.frcpm.models.Project.meetings] 
10:24:43.371 [main] DEBUG org.hibernate.orm.sql.ast.create - Registration of TableGroup [StandardTableGroup(org.frcpm.models.Project.meetings.{element})] with identifierForTableGroup [org.frcpm.models.Project.meetings.{element}] for NavigablePath [org.frcpm.models.Project.meetings.{element}] 
10:24:43.371 [main] DEBUG org.hibernate.orm.sql.ast.create - Registration of TableGroup [org.hibernate.sql.ast.tree.from.LazyTableGroup@77c3b303] with identifierForTableGroup [org.frcpm.models.Project.meetings.{element}.project] for NavigablePath [org.frcpm.models.Project.meetings.{element}.project] 
10:24:43.371 [main] DEBUG org.hibernate.orm.results.graph.AST - DomainResult Graph:
 \-CollectionDomainResult [org.frcpm.models.Project.meetings]

10:24:43.371 [main] DEBUG org.hibernate.orm.sql.ast.tree - SQL AST Tree:
    SelectStatement {
      FromClause {
        OneToManyTableGroup (m1 : org.frcpm.models.Project.meetings) {
          primaryTableReference : meetings as m1_0
          TableGroupJoins {
            left  join LazyTableGroup (p1 : org.frcpm.models.Project.meetings.{element}.project) {
            }
          }
        }
      }
    }

10:24:43.371 [main] DEBUG org.hibernate.orm.jdbc.mutation - Static SQL for collection: org.frcpm.models.Project.meetings
10:24:43.371 [main] DEBUG org.hibernate.orm.sql.ast.create - Created new SQL alias : at1_0
10:24:43.371 [main] DEBUG org.hibernate.orm.sql.ast.create - Registration of TableGroup [CollectionTableGroup(org.frcpm.models.TeamMember.assignedTasks)] with identifierForTableGroup [org.frcpm.models.TeamMember.assignedTasks] for NavigablePath [org.frcpm.models.TeamMember.assignedTasks] 
10:24:43.371 [main] DEBUG org.hibernate.orm.sql.ast.create - Registration of TableGroup [org.hibernate.sql.ast.tree.from.LazyTableGroup@1ba7cced] with identifierForTableGroup [org.frcpm.models.TeamMember.assignedTasks.{element}] for NavigablePath [org.frcpm.models.TeamMember.assignedTasks.{element}] 
10:24:43.371 [main] DEBUG org.hibernate.orm.sql.ast.create - Created new SQL alias : at1_1
10:24:43.371 [main] DEBUG org.hibernate.orm.sql.ast.create - Registration of TableGroup [org.hibernate.sql.ast.tree.from.LazyTableGroup@6d1bf65c] with identifierForTableGroup [org.frcpm.models.TeamMember.assignedTasks.{element}.project] for NavigablePath [org.frcpm.models.TeamMember.assignedTasks.{element}.project] 
10:24:43.371 [main] DEBUG org.hibernate.orm.sql.ast.create - Registration of TableGroup [org.hibernate.sql.ast.tree.from.LazyTableGroup@43c3fc2c] with identifierForTableGroup [org.frcpm.models.TeamMember.assignedTasks.{element}.subsystem] for NavigablePath [org.frcpm.models.TeamMember.assignedTasks.{element}.subsystem] 
10:24:43.371 [main] DEBUG org.hibernate.orm.results.graph.AST - DomainResult Graph:
 \-CollectionDomainResult [org.frcpm.models.TeamMember.assignedTasks]

10:24:43.371 [main] DEBUG org.hibernate.orm.sql.ast.tree - SQL AST Tree:
    SelectStatement {
      FromClause {
        CollectionTableGroup (at1 : org.frcpm.models.TeamMember.assignedTasks) {
          primaryTableReference : task_assignments as at1_0
          TableGroupJoins {
             join LazyTableGroup (at1 : org.frcpm.models.TeamMember.assignedTasks.{element}) {
              primaryTableReference : tasks as at1_1
              TableGroupJoins {
                left  join LazyTableGroup (p1 : org.frcpm.models.TeamMember.assignedTasks.{element}.project) {
                }
                left  join LazyTableGroup (s1 : org.frcpm.models.TeamMember.assignedTasks.{element}.subsystem) {
                }
              }
            }
          }
        }
      }
    }

10:24:43.371 [main] DEBUG org.hibernate.orm.jdbc.mutation - Static SQL for collection: org.frcpm.models.TeamMember.assignedTasks
10:24:43.371 [main] DEBUG org.hibernate.orm.sql.ast.create - Created new SQL alias : a1_0
10:24:43.371 [main] DEBUG org.hibernate.orm.sql.ast.create - Registration of TableGroup [org.hibernate.sql.ast.tree.from.OneToManyTableGroup@543d2393] with identifierForTableGroup [org.frcpm.models.Meeting.attendances] for NavigablePath [org.frcpm.models.Meeting.attendances] 
10:24:43.371 [main] DEBUG org.hibernate.orm.sql.ast.create - Registration of TableGroup [StandardTableGroup(org.frcpm.models.Meeting.attendances.{element})] with identifierForTableGroup [org.frcpm.models.Meeting.attendances.{element}] for NavigablePath [org.frcpm.models.Meeting.attendances.{element}] 
10:24:43.371 [main] DEBUG org.hibernate.orm.sql.ast.create - Registration of TableGroup [org.hibernate.sql.ast.tree.from.LazyTableGroup@31a7af0] with identifierForTableGroup [org.frcpm.models.Meeting.attendances.{element}.meeting] for NavigablePath [org.frcpm.models.Meeting.attendances.{element}.meeting] 
10:24:43.371 [main] DEBUG org.hibernate.orm.sql.ast.create - Registration of TableGroup [org.hibernate.sql.ast.tree.from.LazyTableGroup@d9011aa] with identifierForTableGroup [org.frcpm.models.Meeting.attendances.{element}.member] for NavigablePath [org.frcpm.models.Meeting.attendances.{element}.member] 
10:24:43.371 [main] DEBUG org.hibernate.orm.results.graph.AST - DomainResult Graph:
 \-CollectionDomainResult [org.frcpm.models.Meeting.attendances]

10:24:43.371 [main] DEBUG org.hibernate.orm.sql.ast.tree - SQL AST Tree:
    SelectStatement {
      FromClause {
        OneToManyTableGroup (a1 : org.frcpm.models.Meeting.attendances) {
          primaryTableReference : attendances as a1_0
          TableGroupJoins {
            left  join LazyTableGroup (m1 : org.frcpm.models.Meeting.attendances.{element}.meeting) {
            }
            left  join LazyTableGroup (m2 : org.frcpm.models.Meeting.attendances.{element}.member) {
            }
          }
        }
      }
    }

10:24:43.371 [main] DEBUG org.hibernate.orm.jdbc.mutation - Static SQL for collection: org.frcpm.models.Meeting.attendances
10:24:43.371 [main] DEBUG org.hibernate.orm.sql.ast.create - Created new SQL alias : pd1_0
10:24:43.371 [main] DEBUG org.hibernate.orm.sql.ast.create - Registration of TableGroup [CollectionTableGroup(org.frcpm.models.Task.postDependencies)] with identifierForTableGroup [org.frcpm.models.Task.postDependencies] for NavigablePath [org.frcpm.models.Task.postDependencies] 
10:24:43.371 [main] DEBUG org.hibernate.orm.sql.ast.create - Registration of TableGroup [org.hibernate.sql.ast.tree.from.LazyTableGroup@6091bb2b] with identifierForTableGroup [org.frcpm.models.Task.postDependencies.{element}] for NavigablePath [org.frcpm.models.Task.postDependencies.{element}] 
10:24:43.371 [main] DEBUG org.hibernate.orm.sql.ast.create - Created new SQL alias : pd1_1
10:24:43.371 [main] DEBUG org.hibernate.orm.sql.ast.create - Registration of TableGroup [org.hibernate.sql.ast.tree.from.LazyTableGroup@19ad3ec6] with identifierForTableGroup [org.frcpm.models.Task.postDependencies.{element}.project] for NavigablePath [org.frcpm.models.Task.postDependencies.{element}.project] 
10:24:43.371 [main] DEBUG org.hibernate.orm.sql.ast.create - Registration of TableGroup [org.hibernate.sql.ast.tree.from.LazyTableGroup@40b4a4a5] with identifierForTableGroup [org.frcpm.models.Task.postDependencies.{element}.subsystem] for NavigablePath [org.frcpm.models.Task.postDependencies.{element}.subsystem] 
10:24:43.371 [main] DEBUG org.hibernate.orm.results.graph.AST - DomainResult Graph:
 \-CollectionDomainResult [org.frcpm.models.Task.postDependencies]

10:24:43.371 [main] DEBUG org.hibernate.orm.sql.ast.tree - SQL AST Tree:
    SelectStatement {
      FromClause {
        CollectionTableGroup (pd1 : org.frcpm.models.Task.postDependencies) {
          primaryTableReference : task_dependencies as pd1_0
          TableGroupJoins {
             join LazyTableGroup (pd1 : org.frcpm.models.Task.postDependencies.{element}) {
              primaryTableReference : tasks as pd1_1
              TableGroupJoins {
                left  join LazyTableGroup (p1 : org.frcpm.models.Task.postDependencies.{element}.project) {
                }
                left  join LazyTableGroup (s1 : org.frcpm.models.Task.postDependencies.{element}.subsystem) {
                }
              }
            }
          }
        }
      }
    }

10:24:43.371 [main] DEBUG org.hibernate.orm.jdbc.mutation - Static SQL for collection: org.frcpm.models.Task.postDependencies
10:24:43.371 [main] DEBUG org.hibernate.orm.sql.ast.create - Created new SQL alias : t1_0
10:24:43.371 [main] DEBUG org.hibernate.orm.sql.ast.create - Registration of TableGroup [org.hibernate.sql.ast.tree.from.OneToManyTableGroup@5d3a5701] with identifierForTableGroup [org.frcpm.models.Project.tasks] for NavigablePath [org.frcpm.models.Project.tasks] 
10:24:43.371 [main] DEBUG org.hibernate.orm.sql.ast.create - Registration of TableGroup [StandardTableGroup(org.frcpm.models.Project.tasks.{element})] with identifierForTableGroup [org.frcpm.models.Project.tasks.{element}] for NavigablePath [org.frcpm.models.Project.tasks.{element}] 
10:24:43.371 [main] DEBUG org.hibernate.orm.sql.ast.create - Registration of TableGroup [org.hibernate.sql.ast.tree.from.LazyTableGroup@2270480f] with identifierForTableGroup [org.frcpm.models.Project.tasks.{element}.project] for NavigablePath [org.frcpm.models.Project.tasks.{element}.project] 
10:24:43.371 [main] DEBUG org.hibernate.orm.sql.ast.create - Registration of TableGroup [org.hibernate.sql.ast.tree.from.LazyTableGroup@620b3c2c] with identifierForTableGroup [org.frcpm.models.Project.tasks.{element}.subsystem] for NavigablePath [org.frcpm.models.Project.tasks.{element}.subsystem] 
10:24:43.371 [main] DEBUG org.hibernate.orm.results.graph.AST - DomainResult Graph:
 \-CollectionDomainResult [org.frcpm.models.Project.tasks]

10:24:43.371 [main] DEBUG org.hibernate.orm.sql.ast.tree - SQL AST Tree:
    SelectStatement {
      FromClause {
        OneToManyTableGroup (t1 : org.frcpm.models.Project.tasks) {
          primaryTableReference : tasks as t1_0
          TableGroupJoins {
            left  join LazyTableGroup (p1 : org.frcpm.models.Project.tasks.{element}.project) {
            }
            left  join LazyTableGroup (s1 : org.frcpm.models.Project.tasks.{element}.subsystem) {
            }
          }
        }
      }
    }

10:24:43.371 [main] DEBUG org.hibernate.orm.jdbc.mutation - Static SQL for collection: org.frcpm.models.Project.tasks
10:24:43.374 [main] DEBUG org.hibernate.type.spi.TypeConfiguration$Scope - Scoping TypeConfiguration [org.hibernate.type.spi.TypeConfiguration@39e1cabd] to SessionFactoryImplementor [org.hibernate.internal.SessionFactoryImpl@d6b0c25]
10:24:43.374 [main] DEBUG org.hibernate.query.named.NamedObjectRepository - Checking 0 named HQL queries
10:24:43.374 [main] DEBUG org.hibernate.query.named.NamedObjectRepository - Checking 0 named SQL queries
10:24:43.375 [main] DEBUG org.hibernate.mapping.Table - No alter strings for table : attendances
10:24:43.375 [main] DEBUG org.hibernate.SQL - alter table if exists components alter column description set data type TEXT
10:24:43.375 [main] DEBUG org.hibernate.SQL - alter table if exists meetings alter column notes set data type TEXT
10:24:43.375 [main] DEBUG org.hibernate.SQL - alter table if exists milestones alter column description set data type TEXT
10:24:43.375 [main] DEBUG org.hibernate.SQL - alter table if exists projects alter column description set data type TEXT
10:24:43.376 [main] DEBUG org.hibernate.SQL - alter table if exists subsystems alter column description set data type TEXT
10:24:43.376 [main] DEBUG org.hibernate.SQL - alter table if exists subteams alter column specialties set data type TEXT
10:24:43.376 [main] DEBUG org.hibernate.mapping.Table - No alter strings for table : task_assignments
10:24:43.376 [main] DEBUG org.hibernate.mapping.Table - No alter strings for table : task_components
10:24:43.376 [main] DEBUG org.hibernate.mapping.Table - No alter strings for table : task_dependencies
10:24:43.376 [main] DEBUG org.hibernate.SQL - alter table if exists tasks alter column description set data type TEXT
10:24:43.376 [main] DEBUG org.hibernate.SQL - alter table if exists team_members alter column skills set data type TEXT
10:24:43.376 [main] DEBUG org.hibernate.SQL - alter table if exists attendances drop constraint if exists UKa8ydr6vrgbux3a27v7enb0y3x
10:24:43.376 [main] DEBUG org.hibernate.SQL - alter table if exists attendances add constraint UKa8ydr6vrgbux3a27v7enb0y3x unique (meeting_id, member_id)
10:24:43.377 [main] DEBUG org.hibernate.internal.SessionFactoryRegistry - Registering SessionFactory: e41b83a4-0172-4080-ab22-e18f0622e1d3 (<unnamed>)
10:24:43.377 [main] DEBUG org.hibernate.internal.SessionFactoryRegistry - Not binding SessionFactory to JNDI, no JNDI name configured
10:24:43.377 [main] DEBUG org.hibernate.internal.SessionFactoryImpl - Instantiated SessionFactory
10:24:43.377 [main] DEBUG org.hibernate.stat.internal.StatisticsInitiator - Statistics initialized [enabled=false]
10:24:43.377 [main] DEBUG org.hibernate.engine.transaction.internal.TransactionImpl - On TransactionImpl creation, JpaCompliance#isJpaTransactionComplianceEnabled == false
10:24:43.377 [main] DEBUG org.hibernate.engine.transaction.internal.TransactionImpl - begin
10:24:43.377 [main] DEBUG org.hibernate.engine.spi.ActionQueue - Executing identity-insert immediately
10:24:43.377 [main] DEBUG org.hibernate.SQL - insert into subteams (color_code,name,specialties,id) values (?,?,?,default)
10:24:43.378 [main] DEBUG org.hibernate.orm.results - Initializer list is empty
10:24:43.378 [main] DEBUG org.hibernate.orm.results.loading - Calling top-level assembler (0 / 1) : org.hibernate.sql.results.graph.basic.BasicResultAssembler@4726fa7
10:24:43.378 [main] DEBUG org.hibernate.orm.results - Extracted JDBC value [0] - [113]
10:24:43.378 [main] DEBUG org.hibernate.id.IdentifierGeneratorHelper - Extracted generated values [org.frcpm.models.Subteam]: [Ljava.lang.Object;@4cdf378c
10:24:43.378 [main] DEBUG org.hibernate.event.internal.AbstractFlushingEventListener - Processing flush-time cascades
10:24:43.378 [main] DEBUG org.hibernate.event.internal.AbstractFlushingEventListener - Dirty checking collections
10:24:43.378 [main] DEBUG org.hibernate.engine.internal.Collections - Collection found: [org.frcpm.models.Subteam.members#113], was: [<unreferenced>] (initialized)
10:24:43.378 [main] DEBUG org.hibernate.engine.internal.Collections - Collection found: [org.frcpm.models.Subteam.subsystems#113], was: [<unreferenced>] (initialized)
10:24:43.378 [main] DEBUG org.hibernate.event.internal.AbstractFlushingEventListener - Flushed: 0 insertions, 0 updates, 0 deletions to 1 objects
10:24:43.378 [main] DEBUG org.hibernate.event.internal.AbstractFlushingEventListener - Flushed: 2 (re)creations, 0 updates, 0 removals to 2 collections
10:24:43.378 [main] DEBUG org.hibernate.internal.util.EntityPrinter - Listing entities:
10:24:43.378 [main] DEBUG org.hibernate.internal.util.EntityPrinter - org.frcpm.models.Subteam{specialties=Java, Programming, Controls, members=[], name=Test Subteam 1, colorCode=#FF0000, id=113, subsystems=[]}
10:24:43.378 [main] DEBUG org.hibernate.engine.transaction.internal.TransactionImpl - committing
10:24:43.378 [main] DEBUG org.hibernate.event.internal.AbstractFlushingEventListener - Processing flush-time cascades
10:24:43.378 [main] DEBUG org.hibernate.event.internal.AbstractFlushingEventListener - Dirty checking collections
10:24:43.378 [main] DEBUG org.hibernate.engine.internal.Collections - Collection found: [org.frcpm.models.Subteam.members#113], was: [org.frcpm.models.Subteam.members#113] (initialized)
10:24:43.378 [main] DEBUG org.hibernate.engine.internal.Collections - Collection found: [org.frcpm.models.Subteam.subsystems#113], was: [org.frcpm.models.Subteam.subsystems#113] (initialized)
10:24:43.378 [main] DEBUG org.hibernate.event.internal.AbstractFlushingEventListener - Flushed: 0 insertions, 0 updates, 0 deletions to 1 objects
10:24:43.378 [main] DEBUG org.hibernate.event.internal.AbstractFlushingEventListener - Flushed: 0 (re)creations, 0 updates, 0 removals to 2 collections
10:24:43.378 [main] DEBUG org.hibernate.internal.util.EntityPrinter - Listing entities:
10:24:43.379 [main] DEBUG org.hibernate.internal.util.EntityPrinter - org.frcpm.models.Subteam{specialties=Java, Programming, Controls, members=[], name=Test Subteam 1, colorCode=#FF0000, id=113, subsystems=[]}
10:24:43.379 [main] DEBUG org.hibernate.resource.jdbc.internal.LogicalConnectionManagedImpl - Initiating JDBC connection release from afterTransaction
10:24:43.379 [main] DEBUG org.hibernate.resource.jdbc.internal.LogicalConnectionManagedImpl - Initiating JDBC connection release from afterTransaction
10:24:43.379 [main] DEBUG org.hibernate.engine.transaction.internal.TransactionImpl - On TransactionImpl creation, JpaCompliance#isJpaTransactionComplianceEnabled == false
10:24:43.379 [main] DEBUG org.hibernate.engine.transaction.internal.TransactionImpl - begin
10:24:43.379 [main] DEBUG org.hibernate.engine.spi.ActionQueue - Executing identity-insert immediately
10:24:43.379 [main] DEBUG org.hibernate.SQL - insert into subteams (color_code,name,specialties,id) values (?,?,?,default)
10:24:43.379 [main] DEBUG org.hibernate.orm.results - Initializer list is empty
10:24:43.379 [main] DEBUG org.hibernate.orm.results.loading - Calling top-level assembler (0 / 1) : org.hibernate.sql.results.graph.basic.BasicResultAssembler@759fd1fb
10:24:43.379 [main] DEBUG org.hibernate.orm.results - Extracted JDBC value [0] - [114]
10:24:43.379 [main] DEBUG org.hibernate.id.IdentifierGeneratorHelper - Extracted generated values [org.frcpm.models.Subteam]: [Ljava.lang.Object;@6f2f8f4f
10:24:43.379 [main] DEBUG org.hibernate.event.internal.AbstractFlushingEventListener - Processing flush-time cascades
10:24:43.379 [main] DEBUG org.hibernate.event.internal.AbstractFlushingEventListener - Dirty checking collections
10:24:43.379 [main] DEBUG org.hibernate.engine.internal.Collections - Collection found: [org.frcpm.models.Subteam.members#114], was: [<unreferenced>] (initialized)
10:24:43.379 [main] DEBUG org.hibernate.engine.internal.Collections - Collection found: [org.frcpm.models.Subteam.subsystems#114], was: [<unreferenced>] (initialized)
10:24:43.379 [main] DEBUG org.hibernate.event.internal.AbstractFlushingEventListener - Flushed: 0 insertions, 0 updates, 0 deletions to 1 objects
10:24:43.379 [main] DEBUG org.hibernate.event.internal.AbstractFlushingEventListener - Flushed: 2 (re)creations, 0 updates, 0 removals to 2 collections
10:24:43.379 [main] DEBUG org.hibernate.internal.util.EntityPrinter - Listing entities:
10:24:43.379 [main] DEBUG org.hibernate.internal.util.EntityPrinter - org.frcpm.models.Subteam{specialties=CAD, Design, Fabrication, members=[], name=Test Subteam 2, colorCode=#00FF00, id=114, subsystems=[]}
10:24:43.379 [main] DEBUG org.hibernate.engine.transaction.internal.TransactionImpl - committing
10:24:43.379 [main] DEBUG org.hibernate.event.internal.AbstractFlushingEventListener - Processing flush-time cascades
10:24:43.379 [main] DEBUG org.hibernate.event.internal.AbstractFlushingEventListener - Dirty checking collections
10:24:43.379 [main] DEBUG org.hibernate.engine.internal.Collections - Collection found: [org.frcpm.models.Subteam.members#114], was: [org.frcpm.models.Subteam.members#114] (initialized)
10:24:43.379 [main] DEBUG org.hibernate.engine.internal.Collections - Collection found: [org.frcpm.models.Subteam.subsystems#114], was: [org.frcpm.models.Subteam.subsystems#114] (initialized)
10:24:43.379 [main] DEBUG org.hibernate.event.internal.AbstractFlushingEventListener - Flushed: 0 insertions, 0 updates, 0 deletions to 1 objects
10:24:43.379 [main] DEBUG org.hibernate.event.internal.AbstractFlushingEventListener - Flushed: 0 (re)creations, 0 updates, 0 removals to 2 collections
10:24:43.379 [main] DEBUG org.hibernate.internal.util.EntityPrinter - Listing entities:
10:24:43.379 [main] DEBUG org.hibernate.internal.util.EntityPrinter - org.frcpm.models.Subteam{specialties=CAD, Design, Fabrication, members=[], name=Test Subteam 2, colorCode=#00FF00, id=114, subsystems=[]}
10:24:43.379 [main] DEBUG org.hibernate.resource.jdbc.internal.LogicalConnectionManagedImpl - Initiating JDBC connection release from afterTransaction
10:24:43.379 [main] DEBUG org.hibernate.resource.jdbc.internal.LogicalConnectionManagedImpl - Initiating JDBC connection release from afterTransaction
10:24:43.380 [main] DEBUG org.hibernate.orm.sql.ast.create - Created new SQL alias : s1_0
10:24:43.380 [main] DEBUG org.hibernate.orm.sql.ast.create - Registration of TableGroup [StandardTableGroup(org.frcpm.models.Subteam(959699667269700))] with identifierForTableGroup [org.frcpm.models.Subteam] for NavigablePath [org.frcpm.models.Subteam] 
10:24:43.380 [main] DEBUG org.hibernate.orm.results.graph.AST - DomainResult Graph:
 \-BasicResult

10:24:43.380 [main] DEBUG org.hibernate.orm.sql.ast.tree - SQL AST Tree:
    SelectStatement {
      FromClause {
        StandardTableGroup (s1 : org.frcpm.models.Subteam(959699667269700)) {
          primaryTableReference : subteams as s1_0
        }
      }
    }

10:24:43.380 [main] DEBUG org.hibernate.orm.sql.exec - Skipping reading Query result cache data: cache-enabled = false, cache-mode = NORMAL
10:24:43.380 [main] DEBUG org.hibernate.orm.results - Initializer list is empty
10:24:43.380 [main] DEBUG org.hibernate.SQL - select count(s1_0.id) from subteams s1_0
10:24:43.380 [main] DEBUG org.hibernate.orm.results.loading - Calling top-level assembler (0 / 1) : org.hibernate.sql.results.graph.basic.BasicResultAssembler@7315db10
10:24:43.380 [main] DEBUG org.hibernate.orm.results - Extracted JDBC value [0] - [13]
10:24:43.380 [main] DEBUG org.hibernate.resource.jdbc.internal.LogicalConnectionManagedImpl - Initiating JDBC connection release from afterTransaction
10:24:43.380 [main] DEBUG org.hibernate.resource.jdbc.internal.LogicalConnectionManagedImpl - Initiating JDBC connection release from afterTransaction
10:24:43.380 [main] DEBUG org.hibernate.engine.transaction.internal.TransactionImpl - On TransactionImpl creation, JpaCompliance#isJpaTransactionComplianceEnabled == false
10:24:43.380 [main] DEBUG org.hibernate.engine.transaction.internal.TransactionImpl - begin
10:24:43.381 [main] DEBUG org.hibernate.engine.spi.ActionQueue - Executing identity-insert immediately
10:24:43.381 [main] DEBUG org.hibernate.SQL - insert into subteams (color_code,name,specialties,id) values (?,?,?,default)
10:24:43.381 [main] DEBUG org.hibernate.orm.results - Initializer list is empty
10:24:43.381 [main] DEBUG org.hibernate.orm.results.loading - Calling top-level assembler (0 / 1) : org.hibernate.sql.results.graph.basic.BasicResultAssembler@53873eb9
10:24:43.381 [main] DEBUG org.hibernate.orm.results - Extracted JDBC value [0] - [115]
10:24:43.381 [main] DEBUG org.hibernate.id.IdentifierGeneratorHelper - Extracted generated values [org.frcpm.models.Subteam]: [Ljava.lang.Object;@1c1a4a2e
10:24:43.381 [main] DEBUG org.hibernate.event.internal.AbstractFlushingEventListener - Processing flush-time cascades
10:24:43.381 [main] DEBUG org.hibernate.event.internal.AbstractFlushingEventListener - Dirty checking collections
10:24:43.381 [main] DEBUG org.hibernate.engine.internal.Collections - Collection found: [org.frcpm.models.Subteam.members#115], was: [<unreferenced>] (initialized)
10:24:43.381 [main] DEBUG org.hibernate.engine.internal.Collections - Collection found: [org.frcpm.models.Subteam.subsystems#115], was: [<unreferenced>] (initialized)
10:24:43.381 [main] DEBUG org.hibernate.event.internal.AbstractFlushingEventListener - Flushed: 0 insertions, 0 updates, 0 deletions to 1 objects
10:24:43.381 [main] DEBUG org.hibernate.event.internal.AbstractFlushingEventListener - Flushed: 2 (re)creations, 0 updates, 0 removals to 2 collections
10:24:43.381 [main] DEBUG org.hibernate.internal.util.EntityPrinter - Listing entities:
10:24:43.381 [main] DEBUG org.hibernate.internal.util.EntityPrinter - org.frcpm.models.Subteam{specialties=null, members=[], name=Test Count Subteam, colorCode=#0000FF, id=115, subsystems=[]}
10:24:43.381 [main] DEBUG org.hibernate.engine.transaction.internal.TransactionImpl - committing
10:24:43.381 [main] DEBUG org.hibernate.event.internal.AbstractFlushingEventListener - Processing flush-time cascades
10:24:43.381 [main] DEBUG org.hibernate.event.internal.AbstractFlushingEventListener - Dirty checking collections
10:24:43.381 [main] DEBUG org.hibernate.engine.internal.Collections - Collection found: [org.frcpm.models.Subteam.members#115], was: [org.frcpm.models.Subteam.members#115] (initialized)
10:24:43.381 [main] DEBUG org.hibernate.engine.internal.Collections - Collection found: [org.frcpm.models.Subteam.subsystems#115], was: [org.frcpm.models.Subteam.subsystems#115] (initialized)
10:24:43.381 [main] DEBUG org.hibernate.event.internal.AbstractFlushingEventListener - Flushed: 0 insertions, 0 updates, 0 deletions to 1 objects
10:24:43.381 [main] DEBUG org.hibernate.event.internal.AbstractFlushingEventListener - Flushed: 0 (re)creations, 0 updates, 0 removals to 2 collections
10:24:43.381 [main] DEBUG org.hibernate.internal.util.EntityPrinter - Listing entities:
10:24:43.381 [main] DEBUG org.hibernate.internal.util.EntityPrinter - org.frcpm.models.Subteam{specialties=null, members=[], name=Test Count Subteam, colorCode=#0000FF, id=115, subsystems=[]}
10:24:43.381 [main] DEBUG org.hibernate.resource.jdbc.internal.LogicalConnectionManagedImpl - Initiating JDBC connection release from afterTransaction
10:24:43.382 [main] DEBUG org.hibernate.resource.jdbc.internal.LogicalConnectionManagedImpl - Initiating JDBC connection release from afterTransaction
10:24:43.382 [main] DEBUG org.hibernate.orm.sql.ast.create - Created new SQL alias : s1_0
10:24:43.382 [main] DEBUG org.hibernate.orm.sql.ast.create - Registration of TableGroup [StandardTableGroup(org.frcpm.models.Subteam(959699669590800))] with identifierForTableGroup [org.frcpm.models.Subteam] for NavigablePath [org.frcpm.models.Subteam] 
10:24:43.382 [main] DEBUG org.hibernate.orm.results.graph.AST - DomainResult Graph:
 \-BasicResult

10:24:43.382 [main] DEBUG org.hibernate.orm.sql.ast.tree - SQL AST Tree:
    SelectStatement {
      FromClause {
        StandardTableGroup (s1 : org.frcpm.models.Subteam(959699669590800)) {
          primaryTableReference : subteams as s1_0
        }
      }
    }

10:24:43.382 [main] DEBUG org.hibernate.orm.sql.exec - Skipping reading Query result cache data: cache-enabled = false, cache-mode = NORMAL
10:24:43.382 [main] DEBUG org.hibernate.orm.results - Initializer list is empty
10:24:43.382 [main] DEBUG org.hibernate.SQL - select count(s1_0.id) from subteams s1_0
10:24:43.382 [main] DEBUG org.hibernate.orm.results.loading - Calling top-level assembler (0 / 1) : org.hibernate.sql.results.graph.basic.BasicResultAssembler@6dff991
10:24:43.382 [main] DEBUG org.hibernate.orm.results - Extracted JDBC value [0] - [14]
10:24:43.382 [main] DEBUG org.hibernate.resource.jdbc.internal.LogicalConnectionManagedImpl - Initiating JDBC connection release from afterTransaction
10:24:43.382 [main] DEBUG org.hibernate.resource.jdbc.internal.LogicalConnectionManagedImpl - Initiating JDBC connection release from afterTransaction
10:24:43.382 [main] DEBUG org.hibernate.orm.sql.ast.create - Created new SQL alias : s1_0
10:24:43.382 [main] DEBUG org.hibernate.orm.sql.ast.create - Registration of TableGroup [StandardTableGroup(org.frcpm.models.Subteam(959699670386100))] with identifierForTableGroup [org.frcpm.models.Subteam] for NavigablePath [org.frcpm.models.Subteam] 
10:24:43.383 [main] DEBUG org.hibernate.orm.results.graph.AST - DomainResult Graph:
 \-EntityResultImpl [org.frcpm.models.Subteam(959699670386100)]
 |  +-BasicFetch [org.frcpm.models.Subteam(959699670386100).colorCode]
 |  +-DelayedCollectionFetch [org.frcpm.models.Subteam(959699670386100).members]
 |  +-BasicFetch [org.frcpm.models.Subteam(959699670386100).name]
 |  +-BasicFetch [org.frcpm.models.Subteam(959699670386100).specialties]
 |  \-DelayedCollectionFetch [org.frcpm.models.Subteam(959699670386100).subsystems]

10:24:43.383 [main] DEBUG org.hibernate.orm.sql.ast.tree - SQL AST Tree:
    SelectStatement {
      FromClause {
        StandardTableGroup (s1 : org.frcpm.models.Subteam(959699670386100)) {
          primaryTableReference : subteams as s1_0
        }
      }
    }

10:24:43.383 [main] DEBUG org.hibernate.orm.sql.exec - Skipping reading Query result cache data: cache-enabled = false, cache-mode = NORMAL
10:24:43.383 [main] DEBUG org.hibernate.orm.results - Initializer list:
	  org.frcpm.models.Subteam(959699670386100) -> EntityResultInitializer(org.frcpm.models.Subteam(959699670386100))@2122256730 (SingleTableEntityPersister(org.frcpm.models.Subteam))
	  org.frcpm.models.Subteam(959699670386100).subsystems -> DelayedCollectionInitializer(org.frcpm.models.Subteam(959699670386100).subsystems)@1871993884 (PluralAttribute(org.frcpm.models.Subteam.subsystems))
	  org.frcpm.models.Subteam(959699670386100).members -> DelayedCollectionInitializer(org.frcpm.models.Subteam(959699670386100).members)@1761782376 (PluralAttribute(org.frcpm.models.Subteam.members))

10:24:43.383 [main] DEBUG org.hibernate.SQL - select s1_0.id,s1_0.color_code,s1_0.name,s1_0.specialties from subteams s1_0
10:24:43.383 [main] DEBUG org.hibernate.orm.results - Extracted JDBC value [0] - [1]
10:24:43.383 [main] DEBUG org.hibernate.orm.results.loading.entity - (EntityResultInitializer) Hydrated EntityKey (org.frcpm.models.Subteam(959699670386100)): 1
10:24:43.383 [main] DEBUG org.hibernate.orm.results.loading.org.hibernate.orm.results.loading.collection - (DelayedCollectionInitializer) Current row collection key : org.frcpm.models.Subteam(959699670386100).members#1
10:24:43.383 [main] DEBUG org.hibernate.orm.results.loading.org.hibernate.orm.results.loading.collection - (DelayedCollectionInitializer) Current row collection key : org.frcpm.models.Subteam(959699670386100).subsystems#1
10:24:43.383 [main] DEBUG org.hibernate.orm.results.loading.entity - (EntityResultInitializer) Created new entity instance [org.frcpm.models.Subteam(959699670386100)#1] : 1926950051
10:24:43.383 [main] DEBUG org.hibernate.orm.results - Extracted JDBC value [1] - [#FF5733]
10:24:43.383 [main] DEBUG org.hibernate.orm.results - Extracted JDBC value [2] - [Mechanical]
10:24:43.383 [main] DEBUG org.hibernate.orm.results - Extracted JDBC value [3] - [Design, CAD, Fabrication, Assembly]
10:24:43.383 [main] DEBUG org.hibernate.orm.results.loading.entity - (EntityResultInitializer) Done materializing entityInstance : org.frcpm.models.Subteam(959699670386100)#1
10:24:43.383 [main] DEBUG org.hibernate.orm.results.loading - Calling top-level assembler (0 / 1) : org.hibernate.sql.results.graph.entity.internal.EntityAssembler@59a3c420
10:24:43.383 [main] DEBUG org.hibernate.orm.results - Extracted JDBC value [0] - [2]
10:24:43.383 [main] DEBUG org.hibernate.orm.results.loading.entity - (EntityResultInitializer) Hydrated EntityKey (org.frcpm.models.Subteam(959699670386100)): 2
10:24:43.383 [main] DEBUG org.hibernate.orm.results.loading.org.hibernate.orm.results.loading.collection - (DelayedCollectionInitializer) Current row collection key : org.frcpm.models.Subteam(959699670386100).members#2
10:24:43.384 [main] DEBUG org.hibernate.orm.results.loading.org.hibernate.orm.results.loading.collection - (DelayedCollectionInitializer) Current row collection key : org.frcpm.models.Subteam(959699670386100).subsystems#2
10:24:43.384 [main] DEBUG org.hibernate.orm.results.loading.entity - (EntityResultInitializer) Created new entity instance [org.frcpm.models.Subteam(959699670386100)#2] : 2084144195
10:24:43.384 [main] DEBUG org.hibernate.orm.results - Extracted JDBC value [1] - [#33A8FF]
10:24:43.384 [main] DEBUG org.hibernate.orm.results - Extracted JDBC value [2] - [Electrical]
10:24:43.384 [main] DEBUG org.hibernate.orm.results - Extracted JDBC value [3] - [Wiring, Electronics, Sensors, Power Systems]
10:24:43.384 [main] DEBUG org.hibernate.orm.results.loading.entity - (EntityResultInitializer) Done materializing entityInstance : org.frcpm.models.Subteam(959699670386100)#2
10:24:43.384 [main] DEBUG org.hibernate.orm.results.loading - Calling top-level assembler (0 / 1) : org.hibernate.sql.results.graph.entity.internal.EntityAssembler@59a3c420
10:24:43.384 [main] DEBUG org.hibernate.orm.results - Extracted JDBC value [0] - [3]
10:24:43.384 [main] DEBUG org.hibernate.orm.results.loading.entity - (EntityResultInitializer) Hydrated EntityKey (org.frcpm.models.Subteam(959699670386100)): 3
10:24:43.384 [main] DEBUG org.hibernate.orm.results.loading.org.hibernate.orm.results.loading.collection - (DelayedCollectionInitializer) Current row collection key : org.frcpm.models.Subteam(959699670386100).members#3
10:24:43.384 [main] DEBUG org.hibernate.orm.results.loading.org.hibernate.orm.results.loading.collection - (DelayedCollectionInitializer) Current row collection key : org.frcpm.models.Subteam(959699670386100).subsystems#3
10:24:43.384 [main] DEBUG org.hibernate.orm.results.loading.entity - (EntityResultInitializer) Created new entity instance [org.frcpm.models.Subteam(959699670386100)#3] : 1322506046
10:24:43.384 [main] DEBUG org.hibernate.orm.results - Extracted JDBC value [1] - [#33FF57]
10:24:43.384 [main] DEBUG org.hibernate.orm.results - Extracted JDBC value [2] - [Programming]
10:24:43.384 [main] DEBUG org.hibernate.orm.results - Extracted JDBC value [3] - [Java, Vision, Control Systems, Autonomous]
10:24:43.384 [main] DEBUG org.hibernate.orm.results.loading.entity - (EntityResultInitializer) Done materializing entityInstance : org.frcpm.models.Subteam(959699670386100)#3
10:24:43.384 [main] DEBUG org.hibernate.orm.results.loading - Calling top-level assembler (0 / 1) : org.hibernate.sql.results.graph.entity.internal.EntityAssembler@59a3c420
10:24:43.384 [main] DEBUG org.hibernate.orm.results - Extracted JDBC value [0] - [4]
10:24:43.384 [main] DEBUG org.hibernate.orm.results.loading.entity - (EntityResultInitializer) Hydrated EntityKey (org.frcpm.models.Subteam(959699670386100)): 4
10:24:43.384 [main] DEBUG org.hibernate.orm.results.loading.org.hibernate.orm.results.loading.collection - (DelayedCollectionInitializer) Current row collection key : org.frcpm.models.Subteam(959699670386100).members#4
10:24:43.384 [main] DEBUG org.hibernate.orm.results.loading.org.hibernate.orm.results.loading.collection - (DelayedCollectionInitializer) Current row collection key : org.frcpm.models.Subteam(959699670386100).subsystems#4
10:24:43.384 [main] DEBUG org.hibernate.orm.results.loading.entity - (EntityResultInitializer) Created new entity instance [org.frcpm.models.Subteam(959699670386100)#4] : 1722911123
10:24:43.384 [main] DEBUG org.hibernate.orm.results - Extracted JDBC value [1] - [#FF33A8]
10:24:43.384 [main] DEBUG org.hibernate.orm.results - Extracted JDBC value [2] - [Business]
10:24:43.384 [main] DEBUG org.hibernate.orm.results - Extracted JDBC value [3] - [Fundraising, Marketing, Outreach, Awards]
10:24:43.384 [main] DEBUG org.hibernate.orm.results.loading.entity - (EntityResultInitializer) Done materializing entityInstance : org.frcpm.models.Subteam(959699670386100)#4
10:24:43.384 [main] DEBUG org.hibernate.orm.results.loading - Calling top-level assembler (0 / 1) : org.hibernate.sql.results.graph.entity.internal.EntityAssembler@59a3c420
10:24:43.384 [main] DEBUG org.hibernate.orm.results - Extracted JDBC value [0] - [24]
10:24:43.384 [main] DEBUG org.hibernate.orm.results.loading.entity - (EntityResultInitializer) Hydrated EntityKey (org.frcpm.models.Subteam(959699670386100)): 24
10:24:43.384 [main] DEBUG org.hibernate.orm.results.loading.org.hibernate.orm.results.loading.collection - (DelayedCollectionInitializer) Current row collection key : org.frcpm.models.Subteam(959699670386100).members#24
10:24:43.384 [main] DEBUG org.hibernate.orm.results.loading.org.hibernate.orm.results.loading.collection - (DelayedCollectionInitializer) Current row collection key : org.frcpm.models.Subteam(959699670386100).subsystems#24
10:24:43.384 [main] DEBUG org.hibernate.orm.results.loading.entity - (EntityResultInitializer) Created new entity instance [org.frcpm.models.Subteam(959699670386100)#24] : 1001417532
10:24:43.384 [main] DEBUG org.hibernate.orm.results - Extracted JDBC value [1] - [#0000FF]
10:24:43.384 [main] DEBUG org.hibernate.orm.results - Extracted JDBC value [2] - [Test Count Subteam]
10:24:43.384 [main] DEBUG org.hibernate.orm.results - Extracted JDBC value [3] - [null]
10:24:43.384 [main] DEBUG org.hibernate.orm.results.loading.entity - (EntityResultInitializer) Done materializing entityInstance : org.frcpm.models.Subteam(959699670386100)#24
10:24:43.384 [main] DEBUG org.hibernate.orm.results.loading - Calling top-level assembler (0 / 1) : org.hibernate.sql.results.graph.entity.internal.EntityAssembler@59a3c420
10:24:43.384 [main] DEBUG org.hibernate.orm.results - Extracted JDBC value [0] - [27]
10:24:43.384 [main] DEBUG org.hibernate.orm.results.loading.entity - (EntityResultInitializer) Hydrated EntityKey (org.frcpm.models.Subteam(959699670386100)): 27
10:24:43.384 [main] DEBUG org.hibernate.orm.results.loading.org.hibernate.orm.results.loading.collection - (DelayedCollectionInitializer) Current row collection key : org.frcpm.models.Subteam(959699670386100).members#27
10:24:43.384 [main] DEBUG org.hibernate.orm.results.loading.org.hibernate.orm.results.loading.collection - (DelayedCollectionInitializer) Current row collection key : org.frcpm.models.Subteam(959699670386100).subsystems#27
10:24:43.384 [main] DEBUG org.hibernate.orm.results.loading.entity - (EntityResultInitializer) Created new entity instance [org.frcpm.models.Subteam(959699670386100)#27] : 72109385
10:24:43.384 [main] DEBUG org.hibernate.orm.results - Extracted JDBC value [1] - [#0000FF]
10:24:43.384 [main] DEBUG org.hibernate.orm.results - Extracted JDBC value [2] - [Test Save Subteam]
10:24:43.384 [main] DEBUG org.hibernate.orm.results - Extracted JDBC value [3] - [Testing]
10:24:43.384 [main] DEBUG org.hibernate.orm.results.loading.entity - (EntityResultInitializer) Done materializing entityInstance : org.frcpm.models.Subteam(959699670386100)#27
10:24:43.384 [main] DEBUG org.hibernate.orm.results.loading - Calling top-level assembler (0 / 1) : org.hibernate.sql.results.graph.entity.internal.EntityAssembler@59a3c420
10:24:43.384 [main] DEBUG org.hibernate.orm.results - Extracted JDBC value [0] - [42]
10:24:43.384 [main] DEBUG org.hibernate.orm.results.loading.entity - (EntityResultInitializer) Hydrated EntityKey (org.frcpm.models.Subteam(959699670386100)): 42
10:24:43.384 [main] DEBUG org.hibernate.orm.results.loading.org.hibernate.orm.results.loading.collection - (DelayedCollectionInitializer) Current row collection key : org.frcpm.models.Subteam(959699670386100).members#42
10:24:43.384 [main] DEBUG org.hibernate.orm.results.loading.org.hibernate.orm.results.loading.collection - (DelayedCollectionInitializer) Current row collection key : org.frcpm.models.Subteam(959699670386100).subsystems#42
10:24:43.384 [main] DEBUG org.hibernate.orm.results.loading.entity - (EntityResultInitializer) Created new entity instance [org.frcpm.models.Subteam(959699670386100)#42] : 1526805109
10:24:43.384 [main] DEBUG org.hibernate.orm.results - Extracted JDBC value [1] - [#00FFFF]
10:24:43.384 [main] DEBUG org.hibernate.orm.results - Extracted JDBC value [2] - [Updated Subteam Name]
10:24:43.384 [main] DEBUG org.hibernate.orm.results - Extracted JDBC value [3] - [null]
10:24:43.384 [main] DEBUG org.hibernate.orm.results.loading.entity - (EntityResultInitializer) Done materializing entityInstance : org.frcpm.models.Subteam(959699670386100)#42
10:24:43.384 [main] DEBUG org.hibernate.orm.results.loading - Calling top-level assembler (0 / 1) : org.hibernate.sql.results.graph.entity.internal.EntityAssembler@59a3c420
10:24:43.384 [main] DEBUG org.hibernate.orm.results - Extracted JDBC value [0] - [67]
10:24:43.384 [main] DEBUG org.hibernate.orm.results.loading.entity - (EntityResultInitializer) Hydrated EntityKey (org.frcpm.models.Subteam(959699670386100)): 67
10:24:43.384 [main] DEBUG org.hibernate.orm.results.loading.org.hibernate.orm.results.loading.collection - (DelayedCollectionInitializer) Current row collection key : org.frcpm.models.Subteam(959699670386100).members#67
10:24:43.384 [main] DEBUG org.hibernate.orm.results.loading.org.hibernate.orm.results.loading.collection - (DelayedCollectionInitializer) Current row collection key : org.frcpm.models.Subteam(959699670386100).subsystems#67
10:24:43.384 [main] DEBUG org.hibernate.orm.results.loading.entity - (EntityResultInitializer) Created new entity instance [org.frcpm.models.Subteam(959699670386100)#67] : 859260490
10:24:43.384 [main] DEBUG org.hibernate.orm.results - Extracted JDBC value [1] - [#0000FF]
10:24:43.384 [main] DEBUG org.hibernate.orm.results - Extracted JDBC value [2] - [Test Create Service Subteam]
10:24:43.384 [main] DEBUG org.hibernate.orm.results - Extracted JDBC value [3] - [Testing, Quality Assurance]
10:24:43.384 [main] DEBUG org.hibernate.orm.results.loading.entity - (EntityResultInitializer) Done materializing entityInstance : org.frcpm.models.Subteam(959699670386100)#67
10:24:43.384 [main] DEBUG org.hibernate.orm.results.loading - Calling top-level assembler (0 / 1) : org.hibernate.sql.results.graph.entity.internal.EntityAssembler@59a3c420
10:24:43.384 [main] DEBUG org.hibernate.orm.results - Extracted JDBC value [0] - [70]
10:24:43.384 [main] DEBUG org.hibernate.orm.results.loading.entity - (EntityResultInitializer) Hydrated EntityKey (org.frcpm.models.Subteam(959699670386100)): 70
10:24:43.384 [main] DEBUG org.hibernate.orm.results.loading.org.hibernate.orm.results.loading.collection - (DelayedCollectionInitializer) Current row collection key : org.frcpm.models.Subteam(959699670386100).members#70
10:24:43.384 [main] DEBUG org.hibernate.orm.results.loading.org.hibernate.orm.results.loading.collection - (DelayedCollectionInitializer) Current row collection key : org.frcpm.models.Subteam(959699670386100).subsystems#70
10:24:43.384 [main] DEBUG org.hibernate.orm.results.loading.entity - (EntityResultInitializer) Created new entity instance [org.frcpm.models.Subteam(959699670386100)#70] : 733804953
10:24:43.384 [main] DEBUG org.hibernate.orm.results - Extracted JDBC value [1] - [#00FFFF]
10:24:43.384 [main] DEBUG org.hibernate.orm.results - Extracted JDBC value [2] - [Test Color Update Subteam]
10:24:43.384 [main] DEBUG org.hibernate.orm.results - Extracted JDBC value [3] - [Specialties]
10:24:43.384 [main] DEBUG org.hibernate.orm.results.loading.entity - (EntityResultInitializer) Done materializing entityInstance : org.frcpm.models.Subteam(959699670386100)#70
10:24:43.384 [main] DEBUG org.hibernate.orm.results.loading - Calling top-level assembler (0 / 1) : org.hibernate.sql.results.graph.entity.internal.EntityAssembler@59a3c420
10:24:43.384 [main] DEBUG org.hibernate.orm.results - Extracted JDBC value [0] - [79]
10:24:43.384 [main] DEBUG org.hibernate.orm.results.loading.entity - (EntityResultInitializer) Hydrated EntityKey (org.frcpm.models.Subteam(959699670386100)): 79
10:24:43.384 [main] DEBUG org.hibernate.orm.results.loading.org.hibernate.orm.results.loading.collection - (DelayedCollectionInitializer) Current row collection key : org.frcpm.models.Subteam(959699670386100).members#79
10:24:43.384 [main] DEBUG org.hibernate.orm.results.loading.org.hibernate.orm.results.loading.collection - (DelayedCollectionInitializer) Current row collection key : org.frcpm.models.Subteam(959699670386100).subsystems#79
10:24:43.384 [main] DEBUG org.hibernate.orm.results.loading.entity - (EntityResultInitializer) Created new entity instance [org.frcpm.models.Subteam(959699670386100)#79] : 637295263
10:24:43.384 [main] DEBUG org.hibernate.orm.results - Extracted JDBC value [1] - [#0000FF]
10:24:43.384 [main] DEBUG org.hibernate.orm.results - Extracted JDBC value [2] - [Test Update Subteam]
10:24:43.384 [main] DEBUG org.hibernate.orm.results - Extracted JDBC value [3] - [Updated Specialties]
10:24:43.384 [main] DEBUG org.hibernate.orm.results.loading.entity - (EntityResultInitializer) Done materializing entityInstance : org.frcpm.models.Subteam(959699670386100)#79
10:24:43.384 [main] DEBUG org.hibernate.orm.results.loading - Calling top-level assembler (0 / 1) : org.hibernate.sql.results.graph.entity.internal.EntityAssembler@59a3c420
10:24:43.384 [main] DEBUG org.hibernate.orm.results - Extracted JDBC value [0] - [87]
10:24:43.384 [main] DEBUG org.hibernate.orm.results.loading.entity - (EntityResultInitializer) Hydrated EntityKey (org.frcpm.models.Subteam(959699670386100)): 87
10:24:43.384 [main] DEBUG org.hibernate.orm.results.loading.org.hibernate.orm.results.loading.collection - (DelayedCollectionInitializer) Current row collection key : org.frcpm.models.Subteam(959699670386100).members#87
10:24:43.384 [main] DEBUG org.hibernate.orm.results.loading.org.hibernate.orm.results.loading.collection - (DelayedCollectionInitializer) Current row collection key : org.frcpm.models.Subteam(959699670386100).subsystems#87
10:24:43.384 [main] DEBUG org.hibernate.orm.results.loading.entity - (EntityResultInitializer) Created new entity instance [org.frcpm.models.Subteam(959699670386100)#87] : 1695023805
10:24:43.384 [main] DEBUG org.hibernate.orm.results - Extracted JDBC value [1] - [#0000FF]
10:24:43.384 [main] DEBUG org.hibernate.orm.results - Extracted JDBC value [2] - [Duplicate Name Subteam]
10:24:43.384 [main] DEBUG org.hibernate.orm.results - Extracted JDBC value [3] - [Specialties]
10:24:43.384 [main] DEBUG org.hibernate.orm.results.loading.entity - (EntityResultInitializer) Done materializing entityInstance : org.frcpm.models.Subteam(959699670386100)#87
10:24:43.384 [main] DEBUG org.hibernate.orm.results.loading - Calling top-level assembler (0 / 1) : org.hibernate.sql.results.graph.entity.internal.EntityAssembler@59a3c420
10:24:43.384 [main] DEBUG org.hibernate.orm.results - Extracted JDBC value [0] - [113]
10:24:43.384 [main] DEBUG org.hibernate.orm.results.loading.entity - (EntityResultInitializer) Hydrated EntityKey (org.frcpm.models.Subteam(959699670386100)): 113
10:24:43.384 [main] DEBUG org.hibernate.orm.results.loading.org.hibernate.orm.results.loading.collection - (DelayedCollectionInitializer) Current row collection key : org.frcpm.models.Subteam(959699670386100).members#113
10:24:43.384 [main] DEBUG org.hibernate.orm.results.loading.org.hibernate.orm.results.loading.collection - (DelayedCollectionInitializer) Current row collection key : org.frcpm.models.Subteam(959699670386100).subsystems#113
10:24:43.384 [main] DEBUG org.hibernate.orm.results.loading.entity - (EntityResultInitializer) Created new entity instance [org.frcpm.models.Subteam(959699670386100)#113] : 1184111097
10:24:43.384 [main] DEBUG org.hibernate.orm.results - Extracted JDBC value [1] - [#FF0000]
10:24:43.384 [main] DEBUG org.hibernate.orm.results - Extracted JDBC value [2] - [Test Subteam 1]
10:24:43.384 [main] DEBUG org.hibernate.orm.results - Extracted JDBC value [3] - [Java, Programming, Controls]
10:24:43.384 [main] DEBUG org.hibernate.orm.results.loading.entity - (EntityResultInitializer) Done materializing entityInstance : org.frcpm.models.Subteam(959699670386100)#113
10:24:43.384 [main] DEBUG org.hibernate.orm.results.loading - Calling top-level assembler (0 / 1) : org.hibernate.sql.results.graph.entity.internal.EntityAssembler@59a3c420
10:24:43.384 [main] DEBUG org.hibernate.orm.results - Extracted JDBC value [0] - [114]
10:24:43.384 [main] DEBUG org.hibernate.orm.results.loading.entity - (EntityResultInitializer) Hydrated EntityKey (org.frcpm.models.Subteam(959699670386100)): 114
10:24:43.384 [main] DEBUG org.hibernate.orm.results.loading.org.hibernate.orm.results.loading.collection - (DelayedCollectionInitializer) Current row collection key : org.frcpm.models.Subteam(959699670386100).members#114
10:24:43.384 [main] DEBUG org.hibernate.orm.results.loading.org.hibernate.orm.results.loading.collection - (DelayedCollectionInitializer) Current row collection key : org.frcpm.models.Subteam(959699670386100).subsystems#114
10:24:43.384 [main] DEBUG org.hibernate.orm.results.loading.entity - (EntityResultInitializer) Created new entity instance [org.frcpm.models.Subteam(959699670386100)#114] : 620995475
10:24:43.384 [main] DEBUG org.hibernate.orm.results - Extracted JDBC value [1] - [#00FF00]
10:24:43.384 [main] DEBUG org.hibernate.orm.results - Extracted JDBC value [2] - [Test Subteam 2]
10:24:43.384 [main] DEBUG org.hibernate.orm.results - Extracted JDBC value [3] - [CAD, Design, Fabrication]
10:24:43.384 [main] DEBUG org.hibernate.orm.results.loading.entity - (EntityResultInitializer) Done materializing entityInstance : org.frcpm.models.Subteam(959699670386100)#114
10:24:43.384 [main] DEBUG org.hibernate.orm.results.loading - Calling top-level assembler (0 / 1) : org.hibernate.sql.results.graph.entity.internal.EntityAssembler@59a3c420
10:24:43.384 [main] DEBUG org.hibernate.orm.results - Extracted JDBC value [0] - [115]
10:24:43.384 [main] DEBUG org.hibernate.orm.results.loading.entity - (EntityResultInitializer) Hydrated EntityKey (org.frcpm.models.Subteam(959699670386100)): 115
10:24:43.384 [main] DEBUG org.hibernate.orm.results.loading.org.hibernate.orm.results.loading.collection - (DelayedCollectionInitializer) Current row collection key : org.frcpm.models.Subteam(959699670386100).members#115
10:24:43.384 [main] DEBUG org.hibernate.orm.results.loading.org.hibernate.orm.results.loading.collection - (DelayedCollectionInitializer) Current row collection key : org.frcpm.models.Subteam(959699670386100).subsystems#115
10:24:43.384 [main] DEBUG org.hibernate.orm.results.loading.entity - (EntityResultInitializer) Created new entity instance [org.frcpm.models.Subteam(959699670386100)#115] : 453526870
10:24:43.384 [main] DEBUG org.hibernate.orm.results - Extracted JDBC value [1] - [#0000FF]
10:24:43.384 [main] DEBUG org.hibernate.orm.results - Extracted JDBC value [2] - [Test Count Subteam]
10:24:43.384 [main] DEBUG org.hibernate.orm.results - Extracted JDBC value [3] - [null]
10:24:43.384 [main] DEBUG org.hibernate.orm.results.loading.entity - (EntityResultInitializer) Done materializing entityInstance : org.frcpm.models.Subteam(959699670386100)#115
10:24:43.384 [main] DEBUG org.hibernate.orm.results.loading - Calling top-level assembler (0 / 1) : org.hibernate.sql.results.graph.entity.internal.EntityAssembler@59a3c420
10:24:43.384 [main] DEBUG org.hibernate.resource.jdbc.internal.LogicalConnectionManagedImpl - Initiating JDBC connection release from afterTransaction
10:24:43.384 [main] DEBUG org.hibernate.resource.jdbc.internal.LogicalConnectionManagedImpl - Initiating JDBC connection release from afterTransaction
10:24:43.384 [main] DEBUG org.hibernate.engine.transaction.internal.TransactionImpl - On TransactionImpl creation, JpaCompliance#isJpaTransactionComplianceEnabled == false
10:24:43.384 [main] DEBUG org.hibernate.engine.transaction.internal.TransactionImpl - begin
10:24:43.385 [main] DEBUG org.hibernate.orm.sql.ast.create - Created new SQL alias : s1_0
10:24:43.385 [main] DEBUG org.hibernate.orm.sql.ast.create - Registration of TableGroup [StandardTableGroup(org.frcpm.models.Subteam)] with identifierForTableGroup [org.frcpm.models.Subteam] for NavigablePath [org.frcpm.models.Subteam] 
10:24:43.385 [main] DEBUG org.hibernate.orm.sql.ast.create - Created new SQL alias : m1_0
10:24:43.385 [main] DEBUG org.hibernate.orm.sql.ast.create - Registration of TableGroup [org.hibernate.sql.ast.tree.from.OneToManyTableGroup@7b641e27] with identifierForTableGroup [org.frcpm.models.Subteam.members] for NavigablePath [org.frcpm.models.Subteam.members] 
10:24:43.385 [main] DEBUG org.hibernate.orm.sql.ast.create - Registration of TableGroup [StandardTableGroup(org.frcpm.models.Subteam.members.{element})] with identifierForTableGroup [org.frcpm.models.Subteam.members.{element}] for NavigablePath [org.frcpm.models.Subteam.members.{element}] 
10:24:43.385 [main] DEBUG org.hibernate.orm.results.graph.AST - DomainResult Graph:
 \-EntityResultImpl [org.frcpm.models.Subteam]
 |  +-BasicFetch [org.frcpm.models.Subteam.colorCode]
 |  +-EagerCollectionFetch [org.frcpm.models.Subteam.members]
 |  |  \-EntityFetchJoinedImpl [org.frcpm.models.Subteam.members.{element}]
 |  +-BasicFetch [org.frcpm.models.Subteam.name]
 |  +-BasicFetch [org.frcpm.models.Subteam.specialties]
 |  \-DelayedCollectionFetch [org.frcpm.models.Subteam.subsystems]

10:24:43.386 [main] DEBUG org.hibernate.orm.sql.ast.tree - SQL AST Tree:
    SelectStatement {
      FromClause {
        StandardTableGroup (s1 : org.frcpm.models.Subteam) {
          primaryTableReference : subteams as s1_0
          TableGroupJoins {
            left  join OneToManyTableGroup (m1 : org.frcpm.models.Subteam.members) {
              primaryTableReference : team_members as m1_0
            }
          }
        }
      }
    }

10:24:43.386 [main] DEBUG org.hibernate.orm.sql.exec - Skipping reading Query result cache data: cache-enabled = false, cache-mode = IGNORE
10:24:43.386 [main] DEBUG org.hibernate.orm.results - Initializer list:
	  org.frcpm.models.Subteam.members.{element}.assignedTasks -> DelayedCollectionInitializer(org.frcpm.models.Subteam.members.{element}.assignedTasks)@2054972334 (PluralAttribute(org.frcpm.models.TeamMember.assignedTasks))
	  org.frcpm.models.Subteam.members.{element} -> EntityJoinedFetchInitializer(org.frcpm.models.Subteam.members.{element})@836008464 (EntityCollectionPart(org.frcpm.models.Subteam.members#{element})@1788534571)
	  org.frcpm.models.Subteam.members -> BagInitializer(org.frcpm.models.Subteam.members)@913239046 (PluralAttribute(org.frcpm.models.Subteam.members))
	  org.frcpm.models.Subteam.members.{element}.attendances -> SelectEagerCollectionInitializer(org.frcpm.models.Subteam.members.{element}.attendances)@790009974 (PluralAttribute(org.frcpm.models.TeamMember.attendances))
	  org.frcpm.models.Subteam.subsystems -> DelayedCollectionInitializer(org.frcpm.models.Subteam.subsystems)@1023435646 (PluralAttribute(org.frcpm.models.Subteam.subsystems))
	  org.frcpm.models.Subteam -> EntityResultInitializer(org.frcpm.models.Subteam)@31424626 (SingleTableEntityPersister(org.frcpm.models.Subteam))

10:24:43.386 [main] DEBUG org.hibernate.SQL - select s1_0.id,s1_0.color_code,s1_0.name,s1_0.specialties,m1_0.subteam_id,m1_0.id,m1_0.email,m1_0.first_name,m1_0.last_name,m1_0.is_leader,m1_0.phone,m1_0.skills,m1_0.username from subteams s1_0 left join team_members m1_0 on s1_0.id=m1_0.subteam_id where s1_0.id=?
10:24:43.387 [main] DEBUG org.hibernate.orm.results.loading.entity - (EntityResultInitializer) Hydrated EntityKey (org.frcpm.models.Subteam): 113
10:24:43.387 [main] DEBUG org.hibernate.orm.results.loading.org.hibernate.orm.results.loading.collection - (BagInitializer) Current row collection key : org.frcpm.models.Subteam.members#113
10:24:43.387 [main] DEBUG org.hibernate.orm.results - Extracted JDBC value [4] - [null]
10:24:43.387 [main] DEBUG org.hibernate.orm.results - Extracted JDBC value [5] - [null]
10:24:43.387 [main] DEBUG org.hibernate.orm.results.loading.entity - (EntityJoinedFetchInitializer) EntityKey (org.frcpm.models.Subteam.members.{element}) is null
10:24:43.387 [main] DEBUG org.hibernate.orm.results.loading.org.hibernate.orm.results.loading.collection - (DelayedCollectionInitializer) Current row collection key : org.frcpm.models.Subteam.subsystems#113
10:24:43.387 [main] DEBUG org.hibernate.orm.results.loading.entity - (EntityResultInitializer) Created new entity instance [org.frcpm.models.Subteam#113] : 1710957641
10:24:43.387 [main] DEBUG org.hibernate.orm.results.loading.org.hibernate.orm.results.loading.collection - (BagInitializer) Created new collection wrapper [org.frcpm.models.Subteam.members#113] : org.hibernate.collection.spi.PersistentBag@408609940
10:24:43.387 [main] DEBUG org.hibernate.orm.results.loading.org.hibernate.orm.results.loading.collection - (BagInitializer) Responsible for loading collection [org.frcpm.models.Subteam.members#113] : org.hibernate.collection.spi.PersistentBag@408609940
10:24:43.387 [main] DEBUG org.hibernate.orm.results - Extracted JDBC value [1] - [#FF0000]
10:24:43.387 [main] DEBUG org.hibernate.orm.results - Extracted JDBC value [2] - [Test Subteam 1]
10:24:43.387 [main] DEBUG org.hibernate.orm.results - Extracted JDBC value [3] - [Java, Programming, Controls]
10:24:43.387 [main] DEBUG org.hibernate.orm.results.loading.entity - (EntityResultInitializer) Done materializing entityInstance : org.frcpm.models.Subteam#113
10:24:43.387 [main] DEBUG org.hibernate.orm.results.loading - Calling top-level assembler (0 / 1) : org.hibernate.sql.results.graph.entity.internal.EntityAssembler@74d20d05
10:24:43.387 [main] DEBUG org.hibernate.sql.results.internal.ResultsHelper - Collection fully initialized: [org.frcpm.models.Subteam.members#113]
10:24:43.387 [main] DEBUG org.hibernate.engine.transaction.internal.TransactionImpl - committing
10:24:43.387 [main] DEBUG org.hibernate.event.internal.AbstractFlushingEventListener - Processing flush-time cascades
10:24:43.387 [main] DEBUG org.hibernate.event.internal.AbstractFlushingEventListener - Dirty checking collections
10:24:43.387 [main] DEBUG org.hibernate.engine.internal.Collections - Collection dereferenced: [org.frcpm.models.Subteam.members#113]
10:24:43.387 [main] DEBUG org.hibernate.engine.internal.Collections - Collection dereferenced: [org.frcpm.models.Subteam.subsystems#113]
10:24:43.387 [main] DEBUG org.hibernate.event.internal.AbstractFlushingEventListener - Flushed: 0 insertions, 0 updates, 1 deletions to 1 objects
10:24:43.387 [main] DEBUG org.hibernate.event.internal.AbstractFlushingEventListener - Flushed: 0 (re)creations, 0 updates, 2 removals to 2 collections
10:24:43.387 [main] DEBUG org.hibernate.internal.util.EntityPrinter - Listing entities:
10:24:43.387 [main] DEBUG org.hibernate.internal.util.EntityPrinter - org.frcpm.models.Subteam{specialties=Java, Programming, Controls, members=[], name=Test Subteam 1, colorCode=#FF0000, id=113, subsystems=<uninitialized>}
10:24:43.388 [main] DEBUG org.hibernate.SQL - delete from subteams where id=?
10:24:43.388 [main] DEBUG org.hibernate.orm.jdbc.batch - PreparedStatementDetails did not contain PreparedStatement on #releaseStatements : delete from subteams where id=?
10:24:43.388 [main] DEBUG org.hibernate.orm.jdbc.batch - PreparedStatementDetails did not contain PreparedStatement on #releaseStatements : delete from subteams where id=?
10:24:43.388 [main] DEBUG org.hibernate.resource.jdbc.internal.LogicalConnectionManagedImpl - Initiating JDBC connection release from afterTransaction
10:24:43.388 [main] DEBUG org.hibernate.orm.jdbc.batch - PreparedStatementDetails did not contain PreparedStatement on #releaseStatements : delete from subteams where id=?
10:24:43.388 [main] DEBUG org.hibernate.orm.jdbc.batch - PreparedStatementDetails did not contain PreparedStatement on #releaseStatements : delete from subteams where id=?
10:24:43.388 [main] DEBUG org.hibernate.resource.jdbc.internal.LogicalConnectionManagedImpl - Initiating JDBC connection release from afterTransaction
10:24:43.388 [main] DEBUG org.hibernate.engine.jdbc.internal.JdbcCoordinatorImpl - HHH000420: Closing un-released batch
10:24:43.388 [main] DEBUG org.hibernate.orm.jdbc.batch - PreparedStatementDetails did not contain PreparedStatement on #releaseStatements : delete from subteams where id=?
10:24:43.388 [main] DEBUG org.hibernate.orm.jdbc.batch - PreparedStatementDetails did not contain PreparedStatement on #releaseStatements : delete from subteams where id=?
10:24:43.388 [main] DEBUG org.hibernate.engine.transaction.internal.TransactionImpl - On TransactionImpl creation, JpaCompliance#isJpaTransactionComplianceEnabled == false
10:24:43.388 [main] DEBUG org.hibernate.engine.transaction.internal.TransactionImpl - begin
10:24:43.389 [main] DEBUG org.hibernate.orm.sql.exec - Skipping reading Query result cache data: cache-enabled = false, cache-mode = IGNORE
10:24:43.389 [main] DEBUG org.hibernate.orm.results - Initializer list:
	  org.frcpm.models.Subteam.members.{element}.assignedTasks -> DelayedCollectionInitializer(org.frcpm.models.Subteam.members.{element}.assignedTasks)@117871996 (PluralAttribute(org.frcpm.models.TeamMember.assignedTasks))
	  org.frcpm.models.Subteam.members.{element} -> EntityJoinedFetchInitializer(org.frcpm.models.Subteam.members.{element})@954981955 (EntityCollectionPart(org.frcpm.models.Subteam.members#{element})@1788534571)
	  org.frcpm.models.Subteam.members -> BagInitializer(org.frcpm.models.Subteam.members)@1546995326 (PluralAttribute(org.frcpm.models.Subteam.members))
	  org.frcpm.models.Subteam.members.{element}.attendances -> SelectEagerCollectionInitializer(org.frcpm.models.Subteam.members.{element}.attendances)@692238644 (PluralAttribute(org.frcpm.models.TeamMember.attendances))
	  org.frcpm.models.Subteam.subsystems -> DelayedCollectionInitializer(org.frcpm.models.Subteam.subsystems)@442266645 (PluralAttribute(org.frcpm.models.Subteam.subsystems))
	  org.frcpm.models.Subteam -> EntityResultInitializer(org.frcpm.models.Subteam)@2082711771 (SingleTableEntityPersister(org.frcpm.models.Subteam))

10:24:43.389 [main] DEBUG org.hibernate.SQL - select s1_0.id,s1_0.color_code,s1_0.name,s1_0.specialties,m1_0.subteam_id,m1_0.id,m1_0.email,m1_0.first_name,m1_0.last_name,m1_0.is_leader,m1_0.phone,m1_0.skills,m1_0.username from subteams s1_0 left join team_members m1_0 on s1_0.id=m1_0.subteam_id where s1_0.id=?
10:24:43.389 [main] DEBUG org.hibernate.orm.results.loading.entity - (EntityResultInitializer) Hydrated EntityKey (org.frcpm.models.Subteam): 114
10:24:43.389 [main] DEBUG org.hibernate.orm.results.loading.org.hibernate.orm.results.loading.collection - (BagInitializer) Current row collection key : org.frcpm.models.Subteam.members#114
10:24:43.389 [main] DEBUG org.hibernate.orm.results - Extracted JDBC value [4] - [null]
10:24:43.389 [main] DEBUG org.hibernate.orm.results - Extracted JDBC value [5] - [null]
10:24:43.389 [main] DEBUG org.hibernate.orm.results.loading.entity - (EntityJoinedFetchInitializer) EntityKey (org.frcpm.models.Subteam.members.{element}) is null
10:24:43.389 [main] DEBUG org.hibernate.orm.results.loading.org.hibernate.orm.results.loading.collection - (DelayedCollectionInitializer) Current row collection key : org.frcpm.models.Subteam.subsystems#114
10:24:43.389 [main] DEBUG org.hibernate.orm.results.loading.entity - (EntityResultInitializer) Created new entity instance [org.frcpm.models.Subteam#114] : 1340191477
10:24:43.389 [main] DEBUG org.hibernate.orm.results.loading.org.hibernate.orm.results.loading.collection - (BagInitializer) Created new collection wrapper [org.frcpm.models.Subteam.members#114] : org.hibernate.collection.spi.PersistentBag@786808482
10:24:43.389 [main] DEBUG org.hibernate.orm.results.loading.org.hibernate.orm.results.loading.collection - (BagInitializer) Responsible for loading collection [org.frcpm.models.Subteam.members#114] : org.hibernate.collection.spi.PersistentBag@786808482
10:24:43.389 [main] DEBUG org.hibernate.orm.results - Extracted JDBC value [1] - [#00FF00]
10:24:43.389 [main] DEBUG org.hibernate.orm.results - Extracted JDBC value [2] - [Test Subteam 2]
10:24:43.389 [main] DEBUG org.hibernate.orm.results - Extracted JDBC value [3] - [CAD, Design, Fabrication]
10:24:43.389 [main] DEBUG org.hibernate.orm.results.loading.entity - (EntityResultInitializer) Done materializing entityInstance : org.frcpm.models.Subteam#114
10:24:43.389 [main] DEBUG org.hibernate.orm.results.loading - Calling top-level assembler (0 / 1) : org.hibernate.sql.results.graph.entity.internal.EntityAssembler@2ec9aba1
10:24:43.390 [main] DEBUG org.hibernate.sql.results.internal.ResultsHelper - Collection fully initialized: [org.frcpm.models.Subteam.members#114]
10:24:43.390 [main] DEBUG org.hibernate.engine.transaction.internal.TransactionImpl - committing
10:24:43.390 [main] DEBUG org.hibernate.event.internal.AbstractFlushingEventListener - Processing flush-time cascades
10:24:43.390 [main] DEBUG org.hibernate.event.internal.AbstractFlushingEventListener - Dirty checking collections
10:24:43.390 [main] DEBUG org.hibernate.engine.internal.Collections - Collection dereferenced: [org.frcpm.models.Subteam.members#114]
10:24:43.390 [main] DEBUG org.hibernate.engine.internal.Collections - Collection dereferenced: [org.frcpm.models.Subteam.subsystems#114]
10:24:43.390 [main] DEBUG org.hibernate.event.internal.AbstractFlushingEventListener - Flushed: 0 insertions, 0 updates, 1 deletions to 1 objects
10:24:43.390 [main] DEBUG org.hibernate.event.internal.AbstractFlushingEventListener - Flushed: 0 (re)creations, 0 updates, 2 removals to 2 collections
10:24:43.390 [main] DEBUG org.hibernate.internal.util.EntityPrinter - Listing entities:
10:24:43.391 [main] DEBUG org.hibernate.internal.util.EntityPrinter - org.frcpm.models.Subteam{specialties=CAD, Design, Fabrication, members=[], name=Test Subteam 2, colorCode=#00FF00, id=114, subsystems=<uninitialized>}
10:24:43.391 [main] DEBUG org.hibernate.SQL - delete from subteams where id=?
10:24:43.391 [main] DEBUG org.hibernate.orm.jdbc.batch - PreparedStatementDetails did not contain PreparedStatement on #releaseStatements : delete from subteams where id=?
10:24:43.391 [main] DEBUG org.hibernate.orm.jdbc.batch - PreparedStatementDetails did not contain PreparedStatement on #releaseStatements : delete from subteams where id=?
10:24:43.391 [main] DEBUG org.hibernate.resource.jdbc.internal.LogicalConnectionManagedImpl - Initiating JDBC connection release from afterTransaction
10:24:43.391 [main] DEBUG org.hibernate.orm.jdbc.batch - PreparedStatementDetails did not contain PreparedStatement on #releaseStatements : delete from subteams where id=?
10:24:43.391 [main] DEBUG org.hibernate.orm.jdbc.batch - PreparedStatementDetails did not contain PreparedStatement on #releaseStatements : delete from subteams where id=?
10:24:43.391 [main] DEBUG org.hibernate.resource.jdbc.internal.LogicalConnectionManagedImpl - Initiating JDBC connection release from afterTransaction
10:24:43.391 [main] DEBUG org.hibernate.engine.jdbc.internal.JdbcCoordinatorImpl - HHH000420: Closing un-released batch
10:24:43.391 [main] DEBUG org.hibernate.orm.jdbc.batch - PreparedStatementDetails did not contain PreparedStatement on #releaseStatements : delete from subteams where id=?
10:24:43.391 [main] DEBUG org.hibernate.orm.jdbc.batch - PreparedStatementDetails did not contain PreparedStatement on #releaseStatements : delete from subteams where id=?
10:24:43.391 [main] DEBUG org.hibernate.internal.SessionFactoryImpl - HHH000031: Closing
10:24:43.391 [main] DEBUG org.hibernate.type.spi.TypeConfiguration$Scope - Un-scoping TypeConfiguration [org.hibernate.type.spi.TypeConfiguration$Scope@6fee6114] from SessionFactory [org.hibernate.internal.SessionFactoryImpl@d6b0c25]
10:24:43.391 [main] DEBUG org.hibernate.service.internal.AbstractServiceRegistryImpl - Implicitly destroying ServiceRegistry on de-registration of all child ServiceRegistries
10:24:43.391 [main] INFO com.zaxxer.hikari.HikariDataSource - FRC-PM-HikariCP - Shutdown initiated...
10:24:43.391 [main] DEBUG com.zaxxer.hikari.pool.HikariPool - FRC-PM-HikariCP - Before shutdown stats (total=1, active=0, idle=1, waiting=0)
10:24:43.392 [FRC-PM-HikariCP connection closer] DEBUG com.zaxxer.hikari.pool.PoolBase - FRC-PM-HikariCP - Closing connection conn118: url=jdbc:h2:file:C:\Users\dhiebert\.frcpm\frcpm user=SA: (connection evicted)
10:24:43.601 [main] DEBUG com.zaxxer.hikari.pool.HikariPool - FRC-PM-HikariCP - After shutdown stats (total=0, active=0, idle=0, waiting=0)
10:24:43.601 [main] INFO com.zaxxer.hikari.HikariDataSource - FRC-PM-HikariCP - Shutdown completed.
10:24:43.601 [main] DEBUG org.hibernate.boot.registry.internal.BootstrapServiceRegistryImpl - Implicitly destroying Boot-strap registry on de-registration of all child ServiceRegistries
]]></system-out>
    <system-err><![CDATA[Apr 25, 2025 10:24:43 AM org.frcpm.config.DatabaseConfig initialize
INFO: Initializing database configuration...
Apr 25, 2025 10:24:43 AM org.frcpm.config.DatabaseConfig initialize
INFO: Using FILE-BASED database at: file:C:\Users\dhiebert\.frcpm\frcpm
Apr 25, 2025 10:24:43 AM org.frcpm.config.DatabaseConfig initialize
INFO: Using JDBC URL: jdbc:h2:file:C:\Users\dhiebert\.frcpm\frcpm
Apr 25, 2025 10:24:43 AM org.frcpm.config.DatabaseConfig initialize
INFO: Using schema mode: update
Apr 25, 2025 10:24:43 AM org.frcpm.config.DatabaseConfig initialize
INFO: Database configuration initialized successfully in PRODUCTION mode
Apr 25, 2025 10:24:43 AM org.frcpm.config.DatabaseConfig shutdown
INFO: Database configuration shut down
]]></system-err>
  </testcase>
  <testcase name="testSave" classname="org.frcpm.repositories.SubteamRepositoryTest" time="0.365">
    <system-out><![CDATA[10:24:43.607 [main] DEBUG org.hibernate.jpa.HibernatePersistenceProvider - Located and parsed 1 persistence units; checking each
10:24:43.607 [main] DEBUG org.hibernate.jpa.HibernatePersistenceProvider - Checking persistence-unit [name=frcpm, explicit-provider=org.hibernate.jpa.HibernatePersistenceProvider] against incoming persistence unit name [frcpm]
10:24:43.607 [main] DEBUG org.hibernate.jpa.boot.spi.ProviderChecker - Persistence-unit [frcpm] requested PersistenceProvider [org.hibernate.jpa.HibernatePersistenceProvider]
10:24:43.607 [main] DEBUG org.hibernate.jpa.internal.util.LogHelper - PersistenceUnitInfo [
	name: frcpm
	persistence provider classname: org.hibernate.jpa.HibernatePersistenceProvider
	classloader: null
	excludeUnlistedClasses: false
	JTA datasource: null
	Non JTA datasource: null
	Transaction type: RESOURCE_LOCAL
	PU root URL: file:/C:/Users/dhiebert/Local%20Repositories/Project%20Management%202.0/target/classes
	Shared Cache Mode: null
	Validation Mode: null
	Jar files URLs []
	Managed classes names [
		org.frcpm.models.Project
		org.frcpm.models.Subteam
		org.frcpm.models.TeamMember
		org.frcpm.models.Subsystem
		org.frcpm.models.Task
		org.frcpm.models.Component
		org.frcpm.models.Meeting
		org.frcpm.models.Attendance
		org.frcpm.models.Milestone]
	Mapping files names []
	Properties [
		hibernate.connection.handling_mode: DELAYED_ACQUISITION_AND_RELEASE_AFTER_STATEMENT
		jakarta.persistence.jdbc.url: jdbc:h2:file:C:\Users\dhiebert\.frcpm\frcpm
		hibernate.jdbc.batch_versioned_data: null
		hibernate.cache.use_second_level_cache: null
		hibernate.show_sql: null
		jakarta.persistence.jdbc.driver: org.h2.Driver
		hibernate.jdbc.batch_size: 30
		jakarta.persistence.jdbc.user: sa
		hibernate.generate_statistics: null
		hibernate.hbm2ddl.auto: update
		hibernate.cache.use_query_cache: null
		hibernate.hikari.maximumPoolSize: 10
		hibernate.hikari.idleTimeout: 30000
		hibernate.format_sql: null
		hibernate.hikari.minimumIdle: 2
		hibernate.use_sql_comments: null
		hibernate.order_inserts: null
		hibernate.current_session_context_class: thread
		hibernate.connection.provider_class: org.hibernate.hikaricp.internal.HikariCPConnectionProvider
		hibernate.hikari.connectionTimeout: 10000
		hibernate.hikari.poolName: FRC-PM-HikariCP
		hibernate.order_updates: null
		hibernate.dialect: org.hibernate.dialect.H2Dialect
		jakarta.persistence.jdbc.password: ]
10:24:43.607 [main] DEBUG org.hibernate.integrator.internal.IntegratorServiceImpl - Adding Integrator [org.hibernate.boot.beanvalidation.BeanValidationIntegrator].
10:24:43.607 [main] DEBUG org.hibernate.integrator.internal.IntegratorServiceImpl - Adding Integrator [org.hibernate.cache.internal.CollectionCacheInvalidator].
10:24:43.610 [main] DEBUG org.hibernate.orm.idgen.factory - Ignoring CDI for resolving IdentifierGenerator instances as extended or delayed CDI support was enabled
10:24:43.610 [main] DEBUG org.hibernate.orm.idgen.factory - Registering IdentifierGenerator strategy [uuid2] -> [org.hibernate.id.UUIDGenerator]
10:24:43.610 [main] DEBUG org.hibernate.orm.idgen.factory - Registering IdentifierGenerator strategy [guid] -> [org.hibernate.id.GUIDGenerator]
10:24:43.610 [main] DEBUG org.hibernate.orm.idgen.factory - Registering IdentifierGenerator strategy [uuid] -> [org.hibernate.id.UUIDHexGenerator]
10:24:43.610 [main] DEBUG org.hibernate.orm.idgen.factory - Registering IdentifierGenerator strategy [uuid.hex] -> [org.hibernate.id.UUIDHexGenerator]
10:24:43.610 [main] DEBUG org.hibernate.orm.idgen.factory - Registering IdentifierGenerator strategy [assigned] -> [org.hibernate.id.Assigned]
10:24:43.610 [main] DEBUG org.hibernate.orm.idgen.factory - Registering IdentifierGenerator strategy [identity] -> [org.hibernate.id.IdentityGenerator]
10:24:43.610 [main] DEBUG org.hibernate.orm.idgen.factory - Registering IdentifierGenerator strategy [select] -> [org.hibernate.id.SelectGenerator]
10:24:43.610 [main] DEBUG org.hibernate.orm.idgen.factory - Registering IdentifierGenerator strategy [sequence] -> [org.hibernate.id.enhanced.SequenceStyleGenerator]
10:24:43.610 [main] DEBUG org.hibernate.orm.idgen.factory - Registering IdentifierGenerator strategy [increment] -> [org.hibernate.id.IncrementGenerator]
10:24:43.610 [main] DEBUG org.hibernate.orm.idgen.factory - Registering IdentifierGenerator strategy [foreign] -> [org.hibernate.id.ForeignGenerator]
10:24:43.610 [main] DEBUG org.hibernate.orm.idgen.factory - Registering IdentifierGenerator strategy [enhanced-sequence] -> [org.hibernate.id.enhanced.SequenceStyleGenerator]
10:24:43.610 [main] DEBUG org.hibernate.orm.idgen.factory - Registering IdentifierGenerator strategy [enhanced-table] -> [org.hibernate.id.enhanced.TableGenerator]
10:24:43.610 [main] INFO org.hibernate.cache.internal.RegionFactoryInitiator - HHH000026: Second-level cache disabled
10:24:43.610 [main] DEBUG org.hibernate.type.BasicTypeRegistry - Adding type registration boolean -> org.hibernate.type.BasicTypeReference@2f4919b0
10:24:43.610 [main] DEBUG org.hibernate.type.BasicTypeRegistry - Adding type registration boolean -> org.hibernate.type.BasicTypeReference@2f4919b0
10:24:43.610 [main] DEBUG org.hibernate.type.BasicTypeRegistry - Adding type registration java.lang.Boolean -> org.hibernate.type.BasicTypeReference@2f4919b0
10:24:43.610 [main] DEBUG org.hibernate.type.BasicTypeRegistry - Adding type registration numeric_boolean -> org.hibernate.type.BasicTypeReference@a8a8b75
10:24:43.610 [main] DEBUG org.hibernate.type.BasicTypeRegistry - Adding type registration org.hibernate.type.NumericBooleanConverter -> org.hibernate.type.BasicTypeReference@a8a8b75
10:24:43.610 [main] DEBUG org.hibernate.type.BasicTypeRegistry - Adding type registration true_false -> org.hibernate.type.BasicTypeReference@75b21c3b
10:24:43.610 [main] DEBUG org.hibernate.type.BasicTypeRegistry - Adding type registration org.hibernate.type.TrueFalseConverter -> org.hibernate.type.BasicTypeReference@75b21c3b
10:24:43.610 [main] DEBUG org.hibernate.type.BasicTypeRegistry - Adding type registration yes_no -> org.hibernate.type.BasicTypeReference@72be135f
10:24:43.610 [main] DEBUG org.hibernate.type.BasicTypeRegistry - Adding type registration org.hibernate.type.YesNoConverter -> org.hibernate.type.BasicTypeReference@72be135f
10:24:43.610 [main] DEBUG org.hibernate.type.BasicTypeRegistry - Adding type registration byte -> org.hibernate.type.BasicTypeReference@155d1021
10:24:43.610 [main] DEBUG org.hibernate.type.BasicTypeRegistry - Adding type registration byte -> org.hibernate.type.BasicTypeReference@155d1021
10:24:43.610 [main] DEBUG org.hibernate.type.BasicTypeRegistry - Adding type registration java.lang.Byte -> org.hibernate.type.BasicTypeReference@155d1021
10:24:43.610 [main] DEBUG org.hibernate.type.BasicTypeRegistry - Adding type registration binary -> org.hibernate.type.BasicTypeReference@4bd2f0dc
10:24:43.610 [main] DEBUG org.hibernate.type.BasicTypeRegistry - Adding type registration byte[] -> org.hibernate.type.BasicTypeReference@4bd2f0dc
10:24:43.610 [main] DEBUG org.hibernate.type.BasicTypeRegistry - Adding type registration [B -> org.hibernate.type.BasicTypeReference@4bd2f0dc
10:24:43.610 [main] DEBUG org.hibernate.type.BasicTypeRegistry - Adding type registration binary_wrapper -> org.hibernate.type.BasicTypeReference@2e647e59
10:24:43.610 [main] DEBUG org.hibernate.type.BasicTypeRegistry - Adding type registration wrapper-binary -> org.hibernate.type.BasicTypeReference@2e647e59
10:24:43.610 [main] DEBUG org.hibernate.type.BasicTypeRegistry - Adding type registration image -> org.hibernate.type.BasicTypeReference@2c42b421
10:24:43.610 [main] DEBUG org.hibernate.type.BasicTypeRegistry - Adding type registration blob -> org.hibernate.type.BasicTypeReference@51e37590
10:24:43.610 [main] DEBUG org.hibernate.type.BasicTypeRegistry - Adding type registration java.sql.Blob -> org.hibernate.type.BasicTypeReference@51e37590
10:24:43.610 [main] DEBUG org.hibernate.type.BasicTypeRegistry - Adding type registration materialized_blob -> org.hibernate.type.BasicTypeReference@deb3b60
10:24:43.610 [main] DEBUG org.hibernate.type.BasicTypeRegistry - Adding type registration materialized_blob_wrapper -> org.hibernate.type.BasicTypeReference@701a32
10:24:43.610 [main] DEBUG org.hibernate.type.BasicTypeRegistry - Adding type registration short -> org.hibernate.type.BasicTypeReference@39aa45a1
10:24:43.610 [main] DEBUG org.hibernate.type.BasicTypeRegistry - Adding type registration short -> org.hibernate.type.BasicTypeReference@39aa45a1
10:24:43.610 [main] DEBUG org.hibernate.type.BasicTypeRegistry - Adding type registration java.lang.Short -> org.hibernate.type.BasicTypeReference@39aa45a1
10:24:43.610 [main] DEBUG org.hibernate.type.BasicTypeRegistry - Adding type registration integer -> org.hibernate.type.BasicTypeReference@73aff8f1
10:24:43.610 [main] DEBUG org.hibernate.type.BasicTypeRegistry - Adding type registration int -> org.hibernate.type.BasicTypeReference@73aff8f1
10:24:43.610 [main] DEBUG org.hibernate.type.BasicTypeRegistry - Adding type registration java.lang.Integer -> org.hibernate.type.BasicTypeReference@73aff8f1
10:24:43.610 [main] DEBUG org.hibernate.type.BasicTypeRegistry - Adding type registration long -> org.hibernate.type.BasicTypeReference@27cbfddf
10:24:43.610 [main] DEBUG org.hibernate.type.BasicTypeRegistry - Adding type registration long -> org.hibernate.type.BasicTypeReference@27cbfddf
10:24:43.610 [main] DEBUG org.hibernate.type.BasicTypeRegistry - Adding type registration java.lang.Long -> org.hibernate.type.BasicTypeReference@27cbfddf
10:24:43.610 [main] DEBUG org.hibernate.type.BasicTypeRegistry - Adding type registration float -> org.hibernate.type.BasicTypeReference@27ead29e
10:24:43.610 [main] DEBUG org.hibernate.type.BasicTypeRegistry - Adding type registration float -> org.hibernate.type.BasicTypeReference@27ead29e
10:24:43.610 [main] DEBUG org.hibernate.type.BasicTypeRegistry - Adding type registration java.lang.Float -> org.hibernate.type.BasicTypeReference@27ead29e
10:24:43.610 [main] DEBUG org.hibernate.type.BasicTypeRegistry - Adding type registration double -> org.hibernate.type.BasicTypeReference@4c060c8f
10:24:43.610 [main] DEBUG org.hibernate.type.BasicTypeRegistry - Adding type registration double -> org.hibernate.type.BasicTypeReference@4c060c8f
10:24:43.610 [main] DEBUG org.hibernate.type.BasicTypeRegistry - Adding type registration java.lang.Double -> org.hibernate.type.BasicTypeReference@4c060c8f
10:24:43.610 [main] DEBUG org.hibernate.type.BasicTypeRegistry - Adding type registration big_integer -> org.hibernate.type.BasicTypeReference@40620d8e
10:24:43.610 [main] DEBUG org.hibernate.type.BasicTypeRegistry - Adding type registration java.math.BigInteger -> org.hibernate.type.BasicTypeReference@40620d8e
10:24:43.610 [main] DEBUG org.hibernate.type.BasicTypeRegistry - Adding type registration big_decimal -> org.hibernate.type.BasicTypeReference@383f3558
10:24:43.610 [main] DEBUG org.hibernate.type.BasicTypeRegistry - Adding type registration java.math.BigDecimal -> org.hibernate.type.BasicTypeReference@383f3558
10:24:43.610 [main] DEBUG org.hibernate.type.BasicTypeRegistry - Adding type registration character -> org.hibernate.type.BasicTypeReference@49b07ee3
10:24:43.610 [main] DEBUG org.hibernate.type.BasicTypeRegistry - Adding type registration char -> org.hibernate.type.BasicTypeReference@49b07ee3
10:24:43.610 [main] DEBUG org.hibernate.type.BasicTypeRegistry - Adding type registration java.lang.Character -> org.hibernate.type.BasicTypeReference@49b07ee3
10:24:43.610 [main] DEBUG org.hibernate.type.BasicTypeRegistry - Adding type registration character_nchar -> org.hibernate.type.BasicTypeReference@352e612e
10:24:43.610 [main] DEBUG org.hibernate.type.BasicTypeRegistry - Adding type registration string -> org.hibernate.type.BasicTypeReference@65f00478
10:24:43.610 [main] DEBUG org.hibernate.type.BasicTypeRegistry - Adding type registration java.lang.String -> org.hibernate.type.BasicTypeReference@65f00478
10:24:43.610 [main] DEBUG org.hibernate.type.BasicTypeRegistry - Adding type registration nstring -> org.hibernate.type.BasicTypeReference@2424686b
10:24:43.610 [main] DEBUG org.hibernate.type.BasicTypeRegistry - Adding type registration characters -> org.hibernate.type.BasicTypeReference@6ea94d6a
10:24:43.610 [main] DEBUG org.hibernate.type.BasicTypeRegistry - Adding type registration char[] -> org.hibernate.type.BasicTypeReference@6ea94d6a
10:24:43.610 [main] DEBUG org.hibernate.type.BasicTypeRegistry - Adding type registration [C -> org.hibernate.type.BasicTypeReference@6ea94d6a
10:24:43.610 [main] DEBUG org.hibernate.type.BasicTypeRegistry - Adding type registration wrapper-characters -> org.hibernate.type.BasicTypeReference@28486680
10:24:43.610 [main] DEBUG org.hibernate.type.BasicTypeRegistry - Adding type registration text -> org.hibernate.type.BasicTypeReference@4d7e7435
10:24:43.610 [main] DEBUG org.hibernate.type.BasicTypeRegistry - Adding type registration ntext -> org.hibernate.type.BasicTypeReference@4a1e3ac1
10:24:43.610 [main] DEBUG org.hibernate.type.BasicTypeRegistry - Adding type registration clob -> org.hibernate.type.BasicTypeReference@6e78fcf5
10:24:43.610 [main] DEBUG org.hibernate.type.BasicTypeRegistry - Adding type registration java.sql.Clob -> org.hibernate.type.BasicTypeReference@6e78fcf5
10:24:43.610 [main] DEBUG org.hibernate.type.BasicTypeRegistry - Adding type registration nclob -> org.hibernate.type.BasicTypeReference@56febdc
10:24:43.610 [main] DEBUG org.hibernate.type.BasicTypeRegistry - Adding type registration java.sql.NClob -> org.hibernate.type.BasicTypeReference@56febdc
10:24:43.610 [main] DEBUG org.hibernate.type.BasicTypeRegistry - Adding type registration materialized_clob -> org.hibernate.type.BasicTypeReference@3b8ee898
10:24:43.610 [main] DEBUG org.hibernate.type.BasicTypeRegistry - Adding type registration materialized_clob_char_array -> org.hibernate.type.BasicTypeReference@7d151a
10:24:43.610 [main] DEBUG org.hibernate.type.BasicTypeRegistry - Adding type registration materialized_clob_character_array -> org.hibernate.type.BasicTypeReference@294bdeb4
10:24:43.610 [main] DEBUG org.hibernate.type.BasicTypeRegistry - Adding type registration materialized_nclob -> org.hibernate.type.BasicTypeReference@5300f14a
10:24:43.610 [main] DEBUG org.hibernate.type.BasicTypeRegistry - Adding type registration materialized_nclob_character_array -> org.hibernate.type.BasicTypeReference@1f86099a
10:24:43.610 [main] DEBUG org.hibernate.type.BasicTypeRegistry - Adding type registration materialized_nclob_char_array -> org.hibernate.type.BasicTypeReference@77bb0ab5
10:24:43.610 [main] DEBUG org.hibernate.type.BasicTypeRegistry - Adding type registration Duration -> org.hibernate.type.BasicTypeReference@f2c488
10:24:43.610 [main] DEBUG org.hibernate.type.BasicTypeRegistry - Adding type registration java.time.Duration -> org.hibernate.type.BasicTypeReference@f2c488
10:24:43.610 [main] DEBUG org.hibernate.type.BasicTypeRegistry - Adding type registration LocalDateTime -> org.hibernate.type.BasicTypeReference@54acff7d
10:24:43.610 [main] DEBUG org.hibernate.type.BasicTypeRegistry - Adding type registration java.time.LocalDateTime -> org.hibernate.type.BasicTypeReference@54acff7d
10:24:43.610 [main] DEBUG org.hibernate.type.BasicTypeRegistry - Adding type registration LocalDate -> org.hibernate.type.BasicTypeReference@7bc9e6ab
10:24:43.610 [main] DEBUG org.hibernate.type.BasicTypeRegistry - Adding type registration java.time.LocalDate -> org.hibernate.type.BasicTypeReference@7bc9e6ab
10:24:43.610 [main] DEBUG org.hibernate.type.BasicTypeRegistry - Adding type registration LocalTime -> org.hibernate.type.BasicTypeReference@5488b5c5
10:24:43.610 [main] DEBUG org.hibernate.type.BasicTypeRegistry - Adding type registration java.time.LocalTime -> org.hibernate.type.BasicTypeReference@5488b5c5
10:24:43.610 [main] DEBUG org.hibernate.type.BasicTypeRegistry - Adding type registration OffsetDateTime -> org.hibernate.type.BasicTypeReference@4248ed58
10:24:43.610 [main] DEBUG org.hibernate.type.BasicTypeRegistry - Adding type registration java.time.OffsetDateTime -> org.hibernate.type.BasicTypeReference@4248ed58
10:24:43.610 [main] DEBUG org.hibernate.type.BasicTypeRegistry - Adding type registration OffsetDateTimeWithTimezone -> org.hibernate.type.BasicTypeReference@712ca57b
10:24:43.610 [main] DEBUG org.hibernate.type.BasicTypeRegistry - Adding type registration OffsetDateTimeWithoutTimezone -> org.hibernate.type.BasicTypeReference@4564e94b
10:24:43.610 [main] DEBUG org.hibernate.type.BasicTypeRegistry - Adding type registration OffsetTime -> org.hibernate.type.BasicTypeReference@54534abf
10:24:43.610 [main] DEBUG org.hibernate.type.BasicTypeRegistry - Adding type registration java.time.OffsetTime -> org.hibernate.type.BasicTypeReference@54534abf
10:24:43.610 [main] DEBUG org.hibernate.type.BasicTypeRegistry - Adding type registration OffsetTimeUtc -> org.hibernate.type.BasicTypeReference@51745f40
10:24:43.610 [main] DEBUG org.hibernate.type.BasicTypeRegistry - Adding type registration OffsetTimeWithTimezone -> org.hibernate.type.BasicTypeReference@45673f68
10:24:43.610 [main] DEBUG org.hibernate.type.BasicTypeRegistry - Adding type registration OffsetTimeWithoutTimezone -> org.hibernate.type.BasicTypeReference@27abb83e
10:24:43.610 [main] DEBUG org.hibernate.type.BasicTypeRegistry - Adding type registration ZonedDateTime -> org.hibernate.type.BasicTypeReference@69e308c6
10:24:43.610 [main] DEBUG org.hibernate.type.BasicTypeRegistry - Adding type registration java.time.ZonedDateTime -> org.hibernate.type.BasicTypeReference@69e308c6
10:24:43.610 [main] DEBUG org.hibernate.type.BasicTypeRegistry - Adding type registration ZonedDateTimeWithTimezone -> org.hibernate.type.BasicTypeReference@1a1ed4e5
10:24:43.610 [main] DEBUG org.hibernate.type.BasicTypeRegistry - Adding type registration ZonedDateTimeWithoutTimezone -> org.hibernate.type.BasicTypeReference@667e34b1
10:24:43.610 [main] DEBUG org.hibernate.type.BasicTypeRegistry - Adding type registration date -> org.hibernate.type.BasicTypeReference@1c6e0a08
10:24:43.610 [main] DEBUG org.hibernate.type.BasicTypeRegistry - Adding type registration java.sql.Date -> org.hibernate.type.BasicTypeReference@1c6e0a08
10:24:43.610 [main] DEBUG org.hibernate.type.BasicTypeRegistry - Adding type registration time -> org.hibernate.type.BasicTypeReference@6dba847b
10:24:43.610 [main] DEBUG org.hibernate.type.BasicTypeRegistry - Adding type registration java.sql.Time -> org.hibernate.type.BasicTypeReference@6dba847b
10:24:43.610 [main] DEBUG org.hibernate.type.BasicTypeRegistry - Adding type registration timestamp -> org.hibernate.type.BasicTypeReference@1efdcd5
10:24:43.610 [main] DEBUG org.hibernate.type.BasicTypeRegistry - Adding type registration java.sql.Timestamp -> org.hibernate.type.BasicTypeReference@1efdcd5
10:24:43.610 [main] DEBUG org.hibernate.type.BasicTypeRegistry - Adding type registration java.util.Date -> org.hibernate.type.BasicTypeReference@1efdcd5
10:24:43.610 [main] DEBUG org.hibernate.type.BasicTypeRegistry - Adding type registration calendar -> org.hibernate.type.BasicTypeReference@1623bbe5
10:24:43.610 [main] DEBUG org.hibernate.type.BasicTypeRegistry - Adding type registration java.util.Calendar -> org.hibernate.type.BasicTypeReference@1623bbe5
10:24:43.610 [main] DEBUG org.hibernate.type.BasicTypeRegistry - Adding type registration java.util.GregorianCalendar -> org.hibernate.type.BasicTypeReference@1623bbe5
10:24:43.610 [main] DEBUG org.hibernate.type.BasicTypeRegistry - Adding type registration calendar_date -> org.hibernate.type.BasicTypeReference@7af1cd63
10:24:43.610 [main] DEBUG org.hibernate.type.BasicTypeRegistry - Adding type registration calendar_time -> org.hibernate.type.BasicTypeReference@4351171a
10:24:43.610 [main] DEBUG org.hibernate.type.BasicTypeRegistry - Adding type registration instant -> org.hibernate.type.BasicTypeReference@3c2772d1
10:24:43.610 [main] DEBUG org.hibernate.type.BasicTypeRegistry - Adding type registration java.time.Instant -> org.hibernate.type.BasicTypeReference@3c2772d1
10:24:43.610 [main] DEBUG org.hibernate.type.BasicTypeRegistry - Adding type registration uuid -> org.hibernate.type.BasicTypeReference@37d00a23
10:24:43.610 [main] DEBUG org.hibernate.type.BasicTypeRegistry - Adding type registration java.util.UUID -> org.hibernate.type.BasicTypeReference@37d00a23
10:24:43.610 [main] DEBUG org.hibernate.type.BasicTypeRegistry - Adding type registration pg-uuid -> org.hibernate.type.BasicTypeReference@37d00a23
10:24:43.610 [main] DEBUG org.hibernate.type.BasicTypeRegistry - Adding type registration uuid-binary -> org.hibernate.type.BasicTypeReference@433e536f
10:24:43.610 [main] DEBUG org.hibernate.type.BasicTypeRegistry - Adding type registration uuid-char -> org.hibernate.type.BasicTypeReference@89c65d5
10:24:43.610 [main] DEBUG org.hibernate.type.BasicTypeRegistry - Adding type registration class -> org.hibernate.type.BasicTypeReference@faa3fed
10:24:43.610 [main] DEBUG org.hibernate.type.BasicTypeRegistry - Adding type registration java.lang.Class -> org.hibernate.type.BasicTypeReference@faa3fed
10:24:43.610 [main] DEBUG org.hibernate.type.BasicTypeRegistry - Adding type registration currency -> org.hibernate.type.BasicTypeReference@988246e
10:24:43.610 [main] DEBUG org.hibernate.type.BasicTypeRegistry - Adding type registration Currency -> org.hibernate.type.BasicTypeReference@988246e
10:24:43.610 [main] DEBUG org.hibernate.type.BasicTypeRegistry - Adding type registration java.util.Currency -> org.hibernate.type.BasicTypeReference@988246e
10:24:43.610 [main] DEBUG org.hibernate.type.BasicTypeRegistry - Adding type registration locale -> org.hibernate.type.BasicTypeReference@62515a47
10:24:43.610 [main] DEBUG org.hibernate.type.BasicTypeRegistry - Adding type registration java.util.Locale -> org.hibernate.type.BasicTypeReference@62515a47
10:24:43.610 [main] DEBUG org.hibernate.type.BasicTypeRegistry - Adding type registration serializable -> org.hibernate.type.BasicTypeReference@3c5a54b7
10:24:43.610 [main] DEBUG org.hibernate.type.BasicTypeRegistry - Adding type registration java.io.Serializable -> org.hibernate.type.BasicTypeReference@3c5a54b7
10:24:43.610 [main] DEBUG org.hibernate.type.BasicTypeRegistry - Adding type registration timezone -> org.hibernate.type.BasicTypeReference@61f2c3f0
10:24:43.610 [main] DEBUG org.hibernate.type.BasicTypeRegistry - Adding type registration java.util.TimeZone -> org.hibernate.type.BasicTypeReference@61f2c3f0
10:24:43.610 [main] DEBUG org.hibernate.type.BasicTypeRegistry - Adding type registration ZoneOffset -> org.hibernate.type.BasicTypeReference@291120f4
10:24:43.610 [main] DEBUG org.hibernate.type.BasicTypeRegistry - Adding type registration java.time.ZoneOffset -> org.hibernate.type.BasicTypeReference@291120f4
10:24:43.610 [main] DEBUG org.hibernate.type.BasicTypeRegistry - Adding type registration url -> org.hibernate.type.BasicTypeReference@417ad4f3
10:24:43.610 [main] DEBUG org.hibernate.type.BasicTypeRegistry - Adding type registration java.net.URL -> org.hibernate.type.BasicTypeReference@417ad4f3
10:24:43.610 [main] DEBUG org.hibernate.type.BasicTypeRegistry - Adding type registration vector -> org.hibernate.type.BasicTypeReference@2f6bcf87
10:24:43.610 [main] DEBUG org.hibernate.type.BasicTypeRegistry - Adding type registration row_version -> org.hibernate.type.BasicTypeReference@58f174d9
10:24:43.610 [main] DEBUG org.hibernate.type.BasicTypeRegistry - Adding type registration object -> org.hibernate.type.JavaObjectType@34237b90
10:24:43.610 [main] DEBUG org.hibernate.type.BasicTypeRegistry - Adding type registration java.lang.Object -> org.hibernate.type.JavaObjectType@34237b90
10:24:43.610 [main] DEBUG org.hibernate.type.BasicTypeRegistry - Adding type registration null -> org.hibernate.type.NullType@267bbe1a
10:24:43.610 [main] DEBUG org.hibernate.type.BasicTypeRegistry - Adding type registration imm_date -> org.hibernate.type.BasicTypeReference@67d5c4db
10:24:43.610 [main] DEBUG org.hibernate.type.BasicTypeRegistry - Adding type registration imm_time -> org.hibernate.type.BasicTypeReference@129f950a
10:24:43.610 [main] DEBUG org.hibernate.type.BasicTypeRegistry - Adding type registration imm_timestamp -> org.hibernate.type.BasicTypeReference@20ea45fb
10:24:43.610 [main] DEBUG org.hibernate.type.BasicTypeRegistry - Adding type registration imm_calendar -> org.hibernate.type.BasicTypeReference@282d6547
10:24:43.610 [main] DEBUG org.hibernate.type.BasicTypeRegistry - Adding type registration imm_calendar_date -> org.hibernate.type.BasicTypeReference@61979f85
10:24:43.610 [main] DEBUG org.hibernate.type.BasicTypeRegistry - Adding type registration imm_calendar_time -> org.hibernate.type.BasicTypeReference@f4e7178
10:24:43.610 [main] DEBUG org.hibernate.type.BasicTypeRegistry - Adding type registration imm_binary -> org.hibernate.type.BasicTypeReference@7df928f7
10:24:43.610 [main] DEBUG org.hibernate.type.BasicTypeRegistry - Adding type registration imm_serializable -> org.hibernate.type.BasicTypeReference@3e3d7d52
10:24:43.611 [main] DEBUG org.hibernate.boot.internal.BootstrapContextImpl - Injecting ScanEnvironment [org.hibernate.jpa.boot.internal.StandardJpaScanEnvironmentImpl@630bb6a7] into BootstrapContext; was [null]
10:24:43.611 [main] DEBUG org.hibernate.boot.internal.BootstrapContextImpl - Injecting ScanOptions [org.hibernate.boot.archive.scan.internal.StandardScanOptions@1fb2de0f] into BootstrapContext; was [org.hibernate.boot.archive.scan.internal.StandardScanOptions@2bb8e39e]
10:24:43.646 [main] DEBUG org.hibernate.boot.internal.BootstrapContextImpl - Injecting JPA temp ClassLoader [null] into BootstrapContext; was [null]
10:24:43.647 [main] DEBUG org.hibernate.boot.internal.ClassLoaderAccessImpl - ClassLoaderAccessImpl#injectTempClassLoader(null) [was null]
10:24:43.647 [main] INFO org.hibernate.engine.jdbc.connections.internal.ConnectionProviderInitiator - HHH000130: Instantiating explicit connection provider: org.hibernate.hikaricp.internal.HikariCPConnectionProvider
10:24:43.647 [main] DEBUG org.hibernate.hikaricp.internal.HikariCPConnectionProvider - Configuring HikariCP
10:24:43.647 [main] DEBUG com.zaxxer.hikari.HikariConfig - Driver class org.h2.Driver found in Thread context class loader jdk.internal.loader.ClassLoaders$AppClassLoader@70dea4e
10:24:43.647 [main] DEBUG com.zaxxer.hikari.HikariConfig - FRC-PM-HikariCP - configuration:
10:24:43.647 [main] DEBUG com.zaxxer.hikari.HikariConfig - allowPoolSuspension.............false
10:24:43.647 [main] DEBUG com.zaxxer.hikari.HikariConfig - autoCommit......................true
10:24:43.647 [main] DEBUG com.zaxxer.hikari.HikariConfig - catalog.........................none
10:24:43.647 [main] DEBUG com.zaxxer.hikari.HikariConfig - connectionInitSql...............none
10:24:43.647 [main] DEBUG com.zaxxer.hikari.HikariConfig - connectionTestQuery.............none
10:24:43.647 [main] DEBUG com.zaxxer.hikari.HikariConfig - connectionTimeout...............10000
10:24:43.647 [main] DEBUG com.zaxxer.hikari.HikariConfig - dataSource......................none
10:24:43.647 [main] DEBUG com.zaxxer.hikari.HikariConfig - dataSourceClassName.............none
10:24:43.647 [main] DEBUG com.zaxxer.hikari.HikariConfig - dataSourceJNDI..................none
10:24:43.647 [main] DEBUG com.zaxxer.hikari.HikariConfig - dataSourceProperties............{password=<masked>}
10:24:43.647 [main] DEBUG com.zaxxer.hikari.HikariConfig - driverClassName................."org.h2.Driver"
10:24:43.647 [main] DEBUG com.zaxxer.hikari.HikariConfig - exceptionOverrideClassName......none
10:24:43.647 [main] DEBUG com.zaxxer.hikari.HikariConfig - healthCheckProperties...........{}
10:24:43.647 [main] DEBUG com.zaxxer.hikari.HikariConfig - healthCheckRegistry.............none
10:24:43.647 [main] DEBUG com.zaxxer.hikari.HikariConfig - idleTimeout.....................30000
10:24:43.647 [main] DEBUG com.zaxxer.hikari.HikariConfig - initializationFailTimeout.......1
10:24:43.647 [main] DEBUG com.zaxxer.hikari.HikariConfig - isolateInternalQueries..........false
10:24:43.647 [main] DEBUG com.zaxxer.hikari.HikariConfig - jdbcUrl.........................jdbc:h2:file:C:\Users\dhiebert\.frcpm\frcpm
10:24:43.647 [main] DEBUG com.zaxxer.hikari.HikariConfig - keepaliveTime...................0
10:24:43.647 [main] DEBUG com.zaxxer.hikari.HikariConfig - leakDetectionThreshold..........0
10:24:43.647 [main] DEBUG com.zaxxer.hikari.HikariConfig - maxLifetime.....................1800000
10:24:43.647 [main] DEBUG com.zaxxer.hikari.HikariConfig - maximumPoolSize.................10
10:24:43.647 [main] DEBUG com.zaxxer.hikari.HikariConfig - metricRegistry..................none
10:24:43.647 [main] DEBUG com.zaxxer.hikari.HikariConfig - metricsTrackerFactory...........none
10:24:43.647 [main] DEBUG com.zaxxer.hikari.HikariConfig - minimumIdle.....................2
10:24:43.647 [main] DEBUG com.zaxxer.hikari.HikariConfig - password........................<masked>
10:24:43.647 [main] DEBUG com.zaxxer.hikari.HikariConfig - poolName........................"FRC-PM-HikariCP"
10:24:43.647 [main] DEBUG com.zaxxer.hikari.HikariConfig - readOnly........................false
10:24:43.648 [main] DEBUG com.zaxxer.hikari.HikariConfig - registerMbeans..................false
10:24:43.648 [main] DEBUG com.zaxxer.hikari.HikariConfig - scheduledExecutor...............none
10:24:43.648 [main] DEBUG com.zaxxer.hikari.HikariConfig - schema..........................none
10:24:43.648 [main] DEBUG com.zaxxer.hikari.HikariConfig - threadFactory...................internal
10:24:43.648 [main] DEBUG com.zaxxer.hikari.HikariConfig - transactionIsolation............default
10:24:43.648 [main] DEBUG com.zaxxer.hikari.HikariConfig - username........................"sa"
10:24:43.648 [main] DEBUG com.zaxxer.hikari.HikariConfig - validationTimeout...............5000
10:24:43.648 [main] INFO com.zaxxer.hikari.HikariDataSource - FRC-PM-HikariCP - Starting...
10:24:43.656 [main] INFO com.zaxxer.hikari.pool.HikariPool - FRC-PM-HikariCP - Added connection conn119: url=jdbc:h2:file:C:\Users\dhiebert\.frcpm\frcpm user=SA
10:24:43.656 [main] INFO com.zaxxer.hikari.HikariDataSource - FRC-PM-HikariCP - Start completed.
10:24:43.656 [main] DEBUG org.hibernate.hikaricp.internal.HikariCPConnectionProvider - HikariCP Configured
10:24:43.656 [main] DEBUG org.hibernate.engine.jdbc.env.internal.JdbcEnvironmentInitiator - Database ->
	   name : H2
	version : 2.2.224 (2023-09-17)
	  major : 2
	  minor : 2
10:24:43.656 [main] DEBUG org.hibernate.engine.jdbc.env.internal.JdbcEnvironmentInitiator - Driver ->
	   name : H2 JDBC Driver
	version : 2.2.224 (2023-09-17)
	  major : 2
	  minor : 2
10:24:43.656 [main] DEBUG org.hibernate.engine.jdbc.env.internal.JdbcEnvironmentInitiator - JDBC version : 4.2
10:24:43.656 [main] WARN org.hibernate.orm.deprecation - HHH90000025: H2Dialect does not need to be specified explicitly using 'hibernate.dialect' (remove the property setting and it will be selected by default)
10:24:43.656 [main] DEBUG org.hibernate.orm.dialect - HHH035001: Using dialect: org.hibernate.dialect.H2Dialect, version: 2.2.224
10:24:43.656 [main] DEBUG org.hibernate.engine.jdbc.env.spi.IdentifierHelperBuilder - JDBC driver metadata reported database stores quoted identifiers in neither upper, lower nor mixed case
10:24:43.656 [main] DEBUG org.hibernate.type.descriptor.jdbc.spi.JdbcTypeRegistry - addDescriptor(NCharTypeDescriptor) replaced previous registration(CharTypeDescriptor)
10:24:43.656 [main] DEBUG org.hibernate.type.descriptor.jdbc.spi.JdbcTypeRegistry - addDescriptor(NVarcharTypeDescriptor) replaced previous registration(VarcharTypeDescriptor)
10:24:43.656 [main] DEBUG org.hibernate.type.descriptor.jdbc.spi.JdbcTypeRegistry - addDescriptor(LongNVarcharTypeDescriptor) replaced previous registration(LongVarcharTypeDescriptor)
10:24:43.656 [main] DEBUG org.hibernate.type.descriptor.jdbc.spi.JdbcTypeRegistry - addDescriptor(NClobTypeDescriptor(DEFAULT)) replaced previous registration(ClobTypeDescriptor(DEFAULT))
10:24:43.656 [main] DEBUG org.hibernate.type.descriptor.jdbc.spi.JdbcTypeRegistry - addDescriptor(2005, ClobTypeDescriptor(STREAM_BINDING)) replaced previous registration(ClobTypeDescriptor(DEFAULT))
10:24:43.656 [main] DEBUG org.hibernate.type.descriptor.jdbc.spi.JdbcTypeRegistry - addDescriptor(TimestampUtcDescriptor) replaced previous registration(TimestampUtcDescriptor)
10:24:43.656 [main] DEBUG org.hibernate.type.BasicTypeRegistry - Adding type registration org.hibernate.type.DurationType -> basicType@1681(java.time.Duration,3015)
10:24:43.656 [main] DEBUG org.hibernate.type.BasicTypeRegistry - Adding type registration Duration -> basicType@1681(java.time.Duration,3015)
10:24:43.656 [main] DEBUG org.hibernate.type.BasicTypeRegistry - Adding type registration java.time.Duration -> basicType@1681(java.time.Duration,3015)
10:24:43.657 [main] DEBUG org.hibernate.type.spi.TypeConfiguration$Scope - Scoping TypeConfiguration [org.hibernate.type.spi.TypeConfiguration@525872fa] to MetadataBuildingContext [org.hibernate.boot.internal.MetadataBuildingContextRootImpl@1e409504]
10:24:43.657 [main] DEBUG org.hibernate.boot.model.relational.Namespace - Created database namespace [logicalName=Name{catalog=null, schema=null}, physicalName=Name{catalog=null, schema=null}]
10:24:43.657 [main] DEBUG org.hibernate.boot.model.internal.EntityBinder - Binding entity from annotated class: org.frcpm.models.Attendance
10:24:43.657 [main] DEBUG org.hibernate.boot.model.internal.EntityBinder - Import with entity name Attendance
10:24:43.657 [main] DEBUG org.hibernate.boot.model.internal.EntityBinder - Bind entity org.frcpm.models.Attendance on table attendances
10:24:43.657 [main] DEBUG org.hibernate.boot.model.internal.AnnotatedColumn - Binding column: AnnotatedDiscriminatorColumn(column='DTYPE')
10:24:43.657 [main] DEBUG org.hibernate.boot.model.internal.AnnotatedColumn - Binding column: AnnotatedColumn()
10:24:43.657 [main] DEBUG org.hibernate.boot.internal.ClassLoaderAccessImpl - Not known whether passed class name [org.frcpm.models.Attendance] is safe
10:24:43.657 [main] DEBUG org.hibernate.boot.internal.ClassLoaderAccessImpl - No temp ClassLoader provided; using live ClassLoader for loading potentially unsafe class : org.frcpm.models.Attendance
10:24:43.657 [main] DEBUG org.hibernate.boot.model.internal.PropertyBinder - MetadataSourceProcessor property id with lazy=false
10:24:43.657 [main] DEBUG org.hibernate.boot.model.internal.AbstractPropertyHolder - Attempting to locate auto-apply AttributeConverter for property [org.frcpm.models.Attendance:id]
10:24:43.657 [main] DEBUG org.hibernate.boot.model.internal.BasicValueBinder - building BasicValue for id
10:24:43.657 [main] DEBUG org.hibernate.mapping.BasicValue - Skipping column re-registration: attendances.id
10:24:43.657 [main] DEBUG org.hibernate.boot.model.internal.PropertyBinder - Building property id
10:24:43.657 [main] DEBUG org.hibernate.boot.model.internal.BinderHelper - #makeIdGenerator(BasicValue([Column(id)]), id, identity, , ...)
10:24:43.657 [main] DEBUG org.hibernate.boot.model.internal.AnnotatedColumn - Binding column: AnnotatedColumn(column='arrival_time')
10:24:43.657 [main] DEBUG org.hibernate.boot.model.internal.PropertyBinder - MetadataSourceProcessor property arrivalTime with lazy=false
10:24:43.657 [main] DEBUG org.hibernate.boot.model.internal.AbstractPropertyHolder - Attempting to locate auto-apply AttributeConverter for property [org.frcpm.models.Attendance:arrivalTime]
10:24:43.657 [main] DEBUG org.hibernate.boot.model.internal.BasicValueBinder - building BasicValue for arrivalTime
10:24:43.657 [main] DEBUG org.hibernate.mapping.BasicValue - Skipping column re-registration: attendances.arrival_time
10:24:43.658 [main] DEBUG org.hibernate.boot.model.internal.PropertyBinder - Building property arrivalTime
10:24:43.658 [main] DEBUG org.hibernate.boot.model.internal.AnnotatedColumn - Binding column: AnnotatedColumn(column='departure_time')
10:24:43.658 [main] DEBUG org.hibernate.boot.model.internal.PropertyBinder - MetadataSourceProcessor property departureTime with lazy=false
10:24:43.658 [main] DEBUG org.hibernate.boot.model.internal.AbstractPropertyHolder - Attempting to locate auto-apply AttributeConverter for property [org.frcpm.models.Attendance:departureTime]
10:24:43.658 [main] DEBUG org.hibernate.boot.model.internal.BasicValueBinder - building BasicValue for departureTime
10:24:43.658 [main] DEBUG org.hibernate.mapping.BasicValue - Skipping column re-registration: attendances.departure_time
10:24:43.658 [main] DEBUG org.hibernate.boot.model.internal.PropertyBinder - Building property departureTime
10:24:43.658 [main] DEBUG org.hibernate.boot.model.internal.AnnotatedColumn - Binding column: AnnotatedJoinColumn(column='meeting_id')
10:24:43.658 [main] DEBUG org.hibernate.boot.model.internal.AnnotatedColumn - Binding column: AnnotatedColumn()
10:24:43.658 [main] DEBUG org.hibernate.boot.model.internal.PropertyBinder - Building property meeting
10:24:43.658 [main] DEBUG org.hibernate.boot.model.internal.AnnotatedColumn - Binding column: AnnotatedJoinColumn(column='member_id')
10:24:43.658 [main] DEBUG org.hibernate.boot.model.internal.AnnotatedColumn - Binding column: AnnotatedColumn()
10:24:43.658 [main] DEBUG org.hibernate.boot.model.internal.PropertyBinder - Building property member
10:24:43.658 [main] DEBUG org.hibernate.boot.model.internal.AnnotatedColumn - Binding column: AnnotatedColumn(column='present')
10:24:43.658 [main] DEBUG org.hibernate.boot.model.internal.PropertyBinder - MetadataSourceProcessor property present with lazy=false
10:24:43.658 [main] DEBUG org.hibernate.boot.model.internal.AbstractPropertyHolder - Attempting to locate auto-apply AttributeConverter for property [org.frcpm.models.Attendance:present]
10:24:43.658 [main] DEBUG org.hibernate.boot.model.internal.BasicValueBinder - building BasicValue for present
10:24:43.658 [main] DEBUG org.hibernate.mapping.BasicValue - Skipping column re-registration: attendances.present
10:24:43.658 [main] DEBUG org.hibernate.boot.model.internal.PropertyBinder - Building property present
10:24:43.658 [main] DEBUG org.hibernate.boot.registry.classloading.internal.ClassLoaderServiceImpl - HHH000194: Package not found or no package-info.java: org.frcpm.models
10:24:43.658 [main] DEBUG org.hibernate.boot.model.internal.EntityBinder - Binding entity from annotated class: org.frcpm.models.Meeting
10:24:43.658 [main] DEBUG org.hibernate.boot.model.internal.EntityBinder - Import with entity name Meeting
10:24:43.658 [main] DEBUG org.hibernate.boot.model.internal.EntityBinder - Bind entity org.frcpm.models.Meeting on table meetings
10:24:43.658 [main] DEBUG org.hibernate.boot.model.internal.AnnotatedColumn - Binding column: AnnotatedDiscriminatorColumn(column='DTYPE')
10:24:43.658 [main] DEBUG org.hibernate.boot.model.internal.AnnotatedColumn - Binding column: AnnotatedColumn()
10:24:43.658 [main] DEBUG org.hibernate.boot.internal.ClassLoaderAccessImpl - Not known whether passed class name [org.frcpm.models.Meeting] is safe
10:24:43.658 [main] DEBUG org.hibernate.boot.internal.ClassLoaderAccessImpl - No temp ClassLoader provided; using live ClassLoader for loading potentially unsafe class : org.frcpm.models.Meeting
10:24:43.658 [main] DEBUG org.hibernate.boot.model.internal.PropertyBinder - MetadataSourceProcessor property id with lazy=false
10:24:43.658 [main] DEBUG org.hibernate.boot.model.internal.AbstractPropertyHolder - Attempting to locate auto-apply AttributeConverter for property [org.frcpm.models.Meeting:id]
10:24:43.658 [main] DEBUG org.hibernate.boot.model.internal.BasicValueBinder - building BasicValue for id
10:24:43.658 [main] DEBUG org.hibernate.mapping.BasicValue - Skipping column re-registration: meetings.id
10:24:43.658 [main] DEBUG org.hibernate.boot.model.internal.PropertyBinder - Building property id
10:24:43.658 [main] DEBUG org.hibernate.boot.model.internal.BinderHelper - #makeIdGenerator(BasicValue([Column(id)]), id, identity, , ...)
10:24:43.658 [main] DEBUG org.hibernate.boot.model.internal.AnnotatedColumn - Binding column: AnnotatedJoinColumn()
10:24:43.658 [main] DEBUG org.hibernate.boot.model.internal.AnnotatedColumn - Binding column: AnnotatedColumn()
10:24:43.658 [main] DEBUG org.hibernate.boot.model.internal.AnnotatedColumn - Binding column: IndexColumn(column='attendances_ORDER')
10:24:43.658 [main] DEBUG org.hibernate.boot.model.internal.AnnotatedColumn - Binding column: AnnotatedColumn()
10:24:43.658 [main] DEBUG org.hibernate.boot.model.internal.AnnotatedColumn - Binding column: AnnotatedColumn(column='attendances_KEY')
10:24:43.658 [main] DEBUG org.hibernate.boot.model.internal.AnnotatedColumn - Binding column: AnnotatedJoinColumn(column='attendances_KEY')
10:24:43.658 [main] DEBUG org.hibernate.boot.model.internal.AnnotatedColumn - Binding column: AnnotatedJoinColumn()
10:24:43.658 [main] DEBUG org.hibernate.boot.model.internal.AnnotatedColumn - Binding column: AnnotatedJoinColumn()
10:24:43.658 [main] DEBUG org.hibernate.boot.model.internal.CollectionBinder - Collection role: org.frcpm.models.Meeting.attendances
10:24:43.658 [main] DEBUG org.hibernate.boot.model.internal.PropertyBinder - Building property attendances
10:24:43.658 [main] DEBUG org.hibernate.boot.model.internal.AnnotatedColumn - Binding column: AnnotatedColumn(column='date')
10:24:43.658 [main] DEBUG org.hibernate.boot.model.internal.PropertyBinder - MetadataSourceProcessor property date with lazy=false
10:24:43.658 [main] DEBUG org.hibernate.boot.model.internal.AbstractPropertyHolder - Attempting to locate auto-apply AttributeConverter for property [org.frcpm.models.Meeting:date]
10:24:43.658 [main] DEBUG org.hibernate.boot.model.internal.BasicValueBinder - building BasicValue for date
10:24:43.658 [main] DEBUG org.hibernate.mapping.BasicValue - Skipping column re-registration: meetings.date
10:24:43.658 [main] DEBUG org.hibernate.boot.model.internal.PropertyBinder - Building property date
10:24:43.658 [main] DEBUG org.hibernate.boot.model.internal.AnnotatedColumn - Binding column: AnnotatedColumn(column='end_time')
10:24:43.658 [main] DEBUG org.hibernate.boot.model.internal.PropertyBinder - MetadataSourceProcessor property endTime with lazy=false
10:24:43.658 [main] DEBUG org.hibernate.boot.model.internal.AbstractPropertyHolder - Attempting to locate auto-apply AttributeConverter for property [org.frcpm.models.Meeting:endTime]
10:24:43.658 [main] DEBUG org.hibernate.boot.model.internal.BasicValueBinder - building BasicValue for endTime
10:24:43.658 [main] DEBUG org.hibernate.mapping.BasicValue - Skipping column re-registration: meetings.end_time
10:24:43.658 [main] DEBUG org.hibernate.boot.model.internal.PropertyBinder - Building property endTime
10:24:43.658 [main] DEBUG org.hibernate.boot.model.internal.AnnotatedColumn - Binding column: AnnotatedColumn(column='notes')
10:24:43.658 [main] DEBUG org.hibernate.boot.model.internal.PropertyBinder - MetadataSourceProcessor property notes with lazy=false
10:24:43.658 [main] DEBUG org.hibernate.boot.model.internal.AbstractPropertyHolder - Attempting to locate auto-apply AttributeConverter for property [org.frcpm.models.Meeting:notes]
10:24:43.658 [main] DEBUG org.hibernate.boot.model.internal.BasicValueBinder - building BasicValue for notes
10:24:43.658 [main] DEBUG org.hibernate.mapping.BasicValue - Skipping column re-registration: meetings.notes
10:24:43.658 [main] DEBUG org.hibernate.boot.model.internal.PropertyBinder - Building property notes
10:24:43.658 [main] DEBUG org.hibernate.boot.model.internal.AnnotatedColumn - Binding column: AnnotatedJoinColumn(column='project_id')
10:24:43.658 [main] DEBUG org.hibernate.boot.model.internal.AnnotatedColumn - Binding column: AnnotatedColumn()
10:24:43.658 [main] DEBUG org.hibernate.boot.model.internal.PropertyBinder - Building property project
10:24:43.658 [main] DEBUG org.hibernate.boot.model.internal.AnnotatedColumn - Binding column: AnnotatedColumn(column='start_time')
10:24:43.658 [main] DEBUG org.hibernate.boot.model.internal.PropertyBinder - MetadataSourceProcessor property startTime with lazy=false
10:24:43.658 [main] DEBUG org.hibernate.boot.model.internal.AbstractPropertyHolder - Attempting to locate auto-apply AttributeConverter for property [org.frcpm.models.Meeting:startTime]
10:24:43.658 [main] DEBUG org.hibernate.boot.model.internal.BasicValueBinder - building BasicValue for startTime
10:24:43.658 [main] DEBUG org.hibernate.mapping.BasicValue - Skipping column re-registration: meetings.start_time
10:24:43.658 [main] DEBUG org.hibernate.boot.model.internal.PropertyBinder - Building property startTime
10:24:43.659 [main] DEBUG org.hibernate.boot.registry.classloading.internal.ClassLoaderServiceImpl - HHH000194: Package not found or no package-info.java: org.frcpm.models
10:24:43.659 [main] DEBUG org.hibernate.boot.model.internal.EntityBinder - Binding entity from annotated class: org.frcpm.models.Subsystem
10:24:43.659 [main] DEBUG org.hibernate.boot.model.internal.EntityBinder - Import with entity name Subsystem
10:24:43.659 [main] DEBUG org.hibernate.boot.model.internal.EntityBinder - Bind entity org.frcpm.models.Subsystem on table subsystems
10:24:43.659 [main] DEBUG org.hibernate.boot.model.internal.AnnotatedColumn - Binding column: AnnotatedDiscriminatorColumn(column='DTYPE')
10:24:43.659 [main] DEBUG org.hibernate.boot.model.internal.AnnotatedColumn - Binding column: AnnotatedColumn()
10:24:43.659 [main] DEBUG org.hibernate.boot.internal.ClassLoaderAccessImpl - Not known whether passed class name [org.frcpm.models.Subsystem] is safe
10:24:43.659 [main] DEBUG org.hibernate.boot.internal.ClassLoaderAccessImpl - No temp ClassLoader provided; using live ClassLoader for loading potentially unsafe class : org.frcpm.models.Subsystem
10:24:43.659 [main] DEBUG org.hibernate.boot.model.internal.PropertyBinder - MetadataSourceProcessor property id with lazy=false
10:24:43.659 [main] DEBUG org.hibernate.boot.model.internal.AbstractPropertyHolder - Attempting to locate auto-apply AttributeConverter for property [org.frcpm.models.Subsystem:id]
10:24:43.659 [main] DEBUG org.hibernate.boot.model.internal.BasicValueBinder - building BasicValue for id
10:24:43.659 [main] DEBUG org.hibernate.mapping.BasicValue - Skipping column re-registration: subsystems.id
10:24:43.659 [main] DEBUG org.hibernate.boot.model.internal.PropertyBinder - Building property id
10:24:43.659 [main] DEBUG org.hibernate.boot.model.internal.BinderHelper - #makeIdGenerator(BasicValue([Column(id)]), id, identity, , ...)
10:24:43.659 [main] DEBUG org.hibernate.boot.model.internal.AnnotatedColumn - Binding column: AnnotatedColumn(column='description')
10:24:43.659 [main] DEBUG org.hibernate.boot.model.internal.PropertyBinder - MetadataSourceProcessor property description with lazy=false
10:24:43.659 [main] DEBUG org.hibernate.boot.model.internal.AbstractPropertyHolder - Attempting to locate auto-apply AttributeConverter for property [org.frcpm.models.Subsystem:description]
10:24:43.659 [main] DEBUG org.hibernate.boot.model.internal.BasicValueBinder - building BasicValue for description
10:24:43.659 [main] DEBUG org.hibernate.mapping.BasicValue - Skipping column re-registration: subsystems.description
10:24:43.659 [main] DEBUG org.hibernate.boot.model.internal.PropertyBinder - Building property description
10:24:43.659 [main] DEBUG org.hibernate.boot.model.internal.AnnotatedColumn - Binding column: AnnotatedColumn(column='name')
10:24:43.659 [main] DEBUG org.hibernate.boot.model.internal.PropertyBinder - MetadataSourceProcessor property name with lazy=false
10:24:43.659 [main] DEBUG org.hibernate.boot.model.internal.AbstractPropertyHolder - Attempting to locate auto-apply AttributeConverter for property [org.frcpm.models.Subsystem:name]
10:24:43.659 [main] DEBUG org.hibernate.boot.model.internal.BasicValueBinder - building BasicValue for name
10:24:43.659 [main] DEBUG org.hibernate.mapping.BasicValue - Skipping column re-registration: subsystems.name
10:24:43.659 [main] DEBUG org.hibernate.boot.model.internal.PropertyBinder - Building property name
10:24:43.659 [main] DEBUG org.hibernate.boot.model.internal.AnnotatedColumn - Binding column: AnnotatedJoinColumn(column='responsible_subteam_id')
10:24:43.659 [main] DEBUG org.hibernate.boot.model.internal.AnnotatedColumn - Binding column: AnnotatedColumn()
10:24:43.659 [main] DEBUG org.hibernate.boot.model.internal.PropertyBinder - Building property responsibleSubteam
10:24:43.659 [main] DEBUG org.hibernate.boot.model.internal.AnnotatedColumn - Binding column: AnnotatedColumn(column='status')
10:24:43.659 [main] DEBUG org.hibernate.boot.model.internal.PropertyBinder - MetadataSourceProcessor property status with lazy=false
10:24:43.659 [main] DEBUG org.hibernate.boot.model.internal.AbstractPropertyHolder - Attempting to locate auto-apply AttributeConverter for property [org.frcpm.models.Subsystem:status]
10:24:43.659 [main] DEBUG org.hibernate.boot.model.internal.BasicValueBinder - building BasicValue for status
10:24:43.659 [main] DEBUG org.hibernate.mapping.BasicValue - Skipping column re-registration: subsystems.status
10:24:43.659 [main] DEBUG org.hibernate.boot.model.internal.PropertyBinder - Building property status
10:24:43.659 [main] DEBUG org.hibernate.boot.model.internal.AnnotatedColumn - Binding column: AnnotatedJoinColumn()
10:24:43.659 [main] DEBUG org.hibernate.boot.model.internal.AnnotatedColumn - Binding column: AnnotatedColumn()
10:24:43.659 [main] DEBUG org.hibernate.boot.model.internal.AnnotatedColumn - Binding column: IndexColumn(column='tasks_ORDER')
10:24:43.659 [main] DEBUG org.hibernate.boot.model.internal.AnnotatedColumn - Binding column: AnnotatedColumn()
10:24:43.659 [main] DEBUG org.hibernate.boot.model.internal.AnnotatedColumn - Binding column: AnnotatedColumn(column='tasks_KEY')
10:24:43.659 [main] DEBUG org.hibernate.boot.model.internal.AnnotatedColumn - Binding column: AnnotatedJoinColumn(column='tasks_KEY')
10:24:43.659 [main] DEBUG org.hibernate.boot.model.internal.AnnotatedColumn - Binding column: AnnotatedJoinColumn()
10:24:43.659 [main] DEBUG org.hibernate.boot.model.internal.AnnotatedColumn - Binding column: AnnotatedJoinColumn()
10:24:43.659 [main] DEBUG org.hibernate.boot.model.internal.CollectionBinder - Collection role: org.frcpm.models.Subsystem.tasks
10:24:43.659 [main] DEBUG org.hibernate.boot.model.internal.PropertyBinder - Building property tasks
10:24:43.659 [main] DEBUG org.hibernate.boot.registry.classloading.internal.ClassLoaderServiceImpl - HHH000194: Package not found or no package-info.java: org.frcpm.models
10:24:43.660 [main] DEBUG org.hibernate.boot.model.internal.EntityBinder - Binding entity from annotated class: org.frcpm.models.Component
10:24:43.660 [main] DEBUG org.hibernate.boot.model.internal.EntityBinder - Import with entity name Component
10:24:43.660 [main] DEBUG org.hibernate.boot.model.internal.EntityBinder - Bind entity org.frcpm.models.Component on table components
10:24:43.660 [main] DEBUG org.hibernate.boot.model.internal.AnnotatedColumn - Binding column: AnnotatedDiscriminatorColumn(column='DTYPE')
10:24:43.660 [main] DEBUG org.hibernate.boot.model.internal.AnnotatedColumn - Binding column: AnnotatedColumn()
10:24:43.660 [main] DEBUG org.hibernate.boot.internal.ClassLoaderAccessImpl - Not known whether passed class name [org.frcpm.models.Component] is safe
10:24:43.660 [main] DEBUG org.hibernate.boot.internal.ClassLoaderAccessImpl - No temp ClassLoader provided; using live ClassLoader for loading potentially unsafe class : org.frcpm.models.Component
10:24:43.660 [main] DEBUG org.hibernate.boot.model.internal.PropertyBinder - MetadataSourceProcessor property id with lazy=false
10:24:43.660 [main] DEBUG org.hibernate.boot.model.internal.AbstractPropertyHolder - Attempting to locate auto-apply AttributeConverter for property [org.frcpm.models.Component:id]
10:24:43.660 [main] DEBUG org.hibernate.boot.model.internal.BasicValueBinder - building BasicValue for id
10:24:43.660 [main] DEBUG org.hibernate.mapping.BasicValue - Skipping column re-registration: components.id
10:24:43.660 [main] DEBUG org.hibernate.boot.model.internal.PropertyBinder - Building property id
10:24:43.660 [main] DEBUG org.hibernate.boot.model.internal.BinderHelper - #makeIdGenerator(BasicValue([Column(id)]), id, identity, , ...)
10:24:43.660 [main] DEBUG org.hibernate.boot.model.internal.AnnotatedColumn - Binding column: AnnotatedColumn(column='actual_delivery')
10:24:43.660 [main] DEBUG org.hibernate.boot.model.internal.PropertyBinder - MetadataSourceProcessor property actualDelivery with lazy=false
10:24:43.660 [main] DEBUG org.hibernate.boot.model.internal.AbstractPropertyHolder - Attempting to locate auto-apply AttributeConverter for property [org.frcpm.models.Component:actualDelivery]
10:24:43.660 [main] DEBUG org.hibernate.boot.model.internal.BasicValueBinder - building BasicValue for actualDelivery
10:24:43.660 [main] DEBUG org.hibernate.mapping.BasicValue - Skipping column re-registration: components.actual_delivery
10:24:43.660 [main] DEBUG org.hibernate.boot.model.internal.PropertyBinder - Building property actualDelivery
10:24:43.660 [main] DEBUG org.hibernate.boot.model.internal.AnnotatedColumn - Binding column: AnnotatedColumn(column='is_delivered')
10:24:43.660 [main] DEBUG org.hibernate.boot.model.internal.PropertyBinder - MetadataSourceProcessor property delivered with lazy=false
10:24:43.660 [main] DEBUG org.hibernate.boot.model.internal.AbstractPropertyHolder - Attempting to locate auto-apply AttributeConverter for property [org.frcpm.models.Component:delivered]
10:24:43.660 [main] DEBUG org.hibernate.boot.model.internal.BasicValueBinder - building BasicValue for delivered
10:24:43.660 [main] DEBUG org.hibernate.mapping.BasicValue - Skipping column re-registration: components.is_delivered
10:24:43.660 [main] DEBUG org.hibernate.boot.model.internal.PropertyBinder - Building property delivered
10:24:43.660 [main] DEBUG org.hibernate.boot.model.internal.AnnotatedColumn - Binding column: AnnotatedColumn(column='description')
10:24:43.660 [main] DEBUG org.hibernate.boot.model.internal.PropertyBinder - MetadataSourceProcessor property description with lazy=false
10:24:43.660 [main] DEBUG org.hibernate.boot.model.internal.AbstractPropertyHolder - Attempting to locate auto-apply AttributeConverter for property [org.frcpm.models.Component:description]
10:24:43.660 [main] DEBUG org.hibernate.boot.model.internal.BasicValueBinder - building BasicValue for description
10:24:43.660 [main] DEBUG org.hibernate.mapping.BasicValue - Skipping column re-registration: components.description
10:24:43.660 [main] DEBUG org.hibernate.boot.model.internal.PropertyBinder - Building property description
10:24:43.660 [main] DEBUG org.hibernate.boot.model.internal.AnnotatedColumn - Binding column: AnnotatedColumn(column='expected_delivery')
10:24:43.660 [main] DEBUG org.hibernate.boot.model.internal.PropertyBinder - MetadataSourceProcessor property expectedDelivery with lazy=false
10:24:43.660 [main] DEBUG org.hibernate.boot.model.internal.AbstractPropertyHolder - Attempting to locate auto-apply AttributeConverter for property [org.frcpm.models.Component:expectedDelivery]
10:24:43.660 [main] DEBUG org.hibernate.boot.model.internal.BasicValueBinder - building BasicValue for expectedDelivery
10:24:43.660 [main] DEBUG org.hibernate.mapping.BasicValue - Skipping column re-registration: components.expected_delivery
10:24:43.660 [main] DEBUG org.hibernate.boot.model.internal.PropertyBinder - Building property expectedDelivery
10:24:43.660 [main] DEBUG org.hibernate.boot.model.internal.AnnotatedColumn - Binding column: AnnotatedColumn(column='name')
10:24:43.660 [main] DEBUG org.hibernate.boot.model.internal.PropertyBinder - MetadataSourceProcessor property name with lazy=false
10:24:43.660 [main] DEBUG org.hibernate.boot.model.internal.AbstractPropertyHolder - Attempting to locate auto-apply AttributeConverter for property [org.frcpm.models.Component:name]
10:24:43.660 [main] DEBUG org.hibernate.boot.model.internal.BasicValueBinder - building BasicValue for name
10:24:43.660 [main] DEBUG org.hibernate.mapping.BasicValue - Skipping column re-registration: components.name
10:24:43.660 [main] DEBUG org.hibernate.boot.model.internal.PropertyBinder - Building property name
10:24:43.660 [main] DEBUG org.hibernate.boot.model.internal.AnnotatedColumn - Binding column: AnnotatedColumn(column='part_number')
10:24:43.660 [main] DEBUG org.hibernate.boot.model.internal.PropertyBinder - MetadataSourceProcessor property partNumber with lazy=false
10:24:43.660 [main] DEBUG org.hibernate.boot.model.internal.AbstractPropertyHolder - Attempting to locate auto-apply AttributeConverter for property [org.frcpm.models.Component:partNumber]
10:24:43.660 [main] DEBUG org.hibernate.boot.model.internal.BasicValueBinder - building BasicValue for partNumber
10:24:43.660 [main] DEBUG org.hibernate.mapping.BasicValue - Skipping column re-registration: components.part_number
10:24:43.660 [main] DEBUG org.hibernate.boot.model.internal.PropertyBinder - Building property partNumber
10:24:43.660 [main] DEBUG org.hibernate.boot.model.internal.AnnotatedColumn - Binding column: IndexColumn(column='requiredForTasks_ORDER')
10:24:43.660 [main] DEBUG org.hibernate.boot.model.internal.AnnotatedColumn - Binding column: AnnotatedColumn()
10:24:43.660 [main] DEBUG org.hibernate.boot.model.internal.AnnotatedColumn - Binding column: AnnotatedColumn(column='requiredForTasks_KEY')
10:24:43.660 [main] DEBUG org.hibernate.boot.model.internal.AnnotatedColumn - Binding column: AnnotatedJoinColumn(column='requiredForTasks_KEY')
10:24:43.660 [main] DEBUG org.hibernate.boot.model.internal.AnnotatedColumn - Binding column: AnnotatedJoinColumn()
10:24:43.660 [main] DEBUG org.hibernate.boot.model.internal.AnnotatedColumn - Binding column: AnnotatedJoinColumn()
10:24:43.660 [main] DEBUG org.hibernate.boot.model.internal.CollectionBinder - Collection role: org.frcpm.models.Component.requiredForTasks
10:24:43.660 [main] DEBUG org.hibernate.boot.model.internal.PropertyBinder - Building property requiredForTasks
10:24:43.660 [main] DEBUG org.hibernate.boot.registry.classloading.internal.ClassLoaderServiceImpl - HHH000194: Package not found or no package-info.java: org.frcpm.models
10:24:43.660 [main] DEBUG org.hibernate.boot.model.internal.EntityBinder - Binding entity from annotated class: org.frcpm.models.Milestone
10:24:43.660 [main] DEBUG org.hibernate.boot.model.internal.EntityBinder - Import with entity name Milestone
10:24:43.660 [main] DEBUG org.hibernate.boot.model.internal.EntityBinder - Bind entity org.frcpm.models.Milestone on table milestones
10:24:43.660 [main] DEBUG org.hibernate.boot.model.internal.AnnotatedColumn - Binding column: AnnotatedDiscriminatorColumn(column='DTYPE')
10:24:43.660 [main] DEBUG org.hibernate.boot.model.internal.AnnotatedColumn - Binding column: AnnotatedColumn()
10:24:43.660 [main] DEBUG org.hibernate.boot.internal.ClassLoaderAccessImpl - Not known whether passed class name [org.frcpm.models.Milestone] is safe
10:24:43.660 [main] DEBUG org.hibernate.boot.internal.ClassLoaderAccessImpl - No temp ClassLoader provided; using live ClassLoader for loading potentially unsafe class : org.frcpm.models.Milestone
10:24:43.660 [main] DEBUG org.hibernate.boot.model.internal.PropertyBinder - MetadataSourceProcessor property id with lazy=false
10:24:43.660 [main] DEBUG org.hibernate.boot.model.internal.AbstractPropertyHolder - Attempting to locate auto-apply AttributeConverter for property [org.frcpm.models.Milestone:id]
10:24:43.660 [main] DEBUG org.hibernate.boot.model.internal.BasicValueBinder - building BasicValue for id
10:24:43.660 [main] DEBUG org.hibernate.mapping.BasicValue - Skipping column re-registration: milestones.id
10:24:43.660 [main] DEBUG org.hibernate.boot.model.internal.PropertyBinder - Building property id
10:24:43.660 [main] DEBUG org.hibernate.boot.model.internal.BinderHelper - #makeIdGenerator(BasicValue([Column(id)]), id, identity, , ...)
10:24:43.660 [main] DEBUG org.hibernate.boot.model.internal.AnnotatedColumn - Binding column: AnnotatedColumn(column='date')
10:24:43.660 [main] DEBUG org.hibernate.boot.model.internal.PropertyBinder - MetadataSourceProcessor property date with lazy=false
10:24:43.660 [main] DEBUG org.hibernate.boot.model.internal.AbstractPropertyHolder - Attempting to locate auto-apply AttributeConverter for property [org.frcpm.models.Milestone:date]
10:24:43.660 [main] DEBUG org.hibernate.boot.model.internal.BasicValueBinder - building BasicValue for date
10:24:43.660 [main] DEBUG org.hibernate.mapping.BasicValue - Skipping column re-registration: milestones.date
10:24:43.660 [main] DEBUG org.hibernate.boot.model.internal.PropertyBinder - Building property date
10:24:43.660 [main] DEBUG org.hibernate.boot.model.internal.AnnotatedColumn - Binding column: AnnotatedColumn(column='description')
10:24:43.660 [main] DEBUG org.hibernate.boot.model.internal.PropertyBinder - MetadataSourceProcessor property description with lazy=false
10:24:43.660 [main] DEBUG org.hibernate.boot.model.internal.AbstractPropertyHolder - Attempting to locate auto-apply AttributeConverter for property [org.frcpm.models.Milestone:description]
10:24:43.660 [main] DEBUG org.hibernate.boot.model.internal.BasicValueBinder - building BasicValue for description
10:24:43.660 [main] DEBUG org.hibernate.mapping.BasicValue - Skipping column re-registration: milestones.description
10:24:43.660 [main] DEBUG org.hibernate.boot.model.internal.PropertyBinder - Building property description
10:24:43.660 [main] DEBUG org.hibernate.boot.model.internal.AnnotatedColumn - Binding column: AnnotatedColumn(column='name')
10:24:43.660 [main] DEBUG org.hibernate.boot.model.internal.PropertyBinder - MetadataSourceProcessor property name with lazy=false
10:24:43.660 [main] DEBUG org.hibernate.boot.model.internal.AbstractPropertyHolder - Attempting to locate auto-apply AttributeConverter for property [org.frcpm.models.Milestone:name]
10:24:43.660 [main] DEBUG org.hibernate.boot.model.internal.BasicValueBinder - building BasicValue for name
10:24:43.660 [main] DEBUG org.hibernate.mapping.BasicValue - Skipping column re-registration: milestones.name
10:24:43.660 [main] DEBUG org.hibernate.boot.model.internal.PropertyBinder - Building property name
10:24:43.660 [main] DEBUG org.hibernate.boot.model.internal.AnnotatedColumn - Binding column: AnnotatedJoinColumn(column='project_id')
10:24:43.660 [main] DEBUG org.hibernate.boot.model.internal.AnnotatedColumn - Binding column: AnnotatedColumn()
10:24:43.660 [main] DEBUG org.hibernate.boot.model.internal.PropertyBinder - Building property project
10:24:43.661 [main] DEBUG org.hibernate.boot.registry.classloading.internal.ClassLoaderServiceImpl - HHH000194: Package not found or no package-info.java: org.frcpm.models
10:24:43.661 [main] DEBUG org.hibernate.boot.model.internal.EntityBinder - Binding entity from annotated class: org.frcpm.models.Project
10:24:43.661 [main] DEBUG org.hibernate.boot.model.internal.EntityBinder - Import with entity name Project
10:24:43.661 [main] DEBUG org.hibernate.boot.model.internal.EntityBinder - Bind entity org.frcpm.models.Project on table projects
10:24:43.661 [main] DEBUG org.hibernate.boot.model.internal.AnnotatedColumn - Binding column: AnnotatedDiscriminatorColumn(column='DTYPE')
10:24:43.661 [main] DEBUG org.hibernate.boot.model.internal.AnnotatedColumn - Binding column: AnnotatedColumn()
10:24:43.661 [main] DEBUG org.hibernate.boot.internal.ClassLoaderAccessImpl - Not known whether passed class name [org.frcpm.models.Project] is safe
10:24:43.661 [main] DEBUG org.hibernate.boot.internal.ClassLoaderAccessImpl - No temp ClassLoader provided; using live ClassLoader for loading potentially unsafe class : org.frcpm.models.Project
10:24:43.661 [main] DEBUG org.hibernate.boot.model.internal.PropertyBinder - MetadataSourceProcessor property id with lazy=false
10:24:43.661 [main] DEBUG org.hibernate.boot.model.internal.AbstractPropertyHolder - Attempting to locate auto-apply AttributeConverter for property [org.frcpm.models.Project:id]
10:24:43.661 [main] DEBUG org.hibernate.boot.model.internal.BasicValueBinder - building BasicValue for id
10:24:43.661 [main] DEBUG org.hibernate.mapping.BasicValue - Skipping column re-registration: projects.id
10:24:43.661 [main] DEBUG org.hibernate.boot.model.internal.PropertyBinder - Building property id
10:24:43.661 [main] DEBUG org.hibernate.boot.model.internal.BinderHelper - #makeIdGenerator(BasicValue([Column(id)]), id, identity, , ...)
10:24:43.661 [main] DEBUG org.hibernate.boot.model.internal.AnnotatedColumn - Binding column: AnnotatedColumn(column='description')
10:24:43.661 [main] DEBUG org.hibernate.boot.model.internal.PropertyBinder - MetadataSourceProcessor property description with lazy=false
10:24:43.661 [main] DEBUG org.hibernate.boot.model.internal.AbstractPropertyHolder - Attempting to locate auto-apply AttributeConverter for property [org.frcpm.models.Project:description]
10:24:43.661 [main] DEBUG org.hibernate.boot.model.internal.BasicValueBinder - building BasicValue for description
10:24:43.661 [main] DEBUG org.hibernate.mapping.BasicValue - Skipping column re-registration: projects.description
10:24:43.661 [main] DEBUG org.hibernate.boot.model.internal.PropertyBinder - Building property description
10:24:43.661 [main] DEBUG org.hibernate.boot.model.internal.AnnotatedColumn - Binding column: AnnotatedColumn(column='goal_end_date')
10:24:43.661 [main] DEBUG org.hibernate.boot.model.internal.PropertyBinder - MetadataSourceProcessor property goalEndDate with lazy=false
10:24:43.661 [main] DEBUG org.hibernate.boot.model.internal.AbstractPropertyHolder - Attempting to locate auto-apply AttributeConverter for property [org.frcpm.models.Project:goalEndDate]
10:24:43.661 [main] DEBUG org.hibernate.boot.model.internal.BasicValueBinder - building BasicValue for goalEndDate
10:24:43.661 [main] DEBUG org.hibernate.mapping.BasicValue - Skipping column re-registration: projects.goal_end_date
10:24:43.661 [main] DEBUG org.hibernate.boot.model.internal.PropertyBinder - Building property goalEndDate
10:24:43.661 [main] DEBUG org.hibernate.boot.model.internal.AnnotatedColumn - Binding column: AnnotatedColumn(column='hard_deadline')
10:24:43.661 [main] DEBUG org.hibernate.boot.model.internal.PropertyBinder - MetadataSourceProcessor property hardDeadline with lazy=false
10:24:43.661 [main] DEBUG org.hibernate.boot.model.internal.AbstractPropertyHolder - Attempting to locate auto-apply AttributeConverter for property [org.frcpm.models.Project:hardDeadline]
10:24:43.661 [main] DEBUG org.hibernate.boot.model.internal.BasicValueBinder - building BasicValue for hardDeadline
10:24:43.661 [main] DEBUG org.hibernate.mapping.BasicValue - Skipping column re-registration: projects.hard_deadline
10:24:43.661 [main] DEBUG org.hibernate.boot.model.internal.PropertyBinder - Building property hardDeadline
10:24:43.661 [main] DEBUG org.hibernate.boot.model.internal.AnnotatedColumn - Binding column: AnnotatedJoinColumn()
10:24:43.661 [main] DEBUG org.hibernate.boot.model.internal.AnnotatedColumn - Binding column: AnnotatedColumn()
10:24:43.661 [main] DEBUG org.hibernate.boot.model.internal.AnnotatedColumn - Binding column: IndexColumn(column='meetings_ORDER')
10:24:43.661 [main] DEBUG org.hibernate.boot.model.internal.AnnotatedColumn - Binding column: AnnotatedColumn()
10:24:43.661 [main] DEBUG org.hibernate.boot.model.internal.AnnotatedColumn - Binding column: AnnotatedColumn(column='meetings_KEY')
10:24:43.661 [main] DEBUG org.hibernate.boot.model.internal.AnnotatedColumn - Binding column: AnnotatedJoinColumn(column='meetings_KEY')
10:24:43.661 [main] DEBUG org.hibernate.boot.model.internal.AnnotatedColumn - Binding column: AnnotatedJoinColumn()
10:24:43.661 [main] DEBUG org.hibernate.boot.model.internal.AnnotatedColumn - Binding column: AnnotatedJoinColumn()
10:24:43.661 [main] DEBUG org.hibernate.boot.model.internal.CollectionBinder - Collection role: org.frcpm.models.Project.meetings
10:24:43.661 [main] DEBUG org.hibernate.boot.model.internal.PropertyBinder - Building property meetings
10:24:43.661 [main] DEBUG org.hibernate.boot.model.internal.AnnotatedColumn - Binding column: AnnotatedJoinColumn()
10:24:43.661 [main] DEBUG org.hibernate.boot.model.internal.AnnotatedColumn - Binding column: AnnotatedColumn()
10:24:43.661 [main] DEBUG org.hibernate.boot.model.internal.AnnotatedColumn - Binding column: IndexColumn(column='milestones_ORDER')
10:24:43.661 [main] DEBUG org.hibernate.boot.model.internal.AnnotatedColumn - Binding column: AnnotatedColumn()
10:24:43.661 [main] DEBUG org.hibernate.boot.model.internal.AnnotatedColumn - Binding column: AnnotatedColumn(column='milestones_KEY')
10:24:43.661 [main] DEBUG org.hibernate.boot.model.internal.AnnotatedColumn - Binding column: AnnotatedJoinColumn(column='milestones_KEY')
10:24:43.661 [main] DEBUG org.hibernate.boot.model.internal.AnnotatedColumn - Binding column: AnnotatedJoinColumn()
10:24:43.661 [main] DEBUG org.hibernate.boot.model.internal.AnnotatedColumn - Binding column: AnnotatedJoinColumn()
10:24:43.661 [main] DEBUG org.hibernate.boot.model.internal.CollectionBinder - Collection role: org.frcpm.models.Project.milestones
10:24:43.661 [main] DEBUG org.hibernate.boot.model.internal.PropertyBinder - Building property milestones
10:24:43.661 [main] DEBUG org.hibernate.boot.model.internal.AnnotatedColumn - Binding column: AnnotatedColumn(column='name')
10:24:43.661 [main] DEBUG org.hibernate.boot.model.internal.PropertyBinder - MetadataSourceProcessor property name with lazy=false
10:24:43.661 [main] DEBUG org.hibernate.boot.model.internal.AbstractPropertyHolder - Attempting to locate auto-apply AttributeConverter for property [org.frcpm.models.Project:name]
10:24:43.661 [main] DEBUG org.hibernate.boot.model.internal.BasicValueBinder - building BasicValue for name
10:24:43.661 [main] DEBUG org.hibernate.mapping.BasicValue - Skipping column re-registration: projects.name
10:24:43.661 [main] DEBUG org.hibernate.boot.model.internal.PropertyBinder - Building property name
10:24:43.661 [main] DEBUG org.hibernate.boot.model.internal.AnnotatedColumn - Binding column: AnnotatedColumn(column='start_date')
10:24:43.661 [main] DEBUG org.hibernate.boot.model.internal.PropertyBinder - MetadataSourceProcessor property startDate with lazy=false
10:24:43.661 [main] DEBUG org.hibernate.boot.model.internal.AbstractPropertyHolder - Attempting to locate auto-apply AttributeConverter for property [org.frcpm.models.Project:startDate]
10:24:43.661 [main] DEBUG org.hibernate.boot.model.internal.BasicValueBinder - building BasicValue for startDate
10:24:43.661 [main] DEBUG org.hibernate.mapping.BasicValue - Skipping column re-registration: projects.start_date
10:24:43.661 [main] DEBUG org.hibernate.boot.model.internal.PropertyBinder - Building property startDate
10:24:43.661 [main] DEBUG org.hibernate.boot.model.internal.AnnotatedColumn - Binding column: AnnotatedJoinColumn()
10:24:43.661 [main] DEBUG org.hibernate.boot.model.internal.AnnotatedColumn - Binding column: AnnotatedColumn()
10:24:43.661 [main] DEBUG org.hibernate.boot.model.internal.AnnotatedColumn - Binding column: IndexColumn(column='tasks_ORDER')
10:24:43.661 [main] DEBUG org.hibernate.boot.model.internal.AnnotatedColumn - Binding column: AnnotatedColumn()
10:24:43.661 [main] DEBUG org.hibernate.boot.model.internal.AnnotatedColumn - Binding column: AnnotatedColumn(column='tasks_KEY')
10:24:43.661 [main] DEBUG org.hibernate.boot.model.internal.AnnotatedColumn - Binding column: AnnotatedJoinColumn(column='tasks_KEY')
10:24:43.661 [main] DEBUG org.hibernate.boot.model.internal.AnnotatedColumn - Binding column: AnnotatedJoinColumn()
10:24:43.661 [main] DEBUG org.hibernate.boot.model.internal.AnnotatedColumn - Binding column: AnnotatedJoinColumn()
10:24:43.661 [main] DEBUG org.hibernate.boot.model.internal.CollectionBinder - Collection role: org.frcpm.models.Project.tasks
10:24:43.661 [main] DEBUG org.hibernate.boot.model.internal.PropertyBinder - Building property tasks
10:24:43.661 [main] DEBUG org.hibernate.boot.registry.classloading.internal.ClassLoaderServiceImpl - HHH000194: Package not found or no package-info.java: org.frcpm.models
10:24:43.661 [main] DEBUG org.hibernate.boot.model.internal.EntityBinder - Binding entity from annotated class: org.frcpm.models.Subteam
10:24:43.661 [main] DEBUG org.hibernate.boot.model.internal.EntityBinder - Import with entity name Subteam
10:24:43.661 [main] DEBUG org.hibernate.boot.model.internal.EntityBinder - Bind entity org.frcpm.models.Subteam on table subteams
10:24:43.661 [main] DEBUG org.hibernate.boot.model.internal.AnnotatedColumn - Binding column: AnnotatedDiscriminatorColumn(column='DTYPE')
10:24:43.661 [main] DEBUG org.hibernate.boot.model.internal.AnnotatedColumn - Binding column: AnnotatedColumn()
10:24:43.661 [main] DEBUG org.hibernate.boot.internal.ClassLoaderAccessImpl - Not known whether passed class name [org.frcpm.models.Subteam] is safe
10:24:43.661 [main] DEBUG org.hibernate.boot.internal.ClassLoaderAccessImpl - No temp ClassLoader provided; using live ClassLoader for loading potentially unsafe class : org.frcpm.models.Subteam
10:24:43.661 [main] DEBUG org.hibernate.boot.model.internal.PropertyBinder - MetadataSourceProcessor property id with lazy=false
10:24:43.661 [main] DEBUG org.hibernate.boot.model.internal.AbstractPropertyHolder - Attempting to locate auto-apply AttributeConverter for property [org.frcpm.models.Subteam:id]
10:24:43.661 [main] DEBUG org.hibernate.boot.model.internal.BasicValueBinder - building BasicValue for id
10:24:43.661 [main] DEBUG org.hibernate.mapping.BasicValue - Skipping column re-registration: subteams.id
10:24:43.661 [main] DEBUG org.hibernate.boot.model.internal.PropertyBinder - Building property id
10:24:43.661 [main] DEBUG org.hibernate.boot.model.internal.BinderHelper - #makeIdGenerator(BasicValue([Column(id)]), id, identity, , ...)
10:24:43.661 [main] DEBUG org.hibernate.boot.model.internal.AnnotatedColumn - Binding column: AnnotatedColumn(column='color_code')
10:24:43.661 [main] DEBUG org.hibernate.boot.model.internal.PropertyBinder - MetadataSourceProcessor property colorCode with lazy=false
10:24:43.661 [main] DEBUG org.hibernate.boot.model.internal.AbstractPropertyHolder - Attempting to locate auto-apply AttributeConverter for property [org.frcpm.models.Subteam:colorCode]
10:24:43.661 [main] DEBUG org.hibernate.boot.model.internal.BasicValueBinder - building BasicValue for colorCode
10:24:43.661 [main] DEBUG org.hibernate.mapping.BasicValue - Skipping column re-registration: subteams.color_code
10:24:43.661 [main] DEBUG org.hibernate.boot.model.internal.PropertyBinder - Building property colorCode
10:24:43.661 [main] DEBUG org.hibernate.boot.model.internal.AnnotatedColumn - Binding column: AnnotatedJoinColumn()
10:24:43.661 [main] DEBUG org.hibernate.boot.model.internal.AnnotatedColumn - Binding column: AnnotatedColumn()
10:24:43.661 [main] DEBUG org.hibernate.boot.model.internal.AnnotatedColumn - Binding column: IndexColumn(column='members_ORDER')
10:24:43.661 [main] DEBUG org.hibernate.boot.model.internal.AnnotatedColumn - Binding column: AnnotatedColumn()
10:24:43.661 [main] DEBUG org.hibernate.boot.model.internal.AnnotatedColumn - Binding column: AnnotatedColumn(column='members_KEY')
10:24:43.661 [main] DEBUG org.hibernate.boot.model.internal.AnnotatedColumn - Binding column: AnnotatedJoinColumn(column='members_KEY')
10:24:43.661 [main] DEBUG org.hibernate.boot.model.internal.AnnotatedColumn - Binding column: AnnotatedJoinColumn()
10:24:43.661 [main] DEBUG org.hibernate.boot.model.internal.AnnotatedColumn - Binding column: AnnotatedJoinColumn()
10:24:43.661 [main] DEBUG org.hibernate.boot.model.internal.CollectionBinder - Collection role: org.frcpm.models.Subteam.members
10:24:43.661 [main] DEBUG org.hibernate.boot.model.internal.PropertyBinder - Building property members
10:24:43.661 [main] DEBUG org.hibernate.boot.model.internal.AnnotatedColumn - Binding column: AnnotatedColumn(column='name')
10:24:43.661 [main] DEBUG org.hibernate.boot.model.internal.PropertyBinder - MetadataSourceProcessor property name with lazy=false
10:24:43.661 [main] DEBUG org.hibernate.boot.model.internal.AbstractPropertyHolder - Attempting to locate auto-apply AttributeConverter for property [org.frcpm.models.Subteam:name]
10:24:43.661 [main] DEBUG org.hibernate.boot.model.internal.BasicValueBinder - building BasicValue for name
10:24:43.661 [main] DEBUG org.hibernate.mapping.BasicValue - Skipping column re-registration: subteams.name
10:24:43.661 [main] DEBUG org.hibernate.boot.model.internal.PropertyBinder - Building property name
10:24:43.661 [main] DEBUG org.hibernate.boot.model.internal.AnnotatedColumn - Binding column: AnnotatedColumn(column='specialties')
10:24:43.661 [main] DEBUG org.hibernate.boot.model.internal.PropertyBinder - MetadataSourceProcessor property specialties with lazy=false
10:24:43.661 [main] DEBUG org.hibernate.boot.model.internal.AbstractPropertyHolder - Attempting to locate auto-apply AttributeConverter for property [org.frcpm.models.Subteam:specialties]
10:24:43.661 [main] DEBUG org.hibernate.boot.model.internal.BasicValueBinder - building BasicValue for specialties
10:24:43.661 [main] DEBUG org.hibernate.mapping.BasicValue - Skipping column re-registration: subteams.specialties
10:24:43.661 [main] DEBUG org.hibernate.boot.model.internal.PropertyBinder - Building property specialties
10:24:43.661 [main] DEBUG org.hibernate.boot.model.internal.AnnotatedColumn - Binding column: AnnotatedJoinColumn()
10:24:43.661 [main] DEBUG org.hibernate.boot.model.internal.AnnotatedColumn - Binding column: AnnotatedColumn()
10:24:43.661 [main] DEBUG org.hibernate.boot.model.internal.AnnotatedColumn - Binding column: IndexColumn(column='subsystems_ORDER')
10:24:43.661 [main] DEBUG org.hibernate.boot.model.internal.AnnotatedColumn - Binding column: AnnotatedColumn()
10:24:43.661 [main] DEBUG org.hibernate.boot.model.internal.AnnotatedColumn - Binding column: AnnotatedColumn(column='subsystems_KEY')
10:24:43.661 [main] DEBUG org.hibernate.boot.model.internal.AnnotatedColumn - Binding column: AnnotatedJoinColumn(column='subsystems_KEY')
10:24:43.661 [main] DEBUG org.hibernate.boot.model.internal.AnnotatedColumn - Binding column: AnnotatedJoinColumn()
10:24:43.661 [main] DEBUG org.hibernate.boot.model.internal.AnnotatedColumn - Binding column: AnnotatedJoinColumn()
10:24:43.661 [main] DEBUG org.hibernate.boot.model.internal.CollectionBinder - Collection role: org.frcpm.models.Subteam.subsystems
10:24:43.661 [main] DEBUG org.hibernate.boot.model.internal.PropertyBinder - Building property subsystems
10:24:43.662 [main] DEBUG org.hibernate.boot.registry.classloading.internal.ClassLoaderServiceImpl - HHH000194: Package not found or no package-info.java: org.frcpm.models
10:24:43.662 [main] DEBUG org.hibernate.boot.model.internal.EntityBinder - Binding entity from annotated class: org.frcpm.models.Task
10:24:43.662 [main] DEBUG org.hibernate.boot.model.internal.EntityBinder - Import with entity name Task
10:24:43.662 [main] DEBUG org.hibernate.boot.model.internal.EntityBinder - Bind entity org.frcpm.models.Task on table tasks
10:24:43.662 [main] DEBUG org.hibernate.boot.model.internal.AnnotatedColumn - Binding column: AnnotatedDiscriminatorColumn(column='DTYPE')
10:24:43.662 [main] DEBUG org.hibernate.boot.model.internal.AnnotatedColumn - Binding column: AnnotatedColumn()
10:24:43.662 [main] DEBUG org.hibernate.boot.internal.ClassLoaderAccessImpl - Not known whether passed class name [org.frcpm.models.Task] is safe
10:24:43.662 [main] DEBUG org.hibernate.boot.internal.ClassLoaderAccessImpl - No temp ClassLoader provided; using live ClassLoader for loading potentially unsafe class : org.frcpm.models.Task
10:24:43.662 [main] DEBUG org.hibernate.boot.model.internal.PropertyBinder - MetadataSourceProcessor property id with lazy=false
10:24:43.662 [main] DEBUG org.hibernate.boot.model.internal.AbstractPropertyHolder - Attempting to locate auto-apply AttributeConverter for property [org.frcpm.models.Task:id]
10:24:43.662 [main] DEBUG org.hibernate.boot.model.internal.BasicValueBinder - building BasicValue for id
10:24:43.662 [main] DEBUG org.hibernate.mapping.BasicValue - Skipping column re-registration: tasks.id
10:24:43.662 [main] DEBUG org.hibernate.boot.model.internal.PropertyBinder - Building property id
10:24:43.662 [main] DEBUG org.hibernate.boot.model.internal.BinderHelper - #makeIdGenerator(BasicValue([Column(id)]), id, identity, , ...)
10:24:43.662 [main] DEBUG org.hibernate.boot.model.internal.AnnotatedColumn - Binding column: AnnotatedColumn(column='actual_duration_seconds')
10:24:43.662 [main] DEBUG org.hibernate.boot.model.internal.PropertyBinder - MetadataSourceProcessor property actualDurationSeconds with lazy=false
10:24:43.662 [main] DEBUG org.hibernate.boot.model.internal.AbstractPropertyHolder - Attempting to locate auto-apply AttributeConverter for property [org.frcpm.models.Task:actualDurationSeconds]
10:24:43.662 [main] DEBUG org.hibernate.boot.model.internal.BasicValueBinder - building BasicValue for actualDurationSeconds
10:24:43.662 [main] DEBUG org.hibernate.mapping.BasicValue - Skipping column re-registration: tasks.actual_duration_seconds
10:24:43.662 [main] DEBUG org.hibernate.boot.model.internal.PropertyBinder - Building property actualDurationSeconds
10:24:43.662 [main] DEBUG org.hibernate.boot.model.internal.AnnotatedColumn - Binding column: IndexColumn(column='assignedTo_ORDER')
10:24:43.662 [main] DEBUG org.hibernate.boot.model.internal.AnnotatedColumn - Binding column: AnnotatedColumn()
10:24:43.662 [main] DEBUG org.hibernate.boot.model.internal.AnnotatedColumn - Binding column: AnnotatedColumn(column='assignedTo_KEY')
10:24:43.662 [main] DEBUG org.hibernate.boot.model.internal.AnnotatedColumn - Binding column: AnnotatedJoinColumn(column='assignedTo_KEY')
10:24:43.662 [main] DEBUG org.hibernate.boot.model.internal.AnnotatedColumn - Binding column: AnnotatedJoinColumn(column='task_id')
10:24:43.662 [main] DEBUG org.hibernate.boot.model.internal.AnnotatedColumn - Binding column: AnnotatedJoinColumn(column='team_member_id')
10:24:43.662 [main] DEBUG org.hibernate.boot.model.internal.CollectionBinder - Collection role: org.frcpm.models.Task.assignedTo
10:24:43.662 [main] DEBUG org.hibernate.boot.model.internal.PropertyBinder - Building property assignedTo
10:24:43.662 [main] DEBUG org.hibernate.boot.model.internal.AnnotatedColumn - Binding column: AnnotatedColumn(column='completed')
10:24:43.662 [main] DEBUG org.hibernate.boot.model.internal.PropertyBinder - MetadataSourceProcessor property completed with lazy=false
10:24:43.662 [main] DEBUG org.hibernate.boot.model.internal.AbstractPropertyHolder - Attempting to locate auto-apply AttributeConverter for property [org.frcpm.models.Task:completed]
10:24:43.662 [main] DEBUG org.hibernate.boot.model.internal.BasicValueBinder - building BasicValue for completed
10:24:43.662 [main] DEBUG org.hibernate.mapping.BasicValue - Skipping column re-registration: tasks.completed
10:24:43.662 [main] DEBUG org.hibernate.boot.model.internal.PropertyBinder - Building property completed
10:24:43.662 [main] DEBUG org.hibernate.boot.model.internal.AnnotatedColumn - Binding column: AnnotatedColumn(column='description')
10:24:43.662 [main] DEBUG org.hibernate.boot.model.internal.PropertyBinder - MetadataSourceProcessor property description with lazy=false
10:24:43.662 [main] DEBUG org.hibernate.boot.model.internal.AbstractPropertyHolder - Attempting to locate auto-apply AttributeConverter for property [org.frcpm.models.Task:description]
10:24:43.662 [main] DEBUG org.hibernate.boot.model.internal.BasicValueBinder - building BasicValue for description
10:24:43.662 [main] DEBUG org.hibernate.mapping.BasicValue - Skipping column re-registration: tasks.description
10:24:43.662 [main] DEBUG org.hibernate.boot.model.internal.PropertyBinder - Building property description
10:24:43.662 [main] DEBUG org.hibernate.boot.model.internal.AnnotatedColumn - Binding column: AnnotatedColumn(column='end_date')
10:24:43.662 [main] DEBUG org.hibernate.boot.model.internal.PropertyBinder - MetadataSourceProcessor property endDate with lazy=false
10:24:43.662 [main] DEBUG org.hibernate.boot.model.internal.AbstractPropertyHolder - Attempting to locate auto-apply AttributeConverter for property [org.frcpm.models.Task:endDate]
10:24:43.662 [main] DEBUG org.hibernate.boot.model.internal.BasicValueBinder - building BasicValue for endDate
10:24:43.662 [main] DEBUG org.hibernate.mapping.BasicValue - Skipping column re-registration: tasks.end_date
10:24:43.662 [main] DEBUG org.hibernate.boot.model.internal.PropertyBinder - Building property endDate
10:24:43.662 [main] DEBUG org.hibernate.boot.model.internal.AnnotatedColumn - Binding column: AnnotatedColumn(column='estimated_duration_seconds')
10:24:43.662 [main] DEBUG org.hibernate.boot.model.internal.PropertyBinder - MetadataSourceProcessor property estimatedDurationSeconds with lazy=false
10:24:43.662 [main] DEBUG org.hibernate.boot.model.internal.AbstractPropertyHolder - Attempting to locate auto-apply AttributeConverter for property [org.frcpm.models.Task:estimatedDurationSeconds]
10:24:43.662 [main] DEBUG org.hibernate.boot.model.internal.BasicValueBinder - building BasicValue for estimatedDurationSeconds
10:24:43.662 [main] DEBUG org.hibernate.mapping.BasicValue - Skipping column re-registration: tasks.estimated_duration_seconds
10:24:43.662 [main] DEBUG org.hibernate.boot.model.internal.PropertyBinder - Building property estimatedDurationSeconds
10:24:43.662 [main] DEBUG org.hibernate.boot.model.internal.AnnotatedColumn - Binding column: IndexColumn(column='postDependencies_ORDER')
10:24:43.662 [main] DEBUG org.hibernate.boot.model.internal.AnnotatedColumn - Binding column: AnnotatedColumn()
10:24:43.662 [main] DEBUG org.hibernate.boot.model.internal.AnnotatedColumn - Binding column: AnnotatedColumn(column='postDependencies_KEY')
10:24:43.662 [main] DEBUG org.hibernate.boot.model.internal.AnnotatedColumn - Binding column: AnnotatedJoinColumn(column='postDependencies_KEY')
10:24:43.662 [main] DEBUG org.hibernate.boot.model.internal.AnnotatedColumn - Binding column: AnnotatedJoinColumn()
10:24:43.662 [main] DEBUG org.hibernate.boot.model.internal.AnnotatedColumn - Binding column: AnnotatedJoinColumn()
10:24:43.662 [main] DEBUG org.hibernate.boot.model.internal.CollectionBinder - Collection role: org.frcpm.models.Task.postDependencies
10:24:43.662 [main] DEBUG org.hibernate.boot.model.internal.PropertyBinder - Building property postDependencies
10:24:43.662 [main] DEBUG org.hibernate.boot.model.internal.AnnotatedColumn - Binding column: IndexColumn(column='preDependencies_ORDER')
10:24:43.662 [main] DEBUG org.hibernate.boot.model.internal.AnnotatedColumn - Binding column: AnnotatedColumn()
10:24:43.662 [main] DEBUG org.hibernate.boot.model.internal.AnnotatedColumn - Binding column: AnnotatedColumn(column='preDependencies_KEY')
10:24:43.662 [main] DEBUG org.hibernate.boot.model.internal.AnnotatedColumn - Binding column: AnnotatedJoinColumn(column='preDependencies_KEY')
10:24:43.662 [main] DEBUG org.hibernate.boot.model.internal.AnnotatedColumn - Binding column: AnnotatedJoinColumn(column='task_id')
10:24:43.662 [main] DEBUG org.hibernate.boot.model.internal.AnnotatedColumn - Binding column: AnnotatedJoinColumn(column='dependency_id')
10:24:43.662 [main] DEBUG org.hibernate.boot.model.internal.CollectionBinder - Collection role: org.frcpm.models.Task.preDependencies
10:24:43.662 [main] DEBUG org.hibernate.boot.model.internal.PropertyBinder - Building property preDependencies
10:24:43.662 [main] DEBUG org.hibernate.boot.model.internal.AnnotatedColumn - Binding column: AnnotatedColumn(column='priority')
10:24:43.662 [main] DEBUG org.hibernate.boot.model.internal.PropertyBinder - MetadataSourceProcessor property priority with lazy=false
10:24:43.662 [main] DEBUG org.hibernate.boot.model.internal.AbstractPropertyHolder - Attempting to locate auto-apply AttributeConverter for property [org.frcpm.models.Task:priority]
10:24:43.662 [main] DEBUG org.hibernate.boot.model.internal.BasicValueBinder - building BasicValue for priority
10:24:43.662 [main] DEBUG org.hibernate.mapping.BasicValue - Skipping column re-registration: tasks.priority
10:24:43.662 [main] DEBUG org.hibernate.boot.model.internal.PropertyBinder - Building property priority
10:24:43.662 [main] DEBUG org.hibernate.boot.model.internal.AnnotatedColumn - Binding column: AnnotatedColumn(column='progress')
10:24:43.662 [main] DEBUG org.hibernate.boot.model.internal.PropertyBinder - MetadataSourceProcessor property progress with lazy=false
10:24:43.662 [main] DEBUG org.hibernate.boot.model.internal.AbstractPropertyHolder - Attempting to locate auto-apply AttributeConverter for property [org.frcpm.models.Task:progress]
10:24:43.662 [main] DEBUG org.hibernate.boot.model.internal.BasicValueBinder - building BasicValue for progress
10:24:43.662 [main] DEBUG org.hibernate.mapping.BasicValue - Skipping column re-registration: tasks.progress
10:24:43.662 [main] DEBUG org.hibernate.boot.model.internal.PropertyBinder - Building property progress
10:24:43.662 [main] DEBUG org.hibernate.boot.model.internal.AnnotatedColumn - Binding column: AnnotatedJoinColumn(column='project_id')
10:24:43.662 [main] DEBUG org.hibernate.boot.model.internal.AnnotatedColumn - Binding column: AnnotatedColumn()
10:24:43.662 [main] DEBUG org.hibernate.boot.model.internal.PropertyBinder - Building property project
10:24:43.662 [main] DEBUG org.hibernate.boot.model.internal.AnnotatedColumn - Binding column: IndexColumn(column='requiredComponents_ORDER')
10:24:43.662 [main] DEBUG org.hibernate.boot.model.internal.AnnotatedColumn - Binding column: AnnotatedColumn()
10:24:43.662 [main] DEBUG org.hibernate.boot.model.internal.AnnotatedColumn - Binding column: AnnotatedColumn(column='requiredComponents_KEY')
10:24:43.662 [main] DEBUG org.hibernate.boot.model.internal.AnnotatedColumn - Binding column: AnnotatedJoinColumn(column='requiredComponents_KEY')
10:24:43.662 [main] DEBUG org.hibernate.boot.model.internal.AnnotatedColumn - Binding column: AnnotatedJoinColumn(column='task_id')
10:24:43.662 [main] DEBUG org.hibernate.boot.model.internal.AnnotatedColumn - Binding column: AnnotatedJoinColumn(column='component_id')
10:24:43.662 [main] DEBUG org.hibernate.boot.model.internal.CollectionBinder - Collection role: org.frcpm.models.Task.requiredComponents
10:24:43.662 [main] DEBUG org.hibernate.boot.model.internal.PropertyBinder - Building property requiredComponents
10:24:43.662 [main] DEBUG org.hibernate.boot.model.internal.AnnotatedColumn - Binding column: AnnotatedColumn(column='start_date')
10:24:43.662 [main] DEBUG org.hibernate.boot.model.internal.PropertyBinder - MetadataSourceProcessor property startDate with lazy=false
10:24:43.662 [main] DEBUG org.hibernate.boot.model.internal.AbstractPropertyHolder - Attempting to locate auto-apply AttributeConverter for property [org.frcpm.models.Task:startDate]
10:24:43.662 [main] DEBUG org.hibernate.boot.model.internal.BasicValueBinder - building BasicValue for startDate
10:24:43.662 [main] DEBUG org.hibernate.mapping.BasicValue - Skipping column re-registration: tasks.start_date
10:24:43.662 [main] DEBUG org.hibernate.boot.model.internal.PropertyBinder - Building property startDate
10:24:43.662 [main] DEBUG org.hibernate.boot.model.internal.AnnotatedColumn - Binding column: AnnotatedJoinColumn(column='subsystem_id')
10:24:43.662 [main] DEBUG org.hibernate.boot.model.internal.AnnotatedColumn - Binding column: AnnotatedColumn()
10:24:43.662 [main] DEBUG org.hibernate.boot.model.internal.PropertyBinder - Building property subsystem
10:24:43.662 [main] DEBUG org.hibernate.boot.model.internal.AnnotatedColumn - Binding column: AnnotatedColumn(column='title')
10:24:43.662 [main] DEBUG org.hibernate.boot.model.internal.PropertyBinder - MetadataSourceProcessor property title with lazy=false
10:24:43.662 [main] DEBUG org.hibernate.boot.model.internal.AbstractPropertyHolder - Attempting to locate auto-apply AttributeConverter for property [org.frcpm.models.Task:title]
10:24:43.662 [main] DEBUG org.hibernate.boot.model.internal.BasicValueBinder - building BasicValue for title
10:24:43.662 [main] DEBUG org.hibernate.mapping.BasicValue - Skipping column re-registration: tasks.title
10:24:43.662 [main] DEBUG org.hibernate.boot.model.internal.PropertyBinder - Building property title
10:24:43.663 [main] DEBUG org.hibernate.boot.registry.classloading.internal.ClassLoaderServiceImpl - HHH000194: Package not found or no package-info.java: org.frcpm.models
10:24:43.663 [main] DEBUG org.hibernate.boot.model.internal.EntityBinder - Binding entity from annotated class: org.frcpm.models.TeamMember
10:24:43.664 [main] DEBUG org.hibernate.boot.model.internal.EntityBinder - Import with entity name TeamMember
10:24:43.664 [main] DEBUG org.hibernate.boot.model.internal.EntityBinder - Bind entity org.frcpm.models.TeamMember on table team_members
10:24:43.664 [main] DEBUG org.hibernate.boot.model.internal.AnnotatedColumn - Binding column: AnnotatedDiscriminatorColumn(column='DTYPE')
10:24:43.664 [main] DEBUG org.hibernate.boot.model.internal.AnnotatedColumn - Binding column: AnnotatedColumn()
10:24:43.664 [main] DEBUG org.hibernate.boot.internal.ClassLoaderAccessImpl - Not known whether passed class name [org.frcpm.models.TeamMember] is safe
10:24:43.664 [main] DEBUG org.hibernate.boot.internal.ClassLoaderAccessImpl - No temp ClassLoader provided; using live ClassLoader for loading potentially unsafe class : org.frcpm.models.TeamMember
10:24:43.664 [main] DEBUG org.hibernate.boot.model.internal.PropertyBinder - MetadataSourceProcessor property id with lazy=false
10:24:43.664 [main] DEBUG org.hibernate.boot.model.internal.AbstractPropertyHolder - Attempting to locate auto-apply AttributeConverter for property [org.frcpm.models.TeamMember:id]
10:24:43.664 [main] DEBUG org.hibernate.boot.model.internal.BasicValueBinder - building BasicValue for id
10:24:43.664 [main] DEBUG org.hibernate.mapping.BasicValue - Skipping column re-registration: team_members.id
10:24:43.664 [main] DEBUG org.hibernate.boot.model.internal.PropertyBinder - Building property id
10:24:43.664 [main] DEBUG org.hibernate.boot.model.internal.BinderHelper - #makeIdGenerator(BasicValue([Column(id)]), id, identity, , ...)
10:24:43.664 [main] DEBUG org.hibernate.boot.model.internal.AnnotatedColumn - Binding column: IndexColumn(column='assignedTasks_ORDER')
10:24:43.664 [main] DEBUG org.hibernate.boot.model.internal.AnnotatedColumn - Binding column: AnnotatedColumn()
10:24:43.664 [main] DEBUG org.hibernate.boot.model.internal.AnnotatedColumn - Binding column: AnnotatedColumn(column='assignedTasks_KEY')
10:24:43.664 [main] DEBUG org.hibernate.boot.model.internal.AnnotatedColumn - Binding column: AnnotatedJoinColumn(column='assignedTasks_KEY')
10:24:43.664 [main] DEBUG org.hibernate.boot.model.internal.AnnotatedColumn - Binding column: AnnotatedJoinColumn()
10:24:43.664 [main] DEBUG org.hibernate.boot.model.internal.AnnotatedColumn - Binding column: AnnotatedJoinColumn()
10:24:43.664 [main] DEBUG org.hibernate.boot.model.internal.CollectionBinder - Collection role: org.frcpm.models.TeamMember.assignedTasks
10:24:43.664 [main] DEBUG org.hibernate.boot.model.internal.PropertyBinder - Building property assignedTasks
10:24:43.664 [main] DEBUG org.hibernate.boot.model.internal.AnnotatedColumn - Binding column: AnnotatedJoinColumn()
10:24:43.664 [main] DEBUG org.hibernate.boot.model.internal.AnnotatedColumn - Binding column: AnnotatedColumn()
10:24:43.664 [main] DEBUG org.hibernate.boot.model.internal.AnnotatedColumn - Binding column: IndexColumn(column='attendances_ORDER')
10:24:43.664 [main] DEBUG org.hibernate.boot.model.internal.AnnotatedColumn - Binding column: AnnotatedColumn()
10:24:43.664 [main] DEBUG org.hibernate.boot.model.internal.AnnotatedColumn - Binding column: AnnotatedColumn(column='attendances_KEY')
10:24:43.664 [main] DEBUG org.hibernate.boot.model.internal.AnnotatedColumn - Binding column: AnnotatedJoinColumn(column='attendances_KEY')
10:24:43.664 [main] DEBUG org.hibernate.boot.model.internal.AnnotatedColumn - Binding column: AnnotatedJoinColumn()
10:24:43.664 [main] DEBUG org.hibernate.boot.model.internal.AnnotatedColumn - Binding column: AnnotatedJoinColumn()
10:24:43.664 [main] DEBUG org.hibernate.boot.model.internal.CollectionBinder - Collection role: org.frcpm.models.TeamMember.attendances
10:24:43.664 [main] DEBUG org.hibernate.boot.model.internal.PropertyBinder - Building property attendances
10:24:43.664 [main] DEBUG org.hibernate.boot.model.internal.AnnotatedColumn - Binding column: AnnotatedColumn(column='email')
10:24:43.664 [main] DEBUG org.hibernate.boot.model.internal.PropertyBinder - MetadataSourceProcessor property email with lazy=false
10:24:43.664 [main] DEBUG org.hibernate.boot.model.internal.AbstractPropertyHolder - Attempting to locate auto-apply AttributeConverter for property [org.frcpm.models.TeamMember:email]
10:24:43.664 [main] DEBUG org.hibernate.boot.model.internal.BasicValueBinder - building BasicValue for email
10:24:43.664 [main] DEBUG org.hibernate.mapping.BasicValue - Skipping column re-registration: team_members.email
10:24:43.664 [main] DEBUG org.hibernate.boot.model.internal.PropertyBinder - Building property email
10:24:43.664 [main] DEBUG org.hibernate.boot.model.internal.AnnotatedColumn - Binding column: AnnotatedColumn(column='first_name')
10:24:43.664 [main] DEBUG org.hibernate.boot.model.internal.PropertyBinder - MetadataSourceProcessor property firstName with lazy=false
10:24:43.664 [main] DEBUG org.hibernate.boot.model.internal.AbstractPropertyHolder - Attempting to locate auto-apply AttributeConverter for property [org.frcpm.models.TeamMember:firstName]
10:24:43.664 [main] DEBUG org.hibernate.boot.model.internal.BasicValueBinder - building BasicValue for firstName
10:24:43.664 [main] DEBUG org.hibernate.mapping.BasicValue - Skipping column re-registration: team_members.first_name
10:24:43.664 [main] DEBUG org.hibernate.boot.model.internal.PropertyBinder - Building property firstName
10:24:43.664 [main] DEBUG org.hibernate.boot.model.internal.AnnotatedColumn - Binding column: AnnotatedColumn(column='last_name')
10:24:43.664 [main] DEBUG org.hibernate.boot.model.internal.PropertyBinder - MetadataSourceProcessor property lastName with lazy=false
10:24:43.664 [main] DEBUG org.hibernate.boot.model.internal.AbstractPropertyHolder - Attempting to locate auto-apply AttributeConverter for property [org.frcpm.models.TeamMember:lastName]
10:24:43.664 [main] DEBUG org.hibernate.boot.model.internal.BasicValueBinder - building BasicValue for lastName
10:24:43.664 [main] DEBUG org.hibernate.mapping.BasicValue - Skipping column re-registration: team_members.last_name
10:24:43.664 [main] DEBUG org.hibernate.boot.model.internal.PropertyBinder - Building property lastName
10:24:43.664 [main] DEBUG org.hibernate.boot.model.internal.AnnotatedColumn - Binding column: AnnotatedColumn(column='is_leader')
10:24:43.664 [main] DEBUG org.hibernate.boot.model.internal.PropertyBinder - MetadataSourceProcessor property leader with lazy=false
10:24:43.664 [main] DEBUG org.hibernate.boot.model.internal.AbstractPropertyHolder - Attempting to locate auto-apply AttributeConverter for property [org.frcpm.models.TeamMember:leader]
10:24:43.664 [main] DEBUG org.hibernate.boot.model.internal.BasicValueBinder - building BasicValue for leader
10:24:43.664 [main] DEBUG org.hibernate.mapping.BasicValue - Skipping column re-registration: team_members.is_leader
10:24:43.664 [main] DEBUG org.hibernate.boot.model.internal.PropertyBinder - Building property leader
10:24:43.664 [main] DEBUG org.hibernate.boot.model.internal.AnnotatedColumn - Binding column: AnnotatedColumn(column='phone')
10:24:43.664 [main] DEBUG org.hibernate.boot.model.internal.PropertyBinder - MetadataSourceProcessor property phone with lazy=false
10:24:43.664 [main] DEBUG org.hibernate.boot.model.internal.AbstractPropertyHolder - Attempting to locate auto-apply AttributeConverter for property [org.frcpm.models.TeamMember:phone]
10:24:43.664 [main] DEBUG org.hibernate.boot.model.internal.BasicValueBinder - building BasicValue for phone
10:24:43.664 [main] DEBUG org.hibernate.mapping.BasicValue - Skipping column re-registration: team_members.phone
10:24:43.664 [main] DEBUG org.hibernate.boot.model.internal.PropertyBinder - Building property phone
10:24:43.664 [main] DEBUG org.hibernate.boot.model.internal.AnnotatedColumn - Binding column: AnnotatedColumn(column='skills')
10:24:43.664 [main] DEBUG org.hibernate.boot.model.internal.PropertyBinder - MetadataSourceProcessor property skills with lazy=false
10:24:43.664 [main] DEBUG org.hibernate.boot.model.internal.AbstractPropertyHolder - Attempting to locate auto-apply AttributeConverter for property [org.frcpm.models.TeamMember:skills]
10:24:43.664 [main] DEBUG org.hibernate.boot.model.internal.BasicValueBinder - building BasicValue for skills
10:24:43.664 [main] DEBUG org.hibernate.mapping.BasicValue - Skipping column re-registration: team_members.skills
10:24:43.664 [main] DEBUG org.hibernate.boot.model.internal.PropertyBinder - Building property skills
10:24:43.664 [main] DEBUG org.hibernate.boot.model.internal.AnnotatedColumn - Binding column: AnnotatedJoinColumn(column='subteam_id')
10:24:43.664 [main] DEBUG org.hibernate.boot.model.internal.AnnotatedColumn - Binding column: AnnotatedColumn()
10:24:43.664 [main] DEBUG org.hibernate.boot.model.internal.PropertyBinder - Building property subteam
10:24:43.664 [main] DEBUG org.hibernate.boot.model.internal.AnnotatedColumn - Binding column: AnnotatedColumn(column='username')
10:24:43.664 [main] DEBUG org.hibernate.boot.model.internal.PropertyBinder - MetadataSourceProcessor property username with lazy=false
10:24:43.664 [main] DEBUG org.hibernate.boot.model.internal.AbstractPropertyHolder - Attempting to locate auto-apply AttributeConverter for property [org.frcpm.models.TeamMember:username]
10:24:43.664 [main] DEBUG org.hibernate.boot.model.internal.BasicValueBinder - building BasicValue for username
10:24:43.664 [main] DEBUG org.hibernate.mapping.BasicValue - Skipping column re-registration: team_members.username
10:24:43.664 [main] DEBUG org.hibernate.boot.model.internal.PropertyBinder - Building property username
10:24:43.664 [main] DEBUG org.hibernate.boot.registry.classloading.internal.ClassLoaderServiceImpl - HHH000194: Package not found or no package-info.java: org.frcpm.models
10:24:43.665 [main] DEBUG org.hibernate.boot.model.internal.BasicValueBinder - Starting `BasicValueBinder#fillSimpleValue` for id
10:24:43.665 [main] DEBUG org.hibernate.boot.model.internal.BasicValueBinder - Starting `BasicValueBinder#fillSimpleValue` for arrivalTime
10:24:43.665 [main] DEBUG org.hibernate.boot.model.internal.BasicValueBinder - Starting `BasicValueBinder#fillSimpleValue` for departureTime
10:24:43.665 [main] DEBUG org.hibernate.boot.model.internal.BasicValueBinder - Starting `BasicValueBinder#fillSimpleValue` for present
10:24:43.665 [main] DEBUG org.hibernate.boot.model.internal.BasicValueBinder - Starting `BasicValueBinder#fillSimpleValue` for id
10:24:43.665 [main] DEBUG org.hibernate.boot.model.internal.BasicValueBinder - Starting `BasicValueBinder#fillSimpleValue` for date
10:24:43.665 [main] DEBUG org.hibernate.boot.model.internal.BasicValueBinder - Starting `BasicValueBinder#fillSimpleValue` for endTime
10:24:43.665 [main] DEBUG org.hibernate.boot.model.internal.BasicValueBinder - Starting `BasicValueBinder#fillSimpleValue` for notes
10:24:43.665 [main] DEBUG org.hibernate.boot.model.internal.BasicValueBinder - Starting `BasicValueBinder#fillSimpleValue` for startTime
10:24:43.665 [main] DEBUG org.hibernate.boot.model.internal.BasicValueBinder - Starting `BasicValueBinder#fillSimpleValue` for id
10:24:43.665 [main] DEBUG org.hibernate.boot.model.internal.BasicValueBinder - Starting `BasicValueBinder#fillSimpleValue` for description
10:24:43.665 [main] DEBUG org.hibernate.boot.model.internal.BasicValueBinder - Starting `BasicValueBinder#fillSimpleValue` for name
10:24:43.665 [main] DEBUG org.hibernate.boot.model.internal.BasicValueBinder - Starting `BasicValueBinder#fillSimpleValue` for status
10:24:43.665 [main] DEBUG org.hibernate.boot.model.internal.BasicValueBinder - Starting `BasicValueBinder#fillSimpleValue` for id
10:24:43.665 [main] DEBUG org.hibernate.boot.model.internal.BasicValueBinder - Starting `BasicValueBinder#fillSimpleValue` for actualDelivery
10:24:43.665 [main] DEBUG org.hibernate.boot.model.internal.BasicValueBinder - Starting `BasicValueBinder#fillSimpleValue` for delivered
10:24:43.665 [main] DEBUG org.hibernate.boot.model.internal.BasicValueBinder - Starting `BasicValueBinder#fillSimpleValue` for description
10:24:43.665 [main] DEBUG org.hibernate.boot.model.internal.BasicValueBinder - Starting `BasicValueBinder#fillSimpleValue` for expectedDelivery
10:24:43.665 [main] DEBUG org.hibernate.boot.model.internal.BasicValueBinder - Starting `BasicValueBinder#fillSimpleValue` for name
10:24:43.665 [main] DEBUG org.hibernate.boot.model.internal.BasicValueBinder - Starting `BasicValueBinder#fillSimpleValue` for partNumber
10:24:43.665 [main] DEBUG org.hibernate.boot.model.internal.BasicValueBinder - Starting `BasicValueBinder#fillSimpleValue` for id
10:24:43.665 [main] DEBUG org.hibernate.boot.model.internal.BasicValueBinder - Starting `BasicValueBinder#fillSimpleValue` for date
10:24:43.665 [main] DEBUG org.hibernate.boot.model.internal.BasicValueBinder - Starting `BasicValueBinder#fillSimpleValue` for description
10:24:43.665 [main] DEBUG org.hibernate.boot.model.internal.BasicValueBinder - Starting `BasicValueBinder#fillSimpleValue` for name
10:24:43.665 [main] DEBUG org.hibernate.boot.model.internal.BasicValueBinder - Starting `BasicValueBinder#fillSimpleValue` for id
10:24:43.665 [main] DEBUG org.hibernate.boot.model.internal.BasicValueBinder - Starting `BasicValueBinder#fillSimpleValue` for description
10:24:43.665 [main] DEBUG org.hibernate.boot.model.internal.BasicValueBinder - Starting `BasicValueBinder#fillSimpleValue` for goalEndDate
10:24:43.665 [main] DEBUG org.hibernate.boot.model.internal.BasicValueBinder - Starting `BasicValueBinder#fillSimpleValue` for hardDeadline
10:24:43.665 [main] DEBUG org.hibernate.boot.model.internal.BasicValueBinder - Starting `BasicValueBinder#fillSimpleValue` for name
10:24:43.665 [main] DEBUG org.hibernate.boot.model.internal.BasicValueBinder - Starting `BasicValueBinder#fillSimpleValue` for startDate
10:24:43.665 [main] DEBUG org.hibernate.boot.model.internal.BasicValueBinder - Starting `BasicValueBinder#fillSimpleValue` for id
10:24:43.665 [main] DEBUG org.hibernate.boot.model.internal.BasicValueBinder - Starting `BasicValueBinder#fillSimpleValue` for colorCode
10:24:43.665 [main] DEBUG org.hibernate.boot.model.internal.BasicValueBinder - Starting `BasicValueBinder#fillSimpleValue` for name
10:24:43.665 [main] DEBUG org.hibernate.boot.model.internal.BasicValueBinder - Starting `BasicValueBinder#fillSimpleValue` for specialties
10:24:43.665 [main] DEBUG org.hibernate.boot.model.internal.BasicValueBinder - Starting `BasicValueBinder#fillSimpleValue` for id
10:24:43.665 [main] DEBUG org.hibernate.boot.model.internal.BasicValueBinder - Starting `BasicValueBinder#fillSimpleValue` for actualDurationSeconds
10:24:43.665 [main] DEBUG org.hibernate.boot.model.internal.BasicValueBinder - Starting `BasicValueBinder#fillSimpleValue` for completed
10:24:43.665 [main] DEBUG org.hibernate.boot.model.internal.BasicValueBinder - Starting `BasicValueBinder#fillSimpleValue` for description
10:24:43.665 [main] DEBUG org.hibernate.boot.model.internal.BasicValueBinder - Starting `BasicValueBinder#fillSimpleValue` for endDate
10:24:43.665 [main] DEBUG org.hibernate.boot.model.internal.BasicValueBinder - Starting `BasicValueBinder#fillSimpleValue` for estimatedDurationSeconds
10:24:43.665 [main] DEBUG org.hibernate.boot.model.internal.BasicValueBinder - Starting `BasicValueBinder#fillSimpleValue` for priority
10:24:43.665 [main] DEBUG org.hibernate.boot.model.internal.BasicValueBinder - Starting `BasicValueBinder#fillSimpleValue` for progress
10:24:43.665 [main] DEBUG org.hibernate.boot.model.internal.BasicValueBinder - Starting `BasicValueBinder#fillSimpleValue` for startDate
10:24:43.665 [main] DEBUG org.hibernate.boot.model.internal.BasicValueBinder - Starting `BasicValueBinder#fillSimpleValue` for title
10:24:43.665 [main] DEBUG org.hibernate.boot.model.internal.BasicValueBinder - Starting `BasicValueBinder#fillSimpleValue` for id
10:24:43.665 [main] DEBUG org.hibernate.boot.model.internal.BasicValueBinder - Starting `BasicValueBinder#fillSimpleValue` for email
10:24:43.665 [main] DEBUG org.hibernate.boot.model.internal.BasicValueBinder - Starting `BasicValueBinder#fillSimpleValue` for firstName
10:24:43.665 [main] DEBUG org.hibernate.boot.model.internal.BasicValueBinder - Starting `BasicValueBinder#fillSimpleValue` for lastName
10:24:43.665 [main] DEBUG org.hibernate.boot.model.internal.BasicValueBinder - Starting `BasicValueBinder#fillSimpleValue` for leader
10:24:43.665 [main] DEBUG org.hibernate.boot.model.internal.BasicValueBinder - Starting `BasicValueBinder#fillSimpleValue` for phone
10:24:43.665 [main] DEBUG org.hibernate.boot.model.internal.BasicValueBinder - Starting `BasicValueBinder#fillSimpleValue` for skills
10:24:43.665 [main] DEBUG org.hibernate.boot.model.internal.BasicValueBinder - Starting `BasicValueBinder#fillSimpleValue` for username
10:24:43.665 [main] DEBUG org.hibernate.mapping.PrimaryKey - Forcing column [id] to be non-null as it is part of the primary key for table [attendances]
10:24:43.665 [main] DEBUG org.hibernate.mapping.PrimaryKey - Forcing column [id] to be non-null as it is part of the primary key for table [meetings]
10:24:43.665 [main] DEBUG org.hibernate.mapping.PrimaryKey - Forcing column [id] to be non-null as it is part of the primary key for table [subsystems]
10:24:43.665 [main] DEBUG org.hibernate.mapping.PrimaryKey - Forcing column [id] to be non-null as it is part of the primary key for table [components]
10:24:43.665 [main] DEBUG org.hibernate.mapping.PrimaryKey - Forcing column [id] to be non-null as it is part of the primary key for table [milestones]
10:24:43.665 [main] DEBUG org.hibernate.mapping.PrimaryKey - Forcing column [id] to be non-null as it is part of the primary key for table [projects]
10:24:43.665 [main] DEBUG org.hibernate.mapping.PrimaryKey - Forcing column [id] to be non-null as it is part of the primary key for table [subteams]
10:24:43.665 [main] DEBUG org.hibernate.mapping.PrimaryKey - Forcing column [id] to be non-null as it is part of the primary key for table [tasks]
10:24:43.665 [main] DEBUG org.hibernate.mapping.PrimaryKey - Forcing column [id] to be non-null as it is part of the primary key for table [team_members]
10:24:43.665 [main] DEBUG org.hibernate.boot.model.internal.CollectionSecondPass - Second pass for collection: org.frcpm.models.Task.requiredComponents
10:24:43.665 [main] DEBUG org.hibernate.boot.model.internal.CollectionBinder - Binding a ManyToMany: org.frcpm.models.Task.requiredComponents
10:24:43.665 [main] DEBUG org.hibernate.boot.registry.classloading.internal.ClassLoaderServiceImpl - HHH000194: Package not found or no package-info.java: org.frcpm.models
10:24:43.665 [main] DEBUG org.hibernate.mapping.PrimaryKey - Forcing column [task_id] to be non-null as it is part of the primary key for table [task_components]
10:24:43.665 [main] DEBUG org.hibernate.mapping.PrimaryKey - Forcing column [component_id] to be non-null as it is part of the primary key for table [task_components]
10:24:43.665 [main] DEBUG org.hibernate.boot.model.internal.CollectionSecondPass - Mapped collection key: task_id, element: component_id
10:24:43.665 [main] DEBUG org.hibernate.boot.model.internal.CollectionSecondPass - Second pass for collection: org.frcpm.models.Task.preDependencies
10:24:43.665 [main] DEBUG org.hibernate.boot.model.internal.CollectionBinder - Binding a ManyToMany: org.frcpm.models.Task.preDependencies
10:24:43.666 [main] DEBUG org.hibernate.boot.registry.classloading.internal.ClassLoaderServiceImpl - HHH000194: Package not found or no package-info.java: org.frcpm.models
10:24:43.666 [main] DEBUG org.hibernate.mapping.PrimaryKey - Forcing column [task_id] to be non-null as it is part of the primary key for table [task_dependencies]
10:24:43.666 [main] DEBUG org.hibernate.mapping.PrimaryKey - Forcing column [dependency_id] to be non-null as it is part of the primary key for table [task_dependencies]
10:24:43.666 [main] DEBUG org.hibernate.boot.model.internal.CollectionSecondPass - Mapped collection key: task_id, element: dependency_id
10:24:43.666 [main] DEBUG org.hibernate.boot.model.internal.CollectionSecondPass - Second pass for collection: org.frcpm.models.Task.assignedTo
10:24:43.666 [main] DEBUG org.hibernate.boot.model.internal.CollectionBinder - Binding a ManyToMany: org.frcpm.models.Task.assignedTo
10:24:43.666 [main] DEBUG org.hibernate.boot.registry.classloading.internal.ClassLoaderServiceImpl - HHH000194: Package not found or no package-info.java: org.frcpm.models
10:24:43.666 [main] DEBUG org.hibernate.mapping.PrimaryKey - Forcing column [task_id] to be non-null as it is part of the primary key for table [task_assignments]
10:24:43.666 [main] DEBUG org.hibernate.mapping.PrimaryKey - Forcing column [team_member_id] to be non-null as it is part of the primary key for table [task_assignments]
10:24:43.666 [main] DEBUG org.hibernate.boot.model.internal.CollectionSecondPass - Mapped collection key: task_id, element: team_member_id
10:24:43.666 [main] DEBUG org.hibernate.boot.model.internal.CollectionSecondPass - Second pass for collection: org.frcpm.models.Meeting.attendances
10:24:43.666 [main] DEBUG org.hibernate.boot.model.internal.CollectionBinder - Binding a OneToMany: org.frcpm.models.Meeting.attendances through a foreign key
10:24:43.666 [main] DEBUG org.hibernate.boot.model.internal.CollectionBinder - Mapping collection: org.frcpm.models.Meeting.attendances -> attendances
10:24:43.666 [main] DEBUG org.hibernate.boot.model.internal.TableBinder - Retrieving property org.frcpm.models.Attendance.meeting
10:24:43.666 [main] DEBUG org.hibernate.boot.model.internal.CollectionSecondPass - Mapped collection key: meeting_id, one-to-many: org.frcpm.models.Attendance
10:24:43.666 [main] DEBUG org.hibernate.boot.model.internal.CollectionSecondPass - Second pass for collection: org.frcpm.models.Subsystem.tasks
10:24:43.666 [main] DEBUG org.hibernate.boot.model.internal.CollectionBinder - Binding a OneToMany: org.frcpm.models.Subsystem.tasks through a foreign key
10:24:43.666 [main] DEBUG org.hibernate.boot.model.internal.CollectionBinder - Mapping collection: org.frcpm.models.Subsystem.tasks -> tasks
10:24:43.666 [main] DEBUG org.hibernate.boot.model.internal.TableBinder - Retrieving property org.frcpm.models.Task.subsystem
10:24:43.666 [main] DEBUG org.hibernate.boot.model.internal.CollectionSecondPass - Mapped collection key: subsystem_id, one-to-many: org.frcpm.models.Task
10:24:43.666 [main] DEBUG org.hibernate.boot.model.internal.CollectionSecondPass - Second pass for collection: org.frcpm.models.Component.requiredForTasks
10:24:43.666 [main] DEBUG org.hibernate.boot.model.internal.CollectionBinder - Binding a ManyToMany: org.frcpm.models.Component.requiredForTasks
10:24:43.666 [main] DEBUG org.hibernate.boot.registry.classloading.internal.ClassLoaderServiceImpl - HHH000194: Package not found or no package-info.java: org.frcpm.models
10:24:43.666 [main] DEBUG org.hibernate.boot.model.internal.TableBinder - Retrieving property org.frcpm.models.Task.requiredComponents
10:24:43.666 [main] DEBUG org.hibernate.boot.model.internal.CollectionSecondPass - Mapped collection key: component_id, element: task_id
10:24:43.666 [main] DEBUG org.hibernate.boot.model.internal.CollectionSecondPass - Second pass for collection: org.frcpm.models.Project.meetings
10:24:43.666 [main] DEBUG org.hibernate.boot.model.internal.CollectionBinder - Binding a OneToMany: org.frcpm.models.Project.meetings through a foreign key
10:24:43.666 [main] DEBUG org.hibernate.boot.model.internal.CollectionBinder - Mapping collection: org.frcpm.models.Project.meetings -> meetings
10:24:43.666 [main] DEBUG org.hibernate.boot.model.internal.TableBinder - Retrieving property org.frcpm.models.Meeting.project
10:24:43.666 [main] DEBUG org.hibernate.boot.model.internal.CollectionSecondPass - Mapped collection key: project_id, one-to-many: org.frcpm.models.Meeting
10:24:43.666 [main] DEBUG org.hibernate.boot.model.internal.CollectionSecondPass - Second pass for collection: org.frcpm.models.Project.milestones
10:24:43.666 [main] DEBUG org.hibernate.boot.model.internal.CollectionBinder - Binding a OneToMany: org.frcpm.models.Project.milestones through a foreign key
10:24:43.666 [main] DEBUG org.hibernate.boot.model.internal.CollectionBinder - Mapping collection: org.frcpm.models.Project.milestones -> milestones
10:24:43.666 [main] DEBUG org.hibernate.boot.model.internal.TableBinder - Retrieving property org.frcpm.models.Milestone.project
10:24:43.666 [main] DEBUG org.hibernate.boot.model.internal.CollectionSecondPass - Mapped collection key: project_id, one-to-many: org.frcpm.models.Milestone
10:24:43.666 [main] DEBUG org.hibernate.boot.model.internal.CollectionSecondPass - Second pass for collection: org.frcpm.models.Project.tasks
10:24:43.666 [main] DEBUG org.hibernate.boot.model.internal.CollectionBinder - Binding a OneToMany: org.frcpm.models.Project.tasks through a foreign key
10:24:43.666 [main] DEBUG org.hibernate.boot.model.internal.CollectionBinder - Mapping collection: org.frcpm.models.Project.tasks -> tasks
10:24:43.666 [main] DEBUG org.hibernate.boot.model.internal.TableBinder - Retrieving property org.frcpm.models.Task.project
10:24:43.666 [main] DEBUG org.hibernate.boot.model.internal.CollectionSecondPass - Mapped collection key: project_id, one-to-many: org.frcpm.models.Task
10:24:43.666 [main] DEBUG org.hibernate.boot.model.internal.CollectionSecondPass - Second pass for collection: org.frcpm.models.Subteam.members
10:24:43.666 [main] DEBUG org.hibernate.boot.model.internal.CollectionBinder - Binding a OneToMany: org.frcpm.models.Subteam.members through a foreign key
10:24:43.666 [main] DEBUG org.hibernate.boot.model.internal.CollectionBinder - Mapping collection: org.frcpm.models.Subteam.members -> team_members
10:24:43.666 [main] DEBUG org.hibernate.boot.model.internal.TableBinder - Retrieving property org.frcpm.models.TeamMember.subteam
10:24:43.666 [main] DEBUG org.hibernate.boot.model.internal.CollectionSecondPass - Mapped collection key: subteam_id, one-to-many: org.frcpm.models.TeamMember
10:24:43.666 [main] DEBUG org.hibernate.boot.model.internal.CollectionSecondPass - Second pass for collection: org.frcpm.models.Subteam.subsystems
10:24:43.666 [main] DEBUG org.hibernate.boot.model.internal.CollectionBinder - Binding a OneToMany: org.frcpm.models.Subteam.subsystems through a foreign key
10:24:43.666 [main] DEBUG org.hibernate.boot.model.internal.CollectionBinder - Mapping collection: org.frcpm.models.Subteam.subsystems -> subsystems
10:24:43.666 [main] DEBUG org.hibernate.boot.model.internal.TableBinder - Retrieving property org.frcpm.models.Subsystem.responsibleSubteam
10:24:43.666 [main] DEBUG org.hibernate.boot.model.internal.CollectionSecondPass - Mapped collection key: responsible_subteam_id, one-to-many: org.frcpm.models.Subsystem
10:24:43.666 [main] DEBUG org.hibernate.boot.model.internal.CollectionSecondPass - Second pass for collection: org.frcpm.models.Task.postDependencies
10:24:43.666 [main] DEBUG org.hibernate.boot.model.internal.CollectionBinder - Binding a ManyToMany: org.frcpm.models.Task.postDependencies
10:24:43.666 [main] DEBUG org.hibernate.boot.registry.classloading.internal.ClassLoaderServiceImpl - HHH000194: Package not found or no package-info.java: org.frcpm.models
10:24:43.666 [main] DEBUG org.hibernate.boot.model.internal.TableBinder - Retrieving property org.frcpm.models.Task.preDependencies
10:24:43.666 [main] DEBUG org.hibernate.boot.model.internal.CollectionSecondPass - Mapped collection key: dependency_id, element: task_id
10:24:43.666 [main] DEBUG org.hibernate.boot.model.internal.CollectionSecondPass - Second pass for collection: org.frcpm.models.TeamMember.assignedTasks
10:24:43.666 [main] DEBUG org.hibernate.boot.model.internal.CollectionBinder - Binding a ManyToMany: org.frcpm.models.TeamMember.assignedTasks
10:24:43.667 [main] DEBUG org.hibernate.boot.registry.classloading.internal.ClassLoaderServiceImpl - HHH000194: Package not found or no package-info.java: org.frcpm.models
10:24:43.667 [main] DEBUG org.hibernate.boot.model.internal.TableBinder - Retrieving property org.frcpm.models.Task.assignedTo
10:24:43.667 [main] DEBUG org.hibernate.boot.model.internal.CollectionSecondPass - Mapped collection key: team_member_id, element: task_id
10:24:43.667 [main] DEBUG org.hibernate.boot.model.internal.CollectionSecondPass - Second pass for collection: org.frcpm.models.TeamMember.attendances
10:24:43.667 [main] DEBUG org.hibernate.boot.model.internal.CollectionBinder - Binding a OneToMany: org.frcpm.models.TeamMember.attendances through a foreign key
10:24:43.667 [main] DEBUG org.hibernate.boot.model.internal.CollectionBinder - Mapping collection: org.frcpm.models.TeamMember.attendances -> attendances
10:24:43.667 [main] DEBUG org.hibernate.boot.model.internal.TableBinder - Retrieving property org.frcpm.models.Attendance.member
10:24:43.667 [main] DEBUG org.hibernate.boot.model.internal.CollectionSecondPass - Mapped collection key: member_id, one-to-many: org.frcpm.models.Attendance
10:24:43.672 [main] DEBUG org.hibernate.internal.SessionFactoryImpl - Building session factory
10:24:43.674 [main] DEBUG org.hibernate.service.internal.SessionFactoryServiceRegistryImpl - EventListenerRegistry access via ServiceRegistry is deprecated.  Use `sessionFactory.getEventEngine().getListenerRegistry()` instead
10:24:43.674 [main] DEBUG org.hibernate.internal.SessionFactoryImpl - Instantiating SessionFactory with settings: {hibernate.format_sql=false, java.specification.version=21, sun.cpu.isalist=amd64, hibernate.connection.handling_mode=DELAYED_ACQUISITION_AND_RELEASE_AFTER_STATEMENT, sun.jnu.encoding=Cp1252, hibernate.dialect=org.hibernate.dialect.H2Dialect, java.class.path=C:\Users\dhiebert\Local Repositories\Project Management 2.0\target\test-classes;C:\Users\dhiebert\Local Repositories\Project Management 2.0\target\classes;C:\Users\dhiebert\.m2\repository\org\openjfx\javafx-controls\21.0.2\javafx-controls-21.0.2.jar;C:\Users\dhiebert\.m2\repository\org\openjfx\javafx-controls\21.0.2\javafx-controls-21.0.2-win.jar;C:\Users\dhiebert\.m2\repository\org\openjfx\javafx-fxml\21.0.2\javafx-fxml-21.0.2.jar;C:\Users\dhiebert\.m2\repository\org\openjfx\javafx-fxml\21.0.2\javafx-fxml-21.0.2-win.jar;C:\Users\dhiebert\.m2\repository\org\openjfx\javafx-graphics\21.0.2\javafx-graphics-21.0.2.jar;C:\Users\dhiebert\.m2\repository\org\openjfx\javafx-graphics\21.0.2\javafx-graphics-21.0.2-win.jar;C:\Users\dhiebert\.m2\repository\org\openjfx\javafx-base\21.0.2\javafx-base-21.0.2.jar;C:\Users\dhiebert\.m2\repository\org\openjfx\javafx-base\21.0.2\javafx-base-21.0.2-win.jar;C:\Users\dhiebert\.m2\repository\com\h2database\h2\2.2.224\h2-2.2.224.jar;C:\Users\dhiebert\.m2\repository\com\zaxxer\HikariCP\5.1.0\HikariCP-5.1.0.jar;C:\Users\dhiebert\.m2\repository\org\slf4j\slf4j-api\1.7.36\slf4j-api-1.7.36.jar;C:\Users\dhiebert\.m2\repository\org\hibernate\orm\hibernate-core\6.5.0.Final\hibernate-core-6.5.0.Final.jar;C:\Users\dhiebert\.m2\repository\jakarta\persistence\jakarta.persistence-api\3.1.0\jakarta.persistence-api-3.1.0.jar;C:\Users\dhiebert\.m2\repository\jakarta\transaction\jakarta.transaction-api\2.0.1\jakarta.transaction-api-2.0.1.jar;C:\Users\dhiebert\.m2\repository\org\jboss\logging\jboss-logging\3.5.0.Final\jboss-logging-3.5.0.Final.jar;C:\Users\dhiebert\.m2\repository\org\hibernate\common\hibernate-commons-annotations\6.0.6.Final\hibernate-commons-annotations-6.0.6.Final.jar;C:\Users\dhiebert\.m2\repository\io\smallrye\jandex\3.1.2\jandex-3.1.2.jar;C:\Users\dhiebert\.m2\repository\com\fasterxml\classmate\1.5.1\classmate-1.5.1.jar;C:\Users\dhiebert\.m2\repository\net\bytebuddy\byte-buddy\1.14.12\byte-buddy-1.14.12.jar;C:\Users\dhiebert\.m2\repository\jakarta\xml\bind\jakarta.xml.bind-api\4.0.0\jakarta.xml.bind-api-4.0.0.jar;C:\Users\dhiebert\.m2\repository\jakarta\activation\jakarta.activation-api\2.1.0\jakarta.activation-api-2.1.0.jar;C:\Users\dhiebert\.m2\repository\org\glassfish\jaxb\jaxb-runtime\4.0.2\jaxb-runtime-4.0.2.jar;C:\Users\dhiebert\.m2\repository\org\glassfish\jaxb\jaxb-core\4.0.2\jaxb-core-4.0.2.jar;C:\Users\dhiebert\.m2\repository\org\eclipse\angus\angus-activation\2.0.0\angus-activation-2.0.0.jar;C:\Users\dhiebert\.m2\repository\org\glassfish\jaxb\txw2\4.0.2\txw2-4.0.2.jar;C:\Users\dhiebert\.m2\repository\com\sun\istack\istack-commons-runtime\4.1.1\istack-commons-runtime-4.1.1.jar;C:\Users\dhiebert\.m2\repository\jakarta\inject\jakarta.inject-api\2.0.1\jakarta.inject-api-2.0.1.jar;C:\Users\dhiebert\.m2\repository\org\antlr\antlr4-runtime\4.13.0\antlr4-runtime-4.13.0.jar;C:\Users\dhiebert\.m2\repository\org\hibernate\validator\hibernate-validator\8.0.1.Final\hibernate-validator-8.0.1.Final.jar;C:\Users\dhiebert\.m2\repository\jakarta\validation\jakarta.validation-api\3.0.2\jakarta.validation-api-3.0.2.jar;C:\Users\dhiebert\.m2\repository\org\junit\jupiter\junit-jupiter-api\5.10.2\junit-jupiter-api-5.10.2.jar;C:\Users\dhiebert\.m2\repository\org\opentest4j\opentest4j\1.3.0\opentest4j-1.3.0.jar;C:\Users\dhiebert\.m2\repository\org\junit\platform\junit-platform-commons\1.10.2\junit-platform-commons-1.10.2.jar;C:\Users\dhiebert\.m2\repository\org\apiguardian\apiguardian-api\1.1.2\apiguardian-api-1.1.2.jar;C:\Users\dhiebert\.m2\repository\org\junit\jupiter\junit-jupiter-engine\5.10.2\junit-jupiter-engine-5.10.2.jar;C:\Users\dhiebert\.m2\repository\org\junit\platform\junit-platform-engine\1.10.2\junit-platform-engine-1.10.2.jar;C:\Users\dhiebert\.m2\repository\org\mockito\mockito-junit-jupiter\5.10.0\mockito-junit-jupiter-5.10.0.jar;C:\Users\dhiebert\.m2\repository\org\mockito\mockito-core\5.10.0\mockito-core-5.10.0.jar;C:\Users\dhiebert\.m2\repository\net\bytebuddy\byte-buddy-agent\1.14.11\byte-buddy-agent-1.14.11.jar;C:\Users\dhiebert\.m2\repository\org\objenesis\objenesis\3.3\objenesis-3.3.jar;C:\Users\dhiebert\.m2\repository\org\hibernate\orm\hibernate-hikaricp\6.5.0.Final\hibernate-hikaricp-6.5.0.Final.jar;C:\Users\dhiebert\.m2\repository\ch\qos\logback\logback-classic\1.2.11\logback-classic-1.2.11.jar;C:\Users\dhiebert\.m2\repository\ch\qos\logback\logback-core\1.2.11\logback-core-1.2.11.jar;C:\Users\dhiebert\.m2\repository\org\testfx\testfx-core\4.0.18\testfx-core-4.0.18.jar;C:\Users\dhiebert\.m2\repository\org\hamcrest\hamcrest\2.1\hamcrest-2.1.jar;C:\Users\dhiebert\.m2\repository\org\assertj\assertj-core\3.13.2\assertj-core-3.13.2.jar;C:\Users\dhiebert\.m2\repository\org\osgi\org.osgi.core\6.0.0\org.osgi.core-6.0.0.jar;C:\Users\dhiebert\.m2\repository\org\testfx\testfx-junit5\4.0.18\testfx-junit5-4.0.18.jar;C:\Users\dhiebert\.m2\repository\org\openjfx\javafx-web\17.0.2\javafx-web-17.0.2.jar;C:\Users\dhiebert\.m2\repository\org\openjfx\javafx-web\17.0.2\javafx-web-17.0.2-win.jar;C:\Users\dhiebert\.m2\repository\org\openjfx\javafx-media\17.0.2\javafx-media-17.0.2.jar;C:\Users\dhiebert\.m2\repository\org\openjfx\javafx-media\17.0.2\javafx-media-17.0.2-win.jar;C:\Users\dhiebert\.m2\repository\org\apache\pdfbox\pdfbox\2.0.27\pdfbox-2.0.27.jar;C:\Users\dhiebert\.m2\repository\org\apache\pdfbox\fontbox\2.0.27\fontbox-2.0.27.jar;C:\Users\dhiebert\.m2\repository\commons-logging\commons-logging\1.2\commons-logging-1.2.jar;C:\Users\dhiebert\.m2\repository\com\fasterxml\jackson\core\jackson-databind\2.15.0\jackson-databind-2.15.0.jar;C:\Users\dhiebert\.m2\repository\com\fasterxml\jackson\core\jackson-annotations\2.15.0\jackson-annotations-2.15.0.jar;C:\Users\dhiebert\.m2\repository\com\fasterxml\jackson\core\jackson-core\2.15.0\jackson-core-2.15.0.jar;C:\Users\dhiebert\.m2\repository\org\apache\xmlgraphics\batik-all\1.16\batik-all-1.16.jar;C:\Users\dhiebert\.m2\repository\xml-apis\xml-apis\1.4.01\xml-apis-1.4.01.jar;C:\Users\dhiebert\.m2\repository\xml-apis\xml-apis-ext\1.3.04\xml-apis-ext-1.3.04.jar;C:\Users\dhiebert\.m2\repository\org\apache\xmlgraphics\xmlgraphics-commons\2.7\xmlgraphics-commons-2.7.jar;C:\Users\dhiebert\.m2\repository\commons-io\commons-io\1.3.1\commons-io-1.3.1.jar;C:\Users\dhiebert\.m2\repository\org\jgrapht\jgrapht-core\1.5.2\jgrapht-core-1.5.2.jar;C:\Users\dhiebert\.m2\repository\org\jheaps\jheaps\0.14\jheaps-0.14.jar;C:\Users\dhiebert\.m2\repository\org\apfloat\apfloat\1.10.1\apfloat-1.10.1.jar;, java.vm.vendor=Eclipse Adoptium, sun.arch.data.model=64, hibernate.order_inserts=true, user.variant=, java.vendor.url=https://adoptium.net/, user.timezone=America/Chicago, javax.persistence.jdbc.user=****, javax.persistence.jdbc.url=jdbc:h2:file:C:\Users\dhiebert\.frcpm\frcpm, java.vm.specification.version=21, os.name=Windows 11, hibernate.generate_statistics=false, hibernate.hikari.connectionTimeout=10000, hibernate.order_updates=true, hibernate.jdbc.batch_versioned_data=true, jakarta.persistence.jdbc.password=****, hibernate.jdbc.batch_size=30, sun.java.launcher=SUN_STANDARD, user.country=US, local.setting.IS_JTA_TXN_COORD=false, sun.boot.library.path=C:\Program Files\Eclipse Adoptium\jdk-21.0.6.7-hotspot\bin, sun.java.command=C:\Users\dhiebert\AppData\Local\Temp\surefire9513985487531586668\surefirebooter-20250425102356946_3.jar C:\Users\dhiebert\AppData\Local\Temp\surefire9513985487531586668 2025-04-25T10-23-56_800-jvmRun1 surefire-20250425102356946_1tmp surefire_0-20250425102356946_2tmp, hibernate.use_sql_comments=false, hibernate.connection.provider_class=org.hibernate.hikaricp.internal.HikariCPConnectionProvider, jdk.debug=release, surefire.test.class.path=C:\Users\dhiebert\Local Repositories\Project Management 2.0\target\test-classes;C:\Users\dhiebert\Local Repositories\Project Management 2.0\target\classes;C:\Users\dhiebert\.m2\repository\org\openjfx\javafx-controls\21.0.2\javafx-controls-21.0.2.jar;C:\Users\dhiebert\.m2\repository\org\openjfx\javafx-controls\21.0.2\javafx-controls-21.0.2-win.jar;C:\Users\dhiebert\.m2\repository\org\openjfx\javafx-fxml\21.0.2\javafx-fxml-21.0.2.jar;C:\Users\dhiebert\.m2\repository\org\openjfx\javafx-fxml\21.0.2\javafx-fxml-21.0.2-win.jar;C:\Users\dhiebert\.m2\repository\org\openjfx\javafx-graphics\21.0.2\javafx-graphics-21.0.2.jar;C:\Users\dhiebert\.m2\repository\org\openjfx\javafx-graphics\21.0.2\javafx-graphics-21.0.2-win.jar;C:\Users\dhiebert\.m2\repository\org\openjfx\javafx-base\21.0.2\javafx-base-21.0.2.jar;C:\Users\dhiebert\.m2\repository\org\openjfx\javafx-base\21.0.2\javafx-base-21.0.2-win.jar;C:\Users\dhiebert\.m2\repository\com\h2database\h2\2.2.224\h2-2.2.224.jar;C:\Users\dhiebert\.m2\repository\com\zaxxer\HikariCP\5.1.0\HikariCP-5.1.0.jar;C:\Users\dhiebert\.m2\repository\org\slf4j\slf4j-api\1.7.36\slf4j-api-1.7.36.jar;C:\Users\dhiebert\.m2\repository\org\hibernate\orm\hibernate-core\6.5.0.Final\hibernate-core-6.5.0.Final.jar;C:\Users\dhiebert\.m2\repository\jakarta\persistence\jakarta.persistence-api\3.1.0\jakarta.persistence-api-3.1.0.jar;C:\Users\dhiebert\.m2\repository\jakarta\transaction\jakarta.transaction-api\2.0.1\jakarta.transaction-api-2.0.1.jar;C:\Users\dhiebert\.m2\repository\org\jboss\logging\jboss-logging\3.5.0.Final\jboss-logging-3.5.0.Final.jar;C:\Users\dhiebert\.m2\repository\org\hibernate\common\hibernate-commons-annotations\6.0.6.Final\hibernate-commons-annotations-6.0.6.Final.jar;C:\Users\dhiebert\.m2\repository\io\smallrye\jandex\3.1.2\jandex-3.1.2.jar;C:\Users\dhiebert\.m2\repository\com\fasterxml\classmate\1.5.1\classmate-1.5.1.jar;C:\Users\dhiebert\.m2\repository\net\bytebuddy\byte-buddy\1.14.12\byte-buddy-1.14.12.jar;C:\Users\dhiebert\.m2\repository\jakarta\xml\bind\jakarta.xml.bind-api\4.0.0\jakarta.xml.bind-api-4.0.0.jar;C:\Users\dhiebert\.m2\repository\jakarta\activation\jakarta.activation-api\2.1.0\jakarta.activation-api-2.1.0.jar;C:\Users\dhiebert\.m2\repository\org\glassfish\jaxb\jaxb-runtime\4.0.2\jaxb-runtime-4.0.2.jar;C:\Users\dhiebert\.m2\repository\org\glassfish\jaxb\jaxb-core\4.0.2\jaxb-core-4.0.2.jar;C:\Users\dhiebert\.m2\repository\org\eclipse\angus\angus-activation\2.0.0\angus-activation-2.0.0.jar;C:\Users\dhiebert\.m2\repository\org\glassfish\jaxb\txw2\4.0.2\txw2-4.0.2.jar;C:\Users\dhiebert\.m2\repository\com\sun\istack\istack-commons-runtime\4.1.1\istack-commons-runtime-4.1.1.jar;C:\Users\dhiebert\.m2\repository\jakarta\inject\jakarta.inject-api\2.0.1\jakarta.inject-api-2.0.1.jar;C:\Users\dhiebert\.m2\repository\org\antlr\antlr4-runtime\4.13.0\antlr4-runtime-4.13.0.jar;C:\Users\dhiebert\.m2\repository\org\hibernate\validator\hibernate-validator\8.0.1.Final\hibernate-validator-8.0.1.Final.jar;C:\Users\dhiebert\.m2\repository\jakarta\validation\jakarta.validation-api\3.0.2\jakarta.validation-api-3.0.2.jar;C:\Users\dhiebert\.m2\repository\org\junit\jupiter\junit-jupiter-api\5.10.2\junit-jupiter-api-5.10.2.jar;C:\Users\dhiebert\.m2\repository\org\opentest4j\opentest4j\1.3.0\opentest4j-1.3.0.jar;C:\Users\dhiebert\.m2\repository\org\junit\platform\junit-platform-commons\1.10.2\junit-platform-commons-1.10.2.jar;C:\Users\dhiebert\.m2\repository\org\apiguardian\apiguardian-api\1.1.2\apiguardian-api-1.1.2.jar;C:\Users\dhiebert\.m2\repository\org\junit\jupiter\junit-jupiter-engine\5.10.2\junit-jupiter-engine-5.10.2.jar;C:\Users\dhiebert\.m2\repository\org\junit\platform\junit-platform-engine\1.10.2\junit-platform-engine-1.10.2.jar;C:\Users\dhiebert\.m2\repository\org\mockito\mockito-junit-jupiter\5.10.0\mockito-junit-jupiter-5.10.0.jar;C:\Users\dhiebert\.m2\repository\org\mockito\mockito-core\5.10.0\mockito-core-5.10.0.jar;C:\Users\dhiebert\.m2\repository\net\bytebuddy\byte-buddy-agent\1.14.11\byte-buddy-agent-1.14.11.jar;C:\Users\dhiebert\.m2\repository\org\objenesis\objenesis\3.3\objenesis-3.3.jar;C:\Users\dhiebert\.m2\repository\org\hibernate\orm\hibernate-hikaricp\6.5.0.Final\hibernate-hikaricp-6.5.0.Final.jar;C:\Users\dhiebert\.m2\repository\ch\qos\logback\logback-classic\1.2.11\logback-classic-1.2.11.jar;C:\Users\dhiebert\.m2\repository\ch\qos\logback\logback-core\1.2.11\logback-core-1.2.11.jar;C:\Users\dhiebert\.m2\repository\org\testfx\testfx-core\4.0.18\testfx-core-4.0.18.jar;C:\Users\dhiebert\.m2\repository\org\hamcrest\hamcrest\2.1\hamcrest-2.1.jar;C:\Users\dhiebert\.m2\repository\org\assertj\assertj-core\3.13.2\assertj-core-3.13.2.jar;C:\Users\dhiebert\.m2\repository\org\osgi\org.osgi.core\6.0.0\org.osgi.core-6.0.0.jar;C:\Users\dhiebert\.m2\repository\org\testfx\testfx-junit5\4.0.18\testfx-junit5-4.0.18.jar;C:\Users\dhiebert\.m2\repository\org\openjfx\javafx-web\17.0.2\javafx-web-17.0.2.jar;C:\Users\dhiebert\.m2\repository\org\openjfx\javafx-web\17.0.2\javafx-web-17.0.2-win.jar;C:\Users\dhiebert\.m2\repository\org\openjfx\javafx-media\17.0.2\javafx-media-17.0.2.jar;C:\Users\dhiebert\.m2\repository\org\openjfx\javafx-media\17.0.2\javafx-media-17.0.2-win.jar;C:\Users\dhiebert\.m2\repository\org\apache\pdfbox\pdfbox\2.0.27\pdfbox-2.0.27.jar;C:\Users\dhiebert\.m2\repository\org\apache\pdfbox\fontbox\2.0.27\fontbox-2.0.27.jar;C:\Users\dhiebert\.m2\repository\commons-logging\commons-logging\1.2\commons-logging-1.2.jar;C:\Users\dhiebert\.m2\repository\com\fasterxml\jackson\core\jackson-databind\2.15.0\jackson-databind-2.15.0.jar;C:\Users\dhiebert\.m2\repository\com\fasterxml\jackson\core\jackson-annotations\2.15.0\jackson-annotations-2.15.0.jar;C:\Users\dhiebert\.m2\repository\com\fasterxml\jackson\core\jackson-core\2.15.0\jackson-core-2.15.0.jar;C:\Users\dhiebert\.m2\repository\org\apache\xmlgraphics\batik-all\1.16\batik-all-1.16.jar;C:\Users\dhiebert\.m2\repository\xml-apis\xml-apis\1.4.01\xml-apis-1.4.01.jar;C:\Users\dhiebert\.m2\repository\xml-apis\xml-apis-ext\1.3.04\xml-apis-ext-1.3.04.jar;C:\Users\dhiebert\.m2\repository\org\apache\xmlgraphics\xmlgraphics-commons\2.7\xmlgraphics-commons-2.7.jar;C:\Users\dhiebert\.m2\repository\commons-io\commons-io\1.3.1\commons-io-1.3.1.jar;C:\Users\dhiebert\.m2\repository\org\jgrapht\jgrapht-core\1.5.2\jgrapht-core-1.5.2.jar;C:\Users\dhiebert\.m2\repository\org\jheaps\jheaps\0.14\jheaps-0.14.jar;C:\Users\dhiebert\.m2\repository\org\apfloat\apfloat\1.10.1\apfloat-1.10.1.jar;, jakarta.persistence.jdbc.driver=org.h2.Driver, sun.cpu.endian=little, user.home=C:\Users\dhiebert, user.language=en, java.specification.vendor=Oracle Corporation, java.version.date=2025-01-21, java.home=C:\Program Files\Eclipse Adoptium\jdk-21.0.6.7-hotspot, file.separator=\, basedir=C:\Users\dhiebert\Local Repositories\Project Management 2.0, java.vm.compressedOopsMode=Zero based, jakarta.persistence.jdbc.user=****, line.separator=
, hibernate.persistenceUnitName=frcpm, java.vm.specification.vendor=Oracle Corporation, java.specification.name=Java Platform API Specification, hibernate.transaction.coordinator_class=class org.hibernate.resource.transaction.backend.jdbc.internal.JdbcResourceLocalTransactionCoordinatorBuilderImpl, javax.persistence.jdbc.driver=org.h2.Driver, hibernate.hikari.maximumPoolSize=10, surefire.real.class.path=C:\Users\dhiebert\AppData\Local\Temp\surefire9513985487531586668\surefirebooter-20250425102356946_3.jar, hibernate.hbm2ddl.auto=update, user.script=, sun.management.compiler=HotSpot 64-Bit Tiered Compilers, java.runtime.version=21.0.6+7-LTS, user.name=dhiebert, hibernate.cache.use_query_cache=false, stdout.encoding=Cp1252, path.separator=;, hibernate.connection.username=****, os.version=10.0, java.runtime.name=OpenJDK Runtime Environment, hibernate.connection.url=jdbc:h2:file:C:\Users\dhiebert\.frcpm\frcpm, file.encoding=UTF-8, hibernate.hikari.minimumIdle=2, hibernate.hikari.idleTimeout=30000, java.vm.name=OpenJDK 64-Bit Server VM, hibernate.show_sql=false, java.vendor.version=Temurin-21.0.6+7, hibernate.hikari.poolName=FRC-PM-HikariCP, hibernate.current_session_context_class=thread, localRepository=C:\Users\dhiebert\.m2\repository, hibernate.connection.driver_class=org.h2.Driver, java.vendor.url.bug=https://github.com/adoptium/adoptium-support/issues, java.io.tmpdir=C:\Users\dhiebert\AppData\Local\Temp\, java.version=21.0.6, user.dir=C:\Users\dhiebert\Local Repositories\Project Management 2.0, os.arch=amd64, java.vm.specification.name=Java Virtual Machine Specification, hibernate.connection.password=****, sun.os.patch.level=, jakarta.persistence.jdbc.url=jdbc:h2:file:C:\Users\dhiebert\.frcpm\frcpm, hibernate.boot.CfgXmlAccessService.key=org.hibernate.boot.registry.StandardServiceRegistryBuilder$1@5c7b01ab, native.encoding=Cp1252, hibernate.cache.use_second_level_cache=false, java.library.path=C:\Program Files\Eclipse Adoptium\jdk-21.0.6.7-hotspot\bin;C:\WINDOWS\Sun\Java\bin;C:\WINDOWS\system32;C:\WINDOWS;C:\Program Files\apache-maven-3.9.9\bin;C:\Program Files\Eclipse Adoptium\jdk-21.0.6.7-hotspot\bin;C:\Program Files\National Instruments\Shared\OpenVINO\;C:\Program Files\Common Files\Oracle\Java\javapath;C:\WINDOWS\system32;C:\WINDOWS;C:\WINDOWS\System32\Wbem;C:\WINDOWS\System32\WindowsPowerShell\v1.0\;C:\WINDOWS\System32\OpenSSH\;C:\Program Files\dotnet\;C:\Program Files (x86)\Windows Live\Shared;C:\Program Files\Git\cmd;C:\Program Files\Common Files\Autodesk Shared\;C:\Program Files\Microsoft SQL Server\150\Tools\Binn\;C:\Program Files\nodejs\;C:\Program Files\Eclipse Adoptium\jdk-21.0.6.7-hotspot\bin;C:\Program Files\apache-maven-3.9.9\bin;%MAVEN_HOME%\bin;C:\Users\dhiebert\AppData\Local\Microsoft\WindowsApps;C:\Users\dhiebert\AppData\Local\GitHubDesktop\bin;C:\Users\dhiebert\AppData\Roaming\npm;C:\Users\dhiebert\AppData\Local\Packages\PythonSoftwareFoundation.Python.3.11_qbz5n2kfra8p0\LocalCache\local-packages\Python311\Scripts;C:\Users\dhiebert\AppData\Local\Packages\PythonSoftwareFoundation.Python.3.11_qbz5n2kfra8p0\LocalCache\local-packages\Python311\site-packages\maven;;c:\Users\Public\wpilib\2025\vscode\data\user-data\User\globalStorage\github.copilot-chat\debugCommand;c:\Users\Public\wpilib\2025\vscode\data\extensions\ms-python.debugpy-2025.4.1-win32-x64\bundled\scripts\noConfigScripts;., stderr.encoding=Cp1252, java.vendor=Eclipse Adoptium, java.vm.info=mixed mode, sharing, java.vm.version=21.0.6+7-LTS, sun.io.unicode.encoding=UnicodeLittle, javax.persistence.jdbc.password=****, java.class.version=65.0}
10:24:43.674 [main] DEBUG org.hibernate.internal.SessionFactoryImpl - Session factory constructed with filter configurations : {}
10:24:43.674 [main] DEBUG org.hibernate.validator.internal.xml.config.ValidationXmlParser - Trying to load META-INF/validation.xml for XML based Validator configuration.
10:24:43.674 [main] DEBUG org.hibernate.validator.internal.xml.config.ResourceLoaderHelper - Trying to load META-INF/validation.xml via TCCL
10:24:43.674 [main] DEBUG org.hibernate.validator.internal.xml.config.ResourceLoaderHelper - Trying to load META-INF/validation.xml via Hibernate Validator's class loader
10:24:43.674 [main] DEBUG org.hibernate.validator.internal.xml.config.ValidationXmlParser - No META-INF/validation.xml found. Using annotation based configuration only.
10:24:43.674 [main] DEBUG org.hibernate.validator.internal.engine.resolver.TraversableResolvers - Found jakarta.persistence.Persistence on classpath containing 'getPersistenceUtil'. Assuming JPA 2 environment. Trying to instantiate JPA aware TraversableResolver
10:24:43.674 [main] DEBUG org.hibernate.validator.internal.engine.resolver.TraversableResolvers - Instantiated JPA aware TraversableResolver of type org.hibernate.validator.internal.engine.resolver.JPATraversableResolver.
10:24:43.675 [main] DEBUG org.hibernate.validator.messageinterpolation.ResourceBundleMessageInterpolator - Failed to load expression factory via classloader jdk.internal.loader.ClassLoaders$AppClassLoader@70dea4e
java.lang.NoClassDefFoundError: jakarta/el/ExpressionFactory
	at org.hibernate.validator.messageinterpolation.ResourceBundleMessageInterpolator.canLoadExpressionFactory(ResourceBundleMessageInterpolator.java:228)
	at org.hibernate.validator.messageinterpolation.ResourceBundleMessageInterpolator.buildExpressionFactory(ResourceBundleMessageInterpolator.java:173)
	at org.hibernate.validator.messageinterpolation.ResourceBundleMessageInterpolator.<init>(ResourceBundleMessageInterpolator.java:97)
	at org.hibernate.validator.internal.engine.AbstractConfigurationImpl.getDefaultMessageInterpolator(AbstractConfigurationImpl.java:575)
	at org.hibernate.validator.internal.engine.AbstractConfigurationImpl.getDefaultMessageInterpolatorConfiguredWithClassLoader(AbstractConfigurationImpl.java:834)
	at org.hibernate.validator.internal.engine.AbstractConfigurationImpl.getMessageInterpolator(AbstractConfigurationImpl.java:485)
	at org.hibernate.validator.internal.engine.ValidatorFactoryImpl.<init>(ValidatorFactoryImpl.java:157)
	at org.hibernate.validator.HibernateValidator.buildValidatorFactory(HibernateValidator.java:38)
	at org.hibernate.validator.internal.engine.AbstractConfigurationImpl.buildValidatorFactory(AbstractConfigurationImpl.java:453)
	at jakarta.validation.Validation.buildDefaultValidatorFactory(Validation.java:103)
	at org.hibernate.boot.beanvalidation.TypeSafeActivator.getValidatorFactory(TypeSafeActivator.java:482)
	at org.hibernate.boot.beanvalidation.TypeSafeActivator.activate(TypeSafeActivator.java:79)
	at java.base/jdk.internal.reflect.DirectMethodHandleAccessor.invoke(DirectMethodHandleAccessor.java:103)
	at java.base/java.lang.reflect.Method.invoke(Method.java:580)
	at org.hibernate.boot.beanvalidation.BeanValidationIntegrator.integrate(BeanValidationIntegrator.java:139)
	at org.hibernate.internal.SessionFactoryImpl.integrate(SessionFactoryImpl.java:517)
	at org.hibernate.internal.SessionFactoryImpl.<init>(SessionFactoryImpl.java:276)
	at org.hibernate.boot.internal.SessionFactoryBuilderImpl.build(SessionFactoryBuilderImpl.java:457)
	at org.hibernate.jpa.boot.internal.EntityManagerFactoryBuilderImpl.build(EntityManagerFactoryBuilderImpl.java:1506)
	at org.hibernate.jpa.HibernatePersistenceProvider.createEntityManagerFactory(HibernatePersistenceProvider.java:55)
	at jakarta.persistence.Persistence.createEntityManagerFactory(Persistence.java:80)
	at org.frcpm.config.DatabaseConfig.initialize(DatabaseConfig.java:114)
	at org.frcpm.config.DatabaseConfig.initialize(DatabaseConfig.java:28)
	at org.frcpm.repositories.SubteamRepositoryTest.setUp(SubteamRepositoryTest.java:24)
	at java.base/jdk.internal.reflect.DirectMethodHandleAccessor.invoke(DirectMethodHandleAccessor.java:103)
	at java.base/java.lang.reflect.Method.invoke(Method.java:580)
	at org.junit.platform.commons.util.ReflectionUtils.invokeMethod(ReflectionUtils.java:728)
	at org.junit.jupiter.engine.execution.MethodInvocation.proceed(MethodInvocation.java:60)
	at org.junit.jupiter.engine.execution.InvocationInterceptorChain$ValidatingInvocation.proceed(InvocationInterceptorChain.java:131)
	at org.junit.jupiter.engine.extension.TimeoutExtension.intercept(TimeoutExtension.java:156)
	at org.junit.jupiter.engine.extension.TimeoutExtension.interceptLifecycleMethod(TimeoutExtension.java:128)
	at org.junit.jupiter.engine.extension.TimeoutExtension.interceptBeforeEachMethod(TimeoutExtension.java:78)
	at org.junit.jupiter.engine.execution.InterceptingExecutableInvoker$ReflectiveInterceptorCall.lambda$ofVoidMethod$0(InterceptingExecutableInvoker.java:103)
	at org.junit.jupiter.engine.execution.InterceptingExecutableInvoker.lambda$invoke$0(InterceptingExecutableInvoker.java:93)
	at org.junit.jupiter.engine.execution.InvocationInterceptorChain$InterceptedInvocation.proceed(InvocationInterceptorChain.java:106)
	at org.junit.jupiter.engine.execution.InvocationInterceptorChain.proceed(InvocationInterceptorChain.java:64)
	at org.junit.jupiter.engine.execution.InvocationInterceptorChain.chainAndInvoke(InvocationInterceptorChain.java:45)
	at org.junit.jupiter.engine.execution.InvocationInterceptorChain.invoke(InvocationInterceptorChain.java:37)
	at org.junit.jupiter.engine.execution.InterceptingExecutableInvoker.invoke(InterceptingExecutableInvoker.java:92)
	at org.junit.jupiter.engine.execution.InterceptingExecutableInvoker.invoke(InterceptingExecutableInvoker.java:86)
	at org.junit.jupiter.engine.descriptor.ClassBasedTestDescriptor.invokeMethodInExtensionContext(ClassBasedTestDescriptor.java:521)
	at org.junit.jupiter.engine.descriptor.ClassBasedTestDescriptor.lambda$synthesizeBeforeEachMethodAdapter$23(ClassBasedTestDescriptor.java:506)
	at org.junit.jupiter.engine.descriptor.TestMethodTestDescriptor.lambda$invokeBeforeEachMethods$3(TestMethodTestDescriptor.java:175)
	at org.junit.jupiter.engine.descriptor.TestMethodTestDescriptor.lambda$invokeBeforeMethodsOrCallbacksUntilExceptionOccurs$6(TestMethodTestDescriptor.java:203)
	at org.junit.platform.engine.support.hierarchical.ThrowableCollector.execute(ThrowableCollector.java:73)
	at org.junit.jupiter.engine.descriptor.TestMethodTestDescriptor.invokeBeforeMethodsOrCallbacksUntilExceptionOccurs(TestMethodTestDescriptor.java:203)
	at org.junit.jupiter.engine.descriptor.TestMethodTestDescriptor.invokeBeforeEachMethods(TestMethodTestDescriptor.java:172)
	at org.junit.jupiter.engine.descriptor.TestMethodTestDescriptor.execute(TestMethodTestDescriptor.java:135)
	at org.junit.jupiter.engine.descriptor.TestMethodTestDescriptor.execute(TestMethodTestDescriptor.java:69)
	at org.junit.platform.engine.support.hierarchical.NodeTestTask.lambda$executeRecursively$6(NodeTestTask.java:151)
	at org.junit.platform.engine.support.hierarchical.ThrowableCollector.execute(ThrowableCollector.java:73)
	at org.junit.platform.engine.support.hierarchical.NodeTestTask.lambda$executeRecursively$8(NodeTestTask.java:141)
	at org.junit.platform.engine.support.hierarchical.Node.around(Node.java:137)
	at org.junit.platform.engine.support.hierarchical.NodeTestTask.lambda$executeRecursively$9(NodeTestTask.java:139)
	at org.junit.platform.engine.support.hierarchical.ThrowableCollector.execute(ThrowableCollector.java:73)
	at org.junit.platform.engine.support.hierarchical.NodeTestTask.executeRecursively(NodeTestTask.java:138)
	at org.junit.platform.engine.support.hierarchical.NodeTestTask.execute(NodeTestTask.java:95)
	at java.base/java.util.ArrayList.forEach(ArrayList.java:1596)
	at org.junit.platform.engine.support.hierarchical.SameThreadHierarchicalTestExecutorService.invokeAll(SameThreadHierarchicalTestExecutorService.java:41)
	at org.junit.platform.engine.support.hierarchical.NodeTestTask.lambda$executeRecursively$6(NodeTestTask.java:155)
	at org.junit.platform.engine.support.hierarchical.ThrowableCollector.execute(ThrowableCollector.java:73)
	at org.junit.platform.engine.support.hierarchical.NodeTestTask.lambda$executeRecursively$8(NodeTestTask.java:141)
	at org.junit.platform.engine.support.hierarchical.Node.around(Node.java:137)
	at org.junit.platform.engine.support.hierarchical.NodeTestTask.lambda$executeRecursively$9(NodeTestTask.java:139)
	at org.junit.platform.engine.support.hierarchical.ThrowableCollector.execute(ThrowableCollector.java:73)
	at org.junit.platform.engine.support.hierarchical.NodeTestTask.executeRecursively(NodeTestTask.java:138)
	at org.junit.platform.engine.support.hierarchical.NodeTestTask.execute(NodeTestTask.java:95)
	at java.base/java.util.ArrayList.forEach(ArrayList.java:1596)
	at org.junit.platform.engine.support.hierarchical.SameThreadHierarchicalTestExecutorService.invokeAll(SameThreadHierarchicalTestExecutorService.java:41)
	at org.junit.platform.engine.support.hierarchical.NodeTestTask.lambda$executeRecursively$6(NodeTestTask.java:155)
	at org.junit.platform.engine.support.hierarchical.ThrowableCollector.execute(ThrowableCollector.java:73)
	at org.junit.platform.engine.support.hierarchical.NodeTestTask.lambda$executeRecursively$8(NodeTestTask.java:141)
	at org.junit.platform.engine.support.hierarchical.Node.around(Node.java:137)
	at org.junit.platform.engine.support.hierarchical.NodeTestTask.lambda$executeRecursively$9(NodeTestTask.java:139)
	at org.junit.platform.engine.support.hierarchical.ThrowableCollector.execute(ThrowableCollector.java:73)
	at org.junit.platform.engine.support.hierarchical.NodeTestTask.executeRecursively(NodeTestTask.java:138)
	at org.junit.platform.engine.support.hierarchical.NodeTestTask.execute(NodeTestTask.java:95)
	at org.junit.platform.engine.support.hierarchical.SameThreadHierarchicalTestExecutorService.submit(SameThreadHierarchicalTestExecutorService.java:35)
	at org.junit.platform.engine.support.hierarchical.HierarchicalTestExecutor.execute(HierarchicalTestExecutor.java:57)
	at org.junit.platform.engine.support.hierarchical.HierarchicalTestEngine.execute(HierarchicalTestEngine.java:54)
	at org.junit.platform.launcher.core.EngineExecutionOrchestrator.execute(EngineExecutionOrchestrator.java:198)
	at org.junit.platform.launcher.core.EngineExecutionOrchestrator.execute(EngineExecutionOrchestrator.java:169)
	at org.junit.platform.launcher.core.EngineExecutionOrchestrator.execute(EngineExecutionOrchestrator.java:93)
	at org.junit.platform.launcher.core.EngineExecutionOrchestrator.lambda$execute$0(EngineExecutionOrchestrator.java:58)
	at org.junit.platform.launcher.core.EngineExecutionOrchestrator.withInterceptedStreams(EngineExecutionOrchestrator.java:141)
	at org.junit.platform.launcher.core.EngineExecutionOrchestrator.execute(EngineExecutionOrchestrator.java:57)
	at org.junit.platform.launcher.core.DefaultLauncher.execute(DefaultLauncher.java:103)
	at org.junit.platform.launcher.core.DefaultLauncher.execute(DefaultLauncher.java:85)
	at org.junit.platform.launcher.core.DelegatingLauncher.execute(DelegatingLauncher.java:47)
	at org.apache.maven.surefire.junitplatform.LazyLauncher.execute(LazyLauncher.java:56)
	at org.apache.maven.surefire.junitplatform.JUnitPlatformProvider.execute(JUnitPlatformProvider.java:184)
	at org.apache.maven.surefire.junitplatform.JUnitPlatformProvider.invokeAllTests(JUnitPlatformProvider.java:148)
	at org.apache.maven.surefire.junitplatform.JUnitPlatformProvider.invoke(JUnitPlatformProvider.java:122)
	at org.apache.maven.surefire.booter.ForkedBooter.runSuitesInProcess(ForkedBooter.java:385)
	at org.apache.maven.surefire.booter.ForkedBooter.execute(ForkedBooter.java:162)
	at org.apache.maven.surefire.booter.ForkedBooter.run(ForkedBooter.java:507)
	at org.apache.maven.surefire.booter.ForkedBooter.main(ForkedBooter.java:495)
Caused by: java.lang.ClassNotFoundException: jakarta.el.ExpressionFactory
	... 97 common frames omitted
10:24:43.675 [main] DEBUG org.hibernate.validator.messageinterpolation.ResourceBundleMessageInterpolator - Failed to load expression factory via classloader jdk.internal.loader.ClassLoaders$AppClassLoader@70dea4e
java.lang.NoClassDefFoundError: jakarta/el/ExpressionFactory
	at org.hibernate.validator.messageinterpolation.ResourceBundleMessageInterpolator.canLoadExpressionFactory(ResourceBundleMessageInterpolator.java:228)
	at org.hibernate.validator.messageinterpolation.ResourceBundleMessageInterpolator.buildExpressionFactory(ResourceBundleMessageInterpolator.java:186)
	at org.hibernate.validator.messageinterpolation.ResourceBundleMessageInterpolator.<init>(ResourceBundleMessageInterpolator.java:97)
	at org.hibernate.validator.internal.engine.AbstractConfigurationImpl.getDefaultMessageInterpolator(AbstractConfigurationImpl.java:575)
	at org.hibernate.validator.internal.engine.AbstractConfigurationImpl.getDefaultMessageInterpolatorConfiguredWithClassLoader(AbstractConfigurationImpl.java:834)
	at org.hibernate.validator.internal.engine.AbstractConfigurationImpl.getMessageInterpolator(AbstractConfigurationImpl.java:485)
	at org.hibernate.validator.internal.engine.ValidatorFactoryImpl.<init>(ValidatorFactoryImpl.java:157)
	at org.hibernate.validator.HibernateValidator.buildValidatorFactory(HibernateValidator.java:38)
	at org.hibernate.validator.internal.engine.AbstractConfigurationImpl.buildValidatorFactory(AbstractConfigurationImpl.java:453)
	at jakarta.validation.Validation.buildDefaultValidatorFactory(Validation.java:103)
	at org.hibernate.boot.beanvalidation.TypeSafeActivator.getValidatorFactory(TypeSafeActivator.java:482)
	at org.hibernate.boot.beanvalidation.TypeSafeActivator.activate(TypeSafeActivator.java:79)
	at java.base/jdk.internal.reflect.DirectMethodHandleAccessor.invoke(DirectMethodHandleAccessor.java:103)
	at java.base/java.lang.reflect.Method.invoke(Method.java:580)
	at org.hibernate.boot.beanvalidation.BeanValidationIntegrator.integrate(BeanValidationIntegrator.java:139)
	at org.hibernate.internal.SessionFactoryImpl.integrate(SessionFactoryImpl.java:517)
	at org.hibernate.internal.SessionFactoryImpl.<init>(SessionFactoryImpl.java:276)
	at org.hibernate.boot.internal.SessionFactoryBuilderImpl.build(SessionFactoryBuilderImpl.java:457)
	at org.hibernate.jpa.boot.internal.EntityManagerFactoryBuilderImpl.build(EntityManagerFactoryBuilderImpl.java:1506)
	at org.hibernate.jpa.HibernatePersistenceProvider.createEntityManagerFactory(HibernatePersistenceProvider.java:55)
	at jakarta.persistence.Persistence.createEntityManagerFactory(Persistence.java:80)
	at org.frcpm.config.DatabaseConfig.initialize(DatabaseConfig.java:114)
	at org.frcpm.config.DatabaseConfig.initialize(DatabaseConfig.java:28)
	at org.frcpm.repositories.SubteamRepositoryTest.setUp(SubteamRepositoryTest.java:24)
	at java.base/jdk.internal.reflect.DirectMethodHandleAccessor.invoke(DirectMethodHandleAccessor.java:103)
	at java.base/java.lang.reflect.Method.invoke(Method.java:580)
	at org.junit.platform.commons.util.ReflectionUtils.invokeMethod(ReflectionUtils.java:728)
	at org.junit.jupiter.engine.execution.MethodInvocation.proceed(MethodInvocation.java:60)
	at org.junit.jupiter.engine.execution.InvocationInterceptorChain$ValidatingInvocation.proceed(InvocationInterceptorChain.java:131)
	at org.junit.jupiter.engine.extension.TimeoutExtension.intercept(TimeoutExtension.java:156)
	at org.junit.jupiter.engine.extension.TimeoutExtension.interceptLifecycleMethod(TimeoutExtension.java:128)
	at org.junit.jupiter.engine.extension.TimeoutExtension.interceptBeforeEachMethod(TimeoutExtension.java:78)
	at org.junit.jupiter.engine.execution.InterceptingExecutableInvoker$ReflectiveInterceptorCall.lambda$ofVoidMethod$0(InterceptingExecutableInvoker.java:103)
	at org.junit.jupiter.engine.execution.InterceptingExecutableInvoker.lambda$invoke$0(InterceptingExecutableInvoker.java:93)
	at org.junit.jupiter.engine.execution.InvocationInterceptorChain$InterceptedInvocation.proceed(InvocationInterceptorChain.java:106)
	at org.junit.jupiter.engine.execution.InvocationInterceptorChain.proceed(InvocationInterceptorChain.java:64)
	at org.junit.jupiter.engine.execution.InvocationInterceptorChain.chainAndInvoke(InvocationInterceptorChain.java:45)
	at org.junit.jupiter.engine.execution.InvocationInterceptorChain.invoke(InvocationInterceptorChain.java:37)
	at org.junit.jupiter.engine.execution.InterceptingExecutableInvoker.invoke(InterceptingExecutableInvoker.java:92)
	at org.junit.jupiter.engine.execution.InterceptingExecutableInvoker.invoke(InterceptingExecutableInvoker.java:86)
	at org.junit.jupiter.engine.descriptor.ClassBasedTestDescriptor.invokeMethodInExtensionContext(ClassBasedTestDescriptor.java:521)
	at org.junit.jupiter.engine.descriptor.ClassBasedTestDescriptor.lambda$synthesizeBeforeEachMethodAdapter$23(ClassBasedTestDescriptor.java:506)
	at org.junit.jupiter.engine.descriptor.TestMethodTestDescriptor.lambda$invokeBeforeEachMethods$3(TestMethodTestDescriptor.java:175)
	at org.junit.jupiter.engine.descriptor.TestMethodTestDescriptor.lambda$invokeBeforeMethodsOrCallbacksUntilExceptionOccurs$6(TestMethodTestDescriptor.java:203)
	at org.junit.platform.engine.support.hierarchical.ThrowableCollector.execute(ThrowableCollector.java:73)
	at org.junit.jupiter.engine.descriptor.TestMethodTestDescriptor.invokeBeforeMethodsOrCallbacksUntilExceptionOccurs(TestMethodTestDescriptor.java:203)
	at org.junit.jupiter.engine.descriptor.TestMethodTestDescriptor.invokeBeforeEachMethods(TestMethodTestDescriptor.java:172)
	at org.junit.jupiter.engine.descriptor.TestMethodTestDescriptor.execute(TestMethodTestDescriptor.java:135)
	at org.junit.jupiter.engine.descriptor.TestMethodTestDescriptor.execute(TestMethodTestDescriptor.java:69)
	at org.junit.platform.engine.support.hierarchical.NodeTestTask.lambda$executeRecursively$6(NodeTestTask.java:151)
	at org.junit.platform.engine.support.hierarchical.ThrowableCollector.execute(ThrowableCollector.java:73)
	at org.junit.platform.engine.support.hierarchical.NodeTestTask.lambda$executeRecursively$8(NodeTestTask.java:141)
	at org.junit.platform.engine.support.hierarchical.Node.around(Node.java:137)
	at org.junit.platform.engine.support.hierarchical.NodeTestTask.lambda$executeRecursively$9(NodeTestTask.java:139)
	at org.junit.platform.engine.support.hierarchical.ThrowableCollector.execute(ThrowableCollector.java:73)
	at org.junit.platform.engine.support.hierarchical.NodeTestTask.executeRecursively(NodeTestTask.java:138)
	at org.junit.platform.engine.support.hierarchical.NodeTestTask.execute(NodeTestTask.java:95)
	at java.base/java.util.ArrayList.forEach(ArrayList.java:1596)
	at org.junit.platform.engine.support.hierarchical.SameThreadHierarchicalTestExecutorService.invokeAll(SameThreadHierarchicalTestExecutorService.java:41)
	at org.junit.platform.engine.support.hierarchical.NodeTestTask.lambda$executeRecursively$6(NodeTestTask.java:155)
	at org.junit.platform.engine.support.hierarchical.ThrowableCollector.execute(ThrowableCollector.java:73)
	at org.junit.platform.engine.support.hierarchical.NodeTestTask.lambda$executeRecursively$8(NodeTestTask.java:141)
	at org.junit.platform.engine.support.hierarchical.Node.around(Node.java:137)
	at org.junit.platform.engine.support.hierarchical.NodeTestTask.lambda$executeRecursively$9(NodeTestTask.java:139)
	at org.junit.platform.engine.support.hierarchical.ThrowableCollector.execute(ThrowableCollector.java:73)
	at org.junit.platform.engine.support.hierarchical.NodeTestTask.executeRecursively(NodeTestTask.java:138)
	at org.junit.platform.engine.support.hierarchical.NodeTestTask.execute(NodeTestTask.java:95)
	at java.base/java.util.ArrayList.forEach(ArrayList.java:1596)
	at org.junit.platform.engine.support.hierarchical.SameThreadHierarchicalTestExecutorService.invokeAll(SameThreadHierarchicalTestExecutorService.java:41)
	at org.junit.platform.engine.support.hierarchical.NodeTestTask.lambda$executeRecursively$6(NodeTestTask.java:155)
	at org.junit.platform.engine.support.hierarchical.ThrowableCollector.execute(ThrowableCollector.java:73)
	at org.junit.platform.engine.support.hierarchical.NodeTestTask.lambda$executeRecursively$8(NodeTestTask.java:141)
	at org.junit.platform.engine.support.hierarchical.Node.around(Node.java:137)
	at org.junit.platform.engine.support.hierarchical.NodeTestTask.lambda$executeRecursively$9(NodeTestTask.java:139)
	at org.junit.platform.engine.support.hierarchical.ThrowableCollector.execute(ThrowableCollector.java:73)
	at org.junit.platform.engine.support.hierarchical.NodeTestTask.executeRecursively(NodeTestTask.java:138)
	at org.junit.platform.engine.support.hierarchical.NodeTestTask.execute(NodeTestTask.java:95)
	at org.junit.platform.engine.support.hierarchical.SameThreadHierarchicalTestExecutorService.submit(SameThreadHierarchicalTestExecutorService.java:35)
	at org.junit.platform.engine.support.hierarchical.HierarchicalTestExecutor.execute(HierarchicalTestExecutor.java:57)
	at org.junit.platform.engine.support.hierarchical.HierarchicalTestEngine.execute(HierarchicalTestEngine.java:54)
	at org.junit.platform.launcher.core.EngineExecutionOrchestrator.execute(EngineExecutionOrchestrator.java:198)
	at org.junit.platform.launcher.core.EngineExecutionOrchestrator.execute(EngineExecutionOrchestrator.java:169)
	at org.junit.platform.launcher.core.EngineExecutionOrchestrator.execute(EngineExecutionOrchestrator.java:93)
	at org.junit.platform.launcher.core.EngineExecutionOrchestrator.lambda$execute$0(EngineExecutionOrchestrator.java:58)
	at org.junit.platform.launcher.core.EngineExecutionOrchestrator.withInterceptedStreams(EngineExecutionOrchestrator.java:141)
	at org.junit.platform.launcher.core.EngineExecutionOrchestrator.execute(EngineExecutionOrchestrator.java:57)
	at org.junit.platform.launcher.core.DefaultLauncher.execute(DefaultLauncher.java:103)
	at org.junit.platform.launcher.core.DefaultLauncher.execute(DefaultLauncher.java:85)
	at org.junit.platform.launcher.core.DelegatingLauncher.execute(DelegatingLauncher.java:47)
	at org.apache.maven.surefire.junitplatform.LazyLauncher.execute(LazyLauncher.java:56)
	at org.apache.maven.surefire.junitplatform.JUnitPlatformProvider.execute(JUnitPlatformProvider.java:184)
	at org.apache.maven.surefire.junitplatform.JUnitPlatformProvider.invokeAllTests(JUnitPlatformProvider.java:148)
	at org.apache.maven.surefire.junitplatform.JUnitPlatformProvider.invoke(JUnitPlatformProvider.java:122)
	at org.apache.maven.surefire.booter.ForkedBooter.runSuitesInProcess(ForkedBooter.java:385)
	at org.apache.maven.surefire.booter.ForkedBooter.execute(ForkedBooter.java:162)
	at org.apache.maven.surefire.booter.ForkedBooter.run(ForkedBooter.java:507)
	at org.apache.maven.surefire.booter.ForkedBooter.main(ForkedBooter.java:495)
Caused by: java.lang.ClassNotFoundException: jakarta.el.ExpressionFactory
	... 97 common frames omitted
10:24:43.675 [main] DEBUG org.hibernate.boot.beanvalidation.TypeSafeActivator - Unable to acquire Bean Validation ValidatorFactory, skipping activation
10:24:43.675 [main] DEBUG org.hibernate.query.sqm.function.SqmFunctionRegistry - Registered SqmFunctionTemplate [NamedSqmFunctionTemplate(max)] under max; prior registration was null
10:24:43.675 [main] DEBUG org.hibernate.query.sqm.function.SqmFunctionRegistry - Registered SqmFunctionTemplate [NamedSqmFunctionTemplate(min)] under min; prior registration was null
10:24:43.675 [main] DEBUG org.hibernate.query.sqm.function.SqmFunctionRegistry - Registered SqmFunctionTemplate [NamedSqmFunctionTemplate(sum)] under sum; prior registration was null
10:24:43.675 [main] DEBUG org.hibernate.query.sqm.function.SqmFunctionRegistry - Registered SqmFunctionTemplate [NamedSqmFunctionTemplate(avg)] under avg; prior registration was null
10:24:43.675 [main] DEBUG org.hibernate.query.sqm.function.SqmFunctionRegistry - Registered SqmFunctionTemplate [org.hibernate.dialect.function.CountFunction@6a772894] under count; prior registration was null
10:24:43.675 [main] DEBUG org.hibernate.query.sqm.function.SqmFunctionRegistry - Registered SqmFunctionTemplate [org.hibernate.dialect.function.EveryAnyEmulation@2ccb1941] under every; prior registration was null
10:24:43.675 [main] DEBUG org.hibernate.query.sqm.function.SqmFunctionRegistry - Registered SqmFunctionTemplate [org.hibernate.dialect.function.EveryAnyEmulation@9073126] under any; prior registration was null
10:24:43.675 [main] DEBUG org.hibernate.query.sqm.function.SqmFunctionRegistry - Registered SqmFunctionTemplate [NamedSqmFunctionTemplate(floor)] under floor; prior registration was null
10:24:43.675 [main] DEBUG org.hibernate.query.sqm.function.SqmFunctionRegistry - Registered SqmFunctionTemplate [NamedSqmFunctionTemplate(ceiling)] under ceiling; prior registration was null
10:24:43.675 [main] DEBUG org.hibernate.query.sqm.function.SqmFunctionRegistry - Registered SqmFunctionTemplate [NamedSqmFunctionTemplate(mod)] under mod; prior registration was null
10:24:43.675 [main] DEBUG org.hibernate.query.sqm.function.SqmFunctionRegistry - Registered SqmFunctionTemplate [NamedSqmFunctionTemplate(abs)] under abs; prior registration was null
10:24:43.675 [main] DEBUG org.hibernate.query.sqm.function.SqmFunctionRegistry - Registered SqmFunctionTemplate [NamedSqmFunctionTemplate(sign)] under sign; prior registration was null
10:24:43.675 [main] DEBUG org.hibernate.query.sqm.function.SqmFunctionRegistry - Registered SqmFunctionTemplate [NamedSqmFunctionTemplate(sqrt)] under sqrt; prior registration was null
10:24:43.675 [main] DEBUG org.hibernate.query.sqm.function.SqmFunctionRegistry - Registered SqmFunctionTemplate [NamedSqmFunctionTemplate(ln)] under ln; prior registration was null
10:24:43.675 [main] DEBUG org.hibernate.query.sqm.function.SqmFunctionRegistry - Registered SqmFunctionTemplate [NamedSqmFunctionTemplate(exp)] under exp; prior registration was null
10:24:43.675 [main] DEBUG org.hibernate.query.sqm.function.SqmFunctionRegistry - Registered SqmFunctionTemplate [NamedSqmFunctionTemplate(power)] under power; prior registration was null
10:24:43.675 [main] DEBUG org.hibernate.query.sqm.function.SqmFunctionRegistry - Registered SqmFunctionTemplate [NamedSqmFunctionTemplate(round)] under round; prior registration was null
10:24:43.675 [main] DEBUG org.hibernate.query.sqm.function.SqmFunctionRegistry - Registered SqmFunctionTemplate [NamedSqmFunctionTemplate(sin)] under sin; prior registration was null
10:24:43.675 [main] DEBUG org.hibernate.query.sqm.function.SqmFunctionRegistry - Registered SqmFunctionTemplate [NamedSqmFunctionTemplate(cos)] under cos; prior registration was null
10:24:43.675 [main] DEBUG org.hibernate.query.sqm.function.SqmFunctionRegistry - Registered SqmFunctionTemplate [NamedSqmFunctionTemplate(tan)] under tan; prior registration was null
10:24:43.675 [main] DEBUG org.hibernate.query.sqm.function.SqmFunctionRegistry - Registered SqmFunctionTemplate [NamedSqmFunctionTemplate(asin)] under asin; prior registration was null
10:24:43.675 [main] DEBUG org.hibernate.query.sqm.function.SqmFunctionRegistry - Registered SqmFunctionTemplate [NamedSqmFunctionTemplate(acos)] under acos; prior registration was null
10:24:43.675 [main] DEBUG org.hibernate.query.sqm.function.SqmFunctionRegistry - Registered SqmFunctionTemplate [NamedSqmFunctionTemplate(atan)] under atan; prior registration was null
10:24:43.675 [main] DEBUG org.hibernate.query.sqm.function.SqmFunctionRegistry - Registered SqmFunctionTemplate [NamedSqmFunctionTemplate(atan2)] under atan2; prior registration was null
10:24:43.675 [main] DEBUG org.hibernate.query.sqm.function.SqmFunctionRegistry - Registered SqmFunctionTemplate [org.hibernate.query.sqm.function.PatternBasedSqmFunctionDescriptor@4918a4dd] under sinh; prior registration was null
10:24:43.675 [main] DEBUG org.hibernate.query.sqm.function.SqmFunctionRegistry - Registered SqmFunctionTemplate [org.hibernate.query.sqm.function.PatternBasedSqmFunctionDescriptor@1a7806e2] under cosh; prior registration was null
10:24:43.675 [main] DEBUG org.hibernate.query.sqm.function.SqmFunctionRegistry - Registered SqmFunctionTemplate [org.hibernate.query.sqm.function.PatternBasedSqmFunctionDescriptor@6e0d05fd] under tanh; prior registration was null
10:24:43.675 [main] DEBUG org.hibernate.query.sqm.function.SqmFunctionRegistry - Registered SqmFunctionTemplate [org.hibernate.query.sqm.function.PatternBasedSqmFunctionDescriptor@5e33971b] under pi; prior registration was null
10:24:43.675 [main] DEBUG org.hibernate.query.sqm.function.SqmFunctionRegistry - Registered SqmFunctionTemplate [org.hibernate.query.sqm.function.PatternBasedSqmFunctionDescriptor@5201ee4c] under log; prior registration was null
10:24:43.675 [main] DEBUG org.hibernate.query.sqm.function.SqmFunctionRegistry - Registered SqmFunctionTemplate [NamedSqmFunctionTemplate(coalesce)] under coalesce; prior registration was null
10:24:43.675 [main] DEBUG org.hibernate.query.sqm.function.SqmFunctionRegistry - Registered SqmFunctionTemplate [NamedSqmFunctionTemplate(nullif)] under nullif; prior registration was null
10:24:43.675 [main] DEBUG org.hibernate.query.sqm.function.SqmFunctionRegistry - Registered SqmFunctionTemplate [NamedSqmFunctionTemplate(left)] under left; prior registration was null
10:24:43.675 [main] DEBUG org.hibernate.query.sqm.function.SqmFunctionRegistry - Registered SqmFunctionTemplate [NamedSqmFunctionTemplate(right)] under right; prior registration was null
10:24:43.675 [main] DEBUG org.hibernate.query.sqm.function.SqmFunctionRegistry - Registered SqmFunctionTemplate [NamedSqmFunctionTemplate(replace)] under replace; prior registration was null
10:24:43.675 [main] DEBUG org.hibernate.query.sqm.function.SqmFunctionRegistry - Registered SqmFunctionTemplate [NamedSqmFunctionTemplate(concat)] under concat; prior registration was null
10:24:43.675 [main] DEBUG org.hibernate.query.sqm.function.SqmFunctionRegistry - Registered SqmFunctionTemplate [NamedSqmFunctionTemplate(lower)] under lower; prior registration was null
10:24:43.675 [main] DEBUG org.hibernate.query.sqm.function.SqmFunctionRegistry - Registered SqmFunctionTemplate [NamedSqmFunctionTemplate(upper)] under upper; prior registration was null
10:24:43.675 [main] DEBUG org.hibernate.query.sqm.function.SqmFunctionRegistry - Registered SqmFunctionTemplate [NamedSqmFunctionTemplate(substring)] under substring; prior registration was null
10:24:43.675 [main] DEBUG org.hibernate.query.sqm.function.SqmFunctionRegistry - Registered SqmFunctionTemplate [NamedSqmFunctionTemplate(locate)] under locate; prior registration was null
10:24:43.675 [main] DEBUG org.hibernate.query.sqm.function.SqmFunctionRegistry - Registered SqmFunctionTemplate [NamedSqmFunctionTemplate(character_length)] under character_length; prior registration was null
10:24:43.675 [main] DEBUG org.hibernate.query.sqm.function.SqmFunctionRegistry - Registering alternate key : length -> character_length
10:24:43.675 [main] DEBUG org.hibernate.query.sqm.function.SqmFunctionRegistry - Registered SqmFunctionTemplate [org.hibernate.dialect.function.LocatePositionEmulation@814bdf8] under position; prior registration was null
10:24:43.675 [main] DEBUG org.hibernate.query.sqm.function.SqmFunctionRegistry - Registered SqmFunctionTemplate [org.hibernate.dialect.function.InsertSubstringOverlayEmulation@eb073ea] under overlay; prior registration was null
10:24:43.675 [main] DEBUG org.hibernate.query.sqm.function.SqmFunctionRegistry - Registered SqmFunctionTemplate [org.hibernate.dialect.function.TrimFunction@4cf9a668] under trim; prior registration was null
10:24:43.675 [main] DEBUG org.hibernate.query.sqm.function.SqmFunctionRegistry - Registered SqmFunctionTemplate [org.hibernate.dialect.function.CastFunction@11d75235] under cast; prior registration was null
10:24:43.675 [main] DEBUG org.hibernate.query.sqm.function.SqmFunctionRegistry - Registered SqmFunctionTemplate [org.hibernate.query.sqm.function.PatternBasedSqmFunctionDescriptor@3c81d68a] under collate; prior registration was null
10:24:43.675 [main] DEBUG org.hibernate.query.sqm.function.SqmFunctionRegistry - Registered SqmFunctionTemplate [org.hibernate.dialect.function.ExtractFunction@31a3cdd3] under extract; prior registration was null
10:24:43.675 [main] DEBUG org.hibernate.query.sqm.function.SqmFunctionRegistry - Registered SqmFunctionTemplate [NamedSqmFunctionTemplate(least)] under least; prior registration was null
10:24:43.675 [main] DEBUG org.hibernate.query.sqm.function.SqmFunctionRegistry - Registered SqmFunctionTemplate [NamedSqmFunctionTemplate(greatest)] under greatest; prior registration was null
10:24:43.675 [main] DEBUG org.hibernate.query.sqm.function.SqmFunctionRegistry - Registered SqmFunctionTemplate [org.hibernate.dialect.function.CoalesceIfnullEmulation@30e8f769] under ifnull; prior registration was null
10:24:43.675 [main] DEBUG org.hibernate.query.sqm.function.SqmFunctionRegistry - Registered SqmFunctionTemplate [NamedSqmFunctionTemplate(lpad)] under lpad; prior registration was null
10:24:43.675 [main] DEBUG org.hibernate.query.sqm.function.SqmFunctionRegistry - Registered SqmFunctionTemplate [NamedSqmFunctionTemplate(rpad)] under rpad; prior registration was null
10:24:43.675 [main] DEBUG org.hibernate.query.sqm.function.SqmFunctionRegistry - Registered SqmFunctionTemplate [org.hibernate.dialect.function.LpadRpadPadEmulation@1b054dbb] under pad; prior registration was null
10:24:43.675 [main] DEBUG org.hibernate.query.sqm.function.SqmFunctionRegistry - Registered SqmFunctionTemplate [org.hibernate.dialect.function.CastStrEmulation@2982edd7] under str; prior registration was null
10:24:43.675 [main] DEBUG org.hibernate.query.sqm.function.SqmFunctionRegistry - Registered SqmFunctionTemplate [org.hibernate.dialect.function.FormatFunction@6e07061] under format; prior registration was null
10:24:43.675 [main] DEBUG org.hibernate.query.sqm.function.SqmFunctionRegistry - Registered SqmFunctionTemplate [org.hibernate.dialect.function.TimestampaddFunction@71c48c6b] under timestampadd; prior registration was null
10:24:43.675 [main] DEBUG org.hibernate.query.sqm.function.SqmFunctionRegistry - Registered SqmFunctionTemplate [org.hibernate.dialect.function.TimestampdiffFunction@401d6f7d] under timestampdiff; prior registration was null
10:24:43.675 [main] DEBUG org.hibernate.query.sqm.function.SqmFunctionRegistry - Registering alternate key : dateadd -> timestampadd
10:24:43.675 [main] DEBUG org.hibernate.query.sqm.function.SqmFunctionRegistry - Registering alternate key : datediff -> timestampdiff
10:24:43.675 [main] DEBUG org.hibernate.query.sqm.function.SqmFunctionRegistry - Registered SqmFunctionTemplate [org.hibernate.dialect.function.CurrentFunction@7ecfdefc] under current_date; prior registration was null
10:24:43.675 [main] DEBUG org.hibernate.query.sqm.function.SqmFunctionRegistry - Registered SqmFunctionTemplate [org.hibernate.dialect.function.CurrentFunction@7b29ca3c] under current_time; prior registration was null
10:24:43.675 [main] DEBUG org.hibernate.query.sqm.function.SqmFunctionRegistry - Registered SqmFunctionTemplate [org.hibernate.dialect.function.CurrentFunction@2e5ba6e6] under current_timestamp; prior registration was null
10:24:43.675 [main] DEBUG org.hibernate.query.sqm.function.SqmFunctionRegistry - Registering alternate key : current date -> current_date
10:24:43.675 [main] DEBUG org.hibernate.query.sqm.function.SqmFunctionRegistry - Registering alternate key : current time -> current_time
10:24:43.675 [main] DEBUG org.hibernate.query.sqm.function.SqmFunctionRegistry - Registering alternate key : current timestamp -> current_timestamp
10:24:43.675 [main] DEBUG org.hibernate.query.sqm.function.SqmFunctionRegistry - Registered SqmFunctionTemplate [org.hibernate.dialect.function.CurrentFunction@59642d7] under local_date; prior registration was null
10:24:43.675 [main] DEBUG org.hibernate.query.sqm.function.SqmFunctionRegistry - Registered SqmFunctionTemplate [org.hibernate.dialect.function.CurrentFunction@5ae54a7] under local_time; prior registration was null
10:24:43.675 [main] DEBUG org.hibernate.query.sqm.function.SqmFunctionRegistry - Registered SqmFunctionTemplate [org.hibernate.dialect.function.CurrentFunction@30631604] under local_datetime; prior registration was null
10:24:43.675 [main] DEBUG org.hibernate.query.sqm.function.SqmFunctionRegistry - Registered SqmFunctionTemplate [org.hibernate.dialect.function.CurrentFunction@43fcea78] under offset_datetime; prior registration was null
10:24:43.675 [main] DEBUG org.hibernate.query.sqm.function.SqmFunctionRegistry - Registering alternate key : local date -> local_date
10:24:43.675 [main] DEBUG org.hibernate.query.sqm.function.SqmFunctionRegistry - Registering alternate key : local time -> local_time
10:24:43.675 [main] DEBUG org.hibernate.query.sqm.function.SqmFunctionRegistry - Registering alternate key : local datetime -> local_datetime
10:24:43.676 [main] DEBUG org.hibernate.query.sqm.function.SqmFunctionRegistry - Registering alternate key : offset datetime -> offset_datetime
10:24:43.676 [main] DEBUG org.hibernate.query.sqm.function.SqmFunctionRegistry - Registered SqmFunctionTemplate [org.hibernate.dialect.function.CurrentFunction@744b882a] under instant; prior registration was null
10:24:43.676 [main] DEBUG org.hibernate.query.sqm.function.SqmFunctionRegistry - Registering alternate key : current_instant -> instant
10:24:43.676 [main] DEBUG org.hibernate.query.sqm.function.SqmFunctionRegistry - Registered SqmFunctionTemplate [org.hibernate.dialect.function.SqlFunction@3b7f168] under sql; prior registration was null
10:24:43.676 [main] DEBUG org.hibernate.query.sqm.function.SqmFunctionRegistry - Registered SqmFunctionTemplate [NamedSqmFunctionTemplate(max)] under max; prior registration was NamedSqmFunctionTemplate(max)
10:24:43.676 [main] DEBUG org.hibernate.query.sqm.function.SqmFunctionRegistry - Registered SqmFunctionTemplate [NamedSqmFunctionTemplate(min)] under min; prior registration was NamedSqmFunctionTemplate(min)
10:24:43.676 [main] DEBUG org.hibernate.query.sqm.function.SqmFunctionRegistry - Registered SqmFunctionTemplate [NamedSqmFunctionTemplate(sum)] under sum; prior registration was NamedSqmFunctionTemplate(sum)
10:24:43.676 [main] DEBUG org.hibernate.query.sqm.function.SqmFunctionRegistry - Registered SqmFunctionTemplate [NamedSqmFunctionTemplate(avg)] under avg; prior registration was NamedSqmFunctionTemplate(avg)
10:24:43.676 [main] DEBUG org.hibernate.query.sqm.function.SqmFunctionRegistry - Registered SqmFunctionTemplate [org.hibernate.dialect.function.CountFunction@2b4c142c] under count; prior registration was org.hibernate.dialect.function.CountFunction@6a772894
10:24:43.676 [main] DEBUG org.hibernate.query.sqm.function.SqmFunctionRegistry - Registered SqmFunctionTemplate [org.hibernate.dialect.function.AvgFunction@fc79417] under avg; prior registration was NamedSqmFunctionTemplate(avg)
10:24:43.676 [main] DEBUG org.hibernate.query.sqm.function.SqmFunctionRegistry - Registered SqmFunctionTemplate [NamedSqmFunctionTemplate(pi)] under pi; prior registration was org.hibernate.query.sqm.function.PatternBasedSqmFunctionDescriptor@5e33971b
10:24:43.676 [main] DEBUG org.hibernate.query.sqm.function.SqmFunctionRegistry - Registered SqmFunctionTemplate [NamedSqmFunctionTemplate(cot)] under cot; prior registration was null
10:24:43.676 [main] DEBUG org.hibernate.query.sqm.function.SqmFunctionRegistry - Registered SqmFunctionTemplate [NamedSqmFunctionTemplate(radians)] under radians; prior registration was null
10:24:43.676 [main] DEBUG org.hibernate.query.sqm.function.SqmFunctionRegistry - Registered SqmFunctionTemplate [NamedSqmFunctionTemplate(degrees)] under degrees; prior registration was null
10:24:43.676 [main] DEBUG org.hibernate.query.sqm.function.SqmFunctionRegistry - Registered SqmFunctionTemplate [NamedSqmFunctionTemplate(log10)] under log10; prior registration was null
10:24:43.676 [main] DEBUG org.hibernate.query.sqm.function.SqmFunctionRegistry - Registered SqmFunctionTemplate [org.hibernate.query.sqm.function.PatternBasedSqmFunctionDescriptor@2765471d] under mod; prior registration was NamedSqmFunctionTemplate(mod)
10:24:43.676 [main] DEBUG org.hibernate.query.sqm.function.SqmFunctionRegistry - Registered SqmFunctionTemplate [NamedSqmFunctionTemplate(rand)] under rand; prior registration was null
10:24:43.676 [main] DEBUG org.hibernate.query.sqm.function.SqmFunctionRegistry - Registered SqmFunctionTemplate [NamedSqmFunctionTemplate(soundex)] under soundex; prior registration was null
10:24:43.676 [main] DEBUG org.hibernate.query.sqm.function.SqmFunctionRegistry - Registered SqmFunctionTemplate [NamedSqmFunctionTemplate(translate)] under translate; prior registration was null
10:24:43.676 [main] DEBUG org.hibernate.query.sqm.function.SqmFunctionRegistry - Registered SqmFunctionTemplate [NamedSqmFunctionTemplate(bitand)] under bitand; prior registration was null
10:24:43.676 [main] DEBUG org.hibernate.query.sqm.function.SqmFunctionRegistry - Registered SqmFunctionTemplate [NamedSqmFunctionTemplate(bitor)] under bitor; prior registration was null
10:24:43.676 [main] DEBUG org.hibernate.query.sqm.function.SqmFunctionRegistry - Registered SqmFunctionTemplate [NamedSqmFunctionTemplate(bitxor)] under bitxor; prior registration was null
10:24:43.676 [main] DEBUG org.hibernate.query.sqm.function.SqmFunctionRegistry - Registered SqmFunctionTemplate [NamedSqmFunctionTemplate(bitnot)] under bitnot; prior registration was null
10:24:43.676 [main] DEBUG org.hibernate.query.sqm.function.SqmFunctionRegistry - Registered SqmFunctionTemplate [NamedSqmFunctionTemplate(bit_and)] under bit_and; prior registration was null
10:24:43.676 [main] DEBUG org.hibernate.query.sqm.function.SqmFunctionRegistry - Registered SqmFunctionTemplate [NamedSqmFunctionTemplate(bit_or)] under bit_or; prior registration was null
10:24:43.676 [main] DEBUG org.hibernate.query.sqm.function.SqmFunctionRegistry - Registered SqmFunctionTemplate [NamedSqmFunctionTemplate(day)] under day; prior registration was null
10:24:43.676 [main] DEBUG org.hibernate.query.sqm.function.SqmFunctionRegistry - Registered SqmFunctionTemplate [NamedSqmFunctionTemplate(month)] under month; prior registration was null
10:24:43.676 [main] DEBUG org.hibernate.query.sqm.function.SqmFunctionRegistry - Registered SqmFunctionTemplate [NamedSqmFunctionTemplate(year)] under year; prior registration was null
10:24:43.676 [main] DEBUG org.hibernate.query.sqm.function.SqmFunctionRegistry - Registered SqmFunctionTemplate [NamedSqmFunctionTemplate(hour)] under hour; prior registration was null
10:24:43.676 [main] DEBUG org.hibernate.query.sqm.function.SqmFunctionRegistry - Registered SqmFunctionTemplate [NamedSqmFunctionTemplate(minute)] under minute; prior registration was null
10:24:43.676 [main] DEBUG org.hibernate.query.sqm.function.SqmFunctionRegistry - Registered SqmFunctionTemplate [NamedSqmFunctionTemplate(second)] under second; prior registration was null
10:24:43.676 [main] DEBUG org.hibernate.query.sqm.function.SqmFunctionRegistry - Registered SqmFunctionTemplate [NamedSqmFunctionTemplate(microsecond)] under microsecond; prior registration was null
10:24:43.676 [main] DEBUG org.hibernate.query.sqm.function.SqmFunctionRegistry - Registered SqmFunctionTemplate [NamedSqmFunctionTemplate(day_of_week)] under day_of_week; prior registration was null
10:24:43.676 [main] DEBUG org.hibernate.query.sqm.function.SqmFunctionRegistry - Registered SqmFunctionTemplate [NamedSqmFunctionTemplate(day_of_month)] under day_of_month; prior registration was null
10:24:43.676 [main] DEBUG org.hibernate.query.sqm.function.SqmFunctionRegistry - Registering alternate key : day -> day_of_month
10:24:43.676 [main] DEBUG org.hibernate.query.sqm.function.SqmFunctionRegistry - Registered SqmFunctionTemplate [NamedSqmFunctionTemplate(day_of_year)] under day_of_year; prior registration was null
10:24:43.676 [main] DEBUG org.hibernate.query.sqm.function.SqmFunctionRegistry - Registered SqmFunctionTemplate [NamedSqmFunctionTemplate(week)] under week; prior registration was null
10:24:43.676 [main] DEBUG org.hibernate.query.sqm.function.SqmFunctionRegistry - Registered SqmFunctionTemplate [NamedSqmFunctionTemplate(quarter)] under quarter; prior registration was null
10:24:43.676 [main] DEBUG org.hibernate.query.sqm.function.SqmFunctionRegistry - Registered SqmFunctionTemplate [NamedSqmFunctionTemplate(monthname)] under monthname; prior registration was null
10:24:43.676 [main] DEBUG org.hibernate.query.sqm.function.SqmFunctionRegistry - Registered SqmFunctionTemplate [NamedSqmFunctionTemplate(dayname)] under dayname; prior registration was null
10:24:43.676 [main] DEBUG org.hibernate.query.sqm.function.SqmFunctionRegistry - Registered SqmFunctionTemplate [NamedSqmFunctionTemplate(localtime)] under localtime; prior registration was null
10:24:43.676 [main] DEBUG org.hibernate.query.sqm.function.SqmFunctionRegistry - Registered SqmFunctionTemplate [NamedSqmFunctionTemplate(localtimestamp)] under localtimestamp; prior registration was null
10:24:43.676 [main] DEBUG org.hibernate.query.sqm.function.SqmFunctionRegistry - Registered SqmFunctionTemplate [NamedSqmFunctionTemplate(localtime)] under local_time; prior registration was org.hibernate.dialect.function.CurrentFunction@5ae54a7
10:24:43.676 [main] DEBUG org.hibernate.query.sqm.function.SqmFunctionRegistry - Registered SqmFunctionTemplate [NamedSqmFunctionTemplate(localtimestamp)] under local_datetime; prior registration was org.hibernate.dialect.function.CurrentFunction@30631604
10:24:43.676 [main] DEBUG org.hibernate.query.sqm.function.SqmFunctionRegistry - Registered SqmFunctionTemplate [org.hibernate.dialect.function.TruncFunction@1be5de28] under trunc; prior registration was null
10:24:43.676 [main] DEBUG org.hibernate.query.sqm.function.SqmFunctionRegistry - Registering alternate key : truncate -> trunc
10:24:43.676 [main] DEBUG org.hibernate.query.sqm.function.SqmFunctionRegistry - Registered SqmFunctionTemplate [org.hibernate.query.sqm.function.PatternBasedSqmFunctionDescriptor@5043440c] under date_trunc; prior registration was null
10:24:43.676 [main] DEBUG org.hibernate.query.sqm.function.SqmFunctionRegistry - Registered SqmFunctionTemplate [NamedSqmFunctionTemplate(bit_length)] under bit_length; prior registration was null
10:24:43.676 [main] DEBUG org.hibernate.query.sqm.function.SqmFunctionRegistry - Registered SqmFunctionTemplate [NamedSqmFunctionTemplate(octet_length)] under octet_length; prior registration was null
10:24:43.676 [main] DEBUG org.hibernate.query.sqm.function.SqmFunctionRegistry - Registered SqmFunctionTemplate [NamedSqmFunctionTemplate(ascii)] under ascii; prior registration was null
10:24:43.676 [main] DEBUG org.hibernate.query.sqm.function.SqmFunctionRegistry - Registered SqmFunctionTemplate [NamedSqmFunctionTemplate(octet_length)] under octet_length; prior registration was NamedSqmFunctionTemplate(octet_length)
10:24:43.676 [main] DEBUG org.hibernate.query.sqm.function.SqmFunctionRegistry - Registered SqmFunctionTemplate [NamedSqmFunctionTemplate(space)] under space; prior registration was null
10:24:43.676 [main] DEBUG org.hibernate.query.sqm.function.SqmFunctionRegistry - Registered SqmFunctionTemplate [NamedSqmFunctionTemplate(repeat)] under repeat; prior registration was null
10:24:43.676 [main] DEBUG org.hibernate.query.sqm.function.SqmFunctionRegistry - Registered SqmFunctionTemplate [NamedSqmFunctionTemplate(char)] under char; prior registration was null
10:24:43.676 [main] DEBUG org.hibernate.query.sqm.function.SqmFunctionRegistry - Registering alternate key : chr -> char
10:24:43.676 [main] DEBUG org.hibernate.query.sqm.function.SqmFunctionRegistry - Registered SqmFunctionTemplate [NamedSqmFunctionTemplate(instr)] under instr; prior registration was null
10:24:43.676 [main] DEBUG org.hibernate.query.sqm.function.SqmFunctionRegistry - Registered SqmFunctionTemplate [NamedSqmFunctionTemplate(substr)] under substr; prior registration was null
10:24:43.676 [main] DEBUG org.hibernate.query.sqm.function.SqmFunctionRegistry - Registered SqmFunctionTemplate [org.hibernate.query.sqm.function.PatternBasedSqmFunctionDescriptor@6317053f] under position; prior registration was org.hibernate.dialect.function.LocatePositionEmulation@814bdf8
10:24:43.676 [main] DEBUG org.hibernate.query.sqm.function.SqmFunctionRegistry - Registered SqmFunctionTemplate [NamedSqmFunctionTemplate(ltrim)] under ltrim; prior registration was null
10:24:43.676 [main] DEBUG org.hibernate.query.sqm.function.SqmFunctionRegistry - Registered SqmFunctionTemplate [NamedSqmFunctionTemplate(rtrim)] under rtrim; prior registration was null
10:24:43.676 [main] DEBUG org.hibernate.query.sqm.function.SqmFunctionRegistry - Registered SqmFunctionTemplate [org.hibernate.query.sqm.function.PatternBasedSqmFunctionDescriptor@6ec7fbef] under concat; prior registration was NamedSqmFunctionTemplate(concat)
10:24:43.676 [main] DEBUG org.hibernate.query.sqm.function.SqmFunctionRegistry - Registered SqmFunctionTemplate [NamedSqmFunctionTemplate(curtime)] under curtime; prior registration was null
10:24:43.676 [main] DEBUG org.hibernate.query.sqm.function.SqmFunctionRegistry - Registered SqmFunctionTemplate [NamedSqmFunctionTemplate(curdate)] under curdate; prior registration was null
10:24:43.676 [main] DEBUG org.hibernate.query.sqm.function.SqmFunctionRegistry - Registered SqmFunctionTemplate [NamedSqmFunctionTemplate(now)] under now; prior registration was null
10:24:43.676 [main] DEBUG org.hibernate.query.sqm.function.SqmFunctionRegistry - Registered SqmFunctionTemplate [NamedSqmFunctionTemplate(sysdate)] under sysdate; prior registration was null
10:24:43.676 [main] DEBUG org.hibernate.query.sqm.function.SqmFunctionRegistry - Registered SqmFunctionTemplate [NamedSqmFunctionTemplate(insert)] under insert; prior registration was null
10:24:43.676 [main] DEBUG org.hibernate.query.sqm.function.SqmFunctionRegistry - Registered SqmFunctionTemplate [NamedSqmFunctionTemplate(bool_and)] under bool_and; prior registration was null
10:24:43.676 [main] DEBUG org.hibernate.query.sqm.function.SqmFunctionRegistry - Registering alternate key : every -> bool_and
10:24:43.676 [main] DEBUG org.hibernate.query.sqm.function.SqmFunctionRegistry - Registered SqmFunctionTemplate [NamedSqmFunctionTemplate(bool_or)] under bool_or; prior registration was null
10:24:43.676 [main] DEBUG org.hibernate.query.sqm.function.SqmFunctionRegistry - Registering alternate key : any -> bool_or
10:24:43.676 [main] DEBUG org.hibernate.query.sqm.function.SqmFunctionRegistry - Registered SqmFunctionTemplate [NamedSqmFunctionTemplate(median)] under median; prior registration was null
10:24:43.676 [main] DEBUG org.hibernate.query.sqm.function.SqmFunctionRegistry - Registered SqmFunctionTemplate [NamedSqmFunctionTemplate(stddev_pop)] under stddev_pop; prior registration was null
10:24:43.676 [main] DEBUG org.hibernate.query.sqm.function.SqmFunctionRegistry - Registered SqmFunctionTemplate [NamedSqmFunctionTemplate(stddev_samp)] under stddev_samp; prior registration was null
10:24:43.676 [main] DEBUG org.hibernate.query.sqm.function.SqmFunctionRegistry - Registered SqmFunctionTemplate [NamedSqmFunctionTemplate(var_pop)] under var_pop; prior registration was null
10:24:43.676 [main] DEBUG org.hibernate.query.sqm.function.SqmFunctionRegistry - Registered SqmFunctionTemplate [NamedSqmFunctionTemplate(var_samp)] under var_samp; prior registration was null
10:24:43.676 [main] DEBUG org.hibernate.query.sqm.function.SqmFunctionRegistry - Registered SqmFunctionTemplate [org.hibernate.dialect.function.FormatFunction@5be66c81] under format; prior registration was org.hibernate.dialect.function.FormatFunction@6e07061
10:24:43.676 [main] DEBUG org.hibernate.query.sqm.function.SqmFunctionRegistry - Registered SqmFunctionTemplate [NamedSqmFunctionTemplate(rownum)] under rownum; prior registration was null
10:24:43.676 [main] DEBUG org.hibernate.query.sqm.function.SqmFunctionRegistry - Registered SqmFunctionTemplate [NamedSqmFunctionTemplate(row_number)] under row_number; prior registration was null
10:24:43.676 [main] DEBUG org.hibernate.query.sqm.function.SqmFunctionRegistry - Registered SqmFunctionTemplate [NamedSqmFunctionTemplate(lag)] under lag; prior registration was null
10:24:43.676 [main] DEBUG org.hibernate.query.sqm.function.SqmFunctionRegistry - Registered SqmFunctionTemplate [NamedSqmFunctionTemplate(lead)] under lead; prior registration was null
10:24:43.676 [main] DEBUG org.hibernate.query.sqm.function.SqmFunctionRegistry - Registered SqmFunctionTemplate [NamedSqmFunctionTemplate(first_value)] under first_value; prior registration was null
10:24:43.676 [main] DEBUG org.hibernate.query.sqm.function.SqmFunctionRegistry - Registered SqmFunctionTemplate [NamedSqmFunctionTemplate(last_value)] under last_value; prior registration was null
10:24:43.676 [main] DEBUG org.hibernate.query.sqm.function.SqmFunctionRegistry - Registered SqmFunctionTemplate [NamedSqmFunctionTemplate(nth_value)] under nth_value; prior registration was null
10:24:43.676 [main] DEBUG org.hibernate.query.sqm.function.SqmFunctionRegistry - Registered SqmFunctionTemplate [org.hibernate.dialect.function.ListaggFunction@11cf30d5] under listagg; prior registration was null
10:24:43.676 [main] DEBUG org.hibernate.query.sqm.function.SqmFunctionRegistry - Registered SqmFunctionTemplate [org.hibernate.dialect.function.InverseDistributionFunction@4a2ae12e] under mode; prior registration was null
10:24:43.676 [main] DEBUG org.hibernate.query.sqm.function.SqmFunctionRegistry - Registered SqmFunctionTemplate [org.hibernate.dialect.function.InverseDistributionFunction@1be37307] under percentile_cont; prior registration was null
10:24:43.676 [main] DEBUG org.hibernate.query.sqm.function.SqmFunctionRegistry - Registered SqmFunctionTemplate [org.hibernate.dialect.function.InverseDistributionFunction@7389869e] under percentile_disc; prior registration was null
10:24:43.676 [main] DEBUG org.hibernate.query.sqm.function.SqmFunctionRegistry - Registered SqmFunctionTemplate [org.hibernate.dialect.function.HypotheticalSetFunction@1b2859a2] under rank; prior registration was null
10:24:43.676 [main] DEBUG org.hibernate.query.sqm.function.SqmFunctionRegistry - Registered SqmFunctionTemplate [org.hibernate.dialect.function.HypotheticalSetFunction@616f878] under dense_rank; prior registration was null
10:24:43.676 [main] DEBUG org.hibernate.query.sqm.function.SqmFunctionRegistry - Registered SqmFunctionTemplate [org.hibernate.dialect.function.HypotheticalSetFunction@6edd8f6] under percent_rank; prior registration was null
10:24:43.676 [main] DEBUG org.hibernate.query.sqm.function.SqmFunctionRegistry - Registered SqmFunctionTemplate [org.hibernate.dialect.function.HypotheticalSetFunction@396f13c3] under cume_dist; prior registration was null
10:24:43.676 [main] DEBUG org.hibernate.query.sqm.function.SqmFunctionRegistry - Registered SqmFunctionTemplate [org.hibernate.dialect.function.array.ArrayConstructorFunction@6053b805] under array; prior registration was null
10:24:43.676 [main] DEBUG org.hibernate.query.sqm.function.SqmFunctionRegistry - Registered SqmFunctionTemplate [org.hibernate.dialect.function.array.ArrayConstructorFunction@51b7494f] under array_list; prior registration was null
10:24:43.676 [main] DEBUG org.hibernate.query.sqm.function.SqmFunctionRegistry - Registered SqmFunctionTemplate [org.hibernate.dialect.function.array.ArrayAggFunction@39f511e7] under array_agg; prior registration was null
10:24:43.676 [main] DEBUG org.hibernate.query.sqm.function.SqmFunctionRegistry - Registered SqmFunctionTemplate [org.hibernate.dialect.function.array.H2ArrayPositionFunction@7845fc11] under array_position; prior registration was null
10:24:43.676 [main] DEBUG org.hibernate.query.sqm.function.SqmFunctionRegistry - Registered SqmFunctionTemplate [org.hibernate.dialect.function.array.H2ArrayPositionsFunction@6e3d3c47] under array_positions; prior registration was null
10:24:43.676 [main] DEBUG org.hibernate.query.sqm.function.SqmFunctionRegistry - Registered SqmFunctionTemplate [org.hibernate.dialect.function.array.H2ArrayPositionsFunction@2824bcc1] under array_positions_list; prior registration was null
10:24:43.676 [main] DEBUG org.hibernate.query.sqm.function.SqmFunctionRegistry - Registered SqmFunctionTemplate [org.hibernate.query.sqm.function.PatternBasedSqmFunctionDescriptor@725196c9] under array_length; prior registration was null
10:24:43.676 [main] DEBUG org.hibernate.query.sqm.function.SqmFunctionRegistry - Registered SqmFunctionTemplate [org.hibernate.dialect.function.array.ArrayConcatFunction@758953c0] under array_concat; prior registration was null
10:24:43.676 [main] DEBUG org.hibernate.query.sqm.function.SqmFunctionRegistry - Registered SqmFunctionTemplate [org.hibernate.dialect.function.array.ArrayConcatElementFunction@39018b3d] under array_prepend; prior registration was null
10:24:43.676 [main] DEBUG org.hibernate.query.sqm.function.SqmFunctionRegistry - Registered SqmFunctionTemplate [org.hibernate.dialect.function.array.ArrayConcatElementFunction@34ceea68] under array_append; prior registration was null
10:24:43.676 [main] DEBUG org.hibernate.query.sqm.function.SqmFunctionRegistry - Registered SqmFunctionTemplate [org.hibernate.dialect.function.array.H2ArrayContainsFunction@4a57c5e6] under array_contains; prior registration was null
10:24:43.676 [main] DEBUG org.hibernate.query.sqm.function.SqmFunctionRegistry - Registered SqmFunctionTemplate [org.hibernate.dialect.function.array.H2ArrayContainsFunction@75ff983f] under array_contains_nullable; prior registration was null
10:24:43.676 [main] DEBUG org.hibernate.query.sqm.function.SqmFunctionRegistry - Registered SqmFunctionTemplate [org.hibernate.dialect.function.array.H2ArrayOverlapsFunction@4012adde] under array_overlaps; prior registration was null
10:24:43.676 [main] DEBUG org.hibernate.query.sqm.function.SqmFunctionRegistry - Registered SqmFunctionTemplate [org.hibernate.dialect.function.array.H2ArrayOverlapsFunction@34c821e] under array_overlaps_nullable; prior registration was null
10:24:43.676 [main] DEBUG org.hibernate.query.sqm.function.SqmFunctionRegistry - Registered SqmFunctionTemplate [org.hibernate.query.sqm.function.PatternBasedSqmFunctionDescriptor@77400f64] under array_get; prior registration was null
10:24:43.676 [main] DEBUG org.hibernate.query.sqm.function.SqmFunctionRegistry - Registered SqmFunctionTemplate [org.hibernate.dialect.function.array.H2ArraySetFunction@7ef75fd3] under array_set; prior registration was null
10:24:43.676 [main] DEBUG org.hibernate.query.sqm.function.SqmFunctionRegistry - Registered SqmFunctionTemplate [org.hibernate.dialect.function.array.H2ArrayRemoveFunction@2bde618e] under array_remove; prior registration was null
10:24:43.676 [main] DEBUG org.hibernate.query.sqm.function.SqmFunctionRegistry - Registered SqmFunctionTemplate [org.hibernate.dialect.function.array.H2ArrayRemoveIndexFunction@4ce55a99] under array_remove_index; prior registration was null
10:24:43.676 [main] DEBUG org.hibernate.query.sqm.function.SqmFunctionRegistry - Registered SqmFunctionTemplate [org.hibernate.query.sqm.function.PatternBasedSqmFunctionDescriptor@3ba9574e] under array_slice; prior registration was null
10:24:43.676 [main] DEBUG org.hibernate.query.sqm.function.SqmFunctionRegistry - Registered SqmFunctionTemplate [org.hibernate.dialect.function.array.H2ArrayReplaceFunction@7fe48e2f] under array_replace; prior registration was null
10:24:43.676 [main] DEBUG org.hibernate.query.sqm.function.SqmFunctionRegistry - Registered SqmFunctionTemplate [org.hibernate.query.sqm.function.PatternBasedSqmFunctionDescriptor@276e524c] under array_trim; prior registration was null
10:24:43.676 [main] DEBUG org.hibernate.query.sqm.function.SqmFunctionRegistry - Registered SqmFunctionTemplate [org.hibernate.dialect.function.array.H2ArrayFillFunction@41b9e5aa] under array_fill; prior registration was null
10:24:43.676 [main] DEBUG org.hibernate.query.sqm.function.SqmFunctionRegistry - Registered SqmFunctionTemplate [org.hibernate.dialect.function.array.H2ArrayFillFunction@305bd9f4] under array_fill_list; prior registration was null
10:24:43.676 [main] DEBUG org.hibernate.query.sqm.function.SqmFunctionRegistry - Registered SqmFunctionTemplate [org.hibernate.dialect.function.array.H2ArrayToStringFunction@6b15ac26] under array_to_string; prior registration was null
10:24:43.676 [main] DEBUG org.hibernate.HQL_FUNCTIONS - abs(NUMERIC arg)
10:24:43.676 [main] DEBUG org.hibernate.HQL_FUNCTIONS - Double acos(NUMERIC arg)
10:24:43.676 [main] DEBUG org.hibernate.HQL_FUNCTIONS - Boolean any(BOOLEAN predicate)
10:24:43.676 [main] DEBUG org.hibernate.HQL_FUNCTIONS - array( ... )
10:24:43.676 [main] DEBUG org.hibernate.HQL_FUNCTIONS - array_agg(arg)
10:24:43.676 [main] DEBUG org.hibernate.HQL_FUNCTIONS - array_append( ... )
10:24:43.676 [main] DEBUG org.hibernate.HQL_FUNCTIONS - array_concat( ... )
10:24:43.676 [main] DEBUG org.hibernate.HQL_FUNCTIONS - Boolean array_contains(ARRAY haystackArray, OBJECT needleElementOrArray)
10:24:43.676 [main] DEBUG org.hibernate.HQL_FUNCTIONS - Boolean array_contains_nullable(ARRAY haystackArray, OBJECT needleElementOrArray)
10:24:43.676 [main] DEBUG org.hibernate.HQL_FUNCTIONS - array_fill(OBJECT element, INTEGER elementCount)
10:24:43.676 [main] DEBUG org.hibernate.HQL_FUNCTIONS - array_fill_list(OBJECT element, INTEGER elementCount)
10:24:43.676 [main] DEBUG org.hibernate.HQL_FUNCTIONS - array_get(ARRAY array, INTEGER index)
10:24:43.676 [main] DEBUG org.hibernate.HQL_FUNCTIONS - Integer array_length(ARRAY array)
10:24:43.676 [main] DEBUG org.hibernate.HQL_FUNCTIONS - array_list( ... )
10:24:43.676 [main] DEBUG org.hibernate.HQL_FUNCTIONS - Boolean array_overlaps(ARRAY array0, OBJECT array1)
10:24:43.676 [main] DEBUG org.hibernate.HQL_FUNCTIONS - Boolean array_overlaps_nullable(ARRAY array0, OBJECT array1)
10:24:43.676 [main] DEBUG org.hibernate.HQL_FUNCTIONS - Integer array_position(ARRAY array, OBJECT element[, INTEGER startPosition])
10:24:43.676 [main] DEBUG org.hibernate.HQL_FUNCTIONS - int[] array_positions(ARRAY array, OBJECT element)
10:24:43.676 [main] DEBUG org.hibernate.HQL_FUNCTIONS - List array_positions_list(ARRAY array, OBJECT element)
10:24:43.676 [main] DEBUG org.hibernate.HQL_FUNCTIONS - array_prepend( ... )
10:24:43.676 [main] DEBUG org.hibernate.HQL_FUNCTIONS - array_remove( ... )
10:24:43.676 [main] DEBUG org.hibernate.HQL_FUNCTIONS - array_remove_index( ... )
10:24:43.676 [main] DEBUG org.hibernate.HQL_FUNCTIONS - array_replace( ... )
10:24:43.676 [main] DEBUG org.hibernate.HQL_FUNCTIONS - array_set( ... )
10:24:43.676 [main] DEBUG org.hibernate.HQL_FUNCTIONS - array_slice(ARRAY array, INTEGER start, INTEGER end)
10:24:43.676 [main] DEBUG org.hibernate.HQL_FUNCTIONS - String array_to_string( ... )
10:24:43.676 [main] DEBUG org.hibernate.HQL_FUNCTIONS - array_trim(ARRAY array, INTEGER elementsToRemove)
10:24:43.676 [main] DEBUG org.hibernate.HQL_FUNCTIONS - Integer ascii(STRING arg)
10:24:43.676 [main] DEBUG org.hibernate.HQL_FUNCTIONS - Double asin(NUMERIC arg)
10:24:43.676 [main] DEBUG org.hibernate.HQL_FUNCTIONS - Double atan(NUMERIC arg)
10:24:43.676 [main] DEBUG org.hibernate.HQL_FUNCTIONS - Double atan2(NUMERIC arg0, NUMERIC arg1)
10:24:43.676 [main] DEBUG org.hibernate.HQL_FUNCTIONS - avg(NUMERIC arg)
10:24:43.676 [main] DEBUG org.hibernate.HQL_FUNCTIONS - bit_and(arg)
10:24:43.676 [main] DEBUG org.hibernate.HQL_FUNCTIONS - Integer bit_length(STRING_OR_CLOB arg)
10:24:43.676 [main] DEBUG org.hibernate.HQL_FUNCTIONS - bit_or(arg)
10:24:43.676 [main] DEBUG org.hibernate.HQL_FUNCTIONS - bitand(arg0, arg1)
10:24:43.676 [main] DEBUG org.hibernate.HQL_FUNCTIONS - bitnot(arg)
10:24:43.676 [main] DEBUG org.hibernate.HQL_FUNCTIONS - bitor(arg0, arg1)
10:24:43.676 [main] DEBUG org.hibernate.HQL_FUNCTIONS - bitxor(arg0, arg1)
10:24:43.676 [main] DEBUG org.hibernate.HQL_FUNCTIONS - Boolean bool_and(BOOLEAN predicate)
10:24:43.676 [main] DEBUG org.hibernate.HQL_FUNCTIONS - Boolean bool_or(BOOLEAN predicate)
10:24:43.676 [main] DEBUG org.hibernate.HQL_FUNCTIONS - cast(arg as Type)
10:24:43.676 [main] DEBUG org.hibernate.HQL_FUNCTIONS - ceiling(NUMERIC arg)
10:24:43.676 [main] DEBUG org.hibernate.HQL_FUNCTIONS - Character char(INTEGER arg)
10:24:43.676 [main] DEBUG org.hibernate.HQL_FUNCTIONS - Integer character_length(STRING_OR_CLOB arg)
10:24:43.676 [main] DEBUG org.hibernate.HQL_FUNCTIONS - Character chr(INTEGER arg)
10:24:43.676 [main] DEBUG org.hibernate.HQL_FUNCTIONS - coalesce(arg0[, arg1[, ...]])
10:24:43.676 [main] DEBUG org.hibernate.HQL_FUNCTIONS - String collate(STRING string as COLLATION collation)
10:24:43.676 [main] DEBUG org.hibernate.HQL_FUNCTIONS - String concat(STRING string0[, STRING string1[, ...]])
10:24:43.676 [main] DEBUG org.hibernate.HQL_FUNCTIONS - Double cos(NUMERIC arg)
10:24:43.676 [main] DEBUG org.hibernate.HQL_FUNCTIONS - Double cosh(NUMERIC arg)
10:24:43.676 [main] DEBUG org.hibernate.HQL_FUNCTIONS - Double cot(NUMERIC arg)
10:24:43.676 [main] DEBUG org.hibernate.HQL_FUNCTIONS - Long count([distinct ]{arg|*})
10:24:43.676 [main] DEBUG org.hibernate.HQL_FUNCTIONS - Double cume_dist([arg0[, ...]])
10:24:43.676 [main] DEBUG org.hibernate.HQL_FUNCTIONS - Date curdate()
10:24:43.676 [main] DEBUG org.hibernate.HQL_FUNCTIONS - Date current date
10:24:43.676 [main] DEBUG org.hibernate.HQL_FUNCTIONS - Time current time
10:24:43.676 [main] DEBUG org.hibernate.HQL_FUNCTIONS - Timestamp current timestamp
10:24:43.676 [main] DEBUG org.hibernate.HQL_FUNCTIONS - Date current_date
10:24:43.676 [main] DEBUG org.hibernate.HQL_FUNCTIONS - Instant current_instant
10:24:43.676 [main] DEBUG org.hibernate.HQL_FUNCTIONS - Time current_time
10:24:43.676 [main] DEBUG org.hibernate.HQL_FUNCTIONS - Timestamp current_timestamp
10:24:43.676 [main] DEBUG org.hibernate.HQL_FUNCTIONS - Time curtime()
10:24:43.676 [main] DEBUG org.hibernate.HQL_FUNCTIONS - date_trunc(STRING field, TEMPORAL datetime)
10:24:43.676 [main] DEBUG org.hibernate.HQL_FUNCTIONS - dateadd(TEMPORAL_UNIT field, INTEGER magnitude, TEMPORAL datetime)
10:24:43.676 [main] DEBUG org.hibernate.HQL_FUNCTIONS - Long|Double datediff(TEMPORAL_UNIT field, TEMPORAL start, TEMPORAL end)
10:24:43.676 [main] DEBUG org.hibernate.HQL_FUNCTIONS - Integer day(DATE arg)
10:24:43.676 [main] DEBUG org.hibernate.HQL_FUNCTIONS - Integer day_of_month(DATE arg)
10:24:43.676 [main] DEBUG org.hibernate.HQL_FUNCTIONS - Integer day_of_week(DATE arg)
10:24:43.676 [main] DEBUG org.hibernate.HQL_FUNCTIONS - Integer day_of_year(DATE arg)
10:24:43.676 [main] DEBUG org.hibernate.HQL_FUNCTIONS - String dayname(DATE arg)
10:24:43.676 [main] DEBUG org.hibernate.HQL_FUNCTIONS - Double degrees(NUMERIC arg)
10:24:43.676 [main] DEBUG org.hibernate.HQL_FUNCTIONS - Long dense_rank([arg0[, ...]])
10:24:43.676 [main] DEBUG org.hibernate.HQL_FUNCTIONS - Boolean every(BOOLEAN predicate)
10:24:43.676 [main] DEBUG org.hibernate.HQL_FUNCTIONS - Double exp(NUMERIC arg)
10:24:43.676 [main] DEBUG org.hibernate.HQL_FUNCTIONS - extract(TEMPORAL_UNIT field from TEMPORAL arg)
10:24:43.676 [main] DEBUG org.hibernate.HQL_FUNCTIONS - first_valueANY value
10:24:43.676 [main] DEBUG org.hibernate.HQL_FUNCTIONS - floor(NUMERIC arg)
10:24:43.676 [main] DEBUG org.hibernate.HQL_FUNCTIONS - String format(TEMPORAL datetime as STRING pattern)
10:24:43.676 [main] DEBUG org.hibernate.HQL_FUNCTIONS - greatest(COMPARABLE arg0, COMPARABLE arg1[, arg2[, ...]])
10:24:43.676 [main] DEBUG org.hibernate.HQL_FUNCTIONS - Integer hour(TIME arg)
10:24:43.676 [main] DEBUG org.hibernate.HQL_FUNCTIONS - ifnull(arg0, arg1)
10:24:43.676 [main] DEBUG org.hibernate.HQL_FUNCTIONS - String insert(STRING string, INTEGER start, INTEGER length, STRING replacement)
10:24:43.676 [main] DEBUG org.hibernate.HQL_FUNCTIONS - Instant instant
10:24:43.676 [main] DEBUG org.hibernate.HQL_FUNCTIONS - Integer instr(STRING string, STRING pattern[, INTEGER start[, INTEGER occurrence]])
10:24:43.676 [main] DEBUG org.hibernate.HQL_FUNCTIONS - lagANY value[, INTEGER offset[, ANY default]]
10:24:43.676 [main] DEBUG org.hibernate.HQL_FUNCTIONS - last_valueANY value
10:24:43.676 [main] DEBUG org.hibernate.HQL_FUNCTIONS - leadANY value[, INTEGER offset[, ANY default]]
10:24:43.676 [main] DEBUG org.hibernate.HQL_FUNCTIONS - least(COMPARABLE arg0, COMPARABLE arg1[, arg2[, ...]])
10:24:43.676 [main] DEBUG org.hibernate.HQL_FUNCTIONS - String left(STRING string, INTEGER length)
10:24:43.676 [main] DEBUG org.hibernate.HQL_FUNCTIONS - Integer length(STRING_OR_CLOB arg)
10:24:43.676 [main] DEBUG org.hibernate.HQL_FUNCTIONS - String listagg(STRING arg0, STRING arg1)
10:24:43.676 [main] DEBUG org.hibernate.HQL_FUNCTIONS - Double ln(NUMERIC arg)
10:24:43.676 [main] DEBUG org.hibernate.HQL_FUNCTIONS - LocalDate local date
10:24:43.676 [main] DEBUG org.hibernate.HQL_FUNCTIONS - LocalDateTime local datetime
10:24:43.676 [main] DEBUG org.hibernate.HQL_FUNCTIONS - LocalTime local time
10:24:43.676 [main] DEBUG org.hibernate.HQL_FUNCTIONS - LocalDate local_date
10:24:43.676 [main] DEBUG org.hibernate.HQL_FUNCTIONS - LocalDateTime local_datetime
10:24:43.676 [main] DEBUG org.hibernate.HQL_FUNCTIONS - LocalTime local_time
10:24:43.676 [main] DEBUG org.hibernate.HQL_FUNCTIONS - Time localtime
10:24:43.676 [main] DEBUG org.hibernate.HQL_FUNCTIONS - Timestamp localtimestamp
10:24:43.676 [main] DEBUG org.hibernate.HQL_FUNCTIONS - Integer locate(STRING pattern, STRING string[, INTEGER start])
10:24:43.676 [main] DEBUG org.hibernate.HQL_FUNCTIONS - Double log(NUMERIC base, NUMERIC arg)
10:24:43.676 [main] DEBUG org.hibernate.HQL_FUNCTIONS - Double log10(NUMERIC arg)
10:24:43.676 [main] DEBUG org.hibernate.HQL_FUNCTIONS - String lower(STRING string)
10:24:43.676 [main] DEBUG org.hibernate.HQL_FUNCTIONS - String lpad(STRING string, INTEGER length[, STRING padding])
10:24:43.676 [main] DEBUG org.hibernate.HQL_FUNCTIONS - String ltrim(STRING string)
10:24:43.676 [main] DEBUG org.hibernate.HQL_FUNCTIONS - max(COMPARABLE arg)
10:24:43.676 [main] DEBUG org.hibernate.HQL_FUNCTIONS - Double median(NUMERIC arg)
10:24:43.676 [main] DEBUG org.hibernate.HQL_FUNCTIONS - Integer microsecond(TIME arg)
10:24:43.676 [main] DEBUG org.hibernate.HQL_FUNCTIONS - min(COMPARABLE arg)
10:24:43.676 [main] DEBUG org.hibernate.HQL_FUNCTIONS - Integer minute(TIME arg)
10:24:43.676 [main] DEBUG org.hibernate.HQL_FUNCTIONS - Integer mod(INTEGER arg0, INTEGER arg1)
10:24:43.676 [main] DEBUG org.hibernate.HQL_FUNCTIONS - mode()
10:24:43.676 [main] DEBUG org.hibernate.HQL_FUNCTIONS - Integer month(DATE arg)
10:24:43.676 [main] DEBUG org.hibernate.HQL_FUNCTIONS - String monthname(DATE arg)
10:24:43.676 [main] DEBUG org.hibernate.HQL_FUNCTIONS - Timestamp now()
10:24:43.676 [main] DEBUG org.hibernate.HQL_FUNCTIONS - nth_valueANY value, INTEGER nth
10:24:43.676 [main] DEBUG org.hibernate.HQL_FUNCTIONS - nullif(arg0, arg1)
10:24:43.676 [main] DEBUG org.hibernate.HQL_FUNCTIONS - Integer octet_length(STRING_OR_CLOB arg)
10:24:43.676 [main] DEBUG org.hibernate.HQL_FUNCTIONS - OffsetDateTime offset datetime
10:24:43.676 [main] DEBUG org.hibernate.HQL_FUNCTIONS - OffsetDateTime offset_datetime
10:24:43.676 [main] DEBUG org.hibernate.HQL_FUNCTIONS - String overlay(STRING string placing STRING replacement from INTEGER start[ for INTEGER length])
10:24:43.676 [main] DEBUG org.hibernate.HQL_FUNCTIONS - String pad(STRING string with INTEGER length {leading|trailing}[ STRING character])
10:24:43.676 [main] DEBUG org.hibernate.HQL_FUNCTIONS - Double percent_rank([arg0[, ...]])
10:24:43.676 [main] DEBUG org.hibernate.HQL_FUNCTIONS - percentile_cont(NUMERIC arg)
10:24:43.676 [main] DEBUG org.hibernate.HQL_FUNCTIONS - percentile_disc(NUMERIC arg)
10:24:43.676 [main] DEBUG org.hibernate.HQL_FUNCTIONS - Double pi
10:24:43.676 [main] DEBUG org.hibernate.HQL_FUNCTIONS - Integer position(STRING pattern in STRING string)
10:24:43.676 [main] DEBUG org.hibernate.HQL_FUNCTIONS - Double power(NUMERIC arg0, NUMERIC arg1)
10:24:43.676 [main] DEBUG org.hibernate.HQL_FUNCTIONS - Integer quarter(DATE arg)
10:24:43.676 [main] DEBUG org.hibernate.HQL_FUNCTIONS - Double radians(NUMERIC arg)
10:24:43.676 [main] DEBUG org.hibernate.HQL_FUNCTIONS - Double rand([INTEGER seed])
10:24:43.676 [main] DEBUG org.hibernate.HQL_FUNCTIONS - Long rank([arg0[, ...]])
10:24:43.676 [main] DEBUG org.hibernate.HQL_FUNCTIONS - String repeat(STRING string, INTEGER times)
10:24:43.676 [main] DEBUG org.hibernate.HQL_FUNCTIONS - String replace(STRING string, STRING pattern, STRING replacement)
10:24:43.676 [main] DEBUG org.hibernate.HQL_FUNCTIONS - String right(STRING string, INTEGER length)
10:24:43.676 [main] DEBUG org.hibernate.HQL_FUNCTIONS - round(NUMERIC number[, INTEGER places])
10:24:43.676 [main] DEBUG org.hibernate.HQL_FUNCTIONS - Long row_number()
10:24:43.676 [main] DEBUG org.hibernate.HQL_FUNCTIONS - Long rownum()
10:24:43.676 [main] DEBUG org.hibernate.HQL_FUNCTIONS - String rpad(STRING string, INTEGER length[, STRING padding])
10:24:43.676 [main] DEBUG org.hibernate.HQL_FUNCTIONS - String rtrim(STRING string)
10:24:43.676 [main] DEBUG org.hibernate.HQL_FUNCTIONS - Integer second(TIME arg)
10:24:43.676 [main] DEBUG org.hibernate.HQL_FUNCTIONS - Integer sign(NUMERIC arg)
10:24:43.676 [main] DEBUG org.hibernate.HQL_FUNCTIONS - Double sin(NUMERIC arg)
10:24:43.676 [main] DEBUG org.hibernate.HQL_FUNCTIONS - Double sinh(NUMERIC arg)
10:24:43.676 [main] DEBUG org.hibernate.HQL_FUNCTIONS - String soundex(arg)
10:24:43.676 [main] DEBUG org.hibernate.HQL_FUNCTIONS - String space(INTEGER arg)
10:24:43.676 [main] DEBUG org.hibernate.HQL_FUNCTIONS - Object sql
10:24:43.676 [main] DEBUG org.hibernate.HQL_FUNCTIONS - Double sqrt(NUMERIC arg)
10:24:43.676 [main] DEBUG org.hibernate.HQL_FUNCTIONS - Double stddev_pop(NUMERIC arg)
10:24:43.676 [main] DEBUG org.hibernate.HQL_FUNCTIONS - Double stddev_samp(NUMERIC arg)
10:24:43.676 [main] DEBUG org.hibernate.HQL_FUNCTIONS - String str(arg)
10:24:43.676 [main] DEBUG org.hibernate.HQL_FUNCTIONS - String substr(STRING string, INTEGER start[, INTEGER length])
10:24:43.676 [main] DEBUG org.hibernate.HQL_FUNCTIONS - String substring(STRING string{ from|,} INTEGER start[{ for|,} INTEGER length])
10:24:43.676 [main] DEBUG org.hibernate.HQL_FUNCTIONS - sum(arg)
10:24:43.676 [main] DEBUG org.hibernate.HQL_FUNCTIONS - Timestamp sysdate
10:24:43.676 [main] DEBUG org.hibernate.HQL_FUNCTIONS - Double tan(NUMERIC arg)
10:24:43.676 [main] DEBUG org.hibernate.HQL_FUNCTIONS - Double tanh(NUMERIC arg)
10:24:43.676 [main] DEBUG org.hibernate.HQL_FUNCTIONS - timestampadd(TEMPORAL_UNIT field, INTEGER magnitude, TEMPORAL datetime)
10:24:43.676 [main] DEBUG org.hibernate.HQL_FUNCTIONS - Long|Double timestampdiff(TEMPORAL_UNIT field, TEMPORAL start, TEMPORAL end)
10:24:43.676 [main] DEBUG org.hibernate.HQL_FUNCTIONS - String translate(STRING arg0, STRING arg1, STRING arg2)
10:24:43.676 [main] DEBUG org.hibernate.HQL_FUNCTIONS - String trim([[{leading|trailing|both} ][STRING arg0 ]from] STRING arg1)
10:24:43.676 [main] DEBUG org.hibernate.HQL_FUNCTIONS - trunc( ... )
10:24:43.676 [main] DEBUG org.hibernate.HQL_FUNCTIONS - truncate( ... )
10:24:43.676 [main] DEBUG org.hibernate.HQL_FUNCTIONS - String upper(STRING string)
10:24:43.676 [main] DEBUG org.hibernate.HQL_FUNCTIONS - Double var_pop(NUMERIC arg)
10:24:43.676 [main] DEBUG org.hibernate.HQL_FUNCTIONS - Double var_samp(NUMERIC arg)
10:24:43.676 [main] DEBUG org.hibernate.HQL_FUNCTIONS - Integer week(DATE arg)
10:24:43.676 [main] DEBUG org.hibernate.HQL_FUNCTIONS - Integer year(DATE arg)
10:24:43.676 [main] DEBUG org.hibernate.orm.query.plan.cache - Starting QueryInterpretationCache(2048)
10:24:43.676 [main] DEBUG org.hibernate.service.internal.SessionFactoryServiceRegistryImpl - EventListenerRegistry access via ServiceRegistry is deprecated.  Use `sessionFactory.getEventEngine().getListenerRegistry()` instead
10:24:43.676 [main] DEBUG org.hibernate.event.internal.EntityCopyObserverFactoryInitiator - Configured EntityCopyObserver strategy: disallow
10:24:43.677 [main] DEBUG org.hibernate.boot.internal.ClassLoaderAccessImpl - Not known whether passed class name [org.frcpm.models.Attendance] is safe
10:24:43.677 [main] DEBUG org.hibernate.boot.internal.ClassLoaderAccessImpl - No temp ClassLoader provided; using live ClassLoader for loading potentially unsafe class : org.frcpm.models.Attendance
10:24:43.679 [main] DEBUG org.hibernate.bytecode.internal.bytebuddy.BytecodeProviderImpl - HHH000513: Unable to create the ReflectionOptimizer for [org.frcpm.models.Attendance]: private accessor [arrivalTime]
10:24:43.679 [main] DEBUG org.hibernate.boot.internal.ClassLoaderAccessImpl - Not known whether passed class name [org.frcpm.models.Meeting] is safe
10:24:43.679 [main] DEBUG org.hibernate.boot.internal.ClassLoaderAccessImpl - No temp ClassLoader provided; using live ClassLoader for loading potentially unsafe class : org.frcpm.models.Meeting
10:24:43.681 [main] DEBUG org.hibernate.bytecode.internal.bytebuddy.BytecodeProviderImpl - HHH000513: Unable to create the ReflectionOptimizer for [org.frcpm.models.Meeting]: private accessor [attendances]
10:24:43.681 [main] DEBUG org.hibernate.boot.internal.ClassLoaderAccessImpl - Not known whether passed class name [org.frcpm.models.Subsystem] is safe
10:24:43.681 [main] DEBUG org.hibernate.boot.internal.ClassLoaderAccessImpl - No temp ClassLoader provided; using live ClassLoader for loading potentially unsafe class : org.frcpm.models.Subsystem
10:24:43.682 [main] DEBUG org.hibernate.bytecode.internal.bytebuddy.BytecodeProviderImpl - HHH000513: Unable to create the ReflectionOptimizer for [org.frcpm.models.Subsystem]: private accessor [description]
10:24:43.682 [main] DEBUG org.hibernate.boot.internal.ClassLoaderAccessImpl - Not known whether passed class name [org.frcpm.models.Component] is safe
10:24:43.682 [main] DEBUG org.hibernate.boot.internal.ClassLoaderAccessImpl - No temp ClassLoader provided; using live ClassLoader for loading potentially unsafe class : org.frcpm.models.Component
10:24:43.684 [main] DEBUG org.hibernate.bytecode.internal.bytebuddy.BytecodeProviderImpl - HHH000513: Unable to create the ReflectionOptimizer for [org.frcpm.models.Component]: private accessor [actualDelivery]
10:24:43.684 [main] DEBUG org.hibernate.boot.internal.ClassLoaderAccessImpl - Not known whether passed class name [org.frcpm.models.Milestone] is safe
10:24:43.684 [main] DEBUG org.hibernate.boot.internal.ClassLoaderAccessImpl - No temp ClassLoader provided; using live ClassLoader for loading potentially unsafe class : org.frcpm.models.Milestone
10:24:43.688 [main] DEBUG org.hibernate.bytecode.internal.bytebuddy.BytecodeProviderImpl - HHH000513: Unable to create the ReflectionOptimizer for [org.frcpm.models.Milestone]: private accessor [date]
10:24:43.688 [main] DEBUG org.hibernate.boot.internal.ClassLoaderAccessImpl - Not known whether passed class name [org.frcpm.models.Project] is safe
10:24:43.688 [main] DEBUG org.hibernate.boot.internal.ClassLoaderAccessImpl - No temp ClassLoader provided; using live ClassLoader for loading potentially unsafe class : org.frcpm.models.Project
10:24:43.693 [main] DEBUG org.hibernate.bytecode.internal.bytebuddy.BytecodeProviderImpl - HHH000513: Unable to create the ReflectionOptimizer for [org.frcpm.models.Project]: private accessor [description]
10:24:43.693 [main] DEBUG org.hibernate.boot.internal.ClassLoaderAccessImpl - Not known whether passed class name [org.frcpm.models.Subteam] is safe
10:24:43.693 [main] DEBUG org.hibernate.boot.internal.ClassLoaderAccessImpl - No temp ClassLoader provided; using live ClassLoader for loading potentially unsafe class : org.frcpm.models.Subteam
10:24:43.696 [main] DEBUG org.hibernate.bytecode.internal.bytebuddy.BytecodeProviderImpl - HHH000513: Unable to create the ReflectionOptimizer for [org.frcpm.models.Subteam]: private accessor [colorCode]
10:24:43.696 [main] DEBUG org.hibernate.boot.internal.ClassLoaderAccessImpl - Not known whether passed class name [org.frcpm.models.Task] is safe
10:24:43.696 [main] DEBUG org.hibernate.boot.internal.ClassLoaderAccessImpl - No temp ClassLoader provided; using live ClassLoader for loading potentially unsafe class : org.frcpm.models.Task
10:24:43.698 [main] DEBUG org.hibernate.bytecode.internal.bytebuddy.BytecodeProviderImpl - HHH000513: Unable to create the ReflectionOptimizer for [org.frcpm.models.Task]: private accessor [actualDurationSeconds]
10:24:43.699 [main] DEBUG org.hibernate.boot.internal.ClassLoaderAccessImpl - Not known whether passed class name [org.frcpm.models.TeamMember] is safe
10:24:43.699 [main] DEBUG org.hibernate.boot.internal.ClassLoaderAccessImpl - No temp ClassLoader provided; using live ClassLoader for loading potentially unsafe class : org.frcpm.models.TeamMember
10:24:43.700 [main] DEBUG org.hibernate.bytecode.internal.bytebuddy.BytecodeProviderImpl - HHH000513: Unable to create the ReflectionOptimizer for [org.frcpm.models.TeamMember]: private accessor [assignedTasks]
10:24:43.701 [main] DEBUG org.hibernate.orm.jdbc.mutation - Skipping collection row updates - org.frcpm.models.Task.assignedTo
10:24:43.701 [main] DEBUG org.hibernate.orm.jdbc.mutation - Skipping collection (re)creation - org.frcpm.models.Subsystem.tasks
10:24:43.701 [main] DEBUG org.hibernate.orm.jdbc.mutation - Skipping collection row deletions - org.frcpm.models.Subsystem.tasks
10:24:43.701 [main] DEBUG org.hibernate.orm.jdbc.mutation - Skipping collection removals - org.frcpm.models.Subsystem.tasks
10:24:43.701 [main] DEBUG org.hibernate.orm.jdbc.mutation - Skipping collection (re)creation - org.frcpm.models.Subteam.members
10:24:43.701 [main] DEBUG org.hibernate.orm.jdbc.mutation - Skipping collection row deletions - org.frcpm.models.Subteam.members
10:24:43.701 [main] DEBUG org.hibernate.orm.jdbc.mutation - Skipping collection removals - org.frcpm.models.Subteam.members
10:24:43.701 [main] DEBUG org.hibernate.orm.jdbc.mutation - Skipping collection (re)creation - org.frcpm.models.TeamMember.attendances
10:24:43.701 [main] DEBUG org.hibernate.orm.jdbc.mutation - Skipping collection row deletions - org.frcpm.models.TeamMember.attendances
10:24:43.701 [main] DEBUG org.hibernate.orm.jdbc.mutation - Skipping collection removals - org.frcpm.models.TeamMember.attendances
10:24:43.701 [main] DEBUG org.hibernate.orm.jdbc.mutation - Skipping collection row updates - org.frcpm.models.Task.requiredComponents
10:24:43.702 [main] DEBUG org.hibernate.orm.jdbc.mutation - Skipping collection (re)creation - org.frcpm.models.Subteam.subsystems
10:24:43.702 [main] DEBUG org.hibernate.orm.jdbc.mutation - Skipping collection row deletions - org.frcpm.models.Subteam.subsystems
10:24:43.702 [main] DEBUG org.hibernate.orm.jdbc.mutation - Skipping collection removals - org.frcpm.models.Subteam.subsystems
10:24:43.702 [main] DEBUG org.hibernate.orm.jdbc.mutation - Skipping collection row updates - org.frcpm.models.Task.preDependencies
10:24:43.702 [main] DEBUG org.hibernate.orm.jdbc.mutation - Skipping collection (re)creation - org.frcpm.models.Project.milestones
10:24:43.702 [main] DEBUG org.hibernate.orm.jdbc.mutation - Skipping collection row deletions - org.frcpm.models.Project.milestones
10:24:43.702 [main] DEBUG org.hibernate.orm.jdbc.mutation - Skipping collection removals - org.frcpm.models.Project.milestones
10:24:43.702 [main] DEBUG org.hibernate.orm.jdbc.mutation - Skipping collection inserts - org.frcpm.models.Component.requiredForTasks
10:24:43.702 [main] DEBUG org.hibernate.orm.jdbc.mutation - Skipping collection row updates - org.frcpm.models.Component.requiredForTasks
10:24:43.702 [main] DEBUG org.hibernate.orm.jdbc.mutation - Skipping collection row deletions - org.frcpm.models.Component.requiredForTasks
10:24:43.702 [main] DEBUG org.hibernate.orm.jdbc.mutation - Skipping collection removals - org.frcpm.models.Component.requiredForTasks
10:24:43.702 [main] DEBUG org.hibernate.orm.jdbc.mutation - Skipping collection (re)creation - org.frcpm.models.Project.meetings
10:24:43.702 [main] DEBUG org.hibernate.orm.jdbc.mutation - Skipping collection row deletions - org.frcpm.models.Project.meetings
10:24:43.702 [main] DEBUG org.hibernate.orm.jdbc.mutation - Skipping collection removals - org.frcpm.models.Project.meetings
10:24:43.702 [main] DEBUG org.hibernate.orm.jdbc.mutation - Skipping collection inserts - org.frcpm.models.TeamMember.assignedTasks
10:24:43.702 [main] DEBUG org.hibernate.orm.jdbc.mutation - Skipping collection row updates - org.frcpm.models.TeamMember.assignedTasks
10:24:43.702 [main] DEBUG org.hibernate.orm.jdbc.mutation - Skipping collection row deletions - org.frcpm.models.TeamMember.assignedTasks
10:24:43.702 [main] DEBUG org.hibernate.orm.jdbc.mutation - Skipping collection removals - org.frcpm.models.TeamMember.assignedTasks
10:24:43.702 [main] DEBUG org.hibernate.orm.jdbc.mutation - Skipping collection (re)creation - org.frcpm.models.Meeting.attendances
10:24:43.702 [main] DEBUG org.hibernate.orm.jdbc.mutation - Skipping collection row deletions - org.frcpm.models.Meeting.attendances
10:24:43.702 [main] DEBUG org.hibernate.orm.jdbc.mutation - Skipping collection removals - org.frcpm.models.Meeting.attendances
10:24:43.702 [main] DEBUG org.hibernate.orm.jdbc.mutation - Skipping collection inserts - org.frcpm.models.Task.postDependencies
10:24:43.702 [main] DEBUG org.hibernate.orm.jdbc.mutation - Skipping collection row updates - org.frcpm.models.Task.postDependencies
10:24:43.702 [main] DEBUG org.hibernate.orm.jdbc.mutation - Skipping collection row deletions - org.frcpm.models.Task.postDependencies
10:24:43.702 [main] DEBUG org.hibernate.orm.jdbc.mutation - Skipping collection removals - org.frcpm.models.Task.postDependencies
10:24:43.702 [main] DEBUG org.hibernate.orm.jdbc.mutation - Skipping collection (re)creation - org.frcpm.models.Project.tasks
10:24:43.702 [main] DEBUG org.hibernate.orm.jdbc.mutation - Skipping collection row deletions - org.frcpm.models.Project.tasks
10:24:43.702 [main] DEBUG org.hibernate.orm.jdbc.mutation - Skipping collection removals - org.frcpm.models.Project.tasks
10:24:43.705 [main] DEBUG org.hibernate.orm.model.mapping.creation - Starting post-init callbacks
10:24:43.705 [main] DEBUG org.hibernate.orm.model.mapping.creation - Starting PostInitCallbackEntry : To-one key - NavigableRole[org.frcpm.models.Attendance.meeting]
10:24:43.705 [main] DEBUG org.hibernate.orm.model.mapping.creation - Starting PostInitCallbackEntry : To-one key - NavigableRole[org.frcpm.models.Attendance.member]
10:24:43.705 [main] DEBUG org.hibernate.orm.model.mapping.creation - Starting PostInitCallbackEntry : Entity(org.frcpm.models.Attendance) `staticFetchableList` generator
10:24:43.705 [main] DEBUG org.hibernate.orm.model.mapping.creation - Starting PostInitCallbackEntry : PluralAttributeMapping( NavigableRole[org.frcpm.models.Meeting.attendances#{element}]) - element descriptor
10:24:43.705 [main] DEBUG org.hibernate.orm.model.mapping.creation - Starting PostInitCallbackEntry : PluralAttributeMapping(org.frcpm.models.Meeting.attendances)#finishInitialization
10:24:43.705 [main] DEBUG org.hibernate.orm.model.mapping.creation - Starting PostInitCallbackEntry : PluralAttributeMapping(org.frcpm.models.Meeting.attendances) - key descriptor
10:24:43.705 [main] DEBUG org.hibernate.orm.model.mapping.creation - Starting PostInitCallbackEntry : To-one key - NavigableRole[org.frcpm.models.Meeting.project]
10:24:43.705 [main] DEBUG org.hibernate.orm.model.mapping.creation - Starting PostInitCallbackEntry : Entity(org.frcpm.models.Meeting) `staticFetchableList` generator
10:24:43.705 [main] DEBUG org.hibernate.orm.model.mapping.creation - Starting PostInitCallbackEntry : To-one key - NavigableRole[org.frcpm.models.Subsystem.responsibleSubteam]
10:24:43.705 [main] DEBUG org.hibernate.orm.model.mapping.creation - Starting PostInitCallbackEntry : PluralAttributeMapping( NavigableRole[org.frcpm.models.Subsystem.tasks#{element}]) - element descriptor
10:24:43.705 [main] DEBUG org.hibernate.orm.model.mapping.creation - Starting PostInitCallbackEntry : PluralAttributeMapping(org.frcpm.models.Subsystem.tasks)#finishInitialization
10:24:43.705 [main] DEBUG org.hibernate.orm.model.mapping.creation - Starting PostInitCallbackEntry : PluralAttributeMapping(org.frcpm.models.Subsystem.tasks) - key descriptor
10:24:43.705 [main] DEBUG org.hibernate.orm.model.mapping.creation - Starting PostInitCallbackEntry : Entity(org.frcpm.models.Subsystem) `staticFetchableList` generator
10:24:43.705 [main] DEBUG org.hibernate.orm.model.mapping.creation - Starting PostInitCallbackEntry : PluralAttributeMapping( NavigableRole[org.frcpm.models.Component.requiredForTasks#{element}]) - element descriptor
10:24:43.705 [main] DEBUG org.hibernate.orm.model.mapping.creation - Starting PostInitCallbackEntry : PluralAttributeMapping(org.frcpm.models.Component.requiredForTasks)#finishInitialization
10:24:43.705 [main] DEBUG org.hibernate.orm.model.mapping.creation - Starting PostInitCallbackEntry : PluralAttributeMapping(org.frcpm.models.Component.requiredForTasks) - key descriptor
10:24:43.705 [main] DEBUG org.hibernate.orm.model.mapping.creation - Starting PostInitCallbackEntry : Entity(org.frcpm.models.Component) `staticFetchableList` generator
10:24:43.705 [main] DEBUG org.hibernate.orm.model.mapping.creation - Starting PostInitCallbackEntry : To-one key - NavigableRole[org.frcpm.models.Milestone.project]
10:24:43.705 [main] DEBUG org.hibernate.orm.model.mapping.creation - Starting PostInitCallbackEntry : Entity(org.frcpm.models.Milestone) `staticFetchableList` generator
10:24:43.705 [main] DEBUG org.hibernate.orm.model.mapping.creation - Starting PostInitCallbackEntry : PluralAttributeMapping( NavigableRole[org.frcpm.models.Project.meetings#{element}]) - element descriptor
10:24:43.705 [main] DEBUG org.hibernate.orm.model.mapping.creation - Starting PostInitCallbackEntry : PluralAttributeMapping(org.frcpm.models.Project.meetings)#finishInitialization
10:24:43.705 [main] DEBUG org.hibernate.orm.model.mapping.creation - Starting PostInitCallbackEntry : PluralAttributeMapping(org.frcpm.models.Project.meetings) - key descriptor
10:24:43.705 [main] DEBUG org.hibernate.orm.model.mapping.creation - Starting PostInitCallbackEntry : PluralAttributeMapping( NavigableRole[org.frcpm.models.Project.milestones#{element}]) - element descriptor
10:24:43.705 [main] DEBUG org.hibernate.orm.model.mapping.creation - Starting PostInitCallbackEntry : PluralAttributeMapping(org.frcpm.models.Project.milestones)#finishInitialization
10:24:43.705 [main] DEBUG org.hibernate.orm.model.mapping.creation - Starting PostInitCallbackEntry : PluralAttributeMapping(org.frcpm.models.Project.milestones) - key descriptor
10:24:43.705 [main] DEBUG org.hibernate.orm.model.mapping.creation - Starting PostInitCallbackEntry : PluralAttributeMapping( NavigableRole[org.frcpm.models.Project.tasks#{element}]) - element descriptor
10:24:43.705 [main] DEBUG org.hibernate.orm.model.mapping.creation - Starting PostInitCallbackEntry : PluralAttributeMapping(org.frcpm.models.Project.tasks)#finishInitialization
10:24:43.705 [main] DEBUG org.hibernate.orm.model.mapping.creation - Starting PostInitCallbackEntry : PluralAttributeMapping(org.frcpm.models.Project.tasks) - key descriptor
10:24:43.705 [main] DEBUG org.hibernate.orm.model.mapping.creation - Starting PostInitCallbackEntry : Entity(org.frcpm.models.Project) `staticFetchableList` generator
10:24:43.705 [main] DEBUG org.hibernate.orm.model.mapping.creation - Starting PostInitCallbackEntry : PluralAttributeMapping( NavigableRole[org.frcpm.models.Subteam.members#{element}]) - element descriptor
10:24:43.705 [main] DEBUG org.hibernate.orm.model.mapping.creation - Starting PostInitCallbackEntry : PluralAttributeMapping(org.frcpm.models.Subteam.members)#finishInitialization
10:24:43.705 [main] DEBUG org.hibernate.orm.model.mapping.creation - Starting PostInitCallbackEntry : PluralAttributeMapping(org.frcpm.models.Subteam.members) - key descriptor
10:24:43.705 [main] DEBUG org.hibernate.orm.model.mapping.creation - Starting PostInitCallbackEntry : PluralAttributeMapping( NavigableRole[org.frcpm.models.Subteam.subsystems#{element}]) - element descriptor
10:24:43.705 [main] DEBUG org.hibernate.orm.model.mapping.creation - Starting PostInitCallbackEntry : PluralAttributeMapping(org.frcpm.models.Subteam.subsystems)#finishInitialization
10:24:43.705 [main] DEBUG org.hibernate.orm.model.mapping.creation - Starting PostInitCallbackEntry : PluralAttributeMapping(org.frcpm.models.Subteam.subsystems) - key descriptor
10:24:43.705 [main] DEBUG org.hibernate.orm.model.mapping.creation - Starting PostInitCallbackEntry : Entity(org.frcpm.models.Subteam) `staticFetchableList` generator
10:24:43.705 [main] DEBUG org.hibernate.orm.model.mapping.creation - Starting PostInitCallbackEntry : PluralAttributeMapping( NavigableRole[org.frcpm.models.Task.assignedTo#{element}]) - element descriptor
10:24:43.705 [main] DEBUG org.hibernate.orm.model.mapping.creation - Starting PostInitCallbackEntry : PluralAttributeMapping(org.frcpm.models.Task.assignedTo)#finishInitialization
10:24:43.705 [main] DEBUG org.hibernate.orm.model.mapping.creation - Starting PostInitCallbackEntry : PluralAttributeMapping(org.frcpm.models.Task.assignedTo) - key descriptor
10:24:43.705 [main] DEBUG org.hibernate.orm.model.mapping.creation - Starting PostInitCallbackEntry : PluralAttributeMapping( NavigableRole[org.frcpm.models.Task.postDependencies#{element}]) - element descriptor
10:24:43.705 [main] DEBUG org.hibernate.orm.model.mapping.creation - Starting PostInitCallbackEntry : PluralAttributeMapping(org.frcpm.models.Task.postDependencies)#finishInitialization
10:24:43.705 [main] DEBUG org.hibernate.orm.model.mapping.creation - Starting PostInitCallbackEntry : PluralAttributeMapping(org.frcpm.models.Task.postDependencies) - key descriptor
10:24:43.705 [main] DEBUG org.hibernate.orm.model.mapping.creation - Starting PostInitCallbackEntry : PluralAttributeMapping( NavigableRole[org.frcpm.models.Task.preDependencies#{element}]) - element descriptor
10:24:43.705 [main] DEBUG org.hibernate.orm.model.mapping.creation - Starting PostInitCallbackEntry : PluralAttributeMapping(org.frcpm.models.Task.preDependencies)#finishInitialization
10:24:43.705 [main] DEBUG org.hibernate.orm.model.mapping.creation - Starting PostInitCallbackEntry : PluralAttributeMapping(org.frcpm.models.Task.preDependencies) - key descriptor
10:24:43.705 [main] DEBUG org.hibernate.orm.model.mapping.creation - Starting PostInitCallbackEntry : To-one key - NavigableRole[org.frcpm.models.Task.project]
10:24:43.705 [main] DEBUG org.hibernate.orm.model.mapping.creation - Starting PostInitCallbackEntry : PluralAttributeMapping( NavigableRole[org.frcpm.models.Task.requiredComponents#{element}]) - element descriptor
10:24:43.705 [main] DEBUG org.hibernate.orm.model.mapping.creation - Starting PostInitCallbackEntry : PluralAttributeMapping(org.frcpm.models.Task.requiredComponents)#finishInitialization
10:24:43.705 [main] DEBUG org.hibernate.orm.model.mapping.creation - Starting PostInitCallbackEntry : PluralAttributeMapping(org.frcpm.models.Task.requiredComponents) - key descriptor
10:24:43.705 [main] DEBUG org.hibernate.orm.model.mapping.creation - Starting PostInitCallbackEntry : To-one key - NavigableRole[org.frcpm.models.Task.subsystem]
10:24:43.705 [main] DEBUG org.hibernate.orm.model.mapping.creation - Starting PostInitCallbackEntry : Entity(org.frcpm.models.Task) `staticFetchableList` generator
10:24:43.705 [main] DEBUG org.hibernate.orm.model.mapping.creation - Starting PostInitCallbackEntry : PluralAttributeMapping( NavigableRole[org.frcpm.models.TeamMember.assignedTasks#{element}]) - element descriptor
10:24:43.705 [main] DEBUG org.hibernate.orm.model.mapping.creation - Starting PostInitCallbackEntry : PluralAttributeMapping(org.frcpm.models.TeamMember.assignedTasks)#finishInitialization
10:24:43.705 [main] DEBUG org.hibernate.orm.model.mapping.creation - Starting PostInitCallbackEntry : PluralAttributeMapping(org.frcpm.models.TeamMember.assignedTasks) - key descriptor
10:24:43.705 [main] DEBUG org.hibernate.orm.model.mapping.creation - Starting PostInitCallbackEntry : PluralAttributeMapping( NavigableRole[org.frcpm.models.TeamMember.attendances#{element}]) - element descriptor
10:24:43.705 [main] DEBUG org.hibernate.orm.model.mapping.creation - Starting PostInitCallbackEntry : PluralAttributeMapping(org.frcpm.models.TeamMember.attendances)#finishInitialization
10:24:43.705 [main] DEBUG org.hibernate.orm.model.mapping.creation - Starting PostInitCallbackEntry : PluralAttributeMapping(org.frcpm.models.TeamMember.attendances) - key descriptor
10:24:43.705 [main] DEBUG org.hibernate.orm.model.mapping.creation - Starting PostInitCallbackEntry : To-one key - NavigableRole[org.frcpm.models.TeamMember.subteam]
10:24:43.705 [main] DEBUG org.hibernate.orm.model.mapping.creation - Starting PostInitCallbackEntry : Entity(org.frcpm.models.TeamMember) `staticFetchableList` generator
10:24:43.705 [main] DEBUG org.hibernate.orm.model.mapping.creation - Starting PostInitCallbackEntry : PluralAttributeMapping( NavigableRole[org.frcpm.models.Meeting.attendances#{element}]) - element descriptor
10:24:43.705 [main] DEBUG org.hibernate.orm.model.mapping.creation - Starting PostInitCallbackEntry : PluralAttributeMapping( NavigableRole[org.frcpm.models.Subsystem.tasks#{element}]) - element descriptor
10:24:43.705 [main] DEBUG org.hibernate.orm.model.mapping.creation - Starting PostInitCallbackEntry : PluralAttributeMapping( NavigableRole[org.frcpm.models.Component.requiredForTasks#{element}]) - element descriptor
10:24:43.705 [main] DEBUG org.hibernate.orm.model.mapping.creation - Starting PostInitCallbackEntry : PluralAttributeMapping( NavigableRole[org.frcpm.models.Project.meetings#{element}]) - element descriptor
10:24:43.705 [main] DEBUG org.hibernate.orm.model.mapping.creation - Starting PostInitCallbackEntry : PluralAttributeMapping( NavigableRole[org.frcpm.models.Project.milestones#{element}]) - element descriptor
10:24:43.705 [main] DEBUG org.hibernate.orm.model.mapping.creation - Starting PostInitCallbackEntry : PluralAttributeMapping( NavigableRole[org.frcpm.models.Project.tasks#{element}]) - element descriptor
10:24:43.705 [main] DEBUG org.hibernate.orm.model.mapping.creation - Starting PostInitCallbackEntry : PluralAttributeMapping( NavigableRole[org.frcpm.models.Subteam.members#{element}]) - element descriptor
10:24:43.705 [main] DEBUG org.hibernate.orm.model.mapping.creation - Starting PostInitCallbackEntry : PluralAttributeMapping( NavigableRole[org.frcpm.models.Subteam.subsystems#{element}]) - element descriptor
10:24:43.705 [main] DEBUG org.hibernate.orm.model.mapping.creation - Starting PostInitCallbackEntry : PluralAttributeMapping( NavigableRole[org.frcpm.models.Task.postDependencies#{element}]) - element descriptor
10:24:43.705 [main] DEBUG org.hibernate.orm.model.mapping.creation - Starting PostInitCallbackEntry : PluralAttributeMapping( NavigableRole[org.frcpm.models.TeamMember.attendances#{element}]) - element descriptor
10:24:43.707 [main] DEBUG org.hibernate.orm.sql.ast.create - Created new SQL alias : a1_0
10:24:43.707 [main] DEBUG org.hibernate.orm.sql.ast.create - Registration of TableGroup [StandardTableGroup(org.frcpm.models.Attendance)] with identifierForTableGroup [org.frcpm.models.Attendance] for NavigablePath [org.frcpm.models.Attendance] 
10:24:43.707 [main] DEBUG org.hibernate.orm.sql.ast.create - Registration of TableGroup [org.hibernate.sql.ast.tree.from.LazyTableGroup@4862c4d3] with identifierForTableGroup [org.frcpm.models.Attendance.meeting] for NavigablePath [org.frcpm.models.Attendance.meeting] 
10:24:43.707 [main] DEBUG org.hibernate.orm.sql.ast.create - Registration of TableGroup [org.hibernate.sql.ast.tree.from.LazyTableGroup@6f8923f0] with identifierForTableGroup [org.frcpm.models.Attendance.member] for NavigablePath [org.frcpm.models.Attendance.member] 
10:24:43.707 [main] DEBUG org.hibernate.orm.results.graph.AST - DomainResult Graph:
 \-EntityResultImpl [org.frcpm.models.Attendance]
 |  +-BasicFetch [org.frcpm.models.Attendance.arrivalTime]
 |  +-BasicFetch [org.frcpm.models.Attendance.departureTime]
 |  +-EntityDelayedFetchImpl [org.frcpm.models.Attendance.meeting]
 |  +-EntityDelayedFetchImpl [org.frcpm.models.Attendance.member]
 |  \-BasicFetch [org.frcpm.models.Attendance.present]

10:24:43.707 [main] DEBUG org.hibernate.orm.sql.ast.tree - SQL AST Tree:
    SelectStatement {
      FromClause {
        StandardTableGroup (a1 : org.frcpm.models.Attendance) {
          primaryTableReference : attendances as a1_0
          TableGroupJoins {
            left  join LazyTableGroup (m1 : org.frcpm.models.Attendance.meeting) {
            }
            left  join LazyTableGroup (m2 : org.frcpm.models.Attendance.member) {
            }
          }
        }
      }
    }

10:24:43.707 [main] DEBUG org.hibernate.persister.entity.AbstractEntityPersister - Static SQL for entity: org.frcpm.models.Attendance
10:24:43.707 [main] DEBUG org.hibernate.persister.entity.AbstractEntityPersister -  Version select: select id from attendances where id=?
10:24:43.707 [main] DEBUG org.hibernate.persister.entity.AbstractEntityPersister -  Insert (0): insert into attendances (arrival_time,departure_time,meeting_id,member_id,present,id) values (?,?,?,?,?,default)
10:24:43.707 [main] DEBUG org.hibernate.persister.entity.AbstractEntityPersister -  Update (0): update attendances set arrival_time=?,departure_time=?,meeting_id=?,member_id=?,present=? where id=?
10:24:43.707 [main] DEBUG org.hibernate.persister.entity.AbstractEntityPersister -  Delete (0): delete from attendances where id=?
10:24:43.707 [main] DEBUG org.hibernate.orm.sql.ast.create - Created new SQL alias : m1_0
10:24:43.707 [main] DEBUG org.hibernate.orm.sql.ast.create - Registration of TableGroup [StandardTableGroup(org.frcpm.models.Meeting)] with identifierForTableGroup [org.frcpm.models.Meeting] for NavigablePath [org.frcpm.models.Meeting] 
10:24:43.707 [main] DEBUG org.hibernate.orm.sql.ast.create - Registration of TableGroup [org.hibernate.sql.ast.tree.from.LazyTableGroup@281735d9] with identifierForTableGroup [org.frcpm.models.Meeting.project] for NavigablePath [org.frcpm.models.Meeting.project] 
10:24:43.707 [main] DEBUG org.hibernate.orm.results.graph.AST - DomainResult Graph:
 \-EntityResultImpl [org.frcpm.models.Meeting]
 |  +-DelayedCollectionFetch [org.frcpm.models.Meeting.attendances]
 |  +-BasicFetch [org.frcpm.models.Meeting.date]
 |  +-BasicFetch [org.frcpm.models.Meeting.endTime]
 |  +-BasicFetch [org.frcpm.models.Meeting.notes]
 |  +-EntityDelayedFetchImpl [org.frcpm.models.Meeting.project]
 |  \-BasicFetch [org.frcpm.models.Meeting.startTime]

10:24:43.707 [main] DEBUG org.hibernate.orm.sql.ast.tree - SQL AST Tree:
    SelectStatement {
      FromClause {
        StandardTableGroup (m1 : org.frcpm.models.Meeting) {
          primaryTableReference : meetings as m1_0
          TableGroupJoins {
            left  join LazyTableGroup (p1 : org.frcpm.models.Meeting.project) {
            }
          }
        }
      }
    }

10:24:43.707 [main] DEBUG org.hibernate.persister.entity.AbstractEntityPersister - Static SQL for entity: org.frcpm.models.Meeting
10:24:43.707 [main] DEBUG org.hibernate.persister.entity.AbstractEntityPersister -  Version select: select id from meetings where id=?
10:24:43.707 [main] DEBUG org.hibernate.persister.entity.AbstractEntityPersister -  Insert (0): insert into meetings (date,end_time,notes,project_id,start_time,id) values (?,?,?,?,?,default)
10:24:43.707 [main] DEBUG org.hibernate.persister.entity.AbstractEntityPersister -  Update (0): update meetings set date=?,end_time=?,notes=?,project_id=?,start_time=? where id=?
10:24:43.707 [main] DEBUG org.hibernate.persister.entity.AbstractEntityPersister -  Delete (0): delete from meetings where id=?
10:24:43.707 [main] DEBUG org.hibernate.orm.sql.ast.create - Created new SQL alias : s1_0
10:24:43.707 [main] DEBUG org.hibernate.orm.sql.ast.create - Registration of TableGroup [StandardTableGroup(org.frcpm.models.Subsystem)] with identifierForTableGroup [org.frcpm.models.Subsystem] for NavigablePath [org.frcpm.models.Subsystem] 
10:24:43.707 [main] DEBUG org.hibernate.orm.sql.ast.create - Registration of TableGroup [org.hibernate.sql.ast.tree.from.LazyTableGroup@646251d1] with identifierForTableGroup [org.frcpm.models.Subsystem.responsibleSubteam] for NavigablePath [org.frcpm.models.Subsystem.responsibleSubteam] 
10:24:43.707 [main] DEBUG org.hibernate.orm.results.graph.AST - DomainResult Graph:
 \-EntityResultImpl [org.frcpm.models.Subsystem]
 |  +-BasicFetch [org.frcpm.models.Subsystem.description]
 |  +-BasicFetch [org.frcpm.models.Subsystem.name]
 |  +-EntityDelayedFetchImpl [org.frcpm.models.Subsystem.responsibleSubteam]
 |  +-BasicFetch [org.frcpm.models.Subsystem.status]
 |  \-DelayedCollectionFetch [org.frcpm.models.Subsystem.tasks]

10:24:43.707 [main] DEBUG org.hibernate.orm.sql.ast.tree - SQL AST Tree:
    SelectStatement {
      FromClause {
        StandardTableGroup (s1 : org.frcpm.models.Subsystem) {
          primaryTableReference : subsystems as s1_0
          TableGroupJoins {
            left  join LazyTableGroup (rs1 : org.frcpm.models.Subsystem.responsibleSubteam) {
            }
          }
        }
      }
    }

10:24:43.707 [main] DEBUG org.hibernate.persister.entity.AbstractEntityPersister - Static SQL for entity: org.frcpm.models.Subsystem
10:24:43.707 [main] DEBUG org.hibernate.persister.entity.AbstractEntityPersister -  Version select: select id from subsystems where id=?
10:24:43.707 [main] DEBUG org.hibernate.persister.entity.AbstractEntityPersister -  Insert (0): insert into subsystems (description,name,responsible_subteam_id,status,id) values (?,?,?,?,default)
10:24:43.707 [main] DEBUG org.hibernate.persister.entity.AbstractEntityPersister -  Update (0): update subsystems set description=?,name=?,responsible_subteam_id=?,status=? where id=?
10:24:43.707 [main] DEBUG org.hibernate.persister.entity.AbstractEntityPersister -  Delete (0): delete from subsystems where id=?
10:24:43.707 [main] DEBUG org.hibernate.orm.sql.ast.create - Created new SQL alias : c1_0
10:24:43.707 [main] DEBUG org.hibernate.orm.sql.ast.create - Registration of TableGroup [StandardTableGroup(org.frcpm.models.Component)] with identifierForTableGroup [org.frcpm.models.Component] for NavigablePath [org.frcpm.models.Component] 
10:24:43.707 [main] DEBUG org.hibernate.orm.results.graph.AST - DomainResult Graph:
 \-EntityResultImpl [org.frcpm.models.Component]
 |  +-BasicFetch [org.frcpm.models.Component.actualDelivery]
 |  +-BasicFetch [org.frcpm.models.Component.delivered]
 |  +-BasicFetch [org.frcpm.models.Component.description]
 |  +-BasicFetch [org.frcpm.models.Component.expectedDelivery]
 |  +-BasicFetch [org.frcpm.models.Component.name]
 |  +-BasicFetch [org.frcpm.models.Component.partNumber]
 |  \-DelayedCollectionFetch [org.frcpm.models.Component.requiredForTasks]

10:24:43.707 [main] DEBUG org.hibernate.orm.sql.ast.tree - SQL AST Tree:
    SelectStatement {
      FromClause {
        StandardTableGroup (c1 : org.frcpm.models.Component) {
          primaryTableReference : components as c1_0
        }
      }
    }

10:24:43.707 [main] DEBUG org.hibernate.persister.entity.AbstractEntityPersister - Static SQL for entity: org.frcpm.models.Component
10:24:43.707 [main] DEBUG org.hibernate.persister.entity.AbstractEntityPersister -  Version select: select id from components where id=?
10:24:43.707 [main] DEBUG org.hibernate.persister.entity.AbstractEntityPersister -  Insert (0): insert into components (actual_delivery,is_delivered,description,expected_delivery,name,part_number,id) values (?,?,?,?,?,?,default)
10:24:43.707 [main] DEBUG org.hibernate.persister.entity.AbstractEntityPersister -  Update (0): update components set actual_delivery=?,is_delivered=?,description=?,expected_delivery=?,name=?,part_number=? where id=?
10:24:43.707 [main] DEBUG org.hibernate.persister.entity.AbstractEntityPersister -  Delete (0): delete from components where id=?
10:24:43.707 [main] DEBUG org.hibernate.orm.sql.ast.create - Created new SQL alias : m1_0
10:24:43.707 [main] DEBUG org.hibernate.orm.sql.ast.create - Registration of TableGroup [StandardTableGroup(org.frcpm.models.Milestone)] with identifierForTableGroup [org.frcpm.models.Milestone] for NavigablePath [org.frcpm.models.Milestone] 
10:24:43.707 [main] DEBUG org.hibernate.orm.sql.ast.create - Registration of TableGroup [org.hibernate.sql.ast.tree.from.LazyTableGroup@6f2eda43] with identifierForTableGroup [org.frcpm.models.Milestone.project] for NavigablePath [org.frcpm.models.Milestone.project] 
10:24:43.707 [main] DEBUG org.hibernate.orm.results.graph.AST - DomainResult Graph:
 \-EntityResultImpl [org.frcpm.models.Milestone]
 |  +-BasicFetch [org.frcpm.models.Milestone.date]
 |  +-BasicFetch [org.frcpm.models.Milestone.description]
 |  +-BasicFetch [org.frcpm.models.Milestone.name]
 |  \-EntityDelayedFetchImpl [org.frcpm.models.Milestone.project]

10:24:43.707 [main] DEBUG org.hibernate.orm.sql.ast.tree - SQL AST Tree:
    SelectStatement {
      FromClause {
        StandardTableGroup (m1 : org.frcpm.models.Milestone) {
          primaryTableReference : milestones as m1_0
          TableGroupJoins {
            left  join LazyTableGroup (p1 : org.frcpm.models.Milestone.project) {
            }
          }
        }
      }
    }

10:24:43.707 [main] DEBUG org.hibernate.persister.entity.AbstractEntityPersister - Static SQL for entity: org.frcpm.models.Milestone
10:24:43.707 [main] DEBUG org.hibernate.persister.entity.AbstractEntityPersister -  Version select: select id from milestones where id=?
10:24:43.707 [main] DEBUG org.hibernate.persister.entity.AbstractEntityPersister -  Insert (0): insert into milestones (date,description,name,project_id,id) values (?,?,?,?,default)
10:24:43.707 [main] DEBUG org.hibernate.persister.entity.AbstractEntityPersister -  Update (0): update milestones set date=?,description=?,name=?,project_id=? where id=?
10:24:43.707 [main] DEBUG org.hibernate.persister.entity.AbstractEntityPersister -  Delete (0): delete from milestones where id=?
10:24:43.707 [main] DEBUG org.hibernate.orm.sql.ast.create - Created new SQL alias : p1_0
10:24:43.707 [main] DEBUG org.hibernate.orm.sql.ast.create - Registration of TableGroup [StandardTableGroup(org.frcpm.models.Project)] with identifierForTableGroup [org.frcpm.models.Project] for NavigablePath [org.frcpm.models.Project] 
10:24:43.707 [main] DEBUG org.hibernate.orm.results.graph.AST - DomainResult Graph:
 \-EntityResultImpl [org.frcpm.models.Project]
 |  +-BasicFetch [org.frcpm.models.Project.description]
 |  +-BasicFetch [org.frcpm.models.Project.goalEndDate]
 |  +-BasicFetch [org.frcpm.models.Project.hardDeadline]
 |  +-DelayedCollectionFetch [org.frcpm.models.Project.meetings]
 |  +-DelayedCollectionFetch [org.frcpm.models.Project.milestones]
 |  +-BasicFetch [org.frcpm.models.Project.name]
 |  +-BasicFetch [org.frcpm.models.Project.startDate]
 |  \-DelayedCollectionFetch [org.frcpm.models.Project.tasks]

10:24:43.707 [main] DEBUG org.hibernate.orm.sql.ast.tree - SQL AST Tree:
    SelectStatement {
      FromClause {
        StandardTableGroup (p1 : org.frcpm.models.Project) {
          primaryTableReference : projects as p1_0
        }
      }
    }

10:24:43.707 [main] DEBUG org.hibernate.persister.entity.AbstractEntityPersister - Static SQL for entity: org.frcpm.models.Project
10:24:43.707 [main] DEBUG org.hibernate.persister.entity.AbstractEntityPersister -  Version select: select id from projects where id=?
10:24:43.707 [main] DEBUG org.hibernate.persister.entity.AbstractEntityPersister -  Insert (0): insert into projects (description,goal_end_date,hard_deadline,name,start_date,id) values (?,?,?,?,?,default)
10:24:43.707 [main] DEBUG org.hibernate.persister.entity.AbstractEntityPersister -  Update (0): update projects set description=?,goal_end_date=?,hard_deadline=?,name=?,start_date=? where id=?
10:24:43.707 [main] DEBUG org.hibernate.persister.entity.AbstractEntityPersister -  Delete (0): delete from projects where id=?
10:24:43.707 [main] DEBUG org.hibernate.orm.sql.ast.create - Created new SQL alias : s1_0
10:24:43.707 [main] DEBUG org.hibernate.orm.sql.ast.create - Registration of TableGroup [StandardTableGroup(org.frcpm.models.Subteam)] with identifierForTableGroup [org.frcpm.models.Subteam] for NavigablePath [org.frcpm.models.Subteam] 
10:24:43.707 [main] DEBUG org.hibernate.orm.results.graph.AST - DomainResult Graph:
 \-EntityResultImpl [org.frcpm.models.Subteam]
 |  +-BasicFetch [org.frcpm.models.Subteam.colorCode]
 |  +-DelayedCollectionFetch [org.frcpm.models.Subteam.members]
 |  +-BasicFetch [org.frcpm.models.Subteam.name]
 |  +-BasicFetch [org.frcpm.models.Subteam.specialties]
 |  \-DelayedCollectionFetch [org.frcpm.models.Subteam.subsystems]

10:24:43.707 [main] DEBUG org.hibernate.orm.sql.ast.tree - SQL AST Tree:
    SelectStatement {
      FromClause {
        StandardTableGroup (s1 : org.frcpm.models.Subteam) {
          primaryTableReference : subteams as s1_0
        }
      }
    }

10:24:43.707 [main] DEBUG org.hibernate.persister.entity.AbstractEntityPersister - Static SQL for entity: org.frcpm.models.Subteam
10:24:43.707 [main] DEBUG org.hibernate.persister.entity.AbstractEntityPersister -  Version select: select id from subteams where id=?
10:24:43.707 [main] DEBUG org.hibernate.persister.entity.AbstractEntityPersister -  Insert (0): insert into subteams (color_code,name,specialties,id) values (?,?,?,default)
10:24:43.707 [main] DEBUG org.hibernate.persister.entity.AbstractEntityPersister -  Update (0): update subteams set color_code=?,name=?,specialties=? where id=?
10:24:43.707 [main] DEBUG org.hibernate.persister.entity.AbstractEntityPersister -  Delete (0): delete from subteams where id=?
10:24:43.707 [main] DEBUG org.hibernate.orm.sql.ast.create - Created new SQL alias : t1_0
10:24:43.707 [main] DEBUG org.hibernate.orm.sql.ast.create - Registration of TableGroup [StandardTableGroup(org.frcpm.models.Task)] with identifierForTableGroup [org.frcpm.models.Task] for NavigablePath [org.frcpm.models.Task] 
10:24:43.707 [main] DEBUG org.hibernate.orm.sql.ast.create - Registration of TableGroup [org.hibernate.sql.ast.tree.from.LazyTableGroup@132876d3] with identifierForTableGroup [org.frcpm.models.Task.project] for NavigablePath [org.frcpm.models.Task.project] 
10:24:43.707 [main] DEBUG org.hibernate.orm.sql.ast.create - Registration of TableGroup [org.hibernate.sql.ast.tree.from.LazyTableGroup@230b5665] with identifierForTableGroup [org.frcpm.models.Task.subsystem] for NavigablePath [org.frcpm.models.Task.subsystem] 
10:24:43.707 [main] DEBUG org.hibernate.orm.results.graph.AST - DomainResult Graph:
 \-EntityResultImpl [org.frcpm.models.Task]
 |  +-BasicFetch [org.frcpm.models.Task.actualDurationSeconds]
 |  +-DelayedCollectionFetch [org.frcpm.models.Task.assignedTo]
 |  +-BasicFetch [org.frcpm.models.Task.completed]
 |  +-BasicFetch [org.frcpm.models.Task.description]
 |  +-BasicFetch [org.frcpm.models.Task.endDate]
 |  +-BasicFetch [org.frcpm.models.Task.estimatedDurationSeconds]
 |  +-DelayedCollectionFetch [org.frcpm.models.Task.postDependencies]
 |  +-DelayedCollectionFetch [org.frcpm.models.Task.preDependencies]
 |  +-BasicFetch [org.frcpm.models.Task.priority]
 |  +-BasicFetch [org.frcpm.models.Task.progress]
 |  +-EntityDelayedFetchImpl [org.frcpm.models.Task.project]
 |  +-DelayedCollectionFetch [org.frcpm.models.Task.requiredComponents]
 |  +-BasicFetch [org.frcpm.models.Task.startDate]
 |  +-EntityDelayedFetchImpl [org.frcpm.models.Task.subsystem]
 |  \-BasicFetch [org.frcpm.models.Task.title]

10:24:43.707 [main] DEBUG org.hibernate.orm.sql.ast.tree - SQL AST Tree:
    SelectStatement {
      FromClause {
        StandardTableGroup (t1 : org.frcpm.models.Task) {
          primaryTableReference : tasks as t1_0
          TableGroupJoins {
            left  join LazyTableGroup (p1 : org.frcpm.models.Task.project) {
            }
            left  join LazyTableGroup (s1 : org.frcpm.models.Task.subsystem) {
            }
          }
        }
      }
    }

10:24:43.707 [main] DEBUG org.hibernate.persister.entity.AbstractEntityPersister - Static SQL for entity: org.frcpm.models.Task
10:24:43.707 [main] DEBUG org.hibernate.persister.entity.AbstractEntityPersister -  Version select: select id from tasks where id=?
10:24:43.707 [main] DEBUG org.hibernate.persister.entity.AbstractEntityPersister -  Insert (0): insert into tasks (actual_duration_seconds,completed,description,end_date,estimated_duration_seconds,priority,progress,project_id,start_date,subsystem_id,title,id) values (?,?,?,?,?,?,?,?,?,?,?,default)
10:24:43.707 [main] DEBUG org.hibernate.persister.entity.AbstractEntityPersister -  Update (0): update tasks set actual_duration_seconds=?,completed=?,description=?,end_date=?,estimated_duration_seconds=?,priority=?,progress=?,project_id=?,start_date=?,subsystem_id=?,title=? where id=?
10:24:43.707 [main] DEBUG org.hibernate.persister.entity.AbstractEntityPersister -  Delete (0): delete from tasks where id=?
10:24:43.707 [main] DEBUG org.hibernate.orm.sql.ast.create - Created new SQL alias : tm1_0
10:24:43.707 [main] DEBUG org.hibernate.orm.sql.ast.create - Registration of TableGroup [StandardTableGroup(org.frcpm.models.TeamMember)] with identifierForTableGroup [org.frcpm.models.TeamMember] for NavigablePath [org.frcpm.models.TeamMember] 
10:24:43.707 [main] DEBUG org.hibernate.orm.sql.ast.create - Registration of TableGroup [org.hibernate.sql.ast.tree.from.LazyTableGroup@76755faa] with identifierForTableGroup [org.frcpm.models.TeamMember.subteam] for NavigablePath [org.frcpm.models.TeamMember.subteam] 
10:24:43.707 [main] DEBUG org.hibernate.orm.results.graph.AST - DomainResult Graph:
 \-EntityResultImpl [org.frcpm.models.TeamMember]
 |  +-DelayedCollectionFetch [org.frcpm.models.TeamMember.assignedTasks]
 |  +-DelayedCollectionFetch [org.frcpm.models.TeamMember.attendances]
 |  +-BasicFetch [org.frcpm.models.TeamMember.email]
 |  +-BasicFetch [org.frcpm.models.TeamMember.firstName]
 |  +-BasicFetch [org.frcpm.models.TeamMember.lastName]
 |  +-BasicFetch [org.frcpm.models.TeamMember.leader]
 |  +-BasicFetch [org.frcpm.models.TeamMember.phone]
 |  +-BasicFetch [org.frcpm.models.TeamMember.skills]
 |  +-EntityDelayedFetchImpl [org.frcpm.models.TeamMember.subteam]
 |  \-BasicFetch [org.frcpm.models.TeamMember.username]

10:24:43.707 [main] DEBUG org.hibernate.orm.sql.ast.tree - SQL AST Tree:
    SelectStatement {
      FromClause {
        StandardTableGroup (tm1 : org.frcpm.models.TeamMember) {
          primaryTableReference : team_members as tm1_0
          TableGroupJoins {
            left  join LazyTableGroup (s1 : org.frcpm.models.TeamMember.subteam) {
            }
          }
        }
      }
    }

10:24:43.707 [main] DEBUG org.hibernate.persister.entity.AbstractEntityPersister - Static SQL for entity: org.frcpm.models.TeamMember
10:24:43.707 [main] DEBUG org.hibernate.persister.entity.AbstractEntityPersister -  Version select: select id from team_members where id=?
10:24:43.707 [main] DEBUG org.hibernate.persister.entity.AbstractEntityPersister -  Insert (0): insert into team_members (email,first_name,last_name,is_leader,phone,skills,subteam_id,username,id) values (?,?,?,?,?,?,?,?,default)
10:24:43.707 [main] DEBUG org.hibernate.persister.entity.AbstractEntityPersister -  Update (0): update team_members set email=?,first_name=?,last_name=?,is_leader=?,phone=?,skills=?,subteam_id=?,username=? where id=?
10:24:43.707 [main] DEBUG org.hibernate.persister.entity.AbstractEntityPersister -  Delete (0): delete from team_members where id=?
10:24:43.707 [main] DEBUG org.hibernate.orm.sql.ast.create - Created new SQL alias : at1_0
10:24:43.707 [main] DEBUG org.hibernate.orm.sql.ast.create - Registration of TableGroup [CollectionTableGroup(org.frcpm.models.Task.assignedTo)] with identifierForTableGroup [org.frcpm.models.Task.assignedTo] for NavigablePath [org.frcpm.models.Task.assignedTo] 
10:24:43.707 [main] DEBUG org.hibernate.orm.sql.ast.create - Registration of TableGroup [org.hibernate.sql.ast.tree.from.LazyTableGroup@b35d1a2] with identifierForTableGroup [org.frcpm.models.Task.assignedTo.{element}] for NavigablePath [org.frcpm.models.Task.assignedTo.{element}] 
10:24:43.707 [main] DEBUG org.hibernate.orm.sql.ast.create - Created new SQL alias : at1_1
10:24:43.707 [main] DEBUG org.hibernate.orm.sql.ast.create - Registration of TableGroup [org.hibernate.sql.ast.tree.from.LazyTableGroup@742b1aaf] with identifierForTableGroup [org.frcpm.models.Task.assignedTo.{element}.subteam] for NavigablePath [org.frcpm.models.Task.assignedTo.{element}.subteam] 
10:24:43.707 [main] DEBUG org.hibernate.orm.results.graph.AST - DomainResult Graph:
 \-CollectionDomainResult [org.frcpm.models.Task.assignedTo]

10:24:43.708 [main] DEBUG org.hibernate.orm.sql.ast.tree - SQL AST Tree:
    SelectStatement {
      FromClause {
        CollectionTableGroup (at1 : org.frcpm.models.Task.assignedTo) {
          primaryTableReference : task_assignments as at1_0
          TableGroupJoins {
             join LazyTableGroup (at1 : org.frcpm.models.Task.assignedTo.{element}) {
              primaryTableReference : team_members as at1_1
              TableGroupJoins {
                left  join LazyTableGroup (s1 : org.frcpm.models.Task.assignedTo.{element}.subteam) {
                }
              }
            }
          }
        }
      }
    }

10:24:43.708 [main] DEBUG org.hibernate.orm.jdbc.mutation - Static SQL for collection: org.frcpm.models.Task.assignedTo
10:24:43.708 [main] DEBUG org.hibernate.orm.jdbc.mutation -  Row insert: insert into task_assignments (task_id,team_member_id) values (?,?)
10:24:43.708 [main] DEBUG org.hibernate.orm.jdbc.mutation -  Row delete: delete from task_assignments where task_id=? and team_member_id=?
10:24:43.708 [main] DEBUG org.hibernate.orm.jdbc.mutation -  One-shot delete: delete from task_assignments where task_id=?
10:24:43.708 [main] DEBUG org.hibernate.orm.sql.ast.create - Created new SQL alias : t1_0
10:24:43.708 [main] DEBUG org.hibernate.orm.sql.ast.create - Registration of TableGroup [org.hibernate.sql.ast.tree.from.OneToManyTableGroup@690c205c] with identifierForTableGroup [org.frcpm.models.Subsystem.tasks] for NavigablePath [org.frcpm.models.Subsystem.tasks] 
10:24:43.708 [main] DEBUG org.hibernate.orm.sql.ast.create - Registration of TableGroup [StandardTableGroup(org.frcpm.models.Subsystem.tasks.{element})] with identifierForTableGroup [org.frcpm.models.Subsystem.tasks.{element}] for NavigablePath [org.frcpm.models.Subsystem.tasks.{element}] 
10:24:43.708 [main] DEBUG org.hibernate.orm.sql.ast.create - Registration of TableGroup [org.hibernate.sql.ast.tree.from.LazyTableGroup@5187ab03] with identifierForTableGroup [org.frcpm.models.Subsystem.tasks.{element}.project] for NavigablePath [org.frcpm.models.Subsystem.tasks.{element}.project] 
10:24:43.708 [main] DEBUG org.hibernate.orm.sql.ast.create - Registration of TableGroup [org.hibernate.sql.ast.tree.from.LazyTableGroup@49c59fec] with identifierForTableGroup [org.frcpm.models.Subsystem.tasks.{element}.subsystem] for NavigablePath [org.frcpm.models.Subsystem.tasks.{element}.subsystem] 
10:24:43.708 [main] DEBUG org.hibernate.orm.results.graph.AST - DomainResult Graph:
 \-CollectionDomainResult [org.frcpm.models.Subsystem.tasks]

10:24:43.708 [main] DEBUG org.hibernate.orm.sql.ast.tree - SQL AST Tree:
    SelectStatement {
      FromClause {
        OneToManyTableGroup (t1 : org.frcpm.models.Subsystem.tasks) {
          primaryTableReference : tasks as t1_0
          TableGroupJoins {
            left  join LazyTableGroup (p1 : org.frcpm.models.Subsystem.tasks.{element}.project) {
            }
            left  join LazyTableGroup (s1 : org.frcpm.models.Subsystem.tasks.{element}.subsystem) {
            }
          }
        }
      }
    }

10:24:43.708 [main] DEBUG org.hibernate.orm.jdbc.mutation - Static SQL for collection: org.frcpm.models.Subsystem.tasks
10:24:43.708 [main] DEBUG org.hibernate.orm.sql.ast.create - Created new SQL alias : m1_0
10:24:43.708 [main] DEBUG org.hibernate.orm.sql.ast.create - Registration of TableGroup [org.hibernate.sql.ast.tree.from.OneToManyTableGroup@2d703cc0] with identifierForTableGroup [org.frcpm.models.Subteam.members] for NavigablePath [org.frcpm.models.Subteam.members] 
10:24:43.708 [main] DEBUG org.hibernate.orm.sql.ast.create - Registration of TableGroup [StandardTableGroup(org.frcpm.models.Subteam.members.{element})] with identifierForTableGroup [org.frcpm.models.Subteam.members.{element}] for NavigablePath [org.frcpm.models.Subteam.members.{element}] 
10:24:43.708 [main] DEBUG org.hibernate.orm.sql.ast.create - Registration of TableGroup [org.hibernate.sql.ast.tree.from.LazyTableGroup@367d816c] with identifierForTableGroup [org.frcpm.models.Subteam.members.{element}.subteam] for NavigablePath [org.frcpm.models.Subteam.members.{element}.subteam] 
10:24:43.708 [main] DEBUG org.hibernate.orm.results.graph.AST - DomainResult Graph:
 \-CollectionDomainResult [org.frcpm.models.Subteam.members]

10:24:43.708 [main] DEBUG org.hibernate.orm.sql.ast.tree - SQL AST Tree:
    SelectStatement {
      FromClause {
        OneToManyTableGroup (m1 : org.frcpm.models.Subteam.members) {
          primaryTableReference : team_members as m1_0
          TableGroupJoins {
            left  join LazyTableGroup (s1 : org.frcpm.models.Subteam.members.{element}.subteam) {
            }
          }
        }
      }
    }

10:24:43.708 [main] DEBUG org.hibernate.orm.jdbc.mutation - Static SQL for collection: org.frcpm.models.Subteam.members
10:24:43.708 [main] DEBUG org.hibernate.orm.sql.ast.create - Created new SQL alias : a1_0
10:24:43.708 [main] DEBUG org.hibernate.orm.sql.ast.create - Registration of TableGroup [org.hibernate.sql.ast.tree.from.OneToManyTableGroup@8f8d184] with identifierForTableGroup [org.frcpm.models.TeamMember.attendances] for NavigablePath [org.frcpm.models.TeamMember.attendances] 
10:24:43.708 [main] DEBUG org.hibernate.orm.sql.ast.create - Registration of TableGroup [StandardTableGroup(org.frcpm.models.TeamMember.attendances.{element})] with identifierForTableGroup [org.frcpm.models.TeamMember.attendances.{element}] for NavigablePath [org.frcpm.models.TeamMember.attendances.{element}] 
10:24:43.708 [main] DEBUG org.hibernate.orm.sql.ast.create - Registration of TableGroup [org.hibernate.sql.ast.tree.from.LazyTableGroup@24426a67] with identifierForTableGroup [org.frcpm.models.TeamMember.attendances.{element}.meeting] for NavigablePath [org.frcpm.models.TeamMember.attendances.{element}.meeting] 
10:24:43.708 [main] DEBUG org.hibernate.orm.sql.ast.create - Registration of TableGroup [org.hibernate.sql.ast.tree.from.LazyTableGroup@3f1813cd] with identifierForTableGroup [org.frcpm.models.TeamMember.attendances.{element}.member] for NavigablePath [org.frcpm.models.TeamMember.attendances.{element}.member] 
10:24:43.708 [main] DEBUG org.hibernate.orm.results.graph.AST - DomainResult Graph:
 \-CollectionDomainResult [org.frcpm.models.TeamMember.attendances]

10:24:43.708 [main] DEBUG org.hibernate.orm.sql.ast.tree - SQL AST Tree:
    SelectStatement {
      FromClause {
        OneToManyTableGroup (a1 : org.frcpm.models.TeamMember.attendances) {
          primaryTableReference : attendances as a1_0
          TableGroupJoins {
            left  join LazyTableGroup (m1 : org.frcpm.models.TeamMember.attendances.{element}.meeting) {
            }
            left  join LazyTableGroup (m2 : org.frcpm.models.TeamMember.attendances.{element}.member) {
            }
          }
        }
      }
    }

10:24:43.708 [main] DEBUG org.hibernate.orm.jdbc.mutation - Static SQL for collection: org.frcpm.models.TeamMember.attendances
10:24:43.708 [main] DEBUG org.hibernate.orm.sql.ast.create - Created new SQL alias : rc1_0
10:24:43.708 [main] DEBUG org.hibernate.orm.sql.ast.create - Registration of TableGroup [CollectionTableGroup(org.frcpm.models.Task.requiredComponents)] with identifierForTableGroup [org.frcpm.models.Task.requiredComponents] for NavigablePath [org.frcpm.models.Task.requiredComponents] 
10:24:43.708 [main] DEBUG org.hibernate.orm.sql.ast.create - Registration of TableGroup [org.hibernate.sql.ast.tree.from.LazyTableGroup@4684dc4a] with identifierForTableGroup [org.frcpm.models.Task.requiredComponents.{element}] for NavigablePath [org.frcpm.models.Task.requiredComponents.{element}] 
10:24:43.708 [main] DEBUG org.hibernate.orm.sql.ast.create - Created new SQL alias : rc1_1
10:24:43.708 [main] DEBUG org.hibernate.orm.results.graph.AST - DomainResult Graph:
 \-CollectionDomainResult [org.frcpm.models.Task.requiredComponents]

10:24:43.708 [main] DEBUG org.hibernate.orm.sql.ast.tree - SQL AST Tree:
    SelectStatement {
      FromClause {
        CollectionTableGroup (rc1 : org.frcpm.models.Task.requiredComponents) {
          primaryTableReference : task_components as rc1_0
          TableGroupJoins {
             join LazyTableGroup (rc1 : org.frcpm.models.Task.requiredComponents.{element}) {
              primaryTableReference : components as rc1_1
            }
          }
        }
      }
    }

10:24:43.708 [main] DEBUG org.hibernate.orm.jdbc.mutation - Static SQL for collection: org.frcpm.models.Task.requiredComponents
10:24:43.708 [main] DEBUG org.hibernate.orm.jdbc.mutation -  Row insert: insert into task_components (task_id,component_id) values (?,?)
10:24:43.708 [main] DEBUG org.hibernate.orm.jdbc.mutation -  Row delete: delete from task_components where task_id=? and component_id=?
10:24:43.708 [main] DEBUG org.hibernate.orm.jdbc.mutation -  One-shot delete: delete from task_components where task_id=?
10:24:43.708 [main] DEBUG org.hibernate.orm.sql.ast.create - Created new SQL alias : s1_0
10:24:43.708 [main] DEBUG org.hibernate.orm.sql.ast.create - Registration of TableGroup [org.hibernate.sql.ast.tree.from.OneToManyTableGroup@348650c3] with identifierForTableGroup [org.frcpm.models.Subteam.subsystems] for NavigablePath [org.frcpm.models.Subteam.subsystems] 
10:24:43.708 [main] DEBUG org.hibernate.orm.sql.ast.create - Registration of TableGroup [StandardTableGroup(org.frcpm.models.Subteam.subsystems.{element})] with identifierForTableGroup [org.frcpm.models.Subteam.subsystems.{element}] for NavigablePath [org.frcpm.models.Subteam.subsystems.{element}] 
10:24:43.708 [main] DEBUG org.hibernate.orm.sql.ast.create - Registration of TableGroup [org.hibernate.sql.ast.tree.from.LazyTableGroup@5223066f] with identifierForTableGroup [org.frcpm.models.Subteam.subsystems.{element}.responsibleSubteam] for NavigablePath [org.frcpm.models.Subteam.subsystems.{element}.responsibleSubteam] 
10:24:43.708 [main] DEBUG org.hibernate.orm.results.graph.AST - DomainResult Graph:
 \-CollectionDomainResult [org.frcpm.models.Subteam.subsystems]

10:24:43.708 [main] DEBUG org.hibernate.orm.sql.ast.tree - SQL AST Tree:
    SelectStatement {
      FromClause {
        OneToManyTableGroup (s1 : org.frcpm.models.Subteam.subsystems) {
          primaryTableReference : subsystems as s1_0
          TableGroupJoins {
            left  join LazyTableGroup (rs1 : org.frcpm.models.Subteam.subsystems.{element}.responsibleSubteam) {
            }
          }
        }
      }
    }

10:24:43.708 [main] DEBUG org.hibernate.orm.jdbc.mutation - Static SQL for collection: org.frcpm.models.Subteam.subsystems
10:24:43.708 [main] DEBUG org.hibernate.orm.sql.ast.create - Created new SQL alias : pd1_0
10:24:43.708 [main] DEBUG org.hibernate.orm.sql.ast.create - Registration of TableGroup [CollectionTableGroup(org.frcpm.models.Task.preDependencies)] with identifierForTableGroup [org.frcpm.models.Task.preDependencies] for NavigablePath [org.frcpm.models.Task.preDependencies] 
10:24:43.708 [main] DEBUG org.hibernate.orm.sql.ast.create - Registration of TableGroup [org.hibernate.sql.ast.tree.from.LazyTableGroup@b35131e] with identifierForTableGroup [org.frcpm.models.Task.preDependencies.{element}] for NavigablePath [org.frcpm.models.Task.preDependencies.{element}] 
10:24:43.708 [main] DEBUG org.hibernate.orm.sql.ast.create - Created new SQL alias : pd1_1
10:24:43.708 [main] DEBUG org.hibernate.orm.sql.ast.create - Registration of TableGroup [org.hibernate.sql.ast.tree.from.LazyTableGroup@d334af3] with identifierForTableGroup [org.frcpm.models.Task.preDependencies.{element}.project] for NavigablePath [org.frcpm.models.Task.preDependencies.{element}.project] 
10:24:43.708 [main] DEBUG org.hibernate.orm.sql.ast.create - Registration of TableGroup [org.hibernate.sql.ast.tree.from.LazyTableGroup@42ca638a] with identifierForTableGroup [org.frcpm.models.Task.preDependencies.{element}.subsystem] for NavigablePath [org.frcpm.models.Task.preDependencies.{element}.subsystem] 
10:24:43.708 [main] DEBUG org.hibernate.orm.results.graph.AST - DomainResult Graph:
 \-CollectionDomainResult [org.frcpm.models.Task.preDependencies]

10:24:43.708 [main] DEBUG org.hibernate.orm.sql.ast.tree - SQL AST Tree:
    SelectStatement {
      FromClause {
        CollectionTableGroup (pd1 : org.frcpm.models.Task.preDependencies) {
          primaryTableReference : task_dependencies as pd1_0
          TableGroupJoins {
             join LazyTableGroup (pd1 : org.frcpm.models.Task.preDependencies.{element}) {
              primaryTableReference : tasks as pd1_1
              TableGroupJoins {
                left  join LazyTableGroup (p1 : org.frcpm.models.Task.preDependencies.{element}.project) {
                }
                left  join LazyTableGroup (s1 : org.frcpm.models.Task.preDependencies.{element}.subsystem) {
                }
              }
            }
          }
        }
      }
    }

10:24:43.708 [main] DEBUG org.hibernate.orm.jdbc.mutation - Static SQL for collection: org.frcpm.models.Task.preDependencies
10:24:43.708 [main] DEBUG org.hibernate.orm.jdbc.mutation -  Row insert: insert into task_dependencies (task_id,dependency_id) values (?,?)
10:24:43.708 [main] DEBUG org.hibernate.orm.jdbc.mutation -  Row delete: delete from task_dependencies where task_id=? and dependency_id=?
10:24:43.708 [main] DEBUG org.hibernate.orm.jdbc.mutation -  One-shot delete: delete from task_dependencies where task_id=?
10:24:43.708 [main] DEBUG org.hibernate.orm.sql.ast.create - Created new SQL alias : m1_0
10:24:43.708 [main] DEBUG org.hibernate.orm.sql.ast.create - Registration of TableGroup [org.hibernate.sql.ast.tree.from.OneToManyTableGroup@4d7d787d] with identifierForTableGroup [org.frcpm.models.Project.milestones] for NavigablePath [org.frcpm.models.Project.milestones] 
10:24:43.708 [main] DEBUG org.hibernate.orm.sql.ast.create - Registration of TableGroup [StandardTableGroup(org.frcpm.models.Project.milestones.{element})] with identifierForTableGroup [org.frcpm.models.Project.milestones.{element}] for NavigablePath [org.frcpm.models.Project.milestones.{element}] 
10:24:43.708 [main] DEBUG org.hibernate.orm.sql.ast.create - Registration of TableGroup [org.hibernate.sql.ast.tree.from.LazyTableGroup@4da829c9] with identifierForTableGroup [org.frcpm.models.Project.milestones.{element}.project] for NavigablePath [org.frcpm.models.Project.milestones.{element}.project] 
10:24:43.708 [main] DEBUG org.hibernate.orm.results.graph.AST - DomainResult Graph:
 \-CollectionDomainResult [org.frcpm.models.Project.milestones]

10:24:43.708 [main] DEBUG org.hibernate.orm.sql.ast.tree - SQL AST Tree:
    SelectStatement {
      FromClause {
        OneToManyTableGroup (m1 : org.frcpm.models.Project.milestones) {
          primaryTableReference : milestones as m1_0
          TableGroupJoins {
            left  join LazyTableGroup (p1 : org.frcpm.models.Project.milestones.{element}.project) {
            }
          }
        }
      }
    }

10:24:43.708 [main] DEBUG org.hibernate.orm.jdbc.mutation - Static SQL for collection: org.frcpm.models.Project.milestones
10:24:43.708 [main] DEBUG org.hibernate.orm.sql.ast.create - Created new SQL alias : rft1_0
10:24:43.708 [main] DEBUG org.hibernate.orm.sql.ast.create - Registration of TableGroup [CollectionTableGroup(org.frcpm.models.Component.requiredForTasks)] with identifierForTableGroup [org.frcpm.models.Component.requiredForTasks] for NavigablePath [org.frcpm.models.Component.requiredForTasks] 
10:24:43.708 [main] DEBUG org.hibernate.orm.sql.ast.create - Registration of TableGroup [org.hibernate.sql.ast.tree.from.LazyTableGroup@24a021a8] with identifierForTableGroup [org.frcpm.models.Component.requiredForTasks.{element}] for NavigablePath [org.frcpm.models.Component.requiredForTasks.{element}] 
10:24:43.708 [main] DEBUG org.hibernate.orm.sql.ast.create - Created new SQL alias : rft1_1
10:24:43.708 [main] DEBUG org.hibernate.orm.sql.ast.create - Registration of TableGroup [org.hibernate.sql.ast.tree.from.LazyTableGroup@2380bd1] with identifierForTableGroup [org.frcpm.models.Component.requiredForTasks.{element}.project] for NavigablePath [org.frcpm.models.Component.requiredForTasks.{element}.project] 
10:24:43.708 [main] DEBUG org.hibernate.orm.sql.ast.create - Registration of TableGroup [org.hibernate.sql.ast.tree.from.LazyTableGroup@538fd7d0] with identifierForTableGroup [org.frcpm.models.Component.requiredForTasks.{element}.subsystem] for NavigablePath [org.frcpm.models.Component.requiredForTasks.{element}.subsystem] 
10:24:43.708 [main] DEBUG org.hibernate.orm.results.graph.AST - DomainResult Graph:
 \-CollectionDomainResult [org.frcpm.models.Component.requiredForTasks]

10:24:43.708 [main] DEBUG org.hibernate.orm.sql.ast.tree - SQL AST Tree:
    SelectStatement {
      FromClause {
        CollectionTableGroup (rft1 : org.frcpm.models.Component.requiredForTasks) {
          primaryTableReference : task_components as rft1_0
          TableGroupJoins {
             join LazyTableGroup (rft1 : org.frcpm.models.Component.requiredForTasks.{element}) {
              primaryTableReference : tasks as rft1_1
              TableGroupJoins {
                left  join LazyTableGroup (p1 : org.frcpm.models.Component.requiredForTasks.{element}.project) {
                }
                left  join LazyTableGroup (s1 : org.frcpm.models.Component.requiredForTasks.{element}.subsystem) {
                }
              }
            }
          }
        }
      }
    }

10:24:43.708 [main] DEBUG org.hibernate.orm.jdbc.mutation - Static SQL for collection: org.frcpm.models.Component.requiredForTasks
10:24:43.708 [main] DEBUG org.hibernate.orm.sql.ast.create - Created new SQL alias : m1_0
10:24:43.708 [main] DEBUG org.hibernate.orm.sql.ast.create - Registration of TableGroup [org.hibernate.sql.ast.tree.from.OneToManyTableGroup@34a3fafa] with identifierForTableGroup [org.frcpm.models.Project.meetings] for NavigablePath [org.frcpm.models.Project.meetings] 
10:24:43.708 [main] DEBUG org.hibernate.orm.sql.ast.create - Registration of TableGroup [StandardTableGroup(org.frcpm.models.Project.meetings.{element})] with identifierForTableGroup [org.frcpm.models.Project.meetings.{element}] for NavigablePath [org.frcpm.models.Project.meetings.{element}] 
10:24:43.708 [main] DEBUG org.hibernate.orm.sql.ast.create - Registration of TableGroup [org.hibernate.sql.ast.tree.from.LazyTableGroup@2e8a332c] with identifierForTableGroup [org.frcpm.models.Project.meetings.{element}.project] for NavigablePath [org.frcpm.models.Project.meetings.{element}.project] 
10:24:43.708 [main] DEBUG org.hibernate.orm.results.graph.AST - DomainResult Graph:
 \-CollectionDomainResult [org.frcpm.models.Project.meetings]

10:24:43.708 [main] DEBUG org.hibernate.orm.sql.ast.tree - SQL AST Tree:
    SelectStatement {
      FromClause {
        OneToManyTableGroup (m1 : org.frcpm.models.Project.meetings) {
          primaryTableReference : meetings as m1_0
          TableGroupJoins {
            left  join LazyTableGroup (p1 : org.frcpm.models.Project.meetings.{element}.project) {
            }
          }
        }
      }
    }

10:24:43.708 [main] DEBUG org.hibernate.orm.jdbc.mutation - Static SQL for collection: org.frcpm.models.Project.meetings
10:24:43.708 [main] DEBUG org.hibernate.orm.sql.ast.create - Created new SQL alias : at1_0
10:24:43.708 [main] DEBUG org.hibernate.orm.sql.ast.create - Registration of TableGroup [CollectionTableGroup(org.frcpm.models.TeamMember.assignedTasks)] with identifierForTableGroup [org.frcpm.models.TeamMember.assignedTasks] for NavigablePath [org.frcpm.models.TeamMember.assignedTasks] 
10:24:43.708 [main] DEBUG org.hibernate.orm.sql.ast.create - Registration of TableGroup [org.hibernate.sql.ast.tree.from.LazyTableGroup@4dd40d31] with identifierForTableGroup [org.frcpm.models.TeamMember.assignedTasks.{element}] for NavigablePath [org.frcpm.models.TeamMember.assignedTasks.{element}] 
10:24:43.708 [main] DEBUG org.hibernate.orm.sql.ast.create - Created new SQL alias : at1_1
10:24:43.708 [main] DEBUG org.hibernate.orm.sql.ast.create - Registration of TableGroup [org.hibernate.sql.ast.tree.from.LazyTableGroup@668b4a5b] with identifierForTableGroup [org.frcpm.models.TeamMember.assignedTasks.{element}.project] for NavigablePath [org.frcpm.models.TeamMember.assignedTasks.{element}.project] 
10:24:43.708 [main] DEBUG org.hibernate.orm.sql.ast.create - Registration of TableGroup [org.hibernate.sql.ast.tree.from.LazyTableGroup@28c39033] with identifierForTableGroup [org.frcpm.models.TeamMember.assignedTasks.{element}.subsystem] for NavigablePath [org.frcpm.models.TeamMember.assignedTasks.{element}.subsystem] 
10:24:43.708 [main] DEBUG org.hibernate.orm.results.graph.AST - DomainResult Graph:
 \-CollectionDomainResult [org.frcpm.models.TeamMember.assignedTasks]

10:24:43.708 [main] DEBUG org.hibernate.orm.sql.ast.tree - SQL AST Tree:
    SelectStatement {
      FromClause {
        CollectionTableGroup (at1 : org.frcpm.models.TeamMember.assignedTasks) {
          primaryTableReference : task_assignments as at1_0
          TableGroupJoins {
             join LazyTableGroup (at1 : org.frcpm.models.TeamMember.assignedTasks.{element}) {
              primaryTableReference : tasks as at1_1
              TableGroupJoins {
                left  join LazyTableGroup (p1 : org.frcpm.models.TeamMember.assignedTasks.{element}.project) {
                }
                left  join LazyTableGroup (s1 : org.frcpm.models.TeamMember.assignedTasks.{element}.subsystem) {
                }
              }
            }
          }
        }
      }
    }

10:24:43.708 [main] DEBUG org.hibernate.orm.jdbc.mutation - Static SQL for collection: org.frcpm.models.TeamMember.assignedTasks
10:24:43.708 [main] DEBUG org.hibernate.orm.sql.ast.create - Created new SQL alias : a1_0
10:24:43.708 [main] DEBUG org.hibernate.orm.sql.ast.create - Registration of TableGroup [org.hibernate.sql.ast.tree.from.OneToManyTableGroup@7976eef4] with identifierForTableGroup [org.frcpm.models.Meeting.attendances] for NavigablePath [org.frcpm.models.Meeting.attendances] 
10:24:43.708 [main] DEBUG org.hibernate.orm.sql.ast.create - Registration of TableGroup [StandardTableGroup(org.frcpm.models.Meeting.attendances.{element})] with identifierForTableGroup [org.frcpm.models.Meeting.attendances.{element}] for NavigablePath [org.frcpm.models.Meeting.attendances.{element}] 
10:24:43.708 [main] DEBUG org.hibernate.orm.sql.ast.create - Registration of TableGroup [org.hibernate.sql.ast.tree.from.LazyTableGroup@58878f91] with identifierForTableGroup [org.frcpm.models.Meeting.attendances.{element}.meeting] for NavigablePath [org.frcpm.models.Meeting.attendances.{element}.meeting] 
10:24:43.708 [main] DEBUG org.hibernate.orm.sql.ast.create - Registration of TableGroup [org.hibernate.sql.ast.tree.from.LazyTableGroup@34d669ee] with identifierForTableGroup [org.frcpm.models.Meeting.attendances.{element}.member] for NavigablePath [org.frcpm.models.Meeting.attendances.{element}.member] 
10:24:43.708 [main] DEBUG org.hibernate.orm.results.graph.AST - DomainResult Graph:
 \-CollectionDomainResult [org.frcpm.models.Meeting.attendances]

10:24:43.708 [main] DEBUG org.hibernate.orm.sql.ast.tree - SQL AST Tree:
    SelectStatement {
      FromClause {
        OneToManyTableGroup (a1 : org.frcpm.models.Meeting.attendances) {
          primaryTableReference : attendances as a1_0
          TableGroupJoins {
            left  join LazyTableGroup (m1 : org.frcpm.models.Meeting.attendances.{element}.meeting) {
            }
            left  join LazyTableGroup (m2 : org.frcpm.models.Meeting.attendances.{element}.member) {
            }
          }
        }
      }
    }

10:24:43.708 [main] DEBUG org.hibernate.orm.jdbc.mutation - Static SQL for collection: org.frcpm.models.Meeting.attendances
10:24:43.708 [main] DEBUG org.hibernate.orm.sql.ast.create - Created new SQL alias : pd1_0
10:24:43.708 [main] DEBUG org.hibernate.orm.sql.ast.create - Registration of TableGroup [CollectionTableGroup(org.frcpm.models.Task.postDependencies)] with identifierForTableGroup [org.frcpm.models.Task.postDependencies] for NavigablePath [org.frcpm.models.Task.postDependencies] 
10:24:43.708 [main] DEBUG org.hibernate.orm.sql.ast.create - Registration of TableGroup [org.hibernate.sql.ast.tree.from.LazyTableGroup@1e86c31b] with identifierForTableGroup [org.frcpm.models.Task.postDependencies.{element}] for NavigablePath [org.frcpm.models.Task.postDependencies.{element}] 
10:24:43.709 [main] DEBUG org.hibernate.orm.sql.ast.create - Created new SQL alias : pd1_1
10:24:43.709 [main] DEBUG org.hibernate.orm.sql.ast.create - Registration of TableGroup [org.hibernate.sql.ast.tree.from.LazyTableGroup@7ce0da6f] with identifierForTableGroup [org.frcpm.models.Task.postDependencies.{element}.project] for NavigablePath [org.frcpm.models.Task.postDependencies.{element}.project] 
10:24:43.709 [main] DEBUG org.hibernate.orm.sql.ast.create - Registration of TableGroup [org.hibernate.sql.ast.tree.from.LazyTableGroup@485285e5] with identifierForTableGroup [org.frcpm.models.Task.postDependencies.{element}.subsystem] for NavigablePath [org.frcpm.models.Task.postDependencies.{element}.subsystem] 
10:24:43.709 [main] DEBUG org.hibernate.orm.results.graph.AST - DomainResult Graph:
 \-CollectionDomainResult [org.frcpm.models.Task.postDependencies]

10:24:43.709 [main] DEBUG org.hibernate.orm.sql.ast.tree - SQL AST Tree:
    SelectStatement {
      FromClause {
        CollectionTableGroup (pd1 : org.frcpm.models.Task.postDependencies) {
          primaryTableReference : task_dependencies as pd1_0
          TableGroupJoins {
             join LazyTableGroup (pd1 : org.frcpm.models.Task.postDependencies.{element}) {
              primaryTableReference : tasks as pd1_1
              TableGroupJoins {
                left  join LazyTableGroup (p1 : org.frcpm.models.Task.postDependencies.{element}.project) {
                }
                left  join LazyTableGroup (s1 : org.frcpm.models.Task.postDependencies.{element}.subsystem) {
                }
              }
            }
          }
        }
      }
    }

10:24:43.709 [main] DEBUG org.hibernate.orm.jdbc.mutation - Static SQL for collection: org.frcpm.models.Task.postDependencies
10:24:43.709 [main] DEBUG org.hibernate.orm.sql.ast.create - Created new SQL alias : t1_0
10:24:43.709 [main] DEBUG org.hibernate.orm.sql.ast.create - Registration of TableGroup [org.hibernate.sql.ast.tree.from.OneToManyTableGroup@1aad943e] with identifierForTableGroup [org.frcpm.models.Project.tasks] for NavigablePath [org.frcpm.models.Project.tasks] 
10:24:43.709 [main] DEBUG org.hibernate.orm.sql.ast.create - Registration of TableGroup [StandardTableGroup(org.frcpm.models.Project.tasks.{element})] with identifierForTableGroup [org.frcpm.models.Project.tasks.{element}] for NavigablePath [org.frcpm.models.Project.tasks.{element}] 
10:24:43.709 [main] DEBUG org.hibernate.orm.sql.ast.create - Registration of TableGroup [org.hibernate.sql.ast.tree.from.LazyTableGroup@13f2241a] with identifierForTableGroup [org.frcpm.models.Project.tasks.{element}.project] for NavigablePath [org.frcpm.models.Project.tasks.{element}.project] 
10:24:43.709 [main] DEBUG org.hibernate.orm.sql.ast.create - Registration of TableGroup [org.hibernate.sql.ast.tree.from.LazyTableGroup@f38b558] with identifierForTableGroup [org.frcpm.models.Project.tasks.{element}.subsystem] for NavigablePath [org.frcpm.models.Project.tasks.{element}.subsystem] 
10:24:43.709 [main] DEBUG org.hibernate.orm.results.graph.AST - DomainResult Graph:
 \-CollectionDomainResult [org.frcpm.models.Project.tasks]

10:24:43.709 [main] DEBUG org.hibernate.orm.sql.ast.tree - SQL AST Tree:
    SelectStatement {
      FromClause {
        OneToManyTableGroup (t1 : org.frcpm.models.Project.tasks) {
          primaryTableReference : tasks as t1_0
          TableGroupJoins {
            left  join LazyTableGroup (p1 : org.frcpm.models.Project.tasks.{element}.project) {
            }
            left  join LazyTableGroup (s1 : org.frcpm.models.Project.tasks.{element}.subsystem) {
            }
          }
        }
      }
    }

10:24:43.709 [main] DEBUG org.hibernate.orm.jdbc.mutation - Static SQL for collection: org.frcpm.models.Project.tasks
10:24:43.712 [main] DEBUG org.hibernate.type.spi.TypeConfiguration$Scope - Scoping TypeConfiguration [org.hibernate.type.spi.TypeConfiguration@525872fa] to SessionFactoryImplementor [org.hibernate.internal.SessionFactoryImpl@7ed1e96b]
10:24:43.712 [main] DEBUG org.hibernate.query.named.NamedObjectRepository - Checking 0 named HQL queries
10:24:43.712 [main] DEBUG org.hibernate.query.named.NamedObjectRepository - Checking 0 named SQL queries
10:24:43.712 [main] DEBUG org.hibernate.mapping.Table - No alter strings for table : attendances
10:24:43.712 [main] DEBUG org.hibernate.SQL - alter table if exists components alter column description set data type TEXT
10:24:43.713 [main] DEBUG org.hibernate.SQL - alter table if exists meetings alter column notes set data type TEXT
10:24:43.713 [main] DEBUG org.hibernate.SQL - alter table if exists milestones alter column description set data type TEXT
10:24:43.713 [main] DEBUG org.hibernate.SQL - alter table if exists projects alter column description set data type TEXT
10:24:43.713 [main] DEBUG org.hibernate.SQL - alter table if exists subsystems alter column description set data type TEXT
10:24:43.713 [main] DEBUG org.hibernate.SQL - alter table if exists subteams alter column specialties set data type TEXT
10:24:43.713 [main] DEBUG org.hibernate.mapping.Table - No alter strings for table : task_assignments
10:24:43.713 [main] DEBUG org.hibernate.mapping.Table - No alter strings for table : task_components
10:24:43.713 [main] DEBUG org.hibernate.mapping.Table - No alter strings for table : task_dependencies
10:24:43.713 [main] DEBUG org.hibernate.SQL - alter table if exists tasks alter column description set data type TEXT
10:24:43.713 [main] DEBUG org.hibernate.SQL - alter table if exists team_members alter column skills set data type TEXT
10:24:43.713 [main] DEBUG org.hibernate.SQL - alter table if exists attendances drop constraint if exists UKa8ydr6vrgbux3a27v7enb0y3x
10:24:43.713 [main] DEBUG org.hibernate.SQL - alter table if exists attendances add constraint UKa8ydr6vrgbux3a27v7enb0y3x unique (meeting_id, member_id)
10:24:43.717 [main] DEBUG org.hibernate.internal.SessionFactoryRegistry - Registering SessionFactory: 1054715b-e6c3-4c30-a519-d3fa2c30194e (<unnamed>)
10:24:43.717 [main] DEBUG org.hibernate.internal.SessionFactoryRegistry - Not binding SessionFactory to JNDI, no JNDI name configured
10:24:43.718 [main] DEBUG org.hibernate.internal.SessionFactoryImpl - Instantiated SessionFactory
10:24:43.718 [main] DEBUG org.hibernate.stat.internal.StatisticsInitiator - Statistics initialized [enabled=false]
10:24:43.718 [main] DEBUG org.hibernate.engine.transaction.internal.TransactionImpl - On TransactionImpl creation, JpaCompliance#isJpaTransactionComplianceEnabled == false
10:24:43.718 [main] DEBUG org.hibernate.engine.transaction.internal.TransactionImpl - begin
10:24:43.718 [main] DEBUG org.hibernate.engine.spi.ActionQueue - Executing identity-insert immediately
10:24:43.718 [main] DEBUG org.hibernate.SQL - insert into subteams (color_code,name,specialties,id) values (?,?,?,default)
10:24:43.719 [main] DEBUG org.hibernate.orm.results - Initializer list is empty
10:24:43.719 [main] DEBUG org.hibernate.orm.results.loading - Calling top-level assembler (0 / 1) : org.hibernate.sql.results.graph.basic.BasicResultAssembler@a311a4d
10:24:43.719 [main] DEBUG org.hibernate.orm.results - Extracted JDBC value [0] - [116]
10:24:43.719 [main] DEBUG org.hibernate.id.IdentifierGeneratorHelper - Extracted generated values [org.frcpm.models.Subteam]: [Ljava.lang.Object;@6259b4a5
10:24:43.720 [main] DEBUG org.hibernate.event.internal.AbstractFlushingEventListener - Processing flush-time cascades
10:24:43.720 [main] DEBUG org.hibernate.event.internal.AbstractFlushingEventListener - Dirty checking collections
10:24:43.720 [main] DEBUG org.hibernate.engine.internal.Collections - Collection found: [org.frcpm.models.Subteam.members#116], was: [<unreferenced>] (initialized)
10:24:43.720 [main] DEBUG org.hibernate.engine.internal.Collections - Collection found: [org.frcpm.models.Subteam.subsystems#116], was: [<unreferenced>] (initialized)
10:24:43.720 [main] DEBUG org.hibernate.event.internal.AbstractFlushingEventListener - Flushed: 0 insertions, 0 updates, 0 deletions to 1 objects
10:24:43.720 [main] DEBUG org.hibernate.event.internal.AbstractFlushingEventListener - Flushed: 2 (re)creations, 0 updates, 0 removals to 2 collections
10:24:43.720 [main] DEBUG org.hibernate.internal.util.EntityPrinter - Listing entities:
10:24:43.720 [main] DEBUG org.hibernate.internal.util.EntityPrinter - org.frcpm.models.Subteam{specialties=Java, Programming, Controls, members=[], name=Test Subteam 1, colorCode=#FF0000, id=116, subsystems=[]}
10:24:43.720 [main] DEBUG org.hibernate.engine.transaction.internal.TransactionImpl - committing
10:24:43.720 [main] DEBUG org.hibernate.event.internal.AbstractFlushingEventListener - Processing flush-time cascades
10:24:43.720 [main] DEBUG org.hibernate.event.internal.AbstractFlushingEventListener - Dirty checking collections
10:24:43.720 [main] DEBUG org.hibernate.engine.internal.Collections - Collection found: [org.frcpm.models.Subteam.members#116], was: [org.frcpm.models.Subteam.members#116] (initialized)
10:24:43.720 [main] DEBUG org.hibernate.engine.internal.Collections - Collection found: [org.frcpm.models.Subteam.subsystems#116], was: [org.frcpm.models.Subteam.subsystems#116] (initialized)
10:24:43.720 [main] DEBUG org.hibernate.event.internal.AbstractFlushingEventListener - Flushed: 0 insertions, 0 updates, 0 deletions to 1 objects
10:24:43.720 [main] DEBUG org.hibernate.event.internal.AbstractFlushingEventListener - Flushed: 0 (re)creations, 0 updates, 0 removals to 2 collections
10:24:43.720 [main] DEBUG org.hibernate.internal.util.EntityPrinter - Listing entities:
10:24:43.720 [main] DEBUG org.hibernate.internal.util.EntityPrinter - org.frcpm.models.Subteam{specialties=Java, Programming, Controls, members=[], name=Test Subteam 1, colorCode=#FF0000, id=116, subsystems=[]}
10:24:43.720 [main] DEBUG org.hibernate.resource.jdbc.internal.LogicalConnectionManagedImpl - Initiating JDBC connection release from afterTransaction
10:24:43.720 [main] DEBUG org.hibernate.resource.jdbc.internal.LogicalConnectionManagedImpl - Initiating JDBC connection release from afterTransaction
10:24:43.720 [main] DEBUG org.hibernate.engine.transaction.internal.TransactionImpl - On TransactionImpl creation, JpaCompliance#isJpaTransactionComplianceEnabled == false
10:24:43.720 [main] DEBUG org.hibernate.engine.transaction.internal.TransactionImpl - begin
10:24:43.720 [main] DEBUG org.hibernate.engine.spi.ActionQueue - Executing identity-insert immediately
10:24:43.720 [main] DEBUG org.hibernate.SQL - insert into subteams (color_code,name,specialties,id) values (?,?,?,default)
10:24:43.720 [main] DEBUG org.hibernate.orm.results - Initializer list is empty
10:24:43.720 [main] DEBUG org.hibernate.orm.results.loading - Calling top-level assembler (0 / 1) : org.hibernate.sql.results.graph.basic.BasicResultAssembler@3f631853
10:24:43.720 [main] DEBUG org.hibernate.orm.results - Extracted JDBC value [0] - [117]
10:24:43.720 [main] DEBUG org.hibernate.id.IdentifierGeneratorHelper - Extracted generated values [org.frcpm.models.Subteam]: [Ljava.lang.Object;@7e34e672
10:24:43.720 [main] DEBUG org.hibernate.event.internal.AbstractFlushingEventListener - Processing flush-time cascades
10:24:43.720 [main] DEBUG org.hibernate.event.internal.AbstractFlushingEventListener - Dirty checking collections
10:24:43.720 [main] DEBUG org.hibernate.engine.internal.Collections - Collection found: [org.frcpm.models.Subteam.members#117], was: [<unreferenced>] (initialized)
10:24:43.720 [main] DEBUG org.hibernate.engine.internal.Collections - Collection found: [org.frcpm.models.Subteam.subsystems#117], was: [<unreferenced>] (initialized)
10:24:43.720 [main] DEBUG org.hibernate.event.internal.AbstractFlushingEventListener - Flushed: 0 insertions, 0 updates, 0 deletions to 1 objects
10:24:43.720 [main] DEBUG org.hibernate.event.internal.AbstractFlushingEventListener - Flushed: 2 (re)creations, 0 updates, 0 removals to 2 collections
10:24:43.720 [main] DEBUG org.hibernate.internal.util.EntityPrinter - Listing entities:
10:24:43.720 [main] DEBUG org.hibernate.internal.util.EntityPrinter - org.frcpm.models.Subteam{specialties=CAD, Design, Fabrication, members=[], name=Test Subteam 2, colorCode=#00FF00, id=117, subsystems=[]}
10:24:43.720 [main] DEBUG org.hibernate.engine.transaction.internal.TransactionImpl - committing
10:24:43.720 [main] DEBUG org.hibernate.event.internal.AbstractFlushingEventListener - Processing flush-time cascades
10:24:43.720 [main] DEBUG org.hibernate.event.internal.AbstractFlushingEventListener - Dirty checking collections
10:24:43.720 [main] DEBUG org.hibernate.engine.internal.Collections - Collection found: [org.frcpm.models.Subteam.members#117], was: [org.frcpm.models.Subteam.members#117] (initialized)
10:24:43.720 [main] DEBUG org.hibernate.engine.internal.Collections - Collection found: [org.frcpm.models.Subteam.subsystems#117], was: [org.frcpm.models.Subteam.subsystems#117] (initialized)
10:24:43.720 [main] DEBUG org.hibernate.event.internal.AbstractFlushingEventListener - Flushed: 0 insertions, 0 updates, 0 deletions to 1 objects
10:24:43.720 [main] DEBUG org.hibernate.event.internal.AbstractFlushingEventListener - Flushed: 0 (re)creations, 0 updates, 0 removals to 2 collections
10:24:43.720 [main] DEBUG org.hibernate.internal.util.EntityPrinter - Listing entities:
10:24:43.720 [main] DEBUG org.hibernate.internal.util.EntityPrinter - org.frcpm.models.Subteam{specialties=CAD, Design, Fabrication, members=[], name=Test Subteam 2, colorCode=#00FF00, id=117, subsystems=[]}
10:24:43.720 [main] DEBUG org.hibernate.resource.jdbc.internal.LogicalConnectionManagedImpl - Initiating JDBC connection release from afterTransaction
10:24:43.720 [main] DEBUG org.hibernate.resource.jdbc.internal.LogicalConnectionManagedImpl - Initiating JDBC connection release from afterTransaction
10:24:43.721 [main] DEBUG org.hibernate.engine.transaction.internal.TransactionImpl - On TransactionImpl creation, JpaCompliance#isJpaTransactionComplianceEnabled == false
10:24:43.721 [main] DEBUG org.hibernate.engine.transaction.internal.TransactionImpl - begin
10:24:43.721 [main] DEBUG org.hibernate.engine.spi.ActionQueue - Executing identity-insert immediately
10:24:43.721 [main] DEBUG org.hibernate.SQL - insert into subteams (color_code,name,specialties,id) values (?,?,?,default)
10:24:43.721 [main] DEBUG org.hibernate.orm.results - Initializer list is empty
10:24:43.721 [main] DEBUG org.hibernate.orm.results.loading - Calling top-level assembler (0 / 1) : org.hibernate.sql.results.graph.basic.BasicResultAssembler@7d7398cd
10:24:43.721 [main] DEBUG org.hibernate.orm.results - Extracted JDBC value [0] - [118]
10:24:43.721 [main] DEBUG org.hibernate.id.IdentifierGeneratorHelper - Extracted generated values [org.frcpm.models.Subteam]: [Ljava.lang.Object;@4eedafac
10:24:43.721 [main] DEBUG org.hibernate.event.internal.AbstractFlushingEventListener - Processing flush-time cascades
10:24:43.721 [main] DEBUG org.hibernate.event.internal.AbstractFlushingEventListener - Dirty checking collections
10:24:43.721 [main] DEBUG org.hibernate.engine.internal.Collections - Collection found: [org.frcpm.models.Subteam.members#118], was: [<unreferenced>] (initialized)
10:24:43.721 [main] DEBUG org.hibernate.engine.internal.Collections - Collection found: [org.frcpm.models.Subteam.subsystems#118], was: [<unreferenced>] (initialized)
10:24:43.721 [main] DEBUG org.hibernate.event.internal.AbstractFlushingEventListener - Flushed: 0 insertions, 0 updates, 0 deletions to 1 objects
10:24:43.721 [main] DEBUG org.hibernate.event.internal.AbstractFlushingEventListener - Flushed: 2 (re)creations, 0 updates, 0 removals to 2 collections
10:24:43.721 [main] DEBUG org.hibernate.internal.util.EntityPrinter - Listing entities:
10:24:43.721 [main] DEBUG org.hibernate.internal.util.EntityPrinter - org.frcpm.models.Subteam{specialties=Testing, members=[], name=Test Save Subteam, colorCode=#0000FF, id=118, subsystems=[]}
10:24:43.721 [main] DEBUG org.hibernate.engine.transaction.internal.TransactionImpl - committing
10:24:43.722 [main] DEBUG org.hibernate.event.internal.AbstractFlushingEventListener - Processing flush-time cascades
10:24:43.722 [main] DEBUG org.hibernate.event.internal.AbstractFlushingEventListener - Dirty checking collections
10:24:43.722 [main] DEBUG org.hibernate.engine.internal.Collections - Collection found: [org.frcpm.models.Subteam.members#118], was: [org.frcpm.models.Subteam.members#118] (initialized)
10:24:43.722 [main] DEBUG org.hibernate.engine.internal.Collections - Collection found: [org.frcpm.models.Subteam.subsystems#118], was: [org.frcpm.models.Subteam.subsystems#118] (initialized)
10:24:43.722 [main] DEBUG org.hibernate.event.internal.AbstractFlushingEventListener - Flushed: 0 insertions, 0 updates, 0 deletions to 1 objects
10:24:43.722 [main] DEBUG org.hibernate.event.internal.AbstractFlushingEventListener - Flushed: 0 (re)creations, 0 updates, 0 removals to 2 collections
10:24:43.722 [main] DEBUG org.hibernate.internal.util.EntityPrinter - Listing entities:
10:24:43.722 [main] DEBUG org.hibernate.internal.util.EntityPrinter - org.frcpm.models.Subteam{specialties=Testing, members=[], name=Test Save Subteam, colorCode=#0000FF, id=118, subsystems=[]}
10:24:43.722 [main] DEBUG org.hibernate.resource.jdbc.internal.LogicalConnectionManagedImpl - Initiating JDBC connection release from afterTransaction
10:24:43.722 [main] DEBUG org.hibernate.resource.jdbc.internal.LogicalConnectionManagedImpl - Initiating JDBC connection release from afterTransaction
10:24:43.722 [main] DEBUG org.hibernate.orm.sql.exec - Skipping reading Query result cache data: cache-enabled = false, cache-mode = IGNORE
10:24:43.722 [main] DEBUG org.hibernate.orm.results - Initializer list:
	  org.frcpm.models.Subteam.members -> DelayedCollectionInitializer(org.frcpm.models.Subteam.members)@1460048218 (PluralAttribute(org.frcpm.models.Subteam.members))
	  org.frcpm.models.Subteam.subsystems -> DelayedCollectionInitializer(org.frcpm.models.Subteam.subsystems)@1650711197 (PluralAttribute(org.frcpm.models.Subteam.subsystems))
	  org.frcpm.models.Subteam -> EntityResultInitializer(org.frcpm.models.Subteam)@53973996 (SingleTableEntityPersister(org.frcpm.models.Subteam))

10:24:43.722 [main] DEBUG org.hibernate.SQL - select s1_0.id,s1_0.color_code,s1_0.name,s1_0.specialties from subteams s1_0 where s1_0.id=?
10:24:43.722 [main] DEBUG org.hibernate.orm.results.loading.entity - (EntityResultInitializer) Hydrated EntityKey (org.frcpm.models.Subteam): 118
10:24:43.722 [main] DEBUG org.hibernate.orm.results.loading.org.hibernate.orm.results.loading.collection - (DelayedCollectionInitializer) Current row collection key : org.frcpm.models.Subteam.members#118
10:24:43.722 [main] DEBUG org.hibernate.orm.results.loading.org.hibernate.orm.results.loading.collection - (DelayedCollectionInitializer) Current row collection key : org.frcpm.models.Subteam.subsystems#118
10:24:43.722 [main] DEBUG org.hibernate.orm.results.loading.entity - (EntityResultInitializer) Created new entity instance [org.frcpm.models.Subteam#118] : 1059096624
10:24:43.723 [main] DEBUG org.hibernate.orm.results - Extracted JDBC value [1] - [#0000FF]
10:24:43.723 [main] DEBUG org.hibernate.orm.results - Extracted JDBC value [2] - [Test Save Subteam]
10:24:43.723 [main] DEBUG org.hibernate.orm.results - Extracted JDBC value [3] - [Testing]
10:24:43.723 [main] DEBUG org.hibernate.orm.results.loading.entity - (EntityResultInitializer) Done materializing entityInstance : org.frcpm.models.Subteam#118
10:24:43.723 [main] DEBUG org.hibernate.orm.results.loading - Calling top-level assembler (0 / 1) : org.hibernate.sql.results.graph.entity.internal.EntityAssembler@1d8de29d
10:24:43.723 [main] DEBUG org.hibernate.resource.jdbc.internal.LogicalConnectionManagedImpl - Initiating JDBC connection release from afterTransaction
10:24:43.723 [main] DEBUG org.hibernate.orm.sql.ast.create - Created new SQL alias : s1_0
10:24:43.723 [main] DEBUG org.hibernate.orm.sql.ast.create - Registration of TableGroup [StandardTableGroup(org.frcpm.models.Subteam(959700011146100))] with identifierForTableGroup [org.frcpm.models.Subteam] for NavigablePath [org.frcpm.models.Subteam] 
10:24:43.723 [main] DEBUG org.hibernate.orm.results.graph.AST - DomainResult Graph:
 \-EntityResultImpl [org.frcpm.models.Subteam(959700011146100)]
 |  +-BasicFetch [org.frcpm.models.Subteam(959700011146100).colorCode]
 |  +-DelayedCollectionFetch [org.frcpm.models.Subteam(959700011146100).members]
 |  +-BasicFetch [org.frcpm.models.Subteam(959700011146100).name]
 |  +-BasicFetch [org.frcpm.models.Subteam(959700011146100).specialties]
 |  \-DelayedCollectionFetch [org.frcpm.models.Subteam(959700011146100).subsystems]

10:24:43.723 [main] DEBUG org.hibernate.orm.sql.ast.tree - SQL AST Tree:
    SelectStatement {
      FromClause {
        StandardTableGroup (s1 : org.frcpm.models.Subteam(959700011146100)) {
          primaryTableReference : subteams as s1_0
        }
      }
    }

10:24:43.723 [main] DEBUG org.hibernate.orm.sql.exec - Skipping reading Query result cache data: cache-enabled = false, cache-mode = NORMAL
10:24:43.723 [main] DEBUG org.hibernate.orm.results - Initializer list:
	  org.frcpm.models.Subteam(959700011146100).subsystems -> DelayedCollectionInitializer(org.frcpm.models.Subteam(959700011146100).subsystems)@1732697331 (PluralAttribute(org.frcpm.models.Subteam.subsystems))
	  org.frcpm.models.Subteam(959700011146100) -> EntityResultInitializer(org.frcpm.models.Subteam(959700011146100))@1063939531 (SingleTableEntityPersister(org.frcpm.models.Subteam))
	  org.frcpm.models.Subteam(959700011146100).members -> DelayedCollectionInitializer(org.frcpm.models.Subteam(959700011146100).members)@867626101 (PluralAttribute(org.frcpm.models.Subteam.members))

10:24:43.723 [main] DEBUG org.hibernate.SQL - select s1_0.id,s1_0.color_code,s1_0.name,s1_0.specialties from subteams s1_0
10:24:43.723 [main] DEBUG org.hibernate.orm.results - Extracted JDBC value [0] - [1]
10:24:43.723 [main] DEBUG org.hibernate.orm.results.loading.entity - (EntityResultInitializer) Hydrated EntityKey (org.frcpm.models.Subteam(959700011146100)): 1
10:24:43.723 [main] DEBUG org.hibernate.orm.results.loading.org.hibernate.orm.results.loading.collection - (DelayedCollectionInitializer) Current row collection key : org.frcpm.models.Subteam(959700011146100).members#1
10:24:43.723 [main] DEBUG org.hibernate.orm.results.loading.org.hibernate.orm.results.loading.collection - (DelayedCollectionInitializer) Current row collection key : org.frcpm.models.Subteam(959700011146100).subsystems#1
10:24:43.723 [main] DEBUG org.hibernate.orm.results.loading.entity - (EntityResultInitializer) Created new entity instance [org.frcpm.models.Subteam(959700011146100)#1] : 740577358
10:24:43.723 [main] DEBUG org.hibernate.orm.results - Extracted JDBC value [1] - [#FF5733]
10:24:43.723 [main] DEBUG org.hibernate.orm.results - Extracted JDBC value [2] - [Mechanical]
10:24:43.723 [main] DEBUG org.hibernate.orm.results - Extracted JDBC value [3] - [Design, CAD, Fabrication, Assembly]
10:24:43.723 [main] DEBUG org.hibernate.orm.results.loading.entity - (EntityResultInitializer) Done materializing entityInstance : org.frcpm.models.Subteam(959700011146100)#1
10:24:43.723 [main] DEBUG org.hibernate.orm.results.loading - Calling top-level assembler (0 / 1) : org.hibernate.sql.results.graph.entity.internal.EntityAssembler@7eef71ab
10:24:43.723 [main] DEBUG org.hibernate.orm.results - Extracted JDBC value [0] - [2]
10:24:43.723 [main] DEBUG org.hibernate.orm.results.loading.entity - (EntityResultInitializer) Hydrated EntityKey (org.frcpm.models.Subteam(959700011146100)): 2
10:24:43.723 [main] DEBUG org.hibernate.orm.results.loading.org.hibernate.orm.results.loading.collection - (DelayedCollectionInitializer) Current row collection key : org.frcpm.models.Subteam(959700011146100).members#2
10:24:43.723 [main] DEBUG org.hibernate.orm.results.loading.org.hibernate.orm.results.loading.collection - (DelayedCollectionInitializer) Current row collection key : org.frcpm.models.Subteam(959700011146100).subsystems#2
10:24:43.723 [main] DEBUG org.hibernate.orm.results.loading.entity - (EntityResultInitializer) Created new entity instance [org.frcpm.models.Subteam(959700011146100)#2] : 1883760664
10:24:43.723 [main] DEBUG org.hibernate.orm.results - Extracted JDBC value [1] - [#33A8FF]
10:24:43.723 [main] DEBUG org.hibernate.orm.results - Extracted JDBC value [2] - [Electrical]
10:24:43.723 [main] DEBUG org.hibernate.orm.results - Extracted JDBC value [3] - [Wiring, Electronics, Sensors, Power Systems]
10:24:43.723 [main] DEBUG org.hibernate.orm.results.loading.entity - (EntityResultInitializer) Done materializing entityInstance : org.frcpm.models.Subteam(959700011146100)#2
10:24:43.723 [main] DEBUG org.hibernate.orm.results.loading - Calling top-level assembler (0 / 1) : org.hibernate.sql.results.graph.entity.internal.EntityAssembler@7eef71ab
10:24:43.723 [main] DEBUG org.hibernate.orm.results - Extracted JDBC value [0] - [3]
10:24:43.723 [main] DEBUG org.hibernate.orm.results.loading.entity - (EntityResultInitializer) Hydrated EntityKey (org.frcpm.models.Subteam(959700011146100)): 3
10:24:43.723 [main] DEBUG org.hibernate.orm.results.loading.org.hibernate.orm.results.loading.collection - (DelayedCollectionInitializer) Current row collection key : org.frcpm.models.Subteam(959700011146100).members#3
10:24:43.723 [main] DEBUG org.hibernate.orm.results.loading.org.hibernate.orm.results.loading.collection - (DelayedCollectionInitializer) Current row collection key : org.frcpm.models.Subteam(959700011146100).subsystems#3
10:24:43.723 [main] DEBUG org.hibernate.orm.results.loading.entity - (EntityResultInitializer) Created new entity instance [org.frcpm.models.Subteam(959700011146100)#3] : 1088086656
10:24:43.723 [main] DEBUG org.hibernate.orm.results - Extracted JDBC value [1] - [#33FF57]
10:24:43.724 [main] DEBUG org.hibernate.orm.results - Extracted JDBC value [2] - [Programming]
10:24:43.724 [main] DEBUG org.hibernate.orm.results - Extracted JDBC value [3] - [Java, Vision, Control Systems, Autonomous]
10:24:43.724 [main] DEBUG org.hibernate.orm.results.loading.entity - (EntityResultInitializer) Done materializing entityInstance : org.frcpm.models.Subteam(959700011146100)#3
10:24:43.724 [main] DEBUG org.hibernate.orm.results.loading - Calling top-level assembler (0 / 1) : org.hibernate.sql.results.graph.entity.internal.EntityAssembler@7eef71ab
10:24:43.724 [main] DEBUG org.hibernate.orm.results - Extracted JDBC value [0] - [4]
10:24:43.724 [main] DEBUG org.hibernate.orm.results.loading.entity - (EntityResultInitializer) Hydrated EntityKey (org.frcpm.models.Subteam(959700011146100)): 4
10:24:43.724 [main] DEBUG org.hibernate.orm.results.loading.org.hibernate.orm.results.loading.collection - (DelayedCollectionInitializer) Current row collection key : org.frcpm.models.Subteam(959700011146100).members#4
10:24:43.724 [main] DEBUG org.hibernate.orm.results.loading.org.hibernate.orm.results.loading.collection - (DelayedCollectionInitializer) Current row collection key : org.frcpm.models.Subteam(959700011146100).subsystems#4
10:24:43.724 [main] DEBUG org.hibernate.orm.results.loading.entity - (EntityResultInitializer) Created new entity instance [org.frcpm.models.Subteam(959700011146100)#4] : 1278588167
10:24:43.724 [main] DEBUG org.hibernate.orm.results - Extracted JDBC value [1] - [#FF33A8]
10:24:43.724 [main] DEBUG org.hibernate.orm.results - Extracted JDBC value [2] - [Business]
10:24:43.724 [main] DEBUG org.hibernate.orm.results - Extracted JDBC value [3] - [Fundraising, Marketing, Outreach, Awards]
10:24:43.724 [main] DEBUG org.hibernate.orm.results.loading.entity - (EntityResultInitializer) Done materializing entityInstance : org.frcpm.models.Subteam(959700011146100)#4
10:24:43.724 [main] DEBUG org.hibernate.orm.results.loading - Calling top-level assembler (0 / 1) : org.hibernate.sql.results.graph.entity.internal.EntityAssembler@7eef71ab
10:24:43.724 [main] DEBUG org.hibernate.orm.results - Extracted JDBC value [0] - [24]
10:24:43.724 [main] DEBUG org.hibernate.orm.results.loading.entity - (EntityResultInitializer) Hydrated EntityKey (org.frcpm.models.Subteam(959700011146100)): 24
10:24:43.724 [main] DEBUG org.hibernate.orm.results.loading.org.hibernate.orm.results.loading.collection - (DelayedCollectionInitializer) Current row collection key : org.frcpm.models.Subteam(959700011146100).members#24
10:24:43.724 [main] DEBUG org.hibernate.orm.results.loading.org.hibernate.orm.results.loading.collection - (DelayedCollectionInitializer) Current row collection key : org.frcpm.models.Subteam(959700011146100).subsystems#24
10:24:43.724 [main] DEBUG org.hibernate.orm.results.loading.entity - (EntityResultInitializer) Created new entity instance [org.frcpm.models.Subteam(959700011146100)#24] : 1315895727
10:24:43.724 [main] DEBUG org.hibernate.orm.results - Extracted JDBC value [1] - [#0000FF]
10:24:43.724 [main] DEBUG org.hibernate.orm.results - Extracted JDBC value [2] - [Test Count Subteam]
10:24:43.724 [main] DEBUG org.hibernate.orm.results - Extracted JDBC value [3] - [null]
10:24:43.724 [main] DEBUG org.hibernate.orm.results.loading.entity - (EntityResultInitializer) Done materializing entityInstance : org.frcpm.models.Subteam(959700011146100)#24
10:24:43.724 [main] DEBUG org.hibernate.orm.results.loading - Calling top-level assembler (0 / 1) : org.hibernate.sql.results.graph.entity.internal.EntityAssembler@7eef71ab
10:24:43.724 [main] DEBUG org.hibernate.orm.results - Extracted JDBC value [0] - [27]
10:24:43.724 [main] DEBUG org.hibernate.orm.results.loading.entity - (EntityResultInitializer) Hydrated EntityKey (org.frcpm.models.Subteam(959700011146100)): 27
10:24:43.724 [main] DEBUG org.hibernate.orm.results.loading.org.hibernate.orm.results.loading.collection - (DelayedCollectionInitializer) Current row collection key : org.frcpm.models.Subteam(959700011146100).members#27
10:24:43.724 [main] DEBUG org.hibernate.orm.results.loading.org.hibernate.orm.results.loading.collection - (DelayedCollectionInitializer) Current row collection key : org.frcpm.models.Subteam(959700011146100).subsystems#27
10:24:43.724 [main] DEBUG org.hibernate.orm.results.loading.entity - (EntityResultInitializer) Created new entity instance [org.frcpm.models.Subteam(959700011146100)#27] : 123103912
10:24:43.724 [main] DEBUG org.hibernate.orm.results - Extracted JDBC value [1] - [#0000FF]
10:24:43.724 [main] DEBUG org.hibernate.orm.results - Extracted JDBC value [2] - [Test Save Subteam]
10:24:43.724 [main] DEBUG org.hibernate.orm.results - Extracted JDBC value [3] - [Testing]
10:24:43.724 [main] DEBUG org.hibernate.orm.results.loading.entity - (EntityResultInitializer) Done materializing entityInstance : org.frcpm.models.Subteam(959700011146100)#27
10:24:43.724 [main] DEBUG org.hibernate.orm.results.loading - Calling top-level assembler (0 / 1) : org.hibernate.sql.results.graph.entity.internal.EntityAssembler@7eef71ab
10:24:43.724 [main] DEBUG org.hibernate.orm.results - Extracted JDBC value [0] - [42]
10:24:43.724 [main] DEBUG org.hibernate.orm.results.loading.entity - (EntityResultInitializer) Hydrated EntityKey (org.frcpm.models.Subteam(959700011146100)): 42
10:24:43.724 [main] DEBUG org.hibernate.orm.results.loading.org.hibernate.orm.results.loading.collection - (DelayedCollectionInitializer) Current row collection key : org.frcpm.models.Subteam(959700011146100).members#42
10:24:43.724 [main] DEBUG org.hibernate.orm.results.loading.org.hibernate.orm.results.loading.collection - (DelayedCollectionInitializer) Current row collection key : org.frcpm.models.Subteam(959700011146100).subsystems#42
10:24:43.724 [main] DEBUG org.hibernate.orm.results.loading.entity - (EntityResultInitializer) Created new entity instance [org.frcpm.models.Subteam(959700011146100)#42] : 573608414
10:24:43.724 [main] DEBUG org.hibernate.orm.results - Extracted JDBC value [1] - [#00FFFF]
10:24:43.724 [main] DEBUG org.hibernate.orm.results - Extracted JDBC value [2] - [Updated Subteam Name]
10:24:43.724 [main] DEBUG org.hibernate.orm.results - Extracted JDBC value [3] - [null]
10:24:43.724 [main] DEBUG org.hibernate.orm.results.loading.entity - (EntityResultInitializer) Done materializing entityInstance : org.frcpm.models.Subteam(959700011146100)#42
10:24:43.724 [main] DEBUG org.hibernate.orm.results.loading - Calling top-level assembler (0 / 1) : org.hibernate.sql.results.graph.entity.internal.EntityAssembler@7eef71ab
10:24:43.724 [main] DEBUG org.hibernate.orm.results - Extracted JDBC value [0] - [67]
10:24:43.724 [main] DEBUG org.hibernate.orm.results.loading.entity - (EntityResultInitializer) Hydrated EntityKey (org.frcpm.models.Subteam(959700011146100)): 67
10:24:43.724 [main] DEBUG org.hibernate.orm.results.loading.org.hibernate.orm.results.loading.collection - (DelayedCollectionInitializer) Current row collection key : org.frcpm.models.Subteam(959700011146100).members#67
10:24:43.724 [main] DEBUG org.hibernate.orm.results.loading.org.hibernate.orm.results.loading.collection - (DelayedCollectionInitializer) Current row collection key : org.frcpm.models.Subteam(959700011146100).subsystems#67
10:24:43.724 [main] DEBUG org.hibernate.orm.results.loading.entity - (EntityResultInitializer) Created new entity instance [org.frcpm.models.Subteam(959700011146100)#67] : 1206854843
10:24:43.724 [main] DEBUG org.hibernate.orm.results - Extracted JDBC value [1] - [#0000FF]
10:24:43.724 [main] DEBUG org.hibernate.orm.results - Extracted JDBC value [2] - [Test Create Service Subteam]
10:24:43.724 [main] DEBUG org.hibernate.orm.results - Extracted JDBC value [3] - [Testing, Quality Assurance]
10:24:43.724 [main] DEBUG org.hibernate.orm.results.loading.entity - (EntityResultInitializer) Done materializing entityInstance : org.frcpm.models.Subteam(959700011146100)#67
10:24:43.724 [main] DEBUG org.hibernate.orm.results.loading - Calling top-level assembler (0 / 1) : org.hibernate.sql.results.graph.entity.internal.EntityAssembler@7eef71ab
10:24:43.724 [main] DEBUG org.hibernate.orm.results - Extracted JDBC value [0] - [70]
10:24:43.724 [main] DEBUG org.hibernate.orm.results.loading.entity - (EntityResultInitializer) Hydrated EntityKey (org.frcpm.models.Subteam(959700011146100)): 70
10:24:43.724 [main] DEBUG org.hibernate.orm.results.loading.org.hibernate.orm.results.loading.collection - (DelayedCollectionInitializer) Current row collection key : org.frcpm.models.Subteam(959700011146100).members#70
10:24:43.724 [main] DEBUG org.hibernate.orm.results.loading.org.hibernate.orm.results.loading.collection - (DelayedCollectionInitializer) Current row collection key : org.frcpm.models.Subteam(959700011146100).subsystems#70
10:24:43.724 [main] DEBUG org.hibernate.orm.results.loading.entity - (EntityResultInitializer) Created new entity instance [org.frcpm.models.Subteam(959700011146100)#70] : 617454737
10:24:43.724 [main] DEBUG org.hibernate.orm.results - Extracted JDBC value [1] - [#00FFFF]
10:24:43.724 [main] DEBUG org.hibernate.orm.results - Extracted JDBC value [2] - [Test Color Update Subteam]
10:24:43.724 [main] DEBUG org.hibernate.orm.results - Extracted JDBC value [3] - [Specialties]
10:24:43.724 [main] DEBUG org.hibernate.orm.results.loading.entity - (EntityResultInitializer) Done materializing entityInstance : org.frcpm.models.Subteam(959700011146100)#70
10:24:43.724 [main] DEBUG org.hibernate.orm.results.loading - Calling top-level assembler (0 / 1) : org.hibernate.sql.results.graph.entity.internal.EntityAssembler@7eef71ab
10:24:43.724 [main] DEBUG org.hibernate.orm.results - Extracted JDBC value [0] - [79]
10:24:43.724 [main] DEBUG org.hibernate.orm.results.loading.entity - (EntityResultInitializer) Hydrated EntityKey (org.frcpm.models.Subteam(959700011146100)): 79
10:24:43.724 [main] DEBUG org.hibernate.orm.results.loading.org.hibernate.orm.results.loading.collection - (DelayedCollectionInitializer) Current row collection key : org.frcpm.models.Subteam(959700011146100).members#79
10:24:43.724 [main] DEBUG org.hibernate.orm.results.loading.org.hibernate.orm.results.loading.collection - (DelayedCollectionInitializer) Current row collection key : org.frcpm.models.Subteam(959700011146100).subsystems#79
10:24:43.724 [main] DEBUG org.hibernate.orm.results.loading.entity - (EntityResultInitializer) Created new entity instance [org.frcpm.models.Subteam(959700011146100)#79] : 1367643286
10:24:43.724 [main] DEBUG org.hibernate.orm.results - Extracted JDBC value [1] - [#0000FF]
10:24:43.724 [main] DEBUG org.hibernate.orm.results - Extracted JDBC value [2] - [Test Update Subteam]
10:24:43.724 [main] DEBUG org.hibernate.orm.results - Extracted JDBC value [3] - [Updated Specialties]
10:24:43.724 [main] DEBUG org.hibernate.orm.results.loading.entity - (EntityResultInitializer) Done materializing entityInstance : org.frcpm.models.Subteam(959700011146100)#79
10:24:43.724 [main] DEBUG org.hibernate.orm.results.loading - Calling top-level assembler (0 / 1) : org.hibernate.sql.results.graph.entity.internal.EntityAssembler@7eef71ab
10:24:43.724 [main] DEBUG org.hibernate.orm.results - Extracted JDBC value [0] - [87]
10:24:43.724 [main] DEBUG org.hibernate.orm.results.loading.entity - (EntityResultInitializer) Hydrated EntityKey (org.frcpm.models.Subteam(959700011146100)): 87
10:24:43.724 [main] DEBUG org.hibernate.orm.results.loading.org.hibernate.orm.results.loading.collection - (DelayedCollectionInitializer) Current row collection key : org.frcpm.models.Subteam(959700011146100).members#87
10:24:43.724 [main] DEBUG org.hibernate.orm.results.loading.org.hibernate.orm.results.loading.collection - (DelayedCollectionInitializer) Current row collection key : org.frcpm.models.Subteam(959700011146100).subsystems#87
10:24:43.724 [main] DEBUG org.hibernate.orm.results.loading.entity - (EntityResultInitializer) Created new entity instance [org.frcpm.models.Subteam(959700011146100)#87] : 1900012461
10:24:43.724 [main] DEBUG org.hibernate.orm.results - Extracted JDBC value [1] - [#0000FF]
10:24:43.724 [main] DEBUG org.hibernate.orm.results - Extracted JDBC value [2] - [Duplicate Name Subteam]
10:24:43.724 [main] DEBUG org.hibernate.orm.results - Extracted JDBC value [3] - [Specialties]
10:24:43.724 [main] DEBUG org.hibernate.orm.results.loading.entity - (EntityResultInitializer) Done materializing entityInstance : org.frcpm.models.Subteam(959700011146100)#87
10:24:43.724 [main] DEBUG org.hibernate.orm.results.loading - Calling top-level assembler (0 / 1) : org.hibernate.sql.results.graph.entity.internal.EntityAssembler@7eef71ab
10:24:43.724 [main] DEBUG org.hibernate.orm.results - Extracted JDBC value [0] - [115]
10:24:43.724 [main] DEBUG org.hibernate.orm.results.loading.entity - (EntityResultInitializer) Hydrated EntityKey (org.frcpm.models.Subteam(959700011146100)): 115
10:24:43.724 [main] DEBUG org.hibernate.orm.results.loading.org.hibernate.orm.results.loading.collection - (DelayedCollectionInitializer) Current row collection key : org.frcpm.models.Subteam(959700011146100).members#115
10:24:43.724 [main] DEBUG org.hibernate.orm.results.loading.org.hibernate.orm.results.loading.collection - (DelayedCollectionInitializer) Current row collection key : org.frcpm.models.Subteam(959700011146100).subsystems#115
10:24:43.724 [main] DEBUG org.hibernate.orm.results.loading.entity - (EntityResultInitializer) Created new entity instance [org.frcpm.models.Subteam(959700011146100)#115] : 925933730
10:24:43.724 [main] DEBUG org.hibernate.orm.results - Extracted JDBC value [1] - [#0000FF]
10:24:43.724 [main] DEBUG org.hibernate.orm.results - Extracted JDBC value [2] - [Test Count Subteam]
10:24:43.724 [main] DEBUG org.hibernate.orm.results - Extracted JDBC value [3] - [null]
10:24:43.724 [main] DEBUG org.hibernate.orm.results.loading.entity - (EntityResultInitializer) Done materializing entityInstance : org.frcpm.models.Subteam(959700011146100)#115
10:24:43.724 [main] DEBUG org.hibernate.orm.results.loading - Calling top-level assembler (0 / 1) : org.hibernate.sql.results.graph.entity.internal.EntityAssembler@7eef71ab
10:24:43.724 [main] DEBUG org.hibernate.orm.results - Extracted JDBC value [0] - [116]
10:24:43.724 [main] DEBUG org.hibernate.orm.results.loading.entity - (EntityResultInitializer) Hydrated EntityKey (org.frcpm.models.Subteam(959700011146100)): 116
10:24:43.724 [main] DEBUG org.hibernate.orm.results.loading.org.hibernate.orm.results.loading.collection - (DelayedCollectionInitializer) Current row collection key : org.frcpm.models.Subteam(959700011146100).members#116
10:24:43.724 [main] DEBUG org.hibernate.orm.results.loading.org.hibernate.orm.results.loading.collection - (DelayedCollectionInitializer) Current row collection key : org.frcpm.models.Subteam(959700011146100).subsystems#116
10:24:43.724 [main] DEBUG org.hibernate.orm.results.loading.entity - (EntityResultInitializer) Created new entity instance [org.frcpm.models.Subteam(959700011146100)#116] : 1268648550
10:24:43.724 [main] DEBUG org.hibernate.orm.results - Extracted JDBC value [1] - [#FF0000]
10:24:43.724 [main] DEBUG org.hibernate.orm.results - Extracted JDBC value [2] - [Test Subteam 1]
10:24:43.724 [main] DEBUG org.hibernate.orm.results - Extracted JDBC value [3] - [Java, Programming, Controls]
10:24:43.724 [main] DEBUG org.hibernate.orm.results.loading.entity - (EntityResultInitializer) Done materializing entityInstance : org.frcpm.models.Subteam(959700011146100)#116
10:24:43.724 [main] DEBUG org.hibernate.orm.results.loading - Calling top-level assembler (0 / 1) : org.hibernate.sql.results.graph.entity.internal.EntityAssembler@7eef71ab
10:24:43.724 [main] DEBUG org.hibernate.orm.results - Extracted JDBC value [0] - [117]
10:24:43.724 [main] DEBUG org.hibernate.orm.results.loading.entity - (EntityResultInitializer) Hydrated EntityKey (org.frcpm.models.Subteam(959700011146100)): 117
10:24:43.724 [main] DEBUG org.hibernate.orm.results.loading.org.hibernate.orm.results.loading.collection - (DelayedCollectionInitializer) Current row collection key : org.frcpm.models.Subteam(959700011146100).members#117
10:24:43.724 [main] DEBUG org.hibernate.orm.results.loading.org.hibernate.orm.results.loading.collection - (DelayedCollectionInitializer) Current row collection key : org.frcpm.models.Subteam(959700011146100).subsystems#117
10:24:43.724 [main] DEBUG org.hibernate.orm.results.loading.entity - (EntityResultInitializer) Created new entity instance [org.frcpm.models.Subteam(959700011146100)#117] : 710088991
10:24:43.724 [main] DEBUG org.hibernate.orm.results - Extracted JDBC value [1] - [#00FF00]
10:24:43.724 [main] DEBUG org.hibernate.orm.results - Extracted JDBC value [2] - [Test Subteam 2]
10:24:43.724 [main] DEBUG org.hibernate.orm.results - Extracted JDBC value [3] - [CAD, Design, Fabrication]
10:24:43.724 [main] DEBUG org.hibernate.orm.results.loading.entity - (EntityResultInitializer) Done materializing entityInstance : org.frcpm.models.Subteam(959700011146100)#117
10:24:43.724 [main] DEBUG org.hibernate.orm.results.loading - Calling top-level assembler (0 / 1) : org.hibernate.sql.results.graph.entity.internal.EntityAssembler@7eef71ab
10:24:43.724 [main] DEBUG org.hibernate.orm.results - Extracted JDBC value [0] - [118]
10:24:43.724 [main] DEBUG org.hibernate.orm.results.loading.entity - (EntityResultInitializer) Hydrated EntityKey (org.frcpm.models.Subteam(959700011146100)): 118
10:24:43.724 [main] DEBUG org.hibernate.orm.results.loading.org.hibernate.orm.results.loading.collection - (DelayedCollectionInitializer) Current row collection key : org.frcpm.models.Subteam(959700011146100).members#118
10:24:43.724 [main] DEBUG org.hibernate.orm.results.loading.org.hibernate.orm.results.loading.collection - (DelayedCollectionInitializer) Current row collection key : org.frcpm.models.Subteam(959700011146100).subsystems#118
10:24:43.724 [main] DEBUG org.hibernate.orm.results.loading.entity - (EntityResultInitializer) Created new entity instance [org.frcpm.models.Subteam(959700011146100)#118] : 998993523
10:24:43.724 [main] DEBUG org.hibernate.orm.results - Extracted JDBC value [1] - [#0000FF]
10:24:43.724 [main] DEBUG org.hibernate.orm.results - Extracted JDBC value [2] - [Test Save Subteam]
10:24:43.724 [main] DEBUG org.hibernate.orm.results - Extracted JDBC value [3] - [Testing]
10:24:43.725 [main] DEBUG org.hibernate.orm.results.loading.entity - (EntityResultInitializer) Done materializing entityInstance : org.frcpm.models.Subteam(959700011146100)#118
10:24:43.725 [main] DEBUG org.hibernate.orm.results.loading - Calling top-level assembler (0 / 1) : org.hibernate.sql.results.graph.entity.internal.EntityAssembler@7eef71ab
10:24:43.725 [main] DEBUG org.hibernate.resource.jdbc.internal.LogicalConnectionManagedImpl - Initiating JDBC connection release from afterTransaction
10:24:43.725 [main] DEBUG org.hibernate.resource.jdbc.internal.LogicalConnectionManagedImpl - Initiating JDBC connection release from afterTransaction
10:24:43.725 [main] DEBUG org.hibernate.engine.transaction.internal.TransactionImpl - On TransactionImpl creation, JpaCompliance#isJpaTransactionComplianceEnabled == false
10:24:43.725 [main] DEBUG org.hibernate.engine.transaction.internal.TransactionImpl - begin
10:24:43.726 [main] DEBUG org.hibernate.orm.sql.ast.create - Created new SQL alias : s1_0
10:24:43.726 [main] DEBUG org.hibernate.orm.sql.ast.create - Registration of TableGroup [StandardTableGroup(org.frcpm.models.Subteam)] with identifierForTableGroup [org.frcpm.models.Subteam] for NavigablePath [org.frcpm.models.Subteam] 
10:24:43.726 [main] DEBUG org.hibernate.orm.sql.ast.create - Created new SQL alias : m1_0
10:24:43.726 [main] DEBUG org.hibernate.orm.sql.ast.create - Registration of TableGroup [org.hibernate.sql.ast.tree.from.OneToManyTableGroup@3cd01ee1] with identifierForTableGroup [org.frcpm.models.Subteam.members] for NavigablePath [org.frcpm.models.Subteam.members] 
10:24:43.726 [main] DEBUG org.hibernate.orm.sql.ast.create - Registration of TableGroup [StandardTableGroup(org.frcpm.models.Subteam.members.{element})] with identifierForTableGroup [org.frcpm.models.Subteam.members.{element}] for NavigablePath [org.frcpm.models.Subteam.members.{element}] 
10:24:43.727 [main] DEBUG org.hibernate.orm.results.graph.AST - DomainResult Graph:
 \-EntityResultImpl [org.frcpm.models.Subteam]
 |  +-BasicFetch [org.frcpm.models.Subteam.colorCode]
 |  +-EagerCollectionFetch [org.frcpm.models.Subteam.members]
 |  |  \-EntityFetchJoinedImpl [org.frcpm.models.Subteam.members.{element}]
 |  +-BasicFetch [org.frcpm.models.Subteam.name]
 |  +-BasicFetch [org.frcpm.models.Subteam.specialties]
 |  \-DelayedCollectionFetch [org.frcpm.models.Subteam.subsystems]

10:24:43.727 [main] DEBUG org.hibernate.orm.sql.ast.tree - SQL AST Tree:
    SelectStatement {
      FromClause {
        StandardTableGroup (s1 : org.frcpm.models.Subteam) {
          primaryTableReference : subteams as s1_0
          TableGroupJoins {
            left  join OneToManyTableGroup (m1 : org.frcpm.models.Subteam.members) {
              primaryTableReference : team_members as m1_0
            }
          }
        }
      }
    }

10:24:43.727 [main] DEBUG org.hibernate.orm.sql.exec - Skipping reading Query result cache data: cache-enabled = false, cache-mode = IGNORE
10:24:43.727 [main] DEBUG org.hibernate.orm.results - Initializer list:
	  org.frcpm.models.Subteam.members.{element}.assignedTasks -> DelayedCollectionInitializer(org.frcpm.models.Subteam.members.{element}.assignedTasks)@1541154823 (PluralAttribute(org.frcpm.models.TeamMember.assignedTasks))
	  org.frcpm.models.Subteam.members.{element} -> EntityJoinedFetchInitializer(org.frcpm.models.Subteam.members.{element})@2014817141 (EntityCollectionPart(org.frcpm.models.Subteam.members#{element})@1141675392)
	  org.frcpm.models.Subteam.members -> BagInitializer(org.frcpm.models.Subteam.members)@1683920547 (PluralAttribute(org.frcpm.models.Subteam.members))
	  org.frcpm.models.Subteam.members.{element}.attendances -> SelectEagerCollectionInitializer(org.frcpm.models.Subteam.members.{element}.attendances)@1584928319 (PluralAttribute(org.frcpm.models.TeamMember.attendances))
	  org.frcpm.models.Subteam.subsystems -> DelayedCollectionInitializer(org.frcpm.models.Subteam.subsystems)@468796038 (PluralAttribute(org.frcpm.models.Subteam.subsystems))
	  org.frcpm.models.Subteam -> EntityResultInitializer(org.frcpm.models.Subteam)@997291245 (SingleTableEntityPersister(org.frcpm.models.Subteam))

10:24:43.727 [main] DEBUG org.hibernate.SQL - select s1_0.id,s1_0.color_code,s1_0.name,s1_0.specialties,m1_0.subteam_id,m1_0.id,m1_0.email,m1_0.first_name,m1_0.last_name,m1_0.is_leader,m1_0.phone,m1_0.skills,m1_0.username from subteams s1_0 left join team_members m1_0 on s1_0.id=m1_0.subteam_id where s1_0.id=?
10:24:43.728 [main] DEBUG org.hibernate.orm.results.loading.entity - (EntityResultInitializer) Hydrated EntityKey (org.frcpm.models.Subteam): 116
10:24:43.728 [main] DEBUG org.hibernate.orm.results.loading.org.hibernate.orm.results.loading.collection - (BagInitializer) Current row collection key : org.frcpm.models.Subteam.members#116
10:24:43.728 [main] DEBUG org.hibernate.orm.results - Extracted JDBC value [4] - [null]
10:24:43.728 [main] DEBUG org.hibernate.orm.results - Extracted JDBC value [5] - [null]
10:24:43.728 [main] DEBUG org.hibernate.orm.results.loading.entity - (EntityJoinedFetchInitializer) EntityKey (org.frcpm.models.Subteam.members.{element}) is null
10:24:43.728 [main] DEBUG org.hibernate.orm.results.loading.org.hibernate.orm.results.loading.collection - (DelayedCollectionInitializer) Current row collection key : org.frcpm.models.Subteam.subsystems#116
10:24:43.728 [main] DEBUG org.hibernate.orm.results.loading.entity - (EntityResultInitializer) Created new entity instance [org.frcpm.models.Subteam#116] : 615097681
10:24:43.728 [main] DEBUG org.hibernate.orm.results.loading.org.hibernate.orm.results.loading.collection - (BagInitializer) Created new collection wrapper [org.frcpm.models.Subteam.members#116] : org.hibernate.collection.spi.PersistentBag@349137717
10:24:43.728 [main] DEBUG org.hibernate.orm.results.loading.org.hibernate.orm.results.loading.collection - (BagInitializer) Responsible for loading collection [org.frcpm.models.Subteam.members#116] : org.hibernate.collection.spi.PersistentBag@349137717
10:24:43.728 [main] DEBUG org.hibernate.orm.results - Extracted JDBC value [1] - [#FF0000]
10:24:43.728 [main] DEBUG org.hibernate.orm.results - Extracted JDBC value [2] - [Test Subteam 1]
10:24:43.728 [main] DEBUG org.hibernate.orm.results - Extracted JDBC value [3] - [Java, Programming, Controls]
10:24:43.728 [main] DEBUG org.hibernate.orm.results.loading.entity - (EntityResultInitializer) Done materializing entityInstance : org.frcpm.models.Subteam#116
10:24:43.728 [main] DEBUG org.hibernate.orm.results.loading - Calling top-level assembler (0 / 1) : org.hibernate.sql.results.graph.entity.internal.EntityAssembler@332a845f
10:24:43.728 [main] DEBUG org.hibernate.sql.results.internal.ResultsHelper - Collection fully initialized: [org.frcpm.models.Subteam.members#116]
10:24:43.728 [main] DEBUG org.hibernate.engine.transaction.internal.TransactionImpl - committing
10:24:43.728 [main] DEBUG org.hibernate.event.internal.AbstractFlushingEventListener - Processing flush-time cascades
10:24:43.728 [main] DEBUG org.hibernate.event.internal.AbstractFlushingEventListener - Dirty checking collections
10:24:43.728 [main] DEBUG org.hibernate.engine.internal.Collections - Collection dereferenced: [org.frcpm.models.Subteam.members#116]
10:24:43.728 [main] DEBUG org.hibernate.engine.internal.Collections - Collection dereferenced: [org.frcpm.models.Subteam.subsystems#116]
10:24:43.728 [main] DEBUG org.hibernate.event.internal.AbstractFlushingEventListener - Flushed: 0 insertions, 0 updates, 1 deletions to 1 objects
10:24:43.728 [main] DEBUG org.hibernate.event.internal.AbstractFlushingEventListener - Flushed: 0 (re)creations, 0 updates, 2 removals to 2 collections
10:24:43.728 [main] DEBUG org.hibernate.internal.util.EntityPrinter - Listing entities:
10:24:43.728 [main] DEBUG org.hibernate.internal.util.EntityPrinter - org.frcpm.models.Subteam{specialties=Java, Programming, Controls, members=[], name=Test Subteam 1, colorCode=#FF0000, id=116, subsystems=<uninitialized>}
10:24:43.728 [main] DEBUG org.hibernate.SQL - delete from subteams where id=?
10:24:43.729 [main] DEBUG org.hibernate.orm.jdbc.batch - PreparedStatementDetails did not contain PreparedStatement on #releaseStatements : delete from subteams where id=?
10:24:43.729 [main] DEBUG org.hibernate.orm.jdbc.batch - PreparedStatementDetails did not contain PreparedStatement on #releaseStatements : delete from subteams where id=?
10:24:43.729 [main] DEBUG org.hibernate.resource.jdbc.internal.LogicalConnectionManagedImpl - Initiating JDBC connection release from afterTransaction
10:24:43.729 [main] DEBUG org.hibernate.orm.jdbc.batch - PreparedStatementDetails did not contain PreparedStatement on #releaseStatements : delete from subteams where id=?
10:24:43.729 [main] DEBUG org.hibernate.orm.jdbc.batch - PreparedStatementDetails did not contain PreparedStatement on #releaseStatements : delete from subteams where id=?
10:24:43.729 [main] DEBUG org.hibernate.resource.jdbc.internal.LogicalConnectionManagedImpl - Initiating JDBC connection release from afterTransaction
10:24:43.729 [main] DEBUG org.hibernate.engine.jdbc.internal.JdbcCoordinatorImpl - HHH000420: Closing un-released batch
10:24:43.729 [main] DEBUG org.hibernate.orm.jdbc.batch - PreparedStatementDetails did not contain PreparedStatement on #releaseStatements : delete from subteams where id=?
10:24:43.729 [main] DEBUG org.hibernate.orm.jdbc.batch - PreparedStatementDetails did not contain PreparedStatement on #releaseStatements : delete from subteams where id=?
10:24:43.729 [main] DEBUG org.hibernate.engine.transaction.internal.TransactionImpl - On TransactionImpl creation, JpaCompliance#isJpaTransactionComplianceEnabled == false
10:24:43.729 [main] DEBUG org.hibernate.engine.transaction.internal.TransactionImpl - begin
10:24:43.730 [main] DEBUG org.hibernate.orm.sql.exec - Skipping reading Query result cache data: cache-enabled = false, cache-mode = IGNORE
10:24:43.730 [main] DEBUG org.hibernate.orm.results - Initializer list:
	  org.frcpm.models.Subteam.members.{element}.assignedTasks -> DelayedCollectionInitializer(org.frcpm.models.Subteam.members.{element}.assignedTasks)@901346024 (PluralAttribute(org.frcpm.models.TeamMember.assignedTasks))
	  org.frcpm.models.Subteam.members.{element} -> EntityJoinedFetchInitializer(org.frcpm.models.Subteam.members.{element})@117664955 (EntityCollectionPart(org.frcpm.models.Subteam.members#{element})@1141675392)
	  org.frcpm.models.Subteam.members -> BagInitializer(org.frcpm.models.Subteam.members)@1617692792 (PluralAttribute(org.frcpm.models.Subteam.members))
	  org.frcpm.models.Subteam.members.{element}.attendances -> SelectEagerCollectionInitializer(org.frcpm.models.Subteam.members.{element}.attendances)@999664175 (PluralAttribute(org.frcpm.models.TeamMember.attendances))
	  org.frcpm.models.Subteam.subsystems -> DelayedCollectionInitializer(org.frcpm.models.Subteam.subsystems)@1170579847 (PluralAttribute(org.frcpm.models.Subteam.subsystems))
	  org.frcpm.models.Subteam -> EntityResultInitializer(org.frcpm.models.Subteam)@1497328432 (SingleTableEntityPersister(org.frcpm.models.Subteam))

10:24:43.730 [main] DEBUG org.hibernate.SQL - select s1_0.id,s1_0.color_code,s1_0.name,s1_0.specialties,m1_0.subteam_id,m1_0.id,m1_0.email,m1_0.first_name,m1_0.last_name,m1_0.is_leader,m1_0.phone,m1_0.skills,m1_0.username from subteams s1_0 left join team_members m1_0 on s1_0.id=m1_0.subteam_id where s1_0.id=?
10:24:43.731 [main] DEBUG org.hibernate.orm.results.loading.entity - (EntityResultInitializer) Hydrated EntityKey (org.frcpm.models.Subteam): 117
10:24:43.731 [main] DEBUG org.hibernate.orm.results.loading.org.hibernate.orm.results.loading.collection - (BagInitializer) Current row collection key : org.frcpm.models.Subteam.members#117
10:24:43.731 [main] DEBUG org.hibernate.orm.results - Extracted JDBC value [4] - [null]
10:24:43.731 [main] DEBUG org.hibernate.orm.results - Extracted JDBC value [5] - [null]
10:24:43.731 [main] DEBUG org.hibernate.orm.results.loading.entity - (EntityJoinedFetchInitializer) EntityKey (org.frcpm.models.Subteam.members.{element}) is null
10:24:43.731 [main] DEBUG org.hibernate.orm.results.loading.org.hibernate.orm.results.loading.collection - (DelayedCollectionInitializer) Current row collection key : org.frcpm.models.Subteam.subsystems#117
10:24:43.731 [main] DEBUG org.hibernate.orm.results.loading.entity - (EntityResultInitializer) Created new entity instance [org.frcpm.models.Subteam#117] : 660849566
10:24:43.731 [main] DEBUG org.hibernate.orm.results.loading.org.hibernate.orm.results.loading.collection - (BagInitializer) Created new collection wrapper [org.frcpm.models.Subteam.members#117] : org.hibernate.collection.spi.PersistentBag@94849705
10:24:43.731 [main] DEBUG org.hibernate.orm.results.loading.org.hibernate.orm.results.loading.collection - (BagInitializer) Responsible for loading collection [org.frcpm.models.Subteam.members#117] : org.hibernate.collection.spi.PersistentBag@94849705
10:24:43.731 [main] DEBUG org.hibernate.orm.results - Extracted JDBC value [1] - [#00FF00]
10:24:43.731 [main] DEBUG org.hibernate.orm.results - Extracted JDBC value [2] - [Test Subteam 2]
10:24:43.731 [main] DEBUG org.hibernate.orm.results - Extracted JDBC value [3] - [CAD, Design, Fabrication]
10:24:43.731 [main] DEBUG org.hibernate.orm.results.loading.entity - (EntityResultInitializer) Done materializing entityInstance : org.frcpm.models.Subteam#117
10:24:43.731 [main] DEBUG org.hibernate.orm.results.loading - Calling top-level assembler (0 / 1) : org.hibernate.sql.results.graph.entity.internal.EntityAssembler@39d88ad
10:24:43.731 [main] DEBUG org.hibernate.sql.results.internal.ResultsHelper - Collection fully initialized: [org.frcpm.models.Subteam.members#117]
10:24:43.731 [main] DEBUG org.hibernate.engine.transaction.internal.TransactionImpl - committing
10:24:43.731 [main] DEBUG org.hibernate.event.internal.AbstractFlushingEventListener - Processing flush-time cascades
10:24:43.731 [main] DEBUG org.hibernate.event.internal.AbstractFlushingEventListener - Dirty checking collections
10:24:43.731 [main] DEBUG org.hibernate.engine.internal.Collections - Collection dereferenced: [org.frcpm.models.Subteam.members#117]
10:24:43.731 [main] DEBUG org.hibernate.engine.internal.Collections - Collection dereferenced: [org.frcpm.models.Subteam.subsystems#117]
10:24:43.731 [main] DEBUG org.hibernate.event.internal.AbstractFlushingEventListener - Flushed: 0 insertions, 0 updates, 1 deletions to 1 objects
10:24:43.731 [main] DEBUG org.hibernate.event.internal.AbstractFlushingEventListener - Flushed: 0 (re)creations, 0 updates, 2 removals to 2 collections
10:24:43.731 [main] DEBUG org.hibernate.internal.util.EntityPrinter - Listing entities:
10:24:43.731 [main] DEBUG org.hibernate.internal.util.EntityPrinter - org.frcpm.models.Subteam{specialties=CAD, Design, Fabrication, members=[], name=Test Subteam 2, colorCode=#00FF00, id=117, subsystems=<uninitialized>}
10:24:43.732 [main] DEBUG org.hibernate.SQL - delete from subteams where id=?
10:24:43.733 [main] DEBUG org.hibernate.orm.jdbc.batch - PreparedStatementDetails did not contain PreparedStatement on #releaseStatements : delete from subteams where id=?
10:24:43.733 [main] DEBUG org.hibernate.orm.jdbc.batch - PreparedStatementDetails did not contain PreparedStatement on #releaseStatements : delete from subteams where id=?
10:24:43.733 [main] DEBUG org.hibernate.resource.jdbc.internal.LogicalConnectionManagedImpl - Initiating JDBC connection release from afterTransaction
10:24:43.733 [main] DEBUG org.hibernate.orm.jdbc.batch - PreparedStatementDetails did not contain PreparedStatement on #releaseStatements : delete from subteams where id=?
10:24:43.733 [main] DEBUG org.hibernate.orm.jdbc.batch - PreparedStatementDetails did not contain PreparedStatement on #releaseStatements : delete from subteams where id=?
10:24:43.733 [main] DEBUG org.hibernate.resource.jdbc.internal.LogicalConnectionManagedImpl - Initiating JDBC connection release from afterTransaction
10:24:43.733 [main] DEBUG org.hibernate.engine.jdbc.internal.JdbcCoordinatorImpl - HHH000420: Closing un-released batch
10:24:43.733 [main] DEBUG org.hibernate.orm.jdbc.batch - PreparedStatementDetails did not contain PreparedStatement on #releaseStatements : delete from subteams where id=?
10:24:43.733 [main] DEBUG org.hibernate.orm.jdbc.batch - PreparedStatementDetails did not contain PreparedStatement on #releaseStatements : delete from subteams where id=?
10:24:43.733 [main] DEBUG org.hibernate.internal.SessionFactoryImpl - HHH000031: Closing
10:24:43.733 [main] DEBUG org.hibernate.type.spi.TypeConfiguration$Scope - Un-scoping TypeConfiguration [org.hibernate.type.spi.TypeConfiguration$Scope@5963383] from SessionFactory [org.hibernate.internal.SessionFactoryImpl@7ed1e96b]
10:24:43.733 [main] DEBUG org.hibernate.service.internal.AbstractServiceRegistryImpl - Implicitly destroying ServiceRegistry on de-registration of all child ServiceRegistries
10:24:43.733 [main] INFO com.zaxxer.hikari.HikariDataSource - FRC-PM-HikariCP - Shutdown initiated...
10:24:43.733 [main] DEBUG com.zaxxer.hikari.pool.HikariPool - FRC-PM-HikariCP - Before shutdown stats (total=1, active=0, idle=1, waiting=0)
10:24:43.742 [FRC-PM-HikariCP connection closer] DEBUG com.zaxxer.hikari.pool.PoolBase - FRC-PM-HikariCP - Closing connection conn119: url=jdbc:h2:file:C:\Users\dhiebert\.frcpm\frcpm user=SA: (connection evicted)
10:24:43.967 [main] DEBUG com.zaxxer.hikari.pool.HikariPool - FRC-PM-HikariCP - After shutdown stats (total=0, active=0, idle=0, waiting=0)
10:24:43.967 [main] INFO com.zaxxer.hikari.HikariDataSource - FRC-PM-HikariCP - Shutdown completed.
10:24:43.967 [main] DEBUG org.hibernate.boot.registry.internal.BootstrapServiceRegistryImpl - Implicitly destroying Boot-strap registry on de-registration of all child ServiceRegistries
]]></system-out>
    <system-err><![CDATA[Apr 25, 2025 10:24:43 AM org.frcpm.config.DatabaseConfig initialize
INFO: Initializing database configuration...
Apr 25, 2025 10:24:43 AM org.frcpm.config.DatabaseConfig initialize
INFO: Using FILE-BASED database at: file:C:\Users\dhiebert\.frcpm\frcpm
Apr 25, 2025 10:24:43 AM org.frcpm.config.DatabaseConfig initialize
INFO: Using JDBC URL: jdbc:h2:file:C:\Users\dhiebert\.frcpm\frcpm
Apr 25, 2025 10:24:43 AM org.frcpm.config.DatabaseConfig initialize
INFO: Using schema mode: update
Apr 25, 2025 10:24:43 AM org.frcpm.config.DatabaseConfig initialize
INFO: Database configuration initialized successfully in PRODUCTION mode
Apr 25, 2025 10:24:43 AM org.frcpm.config.DatabaseConfig shutdown
INFO: Database configuration shut down
]]></system-err>
  </testcase>
  <testcase name="testFindByName" classname="org.frcpm.repositories.SubteamRepositoryTest" time="0.337">
    <system-out><![CDATA[10:24:43.972 [main] DEBUG org.hibernate.jpa.HibernatePersistenceProvider - Located and parsed 1 persistence units; checking each
10:24:43.972 [main] DEBUG org.hibernate.jpa.HibernatePersistenceProvider - Checking persistence-unit [name=frcpm, explicit-provider=org.hibernate.jpa.HibernatePersistenceProvider] against incoming persistence unit name [frcpm]
10:24:43.972 [main] DEBUG org.hibernate.jpa.boot.spi.ProviderChecker - Persistence-unit [frcpm] requested PersistenceProvider [org.hibernate.jpa.HibernatePersistenceProvider]
10:24:43.972 [main] DEBUG org.hibernate.jpa.internal.util.LogHelper - PersistenceUnitInfo [
	name: frcpm
	persistence provider classname: org.hibernate.jpa.HibernatePersistenceProvider
	classloader: null
	excludeUnlistedClasses: false
	JTA datasource: null
	Non JTA datasource: null
	Transaction type: RESOURCE_LOCAL
	PU root URL: file:/C:/Users/dhiebert/Local%20Repositories/Project%20Management%202.0/target/classes
	Shared Cache Mode: null
	Validation Mode: null
	Jar files URLs []
	Managed classes names [
		org.frcpm.models.Project
		org.frcpm.models.Subteam
		org.frcpm.models.TeamMember
		org.frcpm.models.Subsystem
		org.frcpm.models.Task
		org.frcpm.models.Component
		org.frcpm.models.Meeting
		org.frcpm.models.Attendance
		org.frcpm.models.Milestone]
	Mapping files names []
	Properties [
		hibernate.connection.handling_mode: DELAYED_ACQUISITION_AND_RELEASE_AFTER_STATEMENT
		jakarta.persistence.jdbc.url: jdbc:h2:file:C:\Users\dhiebert\.frcpm\frcpm
		hibernate.jdbc.batch_versioned_data: null
		hibernate.cache.use_second_level_cache: null
		hibernate.show_sql: null
		jakarta.persistence.jdbc.driver: org.h2.Driver
		hibernate.jdbc.batch_size: 30
		jakarta.persistence.jdbc.user: sa
		hibernate.generate_statistics: null
		hibernate.hbm2ddl.auto: update
		hibernate.cache.use_query_cache: null
		hibernate.hikari.maximumPoolSize: 10
		hibernate.hikari.idleTimeout: 30000
		hibernate.format_sql: null
		hibernate.hikari.minimumIdle: 2
		hibernate.use_sql_comments: null
		hibernate.order_inserts: null
		hibernate.current_session_context_class: thread
		hibernate.connection.provider_class: org.hibernate.hikaricp.internal.HikariCPConnectionProvider
		hibernate.hikari.connectionTimeout: 10000
		hibernate.hikari.poolName: FRC-PM-HikariCP
		hibernate.order_updates: null
		hibernate.dialect: org.hibernate.dialect.H2Dialect
		jakarta.persistence.jdbc.password: ]
10:24:43.972 [main] DEBUG org.hibernate.integrator.internal.IntegratorServiceImpl - Adding Integrator [org.hibernate.boot.beanvalidation.BeanValidationIntegrator].
10:24:43.972 [main] DEBUG org.hibernate.integrator.internal.IntegratorServiceImpl - Adding Integrator [org.hibernate.cache.internal.CollectionCacheInvalidator].
10:24:43.974 [main] DEBUG org.hibernate.orm.idgen.factory - Ignoring CDI for resolving IdentifierGenerator instances as extended or delayed CDI support was enabled
10:24:43.975 [main] DEBUG org.hibernate.orm.idgen.factory - Registering IdentifierGenerator strategy [uuid2] -> [org.hibernate.id.UUIDGenerator]
10:24:43.975 [main] DEBUG org.hibernate.orm.idgen.factory - Registering IdentifierGenerator strategy [guid] -> [org.hibernate.id.GUIDGenerator]
10:24:43.975 [main] DEBUG org.hibernate.orm.idgen.factory - Registering IdentifierGenerator strategy [uuid] -> [org.hibernate.id.UUIDHexGenerator]
10:24:43.975 [main] DEBUG org.hibernate.orm.idgen.factory - Registering IdentifierGenerator strategy [uuid.hex] -> [org.hibernate.id.UUIDHexGenerator]
10:24:43.975 [main] DEBUG org.hibernate.orm.idgen.factory - Registering IdentifierGenerator strategy [assigned] -> [org.hibernate.id.Assigned]
10:24:43.975 [main] DEBUG org.hibernate.orm.idgen.factory - Registering IdentifierGenerator strategy [identity] -> [org.hibernate.id.IdentityGenerator]
10:24:43.975 [main] DEBUG org.hibernate.orm.idgen.factory - Registering IdentifierGenerator strategy [select] -> [org.hibernate.id.SelectGenerator]
10:24:43.975 [main] DEBUG org.hibernate.orm.idgen.factory - Registering IdentifierGenerator strategy [sequence] -> [org.hibernate.id.enhanced.SequenceStyleGenerator]
10:24:43.975 [main] DEBUG org.hibernate.orm.idgen.factory - Registering IdentifierGenerator strategy [increment] -> [org.hibernate.id.IncrementGenerator]
10:24:43.975 [main] DEBUG org.hibernate.orm.idgen.factory - Registering IdentifierGenerator strategy [foreign] -> [org.hibernate.id.ForeignGenerator]
10:24:43.975 [main] DEBUG org.hibernate.orm.idgen.factory - Registering IdentifierGenerator strategy [enhanced-sequence] -> [org.hibernate.id.enhanced.SequenceStyleGenerator]
10:24:43.975 [main] DEBUG org.hibernate.orm.idgen.factory - Registering IdentifierGenerator strategy [enhanced-table] -> [org.hibernate.id.enhanced.TableGenerator]
10:24:43.975 [main] INFO org.hibernate.cache.internal.RegionFactoryInitiator - HHH000026: Second-level cache disabled
10:24:43.975 [main] DEBUG org.hibernate.type.BasicTypeRegistry - Adding type registration boolean -> org.hibernate.type.BasicTypeReference@2f4919b0
10:24:43.975 [main] DEBUG org.hibernate.type.BasicTypeRegistry - Adding type registration boolean -> org.hibernate.type.BasicTypeReference@2f4919b0
10:24:43.975 [main] DEBUG org.hibernate.type.BasicTypeRegistry - Adding type registration java.lang.Boolean -> org.hibernate.type.BasicTypeReference@2f4919b0
10:24:43.975 [main] DEBUG org.hibernate.type.BasicTypeRegistry - Adding type registration numeric_boolean -> org.hibernate.type.BasicTypeReference@a8a8b75
10:24:43.975 [main] DEBUG org.hibernate.type.BasicTypeRegistry - Adding type registration org.hibernate.type.NumericBooleanConverter -> org.hibernate.type.BasicTypeReference@a8a8b75
10:24:43.975 [main] DEBUG org.hibernate.type.BasicTypeRegistry - Adding type registration true_false -> org.hibernate.type.BasicTypeReference@75b21c3b
10:24:43.975 [main] DEBUG org.hibernate.type.BasicTypeRegistry - Adding type registration org.hibernate.type.TrueFalseConverter -> org.hibernate.type.BasicTypeReference@75b21c3b
10:24:43.975 [main] DEBUG org.hibernate.type.BasicTypeRegistry - Adding type registration yes_no -> org.hibernate.type.BasicTypeReference@72be135f
10:24:43.975 [main] DEBUG org.hibernate.type.BasicTypeRegistry - Adding type registration org.hibernate.type.YesNoConverter -> org.hibernate.type.BasicTypeReference@72be135f
10:24:43.975 [main] DEBUG org.hibernate.type.BasicTypeRegistry - Adding type registration byte -> org.hibernate.type.BasicTypeReference@155d1021
10:24:43.975 [main] DEBUG org.hibernate.type.BasicTypeRegistry - Adding type registration byte -> org.hibernate.type.BasicTypeReference@155d1021
10:24:43.975 [main] DEBUG org.hibernate.type.BasicTypeRegistry - Adding type registration java.lang.Byte -> org.hibernate.type.BasicTypeReference@155d1021
10:24:43.975 [main] DEBUG org.hibernate.type.BasicTypeRegistry - Adding type registration binary -> org.hibernate.type.BasicTypeReference@4bd2f0dc
10:24:43.975 [main] DEBUG org.hibernate.type.BasicTypeRegistry - Adding type registration byte[] -> org.hibernate.type.BasicTypeReference@4bd2f0dc
10:24:43.975 [main] DEBUG org.hibernate.type.BasicTypeRegistry - Adding type registration [B -> org.hibernate.type.BasicTypeReference@4bd2f0dc
10:24:43.975 [main] DEBUG org.hibernate.type.BasicTypeRegistry - Adding type registration binary_wrapper -> org.hibernate.type.BasicTypeReference@2e647e59
10:24:43.975 [main] DEBUG org.hibernate.type.BasicTypeRegistry - Adding type registration wrapper-binary -> org.hibernate.type.BasicTypeReference@2e647e59
10:24:43.975 [main] DEBUG org.hibernate.type.BasicTypeRegistry - Adding type registration image -> org.hibernate.type.BasicTypeReference@2c42b421
10:24:43.975 [main] DEBUG org.hibernate.type.BasicTypeRegistry - Adding type registration blob -> org.hibernate.type.BasicTypeReference@51e37590
10:24:43.975 [main] DEBUG org.hibernate.type.BasicTypeRegistry - Adding type registration java.sql.Blob -> org.hibernate.type.BasicTypeReference@51e37590
10:24:43.975 [main] DEBUG org.hibernate.type.BasicTypeRegistry - Adding type registration materialized_blob -> org.hibernate.type.BasicTypeReference@deb3b60
10:24:43.975 [main] DEBUG org.hibernate.type.BasicTypeRegistry - Adding type registration materialized_blob_wrapper -> org.hibernate.type.BasicTypeReference@701a32
10:24:43.975 [main] DEBUG org.hibernate.type.BasicTypeRegistry - Adding type registration short -> org.hibernate.type.BasicTypeReference@39aa45a1
10:24:43.975 [main] DEBUG org.hibernate.type.BasicTypeRegistry - Adding type registration short -> org.hibernate.type.BasicTypeReference@39aa45a1
10:24:43.975 [main] DEBUG org.hibernate.type.BasicTypeRegistry - Adding type registration java.lang.Short -> org.hibernate.type.BasicTypeReference@39aa45a1
10:24:43.975 [main] DEBUG org.hibernate.type.BasicTypeRegistry - Adding type registration integer -> org.hibernate.type.BasicTypeReference@73aff8f1
10:24:43.975 [main] DEBUG org.hibernate.type.BasicTypeRegistry - Adding type registration int -> org.hibernate.type.BasicTypeReference@73aff8f1
10:24:43.975 [main] DEBUG org.hibernate.type.BasicTypeRegistry - Adding type registration java.lang.Integer -> org.hibernate.type.BasicTypeReference@73aff8f1
10:24:43.975 [main] DEBUG org.hibernate.type.BasicTypeRegistry - Adding type registration long -> org.hibernate.type.BasicTypeReference@27cbfddf
10:24:43.975 [main] DEBUG org.hibernate.type.BasicTypeRegistry - Adding type registration long -> org.hibernate.type.BasicTypeReference@27cbfddf
10:24:43.975 [main] DEBUG org.hibernate.type.BasicTypeRegistry - Adding type registration java.lang.Long -> org.hibernate.type.BasicTypeReference@27cbfddf
10:24:43.975 [main] DEBUG org.hibernate.type.BasicTypeRegistry - Adding type registration float -> org.hibernate.type.BasicTypeReference@27ead29e
10:24:43.975 [main] DEBUG org.hibernate.type.BasicTypeRegistry - Adding type registration float -> org.hibernate.type.BasicTypeReference@27ead29e
10:24:43.975 [main] DEBUG org.hibernate.type.BasicTypeRegistry - Adding type registration java.lang.Float -> org.hibernate.type.BasicTypeReference@27ead29e
10:24:43.975 [main] DEBUG org.hibernate.type.BasicTypeRegistry - Adding type registration double -> org.hibernate.type.BasicTypeReference@4c060c8f
10:24:43.975 [main] DEBUG org.hibernate.type.BasicTypeRegistry - Adding type registration double -> org.hibernate.type.BasicTypeReference@4c060c8f
10:24:43.975 [main] DEBUG org.hibernate.type.BasicTypeRegistry - Adding type registration java.lang.Double -> org.hibernate.type.BasicTypeReference@4c060c8f
10:24:43.975 [main] DEBUG org.hibernate.type.BasicTypeRegistry - Adding type registration big_integer -> org.hibernate.type.BasicTypeReference@40620d8e
10:24:43.975 [main] DEBUG org.hibernate.type.BasicTypeRegistry - Adding type registration java.math.BigInteger -> org.hibernate.type.BasicTypeReference@40620d8e
10:24:43.975 [main] DEBUG org.hibernate.type.BasicTypeRegistry - Adding type registration big_decimal -> org.hibernate.type.BasicTypeReference@383f3558
10:24:43.975 [main] DEBUG org.hibernate.type.BasicTypeRegistry - Adding type registration java.math.BigDecimal -> org.hibernate.type.BasicTypeReference@383f3558
10:24:43.975 [main] DEBUG org.hibernate.type.BasicTypeRegistry - Adding type registration character -> org.hibernate.type.BasicTypeReference@49b07ee3
10:24:43.975 [main] DEBUG org.hibernate.type.BasicTypeRegistry - Adding type registration char -> org.hibernate.type.BasicTypeReference@49b07ee3
10:24:43.975 [main] DEBUG org.hibernate.type.BasicTypeRegistry - Adding type registration java.lang.Character -> org.hibernate.type.BasicTypeReference@49b07ee3
10:24:43.975 [main] DEBUG org.hibernate.type.BasicTypeRegistry - Adding type registration character_nchar -> org.hibernate.type.BasicTypeReference@352e612e
10:24:43.975 [main] DEBUG org.hibernate.type.BasicTypeRegistry - Adding type registration string -> org.hibernate.type.BasicTypeReference@65f00478
10:24:43.975 [main] DEBUG org.hibernate.type.BasicTypeRegistry - Adding type registration java.lang.String -> org.hibernate.type.BasicTypeReference@65f00478
10:24:43.975 [main] DEBUG org.hibernate.type.BasicTypeRegistry - Adding type registration nstring -> org.hibernate.type.BasicTypeReference@2424686b
10:24:43.975 [main] DEBUG org.hibernate.type.BasicTypeRegistry - Adding type registration characters -> org.hibernate.type.BasicTypeReference@6ea94d6a
10:24:43.975 [main] DEBUG org.hibernate.type.BasicTypeRegistry - Adding type registration char[] -> org.hibernate.type.BasicTypeReference@6ea94d6a
10:24:43.975 [main] DEBUG org.hibernate.type.BasicTypeRegistry - Adding type registration [C -> org.hibernate.type.BasicTypeReference@6ea94d6a
10:24:43.975 [main] DEBUG org.hibernate.type.BasicTypeRegistry - Adding type registration wrapper-characters -> org.hibernate.type.BasicTypeReference@28486680
10:24:43.975 [main] DEBUG org.hibernate.type.BasicTypeRegistry - Adding type registration text -> org.hibernate.type.BasicTypeReference@4d7e7435
10:24:43.975 [main] DEBUG org.hibernate.type.BasicTypeRegistry - Adding type registration ntext -> org.hibernate.type.BasicTypeReference@4a1e3ac1
10:24:43.975 [main] DEBUG org.hibernate.type.BasicTypeRegistry - Adding type registration clob -> org.hibernate.type.BasicTypeReference@6e78fcf5
10:24:43.975 [main] DEBUG org.hibernate.type.BasicTypeRegistry - Adding type registration java.sql.Clob -> org.hibernate.type.BasicTypeReference@6e78fcf5
10:24:43.975 [main] DEBUG org.hibernate.type.BasicTypeRegistry - Adding type registration nclob -> org.hibernate.type.BasicTypeReference@56febdc
10:24:43.975 [main] DEBUG org.hibernate.type.BasicTypeRegistry - Adding type registration java.sql.NClob -> org.hibernate.type.BasicTypeReference@56febdc
10:24:43.975 [main] DEBUG org.hibernate.type.BasicTypeRegistry - Adding type registration materialized_clob -> org.hibernate.type.BasicTypeReference@3b8ee898
10:24:43.975 [main] DEBUG org.hibernate.type.BasicTypeRegistry - Adding type registration materialized_clob_char_array -> org.hibernate.type.BasicTypeReference@7d151a
10:24:43.975 [main] DEBUG org.hibernate.type.BasicTypeRegistry - Adding type registration materialized_clob_character_array -> org.hibernate.type.BasicTypeReference@294bdeb4
10:24:43.975 [main] DEBUG org.hibernate.type.BasicTypeRegistry - Adding type registration materialized_nclob -> org.hibernate.type.BasicTypeReference@5300f14a
10:24:43.975 [main] DEBUG org.hibernate.type.BasicTypeRegistry - Adding type registration materialized_nclob_character_array -> org.hibernate.type.BasicTypeReference@1f86099a
10:24:43.975 [main] DEBUG org.hibernate.type.BasicTypeRegistry - Adding type registration materialized_nclob_char_array -> org.hibernate.type.BasicTypeReference@77bb0ab5
10:24:43.975 [main] DEBUG org.hibernate.type.BasicTypeRegistry - Adding type registration Duration -> org.hibernate.type.BasicTypeReference@f2c488
10:24:43.975 [main] DEBUG org.hibernate.type.BasicTypeRegistry - Adding type registration java.time.Duration -> org.hibernate.type.BasicTypeReference@f2c488
10:24:43.975 [main] DEBUG org.hibernate.type.BasicTypeRegistry - Adding type registration LocalDateTime -> org.hibernate.type.BasicTypeReference@54acff7d
10:24:43.975 [main] DEBUG org.hibernate.type.BasicTypeRegistry - Adding type registration java.time.LocalDateTime -> org.hibernate.type.BasicTypeReference@54acff7d
10:24:43.975 [main] DEBUG org.hibernate.type.BasicTypeRegistry - Adding type registration LocalDate -> org.hibernate.type.BasicTypeReference@7bc9e6ab
10:24:43.975 [main] DEBUG org.hibernate.type.BasicTypeRegistry - Adding type registration java.time.LocalDate -> org.hibernate.type.BasicTypeReference@7bc9e6ab
10:24:43.975 [main] DEBUG org.hibernate.type.BasicTypeRegistry - Adding type registration LocalTime -> org.hibernate.type.BasicTypeReference@5488b5c5
10:24:43.975 [main] DEBUG org.hibernate.type.BasicTypeRegistry - Adding type registration java.time.LocalTime -> org.hibernate.type.BasicTypeReference@5488b5c5
10:24:43.975 [main] DEBUG org.hibernate.type.BasicTypeRegistry - Adding type registration OffsetDateTime -> org.hibernate.type.BasicTypeReference@4248ed58
10:24:43.975 [main] DEBUG org.hibernate.type.BasicTypeRegistry - Adding type registration java.time.OffsetDateTime -> org.hibernate.type.BasicTypeReference@4248ed58
10:24:43.975 [main] DEBUG org.hibernate.type.BasicTypeRegistry - Adding type registration OffsetDateTimeWithTimezone -> org.hibernate.type.BasicTypeReference@712ca57b
10:24:43.975 [main] DEBUG org.hibernate.type.BasicTypeRegistry - Adding type registration OffsetDateTimeWithoutTimezone -> org.hibernate.type.BasicTypeReference@4564e94b
10:24:43.975 [main] DEBUG org.hibernate.type.BasicTypeRegistry - Adding type registration OffsetTime -> org.hibernate.type.BasicTypeReference@54534abf
10:24:43.975 [main] DEBUG org.hibernate.type.BasicTypeRegistry - Adding type registration java.time.OffsetTime -> org.hibernate.type.BasicTypeReference@54534abf
10:24:43.975 [main] DEBUG org.hibernate.type.BasicTypeRegistry - Adding type registration OffsetTimeUtc -> org.hibernate.type.BasicTypeReference@51745f40
10:24:43.975 [main] DEBUG org.hibernate.type.BasicTypeRegistry - Adding type registration OffsetTimeWithTimezone -> org.hibernate.type.BasicTypeReference@45673f68
10:24:43.975 [main] DEBUG org.hibernate.type.BasicTypeRegistry - Adding type registration OffsetTimeWithoutTimezone -> org.hibernate.type.BasicTypeReference@27abb83e
10:24:43.975 [main] DEBUG org.hibernate.type.BasicTypeRegistry - Adding type registration ZonedDateTime -> org.hibernate.type.BasicTypeReference@69e308c6
10:24:43.975 [main] DEBUG org.hibernate.type.BasicTypeRegistry - Adding type registration java.time.ZonedDateTime -> org.hibernate.type.BasicTypeReference@69e308c6
10:24:43.975 [main] DEBUG org.hibernate.type.BasicTypeRegistry - Adding type registration ZonedDateTimeWithTimezone -> org.hibernate.type.BasicTypeReference@1a1ed4e5
10:24:43.975 [main] DEBUG org.hibernate.type.BasicTypeRegistry - Adding type registration ZonedDateTimeWithoutTimezone -> org.hibernate.type.BasicTypeReference@667e34b1
10:24:43.975 [main] DEBUG org.hibernate.type.BasicTypeRegistry - Adding type registration date -> org.hibernate.type.BasicTypeReference@1c6e0a08
10:24:43.975 [main] DEBUG org.hibernate.type.BasicTypeRegistry - Adding type registration java.sql.Date -> org.hibernate.type.BasicTypeReference@1c6e0a08
10:24:43.975 [main] DEBUG org.hibernate.type.BasicTypeRegistry - Adding type registration time -> org.hibernate.type.BasicTypeReference@6dba847b
10:24:43.975 [main] DEBUG org.hibernate.type.BasicTypeRegistry - Adding type registration java.sql.Time -> org.hibernate.type.BasicTypeReference@6dba847b
10:24:43.975 [main] DEBUG org.hibernate.type.BasicTypeRegistry - Adding type registration timestamp -> org.hibernate.type.BasicTypeReference@1efdcd5
10:24:43.975 [main] DEBUG org.hibernate.type.BasicTypeRegistry - Adding type registration java.sql.Timestamp -> org.hibernate.type.BasicTypeReference@1efdcd5
10:24:43.975 [main] DEBUG org.hibernate.type.BasicTypeRegistry - Adding type registration java.util.Date -> org.hibernate.type.BasicTypeReference@1efdcd5
10:24:43.975 [main] DEBUG org.hibernate.type.BasicTypeRegistry - Adding type registration calendar -> org.hibernate.type.BasicTypeReference@1623bbe5
10:24:43.975 [main] DEBUG org.hibernate.type.BasicTypeRegistry - Adding type registration java.util.Calendar -> org.hibernate.type.BasicTypeReference@1623bbe5
10:24:43.975 [main] DEBUG org.hibernate.type.BasicTypeRegistry - Adding type registration java.util.GregorianCalendar -> org.hibernate.type.BasicTypeReference@1623bbe5
10:24:43.975 [main] DEBUG org.hibernate.type.BasicTypeRegistry - Adding type registration calendar_date -> org.hibernate.type.BasicTypeReference@7af1cd63
10:24:43.975 [main] DEBUG org.hibernate.type.BasicTypeRegistry - Adding type registration calendar_time -> org.hibernate.type.BasicTypeReference@4351171a
10:24:43.975 [main] DEBUG org.hibernate.type.BasicTypeRegistry - Adding type registration instant -> org.hibernate.type.BasicTypeReference@3c2772d1
10:24:43.975 [main] DEBUG org.hibernate.type.BasicTypeRegistry - Adding type registration java.time.Instant -> org.hibernate.type.BasicTypeReference@3c2772d1
10:24:43.975 [main] DEBUG org.hibernate.type.BasicTypeRegistry - Adding type registration uuid -> org.hibernate.type.BasicTypeReference@37d00a23
10:24:43.975 [main] DEBUG org.hibernate.type.BasicTypeRegistry - Adding type registration java.util.UUID -> org.hibernate.type.BasicTypeReference@37d00a23
10:24:43.975 [main] DEBUG org.hibernate.type.BasicTypeRegistry - Adding type registration pg-uuid -> org.hibernate.type.BasicTypeReference@37d00a23
10:24:43.975 [main] DEBUG org.hibernate.type.BasicTypeRegistry - Adding type registration uuid-binary -> org.hibernate.type.BasicTypeReference@433e536f
10:24:43.975 [main] DEBUG org.hibernate.type.BasicTypeRegistry - Adding type registration uuid-char -> org.hibernate.type.BasicTypeReference@89c65d5
10:24:43.975 [main] DEBUG org.hibernate.type.BasicTypeRegistry - Adding type registration class -> org.hibernate.type.BasicTypeReference@faa3fed
10:24:43.975 [main] DEBUG org.hibernate.type.BasicTypeRegistry - Adding type registration java.lang.Class -> org.hibernate.type.BasicTypeReference@faa3fed
10:24:43.975 [main] DEBUG org.hibernate.type.BasicTypeRegistry - Adding type registration currency -> org.hibernate.type.BasicTypeReference@988246e
10:24:43.975 [main] DEBUG org.hibernate.type.BasicTypeRegistry - Adding type registration Currency -> org.hibernate.type.BasicTypeReference@988246e
10:24:43.975 [main] DEBUG org.hibernate.type.BasicTypeRegistry - Adding type registration java.util.Currency -> org.hibernate.type.BasicTypeReference@988246e
10:24:43.975 [main] DEBUG org.hibernate.type.BasicTypeRegistry - Adding type registration locale -> org.hibernate.type.BasicTypeReference@62515a47
10:24:43.975 [main] DEBUG org.hibernate.type.BasicTypeRegistry - Adding type registration java.util.Locale -> org.hibernate.type.BasicTypeReference@62515a47
10:24:43.975 [main] DEBUG org.hibernate.type.BasicTypeRegistry - Adding type registration serializable -> org.hibernate.type.BasicTypeReference@3c5a54b7
10:24:43.975 [main] DEBUG org.hibernate.type.BasicTypeRegistry - Adding type registration java.io.Serializable -> org.hibernate.type.BasicTypeReference@3c5a54b7
10:24:43.975 [main] DEBUG org.hibernate.type.BasicTypeRegistry - Adding type registration timezone -> org.hibernate.type.BasicTypeReference@61f2c3f0
10:24:43.975 [main] DEBUG org.hibernate.type.BasicTypeRegistry - Adding type registration java.util.TimeZone -> org.hibernate.type.BasicTypeReference@61f2c3f0
10:24:43.975 [main] DEBUG org.hibernate.type.BasicTypeRegistry - Adding type registration ZoneOffset -> org.hibernate.type.BasicTypeReference@291120f4
10:24:43.975 [main] DEBUG org.hibernate.type.BasicTypeRegistry - Adding type registration java.time.ZoneOffset -> org.hibernate.type.BasicTypeReference@291120f4
10:24:43.975 [main] DEBUG org.hibernate.type.BasicTypeRegistry - Adding type registration url -> org.hibernate.type.BasicTypeReference@417ad4f3
10:24:43.975 [main] DEBUG org.hibernate.type.BasicTypeRegistry - Adding type registration java.net.URL -> org.hibernate.type.BasicTypeReference@417ad4f3
10:24:43.975 [main] DEBUG org.hibernate.type.BasicTypeRegistry - Adding type registration vector -> org.hibernate.type.BasicTypeReference@2f6bcf87
10:24:43.975 [main] DEBUG org.hibernate.type.BasicTypeRegistry - Adding type registration row_version -> org.hibernate.type.BasicTypeReference@58f174d9
10:24:43.975 [main] DEBUG org.hibernate.type.BasicTypeRegistry - Adding type registration object -> org.hibernate.type.JavaObjectType@34237b90
10:24:43.975 [main] DEBUG org.hibernate.type.BasicTypeRegistry - Adding type registration java.lang.Object -> org.hibernate.type.JavaObjectType@34237b90
10:24:43.975 [main] DEBUG org.hibernate.type.BasicTypeRegistry - Adding type registration null -> org.hibernate.type.NullType@267bbe1a
10:24:43.975 [main] DEBUG org.hibernate.type.BasicTypeRegistry - Adding type registration imm_date -> org.hibernate.type.BasicTypeReference@6e6ceb8c
10:24:43.975 [main] DEBUG org.hibernate.type.BasicTypeRegistry - Adding type registration imm_time -> org.hibernate.type.BasicTypeReference@556d4313
10:24:43.975 [main] DEBUG org.hibernate.type.BasicTypeRegistry - Adding type registration imm_timestamp -> org.hibernate.type.BasicTypeReference@1962c015
10:24:43.975 [main] DEBUG org.hibernate.type.BasicTypeRegistry - Adding type registration imm_calendar -> org.hibernate.type.BasicTypeReference@2a78f753
10:24:43.975 [main] DEBUG org.hibernate.type.BasicTypeRegistry - Adding type registration imm_calendar_date -> org.hibernate.type.BasicTypeReference@2341591b
10:24:43.975 [main] DEBUG org.hibernate.type.BasicTypeRegistry - Adding type registration imm_calendar_time -> org.hibernate.type.BasicTypeReference@1c8be3bb
10:24:43.975 [main] DEBUG org.hibernate.type.BasicTypeRegistry - Adding type registration imm_binary -> org.hibernate.type.BasicTypeReference@1366ea57
10:24:43.975 [main] DEBUG org.hibernate.type.BasicTypeRegistry - Adding type registration imm_serializable -> org.hibernate.type.BasicTypeReference@7ec95507
10:24:43.976 [main] DEBUG org.hibernate.boot.internal.BootstrapContextImpl - Injecting ScanEnvironment [org.hibernate.jpa.boot.internal.StandardJpaScanEnvironmentImpl@57e94244] into BootstrapContext; was [null]
10:24:43.976 [main] DEBUG org.hibernate.boot.internal.BootstrapContextImpl - Injecting ScanOptions [org.hibernate.boot.archive.scan.internal.StandardScanOptions@143ce539] into BootstrapContext; was [org.hibernate.boot.archive.scan.internal.StandardScanOptions@30ac81bb]
10:24:44.023 [main] DEBUG org.hibernate.boot.internal.BootstrapContextImpl - Injecting JPA temp ClassLoader [null] into BootstrapContext; was [null]
10:24:44.023 [main] DEBUG org.hibernate.boot.internal.ClassLoaderAccessImpl - ClassLoaderAccessImpl#injectTempClassLoader(null) [was null]
10:24:44.023 [main] INFO org.hibernate.engine.jdbc.connections.internal.ConnectionProviderInitiator - HHH000130: Instantiating explicit connection provider: org.hibernate.hikaricp.internal.HikariCPConnectionProvider
10:24:44.023 [main] DEBUG org.hibernate.hikaricp.internal.HikariCPConnectionProvider - Configuring HikariCP
10:24:44.024 [main] DEBUG com.zaxxer.hikari.HikariConfig - Driver class org.h2.Driver found in Thread context class loader jdk.internal.loader.ClassLoaders$AppClassLoader@70dea4e
10:24:44.024 [main] DEBUG com.zaxxer.hikari.HikariConfig - FRC-PM-HikariCP - configuration:
10:24:44.024 [main] DEBUG com.zaxxer.hikari.HikariConfig - allowPoolSuspension.............false
10:24:44.024 [main] DEBUG com.zaxxer.hikari.HikariConfig - autoCommit......................true
10:24:44.024 [main] DEBUG com.zaxxer.hikari.HikariConfig - catalog.........................none
10:24:44.024 [main] DEBUG com.zaxxer.hikari.HikariConfig - connectionInitSql...............none
10:24:44.024 [main] DEBUG com.zaxxer.hikari.HikariConfig - connectionTestQuery.............none
10:24:44.024 [main] DEBUG com.zaxxer.hikari.HikariConfig - connectionTimeout...............10000
10:24:44.024 [main] DEBUG com.zaxxer.hikari.HikariConfig - dataSource......................none
10:24:44.024 [main] DEBUG com.zaxxer.hikari.HikariConfig - dataSourceClassName.............none
10:24:44.024 [main] DEBUG com.zaxxer.hikari.HikariConfig - dataSourceJNDI..................none
10:24:44.024 [main] DEBUG com.zaxxer.hikari.HikariConfig - dataSourceProperties............{password=<masked>}
10:24:44.024 [main] DEBUG com.zaxxer.hikari.HikariConfig - driverClassName................."org.h2.Driver"
10:24:44.024 [main] DEBUG com.zaxxer.hikari.HikariConfig - exceptionOverrideClassName......none
10:24:44.024 [main] DEBUG com.zaxxer.hikari.HikariConfig - healthCheckProperties...........{}
10:24:44.024 [main] DEBUG com.zaxxer.hikari.HikariConfig - healthCheckRegistry.............none
10:24:44.024 [main] DEBUG com.zaxxer.hikari.HikariConfig - idleTimeout.....................30000
10:24:44.024 [main] DEBUG com.zaxxer.hikari.HikariConfig - initializationFailTimeout.......1
10:24:44.024 [main] DEBUG com.zaxxer.hikari.HikariConfig - isolateInternalQueries..........false
10:24:44.024 [main] DEBUG com.zaxxer.hikari.HikariConfig - jdbcUrl.........................jdbc:h2:file:C:\Users\dhiebert\.frcpm\frcpm
10:24:44.024 [main] DEBUG com.zaxxer.hikari.HikariConfig - keepaliveTime...................0
10:24:44.024 [main] DEBUG com.zaxxer.hikari.HikariConfig - leakDetectionThreshold..........0
10:24:44.024 [main] DEBUG com.zaxxer.hikari.HikariConfig - maxLifetime.....................1800000
10:24:44.024 [main] DEBUG com.zaxxer.hikari.HikariConfig - maximumPoolSize.................10
10:24:44.024 [main] DEBUG com.zaxxer.hikari.HikariConfig - metricRegistry..................none
10:24:44.024 [main] DEBUG com.zaxxer.hikari.HikariConfig - metricsTrackerFactory...........none
10:24:44.024 [main] DEBUG com.zaxxer.hikari.HikariConfig - minimumIdle.....................2
10:24:44.024 [main] DEBUG com.zaxxer.hikari.HikariConfig - password........................<masked>
10:24:44.024 [main] DEBUG com.zaxxer.hikari.HikariConfig - poolName........................"FRC-PM-HikariCP"
10:24:44.024 [main] DEBUG com.zaxxer.hikari.HikariConfig - readOnly........................false
10:24:44.024 [main] DEBUG com.zaxxer.hikari.HikariConfig - registerMbeans..................false
10:24:44.024 [main] DEBUG com.zaxxer.hikari.HikariConfig - scheduledExecutor...............none
10:24:44.024 [main] DEBUG com.zaxxer.hikari.HikariConfig - schema..........................none
10:24:44.024 [main] DEBUG com.zaxxer.hikari.HikariConfig - threadFactory...................internal
10:24:44.024 [main] DEBUG com.zaxxer.hikari.HikariConfig - transactionIsolation............default
10:24:44.024 [main] DEBUG com.zaxxer.hikari.HikariConfig - username........................"sa"
10:24:44.024 [main] DEBUG com.zaxxer.hikari.HikariConfig - validationTimeout...............5000
10:24:44.024 [main] INFO com.zaxxer.hikari.HikariDataSource - FRC-PM-HikariCP - Starting...
10:24:44.029 [main] INFO com.zaxxer.hikari.pool.HikariPool - FRC-PM-HikariCP - Added connection conn120: url=jdbc:h2:file:C:\Users\dhiebert\.frcpm\frcpm user=SA
10:24:44.030 [main] INFO com.zaxxer.hikari.HikariDataSource - FRC-PM-HikariCP - Start completed.
10:24:44.030 [main] DEBUG org.hibernate.hikaricp.internal.HikariCPConnectionProvider - HikariCP Configured
10:24:44.030 [main] DEBUG org.hibernate.engine.jdbc.env.internal.JdbcEnvironmentInitiator - Database ->
	   name : H2
	version : 2.2.224 (2023-09-17)
	  major : 2
	  minor : 2
10:24:44.030 [main] DEBUG org.hibernate.engine.jdbc.env.internal.JdbcEnvironmentInitiator - Driver ->
	   name : H2 JDBC Driver
	version : 2.2.224 (2023-09-17)
	  major : 2
	  minor : 2
10:24:44.030 [main] DEBUG org.hibernate.engine.jdbc.env.internal.JdbcEnvironmentInitiator - JDBC version : 4.2
10:24:44.030 [main] WARN org.hibernate.orm.deprecation - HHH90000025: H2Dialect does not need to be specified explicitly using 'hibernate.dialect' (remove the property setting and it will be selected by default)
10:24:44.030 [main] DEBUG org.hibernate.orm.dialect - HHH035001: Using dialect: org.hibernate.dialect.H2Dialect, version: 2.2.224
10:24:44.030 [main] DEBUG org.hibernate.engine.jdbc.env.spi.IdentifierHelperBuilder - JDBC driver metadata reported database stores quoted identifiers in neither upper, lower nor mixed case
10:24:44.030 [main] DEBUG org.hibernate.type.descriptor.jdbc.spi.JdbcTypeRegistry - addDescriptor(NCharTypeDescriptor) replaced previous registration(CharTypeDescriptor)
10:24:44.030 [main] DEBUG org.hibernate.type.descriptor.jdbc.spi.JdbcTypeRegistry - addDescriptor(NVarcharTypeDescriptor) replaced previous registration(VarcharTypeDescriptor)
10:24:44.030 [main] DEBUG org.hibernate.type.descriptor.jdbc.spi.JdbcTypeRegistry - addDescriptor(LongNVarcharTypeDescriptor) replaced previous registration(LongVarcharTypeDescriptor)
10:24:44.030 [main] DEBUG org.hibernate.type.descriptor.jdbc.spi.JdbcTypeRegistry - addDescriptor(NClobTypeDescriptor(DEFAULT)) replaced previous registration(ClobTypeDescriptor(DEFAULT))
10:24:44.030 [main] DEBUG org.hibernate.type.descriptor.jdbc.spi.JdbcTypeRegistry - addDescriptor(2005, ClobTypeDescriptor(STREAM_BINDING)) replaced previous registration(ClobTypeDescriptor(DEFAULT))
10:24:44.030 [main] DEBUG org.hibernate.type.descriptor.jdbc.spi.JdbcTypeRegistry - addDescriptor(TimestampUtcDescriptor) replaced previous registration(TimestampUtcDescriptor)
10:24:44.030 [main] DEBUG org.hibernate.type.BasicTypeRegistry - Adding type registration org.hibernate.type.DurationType -> basicType@1704(java.time.Duration,3015)
10:24:44.030 [main] DEBUG org.hibernate.type.BasicTypeRegistry - Adding type registration Duration -> basicType@1704(java.time.Duration,3015)
10:24:44.030 [main] DEBUG org.hibernate.type.BasicTypeRegistry - Adding type registration java.time.Duration -> basicType@1704(java.time.Duration,3015)
10:24:44.030 [main] DEBUG org.hibernate.type.spi.TypeConfiguration$Scope - Scoping TypeConfiguration [org.hibernate.type.spi.TypeConfiguration@1d52acb] to MetadataBuildingContext [org.hibernate.boot.internal.MetadataBuildingContextRootImpl@31b612eb]
10:24:44.030 [main] DEBUG org.hibernate.boot.model.relational.Namespace - Created database namespace [logicalName=Name{catalog=null, schema=null}, physicalName=Name{catalog=null, schema=null}]
10:24:44.031 [main] DEBUG org.hibernate.boot.model.internal.EntityBinder - Binding entity from annotated class: org.frcpm.models.Attendance
10:24:44.031 [main] DEBUG org.hibernate.boot.model.internal.EntityBinder - Import with entity name Attendance
10:24:44.031 [main] DEBUG org.hibernate.boot.model.internal.EntityBinder - Bind entity org.frcpm.models.Attendance on table attendances
10:24:44.031 [main] DEBUG org.hibernate.boot.model.internal.AnnotatedColumn - Binding column: AnnotatedDiscriminatorColumn(column='DTYPE')
10:24:44.031 [main] DEBUG org.hibernate.boot.model.internal.AnnotatedColumn - Binding column: AnnotatedColumn()
10:24:44.031 [main] DEBUG org.hibernate.boot.internal.ClassLoaderAccessImpl - Not known whether passed class name [org.frcpm.models.Attendance] is safe
10:24:44.031 [main] DEBUG org.hibernate.boot.internal.ClassLoaderAccessImpl - No temp ClassLoader provided; using live ClassLoader for loading potentially unsafe class : org.frcpm.models.Attendance
10:24:44.031 [main] DEBUG org.hibernate.boot.model.internal.PropertyBinder - MetadataSourceProcessor property id with lazy=false
10:24:44.031 [main] DEBUG org.hibernate.boot.model.internal.AbstractPropertyHolder - Attempting to locate auto-apply AttributeConverter for property [org.frcpm.models.Attendance:id]
10:24:44.031 [main] DEBUG org.hibernate.boot.model.internal.BasicValueBinder - building BasicValue for id
10:24:44.031 [main] DEBUG org.hibernate.mapping.BasicValue - Skipping column re-registration: attendances.id
10:24:44.031 [main] DEBUG org.hibernate.boot.model.internal.PropertyBinder - Building property id
10:24:44.031 [main] DEBUG org.hibernate.boot.model.internal.BinderHelper - #makeIdGenerator(BasicValue([Column(id)]), id, identity, , ...)
10:24:44.031 [main] DEBUG org.hibernate.boot.model.internal.AnnotatedColumn - Binding column: AnnotatedColumn(column='arrival_time')
10:24:44.031 [main] DEBUG org.hibernate.boot.model.internal.PropertyBinder - MetadataSourceProcessor property arrivalTime with lazy=false
10:24:44.031 [main] DEBUG org.hibernate.boot.model.internal.AbstractPropertyHolder - Attempting to locate auto-apply AttributeConverter for property [org.frcpm.models.Attendance:arrivalTime]
10:24:44.031 [main] DEBUG org.hibernate.boot.model.internal.BasicValueBinder - building BasicValue for arrivalTime
10:24:44.031 [main] DEBUG org.hibernate.mapping.BasicValue - Skipping column re-registration: attendances.arrival_time
10:24:44.031 [main] DEBUG org.hibernate.boot.model.internal.PropertyBinder - Building property arrivalTime
10:24:44.031 [main] DEBUG org.hibernate.boot.model.internal.AnnotatedColumn - Binding column: AnnotatedColumn(column='departure_time')
10:24:44.031 [main] DEBUG org.hibernate.boot.model.internal.PropertyBinder - MetadataSourceProcessor property departureTime with lazy=false
10:24:44.031 [main] DEBUG org.hibernate.boot.model.internal.AbstractPropertyHolder - Attempting to locate auto-apply AttributeConverter for property [org.frcpm.models.Attendance:departureTime]
10:24:44.031 [main] DEBUG org.hibernate.boot.model.internal.BasicValueBinder - building BasicValue for departureTime
10:24:44.031 [main] DEBUG org.hibernate.mapping.BasicValue - Skipping column re-registration: attendances.departure_time
10:24:44.031 [main] DEBUG org.hibernate.boot.model.internal.PropertyBinder - Building property departureTime
10:24:44.031 [main] DEBUG org.hibernate.boot.model.internal.AnnotatedColumn - Binding column: AnnotatedJoinColumn(column='meeting_id')
10:24:44.031 [main] DEBUG org.hibernate.boot.model.internal.AnnotatedColumn - Binding column: AnnotatedColumn()
10:24:44.031 [main] DEBUG org.hibernate.boot.model.internal.PropertyBinder - Building property meeting
10:24:44.031 [main] DEBUG org.hibernate.boot.model.internal.AnnotatedColumn - Binding column: AnnotatedJoinColumn(column='member_id')
10:24:44.031 [main] DEBUG org.hibernate.boot.model.internal.AnnotatedColumn - Binding column: AnnotatedColumn()
10:24:44.031 [main] DEBUG org.hibernate.boot.model.internal.PropertyBinder - Building property member
10:24:44.031 [main] DEBUG org.hibernate.boot.model.internal.AnnotatedColumn - Binding column: AnnotatedColumn(column='present')
10:24:44.031 [main] DEBUG org.hibernate.boot.model.internal.PropertyBinder - MetadataSourceProcessor property present with lazy=false
10:24:44.031 [main] DEBUG org.hibernate.boot.model.internal.AbstractPropertyHolder - Attempting to locate auto-apply AttributeConverter for property [org.frcpm.models.Attendance:present]
10:24:44.031 [main] DEBUG org.hibernate.boot.model.internal.BasicValueBinder - building BasicValue for present
10:24:44.031 [main] DEBUG org.hibernate.mapping.BasicValue - Skipping column re-registration: attendances.present
10:24:44.031 [main] DEBUG org.hibernate.boot.model.internal.PropertyBinder - Building property present
10:24:44.032 [main] DEBUG org.hibernate.boot.registry.classloading.internal.ClassLoaderServiceImpl - HHH000194: Package not found or no package-info.java: org.frcpm.models
10:24:44.032 [main] DEBUG org.hibernate.boot.model.internal.EntityBinder - Binding entity from annotated class: org.frcpm.models.Meeting
10:24:44.032 [main] DEBUG org.hibernate.boot.model.internal.EntityBinder - Import with entity name Meeting
10:24:44.032 [main] DEBUG org.hibernate.boot.model.internal.EntityBinder - Bind entity org.frcpm.models.Meeting on table meetings
10:24:44.032 [main] DEBUG org.hibernate.boot.model.internal.AnnotatedColumn - Binding column: AnnotatedDiscriminatorColumn(column='DTYPE')
10:24:44.032 [main] DEBUG org.hibernate.boot.model.internal.AnnotatedColumn - Binding column: AnnotatedColumn()
10:24:44.032 [main] DEBUG org.hibernate.boot.internal.ClassLoaderAccessImpl - Not known whether passed class name [org.frcpm.models.Meeting] is safe
10:24:44.032 [main] DEBUG org.hibernate.boot.internal.ClassLoaderAccessImpl - No temp ClassLoader provided; using live ClassLoader for loading potentially unsafe class : org.frcpm.models.Meeting
10:24:44.032 [main] DEBUG org.hibernate.boot.model.internal.PropertyBinder - MetadataSourceProcessor property id with lazy=false
10:24:44.032 [main] DEBUG org.hibernate.boot.model.internal.AbstractPropertyHolder - Attempting to locate auto-apply AttributeConverter for property [org.frcpm.models.Meeting:id]
10:24:44.032 [main] DEBUG org.hibernate.boot.model.internal.BasicValueBinder - building BasicValue for id
10:24:44.032 [main] DEBUG org.hibernate.mapping.BasicValue - Skipping column re-registration: meetings.id
10:24:44.032 [main] DEBUG org.hibernate.boot.model.internal.PropertyBinder - Building property id
10:24:44.032 [main] DEBUG org.hibernate.boot.model.internal.BinderHelper - #makeIdGenerator(BasicValue([Column(id)]), id, identity, , ...)
10:24:44.032 [main] DEBUG org.hibernate.boot.model.internal.AnnotatedColumn - Binding column: AnnotatedJoinColumn()
10:24:44.032 [main] DEBUG org.hibernate.boot.model.internal.AnnotatedColumn - Binding column: AnnotatedColumn()
10:24:44.032 [main] DEBUG org.hibernate.boot.model.internal.AnnotatedColumn - Binding column: IndexColumn(column='attendances_ORDER')
10:24:44.032 [main] DEBUG org.hibernate.boot.model.internal.AnnotatedColumn - Binding column: AnnotatedColumn()
10:24:44.032 [main] DEBUG org.hibernate.boot.model.internal.AnnotatedColumn - Binding column: AnnotatedColumn(column='attendances_KEY')
10:24:44.032 [main] DEBUG org.hibernate.boot.model.internal.AnnotatedColumn - Binding column: AnnotatedJoinColumn(column='attendances_KEY')
10:24:44.032 [main] DEBUG org.hibernate.boot.model.internal.AnnotatedColumn - Binding column: AnnotatedJoinColumn()
10:24:44.032 [main] DEBUG org.hibernate.boot.model.internal.AnnotatedColumn - Binding column: AnnotatedJoinColumn()
10:24:44.032 [main] DEBUG org.hibernate.boot.model.internal.CollectionBinder - Collection role: org.frcpm.models.Meeting.attendances
10:24:44.032 [main] DEBUG org.hibernate.boot.model.internal.PropertyBinder - Building property attendances
10:24:44.032 [main] DEBUG org.hibernate.boot.model.internal.AnnotatedColumn - Binding column: AnnotatedColumn(column='date')
10:24:44.032 [main] DEBUG org.hibernate.boot.model.internal.PropertyBinder - MetadataSourceProcessor property date with lazy=false
10:24:44.032 [main] DEBUG org.hibernate.boot.model.internal.AbstractPropertyHolder - Attempting to locate auto-apply AttributeConverter for property [org.frcpm.models.Meeting:date]
10:24:44.032 [main] DEBUG org.hibernate.boot.model.internal.BasicValueBinder - building BasicValue for date
10:24:44.032 [main] DEBUG org.hibernate.mapping.BasicValue - Skipping column re-registration: meetings.date
10:24:44.032 [main] DEBUG org.hibernate.boot.model.internal.PropertyBinder - Building property date
10:24:44.032 [main] DEBUG org.hibernate.boot.model.internal.AnnotatedColumn - Binding column: AnnotatedColumn(column='end_time')
10:24:44.032 [main] DEBUG org.hibernate.boot.model.internal.PropertyBinder - MetadataSourceProcessor property endTime with lazy=false
10:24:44.032 [main] DEBUG org.hibernate.boot.model.internal.AbstractPropertyHolder - Attempting to locate auto-apply AttributeConverter for property [org.frcpm.models.Meeting:endTime]
10:24:44.032 [main] DEBUG org.hibernate.boot.model.internal.BasicValueBinder - building BasicValue for endTime
10:24:44.032 [main] DEBUG org.hibernate.mapping.BasicValue - Skipping column re-registration: meetings.end_time
10:24:44.032 [main] DEBUG org.hibernate.boot.model.internal.PropertyBinder - Building property endTime
10:24:44.032 [main] DEBUG org.hibernate.boot.model.internal.AnnotatedColumn - Binding column: AnnotatedColumn(column='notes')
10:24:44.032 [main] DEBUG org.hibernate.boot.model.internal.PropertyBinder - MetadataSourceProcessor property notes with lazy=false
10:24:44.032 [main] DEBUG org.hibernate.boot.model.internal.AbstractPropertyHolder - Attempting to locate auto-apply AttributeConverter for property [org.frcpm.models.Meeting:notes]
10:24:44.032 [main] DEBUG org.hibernate.boot.model.internal.BasicValueBinder - building BasicValue for notes
10:24:44.032 [main] DEBUG org.hibernate.mapping.BasicValue - Skipping column re-registration: meetings.notes
10:24:44.032 [main] DEBUG org.hibernate.boot.model.internal.PropertyBinder - Building property notes
10:24:44.032 [main] DEBUG org.hibernate.boot.model.internal.AnnotatedColumn - Binding column: AnnotatedJoinColumn(column='project_id')
10:24:44.032 [main] DEBUG org.hibernate.boot.model.internal.AnnotatedColumn - Binding column: AnnotatedColumn()
10:24:44.032 [main] DEBUG org.hibernate.boot.model.internal.PropertyBinder - Building property project
10:24:44.032 [main] DEBUG org.hibernate.boot.model.internal.AnnotatedColumn - Binding column: AnnotatedColumn(column='start_time')
10:24:44.032 [main] DEBUG org.hibernate.boot.model.internal.PropertyBinder - MetadataSourceProcessor property startTime with lazy=false
10:24:44.032 [main] DEBUG org.hibernate.boot.model.internal.AbstractPropertyHolder - Attempting to locate auto-apply AttributeConverter for property [org.frcpm.models.Meeting:startTime]
10:24:44.032 [main] DEBUG org.hibernate.boot.model.internal.BasicValueBinder - building BasicValue for startTime
10:24:44.032 [main] DEBUG org.hibernate.mapping.BasicValue - Skipping column re-registration: meetings.start_time
10:24:44.032 [main] DEBUG org.hibernate.boot.model.internal.PropertyBinder - Building property startTime
10:24:44.032 [main] DEBUG org.hibernate.boot.registry.classloading.internal.ClassLoaderServiceImpl - HHH000194: Package not found or no package-info.java: org.frcpm.models
10:24:44.032 [main] DEBUG org.hibernate.boot.model.internal.EntityBinder - Binding entity from annotated class: org.frcpm.models.Subsystem
10:24:44.032 [main] DEBUG org.hibernate.boot.model.internal.EntityBinder - Import with entity name Subsystem
10:24:44.032 [main] DEBUG org.hibernate.boot.model.internal.EntityBinder - Bind entity org.frcpm.models.Subsystem on table subsystems
10:24:44.032 [main] DEBUG org.hibernate.boot.model.internal.AnnotatedColumn - Binding column: AnnotatedDiscriminatorColumn(column='DTYPE')
10:24:44.032 [main] DEBUG org.hibernate.boot.model.internal.AnnotatedColumn - Binding column: AnnotatedColumn()
10:24:44.032 [main] DEBUG org.hibernate.boot.internal.ClassLoaderAccessImpl - Not known whether passed class name [org.frcpm.models.Subsystem] is safe
10:24:44.032 [main] DEBUG org.hibernate.boot.internal.ClassLoaderAccessImpl - No temp ClassLoader provided; using live ClassLoader for loading potentially unsafe class : org.frcpm.models.Subsystem
10:24:44.032 [main] DEBUG org.hibernate.boot.model.internal.PropertyBinder - MetadataSourceProcessor property id with lazy=false
10:24:44.032 [main] DEBUG org.hibernate.boot.model.internal.AbstractPropertyHolder - Attempting to locate auto-apply AttributeConverter for property [org.frcpm.models.Subsystem:id]
10:24:44.032 [main] DEBUG org.hibernate.boot.model.internal.BasicValueBinder - building BasicValue for id
10:24:44.032 [main] DEBUG org.hibernate.mapping.BasicValue - Skipping column re-registration: subsystems.id
10:24:44.032 [main] DEBUG org.hibernate.boot.model.internal.PropertyBinder - Building property id
10:24:44.032 [main] DEBUG org.hibernate.boot.model.internal.BinderHelper - #makeIdGenerator(BasicValue([Column(id)]), id, identity, , ...)
10:24:44.032 [main] DEBUG org.hibernate.boot.model.internal.AnnotatedColumn - Binding column: AnnotatedColumn(column='description')
10:24:44.032 [main] DEBUG org.hibernate.boot.model.internal.PropertyBinder - MetadataSourceProcessor property description with lazy=false
10:24:44.032 [main] DEBUG org.hibernate.boot.model.internal.AbstractPropertyHolder - Attempting to locate auto-apply AttributeConverter for property [org.frcpm.models.Subsystem:description]
10:24:44.032 [main] DEBUG org.hibernate.boot.model.internal.BasicValueBinder - building BasicValue for description
10:24:44.032 [main] DEBUG org.hibernate.mapping.BasicValue - Skipping column re-registration: subsystems.description
10:24:44.032 [main] DEBUG org.hibernate.boot.model.internal.PropertyBinder - Building property description
10:24:44.032 [main] DEBUG org.hibernate.boot.model.internal.AnnotatedColumn - Binding column: AnnotatedColumn(column='name')
10:24:44.032 [main] DEBUG org.hibernate.boot.model.internal.PropertyBinder - MetadataSourceProcessor property name with lazy=false
10:24:44.032 [main] DEBUG org.hibernate.boot.model.internal.AbstractPropertyHolder - Attempting to locate auto-apply AttributeConverter for property [org.frcpm.models.Subsystem:name]
10:24:44.032 [main] DEBUG org.hibernate.boot.model.internal.BasicValueBinder - building BasicValue for name
10:24:44.032 [main] DEBUG org.hibernate.mapping.BasicValue - Skipping column re-registration: subsystems.name
10:24:44.032 [main] DEBUG org.hibernate.boot.model.internal.PropertyBinder - Building property name
10:24:44.032 [main] DEBUG org.hibernate.boot.model.internal.AnnotatedColumn - Binding column: AnnotatedJoinColumn(column='responsible_subteam_id')
10:24:44.032 [main] DEBUG org.hibernate.boot.model.internal.AnnotatedColumn - Binding column: AnnotatedColumn()
10:24:44.032 [main] DEBUG org.hibernate.boot.model.internal.PropertyBinder - Building property responsibleSubteam
10:24:44.032 [main] DEBUG org.hibernate.boot.model.internal.AnnotatedColumn - Binding column: AnnotatedColumn(column='status')
10:24:44.032 [main] DEBUG org.hibernate.boot.model.internal.PropertyBinder - MetadataSourceProcessor property status with lazy=false
10:24:44.032 [main] DEBUG org.hibernate.boot.model.internal.AbstractPropertyHolder - Attempting to locate auto-apply AttributeConverter for property [org.frcpm.models.Subsystem:status]
10:24:44.032 [main] DEBUG org.hibernate.boot.model.internal.BasicValueBinder - building BasicValue for status
10:24:44.032 [main] DEBUG org.hibernate.mapping.BasicValue - Skipping column re-registration: subsystems.status
10:24:44.032 [main] DEBUG org.hibernate.boot.model.internal.PropertyBinder - Building property status
10:24:44.032 [main] DEBUG org.hibernate.boot.model.internal.AnnotatedColumn - Binding column: AnnotatedJoinColumn()
10:24:44.032 [main] DEBUG org.hibernate.boot.model.internal.AnnotatedColumn - Binding column: AnnotatedColumn()
10:24:44.032 [main] DEBUG org.hibernate.boot.model.internal.AnnotatedColumn - Binding column: IndexColumn(column='tasks_ORDER')
10:24:44.032 [main] DEBUG org.hibernate.boot.model.internal.AnnotatedColumn - Binding column: AnnotatedColumn()
10:24:44.032 [main] DEBUG org.hibernate.boot.model.internal.AnnotatedColumn - Binding column: AnnotatedColumn(column='tasks_KEY')
10:24:44.032 [main] DEBUG org.hibernate.boot.model.internal.AnnotatedColumn - Binding column: AnnotatedJoinColumn(column='tasks_KEY')
10:24:44.032 [main] DEBUG org.hibernate.boot.model.internal.AnnotatedColumn - Binding column: AnnotatedJoinColumn()
10:24:44.032 [main] DEBUG org.hibernate.boot.model.internal.AnnotatedColumn - Binding column: AnnotatedJoinColumn()
10:24:44.032 [main] DEBUG org.hibernate.boot.model.internal.CollectionBinder - Collection role: org.frcpm.models.Subsystem.tasks
10:24:44.032 [main] DEBUG org.hibernate.boot.model.internal.PropertyBinder - Building property tasks
10:24:44.033 [main] DEBUG org.hibernate.boot.registry.classloading.internal.ClassLoaderServiceImpl - HHH000194: Package not found or no package-info.java: org.frcpm.models
10:24:44.033 [main] DEBUG org.hibernate.boot.model.internal.EntityBinder - Binding entity from annotated class: org.frcpm.models.Component
10:24:44.033 [main] DEBUG org.hibernate.boot.model.internal.EntityBinder - Import with entity name Component
10:24:44.033 [main] DEBUG org.hibernate.boot.model.internal.EntityBinder - Bind entity org.frcpm.models.Component on table components
10:24:44.033 [main] DEBUG org.hibernate.boot.model.internal.AnnotatedColumn - Binding column: AnnotatedDiscriminatorColumn(column='DTYPE')
10:24:44.033 [main] DEBUG org.hibernate.boot.model.internal.AnnotatedColumn - Binding column: AnnotatedColumn()
10:24:44.033 [main] DEBUG org.hibernate.boot.internal.ClassLoaderAccessImpl - Not known whether passed class name [org.frcpm.models.Component] is safe
10:24:44.033 [main] DEBUG org.hibernate.boot.internal.ClassLoaderAccessImpl - No temp ClassLoader provided; using live ClassLoader for loading potentially unsafe class : org.frcpm.models.Component
10:24:44.033 [main] DEBUG org.hibernate.boot.model.internal.PropertyBinder - MetadataSourceProcessor property id with lazy=false
10:24:44.033 [main] DEBUG org.hibernate.boot.model.internal.AbstractPropertyHolder - Attempting to locate auto-apply AttributeConverter for property [org.frcpm.models.Component:id]
10:24:44.033 [main] DEBUG org.hibernate.boot.model.internal.BasicValueBinder - building BasicValue for id
10:24:44.033 [main] DEBUG org.hibernate.mapping.BasicValue - Skipping column re-registration: components.id
10:24:44.033 [main] DEBUG org.hibernate.boot.model.internal.PropertyBinder - Building property id
10:24:44.033 [main] DEBUG org.hibernate.boot.model.internal.BinderHelper - #makeIdGenerator(BasicValue([Column(id)]), id, identity, , ...)
10:24:44.033 [main] DEBUG org.hibernate.boot.model.internal.AnnotatedColumn - Binding column: AnnotatedColumn(column='actual_delivery')
10:24:44.033 [main] DEBUG org.hibernate.boot.model.internal.PropertyBinder - MetadataSourceProcessor property actualDelivery with lazy=false
10:24:44.033 [main] DEBUG org.hibernate.boot.model.internal.AbstractPropertyHolder - Attempting to locate auto-apply AttributeConverter for property [org.frcpm.models.Component:actualDelivery]
10:24:44.033 [main] DEBUG org.hibernate.boot.model.internal.BasicValueBinder - building BasicValue for actualDelivery
10:24:44.033 [main] DEBUG org.hibernate.mapping.BasicValue - Skipping column re-registration: components.actual_delivery
10:24:44.033 [main] DEBUG org.hibernate.boot.model.internal.PropertyBinder - Building property actualDelivery
10:24:44.033 [main] DEBUG org.hibernate.boot.model.internal.AnnotatedColumn - Binding column: AnnotatedColumn(column='is_delivered')
10:24:44.033 [main] DEBUG org.hibernate.boot.model.internal.PropertyBinder - MetadataSourceProcessor property delivered with lazy=false
10:24:44.033 [main] DEBUG org.hibernate.boot.model.internal.AbstractPropertyHolder - Attempting to locate auto-apply AttributeConverter for property [org.frcpm.models.Component:delivered]
10:24:44.033 [main] DEBUG org.hibernate.boot.model.internal.BasicValueBinder - building BasicValue for delivered
10:24:44.033 [main] DEBUG org.hibernate.mapping.BasicValue - Skipping column re-registration: components.is_delivered
10:24:44.033 [main] DEBUG org.hibernate.boot.model.internal.PropertyBinder - Building property delivered
10:24:44.033 [main] DEBUG org.hibernate.boot.model.internal.AnnotatedColumn - Binding column: AnnotatedColumn(column='description')
10:24:44.033 [main] DEBUG org.hibernate.boot.model.internal.PropertyBinder - MetadataSourceProcessor property description with lazy=false
10:24:44.033 [main] DEBUG org.hibernate.boot.model.internal.AbstractPropertyHolder - Attempting to locate auto-apply AttributeConverter for property [org.frcpm.models.Component:description]
10:24:44.033 [main] DEBUG org.hibernate.boot.model.internal.BasicValueBinder - building BasicValue for description
10:24:44.033 [main] DEBUG org.hibernate.mapping.BasicValue - Skipping column re-registration: components.description
10:24:44.033 [main] DEBUG org.hibernate.boot.model.internal.PropertyBinder - Building property description
10:24:44.033 [main] DEBUG org.hibernate.boot.model.internal.AnnotatedColumn - Binding column: AnnotatedColumn(column='expected_delivery')
10:24:44.033 [main] DEBUG org.hibernate.boot.model.internal.PropertyBinder - MetadataSourceProcessor property expectedDelivery with lazy=false
10:24:44.033 [main] DEBUG org.hibernate.boot.model.internal.AbstractPropertyHolder - Attempting to locate auto-apply AttributeConverter for property [org.frcpm.models.Component:expectedDelivery]
10:24:44.033 [main] DEBUG org.hibernate.boot.model.internal.BasicValueBinder - building BasicValue for expectedDelivery
10:24:44.033 [main] DEBUG org.hibernate.mapping.BasicValue - Skipping column re-registration: components.expected_delivery
10:24:44.033 [main] DEBUG org.hibernate.boot.model.internal.PropertyBinder - Building property expectedDelivery
10:24:44.033 [main] DEBUG org.hibernate.boot.model.internal.AnnotatedColumn - Binding column: AnnotatedColumn(column='name')
10:24:44.033 [main] DEBUG org.hibernate.boot.model.internal.PropertyBinder - MetadataSourceProcessor property name with lazy=false
10:24:44.033 [main] DEBUG org.hibernate.boot.model.internal.AbstractPropertyHolder - Attempting to locate auto-apply AttributeConverter for property [org.frcpm.models.Component:name]
10:24:44.033 [main] DEBUG org.hibernate.boot.model.internal.BasicValueBinder - building BasicValue for name
10:24:44.033 [main] DEBUG org.hibernate.mapping.BasicValue - Skipping column re-registration: components.name
10:24:44.033 [main] DEBUG org.hibernate.boot.model.internal.PropertyBinder - Building property name
10:24:44.033 [main] DEBUG org.hibernate.boot.model.internal.AnnotatedColumn - Binding column: AnnotatedColumn(column='part_number')
10:24:44.033 [main] DEBUG org.hibernate.boot.model.internal.PropertyBinder - MetadataSourceProcessor property partNumber with lazy=false
10:24:44.033 [main] DEBUG org.hibernate.boot.model.internal.AbstractPropertyHolder - Attempting to locate auto-apply AttributeConverter for property [org.frcpm.models.Component:partNumber]
10:24:44.033 [main] DEBUG org.hibernate.boot.model.internal.BasicValueBinder - building BasicValue for partNumber
10:24:44.033 [main] DEBUG org.hibernate.mapping.BasicValue - Skipping column re-registration: components.part_number
10:24:44.033 [main] DEBUG org.hibernate.boot.model.internal.PropertyBinder - Building property partNumber
10:24:44.033 [main] DEBUG org.hibernate.boot.model.internal.AnnotatedColumn - Binding column: IndexColumn(column='requiredForTasks_ORDER')
10:24:44.033 [main] DEBUG org.hibernate.boot.model.internal.AnnotatedColumn - Binding column: AnnotatedColumn()
10:24:44.033 [main] DEBUG org.hibernate.boot.model.internal.AnnotatedColumn - Binding column: AnnotatedColumn(column='requiredForTasks_KEY')
10:24:44.033 [main] DEBUG org.hibernate.boot.model.internal.AnnotatedColumn - Binding column: AnnotatedJoinColumn(column='requiredForTasks_KEY')
10:24:44.033 [main] DEBUG org.hibernate.boot.model.internal.AnnotatedColumn - Binding column: AnnotatedJoinColumn()
10:24:44.033 [main] DEBUG org.hibernate.boot.model.internal.AnnotatedColumn - Binding column: AnnotatedJoinColumn()
10:24:44.033 [main] DEBUG org.hibernate.boot.model.internal.CollectionBinder - Collection role: org.frcpm.models.Component.requiredForTasks
10:24:44.033 [main] DEBUG org.hibernate.boot.model.internal.PropertyBinder - Building property requiredForTasks
10:24:44.033 [main] DEBUG org.hibernate.boot.registry.classloading.internal.ClassLoaderServiceImpl - HHH000194: Package not found or no package-info.java: org.frcpm.models
10:24:44.033 [main] DEBUG org.hibernate.boot.model.internal.EntityBinder - Binding entity from annotated class: org.frcpm.models.Milestone
10:24:44.033 [main] DEBUG org.hibernate.boot.model.internal.EntityBinder - Import with entity name Milestone
10:24:44.033 [main] DEBUG org.hibernate.boot.model.internal.EntityBinder - Bind entity org.frcpm.models.Milestone on table milestones
10:24:44.033 [main] DEBUG org.hibernate.boot.model.internal.AnnotatedColumn - Binding column: AnnotatedDiscriminatorColumn(column='DTYPE')
10:24:44.033 [main] DEBUG org.hibernate.boot.model.internal.AnnotatedColumn - Binding column: AnnotatedColumn()
10:24:44.033 [main] DEBUG org.hibernate.boot.internal.ClassLoaderAccessImpl - Not known whether passed class name [org.frcpm.models.Milestone] is safe
10:24:44.033 [main] DEBUG org.hibernate.boot.internal.ClassLoaderAccessImpl - No temp ClassLoader provided; using live ClassLoader for loading potentially unsafe class : org.frcpm.models.Milestone
10:24:44.033 [main] DEBUG org.hibernate.boot.model.internal.PropertyBinder - MetadataSourceProcessor property id with lazy=false
10:24:44.033 [main] DEBUG org.hibernate.boot.model.internal.AbstractPropertyHolder - Attempting to locate auto-apply AttributeConverter for property [org.frcpm.models.Milestone:id]
10:24:44.033 [main] DEBUG org.hibernate.boot.model.internal.BasicValueBinder - building BasicValue for id
10:24:44.033 [main] DEBUG org.hibernate.mapping.BasicValue - Skipping column re-registration: milestones.id
10:24:44.033 [main] DEBUG org.hibernate.boot.model.internal.PropertyBinder - Building property id
10:24:44.033 [main] DEBUG org.hibernate.boot.model.internal.BinderHelper - #makeIdGenerator(BasicValue([Column(id)]), id, identity, , ...)
10:24:44.033 [main] DEBUG org.hibernate.boot.model.internal.AnnotatedColumn - Binding column: AnnotatedColumn(column='date')
10:24:44.033 [main] DEBUG org.hibernate.boot.model.internal.PropertyBinder - MetadataSourceProcessor property date with lazy=false
10:24:44.033 [main] DEBUG org.hibernate.boot.model.internal.AbstractPropertyHolder - Attempting to locate auto-apply AttributeConverter for property [org.frcpm.models.Milestone:date]
10:24:44.033 [main] DEBUG org.hibernate.boot.model.internal.BasicValueBinder - building BasicValue for date
10:24:44.033 [main] DEBUG org.hibernate.mapping.BasicValue - Skipping column re-registration: milestones.date
10:24:44.033 [main] DEBUG org.hibernate.boot.model.internal.PropertyBinder - Building property date
10:24:44.033 [main] DEBUG org.hibernate.boot.model.internal.AnnotatedColumn - Binding column: AnnotatedColumn(column='description')
10:24:44.033 [main] DEBUG org.hibernate.boot.model.internal.PropertyBinder - MetadataSourceProcessor property description with lazy=false
10:24:44.033 [main] DEBUG org.hibernate.boot.model.internal.AbstractPropertyHolder - Attempting to locate auto-apply AttributeConverter for property [org.frcpm.models.Milestone:description]
10:24:44.033 [main] DEBUG org.hibernate.boot.model.internal.BasicValueBinder - building BasicValue for description
10:24:44.033 [main] DEBUG org.hibernate.mapping.BasicValue - Skipping column re-registration: milestones.description
10:24:44.033 [main] DEBUG org.hibernate.boot.model.internal.PropertyBinder - Building property description
10:24:44.033 [main] DEBUG org.hibernate.boot.model.internal.AnnotatedColumn - Binding column: AnnotatedColumn(column='name')
10:24:44.033 [main] DEBUG org.hibernate.boot.model.internal.PropertyBinder - MetadataSourceProcessor property name with lazy=false
10:24:44.033 [main] DEBUG org.hibernate.boot.model.internal.AbstractPropertyHolder - Attempting to locate auto-apply AttributeConverter for property [org.frcpm.models.Milestone:name]
10:24:44.033 [main] DEBUG org.hibernate.boot.model.internal.BasicValueBinder - building BasicValue for name
10:24:44.033 [main] DEBUG org.hibernate.mapping.BasicValue - Skipping column re-registration: milestones.name
10:24:44.033 [main] DEBUG org.hibernate.boot.model.internal.PropertyBinder - Building property name
10:24:44.033 [main] DEBUG org.hibernate.boot.model.internal.AnnotatedColumn - Binding column: AnnotatedJoinColumn(column='project_id')
10:24:44.033 [main] DEBUG org.hibernate.boot.model.internal.AnnotatedColumn - Binding column: AnnotatedColumn()
10:24:44.033 [main] DEBUG org.hibernate.boot.model.internal.PropertyBinder - Building property project
10:24:44.034 [main] DEBUG org.hibernate.boot.registry.classloading.internal.ClassLoaderServiceImpl - HHH000194: Package not found or no package-info.java: org.frcpm.models
10:24:44.034 [main] DEBUG org.hibernate.boot.model.internal.EntityBinder - Binding entity from annotated class: org.frcpm.models.Project
10:24:44.034 [main] DEBUG org.hibernate.boot.model.internal.EntityBinder - Import with entity name Project
10:24:44.034 [main] DEBUG org.hibernate.boot.model.internal.EntityBinder - Bind entity org.frcpm.models.Project on table projects
10:24:44.034 [main] DEBUG org.hibernate.boot.model.internal.AnnotatedColumn - Binding column: AnnotatedDiscriminatorColumn(column='DTYPE')
10:24:44.034 [main] DEBUG org.hibernate.boot.model.internal.AnnotatedColumn - Binding column: AnnotatedColumn()
10:24:44.034 [main] DEBUG org.hibernate.boot.internal.ClassLoaderAccessImpl - Not known whether passed class name [org.frcpm.models.Project] is safe
10:24:44.034 [main] DEBUG org.hibernate.boot.internal.ClassLoaderAccessImpl - No temp ClassLoader provided; using live ClassLoader for loading potentially unsafe class : org.frcpm.models.Project
10:24:44.034 [main] DEBUG org.hibernate.boot.model.internal.PropertyBinder - MetadataSourceProcessor property id with lazy=false
10:24:44.034 [main] DEBUG org.hibernate.boot.model.internal.AbstractPropertyHolder - Attempting to locate auto-apply AttributeConverter for property [org.frcpm.models.Project:id]
10:24:44.034 [main] DEBUG org.hibernate.boot.model.internal.BasicValueBinder - building BasicValue for id
10:24:44.034 [main] DEBUG org.hibernate.mapping.BasicValue - Skipping column re-registration: projects.id
10:24:44.034 [main] DEBUG org.hibernate.boot.model.internal.PropertyBinder - Building property id
10:24:44.034 [main] DEBUG org.hibernate.boot.model.internal.BinderHelper - #makeIdGenerator(BasicValue([Column(id)]), id, identity, , ...)
10:24:44.034 [main] DEBUG org.hibernate.boot.model.internal.AnnotatedColumn - Binding column: AnnotatedColumn(column='description')
10:24:44.034 [main] DEBUG org.hibernate.boot.model.internal.PropertyBinder - MetadataSourceProcessor property description with lazy=false
10:24:44.034 [main] DEBUG org.hibernate.boot.model.internal.AbstractPropertyHolder - Attempting to locate auto-apply AttributeConverter for property [org.frcpm.models.Project:description]
10:24:44.034 [main] DEBUG org.hibernate.boot.model.internal.BasicValueBinder - building BasicValue for description
10:24:44.034 [main] DEBUG org.hibernate.mapping.BasicValue - Skipping column re-registration: projects.description
10:24:44.034 [main] DEBUG org.hibernate.boot.model.internal.PropertyBinder - Building property description
10:24:44.034 [main] DEBUG org.hibernate.boot.model.internal.AnnotatedColumn - Binding column: AnnotatedColumn(column='goal_end_date')
10:24:44.034 [main] DEBUG org.hibernate.boot.model.internal.PropertyBinder - MetadataSourceProcessor property goalEndDate with lazy=false
10:24:44.034 [main] DEBUG org.hibernate.boot.model.internal.AbstractPropertyHolder - Attempting to locate auto-apply AttributeConverter for property [org.frcpm.models.Project:goalEndDate]
10:24:44.034 [main] DEBUG org.hibernate.boot.model.internal.BasicValueBinder - building BasicValue for goalEndDate
10:24:44.034 [main] DEBUG org.hibernate.mapping.BasicValue - Skipping column re-registration: projects.goal_end_date
10:24:44.034 [main] DEBUG org.hibernate.boot.model.internal.PropertyBinder - Building property goalEndDate
10:24:44.034 [main] DEBUG org.hibernate.boot.model.internal.AnnotatedColumn - Binding column: AnnotatedColumn(column='hard_deadline')
10:24:44.034 [main] DEBUG org.hibernate.boot.model.internal.PropertyBinder - MetadataSourceProcessor property hardDeadline with lazy=false
10:24:44.034 [main] DEBUG org.hibernate.boot.model.internal.AbstractPropertyHolder - Attempting to locate auto-apply AttributeConverter for property [org.frcpm.models.Project:hardDeadline]
10:24:44.034 [main] DEBUG org.hibernate.boot.model.internal.BasicValueBinder - building BasicValue for hardDeadline
10:24:44.034 [main] DEBUG org.hibernate.mapping.BasicValue - Skipping column re-registration: projects.hard_deadline
10:24:44.034 [main] DEBUG org.hibernate.boot.model.internal.PropertyBinder - Building property hardDeadline
10:24:44.034 [main] DEBUG org.hibernate.boot.model.internal.AnnotatedColumn - Binding column: AnnotatedJoinColumn()
10:24:44.034 [main] DEBUG org.hibernate.boot.model.internal.AnnotatedColumn - Binding column: AnnotatedColumn()
10:24:44.034 [main] DEBUG org.hibernate.boot.model.internal.AnnotatedColumn - Binding column: IndexColumn(column='meetings_ORDER')
10:24:44.034 [main] DEBUG org.hibernate.boot.model.internal.AnnotatedColumn - Binding column: AnnotatedColumn()
10:24:44.034 [main] DEBUG org.hibernate.boot.model.internal.AnnotatedColumn - Binding column: AnnotatedColumn(column='meetings_KEY')
10:24:44.034 [main] DEBUG org.hibernate.boot.model.internal.AnnotatedColumn - Binding column: AnnotatedJoinColumn(column='meetings_KEY')
10:24:44.034 [main] DEBUG org.hibernate.boot.model.internal.AnnotatedColumn - Binding column: AnnotatedJoinColumn()
10:24:44.034 [main] DEBUG org.hibernate.boot.model.internal.AnnotatedColumn - Binding column: AnnotatedJoinColumn()
10:24:44.034 [main] DEBUG org.hibernate.boot.model.internal.CollectionBinder - Collection role: org.frcpm.models.Project.meetings
10:24:44.034 [main] DEBUG org.hibernate.boot.model.internal.PropertyBinder - Building property meetings
10:24:44.034 [main] DEBUG org.hibernate.boot.model.internal.AnnotatedColumn - Binding column: AnnotatedJoinColumn()
10:24:44.034 [main] DEBUG org.hibernate.boot.model.internal.AnnotatedColumn - Binding column: AnnotatedColumn()
10:24:44.034 [main] DEBUG org.hibernate.boot.model.internal.AnnotatedColumn - Binding column: IndexColumn(column='milestones_ORDER')
10:24:44.034 [main] DEBUG org.hibernate.boot.model.internal.AnnotatedColumn - Binding column: AnnotatedColumn()
10:24:44.034 [main] DEBUG org.hibernate.boot.model.internal.AnnotatedColumn - Binding column: AnnotatedColumn(column='milestones_KEY')
10:24:44.034 [main] DEBUG org.hibernate.boot.model.internal.AnnotatedColumn - Binding column: AnnotatedJoinColumn(column='milestones_KEY')
10:24:44.034 [main] DEBUG org.hibernate.boot.model.internal.AnnotatedColumn - Binding column: AnnotatedJoinColumn()
10:24:44.034 [main] DEBUG org.hibernate.boot.model.internal.AnnotatedColumn - Binding column: AnnotatedJoinColumn()
10:24:44.034 [main] DEBUG org.hibernate.boot.model.internal.CollectionBinder - Collection role: org.frcpm.models.Project.milestones
10:24:44.034 [main] DEBUG org.hibernate.boot.model.internal.PropertyBinder - Building property milestones
10:24:44.034 [main] DEBUG org.hibernate.boot.model.internal.AnnotatedColumn - Binding column: AnnotatedColumn(column='name')
10:24:44.034 [main] DEBUG org.hibernate.boot.model.internal.PropertyBinder - MetadataSourceProcessor property name with lazy=false
10:24:44.034 [main] DEBUG org.hibernate.boot.model.internal.AbstractPropertyHolder - Attempting to locate auto-apply AttributeConverter for property [org.frcpm.models.Project:name]
10:24:44.034 [main] DEBUG org.hibernate.boot.model.internal.BasicValueBinder - building BasicValue for name
10:24:44.034 [main] DEBUG org.hibernate.mapping.BasicValue - Skipping column re-registration: projects.name
10:24:44.034 [main] DEBUG org.hibernate.boot.model.internal.PropertyBinder - Building property name
10:24:44.034 [main] DEBUG org.hibernate.boot.model.internal.AnnotatedColumn - Binding column: AnnotatedColumn(column='start_date')
10:24:44.034 [main] DEBUG org.hibernate.boot.model.internal.PropertyBinder - MetadataSourceProcessor property startDate with lazy=false
10:24:44.034 [main] DEBUG org.hibernate.boot.model.internal.AbstractPropertyHolder - Attempting to locate auto-apply AttributeConverter for property [org.frcpm.models.Project:startDate]
10:24:44.034 [main] DEBUG org.hibernate.boot.model.internal.BasicValueBinder - building BasicValue for startDate
10:24:44.034 [main] DEBUG org.hibernate.mapping.BasicValue - Skipping column re-registration: projects.start_date
10:24:44.034 [main] DEBUG org.hibernate.boot.model.internal.PropertyBinder - Building property startDate
10:24:44.034 [main] DEBUG org.hibernate.boot.model.internal.AnnotatedColumn - Binding column: AnnotatedJoinColumn()
10:24:44.034 [main] DEBUG org.hibernate.boot.model.internal.AnnotatedColumn - Binding column: AnnotatedColumn()
10:24:44.034 [main] DEBUG org.hibernate.boot.model.internal.AnnotatedColumn - Binding column: IndexColumn(column='tasks_ORDER')
10:24:44.034 [main] DEBUG org.hibernate.boot.model.internal.AnnotatedColumn - Binding column: AnnotatedColumn()
10:24:44.034 [main] DEBUG org.hibernate.boot.model.internal.AnnotatedColumn - Binding column: AnnotatedColumn(column='tasks_KEY')
10:24:44.034 [main] DEBUG org.hibernate.boot.model.internal.AnnotatedColumn - Binding column: AnnotatedJoinColumn(column='tasks_KEY')
10:24:44.034 [main] DEBUG org.hibernate.boot.model.internal.AnnotatedColumn - Binding column: AnnotatedJoinColumn()
10:24:44.034 [main] DEBUG org.hibernate.boot.model.internal.AnnotatedColumn - Binding column: AnnotatedJoinColumn()
10:24:44.034 [main] DEBUG org.hibernate.boot.model.internal.CollectionBinder - Collection role: org.frcpm.models.Project.tasks
10:24:44.034 [main] DEBUG org.hibernate.boot.model.internal.PropertyBinder - Building property tasks
10:24:44.035 [main] DEBUG org.hibernate.boot.registry.classloading.internal.ClassLoaderServiceImpl - HHH000194: Package not found or no package-info.java: org.frcpm.models
10:24:44.035 [main] DEBUG org.hibernate.boot.model.internal.EntityBinder - Binding entity from annotated class: org.frcpm.models.Subteam
10:24:44.035 [main] DEBUG org.hibernate.boot.model.internal.EntityBinder - Import with entity name Subteam
10:24:44.035 [main] DEBUG org.hibernate.boot.model.internal.EntityBinder - Bind entity org.frcpm.models.Subteam on table subteams
10:24:44.035 [main] DEBUG org.hibernate.boot.model.internal.AnnotatedColumn - Binding column: AnnotatedDiscriminatorColumn(column='DTYPE')
10:24:44.035 [main] DEBUG org.hibernate.boot.model.internal.AnnotatedColumn - Binding column: AnnotatedColumn()
10:24:44.035 [main] DEBUG org.hibernate.boot.internal.ClassLoaderAccessImpl - Not known whether passed class name [org.frcpm.models.Subteam] is safe
10:24:44.035 [main] DEBUG org.hibernate.boot.internal.ClassLoaderAccessImpl - No temp ClassLoader provided; using live ClassLoader for loading potentially unsafe class : org.frcpm.models.Subteam
10:24:44.035 [main] DEBUG org.hibernate.boot.model.internal.PropertyBinder - MetadataSourceProcessor property id with lazy=false
10:24:44.035 [main] DEBUG org.hibernate.boot.model.internal.AbstractPropertyHolder - Attempting to locate auto-apply AttributeConverter for property [org.frcpm.models.Subteam:id]
10:24:44.035 [main] DEBUG org.hibernate.boot.model.internal.BasicValueBinder - building BasicValue for id
10:24:44.035 [main] DEBUG org.hibernate.mapping.BasicValue - Skipping column re-registration: subteams.id
10:24:44.035 [main] DEBUG org.hibernate.boot.model.internal.PropertyBinder - Building property id
10:24:44.036 [main] DEBUG org.hibernate.boot.model.internal.BinderHelper - #makeIdGenerator(BasicValue([Column(id)]), id, identity, , ...)
10:24:44.036 [main] DEBUG org.hibernate.boot.model.internal.AnnotatedColumn - Binding column: AnnotatedColumn(column='color_code')
10:24:44.036 [main] DEBUG org.hibernate.boot.model.internal.PropertyBinder - MetadataSourceProcessor property colorCode with lazy=false
10:24:44.036 [main] DEBUG org.hibernate.boot.model.internal.AbstractPropertyHolder - Attempting to locate auto-apply AttributeConverter for property [org.frcpm.models.Subteam:colorCode]
10:24:44.036 [main] DEBUG org.hibernate.boot.model.internal.BasicValueBinder - building BasicValue for colorCode
10:24:44.036 [main] DEBUG org.hibernate.mapping.BasicValue - Skipping column re-registration: subteams.color_code
10:24:44.036 [main] DEBUG org.hibernate.boot.model.internal.PropertyBinder - Building property colorCode
10:24:44.036 [main] DEBUG org.hibernate.boot.model.internal.AnnotatedColumn - Binding column: AnnotatedJoinColumn()
10:24:44.036 [main] DEBUG org.hibernate.boot.model.internal.AnnotatedColumn - Binding column: AnnotatedColumn()
10:24:44.036 [main] DEBUG org.hibernate.boot.model.internal.AnnotatedColumn - Binding column: IndexColumn(column='members_ORDER')
10:24:44.036 [main] DEBUG org.hibernate.boot.model.internal.AnnotatedColumn - Binding column: AnnotatedColumn()
10:24:44.036 [main] DEBUG org.hibernate.boot.model.internal.AnnotatedColumn - Binding column: AnnotatedColumn(column='members_KEY')
10:24:44.036 [main] DEBUG org.hibernate.boot.model.internal.AnnotatedColumn - Binding column: AnnotatedJoinColumn(column='members_KEY')
10:24:44.036 [main] DEBUG org.hibernate.boot.model.internal.AnnotatedColumn - Binding column: AnnotatedJoinColumn()
10:24:44.036 [main] DEBUG org.hibernate.boot.model.internal.AnnotatedColumn - Binding column: AnnotatedJoinColumn()
10:24:44.036 [main] DEBUG org.hibernate.boot.model.internal.CollectionBinder - Collection role: org.frcpm.models.Subteam.members
10:24:44.036 [main] DEBUG org.hibernate.boot.model.internal.PropertyBinder - Building property members
10:24:44.036 [main] DEBUG org.hibernate.boot.model.internal.AnnotatedColumn - Binding column: AnnotatedColumn(column='name')
10:24:44.036 [main] DEBUG org.hibernate.boot.model.internal.PropertyBinder - MetadataSourceProcessor property name with lazy=false
10:24:44.036 [main] DEBUG org.hibernate.boot.model.internal.AbstractPropertyHolder - Attempting to locate auto-apply AttributeConverter for property [org.frcpm.models.Subteam:name]
10:24:44.036 [main] DEBUG org.hibernate.boot.model.internal.BasicValueBinder - building BasicValue for name
10:24:44.036 [main] DEBUG org.hibernate.mapping.BasicValue - Skipping column re-registration: subteams.name
10:24:44.036 [main] DEBUG org.hibernate.boot.model.internal.PropertyBinder - Building property name
10:24:44.036 [main] DEBUG org.hibernate.boot.model.internal.AnnotatedColumn - Binding column: AnnotatedColumn(column='specialties')
10:24:44.036 [main] DEBUG org.hibernate.boot.model.internal.PropertyBinder - MetadataSourceProcessor property specialties with lazy=false
10:24:44.036 [main] DEBUG org.hibernate.boot.model.internal.AbstractPropertyHolder - Attempting to locate auto-apply AttributeConverter for property [org.frcpm.models.Subteam:specialties]
10:24:44.036 [main] DEBUG org.hibernate.boot.model.internal.BasicValueBinder - building BasicValue for specialties
10:24:44.036 [main] DEBUG org.hibernate.mapping.BasicValue - Skipping column re-registration: subteams.specialties
10:24:44.036 [main] DEBUG org.hibernate.boot.model.internal.PropertyBinder - Building property specialties
10:24:44.036 [main] DEBUG org.hibernate.boot.model.internal.AnnotatedColumn - Binding column: AnnotatedJoinColumn()
10:24:44.036 [main] DEBUG org.hibernate.boot.model.internal.AnnotatedColumn - Binding column: AnnotatedColumn()
10:24:44.036 [main] DEBUG org.hibernate.boot.model.internal.AnnotatedColumn - Binding column: IndexColumn(column='subsystems_ORDER')
10:24:44.036 [main] DEBUG org.hibernate.boot.model.internal.AnnotatedColumn - Binding column: AnnotatedColumn()
10:24:44.036 [main] DEBUG org.hibernate.boot.model.internal.AnnotatedColumn - Binding column: AnnotatedColumn(column='subsystems_KEY')
10:24:44.036 [main] DEBUG org.hibernate.boot.model.internal.AnnotatedColumn - Binding column: AnnotatedJoinColumn(column='subsystems_KEY')
10:24:44.036 [main] DEBUG org.hibernate.boot.model.internal.AnnotatedColumn - Binding column: AnnotatedJoinColumn()
10:24:44.036 [main] DEBUG org.hibernate.boot.model.internal.AnnotatedColumn - Binding column: AnnotatedJoinColumn()
10:24:44.036 [main] DEBUG org.hibernate.boot.model.internal.CollectionBinder - Collection role: org.frcpm.models.Subteam.subsystems
10:24:44.036 [main] DEBUG org.hibernate.boot.model.internal.PropertyBinder - Building property subsystems
10:24:44.037 [main] DEBUG org.hibernate.boot.registry.classloading.internal.ClassLoaderServiceImpl - HHH000194: Package not found or no package-info.java: org.frcpm.models
10:24:44.037 [main] DEBUG org.hibernate.boot.model.internal.EntityBinder - Binding entity from annotated class: org.frcpm.models.Task
10:24:44.037 [main] DEBUG org.hibernate.boot.model.internal.EntityBinder - Import with entity name Task
10:24:44.037 [main] DEBUG org.hibernate.boot.model.internal.EntityBinder - Bind entity org.frcpm.models.Task on table tasks
10:24:44.037 [main] DEBUG org.hibernate.boot.model.internal.AnnotatedColumn - Binding column: AnnotatedDiscriminatorColumn(column='DTYPE')
10:24:44.037 [main] DEBUG org.hibernate.boot.model.internal.AnnotatedColumn - Binding column: AnnotatedColumn()
10:24:44.037 [main] DEBUG org.hibernate.boot.internal.ClassLoaderAccessImpl - Not known whether passed class name [org.frcpm.models.Task] is safe
10:24:44.037 [main] DEBUG org.hibernate.boot.internal.ClassLoaderAccessImpl - No temp ClassLoader provided; using live ClassLoader for loading potentially unsafe class : org.frcpm.models.Task
10:24:44.037 [main] DEBUG org.hibernate.boot.model.internal.PropertyBinder - MetadataSourceProcessor property id with lazy=false
10:24:44.037 [main] DEBUG org.hibernate.boot.model.internal.AbstractPropertyHolder - Attempting to locate auto-apply AttributeConverter for property [org.frcpm.models.Task:id]
10:24:44.037 [main] DEBUG org.hibernate.boot.model.internal.BasicValueBinder - building BasicValue for id
10:24:44.037 [main] DEBUG org.hibernate.mapping.BasicValue - Skipping column re-registration: tasks.id
10:24:44.037 [main] DEBUG org.hibernate.boot.model.internal.PropertyBinder - Building property id
10:24:44.037 [main] DEBUG org.hibernate.boot.model.internal.BinderHelper - #makeIdGenerator(BasicValue([Column(id)]), id, identity, , ...)
10:24:44.037 [main] DEBUG org.hibernate.boot.model.internal.AnnotatedColumn - Binding column: AnnotatedColumn(column='actual_duration_seconds')
10:24:44.037 [main] DEBUG org.hibernate.boot.model.internal.PropertyBinder - MetadataSourceProcessor property actualDurationSeconds with lazy=false
10:24:44.037 [main] DEBUG org.hibernate.boot.model.internal.AbstractPropertyHolder - Attempting to locate auto-apply AttributeConverter for property [org.frcpm.models.Task:actualDurationSeconds]
10:24:44.037 [main] DEBUG org.hibernate.boot.model.internal.BasicValueBinder - building BasicValue for actualDurationSeconds
10:24:44.037 [main] DEBUG org.hibernate.mapping.BasicValue - Skipping column re-registration: tasks.actual_duration_seconds
10:24:44.037 [main] DEBUG org.hibernate.boot.model.internal.PropertyBinder - Building property actualDurationSeconds
10:24:44.037 [main] DEBUG org.hibernate.boot.model.internal.AnnotatedColumn - Binding column: IndexColumn(column='assignedTo_ORDER')
10:24:44.038 [main] DEBUG org.hibernate.boot.model.internal.AnnotatedColumn - Binding column: AnnotatedColumn()
10:24:44.038 [main] DEBUG org.hibernate.boot.model.internal.AnnotatedColumn - Binding column: AnnotatedColumn(column='assignedTo_KEY')
10:24:44.038 [main] DEBUG org.hibernate.boot.model.internal.AnnotatedColumn - Binding column: AnnotatedJoinColumn(column='assignedTo_KEY')
10:24:44.038 [main] DEBUG org.hibernate.boot.model.internal.AnnotatedColumn - Binding column: AnnotatedJoinColumn(column='task_id')
10:24:44.038 [main] DEBUG org.hibernate.boot.model.internal.AnnotatedColumn - Binding column: AnnotatedJoinColumn(column='team_member_id')
10:24:44.038 [main] DEBUG org.hibernate.boot.model.internal.CollectionBinder - Collection role: org.frcpm.models.Task.assignedTo
10:24:44.038 [main] DEBUG org.hibernate.boot.model.internal.PropertyBinder - Building property assignedTo
10:24:44.038 [main] DEBUG org.hibernate.boot.model.internal.AnnotatedColumn - Binding column: AnnotatedColumn(column='completed')
10:24:44.038 [main] DEBUG org.hibernate.boot.model.internal.PropertyBinder - MetadataSourceProcessor property completed with lazy=false
10:24:44.038 [main] DEBUG org.hibernate.boot.model.internal.AbstractPropertyHolder - Attempting to locate auto-apply AttributeConverter for property [org.frcpm.models.Task:completed]
10:24:44.038 [main] DEBUG org.hibernate.boot.model.internal.BasicValueBinder - building BasicValue for completed
10:24:44.038 [main] DEBUG org.hibernate.mapping.BasicValue - Skipping column re-registration: tasks.completed
10:24:44.038 [main] DEBUG org.hibernate.boot.model.internal.PropertyBinder - Building property completed
10:24:44.038 [main] DEBUG org.hibernate.boot.model.internal.AnnotatedColumn - Binding column: AnnotatedColumn(column='description')
10:24:44.038 [main] DEBUG org.hibernate.boot.model.internal.PropertyBinder - MetadataSourceProcessor property description with lazy=false
10:24:44.038 [main] DEBUG org.hibernate.boot.model.internal.AbstractPropertyHolder - Attempting to locate auto-apply AttributeConverter for property [org.frcpm.models.Task:description]
10:24:44.038 [main] DEBUG org.hibernate.boot.model.internal.BasicValueBinder - building BasicValue for description
10:24:44.038 [main] DEBUG org.hibernate.mapping.BasicValue - Skipping column re-registration: tasks.description
10:24:44.038 [main] DEBUG org.hibernate.boot.model.internal.PropertyBinder - Building property description
10:24:44.038 [main] DEBUG org.hibernate.boot.model.internal.AnnotatedColumn - Binding column: AnnotatedColumn(column='end_date')
10:24:44.038 [main] DEBUG org.hibernate.boot.model.internal.PropertyBinder - MetadataSourceProcessor property endDate with lazy=false
10:24:44.038 [main] DEBUG org.hibernate.boot.model.internal.AbstractPropertyHolder - Attempting to locate auto-apply AttributeConverter for property [org.frcpm.models.Task:endDate]
10:24:44.038 [main] DEBUG org.hibernate.boot.model.internal.BasicValueBinder - building BasicValue for endDate
10:24:44.038 [main] DEBUG org.hibernate.mapping.BasicValue - Skipping column re-registration: tasks.end_date
10:24:44.038 [main] DEBUG org.hibernate.boot.model.internal.PropertyBinder - Building property endDate
10:24:44.038 [main] DEBUG org.hibernate.boot.model.internal.AnnotatedColumn - Binding column: AnnotatedColumn(column='estimated_duration_seconds')
10:24:44.038 [main] DEBUG org.hibernate.boot.model.internal.PropertyBinder - MetadataSourceProcessor property estimatedDurationSeconds with lazy=false
10:24:44.038 [main] DEBUG org.hibernate.boot.model.internal.AbstractPropertyHolder - Attempting to locate auto-apply AttributeConverter for property [org.frcpm.models.Task:estimatedDurationSeconds]
10:24:44.038 [main] DEBUG org.hibernate.boot.model.internal.BasicValueBinder - building BasicValue for estimatedDurationSeconds
10:24:44.038 [main] DEBUG org.hibernate.mapping.BasicValue - Skipping column re-registration: tasks.estimated_duration_seconds
10:24:44.038 [main] DEBUG org.hibernate.boot.model.internal.PropertyBinder - Building property estimatedDurationSeconds
10:24:44.038 [main] DEBUG org.hibernate.boot.model.internal.AnnotatedColumn - Binding column: IndexColumn(column='postDependencies_ORDER')
10:24:44.038 [main] DEBUG org.hibernate.boot.model.internal.AnnotatedColumn - Binding column: AnnotatedColumn()
10:24:44.038 [main] DEBUG org.hibernate.boot.model.internal.AnnotatedColumn - Binding column: AnnotatedColumn(column='postDependencies_KEY')
10:24:44.038 [main] DEBUG org.hibernate.boot.model.internal.AnnotatedColumn - Binding column: AnnotatedJoinColumn(column='postDependencies_KEY')
10:24:44.038 [main] DEBUG org.hibernate.boot.model.internal.AnnotatedColumn - Binding column: AnnotatedJoinColumn()
10:24:44.038 [main] DEBUG org.hibernate.boot.model.internal.AnnotatedColumn - Binding column: AnnotatedJoinColumn()
10:24:44.038 [main] DEBUG org.hibernate.boot.model.internal.CollectionBinder - Collection role: org.frcpm.models.Task.postDependencies
10:24:44.038 [main] DEBUG org.hibernate.boot.model.internal.PropertyBinder - Building property postDependencies
10:24:44.038 [main] DEBUG org.hibernate.boot.model.internal.AnnotatedColumn - Binding column: IndexColumn(column='preDependencies_ORDER')
10:24:44.038 [main] DEBUG org.hibernate.boot.model.internal.AnnotatedColumn - Binding column: AnnotatedColumn()
10:24:44.038 [main] DEBUG org.hibernate.boot.model.internal.AnnotatedColumn - Binding column: AnnotatedColumn(column='preDependencies_KEY')
10:24:44.038 [main] DEBUG org.hibernate.boot.model.internal.AnnotatedColumn - Binding column: AnnotatedJoinColumn(column='preDependencies_KEY')
10:24:44.038 [main] DEBUG org.hibernate.boot.model.internal.AnnotatedColumn - Binding column: AnnotatedJoinColumn(column='task_id')
10:24:44.038 [main] DEBUG org.hibernate.boot.model.internal.AnnotatedColumn - Binding column: AnnotatedJoinColumn(column='dependency_id')
10:24:44.038 [main] DEBUG org.hibernate.boot.model.internal.CollectionBinder - Collection role: org.frcpm.models.Task.preDependencies
10:24:44.038 [main] DEBUG org.hibernate.boot.model.internal.PropertyBinder - Building property preDependencies
10:24:44.038 [main] DEBUG org.hibernate.boot.model.internal.AnnotatedColumn - Binding column: AnnotatedColumn(column='priority')
10:24:44.038 [main] DEBUG org.hibernate.boot.model.internal.PropertyBinder - MetadataSourceProcessor property priority with lazy=false
10:24:44.038 [main] DEBUG org.hibernate.boot.model.internal.AbstractPropertyHolder - Attempting to locate auto-apply AttributeConverter for property [org.frcpm.models.Task:priority]
10:24:44.038 [main] DEBUG org.hibernate.boot.model.internal.BasicValueBinder - building BasicValue for priority
10:24:44.038 [main] DEBUG org.hibernate.mapping.BasicValue - Skipping column re-registration: tasks.priority
10:24:44.038 [main] DEBUG org.hibernate.boot.model.internal.PropertyBinder - Building property priority
10:24:44.038 [main] DEBUG org.hibernate.boot.model.internal.AnnotatedColumn - Binding column: AnnotatedColumn(column='progress')
10:24:44.038 [main] DEBUG org.hibernate.boot.model.internal.PropertyBinder - MetadataSourceProcessor property progress with lazy=false
10:24:44.038 [main] DEBUG org.hibernate.boot.model.internal.AbstractPropertyHolder - Attempting to locate auto-apply AttributeConverter for property [org.frcpm.models.Task:progress]
10:24:44.038 [main] DEBUG org.hibernate.boot.model.internal.BasicValueBinder - building BasicValue for progress
10:24:44.038 [main] DEBUG org.hibernate.mapping.BasicValue - Skipping column re-registration: tasks.progress
10:24:44.038 [main] DEBUG org.hibernate.boot.model.internal.PropertyBinder - Building property progress
10:24:44.038 [main] DEBUG org.hibernate.boot.model.internal.AnnotatedColumn - Binding column: AnnotatedJoinColumn(column='project_id')
10:24:44.038 [main] DEBUG org.hibernate.boot.model.internal.AnnotatedColumn - Binding column: AnnotatedColumn()
10:24:44.038 [main] DEBUG org.hibernate.boot.model.internal.PropertyBinder - Building property project
10:24:44.038 [main] DEBUG org.hibernate.boot.model.internal.AnnotatedColumn - Binding column: IndexColumn(column='requiredComponents_ORDER')
10:24:44.038 [main] DEBUG org.hibernate.boot.model.internal.AnnotatedColumn - Binding column: AnnotatedColumn()
10:24:44.038 [main] DEBUG org.hibernate.boot.model.internal.AnnotatedColumn - Binding column: AnnotatedColumn(column='requiredComponents_KEY')
10:24:44.038 [main] DEBUG org.hibernate.boot.model.internal.AnnotatedColumn - Binding column: AnnotatedJoinColumn(column='requiredComponents_KEY')
10:24:44.038 [main] DEBUG org.hibernate.boot.model.internal.AnnotatedColumn - Binding column: AnnotatedJoinColumn(column='task_id')
10:24:44.038 [main] DEBUG org.hibernate.boot.model.internal.AnnotatedColumn - Binding column: AnnotatedJoinColumn(column='component_id')
10:24:44.038 [main] DEBUG org.hibernate.boot.model.internal.CollectionBinder - Collection role: org.frcpm.models.Task.requiredComponents
10:24:44.038 [main] DEBUG org.hibernate.boot.model.internal.PropertyBinder - Building property requiredComponents
10:24:44.038 [main] DEBUG org.hibernate.boot.model.internal.AnnotatedColumn - Binding column: AnnotatedColumn(column='start_date')
10:24:44.038 [main] DEBUG org.hibernate.boot.model.internal.PropertyBinder - MetadataSourceProcessor property startDate with lazy=false
10:24:44.038 [main] DEBUG org.hibernate.boot.model.internal.AbstractPropertyHolder - Attempting to locate auto-apply AttributeConverter for property [org.frcpm.models.Task:startDate]
10:24:44.038 [main] DEBUG org.hibernate.boot.model.internal.BasicValueBinder - building BasicValue for startDate
10:24:44.038 [main] DEBUG org.hibernate.mapping.BasicValue - Skipping column re-registration: tasks.start_date
10:24:44.038 [main] DEBUG org.hibernate.boot.model.internal.PropertyBinder - Building property startDate
10:24:44.038 [main] DEBUG org.hibernate.boot.model.internal.AnnotatedColumn - Binding column: AnnotatedJoinColumn(column='subsystem_id')
10:24:44.038 [main] DEBUG org.hibernate.boot.model.internal.AnnotatedColumn - Binding column: AnnotatedColumn()
10:24:44.038 [main] DEBUG org.hibernate.boot.model.internal.PropertyBinder - Building property subsystem
10:24:44.038 [main] DEBUG org.hibernate.boot.model.internal.AnnotatedColumn - Binding column: AnnotatedColumn(column='title')
10:24:44.038 [main] DEBUG org.hibernate.boot.model.internal.PropertyBinder - MetadataSourceProcessor property title with lazy=false
10:24:44.038 [main] DEBUG org.hibernate.boot.model.internal.AbstractPropertyHolder - Attempting to locate auto-apply AttributeConverter for property [org.frcpm.models.Task:title]
10:24:44.038 [main] DEBUG org.hibernate.boot.model.internal.BasicValueBinder - building BasicValue for title
10:24:44.038 [main] DEBUG org.hibernate.mapping.BasicValue - Skipping column re-registration: tasks.title
10:24:44.038 [main] DEBUG org.hibernate.boot.model.internal.PropertyBinder - Building property title
10:24:44.038 [main] DEBUG org.hibernate.boot.registry.classloading.internal.ClassLoaderServiceImpl - HHH000194: Package not found or no package-info.java: org.frcpm.models
10:24:44.039 [main] DEBUG org.hibernate.boot.model.internal.EntityBinder - Binding entity from annotated class: org.frcpm.models.TeamMember
10:24:44.039 [main] DEBUG org.hibernate.boot.model.internal.EntityBinder - Import with entity name TeamMember
10:24:44.039 [main] DEBUG org.hibernate.boot.model.internal.EntityBinder - Bind entity org.frcpm.models.TeamMember on table team_members
10:24:44.039 [main] DEBUG org.hibernate.boot.model.internal.AnnotatedColumn - Binding column: AnnotatedDiscriminatorColumn(column='DTYPE')
10:24:44.039 [main] DEBUG org.hibernate.boot.model.internal.AnnotatedColumn - Binding column: AnnotatedColumn()
10:24:44.039 [main] DEBUG org.hibernate.boot.internal.ClassLoaderAccessImpl - Not known whether passed class name [org.frcpm.models.TeamMember] is safe
10:24:44.039 [main] DEBUG org.hibernate.boot.internal.ClassLoaderAccessImpl - No temp ClassLoader provided; using live ClassLoader for loading potentially unsafe class : org.frcpm.models.TeamMember
10:24:44.039 [main] DEBUG org.hibernate.boot.model.internal.PropertyBinder - MetadataSourceProcessor property id with lazy=false
10:24:44.039 [main] DEBUG org.hibernate.boot.model.internal.AbstractPropertyHolder - Attempting to locate auto-apply AttributeConverter for property [org.frcpm.models.TeamMember:id]
10:24:44.039 [main] DEBUG org.hibernate.boot.model.internal.BasicValueBinder - building BasicValue for id
10:24:44.039 [main] DEBUG org.hibernate.mapping.BasicValue - Skipping column re-registration: team_members.id
10:24:44.039 [main] DEBUG org.hibernate.boot.model.internal.PropertyBinder - Building property id
10:24:44.039 [main] DEBUG org.hibernate.boot.model.internal.BinderHelper - #makeIdGenerator(BasicValue([Column(id)]), id, identity, , ...)
10:24:44.039 [main] DEBUG org.hibernate.boot.model.internal.AnnotatedColumn - Binding column: IndexColumn(column='assignedTasks_ORDER')
10:24:44.039 [main] DEBUG org.hibernate.boot.model.internal.AnnotatedColumn - Binding column: AnnotatedColumn()
10:24:44.039 [main] DEBUG org.hibernate.boot.model.internal.AnnotatedColumn - Binding column: AnnotatedColumn(column='assignedTasks_KEY')
10:24:44.039 [main] DEBUG org.hibernate.boot.model.internal.AnnotatedColumn - Binding column: AnnotatedJoinColumn(column='assignedTasks_KEY')
10:24:44.039 [main] DEBUG org.hibernate.boot.model.internal.AnnotatedColumn - Binding column: AnnotatedJoinColumn()
10:24:44.039 [main] DEBUG org.hibernate.boot.model.internal.AnnotatedColumn - Binding column: AnnotatedJoinColumn()
10:24:44.039 [main] DEBUG org.hibernate.boot.model.internal.CollectionBinder - Collection role: org.frcpm.models.TeamMember.assignedTasks
10:24:44.039 [main] DEBUG org.hibernate.boot.model.internal.PropertyBinder - Building property assignedTasks
10:24:44.039 [main] DEBUG org.hibernate.boot.model.internal.AnnotatedColumn - Binding column: AnnotatedJoinColumn()
10:24:44.039 [main] DEBUG org.hibernate.boot.model.internal.AnnotatedColumn - Binding column: AnnotatedColumn()
10:24:44.039 [main] DEBUG org.hibernate.boot.model.internal.AnnotatedColumn - Binding column: IndexColumn(column='attendances_ORDER')
10:24:44.039 [main] DEBUG org.hibernate.boot.model.internal.AnnotatedColumn - Binding column: AnnotatedColumn()
10:24:44.039 [main] DEBUG org.hibernate.boot.model.internal.AnnotatedColumn - Binding column: AnnotatedColumn(column='attendances_KEY')
10:24:44.039 [main] DEBUG org.hibernate.boot.model.internal.AnnotatedColumn - Binding column: AnnotatedJoinColumn(column='attendances_KEY')
10:24:44.039 [main] DEBUG org.hibernate.boot.model.internal.AnnotatedColumn - Binding column: AnnotatedJoinColumn()
10:24:44.039 [main] DEBUG org.hibernate.boot.model.internal.AnnotatedColumn - Binding column: AnnotatedJoinColumn()
10:24:44.039 [main] DEBUG org.hibernate.boot.model.internal.CollectionBinder - Collection role: org.frcpm.models.TeamMember.attendances
10:24:44.039 [main] DEBUG org.hibernate.boot.model.internal.PropertyBinder - Building property attendances
10:24:44.039 [main] DEBUG org.hibernate.boot.model.internal.AnnotatedColumn - Binding column: AnnotatedColumn(column='email')
10:24:44.039 [main] DEBUG org.hibernate.boot.model.internal.PropertyBinder - MetadataSourceProcessor property email with lazy=false
10:24:44.039 [main] DEBUG org.hibernate.boot.model.internal.AbstractPropertyHolder - Attempting to locate auto-apply AttributeConverter for property [org.frcpm.models.TeamMember:email]
10:24:44.039 [main] DEBUG org.hibernate.boot.model.internal.BasicValueBinder - building BasicValue for email
10:24:44.039 [main] DEBUG org.hibernate.mapping.BasicValue - Skipping column re-registration: team_members.email
10:24:44.039 [main] DEBUG org.hibernate.boot.model.internal.PropertyBinder - Building property email
10:24:44.039 [main] DEBUG org.hibernate.boot.model.internal.AnnotatedColumn - Binding column: AnnotatedColumn(column='first_name')
10:24:44.039 [main] DEBUG org.hibernate.boot.model.internal.PropertyBinder - MetadataSourceProcessor property firstName with lazy=false
10:24:44.039 [main] DEBUG org.hibernate.boot.model.internal.AbstractPropertyHolder - Attempting to locate auto-apply AttributeConverter for property [org.frcpm.models.TeamMember:firstName]
10:24:44.039 [main] DEBUG org.hibernate.boot.model.internal.BasicValueBinder - building BasicValue for firstName
10:24:44.039 [main] DEBUG org.hibernate.mapping.BasicValue - Skipping column re-registration: team_members.first_name
10:24:44.039 [main] DEBUG org.hibernate.boot.model.internal.PropertyBinder - Building property firstName
10:24:44.039 [main] DEBUG org.hibernate.boot.model.internal.AnnotatedColumn - Binding column: AnnotatedColumn(column='last_name')
10:24:44.039 [main] DEBUG org.hibernate.boot.model.internal.PropertyBinder - MetadataSourceProcessor property lastName with lazy=false
10:24:44.039 [main] DEBUG org.hibernate.boot.model.internal.AbstractPropertyHolder - Attempting to locate auto-apply AttributeConverter for property [org.frcpm.models.TeamMember:lastName]
10:24:44.039 [main] DEBUG org.hibernate.boot.model.internal.BasicValueBinder - building BasicValue for lastName
10:24:44.039 [main] DEBUG org.hibernate.mapping.BasicValue - Skipping column re-registration: team_members.last_name
10:24:44.039 [main] DEBUG org.hibernate.boot.model.internal.PropertyBinder - Building property lastName
10:24:44.039 [main] DEBUG org.hibernate.boot.model.internal.AnnotatedColumn - Binding column: AnnotatedColumn(column='is_leader')
10:24:44.039 [main] DEBUG org.hibernate.boot.model.internal.PropertyBinder - MetadataSourceProcessor property leader with lazy=false
10:24:44.039 [main] DEBUG org.hibernate.boot.model.internal.AbstractPropertyHolder - Attempting to locate auto-apply AttributeConverter for property [org.frcpm.models.TeamMember:leader]
10:24:44.039 [main] DEBUG org.hibernate.boot.model.internal.BasicValueBinder - building BasicValue for leader
10:24:44.039 [main] DEBUG org.hibernate.mapping.BasicValue - Skipping column re-registration: team_members.is_leader
10:24:44.039 [main] DEBUG org.hibernate.boot.model.internal.PropertyBinder - Building property leader
10:24:44.039 [main] DEBUG org.hibernate.boot.model.internal.AnnotatedColumn - Binding column: AnnotatedColumn(column='phone')
10:24:44.039 [main] DEBUG org.hibernate.boot.model.internal.PropertyBinder - MetadataSourceProcessor property phone with lazy=false
10:24:44.039 [main] DEBUG org.hibernate.boot.model.internal.AbstractPropertyHolder - Attempting to locate auto-apply AttributeConverter for property [org.frcpm.models.TeamMember:phone]
10:24:44.039 [main] DEBUG org.hibernate.boot.model.internal.BasicValueBinder - building BasicValue for phone
10:24:44.039 [main] DEBUG org.hibernate.mapping.BasicValue - Skipping column re-registration: team_members.phone
10:24:44.039 [main] DEBUG org.hibernate.boot.model.internal.PropertyBinder - Building property phone
10:24:44.039 [main] DEBUG org.hibernate.boot.model.internal.AnnotatedColumn - Binding column: AnnotatedColumn(column='skills')
10:24:44.039 [main] DEBUG org.hibernate.boot.model.internal.PropertyBinder - MetadataSourceProcessor property skills with lazy=false
10:24:44.039 [main] DEBUG org.hibernate.boot.model.internal.AbstractPropertyHolder - Attempting to locate auto-apply AttributeConverter for property [org.frcpm.models.TeamMember:skills]
10:24:44.039 [main] DEBUG org.hibernate.boot.model.internal.BasicValueBinder - building BasicValue for skills
10:24:44.039 [main] DEBUG org.hibernate.mapping.BasicValue - Skipping column re-registration: team_members.skills
10:24:44.039 [main] DEBUG org.hibernate.boot.model.internal.PropertyBinder - Building property skills
10:24:44.039 [main] DEBUG org.hibernate.boot.model.internal.AnnotatedColumn - Binding column: AnnotatedJoinColumn(column='subteam_id')
10:24:44.039 [main] DEBUG org.hibernate.boot.model.internal.AnnotatedColumn - Binding column: AnnotatedColumn()
10:24:44.039 [main] DEBUG org.hibernate.boot.model.internal.PropertyBinder - Building property subteam
10:24:44.039 [main] DEBUG org.hibernate.boot.model.internal.AnnotatedColumn - Binding column: AnnotatedColumn(column='username')
10:24:44.039 [main] DEBUG org.hibernate.boot.model.internal.PropertyBinder - MetadataSourceProcessor property username with lazy=false
10:24:44.039 [main] DEBUG org.hibernate.boot.model.internal.AbstractPropertyHolder - Attempting to locate auto-apply AttributeConverter for property [org.frcpm.models.TeamMember:username]
10:24:44.039 [main] DEBUG org.hibernate.boot.model.internal.BasicValueBinder - building BasicValue for username
10:24:44.039 [main] DEBUG org.hibernate.mapping.BasicValue - Skipping column re-registration: team_members.username
10:24:44.039 [main] DEBUG org.hibernate.boot.model.internal.PropertyBinder - Building property username
10:24:44.040 [main] DEBUG org.hibernate.boot.registry.classloading.internal.ClassLoaderServiceImpl - HHH000194: Package not found or no package-info.java: org.frcpm.models
10:24:44.040 [main] DEBUG org.hibernate.boot.model.internal.BasicValueBinder - Starting `BasicValueBinder#fillSimpleValue` for id
10:24:44.040 [main] DEBUG org.hibernate.boot.model.internal.BasicValueBinder - Starting `BasicValueBinder#fillSimpleValue` for arrivalTime
10:24:44.040 [main] DEBUG org.hibernate.boot.model.internal.BasicValueBinder - Starting `BasicValueBinder#fillSimpleValue` for departureTime
10:24:44.040 [main] DEBUG org.hibernate.boot.model.internal.BasicValueBinder - Starting `BasicValueBinder#fillSimpleValue` for present
10:24:44.040 [main] DEBUG org.hibernate.boot.model.internal.BasicValueBinder - Starting `BasicValueBinder#fillSimpleValue` for id
10:24:44.040 [main] DEBUG org.hibernate.boot.model.internal.BasicValueBinder - Starting `BasicValueBinder#fillSimpleValue` for date
10:24:44.040 [main] DEBUG org.hibernate.boot.model.internal.BasicValueBinder - Starting `BasicValueBinder#fillSimpleValue` for endTime
10:24:44.040 [main] DEBUG org.hibernate.boot.model.internal.BasicValueBinder - Starting `BasicValueBinder#fillSimpleValue` for notes
10:24:44.040 [main] DEBUG org.hibernate.boot.model.internal.BasicValueBinder - Starting `BasicValueBinder#fillSimpleValue` for startTime
10:24:44.040 [main] DEBUG org.hibernate.boot.model.internal.BasicValueBinder - Starting `BasicValueBinder#fillSimpleValue` for id
10:24:44.040 [main] DEBUG org.hibernate.boot.model.internal.BasicValueBinder - Starting `BasicValueBinder#fillSimpleValue` for description
10:24:44.040 [main] DEBUG org.hibernate.boot.model.internal.BasicValueBinder - Starting `BasicValueBinder#fillSimpleValue` for name
10:24:44.040 [main] DEBUG org.hibernate.boot.model.internal.BasicValueBinder - Starting `BasicValueBinder#fillSimpleValue` for status
10:24:44.040 [main] DEBUG org.hibernate.boot.model.internal.BasicValueBinder - Starting `BasicValueBinder#fillSimpleValue` for id
10:24:44.040 [main] DEBUG org.hibernate.boot.model.internal.BasicValueBinder - Starting `BasicValueBinder#fillSimpleValue` for actualDelivery
10:24:44.040 [main] DEBUG org.hibernate.boot.model.internal.BasicValueBinder - Starting `BasicValueBinder#fillSimpleValue` for delivered
10:24:44.040 [main] DEBUG org.hibernate.boot.model.internal.BasicValueBinder - Starting `BasicValueBinder#fillSimpleValue` for description
10:24:44.040 [main] DEBUG org.hibernate.boot.model.internal.BasicValueBinder - Starting `BasicValueBinder#fillSimpleValue` for expectedDelivery
10:24:44.040 [main] DEBUG org.hibernate.boot.model.internal.BasicValueBinder - Starting `BasicValueBinder#fillSimpleValue` for name
10:24:44.040 [main] DEBUG org.hibernate.boot.model.internal.BasicValueBinder - Starting `BasicValueBinder#fillSimpleValue` for partNumber
10:24:44.040 [main] DEBUG org.hibernate.boot.model.internal.BasicValueBinder - Starting `BasicValueBinder#fillSimpleValue` for id
10:24:44.040 [main] DEBUG org.hibernate.boot.model.internal.BasicValueBinder - Starting `BasicValueBinder#fillSimpleValue` for date
10:24:44.040 [main] DEBUG org.hibernate.boot.model.internal.BasicValueBinder - Starting `BasicValueBinder#fillSimpleValue` for description
10:24:44.040 [main] DEBUG org.hibernate.boot.model.internal.BasicValueBinder - Starting `BasicValueBinder#fillSimpleValue` for name
10:24:44.040 [main] DEBUG org.hibernate.boot.model.internal.BasicValueBinder - Starting `BasicValueBinder#fillSimpleValue` for id
10:24:44.040 [main] DEBUG org.hibernate.boot.model.internal.BasicValueBinder - Starting `BasicValueBinder#fillSimpleValue` for description
10:24:44.040 [main] DEBUG org.hibernate.boot.model.internal.BasicValueBinder - Starting `BasicValueBinder#fillSimpleValue` for goalEndDate
10:24:44.040 [main] DEBUG org.hibernate.boot.model.internal.BasicValueBinder - Starting `BasicValueBinder#fillSimpleValue` for hardDeadline
10:24:44.040 [main] DEBUG org.hibernate.boot.model.internal.BasicValueBinder - Starting `BasicValueBinder#fillSimpleValue` for name
10:24:44.040 [main] DEBUG org.hibernate.boot.model.internal.BasicValueBinder - Starting `BasicValueBinder#fillSimpleValue` for startDate
10:24:44.040 [main] DEBUG org.hibernate.boot.model.internal.BasicValueBinder - Starting `BasicValueBinder#fillSimpleValue` for id
10:24:44.040 [main] DEBUG org.hibernate.boot.model.internal.BasicValueBinder - Starting `BasicValueBinder#fillSimpleValue` for colorCode
10:24:44.040 [main] DEBUG org.hibernate.boot.model.internal.BasicValueBinder - Starting `BasicValueBinder#fillSimpleValue` for name
10:24:44.040 [main] DEBUG org.hibernate.boot.model.internal.BasicValueBinder - Starting `BasicValueBinder#fillSimpleValue` for specialties
10:24:44.040 [main] DEBUG org.hibernate.boot.model.internal.BasicValueBinder - Starting `BasicValueBinder#fillSimpleValue` for id
10:24:44.040 [main] DEBUG org.hibernate.boot.model.internal.BasicValueBinder - Starting `BasicValueBinder#fillSimpleValue` for actualDurationSeconds
10:24:44.040 [main] DEBUG org.hibernate.boot.model.internal.BasicValueBinder - Starting `BasicValueBinder#fillSimpleValue` for completed
10:24:44.040 [main] DEBUG org.hibernate.boot.model.internal.BasicValueBinder - Starting `BasicValueBinder#fillSimpleValue` for description
10:24:44.040 [main] DEBUG org.hibernate.boot.model.internal.BasicValueBinder - Starting `BasicValueBinder#fillSimpleValue` for endDate
10:24:44.040 [main] DEBUG org.hibernate.boot.model.internal.BasicValueBinder - Starting `BasicValueBinder#fillSimpleValue` for estimatedDurationSeconds
10:24:44.040 [main] DEBUG org.hibernate.boot.model.internal.BasicValueBinder - Starting `BasicValueBinder#fillSimpleValue` for priority
10:24:44.040 [main] DEBUG org.hibernate.boot.model.internal.BasicValueBinder - Starting `BasicValueBinder#fillSimpleValue` for progress
10:24:44.040 [main] DEBUG org.hibernate.boot.model.internal.BasicValueBinder - Starting `BasicValueBinder#fillSimpleValue` for startDate
10:24:44.040 [main] DEBUG org.hibernate.boot.model.internal.BasicValueBinder - Starting `BasicValueBinder#fillSimpleValue` for title
10:24:44.040 [main] DEBUG org.hibernate.boot.model.internal.BasicValueBinder - Starting `BasicValueBinder#fillSimpleValue` for id
10:24:44.040 [main] DEBUG org.hibernate.boot.model.internal.BasicValueBinder - Starting `BasicValueBinder#fillSimpleValue` for email
10:24:44.040 [main] DEBUG org.hibernate.boot.model.internal.BasicValueBinder - Starting `BasicValueBinder#fillSimpleValue` for firstName
10:24:44.040 [main] DEBUG org.hibernate.boot.model.internal.BasicValueBinder - Starting `BasicValueBinder#fillSimpleValue` for lastName
10:24:44.040 [main] DEBUG org.hibernate.boot.model.internal.BasicValueBinder - Starting `BasicValueBinder#fillSimpleValue` for leader
10:24:44.040 [main] DEBUG org.hibernate.boot.model.internal.BasicValueBinder - Starting `BasicValueBinder#fillSimpleValue` for phone
10:24:44.040 [main] DEBUG org.hibernate.boot.model.internal.BasicValueBinder - Starting `BasicValueBinder#fillSimpleValue` for skills
10:24:44.040 [main] DEBUG org.hibernate.boot.model.internal.BasicValueBinder - Starting `BasicValueBinder#fillSimpleValue` for username
10:24:44.040 [main] DEBUG org.hibernate.mapping.PrimaryKey - Forcing column [id] to be non-null as it is part of the primary key for table [attendances]
10:24:44.040 [main] DEBUG org.hibernate.mapping.PrimaryKey - Forcing column [id] to be non-null as it is part of the primary key for table [meetings]
10:24:44.040 [main] DEBUG org.hibernate.mapping.PrimaryKey - Forcing column [id] to be non-null as it is part of the primary key for table [subsystems]
10:24:44.040 [main] DEBUG org.hibernate.mapping.PrimaryKey - Forcing column [id] to be non-null as it is part of the primary key for table [components]
10:24:44.040 [main] DEBUG org.hibernate.mapping.PrimaryKey - Forcing column [id] to be non-null as it is part of the primary key for table [milestones]
10:24:44.040 [main] DEBUG org.hibernate.mapping.PrimaryKey - Forcing column [id] to be non-null as it is part of the primary key for table [projects]
10:24:44.040 [main] DEBUG org.hibernate.mapping.PrimaryKey - Forcing column [id] to be non-null as it is part of the primary key for table [subteams]
10:24:44.040 [main] DEBUG org.hibernate.mapping.PrimaryKey - Forcing column [id] to be non-null as it is part of the primary key for table [tasks]
10:24:44.040 [main] DEBUG org.hibernate.mapping.PrimaryKey - Forcing column [id] to be non-null as it is part of the primary key for table [team_members]
10:24:44.040 [main] DEBUG org.hibernate.boot.model.internal.CollectionSecondPass - Second pass for collection: org.frcpm.models.Task.requiredComponents
10:24:44.040 [main] DEBUG org.hibernate.boot.model.internal.CollectionBinder - Binding a ManyToMany: org.frcpm.models.Task.requiredComponents
10:24:44.041 [main] DEBUG org.hibernate.boot.registry.classloading.internal.ClassLoaderServiceImpl - HHH000194: Package not found or no package-info.java: org.frcpm.models
10:24:44.041 [main] DEBUG org.hibernate.mapping.PrimaryKey - Forcing column [task_id] to be non-null as it is part of the primary key for table [task_components]
10:24:44.041 [main] DEBUG org.hibernate.mapping.PrimaryKey - Forcing column [component_id] to be non-null as it is part of the primary key for table [task_components]
10:24:44.041 [main] DEBUG org.hibernate.boot.model.internal.CollectionSecondPass - Mapped collection key: task_id, element: component_id
10:24:44.041 [main] DEBUG org.hibernate.boot.model.internal.CollectionSecondPass - Second pass for collection: org.frcpm.models.Task.preDependencies
10:24:44.041 [main] DEBUG org.hibernate.boot.model.internal.CollectionBinder - Binding a ManyToMany: org.frcpm.models.Task.preDependencies
10:24:44.041 [main] DEBUG org.hibernate.boot.registry.classloading.internal.ClassLoaderServiceImpl - HHH000194: Package not found or no package-info.java: org.frcpm.models
10:24:44.041 [main] DEBUG org.hibernate.mapping.PrimaryKey - Forcing column [task_id] to be non-null as it is part of the primary key for table [task_dependencies]
10:24:44.041 [main] DEBUG org.hibernate.mapping.PrimaryKey - Forcing column [dependency_id] to be non-null as it is part of the primary key for table [task_dependencies]
10:24:44.041 [main] DEBUG org.hibernate.boot.model.internal.CollectionSecondPass - Mapped collection key: task_id, element: dependency_id
10:24:44.041 [main] DEBUG org.hibernate.boot.model.internal.CollectionSecondPass - Second pass for collection: org.frcpm.models.Task.assignedTo
10:24:44.041 [main] DEBUG org.hibernate.boot.model.internal.CollectionBinder - Binding a ManyToMany: org.frcpm.models.Task.assignedTo
10:24:44.041 [main] DEBUG org.hibernate.boot.registry.classloading.internal.ClassLoaderServiceImpl - HHH000194: Package not found or no package-info.java: org.frcpm.models
10:24:44.041 [main] DEBUG org.hibernate.mapping.PrimaryKey - Forcing column [task_id] to be non-null as it is part of the primary key for table [task_assignments]
10:24:44.041 [main] DEBUG org.hibernate.mapping.PrimaryKey - Forcing column [team_member_id] to be non-null as it is part of the primary key for table [task_assignments]
10:24:44.041 [main] DEBUG org.hibernate.boot.model.internal.CollectionSecondPass - Mapped collection key: task_id, element: team_member_id
10:24:44.041 [main] DEBUG org.hibernate.boot.model.internal.CollectionSecondPass - Second pass for collection: org.frcpm.models.Meeting.attendances
10:24:44.041 [main] DEBUG org.hibernate.boot.model.internal.CollectionBinder - Binding a OneToMany: org.frcpm.models.Meeting.attendances through a foreign key
10:24:44.041 [main] DEBUG org.hibernate.boot.model.internal.CollectionBinder - Mapping collection: org.frcpm.models.Meeting.attendances -> attendances
10:24:44.041 [main] DEBUG org.hibernate.boot.model.internal.TableBinder - Retrieving property org.frcpm.models.Attendance.meeting
10:24:44.041 [main] DEBUG org.hibernate.boot.model.internal.CollectionSecondPass - Mapped collection key: meeting_id, one-to-many: org.frcpm.models.Attendance
10:24:44.041 [main] DEBUG org.hibernate.boot.model.internal.CollectionSecondPass - Second pass for collection: org.frcpm.models.Subsystem.tasks
10:24:44.041 [main] DEBUG org.hibernate.boot.model.internal.CollectionBinder - Binding a OneToMany: org.frcpm.models.Subsystem.tasks through a foreign key
10:24:44.041 [main] DEBUG org.hibernate.boot.model.internal.CollectionBinder - Mapping collection: org.frcpm.models.Subsystem.tasks -> tasks
10:24:44.041 [main] DEBUG org.hibernate.boot.model.internal.TableBinder - Retrieving property org.frcpm.models.Task.subsystem
10:24:44.041 [main] DEBUG org.hibernate.boot.model.internal.CollectionSecondPass - Mapped collection key: subsystem_id, one-to-many: org.frcpm.models.Task
10:24:44.041 [main] DEBUG org.hibernate.boot.model.internal.CollectionSecondPass - Second pass for collection: org.frcpm.models.Component.requiredForTasks
10:24:44.041 [main] DEBUG org.hibernate.boot.model.internal.CollectionBinder - Binding a ManyToMany: org.frcpm.models.Component.requiredForTasks
10:24:44.041 [main] DEBUG org.hibernate.boot.registry.classloading.internal.ClassLoaderServiceImpl - HHH000194: Package not found or no package-info.java: org.frcpm.models
10:24:44.042 [main] DEBUG org.hibernate.boot.model.internal.TableBinder - Retrieving property org.frcpm.models.Task.requiredComponents
10:24:44.042 [main] DEBUG org.hibernate.boot.model.internal.CollectionSecondPass - Mapped collection key: component_id, element: task_id
10:24:44.042 [main] DEBUG org.hibernate.boot.model.internal.CollectionSecondPass - Second pass for collection: org.frcpm.models.Project.meetings
10:24:44.042 [main] DEBUG org.hibernate.boot.model.internal.CollectionBinder - Binding a OneToMany: org.frcpm.models.Project.meetings through a foreign key
10:24:44.042 [main] DEBUG org.hibernate.boot.model.internal.CollectionBinder - Mapping collection: org.frcpm.models.Project.meetings -> meetings
10:24:44.042 [main] DEBUG org.hibernate.boot.model.internal.TableBinder - Retrieving property org.frcpm.models.Meeting.project
10:24:44.042 [main] DEBUG org.hibernate.boot.model.internal.CollectionSecondPass - Mapped collection key: project_id, one-to-many: org.frcpm.models.Meeting
10:24:44.042 [main] DEBUG org.hibernate.boot.model.internal.CollectionSecondPass - Second pass for collection: org.frcpm.models.Project.milestones
10:24:44.042 [main] DEBUG org.hibernate.boot.model.internal.CollectionBinder - Binding a OneToMany: org.frcpm.models.Project.milestones through a foreign key
10:24:44.042 [main] DEBUG org.hibernate.boot.model.internal.CollectionBinder - Mapping collection: org.frcpm.models.Project.milestones -> milestones
10:24:44.042 [main] DEBUG org.hibernate.boot.model.internal.TableBinder - Retrieving property org.frcpm.models.Milestone.project
10:24:44.042 [main] DEBUG org.hibernate.boot.model.internal.CollectionSecondPass - Mapped collection key: project_id, one-to-many: org.frcpm.models.Milestone
10:24:44.042 [main] DEBUG org.hibernate.boot.model.internal.CollectionSecondPass - Second pass for collection: org.frcpm.models.Project.tasks
10:24:44.042 [main] DEBUG org.hibernate.boot.model.internal.CollectionBinder - Binding a OneToMany: org.frcpm.models.Project.tasks through a foreign key
10:24:44.042 [main] DEBUG org.hibernate.boot.model.internal.CollectionBinder - Mapping collection: org.frcpm.models.Project.tasks -> tasks
10:24:44.042 [main] DEBUG org.hibernate.boot.model.internal.TableBinder - Retrieving property org.frcpm.models.Task.project
10:24:44.042 [main] DEBUG org.hibernate.boot.model.internal.CollectionSecondPass - Mapped collection key: project_id, one-to-many: org.frcpm.models.Task
10:24:44.042 [main] DEBUG org.hibernate.boot.model.internal.CollectionSecondPass - Second pass for collection: org.frcpm.models.Subteam.members
10:24:44.042 [main] DEBUG org.hibernate.boot.model.internal.CollectionBinder - Binding a OneToMany: org.frcpm.models.Subteam.members through a foreign key
10:24:44.042 [main] DEBUG org.hibernate.boot.model.internal.CollectionBinder - Mapping collection: org.frcpm.models.Subteam.members -> team_members
10:24:44.042 [main] DEBUG org.hibernate.boot.model.internal.TableBinder - Retrieving property org.frcpm.models.TeamMember.subteam
10:24:44.042 [main] DEBUG org.hibernate.boot.model.internal.CollectionSecondPass - Mapped collection key: subteam_id, one-to-many: org.frcpm.models.TeamMember
10:24:44.042 [main] DEBUG org.hibernate.boot.model.internal.CollectionSecondPass - Second pass for collection: org.frcpm.models.Subteam.subsystems
10:24:44.042 [main] DEBUG org.hibernate.boot.model.internal.CollectionBinder - Binding a OneToMany: org.frcpm.models.Subteam.subsystems through a foreign key
10:24:44.042 [main] DEBUG org.hibernate.boot.model.internal.CollectionBinder - Mapping collection: org.frcpm.models.Subteam.subsystems -> subsystems
10:24:44.042 [main] DEBUG org.hibernate.boot.model.internal.TableBinder - Retrieving property org.frcpm.models.Subsystem.responsibleSubteam
10:24:44.042 [main] DEBUG org.hibernate.boot.model.internal.CollectionSecondPass - Mapped collection key: responsible_subteam_id, one-to-many: org.frcpm.models.Subsystem
10:24:44.042 [main] DEBUG org.hibernate.boot.model.internal.CollectionSecondPass - Second pass for collection: org.frcpm.models.Task.postDependencies
10:24:44.042 [main] DEBUG org.hibernate.boot.model.internal.CollectionBinder - Binding a ManyToMany: org.frcpm.models.Task.postDependencies
10:24:44.042 [main] DEBUG org.hibernate.boot.registry.classloading.internal.ClassLoaderServiceImpl - HHH000194: Package not found or no package-info.java: org.frcpm.models
10:24:44.042 [main] DEBUG org.hibernate.boot.model.internal.TableBinder - Retrieving property org.frcpm.models.Task.preDependencies
10:24:44.042 [main] DEBUG org.hibernate.boot.model.internal.CollectionSecondPass - Mapped collection key: dependency_id, element: task_id
10:24:44.042 [main] DEBUG org.hibernate.boot.model.internal.CollectionSecondPass - Second pass for collection: org.frcpm.models.TeamMember.assignedTasks
10:24:44.042 [main] DEBUG org.hibernate.boot.model.internal.CollectionBinder - Binding a ManyToMany: org.frcpm.models.TeamMember.assignedTasks
10:24:44.042 [main] DEBUG org.hibernate.boot.registry.classloading.internal.ClassLoaderServiceImpl - HHH000194: Package not found or no package-info.java: org.frcpm.models
10:24:44.042 [main] DEBUG org.hibernate.boot.model.internal.TableBinder - Retrieving property org.frcpm.models.Task.assignedTo
10:24:44.042 [main] DEBUG org.hibernate.boot.model.internal.CollectionSecondPass - Mapped collection key: team_member_id, element: task_id
10:24:44.042 [main] DEBUG org.hibernate.boot.model.internal.CollectionSecondPass - Second pass for collection: org.frcpm.models.TeamMember.attendances
10:24:44.042 [main] DEBUG org.hibernate.boot.model.internal.CollectionBinder - Binding a OneToMany: org.frcpm.models.TeamMember.attendances through a foreign key
10:24:44.042 [main] DEBUG org.hibernate.boot.model.internal.CollectionBinder - Mapping collection: org.frcpm.models.TeamMember.attendances -> attendances
10:24:44.042 [main] DEBUG org.hibernate.boot.model.internal.TableBinder - Retrieving property org.frcpm.models.Attendance.member
10:24:44.042 [main] DEBUG org.hibernate.boot.model.internal.CollectionSecondPass - Mapped collection key: member_id, one-to-many: org.frcpm.models.Attendance
10:24:44.047 [main] DEBUG org.hibernate.internal.SessionFactoryImpl - Building session factory
10:24:44.047 [main] DEBUG org.hibernate.service.internal.SessionFactoryServiceRegistryImpl - EventListenerRegistry access via ServiceRegistry is deprecated.  Use `sessionFactory.getEventEngine().getListenerRegistry()` instead
10:24:44.047 [main] DEBUG org.hibernate.internal.SessionFactoryImpl - Instantiating SessionFactory with settings: {hibernate.format_sql=false, java.specification.version=21, sun.cpu.isalist=amd64, hibernate.connection.handling_mode=DELAYED_ACQUISITION_AND_RELEASE_AFTER_STATEMENT, sun.jnu.encoding=Cp1252, hibernate.dialect=org.hibernate.dialect.H2Dialect, java.class.path=C:\Users\dhiebert\Local Repositories\Project Management 2.0\target\test-classes;C:\Users\dhiebert\Local Repositories\Project Management 2.0\target\classes;C:\Users\dhiebert\.m2\repository\org\openjfx\javafx-controls\21.0.2\javafx-controls-21.0.2.jar;C:\Users\dhiebert\.m2\repository\org\openjfx\javafx-controls\21.0.2\javafx-controls-21.0.2-win.jar;C:\Users\dhiebert\.m2\repository\org\openjfx\javafx-fxml\21.0.2\javafx-fxml-21.0.2.jar;C:\Users\dhiebert\.m2\repository\org\openjfx\javafx-fxml\21.0.2\javafx-fxml-21.0.2-win.jar;C:\Users\dhiebert\.m2\repository\org\openjfx\javafx-graphics\21.0.2\javafx-graphics-21.0.2.jar;C:\Users\dhiebert\.m2\repository\org\openjfx\javafx-graphics\21.0.2\javafx-graphics-21.0.2-win.jar;C:\Users\dhiebert\.m2\repository\org\openjfx\javafx-base\21.0.2\javafx-base-21.0.2.jar;C:\Users\dhiebert\.m2\repository\org\openjfx\javafx-base\21.0.2\javafx-base-21.0.2-win.jar;C:\Users\dhiebert\.m2\repository\com\h2database\h2\2.2.224\h2-2.2.224.jar;C:\Users\dhiebert\.m2\repository\com\zaxxer\HikariCP\5.1.0\HikariCP-5.1.0.jar;C:\Users\dhiebert\.m2\repository\org\slf4j\slf4j-api\1.7.36\slf4j-api-1.7.36.jar;C:\Users\dhiebert\.m2\repository\org\hibernate\orm\hibernate-core\6.5.0.Final\hibernate-core-6.5.0.Final.jar;C:\Users\dhiebert\.m2\repository\jakarta\persistence\jakarta.persistence-api\3.1.0\jakarta.persistence-api-3.1.0.jar;C:\Users\dhiebert\.m2\repository\jakarta\transaction\jakarta.transaction-api\2.0.1\jakarta.transaction-api-2.0.1.jar;C:\Users\dhiebert\.m2\repository\org\jboss\logging\jboss-logging\3.5.0.Final\jboss-logging-3.5.0.Final.jar;C:\Users\dhiebert\.m2\repository\org\hibernate\common\hibernate-commons-annotations\6.0.6.Final\hibernate-commons-annotations-6.0.6.Final.jar;C:\Users\dhiebert\.m2\repository\io\smallrye\jandex\3.1.2\jandex-3.1.2.jar;C:\Users\dhiebert\.m2\repository\com\fasterxml\classmate\1.5.1\classmate-1.5.1.jar;C:\Users\dhiebert\.m2\repository\net\bytebuddy\byte-buddy\1.14.12\byte-buddy-1.14.12.jar;C:\Users\dhiebert\.m2\repository\jakarta\xml\bind\jakarta.xml.bind-api\4.0.0\jakarta.xml.bind-api-4.0.0.jar;C:\Users\dhiebert\.m2\repository\jakarta\activation\jakarta.activation-api\2.1.0\jakarta.activation-api-2.1.0.jar;C:\Users\dhiebert\.m2\repository\org\glassfish\jaxb\jaxb-runtime\4.0.2\jaxb-runtime-4.0.2.jar;C:\Users\dhiebert\.m2\repository\org\glassfish\jaxb\jaxb-core\4.0.2\jaxb-core-4.0.2.jar;C:\Users\dhiebert\.m2\repository\org\eclipse\angus\angus-activation\2.0.0\angus-activation-2.0.0.jar;C:\Users\dhiebert\.m2\repository\org\glassfish\jaxb\txw2\4.0.2\txw2-4.0.2.jar;C:\Users\dhiebert\.m2\repository\com\sun\istack\istack-commons-runtime\4.1.1\istack-commons-runtime-4.1.1.jar;C:\Users\dhiebert\.m2\repository\jakarta\inject\jakarta.inject-api\2.0.1\jakarta.inject-api-2.0.1.jar;C:\Users\dhiebert\.m2\repository\org\antlr\antlr4-runtime\4.13.0\antlr4-runtime-4.13.0.jar;C:\Users\dhiebert\.m2\repository\org\hibernate\validator\hibernate-validator\8.0.1.Final\hibernate-validator-8.0.1.Final.jar;C:\Users\dhiebert\.m2\repository\jakarta\validation\jakarta.validation-api\3.0.2\jakarta.validation-api-3.0.2.jar;C:\Users\dhiebert\.m2\repository\org\junit\jupiter\junit-jupiter-api\5.10.2\junit-jupiter-api-5.10.2.jar;C:\Users\dhiebert\.m2\repository\org\opentest4j\opentest4j\1.3.0\opentest4j-1.3.0.jar;C:\Users\dhiebert\.m2\repository\org\junit\platform\junit-platform-commons\1.10.2\junit-platform-commons-1.10.2.jar;C:\Users\dhiebert\.m2\repository\org\apiguardian\apiguardian-api\1.1.2\apiguardian-api-1.1.2.jar;C:\Users\dhiebert\.m2\repository\org\junit\jupiter\junit-jupiter-engine\5.10.2\junit-jupiter-engine-5.10.2.jar;C:\Users\dhiebert\.m2\repository\org\junit\platform\junit-platform-engine\1.10.2\junit-platform-engine-1.10.2.jar;C:\Users\dhiebert\.m2\repository\org\mockito\mockito-junit-jupiter\5.10.0\mockito-junit-jupiter-5.10.0.jar;C:\Users\dhiebert\.m2\repository\org\mockito\mockito-core\5.10.0\mockito-core-5.10.0.jar;C:\Users\dhiebert\.m2\repository\net\bytebuddy\byte-buddy-agent\1.14.11\byte-buddy-agent-1.14.11.jar;C:\Users\dhiebert\.m2\repository\org\objenesis\objenesis\3.3\objenesis-3.3.jar;C:\Users\dhiebert\.m2\repository\org\hibernate\orm\hibernate-hikaricp\6.5.0.Final\hibernate-hikaricp-6.5.0.Final.jar;C:\Users\dhiebert\.m2\repository\ch\qos\logback\logback-classic\1.2.11\logback-classic-1.2.11.jar;C:\Users\dhiebert\.m2\repository\ch\qos\logback\logback-core\1.2.11\logback-core-1.2.11.jar;C:\Users\dhiebert\.m2\repository\org\testfx\testfx-core\4.0.18\testfx-core-4.0.18.jar;C:\Users\dhiebert\.m2\repository\org\hamcrest\hamcrest\2.1\hamcrest-2.1.jar;C:\Users\dhiebert\.m2\repository\org\assertj\assertj-core\3.13.2\assertj-core-3.13.2.jar;C:\Users\dhiebert\.m2\repository\org\osgi\org.osgi.core\6.0.0\org.osgi.core-6.0.0.jar;C:\Users\dhiebert\.m2\repository\org\testfx\testfx-junit5\4.0.18\testfx-junit5-4.0.18.jar;C:\Users\dhiebert\.m2\repository\org\openjfx\javafx-web\17.0.2\javafx-web-17.0.2.jar;C:\Users\dhiebert\.m2\repository\org\openjfx\javafx-web\17.0.2\javafx-web-17.0.2-win.jar;C:\Users\dhiebert\.m2\repository\org\openjfx\javafx-media\17.0.2\javafx-media-17.0.2.jar;C:\Users\dhiebert\.m2\repository\org\openjfx\javafx-media\17.0.2\javafx-media-17.0.2-win.jar;C:\Users\dhiebert\.m2\repository\org\apache\pdfbox\pdfbox\2.0.27\pdfbox-2.0.27.jar;C:\Users\dhiebert\.m2\repository\org\apache\pdfbox\fontbox\2.0.27\fontbox-2.0.27.jar;C:\Users\dhiebert\.m2\repository\commons-logging\commons-logging\1.2\commons-logging-1.2.jar;C:\Users\dhiebert\.m2\repository\com\fasterxml\jackson\core\jackson-databind\2.15.0\jackson-databind-2.15.0.jar;C:\Users\dhiebert\.m2\repository\com\fasterxml\jackson\core\jackson-annotations\2.15.0\jackson-annotations-2.15.0.jar;C:\Users\dhiebert\.m2\repository\com\fasterxml\jackson\core\jackson-core\2.15.0\jackson-core-2.15.0.jar;C:\Users\dhiebert\.m2\repository\org\apache\xmlgraphics\batik-all\1.16\batik-all-1.16.jar;C:\Users\dhiebert\.m2\repository\xml-apis\xml-apis\1.4.01\xml-apis-1.4.01.jar;C:\Users\dhiebert\.m2\repository\xml-apis\xml-apis-ext\1.3.04\xml-apis-ext-1.3.04.jar;C:\Users\dhiebert\.m2\repository\org\apache\xmlgraphics\xmlgraphics-commons\2.7\xmlgraphics-commons-2.7.jar;C:\Users\dhiebert\.m2\repository\commons-io\commons-io\1.3.1\commons-io-1.3.1.jar;C:\Users\dhiebert\.m2\repository\org\jgrapht\jgrapht-core\1.5.2\jgrapht-core-1.5.2.jar;C:\Users\dhiebert\.m2\repository\org\jheaps\jheaps\0.14\jheaps-0.14.jar;C:\Users\dhiebert\.m2\repository\org\apfloat\apfloat\1.10.1\apfloat-1.10.1.jar;, java.vm.vendor=Eclipse Adoptium, sun.arch.data.model=64, hibernate.order_inserts=true, user.variant=, java.vendor.url=https://adoptium.net/, user.timezone=America/Chicago, javax.persistence.jdbc.user=****, javax.persistence.jdbc.url=jdbc:h2:file:C:\Users\dhiebert\.frcpm\frcpm, java.vm.specification.version=21, os.name=Windows 11, hibernate.generate_statistics=false, hibernate.hikari.connectionTimeout=10000, hibernate.order_updates=true, hibernate.jdbc.batch_versioned_data=true, jakarta.persistence.jdbc.password=****, hibernate.jdbc.batch_size=30, sun.java.launcher=SUN_STANDARD, user.country=US, local.setting.IS_JTA_TXN_COORD=false, sun.boot.library.path=C:\Program Files\Eclipse Adoptium\jdk-21.0.6.7-hotspot\bin, sun.java.command=C:\Users\dhiebert\AppData\Local\Temp\surefire9513985487531586668\surefirebooter-20250425102356946_3.jar C:\Users\dhiebert\AppData\Local\Temp\surefire9513985487531586668 2025-04-25T10-23-56_800-jvmRun1 surefire-20250425102356946_1tmp surefire_0-20250425102356946_2tmp, hibernate.use_sql_comments=false, hibernate.connection.provider_class=org.hibernate.hikaricp.internal.HikariCPConnectionProvider, jdk.debug=release, surefire.test.class.path=C:\Users\dhiebert\Local Repositories\Project Management 2.0\target\test-classes;C:\Users\dhiebert\Local Repositories\Project Management 2.0\target\classes;C:\Users\dhiebert\.m2\repository\org\openjfx\javafx-controls\21.0.2\javafx-controls-21.0.2.jar;C:\Users\dhiebert\.m2\repository\org\openjfx\javafx-controls\21.0.2\javafx-controls-21.0.2-win.jar;C:\Users\dhiebert\.m2\repository\org\openjfx\javafx-fxml\21.0.2\javafx-fxml-21.0.2.jar;C:\Users\dhiebert\.m2\repository\org\openjfx\javafx-fxml\21.0.2\javafx-fxml-21.0.2-win.jar;C:\Users\dhiebert\.m2\repository\org\openjfx\javafx-graphics\21.0.2\javafx-graphics-21.0.2.jar;C:\Users\dhiebert\.m2\repository\org\openjfx\javafx-graphics\21.0.2\javafx-graphics-21.0.2-win.jar;C:\Users\dhiebert\.m2\repository\org\openjfx\javafx-base\21.0.2\javafx-base-21.0.2.jar;C:\Users\dhiebert\.m2\repository\org\openjfx\javafx-base\21.0.2\javafx-base-21.0.2-win.jar;C:\Users\dhiebert\.m2\repository\com\h2database\h2\2.2.224\h2-2.2.224.jar;C:\Users\dhiebert\.m2\repository\com\zaxxer\HikariCP\5.1.0\HikariCP-5.1.0.jar;C:\Users\dhiebert\.m2\repository\org\slf4j\slf4j-api\1.7.36\slf4j-api-1.7.36.jar;C:\Users\dhiebert\.m2\repository\org\hibernate\orm\hibernate-core\6.5.0.Final\hibernate-core-6.5.0.Final.jar;C:\Users\dhiebert\.m2\repository\jakarta\persistence\jakarta.persistence-api\3.1.0\jakarta.persistence-api-3.1.0.jar;C:\Users\dhiebert\.m2\repository\jakarta\transaction\jakarta.transaction-api\2.0.1\jakarta.transaction-api-2.0.1.jar;C:\Users\dhiebert\.m2\repository\org\jboss\logging\jboss-logging\3.5.0.Final\jboss-logging-3.5.0.Final.jar;C:\Users\dhiebert\.m2\repository\org\hibernate\common\hibernate-commons-annotations\6.0.6.Final\hibernate-commons-annotations-6.0.6.Final.jar;C:\Users\dhiebert\.m2\repository\io\smallrye\jandex\3.1.2\jandex-3.1.2.jar;C:\Users\dhiebert\.m2\repository\com\fasterxml\classmate\1.5.1\classmate-1.5.1.jar;C:\Users\dhiebert\.m2\repository\net\bytebuddy\byte-buddy\1.14.12\byte-buddy-1.14.12.jar;C:\Users\dhiebert\.m2\repository\jakarta\xml\bind\jakarta.xml.bind-api\4.0.0\jakarta.xml.bind-api-4.0.0.jar;C:\Users\dhiebert\.m2\repository\jakarta\activation\jakarta.activation-api\2.1.0\jakarta.activation-api-2.1.0.jar;C:\Users\dhiebert\.m2\repository\org\glassfish\jaxb\jaxb-runtime\4.0.2\jaxb-runtime-4.0.2.jar;C:\Users\dhiebert\.m2\repository\org\glassfish\jaxb\jaxb-core\4.0.2\jaxb-core-4.0.2.jar;C:\Users\dhiebert\.m2\repository\org\eclipse\angus\angus-activation\2.0.0\angus-activation-2.0.0.jar;C:\Users\dhiebert\.m2\repository\org\glassfish\jaxb\txw2\4.0.2\txw2-4.0.2.jar;C:\Users\dhiebert\.m2\repository\com\sun\istack\istack-commons-runtime\4.1.1\istack-commons-runtime-4.1.1.jar;C:\Users\dhiebert\.m2\repository\jakarta\inject\jakarta.inject-api\2.0.1\jakarta.inject-api-2.0.1.jar;C:\Users\dhiebert\.m2\repository\org\antlr\antlr4-runtime\4.13.0\antlr4-runtime-4.13.0.jar;C:\Users\dhiebert\.m2\repository\org\hibernate\validator\hibernate-validator\8.0.1.Final\hibernate-validator-8.0.1.Final.jar;C:\Users\dhiebert\.m2\repository\jakarta\validation\jakarta.validation-api\3.0.2\jakarta.validation-api-3.0.2.jar;C:\Users\dhiebert\.m2\repository\org\junit\jupiter\junit-jupiter-api\5.10.2\junit-jupiter-api-5.10.2.jar;C:\Users\dhiebert\.m2\repository\org\opentest4j\opentest4j\1.3.0\opentest4j-1.3.0.jar;C:\Users\dhiebert\.m2\repository\org\junit\platform\junit-platform-commons\1.10.2\junit-platform-commons-1.10.2.jar;C:\Users\dhiebert\.m2\repository\org\apiguardian\apiguardian-api\1.1.2\apiguardian-api-1.1.2.jar;C:\Users\dhiebert\.m2\repository\org\junit\jupiter\junit-jupiter-engine\5.10.2\junit-jupiter-engine-5.10.2.jar;C:\Users\dhiebert\.m2\repository\org\junit\platform\junit-platform-engine\1.10.2\junit-platform-engine-1.10.2.jar;C:\Users\dhiebert\.m2\repository\org\mockito\mockito-junit-jupiter\5.10.0\mockito-junit-jupiter-5.10.0.jar;C:\Users\dhiebert\.m2\repository\org\mockito\mockito-core\5.10.0\mockito-core-5.10.0.jar;C:\Users\dhiebert\.m2\repository\net\bytebuddy\byte-buddy-agent\1.14.11\byte-buddy-agent-1.14.11.jar;C:\Users\dhiebert\.m2\repository\org\objenesis\objenesis\3.3\objenesis-3.3.jar;C:\Users\dhiebert\.m2\repository\org\hibernate\orm\hibernate-hikaricp\6.5.0.Final\hibernate-hikaricp-6.5.0.Final.jar;C:\Users\dhiebert\.m2\repository\ch\qos\logback\logback-classic\1.2.11\logback-classic-1.2.11.jar;C:\Users\dhiebert\.m2\repository\ch\qos\logback\logback-core\1.2.11\logback-core-1.2.11.jar;C:\Users\dhiebert\.m2\repository\org\testfx\testfx-core\4.0.18\testfx-core-4.0.18.jar;C:\Users\dhiebert\.m2\repository\org\hamcrest\hamcrest\2.1\hamcrest-2.1.jar;C:\Users\dhiebert\.m2\repository\org\assertj\assertj-core\3.13.2\assertj-core-3.13.2.jar;C:\Users\dhiebert\.m2\repository\org\osgi\org.osgi.core\6.0.0\org.osgi.core-6.0.0.jar;C:\Users\dhiebert\.m2\repository\org\testfx\testfx-junit5\4.0.18\testfx-junit5-4.0.18.jar;C:\Users\dhiebert\.m2\repository\org\openjfx\javafx-web\17.0.2\javafx-web-17.0.2.jar;C:\Users\dhiebert\.m2\repository\org\openjfx\javafx-web\17.0.2\javafx-web-17.0.2-win.jar;C:\Users\dhiebert\.m2\repository\org\openjfx\javafx-media\17.0.2\javafx-media-17.0.2.jar;C:\Users\dhiebert\.m2\repository\org\openjfx\javafx-media\17.0.2\javafx-media-17.0.2-win.jar;C:\Users\dhiebert\.m2\repository\org\apache\pdfbox\pdfbox\2.0.27\pdfbox-2.0.27.jar;C:\Users\dhiebert\.m2\repository\org\apache\pdfbox\fontbox\2.0.27\fontbox-2.0.27.jar;C:\Users\dhiebert\.m2\repository\commons-logging\commons-logging\1.2\commons-logging-1.2.jar;C:\Users\dhiebert\.m2\repository\com\fasterxml\jackson\core\jackson-databind\2.15.0\jackson-databind-2.15.0.jar;C:\Users\dhiebert\.m2\repository\com\fasterxml\jackson\core\jackson-annotations\2.15.0\jackson-annotations-2.15.0.jar;C:\Users\dhiebert\.m2\repository\com\fasterxml\jackson\core\jackson-core\2.15.0\jackson-core-2.15.0.jar;C:\Users\dhiebert\.m2\repository\org\apache\xmlgraphics\batik-all\1.16\batik-all-1.16.jar;C:\Users\dhiebert\.m2\repository\xml-apis\xml-apis\1.4.01\xml-apis-1.4.01.jar;C:\Users\dhiebert\.m2\repository\xml-apis\xml-apis-ext\1.3.04\xml-apis-ext-1.3.04.jar;C:\Users\dhiebert\.m2\repository\org\apache\xmlgraphics\xmlgraphics-commons\2.7\xmlgraphics-commons-2.7.jar;C:\Users\dhiebert\.m2\repository\commons-io\commons-io\1.3.1\commons-io-1.3.1.jar;C:\Users\dhiebert\.m2\repository\org\jgrapht\jgrapht-core\1.5.2\jgrapht-core-1.5.2.jar;C:\Users\dhiebert\.m2\repository\org\jheaps\jheaps\0.14\jheaps-0.14.jar;C:\Users\dhiebert\.m2\repository\org\apfloat\apfloat\1.10.1\apfloat-1.10.1.jar;, jakarta.persistence.jdbc.driver=org.h2.Driver, sun.cpu.endian=little, user.home=C:\Users\dhiebert, user.language=en, java.specification.vendor=Oracle Corporation, java.version.date=2025-01-21, java.home=C:\Program Files\Eclipse Adoptium\jdk-21.0.6.7-hotspot, file.separator=\, basedir=C:\Users\dhiebert\Local Repositories\Project Management 2.0, java.vm.compressedOopsMode=Zero based, jakarta.persistence.jdbc.user=****, line.separator=
, hibernate.persistenceUnitName=frcpm, java.vm.specification.vendor=Oracle Corporation, java.specification.name=Java Platform API Specification, hibernate.transaction.coordinator_class=class org.hibernate.resource.transaction.backend.jdbc.internal.JdbcResourceLocalTransactionCoordinatorBuilderImpl, javax.persistence.jdbc.driver=org.h2.Driver, hibernate.hikari.maximumPoolSize=10, surefire.real.class.path=C:\Users\dhiebert\AppData\Local\Temp\surefire9513985487531586668\surefirebooter-20250425102356946_3.jar, hibernate.hbm2ddl.auto=update, user.script=, sun.management.compiler=HotSpot 64-Bit Tiered Compilers, java.runtime.version=21.0.6+7-LTS, user.name=dhiebert, hibernate.cache.use_query_cache=false, stdout.encoding=Cp1252, path.separator=;, hibernate.connection.username=****, os.version=10.0, java.runtime.name=OpenJDK Runtime Environment, hibernate.connection.url=jdbc:h2:file:C:\Users\dhiebert\.frcpm\frcpm, file.encoding=UTF-8, hibernate.hikari.minimumIdle=2, hibernate.hikari.idleTimeout=30000, java.vm.name=OpenJDK 64-Bit Server VM, hibernate.show_sql=false, java.vendor.version=Temurin-21.0.6+7, hibernate.hikari.poolName=FRC-PM-HikariCP, hibernate.current_session_context_class=thread, localRepository=C:\Users\dhiebert\.m2\repository, hibernate.connection.driver_class=org.h2.Driver, java.vendor.url.bug=https://github.com/adoptium/adoptium-support/issues, java.io.tmpdir=C:\Users\dhiebert\AppData\Local\Temp\, java.version=21.0.6, user.dir=C:\Users\dhiebert\Local Repositories\Project Management 2.0, os.arch=amd64, java.vm.specification.name=Java Virtual Machine Specification, hibernate.connection.password=****, sun.os.patch.level=, jakarta.persistence.jdbc.url=jdbc:h2:file:C:\Users\dhiebert\.frcpm\frcpm, hibernate.boot.CfgXmlAccessService.key=org.hibernate.boot.registry.StandardServiceRegistryBuilder$1@543e69b5, native.encoding=Cp1252, hibernate.cache.use_second_level_cache=false, java.library.path=C:\Program Files\Eclipse Adoptium\jdk-21.0.6.7-hotspot\bin;C:\WINDOWS\Sun\Java\bin;C:\WINDOWS\system32;C:\WINDOWS;C:\Program Files\apache-maven-3.9.9\bin;C:\Program Files\Eclipse Adoptium\jdk-21.0.6.7-hotspot\bin;C:\Program Files\National Instruments\Shared\OpenVINO\;C:\Program Files\Common Files\Oracle\Java\javapath;C:\WINDOWS\system32;C:\WINDOWS;C:\WINDOWS\System32\Wbem;C:\WINDOWS\System32\WindowsPowerShell\v1.0\;C:\WINDOWS\System32\OpenSSH\;C:\Program Files\dotnet\;C:\Program Files (x86)\Windows Live\Shared;C:\Program Files\Git\cmd;C:\Program Files\Common Files\Autodesk Shared\;C:\Program Files\Microsoft SQL Server\150\Tools\Binn\;C:\Program Files\nodejs\;C:\Program Files\Eclipse Adoptium\jdk-21.0.6.7-hotspot\bin;C:\Program Files\apache-maven-3.9.9\bin;%MAVEN_HOME%\bin;C:\Users\dhiebert\AppData\Local\Microsoft\WindowsApps;C:\Users\dhiebert\AppData\Local\GitHubDesktop\bin;C:\Users\dhiebert\AppData\Roaming\npm;C:\Users\dhiebert\AppData\Local\Packages\PythonSoftwareFoundation.Python.3.11_qbz5n2kfra8p0\LocalCache\local-packages\Python311\Scripts;C:\Users\dhiebert\AppData\Local\Packages\PythonSoftwareFoundation.Python.3.11_qbz5n2kfra8p0\LocalCache\local-packages\Python311\site-packages\maven;;c:\Users\Public\wpilib\2025\vscode\data\user-data\User\globalStorage\github.copilot-chat\debugCommand;c:\Users\Public\wpilib\2025\vscode\data\extensions\ms-python.debugpy-2025.4.1-win32-x64\bundled\scripts\noConfigScripts;., stderr.encoding=Cp1252, java.vendor=Eclipse Adoptium, java.vm.info=mixed mode, sharing, java.vm.version=21.0.6+7-LTS, sun.io.unicode.encoding=UnicodeLittle, javax.persistence.jdbc.password=****, java.class.version=65.0}
10:24:44.047 [main] DEBUG org.hibernate.internal.SessionFactoryImpl - Session factory constructed with filter configurations : {}
10:24:44.047 [main] DEBUG org.hibernate.validator.internal.xml.config.ValidationXmlParser - Trying to load META-INF/validation.xml for XML based Validator configuration.
10:24:44.047 [main] DEBUG org.hibernate.validator.internal.xml.config.ResourceLoaderHelper - Trying to load META-INF/validation.xml via TCCL
10:24:44.047 [main] DEBUG org.hibernate.validator.internal.xml.config.ResourceLoaderHelper - Trying to load META-INF/validation.xml via Hibernate Validator's class loader
10:24:44.047 [main] DEBUG org.hibernate.validator.internal.xml.config.ValidationXmlParser - No META-INF/validation.xml found. Using annotation based configuration only.
10:24:44.047 [main] DEBUG org.hibernate.validator.internal.engine.resolver.TraversableResolvers - Found jakarta.persistence.Persistence on classpath containing 'getPersistenceUtil'. Assuming JPA 2 environment. Trying to instantiate JPA aware TraversableResolver
10:24:44.047 [main] DEBUG org.hibernate.validator.internal.engine.resolver.TraversableResolvers - Instantiated JPA aware TraversableResolver of type org.hibernate.validator.internal.engine.resolver.JPATraversableResolver.
10:24:44.048 [main] DEBUG org.hibernate.validator.messageinterpolation.ResourceBundleMessageInterpolator - Failed to load expression factory via classloader jdk.internal.loader.ClassLoaders$AppClassLoader@70dea4e
java.lang.NoClassDefFoundError: jakarta/el/ExpressionFactory
	at org.hibernate.validator.messageinterpolation.ResourceBundleMessageInterpolator.canLoadExpressionFactory(ResourceBundleMessageInterpolator.java:228)
	at org.hibernate.validator.messageinterpolation.ResourceBundleMessageInterpolator.buildExpressionFactory(ResourceBundleMessageInterpolator.java:173)
	at org.hibernate.validator.messageinterpolation.ResourceBundleMessageInterpolator.<init>(ResourceBundleMessageInterpolator.java:97)
	at org.hibernate.validator.internal.engine.AbstractConfigurationImpl.getDefaultMessageInterpolator(AbstractConfigurationImpl.java:575)
	at org.hibernate.validator.internal.engine.AbstractConfigurationImpl.getDefaultMessageInterpolatorConfiguredWithClassLoader(AbstractConfigurationImpl.java:834)
	at org.hibernate.validator.internal.engine.AbstractConfigurationImpl.getMessageInterpolator(AbstractConfigurationImpl.java:485)
	at org.hibernate.validator.internal.engine.ValidatorFactoryImpl.<init>(ValidatorFactoryImpl.java:157)
	at org.hibernate.validator.HibernateValidator.buildValidatorFactory(HibernateValidator.java:38)
	at org.hibernate.validator.internal.engine.AbstractConfigurationImpl.buildValidatorFactory(AbstractConfigurationImpl.java:453)
	at jakarta.validation.Validation.buildDefaultValidatorFactory(Validation.java:103)
	at org.hibernate.boot.beanvalidation.TypeSafeActivator.getValidatorFactory(TypeSafeActivator.java:482)
	at org.hibernate.boot.beanvalidation.TypeSafeActivator.activate(TypeSafeActivator.java:79)
	at java.base/jdk.internal.reflect.DirectMethodHandleAccessor.invoke(DirectMethodHandleAccessor.java:103)
	at java.base/java.lang.reflect.Method.invoke(Method.java:580)
	at org.hibernate.boot.beanvalidation.BeanValidationIntegrator.integrate(BeanValidationIntegrator.java:139)
	at org.hibernate.internal.SessionFactoryImpl.integrate(SessionFactoryImpl.java:517)
	at org.hibernate.internal.SessionFactoryImpl.<init>(SessionFactoryImpl.java:276)
	at org.hibernate.boot.internal.SessionFactoryBuilderImpl.build(SessionFactoryBuilderImpl.java:457)
	at org.hibernate.jpa.boot.internal.EntityManagerFactoryBuilderImpl.build(EntityManagerFactoryBuilderImpl.java:1506)
	at org.hibernate.jpa.HibernatePersistenceProvider.createEntityManagerFactory(HibernatePersistenceProvider.java:55)
	at jakarta.persistence.Persistence.createEntityManagerFactory(Persistence.java:80)
	at org.frcpm.config.DatabaseConfig.initialize(DatabaseConfig.java:114)
	at org.frcpm.config.DatabaseConfig.initialize(DatabaseConfig.java:28)
	at org.frcpm.repositories.SubteamRepositoryTest.setUp(SubteamRepositoryTest.java:24)
	at java.base/jdk.internal.reflect.DirectMethodHandleAccessor.invoke(DirectMethodHandleAccessor.java:103)
	at java.base/java.lang.reflect.Method.invoke(Method.java:580)
	at org.junit.platform.commons.util.ReflectionUtils.invokeMethod(ReflectionUtils.java:728)
	at org.junit.jupiter.engine.execution.MethodInvocation.proceed(MethodInvocation.java:60)
	at org.junit.jupiter.engine.execution.InvocationInterceptorChain$ValidatingInvocation.proceed(InvocationInterceptorChain.java:131)
	at org.junit.jupiter.engine.extension.TimeoutExtension.intercept(TimeoutExtension.java:156)
	at org.junit.jupiter.engine.extension.TimeoutExtension.interceptLifecycleMethod(TimeoutExtension.java:128)
	at org.junit.jupiter.engine.extension.TimeoutExtension.interceptBeforeEachMethod(TimeoutExtension.java:78)
	at org.junit.jupiter.engine.execution.InterceptingExecutableInvoker$ReflectiveInterceptorCall.lambda$ofVoidMethod$0(InterceptingExecutableInvoker.java:103)
	at org.junit.jupiter.engine.execution.InterceptingExecutableInvoker.lambda$invoke$0(InterceptingExecutableInvoker.java:93)
	at org.junit.jupiter.engine.execution.InvocationInterceptorChain$InterceptedInvocation.proceed(InvocationInterceptorChain.java:106)
	at org.junit.jupiter.engine.execution.InvocationInterceptorChain.proceed(InvocationInterceptorChain.java:64)
	at org.junit.jupiter.engine.execution.InvocationInterceptorChain.chainAndInvoke(InvocationInterceptorChain.java:45)
	at org.junit.jupiter.engine.execution.InvocationInterceptorChain.invoke(InvocationInterceptorChain.java:37)
	at org.junit.jupiter.engine.execution.InterceptingExecutableInvoker.invoke(InterceptingExecutableInvoker.java:92)
	at org.junit.jupiter.engine.execution.InterceptingExecutableInvoker.invoke(InterceptingExecutableInvoker.java:86)
	at org.junit.jupiter.engine.descriptor.ClassBasedTestDescriptor.invokeMethodInExtensionContext(ClassBasedTestDescriptor.java:521)
	at org.junit.jupiter.engine.descriptor.ClassBasedTestDescriptor.lambda$synthesizeBeforeEachMethodAdapter$23(ClassBasedTestDescriptor.java:506)
	at org.junit.jupiter.engine.descriptor.TestMethodTestDescriptor.lambda$invokeBeforeEachMethods$3(TestMethodTestDescriptor.java:175)
	at org.junit.jupiter.engine.descriptor.TestMethodTestDescriptor.lambda$invokeBeforeMethodsOrCallbacksUntilExceptionOccurs$6(TestMethodTestDescriptor.java:203)
	at org.junit.platform.engine.support.hierarchical.ThrowableCollector.execute(ThrowableCollector.java:73)
	at org.junit.jupiter.engine.descriptor.TestMethodTestDescriptor.invokeBeforeMethodsOrCallbacksUntilExceptionOccurs(TestMethodTestDescriptor.java:203)
	at org.junit.jupiter.engine.descriptor.TestMethodTestDescriptor.invokeBeforeEachMethods(TestMethodTestDescriptor.java:172)
	at org.junit.jupiter.engine.descriptor.TestMethodTestDescriptor.execute(TestMethodTestDescriptor.java:135)
	at org.junit.jupiter.engine.descriptor.TestMethodTestDescriptor.execute(TestMethodTestDescriptor.java:69)
	at org.junit.platform.engine.support.hierarchical.NodeTestTask.lambda$executeRecursively$6(NodeTestTask.java:151)
	at org.junit.platform.engine.support.hierarchical.ThrowableCollector.execute(ThrowableCollector.java:73)
	at org.junit.platform.engine.support.hierarchical.NodeTestTask.lambda$executeRecursively$8(NodeTestTask.java:141)
	at org.junit.platform.engine.support.hierarchical.Node.around(Node.java:137)
	at org.junit.platform.engine.support.hierarchical.NodeTestTask.lambda$executeRecursively$9(NodeTestTask.java:139)
	at org.junit.platform.engine.support.hierarchical.ThrowableCollector.execute(ThrowableCollector.java:73)
	at org.junit.platform.engine.support.hierarchical.NodeTestTask.executeRecursively(NodeTestTask.java:138)
	at org.junit.platform.engine.support.hierarchical.NodeTestTask.execute(NodeTestTask.java:95)
	at java.base/java.util.ArrayList.forEach(ArrayList.java:1596)
	at org.junit.platform.engine.support.hierarchical.SameThreadHierarchicalTestExecutorService.invokeAll(SameThreadHierarchicalTestExecutorService.java:41)
	at org.junit.platform.engine.support.hierarchical.NodeTestTask.lambda$executeRecursively$6(NodeTestTask.java:155)
	at org.junit.platform.engine.support.hierarchical.ThrowableCollector.execute(ThrowableCollector.java:73)
	at org.junit.platform.engine.support.hierarchical.NodeTestTask.lambda$executeRecursively$8(NodeTestTask.java:141)
	at org.junit.platform.engine.support.hierarchical.Node.around(Node.java:137)
	at org.junit.platform.engine.support.hierarchical.NodeTestTask.lambda$executeRecursively$9(NodeTestTask.java:139)
	at org.junit.platform.engine.support.hierarchical.ThrowableCollector.execute(ThrowableCollector.java:73)
	at org.junit.platform.engine.support.hierarchical.NodeTestTask.executeRecursively(NodeTestTask.java:138)
	at org.junit.platform.engine.support.hierarchical.NodeTestTask.execute(NodeTestTask.java:95)
	at java.base/java.util.ArrayList.forEach(ArrayList.java:1596)
	at org.junit.platform.engine.support.hierarchical.SameThreadHierarchicalTestExecutorService.invokeAll(SameThreadHierarchicalTestExecutorService.java:41)
	at org.junit.platform.engine.support.hierarchical.NodeTestTask.lambda$executeRecursively$6(NodeTestTask.java:155)
	at org.junit.platform.engine.support.hierarchical.ThrowableCollector.execute(ThrowableCollector.java:73)
	at org.junit.platform.engine.support.hierarchical.NodeTestTask.lambda$executeRecursively$8(NodeTestTask.java:141)
	at org.junit.platform.engine.support.hierarchical.Node.around(Node.java:137)
	at org.junit.platform.engine.support.hierarchical.NodeTestTask.lambda$executeRecursively$9(NodeTestTask.java:139)
	at org.junit.platform.engine.support.hierarchical.ThrowableCollector.execute(ThrowableCollector.java:73)
	at org.junit.platform.engine.support.hierarchical.NodeTestTask.executeRecursively(NodeTestTask.java:138)
	at org.junit.platform.engine.support.hierarchical.NodeTestTask.execute(NodeTestTask.java:95)
	at org.junit.platform.engine.support.hierarchical.SameThreadHierarchicalTestExecutorService.submit(SameThreadHierarchicalTestExecutorService.java:35)
	at org.junit.platform.engine.support.hierarchical.HierarchicalTestExecutor.execute(HierarchicalTestExecutor.java:57)
	at org.junit.platform.engine.support.hierarchical.HierarchicalTestEngine.execute(HierarchicalTestEngine.java:54)
	at org.junit.platform.launcher.core.EngineExecutionOrchestrator.execute(EngineExecutionOrchestrator.java:198)
	at org.junit.platform.launcher.core.EngineExecutionOrchestrator.execute(EngineExecutionOrchestrator.java:169)
	at org.junit.platform.launcher.core.EngineExecutionOrchestrator.execute(EngineExecutionOrchestrator.java:93)
	at org.junit.platform.launcher.core.EngineExecutionOrchestrator.lambda$execute$0(EngineExecutionOrchestrator.java:58)
	at org.junit.platform.launcher.core.EngineExecutionOrchestrator.withInterceptedStreams(EngineExecutionOrchestrator.java:141)
	at org.junit.platform.launcher.core.EngineExecutionOrchestrator.execute(EngineExecutionOrchestrator.java:57)
	at org.junit.platform.launcher.core.DefaultLauncher.execute(DefaultLauncher.java:103)
	at org.junit.platform.launcher.core.DefaultLauncher.execute(DefaultLauncher.java:85)
	at org.junit.platform.launcher.core.DelegatingLauncher.execute(DelegatingLauncher.java:47)
	at org.apache.maven.surefire.junitplatform.LazyLauncher.execute(LazyLauncher.java:56)
	at org.apache.maven.surefire.junitplatform.JUnitPlatformProvider.execute(JUnitPlatformProvider.java:184)
	at org.apache.maven.surefire.junitplatform.JUnitPlatformProvider.invokeAllTests(JUnitPlatformProvider.java:148)
	at org.apache.maven.surefire.junitplatform.JUnitPlatformProvider.invoke(JUnitPlatformProvider.java:122)
	at org.apache.maven.surefire.booter.ForkedBooter.runSuitesInProcess(ForkedBooter.java:385)
	at org.apache.maven.surefire.booter.ForkedBooter.execute(ForkedBooter.java:162)
	at org.apache.maven.surefire.booter.ForkedBooter.run(ForkedBooter.java:507)
	at org.apache.maven.surefire.booter.ForkedBooter.main(ForkedBooter.java:495)
Caused by: java.lang.ClassNotFoundException: jakarta.el.ExpressionFactory
	... 97 common frames omitted
10:24:44.048 [main] DEBUG org.hibernate.validator.messageinterpolation.ResourceBundleMessageInterpolator - Failed to load expression factory via classloader jdk.internal.loader.ClassLoaders$AppClassLoader@70dea4e
java.lang.NoClassDefFoundError: jakarta/el/ExpressionFactory
	at org.hibernate.validator.messageinterpolation.ResourceBundleMessageInterpolator.canLoadExpressionFactory(ResourceBundleMessageInterpolator.java:228)
	at org.hibernate.validator.messageinterpolation.ResourceBundleMessageInterpolator.buildExpressionFactory(ResourceBundleMessageInterpolator.java:186)
	at org.hibernate.validator.messageinterpolation.ResourceBundleMessageInterpolator.<init>(ResourceBundleMessageInterpolator.java:97)
	at org.hibernate.validator.internal.engine.AbstractConfigurationImpl.getDefaultMessageInterpolator(AbstractConfigurationImpl.java:575)
	at org.hibernate.validator.internal.engine.AbstractConfigurationImpl.getDefaultMessageInterpolatorConfiguredWithClassLoader(AbstractConfigurationImpl.java:834)
	at org.hibernate.validator.internal.engine.AbstractConfigurationImpl.getMessageInterpolator(AbstractConfigurationImpl.java:485)
	at org.hibernate.validator.internal.engine.ValidatorFactoryImpl.<init>(ValidatorFactoryImpl.java:157)
	at org.hibernate.validator.HibernateValidator.buildValidatorFactory(HibernateValidator.java:38)
	at org.hibernate.validator.internal.engine.AbstractConfigurationImpl.buildValidatorFactory(AbstractConfigurationImpl.java:453)
	at jakarta.validation.Validation.buildDefaultValidatorFactory(Validation.java:103)
	at org.hibernate.boot.beanvalidation.TypeSafeActivator.getValidatorFactory(TypeSafeActivator.java:482)
	at org.hibernate.boot.beanvalidation.TypeSafeActivator.activate(TypeSafeActivator.java:79)
	at java.base/jdk.internal.reflect.DirectMethodHandleAccessor.invoke(DirectMethodHandleAccessor.java:103)
	at java.base/java.lang.reflect.Method.invoke(Method.java:580)
	at org.hibernate.boot.beanvalidation.BeanValidationIntegrator.integrate(BeanValidationIntegrator.java:139)
	at org.hibernate.internal.SessionFactoryImpl.integrate(SessionFactoryImpl.java:517)
	at org.hibernate.internal.SessionFactoryImpl.<init>(SessionFactoryImpl.java:276)
	at org.hibernate.boot.internal.SessionFactoryBuilderImpl.build(SessionFactoryBuilderImpl.java:457)
	at org.hibernate.jpa.boot.internal.EntityManagerFactoryBuilderImpl.build(EntityManagerFactoryBuilderImpl.java:1506)
	at org.hibernate.jpa.HibernatePersistenceProvider.createEntityManagerFactory(HibernatePersistenceProvider.java:55)
	at jakarta.persistence.Persistence.createEntityManagerFactory(Persistence.java:80)
	at org.frcpm.config.DatabaseConfig.initialize(DatabaseConfig.java:114)
	at org.frcpm.config.DatabaseConfig.initialize(DatabaseConfig.java:28)
	at org.frcpm.repositories.SubteamRepositoryTest.setUp(SubteamRepositoryTest.java:24)
	at java.base/jdk.internal.reflect.DirectMethodHandleAccessor.invoke(DirectMethodHandleAccessor.java:103)
	at java.base/java.lang.reflect.Method.invoke(Method.java:580)
	at org.junit.platform.commons.util.ReflectionUtils.invokeMethod(ReflectionUtils.java:728)
	at org.junit.jupiter.engine.execution.MethodInvocation.proceed(MethodInvocation.java:60)
	at org.junit.jupiter.engine.execution.InvocationInterceptorChain$ValidatingInvocation.proceed(InvocationInterceptorChain.java:131)
	at org.junit.jupiter.engine.extension.TimeoutExtension.intercept(TimeoutExtension.java:156)
	at org.junit.jupiter.engine.extension.TimeoutExtension.interceptLifecycleMethod(TimeoutExtension.java:128)
	at org.junit.jupiter.engine.extension.TimeoutExtension.interceptBeforeEachMethod(TimeoutExtension.java:78)
	at org.junit.jupiter.engine.execution.InterceptingExecutableInvoker$ReflectiveInterceptorCall.lambda$ofVoidMethod$0(InterceptingExecutableInvoker.java:103)
	at org.junit.jupiter.engine.execution.InterceptingExecutableInvoker.lambda$invoke$0(InterceptingExecutableInvoker.java:93)
	at org.junit.jupiter.engine.execution.InvocationInterceptorChain$InterceptedInvocation.proceed(InvocationInterceptorChain.java:106)
	at org.junit.jupiter.engine.execution.InvocationInterceptorChain.proceed(InvocationInterceptorChain.java:64)
	at org.junit.jupiter.engine.execution.InvocationInterceptorChain.chainAndInvoke(InvocationInterceptorChain.java:45)
	at org.junit.jupiter.engine.execution.InvocationInterceptorChain.invoke(InvocationInterceptorChain.java:37)
	at org.junit.jupiter.engine.execution.InterceptingExecutableInvoker.invoke(InterceptingExecutableInvoker.java:92)
	at org.junit.jupiter.engine.execution.InterceptingExecutableInvoker.invoke(InterceptingExecutableInvoker.java:86)
	at org.junit.jupiter.engine.descriptor.ClassBasedTestDescriptor.invokeMethodInExtensionContext(ClassBasedTestDescriptor.java:521)
	at org.junit.jupiter.engine.descriptor.ClassBasedTestDescriptor.lambda$synthesizeBeforeEachMethodAdapter$23(ClassBasedTestDescriptor.java:506)
	at org.junit.jupiter.engine.descriptor.TestMethodTestDescriptor.lambda$invokeBeforeEachMethods$3(TestMethodTestDescriptor.java:175)
	at org.junit.jupiter.engine.descriptor.TestMethodTestDescriptor.lambda$invokeBeforeMethodsOrCallbacksUntilExceptionOccurs$6(TestMethodTestDescriptor.java:203)
	at org.junit.platform.engine.support.hierarchical.ThrowableCollector.execute(ThrowableCollector.java:73)
	at org.junit.jupiter.engine.descriptor.TestMethodTestDescriptor.invokeBeforeMethodsOrCallbacksUntilExceptionOccurs(TestMethodTestDescriptor.java:203)
	at org.junit.jupiter.engine.descriptor.TestMethodTestDescriptor.invokeBeforeEachMethods(TestMethodTestDescriptor.java:172)
	at org.junit.jupiter.engine.descriptor.TestMethodTestDescriptor.execute(TestMethodTestDescriptor.java:135)
	at org.junit.jupiter.engine.descriptor.TestMethodTestDescriptor.execute(TestMethodTestDescriptor.java:69)
	at org.junit.platform.engine.support.hierarchical.NodeTestTask.lambda$executeRecursively$6(NodeTestTask.java:151)
	at org.junit.platform.engine.support.hierarchical.ThrowableCollector.execute(ThrowableCollector.java:73)
	at org.junit.platform.engine.support.hierarchical.NodeTestTask.lambda$executeRecursively$8(NodeTestTask.java:141)
	at org.junit.platform.engine.support.hierarchical.Node.around(Node.java:137)
	at org.junit.platform.engine.support.hierarchical.NodeTestTask.lambda$executeRecursively$9(NodeTestTask.java:139)
	at org.junit.platform.engine.support.hierarchical.ThrowableCollector.execute(ThrowableCollector.java:73)
	at org.junit.platform.engine.support.hierarchical.NodeTestTask.executeRecursively(NodeTestTask.java:138)
	at org.junit.platform.engine.support.hierarchical.NodeTestTask.execute(NodeTestTask.java:95)
	at java.base/java.util.ArrayList.forEach(ArrayList.java:1596)
	at org.junit.platform.engine.support.hierarchical.SameThreadHierarchicalTestExecutorService.invokeAll(SameThreadHierarchicalTestExecutorService.java:41)
	at org.junit.platform.engine.support.hierarchical.NodeTestTask.lambda$executeRecursively$6(NodeTestTask.java:155)
	at org.junit.platform.engine.support.hierarchical.ThrowableCollector.execute(ThrowableCollector.java:73)
	at org.junit.platform.engine.support.hierarchical.NodeTestTask.lambda$executeRecursively$8(NodeTestTask.java:141)
	at org.junit.platform.engine.support.hierarchical.Node.around(Node.java:137)
	at org.junit.platform.engine.support.hierarchical.NodeTestTask.lambda$executeRecursively$9(NodeTestTask.java:139)
	at org.junit.platform.engine.support.hierarchical.ThrowableCollector.execute(ThrowableCollector.java:73)
	at org.junit.platform.engine.support.hierarchical.NodeTestTask.executeRecursively(NodeTestTask.java:138)
	at org.junit.platform.engine.support.hierarchical.NodeTestTask.execute(NodeTestTask.java:95)
	at java.base/java.util.ArrayList.forEach(ArrayList.java:1596)
	at org.junit.platform.engine.support.hierarchical.SameThreadHierarchicalTestExecutorService.invokeAll(SameThreadHierarchicalTestExecutorService.java:41)
	at org.junit.platform.engine.support.hierarchical.NodeTestTask.lambda$executeRecursively$6(NodeTestTask.java:155)
	at org.junit.platform.engine.support.hierarchical.ThrowableCollector.execute(ThrowableCollector.java:73)
	at org.junit.platform.engine.support.hierarchical.NodeTestTask.lambda$executeRecursively$8(NodeTestTask.java:141)
	at org.junit.platform.engine.support.hierarchical.Node.around(Node.java:137)
	at org.junit.platform.engine.support.hierarchical.NodeTestTask.lambda$executeRecursively$9(NodeTestTask.java:139)
	at org.junit.platform.engine.support.hierarchical.ThrowableCollector.execute(ThrowableCollector.java:73)
	at org.junit.platform.engine.support.hierarchical.NodeTestTask.executeRecursively(NodeTestTask.java:138)
	at org.junit.platform.engine.support.hierarchical.NodeTestTask.execute(NodeTestTask.java:95)
	at org.junit.platform.engine.support.hierarchical.SameThreadHierarchicalTestExecutorService.submit(SameThreadHierarchicalTestExecutorService.java:35)
	at org.junit.platform.engine.support.hierarchical.HierarchicalTestExecutor.execute(HierarchicalTestExecutor.java:57)
	at org.junit.platform.engine.support.hierarchical.HierarchicalTestEngine.execute(HierarchicalTestEngine.java:54)
	at org.junit.platform.launcher.core.EngineExecutionOrchestrator.execute(EngineExecutionOrchestrator.java:198)
	at org.junit.platform.launcher.core.EngineExecutionOrchestrator.execute(EngineExecutionOrchestrator.java:169)
	at org.junit.platform.launcher.core.EngineExecutionOrchestrator.execute(EngineExecutionOrchestrator.java:93)
	at org.junit.platform.launcher.core.EngineExecutionOrchestrator.lambda$execute$0(EngineExecutionOrchestrator.java:58)
	at org.junit.platform.launcher.core.EngineExecutionOrchestrator.withInterceptedStreams(EngineExecutionOrchestrator.java:141)
	at org.junit.platform.launcher.core.EngineExecutionOrchestrator.execute(EngineExecutionOrchestrator.java:57)
	at org.junit.platform.launcher.core.DefaultLauncher.execute(DefaultLauncher.java:103)
	at org.junit.platform.launcher.core.DefaultLauncher.execute(DefaultLauncher.java:85)
	at org.junit.platform.launcher.core.DelegatingLauncher.execute(DelegatingLauncher.java:47)
	at org.apache.maven.surefire.junitplatform.LazyLauncher.execute(LazyLauncher.java:56)
	at org.apache.maven.surefire.junitplatform.JUnitPlatformProvider.execute(JUnitPlatformProvider.java:184)
	at org.apache.maven.surefire.junitplatform.JUnitPlatformProvider.invokeAllTests(JUnitPlatformProvider.java:148)
	at org.apache.maven.surefire.junitplatform.JUnitPlatformProvider.invoke(JUnitPlatformProvider.java:122)
	at org.apache.maven.surefire.booter.ForkedBooter.runSuitesInProcess(ForkedBooter.java:385)
	at org.apache.maven.surefire.booter.ForkedBooter.execute(ForkedBooter.java:162)
	at org.apache.maven.surefire.booter.ForkedBooter.run(ForkedBooter.java:507)
	at org.apache.maven.surefire.booter.ForkedBooter.main(ForkedBooter.java:495)
Caused by: java.lang.ClassNotFoundException: jakarta.el.ExpressionFactory
	... 97 common frames omitted
10:24:44.048 [main] DEBUG org.hibernate.boot.beanvalidation.TypeSafeActivator - Unable to acquire Bean Validation ValidatorFactory, skipping activation
10:24:44.048 [main] DEBUG org.hibernate.query.sqm.function.SqmFunctionRegistry - Registered SqmFunctionTemplate [NamedSqmFunctionTemplate(max)] under max; prior registration was null
10:24:44.048 [main] DEBUG org.hibernate.query.sqm.function.SqmFunctionRegistry - Registered SqmFunctionTemplate [NamedSqmFunctionTemplate(min)] under min; prior registration was null
10:24:44.048 [main] DEBUG org.hibernate.query.sqm.function.SqmFunctionRegistry - Registered SqmFunctionTemplate [NamedSqmFunctionTemplate(sum)] under sum; prior registration was null
10:24:44.048 [main] DEBUG org.hibernate.query.sqm.function.SqmFunctionRegistry - Registered SqmFunctionTemplate [NamedSqmFunctionTemplate(avg)] under avg; prior registration was null
10:24:44.048 [main] DEBUG org.hibernate.query.sqm.function.SqmFunctionRegistry - Registered SqmFunctionTemplate [org.hibernate.dialect.function.CountFunction@d4af4c8] under count; prior registration was null
10:24:44.048 [main] DEBUG org.hibernate.query.sqm.function.SqmFunctionRegistry - Registered SqmFunctionTemplate [org.hibernate.dialect.function.EveryAnyEmulation@29b57573] under every; prior registration was null
10:24:44.048 [main] DEBUG org.hibernate.query.sqm.function.SqmFunctionRegistry - Registered SqmFunctionTemplate [org.hibernate.dialect.function.EveryAnyEmulation@5860acdc] under any; prior registration was null
10:24:44.048 [main] DEBUG org.hibernate.query.sqm.function.SqmFunctionRegistry - Registered SqmFunctionTemplate [NamedSqmFunctionTemplate(floor)] under floor; prior registration was null
10:24:44.048 [main] DEBUG org.hibernate.query.sqm.function.SqmFunctionRegistry - Registered SqmFunctionTemplate [NamedSqmFunctionTemplate(ceiling)] under ceiling; prior registration was null
10:24:44.048 [main] DEBUG org.hibernate.query.sqm.function.SqmFunctionRegistry - Registered SqmFunctionTemplate [NamedSqmFunctionTemplate(mod)] under mod; prior registration was null
10:24:44.048 [main] DEBUG org.hibernate.query.sqm.function.SqmFunctionRegistry - Registered SqmFunctionTemplate [NamedSqmFunctionTemplate(abs)] under abs; prior registration was null
10:24:44.049 [main] DEBUG org.hibernate.query.sqm.function.SqmFunctionRegistry - Registered SqmFunctionTemplate [NamedSqmFunctionTemplate(sign)] under sign; prior registration was null
10:24:44.049 [main] DEBUG org.hibernate.query.sqm.function.SqmFunctionRegistry - Registered SqmFunctionTemplate [NamedSqmFunctionTemplate(sqrt)] under sqrt; prior registration was null
10:24:44.049 [main] DEBUG org.hibernate.query.sqm.function.SqmFunctionRegistry - Registered SqmFunctionTemplate [NamedSqmFunctionTemplate(ln)] under ln; prior registration was null
10:24:44.049 [main] DEBUG org.hibernate.query.sqm.function.SqmFunctionRegistry - Registered SqmFunctionTemplate [NamedSqmFunctionTemplate(exp)] under exp; prior registration was null
10:24:44.049 [main] DEBUG org.hibernate.query.sqm.function.SqmFunctionRegistry - Registered SqmFunctionTemplate [NamedSqmFunctionTemplate(power)] under power; prior registration was null
10:24:44.049 [main] DEBUG org.hibernate.query.sqm.function.SqmFunctionRegistry - Registered SqmFunctionTemplate [NamedSqmFunctionTemplate(round)] under round; prior registration was null
10:24:44.049 [main] DEBUG org.hibernate.query.sqm.function.SqmFunctionRegistry - Registered SqmFunctionTemplate [NamedSqmFunctionTemplate(sin)] under sin; prior registration was null
10:24:44.049 [main] DEBUG org.hibernate.query.sqm.function.SqmFunctionRegistry - Registered SqmFunctionTemplate [NamedSqmFunctionTemplate(cos)] under cos; prior registration was null
10:24:44.049 [main] DEBUG org.hibernate.query.sqm.function.SqmFunctionRegistry - Registered SqmFunctionTemplate [NamedSqmFunctionTemplate(tan)] under tan; prior registration was null
10:24:44.049 [main] DEBUG org.hibernate.query.sqm.function.SqmFunctionRegistry - Registered SqmFunctionTemplate [NamedSqmFunctionTemplate(asin)] under asin; prior registration was null
10:24:44.049 [main] DEBUG org.hibernate.query.sqm.function.SqmFunctionRegistry - Registered SqmFunctionTemplate [NamedSqmFunctionTemplate(acos)] under acos; prior registration was null
10:24:44.049 [main] DEBUG org.hibernate.query.sqm.function.SqmFunctionRegistry - Registered SqmFunctionTemplate [NamedSqmFunctionTemplate(atan)] under atan; prior registration was null
10:24:44.049 [main] DEBUG org.hibernate.query.sqm.function.SqmFunctionRegistry - Registered SqmFunctionTemplate [NamedSqmFunctionTemplate(atan2)] under atan2; prior registration was null
10:24:44.049 [main] DEBUG org.hibernate.query.sqm.function.SqmFunctionRegistry - Registered SqmFunctionTemplate [org.hibernate.query.sqm.function.PatternBasedSqmFunctionDescriptor@5c14dd30] under sinh; prior registration was null
10:24:44.049 [main] DEBUG org.hibernate.query.sqm.function.SqmFunctionRegistry - Registered SqmFunctionTemplate [org.hibernate.query.sqm.function.PatternBasedSqmFunctionDescriptor@6228ece] under cosh; prior registration was null
10:24:44.049 [main] DEBUG org.hibernate.query.sqm.function.SqmFunctionRegistry - Registered SqmFunctionTemplate [org.hibernate.query.sqm.function.PatternBasedSqmFunctionDescriptor@4be6d94] under tanh; prior registration was null
10:24:44.049 [main] DEBUG org.hibernate.query.sqm.function.SqmFunctionRegistry - Registered SqmFunctionTemplate [org.hibernate.query.sqm.function.PatternBasedSqmFunctionDescriptor@59e52793] under pi; prior registration was null
10:24:44.049 [main] DEBUG org.hibernate.query.sqm.function.SqmFunctionRegistry - Registered SqmFunctionTemplate [org.hibernate.query.sqm.function.PatternBasedSqmFunctionDescriptor@23e28cc2] under log; prior registration was null
10:24:44.049 [main] DEBUG org.hibernate.query.sqm.function.SqmFunctionRegistry - Registered SqmFunctionTemplate [NamedSqmFunctionTemplate(coalesce)] under coalesce; prior registration was null
10:24:44.049 [main] DEBUG org.hibernate.query.sqm.function.SqmFunctionRegistry - Registered SqmFunctionTemplate [NamedSqmFunctionTemplate(nullif)] under nullif; prior registration was null
10:24:44.049 [main] DEBUG org.hibernate.query.sqm.function.SqmFunctionRegistry - Registered SqmFunctionTemplate [NamedSqmFunctionTemplate(left)] under left; prior registration was null
10:24:44.049 [main] DEBUG org.hibernate.query.sqm.function.SqmFunctionRegistry - Registered SqmFunctionTemplate [NamedSqmFunctionTemplate(right)] under right; prior registration was null
10:24:44.049 [main] DEBUG org.hibernate.query.sqm.function.SqmFunctionRegistry - Registered SqmFunctionTemplate [NamedSqmFunctionTemplate(replace)] under replace; prior registration was null
10:24:44.049 [main] DEBUG org.hibernate.query.sqm.function.SqmFunctionRegistry - Registered SqmFunctionTemplate [NamedSqmFunctionTemplate(concat)] under concat; prior registration was null
10:24:44.049 [main] DEBUG org.hibernate.query.sqm.function.SqmFunctionRegistry - Registered SqmFunctionTemplate [NamedSqmFunctionTemplate(lower)] under lower; prior registration was null
10:24:44.049 [main] DEBUG org.hibernate.query.sqm.function.SqmFunctionRegistry - Registered SqmFunctionTemplate [NamedSqmFunctionTemplate(upper)] under upper; prior registration was null
10:24:44.049 [main] DEBUG org.hibernate.query.sqm.function.SqmFunctionRegistry - Registered SqmFunctionTemplate [NamedSqmFunctionTemplate(substring)] under substring; prior registration was null
10:24:44.049 [main] DEBUG org.hibernate.query.sqm.function.SqmFunctionRegistry - Registered SqmFunctionTemplate [NamedSqmFunctionTemplate(locate)] under locate; prior registration was null
10:24:44.049 [main] DEBUG org.hibernate.query.sqm.function.SqmFunctionRegistry - Registered SqmFunctionTemplate [NamedSqmFunctionTemplate(character_length)] under character_length; prior registration was null
10:24:44.049 [main] DEBUG org.hibernate.query.sqm.function.SqmFunctionRegistry - Registering alternate key : length -> character_length
10:24:44.049 [main] DEBUG org.hibernate.query.sqm.function.SqmFunctionRegistry - Registered SqmFunctionTemplate [org.hibernate.dialect.function.LocatePositionEmulation@3124328e] under position; prior registration was null
10:24:44.049 [main] DEBUG org.hibernate.query.sqm.function.SqmFunctionRegistry - Registered SqmFunctionTemplate [org.hibernate.dialect.function.InsertSubstringOverlayEmulation@46012bf3] under overlay; prior registration was null
10:24:44.049 [main] DEBUG org.hibernate.query.sqm.function.SqmFunctionRegistry - Registered SqmFunctionTemplate [org.hibernate.dialect.function.TrimFunction@36a8551f] under trim; prior registration was null
10:24:44.049 [main] DEBUG org.hibernate.query.sqm.function.SqmFunctionRegistry - Registered SqmFunctionTemplate [org.hibernate.dialect.function.CastFunction@19b5b94] under cast; prior registration was null
10:24:44.049 [main] DEBUG org.hibernate.query.sqm.function.SqmFunctionRegistry - Registered SqmFunctionTemplate [org.hibernate.query.sqm.function.PatternBasedSqmFunctionDescriptor@113ba96b] under collate; prior registration was null
10:24:44.049 [main] DEBUG org.hibernate.query.sqm.function.SqmFunctionRegistry - Registered SqmFunctionTemplate [org.hibernate.dialect.function.ExtractFunction@5eaa460c] under extract; prior registration was null
10:24:44.049 [main] DEBUG org.hibernate.query.sqm.function.SqmFunctionRegistry - Registered SqmFunctionTemplate [NamedSqmFunctionTemplate(least)] under least; prior registration was null
10:24:44.049 [main] DEBUG org.hibernate.query.sqm.function.SqmFunctionRegistry - Registered SqmFunctionTemplate [NamedSqmFunctionTemplate(greatest)] under greatest; prior registration was null
10:24:44.049 [main] DEBUG org.hibernate.query.sqm.function.SqmFunctionRegistry - Registered SqmFunctionTemplate [org.hibernate.dialect.function.CoalesceIfnullEmulation@2a5ef06b] under ifnull; prior registration was null
10:24:44.049 [main] DEBUG org.hibernate.query.sqm.function.SqmFunctionRegistry - Registered SqmFunctionTemplate [NamedSqmFunctionTemplate(lpad)] under lpad; prior registration was null
10:24:44.049 [main] DEBUG org.hibernate.query.sqm.function.SqmFunctionRegistry - Registered SqmFunctionTemplate [NamedSqmFunctionTemplate(rpad)] under rpad; prior registration was null
10:24:44.049 [main] DEBUG org.hibernate.query.sqm.function.SqmFunctionRegistry - Registered SqmFunctionTemplate [org.hibernate.dialect.function.LpadRpadPadEmulation@71c2494f] under pad; prior registration was null
10:24:44.049 [main] DEBUG org.hibernate.query.sqm.function.SqmFunctionRegistry - Registered SqmFunctionTemplate [org.hibernate.dialect.function.CastStrEmulation@3d7ed6ed] under str; prior registration was null
10:24:44.049 [main] DEBUG org.hibernate.query.sqm.function.SqmFunctionRegistry - Registered SqmFunctionTemplate [org.hibernate.dialect.function.FormatFunction@31686d68] under format; prior registration was null
10:24:44.049 [main] DEBUG org.hibernate.query.sqm.function.SqmFunctionRegistry - Registered SqmFunctionTemplate [org.hibernate.dialect.function.TimestampaddFunction@6c680e86] under timestampadd; prior registration was null
10:24:44.049 [main] DEBUG org.hibernate.query.sqm.function.SqmFunctionRegistry - Registered SqmFunctionTemplate [org.hibernate.dialect.function.TimestampdiffFunction@f03ba75] under timestampdiff; prior registration was null
10:24:44.049 [main] DEBUG org.hibernate.query.sqm.function.SqmFunctionRegistry - Registering alternate key : dateadd -> timestampadd
10:24:44.049 [main] DEBUG org.hibernate.query.sqm.function.SqmFunctionRegistry - Registering alternate key : datediff -> timestampdiff
10:24:44.049 [main] DEBUG org.hibernate.query.sqm.function.SqmFunctionRegistry - Registered SqmFunctionTemplate [org.hibernate.dialect.function.CurrentFunction@4401dcc6] under current_date; prior registration was null
10:24:44.049 [main] DEBUG org.hibernate.query.sqm.function.SqmFunctionRegistry - Registered SqmFunctionTemplate [org.hibernate.dialect.function.CurrentFunction@36f0fa03] under current_time; prior registration was null
10:24:44.049 [main] DEBUG org.hibernate.query.sqm.function.SqmFunctionRegistry - Registered SqmFunctionTemplate [org.hibernate.dialect.function.CurrentFunction@1ac0ce65] under current_timestamp; prior registration was null
10:24:44.049 [main] DEBUG org.hibernate.query.sqm.function.SqmFunctionRegistry - Registering alternate key : current date -> current_date
10:24:44.049 [main] DEBUG org.hibernate.query.sqm.function.SqmFunctionRegistry - Registering alternate key : current time -> current_time
10:24:44.049 [main] DEBUG org.hibernate.query.sqm.function.SqmFunctionRegistry - Registering alternate key : current timestamp -> current_timestamp
10:24:44.049 [main] DEBUG org.hibernate.query.sqm.function.SqmFunctionRegistry - Registered SqmFunctionTemplate [org.hibernate.dialect.function.CurrentFunction@8821f5a] under local_date; prior registration was null
10:24:44.049 [main] DEBUG org.hibernate.query.sqm.function.SqmFunctionRegistry - Registered SqmFunctionTemplate [org.hibernate.dialect.function.CurrentFunction@422f1560] under local_time; prior registration was null
10:24:44.049 [main] DEBUG org.hibernate.query.sqm.function.SqmFunctionRegistry - Registered SqmFunctionTemplate [org.hibernate.dialect.function.CurrentFunction@733edfc4] under local_datetime; prior registration was null
10:24:44.049 [main] DEBUG org.hibernate.query.sqm.function.SqmFunctionRegistry - Registered SqmFunctionTemplate [org.hibernate.dialect.function.CurrentFunction@6f118420] under offset_datetime; prior registration was null
10:24:44.049 [main] DEBUG org.hibernate.query.sqm.function.SqmFunctionRegistry - Registering alternate key : local date -> local_date
10:24:44.049 [main] DEBUG org.hibernate.query.sqm.function.SqmFunctionRegistry - Registering alternate key : local time -> local_time
10:24:44.049 [main] DEBUG org.hibernate.query.sqm.function.SqmFunctionRegistry - Registering alternate key : local datetime -> local_datetime
10:24:44.049 [main] DEBUG org.hibernate.query.sqm.function.SqmFunctionRegistry - Registering alternate key : offset datetime -> offset_datetime
10:24:44.049 [main] DEBUG org.hibernate.query.sqm.function.SqmFunctionRegistry - Registered SqmFunctionTemplate [org.hibernate.dialect.function.CurrentFunction@77712e57] under instant; prior registration was null
10:24:44.049 [main] DEBUG org.hibernate.query.sqm.function.SqmFunctionRegistry - Registering alternate key : current_instant -> instant
10:24:44.049 [main] DEBUG org.hibernate.query.sqm.function.SqmFunctionRegistry - Registered SqmFunctionTemplate [org.hibernate.dialect.function.SqlFunction@4dcfa1cc] under sql; prior registration was null
10:24:44.049 [main] DEBUG org.hibernate.query.sqm.function.SqmFunctionRegistry - Registered SqmFunctionTemplate [NamedSqmFunctionTemplate(max)] under max; prior registration was NamedSqmFunctionTemplate(max)
10:24:44.049 [main] DEBUG org.hibernate.query.sqm.function.SqmFunctionRegistry - Registered SqmFunctionTemplate [NamedSqmFunctionTemplate(min)] under min; prior registration was NamedSqmFunctionTemplate(min)
10:24:44.049 [main] DEBUG org.hibernate.query.sqm.function.SqmFunctionRegistry - Registered SqmFunctionTemplate [NamedSqmFunctionTemplate(sum)] under sum; prior registration was NamedSqmFunctionTemplate(sum)
10:24:44.049 [main] DEBUG org.hibernate.query.sqm.function.SqmFunctionRegistry - Registered SqmFunctionTemplate [NamedSqmFunctionTemplate(avg)] under avg; prior registration was NamedSqmFunctionTemplate(avg)
10:24:44.049 [main] DEBUG org.hibernate.query.sqm.function.SqmFunctionRegistry - Registered SqmFunctionTemplate [org.hibernate.dialect.function.CountFunction@488a874e] under count; prior registration was org.hibernate.dialect.function.CountFunction@d4af4c8
10:24:44.049 [main] DEBUG org.hibernate.query.sqm.function.SqmFunctionRegistry - Registered SqmFunctionTemplate [org.hibernate.dialect.function.AvgFunction@2bd93afb] under avg; prior registration was NamedSqmFunctionTemplate(avg)
10:24:44.049 [main] DEBUG org.hibernate.query.sqm.function.SqmFunctionRegistry - Registered SqmFunctionTemplate [NamedSqmFunctionTemplate(pi)] under pi; prior registration was org.hibernate.query.sqm.function.PatternBasedSqmFunctionDescriptor@59e52793
10:24:44.049 [main] DEBUG org.hibernate.query.sqm.function.SqmFunctionRegistry - Registered SqmFunctionTemplate [NamedSqmFunctionTemplate(cot)] under cot; prior registration was null
10:24:44.049 [main] DEBUG org.hibernate.query.sqm.function.SqmFunctionRegistry - Registered SqmFunctionTemplate [NamedSqmFunctionTemplate(radians)] under radians; prior registration was null
10:24:44.049 [main] DEBUG org.hibernate.query.sqm.function.SqmFunctionRegistry - Registered SqmFunctionTemplate [NamedSqmFunctionTemplate(degrees)] under degrees; prior registration was null
10:24:44.049 [main] DEBUG org.hibernate.query.sqm.function.SqmFunctionRegistry - Registered SqmFunctionTemplate [NamedSqmFunctionTemplate(log10)] under log10; prior registration was null
10:24:44.049 [main] DEBUG org.hibernate.query.sqm.function.SqmFunctionRegistry - Registered SqmFunctionTemplate [org.hibernate.query.sqm.function.PatternBasedSqmFunctionDescriptor@55a4aa41] under mod; prior registration was NamedSqmFunctionTemplate(mod)
10:24:44.049 [main] DEBUG org.hibernate.query.sqm.function.SqmFunctionRegistry - Registered SqmFunctionTemplate [NamedSqmFunctionTemplate(rand)] under rand; prior registration was null
10:24:44.049 [main] DEBUG org.hibernate.query.sqm.function.SqmFunctionRegistry - Registered SqmFunctionTemplate [NamedSqmFunctionTemplate(soundex)] under soundex; prior registration was null
10:24:44.049 [main] DEBUG org.hibernate.query.sqm.function.SqmFunctionRegistry - Registered SqmFunctionTemplate [NamedSqmFunctionTemplate(translate)] under translate; prior registration was null
10:24:44.049 [main] DEBUG org.hibernate.query.sqm.function.SqmFunctionRegistry - Registered SqmFunctionTemplate [NamedSqmFunctionTemplate(bitand)] under bitand; prior registration was null
10:24:44.049 [main] DEBUG org.hibernate.query.sqm.function.SqmFunctionRegistry - Registered SqmFunctionTemplate [NamedSqmFunctionTemplate(bitor)] under bitor; prior registration was null
10:24:44.049 [main] DEBUG org.hibernate.query.sqm.function.SqmFunctionRegistry - Registered SqmFunctionTemplate [NamedSqmFunctionTemplate(bitxor)] under bitxor; prior registration was null
10:24:44.049 [main] DEBUG org.hibernate.query.sqm.function.SqmFunctionRegistry - Registered SqmFunctionTemplate [NamedSqmFunctionTemplate(bitnot)] under bitnot; prior registration was null
10:24:44.049 [main] DEBUG org.hibernate.query.sqm.function.SqmFunctionRegistry - Registered SqmFunctionTemplate [NamedSqmFunctionTemplate(bit_and)] under bit_and; prior registration was null
10:24:44.049 [main] DEBUG org.hibernate.query.sqm.function.SqmFunctionRegistry - Registered SqmFunctionTemplate [NamedSqmFunctionTemplate(bit_or)] under bit_or; prior registration was null
10:24:44.049 [main] DEBUG org.hibernate.query.sqm.function.SqmFunctionRegistry - Registered SqmFunctionTemplate [NamedSqmFunctionTemplate(day)] under day; prior registration was null
10:24:44.049 [main] DEBUG org.hibernate.query.sqm.function.SqmFunctionRegistry - Registered SqmFunctionTemplate [NamedSqmFunctionTemplate(month)] under month; prior registration was null
10:24:44.049 [main] DEBUG org.hibernate.query.sqm.function.SqmFunctionRegistry - Registered SqmFunctionTemplate [NamedSqmFunctionTemplate(year)] under year; prior registration was null
10:24:44.049 [main] DEBUG org.hibernate.query.sqm.function.SqmFunctionRegistry - Registered SqmFunctionTemplate [NamedSqmFunctionTemplate(hour)] under hour; prior registration was null
10:24:44.049 [main] DEBUG org.hibernate.query.sqm.function.SqmFunctionRegistry - Registered SqmFunctionTemplate [NamedSqmFunctionTemplate(minute)] under minute; prior registration was null
10:24:44.049 [main] DEBUG org.hibernate.query.sqm.function.SqmFunctionRegistry - Registered SqmFunctionTemplate [NamedSqmFunctionTemplate(second)] under second; prior registration was null
10:24:44.049 [main] DEBUG org.hibernate.query.sqm.function.SqmFunctionRegistry - Registered SqmFunctionTemplate [NamedSqmFunctionTemplate(microsecond)] under microsecond; prior registration was null
10:24:44.049 [main] DEBUG org.hibernate.query.sqm.function.SqmFunctionRegistry - Registered SqmFunctionTemplate [NamedSqmFunctionTemplate(day_of_week)] under day_of_week; prior registration was null
10:24:44.049 [main] DEBUG org.hibernate.query.sqm.function.SqmFunctionRegistry - Registered SqmFunctionTemplate [NamedSqmFunctionTemplate(day_of_month)] under day_of_month; prior registration was null
10:24:44.049 [main] DEBUG org.hibernate.query.sqm.function.SqmFunctionRegistry - Registering alternate key : day -> day_of_month
10:24:44.049 [main] DEBUG org.hibernate.query.sqm.function.SqmFunctionRegistry - Registered SqmFunctionTemplate [NamedSqmFunctionTemplate(day_of_year)] under day_of_year; prior registration was null
10:24:44.049 [main] DEBUG org.hibernate.query.sqm.function.SqmFunctionRegistry - Registered SqmFunctionTemplate [NamedSqmFunctionTemplate(week)] under week; prior registration was null
10:24:44.049 [main] DEBUG org.hibernate.query.sqm.function.SqmFunctionRegistry - Registered SqmFunctionTemplate [NamedSqmFunctionTemplate(quarter)] under quarter; prior registration was null
10:24:44.049 [main] DEBUG org.hibernate.query.sqm.function.SqmFunctionRegistry - Registered SqmFunctionTemplate [NamedSqmFunctionTemplate(monthname)] under monthname; prior registration was null
10:24:44.049 [main] DEBUG org.hibernate.query.sqm.function.SqmFunctionRegistry - Registered SqmFunctionTemplate [NamedSqmFunctionTemplate(dayname)] under dayname; prior registration was null
10:24:44.049 [main] DEBUG org.hibernate.query.sqm.function.SqmFunctionRegistry - Registered SqmFunctionTemplate [NamedSqmFunctionTemplate(localtime)] under localtime; prior registration was null
10:24:44.049 [main] DEBUG org.hibernate.query.sqm.function.SqmFunctionRegistry - Registered SqmFunctionTemplate [NamedSqmFunctionTemplate(localtimestamp)] under localtimestamp; prior registration was null
10:24:44.049 [main] DEBUG org.hibernate.query.sqm.function.SqmFunctionRegistry - Registered SqmFunctionTemplate [NamedSqmFunctionTemplate(localtime)] under local_time; prior registration was org.hibernate.dialect.function.CurrentFunction@422f1560
10:24:44.049 [main] DEBUG org.hibernate.query.sqm.function.SqmFunctionRegistry - Registered SqmFunctionTemplate [NamedSqmFunctionTemplate(localtimestamp)] under local_datetime; prior registration was org.hibernate.dialect.function.CurrentFunction@733edfc4
10:24:44.049 [main] DEBUG org.hibernate.query.sqm.function.SqmFunctionRegistry - Registered SqmFunctionTemplate [org.hibernate.dialect.function.TruncFunction@65d5a0f8] under trunc; prior registration was null
10:24:44.049 [main] DEBUG org.hibernate.query.sqm.function.SqmFunctionRegistry - Registering alternate key : truncate -> trunc
10:24:44.049 [main] DEBUG org.hibernate.query.sqm.function.SqmFunctionRegistry - Registered SqmFunctionTemplate [org.hibernate.query.sqm.function.PatternBasedSqmFunctionDescriptor@7979fbfb] under date_trunc; prior registration was null
10:24:44.049 [main] DEBUG org.hibernate.query.sqm.function.SqmFunctionRegistry - Registered SqmFunctionTemplate [NamedSqmFunctionTemplate(bit_length)] under bit_length; prior registration was null
10:24:44.049 [main] DEBUG org.hibernate.query.sqm.function.SqmFunctionRegistry - Registered SqmFunctionTemplate [NamedSqmFunctionTemplate(octet_length)] under octet_length; prior registration was null
10:24:44.049 [main] DEBUG org.hibernate.query.sqm.function.SqmFunctionRegistry - Registered SqmFunctionTemplate [NamedSqmFunctionTemplate(ascii)] under ascii; prior registration was null
10:24:44.049 [main] DEBUG org.hibernate.query.sqm.function.SqmFunctionRegistry - Registered SqmFunctionTemplate [NamedSqmFunctionTemplate(octet_length)] under octet_length; prior registration was NamedSqmFunctionTemplate(octet_length)
10:24:44.049 [main] DEBUG org.hibernate.query.sqm.function.SqmFunctionRegistry - Registered SqmFunctionTemplate [NamedSqmFunctionTemplate(space)] under space; prior registration was null
10:24:44.049 [main] DEBUG org.hibernate.query.sqm.function.SqmFunctionRegistry - Registered SqmFunctionTemplate [NamedSqmFunctionTemplate(repeat)] under repeat; prior registration was null
10:24:44.049 [main] DEBUG org.hibernate.query.sqm.function.SqmFunctionRegistry - Registered SqmFunctionTemplate [NamedSqmFunctionTemplate(char)] under char; prior registration was null
10:24:44.049 [main] DEBUG org.hibernate.query.sqm.function.SqmFunctionRegistry - Registering alternate key : chr -> char
10:24:44.049 [main] DEBUG org.hibernate.query.sqm.function.SqmFunctionRegistry - Registered SqmFunctionTemplate [NamedSqmFunctionTemplate(instr)] under instr; prior registration was null
10:24:44.049 [main] DEBUG org.hibernate.query.sqm.function.SqmFunctionRegistry - Registered SqmFunctionTemplate [NamedSqmFunctionTemplate(substr)] under substr; prior registration was null
10:24:44.049 [main] DEBUG org.hibernate.query.sqm.function.SqmFunctionRegistry - Registered SqmFunctionTemplate [org.hibernate.query.sqm.function.PatternBasedSqmFunctionDescriptor@1b9508cd] under position; prior registration was org.hibernate.dialect.function.LocatePositionEmulation@3124328e
10:24:44.049 [main] DEBUG org.hibernate.query.sqm.function.SqmFunctionRegistry - Registered SqmFunctionTemplate [NamedSqmFunctionTemplate(ltrim)] under ltrim; prior registration was null
10:24:44.049 [main] DEBUG org.hibernate.query.sqm.function.SqmFunctionRegistry - Registered SqmFunctionTemplate [NamedSqmFunctionTemplate(rtrim)] under rtrim; prior registration was null
10:24:44.049 [main] DEBUG org.hibernate.query.sqm.function.SqmFunctionRegistry - Registered SqmFunctionTemplate [org.hibernate.query.sqm.function.PatternBasedSqmFunctionDescriptor@6b135f5c] under concat; prior registration was NamedSqmFunctionTemplate(concat)
10:24:44.049 [main] DEBUG org.hibernate.query.sqm.function.SqmFunctionRegistry - Registered SqmFunctionTemplate [NamedSqmFunctionTemplate(curtime)] under curtime; prior registration was null
10:24:44.049 [main] DEBUG org.hibernate.query.sqm.function.SqmFunctionRegistry - Registered SqmFunctionTemplate [NamedSqmFunctionTemplate(curdate)] under curdate; prior registration was null
10:24:44.049 [main] DEBUG org.hibernate.query.sqm.function.SqmFunctionRegistry - Registered SqmFunctionTemplate [NamedSqmFunctionTemplate(now)] under now; prior registration was null
10:24:44.049 [main] DEBUG org.hibernate.query.sqm.function.SqmFunctionRegistry - Registered SqmFunctionTemplate [NamedSqmFunctionTemplate(sysdate)] under sysdate; prior registration was null
10:24:44.049 [main] DEBUG org.hibernate.query.sqm.function.SqmFunctionRegistry - Registered SqmFunctionTemplate [NamedSqmFunctionTemplate(insert)] under insert; prior registration was null
10:24:44.049 [main] DEBUG org.hibernate.query.sqm.function.SqmFunctionRegistry - Registered SqmFunctionTemplate [NamedSqmFunctionTemplate(bool_and)] under bool_and; prior registration was null
10:24:44.049 [main] DEBUG org.hibernate.query.sqm.function.SqmFunctionRegistry - Registering alternate key : every -> bool_and
10:24:44.049 [main] DEBUG org.hibernate.query.sqm.function.SqmFunctionRegistry - Registered SqmFunctionTemplate [NamedSqmFunctionTemplate(bool_or)] under bool_or; prior registration was null
10:24:44.049 [main] DEBUG org.hibernate.query.sqm.function.SqmFunctionRegistry - Registering alternate key : any -> bool_or
10:24:44.049 [main] DEBUG org.hibernate.query.sqm.function.SqmFunctionRegistry - Registered SqmFunctionTemplate [NamedSqmFunctionTemplate(median)] under median; prior registration was null
10:24:44.049 [main] DEBUG org.hibernate.query.sqm.function.SqmFunctionRegistry - Registered SqmFunctionTemplate [NamedSqmFunctionTemplate(stddev_pop)] under stddev_pop; prior registration was null
10:24:44.049 [main] DEBUG org.hibernate.query.sqm.function.SqmFunctionRegistry - Registered SqmFunctionTemplate [NamedSqmFunctionTemplate(stddev_samp)] under stddev_samp; prior registration was null
10:24:44.049 [main] DEBUG org.hibernate.query.sqm.function.SqmFunctionRegistry - Registered SqmFunctionTemplate [NamedSqmFunctionTemplate(var_pop)] under var_pop; prior registration was null
10:24:44.049 [main] DEBUG org.hibernate.query.sqm.function.SqmFunctionRegistry - Registered SqmFunctionTemplate [NamedSqmFunctionTemplate(var_samp)] under var_samp; prior registration was null
10:24:44.049 [main] DEBUG org.hibernate.query.sqm.function.SqmFunctionRegistry - Registered SqmFunctionTemplate [org.hibernate.dialect.function.FormatFunction@2389e0a6] under format; prior registration was org.hibernate.dialect.function.FormatFunction@31686d68
10:24:44.049 [main] DEBUG org.hibernate.query.sqm.function.SqmFunctionRegistry - Registered SqmFunctionTemplate [NamedSqmFunctionTemplate(rownum)] under rownum; prior registration was null
10:24:44.049 [main] DEBUG org.hibernate.query.sqm.function.SqmFunctionRegistry - Registered SqmFunctionTemplate [NamedSqmFunctionTemplate(row_number)] under row_number; prior registration was null
10:24:44.049 [main] DEBUG org.hibernate.query.sqm.function.SqmFunctionRegistry - Registered SqmFunctionTemplate [NamedSqmFunctionTemplate(lag)] under lag; prior registration was null
10:24:44.049 [main] DEBUG org.hibernate.query.sqm.function.SqmFunctionRegistry - Registered SqmFunctionTemplate [NamedSqmFunctionTemplate(lead)] under lead; prior registration was null
10:24:44.049 [main] DEBUG org.hibernate.query.sqm.function.SqmFunctionRegistry - Registered SqmFunctionTemplate [NamedSqmFunctionTemplate(first_value)] under first_value; prior registration was null
10:24:44.049 [main] DEBUG org.hibernate.query.sqm.function.SqmFunctionRegistry - Registered SqmFunctionTemplate [NamedSqmFunctionTemplate(last_value)] under last_value; prior registration was null
10:24:44.049 [main] DEBUG org.hibernate.query.sqm.function.SqmFunctionRegistry - Registered SqmFunctionTemplate [NamedSqmFunctionTemplate(nth_value)] under nth_value; prior registration was null
10:24:44.049 [main] DEBUG org.hibernate.query.sqm.function.SqmFunctionRegistry - Registered SqmFunctionTemplate [org.hibernate.dialect.function.ListaggFunction@1519610f] under listagg; prior registration was null
10:24:44.049 [main] DEBUG org.hibernate.query.sqm.function.SqmFunctionRegistry - Registered SqmFunctionTemplate [org.hibernate.dialect.function.InverseDistributionFunction@2679d001] under mode; prior registration was null
10:24:44.049 [main] DEBUG org.hibernate.query.sqm.function.SqmFunctionRegistry - Registered SqmFunctionTemplate [org.hibernate.dialect.function.InverseDistributionFunction@5761922d] under percentile_cont; prior registration was null
10:24:44.049 [main] DEBUG org.hibernate.query.sqm.function.SqmFunctionRegistry - Registered SqmFunctionTemplate [org.hibernate.dialect.function.InverseDistributionFunction@3b81c4b7] under percentile_disc; prior registration was null
10:24:44.049 [main] DEBUG org.hibernate.query.sqm.function.SqmFunctionRegistry - Registered SqmFunctionTemplate [org.hibernate.dialect.function.HypotheticalSetFunction@654ecbd1] under rank; prior registration was null
10:24:44.049 [main] DEBUG org.hibernate.query.sqm.function.SqmFunctionRegistry - Registered SqmFunctionTemplate [org.hibernate.dialect.function.HypotheticalSetFunction@ddff6a1] under dense_rank; prior registration was null
10:24:44.049 [main] DEBUG org.hibernate.query.sqm.function.SqmFunctionRegistry - Registered SqmFunctionTemplate [org.hibernate.dialect.function.HypotheticalSetFunction@5674edcd] under percent_rank; prior registration was null
10:24:44.049 [main] DEBUG org.hibernate.query.sqm.function.SqmFunctionRegistry - Registered SqmFunctionTemplate [org.hibernate.dialect.function.HypotheticalSetFunction@63e52fc8] under cume_dist; prior registration was null
10:24:44.049 [main] DEBUG org.hibernate.query.sqm.function.SqmFunctionRegistry - Registered SqmFunctionTemplate [org.hibernate.dialect.function.array.ArrayConstructorFunction@70666026] under array; prior registration was null
10:24:44.049 [main] DEBUG org.hibernate.query.sqm.function.SqmFunctionRegistry - Registered SqmFunctionTemplate [org.hibernate.dialect.function.array.ArrayConstructorFunction@27efa75] under array_list; prior registration was null
10:24:44.049 [main] DEBUG org.hibernate.query.sqm.function.SqmFunctionRegistry - Registered SqmFunctionTemplate [org.hibernate.dialect.function.array.ArrayAggFunction@73156572] under array_agg; prior registration was null
10:24:44.049 [main] DEBUG org.hibernate.query.sqm.function.SqmFunctionRegistry - Registered SqmFunctionTemplate [org.hibernate.dialect.function.array.H2ArrayPositionFunction@39449fb7] under array_position; prior registration was null
10:24:44.049 [main] DEBUG org.hibernate.query.sqm.function.SqmFunctionRegistry - Registered SqmFunctionTemplate [org.hibernate.dialect.function.array.H2ArrayPositionsFunction@f385f82] under array_positions; prior registration was null
10:24:44.049 [main] DEBUG org.hibernate.query.sqm.function.SqmFunctionRegistry - Registered SqmFunctionTemplate [org.hibernate.dialect.function.array.H2ArrayPositionsFunction@4afa1189] under array_positions_list; prior registration was null
10:24:44.049 [main] DEBUG org.hibernate.query.sqm.function.SqmFunctionRegistry - Registered SqmFunctionTemplate [org.hibernate.query.sqm.function.PatternBasedSqmFunctionDescriptor@359a70c8] under array_length; prior registration was null
10:24:44.049 [main] DEBUG org.hibernate.query.sqm.function.SqmFunctionRegistry - Registered SqmFunctionTemplate [org.hibernate.dialect.function.array.ArrayConcatFunction@7893edb6] under array_concat; prior registration was null
10:24:44.049 [main] DEBUG org.hibernate.query.sqm.function.SqmFunctionRegistry - Registered SqmFunctionTemplate [org.hibernate.dialect.function.array.ArrayConcatElementFunction@5bc116c3] under array_prepend; prior registration was null
10:24:44.049 [main] DEBUG org.hibernate.query.sqm.function.SqmFunctionRegistry - Registered SqmFunctionTemplate [org.hibernate.dialect.function.array.ArrayConcatElementFunction@412d326b] under array_append; prior registration was null
10:24:44.049 [main] DEBUG org.hibernate.query.sqm.function.SqmFunctionRegistry - Registered SqmFunctionTemplate [org.hibernate.dialect.function.array.H2ArrayContainsFunction@275706b6] under array_contains; prior registration was null
10:24:44.049 [main] DEBUG org.hibernate.query.sqm.function.SqmFunctionRegistry - Registered SqmFunctionTemplate [org.hibernate.dialect.function.array.H2ArrayContainsFunction@404eb1b7] under array_contains_nullable; prior registration was null
10:24:44.049 [main] DEBUG org.hibernate.query.sqm.function.SqmFunctionRegistry - Registered SqmFunctionTemplate [org.hibernate.dialect.function.array.H2ArrayOverlapsFunction@136ac073] under array_overlaps; prior registration was null
10:24:44.049 [main] DEBUG org.hibernate.query.sqm.function.SqmFunctionRegistry - Registered SqmFunctionTemplate [org.hibernate.dialect.function.array.H2ArrayOverlapsFunction@3b7c161f] under array_overlaps_nullable; prior registration was null
10:24:44.049 [main] DEBUG org.hibernate.query.sqm.function.SqmFunctionRegistry - Registered SqmFunctionTemplate [org.hibernate.query.sqm.function.PatternBasedSqmFunctionDescriptor@2401d570] under array_get; prior registration was null
10:24:44.049 [main] DEBUG org.hibernate.query.sqm.function.SqmFunctionRegistry - Registered SqmFunctionTemplate [org.hibernate.dialect.function.array.H2ArraySetFunction@11f70b4e] under array_set; prior registration was null
10:24:44.049 [main] DEBUG org.hibernate.query.sqm.function.SqmFunctionRegistry - Registered SqmFunctionTemplate [org.hibernate.dialect.function.array.H2ArrayRemoveFunction@54db285b] under array_remove; prior registration was null
10:24:44.049 [main] DEBUG org.hibernate.query.sqm.function.SqmFunctionRegistry - Registered SqmFunctionTemplate [org.hibernate.dialect.function.array.H2ArrayRemoveIndexFunction@f4c1031] under array_remove_index; prior registration was null
10:24:44.049 [main] DEBUG org.hibernate.query.sqm.function.SqmFunctionRegistry - Registered SqmFunctionTemplate [org.hibernate.query.sqm.function.PatternBasedSqmFunctionDescriptor@254cfefd] under array_slice; prior registration was null
10:24:44.049 [main] DEBUG org.hibernate.query.sqm.function.SqmFunctionRegistry - Registered SqmFunctionTemplate [org.hibernate.dialect.function.array.H2ArrayReplaceFunction@cc82c61] under array_replace; prior registration was null
10:24:44.049 [main] DEBUG org.hibernate.query.sqm.function.SqmFunctionRegistry - Registered SqmFunctionTemplate [org.hibernate.query.sqm.function.PatternBasedSqmFunctionDescriptor@15c4453] under array_trim; prior registration was null
10:24:44.049 [main] DEBUG org.hibernate.query.sqm.function.SqmFunctionRegistry - Registered SqmFunctionTemplate [org.hibernate.dialect.function.array.H2ArrayFillFunction@6e7e11d1] under array_fill; prior registration was null
10:24:44.049 [main] DEBUG org.hibernate.query.sqm.function.SqmFunctionRegistry - Registered SqmFunctionTemplate [org.hibernate.dialect.function.array.H2ArrayFillFunction@2c87a1f5] under array_fill_list; prior registration was null
10:24:44.049 [main] DEBUG org.hibernate.query.sqm.function.SqmFunctionRegistry - Registered SqmFunctionTemplate [org.hibernate.dialect.function.array.H2ArrayToStringFunction@61613b20] under array_to_string; prior registration was null
10:24:44.049 [main] DEBUG org.hibernate.HQL_FUNCTIONS - abs(NUMERIC arg)
10:24:44.049 [main] DEBUG org.hibernate.HQL_FUNCTIONS - Double acos(NUMERIC arg)
10:24:44.049 [main] DEBUG org.hibernate.HQL_FUNCTIONS - Boolean any(BOOLEAN predicate)
10:24:44.049 [main] DEBUG org.hibernate.HQL_FUNCTIONS - array( ... )
10:24:44.049 [main] DEBUG org.hibernate.HQL_FUNCTIONS - array_agg(arg)
10:24:44.049 [main] DEBUG org.hibernate.HQL_FUNCTIONS - array_append( ... )
10:24:44.049 [main] DEBUG org.hibernate.HQL_FUNCTIONS - array_concat( ... )
10:24:44.049 [main] DEBUG org.hibernate.HQL_FUNCTIONS - Boolean array_contains(ARRAY haystackArray, OBJECT needleElementOrArray)
10:24:44.049 [main] DEBUG org.hibernate.HQL_FUNCTIONS - Boolean array_contains_nullable(ARRAY haystackArray, OBJECT needleElementOrArray)
10:24:44.049 [main] DEBUG org.hibernate.HQL_FUNCTIONS - array_fill(OBJECT element, INTEGER elementCount)
10:24:44.049 [main] DEBUG org.hibernate.HQL_FUNCTIONS - array_fill_list(OBJECT element, INTEGER elementCount)
10:24:44.049 [main] DEBUG org.hibernate.HQL_FUNCTIONS - array_get(ARRAY array, INTEGER index)
10:24:44.049 [main] DEBUG org.hibernate.HQL_FUNCTIONS - Integer array_length(ARRAY array)
10:24:44.049 [main] DEBUG org.hibernate.HQL_FUNCTIONS - array_list( ... )
10:24:44.049 [main] DEBUG org.hibernate.HQL_FUNCTIONS - Boolean array_overlaps(ARRAY array0, OBJECT array1)
10:24:44.049 [main] DEBUG org.hibernate.HQL_FUNCTIONS - Boolean array_overlaps_nullable(ARRAY array0, OBJECT array1)
10:24:44.049 [main] DEBUG org.hibernate.HQL_FUNCTIONS - Integer array_position(ARRAY array, OBJECT element[, INTEGER startPosition])
10:24:44.049 [main] DEBUG org.hibernate.HQL_FUNCTIONS - int[] array_positions(ARRAY array, OBJECT element)
10:24:44.049 [main] DEBUG org.hibernate.HQL_FUNCTIONS - List array_positions_list(ARRAY array, OBJECT element)
10:24:44.049 [main] DEBUG org.hibernate.HQL_FUNCTIONS - array_prepend( ... )
10:24:44.049 [main] DEBUG org.hibernate.HQL_FUNCTIONS - array_remove( ... )
10:24:44.049 [main] DEBUG org.hibernate.HQL_FUNCTIONS - array_remove_index( ... )
10:24:44.049 [main] DEBUG org.hibernate.HQL_FUNCTIONS - array_replace( ... )
10:24:44.049 [main] DEBUG org.hibernate.HQL_FUNCTIONS - array_set( ... )
10:24:44.049 [main] DEBUG org.hibernate.HQL_FUNCTIONS - array_slice(ARRAY array, INTEGER start, INTEGER end)
10:24:44.049 [main] DEBUG org.hibernate.HQL_FUNCTIONS - String array_to_string( ... )
10:24:44.049 [main] DEBUG org.hibernate.HQL_FUNCTIONS - array_trim(ARRAY array, INTEGER elementsToRemove)
10:24:44.049 [main] DEBUG org.hibernate.HQL_FUNCTIONS - Integer ascii(STRING arg)
10:24:44.049 [main] DEBUG org.hibernate.HQL_FUNCTIONS - Double asin(NUMERIC arg)
10:24:44.049 [main] DEBUG org.hibernate.HQL_FUNCTIONS - Double atan(NUMERIC arg)
10:24:44.049 [main] DEBUG org.hibernate.HQL_FUNCTIONS - Double atan2(NUMERIC arg0, NUMERIC arg1)
10:24:44.049 [main] DEBUG org.hibernate.HQL_FUNCTIONS - avg(NUMERIC arg)
10:24:44.049 [main] DEBUG org.hibernate.HQL_FUNCTIONS - bit_and(arg)
10:24:44.049 [main] DEBUG org.hibernate.HQL_FUNCTIONS - Integer bit_length(STRING_OR_CLOB arg)
10:24:44.049 [main] DEBUG org.hibernate.HQL_FUNCTIONS - bit_or(arg)
10:24:44.049 [main] DEBUG org.hibernate.HQL_FUNCTIONS - bitand(arg0, arg1)
10:24:44.049 [main] DEBUG org.hibernate.HQL_FUNCTIONS - bitnot(arg)
10:24:44.049 [main] DEBUG org.hibernate.HQL_FUNCTIONS - bitor(arg0, arg1)
10:24:44.049 [main] DEBUG org.hibernate.HQL_FUNCTIONS - bitxor(arg0, arg1)
10:24:44.049 [main] DEBUG org.hibernate.HQL_FUNCTIONS - Boolean bool_and(BOOLEAN predicate)
10:24:44.049 [main] DEBUG org.hibernate.HQL_FUNCTIONS - Boolean bool_or(BOOLEAN predicate)
10:24:44.049 [main] DEBUG org.hibernate.HQL_FUNCTIONS - cast(arg as Type)
10:24:44.049 [main] DEBUG org.hibernate.HQL_FUNCTIONS - ceiling(NUMERIC arg)
10:24:44.049 [main] DEBUG org.hibernate.HQL_FUNCTIONS - Character char(INTEGER arg)
10:24:44.049 [main] DEBUG org.hibernate.HQL_FUNCTIONS - Integer character_length(STRING_OR_CLOB arg)
10:24:44.049 [main] DEBUG org.hibernate.HQL_FUNCTIONS - Character chr(INTEGER arg)
10:24:44.049 [main] DEBUG org.hibernate.HQL_FUNCTIONS - coalesce(arg0[, arg1[, ...]])
10:24:44.049 [main] DEBUG org.hibernate.HQL_FUNCTIONS - String collate(STRING string as COLLATION collation)
10:24:44.049 [main] DEBUG org.hibernate.HQL_FUNCTIONS - String concat(STRING string0[, STRING string1[, ...]])
10:24:44.049 [main] DEBUG org.hibernate.HQL_FUNCTIONS - Double cos(NUMERIC arg)
10:24:44.049 [main] DEBUG org.hibernate.HQL_FUNCTIONS - Double cosh(NUMERIC arg)
10:24:44.049 [main] DEBUG org.hibernate.HQL_FUNCTIONS - Double cot(NUMERIC arg)
10:24:44.049 [main] DEBUG org.hibernate.HQL_FUNCTIONS - Long count([distinct ]{arg|*})
10:24:44.049 [main] DEBUG org.hibernate.HQL_FUNCTIONS - Double cume_dist([arg0[, ...]])
10:24:44.049 [main] DEBUG org.hibernate.HQL_FUNCTIONS - Date curdate()
10:24:44.049 [main] DEBUG org.hibernate.HQL_FUNCTIONS - Date current date
10:24:44.049 [main] DEBUG org.hibernate.HQL_FUNCTIONS - Time current time
10:24:44.049 [main] DEBUG org.hibernate.HQL_FUNCTIONS - Timestamp current timestamp
10:24:44.049 [main] DEBUG org.hibernate.HQL_FUNCTIONS - Date current_date
10:24:44.049 [main] DEBUG org.hibernate.HQL_FUNCTIONS - Instant current_instant
10:24:44.049 [main] DEBUG org.hibernate.HQL_FUNCTIONS - Time current_time
10:24:44.049 [main] DEBUG org.hibernate.HQL_FUNCTIONS - Timestamp current_timestamp
10:24:44.049 [main] DEBUG org.hibernate.HQL_FUNCTIONS - Time curtime()
10:24:44.049 [main] DEBUG org.hibernate.HQL_FUNCTIONS - date_trunc(STRING field, TEMPORAL datetime)
10:24:44.049 [main] DEBUG org.hibernate.HQL_FUNCTIONS - dateadd(TEMPORAL_UNIT field, INTEGER magnitude, TEMPORAL datetime)
10:24:44.049 [main] DEBUG org.hibernate.HQL_FUNCTIONS - Long|Double datediff(TEMPORAL_UNIT field, TEMPORAL start, TEMPORAL end)
10:24:44.049 [main] DEBUG org.hibernate.HQL_FUNCTIONS - Integer day(DATE arg)
10:24:44.049 [main] DEBUG org.hibernate.HQL_FUNCTIONS - Integer day_of_month(DATE arg)
10:24:44.049 [main] DEBUG org.hibernate.HQL_FUNCTIONS - Integer day_of_week(DATE arg)
10:24:44.049 [main] DEBUG org.hibernate.HQL_FUNCTIONS - Integer day_of_year(DATE arg)
10:24:44.049 [main] DEBUG org.hibernate.HQL_FUNCTIONS - String dayname(DATE arg)
10:24:44.049 [main] DEBUG org.hibernate.HQL_FUNCTIONS - Double degrees(NUMERIC arg)
10:24:44.049 [main] DEBUG org.hibernate.HQL_FUNCTIONS - Long dense_rank([arg0[, ...]])
10:24:44.049 [main] DEBUG org.hibernate.HQL_FUNCTIONS - Boolean every(BOOLEAN predicate)
10:24:44.049 [main] DEBUG org.hibernate.HQL_FUNCTIONS - Double exp(NUMERIC arg)
10:24:44.049 [main] DEBUG org.hibernate.HQL_FUNCTIONS - extract(TEMPORAL_UNIT field from TEMPORAL arg)
10:24:44.049 [main] DEBUG org.hibernate.HQL_FUNCTIONS - first_valueANY value
10:24:44.049 [main] DEBUG org.hibernate.HQL_FUNCTIONS - floor(NUMERIC arg)
10:24:44.049 [main] DEBUG org.hibernate.HQL_FUNCTIONS - String format(TEMPORAL datetime as STRING pattern)
10:24:44.049 [main] DEBUG org.hibernate.HQL_FUNCTIONS - greatest(COMPARABLE arg0, COMPARABLE arg1[, arg2[, ...]])
10:24:44.049 [main] DEBUG org.hibernate.HQL_FUNCTIONS - Integer hour(TIME arg)
10:24:44.049 [main] DEBUG org.hibernate.HQL_FUNCTIONS - ifnull(arg0, arg1)
10:24:44.049 [main] DEBUG org.hibernate.HQL_FUNCTIONS - String insert(STRING string, INTEGER start, INTEGER length, STRING replacement)
10:24:44.049 [main] DEBUG org.hibernate.HQL_FUNCTIONS - Instant instant
10:24:44.049 [main] DEBUG org.hibernate.HQL_FUNCTIONS - Integer instr(STRING string, STRING pattern[, INTEGER start[, INTEGER occurrence]])
10:24:44.049 [main] DEBUG org.hibernate.HQL_FUNCTIONS - lagANY value[, INTEGER offset[, ANY default]]
10:24:44.049 [main] DEBUG org.hibernate.HQL_FUNCTIONS - last_valueANY value
10:24:44.049 [main] DEBUG org.hibernate.HQL_FUNCTIONS - leadANY value[, INTEGER offset[, ANY default]]
10:24:44.049 [main] DEBUG org.hibernate.HQL_FUNCTIONS - least(COMPARABLE arg0, COMPARABLE arg1[, arg2[, ...]])
10:24:44.049 [main] DEBUG org.hibernate.HQL_FUNCTIONS - String left(STRING string, INTEGER length)
10:24:44.049 [main] DEBUG org.hibernate.HQL_FUNCTIONS - Integer length(STRING_OR_CLOB arg)
10:24:44.049 [main] DEBUG org.hibernate.HQL_FUNCTIONS - String listagg(STRING arg0, STRING arg1)
10:24:44.049 [main] DEBUG org.hibernate.HQL_FUNCTIONS - Double ln(NUMERIC arg)
10:24:44.049 [main] DEBUG org.hibernate.HQL_FUNCTIONS - LocalDate local date
10:24:44.049 [main] DEBUG org.hibernate.HQL_FUNCTIONS - LocalDateTime local datetime
10:24:44.049 [main] DEBUG org.hibernate.HQL_FUNCTIONS - LocalTime local time
10:24:44.049 [main] DEBUG org.hibernate.HQL_FUNCTIONS - LocalDate local_date
10:24:44.049 [main] DEBUG org.hibernate.HQL_FUNCTIONS - LocalDateTime local_datetime
10:24:44.049 [main] DEBUG org.hibernate.HQL_FUNCTIONS - LocalTime local_time
10:24:44.049 [main] DEBUG org.hibernate.HQL_FUNCTIONS - Time localtime
10:24:44.049 [main] DEBUG org.hibernate.HQL_FUNCTIONS - Timestamp localtimestamp
10:24:44.049 [main] DEBUG org.hibernate.HQL_FUNCTIONS - Integer locate(STRING pattern, STRING string[, INTEGER start])
10:24:44.049 [main] DEBUG org.hibernate.HQL_FUNCTIONS - Double log(NUMERIC base, NUMERIC arg)
10:24:44.049 [main] DEBUG org.hibernate.HQL_FUNCTIONS - Double log10(NUMERIC arg)
10:24:44.049 [main] DEBUG org.hibernate.HQL_FUNCTIONS - String lower(STRING string)
10:24:44.049 [main] DEBUG org.hibernate.HQL_FUNCTIONS - String lpad(STRING string, INTEGER length[, STRING padding])
10:24:44.049 [main] DEBUG org.hibernate.HQL_FUNCTIONS - String ltrim(STRING string)
10:24:44.049 [main] DEBUG org.hibernate.HQL_FUNCTIONS - max(COMPARABLE arg)
10:24:44.049 [main] DEBUG org.hibernate.HQL_FUNCTIONS - Double median(NUMERIC arg)
10:24:44.049 [main] DEBUG org.hibernate.HQL_FUNCTIONS - Integer microsecond(TIME arg)
10:24:44.049 [main] DEBUG org.hibernate.HQL_FUNCTIONS - min(COMPARABLE arg)
10:24:44.049 [main] DEBUG org.hibernate.HQL_FUNCTIONS - Integer minute(TIME arg)
10:24:44.049 [main] DEBUG org.hibernate.HQL_FUNCTIONS - Integer mod(INTEGER arg0, INTEGER arg1)
10:24:44.049 [main] DEBUG org.hibernate.HQL_FUNCTIONS - mode()
10:24:44.049 [main] DEBUG org.hibernate.HQL_FUNCTIONS - Integer month(DATE arg)
10:24:44.049 [main] DEBUG org.hibernate.HQL_FUNCTIONS - String monthname(DATE arg)
10:24:44.049 [main] DEBUG org.hibernate.HQL_FUNCTIONS - Timestamp now()
10:24:44.049 [main] DEBUG org.hibernate.HQL_FUNCTIONS - nth_valueANY value, INTEGER nth
10:24:44.049 [main] DEBUG org.hibernate.HQL_FUNCTIONS - nullif(arg0, arg1)
10:24:44.049 [main] DEBUG org.hibernate.HQL_FUNCTIONS - Integer octet_length(STRING_OR_CLOB arg)
10:24:44.049 [main] DEBUG org.hibernate.HQL_FUNCTIONS - OffsetDateTime offset datetime
10:24:44.049 [main] DEBUG org.hibernate.HQL_FUNCTIONS - OffsetDateTime offset_datetime
10:24:44.049 [main] DEBUG org.hibernate.HQL_FUNCTIONS - String overlay(STRING string placing STRING replacement from INTEGER start[ for INTEGER length])
10:24:44.049 [main] DEBUG org.hibernate.HQL_FUNCTIONS - String pad(STRING string with INTEGER length {leading|trailing}[ STRING character])
10:24:44.049 [main] DEBUG org.hibernate.HQL_FUNCTIONS - Double percent_rank([arg0[, ...]])
10:24:44.049 [main] DEBUG org.hibernate.HQL_FUNCTIONS - percentile_cont(NUMERIC arg)
10:24:44.049 [main] DEBUG org.hibernate.HQL_FUNCTIONS - percentile_disc(NUMERIC arg)
10:24:44.049 [main] DEBUG org.hibernate.HQL_FUNCTIONS - Double pi
10:24:44.049 [main] DEBUG org.hibernate.HQL_FUNCTIONS - Integer position(STRING pattern in STRING string)
10:24:44.049 [main] DEBUG org.hibernate.HQL_FUNCTIONS - Double power(NUMERIC arg0, NUMERIC arg1)
10:24:44.049 [main] DEBUG org.hibernate.HQL_FUNCTIONS - Integer quarter(DATE arg)
10:24:44.049 [main] DEBUG org.hibernate.HQL_FUNCTIONS - Double radians(NUMERIC arg)
10:24:44.049 [main] DEBUG org.hibernate.HQL_FUNCTIONS - Double rand([INTEGER seed])
10:24:44.049 [main] DEBUG org.hibernate.HQL_FUNCTIONS - Long rank([arg0[, ...]])
10:24:44.049 [main] DEBUG org.hibernate.HQL_FUNCTIONS - String repeat(STRING string, INTEGER times)
10:24:44.049 [main] DEBUG org.hibernate.HQL_FUNCTIONS - String replace(STRING string, STRING pattern, STRING replacement)
10:24:44.049 [main] DEBUG org.hibernate.HQL_FUNCTIONS - String right(STRING string, INTEGER length)
10:24:44.049 [main] DEBUG org.hibernate.HQL_FUNCTIONS - round(NUMERIC number[, INTEGER places])
10:24:44.049 [main] DEBUG org.hibernate.HQL_FUNCTIONS - Long row_number()
10:24:44.049 [main] DEBUG org.hibernate.HQL_FUNCTIONS - Long rownum()
10:24:44.049 [main] DEBUG org.hibernate.HQL_FUNCTIONS - String rpad(STRING string, INTEGER length[, STRING padding])
10:24:44.049 [main] DEBUG org.hibernate.HQL_FUNCTIONS - String rtrim(STRING string)
10:24:44.049 [main] DEBUG org.hibernate.HQL_FUNCTIONS - Integer second(TIME arg)
10:24:44.049 [main] DEBUG org.hibernate.HQL_FUNCTIONS - Integer sign(NUMERIC arg)
10:24:44.049 [main] DEBUG org.hibernate.HQL_FUNCTIONS - Double sin(NUMERIC arg)
10:24:44.049 [main] DEBUG org.hibernate.HQL_FUNCTIONS - Double sinh(NUMERIC arg)
10:24:44.049 [main] DEBUG org.hibernate.HQL_FUNCTIONS - String soundex(arg)
10:24:44.049 [main] DEBUG org.hibernate.HQL_FUNCTIONS - String space(INTEGER arg)
10:24:44.049 [main] DEBUG org.hibernate.HQL_FUNCTIONS - Object sql
10:24:44.049 [main] DEBUG org.hibernate.HQL_FUNCTIONS - Double sqrt(NUMERIC arg)
10:24:44.049 [main] DEBUG org.hibernate.HQL_FUNCTIONS - Double stddev_pop(NUMERIC arg)
10:24:44.049 [main] DEBUG org.hibernate.HQL_FUNCTIONS - Double stddev_samp(NUMERIC arg)
10:24:44.049 [main] DEBUG org.hibernate.HQL_FUNCTIONS - String str(arg)
10:24:44.049 [main] DEBUG org.hibernate.HQL_FUNCTIONS - String substr(STRING string, INTEGER start[, INTEGER length])
10:24:44.049 [main] DEBUG org.hibernate.HQL_FUNCTIONS - String substring(STRING string{ from|,} INTEGER start[{ for|,} INTEGER length])
10:24:44.049 [main] DEBUG org.hibernate.HQL_FUNCTIONS - sum(arg)
10:24:44.049 [main] DEBUG org.hibernate.HQL_FUNCTIONS - Timestamp sysdate
10:24:44.049 [main] DEBUG org.hibernate.HQL_FUNCTIONS - Double tan(NUMERIC arg)
10:24:44.049 [main] DEBUG org.hibernate.HQL_FUNCTIONS - Double tanh(NUMERIC arg)
10:24:44.049 [main] DEBUG org.hibernate.HQL_FUNCTIONS - timestampadd(TEMPORAL_UNIT field, INTEGER magnitude, TEMPORAL datetime)
10:24:44.049 [main] DEBUG org.hibernate.HQL_FUNCTIONS - Long|Double timestampdiff(TEMPORAL_UNIT field, TEMPORAL start, TEMPORAL end)
10:24:44.049 [main] DEBUG org.hibernate.HQL_FUNCTIONS - String translate(STRING arg0, STRING arg1, STRING arg2)
10:24:44.049 [main] DEBUG org.hibernate.HQL_FUNCTIONS - String trim([[{leading|trailing|both} ][STRING arg0 ]from] STRING arg1)
10:24:44.049 [main] DEBUG org.hibernate.HQL_FUNCTIONS - trunc( ... )
10:24:44.049 [main] DEBUG org.hibernate.HQL_FUNCTIONS - truncate( ... )
10:24:44.049 [main] DEBUG org.hibernate.HQL_FUNCTIONS - String upper(STRING string)
10:24:44.049 [main] DEBUG org.hibernate.HQL_FUNCTIONS - Double var_pop(NUMERIC arg)
10:24:44.049 [main] DEBUG org.hibernate.HQL_FUNCTIONS - Double var_samp(NUMERIC arg)
10:24:44.049 [main] DEBUG org.hibernate.HQL_FUNCTIONS - Integer week(DATE arg)
10:24:44.049 [main] DEBUG org.hibernate.HQL_FUNCTIONS - Integer year(DATE arg)
10:24:44.049 [main] DEBUG org.hibernate.orm.query.plan.cache - Starting QueryInterpretationCache(2048)
10:24:44.049 [main] DEBUG org.hibernate.service.internal.SessionFactoryServiceRegistryImpl - EventListenerRegistry access via ServiceRegistry is deprecated.  Use `sessionFactory.getEventEngine().getListenerRegistry()` instead
10:24:44.049 [main] DEBUG org.hibernate.event.internal.EntityCopyObserverFactoryInitiator - Configured EntityCopyObserver strategy: disallow
10:24:44.050 [main] DEBUG org.hibernate.boot.internal.ClassLoaderAccessImpl - Not known whether passed class name [org.frcpm.models.Attendance] is safe
10:24:44.050 [main] DEBUG org.hibernate.boot.internal.ClassLoaderAccessImpl - No temp ClassLoader provided; using live ClassLoader for loading potentially unsafe class : org.frcpm.models.Attendance
10:24:44.054 [main] DEBUG org.hibernate.bytecode.internal.bytebuddy.BytecodeProviderImpl - HHH000513: Unable to create the ReflectionOptimizer for [org.frcpm.models.Attendance]: private accessor [arrivalTime]
10:24:44.054 [main] DEBUG org.hibernate.boot.internal.ClassLoaderAccessImpl - Not known whether passed class name [org.frcpm.models.Meeting] is safe
10:24:44.054 [main] DEBUG org.hibernate.boot.internal.ClassLoaderAccessImpl - No temp ClassLoader provided; using live ClassLoader for loading potentially unsafe class : org.frcpm.models.Meeting
10:24:44.057 [main] DEBUG org.hibernate.bytecode.internal.bytebuddy.BytecodeProviderImpl - HHH000513: Unable to create the ReflectionOptimizer for [org.frcpm.models.Meeting]: private accessor [attendances]
10:24:44.057 [main] DEBUG org.hibernate.boot.internal.ClassLoaderAccessImpl - Not known whether passed class name [org.frcpm.models.Subsystem] is safe
10:24:44.057 [main] DEBUG org.hibernate.boot.internal.ClassLoaderAccessImpl - No temp ClassLoader provided; using live ClassLoader for loading potentially unsafe class : org.frcpm.models.Subsystem
10:24:44.058 [main] DEBUG org.hibernate.bytecode.internal.bytebuddy.BytecodeProviderImpl - HHH000513: Unable to create the ReflectionOptimizer for [org.frcpm.models.Subsystem]: private accessor [description]
10:24:44.058 [main] DEBUG org.hibernate.boot.internal.ClassLoaderAccessImpl - Not known whether passed class name [org.frcpm.models.Component] is safe
10:24:44.058 [main] DEBUG org.hibernate.boot.internal.ClassLoaderAccessImpl - No temp ClassLoader provided; using live ClassLoader for loading potentially unsafe class : org.frcpm.models.Component
10:24:44.060 [main] DEBUG org.hibernate.bytecode.internal.bytebuddy.BytecodeProviderImpl - HHH000513: Unable to create the ReflectionOptimizer for [org.frcpm.models.Component]: private accessor [actualDelivery]
10:24:44.060 [main] DEBUG org.hibernate.boot.internal.ClassLoaderAccessImpl - Not known whether passed class name [org.frcpm.models.Milestone] is safe
10:24:44.060 [main] DEBUG org.hibernate.boot.internal.ClassLoaderAccessImpl - No temp ClassLoader provided; using live ClassLoader for loading potentially unsafe class : org.frcpm.models.Milestone
10:24:44.062 [main] DEBUG org.hibernate.bytecode.internal.bytebuddy.BytecodeProviderImpl - HHH000513: Unable to create the ReflectionOptimizer for [org.frcpm.models.Milestone]: private accessor [date]
10:24:44.062 [main] DEBUG org.hibernate.boot.internal.ClassLoaderAccessImpl - Not known whether passed class name [org.frcpm.models.Project] is safe
10:24:44.062 [main] DEBUG org.hibernate.boot.internal.ClassLoaderAccessImpl - No temp ClassLoader provided; using live ClassLoader for loading potentially unsafe class : org.frcpm.models.Project
10:24:44.063 [main] DEBUG org.hibernate.bytecode.internal.bytebuddy.BytecodeProviderImpl - HHH000513: Unable to create the ReflectionOptimizer for [org.frcpm.models.Project]: private accessor [description]
10:24:44.063 [main] DEBUG org.hibernate.boot.internal.ClassLoaderAccessImpl - Not known whether passed class name [org.frcpm.models.Subteam] is safe
10:24:44.063 [main] DEBUG org.hibernate.boot.internal.ClassLoaderAccessImpl - No temp ClassLoader provided; using live ClassLoader for loading potentially unsafe class : org.frcpm.models.Subteam
10:24:44.065 [main] DEBUG org.hibernate.bytecode.internal.bytebuddy.BytecodeProviderImpl - HHH000513: Unable to create the ReflectionOptimizer for [org.frcpm.models.Subteam]: private accessor [colorCode]
10:24:44.066 [main] DEBUG org.hibernate.boot.internal.ClassLoaderAccessImpl - Not known whether passed class name [org.frcpm.models.Task] is safe
10:24:44.066 [main] DEBUG org.hibernate.boot.internal.ClassLoaderAccessImpl - No temp ClassLoader provided; using live ClassLoader for loading potentially unsafe class : org.frcpm.models.Task
10:24:44.073 [main] DEBUG org.hibernate.bytecode.internal.bytebuddy.BytecodeProviderImpl - HHH000513: Unable to create the ReflectionOptimizer for [org.frcpm.models.Task]: private accessor [actualDurationSeconds]
10:24:44.073 [main] DEBUG org.hibernate.boot.internal.ClassLoaderAccessImpl - Not known whether passed class name [org.frcpm.models.TeamMember] is safe
10:24:44.073 [main] DEBUG org.hibernate.boot.internal.ClassLoaderAccessImpl - No temp ClassLoader provided; using live ClassLoader for loading potentially unsafe class : org.frcpm.models.TeamMember
10:24:44.075 [main] DEBUG org.hibernate.bytecode.internal.bytebuddy.BytecodeProviderImpl - HHH000513: Unable to create the ReflectionOptimizer for [org.frcpm.models.TeamMember]: private accessor [assignedTasks]
10:24:44.075 [main] DEBUG org.hibernate.orm.jdbc.mutation - Skipping collection row updates - org.frcpm.models.Task.assignedTo
10:24:44.075 [main] DEBUG org.hibernate.orm.jdbc.mutation - Skipping collection (re)creation - org.frcpm.models.Subsystem.tasks
10:24:44.075 [main] DEBUG org.hibernate.orm.jdbc.mutation - Skipping collection row deletions - org.frcpm.models.Subsystem.tasks
10:24:44.075 [main] DEBUG org.hibernate.orm.jdbc.mutation - Skipping collection removals - org.frcpm.models.Subsystem.tasks
10:24:44.075 [main] DEBUG org.hibernate.orm.jdbc.mutation - Skipping collection (re)creation - org.frcpm.models.Subteam.members
10:24:44.075 [main] DEBUG org.hibernate.orm.jdbc.mutation - Skipping collection row deletions - org.frcpm.models.Subteam.members
10:24:44.075 [main] DEBUG org.hibernate.orm.jdbc.mutation - Skipping collection removals - org.frcpm.models.Subteam.members
10:24:44.075 [main] DEBUG org.hibernate.orm.jdbc.mutation - Skipping collection (re)creation - org.frcpm.models.TeamMember.attendances
10:24:44.075 [main] DEBUG org.hibernate.orm.jdbc.mutation - Skipping collection row deletions - org.frcpm.models.TeamMember.attendances
10:24:44.075 [main] DEBUG org.hibernate.orm.jdbc.mutation - Skipping collection removals - org.frcpm.models.TeamMember.attendances
10:24:44.075 [main] DEBUG org.hibernate.orm.jdbc.mutation - Skipping collection row updates - org.frcpm.models.Task.requiredComponents
10:24:44.075 [main] DEBUG org.hibernate.orm.jdbc.mutation - Skipping collection (re)creation - org.frcpm.models.Subteam.subsystems
10:24:44.075 [main] DEBUG org.hibernate.orm.jdbc.mutation - Skipping collection row deletions - org.frcpm.models.Subteam.subsystems
10:24:44.075 [main] DEBUG org.hibernate.orm.jdbc.mutation - Skipping collection removals - org.frcpm.models.Subteam.subsystems
10:24:44.075 [main] DEBUG org.hibernate.orm.jdbc.mutation - Skipping collection row updates - org.frcpm.models.Task.preDependencies
10:24:44.075 [main] DEBUG org.hibernate.orm.jdbc.mutation - Skipping collection (re)creation - org.frcpm.models.Project.milestones
10:24:44.075 [main] DEBUG org.hibernate.orm.jdbc.mutation - Skipping collection row deletions - org.frcpm.models.Project.milestones
10:24:44.075 [main] DEBUG org.hibernate.orm.jdbc.mutation - Skipping collection removals - org.frcpm.models.Project.milestones
10:24:44.075 [main] DEBUG org.hibernate.orm.jdbc.mutation - Skipping collection inserts - org.frcpm.models.Component.requiredForTasks
10:24:44.075 [main] DEBUG org.hibernate.orm.jdbc.mutation - Skipping collection row updates - org.frcpm.models.Component.requiredForTasks
10:24:44.075 [main] DEBUG org.hibernate.orm.jdbc.mutation - Skipping collection row deletions - org.frcpm.models.Component.requiredForTasks
10:24:44.075 [main] DEBUG org.hibernate.orm.jdbc.mutation - Skipping collection removals - org.frcpm.models.Component.requiredForTasks
10:24:44.075 [main] DEBUG org.hibernate.orm.jdbc.mutation - Skipping collection (re)creation - org.frcpm.models.Project.meetings
10:24:44.075 [main] DEBUG org.hibernate.orm.jdbc.mutation - Skipping collection row deletions - org.frcpm.models.Project.meetings
10:24:44.075 [main] DEBUG org.hibernate.orm.jdbc.mutation - Skipping collection removals - org.frcpm.models.Project.meetings
10:24:44.075 [main] DEBUG org.hibernate.orm.jdbc.mutation - Skipping collection inserts - org.frcpm.models.TeamMember.assignedTasks
10:24:44.075 [main] DEBUG org.hibernate.orm.jdbc.mutation - Skipping collection row updates - org.frcpm.models.TeamMember.assignedTasks
10:24:44.075 [main] DEBUG org.hibernate.orm.jdbc.mutation - Skipping collection row deletions - org.frcpm.models.TeamMember.assignedTasks
10:24:44.075 [main] DEBUG org.hibernate.orm.jdbc.mutation - Skipping collection removals - org.frcpm.models.TeamMember.assignedTasks
10:24:44.075 [main] DEBUG org.hibernate.orm.jdbc.mutation - Skipping collection (re)creation - org.frcpm.models.Meeting.attendances
10:24:44.075 [main] DEBUG org.hibernate.orm.jdbc.mutation - Skipping collection row deletions - org.frcpm.models.Meeting.attendances
10:24:44.075 [main] DEBUG org.hibernate.orm.jdbc.mutation - Skipping collection removals - org.frcpm.models.Meeting.attendances
10:24:44.075 [main] DEBUG org.hibernate.orm.jdbc.mutation - Skipping collection inserts - org.frcpm.models.Task.postDependencies
10:24:44.075 [main] DEBUG org.hibernate.orm.jdbc.mutation - Skipping collection row updates - org.frcpm.models.Task.postDependencies
10:24:44.075 [main] DEBUG org.hibernate.orm.jdbc.mutation - Skipping collection row deletions - org.frcpm.models.Task.postDependencies
10:24:44.075 [main] DEBUG org.hibernate.orm.jdbc.mutation - Skipping collection removals - org.frcpm.models.Task.postDependencies
10:24:44.075 [main] DEBUG org.hibernate.orm.jdbc.mutation - Skipping collection (re)creation - org.frcpm.models.Project.tasks
10:24:44.075 [main] DEBUG org.hibernate.orm.jdbc.mutation - Skipping collection row deletions - org.frcpm.models.Project.tasks
10:24:44.075 [main] DEBUG org.hibernate.orm.jdbc.mutation - Skipping collection removals - org.frcpm.models.Project.tasks
10:24:44.076 [main] DEBUG org.hibernate.orm.model.mapping.creation - Starting post-init callbacks
10:24:44.076 [main] DEBUG org.hibernate.orm.model.mapping.creation - Starting PostInitCallbackEntry : To-one key - NavigableRole[org.frcpm.models.Attendance.meeting]
10:24:44.076 [main] DEBUG org.hibernate.orm.model.mapping.creation - Starting PostInitCallbackEntry : To-one key - NavigableRole[org.frcpm.models.Attendance.member]
10:24:44.076 [main] DEBUG org.hibernate.orm.model.mapping.creation - Starting PostInitCallbackEntry : Entity(org.frcpm.models.Attendance) `staticFetchableList` generator
10:24:44.076 [main] DEBUG org.hibernate.orm.model.mapping.creation - Starting PostInitCallbackEntry : PluralAttributeMapping( NavigableRole[org.frcpm.models.Meeting.attendances#{element}]) - element descriptor
10:24:44.076 [main] DEBUG org.hibernate.orm.model.mapping.creation - Starting PostInitCallbackEntry : PluralAttributeMapping(org.frcpm.models.Meeting.attendances)#finishInitialization
10:24:44.076 [main] DEBUG org.hibernate.orm.model.mapping.creation - Starting PostInitCallbackEntry : PluralAttributeMapping(org.frcpm.models.Meeting.attendances) - key descriptor
10:24:44.076 [main] DEBUG org.hibernate.orm.model.mapping.creation - Starting PostInitCallbackEntry : To-one key - NavigableRole[org.frcpm.models.Meeting.project]
10:24:44.076 [main] DEBUG org.hibernate.orm.model.mapping.creation - Starting PostInitCallbackEntry : Entity(org.frcpm.models.Meeting) `staticFetchableList` generator
10:24:44.076 [main] DEBUG org.hibernate.orm.model.mapping.creation - Starting PostInitCallbackEntry : To-one key - NavigableRole[org.frcpm.models.Subsystem.responsibleSubteam]
10:24:44.076 [main] DEBUG org.hibernate.orm.model.mapping.creation - Starting PostInitCallbackEntry : PluralAttributeMapping( NavigableRole[org.frcpm.models.Subsystem.tasks#{element}]) - element descriptor
10:24:44.076 [main] DEBUG org.hibernate.orm.model.mapping.creation - Starting PostInitCallbackEntry : PluralAttributeMapping(org.frcpm.models.Subsystem.tasks)#finishInitialization
10:24:44.076 [main] DEBUG org.hibernate.orm.model.mapping.creation - Starting PostInitCallbackEntry : PluralAttributeMapping(org.frcpm.models.Subsystem.tasks) - key descriptor
10:24:44.076 [main] DEBUG org.hibernate.orm.model.mapping.creation - Starting PostInitCallbackEntry : Entity(org.frcpm.models.Subsystem) `staticFetchableList` generator
10:24:44.076 [main] DEBUG org.hibernate.orm.model.mapping.creation - Starting PostInitCallbackEntry : PluralAttributeMapping( NavigableRole[org.frcpm.models.Component.requiredForTasks#{element}]) - element descriptor
10:24:44.076 [main] DEBUG org.hibernate.orm.model.mapping.creation - Starting PostInitCallbackEntry : PluralAttributeMapping(org.frcpm.models.Component.requiredForTasks)#finishInitialization
10:24:44.076 [main] DEBUG org.hibernate.orm.model.mapping.creation - Starting PostInitCallbackEntry : PluralAttributeMapping(org.frcpm.models.Component.requiredForTasks) - key descriptor
10:24:44.076 [main] DEBUG org.hibernate.orm.model.mapping.creation - Starting PostInitCallbackEntry : Entity(org.frcpm.models.Component) `staticFetchableList` generator
10:24:44.076 [main] DEBUG org.hibernate.orm.model.mapping.creation - Starting PostInitCallbackEntry : To-one key - NavigableRole[org.frcpm.models.Milestone.project]
10:24:44.076 [main] DEBUG org.hibernate.orm.model.mapping.creation - Starting PostInitCallbackEntry : Entity(org.frcpm.models.Milestone) `staticFetchableList` generator
10:24:44.076 [main] DEBUG org.hibernate.orm.model.mapping.creation - Starting PostInitCallbackEntry : PluralAttributeMapping( NavigableRole[org.frcpm.models.Project.meetings#{element}]) - element descriptor
10:24:44.076 [main] DEBUG org.hibernate.orm.model.mapping.creation - Starting PostInitCallbackEntry : PluralAttributeMapping(org.frcpm.models.Project.meetings)#finishInitialization
10:24:44.076 [main] DEBUG org.hibernate.orm.model.mapping.creation - Starting PostInitCallbackEntry : PluralAttributeMapping(org.frcpm.models.Project.meetings) - key descriptor
10:24:44.076 [main] DEBUG org.hibernate.orm.model.mapping.creation - Starting PostInitCallbackEntry : PluralAttributeMapping( NavigableRole[org.frcpm.models.Project.milestones#{element}]) - element descriptor
10:24:44.076 [main] DEBUG org.hibernate.orm.model.mapping.creation - Starting PostInitCallbackEntry : PluralAttributeMapping(org.frcpm.models.Project.milestones)#finishInitialization
10:24:44.076 [main] DEBUG org.hibernate.orm.model.mapping.creation - Starting PostInitCallbackEntry : PluralAttributeMapping(org.frcpm.models.Project.milestones) - key descriptor
10:24:44.076 [main] DEBUG org.hibernate.orm.model.mapping.creation - Starting PostInitCallbackEntry : PluralAttributeMapping( NavigableRole[org.frcpm.models.Project.tasks#{element}]) - element descriptor
10:24:44.076 [main] DEBUG org.hibernate.orm.model.mapping.creation - Starting PostInitCallbackEntry : PluralAttributeMapping(org.frcpm.models.Project.tasks)#finishInitialization
10:24:44.076 [main] DEBUG org.hibernate.orm.model.mapping.creation - Starting PostInitCallbackEntry : PluralAttributeMapping(org.frcpm.models.Project.tasks) - key descriptor
10:24:44.076 [main] DEBUG org.hibernate.orm.model.mapping.creation - Starting PostInitCallbackEntry : Entity(org.frcpm.models.Project) `staticFetchableList` generator
10:24:44.076 [main] DEBUG org.hibernate.orm.model.mapping.creation - Starting PostInitCallbackEntry : PluralAttributeMapping( NavigableRole[org.frcpm.models.Subteam.members#{element}]) - element descriptor
10:24:44.076 [main] DEBUG org.hibernate.orm.model.mapping.creation - Starting PostInitCallbackEntry : PluralAttributeMapping(org.frcpm.models.Subteam.members)#finishInitialization
10:24:44.076 [main] DEBUG org.hibernate.orm.model.mapping.creation - Starting PostInitCallbackEntry : PluralAttributeMapping(org.frcpm.models.Subteam.members) - key descriptor
10:24:44.076 [main] DEBUG org.hibernate.orm.model.mapping.creation - Starting PostInitCallbackEntry : PluralAttributeMapping( NavigableRole[org.frcpm.models.Subteam.subsystems#{element}]) - element descriptor
10:24:44.076 [main] DEBUG org.hibernate.orm.model.mapping.creation - Starting PostInitCallbackEntry : PluralAttributeMapping(org.frcpm.models.Subteam.subsystems)#finishInitialization
10:24:44.076 [main] DEBUG org.hibernate.orm.model.mapping.creation - Starting PostInitCallbackEntry : PluralAttributeMapping(org.frcpm.models.Subteam.subsystems) - key descriptor
10:24:44.076 [main] DEBUG org.hibernate.orm.model.mapping.creation - Starting PostInitCallbackEntry : Entity(org.frcpm.models.Subteam) `staticFetchableList` generator
10:24:44.076 [main] DEBUG org.hibernate.orm.model.mapping.creation - Starting PostInitCallbackEntry : PluralAttributeMapping( NavigableRole[org.frcpm.models.Task.assignedTo#{element}]) - element descriptor
10:24:44.076 [main] DEBUG org.hibernate.orm.model.mapping.creation - Starting PostInitCallbackEntry : PluralAttributeMapping(org.frcpm.models.Task.assignedTo)#finishInitialization
10:24:44.076 [main] DEBUG org.hibernate.orm.model.mapping.creation - Starting PostInitCallbackEntry : PluralAttributeMapping(org.frcpm.models.Task.assignedTo) - key descriptor
10:24:44.076 [main] DEBUG org.hibernate.orm.model.mapping.creation - Starting PostInitCallbackEntry : PluralAttributeMapping( NavigableRole[org.frcpm.models.Task.postDependencies#{element}]) - element descriptor
10:24:44.076 [main] DEBUG org.hibernate.orm.model.mapping.creation - Starting PostInitCallbackEntry : PluralAttributeMapping(org.frcpm.models.Task.postDependencies)#finishInitialization
10:24:44.076 [main] DEBUG org.hibernate.orm.model.mapping.creation - Starting PostInitCallbackEntry : PluralAttributeMapping(org.frcpm.models.Task.postDependencies) - key descriptor
10:24:44.076 [main] DEBUG org.hibernate.orm.model.mapping.creation - Starting PostInitCallbackEntry : PluralAttributeMapping( NavigableRole[org.frcpm.models.Task.preDependencies#{element}]) - element descriptor
10:24:44.076 [main] DEBUG org.hibernate.orm.model.mapping.creation - Starting PostInitCallbackEntry : PluralAttributeMapping(org.frcpm.models.Task.preDependencies)#finishInitialization
10:24:44.076 [main] DEBUG org.hibernate.orm.model.mapping.creation - Starting PostInitCallbackEntry : PluralAttributeMapping(org.frcpm.models.Task.preDependencies) - key descriptor
10:24:44.076 [main] DEBUG org.hibernate.orm.model.mapping.creation - Starting PostInitCallbackEntry : To-one key - NavigableRole[org.frcpm.models.Task.project]
10:24:44.076 [main] DEBUG org.hibernate.orm.model.mapping.creation - Starting PostInitCallbackEntry : PluralAttributeMapping( NavigableRole[org.frcpm.models.Task.requiredComponents#{element}]) - element descriptor
10:24:44.076 [main] DEBUG org.hibernate.orm.model.mapping.creation - Starting PostInitCallbackEntry : PluralAttributeMapping(org.frcpm.models.Task.requiredComponents)#finishInitialization
10:24:44.076 [main] DEBUG org.hibernate.orm.model.mapping.creation - Starting PostInitCallbackEntry : PluralAttributeMapping(org.frcpm.models.Task.requiredComponents) - key descriptor
10:24:44.076 [main] DEBUG org.hibernate.orm.model.mapping.creation - Starting PostInitCallbackEntry : To-one key - NavigableRole[org.frcpm.models.Task.subsystem]
10:24:44.076 [main] DEBUG org.hibernate.orm.model.mapping.creation - Starting PostInitCallbackEntry : Entity(org.frcpm.models.Task) `staticFetchableList` generator
10:24:44.076 [main] DEBUG org.hibernate.orm.model.mapping.creation - Starting PostInitCallbackEntry : PluralAttributeMapping( NavigableRole[org.frcpm.models.TeamMember.assignedTasks#{element}]) - element descriptor
10:24:44.076 [main] DEBUG org.hibernate.orm.model.mapping.creation - Starting PostInitCallbackEntry : PluralAttributeMapping(org.frcpm.models.TeamMember.assignedTasks)#finishInitialization
10:24:44.076 [main] DEBUG org.hibernate.orm.model.mapping.creation - Starting PostInitCallbackEntry : PluralAttributeMapping(org.frcpm.models.TeamMember.assignedTasks) - key descriptor
10:24:44.076 [main] DEBUG org.hibernate.orm.model.mapping.creation - Starting PostInitCallbackEntry : PluralAttributeMapping( NavigableRole[org.frcpm.models.TeamMember.attendances#{element}]) - element descriptor
10:24:44.076 [main] DEBUG org.hibernate.orm.model.mapping.creation - Starting PostInitCallbackEntry : PluralAttributeMapping(org.frcpm.models.TeamMember.attendances)#finishInitialization
10:24:44.076 [main] DEBUG org.hibernate.orm.model.mapping.creation - Starting PostInitCallbackEntry : PluralAttributeMapping(org.frcpm.models.TeamMember.attendances) - key descriptor
10:24:44.076 [main] DEBUG org.hibernate.orm.model.mapping.creation - Starting PostInitCallbackEntry : To-one key - NavigableRole[org.frcpm.models.TeamMember.subteam]
10:24:44.076 [main] DEBUG org.hibernate.orm.model.mapping.creation - Starting PostInitCallbackEntry : Entity(org.frcpm.models.TeamMember) `staticFetchableList` generator
10:24:44.076 [main] DEBUG org.hibernate.orm.model.mapping.creation - Starting PostInitCallbackEntry : PluralAttributeMapping( NavigableRole[org.frcpm.models.Meeting.attendances#{element}]) - element descriptor
10:24:44.076 [main] DEBUG org.hibernate.orm.model.mapping.creation - Starting PostInitCallbackEntry : PluralAttributeMapping( NavigableRole[org.frcpm.models.Subsystem.tasks#{element}]) - element descriptor
10:24:44.076 [main] DEBUG org.hibernate.orm.model.mapping.creation - Starting PostInitCallbackEntry : PluralAttributeMapping( NavigableRole[org.frcpm.models.Component.requiredForTasks#{element}]) - element descriptor
10:24:44.076 [main] DEBUG org.hibernate.orm.model.mapping.creation - Starting PostInitCallbackEntry : PluralAttributeMapping( NavigableRole[org.frcpm.models.Project.meetings#{element}]) - element descriptor
10:24:44.076 [main] DEBUG org.hibernate.orm.model.mapping.creation - Starting PostInitCallbackEntry : PluralAttributeMapping( NavigableRole[org.frcpm.models.Project.milestones#{element}]) - element descriptor
10:24:44.076 [main] DEBUG org.hibernate.orm.model.mapping.creation - Starting PostInitCallbackEntry : PluralAttributeMapping( NavigableRole[org.frcpm.models.Project.tasks#{element}]) - element descriptor
10:24:44.076 [main] DEBUG org.hibernate.orm.model.mapping.creation - Starting PostInitCallbackEntry : PluralAttributeMapping( NavigableRole[org.frcpm.models.Subteam.members#{element}]) - element descriptor
10:24:44.076 [main] DEBUG org.hibernate.orm.model.mapping.creation - Starting PostInitCallbackEntry : PluralAttributeMapping( NavigableRole[org.frcpm.models.Subteam.subsystems#{element}]) - element descriptor
10:24:44.076 [main] DEBUG org.hibernate.orm.model.mapping.creation - Starting PostInitCallbackEntry : PluralAttributeMapping( NavigableRole[org.frcpm.models.Task.postDependencies#{element}]) - element descriptor
10:24:44.076 [main] DEBUG org.hibernate.orm.model.mapping.creation - Starting PostInitCallbackEntry : PluralAttributeMapping( NavigableRole[org.frcpm.models.TeamMember.attendances#{element}]) - element descriptor
10:24:44.077 [main] DEBUG org.hibernate.orm.sql.ast.create - Created new SQL alias : a1_0
10:24:44.077 [main] DEBUG org.hibernate.orm.sql.ast.create - Registration of TableGroup [StandardTableGroup(org.frcpm.models.Attendance)] with identifierForTableGroup [org.frcpm.models.Attendance] for NavigablePath [org.frcpm.models.Attendance] 
10:24:44.077 [main] DEBUG org.hibernate.orm.sql.ast.create - Registration of TableGroup [org.hibernate.sql.ast.tree.from.LazyTableGroup@3834adda] with identifierForTableGroup [org.frcpm.models.Attendance.meeting] for NavigablePath [org.frcpm.models.Attendance.meeting] 
10:24:44.077 [main] DEBUG org.hibernate.orm.sql.ast.create - Registration of TableGroup [org.hibernate.sql.ast.tree.from.LazyTableGroup@5de263e8] with identifierForTableGroup [org.frcpm.models.Attendance.member] for NavigablePath [org.frcpm.models.Attendance.member] 
10:24:44.077 [main] DEBUG org.hibernate.orm.results.graph.AST - DomainResult Graph:
 \-EntityResultImpl [org.frcpm.models.Attendance]
 |  +-BasicFetch [org.frcpm.models.Attendance.arrivalTime]
 |  +-BasicFetch [org.frcpm.models.Attendance.departureTime]
 |  +-EntityDelayedFetchImpl [org.frcpm.models.Attendance.meeting]
 |  +-EntityDelayedFetchImpl [org.frcpm.models.Attendance.member]
 |  \-BasicFetch [org.frcpm.models.Attendance.present]

10:24:44.077 [main] DEBUG org.hibernate.orm.sql.ast.tree - SQL AST Tree:
    SelectStatement {
      FromClause {
        StandardTableGroup (a1 : org.frcpm.models.Attendance) {
          primaryTableReference : attendances as a1_0
          TableGroupJoins {
            left  join LazyTableGroup (m1 : org.frcpm.models.Attendance.meeting) {
            }
            left  join LazyTableGroup (m2 : org.frcpm.models.Attendance.member) {
            }
          }
        }
      }
    }

10:24:44.077 [main] DEBUG org.hibernate.persister.entity.AbstractEntityPersister - Static SQL for entity: org.frcpm.models.Attendance
10:24:44.077 [main] DEBUG org.hibernate.persister.entity.AbstractEntityPersister -  Version select: select id from attendances where id=?
10:24:44.077 [main] DEBUG org.hibernate.persister.entity.AbstractEntityPersister -  Insert (0): insert into attendances (arrival_time,departure_time,meeting_id,member_id,present,id) values (?,?,?,?,?,default)
10:24:44.077 [main] DEBUG org.hibernate.persister.entity.AbstractEntityPersister -  Update (0): update attendances set arrival_time=?,departure_time=?,meeting_id=?,member_id=?,present=? where id=?
10:24:44.077 [main] DEBUG org.hibernate.persister.entity.AbstractEntityPersister -  Delete (0): delete from attendances where id=?
10:24:44.077 [main] DEBUG org.hibernate.orm.sql.ast.create - Created new SQL alias : m1_0
10:24:44.077 [main] DEBUG org.hibernate.orm.sql.ast.create - Registration of TableGroup [StandardTableGroup(org.frcpm.models.Meeting)] with identifierForTableGroup [org.frcpm.models.Meeting] for NavigablePath [org.frcpm.models.Meeting] 
10:24:44.077 [main] DEBUG org.hibernate.orm.sql.ast.create - Registration of TableGroup [org.hibernate.sql.ast.tree.from.LazyTableGroup@2d535f94] with identifierForTableGroup [org.frcpm.models.Meeting.project] for NavigablePath [org.frcpm.models.Meeting.project] 
10:24:44.077 [main] DEBUG org.hibernate.orm.results.graph.AST - DomainResult Graph:
 \-EntityResultImpl [org.frcpm.models.Meeting]
 |  +-DelayedCollectionFetch [org.frcpm.models.Meeting.attendances]
 |  +-BasicFetch [org.frcpm.models.Meeting.date]
 |  +-BasicFetch [org.frcpm.models.Meeting.endTime]
 |  +-BasicFetch [org.frcpm.models.Meeting.notes]
 |  +-EntityDelayedFetchImpl [org.frcpm.models.Meeting.project]
 |  \-BasicFetch [org.frcpm.models.Meeting.startTime]

10:24:44.077 [main] DEBUG org.hibernate.orm.sql.ast.tree - SQL AST Tree:
    SelectStatement {
      FromClause {
        StandardTableGroup (m1 : org.frcpm.models.Meeting) {
          primaryTableReference : meetings as m1_0
          TableGroupJoins {
            left  join LazyTableGroup (p1 : org.frcpm.models.Meeting.project) {
            }
          }
        }
      }
    }

10:24:44.077 [main] DEBUG org.hibernate.persister.entity.AbstractEntityPersister - Static SQL for entity: org.frcpm.models.Meeting
10:24:44.077 [main] DEBUG org.hibernate.persister.entity.AbstractEntityPersister -  Version select: select id from meetings where id=?
10:24:44.077 [main] DEBUG org.hibernate.persister.entity.AbstractEntityPersister -  Insert (0): insert into meetings (date,end_time,notes,project_id,start_time,id) values (?,?,?,?,?,default)
10:24:44.077 [main] DEBUG org.hibernate.persister.entity.AbstractEntityPersister -  Update (0): update meetings set date=?,end_time=?,notes=?,project_id=?,start_time=? where id=?
10:24:44.077 [main] DEBUG org.hibernate.persister.entity.AbstractEntityPersister -  Delete (0): delete from meetings where id=?
10:24:44.077 [main] DEBUG org.hibernate.orm.sql.ast.create - Created new SQL alias : s1_0
10:24:44.077 [main] DEBUG org.hibernate.orm.sql.ast.create - Registration of TableGroup [StandardTableGroup(org.frcpm.models.Subsystem)] with identifierForTableGroup [org.frcpm.models.Subsystem] for NavigablePath [org.frcpm.models.Subsystem] 
10:24:44.077 [main] DEBUG org.hibernate.orm.sql.ast.create - Registration of TableGroup [org.hibernate.sql.ast.tree.from.LazyTableGroup@421d87ef] with identifierForTableGroup [org.frcpm.models.Subsystem.responsibleSubteam] for NavigablePath [org.frcpm.models.Subsystem.responsibleSubteam] 
10:24:44.077 [main] DEBUG org.hibernate.orm.results.graph.AST - DomainResult Graph:
 \-EntityResultImpl [org.frcpm.models.Subsystem]
 |  +-BasicFetch [org.frcpm.models.Subsystem.description]
 |  +-BasicFetch [org.frcpm.models.Subsystem.name]
 |  +-EntityDelayedFetchImpl [org.frcpm.models.Subsystem.responsibleSubteam]
 |  +-BasicFetch [org.frcpm.models.Subsystem.status]
 |  \-DelayedCollectionFetch [org.frcpm.models.Subsystem.tasks]

10:24:44.077 [main] DEBUG org.hibernate.orm.sql.ast.tree - SQL AST Tree:
    SelectStatement {
      FromClause {
        StandardTableGroup (s1 : org.frcpm.models.Subsystem) {
          primaryTableReference : subsystems as s1_0
          TableGroupJoins {
            left  join LazyTableGroup (rs1 : org.frcpm.models.Subsystem.responsibleSubteam) {
            }
          }
        }
      }
    }

10:24:44.077 [main] DEBUG org.hibernate.persister.entity.AbstractEntityPersister - Static SQL for entity: org.frcpm.models.Subsystem
10:24:44.077 [main] DEBUG org.hibernate.persister.entity.AbstractEntityPersister -  Version select: select id from subsystems where id=?
10:24:44.077 [main] DEBUG org.hibernate.persister.entity.AbstractEntityPersister -  Insert (0): insert into subsystems (description,name,responsible_subteam_id,status,id) values (?,?,?,?,default)
10:24:44.077 [main] DEBUG org.hibernate.persister.entity.AbstractEntityPersister -  Update (0): update subsystems set description=?,name=?,responsible_subteam_id=?,status=? where id=?
10:24:44.077 [main] DEBUG org.hibernate.persister.entity.AbstractEntityPersister -  Delete (0): delete from subsystems where id=?
10:24:44.077 [main] DEBUG org.hibernate.orm.sql.ast.create - Created new SQL alias : c1_0
10:24:44.077 [main] DEBUG org.hibernate.orm.sql.ast.create - Registration of TableGroup [StandardTableGroup(org.frcpm.models.Component)] with identifierForTableGroup [org.frcpm.models.Component] for NavigablePath [org.frcpm.models.Component] 
10:24:44.077 [main] DEBUG org.hibernate.orm.results.graph.AST - DomainResult Graph:
 \-EntityResultImpl [org.frcpm.models.Component]
 |  +-BasicFetch [org.frcpm.models.Component.actualDelivery]
 |  +-BasicFetch [org.frcpm.models.Component.delivered]
 |  +-BasicFetch [org.frcpm.models.Component.description]
 |  +-BasicFetch [org.frcpm.models.Component.expectedDelivery]
 |  +-BasicFetch [org.frcpm.models.Component.name]
 |  +-BasicFetch [org.frcpm.models.Component.partNumber]
 |  \-DelayedCollectionFetch [org.frcpm.models.Component.requiredForTasks]

10:24:44.077 [main] DEBUG org.hibernate.orm.sql.ast.tree - SQL AST Tree:
    SelectStatement {
      FromClause {
        StandardTableGroup (c1 : org.frcpm.models.Component) {
          primaryTableReference : components as c1_0
        }
      }
    }

10:24:44.077 [main] DEBUG org.hibernate.persister.entity.AbstractEntityPersister - Static SQL for entity: org.frcpm.models.Component
10:24:44.077 [main] DEBUG org.hibernate.persister.entity.AbstractEntityPersister -  Version select: select id from components where id=?
10:24:44.077 [main] DEBUG org.hibernate.persister.entity.AbstractEntityPersister -  Insert (0): insert into components (actual_delivery,is_delivered,description,expected_delivery,name,part_number,id) values (?,?,?,?,?,?,default)
10:24:44.077 [main] DEBUG org.hibernate.persister.entity.AbstractEntityPersister -  Update (0): update components set actual_delivery=?,is_delivered=?,description=?,expected_delivery=?,name=?,part_number=? where id=?
10:24:44.077 [main] DEBUG org.hibernate.persister.entity.AbstractEntityPersister -  Delete (0): delete from components where id=?
10:24:44.077 [main] DEBUG org.hibernate.orm.sql.ast.create - Created new SQL alias : m1_0
10:24:44.077 [main] DEBUG org.hibernate.orm.sql.ast.create - Registration of TableGroup [StandardTableGroup(org.frcpm.models.Milestone)] with identifierForTableGroup [org.frcpm.models.Milestone] for NavigablePath [org.frcpm.models.Milestone] 
10:24:44.077 [main] DEBUG org.hibernate.orm.sql.ast.create - Registration of TableGroup [org.hibernate.sql.ast.tree.from.LazyTableGroup@6696db7a] with identifierForTableGroup [org.frcpm.models.Milestone.project] for NavigablePath [org.frcpm.models.Milestone.project] 
10:24:44.077 [main] DEBUG org.hibernate.orm.results.graph.AST - DomainResult Graph:
 \-EntityResultImpl [org.frcpm.models.Milestone]
 |  +-BasicFetch [org.frcpm.models.Milestone.date]
 |  +-BasicFetch [org.frcpm.models.Milestone.description]
 |  +-BasicFetch [org.frcpm.models.Milestone.name]
 |  \-EntityDelayedFetchImpl [org.frcpm.models.Milestone.project]

10:24:44.077 [main] DEBUG org.hibernate.orm.sql.ast.tree - SQL AST Tree:
    SelectStatement {
      FromClause {
        StandardTableGroup (m1 : org.frcpm.models.Milestone) {
          primaryTableReference : milestones as m1_0
          TableGroupJoins {
            left  join LazyTableGroup (p1 : org.frcpm.models.Milestone.project) {
            }
          }
        }
      }
    }

10:24:44.077 [main] DEBUG org.hibernate.persister.entity.AbstractEntityPersister - Static SQL for entity: org.frcpm.models.Milestone
10:24:44.077 [main] DEBUG org.hibernate.persister.entity.AbstractEntityPersister -  Version select: select id from milestones where id=?
10:24:44.077 [main] DEBUG org.hibernate.persister.entity.AbstractEntityPersister -  Insert (0): insert into milestones (date,description,name,project_id,id) values (?,?,?,?,default)
10:24:44.077 [main] DEBUG org.hibernate.persister.entity.AbstractEntityPersister -  Update (0): update milestones set date=?,description=?,name=?,project_id=? where id=?
10:24:44.077 [main] DEBUG org.hibernate.persister.entity.AbstractEntityPersister -  Delete (0): delete from milestones where id=?
10:24:44.077 [main] DEBUG org.hibernate.orm.sql.ast.create - Created new SQL alias : p1_0
10:24:44.077 [main] DEBUG org.hibernate.orm.sql.ast.create - Registration of TableGroup [StandardTableGroup(org.frcpm.models.Project)] with identifierForTableGroup [org.frcpm.models.Project] for NavigablePath [org.frcpm.models.Project] 
10:24:44.077 [main] DEBUG org.hibernate.orm.results.graph.AST - DomainResult Graph:
 \-EntityResultImpl [org.frcpm.models.Project]
 |  +-BasicFetch [org.frcpm.models.Project.description]
 |  +-BasicFetch [org.frcpm.models.Project.goalEndDate]
 |  +-BasicFetch [org.frcpm.models.Project.hardDeadline]
 |  +-DelayedCollectionFetch [org.frcpm.models.Project.meetings]
 |  +-DelayedCollectionFetch [org.frcpm.models.Project.milestones]
 |  +-BasicFetch [org.frcpm.models.Project.name]
 |  +-BasicFetch [org.frcpm.models.Project.startDate]
 |  \-DelayedCollectionFetch [org.frcpm.models.Project.tasks]

10:24:44.077 [main] DEBUG org.hibernate.orm.sql.ast.tree - SQL AST Tree:
    SelectStatement {
      FromClause {
        StandardTableGroup (p1 : org.frcpm.models.Project) {
          primaryTableReference : projects as p1_0
        }
      }
    }

10:24:44.077 [main] DEBUG org.hibernate.persister.entity.AbstractEntityPersister - Static SQL for entity: org.frcpm.models.Project
10:24:44.077 [main] DEBUG org.hibernate.persister.entity.AbstractEntityPersister -  Version select: select id from projects where id=?
10:24:44.077 [main] DEBUG org.hibernate.persister.entity.AbstractEntityPersister -  Insert (0): insert into projects (description,goal_end_date,hard_deadline,name,start_date,id) values (?,?,?,?,?,default)
10:24:44.077 [main] DEBUG org.hibernate.persister.entity.AbstractEntityPersister -  Update (0): update projects set description=?,goal_end_date=?,hard_deadline=?,name=?,start_date=? where id=?
10:24:44.077 [main] DEBUG org.hibernate.persister.entity.AbstractEntityPersister -  Delete (0): delete from projects where id=?
10:24:44.077 [main] DEBUG org.hibernate.orm.sql.ast.create - Created new SQL alias : s1_0
10:24:44.077 [main] DEBUG org.hibernate.orm.sql.ast.create - Registration of TableGroup [StandardTableGroup(org.frcpm.models.Subteam)] with identifierForTableGroup [org.frcpm.models.Subteam] for NavigablePath [org.frcpm.models.Subteam] 
10:24:44.077 [main] DEBUG org.hibernate.orm.results.graph.AST - DomainResult Graph:
 \-EntityResultImpl [org.frcpm.models.Subteam]
 |  +-BasicFetch [org.frcpm.models.Subteam.colorCode]
 |  +-DelayedCollectionFetch [org.frcpm.models.Subteam.members]
 |  +-BasicFetch [org.frcpm.models.Subteam.name]
 |  +-BasicFetch [org.frcpm.models.Subteam.specialties]
 |  \-DelayedCollectionFetch [org.frcpm.models.Subteam.subsystems]

10:24:44.077 [main] DEBUG org.hibernate.orm.sql.ast.tree - SQL AST Tree:
    SelectStatement {
      FromClause {
        StandardTableGroup (s1 : org.frcpm.models.Subteam) {
          primaryTableReference : subteams as s1_0
        }
      }
    }

10:24:44.077 [main] DEBUG org.hibernate.persister.entity.AbstractEntityPersister - Static SQL for entity: org.frcpm.models.Subteam
10:24:44.077 [main] DEBUG org.hibernate.persister.entity.AbstractEntityPersister -  Version select: select id from subteams where id=?
10:24:44.077 [main] DEBUG org.hibernate.persister.entity.AbstractEntityPersister -  Insert (0): insert into subteams (color_code,name,specialties,id) values (?,?,?,default)
10:24:44.077 [main] DEBUG org.hibernate.persister.entity.AbstractEntityPersister -  Update (0): update subteams set color_code=?,name=?,specialties=? where id=?
10:24:44.077 [main] DEBUG org.hibernate.persister.entity.AbstractEntityPersister -  Delete (0): delete from subteams where id=?
10:24:44.077 [main] DEBUG org.hibernate.orm.sql.ast.create - Created new SQL alias : t1_0
10:24:44.077 [main] DEBUG org.hibernate.orm.sql.ast.create - Registration of TableGroup [StandardTableGroup(org.frcpm.models.Task)] with identifierForTableGroup [org.frcpm.models.Task] for NavigablePath [org.frcpm.models.Task] 
10:24:44.078 [main] DEBUG org.hibernate.orm.sql.ast.create - Registration of TableGroup [org.hibernate.sql.ast.tree.from.LazyTableGroup@3c6e63b] with identifierForTableGroup [org.frcpm.models.Task.project] for NavigablePath [org.frcpm.models.Task.project] 
10:24:44.078 [main] DEBUG org.hibernate.orm.sql.ast.create - Registration of TableGroup [org.hibernate.sql.ast.tree.from.LazyTableGroup@39d9eee9] with identifierForTableGroup [org.frcpm.models.Task.subsystem] for NavigablePath [org.frcpm.models.Task.subsystem] 
10:24:44.078 [main] DEBUG org.hibernate.orm.results.graph.AST - DomainResult Graph:
 \-EntityResultImpl [org.frcpm.models.Task]
 |  +-BasicFetch [org.frcpm.models.Task.actualDurationSeconds]
 |  +-DelayedCollectionFetch [org.frcpm.models.Task.assignedTo]
 |  +-BasicFetch [org.frcpm.models.Task.completed]
 |  +-BasicFetch [org.frcpm.models.Task.description]
 |  +-BasicFetch [org.frcpm.models.Task.endDate]
 |  +-BasicFetch [org.frcpm.models.Task.estimatedDurationSeconds]
 |  +-DelayedCollectionFetch [org.frcpm.models.Task.postDependencies]
 |  +-DelayedCollectionFetch [org.frcpm.models.Task.preDependencies]
 |  +-BasicFetch [org.frcpm.models.Task.priority]
 |  +-BasicFetch [org.frcpm.models.Task.progress]
 |  +-EntityDelayedFetchImpl [org.frcpm.models.Task.project]
 |  +-DelayedCollectionFetch [org.frcpm.models.Task.requiredComponents]
 |  +-BasicFetch [org.frcpm.models.Task.startDate]
 |  +-EntityDelayedFetchImpl [org.frcpm.models.Task.subsystem]
 |  \-BasicFetch [org.frcpm.models.Task.title]

10:24:44.078 [main] DEBUG org.hibernate.orm.sql.ast.tree - SQL AST Tree:
    SelectStatement {
      FromClause {
        StandardTableGroup (t1 : org.frcpm.models.Task) {
          primaryTableReference : tasks as t1_0
          TableGroupJoins {
            left  join LazyTableGroup (p1 : org.frcpm.models.Task.project) {
            }
            left  join LazyTableGroup (s1 : org.frcpm.models.Task.subsystem) {
            }
          }
        }
      }
    }

10:24:44.078 [main] DEBUG org.hibernate.persister.entity.AbstractEntityPersister - Static SQL for entity: org.frcpm.models.Task
10:24:44.078 [main] DEBUG org.hibernate.persister.entity.AbstractEntityPersister -  Version select: select id from tasks where id=?
10:24:44.078 [main] DEBUG org.hibernate.persister.entity.AbstractEntityPersister -  Insert (0): insert into tasks (actual_duration_seconds,completed,description,end_date,estimated_duration_seconds,priority,progress,project_id,start_date,subsystem_id,title,id) values (?,?,?,?,?,?,?,?,?,?,?,default)
10:24:44.078 [main] DEBUG org.hibernate.persister.entity.AbstractEntityPersister -  Update (0): update tasks set actual_duration_seconds=?,completed=?,description=?,end_date=?,estimated_duration_seconds=?,priority=?,progress=?,project_id=?,start_date=?,subsystem_id=?,title=? where id=?
10:24:44.078 [main] DEBUG org.hibernate.persister.entity.AbstractEntityPersister -  Delete (0): delete from tasks where id=?
10:24:44.078 [main] DEBUG org.hibernate.orm.sql.ast.create - Created new SQL alias : tm1_0
10:24:44.078 [main] DEBUG org.hibernate.orm.sql.ast.create - Registration of TableGroup [StandardTableGroup(org.frcpm.models.TeamMember)] with identifierForTableGroup [org.frcpm.models.TeamMember] for NavigablePath [org.frcpm.models.TeamMember] 
10:24:44.078 [main] DEBUG org.hibernate.orm.sql.ast.create - Registration of TableGroup [org.hibernate.sql.ast.tree.from.LazyTableGroup@2b54c7a4] with identifierForTableGroup [org.frcpm.models.TeamMember.subteam] for NavigablePath [org.frcpm.models.TeamMember.subteam] 
10:24:44.078 [main] DEBUG org.hibernate.orm.results.graph.AST - DomainResult Graph:
 \-EntityResultImpl [org.frcpm.models.TeamMember]
 |  +-DelayedCollectionFetch [org.frcpm.models.TeamMember.assignedTasks]
 |  +-DelayedCollectionFetch [org.frcpm.models.TeamMember.attendances]
 |  +-BasicFetch [org.frcpm.models.TeamMember.email]
 |  +-BasicFetch [org.frcpm.models.TeamMember.firstName]
 |  +-BasicFetch [org.frcpm.models.TeamMember.lastName]
 |  +-BasicFetch [org.frcpm.models.TeamMember.leader]
 |  +-BasicFetch [org.frcpm.models.TeamMember.phone]
 |  +-BasicFetch [org.frcpm.models.TeamMember.skills]
 |  +-EntityDelayedFetchImpl [org.frcpm.models.TeamMember.subteam]
 |  \-BasicFetch [org.frcpm.models.TeamMember.username]

10:24:44.078 [main] DEBUG org.hibernate.orm.sql.ast.tree - SQL AST Tree:
    SelectStatement {
      FromClause {
        StandardTableGroup (tm1 : org.frcpm.models.TeamMember) {
          primaryTableReference : team_members as tm1_0
          TableGroupJoins {
            left  join LazyTableGroup (s1 : org.frcpm.models.TeamMember.subteam) {
            }
          }
        }
      }
    }

10:24:44.078 [main] DEBUG org.hibernate.persister.entity.AbstractEntityPersister - Static SQL for entity: org.frcpm.models.TeamMember
10:24:44.078 [main] DEBUG org.hibernate.persister.entity.AbstractEntityPersister -  Version select: select id from team_members where id=?
10:24:44.078 [main] DEBUG org.hibernate.persister.entity.AbstractEntityPersister -  Insert (0): insert into team_members (email,first_name,last_name,is_leader,phone,skills,subteam_id,username,id) values (?,?,?,?,?,?,?,?,default)
10:24:44.078 [main] DEBUG org.hibernate.persister.entity.AbstractEntityPersister -  Update (0): update team_members set email=?,first_name=?,last_name=?,is_leader=?,phone=?,skills=?,subteam_id=?,username=? where id=?
10:24:44.078 [main] DEBUG org.hibernate.persister.entity.AbstractEntityPersister -  Delete (0): delete from team_members where id=?
10:24:44.078 [main] DEBUG org.hibernate.orm.sql.ast.create - Created new SQL alias : at1_0
10:24:44.078 [main] DEBUG org.hibernate.orm.sql.ast.create - Registration of TableGroup [CollectionTableGroup(org.frcpm.models.Task.assignedTo)] with identifierForTableGroup [org.frcpm.models.Task.assignedTo] for NavigablePath [org.frcpm.models.Task.assignedTo] 
10:24:44.078 [main] DEBUG org.hibernate.orm.sql.ast.create - Registration of TableGroup [org.hibernate.sql.ast.tree.from.LazyTableGroup@7a3754c2] with identifierForTableGroup [org.frcpm.models.Task.assignedTo.{element}] for NavigablePath [org.frcpm.models.Task.assignedTo.{element}] 
10:24:44.078 [main] DEBUG org.hibernate.orm.sql.ast.create - Created new SQL alias : at1_1
10:24:44.078 [main] DEBUG org.hibernate.orm.sql.ast.create - Registration of TableGroup [org.hibernate.sql.ast.tree.from.LazyTableGroup@5ded33d2] with identifierForTableGroup [org.frcpm.models.Task.assignedTo.{element}.subteam] for NavigablePath [org.frcpm.models.Task.assignedTo.{element}.subteam] 
10:24:44.078 [main] DEBUG org.hibernate.orm.results.graph.AST - DomainResult Graph:
 \-CollectionDomainResult [org.frcpm.models.Task.assignedTo]

10:24:44.078 [main] DEBUG org.hibernate.orm.sql.ast.tree - SQL AST Tree:
    SelectStatement {
      FromClause {
        CollectionTableGroup (at1 : org.frcpm.models.Task.assignedTo) {
          primaryTableReference : task_assignments as at1_0
          TableGroupJoins {
             join LazyTableGroup (at1 : org.frcpm.models.Task.assignedTo.{element}) {
              primaryTableReference : team_members as at1_1
              TableGroupJoins {
                left  join LazyTableGroup (s1 : org.frcpm.models.Task.assignedTo.{element}.subteam) {
                }
              }
            }
          }
        }
      }
    }

10:24:44.078 [main] DEBUG org.hibernate.orm.jdbc.mutation - Static SQL for collection: org.frcpm.models.Task.assignedTo
10:24:44.078 [main] DEBUG org.hibernate.orm.jdbc.mutation -  Row insert: insert into task_assignments (task_id,team_member_id) values (?,?)
10:24:44.078 [main] DEBUG org.hibernate.orm.jdbc.mutation -  Row delete: delete from task_assignments where task_id=? and team_member_id=?
10:24:44.078 [main] DEBUG org.hibernate.orm.jdbc.mutation -  One-shot delete: delete from task_assignments where task_id=?
10:24:44.078 [main] DEBUG org.hibernate.orm.sql.ast.create - Created new SQL alias : t1_0
10:24:44.078 [main] DEBUG org.hibernate.orm.sql.ast.create - Registration of TableGroup [org.hibernate.sql.ast.tree.from.OneToManyTableGroup@15ec1cf] with identifierForTableGroup [org.frcpm.models.Subsystem.tasks] for NavigablePath [org.frcpm.models.Subsystem.tasks] 
10:24:44.078 [main] DEBUG org.hibernate.orm.sql.ast.create - Registration of TableGroup [StandardTableGroup(org.frcpm.models.Subsystem.tasks.{element})] with identifierForTableGroup [org.frcpm.models.Subsystem.tasks.{element}] for NavigablePath [org.frcpm.models.Subsystem.tasks.{element}] 
10:24:44.078 [main] DEBUG org.hibernate.orm.sql.ast.create - Registration of TableGroup [org.hibernate.sql.ast.tree.from.LazyTableGroup@24c9e0ea] with identifierForTableGroup [org.frcpm.models.Subsystem.tasks.{element}.project] for NavigablePath [org.frcpm.models.Subsystem.tasks.{element}.project] 
10:24:44.078 [main] DEBUG org.hibernate.orm.sql.ast.create - Registration of TableGroup [org.hibernate.sql.ast.tree.from.LazyTableGroup@1070a33d] with identifierForTableGroup [org.frcpm.models.Subsystem.tasks.{element}.subsystem] for NavigablePath [org.frcpm.models.Subsystem.tasks.{element}.subsystem] 
10:24:44.078 [main] DEBUG org.hibernate.orm.results.graph.AST - DomainResult Graph:
 \-CollectionDomainResult [org.frcpm.models.Subsystem.tasks]

10:24:44.078 [main] DEBUG org.hibernate.orm.sql.ast.tree - SQL AST Tree:
    SelectStatement {
      FromClause {
        OneToManyTableGroup (t1 : org.frcpm.models.Subsystem.tasks) {
          primaryTableReference : tasks as t1_0
          TableGroupJoins {
            left  join LazyTableGroup (p1 : org.frcpm.models.Subsystem.tasks.{element}.project) {
            }
            left  join LazyTableGroup (s1 : org.frcpm.models.Subsystem.tasks.{element}.subsystem) {
            }
          }
        }
      }
    }

10:24:44.078 [main] DEBUG org.hibernate.orm.jdbc.mutation - Static SQL for collection: org.frcpm.models.Subsystem.tasks
10:24:44.078 [main] DEBUG org.hibernate.orm.sql.ast.create - Created new SQL alias : m1_0
10:24:44.078 [main] DEBUG org.hibernate.orm.sql.ast.create - Registration of TableGroup [org.hibernate.sql.ast.tree.from.OneToManyTableGroup@c723af5] with identifierForTableGroup [org.frcpm.models.Subteam.members] for NavigablePath [org.frcpm.models.Subteam.members] 
10:24:44.078 [main] DEBUG org.hibernate.orm.sql.ast.create - Registration of TableGroup [StandardTableGroup(org.frcpm.models.Subteam.members.{element})] with identifierForTableGroup [org.frcpm.models.Subteam.members.{element}] for NavigablePath [org.frcpm.models.Subteam.members.{element}] 
10:24:44.078 [main] DEBUG org.hibernate.orm.sql.ast.create - Registration of TableGroup [org.hibernate.sql.ast.tree.from.LazyTableGroup@7f21b2c4] with identifierForTableGroup [org.frcpm.models.Subteam.members.{element}.subteam] for NavigablePath [org.frcpm.models.Subteam.members.{element}.subteam] 
10:24:44.078 [main] DEBUG org.hibernate.orm.results.graph.AST - DomainResult Graph:
 \-CollectionDomainResult [org.frcpm.models.Subteam.members]

10:24:44.078 [main] DEBUG org.hibernate.orm.sql.ast.tree - SQL AST Tree:
    SelectStatement {
      FromClause {
        OneToManyTableGroup (m1 : org.frcpm.models.Subteam.members) {
          primaryTableReference : team_members as m1_0
          TableGroupJoins {
            left  join LazyTableGroup (s1 : org.frcpm.models.Subteam.members.{element}.subteam) {
            }
          }
        }
      }
    }

10:24:44.078 [main] DEBUG org.hibernate.orm.jdbc.mutation - Static SQL for collection: org.frcpm.models.Subteam.members
10:24:44.078 [main] DEBUG org.hibernate.orm.sql.ast.create - Created new SQL alias : a1_0
10:24:44.078 [main] DEBUG org.hibernate.orm.sql.ast.create - Registration of TableGroup [org.hibernate.sql.ast.tree.from.OneToManyTableGroup@3715f728] with identifierForTableGroup [org.frcpm.models.TeamMember.attendances] for NavigablePath [org.frcpm.models.TeamMember.attendances] 
10:24:44.078 [main] DEBUG org.hibernate.orm.sql.ast.create - Registration of TableGroup [StandardTableGroup(org.frcpm.models.TeamMember.attendances.{element})] with identifierForTableGroup [org.frcpm.models.TeamMember.attendances.{element}] for NavigablePath [org.frcpm.models.TeamMember.attendances.{element}] 
10:24:44.078 [main] DEBUG org.hibernate.orm.sql.ast.create - Registration of TableGroup [org.hibernate.sql.ast.tree.from.LazyTableGroup@2aadd6ad] with identifierForTableGroup [org.frcpm.models.TeamMember.attendances.{element}.meeting] for NavigablePath [org.frcpm.models.TeamMember.attendances.{element}.meeting] 
10:24:44.078 [main] DEBUG org.hibernate.orm.sql.ast.create - Registration of TableGroup [org.hibernate.sql.ast.tree.from.LazyTableGroup@5ec975da] with identifierForTableGroup [org.frcpm.models.TeamMember.attendances.{element}.member] for NavigablePath [org.frcpm.models.TeamMember.attendances.{element}.member] 
10:24:44.078 [main] DEBUG org.hibernate.orm.results.graph.AST - DomainResult Graph:
 \-CollectionDomainResult [org.frcpm.models.TeamMember.attendances]

10:24:44.078 [main] DEBUG org.hibernate.orm.sql.ast.tree - SQL AST Tree:
    SelectStatement {
      FromClause {
        OneToManyTableGroup (a1 : org.frcpm.models.TeamMember.attendances) {
          primaryTableReference : attendances as a1_0
          TableGroupJoins {
            left  join LazyTableGroup (m1 : org.frcpm.models.TeamMember.attendances.{element}.meeting) {
            }
            left  join LazyTableGroup (m2 : org.frcpm.models.TeamMember.attendances.{element}.member) {
            }
          }
        }
      }
    }

10:24:44.078 [main] DEBUG org.hibernate.orm.jdbc.mutation - Static SQL for collection: org.frcpm.models.TeamMember.attendances
10:24:44.078 [main] DEBUG org.hibernate.orm.sql.ast.create - Created new SQL alias : rc1_0
10:24:44.078 [main] DEBUG org.hibernate.orm.sql.ast.create - Registration of TableGroup [CollectionTableGroup(org.frcpm.models.Task.requiredComponents)] with identifierForTableGroup [org.frcpm.models.Task.requiredComponents] for NavigablePath [org.frcpm.models.Task.requiredComponents] 
10:24:44.078 [main] DEBUG org.hibernate.orm.sql.ast.create - Registration of TableGroup [org.hibernate.sql.ast.tree.from.LazyTableGroup@2a1cb40] with identifierForTableGroup [org.frcpm.models.Task.requiredComponents.{element}] for NavigablePath [org.frcpm.models.Task.requiredComponents.{element}] 
10:24:44.078 [main] DEBUG org.hibernate.orm.sql.ast.create - Created new SQL alias : rc1_1
10:24:44.078 [main] DEBUG org.hibernate.orm.results.graph.AST - DomainResult Graph:
 \-CollectionDomainResult [org.frcpm.models.Task.requiredComponents]

10:24:44.078 [main] DEBUG org.hibernate.orm.sql.ast.tree - SQL AST Tree:
    SelectStatement {
      FromClause {
        CollectionTableGroup (rc1 : org.frcpm.models.Task.requiredComponents) {
          primaryTableReference : task_components as rc1_0
          TableGroupJoins {
             join LazyTableGroup (rc1 : org.frcpm.models.Task.requiredComponents.{element}) {
              primaryTableReference : components as rc1_1
            }
          }
        }
      }
    }

10:24:44.078 [main] DEBUG org.hibernate.orm.jdbc.mutation - Static SQL for collection: org.frcpm.models.Task.requiredComponents
10:24:44.078 [main] DEBUG org.hibernate.orm.jdbc.mutation -  Row insert: insert into task_components (task_id,component_id) values (?,?)
10:24:44.078 [main] DEBUG org.hibernate.orm.jdbc.mutation -  Row delete: delete from task_components where task_id=? and component_id=?
10:24:44.078 [main] DEBUG org.hibernate.orm.jdbc.mutation -  One-shot delete: delete from task_components where task_id=?
10:24:44.078 [main] DEBUG org.hibernate.orm.sql.ast.create - Created new SQL alias : s1_0
10:24:44.078 [main] DEBUG org.hibernate.orm.sql.ast.create - Registration of TableGroup [org.hibernate.sql.ast.tree.from.OneToManyTableGroup@67627ef8] with identifierForTableGroup [org.frcpm.models.Subteam.subsystems] for NavigablePath [org.frcpm.models.Subteam.subsystems] 
10:24:44.078 [main] DEBUG org.hibernate.orm.sql.ast.create - Registration of TableGroup [StandardTableGroup(org.frcpm.models.Subteam.subsystems.{element})] with identifierForTableGroup [org.frcpm.models.Subteam.subsystems.{element}] for NavigablePath [org.frcpm.models.Subteam.subsystems.{element}] 
10:24:44.078 [main] DEBUG org.hibernate.orm.sql.ast.create - Registration of TableGroup [org.hibernate.sql.ast.tree.from.LazyTableGroup@1f064ef6] with identifierForTableGroup [org.frcpm.models.Subteam.subsystems.{element}.responsibleSubteam] for NavigablePath [org.frcpm.models.Subteam.subsystems.{element}.responsibleSubteam] 
10:24:44.078 [main] DEBUG org.hibernate.orm.results.graph.AST - DomainResult Graph:
 \-CollectionDomainResult [org.frcpm.models.Subteam.subsystems]

10:24:44.078 [main] DEBUG org.hibernate.orm.sql.ast.tree - SQL AST Tree:
    SelectStatement {
      FromClause {
        OneToManyTableGroup (s1 : org.frcpm.models.Subteam.subsystems) {
          primaryTableReference : subsystems as s1_0
          TableGroupJoins {
            left  join LazyTableGroup (rs1 : org.frcpm.models.Subteam.subsystems.{element}.responsibleSubteam) {
            }
          }
        }
      }
    }

10:24:44.078 [main] DEBUG org.hibernate.orm.jdbc.mutation - Static SQL for collection: org.frcpm.models.Subteam.subsystems
10:24:44.078 [main] DEBUG org.hibernate.orm.sql.ast.create - Created new SQL alias : pd1_0
10:24:44.078 [main] DEBUG org.hibernate.orm.sql.ast.create - Registration of TableGroup [CollectionTableGroup(org.frcpm.models.Task.preDependencies)] with identifierForTableGroup [org.frcpm.models.Task.preDependencies] for NavigablePath [org.frcpm.models.Task.preDependencies] 
10:24:44.078 [main] DEBUG org.hibernate.orm.sql.ast.create - Registration of TableGroup [org.hibernate.sql.ast.tree.from.LazyTableGroup@7cebb6e1] with identifierForTableGroup [org.frcpm.models.Task.preDependencies.{element}] for NavigablePath [org.frcpm.models.Task.preDependencies.{element}] 
10:24:44.078 [main] DEBUG org.hibernate.orm.sql.ast.create - Created new SQL alias : pd1_1
10:24:44.078 [main] DEBUG org.hibernate.orm.sql.ast.create - Registration of TableGroup [org.hibernate.sql.ast.tree.from.LazyTableGroup@80a823a] with identifierForTableGroup [org.frcpm.models.Task.preDependencies.{element}.project] for NavigablePath [org.frcpm.models.Task.preDependencies.{element}.project] 
10:24:44.078 [main] DEBUG org.hibernate.orm.sql.ast.create - Registration of TableGroup [org.hibernate.sql.ast.tree.from.LazyTableGroup@41825a1f] with identifierForTableGroup [org.frcpm.models.Task.preDependencies.{element}.subsystem] for NavigablePath [org.frcpm.models.Task.preDependencies.{element}.subsystem] 
10:24:44.078 [main] DEBUG org.hibernate.orm.results.graph.AST - DomainResult Graph:
 \-CollectionDomainResult [org.frcpm.models.Task.preDependencies]

10:24:44.078 [main] DEBUG org.hibernate.orm.sql.ast.tree - SQL AST Tree:
    SelectStatement {
      FromClause {
        CollectionTableGroup (pd1 : org.frcpm.models.Task.preDependencies) {
          primaryTableReference : task_dependencies as pd1_0
          TableGroupJoins {
             join LazyTableGroup (pd1 : org.frcpm.models.Task.preDependencies.{element}) {
              primaryTableReference : tasks as pd1_1
              TableGroupJoins {
                left  join LazyTableGroup (p1 : org.frcpm.models.Task.preDependencies.{element}.project) {
                }
                left  join LazyTableGroup (s1 : org.frcpm.models.Task.preDependencies.{element}.subsystem) {
                }
              }
            }
          }
        }
      }
    }

10:24:44.078 [main] DEBUG org.hibernate.orm.jdbc.mutation - Static SQL for collection: org.frcpm.models.Task.preDependencies
10:24:44.078 [main] DEBUG org.hibernate.orm.jdbc.mutation -  Row insert: insert into task_dependencies (task_id,dependency_id) values (?,?)
10:24:44.078 [main] DEBUG org.hibernate.orm.jdbc.mutation -  Row delete: delete from task_dependencies where task_id=? and dependency_id=?
10:24:44.078 [main] DEBUG org.hibernate.orm.jdbc.mutation -  One-shot delete: delete from task_dependencies where task_id=?
10:24:44.078 [main] DEBUG org.hibernate.orm.sql.ast.create - Created new SQL alias : m1_0
10:24:44.078 [main] DEBUG org.hibernate.orm.sql.ast.create - Registration of TableGroup [org.hibernate.sql.ast.tree.from.OneToManyTableGroup@63fddfd3] with identifierForTableGroup [org.frcpm.models.Project.milestones] for NavigablePath [org.frcpm.models.Project.milestones] 
10:24:44.078 [main] DEBUG org.hibernate.orm.sql.ast.create - Registration of TableGroup [StandardTableGroup(org.frcpm.models.Project.milestones.{element})] with identifierForTableGroup [org.frcpm.models.Project.milestones.{element}] for NavigablePath [org.frcpm.models.Project.milestones.{element}] 
10:24:44.078 [main] DEBUG org.hibernate.orm.sql.ast.create - Registration of TableGroup [org.hibernate.sql.ast.tree.from.LazyTableGroup@40e01169] with identifierForTableGroup [org.frcpm.models.Project.milestones.{element}.project] for NavigablePath [org.frcpm.models.Project.milestones.{element}.project] 
10:24:44.078 [main] DEBUG org.hibernate.orm.results.graph.AST - DomainResult Graph:
 \-CollectionDomainResult [org.frcpm.models.Project.milestones]

10:24:44.078 [main] DEBUG org.hibernate.orm.sql.ast.tree - SQL AST Tree:
    SelectStatement {
      FromClause {
        OneToManyTableGroup (m1 : org.frcpm.models.Project.milestones) {
          primaryTableReference : milestones as m1_0
          TableGroupJoins {
            left  join LazyTableGroup (p1 : org.frcpm.models.Project.milestones.{element}.project) {
            }
          }
        }
      }
    }

10:24:44.078 [main] DEBUG org.hibernate.orm.jdbc.mutation - Static SQL for collection: org.frcpm.models.Project.milestones
10:24:44.078 [main] DEBUG org.hibernate.orm.sql.ast.create - Created new SQL alias : rft1_0
10:24:44.078 [main] DEBUG org.hibernate.orm.sql.ast.create - Registration of TableGroup [CollectionTableGroup(org.frcpm.models.Component.requiredForTasks)] with identifierForTableGroup [org.frcpm.models.Component.requiredForTasks] for NavigablePath [org.frcpm.models.Component.requiredForTasks] 
10:24:44.078 [main] DEBUG org.hibernate.orm.sql.ast.create - Registration of TableGroup [org.hibernate.sql.ast.tree.from.LazyTableGroup@65a388ab] with identifierForTableGroup [org.frcpm.models.Component.requiredForTasks.{element}] for NavigablePath [org.frcpm.models.Component.requiredForTasks.{element}] 
10:24:44.078 [main] DEBUG org.hibernate.orm.sql.ast.create - Created new SQL alias : rft1_1
10:24:44.078 [main] DEBUG org.hibernate.orm.sql.ast.create - Registration of TableGroup [org.hibernate.sql.ast.tree.from.LazyTableGroup@68adc08b] with identifierForTableGroup [org.frcpm.models.Component.requiredForTasks.{element}.project] for NavigablePath [org.frcpm.models.Component.requiredForTasks.{element}.project] 
10:24:44.078 [main] DEBUG org.hibernate.orm.sql.ast.create - Registration of TableGroup [org.hibernate.sql.ast.tree.from.LazyTableGroup@43b11f7f] with identifierForTableGroup [org.frcpm.models.Component.requiredForTasks.{element}.subsystem] for NavigablePath [org.frcpm.models.Component.requiredForTasks.{element}.subsystem] 
10:24:44.078 [main] DEBUG org.hibernate.orm.results.graph.AST - DomainResult Graph:
 \-CollectionDomainResult [org.frcpm.models.Component.requiredForTasks]

10:24:44.078 [main] DEBUG org.hibernate.orm.sql.ast.tree - SQL AST Tree:
    SelectStatement {
      FromClause {
        CollectionTableGroup (rft1 : org.frcpm.models.Component.requiredForTasks) {
          primaryTableReference : task_components as rft1_0
          TableGroupJoins {
             join LazyTableGroup (rft1 : org.frcpm.models.Component.requiredForTasks.{element}) {
              primaryTableReference : tasks as rft1_1
              TableGroupJoins {
                left  join LazyTableGroup (p1 : org.frcpm.models.Component.requiredForTasks.{element}.project) {
                }
                left  join LazyTableGroup (s1 : org.frcpm.models.Component.requiredForTasks.{element}.subsystem) {
                }
              }
            }
          }
        }
      }
    }

10:24:44.078 [main] DEBUG org.hibernate.orm.jdbc.mutation - Static SQL for collection: org.frcpm.models.Component.requiredForTasks
10:24:44.078 [main] DEBUG org.hibernate.orm.sql.ast.create - Created new SQL alias : m1_0
10:24:44.078 [main] DEBUG org.hibernate.orm.sql.ast.create - Registration of TableGroup [org.hibernate.sql.ast.tree.from.OneToManyTableGroup@3c811724] with identifierForTableGroup [org.frcpm.models.Project.meetings] for NavigablePath [org.frcpm.models.Project.meetings] 
10:24:44.078 [main] DEBUG org.hibernate.orm.sql.ast.create - Registration of TableGroup [StandardTableGroup(org.frcpm.models.Project.meetings.{element})] with identifierForTableGroup [org.frcpm.models.Project.meetings.{element}] for NavigablePath [org.frcpm.models.Project.meetings.{element}] 
10:24:44.078 [main] DEBUG org.hibernate.orm.sql.ast.create - Registration of TableGroup [org.hibernate.sql.ast.tree.from.LazyTableGroup@23e5f495] with identifierForTableGroup [org.frcpm.models.Project.meetings.{element}.project] for NavigablePath [org.frcpm.models.Project.meetings.{element}.project] 
10:24:44.078 [main] DEBUG org.hibernate.orm.results.graph.AST - DomainResult Graph:
 \-CollectionDomainResult [org.frcpm.models.Project.meetings]

10:24:44.078 [main] DEBUG org.hibernate.orm.sql.ast.tree - SQL AST Tree:
    SelectStatement {
      FromClause {
        OneToManyTableGroup (m1 : org.frcpm.models.Project.meetings) {
          primaryTableReference : meetings as m1_0
          TableGroupJoins {
            left  join LazyTableGroup (p1 : org.frcpm.models.Project.meetings.{element}.project) {
            }
          }
        }
      }
    }

10:24:44.078 [main] DEBUG org.hibernate.orm.jdbc.mutation - Static SQL for collection: org.frcpm.models.Project.meetings
10:24:44.078 [main] DEBUG org.hibernate.orm.sql.ast.create - Created new SQL alias : at1_0
10:24:44.078 [main] DEBUG org.hibernate.orm.sql.ast.create - Registration of TableGroup [CollectionTableGroup(org.frcpm.models.TeamMember.assignedTasks)] with identifierForTableGroup [org.frcpm.models.TeamMember.assignedTasks] for NavigablePath [org.frcpm.models.TeamMember.assignedTasks] 
10:24:44.078 [main] DEBUG org.hibernate.orm.sql.ast.create - Registration of TableGroup [org.hibernate.sql.ast.tree.from.LazyTableGroup@238a54be] with identifierForTableGroup [org.frcpm.models.TeamMember.assignedTasks.{element}] for NavigablePath [org.frcpm.models.TeamMember.assignedTasks.{element}] 
10:24:44.078 [main] DEBUG org.hibernate.orm.sql.ast.create - Created new SQL alias : at1_1
10:24:44.079 [main] DEBUG org.hibernate.orm.sql.ast.create - Registration of TableGroup [org.hibernate.sql.ast.tree.from.LazyTableGroup@17065fdc] with identifierForTableGroup [org.frcpm.models.TeamMember.assignedTasks.{element}.project] for NavigablePath [org.frcpm.models.TeamMember.assignedTasks.{element}.project] 
10:24:44.079 [main] DEBUG org.hibernate.orm.sql.ast.create - Registration of TableGroup [org.hibernate.sql.ast.tree.from.LazyTableGroup@518e1938] with identifierForTableGroup [org.frcpm.models.TeamMember.assignedTasks.{element}.subsystem] for NavigablePath [org.frcpm.models.TeamMember.assignedTasks.{element}.subsystem] 
10:24:44.079 [main] DEBUG org.hibernate.orm.results.graph.AST - DomainResult Graph:
 \-CollectionDomainResult [org.frcpm.models.TeamMember.assignedTasks]

10:24:44.079 [main] DEBUG org.hibernate.orm.sql.ast.tree - SQL AST Tree:
    SelectStatement {
      FromClause {
        CollectionTableGroup (at1 : org.frcpm.models.TeamMember.assignedTasks) {
          primaryTableReference : task_assignments as at1_0
          TableGroupJoins {
             join LazyTableGroup (at1 : org.frcpm.models.TeamMember.assignedTasks.{element}) {
              primaryTableReference : tasks as at1_1
              TableGroupJoins {
                left  join LazyTableGroup (p1 : org.frcpm.models.TeamMember.assignedTasks.{element}.project) {
                }
                left  join LazyTableGroup (s1 : org.frcpm.models.TeamMember.assignedTasks.{element}.subsystem) {
                }
              }
            }
          }
        }
      }
    }

10:24:44.079 [main] DEBUG org.hibernate.orm.jdbc.mutation - Static SQL for collection: org.frcpm.models.TeamMember.assignedTasks
10:24:44.079 [main] DEBUG org.hibernate.orm.sql.ast.create - Created new SQL alias : a1_0
10:24:44.079 [main] DEBUG org.hibernate.orm.sql.ast.create - Registration of TableGroup [org.hibernate.sql.ast.tree.from.OneToManyTableGroup@58ddb6a] with identifierForTableGroup [org.frcpm.models.Meeting.attendances] for NavigablePath [org.frcpm.models.Meeting.attendances] 
10:24:44.079 [main] DEBUG org.hibernate.orm.sql.ast.create - Registration of TableGroup [StandardTableGroup(org.frcpm.models.Meeting.attendances.{element})] with identifierForTableGroup [org.frcpm.models.Meeting.attendances.{element}] for NavigablePath [org.frcpm.models.Meeting.attendances.{element}] 
10:24:44.079 [main] DEBUG org.hibernate.orm.sql.ast.create - Registration of TableGroup [org.hibernate.sql.ast.tree.from.LazyTableGroup@44806fd6] with identifierForTableGroup [org.frcpm.models.Meeting.attendances.{element}.meeting] for NavigablePath [org.frcpm.models.Meeting.attendances.{element}.meeting] 
10:24:44.079 [main] DEBUG org.hibernate.orm.sql.ast.create - Registration of TableGroup [org.hibernate.sql.ast.tree.from.LazyTableGroup@41d26508] with identifierForTableGroup [org.frcpm.models.Meeting.attendances.{element}.member] for NavigablePath [org.frcpm.models.Meeting.attendances.{element}.member] 
10:24:44.079 [main] DEBUG org.hibernate.orm.results.graph.AST - DomainResult Graph:
 \-CollectionDomainResult [org.frcpm.models.Meeting.attendances]

10:24:44.079 [main] DEBUG org.hibernate.orm.sql.ast.tree - SQL AST Tree:
    SelectStatement {
      FromClause {
        OneToManyTableGroup (a1 : org.frcpm.models.Meeting.attendances) {
          primaryTableReference : attendances as a1_0
          TableGroupJoins {
            left  join LazyTableGroup (m1 : org.frcpm.models.Meeting.attendances.{element}.meeting) {
            }
            left  join LazyTableGroup (m2 : org.frcpm.models.Meeting.attendances.{element}.member) {
            }
          }
        }
      }
    }

10:24:44.079 [main] DEBUG org.hibernate.orm.jdbc.mutation - Static SQL for collection: org.frcpm.models.Meeting.attendances
10:24:44.079 [main] DEBUG org.hibernate.orm.sql.ast.create - Created new SQL alias : pd1_0
10:24:44.079 [main] DEBUG org.hibernate.orm.sql.ast.create - Registration of TableGroup [CollectionTableGroup(org.frcpm.models.Task.postDependencies)] with identifierForTableGroup [org.frcpm.models.Task.postDependencies] for NavigablePath [org.frcpm.models.Task.postDependencies] 
10:24:44.079 [main] DEBUG org.hibernate.orm.sql.ast.create - Registration of TableGroup [org.hibernate.sql.ast.tree.from.LazyTableGroup@6d569487] with identifierForTableGroup [org.frcpm.models.Task.postDependencies.{element}] for NavigablePath [org.frcpm.models.Task.postDependencies.{element}] 
10:24:44.079 [main] DEBUG org.hibernate.orm.sql.ast.create - Created new SQL alias : pd1_1
10:24:44.079 [main] DEBUG org.hibernate.orm.sql.ast.create - Registration of TableGroup [org.hibernate.sql.ast.tree.from.LazyTableGroup@3f2fe34b] with identifierForTableGroup [org.frcpm.models.Task.postDependencies.{element}.project] for NavigablePath [org.frcpm.models.Task.postDependencies.{element}.project] 
10:24:44.079 [main] DEBUG org.hibernate.orm.sql.ast.create - Registration of TableGroup [org.hibernate.sql.ast.tree.from.LazyTableGroup@3ab9e7d8] with identifierForTableGroup [org.frcpm.models.Task.postDependencies.{element}.subsystem] for NavigablePath [org.frcpm.models.Task.postDependencies.{element}.subsystem] 
10:24:44.079 [main] DEBUG org.hibernate.orm.results.graph.AST - DomainResult Graph:
 \-CollectionDomainResult [org.frcpm.models.Task.postDependencies]

10:24:44.079 [main] DEBUG org.hibernate.orm.sql.ast.tree - SQL AST Tree:
    SelectStatement {
      FromClause {
        CollectionTableGroup (pd1 : org.frcpm.models.Task.postDependencies) {
          primaryTableReference : task_dependencies as pd1_0
          TableGroupJoins {
             join LazyTableGroup (pd1 : org.frcpm.models.Task.postDependencies.{element}) {
              primaryTableReference : tasks as pd1_1
              TableGroupJoins {
                left  join LazyTableGroup (p1 : org.frcpm.models.Task.postDependencies.{element}.project) {
                }
                left  join LazyTableGroup (s1 : org.frcpm.models.Task.postDependencies.{element}.subsystem) {
                }
              }
            }
          }
        }
      }
    }

10:24:44.079 [main] DEBUG org.hibernate.orm.jdbc.mutation - Static SQL for collection: org.frcpm.models.Task.postDependencies
10:24:44.079 [main] DEBUG org.hibernate.orm.sql.ast.create - Created new SQL alias : t1_0
10:24:44.079 [main] DEBUG org.hibernate.orm.sql.ast.create - Registration of TableGroup [org.hibernate.sql.ast.tree.from.OneToManyTableGroup@23673c36] with identifierForTableGroup [org.frcpm.models.Project.tasks] for NavigablePath [org.frcpm.models.Project.tasks] 
10:24:44.079 [main] DEBUG org.hibernate.orm.sql.ast.create - Registration of TableGroup [StandardTableGroup(org.frcpm.models.Project.tasks.{element})] with identifierForTableGroup [org.frcpm.models.Project.tasks.{element}] for NavigablePath [org.frcpm.models.Project.tasks.{element}] 
10:24:44.079 [main] DEBUG org.hibernate.orm.sql.ast.create - Registration of TableGroup [org.hibernate.sql.ast.tree.from.LazyTableGroup@776850fa] with identifierForTableGroup [org.frcpm.models.Project.tasks.{element}.project] for NavigablePath [org.frcpm.models.Project.tasks.{element}.project] 
10:24:44.079 [main] DEBUG org.hibernate.orm.sql.ast.create - Registration of TableGroup [org.hibernate.sql.ast.tree.from.LazyTableGroup@748b1791] with identifierForTableGroup [org.frcpm.models.Project.tasks.{element}.subsystem] for NavigablePath [org.frcpm.models.Project.tasks.{element}.subsystem] 
10:24:44.079 [main] DEBUG org.hibernate.orm.results.graph.AST - DomainResult Graph:
 \-CollectionDomainResult [org.frcpm.models.Project.tasks]

10:24:44.079 [main] DEBUG org.hibernate.orm.sql.ast.tree - SQL AST Tree:
    SelectStatement {
      FromClause {
        OneToManyTableGroup (t1 : org.frcpm.models.Project.tasks) {
          primaryTableReference : tasks as t1_0
          TableGroupJoins {
            left  join LazyTableGroup (p1 : org.frcpm.models.Project.tasks.{element}.project) {
            }
            left  join LazyTableGroup (s1 : org.frcpm.models.Project.tasks.{element}.subsystem) {
            }
          }
        }
      }
    }

10:24:44.079 [main] DEBUG org.hibernate.orm.jdbc.mutation - Static SQL for collection: org.frcpm.models.Project.tasks
10:24:44.081 [main] DEBUG org.hibernate.type.spi.TypeConfiguration$Scope - Scoping TypeConfiguration [org.hibernate.type.spi.TypeConfiguration@1d52acb] to SessionFactoryImplementor [org.hibernate.internal.SessionFactoryImpl@4f81ce90]
10:24:44.081 [main] DEBUG org.hibernate.query.named.NamedObjectRepository - Checking 0 named HQL queries
10:24:44.081 [main] DEBUG org.hibernate.query.named.NamedObjectRepository - Checking 0 named SQL queries
10:24:44.081 [main] DEBUG org.hibernate.mapping.Table - No alter strings for table : attendances
10:24:44.081 [main] DEBUG org.hibernate.SQL - alter table if exists components alter column description set data type TEXT
10:24:44.081 [main] DEBUG org.hibernate.SQL - alter table if exists meetings alter column notes set data type TEXT
10:24:44.081 [main] DEBUG org.hibernate.SQL - alter table if exists milestones alter column description set data type TEXT
10:24:44.081 [main] DEBUG org.hibernate.SQL - alter table if exists projects alter column description set data type TEXT
10:24:44.081 [main] DEBUG org.hibernate.SQL - alter table if exists subsystems alter column description set data type TEXT
10:24:44.081 [main] DEBUG org.hibernate.SQL - alter table if exists subteams alter column specialties set data type TEXT
10:24:44.081 [main] DEBUG org.hibernate.mapping.Table - No alter strings for table : task_assignments
10:24:44.081 [main] DEBUG org.hibernate.mapping.Table - No alter strings for table : task_components
10:24:44.081 [main] DEBUG org.hibernate.mapping.Table - No alter strings for table : task_dependencies
10:24:44.081 [main] DEBUG org.hibernate.SQL - alter table if exists tasks alter column description set data type TEXT
10:24:44.081 [main] DEBUG org.hibernate.SQL - alter table if exists team_members alter column skills set data type TEXT
10:24:44.082 [main] DEBUG org.hibernate.SQL - alter table if exists attendances drop constraint if exists UKa8ydr6vrgbux3a27v7enb0y3x
10:24:44.082 [main] DEBUG org.hibernate.SQL - alter table if exists attendances add constraint UKa8ydr6vrgbux3a27v7enb0y3x unique (meeting_id, member_id)
10:24:44.082 [main] DEBUG org.hibernate.internal.SessionFactoryRegistry - Registering SessionFactory: 405bac0f-05d7-471a-968e-a30b14e9ea11 (<unnamed>)
10:24:44.082 [main] DEBUG org.hibernate.internal.SessionFactoryRegistry - Not binding SessionFactory to JNDI, no JNDI name configured
10:24:44.082 [main] DEBUG org.hibernate.internal.SessionFactoryImpl - Instantiated SessionFactory
10:24:44.083 [main] DEBUG org.hibernate.stat.internal.StatisticsInitiator - Statistics initialized [enabled=false]
10:24:44.083 [main] DEBUG org.hibernate.engine.transaction.internal.TransactionImpl - On TransactionImpl creation, JpaCompliance#isJpaTransactionComplianceEnabled == false
10:24:44.083 [main] DEBUG org.hibernate.engine.transaction.internal.TransactionImpl - begin
10:24:44.083 [main] DEBUG org.hibernate.engine.spi.ActionQueue - Executing identity-insert immediately
10:24:44.083 [main] DEBUG org.hibernate.SQL - insert into subteams (color_code,name,specialties,id) values (?,?,?,default)
10:24:44.083 [main] DEBUG org.hibernate.orm.results - Initializer list is empty
10:24:44.083 [main] DEBUG org.hibernate.orm.results.loading - Calling top-level assembler (0 / 1) : org.hibernate.sql.results.graph.basic.BasicResultAssembler@326547c9
10:24:44.083 [main] DEBUG org.hibernate.orm.results - Extracted JDBC value [0] - [119]
10:24:44.083 [main] DEBUG org.hibernate.id.IdentifierGeneratorHelper - Extracted generated values [org.frcpm.models.Subteam]: [Ljava.lang.Object;@6d580e43
10:24:44.083 [main] DEBUG org.hibernate.event.internal.AbstractFlushingEventListener - Processing flush-time cascades
10:24:44.083 [main] DEBUG org.hibernate.event.internal.AbstractFlushingEventListener - Dirty checking collections
10:24:44.083 [main] DEBUG org.hibernate.engine.internal.Collections - Collection found: [org.frcpm.models.Subteam.members#119], was: [<unreferenced>] (initialized)
10:24:44.083 [main] DEBUG org.hibernate.engine.internal.Collections - Collection found: [org.frcpm.models.Subteam.subsystems#119], was: [<unreferenced>] (initialized)
10:24:44.083 [main] DEBUG org.hibernate.event.internal.AbstractFlushingEventListener - Flushed: 0 insertions, 0 updates, 0 deletions to 1 objects
10:24:44.083 [main] DEBUG org.hibernate.event.internal.AbstractFlushingEventListener - Flushed: 2 (re)creations, 0 updates, 0 removals to 2 collections
10:24:44.083 [main] DEBUG org.hibernate.internal.util.EntityPrinter - Listing entities:
10:24:44.083 [main] DEBUG org.hibernate.internal.util.EntityPrinter - org.frcpm.models.Subteam{specialties=Java, Programming, Controls, members=[], name=Test Subteam 1, colorCode=#FF0000, id=119, subsystems=[]}
10:24:44.083 [main] DEBUG org.hibernate.engine.transaction.internal.TransactionImpl - committing
10:24:44.083 [main] DEBUG org.hibernate.event.internal.AbstractFlushingEventListener - Processing flush-time cascades
10:24:44.083 [main] DEBUG org.hibernate.event.internal.AbstractFlushingEventListener - Dirty checking collections
10:24:44.083 [main] DEBUG org.hibernate.engine.internal.Collections - Collection found: [org.frcpm.models.Subteam.members#119], was: [org.frcpm.models.Subteam.members#119] (initialized)
10:24:44.083 [main] DEBUG org.hibernate.engine.internal.Collections - Collection found: [org.frcpm.models.Subteam.subsystems#119], was: [org.frcpm.models.Subteam.subsystems#119] (initialized)
10:24:44.083 [main] DEBUG org.hibernate.event.internal.AbstractFlushingEventListener - Flushed: 0 insertions, 0 updates, 0 deletions to 1 objects
10:24:44.083 [main] DEBUG org.hibernate.event.internal.AbstractFlushingEventListener - Flushed: 0 (re)creations, 0 updates, 0 removals to 2 collections
10:24:44.083 [main] DEBUG org.hibernate.internal.util.EntityPrinter - Listing entities:
10:24:44.083 [main] DEBUG org.hibernate.internal.util.EntityPrinter - org.frcpm.models.Subteam{specialties=Java, Programming, Controls, members=[], name=Test Subteam 1, colorCode=#FF0000, id=119, subsystems=[]}
10:24:44.083 [main] DEBUG org.hibernate.resource.jdbc.internal.LogicalConnectionManagedImpl - Initiating JDBC connection release from afterTransaction
10:24:44.083 [main] DEBUG org.hibernate.resource.jdbc.internal.LogicalConnectionManagedImpl - Initiating JDBC connection release from afterTransaction
10:24:44.083 [main] DEBUG org.hibernate.engine.transaction.internal.TransactionImpl - On TransactionImpl creation, JpaCompliance#isJpaTransactionComplianceEnabled == false
10:24:44.083 [main] DEBUG org.hibernate.engine.transaction.internal.TransactionImpl - begin
10:24:44.083 [main] DEBUG org.hibernate.engine.spi.ActionQueue - Executing identity-insert immediately
10:24:44.083 [main] DEBUG org.hibernate.SQL - insert into subteams (color_code,name,specialties,id) values (?,?,?,default)
10:24:44.084 [main] DEBUG org.hibernate.orm.results - Initializer list is empty
10:24:44.084 [main] DEBUG org.hibernate.orm.results.loading - Calling top-level assembler (0 / 1) : org.hibernate.sql.results.graph.basic.BasicResultAssembler@58b5f43a
10:24:44.084 [main] DEBUG org.hibernate.orm.results - Extracted JDBC value [0] - [120]
10:24:44.084 [main] DEBUG org.hibernate.id.IdentifierGeneratorHelper - Extracted generated values [org.frcpm.models.Subteam]: [Ljava.lang.Object;@45798223
10:24:44.084 [main] DEBUG org.hibernate.event.internal.AbstractFlushingEventListener - Processing flush-time cascades
10:24:44.084 [main] DEBUG org.hibernate.event.internal.AbstractFlushingEventListener - Dirty checking collections
10:24:44.084 [main] DEBUG org.hibernate.engine.internal.Collections - Collection found: [org.frcpm.models.Subteam.members#120], was: [<unreferenced>] (initialized)
10:24:44.084 [main] DEBUG org.hibernate.engine.internal.Collections - Collection found: [org.frcpm.models.Subteam.subsystems#120], was: [<unreferenced>] (initialized)
10:24:44.084 [main] DEBUG org.hibernate.event.internal.AbstractFlushingEventListener - Flushed: 0 insertions, 0 updates, 0 deletions to 1 objects
10:24:44.084 [main] DEBUG org.hibernate.event.internal.AbstractFlushingEventListener - Flushed: 2 (re)creations, 0 updates, 0 removals to 2 collections
10:24:44.084 [main] DEBUG org.hibernate.internal.util.EntityPrinter - Listing entities:
10:24:44.084 [main] DEBUG org.hibernate.internal.util.EntityPrinter - org.frcpm.models.Subteam{specialties=CAD, Design, Fabrication, members=[], name=Test Subteam 2, colorCode=#00FF00, id=120, subsystems=[]}
10:24:44.084 [main] DEBUG org.hibernate.engine.transaction.internal.TransactionImpl - committing
10:24:44.084 [main] DEBUG org.hibernate.event.internal.AbstractFlushingEventListener - Processing flush-time cascades
10:24:44.084 [main] DEBUG org.hibernate.event.internal.AbstractFlushingEventListener - Dirty checking collections
10:24:44.084 [main] DEBUG org.hibernate.engine.internal.Collections - Collection found: [org.frcpm.models.Subteam.members#120], was: [org.frcpm.models.Subteam.members#120] (initialized)
10:24:44.084 [main] DEBUG org.hibernate.engine.internal.Collections - Collection found: [org.frcpm.models.Subteam.subsystems#120], was: [org.frcpm.models.Subteam.subsystems#120] (initialized)
10:24:44.084 [main] DEBUG org.hibernate.event.internal.AbstractFlushingEventListener - Flushed: 0 insertions, 0 updates, 0 deletions to 1 objects
10:24:44.084 [main] DEBUG org.hibernate.event.internal.AbstractFlushingEventListener - Flushed: 0 (re)creations, 0 updates, 0 removals to 2 collections
10:24:44.084 [main] DEBUG org.hibernate.internal.util.EntityPrinter - Listing entities:
10:24:44.084 [main] DEBUG org.hibernate.internal.util.EntityPrinter - org.frcpm.models.Subteam{specialties=CAD, Design, Fabrication, members=[], name=Test Subteam 2, colorCode=#00FF00, id=120, subsystems=[]}
10:24:44.084 [main] DEBUG org.hibernate.resource.jdbc.internal.LogicalConnectionManagedImpl - Initiating JDBC connection release from afterTransaction
10:24:44.084 [main] DEBUG org.hibernate.resource.jdbc.internal.LogicalConnectionManagedImpl - Initiating JDBC connection release from afterTransaction
10:24:44.084 [main] DEBUG org.hibernate.orm.query.hql - HQL : SELECT s FROM Subteam s WHERE s.name = :name
10:24:44.085 [main] DEBUG org.hibernate.orm.query.sqm.creation - Applying inferable type to SqmExpression [SqmNamedParameter(name)] : null -> SqmBasicValuedSimplePath(org.frcpm.models.Subteam(s).name)
10:24:44.085 [main] DEBUG org.hibernate.orm.query.sqm.ast - SqmStatement Tree :
    -> [select]
      -> [query-spec]
        -> [select]
          -> [selection]
            -> [root] - `org.frcpm.models.Subteam(s)`
            <- [root] - `org.frcpm.models.Subteam(s)`
          <- [selection]
        <- [select]
        -> [from]
          -> [root] - `org.frcpm.models.Subteam(s)`
          <- [root] - `org.frcpm.models.Subteam(s)`
        <- [from]
        -> [where]
          -> [EQUAL]
              -> [basic-path] - `org.frcpm.models.Subteam(s).name`
              :name
          <- [EQUAL]
        <- [where]
      <- [query-spec]
    <- [select]

10:24:44.086 [main] DEBUG org.hibernate.orm.sql.ast.create - Created new SQL alias : s1_0
10:24:44.086 [main] DEBUG org.hibernate.orm.sql.ast.create - Registration of TableGroup [StandardTableGroup(org.frcpm.models.Subteam(s))] with identifierForTableGroup [org.frcpm.models.Subteam] for NavigablePath [org.frcpm.models.Subteam] 
10:24:44.086 [main] DEBUG org.hibernate.query.sqm.sql.BaseSqmToSqlAstConverter - Determining mapping-model type for SqmParameter : SqmNamedParameter(name)
10:24:44.086 [main] DEBUG org.hibernate.query.sqm.sql.BaseSqmToSqlAstConverter - Determining mapping-model type for SqmPath : SqmBasicValuedSimplePath(org.frcpm.models.Subteam(s).name) 
10:24:44.087 [main] DEBUG org.hibernate.orm.results.graph.AST - DomainResult Graph:
 \-EntityResultImpl [org.frcpm.models.Subteam(s)]
 |  +-BasicFetch [org.frcpm.models.Subteam(s).colorCode]
 |  +-DelayedCollectionFetch [org.frcpm.models.Subteam(s).members]
 |  +-BasicFetch [org.frcpm.models.Subteam(s).name]
 |  +-BasicFetch [org.frcpm.models.Subteam(s).specialties]
 |  \-DelayedCollectionFetch [org.frcpm.models.Subteam(s).subsystems]

10:24:44.087 [main] DEBUG org.hibernate.orm.sql.ast.tree - SQL AST Tree:
    SelectStatement {
      FromClause {
        StandardTableGroup (s1 : org.frcpm.models.Subteam(s)) {
          primaryTableReference : subteams as s1_0
        }
      }
    }

10:24:44.087 [main] DEBUG org.hibernate.orm.sql.exec - Skipping reading Query result cache data: cache-enabled = false, cache-mode = NORMAL
10:24:44.088 [main] DEBUG org.hibernate.orm.results - Initializer list:
	  org.frcpm.models.Subteam(s) -> EntityResultInitializer(org.frcpm.models.Subteam(s))@1618818242 (SingleTableEntityPersister(org.frcpm.models.Subteam))
	  org.frcpm.models.Subteam(s).members -> DelayedCollectionInitializer(org.frcpm.models.Subteam(s).members)@1972562962 (PluralAttribute(org.frcpm.models.Subteam.members))
	  org.frcpm.models.Subteam(s).subsystems -> DelayedCollectionInitializer(org.frcpm.models.Subteam(s).subsystems)@237767291 (PluralAttribute(org.frcpm.models.Subteam.subsystems))

10:24:44.088 [main] DEBUG org.hibernate.SQL - select s1_0.id,s1_0.color_code,s1_0.name,s1_0.specialties from subteams s1_0 where s1_0.name=?
10:24:44.088 [main] DEBUG org.hibernate.orm.results - Extracted JDBC value [0] - [119]
10:24:44.088 [main] DEBUG org.hibernate.orm.results.loading.entity - (EntityResultInitializer) Hydrated EntityKey (org.frcpm.models.Subteam(s)): 119
10:24:44.088 [main] DEBUG org.hibernate.orm.results.loading.org.hibernate.orm.results.loading.collection - (DelayedCollectionInitializer) Current row collection key : org.frcpm.models.Subteam(s).members#119
10:24:44.088 [main] DEBUG org.hibernate.orm.results.loading.org.hibernate.orm.results.loading.collection - (DelayedCollectionInitializer) Current row collection key : org.frcpm.models.Subteam(s).subsystems#119
10:24:44.088 [main] DEBUG org.hibernate.orm.results.loading.entity - (EntityResultInitializer) Created new entity instance [org.frcpm.models.Subteam(s)#119] : 411683740
10:24:44.088 [main] DEBUG org.hibernate.orm.results - Extracted JDBC value [1] - [#FF0000]
10:24:44.088 [main] DEBUG org.hibernate.orm.results - Extracted JDBC value [2] - [Test Subteam 1]
10:24:44.088 [main] DEBUG org.hibernate.orm.results - Extracted JDBC value [3] - [Java, Programming, Controls]
10:24:44.088 [main] DEBUG org.hibernate.orm.results.loading.entity - (EntityResultInitializer) Done materializing entityInstance : org.frcpm.models.Subteam(s)#119
10:24:44.088 [main] DEBUG org.hibernate.orm.results.loading - Calling top-level assembler (0 / 1) : org.hibernate.sql.results.graph.entity.internal.EntityAssembler@6858b7e5
10:24:44.089 [main] DEBUG org.hibernate.orm.sql.ast.create - Created new SQL alias : s1_0
10:24:44.089 [main] DEBUG org.hibernate.orm.sql.ast.create - Registration of TableGroup [StandardTableGroup(org.frcpm.models.Subteam(959700376753100))] with identifierForTableGroup [org.frcpm.models.Subteam] for NavigablePath [org.frcpm.models.Subteam] 
10:24:44.089 [main] DEBUG org.hibernate.orm.results.graph.AST - DomainResult Graph:
 \-EntityResultImpl [org.frcpm.models.Subteam(959700376753100)]
 |  +-BasicFetch [org.frcpm.models.Subteam(959700376753100).colorCode]
 |  +-DelayedCollectionFetch [org.frcpm.models.Subteam(959700376753100).members]
 |  +-BasicFetch [org.frcpm.models.Subteam(959700376753100).name]
 |  +-BasicFetch [org.frcpm.models.Subteam(959700376753100).specialties]
 |  \-DelayedCollectionFetch [org.frcpm.models.Subteam(959700376753100).subsystems]

10:24:44.089 [main] DEBUG org.hibernate.orm.sql.ast.tree - SQL AST Tree:
    SelectStatement {
      FromClause {
        StandardTableGroup (s1 : org.frcpm.models.Subteam(959700376753100)) {
          primaryTableReference : subteams as s1_0
        }
      }
    }

10:24:44.089 [main] DEBUG org.hibernate.orm.sql.exec - Skipping reading Query result cache data: cache-enabled = false, cache-mode = NORMAL
10:24:44.090 [main] DEBUG org.hibernate.orm.results - Initializer list:
	  org.frcpm.models.Subteam(959700376753100) -> EntityResultInitializer(org.frcpm.models.Subteam(959700376753100))@994159678 (SingleTableEntityPersister(org.frcpm.models.Subteam))
	  org.frcpm.models.Subteam(959700376753100).members -> DelayedCollectionInitializer(org.frcpm.models.Subteam(959700376753100).members)@1230238874 (PluralAttribute(org.frcpm.models.Subteam.members))
	  org.frcpm.models.Subteam(959700376753100).subsystems -> DelayedCollectionInitializer(org.frcpm.models.Subteam(959700376753100).subsystems)@170339964 (PluralAttribute(org.frcpm.models.Subteam.subsystems))

10:24:44.090 [main] DEBUG org.hibernate.SQL - select s1_0.id,s1_0.color_code,s1_0.name,s1_0.specialties from subteams s1_0
10:24:44.090 [main] DEBUG org.hibernate.orm.results - Extracted JDBC value [0] - [1]
10:24:44.090 [main] DEBUG org.hibernate.orm.results.loading.entity - (EntityResultInitializer) Hydrated EntityKey (org.frcpm.models.Subteam(959700376753100)): 1
10:24:44.090 [main] DEBUG org.hibernate.orm.results.loading.org.hibernate.orm.results.loading.collection - (DelayedCollectionInitializer) Current row collection key : org.frcpm.models.Subteam(959700376753100).members#1
10:24:44.090 [main] DEBUG org.hibernate.orm.results.loading.org.hibernate.orm.results.loading.collection - (DelayedCollectionInitializer) Current row collection key : org.frcpm.models.Subteam(959700376753100).subsystems#1
10:24:44.090 [main] DEBUG org.hibernate.orm.results.loading.entity - (EntityResultInitializer) Created new entity instance [org.frcpm.models.Subteam(959700376753100)#1] : 1474402548
10:24:44.090 [main] DEBUG org.hibernate.orm.results - Extracted JDBC value [1] - [#FF5733]
10:24:44.090 [main] DEBUG org.hibernate.orm.results - Extracted JDBC value [2] - [Mechanical]
10:24:44.090 [main] DEBUG org.hibernate.orm.results - Extracted JDBC value [3] - [Design, CAD, Fabrication, Assembly]
10:24:44.090 [main] DEBUG org.hibernate.orm.results.loading.entity - (EntityResultInitializer) Done materializing entityInstance : org.frcpm.models.Subteam(959700376753100)#1
10:24:44.090 [main] DEBUG org.hibernate.orm.results.loading - Calling top-level assembler (0 / 1) : org.hibernate.sql.results.graph.entity.internal.EntityAssembler@61c16053
10:24:44.090 [main] DEBUG org.hibernate.orm.results - Extracted JDBC value [0] - [2]
10:24:44.090 [main] DEBUG org.hibernate.orm.results.loading.entity - (EntityResultInitializer) Hydrated EntityKey (org.frcpm.models.Subteam(959700376753100)): 2
10:24:44.090 [main] DEBUG org.hibernate.orm.results.loading.org.hibernate.orm.results.loading.collection - (DelayedCollectionInitializer) Current row collection key : org.frcpm.models.Subteam(959700376753100).members#2
10:24:44.090 [main] DEBUG org.hibernate.orm.results.loading.org.hibernate.orm.results.loading.collection - (DelayedCollectionInitializer) Current row collection key : org.frcpm.models.Subteam(959700376753100).subsystems#2
10:24:44.090 [main] DEBUG org.hibernate.orm.results.loading.entity - (EntityResultInitializer) Created new entity instance [org.frcpm.models.Subteam(959700376753100)#2] : 985424551
10:24:44.090 [main] DEBUG org.hibernate.orm.results - Extracted JDBC value [1] - [#33A8FF]
10:24:44.090 [main] DEBUG org.hibernate.orm.results - Extracted JDBC value [2] - [Electrical]
10:24:44.090 [main] DEBUG org.hibernate.orm.results - Extracted JDBC value [3] - [Wiring, Electronics, Sensors, Power Systems]
10:24:44.090 [main] DEBUG org.hibernate.orm.results.loading.entity - (EntityResultInitializer) Done materializing entityInstance : org.frcpm.models.Subteam(959700376753100)#2
10:24:44.090 [main] DEBUG org.hibernate.orm.results.loading - Calling top-level assembler (0 / 1) : org.hibernate.sql.results.graph.entity.internal.EntityAssembler@61c16053
10:24:44.090 [main] DEBUG org.hibernate.orm.results - Extracted JDBC value [0] - [3]
10:24:44.090 [main] DEBUG org.hibernate.orm.results.loading.entity - (EntityResultInitializer) Hydrated EntityKey (org.frcpm.models.Subteam(959700376753100)): 3
10:24:44.090 [main] DEBUG org.hibernate.orm.results.loading.org.hibernate.orm.results.loading.collection - (DelayedCollectionInitializer) Current row collection key : org.frcpm.models.Subteam(959700376753100).members#3
10:24:44.090 [main] DEBUG org.hibernate.orm.results.loading.org.hibernate.orm.results.loading.collection - (DelayedCollectionInitializer) Current row collection key : org.frcpm.models.Subteam(959700376753100).subsystems#3
10:24:44.090 [main] DEBUG org.hibernate.orm.results.loading.entity - (EntityResultInitializer) Created new entity instance [org.frcpm.models.Subteam(959700376753100)#3] : 789667038
10:24:44.090 [main] DEBUG org.hibernate.orm.results - Extracted JDBC value [1] - [#33FF57]
10:24:44.090 [main] DEBUG org.hibernate.orm.results - Extracted JDBC value [2] - [Programming]
10:24:44.090 [main] DEBUG org.hibernate.orm.results - Extracted JDBC value [3] - [Java, Vision, Control Systems, Autonomous]
10:24:44.090 [main] DEBUG org.hibernate.orm.results.loading.entity - (EntityResultInitializer) Done materializing entityInstance : org.frcpm.models.Subteam(959700376753100)#3
10:24:44.090 [main] DEBUG org.hibernate.orm.results.loading - Calling top-level assembler (0 / 1) : org.hibernate.sql.results.graph.entity.internal.EntityAssembler@61c16053
10:24:44.090 [main] DEBUG org.hibernate.orm.results - Extracted JDBC value [0] - [4]
10:24:44.090 [main] DEBUG org.hibernate.orm.results.loading.entity - (EntityResultInitializer) Hydrated EntityKey (org.frcpm.models.Subteam(959700376753100)): 4
10:24:44.090 [main] DEBUG org.hibernate.orm.results.loading.org.hibernate.orm.results.loading.collection - (DelayedCollectionInitializer) Current row collection key : org.frcpm.models.Subteam(959700376753100).members#4
10:24:44.090 [main] DEBUG org.hibernate.orm.results.loading.org.hibernate.orm.results.loading.collection - (DelayedCollectionInitializer) Current row collection key : org.frcpm.models.Subteam(959700376753100).subsystems#4
10:24:44.090 [main] DEBUG org.hibernate.orm.results.loading.entity - (EntityResultInitializer) Created new entity instance [org.frcpm.models.Subteam(959700376753100)#4] : 1095705645
10:24:44.090 [main] DEBUG org.hibernate.orm.results - Extracted JDBC value [1] - [#FF33A8]
10:24:44.090 [main] DEBUG org.hibernate.orm.results - Extracted JDBC value [2] - [Business]
10:24:44.090 [main] DEBUG org.hibernate.orm.results - Extracted JDBC value [3] - [Fundraising, Marketing, Outreach, Awards]
10:24:44.090 [main] DEBUG org.hibernate.orm.results.loading.entity - (EntityResultInitializer) Done materializing entityInstance : org.frcpm.models.Subteam(959700376753100)#4
10:24:44.090 [main] DEBUG org.hibernate.orm.results.loading - Calling top-level assembler (0 / 1) : org.hibernate.sql.results.graph.entity.internal.EntityAssembler@61c16053
10:24:44.090 [main] DEBUG org.hibernate.orm.results - Extracted JDBC value [0] - [24]
10:24:44.090 [main] DEBUG org.hibernate.orm.results.loading.entity - (EntityResultInitializer) Hydrated EntityKey (org.frcpm.models.Subteam(959700376753100)): 24
10:24:44.090 [main] DEBUG org.hibernate.orm.results.loading.org.hibernate.orm.results.loading.collection - (DelayedCollectionInitializer) Current row collection key : org.frcpm.models.Subteam(959700376753100).members#24
10:24:44.090 [main] DEBUG org.hibernate.orm.results.loading.org.hibernate.orm.results.loading.collection - (DelayedCollectionInitializer) Current row collection key : org.frcpm.models.Subteam(959700376753100).subsystems#24
10:24:44.090 [main] DEBUG org.hibernate.orm.results.loading.entity - (EntityResultInitializer) Created new entity instance [org.frcpm.models.Subteam(959700376753100)#24] : 608845952
10:24:44.090 [main] DEBUG org.hibernate.orm.results - Extracted JDBC value [1] - [#0000FF]
10:24:44.090 [main] DEBUG org.hibernate.orm.results - Extracted JDBC value [2] - [Test Count Subteam]
10:24:44.090 [main] DEBUG org.hibernate.orm.results - Extracted JDBC value [3] - [null]
10:24:44.090 [main] DEBUG org.hibernate.orm.results.loading.entity - (EntityResultInitializer) Done materializing entityInstance : org.frcpm.models.Subteam(959700376753100)#24
10:24:44.090 [main] DEBUG org.hibernate.orm.results.loading - Calling top-level assembler (0 / 1) : org.hibernate.sql.results.graph.entity.internal.EntityAssembler@61c16053
10:24:44.090 [main] DEBUG org.hibernate.orm.results - Extracted JDBC value [0] - [27]
10:24:44.090 [main] DEBUG org.hibernate.orm.results.loading.entity - (EntityResultInitializer) Hydrated EntityKey (org.frcpm.models.Subteam(959700376753100)): 27
10:24:44.090 [main] DEBUG org.hibernate.orm.results.loading.org.hibernate.orm.results.loading.collection - (DelayedCollectionInitializer) Current row collection key : org.frcpm.models.Subteam(959700376753100).members#27
10:24:44.090 [main] DEBUG org.hibernate.orm.results.loading.org.hibernate.orm.results.loading.collection - (DelayedCollectionInitializer) Current row collection key : org.frcpm.models.Subteam(959700376753100).subsystems#27
10:24:44.090 [main] DEBUG org.hibernate.orm.results.loading.entity - (EntityResultInitializer) Created new entity instance [org.frcpm.models.Subteam(959700376753100)#27] : 50363892
10:24:44.090 [main] DEBUG org.hibernate.orm.results - Extracted JDBC value [1] - [#0000FF]
10:24:44.090 [main] DEBUG org.hibernate.orm.results - Extracted JDBC value [2] - [Test Save Subteam]
10:24:44.090 [main] DEBUG org.hibernate.orm.results - Extracted JDBC value [3] - [Testing]
10:24:44.090 [main] DEBUG org.hibernate.orm.results.loading.entity - (EntityResultInitializer) Done materializing entityInstance : org.frcpm.models.Subteam(959700376753100)#27
10:24:44.090 [main] DEBUG org.hibernate.orm.results.loading - Calling top-level assembler (0 / 1) : org.hibernate.sql.results.graph.entity.internal.EntityAssembler@61c16053
10:24:44.090 [main] DEBUG org.hibernate.orm.results - Extracted JDBC value [0] - [42]
10:24:44.090 [main] DEBUG org.hibernate.orm.results.loading.entity - (EntityResultInitializer) Hydrated EntityKey (org.frcpm.models.Subteam(959700376753100)): 42
10:24:44.090 [main] DEBUG org.hibernate.orm.results.loading.org.hibernate.orm.results.loading.collection - (DelayedCollectionInitializer) Current row collection key : org.frcpm.models.Subteam(959700376753100).members#42
10:24:44.090 [main] DEBUG org.hibernate.orm.results.loading.org.hibernate.orm.results.loading.collection - (DelayedCollectionInitializer) Current row collection key : org.frcpm.models.Subteam(959700376753100).subsystems#42
10:24:44.090 [main] DEBUG org.hibernate.orm.results.loading.entity - (EntityResultInitializer) Created new entity instance [org.frcpm.models.Subteam(959700376753100)#42] : 893433582
10:24:44.090 [main] DEBUG org.hibernate.orm.results - Extracted JDBC value [1] - [#00FFFF]
10:24:44.090 [main] DEBUG org.hibernate.orm.results - Extracted JDBC value [2] - [Updated Subteam Name]
10:24:44.090 [main] DEBUG org.hibernate.orm.results - Extracted JDBC value [3] - [null]
10:24:44.090 [main] DEBUG org.hibernate.orm.results.loading.entity - (EntityResultInitializer) Done materializing entityInstance : org.frcpm.models.Subteam(959700376753100)#42
10:24:44.090 [main] DEBUG org.hibernate.orm.results.loading - Calling top-level assembler (0 / 1) : org.hibernate.sql.results.graph.entity.internal.EntityAssembler@61c16053
10:24:44.090 [main] DEBUG org.hibernate.orm.results - Extracted JDBC value [0] - [67]
10:24:44.090 [main] DEBUG org.hibernate.orm.results.loading.entity - (EntityResultInitializer) Hydrated EntityKey (org.frcpm.models.Subteam(959700376753100)): 67
10:24:44.090 [main] DEBUG org.hibernate.orm.results.loading.org.hibernate.orm.results.loading.collection - (DelayedCollectionInitializer) Current row collection key : org.frcpm.models.Subteam(959700376753100).members#67
10:24:44.090 [main] DEBUG org.hibernate.orm.results.loading.org.hibernate.orm.results.loading.collection - (DelayedCollectionInitializer) Current row collection key : org.frcpm.models.Subteam(959700376753100).subsystems#67
10:24:44.090 [main] DEBUG org.hibernate.orm.results.loading.entity - (EntityResultInitializer) Created new entity instance [org.frcpm.models.Subteam(959700376753100)#67] : 1245688859
10:24:44.090 [main] DEBUG org.hibernate.orm.results - Extracted JDBC value [1] - [#0000FF]
10:24:44.090 [main] DEBUG org.hibernate.orm.results - Extracted JDBC value [2] - [Test Create Service Subteam]
10:24:44.090 [main] DEBUG org.hibernate.orm.results - Extracted JDBC value [3] - [Testing, Quality Assurance]
10:24:44.090 [main] DEBUG org.hibernate.orm.results.loading.entity - (EntityResultInitializer) Done materializing entityInstance : org.frcpm.models.Subteam(959700376753100)#67
10:24:44.090 [main] DEBUG org.hibernate.orm.results.loading - Calling top-level assembler (0 / 1) : org.hibernate.sql.results.graph.entity.internal.EntityAssembler@61c16053
10:24:44.090 [main] DEBUG org.hibernate.orm.results - Extracted JDBC value [0] - [70]
10:24:44.090 [main] DEBUG org.hibernate.orm.results.loading.entity - (EntityResultInitializer) Hydrated EntityKey (org.frcpm.models.Subteam(959700376753100)): 70
10:24:44.090 [main] DEBUG org.hibernate.orm.results.loading.org.hibernate.orm.results.loading.collection - (DelayedCollectionInitializer) Current row collection key : org.frcpm.models.Subteam(959700376753100).members#70
10:24:44.090 [main] DEBUG org.hibernate.orm.results.loading.org.hibernate.orm.results.loading.collection - (DelayedCollectionInitializer) Current row collection key : org.frcpm.models.Subteam(959700376753100).subsystems#70
10:24:44.090 [main] DEBUG org.hibernate.orm.results.loading.entity - (EntityResultInitializer) Created new entity instance [org.frcpm.models.Subteam(959700376753100)#70] : 1808027423
10:24:44.090 [main] DEBUG org.hibernate.orm.results - Extracted JDBC value [1] - [#00FFFF]
10:24:44.090 [main] DEBUG org.hibernate.orm.results - Extracted JDBC value [2] - [Test Color Update Subteam]
10:24:44.090 [main] DEBUG org.hibernate.orm.results - Extracted JDBC value [3] - [Specialties]
10:24:44.090 [main] DEBUG org.hibernate.orm.results.loading.entity - (EntityResultInitializer) Done materializing entityInstance : org.frcpm.models.Subteam(959700376753100)#70
10:24:44.090 [main] DEBUG org.hibernate.orm.results.loading - Calling top-level assembler (0 / 1) : org.hibernate.sql.results.graph.entity.internal.EntityAssembler@61c16053
10:24:44.090 [main] DEBUG org.hibernate.orm.results - Extracted JDBC value [0] - [79]
10:24:44.090 [main] DEBUG org.hibernate.orm.results.loading.entity - (EntityResultInitializer) Hydrated EntityKey (org.frcpm.models.Subteam(959700376753100)): 79
10:24:44.090 [main] DEBUG org.hibernate.orm.results.loading.org.hibernate.orm.results.loading.collection - (DelayedCollectionInitializer) Current row collection key : org.frcpm.models.Subteam(959700376753100).members#79
10:24:44.090 [main] DEBUG org.hibernate.orm.results.loading.org.hibernate.orm.results.loading.collection - (DelayedCollectionInitializer) Current row collection key : org.frcpm.models.Subteam(959700376753100).subsystems#79
10:24:44.090 [main] DEBUG org.hibernate.orm.results.loading.entity - (EntityResultInitializer) Created new entity instance [org.frcpm.models.Subteam(959700376753100)#79] : 993002647
10:24:44.090 [main] DEBUG org.hibernate.orm.results - Extracted JDBC value [1] - [#0000FF]
10:24:44.090 [main] DEBUG org.hibernate.orm.results - Extracted JDBC value [2] - [Test Update Subteam]
10:24:44.090 [main] DEBUG org.hibernate.orm.results - Extracted JDBC value [3] - [Updated Specialties]
10:24:44.090 [main] DEBUG org.hibernate.orm.results.loading.entity - (EntityResultInitializer) Done materializing entityInstance : org.frcpm.models.Subteam(959700376753100)#79
10:24:44.090 [main] DEBUG org.hibernate.orm.results.loading - Calling top-level assembler (0 / 1) : org.hibernate.sql.results.graph.entity.internal.EntityAssembler@61c16053
10:24:44.090 [main] DEBUG org.hibernate.orm.results - Extracted JDBC value [0] - [87]
10:24:44.090 [main] DEBUG org.hibernate.orm.results.loading.entity - (EntityResultInitializer) Hydrated EntityKey (org.frcpm.models.Subteam(959700376753100)): 87
10:24:44.090 [main] DEBUG org.hibernate.orm.results.loading.org.hibernate.orm.results.loading.collection - (DelayedCollectionInitializer) Current row collection key : org.frcpm.models.Subteam(959700376753100).members#87
10:24:44.090 [main] DEBUG org.hibernate.orm.results.loading.org.hibernate.orm.results.loading.collection - (DelayedCollectionInitializer) Current row collection key : org.frcpm.models.Subteam(959700376753100).subsystems#87
10:24:44.090 [main] DEBUG org.hibernate.orm.results.loading.entity - (EntityResultInitializer) Created new entity instance [org.frcpm.models.Subteam(959700376753100)#87] : 1704020131
10:24:44.090 [main] DEBUG org.hibernate.orm.results - Extracted JDBC value [1] - [#0000FF]
10:24:44.090 [main] DEBUG org.hibernate.orm.results - Extracted JDBC value [2] - [Duplicate Name Subteam]
10:24:44.090 [main] DEBUG org.hibernate.orm.results - Extracted JDBC value [3] - [Specialties]
10:24:44.090 [main] DEBUG org.hibernate.orm.results.loading.entity - (EntityResultInitializer) Done materializing entityInstance : org.frcpm.models.Subteam(959700376753100)#87
10:24:44.090 [main] DEBUG org.hibernate.orm.results.loading - Calling top-level assembler (0 / 1) : org.hibernate.sql.results.graph.entity.internal.EntityAssembler@61c16053
10:24:44.090 [main] DEBUG org.hibernate.orm.results - Extracted JDBC value [0] - [115]
10:24:44.090 [main] DEBUG org.hibernate.orm.results.loading.entity - (EntityResultInitializer) Hydrated EntityKey (org.frcpm.models.Subteam(959700376753100)): 115
10:24:44.090 [main] DEBUG org.hibernate.orm.results.loading.org.hibernate.orm.results.loading.collection - (DelayedCollectionInitializer) Current row collection key : org.frcpm.models.Subteam(959700376753100).members#115
10:24:44.090 [main] DEBUG org.hibernate.orm.results.loading.org.hibernate.orm.results.loading.collection - (DelayedCollectionInitializer) Current row collection key : org.frcpm.models.Subteam(959700376753100).subsystems#115
10:24:44.090 [main] DEBUG org.hibernate.orm.results.loading.entity - (EntityResultInitializer) Created new entity instance [org.frcpm.models.Subteam(959700376753100)#115] : 1725200325
10:24:44.090 [main] DEBUG org.hibernate.orm.results - Extracted JDBC value [1] - [#0000FF]
10:24:44.090 [main] DEBUG org.hibernate.orm.results - Extracted JDBC value [2] - [Test Count Subteam]
10:24:44.090 [main] DEBUG org.hibernate.orm.results - Extracted JDBC value [3] - [null]
10:24:44.090 [main] DEBUG org.hibernate.orm.results.loading.entity - (EntityResultInitializer) Done materializing entityInstance : org.frcpm.models.Subteam(959700376753100)#115
10:24:44.090 [main] DEBUG org.hibernate.orm.results.loading - Calling top-level assembler (0 / 1) : org.hibernate.sql.results.graph.entity.internal.EntityAssembler@61c16053
10:24:44.090 [main] DEBUG org.hibernate.orm.results - Extracted JDBC value [0] - [118]
10:24:44.090 [main] DEBUG org.hibernate.orm.results.loading.entity - (EntityResultInitializer) Hydrated EntityKey (org.frcpm.models.Subteam(959700376753100)): 118
10:24:44.090 [main] DEBUG org.hibernate.orm.results.loading.org.hibernate.orm.results.loading.collection - (DelayedCollectionInitializer) Current row collection key : org.frcpm.models.Subteam(959700376753100).members#118
10:24:44.090 [main] DEBUG org.hibernate.orm.results.loading.org.hibernate.orm.results.loading.collection - (DelayedCollectionInitializer) Current row collection key : org.frcpm.models.Subteam(959700376753100).subsystems#118
10:24:44.090 [main] DEBUG org.hibernate.orm.results.loading.entity - (EntityResultInitializer) Created new entity instance [org.frcpm.models.Subteam(959700376753100)#118] : 542260851
10:24:44.090 [main] DEBUG org.hibernate.orm.results - Extracted JDBC value [1] - [#0000FF]
10:24:44.090 [main] DEBUG org.hibernate.orm.results - Extracted JDBC value [2] - [Test Save Subteam]
10:24:44.090 [main] DEBUG org.hibernate.orm.results - Extracted JDBC value [3] - [Testing]
10:24:44.090 [main] DEBUG org.hibernate.orm.results.loading.entity - (EntityResultInitializer) Done materializing entityInstance : org.frcpm.models.Subteam(959700376753100)#118
10:24:44.090 [main] DEBUG org.hibernate.orm.results.loading - Calling top-level assembler (0 / 1) : org.hibernate.sql.results.graph.entity.internal.EntityAssembler@61c16053
10:24:44.090 [main] DEBUG org.hibernate.orm.results - Extracted JDBC value [0] - [119]
10:24:44.090 [main] DEBUG org.hibernate.orm.results.loading.entity - (EntityResultInitializer) Hydrated EntityKey (org.frcpm.models.Subteam(959700376753100)): 119
10:24:44.090 [main] DEBUG org.hibernate.orm.results.loading.org.hibernate.orm.results.loading.collection - (DelayedCollectionInitializer) Current row collection key : org.frcpm.models.Subteam(959700376753100).members#119
10:24:44.090 [main] DEBUG org.hibernate.orm.results.loading.org.hibernate.orm.results.loading.collection - (DelayedCollectionInitializer) Current row collection key : org.frcpm.models.Subteam(959700376753100).subsystems#119
10:24:44.090 [main] DEBUG org.hibernate.orm.results.loading.entity - (EntityResultInitializer) Created new entity instance [org.frcpm.models.Subteam(959700376753100)#119] : 865750253
10:24:44.090 [main] DEBUG org.hibernate.orm.results - Extracted JDBC value [1] - [#FF0000]
10:24:44.090 [main] DEBUG org.hibernate.orm.results - Extracted JDBC value [2] - [Test Subteam 1]
10:24:44.090 [main] DEBUG org.hibernate.orm.results - Extracted JDBC value [3] - [Java, Programming, Controls]
10:24:44.090 [main] DEBUG org.hibernate.orm.results.loading.entity - (EntityResultInitializer) Done materializing entityInstance : org.frcpm.models.Subteam(959700376753100)#119
10:24:44.090 [main] DEBUG org.hibernate.orm.results.loading - Calling top-level assembler (0 / 1) : org.hibernate.sql.results.graph.entity.internal.EntityAssembler@61c16053
10:24:44.090 [main] DEBUG org.hibernate.orm.results - Extracted JDBC value [0] - [120]
10:24:44.090 [main] DEBUG org.hibernate.orm.results.loading.entity - (EntityResultInitializer) Hydrated EntityKey (org.frcpm.models.Subteam(959700376753100)): 120
10:24:44.090 [main] DEBUG org.hibernate.orm.results.loading.org.hibernate.orm.results.loading.collection - (DelayedCollectionInitializer) Current row collection key : org.frcpm.models.Subteam(959700376753100).members#120
10:24:44.090 [main] DEBUG org.hibernate.orm.results.loading.org.hibernate.orm.results.loading.collection - (DelayedCollectionInitializer) Current row collection key : org.frcpm.models.Subteam(959700376753100).subsystems#120
10:24:44.090 [main] DEBUG org.hibernate.orm.results.loading.entity - (EntityResultInitializer) Created new entity instance [org.frcpm.models.Subteam(959700376753100)#120] : 888310802
10:24:44.090 [main] DEBUG org.hibernate.orm.results - Extracted JDBC value [1] - [#00FF00]
10:24:44.090 [main] DEBUG org.hibernate.orm.results - Extracted JDBC value [2] - [Test Subteam 2]
10:24:44.090 [main] DEBUG org.hibernate.orm.results - Extracted JDBC value [3] - [CAD, Design, Fabrication]
10:24:44.090 [main] DEBUG org.hibernate.orm.results.loading.entity - (EntityResultInitializer) Done materializing entityInstance : org.frcpm.models.Subteam(959700376753100)#120
10:24:44.090 [main] DEBUG org.hibernate.orm.results.loading - Calling top-level assembler (0 / 1) : org.hibernate.sql.results.graph.entity.internal.EntityAssembler@61c16053
10:24:44.091 [main] DEBUG org.hibernate.resource.jdbc.internal.LogicalConnectionManagedImpl - Initiating JDBC connection release from afterTransaction
10:24:44.091 [main] DEBUG org.hibernate.resource.jdbc.internal.LogicalConnectionManagedImpl - Initiating JDBC connection release from afterTransaction
10:24:44.091 [main] DEBUG org.hibernate.engine.transaction.internal.TransactionImpl - On TransactionImpl creation, JpaCompliance#isJpaTransactionComplianceEnabled == false
10:24:44.091 [main] DEBUG org.hibernate.engine.transaction.internal.TransactionImpl - begin
10:24:44.091 [main] DEBUG org.hibernate.orm.sql.ast.create - Created new SQL alias : s1_0
10:24:44.091 [main] DEBUG org.hibernate.orm.sql.ast.create - Registration of TableGroup [StandardTableGroup(org.frcpm.models.Subteam)] with identifierForTableGroup [org.frcpm.models.Subteam] for NavigablePath [org.frcpm.models.Subteam] 
10:24:44.091 [main] DEBUG org.hibernate.orm.sql.ast.create - Created new SQL alias : m1_0
10:24:44.091 [main] DEBUG org.hibernate.orm.sql.ast.create - Registration of TableGroup [org.hibernate.sql.ast.tree.from.OneToManyTableGroup@20b9d6cb] with identifierForTableGroup [org.frcpm.models.Subteam.members] for NavigablePath [org.frcpm.models.Subteam.members] 
10:24:44.091 [main] DEBUG org.hibernate.orm.sql.ast.create - Registration of TableGroup [StandardTableGroup(org.frcpm.models.Subteam.members.{element})] with identifierForTableGroup [org.frcpm.models.Subteam.members.{element}] for NavigablePath [org.frcpm.models.Subteam.members.{element}] 
10:24:44.091 [main] DEBUG org.hibernate.orm.results.graph.AST - DomainResult Graph:
 \-EntityResultImpl [org.frcpm.models.Subteam]
 |  +-BasicFetch [org.frcpm.models.Subteam.colorCode]
 |  +-EagerCollectionFetch [org.frcpm.models.Subteam.members]
 |  |  \-EntityFetchJoinedImpl [org.frcpm.models.Subteam.members.{element}]
 |  +-BasicFetch [org.frcpm.models.Subteam.name]
 |  +-BasicFetch [org.frcpm.models.Subteam.specialties]
 |  \-DelayedCollectionFetch [org.frcpm.models.Subteam.subsystems]

10:24:44.091 [main] DEBUG org.hibernate.orm.sql.ast.tree - SQL AST Tree:
    SelectStatement {
      FromClause {
        StandardTableGroup (s1 : org.frcpm.models.Subteam) {
          primaryTableReference : subteams as s1_0
          TableGroupJoins {
            left  join OneToManyTableGroup (m1 : org.frcpm.models.Subteam.members) {
              primaryTableReference : team_members as m1_0
            }
          }
        }
      }
    }

10:24:44.091 [main] DEBUG org.hibernate.orm.sql.exec - Skipping reading Query result cache data: cache-enabled = false, cache-mode = IGNORE
10:24:44.092 [main] DEBUG org.hibernate.orm.results - Initializer list:
	  org.frcpm.models.Subteam.members.{element}.assignedTasks -> DelayedCollectionInitializer(org.frcpm.models.Subteam.members.{element}.assignedTasks)@668517373 (PluralAttribute(org.frcpm.models.TeamMember.assignedTasks))
	  org.frcpm.models.Subteam.members.{element} -> EntityJoinedFetchInitializer(org.frcpm.models.Subteam.members.{element})@1469276204 (EntityCollectionPart(org.frcpm.models.Subteam.members#{element})@972225435)
	  org.frcpm.models.Subteam.members -> BagInitializer(org.frcpm.models.Subteam.members)@1665490347 (PluralAttribute(org.frcpm.models.Subteam.members))
	  org.frcpm.models.Subteam.members.{element}.attendances -> SelectEagerCollectionInitializer(org.frcpm.models.Subteam.members.{element}.attendances)@48479509 (PluralAttribute(org.frcpm.models.TeamMember.attendances))
	  org.frcpm.models.Subteam.subsystems -> DelayedCollectionInitializer(org.frcpm.models.Subteam.subsystems)@1312632677 (PluralAttribute(org.frcpm.models.Subteam.subsystems))
	  org.frcpm.models.Subteam -> EntityResultInitializer(org.frcpm.models.Subteam)@1614621466 (SingleTableEntityPersister(org.frcpm.models.Subteam))

10:24:44.092 [main] DEBUG org.hibernate.SQL - select s1_0.id,s1_0.color_code,s1_0.name,s1_0.specialties,m1_0.subteam_id,m1_0.id,m1_0.email,m1_0.first_name,m1_0.last_name,m1_0.is_leader,m1_0.phone,m1_0.skills,m1_0.username from subteams s1_0 left join team_members m1_0 on s1_0.id=m1_0.subteam_id where s1_0.id=?
10:24:44.092 [main] DEBUG org.hibernate.orm.results.loading.entity - (EntityResultInitializer) Hydrated EntityKey (org.frcpm.models.Subteam): 119
10:24:44.092 [main] DEBUG org.hibernate.orm.results.loading.org.hibernate.orm.results.loading.collection - (BagInitializer) Current row collection key : org.frcpm.models.Subteam.members#119
10:24:44.092 [main] DEBUG org.hibernate.orm.results - Extracted JDBC value [4] - [null]
10:24:44.092 [main] DEBUG org.hibernate.orm.results - Extracted JDBC value [5] - [null]
10:24:44.092 [main] DEBUG org.hibernate.orm.results.loading.entity - (EntityJoinedFetchInitializer) EntityKey (org.frcpm.models.Subteam.members.{element}) is null
10:24:44.092 [main] DEBUG org.hibernate.orm.results.loading.org.hibernate.orm.results.loading.collection - (DelayedCollectionInitializer) Current row collection key : org.frcpm.models.Subteam.subsystems#119
10:24:44.092 [main] DEBUG org.hibernate.orm.results.loading.entity - (EntityResultInitializer) Created new entity instance [org.frcpm.models.Subteam#119] : 287954483
10:24:44.092 [main] DEBUG org.hibernate.orm.results.loading.org.hibernate.orm.results.loading.collection - (BagInitializer) Created new collection wrapper [org.frcpm.models.Subteam.members#119] : org.hibernate.collection.spi.PersistentBag@415587063
10:24:44.092 [main] DEBUG org.hibernate.orm.results.loading.org.hibernate.orm.results.loading.collection - (BagInitializer) Responsible for loading collection [org.frcpm.models.Subteam.members#119] : org.hibernate.collection.spi.PersistentBag@415587063
10:24:44.092 [main] DEBUG org.hibernate.orm.results - Extracted JDBC value [1] - [#FF0000]
10:24:44.092 [main] DEBUG org.hibernate.orm.results - Extracted JDBC value [2] - [Test Subteam 1]
10:24:44.092 [main] DEBUG org.hibernate.orm.results - Extracted JDBC value [3] - [Java, Programming, Controls]
10:24:44.092 [main] DEBUG org.hibernate.orm.results.loading.entity - (EntityResultInitializer) Done materializing entityInstance : org.frcpm.models.Subteam#119
10:24:44.092 [main] DEBUG org.hibernate.orm.results.loading - Calling top-level assembler (0 / 1) : org.hibernate.sql.results.graph.entity.internal.EntityAssembler@27b74da7
10:24:44.092 [main] DEBUG org.hibernate.sql.results.internal.ResultsHelper - Collection fully initialized: [org.frcpm.models.Subteam.members#119]
10:24:44.092 [main] DEBUG org.hibernate.engine.transaction.internal.TransactionImpl - committing
10:24:44.092 [main] DEBUG org.hibernate.event.internal.AbstractFlushingEventListener - Processing flush-time cascades
10:24:44.092 [main] DEBUG org.hibernate.event.internal.AbstractFlushingEventListener - Dirty checking collections
10:24:44.092 [main] DEBUG org.hibernate.engine.internal.Collections - Collection dereferenced: [org.frcpm.models.Subteam.members#119]
10:24:44.092 [main] DEBUG org.hibernate.engine.internal.Collections - Collection dereferenced: [org.frcpm.models.Subteam.subsystems#119]
10:24:44.092 [main] DEBUG org.hibernate.event.internal.AbstractFlushingEventListener - Flushed: 0 insertions, 0 updates, 1 deletions to 1 objects
10:24:44.092 [main] DEBUG org.hibernate.event.internal.AbstractFlushingEventListener - Flushed: 0 (re)creations, 0 updates, 2 removals to 2 collections
10:24:44.092 [main] DEBUG org.hibernate.internal.util.EntityPrinter - Listing entities:
10:24:44.092 [main] DEBUG org.hibernate.internal.util.EntityPrinter - org.frcpm.models.Subteam{specialties=Java, Programming, Controls, members=[], name=Test Subteam 1, colorCode=#FF0000, id=119, subsystems=<uninitialized>}
10:24:44.092 [main] DEBUG org.hibernate.SQL - delete from subteams where id=?
10:24:44.093 [main] DEBUG org.hibernate.orm.jdbc.batch - PreparedStatementDetails did not contain PreparedStatement on #releaseStatements : delete from subteams where id=?
10:24:44.093 [main] DEBUG org.hibernate.orm.jdbc.batch - PreparedStatementDetails did not contain PreparedStatement on #releaseStatements : delete from subteams where id=?
10:24:44.093 [main] DEBUG org.hibernate.resource.jdbc.internal.LogicalConnectionManagedImpl - Initiating JDBC connection release from afterTransaction
10:24:44.093 [main] DEBUG org.hibernate.orm.jdbc.batch - PreparedStatementDetails did not contain PreparedStatement on #releaseStatements : delete from subteams where id=?
10:24:44.093 [main] DEBUG org.hibernate.orm.jdbc.batch - PreparedStatementDetails did not contain PreparedStatement on #releaseStatements : delete from subteams where id=?
10:24:44.093 [main] DEBUG org.hibernate.resource.jdbc.internal.LogicalConnectionManagedImpl - Initiating JDBC connection release from afterTransaction
10:24:44.093 [main] DEBUG org.hibernate.engine.jdbc.internal.JdbcCoordinatorImpl - HHH000420: Closing un-released batch
10:24:44.093 [main] DEBUG org.hibernate.orm.jdbc.batch - PreparedStatementDetails did not contain PreparedStatement on #releaseStatements : delete from subteams where id=?
10:24:44.093 [main] DEBUG org.hibernate.orm.jdbc.batch - PreparedStatementDetails did not contain PreparedStatement on #releaseStatements : delete from subteams where id=?
10:24:44.093 [main] DEBUG org.hibernate.engine.transaction.internal.TransactionImpl - On TransactionImpl creation, JpaCompliance#isJpaTransactionComplianceEnabled == false
10:24:44.093 [main] DEBUG org.hibernate.engine.transaction.internal.TransactionImpl - begin
10:24:44.093 [main] DEBUG org.hibernate.orm.sql.exec - Skipping reading Query result cache data: cache-enabled = false, cache-mode = IGNORE
10:24:44.093 [main] DEBUG org.hibernate.orm.results - Initializer list:
	  org.frcpm.models.Subteam.members.{element}.assignedTasks -> DelayedCollectionInitializer(org.frcpm.models.Subteam.members.{element}.assignedTasks)@1255174183 (PluralAttribute(org.frcpm.models.TeamMember.assignedTasks))
	  org.frcpm.models.Subteam.members.{element} -> EntityJoinedFetchInitializer(org.frcpm.models.Subteam.members.{element})@295196801 (EntityCollectionPart(org.frcpm.models.Subteam.members#{element})@972225435)
	  org.frcpm.models.Subteam.members -> BagInitializer(org.frcpm.models.Subteam.members)@207611232 (PluralAttribute(org.frcpm.models.Subteam.members))
	  org.frcpm.models.Subteam.members.{element}.attendances -> SelectEagerCollectionInitializer(org.frcpm.models.Subteam.members.{element}.attendances)@1881838120 (PluralAttribute(org.frcpm.models.TeamMember.attendances))
	  org.frcpm.models.Subteam.subsystems -> DelayedCollectionInitializer(org.frcpm.models.Subteam.subsystems)@968000834 (PluralAttribute(org.frcpm.models.Subteam.subsystems))
	  org.frcpm.models.Subteam -> EntityResultInitializer(org.frcpm.models.Subteam)@1790811813 (SingleTableEntityPersister(org.frcpm.models.Subteam))

10:24:44.093 [main] DEBUG org.hibernate.SQL - select s1_0.id,s1_0.color_code,s1_0.name,s1_0.specialties,m1_0.subteam_id,m1_0.id,m1_0.email,m1_0.first_name,m1_0.last_name,m1_0.is_leader,m1_0.phone,m1_0.skills,m1_0.username from subteams s1_0 left join team_members m1_0 on s1_0.id=m1_0.subteam_id where s1_0.id=?
10:24:44.093 [main] DEBUG org.hibernate.orm.results.loading.entity - (EntityResultInitializer) Hydrated EntityKey (org.frcpm.models.Subteam): 120
10:24:44.093 [main] DEBUG org.hibernate.orm.results.loading.org.hibernate.orm.results.loading.collection - (BagInitializer) Current row collection key : org.frcpm.models.Subteam.members#120
10:24:44.093 [main] DEBUG org.hibernate.orm.results - Extracted JDBC value [4] - [null]
10:24:44.093 [main] DEBUG org.hibernate.orm.results - Extracted JDBC value [5] - [null]
10:24:44.093 [main] DEBUG org.hibernate.orm.results.loading.entity - (EntityJoinedFetchInitializer) EntityKey (org.frcpm.models.Subteam.members.{element}) is null
10:24:44.093 [main] DEBUG org.hibernate.orm.results.loading.org.hibernate.orm.results.loading.collection - (DelayedCollectionInitializer) Current row collection key : org.frcpm.models.Subteam.subsystems#120
10:24:44.093 [main] DEBUG org.hibernate.orm.results.loading.entity - (EntityResultInitializer) Created new entity instance [org.frcpm.models.Subteam#120] : 277902025
10:24:44.093 [main] DEBUG org.hibernate.orm.results.loading.org.hibernate.orm.results.loading.collection - (BagInitializer) Created new collection wrapper [org.frcpm.models.Subteam.members#120] : org.hibernate.collection.spi.PersistentBag@383688392
10:24:44.093 [main] DEBUG org.hibernate.orm.results.loading.org.hibernate.orm.results.loading.collection - (BagInitializer) Responsible for loading collection [org.frcpm.models.Subteam.members#120] : org.hibernate.collection.spi.PersistentBag@383688392
10:24:44.093 [main] DEBUG org.hibernate.orm.results - Extracted JDBC value [1] - [#00FF00]
10:24:44.093 [main] DEBUG org.hibernate.orm.results - Extracted JDBC value [2] - [Test Subteam 2]
10:24:44.093 [main] DEBUG org.hibernate.orm.results - Extracted JDBC value [3] - [CAD, Design, Fabrication]
10:24:44.093 [main] DEBUG org.hibernate.orm.results.loading.entity - (EntityResultInitializer) Done materializing entityInstance : org.frcpm.models.Subteam#120
10:24:44.093 [main] DEBUG org.hibernate.orm.results.loading - Calling top-level assembler (0 / 1) : org.hibernate.sql.results.graph.entity.internal.EntityAssembler@4948cc3b
10:24:44.093 [main] DEBUG org.hibernate.sql.results.internal.ResultsHelper - Collection fully initialized: [org.frcpm.models.Subteam.members#120]
10:24:44.093 [main] DEBUG org.hibernate.engine.transaction.internal.TransactionImpl - committing
10:24:44.093 [main] DEBUG org.hibernate.event.internal.AbstractFlushingEventListener - Processing flush-time cascades
10:24:44.093 [main] DEBUG org.hibernate.event.internal.AbstractFlushingEventListener - Dirty checking collections
10:24:44.093 [main] DEBUG org.hibernate.engine.internal.Collections - Collection dereferenced: [org.frcpm.models.Subteam.members#120]
10:24:44.093 [main] DEBUG org.hibernate.engine.internal.Collections - Collection dereferenced: [org.frcpm.models.Subteam.subsystems#120]
10:24:44.093 [main] DEBUG org.hibernate.event.internal.AbstractFlushingEventListener - Flushed: 0 insertions, 0 updates, 1 deletions to 1 objects
10:24:44.093 [main] DEBUG org.hibernate.event.internal.AbstractFlushingEventListener - Flushed: 0 (re)creations, 0 updates, 2 removals to 2 collections
10:24:44.093 [main] DEBUG org.hibernate.internal.util.EntityPrinter - Listing entities:
10:24:44.093 [main] DEBUG org.hibernate.internal.util.EntityPrinter - org.frcpm.models.Subteam{specialties=CAD, Design, Fabrication, members=[], name=Test Subteam 2, colorCode=#00FF00, id=120, subsystems=<uninitialized>}
10:24:44.093 [main] DEBUG org.hibernate.SQL - delete from subteams where id=?
10:24:44.093 [main] DEBUG org.hibernate.orm.jdbc.batch - PreparedStatementDetails did not contain PreparedStatement on #releaseStatements : delete from subteams where id=?
10:24:44.093 [main] DEBUG org.hibernate.orm.jdbc.batch - PreparedStatementDetails did not contain PreparedStatement on #releaseStatements : delete from subteams where id=?
10:24:44.094 [main] DEBUG org.hibernate.resource.jdbc.internal.LogicalConnectionManagedImpl - Initiating JDBC connection release from afterTransaction
10:24:44.094 [main] DEBUG org.hibernate.orm.jdbc.batch - PreparedStatementDetails did not contain PreparedStatement on #releaseStatements : delete from subteams where id=?
10:24:44.094 [main] DEBUG org.hibernate.orm.jdbc.batch - PreparedStatementDetails did not contain PreparedStatement on #releaseStatements : delete from subteams where id=?
10:24:44.094 [main] DEBUG org.hibernate.resource.jdbc.internal.LogicalConnectionManagedImpl - Initiating JDBC connection release from afterTransaction
10:24:44.094 [main] DEBUG org.hibernate.engine.jdbc.internal.JdbcCoordinatorImpl - HHH000420: Closing un-released batch
10:24:44.094 [main] DEBUG org.hibernate.orm.jdbc.batch - PreparedStatementDetails did not contain PreparedStatement on #releaseStatements : delete from subteams where id=?
10:24:44.094 [main] DEBUG org.hibernate.orm.jdbc.batch - PreparedStatementDetails did not contain PreparedStatement on #releaseStatements : delete from subteams where id=?
10:24:44.094 [main] DEBUG org.hibernate.internal.SessionFactoryImpl - HHH000031: Closing
10:24:44.094 [main] DEBUG org.hibernate.type.spi.TypeConfiguration$Scope - Un-scoping TypeConfiguration [org.hibernate.type.spi.TypeConfiguration$Scope@381704bc] from SessionFactory [org.hibernate.internal.SessionFactoryImpl@4f81ce90]
10:24:44.094 [main] DEBUG org.hibernate.service.internal.AbstractServiceRegistryImpl - Implicitly destroying ServiceRegistry on de-registration of all child ServiceRegistries
10:24:44.094 [main] INFO com.zaxxer.hikari.HikariDataSource - FRC-PM-HikariCP - Shutdown initiated...
10:24:44.094 [main] DEBUG com.zaxxer.hikari.pool.HikariPool - FRC-PM-HikariCP - Before shutdown stats (total=1, active=0, idle=1, waiting=0)
10:24:44.094 [FRC-PM-HikariCP connection closer] DEBUG com.zaxxer.hikari.pool.PoolBase - FRC-PM-HikariCP - Closing connection conn120: url=jdbc:h2:file:C:\Users\dhiebert\.frcpm\frcpm user=SA: (connection evicted)
10:24:44.302 [main] DEBUG com.zaxxer.hikari.pool.HikariPool - FRC-PM-HikariCP - After shutdown stats (total=0, active=0, idle=0, waiting=0)
10:24:44.302 [main] INFO com.zaxxer.hikari.HikariDataSource - FRC-PM-HikariCP - Shutdown completed.
10:24:44.302 [main] DEBUG org.hibernate.boot.registry.internal.BootstrapServiceRegistryImpl - Implicitly destroying Boot-strap registry on de-registration of all child ServiceRegistries
]]></system-out>
    <system-err><![CDATA[Apr 25, 2025 10:24:43 AM org.frcpm.config.DatabaseConfig initialize
INFO: Initializing database configuration...
Apr 25, 2025 10:24:43 AM org.frcpm.config.DatabaseConfig initialize
INFO: Using FILE-BASED database at: file:C:\Users\dhiebert\.frcpm\frcpm
Apr 25, 2025 10:24:43 AM org.frcpm.config.DatabaseConfig initialize
INFO: Using JDBC URL: jdbc:h2:file:C:\Users\dhiebert\.frcpm\frcpm
Apr 25, 2025 10:24:43 AM org.frcpm.config.DatabaseConfig initialize
INFO: Using schema mode: update
Apr 25, 2025 10:24:44 AM org.frcpm.config.DatabaseConfig initialize
INFO: Database configuration initialized successfully in PRODUCTION mode
Apr 25, 2025 10:24:44 AM org.frcpm.config.DatabaseConfig shutdown
INFO: Database configuration shut down
]]></system-err>
  </testcase>
  <testcase name="testFindBySpecialty" classname="org.frcpm.repositories.SubteamRepositoryTest" time="0.448">
    <system-out><![CDATA[10:24:44.311 [main] DEBUG org.hibernate.jpa.HibernatePersistenceProvider - Located and parsed 1 persistence units; checking each
10:24:44.311 [main] DEBUG org.hibernate.jpa.HibernatePersistenceProvider - Checking persistence-unit [name=frcpm, explicit-provider=org.hibernate.jpa.HibernatePersistenceProvider] against incoming persistence unit name [frcpm]
10:24:44.311 [main] DEBUG org.hibernate.jpa.boot.spi.ProviderChecker - Persistence-unit [frcpm] requested PersistenceProvider [org.hibernate.jpa.HibernatePersistenceProvider]
10:24:44.311 [main] DEBUG org.hibernate.jpa.internal.util.LogHelper - PersistenceUnitInfo [
	name: frcpm
	persistence provider classname: org.hibernate.jpa.HibernatePersistenceProvider
	classloader: null
	excludeUnlistedClasses: false
	JTA datasource: null
	Non JTA datasource: null
	Transaction type: RESOURCE_LOCAL
	PU root URL: file:/C:/Users/dhiebert/Local%20Repositories/Project%20Management%202.0/target/classes
	Shared Cache Mode: null
	Validation Mode: null
	Jar files URLs []
	Managed classes names [
		org.frcpm.models.Project
		org.frcpm.models.Subteam
		org.frcpm.models.TeamMember
		org.frcpm.models.Subsystem
		org.frcpm.models.Task
		org.frcpm.models.Component
		org.frcpm.models.Meeting
		org.frcpm.models.Attendance
		org.frcpm.models.Milestone]
	Mapping files names []
	Properties [
		hibernate.connection.handling_mode: DELAYED_ACQUISITION_AND_RELEASE_AFTER_STATEMENT
		jakarta.persistence.jdbc.url: jdbc:h2:file:C:\Users\dhiebert\.frcpm\frcpm
		hibernate.jdbc.batch_versioned_data: null
		hibernate.cache.use_second_level_cache: null
		hibernate.show_sql: null
		jakarta.persistence.jdbc.driver: org.h2.Driver
		hibernate.jdbc.batch_size: 30
		jakarta.persistence.jdbc.user: sa
		hibernate.generate_statistics: null
		hibernate.hbm2ddl.auto: update
		hibernate.cache.use_query_cache: null
		hibernate.hikari.maximumPoolSize: 10
		hibernate.hikari.idleTimeout: 30000
		hibernate.format_sql: null
		hibernate.hikari.minimumIdle: 2
		hibernate.use_sql_comments: null
		hibernate.order_inserts: null
		hibernate.current_session_context_class: thread
		hibernate.connection.provider_class: org.hibernate.hikaricp.internal.HikariCPConnectionProvider
		hibernate.hikari.connectionTimeout: 10000
		hibernate.hikari.poolName: FRC-PM-HikariCP
		hibernate.order_updates: null
		hibernate.dialect: org.hibernate.dialect.H2Dialect
		jakarta.persistence.jdbc.password: ]
10:24:44.311 [main] DEBUG org.hibernate.integrator.internal.IntegratorServiceImpl - Adding Integrator [org.hibernate.boot.beanvalidation.BeanValidationIntegrator].
10:24:44.311 [main] DEBUG org.hibernate.integrator.internal.IntegratorServiceImpl - Adding Integrator [org.hibernate.cache.internal.CollectionCacheInvalidator].
10:24:44.315 [main] DEBUG org.hibernate.orm.idgen.factory - Ignoring CDI for resolving IdentifierGenerator instances as extended or delayed CDI support was enabled
10:24:44.315 [main] DEBUG org.hibernate.orm.idgen.factory - Registering IdentifierGenerator strategy [uuid2] -> [org.hibernate.id.UUIDGenerator]
10:24:44.315 [main] DEBUG org.hibernate.orm.idgen.factory - Registering IdentifierGenerator strategy [guid] -> [org.hibernate.id.GUIDGenerator]
10:24:44.315 [main] DEBUG org.hibernate.orm.idgen.factory - Registering IdentifierGenerator strategy [uuid] -> [org.hibernate.id.UUIDHexGenerator]
10:24:44.315 [main] DEBUG org.hibernate.orm.idgen.factory - Registering IdentifierGenerator strategy [uuid.hex] -> [org.hibernate.id.UUIDHexGenerator]
10:24:44.315 [main] DEBUG org.hibernate.orm.idgen.factory - Registering IdentifierGenerator strategy [assigned] -> [org.hibernate.id.Assigned]
10:24:44.315 [main] DEBUG org.hibernate.orm.idgen.factory - Registering IdentifierGenerator strategy [identity] -> [org.hibernate.id.IdentityGenerator]
10:24:44.315 [main] DEBUG org.hibernate.orm.idgen.factory - Registering IdentifierGenerator strategy [select] -> [org.hibernate.id.SelectGenerator]
10:24:44.315 [main] DEBUG org.hibernate.orm.idgen.factory - Registering IdentifierGenerator strategy [sequence] -> [org.hibernate.id.enhanced.SequenceStyleGenerator]
10:24:44.315 [main] DEBUG org.hibernate.orm.idgen.factory - Registering IdentifierGenerator strategy [increment] -> [org.hibernate.id.IncrementGenerator]
10:24:44.315 [main] DEBUG org.hibernate.orm.idgen.factory - Registering IdentifierGenerator strategy [foreign] -> [org.hibernate.id.ForeignGenerator]
10:24:44.315 [main] DEBUG org.hibernate.orm.idgen.factory - Registering IdentifierGenerator strategy [enhanced-sequence] -> [org.hibernate.id.enhanced.SequenceStyleGenerator]
10:24:44.315 [main] DEBUG org.hibernate.orm.idgen.factory - Registering IdentifierGenerator strategy [enhanced-table] -> [org.hibernate.id.enhanced.TableGenerator]
10:24:44.315 [main] INFO org.hibernate.cache.internal.RegionFactoryInitiator - HHH000026: Second-level cache disabled
10:24:44.315 [main] DEBUG org.hibernate.type.BasicTypeRegistry - Adding type registration boolean -> org.hibernate.type.BasicTypeReference@2f4919b0
10:24:44.315 [main] DEBUG org.hibernate.type.BasicTypeRegistry - Adding type registration boolean -> org.hibernate.type.BasicTypeReference@2f4919b0
10:24:44.315 [main] DEBUG org.hibernate.type.BasicTypeRegistry - Adding type registration java.lang.Boolean -> org.hibernate.type.BasicTypeReference@2f4919b0
10:24:44.315 [main] DEBUG org.hibernate.type.BasicTypeRegistry - Adding type registration numeric_boolean -> org.hibernate.type.BasicTypeReference@a8a8b75
10:24:44.315 [main] DEBUG org.hibernate.type.BasicTypeRegistry - Adding type registration org.hibernate.type.NumericBooleanConverter -> org.hibernate.type.BasicTypeReference@a8a8b75
10:24:44.315 [main] DEBUG org.hibernate.type.BasicTypeRegistry - Adding type registration true_false -> org.hibernate.type.BasicTypeReference@75b21c3b
10:24:44.315 [main] DEBUG org.hibernate.type.BasicTypeRegistry - Adding type registration org.hibernate.type.TrueFalseConverter -> org.hibernate.type.BasicTypeReference@75b21c3b
10:24:44.315 [main] DEBUG org.hibernate.type.BasicTypeRegistry - Adding type registration yes_no -> org.hibernate.type.BasicTypeReference@72be135f
10:24:44.315 [main] DEBUG org.hibernate.type.BasicTypeRegistry - Adding type registration org.hibernate.type.YesNoConverter -> org.hibernate.type.BasicTypeReference@72be135f
10:24:44.315 [main] DEBUG org.hibernate.type.BasicTypeRegistry - Adding type registration byte -> org.hibernate.type.BasicTypeReference@155d1021
10:24:44.315 [main] DEBUG org.hibernate.type.BasicTypeRegistry - Adding type registration byte -> org.hibernate.type.BasicTypeReference@155d1021
10:24:44.315 [main] DEBUG org.hibernate.type.BasicTypeRegistry - Adding type registration java.lang.Byte -> org.hibernate.type.BasicTypeReference@155d1021
10:24:44.315 [main] DEBUG org.hibernate.type.BasicTypeRegistry - Adding type registration binary -> org.hibernate.type.BasicTypeReference@4bd2f0dc
10:24:44.315 [main] DEBUG org.hibernate.type.BasicTypeRegistry - Adding type registration byte[] -> org.hibernate.type.BasicTypeReference@4bd2f0dc
10:24:44.315 [main] DEBUG org.hibernate.type.BasicTypeRegistry - Adding type registration [B -> org.hibernate.type.BasicTypeReference@4bd2f0dc
10:24:44.315 [main] DEBUG org.hibernate.type.BasicTypeRegistry - Adding type registration binary_wrapper -> org.hibernate.type.BasicTypeReference@2e647e59
10:24:44.315 [main] DEBUG org.hibernate.type.BasicTypeRegistry - Adding type registration wrapper-binary -> org.hibernate.type.BasicTypeReference@2e647e59
10:24:44.315 [main] DEBUG org.hibernate.type.BasicTypeRegistry - Adding type registration image -> org.hibernate.type.BasicTypeReference@2c42b421
10:24:44.315 [main] DEBUG org.hibernate.type.BasicTypeRegistry - Adding type registration blob -> org.hibernate.type.BasicTypeReference@51e37590
10:24:44.315 [main] DEBUG org.hibernate.type.BasicTypeRegistry - Adding type registration java.sql.Blob -> org.hibernate.type.BasicTypeReference@51e37590
10:24:44.315 [main] DEBUG org.hibernate.type.BasicTypeRegistry - Adding type registration materialized_blob -> org.hibernate.type.BasicTypeReference@deb3b60
10:24:44.315 [main] DEBUG org.hibernate.type.BasicTypeRegistry - Adding type registration materialized_blob_wrapper -> org.hibernate.type.BasicTypeReference@701a32
10:24:44.315 [main] DEBUG org.hibernate.type.BasicTypeRegistry - Adding type registration short -> org.hibernate.type.BasicTypeReference@39aa45a1
10:24:44.315 [main] DEBUG org.hibernate.type.BasicTypeRegistry - Adding type registration short -> org.hibernate.type.BasicTypeReference@39aa45a1
10:24:44.315 [main] DEBUG org.hibernate.type.BasicTypeRegistry - Adding type registration java.lang.Short -> org.hibernate.type.BasicTypeReference@39aa45a1
10:24:44.315 [main] DEBUG org.hibernate.type.BasicTypeRegistry - Adding type registration integer -> org.hibernate.type.BasicTypeReference@73aff8f1
10:24:44.315 [main] DEBUG org.hibernate.type.BasicTypeRegistry - Adding type registration int -> org.hibernate.type.BasicTypeReference@73aff8f1
10:24:44.315 [main] DEBUG org.hibernate.type.BasicTypeRegistry - Adding type registration java.lang.Integer -> org.hibernate.type.BasicTypeReference@73aff8f1
10:24:44.315 [main] DEBUG org.hibernate.type.BasicTypeRegistry - Adding type registration long -> org.hibernate.type.BasicTypeReference@27cbfddf
10:24:44.315 [main] DEBUG org.hibernate.type.BasicTypeRegistry - Adding type registration long -> org.hibernate.type.BasicTypeReference@27cbfddf
10:24:44.315 [main] DEBUG org.hibernate.type.BasicTypeRegistry - Adding type registration java.lang.Long -> org.hibernate.type.BasicTypeReference@27cbfddf
10:24:44.315 [main] DEBUG org.hibernate.type.BasicTypeRegistry - Adding type registration float -> org.hibernate.type.BasicTypeReference@27ead29e
10:24:44.315 [main] DEBUG org.hibernate.type.BasicTypeRegistry - Adding type registration float -> org.hibernate.type.BasicTypeReference@27ead29e
10:24:44.315 [main] DEBUG org.hibernate.type.BasicTypeRegistry - Adding type registration java.lang.Float -> org.hibernate.type.BasicTypeReference@27ead29e
10:24:44.316 [main] DEBUG org.hibernate.type.BasicTypeRegistry - Adding type registration double -> org.hibernate.type.BasicTypeReference@4c060c8f
10:24:44.316 [main] DEBUG org.hibernate.type.BasicTypeRegistry - Adding type registration double -> org.hibernate.type.BasicTypeReference@4c060c8f
10:24:44.316 [main] DEBUG org.hibernate.type.BasicTypeRegistry - Adding type registration java.lang.Double -> org.hibernate.type.BasicTypeReference@4c060c8f
10:24:44.316 [main] DEBUG org.hibernate.type.BasicTypeRegistry - Adding type registration big_integer -> org.hibernate.type.BasicTypeReference@40620d8e
10:24:44.316 [main] DEBUG org.hibernate.type.BasicTypeRegistry - Adding type registration java.math.BigInteger -> org.hibernate.type.BasicTypeReference@40620d8e
10:24:44.316 [main] DEBUG org.hibernate.type.BasicTypeRegistry - Adding type registration big_decimal -> org.hibernate.type.BasicTypeReference@383f3558
10:24:44.316 [main] DEBUG org.hibernate.type.BasicTypeRegistry - Adding type registration java.math.BigDecimal -> org.hibernate.type.BasicTypeReference@383f3558
10:24:44.316 [main] DEBUG org.hibernate.type.BasicTypeRegistry - Adding type registration character -> org.hibernate.type.BasicTypeReference@49b07ee3
10:24:44.316 [main] DEBUG org.hibernate.type.BasicTypeRegistry - Adding type registration char -> org.hibernate.type.BasicTypeReference@49b07ee3
10:24:44.316 [main] DEBUG org.hibernate.type.BasicTypeRegistry - Adding type registration java.lang.Character -> org.hibernate.type.BasicTypeReference@49b07ee3
10:24:44.316 [main] DEBUG org.hibernate.type.BasicTypeRegistry - Adding type registration character_nchar -> org.hibernate.type.BasicTypeReference@352e612e
10:24:44.316 [main] DEBUG org.hibernate.type.BasicTypeRegistry - Adding type registration string -> org.hibernate.type.BasicTypeReference@65f00478
10:24:44.316 [main] DEBUG org.hibernate.type.BasicTypeRegistry - Adding type registration java.lang.String -> org.hibernate.type.BasicTypeReference@65f00478
10:24:44.316 [main] DEBUG org.hibernate.type.BasicTypeRegistry - Adding type registration nstring -> org.hibernate.type.BasicTypeReference@2424686b
10:24:44.316 [main] DEBUG org.hibernate.type.BasicTypeRegistry - Adding type registration characters -> org.hibernate.type.BasicTypeReference@6ea94d6a
10:24:44.316 [main] DEBUG org.hibernate.type.BasicTypeRegistry - Adding type registration char[] -> org.hibernate.type.BasicTypeReference@6ea94d6a
10:24:44.316 [main] DEBUG org.hibernate.type.BasicTypeRegistry - Adding type registration [C -> org.hibernate.type.BasicTypeReference@6ea94d6a
10:24:44.316 [main] DEBUG org.hibernate.type.BasicTypeRegistry - Adding type registration wrapper-characters -> org.hibernate.type.BasicTypeReference@28486680
10:24:44.316 [main] DEBUG org.hibernate.type.BasicTypeRegistry - Adding type registration text -> org.hibernate.type.BasicTypeReference@4d7e7435
10:24:44.316 [main] DEBUG org.hibernate.type.BasicTypeRegistry - Adding type registration ntext -> org.hibernate.type.BasicTypeReference@4a1e3ac1
10:24:44.316 [main] DEBUG org.hibernate.type.BasicTypeRegistry - Adding type registration clob -> org.hibernate.type.BasicTypeReference@6e78fcf5
10:24:44.316 [main] DEBUG org.hibernate.type.BasicTypeRegistry - Adding type registration java.sql.Clob -> org.hibernate.type.BasicTypeReference@6e78fcf5
10:24:44.316 [main] DEBUG org.hibernate.type.BasicTypeRegistry - Adding type registration nclob -> org.hibernate.type.BasicTypeReference@56febdc
10:24:44.316 [main] DEBUG org.hibernate.type.BasicTypeRegistry - Adding type registration java.sql.NClob -> org.hibernate.type.BasicTypeReference@56febdc
10:24:44.316 [main] DEBUG org.hibernate.type.BasicTypeRegistry - Adding type registration materialized_clob -> org.hibernate.type.BasicTypeReference@3b8ee898
10:24:44.316 [main] DEBUG org.hibernate.type.BasicTypeRegistry - Adding type registration materialized_clob_char_array -> org.hibernate.type.BasicTypeReference@7d151a
10:24:44.316 [main] DEBUG org.hibernate.type.BasicTypeRegistry - Adding type registration materialized_clob_character_array -> org.hibernate.type.BasicTypeReference@294bdeb4
10:24:44.316 [main] DEBUG org.hibernate.type.BasicTypeRegistry - Adding type registration materialized_nclob -> org.hibernate.type.BasicTypeReference@5300f14a
10:24:44.316 [main] DEBUG org.hibernate.type.BasicTypeRegistry - Adding type registration materialized_nclob_character_array -> org.hibernate.type.BasicTypeReference@1f86099a
10:24:44.316 [main] DEBUG org.hibernate.type.BasicTypeRegistry - Adding type registration materialized_nclob_char_array -> org.hibernate.type.BasicTypeReference@77bb0ab5
10:24:44.316 [main] DEBUG org.hibernate.type.BasicTypeRegistry - Adding type registration Duration -> org.hibernate.type.BasicTypeReference@f2c488
10:24:44.316 [main] DEBUG org.hibernate.type.BasicTypeRegistry - Adding type registration java.time.Duration -> org.hibernate.type.BasicTypeReference@f2c488
10:24:44.316 [main] DEBUG org.hibernate.type.BasicTypeRegistry - Adding type registration LocalDateTime -> org.hibernate.type.BasicTypeReference@54acff7d
10:24:44.316 [main] DEBUG org.hibernate.type.BasicTypeRegistry - Adding type registration java.time.LocalDateTime -> org.hibernate.type.BasicTypeReference@54acff7d
10:24:44.316 [main] DEBUG org.hibernate.type.BasicTypeRegistry - Adding type registration LocalDate -> org.hibernate.type.BasicTypeReference@7bc9e6ab
10:24:44.316 [main] DEBUG org.hibernate.type.BasicTypeRegistry - Adding type registration java.time.LocalDate -> org.hibernate.type.BasicTypeReference@7bc9e6ab
10:24:44.316 [main] DEBUG org.hibernate.type.BasicTypeRegistry - Adding type registration LocalTime -> org.hibernate.type.BasicTypeReference@5488b5c5
10:24:44.316 [main] DEBUG org.hibernate.type.BasicTypeRegistry - Adding type registration java.time.LocalTime -> org.hibernate.type.BasicTypeReference@5488b5c5
10:24:44.316 [main] DEBUG org.hibernate.type.BasicTypeRegistry - Adding type registration OffsetDateTime -> org.hibernate.type.BasicTypeReference@4248ed58
10:24:44.316 [main] DEBUG org.hibernate.type.BasicTypeRegistry - Adding type registration java.time.OffsetDateTime -> org.hibernate.type.BasicTypeReference@4248ed58
10:24:44.316 [main] DEBUG org.hibernate.type.BasicTypeRegistry - Adding type registration OffsetDateTimeWithTimezone -> org.hibernate.type.BasicTypeReference@712ca57b
10:24:44.316 [main] DEBUG org.hibernate.type.BasicTypeRegistry - Adding type registration OffsetDateTimeWithoutTimezone -> org.hibernate.type.BasicTypeReference@4564e94b
10:24:44.316 [main] DEBUG org.hibernate.type.BasicTypeRegistry - Adding type registration OffsetTime -> org.hibernate.type.BasicTypeReference@54534abf
10:24:44.316 [main] DEBUG org.hibernate.type.BasicTypeRegistry - Adding type registration java.time.OffsetTime -> org.hibernate.type.BasicTypeReference@54534abf
10:24:44.316 [main] DEBUG org.hibernate.type.BasicTypeRegistry - Adding type registration OffsetTimeUtc -> org.hibernate.type.BasicTypeReference@51745f40
10:24:44.316 [main] DEBUG org.hibernate.type.BasicTypeRegistry - Adding type registration OffsetTimeWithTimezone -> org.hibernate.type.BasicTypeReference@45673f68
10:24:44.316 [main] DEBUG org.hibernate.type.BasicTypeRegistry - Adding type registration OffsetTimeWithoutTimezone -> org.hibernate.type.BasicTypeReference@27abb83e
10:24:44.316 [main] DEBUG org.hibernate.type.BasicTypeRegistry - Adding type registration ZonedDateTime -> org.hibernate.type.BasicTypeReference@69e308c6
10:24:44.316 [main] DEBUG org.hibernate.type.BasicTypeRegistry - Adding type registration java.time.ZonedDateTime -> org.hibernate.type.BasicTypeReference@69e308c6
10:24:44.316 [main] DEBUG org.hibernate.type.BasicTypeRegistry - Adding type registration ZonedDateTimeWithTimezone -> org.hibernate.type.BasicTypeReference@1a1ed4e5
10:24:44.316 [main] DEBUG org.hibernate.type.BasicTypeRegistry - Adding type registration ZonedDateTimeWithoutTimezone -> org.hibernate.type.BasicTypeReference@667e34b1
10:24:44.316 [main] DEBUG org.hibernate.type.BasicTypeRegistry - Adding type registration date -> org.hibernate.type.BasicTypeReference@1c6e0a08
10:24:44.316 [main] DEBUG org.hibernate.type.BasicTypeRegistry - Adding type registration java.sql.Date -> org.hibernate.type.BasicTypeReference@1c6e0a08
10:24:44.316 [main] DEBUG org.hibernate.type.BasicTypeRegistry - Adding type registration time -> org.hibernate.type.BasicTypeReference@6dba847b
10:24:44.316 [main] DEBUG org.hibernate.type.BasicTypeRegistry - Adding type registration java.sql.Time -> org.hibernate.type.BasicTypeReference@6dba847b
10:24:44.316 [main] DEBUG org.hibernate.type.BasicTypeRegistry - Adding type registration timestamp -> org.hibernate.type.BasicTypeReference@1efdcd5
10:24:44.316 [main] DEBUG org.hibernate.type.BasicTypeRegistry - Adding type registration java.sql.Timestamp -> org.hibernate.type.BasicTypeReference@1efdcd5
10:24:44.316 [main] DEBUG org.hibernate.type.BasicTypeRegistry - Adding type registration java.util.Date -> org.hibernate.type.BasicTypeReference@1efdcd5
10:24:44.316 [main] DEBUG org.hibernate.type.BasicTypeRegistry - Adding type registration calendar -> org.hibernate.type.BasicTypeReference@1623bbe5
10:24:44.316 [main] DEBUG org.hibernate.type.BasicTypeRegistry - Adding type registration java.util.Calendar -> org.hibernate.type.BasicTypeReference@1623bbe5
10:24:44.316 [main] DEBUG org.hibernate.type.BasicTypeRegistry - Adding type registration java.util.GregorianCalendar -> org.hibernate.type.BasicTypeReference@1623bbe5
10:24:44.316 [main] DEBUG org.hibernate.type.BasicTypeRegistry - Adding type registration calendar_date -> org.hibernate.type.BasicTypeReference@7af1cd63
10:24:44.316 [main] DEBUG org.hibernate.type.BasicTypeRegistry - Adding type registration calendar_time -> org.hibernate.type.BasicTypeReference@4351171a
10:24:44.316 [main] DEBUG org.hibernate.type.BasicTypeRegistry - Adding type registration instant -> org.hibernate.type.BasicTypeReference@3c2772d1
10:24:44.316 [main] DEBUG org.hibernate.type.BasicTypeRegistry - Adding type registration java.time.Instant -> org.hibernate.type.BasicTypeReference@3c2772d1
10:24:44.316 [main] DEBUG org.hibernate.type.BasicTypeRegistry - Adding type registration uuid -> org.hibernate.type.BasicTypeReference@37d00a23
10:24:44.316 [main] DEBUG org.hibernate.type.BasicTypeRegistry - Adding type registration java.util.UUID -> org.hibernate.type.BasicTypeReference@37d00a23
10:24:44.316 [main] DEBUG org.hibernate.type.BasicTypeRegistry - Adding type registration pg-uuid -> org.hibernate.type.BasicTypeReference@37d00a23
10:24:44.316 [main] DEBUG org.hibernate.type.BasicTypeRegistry - Adding type registration uuid-binary -> org.hibernate.type.BasicTypeReference@433e536f
10:24:44.316 [main] DEBUG org.hibernate.type.BasicTypeRegistry - Adding type registration uuid-char -> org.hibernate.type.BasicTypeReference@89c65d5
10:24:44.316 [main] DEBUG org.hibernate.type.BasicTypeRegistry - Adding type registration class -> org.hibernate.type.BasicTypeReference@faa3fed
10:24:44.316 [main] DEBUG org.hibernate.type.BasicTypeRegistry - Adding type registration java.lang.Class -> org.hibernate.type.BasicTypeReference@faa3fed
10:24:44.316 [main] DEBUG org.hibernate.type.BasicTypeRegistry - Adding type registration currency -> org.hibernate.type.BasicTypeReference@988246e
10:24:44.316 [main] DEBUG org.hibernate.type.BasicTypeRegistry - Adding type registration Currency -> org.hibernate.type.BasicTypeReference@988246e
10:24:44.316 [main] DEBUG org.hibernate.type.BasicTypeRegistry - Adding type registration java.util.Currency -> org.hibernate.type.BasicTypeReference@988246e
10:24:44.316 [main] DEBUG org.hibernate.type.BasicTypeRegistry - Adding type registration locale -> org.hibernate.type.BasicTypeReference@62515a47
10:24:44.316 [main] DEBUG org.hibernate.type.BasicTypeRegistry - Adding type registration java.util.Locale -> org.hibernate.type.BasicTypeReference@62515a47
10:24:44.316 [main] DEBUG org.hibernate.type.BasicTypeRegistry - Adding type registration serializable -> org.hibernate.type.BasicTypeReference@3c5a54b7
10:24:44.316 [main] DEBUG org.hibernate.type.BasicTypeRegistry - Adding type registration java.io.Serializable -> org.hibernate.type.BasicTypeReference@3c5a54b7
10:24:44.316 [main] DEBUG org.hibernate.type.BasicTypeRegistry - Adding type registration timezone -> org.hibernate.type.BasicTypeReference@61f2c3f0
10:24:44.316 [main] DEBUG org.hibernate.type.BasicTypeRegistry - Adding type registration java.util.TimeZone -> org.hibernate.type.BasicTypeReference@61f2c3f0
10:24:44.316 [main] DEBUG org.hibernate.type.BasicTypeRegistry - Adding type registration ZoneOffset -> org.hibernate.type.BasicTypeReference@291120f4
10:24:44.316 [main] DEBUG org.hibernate.type.BasicTypeRegistry - Adding type registration java.time.ZoneOffset -> org.hibernate.type.BasicTypeReference@291120f4
10:24:44.316 [main] DEBUG org.hibernate.type.BasicTypeRegistry - Adding type registration url -> org.hibernate.type.BasicTypeReference@417ad4f3
10:24:44.316 [main] DEBUG org.hibernate.type.BasicTypeRegistry - Adding type registration java.net.URL -> org.hibernate.type.BasicTypeReference@417ad4f3
10:24:44.316 [main] DEBUG org.hibernate.type.BasicTypeRegistry - Adding type registration vector -> org.hibernate.type.BasicTypeReference@2f6bcf87
10:24:44.316 [main] DEBUG org.hibernate.type.BasicTypeRegistry - Adding type registration row_version -> org.hibernate.type.BasicTypeReference@58f174d9
10:24:44.316 [main] DEBUG org.hibernate.type.BasicTypeRegistry - Adding type registration object -> org.hibernate.type.JavaObjectType@34237b90
10:24:44.316 [main] DEBUG org.hibernate.type.BasicTypeRegistry - Adding type registration java.lang.Object -> org.hibernate.type.JavaObjectType@34237b90
10:24:44.316 [main] DEBUG org.hibernate.type.BasicTypeRegistry - Adding type registration null -> org.hibernate.type.NullType@267bbe1a
10:24:44.316 [main] DEBUG org.hibernate.type.BasicTypeRegistry - Adding type registration imm_date -> org.hibernate.type.BasicTypeReference@474eaf3
10:24:44.316 [main] DEBUG org.hibernate.type.BasicTypeRegistry - Adding type registration imm_time -> org.hibernate.type.BasicTypeReference@5904bdd0
10:24:44.316 [main] DEBUG org.hibernate.type.BasicTypeRegistry - Adding type registration imm_timestamp -> org.hibernate.type.BasicTypeReference@3bbe3880
10:24:44.316 [main] DEBUG org.hibernate.type.BasicTypeRegistry - Adding type registration imm_calendar -> org.hibernate.type.BasicTypeReference@55f64fa6
10:24:44.316 [main] DEBUG org.hibernate.type.BasicTypeRegistry - Adding type registration imm_calendar_date -> org.hibernate.type.BasicTypeReference@76f61499
10:24:44.316 [main] DEBUG org.hibernate.type.BasicTypeRegistry - Adding type registration imm_calendar_time -> org.hibernate.type.BasicTypeReference@a60cdaa
10:24:44.316 [main] DEBUG org.hibernate.type.BasicTypeRegistry - Adding type registration imm_binary -> org.hibernate.type.BasicTypeReference@40d08e5e
10:24:44.316 [main] DEBUG org.hibernate.type.BasicTypeRegistry - Adding type registration imm_serializable -> org.hibernate.type.BasicTypeReference@27bc629d
10:24:44.316 [main] DEBUG org.hibernate.boot.internal.BootstrapContextImpl - Injecting ScanEnvironment [org.hibernate.jpa.boot.internal.StandardJpaScanEnvironmentImpl@6128e82f] into BootstrapContext; was [null]
10:24:44.316 [main] DEBUG org.hibernate.boot.internal.BootstrapContextImpl - Injecting ScanOptions [org.hibernate.boot.archive.scan.internal.StandardScanOptions@6d29643d] into BootstrapContext; was [org.hibernate.boot.archive.scan.internal.StandardScanOptions@29cfa5b8]
10:24:44.352 [main] DEBUG org.hibernate.boot.internal.BootstrapContextImpl - Injecting JPA temp ClassLoader [null] into BootstrapContext; was [null]
10:24:44.352 [main] DEBUG org.hibernate.boot.internal.ClassLoaderAccessImpl - ClassLoaderAccessImpl#injectTempClassLoader(null) [was null]
10:24:44.352 [main] INFO org.hibernate.engine.jdbc.connections.internal.ConnectionProviderInitiator - HHH000130: Instantiating explicit connection provider: org.hibernate.hikaricp.internal.HikariCPConnectionProvider
10:24:44.353 [main] DEBUG org.hibernate.hikaricp.internal.HikariCPConnectionProvider - Configuring HikariCP
10:24:44.353 [main] DEBUG com.zaxxer.hikari.HikariConfig - Driver class org.h2.Driver found in Thread context class loader jdk.internal.loader.ClassLoaders$AppClassLoader@70dea4e
10:24:44.353 [main] DEBUG com.zaxxer.hikari.HikariConfig - FRC-PM-HikariCP - configuration:
10:24:44.353 [main] DEBUG com.zaxxer.hikari.HikariConfig - allowPoolSuspension.............false
10:24:44.353 [main] DEBUG com.zaxxer.hikari.HikariConfig - autoCommit......................true
10:24:44.353 [main] DEBUG com.zaxxer.hikari.HikariConfig - catalog.........................none
10:24:44.353 [main] DEBUG com.zaxxer.hikari.HikariConfig - connectionInitSql...............none
10:24:44.353 [main] DEBUG com.zaxxer.hikari.HikariConfig - connectionTestQuery.............none
10:24:44.353 [main] DEBUG com.zaxxer.hikari.HikariConfig - connectionTimeout...............10000
10:24:44.353 [main] DEBUG com.zaxxer.hikari.HikariConfig - dataSource......................none
10:24:44.353 [main] DEBUG com.zaxxer.hikari.HikariConfig - dataSourceClassName.............none
10:24:44.353 [main] DEBUG com.zaxxer.hikari.HikariConfig - dataSourceJNDI..................none
10:24:44.353 [main] DEBUG com.zaxxer.hikari.HikariConfig - dataSourceProperties............{password=<masked>}
10:24:44.353 [main] DEBUG com.zaxxer.hikari.HikariConfig - driverClassName................."org.h2.Driver"
10:24:44.353 [main] DEBUG com.zaxxer.hikari.HikariConfig - exceptionOverrideClassName......none
10:24:44.353 [main] DEBUG com.zaxxer.hikari.HikariConfig - healthCheckProperties...........{}
10:24:44.353 [main] DEBUG com.zaxxer.hikari.HikariConfig - healthCheckRegistry.............none
10:24:44.353 [main] DEBUG com.zaxxer.hikari.HikariConfig - idleTimeout.....................30000
10:24:44.353 [main] DEBUG com.zaxxer.hikari.HikariConfig - initializationFailTimeout.......1
10:24:44.353 [main] DEBUG com.zaxxer.hikari.HikariConfig - isolateInternalQueries..........false
10:24:44.353 [main] DEBUG com.zaxxer.hikari.HikariConfig - jdbcUrl.........................jdbc:h2:file:C:\Users\dhiebert\.frcpm\frcpm
10:24:44.353 [main] DEBUG com.zaxxer.hikari.HikariConfig - keepaliveTime...................0
10:24:44.353 [main] DEBUG com.zaxxer.hikari.HikariConfig - leakDetectionThreshold..........0
10:24:44.353 [main] DEBUG com.zaxxer.hikari.HikariConfig - maxLifetime.....................1800000
10:24:44.353 [main] DEBUG com.zaxxer.hikari.HikariConfig - maximumPoolSize.................10
10:24:44.353 [main] DEBUG com.zaxxer.hikari.HikariConfig - metricRegistry..................none
10:24:44.353 [main] DEBUG com.zaxxer.hikari.HikariConfig - metricsTrackerFactory...........none
10:24:44.353 [main] DEBUG com.zaxxer.hikari.HikariConfig - minimumIdle.....................2
10:24:44.353 [main] DEBUG com.zaxxer.hikari.HikariConfig - password........................<masked>
10:24:44.353 [main] DEBUG com.zaxxer.hikari.HikariConfig - poolName........................"FRC-PM-HikariCP"
10:24:44.353 [main] DEBUG com.zaxxer.hikari.HikariConfig - readOnly........................false
10:24:44.353 [main] DEBUG com.zaxxer.hikari.HikariConfig - registerMbeans..................false
10:24:44.353 [main] DEBUG com.zaxxer.hikari.HikariConfig - scheduledExecutor...............none
10:24:44.353 [main] DEBUG com.zaxxer.hikari.HikariConfig - schema..........................none
10:24:44.353 [main] DEBUG com.zaxxer.hikari.HikariConfig - threadFactory...................internal
10:24:44.353 [main] DEBUG com.zaxxer.hikari.HikariConfig - transactionIsolation............default
10:24:44.353 [main] DEBUG com.zaxxer.hikari.HikariConfig - username........................"sa"
10:24:44.353 [main] DEBUG com.zaxxer.hikari.HikariConfig - validationTimeout...............5000
10:24:44.353 [main] INFO com.zaxxer.hikari.HikariDataSource - FRC-PM-HikariCP - Starting...
10:24:44.359 [main] INFO com.zaxxer.hikari.pool.HikariPool - FRC-PM-HikariCP - Added connection conn121: url=jdbc:h2:file:C:\Users\dhiebert\.frcpm\frcpm user=SA
10:24:44.359 [main] INFO com.zaxxer.hikari.HikariDataSource - FRC-PM-HikariCP - Start completed.
10:24:44.359 [main] DEBUG org.hibernate.hikaricp.internal.HikariCPConnectionProvider - HikariCP Configured
10:24:44.359 [main] DEBUG org.hibernate.engine.jdbc.env.internal.JdbcEnvironmentInitiator - Database ->
	   name : H2
	version : 2.2.224 (2023-09-17)
	  major : 2
	  minor : 2
10:24:44.359 [main] DEBUG org.hibernate.engine.jdbc.env.internal.JdbcEnvironmentInitiator - Driver ->
	   name : H2 JDBC Driver
	version : 2.2.224 (2023-09-17)
	  major : 2
	  minor : 2
10:24:44.359 [main] DEBUG org.hibernate.engine.jdbc.env.internal.JdbcEnvironmentInitiator - JDBC version : 4.2
10:24:44.359 [main] WARN org.hibernate.orm.deprecation - HHH90000025: H2Dialect does not need to be specified explicitly using 'hibernate.dialect' (remove the property setting and it will be selected by default)
10:24:44.359 [main] DEBUG org.hibernate.orm.dialect - HHH035001: Using dialect: org.hibernate.dialect.H2Dialect, version: 2.2.224
10:24:44.359 [main] DEBUG org.hibernate.engine.jdbc.env.spi.IdentifierHelperBuilder - JDBC driver metadata reported database stores quoted identifiers in neither upper, lower nor mixed case
10:24:44.359 [main] DEBUG org.hibernate.type.descriptor.jdbc.spi.JdbcTypeRegistry - addDescriptor(NCharTypeDescriptor) replaced previous registration(CharTypeDescriptor)
10:24:44.359 [main] DEBUG org.hibernate.type.descriptor.jdbc.spi.JdbcTypeRegistry - addDescriptor(NVarcharTypeDescriptor) replaced previous registration(VarcharTypeDescriptor)
10:24:44.359 [main] DEBUG org.hibernate.type.descriptor.jdbc.spi.JdbcTypeRegistry - addDescriptor(LongNVarcharTypeDescriptor) replaced previous registration(LongVarcharTypeDescriptor)
10:24:44.359 [main] DEBUG org.hibernate.type.descriptor.jdbc.spi.JdbcTypeRegistry - addDescriptor(NClobTypeDescriptor(DEFAULT)) replaced previous registration(ClobTypeDescriptor(DEFAULT))
10:24:44.359 [main] DEBUG org.hibernate.type.descriptor.jdbc.spi.JdbcTypeRegistry - addDescriptor(2005, ClobTypeDescriptor(STREAM_BINDING)) replaced previous registration(ClobTypeDescriptor(DEFAULT))
10:24:44.359 [main] DEBUG org.hibernate.type.descriptor.jdbc.spi.JdbcTypeRegistry - addDescriptor(TimestampUtcDescriptor) replaced previous registration(TimestampUtcDescriptor)
10:24:44.359 [main] DEBUG org.hibernate.type.BasicTypeRegistry - Adding type registration org.hibernate.type.DurationType -> basicType@1727(java.time.Duration,3015)
10:24:44.359 [main] DEBUG org.hibernate.type.BasicTypeRegistry - Adding type registration Duration -> basicType@1727(java.time.Duration,3015)
10:24:44.359 [main] DEBUG org.hibernate.type.BasicTypeRegistry - Adding type registration java.time.Duration -> basicType@1727(java.time.Duration,3015)
10:24:44.359 [main] DEBUG org.hibernate.type.spi.TypeConfiguration$Scope - Scoping TypeConfiguration [org.hibernate.type.spi.TypeConfiguration@4d9813bc] to MetadataBuildingContext [org.hibernate.boot.internal.MetadataBuildingContextRootImpl@587c38aa]
10:24:44.360 [main] DEBUG org.hibernate.boot.model.relational.Namespace - Created database namespace [logicalName=Name{catalog=null, schema=null}, physicalName=Name{catalog=null, schema=null}]
10:24:44.360 [main] DEBUG org.hibernate.boot.model.internal.EntityBinder - Binding entity from annotated class: org.frcpm.models.Attendance
10:24:44.360 [main] DEBUG org.hibernate.boot.model.internal.EntityBinder - Import with entity name Attendance
10:24:44.360 [main] DEBUG org.hibernate.boot.model.internal.EntityBinder - Bind entity org.frcpm.models.Attendance on table attendances
10:24:44.360 [main] DEBUG org.hibernate.boot.model.internal.AnnotatedColumn - Binding column: AnnotatedDiscriminatorColumn(column='DTYPE')
10:24:44.360 [main] DEBUG org.hibernate.boot.model.internal.AnnotatedColumn - Binding column: AnnotatedColumn()
10:24:44.360 [main] DEBUG org.hibernate.boot.internal.ClassLoaderAccessImpl - Not known whether passed class name [org.frcpm.models.Attendance] is safe
10:24:44.360 [main] DEBUG org.hibernate.boot.internal.ClassLoaderAccessImpl - No temp ClassLoader provided; using live ClassLoader for loading potentially unsafe class : org.frcpm.models.Attendance
10:24:44.360 [main] DEBUG org.hibernate.boot.model.internal.PropertyBinder - MetadataSourceProcessor property id with lazy=false
10:24:44.360 [main] DEBUG org.hibernate.boot.model.internal.AbstractPropertyHolder - Attempting to locate auto-apply AttributeConverter for property [org.frcpm.models.Attendance:id]
10:24:44.360 [main] DEBUG org.hibernate.boot.model.internal.BasicValueBinder - building BasicValue for id
10:24:44.360 [main] DEBUG org.hibernate.mapping.BasicValue - Skipping column re-registration: attendances.id
10:24:44.360 [main] DEBUG org.hibernate.boot.model.internal.PropertyBinder - Building property id
10:24:44.360 [main] DEBUG org.hibernate.boot.model.internal.BinderHelper - #makeIdGenerator(BasicValue([Column(id)]), id, identity, , ...)
10:24:44.360 [main] DEBUG org.hibernate.boot.model.internal.AnnotatedColumn - Binding column: AnnotatedColumn(column='arrival_time')
10:24:44.360 [main] DEBUG org.hibernate.boot.model.internal.PropertyBinder - MetadataSourceProcessor property arrivalTime with lazy=false
10:24:44.360 [main] DEBUG org.hibernate.boot.model.internal.AbstractPropertyHolder - Attempting to locate auto-apply AttributeConverter for property [org.frcpm.models.Attendance:arrivalTime]
10:24:44.360 [main] DEBUG org.hibernate.boot.model.internal.BasicValueBinder - building BasicValue for arrivalTime
10:24:44.360 [main] DEBUG org.hibernate.mapping.BasicValue - Skipping column re-registration: attendances.arrival_time
10:24:44.360 [main] DEBUG org.hibernate.boot.model.internal.PropertyBinder - Building property arrivalTime
10:24:44.360 [main] DEBUG org.hibernate.boot.model.internal.AnnotatedColumn - Binding column: AnnotatedColumn(column='departure_time')
10:24:44.360 [main] DEBUG org.hibernate.boot.model.internal.PropertyBinder - MetadataSourceProcessor property departureTime with lazy=false
10:24:44.360 [main] DEBUG org.hibernate.boot.model.internal.AbstractPropertyHolder - Attempting to locate auto-apply AttributeConverter for property [org.frcpm.models.Attendance:departureTime]
10:24:44.360 [main] DEBUG org.hibernate.boot.model.internal.BasicValueBinder - building BasicValue for departureTime
10:24:44.360 [main] DEBUG org.hibernate.mapping.BasicValue - Skipping column re-registration: attendances.departure_time
10:24:44.360 [main] DEBUG org.hibernate.boot.model.internal.PropertyBinder - Building property departureTime
10:24:44.360 [main] DEBUG org.hibernate.boot.model.internal.AnnotatedColumn - Binding column: AnnotatedJoinColumn(column='meeting_id')
10:24:44.360 [main] DEBUG org.hibernate.boot.model.internal.AnnotatedColumn - Binding column: AnnotatedColumn()
10:24:44.360 [main] DEBUG org.hibernate.boot.model.internal.PropertyBinder - Building property meeting
10:24:44.360 [main] DEBUG org.hibernate.boot.model.internal.AnnotatedColumn - Binding column: AnnotatedJoinColumn(column='member_id')
10:24:44.360 [main] DEBUG org.hibernate.boot.model.internal.AnnotatedColumn - Binding column: AnnotatedColumn()
10:24:44.360 [main] DEBUG org.hibernate.boot.model.internal.PropertyBinder - Building property member
10:24:44.360 [main] DEBUG org.hibernate.boot.model.internal.AnnotatedColumn - Binding column: AnnotatedColumn(column='present')
10:24:44.360 [main] DEBUG org.hibernate.boot.model.internal.PropertyBinder - MetadataSourceProcessor property present with lazy=false
10:24:44.360 [main] DEBUG org.hibernate.boot.model.internal.AbstractPropertyHolder - Attempting to locate auto-apply AttributeConverter for property [org.frcpm.models.Attendance:present]
10:24:44.360 [main] DEBUG org.hibernate.boot.model.internal.BasicValueBinder - building BasicValue for present
10:24:44.360 [main] DEBUG org.hibernate.mapping.BasicValue - Skipping column re-registration: attendances.present
10:24:44.360 [main] DEBUG org.hibernate.boot.model.internal.PropertyBinder - Building property present
10:24:44.360 [main] DEBUG org.hibernate.boot.registry.classloading.internal.ClassLoaderServiceImpl - HHH000194: Package not found or no package-info.java: org.frcpm.models
10:24:44.362 [main] DEBUG org.hibernate.boot.model.internal.EntityBinder - Binding entity from annotated class: org.frcpm.models.Meeting
10:24:44.362 [main] DEBUG org.hibernate.boot.model.internal.EntityBinder - Import with entity name Meeting
10:24:44.362 [main] DEBUG org.hibernate.boot.model.internal.EntityBinder - Bind entity org.frcpm.models.Meeting on table meetings
10:24:44.362 [main] DEBUG org.hibernate.boot.model.internal.AnnotatedColumn - Binding column: AnnotatedDiscriminatorColumn(column='DTYPE')
10:24:44.362 [main] DEBUG org.hibernate.boot.model.internal.AnnotatedColumn - Binding column: AnnotatedColumn()
10:24:44.362 [main] DEBUG org.hibernate.boot.internal.ClassLoaderAccessImpl - Not known whether passed class name [org.frcpm.models.Meeting] is safe
10:24:44.362 [main] DEBUG org.hibernate.boot.internal.ClassLoaderAccessImpl - No temp ClassLoader provided; using live ClassLoader for loading potentially unsafe class : org.frcpm.models.Meeting
10:24:44.362 [main] DEBUG org.hibernate.boot.model.internal.PropertyBinder - MetadataSourceProcessor property id with lazy=false
10:24:44.362 [main] DEBUG org.hibernate.boot.model.internal.AbstractPropertyHolder - Attempting to locate auto-apply AttributeConverter for property [org.frcpm.models.Meeting:id]
10:24:44.362 [main] DEBUG org.hibernate.boot.model.internal.BasicValueBinder - building BasicValue for id
10:24:44.362 [main] DEBUG org.hibernate.mapping.BasicValue - Skipping column re-registration: meetings.id
10:24:44.362 [main] DEBUG org.hibernate.boot.model.internal.PropertyBinder - Building property id
10:24:44.362 [main] DEBUG org.hibernate.boot.model.internal.BinderHelper - #makeIdGenerator(BasicValue([Column(id)]), id, identity, , ...)
10:24:44.362 [main] DEBUG org.hibernate.boot.model.internal.AnnotatedColumn - Binding column: AnnotatedJoinColumn()
10:24:44.362 [main] DEBUG org.hibernate.boot.model.internal.AnnotatedColumn - Binding column: AnnotatedColumn()
10:24:44.362 [main] DEBUG org.hibernate.boot.model.internal.AnnotatedColumn - Binding column: IndexColumn(column='attendances_ORDER')
10:24:44.362 [main] DEBUG org.hibernate.boot.model.internal.AnnotatedColumn - Binding column: AnnotatedColumn()
10:24:44.362 [main] DEBUG org.hibernate.boot.model.internal.AnnotatedColumn - Binding column: AnnotatedColumn(column='attendances_KEY')
10:24:44.362 [main] DEBUG org.hibernate.boot.model.internal.AnnotatedColumn - Binding column: AnnotatedJoinColumn(column='attendances_KEY')
10:24:44.362 [main] DEBUG org.hibernate.boot.model.internal.AnnotatedColumn - Binding column: AnnotatedJoinColumn()
10:24:44.362 [main] DEBUG org.hibernate.boot.model.internal.AnnotatedColumn - Binding column: AnnotatedJoinColumn()
10:24:44.362 [main] DEBUG org.hibernate.boot.model.internal.CollectionBinder - Collection role: org.frcpm.models.Meeting.attendances
10:24:44.362 [main] DEBUG org.hibernate.boot.model.internal.PropertyBinder - Building property attendances
10:24:44.362 [main] DEBUG org.hibernate.boot.model.internal.AnnotatedColumn - Binding column: AnnotatedColumn(column='date')
10:24:44.362 [main] DEBUG org.hibernate.boot.model.internal.PropertyBinder - MetadataSourceProcessor property date with lazy=false
10:24:44.362 [main] DEBUG org.hibernate.boot.model.internal.AbstractPropertyHolder - Attempting to locate auto-apply AttributeConverter for property [org.frcpm.models.Meeting:date]
10:24:44.362 [main] DEBUG org.hibernate.boot.model.internal.BasicValueBinder - building BasicValue for date
10:24:44.362 [main] DEBUG org.hibernate.mapping.BasicValue - Skipping column re-registration: meetings.date
10:24:44.362 [main] DEBUG org.hibernate.boot.model.internal.PropertyBinder - Building property date
10:24:44.362 [main] DEBUG org.hibernate.boot.model.internal.AnnotatedColumn - Binding column: AnnotatedColumn(column='end_time')
10:24:44.362 [main] DEBUG org.hibernate.boot.model.internal.PropertyBinder - MetadataSourceProcessor property endTime with lazy=false
10:24:44.362 [main] DEBUG org.hibernate.boot.model.internal.AbstractPropertyHolder - Attempting to locate auto-apply AttributeConverter for property [org.frcpm.models.Meeting:endTime]
10:24:44.362 [main] DEBUG org.hibernate.boot.model.internal.BasicValueBinder - building BasicValue for endTime
10:24:44.362 [main] DEBUG org.hibernate.mapping.BasicValue - Skipping column re-registration: meetings.end_time
10:24:44.362 [main] DEBUG org.hibernate.boot.model.internal.PropertyBinder - Building property endTime
10:24:44.362 [main] DEBUG org.hibernate.boot.model.internal.AnnotatedColumn - Binding column: AnnotatedColumn(column='notes')
10:24:44.362 [main] DEBUG org.hibernate.boot.model.internal.PropertyBinder - MetadataSourceProcessor property notes with lazy=false
10:24:44.362 [main] DEBUG org.hibernate.boot.model.internal.AbstractPropertyHolder - Attempting to locate auto-apply AttributeConverter for property [org.frcpm.models.Meeting:notes]
10:24:44.362 [main] DEBUG org.hibernate.boot.model.internal.BasicValueBinder - building BasicValue for notes
10:24:44.362 [main] DEBUG org.hibernate.mapping.BasicValue - Skipping column re-registration: meetings.notes
10:24:44.362 [main] DEBUG org.hibernate.boot.model.internal.PropertyBinder - Building property notes
10:24:44.362 [main] DEBUG org.hibernate.boot.model.internal.AnnotatedColumn - Binding column: AnnotatedJoinColumn(column='project_id')
10:24:44.362 [main] DEBUG org.hibernate.boot.model.internal.AnnotatedColumn - Binding column: AnnotatedColumn()
10:24:44.362 [main] DEBUG org.hibernate.boot.model.internal.PropertyBinder - Building property project
10:24:44.362 [main] DEBUG org.hibernate.boot.model.internal.AnnotatedColumn - Binding column: AnnotatedColumn(column='start_time')
10:24:44.362 [main] DEBUG org.hibernate.boot.model.internal.PropertyBinder - MetadataSourceProcessor property startTime with lazy=false
10:24:44.362 [main] DEBUG org.hibernate.boot.model.internal.AbstractPropertyHolder - Attempting to locate auto-apply AttributeConverter for property [org.frcpm.models.Meeting:startTime]
10:24:44.362 [main] DEBUG org.hibernate.boot.model.internal.BasicValueBinder - building BasicValue for startTime
10:24:44.362 [main] DEBUG org.hibernate.mapping.BasicValue - Skipping column re-registration: meetings.start_time
10:24:44.362 [main] DEBUG org.hibernate.boot.model.internal.PropertyBinder - Building property startTime
10:24:44.362 [main] DEBUG org.hibernate.boot.registry.classloading.internal.ClassLoaderServiceImpl - HHH000194: Package not found or no package-info.java: org.frcpm.models
10:24:44.362 [main] DEBUG org.hibernate.boot.model.internal.EntityBinder - Binding entity from annotated class: org.frcpm.models.Subsystem
10:24:44.362 [main] DEBUG org.hibernate.boot.model.internal.EntityBinder - Import with entity name Subsystem
10:24:44.362 [main] DEBUG org.hibernate.boot.model.internal.EntityBinder - Bind entity org.frcpm.models.Subsystem on table subsystems
10:24:44.362 [main] DEBUG org.hibernate.boot.model.internal.AnnotatedColumn - Binding column: AnnotatedDiscriminatorColumn(column='DTYPE')
10:24:44.362 [main] DEBUG org.hibernate.boot.model.internal.AnnotatedColumn - Binding column: AnnotatedColumn()
10:24:44.362 [main] DEBUG org.hibernate.boot.internal.ClassLoaderAccessImpl - Not known whether passed class name [org.frcpm.models.Subsystem] is safe
10:24:44.362 [main] DEBUG org.hibernate.boot.internal.ClassLoaderAccessImpl - No temp ClassLoader provided; using live ClassLoader for loading potentially unsafe class : org.frcpm.models.Subsystem
10:24:44.362 [main] DEBUG org.hibernate.boot.model.internal.PropertyBinder - MetadataSourceProcessor property id with lazy=false
10:24:44.362 [main] DEBUG org.hibernate.boot.model.internal.AbstractPropertyHolder - Attempting to locate auto-apply AttributeConverter for property [org.frcpm.models.Subsystem:id]
10:24:44.362 [main] DEBUG org.hibernate.boot.model.internal.BasicValueBinder - building BasicValue for id
10:24:44.362 [main] DEBUG org.hibernate.mapping.BasicValue - Skipping column re-registration: subsystems.id
10:24:44.362 [main] DEBUG org.hibernate.boot.model.internal.PropertyBinder - Building property id
10:24:44.362 [main] DEBUG org.hibernate.boot.model.internal.BinderHelper - #makeIdGenerator(BasicValue([Column(id)]), id, identity, , ...)
10:24:44.362 [main] DEBUG org.hibernate.boot.model.internal.AnnotatedColumn - Binding column: AnnotatedColumn(column='description')
10:24:44.362 [main] DEBUG org.hibernate.boot.model.internal.PropertyBinder - MetadataSourceProcessor property description with lazy=false
10:24:44.362 [main] DEBUG org.hibernate.boot.model.internal.AbstractPropertyHolder - Attempting to locate auto-apply AttributeConverter for property [org.frcpm.models.Subsystem:description]
10:24:44.362 [main] DEBUG org.hibernate.boot.model.internal.BasicValueBinder - building BasicValue for description
10:24:44.362 [main] DEBUG org.hibernate.mapping.BasicValue - Skipping column re-registration: subsystems.description
10:24:44.362 [main] DEBUG org.hibernate.boot.model.internal.PropertyBinder - Building property description
10:24:44.362 [main] DEBUG org.hibernate.boot.model.internal.AnnotatedColumn - Binding column: AnnotatedColumn(column='name')
10:24:44.362 [main] DEBUG org.hibernate.boot.model.internal.PropertyBinder - MetadataSourceProcessor property name with lazy=false
10:24:44.362 [main] DEBUG org.hibernate.boot.model.internal.AbstractPropertyHolder - Attempting to locate auto-apply AttributeConverter for property [org.frcpm.models.Subsystem:name]
10:24:44.362 [main] DEBUG org.hibernate.boot.model.internal.BasicValueBinder - building BasicValue for name
10:24:44.362 [main] DEBUG org.hibernate.mapping.BasicValue - Skipping column re-registration: subsystems.name
10:24:44.362 [main] DEBUG org.hibernate.boot.model.internal.PropertyBinder - Building property name
10:24:44.362 [main] DEBUG org.hibernate.boot.model.internal.AnnotatedColumn - Binding column: AnnotatedJoinColumn(column='responsible_subteam_id')
10:24:44.362 [main] DEBUG org.hibernate.boot.model.internal.AnnotatedColumn - Binding column: AnnotatedColumn()
10:24:44.362 [main] DEBUG org.hibernate.boot.model.internal.PropertyBinder - Building property responsibleSubteam
10:24:44.362 [main] DEBUG org.hibernate.boot.model.internal.AnnotatedColumn - Binding column: AnnotatedColumn(column='status')
10:24:44.362 [main] DEBUG org.hibernate.boot.model.internal.PropertyBinder - MetadataSourceProcessor property status with lazy=false
10:24:44.362 [main] DEBUG org.hibernate.boot.model.internal.AbstractPropertyHolder - Attempting to locate auto-apply AttributeConverter for property [org.frcpm.models.Subsystem:status]
10:24:44.362 [main] DEBUG org.hibernate.boot.model.internal.BasicValueBinder - building BasicValue for status
10:24:44.362 [main] DEBUG org.hibernate.mapping.BasicValue - Skipping column re-registration: subsystems.status
10:24:44.362 [main] DEBUG org.hibernate.boot.model.internal.PropertyBinder - Building property status
10:24:44.362 [main] DEBUG org.hibernate.boot.model.internal.AnnotatedColumn - Binding column: AnnotatedJoinColumn()
10:24:44.362 [main] DEBUG org.hibernate.boot.model.internal.AnnotatedColumn - Binding column: AnnotatedColumn()
10:24:44.362 [main] DEBUG org.hibernate.boot.model.internal.AnnotatedColumn - Binding column: IndexColumn(column='tasks_ORDER')
10:24:44.362 [main] DEBUG org.hibernate.boot.model.internal.AnnotatedColumn - Binding column: AnnotatedColumn()
10:24:44.362 [main] DEBUG org.hibernate.boot.model.internal.AnnotatedColumn - Binding column: AnnotatedColumn(column='tasks_KEY')
10:24:44.362 [main] DEBUG org.hibernate.boot.model.internal.AnnotatedColumn - Binding column: AnnotatedJoinColumn(column='tasks_KEY')
10:24:44.362 [main] DEBUG org.hibernate.boot.model.internal.AnnotatedColumn - Binding column: AnnotatedJoinColumn()
10:24:44.362 [main] DEBUG org.hibernate.boot.model.internal.AnnotatedColumn - Binding column: AnnotatedJoinColumn()
10:24:44.362 [main] DEBUG org.hibernate.boot.model.internal.CollectionBinder - Collection role: org.frcpm.models.Subsystem.tasks
10:24:44.362 [main] DEBUG org.hibernate.boot.model.internal.PropertyBinder - Building property tasks
10:24:44.363 [main] DEBUG org.hibernate.boot.registry.classloading.internal.ClassLoaderServiceImpl - HHH000194: Package not found or no package-info.java: org.frcpm.models
10:24:44.363 [main] DEBUG org.hibernate.boot.model.internal.EntityBinder - Binding entity from annotated class: org.frcpm.models.Component
10:24:44.363 [main] DEBUG org.hibernate.boot.model.internal.EntityBinder - Import with entity name Component
10:24:44.363 [main] DEBUG org.hibernate.boot.model.internal.EntityBinder - Bind entity org.frcpm.models.Component on table components
10:24:44.363 [main] DEBUG org.hibernate.boot.model.internal.AnnotatedColumn - Binding column: AnnotatedDiscriminatorColumn(column='DTYPE')
10:24:44.363 [main] DEBUG org.hibernate.boot.model.internal.AnnotatedColumn - Binding column: AnnotatedColumn()
10:24:44.363 [main] DEBUG org.hibernate.boot.internal.ClassLoaderAccessImpl - Not known whether passed class name [org.frcpm.models.Component] is safe
10:24:44.363 [main] DEBUG org.hibernate.boot.internal.ClassLoaderAccessImpl - No temp ClassLoader provided; using live ClassLoader for loading potentially unsafe class : org.frcpm.models.Component
10:24:44.363 [main] DEBUG org.hibernate.boot.model.internal.PropertyBinder - MetadataSourceProcessor property id with lazy=false
10:24:44.363 [main] DEBUG org.hibernate.boot.model.internal.AbstractPropertyHolder - Attempting to locate auto-apply AttributeConverter for property [org.frcpm.models.Component:id]
10:24:44.363 [main] DEBUG org.hibernate.boot.model.internal.BasicValueBinder - building BasicValue for id
10:24:44.363 [main] DEBUG org.hibernate.mapping.BasicValue - Skipping column re-registration: components.id
10:24:44.363 [main] DEBUG org.hibernate.boot.model.internal.PropertyBinder - Building property id
10:24:44.363 [main] DEBUG org.hibernate.boot.model.internal.BinderHelper - #makeIdGenerator(BasicValue([Column(id)]), id, identity, , ...)
10:24:44.363 [main] DEBUG org.hibernate.boot.model.internal.AnnotatedColumn - Binding column: AnnotatedColumn(column='actual_delivery')
10:24:44.363 [main] DEBUG org.hibernate.boot.model.internal.PropertyBinder - MetadataSourceProcessor property actualDelivery with lazy=false
10:24:44.363 [main] DEBUG org.hibernate.boot.model.internal.AbstractPropertyHolder - Attempting to locate auto-apply AttributeConverter for property [org.frcpm.models.Component:actualDelivery]
10:24:44.363 [main] DEBUG org.hibernate.boot.model.internal.BasicValueBinder - building BasicValue for actualDelivery
10:24:44.363 [main] DEBUG org.hibernate.mapping.BasicValue - Skipping column re-registration: components.actual_delivery
10:24:44.363 [main] DEBUG org.hibernate.boot.model.internal.PropertyBinder - Building property actualDelivery
10:24:44.363 [main] DEBUG org.hibernate.boot.model.internal.AnnotatedColumn - Binding column: AnnotatedColumn(column='is_delivered')
10:24:44.363 [main] DEBUG org.hibernate.boot.model.internal.PropertyBinder - MetadataSourceProcessor property delivered with lazy=false
10:24:44.363 [main] DEBUG org.hibernate.boot.model.internal.AbstractPropertyHolder - Attempting to locate auto-apply AttributeConverter for property [org.frcpm.models.Component:delivered]
10:24:44.363 [main] DEBUG org.hibernate.boot.model.internal.BasicValueBinder - building BasicValue for delivered
10:24:44.363 [main] DEBUG org.hibernate.mapping.BasicValue - Skipping column re-registration: components.is_delivered
10:24:44.363 [main] DEBUG org.hibernate.boot.model.internal.PropertyBinder - Building property delivered
10:24:44.363 [main] DEBUG org.hibernate.boot.model.internal.AnnotatedColumn - Binding column: AnnotatedColumn(column='description')
10:24:44.363 [main] DEBUG org.hibernate.boot.model.internal.PropertyBinder - MetadataSourceProcessor property description with lazy=false
10:24:44.363 [main] DEBUG org.hibernate.boot.model.internal.AbstractPropertyHolder - Attempting to locate auto-apply AttributeConverter for property [org.frcpm.models.Component:description]
10:24:44.363 [main] DEBUG org.hibernate.boot.model.internal.BasicValueBinder - building BasicValue for description
10:24:44.363 [main] DEBUG org.hibernate.mapping.BasicValue - Skipping column re-registration: components.description
10:24:44.363 [main] DEBUG org.hibernate.boot.model.internal.PropertyBinder - Building property description
10:24:44.363 [main] DEBUG org.hibernate.boot.model.internal.AnnotatedColumn - Binding column: AnnotatedColumn(column='expected_delivery')
10:24:44.363 [main] DEBUG org.hibernate.boot.model.internal.PropertyBinder - MetadataSourceProcessor property expectedDelivery with lazy=false
10:24:44.363 [main] DEBUG org.hibernate.boot.model.internal.AbstractPropertyHolder - Attempting to locate auto-apply AttributeConverter for property [org.frcpm.models.Component:expectedDelivery]
10:24:44.363 [main] DEBUG org.hibernate.boot.model.internal.BasicValueBinder - building BasicValue for expectedDelivery
10:24:44.363 [main] DEBUG org.hibernate.mapping.BasicValue - Skipping column re-registration: components.expected_delivery
10:24:44.363 [main] DEBUG org.hibernate.boot.model.internal.PropertyBinder - Building property expectedDelivery
10:24:44.363 [main] DEBUG org.hibernate.boot.model.internal.AnnotatedColumn - Binding column: AnnotatedColumn(column='name')
10:24:44.363 [main] DEBUG org.hibernate.boot.model.internal.PropertyBinder - MetadataSourceProcessor property name with lazy=false
10:24:44.363 [main] DEBUG org.hibernate.boot.model.internal.AbstractPropertyHolder - Attempting to locate auto-apply AttributeConverter for property [org.frcpm.models.Component:name]
10:24:44.363 [main] DEBUG org.hibernate.boot.model.internal.BasicValueBinder - building BasicValue for name
10:24:44.363 [main] DEBUG org.hibernate.mapping.BasicValue - Skipping column re-registration: components.name
10:24:44.363 [main] DEBUG org.hibernate.boot.model.internal.PropertyBinder - Building property name
10:24:44.363 [main] DEBUG org.hibernate.boot.model.internal.AnnotatedColumn - Binding column: AnnotatedColumn(column='part_number')
10:24:44.363 [main] DEBUG org.hibernate.boot.model.internal.PropertyBinder - MetadataSourceProcessor property partNumber with lazy=false
10:24:44.363 [main] DEBUG org.hibernate.boot.model.internal.AbstractPropertyHolder - Attempting to locate auto-apply AttributeConverter for property [org.frcpm.models.Component:partNumber]
10:24:44.363 [main] DEBUG org.hibernate.boot.model.internal.BasicValueBinder - building BasicValue for partNumber
10:24:44.363 [main] DEBUG org.hibernate.mapping.BasicValue - Skipping column re-registration: components.part_number
10:24:44.363 [main] DEBUG org.hibernate.boot.model.internal.PropertyBinder - Building property partNumber
10:24:44.363 [main] DEBUG org.hibernate.boot.model.internal.AnnotatedColumn - Binding column: IndexColumn(column='requiredForTasks_ORDER')
10:24:44.363 [main] DEBUG org.hibernate.boot.model.internal.AnnotatedColumn - Binding column: AnnotatedColumn()
10:24:44.363 [main] DEBUG org.hibernate.boot.model.internal.AnnotatedColumn - Binding column: AnnotatedColumn(column='requiredForTasks_KEY')
10:24:44.363 [main] DEBUG org.hibernate.boot.model.internal.AnnotatedColumn - Binding column: AnnotatedJoinColumn(column='requiredForTasks_KEY')
10:24:44.363 [main] DEBUG org.hibernate.boot.model.internal.AnnotatedColumn - Binding column: AnnotatedJoinColumn()
10:24:44.363 [main] DEBUG org.hibernate.boot.model.internal.AnnotatedColumn - Binding column: AnnotatedJoinColumn()
10:24:44.363 [main] DEBUG org.hibernate.boot.model.internal.CollectionBinder - Collection role: org.frcpm.models.Component.requiredForTasks
10:24:44.363 [main] DEBUG org.hibernate.boot.model.internal.PropertyBinder - Building property requiredForTasks
10:24:44.363 [main] DEBUG org.hibernate.boot.registry.classloading.internal.ClassLoaderServiceImpl - HHH000194: Package not found or no package-info.java: org.frcpm.models
10:24:44.363 [main] DEBUG org.hibernate.boot.model.internal.EntityBinder - Binding entity from annotated class: org.frcpm.models.Milestone
10:24:44.363 [main] DEBUG org.hibernate.boot.model.internal.EntityBinder - Import with entity name Milestone
10:24:44.364 [main] DEBUG org.hibernate.boot.model.internal.EntityBinder - Bind entity org.frcpm.models.Milestone on table milestones
10:24:44.364 [main] DEBUG org.hibernate.boot.model.internal.AnnotatedColumn - Binding column: AnnotatedDiscriminatorColumn(column='DTYPE')
10:24:44.364 [main] DEBUG org.hibernate.boot.model.internal.AnnotatedColumn - Binding column: AnnotatedColumn()
10:24:44.364 [main] DEBUG org.hibernate.boot.internal.ClassLoaderAccessImpl - Not known whether passed class name [org.frcpm.models.Milestone] is safe
10:24:44.364 [main] DEBUG org.hibernate.boot.internal.ClassLoaderAccessImpl - No temp ClassLoader provided; using live ClassLoader for loading potentially unsafe class : org.frcpm.models.Milestone
10:24:44.364 [main] DEBUG org.hibernate.boot.model.internal.PropertyBinder - MetadataSourceProcessor property id with lazy=false
10:24:44.364 [main] DEBUG org.hibernate.boot.model.internal.AbstractPropertyHolder - Attempting to locate auto-apply AttributeConverter for property [org.frcpm.models.Milestone:id]
10:24:44.364 [main] DEBUG org.hibernate.boot.model.internal.BasicValueBinder - building BasicValue for id
10:24:44.364 [main] DEBUG org.hibernate.mapping.BasicValue - Skipping column re-registration: milestones.id
10:24:44.364 [main] DEBUG org.hibernate.boot.model.internal.PropertyBinder - Building property id
10:24:44.364 [main] DEBUG org.hibernate.boot.model.internal.BinderHelper - #makeIdGenerator(BasicValue([Column(id)]), id, identity, , ...)
10:24:44.364 [main] DEBUG org.hibernate.boot.model.internal.AnnotatedColumn - Binding column: AnnotatedColumn(column='date')
10:24:44.364 [main] DEBUG org.hibernate.boot.model.internal.PropertyBinder - MetadataSourceProcessor property date with lazy=false
10:24:44.364 [main] DEBUG org.hibernate.boot.model.internal.AbstractPropertyHolder - Attempting to locate auto-apply AttributeConverter for property [org.frcpm.models.Milestone:date]
10:24:44.364 [main] DEBUG org.hibernate.boot.model.internal.BasicValueBinder - building BasicValue for date
10:24:44.364 [main] DEBUG org.hibernate.mapping.BasicValue - Skipping column re-registration: milestones.date
10:24:44.364 [main] DEBUG org.hibernate.boot.model.internal.PropertyBinder - Building property date
10:24:44.364 [main] DEBUG org.hibernate.boot.model.internal.AnnotatedColumn - Binding column: AnnotatedColumn(column='description')
10:24:44.364 [main] DEBUG org.hibernate.boot.model.internal.PropertyBinder - MetadataSourceProcessor property description with lazy=false
10:24:44.364 [main] DEBUG org.hibernate.boot.model.internal.AbstractPropertyHolder - Attempting to locate auto-apply AttributeConverter for property [org.frcpm.models.Milestone:description]
10:24:44.364 [main] DEBUG org.hibernate.boot.model.internal.BasicValueBinder - building BasicValue for description
10:24:44.364 [main] DEBUG org.hibernate.mapping.BasicValue - Skipping column re-registration: milestones.description
10:24:44.364 [main] DEBUG org.hibernate.boot.model.internal.PropertyBinder - Building property description
10:24:44.364 [main] DEBUG org.hibernate.boot.model.internal.AnnotatedColumn - Binding column: AnnotatedColumn(column='name')
10:24:44.364 [main] DEBUG org.hibernate.boot.model.internal.PropertyBinder - MetadataSourceProcessor property name with lazy=false
10:24:44.364 [main] DEBUG org.hibernate.boot.model.internal.AbstractPropertyHolder - Attempting to locate auto-apply AttributeConverter for property [org.frcpm.models.Milestone:name]
10:24:44.364 [main] DEBUG org.hibernate.boot.model.internal.BasicValueBinder - building BasicValue for name
10:24:44.364 [main] DEBUG org.hibernate.mapping.BasicValue - Skipping column re-registration: milestones.name
10:24:44.364 [main] DEBUG org.hibernate.boot.model.internal.PropertyBinder - Building property name
10:24:44.364 [main] DEBUG org.hibernate.boot.model.internal.AnnotatedColumn - Binding column: AnnotatedJoinColumn(column='project_id')
10:24:44.364 [main] DEBUG org.hibernate.boot.model.internal.AnnotatedColumn - Binding column: AnnotatedColumn()
10:24:44.364 [main] DEBUG org.hibernate.boot.model.internal.PropertyBinder - Building property project
10:24:44.364 [main] DEBUG org.hibernate.boot.registry.classloading.internal.ClassLoaderServiceImpl - HHH000194: Package not found or no package-info.java: org.frcpm.models
10:24:44.364 [main] DEBUG org.hibernate.boot.model.internal.EntityBinder - Binding entity from annotated class: org.frcpm.models.Project
10:24:44.364 [main] DEBUG org.hibernate.boot.model.internal.EntityBinder - Import with entity name Project
10:24:44.364 [main] DEBUG org.hibernate.boot.model.internal.EntityBinder - Bind entity org.frcpm.models.Project on table projects
10:24:44.364 [main] DEBUG org.hibernate.boot.model.internal.AnnotatedColumn - Binding column: AnnotatedDiscriminatorColumn(column='DTYPE')
10:24:44.364 [main] DEBUG org.hibernate.boot.model.internal.AnnotatedColumn - Binding column: AnnotatedColumn()
10:24:44.364 [main] DEBUG org.hibernate.boot.internal.ClassLoaderAccessImpl - Not known whether passed class name [org.frcpm.models.Project] is safe
10:24:44.364 [main] DEBUG org.hibernate.boot.internal.ClassLoaderAccessImpl - No temp ClassLoader provided; using live ClassLoader for loading potentially unsafe class : org.frcpm.models.Project
10:24:44.364 [main] DEBUG org.hibernate.boot.model.internal.PropertyBinder - MetadataSourceProcessor property id with lazy=false
10:24:44.364 [main] DEBUG org.hibernate.boot.model.internal.AbstractPropertyHolder - Attempting to locate auto-apply AttributeConverter for property [org.frcpm.models.Project:id]
10:24:44.364 [main] DEBUG org.hibernate.boot.model.internal.BasicValueBinder - building BasicValue for id
10:24:44.364 [main] DEBUG org.hibernate.mapping.BasicValue - Skipping column re-registration: projects.id
10:24:44.364 [main] DEBUG org.hibernate.boot.model.internal.PropertyBinder - Building property id
10:24:44.364 [main] DEBUG org.hibernate.boot.model.internal.BinderHelper - #makeIdGenerator(BasicValue([Column(id)]), id, identity, , ...)
10:24:44.364 [main] DEBUG org.hibernate.boot.model.internal.AnnotatedColumn - Binding column: AnnotatedColumn(column='description')
10:24:44.364 [main] DEBUG org.hibernate.boot.model.internal.PropertyBinder - MetadataSourceProcessor property description with lazy=false
10:24:44.364 [main] DEBUG org.hibernate.boot.model.internal.AbstractPropertyHolder - Attempting to locate auto-apply AttributeConverter for property [org.frcpm.models.Project:description]
10:24:44.364 [main] DEBUG org.hibernate.boot.model.internal.BasicValueBinder - building BasicValue for description
10:24:44.364 [main] DEBUG org.hibernate.mapping.BasicValue - Skipping column re-registration: projects.description
10:24:44.364 [main] DEBUG org.hibernate.boot.model.internal.PropertyBinder - Building property description
10:24:44.364 [main] DEBUG org.hibernate.boot.model.internal.AnnotatedColumn - Binding column: AnnotatedColumn(column='goal_end_date')
10:24:44.364 [main] DEBUG org.hibernate.boot.model.internal.PropertyBinder - MetadataSourceProcessor property goalEndDate with lazy=false
10:24:44.364 [main] DEBUG org.hibernate.boot.model.internal.AbstractPropertyHolder - Attempting to locate auto-apply AttributeConverter for property [org.frcpm.models.Project:goalEndDate]
10:24:44.364 [main] DEBUG org.hibernate.boot.model.internal.BasicValueBinder - building BasicValue for goalEndDate
10:24:44.364 [main] DEBUG org.hibernate.mapping.BasicValue - Skipping column re-registration: projects.goal_end_date
10:24:44.364 [main] DEBUG org.hibernate.boot.model.internal.PropertyBinder - Building property goalEndDate
10:24:44.364 [main] DEBUG org.hibernate.boot.model.internal.AnnotatedColumn - Binding column: AnnotatedColumn(column='hard_deadline')
10:24:44.364 [main] DEBUG org.hibernate.boot.model.internal.PropertyBinder - MetadataSourceProcessor property hardDeadline with lazy=false
10:24:44.364 [main] DEBUG org.hibernate.boot.model.internal.AbstractPropertyHolder - Attempting to locate auto-apply AttributeConverter for property [org.frcpm.models.Project:hardDeadline]
10:24:44.364 [main] DEBUG org.hibernate.boot.model.internal.BasicValueBinder - building BasicValue for hardDeadline
10:24:44.364 [main] DEBUG org.hibernate.mapping.BasicValue - Skipping column re-registration: projects.hard_deadline
10:24:44.364 [main] DEBUG org.hibernate.boot.model.internal.PropertyBinder - Building property hardDeadline
10:24:44.364 [main] DEBUG org.hibernate.boot.model.internal.AnnotatedColumn - Binding column: AnnotatedJoinColumn()
10:24:44.364 [main] DEBUG org.hibernate.boot.model.internal.AnnotatedColumn - Binding column: AnnotatedColumn()
10:24:44.364 [main] DEBUG org.hibernate.boot.model.internal.AnnotatedColumn - Binding column: IndexColumn(column='meetings_ORDER')
10:24:44.364 [main] DEBUG org.hibernate.boot.model.internal.AnnotatedColumn - Binding column: AnnotatedColumn()
10:24:44.364 [main] DEBUG org.hibernate.boot.model.internal.AnnotatedColumn - Binding column: AnnotatedColumn(column='meetings_KEY')
10:24:44.364 [main] DEBUG org.hibernate.boot.model.internal.AnnotatedColumn - Binding column: AnnotatedJoinColumn(column='meetings_KEY')
10:24:44.364 [main] DEBUG org.hibernate.boot.model.internal.AnnotatedColumn - Binding column: AnnotatedJoinColumn()
10:24:44.364 [main] DEBUG org.hibernate.boot.model.internal.AnnotatedColumn - Binding column: AnnotatedJoinColumn()
10:24:44.364 [main] DEBUG org.hibernate.boot.model.internal.CollectionBinder - Collection role: org.frcpm.models.Project.meetings
10:24:44.364 [main] DEBUG org.hibernate.boot.model.internal.PropertyBinder - Building property meetings
10:24:44.364 [main] DEBUG org.hibernate.boot.model.internal.AnnotatedColumn - Binding column: AnnotatedJoinColumn()
10:24:44.364 [main] DEBUG org.hibernate.boot.model.internal.AnnotatedColumn - Binding column: AnnotatedColumn()
10:24:44.364 [main] DEBUG org.hibernate.boot.model.internal.AnnotatedColumn - Binding column: IndexColumn(column='milestones_ORDER')
10:24:44.364 [main] DEBUG org.hibernate.boot.model.internal.AnnotatedColumn - Binding column: AnnotatedColumn()
10:24:44.364 [main] DEBUG org.hibernate.boot.model.internal.AnnotatedColumn - Binding column: AnnotatedColumn(column='milestones_KEY')
10:24:44.364 [main] DEBUG org.hibernate.boot.model.internal.AnnotatedColumn - Binding column: AnnotatedJoinColumn(column='milestones_KEY')
10:24:44.364 [main] DEBUG org.hibernate.boot.model.internal.AnnotatedColumn - Binding column: AnnotatedJoinColumn()
10:24:44.364 [main] DEBUG org.hibernate.boot.model.internal.AnnotatedColumn - Binding column: AnnotatedJoinColumn()
10:24:44.364 [main] DEBUG org.hibernate.boot.model.internal.CollectionBinder - Collection role: org.frcpm.models.Project.milestones
10:24:44.364 [main] DEBUG org.hibernate.boot.model.internal.PropertyBinder - Building property milestones
10:24:44.364 [main] DEBUG org.hibernate.boot.model.internal.AnnotatedColumn - Binding column: AnnotatedColumn(column='name')
10:24:44.364 [main] DEBUG org.hibernate.boot.model.internal.PropertyBinder - MetadataSourceProcessor property name with lazy=false
10:24:44.364 [main] DEBUG org.hibernate.boot.model.internal.AbstractPropertyHolder - Attempting to locate auto-apply AttributeConverter for property [org.frcpm.models.Project:name]
10:24:44.364 [main] DEBUG org.hibernate.boot.model.internal.BasicValueBinder - building BasicValue for name
10:24:44.364 [main] DEBUG org.hibernate.mapping.BasicValue - Skipping column re-registration: projects.name
10:24:44.364 [main] DEBUG org.hibernate.boot.model.internal.PropertyBinder - Building property name
10:24:44.364 [main] DEBUG org.hibernate.boot.model.internal.AnnotatedColumn - Binding column: AnnotatedColumn(column='start_date')
10:24:44.364 [main] DEBUG org.hibernate.boot.model.internal.PropertyBinder - MetadataSourceProcessor property startDate with lazy=false
10:24:44.364 [main] DEBUG org.hibernate.boot.model.internal.AbstractPropertyHolder - Attempting to locate auto-apply AttributeConverter for property [org.frcpm.models.Project:startDate]
10:24:44.364 [main] DEBUG org.hibernate.boot.model.internal.BasicValueBinder - building BasicValue for startDate
10:24:44.364 [main] DEBUG org.hibernate.mapping.BasicValue - Skipping column re-registration: projects.start_date
10:24:44.364 [main] DEBUG org.hibernate.boot.model.internal.PropertyBinder - Building property startDate
10:24:44.364 [main] DEBUG org.hibernate.boot.model.internal.AnnotatedColumn - Binding column: AnnotatedJoinColumn()
10:24:44.364 [main] DEBUG org.hibernate.boot.model.internal.AnnotatedColumn - Binding column: AnnotatedColumn()
10:24:44.364 [main] DEBUG org.hibernate.boot.model.internal.AnnotatedColumn - Binding column: IndexColumn(column='tasks_ORDER')
10:24:44.364 [main] DEBUG org.hibernate.boot.model.internal.AnnotatedColumn - Binding column: AnnotatedColumn()
10:24:44.364 [main] DEBUG org.hibernate.boot.model.internal.AnnotatedColumn - Binding column: AnnotatedColumn(column='tasks_KEY')
10:24:44.364 [main] DEBUG org.hibernate.boot.model.internal.AnnotatedColumn - Binding column: AnnotatedJoinColumn(column='tasks_KEY')
10:24:44.364 [main] DEBUG org.hibernate.boot.model.internal.AnnotatedColumn - Binding column: AnnotatedJoinColumn()
10:24:44.364 [main] DEBUG org.hibernate.boot.model.internal.AnnotatedColumn - Binding column: AnnotatedJoinColumn()
10:24:44.364 [main] DEBUG org.hibernate.boot.model.internal.CollectionBinder - Collection role: org.frcpm.models.Project.tasks
10:24:44.364 [main] DEBUG org.hibernate.boot.model.internal.PropertyBinder - Building property tasks
10:24:44.365 [main] DEBUG org.hibernate.boot.registry.classloading.internal.ClassLoaderServiceImpl - HHH000194: Package not found or no package-info.java: org.frcpm.models
10:24:44.365 [main] DEBUG org.hibernate.boot.model.internal.EntityBinder - Binding entity from annotated class: org.frcpm.models.Subteam
10:24:44.365 [main] DEBUG org.hibernate.boot.model.internal.EntityBinder - Import with entity name Subteam
10:24:44.365 [main] DEBUG org.hibernate.boot.model.internal.EntityBinder - Bind entity org.frcpm.models.Subteam on table subteams
10:24:44.365 [main] DEBUG org.hibernate.boot.model.internal.AnnotatedColumn - Binding column: AnnotatedDiscriminatorColumn(column='DTYPE')
10:24:44.365 [main] DEBUG org.hibernate.boot.model.internal.AnnotatedColumn - Binding column: AnnotatedColumn()
10:24:44.365 [main] DEBUG org.hibernate.boot.internal.ClassLoaderAccessImpl - Not known whether passed class name [org.frcpm.models.Subteam] is safe
10:24:44.365 [main] DEBUG org.hibernate.boot.internal.ClassLoaderAccessImpl - No temp ClassLoader provided; using live ClassLoader for loading potentially unsafe class : org.frcpm.models.Subteam
10:24:44.365 [main] DEBUG org.hibernate.boot.model.internal.PropertyBinder - MetadataSourceProcessor property id with lazy=false
10:24:44.365 [main] DEBUG org.hibernate.boot.model.internal.AbstractPropertyHolder - Attempting to locate auto-apply AttributeConverter for property [org.frcpm.models.Subteam:id]
10:24:44.365 [main] DEBUG org.hibernate.boot.model.internal.BasicValueBinder - building BasicValue for id
10:24:44.365 [main] DEBUG org.hibernate.mapping.BasicValue - Skipping column re-registration: subteams.id
10:24:44.365 [main] DEBUG org.hibernate.boot.model.internal.PropertyBinder - Building property id
10:24:44.365 [main] DEBUG org.hibernate.boot.model.internal.BinderHelper - #makeIdGenerator(BasicValue([Column(id)]), id, identity, , ...)
10:24:44.365 [main] DEBUG org.hibernate.boot.model.internal.AnnotatedColumn - Binding column: AnnotatedColumn(column='color_code')
10:24:44.365 [main] DEBUG org.hibernate.boot.model.internal.PropertyBinder - MetadataSourceProcessor property colorCode with lazy=false
10:24:44.365 [main] DEBUG org.hibernate.boot.model.internal.AbstractPropertyHolder - Attempting to locate auto-apply AttributeConverter for property [org.frcpm.models.Subteam:colorCode]
10:24:44.365 [main] DEBUG org.hibernate.boot.model.internal.BasicValueBinder - building BasicValue for colorCode
10:24:44.365 [main] DEBUG org.hibernate.mapping.BasicValue - Skipping column re-registration: subteams.color_code
10:24:44.365 [main] DEBUG org.hibernate.boot.model.internal.PropertyBinder - Building property colorCode
10:24:44.365 [main] DEBUG org.hibernate.boot.model.internal.AnnotatedColumn - Binding column: AnnotatedJoinColumn()
10:24:44.365 [main] DEBUG org.hibernate.boot.model.internal.AnnotatedColumn - Binding column: AnnotatedColumn()
10:24:44.365 [main] DEBUG org.hibernate.boot.model.internal.AnnotatedColumn - Binding column: IndexColumn(column='members_ORDER')
10:24:44.365 [main] DEBUG org.hibernate.boot.model.internal.AnnotatedColumn - Binding column: AnnotatedColumn()
10:24:44.365 [main] DEBUG org.hibernate.boot.model.internal.AnnotatedColumn - Binding column: AnnotatedColumn(column='members_KEY')
10:24:44.365 [main] DEBUG org.hibernate.boot.model.internal.AnnotatedColumn - Binding column: AnnotatedJoinColumn(column='members_KEY')
10:24:44.365 [main] DEBUG org.hibernate.boot.model.internal.AnnotatedColumn - Binding column: AnnotatedJoinColumn()
10:24:44.365 [main] DEBUG org.hibernate.boot.model.internal.AnnotatedColumn - Binding column: AnnotatedJoinColumn()
10:24:44.365 [main] DEBUG org.hibernate.boot.model.internal.CollectionBinder - Collection role: org.frcpm.models.Subteam.members
10:24:44.365 [main] DEBUG org.hibernate.boot.model.internal.PropertyBinder - Building property members
10:24:44.365 [main] DEBUG org.hibernate.boot.model.internal.AnnotatedColumn - Binding column: AnnotatedColumn(column='name')
10:24:44.365 [main] DEBUG org.hibernate.boot.model.internal.PropertyBinder - MetadataSourceProcessor property name with lazy=false
10:24:44.365 [main] DEBUG org.hibernate.boot.model.internal.AbstractPropertyHolder - Attempting to locate auto-apply AttributeConverter for property [org.frcpm.models.Subteam:name]
10:24:44.365 [main] DEBUG org.hibernate.boot.model.internal.BasicValueBinder - building BasicValue for name
10:24:44.365 [main] DEBUG org.hibernate.mapping.BasicValue - Skipping column re-registration: subteams.name
10:24:44.365 [main] DEBUG org.hibernate.boot.model.internal.PropertyBinder - Building property name
10:24:44.365 [main] DEBUG org.hibernate.boot.model.internal.AnnotatedColumn - Binding column: AnnotatedColumn(column='specialties')
10:24:44.365 [main] DEBUG org.hibernate.boot.model.internal.PropertyBinder - MetadataSourceProcessor property specialties with lazy=false
10:24:44.365 [main] DEBUG org.hibernate.boot.model.internal.AbstractPropertyHolder - Attempting to locate auto-apply AttributeConverter for property [org.frcpm.models.Subteam:specialties]
10:24:44.365 [main] DEBUG org.hibernate.boot.model.internal.BasicValueBinder - building BasicValue for specialties
10:24:44.365 [main] DEBUG org.hibernate.mapping.BasicValue - Skipping column re-registration: subteams.specialties
10:24:44.365 [main] DEBUG org.hibernate.boot.model.internal.PropertyBinder - Building property specialties
10:24:44.365 [main] DEBUG org.hibernate.boot.model.internal.AnnotatedColumn - Binding column: AnnotatedJoinColumn()
10:24:44.365 [main] DEBUG org.hibernate.boot.model.internal.AnnotatedColumn - Binding column: AnnotatedColumn()
10:24:44.365 [main] DEBUG org.hibernate.boot.model.internal.AnnotatedColumn - Binding column: IndexColumn(column='subsystems_ORDER')
10:24:44.365 [main] DEBUG org.hibernate.boot.model.internal.AnnotatedColumn - Binding column: AnnotatedColumn()
10:24:44.365 [main] DEBUG org.hibernate.boot.model.internal.AnnotatedColumn - Binding column: AnnotatedColumn(column='subsystems_KEY')
10:24:44.365 [main] DEBUG org.hibernate.boot.model.internal.AnnotatedColumn - Binding column: AnnotatedJoinColumn(column='subsystems_KEY')
10:24:44.365 [main] DEBUG org.hibernate.boot.model.internal.AnnotatedColumn - Binding column: AnnotatedJoinColumn()
10:24:44.365 [main] DEBUG org.hibernate.boot.model.internal.AnnotatedColumn - Binding column: AnnotatedJoinColumn()
10:24:44.365 [main] DEBUG org.hibernate.boot.model.internal.CollectionBinder - Collection role: org.frcpm.models.Subteam.subsystems
10:24:44.365 [main] DEBUG org.hibernate.boot.model.internal.PropertyBinder - Building property subsystems
10:24:44.365 [main] DEBUG org.hibernate.boot.registry.classloading.internal.ClassLoaderServiceImpl - HHH000194: Package not found or no package-info.java: org.frcpm.models
10:24:44.365 [main] DEBUG org.hibernate.boot.model.internal.EntityBinder - Binding entity from annotated class: org.frcpm.models.Task
10:24:44.365 [main] DEBUG org.hibernate.boot.model.internal.EntityBinder - Import with entity name Task
10:24:44.365 [main] DEBUG org.hibernate.boot.model.internal.EntityBinder - Bind entity org.frcpm.models.Task on table tasks
10:24:44.365 [main] DEBUG org.hibernate.boot.model.internal.AnnotatedColumn - Binding column: AnnotatedDiscriminatorColumn(column='DTYPE')
10:24:44.365 [main] DEBUG org.hibernate.boot.model.internal.AnnotatedColumn - Binding column: AnnotatedColumn()
10:24:44.365 [main] DEBUG org.hibernate.boot.internal.ClassLoaderAccessImpl - Not known whether passed class name [org.frcpm.models.Task] is safe
10:24:44.365 [main] DEBUG org.hibernate.boot.internal.ClassLoaderAccessImpl - No temp ClassLoader provided; using live ClassLoader for loading potentially unsafe class : org.frcpm.models.Task
10:24:44.365 [main] DEBUG org.hibernate.boot.model.internal.PropertyBinder - MetadataSourceProcessor property id with lazy=false
10:24:44.365 [main] DEBUG org.hibernate.boot.model.internal.AbstractPropertyHolder - Attempting to locate auto-apply AttributeConverter for property [org.frcpm.models.Task:id]
10:24:44.365 [main] DEBUG org.hibernate.boot.model.internal.BasicValueBinder - building BasicValue for id
10:24:44.365 [main] DEBUG org.hibernate.mapping.BasicValue - Skipping column re-registration: tasks.id
10:24:44.365 [main] DEBUG org.hibernate.boot.model.internal.PropertyBinder - Building property id
10:24:44.365 [main] DEBUG org.hibernate.boot.model.internal.BinderHelper - #makeIdGenerator(BasicValue([Column(id)]), id, identity, , ...)
10:24:44.365 [main] DEBUG org.hibernate.boot.model.internal.AnnotatedColumn - Binding column: AnnotatedColumn(column='actual_duration_seconds')
10:24:44.365 [main] DEBUG org.hibernate.boot.model.internal.PropertyBinder - MetadataSourceProcessor property actualDurationSeconds with lazy=false
10:24:44.365 [main] DEBUG org.hibernate.boot.model.internal.AbstractPropertyHolder - Attempting to locate auto-apply AttributeConverter for property [org.frcpm.models.Task:actualDurationSeconds]
10:24:44.365 [main] DEBUG org.hibernate.boot.model.internal.BasicValueBinder - building BasicValue for actualDurationSeconds
10:24:44.365 [main] DEBUG org.hibernate.mapping.BasicValue - Skipping column re-registration: tasks.actual_duration_seconds
10:24:44.365 [main] DEBUG org.hibernate.boot.model.internal.PropertyBinder - Building property actualDurationSeconds
10:24:44.365 [main] DEBUG org.hibernate.boot.model.internal.AnnotatedColumn - Binding column: IndexColumn(column='assignedTo_ORDER')
10:24:44.365 [main] DEBUG org.hibernate.boot.model.internal.AnnotatedColumn - Binding column: AnnotatedColumn()
10:24:44.365 [main] DEBUG org.hibernate.boot.model.internal.AnnotatedColumn - Binding column: AnnotatedColumn(column='assignedTo_KEY')
10:24:44.365 [main] DEBUG org.hibernate.boot.model.internal.AnnotatedColumn - Binding column: AnnotatedJoinColumn(column='assignedTo_KEY')
10:24:44.365 [main] DEBUG org.hibernate.boot.model.internal.AnnotatedColumn - Binding column: AnnotatedJoinColumn(column='task_id')
10:24:44.365 [main] DEBUG org.hibernate.boot.model.internal.AnnotatedColumn - Binding column: AnnotatedJoinColumn(column='team_member_id')
10:24:44.365 [main] DEBUG org.hibernate.boot.model.internal.CollectionBinder - Collection role: org.frcpm.models.Task.assignedTo
10:24:44.365 [main] DEBUG org.hibernate.boot.model.internal.PropertyBinder - Building property assignedTo
10:24:44.365 [main] DEBUG org.hibernate.boot.model.internal.AnnotatedColumn - Binding column: AnnotatedColumn(column='completed')
10:24:44.365 [main] DEBUG org.hibernate.boot.model.internal.PropertyBinder - MetadataSourceProcessor property completed with lazy=false
10:24:44.365 [main] DEBUG org.hibernate.boot.model.internal.AbstractPropertyHolder - Attempting to locate auto-apply AttributeConverter for property [org.frcpm.models.Task:completed]
10:24:44.365 [main] DEBUG org.hibernate.boot.model.internal.BasicValueBinder - building BasicValue for completed
10:24:44.365 [main] DEBUG org.hibernate.mapping.BasicValue - Skipping column re-registration: tasks.completed
10:24:44.365 [main] DEBUG org.hibernate.boot.model.internal.PropertyBinder - Building property completed
10:24:44.365 [main] DEBUG org.hibernate.boot.model.internal.AnnotatedColumn - Binding column: AnnotatedColumn(column='description')
10:24:44.365 [main] DEBUG org.hibernate.boot.model.internal.PropertyBinder - MetadataSourceProcessor property description with lazy=false
10:24:44.365 [main] DEBUG org.hibernate.boot.model.internal.AbstractPropertyHolder - Attempting to locate auto-apply AttributeConverter for property [org.frcpm.models.Task:description]
10:24:44.365 [main] DEBUG org.hibernate.boot.model.internal.BasicValueBinder - building BasicValue for description
10:24:44.365 [main] DEBUG org.hibernate.mapping.BasicValue - Skipping column re-registration: tasks.description
10:24:44.365 [main] DEBUG org.hibernate.boot.model.internal.PropertyBinder - Building property description
10:24:44.365 [main] DEBUG org.hibernate.boot.model.internal.AnnotatedColumn - Binding column: AnnotatedColumn(column='end_date')
10:24:44.365 [main] DEBUG org.hibernate.boot.model.internal.PropertyBinder - MetadataSourceProcessor property endDate with lazy=false
10:24:44.365 [main] DEBUG org.hibernate.boot.model.internal.AbstractPropertyHolder - Attempting to locate auto-apply AttributeConverter for property [org.frcpm.models.Task:endDate]
10:24:44.365 [main] DEBUG org.hibernate.boot.model.internal.BasicValueBinder - building BasicValue for endDate
10:24:44.365 [main] DEBUG org.hibernate.mapping.BasicValue - Skipping column re-registration: tasks.end_date
10:24:44.365 [main] DEBUG org.hibernate.boot.model.internal.PropertyBinder - Building property endDate
10:24:44.365 [main] DEBUG org.hibernate.boot.model.internal.AnnotatedColumn - Binding column: AnnotatedColumn(column='estimated_duration_seconds')
10:24:44.365 [main] DEBUG org.hibernate.boot.model.internal.PropertyBinder - MetadataSourceProcessor property estimatedDurationSeconds with lazy=false
10:24:44.365 [main] DEBUG org.hibernate.boot.model.internal.AbstractPropertyHolder - Attempting to locate auto-apply AttributeConverter for property [org.frcpm.models.Task:estimatedDurationSeconds]
10:24:44.365 [main] DEBUG org.hibernate.boot.model.internal.BasicValueBinder - building BasicValue for estimatedDurationSeconds
10:24:44.365 [main] DEBUG org.hibernate.mapping.BasicValue - Skipping column re-registration: tasks.estimated_duration_seconds
10:24:44.365 [main] DEBUG org.hibernate.boot.model.internal.PropertyBinder - Building property estimatedDurationSeconds
10:24:44.365 [main] DEBUG org.hibernate.boot.model.internal.AnnotatedColumn - Binding column: IndexColumn(column='postDependencies_ORDER')
10:24:44.366 [main] DEBUG org.hibernate.boot.model.internal.AnnotatedColumn - Binding column: AnnotatedColumn()
10:24:44.366 [main] DEBUG org.hibernate.boot.model.internal.AnnotatedColumn - Binding column: AnnotatedColumn(column='postDependencies_KEY')
10:24:44.366 [main] DEBUG org.hibernate.boot.model.internal.AnnotatedColumn - Binding column: AnnotatedJoinColumn(column='postDependencies_KEY')
10:24:44.366 [main] DEBUG org.hibernate.boot.model.internal.AnnotatedColumn - Binding column: AnnotatedJoinColumn()
10:24:44.366 [main] DEBUG org.hibernate.boot.model.internal.AnnotatedColumn - Binding column: AnnotatedJoinColumn()
10:24:44.366 [main] DEBUG org.hibernate.boot.model.internal.CollectionBinder - Collection role: org.frcpm.models.Task.postDependencies
10:24:44.366 [main] DEBUG org.hibernate.boot.model.internal.PropertyBinder - Building property postDependencies
10:24:44.366 [main] DEBUG org.hibernate.boot.model.internal.AnnotatedColumn - Binding column: IndexColumn(column='preDependencies_ORDER')
10:24:44.366 [main] DEBUG org.hibernate.boot.model.internal.AnnotatedColumn - Binding column: AnnotatedColumn()
10:24:44.366 [main] DEBUG org.hibernate.boot.model.internal.AnnotatedColumn - Binding column: AnnotatedColumn(column='preDependencies_KEY')
10:24:44.366 [main] DEBUG org.hibernate.boot.model.internal.AnnotatedColumn - Binding column: AnnotatedJoinColumn(column='preDependencies_KEY')
10:24:44.366 [main] DEBUG org.hibernate.boot.model.internal.AnnotatedColumn - Binding column: AnnotatedJoinColumn(column='task_id')
10:24:44.366 [main] DEBUG org.hibernate.boot.model.internal.AnnotatedColumn - Binding column: AnnotatedJoinColumn(column='dependency_id')
10:24:44.366 [main] DEBUG org.hibernate.boot.model.internal.CollectionBinder - Collection role: org.frcpm.models.Task.preDependencies
10:24:44.366 [main] DEBUG org.hibernate.boot.model.internal.PropertyBinder - Building property preDependencies
10:24:44.366 [main] DEBUG org.hibernate.boot.model.internal.AnnotatedColumn - Binding column: AnnotatedColumn(column='priority')
10:24:44.366 [main] DEBUG org.hibernate.boot.model.internal.PropertyBinder - MetadataSourceProcessor property priority with lazy=false
10:24:44.366 [main] DEBUG org.hibernate.boot.model.internal.AbstractPropertyHolder - Attempting to locate auto-apply AttributeConverter for property [org.frcpm.models.Task:priority]
10:24:44.366 [main] DEBUG org.hibernate.boot.model.internal.BasicValueBinder - building BasicValue for priority
10:24:44.366 [main] DEBUG org.hibernate.mapping.BasicValue - Skipping column re-registration: tasks.priority
10:24:44.366 [main] DEBUG org.hibernate.boot.model.internal.PropertyBinder - Building property priority
10:24:44.366 [main] DEBUG org.hibernate.boot.model.internal.AnnotatedColumn - Binding column: AnnotatedColumn(column='progress')
10:24:44.366 [main] DEBUG org.hibernate.boot.model.internal.PropertyBinder - MetadataSourceProcessor property progress with lazy=false
10:24:44.366 [main] DEBUG org.hibernate.boot.model.internal.AbstractPropertyHolder - Attempting to locate auto-apply AttributeConverter for property [org.frcpm.models.Task:progress]
10:24:44.366 [main] DEBUG org.hibernate.boot.model.internal.BasicValueBinder - building BasicValue for progress
10:24:44.366 [main] DEBUG org.hibernate.mapping.BasicValue - Skipping column re-registration: tasks.progress
10:24:44.366 [main] DEBUG org.hibernate.boot.model.internal.PropertyBinder - Building property progress
10:24:44.366 [main] DEBUG org.hibernate.boot.model.internal.AnnotatedColumn - Binding column: AnnotatedJoinColumn(column='project_id')
10:24:44.366 [main] DEBUG org.hibernate.boot.model.internal.AnnotatedColumn - Binding column: AnnotatedColumn()
10:24:44.366 [main] DEBUG org.hibernate.boot.model.internal.PropertyBinder - Building property project
10:24:44.366 [main] DEBUG org.hibernate.boot.model.internal.AnnotatedColumn - Binding column: IndexColumn(column='requiredComponents_ORDER')
10:24:44.366 [main] DEBUG org.hibernate.boot.model.internal.AnnotatedColumn - Binding column: AnnotatedColumn()
10:24:44.366 [main] DEBUG org.hibernate.boot.model.internal.AnnotatedColumn - Binding column: AnnotatedColumn(column='requiredComponents_KEY')
10:24:44.366 [main] DEBUG org.hibernate.boot.model.internal.AnnotatedColumn - Binding column: AnnotatedJoinColumn(column='requiredComponents_KEY')
10:24:44.366 [main] DEBUG org.hibernate.boot.model.internal.AnnotatedColumn - Binding column: AnnotatedJoinColumn(column='task_id')
10:24:44.366 [main] DEBUG org.hibernate.boot.model.internal.AnnotatedColumn - Binding column: AnnotatedJoinColumn(column='component_id')
10:24:44.366 [main] DEBUG org.hibernate.boot.model.internal.CollectionBinder - Collection role: org.frcpm.models.Task.requiredComponents
10:24:44.366 [main] DEBUG org.hibernate.boot.model.internal.PropertyBinder - Building property requiredComponents
10:24:44.366 [main] DEBUG org.hibernate.boot.model.internal.AnnotatedColumn - Binding column: AnnotatedColumn(column='start_date')
10:24:44.366 [main] DEBUG org.hibernate.boot.model.internal.PropertyBinder - MetadataSourceProcessor property startDate with lazy=false
10:24:44.366 [main] DEBUG org.hibernate.boot.model.internal.AbstractPropertyHolder - Attempting to locate auto-apply AttributeConverter for property [org.frcpm.models.Task:startDate]
10:24:44.366 [main] DEBUG org.hibernate.boot.model.internal.BasicValueBinder - building BasicValue for startDate
10:24:44.366 [main] DEBUG org.hibernate.mapping.BasicValue - Skipping column re-registration: tasks.start_date
10:24:44.366 [main] DEBUG org.hibernate.boot.model.internal.PropertyBinder - Building property startDate
10:24:44.366 [main] DEBUG org.hibernate.boot.model.internal.AnnotatedColumn - Binding column: AnnotatedJoinColumn(column='subsystem_id')
10:24:44.366 [main] DEBUG org.hibernate.boot.model.internal.AnnotatedColumn - Binding column: AnnotatedColumn()
10:24:44.366 [main] DEBUG org.hibernate.boot.model.internal.PropertyBinder - Building property subsystem
10:24:44.366 [main] DEBUG org.hibernate.boot.model.internal.AnnotatedColumn - Binding column: AnnotatedColumn(column='title')
10:24:44.366 [main] DEBUG org.hibernate.boot.model.internal.PropertyBinder - MetadataSourceProcessor property title with lazy=false
10:24:44.366 [main] DEBUG org.hibernate.boot.model.internal.AbstractPropertyHolder - Attempting to locate auto-apply AttributeConverter for property [org.frcpm.models.Task:title]
10:24:44.366 [main] DEBUG org.hibernate.boot.model.internal.BasicValueBinder - building BasicValue for title
10:24:44.366 [main] DEBUG org.hibernate.mapping.BasicValue - Skipping column re-registration: tasks.title
10:24:44.366 [main] DEBUG org.hibernate.boot.model.internal.PropertyBinder - Building property title
10:24:44.366 [main] DEBUG org.hibernate.boot.registry.classloading.internal.ClassLoaderServiceImpl - HHH000194: Package not found or no package-info.java: org.frcpm.models
10:24:44.366 [main] DEBUG org.hibernate.boot.model.internal.EntityBinder - Binding entity from annotated class: org.frcpm.models.TeamMember
10:24:44.366 [main] DEBUG org.hibernate.boot.model.internal.EntityBinder - Import with entity name TeamMember
10:24:44.366 [main] DEBUG org.hibernate.boot.model.internal.EntityBinder - Bind entity org.frcpm.models.TeamMember on table team_members
10:24:44.366 [main] DEBUG org.hibernate.boot.model.internal.AnnotatedColumn - Binding column: AnnotatedDiscriminatorColumn(column='DTYPE')
10:24:44.366 [main] DEBUG org.hibernate.boot.model.internal.AnnotatedColumn - Binding column: AnnotatedColumn()
10:24:44.366 [main] DEBUG org.hibernate.boot.internal.ClassLoaderAccessImpl - Not known whether passed class name [org.frcpm.models.TeamMember] is safe
10:24:44.366 [main] DEBUG org.hibernate.boot.internal.ClassLoaderAccessImpl - No temp ClassLoader provided; using live ClassLoader for loading potentially unsafe class : org.frcpm.models.TeamMember
10:24:44.366 [main] DEBUG org.hibernate.boot.model.internal.PropertyBinder - MetadataSourceProcessor property id with lazy=false
10:24:44.366 [main] DEBUG org.hibernate.boot.model.internal.AbstractPropertyHolder - Attempting to locate auto-apply AttributeConverter for property [org.frcpm.models.TeamMember:id]
10:24:44.366 [main] DEBUG org.hibernate.boot.model.internal.BasicValueBinder - building BasicValue for id
10:24:44.366 [main] DEBUG org.hibernate.mapping.BasicValue - Skipping column re-registration: team_members.id
10:24:44.366 [main] DEBUG org.hibernate.boot.model.internal.PropertyBinder - Building property id
10:24:44.366 [main] DEBUG org.hibernate.boot.model.internal.BinderHelper - #makeIdGenerator(BasicValue([Column(id)]), id, identity, , ...)
10:24:44.366 [main] DEBUG org.hibernate.boot.model.internal.AnnotatedColumn - Binding column: IndexColumn(column='assignedTasks_ORDER')
10:24:44.366 [main] DEBUG org.hibernate.boot.model.internal.AnnotatedColumn - Binding column: AnnotatedColumn()
10:24:44.366 [main] DEBUG org.hibernate.boot.model.internal.AnnotatedColumn - Binding column: AnnotatedColumn(column='assignedTasks_KEY')
10:24:44.366 [main] DEBUG org.hibernate.boot.model.internal.AnnotatedColumn - Binding column: AnnotatedJoinColumn(column='assignedTasks_KEY')
10:24:44.366 [main] DEBUG org.hibernate.boot.model.internal.AnnotatedColumn - Binding column: AnnotatedJoinColumn()
10:24:44.366 [main] DEBUG org.hibernate.boot.model.internal.AnnotatedColumn - Binding column: AnnotatedJoinColumn()
10:24:44.366 [main] DEBUG org.hibernate.boot.model.internal.CollectionBinder - Collection role: org.frcpm.models.TeamMember.assignedTasks
10:24:44.366 [main] DEBUG org.hibernate.boot.model.internal.PropertyBinder - Building property assignedTasks
10:24:44.366 [main] DEBUG org.hibernate.boot.model.internal.AnnotatedColumn - Binding column: AnnotatedJoinColumn()
10:24:44.366 [main] DEBUG org.hibernate.boot.model.internal.AnnotatedColumn - Binding column: AnnotatedColumn()
10:24:44.366 [main] DEBUG org.hibernate.boot.model.internal.AnnotatedColumn - Binding column: IndexColumn(column='attendances_ORDER')
10:24:44.366 [main] DEBUG org.hibernate.boot.model.internal.AnnotatedColumn - Binding column: AnnotatedColumn()
10:24:44.366 [main] DEBUG org.hibernate.boot.model.internal.AnnotatedColumn - Binding column: AnnotatedColumn(column='attendances_KEY')
10:24:44.366 [main] DEBUG org.hibernate.boot.model.internal.AnnotatedColumn - Binding column: AnnotatedJoinColumn(column='attendances_KEY')
10:24:44.366 [main] DEBUG org.hibernate.boot.model.internal.AnnotatedColumn - Binding column: AnnotatedJoinColumn()
10:24:44.366 [main] DEBUG org.hibernate.boot.model.internal.AnnotatedColumn - Binding column: AnnotatedJoinColumn()
10:24:44.366 [main] DEBUG org.hibernate.boot.model.internal.CollectionBinder - Collection role: org.frcpm.models.TeamMember.attendances
10:24:44.366 [main] DEBUG org.hibernate.boot.model.internal.PropertyBinder - Building property attendances
10:24:44.366 [main] DEBUG org.hibernate.boot.model.internal.AnnotatedColumn - Binding column: AnnotatedColumn(column='email')
10:24:44.366 [main] DEBUG org.hibernate.boot.model.internal.PropertyBinder - MetadataSourceProcessor property email with lazy=false
10:24:44.366 [main] DEBUG org.hibernate.boot.model.internal.AbstractPropertyHolder - Attempting to locate auto-apply AttributeConverter for property [org.frcpm.models.TeamMember:email]
10:24:44.366 [main] DEBUG org.hibernate.boot.model.internal.BasicValueBinder - building BasicValue for email
10:24:44.366 [main] DEBUG org.hibernate.mapping.BasicValue - Skipping column re-registration: team_members.email
10:24:44.366 [main] DEBUG org.hibernate.boot.model.internal.PropertyBinder - Building property email
10:24:44.366 [main] DEBUG org.hibernate.boot.model.internal.AnnotatedColumn - Binding column: AnnotatedColumn(column='first_name')
10:24:44.366 [main] DEBUG org.hibernate.boot.model.internal.PropertyBinder - MetadataSourceProcessor property firstName with lazy=false
10:24:44.366 [main] DEBUG org.hibernate.boot.model.internal.AbstractPropertyHolder - Attempting to locate auto-apply AttributeConverter for property [org.frcpm.models.TeamMember:firstName]
10:24:44.366 [main] DEBUG org.hibernate.boot.model.internal.BasicValueBinder - building BasicValue for firstName
10:24:44.366 [main] DEBUG org.hibernate.mapping.BasicValue - Skipping column re-registration: team_members.first_name
10:24:44.366 [main] DEBUG org.hibernate.boot.model.internal.PropertyBinder - Building property firstName
10:24:44.366 [main] DEBUG org.hibernate.boot.model.internal.AnnotatedColumn - Binding column: AnnotatedColumn(column='last_name')
10:24:44.366 [main] DEBUG org.hibernate.boot.model.internal.PropertyBinder - MetadataSourceProcessor property lastName with lazy=false
10:24:44.366 [main] DEBUG org.hibernate.boot.model.internal.AbstractPropertyHolder - Attempting to locate auto-apply AttributeConverter for property [org.frcpm.models.TeamMember:lastName]
10:24:44.366 [main] DEBUG org.hibernate.boot.model.internal.BasicValueBinder - building BasicValue for lastName
10:24:44.366 [main] DEBUG org.hibernate.mapping.BasicValue - Skipping column re-registration: team_members.last_name
10:24:44.366 [main] DEBUG org.hibernate.boot.model.internal.PropertyBinder - Building property lastName
10:24:44.366 [main] DEBUG org.hibernate.boot.model.internal.AnnotatedColumn - Binding column: AnnotatedColumn(column='is_leader')
10:24:44.366 [main] DEBUG org.hibernate.boot.model.internal.PropertyBinder - MetadataSourceProcessor property leader with lazy=false
10:24:44.366 [main] DEBUG org.hibernate.boot.model.internal.AbstractPropertyHolder - Attempting to locate auto-apply AttributeConverter for property [org.frcpm.models.TeamMember:leader]
10:24:44.366 [main] DEBUG org.hibernate.boot.model.internal.BasicValueBinder - building BasicValue for leader
10:24:44.366 [main] DEBUG org.hibernate.mapping.BasicValue - Skipping column re-registration: team_members.is_leader
10:24:44.366 [main] DEBUG org.hibernate.boot.model.internal.PropertyBinder - Building property leader
10:24:44.366 [main] DEBUG org.hibernate.boot.model.internal.AnnotatedColumn - Binding column: AnnotatedColumn(column='phone')
10:24:44.366 [main] DEBUG org.hibernate.boot.model.internal.PropertyBinder - MetadataSourceProcessor property phone with lazy=false
10:24:44.366 [main] DEBUG org.hibernate.boot.model.internal.AbstractPropertyHolder - Attempting to locate auto-apply AttributeConverter for property [org.frcpm.models.TeamMember:phone]
10:24:44.366 [main] DEBUG org.hibernate.boot.model.internal.BasicValueBinder - building BasicValue for phone
10:24:44.366 [main] DEBUG org.hibernate.mapping.BasicValue - Skipping column re-registration: team_members.phone
10:24:44.366 [main] DEBUG org.hibernate.boot.model.internal.PropertyBinder - Building property phone
10:24:44.366 [main] DEBUG org.hibernate.boot.model.internal.AnnotatedColumn - Binding column: AnnotatedColumn(column='skills')
10:24:44.366 [main] DEBUG org.hibernate.boot.model.internal.PropertyBinder - MetadataSourceProcessor property skills with lazy=false
10:24:44.366 [main] DEBUG org.hibernate.boot.model.internal.AbstractPropertyHolder - Attempting to locate auto-apply AttributeConverter for property [org.frcpm.models.TeamMember:skills]
10:24:44.366 [main] DEBUG org.hibernate.boot.model.internal.BasicValueBinder - building BasicValue for skills
10:24:44.366 [main] DEBUG org.hibernate.mapping.BasicValue - Skipping column re-registration: team_members.skills
10:24:44.366 [main] DEBUG org.hibernate.boot.model.internal.PropertyBinder - Building property skills
10:24:44.366 [main] DEBUG org.hibernate.boot.model.internal.AnnotatedColumn - Binding column: AnnotatedJoinColumn(column='subteam_id')
10:24:44.366 [main] DEBUG org.hibernate.boot.model.internal.AnnotatedColumn - Binding column: AnnotatedColumn()
10:24:44.366 [main] DEBUG org.hibernate.boot.model.internal.PropertyBinder - Building property subteam
10:24:44.367 [main] DEBUG org.hibernate.boot.model.internal.AnnotatedColumn - Binding column: AnnotatedColumn(column='username')
10:24:44.367 [main] DEBUG org.hibernate.boot.model.internal.PropertyBinder - MetadataSourceProcessor property username with lazy=false
10:24:44.367 [main] DEBUG org.hibernate.boot.model.internal.AbstractPropertyHolder - Attempting to locate auto-apply AttributeConverter for property [org.frcpm.models.TeamMember:username]
10:24:44.367 [main] DEBUG org.hibernate.boot.model.internal.BasicValueBinder - building BasicValue for username
10:24:44.367 [main] DEBUG org.hibernate.mapping.BasicValue - Skipping column re-registration: team_members.username
10:24:44.367 [main] DEBUG org.hibernate.boot.model.internal.PropertyBinder - Building property username
10:24:44.367 [main] DEBUG org.hibernate.boot.registry.classloading.internal.ClassLoaderServiceImpl - HHH000194: Package not found or no package-info.java: org.frcpm.models
10:24:44.367 [main] DEBUG org.hibernate.boot.model.internal.BasicValueBinder - Starting `BasicValueBinder#fillSimpleValue` for id
10:24:44.367 [main] DEBUG org.hibernate.boot.model.internal.BasicValueBinder - Starting `BasicValueBinder#fillSimpleValue` for arrivalTime
10:24:44.367 [main] DEBUG org.hibernate.boot.model.internal.BasicValueBinder - Starting `BasicValueBinder#fillSimpleValue` for departureTime
10:24:44.367 [main] DEBUG org.hibernate.boot.model.internal.BasicValueBinder - Starting `BasicValueBinder#fillSimpleValue` for present
10:24:44.367 [main] DEBUG org.hibernate.boot.model.internal.BasicValueBinder - Starting `BasicValueBinder#fillSimpleValue` for id
10:24:44.367 [main] DEBUG org.hibernate.boot.model.internal.BasicValueBinder - Starting `BasicValueBinder#fillSimpleValue` for date
10:24:44.367 [main] DEBUG org.hibernate.boot.model.internal.BasicValueBinder - Starting `BasicValueBinder#fillSimpleValue` for endTime
10:24:44.367 [main] DEBUG org.hibernate.boot.model.internal.BasicValueBinder - Starting `BasicValueBinder#fillSimpleValue` for notes
10:24:44.367 [main] DEBUG org.hibernate.boot.model.internal.BasicValueBinder - Starting `BasicValueBinder#fillSimpleValue` for startTime
10:24:44.367 [main] DEBUG org.hibernate.boot.model.internal.BasicValueBinder - Starting `BasicValueBinder#fillSimpleValue` for id
10:24:44.367 [main] DEBUG org.hibernate.boot.model.internal.BasicValueBinder - Starting `BasicValueBinder#fillSimpleValue` for description
10:24:44.367 [main] DEBUG org.hibernate.boot.model.internal.BasicValueBinder - Starting `BasicValueBinder#fillSimpleValue` for name
10:24:44.367 [main] DEBUG org.hibernate.boot.model.internal.BasicValueBinder - Starting `BasicValueBinder#fillSimpleValue` for status
10:24:44.367 [main] DEBUG org.hibernate.boot.model.internal.BasicValueBinder - Starting `BasicValueBinder#fillSimpleValue` for id
10:24:44.367 [main] DEBUG org.hibernate.boot.model.internal.BasicValueBinder - Starting `BasicValueBinder#fillSimpleValue` for actualDelivery
10:24:44.367 [main] DEBUG org.hibernate.boot.model.internal.BasicValueBinder - Starting `BasicValueBinder#fillSimpleValue` for delivered
10:24:44.367 [main] DEBUG org.hibernate.boot.model.internal.BasicValueBinder - Starting `BasicValueBinder#fillSimpleValue` for description
10:24:44.367 [main] DEBUG org.hibernate.boot.model.internal.BasicValueBinder - Starting `BasicValueBinder#fillSimpleValue` for expectedDelivery
10:24:44.367 [main] DEBUG org.hibernate.boot.model.internal.BasicValueBinder - Starting `BasicValueBinder#fillSimpleValue` for name
10:24:44.367 [main] DEBUG org.hibernate.boot.model.internal.BasicValueBinder - Starting `BasicValueBinder#fillSimpleValue` for partNumber
10:24:44.367 [main] DEBUG org.hibernate.boot.model.internal.BasicValueBinder - Starting `BasicValueBinder#fillSimpleValue` for id
10:24:44.367 [main] DEBUG org.hibernate.boot.model.internal.BasicValueBinder - Starting `BasicValueBinder#fillSimpleValue` for date
10:24:44.367 [main] DEBUG org.hibernate.boot.model.internal.BasicValueBinder - Starting `BasicValueBinder#fillSimpleValue` for description
10:24:44.367 [main] DEBUG org.hibernate.boot.model.internal.BasicValueBinder - Starting `BasicValueBinder#fillSimpleValue` for name
10:24:44.367 [main] DEBUG org.hibernate.boot.model.internal.BasicValueBinder - Starting `BasicValueBinder#fillSimpleValue` for id
10:24:44.367 [main] DEBUG org.hibernate.boot.model.internal.BasicValueBinder - Starting `BasicValueBinder#fillSimpleValue` for description
10:24:44.367 [main] DEBUG org.hibernate.boot.model.internal.BasicValueBinder - Starting `BasicValueBinder#fillSimpleValue` for goalEndDate
10:24:44.367 [main] DEBUG org.hibernate.boot.model.internal.BasicValueBinder - Starting `BasicValueBinder#fillSimpleValue` for hardDeadline
10:24:44.367 [main] DEBUG org.hibernate.boot.model.internal.BasicValueBinder - Starting `BasicValueBinder#fillSimpleValue` for name
10:24:44.367 [main] DEBUG org.hibernate.boot.model.internal.BasicValueBinder - Starting `BasicValueBinder#fillSimpleValue` for startDate
10:24:44.367 [main] DEBUG org.hibernate.boot.model.internal.BasicValueBinder - Starting `BasicValueBinder#fillSimpleValue` for id
10:24:44.367 [main] DEBUG org.hibernate.boot.model.internal.BasicValueBinder - Starting `BasicValueBinder#fillSimpleValue` for colorCode
10:24:44.367 [main] DEBUG org.hibernate.boot.model.internal.BasicValueBinder - Starting `BasicValueBinder#fillSimpleValue` for name
10:24:44.367 [main] DEBUG org.hibernate.boot.model.internal.BasicValueBinder - Starting `BasicValueBinder#fillSimpleValue` for specialties
10:24:44.367 [main] DEBUG org.hibernate.boot.model.internal.BasicValueBinder - Starting `BasicValueBinder#fillSimpleValue` for id
10:24:44.367 [main] DEBUG org.hibernate.boot.model.internal.BasicValueBinder - Starting `BasicValueBinder#fillSimpleValue` for actualDurationSeconds
10:24:44.367 [main] DEBUG org.hibernate.boot.model.internal.BasicValueBinder - Starting `BasicValueBinder#fillSimpleValue` for completed
10:24:44.367 [main] DEBUG org.hibernate.boot.model.internal.BasicValueBinder - Starting `BasicValueBinder#fillSimpleValue` for description
10:24:44.367 [main] DEBUG org.hibernate.boot.model.internal.BasicValueBinder - Starting `BasicValueBinder#fillSimpleValue` for endDate
10:24:44.367 [main] DEBUG org.hibernate.boot.model.internal.BasicValueBinder - Starting `BasicValueBinder#fillSimpleValue` for estimatedDurationSeconds
10:24:44.367 [main] DEBUG org.hibernate.boot.model.internal.BasicValueBinder - Starting `BasicValueBinder#fillSimpleValue` for priority
10:24:44.367 [main] DEBUG org.hibernate.boot.model.internal.BasicValueBinder - Starting `BasicValueBinder#fillSimpleValue` for progress
10:24:44.367 [main] DEBUG org.hibernate.boot.model.internal.BasicValueBinder - Starting `BasicValueBinder#fillSimpleValue` for startDate
10:24:44.367 [main] DEBUG org.hibernate.boot.model.internal.BasicValueBinder - Starting `BasicValueBinder#fillSimpleValue` for title
10:24:44.367 [main] DEBUG org.hibernate.boot.model.internal.BasicValueBinder - Starting `BasicValueBinder#fillSimpleValue` for id
10:24:44.367 [main] DEBUG org.hibernate.boot.model.internal.BasicValueBinder - Starting `BasicValueBinder#fillSimpleValue` for email
10:24:44.367 [main] DEBUG org.hibernate.boot.model.internal.BasicValueBinder - Starting `BasicValueBinder#fillSimpleValue` for firstName
10:24:44.367 [main] DEBUG org.hibernate.boot.model.internal.BasicValueBinder - Starting `BasicValueBinder#fillSimpleValue` for lastName
10:24:44.367 [main] DEBUG org.hibernate.boot.model.internal.BasicValueBinder - Starting `BasicValueBinder#fillSimpleValue` for leader
10:24:44.367 [main] DEBUG org.hibernate.boot.model.internal.BasicValueBinder - Starting `BasicValueBinder#fillSimpleValue` for phone
10:24:44.367 [main] DEBUG org.hibernate.boot.model.internal.BasicValueBinder - Starting `BasicValueBinder#fillSimpleValue` for skills
10:24:44.367 [main] DEBUG org.hibernate.boot.model.internal.BasicValueBinder - Starting `BasicValueBinder#fillSimpleValue` for username
10:24:44.368 [main] DEBUG org.hibernate.mapping.PrimaryKey - Forcing column [id] to be non-null as it is part of the primary key for table [attendances]
10:24:44.368 [main] DEBUG org.hibernate.mapping.PrimaryKey - Forcing column [id] to be non-null as it is part of the primary key for table [meetings]
10:24:44.368 [main] DEBUG org.hibernate.mapping.PrimaryKey - Forcing column [id] to be non-null as it is part of the primary key for table [subsystems]
10:24:44.368 [main] DEBUG org.hibernate.mapping.PrimaryKey - Forcing column [id] to be non-null as it is part of the primary key for table [components]
10:24:44.368 [main] DEBUG org.hibernate.mapping.PrimaryKey - Forcing column [id] to be non-null as it is part of the primary key for table [milestones]
10:24:44.368 [main] DEBUG org.hibernate.mapping.PrimaryKey - Forcing column [id] to be non-null as it is part of the primary key for table [projects]
10:24:44.368 [main] DEBUG org.hibernate.mapping.PrimaryKey - Forcing column [id] to be non-null as it is part of the primary key for table [subteams]
10:24:44.368 [main] DEBUG org.hibernate.mapping.PrimaryKey - Forcing column [id] to be non-null as it is part of the primary key for table [tasks]
10:24:44.368 [main] DEBUG org.hibernate.mapping.PrimaryKey - Forcing column [id] to be non-null as it is part of the primary key for table [team_members]
10:24:44.368 [main] DEBUG org.hibernate.boot.model.internal.CollectionSecondPass - Second pass for collection: org.frcpm.models.Task.requiredComponents
10:24:44.368 [main] DEBUG org.hibernate.boot.model.internal.CollectionBinder - Binding a ManyToMany: org.frcpm.models.Task.requiredComponents
10:24:44.369 [main] DEBUG org.hibernate.boot.registry.classloading.internal.ClassLoaderServiceImpl - HHH000194: Package not found or no package-info.java: org.frcpm.models
10:24:44.370 [main] DEBUG org.hibernate.mapping.PrimaryKey - Forcing column [task_id] to be non-null as it is part of the primary key for table [task_components]
10:24:44.370 [main] DEBUG org.hibernate.mapping.PrimaryKey - Forcing column [component_id] to be non-null as it is part of the primary key for table [task_components]
10:24:44.370 [main] DEBUG org.hibernate.boot.model.internal.CollectionSecondPass - Mapped collection key: task_id, element: component_id
10:24:44.370 [main] DEBUG org.hibernate.boot.model.internal.CollectionSecondPass - Second pass for collection: org.frcpm.models.Task.preDependencies
10:24:44.370 [main] DEBUG org.hibernate.boot.model.internal.CollectionBinder - Binding a ManyToMany: org.frcpm.models.Task.preDependencies
10:24:44.370 [main] DEBUG org.hibernate.boot.registry.classloading.internal.ClassLoaderServiceImpl - HHH000194: Package not found or no package-info.java: org.frcpm.models
10:24:44.370 [main] DEBUG org.hibernate.mapping.PrimaryKey - Forcing column [task_id] to be non-null as it is part of the primary key for table [task_dependencies]
10:24:44.370 [main] DEBUG org.hibernate.mapping.PrimaryKey - Forcing column [dependency_id] to be non-null as it is part of the primary key for table [task_dependencies]
10:24:44.370 [main] DEBUG org.hibernate.boot.model.internal.CollectionSecondPass - Mapped collection key: task_id, element: dependency_id
10:24:44.370 [main] DEBUG org.hibernate.boot.model.internal.CollectionSecondPass - Second pass for collection: org.frcpm.models.Task.assignedTo
10:24:44.370 [main] DEBUG org.hibernate.boot.model.internal.CollectionBinder - Binding a ManyToMany: org.frcpm.models.Task.assignedTo
10:24:44.371 [main] DEBUG org.hibernate.boot.registry.classloading.internal.ClassLoaderServiceImpl - HHH000194: Package not found or no package-info.java: org.frcpm.models
10:24:44.371 [main] DEBUG org.hibernate.mapping.PrimaryKey - Forcing column [task_id] to be non-null as it is part of the primary key for table [task_assignments]
10:24:44.371 [main] DEBUG org.hibernate.mapping.PrimaryKey - Forcing column [team_member_id] to be non-null as it is part of the primary key for table [task_assignments]
10:24:44.371 [main] DEBUG org.hibernate.boot.model.internal.CollectionSecondPass - Mapped collection key: task_id, element: team_member_id
10:24:44.371 [main] DEBUG org.hibernate.boot.model.internal.CollectionSecondPass - Second pass for collection: org.frcpm.models.Meeting.attendances
10:24:44.371 [main] DEBUG org.hibernate.boot.model.internal.CollectionBinder - Binding a OneToMany: org.frcpm.models.Meeting.attendances through a foreign key
10:24:44.371 [main] DEBUG org.hibernate.boot.model.internal.CollectionBinder - Mapping collection: org.frcpm.models.Meeting.attendances -> attendances
10:24:44.371 [main] DEBUG org.hibernate.boot.model.internal.TableBinder - Retrieving property org.frcpm.models.Attendance.meeting
10:24:44.371 [main] DEBUG org.hibernate.boot.model.internal.CollectionSecondPass - Mapped collection key: meeting_id, one-to-many: org.frcpm.models.Attendance
10:24:44.371 [main] DEBUG org.hibernate.boot.model.internal.CollectionSecondPass - Second pass for collection: org.frcpm.models.Subsystem.tasks
10:24:44.371 [main] DEBUG org.hibernate.boot.model.internal.CollectionBinder - Binding a OneToMany: org.frcpm.models.Subsystem.tasks through a foreign key
10:24:44.371 [main] DEBUG org.hibernate.boot.model.internal.CollectionBinder - Mapping collection: org.frcpm.models.Subsystem.tasks -> tasks
10:24:44.371 [main] DEBUG org.hibernate.boot.model.internal.TableBinder - Retrieving property org.frcpm.models.Task.subsystem
10:24:44.371 [main] DEBUG org.hibernate.boot.model.internal.CollectionSecondPass - Mapped collection key: subsystem_id, one-to-many: org.frcpm.models.Task
10:24:44.371 [main] DEBUG org.hibernate.boot.model.internal.CollectionSecondPass - Second pass for collection: org.frcpm.models.Component.requiredForTasks
10:24:44.371 [main] DEBUG org.hibernate.boot.model.internal.CollectionBinder - Binding a ManyToMany: org.frcpm.models.Component.requiredForTasks
10:24:44.371 [main] DEBUG org.hibernate.boot.registry.classloading.internal.ClassLoaderServiceImpl - HHH000194: Package not found or no package-info.java: org.frcpm.models
10:24:44.371 [main] DEBUG org.hibernate.boot.model.internal.TableBinder - Retrieving property org.frcpm.models.Task.requiredComponents
10:24:44.371 [main] DEBUG org.hibernate.boot.model.internal.CollectionSecondPass - Mapped collection key: component_id, element: task_id
10:24:44.371 [main] DEBUG org.hibernate.boot.model.internal.CollectionSecondPass - Second pass for collection: org.frcpm.models.Project.meetings
10:24:44.371 [main] DEBUG org.hibernate.boot.model.internal.CollectionBinder - Binding a OneToMany: org.frcpm.models.Project.meetings through a foreign key
10:24:44.371 [main] DEBUG org.hibernate.boot.model.internal.CollectionBinder - Mapping collection: org.frcpm.models.Project.meetings -> meetings
10:24:44.371 [main] DEBUG org.hibernate.boot.model.internal.TableBinder - Retrieving property org.frcpm.models.Meeting.project
10:24:44.371 [main] DEBUG org.hibernate.boot.model.internal.CollectionSecondPass - Mapped collection key: project_id, one-to-many: org.frcpm.models.Meeting
10:24:44.371 [main] DEBUG org.hibernate.boot.model.internal.CollectionSecondPass - Second pass for collection: org.frcpm.models.Project.milestones
10:24:44.371 [main] DEBUG org.hibernate.boot.model.internal.CollectionBinder - Binding a OneToMany: org.frcpm.models.Project.milestones through a foreign key
10:24:44.371 [main] DEBUG org.hibernate.boot.model.internal.CollectionBinder - Mapping collection: org.frcpm.models.Project.milestones -> milestones
10:24:44.371 [main] DEBUG org.hibernate.boot.model.internal.TableBinder - Retrieving property org.frcpm.models.Milestone.project
10:24:44.371 [main] DEBUG org.hibernate.boot.model.internal.CollectionSecondPass - Mapped collection key: project_id, one-to-many: org.frcpm.models.Milestone
10:24:44.371 [main] DEBUG org.hibernate.boot.model.internal.CollectionSecondPass - Second pass for collection: org.frcpm.models.Project.tasks
10:24:44.371 [main] DEBUG org.hibernate.boot.model.internal.CollectionBinder - Binding a OneToMany: org.frcpm.models.Project.tasks through a foreign key
10:24:44.371 [main] DEBUG org.hibernate.boot.model.internal.CollectionBinder - Mapping collection: org.frcpm.models.Project.tasks -> tasks
10:24:44.371 [main] DEBUG org.hibernate.boot.model.internal.TableBinder - Retrieving property org.frcpm.models.Task.project
10:24:44.371 [main] DEBUG org.hibernate.boot.model.internal.CollectionSecondPass - Mapped collection key: project_id, one-to-many: org.frcpm.models.Task
10:24:44.371 [main] DEBUG org.hibernate.boot.model.internal.CollectionSecondPass - Second pass for collection: org.frcpm.models.Subteam.members
10:24:44.371 [main] DEBUG org.hibernate.boot.model.internal.CollectionBinder - Binding a OneToMany: org.frcpm.models.Subteam.members through a foreign key
10:24:44.371 [main] DEBUG org.hibernate.boot.model.internal.CollectionBinder - Mapping collection: org.frcpm.models.Subteam.members -> team_members
10:24:44.371 [main] DEBUG org.hibernate.boot.model.internal.TableBinder - Retrieving property org.frcpm.models.TeamMember.subteam
10:24:44.371 [main] DEBUG org.hibernate.boot.model.internal.CollectionSecondPass - Mapped collection key: subteam_id, one-to-many: org.frcpm.models.TeamMember
10:24:44.371 [main] DEBUG org.hibernate.boot.model.internal.CollectionSecondPass - Second pass for collection: org.frcpm.models.Subteam.subsystems
10:24:44.371 [main] DEBUG org.hibernate.boot.model.internal.CollectionBinder - Binding a OneToMany: org.frcpm.models.Subteam.subsystems through a foreign key
10:24:44.371 [main] DEBUG org.hibernate.boot.model.internal.CollectionBinder - Mapping collection: org.frcpm.models.Subteam.subsystems -> subsystems
10:24:44.371 [main] DEBUG org.hibernate.boot.model.internal.TableBinder - Retrieving property org.frcpm.models.Subsystem.responsibleSubteam
10:24:44.371 [main] DEBUG org.hibernate.boot.model.internal.CollectionSecondPass - Mapped collection key: responsible_subteam_id, one-to-many: org.frcpm.models.Subsystem
10:24:44.371 [main] DEBUG org.hibernate.boot.model.internal.CollectionSecondPass - Second pass for collection: org.frcpm.models.Task.postDependencies
10:24:44.371 [main] DEBUG org.hibernate.boot.model.internal.CollectionBinder - Binding a ManyToMany: org.frcpm.models.Task.postDependencies
10:24:44.372 [main] DEBUG org.hibernate.boot.registry.classloading.internal.ClassLoaderServiceImpl - HHH000194: Package not found or no package-info.java: org.frcpm.models
10:24:44.372 [main] DEBUG org.hibernate.boot.model.internal.TableBinder - Retrieving property org.frcpm.models.Task.preDependencies
10:24:44.372 [main] DEBUG org.hibernate.boot.model.internal.CollectionSecondPass - Mapped collection key: dependency_id, element: task_id
10:24:44.372 [main] DEBUG org.hibernate.boot.model.internal.CollectionSecondPass - Second pass for collection: org.frcpm.models.TeamMember.assignedTasks
10:24:44.372 [main] DEBUG org.hibernate.boot.model.internal.CollectionBinder - Binding a ManyToMany: org.frcpm.models.TeamMember.assignedTasks
10:24:44.372 [main] DEBUG org.hibernate.boot.registry.classloading.internal.ClassLoaderServiceImpl - HHH000194: Package not found or no package-info.java: org.frcpm.models
10:24:44.372 [main] DEBUG org.hibernate.boot.model.internal.TableBinder - Retrieving property org.frcpm.models.Task.assignedTo
10:24:44.372 [main] DEBUG org.hibernate.boot.model.internal.CollectionSecondPass - Mapped collection key: team_member_id, element: task_id
10:24:44.372 [main] DEBUG org.hibernate.boot.model.internal.CollectionSecondPass - Second pass for collection: org.frcpm.models.TeamMember.attendances
10:24:44.372 [main] DEBUG org.hibernate.boot.model.internal.CollectionBinder - Binding a OneToMany: org.frcpm.models.TeamMember.attendances through a foreign key
10:24:44.372 [main] DEBUG org.hibernate.boot.model.internal.CollectionBinder - Mapping collection: org.frcpm.models.TeamMember.attendances -> attendances
10:24:44.372 [main] DEBUG org.hibernate.boot.model.internal.TableBinder - Retrieving property org.frcpm.models.Attendance.member
10:24:44.372 [main] DEBUG org.hibernate.boot.model.internal.CollectionSecondPass - Mapped collection key: member_id, one-to-many: org.frcpm.models.Attendance
10:24:44.377 [main] DEBUG org.hibernate.internal.SessionFactoryImpl - Building session factory
10:24:44.378 [main] DEBUG org.hibernate.service.internal.SessionFactoryServiceRegistryImpl - EventListenerRegistry access via ServiceRegistry is deprecated.  Use `sessionFactory.getEventEngine().getListenerRegistry()` instead
10:24:44.378 [main] DEBUG org.hibernate.internal.SessionFactoryImpl - Instantiating SessionFactory with settings: {hibernate.format_sql=false, java.specification.version=21, sun.cpu.isalist=amd64, hibernate.connection.handling_mode=DELAYED_ACQUISITION_AND_RELEASE_AFTER_STATEMENT, sun.jnu.encoding=Cp1252, hibernate.dialect=org.hibernate.dialect.H2Dialect, java.class.path=C:\Users\dhiebert\Local Repositories\Project Management 2.0\target\test-classes;C:\Users\dhiebert\Local Repositories\Project Management 2.0\target\classes;C:\Users\dhiebert\.m2\repository\org\openjfx\javafx-controls\21.0.2\javafx-controls-21.0.2.jar;C:\Users\dhiebert\.m2\repository\org\openjfx\javafx-controls\21.0.2\javafx-controls-21.0.2-win.jar;C:\Users\dhiebert\.m2\repository\org\openjfx\javafx-fxml\21.0.2\javafx-fxml-21.0.2.jar;C:\Users\dhiebert\.m2\repository\org\openjfx\javafx-fxml\21.0.2\javafx-fxml-21.0.2-win.jar;C:\Users\dhiebert\.m2\repository\org\openjfx\javafx-graphics\21.0.2\javafx-graphics-21.0.2.jar;C:\Users\dhiebert\.m2\repository\org\openjfx\javafx-graphics\21.0.2\javafx-graphics-21.0.2-win.jar;C:\Users\dhiebert\.m2\repository\org\openjfx\javafx-base\21.0.2\javafx-base-21.0.2.jar;C:\Users\dhiebert\.m2\repository\org\openjfx\javafx-base\21.0.2\javafx-base-21.0.2-win.jar;C:\Users\dhiebert\.m2\repository\com\h2database\h2\2.2.224\h2-2.2.224.jar;C:\Users\dhiebert\.m2\repository\com\zaxxer\HikariCP\5.1.0\HikariCP-5.1.0.jar;C:\Users\dhiebert\.m2\repository\org\slf4j\slf4j-api\1.7.36\slf4j-api-1.7.36.jar;C:\Users\dhiebert\.m2\repository\org\hibernate\orm\hibernate-core\6.5.0.Final\hibernate-core-6.5.0.Final.jar;C:\Users\dhiebert\.m2\repository\jakarta\persistence\jakarta.persistence-api\3.1.0\jakarta.persistence-api-3.1.0.jar;C:\Users\dhiebert\.m2\repository\jakarta\transaction\jakarta.transaction-api\2.0.1\jakarta.transaction-api-2.0.1.jar;C:\Users\dhiebert\.m2\repository\org\jboss\logging\jboss-logging\3.5.0.Final\jboss-logging-3.5.0.Final.jar;C:\Users\dhiebert\.m2\repository\org\hibernate\common\hibernate-commons-annotations\6.0.6.Final\hibernate-commons-annotations-6.0.6.Final.jar;C:\Users\dhiebert\.m2\repository\io\smallrye\jandex\3.1.2\jandex-3.1.2.jar;C:\Users\dhiebert\.m2\repository\com\fasterxml\classmate\1.5.1\classmate-1.5.1.jar;C:\Users\dhiebert\.m2\repository\net\bytebuddy\byte-buddy\1.14.12\byte-buddy-1.14.12.jar;C:\Users\dhiebert\.m2\repository\jakarta\xml\bind\jakarta.xml.bind-api\4.0.0\jakarta.xml.bind-api-4.0.0.jar;C:\Users\dhiebert\.m2\repository\jakarta\activation\jakarta.activation-api\2.1.0\jakarta.activation-api-2.1.0.jar;C:\Users\dhiebert\.m2\repository\org\glassfish\jaxb\jaxb-runtime\4.0.2\jaxb-runtime-4.0.2.jar;C:\Users\dhiebert\.m2\repository\org\glassfish\jaxb\jaxb-core\4.0.2\jaxb-core-4.0.2.jar;C:\Users\dhiebert\.m2\repository\org\eclipse\angus\angus-activation\2.0.0\angus-activation-2.0.0.jar;C:\Users\dhiebert\.m2\repository\org\glassfish\jaxb\txw2\4.0.2\txw2-4.0.2.jar;C:\Users\dhiebert\.m2\repository\com\sun\istack\istack-commons-runtime\4.1.1\istack-commons-runtime-4.1.1.jar;C:\Users\dhiebert\.m2\repository\jakarta\inject\jakarta.inject-api\2.0.1\jakarta.inject-api-2.0.1.jar;C:\Users\dhiebert\.m2\repository\org\antlr\antlr4-runtime\4.13.0\antlr4-runtime-4.13.0.jar;C:\Users\dhiebert\.m2\repository\org\hibernate\validator\hibernate-validator\8.0.1.Final\hibernate-validator-8.0.1.Final.jar;C:\Users\dhiebert\.m2\repository\jakarta\validation\jakarta.validation-api\3.0.2\jakarta.validation-api-3.0.2.jar;C:\Users\dhiebert\.m2\repository\org\junit\jupiter\junit-jupiter-api\5.10.2\junit-jupiter-api-5.10.2.jar;C:\Users\dhiebert\.m2\repository\org\opentest4j\opentest4j\1.3.0\opentest4j-1.3.0.jar;C:\Users\dhiebert\.m2\repository\org\junit\platform\junit-platform-commons\1.10.2\junit-platform-commons-1.10.2.jar;C:\Users\dhiebert\.m2\repository\org\apiguardian\apiguardian-api\1.1.2\apiguardian-api-1.1.2.jar;C:\Users\dhiebert\.m2\repository\org\junit\jupiter\junit-jupiter-engine\5.10.2\junit-jupiter-engine-5.10.2.jar;C:\Users\dhiebert\.m2\repository\org\junit\platform\junit-platform-engine\1.10.2\junit-platform-engine-1.10.2.jar;C:\Users\dhiebert\.m2\repository\org\mockito\mockito-junit-jupiter\5.10.0\mockito-junit-jupiter-5.10.0.jar;C:\Users\dhiebert\.m2\repository\org\mockito\mockito-core\5.10.0\mockito-core-5.10.0.jar;C:\Users\dhiebert\.m2\repository\net\bytebuddy\byte-buddy-agent\1.14.11\byte-buddy-agent-1.14.11.jar;C:\Users\dhiebert\.m2\repository\org\objenesis\objenesis\3.3\objenesis-3.3.jar;C:\Users\dhiebert\.m2\repository\org\hibernate\orm\hibernate-hikaricp\6.5.0.Final\hibernate-hikaricp-6.5.0.Final.jar;C:\Users\dhiebert\.m2\repository\ch\qos\logback\logback-classic\1.2.11\logback-classic-1.2.11.jar;C:\Users\dhiebert\.m2\repository\ch\qos\logback\logback-core\1.2.11\logback-core-1.2.11.jar;C:\Users\dhiebert\.m2\repository\org\testfx\testfx-core\4.0.18\testfx-core-4.0.18.jar;C:\Users\dhiebert\.m2\repository\org\hamcrest\hamcrest\2.1\hamcrest-2.1.jar;C:\Users\dhiebert\.m2\repository\org\assertj\assertj-core\3.13.2\assertj-core-3.13.2.jar;C:\Users\dhiebert\.m2\repository\org\osgi\org.osgi.core\6.0.0\org.osgi.core-6.0.0.jar;C:\Users\dhiebert\.m2\repository\org\testfx\testfx-junit5\4.0.18\testfx-junit5-4.0.18.jar;C:\Users\dhiebert\.m2\repository\org\openjfx\javafx-web\17.0.2\javafx-web-17.0.2.jar;C:\Users\dhiebert\.m2\repository\org\openjfx\javafx-web\17.0.2\javafx-web-17.0.2-win.jar;C:\Users\dhiebert\.m2\repository\org\openjfx\javafx-media\17.0.2\javafx-media-17.0.2.jar;C:\Users\dhiebert\.m2\repository\org\openjfx\javafx-media\17.0.2\javafx-media-17.0.2-win.jar;C:\Users\dhiebert\.m2\repository\org\apache\pdfbox\pdfbox\2.0.27\pdfbox-2.0.27.jar;C:\Users\dhiebert\.m2\repository\org\apache\pdfbox\fontbox\2.0.27\fontbox-2.0.27.jar;C:\Users\dhiebert\.m2\repository\commons-logging\commons-logging\1.2\commons-logging-1.2.jar;C:\Users\dhiebert\.m2\repository\com\fasterxml\jackson\core\jackson-databind\2.15.0\jackson-databind-2.15.0.jar;C:\Users\dhiebert\.m2\repository\com\fasterxml\jackson\core\jackson-annotations\2.15.0\jackson-annotations-2.15.0.jar;C:\Users\dhiebert\.m2\repository\com\fasterxml\jackson\core\jackson-core\2.15.0\jackson-core-2.15.0.jar;C:\Users\dhiebert\.m2\repository\org\apache\xmlgraphics\batik-all\1.16\batik-all-1.16.jar;C:\Users\dhiebert\.m2\repository\xml-apis\xml-apis\1.4.01\xml-apis-1.4.01.jar;C:\Users\dhiebert\.m2\repository\xml-apis\xml-apis-ext\1.3.04\xml-apis-ext-1.3.04.jar;C:\Users\dhiebert\.m2\repository\org\apache\xmlgraphics\xmlgraphics-commons\2.7\xmlgraphics-commons-2.7.jar;C:\Users\dhiebert\.m2\repository\commons-io\commons-io\1.3.1\commons-io-1.3.1.jar;C:\Users\dhiebert\.m2\repository\org\jgrapht\jgrapht-core\1.5.2\jgrapht-core-1.5.2.jar;C:\Users\dhiebert\.m2\repository\org\jheaps\jheaps\0.14\jheaps-0.14.jar;C:\Users\dhiebert\.m2\repository\org\apfloat\apfloat\1.10.1\apfloat-1.10.1.jar;, java.vm.vendor=Eclipse Adoptium, sun.arch.data.model=64, hibernate.order_inserts=true, user.variant=, java.vendor.url=https://adoptium.net/, user.timezone=America/Chicago, javax.persistence.jdbc.user=****, javax.persistence.jdbc.url=jdbc:h2:file:C:\Users\dhiebert\.frcpm\frcpm, java.vm.specification.version=21, os.name=Windows 11, hibernate.generate_statistics=false, hibernate.hikari.connectionTimeout=10000, hibernate.order_updates=true, hibernate.jdbc.batch_versioned_data=true, jakarta.persistence.jdbc.password=****, hibernate.jdbc.batch_size=30, sun.java.launcher=SUN_STANDARD, user.country=US, local.setting.IS_JTA_TXN_COORD=false, sun.boot.library.path=C:\Program Files\Eclipse Adoptium\jdk-21.0.6.7-hotspot\bin, sun.java.command=C:\Users\dhiebert\AppData\Local\Temp\surefire9513985487531586668\surefirebooter-20250425102356946_3.jar C:\Users\dhiebert\AppData\Local\Temp\surefire9513985487531586668 2025-04-25T10-23-56_800-jvmRun1 surefire-20250425102356946_1tmp surefire_0-20250425102356946_2tmp, hibernate.use_sql_comments=false, hibernate.connection.provider_class=org.hibernate.hikaricp.internal.HikariCPConnectionProvider, jdk.debug=release, surefire.test.class.path=C:\Users\dhiebert\Local Repositories\Project Management 2.0\target\test-classes;C:\Users\dhiebert\Local Repositories\Project Management 2.0\target\classes;C:\Users\dhiebert\.m2\repository\org\openjfx\javafx-controls\21.0.2\javafx-controls-21.0.2.jar;C:\Users\dhiebert\.m2\repository\org\openjfx\javafx-controls\21.0.2\javafx-controls-21.0.2-win.jar;C:\Users\dhiebert\.m2\repository\org\openjfx\javafx-fxml\21.0.2\javafx-fxml-21.0.2.jar;C:\Users\dhiebert\.m2\repository\org\openjfx\javafx-fxml\21.0.2\javafx-fxml-21.0.2-win.jar;C:\Users\dhiebert\.m2\repository\org\openjfx\javafx-graphics\21.0.2\javafx-graphics-21.0.2.jar;C:\Users\dhiebert\.m2\repository\org\openjfx\javafx-graphics\21.0.2\javafx-graphics-21.0.2-win.jar;C:\Users\dhiebert\.m2\repository\org\openjfx\javafx-base\21.0.2\javafx-base-21.0.2.jar;C:\Users\dhiebert\.m2\repository\org\openjfx\javafx-base\21.0.2\javafx-base-21.0.2-win.jar;C:\Users\dhiebert\.m2\repository\com\h2database\h2\2.2.224\h2-2.2.224.jar;C:\Users\dhiebert\.m2\repository\com\zaxxer\HikariCP\5.1.0\HikariCP-5.1.0.jar;C:\Users\dhiebert\.m2\repository\org\slf4j\slf4j-api\1.7.36\slf4j-api-1.7.36.jar;C:\Users\dhiebert\.m2\repository\org\hibernate\orm\hibernate-core\6.5.0.Final\hibernate-core-6.5.0.Final.jar;C:\Users\dhiebert\.m2\repository\jakarta\persistence\jakarta.persistence-api\3.1.0\jakarta.persistence-api-3.1.0.jar;C:\Users\dhiebert\.m2\repository\jakarta\transaction\jakarta.transaction-api\2.0.1\jakarta.transaction-api-2.0.1.jar;C:\Users\dhiebert\.m2\repository\org\jboss\logging\jboss-logging\3.5.0.Final\jboss-logging-3.5.0.Final.jar;C:\Users\dhiebert\.m2\repository\org\hibernate\common\hibernate-commons-annotations\6.0.6.Final\hibernate-commons-annotations-6.0.6.Final.jar;C:\Users\dhiebert\.m2\repository\io\smallrye\jandex\3.1.2\jandex-3.1.2.jar;C:\Users\dhiebert\.m2\repository\com\fasterxml\classmate\1.5.1\classmate-1.5.1.jar;C:\Users\dhiebert\.m2\repository\net\bytebuddy\byte-buddy\1.14.12\byte-buddy-1.14.12.jar;C:\Users\dhiebert\.m2\repository\jakarta\xml\bind\jakarta.xml.bind-api\4.0.0\jakarta.xml.bind-api-4.0.0.jar;C:\Users\dhiebert\.m2\repository\jakarta\activation\jakarta.activation-api\2.1.0\jakarta.activation-api-2.1.0.jar;C:\Users\dhiebert\.m2\repository\org\glassfish\jaxb\jaxb-runtime\4.0.2\jaxb-runtime-4.0.2.jar;C:\Users\dhiebert\.m2\repository\org\glassfish\jaxb\jaxb-core\4.0.2\jaxb-core-4.0.2.jar;C:\Users\dhiebert\.m2\repository\org\eclipse\angus\angus-activation\2.0.0\angus-activation-2.0.0.jar;C:\Users\dhiebert\.m2\repository\org\glassfish\jaxb\txw2\4.0.2\txw2-4.0.2.jar;C:\Users\dhiebert\.m2\repository\com\sun\istack\istack-commons-runtime\4.1.1\istack-commons-runtime-4.1.1.jar;C:\Users\dhiebert\.m2\repository\jakarta\inject\jakarta.inject-api\2.0.1\jakarta.inject-api-2.0.1.jar;C:\Users\dhiebert\.m2\repository\org\antlr\antlr4-runtime\4.13.0\antlr4-runtime-4.13.0.jar;C:\Users\dhiebert\.m2\repository\org\hibernate\validator\hibernate-validator\8.0.1.Final\hibernate-validator-8.0.1.Final.jar;C:\Users\dhiebert\.m2\repository\jakarta\validation\jakarta.validation-api\3.0.2\jakarta.validation-api-3.0.2.jar;C:\Users\dhiebert\.m2\repository\org\junit\jupiter\junit-jupiter-api\5.10.2\junit-jupiter-api-5.10.2.jar;C:\Users\dhiebert\.m2\repository\org\opentest4j\opentest4j\1.3.0\opentest4j-1.3.0.jar;C:\Users\dhiebert\.m2\repository\org\junit\platform\junit-platform-commons\1.10.2\junit-platform-commons-1.10.2.jar;C:\Users\dhiebert\.m2\repository\org\apiguardian\apiguardian-api\1.1.2\apiguardian-api-1.1.2.jar;C:\Users\dhiebert\.m2\repository\org\junit\jupiter\junit-jupiter-engine\5.10.2\junit-jupiter-engine-5.10.2.jar;C:\Users\dhiebert\.m2\repository\org\junit\platform\junit-platform-engine\1.10.2\junit-platform-engine-1.10.2.jar;C:\Users\dhiebert\.m2\repository\org\mockito\mockito-junit-jupiter\5.10.0\mockito-junit-jupiter-5.10.0.jar;C:\Users\dhiebert\.m2\repository\org\mockito\mockito-core\5.10.0\mockito-core-5.10.0.jar;C:\Users\dhiebert\.m2\repository\net\bytebuddy\byte-buddy-agent\1.14.11\byte-buddy-agent-1.14.11.jar;C:\Users\dhiebert\.m2\repository\org\objenesis\objenesis\3.3\objenesis-3.3.jar;C:\Users\dhiebert\.m2\repository\org\hibernate\orm\hibernate-hikaricp\6.5.0.Final\hibernate-hikaricp-6.5.0.Final.jar;C:\Users\dhiebert\.m2\repository\ch\qos\logback\logback-classic\1.2.11\logback-classic-1.2.11.jar;C:\Users\dhiebert\.m2\repository\ch\qos\logback\logback-core\1.2.11\logback-core-1.2.11.jar;C:\Users\dhiebert\.m2\repository\org\testfx\testfx-core\4.0.18\testfx-core-4.0.18.jar;C:\Users\dhiebert\.m2\repository\org\hamcrest\hamcrest\2.1\hamcrest-2.1.jar;C:\Users\dhiebert\.m2\repository\org\assertj\assertj-core\3.13.2\assertj-core-3.13.2.jar;C:\Users\dhiebert\.m2\repository\org\osgi\org.osgi.core\6.0.0\org.osgi.core-6.0.0.jar;C:\Users\dhiebert\.m2\repository\org\testfx\testfx-junit5\4.0.18\testfx-junit5-4.0.18.jar;C:\Users\dhiebert\.m2\repository\org\openjfx\javafx-web\17.0.2\javafx-web-17.0.2.jar;C:\Users\dhiebert\.m2\repository\org\openjfx\javafx-web\17.0.2\javafx-web-17.0.2-win.jar;C:\Users\dhiebert\.m2\repository\org\openjfx\javafx-media\17.0.2\javafx-media-17.0.2.jar;C:\Users\dhiebert\.m2\repository\org\openjfx\javafx-media\17.0.2\javafx-media-17.0.2-win.jar;C:\Users\dhiebert\.m2\repository\org\apache\pdfbox\pdfbox\2.0.27\pdfbox-2.0.27.jar;C:\Users\dhiebert\.m2\repository\org\apache\pdfbox\fontbox\2.0.27\fontbox-2.0.27.jar;C:\Users\dhiebert\.m2\repository\commons-logging\commons-logging\1.2\commons-logging-1.2.jar;C:\Users\dhiebert\.m2\repository\com\fasterxml\jackson\core\jackson-databind\2.15.0\jackson-databind-2.15.0.jar;C:\Users\dhiebert\.m2\repository\com\fasterxml\jackson\core\jackson-annotations\2.15.0\jackson-annotations-2.15.0.jar;C:\Users\dhiebert\.m2\repository\com\fasterxml\jackson\core\jackson-core\2.15.0\jackson-core-2.15.0.jar;C:\Users\dhiebert\.m2\repository\org\apache\xmlgraphics\batik-all\1.16\batik-all-1.16.jar;C:\Users\dhiebert\.m2\repository\xml-apis\xml-apis\1.4.01\xml-apis-1.4.01.jar;C:\Users\dhiebert\.m2\repository\xml-apis\xml-apis-ext\1.3.04\xml-apis-ext-1.3.04.jar;C:\Users\dhiebert\.m2\repository\org\apache\xmlgraphics\xmlgraphics-commons\2.7\xmlgraphics-commons-2.7.jar;C:\Users\dhiebert\.m2\repository\commons-io\commons-io\1.3.1\commons-io-1.3.1.jar;C:\Users\dhiebert\.m2\repository\org\jgrapht\jgrapht-core\1.5.2\jgrapht-core-1.5.2.jar;C:\Users\dhiebert\.m2\repository\org\jheaps\jheaps\0.14\jheaps-0.14.jar;C:\Users\dhiebert\.m2\repository\org\apfloat\apfloat\1.10.1\apfloat-1.10.1.jar;, jakarta.persistence.jdbc.driver=org.h2.Driver, sun.cpu.endian=little, user.home=C:\Users\dhiebert, user.language=en, java.specification.vendor=Oracle Corporation, java.version.date=2025-01-21, java.home=C:\Program Files\Eclipse Adoptium\jdk-21.0.6.7-hotspot, file.separator=\, basedir=C:\Users\dhiebert\Local Repositories\Project Management 2.0, java.vm.compressedOopsMode=Zero based, jakarta.persistence.jdbc.user=****, line.separator=
, hibernate.persistenceUnitName=frcpm, java.vm.specification.vendor=Oracle Corporation, java.specification.name=Java Platform API Specification, hibernate.transaction.coordinator_class=class org.hibernate.resource.transaction.backend.jdbc.internal.JdbcResourceLocalTransactionCoordinatorBuilderImpl, javax.persistence.jdbc.driver=org.h2.Driver, hibernate.hikari.maximumPoolSize=10, surefire.real.class.path=C:\Users\dhiebert\AppData\Local\Temp\surefire9513985487531586668\surefirebooter-20250425102356946_3.jar, hibernate.hbm2ddl.auto=update, user.script=, sun.management.compiler=HotSpot 64-Bit Tiered Compilers, java.runtime.version=21.0.6+7-LTS, user.name=dhiebert, hibernate.cache.use_query_cache=false, stdout.encoding=Cp1252, path.separator=;, hibernate.connection.username=****, os.version=10.0, java.runtime.name=OpenJDK Runtime Environment, hibernate.connection.url=jdbc:h2:file:C:\Users\dhiebert\.frcpm\frcpm, file.encoding=UTF-8, hibernate.hikari.minimumIdle=2, hibernate.hikari.idleTimeout=30000, java.vm.name=OpenJDK 64-Bit Server VM, hibernate.show_sql=false, java.vendor.version=Temurin-21.0.6+7, hibernate.hikari.poolName=FRC-PM-HikariCP, hibernate.current_session_context_class=thread, localRepository=C:\Users\dhiebert\.m2\repository, hibernate.connection.driver_class=org.h2.Driver, java.vendor.url.bug=https://github.com/adoptium/adoptium-support/issues, java.io.tmpdir=C:\Users\dhiebert\AppData\Local\Temp\, java.version=21.0.6, user.dir=C:\Users\dhiebert\Local Repositories\Project Management 2.0, os.arch=amd64, java.vm.specification.name=Java Virtual Machine Specification, hibernate.connection.password=****, sun.os.patch.level=, jakarta.persistence.jdbc.url=jdbc:h2:file:C:\Users\dhiebert\.frcpm\frcpm, hibernate.boot.CfgXmlAccessService.key=org.hibernate.boot.registry.StandardServiceRegistryBuilder$1@76fdbbde, native.encoding=Cp1252, hibernate.cache.use_second_level_cache=false, java.library.path=C:\Program Files\Eclipse Adoptium\jdk-21.0.6.7-hotspot\bin;C:\WINDOWS\Sun\Java\bin;C:\WINDOWS\system32;C:\WINDOWS;C:\Program Files\apache-maven-3.9.9\bin;C:\Program Files\Eclipse Adoptium\jdk-21.0.6.7-hotspot\bin;C:\Program Files\National Instruments\Shared\OpenVINO\;C:\Program Files\Common Files\Oracle\Java\javapath;C:\WINDOWS\system32;C:\WINDOWS;C:\WINDOWS\System32\Wbem;C:\WINDOWS\System32\WindowsPowerShell\v1.0\;C:\WINDOWS\System32\OpenSSH\;C:\Program Files\dotnet\;C:\Program Files (x86)\Windows Live\Shared;C:\Program Files\Git\cmd;C:\Program Files\Common Files\Autodesk Shared\;C:\Program Files\Microsoft SQL Server\150\Tools\Binn\;C:\Program Files\nodejs\;C:\Program Files\Eclipse Adoptium\jdk-21.0.6.7-hotspot\bin;C:\Program Files\apache-maven-3.9.9\bin;%MAVEN_HOME%\bin;C:\Users\dhiebert\AppData\Local\Microsoft\WindowsApps;C:\Users\dhiebert\AppData\Local\GitHubDesktop\bin;C:\Users\dhiebert\AppData\Roaming\npm;C:\Users\dhiebert\AppData\Local\Packages\PythonSoftwareFoundation.Python.3.11_qbz5n2kfra8p0\LocalCache\local-packages\Python311\Scripts;C:\Users\dhiebert\AppData\Local\Packages\PythonSoftwareFoundation.Python.3.11_qbz5n2kfra8p0\LocalCache\local-packages\Python311\site-packages\maven;;c:\Users\Public\wpilib\2025\vscode\data\user-data\User\globalStorage\github.copilot-chat\debugCommand;c:\Users\Public\wpilib\2025\vscode\data\extensions\ms-python.debugpy-2025.4.1-win32-x64\bundled\scripts\noConfigScripts;., stderr.encoding=Cp1252, java.vendor=Eclipse Adoptium, java.vm.info=mixed mode, sharing, java.vm.version=21.0.6+7-LTS, sun.io.unicode.encoding=UnicodeLittle, javax.persistence.jdbc.password=****, java.class.version=65.0}
10:24:44.378 [main] DEBUG org.hibernate.internal.SessionFactoryImpl - Session factory constructed with filter configurations : {}
10:24:44.378 [main] DEBUG org.hibernate.validator.internal.xml.config.ValidationXmlParser - Trying to load META-INF/validation.xml for XML based Validator configuration.
10:24:44.378 [main] DEBUG org.hibernate.validator.internal.xml.config.ResourceLoaderHelper - Trying to load META-INF/validation.xml via TCCL
10:24:44.378 [main] DEBUG org.hibernate.validator.internal.xml.config.ResourceLoaderHelper - Trying to load META-INF/validation.xml via Hibernate Validator's class loader
10:24:44.378 [main] DEBUG org.hibernate.validator.internal.xml.config.ValidationXmlParser - No META-INF/validation.xml found. Using annotation based configuration only.
10:24:44.378 [main] DEBUG org.hibernate.validator.internal.engine.resolver.TraversableResolvers - Found jakarta.persistence.Persistence on classpath containing 'getPersistenceUtil'. Assuming JPA 2 environment. Trying to instantiate JPA aware TraversableResolver
10:24:44.378 [main] DEBUG org.hibernate.validator.internal.engine.resolver.TraversableResolvers - Instantiated JPA aware TraversableResolver of type org.hibernate.validator.internal.engine.resolver.JPATraversableResolver.
10:24:44.378 [main] DEBUG org.hibernate.validator.messageinterpolation.ResourceBundleMessageInterpolator - Failed to load expression factory via classloader jdk.internal.loader.ClassLoaders$AppClassLoader@70dea4e
java.lang.NoClassDefFoundError: jakarta/el/ExpressionFactory
	at org.hibernate.validator.messageinterpolation.ResourceBundleMessageInterpolator.canLoadExpressionFactory(ResourceBundleMessageInterpolator.java:228)
	at org.hibernate.validator.messageinterpolation.ResourceBundleMessageInterpolator.buildExpressionFactory(ResourceBundleMessageInterpolator.java:173)
	at org.hibernate.validator.messageinterpolation.ResourceBundleMessageInterpolator.<init>(ResourceBundleMessageInterpolator.java:97)
	at org.hibernate.validator.internal.engine.AbstractConfigurationImpl.getDefaultMessageInterpolator(AbstractConfigurationImpl.java:575)
	at org.hibernate.validator.internal.engine.AbstractConfigurationImpl.getDefaultMessageInterpolatorConfiguredWithClassLoader(AbstractConfigurationImpl.java:834)
	at org.hibernate.validator.internal.engine.AbstractConfigurationImpl.getMessageInterpolator(AbstractConfigurationImpl.java:485)
	at org.hibernate.validator.internal.engine.ValidatorFactoryImpl.<init>(ValidatorFactoryImpl.java:157)
	at org.hibernate.validator.HibernateValidator.buildValidatorFactory(HibernateValidator.java:38)
	at org.hibernate.validator.internal.engine.AbstractConfigurationImpl.buildValidatorFactory(AbstractConfigurationImpl.java:453)
	at jakarta.validation.Validation.buildDefaultValidatorFactory(Validation.java:103)
	at org.hibernate.boot.beanvalidation.TypeSafeActivator.getValidatorFactory(TypeSafeActivator.java:482)
	at org.hibernate.boot.beanvalidation.TypeSafeActivator.activate(TypeSafeActivator.java:79)
	at java.base/jdk.internal.reflect.DirectMethodHandleAccessor.invoke(DirectMethodHandleAccessor.java:103)
	at java.base/java.lang.reflect.Method.invoke(Method.java:580)
	at org.hibernate.boot.beanvalidation.BeanValidationIntegrator.integrate(BeanValidationIntegrator.java:139)
	at org.hibernate.internal.SessionFactoryImpl.integrate(SessionFactoryImpl.java:517)
	at org.hibernate.internal.SessionFactoryImpl.<init>(SessionFactoryImpl.java:276)
	at org.hibernate.boot.internal.SessionFactoryBuilderImpl.build(SessionFactoryBuilderImpl.java:457)
	at org.hibernate.jpa.boot.internal.EntityManagerFactoryBuilderImpl.build(EntityManagerFactoryBuilderImpl.java:1506)
	at org.hibernate.jpa.HibernatePersistenceProvider.createEntityManagerFactory(HibernatePersistenceProvider.java:55)
	at jakarta.persistence.Persistence.createEntityManagerFactory(Persistence.java:80)
	at org.frcpm.config.DatabaseConfig.initialize(DatabaseConfig.java:114)
	at org.frcpm.config.DatabaseConfig.initialize(DatabaseConfig.java:28)
	at org.frcpm.repositories.SubteamRepositoryTest.setUp(SubteamRepositoryTest.java:24)
	at java.base/jdk.internal.reflect.DirectMethodHandleAccessor.invoke(DirectMethodHandleAccessor.java:103)
	at java.base/java.lang.reflect.Method.invoke(Method.java:580)
	at org.junit.platform.commons.util.ReflectionUtils.invokeMethod(ReflectionUtils.java:728)
	at org.junit.jupiter.engine.execution.MethodInvocation.proceed(MethodInvocation.java:60)
	at org.junit.jupiter.engine.execution.InvocationInterceptorChain$ValidatingInvocation.proceed(InvocationInterceptorChain.java:131)
	at org.junit.jupiter.engine.extension.TimeoutExtension.intercept(TimeoutExtension.java:156)
	at org.junit.jupiter.engine.extension.TimeoutExtension.interceptLifecycleMethod(TimeoutExtension.java:128)
	at org.junit.jupiter.engine.extension.TimeoutExtension.interceptBeforeEachMethod(TimeoutExtension.java:78)
	at org.junit.jupiter.engine.execution.InterceptingExecutableInvoker$ReflectiveInterceptorCall.lambda$ofVoidMethod$0(InterceptingExecutableInvoker.java:103)
	at org.junit.jupiter.engine.execution.InterceptingExecutableInvoker.lambda$invoke$0(InterceptingExecutableInvoker.java:93)
	at org.junit.jupiter.engine.execution.InvocationInterceptorChain$InterceptedInvocation.proceed(InvocationInterceptorChain.java:106)
	at org.junit.jupiter.engine.execution.InvocationInterceptorChain.proceed(InvocationInterceptorChain.java:64)
	at org.junit.jupiter.engine.execution.InvocationInterceptorChain.chainAndInvoke(InvocationInterceptorChain.java:45)
	at org.junit.jupiter.engine.execution.InvocationInterceptorChain.invoke(InvocationInterceptorChain.java:37)
	at org.junit.jupiter.engine.execution.InterceptingExecutableInvoker.invoke(InterceptingExecutableInvoker.java:92)
	at org.junit.jupiter.engine.execution.InterceptingExecutableInvoker.invoke(InterceptingExecutableInvoker.java:86)
	at org.junit.jupiter.engine.descriptor.ClassBasedTestDescriptor.invokeMethodInExtensionContext(ClassBasedTestDescriptor.java:521)
	at org.junit.jupiter.engine.descriptor.ClassBasedTestDescriptor.lambda$synthesizeBeforeEachMethodAdapter$23(ClassBasedTestDescriptor.java:506)
	at org.junit.jupiter.engine.descriptor.TestMethodTestDescriptor.lambda$invokeBeforeEachMethods$3(TestMethodTestDescriptor.java:175)
	at org.junit.jupiter.engine.descriptor.TestMethodTestDescriptor.lambda$invokeBeforeMethodsOrCallbacksUntilExceptionOccurs$6(TestMethodTestDescriptor.java:203)
	at org.junit.platform.engine.support.hierarchical.ThrowableCollector.execute(ThrowableCollector.java:73)
	at org.junit.jupiter.engine.descriptor.TestMethodTestDescriptor.invokeBeforeMethodsOrCallbacksUntilExceptionOccurs(TestMethodTestDescriptor.java:203)
	at org.junit.jupiter.engine.descriptor.TestMethodTestDescriptor.invokeBeforeEachMethods(TestMethodTestDescriptor.java:172)
	at org.junit.jupiter.engine.descriptor.TestMethodTestDescriptor.execute(TestMethodTestDescriptor.java:135)
	at org.junit.jupiter.engine.descriptor.TestMethodTestDescriptor.execute(TestMethodTestDescriptor.java:69)
	at org.junit.platform.engine.support.hierarchical.NodeTestTask.lambda$executeRecursively$6(NodeTestTask.java:151)
	at org.junit.platform.engine.support.hierarchical.ThrowableCollector.execute(ThrowableCollector.java:73)
	at org.junit.platform.engine.support.hierarchical.NodeTestTask.lambda$executeRecursively$8(NodeTestTask.java:141)
	at org.junit.platform.engine.support.hierarchical.Node.around(Node.java:137)
	at org.junit.platform.engine.support.hierarchical.NodeTestTask.lambda$executeRecursively$9(NodeTestTask.java:139)
	at org.junit.platform.engine.support.hierarchical.ThrowableCollector.execute(ThrowableCollector.java:73)
	at org.junit.platform.engine.support.hierarchical.NodeTestTask.executeRecursively(NodeTestTask.java:138)
	at org.junit.platform.engine.support.hierarchical.NodeTestTask.execute(NodeTestTask.java:95)
	at java.base/java.util.ArrayList.forEach(ArrayList.java:1596)
	at org.junit.platform.engine.support.hierarchical.SameThreadHierarchicalTestExecutorService.invokeAll(SameThreadHierarchicalTestExecutorService.java:41)
	at org.junit.platform.engine.support.hierarchical.NodeTestTask.lambda$executeRecursively$6(NodeTestTask.java:155)
	at org.junit.platform.engine.support.hierarchical.ThrowableCollector.execute(ThrowableCollector.java:73)
	at org.junit.platform.engine.support.hierarchical.NodeTestTask.lambda$executeRecursively$8(NodeTestTask.java:141)
	at org.junit.platform.engine.support.hierarchical.Node.around(Node.java:137)
	at org.junit.platform.engine.support.hierarchical.NodeTestTask.lambda$executeRecursively$9(NodeTestTask.java:139)
	at org.junit.platform.engine.support.hierarchical.ThrowableCollector.execute(ThrowableCollector.java:73)
	at org.junit.platform.engine.support.hierarchical.NodeTestTask.executeRecursively(NodeTestTask.java:138)
	at org.junit.platform.engine.support.hierarchical.NodeTestTask.execute(NodeTestTask.java:95)
	at java.base/java.util.ArrayList.forEach(ArrayList.java:1596)
	at org.junit.platform.engine.support.hierarchical.SameThreadHierarchicalTestExecutorService.invokeAll(SameThreadHierarchicalTestExecutorService.java:41)
	at org.junit.platform.engine.support.hierarchical.NodeTestTask.lambda$executeRecursively$6(NodeTestTask.java:155)
	at org.junit.platform.engine.support.hierarchical.ThrowableCollector.execute(ThrowableCollector.java:73)
	at org.junit.platform.engine.support.hierarchical.NodeTestTask.lambda$executeRecursively$8(NodeTestTask.java:141)
	at org.junit.platform.engine.support.hierarchical.Node.around(Node.java:137)
	at org.junit.platform.engine.support.hierarchical.NodeTestTask.lambda$executeRecursively$9(NodeTestTask.java:139)
	at org.junit.platform.engine.support.hierarchical.ThrowableCollector.execute(ThrowableCollector.java:73)
	at org.junit.platform.engine.support.hierarchical.NodeTestTask.executeRecursively(NodeTestTask.java:138)
	at org.junit.platform.engine.support.hierarchical.NodeTestTask.execute(NodeTestTask.java:95)
	at org.junit.platform.engine.support.hierarchical.SameThreadHierarchicalTestExecutorService.submit(SameThreadHierarchicalTestExecutorService.java:35)
	at org.junit.platform.engine.support.hierarchical.HierarchicalTestExecutor.execute(HierarchicalTestExecutor.java:57)
	at org.junit.platform.engine.support.hierarchical.HierarchicalTestEngine.execute(HierarchicalTestEngine.java:54)
	at org.junit.platform.launcher.core.EngineExecutionOrchestrator.execute(EngineExecutionOrchestrator.java:198)
	at org.junit.platform.launcher.core.EngineExecutionOrchestrator.execute(EngineExecutionOrchestrator.java:169)
	at org.junit.platform.launcher.core.EngineExecutionOrchestrator.execute(EngineExecutionOrchestrator.java:93)
	at org.junit.platform.launcher.core.EngineExecutionOrchestrator.lambda$execute$0(EngineExecutionOrchestrator.java:58)
	at org.junit.platform.launcher.core.EngineExecutionOrchestrator.withInterceptedStreams(EngineExecutionOrchestrator.java:141)
	at org.junit.platform.launcher.core.EngineExecutionOrchestrator.execute(EngineExecutionOrchestrator.java:57)
	at org.junit.platform.launcher.core.DefaultLauncher.execute(DefaultLauncher.java:103)
	at org.junit.platform.launcher.core.DefaultLauncher.execute(DefaultLauncher.java:85)
	at org.junit.platform.launcher.core.DelegatingLauncher.execute(DelegatingLauncher.java:47)
	at org.apache.maven.surefire.junitplatform.LazyLauncher.execute(LazyLauncher.java:56)
	at org.apache.maven.surefire.junitplatform.JUnitPlatformProvider.execute(JUnitPlatformProvider.java:184)
	at org.apache.maven.surefire.junitplatform.JUnitPlatformProvider.invokeAllTests(JUnitPlatformProvider.java:148)
	at org.apache.maven.surefire.junitplatform.JUnitPlatformProvider.invoke(JUnitPlatformProvider.java:122)
	at org.apache.maven.surefire.booter.ForkedBooter.runSuitesInProcess(ForkedBooter.java:385)
	at org.apache.maven.surefire.booter.ForkedBooter.execute(ForkedBooter.java:162)
	at org.apache.maven.surefire.booter.ForkedBooter.run(ForkedBooter.java:507)
	at org.apache.maven.surefire.booter.ForkedBooter.main(ForkedBooter.java:495)
Caused by: java.lang.ClassNotFoundException: jakarta.el.ExpressionFactory
	... 97 common frames omitted
10:24:44.379 [main] DEBUG org.hibernate.validator.messageinterpolation.ResourceBundleMessageInterpolator - Failed to load expression factory via classloader jdk.internal.loader.ClassLoaders$AppClassLoader@70dea4e
java.lang.NoClassDefFoundError: jakarta/el/ExpressionFactory
	at org.hibernate.validator.messageinterpolation.ResourceBundleMessageInterpolator.canLoadExpressionFactory(ResourceBundleMessageInterpolator.java:228)
	at org.hibernate.validator.messageinterpolation.ResourceBundleMessageInterpolator.buildExpressionFactory(ResourceBundleMessageInterpolator.java:186)
	at org.hibernate.validator.messageinterpolation.ResourceBundleMessageInterpolator.<init>(ResourceBundleMessageInterpolator.java:97)
	at org.hibernate.validator.internal.engine.AbstractConfigurationImpl.getDefaultMessageInterpolator(AbstractConfigurationImpl.java:575)
	at org.hibernate.validator.internal.engine.AbstractConfigurationImpl.getDefaultMessageInterpolatorConfiguredWithClassLoader(AbstractConfigurationImpl.java:834)
	at org.hibernate.validator.internal.engine.AbstractConfigurationImpl.getMessageInterpolator(AbstractConfigurationImpl.java:485)
	at org.hibernate.validator.internal.engine.ValidatorFactoryImpl.<init>(ValidatorFactoryImpl.java:157)
	at org.hibernate.validator.HibernateValidator.buildValidatorFactory(HibernateValidator.java:38)
	at org.hibernate.validator.internal.engine.AbstractConfigurationImpl.buildValidatorFactory(AbstractConfigurationImpl.java:453)
	at jakarta.validation.Validation.buildDefaultValidatorFactory(Validation.java:103)
	at org.hibernate.boot.beanvalidation.TypeSafeActivator.getValidatorFactory(TypeSafeActivator.java:482)
	at org.hibernate.boot.beanvalidation.TypeSafeActivator.activate(TypeSafeActivator.java:79)
	at java.base/jdk.internal.reflect.DirectMethodHandleAccessor.invoke(DirectMethodHandleAccessor.java:103)
	at java.base/java.lang.reflect.Method.invoke(Method.java:580)
	at org.hibernate.boot.beanvalidation.BeanValidationIntegrator.integrate(BeanValidationIntegrator.java:139)
	at org.hibernate.internal.SessionFactoryImpl.integrate(SessionFactoryImpl.java:517)
	at org.hibernate.internal.SessionFactoryImpl.<init>(SessionFactoryImpl.java:276)
	at org.hibernate.boot.internal.SessionFactoryBuilderImpl.build(SessionFactoryBuilderImpl.java:457)
	at org.hibernate.jpa.boot.internal.EntityManagerFactoryBuilderImpl.build(EntityManagerFactoryBuilderImpl.java:1506)
	at org.hibernate.jpa.HibernatePersistenceProvider.createEntityManagerFactory(HibernatePersistenceProvider.java:55)
	at jakarta.persistence.Persistence.createEntityManagerFactory(Persistence.java:80)
	at org.frcpm.config.DatabaseConfig.initialize(DatabaseConfig.java:114)
	at org.frcpm.config.DatabaseConfig.initialize(DatabaseConfig.java:28)
	at org.frcpm.repositories.SubteamRepositoryTest.setUp(SubteamRepositoryTest.java:24)
	at java.base/jdk.internal.reflect.DirectMethodHandleAccessor.invoke(DirectMethodHandleAccessor.java:103)
	at java.base/java.lang.reflect.Method.invoke(Method.java:580)
	at org.junit.platform.commons.util.ReflectionUtils.invokeMethod(ReflectionUtils.java:728)
	at org.junit.jupiter.engine.execution.MethodInvocation.proceed(MethodInvocation.java:60)
	at org.junit.jupiter.engine.execution.InvocationInterceptorChain$ValidatingInvocation.proceed(InvocationInterceptorChain.java:131)
	at org.junit.jupiter.engine.extension.TimeoutExtension.intercept(TimeoutExtension.java:156)
	at org.junit.jupiter.engine.extension.TimeoutExtension.interceptLifecycleMethod(TimeoutExtension.java:128)
	at org.junit.jupiter.engine.extension.TimeoutExtension.interceptBeforeEachMethod(TimeoutExtension.java:78)
	at org.junit.jupiter.engine.execution.InterceptingExecutableInvoker$ReflectiveInterceptorCall.lambda$ofVoidMethod$0(InterceptingExecutableInvoker.java:103)
	at org.junit.jupiter.engine.execution.InterceptingExecutableInvoker.lambda$invoke$0(InterceptingExecutableInvoker.java:93)
	at org.junit.jupiter.engine.execution.InvocationInterceptorChain$InterceptedInvocation.proceed(InvocationInterceptorChain.java:106)
	at org.junit.jupiter.engine.execution.InvocationInterceptorChain.proceed(InvocationInterceptorChain.java:64)
	at org.junit.jupiter.engine.execution.InvocationInterceptorChain.chainAndInvoke(InvocationInterceptorChain.java:45)
	at org.junit.jupiter.engine.execution.InvocationInterceptorChain.invoke(InvocationInterceptorChain.java:37)
	at org.junit.jupiter.engine.execution.InterceptingExecutableInvoker.invoke(InterceptingExecutableInvoker.java:92)
	at org.junit.jupiter.engine.execution.InterceptingExecutableInvoker.invoke(InterceptingExecutableInvoker.java:86)
	at org.junit.jupiter.engine.descriptor.ClassBasedTestDescriptor.invokeMethodInExtensionContext(ClassBasedTestDescriptor.java:521)
	at org.junit.jupiter.engine.descriptor.ClassBasedTestDescriptor.lambda$synthesizeBeforeEachMethodAdapter$23(ClassBasedTestDescriptor.java:506)
	at org.junit.jupiter.engine.descriptor.TestMethodTestDescriptor.lambda$invokeBeforeEachMethods$3(TestMethodTestDescriptor.java:175)
	at org.junit.jupiter.engine.descriptor.TestMethodTestDescriptor.lambda$invokeBeforeMethodsOrCallbacksUntilExceptionOccurs$6(TestMethodTestDescriptor.java:203)
	at org.junit.platform.engine.support.hierarchical.ThrowableCollector.execute(ThrowableCollector.java:73)
	at org.junit.jupiter.engine.descriptor.TestMethodTestDescriptor.invokeBeforeMethodsOrCallbacksUntilExceptionOccurs(TestMethodTestDescriptor.java:203)
	at org.junit.jupiter.engine.descriptor.TestMethodTestDescriptor.invokeBeforeEachMethods(TestMethodTestDescriptor.java:172)
	at org.junit.jupiter.engine.descriptor.TestMethodTestDescriptor.execute(TestMethodTestDescriptor.java:135)
	at org.junit.jupiter.engine.descriptor.TestMethodTestDescriptor.execute(TestMethodTestDescriptor.java:69)
	at org.junit.platform.engine.support.hierarchical.NodeTestTask.lambda$executeRecursively$6(NodeTestTask.java:151)
	at org.junit.platform.engine.support.hierarchical.ThrowableCollector.execute(ThrowableCollector.java:73)
	at org.junit.platform.engine.support.hierarchical.NodeTestTask.lambda$executeRecursively$8(NodeTestTask.java:141)
	at org.junit.platform.engine.support.hierarchical.Node.around(Node.java:137)
	at org.junit.platform.engine.support.hierarchical.NodeTestTask.lambda$executeRecursively$9(NodeTestTask.java:139)
	at org.junit.platform.engine.support.hierarchical.ThrowableCollector.execute(ThrowableCollector.java:73)
	at org.junit.platform.engine.support.hierarchical.NodeTestTask.executeRecursively(NodeTestTask.java:138)
	at org.junit.platform.engine.support.hierarchical.NodeTestTask.execute(NodeTestTask.java:95)
	at java.base/java.util.ArrayList.forEach(ArrayList.java:1596)
	at org.junit.platform.engine.support.hierarchical.SameThreadHierarchicalTestExecutorService.invokeAll(SameThreadHierarchicalTestExecutorService.java:41)
	at org.junit.platform.engine.support.hierarchical.NodeTestTask.lambda$executeRecursively$6(NodeTestTask.java:155)
	at org.junit.platform.engine.support.hierarchical.ThrowableCollector.execute(ThrowableCollector.java:73)
	at org.junit.platform.engine.support.hierarchical.NodeTestTask.lambda$executeRecursively$8(NodeTestTask.java:141)
	at org.junit.platform.engine.support.hierarchical.Node.around(Node.java:137)
	at org.junit.platform.engine.support.hierarchical.NodeTestTask.lambda$executeRecursively$9(NodeTestTask.java:139)
	at org.junit.platform.engine.support.hierarchical.ThrowableCollector.execute(ThrowableCollector.java:73)
	at org.junit.platform.engine.support.hierarchical.NodeTestTask.executeRecursively(NodeTestTask.java:138)
	at org.junit.platform.engine.support.hierarchical.NodeTestTask.execute(NodeTestTask.java:95)
	at java.base/java.util.ArrayList.forEach(ArrayList.java:1596)
	at org.junit.platform.engine.support.hierarchical.SameThreadHierarchicalTestExecutorService.invokeAll(SameThreadHierarchicalTestExecutorService.java:41)
	at org.junit.platform.engine.support.hierarchical.NodeTestTask.lambda$executeRecursively$6(NodeTestTask.java:155)
	at org.junit.platform.engine.support.hierarchical.ThrowableCollector.execute(ThrowableCollector.java:73)
	at org.junit.platform.engine.support.hierarchical.NodeTestTask.lambda$executeRecursively$8(NodeTestTask.java:141)
	at org.junit.platform.engine.support.hierarchical.Node.around(Node.java:137)
	at org.junit.platform.engine.support.hierarchical.NodeTestTask.lambda$executeRecursively$9(NodeTestTask.java:139)
	at org.junit.platform.engine.support.hierarchical.ThrowableCollector.execute(ThrowableCollector.java:73)
	at org.junit.platform.engine.support.hierarchical.NodeTestTask.executeRecursively(NodeTestTask.java:138)
	at org.junit.platform.engine.support.hierarchical.NodeTestTask.execute(NodeTestTask.java:95)
	at org.junit.platform.engine.support.hierarchical.SameThreadHierarchicalTestExecutorService.submit(SameThreadHierarchicalTestExecutorService.java:35)
	at org.junit.platform.engine.support.hierarchical.HierarchicalTestExecutor.execute(HierarchicalTestExecutor.java:57)
	at org.junit.platform.engine.support.hierarchical.HierarchicalTestEngine.execute(HierarchicalTestEngine.java:54)
	at org.junit.platform.launcher.core.EngineExecutionOrchestrator.execute(EngineExecutionOrchestrator.java:198)
	at org.junit.platform.launcher.core.EngineExecutionOrchestrator.execute(EngineExecutionOrchestrator.java:169)
	at org.junit.platform.launcher.core.EngineExecutionOrchestrator.execute(EngineExecutionOrchestrator.java:93)
	at org.junit.platform.launcher.core.EngineExecutionOrchestrator.lambda$execute$0(EngineExecutionOrchestrator.java:58)
	at org.junit.platform.launcher.core.EngineExecutionOrchestrator.withInterceptedStreams(EngineExecutionOrchestrator.java:141)
	at org.junit.platform.launcher.core.EngineExecutionOrchestrator.execute(EngineExecutionOrchestrator.java:57)
	at org.junit.platform.launcher.core.DefaultLauncher.execute(DefaultLauncher.java:103)
	at org.junit.platform.launcher.core.DefaultLauncher.execute(DefaultLauncher.java:85)
	at org.junit.platform.launcher.core.DelegatingLauncher.execute(DelegatingLauncher.java:47)
	at org.apache.maven.surefire.junitplatform.LazyLauncher.execute(LazyLauncher.java:56)
	at org.apache.maven.surefire.junitplatform.JUnitPlatformProvider.execute(JUnitPlatformProvider.java:184)
	at org.apache.maven.surefire.junitplatform.JUnitPlatformProvider.invokeAllTests(JUnitPlatformProvider.java:148)
	at org.apache.maven.surefire.junitplatform.JUnitPlatformProvider.invoke(JUnitPlatformProvider.java:122)
	at org.apache.maven.surefire.booter.ForkedBooter.runSuitesInProcess(ForkedBooter.java:385)
	at org.apache.maven.surefire.booter.ForkedBooter.execute(ForkedBooter.java:162)
	at org.apache.maven.surefire.booter.ForkedBooter.run(ForkedBooter.java:507)
	at org.apache.maven.surefire.booter.ForkedBooter.main(ForkedBooter.java:495)
Caused by: java.lang.ClassNotFoundException: jakarta.el.ExpressionFactory
	... 97 common frames omitted
10:24:44.379 [main] DEBUG org.hibernate.boot.beanvalidation.TypeSafeActivator - Unable to acquire Bean Validation ValidatorFactory, skipping activation
10:24:44.379 [main] DEBUG org.hibernate.query.sqm.function.SqmFunctionRegistry - Registered SqmFunctionTemplate [NamedSqmFunctionTemplate(max)] under max; prior registration was null
10:24:44.379 [main] DEBUG org.hibernate.query.sqm.function.SqmFunctionRegistry - Registered SqmFunctionTemplate [NamedSqmFunctionTemplate(min)] under min; prior registration was null
10:24:44.379 [main] DEBUG org.hibernate.query.sqm.function.SqmFunctionRegistry - Registered SqmFunctionTemplate [NamedSqmFunctionTemplate(sum)] under sum; prior registration was null
10:24:44.379 [main] DEBUG org.hibernate.query.sqm.function.SqmFunctionRegistry - Registered SqmFunctionTemplate [NamedSqmFunctionTemplate(avg)] under avg; prior registration was null
10:24:44.379 [main] DEBUG org.hibernate.query.sqm.function.SqmFunctionRegistry - Registered SqmFunctionTemplate [org.hibernate.dialect.function.CountFunction@301c13bd] under count; prior registration was null
10:24:44.379 [main] DEBUG org.hibernate.query.sqm.function.SqmFunctionRegistry - Registered SqmFunctionTemplate [org.hibernate.dialect.function.EveryAnyEmulation@38ad1b5b] under every; prior registration was null
10:24:44.379 [main] DEBUG org.hibernate.query.sqm.function.SqmFunctionRegistry - Registered SqmFunctionTemplate [org.hibernate.dialect.function.EveryAnyEmulation@36f6ddbf] under any; prior registration was null
10:24:44.379 [main] DEBUG org.hibernate.query.sqm.function.SqmFunctionRegistry - Registered SqmFunctionTemplate [NamedSqmFunctionTemplate(floor)] under floor; prior registration was null
10:24:44.379 [main] DEBUG org.hibernate.query.sqm.function.SqmFunctionRegistry - Registered SqmFunctionTemplate [NamedSqmFunctionTemplate(ceiling)] under ceiling; prior registration was null
10:24:44.379 [main] DEBUG org.hibernate.query.sqm.function.SqmFunctionRegistry - Registered SqmFunctionTemplate [NamedSqmFunctionTemplate(mod)] under mod; prior registration was null
10:24:44.379 [main] DEBUG org.hibernate.query.sqm.function.SqmFunctionRegistry - Registered SqmFunctionTemplate [NamedSqmFunctionTemplate(abs)] under abs; prior registration was null
10:24:44.379 [main] DEBUG org.hibernate.query.sqm.function.SqmFunctionRegistry - Registered SqmFunctionTemplate [NamedSqmFunctionTemplate(sign)] under sign; prior registration was null
10:24:44.379 [main] DEBUG org.hibernate.query.sqm.function.SqmFunctionRegistry - Registered SqmFunctionTemplate [NamedSqmFunctionTemplate(sqrt)] under sqrt; prior registration was null
10:24:44.379 [main] DEBUG org.hibernate.query.sqm.function.SqmFunctionRegistry - Registered SqmFunctionTemplate [NamedSqmFunctionTemplate(ln)] under ln; prior registration was null
10:24:44.379 [main] DEBUG org.hibernate.query.sqm.function.SqmFunctionRegistry - Registered SqmFunctionTemplate [NamedSqmFunctionTemplate(exp)] under exp; prior registration was null
10:24:44.379 [main] DEBUG org.hibernate.query.sqm.function.SqmFunctionRegistry - Registered SqmFunctionTemplate [NamedSqmFunctionTemplate(power)] under power; prior registration was null
10:24:44.379 [main] DEBUG org.hibernate.query.sqm.function.SqmFunctionRegistry - Registered SqmFunctionTemplate [NamedSqmFunctionTemplate(round)] under round; prior registration was null
10:24:44.379 [main] DEBUG org.hibernate.query.sqm.function.SqmFunctionRegistry - Registered SqmFunctionTemplate [NamedSqmFunctionTemplate(sin)] under sin; prior registration was null
10:24:44.379 [main] DEBUG org.hibernate.query.sqm.function.SqmFunctionRegistry - Registered SqmFunctionTemplate [NamedSqmFunctionTemplate(cos)] under cos; prior registration was null
10:24:44.379 [main] DEBUG org.hibernate.query.sqm.function.SqmFunctionRegistry - Registered SqmFunctionTemplate [NamedSqmFunctionTemplate(tan)] under tan; prior registration was null
10:24:44.379 [main] DEBUG org.hibernate.query.sqm.function.SqmFunctionRegistry - Registered SqmFunctionTemplate [NamedSqmFunctionTemplate(asin)] under asin; prior registration was null
10:24:44.380 [main] DEBUG org.hibernate.query.sqm.function.SqmFunctionRegistry - Registered SqmFunctionTemplate [NamedSqmFunctionTemplate(acos)] under acos; prior registration was null
10:24:44.380 [main] DEBUG org.hibernate.query.sqm.function.SqmFunctionRegistry - Registered SqmFunctionTemplate [NamedSqmFunctionTemplate(atan)] under atan; prior registration was null
10:24:44.380 [main] DEBUG org.hibernate.query.sqm.function.SqmFunctionRegistry - Registered SqmFunctionTemplate [NamedSqmFunctionTemplate(atan2)] under atan2; prior registration was null
10:24:44.380 [main] DEBUG org.hibernate.query.sqm.function.SqmFunctionRegistry - Registered SqmFunctionTemplate [org.hibernate.query.sqm.function.PatternBasedSqmFunctionDescriptor@700e78fc] under sinh; prior registration was null
10:24:44.380 [main] DEBUG org.hibernate.query.sqm.function.SqmFunctionRegistry - Registered SqmFunctionTemplate [org.hibernate.query.sqm.function.PatternBasedSqmFunctionDescriptor@20df1cbb] under cosh; prior registration was null
10:24:44.380 [main] DEBUG org.hibernate.query.sqm.function.SqmFunctionRegistry - Registered SqmFunctionTemplate [org.hibernate.query.sqm.function.PatternBasedSqmFunctionDescriptor@70f8bc38] under tanh; prior registration was null
10:24:44.380 [main] DEBUG org.hibernate.query.sqm.function.SqmFunctionRegistry - Registered SqmFunctionTemplate [org.hibernate.query.sqm.function.PatternBasedSqmFunctionDescriptor@70639cbd] under pi; prior registration was null
10:24:44.380 [main] DEBUG org.hibernate.query.sqm.function.SqmFunctionRegistry - Registered SqmFunctionTemplate [org.hibernate.query.sqm.function.PatternBasedSqmFunctionDescriptor@7329c3d5] under log; prior registration was null
10:24:44.380 [main] DEBUG org.hibernate.query.sqm.function.SqmFunctionRegistry - Registered SqmFunctionTemplate [NamedSqmFunctionTemplate(coalesce)] under coalesce; prior registration was null
10:24:44.380 [main] DEBUG org.hibernate.query.sqm.function.SqmFunctionRegistry - Registered SqmFunctionTemplate [NamedSqmFunctionTemplate(nullif)] under nullif; prior registration was null
10:24:44.380 [main] DEBUG org.hibernate.query.sqm.function.SqmFunctionRegistry - Registered SqmFunctionTemplate [NamedSqmFunctionTemplate(left)] under left; prior registration was null
10:24:44.380 [main] DEBUG org.hibernate.query.sqm.function.SqmFunctionRegistry - Registered SqmFunctionTemplate [NamedSqmFunctionTemplate(right)] under right; prior registration was null
10:24:44.380 [main] DEBUG org.hibernate.query.sqm.function.SqmFunctionRegistry - Registered SqmFunctionTemplate [NamedSqmFunctionTemplate(replace)] under replace; prior registration was null
10:24:44.380 [main] DEBUG org.hibernate.query.sqm.function.SqmFunctionRegistry - Registered SqmFunctionTemplate [NamedSqmFunctionTemplate(concat)] under concat; prior registration was null
10:24:44.380 [main] DEBUG org.hibernate.query.sqm.function.SqmFunctionRegistry - Registered SqmFunctionTemplate [NamedSqmFunctionTemplate(lower)] under lower; prior registration was null
10:24:44.380 [main] DEBUG org.hibernate.query.sqm.function.SqmFunctionRegistry - Registered SqmFunctionTemplate [NamedSqmFunctionTemplate(upper)] under upper; prior registration was null
10:24:44.380 [main] DEBUG org.hibernate.query.sqm.function.SqmFunctionRegistry - Registered SqmFunctionTemplate [NamedSqmFunctionTemplate(substring)] under substring; prior registration was null
10:24:44.380 [main] DEBUG org.hibernate.query.sqm.function.SqmFunctionRegistry - Registered SqmFunctionTemplate [NamedSqmFunctionTemplate(locate)] under locate; prior registration was null
10:24:44.380 [main] DEBUG org.hibernate.query.sqm.function.SqmFunctionRegistry - Registered SqmFunctionTemplate [NamedSqmFunctionTemplate(character_length)] under character_length; prior registration was null
10:24:44.380 [main] DEBUG org.hibernate.query.sqm.function.SqmFunctionRegistry - Registering alternate key : length -> character_length
10:24:44.380 [main] DEBUG org.hibernate.query.sqm.function.SqmFunctionRegistry - Registered SqmFunctionTemplate [org.hibernate.dialect.function.LocatePositionEmulation@2b4b23cf] under position; prior registration was null
10:24:44.380 [main] DEBUG org.hibernate.query.sqm.function.SqmFunctionRegistry - Registered SqmFunctionTemplate [org.hibernate.dialect.function.InsertSubstringOverlayEmulation@1e6753e2] under overlay; prior registration was null
10:24:44.380 [main] DEBUG org.hibernate.query.sqm.function.SqmFunctionRegistry - Registered SqmFunctionTemplate [org.hibernate.dialect.function.TrimFunction@728db2e7] under trim; prior registration was null
10:24:44.380 [main] DEBUG org.hibernate.query.sqm.function.SqmFunctionRegistry - Registered SqmFunctionTemplate [org.hibernate.dialect.function.CastFunction@4f07f008] under cast; prior registration was null
10:24:44.380 [main] DEBUG org.hibernate.query.sqm.function.SqmFunctionRegistry - Registered SqmFunctionTemplate [org.hibernate.query.sqm.function.PatternBasedSqmFunctionDescriptor@3da0f77c] under collate; prior registration was null
10:24:44.380 [main] DEBUG org.hibernate.query.sqm.function.SqmFunctionRegistry - Registered SqmFunctionTemplate [org.hibernate.dialect.function.ExtractFunction@19fc5b69] under extract; prior registration was null
10:24:44.380 [main] DEBUG org.hibernate.query.sqm.function.SqmFunctionRegistry - Registered SqmFunctionTemplate [NamedSqmFunctionTemplate(least)] under least; prior registration was null
10:24:44.380 [main] DEBUG org.hibernate.query.sqm.function.SqmFunctionRegistry - Registered SqmFunctionTemplate [NamedSqmFunctionTemplate(greatest)] under greatest; prior registration was null
10:24:44.380 [main] DEBUG org.hibernate.query.sqm.function.SqmFunctionRegistry - Registered SqmFunctionTemplate [org.hibernate.dialect.function.CoalesceIfnullEmulation@679c83b] under ifnull; prior registration was null
10:24:44.380 [main] DEBUG org.hibernate.query.sqm.function.SqmFunctionRegistry - Registered SqmFunctionTemplate [NamedSqmFunctionTemplate(lpad)] under lpad; prior registration was null
10:24:44.380 [main] DEBUG org.hibernate.query.sqm.function.SqmFunctionRegistry - Registered SqmFunctionTemplate [NamedSqmFunctionTemplate(rpad)] under rpad; prior registration was null
10:24:44.380 [main] DEBUG org.hibernate.query.sqm.function.SqmFunctionRegistry - Registered SqmFunctionTemplate [org.hibernate.dialect.function.LpadRpadPadEmulation@768eef4c] under pad; prior registration was null
10:24:44.380 [main] DEBUG org.hibernate.query.sqm.function.SqmFunctionRegistry - Registered SqmFunctionTemplate [org.hibernate.dialect.function.CastStrEmulation@4c2ffdf6] under str; prior registration was null
10:24:44.380 [main] DEBUG org.hibernate.query.sqm.function.SqmFunctionRegistry - Registered SqmFunctionTemplate [org.hibernate.dialect.function.FormatFunction@37f3c009] under format; prior registration was null
10:24:44.380 [main] DEBUG org.hibernate.query.sqm.function.SqmFunctionRegistry - Registered SqmFunctionTemplate [org.hibernate.dialect.function.TimestampaddFunction@7f83fedc] under timestampadd; prior registration was null
10:24:44.380 [main] DEBUG org.hibernate.query.sqm.function.SqmFunctionRegistry - Registered SqmFunctionTemplate [org.hibernate.dialect.function.TimestampdiffFunction@7ef69aef] under timestampdiff; prior registration was null
10:24:44.380 [main] DEBUG org.hibernate.query.sqm.function.SqmFunctionRegistry - Registering alternate key : dateadd -> timestampadd
10:24:44.380 [main] DEBUG org.hibernate.query.sqm.function.SqmFunctionRegistry - Registering alternate key : datediff -> timestampdiff
10:24:44.380 [main] DEBUG org.hibernate.query.sqm.function.SqmFunctionRegistry - Registered SqmFunctionTemplate [org.hibernate.dialect.function.CurrentFunction@4d05188a] under current_date; prior registration was null
10:24:44.380 [main] DEBUG org.hibernate.query.sqm.function.SqmFunctionRegistry - Registered SqmFunctionTemplate [org.hibernate.dialect.function.CurrentFunction@64df6aab] under current_time; prior registration was null
10:24:44.380 [main] DEBUG org.hibernate.query.sqm.function.SqmFunctionRegistry - Registered SqmFunctionTemplate [org.hibernate.dialect.function.CurrentFunction@44a0df2] under current_timestamp; prior registration was null
10:24:44.380 [main] DEBUG org.hibernate.query.sqm.function.SqmFunctionRegistry - Registering alternate key : current date -> current_date
10:24:44.380 [main] DEBUG org.hibernate.query.sqm.function.SqmFunctionRegistry - Registering alternate key : current time -> current_time
10:24:44.380 [main] DEBUG org.hibernate.query.sqm.function.SqmFunctionRegistry - Registering alternate key : current timestamp -> current_timestamp
10:24:44.380 [main] DEBUG org.hibernate.query.sqm.function.SqmFunctionRegistry - Registered SqmFunctionTemplate [org.hibernate.dialect.function.CurrentFunction@4ea1de76] under local_date; prior registration was null
10:24:44.380 [main] DEBUG org.hibernate.query.sqm.function.SqmFunctionRegistry - Registered SqmFunctionTemplate [org.hibernate.dialect.function.CurrentFunction@2b055e60] under local_time; prior registration was null
10:24:44.380 [main] DEBUG org.hibernate.query.sqm.function.SqmFunctionRegistry - Registered SqmFunctionTemplate [org.hibernate.dialect.function.CurrentFunction@3410e399] under local_datetime; prior registration was null
10:24:44.380 [main] DEBUG org.hibernate.query.sqm.function.SqmFunctionRegistry - Registered SqmFunctionTemplate [org.hibernate.dialect.function.CurrentFunction@60e14d74] under offset_datetime; prior registration was null
10:24:44.380 [main] DEBUG org.hibernate.query.sqm.function.SqmFunctionRegistry - Registering alternate key : local date -> local_date
10:24:44.380 [main] DEBUG org.hibernate.query.sqm.function.SqmFunctionRegistry - Registering alternate key : local time -> local_time
10:24:44.380 [main] DEBUG org.hibernate.query.sqm.function.SqmFunctionRegistry - Registering alternate key : local datetime -> local_datetime
10:24:44.380 [main] DEBUG org.hibernate.query.sqm.function.SqmFunctionRegistry - Registering alternate key : offset datetime -> offset_datetime
10:24:44.380 [main] DEBUG org.hibernate.query.sqm.function.SqmFunctionRegistry - Registered SqmFunctionTemplate [org.hibernate.dialect.function.CurrentFunction@20f37d70] under instant; prior registration was null
10:24:44.380 [main] DEBUG org.hibernate.query.sqm.function.SqmFunctionRegistry - Registering alternate key : current_instant -> instant
10:24:44.380 [main] DEBUG org.hibernate.query.sqm.function.SqmFunctionRegistry - Registered SqmFunctionTemplate [org.hibernate.dialect.function.SqlFunction@2104d150] under sql; prior registration was null
10:24:44.380 [main] DEBUG org.hibernate.query.sqm.function.SqmFunctionRegistry - Registered SqmFunctionTemplate [NamedSqmFunctionTemplate(max)] under max; prior registration was NamedSqmFunctionTemplate(max)
10:24:44.380 [main] DEBUG org.hibernate.query.sqm.function.SqmFunctionRegistry - Registered SqmFunctionTemplate [NamedSqmFunctionTemplate(min)] under min; prior registration was NamedSqmFunctionTemplate(min)
10:24:44.380 [main] DEBUG org.hibernate.query.sqm.function.SqmFunctionRegistry - Registered SqmFunctionTemplate [NamedSqmFunctionTemplate(sum)] under sum; prior registration was NamedSqmFunctionTemplate(sum)
10:24:44.380 [main] DEBUG org.hibernate.query.sqm.function.SqmFunctionRegistry - Registered SqmFunctionTemplate [NamedSqmFunctionTemplate(avg)] under avg; prior registration was NamedSqmFunctionTemplate(avg)
10:24:44.380 [main] DEBUG org.hibernate.query.sqm.function.SqmFunctionRegistry - Registered SqmFunctionTemplate [org.hibernate.dialect.function.CountFunction@123bf2c2] under count; prior registration was org.hibernate.dialect.function.CountFunction@301c13bd
10:24:44.380 [main] DEBUG org.hibernate.query.sqm.function.SqmFunctionRegistry - Registered SqmFunctionTemplate [org.hibernate.dialect.function.AvgFunction@78db971c] under avg; prior registration was NamedSqmFunctionTemplate(avg)
10:24:44.380 [main] DEBUG org.hibernate.query.sqm.function.SqmFunctionRegistry - Registered SqmFunctionTemplate [NamedSqmFunctionTemplate(pi)] under pi; prior registration was org.hibernate.query.sqm.function.PatternBasedSqmFunctionDescriptor@70639cbd
10:24:44.380 [main] DEBUG org.hibernate.query.sqm.function.SqmFunctionRegistry - Registered SqmFunctionTemplate [NamedSqmFunctionTemplate(cot)] under cot; prior registration was null
10:24:44.380 [main] DEBUG org.hibernate.query.sqm.function.SqmFunctionRegistry - Registered SqmFunctionTemplate [NamedSqmFunctionTemplate(radians)] under radians; prior registration was null
10:24:44.380 [main] DEBUG org.hibernate.query.sqm.function.SqmFunctionRegistry - Registered SqmFunctionTemplate [NamedSqmFunctionTemplate(degrees)] under degrees; prior registration was null
10:24:44.380 [main] DEBUG org.hibernate.query.sqm.function.SqmFunctionRegistry - Registered SqmFunctionTemplate [NamedSqmFunctionTemplate(log10)] under log10; prior registration was null
10:24:44.380 [main] DEBUG org.hibernate.query.sqm.function.SqmFunctionRegistry - Registered SqmFunctionTemplate [org.hibernate.query.sqm.function.PatternBasedSqmFunctionDescriptor@43787d8a] under mod; prior registration was NamedSqmFunctionTemplate(mod)
10:24:44.380 [main] DEBUG org.hibernate.query.sqm.function.SqmFunctionRegistry - Registered SqmFunctionTemplate [NamedSqmFunctionTemplate(rand)] under rand; prior registration was null
10:24:44.380 [main] DEBUG org.hibernate.query.sqm.function.SqmFunctionRegistry - Registered SqmFunctionTemplate [NamedSqmFunctionTemplate(soundex)] under soundex; prior registration was null
10:24:44.380 [main] DEBUG org.hibernate.query.sqm.function.SqmFunctionRegistry - Registered SqmFunctionTemplate [NamedSqmFunctionTemplate(translate)] under translate; prior registration was null
10:24:44.380 [main] DEBUG org.hibernate.query.sqm.function.SqmFunctionRegistry - Registered SqmFunctionTemplate [NamedSqmFunctionTemplate(bitand)] under bitand; prior registration was null
10:24:44.380 [main] DEBUG org.hibernate.query.sqm.function.SqmFunctionRegistry - Registered SqmFunctionTemplate [NamedSqmFunctionTemplate(bitor)] under bitor; prior registration was null
10:24:44.380 [main] DEBUG org.hibernate.query.sqm.function.SqmFunctionRegistry - Registered SqmFunctionTemplate [NamedSqmFunctionTemplate(bitxor)] under bitxor; prior registration was null
10:24:44.380 [main] DEBUG org.hibernate.query.sqm.function.SqmFunctionRegistry - Registered SqmFunctionTemplate [NamedSqmFunctionTemplate(bitnot)] under bitnot; prior registration was null
10:24:44.380 [main] DEBUG org.hibernate.query.sqm.function.SqmFunctionRegistry - Registered SqmFunctionTemplate [NamedSqmFunctionTemplate(bit_and)] under bit_and; prior registration was null
10:24:44.380 [main] DEBUG org.hibernate.query.sqm.function.SqmFunctionRegistry - Registered SqmFunctionTemplate [NamedSqmFunctionTemplate(bit_or)] under bit_or; prior registration was null
10:24:44.380 [main] DEBUG org.hibernate.query.sqm.function.SqmFunctionRegistry - Registered SqmFunctionTemplate [NamedSqmFunctionTemplate(day)] under day; prior registration was null
10:24:44.380 [main] DEBUG org.hibernate.query.sqm.function.SqmFunctionRegistry - Registered SqmFunctionTemplate [NamedSqmFunctionTemplate(month)] under month; prior registration was null
10:24:44.380 [main] DEBUG org.hibernate.query.sqm.function.SqmFunctionRegistry - Registered SqmFunctionTemplate [NamedSqmFunctionTemplate(year)] under year; prior registration was null
10:24:44.380 [main] DEBUG org.hibernate.query.sqm.function.SqmFunctionRegistry - Registered SqmFunctionTemplate [NamedSqmFunctionTemplate(hour)] under hour; prior registration was null
10:24:44.380 [main] DEBUG org.hibernate.query.sqm.function.SqmFunctionRegistry - Registered SqmFunctionTemplate [NamedSqmFunctionTemplate(minute)] under minute; prior registration was null
10:24:44.380 [main] DEBUG org.hibernate.query.sqm.function.SqmFunctionRegistry - Registered SqmFunctionTemplate [NamedSqmFunctionTemplate(second)] under second; prior registration was null
10:24:44.380 [main] DEBUG org.hibernate.query.sqm.function.SqmFunctionRegistry - Registered SqmFunctionTemplate [NamedSqmFunctionTemplate(microsecond)] under microsecond; prior registration was null
10:24:44.380 [main] DEBUG org.hibernate.query.sqm.function.SqmFunctionRegistry - Registered SqmFunctionTemplate [NamedSqmFunctionTemplate(day_of_week)] under day_of_week; prior registration was null
10:24:44.380 [main] DEBUG org.hibernate.query.sqm.function.SqmFunctionRegistry - Registered SqmFunctionTemplate [NamedSqmFunctionTemplate(day_of_month)] under day_of_month; prior registration was null
10:24:44.380 [main] DEBUG org.hibernate.query.sqm.function.SqmFunctionRegistry - Registering alternate key : day -> day_of_month
10:24:44.380 [main] DEBUG org.hibernate.query.sqm.function.SqmFunctionRegistry - Registered SqmFunctionTemplate [NamedSqmFunctionTemplate(day_of_year)] under day_of_year; prior registration was null
10:24:44.380 [main] DEBUG org.hibernate.query.sqm.function.SqmFunctionRegistry - Registered SqmFunctionTemplate [NamedSqmFunctionTemplate(week)] under week; prior registration was null
10:24:44.380 [main] DEBUG org.hibernate.query.sqm.function.SqmFunctionRegistry - Registered SqmFunctionTemplate [NamedSqmFunctionTemplate(quarter)] under quarter; prior registration was null
10:24:44.380 [main] DEBUG org.hibernate.query.sqm.function.SqmFunctionRegistry - Registered SqmFunctionTemplate [NamedSqmFunctionTemplate(monthname)] under monthname; prior registration was null
10:24:44.380 [main] DEBUG org.hibernate.query.sqm.function.SqmFunctionRegistry - Registered SqmFunctionTemplate [NamedSqmFunctionTemplate(dayname)] under dayname; prior registration was null
10:24:44.380 [main] DEBUG org.hibernate.query.sqm.function.SqmFunctionRegistry - Registered SqmFunctionTemplate [NamedSqmFunctionTemplate(localtime)] under localtime; prior registration was null
10:24:44.380 [main] DEBUG org.hibernate.query.sqm.function.SqmFunctionRegistry - Registered SqmFunctionTemplate [NamedSqmFunctionTemplate(localtimestamp)] under localtimestamp; prior registration was null
10:24:44.380 [main] DEBUG org.hibernate.query.sqm.function.SqmFunctionRegistry - Registered SqmFunctionTemplate [NamedSqmFunctionTemplate(localtime)] under local_time; prior registration was org.hibernate.dialect.function.CurrentFunction@2b055e60
10:24:44.380 [main] DEBUG org.hibernate.query.sqm.function.SqmFunctionRegistry - Registered SqmFunctionTemplate [NamedSqmFunctionTemplate(localtimestamp)] under local_datetime; prior registration was org.hibernate.dialect.function.CurrentFunction@3410e399
10:24:44.380 [main] DEBUG org.hibernate.query.sqm.function.SqmFunctionRegistry - Registered SqmFunctionTemplate [org.hibernate.dialect.function.TruncFunction@44f1bae4] under trunc; prior registration was null
10:24:44.380 [main] DEBUG org.hibernate.query.sqm.function.SqmFunctionRegistry - Registering alternate key : truncate -> trunc
10:24:44.380 [main] DEBUG org.hibernate.query.sqm.function.SqmFunctionRegistry - Registered SqmFunctionTemplate [org.hibernate.query.sqm.function.PatternBasedSqmFunctionDescriptor@991ed5a] under date_trunc; prior registration was null
10:24:44.380 [main] DEBUG org.hibernate.query.sqm.function.SqmFunctionRegistry - Registered SqmFunctionTemplate [NamedSqmFunctionTemplate(bit_length)] under bit_length; prior registration was null
10:24:44.380 [main] DEBUG org.hibernate.query.sqm.function.SqmFunctionRegistry - Registered SqmFunctionTemplate [NamedSqmFunctionTemplate(octet_length)] under octet_length; prior registration was null
10:24:44.380 [main] DEBUG org.hibernate.query.sqm.function.SqmFunctionRegistry - Registered SqmFunctionTemplate [NamedSqmFunctionTemplate(ascii)] under ascii; prior registration was null
10:24:44.380 [main] DEBUG org.hibernate.query.sqm.function.SqmFunctionRegistry - Registered SqmFunctionTemplate [NamedSqmFunctionTemplate(octet_length)] under octet_length; prior registration was NamedSqmFunctionTemplate(octet_length)
10:24:44.380 [main] DEBUG org.hibernate.query.sqm.function.SqmFunctionRegistry - Registered SqmFunctionTemplate [NamedSqmFunctionTemplate(space)] under space; prior registration was null
10:24:44.380 [main] DEBUG org.hibernate.query.sqm.function.SqmFunctionRegistry - Registered SqmFunctionTemplate [NamedSqmFunctionTemplate(repeat)] under repeat; prior registration was null
10:24:44.380 [main] DEBUG org.hibernate.query.sqm.function.SqmFunctionRegistry - Registered SqmFunctionTemplate [NamedSqmFunctionTemplate(char)] under char; prior registration was null
10:24:44.380 [main] DEBUG org.hibernate.query.sqm.function.SqmFunctionRegistry - Registering alternate key : chr -> char
10:24:44.380 [main] DEBUG org.hibernate.query.sqm.function.SqmFunctionRegistry - Registered SqmFunctionTemplate [NamedSqmFunctionTemplate(instr)] under instr; prior registration was null
10:24:44.380 [main] DEBUG org.hibernate.query.sqm.function.SqmFunctionRegistry - Registered SqmFunctionTemplate [NamedSqmFunctionTemplate(substr)] under substr; prior registration was null
10:24:44.380 [main] DEBUG org.hibernate.query.sqm.function.SqmFunctionRegistry - Registered SqmFunctionTemplate [org.hibernate.query.sqm.function.PatternBasedSqmFunctionDescriptor@2d56f803] under position; prior registration was org.hibernate.dialect.function.LocatePositionEmulation@2b4b23cf
10:24:44.380 [main] DEBUG org.hibernate.query.sqm.function.SqmFunctionRegistry - Registered SqmFunctionTemplate [NamedSqmFunctionTemplate(ltrim)] under ltrim; prior registration was null
10:24:44.380 [main] DEBUG org.hibernate.query.sqm.function.SqmFunctionRegistry - Registered SqmFunctionTemplate [NamedSqmFunctionTemplate(rtrim)] under rtrim; prior registration was null
10:24:44.380 [main] DEBUG org.hibernate.query.sqm.function.SqmFunctionRegistry - Registered SqmFunctionTemplate [org.hibernate.query.sqm.function.PatternBasedSqmFunctionDescriptor@2dc2540e] under concat; prior registration was NamedSqmFunctionTemplate(concat)
10:24:44.380 [main] DEBUG org.hibernate.query.sqm.function.SqmFunctionRegistry - Registered SqmFunctionTemplate [NamedSqmFunctionTemplate(curtime)] under curtime; prior registration was null
10:24:44.380 [main] DEBUG org.hibernate.query.sqm.function.SqmFunctionRegistry - Registered SqmFunctionTemplate [NamedSqmFunctionTemplate(curdate)] under curdate; prior registration was null
10:24:44.380 [main] DEBUG org.hibernate.query.sqm.function.SqmFunctionRegistry - Registered SqmFunctionTemplate [NamedSqmFunctionTemplate(now)] under now; prior registration was null
10:24:44.380 [main] DEBUG org.hibernate.query.sqm.function.SqmFunctionRegistry - Registered SqmFunctionTemplate [NamedSqmFunctionTemplate(sysdate)] under sysdate; prior registration was null
10:24:44.380 [main] DEBUG org.hibernate.query.sqm.function.SqmFunctionRegistry - Registered SqmFunctionTemplate [NamedSqmFunctionTemplate(insert)] under insert; prior registration was null
10:24:44.380 [main] DEBUG org.hibernate.query.sqm.function.SqmFunctionRegistry - Registered SqmFunctionTemplate [NamedSqmFunctionTemplate(bool_and)] under bool_and; prior registration was null
10:24:44.380 [main] DEBUG org.hibernate.query.sqm.function.SqmFunctionRegistry - Registering alternate key : every -> bool_and
10:24:44.380 [main] DEBUG org.hibernate.query.sqm.function.SqmFunctionRegistry - Registered SqmFunctionTemplate [NamedSqmFunctionTemplate(bool_or)] under bool_or; prior registration was null
10:24:44.380 [main] DEBUG org.hibernate.query.sqm.function.SqmFunctionRegistry - Registering alternate key : any -> bool_or
10:24:44.380 [main] DEBUG org.hibernate.query.sqm.function.SqmFunctionRegistry - Registered SqmFunctionTemplate [NamedSqmFunctionTemplate(median)] under median; prior registration was null
10:24:44.380 [main] DEBUG org.hibernate.query.sqm.function.SqmFunctionRegistry - Registered SqmFunctionTemplate [NamedSqmFunctionTemplate(stddev_pop)] under stddev_pop; prior registration was null
10:24:44.380 [main] DEBUG org.hibernate.query.sqm.function.SqmFunctionRegistry - Registered SqmFunctionTemplate [NamedSqmFunctionTemplate(stddev_samp)] under stddev_samp; prior registration was null
10:24:44.380 [main] DEBUG org.hibernate.query.sqm.function.SqmFunctionRegistry - Registered SqmFunctionTemplate [NamedSqmFunctionTemplate(var_pop)] under var_pop; prior registration was null
10:24:44.380 [main] DEBUG org.hibernate.query.sqm.function.SqmFunctionRegistry - Registered SqmFunctionTemplate [NamedSqmFunctionTemplate(var_samp)] under var_samp; prior registration was null
10:24:44.380 [main] DEBUG org.hibernate.query.sqm.function.SqmFunctionRegistry - Registered SqmFunctionTemplate [org.hibernate.dialect.function.FormatFunction@64adfdc8] under format; prior registration was org.hibernate.dialect.function.FormatFunction@37f3c009
10:24:44.380 [main] DEBUG org.hibernate.query.sqm.function.SqmFunctionRegistry - Registered SqmFunctionTemplate [NamedSqmFunctionTemplate(rownum)] under rownum; prior registration was null
10:24:44.380 [main] DEBUG org.hibernate.query.sqm.function.SqmFunctionRegistry - Registered SqmFunctionTemplate [NamedSqmFunctionTemplate(row_number)] under row_number; prior registration was null
10:24:44.380 [main] DEBUG org.hibernate.query.sqm.function.SqmFunctionRegistry - Registered SqmFunctionTemplate [NamedSqmFunctionTemplate(lag)] under lag; prior registration was null
10:24:44.380 [main] DEBUG org.hibernate.query.sqm.function.SqmFunctionRegistry - Registered SqmFunctionTemplate [NamedSqmFunctionTemplate(lead)] under lead; prior registration was null
10:24:44.380 [main] DEBUG org.hibernate.query.sqm.function.SqmFunctionRegistry - Registered SqmFunctionTemplate [NamedSqmFunctionTemplate(first_value)] under first_value; prior registration was null
10:24:44.380 [main] DEBUG org.hibernate.query.sqm.function.SqmFunctionRegistry - Registered SqmFunctionTemplate [NamedSqmFunctionTemplate(last_value)] under last_value; prior registration was null
10:24:44.380 [main] DEBUG org.hibernate.query.sqm.function.SqmFunctionRegistry - Registered SqmFunctionTemplate [NamedSqmFunctionTemplate(nth_value)] under nth_value; prior registration was null
10:24:44.380 [main] DEBUG org.hibernate.query.sqm.function.SqmFunctionRegistry - Registered SqmFunctionTemplate [org.hibernate.dialect.function.ListaggFunction@62d0273a] under listagg; prior registration was null
10:24:44.380 [main] DEBUG org.hibernate.query.sqm.function.SqmFunctionRegistry - Registered SqmFunctionTemplate [org.hibernate.dialect.function.InverseDistributionFunction@785c5d83] under mode; prior registration was null
10:24:44.380 [main] DEBUG org.hibernate.query.sqm.function.SqmFunctionRegistry - Registered SqmFunctionTemplate [org.hibernate.dialect.function.InverseDistributionFunction@478114a2] under percentile_cont; prior registration was null
10:24:44.380 [main] DEBUG org.hibernate.query.sqm.function.SqmFunctionRegistry - Registered SqmFunctionTemplate [org.hibernate.dialect.function.InverseDistributionFunction@4c49f227] under percentile_disc; prior registration was null
10:24:44.380 [main] DEBUG org.hibernate.query.sqm.function.SqmFunctionRegistry - Registered SqmFunctionTemplate [org.hibernate.dialect.function.HypotheticalSetFunction@2f43e563] under rank; prior registration was null
10:24:44.380 [main] DEBUG org.hibernate.query.sqm.function.SqmFunctionRegistry - Registered SqmFunctionTemplate [org.hibernate.dialect.function.HypotheticalSetFunction@3569054d] under dense_rank; prior registration was null
10:24:44.380 [main] DEBUG org.hibernate.query.sqm.function.SqmFunctionRegistry - Registered SqmFunctionTemplate [org.hibernate.dialect.function.HypotheticalSetFunction@7a822346] under percent_rank; prior registration was null
10:24:44.380 [main] DEBUG org.hibernate.query.sqm.function.SqmFunctionRegistry - Registered SqmFunctionTemplate [org.hibernate.dialect.function.HypotheticalSetFunction@79592efb] under cume_dist; prior registration was null
10:24:44.380 [main] DEBUG org.hibernate.query.sqm.function.SqmFunctionRegistry - Registered SqmFunctionTemplate [org.hibernate.dialect.function.array.ArrayConstructorFunction@4981a44e] under array; prior registration was null
10:24:44.380 [main] DEBUG org.hibernate.query.sqm.function.SqmFunctionRegistry - Registered SqmFunctionTemplate [org.hibernate.dialect.function.array.ArrayConstructorFunction@34bf835e] under array_list; prior registration was null
10:24:44.380 [main] DEBUG org.hibernate.query.sqm.function.SqmFunctionRegistry - Registered SqmFunctionTemplate [org.hibernate.dialect.function.array.ArrayAggFunction@5fcc0e9c] under array_agg; prior registration was null
10:24:44.380 [main] DEBUG org.hibernate.query.sqm.function.SqmFunctionRegistry - Registered SqmFunctionTemplate [org.hibernate.dialect.function.array.H2ArrayPositionFunction@6fd2cd68] under array_position; prior registration was null
10:24:44.380 [main] DEBUG org.hibernate.query.sqm.function.SqmFunctionRegistry - Registered SqmFunctionTemplate [org.hibernate.dialect.function.array.H2ArrayPositionsFunction@63586443] under array_positions; prior registration was null
10:24:44.380 [main] DEBUG org.hibernate.query.sqm.function.SqmFunctionRegistry - Registered SqmFunctionTemplate [org.hibernate.dialect.function.array.H2ArrayPositionsFunction@259f1134] under array_positions_list; prior registration was null
10:24:44.380 [main] DEBUG org.hibernate.query.sqm.function.SqmFunctionRegistry - Registered SqmFunctionTemplate [org.hibernate.query.sqm.function.PatternBasedSqmFunctionDescriptor@2394ef68] under array_length; prior registration was null
10:24:44.380 [main] DEBUG org.hibernate.query.sqm.function.SqmFunctionRegistry - Registered SqmFunctionTemplate [org.hibernate.dialect.function.array.ArrayConcatFunction@34efd25] under array_concat; prior registration was null
10:24:44.380 [main] DEBUG org.hibernate.query.sqm.function.SqmFunctionRegistry - Registered SqmFunctionTemplate [org.hibernate.dialect.function.array.ArrayConcatElementFunction@26c6bef8] under array_prepend; prior registration was null
10:24:44.380 [main] DEBUG org.hibernate.query.sqm.function.SqmFunctionRegistry - Registered SqmFunctionTemplate [org.hibernate.dialect.function.array.ArrayConcatElementFunction@7b8d1da5] under array_append; prior registration was null
10:24:44.380 [main] DEBUG org.hibernate.query.sqm.function.SqmFunctionRegistry - Registered SqmFunctionTemplate [org.hibernate.dialect.function.array.H2ArrayContainsFunction@7f665213] under array_contains; prior registration was null
10:24:44.380 [main] DEBUG org.hibernate.query.sqm.function.SqmFunctionRegistry - Registered SqmFunctionTemplate [org.hibernate.dialect.function.array.H2ArrayContainsFunction@bb52f0f] under array_contains_nullable; prior registration was null
10:24:44.380 [main] DEBUG org.hibernate.query.sqm.function.SqmFunctionRegistry - Registered SqmFunctionTemplate [org.hibernate.dialect.function.array.H2ArrayOverlapsFunction@189761ff] under array_overlaps; prior registration was null
10:24:44.380 [main] DEBUG org.hibernate.query.sqm.function.SqmFunctionRegistry - Registered SqmFunctionTemplate [org.hibernate.dialect.function.array.H2ArrayOverlapsFunction@be4377d] under array_overlaps_nullable; prior registration was null
10:24:44.380 [main] DEBUG org.hibernate.query.sqm.function.SqmFunctionRegistry - Registered SqmFunctionTemplate [org.hibernate.query.sqm.function.PatternBasedSqmFunctionDescriptor@465f0ad8] under array_get; prior registration was null
10:24:44.380 [main] DEBUG org.hibernate.query.sqm.function.SqmFunctionRegistry - Registered SqmFunctionTemplate [org.hibernate.dialect.function.array.H2ArraySetFunction@6430984b] under array_set; prior registration was null
10:24:44.380 [main] DEBUG org.hibernate.query.sqm.function.SqmFunctionRegistry - Registered SqmFunctionTemplate [org.hibernate.dialect.function.array.H2ArrayRemoveFunction@470b85ab] under array_remove; prior registration was null
10:24:44.380 [main] DEBUG org.hibernate.query.sqm.function.SqmFunctionRegistry - Registered SqmFunctionTemplate [org.hibernate.dialect.function.array.H2ArrayRemoveIndexFunction@6d7e0de8] under array_remove_index; prior registration was null
10:24:44.380 [main] DEBUG org.hibernate.query.sqm.function.SqmFunctionRegistry - Registered SqmFunctionTemplate [org.hibernate.query.sqm.function.PatternBasedSqmFunctionDescriptor@53c9c355] under array_slice; prior registration was null
10:24:44.380 [main] DEBUG org.hibernate.query.sqm.function.SqmFunctionRegistry - Registered SqmFunctionTemplate [org.hibernate.dialect.function.array.H2ArrayReplaceFunction@335beba7] under array_replace; prior registration was null
10:24:44.380 [main] DEBUG org.hibernate.query.sqm.function.SqmFunctionRegistry - Registered SqmFunctionTemplate [org.hibernate.query.sqm.function.PatternBasedSqmFunctionDescriptor@286606ba] under array_trim; prior registration was null
10:24:44.380 [main] DEBUG org.hibernate.query.sqm.function.SqmFunctionRegistry - Registered SqmFunctionTemplate [org.hibernate.dialect.function.array.H2ArrayFillFunction@35ea4f13] under array_fill; prior registration was null
10:24:44.380 [main] DEBUG org.hibernate.query.sqm.function.SqmFunctionRegistry - Registered SqmFunctionTemplate [org.hibernate.dialect.function.array.H2ArrayFillFunction@28a4f190] under array_fill_list; prior registration was null
10:24:44.380 [main] DEBUG org.hibernate.query.sqm.function.SqmFunctionRegistry - Registered SqmFunctionTemplate [org.hibernate.dialect.function.array.H2ArrayToStringFunction@44ce31f0] under array_to_string; prior registration was null
10:24:44.380 [main] DEBUG org.hibernate.HQL_FUNCTIONS - abs(NUMERIC arg)
10:24:44.380 [main] DEBUG org.hibernate.HQL_FUNCTIONS - Double acos(NUMERIC arg)
10:24:44.380 [main] DEBUG org.hibernate.HQL_FUNCTIONS - Boolean any(BOOLEAN predicate)
10:24:44.380 [main] DEBUG org.hibernate.HQL_FUNCTIONS - array( ... )
10:24:44.380 [main] DEBUG org.hibernate.HQL_FUNCTIONS - array_agg(arg)
10:24:44.380 [main] DEBUG org.hibernate.HQL_FUNCTIONS - array_append( ... )
10:24:44.380 [main] DEBUG org.hibernate.HQL_FUNCTIONS - array_concat( ... )
10:24:44.380 [main] DEBUG org.hibernate.HQL_FUNCTIONS - Boolean array_contains(ARRAY haystackArray, OBJECT needleElementOrArray)
10:24:44.380 [main] DEBUG org.hibernate.HQL_FUNCTIONS - Boolean array_contains_nullable(ARRAY haystackArray, OBJECT needleElementOrArray)
10:24:44.380 [main] DEBUG org.hibernate.HQL_FUNCTIONS - array_fill(OBJECT element, INTEGER elementCount)
10:24:44.380 [main] DEBUG org.hibernate.HQL_FUNCTIONS - array_fill_list(OBJECT element, INTEGER elementCount)
10:24:44.380 [main] DEBUG org.hibernate.HQL_FUNCTIONS - array_get(ARRAY array, INTEGER index)
10:24:44.380 [main] DEBUG org.hibernate.HQL_FUNCTIONS - Integer array_length(ARRAY array)
10:24:44.380 [main] DEBUG org.hibernate.HQL_FUNCTIONS - array_list( ... )
10:24:44.380 [main] DEBUG org.hibernate.HQL_FUNCTIONS - Boolean array_overlaps(ARRAY array0, OBJECT array1)
10:24:44.380 [main] DEBUG org.hibernate.HQL_FUNCTIONS - Boolean array_overlaps_nullable(ARRAY array0, OBJECT array1)
10:24:44.380 [main] DEBUG org.hibernate.HQL_FUNCTIONS - Integer array_position(ARRAY array, OBJECT element[, INTEGER startPosition])
10:24:44.380 [main] DEBUG org.hibernate.HQL_FUNCTIONS - int[] array_positions(ARRAY array, OBJECT element)
10:24:44.380 [main] DEBUG org.hibernate.HQL_FUNCTIONS - List array_positions_list(ARRAY array, OBJECT element)
10:24:44.380 [main] DEBUG org.hibernate.HQL_FUNCTIONS - array_prepend( ... )
10:24:44.380 [main] DEBUG org.hibernate.HQL_FUNCTIONS - array_remove( ... )
10:24:44.380 [main] DEBUG org.hibernate.HQL_FUNCTIONS - array_remove_index( ... )
10:24:44.380 [main] DEBUG org.hibernate.HQL_FUNCTIONS - array_replace( ... )
10:24:44.380 [main] DEBUG org.hibernate.HQL_FUNCTIONS - array_set( ... )
10:24:44.380 [main] DEBUG org.hibernate.HQL_FUNCTIONS - array_slice(ARRAY array, INTEGER start, INTEGER end)
10:24:44.380 [main] DEBUG org.hibernate.HQL_FUNCTIONS - String array_to_string( ... )
10:24:44.380 [main] DEBUG org.hibernate.HQL_FUNCTIONS - array_trim(ARRAY array, INTEGER elementsToRemove)
10:24:44.380 [main] DEBUG org.hibernate.HQL_FUNCTIONS - Integer ascii(STRING arg)
10:24:44.380 [main] DEBUG org.hibernate.HQL_FUNCTIONS - Double asin(NUMERIC arg)
10:24:44.380 [main] DEBUG org.hibernate.HQL_FUNCTIONS - Double atan(NUMERIC arg)
10:24:44.380 [main] DEBUG org.hibernate.HQL_FUNCTIONS - Double atan2(NUMERIC arg0, NUMERIC arg1)
10:24:44.380 [main] DEBUG org.hibernate.HQL_FUNCTIONS - avg(NUMERIC arg)
10:24:44.380 [main] DEBUG org.hibernate.HQL_FUNCTIONS - bit_and(arg)
10:24:44.380 [main] DEBUG org.hibernate.HQL_FUNCTIONS - Integer bit_length(STRING_OR_CLOB arg)
10:24:44.380 [main] DEBUG org.hibernate.HQL_FUNCTIONS - bit_or(arg)
10:24:44.380 [main] DEBUG org.hibernate.HQL_FUNCTIONS - bitand(arg0, arg1)
10:24:44.380 [main] DEBUG org.hibernate.HQL_FUNCTIONS - bitnot(arg)
10:24:44.380 [main] DEBUG org.hibernate.HQL_FUNCTIONS - bitor(arg0, arg1)
10:24:44.380 [main] DEBUG org.hibernate.HQL_FUNCTIONS - bitxor(arg0, arg1)
10:24:44.380 [main] DEBUG org.hibernate.HQL_FUNCTIONS - Boolean bool_and(BOOLEAN predicate)
10:24:44.380 [main] DEBUG org.hibernate.HQL_FUNCTIONS - Boolean bool_or(BOOLEAN predicate)
10:24:44.380 [main] DEBUG org.hibernate.HQL_FUNCTIONS - cast(arg as Type)
10:24:44.380 [main] DEBUG org.hibernate.HQL_FUNCTIONS - ceiling(NUMERIC arg)
10:24:44.380 [main] DEBUG org.hibernate.HQL_FUNCTIONS - Character char(INTEGER arg)
10:24:44.380 [main] DEBUG org.hibernate.HQL_FUNCTIONS - Integer character_length(STRING_OR_CLOB arg)
10:24:44.380 [main] DEBUG org.hibernate.HQL_FUNCTIONS - Character chr(INTEGER arg)
10:24:44.380 [main] DEBUG org.hibernate.HQL_FUNCTIONS - coalesce(arg0[, arg1[, ...]])
10:24:44.380 [main] DEBUG org.hibernate.HQL_FUNCTIONS - String collate(STRING string as COLLATION collation)
10:24:44.380 [main] DEBUG org.hibernate.HQL_FUNCTIONS - String concat(STRING string0[, STRING string1[, ...]])
10:24:44.380 [main] DEBUG org.hibernate.HQL_FUNCTIONS - Double cos(NUMERIC arg)
10:24:44.380 [main] DEBUG org.hibernate.HQL_FUNCTIONS - Double cosh(NUMERIC arg)
10:24:44.380 [main] DEBUG org.hibernate.HQL_FUNCTIONS - Double cot(NUMERIC arg)
10:24:44.380 [main] DEBUG org.hibernate.HQL_FUNCTIONS - Long count([distinct ]{arg|*})
10:24:44.380 [main] DEBUG org.hibernate.HQL_FUNCTIONS - Double cume_dist([arg0[, ...]])
10:24:44.380 [main] DEBUG org.hibernate.HQL_FUNCTIONS - Date curdate()
10:24:44.380 [main] DEBUG org.hibernate.HQL_FUNCTIONS - Date current date
10:24:44.380 [main] DEBUG org.hibernate.HQL_FUNCTIONS - Time current time
10:24:44.380 [main] DEBUG org.hibernate.HQL_FUNCTIONS - Timestamp current timestamp
10:24:44.380 [main] DEBUG org.hibernate.HQL_FUNCTIONS - Date current_date
10:24:44.380 [main] DEBUG org.hibernate.HQL_FUNCTIONS - Instant current_instant
10:24:44.380 [main] DEBUG org.hibernate.HQL_FUNCTIONS - Time current_time
10:24:44.380 [main] DEBUG org.hibernate.HQL_FUNCTIONS - Timestamp current_timestamp
10:24:44.380 [main] DEBUG org.hibernate.HQL_FUNCTIONS - Time curtime()
10:24:44.380 [main] DEBUG org.hibernate.HQL_FUNCTIONS - date_trunc(STRING field, TEMPORAL datetime)
10:24:44.380 [main] DEBUG org.hibernate.HQL_FUNCTIONS - dateadd(TEMPORAL_UNIT field, INTEGER magnitude, TEMPORAL datetime)
10:24:44.380 [main] DEBUG org.hibernate.HQL_FUNCTIONS - Long|Double datediff(TEMPORAL_UNIT field, TEMPORAL start, TEMPORAL end)
10:24:44.380 [main] DEBUG org.hibernate.HQL_FUNCTIONS - Integer day(DATE arg)
10:24:44.380 [main] DEBUG org.hibernate.HQL_FUNCTIONS - Integer day_of_month(DATE arg)
10:24:44.380 [main] DEBUG org.hibernate.HQL_FUNCTIONS - Integer day_of_week(DATE arg)
10:24:44.380 [main] DEBUG org.hibernate.HQL_FUNCTIONS - Integer day_of_year(DATE arg)
10:24:44.380 [main] DEBUG org.hibernate.HQL_FUNCTIONS - String dayname(DATE arg)
10:24:44.380 [main] DEBUG org.hibernate.HQL_FUNCTIONS - Double degrees(NUMERIC arg)
10:24:44.380 [main] DEBUG org.hibernate.HQL_FUNCTIONS - Long dense_rank([arg0[, ...]])
10:24:44.380 [main] DEBUG org.hibernate.HQL_FUNCTIONS - Boolean every(BOOLEAN predicate)
10:24:44.380 [main] DEBUG org.hibernate.HQL_FUNCTIONS - Double exp(NUMERIC arg)
10:24:44.380 [main] DEBUG org.hibernate.HQL_FUNCTIONS - extract(TEMPORAL_UNIT field from TEMPORAL arg)
10:24:44.380 [main] DEBUG org.hibernate.HQL_FUNCTIONS - first_valueANY value
10:24:44.380 [main] DEBUG org.hibernate.HQL_FUNCTIONS - floor(NUMERIC arg)
10:24:44.380 [main] DEBUG org.hibernate.HQL_FUNCTIONS - String format(TEMPORAL datetime as STRING pattern)
10:24:44.380 [main] DEBUG org.hibernate.HQL_FUNCTIONS - greatest(COMPARABLE arg0, COMPARABLE arg1[, arg2[, ...]])
10:24:44.380 [main] DEBUG org.hibernate.HQL_FUNCTIONS - Integer hour(TIME arg)
10:24:44.380 [main] DEBUG org.hibernate.HQL_FUNCTIONS - ifnull(arg0, arg1)
10:24:44.380 [main] DEBUG org.hibernate.HQL_FUNCTIONS - String insert(STRING string, INTEGER start, INTEGER length, STRING replacement)
10:24:44.380 [main] DEBUG org.hibernate.HQL_FUNCTIONS - Instant instant
10:24:44.380 [main] DEBUG org.hibernate.HQL_FUNCTIONS - Integer instr(STRING string, STRING pattern[, INTEGER start[, INTEGER occurrence]])
10:24:44.380 [main] DEBUG org.hibernate.HQL_FUNCTIONS - lagANY value[, INTEGER offset[, ANY default]]
10:24:44.380 [main] DEBUG org.hibernate.HQL_FUNCTIONS - last_valueANY value
10:24:44.380 [main] DEBUG org.hibernate.HQL_FUNCTIONS - leadANY value[, INTEGER offset[, ANY default]]
10:24:44.380 [main] DEBUG org.hibernate.HQL_FUNCTIONS - least(COMPARABLE arg0, COMPARABLE arg1[, arg2[, ...]])
10:24:44.380 [main] DEBUG org.hibernate.HQL_FUNCTIONS - String left(STRING string, INTEGER length)
10:24:44.380 [main] DEBUG org.hibernate.HQL_FUNCTIONS - Integer length(STRING_OR_CLOB arg)
10:24:44.380 [main] DEBUG org.hibernate.HQL_FUNCTIONS - String listagg(STRING arg0, STRING arg1)
10:24:44.380 [main] DEBUG org.hibernate.HQL_FUNCTIONS - Double ln(NUMERIC arg)
10:24:44.380 [main] DEBUG org.hibernate.HQL_FUNCTIONS - LocalDate local date
10:24:44.380 [main] DEBUG org.hibernate.HQL_FUNCTIONS - LocalDateTime local datetime
10:24:44.380 [main] DEBUG org.hibernate.HQL_FUNCTIONS - LocalTime local time
10:24:44.380 [main] DEBUG org.hibernate.HQL_FUNCTIONS - LocalDate local_date
10:24:44.380 [main] DEBUG org.hibernate.HQL_FUNCTIONS - LocalDateTime local_datetime
10:24:44.380 [main] DEBUG org.hibernate.HQL_FUNCTIONS - LocalTime local_time
10:24:44.380 [main] DEBUG org.hibernate.HQL_FUNCTIONS - Time localtime
10:24:44.380 [main] DEBUG org.hibernate.HQL_FUNCTIONS - Timestamp localtimestamp
10:24:44.380 [main] DEBUG org.hibernate.HQL_FUNCTIONS - Integer locate(STRING pattern, STRING string[, INTEGER start])
10:24:44.380 [main] DEBUG org.hibernate.HQL_FUNCTIONS - Double log(NUMERIC base, NUMERIC arg)
10:24:44.380 [main] DEBUG org.hibernate.HQL_FUNCTIONS - Double log10(NUMERIC arg)
10:24:44.380 [main] DEBUG org.hibernate.HQL_FUNCTIONS - String lower(STRING string)
10:24:44.380 [main] DEBUG org.hibernate.HQL_FUNCTIONS - String lpad(STRING string, INTEGER length[, STRING padding])
10:24:44.380 [main] DEBUG org.hibernate.HQL_FUNCTIONS - String ltrim(STRING string)
10:24:44.380 [main] DEBUG org.hibernate.HQL_FUNCTIONS - max(COMPARABLE arg)
10:24:44.380 [main] DEBUG org.hibernate.HQL_FUNCTIONS - Double median(NUMERIC arg)
10:24:44.380 [main] DEBUG org.hibernate.HQL_FUNCTIONS - Integer microsecond(TIME arg)
10:24:44.380 [main] DEBUG org.hibernate.HQL_FUNCTIONS - min(COMPARABLE arg)
10:24:44.380 [main] DEBUG org.hibernate.HQL_FUNCTIONS - Integer minute(TIME arg)
10:24:44.380 [main] DEBUG org.hibernate.HQL_FUNCTIONS - Integer mod(INTEGER arg0, INTEGER arg1)
10:24:44.380 [main] DEBUG org.hibernate.HQL_FUNCTIONS - mode()
10:24:44.380 [main] DEBUG org.hibernate.HQL_FUNCTIONS - Integer month(DATE arg)
10:24:44.380 [main] DEBUG org.hibernate.HQL_FUNCTIONS - String monthname(DATE arg)
10:24:44.380 [main] DEBUG org.hibernate.HQL_FUNCTIONS - Timestamp now()
10:24:44.380 [main] DEBUG org.hibernate.HQL_FUNCTIONS - nth_valueANY value, INTEGER nth
10:24:44.380 [main] DEBUG org.hibernate.HQL_FUNCTIONS - nullif(arg0, arg1)
10:24:44.380 [main] DEBUG org.hibernate.HQL_FUNCTIONS - Integer octet_length(STRING_OR_CLOB arg)
10:24:44.380 [main] DEBUG org.hibernate.HQL_FUNCTIONS - OffsetDateTime offset datetime
10:24:44.380 [main] DEBUG org.hibernate.HQL_FUNCTIONS - OffsetDateTime offset_datetime
10:24:44.380 [main] DEBUG org.hibernate.HQL_FUNCTIONS - String overlay(STRING string placing STRING replacement from INTEGER start[ for INTEGER length])
10:24:44.380 [main] DEBUG org.hibernate.HQL_FUNCTIONS - String pad(STRING string with INTEGER length {leading|trailing}[ STRING character])
10:24:44.380 [main] DEBUG org.hibernate.HQL_FUNCTIONS - Double percent_rank([arg0[, ...]])
10:24:44.380 [main] DEBUG org.hibernate.HQL_FUNCTIONS - percentile_cont(NUMERIC arg)
10:24:44.380 [main] DEBUG org.hibernate.HQL_FUNCTIONS - percentile_disc(NUMERIC arg)
10:24:44.380 [main] DEBUG org.hibernate.HQL_FUNCTIONS - Double pi
10:24:44.380 [main] DEBUG org.hibernate.HQL_FUNCTIONS - Integer position(STRING pattern in STRING string)
10:24:44.380 [main] DEBUG org.hibernate.HQL_FUNCTIONS - Double power(NUMERIC arg0, NUMERIC arg1)
10:24:44.380 [main] DEBUG org.hibernate.HQL_FUNCTIONS - Integer quarter(DATE arg)
10:24:44.380 [main] DEBUG org.hibernate.HQL_FUNCTIONS - Double radians(NUMERIC arg)
10:24:44.380 [main] DEBUG org.hibernate.HQL_FUNCTIONS - Double rand([INTEGER seed])
10:24:44.380 [main] DEBUG org.hibernate.HQL_FUNCTIONS - Long rank([arg0[, ...]])
10:24:44.380 [main] DEBUG org.hibernate.HQL_FUNCTIONS - String repeat(STRING string, INTEGER times)
10:24:44.380 [main] DEBUG org.hibernate.HQL_FUNCTIONS - String replace(STRING string, STRING pattern, STRING replacement)
10:24:44.380 [main] DEBUG org.hibernate.HQL_FUNCTIONS - String right(STRING string, INTEGER length)
10:24:44.380 [main] DEBUG org.hibernate.HQL_FUNCTIONS - round(NUMERIC number[, INTEGER places])
10:24:44.380 [main] DEBUG org.hibernate.HQL_FUNCTIONS - Long row_number()
10:24:44.380 [main] DEBUG org.hibernate.HQL_FUNCTIONS - Long rownum()
10:24:44.380 [main] DEBUG org.hibernate.HQL_FUNCTIONS - String rpad(STRING string, INTEGER length[, STRING padding])
10:24:44.380 [main] DEBUG org.hibernate.HQL_FUNCTIONS - String rtrim(STRING string)
10:24:44.380 [main] DEBUG org.hibernate.HQL_FUNCTIONS - Integer second(TIME arg)
10:24:44.380 [main] DEBUG org.hibernate.HQL_FUNCTIONS - Integer sign(NUMERIC arg)
10:24:44.380 [main] DEBUG org.hibernate.HQL_FUNCTIONS - Double sin(NUMERIC arg)
10:24:44.380 [main] DEBUG org.hibernate.HQL_FUNCTIONS - Double sinh(NUMERIC arg)
10:24:44.380 [main] DEBUG org.hibernate.HQL_FUNCTIONS - String soundex(arg)
10:24:44.380 [main] DEBUG org.hibernate.HQL_FUNCTIONS - String space(INTEGER arg)
10:24:44.380 [main] DEBUG org.hibernate.HQL_FUNCTIONS - Object sql
10:24:44.380 [main] DEBUG org.hibernate.HQL_FUNCTIONS - Double sqrt(NUMERIC arg)
10:24:44.380 [main] DEBUG org.hibernate.HQL_FUNCTIONS - Double stddev_pop(NUMERIC arg)
10:24:44.380 [main] DEBUG org.hibernate.HQL_FUNCTIONS - Double stddev_samp(NUMERIC arg)
10:24:44.380 [main] DEBUG org.hibernate.HQL_FUNCTIONS - String str(arg)
10:24:44.380 [main] DEBUG org.hibernate.HQL_FUNCTIONS - String substr(STRING string, INTEGER start[, INTEGER length])
10:24:44.380 [main] DEBUG org.hibernate.HQL_FUNCTIONS - String substring(STRING string{ from|,} INTEGER start[{ for|,} INTEGER length])
10:24:44.380 [main] DEBUG org.hibernate.HQL_FUNCTIONS - sum(arg)
10:24:44.380 [main] DEBUG org.hibernate.HQL_FUNCTIONS - Timestamp sysdate
10:24:44.380 [main] DEBUG org.hibernate.HQL_FUNCTIONS - Double tan(NUMERIC arg)
10:24:44.380 [main] DEBUG org.hibernate.HQL_FUNCTIONS - Double tanh(NUMERIC arg)
10:24:44.380 [main] DEBUG org.hibernate.HQL_FUNCTIONS - timestampadd(TEMPORAL_UNIT field, INTEGER magnitude, TEMPORAL datetime)
10:24:44.380 [main] DEBUG org.hibernate.HQL_FUNCTIONS - Long|Double timestampdiff(TEMPORAL_UNIT field, TEMPORAL start, TEMPORAL end)
10:24:44.380 [main] DEBUG org.hibernate.HQL_FUNCTIONS - String translate(STRING arg0, STRING arg1, STRING arg2)
10:24:44.380 [main] DEBUG org.hibernate.HQL_FUNCTIONS - String trim([[{leading|trailing|both} ][STRING arg0 ]from] STRING arg1)
10:24:44.380 [main] DEBUG org.hibernate.HQL_FUNCTIONS - trunc( ... )
10:24:44.380 [main] DEBUG org.hibernate.HQL_FUNCTIONS - truncate( ... )
10:24:44.380 [main] DEBUG org.hibernate.HQL_FUNCTIONS - String upper(STRING string)
10:24:44.380 [main] DEBUG org.hibernate.HQL_FUNCTIONS - Double var_pop(NUMERIC arg)
10:24:44.380 [main] DEBUG org.hibernate.HQL_FUNCTIONS - Double var_samp(NUMERIC arg)
10:24:44.380 [main] DEBUG org.hibernate.HQL_FUNCTIONS - Integer week(DATE arg)
10:24:44.380 [main] DEBUG org.hibernate.HQL_FUNCTIONS - Integer year(DATE arg)
10:24:44.380 [main] DEBUG org.hibernate.orm.query.plan.cache - Starting QueryInterpretationCache(2048)
10:24:44.381 [main] DEBUG org.hibernate.service.internal.SessionFactoryServiceRegistryImpl - EventListenerRegistry access via ServiceRegistry is deprecated.  Use `sessionFactory.getEventEngine().getListenerRegistry()` instead
10:24:44.381 [main] DEBUG org.hibernate.event.internal.EntityCopyObserverFactoryInitiator - Configured EntityCopyObserver strategy: disallow
10:24:44.381 [main] DEBUG org.hibernate.boot.internal.ClassLoaderAccessImpl - Not known whether passed class name [org.frcpm.models.Attendance] is safe
10:24:44.381 [main] DEBUG org.hibernate.boot.internal.ClassLoaderAccessImpl - No temp ClassLoader provided; using live ClassLoader for loading potentially unsafe class : org.frcpm.models.Attendance
10:24:44.382 [main] DEBUG org.hibernate.bytecode.internal.bytebuddy.BytecodeProviderImpl - HHH000513: Unable to create the ReflectionOptimizer for [org.frcpm.models.Attendance]: private accessor [arrivalTime]
10:24:44.383 [main] DEBUG org.hibernate.boot.internal.ClassLoaderAccessImpl - Not known whether passed class name [org.frcpm.models.Meeting] is safe
10:24:44.383 [main] DEBUG org.hibernate.boot.internal.ClassLoaderAccessImpl - No temp ClassLoader provided; using live ClassLoader for loading potentially unsafe class : org.frcpm.models.Meeting
10:24:44.385 [main] DEBUG org.hibernate.bytecode.internal.bytebuddy.BytecodeProviderImpl - HHH000513: Unable to create the ReflectionOptimizer for [org.frcpm.models.Meeting]: private accessor [attendances]
10:24:44.386 [main] DEBUG org.hibernate.boot.internal.ClassLoaderAccessImpl - Not known whether passed class name [org.frcpm.models.Subsystem] is safe
10:24:44.386 [main] DEBUG org.hibernate.boot.internal.ClassLoaderAccessImpl - No temp ClassLoader provided; using live ClassLoader for loading potentially unsafe class : org.frcpm.models.Subsystem
10:24:44.389 [main] DEBUG org.hibernate.bytecode.internal.bytebuddy.BytecodeProviderImpl - HHH000513: Unable to create the ReflectionOptimizer for [org.frcpm.models.Subsystem]: private accessor [description]
10:24:44.389 [main] DEBUG org.hibernate.boot.internal.ClassLoaderAccessImpl - Not known whether passed class name [org.frcpm.models.Component] is safe
10:24:44.389 [main] DEBUG org.hibernate.boot.internal.ClassLoaderAccessImpl - No temp ClassLoader provided; using live ClassLoader for loading potentially unsafe class : org.frcpm.models.Component
10:24:44.392 [main] DEBUG org.hibernate.bytecode.internal.bytebuddy.BytecodeProviderImpl - HHH000513: Unable to create the ReflectionOptimizer for [org.frcpm.models.Component]: private accessor [actualDelivery]
10:24:44.392 [main] DEBUG org.hibernate.boot.internal.ClassLoaderAccessImpl - Not known whether passed class name [org.frcpm.models.Milestone] is safe
10:24:44.392 [main] DEBUG org.hibernate.boot.internal.ClassLoaderAccessImpl - No temp ClassLoader provided; using live ClassLoader for loading potentially unsafe class : org.frcpm.models.Milestone
10:24:44.394 [main] DEBUG org.hibernate.bytecode.internal.bytebuddy.BytecodeProviderImpl - HHH000513: Unable to create the ReflectionOptimizer for [org.frcpm.models.Milestone]: private accessor [date]
10:24:44.394 [main] DEBUG org.hibernate.boot.internal.ClassLoaderAccessImpl - Not known whether passed class name [org.frcpm.models.Project] is safe
10:24:44.394 [main] DEBUG org.hibernate.boot.internal.ClassLoaderAccessImpl - No temp ClassLoader provided; using live ClassLoader for loading potentially unsafe class : org.frcpm.models.Project
10:24:44.396 [main] DEBUG org.hibernate.bytecode.internal.bytebuddy.BytecodeProviderImpl - HHH000513: Unable to create the ReflectionOptimizer for [org.frcpm.models.Project]: private accessor [description]
10:24:44.396 [main] DEBUG org.hibernate.boot.internal.ClassLoaderAccessImpl - Not known whether passed class name [org.frcpm.models.Subteam] is safe
10:24:44.396 [main] DEBUG org.hibernate.boot.internal.ClassLoaderAccessImpl - No temp ClassLoader provided; using live ClassLoader for loading potentially unsafe class : org.frcpm.models.Subteam
10:24:44.401 [main] DEBUG org.hibernate.bytecode.internal.bytebuddy.BytecodeProviderImpl - HHH000513: Unable to create the ReflectionOptimizer for [org.frcpm.models.Subteam]: private accessor [colorCode]
10:24:44.402 [main] DEBUG org.hibernate.boot.internal.ClassLoaderAccessImpl - Not known whether passed class name [org.frcpm.models.Task] is safe
10:24:44.402 [main] DEBUG org.hibernate.boot.internal.ClassLoaderAccessImpl - No temp ClassLoader provided; using live ClassLoader for loading potentially unsafe class : org.frcpm.models.Task
10:24:44.407 [main] DEBUG org.hibernate.bytecode.internal.bytebuddy.BytecodeProviderImpl - HHH000513: Unable to create the ReflectionOptimizer for [org.frcpm.models.Task]: private accessor [actualDurationSeconds]
10:24:44.407 [main] DEBUG org.hibernate.boot.internal.ClassLoaderAccessImpl - Not known whether passed class name [org.frcpm.models.TeamMember] is safe
10:24:44.407 [main] DEBUG org.hibernate.boot.internal.ClassLoaderAccessImpl - No temp ClassLoader provided; using live ClassLoader for loading potentially unsafe class : org.frcpm.models.TeamMember
10:24:44.408 [main] DEBUG org.hibernate.bytecode.internal.bytebuddy.BytecodeProviderImpl - HHH000513: Unable to create the ReflectionOptimizer for [org.frcpm.models.TeamMember]: private accessor [assignedTasks]
10:24:44.409 [main] DEBUG org.hibernate.orm.jdbc.mutation - Skipping collection row updates - org.frcpm.models.Task.assignedTo
10:24:44.409 [main] DEBUG org.hibernate.orm.jdbc.mutation - Skipping collection (re)creation - org.frcpm.models.Subsystem.tasks
10:24:44.409 [main] DEBUG org.hibernate.orm.jdbc.mutation - Skipping collection row deletions - org.frcpm.models.Subsystem.tasks
10:24:44.409 [main] DEBUG org.hibernate.orm.jdbc.mutation - Skipping collection removals - org.frcpm.models.Subsystem.tasks
10:24:44.409 [main] DEBUG org.hibernate.orm.jdbc.mutation - Skipping collection (re)creation - org.frcpm.models.Subteam.members
10:24:44.409 [main] DEBUG org.hibernate.orm.jdbc.mutation - Skipping collection row deletions - org.frcpm.models.Subteam.members
10:24:44.409 [main] DEBUG org.hibernate.orm.jdbc.mutation - Skipping collection removals - org.frcpm.models.Subteam.members
10:24:44.409 [main] DEBUG org.hibernate.orm.jdbc.mutation - Skipping collection (re)creation - org.frcpm.models.TeamMember.attendances
10:24:44.409 [main] DEBUG org.hibernate.orm.jdbc.mutation - Skipping collection row deletions - org.frcpm.models.TeamMember.attendances
10:24:44.409 [main] DEBUG org.hibernate.orm.jdbc.mutation - Skipping collection removals - org.frcpm.models.TeamMember.attendances
10:24:44.409 [main] DEBUG org.hibernate.orm.jdbc.mutation - Skipping collection row updates - org.frcpm.models.Task.requiredComponents
10:24:44.409 [main] DEBUG org.hibernate.orm.jdbc.mutation - Skipping collection (re)creation - org.frcpm.models.Subteam.subsystems
10:24:44.409 [main] DEBUG org.hibernate.orm.jdbc.mutation - Skipping collection row deletions - org.frcpm.models.Subteam.subsystems
10:24:44.409 [main] DEBUG org.hibernate.orm.jdbc.mutation - Skipping collection removals - org.frcpm.models.Subteam.subsystems
10:24:44.409 [main] DEBUG org.hibernate.orm.jdbc.mutation - Skipping collection row updates - org.frcpm.models.Task.preDependencies
10:24:44.409 [main] DEBUG org.hibernate.orm.jdbc.mutation - Skipping collection (re)creation - org.frcpm.models.Project.milestones
10:24:44.409 [main] DEBUG org.hibernate.orm.jdbc.mutation - Skipping collection row deletions - org.frcpm.models.Project.milestones
10:24:44.409 [main] DEBUG org.hibernate.orm.jdbc.mutation - Skipping collection removals - org.frcpm.models.Project.milestones
10:24:44.409 [main] DEBUG org.hibernate.orm.jdbc.mutation - Skipping collection inserts - org.frcpm.models.Component.requiredForTasks
10:24:44.409 [main] DEBUG org.hibernate.orm.jdbc.mutation - Skipping collection row updates - org.frcpm.models.Component.requiredForTasks
10:24:44.409 [main] DEBUG org.hibernate.orm.jdbc.mutation - Skipping collection row deletions - org.frcpm.models.Component.requiredForTasks
10:24:44.409 [main] DEBUG org.hibernate.orm.jdbc.mutation - Skipping collection removals - org.frcpm.models.Component.requiredForTasks
10:24:44.409 [main] DEBUG org.hibernate.orm.jdbc.mutation - Skipping collection (re)creation - org.frcpm.models.Project.meetings
10:24:44.409 [main] DEBUG org.hibernate.orm.jdbc.mutation - Skipping collection row deletions - org.frcpm.models.Project.meetings
10:24:44.409 [main] DEBUG org.hibernate.orm.jdbc.mutation - Skipping collection removals - org.frcpm.models.Project.meetings
10:24:44.409 [main] DEBUG org.hibernate.orm.jdbc.mutation - Skipping collection inserts - org.frcpm.models.TeamMember.assignedTasks
10:24:44.409 [main] DEBUG org.hibernate.orm.jdbc.mutation - Skipping collection row updates - org.frcpm.models.TeamMember.assignedTasks
10:24:44.409 [main] DEBUG org.hibernate.orm.jdbc.mutation - Skipping collection row deletions - org.frcpm.models.TeamMember.assignedTasks
10:24:44.409 [main] DEBUG org.hibernate.orm.jdbc.mutation - Skipping collection removals - org.frcpm.models.TeamMember.assignedTasks
10:24:44.409 [main] DEBUG org.hibernate.orm.jdbc.mutation - Skipping collection (re)creation - org.frcpm.models.Meeting.attendances
10:24:44.409 [main] DEBUG org.hibernate.orm.jdbc.mutation - Skipping collection row deletions - org.frcpm.models.Meeting.attendances
10:24:44.409 [main] DEBUG org.hibernate.orm.jdbc.mutation - Skipping collection removals - org.frcpm.models.Meeting.attendances
10:24:44.409 [main] DEBUG org.hibernate.orm.jdbc.mutation - Skipping collection inserts - org.frcpm.models.Task.postDependencies
10:24:44.409 [main] DEBUG org.hibernate.orm.jdbc.mutation - Skipping collection row updates - org.frcpm.models.Task.postDependencies
10:24:44.409 [main] DEBUG org.hibernate.orm.jdbc.mutation - Skipping collection row deletions - org.frcpm.models.Task.postDependencies
10:24:44.409 [main] DEBUG org.hibernate.orm.jdbc.mutation - Skipping collection removals - org.frcpm.models.Task.postDependencies
10:24:44.409 [main] DEBUG org.hibernate.orm.jdbc.mutation - Skipping collection (re)creation - org.frcpm.models.Project.tasks
10:24:44.409 [main] DEBUG org.hibernate.orm.jdbc.mutation - Skipping collection row deletions - org.frcpm.models.Project.tasks
10:24:44.409 [main] DEBUG org.hibernate.orm.jdbc.mutation - Skipping collection removals - org.frcpm.models.Project.tasks
10:24:44.412 [main] DEBUG org.hibernate.orm.model.mapping.creation - Starting post-init callbacks
10:24:44.412 [main] DEBUG org.hibernate.orm.model.mapping.creation - Starting PostInitCallbackEntry : To-one key - NavigableRole[org.frcpm.models.Attendance.meeting]
10:24:44.414 [main] DEBUG org.hibernate.orm.model.mapping.creation - Starting PostInitCallbackEntry : To-one key - NavigableRole[org.frcpm.models.Attendance.member]
10:24:44.415 [main] DEBUG org.hibernate.orm.model.mapping.creation - Starting PostInitCallbackEntry : Entity(org.frcpm.models.Attendance) `staticFetchableList` generator
10:24:44.415 [main] DEBUG org.hibernate.orm.model.mapping.creation - Starting PostInitCallbackEntry : PluralAttributeMapping( NavigableRole[org.frcpm.models.Meeting.attendances#{element}]) - element descriptor
10:24:44.415 [main] DEBUG org.hibernate.orm.model.mapping.creation - Starting PostInitCallbackEntry : PluralAttributeMapping(org.frcpm.models.Meeting.attendances)#finishInitialization
10:24:44.415 [main] DEBUG org.hibernate.orm.model.mapping.creation - Starting PostInitCallbackEntry : PluralAttributeMapping(org.frcpm.models.Meeting.attendances) - key descriptor
10:24:44.416 [main] DEBUG org.hibernate.orm.model.mapping.creation - Starting PostInitCallbackEntry : To-one key - NavigableRole[org.frcpm.models.Meeting.project]
10:24:44.416 [main] DEBUG org.hibernate.orm.model.mapping.creation - Starting PostInitCallbackEntry : Entity(org.frcpm.models.Meeting) `staticFetchableList` generator
10:24:44.416 [main] DEBUG org.hibernate.orm.model.mapping.creation - Starting PostInitCallbackEntry : To-one key - NavigableRole[org.frcpm.models.Subsystem.responsibleSubteam]
10:24:44.416 [main] DEBUG org.hibernate.orm.model.mapping.creation - Starting PostInitCallbackEntry : PluralAttributeMapping( NavigableRole[org.frcpm.models.Subsystem.tasks#{element}]) - element descriptor
10:24:44.416 [main] DEBUG org.hibernate.orm.model.mapping.creation - Starting PostInitCallbackEntry : PluralAttributeMapping(org.frcpm.models.Subsystem.tasks)#finishInitialization
10:24:44.416 [main] DEBUG org.hibernate.orm.model.mapping.creation - Starting PostInitCallbackEntry : PluralAttributeMapping(org.frcpm.models.Subsystem.tasks) - key descriptor
10:24:44.416 [main] DEBUG org.hibernate.orm.model.mapping.creation - Starting PostInitCallbackEntry : Entity(org.frcpm.models.Subsystem) `staticFetchableList` generator
10:24:44.416 [main] DEBUG org.hibernate.orm.model.mapping.creation - Starting PostInitCallbackEntry : PluralAttributeMapping( NavigableRole[org.frcpm.models.Component.requiredForTasks#{element}]) - element descriptor
10:24:44.416 [main] DEBUG org.hibernate.orm.model.mapping.creation - Starting PostInitCallbackEntry : PluralAttributeMapping(org.frcpm.models.Component.requiredForTasks)#finishInitialization
10:24:44.416 [main] DEBUG org.hibernate.orm.model.mapping.creation - Starting PostInitCallbackEntry : PluralAttributeMapping(org.frcpm.models.Component.requiredForTasks) - key descriptor
10:24:44.416 [main] DEBUG org.hibernate.orm.model.mapping.creation - Starting PostInitCallbackEntry : Entity(org.frcpm.models.Component) `staticFetchableList` generator
10:24:44.416 [main] DEBUG org.hibernate.orm.model.mapping.creation - Starting PostInitCallbackEntry : To-one key - NavigableRole[org.frcpm.models.Milestone.project]
10:24:44.416 [main] DEBUG org.hibernate.orm.model.mapping.creation - Starting PostInitCallbackEntry : Entity(org.frcpm.models.Milestone) `staticFetchableList` generator
10:24:44.416 [main] DEBUG org.hibernate.orm.model.mapping.creation - Starting PostInitCallbackEntry : PluralAttributeMapping( NavigableRole[org.frcpm.models.Project.meetings#{element}]) - element descriptor
10:24:44.416 [main] DEBUG org.hibernate.orm.model.mapping.creation - Starting PostInitCallbackEntry : PluralAttributeMapping(org.frcpm.models.Project.meetings)#finishInitialization
10:24:44.416 [main] DEBUG org.hibernate.orm.model.mapping.creation - Starting PostInitCallbackEntry : PluralAttributeMapping(org.frcpm.models.Project.meetings) - key descriptor
10:24:44.416 [main] DEBUG org.hibernate.orm.model.mapping.creation - Starting PostInitCallbackEntry : PluralAttributeMapping( NavigableRole[org.frcpm.models.Project.milestones#{element}]) - element descriptor
10:24:44.416 [main] DEBUG org.hibernate.orm.model.mapping.creation - Starting PostInitCallbackEntry : PluralAttributeMapping(org.frcpm.models.Project.milestones)#finishInitialization
10:24:44.416 [main] DEBUG org.hibernate.orm.model.mapping.creation - Starting PostInitCallbackEntry : PluralAttributeMapping(org.frcpm.models.Project.milestones) - key descriptor
10:24:44.416 [main] DEBUG org.hibernate.orm.model.mapping.creation - Starting PostInitCallbackEntry : PluralAttributeMapping( NavigableRole[org.frcpm.models.Project.tasks#{element}]) - element descriptor
10:24:44.416 [main] DEBUG org.hibernate.orm.model.mapping.creation - Starting PostInitCallbackEntry : PluralAttributeMapping(org.frcpm.models.Project.tasks)#finishInitialization
10:24:44.416 [main] DEBUG org.hibernate.orm.model.mapping.creation - Starting PostInitCallbackEntry : PluralAttributeMapping(org.frcpm.models.Project.tasks) - key descriptor
10:24:44.416 [main] DEBUG org.hibernate.orm.model.mapping.creation - Starting PostInitCallbackEntry : Entity(org.frcpm.models.Project) `staticFetchableList` generator
10:24:44.416 [main] DEBUG org.hibernate.orm.model.mapping.creation - Starting PostInitCallbackEntry : PluralAttributeMapping( NavigableRole[org.frcpm.models.Subteam.members#{element}]) - element descriptor
10:24:44.416 [main] DEBUG org.hibernate.orm.model.mapping.creation - Starting PostInitCallbackEntry : PluralAttributeMapping(org.frcpm.models.Subteam.members)#finishInitialization
10:24:44.416 [main] DEBUG org.hibernate.orm.model.mapping.creation - Starting PostInitCallbackEntry : PluralAttributeMapping(org.frcpm.models.Subteam.members) - key descriptor
10:24:44.416 [main] DEBUG org.hibernate.orm.model.mapping.creation - Starting PostInitCallbackEntry : PluralAttributeMapping( NavigableRole[org.frcpm.models.Subteam.subsystems#{element}]) - element descriptor
10:24:44.416 [main] DEBUG org.hibernate.orm.model.mapping.creation - Starting PostInitCallbackEntry : PluralAttributeMapping(org.frcpm.models.Subteam.subsystems)#finishInitialization
10:24:44.416 [main] DEBUG org.hibernate.orm.model.mapping.creation - Starting PostInitCallbackEntry : PluralAttributeMapping(org.frcpm.models.Subteam.subsystems) - key descriptor
10:24:44.416 [main] DEBUG org.hibernate.orm.model.mapping.creation - Starting PostInitCallbackEntry : Entity(org.frcpm.models.Subteam) `staticFetchableList` generator
10:24:44.416 [main] DEBUG org.hibernate.orm.model.mapping.creation - Starting PostInitCallbackEntry : PluralAttributeMapping( NavigableRole[org.frcpm.models.Task.assignedTo#{element}]) - element descriptor
10:24:44.416 [main] DEBUG org.hibernate.orm.model.mapping.creation - Starting PostInitCallbackEntry : PluralAttributeMapping(org.frcpm.models.Task.assignedTo)#finishInitialization
10:24:44.416 [main] DEBUG org.hibernate.orm.model.mapping.creation - Starting PostInitCallbackEntry : PluralAttributeMapping(org.frcpm.models.Task.assignedTo) - key descriptor
10:24:44.417 [main] DEBUG org.hibernate.orm.model.mapping.creation - Starting PostInitCallbackEntry : PluralAttributeMapping( NavigableRole[org.frcpm.models.Task.postDependencies#{element}]) - element descriptor
10:24:44.417 [main] DEBUG org.hibernate.orm.model.mapping.creation - Starting PostInitCallbackEntry : PluralAttributeMapping(org.frcpm.models.Task.postDependencies)#finishInitialization
10:24:44.417 [main] DEBUG org.hibernate.orm.model.mapping.creation - Starting PostInitCallbackEntry : PluralAttributeMapping(org.frcpm.models.Task.postDependencies) - key descriptor
10:24:44.417 [main] DEBUG org.hibernate.orm.model.mapping.creation - Starting PostInitCallbackEntry : PluralAttributeMapping( NavigableRole[org.frcpm.models.Task.preDependencies#{element}]) - element descriptor
10:24:44.419 [main] DEBUG org.hibernate.orm.model.mapping.creation - Starting PostInitCallbackEntry : PluralAttributeMapping(org.frcpm.models.Task.preDependencies)#finishInitialization
10:24:44.419 [main] DEBUG org.hibernate.orm.model.mapping.creation - Starting PostInitCallbackEntry : PluralAttributeMapping(org.frcpm.models.Task.preDependencies) - key descriptor
10:24:44.419 [main] DEBUG org.hibernate.orm.model.mapping.creation - Starting PostInitCallbackEntry : To-one key - NavigableRole[org.frcpm.models.Task.project]
10:24:44.419 [main] DEBUG org.hibernate.orm.model.mapping.creation - Starting PostInitCallbackEntry : PluralAttributeMapping( NavigableRole[org.frcpm.models.Task.requiredComponents#{element}]) - element descriptor
10:24:44.419 [main] DEBUG org.hibernate.orm.model.mapping.creation - Starting PostInitCallbackEntry : PluralAttributeMapping(org.frcpm.models.Task.requiredComponents)#finishInitialization
10:24:44.420 [main] DEBUG org.hibernate.orm.model.mapping.creation - Starting PostInitCallbackEntry : PluralAttributeMapping(org.frcpm.models.Task.requiredComponents) - key descriptor
10:24:44.420 [main] DEBUG org.hibernate.orm.model.mapping.creation - Starting PostInitCallbackEntry : To-one key - NavigableRole[org.frcpm.models.Task.subsystem]
10:24:44.420 [main] DEBUG org.hibernate.orm.model.mapping.creation - Starting PostInitCallbackEntry : Entity(org.frcpm.models.Task) `staticFetchableList` generator
10:24:44.420 [main] DEBUG org.hibernate.orm.model.mapping.creation - Starting PostInitCallbackEntry : PluralAttributeMapping( NavigableRole[org.frcpm.models.TeamMember.assignedTasks#{element}]) - element descriptor
10:24:44.420 [main] DEBUG org.hibernate.orm.model.mapping.creation - Starting PostInitCallbackEntry : PluralAttributeMapping(org.frcpm.models.TeamMember.assignedTasks)#finishInitialization
10:24:44.420 [main] DEBUG org.hibernate.orm.model.mapping.creation - Starting PostInitCallbackEntry : PluralAttributeMapping(org.frcpm.models.TeamMember.assignedTasks) - key descriptor
10:24:44.420 [main] DEBUG org.hibernate.orm.model.mapping.creation - Starting PostInitCallbackEntry : PluralAttributeMapping( NavigableRole[org.frcpm.models.TeamMember.attendances#{element}]) - element descriptor
10:24:44.420 [main] DEBUG org.hibernate.orm.model.mapping.creation - Starting PostInitCallbackEntry : PluralAttributeMapping(org.frcpm.models.TeamMember.attendances)#finishInitialization
10:24:44.420 [main] DEBUG org.hibernate.orm.model.mapping.creation - Starting PostInitCallbackEntry : PluralAttributeMapping(org.frcpm.models.TeamMember.attendances) - key descriptor
10:24:44.420 [main] DEBUG org.hibernate.orm.model.mapping.creation - Starting PostInitCallbackEntry : To-one key - NavigableRole[org.frcpm.models.TeamMember.subteam]
10:24:44.420 [main] DEBUG org.hibernate.orm.model.mapping.creation - Starting PostInitCallbackEntry : Entity(org.frcpm.models.TeamMember) `staticFetchableList` generator
10:24:44.420 [main] DEBUG org.hibernate.orm.model.mapping.creation - Starting PostInitCallbackEntry : PluralAttributeMapping( NavigableRole[org.frcpm.models.Meeting.attendances#{element}]) - element descriptor
10:24:44.420 [main] DEBUG org.hibernate.orm.model.mapping.creation - Starting PostInitCallbackEntry : PluralAttributeMapping( NavigableRole[org.frcpm.models.Subsystem.tasks#{element}]) - element descriptor
10:24:44.420 [main] DEBUG org.hibernate.orm.model.mapping.creation - Starting PostInitCallbackEntry : PluralAttributeMapping( NavigableRole[org.frcpm.models.Component.requiredForTasks#{element}]) - element descriptor
10:24:44.420 [main] DEBUG org.hibernate.orm.model.mapping.creation - Starting PostInitCallbackEntry : PluralAttributeMapping( NavigableRole[org.frcpm.models.Project.meetings#{element}]) - element descriptor
10:24:44.420 [main] DEBUG org.hibernate.orm.model.mapping.creation - Starting PostInitCallbackEntry : PluralAttributeMapping( NavigableRole[org.frcpm.models.Project.milestones#{element}]) - element descriptor
10:24:44.420 [main] DEBUG org.hibernate.orm.model.mapping.creation - Starting PostInitCallbackEntry : PluralAttributeMapping( NavigableRole[org.frcpm.models.Project.tasks#{element}]) - element descriptor
10:24:44.420 [main] DEBUG org.hibernate.orm.model.mapping.creation - Starting PostInitCallbackEntry : PluralAttributeMapping( NavigableRole[org.frcpm.models.Subteam.members#{element}]) - element descriptor
10:24:44.420 [main] DEBUG org.hibernate.orm.model.mapping.creation - Starting PostInitCallbackEntry : PluralAttributeMapping( NavigableRole[org.frcpm.models.Subteam.subsystems#{element}]) - element descriptor
10:24:44.420 [main] DEBUG org.hibernate.orm.model.mapping.creation - Starting PostInitCallbackEntry : PluralAttributeMapping( NavigableRole[org.frcpm.models.Task.postDependencies#{element}]) - element descriptor
10:24:44.420 [main] DEBUG org.hibernate.orm.model.mapping.creation - Starting PostInitCallbackEntry : PluralAttributeMapping( NavigableRole[org.frcpm.models.TeamMember.attendances#{element}]) - element descriptor
10:24:44.446 [main] DEBUG org.hibernate.orm.sql.ast.create - Created new SQL alias : a1_0
10:24:44.446 [main] DEBUG org.hibernate.orm.sql.ast.create - Registration of TableGroup [StandardTableGroup(org.frcpm.models.Attendance)] with identifierForTableGroup [org.frcpm.models.Attendance] for NavigablePath [org.frcpm.models.Attendance] 
10:24:44.446 [main] DEBUG org.hibernate.orm.sql.ast.create - Registration of TableGroup [org.hibernate.sql.ast.tree.from.LazyTableGroup@780665fd] with identifierForTableGroup [org.frcpm.models.Attendance.meeting] for NavigablePath [org.frcpm.models.Attendance.meeting] 
10:24:44.447 [main] DEBUG org.hibernate.orm.sql.ast.create - Registration of TableGroup [org.hibernate.sql.ast.tree.from.LazyTableGroup@6026d89a] with identifierForTableGroup [org.frcpm.models.Attendance.member] for NavigablePath [org.frcpm.models.Attendance.member] 
10:24:44.447 [main] DEBUG org.hibernate.orm.results.graph.AST - DomainResult Graph:
 \-EntityResultImpl [org.frcpm.models.Attendance]
 |  +-BasicFetch [org.frcpm.models.Attendance.arrivalTime]
 |  +-BasicFetch [org.frcpm.models.Attendance.departureTime]
 |  +-EntityDelayedFetchImpl [org.frcpm.models.Attendance.meeting]
 |  +-EntityDelayedFetchImpl [org.frcpm.models.Attendance.member]
 |  \-BasicFetch [org.frcpm.models.Attendance.present]

10:24:44.447 [main] DEBUG org.hibernate.orm.sql.ast.tree - SQL AST Tree:
    SelectStatement {
      FromClause {
        StandardTableGroup (a1 : org.frcpm.models.Attendance) {
          primaryTableReference : attendances as a1_0
          TableGroupJoins {
            left  join LazyTableGroup (m1 : org.frcpm.models.Attendance.meeting) {
            }
            left  join LazyTableGroup (m2 : org.frcpm.models.Attendance.member) {
            }
          }
        }
      }
    }

10:24:44.447 [main] DEBUG org.hibernate.persister.entity.AbstractEntityPersister - Static SQL for entity: org.frcpm.models.Attendance
10:24:44.447 [main] DEBUG org.hibernate.persister.entity.AbstractEntityPersister -  Version select: select id from attendances where id=?
10:24:44.447 [main] DEBUG org.hibernate.persister.entity.AbstractEntityPersister -  Insert (0): insert into attendances (arrival_time,departure_time,meeting_id,member_id,present,id) values (?,?,?,?,?,default)
10:24:44.447 [main] DEBUG org.hibernate.persister.entity.AbstractEntityPersister -  Update (0): update attendances set arrival_time=?,departure_time=?,meeting_id=?,member_id=?,present=? where id=?
10:24:44.447 [main] DEBUG org.hibernate.persister.entity.AbstractEntityPersister -  Delete (0): delete from attendances where id=?
10:24:44.447 [main] DEBUG org.hibernate.orm.sql.ast.create - Created new SQL alias : m1_0
10:24:44.447 [main] DEBUG org.hibernate.orm.sql.ast.create - Registration of TableGroup [StandardTableGroup(org.frcpm.models.Meeting)] with identifierForTableGroup [org.frcpm.models.Meeting] for NavigablePath [org.frcpm.models.Meeting] 
10:24:44.447 [main] DEBUG org.hibernate.orm.sql.ast.create - Registration of TableGroup [org.hibernate.sql.ast.tree.from.LazyTableGroup@37672f10] with identifierForTableGroup [org.frcpm.models.Meeting.project] for NavigablePath [org.frcpm.models.Meeting.project] 
10:24:44.447 [main] DEBUG org.hibernate.orm.results.graph.AST - DomainResult Graph:
 \-EntityResultImpl [org.frcpm.models.Meeting]
 |  +-DelayedCollectionFetch [org.frcpm.models.Meeting.attendances]
 |  +-BasicFetch [org.frcpm.models.Meeting.date]
 |  +-BasicFetch [org.frcpm.models.Meeting.endTime]
 |  +-BasicFetch [org.frcpm.models.Meeting.notes]
 |  +-EntityDelayedFetchImpl [org.frcpm.models.Meeting.project]
 |  \-BasicFetch [org.frcpm.models.Meeting.startTime]

10:24:44.447 [main] DEBUG org.hibernate.orm.sql.ast.tree - SQL AST Tree:
    SelectStatement {
      FromClause {
        StandardTableGroup (m1 : org.frcpm.models.Meeting) {
          primaryTableReference : meetings as m1_0
          TableGroupJoins {
            left  join LazyTableGroup (p1 : org.frcpm.models.Meeting.project) {
            }
          }
        }
      }
    }

10:24:44.447 [main] DEBUG org.hibernate.persister.entity.AbstractEntityPersister - Static SQL for entity: org.frcpm.models.Meeting
10:24:44.447 [main] DEBUG org.hibernate.persister.entity.AbstractEntityPersister -  Version select: select id from meetings where id=?
10:24:44.447 [main] DEBUG org.hibernate.persister.entity.AbstractEntityPersister -  Insert (0): insert into meetings (date,end_time,notes,project_id,start_time,id) values (?,?,?,?,?,default)
10:24:44.447 [main] DEBUG org.hibernate.persister.entity.AbstractEntityPersister -  Update (0): update meetings set date=?,end_time=?,notes=?,project_id=?,start_time=? where id=?
10:24:44.447 [main] DEBUG org.hibernate.persister.entity.AbstractEntityPersister -  Delete (0): delete from meetings where id=?
10:24:44.447 [main] DEBUG org.hibernate.orm.sql.ast.create - Created new SQL alias : s1_0
10:24:44.447 [main] DEBUG org.hibernate.orm.sql.ast.create - Registration of TableGroup [StandardTableGroup(org.frcpm.models.Subsystem)] with identifierForTableGroup [org.frcpm.models.Subsystem] for NavigablePath [org.frcpm.models.Subsystem] 
10:24:44.447 [main] DEBUG org.hibernate.orm.sql.ast.create - Registration of TableGroup [org.hibernate.sql.ast.tree.from.LazyTableGroup@5fe319e2] with identifierForTableGroup [org.frcpm.models.Subsystem.responsibleSubteam] for NavigablePath [org.frcpm.models.Subsystem.responsibleSubteam] 
10:24:44.447 [main] DEBUG org.hibernate.orm.results.graph.AST - DomainResult Graph:
 \-EntityResultImpl [org.frcpm.models.Subsystem]
 |  +-BasicFetch [org.frcpm.models.Subsystem.description]
 |  +-BasicFetch [org.frcpm.models.Subsystem.name]
 |  +-EntityDelayedFetchImpl [org.frcpm.models.Subsystem.responsibleSubteam]
 |  +-BasicFetch [org.frcpm.models.Subsystem.status]
 |  \-DelayedCollectionFetch [org.frcpm.models.Subsystem.tasks]

10:24:44.447 [main] DEBUG org.hibernate.orm.sql.ast.tree - SQL AST Tree:
    SelectStatement {
      FromClause {
        StandardTableGroup (s1 : org.frcpm.models.Subsystem) {
          primaryTableReference : subsystems as s1_0
          TableGroupJoins {
            left  join LazyTableGroup (rs1 : org.frcpm.models.Subsystem.responsibleSubteam) {
            }
          }
        }
      }
    }

10:24:44.448 [main] DEBUG org.hibernate.persister.entity.AbstractEntityPersister - Static SQL for entity: org.frcpm.models.Subsystem
10:24:44.448 [main] DEBUG org.hibernate.persister.entity.AbstractEntityPersister -  Version select: select id from subsystems where id=?
10:24:44.448 [main] DEBUG org.hibernate.persister.entity.AbstractEntityPersister -  Insert (0): insert into subsystems (description,name,responsible_subteam_id,status,id) values (?,?,?,?,default)
10:24:44.448 [main] DEBUG org.hibernate.persister.entity.AbstractEntityPersister -  Update (0): update subsystems set description=?,name=?,responsible_subteam_id=?,status=? where id=?
10:24:44.448 [main] DEBUG org.hibernate.persister.entity.AbstractEntityPersister -  Delete (0): delete from subsystems where id=?
10:24:44.448 [main] DEBUG org.hibernate.orm.sql.ast.create - Created new SQL alias : c1_0
10:24:44.448 [main] DEBUG org.hibernate.orm.sql.ast.create - Registration of TableGroup [StandardTableGroup(org.frcpm.models.Component)] with identifierForTableGroup [org.frcpm.models.Component] for NavigablePath [org.frcpm.models.Component] 
10:24:44.448 [main] DEBUG org.hibernate.orm.results.graph.AST - DomainResult Graph:
 \-EntityResultImpl [org.frcpm.models.Component]
 |  +-BasicFetch [org.frcpm.models.Component.actualDelivery]
 |  +-BasicFetch [org.frcpm.models.Component.delivered]
 |  +-BasicFetch [org.frcpm.models.Component.description]
 |  +-BasicFetch [org.frcpm.models.Component.expectedDelivery]
 |  +-BasicFetch [org.frcpm.models.Component.name]
 |  +-BasicFetch [org.frcpm.models.Component.partNumber]
 |  \-DelayedCollectionFetch [org.frcpm.models.Component.requiredForTasks]

10:24:44.448 [main] DEBUG org.hibernate.orm.sql.ast.tree - SQL AST Tree:
    SelectStatement {
      FromClause {
        StandardTableGroup (c1 : org.frcpm.models.Component) {
          primaryTableReference : components as c1_0
        }
      }
    }

10:24:44.448 [main] DEBUG org.hibernate.persister.entity.AbstractEntityPersister - Static SQL for entity: org.frcpm.models.Component
10:24:44.448 [main] DEBUG org.hibernate.persister.entity.AbstractEntityPersister -  Version select: select id from components where id=?
10:24:44.448 [main] DEBUG org.hibernate.persister.entity.AbstractEntityPersister -  Insert (0): insert into components (actual_delivery,is_delivered,description,expected_delivery,name,part_number,id) values (?,?,?,?,?,?,default)
10:24:44.448 [main] DEBUG org.hibernate.persister.entity.AbstractEntityPersister -  Update (0): update components set actual_delivery=?,is_delivered=?,description=?,expected_delivery=?,name=?,part_number=? where id=?
10:24:44.448 [main] DEBUG org.hibernate.persister.entity.AbstractEntityPersister -  Delete (0): delete from components where id=?
10:24:44.448 [main] DEBUG org.hibernate.orm.sql.ast.create - Created new SQL alias : m1_0
10:24:44.448 [main] DEBUG org.hibernate.orm.sql.ast.create - Registration of TableGroup [StandardTableGroup(org.frcpm.models.Milestone)] with identifierForTableGroup [org.frcpm.models.Milestone] for NavigablePath [org.frcpm.models.Milestone] 
10:24:44.448 [main] DEBUG org.hibernate.orm.sql.ast.create - Registration of TableGroup [org.hibernate.sql.ast.tree.from.LazyTableGroup@28603379] with identifierForTableGroup [org.frcpm.models.Milestone.project] for NavigablePath [org.frcpm.models.Milestone.project] 
10:24:44.448 [main] DEBUG org.hibernate.orm.results.graph.AST - DomainResult Graph:
 \-EntityResultImpl [org.frcpm.models.Milestone]
 |  +-BasicFetch [org.frcpm.models.Milestone.date]
 |  +-BasicFetch [org.frcpm.models.Milestone.description]
 |  +-BasicFetch [org.frcpm.models.Milestone.name]
 |  \-EntityDelayedFetchImpl [org.frcpm.models.Milestone.project]

10:24:44.448 [main] DEBUG org.hibernate.orm.sql.ast.tree - SQL AST Tree:
    SelectStatement {
      FromClause {
        StandardTableGroup (m1 : org.frcpm.models.Milestone) {
          primaryTableReference : milestones as m1_0
          TableGroupJoins {
            left  join LazyTableGroup (p1 : org.frcpm.models.Milestone.project) {
            }
          }
        }
      }
    }

10:24:44.448 [main] DEBUG org.hibernate.persister.entity.AbstractEntityPersister - Static SQL for entity: org.frcpm.models.Milestone
10:24:44.448 [main] DEBUG org.hibernate.persister.entity.AbstractEntityPersister -  Version select: select id from milestones where id=?
10:24:44.448 [main] DEBUG org.hibernate.persister.entity.AbstractEntityPersister -  Insert (0): insert into milestones (date,description,name,project_id,id) values (?,?,?,?,default)
10:24:44.448 [main] DEBUG org.hibernate.persister.entity.AbstractEntityPersister -  Update (0): update milestones set date=?,description=?,name=?,project_id=? where id=?
10:24:44.448 [main] DEBUG org.hibernate.persister.entity.AbstractEntityPersister -  Delete (0): delete from milestones where id=?
10:24:44.448 [main] DEBUG org.hibernate.orm.sql.ast.create - Created new SQL alias : p1_0
10:24:44.448 [main] DEBUG org.hibernate.orm.sql.ast.create - Registration of TableGroup [StandardTableGroup(org.frcpm.models.Project)] with identifierForTableGroup [org.frcpm.models.Project] for NavigablePath [org.frcpm.models.Project] 
10:24:44.448 [main] DEBUG org.hibernate.orm.results.graph.AST - DomainResult Graph:
 \-EntityResultImpl [org.frcpm.models.Project]
 |  +-BasicFetch [org.frcpm.models.Project.description]
 |  +-BasicFetch [org.frcpm.models.Project.goalEndDate]
 |  +-BasicFetch [org.frcpm.models.Project.hardDeadline]
 |  +-DelayedCollectionFetch [org.frcpm.models.Project.meetings]
 |  +-DelayedCollectionFetch [org.frcpm.models.Project.milestones]
 |  +-BasicFetch [org.frcpm.models.Project.name]
 |  +-BasicFetch [org.frcpm.models.Project.startDate]
 |  \-DelayedCollectionFetch [org.frcpm.models.Project.tasks]

10:24:44.448 [main] DEBUG org.hibernate.orm.sql.ast.tree - SQL AST Tree:
    SelectStatement {
      FromClause {
        StandardTableGroup (p1 : org.frcpm.models.Project) {
          primaryTableReference : projects as p1_0
        }
      }
    }

10:24:44.449 [main] DEBUG org.hibernate.persister.entity.AbstractEntityPersister - Static SQL for entity: org.frcpm.models.Project
10:24:44.449 [main] DEBUG org.hibernate.persister.entity.AbstractEntityPersister -  Version select: select id from projects where id=?
10:24:44.449 [main] DEBUG org.hibernate.persister.entity.AbstractEntityPersister -  Insert (0): insert into projects (description,goal_end_date,hard_deadline,name,start_date,id) values (?,?,?,?,?,default)
10:24:44.449 [main] DEBUG org.hibernate.persister.entity.AbstractEntityPersister -  Update (0): update projects set description=?,goal_end_date=?,hard_deadline=?,name=?,start_date=? where id=?
10:24:44.449 [main] DEBUG org.hibernate.persister.entity.AbstractEntityPersister -  Delete (0): delete from projects where id=?
10:24:44.450 [main] DEBUG org.hibernate.orm.sql.ast.create - Created new SQL alias : s1_0
10:24:44.450 [main] DEBUG org.hibernate.orm.sql.ast.create - Registration of TableGroup [StandardTableGroup(org.frcpm.models.Subteam)] with identifierForTableGroup [org.frcpm.models.Subteam] for NavigablePath [org.frcpm.models.Subteam] 
10:24:44.450 [main] DEBUG org.hibernate.orm.results.graph.AST - DomainResult Graph:
 \-EntityResultImpl [org.frcpm.models.Subteam]
 |  +-BasicFetch [org.frcpm.models.Subteam.colorCode]
 |  +-DelayedCollectionFetch [org.frcpm.models.Subteam.members]
 |  +-BasicFetch [org.frcpm.models.Subteam.name]
 |  +-BasicFetch [org.frcpm.models.Subteam.specialties]
 |  \-DelayedCollectionFetch [org.frcpm.models.Subteam.subsystems]

10:24:44.450 [main] DEBUG org.hibernate.orm.sql.ast.tree - SQL AST Tree:
    SelectStatement {
      FromClause {
        StandardTableGroup (s1 : org.frcpm.models.Subteam) {
          primaryTableReference : subteams as s1_0
        }
      }
    }

10:24:44.451 [main] DEBUG org.hibernate.persister.entity.AbstractEntityPersister - Static SQL for entity: org.frcpm.models.Subteam
10:24:44.451 [main] DEBUG org.hibernate.persister.entity.AbstractEntityPersister -  Version select: select id from subteams where id=?
10:24:44.451 [main] DEBUG org.hibernate.persister.entity.AbstractEntityPersister -  Insert (0): insert into subteams (color_code,name,specialties,id) values (?,?,?,default)
10:24:44.451 [main] DEBUG org.hibernate.persister.entity.AbstractEntityPersister -  Update (0): update subteams set color_code=?,name=?,specialties=? where id=?
10:24:44.451 [main] DEBUG org.hibernate.persister.entity.AbstractEntityPersister -  Delete (0): delete from subteams where id=?
10:24:44.451 [main] DEBUG org.hibernate.orm.sql.ast.create - Created new SQL alias : t1_0
10:24:44.451 [main] DEBUG org.hibernate.orm.sql.ast.create - Registration of TableGroup [StandardTableGroup(org.frcpm.models.Task)] with identifierForTableGroup [org.frcpm.models.Task] for NavigablePath [org.frcpm.models.Task] 
10:24:44.451 [main] DEBUG org.hibernate.orm.sql.ast.create - Registration of TableGroup [org.hibernate.sql.ast.tree.from.LazyTableGroup@27d65c08] with identifierForTableGroup [org.frcpm.models.Task.project] for NavigablePath [org.frcpm.models.Task.project] 
10:24:44.451 [main] DEBUG org.hibernate.orm.sql.ast.create - Registration of TableGroup [org.hibernate.sql.ast.tree.from.LazyTableGroup@1e25e403] with identifierForTableGroup [org.frcpm.models.Task.subsystem] for NavigablePath [org.frcpm.models.Task.subsystem] 
10:24:44.451 [main] DEBUG org.hibernate.orm.results.graph.AST - DomainResult Graph:
 \-EntityResultImpl [org.frcpm.models.Task]
 |  +-BasicFetch [org.frcpm.models.Task.actualDurationSeconds]
 |  +-DelayedCollectionFetch [org.frcpm.models.Task.assignedTo]
 |  +-BasicFetch [org.frcpm.models.Task.completed]
 |  +-BasicFetch [org.frcpm.models.Task.description]
 |  +-BasicFetch [org.frcpm.models.Task.endDate]
 |  +-BasicFetch [org.frcpm.models.Task.estimatedDurationSeconds]
 |  +-DelayedCollectionFetch [org.frcpm.models.Task.postDependencies]
 |  +-DelayedCollectionFetch [org.frcpm.models.Task.preDependencies]
 |  +-BasicFetch [org.frcpm.models.Task.priority]
 |  +-BasicFetch [org.frcpm.models.Task.progress]
 |  +-EntityDelayedFetchImpl [org.frcpm.models.Task.project]
 |  +-DelayedCollectionFetch [org.frcpm.models.Task.requiredComponents]
 |  +-BasicFetch [org.frcpm.models.Task.startDate]
 |  +-EntityDelayedFetchImpl [org.frcpm.models.Task.subsystem]
 |  \-BasicFetch [org.frcpm.models.Task.title]

10:24:44.451 [main] DEBUG org.hibernate.orm.sql.ast.tree - SQL AST Tree:
    SelectStatement {
      FromClause {
        StandardTableGroup (t1 : org.frcpm.models.Task) {
          primaryTableReference : tasks as t1_0
          TableGroupJoins {
            left  join LazyTableGroup (p1 : org.frcpm.models.Task.project) {
            }
            left  join LazyTableGroup (s1 : org.frcpm.models.Task.subsystem) {
            }
          }
        }
      }
    }

10:24:44.451 [main] DEBUG org.hibernate.persister.entity.AbstractEntityPersister - Static SQL for entity: org.frcpm.models.Task
10:24:44.451 [main] DEBUG org.hibernate.persister.entity.AbstractEntityPersister -  Version select: select id from tasks where id=?
10:24:44.451 [main] DEBUG org.hibernate.persister.entity.AbstractEntityPersister -  Insert (0): insert into tasks (actual_duration_seconds,completed,description,end_date,estimated_duration_seconds,priority,progress,project_id,start_date,subsystem_id,title,id) values (?,?,?,?,?,?,?,?,?,?,?,default)
10:24:44.452 [main] DEBUG org.hibernate.persister.entity.AbstractEntityPersister -  Update (0): update tasks set actual_duration_seconds=?,completed=?,description=?,end_date=?,estimated_duration_seconds=?,priority=?,progress=?,project_id=?,start_date=?,subsystem_id=?,title=? where id=?
10:24:44.452 [main] DEBUG org.hibernate.persister.entity.AbstractEntityPersister -  Delete (0): delete from tasks where id=?
10:24:44.452 [main] DEBUG org.hibernate.orm.sql.ast.create - Created new SQL alias : tm1_0
10:24:44.452 [main] DEBUG org.hibernate.orm.sql.ast.create - Registration of TableGroup [StandardTableGroup(org.frcpm.models.TeamMember)] with identifierForTableGroup [org.frcpm.models.TeamMember] for NavigablePath [org.frcpm.models.TeamMember] 
10:24:44.452 [main] DEBUG org.hibernate.orm.sql.ast.create - Registration of TableGroup [org.hibernate.sql.ast.tree.from.LazyTableGroup@75d2a1b2] with identifierForTableGroup [org.frcpm.models.TeamMember.subteam] for NavigablePath [org.frcpm.models.TeamMember.subteam] 
10:24:44.452 [main] DEBUG org.hibernate.orm.results.graph.AST - DomainResult Graph:
 \-EntityResultImpl [org.frcpm.models.TeamMember]
 |  +-DelayedCollectionFetch [org.frcpm.models.TeamMember.assignedTasks]
 |  +-DelayedCollectionFetch [org.frcpm.models.TeamMember.attendances]
 |  +-BasicFetch [org.frcpm.models.TeamMember.email]
 |  +-BasicFetch [org.frcpm.models.TeamMember.firstName]
 |  +-BasicFetch [org.frcpm.models.TeamMember.lastName]
 |  +-BasicFetch [org.frcpm.models.TeamMember.leader]
 |  +-BasicFetch [org.frcpm.models.TeamMember.phone]
 |  +-BasicFetch [org.frcpm.models.TeamMember.skills]
 |  +-EntityDelayedFetchImpl [org.frcpm.models.TeamMember.subteam]
 |  \-BasicFetch [org.frcpm.models.TeamMember.username]

10:24:44.452 [main] DEBUG org.hibernate.orm.sql.ast.tree - SQL AST Tree:
    SelectStatement {
      FromClause {
        StandardTableGroup (tm1 : org.frcpm.models.TeamMember) {
          primaryTableReference : team_members as tm1_0
          TableGroupJoins {
            left  join LazyTableGroup (s1 : org.frcpm.models.TeamMember.subteam) {
            }
          }
        }
      }
    }

10:24:44.452 [main] DEBUG org.hibernate.persister.entity.AbstractEntityPersister - Static SQL for entity: org.frcpm.models.TeamMember
10:24:44.452 [main] DEBUG org.hibernate.persister.entity.AbstractEntityPersister -  Version select: select id from team_members where id=?
10:24:44.452 [main] DEBUG org.hibernate.persister.entity.AbstractEntityPersister -  Insert (0): insert into team_members (email,first_name,last_name,is_leader,phone,skills,subteam_id,username,id) values (?,?,?,?,?,?,?,?,default)
10:24:44.452 [main] DEBUG org.hibernate.persister.entity.AbstractEntityPersister -  Update (0): update team_members set email=?,first_name=?,last_name=?,is_leader=?,phone=?,skills=?,subteam_id=?,username=? where id=?
10:24:44.452 [main] DEBUG org.hibernate.persister.entity.AbstractEntityPersister -  Delete (0): delete from team_members where id=?
10:24:44.452 [main] DEBUG org.hibernate.orm.sql.ast.create - Created new SQL alias : at1_0
10:24:44.452 [main] DEBUG org.hibernate.orm.sql.ast.create - Registration of TableGroup [CollectionTableGroup(org.frcpm.models.Task.assignedTo)] with identifierForTableGroup [org.frcpm.models.Task.assignedTo] for NavigablePath [org.frcpm.models.Task.assignedTo] 
10:24:44.452 [main] DEBUG org.hibernate.orm.sql.ast.create - Registration of TableGroup [org.hibernate.sql.ast.tree.from.LazyTableGroup@4739038f] with identifierForTableGroup [org.frcpm.models.Task.assignedTo.{element}] for NavigablePath [org.frcpm.models.Task.assignedTo.{element}] 
10:24:44.452 [main] DEBUG org.hibernate.orm.sql.ast.create - Created new SQL alias : at1_1
10:24:44.452 [main] DEBUG org.hibernate.orm.sql.ast.create - Registration of TableGroup [org.hibernate.sql.ast.tree.from.LazyTableGroup@2b190087] with identifierForTableGroup [org.frcpm.models.Task.assignedTo.{element}.subteam] for NavigablePath [org.frcpm.models.Task.assignedTo.{element}.subteam] 
10:24:44.453 [main] DEBUG org.hibernate.orm.results.graph.AST - DomainResult Graph:
 \-CollectionDomainResult [org.frcpm.models.Task.assignedTo]

10:24:44.453 [main] DEBUG org.hibernate.orm.sql.ast.tree - SQL AST Tree:
    SelectStatement {
      FromClause {
        CollectionTableGroup (at1 : org.frcpm.models.Task.assignedTo) {
          primaryTableReference : task_assignments as at1_0
          TableGroupJoins {
             join LazyTableGroup (at1 : org.frcpm.models.Task.assignedTo.{element}) {
              primaryTableReference : team_members as at1_1
              TableGroupJoins {
                left  join LazyTableGroup (s1 : org.frcpm.models.Task.assignedTo.{element}.subteam) {
                }
              }
            }
          }
        }
      }
    }

10:24:44.453 [main] DEBUG org.hibernate.orm.jdbc.mutation - Static SQL for collection: org.frcpm.models.Task.assignedTo
10:24:44.453 [main] DEBUG org.hibernate.orm.jdbc.mutation -  Row insert: insert into task_assignments (task_id,team_member_id) values (?,?)
10:24:44.453 [main] DEBUG org.hibernate.orm.jdbc.mutation -  Row delete: delete from task_assignments where task_id=? and team_member_id=?
10:24:44.453 [main] DEBUG org.hibernate.orm.jdbc.mutation -  One-shot delete: delete from task_assignments where task_id=?
10:24:44.453 [main] DEBUG org.hibernate.orm.sql.ast.create - Created new SQL alias : t1_0
10:24:44.453 [main] DEBUG org.hibernate.orm.sql.ast.create - Registration of TableGroup [org.hibernate.sql.ast.tree.from.OneToManyTableGroup@1f1013a7] with identifierForTableGroup [org.frcpm.models.Subsystem.tasks] for NavigablePath [org.frcpm.models.Subsystem.tasks] 
10:24:44.453 [main] DEBUG org.hibernate.orm.sql.ast.create - Registration of TableGroup [StandardTableGroup(org.frcpm.models.Subsystem.tasks.{element})] with identifierForTableGroup [org.frcpm.models.Subsystem.tasks.{element}] for NavigablePath [org.frcpm.models.Subsystem.tasks.{element}] 
10:24:44.453 [main] DEBUG org.hibernate.orm.sql.ast.create - Registration of TableGroup [org.hibernate.sql.ast.tree.from.LazyTableGroup@3f907cf9] with identifierForTableGroup [org.frcpm.models.Subsystem.tasks.{element}.project] for NavigablePath [org.frcpm.models.Subsystem.tasks.{element}.project] 
10:24:44.453 [main] DEBUG org.hibernate.orm.sql.ast.create - Registration of TableGroup [org.hibernate.sql.ast.tree.from.LazyTableGroup@27bc3d71] with identifierForTableGroup [org.frcpm.models.Subsystem.tasks.{element}.subsystem] for NavigablePath [org.frcpm.models.Subsystem.tasks.{element}.subsystem] 
10:24:44.453 [main] DEBUG org.hibernate.orm.results.graph.AST - DomainResult Graph:
 \-CollectionDomainResult [org.frcpm.models.Subsystem.tasks]

10:24:44.453 [main] DEBUG org.hibernate.orm.sql.ast.tree - SQL AST Tree:
    SelectStatement {
      FromClause {
        OneToManyTableGroup (t1 : org.frcpm.models.Subsystem.tasks) {
          primaryTableReference : tasks as t1_0
          TableGroupJoins {
            left  join LazyTableGroup (p1 : org.frcpm.models.Subsystem.tasks.{element}.project) {
            }
            left  join LazyTableGroup (s1 : org.frcpm.models.Subsystem.tasks.{element}.subsystem) {
            }
          }
        }
      }
    }

10:24:44.454 [main] DEBUG org.hibernate.orm.jdbc.mutation - Static SQL for collection: org.frcpm.models.Subsystem.tasks
10:24:44.454 [main] DEBUG org.hibernate.orm.sql.ast.create - Created new SQL alias : m1_0
10:24:44.454 [main] DEBUG org.hibernate.orm.sql.ast.create - Registration of TableGroup [org.hibernate.sql.ast.tree.from.OneToManyTableGroup@4655b42] with identifierForTableGroup [org.frcpm.models.Subteam.members] for NavigablePath [org.frcpm.models.Subteam.members] 
10:24:44.454 [main] DEBUG org.hibernate.orm.sql.ast.create - Registration of TableGroup [StandardTableGroup(org.frcpm.models.Subteam.members.{element})] with identifierForTableGroup [org.frcpm.models.Subteam.members.{element}] for NavigablePath [org.frcpm.models.Subteam.members.{element}] 
10:24:44.454 [main] DEBUG org.hibernate.orm.sql.ast.create - Registration of TableGroup [org.hibernate.sql.ast.tree.from.LazyTableGroup@36dc4458] with identifierForTableGroup [org.frcpm.models.Subteam.members.{element}.subteam] for NavigablePath [org.frcpm.models.Subteam.members.{element}.subteam] 
10:24:44.454 [main] DEBUG org.hibernate.orm.results.graph.AST - DomainResult Graph:
 \-CollectionDomainResult [org.frcpm.models.Subteam.members]

10:24:44.454 [main] DEBUG org.hibernate.orm.sql.ast.tree - SQL AST Tree:
    SelectStatement {
      FromClause {
        OneToManyTableGroup (m1 : org.frcpm.models.Subteam.members) {
          primaryTableReference : team_members as m1_0
          TableGroupJoins {
            left  join LazyTableGroup (s1 : org.frcpm.models.Subteam.members.{element}.subteam) {
            }
          }
        }
      }
    }

10:24:44.454 [main] DEBUG org.hibernate.orm.jdbc.mutation - Static SQL for collection: org.frcpm.models.Subteam.members
10:24:44.454 [main] DEBUG org.hibernate.orm.sql.ast.create - Created new SQL alias : a1_0
10:24:44.454 [main] DEBUG org.hibernate.orm.sql.ast.create - Registration of TableGroup [org.hibernate.sql.ast.tree.from.OneToManyTableGroup@3cd7a78b] with identifierForTableGroup [org.frcpm.models.TeamMember.attendances] for NavigablePath [org.frcpm.models.TeamMember.attendances] 
10:24:44.454 [main] DEBUG org.hibernate.orm.sql.ast.create - Registration of TableGroup [StandardTableGroup(org.frcpm.models.TeamMember.attendances.{element})] with identifierForTableGroup [org.frcpm.models.TeamMember.attendances.{element}] for NavigablePath [org.frcpm.models.TeamMember.attendances.{element}] 
10:24:44.454 [main] DEBUG org.hibernate.orm.sql.ast.create - Registration of TableGroup [org.hibernate.sql.ast.tree.from.LazyTableGroup@12464418] with identifierForTableGroup [org.frcpm.models.TeamMember.attendances.{element}.meeting] for NavigablePath [org.frcpm.models.TeamMember.attendances.{element}.meeting] 
10:24:44.454 [main] DEBUG org.hibernate.orm.sql.ast.create - Registration of TableGroup [org.hibernate.sql.ast.tree.from.LazyTableGroup@5bbef39e] with identifierForTableGroup [org.frcpm.models.TeamMember.attendances.{element}.member] for NavigablePath [org.frcpm.models.TeamMember.attendances.{element}.member] 
10:24:44.454 [main] DEBUG org.hibernate.orm.results.graph.AST - DomainResult Graph:
 \-CollectionDomainResult [org.frcpm.models.TeamMember.attendances]

10:24:44.454 [main] DEBUG org.hibernate.orm.sql.ast.tree - SQL AST Tree:
    SelectStatement {
      FromClause {
        OneToManyTableGroup (a1 : org.frcpm.models.TeamMember.attendances) {
          primaryTableReference : attendances as a1_0
          TableGroupJoins {
            left  join LazyTableGroup (m1 : org.frcpm.models.TeamMember.attendances.{element}.meeting) {
            }
            left  join LazyTableGroup (m2 : org.frcpm.models.TeamMember.attendances.{element}.member) {
            }
          }
        }
      }
    }

10:24:44.454 [main] DEBUG org.hibernate.orm.jdbc.mutation - Static SQL for collection: org.frcpm.models.TeamMember.attendances
10:24:44.454 [main] DEBUG org.hibernate.orm.sql.ast.create - Created new SQL alias : rc1_0
10:24:44.454 [main] DEBUG org.hibernate.orm.sql.ast.create - Registration of TableGroup [CollectionTableGroup(org.frcpm.models.Task.requiredComponents)] with identifierForTableGroup [org.frcpm.models.Task.requiredComponents] for NavigablePath [org.frcpm.models.Task.requiredComponents] 
10:24:44.455 [main] DEBUG org.hibernate.orm.sql.ast.create - Registration of TableGroup [org.hibernate.sql.ast.tree.from.LazyTableGroup@7a92054b] with identifierForTableGroup [org.frcpm.models.Task.requiredComponents.{element}] for NavigablePath [org.frcpm.models.Task.requiredComponents.{element}] 
10:24:44.455 [main] DEBUG org.hibernate.orm.sql.ast.create - Created new SQL alias : rc1_1
10:24:44.455 [main] DEBUG org.hibernate.orm.results.graph.AST - DomainResult Graph:
 \-CollectionDomainResult [org.frcpm.models.Task.requiredComponents]

10:24:44.455 [main] DEBUG org.hibernate.orm.sql.ast.tree - SQL AST Tree:
    SelectStatement {
      FromClause {
        CollectionTableGroup (rc1 : org.frcpm.models.Task.requiredComponents) {
          primaryTableReference : task_components as rc1_0
          TableGroupJoins {
             join LazyTableGroup (rc1 : org.frcpm.models.Task.requiredComponents.{element}) {
              primaryTableReference : components as rc1_1
            }
          }
        }
      }
    }

10:24:44.455 [main] DEBUG org.hibernate.orm.jdbc.mutation - Static SQL for collection: org.frcpm.models.Task.requiredComponents
10:24:44.455 [main] DEBUG org.hibernate.orm.jdbc.mutation -  Row insert: insert into task_components (task_id,component_id) values (?,?)
10:24:44.455 [main] DEBUG org.hibernate.orm.jdbc.mutation -  Row delete: delete from task_components where task_id=? and component_id=?
10:24:44.455 [main] DEBUG org.hibernate.orm.jdbc.mutation -  One-shot delete: delete from task_components where task_id=?
10:24:44.455 [main] DEBUG org.hibernate.orm.sql.ast.create - Created new SQL alias : s1_0
10:24:44.455 [main] DEBUG org.hibernate.orm.sql.ast.create - Registration of TableGroup [org.hibernate.sql.ast.tree.from.OneToManyTableGroup@41d8aced] with identifierForTableGroup [org.frcpm.models.Subteam.subsystems] for NavigablePath [org.frcpm.models.Subteam.subsystems] 
10:24:44.455 [main] DEBUG org.hibernate.orm.sql.ast.create - Registration of TableGroup [StandardTableGroup(org.frcpm.models.Subteam.subsystems.{element})] with identifierForTableGroup [org.frcpm.models.Subteam.subsystems.{element}] for NavigablePath [org.frcpm.models.Subteam.subsystems.{element}] 
10:24:44.455 [main] DEBUG org.hibernate.orm.sql.ast.create - Registration of TableGroup [org.hibernate.sql.ast.tree.from.LazyTableGroup@46255c81] with identifierForTableGroup [org.frcpm.models.Subteam.subsystems.{element}.responsibleSubteam] for NavigablePath [org.frcpm.models.Subteam.subsystems.{element}.responsibleSubteam] 
10:24:44.456 [main] DEBUG org.hibernate.orm.results.graph.AST - DomainResult Graph:
 \-CollectionDomainResult [org.frcpm.models.Subteam.subsystems]

10:24:44.456 [main] DEBUG org.hibernate.orm.sql.ast.tree - SQL AST Tree:
    SelectStatement {
      FromClause {
        OneToManyTableGroup (s1 : org.frcpm.models.Subteam.subsystems) {
          primaryTableReference : subsystems as s1_0
          TableGroupJoins {
            left  join LazyTableGroup (rs1 : org.frcpm.models.Subteam.subsystems.{element}.responsibleSubteam) {
            }
          }
        }
      }
    }

10:24:44.456 [main] DEBUG org.hibernate.orm.jdbc.mutation - Static SQL for collection: org.frcpm.models.Subteam.subsystems
10:24:44.456 [main] DEBUG org.hibernate.orm.sql.ast.create - Created new SQL alias : pd1_0
10:24:44.456 [main] DEBUG org.hibernate.orm.sql.ast.create - Registration of TableGroup [CollectionTableGroup(org.frcpm.models.Task.preDependencies)] with identifierForTableGroup [org.frcpm.models.Task.preDependencies] for NavigablePath [org.frcpm.models.Task.preDependencies] 
10:24:44.456 [main] DEBUG org.hibernate.orm.sql.ast.create - Registration of TableGroup [org.hibernate.sql.ast.tree.from.LazyTableGroup@5f5363a5] with identifierForTableGroup [org.frcpm.models.Task.preDependencies.{element}] for NavigablePath [org.frcpm.models.Task.preDependencies.{element}] 
10:24:44.456 [main] DEBUG org.hibernate.orm.sql.ast.create - Created new SQL alias : pd1_1
10:24:44.456 [main] DEBUG org.hibernate.orm.sql.ast.create - Registration of TableGroup [org.hibernate.sql.ast.tree.from.LazyTableGroup@5b680366] with identifierForTableGroup [org.frcpm.models.Task.preDependencies.{element}.project] for NavigablePath [org.frcpm.models.Task.preDependencies.{element}.project] 
10:24:44.456 [main] DEBUG org.hibernate.orm.sql.ast.create - Registration of TableGroup [org.hibernate.sql.ast.tree.from.LazyTableGroup@4daa1bba] with identifierForTableGroup [org.frcpm.models.Task.preDependencies.{element}.subsystem] for NavigablePath [org.frcpm.models.Task.preDependencies.{element}.subsystem] 
10:24:44.456 [main] DEBUG org.hibernate.orm.results.graph.AST - DomainResult Graph:
 \-CollectionDomainResult [org.frcpm.models.Task.preDependencies]

10:24:44.456 [main] DEBUG org.hibernate.orm.sql.ast.tree - SQL AST Tree:
    SelectStatement {
      FromClause {
        CollectionTableGroup (pd1 : org.frcpm.models.Task.preDependencies) {
          primaryTableReference : task_dependencies as pd1_0
          TableGroupJoins {
             join LazyTableGroup (pd1 : org.frcpm.models.Task.preDependencies.{element}) {
              primaryTableReference : tasks as pd1_1
              TableGroupJoins {
                left  join LazyTableGroup (p1 : org.frcpm.models.Task.preDependencies.{element}.project) {
                }
                left  join LazyTableGroup (s1 : org.frcpm.models.Task.preDependencies.{element}.subsystem) {
                }
              }
            }
          }
        }
      }
    }

10:24:44.456 [main] DEBUG org.hibernate.orm.jdbc.mutation - Static SQL for collection: org.frcpm.models.Task.preDependencies
10:24:44.456 [main] DEBUG org.hibernate.orm.jdbc.mutation -  Row insert: insert into task_dependencies (task_id,dependency_id) values (?,?)
10:24:44.456 [main] DEBUG org.hibernate.orm.jdbc.mutation -  Row delete: delete from task_dependencies where task_id=? and dependency_id=?
10:24:44.456 [main] DEBUG org.hibernate.orm.jdbc.mutation -  One-shot delete: delete from task_dependencies where task_id=?
10:24:44.456 [main] DEBUG org.hibernate.orm.sql.ast.create - Created new SQL alias : m1_0
10:24:44.456 [main] DEBUG org.hibernate.orm.sql.ast.create - Registration of TableGroup [org.hibernate.sql.ast.tree.from.OneToManyTableGroup@8ea433] with identifierForTableGroup [org.frcpm.models.Project.milestones] for NavigablePath [org.frcpm.models.Project.milestones] 
10:24:44.457 [main] DEBUG org.hibernate.orm.sql.ast.create - Registration of TableGroup [StandardTableGroup(org.frcpm.models.Project.milestones.{element})] with identifierForTableGroup [org.frcpm.models.Project.milestones.{element}] for NavigablePath [org.frcpm.models.Project.milestones.{element}] 
10:24:44.457 [main] DEBUG org.hibernate.orm.sql.ast.create - Registration of TableGroup [org.hibernate.sql.ast.tree.from.LazyTableGroup@5e0c019] with identifierForTableGroup [org.frcpm.models.Project.milestones.{element}.project] for NavigablePath [org.frcpm.models.Project.milestones.{element}.project] 
10:24:44.457 [main] DEBUG org.hibernate.orm.results.graph.AST - DomainResult Graph:
 \-CollectionDomainResult [org.frcpm.models.Project.milestones]

10:24:44.457 [main] DEBUG org.hibernate.orm.sql.ast.tree - SQL AST Tree:
    SelectStatement {
      FromClause {
        OneToManyTableGroup (m1 : org.frcpm.models.Project.milestones) {
          primaryTableReference : milestones as m1_0
          TableGroupJoins {
            left  join LazyTableGroup (p1 : org.frcpm.models.Project.milestones.{element}.project) {
            }
          }
        }
      }
    }

10:24:44.457 [main] DEBUG org.hibernate.orm.jdbc.mutation - Static SQL for collection: org.frcpm.models.Project.milestones
10:24:44.457 [main] DEBUG org.hibernate.orm.sql.ast.create - Created new SQL alias : rft1_0
10:24:44.457 [main] DEBUG org.hibernate.orm.sql.ast.create - Registration of TableGroup [CollectionTableGroup(org.frcpm.models.Component.requiredForTasks)] with identifierForTableGroup [org.frcpm.models.Component.requiredForTasks] for NavigablePath [org.frcpm.models.Component.requiredForTasks] 
10:24:44.457 [main] DEBUG org.hibernate.orm.sql.ast.create - Registration of TableGroup [org.hibernate.sql.ast.tree.from.LazyTableGroup@343639fc] with identifierForTableGroup [org.frcpm.models.Component.requiredForTasks.{element}] for NavigablePath [org.frcpm.models.Component.requiredForTasks.{element}] 
10:24:44.457 [main] DEBUG org.hibernate.orm.sql.ast.create - Created new SQL alias : rft1_1
10:24:44.457 [main] DEBUG org.hibernate.orm.sql.ast.create - Registration of TableGroup [org.hibernate.sql.ast.tree.from.LazyTableGroup@416cbc75] with identifierForTableGroup [org.frcpm.models.Component.requiredForTasks.{element}.project] for NavigablePath [org.frcpm.models.Component.requiredForTasks.{element}.project] 
10:24:44.457 [main] DEBUG org.hibernate.orm.sql.ast.create - Registration of TableGroup [org.hibernate.sql.ast.tree.from.LazyTableGroup@698a39db] with identifierForTableGroup [org.frcpm.models.Component.requiredForTasks.{element}.subsystem] for NavigablePath [org.frcpm.models.Component.requiredForTasks.{element}.subsystem] 
10:24:44.457 [main] DEBUG org.hibernate.orm.results.graph.AST - DomainResult Graph:
 \-CollectionDomainResult [org.frcpm.models.Component.requiredForTasks]

10:24:44.457 [main] DEBUG org.hibernate.orm.sql.ast.tree - SQL AST Tree:
    SelectStatement {
      FromClause {
        CollectionTableGroup (rft1 : org.frcpm.models.Component.requiredForTasks) {
          primaryTableReference : task_components as rft1_0
          TableGroupJoins {
             join LazyTableGroup (rft1 : org.frcpm.models.Component.requiredForTasks.{element}) {
              primaryTableReference : tasks as rft1_1
              TableGroupJoins {
                left  join LazyTableGroup (p1 : org.frcpm.models.Component.requiredForTasks.{element}.project) {
                }
                left  join LazyTableGroup (s1 : org.frcpm.models.Component.requiredForTasks.{element}.subsystem) {
                }
              }
            }
          }
        }
      }
    }

10:24:44.458 [main] DEBUG org.hibernate.orm.jdbc.mutation - Static SQL for collection: org.frcpm.models.Component.requiredForTasks
10:24:44.458 [main] DEBUG org.hibernate.orm.sql.ast.create - Created new SQL alias : m1_0
10:24:44.458 [main] DEBUG org.hibernate.orm.sql.ast.create - Registration of TableGroup [org.hibernate.sql.ast.tree.from.OneToManyTableGroup@48dd8220] with identifierForTableGroup [org.frcpm.models.Project.meetings] for NavigablePath [org.frcpm.models.Project.meetings] 
10:24:44.458 [main] DEBUG org.hibernate.orm.sql.ast.create - Registration of TableGroup [StandardTableGroup(org.frcpm.models.Project.meetings.{element})] with identifierForTableGroup [org.frcpm.models.Project.meetings.{element}] for NavigablePath [org.frcpm.models.Project.meetings.{element}] 
10:24:44.458 [main] DEBUG org.hibernate.orm.sql.ast.create - Registration of TableGroup [org.hibernate.sql.ast.tree.from.LazyTableGroup@70887266] with identifierForTableGroup [org.frcpm.models.Project.meetings.{element}.project] for NavigablePath [org.frcpm.models.Project.meetings.{element}.project] 
10:24:44.458 [main] DEBUG org.hibernate.orm.results.graph.AST - DomainResult Graph:
 \-CollectionDomainResult [org.frcpm.models.Project.meetings]

10:24:44.458 [main] DEBUG org.hibernate.orm.sql.ast.tree - SQL AST Tree:
    SelectStatement {
      FromClause {
        OneToManyTableGroup (m1 : org.frcpm.models.Project.meetings) {
          primaryTableReference : meetings as m1_0
          TableGroupJoins {
            left  join LazyTableGroup (p1 : org.frcpm.models.Project.meetings.{element}.project) {
            }
          }
        }
      }
    }

10:24:44.458 [main] DEBUG org.hibernate.orm.jdbc.mutation - Static SQL for collection: org.frcpm.models.Project.meetings
10:24:44.458 [main] DEBUG org.hibernate.orm.sql.ast.create - Created new SQL alias : at1_0
10:24:44.458 [main] DEBUG org.hibernate.orm.sql.ast.create - Registration of TableGroup [CollectionTableGroup(org.frcpm.models.TeamMember.assignedTasks)] with identifierForTableGroup [org.frcpm.models.TeamMember.assignedTasks] for NavigablePath [org.frcpm.models.TeamMember.assignedTasks] 
10:24:44.458 [main] DEBUG org.hibernate.orm.sql.ast.create - Registration of TableGroup [org.hibernate.sql.ast.tree.from.LazyTableGroup@14f86cf0] with identifierForTableGroup [org.frcpm.models.TeamMember.assignedTasks.{element}] for NavigablePath [org.frcpm.models.TeamMember.assignedTasks.{element}] 
10:24:44.458 [main] DEBUG org.hibernate.orm.sql.ast.create - Created new SQL alias : at1_1
10:24:44.458 [main] DEBUG org.hibernate.orm.sql.ast.create - Registration of TableGroup [org.hibernate.sql.ast.tree.from.LazyTableGroup@309020cd] with identifierForTableGroup [org.frcpm.models.TeamMember.assignedTasks.{element}.project] for NavigablePath [org.frcpm.models.TeamMember.assignedTasks.{element}.project] 
10:24:44.459 [main] DEBUG org.hibernate.orm.sql.ast.create - Registration of TableGroup [org.hibernate.sql.ast.tree.from.LazyTableGroup@6de87070] with identifierForTableGroup [org.frcpm.models.TeamMember.assignedTasks.{element}.subsystem] for NavigablePath [org.frcpm.models.TeamMember.assignedTasks.{element}.subsystem] 
10:24:44.459 [main] DEBUG org.hibernate.orm.results.graph.AST - DomainResult Graph:
 \-CollectionDomainResult [org.frcpm.models.TeamMember.assignedTasks]

10:24:44.459 [main] DEBUG org.hibernate.orm.sql.ast.tree - SQL AST Tree:
    SelectStatement {
      FromClause {
        CollectionTableGroup (at1 : org.frcpm.models.TeamMember.assignedTasks) {
          primaryTableReference : task_assignments as at1_0
          TableGroupJoins {
             join LazyTableGroup (at1 : org.frcpm.models.TeamMember.assignedTasks.{element}) {
              primaryTableReference : tasks as at1_1
              TableGroupJoins {
                left  join LazyTableGroup (p1 : org.frcpm.models.TeamMember.assignedTasks.{element}.project) {
                }
                left  join LazyTableGroup (s1 : org.frcpm.models.TeamMember.assignedTasks.{element}.subsystem) {
                }
              }
            }
          }
        }
      }
    }

10:24:44.459 [main] DEBUG org.hibernate.orm.jdbc.mutation - Static SQL for collection: org.frcpm.models.TeamMember.assignedTasks
10:24:44.459 [main] DEBUG org.hibernate.orm.sql.ast.create - Created new SQL alias : a1_0
10:24:44.459 [main] DEBUG org.hibernate.orm.sql.ast.create - Registration of TableGroup [org.hibernate.sql.ast.tree.from.OneToManyTableGroup@b07c700] with identifierForTableGroup [org.frcpm.models.Meeting.attendances] for NavigablePath [org.frcpm.models.Meeting.attendances] 
10:24:44.459 [main] DEBUG org.hibernate.orm.sql.ast.create - Registration of TableGroup [StandardTableGroup(org.frcpm.models.Meeting.attendances.{element})] with identifierForTableGroup [org.frcpm.models.Meeting.attendances.{element}] for NavigablePath [org.frcpm.models.Meeting.attendances.{element}] 
10:24:44.459 [main] DEBUG org.hibernate.orm.sql.ast.create - Registration of TableGroup [org.hibernate.sql.ast.tree.from.LazyTableGroup@4b80262c] with identifierForTableGroup [org.frcpm.models.Meeting.attendances.{element}.meeting] for NavigablePath [org.frcpm.models.Meeting.attendances.{element}.meeting] 
10:24:44.459 [main] DEBUG org.hibernate.orm.sql.ast.create - Registration of TableGroup [org.hibernate.sql.ast.tree.from.LazyTableGroup@5fa9e833] with identifierForTableGroup [org.frcpm.models.Meeting.attendances.{element}.member] for NavigablePath [org.frcpm.models.Meeting.attendances.{element}.member] 
10:24:44.459 [main] DEBUG org.hibernate.orm.results.graph.AST - DomainResult Graph:
 \-CollectionDomainResult [org.frcpm.models.Meeting.attendances]

10:24:44.459 [main] DEBUG org.hibernate.orm.sql.ast.tree - SQL AST Tree:
    SelectStatement {
      FromClause {
        OneToManyTableGroup (a1 : org.frcpm.models.Meeting.attendances) {
          primaryTableReference : attendances as a1_0
          TableGroupJoins {
            left  join LazyTableGroup (m1 : org.frcpm.models.Meeting.attendances.{element}.meeting) {
            }
            left  join LazyTableGroup (m2 : org.frcpm.models.Meeting.attendances.{element}.member) {
            }
          }
        }
      }
    }

10:24:44.459 [main] DEBUG org.hibernate.orm.jdbc.mutation - Static SQL for collection: org.frcpm.models.Meeting.attendances
10:24:44.459 [main] DEBUG org.hibernate.orm.sql.ast.create - Created new SQL alias : pd1_0
10:24:44.459 [main] DEBUG org.hibernate.orm.sql.ast.create - Registration of TableGroup [CollectionTableGroup(org.frcpm.models.Task.postDependencies)] with identifierForTableGroup [org.frcpm.models.Task.postDependencies] for NavigablePath [org.frcpm.models.Task.postDependencies] 
10:24:44.459 [main] DEBUG org.hibernate.orm.sql.ast.create - Registration of TableGroup [org.hibernate.sql.ast.tree.from.LazyTableGroup@20d8f12f] with identifierForTableGroup [org.frcpm.models.Task.postDependencies.{element}] for NavigablePath [org.frcpm.models.Task.postDependencies.{element}] 
10:24:44.459 [main] DEBUG org.hibernate.orm.sql.ast.create - Created new SQL alias : pd1_1
10:24:44.459 [main] DEBUG org.hibernate.orm.sql.ast.create - Registration of TableGroup [org.hibernate.sql.ast.tree.from.LazyTableGroup@68f3c2bc] with identifierForTableGroup [org.frcpm.models.Task.postDependencies.{element}.project] for NavigablePath [org.frcpm.models.Task.postDependencies.{element}.project] 
10:24:44.459 [main] DEBUG org.hibernate.orm.sql.ast.create - Registration of TableGroup [org.hibernate.sql.ast.tree.from.LazyTableGroup@a8230f2] with identifierForTableGroup [org.frcpm.models.Task.postDependencies.{element}.subsystem] for NavigablePath [org.frcpm.models.Task.postDependencies.{element}.subsystem] 
10:24:44.459 [main] DEBUG org.hibernate.orm.results.graph.AST - DomainResult Graph:
 \-CollectionDomainResult [org.frcpm.models.Task.postDependencies]

10:24:44.459 [main] DEBUG org.hibernate.orm.sql.ast.tree - SQL AST Tree:
    SelectStatement {
      FromClause {
        CollectionTableGroup (pd1 : org.frcpm.models.Task.postDependencies) {
          primaryTableReference : task_dependencies as pd1_0
          TableGroupJoins {
             join LazyTableGroup (pd1 : org.frcpm.models.Task.postDependencies.{element}) {
              primaryTableReference : tasks as pd1_1
              TableGroupJoins {
                left  join LazyTableGroup (p1 : org.frcpm.models.Task.postDependencies.{element}.project) {
                }
                left  join LazyTableGroup (s1 : org.frcpm.models.Task.postDependencies.{element}.subsystem) {
                }
              }
            }
          }
        }
      }
    }

10:24:44.459 [main] DEBUG org.hibernate.orm.jdbc.mutation - Static SQL for collection: org.frcpm.models.Task.postDependencies
10:24:44.459 [main] DEBUG org.hibernate.orm.sql.ast.create - Created new SQL alias : t1_0
10:24:44.459 [main] DEBUG org.hibernate.orm.sql.ast.create - Registration of TableGroup [org.hibernate.sql.ast.tree.from.OneToManyTableGroup@1b24303c] with identifierForTableGroup [org.frcpm.models.Project.tasks] for NavigablePath [org.frcpm.models.Project.tasks] 
10:24:44.459 [main] DEBUG org.hibernate.orm.sql.ast.create - Registration of TableGroup [StandardTableGroup(org.frcpm.models.Project.tasks.{element})] with identifierForTableGroup [org.frcpm.models.Project.tasks.{element}] for NavigablePath [org.frcpm.models.Project.tasks.{element}] 
10:24:44.459 [main] DEBUG org.hibernate.orm.sql.ast.create - Registration of TableGroup [org.hibernate.sql.ast.tree.from.LazyTableGroup@39b248e6] with identifierForTableGroup [org.frcpm.models.Project.tasks.{element}.project] for NavigablePath [org.frcpm.models.Project.tasks.{element}.project] 
10:24:44.459 [main] DEBUG org.hibernate.orm.sql.ast.create - Registration of TableGroup [org.hibernate.sql.ast.tree.from.LazyTableGroup@681adb1a] with identifierForTableGroup [org.frcpm.models.Project.tasks.{element}.subsystem] for NavigablePath [org.frcpm.models.Project.tasks.{element}.subsystem] 
10:24:44.459 [main] DEBUG org.hibernate.orm.results.graph.AST - DomainResult Graph:
 \-CollectionDomainResult [org.frcpm.models.Project.tasks]

10:24:44.459 [main] DEBUG org.hibernate.orm.sql.ast.tree - SQL AST Tree:
    SelectStatement {
      FromClause {
        OneToManyTableGroup (t1 : org.frcpm.models.Project.tasks) {
          primaryTableReference : tasks as t1_0
          TableGroupJoins {
            left  join LazyTableGroup (p1 : org.frcpm.models.Project.tasks.{element}.project) {
            }
            left  join LazyTableGroup (s1 : org.frcpm.models.Project.tasks.{element}.subsystem) {
            }
          }
        }
      }
    }

10:24:44.459 [main] DEBUG org.hibernate.orm.jdbc.mutation - Static SQL for collection: org.frcpm.models.Project.tasks
10:24:44.467 [main] DEBUG org.hibernate.type.spi.TypeConfiguration$Scope - Scoping TypeConfiguration [org.hibernate.type.spi.TypeConfiguration@4d9813bc] to SessionFactoryImplementor [org.hibernate.internal.SessionFactoryImpl@69d957cc]
10:24:44.467 [main] DEBUG org.hibernate.query.named.NamedObjectRepository - Checking 0 named HQL queries
10:24:44.467 [main] DEBUG org.hibernate.query.named.NamedObjectRepository - Checking 0 named SQL queries
10:24:44.473 [main] DEBUG org.hibernate.mapping.Table - No alter strings for table : attendances
10:24:44.473 [main] DEBUG org.hibernate.SQL - alter table if exists components alter column description set data type TEXT
10:24:44.474 [main] DEBUG org.hibernate.SQL - alter table if exists meetings alter column notes set data type TEXT
10:24:44.474 [main] DEBUG org.hibernate.SQL - alter table if exists milestones alter column description set data type TEXT
10:24:44.474 [main] DEBUG org.hibernate.SQL - alter table if exists projects alter column description set data type TEXT
10:24:44.475 [main] DEBUG org.hibernate.SQL - alter table if exists subsystems alter column description set data type TEXT
10:24:44.475 [main] DEBUG org.hibernate.SQL - alter table if exists subteams alter column specialties set data type TEXT
10:24:44.475 [main] DEBUG org.hibernate.mapping.Table - No alter strings for table : task_assignments
10:24:44.475 [main] DEBUG org.hibernate.mapping.Table - No alter strings for table : task_components
10:24:44.475 [main] DEBUG org.hibernate.mapping.Table - No alter strings for table : task_dependencies
10:24:44.475 [main] DEBUG org.hibernate.SQL - alter table if exists tasks alter column description set data type TEXT
10:24:44.475 [main] DEBUG org.hibernate.SQL - alter table if exists team_members alter column skills set data type TEXT
10:24:44.475 [main] DEBUG org.hibernate.SQL - alter table if exists attendances drop constraint if exists UKa8ydr6vrgbux3a27v7enb0y3x
10:24:44.477 [main] DEBUG org.hibernate.SQL - alter table if exists attendances add constraint UKa8ydr6vrgbux3a27v7enb0y3x unique (meeting_id, member_id)
10:24:44.482 [FRC-PM-HikariCP housekeeper] DEBUG com.zaxxer.hikari.pool.HikariPool - FRC-PM-HikariCP - Before cleanup stats (total=1, active=1, idle=0, waiting=0)
10:24:44.482 [FRC-PM-HikariCP housekeeper] DEBUG com.zaxxer.hikari.pool.HikariPool - FRC-PM-HikariCP - After cleanup  stats (total=1, active=1, idle=0, waiting=0)
10:24:44.509 [FRC-PM-HikariCP connection adder] DEBUG com.zaxxer.hikari.pool.HikariPool - FRC-PM-HikariCP - Added connection conn122: url=jdbc:h2:file:C:\Users\dhiebert\.frcpm\frcpm user=SA
10:24:44.510 [main] DEBUG org.hibernate.internal.SessionFactoryRegistry - Registering SessionFactory: 1c9d40d6-df8a-441e-80fd-77cb72c2ea31 (<unnamed>)
10:24:44.510 [main] DEBUG org.hibernate.internal.SessionFactoryRegistry - Not binding SessionFactory to JNDI, no JNDI name configured
10:24:44.510 [main] DEBUG org.hibernate.internal.SessionFactoryImpl - Instantiated SessionFactory
10:24:44.510 [main] DEBUG org.hibernate.stat.internal.StatisticsInitiator - Statistics initialized [enabled=false]
10:24:44.510 [main] DEBUG org.hibernate.engine.transaction.internal.TransactionImpl - On TransactionImpl creation, JpaCompliance#isJpaTransactionComplianceEnabled == false
10:24:44.510 [main] DEBUG org.hibernate.engine.transaction.internal.TransactionImpl - begin
10:24:44.510 [main] DEBUG org.hibernate.engine.spi.ActionQueue - Executing identity-insert immediately
10:24:44.510 [main] DEBUG org.hibernate.SQL - insert into subteams (color_code,name,specialties,id) values (?,?,?,default)
10:24:44.511 [main] DEBUG org.hibernate.orm.results - Initializer list is empty
10:24:44.511 [main] DEBUG org.hibernate.orm.results.loading - Calling top-level assembler (0 / 1) : org.hibernate.sql.results.graph.basic.BasicResultAssembler@17213c12
10:24:44.511 [main] DEBUG org.hibernate.orm.results - Extracted JDBC value [0] - [121]
10:24:44.511 [main] DEBUG org.hibernate.id.IdentifierGeneratorHelper - Extracted generated values [org.frcpm.models.Subteam]: [Ljava.lang.Object;@1a22c6f1
10:24:44.512 [main] DEBUG org.hibernate.event.internal.AbstractFlushingEventListener - Processing flush-time cascades
10:24:44.512 [main] DEBUG org.hibernate.event.internal.AbstractFlushingEventListener - Dirty checking collections
10:24:44.512 [main] DEBUG org.hibernate.engine.internal.Collections - Collection found: [org.frcpm.models.Subteam.members#121], was: [<unreferenced>] (initialized)
10:24:44.512 [main] DEBUG org.hibernate.engine.internal.Collections - Collection found: [org.frcpm.models.Subteam.subsystems#121], was: [<unreferenced>] (initialized)
10:24:44.512 [main] DEBUG org.hibernate.event.internal.AbstractFlushingEventListener - Flushed: 0 insertions, 0 updates, 0 deletions to 1 objects
10:24:44.512 [main] DEBUG org.hibernate.event.internal.AbstractFlushingEventListener - Flushed: 2 (re)creations, 0 updates, 0 removals to 2 collections
10:24:44.512 [main] DEBUG org.hibernate.internal.util.EntityPrinter - Listing entities:
10:24:44.512 [main] DEBUG org.hibernate.internal.util.EntityPrinter - org.frcpm.models.Subteam{specialties=Java, Programming, Controls, members=[], name=Test Subteam 1, colorCode=#FF0000, id=121, subsystems=[]}
10:24:44.512 [main] DEBUG org.hibernate.engine.transaction.internal.TransactionImpl - committing
10:24:44.512 [main] DEBUG org.hibernate.event.internal.AbstractFlushingEventListener - Processing flush-time cascades
10:24:44.512 [main] DEBUG org.hibernate.event.internal.AbstractFlushingEventListener - Dirty checking collections
10:24:44.512 [main] DEBUG org.hibernate.engine.internal.Collections - Collection found: [org.frcpm.models.Subteam.members#121], was: [org.frcpm.models.Subteam.members#121] (initialized)
10:24:44.512 [main] DEBUG org.hibernate.engine.internal.Collections - Collection found: [org.frcpm.models.Subteam.subsystems#121], was: [org.frcpm.models.Subteam.subsystems#121] (initialized)
10:24:44.512 [main] DEBUG org.hibernate.event.internal.AbstractFlushingEventListener - Flushed: 0 insertions, 0 updates, 0 deletions to 1 objects
10:24:44.512 [main] DEBUG org.hibernate.event.internal.AbstractFlushingEventListener - Flushed: 0 (re)creations, 0 updates, 0 removals to 2 collections
10:24:44.512 [main] DEBUG org.hibernate.internal.util.EntityPrinter - Listing entities:
10:24:44.512 [main] DEBUG org.hibernate.internal.util.EntityPrinter - org.frcpm.models.Subteam{specialties=Java, Programming, Controls, members=[], name=Test Subteam 1, colorCode=#FF0000, id=121, subsystems=[]}
10:24:44.512 [main] DEBUG org.hibernate.resource.jdbc.internal.LogicalConnectionManagedImpl - Initiating JDBC connection release from afterTransaction
10:24:44.512 [main] DEBUG org.hibernate.resource.jdbc.internal.LogicalConnectionManagedImpl - Initiating JDBC connection release from afterTransaction
10:24:44.512 [main] DEBUG org.hibernate.engine.transaction.internal.TransactionImpl - On TransactionImpl creation, JpaCompliance#isJpaTransactionComplianceEnabled == false
10:24:44.512 [main] DEBUG org.hibernate.engine.transaction.internal.TransactionImpl - begin
10:24:44.512 [main] DEBUG org.hibernate.engine.spi.ActionQueue - Executing identity-insert immediately
10:24:44.512 [main] DEBUG org.hibernate.SQL - insert into subteams (color_code,name,specialties,id) values (?,?,?,default)
10:24:44.513 [main] DEBUG org.hibernate.orm.results - Initializer list is empty
10:24:44.513 [main] DEBUG org.hibernate.orm.results.loading - Calling top-level assembler (0 / 1) : org.hibernate.sql.results.graph.basic.BasicResultAssembler@be3470d
10:24:44.513 [main] DEBUG org.hibernate.orm.results - Extracted JDBC value [0] - [122]
10:24:44.513 [main] DEBUG org.hibernate.id.IdentifierGeneratorHelper - Extracted generated values [org.frcpm.models.Subteam]: [Ljava.lang.Object;@752b3915
10:24:44.513 [main] DEBUG org.hibernate.event.internal.AbstractFlushingEventListener - Processing flush-time cascades
10:24:44.513 [main] DEBUG org.hibernate.event.internal.AbstractFlushingEventListener - Dirty checking collections
10:24:44.513 [main] DEBUG org.hibernate.engine.internal.Collections - Collection found: [org.frcpm.models.Subteam.members#122], was: [<unreferenced>] (initialized)
10:24:44.513 [main] DEBUG org.hibernate.engine.internal.Collections - Collection found: [org.frcpm.models.Subteam.subsystems#122], was: [<unreferenced>] (initialized)
10:24:44.513 [main] DEBUG org.hibernate.event.internal.AbstractFlushingEventListener - Flushed: 0 insertions, 0 updates, 0 deletions to 1 objects
10:24:44.513 [main] DEBUG org.hibernate.event.internal.AbstractFlushingEventListener - Flushed: 2 (re)creations, 0 updates, 0 removals to 2 collections
10:24:44.513 [main] DEBUG org.hibernate.internal.util.EntityPrinter - Listing entities:
10:24:44.513 [main] DEBUG org.hibernate.internal.util.EntityPrinter - org.frcpm.models.Subteam{specialties=CAD, Design, Fabrication, members=[], name=Test Subteam 2, colorCode=#00FF00, id=122, subsystems=[]}
10:24:44.513 [main] DEBUG org.hibernate.engine.transaction.internal.TransactionImpl - committing
10:24:44.513 [main] DEBUG org.hibernate.event.internal.AbstractFlushingEventListener - Processing flush-time cascades
10:24:44.513 [main] DEBUG org.hibernate.event.internal.AbstractFlushingEventListener - Dirty checking collections
10:24:44.513 [main] DEBUG org.hibernate.engine.internal.Collections - Collection found: [org.frcpm.models.Subteam.members#122], was: [org.frcpm.models.Subteam.members#122] (initialized)
10:24:44.513 [main] DEBUG org.hibernate.engine.internal.Collections - Collection found: [org.frcpm.models.Subteam.subsystems#122], was: [org.frcpm.models.Subteam.subsystems#122] (initialized)
10:24:44.513 [main] DEBUG org.hibernate.event.internal.AbstractFlushingEventListener - Flushed: 0 insertions, 0 updates, 0 deletions to 1 objects
10:24:44.513 [main] DEBUG org.hibernate.event.internal.AbstractFlushingEventListener - Flushed: 0 (re)creations, 0 updates, 0 removals to 2 collections
10:24:44.513 [main] DEBUG org.hibernate.internal.util.EntityPrinter - Listing entities:
10:24:44.513 [main] DEBUG org.hibernate.internal.util.EntityPrinter - org.frcpm.models.Subteam{specialties=CAD, Design, Fabrication, members=[], name=Test Subteam 2, colorCode=#00FF00, id=122, subsystems=[]}
10:24:44.514 [main] DEBUG org.hibernate.resource.jdbc.internal.LogicalConnectionManagedImpl - Initiating JDBC connection release from afterTransaction
10:24:44.514 [main] DEBUG org.hibernate.resource.jdbc.internal.LogicalConnectionManagedImpl - Initiating JDBC connection release from afterTransaction
10:24:44.514 [main] DEBUG org.hibernate.orm.query.hql - HQL : SELECT s FROM Subteam s WHERE s.specialties LIKE :specialty
10:24:44.514 [main] DEBUG org.hibernate.orm.query.sqm.creation - Applying inferable type to SqmExpression [SqmNamedParameter(specialty)] : null -> SqmBasicValuedSimplePath(org.frcpm.models.Subteam(s).specialties)
10:24:44.515 [main] DEBUG org.hibernate.orm.query.sqm.ast - SqmStatement Tree :
    -> [select]
      -> [query-spec]
        -> [select]
          -> [selection]
            -> [root] - `org.frcpm.models.Subteam(s)`
            <- [root] - `org.frcpm.models.Subteam(s)`
          <- [selection]
        <- [select]
        -> [from]
          -> [root] - `org.frcpm.models.Subteam(s)`
          <- [root] - `org.frcpm.models.Subteam(s)`
        <- [from]
        -> [where]
          -> [is-like]
            :specialty
            -> [basic-path] - `org.frcpm.models.Subteam(s).specialties`
          <- [is-like]
        <- [where]
      <- [query-spec]
    <- [select]

10:24:44.515 [main] DEBUG org.hibernate.orm.sql.ast.create - Created new SQL alias : s1_0
10:24:44.515 [main] DEBUG org.hibernate.orm.sql.ast.create - Registration of TableGroup [StandardTableGroup(org.frcpm.models.Subteam(s))] with identifierForTableGroup [org.frcpm.models.Subteam] for NavigablePath [org.frcpm.models.Subteam] 
10:24:44.516 [main] DEBUG org.hibernate.query.sqm.sql.BaseSqmToSqlAstConverter - Determining mapping-model type for SqmParameter : SqmNamedParameter(specialty)
10:24:44.516 [main] DEBUG org.hibernate.query.sqm.sql.BaseSqmToSqlAstConverter - Determining mapping-model type for SqmPath : SqmBasicValuedSimplePath(org.frcpm.models.Subteam(s).specialties) 
10:24:44.516 [main] DEBUG org.hibernate.orm.results.graph.AST - DomainResult Graph:
 \-EntityResultImpl [org.frcpm.models.Subteam(s)]
 |  +-BasicFetch [org.frcpm.models.Subteam(s).colorCode]
 |  +-DelayedCollectionFetch [org.frcpm.models.Subteam(s).members]
 |  +-BasicFetch [org.frcpm.models.Subteam(s).name]
 |  +-BasicFetch [org.frcpm.models.Subteam(s).specialties]
 |  \-DelayedCollectionFetch [org.frcpm.models.Subteam(s).subsystems]

10:24:44.516 [main] DEBUG org.hibernate.orm.sql.ast.tree - SQL AST Tree:
    SelectStatement {
      FromClause {
        StandardTableGroup (s1 : org.frcpm.models.Subteam(s)) {
          primaryTableReference : subteams as s1_0
        }
      }
    }

10:24:44.516 [main] DEBUG org.hibernate.orm.sql.exec - Skipping reading Query result cache data: cache-enabled = false, cache-mode = NORMAL
10:24:44.516 [main] DEBUG org.hibernate.orm.results - Initializer list:
	  org.frcpm.models.Subteam(s) -> EntityResultInitializer(org.frcpm.models.Subteam(s))@1626550003 (SingleTableEntityPersister(org.frcpm.models.Subteam))
	  org.frcpm.models.Subteam(s).members -> DelayedCollectionInitializer(org.frcpm.models.Subteam(s).members)@1621879601 (PluralAttribute(org.frcpm.models.Subteam.members))
	  org.frcpm.models.Subteam(s).subsystems -> DelayedCollectionInitializer(org.frcpm.models.Subteam(s).subsystems)@652808282 (PluralAttribute(org.frcpm.models.Subteam.subsystems))

10:24:44.516 [main] DEBUG org.hibernate.SQL - select s1_0.id,s1_0.color_code,s1_0.name,s1_0.specialties from subteams s1_0 where s1_0.specialties like ? escape ''
10:24:44.516 [main] DEBUG org.hibernate.orm.results - Extracted JDBC value [0] - [3]
10:24:44.516 [main] DEBUG org.hibernate.orm.results.loading.entity - (EntityResultInitializer) Hydrated EntityKey (org.frcpm.models.Subteam(s)): 3
10:24:44.516 [main] DEBUG org.hibernate.orm.results.loading.org.hibernate.orm.results.loading.collection - (DelayedCollectionInitializer) Current row collection key : org.frcpm.models.Subteam(s).members#3
10:24:44.516 [main] DEBUG org.hibernate.orm.results.loading.org.hibernate.orm.results.loading.collection - (DelayedCollectionInitializer) Current row collection key : org.frcpm.models.Subteam(s).subsystems#3
10:24:44.516 [main] DEBUG org.hibernate.orm.results.loading.entity - (EntityResultInitializer) Created new entity instance [org.frcpm.models.Subteam(s)#3] : 1907436688
10:24:44.516 [main] DEBUG org.hibernate.orm.results - Extracted JDBC value [1] - [#33FF57]
10:24:44.516 [main] DEBUG org.hibernate.orm.results - Extracted JDBC value [2] - [Programming]
10:24:44.516 [main] DEBUG org.hibernate.orm.results - Extracted JDBC value [3] - [Java, Vision, Control Systems, Autonomous]
10:24:44.517 [main] DEBUG org.hibernate.orm.results.loading.entity - (EntityResultInitializer) Done materializing entityInstance : org.frcpm.models.Subteam(s)#3
10:24:44.517 [main] DEBUG org.hibernate.orm.results.loading - Calling top-level assembler (0 / 1) : org.hibernate.sql.results.graph.entity.internal.EntityAssembler@ffc4a62
10:24:44.517 [main] DEBUG org.hibernate.orm.results - Extracted JDBC value [0] - [121]
10:24:44.517 [main] DEBUG org.hibernate.orm.results.loading.entity - (EntityResultInitializer) Hydrated EntityKey (org.frcpm.models.Subteam(s)): 121
10:24:44.517 [main] DEBUG org.hibernate.orm.results.loading.org.hibernate.orm.results.loading.collection - (DelayedCollectionInitializer) Current row collection key : org.frcpm.models.Subteam(s).members#121
10:24:44.517 [main] DEBUG org.hibernate.orm.results.loading.org.hibernate.orm.results.loading.collection - (DelayedCollectionInitializer) Current row collection key : org.frcpm.models.Subteam(s).subsystems#121
10:24:44.517 [main] DEBUG org.hibernate.orm.results.loading.entity - (EntityResultInitializer) Created new entity instance [org.frcpm.models.Subteam(s)#121] : 2010198689
10:24:44.517 [main] DEBUG org.hibernate.orm.results - Extracted JDBC value [1] - [#FF0000]
10:24:44.517 [main] DEBUG org.hibernate.orm.results - Extracted JDBC value [2] - [Test Subteam 1]
10:24:44.517 [main] DEBUG org.hibernate.orm.results - Extracted JDBC value [3] - [Java, Programming, Controls]
10:24:44.517 [main] DEBUG org.hibernate.orm.results.loading.entity - (EntityResultInitializer) Done materializing entityInstance : org.frcpm.models.Subteam(s)#121
10:24:44.517 [main] DEBUG org.hibernate.orm.results.loading - Calling top-level assembler (0 / 1) : org.hibernate.sql.results.graph.entity.internal.EntityAssembler@ffc4a62
10:24:44.517 [main] DEBUG org.hibernate.resource.jdbc.internal.LogicalConnectionManagedImpl - Initiating JDBC connection release from afterTransaction
10:24:44.517 [main] DEBUG org.hibernate.resource.jdbc.internal.LogicalConnectionManagedImpl - Initiating JDBC connection release from afterTransaction
10:24:44.518 [main] DEBUG org.hibernate.orm.sql.exec - Skipping reading Query result cache data: cache-enabled = false, cache-mode = NORMAL
10:24:44.518 [main] DEBUG org.hibernate.orm.results - Initializer list:
	  org.frcpm.models.Subteam(s) -> EntityResultInitializer(org.frcpm.models.Subteam(s))@560694267 (SingleTableEntityPersister(org.frcpm.models.Subteam))
	  org.frcpm.models.Subteam(s).members -> DelayedCollectionInitializer(org.frcpm.models.Subteam(s).members)@1414105232 (PluralAttribute(org.frcpm.models.Subteam.members))
	  org.frcpm.models.Subteam(s).subsystems -> DelayedCollectionInitializer(org.frcpm.models.Subteam(s).subsystems)@2120203132 (PluralAttribute(org.frcpm.models.Subteam.subsystems))

10:24:44.518 [main] DEBUG org.hibernate.SQL - select s1_0.id,s1_0.color_code,s1_0.name,s1_0.specialties from subteams s1_0 where s1_0.specialties like ? escape ''
10:24:44.519 [main] DEBUG org.hibernate.orm.results - Extracted JDBC value [0] - [1]
10:24:44.519 [main] DEBUG org.hibernate.orm.results.loading.entity - (EntityResultInitializer) Hydrated EntityKey (org.frcpm.models.Subteam(s)): 1
10:24:44.519 [main] DEBUG org.hibernate.orm.results.loading.org.hibernate.orm.results.loading.collection - (DelayedCollectionInitializer) Current row collection key : org.frcpm.models.Subteam(s).members#1
10:24:44.519 [main] DEBUG org.hibernate.orm.results.loading.org.hibernate.orm.results.loading.collection - (DelayedCollectionInitializer) Current row collection key : org.frcpm.models.Subteam(s).subsystems#1
10:24:44.519 [main] DEBUG org.hibernate.orm.results.loading.entity - (EntityResultInitializer) Created new entity instance [org.frcpm.models.Subteam(s)#1] : 1266045442
10:24:44.519 [main] DEBUG org.hibernate.orm.results - Extracted JDBC value [1] - [#FF5733]
10:24:44.519 [main] DEBUG org.hibernate.orm.results - Extracted JDBC value [2] - [Mechanical]
10:24:44.519 [main] DEBUG org.hibernate.orm.results - Extracted JDBC value [3] - [Design, CAD, Fabrication, Assembly]
10:24:44.519 [main] DEBUG org.hibernate.orm.results.loading.entity - (EntityResultInitializer) Done materializing entityInstance : org.frcpm.models.Subteam(s)#1
10:24:44.519 [main] DEBUG org.hibernate.orm.results.loading - Calling top-level assembler (0 / 1) : org.hibernate.sql.results.graph.entity.internal.EntityAssembler@7c1f13c1
10:24:44.519 [main] DEBUG org.hibernate.orm.results - Extracted JDBC value [0] - [122]
10:24:44.519 [main] DEBUG org.hibernate.orm.results.loading.entity - (EntityResultInitializer) Hydrated EntityKey (org.frcpm.models.Subteam(s)): 122
10:24:44.519 [main] DEBUG org.hibernate.orm.results.loading.org.hibernate.orm.results.loading.collection - (DelayedCollectionInitializer) Current row collection key : org.frcpm.models.Subteam(s).members#122
10:24:44.519 [main] DEBUG org.hibernate.orm.results.loading.org.hibernate.orm.results.loading.collection - (DelayedCollectionInitializer) Current row collection key : org.frcpm.models.Subteam(s).subsystems#122
10:24:44.519 [main] DEBUG org.hibernate.orm.results.loading.entity - (EntityResultInitializer) Created new entity instance [org.frcpm.models.Subteam(s)#122] : 83933186
10:24:44.519 [main] DEBUG org.hibernate.orm.results - Extracted JDBC value [1] - [#00FF00]
10:24:44.519 [main] DEBUG org.hibernate.orm.results - Extracted JDBC value [2] - [Test Subteam 2]
10:24:44.519 [main] DEBUG org.hibernate.orm.results - Extracted JDBC value [3] - [CAD, Design, Fabrication]
10:24:44.519 [main] DEBUG org.hibernate.orm.results.loading.entity - (EntityResultInitializer) Done materializing entityInstance : org.frcpm.models.Subteam(s)#122
10:24:44.519 [main] DEBUG org.hibernate.orm.results.loading - Calling top-level assembler (0 / 1) : org.hibernate.sql.results.graph.entity.internal.EntityAssembler@7c1f13c1
10:24:44.519 [main] DEBUG org.hibernate.resource.jdbc.internal.LogicalConnectionManagedImpl - Initiating JDBC connection release from afterTransaction
10:24:44.519 [main] DEBUG org.hibernate.resource.jdbc.internal.LogicalConnectionManagedImpl - Initiating JDBC connection release from afterTransaction
10:24:44.520 [main] DEBUG org.hibernate.orm.sql.ast.create - Created new SQL alias : s1_0
10:24:44.520 [main] DEBUG org.hibernate.orm.sql.ast.create - Registration of TableGroup [StandardTableGroup(org.frcpm.models.Subteam(959700807697200))] with identifierForTableGroup [org.frcpm.models.Subteam] for NavigablePath [org.frcpm.models.Subteam] 
10:24:44.521 [main] DEBUG org.hibernate.orm.results.graph.AST - DomainResult Graph:
 \-EntityResultImpl [org.frcpm.models.Subteam(959700807697200)]
 |  +-BasicFetch [org.frcpm.models.Subteam(959700807697200).colorCode]
 |  +-DelayedCollectionFetch [org.frcpm.models.Subteam(959700807697200).members]
 |  +-BasicFetch [org.frcpm.models.Subteam(959700807697200).name]
 |  +-BasicFetch [org.frcpm.models.Subteam(959700807697200).specialties]
 |  \-DelayedCollectionFetch [org.frcpm.models.Subteam(959700807697200).subsystems]

10:24:44.521 [main] DEBUG org.hibernate.orm.sql.ast.tree - SQL AST Tree:
    SelectStatement {
      FromClause {
        StandardTableGroup (s1 : org.frcpm.models.Subteam(959700807697200)) {
          primaryTableReference : subteams as s1_0
        }
      }
    }

10:24:44.521 [main] DEBUG org.hibernate.orm.sql.exec - Skipping reading Query result cache data: cache-enabled = false, cache-mode = NORMAL
10:24:44.521 [main] DEBUG org.hibernate.orm.results - Initializer list:
	  org.frcpm.models.Subteam(959700807697200).members -> DelayedCollectionInitializer(org.frcpm.models.Subteam(959700807697200).members)@983596809 (PluralAttribute(org.frcpm.models.Subteam.members))
	  org.frcpm.models.Subteam(959700807697200).subsystems -> DelayedCollectionInitializer(org.frcpm.models.Subteam(959700807697200).subsystems)@980556757 (PluralAttribute(org.frcpm.models.Subteam.subsystems))
	  org.frcpm.models.Subteam(959700807697200) -> EntityResultInitializer(org.frcpm.models.Subteam(959700807697200))@205823013 (SingleTableEntityPersister(org.frcpm.models.Subteam))

10:24:44.521 [main] DEBUG org.hibernate.SQL - select s1_0.id,s1_0.color_code,s1_0.name,s1_0.specialties from subteams s1_0
10:24:44.521 [main] DEBUG org.hibernate.orm.results - Extracted JDBC value [0] - [1]
10:24:44.521 [main] DEBUG org.hibernate.orm.results.loading.entity - (EntityResultInitializer) Hydrated EntityKey (org.frcpm.models.Subteam(959700807697200)): 1
10:24:44.521 [main] DEBUG org.hibernate.orm.results.loading.org.hibernate.orm.results.loading.collection - (DelayedCollectionInitializer) Current row collection key : org.frcpm.models.Subteam(959700807697200).members#1
10:24:44.521 [main] DEBUG org.hibernate.orm.results.loading.org.hibernate.orm.results.loading.collection - (DelayedCollectionInitializer) Current row collection key : org.frcpm.models.Subteam(959700807697200).subsystems#1
10:24:44.521 [main] DEBUG org.hibernate.orm.results.loading.entity - (EntityResultInitializer) Created new entity instance [org.frcpm.models.Subteam(959700807697200)#1] : 1922129445
10:24:44.521 [main] DEBUG org.hibernate.orm.results - Extracted JDBC value [1] - [#FF5733]
10:24:44.521 [main] DEBUG org.hibernate.orm.results - Extracted JDBC value [2] - [Mechanical]
10:24:44.521 [main] DEBUG org.hibernate.orm.results - Extracted JDBC value [3] - [Design, CAD, Fabrication, Assembly]
10:24:44.521 [main] DEBUG org.hibernate.orm.results.loading.entity - (EntityResultInitializer) Done materializing entityInstance : org.frcpm.models.Subteam(959700807697200)#1
10:24:44.521 [main] DEBUG org.hibernate.orm.results.loading - Calling top-level assembler (0 / 1) : org.hibernate.sql.results.graph.entity.internal.EntityAssembler@68574198
10:24:44.521 [main] DEBUG org.hibernate.orm.results - Extracted JDBC value [0] - [2]
10:24:44.521 [main] DEBUG org.hibernate.orm.results.loading.entity - (EntityResultInitializer) Hydrated EntityKey (org.frcpm.models.Subteam(959700807697200)): 2
10:24:44.521 [main] DEBUG org.hibernate.orm.results.loading.org.hibernate.orm.results.loading.collection - (DelayedCollectionInitializer) Current row collection key : org.frcpm.models.Subteam(959700807697200).members#2
10:24:44.521 [main] DEBUG org.hibernate.orm.results.loading.org.hibernate.orm.results.loading.collection - (DelayedCollectionInitializer) Current row collection key : org.frcpm.models.Subteam(959700807697200).subsystems#2
10:24:44.521 [main] DEBUG org.hibernate.orm.results.loading.entity - (EntityResultInitializer) Created new entity instance [org.frcpm.models.Subteam(959700807697200)#2] : 282024641
10:24:44.521 [main] DEBUG org.hibernate.orm.results - Extracted JDBC value [1] - [#33A8FF]
10:24:44.521 [main] DEBUG org.hibernate.orm.results - Extracted JDBC value [2] - [Electrical]
10:24:44.521 [main] DEBUG org.hibernate.orm.results - Extracted JDBC value [3] - [Wiring, Electronics, Sensors, Power Systems]
10:24:44.521 [main] DEBUG org.hibernate.orm.results.loading.entity - (EntityResultInitializer) Done materializing entityInstance : org.frcpm.models.Subteam(959700807697200)#2
10:24:44.521 [main] DEBUG org.hibernate.orm.results.loading - Calling top-level assembler (0 / 1) : org.hibernate.sql.results.graph.entity.internal.EntityAssembler@68574198
10:24:44.521 [main] DEBUG org.hibernate.orm.results - Extracted JDBC value [0] - [3]
10:24:44.521 [main] DEBUG org.hibernate.orm.results.loading.entity - (EntityResultInitializer) Hydrated EntityKey (org.frcpm.models.Subteam(959700807697200)): 3
10:24:44.521 [main] DEBUG org.hibernate.orm.results.loading.org.hibernate.orm.results.loading.collection - (DelayedCollectionInitializer) Current row collection key : org.frcpm.models.Subteam(959700807697200).members#3
10:24:44.521 [main] DEBUG org.hibernate.orm.results.loading.org.hibernate.orm.results.loading.collection - (DelayedCollectionInitializer) Current row collection key : org.frcpm.models.Subteam(959700807697200).subsystems#3
10:24:44.521 [main] DEBUG org.hibernate.orm.results.loading.entity - (EntityResultInitializer) Created new entity instance [org.frcpm.models.Subteam(959700807697200)#3] : 1923825892
10:24:44.521 [main] DEBUG org.hibernate.orm.results - Extracted JDBC value [1] - [#33FF57]
10:24:44.521 [main] DEBUG org.hibernate.orm.results - Extracted JDBC value [2] - [Programming]
10:24:44.521 [main] DEBUG org.hibernate.orm.results - Extracted JDBC value [3] - [Java, Vision, Control Systems, Autonomous]
10:24:44.521 [main] DEBUG org.hibernate.orm.results.loading.entity - (EntityResultInitializer) Done materializing entityInstance : org.frcpm.models.Subteam(959700807697200)#3
10:24:44.521 [main] DEBUG org.hibernate.orm.results.loading - Calling top-level assembler (0 / 1) : org.hibernate.sql.results.graph.entity.internal.EntityAssembler@68574198
10:24:44.521 [main] DEBUG org.hibernate.orm.results - Extracted JDBC value [0] - [4]
10:24:44.521 [main] DEBUG org.hibernate.orm.results.loading.entity - (EntityResultInitializer) Hydrated EntityKey (org.frcpm.models.Subteam(959700807697200)): 4
10:24:44.521 [main] DEBUG org.hibernate.orm.results.loading.org.hibernate.orm.results.loading.collection - (DelayedCollectionInitializer) Current row collection key : org.frcpm.models.Subteam(959700807697200).members#4
10:24:44.521 [main] DEBUG org.hibernate.orm.results.loading.org.hibernate.orm.results.loading.collection - (DelayedCollectionInitializer) Current row collection key : org.frcpm.models.Subteam(959700807697200).subsystems#4
10:24:44.521 [main] DEBUG org.hibernate.orm.results.loading.entity - (EntityResultInitializer) Created new entity instance [org.frcpm.models.Subteam(959700807697200)#4] : 553837495
10:24:44.521 [main] DEBUG org.hibernate.orm.results - Extracted JDBC value [1] - [#FF33A8]
10:24:44.521 [main] DEBUG org.hibernate.orm.results - Extracted JDBC value [2] - [Business]
10:24:44.521 [main] DEBUG org.hibernate.orm.results - Extracted JDBC value [3] - [Fundraising, Marketing, Outreach, Awards]
10:24:44.521 [main] DEBUG org.hibernate.orm.results.loading.entity - (EntityResultInitializer) Done materializing entityInstance : org.frcpm.models.Subteam(959700807697200)#4
10:24:44.521 [main] DEBUG org.hibernate.orm.results.loading - Calling top-level assembler (0 / 1) : org.hibernate.sql.results.graph.entity.internal.EntityAssembler@68574198
10:24:44.521 [main] DEBUG org.hibernate.orm.results - Extracted JDBC value [0] - [24]
10:24:44.521 [main] DEBUG org.hibernate.orm.results.loading.entity - (EntityResultInitializer) Hydrated EntityKey (org.frcpm.models.Subteam(959700807697200)): 24
10:24:44.522 [main] DEBUG org.hibernate.orm.results.loading.org.hibernate.orm.results.loading.collection - (DelayedCollectionInitializer) Current row collection key : org.frcpm.models.Subteam(959700807697200).members#24
10:24:44.522 [main] DEBUG org.hibernate.orm.results.loading.org.hibernate.orm.results.loading.collection - (DelayedCollectionInitializer) Current row collection key : org.frcpm.models.Subteam(959700807697200).subsystems#24
10:24:44.522 [main] DEBUG org.hibernate.orm.results.loading.entity - (EntityResultInitializer) Created new entity instance [org.frcpm.models.Subteam(959700807697200)#24] : 1540583623
10:24:44.522 [main] DEBUG org.hibernate.orm.results - Extracted JDBC value [1] - [#0000FF]
10:24:44.522 [main] DEBUG org.hibernate.orm.results - Extracted JDBC value [2] - [Test Count Subteam]
10:24:44.522 [main] DEBUG org.hibernate.orm.results - Extracted JDBC value [3] - [null]
10:24:44.522 [main] DEBUG org.hibernate.orm.results.loading.entity - (EntityResultInitializer) Done materializing entityInstance : org.frcpm.models.Subteam(959700807697200)#24
10:24:44.522 [main] DEBUG org.hibernate.orm.results.loading - Calling top-level assembler (0 / 1) : org.hibernate.sql.results.graph.entity.internal.EntityAssembler@68574198
10:24:44.522 [main] DEBUG org.hibernate.orm.results - Extracted JDBC value [0] - [27]
10:24:44.522 [main] DEBUG org.hibernate.orm.results.loading.entity - (EntityResultInitializer) Hydrated EntityKey (org.frcpm.models.Subteam(959700807697200)): 27
10:24:44.522 [main] DEBUG org.hibernate.orm.results.loading.org.hibernate.orm.results.loading.collection - (DelayedCollectionInitializer) Current row collection key : org.frcpm.models.Subteam(959700807697200).members#27
10:24:44.522 [main] DEBUG org.hibernate.orm.results.loading.org.hibernate.orm.results.loading.collection - (DelayedCollectionInitializer) Current row collection key : org.frcpm.models.Subteam(959700807697200).subsystems#27
10:24:44.522 [main] DEBUG org.hibernate.orm.results.loading.entity - (EntityResultInitializer) Created new entity instance [org.frcpm.models.Subteam(959700807697200)#27] : 2129196039
10:24:44.522 [main] DEBUG org.hibernate.orm.results - Extracted JDBC value [1] - [#0000FF]
10:24:44.522 [main] DEBUG org.hibernate.orm.results - Extracted JDBC value [2] - [Test Save Subteam]
10:24:44.522 [main] DEBUG org.hibernate.orm.results - Extracted JDBC value [3] - [Testing]
10:24:44.522 [main] DEBUG org.hibernate.orm.results.loading.entity - (EntityResultInitializer) Done materializing entityInstance : org.frcpm.models.Subteam(959700807697200)#27
10:24:44.522 [main] DEBUG org.hibernate.orm.results.loading - Calling top-level assembler (0 / 1) : org.hibernate.sql.results.graph.entity.internal.EntityAssembler@68574198
10:24:44.522 [main] DEBUG org.hibernate.orm.results - Extracted JDBC value [0] - [42]
10:24:44.522 [main] DEBUG org.hibernate.orm.results.loading.entity - (EntityResultInitializer) Hydrated EntityKey (org.frcpm.models.Subteam(959700807697200)): 42
10:24:44.522 [main] DEBUG org.hibernate.orm.results.loading.org.hibernate.orm.results.loading.collection - (DelayedCollectionInitializer) Current row collection key : org.frcpm.models.Subteam(959700807697200).members#42
10:24:44.522 [main] DEBUG org.hibernate.orm.results.loading.org.hibernate.orm.results.loading.collection - (DelayedCollectionInitializer) Current row collection key : org.frcpm.models.Subteam(959700807697200).subsystems#42
10:24:44.522 [main] DEBUG org.hibernate.orm.results.loading.entity - (EntityResultInitializer) Created new entity instance [org.frcpm.models.Subteam(959700807697200)#42] : 823435221
10:24:44.522 [main] DEBUG org.hibernate.orm.results - Extracted JDBC value [1] - [#00FFFF]
10:24:44.522 [main] DEBUG org.hibernate.orm.results - Extracted JDBC value [2] - [Updated Subteam Name]
10:24:44.522 [main] DEBUG org.hibernate.orm.results - Extracted JDBC value [3] - [null]
10:24:44.522 [main] DEBUG org.hibernate.orm.results.loading.entity - (EntityResultInitializer) Done materializing entityInstance : org.frcpm.models.Subteam(959700807697200)#42
10:24:44.522 [main] DEBUG org.hibernate.orm.results.loading - Calling top-level assembler (0 / 1) : org.hibernate.sql.results.graph.entity.internal.EntityAssembler@68574198
10:24:44.522 [main] DEBUG org.hibernate.orm.results - Extracted JDBC value [0] - [67]
10:24:44.522 [main] DEBUG org.hibernate.orm.results.loading.entity - (EntityResultInitializer) Hydrated EntityKey (org.frcpm.models.Subteam(959700807697200)): 67
10:24:44.522 [main] DEBUG org.hibernate.orm.results.loading.org.hibernate.orm.results.loading.collection - (DelayedCollectionInitializer) Current row collection key : org.frcpm.models.Subteam(959700807697200).members#67
10:24:44.522 [main] DEBUG org.hibernate.orm.results.loading.org.hibernate.orm.results.loading.collection - (DelayedCollectionInitializer) Current row collection key : org.frcpm.models.Subteam(959700807697200).subsystems#67
10:24:44.522 [main] DEBUG org.hibernate.orm.results.loading.entity - (EntityResultInitializer) Created new entity instance [org.frcpm.models.Subteam(959700807697200)#67] : 1367425758
10:24:44.522 [main] DEBUG org.hibernate.orm.results - Extracted JDBC value [1] - [#0000FF]
10:24:44.522 [main] DEBUG org.hibernate.orm.results - Extracted JDBC value [2] - [Test Create Service Subteam]
10:24:44.522 [main] DEBUG org.hibernate.orm.results - Extracted JDBC value [3] - [Testing, Quality Assurance]
10:24:44.522 [main] DEBUG org.hibernate.orm.results.loading.entity - (EntityResultInitializer) Done materializing entityInstance : org.frcpm.models.Subteam(959700807697200)#67
10:24:44.522 [main] DEBUG org.hibernate.orm.results.loading - Calling top-level assembler (0 / 1) : org.hibernate.sql.results.graph.entity.internal.EntityAssembler@68574198
10:24:44.522 [main] DEBUG org.hibernate.orm.results - Extracted JDBC value [0] - [70]
10:24:44.522 [main] DEBUG org.hibernate.orm.results.loading.entity - (EntityResultInitializer) Hydrated EntityKey (org.frcpm.models.Subteam(959700807697200)): 70
10:24:44.522 [main] DEBUG org.hibernate.orm.results.loading.org.hibernate.orm.results.loading.collection - (DelayedCollectionInitializer) Current row collection key : org.frcpm.models.Subteam(959700807697200).members#70
10:24:44.522 [main] DEBUG org.hibernate.orm.results.loading.org.hibernate.orm.results.loading.collection - (DelayedCollectionInitializer) Current row collection key : org.frcpm.models.Subteam(959700807697200).subsystems#70
10:24:44.522 [main] DEBUG org.hibernate.orm.results.loading.entity - (EntityResultInitializer) Created new entity instance [org.frcpm.models.Subteam(959700807697200)#70] : 1640310566
10:24:44.522 [main] DEBUG org.hibernate.orm.results - Extracted JDBC value [1] - [#00FFFF]
10:24:44.522 [main] DEBUG org.hibernate.orm.results - Extracted JDBC value [2] - [Test Color Update Subteam]
10:24:44.522 [main] DEBUG org.hibernate.orm.results - Extracted JDBC value [3] - [Specialties]
10:24:44.522 [main] DEBUG org.hibernate.orm.results.loading.entity - (EntityResultInitializer) Done materializing entityInstance : org.frcpm.models.Subteam(959700807697200)#70
10:24:44.522 [main] DEBUG org.hibernate.orm.results.loading - Calling top-level assembler (0 / 1) : org.hibernate.sql.results.graph.entity.internal.EntityAssembler@68574198
10:24:44.522 [main] DEBUG org.hibernate.orm.results - Extracted JDBC value [0] - [79]
10:24:44.522 [main] DEBUG org.hibernate.orm.results.loading.entity - (EntityResultInitializer) Hydrated EntityKey (org.frcpm.models.Subteam(959700807697200)): 79
10:24:44.522 [main] DEBUG org.hibernate.orm.results.loading.org.hibernate.orm.results.loading.collection - (DelayedCollectionInitializer) Current row collection key : org.frcpm.models.Subteam(959700807697200).members#79
10:24:44.522 [main] DEBUG org.hibernate.orm.results.loading.org.hibernate.orm.results.loading.collection - (DelayedCollectionInitializer) Current row collection key : org.frcpm.models.Subteam(959700807697200).subsystems#79
10:24:44.522 [main] DEBUG org.hibernate.orm.results.loading.entity - (EntityResultInitializer) Created new entity instance [org.frcpm.models.Subteam(959700807697200)#79] : 2099803945
10:24:44.522 [main] DEBUG org.hibernate.orm.results - Extracted JDBC value [1] - [#0000FF]
10:24:44.522 [main] DEBUG org.hibernate.orm.results - Extracted JDBC value [2] - [Test Update Subteam]
10:24:44.522 [main] DEBUG org.hibernate.orm.results - Extracted JDBC value [3] - [Updated Specialties]
10:24:44.522 [main] DEBUG org.hibernate.orm.results.loading.entity - (EntityResultInitializer) Done materializing entityInstance : org.frcpm.models.Subteam(959700807697200)#79
10:24:44.522 [main] DEBUG org.hibernate.orm.results.loading - Calling top-level assembler (0 / 1) : org.hibernate.sql.results.graph.entity.internal.EntityAssembler@68574198
10:24:44.522 [main] DEBUG org.hibernate.orm.results - Extracted JDBC value [0] - [87]
10:24:44.522 [main] DEBUG org.hibernate.orm.results.loading.entity - (EntityResultInitializer) Hydrated EntityKey (org.frcpm.models.Subteam(959700807697200)): 87
10:24:44.522 [main] DEBUG org.hibernate.orm.results.loading.org.hibernate.orm.results.loading.collection - (DelayedCollectionInitializer) Current row collection key : org.frcpm.models.Subteam(959700807697200).members#87
10:24:44.522 [main] DEBUG org.hibernate.orm.results.loading.org.hibernate.orm.results.loading.collection - (DelayedCollectionInitializer) Current row collection key : org.frcpm.models.Subteam(959700807697200).subsystems#87
10:24:44.522 [main] DEBUG org.hibernate.orm.results.loading.entity - (EntityResultInitializer) Created new entity instance [org.frcpm.models.Subteam(959700807697200)#87] : 819608112
10:24:44.522 [main] DEBUG org.hibernate.orm.results - Extracted JDBC value [1] - [#0000FF]
10:24:44.522 [main] DEBUG org.hibernate.orm.results - Extracted JDBC value [2] - [Duplicate Name Subteam]
10:24:44.522 [main] DEBUG org.hibernate.orm.results - Extracted JDBC value [3] - [Specialties]
10:24:44.522 [main] DEBUG org.hibernate.orm.results.loading.entity - (EntityResultInitializer) Done materializing entityInstance : org.frcpm.models.Subteam(959700807697200)#87
10:24:44.522 [main] DEBUG org.hibernate.orm.results.loading - Calling top-level assembler (0 / 1) : org.hibernate.sql.results.graph.entity.internal.EntityAssembler@68574198
10:24:44.522 [main] DEBUG org.hibernate.orm.results - Extracted JDBC value [0] - [115]
10:24:44.522 [main] DEBUG org.hibernate.orm.results.loading.entity - (EntityResultInitializer) Hydrated EntityKey (org.frcpm.models.Subteam(959700807697200)): 115
10:24:44.522 [main] DEBUG org.hibernate.orm.results.loading.org.hibernate.orm.results.loading.collection - (DelayedCollectionInitializer) Current row collection key : org.frcpm.models.Subteam(959700807697200).members#115
10:24:44.522 [main] DEBUG org.hibernate.orm.results.loading.org.hibernate.orm.results.loading.collection - (DelayedCollectionInitializer) Current row collection key : org.frcpm.models.Subteam(959700807697200).subsystems#115
10:24:44.522 [main] DEBUG org.hibernate.orm.results.loading.entity - (EntityResultInitializer) Created new entity instance [org.frcpm.models.Subteam(959700807697200)#115] : 995760210
10:24:44.522 [main] DEBUG org.hibernate.orm.results - Extracted JDBC value [1] - [#0000FF]
10:24:44.522 [main] DEBUG org.hibernate.orm.results - Extracted JDBC value [2] - [Test Count Subteam]
10:24:44.522 [main] DEBUG org.hibernate.orm.results - Extracted JDBC value [3] - [null]
10:24:44.522 [main] DEBUG org.hibernate.orm.results.loading.entity - (EntityResultInitializer) Done materializing entityInstance : org.frcpm.models.Subteam(959700807697200)#115
10:24:44.522 [main] DEBUG org.hibernate.orm.results.loading - Calling top-level assembler (0 / 1) : org.hibernate.sql.results.graph.entity.internal.EntityAssembler@68574198
10:24:44.522 [main] DEBUG org.hibernate.orm.results - Extracted JDBC value [0] - [118]
10:24:44.522 [main] DEBUG org.hibernate.orm.results.loading.entity - (EntityResultInitializer) Hydrated EntityKey (org.frcpm.models.Subteam(959700807697200)): 118
10:24:44.522 [main] DEBUG org.hibernate.orm.results.loading.org.hibernate.orm.results.loading.collection - (DelayedCollectionInitializer) Current row collection key : org.frcpm.models.Subteam(959700807697200).members#118
10:24:44.522 [main] DEBUG org.hibernate.orm.results.loading.org.hibernate.orm.results.loading.collection - (DelayedCollectionInitializer) Current row collection key : org.frcpm.models.Subteam(959700807697200).subsystems#118
10:24:44.522 [main] DEBUG org.hibernate.orm.results.loading.entity - (EntityResultInitializer) Created new entity instance [org.frcpm.models.Subteam(959700807697200)#118] : 149588424
10:24:44.522 [main] DEBUG org.hibernate.orm.results - Extracted JDBC value [1] - [#0000FF]
10:24:44.522 [main] DEBUG org.hibernate.orm.results - Extracted JDBC value [2] - [Test Save Subteam]
10:24:44.522 [main] DEBUG org.hibernate.orm.results - Extracted JDBC value [3] - [Testing]
10:24:44.522 [main] DEBUG org.hibernate.orm.results.loading.entity - (EntityResultInitializer) Done materializing entityInstance : org.frcpm.models.Subteam(959700807697200)#118
10:24:44.522 [main] DEBUG org.hibernate.orm.results.loading - Calling top-level assembler (0 / 1) : org.hibernate.sql.results.graph.entity.internal.EntityAssembler@68574198
10:24:44.522 [main] DEBUG org.hibernate.orm.results - Extracted JDBC value [0] - [121]
10:24:44.522 [main] DEBUG org.hibernate.orm.results.loading.entity - (EntityResultInitializer) Hydrated EntityKey (org.frcpm.models.Subteam(959700807697200)): 121
10:24:44.522 [main] DEBUG org.hibernate.orm.results.loading.org.hibernate.orm.results.loading.collection - (DelayedCollectionInitializer) Current row collection key : org.frcpm.models.Subteam(959700807697200).members#121
10:24:44.522 [main] DEBUG org.hibernate.orm.results.loading.org.hibernate.orm.results.loading.collection - (DelayedCollectionInitializer) Current row collection key : org.frcpm.models.Subteam(959700807697200).subsystems#121
10:24:44.522 [main] DEBUG org.hibernate.orm.results.loading.entity - (EntityResultInitializer) Created new entity instance [org.frcpm.models.Subteam(959700807697200)#121] : 1910894704
10:24:44.522 [main] DEBUG org.hibernate.orm.results - Extracted JDBC value [1] - [#FF0000]
10:24:44.522 [main] DEBUG org.hibernate.orm.results - Extracted JDBC value [2] - [Test Subteam 1]
10:24:44.522 [main] DEBUG org.hibernate.orm.results - Extracted JDBC value [3] - [Java, Programming, Controls]
10:24:44.522 [main] DEBUG org.hibernate.orm.results.loading.entity - (EntityResultInitializer) Done materializing entityInstance : org.frcpm.models.Subteam(959700807697200)#121
10:24:44.522 [main] DEBUG org.hibernate.orm.results.loading - Calling top-level assembler (0 / 1) : org.hibernate.sql.results.graph.entity.internal.EntityAssembler@68574198
10:24:44.522 [main] DEBUG org.hibernate.orm.results - Extracted JDBC value [0] - [122]
10:24:44.522 [main] DEBUG org.hibernate.orm.results.loading.entity - (EntityResultInitializer) Hydrated EntityKey (org.frcpm.models.Subteam(959700807697200)): 122
10:24:44.522 [main] DEBUG org.hibernate.orm.results.loading.org.hibernate.orm.results.loading.collection - (DelayedCollectionInitializer) Current row collection key : org.frcpm.models.Subteam(959700807697200).members#122
10:24:44.522 [main] DEBUG org.hibernate.orm.results.loading.org.hibernate.orm.results.loading.collection - (DelayedCollectionInitializer) Current row collection key : org.frcpm.models.Subteam(959700807697200).subsystems#122
10:24:44.522 [main] DEBUG org.hibernate.orm.results.loading.entity - (EntityResultInitializer) Created new entity instance [org.frcpm.models.Subteam(959700807697200)#122] : 569687178
10:24:44.522 [main] DEBUG org.hibernate.orm.results - Extracted JDBC value [1] - [#00FF00]
10:24:44.522 [main] DEBUG org.hibernate.orm.results - Extracted JDBC value [2] - [Test Subteam 2]
10:24:44.522 [main] DEBUG org.hibernate.orm.results - Extracted JDBC value [3] - [CAD, Design, Fabrication]
10:24:44.522 [main] DEBUG org.hibernate.orm.results.loading.entity - (EntityResultInitializer) Done materializing entityInstance : org.frcpm.models.Subteam(959700807697200)#122
10:24:44.522 [main] DEBUG org.hibernate.orm.results.loading - Calling top-level assembler (0 / 1) : org.hibernate.sql.results.graph.entity.internal.EntityAssembler@68574198
10:24:44.522 [main] DEBUG org.hibernate.resource.jdbc.internal.LogicalConnectionManagedImpl - Initiating JDBC connection release from afterTransaction
10:24:44.522 [main] DEBUG org.hibernate.resource.jdbc.internal.LogicalConnectionManagedImpl - Initiating JDBC connection release from afterTransaction
10:24:44.522 [main] DEBUG org.hibernate.engine.transaction.internal.TransactionImpl - On TransactionImpl creation, JpaCompliance#isJpaTransactionComplianceEnabled == false
10:24:44.522 [main] DEBUG org.hibernate.engine.transaction.internal.TransactionImpl - begin
10:24:44.523 [main] DEBUG org.hibernate.orm.sql.ast.create - Created new SQL alias : s1_0
10:24:44.523 [main] DEBUG org.hibernate.orm.sql.ast.create - Registration of TableGroup [StandardTableGroup(org.frcpm.models.Subteam)] with identifierForTableGroup [org.frcpm.models.Subteam] for NavigablePath [org.frcpm.models.Subteam] 
10:24:44.523 [main] DEBUG org.hibernate.orm.sql.ast.create - Created new SQL alias : m1_0
10:24:44.523 [main] DEBUG org.hibernate.orm.sql.ast.create - Registration of TableGroup [org.hibernate.sql.ast.tree.from.OneToManyTableGroup@61467e8c] with identifierForTableGroup [org.frcpm.models.Subteam.members] for NavigablePath [org.frcpm.models.Subteam.members] 
10:24:44.523 [main] DEBUG org.hibernate.orm.sql.ast.create - Registration of TableGroup [StandardTableGroup(org.frcpm.models.Subteam.members.{element})] with identifierForTableGroup [org.frcpm.models.Subteam.members.{element}] for NavigablePath [org.frcpm.models.Subteam.members.{element}] 
10:24:44.523 [main] DEBUG org.hibernate.orm.results.graph.AST - DomainResult Graph:
 \-EntityResultImpl [org.frcpm.models.Subteam]
 |  +-BasicFetch [org.frcpm.models.Subteam.colorCode]
 |  +-EagerCollectionFetch [org.frcpm.models.Subteam.members]
 |  |  \-EntityFetchJoinedImpl [org.frcpm.models.Subteam.members.{element}]
 |  +-BasicFetch [org.frcpm.models.Subteam.name]
 |  +-BasicFetch [org.frcpm.models.Subteam.specialties]
 |  \-DelayedCollectionFetch [org.frcpm.models.Subteam.subsystems]

10:24:44.523 [main] DEBUG org.hibernate.orm.sql.ast.tree - SQL AST Tree:
    SelectStatement {
      FromClause {
        StandardTableGroup (s1 : org.frcpm.models.Subteam) {
          primaryTableReference : subteams as s1_0
          TableGroupJoins {
            left  join OneToManyTableGroup (m1 : org.frcpm.models.Subteam.members) {
              primaryTableReference : team_members as m1_0
            }
          }
        }
      }
    }

10:24:44.523 [main] DEBUG org.hibernate.orm.sql.exec - Skipping reading Query result cache data: cache-enabled = false, cache-mode = IGNORE
10:24:44.524 [main] DEBUG org.hibernate.orm.results - Initializer list:
	  org.frcpm.models.Subteam.members.{element}.assignedTasks -> DelayedCollectionInitializer(org.frcpm.models.Subteam.members.{element}.assignedTasks)@2138121666 (PluralAttribute(org.frcpm.models.TeamMember.assignedTasks))
	  org.frcpm.models.Subteam.members.{element} -> EntityJoinedFetchInitializer(org.frcpm.models.Subteam.members.{element})@402414290 (EntityCollectionPart(org.frcpm.models.Subteam.members#{element})@1159525567)
	  org.frcpm.models.Subteam.members -> BagInitializer(org.frcpm.models.Subteam.members)@885638720 (PluralAttribute(org.frcpm.models.Subteam.members))
	  org.frcpm.models.Subteam.members.{element}.attendances -> SelectEagerCollectionInitializer(org.frcpm.models.Subteam.members.{element}.attendances)@1122019886 (PluralAttribute(org.frcpm.models.TeamMember.attendances))
	  org.frcpm.models.Subteam.subsystems -> DelayedCollectionInitializer(org.frcpm.models.Subteam.subsystems)@926892650 (PluralAttribute(org.frcpm.models.Subteam.subsystems))
	  org.frcpm.models.Subteam -> EntityResultInitializer(org.frcpm.models.Subteam)@354738494 (SingleTableEntityPersister(org.frcpm.models.Subteam))

10:24:44.524 [main] DEBUG org.hibernate.SQL - select s1_0.id,s1_0.color_code,s1_0.name,s1_0.specialties,m1_0.subteam_id,m1_0.id,m1_0.email,m1_0.first_name,m1_0.last_name,m1_0.is_leader,m1_0.phone,m1_0.skills,m1_0.username from subteams s1_0 left join team_members m1_0 on s1_0.id=m1_0.subteam_id where s1_0.id=?
10:24:44.524 [main] DEBUG org.hibernate.orm.results.loading.entity - (EntityResultInitializer) Hydrated EntityKey (org.frcpm.models.Subteam): 121
10:24:44.524 [main] DEBUG org.hibernate.orm.results.loading.org.hibernate.orm.results.loading.collection - (BagInitializer) Current row collection key : org.frcpm.models.Subteam.members#121
10:24:44.524 [main] DEBUG org.hibernate.orm.results - Extracted JDBC value [4] - [null]
10:24:44.524 [main] DEBUG org.hibernate.orm.results - Extracted JDBC value [5] - [null]
10:24:44.524 [main] DEBUG org.hibernate.orm.results.loading.entity - (EntityJoinedFetchInitializer) EntityKey (org.frcpm.models.Subteam.members.{element}) is null
10:24:44.524 [main] DEBUG org.hibernate.orm.results.loading.org.hibernate.orm.results.loading.collection - (DelayedCollectionInitializer) Current row collection key : org.frcpm.models.Subteam.subsystems#121
10:24:44.524 [main] DEBUG org.hibernate.orm.results.loading.entity - (EntityResultInitializer) Created new entity instance [org.frcpm.models.Subteam#121] : 1697809262
10:24:44.524 [main] DEBUG org.hibernate.orm.results.loading.org.hibernate.orm.results.loading.collection - (BagInitializer) Created new collection wrapper [org.frcpm.models.Subteam.members#121] : org.hibernate.collection.spi.PersistentBag@1462612967
10:24:44.524 [main] DEBUG org.hibernate.orm.results.loading.org.hibernate.orm.results.loading.collection - (BagInitializer) Responsible for loading collection [org.frcpm.models.Subteam.members#121] : org.hibernate.collection.spi.PersistentBag@1462612967
10:24:44.524 [main] DEBUG org.hibernate.orm.results - Extracted JDBC value [1] - [#FF0000]
10:24:44.524 [main] DEBUG org.hibernate.orm.results - Extracted JDBC value [2] - [Test Subteam 1]
10:24:44.524 [main] DEBUG org.hibernate.orm.results - Extracted JDBC value [3] - [Java, Programming, Controls]
10:24:44.524 [main] DEBUG org.hibernate.orm.results.loading.entity - (EntityResultInitializer) Done materializing entityInstance : org.frcpm.models.Subteam#121
10:24:44.524 [main] DEBUG org.hibernate.orm.results.loading - Calling top-level assembler (0 / 1) : org.hibernate.sql.results.graph.entity.internal.EntityAssembler@231f1ba3
10:24:44.525 [main] DEBUG org.hibernate.sql.results.internal.ResultsHelper - Collection fully initialized: [org.frcpm.models.Subteam.members#121]
10:24:44.525 [main] DEBUG org.hibernate.engine.transaction.internal.TransactionImpl - committing
10:24:44.525 [main] DEBUG org.hibernate.event.internal.AbstractFlushingEventListener - Processing flush-time cascades
10:24:44.525 [main] DEBUG org.hibernate.event.internal.AbstractFlushingEventListener - Dirty checking collections
10:24:44.525 [main] DEBUG org.hibernate.engine.internal.Collections - Collection dereferenced: [org.frcpm.models.Subteam.members#121]
10:24:44.525 [main] DEBUG org.hibernate.engine.internal.Collections - Collection dereferenced: [org.frcpm.models.Subteam.subsystems#121]
10:24:44.525 [main] DEBUG org.hibernate.event.internal.AbstractFlushingEventListener - Flushed: 0 insertions, 0 updates, 1 deletions to 1 objects
10:24:44.525 [main] DEBUG org.hibernate.event.internal.AbstractFlushingEventListener - Flushed: 0 (re)creations, 0 updates, 2 removals to 2 collections
10:24:44.525 [main] DEBUG org.hibernate.internal.util.EntityPrinter - Listing entities:
10:24:44.525 [main] DEBUG org.hibernate.internal.util.EntityPrinter - org.frcpm.models.Subteam{specialties=Java, Programming, Controls, members=[], name=Test Subteam 1, colorCode=#FF0000, id=121, subsystems=<uninitialized>}
10:24:44.525 [main] DEBUG org.hibernate.SQL - delete from subteams where id=?
10:24:44.526 [main] DEBUG org.hibernate.orm.jdbc.batch - PreparedStatementDetails did not contain PreparedStatement on #releaseStatements : delete from subteams where id=?
10:24:44.526 [main] DEBUG org.hibernate.orm.jdbc.batch - PreparedStatementDetails did not contain PreparedStatement on #releaseStatements : delete from subteams where id=?
10:24:44.526 [main] DEBUG org.hibernate.resource.jdbc.internal.LogicalConnectionManagedImpl - Initiating JDBC connection release from afterTransaction
10:24:44.526 [main] DEBUG org.hibernate.orm.jdbc.batch - PreparedStatementDetails did not contain PreparedStatement on #releaseStatements : delete from subteams where id=?
10:24:44.526 [main] DEBUG org.hibernate.orm.jdbc.batch - PreparedStatementDetails did not contain PreparedStatement on #releaseStatements : delete from subteams where id=?
10:24:44.526 [main] DEBUG org.hibernate.resource.jdbc.internal.LogicalConnectionManagedImpl - Initiating JDBC connection release from afterTransaction
10:24:44.526 [main] DEBUG org.hibernate.engine.jdbc.internal.JdbcCoordinatorImpl - HHH000420: Closing un-released batch
10:24:44.526 [main] DEBUG org.hibernate.orm.jdbc.batch - PreparedStatementDetails did not contain PreparedStatement on #releaseStatements : delete from subteams where id=?
10:24:44.526 [main] DEBUG org.hibernate.orm.jdbc.batch - PreparedStatementDetails did not contain PreparedStatement on #releaseStatements : delete from subteams where id=?
10:24:44.526 [main] DEBUG org.hibernate.engine.transaction.internal.TransactionImpl - On TransactionImpl creation, JpaCompliance#isJpaTransactionComplianceEnabled == false
10:24:44.526 [main] DEBUG org.hibernate.engine.transaction.internal.TransactionImpl - begin
10:24:44.527 [main] DEBUG org.hibernate.orm.sql.exec - Skipping reading Query result cache data: cache-enabled = false, cache-mode = IGNORE
10:24:44.527 [main] DEBUG org.hibernate.orm.results - Initializer list:
	  org.frcpm.models.Subteam.members.{element}.assignedTasks -> DelayedCollectionInitializer(org.frcpm.models.Subteam.members.{element}.assignedTasks)@1750066793 (PluralAttribute(org.frcpm.models.TeamMember.assignedTasks))
	  org.frcpm.models.Subteam.members.{element} -> EntityJoinedFetchInitializer(org.frcpm.models.Subteam.members.{element})@809472402 (EntityCollectionPart(org.frcpm.models.Subteam.members#{element})@1159525567)
	  org.frcpm.models.Subteam.members -> BagInitializer(org.frcpm.models.Subteam.members)@1806059061 (PluralAttribute(org.frcpm.models.Subteam.members))
	  org.frcpm.models.Subteam.members.{element}.attendances -> SelectEagerCollectionInitializer(org.frcpm.models.Subteam.members.{element}.attendances)@128387873 (PluralAttribute(org.frcpm.models.TeamMember.attendances))
	  org.frcpm.models.Subteam.subsystems -> DelayedCollectionInitializer(org.frcpm.models.Subteam.subsystems)@281856274 (PluralAttribute(org.frcpm.models.Subteam.subsystems))
	  org.frcpm.models.Subteam -> EntityResultInitializer(org.frcpm.models.Subteam)@1546873240 (SingleTableEntityPersister(org.frcpm.models.Subteam))

10:24:44.527 [main] DEBUG org.hibernate.SQL - select s1_0.id,s1_0.color_code,s1_0.name,s1_0.specialties,m1_0.subteam_id,m1_0.id,m1_0.email,m1_0.first_name,m1_0.last_name,m1_0.is_leader,m1_0.phone,m1_0.skills,m1_0.username from subteams s1_0 left join team_members m1_0 on s1_0.id=m1_0.subteam_id where s1_0.id=?
10:24:44.527 [main] DEBUG org.hibernate.orm.results.loading.entity - (EntityResultInitializer) Hydrated EntityKey (org.frcpm.models.Subteam): 122
10:24:44.527 [main] DEBUG org.hibernate.orm.results.loading.org.hibernate.orm.results.loading.collection - (BagInitializer) Current row collection key : org.frcpm.models.Subteam.members#122
10:24:44.527 [main] DEBUG org.hibernate.orm.results - Extracted JDBC value [4] - [null]
10:24:44.527 [main] DEBUG org.hibernate.orm.results - Extracted JDBC value [5] - [null]
10:24:44.527 [main] DEBUG org.hibernate.orm.results.loading.entity - (EntityJoinedFetchInitializer) EntityKey (org.frcpm.models.Subteam.members.{element}) is null
10:24:44.527 [main] DEBUG org.hibernate.orm.results.loading.org.hibernate.orm.results.loading.collection - (DelayedCollectionInitializer) Current row collection key : org.frcpm.models.Subteam.subsystems#122
10:24:44.527 [main] DEBUG org.hibernate.orm.results.loading.entity - (EntityResultInitializer) Created new entity instance [org.frcpm.models.Subteam#122] : 1280195652
10:24:44.527 [main] DEBUG org.hibernate.orm.results.loading.org.hibernate.orm.results.loading.collection - (BagInitializer) Created new collection wrapper [org.frcpm.models.Subteam.members#122] : org.hibernate.collection.spi.PersistentBag@192340988
10:24:44.527 [main] DEBUG org.hibernate.orm.results.loading.org.hibernate.orm.results.loading.collection - (BagInitializer) Responsible for loading collection [org.frcpm.models.Subteam.members#122] : org.hibernate.collection.spi.PersistentBag@192340988
10:24:44.527 [main] DEBUG org.hibernate.orm.results - Extracted JDBC value [1] - [#00FF00]
10:24:44.527 [main] DEBUG org.hibernate.orm.results - Extracted JDBC value [2] - [Test Subteam 2]
10:24:44.527 [main] DEBUG org.hibernate.orm.results - Extracted JDBC value [3] - [CAD, Design, Fabrication]
10:24:44.527 [main] DEBUG org.hibernate.orm.results.loading.entity - (EntityResultInitializer) Done materializing entityInstance : org.frcpm.models.Subteam#122
10:24:44.527 [main] DEBUG org.hibernate.orm.results.loading - Calling top-level assembler (0 / 1) : org.hibernate.sql.results.graph.entity.internal.EntityAssembler@3b6bc65d
10:24:44.528 [main] DEBUG org.hibernate.sql.results.internal.ResultsHelper - Collection fully initialized: [org.frcpm.models.Subteam.members#122]
10:24:44.528 [main] DEBUG org.hibernate.engine.transaction.internal.TransactionImpl - committing
10:24:44.528 [main] DEBUG org.hibernate.event.internal.AbstractFlushingEventListener - Processing flush-time cascades
10:24:44.528 [main] DEBUG org.hibernate.event.internal.AbstractFlushingEventListener - Dirty checking collections
10:24:44.528 [main] DEBUG org.hibernate.engine.internal.Collections - Collection dereferenced: [org.frcpm.models.Subteam.members#122]
10:24:44.528 [main] DEBUG org.hibernate.engine.internal.Collections - Collection dereferenced: [org.frcpm.models.Subteam.subsystems#122]
10:24:44.528 [main] DEBUG org.hibernate.event.internal.AbstractFlushingEventListener - Flushed: 0 insertions, 0 updates, 1 deletions to 1 objects
10:24:44.528 [main] DEBUG org.hibernate.event.internal.AbstractFlushingEventListener - Flushed: 0 (re)creations, 0 updates, 2 removals to 2 collections
10:24:44.528 [main] DEBUG org.hibernate.internal.util.EntityPrinter - Listing entities:
10:24:44.528 [main] DEBUG org.hibernate.internal.util.EntityPrinter - org.frcpm.models.Subteam{specialties=CAD, Design, Fabrication, members=[], name=Test Subteam 2, colorCode=#00FF00, id=122, subsystems=<uninitialized>}
10:24:44.528 [main] DEBUG org.hibernate.SQL - delete from subteams where id=?
10:24:44.528 [main] DEBUG org.hibernate.orm.jdbc.batch - PreparedStatementDetails did not contain PreparedStatement on #releaseStatements : delete from subteams where id=?
10:24:44.528 [main] DEBUG org.hibernate.orm.jdbc.batch - PreparedStatementDetails did not contain PreparedStatement on #releaseStatements : delete from subteams where id=?
10:24:44.528 [main] DEBUG org.hibernate.resource.jdbc.internal.LogicalConnectionManagedImpl - Initiating JDBC connection release from afterTransaction
10:24:44.528 [main] DEBUG org.hibernate.orm.jdbc.batch - PreparedStatementDetails did not contain PreparedStatement on #releaseStatements : delete from subteams where id=?
10:24:44.528 [main] DEBUG org.hibernate.orm.jdbc.batch - PreparedStatementDetails did not contain PreparedStatement on #releaseStatements : delete from subteams where id=?
10:24:44.528 [main] DEBUG org.hibernate.resource.jdbc.internal.LogicalConnectionManagedImpl - Initiating JDBC connection release from afterTransaction
10:24:44.528 [main] DEBUG org.hibernate.engine.jdbc.internal.JdbcCoordinatorImpl - HHH000420: Closing un-released batch
10:24:44.528 [main] DEBUG org.hibernate.orm.jdbc.batch - PreparedStatementDetails did not contain PreparedStatement on #releaseStatements : delete from subteams where id=?
10:24:44.528 [main] DEBUG org.hibernate.orm.jdbc.batch - PreparedStatementDetails did not contain PreparedStatement on #releaseStatements : delete from subteams where id=?
10:24:44.528 [main] DEBUG org.hibernate.internal.SessionFactoryImpl - HHH000031: Closing
10:24:44.529 [main] DEBUG org.hibernate.type.spi.TypeConfiguration$Scope - Un-scoping TypeConfiguration [org.hibernate.type.spi.TypeConfiguration$Scope@3a2f1b48] from SessionFactory [org.hibernate.internal.SessionFactoryImpl@69d957cc]
10:24:44.529 [main] DEBUG org.hibernate.service.internal.AbstractServiceRegistryImpl - Implicitly destroying ServiceRegistry on de-registration of all child ServiceRegistries
10:24:44.529 [main] INFO com.zaxxer.hikari.HikariDataSource - FRC-PM-HikariCP - Shutdown initiated...
10:24:44.529 [main] DEBUG com.zaxxer.hikari.pool.HikariPool - FRC-PM-HikariCP - Before shutdown stats (total=2, active=0, idle=2, waiting=0)
10:24:44.539 [FRC-PM-HikariCP connection adder] DEBUG com.zaxxer.hikari.pool.HikariPool - FRC-PM-HikariCP - After adding stats (total=0, active=0, idle=0, waiting=0)
10:24:44.540 [FRC-PM-HikariCP connection adder] DEBUG com.zaxxer.hikari.pool.HikariPool - FRC-PM-HikariCP - Connection not added, stats (total=0, active=0, idle=0, waiting=0)
10:24:44.543 [FRC-PM-HikariCP connection closer] DEBUG com.zaxxer.hikari.pool.PoolBase - FRC-PM-HikariCP - Closing connection conn121: url=jdbc:h2:file:C:\Users\dhiebert\.frcpm\frcpm user=SA: (connection evicted)
10:24:44.544 [FRC-PM-HikariCP connection closer] DEBUG com.zaxxer.hikari.pool.PoolBase - FRC-PM-HikariCP - Closing connection conn122: url=jdbc:h2:file:C:\Users\dhiebert\.frcpm\frcpm user=SA: (connection evicted)
10:24:44.751 [main] DEBUG com.zaxxer.hikari.pool.HikariPool - FRC-PM-HikariCP - After shutdown stats (total=0, active=0, idle=0, waiting=0)
10:24:44.751 [main] INFO com.zaxxer.hikari.HikariDataSource - FRC-PM-HikariCP - Shutdown completed.
10:24:44.751 [main] DEBUG org.hibernate.boot.registry.internal.BootstrapServiceRegistryImpl - Implicitly destroying Boot-strap registry on de-registration of all child ServiceRegistries
]]></system-out>
    <system-err><![CDATA[Apr 25, 2025 10:24:44 AM org.frcpm.config.DatabaseConfig initialize
INFO: Initializing database configuration...
Apr 25, 2025 10:24:44 AM org.frcpm.config.DatabaseConfig initialize
INFO: Using FILE-BASED database at: file:C:\Users\dhiebert\.frcpm\frcpm
Apr 25, 2025 10:24:44 AM org.frcpm.config.DatabaseConfig initialize
INFO: Using JDBC URL: jdbc:h2:file:C:\Users\dhiebert\.frcpm\frcpm
Apr 25, 2025 10:24:44 AM org.frcpm.config.DatabaseConfig initialize
INFO: Using schema mode: update
Apr 25, 2025 10:24:44 AM org.frcpm.config.DatabaseConfig initialize
INFO: Database configuration initialized successfully in PRODUCTION mode
Apr 25, 2025 10:24:44 AM org.frcpm.config.DatabaseConfig shutdown
INFO: Database configuration shut down
]]></system-err>
  </testcase>
  <testcase name="testFindById" classname="org.frcpm.repositories.SubteamRepositoryTest" time="0.363">
    <system-out><![CDATA[10:24:44.761 [main] DEBUG org.hibernate.jpa.HibernatePersistenceProvider - Located and parsed 1 persistence units; checking each
10:24:44.761 [main] DEBUG org.hibernate.jpa.HibernatePersistenceProvider - Checking persistence-unit [name=frcpm, explicit-provider=org.hibernate.jpa.HibernatePersistenceProvider] against incoming persistence unit name [frcpm]
10:24:44.761 [main] DEBUG org.hibernate.jpa.boot.spi.ProviderChecker - Persistence-unit [frcpm] requested PersistenceProvider [org.hibernate.jpa.HibernatePersistenceProvider]
10:24:44.761 [main] DEBUG org.hibernate.jpa.internal.util.LogHelper - PersistenceUnitInfo [
	name: frcpm
	persistence provider classname: org.hibernate.jpa.HibernatePersistenceProvider
	classloader: null
	excludeUnlistedClasses: false
	JTA datasource: null
	Non JTA datasource: null
	Transaction type: RESOURCE_LOCAL
	PU root URL: file:/C:/Users/dhiebert/Local%20Repositories/Project%20Management%202.0/target/classes
	Shared Cache Mode: null
	Validation Mode: null
	Jar files URLs []
	Managed classes names [
		org.frcpm.models.Project
		org.frcpm.models.Subteam
		org.frcpm.models.TeamMember
		org.frcpm.models.Subsystem
		org.frcpm.models.Task
		org.frcpm.models.Component
		org.frcpm.models.Meeting
		org.frcpm.models.Attendance
		org.frcpm.models.Milestone]
	Mapping files names []
	Properties [
		hibernate.connection.handling_mode: DELAYED_ACQUISITION_AND_RELEASE_AFTER_STATEMENT
		jakarta.persistence.jdbc.url: jdbc:h2:file:C:\Users\dhiebert\.frcpm\frcpm
		hibernate.jdbc.batch_versioned_data: null
		hibernate.cache.use_second_level_cache: null
		hibernate.show_sql: null
		jakarta.persistence.jdbc.driver: org.h2.Driver
		hibernate.jdbc.batch_size: 30
		jakarta.persistence.jdbc.user: sa
		hibernate.generate_statistics: null
		hibernate.hbm2ddl.auto: update
		hibernate.cache.use_query_cache: null
		hibernate.hikari.maximumPoolSize: 10
		hibernate.hikari.idleTimeout: 30000
		hibernate.format_sql: null
		hibernate.hikari.minimumIdle: 2
		hibernate.use_sql_comments: null
		hibernate.order_inserts: null
		hibernate.current_session_context_class: thread
		hibernate.connection.provider_class: org.hibernate.hikaricp.internal.HikariCPConnectionProvider
		hibernate.hikari.connectionTimeout: 10000
		hibernate.hikari.poolName: FRC-PM-HikariCP
		hibernate.order_updates: null
		hibernate.dialect: org.hibernate.dialect.H2Dialect
		jakarta.persistence.jdbc.password: ]
10:24:44.762 [main] DEBUG org.hibernate.integrator.internal.IntegratorServiceImpl - Adding Integrator [org.hibernate.boot.beanvalidation.BeanValidationIntegrator].
10:24:44.762 [main] DEBUG org.hibernate.integrator.internal.IntegratorServiceImpl - Adding Integrator [org.hibernate.cache.internal.CollectionCacheInvalidator].
10:24:44.764 [main] DEBUG org.hibernate.orm.idgen.factory - Ignoring CDI for resolving IdentifierGenerator instances as extended or delayed CDI support was enabled
10:24:44.764 [main] DEBUG org.hibernate.orm.idgen.factory - Registering IdentifierGenerator strategy [uuid2] -> [org.hibernate.id.UUIDGenerator]
10:24:44.764 [main] DEBUG org.hibernate.orm.idgen.factory - Registering IdentifierGenerator strategy [guid] -> [org.hibernate.id.GUIDGenerator]
10:24:44.764 [main] DEBUG org.hibernate.orm.idgen.factory - Registering IdentifierGenerator strategy [uuid] -> [org.hibernate.id.UUIDHexGenerator]
10:24:44.764 [main] DEBUG org.hibernate.orm.idgen.factory - Registering IdentifierGenerator strategy [uuid.hex] -> [org.hibernate.id.UUIDHexGenerator]
10:24:44.764 [main] DEBUG org.hibernate.orm.idgen.factory - Registering IdentifierGenerator strategy [assigned] -> [org.hibernate.id.Assigned]
10:24:44.764 [main] DEBUG org.hibernate.orm.idgen.factory - Registering IdentifierGenerator strategy [identity] -> [org.hibernate.id.IdentityGenerator]
10:24:44.764 [main] DEBUG org.hibernate.orm.idgen.factory - Registering IdentifierGenerator strategy [select] -> [org.hibernate.id.SelectGenerator]
10:24:44.764 [main] DEBUG org.hibernate.orm.idgen.factory - Registering IdentifierGenerator strategy [sequence] -> [org.hibernate.id.enhanced.SequenceStyleGenerator]
10:24:44.764 [main] DEBUG org.hibernate.orm.idgen.factory - Registering IdentifierGenerator strategy [increment] -> [org.hibernate.id.IncrementGenerator]
10:24:44.764 [main] DEBUG org.hibernate.orm.idgen.factory - Registering IdentifierGenerator strategy [foreign] -> [org.hibernate.id.ForeignGenerator]
10:24:44.764 [main] DEBUG org.hibernate.orm.idgen.factory - Registering IdentifierGenerator strategy [enhanced-sequence] -> [org.hibernate.id.enhanced.SequenceStyleGenerator]
10:24:44.764 [main] DEBUG org.hibernate.orm.idgen.factory - Registering IdentifierGenerator strategy [enhanced-table] -> [org.hibernate.id.enhanced.TableGenerator]
10:24:44.764 [main] INFO org.hibernate.cache.internal.RegionFactoryInitiator - HHH000026: Second-level cache disabled
10:24:44.764 [main] DEBUG org.hibernate.type.BasicTypeRegistry - Adding type registration boolean -> org.hibernate.type.BasicTypeReference@2f4919b0
10:24:44.764 [main] DEBUG org.hibernate.type.BasicTypeRegistry - Adding type registration boolean -> org.hibernate.type.BasicTypeReference@2f4919b0
10:24:44.764 [main] DEBUG org.hibernate.type.BasicTypeRegistry - Adding type registration java.lang.Boolean -> org.hibernate.type.BasicTypeReference@2f4919b0
10:24:44.764 [main] DEBUG org.hibernate.type.BasicTypeRegistry - Adding type registration numeric_boolean -> org.hibernate.type.BasicTypeReference@a8a8b75
10:24:44.764 [main] DEBUG org.hibernate.type.BasicTypeRegistry - Adding type registration org.hibernate.type.NumericBooleanConverter -> org.hibernate.type.BasicTypeReference@a8a8b75
10:24:44.764 [main] DEBUG org.hibernate.type.BasicTypeRegistry - Adding type registration true_false -> org.hibernate.type.BasicTypeReference@75b21c3b
10:24:44.764 [main] DEBUG org.hibernate.type.BasicTypeRegistry - Adding type registration org.hibernate.type.TrueFalseConverter -> org.hibernate.type.BasicTypeReference@75b21c3b
10:24:44.764 [main] DEBUG org.hibernate.type.BasicTypeRegistry - Adding type registration yes_no -> org.hibernate.type.BasicTypeReference@72be135f
10:24:44.764 [main] DEBUG org.hibernate.type.BasicTypeRegistry - Adding type registration org.hibernate.type.YesNoConverter -> org.hibernate.type.BasicTypeReference@72be135f
10:24:44.764 [main] DEBUG org.hibernate.type.BasicTypeRegistry - Adding type registration byte -> org.hibernate.type.BasicTypeReference@155d1021
10:24:44.764 [main] DEBUG org.hibernate.type.BasicTypeRegistry - Adding type registration byte -> org.hibernate.type.BasicTypeReference@155d1021
10:24:44.764 [main] DEBUG org.hibernate.type.BasicTypeRegistry - Adding type registration java.lang.Byte -> org.hibernate.type.BasicTypeReference@155d1021
10:24:44.764 [main] DEBUG org.hibernate.type.BasicTypeRegistry - Adding type registration binary -> org.hibernate.type.BasicTypeReference@4bd2f0dc
10:24:44.764 [main] DEBUG org.hibernate.type.BasicTypeRegistry - Adding type registration byte[] -> org.hibernate.type.BasicTypeReference@4bd2f0dc
10:24:44.764 [main] DEBUG org.hibernate.type.BasicTypeRegistry - Adding type registration [B -> org.hibernate.type.BasicTypeReference@4bd2f0dc
10:24:44.764 [main] DEBUG org.hibernate.type.BasicTypeRegistry - Adding type registration binary_wrapper -> org.hibernate.type.BasicTypeReference@2e647e59
10:24:44.764 [main] DEBUG org.hibernate.type.BasicTypeRegistry - Adding type registration wrapper-binary -> org.hibernate.type.BasicTypeReference@2e647e59
10:24:44.764 [main] DEBUG org.hibernate.type.BasicTypeRegistry - Adding type registration image -> org.hibernate.type.BasicTypeReference@2c42b421
10:24:44.764 [main] DEBUG org.hibernate.type.BasicTypeRegistry - Adding type registration blob -> org.hibernate.type.BasicTypeReference@51e37590
10:24:44.764 [main] DEBUG org.hibernate.type.BasicTypeRegistry - Adding type registration java.sql.Blob -> org.hibernate.type.BasicTypeReference@51e37590
10:24:44.764 [main] DEBUG org.hibernate.type.BasicTypeRegistry - Adding type registration materialized_blob -> org.hibernate.type.BasicTypeReference@deb3b60
10:24:44.764 [main] DEBUG org.hibernate.type.BasicTypeRegistry - Adding type registration materialized_blob_wrapper -> org.hibernate.type.BasicTypeReference@701a32
10:24:44.764 [main] DEBUG org.hibernate.type.BasicTypeRegistry - Adding type registration short -> org.hibernate.type.BasicTypeReference@39aa45a1
10:24:44.764 [main] DEBUG org.hibernate.type.BasicTypeRegistry - Adding type registration short -> org.hibernate.type.BasicTypeReference@39aa45a1
10:24:44.764 [main] DEBUG org.hibernate.type.BasicTypeRegistry - Adding type registration java.lang.Short -> org.hibernate.type.BasicTypeReference@39aa45a1
10:24:44.764 [main] DEBUG org.hibernate.type.BasicTypeRegistry - Adding type registration integer -> org.hibernate.type.BasicTypeReference@73aff8f1
10:24:44.764 [main] DEBUG org.hibernate.type.BasicTypeRegistry - Adding type registration int -> org.hibernate.type.BasicTypeReference@73aff8f1
10:24:44.764 [main] DEBUG org.hibernate.type.BasicTypeRegistry - Adding type registration java.lang.Integer -> org.hibernate.type.BasicTypeReference@73aff8f1
10:24:44.764 [main] DEBUG org.hibernate.type.BasicTypeRegistry - Adding type registration long -> org.hibernate.type.BasicTypeReference@27cbfddf
10:24:44.764 [main] DEBUG org.hibernate.type.BasicTypeRegistry - Adding type registration long -> org.hibernate.type.BasicTypeReference@27cbfddf
10:24:44.764 [main] DEBUG org.hibernate.type.BasicTypeRegistry - Adding type registration java.lang.Long -> org.hibernate.type.BasicTypeReference@27cbfddf
10:24:44.764 [main] DEBUG org.hibernate.type.BasicTypeRegistry - Adding type registration float -> org.hibernate.type.BasicTypeReference@27ead29e
10:24:44.764 [main] DEBUG org.hibernate.type.BasicTypeRegistry - Adding type registration float -> org.hibernate.type.BasicTypeReference@27ead29e
10:24:44.764 [main] DEBUG org.hibernate.type.BasicTypeRegistry - Adding type registration java.lang.Float -> org.hibernate.type.BasicTypeReference@27ead29e
10:24:44.764 [main] DEBUG org.hibernate.type.BasicTypeRegistry - Adding type registration double -> org.hibernate.type.BasicTypeReference@4c060c8f
10:24:44.764 [main] DEBUG org.hibernate.type.BasicTypeRegistry - Adding type registration double -> org.hibernate.type.BasicTypeReference@4c060c8f
10:24:44.764 [main] DEBUG org.hibernate.type.BasicTypeRegistry - Adding type registration java.lang.Double -> org.hibernate.type.BasicTypeReference@4c060c8f
10:24:44.764 [main] DEBUG org.hibernate.type.BasicTypeRegistry - Adding type registration big_integer -> org.hibernate.type.BasicTypeReference@40620d8e
10:24:44.764 [main] DEBUG org.hibernate.type.BasicTypeRegistry - Adding type registration java.math.BigInteger -> org.hibernate.type.BasicTypeReference@40620d8e
10:24:44.764 [main] DEBUG org.hibernate.type.BasicTypeRegistry - Adding type registration big_decimal -> org.hibernate.type.BasicTypeReference@383f3558
10:24:44.764 [main] DEBUG org.hibernate.type.BasicTypeRegistry - Adding type registration java.math.BigDecimal -> org.hibernate.type.BasicTypeReference@383f3558
10:24:44.764 [main] DEBUG org.hibernate.type.BasicTypeRegistry - Adding type registration character -> org.hibernate.type.BasicTypeReference@49b07ee3
10:24:44.764 [main] DEBUG org.hibernate.type.BasicTypeRegistry - Adding type registration char -> org.hibernate.type.BasicTypeReference@49b07ee3
10:24:44.764 [main] DEBUG org.hibernate.type.BasicTypeRegistry - Adding type registration java.lang.Character -> org.hibernate.type.BasicTypeReference@49b07ee3
10:24:44.764 [main] DEBUG org.hibernate.type.BasicTypeRegistry - Adding type registration character_nchar -> org.hibernate.type.BasicTypeReference@352e612e
10:24:44.764 [main] DEBUG org.hibernate.type.BasicTypeRegistry - Adding type registration string -> org.hibernate.type.BasicTypeReference@65f00478
10:24:44.764 [main] DEBUG org.hibernate.type.BasicTypeRegistry - Adding type registration java.lang.String -> org.hibernate.type.BasicTypeReference@65f00478
10:24:44.764 [main] DEBUG org.hibernate.type.BasicTypeRegistry - Adding type registration nstring -> org.hibernate.type.BasicTypeReference@2424686b
10:24:44.765 [main] DEBUG org.hibernate.type.BasicTypeRegistry - Adding type registration characters -> org.hibernate.type.BasicTypeReference@6ea94d6a
10:24:44.765 [main] DEBUG org.hibernate.type.BasicTypeRegistry - Adding type registration char[] -> org.hibernate.type.BasicTypeReference@6ea94d6a
10:24:44.765 [main] DEBUG org.hibernate.type.BasicTypeRegistry - Adding type registration [C -> org.hibernate.type.BasicTypeReference@6ea94d6a
10:24:44.765 [main] DEBUG org.hibernate.type.BasicTypeRegistry - Adding type registration wrapper-characters -> org.hibernate.type.BasicTypeReference@28486680
10:24:44.765 [main] DEBUG org.hibernate.type.BasicTypeRegistry - Adding type registration text -> org.hibernate.type.BasicTypeReference@4d7e7435
10:24:44.765 [main] DEBUG org.hibernate.type.BasicTypeRegistry - Adding type registration ntext -> org.hibernate.type.BasicTypeReference@4a1e3ac1
10:24:44.765 [main] DEBUG org.hibernate.type.BasicTypeRegistry - Adding type registration clob -> org.hibernate.type.BasicTypeReference@6e78fcf5
10:24:44.765 [main] DEBUG org.hibernate.type.BasicTypeRegistry - Adding type registration java.sql.Clob -> org.hibernate.type.BasicTypeReference@6e78fcf5
10:24:44.765 [main] DEBUG org.hibernate.type.BasicTypeRegistry - Adding type registration nclob -> org.hibernate.type.BasicTypeReference@56febdc
10:24:44.765 [main] DEBUG org.hibernate.type.BasicTypeRegistry - Adding type registration java.sql.NClob -> org.hibernate.type.BasicTypeReference@56febdc
10:24:44.765 [main] DEBUG org.hibernate.type.BasicTypeRegistry - Adding type registration materialized_clob -> org.hibernate.type.BasicTypeReference@3b8ee898
10:24:44.765 [main] DEBUG org.hibernate.type.BasicTypeRegistry - Adding type registration materialized_clob_char_array -> org.hibernate.type.BasicTypeReference@7d151a
10:24:44.765 [main] DEBUG org.hibernate.type.BasicTypeRegistry - Adding type registration materialized_clob_character_array -> org.hibernate.type.BasicTypeReference@294bdeb4
10:24:44.765 [main] DEBUG org.hibernate.type.BasicTypeRegistry - Adding type registration materialized_nclob -> org.hibernate.type.BasicTypeReference@5300f14a
10:24:44.765 [main] DEBUG org.hibernate.type.BasicTypeRegistry - Adding type registration materialized_nclob_character_array -> org.hibernate.type.BasicTypeReference@1f86099a
10:24:44.765 [main] DEBUG org.hibernate.type.BasicTypeRegistry - Adding type registration materialized_nclob_char_array -> org.hibernate.type.BasicTypeReference@77bb0ab5
10:24:44.765 [main] DEBUG org.hibernate.type.BasicTypeRegistry - Adding type registration Duration -> org.hibernate.type.BasicTypeReference@f2c488
10:24:44.765 [main] DEBUG org.hibernate.type.BasicTypeRegistry - Adding type registration java.time.Duration -> org.hibernate.type.BasicTypeReference@f2c488
10:24:44.765 [main] DEBUG org.hibernate.type.BasicTypeRegistry - Adding type registration LocalDateTime -> org.hibernate.type.BasicTypeReference@54acff7d
10:24:44.765 [main] DEBUG org.hibernate.type.BasicTypeRegistry - Adding type registration java.time.LocalDateTime -> org.hibernate.type.BasicTypeReference@54acff7d
10:24:44.765 [main] DEBUG org.hibernate.type.BasicTypeRegistry - Adding type registration LocalDate -> org.hibernate.type.BasicTypeReference@7bc9e6ab
10:24:44.765 [main] DEBUG org.hibernate.type.BasicTypeRegistry - Adding type registration java.time.LocalDate -> org.hibernate.type.BasicTypeReference@7bc9e6ab
10:24:44.765 [main] DEBUG org.hibernate.type.BasicTypeRegistry - Adding type registration LocalTime -> org.hibernate.type.BasicTypeReference@5488b5c5
10:24:44.765 [main] DEBUG org.hibernate.type.BasicTypeRegistry - Adding type registration java.time.LocalTime -> org.hibernate.type.BasicTypeReference@5488b5c5
10:24:44.765 [main] DEBUG org.hibernate.type.BasicTypeRegistry - Adding type registration OffsetDateTime -> org.hibernate.type.BasicTypeReference@4248ed58
10:24:44.765 [main] DEBUG org.hibernate.type.BasicTypeRegistry - Adding type registration java.time.OffsetDateTime -> org.hibernate.type.BasicTypeReference@4248ed58
10:24:44.765 [main] DEBUG org.hibernate.type.BasicTypeRegistry - Adding type registration OffsetDateTimeWithTimezone -> org.hibernate.type.BasicTypeReference@712ca57b
10:24:44.765 [main] DEBUG org.hibernate.type.BasicTypeRegistry - Adding type registration OffsetDateTimeWithoutTimezone -> org.hibernate.type.BasicTypeReference@4564e94b
10:24:44.765 [main] DEBUG org.hibernate.type.BasicTypeRegistry - Adding type registration OffsetTime -> org.hibernate.type.BasicTypeReference@54534abf
10:24:44.765 [main] DEBUG org.hibernate.type.BasicTypeRegistry - Adding type registration java.time.OffsetTime -> org.hibernate.type.BasicTypeReference@54534abf
10:24:44.765 [main] DEBUG org.hibernate.type.BasicTypeRegistry - Adding type registration OffsetTimeUtc -> org.hibernate.type.BasicTypeReference@51745f40
10:24:44.765 [main] DEBUG org.hibernate.type.BasicTypeRegistry - Adding type registration OffsetTimeWithTimezone -> org.hibernate.type.BasicTypeReference@45673f68
10:24:44.765 [main] DEBUG org.hibernate.type.BasicTypeRegistry - Adding type registration OffsetTimeWithoutTimezone -> org.hibernate.type.BasicTypeReference@27abb83e
10:24:44.765 [main] DEBUG org.hibernate.type.BasicTypeRegistry - Adding type registration ZonedDateTime -> org.hibernate.type.BasicTypeReference@69e308c6
10:24:44.765 [main] DEBUG org.hibernate.type.BasicTypeRegistry - Adding type registration java.time.ZonedDateTime -> org.hibernate.type.BasicTypeReference@69e308c6
10:24:44.765 [main] DEBUG org.hibernate.type.BasicTypeRegistry - Adding type registration ZonedDateTimeWithTimezone -> org.hibernate.type.BasicTypeReference@1a1ed4e5
10:24:44.765 [main] DEBUG org.hibernate.type.BasicTypeRegistry - Adding type registration ZonedDateTimeWithoutTimezone -> org.hibernate.type.BasicTypeReference@667e34b1
10:24:44.765 [main] DEBUG org.hibernate.type.BasicTypeRegistry - Adding type registration date -> org.hibernate.type.BasicTypeReference@1c6e0a08
10:24:44.765 [main] DEBUG org.hibernate.type.BasicTypeRegistry - Adding type registration java.sql.Date -> org.hibernate.type.BasicTypeReference@1c6e0a08
10:24:44.765 [main] DEBUG org.hibernate.type.BasicTypeRegistry - Adding type registration time -> org.hibernate.type.BasicTypeReference@6dba847b
10:24:44.765 [main] DEBUG org.hibernate.type.BasicTypeRegistry - Adding type registration java.sql.Time -> org.hibernate.type.BasicTypeReference@6dba847b
10:24:44.765 [main] DEBUG org.hibernate.type.BasicTypeRegistry - Adding type registration timestamp -> org.hibernate.type.BasicTypeReference@1efdcd5
10:24:44.765 [main] DEBUG org.hibernate.type.BasicTypeRegistry - Adding type registration java.sql.Timestamp -> org.hibernate.type.BasicTypeReference@1efdcd5
10:24:44.765 [main] DEBUG org.hibernate.type.BasicTypeRegistry - Adding type registration java.util.Date -> org.hibernate.type.BasicTypeReference@1efdcd5
10:24:44.765 [main] DEBUG org.hibernate.type.BasicTypeRegistry - Adding type registration calendar -> org.hibernate.type.BasicTypeReference@1623bbe5
10:24:44.765 [main] DEBUG org.hibernate.type.BasicTypeRegistry - Adding type registration java.util.Calendar -> org.hibernate.type.BasicTypeReference@1623bbe5
10:24:44.765 [main] DEBUG org.hibernate.type.BasicTypeRegistry - Adding type registration java.util.GregorianCalendar -> org.hibernate.type.BasicTypeReference@1623bbe5
10:24:44.765 [main] DEBUG org.hibernate.type.BasicTypeRegistry - Adding type registration calendar_date -> org.hibernate.type.BasicTypeReference@7af1cd63
10:24:44.765 [main] DEBUG org.hibernate.type.BasicTypeRegistry - Adding type registration calendar_time -> org.hibernate.type.BasicTypeReference@4351171a
10:24:44.765 [main] DEBUG org.hibernate.type.BasicTypeRegistry - Adding type registration instant -> org.hibernate.type.BasicTypeReference@3c2772d1
10:24:44.765 [main] DEBUG org.hibernate.type.BasicTypeRegistry - Adding type registration java.time.Instant -> org.hibernate.type.BasicTypeReference@3c2772d1
10:24:44.765 [main] DEBUG org.hibernate.type.BasicTypeRegistry - Adding type registration uuid -> org.hibernate.type.BasicTypeReference@37d00a23
10:24:44.765 [main] DEBUG org.hibernate.type.BasicTypeRegistry - Adding type registration java.util.UUID -> org.hibernate.type.BasicTypeReference@37d00a23
10:24:44.765 [main] DEBUG org.hibernate.type.BasicTypeRegistry - Adding type registration pg-uuid -> org.hibernate.type.BasicTypeReference@37d00a23
10:24:44.765 [main] DEBUG org.hibernate.type.BasicTypeRegistry - Adding type registration uuid-binary -> org.hibernate.type.BasicTypeReference@433e536f
10:24:44.765 [main] DEBUG org.hibernate.type.BasicTypeRegistry - Adding type registration uuid-char -> org.hibernate.type.BasicTypeReference@89c65d5
10:24:44.765 [main] DEBUG org.hibernate.type.BasicTypeRegistry - Adding type registration class -> org.hibernate.type.BasicTypeReference@faa3fed
10:24:44.765 [main] DEBUG org.hibernate.type.BasicTypeRegistry - Adding type registration java.lang.Class -> org.hibernate.type.BasicTypeReference@faa3fed
10:24:44.765 [main] DEBUG org.hibernate.type.BasicTypeRegistry - Adding type registration currency -> org.hibernate.type.BasicTypeReference@988246e
10:24:44.765 [main] DEBUG org.hibernate.type.BasicTypeRegistry - Adding type registration Currency -> org.hibernate.type.BasicTypeReference@988246e
10:24:44.765 [main] DEBUG org.hibernate.type.BasicTypeRegistry - Adding type registration java.util.Currency -> org.hibernate.type.BasicTypeReference@988246e
10:24:44.765 [main] DEBUG org.hibernate.type.BasicTypeRegistry - Adding type registration locale -> org.hibernate.type.BasicTypeReference@62515a47
10:24:44.765 [main] DEBUG org.hibernate.type.BasicTypeRegistry - Adding type registration java.util.Locale -> org.hibernate.type.BasicTypeReference@62515a47
10:24:44.765 [main] DEBUG org.hibernate.type.BasicTypeRegistry - Adding type registration serializable -> org.hibernate.type.BasicTypeReference@3c5a54b7
10:24:44.765 [main] DEBUG org.hibernate.type.BasicTypeRegistry - Adding type registration java.io.Serializable -> org.hibernate.type.BasicTypeReference@3c5a54b7
10:24:44.765 [main] DEBUG org.hibernate.type.BasicTypeRegistry - Adding type registration timezone -> org.hibernate.type.BasicTypeReference@61f2c3f0
10:24:44.765 [main] DEBUG org.hibernate.type.BasicTypeRegistry - Adding type registration java.util.TimeZone -> org.hibernate.type.BasicTypeReference@61f2c3f0
10:24:44.765 [main] DEBUG org.hibernate.type.BasicTypeRegistry - Adding type registration ZoneOffset -> org.hibernate.type.BasicTypeReference@291120f4
10:24:44.765 [main] DEBUG org.hibernate.type.BasicTypeRegistry - Adding type registration java.time.ZoneOffset -> org.hibernate.type.BasicTypeReference@291120f4
10:24:44.765 [main] DEBUG org.hibernate.type.BasicTypeRegistry - Adding type registration url -> org.hibernate.type.BasicTypeReference@417ad4f3
10:24:44.765 [main] DEBUG org.hibernate.type.BasicTypeRegistry - Adding type registration java.net.URL -> org.hibernate.type.BasicTypeReference@417ad4f3
10:24:44.765 [main] DEBUG org.hibernate.type.BasicTypeRegistry - Adding type registration vector -> org.hibernate.type.BasicTypeReference@2f6bcf87
10:24:44.765 [main] DEBUG org.hibernate.type.BasicTypeRegistry - Adding type registration row_version -> org.hibernate.type.BasicTypeReference@58f174d9
10:24:44.765 [main] DEBUG org.hibernate.type.BasicTypeRegistry - Adding type registration object -> org.hibernate.type.JavaObjectType@34237b90
10:24:44.765 [main] DEBUG org.hibernate.type.BasicTypeRegistry - Adding type registration java.lang.Object -> org.hibernate.type.JavaObjectType@34237b90
10:24:44.765 [main] DEBUG org.hibernate.type.BasicTypeRegistry - Adding type registration null -> org.hibernate.type.NullType@267bbe1a
10:24:44.765 [main] DEBUG org.hibernate.type.BasicTypeRegistry - Adding type registration imm_date -> org.hibernate.type.BasicTypeReference@7d210dd4
10:24:44.765 [main] DEBUG org.hibernate.type.BasicTypeRegistry - Adding type registration imm_time -> org.hibernate.type.BasicTypeReference@3efed6b1
10:24:44.765 [main] DEBUG org.hibernate.type.BasicTypeRegistry - Adding type registration imm_timestamp -> org.hibernate.type.BasicTypeReference@288385f7
10:24:44.765 [main] DEBUG org.hibernate.type.BasicTypeRegistry - Adding type registration imm_calendar -> org.hibernate.type.BasicTypeReference@40572495
10:24:44.765 [main] DEBUG org.hibernate.type.BasicTypeRegistry - Adding type registration imm_calendar_date -> org.hibernate.type.BasicTypeReference@35eddee6
10:24:44.765 [main] DEBUG org.hibernate.type.BasicTypeRegistry - Adding type registration imm_calendar_time -> org.hibernate.type.BasicTypeReference@7d6ecdb4
10:24:44.765 [main] DEBUG org.hibernate.type.BasicTypeRegistry - Adding type registration imm_binary -> org.hibernate.type.BasicTypeReference@49f643d3
10:24:44.765 [main] DEBUG org.hibernate.type.BasicTypeRegistry - Adding type registration imm_serializable -> org.hibernate.type.BasicTypeReference@30fca5f4
10:24:44.765 [main] DEBUG org.hibernate.boot.internal.BootstrapContextImpl - Injecting ScanEnvironment [org.hibernate.jpa.boot.internal.StandardJpaScanEnvironmentImpl@6bbd47e3] into BootstrapContext; was [null]
10:24:44.765 [main] DEBUG org.hibernate.boot.internal.BootstrapContextImpl - Injecting ScanOptions [org.hibernate.boot.archive.scan.internal.StandardScanOptions@6035344d] into BootstrapContext; was [org.hibernate.boot.archive.scan.internal.StandardScanOptions@1ba60b43]
10:24:44.798 [main] DEBUG org.hibernate.boot.internal.BootstrapContextImpl - Injecting JPA temp ClassLoader [null] into BootstrapContext; was [null]
10:24:44.798 [main] DEBUG org.hibernate.boot.internal.ClassLoaderAccessImpl - ClassLoaderAccessImpl#injectTempClassLoader(null) [was null]
10:24:44.798 [main] INFO org.hibernate.engine.jdbc.connections.internal.ConnectionProviderInitiator - HHH000130: Instantiating explicit connection provider: org.hibernate.hikaricp.internal.HikariCPConnectionProvider
10:24:44.798 [main] DEBUG org.hibernate.hikaricp.internal.HikariCPConnectionProvider - Configuring HikariCP
10:24:44.798 [main] DEBUG com.zaxxer.hikari.HikariConfig - Driver class org.h2.Driver found in Thread context class loader jdk.internal.loader.ClassLoaders$AppClassLoader@70dea4e
10:24:44.798 [main] DEBUG com.zaxxer.hikari.HikariConfig - FRC-PM-HikariCP - configuration:
10:24:44.799 [main] DEBUG com.zaxxer.hikari.HikariConfig - allowPoolSuspension.............false
10:24:44.799 [main] DEBUG com.zaxxer.hikari.HikariConfig - autoCommit......................true
10:24:44.799 [main] DEBUG com.zaxxer.hikari.HikariConfig - catalog.........................none
10:24:44.799 [main] DEBUG com.zaxxer.hikari.HikariConfig - connectionInitSql...............none
10:24:44.799 [main] DEBUG com.zaxxer.hikari.HikariConfig - connectionTestQuery.............none
10:24:44.799 [main] DEBUG com.zaxxer.hikari.HikariConfig - connectionTimeout...............10000
10:24:44.799 [main] DEBUG com.zaxxer.hikari.HikariConfig - dataSource......................none
10:24:44.799 [main] DEBUG com.zaxxer.hikari.HikariConfig - dataSourceClassName.............none
10:24:44.799 [main] DEBUG com.zaxxer.hikari.HikariConfig - dataSourceJNDI..................none
10:24:44.799 [main] DEBUG com.zaxxer.hikari.HikariConfig - dataSourceProperties............{password=<masked>}
10:24:44.799 [main] DEBUG com.zaxxer.hikari.HikariConfig - driverClassName................."org.h2.Driver"
10:24:44.799 [main] DEBUG com.zaxxer.hikari.HikariConfig - exceptionOverrideClassName......none
10:24:44.799 [main] DEBUG com.zaxxer.hikari.HikariConfig - healthCheckProperties...........{}
10:24:44.799 [main] DEBUG com.zaxxer.hikari.HikariConfig - healthCheckRegistry.............none
10:24:44.799 [main] DEBUG com.zaxxer.hikari.HikariConfig - idleTimeout.....................30000
10:24:44.799 [main] DEBUG com.zaxxer.hikari.HikariConfig - initializationFailTimeout.......1
10:24:44.799 [main] DEBUG com.zaxxer.hikari.HikariConfig - isolateInternalQueries..........false
10:24:44.799 [main] DEBUG com.zaxxer.hikari.HikariConfig - jdbcUrl.........................jdbc:h2:file:C:\Users\dhiebert\.frcpm\frcpm
10:24:44.799 [main] DEBUG com.zaxxer.hikari.HikariConfig - keepaliveTime...................0
10:24:44.799 [main] DEBUG com.zaxxer.hikari.HikariConfig - leakDetectionThreshold..........0
10:24:44.799 [main] DEBUG com.zaxxer.hikari.HikariConfig - maxLifetime.....................1800000
10:24:44.799 [main] DEBUG com.zaxxer.hikari.HikariConfig - maximumPoolSize.................10
10:24:44.799 [main] DEBUG com.zaxxer.hikari.HikariConfig - metricRegistry..................none
10:24:44.799 [main] DEBUG com.zaxxer.hikari.HikariConfig - metricsTrackerFactory...........none
10:24:44.799 [main] DEBUG com.zaxxer.hikari.HikariConfig - minimumIdle.....................2
10:24:44.799 [main] DEBUG com.zaxxer.hikari.HikariConfig - password........................<masked>
10:24:44.799 [main] DEBUG com.zaxxer.hikari.HikariConfig - poolName........................"FRC-PM-HikariCP"
10:24:44.799 [main] DEBUG com.zaxxer.hikari.HikariConfig - readOnly........................false
10:24:44.799 [main] DEBUG com.zaxxer.hikari.HikariConfig - registerMbeans..................false
10:24:44.799 [main] DEBUG com.zaxxer.hikari.HikariConfig - scheduledExecutor...............none
10:24:44.799 [main] DEBUG com.zaxxer.hikari.HikariConfig - schema..........................none
10:24:44.799 [main] DEBUG com.zaxxer.hikari.HikariConfig - threadFactory...................internal
10:24:44.799 [main] DEBUG com.zaxxer.hikari.HikariConfig - transactionIsolation............default
10:24:44.799 [main] DEBUG com.zaxxer.hikari.HikariConfig - username........................"sa"
10:24:44.799 [main] DEBUG com.zaxxer.hikari.HikariConfig - validationTimeout...............5000
10:24:44.799 [main] INFO com.zaxxer.hikari.HikariDataSource - FRC-PM-HikariCP - Starting...
10:24:44.805 [main] INFO com.zaxxer.hikari.pool.HikariPool - FRC-PM-HikariCP - Added connection conn123: url=jdbc:h2:file:C:\Users\dhiebert\.frcpm\frcpm user=SA
10:24:44.805 [main] INFO com.zaxxer.hikari.HikariDataSource - FRC-PM-HikariCP - Start completed.
10:24:44.805 [main] DEBUG org.hibernate.hikaricp.internal.HikariCPConnectionProvider - HikariCP Configured
10:24:44.805 [main] DEBUG org.hibernate.engine.jdbc.env.internal.JdbcEnvironmentInitiator - Database ->
	   name : H2
	version : 2.2.224 (2023-09-17)
	  major : 2
	  minor : 2
10:24:44.805 [main] DEBUG org.hibernate.engine.jdbc.env.internal.JdbcEnvironmentInitiator - Driver ->
	   name : H2 JDBC Driver
	version : 2.2.224 (2023-09-17)
	  major : 2
	  minor : 2
10:24:44.805 [main] DEBUG org.hibernate.engine.jdbc.env.internal.JdbcEnvironmentInitiator - JDBC version : 4.2
10:24:44.805 [main] WARN org.hibernate.orm.deprecation - HHH90000025: H2Dialect does not need to be specified explicitly using 'hibernate.dialect' (remove the property setting and it will be selected by default)
10:24:44.805 [main] DEBUG org.hibernate.orm.dialect - HHH035001: Using dialect: org.hibernate.dialect.H2Dialect, version: 2.2.224
10:24:44.805 [main] DEBUG org.hibernate.engine.jdbc.env.spi.IdentifierHelperBuilder - JDBC driver metadata reported database stores quoted identifiers in neither upper, lower nor mixed case
10:24:44.807 [main] DEBUG org.hibernate.type.descriptor.jdbc.spi.JdbcTypeRegistry - addDescriptor(NCharTypeDescriptor) replaced previous registration(CharTypeDescriptor)
10:24:44.807 [main] DEBUG org.hibernate.type.descriptor.jdbc.spi.JdbcTypeRegistry - addDescriptor(NVarcharTypeDescriptor) replaced previous registration(VarcharTypeDescriptor)
10:24:44.807 [main] DEBUG org.hibernate.type.descriptor.jdbc.spi.JdbcTypeRegistry - addDescriptor(LongNVarcharTypeDescriptor) replaced previous registration(LongVarcharTypeDescriptor)
10:24:44.807 [main] DEBUG org.hibernate.type.descriptor.jdbc.spi.JdbcTypeRegistry - addDescriptor(NClobTypeDescriptor(DEFAULT)) replaced previous registration(ClobTypeDescriptor(DEFAULT))
10:24:44.807 [main] DEBUG org.hibernate.type.descriptor.jdbc.spi.JdbcTypeRegistry - addDescriptor(2005, ClobTypeDescriptor(STREAM_BINDING)) replaced previous registration(ClobTypeDescriptor(DEFAULT))
10:24:44.807 [main] DEBUG org.hibernate.type.descriptor.jdbc.spi.JdbcTypeRegistry - addDescriptor(TimestampUtcDescriptor) replaced previous registration(TimestampUtcDescriptor)
10:24:44.807 [main] DEBUG org.hibernate.type.BasicTypeRegistry - Adding type registration org.hibernate.type.DurationType -> basicType@1750(java.time.Duration,3015)
10:24:44.807 [main] DEBUG org.hibernate.type.BasicTypeRegistry - Adding type registration Duration -> basicType@1750(java.time.Duration,3015)
10:24:44.807 [main] DEBUG org.hibernate.type.BasicTypeRegistry - Adding type registration java.time.Duration -> basicType@1750(java.time.Duration,3015)
10:24:44.807 [main] DEBUG org.hibernate.type.spi.TypeConfiguration$Scope - Scoping TypeConfiguration [org.hibernate.type.spi.TypeConfiguration@6d8e7d6d] to MetadataBuildingContext [org.hibernate.boot.internal.MetadataBuildingContextRootImpl@72d12079]
10:24:44.807 [main] DEBUG org.hibernate.boot.model.relational.Namespace - Created database namespace [logicalName=Name{catalog=null, schema=null}, physicalName=Name{catalog=null, schema=null}]
10:24:44.808 [main] DEBUG org.hibernate.boot.model.internal.EntityBinder - Binding entity from annotated class: org.frcpm.models.Attendance
10:24:44.808 [main] DEBUG org.hibernate.boot.model.internal.EntityBinder - Import with entity name Attendance
10:24:44.808 [main] DEBUG org.hibernate.boot.model.internal.EntityBinder - Bind entity org.frcpm.models.Attendance on table attendances
10:24:44.808 [main] DEBUG org.hibernate.boot.model.internal.AnnotatedColumn - Binding column: AnnotatedDiscriminatorColumn(column='DTYPE')
10:24:44.808 [main] DEBUG org.hibernate.boot.model.internal.AnnotatedColumn - Binding column: AnnotatedColumn()
10:24:44.808 [main] DEBUG org.hibernate.boot.internal.ClassLoaderAccessImpl - Not known whether passed class name [org.frcpm.models.Attendance] is safe
10:24:44.808 [main] DEBUG org.hibernate.boot.internal.ClassLoaderAccessImpl - No temp ClassLoader provided; using live ClassLoader for loading potentially unsafe class : org.frcpm.models.Attendance
10:24:44.808 [main] DEBUG org.hibernate.boot.model.internal.PropertyBinder - MetadataSourceProcessor property id with lazy=false
10:24:44.808 [main] DEBUG org.hibernate.boot.model.internal.AbstractPropertyHolder - Attempting to locate auto-apply AttributeConverter for property [org.frcpm.models.Attendance:id]
10:24:44.808 [main] DEBUG org.hibernate.boot.model.internal.BasicValueBinder - building BasicValue for id
10:24:44.808 [main] DEBUG org.hibernate.mapping.BasicValue - Skipping column re-registration: attendances.id
10:24:44.808 [main] DEBUG org.hibernate.boot.model.internal.PropertyBinder - Building property id
10:24:44.808 [main] DEBUG org.hibernate.boot.model.internal.BinderHelper - #makeIdGenerator(BasicValue([Column(id)]), id, identity, , ...)
10:24:44.808 [main] DEBUG org.hibernate.boot.model.internal.AnnotatedColumn - Binding column: AnnotatedColumn(column='arrival_time')
10:24:44.808 [main] DEBUG org.hibernate.boot.model.internal.PropertyBinder - MetadataSourceProcessor property arrivalTime with lazy=false
10:24:44.808 [main] DEBUG org.hibernate.boot.model.internal.AbstractPropertyHolder - Attempting to locate auto-apply AttributeConverter for property [org.frcpm.models.Attendance:arrivalTime]
10:24:44.808 [main] DEBUG org.hibernate.boot.model.internal.BasicValueBinder - building BasicValue for arrivalTime
10:24:44.808 [main] DEBUG org.hibernate.mapping.BasicValue - Skipping column re-registration: attendances.arrival_time
10:24:44.808 [main] DEBUG org.hibernate.boot.model.internal.PropertyBinder - Building property arrivalTime
10:24:44.808 [main] DEBUG org.hibernate.boot.model.internal.AnnotatedColumn - Binding column: AnnotatedColumn(column='departure_time')
10:24:44.808 [main] DEBUG org.hibernate.boot.model.internal.PropertyBinder - MetadataSourceProcessor property departureTime with lazy=false
10:24:44.808 [main] DEBUG org.hibernate.boot.model.internal.AbstractPropertyHolder - Attempting to locate auto-apply AttributeConverter for property [org.frcpm.models.Attendance:departureTime]
10:24:44.808 [main] DEBUG org.hibernate.boot.model.internal.BasicValueBinder - building BasicValue for departureTime
10:24:44.808 [main] DEBUG org.hibernate.mapping.BasicValue - Skipping column re-registration: attendances.departure_time
10:24:44.808 [main] DEBUG org.hibernate.boot.model.internal.PropertyBinder - Building property departureTime
10:24:44.808 [main] DEBUG org.hibernate.boot.model.internal.AnnotatedColumn - Binding column: AnnotatedJoinColumn(column='meeting_id')
10:24:44.808 [main] DEBUG org.hibernate.boot.model.internal.AnnotatedColumn - Binding column: AnnotatedColumn()
10:24:44.808 [main] DEBUG org.hibernate.boot.model.internal.PropertyBinder - Building property meeting
10:24:44.808 [main] DEBUG org.hibernate.boot.model.internal.AnnotatedColumn - Binding column: AnnotatedJoinColumn(column='member_id')
10:24:44.808 [main] DEBUG org.hibernate.boot.model.internal.AnnotatedColumn - Binding column: AnnotatedColumn()
10:24:44.808 [main] DEBUG org.hibernate.boot.model.internal.PropertyBinder - Building property member
10:24:44.808 [main] DEBUG org.hibernate.boot.model.internal.AnnotatedColumn - Binding column: AnnotatedColumn(column='present')
10:24:44.808 [main] DEBUG org.hibernate.boot.model.internal.PropertyBinder - MetadataSourceProcessor property present with lazy=false
10:24:44.808 [main] DEBUG org.hibernate.boot.model.internal.AbstractPropertyHolder - Attempting to locate auto-apply AttributeConverter for property [org.frcpm.models.Attendance:present]
10:24:44.808 [main] DEBUG org.hibernate.boot.model.internal.BasicValueBinder - building BasicValue for present
10:24:44.808 [main] DEBUG org.hibernate.mapping.BasicValue - Skipping column re-registration: attendances.present
10:24:44.808 [main] DEBUG org.hibernate.boot.model.internal.PropertyBinder - Building property present
10:24:44.808 [main] DEBUG org.hibernate.boot.registry.classloading.internal.ClassLoaderServiceImpl - HHH000194: Package not found or no package-info.java: org.frcpm.models
10:24:44.808 [main] DEBUG org.hibernate.boot.model.internal.EntityBinder - Binding entity from annotated class: org.frcpm.models.Meeting
10:24:44.808 [main] DEBUG org.hibernate.boot.model.internal.EntityBinder - Import with entity name Meeting
10:24:44.808 [main] DEBUG org.hibernate.boot.model.internal.EntityBinder - Bind entity org.frcpm.models.Meeting on table meetings
10:24:44.808 [main] DEBUG org.hibernate.boot.model.internal.AnnotatedColumn - Binding column: AnnotatedDiscriminatorColumn(column='DTYPE')
10:24:44.808 [main] DEBUG org.hibernate.boot.model.internal.AnnotatedColumn - Binding column: AnnotatedColumn()
10:24:44.808 [main] DEBUG org.hibernate.boot.internal.ClassLoaderAccessImpl - Not known whether passed class name [org.frcpm.models.Meeting] is safe
10:24:44.808 [main] DEBUG org.hibernate.boot.internal.ClassLoaderAccessImpl - No temp ClassLoader provided; using live ClassLoader for loading potentially unsafe class : org.frcpm.models.Meeting
10:24:44.808 [main] DEBUG org.hibernate.boot.model.internal.PropertyBinder - MetadataSourceProcessor property id with lazy=false
10:24:44.808 [main] DEBUG org.hibernate.boot.model.internal.AbstractPropertyHolder - Attempting to locate auto-apply AttributeConverter for property [org.frcpm.models.Meeting:id]
10:24:44.808 [main] DEBUG org.hibernate.boot.model.internal.BasicValueBinder - building BasicValue for id
10:24:44.808 [main] DEBUG org.hibernate.mapping.BasicValue - Skipping column re-registration: meetings.id
10:24:44.808 [main] DEBUG org.hibernate.boot.model.internal.PropertyBinder - Building property id
10:24:44.808 [main] DEBUG org.hibernate.boot.model.internal.BinderHelper - #makeIdGenerator(BasicValue([Column(id)]), id, identity, , ...)
10:24:44.809 [main] DEBUG org.hibernate.boot.model.internal.AnnotatedColumn - Binding column: AnnotatedJoinColumn()
10:24:44.809 [main] DEBUG org.hibernate.boot.model.internal.AnnotatedColumn - Binding column: AnnotatedColumn()
10:24:44.809 [main] DEBUG org.hibernate.boot.model.internal.AnnotatedColumn - Binding column: IndexColumn(column='attendances_ORDER')
10:24:44.809 [main] DEBUG org.hibernate.boot.model.internal.AnnotatedColumn - Binding column: AnnotatedColumn()
10:24:44.809 [main] DEBUG org.hibernate.boot.model.internal.AnnotatedColumn - Binding column: AnnotatedColumn(column='attendances_KEY')
10:24:44.809 [main] DEBUG org.hibernate.boot.model.internal.AnnotatedColumn - Binding column: AnnotatedJoinColumn(column='attendances_KEY')
10:24:44.809 [main] DEBUG org.hibernate.boot.model.internal.AnnotatedColumn - Binding column: AnnotatedJoinColumn()
10:24:44.809 [main] DEBUG org.hibernate.boot.model.internal.AnnotatedColumn - Binding column: AnnotatedJoinColumn()
10:24:44.809 [main] DEBUG org.hibernate.boot.model.internal.CollectionBinder - Collection role: org.frcpm.models.Meeting.attendances
10:24:44.809 [main] DEBUG org.hibernate.boot.model.internal.PropertyBinder - Building property attendances
10:24:44.809 [main] DEBUG org.hibernate.boot.model.internal.AnnotatedColumn - Binding column: AnnotatedColumn(column='date')
10:24:44.809 [main] DEBUG org.hibernate.boot.model.internal.PropertyBinder - MetadataSourceProcessor property date with lazy=false
10:24:44.809 [main] DEBUG org.hibernate.boot.model.internal.AbstractPropertyHolder - Attempting to locate auto-apply AttributeConverter for property [org.frcpm.models.Meeting:date]
10:24:44.809 [main] DEBUG org.hibernate.boot.model.internal.BasicValueBinder - building BasicValue for date
10:24:44.809 [main] DEBUG org.hibernate.mapping.BasicValue - Skipping column re-registration: meetings.date
10:24:44.809 [main] DEBUG org.hibernate.boot.model.internal.PropertyBinder - Building property date
10:24:44.809 [main] DEBUG org.hibernate.boot.model.internal.AnnotatedColumn - Binding column: AnnotatedColumn(column='end_time')
10:24:44.809 [main] DEBUG org.hibernate.boot.model.internal.PropertyBinder - MetadataSourceProcessor property endTime with lazy=false
10:24:44.809 [main] DEBUG org.hibernate.boot.model.internal.AbstractPropertyHolder - Attempting to locate auto-apply AttributeConverter for property [org.frcpm.models.Meeting:endTime]
10:24:44.809 [main] DEBUG org.hibernate.boot.model.internal.BasicValueBinder - building BasicValue for endTime
10:24:44.809 [main] DEBUG org.hibernate.mapping.BasicValue - Skipping column re-registration: meetings.end_time
10:24:44.809 [main] DEBUG org.hibernate.boot.model.internal.PropertyBinder - Building property endTime
10:24:44.809 [main] DEBUG org.hibernate.boot.model.internal.AnnotatedColumn - Binding column: AnnotatedColumn(column='notes')
10:24:44.809 [main] DEBUG org.hibernate.boot.model.internal.PropertyBinder - MetadataSourceProcessor property notes with lazy=false
10:24:44.809 [main] DEBUG org.hibernate.boot.model.internal.AbstractPropertyHolder - Attempting to locate auto-apply AttributeConverter for property [org.frcpm.models.Meeting:notes]
10:24:44.809 [main] DEBUG org.hibernate.boot.model.internal.BasicValueBinder - building BasicValue for notes
10:24:44.809 [main] DEBUG org.hibernate.mapping.BasicValue - Skipping column re-registration: meetings.notes
10:24:44.809 [main] DEBUG org.hibernate.boot.model.internal.PropertyBinder - Building property notes
10:24:44.809 [main] DEBUG org.hibernate.boot.model.internal.AnnotatedColumn - Binding column: AnnotatedJoinColumn(column='project_id')
10:24:44.809 [main] DEBUG org.hibernate.boot.model.internal.AnnotatedColumn - Binding column: AnnotatedColumn()
10:24:44.809 [main] DEBUG org.hibernate.boot.model.internal.PropertyBinder - Building property project
10:24:44.809 [main] DEBUG org.hibernate.boot.model.internal.AnnotatedColumn - Binding column: AnnotatedColumn(column='start_time')
10:24:44.809 [main] DEBUG org.hibernate.boot.model.internal.PropertyBinder - MetadataSourceProcessor property startTime with lazy=false
10:24:44.809 [main] DEBUG org.hibernate.boot.model.internal.AbstractPropertyHolder - Attempting to locate auto-apply AttributeConverter for property [org.frcpm.models.Meeting:startTime]
10:24:44.809 [main] DEBUG org.hibernate.boot.model.internal.BasicValueBinder - building BasicValue for startTime
10:24:44.809 [main] DEBUG org.hibernate.mapping.BasicValue - Skipping column re-registration: meetings.start_time
10:24:44.809 [main] DEBUG org.hibernate.boot.model.internal.PropertyBinder - Building property startTime
10:24:44.809 [main] DEBUG org.hibernate.boot.registry.classloading.internal.ClassLoaderServiceImpl - HHH000194: Package not found or no package-info.java: org.frcpm.models
10:24:44.809 [main] DEBUG org.hibernate.boot.model.internal.EntityBinder - Binding entity from annotated class: org.frcpm.models.Subsystem
10:24:44.809 [main] DEBUG org.hibernate.boot.model.internal.EntityBinder - Import with entity name Subsystem
10:24:44.809 [main] DEBUG org.hibernate.boot.model.internal.EntityBinder - Bind entity org.frcpm.models.Subsystem on table subsystems
10:24:44.809 [main] DEBUG org.hibernate.boot.model.internal.AnnotatedColumn - Binding column: AnnotatedDiscriminatorColumn(column='DTYPE')
10:24:44.809 [main] DEBUG org.hibernate.boot.model.internal.AnnotatedColumn - Binding column: AnnotatedColumn()
10:24:44.809 [main] DEBUG org.hibernate.boot.internal.ClassLoaderAccessImpl - Not known whether passed class name [org.frcpm.models.Subsystem] is safe
10:24:44.809 [main] DEBUG org.hibernate.boot.internal.ClassLoaderAccessImpl - No temp ClassLoader provided; using live ClassLoader for loading potentially unsafe class : org.frcpm.models.Subsystem
10:24:44.809 [main] DEBUG org.hibernate.boot.model.internal.PropertyBinder - MetadataSourceProcessor property id with lazy=false
10:24:44.809 [main] DEBUG org.hibernate.boot.model.internal.AbstractPropertyHolder - Attempting to locate auto-apply AttributeConverter for property [org.frcpm.models.Subsystem:id]
10:24:44.809 [main] DEBUG org.hibernate.boot.model.internal.BasicValueBinder - building BasicValue for id
10:24:44.809 [main] DEBUG org.hibernate.mapping.BasicValue - Skipping column re-registration: subsystems.id
10:24:44.809 [main] DEBUG org.hibernate.boot.model.internal.PropertyBinder - Building property id
10:24:44.809 [main] DEBUG org.hibernate.boot.model.internal.BinderHelper - #makeIdGenerator(BasicValue([Column(id)]), id, identity, , ...)
10:24:44.809 [main] DEBUG org.hibernate.boot.model.internal.AnnotatedColumn - Binding column: AnnotatedColumn(column='description')
10:24:44.809 [main] DEBUG org.hibernate.boot.model.internal.PropertyBinder - MetadataSourceProcessor property description with lazy=false
10:24:44.809 [main] DEBUG org.hibernate.boot.model.internal.AbstractPropertyHolder - Attempting to locate auto-apply AttributeConverter for property [org.frcpm.models.Subsystem:description]
10:24:44.809 [main] DEBUG org.hibernate.boot.model.internal.BasicValueBinder - building BasicValue for description
10:24:44.809 [main] DEBUG org.hibernate.mapping.BasicValue - Skipping column re-registration: subsystems.description
10:24:44.809 [main] DEBUG org.hibernate.boot.model.internal.PropertyBinder - Building property description
10:24:44.809 [main] DEBUG org.hibernate.boot.model.internal.AnnotatedColumn - Binding column: AnnotatedColumn(column='name')
10:24:44.809 [main] DEBUG org.hibernate.boot.model.internal.PropertyBinder - MetadataSourceProcessor property name with lazy=false
10:24:44.809 [main] DEBUG org.hibernate.boot.model.internal.AbstractPropertyHolder - Attempting to locate auto-apply AttributeConverter for property [org.frcpm.models.Subsystem:name]
10:24:44.809 [main] DEBUG org.hibernate.boot.model.internal.BasicValueBinder - building BasicValue for name
10:24:44.809 [main] DEBUG org.hibernate.mapping.BasicValue - Skipping column re-registration: subsystems.name
10:24:44.809 [main] DEBUG org.hibernate.boot.model.internal.PropertyBinder - Building property name
10:24:44.809 [main] DEBUG org.hibernate.boot.model.internal.AnnotatedColumn - Binding column: AnnotatedJoinColumn(column='responsible_subteam_id')
10:24:44.809 [main] DEBUG org.hibernate.boot.model.internal.AnnotatedColumn - Binding column: AnnotatedColumn()
10:24:44.809 [main] DEBUG org.hibernate.boot.model.internal.PropertyBinder - Building property responsibleSubteam
10:24:44.809 [main] DEBUG org.hibernate.boot.model.internal.AnnotatedColumn - Binding column: AnnotatedColumn(column='status')
10:24:44.809 [main] DEBUG org.hibernate.boot.model.internal.PropertyBinder - MetadataSourceProcessor property status with lazy=false
10:24:44.809 [main] DEBUG org.hibernate.boot.model.internal.AbstractPropertyHolder - Attempting to locate auto-apply AttributeConverter for property [org.frcpm.models.Subsystem:status]
10:24:44.809 [main] DEBUG org.hibernate.boot.model.internal.BasicValueBinder - building BasicValue for status
10:24:44.809 [main] DEBUG org.hibernate.mapping.BasicValue - Skipping column re-registration: subsystems.status
10:24:44.809 [main] DEBUG org.hibernate.boot.model.internal.PropertyBinder - Building property status
10:24:44.809 [main] DEBUG org.hibernate.boot.model.internal.AnnotatedColumn - Binding column: AnnotatedJoinColumn()
10:24:44.809 [main] DEBUG org.hibernate.boot.model.internal.AnnotatedColumn - Binding column: AnnotatedColumn()
10:24:44.809 [main] DEBUG org.hibernate.boot.model.internal.AnnotatedColumn - Binding column: IndexColumn(column='tasks_ORDER')
10:24:44.809 [main] DEBUG org.hibernate.boot.model.internal.AnnotatedColumn - Binding column: AnnotatedColumn()
10:24:44.809 [main] DEBUG org.hibernate.boot.model.internal.AnnotatedColumn - Binding column: AnnotatedColumn(column='tasks_KEY')
10:24:44.809 [main] DEBUG org.hibernate.boot.model.internal.AnnotatedColumn - Binding column: AnnotatedJoinColumn(column='tasks_KEY')
10:24:44.809 [main] DEBUG org.hibernate.boot.model.internal.AnnotatedColumn - Binding column: AnnotatedJoinColumn()
10:24:44.809 [main] DEBUG org.hibernate.boot.model.internal.AnnotatedColumn - Binding column: AnnotatedJoinColumn()
10:24:44.809 [main] DEBUG org.hibernate.boot.model.internal.CollectionBinder - Collection role: org.frcpm.models.Subsystem.tasks
10:24:44.809 [main] DEBUG org.hibernate.boot.model.internal.PropertyBinder - Building property tasks
10:24:44.809 [main] DEBUG org.hibernate.boot.registry.classloading.internal.ClassLoaderServiceImpl - HHH000194: Package not found or no package-info.java: org.frcpm.models
10:24:44.809 [main] DEBUG org.hibernate.boot.model.internal.EntityBinder - Binding entity from annotated class: org.frcpm.models.Component
10:24:44.809 [main] DEBUG org.hibernate.boot.model.internal.EntityBinder - Import with entity name Component
10:24:44.809 [main] DEBUG org.hibernate.boot.model.internal.EntityBinder - Bind entity org.frcpm.models.Component on table components
10:24:44.809 [main] DEBUG org.hibernate.boot.model.internal.AnnotatedColumn - Binding column: AnnotatedDiscriminatorColumn(column='DTYPE')
10:24:44.809 [main] DEBUG org.hibernate.boot.model.internal.AnnotatedColumn - Binding column: AnnotatedColumn()
10:24:44.809 [main] DEBUG org.hibernate.boot.internal.ClassLoaderAccessImpl - Not known whether passed class name [org.frcpm.models.Component] is safe
10:24:44.809 [main] DEBUG org.hibernate.boot.internal.ClassLoaderAccessImpl - No temp ClassLoader provided; using live ClassLoader for loading potentially unsafe class : org.frcpm.models.Component
10:24:44.809 [main] DEBUG org.hibernate.boot.model.internal.PropertyBinder - MetadataSourceProcessor property id with lazy=false
10:24:44.809 [main] DEBUG org.hibernate.boot.model.internal.AbstractPropertyHolder - Attempting to locate auto-apply AttributeConverter for property [org.frcpm.models.Component:id]
10:24:44.809 [main] DEBUG org.hibernate.boot.model.internal.BasicValueBinder - building BasicValue for id
10:24:44.809 [main] DEBUG org.hibernate.mapping.BasicValue - Skipping column re-registration: components.id
10:24:44.809 [main] DEBUG org.hibernate.boot.model.internal.PropertyBinder - Building property id
10:24:44.809 [main] DEBUG org.hibernate.boot.model.internal.BinderHelper - #makeIdGenerator(BasicValue([Column(id)]), id, identity, , ...)
10:24:44.809 [main] DEBUG org.hibernate.boot.model.internal.AnnotatedColumn - Binding column: AnnotatedColumn(column='actual_delivery')
10:24:44.809 [main] DEBUG org.hibernate.boot.model.internal.PropertyBinder - MetadataSourceProcessor property actualDelivery with lazy=false
10:24:44.809 [main] DEBUG org.hibernate.boot.model.internal.AbstractPropertyHolder - Attempting to locate auto-apply AttributeConverter for property [org.frcpm.models.Component:actualDelivery]
10:24:44.809 [main] DEBUG org.hibernate.boot.model.internal.BasicValueBinder - building BasicValue for actualDelivery
10:24:44.809 [main] DEBUG org.hibernate.mapping.BasicValue - Skipping column re-registration: components.actual_delivery
10:24:44.809 [main] DEBUG org.hibernate.boot.model.internal.PropertyBinder - Building property actualDelivery
10:24:44.809 [main] DEBUG org.hibernate.boot.model.internal.AnnotatedColumn - Binding column: AnnotatedColumn(column='is_delivered')
10:24:44.809 [main] DEBUG org.hibernate.boot.model.internal.PropertyBinder - MetadataSourceProcessor property delivered with lazy=false
10:24:44.809 [main] DEBUG org.hibernate.boot.model.internal.AbstractPropertyHolder - Attempting to locate auto-apply AttributeConverter for property [org.frcpm.models.Component:delivered]
10:24:44.809 [main] DEBUG org.hibernate.boot.model.internal.BasicValueBinder - building BasicValue for delivered
10:24:44.809 [main] DEBUG org.hibernate.mapping.BasicValue - Skipping column re-registration: components.is_delivered
10:24:44.809 [main] DEBUG org.hibernate.boot.model.internal.PropertyBinder - Building property delivered
10:24:44.809 [main] DEBUG org.hibernate.boot.model.internal.AnnotatedColumn - Binding column: AnnotatedColumn(column='description')
10:24:44.809 [main] DEBUG org.hibernate.boot.model.internal.PropertyBinder - MetadataSourceProcessor property description with lazy=false
10:24:44.809 [main] DEBUG org.hibernate.boot.model.internal.AbstractPropertyHolder - Attempting to locate auto-apply AttributeConverter for property [org.frcpm.models.Component:description]
10:24:44.809 [main] DEBUG org.hibernate.boot.model.internal.BasicValueBinder - building BasicValue for description
10:24:44.809 [main] DEBUG org.hibernate.mapping.BasicValue - Skipping column re-registration: components.description
10:24:44.809 [main] DEBUG org.hibernate.boot.model.internal.PropertyBinder - Building property description
10:24:44.809 [main] DEBUG org.hibernate.boot.model.internal.AnnotatedColumn - Binding column: AnnotatedColumn(column='expected_delivery')
10:24:44.809 [main] DEBUG org.hibernate.boot.model.internal.PropertyBinder - MetadataSourceProcessor property expectedDelivery with lazy=false
10:24:44.809 [main] DEBUG org.hibernate.boot.model.internal.AbstractPropertyHolder - Attempting to locate auto-apply AttributeConverter for property [org.frcpm.models.Component:expectedDelivery]
10:24:44.809 [main] DEBUG org.hibernate.boot.model.internal.BasicValueBinder - building BasicValue for expectedDelivery
10:24:44.809 [main] DEBUG org.hibernate.mapping.BasicValue - Skipping column re-registration: components.expected_delivery
10:24:44.809 [main] DEBUG org.hibernate.boot.model.internal.PropertyBinder - Building property expectedDelivery
10:24:44.809 [main] DEBUG org.hibernate.boot.model.internal.AnnotatedColumn - Binding column: AnnotatedColumn(column='name')
10:24:44.809 [main] DEBUG org.hibernate.boot.model.internal.PropertyBinder - MetadataSourceProcessor property name with lazy=false
10:24:44.809 [main] DEBUG org.hibernate.boot.model.internal.AbstractPropertyHolder - Attempting to locate auto-apply AttributeConverter for property [org.frcpm.models.Component:name]
10:24:44.809 [main] DEBUG org.hibernate.boot.model.internal.BasicValueBinder - building BasicValue for name
10:24:44.809 [main] DEBUG org.hibernate.mapping.BasicValue - Skipping column re-registration: components.name
10:24:44.809 [main] DEBUG org.hibernate.boot.model.internal.PropertyBinder - Building property name
10:24:44.809 [main] DEBUG org.hibernate.boot.model.internal.AnnotatedColumn - Binding column: AnnotatedColumn(column='part_number')
10:24:44.809 [main] DEBUG org.hibernate.boot.model.internal.PropertyBinder - MetadataSourceProcessor property partNumber with lazy=false
10:24:44.809 [main] DEBUG org.hibernate.boot.model.internal.AbstractPropertyHolder - Attempting to locate auto-apply AttributeConverter for property [org.frcpm.models.Component:partNumber]
10:24:44.809 [main] DEBUG org.hibernate.boot.model.internal.BasicValueBinder - building BasicValue for partNumber
10:24:44.809 [main] DEBUG org.hibernate.mapping.BasicValue - Skipping column re-registration: components.part_number
10:24:44.809 [main] DEBUG org.hibernate.boot.model.internal.PropertyBinder - Building property partNumber
10:24:44.809 [main] DEBUG org.hibernate.boot.model.internal.AnnotatedColumn - Binding column: IndexColumn(column='requiredForTasks_ORDER')
10:24:44.809 [main] DEBUG org.hibernate.boot.model.internal.AnnotatedColumn - Binding column: AnnotatedColumn()
10:24:44.809 [main] DEBUG org.hibernate.boot.model.internal.AnnotatedColumn - Binding column: AnnotatedColumn(column='requiredForTasks_KEY')
10:24:44.809 [main] DEBUG org.hibernate.boot.model.internal.AnnotatedColumn - Binding column: AnnotatedJoinColumn(column='requiredForTasks_KEY')
10:24:44.809 [main] DEBUG org.hibernate.boot.model.internal.AnnotatedColumn - Binding column: AnnotatedJoinColumn()
10:24:44.809 [main] DEBUG org.hibernate.boot.model.internal.AnnotatedColumn - Binding column: AnnotatedJoinColumn()
10:24:44.809 [main] DEBUG org.hibernate.boot.model.internal.CollectionBinder - Collection role: org.frcpm.models.Component.requiredForTasks
10:24:44.809 [main] DEBUG org.hibernate.boot.model.internal.PropertyBinder - Building property requiredForTasks
10:24:44.809 [main] DEBUG org.hibernate.boot.registry.classloading.internal.ClassLoaderServiceImpl - HHH000194: Package not found or no package-info.java: org.frcpm.models
10:24:44.809 [main] DEBUG org.hibernate.boot.model.internal.EntityBinder - Binding entity from annotated class: org.frcpm.models.Milestone
10:24:44.809 [main] DEBUG org.hibernate.boot.model.internal.EntityBinder - Import with entity name Milestone
10:24:44.809 [main] DEBUG org.hibernate.boot.model.internal.EntityBinder - Bind entity org.frcpm.models.Milestone on table milestones
10:24:44.809 [main] DEBUG org.hibernate.boot.model.internal.AnnotatedColumn - Binding column: AnnotatedDiscriminatorColumn(column='DTYPE')
10:24:44.809 [main] DEBUG org.hibernate.boot.model.internal.AnnotatedColumn - Binding column: AnnotatedColumn()
10:24:44.809 [main] DEBUG org.hibernate.boot.internal.ClassLoaderAccessImpl - Not known whether passed class name [org.frcpm.models.Milestone] is safe
10:24:44.809 [main] DEBUG org.hibernate.boot.internal.ClassLoaderAccessImpl - No temp ClassLoader provided; using live ClassLoader for loading potentially unsafe class : org.frcpm.models.Milestone
10:24:44.809 [main] DEBUG org.hibernate.boot.model.internal.PropertyBinder - MetadataSourceProcessor property id with lazy=false
10:24:44.809 [main] DEBUG org.hibernate.boot.model.internal.AbstractPropertyHolder - Attempting to locate auto-apply AttributeConverter for property [org.frcpm.models.Milestone:id]
10:24:44.809 [main] DEBUG org.hibernate.boot.model.internal.BasicValueBinder - building BasicValue for id
10:24:44.809 [main] DEBUG org.hibernate.mapping.BasicValue - Skipping column re-registration: milestones.id
10:24:44.809 [main] DEBUG org.hibernate.boot.model.internal.PropertyBinder - Building property id
10:24:44.809 [main] DEBUG org.hibernate.boot.model.internal.BinderHelper - #makeIdGenerator(BasicValue([Column(id)]), id, identity, , ...)
10:24:44.809 [main] DEBUG org.hibernate.boot.model.internal.AnnotatedColumn - Binding column: AnnotatedColumn(column='date')
10:24:44.809 [main] DEBUG org.hibernate.boot.model.internal.PropertyBinder - MetadataSourceProcessor property date with lazy=false
10:24:44.809 [main] DEBUG org.hibernate.boot.model.internal.AbstractPropertyHolder - Attempting to locate auto-apply AttributeConverter for property [org.frcpm.models.Milestone:date]
10:24:44.809 [main] DEBUG org.hibernate.boot.model.internal.BasicValueBinder - building BasicValue for date
10:24:44.809 [main] DEBUG org.hibernate.mapping.BasicValue - Skipping column re-registration: milestones.date
10:24:44.809 [main] DEBUG org.hibernate.boot.model.internal.PropertyBinder - Building property date
10:24:44.809 [main] DEBUG org.hibernate.boot.model.internal.AnnotatedColumn - Binding column: AnnotatedColumn(column='description')
10:24:44.809 [main] DEBUG org.hibernate.boot.model.internal.PropertyBinder - MetadataSourceProcessor property description with lazy=false
10:24:44.809 [main] DEBUG org.hibernate.boot.model.internal.AbstractPropertyHolder - Attempting to locate auto-apply AttributeConverter for property [org.frcpm.models.Milestone:description]
10:24:44.809 [main] DEBUG org.hibernate.boot.model.internal.BasicValueBinder - building BasicValue for description
10:24:44.809 [main] DEBUG org.hibernate.mapping.BasicValue - Skipping column re-registration: milestones.description
10:24:44.809 [main] DEBUG org.hibernate.boot.model.internal.PropertyBinder - Building property description
10:24:44.809 [main] DEBUG org.hibernate.boot.model.internal.AnnotatedColumn - Binding column: AnnotatedColumn(column='name')
10:24:44.809 [main] DEBUG org.hibernate.boot.model.internal.PropertyBinder - MetadataSourceProcessor property name with lazy=false
10:24:44.809 [main] DEBUG org.hibernate.boot.model.internal.AbstractPropertyHolder - Attempting to locate auto-apply AttributeConverter for property [org.frcpm.models.Milestone:name]
10:24:44.809 [main] DEBUG org.hibernate.boot.model.internal.BasicValueBinder - building BasicValue for name
10:24:44.809 [main] DEBUG org.hibernate.mapping.BasicValue - Skipping column re-registration: milestones.name
10:24:44.809 [main] DEBUG org.hibernate.boot.model.internal.PropertyBinder - Building property name
10:24:44.809 [main] DEBUG org.hibernate.boot.model.internal.AnnotatedColumn - Binding column: AnnotatedJoinColumn(column='project_id')
10:24:44.809 [main] DEBUG org.hibernate.boot.model.internal.AnnotatedColumn - Binding column: AnnotatedColumn()
10:24:44.809 [main] DEBUG org.hibernate.boot.model.internal.PropertyBinder - Building property project
10:24:44.811 [main] DEBUG org.hibernate.boot.registry.classloading.internal.ClassLoaderServiceImpl - HHH000194: Package not found or no package-info.java: org.frcpm.models
10:24:44.811 [main] DEBUG org.hibernate.boot.model.internal.EntityBinder - Binding entity from annotated class: org.frcpm.models.Project
10:24:44.811 [main] DEBUG org.hibernate.boot.model.internal.EntityBinder - Import with entity name Project
10:24:44.811 [main] DEBUG org.hibernate.boot.model.internal.EntityBinder - Bind entity org.frcpm.models.Project on table projects
10:24:44.811 [main] DEBUG org.hibernate.boot.model.internal.AnnotatedColumn - Binding column: AnnotatedDiscriminatorColumn(column='DTYPE')
10:24:44.811 [main] DEBUG org.hibernate.boot.model.internal.AnnotatedColumn - Binding column: AnnotatedColumn()
10:24:44.811 [main] DEBUG org.hibernate.boot.internal.ClassLoaderAccessImpl - Not known whether passed class name [org.frcpm.models.Project] is safe
10:24:44.811 [main] DEBUG org.hibernate.boot.internal.ClassLoaderAccessImpl - No temp ClassLoader provided; using live ClassLoader for loading potentially unsafe class : org.frcpm.models.Project
10:24:44.811 [main] DEBUG org.hibernate.boot.model.internal.PropertyBinder - MetadataSourceProcessor property id with lazy=false
10:24:44.811 [main] DEBUG org.hibernate.boot.model.internal.AbstractPropertyHolder - Attempting to locate auto-apply AttributeConverter for property [org.frcpm.models.Project:id]
10:24:44.811 [main] DEBUG org.hibernate.boot.model.internal.BasicValueBinder - building BasicValue for id
10:24:44.811 [main] DEBUG org.hibernate.mapping.BasicValue - Skipping column re-registration: projects.id
10:24:44.811 [main] DEBUG org.hibernate.boot.model.internal.PropertyBinder - Building property id
10:24:44.811 [main] DEBUG org.hibernate.boot.model.internal.BinderHelper - #makeIdGenerator(BasicValue([Column(id)]), id, identity, , ...)
10:24:44.811 [main] DEBUG org.hibernate.boot.model.internal.AnnotatedColumn - Binding column: AnnotatedColumn(column='description')
10:24:44.811 [main] DEBUG org.hibernate.boot.model.internal.PropertyBinder - MetadataSourceProcessor property description with lazy=false
10:24:44.811 [main] DEBUG org.hibernate.boot.model.internal.AbstractPropertyHolder - Attempting to locate auto-apply AttributeConverter for property [org.frcpm.models.Project:description]
10:24:44.811 [main] DEBUG org.hibernate.boot.model.internal.BasicValueBinder - building BasicValue for description
10:24:44.811 [main] DEBUG org.hibernate.mapping.BasicValue - Skipping column re-registration: projects.description
10:24:44.811 [main] DEBUG org.hibernate.boot.model.internal.PropertyBinder - Building property description
10:24:44.811 [main] DEBUG org.hibernate.boot.model.internal.AnnotatedColumn - Binding column: AnnotatedColumn(column='goal_end_date')
10:24:44.811 [main] DEBUG org.hibernate.boot.model.internal.PropertyBinder - MetadataSourceProcessor property goalEndDate with lazy=false
10:24:44.811 [main] DEBUG org.hibernate.boot.model.internal.AbstractPropertyHolder - Attempting to locate auto-apply AttributeConverter for property [org.frcpm.models.Project:goalEndDate]
10:24:44.811 [main] DEBUG org.hibernate.boot.model.internal.BasicValueBinder - building BasicValue for goalEndDate
10:24:44.811 [main] DEBUG org.hibernate.mapping.BasicValue - Skipping column re-registration: projects.goal_end_date
10:24:44.811 [main] DEBUG org.hibernate.boot.model.internal.PropertyBinder - Building property goalEndDate
10:24:44.811 [main] DEBUG org.hibernate.boot.model.internal.AnnotatedColumn - Binding column: AnnotatedColumn(column='hard_deadline')
10:24:44.811 [main] DEBUG org.hibernate.boot.model.internal.PropertyBinder - MetadataSourceProcessor property hardDeadline with lazy=false
10:24:44.811 [main] DEBUG org.hibernate.boot.model.internal.AbstractPropertyHolder - Attempting to locate auto-apply AttributeConverter for property [org.frcpm.models.Project:hardDeadline]
10:24:44.811 [main] DEBUG org.hibernate.boot.model.internal.BasicValueBinder - building BasicValue for hardDeadline
10:24:44.811 [main] DEBUG org.hibernate.mapping.BasicValue - Skipping column re-registration: projects.hard_deadline
10:24:44.811 [main] DEBUG org.hibernate.boot.model.internal.PropertyBinder - Building property hardDeadline
10:24:44.811 [main] DEBUG org.hibernate.boot.model.internal.AnnotatedColumn - Binding column: AnnotatedJoinColumn()
10:24:44.811 [main] DEBUG org.hibernate.boot.model.internal.AnnotatedColumn - Binding column: AnnotatedColumn()
10:24:44.811 [main] DEBUG org.hibernate.boot.model.internal.AnnotatedColumn - Binding column: IndexColumn(column='meetings_ORDER')
10:24:44.811 [main] DEBUG org.hibernate.boot.model.internal.AnnotatedColumn - Binding column: AnnotatedColumn()
10:24:44.811 [main] DEBUG org.hibernate.boot.model.internal.AnnotatedColumn - Binding column: AnnotatedColumn(column='meetings_KEY')
10:24:44.811 [main] DEBUG org.hibernate.boot.model.internal.AnnotatedColumn - Binding column: AnnotatedJoinColumn(column='meetings_KEY')
10:24:44.811 [main] DEBUG org.hibernate.boot.model.internal.AnnotatedColumn - Binding column: AnnotatedJoinColumn()
10:24:44.811 [main] DEBUG org.hibernate.boot.model.internal.AnnotatedColumn - Binding column: AnnotatedJoinColumn()
10:24:44.811 [main] DEBUG org.hibernate.boot.model.internal.CollectionBinder - Collection role: org.frcpm.models.Project.meetings
10:24:44.811 [main] DEBUG org.hibernate.boot.model.internal.PropertyBinder - Building property meetings
10:24:44.811 [main] DEBUG org.hibernate.boot.model.internal.AnnotatedColumn - Binding column: AnnotatedJoinColumn()
10:24:44.811 [main] DEBUG org.hibernate.boot.model.internal.AnnotatedColumn - Binding column: AnnotatedColumn()
10:24:44.811 [main] DEBUG org.hibernate.boot.model.internal.AnnotatedColumn - Binding column: IndexColumn(column='milestones_ORDER')
10:24:44.811 [main] DEBUG org.hibernate.boot.model.internal.AnnotatedColumn - Binding column: AnnotatedColumn()
10:24:44.811 [main] DEBUG org.hibernate.boot.model.internal.AnnotatedColumn - Binding column: AnnotatedColumn(column='milestones_KEY')
10:24:44.811 [main] DEBUG org.hibernate.boot.model.internal.AnnotatedColumn - Binding column: AnnotatedJoinColumn(column='milestones_KEY')
10:24:44.811 [main] DEBUG org.hibernate.boot.model.internal.AnnotatedColumn - Binding column: AnnotatedJoinColumn()
10:24:44.811 [main] DEBUG org.hibernate.boot.model.internal.AnnotatedColumn - Binding column: AnnotatedJoinColumn()
10:24:44.811 [main] DEBUG org.hibernate.boot.model.internal.CollectionBinder - Collection role: org.frcpm.models.Project.milestones
10:24:44.811 [main] DEBUG org.hibernate.boot.model.internal.PropertyBinder - Building property milestones
10:24:44.811 [main] DEBUG org.hibernate.boot.model.internal.AnnotatedColumn - Binding column: AnnotatedColumn(column='name')
10:24:44.811 [main] DEBUG org.hibernate.boot.model.internal.PropertyBinder - MetadataSourceProcessor property name with lazy=false
10:24:44.811 [main] DEBUG org.hibernate.boot.model.internal.AbstractPropertyHolder - Attempting to locate auto-apply AttributeConverter for property [org.frcpm.models.Project:name]
10:24:44.811 [main] DEBUG org.hibernate.boot.model.internal.BasicValueBinder - building BasicValue for name
10:24:44.811 [main] DEBUG org.hibernate.mapping.BasicValue - Skipping column re-registration: projects.name
10:24:44.811 [main] DEBUG org.hibernate.boot.model.internal.PropertyBinder - Building property name
10:24:44.811 [main] DEBUG org.hibernate.boot.model.internal.AnnotatedColumn - Binding column: AnnotatedColumn(column='start_date')
10:24:44.811 [main] DEBUG org.hibernate.boot.model.internal.PropertyBinder - MetadataSourceProcessor property startDate with lazy=false
10:24:44.811 [main] DEBUG org.hibernate.boot.model.internal.AbstractPropertyHolder - Attempting to locate auto-apply AttributeConverter for property [org.frcpm.models.Project:startDate]
10:24:44.811 [main] DEBUG org.hibernate.boot.model.internal.BasicValueBinder - building BasicValue for startDate
10:24:44.811 [main] DEBUG org.hibernate.mapping.BasicValue - Skipping column re-registration: projects.start_date
10:24:44.811 [main] DEBUG org.hibernate.boot.model.internal.PropertyBinder - Building property startDate
10:24:44.811 [main] DEBUG org.hibernate.boot.model.internal.AnnotatedColumn - Binding column: AnnotatedJoinColumn()
10:24:44.811 [main] DEBUG org.hibernate.boot.model.internal.AnnotatedColumn - Binding column: AnnotatedColumn()
10:24:44.811 [main] DEBUG org.hibernate.boot.model.internal.AnnotatedColumn - Binding column: IndexColumn(column='tasks_ORDER')
10:24:44.811 [main] DEBUG org.hibernate.boot.model.internal.AnnotatedColumn - Binding column: AnnotatedColumn()
10:24:44.811 [main] DEBUG org.hibernate.boot.model.internal.AnnotatedColumn - Binding column: AnnotatedColumn(column='tasks_KEY')
10:24:44.811 [main] DEBUG org.hibernate.boot.model.internal.AnnotatedColumn - Binding column: AnnotatedJoinColumn(column='tasks_KEY')
10:24:44.811 [main] DEBUG org.hibernate.boot.model.internal.AnnotatedColumn - Binding column: AnnotatedJoinColumn()
10:24:44.811 [main] DEBUG org.hibernate.boot.model.internal.AnnotatedColumn - Binding column: AnnotatedJoinColumn()
10:24:44.811 [main] DEBUG org.hibernate.boot.model.internal.CollectionBinder - Collection role: org.frcpm.models.Project.tasks
10:24:44.811 [main] DEBUG org.hibernate.boot.model.internal.PropertyBinder - Building property tasks
10:24:44.811 [main] DEBUG org.hibernate.boot.registry.classloading.internal.ClassLoaderServiceImpl - HHH000194: Package not found or no package-info.java: org.frcpm.models
10:24:44.811 [main] DEBUG org.hibernate.boot.model.internal.EntityBinder - Binding entity from annotated class: org.frcpm.models.Subteam
10:24:44.811 [main] DEBUG org.hibernate.boot.model.internal.EntityBinder - Import with entity name Subteam
10:24:44.811 [main] DEBUG org.hibernate.boot.model.internal.EntityBinder - Bind entity org.frcpm.models.Subteam on table subteams
10:24:44.811 [main] DEBUG org.hibernate.boot.model.internal.AnnotatedColumn - Binding column: AnnotatedDiscriminatorColumn(column='DTYPE')
10:24:44.811 [main] DEBUG org.hibernate.boot.model.internal.AnnotatedColumn - Binding column: AnnotatedColumn()
10:24:44.811 [main] DEBUG org.hibernate.boot.internal.ClassLoaderAccessImpl - Not known whether passed class name [org.frcpm.models.Subteam] is safe
10:24:44.811 [main] DEBUG org.hibernate.boot.internal.ClassLoaderAccessImpl - No temp ClassLoader provided; using live ClassLoader for loading potentially unsafe class : org.frcpm.models.Subteam
10:24:44.811 [main] DEBUG org.hibernate.boot.model.internal.PropertyBinder - MetadataSourceProcessor property id with lazy=false
10:24:44.811 [main] DEBUG org.hibernate.boot.model.internal.AbstractPropertyHolder - Attempting to locate auto-apply AttributeConverter for property [org.frcpm.models.Subteam:id]
10:24:44.811 [main] DEBUG org.hibernate.boot.model.internal.BasicValueBinder - building BasicValue for id
10:24:44.811 [main] DEBUG org.hibernate.mapping.BasicValue - Skipping column re-registration: subteams.id
10:24:44.811 [main] DEBUG org.hibernate.boot.model.internal.PropertyBinder - Building property id
10:24:44.811 [main] DEBUG org.hibernate.boot.model.internal.BinderHelper - #makeIdGenerator(BasicValue([Column(id)]), id, identity, , ...)
10:24:44.811 [main] DEBUG org.hibernate.boot.model.internal.AnnotatedColumn - Binding column: AnnotatedColumn(column='color_code')
10:24:44.811 [main] DEBUG org.hibernate.boot.model.internal.PropertyBinder - MetadataSourceProcessor property colorCode with lazy=false
10:24:44.811 [main] DEBUG org.hibernate.boot.model.internal.AbstractPropertyHolder - Attempting to locate auto-apply AttributeConverter for property [org.frcpm.models.Subteam:colorCode]
10:24:44.811 [main] DEBUG org.hibernate.boot.model.internal.BasicValueBinder - building BasicValue for colorCode
10:24:44.811 [main] DEBUG org.hibernate.mapping.BasicValue - Skipping column re-registration: subteams.color_code
10:24:44.811 [main] DEBUG org.hibernate.boot.model.internal.PropertyBinder - Building property colorCode
10:24:44.811 [main] DEBUG org.hibernate.boot.model.internal.AnnotatedColumn - Binding column: AnnotatedJoinColumn()
10:24:44.811 [main] DEBUG org.hibernate.boot.model.internal.AnnotatedColumn - Binding column: AnnotatedColumn()
10:24:44.811 [main] DEBUG org.hibernate.boot.model.internal.AnnotatedColumn - Binding column: IndexColumn(column='members_ORDER')
10:24:44.811 [main] DEBUG org.hibernate.boot.model.internal.AnnotatedColumn - Binding column: AnnotatedColumn()
10:24:44.811 [main] DEBUG org.hibernate.boot.model.internal.AnnotatedColumn - Binding column: AnnotatedColumn(column='members_KEY')
10:24:44.811 [main] DEBUG org.hibernate.boot.model.internal.AnnotatedColumn - Binding column: AnnotatedJoinColumn(column='members_KEY')
10:24:44.811 [main] DEBUG org.hibernate.boot.model.internal.AnnotatedColumn - Binding column: AnnotatedJoinColumn()
10:24:44.811 [main] DEBUG org.hibernate.boot.model.internal.AnnotatedColumn - Binding column: AnnotatedJoinColumn()
10:24:44.811 [main] DEBUG org.hibernate.boot.model.internal.CollectionBinder - Collection role: org.frcpm.models.Subteam.members
10:24:44.811 [main] DEBUG org.hibernate.boot.model.internal.PropertyBinder - Building property members
10:24:44.811 [main] DEBUG org.hibernate.boot.model.internal.AnnotatedColumn - Binding column: AnnotatedColumn(column='name')
10:24:44.811 [main] DEBUG org.hibernate.boot.model.internal.PropertyBinder - MetadataSourceProcessor property name with lazy=false
10:24:44.811 [main] DEBUG org.hibernate.boot.model.internal.AbstractPropertyHolder - Attempting to locate auto-apply AttributeConverter for property [org.frcpm.models.Subteam:name]
10:24:44.811 [main] DEBUG org.hibernate.boot.model.internal.BasicValueBinder - building BasicValue for name
10:24:44.811 [main] DEBUG org.hibernate.mapping.BasicValue - Skipping column re-registration: subteams.name
10:24:44.811 [main] DEBUG org.hibernate.boot.model.internal.PropertyBinder - Building property name
10:24:44.811 [main] DEBUG org.hibernate.boot.model.internal.AnnotatedColumn - Binding column: AnnotatedColumn(column='specialties')
10:24:44.811 [main] DEBUG org.hibernate.boot.model.internal.PropertyBinder - MetadataSourceProcessor property specialties with lazy=false
10:24:44.811 [main] DEBUG org.hibernate.boot.model.internal.AbstractPropertyHolder - Attempting to locate auto-apply AttributeConverter for property [org.frcpm.models.Subteam:specialties]
10:24:44.811 [main] DEBUG org.hibernate.boot.model.internal.BasicValueBinder - building BasicValue for specialties
10:24:44.811 [main] DEBUG org.hibernate.mapping.BasicValue - Skipping column re-registration: subteams.specialties
10:24:44.811 [main] DEBUG org.hibernate.boot.model.internal.PropertyBinder - Building property specialties
10:24:44.811 [main] DEBUG org.hibernate.boot.model.internal.AnnotatedColumn - Binding column: AnnotatedJoinColumn()
10:24:44.811 [main] DEBUG org.hibernate.boot.model.internal.AnnotatedColumn - Binding column: AnnotatedColumn()
10:24:44.811 [main] DEBUG org.hibernate.boot.model.internal.AnnotatedColumn - Binding column: IndexColumn(column='subsystems_ORDER')
10:24:44.811 [main] DEBUG org.hibernate.boot.model.internal.AnnotatedColumn - Binding column: AnnotatedColumn()
10:24:44.811 [main] DEBUG org.hibernate.boot.model.internal.AnnotatedColumn - Binding column: AnnotatedColumn(column='subsystems_KEY')
10:24:44.811 [main] DEBUG org.hibernate.boot.model.internal.AnnotatedColumn - Binding column: AnnotatedJoinColumn(column='subsystems_KEY')
10:24:44.811 [main] DEBUG org.hibernate.boot.model.internal.AnnotatedColumn - Binding column: AnnotatedJoinColumn()
10:24:44.811 [main] DEBUG org.hibernate.boot.model.internal.AnnotatedColumn - Binding column: AnnotatedJoinColumn()
10:24:44.811 [main] DEBUG org.hibernate.boot.model.internal.CollectionBinder - Collection role: org.frcpm.models.Subteam.subsystems
10:24:44.811 [main] DEBUG org.hibernate.boot.model.internal.PropertyBinder - Building property subsystems
10:24:44.811 [main] DEBUG org.hibernate.boot.registry.classloading.internal.ClassLoaderServiceImpl - HHH000194: Package not found or no package-info.java: org.frcpm.models
10:24:44.811 [main] DEBUG org.hibernate.boot.model.internal.EntityBinder - Binding entity from annotated class: org.frcpm.models.Task
10:24:44.811 [main] DEBUG org.hibernate.boot.model.internal.EntityBinder - Import with entity name Task
10:24:44.811 [main] DEBUG org.hibernate.boot.model.internal.EntityBinder - Bind entity org.frcpm.models.Task on table tasks
10:24:44.811 [main] DEBUG org.hibernate.boot.model.internal.AnnotatedColumn - Binding column: AnnotatedDiscriminatorColumn(column='DTYPE')
10:24:44.812 [main] DEBUG org.hibernate.boot.model.internal.AnnotatedColumn - Binding column: AnnotatedColumn()
10:24:44.812 [main] DEBUG org.hibernate.boot.internal.ClassLoaderAccessImpl - Not known whether passed class name [org.frcpm.models.Task] is safe
10:24:44.812 [main] DEBUG org.hibernate.boot.internal.ClassLoaderAccessImpl - No temp ClassLoader provided; using live ClassLoader for loading potentially unsafe class : org.frcpm.models.Task
10:24:44.812 [main] DEBUG org.hibernate.boot.model.internal.PropertyBinder - MetadataSourceProcessor property id with lazy=false
10:24:44.812 [main] DEBUG org.hibernate.boot.model.internal.AbstractPropertyHolder - Attempting to locate auto-apply AttributeConverter for property [org.frcpm.models.Task:id]
10:24:44.812 [main] DEBUG org.hibernate.boot.model.internal.BasicValueBinder - building BasicValue for id
10:24:44.812 [main] DEBUG org.hibernate.mapping.BasicValue - Skipping column re-registration: tasks.id
10:24:44.812 [main] DEBUG org.hibernate.boot.model.internal.PropertyBinder - Building property id
10:24:44.812 [main] DEBUG org.hibernate.boot.model.internal.BinderHelper - #makeIdGenerator(BasicValue([Column(id)]), id, identity, , ...)
10:24:44.812 [main] DEBUG org.hibernate.boot.model.internal.AnnotatedColumn - Binding column: AnnotatedColumn(column='actual_duration_seconds')
10:24:44.812 [main] DEBUG org.hibernate.boot.model.internal.PropertyBinder - MetadataSourceProcessor property actualDurationSeconds with lazy=false
10:24:44.812 [main] DEBUG org.hibernate.boot.model.internal.AbstractPropertyHolder - Attempting to locate auto-apply AttributeConverter for property [org.frcpm.models.Task:actualDurationSeconds]
10:24:44.812 [main] DEBUG org.hibernate.boot.model.internal.BasicValueBinder - building BasicValue for actualDurationSeconds
10:24:44.812 [main] DEBUG org.hibernate.mapping.BasicValue - Skipping column re-registration: tasks.actual_duration_seconds
10:24:44.812 [main] DEBUG org.hibernate.boot.model.internal.PropertyBinder - Building property actualDurationSeconds
10:24:44.812 [main] DEBUG org.hibernate.boot.model.internal.AnnotatedColumn - Binding column: IndexColumn(column='assignedTo_ORDER')
10:24:44.812 [main] DEBUG org.hibernate.boot.model.internal.AnnotatedColumn - Binding column: AnnotatedColumn()
10:24:44.812 [main] DEBUG org.hibernate.boot.model.internal.AnnotatedColumn - Binding column: AnnotatedColumn(column='assignedTo_KEY')
10:24:44.812 [main] DEBUG org.hibernate.boot.model.internal.AnnotatedColumn - Binding column: AnnotatedJoinColumn(column='assignedTo_KEY')
10:24:44.812 [main] DEBUG org.hibernate.boot.model.internal.AnnotatedColumn - Binding column: AnnotatedJoinColumn(column='task_id')
10:24:44.812 [main] DEBUG org.hibernate.boot.model.internal.AnnotatedColumn - Binding column: AnnotatedJoinColumn(column='team_member_id')
10:24:44.812 [main] DEBUG org.hibernate.boot.model.internal.CollectionBinder - Collection role: org.frcpm.models.Task.assignedTo
10:24:44.812 [main] DEBUG org.hibernate.boot.model.internal.PropertyBinder - Building property assignedTo
10:24:44.812 [main] DEBUG org.hibernate.boot.model.internal.AnnotatedColumn - Binding column: AnnotatedColumn(column='completed')
10:24:44.812 [main] DEBUG org.hibernate.boot.model.internal.PropertyBinder - MetadataSourceProcessor property completed with lazy=false
10:24:44.812 [main] DEBUG org.hibernate.boot.model.internal.AbstractPropertyHolder - Attempting to locate auto-apply AttributeConverter for property [org.frcpm.models.Task:completed]
10:24:44.812 [main] DEBUG org.hibernate.boot.model.internal.BasicValueBinder - building BasicValue for completed
10:24:44.812 [main] DEBUG org.hibernate.mapping.BasicValue - Skipping column re-registration: tasks.completed
10:24:44.812 [main] DEBUG org.hibernate.boot.model.internal.PropertyBinder - Building property completed
10:24:44.812 [main] DEBUG org.hibernate.boot.model.internal.AnnotatedColumn - Binding column: AnnotatedColumn(column='description')
10:24:44.812 [main] DEBUG org.hibernate.boot.model.internal.PropertyBinder - MetadataSourceProcessor property description with lazy=false
10:24:44.812 [main] DEBUG org.hibernate.boot.model.internal.AbstractPropertyHolder - Attempting to locate auto-apply AttributeConverter for property [org.frcpm.models.Task:description]
10:24:44.812 [main] DEBUG org.hibernate.boot.model.internal.BasicValueBinder - building BasicValue for description
10:24:44.812 [main] DEBUG org.hibernate.mapping.BasicValue - Skipping column re-registration: tasks.description
10:24:44.812 [main] DEBUG org.hibernate.boot.model.internal.PropertyBinder - Building property description
10:24:44.812 [main] DEBUG org.hibernate.boot.model.internal.AnnotatedColumn - Binding column: AnnotatedColumn(column='end_date')
10:24:44.812 [main] DEBUG org.hibernate.boot.model.internal.PropertyBinder - MetadataSourceProcessor property endDate with lazy=false
10:24:44.812 [main] DEBUG org.hibernate.boot.model.internal.AbstractPropertyHolder - Attempting to locate auto-apply AttributeConverter for property [org.frcpm.models.Task:endDate]
10:24:44.812 [main] DEBUG org.hibernate.boot.model.internal.BasicValueBinder - building BasicValue for endDate
10:24:44.812 [main] DEBUG org.hibernate.mapping.BasicValue - Skipping column re-registration: tasks.end_date
10:24:44.812 [main] DEBUG org.hibernate.boot.model.internal.PropertyBinder - Building property endDate
10:24:44.812 [main] DEBUG org.hibernate.boot.model.internal.AnnotatedColumn - Binding column: AnnotatedColumn(column='estimated_duration_seconds')
10:24:44.812 [main] DEBUG org.hibernate.boot.model.internal.PropertyBinder - MetadataSourceProcessor property estimatedDurationSeconds with lazy=false
10:24:44.812 [main] DEBUG org.hibernate.boot.model.internal.AbstractPropertyHolder - Attempting to locate auto-apply AttributeConverter for property [org.frcpm.models.Task:estimatedDurationSeconds]
10:24:44.812 [main] DEBUG org.hibernate.boot.model.internal.BasicValueBinder - building BasicValue for estimatedDurationSeconds
10:24:44.812 [main] DEBUG org.hibernate.mapping.BasicValue - Skipping column re-registration: tasks.estimated_duration_seconds
10:24:44.812 [main] DEBUG org.hibernate.boot.model.internal.PropertyBinder - Building property estimatedDurationSeconds
10:24:44.812 [main] DEBUG org.hibernate.boot.model.internal.AnnotatedColumn - Binding column: IndexColumn(column='postDependencies_ORDER')
10:24:44.812 [main] DEBUG org.hibernate.boot.model.internal.AnnotatedColumn - Binding column: AnnotatedColumn()
10:24:44.812 [main] DEBUG org.hibernate.boot.model.internal.AnnotatedColumn - Binding column: AnnotatedColumn(column='postDependencies_KEY')
10:24:44.812 [main] DEBUG org.hibernate.boot.model.internal.AnnotatedColumn - Binding column: AnnotatedJoinColumn(column='postDependencies_KEY')
10:24:44.812 [main] DEBUG org.hibernate.boot.model.internal.AnnotatedColumn - Binding column: AnnotatedJoinColumn()
10:24:44.812 [main] DEBUG org.hibernate.boot.model.internal.AnnotatedColumn - Binding column: AnnotatedJoinColumn()
10:24:44.812 [main] DEBUG org.hibernate.boot.model.internal.CollectionBinder - Collection role: org.frcpm.models.Task.postDependencies
10:24:44.812 [main] DEBUG org.hibernate.boot.model.internal.PropertyBinder - Building property postDependencies
10:24:44.812 [main] DEBUG org.hibernate.boot.model.internal.AnnotatedColumn - Binding column: IndexColumn(column='preDependencies_ORDER')
10:24:44.812 [main] DEBUG org.hibernate.boot.model.internal.AnnotatedColumn - Binding column: AnnotatedColumn()
10:24:44.812 [main] DEBUG org.hibernate.boot.model.internal.AnnotatedColumn - Binding column: AnnotatedColumn(column='preDependencies_KEY')
10:24:44.812 [main] DEBUG org.hibernate.boot.model.internal.AnnotatedColumn - Binding column: AnnotatedJoinColumn(column='preDependencies_KEY')
10:24:44.812 [main] DEBUG org.hibernate.boot.model.internal.AnnotatedColumn - Binding column: AnnotatedJoinColumn(column='task_id')
10:24:44.812 [main] DEBUG org.hibernate.boot.model.internal.AnnotatedColumn - Binding column: AnnotatedJoinColumn(column='dependency_id')
10:24:44.812 [main] DEBUG org.hibernate.boot.model.internal.CollectionBinder - Collection role: org.frcpm.models.Task.preDependencies
10:24:44.812 [main] DEBUG org.hibernate.boot.model.internal.PropertyBinder - Building property preDependencies
10:24:44.812 [main] DEBUG org.hibernate.boot.model.internal.AnnotatedColumn - Binding column: AnnotatedColumn(column='priority')
10:24:44.812 [main] DEBUG org.hibernate.boot.model.internal.PropertyBinder - MetadataSourceProcessor property priority with lazy=false
10:24:44.812 [main] DEBUG org.hibernate.boot.model.internal.AbstractPropertyHolder - Attempting to locate auto-apply AttributeConverter for property [org.frcpm.models.Task:priority]
10:24:44.812 [main] DEBUG org.hibernate.boot.model.internal.BasicValueBinder - building BasicValue for priority
10:24:44.812 [main] DEBUG org.hibernate.mapping.BasicValue - Skipping column re-registration: tasks.priority
10:24:44.812 [main] DEBUG org.hibernate.boot.model.internal.PropertyBinder - Building property priority
10:24:44.812 [main] DEBUG org.hibernate.boot.model.internal.AnnotatedColumn - Binding column: AnnotatedColumn(column='progress')
10:24:44.812 [main] DEBUG org.hibernate.boot.model.internal.PropertyBinder - MetadataSourceProcessor property progress with lazy=false
10:24:44.812 [main] DEBUG org.hibernate.boot.model.internal.AbstractPropertyHolder - Attempting to locate auto-apply AttributeConverter for property [org.frcpm.models.Task:progress]
10:24:44.812 [main] DEBUG org.hibernate.boot.model.internal.BasicValueBinder - building BasicValue for progress
10:24:44.812 [main] DEBUG org.hibernate.mapping.BasicValue - Skipping column re-registration: tasks.progress
10:24:44.812 [main] DEBUG org.hibernate.boot.model.internal.PropertyBinder - Building property progress
10:24:44.812 [main] DEBUG org.hibernate.boot.model.internal.AnnotatedColumn - Binding column: AnnotatedJoinColumn(column='project_id')
10:24:44.812 [main] DEBUG org.hibernate.boot.model.internal.AnnotatedColumn - Binding column: AnnotatedColumn()
10:24:44.812 [main] DEBUG org.hibernate.boot.model.internal.PropertyBinder - Building property project
10:24:44.812 [main] DEBUG org.hibernate.boot.model.internal.AnnotatedColumn - Binding column: IndexColumn(column='requiredComponents_ORDER')
10:24:44.812 [main] DEBUG org.hibernate.boot.model.internal.AnnotatedColumn - Binding column: AnnotatedColumn()
10:24:44.812 [main] DEBUG org.hibernate.boot.model.internal.AnnotatedColumn - Binding column: AnnotatedColumn(column='requiredComponents_KEY')
10:24:44.812 [main] DEBUG org.hibernate.boot.model.internal.AnnotatedColumn - Binding column: AnnotatedJoinColumn(column='requiredComponents_KEY')
10:24:44.812 [main] DEBUG org.hibernate.boot.model.internal.AnnotatedColumn - Binding column: AnnotatedJoinColumn(column='task_id')
10:24:44.812 [main] DEBUG org.hibernate.boot.model.internal.AnnotatedColumn - Binding column: AnnotatedJoinColumn(column='component_id')
10:24:44.812 [main] DEBUG org.hibernate.boot.model.internal.CollectionBinder - Collection role: org.frcpm.models.Task.requiredComponents
10:24:44.812 [main] DEBUG org.hibernate.boot.model.internal.PropertyBinder - Building property requiredComponents
10:24:44.812 [main] DEBUG org.hibernate.boot.model.internal.AnnotatedColumn - Binding column: AnnotatedColumn(column='start_date')
10:24:44.812 [main] DEBUG org.hibernate.boot.model.internal.PropertyBinder - MetadataSourceProcessor property startDate with lazy=false
10:24:44.812 [main] DEBUG org.hibernate.boot.model.internal.AbstractPropertyHolder - Attempting to locate auto-apply AttributeConverter for property [org.frcpm.models.Task:startDate]
10:24:44.812 [main] DEBUG org.hibernate.boot.model.internal.BasicValueBinder - building BasicValue for startDate
10:24:44.812 [main] DEBUG org.hibernate.mapping.BasicValue - Skipping column re-registration: tasks.start_date
10:24:44.812 [main] DEBUG org.hibernate.boot.model.internal.PropertyBinder - Building property startDate
10:24:44.812 [main] DEBUG org.hibernate.boot.model.internal.AnnotatedColumn - Binding column: AnnotatedJoinColumn(column='subsystem_id')
10:24:44.812 [main] DEBUG org.hibernate.boot.model.internal.AnnotatedColumn - Binding column: AnnotatedColumn()
10:24:44.812 [main] DEBUG org.hibernate.boot.model.internal.PropertyBinder - Building property subsystem
10:24:44.812 [main] DEBUG org.hibernate.boot.model.internal.AnnotatedColumn - Binding column: AnnotatedColumn(column='title')
10:24:44.812 [main] DEBUG org.hibernate.boot.model.internal.PropertyBinder - MetadataSourceProcessor property title with lazy=false
10:24:44.812 [main] DEBUG org.hibernate.boot.model.internal.AbstractPropertyHolder - Attempting to locate auto-apply AttributeConverter for property [org.frcpm.models.Task:title]
10:24:44.812 [main] DEBUG org.hibernate.boot.model.internal.BasicValueBinder - building BasicValue for title
10:24:44.812 [main] DEBUG org.hibernate.mapping.BasicValue - Skipping column re-registration: tasks.title
10:24:44.812 [main] DEBUG org.hibernate.boot.model.internal.PropertyBinder - Building property title
10:24:44.812 [main] DEBUG org.hibernate.boot.registry.classloading.internal.ClassLoaderServiceImpl - HHH000194: Package not found or no package-info.java: org.frcpm.models
10:24:44.812 [main] DEBUG org.hibernate.boot.model.internal.EntityBinder - Binding entity from annotated class: org.frcpm.models.TeamMember
10:24:44.812 [main] DEBUG org.hibernate.boot.model.internal.EntityBinder - Import with entity name TeamMember
10:24:44.812 [main] DEBUG org.hibernate.boot.model.internal.EntityBinder - Bind entity org.frcpm.models.TeamMember on table team_members
10:24:44.812 [main] DEBUG org.hibernate.boot.model.internal.AnnotatedColumn - Binding column: AnnotatedDiscriminatorColumn(column='DTYPE')
10:24:44.812 [main] DEBUG org.hibernate.boot.model.internal.AnnotatedColumn - Binding column: AnnotatedColumn()
10:24:44.812 [main] DEBUG org.hibernate.boot.internal.ClassLoaderAccessImpl - Not known whether passed class name [org.frcpm.models.TeamMember] is safe
10:24:44.812 [main] DEBUG org.hibernate.boot.internal.ClassLoaderAccessImpl - No temp ClassLoader provided; using live ClassLoader for loading potentially unsafe class : org.frcpm.models.TeamMember
10:24:44.812 [main] DEBUG org.hibernate.boot.model.internal.PropertyBinder - MetadataSourceProcessor property id with lazy=false
10:24:44.812 [main] DEBUG org.hibernate.boot.model.internal.AbstractPropertyHolder - Attempting to locate auto-apply AttributeConverter for property [org.frcpm.models.TeamMember:id]
10:24:44.812 [main] DEBUG org.hibernate.boot.model.internal.BasicValueBinder - building BasicValue for id
10:24:44.812 [main] DEBUG org.hibernate.mapping.BasicValue - Skipping column re-registration: team_members.id
10:24:44.812 [main] DEBUG org.hibernate.boot.model.internal.PropertyBinder - Building property id
10:24:44.812 [main] DEBUG org.hibernate.boot.model.internal.BinderHelper - #makeIdGenerator(BasicValue([Column(id)]), id, identity, , ...)
10:24:44.812 [main] DEBUG org.hibernate.boot.model.internal.AnnotatedColumn - Binding column: IndexColumn(column='assignedTasks_ORDER')
10:24:44.812 [main] DEBUG org.hibernate.boot.model.internal.AnnotatedColumn - Binding column: AnnotatedColumn()
10:24:44.812 [main] DEBUG org.hibernate.boot.model.internal.AnnotatedColumn - Binding column: AnnotatedColumn(column='assignedTasks_KEY')
10:24:44.812 [main] DEBUG org.hibernate.boot.model.internal.AnnotatedColumn - Binding column: AnnotatedJoinColumn(column='assignedTasks_KEY')
10:24:44.812 [main] DEBUG org.hibernate.boot.model.internal.AnnotatedColumn - Binding column: AnnotatedJoinColumn()
10:24:44.812 [main] DEBUG org.hibernate.boot.model.internal.AnnotatedColumn - Binding column: AnnotatedJoinColumn()
10:24:44.812 [main] DEBUG org.hibernate.boot.model.internal.CollectionBinder - Collection role: org.frcpm.models.TeamMember.assignedTasks
10:24:44.812 [main] DEBUG org.hibernate.boot.model.internal.PropertyBinder - Building property assignedTasks
10:24:44.812 [main] DEBUG org.hibernate.boot.model.internal.AnnotatedColumn - Binding column: AnnotatedJoinColumn()
10:24:44.812 [main] DEBUG org.hibernate.boot.model.internal.AnnotatedColumn - Binding column: AnnotatedColumn()
10:24:44.812 [main] DEBUG org.hibernate.boot.model.internal.AnnotatedColumn - Binding column: IndexColumn(column='attendances_ORDER')
10:24:44.812 [main] DEBUG org.hibernate.boot.model.internal.AnnotatedColumn - Binding column: AnnotatedColumn()
10:24:44.812 [main] DEBUG org.hibernate.boot.model.internal.AnnotatedColumn - Binding column: AnnotatedColumn(column='attendances_KEY')
10:24:44.812 [main] DEBUG org.hibernate.boot.model.internal.AnnotatedColumn - Binding column: AnnotatedJoinColumn(column='attendances_KEY')
10:24:44.812 [main] DEBUG org.hibernate.boot.model.internal.AnnotatedColumn - Binding column: AnnotatedJoinColumn()
10:24:44.812 [main] DEBUG org.hibernate.boot.model.internal.AnnotatedColumn - Binding column: AnnotatedJoinColumn()
10:24:44.812 [main] DEBUG org.hibernate.boot.model.internal.CollectionBinder - Collection role: org.frcpm.models.TeamMember.attendances
10:24:44.812 [main] DEBUG org.hibernate.boot.model.internal.PropertyBinder - Building property attendances
10:24:44.812 [main] DEBUG org.hibernate.boot.model.internal.AnnotatedColumn - Binding column: AnnotatedColumn(column='email')
10:24:44.812 [main] DEBUG org.hibernate.boot.model.internal.PropertyBinder - MetadataSourceProcessor property email with lazy=false
10:24:44.812 [main] DEBUG org.hibernate.boot.model.internal.AbstractPropertyHolder - Attempting to locate auto-apply AttributeConverter for property [org.frcpm.models.TeamMember:email]
10:24:44.812 [main] DEBUG org.hibernate.boot.model.internal.BasicValueBinder - building BasicValue for email
10:24:44.812 [main] DEBUG org.hibernate.mapping.BasicValue - Skipping column re-registration: team_members.email
10:24:44.812 [main] DEBUG org.hibernate.boot.model.internal.PropertyBinder - Building property email
10:24:44.812 [main] DEBUG org.hibernate.boot.model.internal.AnnotatedColumn - Binding column: AnnotatedColumn(column='first_name')
10:24:44.812 [main] DEBUG org.hibernate.boot.model.internal.PropertyBinder - MetadataSourceProcessor property firstName with lazy=false
10:24:44.812 [main] DEBUG org.hibernate.boot.model.internal.AbstractPropertyHolder - Attempting to locate auto-apply AttributeConverter for property [org.frcpm.models.TeamMember:firstName]
10:24:44.812 [main] DEBUG org.hibernate.boot.model.internal.BasicValueBinder - building BasicValue for firstName
10:24:44.812 [main] DEBUG org.hibernate.mapping.BasicValue - Skipping column re-registration: team_members.first_name
10:24:44.812 [main] DEBUG org.hibernate.boot.model.internal.PropertyBinder - Building property firstName
10:24:44.812 [main] DEBUG org.hibernate.boot.model.internal.AnnotatedColumn - Binding column: AnnotatedColumn(column='last_name')
10:24:44.812 [main] DEBUG org.hibernate.boot.model.internal.PropertyBinder - MetadataSourceProcessor property lastName with lazy=false
10:24:44.812 [main] DEBUG org.hibernate.boot.model.internal.AbstractPropertyHolder - Attempting to locate auto-apply AttributeConverter for property [org.frcpm.models.TeamMember:lastName]
10:24:44.812 [main] DEBUG org.hibernate.boot.model.internal.BasicValueBinder - building BasicValue for lastName
10:24:44.812 [main] DEBUG org.hibernate.mapping.BasicValue - Skipping column re-registration: team_members.last_name
10:24:44.812 [main] DEBUG org.hibernate.boot.model.internal.PropertyBinder - Building property lastName
10:24:44.812 [main] DEBUG org.hibernate.boot.model.internal.AnnotatedColumn - Binding column: AnnotatedColumn(column='is_leader')
10:24:44.812 [main] DEBUG org.hibernate.boot.model.internal.PropertyBinder - MetadataSourceProcessor property leader with lazy=false
10:24:44.812 [main] DEBUG org.hibernate.boot.model.internal.AbstractPropertyHolder - Attempting to locate auto-apply AttributeConverter for property [org.frcpm.models.TeamMember:leader]
10:24:44.812 [main] DEBUG org.hibernate.boot.model.internal.BasicValueBinder - building BasicValue for leader
10:24:44.812 [main] DEBUG org.hibernate.mapping.BasicValue - Skipping column re-registration: team_members.is_leader
10:24:44.812 [main] DEBUG org.hibernate.boot.model.internal.PropertyBinder - Building property leader
10:24:44.812 [main] DEBUG org.hibernate.boot.model.internal.AnnotatedColumn - Binding column: AnnotatedColumn(column='phone')
10:24:44.812 [main] DEBUG org.hibernate.boot.model.internal.PropertyBinder - MetadataSourceProcessor property phone with lazy=false
10:24:44.812 [main] DEBUG org.hibernate.boot.model.internal.AbstractPropertyHolder - Attempting to locate auto-apply AttributeConverter for property [org.frcpm.models.TeamMember:phone]
10:24:44.812 [main] DEBUG org.hibernate.boot.model.internal.BasicValueBinder - building BasicValue for phone
10:24:44.812 [main] DEBUG org.hibernate.mapping.BasicValue - Skipping column re-registration: team_members.phone
10:24:44.812 [main] DEBUG org.hibernate.boot.model.internal.PropertyBinder - Building property phone
10:24:44.812 [main] DEBUG org.hibernate.boot.model.internal.AnnotatedColumn - Binding column: AnnotatedColumn(column='skills')
10:24:44.812 [main] DEBUG org.hibernate.boot.model.internal.PropertyBinder - MetadataSourceProcessor property skills with lazy=false
10:24:44.812 [main] DEBUG org.hibernate.boot.model.internal.AbstractPropertyHolder - Attempting to locate auto-apply AttributeConverter for property [org.frcpm.models.TeamMember:skills]
10:24:44.812 [main] DEBUG org.hibernate.boot.model.internal.BasicValueBinder - building BasicValue for skills
10:24:44.812 [main] DEBUG org.hibernate.mapping.BasicValue - Skipping column re-registration: team_members.skills
10:24:44.812 [main] DEBUG org.hibernate.boot.model.internal.PropertyBinder - Building property skills
10:24:44.812 [main] DEBUG org.hibernate.boot.model.internal.AnnotatedColumn - Binding column: AnnotatedJoinColumn(column='subteam_id')
10:24:44.812 [main] DEBUG org.hibernate.boot.model.internal.AnnotatedColumn - Binding column: AnnotatedColumn()
10:24:44.812 [main] DEBUG org.hibernate.boot.model.internal.PropertyBinder - Building property subteam
10:24:44.814 [main] DEBUG org.hibernate.boot.model.internal.AnnotatedColumn - Binding column: AnnotatedColumn(column='username')
10:24:44.814 [main] DEBUG org.hibernate.boot.model.internal.PropertyBinder - MetadataSourceProcessor property username with lazy=false
10:24:44.814 [main] DEBUG org.hibernate.boot.model.internal.AbstractPropertyHolder - Attempting to locate auto-apply AttributeConverter for property [org.frcpm.models.TeamMember:username]
10:24:44.814 [main] DEBUG org.hibernate.boot.model.internal.BasicValueBinder - building BasicValue for username
10:24:44.814 [main] DEBUG org.hibernate.mapping.BasicValue - Skipping column re-registration: team_members.username
10:24:44.814 [main] DEBUG org.hibernate.boot.model.internal.PropertyBinder - Building property username
10:24:44.814 [main] DEBUG org.hibernate.boot.registry.classloading.internal.ClassLoaderServiceImpl - HHH000194: Package not found or no package-info.java: org.frcpm.models
10:24:44.815 [main] DEBUG org.hibernate.boot.model.internal.BasicValueBinder - Starting `BasicValueBinder#fillSimpleValue` for id
10:24:44.815 [main] DEBUG org.hibernate.boot.model.internal.BasicValueBinder - Starting `BasicValueBinder#fillSimpleValue` for arrivalTime
10:24:44.815 [main] DEBUG org.hibernate.boot.model.internal.BasicValueBinder - Starting `BasicValueBinder#fillSimpleValue` for departureTime
10:24:44.815 [main] DEBUG org.hibernate.boot.model.internal.BasicValueBinder - Starting `BasicValueBinder#fillSimpleValue` for present
10:24:44.815 [main] DEBUG org.hibernate.boot.model.internal.BasicValueBinder - Starting `BasicValueBinder#fillSimpleValue` for id
10:24:44.815 [main] DEBUG org.hibernate.boot.model.internal.BasicValueBinder - Starting `BasicValueBinder#fillSimpleValue` for date
10:24:44.815 [main] DEBUG org.hibernate.boot.model.internal.BasicValueBinder - Starting `BasicValueBinder#fillSimpleValue` for endTime
10:24:44.815 [main] DEBUG org.hibernate.boot.model.internal.BasicValueBinder - Starting `BasicValueBinder#fillSimpleValue` for notes
10:24:44.815 [main] DEBUG org.hibernate.boot.model.internal.BasicValueBinder - Starting `BasicValueBinder#fillSimpleValue` for startTime
10:24:44.815 [main] DEBUG org.hibernate.boot.model.internal.BasicValueBinder - Starting `BasicValueBinder#fillSimpleValue` for id
10:24:44.815 [main] DEBUG org.hibernate.boot.model.internal.BasicValueBinder - Starting `BasicValueBinder#fillSimpleValue` for description
10:24:44.815 [main] DEBUG org.hibernate.boot.model.internal.BasicValueBinder - Starting `BasicValueBinder#fillSimpleValue` for name
10:24:44.815 [main] DEBUG org.hibernate.boot.model.internal.BasicValueBinder - Starting `BasicValueBinder#fillSimpleValue` for status
10:24:44.815 [main] DEBUG org.hibernate.boot.model.internal.BasicValueBinder - Starting `BasicValueBinder#fillSimpleValue` for id
10:24:44.815 [main] DEBUG org.hibernate.boot.model.internal.BasicValueBinder - Starting `BasicValueBinder#fillSimpleValue` for actualDelivery
10:24:44.815 [main] DEBUG org.hibernate.boot.model.internal.BasicValueBinder - Starting `BasicValueBinder#fillSimpleValue` for delivered
10:24:44.815 [main] DEBUG org.hibernate.boot.model.internal.BasicValueBinder - Starting `BasicValueBinder#fillSimpleValue` for description
10:24:44.815 [main] DEBUG org.hibernate.boot.model.internal.BasicValueBinder - Starting `BasicValueBinder#fillSimpleValue` for expectedDelivery
10:24:44.815 [main] DEBUG org.hibernate.boot.model.internal.BasicValueBinder - Starting `BasicValueBinder#fillSimpleValue` for name
10:24:44.815 [main] DEBUG org.hibernate.boot.model.internal.BasicValueBinder - Starting `BasicValueBinder#fillSimpleValue` for partNumber
10:24:44.815 [main] DEBUG org.hibernate.boot.model.internal.BasicValueBinder - Starting `BasicValueBinder#fillSimpleValue` for id
10:24:44.815 [main] DEBUG org.hibernate.boot.model.internal.BasicValueBinder - Starting `BasicValueBinder#fillSimpleValue` for date
10:24:44.815 [main] DEBUG org.hibernate.boot.model.internal.BasicValueBinder - Starting `BasicValueBinder#fillSimpleValue` for description
10:24:44.815 [main] DEBUG org.hibernate.boot.model.internal.BasicValueBinder - Starting `BasicValueBinder#fillSimpleValue` for name
10:24:44.815 [main] DEBUG org.hibernate.boot.model.internal.BasicValueBinder - Starting `BasicValueBinder#fillSimpleValue` for id
10:24:44.815 [main] DEBUG org.hibernate.boot.model.internal.BasicValueBinder - Starting `BasicValueBinder#fillSimpleValue` for description
10:24:44.815 [main] DEBUG org.hibernate.boot.model.internal.BasicValueBinder - Starting `BasicValueBinder#fillSimpleValue` for goalEndDate
10:24:44.815 [main] DEBUG org.hibernate.boot.model.internal.BasicValueBinder - Starting `BasicValueBinder#fillSimpleValue` for hardDeadline
10:24:44.815 [main] DEBUG org.hibernate.boot.model.internal.BasicValueBinder - Starting `BasicValueBinder#fillSimpleValue` for name
10:24:44.815 [main] DEBUG org.hibernate.boot.model.internal.BasicValueBinder - Starting `BasicValueBinder#fillSimpleValue` for startDate
10:24:44.815 [main] DEBUG org.hibernate.boot.model.internal.BasicValueBinder - Starting `BasicValueBinder#fillSimpleValue` for id
10:24:44.815 [main] DEBUG org.hibernate.boot.model.internal.BasicValueBinder - Starting `BasicValueBinder#fillSimpleValue` for colorCode
10:24:44.815 [main] DEBUG org.hibernate.boot.model.internal.BasicValueBinder - Starting `BasicValueBinder#fillSimpleValue` for name
10:24:44.815 [main] DEBUG org.hibernate.boot.model.internal.BasicValueBinder - Starting `BasicValueBinder#fillSimpleValue` for specialties
10:24:44.815 [main] DEBUG org.hibernate.boot.model.internal.BasicValueBinder - Starting `BasicValueBinder#fillSimpleValue` for id
10:24:44.815 [main] DEBUG org.hibernate.boot.model.internal.BasicValueBinder - Starting `BasicValueBinder#fillSimpleValue` for actualDurationSeconds
10:24:44.815 [main] DEBUG org.hibernate.boot.model.internal.BasicValueBinder - Starting `BasicValueBinder#fillSimpleValue` for completed
10:24:44.815 [main] DEBUG org.hibernate.boot.model.internal.BasicValueBinder - Starting `BasicValueBinder#fillSimpleValue` for description
10:24:44.815 [main] DEBUG org.hibernate.boot.model.internal.BasicValueBinder - Starting `BasicValueBinder#fillSimpleValue` for endDate
10:24:44.815 [main] DEBUG org.hibernate.boot.model.internal.BasicValueBinder - Starting `BasicValueBinder#fillSimpleValue` for estimatedDurationSeconds
10:24:44.815 [main] DEBUG org.hibernate.boot.model.internal.BasicValueBinder - Starting `BasicValueBinder#fillSimpleValue` for priority
10:24:44.815 [main] DEBUG org.hibernate.boot.model.internal.BasicValueBinder - Starting `BasicValueBinder#fillSimpleValue` for progress
10:24:44.815 [main] DEBUG org.hibernate.boot.model.internal.BasicValueBinder - Starting `BasicValueBinder#fillSimpleValue` for startDate
10:24:44.815 [main] DEBUG org.hibernate.boot.model.internal.BasicValueBinder - Starting `BasicValueBinder#fillSimpleValue` for title
10:24:44.815 [main] DEBUG org.hibernate.boot.model.internal.BasicValueBinder - Starting `BasicValueBinder#fillSimpleValue` for id
10:24:44.815 [main] DEBUG org.hibernate.boot.model.internal.BasicValueBinder - Starting `BasicValueBinder#fillSimpleValue` for email
10:24:44.815 [main] DEBUG org.hibernate.boot.model.internal.BasicValueBinder - Starting `BasicValueBinder#fillSimpleValue` for firstName
10:24:44.815 [main] DEBUG org.hibernate.boot.model.internal.BasicValueBinder - Starting `BasicValueBinder#fillSimpleValue` for lastName
10:24:44.815 [main] DEBUG org.hibernate.boot.model.internal.BasicValueBinder - Starting `BasicValueBinder#fillSimpleValue` for leader
10:24:44.815 [main] DEBUG org.hibernate.boot.model.internal.BasicValueBinder - Starting `BasicValueBinder#fillSimpleValue` for phone
10:24:44.815 [main] DEBUG org.hibernate.boot.model.internal.BasicValueBinder - Starting `BasicValueBinder#fillSimpleValue` for skills
10:24:44.815 [main] DEBUG org.hibernate.boot.model.internal.BasicValueBinder - Starting `BasicValueBinder#fillSimpleValue` for username
10:24:44.815 [main] DEBUG org.hibernate.mapping.PrimaryKey - Forcing column [id] to be non-null as it is part of the primary key for table [attendances]
10:24:44.815 [main] DEBUG org.hibernate.mapping.PrimaryKey - Forcing column [id] to be non-null as it is part of the primary key for table [meetings]
10:24:44.815 [main] DEBUG org.hibernate.mapping.PrimaryKey - Forcing column [id] to be non-null as it is part of the primary key for table [subsystems]
10:24:44.815 [main] DEBUG org.hibernate.mapping.PrimaryKey - Forcing column [id] to be non-null as it is part of the primary key for table [components]
10:24:44.815 [main] DEBUG org.hibernate.mapping.PrimaryKey - Forcing column [id] to be non-null as it is part of the primary key for table [milestones]
10:24:44.815 [main] DEBUG org.hibernate.mapping.PrimaryKey - Forcing column [id] to be non-null as it is part of the primary key for table [projects]
10:24:44.815 [main] DEBUG org.hibernate.mapping.PrimaryKey - Forcing column [id] to be non-null as it is part of the primary key for table [subteams]
10:24:44.815 [main] DEBUG org.hibernate.mapping.PrimaryKey - Forcing column [id] to be non-null as it is part of the primary key for table [tasks]
10:24:44.815 [main] DEBUG org.hibernate.mapping.PrimaryKey - Forcing column [id] to be non-null as it is part of the primary key for table [team_members]
10:24:44.815 [main] DEBUG org.hibernate.boot.model.internal.CollectionSecondPass - Second pass for collection: org.frcpm.models.Task.requiredComponents
10:24:44.815 [main] DEBUG org.hibernate.boot.model.internal.CollectionBinder - Binding a ManyToMany: org.frcpm.models.Task.requiredComponents
10:24:44.816 [main] DEBUG org.hibernate.boot.registry.classloading.internal.ClassLoaderServiceImpl - HHH000194: Package not found or no package-info.java: org.frcpm.models
10:24:44.816 [main] DEBUG org.hibernate.mapping.PrimaryKey - Forcing column [task_id] to be non-null as it is part of the primary key for table [task_components]
10:24:44.816 [main] DEBUG org.hibernate.mapping.PrimaryKey - Forcing column [component_id] to be non-null as it is part of the primary key for table [task_components]
10:24:44.816 [main] DEBUG org.hibernate.boot.model.internal.CollectionSecondPass - Mapped collection key: task_id, element: component_id
10:24:44.816 [main] DEBUG org.hibernate.boot.model.internal.CollectionSecondPass - Second pass for collection: org.frcpm.models.Task.preDependencies
10:24:44.816 [main] DEBUG org.hibernate.boot.model.internal.CollectionBinder - Binding a ManyToMany: org.frcpm.models.Task.preDependencies
10:24:44.816 [main] DEBUG org.hibernate.boot.registry.classloading.internal.ClassLoaderServiceImpl - HHH000194: Package not found or no package-info.java: org.frcpm.models
10:24:44.816 [main] DEBUG org.hibernate.mapping.PrimaryKey - Forcing column [task_id] to be non-null as it is part of the primary key for table [task_dependencies]
10:24:44.816 [main] DEBUG org.hibernate.mapping.PrimaryKey - Forcing column [dependency_id] to be non-null as it is part of the primary key for table [task_dependencies]
10:24:44.816 [main] DEBUG org.hibernate.boot.model.internal.CollectionSecondPass - Mapped collection key: task_id, element: dependency_id
10:24:44.816 [main] DEBUG org.hibernate.boot.model.internal.CollectionSecondPass - Second pass for collection: org.frcpm.models.Task.assignedTo
10:24:44.816 [main] DEBUG org.hibernate.boot.model.internal.CollectionBinder - Binding a ManyToMany: org.frcpm.models.Task.assignedTo
10:24:44.817 [main] DEBUG org.hibernate.boot.registry.classloading.internal.ClassLoaderServiceImpl - HHH000194: Package not found or no package-info.java: org.frcpm.models
10:24:44.817 [main] DEBUG org.hibernate.mapping.PrimaryKey - Forcing column [task_id] to be non-null as it is part of the primary key for table [task_assignments]
10:24:44.817 [main] DEBUG org.hibernate.mapping.PrimaryKey - Forcing column [team_member_id] to be non-null as it is part of the primary key for table [task_assignments]
10:24:44.817 [main] DEBUG org.hibernate.boot.model.internal.CollectionSecondPass - Mapped collection key: task_id, element: team_member_id
10:24:44.817 [main] DEBUG org.hibernate.boot.model.internal.CollectionSecondPass - Second pass for collection: org.frcpm.models.Meeting.attendances
10:24:44.817 [main] DEBUG org.hibernate.boot.model.internal.CollectionBinder - Binding a OneToMany: org.frcpm.models.Meeting.attendances through a foreign key
10:24:44.817 [main] DEBUG org.hibernate.boot.model.internal.CollectionBinder - Mapping collection: org.frcpm.models.Meeting.attendances -> attendances
10:24:44.817 [main] DEBUG org.hibernate.boot.model.internal.TableBinder - Retrieving property org.frcpm.models.Attendance.meeting
10:24:44.817 [main] DEBUG org.hibernate.boot.model.internal.CollectionSecondPass - Mapped collection key: meeting_id, one-to-many: org.frcpm.models.Attendance
10:24:44.817 [main] DEBUG org.hibernate.boot.model.internal.CollectionSecondPass - Second pass for collection: org.frcpm.models.Subsystem.tasks
10:24:44.817 [main] DEBUG org.hibernate.boot.model.internal.CollectionBinder - Binding a OneToMany: org.frcpm.models.Subsystem.tasks through a foreign key
10:24:44.817 [main] DEBUG org.hibernate.boot.model.internal.CollectionBinder - Mapping collection: org.frcpm.models.Subsystem.tasks -> tasks
10:24:44.817 [main] DEBUG org.hibernate.boot.model.internal.TableBinder - Retrieving property org.frcpm.models.Task.subsystem
10:24:44.817 [main] DEBUG org.hibernate.boot.model.internal.CollectionSecondPass - Mapped collection key: subsystem_id, one-to-many: org.frcpm.models.Task
10:24:44.817 [main] DEBUG org.hibernate.boot.model.internal.CollectionSecondPass - Second pass for collection: org.frcpm.models.Component.requiredForTasks
10:24:44.817 [main] DEBUG org.hibernate.boot.model.internal.CollectionBinder - Binding a ManyToMany: org.frcpm.models.Component.requiredForTasks
10:24:44.818 [main] DEBUG org.hibernate.boot.registry.classloading.internal.ClassLoaderServiceImpl - HHH000194: Package not found or no package-info.java: org.frcpm.models
10:24:44.818 [main] DEBUG org.hibernate.boot.model.internal.TableBinder - Retrieving property org.frcpm.models.Task.requiredComponents
10:24:44.818 [main] DEBUG org.hibernate.boot.model.internal.CollectionSecondPass - Mapped collection key: component_id, element: task_id
10:24:44.819 [main] DEBUG org.hibernate.boot.model.internal.CollectionSecondPass - Second pass for collection: org.frcpm.models.Project.meetings
10:24:44.819 [main] DEBUG org.hibernate.boot.model.internal.CollectionBinder - Binding a OneToMany: org.frcpm.models.Project.meetings through a foreign key
10:24:44.819 [main] DEBUG org.hibernate.boot.model.internal.CollectionBinder - Mapping collection: org.frcpm.models.Project.meetings -> meetings
10:24:44.819 [main] DEBUG org.hibernate.boot.model.internal.TableBinder - Retrieving property org.frcpm.models.Meeting.project
10:24:44.819 [main] DEBUG org.hibernate.boot.model.internal.CollectionSecondPass - Mapped collection key: project_id, one-to-many: org.frcpm.models.Meeting
10:24:44.819 [main] DEBUG org.hibernate.boot.model.internal.CollectionSecondPass - Second pass for collection: org.frcpm.models.Project.milestones
10:24:44.819 [main] DEBUG org.hibernate.boot.model.internal.CollectionBinder - Binding a OneToMany: org.frcpm.models.Project.milestones through a foreign key
10:24:44.819 [main] DEBUG org.hibernate.boot.model.internal.CollectionBinder - Mapping collection: org.frcpm.models.Project.milestones -> milestones
10:24:44.819 [main] DEBUG org.hibernate.boot.model.internal.TableBinder - Retrieving property org.frcpm.models.Milestone.project
10:24:44.819 [main] DEBUG org.hibernate.boot.model.internal.CollectionSecondPass - Mapped collection key: project_id, one-to-many: org.frcpm.models.Milestone
10:24:44.819 [main] DEBUG org.hibernate.boot.model.internal.CollectionSecondPass - Second pass for collection: org.frcpm.models.Project.tasks
10:24:44.819 [main] DEBUG org.hibernate.boot.model.internal.CollectionBinder - Binding a OneToMany: org.frcpm.models.Project.tasks through a foreign key
10:24:44.819 [main] DEBUG org.hibernate.boot.model.internal.CollectionBinder - Mapping collection: org.frcpm.models.Project.tasks -> tasks
10:24:44.819 [main] DEBUG org.hibernate.boot.model.internal.TableBinder - Retrieving property org.frcpm.models.Task.project
10:24:44.819 [main] DEBUG org.hibernate.boot.model.internal.CollectionSecondPass - Mapped collection key: project_id, one-to-many: org.frcpm.models.Task
10:24:44.819 [main] DEBUG org.hibernate.boot.model.internal.CollectionSecondPass - Second pass for collection: org.frcpm.models.Subteam.members
10:24:44.819 [main] DEBUG org.hibernate.boot.model.internal.CollectionBinder - Binding a OneToMany: org.frcpm.models.Subteam.members through a foreign key
10:24:44.819 [main] DEBUG org.hibernate.boot.model.internal.CollectionBinder - Mapping collection: org.frcpm.models.Subteam.members -> team_members
10:24:44.819 [main] DEBUG org.hibernate.boot.model.internal.TableBinder - Retrieving property org.frcpm.models.TeamMember.subteam
10:24:44.819 [main] DEBUG org.hibernate.boot.model.internal.CollectionSecondPass - Mapped collection key: subteam_id, one-to-many: org.frcpm.models.TeamMember
10:24:44.819 [main] DEBUG org.hibernate.boot.model.internal.CollectionSecondPass - Second pass for collection: org.frcpm.models.Subteam.subsystems
10:24:44.819 [main] DEBUG org.hibernate.boot.model.internal.CollectionBinder - Binding a OneToMany: org.frcpm.models.Subteam.subsystems through a foreign key
10:24:44.819 [main] DEBUG org.hibernate.boot.model.internal.CollectionBinder - Mapping collection: org.frcpm.models.Subteam.subsystems -> subsystems
10:24:44.819 [main] DEBUG org.hibernate.boot.model.internal.TableBinder - Retrieving property org.frcpm.models.Subsystem.responsibleSubteam
10:24:44.819 [main] DEBUG org.hibernate.boot.model.internal.CollectionSecondPass - Mapped collection key: responsible_subteam_id, one-to-many: org.frcpm.models.Subsystem
10:24:44.819 [main] DEBUG org.hibernate.boot.model.internal.CollectionSecondPass - Second pass for collection: org.frcpm.models.Task.postDependencies
10:24:44.819 [main] DEBUG org.hibernate.boot.model.internal.CollectionBinder - Binding a ManyToMany: org.frcpm.models.Task.postDependencies
10:24:44.820 [main] DEBUG org.hibernate.boot.registry.classloading.internal.ClassLoaderServiceImpl - HHH000194: Package not found or no package-info.java: org.frcpm.models
10:24:44.820 [main] DEBUG org.hibernate.boot.model.internal.TableBinder - Retrieving property org.frcpm.models.Task.preDependencies
10:24:44.820 [main] DEBUG org.hibernate.boot.model.internal.CollectionSecondPass - Mapped collection key: dependency_id, element: task_id
10:24:44.820 [main] DEBUG org.hibernate.boot.model.internal.CollectionSecondPass - Second pass for collection: org.frcpm.models.TeamMember.assignedTasks
10:24:44.820 [main] DEBUG org.hibernate.boot.model.internal.CollectionBinder - Binding a ManyToMany: org.frcpm.models.TeamMember.assignedTasks
10:24:44.821 [main] DEBUG org.hibernate.boot.registry.classloading.internal.ClassLoaderServiceImpl - HHH000194: Package not found or no package-info.java: org.frcpm.models
10:24:44.821 [main] DEBUG org.hibernate.boot.model.internal.TableBinder - Retrieving property org.frcpm.models.Task.assignedTo
10:24:44.821 [main] DEBUG org.hibernate.boot.model.internal.CollectionSecondPass - Mapped collection key: team_member_id, element: task_id
10:24:44.821 [main] DEBUG org.hibernate.boot.model.internal.CollectionSecondPass - Second pass for collection: org.frcpm.models.TeamMember.attendances
10:24:44.821 [main] DEBUG org.hibernate.boot.model.internal.CollectionBinder - Binding a OneToMany: org.frcpm.models.TeamMember.attendances through a foreign key
10:24:44.821 [main] DEBUG org.hibernate.boot.model.internal.CollectionBinder - Mapping collection: org.frcpm.models.TeamMember.attendances -> attendances
10:24:44.821 [main] DEBUG org.hibernate.boot.model.internal.TableBinder - Retrieving property org.frcpm.models.Attendance.member
10:24:44.821 [main] DEBUG org.hibernate.boot.model.internal.CollectionSecondPass - Mapped collection key: member_id, one-to-many: org.frcpm.models.Attendance
10:24:44.827 [main] DEBUG org.hibernate.internal.SessionFactoryImpl - Building session factory
10:24:44.828 [main] DEBUG org.hibernate.service.internal.SessionFactoryServiceRegistryImpl - EventListenerRegistry access via ServiceRegistry is deprecated.  Use `sessionFactory.getEventEngine().getListenerRegistry()` instead
10:24:44.828 [main] DEBUG org.hibernate.internal.SessionFactoryImpl - Instantiating SessionFactory with settings: {hibernate.format_sql=false, java.specification.version=21, sun.cpu.isalist=amd64, hibernate.connection.handling_mode=DELAYED_ACQUISITION_AND_RELEASE_AFTER_STATEMENT, sun.jnu.encoding=Cp1252, hibernate.dialect=org.hibernate.dialect.H2Dialect, java.class.path=C:\Users\dhiebert\Local Repositories\Project Management 2.0\target\test-classes;C:\Users\dhiebert\Local Repositories\Project Management 2.0\target\classes;C:\Users\dhiebert\.m2\repository\org\openjfx\javafx-controls\21.0.2\javafx-controls-21.0.2.jar;C:\Users\dhiebert\.m2\repository\org\openjfx\javafx-controls\21.0.2\javafx-controls-21.0.2-win.jar;C:\Users\dhiebert\.m2\repository\org\openjfx\javafx-fxml\21.0.2\javafx-fxml-21.0.2.jar;C:\Users\dhiebert\.m2\repository\org\openjfx\javafx-fxml\21.0.2\javafx-fxml-21.0.2-win.jar;C:\Users\dhiebert\.m2\repository\org\openjfx\javafx-graphics\21.0.2\javafx-graphics-21.0.2.jar;C:\Users\dhiebert\.m2\repository\org\openjfx\javafx-graphics\21.0.2\javafx-graphics-21.0.2-win.jar;C:\Users\dhiebert\.m2\repository\org\openjfx\javafx-base\21.0.2\javafx-base-21.0.2.jar;C:\Users\dhiebert\.m2\repository\org\openjfx\javafx-base\21.0.2\javafx-base-21.0.2-win.jar;C:\Users\dhiebert\.m2\repository\com\h2database\h2\2.2.224\h2-2.2.224.jar;C:\Users\dhiebert\.m2\repository\com\zaxxer\HikariCP\5.1.0\HikariCP-5.1.0.jar;C:\Users\dhiebert\.m2\repository\org\slf4j\slf4j-api\1.7.36\slf4j-api-1.7.36.jar;C:\Users\dhiebert\.m2\repository\org\hibernate\orm\hibernate-core\6.5.0.Final\hibernate-core-6.5.0.Final.jar;C:\Users\dhiebert\.m2\repository\jakarta\persistence\jakarta.persistence-api\3.1.0\jakarta.persistence-api-3.1.0.jar;C:\Users\dhiebert\.m2\repository\jakarta\transaction\jakarta.transaction-api\2.0.1\jakarta.transaction-api-2.0.1.jar;C:\Users\dhiebert\.m2\repository\org\jboss\logging\jboss-logging\3.5.0.Final\jboss-logging-3.5.0.Final.jar;C:\Users\dhiebert\.m2\repository\org\hibernate\common\hibernate-commons-annotations\6.0.6.Final\hibernate-commons-annotations-6.0.6.Final.jar;C:\Users\dhiebert\.m2\repository\io\smallrye\jandex\3.1.2\jandex-3.1.2.jar;C:\Users\dhiebert\.m2\repository\com\fasterxml\classmate\1.5.1\classmate-1.5.1.jar;C:\Users\dhiebert\.m2\repository\net\bytebuddy\byte-buddy\1.14.12\byte-buddy-1.14.12.jar;C:\Users\dhiebert\.m2\repository\jakarta\xml\bind\jakarta.xml.bind-api\4.0.0\jakarta.xml.bind-api-4.0.0.jar;C:\Users\dhiebert\.m2\repository\jakarta\activation\jakarta.activation-api\2.1.0\jakarta.activation-api-2.1.0.jar;C:\Users\dhiebert\.m2\repository\org\glassfish\jaxb\jaxb-runtime\4.0.2\jaxb-runtime-4.0.2.jar;C:\Users\dhiebert\.m2\repository\org\glassfish\jaxb\jaxb-core\4.0.2\jaxb-core-4.0.2.jar;C:\Users\dhiebert\.m2\repository\org\eclipse\angus\angus-activation\2.0.0\angus-activation-2.0.0.jar;C:\Users\dhiebert\.m2\repository\org\glassfish\jaxb\txw2\4.0.2\txw2-4.0.2.jar;C:\Users\dhiebert\.m2\repository\com\sun\istack\istack-commons-runtime\4.1.1\istack-commons-runtime-4.1.1.jar;C:\Users\dhiebert\.m2\repository\jakarta\inject\jakarta.inject-api\2.0.1\jakarta.inject-api-2.0.1.jar;C:\Users\dhiebert\.m2\repository\org\antlr\antlr4-runtime\4.13.0\antlr4-runtime-4.13.0.jar;C:\Users\dhiebert\.m2\repository\org\hibernate\validator\hibernate-validator\8.0.1.Final\hibernate-validator-8.0.1.Final.jar;C:\Users\dhiebert\.m2\repository\jakarta\validation\jakarta.validation-api\3.0.2\jakarta.validation-api-3.0.2.jar;C:\Users\dhiebert\.m2\repository\org\junit\jupiter\junit-jupiter-api\5.10.2\junit-jupiter-api-5.10.2.jar;C:\Users\dhiebert\.m2\repository\org\opentest4j\opentest4j\1.3.0\opentest4j-1.3.0.jar;C:\Users\dhiebert\.m2\repository\org\junit\platform\junit-platform-commons\1.10.2\junit-platform-commons-1.10.2.jar;C:\Users\dhiebert\.m2\repository\org\apiguardian\apiguardian-api\1.1.2\apiguardian-api-1.1.2.jar;C:\Users\dhiebert\.m2\repository\org\junit\jupiter\junit-jupiter-engine\5.10.2\junit-jupiter-engine-5.10.2.jar;C:\Users\dhiebert\.m2\repository\org\junit\platform\junit-platform-engine\1.10.2\junit-platform-engine-1.10.2.jar;C:\Users\dhiebert\.m2\repository\org\mockito\mockito-junit-jupiter\5.10.0\mockito-junit-jupiter-5.10.0.jar;C:\Users\dhiebert\.m2\repository\org\mockito\mockito-core\5.10.0\mockito-core-5.10.0.jar;C:\Users\dhiebert\.m2\repository\net\bytebuddy\byte-buddy-agent\1.14.11\byte-buddy-agent-1.14.11.jar;C:\Users\dhiebert\.m2\repository\org\objenesis\objenesis\3.3\objenesis-3.3.jar;C:\Users\dhiebert\.m2\repository\org\hibernate\orm\hibernate-hikaricp\6.5.0.Final\hibernate-hikaricp-6.5.0.Final.jar;C:\Users\dhiebert\.m2\repository\ch\qos\logback\logback-classic\1.2.11\logback-classic-1.2.11.jar;C:\Users\dhiebert\.m2\repository\ch\qos\logback\logback-core\1.2.11\logback-core-1.2.11.jar;C:\Users\dhiebert\.m2\repository\org\testfx\testfx-core\4.0.18\testfx-core-4.0.18.jar;C:\Users\dhiebert\.m2\repository\org\hamcrest\hamcrest\2.1\hamcrest-2.1.jar;C:\Users\dhiebert\.m2\repository\org\assertj\assertj-core\3.13.2\assertj-core-3.13.2.jar;C:\Users\dhiebert\.m2\repository\org\osgi\org.osgi.core\6.0.0\org.osgi.core-6.0.0.jar;C:\Users\dhiebert\.m2\repository\org\testfx\testfx-junit5\4.0.18\testfx-junit5-4.0.18.jar;C:\Users\dhiebert\.m2\repository\org\openjfx\javafx-web\17.0.2\javafx-web-17.0.2.jar;C:\Users\dhiebert\.m2\repository\org\openjfx\javafx-web\17.0.2\javafx-web-17.0.2-win.jar;C:\Users\dhiebert\.m2\repository\org\openjfx\javafx-media\17.0.2\javafx-media-17.0.2.jar;C:\Users\dhiebert\.m2\repository\org\openjfx\javafx-media\17.0.2\javafx-media-17.0.2-win.jar;C:\Users\dhiebert\.m2\repository\org\apache\pdfbox\pdfbox\2.0.27\pdfbox-2.0.27.jar;C:\Users\dhiebert\.m2\repository\org\apache\pdfbox\fontbox\2.0.27\fontbox-2.0.27.jar;C:\Users\dhiebert\.m2\repository\commons-logging\commons-logging\1.2\commons-logging-1.2.jar;C:\Users\dhiebert\.m2\repository\com\fasterxml\jackson\core\jackson-databind\2.15.0\jackson-databind-2.15.0.jar;C:\Users\dhiebert\.m2\repository\com\fasterxml\jackson\core\jackson-annotations\2.15.0\jackson-annotations-2.15.0.jar;C:\Users\dhiebert\.m2\repository\com\fasterxml\jackson\core\jackson-core\2.15.0\jackson-core-2.15.0.jar;C:\Users\dhiebert\.m2\repository\org\apache\xmlgraphics\batik-all\1.16\batik-all-1.16.jar;C:\Users\dhiebert\.m2\repository\xml-apis\xml-apis\1.4.01\xml-apis-1.4.01.jar;C:\Users\dhiebert\.m2\repository\xml-apis\xml-apis-ext\1.3.04\xml-apis-ext-1.3.04.jar;C:\Users\dhiebert\.m2\repository\org\apache\xmlgraphics\xmlgraphics-commons\2.7\xmlgraphics-commons-2.7.jar;C:\Users\dhiebert\.m2\repository\commons-io\commons-io\1.3.1\commons-io-1.3.1.jar;C:\Users\dhiebert\.m2\repository\org\jgrapht\jgrapht-core\1.5.2\jgrapht-core-1.5.2.jar;C:\Users\dhiebert\.m2\repository\org\jheaps\jheaps\0.14\jheaps-0.14.jar;C:\Users\dhiebert\.m2\repository\org\apfloat\apfloat\1.10.1\apfloat-1.10.1.jar;, java.vm.vendor=Eclipse Adoptium, sun.arch.data.model=64, hibernate.order_inserts=true, user.variant=, java.vendor.url=https://adoptium.net/, user.timezone=America/Chicago, javax.persistence.jdbc.user=****, javax.persistence.jdbc.url=jdbc:h2:file:C:\Users\dhiebert\.frcpm\frcpm, java.vm.specification.version=21, os.name=Windows 11, hibernate.generate_statistics=false, hibernate.hikari.connectionTimeout=10000, hibernate.order_updates=true, hibernate.jdbc.batch_versioned_data=true, jakarta.persistence.jdbc.password=****, hibernate.jdbc.batch_size=30, sun.java.launcher=SUN_STANDARD, user.country=US, local.setting.IS_JTA_TXN_COORD=false, sun.boot.library.path=C:\Program Files\Eclipse Adoptium\jdk-21.0.6.7-hotspot\bin, sun.java.command=C:\Users\dhiebert\AppData\Local\Temp\surefire9513985487531586668\surefirebooter-20250425102356946_3.jar C:\Users\dhiebert\AppData\Local\Temp\surefire9513985487531586668 2025-04-25T10-23-56_800-jvmRun1 surefire-20250425102356946_1tmp surefire_0-20250425102356946_2tmp, hibernate.use_sql_comments=false, hibernate.connection.provider_class=org.hibernate.hikaricp.internal.HikariCPConnectionProvider, jdk.debug=release, surefire.test.class.path=C:\Users\dhiebert\Local Repositories\Project Management 2.0\target\test-classes;C:\Users\dhiebert\Local Repositories\Project Management 2.0\target\classes;C:\Users\dhiebert\.m2\repository\org\openjfx\javafx-controls\21.0.2\javafx-controls-21.0.2.jar;C:\Users\dhiebert\.m2\repository\org\openjfx\javafx-controls\21.0.2\javafx-controls-21.0.2-win.jar;C:\Users\dhiebert\.m2\repository\org\openjfx\javafx-fxml\21.0.2\javafx-fxml-21.0.2.jar;C:\Users\dhiebert\.m2\repository\org\openjfx\javafx-fxml\21.0.2\javafx-fxml-21.0.2-win.jar;C:\Users\dhiebert\.m2\repository\org\openjfx\javafx-graphics\21.0.2\javafx-graphics-21.0.2.jar;C:\Users\dhiebert\.m2\repository\org\openjfx\javafx-graphics\21.0.2\javafx-graphics-21.0.2-win.jar;C:\Users\dhiebert\.m2\repository\org\openjfx\javafx-base\21.0.2\javafx-base-21.0.2.jar;C:\Users\dhiebert\.m2\repository\org\openjfx\javafx-base\21.0.2\javafx-base-21.0.2-win.jar;C:\Users\dhiebert\.m2\repository\com\h2database\h2\2.2.224\h2-2.2.224.jar;C:\Users\dhiebert\.m2\repository\com\zaxxer\HikariCP\5.1.0\HikariCP-5.1.0.jar;C:\Users\dhiebert\.m2\repository\org\slf4j\slf4j-api\1.7.36\slf4j-api-1.7.36.jar;C:\Users\dhiebert\.m2\repository\org\hibernate\orm\hibernate-core\6.5.0.Final\hibernate-core-6.5.0.Final.jar;C:\Users\dhiebert\.m2\repository\jakarta\persistence\jakarta.persistence-api\3.1.0\jakarta.persistence-api-3.1.0.jar;C:\Users\dhiebert\.m2\repository\jakarta\transaction\jakarta.transaction-api\2.0.1\jakarta.transaction-api-2.0.1.jar;C:\Users\dhiebert\.m2\repository\org\jboss\logging\jboss-logging\3.5.0.Final\jboss-logging-3.5.0.Final.jar;C:\Users\dhiebert\.m2\repository\org\hibernate\common\hibernate-commons-annotations\6.0.6.Final\hibernate-commons-annotations-6.0.6.Final.jar;C:\Users\dhiebert\.m2\repository\io\smallrye\jandex\3.1.2\jandex-3.1.2.jar;C:\Users\dhiebert\.m2\repository\com\fasterxml\classmate\1.5.1\classmate-1.5.1.jar;C:\Users\dhiebert\.m2\repository\net\bytebuddy\byte-buddy\1.14.12\byte-buddy-1.14.12.jar;C:\Users\dhiebert\.m2\repository\jakarta\xml\bind\jakarta.xml.bind-api\4.0.0\jakarta.xml.bind-api-4.0.0.jar;C:\Users\dhiebert\.m2\repository\jakarta\activation\jakarta.activation-api\2.1.0\jakarta.activation-api-2.1.0.jar;C:\Users\dhiebert\.m2\repository\org\glassfish\jaxb\jaxb-runtime\4.0.2\jaxb-runtime-4.0.2.jar;C:\Users\dhiebert\.m2\repository\org\glassfish\jaxb\jaxb-core\4.0.2\jaxb-core-4.0.2.jar;C:\Users\dhiebert\.m2\repository\org\eclipse\angus\angus-activation\2.0.0\angus-activation-2.0.0.jar;C:\Users\dhiebert\.m2\repository\org\glassfish\jaxb\txw2\4.0.2\txw2-4.0.2.jar;C:\Users\dhiebert\.m2\repository\com\sun\istack\istack-commons-runtime\4.1.1\istack-commons-runtime-4.1.1.jar;C:\Users\dhiebert\.m2\repository\jakarta\inject\jakarta.inject-api\2.0.1\jakarta.inject-api-2.0.1.jar;C:\Users\dhiebert\.m2\repository\org\antlr\antlr4-runtime\4.13.0\antlr4-runtime-4.13.0.jar;C:\Users\dhiebert\.m2\repository\org\hibernate\validator\hibernate-validator\8.0.1.Final\hibernate-validator-8.0.1.Final.jar;C:\Users\dhiebert\.m2\repository\jakarta\validation\jakarta.validation-api\3.0.2\jakarta.validation-api-3.0.2.jar;C:\Users\dhiebert\.m2\repository\org\junit\jupiter\junit-jupiter-api\5.10.2\junit-jupiter-api-5.10.2.jar;C:\Users\dhiebert\.m2\repository\org\opentest4j\opentest4j\1.3.0\opentest4j-1.3.0.jar;C:\Users\dhiebert\.m2\repository\org\junit\platform\junit-platform-commons\1.10.2\junit-platform-commons-1.10.2.jar;C:\Users\dhiebert\.m2\repository\org\apiguardian\apiguardian-api\1.1.2\apiguardian-api-1.1.2.jar;C:\Users\dhiebert\.m2\repository\org\junit\jupiter\junit-jupiter-engine\5.10.2\junit-jupiter-engine-5.10.2.jar;C:\Users\dhiebert\.m2\repository\org\junit\platform\junit-platform-engine\1.10.2\junit-platform-engine-1.10.2.jar;C:\Users\dhiebert\.m2\repository\org\mockito\mockito-junit-jupiter\5.10.0\mockito-junit-jupiter-5.10.0.jar;C:\Users\dhiebert\.m2\repository\org\mockito\mockito-core\5.10.0\mockito-core-5.10.0.jar;C:\Users\dhiebert\.m2\repository\net\bytebuddy\byte-buddy-agent\1.14.11\byte-buddy-agent-1.14.11.jar;C:\Users\dhiebert\.m2\repository\org\objenesis\objenesis\3.3\objenesis-3.3.jar;C:\Users\dhiebert\.m2\repository\org\hibernate\orm\hibernate-hikaricp\6.5.0.Final\hibernate-hikaricp-6.5.0.Final.jar;C:\Users\dhiebert\.m2\repository\ch\qos\logback\logback-classic\1.2.11\logback-classic-1.2.11.jar;C:\Users\dhiebert\.m2\repository\ch\qos\logback\logback-core\1.2.11\logback-core-1.2.11.jar;C:\Users\dhiebert\.m2\repository\org\testfx\testfx-core\4.0.18\testfx-core-4.0.18.jar;C:\Users\dhiebert\.m2\repository\org\hamcrest\hamcrest\2.1\hamcrest-2.1.jar;C:\Users\dhiebert\.m2\repository\org\assertj\assertj-core\3.13.2\assertj-core-3.13.2.jar;C:\Users\dhiebert\.m2\repository\org\osgi\org.osgi.core\6.0.0\org.osgi.core-6.0.0.jar;C:\Users\dhiebert\.m2\repository\org\testfx\testfx-junit5\4.0.18\testfx-junit5-4.0.18.jar;C:\Users\dhiebert\.m2\repository\org\openjfx\javafx-web\17.0.2\javafx-web-17.0.2.jar;C:\Users\dhiebert\.m2\repository\org\openjfx\javafx-web\17.0.2\javafx-web-17.0.2-win.jar;C:\Users\dhiebert\.m2\repository\org\openjfx\javafx-media\17.0.2\javafx-media-17.0.2.jar;C:\Users\dhiebert\.m2\repository\org\openjfx\javafx-media\17.0.2\javafx-media-17.0.2-win.jar;C:\Users\dhiebert\.m2\repository\org\apache\pdfbox\pdfbox\2.0.27\pdfbox-2.0.27.jar;C:\Users\dhiebert\.m2\repository\org\apache\pdfbox\fontbox\2.0.27\fontbox-2.0.27.jar;C:\Users\dhiebert\.m2\repository\commons-logging\commons-logging\1.2\commons-logging-1.2.jar;C:\Users\dhiebert\.m2\repository\com\fasterxml\jackson\core\jackson-databind\2.15.0\jackson-databind-2.15.0.jar;C:\Users\dhiebert\.m2\repository\com\fasterxml\jackson\core\jackson-annotations\2.15.0\jackson-annotations-2.15.0.jar;C:\Users\dhiebert\.m2\repository\com\fasterxml\jackson\core\jackson-core\2.15.0\jackson-core-2.15.0.jar;C:\Users\dhiebert\.m2\repository\org\apache\xmlgraphics\batik-all\1.16\batik-all-1.16.jar;C:\Users\dhiebert\.m2\repository\xml-apis\xml-apis\1.4.01\xml-apis-1.4.01.jar;C:\Users\dhiebert\.m2\repository\xml-apis\xml-apis-ext\1.3.04\xml-apis-ext-1.3.04.jar;C:\Users\dhiebert\.m2\repository\org\apache\xmlgraphics\xmlgraphics-commons\2.7\xmlgraphics-commons-2.7.jar;C:\Users\dhiebert\.m2\repository\commons-io\commons-io\1.3.1\commons-io-1.3.1.jar;C:\Users\dhiebert\.m2\repository\org\jgrapht\jgrapht-core\1.5.2\jgrapht-core-1.5.2.jar;C:\Users\dhiebert\.m2\repository\org\jheaps\jheaps\0.14\jheaps-0.14.jar;C:\Users\dhiebert\.m2\repository\org\apfloat\apfloat\1.10.1\apfloat-1.10.1.jar;, jakarta.persistence.jdbc.driver=org.h2.Driver, sun.cpu.endian=little, user.home=C:\Users\dhiebert, user.language=en, java.specification.vendor=Oracle Corporation, java.version.date=2025-01-21, java.home=C:\Program Files\Eclipse Adoptium\jdk-21.0.6.7-hotspot, file.separator=\, basedir=C:\Users\dhiebert\Local Repositories\Project Management 2.0, java.vm.compressedOopsMode=Zero based, jakarta.persistence.jdbc.user=****, line.separator=
, hibernate.persistenceUnitName=frcpm, java.vm.specification.vendor=Oracle Corporation, java.specification.name=Java Platform API Specification, hibernate.transaction.coordinator_class=class org.hibernate.resource.transaction.backend.jdbc.internal.JdbcResourceLocalTransactionCoordinatorBuilderImpl, javax.persistence.jdbc.driver=org.h2.Driver, hibernate.hikari.maximumPoolSize=10, surefire.real.class.path=C:\Users\dhiebert\AppData\Local\Temp\surefire9513985487531586668\surefirebooter-20250425102356946_3.jar, hibernate.hbm2ddl.auto=update, user.script=, sun.management.compiler=HotSpot 64-Bit Tiered Compilers, java.runtime.version=21.0.6+7-LTS, user.name=dhiebert, hibernate.cache.use_query_cache=false, stdout.encoding=Cp1252, path.separator=;, hibernate.connection.username=****, os.version=10.0, java.runtime.name=OpenJDK Runtime Environment, hibernate.connection.url=jdbc:h2:file:C:\Users\dhiebert\.frcpm\frcpm, file.encoding=UTF-8, hibernate.hikari.minimumIdle=2, hibernate.hikari.idleTimeout=30000, java.vm.name=OpenJDK 64-Bit Server VM, hibernate.show_sql=false, java.vendor.version=Temurin-21.0.6+7, hibernate.hikari.poolName=FRC-PM-HikariCP, hibernate.current_session_context_class=thread, localRepository=C:\Users\dhiebert\.m2\repository, hibernate.connection.driver_class=org.h2.Driver, java.vendor.url.bug=https://github.com/adoptium/adoptium-support/issues, java.io.tmpdir=C:\Users\dhiebert\AppData\Local\Temp\, java.version=21.0.6, user.dir=C:\Users\dhiebert\Local Repositories\Project Management 2.0, os.arch=amd64, java.vm.specification.name=Java Virtual Machine Specification, hibernate.connection.password=****, sun.os.patch.level=, jakarta.persistence.jdbc.url=jdbc:h2:file:C:\Users\dhiebert\.frcpm\frcpm, hibernate.boot.CfgXmlAccessService.key=org.hibernate.boot.registry.StandardServiceRegistryBuilder$1@5e26534f, native.encoding=Cp1252, hibernate.cache.use_second_level_cache=false, java.library.path=C:\Program Files\Eclipse Adoptium\jdk-21.0.6.7-hotspot\bin;C:\WINDOWS\Sun\Java\bin;C:\WINDOWS\system32;C:\WINDOWS;C:\Program Files\apache-maven-3.9.9\bin;C:\Program Files\Eclipse Adoptium\jdk-21.0.6.7-hotspot\bin;C:\Program Files\National Instruments\Shared\OpenVINO\;C:\Program Files\Common Files\Oracle\Java\javapath;C:\WINDOWS\system32;C:\WINDOWS;C:\WINDOWS\System32\Wbem;C:\WINDOWS\System32\WindowsPowerShell\v1.0\;C:\WINDOWS\System32\OpenSSH\;C:\Program Files\dotnet\;C:\Program Files (x86)\Windows Live\Shared;C:\Program Files\Git\cmd;C:\Program Files\Common Files\Autodesk Shared\;C:\Program Files\Microsoft SQL Server\150\Tools\Binn\;C:\Program Files\nodejs\;C:\Program Files\Eclipse Adoptium\jdk-21.0.6.7-hotspot\bin;C:\Program Files\apache-maven-3.9.9\bin;%MAVEN_HOME%\bin;C:\Users\dhiebert\AppData\Local\Microsoft\WindowsApps;C:\Users\dhiebert\AppData\Local\GitHubDesktop\bin;C:\Users\dhiebert\AppData\Roaming\npm;C:\Users\dhiebert\AppData\Local\Packages\PythonSoftwareFoundation.Python.3.11_qbz5n2kfra8p0\LocalCache\local-packages\Python311\Scripts;C:\Users\dhiebert\AppData\Local\Packages\PythonSoftwareFoundation.Python.3.11_qbz5n2kfra8p0\LocalCache\local-packages\Python311\site-packages\maven;;c:\Users\Public\wpilib\2025\vscode\data\user-data\User\globalStorage\github.copilot-chat\debugCommand;c:\Users\Public\wpilib\2025\vscode\data\extensions\ms-python.debugpy-2025.4.1-win32-x64\bundled\scripts\noConfigScripts;., stderr.encoding=Cp1252, java.vendor=Eclipse Adoptium, java.vm.info=mixed mode, sharing, java.vm.version=21.0.6+7-LTS, sun.io.unicode.encoding=UnicodeLittle, javax.persistence.jdbc.password=****, java.class.version=65.0}
10:24:44.828 [main] DEBUG org.hibernate.internal.SessionFactoryImpl - Session factory constructed with filter configurations : {}
10:24:44.828 [main] DEBUG org.hibernate.validator.internal.xml.config.ValidationXmlParser - Trying to load META-INF/validation.xml for XML based Validator configuration.
10:24:44.829 [main] DEBUG org.hibernate.validator.internal.xml.config.ResourceLoaderHelper - Trying to load META-INF/validation.xml via TCCL
10:24:44.829 [main] DEBUG org.hibernate.validator.internal.xml.config.ResourceLoaderHelper - Trying to load META-INF/validation.xml via Hibernate Validator's class loader
10:24:44.829 [main] DEBUG org.hibernate.validator.internal.xml.config.ValidationXmlParser - No META-INF/validation.xml found. Using annotation based configuration only.
10:24:44.829 [main] DEBUG org.hibernate.validator.internal.engine.resolver.TraversableResolvers - Found jakarta.persistence.Persistence on classpath containing 'getPersistenceUtil'. Assuming JPA 2 environment. Trying to instantiate JPA aware TraversableResolver
10:24:44.829 [main] DEBUG org.hibernate.validator.internal.engine.resolver.TraversableResolvers - Instantiated JPA aware TraversableResolver of type org.hibernate.validator.internal.engine.resolver.JPATraversableResolver.
10:24:44.829 [main] DEBUG org.hibernate.validator.messageinterpolation.ResourceBundleMessageInterpolator - Failed to load expression factory via classloader jdk.internal.loader.ClassLoaders$AppClassLoader@70dea4e
java.lang.NoClassDefFoundError: jakarta/el/ExpressionFactory
	at org.hibernate.validator.messageinterpolation.ResourceBundleMessageInterpolator.canLoadExpressionFactory(ResourceBundleMessageInterpolator.java:228)
	at org.hibernate.validator.messageinterpolation.ResourceBundleMessageInterpolator.buildExpressionFactory(ResourceBundleMessageInterpolator.java:173)
	at org.hibernate.validator.messageinterpolation.ResourceBundleMessageInterpolator.<init>(ResourceBundleMessageInterpolator.java:97)
	at org.hibernate.validator.internal.engine.AbstractConfigurationImpl.getDefaultMessageInterpolator(AbstractConfigurationImpl.java:575)
	at org.hibernate.validator.internal.engine.AbstractConfigurationImpl.getDefaultMessageInterpolatorConfiguredWithClassLoader(AbstractConfigurationImpl.java:834)
	at org.hibernate.validator.internal.engine.AbstractConfigurationImpl.getMessageInterpolator(AbstractConfigurationImpl.java:485)
	at org.hibernate.validator.internal.engine.ValidatorFactoryImpl.<init>(ValidatorFactoryImpl.java:157)
	at org.hibernate.validator.HibernateValidator.buildValidatorFactory(HibernateValidator.java:38)
	at org.hibernate.validator.internal.engine.AbstractConfigurationImpl.buildValidatorFactory(AbstractConfigurationImpl.java:453)
	at jakarta.validation.Validation.buildDefaultValidatorFactory(Validation.java:103)
	at org.hibernate.boot.beanvalidation.TypeSafeActivator.getValidatorFactory(TypeSafeActivator.java:482)
	at org.hibernate.boot.beanvalidation.TypeSafeActivator.activate(TypeSafeActivator.java:79)
	at java.base/jdk.internal.reflect.DirectMethodHandleAccessor.invoke(DirectMethodHandleAccessor.java:103)
	at java.base/java.lang.reflect.Method.invoke(Method.java:580)
	at org.hibernate.boot.beanvalidation.BeanValidationIntegrator.integrate(BeanValidationIntegrator.java:139)
	at org.hibernate.internal.SessionFactoryImpl.integrate(SessionFactoryImpl.java:517)
	at org.hibernate.internal.SessionFactoryImpl.<init>(SessionFactoryImpl.java:276)
	at org.hibernate.boot.internal.SessionFactoryBuilderImpl.build(SessionFactoryBuilderImpl.java:457)
	at org.hibernate.jpa.boot.internal.EntityManagerFactoryBuilderImpl.build(EntityManagerFactoryBuilderImpl.java:1506)
	at org.hibernate.jpa.HibernatePersistenceProvider.createEntityManagerFactory(HibernatePersistenceProvider.java:55)
	at jakarta.persistence.Persistence.createEntityManagerFactory(Persistence.java:80)
	at org.frcpm.config.DatabaseConfig.initialize(DatabaseConfig.java:114)
	at org.frcpm.config.DatabaseConfig.initialize(DatabaseConfig.java:28)
	at org.frcpm.repositories.SubteamRepositoryTest.setUp(SubteamRepositoryTest.java:24)
	at java.base/jdk.internal.reflect.DirectMethodHandleAccessor.invoke(DirectMethodHandleAccessor.java:103)
	at java.base/java.lang.reflect.Method.invoke(Method.java:580)
	at org.junit.platform.commons.util.ReflectionUtils.invokeMethod(ReflectionUtils.java:728)
	at org.junit.jupiter.engine.execution.MethodInvocation.proceed(MethodInvocation.java:60)
	at org.junit.jupiter.engine.execution.InvocationInterceptorChain$ValidatingInvocation.proceed(InvocationInterceptorChain.java:131)
	at org.junit.jupiter.engine.extension.TimeoutExtension.intercept(TimeoutExtension.java:156)
	at org.junit.jupiter.engine.extension.TimeoutExtension.interceptLifecycleMethod(TimeoutExtension.java:128)
	at org.junit.jupiter.engine.extension.TimeoutExtension.interceptBeforeEachMethod(TimeoutExtension.java:78)
	at org.junit.jupiter.engine.execution.InterceptingExecutableInvoker$ReflectiveInterceptorCall.lambda$ofVoidMethod$0(InterceptingExecutableInvoker.java:103)
	at org.junit.jupiter.engine.execution.InterceptingExecutableInvoker.lambda$invoke$0(InterceptingExecutableInvoker.java:93)
	at org.junit.jupiter.engine.execution.InvocationInterceptorChain$InterceptedInvocation.proceed(InvocationInterceptorChain.java:106)
	at org.junit.jupiter.engine.execution.InvocationInterceptorChain.proceed(InvocationInterceptorChain.java:64)
	at org.junit.jupiter.engine.execution.InvocationInterceptorChain.chainAndInvoke(InvocationInterceptorChain.java:45)
	at org.junit.jupiter.engine.execution.InvocationInterceptorChain.invoke(InvocationInterceptorChain.java:37)
	at org.junit.jupiter.engine.execution.InterceptingExecutableInvoker.invoke(InterceptingExecutableInvoker.java:92)
	at org.junit.jupiter.engine.execution.InterceptingExecutableInvoker.invoke(InterceptingExecutableInvoker.java:86)
	at org.junit.jupiter.engine.descriptor.ClassBasedTestDescriptor.invokeMethodInExtensionContext(ClassBasedTestDescriptor.java:521)
	at org.junit.jupiter.engine.descriptor.ClassBasedTestDescriptor.lambda$synthesizeBeforeEachMethodAdapter$23(ClassBasedTestDescriptor.java:506)
	at org.junit.jupiter.engine.descriptor.TestMethodTestDescriptor.lambda$invokeBeforeEachMethods$3(TestMethodTestDescriptor.java:175)
	at org.junit.jupiter.engine.descriptor.TestMethodTestDescriptor.lambda$invokeBeforeMethodsOrCallbacksUntilExceptionOccurs$6(TestMethodTestDescriptor.java:203)
	at org.junit.platform.engine.support.hierarchical.ThrowableCollector.execute(ThrowableCollector.java:73)
	at org.junit.jupiter.engine.descriptor.TestMethodTestDescriptor.invokeBeforeMethodsOrCallbacksUntilExceptionOccurs(TestMethodTestDescriptor.java:203)
	at org.junit.jupiter.engine.descriptor.TestMethodTestDescriptor.invokeBeforeEachMethods(TestMethodTestDescriptor.java:172)
	at org.junit.jupiter.engine.descriptor.TestMethodTestDescriptor.execute(TestMethodTestDescriptor.java:135)
	at org.junit.jupiter.engine.descriptor.TestMethodTestDescriptor.execute(TestMethodTestDescriptor.java:69)
	at org.junit.platform.engine.support.hierarchical.NodeTestTask.lambda$executeRecursively$6(NodeTestTask.java:151)
	at org.junit.platform.engine.support.hierarchical.ThrowableCollector.execute(ThrowableCollector.java:73)
	at org.junit.platform.engine.support.hierarchical.NodeTestTask.lambda$executeRecursively$8(NodeTestTask.java:141)
	at org.junit.platform.engine.support.hierarchical.Node.around(Node.java:137)
	at org.junit.platform.engine.support.hierarchical.NodeTestTask.lambda$executeRecursively$9(NodeTestTask.java:139)
	at org.junit.platform.engine.support.hierarchical.ThrowableCollector.execute(ThrowableCollector.java:73)
	at org.junit.platform.engine.support.hierarchical.NodeTestTask.executeRecursively(NodeTestTask.java:138)
	at org.junit.platform.engine.support.hierarchical.NodeTestTask.execute(NodeTestTask.java:95)
	at java.base/java.util.ArrayList.forEach(ArrayList.java:1596)
	at org.junit.platform.engine.support.hierarchical.SameThreadHierarchicalTestExecutorService.invokeAll(SameThreadHierarchicalTestExecutorService.java:41)
	at org.junit.platform.engine.support.hierarchical.NodeTestTask.lambda$executeRecursively$6(NodeTestTask.java:155)
	at org.junit.platform.engine.support.hierarchical.ThrowableCollector.execute(ThrowableCollector.java:73)
	at org.junit.platform.engine.support.hierarchical.NodeTestTask.lambda$executeRecursively$8(NodeTestTask.java:141)
	at org.junit.platform.engine.support.hierarchical.Node.around(Node.java:137)
	at org.junit.platform.engine.support.hierarchical.NodeTestTask.lambda$executeRecursively$9(NodeTestTask.java:139)
	at org.junit.platform.engine.support.hierarchical.ThrowableCollector.execute(ThrowableCollector.java:73)
	at org.junit.platform.engine.support.hierarchical.NodeTestTask.executeRecursively(NodeTestTask.java:138)
	at org.junit.platform.engine.support.hierarchical.NodeTestTask.execute(NodeTestTask.java:95)
	at java.base/java.util.ArrayList.forEach(ArrayList.java:1596)
	at org.junit.platform.engine.support.hierarchical.SameThreadHierarchicalTestExecutorService.invokeAll(SameThreadHierarchicalTestExecutorService.java:41)
	at org.junit.platform.engine.support.hierarchical.NodeTestTask.lambda$executeRecursively$6(NodeTestTask.java:155)
	at org.junit.platform.engine.support.hierarchical.ThrowableCollector.execute(ThrowableCollector.java:73)
	at org.junit.platform.engine.support.hierarchical.NodeTestTask.lambda$executeRecursively$8(NodeTestTask.java:141)
	at org.junit.platform.engine.support.hierarchical.Node.around(Node.java:137)
	at org.junit.platform.engine.support.hierarchical.NodeTestTask.lambda$executeRecursively$9(NodeTestTask.java:139)
	at org.junit.platform.engine.support.hierarchical.ThrowableCollector.execute(ThrowableCollector.java:73)
	at org.junit.platform.engine.support.hierarchical.NodeTestTask.executeRecursively(NodeTestTask.java:138)
	at org.junit.platform.engine.support.hierarchical.NodeTestTask.execute(NodeTestTask.java:95)
	at org.junit.platform.engine.support.hierarchical.SameThreadHierarchicalTestExecutorService.submit(SameThreadHierarchicalTestExecutorService.java:35)
	at org.junit.platform.engine.support.hierarchical.HierarchicalTestExecutor.execute(HierarchicalTestExecutor.java:57)
	at org.junit.platform.engine.support.hierarchical.HierarchicalTestEngine.execute(HierarchicalTestEngine.java:54)
	at org.junit.platform.launcher.core.EngineExecutionOrchestrator.execute(EngineExecutionOrchestrator.java:198)
	at org.junit.platform.launcher.core.EngineExecutionOrchestrator.execute(EngineExecutionOrchestrator.java:169)
	at org.junit.platform.launcher.core.EngineExecutionOrchestrator.execute(EngineExecutionOrchestrator.java:93)
	at org.junit.platform.launcher.core.EngineExecutionOrchestrator.lambda$execute$0(EngineExecutionOrchestrator.java:58)
	at org.junit.platform.launcher.core.EngineExecutionOrchestrator.withInterceptedStreams(EngineExecutionOrchestrator.java:141)
	at org.junit.platform.launcher.core.EngineExecutionOrchestrator.execute(EngineExecutionOrchestrator.java:57)
	at org.junit.platform.launcher.core.DefaultLauncher.execute(DefaultLauncher.java:103)
	at org.junit.platform.launcher.core.DefaultLauncher.execute(DefaultLauncher.java:85)
	at org.junit.platform.launcher.core.DelegatingLauncher.execute(DelegatingLauncher.java:47)
	at org.apache.maven.surefire.junitplatform.LazyLauncher.execute(LazyLauncher.java:56)
	at org.apache.maven.surefire.junitplatform.JUnitPlatformProvider.execute(JUnitPlatformProvider.java:184)
	at org.apache.maven.surefire.junitplatform.JUnitPlatformProvider.invokeAllTests(JUnitPlatformProvider.java:148)
	at org.apache.maven.surefire.junitplatform.JUnitPlatformProvider.invoke(JUnitPlatformProvider.java:122)
	at org.apache.maven.surefire.booter.ForkedBooter.runSuitesInProcess(ForkedBooter.java:385)
	at org.apache.maven.surefire.booter.ForkedBooter.execute(ForkedBooter.java:162)
	at org.apache.maven.surefire.booter.ForkedBooter.run(ForkedBooter.java:507)
	at org.apache.maven.surefire.booter.ForkedBooter.main(ForkedBooter.java:495)
Caused by: java.lang.ClassNotFoundException: jakarta.el.ExpressionFactory
	... 97 common frames omitted
10:24:44.829 [main] DEBUG org.hibernate.validator.messageinterpolation.ResourceBundleMessageInterpolator - Failed to load expression factory via classloader jdk.internal.loader.ClassLoaders$AppClassLoader@70dea4e
java.lang.NoClassDefFoundError: jakarta/el/ExpressionFactory
	at org.hibernate.validator.messageinterpolation.ResourceBundleMessageInterpolator.canLoadExpressionFactory(ResourceBundleMessageInterpolator.java:228)
	at org.hibernate.validator.messageinterpolation.ResourceBundleMessageInterpolator.buildExpressionFactory(ResourceBundleMessageInterpolator.java:186)
	at org.hibernate.validator.messageinterpolation.ResourceBundleMessageInterpolator.<init>(ResourceBundleMessageInterpolator.java:97)
	at org.hibernate.validator.internal.engine.AbstractConfigurationImpl.getDefaultMessageInterpolator(AbstractConfigurationImpl.java:575)
	at org.hibernate.validator.internal.engine.AbstractConfigurationImpl.getDefaultMessageInterpolatorConfiguredWithClassLoader(AbstractConfigurationImpl.java:834)
	at org.hibernate.validator.internal.engine.AbstractConfigurationImpl.getMessageInterpolator(AbstractConfigurationImpl.java:485)
	at org.hibernate.validator.internal.engine.ValidatorFactoryImpl.<init>(ValidatorFactoryImpl.java:157)
	at org.hibernate.validator.HibernateValidator.buildValidatorFactory(HibernateValidator.java:38)
	at org.hibernate.validator.internal.engine.AbstractConfigurationImpl.buildValidatorFactory(AbstractConfigurationImpl.java:453)
	at jakarta.validation.Validation.buildDefaultValidatorFactory(Validation.java:103)
	at org.hibernate.boot.beanvalidation.TypeSafeActivator.getValidatorFactory(TypeSafeActivator.java:482)
	at org.hibernate.boot.beanvalidation.TypeSafeActivator.activate(TypeSafeActivator.java:79)
	at java.base/jdk.internal.reflect.DirectMethodHandleAccessor.invoke(DirectMethodHandleAccessor.java:103)
	at java.base/java.lang.reflect.Method.invoke(Method.java:580)
	at org.hibernate.boot.beanvalidation.BeanValidationIntegrator.integrate(BeanValidationIntegrator.java:139)
	at org.hibernate.internal.SessionFactoryImpl.integrate(SessionFactoryImpl.java:517)
	at org.hibernate.internal.SessionFactoryImpl.<init>(SessionFactoryImpl.java:276)
	at org.hibernate.boot.internal.SessionFactoryBuilderImpl.build(SessionFactoryBuilderImpl.java:457)
	at org.hibernate.jpa.boot.internal.EntityManagerFactoryBuilderImpl.build(EntityManagerFactoryBuilderImpl.java:1506)
	at org.hibernate.jpa.HibernatePersistenceProvider.createEntityManagerFactory(HibernatePersistenceProvider.java:55)
	at jakarta.persistence.Persistence.createEntityManagerFactory(Persistence.java:80)
	at org.frcpm.config.DatabaseConfig.initialize(DatabaseConfig.java:114)
	at org.frcpm.config.DatabaseConfig.initialize(DatabaseConfig.java:28)
	at org.frcpm.repositories.SubteamRepositoryTest.setUp(SubteamRepositoryTest.java:24)
	at java.base/jdk.internal.reflect.DirectMethodHandleAccessor.invoke(DirectMethodHandleAccessor.java:103)
	at java.base/java.lang.reflect.Method.invoke(Method.java:580)
	at org.junit.platform.commons.util.ReflectionUtils.invokeMethod(ReflectionUtils.java:728)
	at org.junit.jupiter.engine.execution.MethodInvocation.proceed(MethodInvocation.java:60)
	at org.junit.jupiter.engine.execution.InvocationInterceptorChain$ValidatingInvocation.proceed(InvocationInterceptorChain.java:131)
	at org.junit.jupiter.engine.extension.TimeoutExtension.intercept(TimeoutExtension.java:156)
	at org.junit.jupiter.engine.extension.TimeoutExtension.interceptLifecycleMethod(TimeoutExtension.java:128)
	at org.junit.jupiter.engine.extension.TimeoutExtension.interceptBeforeEachMethod(TimeoutExtension.java:78)
	at org.junit.jupiter.engine.execution.InterceptingExecutableInvoker$ReflectiveInterceptorCall.lambda$ofVoidMethod$0(InterceptingExecutableInvoker.java:103)
	at org.junit.jupiter.engine.execution.InterceptingExecutableInvoker.lambda$invoke$0(InterceptingExecutableInvoker.java:93)
	at org.junit.jupiter.engine.execution.InvocationInterceptorChain$InterceptedInvocation.proceed(InvocationInterceptorChain.java:106)
	at org.junit.jupiter.engine.execution.InvocationInterceptorChain.proceed(InvocationInterceptorChain.java:64)
	at org.junit.jupiter.engine.execution.InvocationInterceptorChain.chainAndInvoke(InvocationInterceptorChain.java:45)
	at org.junit.jupiter.engine.execution.InvocationInterceptorChain.invoke(InvocationInterceptorChain.java:37)
	at org.junit.jupiter.engine.execution.InterceptingExecutableInvoker.invoke(InterceptingExecutableInvoker.java:92)
	at org.junit.jupiter.engine.execution.InterceptingExecutableInvoker.invoke(InterceptingExecutableInvoker.java:86)
	at org.junit.jupiter.engine.descriptor.ClassBasedTestDescriptor.invokeMethodInExtensionContext(ClassBasedTestDescriptor.java:521)
	at org.junit.jupiter.engine.descriptor.ClassBasedTestDescriptor.lambda$synthesizeBeforeEachMethodAdapter$23(ClassBasedTestDescriptor.java:506)
	at org.junit.jupiter.engine.descriptor.TestMethodTestDescriptor.lambda$invokeBeforeEachMethods$3(TestMethodTestDescriptor.java:175)
	at org.junit.jupiter.engine.descriptor.TestMethodTestDescriptor.lambda$invokeBeforeMethodsOrCallbacksUntilExceptionOccurs$6(TestMethodTestDescriptor.java:203)
	at org.junit.platform.engine.support.hierarchical.ThrowableCollector.execute(ThrowableCollector.java:73)
	at org.junit.jupiter.engine.descriptor.TestMethodTestDescriptor.invokeBeforeMethodsOrCallbacksUntilExceptionOccurs(TestMethodTestDescriptor.java:203)
	at org.junit.jupiter.engine.descriptor.TestMethodTestDescriptor.invokeBeforeEachMethods(TestMethodTestDescriptor.java:172)
	at org.junit.jupiter.engine.descriptor.TestMethodTestDescriptor.execute(TestMethodTestDescriptor.java:135)
	at org.junit.jupiter.engine.descriptor.TestMethodTestDescriptor.execute(TestMethodTestDescriptor.java:69)
	at org.junit.platform.engine.support.hierarchical.NodeTestTask.lambda$executeRecursively$6(NodeTestTask.java:151)
	at org.junit.platform.engine.support.hierarchical.ThrowableCollector.execute(ThrowableCollector.java:73)
	at org.junit.platform.engine.support.hierarchical.NodeTestTask.lambda$executeRecursively$8(NodeTestTask.java:141)
	at org.junit.platform.engine.support.hierarchical.Node.around(Node.java:137)
	at org.junit.platform.engine.support.hierarchical.NodeTestTask.lambda$executeRecursively$9(NodeTestTask.java:139)
	at org.junit.platform.engine.support.hierarchical.ThrowableCollector.execute(ThrowableCollector.java:73)
	at org.junit.platform.engine.support.hierarchical.NodeTestTask.executeRecursively(NodeTestTask.java:138)
	at org.junit.platform.engine.support.hierarchical.NodeTestTask.execute(NodeTestTask.java:95)
	at java.base/java.util.ArrayList.forEach(ArrayList.java:1596)
	at org.junit.platform.engine.support.hierarchical.SameThreadHierarchicalTestExecutorService.invokeAll(SameThreadHierarchicalTestExecutorService.java:41)
	at org.junit.platform.engine.support.hierarchical.NodeTestTask.lambda$executeRecursively$6(NodeTestTask.java:155)
	at org.junit.platform.engine.support.hierarchical.ThrowableCollector.execute(ThrowableCollector.java:73)
	at org.junit.platform.engine.support.hierarchical.NodeTestTask.lambda$executeRecursively$8(NodeTestTask.java:141)
	at org.junit.platform.engine.support.hierarchical.Node.around(Node.java:137)
	at org.junit.platform.engine.support.hierarchical.NodeTestTask.lambda$executeRecursively$9(NodeTestTask.java:139)
	at org.junit.platform.engine.support.hierarchical.ThrowableCollector.execute(ThrowableCollector.java:73)
	at org.junit.platform.engine.support.hierarchical.NodeTestTask.executeRecursively(NodeTestTask.java:138)
	at org.junit.platform.engine.support.hierarchical.NodeTestTask.execute(NodeTestTask.java:95)
	at java.base/java.util.ArrayList.forEach(ArrayList.java:1596)
	at org.junit.platform.engine.support.hierarchical.SameThreadHierarchicalTestExecutorService.invokeAll(SameThreadHierarchicalTestExecutorService.java:41)
	at org.junit.platform.engine.support.hierarchical.NodeTestTask.lambda$executeRecursively$6(NodeTestTask.java:155)
	at org.junit.platform.engine.support.hierarchical.ThrowableCollector.execute(ThrowableCollector.java:73)
	at org.junit.platform.engine.support.hierarchical.NodeTestTask.lambda$executeRecursively$8(NodeTestTask.java:141)
	at org.junit.platform.engine.support.hierarchical.Node.around(Node.java:137)
	at org.junit.platform.engine.support.hierarchical.NodeTestTask.lambda$executeRecursively$9(NodeTestTask.java:139)
	at org.junit.platform.engine.support.hierarchical.ThrowableCollector.execute(ThrowableCollector.java:73)
	at org.junit.platform.engine.support.hierarchical.NodeTestTask.executeRecursively(NodeTestTask.java:138)
	at org.junit.platform.engine.support.hierarchical.NodeTestTask.execute(NodeTestTask.java:95)
	at org.junit.platform.engine.support.hierarchical.SameThreadHierarchicalTestExecutorService.submit(SameThreadHierarchicalTestExecutorService.java:35)
	at org.junit.platform.engine.support.hierarchical.HierarchicalTestExecutor.execute(HierarchicalTestExecutor.java:57)
	at org.junit.platform.engine.support.hierarchical.HierarchicalTestEngine.execute(HierarchicalTestEngine.java:54)
	at org.junit.platform.launcher.core.EngineExecutionOrchestrator.execute(EngineExecutionOrchestrator.java:198)
	at org.junit.platform.launcher.core.EngineExecutionOrchestrator.execute(EngineExecutionOrchestrator.java:169)
	at org.junit.platform.launcher.core.EngineExecutionOrchestrator.execute(EngineExecutionOrchestrator.java:93)
	at org.junit.platform.launcher.core.EngineExecutionOrchestrator.lambda$execute$0(EngineExecutionOrchestrator.java:58)
	at org.junit.platform.launcher.core.EngineExecutionOrchestrator.withInterceptedStreams(EngineExecutionOrchestrator.java:141)
	at org.junit.platform.launcher.core.EngineExecutionOrchestrator.execute(EngineExecutionOrchestrator.java:57)
	at org.junit.platform.launcher.core.DefaultLauncher.execute(DefaultLauncher.java:103)
	at org.junit.platform.launcher.core.DefaultLauncher.execute(DefaultLauncher.java:85)
	at org.junit.platform.launcher.core.DelegatingLauncher.execute(DelegatingLauncher.java:47)
	at org.apache.maven.surefire.junitplatform.LazyLauncher.execute(LazyLauncher.java:56)
	at org.apache.maven.surefire.junitplatform.JUnitPlatformProvider.execute(JUnitPlatformProvider.java:184)
	at org.apache.maven.surefire.junitplatform.JUnitPlatformProvider.invokeAllTests(JUnitPlatformProvider.java:148)
	at org.apache.maven.surefire.junitplatform.JUnitPlatformProvider.invoke(JUnitPlatformProvider.java:122)
	at org.apache.maven.surefire.booter.ForkedBooter.runSuitesInProcess(ForkedBooter.java:385)
	at org.apache.maven.surefire.booter.ForkedBooter.execute(ForkedBooter.java:162)
	at org.apache.maven.surefire.booter.ForkedBooter.run(ForkedBooter.java:507)
	at org.apache.maven.surefire.booter.ForkedBooter.main(ForkedBooter.java:495)
Caused by: java.lang.ClassNotFoundException: jakarta.el.ExpressionFactory
	... 97 common frames omitted
10:24:44.829 [main] DEBUG org.hibernate.boot.beanvalidation.TypeSafeActivator - Unable to acquire Bean Validation ValidatorFactory, skipping activation
10:24:44.830 [main] DEBUG org.hibernate.query.sqm.function.SqmFunctionRegistry - Registered SqmFunctionTemplate [NamedSqmFunctionTemplate(max)] under max; prior registration was null
10:24:44.830 [main] DEBUG org.hibernate.query.sqm.function.SqmFunctionRegistry - Registered SqmFunctionTemplate [NamedSqmFunctionTemplate(min)] under min; prior registration was null
10:24:44.830 [main] DEBUG org.hibernate.query.sqm.function.SqmFunctionRegistry - Registered SqmFunctionTemplate [NamedSqmFunctionTemplate(sum)] under sum; prior registration was null
10:24:44.830 [main] DEBUG org.hibernate.query.sqm.function.SqmFunctionRegistry - Registered SqmFunctionTemplate [NamedSqmFunctionTemplate(avg)] under avg; prior registration was null
10:24:44.830 [main] DEBUG org.hibernate.query.sqm.function.SqmFunctionRegistry - Registered SqmFunctionTemplate [org.hibernate.dialect.function.CountFunction@78156dfc] under count; prior registration was null
10:24:44.830 [main] DEBUG org.hibernate.query.sqm.function.SqmFunctionRegistry - Registered SqmFunctionTemplate [org.hibernate.dialect.function.EveryAnyEmulation@583446ac] under every; prior registration was null
10:24:44.830 [main] DEBUG org.hibernate.query.sqm.function.SqmFunctionRegistry - Registered SqmFunctionTemplate [org.hibernate.dialect.function.EveryAnyEmulation@76de73cb] under any; prior registration was null
10:24:44.830 [main] DEBUG org.hibernate.query.sqm.function.SqmFunctionRegistry - Registered SqmFunctionTemplate [NamedSqmFunctionTemplate(floor)] under floor; prior registration was null
10:24:44.830 [main] DEBUG org.hibernate.query.sqm.function.SqmFunctionRegistry - Registered SqmFunctionTemplate [NamedSqmFunctionTemplate(ceiling)] under ceiling; prior registration was null
10:24:44.830 [main] DEBUG org.hibernate.query.sqm.function.SqmFunctionRegistry - Registered SqmFunctionTemplate [NamedSqmFunctionTemplate(mod)] under mod; prior registration was null
10:24:44.830 [main] DEBUG org.hibernate.query.sqm.function.SqmFunctionRegistry - Registered SqmFunctionTemplate [NamedSqmFunctionTemplate(abs)] under abs; prior registration was null
10:24:44.830 [main] DEBUG org.hibernate.query.sqm.function.SqmFunctionRegistry - Registered SqmFunctionTemplate [NamedSqmFunctionTemplate(sign)] under sign; prior registration was null
10:24:44.830 [main] DEBUG org.hibernate.query.sqm.function.SqmFunctionRegistry - Registered SqmFunctionTemplate [NamedSqmFunctionTemplate(sqrt)] under sqrt; prior registration was null
10:24:44.830 [main] DEBUG org.hibernate.query.sqm.function.SqmFunctionRegistry - Registered SqmFunctionTemplate [NamedSqmFunctionTemplate(ln)] under ln; prior registration was null
10:24:44.830 [main] DEBUG org.hibernate.query.sqm.function.SqmFunctionRegistry - Registered SqmFunctionTemplate [NamedSqmFunctionTemplate(exp)] under exp; prior registration was null
10:24:44.830 [main] DEBUG org.hibernate.query.sqm.function.SqmFunctionRegistry - Registered SqmFunctionTemplate [NamedSqmFunctionTemplate(power)] under power; prior registration was null
10:24:44.830 [main] DEBUG org.hibernate.query.sqm.function.SqmFunctionRegistry - Registered SqmFunctionTemplate [NamedSqmFunctionTemplate(round)] under round; prior registration was null
10:24:44.830 [main] DEBUG org.hibernate.query.sqm.function.SqmFunctionRegistry - Registered SqmFunctionTemplate [NamedSqmFunctionTemplate(sin)] under sin; prior registration was null
10:24:44.830 [main] DEBUG org.hibernate.query.sqm.function.SqmFunctionRegistry - Registered SqmFunctionTemplate [NamedSqmFunctionTemplate(cos)] under cos; prior registration was null
10:24:44.830 [main] DEBUG org.hibernate.query.sqm.function.SqmFunctionRegistry - Registered SqmFunctionTemplate [NamedSqmFunctionTemplate(tan)] under tan; prior registration was null
10:24:44.830 [main] DEBUG org.hibernate.query.sqm.function.SqmFunctionRegistry - Registered SqmFunctionTemplate [NamedSqmFunctionTemplate(asin)] under asin; prior registration was null
10:24:44.830 [main] DEBUG org.hibernate.query.sqm.function.SqmFunctionRegistry - Registered SqmFunctionTemplate [NamedSqmFunctionTemplate(acos)] under acos; prior registration was null
10:24:44.830 [main] DEBUG org.hibernate.query.sqm.function.SqmFunctionRegistry - Registered SqmFunctionTemplate [NamedSqmFunctionTemplate(atan)] under atan; prior registration was null
10:24:44.830 [main] DEBUG org.hibernate.query.sqm.function.SqmFunctionRegistry - Registered SqmFunctionTemplate [NamedSqmFunctionTemplate(atan2)] under atan2; prior registration was null
10:24:44.830 [main] DEBUG org.hibernate.query.sqm.function.SqmFunctionRegistry - Registered SqmFunctionTemplate [org.hibernate.query.sqm.function.PatternBasedSqmFunctionDescriptor@5148fcb8] under sinh; prior registration was null
10:24:44.830 [main] DEBUG org.hibernate.query.sqm.function.SqmFunctionRegistry - Registered SqmFunctionTemplate [org.hibernate.query.sqm.function.PatternBasedSqmFunctionDescriptor@26101e0] under cosh; prior registration was null
10:24:44.830 [main] DEBUG org.hibernate.query.sqm.function.SqmFunctionRegistry - Registered SqmFunctionTemplate [org.hibernate.query.sqm.function.PatternBasedSqmFunctionDescriptor@789a2626] under tanh; prior registration was null
10:24:44.830 [main] DEBUG org.hibernate.query.sqm.function.SqmFunctionRegistry - Registered SqmFunctionTemplate [org.hibernate.query.sqm.function.PatternBasedSqmFunctionDescriptor@7ddf52d5] under pi; prior registration was null
10:24:44.830 [main] DEBUG org.hibernate.query.sqm.function.SqmFunctionRegistry - Registered SqmFunctionTemplate [org.hibernate.query.sqm.function.PatternBasedSqmFunctionDescriptor@6b64dcea] under log; prior registration was null
10:24:44.830 [main] DEBUG org.hibernate.query.sqm.function.SqmFunctionRegistry - Registered SqmFunctionTemplate [NamedSqmFunctionTemplate(coalesce)] under coalesce; prior registration was null
10:24:44.830 [main] DEBUG org.hibernate.query.sqm.function.SqmFunctionRegistry - Registered SqmFunctionTemplate [NamedSqmFunctionTemplate(nullif)] under nullif; prior registration was null
10:24:44.830 [main] DEBUG org.hibernate.query.sqm.function.SqmFunctionRegistry - Registered SqmFunctionTemplate [NamedSqmFunctionTemplate(left)] under left; prior registration was null
10:24:44.830 [main] DEBUG org.hibernate.query.sqm.function.SqmFunctionRegistry - Registered SqmFunctionTemplate [NamedSqmFunctionTemplate(right)] under right; prior registration was null
10:24:44.830 [main] DEBUG org.hibernate.query.sqm.function.SqmFunctionRegistry - Registered SqmFunctionTemplate [NamedSqmFunctionTemplate(replace)] under replace; prior registration was null
10:24:44.830 [main] DEBUG org.hibernate.query.sqm.function.SqmFunctionRegistry - Registered SqmFunctionTemplate [NamedSqmFunctionTemplate(concat)] under concat; prior registration was null
10:24:44.830 [main] DEBUG org.hibernate.query.sqm.function.SqmFunctionRegistry - Registered SqmFunctionTemplate [NamedSqmFunctionTemplate(lower)] under lower; prior registration was null
10:24:44.830 [main] DEBUG org.hibernate.query.sqm.function.SqmFunctionRegistry - Registered SqmFunctionTemplate [NamedSqmFunctionTemplate(upper)] under upper; prior registration was null
10:24:44.830 [main] DEBUG org.hibernate.query.sqm.function.SqmFunctionRegistry - Registered SqmFunctionTemplate [NamedSqmFunctionTemplate(substring)] under substring; prior registration was null
10:24:44.830 [main] DEBUG org.hibernate.query.sqm.function.SqmFunctionRegistry - Registered SqmFunctionTemplate [NamedSqmFunctionTemplate(locate)] under locate; prior registration was null
10:24:44.830 [main] DEBUG org.hibernate.query.sqm.function.SqmFunctionRegistry - Registered SqmFunctionTemplate [NamedSqmFunctionTemplate(character_length)] under character_length; prior registration was null
10:24:44.830 [main] DEBUG org.hibernate.query.sqm.function.SqmFunctionRegistry - Registering alternate key : length -> character_length
10:24:44.830 [main] DEBUG org.hibernate.query.sqm.function.SqmFunctionRegistry - Registered SqmFunctionTemplate [org.hibernate.dialect.function.LocatePositionEmulation@6100ae67] under position; prior registration was null
10:24:44.830 [main] DEBUG org.hibernate.query.sqm.function.SqmFunctionRegistry - Registered SqmFunctionTemplate [org.hibernate.dialect.function.InsertSubstringOverlayEmulation@48820f77] under overlay; prior registration was null
10:24:44.830 [main] DEBUG org.hibernate.query.sqm.function.SqmFunctionRegistry - Registered SqmFunctionTemplate [org.hibernate.dialect.function.TrimFunction@4fcca548] under trim; prior registration was null
10:24:44.830 [main] DEBUG org.hibernate.query.sqm.function.SqmFunctionRegistry - Registered SqmFunctionTemplate [org.hibernate.dialect.function.CastFunction@282b3d7] under cast; prior registration was null
10:24:44.830 [main] DEBUG org.hibernate.query.sqm.function.SqmFunctionRegistry - Registered SqmFunctionTemplate [org.hibernate.query.sqm.function.PatternBasedSqmFunctionDescriptor@66155676] under collate; prior registration was null
10:24:44.830 [main] DEBUG org.hibernate.query.sqm.function.SqmFunctionRegistry - Registered SqmFunctionTemplate [org.hibernate.dialect.function.ExtractFunction@3e340474] under extract; prior registration was null
10:24:44.830 [main] DEBUG org.hibernate.query.sqm.function.SqmFunctionRegistry - Registered SqmFunctionTemplate [NamedSqmFunctionTemplate(least)] under least; prior registration was null
10:24:44.830 [main] DEBUG org.hibernate.query.sqm.function.SqmFunctionRegistry - Registered SqmFunctionTemplate [NamedSqmFunctionTemplate(greatest)] under greatest; prior registration was null
10:24:44.830 [main] DEBUG org.hibernate.query.sqm.function.SqmFunctionRegistry - Registered SqmFunctionTemplate [org.hibernate.dialect.function.CoalesceIfnullEmulation@1478001f] under ifnull; prior registration was null
10:24:44.830 [main] DEBUG org.hibernate.query.sqm.function.SqmFunctionRegistry - Registered SqmFunctionTemplate [NamedSqmFunctionTemplate(lpad)] under lpad; prior registration was null
10:24:44.830 [main] DEBUG org.hibernate.query.sqm.function.SqmFunctionRegistry - Registered SqmFunctionTemplate [NamedSqmFunctionTemplate(rpad)] under rpad; prior registration was null
10:24:44.830 [main] DEBUG org.hibernate.query.sqm.function.SqmFunctionRegistry - Registered SqmFunctionTemplate [org.hibernate.dialect.function.LpadRpadPadEmulation@373054c] under pad; prior registration was null
10:24:44.830 [main] DEBUG org.hibernate.query.sqm.function.SqmFunctionRegistry - Registered SqmFunctionTemplate [org.hibernate.dialect.function.CastStrEmulation@4f9955b2] under str; prior registration was null
10:24:44.830 [main] DEBUG org.hibernate.query.sqm.function.SqmFunctionRegistry - Registered SqmFunctionTemplate [org.hibernate.dialect.function.FormatFunction@5110ff91] under format; prior registration was null
10:24:44.830 [main] DEBUG org.hibernate.query.sqm.function.SqmFunctionRegistry - Registered SqmFunctionTemplate [org.hibernate.dialect.function.TimestampaddFunction@53c7554] under timestampadd; prior registration was null
10:24:44.830 [main] DEBUG org.hibernate.query.sqm.function.SqmFunctionRegistry - Registered SqmFunctionTemplate [org.hibernate.dialect.function.TimestampdiffFunction@1e7e49da] under timestampdiff; prior registration was null
10:24:44.830 [main] DEBUG org.hibernate.query.sqm.function.SqmFunctionRegistry - Registering alternate key : dateadd -> timestampadd
10:24:44.830 [main] DEBUG org.hibernate.query.sqm.function.SqmFunctionRegistry - Registering alternate key : datediff -> timestampdiff
10:24:44.830 [main] DEBUG org.hibernate.query.sqm.function.SqmFunctionRegistry - Registered SqmFunctionTemplate [org.hibernate.dialect.function.CurrentFunction@1b4fbb62] under current_date; prior registration was null
10:24:44.830 [main] DEBUG org.hibernate.query.sqm.function.SqmFunctionRegistry - Registered SqmFunctionTemplate [org.hibernate.dialect.function.CurrentFunction@4d7523ed] under current_time; prior registration was null
10:24:44.830 [main] DEBUG org.hibernate.query.sqm.function.SqmFunctionRegistry - Registered SqmFunctionTemplate [org.hibernate.dialect.function.CurrentFunction@2b0579c2] under current_timestamp; prior registration was null
10:24:44.830 [main] DEBUG org.hibernate.query.sqm.function.SqmFunctionRegistry - Registering alternate key : current date -> current_date
10:24:44.830 [main] DEBUG org.hibernate.query.sqm.function.SqmFunctionRegistry - Registering alternate key : current time -> current_time
10:24:44.830 [main] DEBUG org.hibernate.query.sqm.function.SqmFunctionRegistry - Registering alternate key : current timestamp -> current_timestamp
10:24:44.830 [main] DEBUG org.hibernate.query.sqm.function.SqmFunctionRegistry - Registered SqmFunctionTemplate [org.hibernate.dialect.function.CurrentFunction@47d9d5e1] under local_date; prior registration was null
10:24:44.830 [main] DEBUG org.hibernate.query.sqm.function.SqmFunctionRegistry - Registered SqmFunctionTemplate [org.hibernate.dialect.function.CurrentFunction@212bf2d3] under local_time; prior registration was null
10:24:44.830 [main] DEBUG org.hibernate.query.sqm.function.SqmFunctionRegistry - Registered SqmFunctionTemplate [org.hibernate.dialect.function.CurrentFunction@4525c750] under local_datetime; prior registration was null
10:24:44.830 [main] DEBUG org.hibernate.query.sqm.function.SqmFunctionRegistry - Registered SqmFunctionTemplate [org.hibernate.dialect.function.CurrentFunction@45ee7d5f] under offset_datetime; prior registration was null
10:24:44.830 [main] DEBUG org.hibernate.query.sqm.function.SqmFunctionRegistry - Registering alternate key : local date -> local_date
10:24:44.830 [main] DEBUG org.hibernate.query.sqm.function.SqmFunctionRegistry - Registering alternate key : local time -> local_time
10:24:44.830 [main] DEBUG org.hibernate.query.sqm.function.SqmFunctionRegistry - Registering alternate key : local datetime -> local_datetime
10:24:44.830 [main] DEBUG org.hibernate.query.sqm.function.SqmFunctionRegistry - Registering alternate key : offset datetime -> offset_datetime
10:24:44.830 [main] DEBUG org.hibernate.query.sqm.function.SqmFunctionRegistry - Registered SqmFunctionTemplate [org.hibernate.dialect.function.CurrentFunction@4c91cede] under instant; prior registration was null
10:24:44.830 [main] DEBUG org.hibernate.query.sqm.function.SqmFunctionRegistry - Registering alternate key : current_instant -> instant
10:24:44.830 [main] DEBUG org.hibernate.query.sqm.function.SqmFunctionRegistry - Registered SqmFunctionTemplate [org.hibernate.dialect.function.SqlFunction@32d200f5] under sql; prior registration was null
10:24:44.830 [main] DEBUG org.hibernate.query.sqm.function.SqmFunctionRegistry - Registered SqmFunctionTemplate [NamedSqmFunctionTemplate(max)] under max; prior registration was NamedSqmFunctionTemplate(max)
10:24:44.830 [main] DEBUG org.hibernate.query.sqm.function.SqmFunctionRegistry - Registered SqmFunctionTemplate [NamedSqmFunctionTemplate(min)] under min; prior registration was NamedSqmFunctionTemplate(min)
10:24:44.830 [main] DEBUG org.hibernate.query.sqm.function.SqmFunctionRegistry - Registered SqmFunctionTemplate [NamedSqmFunctionTemplate(sum)] under sum; prior registration was NamedSqmFunctionTemplate(sum)
10:24:44.830 [main] DEBUG org.hibernate.query.sqm.function.SqmFunctionRegistry - Registered SqmFunctionTemplate [NamedSqmFunctionTemplate(avg)] under avg; prior registration was NamedSqmFunctionTemplate(avg)
10:24:44.830 [main] DEBUG org.hibernate.query.sqm.function.SqmFunctionRegistry - Registered SqmFunctionTemplate [org.hibernate.dialect.function.CountFunction@59265eb8] under count; prior registration was org.hibernate.dialect.function.CountFunction@78156dfc
10:24:44.830 [main] DEBUG org.hibernate.query.sqm.function.SqmFunctionRegistry - Registered SqmFunctionTemplate [org.hibernate.dialect.function.AvgFunction@6f94c446] under avg; prior registration was NamedSqmFunctionTemplate(avg)
10:24:44.830 [main] DEBUG org.hibernate.query.sqm.function.SqmFunctionRegistry - Registered SqmFunctionTemplate [NamedSqmFunctionTemplate(pi)] under pi; prior registration was org.hibernate.query.sqm.function.PatternBasedSqmFunctionDescriptor@7ddf52d5
10:24:44.830 [main] DEBUG org.hibernate.query.sqm.function.SqmFunctionRegistry - Registered SqmFunctionTemplate [NamedSqmFunctionTemplate(cot)] under cot; prior registration was null
10:24:44.830 [main] DEBUG org.hibernate.query.sqm.function.SqmFunctionRegistry - Registered SqmFunctionTemplate [NamedSqmFunctionTemplate(radians)] under radians; prior registration was null
10:24:44.830 [main] DEBUG org.hibernate.query.sqm.function.SqmFunctionRegistry - Registered SqmFunctionTemplate [NamedSqmFunctionTemplate(degrees)] under degrees; prior registration was null
10:24:44.830 [main] DEBUG org.hibernate.query.sqm.function.SqmFunctionRegistry - Registered SqmFunctionTemplate [NamedSqmFunctionTemplate(log10)] under log10; prior registration was null
10:24:44.830 [main] DEBUG org.hibernate.query.sqm.function.SqmFunctionRegistry - Registered SqmFunctionTemplate [org.hibernate.query.sqm.function.PatternBasedSqmFunctionDescriptor@2d311054] under mod; prior registration was NamedSqmFunctionTemplate(mod)
10:24:44.830 [main] DEBUG org.hibernate.query.sqm.function.SqmFunctionRegistry - Registered SqmFunctionTemplate [NamedSqmFunctionTemplate(rand)] under rand; prior registration was null
10:24:44.830 [main] DEBUG org.hibernate.query.sqm.function.SqmFunctionRegistry - Registered SqmFunctionTemplate [NamedSqmFunctionTemplate(soundex)] under soundex; prior registration was null
10:24:44.830 [main] DEBUG org.hibernate.query.sqm.function.SqmFunctionRegistry - Registered SqmFunctionTemplate [NamedSqmFunctionTemplate(translate)] under translate; prior registration was null
10:24:44.830 [main] DEBUG org.hibernate.query.sqm.function.SqmFunctionRegistry - Registered SqmFunctionTemplate [NamedSqmFunctionTemplate(bitand)] under bitand; prior registration was null
10:24:44.830 [main] DEBUG org.hibernate.query.sqm.function.SqmFunctionRegistry - Registered SqmFunctionTemplate [NamedSqmFunctionTemplate(bitor)] under bitor; prior registration was null
10:24:44.830 [main] DEBUG org.hibernate.query.sqm.function.SqmFunctionRegistry - Registered SqmFunctionTemplate [NamedSqmFunctionTemplate(bitxor)] under bitxor; prior registration was null
10:24:44.830 [main] DEBUG org.hibernate.query.sqm.function.SqmFunctionRegistry - Registered SqmFunctionTemplate [NamedSqmFunctionTemplate(bitnot)] under bitnot; prior registration was null
10:24:44.830 [main] DEBUG org.hibernate.query.sqm.function.SqmFunctionRegistry - Registered SqmFunctionTemplate [NamedSqmFunctionTemplate(bit_and)] under bit_and; prior registration was null
10:24:44.830 [main] DEBUG org.hibernate.query.sqm.function.SqmFunctionRegistry - Registered SqmFunctionTemplate [NamedSqmFunctionTemplate(bit_or)] under bit_or; prior registration was null
10:24:44.830 [main] DEBUG org.hibernate.query.sqm.function.SqmFunctionRegistry - Registered SqmFunctionTemplate [NamedSqmFunctionTemplate(day)] under day; prior registration was null
10:24:44.830 [main] DEBUG org.hibernate.query.sqm.function.SqmFunctionRegistry - Registered SqmFunctionTemplate [NamedSqmFunctionTemplate(month)] under month; prior registration was null
10:24:44.830 [main] DEBUG org.hibernate.query.sqm.function.SqmFunctionRegistry - Registered SqmFunctionTemplate [NamedSqmFunctionTemplate(year)] under year; prior registration was null
10:24:44.830 [main] DEBUG org.hibernate.query.sqm.function.SqmFunctionRegistry - Registered SqmFunctionTemplate [NamedSqmFunctionTemplate(hour)] under hour; prior registration was null
10:24:44.830 [main] DEBUG org.hibernate.query.sqm.function.SqmFunctionRegistry - Registered SqmFunctionTemplate [NamedSqmFunctionTemplate(minute)] under minute; prior registration was null
10:24:44.830 [main] DEBUG org.hibernate.query.sqm.function.SqmFunctionRegistry - Registered SqmFunctionTemplate [NamedSqmFunctionTemplate(second)] under second; prior registration was null
10:24:44.830 [main] DEBUG org.hibernate.query.sqm.function.SqmFunctionRegistry - Registered SqmFunctionTemplate [NamedSqmFunctionTemplate(microsecond)] under microsecond; prior registration was null
10:24:44.830 [main] DEBUG org.hibernate.query.sqm.function.SqmFunctionRegistry - Registered SqmFunctionTemplate [NamedSqmFunctionTemplate(day_of_week)] under day_of_week; prior registration was null
10:24:44.830 [main] DEBUG org.hibernate.query.sqm.function.SqmFunctionRegistry - Registered SqmFunctionTemplate [NamedSqmFunctionTemplate(day_of_month)] under day_of_month; prior registration was null
10:24:44.830 [main] DEBUG org.hibernate.query.sqm.function.SqmFunctionRegistry - Registering alternate key : day -> day_of_month
10:24:44.830 [main] DEBUG org.hibernate.query.sqm.function.SqmFunctionRegistry - Registered SqmFunctionTemplate [NamedSqmFunctionTemplate(day_of_year)] under day_of_year; prior registration was null
10:24:44.830 [main] DEBUG org.hibernate.query.sqm.function.SqmFunctionRegistry - Registered SqmFunctionTemplate [NamedSqmFunctionTemplate(week)] under week; prior registration was null
10:24:44.830 [main] DEBUG org.hibernate.query.sqm.function.SqmFunctionRegistry - Registered SqmFunctionTemplate [NamedSqmFunctionTemplate(quarter)] under quarter; prior registration was null
10:24:44.830 [main] DEBUG org.hibernate.query.sqm.function.SqmFunctionRegistry - Registered SqmFunctionTemplate [NamedSqmFunctionTemplate(monthname)] under monthname; prior registration was null
10:24:44.830 [main] DEBUG org.hibernate.query.sqm.function.SqmFunctionRegistry - Registered SqmFunctionTemplate [NamedSqmFunctionTemplate(dayname)] under dayname; prior registration was null
10:24:44.830 [main] DEBUG org.hibernate.query.sqm.function.SqmFunctionRegistry - Registered SqmFunctionTemplate [NamedSqmFunctionTemplate(localtime)] under localtime; prior registration was null
10:24:44.830 [main] DEBUG org.hibernate.query.sqm.function.SqmFunctionRegistry - Registered SqmFunctionTemplate [NamedSqmFunctionTemplate(localtimestamp)] under localtimestamp; prior registration was null
10:24:44.830 [main] DEBUG org.hibernate.query.sqm.function.SqmFunctionRegistry - Registered SqmFunctionTemplate [NamedSqmFunctionTemplate(localtime)] under local_time; prior registration was org.hibernate.dialect.function.CurrentFunction@212bf2d3
10:24:44.830 [main] DEBUG org.hibernate.query.sqm.function.SqmFunctionRegistry - Registered SqmFunctionTemplate [NamedSqmFunctionTemplate(localtimestamp)] under local_datetime; prior registration was org.hibernate.dialect.function.CurrentFunction@4525c750
10:24:44.830 [main] DEBUG org.hibernate.query.sqm.function.SqmFunctionRegistry - Registered SqmFunctionTemplate [org.hibernate.dialect.function.TruncFunction@f4668af] under trunc; prior registration was null
10:24:44.830 [main] DEBUG org.hibernate.query.sqm.function.SqmFunctionRegistry - Registering alternate key : truncate -> trunc
10:24:44.830 [main] DEBUG org.hibernate.query.sqm.function.SqmFunctionRegistry - Registered SqmFunctionTemplate [org.hibernate.query.sqm.function.PatternBasedSqmFunctionDescriptor@647e3461] under date_trunc; prior registration was null
10:24:44.830 [main] DEBUG org.hibernate.query.sqm.function.SqmFunctionRegistry - Registered SqmFunctionTemplate [NamedSqmFunctionTemplate(bit_length)] under bit_length; prior registration was null
10:24:44.830 [main] DEBUG org.hibernate.query.sqm.function.SqmFunctionRegistry - Registered SqmFunctionTemplate [NamedSqmFunctionTemplate(octet_length)] under octet_length; prior registration was null
10:24:44.830 [main] DEBUG org.hibernate.query.sqm.function.SqmFunctionRegistry - Registered SqmFunctionTemplate [NamedSqmFunctionTemplate(ascii)] under ascii; prior registration was null
10:24:44.830 [main] DEBUG org.hibernate.query.sqm.function.SqmFunctionRegistry - Registered SqmFunctionTemplate [NamedSqmFunctionTemplate(octet_length)] under octet_length; prior registration was NamedSqmFunctionTemplate(octet_length)
10:24:44.830 [main] DEBUG org.hibernate.query.sqm.function.SqmFunctionRegistry - Registered SqmFunctionTemplate [NamedSqmFunctionTemplate(space)] under space; prior registration was null
10:24:44.830 [main] DEBUG org.hibernate.query.sqm.function.SqmFunctionRegistry - Registered SqmFunctionTemplate [NamedSqmFunctionTemplate(repeat)] under repeat; prior registration was null
10:24:44.830 [main] DEBUG org.hibernate.query.sqm.function.SqmFunctionRegistry - Registered SqmFunctionTemplate [NamedSqmFunctionTemplate(char)] under char; prior registration was null
10:24:44.830 [main] DEBUG org.hibernate.query.sqm.function.SqmFunctionRegistry - Registering alternate key : chr -> char
10:24:44.830 [main] DEBUG org.hibernate.query.sqm.function.SqmFunctionRegistry - Registered SqmFunctionTemplate [NamedSqmFunctionTemplate(instr)] under instr; prior registration was null
10:24:44.830 [main] DEBUG org.hibernate.query.sqm.function.SqmFunctionRegistry - Registered SqmFunctionTemplate [NamedSqmFunctionTemplate(substr)] under substr; prior registration was null
10:24:44.830 [main] DEBUG org.hibernate.query.sqm.function.SqmFunctionRegistry - Registered SqmFunctionTemplate [org.hibernate.query.sqm.function.PatternBasedSqmFunctionDescriptor@2d017a5c] under position; prior registration was org.hibernate.dialect.function.LocatePositionEmulation@6100ae67
10:24:44.830 [main] DEBUG org.hibernate.query.sqm.function.SqmFunctionRegistry - Registered SqmFunctionTemplate [NamedSqmFunctionTemplate(ltrim)] under ltrim; prior registration was null
10:24:44.830 [main] DEBUG org.hibernate.query.sqm.function.SqmFunctionRegistry - Registered SqmFunctionTemplate [NamedSqmFunctionTemplate(rtrim)] under rtrim; prior registration was null
10:24:44.830 [main] DEBUG org.hibernate.query.sqm.function.SqmFunctionRegistry - Registered SqmFunctionTemplate [org.hibernate.query.sqm.function.PatternBasedSqmFunctionDescriptor@8176c18] under concat; prior registration was NamedSqmFunctionTemplate(concat)
10:24:44.830 [main] DEBUG org.hibernate.query.sqm.function.SqmFunctionRegistry - Registered SqmFunctionTemplate [NamedSqmFunctionTemplate(curtime)] under curtime; prior registration was null
10:24:44.830 [main] DEBUG org.hibernate.query.sqm.function.SqmFunctionRegistry - Registered SqmFunctionTemplate [NamedSqmFunctionTemplate(curdate)] under curdate; prior registration was null
10:24:44.830 [main] DEBUG org.hibernate.query.sqm.function.SqmFunctionRegistry - Registered SqmFunctionTemplate [NamedSqmFunctionTemplate(now)] under now; prior registration was null
10:24:44.830 [main] DEBUG org.hibernate.query.sqm.function.SqmFunctionRegistry - Registered SqmFunctionTemplate [NamedSqmFunctionTemplate(sysdate)] under sysdate; prior registration was null
10:24:44.830 [main] DEBUG org.hibernate.query.sqm.function.SqmFunctionRegistry - Registered SqmFunctionTemplate [NamedSqmFunctionTemplate(insert)] under insert; prior registration was null
10:24:44.830 [main] DEBUG org.hibernate.query.sqm.function.SqmFunctionRegistry - Registered SqmFunctionTemplate [NamedSqmFunctionTemplate(bool_and)] under bool_and; prior registration was null
10:24:44.830 [main] DEBUG org.hibernate.query.sqm.function.SqmFunctionRegistry - Registering alternate key : every -> bool_and
10:24:44.830 [main] DEBUG org.hibernate.query.sqm.function.SqmFunctionRegistry - Registered SqmFunctionTemplate [NamedSqmFunctionTemplate(bool_or)] under bool_or; prior registration was null
10:24:44.830 [main] DEBUG org.hibernate.query.sqm.function.SqmFunctionRegistry - Registering alternate key : any -> bool_or
10:24:44.830 [main] DEBUG org.hibernate.query.sqm.function.SqmFunctionRegistry - Registered SqmFunctionTemplate [NamedSqmFunctionTemplate(median)] under median; prior registration was null
10:24:44.830 [main] DEBUG org.hibernate.query.sqm.function.SqmFunctionRegistry - Registered SqmFunctionTemplate [NamedSqmFunctionTemplate(stddev_pop)] under stddev_pop; prior registration was null
10:24:44.830 [main] DEBUG org.hibernate.query.sqm.function.SqmFunctionRegistry - Registered SqmFunctionTemplate [NamedSqmFunctionTemplate(stddev_samp)] under stddev_samp; prior registration was null
10:24:44.830 [main] DEBUG org.hibernate.query.sqm.function.SqmFunctionRegistry - Registered SqmFunctionTemplate [NamedSqmFunctionTemplate(var_pop)] under var_pop; prior registration was null
10:24:44.830 [main] DEBUG org.hibernate.query.sqm.function.SqmFunctionRegistry - Registered SqmFunctionTemplate [NamedSqmFunctionTemplate(var_samp)] under var_samp; prior registration was null
10:24:44.830 [main] DEBUG org.hibernate.query.sqm.function.SqmFunctionRegistry - Registered SqmFunctionTemplate [org.hibernate.dialect.function.FormatFunction@34a87ea5] under format; prior registration was org.hibernate.dialect.function.FormatFunction@5110ff91
10:24:44.830 [main] DEBUG org.hibernate.query.sqm.function.SqmFunctionRegistry - Registered SqmFunctionTemplate [NamedSqmFunctionTemplate(rownum)] under rownum; prior registration was null
10:24:44.830 [main] DEBUG org.hibernate.query.sqm.function.SqmFunctionRegistry - Registered SqmFunctionTemplate [NamedSqmFunctionTemplate(row_number)] under row_number; prior registration was null
10:24:44.830 [main] DEBUG org.hibernate.query.sqm.function.SqmFunctionRegistry - Registered SqmFunctionTemplate [NamedSqmFunctionTemplate(lag)] under lag; prior registration was null
10:24:44.830 [main] DEBUG org.hibernate.query.sqm.function.SqmFunctionRegistry - Registered SqmFunctionTemplate [NamedSqmFunctionTemplate(lead)] under lead; prior registration was null
10:24:44.830 [main] DEBUG org.hibernate.query.sqm.function.SqmFunctionRegistry - Registered SqmFunctionTemplate [NamedSqmFunctionTemplate(first_value)] under first_value; prior registration was null
10:24:44.830 [main] DEBUG org.hibernate.query.sqm.function.SqmFunctionRegistry - Registered SqmFunctionTemplate [NamedSqmFunctionTemplate(last_value)] under last_value; prior registration was null
10:24:44.830 [main] DEBUG org.hibernate.query.sqm.function.SqmFunctionRegistry - Registered SqmFunctionTemplate [NamedSqmFunctionTemplate(nth_value)] under nth_value; prior registration was null
10:24:44.831 [main] DEBUG org.hibernate.query.sqm.function.SqmFunctionRegistry - Registered SqmFunctionTemplate [org.hibernate.dialect.function.ListaggFunction@21e0896d] under listagg; prior registration was null
10:24:44.831 [main] DEBUG org.hibernate.query.sqm.function.SqmFunctionRegistry - Registered SqmFunctionTemplate [org.hibernate.dialect.function.InverseDistributionFunction@795c497] under mode; prior registration was null
10:24:44.831 [main] DEBUG org.hibernate.query.sqm.function.SqmFunctionRegistry - Registered SqmFunctionTemplate [org.hibernate.dialect.function.InverseDistributionFunction@34510fd1] under percentile_cont; prior registration was null
10:24:44.831 [main] DEBUG org.hibernate.query.sqm.function.SqmFunctionRegistry - Registered SqmFunctionTemplate [org.hibernate.dialect.function.InverseDistributionFunction@43fb02a8] under percentile_disc; prior registration was null
10:24:44.831 [main] DEBUG org.hibernate.query.sqm.function.SqmFunctionRegistry - Registered SqmFunctionTemplate [org.hibernate.dialect.function.HypotheticalSetFunction@6675505b] under rank; prior registration was null
10:24:44.831 [main] DEBUG org.hibernate.query.sqm.function.SqmFunctionRegistry - Registered SqmFunctionTemplate [org.hibernate.dialect.function.HypotheticalSetFunction@4fed817e] under dense_rank; prior registration was null
10:24:44.831 [main] DEBUG org.hibernate.query.sqm.function.SqmFunctionRegistry - Registered SqmFunctionTemplate [org.hibernate.dialect.function.HypotheticalSetFunction@737e30d5] under percent_rank; prior registration was null
10:24:44.831 [main] DEBUG org.hibernate.query.sqm.function.SqmFunctionRegistry - Registered SqmFunctionTemplate [org.hibernate.dialect.function.HypotheticalSetFunction@688b9250] under cume_dist; prior registration was null
10:24:44.831 [main] DEBUG org.hibernate.query.sqm.function.SqmFunctionRegistry - Registered SqmFunctionTemplate [org.hibernate.dialect.function.array.ArrayConstructorFunction@2430e092] under array; prior registration was null
10:24:44.831 [main] DEBUG org.hibernate.query.sqm.function.SqmFunctionRegistry - Registered SqmFunctionTemplate [org.hibernate.dialect.function.array.ArrayConstructorFunction@775731b] under array_list; prior registration was null
10:24:44.831 [main] DEBUG org.hibernate.query.sqm.function.SqmFunctionRegistry - Registered SqmFunctionTemplate [org.hibernate.dialect.function.array.ArrayAggFunction@50f03b8] under array_agg; prior registration was null
10:24:44.831 [main] DEBUG org.hibernate.query.sqm.function.SqmFunctionRegistry - Registered SqmFunctionTemplate [org.hibernate.dialect.function.array.H2ArrayPositionFunction@3122085b] under array_position; prior registration was null
10:24:44.831 [main] DEBUG org.hibernate.query.sqm.function.SqmFunctionRegistry - Registered SqmFunctionTemplate [org.hibernate.dialect.function.array.H2ArrayPositionsFunction@3e741e7b] under array_positions; prior registration was null
10:24:44.831 [main] DEBUG org.hibernate.query.sqm.function.SqmFunctionRegistry - Registered SqmFunctionTemplate [org.hibernate.dialect.function.array.H2ArrayPositionsFunction@625a7026] under array_positions_list; prior registration was null
10:24:44.831 [main] DEBUG org.hibernate.query.sqm.function.SqmFunctionRegistry - Registered SqmFunctionTemplate [org.hibernate.query.sqm.function.PatternBasedSqmFunctionDescriptor@5a832f52] under array_length; prior registration was null
10:24:44.831 [main] DEBUG org.hibernate.query.sqm.function.SqmFunctionRegistry - Registered SqmFunctionTemplate [org.hibernate.dialect.function.array.ArrayConcatFunction@441a75bf] under array_concat; prior registration was null
10:24:44.831 [main] DEBUG org.hibernate.query.sqm.function.SqmFunctionRegistry - Registered SqmFunctionTemplate [org.hibernate.dialect.function.array.ArrayConcatElementFunction@59da185a] under array_prepend; prior registration was null
10:24:44.831 [main] DEBUG org.hibernate.query.sqm.function.SqmFunctionRegistry - Registered SqmFunctionTemplate [org.hibernate.dialect.function.array.ArrayConcatElementFunction@68309807] under array_append; prior registration was null
10:24:44.831 [main] DEBUG org.hibernate.query.sqm.function.SqmFunctionRegistry - Registered SqmFunctionTemplate [org.hibernate.dialect.function.array.H2ArrayContainsFunction@2b0ac3ec] under array_contains; prior registration was null
10:24:44.831 [main] DEBUG org.hibernate.query.sqm.function.SqmFunctionRegistry - Registered SqmFunctionTemplate [org.hibernate.dialect.function.array.H2ArrayContainsFunction@3caafcbf] under array_contains_nullable; prior registration was null
10:24:44.831 [main] DEBUG org.hibernate.query.sqm.function.SqmFunctionRegistry - Registered SqmFunctionTemplate [org.hibernate.dialect.function.array.H2ArrayOverlapsFunction@35bb2bb8] under array_overlaps; prior registration was null
10:24:44.831 [main] DEBUG org.hibernate.query.sqm.function.SqmFunctionRegistry - Registered SqmFunctionTemplate [org.hibernate.dialect.function.array.H2ArrayOverlapsFunction@59277da8] under array_overlaps_nullable; prior registration was null
10:24:44.831 [main] DEBUG org.hibernate.query.sqm.function.SqmFunctionRegistry - Registered SqmFunctionTemplate [org.hibernate.query.sqm.function.PatternBasedSqmFunctionDescriptor@244fc0c3] under array_get; prior registration was null
10:24:44.831 [main] DEBUG org.hibernate.query.sqm.function.SqmFunctionRegistry - Registered SqmFunctionTemplate [org.hibernate.dialect.function.array.H2ArraySetFunction@4f6b8ff1] under array_set; prior registration was null
10:24:44.831 [main] DEBUG org.hibernate.query.sqm.function.SqmFunctionRegistry - Registered SqmFunctionTemplate [org.hibernate.dialect.function.array.H2ArrayRemoveFunction@23618b4f] under array_remove; prior registration was null
10:24:44.831 [main] DEBUG org.hibernate.query.sqm.function.SqmFunctionRegistry - Registered SqmFunctionTemplate [org.hibernate.dialect.function.array.H2ArrayRemoveIndexFunction@41c968b6] under array_remove_index; prior registration was null
10:24:44.831 [main] DEBUG org.hibernate.query.sqm.function.SqmFunctionRegistry - Registered SqmFunctionTemplate [org.hibernate.query.sqm.function.PatternBasedSqmFunctionDescriptor@1bdae194] under array_slice; prior registration was null
10:24:44.831 [main] DEBUG org.hibernate.query.sqm.function.SqmFunctionRegistry - Registered SqmFunctionTemplate [org.hibernate.dialect.function.array.H2ArrayReplaceFunction@8dde119] under array_replace; prior registration was null
10:24:44.831 [main] DEBUG org.hibernate.query.sqm.function.SqmFunctionRegistry - Registered SqmFunctionTemplate [org.hibernate.query.sqm.function.PatternBasedSqmFunctionDescriptor@274938be] under array_trim; prior registration was null
10:24:44.831 [main] DEBUG org.hibernate.query.sqm.function.SqmFunctionRegistry - Registered SqmFunctionTemplate [org.hibernate.dialect.function.array.H2ArrayFillFunction@2d4f6839] under array_fill; prior registration was null
10:24:44.831 [main] DEBUG org.hibernate.query.sqm.function.SqmFunctionRegistry - Registered SqmFunctionTemplate [org.hibernate.dialect.function.array.H2ArrayFillFunction@61d5ea45] under array_fill_list; prior registration was null
10:24:44.831 [main] DEBUG org.hibernate.query.sqm.function.SqmFunctionRegistry - Registered SqmFunctionTemplate [org.hibernate.dialect.function.array.H2ArrayToStringFunction@6670a4f] under array_to_string; prior registration was null
10:24:44.831 [main] DEBUG org.hibernate.HQL_FUNCTIONS - abs(NUMERIC arg)
10:24:44.831 [main] DEBUG org.hibernate.HQL_FUNCTIONS - Double acos(NUMERIC arg)
10:24:44.831 [main] DEBUG org.hibernate.HQL_FUNCTIONS - Boolean any(BOOLEAN predicate)
10:24:44.831 [main] DEBUG org.hibernate.HQL_FUNCTIONS - array( ... )
10:24:44.831 [main] DEBUG org.hibernate.HQL_FUNCTIONS - array_agg(arg)
10:24:44.831 [main] DEBUG org.hibernate.HQL_FUNCTIONS - array_append( ... )
10:24:44.831 [main] DEBUG org.hibernate.HQL_FUNCTIONS - array_concat( ... )
10:24:44.831 [main] DEBUG org.hibernate.HQL_FUNCTIONS - Boolean array_contains(ARRAY haystackArray, OBJECT needleElementOrArray)
10:24:44.831 [main] DEBUG org.hibernate.HQL_FUNCTIONS - Boolean array_contains_nullable(ARRAY haystackArray, OBJECT needleElementOrArray)
10:24:44.831 [main] DEBUG org.hibernate.HQL_FUNCTIONS - array_fill(OBJECT element, INTEGER elementCount)
10:24:44.831 [main] DEBUG org.hibernate.HQL_FUNCTIONS - array_fill_list(OBJECT element, INTEGER elementCount)
10:24:44.831 [main] DEBUG org.hibernate.HQL_FUNCTIONS - array_get(ARRAY array, INTEGER index)
10:24:44.831 [main] DEBUG org.hibernate.HQL_FUNCTIONS - Integer array_length(ARRAY array)
10:24:44.831 [main] DEBUG org.hibernate.HQL_FUNCTIONS - array_list( ... )
10:24:44.831 [main] DEBUG org.hibernate.HQL_FUNCTIONS - Boolean array_overlaps(ARRAY array0, OBJECT array1)
10:24:44.831 [main] DEBUG org.hibernate.HQL_FUNCTIONS - Boolean array_overlaps_nullable(ARRAY array0, OBJECT array1)
10:24:44.831 [main] DEBUG org.hibernate.HQL_FUNCTIONS - Integer array_position(ARRAY array, OBJECT element[, INTEGER startPosition])
10:24:44.831 [main] DEBUG org.hibernate.HQL_FUNCTIONS - int[] array_positions(ARRAY array, OBJECT element)
10:24:44.831 [main] DEBUG org.hibernate.HQL_FUNCTIONS - List array_positions_list(ARRAY array, OBJECT element)
10:24:44.831 [main] DEBUG org.hibernate.HQL_FUNCTIONS - array_prepend( ... )
10:24:44.831 [main] DEBUG org.hibernate.HQL_FUNCTIONS - array_remove( ... )
10:24:44.831 [main] DEBUG org.hibernate.HQL_FUNCTIONS - array_remove_index( ... )
10:24:44.831 [main] DEBUG org.hibernate.HQL_FUNCTIONS - array_replace( ... )
10:24:44.831 [main] DEBUG org.hibernate.HQL_FUNCTIONS - array_set( ... )
10:24:44.831 [main] DEBUG org.hibernate.HQL_FUNCTIONS - array_slice(ARRAY array, INTEGER start, INTEGER end)
10:24:44.831 [main] DEBUG org.hibernate.HQL_FUNCTIONS - String array_to_string( ... )
10:24:44.831 [main] DEBUG org.hibernate.HQL_FUNCTIONS - array_trim(ARRAY array, INTEGER elementsToRemove)
10:24:44.831 [main] DEBUG org.hibernate.HQL_FUNCTIONS - Integer ascii(STRING arg)
10:24:44.831 [main] DEBUG org.hibernate.HQL_FUNCTIONS - Double asin(NUMERIC arg)
10:24:44.831 [main] DEBUG org.hibernate.HQL_FUNCTIONS - Double atan(NUMERIC arg)
10:24:44.831 [main] DEBUG org.hibernate.HQL_FUNCTIONS - Double atan2(NUMERIC arg0, NUMERIC arg1)
10:24:44.831 [main] DEBUG org.hibernate.HQL_FUNCTIONS - avg(NUMERIC arg)
10:24:44.831 [main] DEBUG org.hibernate.HQL_FUNCTIONS - bit_and(arg)
10:24:44.831 [main] DEBUG org.hibernate.HQL_FUNCTIONS - Integer bit_length(STRING_OR_CLOB arg)
10:24:44.831 [main] DEBUG org.hibernate.HQL_FUNCTIONS - bit_or(arg)
10:24:44.831 [main] DEBUG org.hibernate.HQL_FUNCTIONS - bitand(arg0, arg1)
10:24:44.831 [main] DEBUG org.hibernate.HQL_FUNCTIONS - bitnot(arg)
10:24:44.831 [main] DEBUG org.hibernate.HQL_FUNCTIONS - bitor(arg0, arg1)
10:24:44.831 [main] DEBUG org.hibernate.HQL_FUNCTIONS - bitxor(arg0, arg1)
10:24:44.831 [main] DEBUG org.hibernate.HQL_FUNCTIONS - Boolean bool_and(BOOLEAN predicate)
10:24:44.831 [main] DEBUG org.hibernate.HQL_FUNCTIONS - Boolean bool_or(BOOLEAN predicate)
10:24:44.831 [main] DEBUG org.hibernate.HQL_FUNCTIONS - cast(arg as Type)
10:24:44.831 [main] DEBUG org.hibernate.HQL_FUNCTIONS - ceiling(NUMERIC arg)
10:24:44.831 [main] DEBUG org.hibernate.HQL_FUNCTIONS - Character char(INTEGER arg)
10:24:44.831 [main] DEBUG org.hibernate.HQL_FUNCTIONS - Integer character_length(STRING_OR_CLOB arg)
10:24:44.831 [main] DEBUG org.hibernate.HQL_FUNCTIONS - Character chr(INTEGER arg)
10:24:44.831 [main] DEBUG org.hibernate.HQL_FUNCTIONS - coalesce(arg0[, arg1[, ...]])
10:24:44.831 [main] DEBUG org.hibernate.HQL_FUNCTIONS - String collate(STRING string as COLLATION collation)
10:24:44.831 [main] DEBUG org.hibernate.HQL_FUNCTIONS - String concat(STRING string0[, STRING string1[, ...]])
10:24:44.831 [main] DEBUG org.hibernate.HQL_FUNCTIONS - Double cos(NUMERIC arg)
10:24:44.831 [main] DEBUG org.hibernate.HQL_FUNCTIONS - Double cosh(NUMERIC arg)
10:24:44.831 [main] DEBUG org.hibernate.HQL_FUNCTIONS - Double cot(NUMERIC arg)
10:24:44.831 [main] DEBUG org.hibernate.HQL_FUNCTIONS - Long count([distinct ]{arg|*})
10:24:44.831 [main] DEBUG org.hibernate.HQL_FUNCTIONS - Double cume_dist([arg0[, ...]])
10:24:44.831 [main] DEBUG org.hibernate.HQL_FUNCTIONS - Date curdate()
10:24:44.831 [main] DEBUG org.hibernate.HQL_FUNCTIONS - Date current date
10:24:44.831 [main] DEBUG org.hibernate.HQL_FUNCTIONS - Time current time
10:24:44.831 [main] DEBUG org.hibernate.HQL_FUNCTIONS - Timestamp current timestamp
10:24:44.831 [main] DEBUG org.hibernate.HQL_FUNCTIONS - Date current_date
10:24:44.831 [main] DEBUG org.hibernate.HQL_FUNCTIONS - Instant current_instant
10:24:44.831 [main] DEBUG org.hibernate.HQL_FUNCTIONS - Time current_time
10:24:44.831 [main] DEBUG org.hibernate.HQL_FUNCTIONS - Timestamp current_timestamp
10:24:44.831 [main] DEBUG org.hibernate.HQL_FUNCTIONS - Time curtime()
10:24:44.831 [main] DEBUG org.hibernate.HQL_FUNCTIONS - date_trunc(STRING field, TEMPORAL datetime)
10:24:44.831 [main] DEBUG org.hibernate.HQL_FUNCTIONS - dateadd(TEMPORAL_UNIT field, INTEGER magnitude, TEMPORAL datetime)
10:24:44.831 [main] DEBUG org.hibernate.HQL_FUNCTIONS - Long|Double datediff(TEMPORAL_UNIT field, TEMPORAL start, TEMPORAL end)
10:24:44.831 [main] DEBUG org.hibernate.HQL_FUNCTIONS - Integer day(DATE arg)
10:24:44.831 [main] DEBUG org.hibernate.HQL_FUNCTIONS - Integer day_of_month(DATE arg)
10:24:44.831 [main] DEBUG org.hibernate.HQL_FUNCTIONS - Integer day_of_week(DATE arg)
10:24:44.831 [main] DEBUG org.hibernate.HQL_FUNCTIONS - Integer day_of_year(DATE arg)
10:24:44.831 [main] DEBUG org.hibernate.HQL_FUNCTIONS - String dayname(DATE arg)
10:24:44.831 [main] DEBUG org.hibernate.HQL_FUNCTIONS - Double degrees(NUMERIC arg)
10:24:44.831 [main] DEBUG org.hibernate.HQL_FUNCTIONS - Long dense_rank([arg0[, ...]])
10:24:44.831 [main] DEBUG org.hibernate.HQL_FUNCTIONS - Boolean every(BOOLEAN predicate)
10:24:44.831 [main] DEBUG org.hibernate.HQL_FUNCTIONS - Double exp(NUMERIC arg)
10:24:44.831 [main] DEBUG org.hibernate.HQL_FUNCTIONS - extract(TEMPORAL_UNIT field from TEMPORAL arg)
10:24:44.831 [main] DEBUG org.hibernate.HQL_FUNCTIONS - first_valueANY value
10:24:44.831 [main] DEBUG org.hibernate.HQL_FUNCTIONS - floor(NUMERIC arg)
10:24:44.831 [main] DEBUG org.hibernate.HQL_FUNCTIONS - String format(TEMPORAL datetime as STRING pattern)
10:24:44.831 [main] DEBUG org.hibernate.HQL_FUNCTIONS - greatest(COMPARABLE arg0, COMPARABLE arg1[, arg2[, ...]])
10:24:44.831 [main] DEBUG org.hibernate.HQL_FUNCTIONS - Integer hour(TIME arg)
10:24:44.831 [main] DEBUG org.hibernate.HQL_FUNCTIONS - ifnull(arg0, arg1)
10:24:44.831 [main] DEBUG org.hibernate.HQL_FUNCTIONS - String insert(STRING string, INTEGER start, INTEGER length, STRING replacement)
10:24:44.831 [main] DEBUG org.hibernate.HQL_FUNCTIONS - Instant instant
10:24:44.831 [main] DEBUG org.hibernate.HQL_FUNCTIONS - Integer instr(STRING string, STRING pattern[, INTEGER start[, INTEGER occurrence]])
10:24:44.831 [main] DEBUG org.hibernate.HQL_FUNCTIONS - lagANY value[, INTEGER offset[, ANY default]]
10:24:44.831 [main] DEBUG org.hibernate.HQL_FUNCTIONS - last_valueANY value
10:24:44.831 [main] DEBUG org.hibernate.HQL_FUNCTIONS - leadANY value[, INTEGER offset[, ANY default]]
10:24:44.831 [main] DEBUG org.hibernate.HQL_FUNCTIONS - least(COMPARABLE arg0, COMPARABLE arg1[, arg2[, ...]])
10:24:44.831 [main] DEBUG org.hibernate.HQL_FUNCTIONS - String left(STRING string, INTEGER length)
10:24:44.831 [main] DEBUG org.hibernate.HQL_FUNCTIONS - Integer length(STRING_OR_CLOB arg)
10:24:44.831 [main] DEBUG org.hibernate.HQL_FUNCTIONS - String listagg(STRING arg0, STRING arg1)
10:24:44.831 [main] DEBUG org.hibernate.HQL_FUNCTIONS - Double ln(NUMERIC arg)
10:24:44.831 [main] DEBUG org.hibernate.HQL_FUNCTIONS - LocalDate local date
10:24:44.831 [main] DEBUG org.hibernate.HQL_FUNCTIONS - LocalDateTime local datetime
10:24:44.831 [main] DEBUG org.hibernate.HQL_FUNCTIONS - LocalTime local time
10:24:44.831 [main] DEBUG org.hibernate.HQL_FUNCTIONS - LocalDate local_date
10:24:44.831 [main] DEBUG org.hibernate.HQL_FUNCTIONS - LocalDateTime local_datetime
10:24:44.831 [main] DEBUG org.hibernate.HQL_FUNCTIONS - LocalTime local_time
10:24:44.831 [main] DEBUG org.hibernate.HQL_FUNCTIONS - Time localtime
10:24:44.831 [main] DEBUG org.hibernate.HQL_FUNCTIONS - Timestamp localtimestamp
10:24:44.831 [main] DEBUG org.hibernate.HQL_FUNCTIONS - Integer locate(STRING pattern, STRING string[, INTEGER start])
10:24:44.831 [main] DEBUG org.hibernate.HQL_FUNCTIONS - Double log(NUMERIC base, NUMERIC arg)
10:24:44.831 [main] DEBUG org.hibernate.HQL_FUNCTIONS - Double log10(NUMERIC arg)
10:24:44.831 [main] DEBUG org.hibernate.HQL_FUNCTIONS - String lower(STRING string)
10:24:44.831 [main] DEBUG org.hibernate.HQL_FUNCTIONS - String lpad(STRING string, INTEGER length[, STRING padding])
10:24:44.831 [main] DEBUG org.hibernate.HQL_FUNCTIONS - String ltrim(STRING string)
10:24:44.831 [main] DEBUG org.hibernate.HQL_FUNCTIONS - max(COMPARABLE arg)
10:24:44.831 [main] DEBUG org.hibernate.HQL_FUNCTIONS - Double median(NUMERIC arg)
10:24:44.831 [main] DEBUG org.hibernate.HQL_FUNCTIONS - Integer microsecond(TIME arg)
10:24:44.831 [main] DEBUG org.hibernate.HQL_FUNCTIONS - min(COMPARABLE arg)
10:24:44.831 [main] DEBUG org.hibernate.HQL_FUNCTIONS - Integer minute(TIME arg)
10:24:44.831 [main] DEBUG org.hibernate.HQL_FUNCTIONS - Integer mod(INTEGER arg0, INTEGER arg1)
10:24:44.831 [main] DEBUG org.hibernate.HQL_FUNCTIONS - mode()
10:24:44.831 [main] DEBUG org.hibernate.HQL_FUNCTIONS - Integer month(DATE arg)
10:24:44.831 [main] DEBUG org.hibernate.HQL_FUNCTIONS - String monthname(DATE arg)
10:24:44.831 [main] DEBUG org.hibernate.HQL_FUNCTIONS - Timestamp now()
10:24:44.831 [main] DEBUG org.hibernate.HQL_FUNCTIONS - nth_valueANY value, INTEGER nth
10:24:44.831 [main] DEBUG org.hibernate.HQL_FUNCTIONS - nullif(arg0, arg1)
10:24:44.831 [main] DEBUG org.hibernate.HQL_FUNCTIONS - Integer octet_length(STRING_OR_CLOB arg)
10:24:44.831 [main] DEBUG org.hibernate.HQL_FUNCTIONS - OffsetDateTime offset datetime
10:24:44.831 [main] DEBUG org.hibernate.HQL_FUNCTIONS - OffsetDateTime offset_datetime
10:24:44.831 [main] DEBUG org.hibernate.HQL_FUNCTIONS - String overlay(STRING string placing STRING replacement from INTEGER start[ for INTEGER length])
10:24:44.831 [main] DEBUG org.hibernate.HQL_FUNCTIONS - String pad(STRING string with INTEGER length {leading|trailing}[ STRING character])
10:24:44.831 [main] DEBUG org.hibernate.HQL_FUNCTIONS - Double percent_rank([arg0[, ...]])
10:24:44.831 [main] DEBUG org.hibernate.HQL_FUNCTIONS - percentile_cont(NUMERIC arg)
10:24:44.831 [main] DEBUG org.hibernate.HQL_FUNCTIONS - percentile_disc(NUMERIC arg)
10:24:44.831 [main] DEBUG org.hibernate.HQL_FUNCTIONS - Double pi
10:24:44.831 [main] DEBUG org.hibernate.HQL_FUNCTIONS - Integer position(STRING pattern in STRING string)
10:24:44.831 [main] DEBUG org.hibernate.HQL_FUNCTIONS - Double power(NUMERIC arg0, NUMERIC arg1)
10:24:44.831 [main] DEBUG org.hibernate.HQL_FUNCTIONS - Integer quarter(DATE arg)
10:24:44.831 [main] DEBUG org.hibernate.HQL_FUNCTIONS - Double radians(NUMERIC arg)
10:24:44.831 [main] DEBUG org.hibernate.HQL_FUNCTIONS - Double rand([INTEGER seed])
10:24:44.831 [main] DEBUG org.hibernate.HQL_FUNCTIONS - Long rank([arg0[, ...]])
10:24:44.831 [main] DEBUG org.hibernate.HQL_FUNCTIONS - String repeat(STRING string, INTEGER times)
10:24:44.831 [main] DEBUG org.hibernate.HQL_FUNCTIONS - String replace(STRING string, STRING pattern, STRING replacement)
10:24:44.831 [main] DEBUG org.hibernate.HQL_FUNCTIONS - String right(STRING string, INTEGER length)
10:24:44.831 [main] DEBUG org.hibernate.HQL_FUNCTIONS - round(NUMERIC number[, INTEGER places])
10:24:44.831 [main] DEBUG org.hibernate.HQL_FUNCTIONS - Long row_number()
10:24:44.831 [main] DEBUG org.hibernate.HQL_FUNCTIONS - Long rownum()
10:24:44.831 [main] DEBUG org.hibernate.HQL_FUNCTIONS - String rpad(STRING string, INTEGER length[, STRING padding])
10:24:44.831 [main] DEBUG org.hibernate.HQL_FUNCTIONS - String rtrim(STRING string)
10:24:44.831 [main] DEBUG org.hibernate.HQL_FUNCTIONS - Integer second(TIME arg)
10:24:44.831 [main] DEBUG org.hibernate.HQL_FUNCTIONS - Integer sign(NUMERIC arg)
10:24:44.832 [main] DEBUG org.hibernate.HQL_FUNCTIONS - Double sin(NUMERIC arg)
10:24:44.832 [main] DEBUG org.hibernate.HQL_FUNCTIONS - Double sinh(NUMERIC arg)
10:24:44.832 [main] DEBUG org.hibernate.HQL_FUNCTIONS - String soundex(arg)
10:24:44.832 [main] DEBUG org.hibernate.HQL_FUNCTIONS - String space(INTEGER arg)
10:24:44.832 [main] DEBUG org.hibernate.HQL_FUNCTIONS - Object sql
10:24:44.832 [main] DEBUG org.hibernate.HQL_FUNCTIONS - Double sqrt(NUMERIC arg)
10:24:44.832 [main] DEBUG org.hibernate.HQL_FUNCTIONS - Double stddev_pop(NUMERIC arg)
10:24:44.832 [main] DEBUG org.hibernate.HQL_FUNCTIONS - Double stddev_samp(NUMERIC arg)
10:24:44.832 [main] DEBUG org.hibernate.HQL_FUNCTIONS - String str(arg)
10:24:44.832 [main] DEBUG org.hibernate.HQL_FUNCTIONS - String substr(STRING string, INTEGER start[, INTEGER length])
10:24:44.832 [main] DEBUG org.hibernate.HQL_FUNCTIONS - String substring(STRING string{ from|,} INTEGER start[{ for|,} INTEGER length])
10:24:44.832 [main] DEBUG org.hibernate.HQL_FUNCTIONS - sum(arg)
10:24:44.832 [main] DEBUG org.hibernate.HQL_FUNCTIONS - Timestamp sysdate
10:24:44.832 [main] DEBUG org.hibernate.HQL_FUNCTIONS - Double tan(NUMERIC arg)
10:24:44.832 [main] DEBUG org.hibernate.HQL_FUNCTIONS - Double tanh(NUMERIC arg)
10:24:44.832 [main] DEBUG org.hibernate.HQL_FUNCTIONS - timestampadd(TEMPORAL_UNIT field, INTEGER magnitude, TEMPORAL datetime)
10:24:44.832 [main] DEBUG org.hibernate.HQL_FUNCTIONS - Long|Double timestampdiff(TEMPORAL_UNIT field, TEMPORAL start, TEMPORAL end)
10:24:44.832 [main] DEBUG org.hibernate.HQL_FUNCTIONS - String translate(STRING arg0, STRING arg1, STRING arg2)
10:24:44.832 [main] DEBUG org.hibernate.HQL_FUNCTIONS - String trim([[{leading|trailing|both} ][STRING arg0 ]from] STRING arg1)
10:24:44.832 [main] DEBUG org.hibernate.HQL_FUNCTIONS - trunc( ... )
10:24:44.832 [main] DEBUG org.hibernate.HQL_FUNCTIONS - truncate( ... )
10:24:44.832 [main] DEBUG org.hibernate.HQL_FUNCTIONS - String upper(STRING string)
10:24:44.832 [main] DEBUG org.hibernate.HQL_FUNCTIONS - Double var_pop(NUMERIC arg)
10:24:44.832 [main] DEBUG org.hibernate.HQL_FUNCTIONS - Double var_samp(NUMERIC arg)
10:24:44.832 [main] DEBUG org.hibernate.HQL_FUNCTIONS - Integer week(DATE arg)
10:24:44.832 [main] DEBUG org.hibernate.HQL_FUNCTIONS - Integer year(DATE arg)
10:24:44.832 [main] DEBUG org.hibernate.orm.query.plan.cache - Starting QueryInterpretationCache(2048)
10:24:44.832 [main] DEBUG org.hibernate.service.internal.SessionFactoryServiceRegistryImpl - EventListenerRegistry access via ServiceRegistry is deprecated.  Use `sessionFactory.getEventEngine().getListenerRegistry()` instead
10:24:44.832 [main] DEBUG org.hibernate.event.internal.EntityCopyObserverFactoryInitiator - Configured EntityCopyObserver strategy: disallow
10:24:44.833 [main] DEBUG org.hibernate.boot.internal.ClassLoaderAccessImpl - Not known whether passed class name [org.frcpm.models.Attendance] is safe
10:24:44.833 [main] DEBUG org.hibernate.boot.internal.ClassLoaderAccessImpl - No temp ClassLoader provided; using live ClassLoader for loading potentially unsafe class : org.frcpm.models.Attendance
10:24:44.836 [main] DEBUG org.hibernate.bytecode.internal.bytebuddy.BytecodeProviderImpl - HHH000513: Unable to create the ReflectionOptimizer for [org.frcpm.models.Attendance]: private accessor [arrivalTime]
10:24:44.837 [main] DEBUG org.hibernate.boot.internal.ClassLoaderAccessImpl - Not known whether passed class name [org.frcpm.models.Meeting] is safe
10:24:44.837 [main] DEBUG org.hibernate.boot.internal.ClassLoaderAccessImpl - No temp ClassLoader provided; using live ClassLoader for loading potentially unsafe class : org.frcpm.models.Meeting
10:24:44.841 [main] DEBUG org.hibernate.bytecode.internal.bytebuddy.BytecodeProviderImpl - HHH000513: Unable to create the ReflectionOptimizer for [org.frcpm.models.Meeting]: private accessor [attendances]
10:24:44.841 [main] DEBUG org.hibernate.boot.internal.ClassLoaderAccessImpl - Not known whether passed class name [org.frcpm.models.Subsystem] is safe
10:24:44.841 [main] DEBUG org.hibernate.boot.internal.ClassLoaderAccessImpl - No temp ClassLoader provided; using live ClassLoader for loading potentially unsafe class : org.frcpm.models.Subsystem
10:24:44.844 [main] DEBUG org.hibernate.bytecode.internal.bytebuddy.BytecodeProviderImpl - HHH000513: Unable to create the ReflectionOptimizer for [org.frcpm.models.Subsystem]: private accessor [description]
10:24:44.844 [main] DEBUG org.hibernate.boot.internal.ClassLoaderAccessImpl - Not known whether passed class name [org.frcpm.models.Component] is safe
10:24:44.844 [main] DEBUG org.hibernate.boot.internal.ClassLoaderAccessImpl - No temp ClassLoader provided; using live ClassLoader for loading potentially unsafe class : org.frcpm.models.Component
10:24:44.846 [main] DEBUG org.hibernate.bytecode.internal.bytebuddy.BytecodeProviderImpl - HHH000513: Unable to create the ReflectionOptimizer for [org.frcpm.models.Component]: private accessor [actualDelivery]
10:24:44.847 [main] DEBUG org.hibernate.boot.internal.ClassLoaderAccessImpl - Not known whether passed class name [org.frcpm.models.Milestone] is safe
10:24:44.847 [main] DEBUG org.hibernate.boot.internal.ClassLoaderAccessImpl - No temp ClassLoader provided; using live ClassLoader for loading potentially unsafe class : org.frcpm.models.Milestone
10:24:44.849 [main] DEBUG org.hibernate.bytecode.internal.bytebuddy.BytecodeProviderImpl - HHH000513: Unable to create the ReflectionOptimizer for [org.frcpm.models.Milestone]: private accessor [date]
10:24:44.849 [main] DEBUG org.hibernate.boot.internal.ClassLoaderAccessImpl - Not known whether passed class name [org.frcpm.models.Project] is safe
10:24:44.849 [main] DEBUG org.hibernate.boot.internal.ClassLoaderAccessImpl - No temp ClassLoader provided; using live ClassLoader for loading potentially unsafe class : org.frcpm.models.Project
10:24:44.854 [main] DEBUG org.hibernate.bytecode.internal.bytebuddy.BytecodeProviderImpl - HHH000513: Unable to create the ReflectionOptimizer for [org.frcpm.models.Project]: private accessor [description]
10:24:44.854 [main] DEBUG org.hibernate.boot.internal.ClassLoaderAccessImpl - Not known whether passed class name [org.frcpm.models.Subteam] is safe
10:24:44.854 [main] DEBUG org.hibernate.boot.internal.ClassLoaderAccessImpl - No temp ClassLoader provided; using live ClassLoader for loading potentially unsafe class : org.frcpm.models.Subteam
10:24:44.857 [main] DEBUG org.hibernate.bytecode.internal.bytebuddy.BytecodeProviderImpl - HHH000513: Unable to create the ReflectionOptimizer for [org.frcpm.models.Subteam]: private accessor [colorCode]
10:24:44.857 [main] DEBUG org.hibernate.boot.internal.ClassLoaderAccessImpl - Not known whether passed class name [org.frcpm.models.Task] is safe
10:24:44.857 [main] DEBUG org.hibernate.boot.internal.ClassLoaderAccessImpl - No temp ClassLoader provided; using live ClassLoader for loading potentially unsafe class : org.frcpm.models.Task
10:24:44.859 [main] DEBUG org.hibernate.bytecode.internal.bytebuddy.BytecodeProviderImpl - HHH000513: Unable to create the ReflectionOptimizer for [org.frcpm.models.Task]: private accessor [actualDurationSeconds]
10:24:44.859 [main] DEBUG org.hibernate.boot.internal.ClassLoaderAccessImpl - Not known whether passed class name [org.frcpm.models.TeamMember] is safe
10:24:44.859 [main] DEBUG org.hibernate.boot.internal.ClassLoaderAccessImpl - No temp ClassLoader provided; using live ClassLoader for loading potentially unsafe class : org.frcpm.models.TeamMember
10:24:44.863 [main] DEBUG org.hibernate.bytecode.internal.bytebuddy.BytecodeProviderImpl - HHH000513: Unable to create the ReflectionOptimizer for [org.frcpm.models.TeamMember]: private accessor [assignedTasks]
10:24:44.863 [main] DEBUG org.hibernate.orm.jdbc.mutation - Skipping collection row updates - org.frcpm.models.Task.assignedTo
10:24:44.863 [main] DEBUG org.hibernate.orm.jdbc.mutation - Skipping collection (re)creation - org.frcpm.models.Subsystem.tasks
10:24:44.863 [main] DEBUG org.hibernate.orm.jdbc.mutation - Skipping collection row deletions - org.frcpm.models.Subsystem.tasks
10:24:44.863 [main] DEBUG org.hibernate.orm.jdbc.mutation - Skipping collection removals - org.frcpm.models.Subsystem.tasks
10:24:44.863 [main] DEBUG org.hibernate.orm.jdbc.mutation - Skipping collection (re)creation - org.frcpm.models.Subteam.members
10:24:44.863 [main] DEBUG org.hibernate.orm.jdbc.mutation - Skipping collection row deletions - org.frcpm.models.Subteam.members
10:24:44.863 [main] DEBUG org.hibernate.orm.jdbc.mutation - Skipping collection removals - org.frcpm.models.Subteam.members
10:24:44.863 [main] DEBUG org.hibernate.orm.jdbc.mutation - Skipping collection (re)creation - org.frcpm.models.TeamMember.attendances
10:24:44.863 [main] DEBUG org.hibernate.orm.jdbc.mutation - Skipping collection row deletions - org.frcpm.models.TeamMember.attendances
10:24:44.863 [main] DEBUG org.hibernate.orm.jdbc.mutation - Skipping collection removals - org.frcpm.models.TeamMember.attendances
10:24:44.863 [main] DEBUG org.hibernate.orm.jdbc.mutation - Skipping collection row updates - org.frcpm.models.Task.requiredComponents
10:24:44.863 [main] DEBUG org.hibernate.orm.jdbc.mutation - Skipping collection (re)creation - org.frcpm.models.Subteam.subsystems
10:24:44.863 [main] DEBUG org.hibernate.orm.jdbc.mutation - Skipping collection row deletions - org.frcpm.models.Subteam.subsystems
10:24:44.863 [main] DEBUG org.hibernate.orm.jdbc.mutation - Skipping collection removals - org.frcpm.models.Subteam.subsystems
10:24:44.863 [main] DEBUG org.hibernate.orm.jdbc.mutation - Skipping collection row updates - org.frcpm.models.Task.preDependencies
10:24:44.863 [main] DEBUG org.hibernate.orm.jdbc.mutation - Skipping collection (re)creation - org.frcpm.models.Project.milestones
10:24:44.863 [main] DEBUG org.hibernate.orm.jdbc.mutation - Skipping collection row deletions - org.frcpm.models.Project.milestones
10:24:44.863 [main] DEBUG org.hibernate.orm.jdbc.mutation - Skipping collection removals - org.frcpm.models.Project.milestones
10:24:44.863 [main] DEBUG org.hibernate.orm.jdbc.mutation - Skipping collection inserts - org.frcpm.models.Component.requiredForTasks
10:24:44.863 [main] DEBUG org.hibernate.orm.jdbc.mutation - Skipping collection row updates - org.frcpm.models.Component.requiredForTasks
10:24:44.863 [main] DEBUG org.hibernate.orm.jdbc.mutation - Skipping collection row deletions - org.frcpm.models.Component.requiredForTasks
10:24:44.863 [main] DEBUG org.hibernate.orm.jdbc.mutation - Skipping collection removals - org.frcpm.models.Component.requiredForTasks
10:24:44.863 [main] DEBUG org.hibernate.orm.jdbc.mutation - Skipping collection (re)creation - org.frcpm.models.Project.meetings
10:24:44.863 [main] DEBUG org.hibernate.orm.jdbc.mutation - Skipping collection row deletions - org.frcpm.models.Project.meetings
10:24:44.863 [main] DEBUG org.hibernate.orm.jdbc.mutation - Skipping collection removals - org.frcpm.models.Project.meetings
10:24:44.863 [main] DEBUG org.hibernate.orm.jdbc.mutation - Skipping collection inserts - org.frcpm.models.TeamMember.assignedTasks
10:24:44.863 [main] DEBUG org.hibernate.orm.jdbc.mutation - Skipping collection row updates - org.frcpm.models.TeamMember.assignedTasks
10:24:44.863 [main] DEBUG org.hibernate.orm.jdbc.mutation - Skipping collection row deletions - org.frcpm.models.TeamMember.assignedTasks
10:24:44.863 [main] DEBUG org.hibernate.orm.jdbc.mutation - Skipping collection removals - org.frcpm.models.TeamMember.assignedTasks
10:24:44.863 [main] DEBUG org.hibernate.orm.jdbc.mutation - Skipping collection (re)creation - org.frcpm.models.Meeting.attendances
10:24:44.863 [main] DEBUG org.hibernate.orm.jdbc.mutation - Skipping collection row deletions - org.frcpm.models.Meeting.attendances
10:24:44.863 [main] DEBUG org.hibernate.orm.jdbc.mutation - Skipping collection removals - org.frcpm.models.Meeting.attendances
10:24:44.863 [main] DEBUG org.hibernate.orm.jdbc.mutation - Skipping collection inserts - org.frcpm.models.Task.postDependencies
10:24:44.863 [main] DEBUG org.hibernate.orm.jdbc.mutation - Skipping collection row updates - org.frcpm.models.Task.postDependencies
10:24:44.863 [main] DEBUG org.hibernate.orm.jdbc.mutation - Skipping collection row deletions - org.frcpm.models.Task.postDependencies
10:24:44.863 [main] DEBUG org.hibernate.orm.jdbc.mutation - Skipping collection removals - org.frcpm.models.Task.postDependencies
10:24:44.863 [main] DEBUG org.hibernate.orm.jdbc.mutation - Skipping collection (re)creation - org.frcpm.models.Project.tasks
10:24:44.863 [main] DEBUG org.hibernate.orm.jdbc.mutation - Skipping collection row deletions - org.frcpm.models.Project.tasks
10:24:44.863 [main] DEBUG org.hibernate.orm.jdbc.mutation - Skipping collection removals - org.frcpm.models.Project.tasks
10:24:44.864 [main] DEBUG org.hibernate.orm.model.mapping.creation - Starting post-init callbacks
10:24:44.864 [main] DEBUG org.hibernate.orm.model.mapping.creation - Starting PostInitCallbackEntry : To-one key - NavigableRole[org.frcpm.models.Attendance.meeting]
10:24:44.864 [main] DEBUG org.hibernate.orm.model.mapping.creation - Starting PostInitCallbackEntry : To-one key - NavigableRole[org.frcpm.models.Attendance.member]
10:24:44.864 [main] DEBUG org.hibernate.orm.model.mapping.creation - Starting PostInitCallbackEntry : Entity(org.frcpm.models.Attendance) `staticFetchableList` generator
10:24:44.864 [main] DEBUG org.hibernate.orm.model.mapping.creation - Starting PostInitCallbackEntry : PluralAttributeMapping( NavigableRole[org.frcpm.models.Meeting.attendances#{element}]) - element descriptor
10:24:44.864 [main] DEBUG org.hibernate.orm.model.mapping.creation - Starting PostInitCallbackEntry : PluralAttributeMapping(org.frcpm.models.Meeting.attendances)#finishInitialization
10:24:44.864 [main] DEBUG org.hibernate.orm.model.mapping.creation - Starting PostInitCallbackEntry : PluralAttributeMapping(org.frcpm.models.Meeting.attendances) - key descriptor
10:24:44.864 [main] DEBUG org.hibernate.orm.model.mapping.creation - Starting PostInitCallbackEntry : To-one key - NavigableRole[org.frcpm.models.Meeting.project]
10:24:44.864 [main] DEBUG org.hibernate.orm.model.mapping.creation - Starting PostInitCallbackEntry : Entity(org.frcpm.models.Meeting) `staticFetchableList` generator
10:24:44.864 [main] DEBUG org.hibernate.orm.model.mapping.creation - Starting PostInitCallbackEntry : To-one key - NavigableRole[org.frcpm.models.Subsystem.responsibleSubteam]
10:24:44.864 [main] DEBUG org.hibernate.orm.model.mapping.creation - Starting PostInitCallbackEntry : PluralAttributeMapping( NavigableRole[org.frcpm.models.Subsystem.tasks#{element}]) - element descriptor
10:24:44.864 [main] DEBUG org.hibernate.orm.model.mapping.creation - Starting PostInitCallbackEntry : PluralAttributeMapping(org.frcpm.models.Subsystem.tasks)#finishInitialization
10:24:44.864 [main] DEBUG org.hibernate.orm.model.mapping.creation - Starting PostInitCallbackEntry : PluralAttributeMapping(org.frcpm.models.Subsystem.tasks) - key descriptor
10:24:44.864 [main] DEBUG org.hibernate.orm.model.mapping.creation - Starting PostInitCallbackEntry : Entity(org.frcpm.models.Subsystem) `staticFetchableList` generator
10:24:44.864 [main] DEBUG org.hibernate.orm.model.mapping.creation - Starting PostInitCallbackEntry : PluralAttributeMapping( NavigableRole[org.frcpm.models.Component.requiredForTasks#{element}]) - element descriptor
10:24:44.864 [main] DEBUG org.hibernate.orm.model.mapping.creation - Starting PostInitCallbackEntry : PluralAttributeMapping(org.frcpm.models.Component.requiredForTasks)#finishInitialization
10:24:44.864 [main] DEBUG org.hibernate.orm.model.mapping.creation - Starting PostInitCallbackEntry : PluralAttributeMapping(org.frcpm.models.Component.requiredForTasks) - key descriptor
10:24:44.864 [main] DEBUG org.hibernate.orm.model.mapping.creation - Starting PostInitCallbackEntry : Entity(org.frcpm.models.Component) `staticFetchableList` generator
10:24:44.864 [main] DEBUG org.hibernate.orm.model.mapping.creation - Starting PostInitCallbackEntry : To-one key - NavigableRole[org.frcpm.models.Milestone.project]
10:24:44.864 [main] DEBUG org.hibernate.orm.model.mapping.creation - Starting PostInitCallbackEntry : Entity(org.frcpm.models.Milestone) `staticFetchableList` generator
10:24:44.864 [main] DEBUG org.hibernate.orm.model.mapping.creation - Starting PostInitCallbackEntry : PluralAttributeMapping( NavigableRole[org.frcpm.models.Project.meetings#{element}]) - element descriptor
10:24:44.864 [main] DEBUG org.hibernate.orm.model.mapping.creation - Starting PostInitCallbackEntry : PluralAttributeMapping(org.frcpm.models.Project.meetings)#finishInitialization
10:24:44.864 [main] DEBUG org.hibernate.orm.model.mapping.creation - Starting PostInitCallbackEntry : PluralAttributeMapping(org.frcpm.models.Project.meetings) - key descriptor
10:24:44.864 [main] DEBUG org.hibernate.orm.model.mapping.creation - Starting PostInitCallbackEntry : PluralAttributeMapping( NavigableRole[org.frcpm.models.Project.milestones#{element}]) - element descriptor
10:24:44.864 [main] DEBUG org.hibernate.orm.model.mapping.creation - Starting PostInitCallbackEntry : PluralAttributeMapping(org.frcpm.models.Project.milestones)#finishInitialization
10:24:44.864 [main] DEBUG org.hibernate.orm.model.mapping.creation - Starting PostInitCallbackEntry : PluralAttributeMapping(org.frcpm.models.Project.milestones) - key descriptor
10:24:44.864 [main] DEBUG org.hibernate.orm.model.mapping.creation - Starting PostInitCallbackEntry : PluralAttributeMapping( NavigableRole[org.frcpm.models.Project.tasks#{element}]) - element descriptor
10:24:44.864 [main] DEBUG org.hibernate.orm.model.mapping.creation - Starting PostInitCallbackEntry : PluralAttributeMapping(org.frcpm.models.Project.tasks)#finishInitialization
10:24:44.864 [main] DEBUG org.hibernate.orm.model.mapping.creation - Starting PostInitCallbackEntry : PluralAttributeMapping(org.frcpm.models.Project.tasks) - key descriptor
10:24:44.864 [main] DEBUG org.hibernate.orm.model.mapping.creation - Starting PostInitCallbackEntry : Entity(org.frcpm.models.Project) `staticFetchableList` generator
10:24:44.864 [main] DEBUG org.hibernate.orm.model.mapping.creation - Starting PostInitCallbackEntry : PluralAttributeMapping( NavigableRole[org.frcpm.models.Subteam.members#{element}]) - element descriptor
10:24:44.864 [main] DEBUG org.hibernate.orm.model.mapping.creation - Starting PostInitCallbackEntry : PluralAttributeMapping(org.frcpm.models.Subteam.members)#finishInitialization
10:24:44.864 [main] DEBUG org.hibernate.orm.model.mapping.creation - Starting PostInitCallbackEntry : PluralAttributeMapping(org.frcpm.models.Subteam.members) - key descriptor
10:24:44.864 [main] DEBUG org.hibernate.orm.model.mapping.creation - Starting PostInitCallbackEntry : PluralAttributeMapping( NavigableRole[org.frcpm.models.Subteam.subsystems#{element}]) - element descriptor
10:24:44.864 [main] DEBUG org.hibernate.orm.model.mapping.creation - Starting PostInitCallbackEntry : PluralAttributeMapping(org.frcpm.models.Subteam.subsystems)#finishInitialization
10:24:44.864 [main] DEBUG org.hibernate.orm.model.mapping.creation - Starting PostInitCallbackEntry : PluralAttributeMapping(org.frcpm.models.Subteam.subsystems) - key descriptor
10:24:44.864 [main] DEBUG org.hibernate.orm.model.mapping.creation - Starting PostInitCallbackEntry : Entity(org.frcpm.models.Subteam) `staticFetchableList` generator
10:24:44.864 [main] DEBUG org.hibernate.orm.model.mapping.creation - Starting PostInitCallbackEntry : PluralAttributeMapping( NavigableRole[org.frcpm.models.Task.assignedTo#{element}]) - element descriptor
10:24:44.864 [main] DEBUG org.hibernate.orm.model.mapping.creation - Starting PostInitCallbackEntry : PluralAttributeMapping(org.frcpm.models.Task.assignedTo)#finishInitialization
10:24:44.864 [main] DEBUG org.hibernate.orm.model.mapping.creation - Starting PostInitCallbackEntry : PluralAttributeMapping(org.frcpm.models.Task.assignedTo) - key descriptor
10:24:44.864 [main] DEBUG org.hibernate.orm.model.mapping.creation - Starting PostInitCallbackEntry : PluralAttributeMapping( NavigableRole[org.frcpm.models.Task.postDependencies#{element}]) - element descriptor
10:24:44.864 [main] DEBUG org.hibernate.orm.model.mapping.creation - Starting PostInitCallbackEntry : PluralAttributeMapping(org.frcpm.models.Task.postDependencies)#finishInitialization
10:24:44.864 [main] DEBUG org.hibernate.orm.model.mapping.creation - Starting PostInitCallbackEntry : PluralAttributeMapping(org.frcpm.models.Task.postDependencies) - key descriptor
10:24:44.864 [main] DEBUG org.hibernate.orm.model.mapping.creation - Starting PostInitCallbackEntry : PluralAttributeMapping( NavigableRole[org.frcpm.models.Task.preDependencies#{element}]) - element descriptor
10:24:44.864 [main] DEBUG org.hibernate.orm.model.mapping.creation - Starting PostInitCallbackEntry : PluralAttributeMapping(org.frcpm.models.Task.preDependencies)#finishInitialization
10:24:44.864 [main] DEBUG org.hibernate.orm.model.mapping.creation - Starting PostInitCallbackEntry : PluralAttributeMapping(org.frcpm.models.Task.preDependencies) - key descriptor
10:24:44.864 [main] DEBUG org.hibernate.orm.model.mapping.creation - Starting PostInitCallbackEntry : To-one key - NavigableRole[org.frcpm.models.Task.project]
10:24:44.864 [main] DEBUG org.hibernate.orm.model.mapping.creation - Starting PostInitCallbackEntry : PluralAttributeMapping( NavigableRole[org.frcpm.models.Task.requiredComponents#{element}]) - element descriptor
10:24:44.864 [main] DEBUG org.hibernate.orm.model.mapping.creation - Starting PostInitCallbackEntry : PluralAttributeMapping(org.frcpm.models.Task.requiredComponents)#finishInitialization
10:24:44.864 [main] DEBUG org.hibernate.orm.model.mapping.creation - Starting PostInitCallbackEntry : PluralAttributeMapping(org.frcpm.models.Task.requiredComponents) - key descriptor
10:24:44.864 [main] DEBUG org.hibernate.orm.model.mapping.creation - Starting PostInitCallbackEntry : To-one key - NavigableRole[org.frcpm.models.Task.subsystem]
10:24:44.864 [main] DEBUG org.hibernate.orm.model.mapping.creation - Starting PostInitCallbackEntry : Entity(org.frcpm.models.Task) `staticFetchableList` generator
10:24:44.864 [main] DEBUG org.hibernate.orm.model.mapping.creation - Starting PostInitCallbackEntry : PluralAttributeMapping( NavigableRole[org.frcpm.models.TeamMember.assignedTasks#{element}]) - element descriptor
10:24:44.864 [main] DEBUG org.hibernate.orm.model.mapping.creation - Starting PostInitCallbackEntry : PluralAttributeMapping(org.frcpm.models.TeamMember.assignedTasks)#finishInitialization
10:24:44.864 [main] DEBUG org.hibernate.orm.model.mapping.creation - Starting PostInitCallbackEntry : PluralAttributeMapping(org.frcpm.models.TeamMember.assignedTasks) - key descriptor
10:24:44.864 [main] DEBUG org.hibernate.orm.model.mapping.creation - Starting PostInitCallbackEntry : PluralAttributeMapping( NavigableRole[org.frcpm.models.TeamMember.attendances#{element}]) - element descriptor
10:24:44.864 [main] DEBUG org.hibernate.orm.model.mapping.creation - Starting PostInitCallbackEntry : PluralAttributeMapping(org.frcpm.models.TeamMember.attendances)#finishInitialization
10:24:44.864 [main] DEBUG org.hibernate.orm.model.mapping.creation - Starting PostInitCallbackEntry : PluralAttributeMapping(org.frcpm.models.TeamMember.attendances) - key descriptor
10:24:44.864 [main] DEBUG org.hibernate.orm.model.mapping.creation - Starting PostInitCallbackEntry : To-one key - NavigableRole[org.frcpm.models.TeamMember.subteam]
10:24:44.864 [main] DEBUG org.hibernate.orm.model.mapping.creation - Starting PostInitCallbackEntry : Entity(org.frcpm.models.TeamMember) `staticFetchableList` generator
10:24:44.864 [main] DEBUG org.hibernate.orm.model.mapping.creation - Starting PostInitCallbackEntry : PluralAttributeMapping( NavigableRole[org.frcpm.models.Meeting.attendances#{element}]) - element descriptor
10:24:44.864 [main] DEBUG org.hibernate.orm.model.mapping.creation - Starting PostInitCallbackEntry : PluralAttributeMapping( NavigableRole[org.frcpm.models.Subsystem.tasks#{element}]) - element descriptor
10:24:44.864 [main] DEBUG org.hibernate.orm.model.mapping.creation - Starting PostInitCallbackEntry : PluralAttributeMapping( NavigableRole[org.frcpm.models.Component.requiredForTasks#{element}]) - element descriptor
10:24:44.864 [main] DEBUG org.hibernate.orm.model.mapping.creation - Starting PostInitCallbackEntry : PluralAttributeMapping( NavigableRole[org.frcpm.models.Project.meetings#{element}]) - element descriptor
10:24:44.864 [main] DEBUG org.hibernate.orm.model.mapping.creation - Starting PostInitCallbackEntry : PluralAttributeMapping( NavigableRole[org.frcpm.models.Project.milestones#{element}]) - element descriptor
10:24:44.864 [main] DEBUG org.hibernate.orm.model.mapping.creation - Starting PostInitCallbackEntry : PluralAttributeMapping( NavigableRole[org.frcpm.models.Project.tasks#{element}]) - element descriptor
10:24:44.864 [main] DEBUG org.hibernate.orm.model.mapping.creation - Starting PostInitCallbackEntry : PluralAttributeMapping( NavigableRole[org.frcpm.models.Subteam.members#{element}]) - element descriptor
10:24:44.864 [main] DEBUG org.hibernate.orm.model.mapping.creation - Starting PostInitCallbackEntry : PluralAttributeMapping( NavigableRole[org.frcpm.models.Subteam.subsystems#{element}]) - element descriptor
10:24:44.864 [main] DEBUG org.hibernate.orm.model.mapping.creation - Starting PostInitCallbackEntry : PluralAttributeMapping( NavigableRole[org.frcpm.models.Task.postDependencies#{element}]) - element descriptor
10:24:44.864 [main] DEBUG org.hibernate.orm.model.mapping.creation - Starting PostInitCallbackEntry : PluralAttributeMapping( NavigableRole[org.frcpm.models.TeamMember.attendances#{element}]) - element descriptor
10:24:44.865 [main] DEBUG org.hibernate.orm.sql.ast.create - Created new SQL alias : a1_0
10:24:44.865 [main] DEBUG org.hibernate.orm.sql.ast.create - Registration of TableGroup [StandardTableGroup(org.frcpm.models.Attendance)] with identifierForTableGroup [org.frcpm.models.Attendance] for NavigablePath [org.frcpm.models.Attendance] 
10:24:44.865 [main] DEBUG org.hibernate.orm.sql.ast.create - Registration of TableGroup [org.hibernate.sql.ast.tree.from.LazyTableGroup@4ea8a41f] with identifierForTableGroup [org.frcpm.models.Attendance.meeting] for NavigablePath [org.frcpm.models.Attendance.meeting] 
10:24:44.865 [main] DEBUG org.hibernate.orm.sql.ast.create - Registration of TableGroup [org.hibernate.sql.ast.tree.from.LazyTableGroup@651bab3f] with identifierForTableGroup [org.frcpm.models.Attendance.member] for NavigablePath [org.frcpm.models.Attendance.member] 
10:24:44.865 [main] DEBUG org.hibernate.orm.results.graph.AST - DomainResult Graph:
 \-EntityResultImpl [org.frcpm.models.Attendance]
 |  +-BasicFetch [org.frcpm.models.Attendance.arrivalTime]
 |  +-BasicFetch [org.frcpm.models.Attendance.departureTime]
 |  +-EntityDelayedFetchImpl [org.frcpm.models.Attendance.meeting]
 |  +-EntityDelayedFetchImpl [org.frcpm.models.Attendance.member]
 |  \-BasicFetch [org.frcpm.models.Attendance.present]

10:24:44.865 [main] DEBUG org.hibernate.orm.sql.ast.tree - SQL AST Tree:
    SelectStatement {
      FromClause {
        StandardTableGroup (a1 : org.frcpm.models.Attendance) {
          primaryTableReference : attendances as a1_0
          TableGroupJoins {
            left  join LazyTableGroup (m1 : org.frcpm.models.Attendance.meeting) {
            }
            left  join LazyTableGroup (m2 : org.frcpm.models.Attendance.member) {
            }
          }
        }
      }
    }

10:24:44.865 [main] DEBUG org.hibernate.persister.entity.AbstractEntityPersister - Static SQL for entity: org.frcpm.models.Attendance
10:24:44.865 [main] DEBUG org.hibernate.persister.entity.AbstractEntityPersister -  Version select: select id from attendances where id=?
10:24:44.865 [main] DEBUG org.hibernate.persister.entity.AbstractEntityPersister -  Insert (0): insert into attendances (arrival_time,departure_time,meeting_id,member_id,present,id) values (?,?,?,?,?,default)
10:24:44.865 [main] DEBUG org.hibernate.persister.entity.AbstractEntityPersister -  Update (0): update attendances set arrival_time=?,departure_time=?,meeting_id=?,member_id=?,present=? where id=?
10:24:44.865 [main] DEBUG org.hibernate.persister.entity.AbstractEntityPersister -  Delete (0): delete from attendances where id=?
10:24:44.865 [main] DEBUG org.hibernate.orm.sql.ast.create - Created new SQL alias : m1_0
10:24:44.865 [main] DEBUG org.hibernate.orm.sql.ast.create - Registration of TableGroup [StandardTableGroup(org.frcpm.models.Meeting)] with identifierForTableGroup [org.frcpm.models.Meeting] for NavigablePath [org.frcpm.models.Meeting] 
10:24:44.865 [main] DEBUG org.hibernate.orm.sql.ast.create - Registration of TableGroup [org.hibernate.sql.ast.tree.from.LazyTableGroup@2e8e2e63] with identifierForTableGroup [org.frcpm.models.Meeting.project] for NavigablePath [org.frcpm.models.Meeting.project] 
10:24:44.865 [main] DEBUG org.hibernate.orm.results.graph.AST - DomainResult Graph:
 \-EntityResultImpl [org.frcpm.models.Meeting]
 |  +-DelayedCollectionFetch [org.frcpm.models.Meeting.attendances]
 |  +-BasicFetch [org.frcpm.models.Meeting.date]
 |  +-BasicFetch [org.frcpm.models.Meeting.endTime]
 |  +-BasicFetch [org.frcpm.models.Meeting.notes]
 |  +-EntityDelayedFetchImpl [org.frcpm.models.Meeting.project]
 |  \-BasicFetch [org.frcpm.models.Meeting.startTime]

10:24:44.865 [main] DEBUG org.hibernate.orm.sql.ast.tree - SQL AST Tree:
    SelectStatement {
      FromClause {
        StandardTableGroup (m1 : org.frcpm.models.Meeting) {
          primaryTableReference : meetings as m1_0
          TableGroupJoins {
            left  join LazyTableGroup (p1 : org.frcpm.models.Meeting.project) {
            }
          }
        }
      }
    }

10:24:44.865 [main] DEBUG org.hibernate.persister.entity.AbstractEntityPersister - Static SQL for entity: org.frcpm.models.Meeting
10:24:44.865 [main] DEBUG org.hibernate.persister.entity.AbstractEntityPersister -  Version select: select id from meetings where id=?
10:24:44.865 [main] DEBUG org.hibernate.persister.entity.AbstractEntityPersister -  Insert (0): insert into meetings (date,end_time,notes,project_id,start_time,id) values (?,?,?,?,?,default)
10:24:44.865 [main] DEBUG org.hibernate.persister.entity.AbstractEntityPersister -  Update (0): update meetings set date=?,end_time=?,notes=?,project_id=?,start_time=? where id=?
10:24:44.865 [main] DEBUG org.hibernate.persister.entity.AbstractEntityPersister -  Delete (0): delete from meetings where id=?
10:24:44.865 [main] DEBUG org.hibernate.orm.sql.ast.create - Created new SQL alias : s1_0
10:24:44.865 [main] DEBUG org.hibernate.orm.sql.ast.create - Registration of TableGroup [StandardTableGroup(org.frcpm.models.Subsystem)] with identifierForTableGroup [org.frcpm.models.Subsystem] for NavigablePath [org.frcpm.models.Subsystem] 
10:24:44.865 [main] DEBUG org.hibernate.orm.sql.ast.create - Registration of TableGroup [org.hibernate.sql.ast.tree.from.LazyTableGroup@23b5f7ab] with identifierForTableGroup [org.frcpm.models.Subsystem.responsibleSubteam] for NavigablePath [org.frcpm.models.Subsystem.responsibleSubteam] 
10:24:44.866 [main] DEBUG org.hibernate.orm.results.graph.AST - DomainResult Graph:
 \-EntityResultImpl [org.frcpm.models.Subsystem]
 |  +-BasicFetch [org.frcpm.models.Subsystem.description]
 |  +-BasicFetch [org.frcpm.models.Subsystem.name]
 |  +-EntityDelayedFetchImpl [org.frcpm.models.Subsystem.responsibleSubteam]
 |  +-BasicFetch [org.frcpm.models.Subsystem.status]
 |  \-DelayedCollectionFetch [org.frcpm.models.Subsystem.tasks]

10:24:44.866 [main] DEBUG org.hibernate.orm.sql.ast.tree - SQL AST Tree:
    SelectStatement {
      FromClause {
        StandardTableGroup (s1 : org.frcpm.models.Subsystem) {
          primaryTableReference : subsystems as s1_0
          TableGroupJoins {
            left  join LazyTableGroup (rs1 : org.frcpm.models.Subsystem.responsibleSubteam) {
            }
          }
        }
      }
    }

10:24:44.866 [main] DEBUG org.hibernate.persister.entity.AbstractEntityPersister - Static SQL for entity: org.frcpm.models.Subsystem
10:24:44.866 [main] DEBUG org.hibernate.persister.entity.AbstractEntityPersister -  Version select: select id from subsystems where id=?
10:24:44.866 [main] DEBUG org.hibernate.persister.entity.AbstractEntityPersister -  Insert (0): insert into subsystems (description,name,responsible_subteam_id,status,id) values (?,?,?,?,default)
10:24:44.866 [main] DEBUG org.hibernate.persister.entity.AbstractEntityPersister -  Update (0): update subsystems set description=?,name=?,responsible_subteam_id=?,status=? where id=?
10:24:44.866 [main] DEBUG org.hibernate.persister.entity.AbstractEntityPersister -  Delete (0): delete from subsystems where id=?
10:24:44.866 [main] DEBUG org.hibernate.orm.sql.ast.create - Created new SQL alias : c1_0
10:24:44.866 [main] DEBUG org.hibernate.orm.sql.ast.create - Registration of TableGroup [StandardTableGroup(org.frcpm.models.Component)] with identifierForTableGroup [org.frcpm.models.Component] for NavigablePath [org.frcpm.models.Component] 
10:24:44.866 [main] DEBUG org.hibernate.orm.results.graph.AST - DomainResult Graph:
 \-EntityResultImpl [org.frcpm.models.Component]
 |  +-BasicFetch [org.frcpm.models.Component.actualDelivery]
 |  +-BasicFetch [org.frcpm.models.Component.delivered]
 |  +-BasicFetch [org.frcpm.models.Component.description]
 |  +-BasicFetch [org.frcpm.models.Component.expectedDelivery]
 |  +-BasicFetch [org.frcpm.models.Component.name]
 |  +-BasicFetch [org.frcpm.models.Component.partNumber]
 |  \-DelayedCollectionFetch [org.frcpm.models.Component.requiredForTasks]

10:24:44.866 [main] DEBUG org.hibernate.orm.sql.ast.tree - SQL AST Tree:
    SelectStatement {
      FromClause {
        StandardTableGroup (c1 : org.frcpm.models.Component) {
          primaryTableReference : components as c1_0
        }
      }
    }

10:24:44.866 [main] DEBUG org.hibernate.persister.entity.AbstractEntityPersister - Static SQL for entity: org.frcpm.models.Component
10:24:44.866 [main] DEBUG org.hibernate.persister.entity.AbstractEntityPersister -  Version select: select id from components where id=?
10:24:44.866 [main] DEBUG org.hibernate.persister.entity.AbstractEntityPersister -  Insert (0): insert into components (actual_delivery,is_delivered,description,expected_delivery,name,part_number,id) values (?,?,?,?,?,?,default)
10:24:44.866 [main] DEBUG org.hibernate.persister.entity.AbstractEntityPersister -  Update (0): update components set actual_delivery=?,is_delivered=?,description=?,expected_delivery=?,name=?,part_number=? where id=?
10:24:44.866 [main] DEBUG org.hibernate.persister.entity.AbstractEntityPersister -  Delete (0): delete from components where id=?
10:24:44.866 [main] DEBUG org.hibernate.orm.sql.ast.create - Created new SQL alias : m1_0
10:24:44.866 [main] DEBUG org.hibernate.orm.sql.ast.create - Registration of TableGroup [StandardTableGroup(org.frcpm.models.Milestone)] with identifierForTableGroup [org.frcpm.models.Milestone] for NavigablePath [org.frcpm.models.Milestone] 
10:24:44.866 [main] DEBUG org.hibernate.orm.sql.ast.create - Registration of TableGroup [org.hibernate.sql.ast.tree.from.LazyTableGroup@6a201216] with identifierForTableGroup [org.frcpm.models.Milestone.project] for NavigablePath [org.frcpm.models.Milestone.project] 
10:24:44.866 [main] DEBUG org.hibernate.orm.results.graph.AST - DomainResult Graph:
 \-EntityResultImpl [org.frcpm.models.Milestone]
 |  +-BasicFetch [org.frcpm.models.Milestone.date]
 |  +-BasicFetch [org.frcpm.models.Milestone.description]
 |  +-BasicFetch [org.frcpm.models.Milestone.name]
 |  \-EntityDelayedFetchImpl [org.frcpm.models.Milestone.project]

10:24:44.866 [main] DEBUG org.hibernate.orm.sql.ast.tree - SQL AST Tree:
    SelectStatement {
      FromClause {
        StandardTableGroup (m1 : org.frcpm.models.Milestone) {
          primaryTableReference : milestones as m1_0
          TableGroupJoins {
            left  join LazyTableGroup (p1 : org.frcpm.models.Milestone.project) {
            }
          }
        }
      }
    }

10:24:44.866 [main] DEBUG org.hibernate.persister.entity.AbstractEntityPersister - Static SQL for entity: org.frcpm.models.Milestone
10:24:44.866 [main] DEBUG org.hibernate.persister.entity.AbstractEntityPersister -  Version select: select id from milestones where id=?
10:24:44.866 [main] DEBUG org.hibernate.persister.entity.AbstractEntityPersister -  Insert (0): insert into milestones (date,description,name,project_id,id) values (?,?,?,?,default)
10:24:44.866 [main] DEBUG org.hibernate.persister.entity.AbstractEntityPersister -  Update (0): update milestones set date=?,description=?,name=?,project_id=? where id=?
10:24:44.866 [main] DEBUG org.hibernate.persister.entity.AbstractEntityPersister -  Delete (0): delete from milestones where id=?
10:24:44.866 [main] DEBUG org.hibernate.orm.sql.ast.create - Created new SQL alias : p1_0
10:24:44.866 [main] DEBUG org.hibernate.orm.sql.ast.create - Registration of TableGroup [StandardTableGroup(org.frcpm.models.Project)] with identifierForTableGroup [org.frcpm.models.Project] for NavigablePath [org.frcpm.models.Project] 
10:24:44.866 [main] DEBUG org.hibernate.orm.results.graph.AST - DomainResult Graph:
 \-EntityResultImpl [org.frcpm.models.Project]
 |  +-BasicFetch [org.frcpm.models.Project.description]
 |  +-BasicFetch [org.frcpm.models.Project.goalEndDate]
 |  +-BasicFetch [org.frcpm.models.Project.hardDeadline]
 |  +-DelayedCollectionFetch [org.frcpm.models.Project.meetings]
 |  +-DelayedCollectionFetch [org.frcpm.models.Project.milestones]
 |  +-BasicFetch [org.frcpm.models.Project.name]
 |  +-BasicFetch [org.frcpm.models.Project.startDate]
 |  \-DelayedCollectionFetch [org.frcpm.models.Project.tasks]

10:24:44.866 [main] DEBUG org.hibernate.orm.sql.ast.tree - SQL AST Tree:
    SelectStatement {
      FromClause {
        StandardTableGroup (p1 : org.frcpm.models.Project) {
          primaryTableReference : projects as p1_0
        }
      }
    }

10:24:44.867 [main] DEBUG org.hibernate.persister.entity.AbstractEntityPersister - Static SQL for entity: org.frcpm.models.Project
10:24:44.867 [main] DEBUG org.hibernate.persister.entity.AbstractEntityPersister -  Version select: select id from projects where id=?
10:24:44.867 [main] DEBUG org.hibernate.persister.entity.AbstractEntityPersister -  Insert (0): insert into projects (description,goal_end_date,hard_deadline,name,start_date,id) values (?,?,?,?,?,default)
10:24:44.867 [main] DEBUG org.hibernate.persister.entity.AbstractEntityPersister -  Update (0): update projects set description=?,goal_end_date=?,hard_deadline=?,name=?,start_date=? where id=?
10:24:44.867 [main] DEBUG org.hibernate.persister.entity.AbstractEntityPersister -  Delete (0): delete from projects where id=?
10:24:44.867 [main] DEBUG org.hibernate.orm.sql.ast.create - Created new SQL alias : s1_0
10:24:44.867 [main] DEBUG org.hibernate.orm.sql.ast.create - Registration of TableGroup [StandardTableGroup(org.frcpm.models.Subteam)] with identifierForTableGroup [org.frcpm.models.Subteam] for NavigablePath [org.frcpm.models.Subteam] 
10:24:44.867 [main] DEBUG org.hibernate.orm.results.graph.AST - DomainResult Graph:
 \-EntityResultImpl [org.frcpm.models.Subteam]
 |  +-BasicFetch [org.frcpm.models.Subteam.colorCode]
 |  +-DelayedCollectionFetch [org.frcpm.models.Subteam.members]
 |  +-BasicFetch [org.frcpm.models.Subteam.name]
 |  +-BasicFetch [org.frcpm.models.Subteam.specialties]
 |  \-DelayedCollectionFetch [org.frcpm.models.Subteam.subsystems]

10:24:44.867 [main] DEBUG org.hibernate.orm.sql.ast.tree - SQL AST Tree:
    SelectStatement {
      FromClause {
        StandardTableGroup (s1 : org.frcpm.models.Subteam) {
          primaryTableReference : subteams as s1_0
        }
      }
    }

10:24:44.867 [main] DEBUG org.hibernate.persister.entity.AbstractEntityPersister - Static SQL for entity: org.frcpm.models.Subteam
10:24:44.867 [main] DEBUG org.hibernate.persister.entity.AbstractEntityPersister -  Version select: select id from subteams where id=?
10:24:44.867 [main] DEBUG org.hibernate.persister.entity.AbstractEntityPersister -  Insert (0): insert into subteams (color_code,name,specialties,id) values (?,?,?,default)
10:24:44.867 [main] DEBUG org.hibernate.persister.entity.AbstractEntityPersister -  Update (0): update subteams set color_code=?,name=?,specialties=? where id=?
10:24:44.867 [main] DEBUG org.hibernate.persister.entity.AbstractEntityPersister -  Delete (0): delete from subteams where id=?
10:24:44.867 [main] DEBUG org.hibernate.orm.sql.ast.create - Created new SQL alias : t1_0
10:24:44.867 [main] DEBUG org.hibernate.orm.sql.ast.create - Registration of TableGroup [StandardTableGroup(org.frcpm.models.Task)] with identifierForTableGroup [org.frcpm.models.Task] for NavigablePath [org.frcpm.models.Task] 
10:24:44.867 [main] DEBUG org.hibernate.orm.sql.ast.create - Registration of TableGroup [org.hibernate.sql.ast.tree.from.LazyTableGroup@74533afb] with identifierForTableGroup [org.frcpm.models.Task.project] for NavigablePath [org.frcpm.models.Task.project] 
10:24:44.867 [main] DEBUG org.hibernate.orm.sql.ast.create - Registration of TableGroup [org.hibernate.sql.ast.tree.from.LazyTableGroup@4ec603b9] with identifierForTableGroup [org.frcpm.models.Task.subsystem] for NavigablePath [org.frcpm.models.Task.subsystem] 
10:24:44.867 [main] DEBUG org.hibernate.orm.results.graph.AST - DomainResult Graph:
 \-EntityResultImpl [org.frcpm.models.Task]
 |  +-BasicFetch [org.frcpm.models.Task.actualDurationSeconds]
 |  +-DelayedCollectionFetch [org.frcpm.models.Task.assignedTo]
 |  +-BasicFetch [org.frcpm.models.Task.completed]
 |  +-BasicFetch [org.frcpm.models.Task.description]
 |  +-BasicFetch [org.frcpm.models.Task.endDate]
 |  +-BasicFetch [org.frcpm.models.Task.estimatedDurationSeconds]
 |  +-DelayedCollectionFetch [org.frcpm.models.Task.postDependencies]
 |  +-DelayedCollectionFetch [org.frcpm.models.Task.preDependencies]
 |  +-BasicFetch [org.frcpm.models.Task.priority]
 |  +-BasicFetch [org.frcpm.models.Task.progress]
 |  +-EntityDelayedFetchImpl [org.frcpm.models.Task.project]
 |  +-DelayedCollectionFetch [org.frcpm.models.Task.requiredComponents]
 |  +-BasicFetch [org.frcpm.models.Task.startDate]
 |  +-EntityDelayedFetchImpl [org.frcpm.models.Task.subsystem]
 |  \-BasicFetch [org.frcpm.models.Task.title]

10:24:44.867 [main] DEBUG org.hibernate.orm.sql.ast.tree - SQL AST Tree:
    SelectStatement {
      FromClause {
        StandardTableGroup (t1 : org.frcpm.models.Task) {
          primaryTableReference : tasks as t1_0
          TableGroupJoins {
            left  join LazyTableGroup (p1 : org.frcpm.models.Task.project) {
            }
            left  join LazyTableGroup (s1 : org.frcpm.models.Task.subsystem) {
            }
          }
        }
      }
    }

10:24:44.867 [main] DEBUG org.hibernate.persister.entity.AbstractEntityPersister - Static SQL for entity: org.frcpm.models.Task
10:24:44.867 [main] DEBUG org.hibernate.persister.entity.AbstractEntityPersister -  Version select: select id from tasks where id=?
10:24:44.867 [main] DEBUG org.hibernate.persister.entity.AbstractEntityPersister -  Insert (0): insert into tasks (actual_duration_seconds,completed,description,end_date,estimated_duration_seconds,priority,progress,project_id,start_date,subsystem_id,title,id) values (?,?,?,?,?,?,?,?,?,?,?,default)
10:24:44.867 [main] DEBUG org.hibernate.persister.entity.AbstractEntityPersister -  Update (0): update tasks set actual_duration_seconds=?,completed=?,description=?,end_date=?,estimated_duration_seconds=?,priority=?,progress=?,project_id=?,start_date=?,subsystem_id=?,title=? where id=?
10:24:44.867 [main] DEBUG org.hibernate.persister.entity.AbstractEntityPersister -  Delete (0): delete from tasks where id=?
10:24:44.867 [main] DEBUG org.hibernate.orm.sql.ast.create - Created new SQL alias : tm1_0
10:24:44.867 [main] DEBUG org.hibernate.orm.sql.ast.create - Registration of TableGroup [StandardTableGroup(org.frcpm.models.TeamMember)] with identifierForTableGroup [org.frcpm.models.TeamMember] for NavigablePath [org.frcpm.models.TeamMember] 
10:24:44.867 [main] DEBUG org.hibernate.orm.sql.ast.create - Registration of TableGroup [org.hibernate.sql.ast.tree.from.LazyTableGroup@51395c0c] with identifierForTableGroup [org.frcpm.models.TeamMember.subteam] for NavigablePath [org.frcpm.models.TeamMember.subteam] 
10:24:44.867 [main] DEBUG org.hibernate.orm.results.graph.AST - DomainResult Graph:
 \-EntityResultImpl [org.frcpm.models.TeamMember]
 |  +-DelayedCollectionFetch [org.frcpm.models.TeamMember.assignedTasks]
 |  +-DelayedCollectionFetch [org.frcpm.models.TeamMember.attendances]
 |  +-BasicFetch [org.frcpm.models.TeamMember.email]
 |  +-BasicFetch [org.frcpm.models.TeamMember.firstName]
 |  +-BasicFetch [org.frcpm.models.TeamMember.lastName]
 |  +-BasicFetch [org.frcpm.models.TeamMember.leader]
 |  +-BasicFetch [org.frcpm.models.TeamMember.phone]
 |  +-BasicFetch [org.frcpm.models.TeamMember.skills]
 |  +-EntityDelayedFetchImpl [org.frcpm.models.TeamMember.subteam]
 |  \-BasicFetch [org.frcpm.models.TeamMember.username]

10:24:44.867 [main] DEBUG org.hibernate.orm.sql.ast.tree - SQL AST Tree:
    SelectStatement {
      FromClause {
        StandardTableGroup (tm1 : org.frcpm.models.TeamMember) {
          primaryTableReference : team_members as tm1_0
          TableGroupJoins {
            left  join LazyTableGroup (s1 : org.frcpm.models.TeamMember.subteam) {
            }
          }
        }
      }
    }

10:24:44.867 [main] DEBUG org.hibernate.persister.entity.AbstractEntityPersister - Static SQL for entity: org.frcpm.models.TeamMember
10:24:44.867 [main] DEBUG org.hibernate.persister.entity.AbstractEntityPersister -  Version select: select id from team_members where id=?
10:24:44.867 [main] DEBUG org.hibernate.persister.entity.AbstractEntityPersister -  Insert (0): insert into team_members (email,first_name,last_name,is_leader,phone,skills,subteam_id,username,id) values (?,?,?,?,?,?,?,?,default)
10:24:44.867 [main] DEBUG org.hibernate.persister.entity.AbstractEntityPersister -  Update (0): update team_members set email=?,first_name=?,last_name=?,is_leader=?,phone=?,skills=?,subteam_id=?,username=? where id=?
10:24:44.867 [main] DEBUG org.hibernate.persister.entity.AbstractEntityPersister -  Delete (0): delete from team_members where id=?
10:24:44.867 [main] DEBUG org.hibernate.orm.sql.ast.create - Created new SQL alias : at1_0
10:24:44.867 [main] DEBUG org.hibernate.orm.sql.ast.create - Registration of TableGroup [CollectionTableGroup(org.frcpm.models.Task.assignedTo)] with identifierForTableGroup [org.frcpm.models.Task.assignedTo] for NavigablePath [org.frcpm.models.Task.assignedTo] 
10:24:44.867 [main] DEBUG org.hibernate.orm.sql.ast.create - Registration of TableGroup [org.hibernate.sql.ast.tree.from.LazyTableGroup@35ac9caa] with identifierForTableGroup [org.frcpm.models.Task.assignedTo.{element}] for NavigablePath [org.frcpm.models.Task.assignedTo.{element}] 
10:24:44.867 [main] DEBUG org.hibernate.orm.sql.ast.create - Created new SQL alias : at1_1
10:24:44.867 [main] DEBUG org.hibernate.orm.sql.ast.create - Registration of TableGroup [org.hibernate.sql.ast.tree.from.LazyTableGroup@82d73c5] with identifierForTableGroup [org.frcpm.models.Task.assignedTo.{element}.subteam] for NavigablePath [org.frcpm.models.Task.assignedTo.{element}.subteam] 
10:24:44.867 [main] DEBUG org.hibernate.orm.results.graph.AST - DomainResult Graph:
 \-CollectionDomainResult [org.frcpm.models.Task.assignedTo]

10:24:44.868 [main] DEBUG org.hibernate.orm.sql.ast.tree - SQL AST Tree:
    SelectStatement {
      FromClause {
        CollectionTableGroup (at1 : org.frcpm.models.Task.assignedTo) {
          primaryTableReference : task_assignments as at1_0
          TableGroupJoins {
             join LazyTableGroup (at1 : org.frcpm.models.Task.assignedTo.{element}) {
              primaryTableReference : team_members as at1_1
              TableGroupJoins {
                left  join LazyTableGroup (s1 : org.frcpm.models.Task.assignedTo.{element}.subteam) {
                }
              }
            }
          }
        }
      }
    }

10:24:44.868 [main] DEBUG org.hibernate.orm.jdbc.mutation - Static SQL for collection: org.frcpm.models.Task.assignedTo
10:24:44.868 [main] DEBUG org.hibernate.orm.jdbc.mutation -  Row insert: insert into task_assignments (task_id,team_member_id) values (?,?)
10:24:44.868 [main] DEBUG org.hibernate.orm.jdbc.mutation -  Row delete: delete from task_assignments where task_id=? and team_member_id=?
10:24:44.868 [main] DEBUG org.hibernate.orm.jdbc.mutation -  One-shot delete: delete from task_assignments where task_id=?
10:24:44.868 [main] DEBUG org.hibernate.orm.sql.ast.create - Created new SQL alias : t1_0
10:24:44.868 [main] DEBUG org.hibernate.orm.sql.ast.create - Registration of TableGroup [org.hibernate.sql.ast.tree.from.OneToManyTableGroup@5c890eee] with identifierForTableGroup [org.frcpm.models.Subsystem.tasks] for NavigablePath [org.frcpm.models.Subsystem.tasks] 
10:24:44.868 [main] DEBUG org.hibernate.orm.sql.ast.create - Registration of TableGroup [StandardTableGroup(org.frcpm.models.Subsystem.tasks.{element})] with identifierForTableGroup [org.frcpm.models.Subsystem.tasks.{element}] for NavigablePath [org.frcpm.models.Subsystem.tasks.{element}] 
10:24:44.868 [main] DEBUG org.hibernate.orm.sql.ast.create - Registration of TableGroup [org.hibernate.sql.ast.tree.from.LazyTableGroup@5ad2c346] with identifierForTableGroup [org.frcpm.models.Subsystem.tasks.{element}.project] for NavigablePath [org.frcpm.models.Subsystem.tasks.{element}.project] 
10:24:44.868 [main] DEBUG org.hibernate.orm.sql.ast.create - Registration of TableGroup [org.hibernate.sql.ast.tree.from.LazyTableGroup@49ae6887] with identifierForTableGroup [org.frcpm.models.Subsystem.tasks.{element}.subsystem] for NavigablePath [org.frcpm.models.Subsystem.tasks.{element}.subsystem] 
10:24:44.868 [main] DEBUG org.hibernate.orm.results.graph.AST - DomainResult Graph:
 \-CollectionDomainResult [org.frcpm.models.Subsystem.tasks]

10:24:44.869 [main] DEBUG org.hibernate.orm.sql.ast.tree - SQL AST Tree:
    SelectStatement {
      FromClause {
        OneToManyTableGroup (t1 : org.frcpm.models.Subsystem.tasks) {
          primaryTableReference : tasks as t1_0
          TableGroupJoins {
            left  join LazyTableGroup (p1 : org.frcpm.models.Subsystem.tasks.{element}.project) {
            }
            left  join LazyTableGroup (s1 : org.frcpm.models.Subsystem.tasks.{element}.subsystem) {
            }
          }
        }
      }
    }

10:24:44.869 [main] DEBUG org.hibernate.orm.jdbc.mutation - Static SQL for collection: org.frcpm.models.Subsystem.tasks
10:24:44.869 [main] DEBUG org.hibernate.orm.sql.ast.create - Created new SQL alias : m1_0
10:24:44.869 [main] DEBUG org.hibernate.orm.sql.ast.create - Registration of TableGroup [org.hibernate.sql.ast.tree.from.OneToManyTableGroup@11c0d13f] with identifierForTableGroup [org.frcpm.models.Subteam.members] for NavigablePath [org.frcpm.models.Subteam.members] 
10:24:44.869 [main] DEBUG org.hibernate.orm.sql.ast.create - Registration of TableGroup [StandardTableGroup(org.frcpm.models.Subteam.members.{element})] with identifierForTableGroup [org.frcpm.models.Subteam.members.{element}] for NavigablePath [org.frcpm.models.Subteam.members.{element}] 
10:24:44.869 [main] DEBUG org.hibernate.orm.sql.ast.create - Registration of TableGroup [org.hibernate.sql.ast.tree.from.LazyTableGroup@afe7d65] with identifierForTableGroup [org.frcpm.models.Subteam.members.{element}.subteam] for NavigablePath [org.frcpm.models.Subteam.members.{element}.subteam] 
10:24:44.869 [main] DEBUG org.hibernate.orm.results.graph.AST - DomainResult Graph:
 \-CollectionDomainResult [org.frcpm.models.Subteam.members]

10:24:44.869 [main] DEBUG org.hibernate.orm.sql.ast.tree - SQL AST Tree:
    SelectStatement {
      FromClause {
        OneToManyTableGroup (m1 : org.frcpm.models.Subteam.members) {
          primaryTableReference : team_members as m1_0
          TableGroupJoins {
            left  join LazyTableGroup (s1 : org.frcpm.models.Subteam.members.{element}.subteam) {
            }
          }
        }
      }
    }

10:24:44.869 [main] DEBUG org.hibernate.orm.jdbc.mutation - Static SQL for collection: org.frcpm.models.Subteam.members
10:24:44.869 [main] DEBUG org.hibernate.orm.sql.ast.create - Created new SQL alias : a1_0
10:24:44.869 [main] DEBUG org.hibernate.orm.sql.ast.create - Registration of TableGroup [org.hibernate.sql.ast.tree.from.OneToManyTableGroup@4a99fc3b] with identifierForTableGroup [org.frcpm.models.TeamMember.attendances] for NavigablePath [org.frcpm.models.TeamMember.attendances] 
10:24:44.869 [main] DEBUG org.hibernate.orm.sql.ast.create - Registration of TableGroup [StandardTableGroup(org.frcpm.models.TeamMember.attendances.{element})] with identifierForTableGroup [org.frcpm.models.TeamMember.attendances.{element}] for NavigablePath [org.frcpm.models.TeamMember.attendances.{element}] 
10:24:44.869 [main] DEBUG org.hibernate.orm.sql.ast.create - Registration of TableGroup [org.hibernate.sql.ast.tree.from.LazyTableGroup@5d47857e] with identifierForTableGroup [org.frcpm.models.TeamMember.attendances.{element}.meeting] for NavigablePath [org.frcpm.models.TeamMember.attendances.{element}.meeting] 
10:24:44.869 [main] DEBUG org.hibernate.orm.sql.ast.create - Registration of TableGroup [org.hibernate.sql.ast.tree.from.LazyTableGroup@62746d30] with identifierForTableGroup [org.frcpm.models.TeamMember.attendances.{element}.member] for NavigablePath [org.frcpm.models.TeamMember.attendances.{element}.member] 
10:24:44.869 [main] DEBUG org.hibernate.orm.results.graph.AST - DomainResult Graph:
 \-CollectionDomainResult [org.frcpm.models.TeamMember.attendances]

10:24:44.869 [main] DEBUG org.hibernate.orm.sql.ast.tree - SQL AST Tree:
    SelectStatement {
      FromClause {
        OneToManyTableGroup (a1 : org.frcpm.models.TeamMember.attendances) {
          primaryTableReference : attendances as a1_0
          TableGroupJoins {
            left  join LazyTableGroup (m1 : org.frcpm.models.TeamMember.attendances.{element}.meeting) {
            }
            left  join LazyTableGroup (m2 : org.frcpm.models.TeamMember.attendances.{element}.member) {
            }
          }
        }
      }
    }

10:24:44.869 [main] DEBUG org.hibernate.orm.jdbc.mutation - Static SQL for collection: org.frcpm.models.TeamMember.attendances
10:24:44.869 [main] DEBUG org.hibernate.orm.sql.ast.create - Created new SQL alias : rc1_0
10:24:44.869 [main] DEBUG org.hibernate.orm.sql.ast.create - Registration of TableGroup [CollectionTableGroup(org.frcpm.models.Task.requiredComponents)] with identifierForTableGroup [org.frcpm.models.Task.requiredComponents] for NavigablePath [org.frcpm.models.Task.requiredComponents] 
10:24:44.869 [main] DEBUG org.hibernate.orm.sql.ast.create - Registration of TableGroup [org.hibernate.sql.ast.tree.from.LazyTableGroup@604288b] with identifierForTableGroup [org.frcpm.models.Task.requiredComponents.{element}] for NavigablePath [org.frcpm.models.Task.requiredComponents.{element}] 
10:24:44.869 [main] DEBUG org.hibernate.orm.sql.ast.create - Created new SQL alias : rc1_1
10:24:44.870 [main] DEBUG org.hibernate.orm.results.graph.AST - DomainResult Graph:
 \-CollectionDomainResult [org.frcpm.models.Task.requiredComponents]

10:24:44.870 [main] DEBUG org.hibernate.orm.sql.ast.tree - SQL AST Tree:
    SelectStatement {
      FromClause {
        CollectionTableGroup (rc1 : org.frcpm.models.Task.requiredComponents) {
          primaryTableReference : task_components as rc1_0
          TableGroupJoins {
             join LazyTableGroup (rc1 : org.frcpm.models.Task.requiredComponents.{element}) {
              primaryTableReference : components as rc1_1
            }
          }
        }
      }
    }

10:24:44.870 [main] DEBUG org.hibernate.orm.jdbc.mutation - Static SQL for collection: org.frcpm.models.Task.requiredComponents
10:24:44.870 [main] DEBUG org.hibernate.orm.jdbc.mutation -  Row insert: insert into task_components (task_id,component_id) values (?,?)
10:24:44.870 [main] DEBUG org.hibernate.orm.jdbc.mutation -  Row delete: delete from task_components where task_id=? and component_id=?
10:24:44.870 [main] DEBUG org.hibernate.orm.jdbc.mutation -  One-shot delete: delete from task_components where task_id=?
10:24:44.870 [main] DEBUG org.hibernate.orm.sql.ast.create - Created new SQL alias : s1_0
10:24:44.870 [main] DEBUG org.hibernate.orm.sql.ast.create - Registration of TableGroup [org.hibernate.sql.ast.tree.from.OneToManyTableGroup@14ceb907] with identifierForTableGroup [org.frcpm.models.Subteam.subsystems] for NavigablePath [org.frcpm.models.Subteam.subsystems] 
10:24:44.870 [main] DEBUG org.hibernate.orm.sql.ast.create - Registration of TableGroup [StandardTableGroup(org.frcpm.models.Subteam.subsystems.{element})] with identifierForTableGroup [org.frcpm.models.Subteam.subsystems.{element}] for NavigablePath [org.frcpm.models.Subteam.subsystems.{element}] 
10:24:44.870 [main] DEBUG org.hibernate.orm.sql.ast.create - Registration of TableGroup [org.hibernate.sql.ast.tree.from.LazyTableGroup@c383295] with identifierForTableGroup [org.frcpm.models.Subteam.subsystems.{element}.responsibleSubteam] for NavigablePath [org.frcpm.models.Subteam.subsystems.{element}.responsibleSubteam] 
10:24:44.870 [main] DEBUG org.hibernate.orm.results.graph.AST - DomainResult Graph:
 \-CollectionDomainResult [org.frcpm.models.Subteam.subsystems]

10:24:44.870 [main] DEBUG org.hibernate.orm.sql.ast.tree - SQL AST Tree:
    SelectStatement {
      FromClause {
        OneToManyTableGroup (s1 : org.frcpm.models.Subteam.subsystems) {
          primaryTableReference : subsystems as s1_0
          TableGroupJoins {
            left  join LazyTableGroup (rs1 : org.frcpm.models.Subteam.subsystems.{element}.responsibleSubteam) {
            }
          }
        }
      }
    }

10:24:44.871 [main] DEBUG org.hibernate.orm.jdbc.mutation - Static SQL for collection: org.frcpm.models.Subteam.subsystems
10:24:44.871 [main] DEBUG org.hibernate.orm.sql.ast.create - Created new SQL alias : pd1_0
10:24:44.871 [main] DEBUG org.hibernate.orm.sql.ast.create - Registration of TableGroup [CollectionTableGroup(org.frcpm.models.Task.preDependencies)] with identifierForTableGroup [org.frcpm.models.Task.preDependencies] for NavigablePath [org.frcpm.models.Task.preDependencies] 
10:24:44.871 [main] DEBUG org.hibernate.orm.sql.ast.create - Registration of TableGroup [org.hibernate.sql.ast.tree.from.LazyTableGroup@1e82117] with identifierForTableGroup [org.frcpm.models.Task.preDependencies.{element}] for NavigablePath [org.frcpm.models.Task.preDependencies.{element}] 
10:24:44.871 [main] DEBUG org.hibernate.orm.sql.ast.create - Created new SQL alias : pd1_1
10:24:44.871 [main] DEBUG org.hibernate.orm.sql.ast.create - Registration of TableGroup [org.hibernate.sql.ast.tree.from.LazyTableGroup@600fa6ac] with identifierForTableGroup [org.frcpm.models.Task.preDependencies.{element}.project] for NavigablePath [org.frcpm.models.Task.preDependencies.{element}.project] 
10:24:44.871 [main] DEBUG org.hibernate.orm.sql.ast.create - Registration of TableGroup [org.hibernate.sql.ast.tree.from.LazyTableGroup@4b94dd39] with identifierForTableGroup [org.frcpm.models.Task.preDependencies.{element}.subsystem] for NavigablePath [org.frcpm.models.Task.preDependencies.{element}.subsystem] 
10:24:44.871 [main] DEBUG org.hibernate.orm.results.graph.AST - DomainResult Graph:
 \-CollectionDomainResult [org.frcpm.models.Task.preDependencies]

10:24:44.871 [main] DEBUG org.hibernate.orm.sql.ast.tree - SQL AST Tree:
    SelectStatement {
      FromClause {
        CollectionTableGroup (pd1 : org.frcpm.models.Task.preDependencies) {
          primaryTableReference : task_dependencies as pd1_0
          TableGroupJoins {
             join LazyTableGroup (pd1 : org.frcpm.models.Task.preDependencies.{element}) {
              primaryTableReference : tasks as pd1_1
              TableGroupJoins {
                left  join LazyTableGroup (p1 : org.frcpm.models.Task.preDependencies.{element}.project) {
                }
                left  join LazyTableGroup (s1 : org.frcpm.models.Task.preDependencies.{element}.subsystem) {
                }
              }
            }
          }
        }
      }
    }

10:24:44.871 [main] DEBUG org.hibernate.orm.jdbc.mutation - Static SQL for collection: org.frcpm.models.Task.preDependencies
10:24:44.871 [main] DEBUG org.hibernate.orm.jdbc.mutation -  Row insert: insert into task_dependencies (task_id,dependency_id) values (?,?)
10:24:44.872 [main] DEBUG org.hibernate.orm.jdbc.mutation -  Row delete: delete from task_dependencies where task_id=? and dependency_id=?
10:24:44.872 [main] DEBUG org.hibernate.orm.jdbc.mutation -  One-shot delete: delete from task_dependencies where task_id=?
10:24:44.872 [main] DEBUG org.hibernate.orm.sql.ast.create - Created new SQL alias : m1_0
10:24:44.872 [main] DEBUG org.hibernate.orm.sql.ast.create - Registration of TableGroup [org.hibernate.sql.ast.tree.from.OneToManyTableGroup@4591e6f1] with identifierForTableGroup [org.frcpm.models.Project.milestones] for NavigablePath [org.frcpm.models.Project.milestones] 
10:24:44.872 [main] DEBUG org.hibernate.orm.sql.ast.create - Registration of TableGroup [StandardTableGroup(org.frcpm.models.Project.milestones.{element})] with identifierForTableGroup [org.frcpm.models.Project.milestones.{element}] for NavigablePath [org.frcpm.models.Project.milestones.{element}] 
10:24:44.872 [main] DEBUG org.hibernate.orm.sql.ast.create - Registration of TableGroup [org.hibernate.sql.ast.tree.from.LazyTableGroup@6e4ca40e] with identifierForTableGroup [org.frcpm.models.Project.milestones.{element}.project] for NavigablePath [org.frcpm.models.Project.milestones.{element}.project] 
10:24:44.872 [main] DEBUG org.hibernate.orm.results.graph.AST - DomainResult Graph:
 \-CollectionDomainResult [org.frcpm.models.Project.milestones]

10:24:44.872 [main] DEBUG org.hibernate.orm.sql.ast.tree - SQL AST Tree:
    SelectStatement {
      FromClause {
        OneToManyTableGroup (m1 : org.frcpm.models.Project.milestones) {
          primaryTableReference : milestones as m1_0
          TableGroupJoins {
            left  join LazyTableGroup (p1 : org.frcpm.models.Project.milestones.{element}.project) {
            }
          }
        }
      }
    }

10:24:44.872 [main] DEBUG org.hibernate.orm.jdbc.mutation - Static SQL for collection: org.frcpm.models.Project.milestones
10:24:44.872 [main] DEBUG org.hibernate.orm.sql.ast.create - Created new SQL alias : rft1_0
10:24:44.872 [main] DEBUG org.hibernate.orm.sql.ast.create - Registration of TableGroup [CollectionTableGroup(org.frcpm.models.Component.requiredForTasks)] with identifierForTableGroup [org.frcpm.models.Component.requiredForTasks] for NavigablePath [org.frcpm.models.Component.requiredForTasks] 
10:24:44.872 [main] DEBUG org.hibernate.orm.sql.ast.create - Registration of TableGroup [org.hibernate.sql.ast.tree.from.LazyTableGroup@2af3ff00] with identifierForTableGroup [org.frcpm.models.Component.requiredForTasks.{element}] for NavigablePath [org.frcpm.models.Component.requiredForTasks.{element}] 
10:24:44.872 [main] DEBUG org.hibernate.orm.sql.ast.create - Created new SQL alias : rft1_1
10:24:44.873 [main] DEBUG org.hibernate.orm.sql.ast.create - Registration of TableGroup [org.hibernate.sql.ast.tree.from.LazyTableGroup@609f22c1] with identifierForTableGroup [org.frcpm.models.Component.requiredForTasks.{element}.project] for NavigablePath [org.frcpm.models.Component.requiredForTasks.{element}.project] 
10:24:44.873 [main] DEBUG org.hibernate.orm.sql.ast.create - Registration of TableGroup [org.hibernate.sql.ast.tree.from.LazyTableGroup@88e0260] with identifierForTableGroup [org.frcpm.models.Component.requiredForTasks.{element}.subsystem] for NavigablePath [org.frcpm.models.Component.requiredForTasks.{element}.subsystem] 
10:24:44.873 [main] DEBUG org.hibernate.orm.results.graph.AST - DomainResult Graph:
 \-CollectionDomainResult [org.frcpm.models.Component.requiredForTasks]

10:24:44.873 [main] DEBUG org.hibernate.orm.sql.ast.tree - SQL AST Tree:
    SelectStatement {
      FromClause {
        CollectionTableGroup (rft1 : org.frcpm.models.Component.requiredForTasks) {
          primaryTableReference : task_components as rft1_0
          TableGroupJoins {
             join LazyTableGroup (rft1 : org.frcpm.models.Component.requiredForTasks.{element}) {
              primaryTableReference : tasks as rft1_1
              TableGroupJoins {
                left  join LazyTableGroup (p1 : org.frcpm.models.Component.requiredForTasks.{element}.project) {
                }
                left  join LazyTableGroup (s1 : org.frcpm.models.Component.requiredForTasks.{element}.subsystem) {
                }
              }
            }
          }
        }
      }
    }

10:24:44.873 [main] DEBUG org.hibernate.orm.jdbc.mutation - Static SQL for collection: org.frcpm.models.Component.requiredForTasks
10:24:44.873 [main] DEBUG org.hibernate.orm.sql.ast.create - Created new SQL alias : m1_0
10:24:44.873 [main] DEBUG org.hibernate.orm.sql.ast.create - Registration of TableGroup [org.hibernate.sql.ast.tree.from.OneToManyTableGroup@24a053d3] with identifierForTableGroup [org.frcpm.models.Project.meetings] for NavigablePath [org.frcpm.models.Project.meetings] 
10:24:44.873 [main] DEBUG org.hibernate.orm.sql.ast.create - Registration of TableGroup [StandardTableGroup(org.frcpm.models.Project.meetings.{element})] with identifierForTableGroup [org.frcpm.models.Project.meetings.{element}] for NavigablePath [org.frcpm.models.Project.meetings.{element}] 
10:24:44.873 [main] DEBUG org.hibernate.orm.sql.ast.create - Registration of TableGroup [org.hibernate.sql.ast.tree.from.LazyTableGroup@b47c999] with identifierForTableGroup [org.frcpm.models.Project.meetings.{element}.project] for NavigablePath [org.frcpm.models.Project.meetings.{element}.project] 
10:24:44.873 [main] DEBUG org.hibernate.orm.results.graph.AST - DomainResult Graph:
 \-CollectionDomainResult [org.frcpm.models.Project.meetings]

10:24:44.873 [main] DEBUG org.hibernate.orm.sql.ast.tree - SQL AST Tree:
    SelectStatement {
      FromClause {
        OneToManyTableGroup (m1 : org.frcpm.models.Project.meetings) {
          primaryTableReference : meetings as m1_0
          TableGroupJoins {
            left  join LazyTableGroup (p1 : org.frcpm.models.Project.meetings.{element}.project) {
            }
          }
        }
      }
    }

10:24:44.873 [main] DEBUG org.hibernate.orm.jdbc.mutation - Static SQL for collection: org.frcpm.models.Project.meetings
10:24:44.873 [main] DEBUG org.hibernate.orm.sql.ast.create - Created new SQL alias : at1_0
10:24:44.873 [main] DEBUG org.hibernate.orm.sql.ast.create - Registration of TableGroup [CollectionTableGroup(org.frcpm.models.TeamMember.assignedTasks)] with identifierForTableGroup [org.frcpm.models.TeamMember.assignedTasks] for NavigablePath [org.frcpm.models.TeamMember.assignedTasks] 
10:24:44.873 [main] DEBUG org.hibernate.orm.sql.ast.create - Registration of TableGroup [org.hibernate.sql.ast.tree.from.LazyTableGroup@499452ee] with identifierForTableGroup [org.frcpm.models.TeamMember.assignedTasks.{element}] for NavigablePath [org.frcpm.models.TeamMember.assignedTasks.{element}] 
10:24:44.873 [main] DEBUG org.hibernate.orm.sql.ast.create - Created new SQL alias : at1_1
10:24:44.873 [main] DEBUG org.hibernate.orm.sql.ast.create - Registration of TableGroup [org.hibernate.sql.ast.tree.from.LazyTableGroup@6f8caec4] with identifierForTableGroup [org.frcpm.models.TeamMember.assignedTasks.{element}.project] for NavigablePath [org.frcpm.models.TeamMember.assignedTasks.{element}.project] 
10:24:44.873 [main] DEBUG org.hibernate.orm.sql.ast.create - Registration of TableGroup [org.hibernate.sql.ast.tree.from.LazyTableGroup@3b4d73a7] with identifierForTableGroup [org.frcpm.models.TeamMember.assignedTasks.{element}.subsystem] for NavigablePath [org.frcpm.models.TeamMember.assignedTasks.{element}.subsystem] 
10:24:44.873 [main] DEBUG org.hibernate.orm.results.graph.AST - DomainResult Graph:
 \-CollectionDomainResult [org.frcpm.models.TeamMember.assignedTasks]

10:24:44.873 [main] DEBUG org.hibernate.orm.sql.ast.tree - SQL AST Tree:
    SelectStatement {
      FromClause {
        CollectionTableGroup (at1 : org.frcpm.models.TeamMember.assignedTasks) {
          primaryTableReference : task_assignments as at1_0
          TableGroupJoins {
             join LazyTableGroup (at1 : org.frcpm.models.TeamMember.assignedTasks.{element}) {
              primaryTableReference : tasks as at1_1
              TableGroupJoins {
                left  join LazyTableGroup (p1 : org.frcpm.models.TeamMember.assignedTasks.{element}.project) {
                }
                left  join LazyTableGroup (s1 : org.frcpm.models.TeamMember.assignedTasks.{element}.subsystem) {
                }
              }
            }
          }
        }
      }
    }

10:24:44.873 [main] DEBUG org.hibernate.orm.jdbc.mutation - Static SQL for collection: org.frcpm.models.TeamMember.assignedTasks
10:24:44.873 [main] DEBUG org.hibernate.orm.sql.ast.create - Created new SQL alias : a1_0
10:24:44.873 [main] DEBUG org.hibernate.orm.sql.ast.create - Registration of TableGroup [org.hibernate.sql.ast.tree.from.OneToManyTableGroup@5a553b5c] with identifierForTableGroup [org.frcpm.models.Meeting.attendances] for NavigablePath [org.frcpm.models.Meeting.attendances] 
10:24:44.873 [main] DEBUG org.hibernate.orm.sql.ast.create - Registration of TableGroup [StandardTableGroup(org.frcpm.models.Meeting.attendances.{element})] with identifierForTableGroup [org.frcpm.models.Meeting.attendances.{element}] for NavigablePath [org.frcpm.models.Meeting.attendances.{element}] 
10:24:44.873 [main] DEBUG org.hibernate.orm.sql.ast.create - Registration of TableGroup [org.hibernate.sql.ast.tree.from.LazyTableGroup@15658e7a] with identifierForTableGroup [org.frcpm.models.Meeting.attendances.{element}.meeting] for NavigablePath [org.frcpm.models.Meeting.attendances.{element}.meeting] 
10:24:44.873 [main] DEBUG org.hibernate.orm.sql.ast.create - Registration of TableGroup [org.hibernate.sql.ast.tree.from.LazyTableGroup@3f92d7c1] with identifierForTableGroup [org.frcpm.models.Meeting.attendances.{element}.member] for NavigablePath [org.frcpm.models.Meeting.attendances.{element}.member] 
10:24:44.873 [main] DEBUG org.hibernate.orm.results.graph.AST - DomainResult Graph:
 \-CollectionDomainResult [org.frcpm.models.Meeting.attendances]

10:24:44.874 [main] DEBUG org.hibernate.orm.sql.ast.tree - SQL AST Tree:
    SelectStatement {
      FromClause {
        OneToManyTableGroup (a1 : org.frcpm.models.Meeting.attendances) {
          primaryTableReference : attendances as a1_0
          TableGroupJoins {
            left  join LazyTableGroup (m1 : org.frcpm.models.Meeting.attendances.{element}.meeting) {
            }
            left  join LazyTableGroup (m2 : org.frcpm.models.Meeting.attendances.{element}.member) {
            }
          }
        }
      }
    }

10:24:44.874 [main] DEBUG org.hibernate.orm.jdbc.mutation - Static SQL for collection: org.frcpm.models.Meeting.attendances
10:24:44.874 [main] DEBUG org.hibernate.orm.sql.ast.create - Created new SQL alias : pd1_0
10:24:44.874 [main] DEBUG org.hibernate.orm.sql.ast.create - Registration of TableGroup [CollectionTableGroup(org.frcpm.models.Task.postDependencies)] with identifierForTableGroup [org.frcpm.models.Task.postDependencies] for NavigablePath [org.frcpm.models.Task.postDependencies] 
10:24:44.874 [main] DEBUG org.hibernate.orm.sql.ast.create - Registration of TableGroup [org.hibernate.sql.ast.tree.from.LazyTableGroup@75c1d50d] with identifierForTableGroup [org.frcpm.models.Task.postDependencies.{element}] for NavigablePath [org.frcpm.models.Task.postDependencies.{element}] 
10:24:44.874 [main] DEBUG org.hibernate.orm.sql.ast.create - Created new SQL alias : pd1_1
10:24:44.874 [main] DEBUG org.hibernate.orm.sql.ast.create - Registration of TableGroup [org.hibernate.sql.ast.tree.from.LazyTableGroup@18f0c048] with identifierForTableGroup [org.frcpm.models.Task.postDependencies.{element}.project] for NavigablePath [org.frcpm.models.Task.postDependencies.{element}.project] 
10:24:44.874 [main] DEBUG org.hibernate.orm.sql.ast.create - Registration of TableGroup [org.hibernate.sql.ast.tree.from.LazyTableGroup@98649f6] with identifierForTableGroup [org.frcpm.models.Task.postDependencies.{element}.subsystem] for NavigablePath [org.frcpm.models.Task.postDependencies.{element}.subsystem] 
10:24:44.874 [main] DEBUG org.hibernate.orm.results.graph.AST - DomainResult Graph:
 \-CollectionDomainResult [org.frcpm.models.Task.postDependencies]

10:24:44.874 [main] DEBUG org.hibernate.orm.sql.ast.tree - SQL AST Tree:
    SelectStatement {
      FromClause {
        CollectionTableGroup (pd1 : org.frcpm.models.Task.postDependencies) {
          primaryTableReference : task_dependencies as pd1_0
          TableGroupJoins {
             join LazyTableGroup (pd1 : org.frcpm.models.Task.postDependencies.{element}) {
              primaryTableReference : tasks as pd1_1
              TableGroupJoins {
                left  join LazyTableGroup (p1 : org.frcpm.models.Task.postDependencies.{element}.project) {
                }
                left  join LazyTableGroup (s1 : org.frcpm.models.Task.postDependencies.{element}.subsystem) {
                }
              }
            }
          }
        }
      }
    }

10:24:44.874 [main] DEBUG org.hibernate.orm.jdbc.mutation - Static SQL for collection: org.frcpm.models.Task.postDependencies
10:24:44.874 [main] DEBUG org.hibernate.orm.sql.ast.create - Created new SQL alias : t1_0
10:24:44.874 [main] DEBUG org.hibernate.orm.sql.ast.create - Registration of TableGroup [org.hibernate.sql.ast.tree.from.OneToManyTableGroup@6c78e0ec] with identifierForTableGroup [org.frcpm.models.Project.tasks] for NavigablePath [org.frcpm.models.Project.tasks] 
10:24:44.874 [main] DEBUG org.hibernate.orm.sql.ast.create - Registration of TableGroup [StandardTableGroup(org.frcpm.models.Project.tasks.{element})] with identifierForTableGroup [org.frcpm.models.Project.tasks.{element}] for NavigablePath [org.frcpm.models.Project.tasks.{element}] 
10:24:44.874 [main] DEBUG org.hibernate.orm.sql.ast.create - Registration of TableGroup [org.hibernate.sql.ast.tree.from.LazyTableGroup@74976a4b] with identifierForTableGroup [org.frcpm.models.Project.tasks.{element}.project] for NavigablePath [org.frcpm.models.Project.tasks.{element}.project] 
10:24:44.874 [main] DEBUG org.hibernate.orm.sql.ast.create - Registration of TableGroup [org.hibernate.sql.ast.tree.from.LazyTableGroup@19448660] with identifierForTableGroup [org.frcpm.models.Project.tasks.{element}.subsystem] for NavigablePath [org.frcpm.models.Project.tasks.{element}.subsystem] 
10:24:44.874 [main] DEBUG org.hibernate.orm.results.graph.AST - DomainResult Graph:
 \-CollectionDomainResult [org.frcpm.models.Project.tasks]

10:24:44.874 [main] DEBUG org.hibernate.orm.sql.ast.tree - SQL AST Tree:
    SelectStatement {
      FromClause {
        OneToManyTableGroup (t1 : org.frcpm.models.Project.tasks) {
          primaryTableReference : tasks as t1_0
          TableGroupJoins {
            left  join LazyTableGroup (p1 : org.frcpm.models.Project.tasks.{element}.project) {
            }
            left  join LazyTableGroup (s1 : org.frcpm.models.Project.tasks.{element}.subsystem) {
            }
          }
        }
      }
    }

10:24:44.874 [main] DEBUG org.hibernate.orm.jdbc.mutation - Static SQL for collection: org.frcpm.models.Project.tasks
10:24:44.879 [main] DEBUG org.hibernate.type.spi.TypeConfiguration$Scope - Scoping TypeConfiguration [org.hibernate.type.spi.TypeConfiguration@6d8e7d6d] to SessionFactoryImplementor [org.hibernate.internal.SessionFactoryImpl@152e7b0]
10:24:44.879 [main] DEBUG org.hibernate.query.named.NamedObjectRepository - Checking 0 named HQL queries
10:24:44.879 [main] DEBUG org.hibernate.query.named.NamedObjectRepository - Checking 0 named SQL queries
10:24:44.879 [main] DEBUG org.hibernate.mapping.Table - No alter strings for table : attendances
10:24:44.879 [main] DEBUG org.hibernate.SQL - alter table if exists components alter column description set data type TEXT
10:24:44.879 [main] DEBUG org.hibernate.SQL - alter table if exists meetings alter column notes set data type TEXT
10:24:44.879 [main] DEBUG org.hibernate.SQL - alter table if exists milestones alter column description set data type TEXT
10:24:44.879 [main] DEBUG org.hibernate.SQL - alter table if exists projects alter column description set data type TEXT
10:24:44.879 [main] DEBUG org.hibernate.SQL - alter table if exists subsystems alter column description set data type TEXT
10:24:44.880 [main] DEBUG org.hibernate.SQL - alter table if exists subteams alter column specialties set data type TEXT
10:24:44.880 [main] DEBUG org.hibernate.mapping.Table - No alter strings for table : task_assignments
10:24:44.880 [main] DEBUG org.hibernate.mapping.Table - No alter strings for table : task_components
10:24:44.880 [main] DEBUG org.hibernate.mapping.Table - No alter strings for table : task_dependencies
10:24:44.880 [main] DEBUG org.hibernate.SQL - alter table if exists tasks alter column description set data type TEXT
10:24:44.880 [main] DEBUG org.hibernate.SQL - alter table if exists team_members alter column skills set data type TEXT
10:24:44.880 [main] DEBUG org.hibernate.SQL - alter table if exists attendances drop constraint if exists UKa8ydr6vrgbux3a27v7enb0y3x
10:24:44.880 [main] DEBUG org.hibernate.SQL - alter table if exists attendances add constraint UKa8ydr6vrgbux3a27v7enb0y3x unique (meeting_id, member_id)
10:24:44.883 [main] DEBUG org.hibernate.internal.SessionFactoryRegistry - Registering SessionFactory: af929a60-e4b7-4c38-b2ca-4cd1977f1c5c (<unnamed>)
10:24:44.883 [main] DEBUG org.hibernate.internal.SessionFactoryRegistry - Not binding SessionFactory to JNDI, no JNDI name configured
10:24:44.883 [main] DEBUG org.hibernate.internal.SessionFactoryImpl - Instantiated SessionFactory
10:24:44.883 [main] DEBUG org.hibernate.stat.internal.StatisticsInitiator - Statistics initialized [enabled=false]
10:24:44.883 [main] DEBUG org.hibernate.engine.transaction.internal.TransactionImpl - On TransactionImpl creation, JpaCompliance#isJpaTransactionComplianceEnabled == false
10:24:44.883 [main] DEBUG org.hibernate.engine.transaction.internal.TransactionImpl - begin
10:24:44.883 [main] DEBUG org.hibernate.engine.spi.ActionQueue - Executing identity-insert immediately
10:24:44.883 [main] DEBUG org.hibernate.SQL - insert into subteams (color_code,name,specialties,id) values (?,?,?,default)
10:24:44.884 [main] DEBUG org.hibernate.orm.results - Initializer list is empty
10:24:44.884 [main] DEBUG org.hibernate.orm.results.loading - Calling top-level assembler (0 / 1) : org.hibernate.sql.results.graph.basic.BasicResultAssembler@1d131e88
10:24:44.884 [main] DEBUG org.hibernate.orm.results - Extracted JDBC value [0] - [123]
10:24:44.884 [main] DEBUG org.hibernate.id.IdentifierGeneratorHelper - Extracted generated values [org.frcpm.models.Subteam]: [Ljava.lang.Object;@227d6867
10:24:44.884 [main] DEBUG org.hibernate.event.internal.AbstractFlushingEventListener - Processing flush-time cascades
10:24:44.884 [main] DEBUG org.hibernate.event.internal.AbstractFlushingEventListener - Dirty checking collections
10:24:44.886 [main] DEBUG org.hibernate.engine.internal.Collections - Collection found: [org.frcpm.models.Subteam.members#123], was: [<unreferenced>] (initialized)
10:24:44.886 [main] DEBUG org.hibernate.engine.internal.Collections - Collection found: [org.frcpm.models.Subteam.subsystems#123], was: [<unreferenced>] (initialized)
10:24:44.886 [main] DEBUG org.hibernate.event.internal.AbstractFlushingEventListener - Flushed: 0 insertions, 0 updates, 0 deletions to 1 objects
10:24:44.886 [main] DEBUG org.hibernate.event.internal.AbstractFlushingEventListener - Flushed: 2 (re)creations, 0 updates, 0 removals to 2 collections
10:24:44.886 [main] DEBUG org.hibernate.internal.util.EntityPrinter - Listing entities:
10:24:44.886 [main] DEBUG org.hibernate.internal.util.EntityPrinter - org.frcpm.models.Subteam{specialties=Java, Programming, Controls, members=[], name=Test Subteam 1, colorCode=#FF0000, id=123, subsystems=[]}
10:24:44.886 [main] DEBUG org.hibernate.engine.transaction.internal.TransactionImpl - committing
10:24:44.886 [main] DEBUG org.hibernate.event.internal.AbstractFlushingEventListener - Processing flush-time cascades
10:24:44.886 [main] DEBUG org.hibernate.event.internal.AbstractFlushingEventListener - Dirty checking collections
10:24:44.886 [main] DEBUG org.hibernate.engine.internal.Collections - Collection found: [org.frcpm.models.Subteam.members#123], was: [org.frcpm.models.Subteam.members#123] (initialized)
10:24:44.886 [main] DEBUG org.hibernate.engine.internal.Collections - Collection found: [org.frcpm.models.Subteam.subsystems#123], was: [org.frcpm.models.Subteam.subsystems#123] (initialized)
10:24:44.886 [main] DEBUG org.hibernate.event.internal.AbstractFlushingEventListener - Flushed: 0 insertions, 0 updates, 0 deletions to 1 objects
10:24:44.886 [main] DEBUG org.hibernate.event.internal.AbstractFlushingEventListener - Flushed: 0 (re)creations, 0 updates, 0 removals to 2 collections
10:24:44.886 [main] DEBUG org.hibernate.internal.util.EntityPrinter - Listing entities:
10:24:44.886 [main] DEBUG org.hibernate.internal.util.EntityPrinter - org.frcpm.models.Subteam{specialties=Java, Programming, Controls, members=[], name=Test Subteam 1, colorCode=#FF0000, id=123, subsystems=[]}
10:24:44.886 [main] DEBUG org.hibernate.resource.jdbc.internal.LogicalConnectionManagedImpl - Initiating JDBC connection release from afterTransaction
10:24:44.886 [main] DEBUG org.hibernate.resource.jdbc.internal.LogicalConnectionManagedImpl - Initiating JDBC connection release from afterTransaction
10:24:44.886 [main] DEBUG org.hibernate.engine.transaction.internal.TransactionImpl - On TransactionImpl creation, JpaCompliance#isJpaTransactionComplianceEnabled == false
10:24:44.886 [main] DEBUG org.hibernate.engine.transaction.internal.TransactionImpl - begin
10:24:44.886 [main] DEBUG org.hibernate.engine.spi.ActionQueue - Executing identity-insert immediately
10:24:44.887 [main] DEBUG org.hibernate.SQL - insert into subteams (color_code,name,specialties,id) values (?,?,?,default)
10:24:44.887 [main] DEBUG org.hibernate.orm.results - Initializer list is empty
10:24:44.887 [main] DEBUG org.hibernate.orm.results.loading - Calling top-level assembler (0 / 1) : org.hibernate.sql.results.graph.basic.BasicResultAssembler@738c392e
10:24:44.887 [main] DEBUG org.hibernate.orm.results - Extracted JDBC value [0] - [124]
10:24:44.887 [main] DEBUG org.hibernate.id.IdentifierGeneratorHelper - Extracted generated values [org.frcpm.models.Subteam]: [Ljava.lang.Object;@28f94cd
10:24:44.887 [main] DEBUG org.hibernate.event.internal.AbstractFlushingEventListener - Processing flush-time cascades
10:24:44.887 [main] DEBUG org.hibernate.event.internal.AbstractFlushingEventListener - Dirty checking collections
10:24:44.887 [main] DEBUG org.hibernate.engine.internal.Collections - Collection found: [org.frcpm.models.Subteam.members#124], was: [<unreferenced>] (initialized)
10:24:44.887 [main] DEBUG org.hibernate.engine.internal.Collections - Collection found: [org.frcpm.models.Subteam.subsystems#124], was: [<unreferenced>] (initialized)
10:24:44.887 [main] DEBUG org.hibernate.event.internal.AbstractFlushingEventListener - Flushed: 0 insertions, 0 updates, 0 deletions to 1 objects
10:24:44.887 [main] DEBUG org.hibernate.event.internal.AbstractFlushingEventListener - Flushed: 2 (re)creations, 0 updates, 0 removals to 2 collections
10:24:44.887 [main] DEBUG org.hibernate.internal.util.EntityPrinter - Listing entities:
10:24:44.887 [main] DEBUG org.hibernate.internal.util.EntityPrinter - org.frcpm.models.Subteam{specialties=CAD, Design, Fabrication, members=[], name=Test Subteam 2, colorCode=#00FF00, id=124, subsystems=[]}
10:24:44.887 [main] DEBUG org.hibernate.engine.transaction.internal.TransactionImpl - committing
10:24:44.888 [main] DEBUG org.hibernate.event.internal.AbstractFlushingEventListener - Processing flush-time cascades
10:24:44.888 [main] DEBUG org.hibernate.event.internal.AbstractFlushingEventListener - Dirty checking collections
10:24:44.888 [main] DEBUG org.hibernate.engine.internal.Collections - Collection found: [org.frcpm.models.Subteam.members#124], was: [org.frcpm.models.Subteam.members#124] (initialized)
10:24:44.888 [main] DEBUG org.hibernate.engine.internal.Collections - Collection found: [org.frcpm.models.Subteam.subsystems#124], was: [org.frcpm.models.Subteam.subsystems#124] (initialized)
10:24:44.888 [main] DEBUG org.hibernate.event.internal.AbstractFlushingEventListener - Flushed: 0 insertions, 0 updates, 0 deletions to 1 objects
10:24:44.888 [main] DEBUG org.hibernate.event.internal.AbstractFlushingEventListener - Flushed: 0 (re)creations, 0 updates, 0 removals to 2 collections
10:24:44.888 [main] DEBUG org.hibernate.internal.util.EntityPrinter - Listing entities:
10:24:44.888 [main] DEBUG org.hibernate.internal.util.EntityPrinter - org.frcpm.models.Subteam{specialties=CAD, Design, Fabrication, members=[], name=Test Subteam 2, colorCode=#00FF00, id=124, subsystems=[]}
10:24:44.888 [main] DEBUG org.hibernate.resource.jdbc.internal.LogicalConnectionManagedImpl - Initiating JDBC connection release from afterTransaction
10:24:44.888 [main] DEBUG org.hibernate.resource.jdbc.internal.LogicalConnectionManagedImpl - Initiating JDBC connection release from afterTransaction
10:24:44.888 [main] DEBUG org.hibernate.orm.sql.ast.create - Created new SQL alias : s1_0
10:24:44.888 [main] DEBUG org.hibernate.orm.sql.ast.create - Registration of TableGroup [StandardTableGroup(org.frcpm.models.Subteam(959701176100900))] with identifierForTableGroup [org.frcpm.models.Subteam] for NavigablePath [org.frcpm.models.Subteam] 
10:24:44.889 [main] DEBUG org.hibernate.orm.results.graph.AST - DomainResult Graph:
 \-EntityResultImpl [org.frcpm.models.Subteam(959701176100900)]
 |  +-BasicFetch [org.frcpm.models.Subteam(959701176100900).colorCode]
 |  +-DelayedCollectionFetch [org.frcpm.models.Subteam(959701176100900).members]
 |  +-BasicFetch [org.frcpm.models.Subteam(959701176100900).name]
 |  +-BasicFetch [org.frcpm.models.Subteam(959701176100900).specialties]
 |  \-DelayedCollectionFetch [org.frcpm.models.Subteam(959701176100900).subsystems]

10:24:44.889 [main] DEBUG org.hibernate.orm.sql.ast.tree - SQL AST Tree:
    SelectStatement {
      FromClause {
        StandardTableGroup (s1 : org.frcpm.models.Subteam(959701176100900)) {
          primaryTableReference : subteams as s1_0
        }
      }
    }

10:24:44.889 [main] DEBUG org.hibernate.orm.sql.exec - Skipping reading Query result cache data: cache-enabled = false, cache-mode = NORMAL
10:24:44.889 [main] DEBUG org.hibernate.orm.results - Initializer list:
	  org.frcpm.models.Subteam(959701176100900).subsystems -> DelayedCollectionInitializer(org.frcpm.models.Subteam(959701176100900).subsystems)@1772839603 (PluralAttribute(org.frcpm.models.Subteam.subsystems))
	  org.frcpm.models.Subteam(959701176100900) -> EntityResultInitializer(org.frcpm.models.Subteam(959701176100900))@2004490787 (SingleTableEntityPersister(org.frcpm.models.Subteam))
	  org.frcpm.models.Subteam(959701176100900).members -> DelayedCollectionInitializer(org.frcpm.models.Subteam(959701176100900).members)@1137787237 (PluralAttribute(org.frcpm.models.Subteam.members))

10:24:44.889 [main] DEBUG org.hibernate.SQL - select s1_0.id,s1_0.color_code,s1_0.name,s1_0.specialties from subteams s1_0
10:24:44.889 [main] DEBUG org.hibernate.orm.results - Extracted JDBC value [0] - [1]
10:24:44.889 [main] DEBUG org.hibernate.orm.results.loading.entity - (EntityResultInitializer) Hydrated EntityKey (org.frcpm.models.Subteam(959701176100900)): 1
10:24:44.889 [main] DEBUG org.hibernate.orm.results.loading.org.hibernate.orm.results.loading.collection - (DelayedCollectionInitializer) Current row collection key : org.frcpm.models.Subteam(959701176100900).members#1
10:24:44.889 [main] DEBUG org.hibernate.orm.results.loading.org.hibernate.orm.results.loading.collection - (DelayedCollectionInitializer) Current row collection key : org.frcpm.models.Subteam(959701176100900).subsystems#1
10:24:44.889 [main] DEBUG org.hibernate.orm.results.loading.entity - (EntityResultInitializer) Created new entity instance [org.frcpm.models.Subteam(959701176100900)#1] : 573711524
10:24:44.889 [main] DEBUG org.hibernate.orm.results - Extracted JDBC value [1] - [#FF5733]
10:24:44.889 [main] DEBUG org.hibernate.orm.results - Extracted JDBC value [2] - [Mechanical]
10:24:44.889 [main] DEBUG org.hibernate.orm.results - Extracted JDBC value [3] - [Design, CAD, Fabrication, Assembly]
10:24:44.889 [main] DEBUG org.hibernate.orm.results.loading.entity - (EntityResultInitializer) Done materializing entityInstance : org.frcpm.models.Subteam(959701176100900)#1
10:24:44.889 [main] DEBUG org.hibernate.orm.results.loading - Calling top-level assembler (0 / 1) : org.hibernate.sql.results.graph.entity.internal.EntityAssembler@3be824c6
10:24:44.889 [main] DEBUG org.hibernate.orm.results - Extracted JDBC value [0] - [2]
10:24:44.889 [main] DEBUG org.hibernate.orm.results.loading.entity - (EntityResultInitializer) Hydrated EntityKey (org.frcpm.models.Subteam(959701176100900)): 2
10:24:44.889 [main] DEBUG org.hibernate.orm.results.loading.org.hibernate.orm.results.loading.collection - (DelayedCollectionInitializer) Current row collection key : org.frcpm.models.Subteam(959701176100900).members#2
10:24:44.889 [main] DEBUG org.hibernate.orm.results.loading.org.hibernate.orm.results.loading.collection - (DelayedCollectionInitializer) Current row collection key : org.frcpm.models.Subteam(959701176100900).subsystems#2
10:24:44.889 [main] DEBUG org.hibernate.orm.results.loading.entity - (EntityResultInitializer) Created new entity instance [org.frcpm.models.Subteam(959701176100900)#2] : 139210779
10:24:44.889 [main] DEBUG org.hibernate.orm.results - Extracted JDBC value [1] - [#33A8FF]
10:24:44.889 [main] DEBUG org.hibernate.orm.results - Extracted JDBC value [2] - [Electrical]
10:24:44.889 [main] DEBUG org.hibernate.orm.results - Extracted JDBC value [3] - [Wiring, Electronics, Sensors, Power Systems]
10:24:44.889 [main] DEBUG org.hibernate.orm.results.loading.entity - (EntityResultInitializer) Done materializing entityInstance : org.frcpm.models.Subteam(959701176100900)#2
10:24:44.889 [main] DEBUG org.hibernate.orm.results.loading - Calling top-level assembler (0 / 1) : org.hibernate.sql.results.graph.entity.internal.EntityAssembler@3be824c6
10:24:44.889 [main] DEBUG org.hibernate.orm.results - Extracted JDBC value [0] - [3]
10:24:44.889 [main] DEBUG org.hibernate.orm.results.loading.entity - (EntityResultInitializer) Hydrated EntityKey (org.frcpm.models.Subteam(959701176100900)): 3
10:24:44.889 [main] DEBUG org.hibernate.orm.results.loading.org.hibernate.orm.results.loading.collection - (DelayedCollectionInitializer) Current row collection key : org.frcpm.models.Subteam(959701176100900).members#3
10:24:44.889 [main] DEBUG org.hibernate.orm.results.loading.org.hibernate.orm.results.loading.collection - (DelayedCollectionInitializer) Current row collection key : org.frcpm.models.Subteam(959701176100900).subsystems#3
10:24:44.889 [main] DEBUG org.hibernate.orm.results.loading.entity - (EntityResultInitializer) Created new entity instance [org.frcpm.models.Subteam(959701176100900)#3] : 745513379
10:24:44.889 [main] DEBUG org.hibernate.orm.results - Extracted JDBC value [1] - [#33FF57]
10:24:44.889 [main] DEBUG org.hibernate.orm.results - Extracted JDBC value [2] - [Programming]
10:24:44.889 [main] DEBUG org.hibernate.orm.results - Extracted JDBC value [3] - [Java, Vision, Control Systems, Autonomous]
10:24:44.889 [main] DEBUG org.hibernate.orm.results.loading.entity - (EntityResultInitializer) Done materializing entityInstance : org.frcpm.models.Subteam(959701176100900)#3
10:24:44.889 [main] DEBUG org.hibernate.orm.results.loading - Calling top-level assembler (0 / 1) : org.hibernate.sql.results.graph.entity.internal.EntityAssembler@3be824c6
10:24:44.889 [main] DEBUG org.hibernate.orm.results - Extracted JDBC value [0] - [4]
10:24:44.889 [main] DEBUG org.hibernate.orm.results.loading.entity - (EntityResultInitializer) Hydrated EntityKey (org.frcpm.models.Subteam(959701176100900)): 4
10:24:44.889 [main] DEBUG org.hibernate.orm.results.loading.org.hibernate.orm.results.loading.collection - (DelayedCollectionInitializer) Current row collection key : org.frcpm.models.Subteam(959701176100900).members#4
10:24:44.889 [main] DEBUG org.hibernate.orm.results.loading.org.hibernate.orm.results.loading.collection - (DelayedCollectionInitializer) Current row collection key : org.frcpm.models.Subteam(959701176100900).subsystems#4
10:24:44.889 [main] DEBUG org.hibernate.orm.results.loading.entity - (EntityResultInitializer) Created new entity instance [org.frcpm.models.Subteam(959701176100900)#4] : 136613451
10:24:44.889 [main] DEBUG org.hibernate.orm.results - Extracted JDBC value [1] - [#FF33A8]
10:24:44.889 [main] DEBUG org.hibernate.orm.results - Extracted JDBC value [2] - [Business]
10:24:44.889 [main] DEBUG org.hibernate.orm.results - Extracted JDBC value [3] - [Fundraising, Marketing, Outreach, Awards]
10:24:44.889 [main] DEBUG org.hibernate.orm.results.loading.entity - (EntityResultInitializer) Done materializing entityInstance : org.frcpm.models.Subteam(959701176100900)#4
10:24:44.889 [main] DEBUG org.hibernate.orm.results.loading - Calling top-level assembler (0 / 1) : org.hibernate.sql.results.graph.entity.internal.EntityAssembler@3be824c6
10:24:44.889 [main] DEBUG org.hibernate.orm.results - Extracted JDBC value [0] - [24]
10:24:44.889 [main] DEBUG org.hibernate.orm.results.loading.entity - (EntityResultInitializer) Hydrated EntityKey (org.frcpm.models.Subteam(959701176100900)): 24
10:24:44.889 [main] DEBUG org.hibernate.orm.results.loading.org.hibernate.orm.results.loading.collection - (DelayedCollectionInitializer) Current row collection key : org.frcpm.models.Subteam(959701176100900).members#24
10:24:44.889 [main] DEBUG org.hibernate.orm.results.loading.org.hibernate.orm.results.loading.collection - (DelayedCollectionInitializer) Current row collection key : org.frcpm.models.Subteam(959701176100900).subsystems#24
10:24:44.889 [main] DEBUG org.hibernate.orm.results.loading.entity - (EntityResultInitializer) Created new entity instance [org.frcpm.models.Subteam(959701176100900)#24] : 905988021
10:24:44.889 [main] DEBUG org.hibernate.orm.results - Extracted JDBC value [1] - [#0000FF]
10:24:44.889 [main] DEBUG org.hibernate.orm.results - Extracted JDBC value [2] - [Test Count Subteam]
10:24:44.889 [main] DEBUG org.hibernate.orm.results - Extracted JDBC value [3] - [null]
10:24:44.889 [main] DEBUG org.hibernate.orm.results.loading.entity - (EntityResultInitializer) Done materializing entityInstance : org.frcpm.models.Subteam(959701176100900)#24
10:24:44.889 [main] DEBUG org.hibernate.orm.results.loading - Calling top-level assembler (0 / 1) : org.hibernate.sql.results.graph.entity.internal.EntityAssembler@3be824c6
10:24:44.889 [main] DEBUG org.hibernate.orm.results - Extracted JDBC value [0] - [27]
10:24:44.889 [main] DEBUG org.hibernate.orm.results.loading.entity - (EntityResultInitializer) Hydrated EntityKey (org.frcpm.models.Subteam(959701176100900)): 27
10:24:44.889 [main] DEBUG org.hibernate.orm.results.loading.org.hibernate.orm.results.loading.collection - (DelayedCollectionInitializer) Current row collection key : org.frcpm.models.Subteam(959701176100900).members#27
10:24:44.889 [main] DEBUG org.hibernate.orm.results.loading.org.hibernate.orm.results.loading.collection - (DelayedCollectionInitializer) Current row collection key : org.frcpm.models.Subteam(959701176100900).subsystems#27
10:24:44.889 [main] DEBUG org.hibernate.orm.results.loading.entity - (EntityResultInitializer) Created new entity instance [org.frcpm.models.Subteam(959701176100900)#27] : 1713863426
10:24:44.889 [main] DEBUG org.hibernate.orm.results - Extracted JDBC value [1] - [#0000FF]
10:24:44.889 [main] DEBUG org.hibernate.orm.results - Extracted JDBC value [2] - [Test Save Subteam]
10:24:44.889 [main] DEBUG org.hibernate.orm.results - Extracted JDBC value [3] - [Testing]
10:24:44.889 [main] DEBUG org.hibernate.orm.results.loading.entity - (EntityResultInitializer) Done materializing entityInstance : org.frcpm.models.Subteam(959701176100900)#27
10:24:44.889 [main] DEBUG org.hibernate.orm.results.loading - Calling top-level assembler (0 / 1) : org.hibernate.sql.results.graph.entity.internal.EntityAssembler@3be824c6
10:24:44.889 [main] DEBUG org.hibernate.orm.results - Extracted JDBC value [0] - [42]
10:24:44.889 [main] DEBUG org.hibernate.orm.results.loading.entity - (EntityResultInitializer) Hydrated EntityKey (org.frcpm.models.Subteam(959701176100900)): 42
10:24:44.889 [main] DEBUG org.hibernate.orm.results.loading.org.hibernate.orm.results.loading.collection - (DelayedCollectionInitializer) Current row collection key : org.frcpm.models.Subteam(959701176100900).members#42
10:24:44.889 [main] DEBUG org.hibernate.orm.results.loading.org.hibernate.orm.results.loading.collection - (DelayedCollectionInitializer) Current row collection key : org.frcpm.models.Subteam(959701176100900).subsystems#42
10:24:44.889 [main] DEBUG org.hibernate.orm.results.loading.entity - (EntityResultInitializer) Created new entity instance [org.frcpm.models.Subteam(959701176100900)#42] : 133846807
10:24:44.889 [main] DEBUG org.hibernate.orm.results - Extracted JDBC value [1] - [#00FFFF]
10:24:44.889 [main] DEBUG org.hibernate.orm.results - Extracted JDBC value [2] - [Updated Subteam Name]
10:24:44.889 [main] DEBUG org.hibernate.orm.results - Extracted JDBC value [3] - [null]
10:24:44.889 [main] DEBUG org.hibernate.orm.results.loading.entity - (EntityResultInitializer) Done materializing entityInstance : org.frcpm.models.Subteam(959701176100900)#42
10:24:44.889 [main] DEBUG org.hibernate.orm.results.loading - Calling top-level assembler (0 / 1) : org.hibernate.sql.results.graph.entity.internal.EntityAssembler@3be824c6
10:24:44.889 [main] DEBUG org.hibernate.orm.results - Extracted JDBC value [0] - [67]
10:24:44.889 [main] DEBUG org.hibernate.orm.results.loading.entity - (EntityResultInitializer) Hydrated EntityKey (org.frcpm.models.Subteam(959701176100900)): 67
10:24:44.889 [main] DEBUG org.hibernate.orm.results.loading.org.hibernate.orm.results.loading.collection - (DelayedCollectionInitializer) Current row collection key : org.frcpm.models.Subteam(959701176100900).members#67
10:24:44.889 [main] DEBUG org.hibernate.orm.results.loading.org.hibernate.orm.results.loading.collection - (DelayedCollectionInitializer) Current row collection key : org.frcpm.models.Subteam(959701176100900).subsystems#67
10:24:44.889 [main] DEBUG org.hibernate.orm.results.loading.entity - (EntityResultInitializer) Created new entity instance [org.frcpm.models.Subteam(959701176100900)#67] : 1494454727
10:24:44.889 [main] DEBUG org.hibernate.orm.results - Extracted JDBC value [1] - [#0000FF]
10:24:44.889 [main] DEBUG org.hibernate.orm.results - Extracted JDBC value [2] - [Test Create Service Subteam]
10:24:44.889 [main] DEBUG org.hibernate.orm.results - Extracted JDBC value [3] - [Testing, Quality Assurance]
10:24:44.889 [main] DEBUG org.hibernate.orm.results.loading.entity - (EntityResultInitializer) Done materializing entityInstance : org.frcpm.models.Subteam(959701176100900)#67
10:24:44.889 [main] DEBUG org.hibernate.orm.results.loading - Calling top-level assembler (0 / 1) : org.hibernate.sql.results.graph.entity.internal.EntityAssembler@3be824c6
10:24:44.889 [main] DEBUG org.hibernate.orm.results - Extracted JDBC value [0] - [70]
10:24:44.889 [main] DEBUG org.hibernate.orm.results.loading.entity - (EntityResultInitializer) Hydrated EntityKey (org.frcpm.models.Subteam(959701176100900)): 70
10:24:44.889 [main] DEBUG org.hibernate.orm.results.loading.org.hibernate.orm.results.loading.collection - (DelayedCollectionInitializer) Current row collection key : org.frcpm.models.Subteam(959701176100900).members#70
10:24:44.889 [main] DEBUG org.hibernate.orm.results.loading.org.hibernate.orm.results.loading.collection - (DelayedCollectionInitializer) Current row collection key : org.frcpm.models.Subteam(959701176100900).subsystems#70
10:24:44.889 [main] DEBUG org.hibernate.orm.results.loading.entity - (EntityResultInitializer) Created new entity instance [org.frcpm.models.Subteam(959701176100900)#70] : 88881480
10:24:44.889 [main] DEBUG org.hibernate.orm.results - Extracted JDBC value [1] - [#00FFFF]
10:24:44.889 [main] DEBUG org.hibernate.orm.results - Extracted JDBC value [2] - [Test Color Update Subteam]
10:24:44.889 [main] DEBUG org.hibernate.orm.results - Extracted JDBC value [3] - [Specialties]
10:24:44.889 [main] DEBUG org.hibernate.orm.results.loading.entity - (EntityResultInitializer) Done materializing entityInstance : org.frcpm.models.Subteam(959701176100900)#70
10:24:44.889 [main] DEBUG org.hibernate.orm.results.loading - Calling top-level assembler (0 / 1) : org.hibernate.sql.results.graph.entity.internal.EntityAssembler@3be824c6
10:24:44.889 [main] DEBUG org.hibernate.orm.results - Extracted JDBC value [0] - [79]
10:24:44.889 [main] DEBUG org.hibernate.orm.results.loading.entity - (EntityResultInitializer) Hydrated EntityKey (org.frcpm.models.Subteam(959701176100900)): 79
10:24:44.889 [main] DEBUG org.hibernate.orm.results.loading.org.hibernate.orm.results.loading.collection - (DelayedCollectionInitializer) Current row collection key : org.frcpm.models.Subteam(959701176100900).members#79
10:24:44.889 [main] DEBUG org.hibernate.orm.results.loading.org.hibernate.orm.results.loading.collection - (DelayedCollectionInitializer) Current row collection key : org.frcpm.models.Subteam(959701176100900).subsystems#79
10:24:44.889 [main] DEBUG org.hibernate.orm.results.loading.entity - (EntityResultInitializer) Created new entity instance [org.frcpm.models.Subteam(959701176100900)#79] : 484862009
10:24:44.889 [main] DEBUG org.hibernate.orm.results - Extracted JDBC value [1] - [#0000FF]
10:24:44.889 [main] DEBUG org.hibernate.orm.results - Extracted JDBC value [2] - [Test Update Subteam]
10:24:44.889 [main] DEBUG org.hibernate.orm.results - Extracted JDBC value [3] - [Updated Specialties]
10:24:44.889 [main] DEBUG org.hibernate.orm.results.loading.entity - (EntityResultInitializer) Done materializing entityInstance : org.frcpm.models.Subteam(959701176100900)#79
10:24:44.889 [main] DEBUG org.hibernate.orm.results.loading - Calling top-level assembler (0 / 1) : org.hibernate.sql.results.graph.entity.internal.EntityAssembler@3be824c6
10:24:44.889 [main] DEBUG org.hibernate.orm.results - Extracted JDBC value [0] - [87]
10:24:44.889 [main] DEBUG org.hibernate.orm.results.loading.entity - (EntityResultInitializer) Hydrated EntityKey (org.frcpm.models.Subteam(959701176100900)): 87
10:24:44.889 [main] DEBUG org.hibernate.orm.results.loading.org.hibernate.orm.results.loading.collection - (DelayedCollectionInitializer) Current row collection key : org.frcpm.models.Subteam(959701176100900).members#87
10:24:44.889 [main] DEBUG org.hibernate.orm.results.loading.org.hibernate.orm.results.loading.collection - (DelayedCollectionInitializer) Current row collection key : org.frcpm.models.Subteam(959701176100900).subsystems#87
10:24:44.889 [main] DEBUG org.hibernate.orm.results.loading.entity - (EntityResultInitializer) Created new entity instance [org.frcpm.models.Subteam(959701176100900)#87] : 1592605756
10:24:44.889 [main] DEBUG org.hibernate.orm.results - Extracted JDBC value [1] - [#0000FF]
10:24:44.889 [main] DEBUG org.hibernate.orm.results - Extracted JDBC value [2] - [Duplicate Name Subteam]
10:24:44.889 [main] DEBUG org.hibernate.orm.results - Extracted JDBC value [3] - [Specialties]
10:24:44.889 [main] DEBUG org.hibernate.orm.results.loading.entity - (EntityResultInitializer) Done materializing entityInstance : org.frcpm.models.Subteam(959701176100900)#87
10:24:44.889 [main] DEBUG org.hibernate.orm.results.loading - Calling top-level assembler (0 / 1) : org.hibernate.sql.results.graph.entity.internal.EntityAssembler@3be824c6
10:24:44.889 [main] DEBUG org.hibernate.orm.results - Extracted JDBC value [0] - [115]
10:24:44.889 [main] DEBUG org.hibernate.orm.results.loading.entity - (EntityResultInitializer) Hydrated EntityKey (org.frcpm.models.Subteam(959701176100900)): 115
10:24:44.889 [main] DEBUG org.hibernate.orm.results.loading.org.hibernate.orm.results.loading.collection - (DelayedCollectionInitializer) Current row collection key : org.frcpm.models.Subteam(959701176100900).members#115
10:24:44.889 [main] DEBUG org.hibernate.orm.results.loading.org.hibernate.orm.results.loading.collection - (DelayedCollectionInitializer) Current row collection key : org.frcpm.models.Subteam(959701176100900).subsystems#115
10:24:44.889 [main] DEBUG org.hibernate.orm.results.loading.entity - (EntityResultInitializer) Created new entity instance [org.frcpm.models.Subteam(959701176100900)#115] : 1372255951
10:24:44.889 [main] DEBUG org.hibernate.orm.results - Extracted JDBC value [1] - [#0000FF]
10:24:44.889 [main] DEBUG org.hibernate.orm.results - Extracted JDBC value [2] - [Test Count Subteam]
10:24:44.889 [main] DEBUG org.hibernate.orm.results - Extracted JDBC value [3] - [null]
10:24:44.889 [main] DEBUG org.hibernate.orm.results.loading.entity - (EntityResultInitializer) Done materializing entityInstance : org.frcpm.models.Subteam(959701176100900)#115
10:24:44.890 [main] DEBUG org.hibernate.orm.results.loading - Calling top-level assembler (0 / 1) : org.hibernate.sql.results.graph.entity.internal.EntityAssembler@3be824c6
10:24:44.890 [main] DEBUG org.hibernate.orm.results - Extracted JDBC value [0] - [118]
10:24:44.890 [main] DEBUG org.hibernate.orm.results.loading.entity - (EntityResultInitializer) Hydrated EntityKey (org.frcpm.models.Subteam(959701176100900)): 118
10:24:44.890 [main] DEBUG org.hibernate.orm.results.loading.org.hibernate.orm.results.loading.collection - (DelayedCollectionInitializer) Current row collection key : org.frcpm.models.Subteam(959701176100900).members#118
10:24:44.890 [main] DEBUG org.hibernate.orm.results.loading.org.hibernate.orm.results.loading.collection - (DelayedCollectionInitializer) Current row collection key : org.frcpm.models.Subteam(959701176100900).subsystems#118
10:24:44.890 [main] DEBUG org.hibernate.orm.results.loading.entity - (EntityResultInitializer) Created new entity instance [org.frcpm.models.Subteam(959701176100900)#118] : 1524983287
10:24:44.890 [main] DEBUG org.hibernate.orm.results - Extracted JDBC value [1] - [#0000FF]
10:24:44.890 [main] DEBUG org.hibernate.orm.results - Extracted JDBC value [2] - [Test Save Subteam]
10:24:44.890 [main] DEBUG org.hibernate.orm.results - Extracted JDBC value [3] - [Testing]
10:24:44.890 [main] DEBUG org.hibernate.orm.results.loading.entity - (EntityResultInitializer) Done materializing entityInstance : org.frcpm.models.Subteam(959701176100900)#118
10:24:44.890 [main] DEBUG org.hibernate.orm.results.loading - Calling top-level assembler (0 / 1) : org.hibernate.sql.results.graph.entity.internal.EntityAssembler@3be824c6
10:24:44.890 [main] DEBUG org.hibernate.orm.results - Extracted JDBC value [0] - [123]
10:24:44.890 [main] DEBUG org.hibernate.orm.results.loading.entity - (EntityResultInitializer) Hydrated EntityKey (org.frcpm.models.Subteam(959701176100900)): 123
10:24:44.890 [main] DEBUG org.hibernate.orm.results.loading.org.hibernate.orm.results.loading.collection - (DelayedCollectionInitializer) Current row collection key : org.frcpm.models.Subteam(959701176100900).members#123
10:24:44.890 [main] DEBUG org.hibernate.orm.results.loading.org.hibernate.orm.results.loading.collection - (DelayedCollectionInitializer) Current row collection key : org.frcpm.models.Subteam(959701176100900).subsystems#123
10:24:44.890 [main] DEBUG org.hibernate.orm.results.loading.entity - (EntityResultInitializer) Created new entity instance [org.frcpm.models.Subteam(959701176100900)#123] : 1952176105
10:24:44.890 [main] DEBUG org.hibernate.orm.results - Extracted JDBC value [1] - [#FF0000]
10:24:44.890 [main] DEBUG org.hibernate.orm.results - Extracted JDBC value [2] - [Test Subteam 1]
10:24:44.890 [main] DEBUG org.hibernate.orm.results - Extracted JDBC value [3] - [Java, Programming, Controls]
10:24:44.890 [main] DEBUG org.hibernate.orm.results.loading.entity - (EntityResultInitializer) Done materializing entityInstance : org.frcpm.models.Subteam(959701176100900)#123
10:24:44.890 [main] DEBUG org.hibernate.orm.results.loading - Calling top-level assembler (0 / 1) : org.hibernate.sql.results.graph.entity.internal.EntityAssembler@3be824c6
10:24:44.890 [main] DEBUG org.hibernate.orm.results - Extracted JDBC value [0] - [124]
10:24:44.890 [main] DEBUG org.hibernate.orm.results.loading.entity - (EntityResultInitializer) Hydrated EntityKey (org.frcpm.models.Subteam(959701176100900)): 124
10:24:44.890 [main] DEBUG org.hibernate.orm.results.loading.org.hibernate.orm.results.loading.collection - (DelayedCollectionInitializer) Current row collection key : org.frcpm.models.Subteam(959701176100900).members#124
10:24:44.890 [main] DEBUG org.hibernate.orm.results.loading.org.hibernate.orm.results.loading.collection - (DelayedCollectionInitializer) Current row collection key : org.frcpm.models.Subteam(959701176100900).subsystems#124
10:24:44.890 [main] DEBUG org.hibernate.orm.results.loading.entity - (EntityResultInitializer) Created new entity instance [org.frcpm.models.Subteam(959701176100900)#124] : 506812948
10:24:44.890 [main] DEBUG org.hibernate.orm.results - Extracted JDBC value [1] - [#00FF00]
10:24:44.890 [main] DEBUG org.hibernate.orm.results - Extracted JDBC value [2] - [Test Subteam 2]
10:24:44.890 [main] DEBUG org.hibernate.orm.results - Extracted JDBC value [3] - [CAD, Design, Fabrication]
10:24:44.890 [main] DEBUG org.hibernate.orm.results.loading.entity - (EntityResultInitializer) Done materializing entityInstance : org.frcpm.models.Subteam(959701176100900)#124
10:24:44.890 [main] DEBUG org.hibernate.orm.results.loading - Calling top-level assembler (0 / 1) : org.hibernate.sql.results.graph.entity.internal.EntityAssembler@3be824c6
10:24:44.890 [main] DEBUG org.hibernate.resource.jdbc.internal.LogicalConnectionManagedImpl - Initiating JDBC connection release from afterTransaction
10:24:44.890 [main] DEBUG org.hibernate.resource.jdbc.internal.LogicalConnectionManagedImpl - Initiating JDBC connection release from afterTransaction
10:24:44.890 [main] DEBUG org.hibernate.orm.sql.exec - Skipping reading Query result cache data: cache-enabled = false, cache-mode = IGNORE
10:24:44.890 [main] DEBUG org.hibernate.orm.results - Initializer list:
	  org.frcpm.models.Subteam.members -> DelayedCollectionInitializer(org.frcpm.models.Subteam.members)@1706278906 (PluralAttribute(org.frcpm.models.Subteam.members))
	  org.frcpm.models.Subteam.subsystems -> DelayedCollectionInitializer(org.frcpm.models.Subteam.subsystems)@145809402 (PluralAttribute(org.frcpm.models.Subteam.subsystems))
	  org.frcpm.models.Subteam -> EntityResultInitializer(org.frcpm.models.Subteam)@1853596481 (SingleTableEntityPersister(org.frcpm.models.Subteam))

10:24:44.890 [main] DEBUG org.hibernate.SQL - select s1_0.id,s1_0.color_code,s1_0.name,s1_0.specialties from subteams s1_0 where s1_0.id=?
10:24:44.890 [main] DEBUG org.hibernate.orm.results.loading.entity - (EntityResultInitializer) Hydrated EntityKey (org.frcpm.models.Subteam): 123
10:24:44.890 [main] DEBUG org.hibernate.orm.results.loading.org.hibernate.orm.results.loading.collection - (DelayedCollectionInitializer) Current row collection key : org.frcpm.models.Subteam.members#123
10:24:44.890 [main] DEBUG org.hibernate.orm.results.loading.org.hibernate.orm.results.loading.collection - (DelayedCollectionInitializer) Current row collection key : org.frcpm.models.Subteam.subsystems#123
10:24:44.890 [main] DEBUG org.hibernate.orm.results.loading.entity - (EntityResultInitializer) Created new entity instance [org.frcpm.models.Subteam#123] : 1551436714
10:24:44.890 [main] DEBUG org.hibernate.orm.results - Extracted JDBC value [1] - [#FF0000]
10:24:44.890 [main] DEBUG org.hibernate.orm.results - Extracted JDBC value [2] - [Test Subteam 1]
10:24:44.890 [main] DEBUG org.hibernate.orm.results - Extracted JDBC value [3] - [Java, Programming, Controls]
10:24:44.890 [main] DEBUG org.hibernate.orm.results.loading.entity - (EntityResultInitializer) Done materializing entityInstance : org.frcpm.models.Subteam#123
10:24:44.890 [main] DEBUG org.hibernate.orm.results.loading - Calling top-level assembler (0 / 1) : org.hibernate.sql.results.graph.entity.internal.EntityAssembler@36f0d7b2
10:24:44.891 [main] DEBUG org.hibernate.resource.jdbc.internal.LogicalConnectionManagedImpl - Initiating JDBC connection release from afterTransaction
10:24:44.891 [main] DEBUG org.hibernate.orm.sql.ast.create - Created new SQL alias : s1_0
10:24:44.891 [main] DEBUG org.hibernate.orm.sql.ast.create - Registration of TableGroup [StandardTableGroup(org.frcpm.models.Subteam(959701179283400))] with identifierForTableGroup [org.frcpm.models.Subteam] for NavigablePath [org.frcpm.models.Subteam] 
10:24:44.891 [main] DEBUG org.hibernate.orm.results.graph.AST - DomainResult Graph:
 \-EntityResultImpl [org.frcpm.models.Subteam(959701179283400)]
 |  +-BasicFetch [org.frcpm.models.Subteam(959701179283400).colorCode]
 |  +-DelayedCollectionFetch [org.frcpm.models.Subteam(959701179283400).members]
 |  +-BasicFetch [org.frcpm.models.Subteam(959701179283400).name]
 |  +-BasicFetch [org.frcpm.models.Subteam(959701179283400).specialties]
 |  \-DelayedCollectionFetch [org.frcpm.models.Subteam(959701179283400).subsystems]

10:24:44.891 [main] DEBUG org.hibernate.orm.sql.ast.tree - SQL AST Tree:
    SelectStatement {
      FromClause {
        StandardTableGroup (s1 : org.frcpm.models.Subteam(959701179283400)) {
          primaryTableReference : subteams as s1_0
        }
      }
    }

10:24:44.891 [main] DEBUG org.hibernate.orm.sql.exec - Skipping reading Query result cache data: cache-enabled = false, cache-mode = NORMAL
10:24:44.891 [main] DEBUG org.hibernate.orm.results - Initializer list:
	  org.frcpm.models.Subteam(959701179283400).subsystems -> DelayedCollectionInitializer(org.frcpm.models.Subteam(959701179283400).subsystems)@621028467 (PluralAttribute(org.frcpm.models.Subteam.subsystems))
	  org.frcpm.models.Subteam(959701179283400) -> EntityResultInitializer(org.frcpm.models.Subteam(959701179283400))@1440035918 (SingleTableEntityPersister(org.frcpm.models.Subteam))
	  org.frcpm.models.Subteam(959701179283400).members -> DelayedCollectionInitializer(org.frcpm.models.Subteam(959701179283400).members)@898485484 (PluralAttribute(org.frcpm.models.Subteam.members))

10:24:44.891 [main] DEBUG org.hibernate.SQL - select s1_0.id,s1_0.color_code,s1_0.name,s1_0.specialties from subteams s1_0
10:24:44.892 [main] DEBUG org.hibernate.orm.results - Extracted JDBC value [0] - [1]
10:24:44.892 [main] DEBUG org.hibernate.orm.results.loading.entity - (EntityResultInitializer) Hydrated EntityKey (org.frcpm.models.Subteam(959701179283400)): 1
10:24:44.892 [main] DEBUG org.hibernate.orm.results.loading.org.hibernate.orm.results.loading.collection - (DelayedCollectionInitializer) Current row collection key : org.frcpm.models.Subteam(959701179283400).members#1
10:24:44.892 [main] DEBUG org.hibernate.orm.results.loading.org.hibernate.orm.results.loading.collection - (DelayedCollectionInitializer) Current row collection key : org.frcpm.models.Subteam(959701179283400).subsystems#1
10:24:44.892 [main] DEBUG org.hibernate.orm.results.loading.entity - (EntityResultInitializer) Created new entity instance [org.frcpm.models.Subteam(959701179283400)#1] : 1975338224
10:24:44.892 [main] DEBUG org.hibernate.orm.results - Extracted JDBC value [1] - [#FF5733]
10:24:44.892 [main] DEBUG org.hibernate.orm.results - Extracted JDBC value [2] - [Mechanical]
10:24:44.892 [main] DEBUG org.hibernate.orm.results - Extracted JDBC value [3] - [Design, CAD, Fabrication, Assembly]
10:24:44.892 [main] DEBUG org.hibernate.orm.results.loading.entity - (EntityResultInitializer) Done materializing entityInstance : org.frcpm.models.Subteam(959701179283400)#1
10:24:44.892 [main] DEBUG org.hibernate.orm.results.loading - Calling top-level assembler (0 / 1) : org.hibernate.sql.results.graph.entity.internal.EntityAssembler@36e49a42
10:24:44.892 [main] DEBUG org.hibernate.orm.results - Extracted JDBC value [0] - [2]
10:24:44.892 [main] DEBUG org.hibernate.orm.results.loading.entity - (EntityResultInitializer) Hydrated EntityKey (org.frcpm.models.Subteam(959701179283400)): 2
10:24:44.892 [main] DEBUG org.hibernate.orm.results.loading.org.hibernate.orm.results.loading.collection - (DelayedCollectionInitializer) Current row collection key : org.frcpm.models.Subteam(959701179283400).members#2
10:24:44.892 [main] DEBUG org.hibernate.orm.results.loading.org.hibernate.orm.results.loading.collection - (DelayedCollectionInitializer) Current row collection key : org.frcpm.models.Subteam(959701179283400).subsystems#2
10:24:44.892 [main] DEBUG org.hibernate.orm.results.loading.entity - (EntityResultInitializer) Created new entity instance [org.frcpm.models.Subteam(959701179283400)#2] : 702661290
10:24:44.892 [main] DEBUG org.hibernate.orm.results - Extracted JDBC value [1] - [#33A8FF]
10:24:44.892 [main] DEBUG org.hibernate.orm.results - Extracted JDBC value [2] - [Electrical]
10:24:44.892 [main] DEBUG org.hibernate.orm.results - Extracted JDBC value [3] - [Wiring, Electronics, Sensors, Power Systems]
10:24:44.892 [main] DEBUG org.hibernate.orm.results.loading.entity - (EntityResultInitializer) Done materializing entityInstance : org.frcpm.models.Subteam(959701179283400)#2
10:24:44.892 [main] DEBUG org.hibernate.orm.results.loading - Calling top-level assembler (0 / 1) : org.hibernate.sql.results.graph.entity.internal.EntityAssembler@36e49a42
10:24:44.892 [main] DEBUG org.hibernate.orm.results - Extracted JDBC value [0] - [3]
10:24:44.892 [main] DEBUG org.hibernate.orm.results.loading.entity - (EntityResultInitializer) Hydrated EntityKey (org.frcpm.models.Subteam(959701179283400)): 3
10:24:44.892 [main] DEBUG org.hibernate.orm.results.loading.org.hibernate.orm.results.loading.collection - (DelayedCollectionInitializer) Current row collection key : org.frcpm.models.Subteam(959701179283400).members#3
10:24:44.892 [main] DEBUG org.hibernate.orm.results.loading.org.hibernate.orm.results.loading.collection - (DelayedCollectionInitializer) Current row collection key : org.frcpm.models.Subteam(959701179283400).subsystems#3
10:24:44.892 [main] DEBUG org.hibernate.orm.results.loading.entity - (EntityResultInitializer) Created new entity instance [org.frcpm.models.Subteam(959701179283400)#3] : 220827490
10:24:44.892 [main] DEBUG org.hibernate.orm.results - Extracted JDBC value [1] - [#33FF57]
10:24:44.892 [main] DEBUG org.hibernate.orm.results - Extracted JDBC value [2] - [Programming]
10:24:44.892 [main] DEBUG org.hibernate.orm.results - Extracted JDBC value [3] - [Java, Vision, Control Systems, Autonomous]
10:24:44.892 [main] DEBUG org.hibernate.orm.results.loading.entity - (EntityResultInitializer) Done materializing entityInstance : org.frcpm.models.Subteam(959701179283400)#3
10:24:44.892 [main] DEBUG org.hibernate.orm.results.loading - Calling top-level assembler (0 / 1) : org.hibernate.sql.results.graph.entity.internal.EntityAssembler@36e49a42
10:24:44.892 [main] DEBUG org.hibernate.orm.results - Extracted JDBC value [0] - [4]
10:24:44.892 [main] DEBUG org.hibernate.orm.results.loading.entity - (EntityResultInitializer) Hydrated EntityKey (org.frcpm.models.Subteam(959701179283400)): 4
10:24:44.892 [main] DEBUG org.hibernate.orm.results.loading.org.hibernate.orm.results.loading.collection - (DelayedCollectionInitializer) Current row collection key : org.frcpm.models.Subteam(959701179283400).members#4
10:24:44.892 [main] DEBUG org.hibernate.orm.results.loading.org.hibernate.orm.results.loading.collection - (DelayedCollectionInitializer) Current row collection key : org.frcpm.models.Subteam(959701179283400).subsystems#4
10:24:44.892 [main] DEBUG org.hibernate.orm.results.loading.entity - (EntityResultInitializer) Created new entity instance [org.frcpm.models.Subteam(959701179283400)#4] : 667322790
10:24:44.892 [main] DEBUG org.hibernate.orm.results - Extracted JDBC value [1] - [#FF33A8]
10:24:44.892 [main] DEBUG org.hibernate.orm.results - Extracted JDBC value [2] - [Business]
10:24:44.892 [main] DEBUG org.hibernate.orm.results - Extracted JDBC value [3] - [Fundraising, Marketing, Outreach, Awards]
10:24:44.892 [main] DEBUG org.hibernate.orm.results.loading.entity - (EntityResultInitializer) Done materializing entityInstance : org.frcpm.models.Subteam(959701179283400)#4
10:24:44.892 [main] DEBUG org.hibernate.orm.results.loading - Calling top-level assembler (0 / 1) : org.hibernate.sql.results.graph.entity.internal.EntityAssembler@36e49a42
10:24:44.892 [main] DEBUG org.hibernate.orm.results - Extracted JDBC value [0] - [24]
10:24:44.892 [main] DEBUG org.hibernate.orm.results.loading.entity - (EntityResultInitializer) Hydrated EntityKey (org.frcpm.models.Subteam(959701179283400)): 24
10:24:44.892 [main] DEBUG org.hibernate.orm.results.loading.org.hibernate.orm.results.loading.collection - (DelayedCollectionInitializer) Current row collection key : org.frcpm.models.Subteam(959701179283400).members#24
10:24:44.892 [main] DEBUG org.hibernate.orm.results.loading.org.hibernate.orm.results.loading.collection - (DelayedCollectionInitializer) Current row collection key : org.frcpm.models.Subteam(959701179283400).subsystems#24
10:24:44.892 [main] DEBUG org.hibernate.orm.results.loading.entity - (EntityResultInitializer) Created new entity instance [org.frcpm.models.Subteam(959701179283400)#24] : 891391026
10:24:44.892 [main] DEBUG org.hibernate.orm.results - Extracted JDBC value [1] - [#0000FF]
10:24:44.892 [main] DEBUG org.hibernate.orm.results - Extracted JDBC value [2] - [Test Count Subteam]
10:24:44.892 [main] DEBUG org.hibernate.orm.results - Extracted JDBC value [3] - [null]
10:24:44.892 [main] DEBUG org.hibernate.orm.results.loading.entity - (EntityResultInitializer) Done materializing entityInstance : org.frcpm.models.Subteam(959701179283400)#24
10:24:44.892 [main] DEBUG org.hibernate.orm.results.loading - Calling top-level assembler (0 / 1) : org.hibernate.sql.results.graph.entity.internal.EntityAssembler@36e49a42
10:24:44.892 [main] DEBUG org.hibernate.orm.results - Extracted JDBC value [0] - [27]
10:24:44.892 [main] DEBUG org.hibernate.orm.results.loading.entity - (EntityResultInitializer) Hydrated EntityKey (org.frcpm.models.Subteam(959701179283400)): 27
10:24:44.892 [main] DEBUG org.hibernate.orm.results.loading.org.hibernate.orm.results.loading.collection - (DelayedCollectionInitializer) Current row collection key : org.frcpm.models.Subteam(959701179283400).members#27
10:24:44.892 [main] DEBUG org.hibernate.orm.results.loading.org.hibernate.orm.results.loading.collection - (DelayedCollectionInitializer) Current row collection key : org.frcpm.models.Subteam(959701179283400).subsystems#27
10:24:44.892 [main] DEBUG org.hibernate.orm.results.loading.entity - (EntityResultInitializer) Created new entity instance [org.frcpm.models.Subteam(959701179283400)#27] : 1577644342
10:24:44.892 [main] DEBUG org.hibernate.orm.results - Extracted JDBC value [1] - [#0000FF]
10:24:44.892 [main] DEBUG org.hibernate.orm.results - Extracted JDBC value [2] - [Test Save Subteam]
10:24:44.892 [main] DEBUG org.hibernate.orm.results - Extracted JDBC value [3] - [Testing]
10:24:44.892 [main] DEBUG org.hibernate.orm.results.loading.entity - (EntityResultInitializer) Done materializing entityInstance : org.frcpm.models.Subteam(959701179283400)#27
10:24:44.892 [main] DEBUG org.hibernate.orm.results.loading - Calling top-level assembler (0 / 1) : org.hibernate.sql.results.graph.entity.internal.EntityAssembler@36e49a42
10:24:44.892 [main] DEBUG org.hibernate.orm.results - Extracted JDBC value [0] - [42]
10:24:44.892 [main] DEBUG org.hibernate.orm.results.loading.entity - (EntityResultInitializer) Hydrated EntityKey (org.frcpm.models.Subteam(959701179283400)): 42
10:24:44.892 [main] DEBUG org.hibernate.orm.results.loading.org.hibernate.orm.results.loading.collection - (DelayedCollectionInitializer) Current row collection key : org.frcpm.models.Subteam(959701179283400).members#42
10:24:44.892 [main] DEBUG org.hibernate.orm.results.loading.org.hibernate.orm.results.loading.collection - (DelayedCollectionInitializer) Current row collection key : org.frcpm.models.Subteam(959701179283400).subsystems#42
10:24:44.892 [main] DEBUG org.hibernate.orm.results.loading.entity - (EntityResultInitializer) Created new entity instance [org.frcpm.models.Subteam(959701179283400)#42] : 1268824811
10:24:44.892 [main] DEBUG org.hibernate.orm.results - Extracted JDBC value [1] - [#00FFFF]
10:24:44.892 [main] DEBUG org.hibernate.orm.results - Extracted JDBC value [2] - [Updated Subteam Name]
10:24:44.892 [main] DEBUG org.hibernate.orm.results - Extracted JDBC value [3] - [null]
10:24:44.892 [main] DEBUG org.hibernate.orm.results.loading.entity - (EntityResultInitializer) Done materializing entityInstance : org.frcpm.models.Subteam(959701179283400)#42
10:24:44.892 [main] DEBUG org.hibernate.orm.results.loading - Calling top-level assembler (0 / 1) : org.hibernate.sql.results.graph.entity.internal.EntityAssembler@36e49a42
10:24:44.892 [main] DEBUG org.hibernate.orm.results - Extracted JDBC value [0] - [67]
10:24:44.892 [main] DEBUG org.hibernate.orm.results.loading.entity - (EntityResultInitializer) Hydrated EntityKey (org.frcpm.models.Subteam(959701179283400)): 67
10:24:44.892 [main] DEBUG org.hibernate.orm.results.loading.org.hibernate.orm.results.loading.collection - (DelayedCollectionInitializer) Current row collection key : org.frcpm.models.Subteam(959701179283400).members#67
10:24:44.892 [main] DEBUG org.hibernate.orm.results.loading.org.hibernate.orm.results.loading.collection - (DelayedCollectionInitializer) Current row collection key : org.frcpm.models.Subteam(959701179283400).subsystems#67
10:24:44.892 [main] DEBUG org.hibernate.orm.results.loading.entity - (EntityResultInitializer) Created new entity instance [org.frcpm.models.Subteam(959701179283400)#67] : 234704131
10:24:44.892 [main] DEBUG org.hibernate.orm.results - Extracted JDBC value [1] - [#0000FF]
10:24:44.892 [main] DEBUG org.hibernate.orm.results - Extracted JDBC value [2] - [Test Create Service Subteam]
10:24:44.892 [main] DEBUG org.hibernate.orm.results - Extracted JDBC value [3] - [Testing, Quality Assurance]
10:24:44.892 [main] DEBUG org.hibernate.orm.results.loading.entity - (EntityResultInitializer) Done materializing entityInstance : org.frcpm.models.Subteam(959701179283400)#67
10:24:44.892 [main] DEBUG org.hibernate.orm.results.loading - Calling top-level assembler (0 / 1) : org.hibernate.sql.results.graph.entity.internal.EntityAssembler@36e49a42
10:24:44.892 [main] DEBUG org.hibernate.orm.results - Extracted JDBC value [0] - [70]
10:24:44.892 [main] DEBUG org.hibernate.orm.results.loading.entity - (EntityResultInitializer) Hydrated EntityKey (org.frcpm.models.Subteam(959701179283400)): 70
10:24:44.892 [main] DEBUG org.hibernate.orm.results.loading.org.hibernate.orm.results.loading.collection - (DelayedCollectionInitializer) Current row collection key : org.frcpm.models.Subteam(959701179283400).members#70
10:24:44.892 [main] DEBUG org.hibernate.orm.results.loading.org.hibernate.orm.results.loading.collection - (DelayedCollectionInitializer) Current row collection key : org.frcpm.models.Subteam(959701179283400).subsystems#70
10:24:44.892 [main] DEBUG org.hibernate.orm.results.loading.entity - (EntityResultInitializer) Created new entity instance [org.frcpm.models.Subteam(959701179283400)#70] : 1148279360
10:24:44.892 [main] DEBUG org.hibernate.orm.results - Extracted JDBC value [1] - [#00FFFF]
10:24:44.892 [main] DEBUG org.hibernate.orm.results - Extracted JDBC value [2] - [Test Color Update Subteam]
10:24:44.892 [main] DEBUG org.hibernate.orm.results - Extracted JDBC value [3] - [Specialties]
10:24:44.892 [main] DEBUG org.hibernate.orm.results.loading.entity - (EntityResultInitializer) Done materializing entityInstance : org.frcpm.models.Subteam(959701179283400)#70
10:24:44.892 [main] DEBUG org.hibernate.orm.results.loading - Calling top-level assembler (0 / 1) : org.hibernate.sql.results.graph.entity.internal.EntityAssembler@36e49a42
10:24:44.892 [main] DEBUG org.hibernate.orm.results - Extracted JDBC value [0] - [79]
10:24:44.892 [main] DEBUG org.hibernate.orm.results.loading.entity - (EntityResultInitializer) Hydrated EntityKey (org.frcpm.models.Subteam(959701179283400)): 79
10:24:44.892 [main] DEBUG org.hibernate.orm.results.loading.org.hibernate.orm.results.loading.collection - (DelayedCollectionInitializer) Current row collection key : org.frcpm.models.Subteam(959701179283400).members#79
10:24:44.892 [main] DEBUG org.hibernate.orm.results.loading.org.hibernate.orm.results.loading.collection - (DelayedCollectionInitializer) Current row collection key : org.frcpm.models.Subteam(959701179283400).subsystems#79
10:24:44.892 [main] DEBUG org.hibernate.orm.results.loading.entity - (EntityResultInitializer) Created new entity instance [org.frcpm.models.Subteam(959701179283400)#79] : 41015682
10:24:44.892 [main] DEBUG org.hibernate.orm.results - Extracted JDBC value [1] - [#0000FF]
10:24:44.892 [main] DEBUG org.hibernate.orm.results - Extracted JDBC value [2] - [Test Update Subteam]
10:24:44.892 [main] DEBUG org.hibernate.orm.results - Extracted JDBC value [3] - [Updated Specialties]
10:24:44.892 [main] DEBUG org.hibernate.orm.results.loading.entity - (EntityResultInitializer) Done materializing entityInstance : org.frcpm.models.Subteam(959701179283400)#79
10:24:44.892 [main] DEBUG org.hibernate.orm.results.loading - Calling top-level assembler (0 / 1) : org.hibernate.sql.results.graph.entity.internal.EntityAssembler@36e49a42
10:24:44.892 [main] DEBUG org.hibernate.orm.results - Extracted JDBC value [0] - [87]
10:24:44.892 [main] DEBUG org.hibernate.orm.results.loading.entity - (EntityResultInitializer) Hydrated EntityKey (org.frcpm.models.Subteam(959701179283400)): 87
10:24:44.892 [main] DEBUG org.hibernate.orm.results.loading.org.hibernate.orm.results.loading.collection - (DelayedCollectionInitializer) Current row collection key : org.frcpm.models.Subteam(959701179283400).members#87
10:24:44.892 [main] DEBUG org.hibernate.orm.results.loading.org.hibernate.orm.results.loading.collection - (DelayedCollectionInitializer) Current row collection key : org.frcpm.models.Subteam(959701179283400).subsystems#87
10:24:44.892 [main] DEBUG org.hibernate.orm.results.loading.entity - (EntityResultInitializer) Created new entity instance [org.frcpm.models.Subteam(959701179283400)#87] : 1318543947
10:24:44.892 [main] DEBUG org.hibernate.orm.results - Extracted JDBC value [1] - [#0000FF]
10:24:44.892 [main] DEBUG org.hibernate.orm.results - Extracted JDBC value [2] - [Duplicate Name Subteam]
10:24:44.892 [main] DEBUG org.hibernate.orm.results - Extracted JDBC value [3] - [Specialties]
10:24:44.892 [main] DEBUG org.hibernate.orm.results.loading.entity - (EntityResultInitializer) Done materializing entityInstance : org.frcpm.models.Subteam(959701179283400)#87
10:24:44.892 [main] DEBUG org.hibernate.orm.results.loading - Calling top-level assembler (0 / 1) : org.hibernate.sql.results.graph.entity.internal.EntityAssembler@36e49a42
10:24:44.892 [main] DEBUG org.hibernate.orm.results - Extracted JDBC value [0] - [115]
10:24:44.892 [main] DEBUG org.hibernate.orm.results.loading.entity - (EntityResultInitializer) Hydrated EntityKey (org.frcpm.models.Subteam(959701179283400)): 115
10:24:44.892 [main] DEBUG org.hibernate.orm.results.loading.org.hibernate.orm.results.loading.collection - (DelayedCollectionInitializer) Current row collection key : org.frcpm.models.Subteam(959701179283400).members#115
10:24:44.892 [main] DEBUG org.hibernate.orm.results.loading.org.hibernate.orm.results.loading.collection - (DelayedCollectionInitializer) Current row collection key : org.frcpm.models.Subteam(959701179283400).subsystems#115
10:24:44.892 [main] DEBUG org.hibernate.orm.results.loading.entity - (EntityResultInitializer) Created new entity instance [org.frcpm.models.Subteam(959701179283400)#115] : 999638185
10:24:44.892 [main] DEBUG org.hibernate.orm.results - Extracted JDBC value [1] - [#0000FF]
10:24:44.892 [main] DEBUG org.hibernate.orm.results - Extracted JDBC value [2] - [Test Count Subteam]
10:24:44.892 [main] DEBUG org.hibernate.orm.results - Extracted JDBC value [3] - [null]
10:24:44.892 [main] DEBUG org.hibernate.orm.results.loading.entity - (EntityResultInitializer) Done materializing entityInstance : org.frcpm.models.Subteam(959701179283400)#115
10:24:44.892 [main] DEBUG org.hibernate.orm.results.loading - Calling top-level assembler (0 / 1) : org.hibernate.sql.results.graph.entity.internal.EntityAssembler@36e49a42
10:24:44.892 [main] DEBUG org.hibernate.orm.results - Extracted JDBC value [0] - [118]
10:24:44.892 [main] DEBUG org.hibernate.orm.results.loading.entity - (EntityResultInitializer) Hydrated EntityKey (org.frcpm.models.Subteam(959701179283400)): 118
10:24:44.892 [main] DEBUG org.hibernate.orm.results.loading.org.hibernate.orm.results.loading.collection - (DelayedCollectionInitializer) Current row collection key : org.frcpm.models.Subteam(959701179283400).members#118
10:24:44.892 [main] DEBUG org.hibernate.orm.results.loading.org.hibernate.orm.results.loading.collection - (DelayedCollectionInitializer) Current row collection key : org.frcpm.models.Subteam(959701179283400).subsystems#118
10:24:44.892 [main] DEBUG org.hibernate.orm.results.loading.entity - (EntityResultInitializer) Created new entity instance [org.frcpm.models.Subteam(959701179283400)#118] : 1532450687
10:24:44.892 [main] DEBUG org.hibernate.orm.results - Extracted JDBC value [1] - [#0000FF]
10:24:44.892 [main] DEBUG org.hibernate.orm.results - Extracted JDBC value [2] - [Test Save Subteam]
10:24:44.892 [main] DEBUG org.hibernate.orm.results - Extracted JDBC value [3] - [Testing]
10:24:44.892 [main] DEBUG org.hibernate.orm.results.loading.entity - (EntityResultInitializer) Done materializing entityInstance : org.frcpm.models.Subteam(959701179283400)#118
10:24:44.892 [main] DEBUG org.hibernate.orm.results.loading - Calling top-level assembler (0 / 1) : org.hibernate.sql.results.graph.entity.internal.EntityAssembler@36e49a42
10:24:44.892 [main] DEBUG org.hibernate.orm.results - Extracted JDBC value [0] - [123]
10:24:44.892 [main] DEBUG org.hibernate.orm.results.loading.entity - (EntityResultInitializer) Hydrated EntityKey (org.frcpm.models.Subteam(959701179283400)): 123
10:24:44.892 [main] DEBUG org.hibernate.orm.results.loading.org.hibernate.orm.results.loading.collection - (DelayedCollectionInitializer) Current row collection key : org.frcpm.models.Subteam(959701179283400).members#123
10:24:44.892 [main] DEBUG org.hibernate.orm.results.loading.org.hibernate.orm.results.loading.collection - (DelayedCollectionInitializer) Current row collection key : org.frcpm.models.Subteam(959701179283400).subsystems#123
10:24:44.892 [main] DEBUG org.hibernate.orm.results.loading.entity - (EntityResultInitializer) Created new entity instance [org.frcpm.models.Subteam(959701179283400)#123] : 1787356251
10:24:44.892 [main] DEBUG org.hibernate.orm.results - Extracted JDBC value [1] - [#FF0000]
10:24:44.892 [main] DEBUG org.hibernate.orm.results - Extracted JDBC value [2] - [Test Subteam 1]
10:24:44.892 [main] DEBUG org.hibernate.orm.results - Extracted JDBC value [3] - [Java, Programming, Controls]
10:24:44.892 [main] DEBUG org.hibernate.orm.results.loading.entity - (EntityResultInitializer) Done materializing entityInstance : org.frcpm.models.Subteam(959701179283400)#123
10:24:44.892 [main] DEBUG org.hibernate.orm.results.loading - Calling top-level assembler (0 / 1) : org.hibernate.sql.results.graph.entity.internal.EntityAssembler@36e49a42
10:24:44.892 [main] DEBUG org.hibernate.orm.results - Extracted JDBC value [0] - [124]
10:24:44.892 [main] DEBUG org.hibernate.orm.results.loading.entity - (EntityResultInitializer) Hydrated EntityKey (org.frcpm.models.Subteam(959701179283400)): 124
10:24:44.892 [main] DEBUG org.hibernate.orm.results.loading.org.hibernate.orm.results.loading.collection - (DelayedCollectionInitializer) Current row collection key : org.frcpm.models.Subteam(959701179283400).members#124
10:24:44.892 [main] DEBUG org.hibernate.orm.results.loading.org.hibernate.orm.results.loading.collection - (DelayedCollectionInitializer) Current row collection key : org.frcpm.models.Subteam(959701179283400).subsystems#124
10:24:44.892 [main] DEBUG org.hibernate.orm.results.loading.entity - (EntityResultInitializer) Created new entity instance [org.frcpm.models.Subteam(959701179283400)#124] : 1730321366
10:24:44.892 [main] DEBUG org.hibernate.orm.results - Extracted JDBC value [1] - [#00FF00]
10:24:44.892 [main] DEBUG org.hibernate.orm.results - Extracted JDBC value [2] - [Test Subteam 2]
10:24:44.892 [main] DEBUG org.hibernate.orm.results - Extracted JDBC value [3] - [CAD, Design, Fabrication]
10:24:44.892 [main] DEBUG org.hibernate.orm.results.loading.entity - (EntityResultInitializer) Done materializing entityInstance : org.frcpm.models.Subteam(959701179283400)#124
10:24:44.892 [main] DEBUG org.hibernate.orm.results.loading - Calling top-level assembler (0 / 1) : org.hibernate.sql.results.graph.entity.internal.EntityAssembler@36e49a42
10:24:44.892 [main] DEBUG org.hibernate.resource.jdbc.internal.LogicalConnectionManagedImpl - Initiating JDBC connection release from afterTransaction
10:24:44.892 [main] DEBUG org.hibernate.resource.jdbc.internal.LogicalConnectionManagedImpl - Initiating JDBC connection release from afterTransaction
10:24:44.892 [main] DEBUG org.hibernate.engine.transaction.internal.TransactionImpl - On TransactionImpl creation, JpaCompliance#isJpaTransactionComplianceEnabled == false
10:24:44.892 [main] DEBUG org.hibernate.engine.transaction.internal.TransactionImpl - begin
10:24:44.892 [main] DEBUG org.hibernate.orm.sql.ast.create - Created new SQL alias : s1_0
10:24:44.892 [main] DEBUG org.hibernate.orm.sql.ast.create - Registration of TableGroup [StandardTableGroup(org.frcpm.models.Subteam)] with identifierForTableGroup [org.frcpm.models.Subteam] for NavigablePath [org.frcpm.models.Subteam] 
10:24:44.893 [main] DEBUG org.hibernate.orm.sql.ast.create - Created new SQL alias : m1_0
10:24:44.893 [main] DEBUG org.hibernate.orm.sql.ast.create - Registration of TableGroup [org.hibernate.sql.ast.tree.from.OneToManyTableGroup@47b39c29] with identifierForTableGroup [org.frcpm.models.Subteam.members] for NavigablePath [org.frcpm.models.Subteam.members] 
10:24:44.893 [main] DEBUG org.hibernate.orm.sql.ast.create - Registration of TableGroup [StandardTableGroup(org.frcpm.models.Subteam.members.{element})] with identifierForTableGroup [org.frcpm.models.Subteam.members.{element}] for NavigablePath [org.frcpm.models.Subteam.members.{element}] 
10:24:44.893 [main] DEBUG org.hibernate.orm.results.graph.AST - DomainResult Graph:
 \-EntityResultImpl [org.frcpm.models.Subteam]
 |  +-BasicFetch [org.frcpm.models.Subteam.colorCode]
 |  +-EagerCollectionFetch [org.frcpm.models.Subteam.members]
 |  |  \-EntityFetchJoinedImpl [org.frcpm.models.Subteam.members.{element}]
 |  +-BasicFetch [org.frcpm.models.Subteam.name]
 |  +-BasicFetch [org.frcpm.models.Subteam.specialties]
 |  \-DelayedCollectionFetch [org.frcpm.models.Subteam.subsystems]

10:24:44.893 [main] DEBUG org.hibernate.orm.sql.ast.tree - SQL AST Tree:
    SelectStatement {
      FromClause {
        StandardTableGroup (s1 : org.frcpm.models.Subteam) {
          primaryTableReference : subteams as s1_0
          TableGroupJoins {
            left  join OneToManyTableGroup (m1 : org.frcpm.models.Subteam.members) {
              primaryTableReference : team_members as m1_0
            }
          }
        }
      }
    }

10:24:44.893 [main] DEBUG org.hibernate.orm.sql.exec - Skipping reading Query result cache data: cache-enabled = false, cache-mode = IGNORE
10:24:44.893 [main] DEBUG org.hibernate.orm.results - Initializer list:
	  org.frcpm.models.Subteam.members.{element}.assignedTasks -> DelayedCollectionInitializer(org.frcpm.models.Subteam.members.{element}.assignedTasks)@1458684761 (PluralAttribute(org.frcpm.models.TeamMember.assignedTasks))
	  org.frcpm.models.Subteam.members.{element} -> EntityJoinedFetchInitializer(org.frcpm.models.Subteam.members.{element})@1061502351 (EntityCollectionPart(org.frcpm.models.Subteam.members#{element})@1682746522)
	  org.frcpm.models.Subteam.members -> BagInitializer(org.frcpm.models.Subteam.members)@851400306 (PluralAttribute(org.frcpm.models.Subteam.members))
	  org.frcpm.models.Subteam.members.{element}.attendances -> SelectEagerCollectionInitializer(org.frcpm.models.Subteam.members.{element}.attendances)@1787601015 (PluralAttribute(org.frcpm.models.TeamMember.attendances))
	  org.frcpm.models.Subteam.subsystems -> DelayedCollectionInitializer(org.frcpm.models.Subteam.subsystems)@2092122604 (PluralAttribute(org.frcpm.models.Subteam.subsystems))
	  org.frcpm.models.Subteam -> EntityResultInitializer(org.frcpm.models.Subteam)@2098858652 (SingleTableEntityPersister(org.frcpm.models.Subteam))

10:24:44.893 [main] DEBUG org.hibernate.SQL - select s1_0.id,s1_0.color_code,s1_0.name,s1_0.specialties,m1_0.subteam_id,m1_0.id,m1_0.email,m1_0.first_name,m1_0.last_name,m1_0.is_leader,m1_0.phone,m1_0.skills,m1_0.username from subteams s1_0 left join team_members m1_0 on s1_0.id=m1_0.subteam_id where s1_0.id=?
10:24:44.893 [main] DEBUG org.hibernate.orm.results.loading.entity - (EntityResultInitializer) Hydrated EntityKey (org.frcpm.models.Subteam): 123
10:24:44.893 [main] DEBUG org.hibernate.orm.results.loading.org.hibernate.orm.results.loading.collection - (BagInitializer) Current row collection key : org.frcpm.models.Subteam.members#123
10:24:44.893 [main] DEBUG org.hibernate.orm.results - Extracted JDBC value [4] - [null]
10:24:44.893 [main] DEBUG org.hibernate.orm.results - Extracted JDBC value [5] - [null]
10:24:44.893 [main] DEBUG org.hibernate.orm.results.loading.entity - (EntityJoinedFetchInitializer) EntityKey (org.frcpm.models.Subteam.members.{element}) is null
10:24:44.893 [main] DEBUG org.hibernate.orm.results.loading.org.hibernate.orm.results.loading.collection - (DelayedCollectionInitializer) Current row collection key : org.frcpm.models.Subteam.subsystems#123
10:24:44.893 [main] DEBUG org.hibernate.orm.results.loading.entity - (EntityResultInitializer) Created new entity instance [org.frcpm.models.Subteam#123] : 1543816409
10:24:44.893 [main] DEBUG org.hibernate.orm.results.loading.org.hibernate.orm.results.loading.collection - (BagInitializer) Created new collection wrapper [org.frcpm.models.Subteam.members#123] : org.hibernate.collection.spi.PersistentBag@1910991663
10:24:44.893 [main] DEBUG org.hibernate.orm.results.loading.org.hibernate.orm.results.loading.collection - (BagInitializer) Responsible for loading collection [org.frcpm.models.Subteam.members#123] : org.hibernate.collection.spi.PersistentBag@1910991663
10:24:44.893 [main] DEBUG org.hibernate.orm.results - Extracted JDBC value [1] - [#FF0000]
10:24:44.893 [main] DEBUG org.hibernate.orm.results - Extracted JDBC value [2] - [Test Subteam 1]
10:24:44.893 [main] DEBUG org.hibernate.orm.results - Extracted JDBC value [3] - [Java, Programming, Controls]
10:24:44.893 [main] DEBUG org.hibernate.orm.results.loading.entity - (EntityResultInitializer) Done materializing entityInstance : org.frcpm.models.Subteam#123
10:24:44.893 [main] DEBUG org.hibernate.orm.results.loading - Calling top-level assembler (0 / 1) : org.hibernate.sql.results.graph.entity.internal.EntityAssembler@7ae2cc26
10:24:44.893 [main] DEBUG org.hibernate.sql.results.internal.ResultsHelper - Collection fully initialized: [org.frcpm.models.Subteam.members#123]
10:24:44.893 [main] DEBUG org.hibernate.engine.transaction.internal.TransactionImpl - committing
10:24:44.893 [main] DEBUG org.hibernate.event.internal.AbstractFlushingEventListener - Processing flush-time cascades
10:24:44.893 [main] DEBUG org.hibernate.event.internal.AbstractFlushingEventListener - Dirty checking collections
10:24:44.894 [main] DEBUG org.hibernate.engine.internal.Collections - Collection dereferenced: [org.frcpm.models.Subteam.members#123]
10:24:44.894 [main] DEBUG org.hibernate.engine.internal.Collections - Collection dereferenced: [org.frcpm.models.Subteam.subsystems#123]
10:24:44.894 [main] DEBUG org.hibernate.event.internal.AbstractFlushingEventListener - Flushed: 0 insertions, 0 updates, 1 deletions to 1 objects
10:24:44.894 [main] DEBUG org.hibernate.event.internal.AbstractFlushingEventListener - Flushed: 0 (re)creations, 0 updates, 2 removals to 2 collections
10:24:44.894 [main] DEBUG org.hibernate.internal.util.EntityPrinter - Listing entities:
10:24:44.894 [main] DEBUG org.hibernate.internal.util.EntityPrinter - org.frcpm.models.Subteam{specialties=Java, Programming, Controls, members=[], name=Test Subteam 1, colorCode=#FF0000, id=123, subsystems=<uninitialized>}
10:24:44.894 [main] DEBUG org.hibernate.SQL - delete from subteams where id=?
10:24:44.894 [main] DEBUG org.hibernate.orm.jdbc.batch - PreparedStatementDetails did not contain PreparedStatement on #releaseStatements : delete from subteams where id=?
10:24:44.894 [main] DEBUG org.hibernate.orm.jdbc.batch - PreparedStatementDetails did not contain PreparedStatement on #releaseStatements : delete from subteams where id=?
10:24:44.894 [main] DEBUG org.hibernate.resource.jdbc.internal.LogicalConnectionManagedImpl - Initiating JDBC connection release from afterTransaction
10:24:44.894 [main] DEBUG org.hibernate.orm.jdbc.batch - PreparedStatementDetails did not contain PreparedStatement on #releaseStatements : delete from subteams where id=?
10:24:44.894 [main] DEBUG org.hibernate.orm.jdbc.batch - PreparedStatementDetails did not contain PreparedStatement on #releaseStatements : delete from subteams where id=?
10:24:44.894 [main] DEBUG org.hibernate.resource.jdbc.internal.LogicalConnectionManagedImpl - Initiating JDBC connection release from afterTransaction
10:24:44.894 [main] DEBUG org.hibernate.engine.jdbc.internal.JdbcCoordinatorImpl - HHH000420: Closing un-released batch
10:24:44.894 [main] DEBUG org.hibernate.orm.jdbc.batch - PreparedStatementDetails did not contain PreparedStatement on #releaseStatements : delete from subteams where id=?
10:24:44.894 [main] DEBUG org.hibernate.orm.jdbc.batch - PreparedStatementDetails did not contain PreparedStatement on #releaseStatements : delete from subteams where id=?
10:24:44.894 [main] DEBUG org.hibernate.engine.transaction.internal.TransactionImpl - On TransactionImpl creation, JpaCompliance#isJpaTransactionComplianceEnabled == false
10:24:44.894 [main] DEBUG org.hibernate.engine.transaction.internal.TransactionImpl - begin
10:24:44.894 [main] DEBUG org.hibernate.orm.sql.exec - Skipping reading Query result cache data: cache-enabled = false, cache-mode = IGNORE
10:24:44.894 [main] DEBUG org.hibernate.orm.results - Initializer list:
	  org.frcpm.models.Subteam.members.{element}.assignedTasks -> DelayedCollectionInitializer(org.frcpm.models.Subteam.members.{element}.assignedTasks)@1255030916 (PluralAttribute(org.frcpm.models.TeamMember.assignedTasks))
	  org.frcpm.models.Subteam.members.{element} -> EntityJoinedFetchInitializer(org.frcpm.models.Subteam.members.{element})@1322055530 (EntityCollectionPart(org.frcpm.models.Subteam.members#{element})@1682746522)
	  org.frcpm.models.Subteam.members -> BagInitializer(org.frcpm.models.Subteam.members)@581140841 (PluralAttribute(org.frcpm.models.Subteam.members))
	  org.frcpm.models.Subteam.members.{element}.attendances -> SelectEagerCollectionInitializer(org.frcpm.models.Subteam.members.{element}.attendances)@1973634839 (PluralAttribute(org.frcpm.models.TeamMember.attendances))
	  org.frcpm.models.Subteam.subsystems -> DelayedCollectionInitializer(org.frcpm.models.Subteam.subsystems)@1297216327 (PluralAttribute(org.frcpm.models.Subteam.subsystems))
	  org.frcpm.models.Subteam -> EntityResultInitializer(org.frcpm.models.Subteam)@1678719520 (SingleTableEntityPersister(org.frcpm.models.Subteam))

10:24:44.894 [main] DEBUG org.hibernate.SQL - select s1_0.id,s1_0.color_code,s1_0.name,s1_0.specialties,m1_0.subteam_id,m1_0.id,m1_0.email,m1_0.first_name,m1_0.last_name,m1_0.is_leader,m1_0.phone,m1_0.skills,m1_0.username from subteams s1_0 left join team_members m1_0 on s1_0.id=m1_0.subteam_id where s1_0.id=?
10:24:44.894 [main] DEBUG org.hibernate.orm.results.loading.entity - (EntityResultInitializer) Hydrated EntityKey (org.frcpm.models.Subteam): 124
10:24:44.894 [main] DEBUG org.hibernate.orm.results.loading.org.hibernate.orm.results.loading.collection - (BagInitializer) Current row collection key : org.frcpm.models.Subteam.members#124
10:24:44.894 [main] DEBUG org.hibernate.orm.results - Extracted JDBC value [4] - [null]
10:24:44.894 [main] DEBUG org.hibernate.orm.results - Extracted JDBC value [5] - [null]
10:24:44.894 [main] DEBUG org.hibernate.orm.results.loading.entity - (EntityJoinedFetchInitializer) EntityKey (org.frcpm.models.Subteam.members.{element}) is null
10:24:44.894 [main] DEBUG org.hibernate.orm.results.loading.org.hibernate.orm.results.loading.collection - (DelayedCollectionInitializer) Current row collection key : org.frcpm.models.Subteam.subsystems#124
10:24:44.894 [main] DEBUG org.hibernate.orm.results.loading.entity - (EntityResultInitializer) Created new entity instance [org.frcpm.models.Subteam#124] : 2011446923
10:24:44.894 [main] DEBUG org.hibernate.orm.results.loading.org.hibernate.orm.results.loading.collection - (BagInitializer) Created new collection wrapper [org.frcpm.models.Subteam.members#124] : org.hibernate.collection.spi.PersistentBag@1789379693
10:24:44.894 [main] DEBUG org.hibernate.orm.results.loading.org.hibernate.orm.results.loading.collection - (BagInitializer) Responsible for loading collection [org.frcpm.models.Subteam.members#124] : org.hibernate.collection.spi.PersistentBag@1789379693
10:24:44.894 [main] DEBUG org.hibernate.orm.results - Extracted JDBC value [1] - [#00FF00]
10:24:44.894 [main] DEBUG org.hibernate.orm.results - Extracted JDBC value [2] - [Test Subteam 2]
10:24:44.894 [main] DEBUG org.hibernate.orm.results - Extracted JDBC value [3] - [CAD, Design, Fabrication]
10:24:44.894 [main] DEBUG org.hibernate.orm.results.loading.entity - (EntityResultInitializer) Done materializing entityInstance : org.frcpm.models.Subteam#124
10:24:44.894 [main] DEBUG org.hibernate.orm.results.loading - Calling top-level assembler (0 / 1) : org.hibernate.sql.results.graph.entity.internal.EntityAssembler@26e2e8e7
10:24:44.894 [main] DEBUG org.hibernate.sql.results.internal.ResultsHelper - Collection fully initialized: [org.frcpm.models.Subteam.members#124]
10:24:44.894 [main] DEBUG org.hibernate.engine.transaction.internal.TransactionImpl - committing
10:24:44.895 [main] DEBUG org.hibernate.event.internal.AbstractFlushingEventListener - Processing flush-time cascades
10:24:44.895 [main] DEBUG org.hibernate.event.internal.AbstractFlushingEventListener - Dirty checking collections
10:24:44.895 [main] DEBUG org.hibernate.engine.internal.Collections - Collection dereferenced: [org.frcpm.models.Subteam.members#124]
10:24:44.895 [main] DEBUG org.hibernate.engine.internal.Collections - Collection dereferenced: [org.frcpm.models.Subteam.subsystems#124]
10:24:44.895 [main] DEBUG org.hibernate.event.internal.AbstractFlushingEventListener - Flushed: 0 insertions, 0 updates, 1 deletions to 1 objects
10:24:44.895 [main] DEBUG org.hibernate.event.internal.AbstractFlushingEventListener - Flushed: 0 (re)creations, 0 updates, 2 removals to 2 collections
10:24:44.895 [main] DEBUG org.hibernate.internal.util.EntityPrinter - Listing entities:
10:24:44.895 [main] DEBUG org.hibernate.internal.util.EntityPrinter - org.frcpm.models.Subteam{specialties=CAD, Design, Fabrication, members=[], name=Test Subteam 2, colorCode=#00FF00, id=124, subsystems=<uninitialized>}
10:24:44.895 [main] DEBUG org.hibernate.SQL - delete from subteams where id=?
10:24:44.895 [main] DEBUG org.hibernate.orm.jdbc.batch - PreparedStatementDetails did not contain PreparedStatement on #releaseStatements : delete from subteams where id=?
10:24:44.895 [main] DEBUG org.hibernate.orm.jdbc.batch - PreparedStatementDetails did not contain PreparedStatement on #releaseStatements : delete from subteams where id=?
10:24:44.895 [main] DEBUG org.hibernate.resource.jdbc.internal.LogicalConnectionManagedImpl - Initiating JDBC connection release from afterTransaction
10:24:44.895 [main] DEBUG org.hibernate.orm.jdbc.batch - PreparedStatementDetails did not contain PreparedStatement on #releaseStatements : delete from subteams where id=?
10:24:44.895 [main] DEBUG org.hibernate.orm.jdbc.batch - PreparedStatementDetails did not contain PreparedStatement on #releaseStatements : delete from subteams where id=?
10:24:44.895 [main] DEBUG org.hibernate.resource.jdbc.internal.LogicalConnectionManagedImpl - Initiating JDBC connection release from afterTransaction
10:24:44.895 [main] DEBUG org.hibernate.engine.jdbc.internal.JdbcCoordinatorImpl - HHH000420: Closing un-released batch
10:24:44.895 [main] DEBUG org.hibernate.orm.jdbc.batch - PreparedStatementDetails did not contain PreparedStatement on #releaseStatements : delete from subteams where id=?
10:24:44.895 [main] DEBUG org.hibernate.orm.jdbc.batch - PreparedStatementDetails did not contain PreparedStatement on #releaseStatements : delete from subteams where id=?
10:24:44.895 [main] DEBUG org.hibernate.internal.SessionFactoryImpl - HHH000031: Closing
10:24:44.895 [main] DEBUG org.hibernate.type.spi.TypeConfiguration$Scope - Un-scoping TypeConfiguration [org.hibernate.type.spi.TypeConfiguration$Scope@24f4ac13] from SessionFactory [org.hibernate.internal.SessionFactoryImpl@152e7b0]
10:24:44.895 [main] DEBUG org.hibernate.service.internal.AbstractServiceRegistryImpl - Implicitly destroying ServiceRegistry on de-registration of all child ServiceRegistries
10:24:44.895 [main] INFO com.zaxxer.hikari.HikariDataSource - FRC-PM-HikariCP - Shutdown initiated...
10:24:44.895 [main] DEBUG com.zaxxer.hikari.pool.HikariPool - FRC-PM-HikariCP - Before shutdown stats (total=1, active=0, idle=1, waiting=0)
10:24:44.896 [FRC-PM-HikariCP connection closer] DEBUG com.zaxxer.hikari.pool.PoolBase - FRC-PM-HikariCP - Closing connection conn123: url=jdbc:h2:file:C:\Users\dhiebert\.frcpm\frcpm user=SA: (connection evicted)
10:24:45.114 [main] DEBUG com.zaxxer.hikari.pool.HikariPool - FRC-PM-HikariCP - After shutdown stats (total=0, active=0, idle=0, waiting=0)
10:24:45.114 [main] INFO com.zaxxer.hikari.HikariDataSource - FRC-PM-HikariCP - Shutdown completed.
10:24:45.114 [main] DEBUG org.hibernate.boot.registry.internal.BootstrapServiceRegistryImpl - Implicitly destroying Boot-strap registry on de-registration of all child ServiceRegistries
]]></system-out>
    <system-err><![CDATA[Apr 25, 2025 10:24:44 AM org.frcpm.config.DatabaseConfig initialize
INFO: Initializing database configuration...
Apr 25, 2025 10:24:44 AM org.frcpm.config.DatabaseConfig initialize
INFO: Using FILE-BASED database at: file:C:\Users\dhiebert\.frcpm\frcpm
Apr 25, 2025 10:24:44 AM org.frcpm.config.DatabaseConfig initialize
INFO: Using JDBC URL: jdbc:h2:file:C:\Users\dhiebert\.frcpm\frcpm
Apr 25, 2025 10:24:44 AM org.frcpm.config.DatabaseConfig initialize
INFO: Using schema mode: update
Apr 25, 2025 10:24:44 AM org.frcpm.config.DatabaseConfig initialize
INFO: Database configuration initialized successfully in PRODUCTION mode
Apr 25, 2025 10:24:45 AM org.frcpm.config.DatabaseConfig shutdown
INFO: Database configuration shut down
]]></system-err>
  </testcase>
  <testcase name="testDeleteById" classname="org.frcpm.repositories.SubteamRepositoryTest" time="0.452">
    <system-out><![CDATA[10:24:45.125 [main] DEBUG org.hibernate.jpa.HibernatePersistenceProvider - Located and parsed 1 persistence units; checking each
10:24:45.125 [main] DEBUG org.hibernate.jpa.HibernatePersistenceProvider - Checking persistence-unit [name=frcpm, explicit-provider=org.hibernate.jpa.HibernatePersistenceProvider] against incoming persistence unit name [frcpm]
10:24:45.125 [main] DEBUG org.hibernate.jpa.boot.spi.ProviderChecker - Persistence-unit [frcpm] requested PersistenceProvider [org.hibernate.jpa.HibernatePersistenceProvider]
10:24:45.125 [main] DEBUG org.hibernate.jpa.internal.util.LogHelper - PersistenceUnitInfo [
	name: frcpm
	persistence provider classname: org.hibernate.jpa.HibernatePersistenceProvider
	classloader: null
	excludeUnlistedClasses: false
	JTA datasource: null
	Non JTA datasource: null
	Transaction type: RESOURCE_LOCAL
	PU root URL: file:/C:/Users/dhiebert/Local%20Repositories/Project%20Management%202.0/target/classes
	Shared Cache Mode: null
	Validation Mode: null
	Jar files URLs []
	Managed classes names [
		org.frcpm.models.Project
		org.frcpm.models.Subteam
		org.frcpm.models.TeamMember
		org.frcpm.models.Subsystem
		org.frcpm.models.Task
		org.frcpm.models.Component
		org.frcpm.models.Meeting
		org.frcpm.models.Attendance
		org.frcpm.models.Milestone]
	Mapping files names []
	Properties [
		hibernate.connection.handling_mode: DELAYED_ACQUISITION_AND_RELEASE_AFTER_STATEMENT
		jakarta.persistence.jdbc.url: jdbc:h2:file:C:\Users\dhiebert\.frcpm\frcpm
		hibernate.jdbc.batch_versioned_data: null
		hibernate.cache.use_second_level_cache: null
		hibernate.show_sql: null
		jakarta.persistence.jdbc.driver: org.h2.Driver
		hibernate.jdbc.batch_size: 30
		jakarta.persistence.jdbc.user: sa
		hibernate.generate_statistics: null
		hibernate.hbm2ddl.auto: update
		hibernate.cache.use_query_cache: null
		hibernate.hikari.maximumPoolSize: 10
		hibernate.hikari.idleTimeout: 30000
		hibernate.format_sql: null
		hibernate.hikari.minimumIdle: 2
		hibernate.use_sql_comments: null
		hibernate.order_inserts: null
		hibernate.current_session_context_class: thread
		hibernate.connection.provider_class: org.hibernate.hikaricp.internal.HikariCPConnectionProvider
		hibernate.hikari.connectionTimeout: 10000
		hibernate.hikari.poolName: FRC-PM-HikariCP
		hibernate.order_updates: null
		hibernate.dialect: org.hibernate.dialect.H2Dialect
		jakarta.persistence.jdbc.password: ]
10:24:45.125 [main] DEBUG org.hibernate.integrator.internal.IntegratorServiceImpl - Adding Integrator [org.hibernate.boot.beanvalidation.BeanValidationIntegrator].
10:24:45.125 [main] DEBUG org.hibernate.integrator.internal.IntegratorServiceImpl - Adding Integrator [org.hibernate.cache.internal.CollectionCacheInvalidator].
10:24:45.140 [main] DEBUG org.hibernate.orm.idgen.factory - Ignoring CDI for resolving IdentifierGenerator instances as extended or delayed CDI support was enabled
10:24:45.141 [main] DEBUG org.hibernate.orm.idgen.factory - Registering IdentifierGenerator strategy [uuid2] -> [org.hibernate.id.UUIDGenerator]
10:24:45.141 [main] DEBUG org.hibernate.orm.idgen.factory - Registering IdentifierGenerator strategy [guid] -> [org.hibernate.id.GUIDGenerator]
10:24:45.141 [main] DEBUG org.hibernate.orm.idgen.factory - Registering IdentifierGenerator strategy [uuid] -> [org.hibernate.id.UUIDHexGenerator]
10:24:45.141 [main] DEBUG org.hibernate.orm.idgen.factory - Registering IdentifierGenerator strategy [uuid.hex] -> [org.hibernate.id.UUIDHexGenerator]
10:24:45.141 [main] DEBUG org.hibernate.orm.idgen.factory - Registering IdentifierGenerator strategy [assigned] -> [org.hibernate.id.Assigned]
10:24:45.141 [main] DEBUG org.hibernate.orm.idgen.factory - Registering IdentifierGenerator strategy [identity] -> [org.hibernate.id.IdentityGenerator]
10:24:45.141 [main] DEBUG org.hibernate.orm.idgen.factory - Registering IdentifierGenerator strategy [select] -> [org.hibernate.id.SelectGenerator]
10:24:45.141 [main] DEBUG org.hibernate.orm.idgen.factory - Registering IdentifierGenerator strategy [sequence] -> [org.hibernate.id.enhanced.SequenceStyleGenerator]
10:24:45.141 [main] DEBUG org.hibernate.orm.idgen.factory - Registering IdentifierGenerator strategy [increment] -> [org.hibernate.id.IncrementGenerator]
10:24:45.141 [main] DEBUG org.hibernate.orm.idgen.factory - Registering IdentifierGenerator strategy [foreign] -> [org.hibernate.id.ForeignGenerator]
10:24:45.141 [main] DEBUG org.hibernate.orm.idgen.factory - Registering IdentifierGenerator strategy [enhanced-sequence] -> [org.hibernate.id.enhanced.SequenceStyleGenerator]
10:24:45.141 [main] DEBUG org.hibernate.orm.idgen.factory - Registering IdentifierGenerator strategy [enhanced-table] -> [org.hibernate.id.enhanced.TableGenerator]
10:24:45.142 [main] INFO org.hibernate.cache.internal.RegionFactoryInitiator - HHH000026: Second-level cache disabled
10:24:45.142 [main] DEBUG org.hibernate.type.BasicTypeRegistry - Adding type registration boolean -> org.hibernate.type.BasicTypeReference@2f4919b0
10:24:45.142 [main] DEBUG org.hibernate.type.BasicTypeRegistry - Adding type registration boolean -> org.hibernate.type.BasicTypeReference@2f4919b0
10:24:45.142 [main] DEBUG org.hibernate.type.BasicTypeRegistry - Adding type registration java.lang.Boolean -> org.hibernate.type.BasicTypeReference@2f4919b0
10:24:45.142 [main] DEBUG org.hibernate.type.BasicTypeRegistry - Adding type registration numeric_boolean -> org.hibernate.type.BasicTypeReference@a8a8b75
10:24:45.142 [main] DEBUG org.hibernate.type.BasicTypeRegistry - Adding type registration org.hibernate.type.NumericBooleanConverter -> org.hibernate.type.BasicTypeReference@a8a8b75
10:24:45.142 [main] DEBUG org.hibernate.type.BasicTypeRegistry - Adding type registration true_false -> org.hibernate.type.BasicTypeReference@75b21c3b
10:24:45.142 [main] DEBUG org.hibernate.type.BasicTypeRegistry - Adding type registration org.hibernate.type.TrueFalseConverter -> org.hibernate.type.BasicTypeReference@75b21c3b
10:24:45.142 [main] DEBUG org.hibernate.type.BasicTypeRegistry - Adding type registration yes_no -> org.hibernate.type.BasicTypeReference@72be135f
10:24:45.142 [main] DEBUG org.hibernate.type.BasicTypeRegistry - Adding type registration org.hibernate.type.YesNoConverter -> org.hibernate.type.BasicTypeReference@72be135f
10:24:45.142 [main] DEBUG org.hibernate.type.BasicTypeRegistry - Adding type registration byte -> org.hibernate.type.BasicTypeReference@155d1021
10:24:45.142 [main] DEBUG org.hibernate.type.BasicTypeRegistry - Adding type registration byte -> org.hibernate.type.BasicTypeReference@155d1021
10:24:45.142 [main] DEBUG org.hibernate.type.BasicTypeRegistry - Adding type registration java.lang.Byte -> org.hibernate.type.BasicTypeReference@155d1021
10:24:45.142 [main] DEBUG org.hibernate.type.BasicTypeRegistry - Adding type registration binary -> org.hibernate.type.BasicTypeReference@4bd2f0dc
10:24:45.142 [main] DEBUG org.hibernate.type.BasicTypeRegistry - Adding type registration byte[] -> org.hibernate.type.BasicTypeReference@4bd2f0dc
10:24:45.142 [main] DEBUG org.hibernate.type.BasicTypeRegistry - Adding type registration [B -> org.hibernate.type.BasicTypeReference@4bd2f0dc
10:24:45.142 [main] DEBUG org.hibernate.type.BasicTypeRegistry - Adding type registration binary_wrapper -> org.hibernate.type.BasicTypeReference@2e647e59
10:24:45.142 [main] DEBUG org.hibernate.type.BasicTypeRegistry - Adding type registration wrapper-binary -> org.hibernate.type.BasicTypeReference@2e647e59
10:24:45.142 [main] DEBUG org.hibernate.type.BasicTypeRegistry - Adding type registration image -> org.hibernate.type.BasicTypeReference@2c42b421
10:24:45.142 [main] DEBUG org.hibernate.type.BasicTypeRegistry - Adding type registration blob -> org.hibernate.type.BasicTypeReference@51e37590
10:24:45.142 [main] DEBUG org.hibernate.type.BasicTypeRegistry - Adding type registration java.sql.Blob -> org.hibernate.type.BasicTypeReference@51e37590
10:24:45.142 [main] DEBUG org.hibernate.type.BasicTypeRegistry - Adding type registration materialized_blob -> org.hibernate.type.BasicTypeReference@deb3b60
10:24:45.142 [main] DEBUG org.hibernate.type.BasicTypeRegistry - Adding type registration materialized_blob_wrapper -> org.hibernate.type.BasicTypeReference@701a32
10:24:45.142 [main] DEBUG org.hibernate.type.BasicTypeRegistry - Adding type registration short -> org.hibernate.type.BasicTypeReference@39aa45a1
10:24:45.142 [main] DEBUG org.hibernate.type.BasicTypeRegistry - Adding type registration short -> org.hibernate.type.BasicTypeReference@39aa45a1
10:24:45.142 [main] DEBUG org.hibernate.type.BasicTypeRegistry - Adding type registration java.lang.Short -> org.hibernate.type.BasicTypeReference@39aa45a1
10:24:45.142 [main] DEBUG org.hibernate.type.BasicTypeRegistry - Adding type registration integer -> org.hibernate.type.BasicTypeReference@73aff8f1
10:24:45.142 [main] DEBUG org.hibernate.type.BasicTypeRegistry - Adding type registration int -> org.hibernate.type.BasicTypeReference@73aff8f1
10:24:45.142 [main] DEBUG org.hibernate.type.BasicTypeRegistry - Adding type registration java.lang.Integer -> org.hibernate.type.BasicTypeReference@73aff8f1
10:24:45.142 [main] DEBUG org.hibernate.type.BasicTypeRegistry - Adding type registration long -> org.hibernate.type.BasicTypeReference@27cbfddf
10:24:45.142 [main] DEBUG org.hibernate.type.BasicTypeRegistry - Adding type registration long -> org.hibernate.type.BasicTypeReference@27cbfddf
10:24:45.142 [main] DEBUG org.hibernate.type.BasicTypeRegistry - Adding type registration java.lang.Long -> org.hibernate.type.BasicTypeReference@27cbfddf
10:24:45.142 [main] DEBUG org.hibernate.type.BasicTypeRegistry - Adding type registration float -> org.hibernate.type.BasicTypeReference@27ead29e
10:24:45.142 [main] DEBUG org.hibernate.type.BasicTypeRegistry - Adding type registration float -> org.hibernate.type.BasicTypeReference@27ead29e
10:24:45.142 [main] DEBUG org.hibernate.type.BasicTypeRegistry - Adding type registration java.lang.Float -> org.hibernate.type.BasicTypeReference@27ead29e
10:24:45.142 [main] DEBUG org.hibernate.type.BasicTypeRegistry - Adding type registration double -> org.hibernate.type.BasicTypeReference@4c060c8f
10:24:45.142 [main] DEBUG org.hibernate.type.BasicTypeRegistry - Adding type registration double -> org.hibernate.type.BasicTypeReference@4c060c8f
10:24:45.142 [main] DEBUG org.hibernate.type.BasicTypeRegistry - Adding type registration java.lang.Double -> org.hibernate.type.BasicTypeReference@4c060c8f
10:24:45.142 [main] DEBUG org.hibernate.type.BasicTypeRegistry - Adding type registration big_integer -> org.hibernate.type.BasicTypeReference@40620d8e
10:24:45.142 [main] DEBUG org.hibernate.type.BasicTypeRegistry - Adding type registration java.math.BigInteger -> org.hibernate.type.BasicTypeReference@40620d8e
10:24:45.142 [main] DEBUG org.hibernate.type.BasicTypeRegistry - Adding type registration big_decimal -> org.hibernate.type.BasicTypeReference@383f3558
10:24:45.142 [main] DEBUG org.hibernate.type.BasicTypeRegistry - Adding type registration java.math.BigDecimal -> org.hibernate.type.BasicTypeReference@383f3558
10:24:45.142 [main] DEBUG org.hibernate.type.BasicTypeRegistry - Adding type registration character -> org.hibernate.type.BasicTypeReference@49b07ee3
10:24:45.142 [main] DEBUG org.hibernate.type.BasicTypeRegistry - Adding type registration char -> org.hibernate.type.BasicTypeReference@49b07ee3
10:24:45.142 [main] DEBUG org.hibernate.type.BasicTypeRegistry - Adding type registration java.lang.Character -> org.hibernate.type.BasicTypeReference@49b07ee3
10:24:45.142 [main] DEBUG org.hibernate.type.BasicTypeRegistry - Adding type registration character_nchar -> org.hibernate.type.BasicTypeReference@352e612e
10:24:45.142 [main] DEBUG org.hibernate.type.BasicTypeRegistry - Adding type registration string -> org.hibernate.type.BasicTypeReference@65f00478
10:24:45.142 [main] DEBUG org.hibernate.type.BasicTypeRegistry - Adding type registration java.lang.String -> org.hibernate.type.BasicTypeReference@65f00478
10:24:45.142 [main] DEBUG org.hibernate.type.BasicTypeRegistry - Adding type registration nstring -> org.hibernate.type.BasicTypeReference@2424686b
10:24:45.142 [main] DEBUG org.hibernate.type.BasicTypeRegistry - Adding type registration characters -> org.hibernate.type.BasicTypeReference@6ea94d6a
10:24:45.142 [main] DEBUG org.hibernate.type.BasicTypeRegistry - Adding type registration char[] -> org.hibernate.type.BasicTypeReference@6ea94d6a
10:24:45.142 [main] DEBUG org.hibernate.type.BasicTypeRegistry - Adding type registration [C -> org.hibernate.type.BasicTypeReference@6ea94d6a
10:24:45.142 [main] DEBUG org.hibernate.type.BasicTypeRegistry - Adding type registration wrapper-characters -> org.hibernate.type.BasicTypeReference@28486680
10:24:45.142 [main] DEBUG org.hibernate.type.BasicTypeRegistry - Adding type registration text -> org.hibernate.type.BasicTypeReference@4d7e7435
10:24:45.142 [main] DEBUG org.hibernate.type.BasicTypeRegistry - Adding type registration ntext -> org.hibernate.type.BasicTypeReference@4a1e3ac1
10:24:45.142 [main] DEBUG org.hibernate.type.BasicTypeRegistry - Adding type registration clob -> org.hibernate.type.BasicTypeReference@6e78fcf5
10:24:45.142 [main] DEBUG org.hibernate.type.BasicTypeRegistry - Adding type registration java.sql.Clob -> org.hibernate.type.BasicTypeReference@6e78fcf5
10:24:45.142 [main] DEBUG org.hibernate.type.BasicTypeRegistry - Adding type registration nclob -> org.hibernate.type.BasicTypeReference@56febdc
10:24:45.142 [main] DEBUG org.hibernate.type.BasicTypeRegistry - Adding type registration java.sql.NClob -> org.hibernate.type.BasicTypeReference@56febdc
10:24:45.142 [main] DEBUG org.hibernate.type.BasicTypeRegistry - Adding type registration materialized_clob -> org.hibernate.type.BasicTypeReference@3b8ee898
10:24:45.142 [main] DEBUG org.hibernate.type.BasicTypeRegistry - Adding type registration materialized_clob_char_array -> org.hibernate.type.BasicTypeReference@7d151a
10:24:45.142 [main] DEBUG org.hibernate.type.BasicTypeRegistry - Adding type registration materialized_clob_character_array -> org.hibernate.type.BasicTypeReference@294bdeb4
10:24:45.142 [main] DEBUG org.hibernate.type.BasicTypeRegistry - Adding type registration materialized_nclob -> org.hibernate.type.BasicTypeReference@5300f14a
10:24:45.142 [main] DEBUG org.hibernate.type.BasicTypeRegistry - Adding type registration materialized_nclob_character_array -> org.hibernate.type.BasicTypeReference@1f86099a
10:24:45.142 [main] DEBUG org.hibernate.type.BasicTypeRegistry - Adding type registration materialized_nclob_char_array -> org.hibernate.type.BasicTypeReference@77bb0ab5
10:24:45.142 [main] DEBUG org.hibernate.type.BasicTypeRegistry - Adding type registration Duration -> org.hibernate.type.BasicTypeReference@f2c488
10:24:45.142 [main] DEBUG org.hibernate.type.BasicTypeRegistry - Adding type registration java.time.Duration -> org.hibernate.type.BasicTypeReference@f2c488
10:24:45.142 [main] DEBUG org.hibernate.type.BasicTypeRegistry - Adding type registration LocalDateTime -> org.hibernate.type.BasicTypeReference@54acff7d
10:24:45.142 [main] DEBUG org.hibernate.type.BasicTypeRegistry - Adding type registration java.time.LocalDateTime -> org.hibernate.type.BasicTypeReference@54acff7d
10:24:45.142 [main] DEBUG org.hibernate.type.BasicTypeRegistry - Adding type registration LocalDate -> org.hibernate.type.BasicTypeReference@7bc9e6ab
10:24:45.142 [main] DEBUG org.hibernate.type.BasicTypeRegistry - Adding type registration java.time.LocalDate -> org.hibernate.type.BasicTypeReference@7bc9e6ab
10:24:45.142 [main] DEBUG org.hibernate.type.BasicTypeRegistry - Adding type registration LocalTime -> org.hibernate.type.BasicTypeReference@5488b5c5
10:24:45.142 [main] DEBUG org.hibernate.type.BasicTypeRegistry - Adding type registration java.time.LocalTime -> org.hibernate.type.BasicTypeReference@5488b5c5
10:24:45.142 [main] DEBUG org.hibernate.type.BasicTypeRegistry - Adding type registration OffsetDateTime -> org.hibernate.type.BasicTypeReference@4248ed58
10:24:45.142 [main] DEBUG org.hibernate.type.BasicTypeRegistry - Adding type registration java.time.OffsetDateTime -> org.hibernate.type.BasicTypeReference@4248ed58
10:24:45.142 [main] DEBUG org.hibernate.type.BasicTypeRegistry - Adding type registration OffsetDateTimeWithTimezone -> org.hibernate.type.BasicTypeReference@712ca57b
10:24:45.142 [main] DEBUG org.hibernate.type.BasicTypeRegistry - Adding type registration OffsetDateTimeWithoutTimezone -> org.hibernate.type.BasicTypeReference@4564e94b
10:24:45.142 [main] DEBUG org.hibernate.type.BasicTypeRegistry - Adding type registration OffsetTime -> org.hibernate.type.BasicTypeReference@54534abf
10:24:45.142 [main] DEBUG org.hibernate.type.BasicTypeRegistry - Adding type registration java.time.OffsetTime -> org.hibernate.type.BasicTypeReference@54534abf
10:24:45.142 [main] DEBUG org.hibernate.type.BasicTypeRegistry - Adding type registration OffsetTimeUtc -> org.hibernate.type.BasicTypeReference@51745f40
10:24:45.142 [main] DEBUG org.hibernate.type.BasicTypeRegistry - Adding type registration OffsetTimeWithTimezone -> org.hibernate.type.BasicTypeReference@45673f68
10:24:45.142 [main] DEBUG org.hibernate.type.BasicTypeRegistry - Adding type registration OffsetTimeWithoutTimezone -> org.hibernate.type.BasicTypeReference@27abb83e
10:24:45.142 [main] DEBUG org.hibernate.type.BasicTypeRegistry - Adding type registration ZonedDateTime -> org.hibernate.type.BasicTypeReference@69e308c6
10:24:45.142 [main] DEBUG org.hibernate.type.BasicTypeRegistry - Adding type registration java.time.ZonedDateTime -> org.hibernate.type.BasicTypeReference@69e308c6
10:24:45.142 [main] DEBUG org.hibernate.type.BasicTypeRegistry - Adding type registration ZonedDateTimeWithTimezone -> org.hibernate.type.BasicTypeReference@1a1ed4e5
10:24:45.142 [main] DEBUG org.hibernate.type.BasicTypeRegistry - Adding type registration ZonedDateTimeWithoutTimezone -> org.hibernate.type.BasicTypeReference@667e34b1
10:24:45.142 [main] DEBUG org.hibernate.type.BasicTypeRegistry - Adding type registration date -> org.hibernate.type.BasicTypeReference@1c6e0a08
10:24:45.142 [main] DEBUG org.hibernate.type.BasicTypeRegistry - Adding type registration java.sql.Date -> org.hibernate.type.BasicTypeReference@1c6e0a08
10:24:45.142 [main] DEBUG org.hibernate.type.BasicTypeRegistry - Adding type registration time -> org.hibernate.type.BasicTypeReference@6dba847b
10:24:45.142 [main] DEBUG org.hibernate.type.BasicTypeRegistry - Adding type registration java.sql.Time -> org.hibernate.type.BasicTypeReference@6dba847b
10:24:45.142 [main] DEBUG org.hibernate.type.BasicTypeRegistry - Adding type registration timestamp -> org.hibernate.type.BasicTypeReference@1efdcd5
10:24:45.142 [main] DEBUG org.hibernate.type.BasicTypeRegistry - Adding type registration java.sql.Timestamp -> org.hibernate.type.BasicTypeReference@1efdcd5
10:24:45.142 [main] DEBUG org.hibernate.type.BasicTypeRegistry - Adding type registration java.util.Date -> org.hibernate.type.BasicTypeReference@1efdcd5
10:24:45.142 [main] DEBUG org.hibernate.type.BasicTypeRegistry - Adding type registration calendar -> org.hibernate.type.BasicTypeReference@1623bbe5
10:24:45.142 [main] DEBUG org.hibernate.type.BasicTypeRegistry - Adding type registration java.util.Calendar -> org.hibernate.type.BasicTypeReference@1623bbe5
10:24:45.142 [main] DEBUG org.hibernate.type.BasicTypeRegistry - Adding type registration java.util.GregorianCalendar -> org.hibernate.type.BasicTypeReference@1623bbe5
10:24:45.142 [main] DEBUG org.hibernate.type.BasicTypeRegistry - Adding type registration calendar_date -> org.hibernate.type.BasicTypeReference@7af1cd63
10:24:45.142 [main] DEBUG org.hibernate.type.BasicTypeRegistry - Adding type registration calendar_time -> org.hibernate.type.BasicTypeReference@4351171a
10:24:45.142 [main] DEBUG org.hibernate.type.BasicTypeRegistry - Adding type registration instant -> org.hibernate.type.BasicTypeReference@3c2772d1
10:24:45.142 [main] DEBUG org.hibernate.type.BasicTypeRegistry - Adding type registration java.time.Instant -> org.hibernate.type.BasicTypeReference@3c2772d1
10:24:45.142 [main] DEBUG org.hibernate.type.BasicTypeRegistry - Adding type registration uuid -> org.hibernate.type.BasicTypeReference@37d00a23
10:24:45.142 [main] DEBUG org.hibernate.type.BasicTypeRegistry - Adding type registration java.util.UUID -> org.hibernate.type.BasicTypeReference@37d00a23
10:24:45.142 [main] DEBUG org.hibernate.type.BasicTypeRegistry - Adding type registration pg-uuid -> org.hibernate.type.BasicTypeReference@37d00a23
10:24:45.142 [main] DEBUG org.hibernate.type.BasicTypeRegistry - Adding type registration uuid-binary -> org.hibernate.type.BasicTypeReference@433e536f
10:24:45.142 [main] DEBUG org.hibernate.type.BasicTypeRegistry - Adding type registration uuid-char -> org.hibernate.type.BasicTypeReference@89c65d5
10:24:45.142 [main] DEBUG org.hibernate.type.BasicTypeRegistry - Adding type registration class -> org.hibernate.type.BasicTypeReference@faa3fed
10:24:45.142 [main] DEBUG org.hibernate.type.BasicTypeRegistry - Adding type registration java.lang.Class -> org.hibernate.type.BasicTypeReference@faa3fed
10:24:45.142 [main] DEBUG org.hibernate.type.BasicTypeRegistry - Adding type registration currency -> org.hibernate.type.BasicTypeReference@988246e
10:24:45.142 [main] DEBUG org.hibernate.type.BasicTypeRegistry - Adding type registration Currency -> org.hibernate.type.BasicTypeReference@988246e
10:24:45.142 [main] DEBUG org.hibernate.type.BasicTypeRegistry - Adding type registration java.util.Currency -> org.hibernate.type.BasicTypeReference@988246e
10:24:45.142 [main] DEBUG org.hibernate.type.BasicTypeRegistry - Adding type registration locale -> org.hibernate.type.BasicTypeReference@62515a47
10:24:45.142 [main] DEBUG org.hibernate.type.BasicTypeRegistry - Adding type registration java.util.Locale -> org.hibernate.type.BasicTypeReference@62515a47
10:24:45.142 [main] DEBUG org.hibernate.type.BasicTypeRegistry - Adding type registration serializable -> org.hibernate.type.BasicTypeReference@3c5a54b7
10:24:45.142 [main] DEBUG org.hibernate.type.BasicTypeRegistry - Adding type registration java.io.Serializable -> org.hibernate.type.BasicTypeReference@3c5a54b7
10:24:45.142 [main] DEBUG org.hibernate.type.BasicTypeRegistry - Adding type registration timezone -> org.hibernate.type.BasicTypeReference@61f2c3f0
10:24:45.142 [main] DEBUG org.hibernate.type.BasicTypeRegistry - Adding type registration java.util.TimeZone -> org.hibernate.type.BasicTypeReference@61f2c3f0
10:24:45.142 [main] DEBUG org.hibernate.type.BasicTypeRegistry - Adding type registration ZoneOffset -> org.hibernate.type.BasicTypeReference@291120f4
10:24:45.142 [main] DEBUG org.hibernate.type.BasicTypeRegistry - Adding type registration java.time.ZoneOffset -> org.hibernate.type.BasicTypeReference@291120f4
10:24:45.142 [main] DEBUG org.hibernate.type.BasicTypeRegistry - Adding type registration url -> org.hibernate.type.BasicTypeReference@417ad4f3
10:24:45.142 [main] DEBUG org.hibernate.type.BasicTypeRegistry - Adding type registration java.net.URL -> org.hibernate.type.BasicTypeReference@417ad4f3
10:24:45.142 [main] DEBUG org.hibernate.type.BasicTypeRegistry - Adding type registration vector -> org.hibernate.type.BasicTypeReference@2f6bcf87
10:24:45.142 [main] DEBUG org.hibernate.type.BasicTypeRegistry - Adding type registration row_version -> org.hibernate.type.BasicTypeReference@58f174d9
10:24:45.142 [main] DEBUG org.hibernate.type.BasicTypeRegistry - Adding type registration object -> org.hibernate.type.JavaObjectType@34237b90
10:24:45.142 [main] DEBUG org.hibernate.type.BasicTypeRegistry - Adding type registration java.lang.Object -> org.hibernate.type.JavaObjectType@34237b90
10:24:45.142 [main] DEBUG org.hibernate.type.BasicTypeRegistry - Adding type registration null -> org.hibernate.type.NullType@267bbe1a
10:24:45.142 [main] DEBUG org.hibernate.type.BasicTypeRegistry - Adding type registration imm_date -> org.hibernate.type.BasicTypeReference@7031b9eb
10:24:45.142 [main] DEBUG org.hibernate.type.BasicTypeRegistry - Adding type registration imm_time -> org.hibernate.type.BasicTypeReference@7499d0a9
10:24:45.142 [main] DEBUG org.hibernate.type.BasicTypeRegistry - Adding type registration imm_timestamp -> org.hibernate.type.BasicTypeReference@1153329a
10:24:45.142 [main] DEBUG org.hibernate.type.BasicTypeRegistry - Adding type registration imm_calendar -> org.hibernate.type.BasicTypeReference@42ea5ddc
10:24:45.142 [main] DEBUG org.hibernate.type.BasicTypeRegistry - Adding type registration imm_calendar_date -> org.hibernate.type.BasicTypeReference@3f694a8b
10:24:45.142 [main] DEBUG org.hibernate.type.BasicTypeRegistry - Adding type registration imm_calendar_time -> org.hibernate.type.BasicTypeReference@54fc957
10:24:45.142 [main] DEBUG org.hibernate.type.BasicTypeRegistry - Adding type registration imm_binary -> org.hibernate.type.BasicTypeReference@d00ec86
10:24:45.142 [main] DEBUG org.hibernate.type.BasicTypeRegistry - Adding type registration imm_serializable -> org.hibernate.type.BasicTypeReference@1d144447
10:24:45.143 [main] DEBUG org.hibernate.boot.internal.BootstrapContextImpl - Injecting ScanEnvironment [org.hibernate.jpa.boot.internal.StandardJpaScanEnvironmentImpl@685c787c] into BootstrapContext; was [null]
10:24:45.143 [main] DEBUG org.hibernate.boot.internal.BootstrapContextImpl - Injecting ScanOptions [org.hibernate.boot.archive.scan.internal.StandardScanOptions@13221151] into BootstrapContext; was [org.hibernate.boot.archive.scan.internal.StandardScanOptions@19ccbb6f]
10:24:45.215 [main] DEBUG org.hibernate.boot.internal.BootstrapContextImpl - Injecting JPA temp ClassLoader [null] into BootstrapContext; was [null]
10:24:45.216 [main] DEBUG org.hibernate.boot.internal.ClassLoaderAccessImpl - ClassLoaderAccessImpl#injectTempClassLoader(null) [was null]
10:24:45.216 [main] INFO org.hibernate.engine.jdbc.connections.internal.ConnectionProviderInitiator - HHH000130: Instantiating explicit connection provider: org.hibernate.hikaricp.internal.HikariCPConnectionProvider
10:24:45.216 [main] DEBUG org.hibernate.hikaricp.internal.HikariCPConnectionProvider - Configuring HikariCP
10:24:45.216 [main] DEBUG com.zaxxer.hikari.HikariConfig - Driver class org.h2.Driver found in Thread context class loader jdk.internal.loader.ClassLoaders$AppClassLoader@70dea4e
10:24:45.216 [main] DEBUG com.zaxxer.hikari.HikariConfig - FRC-PM-HikariCP - configuration:
10:24:45.218 [main] DEBUG com.zaxxer.hikari.HikariConfig - allowPoolSuspension.............false
10:24:45.218 [main] DEBUG com.zaxxer.hikari.HikariConfig - autoCommit......................true
10:24:45.218 [main] DEBUG com.zaxxer.hikari.HikariConfig - catalog.........................none
10:24:45.218 [main] DEBUG com.zaxxer.hikari.HikariConfig - connectionInitSql...............none
10:24:45.218 [main] DEBUG com.zaxxer.hikari.HikariConfig - connectionTestQuery.............none
10:24:45.218 [main] DEBUG com.zaxxer.hikari.HikariConfig - connectionTimeout...............10000
10:24:45.218 [main] DEBUG com.zaxxer.hikari.HikariConfig - dataSource......................none
10:24:45.218 [main] DEBUG com.zaxxer.hikari.HikariConfig - dataSourceClassName.............none
10:24:45.218 [main] DEBUG com.zaxxer.hikari.HikariConfig - dataSourceJNDI..................none
10:24:45.218 [main] DEBUG com.zaxxer.hikari.HikariConfig - dataSourceProperties............{password=<masked>}
10:24:45.218 [main] DEBUG com.zaxxer.hikari.HikariConfig - driverClassName................."org.h2.Driver"
10:24:45.218 [main] DEBUG com.zaxxer.hikari.HikariConfig - exceptionOverrideClassName......none
10:24:45.218 [main] DEBUG com.zaxxer.hikari.HikariConfig - healthCheckProperties...........{}
10:24:45.218 [main] DEBUG com.zaxxer.hikari.HikariConfig - healthCheckRegistry.............none
10:24:45.218 [main] DEBUG com.zaxxer.hikari.HikariConfig - idleTimeout.....................30000
10:24:45.218 [main] DEBUG com.zaxxer.hikari.HikariConfig - initializationFailTimeout.......1
10:24:45.218 [main] DEBUG com.zaxxer.hikari.HikariConfig - isolateInternalQueries..........false
10:24:45.218 [main] DEBUG com.zaxxer.hikari.HikariConfig - jdbcUrl.........................jdbc:h2:file:C:\Users\dhiebert\.frcpm\frcpm
10:24:45.218 [main] DEBUG com.zaxxer.hikari.HikariConfig - keepaliveTime...................0
10:24:45.218 [main] DEBUG com.zaxxer.hikari.HikariConfig - leakDetectionThreshold..........0
10:24:45.218 [main] DEBUG com.zaxxer.hikari.HikariConfig - maxLifetime.....................1800000
10:24:45.218 [main] DEBUG com.zaxxer.hikari.HikariConfig - maximumPoolSize.................10
10:24:45.218 [main] DEBUG com.zaxxer.hikari.HikariConfig - metricRegistry..................none
10:24:45.218 [main] DEBUG com.zaxxer.hikari.HikariConfig - metricsTrackerFactory...........none
10:24:45.218 [main] DEBUG com.zaxxer.hikari.HikariConfig - minimumIdle.....................2
10:24:45.218 [main] DEBUG com.zaxxer.hikari.HikariConfig - password........................<masked>
10:24:45.218 [main] DEBUG com.zaxxer.hikari.HikariConfig - poolName........................"FRC-PM-HikariCP"
10:24:45.218 [main] DEBUG com.zaxxer.hikari.HikariConfig - readOnly........................false
10:24:45.218 [main] DEBUG com.zaxxer.hikari.HikariConfig - registerMbeans..................false
10:24:45.218 [main] DEBUG com.zaxxer.hikari.HikariConfig - scheduledExecutor...............none
10:24:45.218 [main] DEBUG com.zaxxer.hikari.HikariConfig - schema..........................none
10:24:45.218 [main] DEBUG com.zaxxer.hikari.HikariConfig - threadFactory...................internal
10:24:45.218 [main] DEBUG com.zaxxer.hikari.HikariConfig - transactionIsolation............default
10:24:45.218 [main] DEBUG com.zaxxer.hikari.HikariConfig - username........................"sa"
10:24:45.218 [main] DEBUG com.zaxxer.hikari.HikariConfig - validationTimeout...............5000
10:24:45.219 [main] INFO com.zaxxer.hikari.HikariDataSource - FRC-PM-HikariCP - Starting...
10:24:45.230 [main] INFO com.zaxxer.hikari.pool.HikariPool - FRC-PM-HikariCP - Added connection conn124: url=jdbc:h2:file:C:\Users\dhiebert\.frcpm\frcpm user=SA
10:24:45.230 [main] INFO com.zaxxer.hikari.HikariDataSource - FRC-PM-HikariCP - Start completed.
10:24:45.230 [main] DEBUG org.hibernate.hikaricp.internal.HikariCPConnectionProvider - HikariCP Configured
10:24:45.230 [main] DEBUG org.hibernate.engine.jdbc.env.internal.JdbcEnvironmentInitiator - Database ->
	   name : H2
	version : 2.2.224 (2023-09-17)
	  major : 2
	  minor : 2
10:24:45.230 [main] DEBUG org.hibernate.engine.jdbc.env.internal.JdbcEnvironmentInitiator - Driver ->
	   name : H2 JDBC Driver
	version : 2.2.224 (2023-09-17)
	  major : 2
	  minor : 2
10:24:45.230 [main] DEBUG org.hibernate.engine.jdbc.env.internal.JdbcEnvironmentInitiator - JDBC version : 4.2
10:24:45.230 [main] WARN org.hibernate.orm.deprecation - HHH90000025: H2Dialect does not need to be specified explicitly using 'hibernate.dialect' (remove the property setting and it will be selected by default)
10:24:45.230 [main] DEBUG org.hibernate.orm.dialect - HHH035001: Using dialect: org.hibernate.dialect.H2Dialect, version: 2.2.224
10:24:45.231 [main] DEBUG org.hibernate.engine.jdbc.env.spi.IdentifierHelperBuilder - JDBC driver metadata reported database stores quoted identifiers in neither upper, lower nor mixed case
10:24:45.231 [main] DEBUG org.hibernate.type.descriptor.jdbc.spi.JdbcTypeRegistry - addDescriptor(NCharTypeDescriptor) replaced previous registration(CharTypeDescriptor)
10:24:45.231 [main] DEBUG org.hibernate.type.descriptor.jdbc.spi.JdbcTypeRegistry - addDescriptor(NVarcharTypeDescriptor) replaced previous registration(VarcharTypeDescriptor)
10:24:45.231 [main] DEBUG org.hibernate.type.descriptor.jdbc.spi.JdbcTypeRegistry - addDescriptor(LongNVarcharTypeDescriptor) replaced previous registration(LongVarcharTypeDescriptor)
10:24:45.231 [main] DEBUG org.hibernate.type.descriptor.jdbc.spi.JdbcTypeRegistry - addDescriptor(NClobTypeDescriptor(DEFAULT)) replaced previous registration(ClobTypeDescriptor(DEFAULT))
10:24:45.231 [main] DEBUG org.hibernate.type.descriptor.jdbc.spi.JdbcTypeRegistry - addDescriptor(2005, ClobTypeDescriptor(STREAM_BINDING)) replaced previous registration(ClobTypeDescriptor(DEFAULT))
10:24:45.231 [main] DEBUG org.hibernate.type.descriptor.jdbc.spi.JdbcTypeRegistry - addDescriptor(TimestampUtcDescriptor) replaced previous registration(TimestampUtcDescriptor)
10:24:45.231 [main] DEBUG org.hibernate.type.BasicTypeRegistry - Adding type registration org.hibernate.type.DurationType -> basicType@1773(java.time.Duration,3015)
10:24:45.231 [main] DEBUG org.hibernate.type.BasicTypeRegistry - Adding type registration Duration -> basicType@1773(java.time.Duration,3015)
10:24:45.231 [main] DEBUG org.hibernate.type.BasicTypeRegistry - Adding type registration java.time.Duration -> basicType@1773(java.time.Duration,3015)
10:24:45.231 [main] DEBUG org.hibernate.type.spi.TypeConfiguration$Scope - Scoping TypeConfiguration [org.hibernate.type.spi.TypeConfiguration@1ca2654a] to MetadataBuildingContext [org.hibernate.boot.internal.MetadataBuildingContextRootImpl@7ba8ebe4]
10:24:45.231 [main] DEBUG org.hibernate.boot.model.relational.Namespace - Created database namespace [logicalName=Name{catalog=null, schema=null}, physicalName=Name{catalog=null, schema=null}]
10:24:45.232 [main] DEBUG org.hibernate.boot.model.internal.EntityBinder - Binding entity from annotated class: org.frcpm.models.Attendance
10:24:45.232 [main] DEBUG org.hibernate.boot.model.internal.EntityBinder - Import with entity name Attendance
10:24:45.232 [main] DEBUG org.hibernate.boot.model.internal.EntityBinder - Bind entity org.frcpm.models.Attendance on table attendances
10:24:45.232 [main] DEBUG org.hibernate.boot.model.internal.AnnotatedColumn - Binding column: AnnotatedDiscriminatorColumn(column='DTYPE')
10:24:45.232 [main] DEBUG org.hibernate.boot.model.internal.AnnotatedColumn - Binding column: AnnotatedColumn()
10:24:45.232 [main] DEBUG org.hibernate.boot.internal.ClassLoaderAccessImpl - Not known whether passed class name [org.frcpm.models.Attendance] is safe
10:24:45.232 [main] DEBUG org.hibernate.boot.internal.ClassLoaderAccessImpl - No temp ClassLoader provided; using live ClassLoader for loading potentially unsafe class : org.frcpm.models.Attendance
10:24:45.232 [main] DEBUG org.hibernate.boot.model.internal.PropertyBinder - MetadataSourceProcessor property id with lazy=false
10:24:45.232 [main] DEBUG org.hibernate.boot.model.internal.AbstractPropertyHolder - Attempting to locate auto-apply AttributeConverter for property [org.frcpm.models.Attendance:id]
10:24:45.232 [main] DEBUG org.hibernate.boot.model.internal.BasicValueBinder - building BasicValue for id
10:24:45.232 [main] DEBUG org.hibernate.mapping.BasicValue - Skipping column re-registration: attendances.id
10:24:45.232 [main] DEBUG org.hibernate.boot.model.internal.PropertyBinder - Building property id
10:24:45.232 [main] DEBUG org.hibernate.boot.model.internal.BinderHelper - #makeIdGenerator(BasicValue([Column(id)]), id, identity, , ...)
10:24:45.232 [main] DEBUG org.hibernate.boot.model.internal.AnnotatedColumn - Binding column: AnnotatedColumn(column='arrival_time')
10:24:45.232 [main] DEBUG org.hibernate.boot.model.internal.PropertyBinder - MetadataSourceProcessor property arrivalTime with lazy=false
10:24:45.232 [main] DEBUG org.hibernate.boot.model.internal.AbstractPropertyHolder - Attempting to locate auto-apply AttributeConverter for property [org.frcpm.models.Attendance:arrivalTime]
10:24:45.232 [main] DEBUG org.hibernate.boot.model.internal.BasicValueBinder - building BasicValue for arrivalTime
10:24:45.232 [main] DEBUG org.hibernate.mapping.BasicValue - Skipping column re-registration: attendances.arrival_time
10:24:45.232 [main] DEBUG org.hibernate.boot.model.internal.PropertyBinder - Building property arrivalTime
10:24:45.232 [main] DEBUG org.hibernate.boot.model.internal.AnnotatedColumn - Binding column: AnnotatedColumn(column='departure_time')
10:24:45.232 [main] DEBUG org.hibernate.boot.model.internal.PropertyBinder - MetadataSourceProcessor property departureTime with lazy=false
10:24:45.232 [main] DEBUG org.hibernate.boot.model.internal.AbstractPropertyHolder - Attempting to locate auto-apply AttributeConverter for property [org.frcpm.models.Attendance:departureTime]
10:24:45.232 [main] DEBUG org.hibernate.boot.model.internal.BasicValueBinder - building BasicValue for departureTime
10:24:45.232 [main] DEBUG org.hibernate.mapping.BasicValue - Skipping column re-registration: attendances.departure_time
10:24:45.232 [main] DEBUG org.hibernate.boot.model.internal.PropertyBinder - Building property departureTime
10:24:45.232 [main] DEBUG org.hibernate.boot.model.internal.AnnotatedColumn - Binding column: AnnotatedJoinColumn(column='meeting_id')
10:24:45.232 [main] DEBUG org.hibernate.boot.model.internal.AnnotatedColumn - Binding column: AnnotatedColumn()
10:24:45.232 [main] DEBUG org.hibernate.boot.model.internal.PropertyBinder - Building property meeting
10:24:45.232 [main] DEBUG org.hibernate.boot.model.internal.AnnotatedColumn - Binding column: AnnotatedJoinColumn(column='member_id')
10:24:45.232 [main] DEBUG org.hibernate.boot.model.internal.AnnotatedColumn - Binding column: AnnotatedColumn()
10:24:45.232 [main] DEBUG org.hibernate.boot.model.internal.PropertyBinder - Building property member
10:24:45.232 [main] DEBUG org.hibernate.boot.model.internal.AnnotatedColumn - Binding column: AnnotatedColumn(column='present')
10:24:45.232 [main] DEBUG org.hibernate.boot.model.internal.PropertyBinder - MetadataSourceProcessor property present with lazy=false
10:24:45.232 [main] DEBUG org.hibernate.boot.model.internal.AbstractPropertyHolder - Attempting to locate auto-apply AttributeConverter for property [org.frcpm.models.Attendance:present]
10:24:45.232 [main] DEBUG org.hibernate.boot.model.internal.BasicValueBinder - building BasicValue for present
10:24:45.232 [main] DEBUG org.hibernate.mapping.BasicValue - Skipping column re-registration: attendances.present
10:24:45.232 [main] DEBUG org.hibernate.boot.model.internal.PropertyBinder - Building property present
10:24:45.233 [main] DEBUG org.hibernate.boot.registry.classloading.internal.ClassLoaderServiceImpl - HHH000194: Package not found or no package-info.java: org.frcpm.models
10:24:45.233 [main] DEBUG org.hibernate.boot.model.internal.EntityBinder - Binding entity from annotated class: org.frcpm.models.Meeting
10:24:45.233 [main] DEBUG org.hibernate.boot.model.internal.EntityBinder - Import with entity name Meeting
10:24:45.233 [main] DEBUG org.hibernate.boot.model.internal.EntityBinder - Bind entity org.frcpm.models.Meeting on table meetings
10:24:45.233 [main] DEBUG org.hibernate.boot.model.internal.AnnotatedColumn - Binding column: AnnotatedDiscriminatorColumn(column='DTYPE')
10:24:45.233 [main] DEBUG org.hibernate.boot.model.internal.AnnotatedColumn - Binding column: AnnotatedColumn()
10:24:45.233 [main] DEBUG org.hibernate.boot.internal.ClassLoaderAccessImpl - Not known whether passed class name [org.frcpm.models.Meeting] is safe
10:24:45.233 [main] DEBUG org.hibernate.boot.internal.ClassLoaderAccessImpl - No temp ClassLoader provided; using live ClassLoader for loading potentially unsafe class : org.frcpm.models.Meeting
10:24:45.233 [main] DEBUG org.hibernate.boot.model.internal.PropertyBinder - MetadataSourceProcessor property id with lazy=false
10:24:45.233 [main] DEBUG org.hibernate.boot.model.internal.AbstractPropertyHolder - Attempting to locate auto-apply AttributeConverter for property [org.frcpm.models.Meeting:id]
10:24:45.233 [main] DEBUG org.hibernate.boot.model.internal.BasicValueBinder - building BasicValue for id
10:24:45.233 [main] DEBUG org.hibernate.mapping.BasicValue - Skipping column re-registration: meetings.id
10:24:45.233 [main] DEBUG org.hibernate.boot.model.internal.PropertyBinder - Building property id
10:24:45.233 [main] DEBUG org.hibernate.boot.model.internal.BinderHelper - #makeIdGenerator(BasicValue([Column(id)]), id, identity, , ...)
10:24:45.233 [main] DEBUG org.hibernate.boot.model.internal.AnnotatedColumn - Binding column: AnnotatedJoinColumn()
10:24:45.233 [main] DEBUG org.hibernate.boot.model.internal.AnnotatedColumn - Binding column: AnnotatedColumn()
10:24:45.233 [main] DEBUG org.hibernate.boot.model.internal.AnnotatedColumn - Binding column: IndexColumn(column='attendances_ORDER')
10:24:45.233 [main] DEBUG org.hibernate.boot.model.internal.AnnotatedColumn - Binding column: AnnotatedColumn()
10:24:45.233 [main] DEBUG org.hibernate.boot.model.internal.AnnotatedColumn - Binding column: AnnotatedColumn(column='attendances_KEY')
10:24:45.233 [main] DEBUG org.hibernate.boot.model.internal.AnnotatedColumn - Binding column: AnnotatedJoinColumn(column='attendances_KEY')
10:24:45.233 [main] DEBUG org.hibernate.boot.model.internal.AnnotatedColumn - Binding column: AnnotatedJoinColumn()
10:24:45.233 [main] DEBUG org.hibernate.boot.model.internal.AnnotatedColumn - Binding column: AnnotatedJoinColumn()
10:24:45.233 [main] DEBUG org.hibernate.boot.model.internal.CollectionBinder - Collection role: org.frcpm.models.Meeting.attendances
10:24:45.233 [main] DEBUG org.hibernate.boot.model.internal.PropertyBinder - Building property attendances
10:24:45.233 [main] DEBUG org.hibernate.boot.model.internal.AnnotatedColumn - Binding column: AnnotatedColumn(column='date')
10:24:45.233 [main] DEBUG org.hibernate.boot.model.internal.PropertyBinder - MetadataSourceProcessor property date with lazy=false
10:24:45.233 [main] DEBUG org.hibernate.boot.model.internal.AbstractPropertyHolder - Attempting to locate auto-apply AttributeConverter for property [org.frcpm.models.Meeting:date]
10:24:45.233 [main] DEBUG org.hibernate.boot.model.internal.BasicValueBinder - building BasicValue for date
10:24:45.233 [main] DEBUG org.hibernate.mapping.BasicValue - Skipping column re-registration: meetings.date
10:24:45.233 [main] DEBUG org.hibernate.boot.model.internal.PropertyBinder - Building property date
10:24:45.233 [main] DEBUG org.hibernate.boot.model.internal.AnnotatedColumn - Binding column: AnnotatedColumn(column='end_time')
10:24:45.233 [main] DEBUG org.hibernate.boot.model.internal.PropertyBinder - MetadataSourceProcessor property endTime with lazy=false
10:24:45.233 [main] DEBUG org.hibernate.boot.model.internal.AbstractPropertyHolder - Attempting to locate auto-apply AttributeConverter for property [org.frcpm.models.Meeting:endTime]
10:24:45.233 [main] DEBUG org.hibernate.boot.model.internal.BasicValueBinder - building BasicValue for endTime
10:24:45.233 [main] DEBUG org.hibernate.mapping.BasicValue - Skipping column re-registration: meetings.end_time
10:24:45.233 [main] DEBUG org.hibernate.boot.model.internal.PropertyBinder - Building property endTime
10:24:45.233 [main] DEBUG org.hibernate.boot.model.internal.AnnotatedColumn - Binding column: AnnotatedColumn(column='notes')
10:24:45.233 [main] DEBUG org.hibernate.boot.model.internal.PropertyBinder - MetadataSourceProcessor property notes with lazy=false
10:24:45.233 [main] DEBUG org.hibernate.boot.model.internal.AbstractPropertyHolder - Attempting to locate auto-apply AttributeConverter for property [org.frcpm.models.Meeting:notes]
10:24:45.233 [main] DEBUG org.hibernate.boot.model.internal.BasicValueBinder - building BasicValue for notes
10:24:45.233 [main] DEBUG org.hibernate.mapping.BasicValue - Skipping column re-registration: meetings.notes
10:24:45.233 [main] DEBUG org.hibernate.boot.model.internal.PropertyBinder - Building property notes
10:24:45.233 [main] DEBUG org.hibernate.boot.model.internal.AnnotatedColumn - Binding column: AnnotatedJoinColumn(column='project_id')
10:24:45.233 [main] DEBUG org.hibernate.boot.model.internal.AnnotatedColumn - Binding column: AnnotatedColumn()
10:24:45.233 [main] DEBUG org.hibernate.boot.model.internal.PropertyBinder - Building property project
10:24:45.233 [main] DEBUG org.hibernate.boot.model.internal.AnnotatedColumn - Binding column: AnnotatedColumn(column='start_time')
10:24:45.233 [main] DEBUG org.hibernate.boot.model.internal.PropertyBinder - MetadataSourceProcessor property startTime with lazy=false
10:24:45.233 [main] DEBUG org.hibernate.boot.model.internal.AbstractPropertyHolder - Attempting to locate auto-apply AttributeConverter for property [org.frcpm.models.Meeting:startTime]
10:24:45.233 [main] DEBUG org.hibernate.boot.model.internal.BasicValueBinder - building BasicValue for startTime
10:24:45.233 [main] DEBUG org.hibernate.mapping.BasicValue - Skipping column re-registration: meetings.start_time
10:24:45.233 [main] DEBUG org.hibernate.boot.model.internal.PropertyBinder - Building property startTime
10:24:45.233 [main] DEBUG org.hibernate.boot.registry.classloading.internal.ClassLoaderServiceImpl - HHH000194: Package not found or no package-info.java: org.frcpm.models
10:24:45.233 [main] DEBUG org.hibernate.boot.model.internal.EntityBinder - Binding entity from annotated class: org.frcpm.models.Subsystem
10:24:45.233 [main] DEBUG org.hibernate.boot.model.internal.EntityBinder - Import with entity name Subsystem
10:24:45.233 [main] DEBUG org.hibernate.boot.model.internal.EntityBinder - Bind entity org.frcpm.models.Subsystem on table subsystems
10:24:45.233 [main] DEBUG org.hibernate.boot.model.internal.AnnotatedColumn - Binding column: AnnotatedDiscriminatorColumn(column='DTYPE')
10:24:45.234 [main] DEBUG org.hibernate.boot.model.internal.AnnotatedColumn - Binding column: AnnotatedColumn()
10:24:45.234 [main] DEBUG org.hibernate.boot.internal.ClassLoaderAccessImpl - Not known whether passed class name [org.frcpm.models.Subsystem] is safe
10:24:45.234 [main] DEBUG org.hibernate.boot.internal.ClassLoaderAccessImpl - No temp ClassLoader provided; using live ClassLoader for loading potentially unsafe class : org.frcpm.models.Subsystem
10:24:45.234 [main] DEBUG org.hibernate.boot.model.internal.PropertyBinder - MetadataSourceProcessor property id with lazy=false
10:24:45.234 [main] DEBUG org.hibernate.boot.model.internal.AbstractPropertyHolder - Attempting to locate auto-apply AttributeConverter for property [org.frcpm.models.Subsystem:id]
10:24:45.234 [main] DEBUG org.hibernate.boot.model.internal.BasicValueBinder - building BasicValue for id
10:24:45.234 [main] DEBUG org.hibernate.mapping.BasicValue - Skipping column re-registration: subsystems.id
10:24:45.234 [main] DEBUG org.hibernate.boot.model.internal.PropertyBinder - Building property id
10:24:45.234 [main] DEBUG org.hibernate.boot.model.internal.BinderHelper - #makeIdGenerator(BasicValue([Column(id)]), id, identity, , ...)
10:24:45.234 [main] DEBUG org.hibernate.boot.model.internal.AnnotatedColumn - Binding column: AnnotatedColumn(column='description')
10:24:45.234 [main] DEBUG org.hibernate.boot.model.internal.PropertyBinder - MetadataSourceProcessor property description with lazy=false
10:24:45.234 [main] DEBUG org.hibernate.boot.model.internal.AbstractPropertyHolder - Attempting to locate auto-apply AttributeConverter for property [org.frcpm.models.Subsystem:description]
10:24:45.234 [main] DEBUG org.hibernate.boot.model.internal.BasicValueBinder - building BasicValue for description
10:24:45.234 [main] DEBUG org.hibernate.mapping.BasicValue - Skipping column re-registration: subsystems.description
10:24:45.234 [main] DEBUG org.hibernate.boot.model.internal.PropertyBinder - Building property description
10:24:45.234 [main] DEBUG org.hibernate.boot.model.internal.AnnotatedColumn - Binding column: AnnotatedColumn(column='name')
10:24:45.234 [main] DEBUG org.hibernate.boot.model.internal.PropertyBinder - MetadataSourceProcessor property name with lazy=false
10:24:45.234 [main] DEBUG org.hibernate.boot.model.internal.AbstractPropertyHolder - Attempting to locate auto-apply AttributeConverter for property [org.frcpm.models.Subsystem:name]
10:24:45.234 [main] DEBUG org.hibernate.boot.model.internal.BasicValueBinder - building BasicValue for name
10:24:45.234 [main] DEBUG org.hibernate.mapping.BasicValue - Skipping column re-registration: subsystems.name
10:24:45.234 [main] DEBUG org.hibernate.boot.model.internal.PropertyBinder - Building property name
10:24:45.234 [main] DEBUG org.hibernate.boot.model.internal.AnnotatedColumn - Binding column: AnnotatedJoinColumn(column='responsible_subteam_id')
10:24:45.234 [main] DEBUG org.hibernate.boot.model.internal.AnnotatedColumn - Binding column: AnnotatedColumn()
10:24:45.234 [main] DEBUG org.hibernate.boot.model.internal.PropertyBinder - Building property responsibleSubteam
10:24:45.234 [main] DEBUG org.hibernate.boot.model.internal.AnnotatedColumn - Binding column: AnnotatedColumn(column='status')
10:24:45.234 [main] DEBUG org.hibernate.boot.model.internal.PropertyBinder - MetadataSourceProcessor property status with lazy=false
10:24:45.234 [main] DEBUG org.hibernate.boot.model.internal.AbstractPropertyHolder - Attempting to locate auto-apply AttributeConverter for property [org.frcpm.models.Subsystem:status]
10:24:45.234 [main] DEBUG org.hibernate.boot.model.internal.BasicValueBinder - building BasicValue for status
10:24:45.234 [main] DEBUG org.hibernate.mapping.BasicValue - Skipping column re-registration: subsystems.status
10:24:45.234 [main] DEBUG org.hibernate.boot.model.internal.PropertyBinder - Building property status
10:24:45.234 [main] DEBUG org.hibernate.boot.model.internal.AnnotatedColumn - Binding column: AnnotatedJoinColumn()
10:24:45.234 [main] DEBUG org.hibernate.boot.model.internal.AnnotatedColumn - Binding column: AnnotatedColumn()
10:24:45.234 [main] DEBUG org.hibernate.boot.model.internal.AnnotatedColumn - Binding column: IndexColumn(column='tasks_ORDER')
10:24:45.234 [main] DEBUG org.hibernate.boot.model.internal.AnnotatedColumn - Binding column: AnnotatedColumn()
10:24:45.234 [main] DEBUG org.hibernate.boot.model.internal.AnnotatedColumn - Binding column: AnnotatedColumn(column='tasks_KEY')
10:24:45.234 [main] DEBUG org.hibernate.boot.model.internal.AnnotatedColumn - Binding column: AnnotatedJoinColumn(column='tasks_KEY')
10:24:45.234 [main] DEBUG org.hibernate.boot.model.internal.AnnotatedColumn - Binding column: AnnotatedJoinColumn()
10:24:45.234 [main] DEBUG org.hibernate.boot.model.internal.AnnotatedColumn - Binding column: AnnotatedJoinColumn()
10:24:45.234 [main] DEBUG org.hibernate.boot.model.internal.CollectionBinder - Collection role: org.frcpm.models.Subsystem.tasks
10:24:45.234 [main] DEBUG org.hibernate.boot.model.internal.PropertyBinder - Building property tasks
10:24:45.235 [main] DEBUG org.hibernate.boot.registry.classloading.internal.ClassLoaderServiceImpl - HHH000194: Package not found or no package-info.java: org.frcpm.models
10:24:45.235 [main] DEBUG org.hibernate.boot.model.internal.EntityBinder - Binding entity from annotated class: org.frcpm.models.Component
10:24:45.235 [main] DEBUG org.hibernate.boot.model.internal.EntityBinder - Import with entity name Component
10:24:45.235 [main] DEBUG org.hibernate.boot.model.internal.EntityBinder - Bind entity org.frcpm.models.Component on table components
10:24:45.235 [main] DEBUG org.hibernate.boot.model.internal.AnnotatedColumn - Binding column: AnnotatedDiscriminatorColumn(column='DTYPE')
10:24:45.235 [main] DEBUG org.hibernate.boot.model.internal.AnnotatedColumn - Binding column: AnnotatedColumn()
10:24:45.235 [main] DEBUG org.hibernate.boot.internal.ClassLoaderAccessImpl - Not known whether passed class name [org.frcpm.models.Component] is safe
10:24:45.235 [main] DEBUG org.hibernate.boot.internal.ClassLoaderAccessImpl - No temp ClassLoader provided; using live ClassLoader for loading potentially unsafe class : org.frcpm.models.Component
10:24:45.235 [main] DEBUG org.hibernate.boot.model.internal.PropertyBinder - MetadataSourceProcessor property id with lazy=false
10:24:45.235 [main] DEBUG org.hibernate.boot.model.internal.AbstractPropertyHolder - Attempting to locate auto-apply AttributeConverter for property [org.frcpm.models.Component:id]
10:24:45.235 [main] DEBUG org.hibernate.boot.model.internal.BasicValueBinder - building BasicValue for id
10:24:45.235 [main] DEBUG org.hibernate.mapping.BasicValue - Skipping column re-registration: components.id
10:24:45.235 [main] DEBUG org.hibernate.boot.model.internal.PropertyBinder - Building property id
10:24:45.235 [main] DEBUG org.hibernate.boot.model.internal.BinderHelper - #makeIdGenerator(BasicValue([Column(id)]), id, identity, , ...)
10:24:45.235 [main] DEBUG org.hibernate.boot.model.internal.AnnotatedColumn - Binding column: AnnotatedColumn(column='actual_delivery')
10:24:45.235 [main] DEBUG org.hibernate.boot.model.internal.PropertyBinder - MetadataSourceProcessor property actualDelivery with lazy=false
10:24:45.235 [main] DEBUG org.hibernate.boot.model.internal.AbstractPropertyHolder - Attempting to locate auto-apply AttributeConverter for property [org.frcpm.models.Component:actualDelivery]
10:24:45.235 [main] DEBUG org.hibernate.boot.model.internal.BasicValueBinder - building BasicValue for actualDelivery
10:24:45.235 [main] DEBUG org.hibernate.mapping.BasicValue - Skipping column re-registration: components.actual_delivery
10:24:45.235 [main] DEBUG org.hibernate.boot.model.internal.PropertyBinder - Building property actualDelivery
10:24:45.235 [main] DEBUG org.hibernate.boot.model.internal.AnnotatedColumn - Binding column: AnnotatedColumn(column='is_delivered')
10:24:45.235 [main] DEBUG org.hibernate.boot.model.internal.PropertyBinder - MetadataSourceProcessor property delivered with lazy=false
10:24:45.235 [main] DEBUG org.hibernate.boot.model.internal.AbstractPropertyHolder - Attempting to locate auto-apply AttributeConverter for property [org.frcpm.models.Component:delivered]
10:24:45.235 [main] DEBUG org.hibernate.boot.model.internal.BasicValueBinder - building BasicValue for delivered
10:24:45.235 [main] DEBUG org.hibernate.mapping.BasicValue - Skipping column re-registration: components.is_delivered
10:24:45.235 [main] DEBUG org.hibernate.boot.model.internal.PropertyBinder - Building property delivered
10:24:45.235 [main] DEBUG org.hibernate.boot.model.internal.AnnotatedColumn - Binding column: AnnotatedColumn(column='description')
10:24:45.235 [main] DEBUG org.hibernate.boot.model.internal.PropertyBinder - MetadataSourceProcessor property description with lazy=false
10:24:45.235 [main] DEBUG org.hibernate.boot.model.internal.AbstractPropertyHolder - Attempting to locate auto-apply AttributeConverter for property [org.frcpm.models.Component:description]
10:24:45.235 [main] DEBUG org.hibernate.boot.model.internal.BasicValueBinder - building BasicValue for description
10:24:45.235 [main] DEBUG org.hibernate.mapping.BasicValue - Skipping column re-registration: components.description
10:24:45.235 [main] DEBUG org.hibernate.boot.model.internal.PropertyBinder - Building property description
10:24:45.235 [main] DEBUG org.hibernate.boot.model.internal.AnnotatedColumn - Binding column: AnnotatedColumn(column='expected_delivery')
10:24:45.235 [main] DEBUG org.hibernate.boot.model.internal.PropertyBinder - MetadataSourceProcessor property expectedDelivery with lazy=false
10:24:45.235 [main] DEBUG org.hibernate.boot.model.internal.AbstractPropertyHolder - Attempting to locate auto-apply AttributeConverter for property [org.frcpm.models.Component:expectedDelivery]
10:24:45.235 [main] DEBUG org.hibernate.boot.model.internal.BasicValueBinder - building BasicValue for expectedDelivery
10:24:45.235 [main] DEBUG org.hibernate.mapping.BasicValue - Skipping column re-registration: components.expected_delivery
10:24:45.235 [main] DEBUG org.hibernate.boot.model.internal.PropertyBinder - Building property expectedDelivery
10:24:45.235 [main] DEBUG org.hibernate.boot.model.internal.AnnotatedColumn - Binding column: AnnotatedColumn(column='name')
10:24:45.235 [main] DEBUG org.hibernate.boot.model.internal.PropertyBinder - MetadataSourceProcessor property name with lazy=false
10:24:45.235 [main] DEBUG org.hibernate.boot.model.internal.AbstractPropertyHolder - Attempting to locate auto-apply AttributeConverter for property [org.frcpm.models.Component:name]
10:24:45.235 [main] DEBUG org.hibernate.boot.model.internal.BasicValueBinder - building BasicValue for name
10:24:45.235 [main] DEBUG org.hibernate.mapping.BasicValue - Skipping column re-registration: components.name
10:24:45.235 [main] DEBUG org.hibernate.boot.model.internal.PropertyBinder - Building property name
10:24:45.235 [main] DEBUG org.hibernate.boot.model.internal.AnnotatedColumn - Binding column: AnnotatedColumn(column='part_number')
10:24:45.235 [main] DEBUG org.hibernate.boot.model.internal.PropertyBinder - MetadataSourceProcessor property partNumber with lazy=false
10:24:45.235 [main] DEBUG org.hibernate.boot.model.internal.AbstractPropertyHolder - Attempting to locate auto-apply AttributeConverter for property [org.frcpm.models.Component:partNumber]
10:24:45.235 [main] DEBUG org.hibernate.boot.model.internal.BasicValueBinder - building BasicValue for partNumber
10:24:45.235 [main] DEBUG org.hibernate.mapping.BasicValue - Skipping column re-registration: components.part_number
10:24:45.235 [main] DEBUG org.hibernate.boot.model.internal.PropertyBinder - Building property partNumber
10:24:45.235 [main] DEBUG org.hibernate.boot.model.internal.AnnotatedColumn - Binding column: IndexColumn(column='requiredForTasks_ORDER')
10:24:45.235 [main] DEBUG org.hibernate.boot.model.internal.AnnotatedColumn - Binding column: AnnotatedColumn()
10:24:45.235 [main] DEBUG org.hibernate.boot.model.internal.AnnotatedColumn - Binding column: AnnotatedColumn(column='requiredForTasks_KEY')
10:24:45.235 [main] DEBUG org.hibernate.boot.model.internal.AnnotatedColumn - Binding column: AnnotatedJoinColumn(column='requiredForTasks_KEY')
10:24:45.235 [main] DEBUG org.hibernate.boot.model.internal.AnnotatedColumn - Binding column: AnnotatedJoinColumn()
10:24:45.235 [main] DEBUG org.hibernate.boot.model.internal.AnnotatedColumn - Binding column: AnnotatedJoinColumn()
10:24:45.235 [main] DEBUG org.hibernate.boot.model.internal.CollectionBinder - Collection role: org.frcpm.models.Component.requiredForTasks
10:24:45.235 [main] DEBUG org.hibernate.boot.model.internal.PropertyBinder - Building property requiredForTasks
10:24:45.236 [main] DEBUG org.hibernate.boot.registry.classloading.internal.ClassLoaderServiceImpl - HHH000194: Package not found or no package-info.java: org.frcpm.models
10:24:45.236 [main] DEBUG org.hibernate.boot.model.internal.EntityBinder - Binding entity from annotated class: org.frcpm.models.Milestone
10:24:45.236 [main] DEBUG org.hibernate.boot.model.internal.EntityBinder - Import with entity name Milestone
10:24:45.236 [main] DEBUG org.hibernate.boot.model.internal.EntityBinder - Bind entity org.frcpm.models.Milestone on table milestones
10:24:45.236 [main] DEBUG org.hibernate.boot.model.internal.AnnotatedColumn - Binding column: AnnotatedDiscriminatorColumn(column='DTYPE')
10:24:45.236 [main] DEBUG org.hibernate.boot.model.internal.AnnotatedColumn - Binding column: AnnotatedColumn()
10:24:45.236 [main] DEBUG org.hibernate.boot.internal.ClassLoaderAccessImpl - Not known whether passed class name [org.frcpm.models.Milestone] is safe
10:24:45.236 [main] DEBUG org.hibernate.boot.internal.ClassLoaderAccessImpl - No temp ClassLoader provided; using live ClassLoader for loading potentially unsafe class : org.frcpm.models.Milestone
10:24:45.236 [main] DEBUG org.hibernate.boot.model.internal.PropertyBinder - MetadataSourceProcessor property id with lazy=false
10:24:45.236 [main] DEBUG org.hibernate.boot.model.internal.AbstractPropertyHolder - Attempting to locate auto-apply AttributeConverter for property [org.frcpm.models.Milestone:id]
10:24:45.236 [main] DEBUG org.hibernate.boot.model.internal.BasicValueBinder - building BasicValue for id
10:24:45.236 [main] DEBUG org.hibernate.mapping.BasicValue - Skipping column re-registration: milestones.id
10:24:45.236 [main] DEBUG org.hibernate.boot.model.internal.PropertyBinder - Building property id
10:24:45.237 [main] DEBUG org.hibernate.boot.model.internal.BinderHelper - #makeIdGenerator(BasicValue([Column(id)]), id, identity, , ...)
10:24:45.237 [main] DEBUG org.hibernate.boot.model.internal.AnnotatedColumn - Binding column: AnnotatedColumn(column='date')
10:24:45.237 [main] DEBUG org.hibernate.boot.model.internal.PropertyBinder - MetadataSourceProcessor property date with lazy=false
10:24:45.237 [main] DEBUG org.hibernate.boot.model.internal.AbstractPropertyHolder - Attempting to locate auto-apply AttributeConverter for property [org.frcpm.models.Milestone:date]
10:24:45.237 [main] DEBUG org.hibernate.boot.model.internal.BasicValueBinder - building BasicValue for date
10:24:45.237 [main] DEBUG org.hibernate.mapping.BasicValue - Skipping column re-registration: milestones.date
10:24:45.237 [main] DEBUG org.hibernate.boot.model.internal.PropertyBinder - Building property date
10:24:45.237 [main] DEBUG org.hibernate.boot.model.internal.AnnotatedColumn - Binding column: AnnotatedColumn(column='description')
10:24:45.237 [main] DEBUG org.hibernate.boot.model.internal.PropertyBinder - MetadataSourceProcessor property description with lazy=false
10:24:45.237 [main] DEBUG org.hibernate.boot.model.internal.AbstractPropertyHolder - Attempting to locate auto-apply AttributeConverter for property [org.frcpm.models.Milestone:description]
10:24:45.237 [main] DEBUG org.hibernate.boot.model.internal.BasicValueBinder - building BasicValue for description
10:24:45.237 [main] DEBUG org.hibernate.mapping.BasicValue - Skipping column re-registration: milestones.description
10:24:45.237 [main] DEBUG org.hibernate.boot.model.internal.PropertyBinder - Building property description
10:24:45.237 [main] DEBUG org.hibernate.boot.model.internal.AnnotatedColumn - Binding column: AnnotatedColumn(column='name')
10:24:45.237 [main] DEBUG org.hibernate.boot.model.internal.PropertyBinder - MetadataSourceProcessor property name with lazy=false
10:24:45.237 [main] DEBUG org.hibernate.boot.model.internal.AbstractPropertyHolder - Attempting to locate auto-apply AttributeConverter for property [org.frcpm.models.Milestone:name]
10:24:45.237 [main] DEBUG org.hibernate.boot.model.internal.BasicValueBinder - building BasicValue for name
10:24:45.237 [main] DEBUG org.hibernate.mapping.BasicValue - Skipping column re-registration: milestones.name
10:24:45.237 [main] DEBUG org.hibernate.boot.model.internal.PropertyBinder - Building property name
10:24:45.237 [main] DEBUG org.hibernate.boot.model.internal.AnnotatedColumn - Binding column: AnnotatedJoinColumn(column='project_id')
10:24:45.237 [main] DEBUG org.hibernate.boot.model.internal.AnnotatedColumn - Binding column: AnnotatedColumn()
10:24:45.237 [main] DEBUG org.hibernate.boot.model.internal.PropertyBinder - Building property project
10:24:45.238 [main] DEBUG org.hibernate.boot.registry.classloading.internal.ClassLoaderServiceImpl - HHH000194: Package not found or no package-info.java: org.frcpm.models
10:24:45.239 [main] DEBUG org.hibernate.boot.model.internal.EntityBinder - Binding entity from annotated class: org.frcpm.models.Project
10:24:45.239 [main] DEBUG org.hibernate.boot.model.internal.EntityBinder - Import with entity name Project
10:24:45.239 [main] DEBUG org.hibernate.boot.model.internal.EntityBinder - Bind entity org.frcpm.models.Project on table projects
10:24:45.239 [main] DEBUG org.hibernate.boot.model.internal.AnnotatedColumn - Binding column: AnnotatedDiscriminatorColumn(column='DTYPE')
10:24:45.239 [main] DEBUG org.hibernate.boot.model.internal.AnnotatedColumn - Binding column: AnnotatedColumn()
10:24:45.239 [main] DEBUG org.hibernate.boot.internal.ClassLoaderAccessImpl - Not known whether passed class name [org.frcpm.models.Project] is safe
10:24:45.239 [main] DEBUG org.hibernate.boot.internal.ClassLoaderAccessImpl - No temp ClassLoader provided; using live ClassLoader for loading potentially unsafe class : org.frcpm.models.Project
10:24:45.239 [main] DEBUG org.hibernate.boot.model.internal.PropertyBinder - MetadataSourceProcessor property id with lazy=false
10:24:45.239 [main] DEBUG org.hibernate.boot.model.internal.AbstractPropertyHolder - Attempting to locate auto-apply AttributeConverter for property [org.frcpm.models.Project:id]
10:24:45.239 [main] DEBUG org.hibernate.boot.model.internal.BasicValueBinder - building BasicValue for id
10:24:45.239 [main] DEBUG org.hibernate.mapping.BasicValue - Skipping column re-registration: projects.id
10:24:45.239 [main] DEBUG org.hibernate.boot.model.internal.PropertyBinder - Building property id
10:24:45.239 [main] DEBUG org.hibernate.boot.model.internal.BinderHelper - #makeIdGenerator(BasicValue([Column(id)]), id, identity, , ...)
10:24:45.239 [main] DEBUG org.hibernate.boot.model.internal.AnnotatedColumn - Binding column: AnnotatedColumn(column='description')
10:24:45.239 [main] DEBUG org.hibernate.boot.model.internal.PropertyBinder - MetadataSourceProcessor property description with lazy=false
10:24:45.239 [main] DEBUG org.hibernate.boot.model.internal.AbstractPropertyHolder - Attempting to locate auto-apply AttributeConverter for property [org.frcpm.models.Project:description]
10:24:45.239 [main] DEBUG org.hibernate.boot.model.internal.BasicValueBinder - building BasicValue for description
10:24:45.239 [main] DEBUG org.hibernate.mapping.BasicValue - Skipping column re-registration: projects.description
10:24:45.239 [main] DEBUG org.hibernate.boot.model.internal.PropertyBinder - Building property description
10:24:45.240 [main] DEBUG org.hibernate.boot.model.internal.AnnotatedColumn - Binding column: AnnotatedColumn(column='goal_end_date')
10:24:45.240 [main] DEBUG org.hibernate.boot.model.internal.PropertyBinder - MetadataSourceProcessor property goalEndDate with lazy=false
10:24:45.240 [main] DEBUG org.hibernate.boot.model.internal.AbstractPropertyHolder - Attempting to locate auto-apply AttributeConverter for property [org.frcpm.models.Project:goalEndDate]
10:24:45.240 [main] DEBUG org.hibernate.boot.model.internal.BasicValueBinder - building BasicValue for goalEndDate
10:24:45.240 [main] DEBUG org.hibernate.mapping.BasicValue - Skipping column re-registration: projects.goal_end_date
10:24:45.240 [main] DEBUG org.hibernate.boot.model.internal.PropertyBinder - Building property goalEndDate
10:24:45.240 [main] DEBUG org.hibernate.boot.model.internal.AnnotatedColumn - Binding column: AnnotatedColumn(column='hard_deadline')
10:24:45.240 [main] DEBUG org.hibernate.boot.model.internal.PropertyBinder - MetadataSourceProcessor property hardDeadline with lazy=false
10:24:45.240 [main] DEBUG org.hibernate.boot.model.internal.AbstractPropertyHolder - Attempting to locate auto-apply AttributeConverter for property [org.frcpm.models.Project:hardDeadline]
10:24:45.240 [main] DEBUG org.hibernate.boot.model.internal.BasicValueBinder - building BasicValue for hardDeadline
10:24:45.240 [main] DEBUG org.hibernate.mapping.BasicValue - Skipping column re-registration: projects.hard_deadline
10:24:45.240 [main] DEBUG org.hibernate.boot.model.internal.PropertyBinder - Building property hardDeadline
10:24:45.240 [main] DEBUG org.hibernate.boot.model.internal.AnnotatedColumn - Binding column: AnnotatedJoinColumn()
10:24:45.240 [main] DEBUG org.hibernate.boot.model.internal.AnnotatedColumn - Binding column: AnnotatedColumn()
10:24:45.240 [main] DEBUG org.hibernate.boot.model.internal.AnnotatedColumn - Binding column: IndexColumn(column='meetings_ORDER')
10:24:45.240 [main] DEBUG org.hibernate.boot.model.internal.AnnotatedColumn - Binding column: AnnotatedColumn()
10:24:45.240 [main] DEBUG org.hibernate.boot.model.internal.AnnotatedColumn - Binding column: AnnotatedColumn(column='meetings_KEY')
10:24:45.240 [main] DEBUG org.hibernate.boot.model.internal.AnnotatedColumn - Binding column: AnnotatedJoinColumn(column='meetings_KEY')
10:24:45.240 [main] DEBUG org.hibernate.boot.model.internal.AnnotatedColumn - Binding column: AnnotatedJoinColumn()
10:24:45.240 [main] DEBUG org.hibernate.boot.model.internal.AnnotatedColumn - Binding column: AnnotatedJoinColumn()
10:24:45.240 [main] DEBUG org.hibernate.boot.model.internal.CollectionBinder - Collection role: org.frcpm.models.Project.meetings
10:24:45.240 [main] DEBUG org.hibernate.boot.model.internal.PropertyBinder - Building property meetings
10:24:45.240 [main] DEBUG org.hibernate.boot.model.internal.AnnotatedColumn - Binding column: AnnotatedJoinColumn()
10:24:45.240 [main] DEBUG org.hibernate.boot.model.internal.AnnotatedColumn - Binding column: AnnotatedColumn()
10:24:45.240 [main] DEBUG org.hibernate.boot.model.internal.AnnotatedColumn - Binding column: IndexColumn(column='milestones_ORDER')
10:24:45.240 [main] DEBUG org.hibernate.boot.model.internal.AnnotatedColumn - Binding column: AnnotatedColumn()
10:24:45.240 [main] DEBUG org.hibernate.boot.model.internal.AnnotatedColumn - Binding column: AnnotatedColumn(column='milestones_KEY')
10:24:45.240 [main] DEBUG org.hibernate.boot.model.internal.AnnotatedColumn - Binding column: AnnotatedJoinColumn(column='milestones_KEY')
10:24:45.240 [main] DEBUG org.hibernate.boot.model.internal.AnnotatedColumn - Binding column: AnnotatedJoinColumn()
10:24:45.240 [main] DEBUG org.hibernate.boot.model.internal.AnnotatedColumn - Binding column: AnnotatedJoinColumn()
10:24:45.240 [main] DEBUG org.hibernate.boot.model.internal.CollectionBinder - Collection role: org.frcpm.models.Project.milestones
10:24:45.240 [main] DEBUG org.hibernate.boot.model.internal.PropertyBinder - Building property milestones
10:24:45.240 [main] DEBUG org.hibernate.boot.model.internal.AnnotatedColumn - Binding column: AnnotatedColumn(column='name')
10:24:45.240 [main] DEBUG org.hibernate.boot.model.internal.PropertyBinder - MetadataSourceProcessor property name with lazy=false
10:24:45.240 [main] DEBUG org.hibernate.boot.model.internal.AbstractPropertyHolder - Attempting to locate auto-apply AttributeConverter for property [org.frcpm.models.Project:name]
10:24:45.240 [main] DEBUG org.hibernate.boot.model.internal.BasicValueBinder - building BasicValue for name
10:24:45.240 [main] DEBUG org.hibernate.mapping.BasicValue - Skipping column re-registration: projects.name
10:24:45.240 [main] DEBUG org.hibernate.boot.model.internal.PropertyBinder - Building property name
10:24:45.240 [main] DEBUG org.hibernate.boot.model.internal.AnnotatedColumn - Binding column: AnnotatedColumn(column='start_date')
10:24:45.240 [main] DEBUG org.hibernate.boot.model.internal.PropertyBinder - MetadataSourceProcessor property startDate with lazy=false
10:24:45.240 [main] DEBUG org.hibernate.boot.model.internal.AbstractPropertyHolder - Attempting to locate auto-apply AttributeConverter for property [org.frcpm.models.Project:startDate]
10:24:45.240 [main] DEBUG org.hibernate.boot.model.internal.BasicValueBinder - building BasicValue for startDate
10:24:45.240 [main] DEBUG org.hibernate.mapping.BasicValue - Skipping column re-registration: projects.start_date
10:24:45.240 [main] DEBUG org.hibernate.boot.model.internal.PropertyBinder - Building property startDate
10:24:45.240 [main] DEBUG org.hibernate.boot.model.internal.AnnotatedColumn - Binding column: AnnotatedJoinColumn()
10:24:45.240 [main] DEBUG org.hibernate.boot.model.internal.AnnotatedColumn - Binding column: AnnotatedColumn()
10:24:45.240 [main] DEBUG org.hibernate.boot.model.internal.AnnotatedColumn - Binding column: IndexColumn(column='tasks_ORDER')
10:24:45.240 [main] DEBUG org.hibernate.boot.model.internal.AnnotatedColumn - Binding column: AnnotatedColumn()
10:24:45.240 [main] DEBUG org.hibernate.boot.model.internal.AnnotatedColumn - Binding column: AnnotatedColumn(column='tasks_KEY')
10:24:45.240 [main] DEBUG org.hibernate.boot.model.internal.AnnotatedColumn - Binding column: AnnotatedJoinColumn(column='tasks_KEY')
10:24:45.240 [main] DEBUG org.hibernate.boot.model.internal.AnnotatedColumn - Binding column: AnnotatedJoinColumn()
10:24:45.240 [main] DEBUG org.hibernate.boot.model.internal.AnnotatedColumn - Binding column: AnnotatedJoinColumn()
10:24:45.240 [main] DEBUG org.hibernate.boot.model.internal.CollectionBinder - Collection role: org.frcpm.models.Project.tasks
10:24:45.240 [main] DEBUG org.hibernate.boot.model.internal.PropertyBinder - Building property tasks
10:24:45.240 [main] DEBUG org.hibernate.boot.registry.classloading.internal.ClassLoaderServiceImpl - HHH000194: Package not found or no package-info.java: org.frcpm.models
10:24:45.240 [main] DEBUG org.hibernate.boot.model.internal.EntityBinder - Binding entity from annotated class: org.frcpm.models.Subteam
10:24:45.241 [main] DEBUG org.hibernate.boot.model.internal.EntityBinder - Import with entity name Subteam
10:24:45.241 [main] DEBUG org.hibernate.boot.model.internal.EntityBinder - Bind entity org.frcpm.models.Subteam on table subteams
10:24:45.241 [main] DEBUG org.hibernate.boot.model.internal.AnnotatedColumn - Binding column: AnnotatedDiscriminatorColumn(column='DTYPE')
10:24:45.241 [main] DEBUG org.hibernate.boot.model.internal.AnnotatedColumn - Binding column: AnnotatedColumn()
10:24:45.241 [main] DEBUG org.hibernate.boot.internal.ClassLoaderAccessImpl - Not known whether passed class name [org.frcpm.models.Subteam] is safe
10:24:45.241 [main] DEBUG org.hibernate.boot.internal.ClassLoaderAccessImpl - No temp ClassLoader provided; using live ClassLoader for loading potentially unsafe class : org.frcpm.models.Subteam
10:24:45.241 [main] DEBUG org.hibernate.boot.model.internal.PropertyBinder - MetadataSourceProcessor property id with lazy=false
10:24:45.241 [main] DEBUG org.hibernate.boot.model.internal.AbstractPropertyHolder - Attempting to locate auto-apply AttributeConverter for property [org.frcpm.models.Subteam:id]
10:24:45.241 [main] DEBUG org.hibernate.boot.model.internal.BasicValueBinder - building BasicValue for id
10:24:45.241 [main] DEBUG org.hibernate.mapping.BasicValue - Skipping column re-registration: subteams.id
10:24:45.241 [main] DEBUG org.hibernate.boot.model.internal.PropertyBinder - Building property id
10:24:45.241 [main] DEBUG org.hibernate.boot.model.internal.BinderHelper - #makeIdGenerator(BasicValue([Column(id)]), id, identity, , ...)
10:24:45.241 [main] DEBUG org.hibernate.boot.model.internal.AnnotatedColumn - Binding column: AnnotatedColumn(column='color_code')
10:24:45.241 [main] DEBUG org.hibernate.boot.model.internal.PropertyBinder - MetadataSourceProcessor property colorCode with lazy=false
10:24:45.241 [main] DEBUG org.hibernate.boot.model.internal.AbstractPropertyHolder - Attempting to locate auto-apply AttributeConverter for property [org.frcpm.models.Subteam:colorCode]
10:24:45.241 [main] DEBUG org.hibernate.boot.model.internal.BasicValueBinder - building BasicValue for colorCode
10:24:45.241 [main] DEBUG org.hibernate.mapping.BasicValue - Skipping column re-registration: subteams.color_code
10:24:45.241 [main] DEBUG org.hibernate.boot.model.internal.PropertyBinder - Building property colorCode
10:24:45.241 [main] DEBUG org.hibernate.boot.model.internal.AnnotatedColumn - Binding column: AnnotatedJoinColumn()
10:24:45.241 [main] DEBUG org.hibernate.boot.model.internal.AnnotatedColumn - Binding column: AnnotatedColumn()
10:24:45.241 [main] DEBUG org.hibernate.boot.model.internal.AnnotatedColumn - Binding column: IndexColumn(column='members_ORDER')
10:24:45.241 [main] DEBUG org.hibernate.boot.model.internal.AnnotatedColumn - Binding column: AnnotatedColumn()
10:24:45.241 [main] DEBUG org.hibernate.boot.model.internal.AnnotatedColumn - Binding column: AnnotatedColumn(column='members_KEY')
10:24:45.241 [main] DEBUG org.hibernate.boot.model.internal.AnnotatedColumn - Binding column: AnnotatedJoinColumn(column='members_KEY')
10:24:45.241 [main] DEBUG org.hibernate.boot.model.internal.AnnotatedColumn - Binding column: AnnotatedJoinColumn()
10:24:45.241 [main] DEBUG org.hibernate.boot.model.internal.AnnotatedColumn - Binding column: AnnotatedJoinColumn()
10:24:45.241 [main] DEBUG org.hibernate.boot.model.internal.CollectionBinder - Collection role: org.frcpm.models.Subteam.members
10:24:45.241 [main] DEBUG org.hibernate.boot.model.internal.PropertyBinder - Building property members
10:24:45.241 [main] DEBUG org.hibernate.boot.model.internal.AnnotatedColumn - Binding column: AnnotatedColumn(column='name')
10:24:45.241 [main] DEBUG org.hibernate.boot.model.internal.PropertyBinder - MetadataSourceProcessor property name with lazy=false
10:24:45.241 [main] DEBUG org.hibernate.boot.model.internal.AbstractPropertyHolder - Attempting to locate auto-apply AttributeConverter for property [org.frcpm.models.Subteam:name]
10:24:45.241 [main] DEBUG org.hibernate.boot.model.internal.BasicValueBinder - building BasicValue for name
10:24:45.241 [main] DEBUG org.hibernate.mapping.BasicValue - Skipping column re-registration: subteams.name
10:24:45.241 [main] DEBUG org.hibernate.boot.model.internal.PropertyBinder - Building property name
10:24:45.241 [main] DEBUG org.hibernate.boot.model.internal.AnnotatedColumn - Binding column: AnnotatedColumn(column='specialties')
10:24:45.241 [main] DEBUG org.hibernate.boot.model.internal.PropertyBinder - MetadataSourceProcessor property specialties with lazy=false
10:24:45.241 [main] DEBUG org.hibernate.boot.model.internal.AbstractPropertyHolder - Attempting to locate auto-apply AttributeConverter for property [org.frcpm.models.Subteam:specialties]
10:24:45.241 [main] DEBUG org.hibernate.boot.model.internal.BasicValueBinder - building BasicValue for specialties
10:24:45.241 [main] DEBUG org.hibernate.mapping.BasicValue - Skipping column re-registration: subteams.specialties
10:24:45.241 [main] DEBUG org.hibernate.boot.model.internal.PropertyBinder - Building property specialties
10:24:45.241 [main] DEBUG org.hibernate.boot.model.internal.AnnotatedColumn - Binding column: AnnotatedJoinColumn()
10:24:45.241 [main] DEBUG org.hibernate.boot.model.internal.AnnotatedColumn - Binding column: AnnotatedColumn()
10:24:45.241 [main] DEBUG org.hibernate.boot.model.internal.AnnotatedColumn - Binding column: IndexColumn(column='subsystems_ORDER')
10:24:45.241 [main] DEBUG org.hibernate.boot.model.internal.AnnotatedColumn - Binding column: AnnotatedColumn()
10:24:45.241 [main] DEBUG org.hibernate.boot.model.internal.AnnotatedColumn - Binding column: AnnotatedColumn(column='subsystems_KEY')
10:24:45.241 [main] DEBUG org.hibernate.boot.model.internal.AnnotatedColumn - Binding column: AnnotatedJoinColumn(column='subsystems_KEY')
10:24:45.241 [main] DEBUG org.hibernate.boot.model.internal.AnnotatedColumn - Binding column: AnnotatedJoinColumn()
10:24:45.241 [main] DEBUG org.hibernate.boot.model.internal.AnnotatedColumn - Binding column: AnnotatedJoinColumn()
10:24:45.241 [main] DEBUG org.hibernate.boot.model.internal.CollectionBinder - Collection role: org.frcpm.models.Subteam.subsystems
10:24:45.241 [main] DEBUG org.hibernate.boot.model.internal.PropertyBinder - Building property subsystems
10:24:45.242 [main] DEBUG org.hibernate.boot.registry.classloading.internal.ClassLoaderServiceImpl - HHH000194: Package not found or no package-info.java: org.frcpm.models
10:24:45.242 [main] DEBUG org.hibernate.boot.model.internal.EntityBinder - Binding entity from annotated class: org.frcpm.models.Task
10:24:45.242 [main] DEBUG org.hibernate.boot.model.internal.EntityBinder - Import with entity name Task
10:24:45.242 [main] DEBUG org.hibernate.boot.model.internal.EntityBinder - Bind entity org.frcpm.models.Task on table tasks
10:24:45.242 [main] DEBUG org.hibernate.boot.model.internal.AnnotatedColumn - Binding column: AnnotatedDiscriminatorColumn(column='DTYPE')
10:24:45.242 [main] DEBUG org.hibernate.boot.model.internal.AnnotatedColumn - Binding column: AnnotatedColumn()
10:24:45.242 [main] DEBUG org.hibernate.boot.internal.ClassLoaderAccessImpl - Not known whether passed class name [org.frcpm.models.Task] is safe
10:24:45.242 [main] DEBUG org.hibernate.boot.internal.ClassLoaderAccessImpl - No temp ClassLoader provided; using live ClassLoader for loading potentially unsafe class : org.frcpm.models.Task
10:24:45.242 [main] DEBUG org.hibernate.boot.model.internal.PropertyBinder - MetadataSourceProcessor property id with lazy=false
10:24:45.242 [main] DEBUG org.hibernate.boot.model.internal.AbstractPropertyHolder - Attempting to locate auto-apply AttributeConverter for property [org.frcpm.models.Task:id]
10:24:45.242 [main] DEBUG org.hibernate.boot.model.internal.BasicValueBinder - building BasicValue for id
10:24:45.242 [main] DEBUG org.hibernate.mapping.BasicValue - Skipping column re-registration: tasks.id
10:24:45.242 [main] DEBUG org.hibernate.boot.model.internal.PropertyBinder - Building property id
10:24:45.242 [main] DEBUG org.hibernate.boot.model.internal.BinderHelper - #makeIdGenerator(BasicValue([Column(id)]), id, identity, , ...)
10:24:45.242 [main] DEBUG org.hibernate.boot.model.internal.AnnotatedColumn - Binding column: AnnotatedColumn(column='actual_duration_seconds')
10:24:45.242 [main] DEBUG org.hibernate.boot.model.internal.PropertyBinder - MetadataSourceProcessor property actualDurationSeconds with lazy=false
10:24:45.242 [main] DEBUG org.hibernate.boot.model.internal.AbstractPropertyHolder - Attempting to locate auto-apply AttributeConverter for property [org.frcpm.models.Task:actualDurationSeconds]
10:24:45.242 [main] DEBUG org.hibernate.boot.model.internal.BasicValueBinder - building BasicValue for actualDurationSeconds
10:24:45.242 [main] DEBUG org.hibernate.mapping.BasicValue - Skipping column re-registration: tasks.actual_duration_seconds
10:24:45.242 [main] DEBUG org.hibernate.boot.model.internal.PropertyBinder - Building property actualDurationSeconds
10:24:45.242 [main] DEBUG org.hibernate.boot.model.internal.AnnotatedColumn - Binding column: IndexColumn(column='assignedTo_ORDER')
10:24:45.242 [main] DEBUG org.hibernate.boot.model.internal.AnnotatedColumn - Binding column: AnnotatedColumn()
10:24:45.242 [main] DEBUG org.hibernate.boot.model.internal.AnnotatedColumn - Binding column: AnnotatedColumn(column='assignedTo_KEY')
10:24:45.242 [main] DEBUG org.hibernate.boot.model.internal.AnnotatedColumn - Binding column: AnnotatedJoinColumn(column='assignedTo_KEY')
10:24:45.242 [main] DEBUG org.hibernate.boot.model.internal.AnnotatedColumn - Binding column: AnnotatedJoinColumn(column='task_id')
10:24:45.242 [main] DEBUG org.hibernate.boot.model.internal.AnnotatedColumn - Binding column: AnnotatedJoinColumn(column='team_member_id')
10:24:45.242 [main] DEBUG org.hibernate.boot.model.internal.CollectionBinder - Collection role: org.frcpm.models.Task.assignedTo
10:24:45.242 [main] DEBUG org.hibernate.boot.model.internal.PropertyBinder - Building property assignedTo
10:24:45.243 [main] DEBUG org.hibernate.boot.model.internal.AnnotatedColumn - Binding column: AnnotatedColumn(column='completed')
10:24:45.243 [main] DEBUG org.hibernate.boot.model.internal.PropertyBinder - MetadataSourceProcessor property completed with lazy=false
10:24:45.243 [main] DEBUG org.hibernate.boot.model.internal.AbstractPropertyHolder - Attempting to locate auto-apply AttributeConverter for property [org.frcpm.models.Task:completed]
10:24:45.243 [main] DEBUG org.hibernate.boot.model.internal.BasicValueBinder - building BasicValue for completed
10:24:45.243 [main] DEBUG org.hibernate.mapping.BasicValue - Skipping column re-registration: tasks.completed
10:24:45.243 [main] DEBUG org.hibernate.boot.model.internal.PropertyBinder - Building property completed
10:24:45.243 [main] DEBUG org.hibernate.boot.model.internal.AnnotatedColumn - Binding column: AnnotatedColumn(column='description')
10:24:45.243 [main] DEBUG org.hibernate.boot.model.internal.PropertyBinder - MetadataSourceProcessor property description with lazy=false
10:24:45.243 [main] DEBUG org.hibernate.boot.model.internal.AbstractPropertyHolder - Attempting to locate auto-apply AttributeConverter for property [org.frcpm.models.Task:description]
10:24:45.243 [main] DEBUG org.hibernate.boot.model.internal.BasicValueBinder - building BasicValue for description
10:24:45.243 [main] DEBUG org.hibernate.mapping.BasicValue - Skipping column re-registration: tasks.description
10:24:45.243 [main] DEBUG org.hibernate.boot.model.internal.PropertyBinder - Building property description
10:24:45.243 [main] DEBUG org.hibernate.boot.model.internal.AnnotatedColumn - Binding column: AnnotatedColumn(column='end_date')
10:24:45.243 [main] DEBUG org.hibernate.boot.model.internal.PropertyBinder - MetadataSourceProcessor property endDate with lazy=false
10:24:45.243 [main] DEBUG org.hibernate.boot.model.internal.AbstractPropertyHolder - Attempting to locate auto-apply AttributeConverter for property [org.frcpm.models.Task:endDate]
10:24:45.243 [main] DEBUG org.hibernate.boot.model.internal.BasicValueBinder - building BasicValue for endDate
10:24:45.243 [main] DEBUG org.hibernate.mapping.BasicValue - Skipping column re-registration: tasks.end_date
10:24:45.243 [main] DEBUG org.hibernate.boot.model.internal.PropertyBinder - Building property endDate
10:24:45.243 [main] DEBUG org.hibernate.boot.model.internal.AnnotatedColumn - Binding column: AnnotatedColumn(column='estimated_duration_seconds')
10:24:45.243 [main] DEBUG org.hibernate.boot.model.internal.PropertyBinder - MetadataSourceProcessor property estimatedDurationSeconds with lazy=false
10:24:45.243 [main] DEBUG org.hibernate.boot.model.internal.AbstractPropertyHolder - Attempting to locate auto-apply AttributeConverter for property [org.frcpm.models.Task:estimatedDurationSeconds]
10:24:45.243 [main] DEBUG org.hibernate.boot.model.internal.BasicValueBinder - building BasicValue for estimatedDurationSeconds
10:24:45.243 [main] DEBUG org.hibernate.mapping.BasicValue - Skipping column re-registration: tasks.estimated_duration_seconds
10:24:45.243 [main] DEBUG org.hibernate.boot.model.internal.PropertyBinder - Building property estimatedDurationSeconds
10:24:45.243 [main] DEBUG org.hibernate.boot.model.internal.AnnotatedColumn - Binding column: IndexColumn(column='postDependencies_ORDER')
10:24:45.243 [main] DEBUG org.hibernate.boot.model.internal.AnnotatedColumn - Binding column: AnnotatedColumn()
10:24:45.243 [main] DEBUG org.hibernate.boot.model.internal.AnnotatedColumn - Binding column: AnnotatedColumn(column='postDependencies_KEY')
10:24:45.243 [main] DEBUG org.hibernate.boot.model.internal.AnnotatedColumn - Binding column: AnnotatedJoinColumn(column='postDependencies_KEY')
10:24:45.243 [main] DEBUG org.hibernate.boot.model.internal.AnnotatedColumn - Binding column: AnnotatedJoinColumn()
10:24:45.243 [main] DEBUG org.hibernate.boot.model.internal.AnnotatedColumn - Binding column: AnnotatedJoinColumn()
10:24:45.243 [main] DEBUG org.hibernate.boot.model.internal.CollectionBinder - Collection role: org.frcpm.models.Task.postDependencies
10:24:45.243 [main] DEBUG org.hibernate.boot.model.internal.PropertyBinder - Building property postDependencies
10:24:45.243 [main] DEBUG org.hibernate.boot.model.internal.AnnotatedColumn - Binding column: IndexColumn(column='preDependencies_ORDER')
10:24:45.243 [main] DEBUG org.hibernate.boot.model.internal.AnnotatedColumn - Binding column: AnnotatedColumn()
10:24:45.243 [main] DEBUG org.hibernate.boot.model.internal.AnnotatedColumn - Binding column: AnnotatedColumn(column='preDependencies_KEY')
10:24:45.243 [main] DEBUG org.hibernate.boot.model.internal.AnnotatedColumn - Binding column: AnnotatedJoinColumn(column='preDependencies_KEY')
10:24:45.243 [main] DEBUG org.hibernate.boot.model.internal.AnnotatedColumn - Binding column: AnnotatedJoinColumn(column='task_id')
10:24:45.243 [main] DEBUG org.hibernate.boot.model.internal.AnnotatedColumn - Binding column: AnnotatedJoinColumn(column='dependency_id')
10:24:45.243 [main] DEBUG org.hibernate.boot.model.internal.CollectionBinder - Collection role: org.frcpm.models.Task.preDependencies
10:24:45.243 [main] DEBUG org.hibernate.boot.model.internal.PropertyBinder - Building property preDependencies
10:24:45.243 [main] DEBUG org.hibernate.boot.model.internal.AnnotatedColumn - Binding column: AnnotatedColumn(column='priority')
10:24:45.243 [main] DEBUG org.hibernate.boot.model.internal.PropertyBinder - MetadataSourceProcessor property priority with lazy=false
10:24:45.243 [main] DEBUG org.hibernate.boot.model.internal.AbstractPropertyHolder - Attempting to locate auto-apply AttributeConverter for property [org.frcpm.models.Task:priority]
10:24:45.243 [main] DEBUG org.hibernate.boot.model.internal.BasicValueBinder - building BasicValue for priority
10:24:45.243 [main] DEBUG org.hibernate.mapping.BasicValue - Skipping column re-registration: tasks.priority
10:24:45.243 [main] DEBUG org.hibernate.boot.model.internal.PropertyBinder - Building property priority
10:24:45.243 [main] DEBUG org.hibernate.boot.model.internal.AnnotatedColumn - Binding column: AnnotatedColumn(column='progress')
10:24:45.243 [main] DEBUG org.hibernate.boot.model.internal.PropertyBinder - MetadataSourceProcessor property progress with lazy=false
10:24:45.243 [main] DEBUG org.hibernate.boot.model.internal.AbstractPropertyHolder - Attempting to locate auto-apply AttributeConverter for property [org.frcpm.models.Task:progress]
10:24:45.243 [main] DEBUG org.hibernate.boot.model.internal.BasicValueBinder - building BasicValue for progress
10:24:45.243 [main] DEBUG org.hibernate.mapping.BasicValue - Skipping column re-registration: tasks.progress
10:24:45.243 [main] DEBUG org.hibernate.boot.model.internal.PropertyBinder - Building property progress
10:24:45.243 [main] DEBUG org.hibernate.boot.model.internal.AnnotatedColumn - Binding column: AnnotatedJoinColumn(column='project_id')
10:24:45.243 [main] DEBUG org.hibernate.boot.model.internal.AnnotatedColumn - Binding column: AnnotatedColumn()
10:24:45.243 [main] DEBUG org.hibernate.boot.model.internal.PropertyBinder - Building property project
10:24:45.243 [main] DEBUG org.hibernate.boot.model.internal.AnnotatedColumn - Binding column: IndexColumn(column='requiredComponents_ORDER')
10:24:45.244 [main] DEBUG org.hibernate.boot.model.internal.AnnotatedColumn - Binding column: AnnotatedColumn()
10:24:45.244 [main] DEBUG org.hibernate.boot.model.internal.AnnotatedColumn - Binding column: AnnotatedColumn(column='requiredComponents_KEY')
10:24:45.244 [main] DEBUG org.hibernate.boot.model.internal.AnnotatedColumn - Binding column: AnnotatedJoinColumn(column='requiredComponents_KEY')
10:24:45.244 [main] DEBUG org.hibernate.boot.model.internal.AnnotatedColumn - Binding column: AnnotatedJoinColumn(column='task_id')
10:24:45.244 [main] DEBUG org.hibernate.boot.model.internal.AnnotatedColumn - Binding column: AnnotatedJoinColumn(column='component_id')
10:24:45.244 [main] DEBUG org.hibernate.boot.model.internal.CollectionBinder - Collection role: org.frcpm.models.Task.requiredComponents
10:24:45.244 [main] DEBUG org.hibernate.boot.model.internal.PropertyBinder - Building property requiredComponents
10:24:45.244 [main] DEBUG org.hibernate.boot.model.internal.AnnotatedColumn - Binding column: AnnotatedColumn(column='start_date')
10:24:45.244 [main] DEBUG org.hibernate.boot.model.internal.PropertyBinder - MetadataSourceProcessor property startDate with lazy=false
10:24:45.244 [main] DEBUG org.hibernate.boot.model.internal.AbstractPropertyHolder - Attempting to locate auto-apply AttributeConverter for property [org.frcpm.models.Task:startDate]
10:24:45.244 [main] DEBUG org.hibernate.boot.model.internal.BasicValueBinder - building BasicValue for startDate
10:24:45.244 [main] DEBUG org.hibernate.mapping.BasicValue - Skipping column re-registration: tasks.start_date
10:24:45.244 [main] DEBUG org.hibernate.boot.model.internal.PropertyBinder - Building property startDate
10:24:45.244 [main] DEBUG org.hibernate.boot.model.internal.AnnotatedColumn - Binding column: AnnotatedJoinColumn(column='subsystem_id')
10:24:45.244 [main] DEBUG org.hibernate.boot.model.internal.AnnotatedColumn - Binding column: AnnotatedColumn()
10:24:45.244 [main] DEBUG org.hibernate.boot.model.internal.PropertyBinder - Building property subsystem
10:24:45.244 [main] DEBUG org.hibernate.boot.model.internal.AnnotatedColumn - Binding column: AnnotatedColumn(column='title')
10:24:45.244 [main] DEBUG org.hibernate.boot.model.internal.PropertyBinder - MetadataSourceProcessor property title with lazy=false
10:24:45.244 [main] DEBUG org.hibernate.boot.model.internal.AbstractPropertyHolder - Attempting to locate auto-apply AttributeConverter for property [org.frcpm.models.Task:title]
10:24:45.244 [main] DEBUG org.hibernate.boot.model.internal.BasicValueBinder - building BasicValue for title
10:24:45.244 [main] DEBUG org.hibernate.mapping.BasicValue - Skipping column re-registration: tasks.title
10:24:45.244 [main] DEBUG org.hibernate.boot.model.internal.PropertyBinder - Building property title
10:24:45.244 [main] DEBUG org.hibernate.boot.registry.classloading.internal.ClassLoaderServiceImpl - HHH000194: Package not found or no package-info.java: org.frcpm.models
10:24:45.244 [main] DEBUG org.hibernate.boot.model.internal.EntityBinder - Binding entity from annotated class: org.frcpm.models.TeamMember
10:24:45.244 [main] DEBUG org.hibernate.boot.model.internal.EntityBinder - Import with entity name TeamMember
10:24:45.244 [main] DEBUG org.hibernate.boot.model.internal.EntityBinder - Bind entity org.frcpm.models.TeamMember on table team_members
10:24:45.245 [main] DEBUG org.hibernate.boot.model.internal.AnnotatedColumn - Binding column: AnnotatedDiscriminatorColumn(column='DTYPE')
10:24:45.245 [main] DEBUG org.hibernate.boot.model.internal.AnnotatedColumn - Binding column: AnnotatedColumn()
10:24:45.245 [main] DEBUG org.hibernate.boot.internal.ClassLoaderAccessImpl - Not known whether passed class name [org.frcpm.models.TeamMember] is safe
10:24:45.245 [main] DEBUG org.hibernate.boot.internal.ClassLoaderAccessImpl - No temp ClassLoader provided; using live ClassLoader for loading potentially unsafe class : org.frcpm.models.TeamMember
10:24:45.245 [main] DEBUG org.hibernate.boot.model.internal.PropertyBinder - MetadataSourceProcessor property id with lazy=false
10:24:45.245 [main] DEBUG org.hibernate.boot.model.internal.AbstractPropertyHolder - Attempting to locate auto-apply AttributeConverter for property [org.frcpm.models.TeamMember:id]
10:24:45.245 [main] DEBUG org.hibernate.boot.model.internal.BasicValueBinder - building BasicValue for id
10:24:45.245 [main] DEBUG org.hibernate.mapping.BasicValue - Skipping column re-registration: team_members.id
10:24:45.245 [main] DEBUG org.hibernate.boot.model.internal.PropertyBinder - Building property id
10:24:45.245 [main] DEBUG org.hibernate.boot.model.internal.BinderHelper - #makeIdGenerator(BasicValue([Column(id)]), id, identity, , ...)
10:24:45.245 [main] DEBUG org.hibernate.boot.model.internal.AnnotatedColumn - Binding column: IndexColumn(column='assignedTasks_ORDER')
10:24:45.245 [main] DEBUG org.hibernate.boot.model.internal.AnnotatedColumn - Binding column: AnnotatedColumn()
10:24:45.245 [main] DEBUG org.hibernate.boot.model.internal.AnnotatedColumn - Binding column: AnnotatedColumn(column='assignedTasks_KEY')
10:24:45.245 [main] DEBUG org.hibernate.boot.model.internal.AnnotatedColumn - Binding column: AnnotatedJoinColumn(column='assignedTasks_KEY')
10:24:45.245 [main] DEBUG org.hibernate.boot.model.internal.AnnotatedColumn - Binding column: AnnotatedJoinColumn()
10:24:45.245 [main] DEBUG org.hibernate.boot.model.internal.AnnotatedColumn - Binding column: AnnotatedJoinColumn()
10:24:45.245 [main] DEBUG org.hibernate.boot.model.internal.CollectionBinder - Collection role: org.frcpm.models.TeamMember.assignedTasks
10:24:45.245 [main] DEBUG org.hibernate.boot.model.internal.PropertyBinder - Building property assignedTasks
10:24:45.245 [main] DEBUG org.hibernate.boot.model.internal.AnnotatedColumn - Binding column: AnnotatedJoinColumn()
10:24:45.245 [main] DEBUG org.hibernate.boot.model.internal.AnnotatedColumn - Binding column: AnnotatedColumn()
10:24:45.245 [main] DEBUG org.hibernate.boot.model.internal.AnnotatedColumn - Binding column: IndexColumn(column='attendances_ORDER')
10:24:45.245 [main] DEBUG org.hibernate.boot.model.internal.AnnotatedColumn - Binding column: AnnotatedColumn()
10:24:45.245 [main] DEBUG org.hibernate.boot.model.internal.AnnotatedColumn - Binding column: AnnotatedColumn(column='attendances_KEY')
10:24:45.245 [main] DEBUG org.hibernate.boot.model.internal.AnnotatedColumn - Binding column: AnnotatedJoinColumn(column='attendances_KEY')
10:24:45.245 [main] DEBUG org.hibernate.boot.model.internal.AnnotatedColumn - Binding column: AnnotatedJoinColumn()
10:24:45.245 [main] DEBUG org.hibernate.boot.model.internal.AnnotatedColumn - Binding column: AnnotatedJoinColumn()
10:24:45.245 [main] DEBUG org.hibernate.boot.model.internal.CollectionBinder - Collection role: org.frcpm.models.TeamMember.attendances
10:24:45.245 [main] DEBUG org.hibernate.boot.model.internal.PropertyBinder - Building property attendances
10:24:45.245 [main] DEBUG org.hibernate.boot.model.internal.AnnotatedColumn - Binding column: AnnotatedColumn(column='email')
10:24:45.245 [main] DEBUG org.hibernate.boot.model.internal.PropertyBinder - MetadataSourceProcessor property email with lazy=false
10:24:45.245 [main] DEBUG org.hibernate.boot.model.internal.AbstractPropertyHolder - Attempting to locate auto-apply AttributeConverter for property [org.frcpm.models.TeamMember:email]
10:24:45.245 [main] DEBUG org.hibernate.boot.model.internal.BasicValueBinder - building BasicValue for email
10:24:45.245 [main] DEBUG org.hibernate.mapping.BasicValue - Skipping column re-registration: team_members.email
10:24:45.245 [main] DEBUG org.hibernate.boot.model.internal.PropertyBinder - Building property email
10:24:45.245 [main] DEBUG org.hibernate.boot.model.internal.AnnotatedColumn - Binding column: AnnotatedColumn(column='first_name')
10:24:45.245 [main] DEBUG org.hibernate.boot.model.internal.PropertyBinder - MetadataSourceProcessor property firstName with lazy=false
10:24:45.245 [main] DEBUG org.hibernate.boot.model.internal.AbstractPropertyHolder - Attempting to locate auto-apply AttributeConverter for property [org.frcpm.models.TeamMember:firstName]
10:24:45.245 [main] DEBUG org.hibernate.boot.model.internal.BasicValueBinder - building BasicValue for firstName
10:24:45.245 [main] DEBUG org.hibernate.mapping.BasicValue - Skipping column re-registration: team_members.first_name
10:24:45.245 [main] DEBUG org.hibernate.boot.model.internal.PropertyBinder - Building property firstName
10:24:45.245 [main] DEBUG org.hibernate.boot.model.internal.AnnotatedColumn - Binding column: AnnotatedColumn(column='last_name')
10:24:45.245 [main] DEBUG org.hibernate.boot.model.internal.PropertyBinder - MetadataSourceProcessor property lastName with lazy=false
10:24:45.245 [main] DEBUG org.hibernate.boot.model.internal.AbstractPropertyHolder - Attempting to locate auto-apply AttributeConverter for property [org.frcpm.models.TeamMember:lastName]
10:24:45.245 [main] DEBUG org.hibernate.boot.model.internal.BasicValueBinder - building BasicValue for lastName
10:24:45.245 [main] DEBUG org.hibernate.mapping.BasicValue - Skipping column re-registration: team_members.last_name
10:24:45.245 [main] DEBUG org.hibernate.boot.model.internal.PropertyBinder - Building property lastName
10:24:45.245 [main] DEBUG org.hibernate.boot.model.internal.AnnotatedColumn - Binding column: AnnotatedColumn(column='is_leader')
10:24:45.245 [main] DEBUG org.hibernate.boot.model.internal.PropertyBinder - MetadataSourceProcessor property leader with lazy=false
10:24:45.245 [main] DEBUG org.hibernate.boot.model.internal.AbstractPropertyHolder - Attempting to locate auto-apply AttributeConverter for property [org.frcpm.models.TeamMember:leader]
10:24:45.245 [main] DEBUG org.hibernate.boot.model.internal.BasicValueBinder - building BasicValue for leader
10:24:45.245 [main] DEBUG org.hibernate.mapping.BasicValue - Skipping column re-registration: team_members.is_leader
10:24:45.245 [main] DEBUG org.hibernate.boot.model.internal.PropertyBinder - Building property leader
10:24:45.245 [main] DEBUG org.hibernate.boot.model.internal.AnnotatedColumn - Binding column: AnnotatedColumn(column='phone')
10:24:45.245 [main] DEBUG org.hibernate.boot.model.internal.PropertyBinder - MetadataSourceProcessor property phone with lazy=false
10:24:45.245 [main] DEBUG org.hibernate.boot.model.internal.AbstractPropertyHolder - Attempting to locate auto-apply AttributeConverter for property [org.frcpm.models.TeamMember:phone]
10:24:45.245 [main] DEBUG org.hibernate.boot.model.internal.BasicValueBinder - building BasicValue for phone
10:24:45.245 [main] DEBUG org.hibernate.mapping.BasicValue - Skipping column re-registration: team_members.phone
10:24:45.245 [main] DEBUG org.hibernate.boot.model.internal.PropertyBinder - Building property phone
10:24:45.245 [main] DEBUG org.hibernate.boot.model.internal.AnnotatedColumn - Binding column: AnnotatedColumn(column='skills')
10:24:45.245 [main] DEBUG org.hibernate.boot.model.internal.PropertyBinder - MetadataSourceProcessor property skills with lazy=false
10:24:45.245 [main] DEBUG org.hibernate.boot.model.internal.AbstractPropertyHolder - Attempting to locate auto-apply AttributeConverter for property [org.frcpm.models.TeamMember:skills]
10:24:45.245 [main] DEBUG org.hibernate.boot.model.internal.BasicValueBinder - building BasicValue for skills
10:24:45.245 [main] DEBUG org.hibernate.mapping.BasicValue - Skipping column re-registration: team_members.skills
10:24:45.245 [main] DEBUG org.hibernate.boot.model.internal.PropertyBinder - Building property skills
10:24:45.245 [main] DEBUG org.hibernate.boot.model.internal.AnnotatedColumn - Binding column: AnnotatedJoinColumn(column='subteam_id')
10:24:45.245 [main] DEBUG org.hibernate.boot.model.internal.AnnotatedColumn - Binding column: AnnotatedColumn()
10:24:45.245 [main] DEBUG org.hibernate.boot.model.internal.PropertyBinder - Building property subteam
10:24:45.245 [main] DEBUG org.hibernate.boot.model.internal.AnnotatedColumn - Binding column: AnnotatedColumn(column='username')
10:24:45.245 [main] DEBUG org.hibernate.boot.model.internal.PropertyBinder - MetadataSourceProcessor property username with lazy=false
10:24:45.245 [main] DEBUG org.hibernate.boot.model.internal.AbstractPropertyHolder - Attempting to locate auto-apply AttributeConverter for property [org.frcpm.models.TeamMember:username]
10:24:45.245 [main] DEBUG org.hibernate.boot.model.internal.BasicValueBinder - building BasicValue for username
10:24:45.245 [main] DEBUG org.hibernate.mapping.BasicValue - Skipping column re-registration: team_members.username
10:24:45.245 [main] DEBUG org.hibernate.boot.model.internal.PropertyBinder - Building property username
10:24:45.246 [main] DEBUG org.hibernate.boot.registry.classloading.internal.ClassLoaderServiceImpl - HHH000194: Package not found or no package-info.java: org.frcpm.models
10:24:45.247 [main] DEBUG org.hibernate.boot.model.internal.BasicValueBinder - Starting `BasicValueBinder#fillSimpleValue` for id
10:24:45.247 [main] DEBUG org.hibernate.boot.model.internal.BasicValueBinder - Starting `BasicValueBinder#fillSimpleValue` for arrivalTime
10:24:45.247 [main] DEBUG org.hibernate.boot.model.internal.BasicValueBinder - Starting `BasicValueBinder#fillSimpleValue` for departureTime
10:24:45.247 [main] DEBUG org.hibernate.boot.model.internal.BasicValueBinder - Starting `BasicValueBinder#fillSimpleValue` for present
10:24:45.247 [main] DEBUG org.hibernate.boot.model.internal.BasicValueBinder - Starting `BasicValueBinder#fillSimpleValue` for id
10:24:45.247 [main] DEBUG org.hibernate.boot.model.internal.BasicValueBinder - Starting `BasicValueBinder#fillSimpleValue` for date
10:24:45.247 [main] DEBUG org.hibernate.boot.model.internal.BasicValueBinder - Starting `BasicValueBinder#fillSimpleValue` for endTime
10:24:45.247 [main] DEBUG org.hibernate.boot.model.internal.BasicValueBinder - Starting `BasicValueBinder#fillSimpleValue` for notes
10:24:45.247 [main] DEBUG org.hibernate.boot.model.internal.BasicValueBinder - Starting `BasicValueBinder#fillSimpleValue` for startTime
10:24:45.247 [main] DEBUG org.hibernate.boot.model.internal.BasicValueBinder - Starting `BasicValueBinder#fillSimpleValue` for id
10:24:45.247 [main] DEBUG org.hibernate.boot.model.internal.BasicValueBinder - Starting `BasicValueBinder#fillSimpleValue` for description
10:24:45.247 [main] DEBUG org.hibernate.boot.model.internal.BasicValueBinder - Starting `BasicValueBinder#fillSimpleValue` for name
10:24:45.247 [main] DEBUG org.hibernate.boot.model.internal.BasicValueBinder - Starting `BasicValueBinder#fillSimpleValue` for status
10:24:45.247 [main] DEBUG org.hibernate.boot.model.internal.BasicValueBinder - Starting `BasicValueBinder#fillSimpleValue` for id
10:24:45.247 [main] DEBUG org.hibernate.boot.model.internal.BasicValueBinder - Starting `BasicValueBinder#fillSimpleValue` for actualDelivery
10:24:45.247 [main] DEBUG org.hibernate.boot.model.internal.BasicValueBinder - Starting `BasicValueBinder#fillSimpleValue` for delivered
10:24:45.247 [main] DEBUG org.hibernate.boot.model.internal.BasicValueBinder - Starting `BasicValueBinder#fillSimpleValue` for description
10:24:45.247 [main] DEBUG org.hibernate.boot.model.internal.BasicValueBinder - Starting `BasicValueBinder#fillSimpleValue` for expectedDelivery
10:24:45.247 [main] DEBUG org.hibernate.boot.model.internal.BasicValueBinder - Starting `BasicValueBinder#fillSimpleValue` for name
10:24:45.247 [main] DEBUG org.hibernate.boot.model.internal.BasicValueBinder - Starting `BasicValueBinder#fillSimpleValue` for partNumber
10:24:45.247 [main] DEBUG org.hibernate.boot.model.internal.BasicValueBinder - Starting `BasicValueBinder#fillSimpleValue` for id
10:24:45.247 [main] DEBUG org.hibernate.boot.model.internal.BasicValueBinder - Starting `BasicValueBinder#fillSimpleValue` for date
10:24:45.247 [main] DEBUG org.hibernate.boot.model.internal.BasicValueBinder - Starting `BasicValueBinder#fillSimpleValue` for description
10:24:45.247 [main] DEBUG org.hibernate.boot.model.internal.BasicValueBinder - Starting `BasicValueBinder#fillSimpleValue` for name
10:24:45.247 [main] DEBUG org.hibernate.boot.model.internal.BasicValueBinder - Starting `BasicValueBinder#fillSimpleValue` for id
10:24:45.247 [main] DEBUG org.hibernate.boot.model.internal.BasicValueBinder - Starting `BasicValueBinder#fillSimpleValue` for description
10:24:45.247 [main] DEBUG org.hibernate.boot.model.internal.BasicValueBinder - Starting `BasicValueBinder#fillSimpleValue` for goalEndDate
10:24:45.247 [main] DEBUG org.hibernate.boot.model.internal.BasicValueBinder - Starting `BasicValueBinder#fillSimpleValue` for hardDeadline
10:24:45.247 [main] DEBUG org.hibernate.boot.model.internal.BasicValueBinder - Starting `BasicValueBinder#fillSimpleValue` for name
10:24:45.247 [main] DEBUG org.hibernate.boot.model.internal.BasicValueBinder - Starting `BasicValueBinder#fillSimpleValue` for startDate
10:24:45.247 [main] DEBUG org.hibernate.boot.model.internal.BasicValueBinder - Starting `BasicValueBinder#fillSimpleValue` for id
10:24:45.247 [main] DEBUG org.hibernate.boot.model.internal.BasicValueBinder - Starting `BasicValueBinder#fillSimpleValue` for colorCode
10:24:45.247 [main] DEBUG org.hibernate.boot.model.internal.BasicValueBinder - Starting `BasicValueBinder#fillSimpleValue` for name
10:24:45.247 [main] DEBUG org.hibernate.boot.model.internal.BasicValueBinder - Starting `BasicValueBinder#fillSimpleValue` for specialties
10:24:45.247 [main] DEBUG org.hibernate.boot.model.internal.BasicValueBinder - Starting `BasicValueBinder#fillSimpleValue` for id
10:24:45.247 [main] DEBUG org.hibernate.boot.model.internal.BasicValueBinder - Starting `BasicValueBinder#fillSimpleValue` for actualDurationSeconds
10:24:45.247 [main] DEBUG org.hibernate.boot.model.internal.BasicValueBinder - Starting `BasicValueBinder#fillSimpleValue` for completed
10:24:45.247 [main] DEBUG org.hibernate.boot.model.internal.BasicValueBinder - Starting `BasicValueBinder#fillSimpleValue` for description
10:24:45.247 [main] DEBUG org.hibernate.boot.model.internal.BasicValueBinder - Starting `BasicValueBinder#fillSimpleValue` for endDate
10:24:45.247 [main] DEBUG org.hibernate.boot.model.internal.BasicValueBinder - Starting `BasicValueBinder#fillSimpleValue` for estimatedDurationSeconds
10:24:45.247 [main] DEBUG org.hibernate.boot.model.internal.BasicValueBinder - Starting `BasicValueBinder#fillSimpleValue` for priority
10:24:45.247 [main] DEBUG org.hibernate.boot.model.internal.BasicValueBinder - Starting `BasicValueBinder#fillSimpleValue` for progress
10:24:45.247 [main] DEBUG org.hibernate.boot.model.internal.BasicValueBinder - Starting `BasicValueBinder#fillSimpleValue` for startDate
10:24:45.247 [main] DEBUG org.hibernate.boot.model.internal.BasicValueBinder - Starting `BasicValueBinder#fillSimpleValue` for title
10:24:45.247 [main] DEBUG org.hibernate.boot.model.internal.BasicValueBinder - Starting `BasicValueBinder#fillSimpleValue` for id
10:24:45.247 [main] DEBUG org.hibernate.boot.model.internal.BasicValueBinder - Starting `BasicValueBinder#fillSimpleValue` for email
10:24:45.247 [main] DEBUG org.hibernate.boot.model.internal.BasicValueBinder - Starting `BasicValueBinder#fillSimpleValue` for firstName
10:24:45.247 [main] DEBUG org.hibernate.boot.model.internal.BasicValueBinder - Starting `BasicValueBinder#fillSimpleValue` for lastName
10:24:45.247 [main] DEBUG org.hibernate.boot.model.internal.BasicValueBinder - Starting `BasicValueBinder#fillSimpleValue` for leader
10:24:45.247 [main] DEBUG org.hibernate.boot.model.internal.BasicValueBinder - Starting `BasicValueBinder#fillSimpleValue` for phone
10:24:45.247 [main] DEBUG org.hibernate.boot.model.internal.BasicValueBinder - Starting `BasicValueBinder#fillSimpleValue` for skills
10:24:45.247 [main] DEBUG org.hibernate.boot.model.internal.BasicValueBinder - Starting `BasicValueBinder#fillSimpleValue` for username
10:24:45.247 [main] DEBUG org.hibernate.mapping.PrimaryKey - Forcing column [id] to be non-null as it is part of the primary key for table [attendances]
10:24:45.247 [main] DEBUG org.hibernate.mapping.PrimaryKey - Forcing column [id] to be non-null as it is part of the primary key for table [meetings]
10:24:45.247 [main] DEBUG org.hibernate.mapping.PrimaryKey - Forcing column [id] to be non-null as it is part of the primary key for table [subsystems]
10:24:45.247 [main] DEBUG org.hibernate.mapping.PrimaryKey - Forcing column [id] to be non-null as it is part of the primary key for table [components]
10:24:45.247 [main] DEBUG org.hibernate.mapping.PrimaryKey - Forcing column [id] to be non-null as it is part of the primary key for table [milestones]
10:24:45.247 [main] DEBUG org.hibernate.mapping.PrimaryKey - Forcing column [id] to be non-null as it is part of the primary key for table [projects]
10:24:45.247 [main] DEBUG org.hibernate.mapping.PrimaryKey - Forcing column [id] to be non-null as it is part of the primary key for table [subteams]
10:24:45.247 [main] DEBUG org.hibernate.mapping.PrimaryKey - Forcing column [id] to be non-null as it is part of the primary key for table [tasks]
10:24:45.247 [main] DEBUG org.hibernate.mapping.PrimaryKey - Forcing column [id] to be non-null as it is part of the primary key for table [team_members]
10:24:45.247 [main] DEBUG org.hibernate.boot.model.internal.CollectionSecondPass - Second pass for collection: org.frcpm.models.Task.requiredComponents
10:24:45.247 [main] DEBUG org.hibernate.boot.model.internal.CollectionBinder - Binding a ManyToMany: org.frcpm.models.Task.requiredComponents
10:24:45.248 [main] DEBUG org.hibernate.boot.registry.classloading.internal.ClassLoaderServiceImpl - HHH000194: Package not found or no package-info.java: org.frcpm.models
10:24:45.248 [main] DEBUG org.hibernate.mapping.PrimaryKey - Forcing column [task_id] to be non-null as it is part of the primary key for table [task_components]
10:24:45.248 [main] DEBUG org.hibernate.mapping.PrimaryKey - Forcing column [component_id] to be non-null as it is part of the primary key for table [task_components]
10:24:45.248 [main] DEBUG org.hibernate.boot.model.internal.CollectionSecondPass - Mapped collection key: task_id, element: component_id
10:24:45.248 [main] DEBUG org.hibernate.boot.model.internal.CollectionSecondPass - Second pass for collection: org.frcpm.models.Task.preDependencies
10:24:45.248 [main] DEBUG org.hibernate.boot.model.internal.CollectionBinder - Binding a ManyToMany: org.frcpm.models.Task.preDependencies
10:24:45.248 [main] DEBUG org.hibernate.boot.registry.classloading.internal.ClassLoaderServiceImpl - HHH000194: Package not found or no package-info.java: org.frcpm.models
10:24:45.248 [main] DEBUG org.hibernate.mapping.PrimaryKey - Forcing column [task_id] to be non-null as it is part of the primary key for table [task_dependencies]
10:24:45.248 [main] DEBUG org.hibernate.mapping.PrimaryKey - Forcing column [dependency_id] to be non-null as it is part of the primary key for table [task_dependencies]
10:24:45.248 [main] DEBUG org.hibernate.boot.model.internal.CollectionSecondPass - Mapped collection key: task_id, element: dependency_id
10:24:45.248 [main] DEBUG org.hibernate.boot.model.internal.CollectionSecondPass - Second pass for collection: org.frcpm.models.Task.assignedTo
10:24:45.248 [main] DEBUG org.hibernate.boot.model.internal.CollectionBinder - Binding a ManyToMany: org.frcpm.models.Task.assignedTo
10:24:45.248 [main] DEBUG org.hibernate.boot.registry.classloading.internal.ClassLoaderServiceImpl - HHH000194: Package not found or no package-info.java: org.frcpm.models
10:24:45.248 [main] DEBUG org.hibernate.mapping.PrimaryKey - Forcing column [task_id] to be non-null as it is part of the primary key for table [task_assignments]
10:24:45.248 [main] DEBUG org.hibernate.mapping.PrimaryKey - Forcing column [team_member_id] to be non-null as it is part of the primary key for table [task_assignments]
10:24:45.248 [main] DEBUG org.hibernate.boot.model.internal.CollectionSecondPass - Mapped collection key: task_id, element: team_member_id
10:24:45.248 [main] DEBUG org.hibernate.boot.model.internal.CollectionSecondPass - Second pass for collection: org.frcpm.models.Meeting.attendances
10:24:45.250 [main] DEBUG org.hibernate.boot.model.internal.CollectionBinder - Binding a OneToMany: org.frcpm.models.Meeting.attendances through a foreign key
10:24:45.250 [main] DEBUG org.hibernate.boot.model.internal.CollectionBinder - Mapping collection: org.frcpm.models.Meeting.attendances -> attendances
10:24:45.250 [main] DEBUG org.hibernate.boot.model.internal.TableBinder - Retrieving property org.frcpm.models.Attendance.meeting
10:24:45.250 [main] DEBUG org.hibernate.boot.model.internal.CollectionSecondPass - Mapped collection key: meeting_id, one-to-many: org.frcpm.models.Attendance
10:24:45.250 [main] DEBUG org.hibernate.boot.model.internal.CollectionSecondPass - Second pass for collection: org.frcpm.models.Subsystem.tasks
10:24:45.250 [main] DEBUG org.hibernate.boot.model.internal.CollectionBinder - Binding a OneToMany: org.frcpm.models.Subsystem.tasks through a foreign key
10:24:45.250 [main] DEBUG org.hibernate.boot.model.internal.CollectionBinder - Mapping collection: org.frcpm.models.Subsystem.tasks -> tasks
10:24:45.250 [main] DEBUG org.hibernate.boot.model.internal.TableBinder - Retrieving property org.frcpm.models.Task.subsystem
10:24:45.250 [main] DEBUG org.hibernate.boot.model.internal.CollectionSecondPass - Mapped collection key: subsystem_id, one-to-many: org.frcpm.models.Task
10:24:45.250 [main] DEBUG org.hibernate.boot.model.internal.CollectionSecondPass - Second pass for collection: org.frcpm.models.Component.requiredForTasks
10:24:45.250 [main] DEBUG org.hibernate.boot.model.internal.CollectionBinder - Binding a ManyToMany: org.frcpm.models.Component.requiredForTasks
10:24:45.250 [main] DEBUG org.hibernate.boot.registry.classloading.internal.ClassLoaderServiceImpl - HHH000194: Package not found or no package-info.java: org.frcpm.models
10:24:45.250 [main] DEBUG org.hibernate.boot.model.internal.TableBinder - Retrieving property org.frcpm.models.Task.requiredComponents
10:24:45.250 [main] DEBUG org.hibernate.boot.model.internal.CollectionSecondPass - Mapped collection key: component_id, element: task_id
10:24:45.250 [main] DEBUG org.hibernate.boot.model.internal.CollectionSecondPass - Second pass for collection: org.frcpm.models.Project.meetings
10:24:45.250 [main] DEBUG org.hibernate.boot.model.internal.CollectionBinder - Binding a OneToMany: org.frcpm.models.Project.meetings through a foreign key
10:24:45.250 [main] DEBUG org.hibernate.boot.model.internal.CollectionBinder - Mapping collection: org.frcpm.models.Project.meetings -> meetings
10:24:45.250 [main] DEBUG org.hibernate.boot.model.internal.TableBinder - Retrieving property org.frcpm.models.Meeting.project
10:24:45.250 [main] DEBUG org.hibernate.boot.model.internal.CollectionSecondPass - Mapped collection key: project_id, one-to-many: org.frcpm.models.Meeting
10:24:45.250 [main] DEBUG org.hibernate.boot.model.internal.CollectionSecondPass - Second pass for collection: org.frcpm.models.Project.milestones
10:24:45.250 [main] DEBUG org.hibernate.boot.model.internal.CollectionBinder - Binding a OneToMany: org.frcpm.models.Project.milestones through a foreign key
10:24:45.250 [main] DEBUG org.hibernate.boot.model.internal.CollectionBinder - Mapping collection: org.frcpm.models.Project.milestones -> milestones
10:24:45.250 [main] DEBUG org.hibernate.boot.model.internal.TableBinder - Retrieving property org.frcpm.models.Milestone.project
10:24:45.250 [main] DEBUG org.hibernate.boot.model.internal.CollectionSecondPass - Mapped collection key: project_id, one-to-many: org.frcpm.models.Milestone
10:24:45.250 [main] DEBUG org.hibernate.boot.model.internal.CollectionSecondPass - Second pass for collection: org.frcpm.models.Project.tasks
10:24:45.250 [main] DEBUG org.hibernate.boot.model.internal.CollectionBinder - Binding a OneToMany: org.frcpm.models.Project.tasks through a foreign key
10:24:45.250 [main] DEBUG org.hibernate.boot.model.internal.CollectionBinder - Mapping collection: org.frcpm.models.Project.tasks -> tasks
10:24:45.250 [main] DEBUG org.hibernate.boot.model.internal.TableBinder - Retrieving property org.frcpm.models.Task.project
10:24:45.250 [main] DEBUG org.hibernate.boot.model.internal.CollectionSecondPass - Mapped collection key: project_id, one-to-many: org.frcpm.models.Task
10:24:45.250 [main] DEBUG org.hibernate.boot.model.internal.CollectionSecondPass - Second pass for collection: org.frcpm.models.Subteam.members
10:24:45.250 [main] DEBUG org.hibernate.boot.model.internal.CollectionBinder - Binding a OneToMany: org.frcpm.models.Subteam.members through a foreign key
10:24:45.250 [main] DEBUG org.hibernate.boot.model.internal.CollectionBinder - Mapping collection: org.frcpm.models.Subteam.members -> team_members
10:24:45.250 [main] DEBUG org.hibernate.boot.model.internal.TableBinder - Retrieving property org.frcpm.models.TeamMember.subteam
10:24:45.250 [main] DEBUG org.hibernate.boot.model.internal.CollectionSecondPass - Mapped collection key: subteam_id, one-to-many: org.frcpm.models.TeamMember
10:24:45.250 [main] DEBUG org.hibernate.boot.model.internal.CollectionSecondPass - Second pass for collection: org.frcpm.models.Subteam.subsystems
10:24:45.250 [main] DEBUG org.hibernate.boot.model.internal.CollectionBinder - Binding a OneToMany: org.frcpm.models.Subteam.subsystems through a foreign key
10:24:45.250 [main] DEBUG org.hibernate.boot.model.internal.CollectionBinder - Mapping collection: org.frcpm.models.Subteam.subsystems -> subsystems
10:24:45.250 [main] DEBUG org.hibernate.boot.model.internal.TableBinder - Retrieving property org.frcpm.models.Subsystem.responsibleSubteam
10:24:45.250 [main] DEBUG org.hibernate.boot.model.internal.CollectionSecondPass - Mapped collection key: responsible_subteam_id, one-to-many: org.frcpm.models.Subsystem
10:24:45.250 [main] DEBUG org.hibernate.boot.model.internal.CollectionSecondPass - Second pass for collection: org.frcpm.models.Task.postDependencies
10:24:45.250 [main] DEBUG org.hibernate.boot.model.internal.CollectionBinder - Binding a ManyToMany: org.frcpm.models.Task.postDependencies
10:24:45.250 [main] DEBUG org.hibernate.boot.registry.classloading.internal.ClassLoaderServiceImpl - HHH000194: Package not found or no package-info.java: org.frcpm.models
10:24:45.250 [main] DEBUG org.hibernate.boot.model.internal.TableBinder - Retrieving property org.frcpm.models.Task.preDependencies
10:24:45.250 [main] DEBUG org.hibernate.boot.model.internal.CollectionSecondPass - Mapped collection key: dependency_id, element: task_id
10:24:45.250 [main] DEBUG org.hibernate.boot.model.internal.CollectionSecondPass - Second pass for collection: org.frcpm.models.TeamMember.assignedTasks
10:24:45.250 [main] DEBUG org.hibernate.boot.model.internal.CollectionBinder - Binding a ManyToMany: org.frcpm.models.TeamMember.assignedTasks
10:24:45.251 [main] DEBUG org.hibernate.boot.registry.classloading.internal.ClassLoaderServiceImpl - HHH000194: Package not found or no package-info.java: org.frcpm.models
10:24:45.251 [main] DEBUG org.hibernate.boot.model.internal.TableBinder - Retrieving property org.frcpm.models.Task.assignedTo
10:24:45.251 [main] DEBUG org.hibernate.boot.model.internal.CollectionSecondPass - Mapped collection key: team_member_id, element: task_id
10:24:45.251 [main] DEBUG org.hibernate.boot.model.internal.CollectionSecondPass - Second pass for collection: org.frcpm.models.TeamMember.attendances
10:24:45.251 [main] DEBUG org.hibernate.boot.model.internal.CollectionBinder - Binding a OneToMany: org.frcpm.models.TeamMember.attendances through a foreign key
10:24:45.251 [main] DEBUG org.hibernate.boot.model.internal.CollectionBinder - Mapping collection: org.frcpm.models.TeamMember.attendances -> attendances
10:24:45.251 [main] DEBUG org.hibernate.boot.model.internal.TableBinder - Retrieving property org.frcpm.models.Attendance.member
10:24:45.251 [main] DEBUG org.hibernate.boot.model.internal.CollectionSecondPass - Mapped collection key: member_id, one-to-many: org.frcpm.models.Attendance
10:24:45.264 [main] DEBUG org.hibernate.internal.SessionFactoryImpl - Building session factory
10:24:45.265 [main] DEBUG org.hibernate.service.internal.SessionFactoryServiceRegistryImpl - EventListenerRegistry access via ServiceRegistry is deprecated.  Use `sessionFactory.getEventEngine().getListenerRegistry()` instead
10:24:45.265 [main] DEBUG org.hibernate.internal.SessionFactoryImpl - Instantiating SessionFactory with settings: {hibernate.format_sql=false, java.specification.version=21, sun.cpu.isalist=amd64, hibernate.connection.handling_mode=DELAYED_ACQUISITION_AND_RELEASE_AFTER_STATEMENT, sun.jnu.encoding=Cp1252, hibernate.dialect=org.hibernate.dialect.H2Dialect, java.class.path=C:\Users\dhiebert\Local Repositories\Project Management 2.0\target\test-classes;C:\Users\dhiebert\Local Repositories\Project Management 2.0\target\classes;C:\Users\dhiebert\.m2\repository\org\openjfx\javafx-controls\21.0.2\javafx-controls-21.0.2.jar;C:\Users\dhiebert\.m2\repository\org\openjfx\javafx-controls\21.0.2\javafx-controls-21.0.2-win.jar;C:\Users\dhiebert\.m2\repository\org\openjfx\javafx-fxml\21.0.2\javafx-fxml-21.0.2.jar;C:\Users\dhiebert\.m2\repository\org\openjfx\javafx-fxml\21.0.2\javafx-fxml-21.0.2-win.jar;C:\Users\dhiebert\.m2\repository\org\openjfx\javafx-graphics\21.0.2\javafx-graphics-21.0.2.jar;C:\Users\dhiebert\.m2\repository\org\openjfx\javafx-graphics\21.0.2\javafx-graphics-21.0.2-win.jar;C:\Users\dhiebert\.m2\repository\org\openjfx\javafx-base\21.0.2\javafx-base-21.0.2.jar;C:\Users\dhiebert\.m2\repository\org\openjfx\javafx-base\21.0.2\javafx-base-21.0.2-win.jar;C:\Users\dhiebert\.m2\repository\com\h2database\h2\2.2.224\h2-2.2.224.jar;C:\Users\dhiebert\.m2\repository\com\zaxxer\HikariCP\5.1.0\HikariCP-5.1.0.jar;C:\Users\dhiebert\.m2\repository\org\slf4j\slf4j-api\1.7.36\slf4j-api-1.7.36.jar;C:\Users\dhiebert\.m2\repository\org\hibernate\orm\hibernate-core\6.5.0.Final\hibernate-core-6.5.0.Final.jar;C:\Users\dhiebert\.m2\repository\jakarta\persistence\jakarta.persistence-api\3.1.0\jakarta.persistence-api-3.1.0.jar;C:\Users\dhiebert\.m2\repository\jakarta\transaction\jakarta.transaction-api\2.0.1\jakarta.transaction-api-2.0.1.jar;C:\Users\dhiebert\.m2\repository\org\jboss\logging\jboss-logging\3.5.0.Final\jboss-logging-3.5.0.Final.jar;C:\Users\dhiebert\.m2\repository\org\hibernate\common\hibernate-commons-annotations\6.0.6.Final\hibernate-commons-annotations-6.0.6.Final.jar;C:\Users\dhiebert\.m2\repository\io\smallrye\jandex\3.1.2\jandex-3.1.2.jar;C:\Users\dhiebert\.m2\repository\com\fasterxml\classmate\1.5.1\classmate-1.5.1.jar;C:\Users\dhiebert\.m2\repository\net\bytebuddy\byte-buddy\1.14.12\byte-buddy-1.14.12.jar;C:\Users\dhiebert\.m2\repository\jakarta\xml\bind\jakarta.xml.bind-api\4.0.0\jakarta.xml.bind-api-4.0.0.jar;C:\Users\dhiebert\.m2\repository\jakarta\activation\jakarta.activation-api\2.1.0\jakarta.activation-api-2.1.0.jar;C:\Users\dhiebert\.m2\repository\org\glassfish\jaxb\jaxb-runtime\4.0.2\jaxb-runtime-4.0.2.jar;C:\Users\dhiebert\.m2\repository\org\glassfish\jaxb\jaxb-core\4.0.2\jaxb-core-4.0.2.jar;C:\Users\dhiebert\.m2\repository\org\eclipse\angus\angus-activation\2.0.0\angus-activation-2.0.0.jar;C:\Users\dhiebert\.m2\repository\org\glassfish\jaxb\txw2\4.0.2\txw2-4.0.2.jar;C:\Users\dhiebert\.m2\repository\com\sun\istack\istack-commons-runtime\4.1.1\istack-commons-runtime-4.1.1.jar;C:\Users\dhiebert\.m2\repository\jakarta\inject\jakarta.inject-api\2.0.1\jakarta.inject-api-2.0.1.jar;C:\Users\dhiebert\.m2\repository\org\antlr\antlr4-runtime\4.13.0\antlr4-runtime-4.13.0.jar;C:\Users\dhiebert\.m2\repository\org\hibernate\validator\hibernate-validator\8.0.1.Final\hibernate-validator-8.0.1.Final.jar;C:\Users\dhiebert\.m2\repository\jakarta\validation\jakarta.validation-api\3.0.2\jakarta.validation-api-3.0.2.jar;C:\Users\dhiebert\.m2\repository\org\junit\jupiter\junit-jupiter-api\5.10.2\junit-jupiter-api-5.10.2.jar;C:\Users\dhiebert\.m2\repository\org\opentest4j\opentest4j\1.3.0\opentest4j-1.3.0.jar;C:\Users\dhiebert\.m2\repository\org\junit\platform\junit-platform-commons\1.10.2\junit-platform-commons-1.10.2.jar;C:\Users\dhiebert\.m2\repository\org\apiguardian\apiguardian-api\1.1.2\apiguardian-api-1.1.2.jar;C:\Users\dhiebert\.m2\repository\org\junit\jupiter\junit-jupiter-engine\5.10.2\junit-jupiter-engine-5.10.2.jar;C:\Users\dhiebert\.m2\repository\org\junit\platform\junit-platform-engine\1.10.2\junit-platform-engine-1.10.2.jar;C:\Users\dhiebert\.m2\repository\org\mockito\mockito-junit-jupiter\5.10.0\mockito-junit-jupiter-5.10.0.jar;C:\Users\dhiebert\.m2\repository\org\mockito\mockito-core\5.10.0\mockito-core-5.10.0.jar;C:\Users\dhiebert\.m2\repository\net\bytebuddy\byte-buddy-agent\1.14.11\byte-buddy-agent-1.14.11.jar;C:\Users\dhiebert\.m2\repository\org\objenesis\objenesis\3.3\objenesis-3.3.jar;C:\Users\dhiebert\.m2\repository\org\hibernate\orm\hibernate-hikaricp\6.5.0.Final\hibernate-hikaricp-6.5.0.Final.jar;C:\Users\dhiebert\.m2\repository\ch\qos\logback\logback-classic\1.2.11\logback-classic-1.2.11.jar;C:\Users\dhiebert\.m2\repository\ch\qos\logback\logback-core\1.2.11\logback-core-1.2.11.jar;C:\Users\dhiebert\.m2\repository\org\testfx\testfx-core\4.0.18\testfx-core-4.0.18.jar;C:\Users\dhiebert\.m2\repository\org\hamcrest\hamcrest\2.1\hamcrest-2.1.jar;C:\Users\dhiebert\.m2\repository\org\assertj\assertj-core\3.13.2\assertj-core-3.13.2.jar;C:\Users\dhiebert\.m2\repository\org\osgi\org.osgi.core\6.0.0\org.osgi.core-6.0.0.jar;C:\Users\dhiebert\.m2\repository\org\testfx\testfx-junit5\4.0.18\testfx-junit5-4.0.18.jar;C:\Users\dhiebert\.m2\repository\org\openjfx\javafx-web\17.0.2\javafx-web-17.0.2.jar;C:\Users\dhiebert\.m2\repository\org\openjfx\javafx-web\17.0.2\javafx-web-17.0.2-win.jar;C:\Users\dhiebert\.m2\repository\org\openjfx\javafx-media\17.0.2\javafx-media-17.0.2.jar;C:\Users\dhiebert\.m2\repository\org\openjfx\javafx-media\17.0.2\javafx-media-17.0.2-win.jar;C:\Users\dhiebert\.m2\repository\org\apache\pdfbox\pdfbox\2.0.27\pdfbox-2.0.27.jar;C:\Users\dhiebert\.m2\repository\org\apache\pdfbox\fontbox\2.0.27\fontbox-2.0.27.jar;C:\Users\dhiebert\.m2\repository\commons-logging\commons-logging\1.2\commons-logging-1.2.jar;C:\Users\dhiebert\.m2\repository\com\fasterxml\jackson\core\jackson-databind\2.15.0\jackson-databind-2.15.0.jar;C:\Users\dhiebert\.m2\repository\com\fasterxml\jackson\core\jackson-annotations\2.15.0\jackson-annotations-2.15.0.jar;C:\Users\dhiebert\.m2\repository\com\fasterxml\jackson\core\jackson-core\2.15.0\jackson-core-2.15.0.jar;C:\Users\dhiebert\.m2\repository\org\apache\xmlgraphics\batik-all\1.16\batik-all-1.16.jar;C:\Users\dhiebert\.m2\repository\xml-apis\xml-apis\1.4.01\xml-apis-1.4.01.jar;C:\Users\dhiebert\.m2\repository\xml-apis\xml-apis-ext\1.3.04\xml-apis-ext-1.3.04.jar;C:\Users\dhiebert\.m2\repository\org\apache\xmlgraphics\xmlgraphics-commons\2.7\xmlgraphics-commons-2.7.jar;C:\Users\dhiebert\.m2\repository\commons-io\commons-io\1.3.1\commons-io-1.3.1.jar;C:\Users\dhiebert\.m2\repository\org\jgrapht\jgrapht-core\1.5.2\jgrapht-core-1.5.2.jar;C:\Users\dhiebert\.m2\repository\org\jheaps\jheaps\0.14\jheaps-0.14.jar;C:\Users\dhiebert\.m2\repository\org\apfloat\apfloat\1.10.1\apfloat-1.10.1.jar;, java.vm.vendor=Eclipse Adoptium, sun.arch.data.model=64, hibernate.order_inserts=true, user.variant=, java.vendor.url=https://adoptium.net/, user.timezone=America/Chicago, javax.persistence.jdbc.user=****, javax.persistence.jdbc.url=jdbc:h2:file:C:\Users\dhiebert\.frcpm\frcpm, java.vm.specification.version=21, os.name=Windows 11, hibernate.generate_statistics=false, hibernate.hikari.connectionTimeout=10000, hibernate.order_updates=true, hibernate.jdbc.batch_versioned_data=true, jakarta.persistence.jdbc.password=****, hibernate.jdbc.batch_size=30, sun.java.launcher=SUN_STANDARD, user.country=US, local.setting.IS_JTA_TXN_COORD=false, sun.boot.library.path=C:\Program Files\Eclipse Adoptium\jdk-21.0.6.7-hotspot\bin, sun.java.command=C:\Users\dhiebert\AppData\Local\Temp\surefire9513985487531586668\surefirebooter-20250425102356946_3.jar C:\Users\dhiebert\AppData\Local\Temp\surefire9513985487531586668 2025-04-25T10-23-56_800-jvmRun1 surefire-20250425102356946_1tmp surefire_0-20250425102356946_2tmp, hibernate.use_sql_comments=false, hibernate.connection.provider_class=org.hibernate.hikaricp.internal.HikariCPConnectionProvider, jdk.debug=release, surefire.test.class.path=C:\Users\dhiebert\Local Repositories\Project Management 2.0\target\test-classes;C:\Users\dhiebert\Local Repositories\Project Management 2.0\target\classes;C:\Users\dhiebert\.m2\repository\org\openjfx\javafx-controls\21.0.2\javafx-controls-21.0.2.jar;C:\Users\dhiebert\.m2\repository\org\openjfx\javafx-controls\21.0.2\javafx-controls-21.0.2-win.jar;C:\Users\dhiebert\.m2\repository\org\openjfx\javafx-fxml\21.0.2\javafx-fxml-21.0.2.jar;C:\Users\dhiebert\.m2\repository\org\openjfx\javafx-fxml\21.0.2\javafx-fxml-21.0.2-win.jar;C:\Users\dhiebert\.m2\repository\org\openjfx\javafx-graphics\21.0.2\javafx-graphics-21.0.2.jar;C:\Users\dhiebert\.m2\repository\org\openjfx\javafx-graphics\21.0.2\javafx-graphics-21.0.2-win.jar;C:\Users\dhiebert\.m2\repository\org\openjfx\javafx-base\21.0.2\javafx-base-21.0.2.jar;C:\Users\dhiebert\.m2\repository\org\openjfx\javafx-base\21.0.2\javafx-base-21.0.2-win.jar;C:\Users\dhiebert\.m2\repository\com\h2database\h2\2.2.224\h2-2.2.224.jar;C:\Users\dhiebert\.m2\repository\com\zaxxer\HikariCP\5.1.0\HikariCP-5.1.0.jar;C:\Users\dhiebert\.m2\repository\org\slf4j\slf4j-api\1.7.36\slf4j-api-1.7.36.jar;C:\Users\dhiebert\.m2\repository\org\hibernate\orm\hibernate-core\6.5.0.Final\hibernate-core-6.5.0.Final.jar;C:\Users\dhiebert\.m2\repository\jakarta\persistence\jakarta.persistence-api\3.1.0\jakarta.persistence-api-3.1.0.jar;C:\Users\dhiebert\.m2\repository\jakarta\transaction\jakarta.transaction-api\2.0.1\jakarta.transaction-api-2.0.1.jar;C:\Users\dhiebert\.m2\repository\org\jboss\logging\jboss-logging\3.5.0.Final\jboss-logging-3.5.0.Final.jar;C:\Users\dhiebert\.m2\repository\org\hibernate\common\hibernate-commons-annotations\6.0.6.Final\hibernate-commons-annotations-6.0.6.Final.jar;C:\Users\dhiebert\.m2\repository\io\smallrye\jandex\3.1.2\jandex-3.1.2.jar;C:\Users\dhiebert\.m2\repository\com\fasterxml\classmate\1.5.1\classmate-1.5.1.jar;C:\Users\dhiebert\.m2\repository\net\bytebuddy\byte-buddy\1.14.12\byte-buddy-1.14.12.jar;C:\Users\dhiebert\.m2\repository\jakarta\xml\bind\jakarta.xml.bind-api\4.0.0\jakarta.xml.bind-api-4.0.0.jar;C:\Users\dhiebert\.m2\repository\jakarta\activation\jakarta.activation-api\2.1.0\jakarta.activation-api-2.1.0.jar;C:\Users\dhiebert\.m2\repository\org\glassfish\jaxb\jaxb-runtime\4.0.2\jaxb-runtime-4.0.2.jar;C:\Users\dhiebert\.m2\repository\org\glassfish\jaxb\jaxb-core\4.0.2\jaxb-core-4.0.2.jar;C:\Users\dhiebert\.m2\repository\org\eclipse\angus\angus-activation\2.0.0\angus-activation-2.0.0.jar;C:\Users\dhiebert\.m2\repository\org\glassfish\jaxb\txw2\4.0.2\txw2-4.0.2.jar;C:\Users\dhiebert\.m2\repository\com\sun\istack\istack-commons-runtime\4.1.1\istack-commons-runtime-4.1.1.jar;C:\Users\dhiebert\.m2\repository\jakarta\inject\jakarta.inject-api\2.0.1\jakarta.inject-api-2.0.1.jar;C:\Users\dhiebert\.m2\repository\org\antlr\antlr4-runtime\4.13.0\antlr4-runtime-4.13.0.jar;C:\Users\dhiebert\.m2\repository\org\hibernate\validator\hibernate-validator\8.0.1.Final\hibernate-validator-8.0.1.Final.jar;C:\Users\dhiebert\.m2\repository\jakarta\validation\jakarta.validation-api\3.0.2\jakarta.validation-api-3.0.2.jar;C:\Users\dhiebert\.m2\repository\org\junit\jupiter\junit-jupiter-api\5.10.2\junit-jupiter-api-5.10.2.jar;C:\Users\dhiebert\.m2\repository\org\opentest4j\opentest4j\1.3.0\opentest4j-1.3.0.jar;C:\Users\dhiebert\.m2\repository\org\junit\platform\junit-platform-commons\1.10.2\junit-platform-commons-1.10.2.jar;C:\Users\dhiebert\.m2\repository\org\apiguardian\apiguardian-api\1.1.2\apiguardian-api-1.1.2.jar;C:\Users\dhiebert\.m2\repository\org\junit\jupiter\junit-jupiter-engine\5.10.2\junit-jupiter-engine-5.10.2.jar;C:\Users\dhiebert\.m2\repository\org\junit\platform\junit-platform-engine\1.10.2\junit-platform-engine-1.10.2.jar;C:\Users\dhiebert\.m2\repository\org\mockito\mockito-junit-jupiter\5.10.0\mockito-junit-jupiter-5.10.0.jar;C:\Users\dhiebert\.m2\repository\org\mockito\mockito-core\5.10.0\mockito-core-5.10.0.jar;C:\Users\dhiebert\.m2\repository\net\bytebuddy\byte-buddy-agent\1.14.11\byte-buddy-agent-1.14.11.jar;C:\Users\dhiebert\.m2\repository\org\objenesis\objenesis\3.3\objenesis-3.3.jar;C:\Users\dhiebert\.m2\repository\org\hibernate\orm\hibernate-hikaricp\6.5.0.Final\hibernate-hikaricp-6.5.0.Final.jar;C:\Users\dhiebert\.m2\repository\ch\qos\logback\logback-classic\1.2.11\logback-classic-1.2.11.jar;C:\Users\dhiebert\.m2\repository\ch\qos\logback\logback-core\1.2.11\logback-core-1.2.11.jar;C:\Users\dhiebert\.m2\repository\org\testfx\testfx-core\4.0.18\testfx-core-4.0.18.jar;C:\Users\dhiebert\.m2\repository\org\hamcrest\hamcrest\2.1\hamcrest-2.1.jar;C:\Users\dhiebert\.m2\repository\org\assertj\assertj-core\3.13.2\assertj-core-3.13.2.jar;C:\Users\dhiebert\.m2\repository\org\osgi\org.osgi.core\6.0.0\org.osgi.core-6.0.0.jar;C:\Users\dhiebert\.m2\repository\org\testfx\testfx-junit5\4.0.18\testfx-junit5-4.0.18.jar;C:\Users\dhiebert\.m2\repository\org\openjfx\javafx-web\17.0.2\javafx-web-17.0.2.jar;C:\Users\dhiebert\.m2\repository\org\openjfx\javafx-web\17.0.2\javafx-web-17.0.2-win.jar;C:\Users\dhiebert\.m2\repository\org\openjfx\javafx-media\17.0.2\javafx-media-17.0.2.jar;C:\Users\dhiebert\.m2\repository\org\openjfx\javafx-media\17.0.2\javafx-media-17.0.2-win.jar;C:\Users\dhiebert\.m2\repository\org\apache\pdfbox\pdfbox\2.0.27\pdfbox-2.0.27.jar;C:\Users\dhiebert\.m2\repository\org\apache\pdfbox\fontbox\2.0.27\fontbox-2.0.27.jar;C:\Users\dhiebert\.m2\repository\commons-logging\commons-logging\1.2\commons-logging-1.2.jar;C:\Users\dhiebert\.m2\repository\com\fasterxml\jackson\core\jackson-databind\2.15.0\jackson-databind-2.15.0.jar;C:\Users\dhiebert\.m2\repository\com\fasterxml\jackson\core\jackson-annotations\2.15.0\jackson-annotations-2.15.0.jar;C:\Users\dhiebert\.m2\repository\com\fasterxml\jackson\core\jackson-core\2.15.0\jackson-core-2.15.0.jar;C:\Users\dhiebert\.m2\repository\org\apache\xmlgraphics\batik-all\1.16\batik-all-1.16.jar;C:\Users\dhiebert\.m2\repository\xml-apis\xml-apis\1.4.01\xml-apis-1.4.01.jar;C:\Users\dhiebert\.m2\repository\xml-apis\xml-apis-ext\1.3.04\xml-apis-ext-1.3.04.jar;C:\Users\dhiebert\.m2\repository\org\apache\xmlgraphics\xmlgraphics-commons\2.7\xmlgraphics-commons-2.7.jar;C:\Users\dhiebert\.m2\repository\commons-io\commons-io\1.3.1\commons-io-1.3.1.jar;C:\Users\dhiebert\.m2\repository\org\jgrapht\jgrapht-core\1.5.2\jgrapht-core-1.5.2.jar;C:\Users\dhiebert\.m2\repository\org\jheaps\jheaps\0.14\jheaps-0.14.jar;C:\Users\dhiebert\.m2\repository\org\apfloat\apfloat\1.10.1\apfloat-1.10.1.jar;, jakarta.persistence.jdbc.driver=org.h2.Driver, sun.cpu.endian=little, user.home=C:\Users\dhiebert, user.language=en, java.specification.vendor=Oracle Corporation, java.version.date=2025-01-21, java.home=C:\Program Files\Eclipse Adoptium\jdk-21.0.6.7-hotspot, file.separator=\, basedir=C:\Users\dhiebert\Local Repositories\Project Management 2.0, java.vm.compressedOopsMode=Zero based, jakarta.persistence.jdbc.user=****, line.separator=
, hibernate.persistenceUnitName=frcpm, java.vm.specification.vendor=Oracle Corporation, java.specification.name=Java Platform API Specification, hibernate.transaction.coordinator_class=class org.hibernate.resource.transaction.backend.jdbc.internal.JdbcResourceLocalTransactionCoordinatorBuilderImpl, javax.persistence.jdbc.driver=org.h2.Driver, hibernate.hikari.maximumPoolSize=10, surefire.real.class.path=C:\Users\dhiebert\AppData\Local\Temp\surefire9513985487531586668\surefirebooter-20250425102356946_3.jar, hibernate.hbm2ddl.auto=update, user.script=, sun.management.compiler=HotSpot 64-Bit Tiered Compilers, java.runtime.version=21.0.6+7-LTS, user.name=dhiebert, hibernate.cache.use_query_cache=false, stdout.encoding=Cp1252, path.separator=;, hibernate.connection.username=****, os.version=10.0, java.runtime.name=OpenJDK Runtime Environment, hibernate.connection.url=jdbc:h2:file:C:\Users\dhiebert\.frcpm\frcpm, file.encoding=UTF-8, hibernate.hikari.minimumIdle=2, hibernate.hikari.idleTimeout=30000, java.vm.name=OpenJDK 64-Bit Server VM, hibernate.show_sql=false, java.vendor.version=Temurin-21.0.6+7, hibernate.hikari.poolName=FRC-PM-HikariCP, hibernate.current_session_context_class=thread, localRepository=C:\Users\dhiebert\.m2\repository, hibernate.connection.driver_class=org.h2.Driver, java.vendor.url.bug=https://github.com/adoptium/adoptium-support/issues, java.io.tmpdir=C:\Users\dhiebert\AppData\Local\Temp\, java.version=21.0.6, user.dir=C:\Users\dhiebert\Local Repositories\Project Management 2.0, os.arch=amd64, java.vm.specification.name=Java Virtual Machine Specification, hibernate.connection.password=****, sun.os.patch.level=, jakarta.persistence.jdbc.url=jdbc:h2:file:C:\Users\dhiebert\.frcpm\frcpm, hibernate.boot.CfgXmlAccessService.key=org.hibernate.boot.registry.StandardServiceRegistryBuilder$1@5a1fdd67, native.encoding=Cp1252, hibernate.cache.use_second_level_cache=false, java.library.path=C:\Program Files\Eclipse Adoptium\jdk-21.0.6.7-hotspot\bin;C:\WINDOWS\Sun\Java\bin;C:\WINDOWS\system32;C:\WINDOWS;C:\Program Files\apache-maven-3.9.9\bin;C:\Program Files\Eclipse Adoptium\jdk-21.0.6.7-hotspot\bin;C:\Program Files\National Instruments\Shared\OpenVINO\;C:\Program Files\Common Files\Oracle\Java\javapath;C:\WINDOWS\system32;C:\WINDOWS;C:\WINDOWS\System32\Wbem;C:\WINDOWS\System32\WindowsPowerShell\v1.0\;C:\WINDOWS\System32\OpenSSH\;C:\Program Files\dotnet\;C:\Program Files (x86)\Windows Live\Shared;C:\Program Files\Git\cmd;C:\Program Files\Common Files\Autodesk Shared\;C:\Program Files\Microsoft SQL Server\150\Tools\Binn\;C:\Program Files\nodejs\;C:\Program Files\Eclipse Adoptium\jdk-21.0.6.7-hotspot\bin;C:\Program Files\apache-maven-3.9.9\bin;%MAVEN_HOME%\bin;C:\Users\dhiebert\AppData\Local\Microsoft\WindowsApps;C:\Users\dhiebert\AppData\Local\GitHubDesktop\bin;C:\Users\dhiebert\AppData\Roaming\npm;C:\Users\dhiebert\AppData\Local\Packages\PythonSoftwareFoundation.Python.3.11_qbz5n2kfra8p0\LocalCache\local-packages\Python311\Scripts;C:\Users\dhiebert\AppData\Local\Packages\PythonSoftwareFoundation.Python.3.11_qbz5n2kfra8p0\LocalCache\local-packages\Python311\site-packages\maven;;c:\Users\Public\wpilib\2025\vscode\data\user-data\User\globalStorage\github.copilot-chat\debugCommand;c:\Users\Public\wpilib\2025\vscode\data\extensions\ms-python.debugpy-2025.4.1-win32-x64\bundled\scripts\noConfigScripts;., stderr.encoding=Cp1252, java.vendor=Eclipse Adoptium, java.vm.info=mixed mode, sharing, java.vm.version=21.0.6+7-LTS, sun.io.unicode.encoding=UnicodeLittle, javax.persistence.jdbc.password=****, java.class.version=65.0}
10:24:45.265 [main] DEBUG org.hibernate.internal.SessionFactoryImpl - Session factory constructed with filter configurations : {}
10:24:45.265 [main] DEBUG org.hibernate.validator.internal.xml.config.ValidationXmlParser - Trying to load META-INF/validation.xml for XML based Validator configuration.
10:24:45.265 [main] DEBUG org.hibernate.validator.internal.xml.config.ResourceLoaderHelper - Trying to load META-INF/validation.xml via TCCL
10:24:45.265 [main] DEBUG org.hibernate.validator.internal.xml.config.ResourceLoaderHelper - Trying to load META-INF/validation.xml via Hibernate Validator's class loader
10:24:45.265 [main] DEBUG org.hibernate.validator.internal.xml.config.ValidationXmlParser - No META-INF/validation.xml found. Using annotation based configuration only.
10:24:45.265 [main] DEBUG org.hibernate.validator.internal.engine.resolver.TraversableResolvers - Found jakarta.persistence.Persistence on classpath containing 'getPersistenceUtil'. Assuming JPA 2 environment. Trying to instantiate JPA aware TraversableResolver
10:24:45.265 [main] DEBUG org.hibernate.validator.internal.engine.resolver.TraversableResolvers - Instantiated JPA aware TraversableResolver of type org.hibernate.validator.internal.engine.resolver.JPATraversableResolver.
10:24:45.266 [main] DEBUG org.hibernate.validator.messageinterpolation.ResourceBundleMessageInterpolator - Failed to load expression factory via classloader jdk.internal.loader.ClassLoaders$AppClassLoader@70dea4e
java.lang.NoClassDefFoundError: jakarta/el/ExpressionFactory
	at org.hibernate.validator.messageinterpolation.ResourceBundleMessageInterpolator.canLoadExpressionFactory(ResourceBundleMessageInterpolator.java:228)
	at org.hibernate.validator.messageinterpolation.ResourceBundleMessageInterpolator.buildExpressionFactory(ResourceBundleMessageInterpolator.java:173)
	at org.hibernate.validator.messageinterpolation.ResourceBundleMessageInterpolator.<init>(ResourceBundleMessageInterpolator.java:97)
	at org.hibernate.validator.internal.engine.AbstractConfigurationImpl.getDefaultMessageInterpolator(AbstractConfigurationImpl.java:575)
	at org.hibernate.validator.internal.engine.AbstractConfigurationImpl.getDefaultMessageInterpolatorConfiguredWithClassLoader(AbstractConfigurationImpl.java:834)
	at org.hibernate.validator.internal.engine.AbstractConfigurationImpl.getMessageInterpolator(AbstractConfigurationImpl.java:485)
	at org.hibernate.validator.internal.engine.ValidatorFactoryImpl.<init>(ValidatorFactoryImpl.java:157)
	at org.hibernate.validator.HibernateValidator.buildValidatorFactory(HibernateValidator.java:38)
	at org.hibernate.validator.internal.engine.AbstractConfigurationImpl.buildValidatorFactory(AbstractConfigurationImpl.java:453)
	at jakarta.validation.Validation.buildDefaultValidatorFactory(Validation.java:103)
	at org.hibernate.boot.beanvalidation.TypeSafeActivator.getValidatorFactory(TypeSafeActivator.java:482)
	at org.hibernate.boot.beanvalidation.TypeSafeActivator.activate(TypeSafeActivator.java:79)
	at java.base/jdk.internal.reflect.DirectMethodHandleAccessor.invoke(DirectMethodHandleAccessor.java:103)
	at java.base/java.lang.reflect.Method.invoke(Method.java:580)
	at org.hibernate.boot.beanvalidation.BeanValidationIntegrator.integrate(BeanValidationIntegrator.java:139)
	at org.hibernate.internal.SessionFactoryImpl.integrate(SessionFactoryImpl.java:517)
	at org.hibernate.internal.SessionFactoryImpl.<init>(SessionFactoryImpl.java:276)
	at org.hibernate.boot.internal.SessionFactoryBuilderImpl.build(SessionFactoryBuilderImpl.java:457)
	at org.hibernate.jpa.boot.internal.EntityManagerFactoryBuilderImpl.build(EntityManagerFactoryBuilderImpl.java:1506)
	at org.hibernate.jpa.HibernatePersistenceProvider.createEntityManagerFactory(HibernatePersistenceProvider.java:55)
	at jakarta.persistence.Persistence.createEntityManagerFactory(Persistence.java:80)
	at org.frcpm.config.DatabaseConfig.initialize(DatabaseConfig.java:114)
	at org.frcpm.config.DatabaseConfig.initialize(DatabaseConfig.java:28)
	at org.frcpm.repositories.SubteamRepositoryTest.setUp(SubteamRepositoryTest.java:24)
	at java.base/jdk.internal.reflect.DirectMethodHandleAccessor.invoke(DirectMethodHandleAccessor.java:103)
	at java.base/java.lang.reflect.Method.invoke(Method.java:580)
	at org.junit.platform.commons.util.ReflectionUtils.invokeMethod(ReflectionUtils.java:728)
	at org.junit.jupiter.engine.execution.MethodInvocation.proceed(MethodInvocation.java:60)
	at org.junit.jupiter.engine.execution.InvocationInterceptorChain$ValidatingInvocation.proceed(InvocationInterceptorChain.java:131)
	at org.junit.jupiter.engine.extension.TimeoutExtension.intercept(TimeoutExtension.java:156)
	at org.junit.jupiter.engine.extension.TimeoutExtension.interceptLifecycleMethod(TimeoutExtension.java:128)
	at org.junit.jupiter.engine.extension.TimeoutExtension.interceptBeforeEachMethod(TimeoutExtension.java:78)
	at org.junit.jupiter.engine.execution.InterceptingExecutableInvoker$ReflectiveInterceptorCall.lambda$ofVoidMethod$0(InterceptingExecutableInvoker.java:103)
	at org.junit.jupiter.engine.execution.InterceptingExecutableInvoker.lambda$invoke$0(InterceptingExecutableInvoker.java:93)
	at org.junit.jupiter.engine.execution.InvocationInterceptorChain$InterceptedInvocation.proceed(InvocationInterceptorChain.java:106)
	at org.junit.jupiter.engine.execution.InvocationInterceptorChain.proceed(InvocationInterceptorChain.java:64)
	at org.junit.jupiter.engine.execution.InvocationInterceptorChain.chainAndInvoke(InvocationInterceptorChain.java:45)
	at org.junit.jupiter.engine.execution.InvocationInterceptorChain.invoke(InvocationInterceptorChain.java:37)
	at org.junit.jupiter.engine.execution.InterceptingExecutableInvoker.invoke(InterceptingExecutableInvoker.java:92)
	at org.junit.jupiter.engine.execution.InterceptingExecutableInvoker.invoke(InterceptingExecutableInvoker.java:86)
	at org.junit.jupiter.engine.descriptor.ClassBasedTestDescriptor.invokeMethodInExtensionContext(ClassBasedTestDescriptor.java:521)
	at org.junit.jupiter.engine.descriptor.ClassBasedTestDescriptor.lambda$synthesizeBeforeEachMethodAdapter$23(ClassBasedTestDescriptor.java:506)
	at org.junit.jupiter.engine.descriptor.TestMethodTestDescriptor.lambda$invokeBeforeEachMethods$3(TestMethodTestDescriptor.java:175)
	at org.junit.jupiter.engine.descriptor.TestMethodTestDescriptor.lambda$invokeBeforeMethodsOrCallbacksUntilExceptionOccurs$6(TestMethodTestDescriptor.java:203)
	at org.junit.platform.engine.support.hierarchical.ThrowableCollector.execute(ThrowableCollector.java:73)
	at org.junit.jupiter.engine.descriptor.TestMethodTestDescriptor.invokeBeforeMethodsOrCallbacksUntilExceptionOccurs(TestMethodTestDescriptor.java:203)
	at org.junit.jupiter.engine.descriptor.TestMethodTestDescriptor.invokeBeforeEachMethods(TestMethodTestDescriptor.java:172)
	at org.junit.jupiter.engine.descriptor.TestMethodTestDescriptor.execute(TestMethodTestDescriptor.java:135)
	at org.junit.jupiter.engine.descriptor.TestMethodTestDescriptor.execute(TestMethodTestDescriptor.java:69)
	at org.junit.platform.engine.support.hierarchical.NodeTestTask.lambda$executeRecursively$6(NodeTestTask.java:151)
	at org.junit.platform.engine.support.hierarchical.ThrowableCollector.execute(ThrowableCollector.java:73)
	at org.junit.platform.engine.support.hierarchical.NodeTestTask.lambda$executeRecursively$8(NodeTestTask.java:141)
	at org.junit.platform.engine.support.hierarchical.Node.around(Node.java:137)
	at org.junit.platform.engine.support.hierarchical.NodeTestTask.lambda$executeRecursively$9(NodeTestTask.java:139)
	at org.junit.platform.engine.support.hierarchical.ThrowableCollector.execute(ThrowableCollector.java:73)
	at org.junit.platform.engine.support.hierarchical.NodeTestTask.executeRecursively(NodeTestTask.java:138)
	at org.junit.platform.engine.support.hierarchical.NodeTestTask.execute(NodeTestTask.java:95)
	at java.base/java.util.ArrayList.forEach(ArrayList.java:1596)
	at org.junit.platform.engine.support.hierarchical.SameThreadHierarchicalTestExecutorService.invokeAll(SameThreadHierarchicalTestExecutorService.java:41)
	at org.junit.platform.engine.support.hierarchical.NodeTestTask.lambda$executeRecursively$6(NodeTestTask.java:155)
	at org.junit.platform.engine.support.hierarchical.ThrowableCollector.execute(ThrowableCollector.java:73)
	at org.junit.platform.engine.support.hierarchical.NodeTestTask.lambda$executeRecursively$8(NodeTestTask.java:141)
	at org.junit.platform.engine.support.hierarchical.Node.around(Node.java:137)
	at org.junit.platform.engine.support.hierarchical.NodeTestTask.lambda$executeRecursively$9(NodeTestTask.java:139)
	at org.junit.platform.engine.support.hierarchical.ThrowableCollector.execute(ThrowableCollector.java:73)
	at org.junit.platform.engine.support.hierarchical.NodeTestTask.executeRecursively(NodeTestTask.java:138)
	at org.junit.platform.engine.support.hierarchical.NodeTestTask.execute(NodeTestTask.java:95)
	at java.base/java.util.ArrayList.forEach(ArrayList.java:1596)
	at org.junit.platform.engine.support.hierarchical.SameThreadHierarchicalTestExecutorService.invokeAll(SameThreadHierarchicalTestExecutorService.java:41)
	at org.junit.platform.engine.support.hierarchical.NodeTestTask.lambda$executeRecursively$6(NodeTestTask.java:155)
	at org.junit.platform.engine.support.hierarchical.ThrowableCollector.execute(ThrowableCollector.java:73)
	at org.junit.platform.engine.support.hierarchical.NodeTestTask.lambda$executeRecursively$8(NodeTestTask.java:141)
	at org.junit.platform.engine.support.hierarchical.Node.around(Node.java:137)
	at org.junit.platform.engine.support.hierarchical.NodeTestTask.lambda$executeRecursively$9(NodeTestTask.java:139)
	at org.junit.platform.engine.support.hierarchical.ThrowableCollector.execute(ThrowableCollector.java:73)
	at org.junit.platform.engine.support.hierarchical.NodeTestTask.executeRecursively(NodeTestTask.java:138)
	at org.junit.platform.engine.support.hierarchical.NodeTestTask.execute(NodeTestTask.java:95)
	at org.junit.platform.engine.support.hierarchical.SameThreadHierarchicalTestExecutorService.submit(SameThreadHierarchicalTestExecutorService.java:35)
	at org.junit.platform.engine.support.hierarchical.HierarchicalTestExecutor.execute(HierarchicalTestExecutor.java:57)
	at org.junit.platform.engine.support.hierarchical.HierarchicalTestEngine.execute(HierarchicalTestEngine.java:54)
	at org.junit.platform.launcher.core.EngineExecutionOrchestrator.execute(EngineExecutionOrchestrator.java:198)
	at org.junit.platform.launcher.core.EngineExecutionOrchestrator.execute(EngineExecutionOrchestrator.java:169)
	at org.junit.platform.launcher.core.EngineExecutionOrchestrator.execute(EngineExecutionOrchestrator.java:93)
	at org.junit.platform.launcher.core.EngineExecutionOrchestrator.lambda$execute$0(EngineExecutionOrchestrator.java:58)
	at org.junit.platform.launcher.core.EngineExecutionOrchestrator.withInterceptedStreams(EngineExecutionOrchestrator.java:141)
	at org.junit.platform.launcher.core.EngineExecutionOrchestrator.execute(EngineExecutionOrchestrator.java:57)
	at org.junit.platform.launcher.core.DefaultLauncher.execute(DefaultLauncher.java:103)
	at org.junit.platform.launcher.core.DefaultLauncher.execute(DefaultLauncher.java:85)
	at org.junit.platform.launcher.core.DelegatingLauncher.execute(DelegatingLauncher.java:47)
	at org.apache.maven.surefire.junitplatform.LazyLauncher.execute(LazyLauncher.java:56)
	at org.apache.maven.surefire.junitplatform.JUnitPlatformProvider.execute(JUnitPlatformProvider.java:184)
	at org.apache.maven.surefire.junitplatform.JUnitPlatformProvider.invokeAllTests(JUnitPlatformProvider.java:148)
	at org.apache.maven.surefire.junitplatform.JUnitPlatformProvider.invoke(JUnitPlatformProvider.java:122)
	at org.apache.maven.surefire.booter.ForkedBooter.runSuitesInProcess(ForkedBooter.java:385)
	at org.apache.maven.surefire.booter.ForkedBooter.execute(ForkedBooter.java:162)
	at org.apache.maven.surefire.booter.ForkedBooter.run(ForkedBooter.java:507)
	at org.apache.maven.surefire.booter.ForkedBooter.main(ForkedBooter.java:495)
Caused by: java.lang.ClassNotFoundException: jakarta.el.ExpressionFactory
	... 97 common frames omitted
10:24:45.266 [main] DEBUG org.hibernate.validator.messageinterpolation.ResourceBundleMessageInterpolator - Failed to load expression factory via classloader jdk.internal.loader.ClassLoaders$AppClassLoader@70dea4e
java.lang.NoClassDefFoundError: jakarta/el/ExpressionFactory
	at org.hibernate.validator.messageinterpolation.ResourceBundleMessageInterpolator.canLoadExpressionFactory(ResourceBundleMessageInterpolator.java:228)
	at org.hibernate.validator.messageinterpolation.ResourceBundleMessageInterpolator.buildExpressionFactory(ResourceBundleMessageInterpolator.java:186)
	at org.hibernate.validator.messageinterpolation.ResourceBundleMessageInterpolator.<init>(ResourceBundleMessageInterpolator.java:97)
	at org.hibernate.validator.internal.engine.AbstractConfigurationImpl.getDefaultMessageInterpolator(AbstractConfigurationImpl.java:575)
	at org.hibernate.validator.internal.engine.AbstractConfigurationImpl.getDefaultMessageInterpolatorConfiguredWithClassLoader(AbstractConfigurationImpl.java:834)
	at org.hibernate.validator.internal.engine.AbstractConfigurationImpl.getMessageInterpolator(AbstractConfigurationImpl.java:485)
	at org.hibernate.validator.internal.engine.ValidatorFactoryImpl.<init>(ValidatorFactoryImpl.java:157)
	at org.hibernate.validator.HibernateValidator.buildValidatorFactory(HibernateValidator.java:38)
	at org.hibernate.validator.internal.engine.AbstractConfigurationImpl.buildValidatorFactory(AbstractConfigurationImpl.java:453)
	at jakarta.validation.Validation.buildDefaultValidatorFactory(Validation.java:103)
	at org.hibernate.boot.beanvalidation.TypeSafeActivator.getValidatorFactory(TypeSafeActivator.java:482)
	at org.hibernate.boot.beanvalidation.TypeSafeActivator.activate(TypeSafeActivator.java:79)
	at java.base/jdk.internal.reflect.DirectMethodHandleAccessor.invoke(DirectMethodHandleAccessor.java:103)
	at java.base/java.lang.reflect.Method.invoke(Method.java:580)
	at org.hibernate.boot.beanvalidation.BeanValidationIntegrator.integrate(BeanValidationIntegrator.java:139)
	at org.hibernate.internal.SessionFactoryImpl.integrate(SessionFactoryImpl.java:517)
	at org.hibernate.internal.SessionFactoryImpl.<init>(SessionFactoryImpl.java:276)
	at org.hibernate.boot.internal.SessionFactoryBuilderImpl.build(SessionFactoryBuilderImpl.java:457)
	at org.hibernate.jpa.boot.internal.EntityManagerFactoryBuilderImpl.build(EntityManagerFactoryBuilderImpl.java:1506)
	at org.hibernate.jpa.HibernatePersistenceProvider.createEntityManagerFactory(HibernatePersistenceProvider.java:55)
	at jakarta.persistence.Persistence.createEntityManagerFactory(Persistence.java:80)
	at org.frcpm.config.DatabaseConfig.initialize(DatabaseConfig.java:114)
	at org.frcpm.config.DatabaseConfig.initialize(DatabaseConfig.java:28)
	at org.frcpm.repositories.SubteamRepositoryTest.setUp(SubteamRepositoryTest.java:24)
	at java.base/jdk.internal.reflect.DirectMethodHandleAccessor.invoke(DirectMethodHandleAccessor.java:103)
	at java.base/java.lang.reflect.Method.invoke(Method.java:580)
	at org.junit.platform.commons.util.ReflectionUtils.invokeMethod(ReflectionUtils.java:728)
	at org.junit.jupiter.engine.execution.MethodInvocation.proceed(MethodInvocation.java:60)
	at org.junit.jupiter.engine.execution.InvocationInterceptorChain$ValidatingInvocation.proceed(InvocationInterceptorChain.java:131)
	at org.junit.jupiter.engine.extension.TimeoutExtension.intercept(TimeoutExtension.java:156)
	at org.junit.jupiter.engine.extension.TimeoutExtension.interceptLifecycleMethod(TimeoutExtension.java:128)
	at org.junit.jupiter.engine.extension.TimeoutExtension.interceptBeforeEachMethod(TimeoutExtension.java:78)
	at org.junit.jupiter.engine.execution.InterceptingExecutableInvoker$ReflectiveInterceptorCall.lambda$ofVoidMethod$0(InterceptingExecutableInvoker.java:103)
	at org.junit.jupiter.engine.execution.InterceptingExecutableInvoker.lambda$invoke$0(InterceptingExecutableInvoker.java:93)
	at org.junit.jupiter.engine.execution.InvocationInterceptorChain$InterceptedInvocation.proceed(InvocationInterceptorChain.java:106)
	at org.junit.jupiter.engine.execution.InvocationInterceptorChain.proceed(InvocationInterceptorChain.java:64)
	at org.junit.jupiter.engine.execution.InvocationInterceptorChain.chainAndInvoke(InvocationInterceptorChain.java:45)
	at org.junit.jupiter.engine.execution.InvocationInterceptorChain.invoke(InvocationInterceptorChain.java:37)
	at org.junit.jupiter.engine.execution.InterceptingExecutableInvoker.invoke(InterceptingExecutableInvoker.java:92)
	at org.junit.jupiter.engine.execution.InterceptingExecutableInvoker.invoke(InterceptingExecutableInvoker.java:86)
	at org.junit.jupiter.engine.descriptor.ClassBasedTestDescriptor.invokeMethodInExtensionContext(ClassBasedTestDescriptor.java:521)
	at org.junit.jupiter.engine.descriptor.ClassBasedTestDescriptor.lambda$synthesizeBeforeEachMethodAdapter$23(ClassBasedTestDescriptor.java:506)
	at org.junit.jupiter.engine.descriptor.TestMethodTestDescriptor.lambda$invokeBeforeEachMethods$3(TestMethodTestDescriptor.java:175)
	at org.junit.jupiter.engine.descriptor.TestMethodTestDescriptor.lambda$invokeBeforeMethodsOrCallbacksUntilExceptionOccurs$6(TestMethodTestDescriptor.java:203)
	at org.junit.platform.engine.support.hierarchical.ThrowableCollector.execute(ThrowableCollector.java:73)
	at org.junit.jupiter.engine.descriptor.TestMethodTestDescriptor.invokeBeforeMethodsOrCallbacksUntilExceptionOccurs(TestMethodTestDescriptor.java:203)
	at org.junit.jupiter.engine.descriptor.TestMethodTestDescriptor.invokeBeforeEachMethods(TestMethodTestDescriptor.java:172)
	at org.junit.jupiter.engine.descriptor.TestMethodTestDescriptor.execute(TestMethodTestDescriptor.java:135)
	at org.junit.jupiter.engine.descriptor.TestMethodTestDescriptor.execute(TestMethodTestDescriptor.java:69)
	at org.junit.platform.engine.support.hierarchical.NodeTestTask.lambda$executeRecursively$6(NodeTestTask.java:151)
	at org.junit.platform.engine.support.hierarchical.ThrowableCollector.execute(ThrowableCollector.java:73)
	at org.junit.platform.engine.support.hierarchical.NodeTestTask.lambda$executeRecursively$8(NodeTestTask.java:141)
	at org.junit.platform.engine.support.hierarchical.Node.around(Node.java:137)
	at org.junit.platform.engine.support.hierarchical.NodeTestTask.lambda$executeRecursively$9(NodeTestTask.java:139)
	at org.junit.platform.engine.support.hierarchical.ThrowableCollector.execute(ThrowableCollector.java:73)
	at org.junit.platform.engine.support.hierarchical.NodeTestTask.executeRecursively(NodeTestTask.java:138)
	at org.junit.platform.engine.support.hierarchical.NodeTestTask.execute(NodeTestTask.java:95)
	at java.base/java.util.ArrayList.forEach(ArrayList.java:1596)
	at org.junit.platform.engine.support.hierarchical.SameThreadHierarchicalTestExecutorService.invokeAll(SameThreadHierarchicalTestExecutorService.java:41)
	at org.junit.platform.engine.support.hierarchical.NodeTestTask.lambda$executeRecursively$6(NodeTestTask.java:155)
	at org.junit.platform.engine.support.hierarchical.ThrowableCollector.execute(ThrowableCollector.java:73)
	at org.junit.platform.engine.support.hierarchical.NodeTestTask.lambda$executeRecursively$8(NodeTestTask.java:141)
	at org.junit.platform.engine.support.hierarchical.Node.around(Node.java:137)
	at org.junit.platform.engine.support.hierarchical.NodeTestTask.lambda$executeRecursively$9(NodeTestTask.java:139)
	at org.junit.platform.engine.support.hierarchical.ThrowableCollector.execute(ThrowableCollector.java:73)
	at org.junit.platform.engine.support.hierarchical.NodeTestTask.executeRecursively(NodeTestTask.java:138)
	at org.junit.platform.engine.support.hierarchical.NodeTestTask.execute(NodeTestTask.java:95)
	at java.base/java.util.ArrayList.forEach(ArrayList.java:1596)
	at org.junit.platform.engine.support.hierarchical.SameThreadHierarchicalTestExecutorService.invokeAll(SameThreadHierarchicalTestExecutorService.java:41)
	at org.junit.platform.engine.support.hierarchical.NodeTestTask.lambda$executeRecursively$6(NodeTestTask.java:155)
	at org.junit.platform.engine.support.hierarchical.ThrowableCollector.execute(ThrowableCollector.java:73)
	at org.junit.platform.engine.support.hierarchical.NodeTestTask.lambda$executeRecursively$8(NodeTestTask.java:141)
	at org.junit.platform.engine.support.hierarchical.Node.around(Node.java:137)
	at org.junit.platform.engine.support.hierarchical.NodeTestTask.lambda$executeRecursively$9(NodeTestTask.java:139)
	at org.junit.platform.engine.support.hierarchical.ThrowableCollector.execute(ThrowableCollector.java:73)
	at org.junit.platform.engine.support.hierarchical.NodeTestTask.executeRecursively(NodeTestTask.java:138)
	at org.junit.platform.engine.support.hierarchical.NodeTestTask.execute(NodeTestTask.java:95)
	at org.junit.platform.engine.support.hierarchical.SameThreadHierarchicalTestExecutorService.submit(SameThreadHierarchicalTestExecutorService.java:35)
	at org.junit.platform.engine.support.hierarchical.HierarchicalTestExecutor.execute(HierarchicalTestExecutor.java:57)
	at org.junit.platform.engine.support.hierarchical.HierarchicalTestEngine.execute(HierarchicalTestEngine.java:54)
	at org.junit.platform.launcher.core.EngineExecutionOrchestrator.execute(EngineExecutionOrchestrator.java:198)
	at org.junit.platform.launcher.core.EngineExecutionOrchestrator.execute(EngineExecutionOrchestrator.java:169)
	at org.junit.platform.launcher.core.EngineExecutionOrchestrator.execute(EngineExecutionOrchestrator.java:93)
	at org.junit.platform.launcher.core.EngineExecutionOrchestrator.lambda$execute$0(EngineExecutionOrchestrator.java:58)
	at org.junit.platform.launcher.core.EngineExecutionOrchestrator.withInterceptedStreams(EngineExecutionOrchestrator.java:141)
	at org.junit.platform.launcher.core.EngineExecutionOrchestrator.execute(EngineExecutionOrchestrator.java:57)
	at org.junit.platform.launcher.core.DefaultLauncher.execute(DefaultLauncher.java:103)
	at org.junit.platform.launcher.core.DefaultLauncher.execute(DefaultLauncher.java:85)
	at org.junit.platform.launcher.core.DelegatingLauncher.execute(DelegatingLauncher.java:47)
	at org.apache.maven.surefire.junitplatform.LazyLauncher.execute(LazyLauncher.java:56)
	at org.apache.maven.surefire.junitplatform.JUnitPlatformProvider.execute(JUnitPlatformProvider.java:184)
	at org.apache.maven.surefire.junitplatform.JUnitPlatformProvider.invokeAllTests(JUnitPlatformProvider.java:148)
	at org.apache.maven.surefire.junitplatform.JUnitPlatformProvider.invoke(JUnitPlatformProvider.java:122)
	at org.apache.maven.surefire.booter.ForkedBooter.runSuitesInProcess(ForkedBooter.java:385)
	at org.apache.maven.surefire.booter.ForkedBooter.execute(ForkedBooter.java:162)
	at org.apache.maven.surefire.booter.ForkedBooter.run(ForkedBooter.java:507)
	at org.apache.maven.surefire.booter.ForkedBooter.main(ForkedBooter.java:495)
Caused by: java.lang.ClassNotFoundException: jakarta.el.ExpressionFactory
	... 97 common frames omitted
10:24:45.266 [main] DEBUG org.hibernate.boot.beanvalidation.TypeSafeActivator - Unable to acquire Bean Validation ValidatorFactory, skipping activation
10:24:45.269 [main] DEBUG org.hibernate.query.sqm.function.SqmFunctionRegistry - Registered SqmFunctionTemplate [NamedSqmFunctionTemplate(max)] under max; prior registration was null
10:24:45.269 [main] DEBUG org.hibernate.query.sqm.function.SqmFunctionRegistry - Registered SqmFunctionTemplate [NamedSqmFunctionTemplate(min)] under min; prior registration was null
10:24:45.269 [main] DEBUG org.hibernate.query.sqm.function.SqmFunctionRegistry - Registered SqmFunctionTemplate [NamedSqmFunctionTemplate(sum)] under sum; prior registration was null
10:24:45.269 [main] DEBUG org.hibernate.query.sqm.function.SqmFunctionRegistry - Registered SqmFunctionTemplate [NamedSqmFunctionTemplate(avg)] under avg; prior registration was null
10:24:45.269 [main] DEBUG org.hibernate.query.sqm.function.SqmFunctionRegistry - Registered SqmFunctionTemplate [org.hibernate.dialect.function.CountFunction@2dd21c31] under count; prior registration was null
10:24:45.269 [main] DEBUG org.hibernate.query.sqm.function.SqmFunctionRegistry - Registered SqmFunctionTemplate [org.hibernate.dialect.function.EveryAnyEmulation@4e06215e] under every; prior registration was null
10:24:45.269 [main] DEBUG org.hibernate.query.sqm.function.SqmFunctionRegistry - Registered SqmFunctionTemplate [org.hibernate.dialect.function.EveryAnyEmulation@14675707] under any; prior registration was null
10:24:45.269 [main] DEBUG org.hibernate.query.sqm.function.SqmFunctionRegistry - Registered SqmFunctionTemplate [NamedSqmFunctionTemplate(floor)] under floor; prior registration was null
10:24:45.269 [main] DEBUG org.hibernate.query.sqm.function.SqmFunctionRegistry - Registered SqmFunctionTemplate [NamedSqmFunctionTemplate(ceiling)] under ceiling; prior registration was null
10:24:45.269 [main] DEBUG org.hibernate.query.sqm.function.SqmFunctionRegistry - Registered SqmFunctionTemplate [NamedSqmFunctionTemplate(mod)] under mod; prior registration was null
10:24:45.269 [main] DEBUG org.hibernate.query.sqm.function.SqmFunctionRegistry - Registered SqmFunctionTemplate [NamedSqmFunctionTemplate(abs)] under abs; prior registration was null
10:24:45.269 [main] DEBUG org.hibernate.query.sqm.function.SqmFunctionRegistry - Registered SqmFunctionTemplate [NamedSqmFunctionTemplate(sign)] under sign; prior registration was null
10:24:45.269 [main] DEBUG org.hibernate.query.sqm.function.SqmFunctionRegistry - Registered SqmFunctionTemplate [NamedSqmFunctionTemplate(sqrt)] under sqrt; prior registration was null
10:24:45.269 [main] DEBUG org.hibernate.query.sqm.function.SqmFunctionRegistry - Registered SqmFunctionTemplate [NamedSqmFunctionTemplate(ln)] under ln; prior registration was null
10:24:45.269 [main] DEBUG org.hibernate.query.sqm.function.SqmFunctionRegistry - Registered SqmFunctionTemplate [NamedSqmFunctionTemplate(exp)] under exp; prior registration was null
10:24:45.269 [main] DEBUG org.hibernate.query.sqm.function.SqmFunctionRegistry - Registered SqmFunctionTemplate [NamedSqmFunctionTemplate(power)] under power; prior registration was null
10:24:45.269 [main] DEBUG org.hibernate.query.sqm.function.SqmFunctionRegistry - Registered SqmFunctionTemplate [NamedSqmFunctionTemplate(round)] under round; prior registration was null
10:24:45.269 [main] DEBUG org.hibernate.query.sqm.function.SqmFunctionRegistry - Registered SqmFunctionTemplate [NamedSqmFunctionTemplate(sin)] under sin; prior registration was null
10:24:45.269 [main] DEBUG org.hibernate.query.sqm.function.SqmFunctionRegistry - Registered SqmFunctionTemplate [NamedSqmFunctionTemplate(cos)] under cos; prior registration was null
10:24:45.269 [main] DEBUG org.hibernate.query.sqm.function.SqmFunctionRegistry - Registered SqmFunctionTemplate [NamedSqmFunctionTemplate(tan)] under tan; prior registration was null
10:24:45.269 [main] DEBUG org.hibernate.query.sqm.function.SqmFunctionRegistry - Registered SqmFunctionTemplate [NamedSqmFunctionTemplate(asin)] under asin; prior registration was null
10:24:45.269 [main] DEBUG org.hibernate.query.sqm.function.SqmFunctionRegistry - Registered SqmFunctionTemplate [NamedSqmFunctionTemplate(acos)] under acos; prior registration was null
10:24:45.269 [main] DEBUG org.hibernate.query.sqm.function.SqmFunctionRegistry - Registered SqmFunctionTemplate [NamedSqmFunctionTemplate(atan)] under atan; prior registration was null
10:24:45.269 [main] DEBUG org.hibernate.query.sqm.function.SqmFunctionRegistry - Registered SqmFunctionTemplate [NamedSqmFunctionTemplate(atan2)] under atan2; prior registration was null
10:24:45.269 [main] DEBUG org.hibernate.query.sqm.function.SqmFunctionRegistry - Registered SqmFunctionTemplate [org.hibernate.query.sqm.function.PatternBasedSqmFunctionDescriptor@54e063a] under sinh; prior registration was null
10:24:45.269 [main] DEBUG org.hibernate.query.sqm.function.SqmFunctionRegistry - Registered SqmFunctionTemplate [org.hibernate.query.sqm.function.PatternBasedSqmFunctionDescriptor@38c0b136] under cosh; prior registration was null
10:24:45.269 [main] DEBUG org.hibernate.query.sqm.function.SqmFunctionRegistry - Registered SqmFunctionTemplate [org.hibernate.query.sqm.function.PatternBasedSqmFunctionDescriptor@47336ba1] under tanh; prior registration was null
10:24:45.269 [main] DEBUG org.hibernate.query.sqm.function.SqmFunctionRegistry - Registered SqmFunctionTemplate [org.hibernate.query.sqm.function.PatternBasedSqmFunctionDescriptor@6942c32f] under pi; prior registration was null
10:24:45.269 [main] DEBUG org.hibernate.query.sqm.function.SqmFunctionRegistry - Registered SqmFunctionTemplate [org.hibernate.query.sqm.function.PatternBasedSqmFunctionDescriptor@1cc867eb] under log; prior registration was null
10:24:45.269 [main] DEBUG org.hibernate.query.sqm.function.SqmFunctionRegistry - Registered SqmFunctionTemplate [NamedSqmFunctionTemplate(coalesce)] under coalesce; prior registration was null
10:24:45.269 [main] DEBUG org.hibernate.query.sqm.function.SqmFunctionRegistry - Registered SqmFunctionTemplate [NamedSqmFunctionTemplate(nullif)] under nullif; prior registration was null
10:24:45.269 [main] DEBUG org.hibernate.query.sqm.function.SqmFunctionRegistry - Registered SqmFunctionTemplate [NamedSqmFunctionTemplate(left)] under left; prior registration was null
10:24:45.269 [main] DEBUG org.hibernate.query.sqm.function.SqmFunctionRegistry - Registered SqmFunctionTemplate [NamedSqmFunctionTemplate(right)] under right; prior registration was null
10:24:45.269 [main] DEBUG org.hibernate.query.sqm.function.SqmFunctionRegistry - Registered SqmFunctionTemplate [NamedSqmFunctionTemplate(replace)] under replace; prior registration was null
10:24:45.269 [main] DEBUG org.hibernate.query.sqm.function.SqmFunctionRegistry - Registered SqmFunctionTemplate [NamedSqmFunctionTemplate(concat)] under concat; prior registration was null
10:24:45.269 [main] DEBUG org.hibernate.query.sqm.function.SqmFunctionRegistry - Registered SqmFunctionTemplate [NamedSqmFunctionTemplate(lower)] under lower; prior registration was null
10:24:45.269 [main] DEBUG org.hibernate.query.sqm.function.SqmFunctionRegistry - Registered SqmFunctionTemplate [NamedSqmFunctionTemplate(upper)] under upper; prior registration was null
10:24:45.269 [main] DEBUG org.hibernate.query.sqm.function.SqmFunctionRegistry - Registered SqmFunctionTemplate [NamedSqmFunctionTemplate(substring)] under substring; prior registration was null
10:24:45.269 [main] DEBUG org.hibernate.query.sqm.function.SqmFunctionRegistry - Registered SqmFunctionTemplate [NamedSqmFunctionTemplate(locate)] under locate; prior registration was null
10:24:45.269 [main] DEBUG org.hibernate.query.sqm.function.SqmFunctionRegistry - Registered SqmFunctionTemplate [NamedSqmFunctionTemplate(character_length)] under character_length; prior registration was null
10:24:45.269 [main] DEBUG org.hibernate.query.sqm.function.SqmFunctionRegistry - Registering alternate key : length -> character_length
10:24:45.269 [main] DEBUG org.hibernate.query.sqm.function.SqmFunctionRegistry - Registered SqmFunctionTemplate [org.hibernate.dialect.function.LocatePositionEmulation@21bc3c45] under position; prior registration was null
10:24:45.269 [main] DEBUG org.hibernate.query.sqm.function.SqmFunctionRegistry - Registered SqmFunctionTemplate [org.hibernate.dialect.function.InsertSubstringOverlayEmulation@7d8e25b0] under overlay; prior registration was null
10:24:45.269 [main] DEBUG org.hibernate.query.sqm.function.SqmFunctionRegistry - Registered SqmFunctionTemplate [org.hibernate.dialect.function.TrimFunction@2aada95] under trim; prior registration was null
10:24:45.269 [main] DEBUG org.hibernate.query.sqm.function.SqmFunctionRegistry - Registered SqmFunctionTemplate [org.hibernate.dialect.function.CastFunction@5d820214] under cast; prior registration was null
10:24:45.269 [main] DEBUG org.hibernate.query.sqm.function.SqmFunctionRegistry - Registered SqmFunctionTemplate [org.hibernate.query.sqm.function.PatternBasedSqmFunctionDescriptor@1d9c43f5] under collate; prior registration was null
10:24:45.269 [main] DEBUG org.hibernate.query.sqm.function.SqmFunctionRegistry - Registered SqmFunctionTemplate [org.hibernate.dialect.function.ExtractFunction@11b34653] under extract; prior registration was null
10:24:45.269 [main] DEBUG org.hibernate.query.sqm.function.SqmFunctionRegistry - Registered SqmFunctionTemplate [NamedSqmFunctionTemplate(least)] under least; prior registration was null
10:24:45.269 [main] DEBUG org.hibernate.query.sqm.function.SqmFunctionRegistry - Registered SqmFunctionTemplate [NamedSqmFunctionTemplate(greatest)] under greatest; prior registration was null
10:24:45.269 [main] DEBUG org.hibernate.query.sqm.function.SqmFunctionRegistry - Registered SqmFunctionTemplate [org.hibernate.dialect.function.CoalesceIfnullEmulation@45195882] under ifnull; prior registration was null
10:24:45.269 [main] DEBUG org.hibernate.query.sqm.function.SqmFunctionRegistry - Registered SqmFunctionTemplate [NamedSqmFunctionTemplate(lpad)] under lpad; prior registration was null
10:24:45.269 [main] DEBUG org.hibernate.query.sqm.function.SqmFunctionRegistry - Registered SqmFunctionTemplate [NamedSqmFunctionTemplate(rpad)] under rpad; prior registration was null
10:24:45.269 [main] DEBUG org.hibernate.query.sqm.function.SqmFunctionRegistry - Registered SqmFunctionTemplate [org.hibernate.dialect.function.LpadRpadPadEmulation@8c66097] under pad; prior registration was null
10:24:45.269 [main] DEBUG org.hibernate.query.sqm.function.SqmFunctionRegistry - Registered SqmFunctionTemplate [org.hibernate.dialect.function.CastStrEmulation@77ba0991] under str; prior registration was null
10:24:45.269 [main] DEBUG org.hibernate.query.sqm.function.SqmFunctionRegistry - Registered SqmFunctionTemplate [org.hibernate.dialect.function.FormatFunction@7c3048eb] under format; prior registration was null
10:24:45.269 [main] DEBUG org.hibernate.query.sqm.function.SqmFunctionRegistry - Registered SqmFunctionTemplate [org.hibernate.dialect.function.TimestampaddFunction@7362c2a7] under timestampadd; prior registration was null
10:24:45.269 [main] DEBUG org.hibernate.query.sqm.function.SqmFunctionRegistry - Registered SqmFunctionTemplate [org.hibernate.dialect.function.TimestampdiffFunction@489bd684] under timestampdiff; prior registration was null
10:24:45.269 [main] DEBUG org.hibernate.query.sqm.function.SqmFunctionRegistry - Registering alternate key : dateadd -> timestampadd
10:24:45.269 [main] DEBUG org.hibernate.query.sqm.function.SqmFunctionRegistry - Registering alternate key : datediff -> timestampdiff
10:24:45.269 [main] DEBUG org.hibernate.query.sqm.function.SqmFunctionRegistry - Registered SqmFunctionTemplate [org.hibernate.dialect.function.CurrentFunction@6f4aa887] under current_date; prior registration was null
10:24:45.269 [main] DEBUG org.hibernate.query.sqm.function.SqmFunctionRegistry - Registered SqmFunctionTemplate [org.hibernate.dialect.function.CurrentFunction@1143c295] under current_time; prior registration was null
10:24:45.269 [main] DEBUG org.hibernate.query.sqm.function.SqmFunctionRegistry - Registered SqmFunctionTemplate [org.hibernate.dialect.function.CurrentFunction@74514de0] under current_timestamp; prior registration was null
10:24:45.269 [main] DEBUG org.hibernate.query.sqm.function.SqmFunctionRegistry - Registering alternate key : current date -> current_date
10:24:45.269 [main] DEBUG org.hibernate.query.sqm.function.SqmFunctionRegistry - Registering alternate key : current time -> current_time
10:24:45.269 [main] DEBUG org.hibernate.query.sqm.function.SqmFunctionRegistry - Registering alternate key : current timestamp -> current_timestamp
10:24:45.269 [main] DEBUG org.hibernate.query.sqm.function.SqmFunctionRegistry - Registered SqmFunctionTemplate [org.hibernate.dialect.function.CurrentFunction@62e89a18] under local_date; prior registration was null
10:24:45.269 [main] DEBUG org.hibernate.query.sqm.function.SqmFunctionRegistry - Registered SqmFunctionTemplate [org.hibernate.dialect.function.CurrentFunction@58dc1852] under local_time; prior registration was null
10:24:45.269 [main] DEBUG org.hibernate.query.sqm.function.SqmFunctionRegistry - Registered SqmFunctionTemplate [org.hibernate.dialect.function.CurrentFunction@57843eb6] under local_datetime; prior registration was null
10:24:45.269 [main] DEBUG org.hibernate.query.sqm.function.SqmFunctionRegistry - Registered SqmFunctionTemplate [org.hibernate.dialect.function.CurrentFunction@294457eb] under offset_datetime; prior registration was null
10:24:45.269 [main] DEBUG org.hibernate.query.sqm.function.SqmFunctionRegistry - Registering alternate key : local date -> local_date
10:24:45.269 [main] DEBUG org.hibernate.query.sqm.function.SqmFunctionRegistry - Registering alternate key : local time -> local_time
10:24:45.269 [main] DEBUG org.hibernate.query.sqm.function.SqmFunctionRegistry - Registering alternate key : local datetime -> local_datetime
10:24:45.269 [main] DEBUG org.hibernate.query.sqm.function.SqmFunctionRegistry - Registering alternate key : offset datetime -> offset_datetime
10:24:45.269 [main] DEBUG org.hibernate.query.sqm.function.SqmFunctionRegistry - Registered SqmFunctionTemplate [org.hibernate.dialect.function.CurrentFunction@fda3081] under instant; prior registration was null
10:24:45.269 [main] DEBUG org.hibernate.query.sqm.function.SqmFunctionRegistry - Registering alternate key : current_instant -> instant
10:24:45.269 [main] DEBUG org.hibernate.query.sqm.function.SqmFunctionRegistry - Registered SqmFunctionTemplate [org.hibernate.dialect.function.SqlFunction@37fcb7a0] under sql; prior registration was null
10:24:45.269 [main] DEBUG org.hibernate.query.sqm.function.SqmFunctionRegistry - Registered SqmFunctionTemplate [NamedSqmFunctionTemplate(max)] under max; prior registration was NamedSqmFunctionTemplate(max)
10:24:45.269 [main] DEBUG org.hibernate.query.sqm.function.SqmFunctionRegistry - Registered SqmFunctionTemplate [NamedSqmFunctionTemplate(min)] under min; prior registration was NamedSqmFunctionTemplate(min)
10:24:45.269 [main] DEBUG org.hibernate.query.sqm.function.SqmFunctionRegistry - Registered SqmFunctionTemplate [NamedSqmFunctionTemplate(sum)] under sum; prior registration was NamedSqmFunctionTemplate(sum)
10:24:45.269 [main] DEBUG org.hibernate.query.sqm.function.SqmFunctionRegistry - Registered SqmFunctionTemplate [NamedSqmFunctionTemplate(avg)] under avg; prior registration was NamedSqmFunctionTemplate(avg)
10:24:45.269 [main] DEBUG org.hibernate.query.sqm.function.SqmFunctionRegistry - Registered SqmFunctionTemplate [org.hibernate.dialect.function.CountFunction@417b5e67] under count; prior registration was org.hibernate.dialect.function.CountFunction@2dd21c31
10:24:45.269 [main] DEBUG org.hibernate.query.sqm.function.SqmFunctionRegistry - Registered SqmFunctionTemplate [org.hibernate.dialect.function.AvgFunction@4a8ba2ac] under avg; prior registration was NamedSqmFunctionTemplate(avg)
10:24:45.269 [main] DEBUG org.hibernate.query.sqm.function.SqmFunctionRegistry - Registered SqmFunctionTemplate [NamedSqmFunctionTemplate(pi)] under pi; prior registration was org.hibernate.query.sqm.function.PatternBasedSqmFunctionDescriptor@6942c32f
10:24:45.269 [main] DEBUG org.hibernate.query.sqm.function.SqmFunctionRegistry - Registered SqmFunctionTemplate [NamedSqmFunctionTemplate(cot)] under cot; prior registration was null
10:24:45.270 [main] DEBUG org.hibernate.query.sqm.function.SqmFunctionRegistry - Registered SqmFunctionTemplate [NamedSqmFunctionTemplate(radians)] under radians; prior registration was null
10:24:45.270 [main] DEBUG org.hibernate.query.sqm.function.SqmFunctionRegistry - Registered SqmFunctionTemplate [NamedSqmFunctionTemplate(degrees)] under degrees; prior registration was null
10:24:45.270 [main] DEBUG org.hibernate.query.sqm.function.SqmFunctionRegistry - Registered SqmFunctionTemplate [NamedSqmFunctionTemplate(log10)] under log10; prior registration was null
10:24:45.270 [main] DEBUG org.hibernate.query.sqm.function.SqmFunctionRegistry - Registered SqmFunctionTemplate [org.hibernate.query.sqm.function.PatternBasedSqmFunctionDescriptor@148bcd44] under mod; prior registration was NamedSqmFunctionTemplate(mod)
10:24:45.270 [main] DEBUG org.hibernate.query.sqm.function.SqmFunctionRegistry - Registered SqmFunctionTemplate [NamedSqmFunctionTemplate(rand)] under rand; prior registration was null
10:24:45.270 [main] DEBUG org.hibernate.query.sqm.function.SqmFunctionRegistry - Registered SqmFunctionTemplate [NamedSqmFunctionTemplate(soundex)] under soundex; prior registration was null
10:24:45.270 [main] DEBUG org.hibernate.query.sqm.function.SqmFunctionRegistry - Registered SqmFunctionTemplate [NamedSqmFunctionTemplate(translate)] under translate; prior registration was null
10:24:45.270 [main] DEBUG org.hibernate.query.sqm.function.SqmFunctionRegistry - Registered SqmFunctionTemplate [NamedSqmFunctionTemplate(bitand)] under bitand; prior registration was null
10:24:45.270 [main] DEBUG org.hibernate.query.sqm.function.SqmFunctionRegistry - Registered SqmFunctionTemplate [NamedSqmFunctionTemplate(bitor)] under bitor; prior registration was null
10:24:45.270 [main] DEBUG org.hibernate.query.sqm.function.SqmFunctionRegistry - Registered SqmFunctionTemplate [NamedSqmFunctionTemplate(bitxor)] under bitxor; prior registration was null
10:24:45.270 [main] DEBUG org.hibernate.query.sqm.function.SqmFunctionRegistry - Registered SqmFunctionTemplate [NamedSqmFunctionTemplate(bitnot)] under bitnot; prior registration was null
10:24:45.270 [main] DEBUG org.hibernate.query.sqm.function.SqmFunctionRegistry - Registered SqmFunctionTemplate [NamedSqmFunctionTemplate(bit_and)] under bit_and; prior registration was null
10:24:45.270 [main] DEBUG org.hibernate.query.sqm.function.SqmFunctionRegistry - Registered SqmFunctionTemplate [NamedSqmFunctionTemplate(bit_or)] under bit_or; prior registration was null
10:24:45.270 [main] DEBUG org.hibernate.query.sqm.function.SqmFunctionRegistry - Registered SqmFunctionTemplate [NamedSqmFunctionTemplate(day)] under day; prior registration was null
10:24:45.270 [main] DEBUG org.hibernate.query.sqm.function.SqmFunctionRegistry - Registered SqmFunctionTemplate [NamedSqmFunctionTemplate(month)] under month; prior registration was null
10:24:45.270 [main] DEBUG org.hibernate.query.sqm.function.SqmFunctionRegistry - Registered SqmFunctionTemplate [NamedSqmFunctionTemplate(year)] under year; prior registration was null
10:24:45.270 [main] DEBUG org.hibernate.query.sqm.function.SqmFunctionRegistry - Registered SqmFunctionTemplate [NamedSqmFunctionTemplate(hour)] under hour; prior registration was null
10:24:45.270 [main] DEBUG org.hibernate.query.sqm.function.SqmFunctionRegistry - Registered SqmFunctionTemplate [NamedSqmFunctionTemplate(minute)] under minute; prior registration was null
10:24:45.270 [main] DEBUG org.hibernate.query.sqm.function.SqmFunctionRegistry - Registered SqmFunctionTemplate [NamedSqmFunctionTemplate(second)] under second; prior registration was null
10:24:45.270 [main] DEBUG org.hibernate.query.sqm.function.SqmFunctionRegistry - Registered SqmFunctionTemplate [NamedSqmFunctionTemplate(microsecond)] under microsecond; prior registration was null
10:24:45.270 [main] DEBUG org.hibernate.query.sqm.function.SqmFunctionRegistry - Registered SqmFunctionTemplate [NamedSqmFunctionTemplate(day_of_week)] under day_of_week; prior registration was null
10:24:45.270 [main] DEBUG org.hibernate.query.sqm.function.SqmFunctionRegistry - Registered SqmFunctionTemplate [NamedSqmFunctionTemplate(day_of_month)] under day_of_month; prior registration was null
10:24:45.270 [main] DEBUG org.hibernate.query.sqm.function.SqmFunctionRegistry - Registering alternate key : day -> day_of_month
10:24:45.270 [main] DEBUG org.hibernate.query.sqm.function.SqmFunctionRegistry - Registered SqmFunctionTemplate [NamedSqmFunctionTemplate(day_of_year)] under day_of_year; prior registration was null
10:24:45.270 [main] DEBUG org.hibernate.query.sqm.function.SqmFunctionRegistry - Registered SqmFunctionTemplate [NamedSqmFunctionTemplate(week)] under week; prior registration was null
10:24:45.270 [main] DEBUG org.hibernate.query.sqm.function.SqmFunctionRegistry - Registered SqmFunctionTemplate [NamedSqmFunctionTemplate(quarter)] under quarter; prior registration was null
10:24:45.270 [main] DEBUG org.hibernate.query.sqm.function.SqmFunctionRegistry - Registered SqmFunctionTemplate [NamedSqmFunctionTemplate(monthname)] under monthname; prior registration was null
10:24:45.270 [main] DEBUG org.hibernate.query.sqm.function.SqmFunctionRegistry - Registered SqmFunctionTemplate [NamedSqmFunctionTemplate(dayname)] under dayname; prior registration was null
10:24:45.270 [main] DEBUG org.hibernate.query.sqm.function.SqmFunctionRegistry - Registered SqmFunctionTemplate [NamedSqmFunctionTemplate(localtime)] under localtime; prior registration was null
10:24:45.270 [main] DEBUG org.hibernate.query.sqm.function.SqmFunctionRegistry - Registered SqmFunctionTemplate [NamedSqmFunctionTemplate(localtimestamp)] under localtimestamp; prior registration was null
10:24:45.270 [main] DEBUG org.hibernate.query.sqm.function.SqmFunctionRegistry - Registered SqmFunctionTemplate [NamedSqmFunctionTemplate(localtime)] under local_time; prior registration was org.hibernate.dialect.function.CurrentFunction@58dc1852
10:24:45.270 [main] DEBUG org.hibernate.query.sqm.function.SqmFunctionRegistry - Registered SqmFunctionTemplate [NamedSqmFunctionTemplate(localtimestamp)] under local_datetime; prior registration was org.hibernate.dialect.function.CurrentFunction@57843eb6
10:24:45.270 [main] DEBUG org.hibernate.query.sqm.function.SqmFunctionRegistry - Registered SqmFunctionTemplate [org.hibernate.dialect.function.TruncFunction@469839c2] under trunc; prior registration was null
10:24:45.270 [main] DEBUG org.hibernate.query.sqm.function.SqmFunctionRegistry - Registering alternate key : truncate -> trunc
10:24:45.270 [main] DEBUG org.hibernate.query.sqm.function.SqmFunctionRegistry - Registered SqmFunctionTemplate [org.hibernate.query.sqm.function.PatternBasedSqmFunctionDescriptor@5d8bdf10] under date_trunc; prior registration was null
10:24:45.270 [main] DEBUG org.hibernate.query.sqm.function.SqmFunctionRegistry - Registered SqmFunctionTemplate [NamedSqmFunctionTemplate(bit_length)] under bit_length; prior registration was null
10:24:45.270 [main] DEBUG org.hibernate.query.sqm.function.SqmFunctionRegistry - Registered SqmFunctionTemplate [NamedSqmFunctionTemplate(octet_length)] under octet_length; prior registration was null
10:24:45.270 [main] DEBUG org.hibernate.query.sqm.function.SqmFunctionRegistry - Registered SqmFunctionTemplate [NamedSqmFunctionTemplate(ascii)] under ascii; prior registration was null
10:24:45.270 [main] DEBUG org.hibernate.query.sqm.function.SqmFunctionRegistry - Registered SqmFunctionTemplate [NamedSqmFunctionTemplate(octet_length)] under octet_length; prior registration was NamedSqmFunctionTemplate(octet_length)
10:24:45.270 [main] DEBUG org.hibernate.query.sqm.function.SqmFunctionRegistry - Registered SqmFunctionTemplate [NamedSqmFunctionTemplate(space)] under space; prior registration was null
10:24:45.270 [main] DEBUG org.hibernate.query.sqm.function.SqmFunctionRegistry - Registered SqmFunctionTemplate [NamedSqmFunctionTemplate(repeat)] under repeat; prior registration was null
10:24:45.270 [main] DEBUG org.hibernate.query.sqm.function.SqmFunctionRegistry - Registered SqmFunctionTemplate [NamedSqmFunctionTemplate(char)] under char; prior registration was null
10:24:45.270 [main] DEBUG org.hibernate.query.sqm.function.SqmFunctionRegistry - Registering alternate key : chr -> char
10:24:45.270 [main] DEBUG org.hibernate.query.sqm.function.SqmFunctionRegistry - Registered SqmFunctionTemplate [NamedSqmFunctionTemplate(instr)] under instr; prior registration was null
10:24:45.270 [main] DEBUG org.hibernate.query.sqm.function.SqmFunctionRegistry - Registered SqmFunctionTemplate [NamedSqmFunctionTemplate(substr)] under substr; prior registration was null
10:24:45.270 [main] DEBUG org.hibernate.query.sqm.function.SqmFunctionRegistry - Registered SqmFunctionTemplate [org.hibernate.query.sqm.function.PatternBasedSqmFunctionDescriptor@4a0298cf] under position; prior registration was org.hibernate.dialect.function.LocatePositionEmulation@21bc3c45
10:24:45.270 [main] DEBUG org.hibernate.query.sqm.function.SqmFunctionRegistry - Registered SqmFunctionTemplate [NamedSqmFunctionTemplate(ltrim)] under ltrim; prior registration was null
10:24:45.270 [main] DEBUG org.hibernate.query.sqm.function.SqmFunctionRegistry - Registered SqmFunctionTemplate [NamedSqmFunctionTemplate(rtrim)] under rtrim; prior registration was null
10:24:45.270 [main] DEBUG org.hibernate.query.sqm.function.SqmFunctionRegistry - Registered SqmFunctionTemplate [org.hibernate.query.sqm.function.PatternBasedSqmFunctionDescriptor@a98d26] under concat; prior registration was NamedSqmFunctionTemplate(concat)
10:24:45.270 [main] DEBUG org.hibernate.query.sqm.function.SqmFunctionRegistry - Registered SqmFunctionTemplate [NamedSqmFunctionTemplate(curtime)] under curtime; prior registration was null
10:24:45.270 [main] DEBUG org.hibernate.query.sqm.function.SqmFunctionRegistry - Registered SqmFunctionTemplate [NamedSqmFunctionTemplate(curdate)] under curdate; prior registration was null
10:24:45.270 [main] DEBUG org.hibernate.query.sqm.function.SqmFunctionRegistry - Registered SqmFunctionTemplate [NamedSqmFunctionTemplate(now)] under now; prior registration was null
10:24:45.270 [main] DEBUG org.hibernate.query.sqm.function.SqmFunctionRegistry - Registered SqmFunctionTemplate [NamedSqmFunctionTemplate(sysdate)] under sysdate; prior registration was null
10:24:45.270 [main] DEBUG org.hibernate.query.sqm.function.SqmFunctionRegistry - Registered SqmFunctionTemplate [NamedSqmFunctionTemplate(insert)] under insert; prior registration was null
10:24:45.270 [main] DEBUG org.hibernate.query.sqm.function.SqmFunctionRegistry - Registered SqmFunctionTemplate [NamedSqmFunctionTemplate(bool_and)] under bool_and; prior registration was null
10:24:45.270 [main] DEBUG org.hibernate.query.sqm.function.SqmFunctionRegistry - Registering alternate key : every -> bool_and
10:24:45.270 [main] DEBUG org.hibernate.query.sqm.function.SqmFunctionRegistry - Registered SqmFunctionTemplate [NamedSqmFunctionTemplate(bool_or)] under bool_or; prior registration was null
10:24:45.270 [main] DEBUG org.hibernate.query.sqm.function.SqmFunctionRegistry - Registering alternate key : any -> bool_or
10:24:45.270 [main] DEBUG org.hibernate.query.sqm.function.SqmFunctionRegistry - Registered SqmFunctionTemplate [NamedSqmFunctionTemplate(median)] under median; prior registration was null
10:24:45.270 [main] DEBUG org.hibernate.query.sqm.function.SqmFunctionRegistry - Registered SqmFunctionTemplate [NamedSqmFunctionTemplate(stddev_pop)] under stddev_pop; prior registration was null
10:24:45.270 [main] DEBUG org.hibernate.query.sqm.function.SqmFunctionRegistry - Registered SqmFunctionTemplate [NamedSqmFunctionTemplate(stddev_samp)] under stddev_samp; prior registration was null
10:24:45.270 [main] DEBUG org.hibernate.query.sqm.function.SqmFunctionRegistry - Registered SqmFunctionTemplate [NamedSqmFunctionTemplate(var_pop)] under var_pop; prior registration was null
10:24:45.270 [main] DEBUG org.hibernate.query.sqm.function.SqmFunctionRegistry - Registered SqmFunctionTemplate [NamedSqmFunctionTemplate(var_samp)] under var_samp; prior registration was null
10:24:45.270 [main] DEBUG org.hibernate.query.sqm.function.SqmFunctionRegistry - Registered SqmFunctionTemplate [org.hibernate.dialect.function.FormatFunction@778e2d8] under format; prior registration was org.hibernate.dialect.function.FormatFunction@7c3048eb
10:24:45.270 [main] DEBUG org.hibernate.query.sqm.function.SqmFunctionRegistry - Registered SqmFunctionTemplate [NamedSqmFunctionTemplate(rownum)] under rownum; prior registration was null
10:24:45.270 [main] DEBUG org.hibernate.query.sqm.function.SqmFunctionRegistry - Registered SqmFunctionTemplate [NamedSqmFunctionTemplate(row_number)] under row_number; prior registration was null
10:24:45.270 [main] DEBUG org.hibernate.query.sqm.function.SqmFunctionRegistry - Registered SqmFunctionTemplate [NamedSqmFunctionTemplate(lag)] under lag; prior registration was null
10:24:45.270 [main] DEBUG org.hibernate.query.sqm.function.SqmFunctionRegistry - Registered SqmFunctionTemplate [NamedSqmFunctionTemplate(lead)] under lead; prior registration was null
10:24:45.270 [main] DEBUG org.hibernate.query.sqm.function.SqmFunctionRegistry - Registered SqmFunctionTemplate [NamedSqmFunctionTemplate(first_value)] under first_value; prior registration was null
10:24:45.270 [main] DEBUG org.hibernate.query.sqm.function.SqmFunctionRegistry - Registered SqmFunctionTemplate [NamedSqmFunctionTemplate(last_value)] under last_value; prior registration was null
10:24:45.270 [main] DEBUG org.hibernate.query.sqm.function.SqmFunctionRegistry - Registered SqmFunctionTemplate [NamedSqmFunctionTemplate(nth_value)] under nth_value; prior registration was null
10:24:45.270 [main] DEBUG org.hibernate.query.sqm.function.SqmFunctionRegistry - Registered SqmFunctionTemplate [org.hibernate.dialect.function.ListaggFunction@488ce78] under listagg; prior registration was null
10:24:45.270 [main] DEBUG org.hibernate.query.sqm.function.SqmFunctionRegistry - Registered SqmFunctionTemplate [org.hibernate.dialect.function.InverseDistributionFunction@5a92fac6] under mode; prior registration was null
10:24:45.270 [main] DEBUG org.hibernate.query.sqm.function.SqmFunctionRegistry - Registered SqmFunctionTemplate [org.hibernate.dialect.function.InverseDistributionFunction@169e8c0f] under percentile_cont; prior registration was null
10:24:45.270 [main] DEBUG org.hibernate.query.sqm.function.SqmFunctionRegistry - Registered SqmFunctionTemplate [org.hibernate.dialect.function.InverseDistributionFunction@5630d226] under percentile_disc; prior registration was null
10:24:45.270 [main] DEBUG org.hibernate.query.sqm.function.SqmFunctionRegistry - Registered SqmFunctionTemplate [org.hibernate.dialect.function.HypotheticalSetFunction@14092d96] under rank; prior registration was null
10:24:45.270 [main] DEBUG org.hibernate.query.sqm.function.SqmFunctionRegistry - Registered SqmFunctionTemplate [org.hibernate.dialect.function.HypotheticalSetFunction@5980b11b] under dense_rank; prior registration was null
10:24:45.270 [main] DEBUG org.hibernate.query.sqm.function.SqmFunctionRegistry - Registered SqmFunctionTemplate [org.hibernate.dialect.function.HypotheticalSetFunction@3b1cb0d0] under percent_rank; prior registration was null
10:24:45.270 [main] DEBUG org.hibernate.query.sqm.function.SqmFunctionRegistry - Registered SqmFunctionTemplate [org.hibernate.dialect.function.HypotheticalSetFunction@6b6df477] under cume_dist; prior registration was null
10:24:45.270 [main] DEBUG org.hibernate.query.sqm.function.SqmFunctionRegistry - Registered SqmFunctionTemplate [org.hibernate.dialect.function.array.ArrayConstructorFunction@36d51111] under array; prior registration was null
10:24:45.270 [main] DEBUG org.hibernate.query.sqm.function.SqmFunctionRegistry - Registered SqmFunctionTemplate [org.hibernate.dialect.function.array.ArrayConstructorFunction@6a8176b9] under array_list; prior registration was null
10:24:45.270 [main] DEBUG org.hibernate.query.sqm.function.SqmFunctionRegistry - Registered SqmFunctionTemplate [org.hibernate.dialect.function.array.ArrayAggFunction@34c5d109] under array_agg; prior registration was null
10:24:45.271 [main] DEBUG org.hibernate.query.sqm.function.SqmFunctionRegistry - Registered SqmFunctionTemplate [org.hibernate.dialect.function.array.H2ArrayPositionFunction@308f45aa] under array_position; prior registration was null
10:24:45.271 [main] DEBUG org.hibernate.query.sqm.function.SqmFunctionRegistry - Registered SqmFunctionTemplate [org.hibernate.dialect.function.array.H2ArrayPositionsFunction@4f1918fd] under array_positions; prior registration was null
10:24:45.271 [main] DEBUG org.hibernate.query.sqm.function.SqmFunctionRegistry - Registered SqmFunctionTemplate [org.hibernate.dialect.function.array.H2ArrayPositionsFunction@1f266888] under array_positions_list; prior registration was null
10:24:45.271 [main] DEBUG org.hibernate.query.sqm.function.SqmFunctionRegistry - Registered SqmFunctionTemplate [org.hibernate.query.sqm.function.PatternBasedSqmFunctionDescriptor@55990140] under array_length; prior registration was null
10:24:45.271 [main] DEBUG org.hibernate.query.sqm.function.SqmFunctionRegistry - Registered SqmFunctionTemplate [org.hibernate.dialect.function.array.ArrayConcatFunction@524035fe] under array_concat; prior registration was null
10:24:45.271 [main] DEBUG org.hibernate.query.sqm.function.SqmFunctionRegistry - Registered SqmFunctionTemplate [org.hibernate.dialect.function.array.ArrayConcatElementFunction@7101e89d] under array_prepend; prior registration was null
10:24:45.271 [main] DEBUG org.hibernate.query.sqm.function.SqmFunctionRegistry - Registered SqmFunctionTemplate [org.hibernate.dialect.function.array.ArrayConcatElementFunction@5d4fbc1d] under array_append; prior registration was null
10:24:45.271 [main] DEBUG org.hibernate.query.sqm.function.SqmFunctionRegistry - Registered SqmFunctionTemplate [org.hibernate.dialect.function.array.H2ArrayContainsFunction@40c135f5] under array_contains; prior registration was null
10:24:45.271 [main] DEBUG org.hibernate.query.sqm.function.SqmFunctionRegistry - Registered SqmFunctionTemplate [org.hibernate.dialect.function.array.H2ArrayContainsFunction@13fd07d6] under array_contains_nullable; prior registration was null
10:24:45.271 [main] DEBUG org.hibernate.query.sqm.function.SqmFunctionRegistry - Registered SqmFunctionTemplate [org.hibernate.dialect.function.array.H2ArrayOverlapsFunction@6d464034] under array_overlaps; prior registration was null
10:24:45.271 [main] DEBUG org.hibernate.query.sqm.function.SqmFunctionRegistry - Registered SqmFunctionTemplate [org.hibernate.dialect.function.array.H2ArrayOverlapsFunction@4d49a6d5] under array_overlaps_nullable; prior registration was null
10:24:45.271 [main] DEBUG org.hibernate.query.sqm.function.SqmFunctionRegistry - Registered SqmFunctionTemplate [org.hibernate.query.sqm.function.PatternBasedSqmFunctionDescriptor@4ee5c14] under array_get; prior registration was null
10:24:45.271 [main] DEBUG org.hibernate.query.sqm.function.SqmFunctionRegistry - Registered SqmFunctionTemplate [org.hibernate.dialect.function.array.H2ArraySetFunction@7fd638e8] under array_set; prior registration was null
10:24:45.271 [main] DEBUG org.hibernate.query.sqm.function.SqmFunctionRegistry - Registered SqmFunctionTemplate [org.hibernate.dialect.function.array.H2ArrayRemoveFunction@204e90c6] under array_remove; prior registration was null
10:24:45.271 [main] DEBUG org.hibernate.query.sqm.function.SqmFunctionRegistry - Registered SqmFunctionTemplate [org.hibernate.dialect.function.array.H2ArrayRemoveIndexFunction@2031f514] under array_remove_index; prior registration was null
10:24:45.271 [main] DEBUG org.hibernate.query.sqm.function.SqmFunctionRegistry - Registered SqmFunctionTemplate [org.hibernate.query.sqm.function.PatternBasedSqmFunctionDescriptor@56c913fa] under array_slice; prior registration was null
10:24:45.271 [main] DEBUG org.hibernate.query.sqm.function.SqmFunctionRegistry - Registered SqmFunctionTemplate [org.hibernate.dialect.function.array.H2ArrayReplaceFunction@181670b3] under array_replace; prior registration was null
10:24:45.271 [main] DEBUG org.hibernate.query.sqm.function.SqmFunctionRegistry - Registered SqmFunctionTemplate [org.hibernate.query.sqm.function.PatternBasedSqmFunctionDescriptor@4c0a0bd7] under array_trim; prior registration was null
10:24:45.271 [main] DEBUG org.hibernate.query.sqm.function.SqmFunctionRegistry - Registered SqmFunctionTemplate [org.hibernate.dialect.function.array.H2ArrayFillFunction@63bcce17] under array_fill; prior registration was null
10:24:45.271 [main] DEBUG org.hibernate.query.sqm.function.SqmFunctionRegistry - Registered SqmFunctionTemplate [org.hibernate.dialect.function.array.H2ArrayFillFunction@7df45759] under array_fill_list; prior registration was null
10:24:45.271 [main] DEBUG org.hibernate.query.sqm.function.SqmFunctionRegistry - Registered SqmFunctionTemplate [org.hibernate.dialect.function.array.H2ArrayToStringFunction@564c23bc] under array_to_string; prior registration was null
10:24:45.272 [main] DEBUG org.hibernate.HQL_FUNCTIONS - abs(NUMERIC arg)
10:24:45.272 [main] DEBUG org.hibernate.HQL_FUNCTIONS - Double acos(NUMERIC arg)
10:24:45.272 [main] DEBUG org.hibernate.HQL_FUNCTIONS - Boolean any(BOOLEAN predicate)
10:24:45.272 [main] DEBUG org.hibernate.HQL_FUNCTIONS - array( ... )
10:24:45.272 [main] DEBUG org.hibernate.HQL_FUNCTIONS - array_agg(arg)
10:24:45.272 [main] DEBUG org.hibernate.HQL_FUNCTIONS - array_append( ... )
10:24:45.272 [main] DEBUG org.hibernate.HQL_FUNCTIONS - array_concat( ... )
10:24:45.272 [main] DEBUG org.hibernate.HQL_FUNCTIONS - Boolean array_contains(ARRAY haystackArray, OBJECT needleElementOrArray)
10:24:45.272 [main] DEBUG org.hibernate.HQL_FUNCTIONS - Boolean array_contains_nullable(ARRAY haystackArray, OBJECT needleElementOrArray)
10:24:45.272 [main] DEBUG org.hibernate.HQL_FUNCTIONS - array_fill(OBJECT element, INTEGER elementCount)
10:24:45.272 [main] DEBUG org.hibernate.HQL_FUNCTIONS - array_fill_list(OBJECT element, INTEGER elementCount)
10:24:45.272 [main] DEBUG org.hibernate.HQL_FUNCTIONS - array_get(ARRAY array, INTEGER index)
10:24:45.272 [main] DEBUG org.hibernate.HQL_FUNCTIONS - Integer array_length(ARRAY array)
10:24:45.272 [main] DEBUG org.hibernate.HQL_FUNCTIONS - array_list( ... )
10:24:45.272 [main] DEBUG org.hibernate.HQL_FUNCTIONS - Boolean array_overlaps(ARRAY array0, OBJECT array1)
10:24:45.272 [main] DEBUG org.hibernate.HQL_FUNCTIONS - Boolean array_overlaps_nullable(ARRAY array0, OBJECT array1)
10:24:45.272 [main] DEBUG org.hibernate.HQL_FUNCTIONS - Integer array_position(ARRAY array, OBJECT element[, INTEGER startPosition])
10:24:45.272 [main] DEBUG org.hibernate.HQL_FUNCTIONS - int[] array_positions(ARRAY array, OBJECT element)
10:24:45.272 [main] DEBUG org.hibernate.HQL_FUNCTIONS - List array_positions_list(ARRAY array, OBJECT element)
10:24:45.272 [main] DEBUG org.hibernate.HQL_FUNCTIONS - array_prepend( ... )
10:24:45.272 [main] DEBUG org.hibernate.HQL_FUNCTIONS - array_remove( ... )
10:24:45.272 [main] DEBUG org.hibernate.HQL_FUNCTIONS - array_remove_index( ... )
10:24:45.272 [main] DEBUG org.hibernate.HQL_FUNCTIONS - array_replace( ... )
10:24:45.272 [main] DEBUG org.hibernate.HQL_FUNCTIONS - array_set( ... )
10:24:45.272 [main] DEBUG org.hibernate.HQL_FUNCTIONS - array_slice(ARRAY array, INTEGER start, INTEGER end)
10:24:45.272 [main] DEBUG org.hibernate.HQL_FUNCTIONS - String array_to_string( ... )
10:24:45.272 [main] DEBUG org.hibernate.HQL_FUNCTIONS - array_trim(ARRAY array, INTEGER elementsToRemove)
10:24:45.272 [main] DEBUG org.hibernate.HQL_FUNCTIONS - Integer ascii(STRING arg)
10:24:45.272 [main] DEBUG org.hibernate.HQL_FUNCTIONS - Double asin(NUMERIC arg)
10:24:45.272 [main] DEBUG org.hibernate.HQL_FUNCTIONS - Double atan(NUMERIC arg)
10:24:45.272 [main] DEBUG org.hibernate.HQL_FUNCTIONS - Double atan2(NUMERIC arg0, NUMERIC arg1)
10:24:45.272 [main] DEBUG org.hibernate.HQL_FUNCTIONS - avg(NUMERIC arg)
10:24:45.272 [main] DEBUG org.hibernate.HQL_FUNCTIONS - bit_and(arg)
10:24:45.272 [main] DEBUG org.hibernate.HQL_FUNCTIONS - Integer bit_length(STRING_OR_CLOB arg)
10:24:45.272 [main] DEBUG org.hibernate.HQL_FUNCTIONS - bit_or(arg)
10:24:45.272 [main] DEBUG org.hibernate.HQL_FUNCTIONS - bitand(arg0, arg1)
10:24:45.272 [main] DEBUG org.hibernate.HQL_FUNCTIONS - bitnot(arg)
10:24:45.272 [main] DEBUG org.hibernate.HQL_FUNCTIONS - bitor(arg0, arg1)
10:24:45.272 [main] DEBUG org.hibernate.HQL_FUNCTIONS - bitxor(arg0, arg1)
10:24:45.272 [main] DEBUG org.hibernate.HQL_FUNCTIONS - Boolean bool_and(BOOLEAN predicate)
10:24:45.272 [main] DEBUG org.hibernate.HQL_FUNCTIONS - Boolean bool_or(BOOLEAN predicate)
10:24:45.272 [main] DEBUG org.hibernate.HQL_FUNCTIONS - cast(arg as Type)
10:24:45.272 [main] DEBUG org.hibernate.HQL_FUNCTIONS - ceiling(NUMERIC arg)
10:24:45.272 [main] DEBUG org.hibernate.HQL_FUNCTIONS - Character char(INTEGER arg)
10:24:45.272 [main] DEBUG org.hibernate.HQL_FUNCTIONS - Integer character_length(STRING_OR_CLOB arg)
10:24:45.272 [main] DEBUG org.hibernate.HQL_FUNCTIONS - Character chr(INTEGER arg)
10:24:45.272 [main] DEBUG org.hibernate.HQL_FUNCTIONS - coalesce(arg0[, arg1[, ...]])
10:24:45.272 [main] DEBUG org.hibernate.HQL_FUNCTIONS - String collate(STRING string as COLLATION collation)
10:24:45.272 [main] DEBUG org.hibernate.HQL_FUNCTIONS - String concat(STRING string0[, STRING string1[, ...]])
10:24:45.272 [main] DEBUG org.hibernate.HQL_FUNCTIONS - Double cos(NUMERIC arg)
10:24:45.272 [main] DEBUG org.hibernate.HQL_FUNCTIONS - Double cosh(NUMERIC arg)
10:24:45.272 [main] DEBUG org.hibernate.HQL_FUNCTIONS - Double cot(NUMERIC arg)
10:24:45.272 [main] DEBUG org.hibernate.HQL_FUNCTIONS - Long count([distinct ]{arg|*})
10:24:45.272 [main] DEBUG org.hibernate.HQL_FUNCTIONS - Double cume_dist([arg0[, ...]])
10:24:45.272 [main] DEBUG org.hibernate.HQL_FUNCTIONS - Date curdate()
10:24:45.272 [main] DEBUG org.hibernate.HQL_FUNCTIONS - Date current date
10:24:45.272 [main] DEBUG org.hibernate.HQL_FUNCTIONS - Time current time
10:24:45.272 [main] DEBUG org.hibernate.HQL_FUNCTIONS - Timestamp current timestamp
10:24:45.272 [main] DEBUG org.hibernate.HQL_FUNCTIONS - Date current_date
10:24:45.272 [main] DEBUG org.hibernate.HQL_FUNCTIONS - Instant current_instant
10:24:45.272 [main] DEBUG org.hibernate.HQL_FUNCTIONS - Time current_time
10:24:45.272 [main] DEBUG org.hibernate.HQL_FUNCTIONS - Timestamp current_timestamp
10:24:45.272 [main] DEBUG org.hibernate.HQL_FUNCTIONS - Time curtime()
10:24:45.272 [main] DEBUG org.hibernate.HQL_FUNCTIONS - date_trunc(STRING field, TEMPORAL datetime)
10:24:45.272 [main] DEBUG org.hibernate.HQL_FUNCTIONS - dateadd(TEMPORAL_UNIT field, INTEGER magnitude, TEMPORAL datetime)
10:24:45.272 [main] DEBUG org.hibernate.HQL_FUNCTIONS - Long|Double datediff(TEMPORAL_UNIT field, TEMPORAL start, TEMPORAL end)
10:24:45.272 [main] DEBUG org.hibernate.HQL_FUNCTIONS - Integer day(DATE arg)
10:24:45.272 [main] DEBUG org.hibernate.HQL_FUNCTIONS - Integer day_of_month(DATE arg)
10:24:45.272 [main] DEBUG org.hibernate.HQL_FUNCTIONS - Integer day_of_week(DATE arg)
10:24:45.272 [main] DEBUG org.hibernate.HQL_FUNCTIONS - Integer day_of_year(DATE arg)
10:24:45.272 [main] DEBUG org.hibernate.HQL_FUNCTIONS - String dayname(DATE arg)
10:24:45.272 [main] DEBUG org.hibernate.HQL_FUNCTIONS - Double degrees(NUMERIC arg)
10:24:45.272 [main] DEBUG org.hibernate.HQL_FUNCTIONS - Long dense_rank([arg0[, ...]])
10:24:45.272 [main] DEBUG org.hibernate.HQL_FUNCTIONS - Boolean every(BOOLEAN predicate)
10:24:45.272 [main] DEBUG org.hibernate.HQL_FUNCTIONS - Double exp(NUMERIC arg)
10:24:45.272 [main] DEBUG org.hibernate.HQL_FUNCTIONS - extract(TEMPORAL_UNIT field from TEMPORAL arg)
10:24:45.272 [main] DEBUG org.hibernate.HQL_FUNCTIONS - first_valueANY value
10:24:45.272 [main] DEBUG org.hibernate.HQL_FUNCTIONS - floor(NUMERIC arg)
10:24:45.272 [main] DEBUG org.hibernate.HQL_FUNCTIONS - String format(TEMPORAL datetime as STRING pattern)
10:24:45.272 [main] DEBUG org.hibernate.HQL_FUNCTIONS - greatest(COMPARABLE arg0, COMPARABLE arg1[, arg2[, ...]])
10:24:45.272 [main] DEBUG org.hibernate.HQL_FUNCTIONS - Integer hour(TIME arg)
10:24:45.272 [main] DEBUG org.hibernate.HQL_FUNCTIONS - ifnull(arg0, arg1)
10:24:45.272 [main] DEBUG org.hibernate.HQL_FUNCTIONS - String insert(STRING string, INTEGER start, INTEGER length, STRING replacement)
10:24:45.272 [main] DEBUG org.hibernate.HQL_FUNCTIONS - Instant instant
10:24:45.272 [main] DEBUG org.hibernate.HQL_FUNCTIONS - Integer instr(STRING string, STRING pattern[, INTEGER start[, INTEGER occurrence]])
10:24:45.272 [main] DEBUG org.hibernate.HQL_FUNCTIONS - lagANY value[, INTEGER offset[, ANY default]]
10:24:45.272 [main] DEBUG org.hibernate.HQL_FUNCTIONS - last_valueANY value
10:24:45.272 [main] DEBUG org.hibernate.HQL_FUNCTIONS - leadANY value[, INTEGER offset[, ANY default]]
10:24:45.272 [main] DEBUG org.hibernate.HQL_FUNCTIONS - least(COMPARABLE arg0, COMPARABLE arg1[, arg2[, ...]])
10:24:45.272 [main] DEBUG org.hibernate.HQL_FUNCTIONS - String left(STRING string, INTEGER length)
10:24:45.272 [main] DEBUG org.hibernate.HQL_FUNCTIONS - Integer length(STRING_OR_CLOB arg)
10:24:45.272 [main] DEBUG org.hibernate.HQL_FUNCTIONS - String listagg(STRING arg0, STRING arg1)
10:24:45.272 [main] DEBUG org.hibernate.HQL_FUNCTIONS - Double ln(NUMERIC arg)
10:24:45.272 [main] DEBUG org.hibernate.HQL_FUNCTIONS - LocalDate local date
10:24:45.272 [main] DEBUG org.hibernate.HQL_FUNCTIONS - LocalDateTime local datetime
10:24:45.272 [main] DEBUG org.hibernate.HQL_FUNCTIONS - LocalTime local time
10:24:45.272 [main] DEBUG org.hibernate.HQL_FUNCTIONS - LocalDate local_date
10:24:45.272 [main] DEBUG org.hibernate.HQL_FUNCTIONS - LocalDateTime local_datetime
10:24:45.272 [main] DEBUG org.hibernate.HQL_FUNCTIONS - LocalTime local_time
10:24:45.272 [main] DEBUG org.hibernate.HQL_FUNCTIONS - Time localtime
10:24:45.272 [main] DEBUG org.hibernate.HQL_FUNCTIONS - Timestamp localtimestamp
10:24:45.272 [main] DEBUG org.hibernate.HQL_FUNCTIONS - Integer locate(STRING pattern, STRING string[, INTEGER start])
10:24:45.272 [main] DEBUG org.hibernate.HQL_FUNCTIONS - Double log(NUMERIC base, NUMERIC arg)
10:24:45.272 [main] DEBUG org.hibernate.HQL_FUNCTIONS - Double log10(NUMERIC arg)
10:24:45.272 [main] DEBUG org.hibernate.HQL_FUNCTIONS - String lower(STRING string)
10:24:45.272 [main] DEBUG org.hibernate.HQL_FUNCTIONS - String lpad(STRING string, INTEGER length[, STRING padding])
10:24:45.272 [main] DEBUG org.hibernate.HQL_FUNCTIONS - String ltrim(STRING string)
10:24:45.272 [main] DEBUG org.hibernate.HQL_FUNCTIONS - max(COMPARABLE arg)
10:24:45.272 [main] DEBUG org.hibernate.HQL_FUNCTIONS - Double median(NUMERIC arg)
10:24:45.272 [main] DEBUG org.hibernate.HQL_FUNCTIONS - Integer microsecond(TIME arg)
10:24:45.272 [main] DEBUG org.hibernate.HQL_FUNCTIONS - min(COMPARABLE arg)
10:24:45.272 [main] DEBUG org.hibernate.HQL_FUNCTIONS - Integer minute(TIME arg)
10:24:45.272 [main] DEBUG org.hibernate.HQL_FUNCTIONS - Integer mod(INTEGER arg0, INTEGER arg1)
10:24:45.272 [main] DEBUG org.hibernate.HQL_FUNCTIONS - mode()
10:24:45.272 [main] DEBUG org.hibernate.HQL_FUNCTIONS - Integer month(DATE arg)
10:24:45.272 [main] DEBUG org.hibernate.HQL_FUNCTIONS - String monthname(DATE arg)
10:24:45.272 [main] DEBUG org.hibernate.HQL_FUNCTIONS - Timestamp now()
10:24:45.272 [main] DEBUG org.hibernate.HQL_FUNCTIONS - nth_valueANY value, INTEGER nth
10:24:45.272 [main] DEBUG org.hibernate.HQL_FUNCTIONS - nullif(arg0, arg1)
10:24:45.272 [main] DEBUG org.hibernate.HQL_FUNCTIONS - Integer octet_length(STRING_OR_CLOB arg)
10:24:45.272 [main] DEBUG org.hibernate.HQL_FUNCTIONS - OffsetDateTime offset datetime
10:24:45.272 [main] DEBUG org.hibernate.HQL_FUNCTIONS - OffsetDateTime offset_datetime
10:24:45.272 [main] DEBUG org.hibernate.HQL_FUNCTIONS - String overlay(STRING string placing STRING replacement from INTEGER start[ for INTEGER length])
10:24:45.272 [main] DEBUG org.hibernate.HQL_FUNCTIONS - String pad(STRING string with INTEGER length {leading|trailing}[ STRING character])
10:24:45.272 [main] DEBUG org.hibernate.HQL_FUNCTIONS - Double percent_rank([arg0[, ...]])
10:24:45.272 [main] DEBUG org.hibernate.HQL_FUNCTIONS - percentile_cont(NUMERIC arg)
10:24:45.272 [main] DEBUG org.hibernate.HQL_FUNCTIONS - percentile_disc(NUMERIC arg)
10:24:45.272 [main] DEBUG org.hibernate.HQL_FUNCTIONS - Double pi
10:24:45.272 [main] DEBUG org.hibernate.HQL_FUNCTIONS - Integer position(STRING pattern in STRING string)
10:24:45.272 [main] DEBUG org.hibernate.HQL_FUNCTIONS - Double power(NUMERIC arg0, NUMERIC arg1)
10:24:45.272 [main] DEBUG org.hibernate.HQL_FUNCTIONS - Integer quarter(DATE arg)
10:24:45.272 [main] DEBUG org.hibernate.HQL_FUNCTIONS - Double radians(NUMERIC arg)
10:24:45.272 [main] DEBUG org.hibernate.HQL_FUNCTIONS - Double rand([INTEGER seed])
10:24:45.272 [main] DEBUG org.hibernate.HQL_FUNCTIONS - Long rank([arg0[, ...]])
10:24:45.272 [main] DEBUG org.hibernate.HQL_FUNCTIONS - String repeat(STRING string, INTEGER times)
10:24:45.272 [main] DEBUG org.hibernate.HQL_FUNCTIONS - String replace(STRING string, STRING pattern, STRING replacement)
10:24:45.272 [main] DEBUG org.hibernate.HQL_FUNCTIONS - String right(STRING string, INTEGER length)
10:24:45.272 [main] DEBUG org.hibernate.HQL_FUNCTIONS - round(NUMERIC number[, INTEGER places])
10:24:45.272 [main] DEBUG org.hibernate.HQL_FUNCTIONS - Long row_number()
10:24:45.272 [main] DEBUG org.hibernate.HQL_FUNCTIONS - Long rownum()
10:24:45.272 [main] DEBUG org.hibernate.HQL_FUNCTIONS - String rpad(STRING string, INTEGER length[, STRING padding])
10:24:45.272 [main] DEBUG org.hibernate.HQL_FUNCTIONS - String rtrim(STRING string)
10:24:45.272 [main] DEBUG org.hibernate.HQL_FUNCTIONS - Integer second(TIME arg)
10:24:45.272 [main] DEBUG org.hibernate.HQL_FUNCTIONS - Integer sign(NUMERIC arg)
10:24:45.272 [main] DEBUG org.hibernate.HQL_FUNCTIONS - Double sin(NUMERIC arg)
10:24:45.272 [main] DEBUG org.hibernate.HQL_FUNCTIONS - Double sinh(NUMERIC arg)
10:24:45.272 [main] DEBUG org.hibernate.HQL_FUNCTIONS - String soundex(arg)
10:24:45.272 [main] DEBUG org.hibernate.HQL_FUNCTIONS - String space(INTEGER arg)
10:24:45.273 [main] DEBUG org.hibernate.HQL_FUNCTIONS - Object sql
10:24:45.273 [main] DEBUG org.hibernate.HQL_FUNCTIONS - Double sqrt(NUMERIC arg)
10:24:45.273 [main] DEBUG org.hibernate.HQL_FUNCTIONS - Double stddev_pop(NUMERIC arg)
10:24:45.273 [main] DEBUG org.hibernate.HQL_FUNCTIONS - Double stddev_samp(NUMERIC arg)
10:24:45.273 [main] DEBUG org.hibernate.HQL_FUNCTIONS - String str(arg)
10:24:45.273 [main] DEBUG org.hibernate.HQL_FUNCTIONS - String substr(STRING string, INTEGER start[, INTEGER length])
10:24:45.273 [main] DEBUG org.hibernate.HQL_FUNCTIONS - String substring(STRING string{ from|,} INTEGER start[{ for|,} INTEGER length])
10:24:45.273 [main] DEBUG org.hibernate.HQL_FUNCTIONS - sum(arg)
10:24:45.273 [main] DEBUG org.hibernate.HQL_FUNCTIONS - Timestamp sysdate
10:24:45.273 [main] DEBUG org.hibernate.HQL_FUNCTIONS - Double tan(NUMERIC arg)
10:24:45.273 [main] DEBUG org.hibernate.HQL_FUNCTIONS - Double tanh(NUMERIC arg)
10:24:45.273 [main] DEBUG org.hibernate.HQL_FUNCTIONS - timestampadd(TEMPORAL_UNIT field, INTEGER magnitude, TEMPORAL datetime)
10:24:45.273 [main] DEBUG org.hibernate.HQL_FUNCTIONS - Long|Double timestampdiff(TEMPORAL_UNIT field, TEMPORAL start, TEMPORAL end)
10:24:45.273 [main] DEBUG org.hibernate.HQL_FUNCTIONS - String translate(STRING arg0, STRING arg1, STRING arg2)
10:24:45.273 [main] DEBUG org.hibernate.HQL_FUNCTIONS - String trim([[{leading|trailing|both} ][STRING arg0 ]from] STRING arg1)
10:24:45.273 [main] DEBUG org.hibernate.HQL_FUNCTIONS - trunc( ... )
10:24:45.273 [main] DEBUG org.hibernate.HQL_FUNCTIONS - truncate( ... )
10:24:45.273 [main] DEBUG org.hibernate.HQL_FUNCTIONS - String upper(STRING string)
10:24:45.273 [main] DEBUG org.hibernate.HQL_FUNCTIONS - Double var_pop(NUMERIC arg)
10:24:45.273 [main] DEBUG org.hibernate.HQL_FUNCTIONS - Double var_samp(NUMERIC arg)
10:24:45.273 [main] DEBUG org.hibernate.HQL_FUNCTIONS - Integer week(DATE arg)
10:24:45.273 [main] DEBUG org.hibernate.HQL_FUNCTIONS - Integer year(DATE arg)
10:24:45.273 [main] DEBUG org.hibernate.orm.query.plan.cache - Starting QueryInterpretationCache(2048)
10:24:45.273 [main] DEBUG org.hibernate.service.internal.SessionFactoryServiceRegistryImpl - EventListenerRegistry access via ServiceRegistry is deprecated.  Use `sessionFactory.getEventEngine().getListenerRegistry()` instead
10:24:45.273 [main] DEBUG org.hibernate.event.internal.EntityCopyObserverFactoryInitiator - Configured EntityCopyObserver strategy: disallow
10:24:45.275 [main] DEBUG org.hibernate.boot.internal.ClassLoaderAccessImpl - Not known whether passed class name [org.frcpm.models.Attendance] is safe
10:24:45.275 [main] DEBUG org.hibernate.boot.internal.ClassLoaderAccessImpl - No temp ClassLoader provided; using live ClassLoader for loading potentially unsafe class : org.frcpm.models.Attendance
10:24:45.277 [main] DEBUG org.hibernate.bytecode.internal.bytebuddy.BytecodeProviderImpl - HHH000513: Unable to create the ReflectionOptimizer for [org.frcpm.models.Attendance]: private accessor [arrivalTime]
10:24:45.277 [main] DEBUG org.hibernate.boot.internal.ClassLoaderAccessImpl - Not known whether passed class name [org.frcpm.models.Meeting] is safe
10:24:45.277 [main] DEBUG org.hibernate.boot.internal.ClassLoaderAccessImpl - No temp ClassLoader provided; using live ClassLoader for loading potentially unsafe class : org.frcpm.models.Meeting
10:24:45.280 [main] DEBUG org.hibernate.bytecode.internal.bytebuddy.BytecodeProviderImpl - HHH000513: Unable to create the ReflectionOptimizer for [org.frcpm.models.Meeting]: private accessor [attendances]
10:24:45.280 [main] DEBUG org.hibernate.boot.internal.ClassLoaderAccessImpl - Not known whether passed class name [org.frcpm.models.Subsystem] is safe
10:24:45.280 [main] DEBUG org.hibernate.boot.internal.ClassLoaderAccessImpl - No temp ClassLoader provided; using live ClassLoader for loading potentially unsafe class : org.frcpm.models.Subsystem
10:24:45.286 [main] DEBUG org.hibernate.bytecode.internal.bytebuddy.BytecodeProviderImpl - HHH000513: Unable to create the ReflectionOptimizer for [org.frcpm.models.Subsystem]: private accessor [description]
10:24:45.287 [main] DEBUG org.hibernate.boot.internal.ClassLoaderAccessImpl - Not known whether passed class name [org.frcpm.models.Component] is safe
10:24:45.287 [main] DEBUG org.hibernate.boot.internal.ClassLoaderAccessImpl - No temp ClassLoader provided; using live ClassLoader for loading potentially unsafe class : org.frcpm.models.Component
10:24:45.291 [main] DEBUG org.hibernate.bytecode.internal.bytebuddy.BytecodeProviderImpl - HHH000513: Unable to create the ReflectionOptimizer for [org.frcpm.models.Component]: private accessor [actualDelivery]
10:24:45.291 [main] DEBUG org.hibernate.boot.internal.ClassLoaderAccessImpl - Not known whether passed class name [org.frcpm.models.Milestone] is safe
10:24:45.291 [main] DEBUG org.hibernate.boot.internal.ClassLoaderAccessImpl - No temp ClassLoader provided; using live ClassLoader for loading potentially unsafe class : org.frcpm.models.Milestone
10:24:45.295 [main] DEBUG org.hibernate.bytecode.internal.bytebuddy.BytecodeProviderImpl - HHH000513: Unable to create the ReflectionOptimizer for [org.frcpm.models.Milestone]: private accessor [date]
10:24:45.295 [main] DEBUG org.hibernate.boot.internal.ClassLoaderAccessImpl - Not known whether passed class name [org.frcpm.models.Project] is safe
10:24:45.295 [main] DEBUG org.hibernate.boot.internal.ClassLoaderAccessImpl - No temp ClassLoader provided; using live ClassLoader for loading potentially unsafe class : org.frcpm.models.Project
10:24:45.298 [main] DEBUG org.hibernate.bytecode.internal.bytebuddy.BytecodeProviderImpl - HHH000513: Unable to create the ReflectionOptimizer for [org.frcpm.models.Project]: private accessor [description]
10:24:45.299 [main] DEBUG org.hibernate.boot.internal.ClassLoaderAccessImpl - Not known whether passed class name [org.frcpm.models.Subteam] is safe
10:24:45.299 [main] DEBUG org.hibernate.boot.internal.ClassLoaderAccessImpl - No temp ClassLoader provided; using live ClassLoader for loading potentially unsafe class : org.frcpm.models.Subteam
10:24:45.306 [main] DEBUG org.hibernate.bytecode.internal.bytebuddy.BytecodeProviderImpl - HHH000513: Unable to create the ReflectionOptimizer for [org.frcpm.models.Subteam]: private accessor [colorCode]
10:24:45.306 [main] DEBUG org.hibernate.boot.internal.ClassLoaderAccessImpl - Not known whether passed class name [org.frcpm.models.Task] is safe
10:24:45.306 [main] DEBUG org.hibernate.boot.internal.ClassLoaderAccessImpl - No temp ClassLoader provided; using live ClassLoader for loading potentially unsafe class : org.frcpm.models.Task
10:24:45.310 [main] DEBUG org.hibernate.bytecode.internal.bytebuddy.BytecodeProviderImpl - HHH000513: Unable to create the ReflectionOptimizer for [org.frcpm.models.Task]: private accessor [actualDurationSeconds]
10:24:45.311 [main] DEBUG org.hibernate.boot.internal.ClassLoaderAccessImpl - Not known whether passed class name [org.frcpm.models.TeamMember] is safe
10:24:45.311 [main] DEBUG org.hibernate.boot.internal.ClassLoaderAccessImpl - No temp ClassLoader provided; using live ClassLoader for loading potentially unsafe class : org.frcpm.models.TeamMember
10:24:45.314 [main] DEBUG org.hibernate.bytecode.internal.bytebuddy.BytecodeProviderImpl - HHH000513: Unable to create the ReflectionOptimizer for [org.frcpm.models.TeamMember]: private accessor [assignedTasks]
10:24:45.314 [main] DEBUG org.hibernate.orm.jdbc.mutation - Skipping collection row updates - org.frcpm.models.Task.assignedTo
10:24:45.315 [main] DEBUG org.hibernate.orm.jdbc.mutation - Skipping collection (re)creation - org.frcpm.models.Subsystem.tasks
10:24:45.315 [main] DEBUG org.hibernate.orm.jdbc.mutation - Skipping collection row deletions - org.frcpm.models.Subsystem.tasks
10:24:45.315 [main] DEBUG org.hibernate.orm.jdbc.mutation - Skipping collection removals - org.frcpm.models.Subsystem.tasks
10:24:45.315 [main] DEBUG org.hibernate.orm.jdbc.mutation - Skipping collection (re)creation - org.frcpm.models.Subteam.members
10:24:45.315 [main] DEBUG org.hibernate.orm.jdbc.mutation - Skipping collection row deletions - org.frcpm.models.Subteam.members
10:24:45.315 [main] DEBUG org.hibernate.orm.jdbc.mutation - Skipping collection removals - org.frcpm.models.Subteam.members
10:24:45.315 [main] DEBUG org.hibernate.orm.jdbc.mutation - Skipping collection (re)creation - org.frcpm.models.TeamMember.attendances
10:24:45.315 [main] DEBUG org.hibernate.orm.jdbc.mutation - Skipping collection row deletions - org.frcpm.models.TeamMember.attendances
10:24:45.315 [main] DEBUG org.hibernate.orm.jdbc.mutation - Skipping collection removals - org.frcpm.models.TeamMember.attendances
10:24:45.315 [main] DEBUG org.hibernate.orm.jdbc.mutation - Skipping collection row updates - org.frcpm.models.Task.requiredComponents
10:24:45.315 [main] DEBUG org.hibernate.orm.jdbc.mutation - Skipping collection (re)creation - org.frcpm.models.Subteam.subsystems
10:24:45.315 [main] DEBUG org.hibernate.orm.jdbc.mutation - Skipping collection row deletions - org.frcpm.models.Subteam.subsystems
10:24:45.315 [main] DEBUG org.hibernate.orm.jdbc.mutation - Skipping collection removals - org.frcpm.models.Subteam.subsystems
10:24:45.315 [main] DEBUG org.hibernate.orm.jdbc.mutation - Skipping collection row updates - org.frcpm.models.Task.preDependencies
10:24:45.315 [main] DEBUG org.hibernate.orm.jdbc.mutation - Skipping collection (re)creation - org.frcpm.models.Project.milestones
10:24:45.315 [main] DEBUG org.hibernate.orm.jdbc.mutation - Skipping collection row deletions - org.frcpm.models.Project.milestones
10:24:45.315 [main] DEBUG org.hibernate.orm.jdbc.mutation - Skipping collection removals - org.frcpm.models.Project.milestones
10:24:45.315 [main] DEBUG org.hibernate.orm.jdbc.mutation - Skipping collection inserts - org.frcpm.models.Component.requiredForTasks
10:24:45.315 [main] DEBUG org.hibernate.orm.jdbc.mutation - Skipping collection row updates - org.frcpm.models.Component.requiredForTasks
10:24:45.315 [main] DEBUG org.hibernate.orm.jdbc.mutation - Skipping collection row deletions - org.frcpm.models.Component.requiredForTasks
10:24:45.315 [main] DEBUG org.hibernate.orm.jdbc.mutation - Skipping collection removals - org.frcpm.models.Component.requiredForTasks
10:24:45.315 [main] DEBUG org.hibernate.orm.jdbc.mutation - Skipping collection (re)creation - org.frcpm.models.Project.meetings
10:24:45.315 [main] DEBUG org.hibernate.orm.jdbc.mutation - Skipping collection row deletions - org.frcpm.models.Project.meetings
10:24:45.315 [main] DEBUG org.hibernate.orm.jdbc.mutation - Skipping collection removals - org.frcpm.models.Project.meetings
10:24:45.315 [main] DEBUG org.hibernate.orm.jdbc.mutation - Skipping collection inserts - org.frcpm.models.TeamMember.assignedTasks
10:24:45.315 [main] DEBUG org.hibernate.orm.jdbc.mutation - Skipping collection row updates - org.frcpm.models.TeamMember.assignedTasks
10:24:45.315 [main] DEBUG org.hibernate.orm.jdbc.mutation - Skipping collection row deletions - org.frcpm.models.TeamMember.assignedTasks
10:24:45.315 [main] DEBUG org.hibernate.orm.jdbc.mutation - Skipping collection removals - org.frcpm.models.TeamMember.assignedTasks
10:24:45.315 [main] DEBUG org.hibernate.orm.jdbc.mutation - Skipping collection (re)creation - org.frcpm.models.Meeting.attendances
10:24:45.315 [main] DEBUG org.hibernate.orm.jdbc.mutation - Skipping collection row deletions - org.frcpm.models.Meeting.attendances
10:24:45.315 [main] DEBUG org.hibernate.orm.jdbc.mutation - Skipping collection removals - org.frcpm.models.Meeting.attendances
10:24:45.315 [main] DEBUG org.hibernate.orm.jdbc.mutation - Skipping collection inserts - org.frcpm.models.Task.postDependencies
10:24:45.315 [main] DEBUG org.hibernate.orm.jdbc.mutation - Skipping collection row updates - org.frcpm.models.Task.postDependencies
10:24:45.315 [main] DEBUG org.hibernate.orm.jdbc.mutation - Skipping collection row deletions - org.frcpm.models.Task.postDependencies
10:24:45.315 [main] DEBUG org.hibernate.orm.jdbc.mutation - Skipping collection removals - org.frcpm.models.Task.postDependencies
10:24:45.315 [main] DEBUG org.hibernate.orm.jdbc.mutation - Skipping collection (re)creation - org.frcpm.models.Project.tasks
10:24:45.315 [main] DEBUG org.hibernate.orm.jdbc.mutation - Skipping collection row deletions - org.frcpm.models.Project.tasks
10:24:45.315 [main] DEBUG org.hibernate.orm.jdbc.mutation - Skipping collection removals - org.frcpm.models.Project.tasks
10:24:45.316 [main] DEBUG org.hibernate.orm.model.mapping.creation - Starting post-init callbacks
10:24:45.316 [main] DEBUG org.hibernate.orm.model.mapping.creation - Starting PostInitCallbackEntry : To-one key - NavigableRole[org.frcpm.models.Attendance.meeting]
10:24:45.316 [main] DEBUG org.hibernate.orm.model.mapping.creation - Starting PostInitCallbackEntry : To-one key - NavigableRole[org.frcpm.models.Attendance.member]
10:24:45.316 [main] DEBUG org.hibernate.orm.model.mapping.creation - Starting PostInitCallbackEntry : Entity(org.frcpm.models.Attendance) `staticFetchableList` generator
10:24:45.316 [main] DEBUG org.hibernate.orm.model.mapping.creation - Starting PostInitCallbackEntry : PluralAttributeMapping( NavigableRole[org.frcpm.models.Meeting.attendances#{element}]) - element descriptor
10:24:45.316 [main] DEBUG org.hibernate.orm.model.mapping.creation - Starting PostInitCallbackEntry : PluralAttributeMapping(org.frcpm.models.Meeting.attendances)#finishInitialization
10:24:45.316 [main] DEBUG org.hibernate.orm.model.mapping.creation - Starting PostInitCallbackEntry : PluralAttributeMapping(org.frcpm.models.Meeting.attendances) - key descriptor
10:24:45.316 [main] DEBUG org.hibernate.orm.model.mapping.creation - Starting PostInitCallbackEntry : To-one key - NavigableRole[org.frcpm.models.Meeting.project]
10:24:45.316 [main] DEBUG org.hibernate.orm.model.mapping.creation - Starting PostInitCallbackEntry : Entity(org.frcpm.models.Meeting) `staticFetchableList` generator
10:24:45.316 [main] DEBUG org.hibernate.orm.model.mapping.creation - Starting PostInitCallbackEntry : To-one key - NavigableRole[org.frcpm.models.Subsystem.responsibleSubteam]
10:24:45.316 [main] DEBUG org.hibernate.orm.model.mapping.creation - Starting PostInitCallbackEntry : PluralAttributeMapping( NavigableRole[org.frcpm.models.Subsystem.tasks#{element}]) - element descriptor
10:24:45.316 [main] DEBUG org.hibernate.orm.model.mapping.creation - Starting PostInitCallbackEntry : PluralAttributeMapping(org.frcpm.models.Subsystem.tasks)#finishInitialization
10:24:45.316 [main] DEBUG org.hibernate.orm.model.mapping.creation - Starting PostInitCallbackEntry : PluralAttributeMapping(org.frcpm.models.Subsystem.tasks) - key descriptor
10:24:45.316 [main] DEBUG org.hibernate.orm.model.mapping.creation - Starting PostInitCallbackEntry : Entity(org.frcpm.models.Subsystem) `staticFetchableList` generator
10:24:45.316 [main] DEBUG org.hibernate.orm.model.mapping.creation - Starting PostInitCallbackEntry : PluralAttributeMapping( NavigableRole[org.frcpm.models.Component.requiredForTasks#{element}]) - element descriptor
10:24:45.316 [main] DEBUG org.hibernate.orm.model.mapping.creation - Starting PostInitCallbackEntry : PluralAttributeMapping(org.frcpm.models.Component.requiredForTasks)#finishInitialization
10:24:45.316 [main] DEBUG org.hibernate.orm.model.mapping.creation - Starting PostInitCallbackEntry : PluralAttributeMapping(org.frcpm.models.Component.requiredForTasks) - key descriptor
10:24:45.316 [main] DEBUG org.hibernate.orm.model.mapping.creation - Starting PostInitCallbackEntry : Entity(org.frcpm.models.Component) `staticFetchableList` generator
10:24:45.316 [main] DEBUG org.hibernate.orm.model.mapping.creation - Starting PostInitCallbackEntry : To-one key - NavigableRole[org.frcpm.models.Milestone.project]
10:24:45.316 [main] DEBUG org.hibernate.orm.model.mapping.creation - Starting PostInitCallbackEntry : Entity(org.frcpm.models.Milestone) `staticFetchableList` generator
10:24:45.316 [main] DEBUG org.hibernate.orm.model.mapping.creation - Starting PostInitCallbackEntry : PluralAttributeMapping( NavigableRole[org.frcpm.models.Project.meetings#{element}]) - element descriptor
10:24:45.316 [main] DEBUG org.hibernate.orm.model.mapping.creation - Starting PostInitCallbackEntry : PluralAttributeMapping(org.frcpm.models.Project.meetings)#finishInitialization
10:24:45.316 [main] DEBUG org.hibernate.orm.model.mapping.creation - Starting PostInitCallbackEntry : PluralAttributeMapping(org.frcpm.models.Project.meetings) - key descriptor
10:24:45.316 [main] DEBUG org.hibernate.orm.model.mapping.creation - Starting PostInitCallbackEntry : PluralAttributeMapping( NavigableRole[org.frcpm.models.Project.milestones#{element}]) - element descriptor
10:24:45.316 [main] DEBUG org.hibernate.orm.model.mapping.creation - Starting PostInitCallbackEntry : PluralAttributeMapping(org.frcpm.models.Project.milestones)#finishInitialization
10:24:45.316 [main] DEBUG org.hibernate.orm.model.mapping.creation - Starting PostInitCallbackEntry : PluralAttributeMapping(org.frcpm.models.Project.milestones) - key descriptor
10:24:45.316 [main] DEBUG org.hibernate.orm.model.mapping.creation - Starting PostInitCallbackEntry : PluralAttributeMapping( NavigableRole[org.frcpm.models.Project.tasks#{element}]) - element descriptor
10:24:45.316 [main] DEBUG org.hibernate.orm.model.mapping.creation - Starting PostInitCallbackEntry : PluralAttributeMapping(org.frcpm.models.Project.tasks)#finishInitialization
10:24:45.316 [main] DEBUG org.hibernate.orm.model.mapping.creation - Starting PostInitCallbackEntry : PluralAttributeMapping(org.frcpm.models.Project.tasks) - key descriptor
10:24:45.316 [main] DEBUG org.hibernate.orm.model.mapping.creation - Starting PostInitCallbackEntry : Entity(org.frcpm.models.Project) `staticFetchableList` generator
10:24:45.316 [main] DEBUG org.hibernate.orm.model.mapping.creation - Starting PostInitCallbackEntry : PluralAttributeMapping( NavigableRole[org.frcpm.models.Subteam.members#{element}]) - element descriptor
10:24:45.316 [main] DEBUG org.hibernate.orm.model.mapping.creation - Starting PostInitCallbackEntry : PluralAttributeMapping(org.frcpm.models.Subteam.members)#finishInitialization
10:24:45.316 [main] DEBUG org.hibernate.orm.model.mapping.creation - Starting PostInitCallbackEntry : PluralAttributeMapping(org.frcpm.models.Subteam.members) - key descriptor
10:24:45.316 [main] DEBUG org.hibernate.orm.model.mapping.creation - Starting PostInitCallbackEntry : PluralAttributeMapping( NavigableRole[org.frcpm.models.Subteam.subsystems#{element}]) - element descriptor
10:24:45.316 [main] DEBUG org.hibernate.orm.model.mapping.creation - Starting PostInitCallbackEntry : PluralAttributeMapping(org.frcpm.models.Subteam.subsystems)#finishInitialization
10:24:45.316 [main] DEBUG org.hibernate.orm.model.mapping.creation - Starting PostInitCallbackEntry : PluralAttributeMapping(org.frcpm.models.Subteam.subsystems) - key descriptor
10:24:45.316 [main] DEBUG org.hibernate.orm.model.mapping.creation - Starting PostInitCallbackEntry : Entity(org.frcpm.models.Subteam) `staticFetchableList` generator
10:24:45.316 [main] DEBUG org.hibernate.orm.model.mapping.creation - Starting PostInitCallbackEntry : PluralAttributeMapping( NavigableRole[org.frcpm.models.Task.assignedTo#{element}]) - element descriptor
10:24:45.316 [main] DEBUG org.hibernate.orm.model.mapping.creation - Starting PostInitCallbackEntry : PluralAttributeMapping(org.frcpm.models.Task.assignedTo)#finishInitialization
10:24:45.316 [main] DEBUG org.hibernate.orm.model.mapping.creation - Starting PostInitCallbackEntry : PluralAttributeMapping(org.frcpm.models.Task.assignedTo) - key descriptor
10:24:45.316 [main] DEBUG org.hibernate.orm.model.mapping.creation - Starting PostInitCallbackEntry : PluralAttributeMapping( NavigableRole[org.frcpm.models.Task.postDependencies#{element}]) - element descriptor
10:24:45.316 [main] DEBUG org.hibernate.orm.model.mapping.creation - Starting PostInitCallbackEntry : PluralAttributeMapping(org.frcpm.models.Task.postDependencies)#finishInitialization
10:24:45.316 [main] DEBUG org.hibernate.orm.model.mapping.creation - Starting PostInitCallbackEntry : PluralAttributeMapping(org.frcpm.models.Task.postDependencies) - key descriptor
10:24:45.316 [main] DEBUG org.hibernate.orm.model.mapping.creation - Starting PostInitCallbackEntry : PluralAttributeMapping( NavigableRole[org.frcpm.models.Task.preDependencies#{element}]) - element descriptor
10:24:45.316 [main] DEBUG org.hibernate.orm.model.mapping.creation - Starting PostInitCallbackEntry : PluralAttributeMapping(org.frcpm.models.Task.preDependencies)#finishInitialization
10:24:45.316 [main] DEBUG org.hibernate.orm.model.mapping.creation - Starting PostInitCallbackEntry : PluralAttributeMapping(org.frcpm.models.Task.preDependencies) - key descriptor
10:24:45.316 [main] DEBUG org.hibernate.orm.model.mapping.creation - Starting PostInitCallbackEntry : To-one key - NavigableRole[org.frcpm.models.Task.project]
10:24:45.316 [main] DEBUG org.hibernate.orm.model.mapping.creation - Starting PostInitCallbackEntry : PluralAttributeMapping( NavigableRole[org.frcpm.models.Task.requiredComponents#{element}]) - element descriptor
10:24:45.316 [main] DEBUG org.hibernate.orm.model.mapping.creation - Starting PostInitCallbackEntry : PluralAttributeMapping(org.frcpm.models.Task.requiredComponents)#finishInitialization
10:24:45.316 [main] DEBUG org.hibernate.orm.model.mapping.creation - Starting PostInitCallbackEntry : PluralAttributeMapping(org.frcpm.models.Task.requiredComponents) - key descriptor
10:24:45.316 [main] DEBUG org.hibernate.orm.model.mapping.creation - Starting PostInitCallbackEntry : To-one key - NavigableRole[org.frcpm.models.Task.subsystem]
10:24:45.316 [main] DEBUG org.hibernate.orm.model.mapping.creation - Starting PostInitCallbackEntry : Entity(org.frcpm.models.Task) `staticFetchableList` generator
10:24:45.316 [main] DEBUG org.hibernate.orm.model.mapping.creation - Starting PostInitCallbackEntry : PluralAttributeMapping( NavigableRole[org.frcpm.models.TeamMember.assignedTasks#{element}]) - element descriptor
10:24:45.316 [main] DEBUG org.hibernate.orm.model.mapping.creation - Starting PostInitCallbackEntry : PluralAttributeMapping(org.frcpm.models.TeamMember.assignedTasks)#finishInitialization
10:24:45.316 [main] DEBUG org.hibernate.orm.model.mapping.creation - Starting PostInitCallbackEntry : PluralAttributeMapping(org.frcpm.models.TeamMember.assignedTasks) - key descriptor
10:24:45.316 [main] DEBUG org.hibernate.orm.model.mapping.creation - Starting PostInitCallbackEntry : PluralAttributeMapping( NavigableRole[org.frcpm.models.TeamMember.attendances#{element}]) - element descriptor
10:24:45.316 [main] DEBUG org.hibernate.orm.model.mapping.creation - Starting PostInitCallbackEntry : PluralAttributeMapping(org.frcpm.models.TeamMember.attendances)#finishInitialization
10:24:45.316 [main] DEBUG org.hibernate.orm.model.mapping.creation - Starting PostInitCallbackEntry : PluralAttributeMapping(org.frcpm.models.TeamMember.attendances) - key descriptor
10:24:45.316 [main] DEBUG org.hibernate.orm.model.mapping.creation - Starting PostInitCallbackEntry : To-one key - NavigableRole[org.frcpm.models.TeamMember.subteam]
10:24:45.316 [main] DEBUG org.hibernate.orm.model.mapping.creation - Starting PostInitCallbackEntry : Entity(org.frcpm.models.TeamMember) `staticFetchableList` generator
10:24:45.316 [main] DEBUG org.hibernate.orm.model.mapping.creation - Starting PostInitCallbackEntry : PluralAttributeMapping( NavigableRole[org.frcpm.models.Meeting.attendances#{element}]) - element descriptor
10:24:45.316 [main] DEBUG org.hibernate.orm.model.mapping.creation - Starting PostInitCallbackEntry : PluralAttributeMapping( NavigableRole[org.frcpm.models.Subsystem.tasks#{element}]) - element descriptor
10:24:45.316 [main] DEBUG org.hibernate.orm.model.mapping.creation - Starting PostInitCallbackEntry : PluralAttributeMapping( NavigableRole[org.frcpm.models.Component.requiredForTasks#{element}]) - element descriptor
10:24:45.316 [main] DEBUG org.hibernate.orm.model.mapping.creation - Starting PostInitCallbackEntry : PluralAttributeMapping( NavigableRole[org.frcpm.models.Project.meetings#{element}]) - element descriptor
10:24:45.316 [main] DEBUG org.hibernate.orm.model.mapping.creation - Starting PostInitCallbackEntry : PluralAttributeMapping( NavigableRole[org.frcpm.models.Project.milestones#{element}]) - element descriptor
10:24:45.316 [main] DEBUG org.hibernate.orm.model.mapping.creation - Starting PostInitCallbackEntry : PluralAttributeMapping( NavigableRole[org.frcpm.models.Project.tasks#{element}]) - element descriptor
10:24:45.316 [main] DEBUG org.hibernate.orm.model.mapping.creation - Starting PostInitCallbackEntry : PluralAttributeMapping( NavigableRole[org.frcpm.models.Subteam.members#{element}]) - element descriptor
10:24:45.316 [main] DEBUG org.hibernate.orm.model.mapping.creation - Starting PostInitCallbackEntry : PluralAttributeMapping( NavigableRole[org.frcpm.models.Subteam.subsystems#{element}]) - element descriptor
10:24:45.316 [main] DEBUG org.hibernate.orm.model.mapping.creation - Starting PostInitCallbackEntry : PluralAttributeMapping( NavigableRole[org.frcpm.models.Task.postDependencies#{element}]) - element descriptor
10:24:45.316 [main] DEBUG org.hibernate.orm.model.mapping.creation - Starting PostInitCallbackEntry : PluralAttributeMapping( NavigableRole[org.frcpm.models.TeamMember.attendances#{element}]) - element descriptor
10:24:45.321 [main] DEBUG org.hibernate.orm.sql.ast.create - Created new SQL alias : a1_0
10:24:45.321 [main] DEBUG org.hibernate.orm.sql.ast.create - Registration of TableGroup [StandardTableGroup(org.frcpm.models.Attendance)] with identifierForTableGroup [org.frcpm.models.Attendance] for NavigablePath [org.frcpm.models.Attendance] 
10:24:45.321 [main] DEBUG org.hibernate.orm.sql.ast.create - Registration of TableGroup [org.hibernate.sql.ast.tree.from.LazyTableGroup@3cd31483] with identifierForTableGroup [org.frcpm.models.Attendance.meeting] for NavigablePath [org.frcpm.models.Attendance.meeting] 
10:24:45.321 [main] DEBUG org.hibernate.orm.sql.ast.create - Registration of TableGroup [org.hibernate.sql.ast.tree.from.LazyTableGroup@65a27bf6] with identifierForTableGroup [org.frcpm.models.Attendance.member] for NavigablePath [org.frcpm.models.Attendance.member] 
10:24:45.321 [main] DEBUG org.hibernate.orm.results.graph.AST - DomainResult Graph:
 \-EntityResultImpl [org.frcpm.models.Attendance]
 |  +-BasicFetch [org.frcpm.models.Attendance.arrivalTime]
 |  +-BasicFetch [org.frcpm.models.Attendance.departureTime]
 |  +-EntityDelayedFetchImpl [org.frcpm.models.Attendance.meeting]
 |  +-EntityDelayedFetchImpl [org.frcpm.models.Attendance.member]
 |  \-BasicFetch [org.frcpm.models.Attendance.present]

10:24:45.321 [main] DEBUG org.hibernate.orm.sql.ast.tree - SQL AST Tree:
    SelectStatement {
      FromClause {
        StandardTableGroup (a1 : org.frcpm.models.Attendance) {
          primaryTableReference : attendances as a1_0
          TableGroupJoins {
            left  join LazyTableGroup (m1 : org.frcpm.models.Attendance.meeting) {
            }
            left  join LazyTableGroup (m2 : org.frcpm.models.Attendance.member) {
            }
          }
        }
      }
    }

10:24:45.322 [main] DEBUG org.hibernate.persister.entity.AbstractEntityPersister - Static SQL for entity: org.frcpm.models.Attendance
10:24:45.322 [main] DEBUG org.hibernate.persister.entity.AbstractEntityPersister -  Version select: select id from attendances where id=?
10:24:45.322 [main] DEBUG org.hibernate.persister.entity.AbstractEntityPersister -  Insert (0): insert into attendances (arrival_time,departure_time,meeting_id,member_id,present,id) values (?,?,?,?,?,default)
10:24:45.322 [main] DEBUG org.hibernate.persister.entity.AbstractEntityPersister -  Update (0): update attendances set arrival_time=?,departure_time=?,meeting_id=?,member_id=?,present=? where id=?
10:24:45.322 [main] DEBUG org.hibernate.persister.entity.AbstractEntityPersister -  Delete (0): delete from attendances where id=?
10:24:45.322 [main] DEBUG org.hibernate.orm.sql.ast.create - Created new SQL alias : m1_0
10:24:45.322 [main] DEBUG org.hibernate.orm.sql.ast.create - Registration of TableGroup [StandardTableGroup(org.frcpm.models.Meeting)] with identifierForTableGroup [org.frcpm.models.Meeting] for NavigablePath [org.frcpm.models.Meeting] 
10:24:45.322 [main] DEBUG org.hibernate.orm.sql.ast.create - Registration of TableGroup [org.hibernate.sql.ast.tree.from.LazyTableGroup@15e3c3d3] with identifierForTableGroup [org.frcpm.models.Meeting.project] for NavigablePath [org.frcpm.models.Meeting.project] 
10:24:45.322 [main] DEBUG org.hibernate.orm.results.graph.AST - DomainResult Graph:
 \-EntityResultImpl [org.frcpm.models.Meeting]
 |  +-DelayedCollectionFetch [org.frcpm.models.Meeting.attendances]
 |  +-BasicFetch [org.frcpm.models.Meeting.date]
 |  +-BasicFetch [org.frcpm.models.Meeting.endTime]
 |  +-BasicFetch [org.frcpm.models.Meeting.notes]
 |  +-EntityDelayedFetchImpl [org.frcpm.models.Meeting.project]
 |  \-BasicFetch [org.frcpm.models.Meeting.startTime]

10:24:45.322 [main] DEBUG org.hibernate.orm.sql.ast.tree - SQL AST Tree:
    SelectStatement {
      FromClause {
        StandardTableGroup (m1 : org.frcpm.models.Meeting) {
          primaryTableReference : meetings as m1_0
          TableGroupJoins {
            left  join LazyTableGroup (p1 : org.frcpm.models.Meeting.project) {
            }
          }
        }
      }
    }

10:24:45.323 [main] DEBUG org.hibernate.persister.entity.AbstractEntityPersister - Static SQL for entity: org.frcpm.models.Meeting
10:24:45.323 [main] DEBUG org.hibernate.persister.entity.AbstractEntityPersister -  Version select: select id from meetings where id=?
10:24:45.323 [main] DEBUG org.hibernate.persister.entity.AbstractEntityPersister -  Insert (0): insert into meetings (date,end_time,notes,project_id,start_time,id) values (?,?,?,?,?,default)
10:24:45.323 [main] DEBUG org.hibernate.persister.entity.AbstractEntityPersister -  Update (0): update meetings set date=?,end_time=?,notes=?,project_id=?,start_time=? where id=?
10:24:45.323 [main] DEBUG org.hibernate.persister.entity.AbstractEntityPersister -  Delete (0): delete from meetings where id=?
10:24:45.323 [main] DEBUG org.hibernate.orm.sql.ast.create - Created new SQL alias : s1_0
10:24:45.323 [main] DEBUG org.hibernate.orm.sql.ast.create - Registration of TableGroup [StandardTableGroup(org.frcpm.models.Subsystem)] with identifierForTableGroup [org.frcpm.models.Subsystem] for NavigablePath [org.frcpm.models.Subsystem] 
10:24:45.323 [main] DEBUG org.hibernate.orm.sql.ast.create - Registration of TableGroup [org.hibernate.sql.ast.tree.from.LazyTableGroup@1d70c28d] with identifierForTableGroup [org.frcpm.models.Subsystem.responsibleSubteam] for NavigablePath [org.frcpm.models.Subsystem.responsibleSubteam] 
10:24:45.323 [main] DEBUG org.hibernate.orm.results.graph.AST - DomainResult Graph:
 \-EntityResultImpl [org.frcpm.models.Subsystem]
 |  +-BasicFetch [org.frcpm.models.Subsystem.description]
 |  +-BasicFetch [org.frcpm.models.Subsystem.name]
 |  +-EntityDelayedFetchImpl [org.frcpm.models.Subsystem.responsibleSubteam]
 |  +-BasicFetch [org.frcpm.models.Subsystem.status]
 |  \-DelayedCollectionFetch [org.frcpm.models.Subsystem.tasks]

10:24:45.323 [main] DEBUG org.hibernate.orm.sql.ast.tree - SQL AST Tree:
    SelectStatement {
      FromClause {
        StandardTableGroup (s1 : org.frcpm.models.Subsystem) {
          primaryTableReference : subsystems as s1_0
          TableGroupJoins {
            left  join LazyTableGroup (rs1 : org.frcpm.models.Subsystem.responsibleSubteam) {
            }
          }
        }
      }
    }

10:24:45.323 [main] DEBUG org.hibernate.persister.entity.AbstractEntityPersister - Static SQL for entity: org.frcpm.models.Subsystem
10:24:45.323 [main] DEBUG org.hibernate.persister.entity.AbstractEntityPersister -  Version select: select id from subsystems where id=?
10:24:45.323 [main] DEBUG org.hibernate.persister.entity.AbstractEntityPersister -  Insert (0): insert into subsystems (description,name,responsible_subteam_id,status,id) values (?,?,?,?,default)
10:24:45.323 [main] DEBUG org.hibernate.persister.entity.AbstractEntityPersister -  Update (0): update subsystems set description=?,name=?,responsible_subteam_id=?,status=? where id=?
10:24:45.323 [main] DEBUG org.hibernate.persister.entity.AbstractEntityPersister -  Delete (0): delete from subsystems where id=?
10:24:45.323 [main] DEBUG org.hibernate.orm.sql.ast.create - Created new SQL alias : c1_0
10:24:45.323 [main] DEBUG org.hibernate.orm.sql.ast.create - Registration of TableGroup [StandardTableGroup(org.frcpm.models.Component)] with identifierForTableGroup [org.frcpm.models.Component] for NavigablePath [org.frcpm.models.Component] 
10:24:45.323 [main] DEBUG org.hibernate.orm.results.graph.AST - DomainResult Graph:
 \-EntityResultImpl [org.frcpm.models.Component]
 |  +-BasicFetch [org.frcpm.models.Component.actualDelivery]
 |  +-BasicFetch [org.frcpm.models.Component.delivered]
 |  +-BasicFetch [org.frcpm.models.Component.description]
 |  +-BasicFetch [org.frcpm.models.Component.expectedDelivery]
 |  +-BasicFetch [org.frcpm.models.Component.name]
 |  +-BasicFetch [org.frcpm.models.Component.partNumber]
 |  \-DelayedCollectionFetch [org.frcpm.models.Component.requiredForTasks]

10:24:45.323 [main] DEBUG org.hibernate.orm.sql.ast.tree - SQL AST Tree:
    SelectStatement {
      FromClause {
        StandardTableGroup (c1 : org.frcpm.models.Component) {
          primaryTableReference : components as c1_0
        }
      }
    }

10:24:45.323 [main] DEBUG org.hibernate.persister.entity.AbstractEntityPersister - Static SQL for entity: org.frcpm.models.Component
10:24:45.323 [main] DEBUG org.hibernate.persister.entity.AbstractEntityPersister -  Version select: select id from components where id=?
10:24:45.323 [main] DEBUG org.hibernate.persister.entity.AbstractEntityPersister -  Insert (0): insert into components (actual_delivery,is_delivered,description,expected_delivery,name,part_number,id) values (?,?,?,?,?,?,default)
10:24:45.323 [main] DEBUG org.hibernate.persister.entity.AbstractEntityPersister -  Update (0): update components set actual_delivery=?,is_delivered=?,description=?,expected_delivery=?,name=?,part_number=? where id=?
10:24:45.323 [main] DEBUG org.hibernate.persister.entity.AbstractEntityPersister -  Delete (0): delete from components where id=?
10:24:45.323 [main] DEBUG org.hibernate.orm.sql.ast.create - Created new SQL alias : m1_0
10:24:45.323 [main] DEBUG org.hibernate.orm.sql.ast.create - Registration of TableGroup [StandardTableGroup(org.frcpm.models.Milestone)] with identifierForTableGroup [org.frcpm.models.Milestone] for NavigablePath [org.frcpm.models.Milestone] 
10:24:45.323 [main] DEBUG org.hibernate.orm.sql.ast.create - Registration of TableGroup [org.hibernate.sql.ast.tree.from.LazyTableGroup@5f272ecd] with identifierForTableGroup [org.frcpm.models.Milestone.project] for NavigablePath [org.frcpm.models.Milestone.project] 
10:24:45.323 [main] DEBUG org.hibernate.orm.results.graph.AST - DomainResult Graph:
 \-EntityResultImpl [org.frcpm.models.Milestone]
 |  +-BasicFetch [org.frcpm.models.Milestone.date]
 |  +-BasicFetch [org.frcpm.models.Milestone.description]
 |  +-BasicFetch [org.frcpm.models.Milestone.name]
 |  \-EntityDelayedFetchImpl [org.frcpm.models.Milestone.project]

10:24:45.323 [main] DEBUG org.hibernate.orm.sql.ast.tree - SQL AST Tree:
    SelectStatement {
      FromClause {
        StandardTableGroup (m1 : org.frcpm.models.Milestone) {
          primaryTableReference : milestones as m1_0
          TableGroupJoins {
            left  join LazyTableGroup (p1 : org.frcpm.models.Milestone.project) {
            }
          }
        }
      }
    }

10:24:45.323 [main] DEBUG org.hibernate.persister.entity.AbstractEntityPersister - Static SQL for entity: org.frcpm.models.Milestone
10:24:45.323 [main] DEBUG org.hibernate.persister.entity.AbstractEntityPersister -  Version select: select id from milestones where id=?
10:24:45.323 [main] DEBUG org.hibernate.persister.entity.AbstractEntityPersister -  Insert (0): insert into milestones (date,description,name,project_id,id) values (?,?,?,?,default)
10:24:45.323 [main] DEBUG org.hibernate.persister.entity.AbstractEntityPersister -  Update (0): update milestones set date=?,description=?,name=?,project_id=? where id=?
10:24:45.323 [main] DEBUG org.hibernate.persister.entity.AbstractEntityPersister -  Delete (0): delete from milestones where id=?
10:24:45.323 [main] DEBUG org.hibernate.orm.sql.ast.create - Created new SQL alias : p1_0
10:24:45.323 [main] DEBUG org.hibernate.orm.sql.ast.create - Registration of TableGroup [StandardTableGroup(org.frcpm.models.Project)] with identifierForTableGroup [org.frcpm.models.Project] for NavigablePath [org.frcpm.models.Project] 
10:24:45.323 [main] DEBUG org.hibernate.orm.results.graph.AST - DomainResult Graph:
 \-EntityResultImpl [org.frcpm.models.Project]
 |  +-BasicFetch [org.frcpm.models.Project.description]
 |  +-BasicFetch [org.frcpm.models.Project.goalEndDate]
 |  +-BasicFetch [org.frcpm.models.Project.hardDeadline]
 |  +-DelayedCollectionFetch [org.frcpm.models.Project.meetings]
 |  +-DelayedCollectionFetch [org.frcpm.models.Project.milestones]
 |  +-BasicFetch [org.frcpm.models.Project.name]
 |  +-BasicFetch [org.frcpm.models.Project.startDate]
 |  \-DelayedCollectionFetch [org.frcpm.models.Project.tasks]

10:24:45.323 [main] DEBUG org.hibernate.orm.sql.ast.tree - SQL AST Tree:
    SelectStatement {
      FromClause {
        StandardTableGroup (p1 : org.frcpm.models.Project) {
          primaryTableReference : projects as p1_0
        }
      }
    }

10:24:45.323 [main] DEBUG org.hibernate.persister.entity.AbstractEntityPersister - Static SQL for entity: org.frcpm.models.Project
10:24:45.323 [main] DEBUG org.hibernate.persister.entity.AbstractEntityPersister -  Version select: select id from projects where id=?
10:24:45.323 [main] DEBUG org.hibernate.persister.entity.AbstractEntityPersister -  Insert (0): insert into projects (description,goal_end_date,hard_deadline,name,start_date,id) values (?,?,?,?,?,default)
10:24:45.323 [main] DEBUG org.hibernate.persister.entity.AbstractEntityPersister -  Update (0): update projects set description=?,goal_end_date=?,hard_deadline=?,name=?,start_date=? where id=?
10:24:45.323 [main] DEBUG org.hibernate.persister.entity.AbstractEntityPersister -  Delete (0): delete from projects where id=?
10:24:45.323 [main] DEBUG org.hibernate.orm.sql.ast.create - Created new SQL alias : s1_0
10:24:45.323 [main] DEBUG org.hibernate.orm.sql.ast.create - Registration of TableGroup [StandardTableGroup(org.frcpm.models.Subteam)] with identifierForTableGroup [org.frcpm.models.Subteam] for NavigablePath [org.frcpm.models.Subteam] 
10:24:45.323 [main] DEBUG org.hibernate.orm.results.graph.AST - DomainResult Graph:
 \-EntityResultImpl [org.frcpm.models.Subteam]
 |  +-BasicFetch [org.frcpm.models.Subteam.colorCode]
 |  +-DelayedCollectionFetch [org.frcpm.models.Subteam.members]
 |  +-BasicFetch [org.frcpm.models.Subteam.name]
 |  +-BasicFetch [org.frcpm.models.Subteam.specialties]
 |  \-DelayedCollectionFetch [org.frcpm.models.Subteam.subsystems]

10:24:45.323 [main] DEBUG org.hibernate.orm.sql.ast.tree - SQL AST Tree:
    SelectStatement {
      FromClause {
        StandardTableGroup (s1 : org.frcpm.models.Subteam) {
          primaryTableReference : subteams as s1_0
        }
      }
    }

10:24:45.323 [main] DEBUG org.hibernate.persister.entity.AbstractEntityPersister - Static SQL for entity: org.frcpm.models.Subteam
10:24:45.323 [main] DEBUG org.hibernate.persister.entity.AbstractEntityPersister -  Version select: select id from subteams where id=?
10:24:45.323 [main] DEBUG org.hibernate.persister.entity.AbstractEntityPersister -  Insert (0): insert into subteams (color_code,name,specialties,id) values (?,?,?,default)
10:24:45.323 [main] DEBUG org.hibernate.persister.entity.AbstractEntityPersister -  Update (0): update subteams set color_code=?,name=?,specialties=? where id=?
10:24:45.323 [main] DEBUG org.hibernate.persister.entity.AbstractEntityPersister -  Delete (0): delete from subteams where id=?
10:24:45.323 [main] DEBUG org.hibernate.orm.sql.ast.create - Created new SQL alias : t1_0
10:24:45.323 [main] DEBUG org.hibernate.orm.sql.ast.create - Registration of TableGroup [StandardTableGroup(org.frcpm.models.Task)] with identifierForTableGroup [org.frcpm.models.Task] for NavigablePath [org.frcpm.models.Task] 
10:24:45.323 [main] DEBUG org.hibernate.orm.sql.ast.create - Registration of TableGroup [org.hibernate.sql.ast.tree.from.LazyTableGroup@59a1df5e] with identifierForTableGroup [org.frcpm.models.Task.project] for NavigablePath [org.frcpm.models.Task.project] 
10:24:45.323 [main] DEBUG org.hibernate.orm.sql.ast.create - Registration of TableGroup [org.hibernate.sql.ast.tree.from.LazyTableGroup@796dfe6] with identifierForTableGroup [org.frcpm.models.Task.subsystem] for NavigablePath [org.frcpm.models.Task.subsystem] 
10:24:45.323 [main] DEBUG org.hibernate.orm.results.graph.AST - DomainResult Graph:
 \-EntityResultImpl [org.frcpm.models.Task]
 |  +-BasicFetch [org.frcpm.models.Task.actualDurationSeconds]
 |  +-DelayedCollectionFetch [org.frcpm.models.Task.assignedTo]
 |  +-BasicFetch [org.frcpm.models.Task.completed]
 |  +-BasicFetch [org.frcpm.models.Task.description]
 |  +-BasicFetch [org.frcpm.models.Task.endDate]
 |  +-BasicFetch [org.frcpm.models.Task.estimatedDurationSeconds]
 |  +-DelayedCollectionFetch [org.frcpm.models.Task.postDependencies]
 |  +-DelayedCollectionFetch [org.frcpm.models.Task.preDependencies]
 |  +-BasicFetch [org.frcpm.models.Task.priority]
 |  +-BasicFetch [org.frcpm.models.Task.progress]
 |  +-EntityDelayedFetchImpl [org.frcpm.models.Task.project]
 |  +-DelayedCollectionFetch [org.frcpm.models.Task.requiredComponents]
 |  +-BasicFetch [org.frcpm.models.Task.startDate]
 |  +-EntityDelayedFetchImpl [org.frcpm.models.Task.subsystem]
 |  \-BasicFetch [org.frcpm.models.Task.title]

10:24:45.324 [main] DEBUG org.hibernate.orm.sql.ast.tree - SQL AST Tree:
    SelectStatement {
      FromClause {
        StandardTableGroup (t1 : org.frcpm.models.Task) {
          primaryTableReference : tasks as t1_0
          TableGroupJoins {
            left  join LazyTableGroup (p1 : org.frcpm.models.Task.project) {
            }
            left  join LazyTableGroup (s1 : org.frcpm.models.Task.subsystem) {
            }
          }
        }
      }
    }

10:24:45.324 [main] DEBUG org.hibernate.persister.entity.AbstractEntityPersister - Static SQL for entity: org.frcpm.models.Task
10:24:45.324 [main] DEBUG org.hibernate.persister.entity.AbstractEntityPersister -  Version select: select id from tasks where id=?
10:24:45.324 [main] DEBUG org.hibernate.persister.entity.AbstractEntityPersister -  Insert (0): insert into tasks (actual_duration_seconds,completed,description,end_date,estimated_duration_seconds,priority,progress,project_id,start_date,subsystem_id,title,id) values (?,?,?,?,?,?,?,?,?,?,?,default)
10:24:45.324 [main] DEBUG org.hibernate.persister.entity.AbstractEntityPersister -  Update (0): update tasks set actual_duration_seconds=?,completed=?,description=?,end_date=?,estimated_duration_seconds=?,priority=?,progress=?,project_id=?,start_date=?,subsystem_id=?,title=? where id=?
10:24:45.324 [main] DEBUG org.hibernate.persister.entity.AbstractEntityPersister -  Delete (0): delete from tasks where id=?
10:24:45.324 [main] DEBUG org.hibernate.orm.sql.ast.create - Created new SQL alias : tm1_0
10:24:45.324 [main] DEBUG org.hibernate.orm.sql.ast.create - Registration of TableGroup [StandardTableGroup(org.frcpm.models.TeamMember)] with identifierForTableGroup [org.frcpm.models.TeamMember] for NavigablePath [org.frcpm.models.TeamMember] 
10:24:45.324 [main] DEBUG org.hibernate.orm.sql.ast.create - Registration of TableGroup [org.hibernate.sql.ast.tree.from.LazyTableGroup@1053fd56] with identifierForTableGroup [org.frcpm.models.TeamMember.subteam] for NavigablePath [org.frcpm.models.TeamMember.subteam] 
10:24:45.324 [main] DEBUG org.hibernate.orm.results.graph.AST - DomainResult Graph:
 \-EntityResultImpl [org.frcpm.models.TeamMember]
 |  +-DelayedCollectionFetch [org.frcpm.models.TeamMember.assignedTasks]
 |  +-DelayedCollectionFetch [org.frcpm.models.TeamMember.attendances]
 |  +-BasicFetch [org.frcpm.models.TeamMember.email]
 |  +-BasicFetch [org.frcpm.models.TeamMember.firstName]
 |  +-BasicFetch [org.frcpm.models.TeamMember.lastName]
 |  +-BasicFetch [org.frcpm.models.TeamMember.leader]
 |  +-BasicFetch [org.frcpm.models.TeamMember.phone]
 |  +-BasicFetch [org.frcpm.models.TeamMember.skills]
 |  +-EntityDelayedFetchImpl [org.frcpm.models.TeamMember.subteam]
 |  \-BasicFetch [org.frcpm.models.TeamMember.username]

10:24:45.324 [main] DEBUG org.hibernate.orm.sql.ast.tree - SQL AST Tree:
    SelectStatement {
      FromClause {
        StandardTableGroup (tm1 : org.frcpm.models.TeamMember) {
          primaryTableReference : team_members as tm1_0
          TableGroupJoins {
            left  join LazyTableGroup (s1 : org.frcpm.models.TeamMember.subteam) {
            }
          }
        }
      }
    }

10:24:45.324 [main] DEBUG org.hibernate.persister.entity.AbstractEntityPersister - Static SQL for entity: org.frcpm.models.TeamMember
10:24:45.324 [main] DEBUG org.hibernate.persister.entity.AbstractEntityPersister -  Version select: select id from team_members where id=?
10:24:45.324 [main] DEBUG org.hibernate.persister.entity.AbstractEntityPersister -  Insert (0): insert into team_members (email,first_name,last_name,is_leader,phone,skills,subteam_id,username,id) values (?,?,?,?,?,?,?,?,default)
10:24:45.324 [main] DEBUG org.hibernate.persister.entity.AbstractEntityPersister -  Update (0): update team_members set email=?,first_name=?,last_name=?,is_leader=?,phone=?,skills=?,subteam_id=?,username=? where id=?
10:24:45.324 [main] DEBUG org.hibernate.persister.entity.AbstractEntityPersister -  Delete (0): delete from team_members where id=?
10:24:45.324 [main] DEBUG org.hibernate.orm.sql.ast.create - Created new SQL alias : at1_0
10:24:45.324 [main] DEBUG org.hibernate.orm.sql.ast.create - Registration of TableGroup [CollectionTableGroup(org.frcpm.models.Task.assignedTo)] with identifierForTableGroup [org.frcpm.models.Task.assignedTo] for NavigablePath [org.frcpm.models.Task.assignedTo] 
10:24:45.324 [main] DEBUG org.hibernate.orm.sql.ast.create - Registration of TableGroup [org.hibernate.sql.ast.tree.from.LazyTableGroup@eef5e2e] with identifierForTableGroup [org.frcpm.models.Task.assignedTo.{element}] for NavigablePath [org.frcpm.models.Task.assignedTo.{element}] 
10:24:45.324 [main] DEBUG org.hibernate.orm.sql.ast.create - Created new SQL alias : at1_1
10:24:45.324 [main] DEBUG org.hibernate.orm.sql.ast.create - Registration of TableGroup [org.hibernate.sql.ast.tree.from.LazyTableGroup@3505ffde] with identifierForTableGroup [org.frcpm.models.Task.assignedTo.{element}.subteam] for NavigablePath [org.frcpm.models.Task.assignedTo.{element}.subteam] 
10:24:45.324 [main] DEBUG org.hibernate.orm.results.graph.AST - DomainResult Graph:
 \-CollectionDomainResult [org.frcpm.models.Task.assignedTo]

10:24:45.324 [main] DEBUG org.hibernate.orm.sql.ast.tree - SQL AST Tree:
    SelectStatement {
      FromClause {
        CollectionTableGroup (at1 : org.frcpm.models.Task.assignedTo) {
          primaryTableReference : task_assignments as at1_0
          TableGroupJoins {
             join LazyTableGroup (at1 : org.frcpm.models.Task.assignedTo.{element}) {
              primaryTableReference : team_members as at1_1
              TableGroupJoins {
                left  join LazyTableGroup (s1 : org.frcpm.models.Task.assignedTo.{element}.subteam) {
                }
              }
            }
          }
        }
      }
    }

10:24:45.324 [main] DEBUG org.hibernate.orm.jdbc.mutation - Static SQL for collection: org.frcpm.models.Task.assignedTo
10:24:45.324 [main] DEBUG org.hibernate.orm.jdbc.mutation -  Row insert: insert into task_assignments (task_id,team_member_id) values (?,?)
10:24:45.324 [main] DEBUG org.hibernate.orm.jdbc.mutation -  Row delete: delete from task_assignments where task_id=? and team_member_id=?
10:24:45.324 [main] DEBUG org.hibernate.orm.jdbc.mutation -  One-shot delete: delete from task_assignments where task_id=?
10:24:45.324 [main] DEBUG org.hibernate.orm.sql.ast.create - Created new SQL alias : t1_0
10:24:45.324 [main] DEBUG org.hibernate.orm.sql.ast.create - Registration of TableGroup [org.hibernate.sql.ast.tree.from.OneToManyTableGroup@52febbc0] with identifierForTableGroup [org.frcpm.models.Subsystem.tasks] for NavigablePath [org.frcpm.models.Subsystem.tasks] 
10:24:45.324 [main] DEBUG org.hibernate.orm.sql.ast.create - Registration of TableGroup [StandardTableGroup(org.frcpm.models.Subsystem.tasks.{element})] with identifierForTableGroup [org.frcpm.models.Subsystem.tasks.{element}] for NavigablePath [org.frcpm.models.Subsystem.tasks.{element}] 
10:24:45.324 [main] DEBUG org.hibernate.orm.sql.ast.create - Registration of TableGroup [org.hibernate.sql.ast.tree.from.LazyTableGroup@12e24f0] with identifierForTableGroup [org.frcpm.models.Subsystem.tasks.{element}.project] for NavigablePath [org.frcpm.models.Subsystem.tasks.{element}.project] 
10:24:45.324 [main] DEBUG org.hibernate.orm.sql.ast.create - Registration of TableGroup [org.hibernate.sql.ast.tree.from.LazyTableGroup@2df8e2ec] with identifierForTableGroup [org.frcpm.models.Subsystem.tasks.{element}.subsystem] for NavigablePath [org.frcpm.models.Subsystem.tasks.{element}.subsystem] 
10:24:45.324 [main] DEBUG org.hibernate.orm.results.graph.AST - DomainResult Graph:
 \-CollectionDomainResult [org.frcpm.models.Subsystem.tasks]

10:24:45.324 [main] DEBUG org.hibernate.orm.sql.ast.tree - SQL AST Tree:
    SelectStatement {
      FromClause {
        OneToManyTableGroup (t1 : org.frcpm.models.Subsystem.tasks) {
          primaryTableReference : tasks as t1_0
          TableGroupJoins {
            left  join LazyTableGroup (p1 : org.frcpm.models.Subsystem.tasks.{element}.project) {
            }
            left  join LazyTableGroup (s1 : org.frcpm.models.Subsystem.tasks.{element}.subsystem) {
            }
          }
        }
      }
    }

10:24:45.324 [main] DEBUG org.hibernate.orm.jdbc.mutation - Static SQL for collection: org.frcpm.models.Subsystem.tasks
10:24:45.325 [main] DEBUG org.hibernate.orm.sql.ast.create - Created new SQL alias : m1_0
10:24:45.325 [main] DEBUG org.hibernate.orm.sql.ast.create - Registration of TableGroup [org.hibernate.sql.ast.tree.from.OneToManyTableGroup@7a06c033] with identifierForTableGroup [org.frcpm.models.Subteam.members] for NavigablePath [org.frcpm.models.Subteam.members] 
10:24:45.325 [main] DEBUG org.hibernate.orm.sql.ast.create - Registration of TableGroup [StandardTableGroup(org.frcpm.models.Subteam.members.{element})] with identifierForTableGroup [org.frcpm.models.Subteam.members.{element}] for NavigablePath [org.frcpm.models.Subteam.members.{element}] 
10:24:45.325 [main] DEBUG org.hibernate.orm.sql.ast.create - Registration of TableGroup [org.hibernate.sql.ast.tree.from.LazyTableGroup@ea274cb] with identifierForTableGroup [org.frcpm.models.Subteam.members.{element}.subteam] for NavigablePath [org.frcpm.models.Subteam.members.{element}.subteam] 
10:24:45.325 [main] DEBUG org.hibernate.orm.results.graph.AST - DomainResult Graph:
 \-CollectionDomainResult [org.frcpm.models.Subteam.members]

10:24:45.325 [main] DEBUG org.hibernate.orm.sql.ast.tree - SQL AST Tree:
    SelectStatement {
      FromClause {
        OneToManyTableGroup (m1 : org.frcpm.models.Subteam.members) {
          primaryTableReference : team_members as m1_0
          TableGroupJoins {
            left  join LazyTableGroup (s1 : org.frcpm.models.Subteam.members.{element}.subteam) {
            }
          }
        }
      }
    }

10:24:45.325 [main] DEBUG org.hibernate.orm.jdbc.mutation - Static SQL for collection: org.frcpm.models.Subteam.members
10:24:45.325 [main] DEBUG org.hibernate.orm.sql.ast.create - Created new SQL alias : a1_0
10:24:45.325 [main] DEBUG org.hibernate.orm.sql.ast.create - Registration of TableGroup [org.hibernate.sql.ast.tree.from.OneToManyTableGroup@1548a6f1] with identifierForTableGroup [org.frcpm.models.TeamMember.attendances] for NavigablePath [org.frcpm.models.TeamMember.attendances] 
10:24:45.325 [main] DEBUG org.hibernate.orm.sql.ast.create - Registration of TableGroup [StandardTableGroup(org.frcpm.models.TeamMember.attendances.{element})] with identifierForTableGroup [org.frcpm.models.TeamMember.attendances.{element}] for NavigablePath [org.frcpm.models.TeamMember.attendances.{element}] 
10:24:45.325 [main] DEBUG org.hibernate.orm.sql.ast.create - Registration of TableGroup [org.hibernate.sql.ast.tree.from.LazyTableGroup@5983eb33] with identifierForTableGroup [org.frcpm.models.TeamMember.attendances.{element}.meeting] for NavigablePath [org.frcpm.models.TeamMember.attendances.{element}.meeting] 
10:24:45.325 [main] DEBUG org.hibernate.orm.sql.ast.create - Registration of TableGroup [org.hibernate.sql.ast.tree.from.LazyTableGroup@18223496] with identifierForTableGroup [org.frcpm.models.TeamMember.attendances.{element}.member] for NavigablePath [org.frcpm.models.TeamMember.attendances.{element}.member] 
10:24:45.325 [main] DEBUG org.hibernate.orm.results.graph.AST - DomainResult Graph:
 \-CollectionDomainResult [org.frcpm.models.TeamMember.attendances]

10:24:45.325 [main] DEBUG org.hibernate.orm.sql.ast.tree - SQL AST Tree:
    SelectStatement {
      FromClause {
        OneToManyTableGroup (a1 : org.frcpm.models.TeamMember.attendances) {
          primaryTableReference : attendances as a1_0
          TableGroupJoins {
            left  join LazyTableGroup (m1 : org.frcpm.models.TeamMember.attendances.{element}.meeting) {
            }
            left  join LazyTableGroup (m2 : org.frcpm.models.TeamMember.attendances.{element}.member) {
            }
          }
        }
      }
    }

10:24:45.325 [main] DEBUG org.hibernate.orm.jdbc.mutation - Static SQL for collection: org.frcpm.models.TeamMember.attendances
10:24:45.325 [main] DEBUG org.hibernate.orm.sql.ast.create - Created new SQL alias : rc1_0
10:24:45.325 [main] DEBUG org.hibernate.orm.sql.ast.create - Registration of TableGroup [CollectionTableGroup(org.frcpm.models.Task.requiredComponents)] with identifierForTableGroup [org.frcpm.models.Task.requiredComponents] for NavigablePath [org.frcpm.models.Task.requiredComponents] 
10:24:45.325 [main] DEBUG org.hibernate.orm.sql.ast.create - Registration of TableGroup [org.hibernate.sql.ast.tree.from.LazyTableGroup@e11d61c] with identifierForTableGroup [org.frcpm.models.Task.requiredComponents.{element}] for NavigablePath [org.frcpm.models.Task.requiredComponents.{element}] 
10:24:45.325 [main] DEBUG org.hibernate.orm.sql.ast.create - Created new SQL alias : rc1_1
10:24:45.325 [main] DEBUG org.hibernate.orm.results.graph.AST - DomainResult Graph:
 \-CollectionDomainResult [org.frcpm.models.Task.requiredComponents]

10:24:45.325 [main] DEBUG org.hibernate.orm.sql.ast.tree - SQL AST Tree:
    SelectStatement {
      FromClause {
        CollectionTableGroup (rc1 : org.frcpm.models.Task.requiredComponents) {
          primaryTableReference : task_components as rc1_0
          TableGroupJoins {
             join LazyTableGroup (rc1 : org.frcpm.models.Task.requiredComponents.{element}) {
              primaryTableReference : components as rc1_1
            }
          }
        }
      }
    }

10:24:45.325 [main] DEBUG org.hibernate.orm.jdbc.mutation - Static SQL for collection: org.frcpm.models.Task.requiredComponents
10:24:45.325 [main] DEBUG org.hibernate.orm.jdbc.mutation -  Row insert: insert into task_components (task_id,component_id) values (?,?)
10:24:45.325 [main] DEBUG org.hibernate.orm.jdbc.mutation -  Row delete: delete from task_components where task_id=? and component_id=?
10:24:45.325 [main] DEBUG org.hibernate.orm.jdbc.mutation -  One-shot delete: delete from task_components where task_id=?
10:24:45.325 [main] DEBUG org.hibernate.orm.sql.ast.create - Created new SQL alias : s1_0
10:24:45.325 [main] DEBUG org.hibernate.orm.sql.ast.create - Registration of TableGroup [org.hibernate.sql.ast.tree.from.OneToManyTableGroup@1f8e9664] with identifierForTableGroup [org.frcpm.models.Subteam.subsystems] for NavigablePath [org.frcpm.models.Subteam.subsystems] 
10:24:45.325 [main] DEBUG org.hibernate.orm.sql.ast.create - Registration of TableGroup [StandardTableGroup(org.frcpm.models.Subteam.subsystems.{element})] with identifierForTableGroup [org.frcpm.models.Subteam.subsystems.{element}] for NavigablePath [org.frcpm.models.Subteam.subsystems.{element}] 
10:24:45.325 [main] DEBUG org.hibernate.orm.sql.ast.create - Registration of TableGroup [org.hibernate.sql.ast.tree.from.LazyTableGroup@4b3c3a0d] with identifierForTableGroup [org.frcpm.models.Subteam.subsystems.{element}.responsibleSubteam] for NavigablePath [org.frcpm.models.Subteam.subsystems.{element}.responsibleSubteam] 
10:24:45.325 [main] DEBUG org.hibernate.orm.results.graph.AST - DomainResult Graph:
 \-CollectionDomainResult [org.frcpm.models.Subteam.subsystems]

10:24:45.325 [main] DEBUG org.hibernate.orm.sql.ast.tree - SQL AST Tree:
    SelectStatement {
      FromClause {
        OneToManyTableGroup (s1 : org.frcpm.models.Subteam.subsystems) {
          primaryTableReference : subsystems as s1_0
          TableGroupJoins {
            left  join LazyTableGroup (rs1 : org.frcpm.models.Subteam.subsystems.{element}.responsibleSubteam) {
            }
          }
        }
      }
    }

10:24:45.325 [main] DEBUG org.hibernate.orm.jdbc.mutation - Static SQL for collection: org.frcpm.models.Subteam.subsystems
10:24:45.325 [main] DEBUG org.hibernate.orm.sql.ast.create - Created new SQL alias : pd1_0
10:24:45.325 [main] DEBUG org.hibernate.orm.sql.ast.create - Registration of TableGroup [CollectionTableGroup(org.frcpm.models.Task.preDependencies)] with identifierForTableGroup [org.frcpm.models.Task.preDependencies] for NavigablePath [org.frcpm.models.Task.preDependencies] 
10:24:45.325 [main] DEBUG org.hibernate.orm.sql.ast.create - Registration of TableGroup [org.hibernate.sql.ast.tree.from.LazyTableGroup@5aa696a7] with identifierForTableGroup [org.frcpm.models.Task.preDependencies.{element}] for NavigablePath [org.frcpm.models.Task.preDependencies.{element}] 
10:24:45.325 [main] DEBUG org.hibernate.orm.sql.ast.create - Created new SQL alias : pd1_1
10:24:45.325 [main] DEBUG org.hibernate.orm.sql.ast.create - Registration of TableGroup [org.hibernate.sql.ast.tree.from.LazyTableGroup@31f00621] with identifierForTableGroup [org.frcpm.models.Task.preDependencies.{element}.project] for NavigablePath [org.frcpm.models.Task.preDependencies.{element}.project] 
10:24:45.325 [main] DEBUG org.hibernate.orm.sql.ast.create - Registration of TableGroup [org.hibernate.sql.ast.tree.from.LazyTableGroup@124517ad] with identifierForTableGroup [org.frcpm.models.Task.preDependencies.{element}.subsystem] for NavigablePath [org.frcpm.models.Task.preDependencies.{element}.subsystem] 
10:24:45.325 [main] DEBUG org.hibernate.orm.results.graph.AST - DomainResult Graph:
 \-CollectionDomainResult [org.frcpm.models.Task.preDependencies]

10:24:45.325 [main] DEBUG org.hibernate.orm.sql.ast.tree - SQL AST Tree:
    SelectStatement {
      FromClause {
        CollectionTableGroup (pd1 : org.frcpm.models.Task.preDependencies) {
          primaryTableReference : task_dependencies as pd1_0
          TableGroupJoins {
             join LazyTableGroup (pd1 : org.frcpm.models.Task.preDependencies.{element}) {
              primaryTableReference : tasks as pd1_1
              TableGroupJoins {
                left  join LazyTableGroup (p1 : org.frcpm.models.Task.preDependencies.{element}.project) {
                }
                left  join LazyTableGroup (s1 : org.frcpm.models.Task.preDependencies.{element}.subsystem) {
                }
              }
            }
          }
        }
      }
    }

10:24:45.325 [main] DEBUG org.hibernate.orm.jdbc.mutation - Static SQL for collection: org.frcpm.models.Task.preDependencies
10:24:45.325 [main] DEBUG org.hibernate.orm.jdbc.mutation -  Row insert: insert into task_dependencies (task_id,dependency_id) values (?,?)
10:24:45.325 [main] DEBUG org.hibernate.orm.jdbc.mutation -  Row delete: delete from task_dependencies where task_id=? and dependency_id=?
10:24:45.325 [main] DEBUG org.hibernate.orm.jdbc.mutation -  One-shot delete: delete from task_dependencies where task_id=?
10:24:45.325 [main] DEBUG org.hibernate.orm.sql.ast.create - Created new SQL alias : m1_0
10:24:45.325 [main] DEBUG org.hibernate.orm.sql.ast.create - Registration of TableGroup [org.hibernate.sql.ast.tree.from.OneToManyTableGroup@19af16f1] with identifierForTableGroup [org.frcpm.models.Project.milestones] for NavigablePath [org.frcpm.models.Project.milestones] 
10:24:45.325 [main] DEBUG org.hibernate.orm.sql.ast.create - Registration of TableGroup [StandardTableGroup(org.frcpm.models.Project.milestones.{element})] with identifierForTableGroup [org.frcpm.models.Project.milestones.{element}] for NavigablePath [org.frcpm.models.Project.milestones.{element}] 
10:24:45.326 [main] DEBUG org.hibernate.orm.sql.ast.create - Registration of TableGroup [org.hibernate.sql.ast.tree.from.LazyTableGroup@40135859] with identifierForTableGroup [org.frcpm.models.Project.milestones.{element}.project] for NavigablePath [org.frcpm.models.Project.milestones.{element}.project] 
10:24:45.326 [main] DEBUG org.hibernate.orm.results.graph.AST - DomainResult Graph:
 \-CollectionDomainResult [org.frcpm.models.Project.milestones]

10:24:45.326 [main] DEBUG org.hibernate.orm.sql.ast.tree - SQL AST Tree:
    SelectStatement {
      FromClause {
        OneToManyTableGroup (m1 : org.frcpm.models.Project.milestones) {
          primaryTableReference : milestones as m1_0
          TableGroupJoins {
            left  join LazyTableGroup (p1 : org.frcpm.models.Project.milestones.{element}.project) {
            }
          }
        }
      }
    }

10:24:45.326 [main] DEBUG org.hibernate.orm.jdbc.mutation - Static SQL for collection: org.frcpm.models.Project.milestones
10:24:45.326 [main] DEBUG org.hibernate.orm.sql.ast.create - Created new SQL alias : rft1_0
10:24:45.326 [main] DEBUG org.hibernate.orm.sql.ast.create - Registration of TableGroup [CollectionTableGroup(org.frcpm.models.Component.requiredForTasks)] with identifierForTableGroup [org.frcpm.models.Component.requiredForTasks] for NavigablePath [org.frcpm.models.Component.requiredForTasks] 
10:24:45.326 [main] DEBUG org.hibernate.orm.sql.ast.create - Registration of TableGroup [org.hibernate.sql.ast.tree.from.LazyTableGroup@6ccf3cfd] with identifierForTableGroup [org.frcpm.models.Component.requiredForTasks.{element}] for NavigablePath [org.frcpm.models.Component.requiredForTasks.{element}] 
10:24:45.326 [main] DEBUG org.hibernate.orm.sql.ast.create - Created new SQL alias : rft1_1
10:24:45.326 [main] DEBUG org.hibernate.orm.sql.ast.create - Registration of TableGroup [org.hibernate.sql.ast.tree.from.LazyTableGroup@d36a70b] with identifierForTableGroup [org.frcpm.models.Component.requiredForTasks.{element}.project] for NavigablePath [org.frcpm.models.Component.requiredForTasks.{element}.project] 
10:24:45.326 [main] DEBUG org.hibernate.orm.sql.ast.create - Registration of TableGroup [org.hibernate.sql.ast.tree.from.LazyTableGroup@4c9e1266] with identifierForTableGroup [org.frcpm.models.Component.requiredForTasks.{element}.subsystem] for NavigablePath [org.frcpm.models.Component.requiredForTasks.{element}.subsystem] 
10:24:45.326 [main] DEBUG org.hibernate.orm.results.graph.AST - DomainResult Graph:
 \-CollectionDomainResult [org.frcpm.models.Component.requiredForTasks]

10:24:45.326 [main] DEBUG org.hibernate.orm.sql.ast.tree - SQL AST Tree:
    SelectStatement {
      FromClause {
        CollectionTableGroup (rft1 : org.frcpm.models.Component.requiredForTasks) {
          primaryTableReference : task_components as rft1_0
          TableGroupJoins {
             join LazyTableGroup (rft1 : org.frcpm.models.Component.requiredForTasks.{element}) {
              primaryTableReference : tasks as rft1_1
              TableGroupJoins {
                left  join LazyTableGroup (p1 : org.frcpm.models.Component.requiredForTasks.{element}.project) {
                }
                left  join LazyTableGroup (s1 : org.frcpm.models.Component.requiredForTasks.{element}.subsystem) {
                }
              }
            }
          }
        }
      }
    }

10:24:45.326 [main] DEBUG org.hibernate.orm.jdbc.mutation - Static SQL for collection: org.frcpm.models.Component.requiredForTasks
10:24:45.326 [main] DEBUG org.hibernate.orm.sql.ast.create - Created new SQL alias : m1_0
10:24:45.326 [main] DEBUG org.hibernate.orm.sql.ast.create - Registration of TableGroup [org.hibernate.sql.ast.tree.from.OneToManyTableGroup@61950d0c] with identifierForTableGroup [org.frcpm.models.Project.meetings] for NavigablePath [org.frcpm.models.Project.meetings] 
10:24:45.326 [main] DEBUG org.hibernate.orm.sql.ast.create - Registration of TableGroup [StandardTableGroup(org.frcpm.models.Project.meetings.{element})] with identifierForTableGroup [org.frcpm.models.Project.meetings.{element}] for NavigablePath [org.frcpm.models.Project.meetings.{element}] 
10:24:45.326 [main] DEBUG org.hibernate.orm.sql.ast.create - Registration of TableGroup [org.hibernate.sql.ast.tree.from.LazyTableGroup@59abc09d] with identifierForTableGroup [org.frcpm.models.Project.meetings.{element}.project] for NavigablePath [org.frcpm.models.Project.meetings.{element}.project] 
10:24:45.326 [main] DEBUG org.hibernate.orm.results.graph.AST - DomainResult Graph:
 \-CollectionDomainResult [org.frcpm.models.Project.meetings]

10:24:45.326 [main] DEBUG org.hibernate.orm.sql.ast.tree - SQL AST Tree:
    SelectStatement {
      FromClause {
        OneToManyTableGroup (m1 : org.frcpm.models.Project.meetings) {
          primaryTableReference : meetings as m1_0
          TableGroupJoins {
            left  join LazyTableGroup (p1 : org.frcpm.models.Project.meetings.{element}.project) {
            }
          }
        }
      }
    }

10:24:45.326 [main] DEBUG org.hibernate.orm.jdbc.mutation - Static SQL for collection: org.frcpm.models.Project.meetings
10:24:45.326 [main] DEBUG org.hibernate.orm.sql.ast.create - Created new SQL alias : at1_0
10:24:45.326 [main] DEBUG org.hibernate.orm.sql.ast.create - Registration of TableGroup [CollectionTableGroup(org.frcpm.models.TeamMember.assignedTasks)] with identifierForTableGroup [org.frcpm.models.TeamMember.assignedTasks] for NavigablePath [org.frcpm.models.TeamMember.assignedTasks] 
10:24:45.326 [main] DEBUG org.hibernate.orm.sql.ast.create - Registration of TableGroup [org.hibernate.sql.ast.tree.from.LazyTableGroup@23c1e294] with identifierForTableGroup [org.frcpm.models.TeamMember.assignedTasks.{element}] for NavigablePath [org.frcpm.models.TeamMember.assignedTasks.{element}] 
10:24:45.326 [main] DEBUG org.hibernate.orm.sql.ast.create - Created new SQL alias : at1_1
10:24:45.326 [main] DEBUG org.hibernate.orm.sql.ast.create - Registration of TableGroup [org.hibernate.sql.ast.tree.from.LazyTableGroup@6af5768d] with identifierForTableGroup [org.frcpm.models.TeamMember.assignedTasks.{element}.project] for NavigablePath [org.frcpm.models.TeamMember.assignedTasks.{element}.project] 
10:24:45.326 [main] DEBUG org.hibernate.orm.sql.ast.create - Registration of TableGroup [org.hibernate.sql.ast.tree.from.LazyTableGroup@5f5248a5] with identifierForTableGroup [org.frcpm.models.TeamMember.assignedTasks.{element}.subsystem] for NavigablePath [org.frcpm.models.TeamMember.assignedTasks.{element}.subsystem] 
10:24:45.326 [main] DEBUG org.hibernate.orm.results.graph.AST - DomainResult Graph:
 \-CollectionDomainResult [org.frcpm.models.TeamMember.assignedTasks]

10:24:45.326 [main] DEBUG org.hibernate.orm.sql.ast.tree - SQL AST Tree:
    SelectStatement {
      FromClause {
        CollectionTableGroup (at1 : org.frcpm.models.TeamMember.assignedTasks) {
          primaryTableReference : task_assignments as at1_0
          TableGroupJoins {
             join LazyTableGroup (at1 : org.frcpm.models.TeamMember.assignedTasks.{element}) {
              primaryTableReference : tasks as at1_1
              TableGroupJoins {
                left  join LazyTableGroup (p1 : org.frcpm.models.TeamMember.assignedTasks.{element}.project) {
                }
                left  join LazyTableGroup (s1 : org.frcpm.models.TeamMember.assignedTasks.{element}.subsystem) {
                }
              }
            }
          }
        }
      }
    }

10:24:45.326 [main] DEBUG org.hibernate.orm.jdbc.mutation - Static SQL for collection: org.frcpm.models.TeamMember.assignedTasks
10:24:45.326 [main] DEBUG org.hibernate.orm.sql.ast.create - Created new SQL alias : a1_0
10:24:45.326 [main] DEBUG org.hibernate.orm.sql.ast.create - Registration of TableGroup [org.hibernate.sql.ast.tree.from.OneToManyTableGroup@32ab857f] with identifierForTableGroup [org.frcpm.models.Meeting.attendances] for NavigablePath [org.frcpm.models.Meeting.attendances] 
10:24:45.326 [main] DEBUG org.hibernate.orm.sql.ast.create - Registration of TableGroup [StandardTableGroup(org.frcpm.models.Meeting.attendances.{element})] with identifierForTableGroup [org.frcpm.models.Meeting.attendances.{element}] for NavigablePath [org.frcpm.models.Meeting.attendances.{element}] 
10:24:45.327 [main] DEBUG org.hibernate.orm.sql.ast.create - Registration of TableGroup [org.hibernate.sql.ast.tree.from.LazyTableGroup@30977190] with identifierForTableGroup [org.frcpm.models.Meeting.attendances.{element}.meeting] for NavigablePath [org.frcpm.models.Meeting.attendances.{element}.meeting] 
10:24:45.327 [main] DEBUG org.hibernate.orm.sql.ast.create - Registration of TableGroup [org.hibernate.sql.ast.tree.from.LazyTableGroup@50ef8c6b] with identifierForTableGroup [org.frcpm.models.Meeting.attendances.{element}.member] for NavigablePath [org.frcpm.models.Meeting.attendances.{element}.member] 
10:24:45.327 [main] DEBUG org.hibernate.orm.results.graph.AST - DomainResult Graph:
 \-CollectionDomainResult [org.frcpm.models.Meeting.attendances]

10:24:45.327 [main] DEBUG org.hibernate.orm.sql.ast.tree - SQL AST Tree:
    SelectStatement {
      FromClause {
        OneToManyTableGroup (a1 : org.frcpm.models.Meeting.attendances) {
          primaryTableReference : attendances as a1_0
          TableGroupJoins {
            left  join LazyTableGroup (m1 : org.frcpm.models.Meeting.attendances.{element}.meeting) {
            }
            left  join LazyTableGroup (m2 : org.frcpm.models.Meeting.attendances.{element}.member) {
            }
          }
        }
      }
    }

10:24:45.327 [main] DEBUG org.hibernate.orm.jdbc.mutation - Static SQL for collection: org.frcpm.models.Meeting.attendances
10:24:45.327 [main] DEBUG org.hibernate.orm.sql.ast.create - Created new SQL alias : pd1_0
10:24:45.327 [main] DEBUG org.hibernate.orm.sql.ast.create - Registration of TableGroup [CollectionTableGroup(org.frcpm.models.Task.postDependencies)] with identifierForTableGroup [org.frcpm.models.Task.postDependencies] for NavigablePath [org.frcpm.models.Task.postDependencies] 
10:24:45.327 [main] DEBUG org.hibernate.orm.sql.ast.create - Registration of TableGroup [org.hibernate.sql.ast.tree.from.LazyTableGroup@359186c5] with identifierForTableGroup [org.frcpm.models.Task.postDependencies.{element}] for NavigablePath [org.frcpm.models.Task.postDependencies.{element}] 
10:24:45.327 [main] DEBUG org.hibernate.orm.sql.ast.create - Created new SQL alias : pd1_1
10:24:45.327 [main] DEBUG org.hibernate.orm.sql.ast.create - Registration of TableGroup [org.hibernate.sql.ast.tree.from.LazyTableGroup@204bf718] with identifierForTableGroup [org.frcpm.models.Task.postDependencies.{element}.project] for NavigablePath [org.frcpm.models.Task.postDependencies.{element}.project] 
10:24:45.327 [main] DEBUG org.hibernate.orm.sql.ast.create - Registration of TableGroup [org.hibernate.sql.ast.tree.from.LazyTableGroup@39042b9c] with identifierForTableGroup [org.frcpm.models.Task.postDependencies.{element}.subsystem] for NavigablePath [org.frcpm.models.Task.postDependencies.{element}.subsystem] 
10:24:45.327 [main] DEBUG org.hibernate.orm.results.graph.AST - DomainResult Graph:
 \-CollectionDomainResult [org.frcpm.models.Task.postDependencies]

10:24:45.327 [main] DEBUG org.hibernate.orm.sql.ast.tree - SQL AST Tree:
    SelectStatement {
      FromClause {
        CollectionTableGroup (pd1 : org.frcpm.models.Task.postDependencies) {
          primaryTableReference : task_dependencies as pd1_0
          TableGroupJoins {
             join LazyTableGroup (pd1 : org.frcpm.models.Task.postDependencies.{element}) {
              primaryTableReference : tasks as pd1_1
              TableGroupJoins {
                left  join LazyTableGroup (p1 : org.frcpm.models.Task.postDependencies.{element}.project) {
                }
                left  join LazyTableGroup (s1 : org.frcpm.models.Task.postDependencies.{element}.subsystem) {
                }
              }
            }
          }
        }
      }
    }

10:24:45.327 [main] DEBUG org.hibernate.orm.jdbc.mutation - Static SQL for collection: org.frcpm.models.Task.postDependencies
10:24:45.327 [main] DEBUG org.hibernate.orm.sql.ast.create - Created new SQL alias : t1_0
10:24:45.327 [main] DEBUG org.hibernate.orm.sql.ast.create - Registration of TableGroup [org.hibernate.sql.ast.tree.from.OneToManyTableGroup@7f16e1eb] with identifierForTableGroup [org.frcpm.models.Project.tasks] for NavigablePath [org.frcpm.models.Project.tasks] 
10:24:45.327 [main] DEBUG org.hibernate.orm.sql.ast.create - Registration of TableGroup [StandardTableGroup(org.frcpm.models.Project.tasks.{element})] with identifierForTableGroup [org.frcpm.models.Project.tasks.{element}] for NavigablePath [org.frcpm.models.Project.tasks.{element}] 
10:24:45.327 [main] DEBUG org.hibernate.orm.sql.ast.create - Registration of TableGroup [org.hibernate.sql.ast.tree.from.LazyTableGroup@2ef1937c] with identifierForTableGroup [org.frcpm.models.Project.tasks.{element}.project] for NavigablePath [org.frcpm.models.Project.tasks.{element}.project] 
10:24:45.327 [main] DEBUG org.hibernate.orm.sql.ast.create - Registration of TableGroup [org.hibernate.sql.ast.tree.from.LazyTableGroup@6754aa69] with identifierForTableGroup [org.frcpm.models.Project.tasks.{element}.subsystem] for NavigablePath [org.frcpm.models.Project.tasks.{element}.subsystem] 
10:24:45.327 [main] DEBUG org.hibernate.orm.results.graph.AST - DomainResult Graph:
 \-CollectionDomainResult [org.frcpm.models.Project.tasks]

10:24:45.327 [main] DEBUG org.hibernate.orm.sql.ast.tree - SQL AST Tree:
    SelectStatement {
      FromClause {
        OneToManyTableGroup (t1 : org.frcpm.models.Project.tasks) {
          primaryTableReference : tasks as t1_0
          TableGroupJoins {
            left  join LazyTableGroup (p1 : org.frcpm.models.Project.tasks.{element}.project) {
            }
            left  join LazyTableGroup (s1 : org.frcpm.models.Project.tasks.{element}.subsystem) {
            }
          }
        }
      }
    }

10:24:45.327 [main] DEBUG org.hibernate.orm.jdbc.mutation - Static SQL for collection: org.frcpm.models.Project.tasks
10:24:45.330 [main] DEBUG org.hibernate.type.spi.TypeConfiguration$Scope - Scoping TypeConfiguration [org.hibernate.type.spi.TypeConfiguration@1ca2654a] to SessionFactoryImplementor [org.hibernate.internal.SessionFactoryImpl@1dd62767]
10:24:45.330 [main] DEBUG org.hibernate.query.named.NamedObjectRepository - Checking 0 named HQL queries
10:24:45.330 [main] DEBUG org.hibernate.query.named.NamedObjectRepository - Checking 0 named SQL queries
10:24:45.332 [main] DEBUG org.hibernate.mapping.Table - No alter strings for table : attendances
10:24:45.332 [main] DEBUG org.hibernate.SQL - alter table if exists components alter column description set data type TEXT
10:24:45.332 [main] DEBUG org.hibernate.SQL - alter table if exists meetings alter column notes set data type TEXT
10:24:45.332 [main] DEBUG org.hibernate.SQL - alter table if exists milestones alter column description set data type TEXT
10:24:45.332 [main] DEBUG org.hibernate.SQL - alter table if exists projects alter column description set data type TEXT
10:24:45.332 [main] DEBUG org.hibernate.SQL - alter table if exists subsystems alter column description set data type TEXT
10:24:45.332 [main] DEBUG org.hibernate.SQL - alter table if exists subteams alter column specialties set data type TEXT
10:24:45.332 [main] DEBUG org.hibernate.mapping.Table - No alter strings for table : task_assignments
10:24:45.332 [main] DEBUG org.hibernate.mapping.Table - No alter strings for table : task_components
10:24:45.332 [main] DEBUG org.hibernate.mapping.Table - No alter strings for table : task_dependencies
10:24:45.333 [main] DEBUG org.hibernate.SQL - alter table if exists tasks alter column description set data type TEXT
10:24:45.333 [main] DEBUG org.hibernate.SQL - alter table if exists team_members alter column skills set data type TEXT
10:24:45.333 [main] DEBUG org.hibernate.SQL - alter table if exists attendances drop constraint if exists UKa8ydr6vrgbux3a27v7enb0y3x
10:24:45.333 [main] DEBUG org.hibernate.SQL - alter table if exists attendances add constraint UKa8ydr6vrgbux3a27v7enb0y3x unique (meeting_id, member_id)
10:24:45.334 [FRC-PM-HikariCP housekeeper] DEBUG com.zaxxer.hikari.pool.HikariPool - FRC-PM-HikariCP - Before cleanup stats (total=1, active=1, idle=0, waiting=0)
10:24:45.334 [FRC-PM-HikariCP housekeeper] DEBUG com.zaxxer.hikari.pool.HikariPool - FRC-PM-HikariCP - After cleanup  stats (total=1, active=1, idle=0, waiting=0)
10:24:45.335 [main] DEBUG org.hibernate.internal.SessionFactoryRegistry - Registering SessionFactory: ed429dff-50a1-4a27-bf69-219bd6c9f939 (<unnamed>)
10:24:45.335 [main] DEBUG org.hibernate.internal.SessionFactoryRegistry - Not binding SessionFactory to JNDI, no JNDI name configured
10:24:45.335 [main] DEBUG org.hibernate.internal.SessionFactoryImpl - Instantiated SessionFactory
10:24:45.335 [main] DEBUG org.hibernate.stat.internal.StatisticsInitiator - Statistics initialized [enabled=false]
10:24:45.335 [main] DEBUG org.hibernate.engine.transaction.internal.TransactionImpl - On TransactionImpl creation, JpaCompliance#isJpaTransactionComplianceEnabled == false
10:24:45.335 [main] DEBUG org.hibernate.engine.transaction.internal.TransactionImpl - begin
10:24:45.336 [main] DEBUG org.hibernate.engine.spi.ActionQueue - Executing identity-insert immediately
10:24:45.336 [main] DEBUG org.hibernate.SQL - insert into subteams (color_code,name,specialties,id) values (?,?,?,default)
10:24:45.337 [FRC-PM-HikariCP connection adder] DEBUG com.zaxxer.hikari.pool.HikariPool - FRC-PM-HikariCP - Added connection conn125: url=jdbc:h2:file:C:\Users\dhiebert\.frcpm\frcpm user=SA
10:24:45.337 [main] DEBUG org.hibernate.orm.results - Initializer list is empty
10:24:45.337 [main] DEBUG org.hibernate.orm.results.loading - Calling top-level assembler (0 / 1) : org.hibernate.sql.results.graph.basic.BasicResultAssembler@56f1f1cf
10:24:45.337 [main] DEBUG org.hibernate.orm.results - Extracted JDBC value [0] - [125]
10:24:45.337 [main] DEBUG org.hibernate.id.IdentifierGeneratorHelper - Extracted generated values [org.frcpm.models.Subteam]: [Ljava.lang.Object;@1675429d
10:24:45.337 [main] DEBUG org.hibernate.event.internal.AbstractFlushingEventListener - Processing flush-time cascades
10:24:45.337 [main] DEBUG org.hibernate.event.internal.AbstractFlushingEventListener - Dirty checking collections
10:24:45.337 [main] DEBUG org.hibernate.engine.internal.Collections - Collection found: [org.frcpm.models.Subteam.members#125], was: [<unreferenced>] (initialized)
10:24:45.337 [main] DEBUG org.hibernate.engine.internal.Collections - Collection found: [org.frcpm.models.Subteam.subsystems#125], was: [<unreferenced>] (initialized)
10:24:45.337 [main] DEBUG org.hibernate.event.internal.AbstractFlushingEventListener - Flushed: 0 insertions, 0 updates, 0 deletions to 1 objects
10:24:45.337 [main] DEBUG org.hibernate.event.internal.AbstractFlushingEventListener - Flushed: 2 (re)creations, 0 updates, 0 removals to 2 collections
10:24:45.337 [main] DEBUG org.hibernate.internal.util.EntityPrinter - Listing entities:
10:24:45.338 [main] DEBUG org.hibernate.internal.util.EntityPrinter - org.frcpm.models.Subteam{specialties=Java, Programming, Controls, members=[], name=Test Subteam 1, colorCode=#FF0000, id=125, subsystems=[]}
10:24:45.338 [main] DEBUG org.hibernate.engine.transaction.internal.TransactionImpl - committing
10:24:45.338 [main] DEBUG org.hibernate.event.internal.AbstractFlushingEventListener - Processing flush-time cascades
10:24:45.338 [main] DEBUG org.hibernate.event.internal.AbstractFlushingEventListener - Dirty checking collections
10:24:45.338 [main] DEBUG org.hibernate.engine.internal.Collections - Collection found: [org.frcpm.models.Subteam.members#125], was: [org.frcpm.models.Subteam.members#125] (initialized)
10:24:45.338 [main] DEBUG org.hibernate.engine.internal.Collections - Collection found: [org.frcpm.models.Subteam.subsystems#125], was: [org.frcpm.models.Subteam.subsystems#125] (initialized)
10:24:45.338 [main] DEBUG org.hibernate.event.internal.AbstractFlushingEventListener - Flushed: 0 insertions, 0 updates, 0 deletions to 1 objects
10:24:45.338 [main] DEBUG org.hibernate.event.internal.AbstractFlushingEventListener - Flushed: 0 (re)creations, 0 updates, 0 removals to 2 collections
10:24:45.338 [main] DEBUG org.hibernate.internal.util.EntityPrinter - Listing entities:
10:24:45.338 [main] DEBUG org.hibernate.internal.util.EntityPrinter - org.frcpm.models.Subteam{specialties=Java, Programming, Controls, members=[], name=Test Subteam 1, colorCode=#FF0000, id=125, subsystems=[]}
10:24:45.338 [main] DEBUG org.hibernate.resource.jdbc.internal.LogicalConnectionManagedImpl - Initiating JDBC connection release from afterTransaction
10:24:45.338 [main] DEBUG org.hibernate.resource.jdbc.internal.LogicalConnectionManagedImpl - Initiating JDBC connection release from afterTransaction
10:24:45.338 [main] DEBUG org.hibernate.engine.transaction.internal.TransactionImpl - On TransactionImpl creation, JpaCompliance#isJpaTransactionComplianceEnabled == false
10:24:45.338 [main] DEBUG org.hibernate.engine.transaction.internal.TransactionImpl - begin
10:24:45.338 [main] DEBUG org.hibernate.engine.spi.ActionQueue - Executing identity-insert immediately
10:24:45.339 [main] DEBUG org.hibernate.SQL - insert into subteams (color_code,name,specialties,id) values (?,?,?,default)
10:24:45.339 [main] DEBUG org.hibernate.orm.results - Initializer list is empty
10:24:45.339 [main] DEBUG org.hibernate.orm.results.loading - Calling top-level assembler (0 / 1) : org.hibernate.sql.results.graph.basic.BasicResultAssembler@20cb620a
10:24:45.339 [main] DEBUG org.hibernate.orm.results - Extracted JDBC value [0] - [126]
10:24:45.339 [main] DEBUG org.hibernate.id.IdentifierGeneratorHelper - Extracted generated values [org.frcpm.models.Subteam]: [Ljava.lang.Object;@44eb1e6e
10:24:45.339 [main] DEBUG org.hibernate.event.internal.AbstractFlushingEventListener - Processing flush-time cascades
10:24:45.339 [main] DEBUG org.hibernate.event.internal.AbstractFlushingEventListener - Dirty checking collections
10:24:45.340 [main] DEBUG org.hibernate.engine.internal.Collections - Collection found: [org.frcpm.models.Subteam.members#126], was: [<unreferenced>] (initialized)
10:24:45.340 [main] DEBUG org.hibernate.engine.internal.Collections - Collection found: [org.frcpm.models.Subteam.subsystems#126], was: [<unreferenced>] (initialized)
10:24:45.340 [main] DEBUG org.hibernate.event.internal.AbstractFlushingEventListener - Flushed: 0 insertions, 0 updates, 0 deletions to 1 objects
10:24:45.340 [main] DEBUG org.hibernate.event.internal.AbstractFlushingEventListener - Flushed: 2 (re)creations, 0 updates, 0 removals to 2 collections
10:24:45.340 [main] DEBUG org.hibernate.internal.util.EntityPrinter - Listing entities:
10:24:45.340 [main] DEBUG org.hibernate.internal.util.EntityPrinter - org.frcpm.models.Subteam{specialties=CAD, Design, Fabrication, members=[], name=Test Subteam 2, colorCode=#00FF00, id=126, subsystems=[]}
10:24:45.340 [main] DEBUG org.hibernate.engine.transaction.internal.TransactionImpl - committing
10:24:45.340 [main] DEBUG org.hibernate.event.internal.AbstractFlushingEventListener - Processing flush-time cascades
10:24:45.340 [main] DEBUG org.hibernate.event.internal.AbstractFlushingEventListener - Dirty checking collections
10:24:45.340 [main] DEBUG org.hibernate.engine.internal.Collections - Collection found: [org.frcpm.models.Subteam.members#126], was: [org.frcpm.models.Subteam.members#126] (initialized)
10:24:45.340 [main] DEBUG org.hibernate.engine.internal.Collections - Collection found: [org.frcpm.models.Subteam.subsystems#126], was: [org.frcpm.models.Subteam.subsystems#126] (initialized)
10:24:45.340 [main] DEBUG org.hibernate.event.internal.AbstractFlushingEventListener - Flushed: 0 insertions, 0 updates, 0 deletions to 1 objects
10:24:45.340 [main] DEBUG org.hibernate.event.internal.AbstractFlushingEventListener - Flushed: 0 (re)creations, 0 updates, 0 removals to 2 collections
10:24:45.340 [main] DEBUG org.hibernate.internal.util.EntityPrinter - Listing entities:
10:24:45.340 [main] DEBUG org.hibernate.internal.util.EntityPrinter - org.frcpm.models.Subteam{specialties=CAD, Design, Fabrication, members=[], name=Test Subteam 2, colorCode=#00FF00, id=126, subsystems=[]}
10:24:45.340 [main] DEBUG org.hibernate.resource.jdbc.internal.LogicalConnectionManagedImpl - Initiating JDBC connection release from afterTransaction
10:24:45.340 [main] DEBUG org.hibernate.resource.jdbc.internal.LogicalConnectionManagedImpl - Initiating JDBC connection release from afterTransaction
10:24:45.340 [main] DEBUG org.hibernate.engine.transaction.internal.TransactionImpl - On TransactionImpl creation, JpaCompliance#isJpaTransactionComplianceEnabled == false
10:24:45.340 [main] DEBUG org.hibernate.engine.transaction.internal.TransactionImpl - begin
10:24:45.341 [main] DEBUG org.hibernate.engine.spi.ActionQueue - Executing identity-insert immediately
10:24:45.341 [main] DEBUG org.hibernate.SQL - insert into subteams (color_code,name,specialties,id) values (?,?,?,default)
10:24:45.341 [main] DEBUG org.hibernate.orm.results - Initializer list is empty
10:24:45.341 [main] DEBUG org.hibernate.orm.results.loading - Calling top-level assembler (0 / 1) : org.hibernate.sql.results.graph.basic.BasicResultAssembler@25f50c4d
10:24:45.341 [main] DEBUG org.hibernate.orm.results - Extracted JDBC value [0] - [127]
10:24:45.341 [main] DEBUG org.hibernate.id.IdentifierGeneratorHelper - Extracted generated values [org.frcpm.models.Subteam]: [Ljava.lang.Object;@2fe9a71e
10:24:45.342 [main] DEBUG org.hibernate.event.internal.AbstractFlushingEventListener - Processing flush-time cascades
10:24:45.342 [main] DEBUG org.hibernate.event.internal.AbstractFlushingEventListener - Dirty checking collections
10:24:45.342 [main] DEBUG org.hibernate.engine.internal.Collections - Collection found: [org.frcpm.models.Subteam.members#127], was: [<unreferenced>] (initialized)
10:24:45.342 [main] DEBUG org.hibernate.engine.internal.Collections - Collection found: [org.frcpm.models.Subteam.subsystems#127], was: [<unreferenced>] (initialized)
10:24:45.342 [main] DEBUG org.hibernate.event.internal.AbstractFlushingEventListener - Flushed: 0 insertions, 0 updates, 0 deletions to 1 objects
10:24:45.342 [main] DEBUG org.hibernate.event.internal.AbstractFlushingEventListener - Flushed: 2 (re)creations, 0 updates, 0 removals to 2 collections
10:24:45.342 [main] DEBUG org.hibernate.internal.util.EntityPrinter - Listing entities:
10:24:45.342 [main] DEBUG org.hibernate.internal.util.EntityPrinter - org.frcpm.models.Subteam{specialties=null, members=[], name=Test DeleteById Subteam, colorCode=#0000FF, id=127, subsystems=[]}
10:24:45.342 [main] DEBUG org.hibernate.engine.transaction.internal.TransactionImpl - committing
10:24:45.342 [main] DEBUG org.hibernate.event.internal.AbstractFlushingEventListener - Processing flush-time cascades
10:24:45.342 [main] DEBUG org.hibernate.event.internal.AbstractFlushingEventListener - Dirty checking collections
10:24:45.342 [main] DEBUG org.hibernate.engine.internal.Collections - Collection found: [org.frcpm.models.Subteam.members#127], was: [org.frcpm.models.Subteam.members#127] (initialized)
10:24:45.342 [main] DEBUG org.hibernate.engine.internal.Collections - Collection found: [org.frcpm.models.Subteam.subsystems#127], was: [org.frcpm.models.Subteam.subsystems#127] (initialized)
10:24:45.342 [main] DEBUG org.hibernate.event.internal.AbstractFlushingEventListener - Flushed: 0 insertions, 0 updates, 0 deletions to 1 objects
10:24:45.342 [main] DEBUG org.hibernate.event.internal.AbstractFlushingEventListener - Flushed: 0 (re)creations, 0 updates, 0 removals to 2 collections
10:24:45.342 [main] DEBUG org.hibernate.internal.util.EntityPrinter - Listing entities:
10:24:45.342 [main] DEBUG org.hibernate.internal.util.EntityPrinter - org.frcpm.models.Subteam{specialties=null, members=[], name=Test DeleteById Subteam, colorCode=#0000FF, id=127, subsystems=[]}
10:24:45.342 [main] DEBUG org.hibernate.resource.jdbc.internal.LogicalConnectionManagedImpl - Initiating JDBC connection release from afterTransaction
10:24:45.342 [main] DEBUG org.hibernate.resource.jdbc.internal.LogicalConnectionManagedImpl - Initiating JDBC connection release from afterTransaction
10:24:45.342 [main] DEBUG org.hibernate.engine.transaction.internal.TransactionImpl - On TransactionImpl creation, JpaCompliance#isJpaTransactionComplianceEnabled == false
10:24:45.342 [main] DEBUG org.hibernate.engine.transaction.internal.TransactionImpl - begin
10:24:45.343 [main] DEBUG org.hibernate.orm.sql.exec - Skipping reading Query result cache data: cache-enabled = false, cache-mode = IGNORE
10:24:45.343 [main] DEBUG org.hibernate.orm.results - Initializer list:
	  org.frcpm.models.Subteam.members -> DelayedCollectionInitializer(org.frcpm.models.Subteam.members)@439369954 (PluralAttribute(org.frcpm.models.Subteam.members))
	  org.frcpm.models.Subteam.subsystems -> DelayedCollectionInitializer(org.frcpm.models.Subteam.subsystems)@7565527 (PluralAttribute(org.frcpm.models.Subteam.subsystems))
	  org.frcpm.models.Subteam -> EntityResultInitializer(org.frcpm.models.Subteam)@225022960 (SingleTableEntityPersister(org.frcpm.models.Subteam))

10:24:45.343 [main] DEBUG org.hibernate.SQL - select s1_0.id,s1_0.color_code,s1_0.name,s1_0.specialties from subteams s1_0 where s1_0.id=?
10:24:45.343 [main] DEBUG org.hibernate.orm.results.loading.entity - (EntityResultInitializer) Hydrated EntityKey (org.frcpm.models.Subteam): 127
10:24:45.343 [main] DEBUG org.hibernate.orm.results.loading.org.hibernate.orm.results.loading.collection - (DelayedCollectionInitializer) Current row collection key : org.frcpm.models.Subteam.members#127
10:24:45.343 [main] DEBUG org.hibernate.orm.results.loading.org.hibernate.orm.results.loading.collection - (DelayedCollectionInitializer) Current row collection key : org.frcpm.models.Subteam.subsystems#127
10:24:45.343 [main] DEBUG org.hibernate.orm.results.loading.entity - (EntityResultInitializer) Created new entity instance [org.frcpm.models.Subteam#127] : 1822117308
10:24:45.343 [main] DEBUG org.hibernate.orm.results - Extracted JDBC value [1] - [#0000FF]
10:24:45.343 [main] DEBUG org.hibernate.orm.results - Extracted JDBC value [2] - [Test DeleteById Subteam]
10:24:45.343 [main] DEBUG org.hibernate.orm.results - Extracted JDBC value [3] - [null]
10:24:45.343 [main] DEBUG org.hibernate.orm.results.loading.entity - (EntityResultInitializer) Done materializing entityInstance : org.frcpm.models.Subteam#127
10:24:45.343 [main] DEBUG org.hibernate.orm.results.loading - Calling top-level assembler (0 / 1) : org.hibernate.sql.results.graph.entity.internal.EntityAssembler@4eb2fddf
10:24:45.344 [main] DEBUG org.hibernate.orm.sql.exec - Skipping reading Query result cache data: cache-enabled = false, cache-mode = IGNORE
10:24:45.344 [main] DEBUG org.hibernate.orm.results - Initializer list:
	  org.frcpm.models.Subteam.members -> BagInitializer(org.frcpm.models.Subteam.members)@2020785944 (PluralAttribute(org.frcpm.models.Subteam.members))
	  org.frcpm.models.Subteam.members.{element}.assignedTasks -> DelayedCollectionInitializer(org.frcpm.models.Subteam.members.{element}.assignedTasks)@809039631 (PluralAttribute(org.frcpm.models.TeamMember.assignedTasks))
	  org.frcpm.models.Subteam.members.{element} -> EntityJoinedFetchInitializer(org.frcpm.models.Subteam.members.{element})@1836763239 (EntityCollectionPart(org.frcpm.models.Subteam.members#{element})@880774162)
	  org.frcpm.models.Subteam.members.{element}.attendances -> DelayedCollectionInitializer(org.frcpm.models.Subteam.members.{element}.attendances)@1503162362 (PluralAttribute(org.frcpm.models.TeamMember.attendances))
	  org.frcpm.models.Subteam.members.{element}.subteam -> EntityDelayedFetchInitializer(org.frcpm.models.Subteam.members.{element}.subteam)@787446601 (ToOneAttributeMapping(NavigableRole[org.frcpm.models.TeamMember.subteam])@367900419)

10:24:45.344 [main] DEBUG org.hibernate.SQL - select m1_0.subteam_id,m1_0.id,m1_0.email,m1_0.first_name,m1_0.last_name,m1_0.is_leader,m1_0.phone,m1_0.skills,m1_0.username from team_members m1_0 where m1_0.subteam_id=?
10:24:45.344 [main] DEBUG org.hibernate.sql.results.internal.ResultsHelper - Collection fully initialized: [org.frcpm.models.Subteam.members#127]
10:24:45.344 [main] DEBUG org.hibernate.engine.transaction.internal.TransactionImpl - committing
10:24:45.344 [main] DEBUG org.hibernate.event.internal.AbstractFlushingEventListener - Processing flush-time cascades
10:24:45.344 [main] DEBUG org.hibernate.event.internal.AbstractFlushingEventListener - Dirty checking collections
10:24:45.345 [main] DEBUG org.hibernate.engine.internal.Collections - Collection dereferenced: [org.frcpm.models.Subteam.members#127]
10:24:45.345 [main] DEBUG org.hibernate.engine.internal.Collections - Collection dereferenced: [org.frcpm.models.Subteam.subsystems#127]
10:24:45.345 [main] DEBUG org.hibernate.event.internal.AbstractFlushingEventListener - Flushed: 0 insertions, 0 updates, 1 deletions to 1 objects
10:24:45.345 [main] DEBUG org.hibernate.event.internal.AbstractFlushingEventListener - Flushed: 0 (re)creations, 0 updates, 2 removals to 2 collections
10:24:45.345 [main] DEBUG org.hibernate.internal.util.EntityPrinter - Listing entities:
10:24:45.345 [main] DEBUG org.hibernate.internal.util.EntityPrinter - org.frcpm.models.Subteam{specialties=null, members=[], name=Test DeleteById Subteam, colorCode=#0000FF, id=127, subsystems=<uninitialized>}
10:24:45.345 [main] DEBUG org.hibernate.SQL - delete from subteams where id=?
10:24:45.346 [main] DEBUG org.hibernate.orm.jdbc.batch - PreparedStatementDetails did not contain PreparedStatement on #releaseStatements : delete from subteams where id=?
10:24:45.346 [main] DEBUG org.hibernate.orm.jdbc.batch - PreparedStatementDetails did not contain PreparedStatement on #releaseStatements : delete from subteams where id=?
10:24:45.346 [main] DEBUG org.hibernate.resource.jdbc.internal.LogicalConnectionManagedImpl - Initiating JDBC connection release from afterTransaction
10:24:45.346 [main] DEBUG org.hibernate.orm.jdbc.batch - PreparedStatementDetails did not contain PreparedStatement on #releaseStatements : delete from subteams where id=?
10:24:45.346 [main] DEBUG org.hibernate.orm.jdbc.batch - PreparedStatementDetails did not contain PreparedStatement on #releaseStatements : delete from subteams where id=?
10:24:45.346 [main] DEBUG org.hibernate.resource.jdbc.internal.LogicalConnectionManagedImpl - Initiating JDBC connection release from afterTransaction
10:24:45.346 [main] DEBUG org.hibernate.engine.jdbc.internal.JdbcCoordinatorImpl - HHH000420: Closing un-released batch
10:24:45.346 [main] DEBUG org.hibernate.orm.jdbc.batch - PreparedStatementDetails did not contain PreparedStatement on #releaseStatements : delete from subteams where id=?
10:24:45.346 [main] DEBUG org.hibernate.orm.jdbc.batch - PreparedStatementDetails did not contain PreparedStatement on #releaseStatements : delete from subteams where id=?
10:24:45.346 [main] DEBUG org.hibernate.orm.sql.exec - Skipping reading Query result cache data: cache-enabled = false, cache-mode = IGNORE
10:24:45.346 [main] DEBUG org.hibernate.orm.results - Initializer list:
	  org.frcpm.models.Subteam.members -> DelayedCollectionInitializer(org.frcpm.models.Subteam.members)@1779045176 (PluralAttribute(org.frcpm.models.Subteam.members))
	  org.frcpm.models.Subteam.subsystems -> DelayedCollectionInitializer(org.frcpm.models.Subteam.subsystems)@1653417983 (PluralAttribute(org.frcpm.models.Subteam.subsystems))
	  org.frcpm.models.Subteam -> EntityResultInitializer(org.frcpm.models.Subteam)@446210841 (SingleTableEntityPersister(org.frcpm.models.Subteam))

10:24:45.346 [main] DEBUG org.hibernate.SQL - select s1_0.id,s1_0.color_code,s1_0.name,s1_0.specialties from subteams s1_0 where s1_0.id=?
10:24:45.346 [main] DEBUG org.hibernate.resource.jdbc.internal.LogicalConnectionManagedImpl - Initiating JDBC connection release from afterTransaction
10:24:45.347 [main] DEBUG org.hibernate.orm.sql.ast.create - Created new SQL alias : s1_0
10:24:45.347 [main] DEBUG org.hibernate.orm.sql.ast.create - Registration of TableGroup [StandardTableGroup(org.frcpm.models.Subteam(959701635483000))] with identifierForTableGroup [org.frcpm.models.Subteam] for NavigablePath [org.frcpm.models.Subteam] 
10:24:45.349 [main] DEBUG org.hibernate.orm.results.graph.AST - DomainResult Graph:
 \-EntityResultImpl [org.frcpm.models.Subteam(959701635483000)]
 |  +-BasicFetch [org.frcpm.models.Subteam(959701635483000).colorCode]
 |  +-DelayedCollectionFetch [org.frcpm.models.Subteam(959701635483000).members]
 |  +-BasicFetch [org.frcpm.models.Subteam(959701635483000).name]
 |  +-BasicFetch [org.frcpm.models.Subteam(959701635483000).specialties]
 |  \-DelayedCollectionFetch [org.frcpm.models.Subteam(959701635483000).subsystems]

10:24:45.349 [main] DEBUG org.hibernate.orm.sql.ast.tree - SQL AST Tree:
    SelectStatement {
      FromClause {
        StandardTableGroup (s1 : org.frcpm.models.Subteam(959701635483000)) {
          primaryTableReference : subteams as s1_0
        }
      }
    }

10:24:45.349 [main] DEBUG org.hibernate.orm.sql.exec - Skipping reading Query result cache data: cache-enabled = false, cache-mode = NORMAL
10:24:45.349 [main] DEBUG org.hibernate.orm.results - Initializer list:
	  org.frcpm.models.Subteam(959701635483000) -> EntityResultInitializer(org.frcpm.models.Subteam(959701635483000))@1259818209 (SingleTableEntityPersister(org.frcpm.models.Subteam))
	  org.frcpm.models.Subteam(959701635483000).subsystems -> DelayedCollectionInitializer(org.frcpm.models.Subteam(959701635483000).subsystems)@164109190 (PluralAttribute(org.frcpm.models.Subteam.subsystems))
	  org.frcpm.models.Subteam(959701635483000).members -> DelayedCollectionInitializer(org.frcpm.models.Subteam(959701635483000).members)@1448360179 (PluralAttribute(org.frcpm.models.Subteam.members))

10:24:45.349 [main] DEBUG org.hibernate.SQL - select s1_0.id,s1_0.color_code,s1_0.name,s1_0.specialties from subteams s1_0
10:24:45.349 [main] DEBUG org.hibernate.orm.results - Extracted JDBC value [0] - [1]
10:24:45.349 [main] DEBUG org.hibernate.orm.results.loading.entity - (EntityResultInitializer) Hydrated EntityKey (org.frcpm.models.Subteam(959701635483000)): 1
10:24:45.349 [main] DEBUG org.hibernate.orm.results.loading.org.hibernate.orm.results.loading.collection - (DelayedCollectionInitializer) Current row collection key : org.frcpm.models.Subteam(959701635483000).members#1
10:24:45.349 [main] DEBUG org.hibernate.orm.results.loading.org.hibernate.orm.results.loading.collection - (DelayedCollectionInitializer) Current row collection key : org.frcpm.models.Subteam(959701635483000).subsystems#1
10:24:45.349 [main] DEBUG org.hibernate.orm.results.loading.entity - (EntityResultInitializer) Created new entity instance [org.frcpm.models.Subteam(959701635483000)#1] : 304894444
10:24:45.349 [main] DEBUG org.hibernate.orm.results - Extracted JDBC value [1] - [#FF5733]
10:24:45.349 [main] DEBUG org.hibernate.orm.results - Extracted JDBC value [2] - [Mechanical]
10:24:45.349 [main] DEBUG org.hibernate.orm.results - Extracted JDBC value [3] - [Design, CAD, Fabrication, Assembly]
10:24:45.349 [main] DEBUG org.hibernate.orm.results.loading.entity - (EntityResultInitializer) Done materializing entityInstance : org.frcpm.models.Subteam(959701635483000)#1
10:24:45.349 [main] DEBUG org.hibernate.orm.results.loading - Calling top-level assembler (0 / 1) : org.hibernate.sql.results.graph.entity.internal.EntityAssembler@1dbe02f7
10:24:45.349 [main] DEBUG org.hibernate.orm.results - Extracted JDBC value [0] - [2]
10:24:45.349 [main] DEBUG org.hibernate.orm.results.loading.entity - (EntityResultInitializer) Hydrated EntityKey (org.frcpm.models.Subteam(959701635483000)): 2
10:24:45.349 [main] DEBUG org.hibernate.orm.results.loading.org.hibernate.orm.results.loading.collection - (DelayedCollectionInitializer) Current row collection key : org.frcpm.models.Subteam(959701635483000).members#2
10:24:45.349 [main] DEBUG org.hibernate.orm.results.loading.org.hibernate.orm.results.loading.collection - (DelayedCollectionInitializer) Current row collection key : org.frcpm.models.Subteam(959701635483000).subsystems#2
10:24:45.349 [main] DEBUG org.hibernate.orm.results.loading.entity - (EntityResultInitializer) Created new entity instance [org.frcpm.models.Subteam(959701635483000)#2] : 1844286365
10:24:45.349 [main] DEBUG org.hibernate.orm.results - Extracted JDBC value [1] - [#33A8FF]
10:24:45.349 [main] DEBUG org.hibernate.orm.results - Extracted JDBC value [2] - [Electrical]
10:24:45.349 [main] DEBUG org.hibernate.orm.results - Extracted JDBC value [3] - [Wiring, Electronics, Sensors, Power Systems]
10:24:45.349 [main] DEBUG org.hibernate.orm.results.loading.entity - (EntityResultInitializer) Done materializing entityInstance : org.frcpm.models.Subteam(959701635483000)#2
10:24:45.349 [main] DEBUG org.hibernate.orm.results.loading - Calling top-level assembler (0 / 1) : org.hibernate.sql.results.graph.entity.internal.EntityAssembler@1dbe02f7
10:24:45.349 [main] DEBUG org.hibernate.orm.results - Extracted JDBC value [0] - [3]
10:24:45.349 [main] DEBUG org.hibernate.orm.results.loading.entity - (EntityResultInitializer) Hydrated EntityKey (org.frcpm.models.Subteam(959701635483000)): 3
10:24:45.350 [main] DEBUG org.hibernate.orm.results.loading.org.hibernate.orm.results.loading.collection - (DelayedCollectionInitializer) Current row collection key : org.frcpm.models.Subteam(959701635483000).members#3
10:24:45.350 [main] DEBUG org.hibernate.orm.results.loading.org.hibernate.orm.results.loading.collection - (DelayedCollectionInitializer) Current row collection key : org.frcpm.models.Subteam(959701635483000).subsystems#3
10:24:45.350 [main] DEBUG org.hibernate.orm.results.loading.entity - (EntityResultInitializer) Created new entity instance [org.frcpm.models.Subteam(959701635483000)#3] : 1501493877
10:24:45.350 [main] DEBUG org.hibernate.orm.results - Extracted JDBC value [1] - [#33FF57]
10:24:45.350 [main] DEBUG org.hibernate.orm.results - Extracted JDBC value [2] - [Programming]
10:24:45.350 [main] DEBUG org.hibernate.orm.results - Extracted JDBC value [3] - [Java, Vision, Control Systems, Autonomous]
10:24:45.350 [main] DEBUG org.hibernate.orm.results.loading.entity - (EntityResultInitializer) Done materializing entityInstance : org.frcpm.models.Subteam(959701635483000)#3
10:24:45.350 [main] DEBUG org.hibernate.orm.results.loading - Calling top-level assembler (0 / 1) : org.hibernate.sql.results.graph.entity.internal.EntityAssembler@1dbe02f7
10:24:45.350 [main] DEBUG org.hibernate.orm.results - Extracted JDBC value [0] - [4]
10:24:45.350 [main] DEBUG org.hibernate.orm.results.loading.entity - (EntityResultInitializer) Hydrated EntityKey (org.frcpm.models.Subteam(959701635483000)): 4
10:24:45.350 [main] DEBUG org.hibernate.orm.results.loading.org.hibernate.orm.results.loading.collection - (DelayedCollectionInitializer) Current row collection key : org.frcpm.models.Subteam(959701635483000).members#4
10:24:45.350 [main] DEBUG org.hibernate.orm.results.loading.org.hibernate.orm.results.loading.collection - (DelayedCollectionInitializer) Current row collection key : org.frcpm.models.Subteam(959701635483000).subsystems#4
10:24:45.350 [main] DEBUG org.hibernate.orm.results.loading.entity - (EntityResultInitializer) Created new entity instance [org.frcpm.models.Subteam(959701635483000)#4] : 1472796883
10:24:45.350 [main] DEBUG org.hibernate.orm.results - Extracted JDBC value [1] - [#FF33A8]
10:24:45.350 [main] DEBUG org.hibernate.orm.results - Extracted JDBC value [2] - [Business]
10:24:45.350 [main] DEBUG org.hibernate.orm.results - Extracted JDBC value [3] - [Fundraising, Marketing, Outreach, Awards]
10:24:45.350 [main] DEBUG org.hibernate.orm.results.loading.entity - (EntityResultInitializer) Done materializing entityInstance : org.frcpm.models.Subteam(959701635483000)#4
10:24:45.350 [main] DEBUG org.hibernate.orm.results.loading - Calling top-level assembler (0 / 1) : org.hibernate.sql.results.graph.entity.internal.EntityAssembler@1dbe02f7
10:24:45.350 [main] DEBUG org.hibernate.orm.results - Extracted JDBC value [0] - [24]
10:24:45.350 [main] DEBUG org.hibernate.orm.results.loading.entity - (EntityResultInitializer) Hydrated EntityKey (org.frcpm.models.Subteam(959701635483000)): 24
10:24:45.350 [main] DEBUG org.hibernate.orm.results.loading.org.hibernate.orm.results.loading.collection - (DelayedCollectionInitializer) Current row collection key : org.frcpm.models.Subteam(959701635483000).members#24
10:24:45.350 [main] DEBUG org.hibernate.orm.results.loading.org.hibernate.orm.results.loading.collection - (DelayedCollectionInitializer) Current row collection key : org.frcpm.models.Subteam(959701635483000).subsystems#24
10:24:45.350 [main] DEBUG org.hibernate.orm.results.loading.entity - (EntityResultInitializer) Created new entity instance [org.frcpm.models.Subteam(959701635483000)#24] : 217498717
10:24:45.350 [main] DEBUG org.hibernate.orm.results - Extracted JDBC value [1] - [#0000FF]
10:24:45.350 [main] DEBUG org.hibernate.orm.results - Extracted JDBC value [2] - [Test Count Subteam]
10:24:45.350 [main] DEBUG org.hibernate.orm.results - Extracted JDBC value [3] - [null]
10:24:45.350 [main] DEBUG org.hibernate.orm.results.loading.entity - (EntityResultInitializer) Done materializing entityInstance : org.frcpm.models.Subteam(959701635483000)#24
10:24:45.350 [main] DEBUG org.hibernate.orm.results.loading - Calling top-level assembler (0 / 1) : org.hibernate.sql.results.graph.entity.internal.EntityAssembler@1dbe02f7
10:24:45.350 [main] DEBUG org.hibernate.orm.results - Extracted JDBC value [0] - [27]
10:24:45.350 [main] DEBUG org.hibernate.orm.results.loading.entity - (EntityResultInitializer) Hydrated EntityKey (org.frcpm.models.Subteam(959701635483000)): 27
10:24:45.350 [main] DEBUG org.hibernate.orm.results.loading.org.hibernate.orm.results.loading.collection - (DelayedCollectionInitializer) Current row collection key : org.frcpm.models.Subteam(959701635483000).members#27
10:24:45.350 [main] DEBUG org.hibernate.orm.results.loading.org.hibernate.orm.results.loading.collection - (DelayedCollectionInitializer) Current row collection key : org.frcpm.models.Subteam(959701635483000).subsystems#27
10:24:45.350 [main] DEBUG org.hibernate.orm.results.loading.entity - (EntityResultInitializer) Created new entity instance [org.frcpm.models.Subteam(959701635483000)#27] : 1592506472
10:24:45.350 [main] DEBUG org.hibernate.orm.results - Extracted JDBC value [1] - [#0000FF]
10:24:45.350 [main] DEBUG org.hibernate.orm.results - Extracted JDBC value [2] - [Test Save Subteam]
10:24:45.350 [main] DEBUG org.hibernate.orm.results - Extracted JDBC value [3] - [Testing]
10:24:45.350 [main] DEBUG org.hibernate.orm.results.loading.entity - (EntityResultInitializer) Done materializing entityInstance : org.frcpm.models.Subteam(959701635483000)#27
10:24:45.350 [main] DEBUG org.hibernate.orm.results.loading - Calling top-level assembler (0 / 1) : org.hibernate.sql.results.graph.entity.internal.EntityAssembler@1dbe02f7
10:24:45.350 [main] DEBUG org.hibernate.orm.results - Extracted JDBC value [0] - [42]
10:24:45.350 [main] DEBUG org.hibernate.orm.results.loading.entity - (EntityResultInitializer) Hydrated EntityKey (org.frcpm.models.Subteam(959701635483000)): 42
10:24:45.350 [main] DEBUG org.hibernate.orm.results.loading.org.hibernate.orm.results.loading.collection - (DelayedCollectionInitializer) Current row collection key : org.frcpm.models.Subteam(959701635483000).members#42
10:24:45.350 [main] DEBUG org.hibernate.orm.results.loading.org.hibernate.orm.results.loading.collection - (DelayedCollectionInitializer) Current row collection key : org.frcpm.models.Subteam(959701635483000).subsystems#42
10:24:45.350 [main] DEBUG org.hibernate.orm.results.loading.entity - (EntityResultInitializer) Created new entity instance [org.frcpm.models.Subteam(959701635483000)#42] : 728361351
10:24:45.350 [main] DEBUG org.hibernate.orm.results - Extracted JDBC value [1] - [#00FFFF]
10:24:45.350 [main] DEBUG org.hibernate.orm.results - Extracted JDBC value [2] - [Updated Subteam Name]
10:24:45.350 [main] DEBUG org.hibernate.orm.results - Extracted JDBC value [3] - [null]
10:24:45.350 [main] DEBUG org.hibernate.orm.results.loading.entity - (EntityResultInitializer) Done materializing entityInstance : org.frcpm.models.Subteam(959701635483000)#42
10:24:45.350 [main] DEBUG org.hibernate.orm.results.loading - Calling top-level assembler (0 / 1) : org.hibernate.sql.results.graph.entity.internal.EntityAssembler@1dbe02f7
10:24:45.350 [main] DEBUG org.hibernate.orm.results - Extracted JDBC value [0] - [67]
10:24:45.350 [main] DEBUG org.hibernate.orm.results.loading.entity - (EntityResultInitializer) Hydrated EntityKey (org.frcpm.models.Subteam(959701635483000)): 67
10:24:45.350 [main] DEBUG org.hibernate.orm.results.loading.org.hibernate.orm.results.loading.collection - (DelayedCollectionInitializer) Current row collection key : org.frcpm.models.Subteam(959701635483000).members#67
10:24:45.350 [main] DEBUG org.hibernate.orm.results.loading.org.hibernate.orm.results.loading.collection - (DelayedCollectionInitializer) Current row collection key : org.frcpm.models.Subteam(959701635483000).subsystems#67
10:24:45.350 [main] DEBUG org.hibernate.orm.results.loading.entity - (EntityResultInitializer) Created new entity instance [org.frcpm.models.Subteam(959701635483000)#67] : 307078214
10:24:45.350 [main] DEBUG org.hibernate.orm.results - Extracted JDBC value [1] - [#0000FF]
10:24:45.350 [main] DEBUG org.hibernate.orm.results - Extracted JDBC value [2] - [Test Create Service Subteam]
10:24:45.350 [main] DEBUG org.hibernate.orm.results - Extracted JDBC value [3] - [Testing, Quality Assurance]
10:24:45.350 [main] DEBUG org.hibernate.orm.results.loading.entity - (EntityResultInitializer) Done materializing entityInstance : org.frcpm.models.Subteam(959701635483000)#67
10:24:45.350 [main] DEBUG org.hibernate.orm.results.loading - Calling top-level assembler (0 / 1) : org.hibernate.sql.results.graph.entity.internal.EntityAssembler@1dbe02f7
10:24:45.350 [main] DEBUG org.hibernate.orm.results - Extracted JDBC value [0] - [70]
10:24:45.350 [main] DEBUG org.hibernate.orm.results.loading.entity - (EntityResultInitializer) Hydrated EntityKey (org.frcpm.models.Subteam(959701635483000)): 70
10:24:45.350 [main] DEBUG org.hibernate.orm.results.loading.org.hibernate.orm.results.loading.collection - (DelayedCollectionInitializer) Current row collection key : org.frcpm.models.Subteam(959701635483000).members#70
10:24:45.350 [main] DEBUG org.hibernate.orm.results.loading.org.hibernate.orm.results.loading.collection - (DelayedCollectionInitializer) Current row collection key : org.frcpm.models.Subteam(959701635483000).subsystems#70
10:24:45.350 [main] DEBUG org.hibernate.orm.results.loading.entity - (EntityResultInitializer) Created new entity instance [org.frcpm.models.Subteam(959701635483000)#70] : 366440512
10:24:45.350 [main] DEBUG org.hibernate.orm.results - Extracted JDBC value [1] - [#00FFFF]
10:24:45.350 [main] DEBUG org.hibernate.orm.results - Extracted JDBC value [2] - [Test Color Update Subteam]
10:24:45.350 [main] DEBUG org.hibernate.orm.results - Extracted JDBC value [3] - [Specialties]
10:24:45.350 [main] DEBUG org.hibernate.orm.results.loading.entity - (EntityResultInitializer) Done materializing entityInstance : org.frcpm.models.Subteam(959701635483000)#70
10:24:45.350 [main] DEBUG org.hibernate.orm.results.loading - Calling top-level assembler (0 / 1) : org.hibernate.sql.results.graph.entity.internal.EntityAssembler@1dbe02f7
10:24:45.350 [main] DEBUG org.hibernate.orm.results - Extracted JDBC value [0] - [79]
10:24:45.350 [main] DEBUG org.hibernate.orm.results.loading.entity - (EntityResultInitializer) Hydrated EntityKey (org.frcpm.models.Subteam(959701635483000)): 79
10:24:45.350 [main] DEBUG org.hibernate.orm.results.loading.org.hibernate.orm.results.loading.collection - (DelayedCollectionInitializer) Current row collection key : org.frcpm.models.Subteam(959701635483000).members#79
10:24:45.350 [main] DEBUG org.hibernate.orm.results.loading.org.hibernate.orm.results.loading.collection - (DelayedCollectionInitializer) Current row collection key : org.frcpm.models.Subteam(959701635483000).subsystems#79
10:24:45.350 [main] DEBUG org.hibernate.orm.results.loading.entity - (EntityResultInitializer) Created new entity instance [org.frcpm.models.Subteam(959701635483000)#79] : 297689605
10:24:45.350 [main] DEBUG org.hibernate.orm.results - Extracted JDBC value [1] - [#0000FF]
10:24:45.350 [main] DEBUG org.hibernate.orm.results - Extracted JDBC value [2] - [Test Update Subteam]
10:24:45.350 [main] DEBUG org.hibernate.orm.results - Extracted JDBC value [3] - [Updated Specialties]
10:24:45.350 [main] DEBUG org.hibernate.orm.results.loading.entity - (EntityResultInitializer) Done materializing entityInstance : org.frcpm.models.Subteam(959701635483000)#79
10:24:45.350 [main] DEBUG org.hibernate.orm.results.loading - Calling top-level assembler (0 / 1) : org.hibernate.sql.results.graph.entity.internal.EntityAssembler@1dbe02f7
10:24:45.350 [main] DEBUG org.hibernate.orm.results - Extracted JDBC value [0] - [87]
10:24:45.350 [main] DEBUG org.hibernate.orm.results.loading.entity - (EntityResultInitializer) Hydrated EntityKey (org.frcpm.models.Subteam(959701635483000)): 87
10:24:45.350 [main] DEBUG org.hibernate.orm.results.loading.org.hibernate.orm.results.loading.collection - (DelayedCollectionInitializer) Current row collection key : org.frcpm.models.Subteam(959701635483000).members#87
10:24:45.350 [main] DEBUG org.hibernate.orm.results.loading.org.hibernate.orm.results.loading.collection - (DelayedCollectionInitializer) Current row collection key : org.frcpm.models.Subteam(959701635483000).subsystems#87
10:24:45.350 [main] DEBUG org.hibernate.orm.results.loading.entity - (EntityResultInitializer) Created new entity instance [org.frcpm.models.Subteam(959701635483000)#87] : 2135119875
10:24:45.350 [main] DEBUG org.hibernate.orm.results - Extracted JDBC value [1] - [#0000FF]
10:24:45.350 [main] DEBUG org.hibernate.orm.results - Extracted JDBC value [2] - [Duplicate Name Subteam]
10:24:45.350 [main] DEBUG org.hibernate.orm.results - Extracted JDBC value [3] - [Specialties]
10:24:45.350 [main] DEBUG org.hibernate.orm.results.loading.entity - (EntityResultInitializer) Done materializing entityInstance : org.frcpm.models.Subteam(959701635483000)#87
10:24:45.350 [main] DEBUG org.hibernate.orm.results.loading - Calling top-level assembler (0 / 1) : org.hibernate.sql.results.graph.entity.internal.EntityAssembler@1dbe02f7
10:24:45.350 [main] DEBUG org.hibernate.orm.results - Extracted JDBC value [0] - [115]
10:24:45.350 [main] DEBUG org.hibernate.orm.results.loading.entity - (EntityResultInitializer) Hydrated EntityKey (org.frcpm.models.Subteam(959701635483000)): 115
10:24:45.350 [main] DEBUG org.hibernate.orm.results.loading.org.hibernate.orm.results.loading.collection - (DelayedCollectionInitializer) Current row collection key : org.frcpm.models.Subteam(959701635483000).members#115
10:24:45.350 [main] DEBUG org.hibernate.orm.results.loading.org.hibernate.orm.results.loading.collection - (DelayedCollectionInitializer) Current row collection key : org.frcpm.models.Subteam(959701635483000).subsystems#115
10:24:45.350 [main] DEBUG org.hibernate.orm.results.loading.entity - (EntityResultInitializer) Created new entity instance [org.frcpm.models.Subteam(959701635483000)#115] : 163803418
10:24:45.350 [main] DEBUG org.hibernate.orm.results - Extracted JDBC value [1] - [#0000FF]
10:24:45.350 [main] DEBUG org.hibernate.orm.results - Extracted JDBC value [2] - [Test Count Subteam]
10:24:45.350 [main] DEBUG org.hibernate.orm.results - Extracted JDBC value [3] - [null]
10:24:45.350 [main] DEBUG org.hibernate.orm.results.loading.entity - (EntityResultInitializer) Done materializing entityInstance : org.frcpm.models.Subteam(959701635483000)#115
10:24:45.350 [main] DEBUG org.hibernate.orm.results.loading - Calling top-level assembler (0 / 1) : org.hibernate.sql.results.graph.entity.internal.EntityAssembler@1dbe02f7
10:24:45.350 [main] DEBUG org.hibernate.orm.results - Extracted JDBC value [0] - [118]
10:24:45.350 [main] DEBUG org.hibernate.orm.results.loading.entity - (EntityResultInitializer) Hydrated EntityKey (org.frcpm.models.Subteam(959701635483000)): 118
10:24:45.350 [main] DEBUG org.hibernate.orm.results.loading.org.hibernate.orm.results.loading.collection - (DelayedCollectionInitializer) Current row collection key : org.frcpm.models.Subteam(959701635483000).members#118
10:24:45.350 [main] DEBUG org.hibernate.orm.results.loading.org.hibernate.orm.results.loading.collection - (DelayedCollectionInitializer) Current row collection key : org.frcpm.models.Subteam(959701635483000).subsystems#118
10:24:45.350 [main] DEBUG org.hibernate.orm.results.loading.entity - (EntityResultInitializer) Created new entity instance [org.frcpm.models.Subteam(959701635483000)#118] : 953586434
10:24:45.350 [main] DEBUG org.hibernate.orm.results - Extracted JDBC value [1] - [#0000FF]
10:24:45.350 [main] DEBUG org.hibernate.orm.results - Extracted JDBC value [2] - [Test Save Subteam]
10:24:45.350 [main] DEBUG org.hibernate.orm.results - Extracted JDBC value [3] - [Testing]
10:24:45.350 [main] DEBUG org.hibernate.orm.results.loading.entity - (EntityResultInitializer) Done materializing entityInstance : org.frcpm.models.Subteam(959701635483000)#118
10:24:45.350 [main] DEBUG org.hibernate.orm.results.loading - Calling top-level assembler (0 / 1) : org.hibernate.sql.results.graph.entity.internal.EntityAssembler@1dbe02f7
10:24:45.350 [main] DEBUG org.hibernate.orm.results - Extracted JDBC value [0] - [125]
10:24:45.350 [main] DEBUG org.hibernate.orm.results.loading.entity - (EntityResultInitializer) Hydrated EntityKey (org.frcpm.models.Subteam(959701635483000)): 125
10:24:45.350 [main] DEBUG org.hibernate.orm.results.loading.org.hibernate.orm.results.loading.collection - (DelayedCollectionInitializer) Current row collection key : org.frcpm.models.Subteam(959701635483000).members#125
10:24:45.350 [main] DEBUG org.hibernate.orm.results.loading.org.hibernate.orm.results.loading.collection - (DelayedCollectionInitializer) Current row collection key : org.frcpm.models.Subteam(959701635483000).subsystems#125
10:24:45.350 [main] DEBUG org.hibernate.orm.results.loading.entity - (EntityResultInitializer) Created new entity instance [org.frcpm.models.Subteam(959701635483000)#125] : 1584194859
10:24:45.350 [main] DEBUG org.hibernate.orm.results - Extracted JDBC value [1] - [#FF0000]
10:24:45.350 [main] DEBUG org.hibernate.orm.results - Extracted JDBC value [2] - [Test Subteam 1]
10:24:45.350 [main] DEBUG org.hibernate.orm.results - Extracted JDBC value [3] - [Java, Programming, Controls]
10:24:45.350 [main] DEBUG org.hibernate.orm.results.loading.entity - (EntityResultInitializer) Done materializing entityInstance : org.frcpm.models.Subteam(959701635483000)#125
10:24:45.350 [main] DEBUG org.hibernate.orm.results.loading - Calling top-level assembler (0 / 1) : org.hibernate.sql.results.graph.entity.internal.EntityAssembler@1dbe02f7
10:24:45.350 [main] DEBUG org.hibernate.orm.results - Extracted JDBC value [0] - [126]
10:24:45.350 [main] DEBUG org.hibernate.orm.results.loading.entity - (EntityResultInitializer) Hydrated EntityKey (org.frcpm.models.Subteam(959701635483000)): 126
10:24:45.350 [main] DEBUG org.hibernate.orm.results.loading.org.hibernate.orm.results.loading.collection - (DelayedCollectionInitializer) Current row collection key : org.frcpm.models.Subteam(959701635483000).members#126
10:24:45.350 [main] DEBUG org.hibernate.orm.results.loading.org.hibernate.orm.results.loading.collection - (DelayedCollectionInitializer) Current row collection key : org.frcpm.models.Subteam(959701635483000).subsystems#126
10:24:45.350 [main] DEBUG org.hibernate.orm.results.loading.entity - (EntityResultInitializer) Created new entity instance [org.frcpm.models.Subteam(959701635483000)#126] : 1869122049
10:24:45.350 [main] DEBUG org.hibernate.orm.results - Extracted JDBC value [1] - [#00FF00]
10:24:45.350 [main] DEBUG org.hibernate.orm.results - Extracted JDBC value [2] - [Test Subteam 2]
10:24:45.350 [main] DEBUG org.hibernate.orm.results - Extracted JDBC value [3] - [CAD, Design, Fabrication]
10:24:45.350 [main] DEBUG org.hibernate.orm.results.loading.entity - (EntityResultInitializer) Done materializing entityInstance : org.frcpm.models.Subteam(959701635483000)#126
10:24:45.350 [main] DEBUG org.hibernate.orm.results.loading - Calling top-level assembler (0 / 1) : org.hibernate.sql.results.graph.entity.internal.EntityAssembler@1dbe02f7
10:24:45.350 [main] DEBUG org.hibernate.resource.jdbc.internal.LogicalConnectionManagedImpl - Initiating JDBC connection release from afterTransaction
10:24:45.350 [main] DEBUG org.hibernate.resource.jdbc.internal.LogicalConnectionManagedImpl - Initiating JDBC connection release from afterTransaction
10:24:45.350 [main] DEBUG org.hibernate.engine.transaction.internal.TransactionImpl - On TransactionImpl creation, JpaCompliance#isJpaTransactionComplianceEnabled == false
10:24:45.350 [main] DEBUG org.hibernate.engine.transaction.internal.TransactionImpl - begin
10:24:45.350 [main] DEBUG org.hibernate.orm.sql.ast.create - Created new SQL alias : s1_0
10:24:45.350 [main] DEBUG org.hibernate.orm.sql.ast.create - Registration of TableGroup [StandardTableGroup(org.frcpm.models.Subteam)] with identifierForTableGroup [org.frcpm.models.Subteam] for NavigablePath [org.frcpm.models.Subteam] 
10:24:45.351 [main] DEBUG org.hibernate.orm.sql.ast.create - Created new SQL alias : m1_0
10:24:45.351 [main] DEBUG org.hibernate.orm.sql.ast.create - Registration of TableGroup [org.hibernate.sql.ast.tree.from.OneToManyTableGroup@5f02721e] with identifierForTableGroup [org.frcpm.models.Subteam.members] for NavigablePath [org.frcpm.models.Subteam.members] 
10:24:45.351 [main] DEBUG org.hibernate.orm.sql.ast.create - Registration of TableGroup [StandardTableGroup(org.frcpm.models.Subteam.members.{element})] with identifierForTableGroup [org.frcpm.models.Subteam.members.{element}] for NavigablePath [org.frcpm.models.Subteam.members.{element}] 
10:24:45.351 [main] DEBUG org.hibernate.orm.results.graph.AST - DomainResult Graph:
 \-EntityResultImpl [org.frcpm.models.Subteam]
 |  +-BasicFetch [org.frcpm.models.Subteam.colorCode]
 |  +-EagerCollectionFetch [org.frcpm.models.Subteam.members]
 |  |  \-EntityFetchJoinedImpl [org.frcpm.models.Subteam.members.{element}]
 |  +-BasicFetch [org.frcpm.models.Subteam.name]
 |  +-BasicFetch [org.frcpm.models.Subteam.specialties]
 |  \-DelayedCollectionFetch [org.frcpm.models.Subteam.subsystems]

10:24:45.352 [main] DEBUG org.hibernate.orm.sql.ast.tree - SQL AST Tree:
    SelectStatement {
      FromClause {
        StandardTableGroup (s1 : org.frcpm.models.Subteam) {
          primaryTableReference : subteams as s1_0
          TableGroupJoins {
            left  join OneToManyTableGroup (m1 : org.frcpm.models.Subteam.members) {
              primaryTableReference : team_members as m1_0
            }
          }
        }
      }
    }

10:24:45.352 [main] DEBUG org.hibernate.orm.sql.exec - Skipping reading Query result cache data: cache-enabled = false, cache-mode = IGNORE
10:24:45.353 [main] DEBUG org.hibernate.orm.results - Initializer list:
	  org.frcpm.models.Subteam.members.{element}.assignedTasks -> DelayedCollectionInitializer(org.frcpm.models.Subteam.members.{element}.assignedTasks)@25922858 (PluralAttribute(org.frcpm.models.TeamMember.assignedTasks))
	  org.frcpm.models.Subteam.members.{element} -> EntityJoinedFetchInitializer(org.frcpm.models.Subteam.members.{element})@1647585828 (EntityCollectionPart(org.frcpm.models.Subteam.members#{element})@880774162)
	  org.frcpm.models.Subteam.members -> BagInitializer(org.frcpm.models.Subteam.members)@787097342 (PluralAttribute(org.frcpm.models.Subteam.members))
	  org.frcpm.models.Subteam.members.{element}.attendances -> SelectEagerCollectionInitializer(org.frcpm.models.Subteam.members.{element}.attendances)@1411027573 (PluralAttribute(org.frcpm.models.TeamMember.attendances))
	  org.frcpm.models.Subteam.subsystems -> DelayedCollectionInitializer(org.frcpm.models.Subteam.subsystems)@161855233 (PluralAttribute(org.frcpm.models.Subteam.subsystems))
	  org.frcpm.models.Subteam -> EntityResultInitializer(org.frcpm.models.Subteam)@1250150683 (SingleTableEntityPersister(org.frcpm.models.Subteam))

10:24:45.353 [main] DEBUG org.hibernate.SQL - select s1_0.id,s1_0.color_code,s1_0.name,s1_0.specialties,m1_0.subteam_id,m1_0.id,m1_0.email,m1_0.first_name,m1_0.last_name,m1_0.is_leader,m1_0.phone,m1_0.skills,m1_0.username from subteams s1_0 left join team_members m1_0 on s1_0.id=m1_0.subteam_id where s1_0.id=?
10:24:45.353 [main] DEBUG org.hibernate.orm.results.loading.entity - (EntityResultInitializer) Hydrated EntityKey (org.frcpm.models.Subteam): 125
10:24:45.353 [main] DEBUG org.hibernate.orm.results.loading.org.hibernate.orm.results.loading.collection - (BagInitializer) Current row collection key : org.frcpm.models.Subteam.members#125
10:24:45.353 [main] DEBUG org.hibernate.orm.results - Extracted JDBC value [4] - [null]
10:24:45.353 [main] DEBUG org.hibernate.orm.results - Extracted JDBC value [5] - [null]
10:24:45.353 [main] DEBUG org.hibernate.orm.results.loading.entity - (EntityJoinedFetchInitializer) EntityKey (org.frcpm.models.Subteam.members.{element}) is null
10:24:45.353 [main] DEBUG org.hibernate.orm.results.loading.org.hibernate.orm.results.loading.collection - (DelayedCollectionInitializer) Current row collection key : org.frcpm.models.Subteam.subsystems#125
10:24:45.353 [main] DEBUG org.hibernate.orm.results.loading.entity - (EntityResultInitializer) Created new entity instance [org.frcpm.models.Subteam#125] : 294767235
10:24:45.353 [main] DEBUG org.hibernate.orm.results.loading.org.hibernate.orm.results.loading.collection - (BagInitializer) Created new collection wrapper [org.frcpm.models.Subteam.members#125] : org.hibernate.collection.spi.PersistentBag@1166934715
10:24:45.353 [main] DEBUG org.hibernate.orm.results.loading.org.hibernate.orm.results.loading.collection - (BagInitializer) Responsible for loading collection [org.frcpm.models.Subteam.members#125] : org.hibernate.collection.spi.PersistentBag@1166934715
10:24:45.353 [main] DEBUG org.hibernate.orm.results - Extracted JDBC value [1] - [#FF0000]
10:24:45.353 [main] DEBUG org.hibernate.orm.results - Extracted JDBC value [2] - [Test Subteam 1]
10:24:45.353 [main] DEBUG org.hibernate.orm.results - Extracted JDBC value [3] - [Java, Programming, Controls]
10:24:45.353 [main] DEBUG org.hibernate.orm.results.loading.entity - (EntityResultInitializer) Done materializing entityInstance : org.frcpm.models.Subteam#125
10:24:45.353 [main] DEBUG org.hibernate.orm.results.loading - Calling top-level assembler (0 / 1) : org.hibernate.sql.results.graph.entity.internal.EntityAssembler@8e54e45
10:24:45.353 [main] DEBUG org.hibernate.sql.results.internal.ResultsHelper - Collection fully initialized: [org.frcpm.models.Subteam.members#125]
10:24:45.354 [main] DEBUG org.hibernate.engine.transaction.internal.TransactionImpl - committing
10:24:45.354 [main] DEBUG org.hibernate.event.internal.AbstractFlushingEventListener - Processing flush-time cascades
10:24:45.354 [main] DEBUG org.hibernate.event.internal.AbstractFlushingEventListener - Dirty checking collections
10:24:45.354 [main] DEBUG org.hibernate.engine.internal.Collections - Collection dereferenced: [org.frcpm.models.Subteam.members#125]
10:24:45.354 [main] DEBUG org.hibernate.engine.internal.Collections - Collection dereferenced: [org.frcpm.models.Subteam.subsystems#125]
10:24:45.354 [main] DEBUG org.hibernate.event.internal.AbstractFlushingEventListener - Flushed: 0 insertions, 0 updates, 1 deletions to 1 objects
10:24:45.354 [main] DEBUG org.hibernate.event.internal.AbstractFlushingEventListener - Flushed: 0 (re)creations, 0 updates, 2 removals to 2 collections
10:24:45.354 [main] DEBUG org.hibernate.internal.util.EntityPrinter - Listing entities:
10:24:45.354 [main] DEBUG org.hibernate.internal.util.EntityPrinter - org.frcpm.models.Subteam{specialties=Java, Programming, Controls, members=[], name=Test Subteam 1, colorCode=#FF0000, id=125, subsystems=<uninitialized>}
10:24:45.354 [main] DEBUG org.hibernate.SQL - delete from subteams where id=?
10:24:45.354 [main] DEBUG org.hibernate.orm.jdbc.batch - PreparedStatementDetails did not contain PreparedStatement on #releaseStatements : delete from subteams where id=?
10:24:45.354 [main] DEBUG org.hibernate.orm.jdbc.batch - PreparedStatementDetails did not contain PreparedStatement on #releaseStatements : delete from subteams where id=?
10:24:45.354 [main] DEBUG org.hibernate.resource.jdbc.internal.LogicalConnectionManagedImpl - Initiating JDBC connection release from afterTransaction
10:24:45.354 [main] DEBUG org.hibernate.orm.jdbc.batch - PreparedStatementDetails did not contain PreparedStatement on #releaseStatements : delete from subteams where id=?
10:24:45.354 [main] DEBUG org.hibernate.orm.jdbc.batch - PreparedStatementDetails did not contain PreparedStatement on #releaseStatements : delete from subteams where id=?
10:24:45.354 [main] DEBUG org.hibernate.resource.jdbc.internal.LogicalConnectionManagedImpl - Initiating JDBC connection release from afterTransaction
10:24:45.354 [main] DEBUG org.hibernate.engine.jdbc.internal.JdbcCoordinatorImpl - HHH000420: Closing un-released batch
10:24:45.354 [main] DEBUG org.hibernate.orm.jdbc.batch - PreparedStatementDetails did not contain PreparedStatement on #releaseStatements : delete from subteams where id=?
10:24:45.354 [main] DEBUG org.hibernate.orm.jdbc.batch - PreparedStatementDetails did not contain PreparedStatement on #releaseStatements : delete from subteams where id=?
10:24:45.356 [main] DEBUG org.hibernate.engine.transaction.internal.TransactionImpl - On TransactionImpl creation, JpaCompliance#isJpaTransactionComplianceEnabled == false
10:24:45.356 [main] DEBUG org.hibernate.engine.transaction.internal.TransactionImpl - begin
10:24:45.356 [main] DEBUG org.hibernate.orm.sql.exec - Skipping reading Query result cache data: cache-enabled = false, cache-mode = IGNORE
10:24:45.356 [main] DEBUG org.hibernate.orm.results - Initializer list:
	  org.frcpm.models.Subteam.members.{element}.assignedTasks -> DelayedCollectionInitializer(org.frcpm.models.Subteam.members.{element}.assignedTasks)@579935118 (PluralAttribute(org.frcpm.models.TeamMember.assignedTasks))
	  org.frcpm.models.Subteam.members.{element} -> EntityJoinedFetchInitializer(org.frcpm.models.Subteam.members.{element})@566275733 (EntityCollectionPart(org.frcpm.models.Subteam.members#{element})@880774162)
	  org.frcpm.models.Subteam.members -> BagInitializer(org.frcpm.models.Subteam.members)@58022798 (PluralAttribute(org.frcpm.models.Subteam.members))
	  org.frcpm.models.Subteam.members.{element}.attendances -> SelectEagerCollectionInitializer(org.frcpm.models.Subteam.members.{element}.attendances)@1852292336 (PluralAttribute(org.frcpm.models.TeamMember.attendances))
	  org.frcpm.models.Subteam.subsystems -> DelayedCollectionInitializer(org.frcpm.models.Subteam.subsystems)@1149274073 (PluralAttribute(org.frcpm.models.Subteam.subsystems))
	  org.frcpm.models.Subteam -> EntityResultInitializer(org.frcpm.models.Subteam)@1611677146 (SingleTableEntityPersister(org.frcpm.models.Subteam))

10:24:45.356 [main] DEBUG org.hibernate.SQL - select s1_0.id,s1_0.color_code,s1_0.name,s1_0.specialties,m1_0.subteam_id,m1_0.id,m1_0.email,m1_0.first_name,m1_0.last_name,m1_0.is_leader,m1_0.phone,m1_0.skills,m1_0.username from subteams s1_0 left join team_members m1_0 on s1_0.id=m1_0.subteam_id where s1_0.id=?
10:24:45.357 [main] DEBUG org.hibernate.orm.results.loading.entity - (EntityResultInitializer) Hydrated EntityKey (org.frcpm.models.Subteam): 126
10:24:45.357 [main] DEBUG org.hibernate.orm.results.loading.org.hibernate.orm.results.loading.collection - (BagInitializer) Current row collection key : org.frcpm.models.Subteam.members#126
10:24:45.357 [main] DEBUG org.hibernate.orm.results - Extracted JDBC value [4] - [null]
10:24:45.357 [main] DEBUG org.hibernate.orm.results - Extracted JDBC value [5] - [null]
10:24:45.357 [main] DEBUG org.hibernate.orm.results.loading.entity - (EntityJoinedFetchInitializer) EntityKey (org.frcpm.models.Subteam.members.{element}) is null
10:24:45.357 [main] DEBUG org.hibernate.orm.results.loading.org.hibernate.orm.results.loading.collection - (DelayedCollectionInitializer) Current row collection key : org.frcpm.models.Subteam.subsystems#126
10:24:45.357 [main] DEBUG org.hibernate.orm.results.loading.entity - (EntityResultInitializer) Created new entity instance [org.frcpm.models.Subteam#126] : 1522394189
10:24:45.357 [main] DEBUG org.hibernate.orm.results.loading.org.hibernate.orm.results.loading.collection - (BagInitializer) Created new collection wrapper [org.frcpm.models.Subteam.members#126] : org.hibernate.collection.spi.PersistentBag@1000537133
10:24:45.357 [main] DEBUG org.hibernate.orm.results.loading.org.hibernate.orm.results.loading.collection - (BagInitializer) Responsible for loading collection [org.frcpm.models.Subteam.members#126] : org.hibernate.collection.spi.PersistentBag@1000537133
10:24:45.357 [main] DEBUG org.hibernate.orm.results - Extracted JDBC value [1] - [#00FF00]
10:24:45.357 [main] DEBUG org.hibernate.orm.results - Extracted JDBC value [2] - [Test Subteam 2]
10:24:45.357 [main] DEBUG org.hibernate.orm.results - Extracted JDBC value [3] - [CAD, Design, Fabrication]
10:24:45.357 [main] DEBUG org.hibernate.orm.results.loading.entity - (EntityResultInitializer) Done materializing entityInstance : org.frcpm.models.Subteam#126
10:24:45.357 [main] DEBUG org.hibernate.orm.results.loading - Calling top-level assembler (0 / 1) : org.hibernate.sql.results.graph.entity.internal.EntityAssembler@75905c8e
10:24:45.357 [main] DEBUG org.hibernate.sql.results.internal.ResultsHelper - Collection fully initialized: [org.frcpm.models.Subteam.members#126]
10:24:45.358 [main] DEBUG org.hibernate.engine.transaction.internal.TransactionImpl - committing
10:24:45.358 [main] DEBUG org.hibernate.event.internal.AbstractFlushingEventListener - Processing flush-time cascades
10:24:45.358 [main] DEBUG org.hibernate.event.internal.AbstractFlushingEventListener - Dirty checking collections
10:24:45.358 [main] DEBUG org.hibernate.engine.internal.Collections - Collection dereferenced: [org.frcpm.models.Subteam.members#126]
10:24:45.358 [main] DEBUG org.hibernate.engine.internal.Collections - Collection dereferenced: [org.frcpm.models.Subteam.subsystems#126]
10:24:45.358 [main] DEBUG org.hibernate.event.internal.AbstractFlushingEventListener - Flushed: 0 insertions, 0 updates, 1 deletions to 1 objects
10:24:45.358 [main] DEBUG org.hibernate.event.internal.AbstractFlushingEventListener - Flushed: 0 (re)creations, 0 updates, 2 removals to 2 collections
10:24:45.358 [main] DEBUG org.hibernate.internal.util.EntityPrinter - Listing entities:
10:24:45.358 [main] DEBUG org.hibernate.internal.util.EntityPrinter - org.frcpm.models.Subteam{specialties=CAD, Design, Fabrication, members=[], name=Test Subteam 2, colorCode=#00FF00, id=126, subsystems=<uninitialized>}
10:24:45.358 [main] DEBUG org.hibernate.SQL - delete from subteams where id=?
10:24:45.358 [main] DEBUG org.hibernate.orm.jdbc.batch - PreparedStatementDetails did not contain PreparedStatement on #releaseStatements : delete from subteams where id=?
10:24:45.359 [main] DEBUG org.hibernate.orm.jdbc.batch - PreparedStatementDetails did not contain PreparedStatement on #releaseStatements : delete from subteams where id=?
10:24:45.359 [main] DEBUG org.hibernate.resource.jdbc.internal.LogicalConnectionManagedImpl - Initiating JDBC connection release from afterTransaction
10:24:45.359 [main] DEBUG org.hibernate.orm.jdbc.batch - PreparedStatementDetails did not contain PreparedStatement on #releaseStatements : delete from subteams where id=?
10:24:45.359 [main] DEBUG org.hibernate.orm.jdbc.batch - PreparedStatementDetails did not contain PreparedStatement on #releaseStatements : delete from subteams where id=?
10:24:45.359 [main] DEBUG org.hibernate.resource.jdbc.internal.LogicalConnectionManagedImpl - Initiating JDBC connection release from afterTransaction
10:24:45.359 [main] DEBUG org.hibernate.engine.jdbc.internal.JdbcCoordinatorImpl - HHH000420: Closing un-released batch
10:24:45.359 [main] DEBUG org.hibernate.orm.jdbc.batch - PreparedStatementDetails did not contain PreparedStatement on #releaseStatements : delete from subteams where id=?
10:24:45.359 [main] DEBUG org.hibernate.orm.jdbc.batch - PreparedStatementDetails did not contain PreparedStatement on #releaseStatements : delete from subteams where id=?
10:24:45.359 [main] DEBUG org.hibernate.internal.SessionFactoryImpl - HHH000031: Closing
10:24:45.359 [main] DEBUG org.hibernate.type.spi.TypeConfiguration$Scope - Un-scoping TypeConfiguration [org.hibernate.type.spi.TypeConfiguration$Scope@6c558e53] from SessionFactory [org.hibernate.internal.SessionFactoryImpl@1dd62767]
10:24:45.359 [main] DEBUG org.hibernate.service.internal.AbstractServiceRegistryImpl - Implicitly destroying ServiceRegistry on de-registration of all child ServiceRegistries
10:24:45.359 [main] INFO com.zaxxer.hikari.HikariDataSource - FRC-PM-HikariCP - Shutdown initiated...
10:24:45.359 [main] DEBUG com.zaxxer.hikari.pool.HikariPool - FRC-PM-HikariCP - Before shutdown stats (total=2, active=0, idle=2, waiting=0)
10:24:45.360 [FRC-PM-HikariCP connection closer] DEBUG com.zaxxer.hikari.pool.PoolBase - FRC-PM-HikariCP - Closing connection conn124: url=jdbc:h2:file:C:\Users\dhiebert\.frcpm\frcpm user=SA: (connection evicted)
10:24:45.360 [FRC-PM-HikariCP connection closer] DEBUG com.zaxxer.hikari.pool.PoolBase - FRC-PM-HikariCP - Closing connection conn125: url=jdbc:h2:file:C:\Users\dhiebert\.frcpm\frcpm user=SA: (connection evicted)
10:24:45.380 [FRC-PM-HikariCP connection adder] DEBUG com.zaxxer.hikari.pool.HikariPool - FRC-PM-HikariCP - After adding stats (total=0, active=0, idle=0, waiting=0)
10:24:45.380 [FRC-PM-HikariCP connection adder] DEBUG com.zaxxer.hikari.pool.HikariPool - FRC-PM-HikariCP - Connection not added, stats (total=0, active=0, idle=0, waiting=0)
10:24:45.567 [main] DEBUG com.zaxxer.hikari.pool.HikariPool - FRC-PM-HikariCP - After shutdown stats (total=0, active=0, idle=0, waiting=0)
10:24:45.567 [main] INFO com.zaxxer.hikari.HikariDataSource - FRC-PM-HikariCP - Shutdown completed.
10:24:45.568 [main] DEBUG org.hibernate.boot.registry.internal.BootstrapServiceRegistryImpl - Implicitly destroying Boot-strap registry on de-registration of all child ServiceRegistries
]]></system-out>
    <system-err><![CDATA[Apr 25, 2025 10:24:45 AM org.frcpm.config.DatabaseConfig initialize
INFO: Initializing database configuration...
Apr 25, 2025 10:24:45 AM org.frcpm.config.DatabaseConfig initialize
INFO: Using FILE-BASED database at: file:C:\Users\dhiebert\.frcpm\frcpm
Apr 25, 2025 10:24:45 AM org.frcpm.config.DatabaseConfig initialize
INFO: Using JDBC URL: jdbc:h2:file:C:\Users\dhiebert\.frcpm\frcpm
Apr 25, 2025 10:24:45 AM org.frcpm.config.DatabaseConfig initialize
INFO: Using schema mode: update
Apr 25, 2025 10:24:45 AM org.frcpm.config.DatabaseConfig initialize
INFO: Database configuration initialized successfully in PRODUCTION mode
Apr 25, 2025 10:24:45 AM org.frcpm.config.DatabaseConfig shutdown
INFO: Database configuration shut down
]]></system-err>
  </testcase>
  <testcase name="testDelete" classname="org.frcpm.repositories.SubteamRepositoryTest" time="0.455">
    <system-out><![CDATA[10:24:45.577 [main] DEBUG org.hibernate.jpa.HibernatePersistenceProvider - Located and parsed 1 persistence units; checking each
10:24:45.577 [main] DEBUG org.hibernate.jpa.HibernatePersistenceProvider - Checking persistence-unit [name=frcpm, explicit-provider=org.hibernate.jpa.HibernatePersistenceProvider] against incoming persistence unit name [frcpm]
10:24:45.577 [main] DEBUG org.hibernate.jpa.boot.spi.ProviderChecker - Persistence-unit [frcpm] requested PersistenceProvider [org.hibernate.jpa.HibernatePersistenceProvider]
10:24:45.577 [main] DEBUG org.hibernate.jpa.internal.util.LogHelper - PersistenceUnitInfo [
	name: frcpm
	persistence provider classname: org.hibernate.jpa.HibernatePersistenceProvider
	classloader: null
	excludeUnlistedClasses: false
	JTA datasource: null
	Non JTA datasource: null
	Transaction type: RESOURCE_LOCAL
	PU root URL: file:/C:/Users/dhiebert/Local%20Repositories/Project%20Management%202.0/target/classes
	Shared Cache Mode: null
	Validation Mode: null
	Jar files URLs []
	Managed classes names [
		org.frcpm.models.Project
		org.frcpm.models.Subteam
		org.frcpm.models.TeamMember
		org.frcpm.models.Subsystem
		org.frcpm.models.Task
		org.frcpm.models.Component
		org.frcpm.models.Meeting
		org.frcpm.models.Attendance
		org.frcpm.models.Milestone]
	Mapping files names []
	Properties [
		hibernate.connection.handling_mode: DELAYED_ACQUISITION_AND_RELEASE_AFTER_STATEMENT
		jakarta.persistence.jdbc.url: jdbc:h2:file:C:\Users\dhiebert\.frcpm\frcpm
		hibernate.jdbc.batch_versioned_data: null
		hibernate.cache.use_second_level_cache: null
		hibernate.show_sql: null
		jakarta.persistence.jdbc.driver: org.h2.Driver
		hibernate.jdbc.batch_size: 30
		jakarta.persistence.jdbc.user: sa
		hibernate.generate_statistics: null
		hibernate.hbm2ddl.auto: update
		hibernate.cache.use_query_cache: null
		hibernate.hikari.maximumPoolSize: 10
		hibernate.hikari.idleTimeout: 30000
		hibernate.format_sql: null
		hibernate.hikari.minimumIdle: 2
		hibernate.use_sql_comments: null
		hibernate.order_inserts: null
		hibernate.current_session_context_class: thread
		hibernate.connection.provider_class: org.hibernate.hikaricp.internal.HikariCPConnectionProvider
		hibernate.hikari.connectionTimeout: 10000
		hibernate.hikari.poolName: FRC-PM-HikariCP
		hibernate.order_updates: null
		hibernate.dialect: org.hibernate.dialect.H2Dialect
		jakarta.persistence.jdbc.password: ]
10:24:45.577 [main] DEBUG org.hibernate.integrator.internal.IntegratorServiceImpl - Adding Integrator [org.hibernate.boot.beanvalidation.BeanValidationIntegrator].
10:24:45.577 [main] DEBUG org.hibernate.integrator.internal.IntegratorServiceImpl - Adding Integrator [org.hibernate.cache.internal.CollectionCacheInvalidator].
10:24:45.581 [main] DEBUG org.hibernate.orm.idgen.factory - Ignoring CDI for resolving IdentifierGenerator instances as extended or delayed CDI support was enabled
10:24:45.582 [main] DEBUG org.hibernate.orm.idgen.factory - Registering IdentifierGenerator strategy [uuid2] -> [org.hibernate.id.UUIDGenerator]
10:24:45.582 [main] DEBUG org.hibernate.orm.idgen.factory - Registering IdentifierGenerator strategy [guid] -> [org.hibernate.id.GUIDGenerator]
10:24:45.582 [main] DEBUG org.hibernate.orm.idgen.factory - Registering IdentifierGenerator strategy [uuid] -> [org.hibernate.id.UUIDHexGenerator]
10:24:45.582 [main] DEBUG org.hibernate.orm.idgen.factory - Registering IdentifierGenerator strategy [uuid.hex] -> [org.hibernate.id.UUIDHexGenerator]
10:24:45.582 [main] DEBUG org.hibernate.orm.idgen.factory - Registering IdentifierGenerator strategy [assigned] -> [org.hibernate.id.Assigned]
10:24:45.582 [main] DEBUG org.hibernate.orm.idgen.factory - Registering IdentifierGenerator strategy [identity] -> [org.hibernate.id.IdentityGenerator]
10:24:45.582 [main] DEBUG org.hibernate.orm.idgen.factory - Registering IdentifierGenerator strategy [select] -> [org.hibernate.id.SelectGenerator]
10:24:45.582 [main] DEBUG org.hibernate.orm.idgen.factory - Registering IdentifierGenerator strategy [sequence] -> [org.hibernate.id.enhanced.SequenceStyleGenerator]
10:24:45.582 [main] DEBUG org.hibernate.orm.idgen.factory - Registering IdentifierGenerator strategy [increment] -> [org.hibernate.id.IncrementGenerator]
10:24:45.582 [main] DEBUG org.hibernate.orm.idgen.factory - Registering IdentifierGenerator strategy [foreign] -> [org.hibernate.id.ForeignGenerator]
10:24:45.582 [main] DEBUG org.hibernate.orm.idgen.factory - Registering IdentifierGenerator strategy [enhanced-sequence] -> [org.hibernate.id.enhanced.SequenceStyleGenerator]
10:24:45.582 [main] DEBUG org.hibernate.orm.idgen.factory - Registering IdentifierGenerator strategy [enhanced-table] -> [org.hibernate.id.enhanced.TableGenerator]
10:24:45.582 [main] INFO org.hibernate.cache.internal.RegionFactoryInitiator - HHH000026: Second-level cache disabled
10:24:45.582 [main] DEBUG org.hibernate.type.BasicTypeRegistry - Adding type registration boolean -> org.hibernate.type.BasicTypeReference@2f4919b0
10:24:45.582 [main] DEBUG org.hibernate.type.BasicTypeRegistry - Adding type registration boolean -> org.hibernate.type.BasicTypeReference@2f4919b0
10:24:45.582 [main] DEBUG org.hibernate.type.BasicTypeRegistry - Adding type registration java.lang.Boolean -> org.hibernate.type.BasicTypeReference@2f4919b0
10:24:45.582 [main] DEBUG org.hibernate.type.BasicTypeRegistry - Adding type registration numeric_boolean -> org.hibernate.type.BasicTypeReference@a8a8b75
10:24:45.582 [main] DEBUG org.hibernate.type.BasicTypeRegistry - Adding type registration org.hibernate.type.NumericBooleanConverter -> org.hibernate.type.BasicTypeReference@a8a8b75
10:24:45.582 [main] DEBUG org.hibernate.type.BasicTypeRegistry - Adding type registration true_false -> org.hibernate.type.BasicTypeReference@75b21c3b
10:24:45.582 [main] DEBUG org.hibernate.type.BasicTypeRegistry - Adding type registration org.hibernate.type.TrueFalseConverter -> org.hibernate.type.BasicTypeReference@75b21c3b
10:24:45.582 [main] DEBUG org.hibernate.type.BasicTypeRegistry - Adding type registration yes_no -> org.hibernate.type.BasicTypeReference@72be135f
10:24:45.582 [main] DEBUG org.hibernate.type.BasicTypeRegistry - Adding type registration org.hibernate.type.YesNoConverter -> org.hibernate.type.BasicTypeReference@72be135f
10:24:45.582 [main] DEBUG org.hibernate.type.BasicTypeRegistry - Adding type registration byte -> org.hibernate.type.BasicTypeReference@155d1021
10:24:45.582 [main] DEBUG org.hibernate.type.BasicTypeRegistry - Adding type registration byte -> org.hibernate.type.BasicTypeReference@155d1021
10:24:45.582 [main] DEBUG org.hibernate.type.BasicTypeRegistry - Adding type registration java.lang.Byte -> org.hibernate.type.BasicTypeReference@155d1021
10:24:45.582 [main] DEBUG org.hibernate.type.BasicTypeRegistry - Adding type registration binary -> org.hibernate.type.BasicTypeReference@4bd2f0dc
10:24:45.582 [main] DEBUG org.hibernate.type.BasicTypeRegistry - Adding type registration byte[] -> org.hibernate.type.BasicTypeReference@4bd2f0dc
10:24:45.582 [main] DEBUG org.hibernate.type.BasicTypeRegistry - Adding type registration [B -> org.hibernate.type.BasicTypeReference@4bd2f0dc
10:24:45.582 [main] DEBUG org.hibernate.type.BasicTypeRegistry - Adding type registration binary_wrapper -> org.hibernate.type.BasicTypeReference@2e647e59
10:24:45.582 [main] DEBUG org.hibernate.type.BasicTypeRegistry - Adding type registration wrapper-binary -> org.hibernate.type.BasicTypeReference@2e647e59
10:24:45.582 [main] DEBUG org.hibernate.type.BasicTypeRegistry - Adding type registration image -> org.hibernate.type.BasicTypeReference@2c42b421
10:24:45.582 [main] DEBUG org.hibernate.type.BasicTypeRegistry - Adding type registration blob -> org.hibernate.type.BasicTypeReference@51e37590
10:24:45.582 [main] DEBUG org.hibernate.type.BasicTypeRegistry - Adding type registration java.sql.Blob -> org.hibernate.type.BasicTypeReference@51e37590
10:24:45.582 [main] DEBUG org.hibernate.type.BasicTypeRegistry - Adding type registration materialized_blob -> org.hibernate.type.BasicTypeReference@deb3b60
10:24:45.582 [main] DEBUG org.hibernate.type.BasicTypeRegistry - Adding type registration materialized_blob_wrapper -> org.hibernate.type.BasicTypeReference@701a32
10:24:45.582 [main] DEBUG org.hibernate.type.BasicTypeRegistry - Adding type registration short -> org.hibernate.type.BasicTypeReference@39aa45a1
10:24:45.582 [main] DEBUG org.hibernate.type.BasicTypeRegistry - Adding type registration short -> org.hibernate.type.BasicTypeReference@39aa45a1
10:24:45.582 [main] DEBUG org.hibernate.type.BasicTypeRegistry - Adding type registration java.lang.Short -> org.hibernate.type.BasicTypeReference@39aa45a1
10:24:45.582 [main] DEBUG org.hibernate.type.BasicTypeRegistry - Adding type registration integer -> org.hibernate.type.BasicTypeReference@73aff8f1
10:24:45.582 [main] DEBUG org.hibernate.type.BasicTypeRegistry - Adding type registration int -> org.hibernate.type.BasicTypeReference@73aff8f1
10:24:45.582 [main] DEBUG org.hibernate.type.BasicTypeRegistry - Adding type registration java.lang.Integer -> org.hibernate.type.BasicTypeReference@73aff8f1
10:24:45.582 [main] DEBUG org.hibernate.type.BasicTypeRegistry - Adding type registration long -> org.hibernate.type.BasicTypeReference@27cbfddf
10:24:45.582 [main] DEBUG org.hibernate.type.BasicTypeRegistry - Adding type registration long -> org.hibernate.type.BasicTypeReference@27cbfddf
10:24:45.582 [main] DEBUG org.hibernate.type.BasicTypeRegistry - Adding type registration java.lang.Long -> org.hibernate.type.BasicTypeReference@27cbfddf
10:24:45.582 [main] DEBUG org.hibernate.type.BasicTypeRegistry - Adding type registration float -> org.hibernate.type.BasicTypeReference@27ead29e
10:24:45.582 [main] DEBUG org.hibernate.type.BasicTypeRegistry - Adding type registration float -> org.hibernate.type.BasicTypeReference@27ead29e
10:24:45.582 [main] DEBUG org.hibernate.type.BasicTypeRegistry - Adding type registration java.lang.Float -> org.hibernate.type.BasicTypeReference@27ead29e
10:24:45.582 [main] DEBUG org.hibernate.type.BasicTypeRegistry - Adding type registration double -> org.hibernate.type.BasicTypeReference@4c060c8f
10:24:45.582 [main] DEBUG org.hibernate.type.BasicTypeRegistry - Adding type registration double -> org.hibernate.type.BasicTypeReference@4c060c8f
10:24:45.582 [main] DEBUG org.hibernate.type.BasicTypeRegistry - Adding type registration java.lang.Double -> org.hibernate.type.BasicTypeReference@4c060c8f
10:24:45.582 [main] DEBUG org.hibernate.type.BasicTypeRegistry - Adding type registration big_integer -> org.hibernate.type.BasicTypeReference@40620d8e
10:24:45.582 [main] DEBUG org.hibernate.type.BasicTypeRegistry - Adding type registration java.math.BigInteger -> org.hibernate.type.BasicTypeReference@40620d8e
10:24:45.582 [main] DEBUG org.hibernate.type.BasicTypeRegistry - Adding type registration big_decimal -> org.hibernate.type.BasicTypeReference@383f3558
10:24:45.582 [main] DEBUG org.hibernate.type.BasicTypeRegistry - Adding type registration java.math.BigDecimal -> org.hibernate.type.BasicTypeReference@383f3558
10:24:45.582 [main] DEBUG org.hibernate.type.BasicTypeRegistry - Adding type registration character -> org.hibernate.type.BasicTypeReference@49b07ee3
10:24:45.582 [main] DEBUG org.hibernate.type.BasicTypeRegistry - Adding type registration char -> org.hibernate.type.BasicTypeReference@49b07ee3
10:24:45.582 [main] DEBUG org.hibernate.type.BasicTypeRegistry - Adding type registration java.lang.Character -> org.hibernate.type.BasicTypeReference@49b07ee3
10:24:45.582 [main] DEBUG org.hibernate.type.BasicTypeRegistry - Adding type registration character_nchar -> org.hibernate.type.BasicTypeReference@352e612e
10:24:45.582 [main] DEBUG org.hibernate.type.BasicTypeRegistry - Adding type registration string -> org.hibernate.type.BasicTypeReference@65f00478
10:24:45.582 [main] DEBUG org.hibernate.type.BasicTypeRegistry - Adding type registration java.lang.String -> org.hibernate.type.BasicTypeReference@65f00478
10:24:45.582 [main] DEBUG org.hibernate.type.BasicTypeRegistry - Adding type registration nstring -> org.hibernate.type.BasicTypeReference@2424686b
10:24:45.582 [main] DEBUG org.hibernate.type.BasicTypeRegistry - Adding type registration characters -> org.hibernate.type.BasicTypeReference@6ea94d6a
10:24:45.582 [main] DEBUG org.hibernate.type.BasicTypeRegistry - Adding type registration char[] -> org.hibernate.type.BasicTypeReference@6ea94d6a
10:24:45.582 [main] DEBUG org.hibernate.type.BasicTypeRegistry - Adding type registration [C -> org.hibernate.type.BasicTypeReference@6ea94d6a
10:24:45.582 [main] DEBUG org.hibernate.type.BasicTypeRegistry - Adding type registration wrapper-characters -> org.hibernate.type.BasicTypeReference@28486680
10:24:45.582 [main] DEBUG org.hibernate.type.BasicTypeRegistry - Adding type registration text -> org.hibernate.type.BasicTypeReference@4d7e7435
10:24:45.582 [main] DEBUG org.hibernate.type.BasicTypeRegistry - Adding type registration ntext -> org.hibernate.type.BasicTypeReference@4a1e3ac1
10:24:45.582 [main] DEBUG org.hibernate.type.BasicTypeRegistry - Adding type registration clob -> org.hibernate.type.BasicTypeReference@6e78fcf5
10:24:45.582 [main] DEBUG org.hibernate.type.BasicTypeRegistry - Adding type registration java.sql.Clob -> org.hibernate.type.BasicTypeReference@6e78fcf5
10:24:45.582 [main] DEBUG org.hibernate.type.BasicTypeRegistry - Adding type registration nclob -> org.hibernate.type.BasicTypeReference@56febdc
10:24:45.582 [main] DEBUG org.hibernate.type.BasicTypeRegistry - Adding type registration java.sql.NClob -> org.hibernate.type.BasicTypeReference@56febdc
10:24:45.582 [main] DEBUG org.hibernate.type.BasicTypeRegistry - Adding type registration materialized_clob -> org.hibernate.type.BasicTypeReference@3b8ee898
10:24:45.582 [main] DEBUG org.hibernate.type.BasicTypeRegistry - Adding type registration materialized_clob_char_array -> org.hibernate.type.BasicTypeReference@7d151a
10:24:45.582 [main] DEBUG org.hibernate.type.BasicTypeRegistry - Adding type registration materialized_clob_character_array -> org.hibernate.type.BasicTypeReference@294bdeb4
10:24:45.582 [main] DEBUG org.hibernate.type.BasicTypeRegistry - Adding type registration materialized_nclob -> org.hibernate.type.BasicTypeReference@5300f14a
10:24:45.582 [main] DEBUG org.hibernate.type.BasicTypeRegistry - Adding type registration materialized_nclob_character_array -> org.hibernate.type.BasicTypeReference@1f86099a
10:24:45.582 [main] DEBUG org.hibernate.type.BasicTypeRegistry - Adding type registration materialized_nclob_char_array -> org.hibernate.type.BasicTypeReference@77bb0ab5
10:24:45.582 [main] DEBUG org.hibernate.type.BasicTypeRegistry - Adding type registration Duration -> org.hibernate.type.BasicTypeReference@f2c488
10:24:45.582 [main] DEBUG org.hibernate.type.BasicTypeRegistry - Adding type registration java.time.Duration -> org.hibernate.type.BasicTypeReference@f2c488
10:24:45.582 [main] DEBUG org.hibernate.type.BasicTypeRegistry - Adding type registration LocalDateTime -> org.hibernate.type.BasicTypeReference@54acff7d
10:24:45.582 [main] DEBUG org.hibernate.type.BasicTypeRegistry - Adding type registration java.time.LocalDateTime -> org.hibernate.type.BasicTypeReference@54acff7d
10:24:45.582 [main] DEBUG org.hibernate.type.BasicTypeRegistry - Adding type registration LocalDate -> org.hibernate.type.BasicTypeReference@7bc9e6ab
10:24:45.582 [main] DEBUG org.hibernate.type.BasicTypeRegistry - Adding type registration java.time.LocalDate -> org.hibernate.type.BasicTypeReference@7bc9e6ab
10:24:45.582 [main] DEBUG org.hibernate.type.BasicTypeRegistry - Adding type registration LocalTime -> org.hibernate.type.BasicTypeReference@5488b5c5
10:24:45.582 [main] DEBUG org.hibernate.type.BasicTypeRegistry - Adding type registration java.time.LocalTime -> org.hibernate.type.BasicTypeReference@5488b5c5
10:24:45.582 [main] DEBUG org.hibernate.type.BasicTypeRegistry - Adding type registration OffsetDateTime -> org.hibernate.type.BasicTypeReference@4248ed58
10:24:45.582 [main] DEBUG org.hibernate.type.BasicTypeRegistry - Adding type registration java.time.OffsetDateTime -> org.hibernate.type.BasicTypeReference@4248ed58
10:24:45.582 [main] DEBUG org.hibernate.type.BasicTypeRegistry - Adding type registration OffsetDateTimeWithTimezone -> org.hibernate.type.BasicTypeReference@712ca57b
10:24:45.582 [main] DEBUG org.hibernate.type.BasicTypeRegistry - Adding type registration OffsetDateTimeWithoutTimezone -> org.hibernate.type.BasicTypeReference@4564e94b
10:24:45.582 [main] DEBUG org.hibernate.type.BasicTypeRegistry - Adding type registration OffsetTime -> org.hibernate.type.BasicTypeReference@54534abf
10:24:45.582 [main] DEBUG org.hibernate.type.BasicTypeRegistry - Adding type registration java.time.OffsetTime -> org.hibernate.type.BasicTypeReference@54534abf
10:24:45.582 [main] DEBUG org.hibernate.type.BasicTypeRegistry - Adding type registration OffsetTimeUtc -> org.hibernate.type.BasicTypeReference@51745f40
10:24:45.582 [main] DEBUG org.hibernate.type.BasicTypeRegistry - Adding type registration OffsetTimeWithTimezone -> org.hibernate.type.BasicTypeReference@45673f68
10:24:45.582 [main] DEBUG org.hibernate.type.BasicTypeRegistry - Adding type registration OffsetTimeWithoutTimezone -> org.hibernate.type.BasicTypeReference@27abb83e
10:24:45.582 [main] DEBUG org.hibernate.type.BasicTypeRegistry - Adding type registration ZonedDateTime -> org.hibernate.type.BasicTypeReference@69e308c6
10:24:45.582 [main] DEBUG org.hibernate.type.BasicTypeRegistry - Adding type registration java.time.ZonedDateTime -> org.hibernate.type.BasicTypeReference@69e308c6
10:24:45.582 [main] DEBUG org.hibernate.type.BasicTypeRegistry - Adding type registration ZonedDateTimeWithTimezone -> org.hibernate.type.BasicTypeReference@1a1ed4e5
10:24:45.582 [main] DEBUG org.hibernate.type.BasicTypeRegistry - Adding type registration ZonedDateTimeWithoutTimezone -> org.hibernate.type.BasicTypeReference@667e34b1
10:24:45.582 [main] DEBUG org.hibernate.type.BasicTypeRegistry - Adding type registration date -> org.hibernate.type.BasicTypeReference@1c6e0a08
10:24:45.582 [main] DEBUG org.hibernate.type.BasicTypeRegistry - Adding type registration java.sql.Date -> org.hibernate.type.BasicTypeReference@1c6e0a08
10:24:45.582 [main] DEBUG org.hibernate.type.BasicTypeRegistry - Adding type registration time -> org.hibernate.type.BasicTypeReference@6dba847b
10:24:45.582 [main] DEBUG org.hibernate.type.BasicTypeRegistry - Adding type registration java.sql.Time -> org.hibernate.type.BasicTypeReference@6dba847b
10:24:45.582 [main] DEBUG org.hibernate.type.BasicTypeRegistry - Adding type registration timestamp -> org.hibernate.type.BasicTypeReference@1efdcd5
10:24:45.582 [main] DEBUG org.hibernate.type.BasicTypeRegistry - Adding type registration java.sql.Timestamp -> org.hibernate.type.BasicTypeReference@1efdcd5
10:24:45.583 [main] DEBUG org.hibernate.type.BasicTypeRegistry - Adding type registration java.util.Date -> org.hibernate.type.BasicTypeReference@1efdcd5
10:24:45.583 [main] DEBUG org.hibernate.type.BasicTypeRegistry - Adding type registration calendar -> org.hibernate.type.BasicTypeReference@1623bbe5
10:24:45.583 [main] DEBUG org.hibernate.type.BasicTypeRegistry - Adding type registration java.util.Calendar -> org.hibernate.type.BasicTypeReference@1623bbe5
10:24:45.583 [main] DEBUG org.hibernate.type.BasicTypeRegistry - Adding type registration java.util.GregorianCalendar -> org.hibernate.type.BasicTypeReference@1623bbe5
10:24:45.583 [main] DEBUG org.hibernate.type.BasicTypeRegistry - Adding type registration calendar_date -> org.hibernate.type.BasicTypeReference@7af1cd63
10:24:45.583 [main] DEBUG org.hibernate.type.BasicTypeRegistry - Adding type registration calendar_time -> org.hibernate.type.BasicTypeReference@4351171a
10:24:45.583 [main] DEBUG org.hibernate.type.BasicTypeRegistry - Adding type registration instant -> org.hibernate.type.BasicTypeReference@3c2772d1
10:24:45.583 [main] DEBUG org.hibernate.type.BasicTypeRegistry - Adding type registration java.time.Instant -> org.hibernate.type.BasicTypeReference@3c2772d1
10:24:45.583 [main] DEBUG org.hibernate.type.BasicTypeRegistry - Adding type registration uuid -> org.hibernate.type.BasicTypeReference@37d00a23
10:24:45.583 [main] DEBUG org.hibernate.type.BasicTypeRegistry - Adding type registration java.util.UUID -> org.hibernate.type.BasicTypeReference@37d00a23
10:24:45.583 [main] DEBUG org.hibernate.type.BasicTypeRegistry - Adding type registration pg-uuid -> org.hibernate.type.BasicTypeReference@37d00a23
10:24:45.583 [main] DEBUG org.hibernate.type.BasicTypeRegistry - Adding type registration uuid-binary -> org.hibernate.type.BasicTypeReference@433e536f
10:24:45.583 [main] DEBUG org.hibernate.type.BasicTypeRegistry - Adding type registration uuid-char -> org.hibernate.type.BasicTypeReference@89c65d5
10:24:45.583 [main] DEBUG org.hibernate.type.BasicTypeRegistry - Adding type registration class -> org.hibernate.type.BasicTypeReference@faa3fed
10:24:45.583 [main] DEBUG org.hibernate.type.BasicTypeRegistry - Adding type registration java.lang.Class -> org.hibernate.type.BasicTypeReference@faa3fed
10:24:45.583 [main] DEBUG org.hibernate.type.BasicTypeRegistry - Adding type registration currency -> org.hibernate.type.BasicTypeReference@988246e
10:24:45.583 [main] DEBUG org.hibernate.type.BasicTypeRegistry - Adding type registration Currency -> org.hibernate.type.BasicTypeReference@988246e
10:24:45.583 [main] DEBUG org.hibernate.type.BasicTypeRegistry - Adding type registration java.util.Currency -> org.hibernate.type.BasicTypeReference@988246e
10:24:45.583 [main] DEBUG org.hibernate.type.BasicTypeRegistry - Adding type registration locale -> org.hibernate.type.BasicTypeReference@62515a47
10:24:45.583 [main] DEBUG org.hibernate.type.BasicTypeRegistry - Adding type registration java.util.Locale -> org.hibernate.type.BasicTypeReference@62515a47
10:24:45.583 [main] DEBUG org.hibernate.type.BasicTypeRegistry - Adding type registration serializable -> org.hibernate.type.BasicTypeReference@3c5a54b7
10:24:45.583 [main] DEBUG org.hibernate.type.BasicTypeRegistry - Adding type registration java.io.Serializable -> org.hibernate.type.BasicTypeReference@3c5a54b7
10:24:45.583 [main] DEBUG org.hibernate.type.BasicTypeRegistry - Adding type registration timezone -> org.hibernate.type.BasicTypeReference@61f2c3f0
10:24:45.583 [main] DEBUG org.hibernate.type.BasicTypeRegistry - Adding type registration java.util.TimeZone -> org.hibernate.type.BasicTypeReference@61f2c3f0
10:24:45.583 [main] DEBUG org.hibernate.type.BasicTypeRegistry - Adding type registration ZoneOffset -> org.hibernate.type.BasicTypeReference@291120f4
10:24:45.583 [main] DEBUG org.hibernate.type.BasicTypeRegistry - Adding type registration java.time.ZoneOffset -> org.hibernate.type.BasicTypeReference@291120f4
10:24:45.583 [main] DEBUG org.hibernate.type.BasicTypeRegistry - Adding type registration url -> org.hibernate.type.BasicTypeReference@417ad4f3
10:24:45.583 [main] DEBUG org.hibernate.type.BasicTypeRegistry - Adding type registration java.net.URL -> org.hibernate.type.BasicTypeReference@417ad4f3
10:24:45.583 [main] DEBUG org.hibernate.type.BasicTypeRegistry - Adding type registration vector -> org.hibernate.type.BasicTypeReference@2f6bcf87
10:24:45.583 [main] DEBUG org.hibernate.type.BasicTypeRegistry - Adding type registration row_version -> org.hibernate.type.BasicTypeReference@58f174d9
10:24:45.583 [main] DEBUG org.hibernate.type.BasicTypeRegistry - Adding type registration object -> org.hibernate.type.JavaObjectType@34237b90
10:24:45.583 [main] DEBUG org.hibernate.type.BasicTypeRegistry - Adding type registration java.lang.Object -> org.hibernate.type.JavaObjectType@34237b90
10:24:45.583 [main] DEBUG org.hibernate.type.BasicTypeRegistry - Adding type registration null -> org.hibernate.type.NullType@267bbe1a
10:24:45.583 [main] DEBUG org.hibernate.type.BasicTypeRegistry - Adding type registration imm_date -> org.hibernate.type.BasicTypeReference@75c652ca
10:24:45.583 [main] DEBUG org.hibernate.type.BasicTypeRegistry - Adding type registration imm_time -> org.hibernate.type.BasicTypeReference@722f9fd9
10:24:45.583 [main] DEBUG org.hibernate.type.BasicTypeRegistry - Adding type registration imm_timestamp -> org.hibernate.type.BasicTypeReference@691efbf3
10:24:45.583 [main] DEBUG org.hibernate.type.BasicTypeRegistry - Adding type registration imm_calendar -> org.hibernate.type.BasicTypeReference@b203be8
10:24:45.583 [main] DEBUG org.hibernate.type.BasicTypeRegistry - Adding type registration imm_calendar_date -> org.hibernate.type.BasicTypeReference@4cb76844
10:24:45.583 [main] DEBUG org.hibernate.type.BasicTypeRegistry - Adding type registration imm_calendar_time -> org.hibernate.type.BasicTypeReference@4268f75c
10:24:45.583 [main] DEBUG org.hibernate.type.BasicTypeRegistry - Adding type registration imm_binary -> org.hibernate.type.BasicTypeReference@5c374d81
10:24:45.583 [main] DEBUG org.hibernate.type.BasicTypeRegistry - Adding type registration imm_serializable -> org.hibernate.type.BasicTypeReference@56c2c294
10:24:45.588 [main] DEBUG org.hibernate.boot.internal.BootstrapContextImpl - Injecting ScanEnvironment [org.hibernate.jpa.boot.internal.StandardJpaScanEnvironmentImpl@21407540] into BootstrapContext; was [null]
10:24:45.588 [main] DEBUG org.hibernate.boot.internal.BootstrapContextImpl - Injecting ScanOptions [org.hibernate.boot.archive.scan.internal.StandardScanOptions@2417b423] into BootstrapContext; was [org.hibernate.boot.archive.scan.internal.StandardScanOptions@42aabe65]
10:24:45.631 [main] DEBUG org.hibernate.boot.internal.BootstrapContextImpl - Injecting JPA temp ClassLoader [null] into BootstrapContext; was [null]
10:24:45.631 [main] DEBUG org.hibernate.boot.internal.ClassLoaderAccessImpl - ClassLoaderAccessImpl#injectTempClassLoader(null) [was null]
10:24:45.632 [main] INFO org.hibernate.engine.jdbc.connections.internal.ConnectionProviderInitiator - HHH000130: Instantiating explicit connection provider: org.hibernate.hikaricp.internal.HikariCPConnectionProvider
10:24:45.632 [main] DEBUG org.hibernate.hikaricp.internal.HikariCPConnectionProvider - Configuring HikariCP
10:24:45.632 [main] DEBUG com.zaxxer.hikari.HikariConfig - Driver class org.h2.Driver found in Thread context class loader jdk.internal.loader.ClassLoaders$AppClassLoader@70dea4e
10:24:45.632 [main] DEBUG com.zaxxer.hikari.HikariConfig - FRC-PM-HikariCP - configuration:
10:24:45.632 [main] DEBUG com.zaxxer.hikari.HikariConfig - allowPoolSuspension.............false
10:24:45.632 [main] DEBUG com.zaxxer.hikari.HikariConfig - autoCommit......................true
10:24:45.632 [main] DEBUG com.zaxxer.hikari.HikariConfig - catalog.........................none
10:24:45.632 [main] DEBUG com.zaxxer.hikari.HikariConfig - connectionInitSql...............none
10:24:45.632 [main] DEBUG com.zaxxer.hikari.HikariConfig - connectionTestQuery.............none
10:24:45.632 [main] DEBUG com.zaxxer.hikari.HikariConfig - connectionTimeout...............10000
10:24:45.632 [main] DEBUG com.zaxxer.hikari.HikariConfig - dataSource......................none
10:24:45.632 [main] DEBUG com.zaxxer.hikari.HikariConfig - dataSourceClassName.............none
10:24:45.632 [main] DEBUG com.zaxxer.hikari.HikariConfig - dataSourceJNDI..................none
10:24:45.632 [main] DEBUG com.zaxxer.hikari.HikariConfig - dataSourceProperties............{password=<masked>}
10:24:45.632 [main] DEBUG com.zaxxer.hikari.HikariConfig - driverClassName................."org.h2.Driver"
10:24:45.632 [main] DEBUG com.zaxxer.hikari.HikariConfig - exceptionOverrideClassName......none
10:24:45.632 [main] DEBUG com.zaxxer.hikari.HikariConfig - healthCheckProperties...........{}
10:24:45.632 [main] DEBUG com.zaxxer.hikari.HikariConfig - healthCheckRegistry.............none
10:24:45.632 [main] DEBUG com.zaxxer.hikari.HikariConfig - idleTimeout.....................30000
10:24:45.632 [main] DEBUG com.zaxxer.hikari.HikariConfig - initializationFailTimeout.......1
10:24:45.632 [main] DEBUG com.zaxxer.hikari.HikariConfig - isolateInternalQueries..........false
10:24:45.632 [main] DEBUG com.zaxxer.hikari.HikariConfig - jdbcUrl.........................jdbc:h2:file:C:\Users\dhiebert\.frcpm\frcpm
10:24:45.632 [main] DEBUG com.zaxxer.hikari.HikariConfig - keepaliveTime...................0
10:24:45.632 [main] DEBUG com.zaxxer.hikari.HikariConfig - leakDetectionThreshold..........0
10:24:45.632 [main] DEBUG com.zaxxer.hikari.HikariConfig - maxLifetime.....................1800000
10:24:45.632 [main] DEBUG com.zaxxer.hikari.HikariConfig - maximumPoolSize.................10
10:24:45.632 [main] DEBUG com.zaxxer.hikari.HikariConfig - metricRegistry..................none
10:24:45.632 [main] DEBUG com.zaxxer.hikari.HikariConfig - metricsTrackerFactory...........none
10:24:45.632 [main] DEBUG com.zaxxer.hikari.HikariConfig - minimumIdle.....................2
10:24:45.632 [main] DEBUG com.zaxxer.hikari.HikariConfig - password........................<masked>
10:24:45.632 [main] DEBUG com.zaxxer.hikari.HikariConfig - poolName........................"FRC-PM-HikariCP"
10:24:45.632 [main] DEBUG com.zaxxer.hikari.HikariConfig - readOnly........................false
10:24:45.632 [main] DEBUG com.zaxxer.hikari.HikariConfig - registerMbeans..................false
10:24:45.632 [main] DEBUG com.zaxxer.hikari.HikariConfig - scheduledExecutor...............none
10:24:45.632 [main] DEBUG com.zaxxer.hikari.HikariConfig - schema..........................none
10:24:45.632 [main] DEBUG com.zaxxer.hikari.HikariConfig - threadFactory...................internal
10:24:45.632 [main] DEBUG com.zaxxer.hikari.HikariConfig - transactionIsolation............default
10:24:45.632 [main] DEBUG com.zaxxer.hikari.HikariConfig - username........................"sa"
10:24:45.632 [main] DEBUG com.zaxxer.hikari.HikariConfig - validationTimeout...............5000
10:24:45.632 [main] INFO com.zaxxer.hikari.HikariDataSource - FRC-PM-HikariCP - Starting...
10:24:45.643 [main] INFO com.zaxxer.hikari.pool.HikariPool - FRC-PM-HikariCP - Added connection conn126: url=jdbc:h2:file:C:\Users\dhiebert\.frcpm\frcpm user=SA
10:24:45.643 [main] INFO com.zaxxer.hikari.HikariDataSource - FRC-PM-HikariCP - Start completed.
10:24:45.643 [main] DEBUG org.hibernate.hikaricp.internal.HikariCPConnectionProvider - HikariCP Configured
10:24:45.643 [main] DEBUG org.hibernate.engine.jdbc.env.internal.JdbcEnvironmentInitiator - Database ->
	   name : H2
	version : 2.2.224 (2023-09-17)
	  major : 2
	  minor : 2
10:24:45.643 [main] DEBUG org.hibernate.engine.jdbc.env.internal.JdbcEnvironmentInitiator - Driver ->
	   name : H2 JDBC Driver
	version : 2.2.224 (2023-09-17)
	  major : 2
	  minor : 2
10:24:45.643 [main] DEBUG org.hibernate.engine.jdbc.env.internal.JdbcEnvironmentInitiator - JDBC version : 4.2
10:24:45.643 [main] WARN org.hibernate.orm.deprecation - HHH90000025: H2Dialect does not need to be specified explicitly using 'hibernate.dialect' (remove the property setting and it will be selected by default)
10:24:45.643 [main] DEBUG org.hibernate.orm.dialect - HHH035001: Using dialect: org.hibernate.dialect.H2Dialect, version: 2.2.224
10:24:45.643 [main] DEBUG org.hibernate.engine.jdbc.env.spi.IdentifierHelperBuilder - JDBC driver metadata reported database stores quoted identifiers in neither upper, lower nor mixed case
10:24:45.643 [main] DEBUG org.hibernate.type.descriptor.jdbc.spi.JdbcTypeRegistry - addDescriptor(NCharTypeDescriptor) replaced previous registration(CharTypeDescriptor)
10:24:45.643 [main] DEBUG org.hibernate.type.descriptor.jdbc.spi.JdbcTypeRegistry - addDescriptor(NVarcharTypeDescriptor) replaced previous registration(VarcharTypeDescriptor)
10:24:45.643 [main] DEBUG org.hibernate.type.descriptor.jdbc.spi.JdbcTypeRegistry - addDescriptor(LongNVarcharTypeDescriptor) replaced previous registration(LongVarcharTypeDescriptor)
10:24:45.643 [main] DEBUG org.hibernate.type.descriptor.jdbc.spi.JdbcTypeRegistry - addDescriptor(NClobTypeDescriptor(DEFAULT)) replaced previous registration(ClobTypeDescriptor(DEFAULT))
10:24:45.643 [main] DEBUG org.hibernate.type.descriptor.jdbc.spi.JdbcTypeRegistry - addDescriptor(2005, ClobTypeDescriptor(STREAM_BINDING)) replaced previous registration(ClobTypeDescriptor(DEFAULT))
10:24:45.643 [main] DEBUG org.hibernate.type.descriptor.jdbc.spi.JdbcTypeRegistry - addDescriptor(TimestampUtcDescriptor) replaced previous registration(TimestampUtcDescriptor)
10:24:45.643 [main] DEBUG org.hibernate.type.BasicTypeRegistry - Adding type registration org.hibernate.type.DurationType -> basicType@1796(java.time.Duration,3015)
10:24:45.643 [main] DEBUG org.hibernate.type.BasicTypeRegistry - Adding type registration Duration -> basicType@1796(java.time.Duration,3015)
10:24:45.643 [main] DEBUG org.hibernate.type.BasicTypeRegistry - Adding type registration java.time.Duration -> basicType@1796(java.time.Duration,3015)
10:24:45.643 [main] DEBUG org.hibernate.type.spi.TypeConfiguration$Scope - Scoping TypeConfiguration [org.hibernate.type.spi.TypeConfiguration@3bc25654] to MetadataBuildingContext [org.hibernate.boot.internal.MetadataBuildingContextRootImpl@1f90615e]
10:24:45.643 [main] DEBUG org.hibernate.boot.model.relational.Namespace - Created database namespace [logicalName=Name{catalog=null, schema=null}, physicalName=Name{catalog=null, schema=null}]
10:24:45.644 [main] DEBUG org.hibernate.boot.model.internal.EntityBinder - Binding entity from annotated class: org.frcpm.models.Attendance
10:24:45.644 [main] DEBUG org.hibernate.boot.model.internal.EntityBinder - Import with entity name Attendance
10:24:45.644 [main] DEBUG org.hibernate.boot.model.internal.EntityBinder - Bind entity org.frcpm.models.Attendance on table attendances
10:24:45.644 [main] DEBUG org.hibernate.boot.model.internal.AnnotatedColumn - Binding column: AnnotatedDiscriminatorColumn(column='DTYPE')
10:24:45.645 [main] DEBUG org.hibernate.boot.model.internal.AnnotatedColumn - Binding column: AnnotatedColumn()
10:24:45.645 [main] DEBUG org.hibernate.boot.internal.ClassLoaderAccessImpl - Not known whether passed class name [org.frcpm.models.Attendance] is safe
10:24:45.645 [main] DEBUG org.hibernate.boot.internal.ClassLoaderAccessImpl - No temp ClassLoader provided; using live ClassLoader for loading potentially unsafe class : org.frcpm.models.Attendance
10:24:45.645 [main] DEBUG org.hibernate.boot.model.internal.PropertyBinder - MetadataSourceProcessor property id with lazy=false
10:24:45.645 [main] DEBUG org.hibernate.boot.model.internal.AbstractPropertyHolder - Attempting to locate auto-apply AttributeConverter for property [org.frcpm.models.Attendance:id]
10:24:45.645 [main] DEBUG org.hibernate.boot.model.internal.BasicValueBinder - building BasicValue for id
10:24:45.645 [main] DEBUG org.hibernate.mapping.BasicValue - Skipping column re-registration: attendances.id
10:24:45.645 [main] DEBUG org.hibernate.boot.model.internal.PropertyBinder - Building property id
10:24:45.645 [main] DEBUG org.hibernate.boot.model.internal.BinderHelper - #makeIdGenerator(BasicValue([Column(id)]), id, identity, , ...)
10:24:45.645 [main] DEBUG org.hibernate.boot.model.internal.AnnotatedColumn - Binding column: AnnotatedColumn(column='arrival_time')
10:24:45.645 [main] DEBUG org.hibernate.boot.model.internal.PropertyBinder - MetadataSourceProcessor property arrivalTime with lazy=false
10:24:45.645 [main] DEBUG org.hibernate.boot.model.internal.AbstractPropertyHolder - Attempting to locate auto-apply AttributeConverter for property [org.frcpm.models.Attendance:arrivalTime]
10:24:45.645 [main] DEBUG org.hibernate.boot.model.internal.BasicValueBinder - building BasicValue for arrivalTime
10:24:45.645 [main] DEBUG org.hibernate.mapping.BasicValue - Skipping column re-registration: attendances.arrival_time
10:24:45.645 [main] DEBUG org.hibernate.boot.model.internal.PropertyBinder - Building property arrivalTime
10:24:45.645 [main] DEBUG org.hibernate.boot.model.internal.AnnotatedColumn - Binding column: AnnotatedColumn(column='departure_time')
10:24:45.645 [main] DEBUG org.hibernate.boot.model.internal.PropertyBinder - MetadataSourceProcessor property departureTime with lazy=false
10:24:45.645 [main] DEBUG org.hibernate.boot.model.internal.AbstractPropertyHolder - Attempting to locate auto-apply AttributeConverter for property [org.frcpm.models.Attendance:departureTime]
10:24:45.645 [main] DEBUG org.hibernate.boot.model.internal.BasicValueBinder - building BasicValue for departureTime
10:24:45.645 [main] DEBUG org.hibernate.mapping.BasicValue - Skipping column re-registration: attendances.departure_time
10:24:45.645 [main] DEBUG org.hibernate.boot.model.internal.PropertyBinder - Building property departureTime
10:24:45.645 [main] DEBUG org.hibernate.boot.model.internal.AnnotatedColumn - Binding column: AnnotatedJoinColumn(column='meeting_id')
10:24:45.645 [main] DEBUG org.hibernate.boot.model.internal.AnnotatedColumn - Binding column: AnnotatedColumn()
10:24:45.645 [main] DEBUG org.hibernate.boot.model.internal.PropertyBinder - Building property meeting
10:24:45.645 [main] DEBUG org.hibernate.boot.model.internal.AnnotatedColumn - Binding column: AnnotatedJoinColumn(column='member_id')
10:24:45.645 [main] DEBUG org.hibernate.boot.model.internal.AnnotatedColumn - Binding column: AnnotatedColumn()
10:24:45.645 [main] DEBUG org.hibernate.boot.model.internal.PropertyBinder - Building property member
10:24:45.645 [main] DEBUG org.hibernate.boot.model.internal.AnnotatedColumn - Binding column: AnnotatedColumn(column='present')
10:24:45.645 [main] DEBUG org.hibernate.boot.model.internal.PropertyBinder - MetadataSourceProcessor property present with lazy=false
10:24:45.645 [main] DEBUG org.hibernate.boot.model.internal.AbstractPropertyHolder - Attempting to locate auto-apply AttributeConverter for property [org.frcpm.models.Attendance:present]
10:24:45.645 [main] DEBUG org.hibernate.boot.model.internal.BasicValueBinder - building BasicValue for present
10:24:45.645 [main] DEBUG org.hibernate.mapping.BasicValue - Skipping column re-registration: attendances.present
10:24:45.645 [main] DEBUG org.hibernate.boot.model.internal.PropertyBinder - Building property present
10:24:45.645 [main] DEBUG org.hibernate.boot.registry.classloading.internal.ClassLoaderServiceImpl - HHH000194: Package not found or no package-info.java: org.frcpm.models
10:24:45.645 [main] DEBUG org.hibernate.boot.model.internal.EntityBinder - Binding entity from annotated class: org.frcpm.models.Meeting
10:24:45.645 [main] DEBUG org.hibernate.boot.model.internal.EntityBinder - Import with entity name Meeting
10:24:45.645 [main] DEBUG org.hibernate.boot.model.internal.EntityBinder - Bind entity org.frcpm.models.Meeting on table meetings
10:24:45.645 [main] DEBUG org.hibernate.boot.model.internal.AnnotatedColumn - Binding column: AnnotatedDiscriminatorColumn(column='DTYPE')
10:24:45.645 [main] DEBUG org.hibernate.boot.model.internal.AnnotatedColumn - Binding column: AnnotatedColumn()
10:24:45.645 [main] DEBUG org.hibernate.boot.internal.ClassLoaderAccessImpl - Not known whether passed class name [org.frcpm.models.Meeting] is safe
10:24:45.645 [main] DEBUG org.hibernate.boot.internal.ClassLoaderAccessImpl - No temp ClassLoader provided; using live ClassLoader for loading potentially unsafe class : org.frcpm.models.Meeting
10:24:45.645 [main] DEBUG org.hibernate.boot.model.internal.PropertyBinder - MetadataSourceProcessor property id with lazy=false
10:24:45.645 [main] DEBUG org.hibernate.boot.model.internal.AbstractPropertyHolder - Attempting to locate auto-apply AttributeConverter for property [org.frcpm.models.Meeting:id]
10:24:45.645 [main] DEBUG org.hibernate.boot.model.internal.BasicValueBinder - building BasicValue for id
10:24:45.645 [main] DEBUG org.hibernate.mapping.BasicValue - Skipping column re-registration: meetings.id
10:24:45.645 [main] DEBUG org.hibernate.boot.model.internal.PropertyBinder - Building property id
10:24:45.645 [main] DEBUG org.hibernate.boot.model.internal.BinderHelper - #makeIdGenerator(BasicValue([Column(id)]), id, identity, , ...)
10:24:45.645 [main] DEBUG org.hibernate.boot.model.internal.AnnotatedColumn - Binding column: AnnotatedJoinColumn()
10:24:45.645 [main] DEBUG org.hibernate.boot.model.internal.AnnotatedColumn - Binding column: AnnotatedColumn()
10:24:45.645 [main] DEBUG org.hibernate.boot.model.internal.AnnotatedColumn - Binding column: IndexColumn(column='attendances_ORDER')
10:24:45.645 [main] DEBUG org.hibernate.boot.model.internal.AnnotatedColumn - Binding column: AnnotatedColumn()
10:24:45.645 [main] DEBUG org.hibernate.boot.model.internal.AnnotatedColumn - Binding column: AnnotatedColumn(column='attendances_KEY')
10:24:45.645 [main] DEBUG org.hibernate.boot.model.internal.AnnotatedColumn - Binding column: AnnotatedJoinColumn(column='attendances_KEY')
10:24:45.645 [main] DEBUG org.hibernate.boot.model.internal.AnnotatedColumn - Binding column: AnnotatedJoinColumn()
10:24:45.645 [main] DEBUG org.hibernate.boot.model.internal.AnnotatedColumn - Binding column: AnnotatedJoinColumn()
10:24:45.645 [main] DEBUG org.hibernate.boot.model.internal.CollectionBinder - Collection role: org.frcpm.models.Meeting.attendances
10:24:45.645 [main] DEBUG org.hibernate.boot.model.internal.PropertyBinder - Building property attendances
10:24:45.645 [main] DEBUG org.hibernate.boot.model.internal.AnnotatedColumn - Binding column: AnnotatedColumn(column='date')
10:24:45.645 [main] DEBUG org.hibernate.boot.model.internal.PropertyBinder - MetadataSourceProcessor property date with lazy=false
10:24:45.645 [main] DEBUG org.hibernate.boot.model.internal.AbstractPropertyHolder - Attempting to locate auto-apply AttributeConverter for property [org.frcpm.models.Meeting:date]
10:24:45.645 [main] DEBUG org.hibernate.boot.model.internal.BasicValueBinder - building BasicValue for date
10:24:45.645 [main] DEBUG org.hibernate.mapping.BasicValue - Skipping column re-registration: meetings.date
10:24:45.645 [main] DEBUG org.hibernate.boot.model.internal.PropertyBinder - Building property date
10:24:45.645 [main] DEBUG org.hibernate.boot.model.internal.AnnotatedColumn - Binding column: AnnotatedColumn(column='end_time')
10:24:45.645 [main] DEBUG org.hibernate.boot.model.internal.PropertyBinder - MetadataSourceProcessor property endTime with lazy=false
10:24:45.645 [main] DEBUG org.hibernate.boot.model.internal.AbstractPropertyHolder - Attempting to locate auto-apply AttributeConverter for property [org.frcpm.models.Meeting:endTime]
10:24:45.645 [main] DEBUG org.hibernate.boot.model.internal.BasicValueBinder - building BasicValue for endTime
10:24:45.645 [main] DEBUG org.hibernate.mapping.BasicValue - Skipping column re-registration: meetings.end_time
10:24:45.645 [main] DEBUG org.hibernate.boot.model.internal.PropertyBinder - Building property endTime
10:24:45.645 [main] DEBUG org.hibernate.boot.model.internal.AnnotatedColumn - Binding column: AnnotatedColumn(column='notes')
10:24:45.645 [main] DEBUG org.hibernate.boot.model.internal.PropertyBinder - MetadataSourceProcessor property notes with lazy=false
10:24:45.645 [main] DEBUG org.hibernate.boot.model.internal.AbstractPropertyHolder - Attempting to locate auto-apply AttributeConverter for property [org.frcpm.models.Meeting:notes]
10:24:45.645 [main] DEBUG org.hibernate.boot.model.internal.BasicValueBinder - building BasicValue for notes
10:24:45.645 [main] DEBUG org.hibernate.mapping.BasicValue - Skipping column re-registration: meetings.notes
10:24:45.645 [main] DEBUG org.hibernate.boot.model.internal.PropertyBinder - Building property notes
10:24:45.645 [main] DEBUG org.hibernate.boot.model.internal.AnnotatedColumn - Binding column: AnnotatedJoinColumn(column='project_id')
10:24:45.645 [main] DEBUG org.hibernate.boot.model.internal.AnnotatedColumn - Binding column: AnnotatedColumn()
10:24:45.645 [main] DEBUG org.hibernate.boot.model.internal.PropertyBinder - Building property project
10:24:45.645 [main] DEBUG org.hibernate.boot.model.internal.AnnotatedColumn - Binding column: AnnotatedColumn(column='start_time')
10:24:45.645 [main] DEBUG org.hibernate.boot.model.internal.PropertyBinder - MetadataSourceProcessor property startTime with lazy=false
10:24:45.645 [main] DEBUG org.hibernate.boot.model.internal.AbstractPropertyHolder - Attempting to locate auto-apply AttributeConverter for property [org.frcpm.models.Meeting:startTime]
10:24:45.645 [main] DEBUG org.hibernate.boot.model.internal.BasicValueBinder - building BasicValue for startTime
10:24:45.645 [main] DEBUG org.hibernate.mapping.BasicValue - Skipping column re-registration: meetings.start_time
10:24:45.645 [main] DEBUG org.hibernate.boot.model.internal.PropertyBinder - Building property startTime
10:24:45.645 [main] DEBUG org.hibernate.boot.registry.classloading.internal.ClassLoaderServiceImpl - HHH000194: Package not found or no package-info.java: org.frcpm.models
10:24:45.645 [main] DEBUG org.hibernate.boot.model.internal.EntityBinder - Binding entity from annotated class: org.frcpm.models.Subsystem
10:24:45.645 [main] DEBUG org.hibernate.boot.model.internal.EntityBinder - Import with entity name Subsystem
10:24:45.645 [main] DEBUG org.hibernate.boot.model.internal.EntityBinder - Bind entity org.frcpm.models.Subsystem on table subsystems
10:24:45.645 [main] DEBUG org.hibernate.boot.model.internal.AnnotatedColumn - Binding column: AnnotatedDiscriminatorColumn(column='DTYPE')
10:24:45.645 [main] DEBUG org.hibernate.boot.model.internal.AnnotatedColumn - Binding column: AnnotatedColumn()
10:24:45.645 [main] DEBUG org.hibernate.boot.internal.ClassLoaderAccessImpl - Not known whether passed class name [org.frcpm.models.Subsystem] is safe
10:24:45.645 [main] DEBUG org.hibernate.boot.internal.ClassLoaderAccessImpl - No temp ClassLoader provided; using live ClassLoader for loading potentially unsafe class : org.frcpm.models.Subsystem
10:24:45.645 [main] DEBUG org.hibernate.boot.model.internal.PropertyBinder - MetadataSourceProcessor property id with lazy=false
10:24:45.645 [main] DEBUG org.hibernate.boot.model.internal.AbstractPropertyHolder - Attempting to locate auto-apply AttributeConverter for property [org.frcpm.models.Subsystem:id]
10:24:45.645 [main] DEBUG org.hibernate.boot.model.internal.BasicValueBinder - building BasicValue for id
10:24:45.645 [main] DEBUG org.hibernate.mapping.BasicValue - Skipping column re-registration: subsystems.id
10:24:45.645 [main] DEBUG org.hibernate.boot.model.internal.PropertyBinder - Building property id
10:24:45.645 [main] DEBUG org.hibernate.boot.model.internal.BinderHelper - #makeIdGenerator(BasicValue([Column(id)]), id, identity, , ...)
10:24:45.645 [main] DEBUG org.hibernate.boot.model.internal.AnnotatedColumn - Binding column: AnnotatedColumn(column='description')
10:24:45.645 [main] DEBUG org.hibernate.boot.model.internal.PropertyBinder - MetadataSourceProcessor property description with lazy=false
10:24:45.645 [main] DEBUG org.hibernate.boot.model.internal.AbstractPropertyHolder - Attempting to locate auto-apply AttributeConverter for property [org.frcpm.models.Subsystem:description]
10:24:45.645 [main] DEBUG org.hibernate.boot.model.internal.BasicValueBinder - building BasicValue for description
10:24:45.645 [main] DEBUG org.hibernate.mapping.BasicValue - Skipping column re-registration: subsystems.description
10:24:45.645 [main] DEBUG org.hibernate.boot.model.internal.PropertyBinder - Building property description
10:24:45.645 [main] DEBUG org.hibernate.boot.model.internal.AnnotatedColumn - Binding column: AnnotatedColumn(column='name')
10:24:45.645 [main] DEBUG org.hibernate.boot.model.internal.PropertyBinder - MetadataSourceProcessor property name with lazy=false
10:24:45.645 [main] DEBUG org.hibernate.boot.model.internal.AbstractPropertyHolder - Attempting to locate auto-apply AttributeConverter for property [org.frcpm.models.Subsystem:name]
10:24:45.645 [main] DEBUG org.hibernate.boot.model.internal.BasicValueBinder - building BasicValue for name
10:24:45.645 [main] DEBUG org.hibernate.mapping.BasicValue - Skipping column re-registration: subsystems.name
10:24:45.645 [main] DEBUG org.hibernate.boot.model.internal.PropertyBinder - Building property name
10:24:45.645 [main] DEBUG org.hibernate.boot.model.internal.AnnotatedColumn - Binding column: AnnotatedJoinColumn(column='responsible_subteam_id')
10:24:45.645 [main] DEBUG org.hibernate.boot.model.internal.AnnotatedColumn - Binding column: AnnotatedColumn()
10:24:45.647 [main] DEBUG org.hibernate.boot.model.internal.PropertyBinder - Building property responsibleSubteam
10:24:45.647 [main] DEBUG org.hibernate.boot.model.internal.AnnotatedColumn - Binding column: AnnotatedColumn(column='status')
10:24:45.647 [main] DEBUG org.hibernate.boot.model.internal.PropertyBinder - MetadataSourceProcessor property status with lazy=false
10:24:45.647 [main] DEBUG org.hibernate.boot.model.internal.AbstractPropertyHolder - Attempting to locate auto-apply AttributeConverter for property [org.frcpm.models.Subsystem:status]
10:24:45.647 [main] DEBUG org.hibernate.boot.model.internal.BasicValueBinder - building BasicValue for status
10:24:45.647 [main] DEBUG org.hibernate.mapping.BasicValue - Skipping column re-registration: subsystems.status
10:24:45.647 [main] DEBUG org.hibernate.boot.model.internal.PropertyBinder - Building property status
10:24:45.647 [main] DEBUG org.hibernate.boot.model.internal.AnnotatedColumn - Binding column: AnnotatedJoinColumn()
10:24:45.647 [main] DEBUG org.hibernate.boot.model.internal.AnnotatedColumn - Binding column: AnnotatedColumn()
10:24:45.647 [main] DEBUG org.hibernate.boot.model.internal.AnnotatedColumn - Binding column: IndexColumn(column='tasks_ORDER')
10:24:45.647 [main] DEBUG org.hibernate.boot.model.internal.AnnotatedColumn - Binding column: AnnotatedColumn()
10:24:45.647 [main] DEBUG org.hibernate.boot.model.internal.AnnotatedColumn - Binding column: AnnotatedColumn(column='tasks_KEY')
10:24:45.647 [main] DEBUG org.hibernate.boot.model.internal.AnnotatedColumn - Binding column: AnnotatedJoinColumn(column='tasks_KEY')
10:24:45.647 [main] DEBUG org.hibernate.boot.model.internal.AnnotatedColumn - Binding column: AnnotatedJoinColumn()
10:24:45.647 [main] DEBUG org.hibernate.boot.model.internal.AnnotatedColumn - Binding column: AnnotatedJoinColumn()
10:24:45.647 [main] DEBUG org.hibernate.boot.model.internal.CollectionBinder - Collection role: org.frcpm.models.Subsystem.tasks
10:24:45.647 [main] DEBUG org.hibernate.boot.model.internal.PropertyBinder - Building property tasks
10:24:45.647 [main] DEBUG org.hibernate.boot.registry.classloading.internal.ClassLoaderServiceImpl - HHH000194: Package not found or no package-info.java: org.frcpm.models
10:24:45.647 [main] DEBUG org.hibernate.boot.model.internal.EntityBinder - Binding entity from annotated class: org.frcpm.models.Component
10:24:45.647 [main] DEBUG org.hibernate.boot.model.internal.EntityBinder - Import with entity name Component
10:24:45.647 [main] DEBUG org.hibernate.boot.model.internal.EntityBinder - Bind entity org.frcpm.models.Component on table components
10:24:45.647 [main] DEBUG org.hibernate.boot.model.internal.AnnotatedColumn - Binding column: AnnotatedDiscriminatorColumn(column='DTYPE')
10:24:45.647 [main] DEBUG org.hibernate.boot.model.internal.AnnotatedColumn - Binding column: AnnotatedColumn()
10:24:45.647 [main] DEBUG org.hibernate.boot.internal.ClassLoaderAccessImpl - Not known whether passed class name [org.frcpm.models.Component] is safe
10:24:45.647 [main] DEBUG org.hibernate.boot.internal.ClassLoaderAccessImpl - No temp ClassLoader provided; using live ClassLoader for loading potentially unsafe class : org.frcpm.models.Component
10:24:45.647 [main] DEBUG org.hibernate.boot.model.internal.PropertyBinder - MetadataSourceProcessor property id with lazy=false
10:24:45.647 [main] DEBUG org.hibernate.boot.model.internal.AbstractPropertyHolder - Attempting to locate auto-apply AttributeConverter for property [org.frcpm.models.Component:id]
10:24:45.647 [main] DEBUG org.hibernate.boot.model.internal.BasicValueBinder - building BasicValue for id
10:24:45.647 [main] DEBUG org.hibernate.mapping.BasicValue - Skipping column re-registration: components.id
10:24:45.647 [main] DEBUG org.hibernate.boot.model.internal.PropertyBinder - Building property id
10:24:45.647 [main] DEBUG org.hibernate.boot.model.internal.BinderHelper - #makeIdGenerator(BasicValue([Column(id)]), id, identity, , ...)
10:24:45.647 [main] DEBUG org.hibernate.boot.model.internal.AnnotatedColumn - Binding column: AnnotatedColumn(column='actual_delivery')
10:24:45.647 [main] DEBUG org.hibernate.boot.model.internal.PropertyBinder - MetadataSourceProcessor property actualDelivery with lazy=false
10:24:45.647 [main] DEBUG org.hibernate.boot.model.internal.AbstractPropertyHolder - Attempting to locate auto-apply AttributeConverter for property [org.frcpm.models.Component:actualDelivery]
10:24:45.647 [main] DEBUG org.hibernate.boot.model.internal.BasicValueBinder - building BasicValue for actualDelivery
10:24:45.647 [main] DEBUG org.hibernate.mapping.BasicValue - Skipping column re-registration: components.actual_delivery
10:24:45.647 [main] DEBUG org.hibernate.boot.model.internal.PropertyBinder - Building property actualDelivery
10:24:45.647 [main] DEBUG org.hibernate.boot.model.internal.AnnotatedColumn - Binding column: AnnotatedColumn(column='is_delivered')
10:24:45.647 [main] DEBUG org.hibernate.boot.model.internal.PropertyBinder - MetadataSourceProcessor property delivered with lazy=false
10:24:45.647 [main] DEBUG org.hibernate.boot.model.internal.AbstractPropertyHolder - Attempting to locate auto-apply AttributeConverter for property [org.frcpm.models.Component:delivered]
10:24:45.647 [main] DEBUG org.hibernate.boot.model.internal.BasicValueBinder - building BasicValue for delivered
10:24:45.647 [main] DEBUG org.hibernate.mapping.BasicValue - Skipping column re-registration: components.is_delivered
10:24:45.647 [main] DEBUG org.hibernate.boot.model.internal.PropertyBinder - Building property delivered
10:24:45.647 [main] DEBUG org.hibernate.boot.model.internal.AnnotatedColumn - Binding column: AnnotatedColumn(column='description')
10:24:45.647 [main] DEBUG org.hibernate.boot.model.internal.PropertyBinder - MetadataSourceProcessor property description with lazy=false
10:24:45.647 [main] DEBUG org.hibernate.boot.model.internal.AbstractPropertyHolder - Attempting to locate auto-apply AttributeConverter for property [org.frcpm.models.Component:description]
10:24:45.647 [main] DEBUG org.hibernate.boot.model.internal.BasicValueBinder - building BasicValue for description
10:24:45.647 [main] DEBUG org.hibernate.mapping.BasicValue - Skipping column re-registration: components.description
10:24:45.647 [main] DEBUG org.hibernate.boot.model.internal.PropertyBinder - Building property description
10:24:45.647 [main] DEBUG org.hibernate.boot.model.internal.AnnotatedColumn - Binding column: AnnotatedColumn(column='expected_delivery')
10:24:45.647 [main] DEBUG org.hibernate.boot.model.internal.PropertyBinder - MetadataSourceProcessor property expectedDelivery with lazy=false
10:24:45.647 [main] DEBUG org.hibernate.boot.model.internal.AbstractPropertyHolder - Attempting to locate auto-apply AttributeConverter for property [org.frcpm.models.Component:expectedDelivery]
10:24:45.647 [main] DEBUG org.hibernate.boot.model.internal.BasicValueBinder - building BasicValue for expectedDelivery
10:24:45.647 [main] DEBUG org.hibernate.mapping.BasicValue - Skipping column re-registration: components.expected_delivery
10:24:45.647 [main] DEBUG org.hibernate.boot.model.internal.PropertyBinder - Building property expectedDelivery
10:24:45.647 [main] DEBUG org.hibernate.boot.model.internal.AnnotatedColumn - Binding column: AnnotatedColumn(column='name')
10:24:45.647 [main] DEBUG org.hibernate.boot.model.internal.PropertyBinder - MetadataSourceProcessor property name with lazy=false
10:24:45.647 [main] DEBUG org.hibernate.boot.model.internal.AbstractPropertyHolder - Attempting to locate auto-apply AttributeConverter for property [org.frcpm.models.Component:name]
10:24:45.647 [main] DEBUG org.hibernate.boot.model.internal.BasicValueBinder - building BasicValue for name
10:24:45.647 [main] DEBUG org.hibernate.mapping.BasicValue - Skipping column re-registration: components.name
10:24:45.647 [main] DEBUG org.hibernate.boot.model.internal.PropertyBinder - Building property name
10:24:45.647 [main] DEBUG org.hibernate.boot.model.internal.AnnotatedColumn - Binding column: AnnotatedColumn(column='part_number')
10:24:45.647 [main] DEBUG org.hibernate.boot.model.internal.PropertyBinder - MetadataSourceProcessor property partNumber with lazy=false
10:24:45.647 [main] DEBUG org.hibernate.boot.model.internal.AbstractPropertyHolder - Attempting to locate auto-apply AttributeConverter for property [org.frcpm.models.Component:partNumber]
10:24:45.647 [main] DEBUG org.hibernate.boot.model.internal.BasicValueBinder - building BasicValue for partNumber
10:24:45.647 [main] DEBUG org.hibernate.mapping.BasicValue - Skipping column re-registration: components.part_number
10:24:45.647 [main] DEBUG org.hibernate.boot.model.internal.PropertyBinder - Building property partNumber
10:24:45.647 [main] DEBUG org.hibernate.boot.model.internal.AnnotatedColumn - Binding column: IndexColumn(column='requiredForTasks_ORDER')
10:24:45.647 [main] DEBUG org.hibernate.boot.model.internal.AnnotatedColumn - Binding column: AnnotatedColumn()
10:24:45.647 [main] DEBUG org.hibernate.boot.model.internal.AnnotatedColumn - Binding column: AnnotatedColumn(column='requiredForTasks_KEY')
10:24:45.647 [main] DEBUG org.hibernate.boot.model.internal.AnnotatedColumn - Binding column: AnnotatedJoinColumn(column='requiredForTasks_KEY')
10:24:45.647 [main] DEBUG org.hibernate.boot.model.internal.AnnotatedColumn - Binding column: AnnotatedJoinColumn()
10:24:45.647 [main] DEBUG org.hibernate.boot.model.internal.AnnotatedColumn - Binding column: AnnotatedJoinColumn()
10:24:45.647 [main] DEBUG org.hibernate.boot.model.internal.CollectionBinder - Collection role: org.frcpm.models.Component.requiredForTasks
10:24:45.647 [main] DEBUG org.hibernate.boot.model.internal.PropertyBinder - Building property requiredForTasks
10:24:45.648 [main] DEBUG org.hibernate.boot.registry.classloading.internal.ClassLoaderServiceImpl - HHH000194: Package not found or no package-info.java: org.frcpm.models
10:24:45.648 [main] DEBUG org.hibernate.boot.model.internal.EntityBinder - Binding entity from annotated class: org.frcpm.models.Milestone
10:24:45.648 [main] DEBUG org.hibernate.boot.model.internal.EntityBinder - Import with entity name Milestone
10:24:45.648 [main] DEBUG org.hibernate.boot.model.internal.EntityBinder - Bind entity org.frcpm.models.Milestone on table milestones
10:24:45.648 [main] DEBUG org.hibernate.boot.model.internal.AnnotatedColumn - Binding column: AnnotatedDiscriminatorColumn(column='DTYPE')
10:24:45.648 [main] DEBUG org.hibernate.boot.model.internal.AnnotatedColumn - Binding column: AnnotatedColumn()
10:24:45.648 [main] DEBUG org.hibernate.boot.internal.ClassLoaderAccessImpl - Not known whether passed class name [org.frcpm.models.Milestone] is safe
10:24:45.648 [main] DEBUG org.hibernate.boot.internal.ClassLoaderAccessImpl - No temp ClassLoader provided; using live ClassLoader for loading potentially unsafe class : org.frcpm.models.Milestone
10:24:45.648 [main] DEBUG org.hibernate.boot.model.internal.PropertyBinder - MetadataSourceProcessor property id with lazy=false
10:24:45.648 [main] DEBUG org.hibernate.boot.model.internal.AbstractPropertyHolder - Attempting to locate auto-apply AttributeConverter for property [org.frcpm.models.Milestone:id]
10:24:45.648 [main] DEBUG org.hibernate.boot.model.internal.BasicValueBinder - building BasicValue for id
10:24:45.648 [main] DEBUG org.hibernate.mapping.BasicValue - Skipping column re-registration: milestones.id
10:24:45.648 [main] DEBUG org.hibernate.boot.model.internal.PropertyBinder - Building property id
10:24:45.648 [main] DEBUG org.hibernate.boot.model.internal.BinderHelper - #makeIdGenerator(BasicValue([Column(id)]), id, identity, , ...)
10:24:45.648 [main] DEBUG org.hibernate.boot.model.internal.AnnotatedColumn - Binding column: AnnotatedColumn(column='date')
10:24:45.648 [main] DEBUG org.hibernate.boot.model.internal.PropertyBinder - MetadataSourceProcessor property date with lazy=false
10:24:45.648 [main] DEBUG org.hibernate.boot.model.internal.AbstractPropertyHolder - Attempting to locate auto-apply AttributeConverter for property [org.frcpm.models.Milestone:date]
10:24:45.648 [main] DEBUG org.hibernate.boot.model.internal.BasicValueBinder - building BasicValue for date
10:24:45.648 [main] DEBUG org.hibernate.mapping.BasicValue - Skipping column re-registration: milestones.date
10:24:45.648 [main] DEBUG org.hibernate.boot.model.internal.PropertyBinder - Building property date
10:24:45.648 [main] DEBUG org.hibernate.boot.model.internal.AnnotatedColumn - Binding column: AnnotatedColumn(column='description')
10:24:45.648 [main] DEBUG org.hibernate.boot.model.internal.PropertyBinder - MetadataSourceProcessor property description with lazy=false
10:24:45.648 [main] DEBUG org.hibernate.boot.model.internal.AbstractPropertyHolder - Attempting to locate auto-apply AttributeConverter for property [org.frcpm.models.Milestone:description]
10:24:45.648 [main] DEBUG org.hibernate.boot.model.internal.BasicValueBinder - building BasicValue for description
10:24:45.648 [main] DEBUG org.hibernate.mapping.BasicValue - Skipping column re-registration: milestones.description
10:24:45.648 [main] DEBUG org.hibernate.boot.model.internal.PropertyBinder - Building property description
10:24:45.648 [main] DEBUG org.hibernate.boot.model.internal.AnnotatedColumn - Binding column: AnnotatedColumn(column='name')
10:24:45.648 [main] DEBUG org.hibernate.boot.model.internal.PropertyBinder - MetadataSourceProcessor property name with lazy=false
10:24:45.648 [main] DEBUG org.hibernate.boot.model.internal.AbstractPropertyHolder - Attempting to locate auto-apply AttributeConverter for property [org.frcpm.models.Milestone:name]
10:24:45.648 [main] DEBUG org.hibernate.boot.model.internal.BasicValueBinder - building BasicValue for name
10:24:45.648 [main] DEBUG org.hibernate.mapping.BasicValue - Skipping column re-registration: milestones.name
10:24:45.648 [main] DEBUG org.hibernate.boot.model.internal.PropertyBinder - Building property name
10:24:45.648 [main] DEBUG org.hibernate.boot.model.internal.AnnotatedColumn - Binding column: AnnotatedJoinColumn(column='project_id')
10:24:45.648 [main] DEBUG org.hibernate.boot.model.internal.AnnotatedColumn - Binding column: AnnotatedColumn()
10:24:45.648 [main] DEBUG org.hibernate.boot.model.internal.PropertyBinder - Building property project
10:24:45.649 [main] DEBUG org.hibernate.boot.registry.classloading.internal.ClassLoaderServiceImpl - HHH000194: Package not found or no package-info.java: org.frcpm.models
10:24:45.649 [main] DEBUG org.hibernate.boot.model.internal.EntityBinder - Binding entity from annotated class: org.frcpm.models.Project
10:24:45.649 [main] DEBUG org.hibernate.boot.model.internal.EntityBinder - Import with entity name Project
10:24:45.649 [main] DEBUG org.hibernate.boot.model.internal.EntityBinder - Bind entity org.frcpm.models.Project on table projects
10:24:45.649 [main] DEBUG org.hibernate.boot.model.internal.AnnotatedColumn - Binding column: AnnotatedDiscriminatorColumn(column='DTYPE')
10:24:45.650 [main] DEBUG org.hibernate.boot.model.internal.AnnotatedColumn - Binding column: AnnotatedColumn()
10:24:45.650 [main] DEBUG org.hibernate.boot.internal.ClassLoaderAccessImpl - Not known whether passed class name [org.frcpm.models.Project] is safe
10:24:45.650 [main] DEBUG org.hibernate.boot.internal.ClassLoaderAccessImpl - No temp ClassLoader provided; using live ClassLoader for loading potentially unsafe class : org.frcpm.models.Project
10:24:45.650 [main] DEBUG org.hibernate.boot.model.internal.PropertyBinder - MetadataSourceProcessor property id with lazy=false
10:24:45.650 [main] DEBUG org.hibernate.boot.model.internal.AbstractPropertyHolder - Attempting to locate auto-apply AttributeConverter for property [org.frcpm.models.Project:id]
10:24:45.650 [main] DEBUG org.hibernate.boot.model.internal.BasicValueBinder - building BasicValue for id
10:24:45.650 [main] DEBUG org.hibernate.mapping.BasicValue - Skipping column re-registration: projects.id
10:24:45.650 [main] DEBUG org.hibernate.boot.model.internal.PropertyBinder - Building property id
10:24:45.650 [main] DEBUG org.hibernate.boot.model.internal.BinderHelper - #makeIdGenerator(BasicValue([Column(id)]), id, identity, , ...)
10:24:45.650 [main] DEBUG org.hibernate.boot.model.internal.AnnotatedColumn - Binding column: AnnotatedColumn(column='description')
10:24:45.650 [main] DEBUG org.hibernate.boot.model.internal.PropertyBinder - MetadataSourceProcessor property description with lazy=false
10:24:45.650 [main] DEBUG org.hibernate.boot.model.internal.AbstractPropertyHolder - Attempting to locate auto-apply AttributeConverter for property [org.frcpm.models.Project:description]
10:24:45.650 [main] DEBUG org.hibernate.boot.model.internal.BasicValueBinder - building BasicValue for description
10:24:45.650 [main] DEBUG org.hibernate.mapping.BasicValue - Skipping column re-registration: projects.description
10:24:45.650 [main] DEBUG org.hibernate.boot.model.internal.PropertyBinder - Building property description
10:24:45.650 [main] DEBUG org.hibernate.boot.model.internal.AnnotatedColumn - Binding column: AnnotatedColumn(column='goal_end_date')
10:24:45.650 [main] DEBUG org.hibernate.boot.model.internal.PropertyBinder - MetadataSourceProcessor property goalEndDate with lazy=false
10:24:45.650 [main] DEBUG org.hibernate.boot.model.internal.AbstractPropertyHolder - Attempting to locate auto-apply AttributeConverter for property [org.frcpm.models.Project:goalEndDate]
10:24:45.650 [main] DEBUG org.hibernate.boot.model.internal.BasicValueBinder - building BasicValue for goalEndDate
10:24:45.650 [main] DEBUG org.hibernate.mapping.BasicValue - Skipping column re-registration: projects.goal_end_date
10:24:45.650 [main] DEBUG org.hibernate.boot.model.internal.PropertyBinder - Building property goalEndDate
10:24:45.650 [main] DEBUG org.hibernate.boot.model.internal.AnnotatedColumn - Binding column: AnnotatedColumn(column='hard_deadline')
10:24:45.650 [main] DEBUG org.hibernate.boot.model.internal.PropertyBinder - MetadataSourceProcessor property hardDeadline with lazy=false
10:24:45.650 [main] DEBUG org.hibernate.boot.model.internal.AbstractPropertyHolder - Attempting to locate auto-apply AttributeConverter for property [org.frcpm.models.Project:hardDeadline]
10:24:45.650 [main] DEBUG org.hibernate.boot.model.internal.BasicValueBinder - building BasicValue for hardDeadline
10:24:45.650 [main] DEBUG org.hibernate.mapping.BasicValue - Skipping column re-registration: projects.hard_deadline
10:24:45.650 [main] DEBUG org.hibernate.boot.model.internal.PropertyBinder - Building property hardDeadline
10:24:45.650 [main] DEBUG org.hibernate.boot.model.internal.AnnotatedColumn - Binding column: AnnotatedJoinColumn()
10:24:45.650 [main] DEBUG org.hibernate.boot.model.internal.AnnotatedColumn - Binding column: AnnotatedColumn()
10:24:45.650 [main] DEBUG org.hibernate.boot.model.internal.AnnotatedColumn - Binding column: IndexColumn(column='meetings_ORDER')
10:24:45.650 [main] DEBUG org.hibernate.boot.model.internal.AnnotatedColumn - Binding column: AnnotatedColumn()
10:24:45.650 [main] DEBUG org.hibernate.boot.model.internal.AnnotatedColumn - Binding column: AnnotatedColumn(column='meetings_KEY')
10:24:45.650 [main] DEBUG org.hibernate.boot.model.internal.AnnotatedColumn - Binding column: AnnotatedJoinColumn(column='meetings_KEY')
10:24:45.650 [main] DEBUG org.hibernate.boot.model.internal.AnnotatedColumn - Binding column: AnnotatedJoinColumn()
10:24:45.650 [main] DEBUG org.hibernate.boot.model.internal.AnnotatedColumn - Binding column: AnnotatedJoinColumn()
10:24:45.650 [main] DEBUG org.hibernate.boot.model.internal.CollectionBinder - Collection role: org.frcpm.models.Project.meetings
10:24:45.650 [main] DEBUG org.hibernate.boot.model.internal.PropertyBinder - Building property meetings
10:24:45.650 [main] DEBUG org.hibernate.boot.model.internal.AnnotatedColumn - Binding column: AnnotatedJoinColumn()
10:24:45.650 [main] DEBUG org.hibernate.boot.model.internal.AnnotatedColumn - Binding column: AnnotatedColumn()
10:24:45.650 [main] DEBUG org.hibernate.boot.model.internal.AnnotatedColumn - Binding column: IndexColumn(column='milestones_ORDER')
10:24:45.650 [main] DEBUG org.hibernate.boot.model.internal.AnnotatedColumn - Binding column: AnnotatedColumn()
10:24:45.650 [main] DEBUG org.hibernate.boot.model.internal.AnnotatedColumn - Binding column: AnnotatedColumn(column='milestones_KEY')
10:24:45.650 [main] DEBUG org.hibernate.boot.model.internal.AnnotatedColumn - Binding column: AnnotatedJoinColumn(column='milestones_KEY')
10:24:45.650 [main] DEBUG org.hibernate.boot.model.internal.AnnotatedColumn - Binding column: AnnotatedJoinColumn()
10:24:45.650 [main] DEBUG org.hibernate.boot.model.internal.AnnotatedColumn - Binding column: AnnotatedJoinColumn()
10:24:45.650 [main] DEBUG org.hibernate.boot.model.internal.CollectionBinder - Collection role: org.frcpm.models.Project.milestones
10:24:45.650 [main] DEBUG org.hibernate.boot.model.internal.PropertyBinder - Building property milestones
10:24:45.650 [main] DEBUG org.hibernate.boot.model.internal.AnnotatedColumn - Binding column: AnnotatedColumn(column='name')
10:24:45.650 [main] DEBUG org.hibernate.boot.model.internal.PropertyBinder - MetadataSourceProcessor property name with lazy=false
10:24:45.650 [main] DEBUG org.hibernate.boot.model.internal.AbstractPropertyHolder - Attempting to locate auto-apply AttributeConverter for property [org.frcpm.models.Project:name]
10:24:45.650 [main] DEBUG org.hibernate.boot.model.internal.BasicValueBinder - building BasicValue for name
10:24:45.650 [main] DEBUG org.hibernate.mapping.BasicValue - Skipping column re-registration: projects.name
10:24:45.651 [main] DEBUG org.hibernate.boot.model.internal.PropertyBinder - Building property name
10:24:45.651 [main] DEBUG org.hibernate.boot.model.internal.AnnotatedColumn - Binding column: AnnotatedColumn(column='start_date')
10:24:45.651 [main] DEBUG org.hibernate.boot.model.internal.PropertyBinder - MetadataSourceProcessor property startDate with lazy=false
10:24:45.651 [main] DEBUG org.hibernate.boot.model.internal.AbstractPropertyHolder - Attempting to locate auto-apply AttributeConverter for property [org.frcpm.models.Project:startDate]
10:24:45.651 [main] DEBUG org.hibernate.boot.model.internal.BasicValueBinder - building BasicValue for startDate
10:24:45.651 [main] DEBUG org.hibernate.mapping.BasicValue - Skipping column re-registration: projects.start_date
10:24:45.651 [main] DEBUG org.hibernate.boot.model.internal.PropertyBinder - Building property startDate
10:24:45.651 [main] DEBUG org.hibernate.boot.model.internal.AnnotatedColumn - Binding column: AnnotatedJoinColumn()
10:24:45.651 [main] DEBUG org.hibernate.boot.model.internal.AnnotatedColumn - Binding column: AnnotatedColumn()
10:24:45.651 [main] DEBUG org.hibernate.boot.model.internal.AnnotatedColumn - Binding column: IndexColumn(column='tasks_ORDER')
10:24:45.651 [main] DEBUG org.hibernate.boot.model.internal.AnnotatedColumn - Binding column: AnnotatedColumn()
10:24:45.651 [main] DEBUG org.hibernate.boot.model.internal.AnnotatedColumn - Binding column: AnnotatedColumn(column='tasks_KEY')
10:24:45.651 [main] DEBUG org.hibernate.boot.model.internal.AnnotatedColumn - Binding column: AnnotatedJoinColumn(column='tasks_KEY')
10:24:45.651 [main] DEBUG org.hibernate.boot.model.internal.AnnotatedColumn - Binding column: AnnotatedJoinColumn()
10:24:45.651 [main] DEBUG org.hibernate.boot.model.internal.AnnotatedColumn - Binding column: AnnotatedJoinColumn()
10:24:45.651 [main] DEBUG org.hibernate.boot.model.internal.CollectionBinder - Collection role: org.frcpm.models.Project.tasks
10:24:45.651 [main] DEBUG org.hibernate.boot.model.internal.PropertyBinder - Building property tasks
10:24:45.651 [main] DEBUG org.hibernate.boot.registry.classloading.internal.ClassLoaderServiceImpl - HHH000194: Package not found or no package-info.java: org.frcpm.models
10:24:45.652 [main] DEBUG org.hibernate.boot.model.internal.EntityBinder - Binding entity from annotated class: org.frcpm.models.Subteam
10:24:45.652 [main] DEBUG org.hibernate.boot.model.internal.EntityBinder - Import with entity name Subteam
10:24:45.652 [main] DEBUG org.hibernate.boot.model.internal.EntityBinder - Bind entity org.frcpm.models.Subteam on table subteams
10:24:45.652 [main] DEBUG org.hibernate.boot.model.internal.AnnotatedColumn - Binding column: AnnotatedDiscriminatorColumn(column='DTYPE')
10:24:45.652 [main] DEBUG org.hibernate.boot.model.internal.AnnotatedColumn - Binding column: AnnotatedColumn()
10:24:45.652 [main] DEBUG org.hibernate.boot.internal.ClassLoaderAccessImpl - Not known whether passed class name [org.frcpm.models.Subteam] is safe
10:24:45.652 [main] DEBUG org.hibernate.boot.internal.ClassLoaderAccessImpl - No temp ClassLoader provided; using live ClassLoader for loading potentially unsafe class : org.frcpm.models.Subteam
10:24:45.652 [main] DEBUG org.hibernate.boot.model.internal.PropertyBinder - MetadataSourceProcessor property id with lazy=false
10:24:45.652 [main] DEBUG org.hibernate.boot.model.internal.AbstractPropertyHolder - Attempting to locate auto-apply AttributeConverter for property [org.frcpm.models.Subteam:id]
10:24:45.652 [main] DEBUG org.hibernate.boot.model.internal.BasicValueBinder - building BasicValue for id
10:24:45.652 [main] DEBUG org.hibernate.mapping.BasicValue - Skipping column re-registration: subteams.id
10:24:45.652 [main] DEBUG org.hibernate.boot.model.internal.PropertyBinder - Building property id
10:24:45.652 [main] DEBUG org.hibernate.boot.model.internal.BinderHelper - #makeIdGenerator(BasicValue([Column(id)]), id, identity, , ...)
10:24:45.653 [main] DEBUG org.hibernate.boot.model.internal.AnnotatedColumn - Binding column: AnnotatedColumn(column='color_code')
10:24:45.653 [main] DEBUG org.hibernate.boot.model.internal.PropertyBinder - MetadataSourceProcessor property colorCode with lazy=false
10:24:45.653 [main] DEBUG org.hibernate.boot.model.internal.AbstractPropertyHolder - Attempting to locate auto-apply AttributeConverter for property [org.frcpm.models.Subteam:colorCode]
10:24:45.653 [main] DEBUG org.hibernate.boot.model.internal.BasicValueBinder - building BasicValue for colorCode
10:24:45.653 [main] DEBUG org.hibernate.mapping.BasicValue - Skipping column re-registration: subteams.color_code
10:24:45.653 [main] DEBUG org.hibernate.boot.model.internal.PropertyBinder - Building property colorCode
10:24:45.653 [main] DEBUG org.hibernate.boot.model.internal.AnnotatedColumn - Binding column: AnnotatedJoinColumn()
10:24:45.653 [main] DEBUG org.hibernate.boot.model.internal.AnnotatedColumn - Binding column: AnnotatedColumn()
10:24:45.653 [main] DEBUG org.hibernate.boot.model.internal.AnnotatedColumn - Binding column: IndexColumn(column='members_ORDER')
10:24:45.653 [main] DEBUG org.hibernate.boot.model.internal.AnnotatedColumn - Binding column: AnnotatedColumn()
10:24:45.653 [main] DEBUG org.hibernate.boot.model.internal.AnnotatedColumn - Binding column: AnnotatedColumn(column='members_KEY')
10:24:45.653 [main] DEBUG org.hibernate.boot.model.internal.AnnotatedColumn - Binding column: AnnotatedJoinColumn(column='members_KEY')
10:24:45.653 [main] DEBUG org.hibernate.boot.model.internal.AnnotatedColumn - Binding column: AnnotatedJoinColumn()
10:24:45.653 [main] DEBUG org.hibernate.boot.model.internal.AnnotatedColumn - Binding column: AnnotatedJoinColumn()
10:24:45.653 [main] DEBUG org.hibernate.boot.model.internal.CollectionBinder - Collection role: org.frcpm.models.Subteam.members
10:24:45.653 [main] DEBUG org.hibernate.boot.model.internal.PropertyBinder - Building property members
10:24:45.653 [main] DEBUG org.hibernate.boot.model.internal.AnnotatedColumn - Binding column: AnnotatedColumn(column='name')
10:24:45.653 [main] DEBUG org.hibernate.boot.model.internal.PropertyBinder - MetadataSourceProcessor property name with lazy=false
10:24:45.653 [main] DEBUG org.hibernate.boot.model.internal.AbstractPropertyHolder - Attempting to locate auto-apply AttributeConverter for property [org.frcpm.models.Subteam:name]
10:24:45.653 [main] DEBUG org.hibernate.boot.model.internal.BasicValueBinder - building BasicValue for name
10:24:45.653 [main] DEBUG org.hibernate.mapping.BasicValue - Skipping column re-registration: subteams.name
10:24:45.653 [main] DEBUG org.hibernate.boot.model.internal.PropertyBinder - Building property name
10:24:45.653 [main] DEBUG org.hibernate.boot.model.internal.AnnotatedColumn - Binding column: AnnotatedColumn(column='specialties')
10:24:45.653 [main] DEBUG org.hibernate.boot.model.internal.PropertyBinder - MetadataSourceProcessor property specialties with lazy=false
10:24:45.653 [main] DEBUG org.hibernate.boot.model.internal.AbstractPropertyHolder - Attempting to locate auto-apply AttributeConverter for property [org.frcpm.models.Subteam:specialties]
10:24:45.653 [main] DEBUG org.hibernate.boot.model.internal.BasicValueBinder - building BasicValue for specialties
10:24:45.653 [main] DEBUG org.hibernate.mapping.BasicValue - Skipping column re-registration: subteams.specialties
10:24:45.653 [main] DEBUG org.hibernate.boot.model.internal.PropertyBinder - Building property specialties
10:24:45.653 [main] DEBUG org.hibernate.boot.model.internal.AnnotatedColumn - Binding column: AnnotatedJoinColumn()
10:24:45.653 [main] DEBUG org.hibernate.boot.model.internal.AnnotatedColumn - Binding column: AnnotatedColumn()
10:24:45.653 [main] DEBUG org.hibernate.boot.model.internal.AnnotatedColumn - Binding column: IndexColumn(column='subsystems_ORDER')
10:24:45.653 [main] DEBUG org.hibernate.boot.model.internal.AnnotatedColumn - Binding column: AnnotatedColumn()
10:24:45.653 [main] DEBUG org.hibernate.boot.model.internal.AnnotatedColumn - Binding column: AnnotatedColumn(column='subsystems_KEY')
10:24:45.653 [main] DEBUG org.hibernate.boot.model.internal.AnnotatedColumn - Binding column: AnnotatedJoinColumn(column='subsystems_KEY')
10:24:45.653 [main] DEBUG org.hibernate.boot.model.internal.AnnotatedColumn - Binding column: AnnotatedJoinColumn()
10:24:45.653 [main] DEBUG org.hibernate.boot.model.internal.AnnotatedColumn - Binding column: AnnotatedJoinColumn()
10:24:45.653 [main] DEBUG org.hibernate.boot.model.internal.CollectionBinder - Collection role: org.frcpm.models.Subteam.subsystems
10:24:45.653 [main] DEBUG org.hibernate.boot.model.internal.PropertyBinder - Building property subsystems
10:24:45.655 [main] DEBUG org.hibernate.boot.registry.classloading.internal.ClassLoaderServiceImpl - HHH000194: Package not found or no package-info.java: org.frcpm.models
10:24:45.655 [main] DEBUG org.hibernate.boot.model.internal.EntityBinder - Binding entity from annotated class: org.frcpm.models.Task
10:24:45.655 [main] DEBUG org.hibernate.boot.model.internal.EntityBinder - Import with entity name Task
10:24:45.655 [main] DEBUG org.hibernate.boot.model.internal.EntityBinder - Bind entity org.frcpm.models.Task on table tasks
10:24:45.655 [main] DEBUG org.hibernate.boot.model.internal.AnnotatedColumn - Binding column: AnnotatedDiscriminatorColumn(column='DTYPE')
10:24:45.657 [main] DEBUG org.hibernate.boot.model.internal.AnnotatedColumn - Binding column: AnnotatedColumn()
10:24:45.657 [main] DEBUG org.hibernate.boot.internal.ClassLoaderAccessImpl - Not known whether passed class name [org.frcpm.models.Task] is safe
10:24:45.657 [main] DEBUG org.hibernate.boot.internal.ClassLoaderAccessImpl - No temp ClassLoader provided; using live ClassLoader for loading potentially unsafe class : org.frcpm.models.Task
10:24:45.657 [main] DEBUG org.hibernate.boot.model.internal.PropertyBinder - MetadataSourceProcessor property id with lazy=false
10:24:45.657 [main] DEBUG org.hibernate.boot.model.internal.AbstractPropertyHolder - Attempting to locate auto-apply AttributeConverter for property [org.frcpm.models.Task:id]
10:24:45.657 [main] DEBUG org.hibernate.boot.model.internal.BasicValueBinder - building BasicValue for id
10:24:45.657 [main] DEBUG org.hibernate.mapping.BasicValue - Skipping column re-registration: tasks.id
10:24:45.657 [main] DEBUG org.hibernate.boot.model.internal.PropertyBinder - Building property id
10:24:45.657 [main] DEBUG org.hibernate.boot.model.internal.BinderHelper - #makeIdGenerator(BasicValue([Column(id)]), id, identity, , ...)
10:24:45.657 [main] DEBUG org.hibernate.boot.model.internal.AnnotatedColumn - Binding column: AnnotatedColumn(column='actual_duration_seconds')
10:24:45.657 [main] DEBUG org.hibernate.boot.model.internal.PropertyBinder - MetadataSourceProcessor property actualDurationSeconds with lazy=false
10:24:45.657 [main] DEBUG org.hibernate.boot.model.internal.AbstractPropertyHolder - Attempting to locate auto-apply AttributeConverter for property [org.frcpm.models.Task:actualDurationSeconds]
10:24:45.657 [main] DEBUG org.hibernate.boot.model.internal.BasicValueBinder - building BasicValue for actualDurationSeconds
10:24:45.657 [main] DEBUG org.hibernate.mapping.BasicValue - Skipping column re-registration: tasks.actual_duration_seconds
10:24:45.657 [main] DEBUG org.hibernate.boot.model.internal.PropertyBinder - Building property actualDurationSeconds
10:24:45.657 [main] DEBUG org.hibernate.boot.model.internal.AnnotatedColumn - Binding column: IndexColumn(column='assignedTo_ORDER')
10:24:45.657 [main] DEBUG org.hibernate.boot.model.internal.AnnotatedColumn - Binding column: AnnotatedColumn()
10:24:45.657 [main] DEBUG org.hibernate.boot.model.internal.AnnotatedColumn - Binding column: AnnotatedColumn(column='assignedTo_KEY')
10:24:45.657 [main] DEBUG org.hibernate.boot.model.internal.AnnotatedColumn - Binding column: AnnotatedJoinColumn(column='assignedTo_KEY')
10:24:45.657 [main] DEBUG org.hibernate.boot.model.internal.AnnotatedColumn - Binding column: AnnotatedJoinColumn(column='task_id')
10:24:45.657 [main] DEBUG org.hibernate.boot.model.internal.AnnotatedColumn - Binding column: AnnotatedJoinColumn(column='team_member_id')
10:24:45.657 [main] DEBUG org.hibernate.boot.model.internal.CollectionBinder - Collection role: org.frcpm.models.Task.assignedTo
10:24:45.658 [main] DEBUG org.hibernate.boot.model.internal.PropertyBinder - Building property assignedTo
10:24:45.658 [main] DEBUG org.hibernate.boot.model.internal.AnnotatedColumn - Binding column: AnnotatedColumn(column='completed')
10:24:45.658 [main] DEBUG org.hibernate.boot.model.internal.PropertyBinder - MetadataSourceProcessor property completed with lazy=false
10:24:45.658 [main] DEBUG org.hibernate.boot.model.internal.AbstractPropertyHolder - Attempting to locate auto-apply AttributeConverter for property [org.frcpm.models.Task:completed]
10:24:45.658 [main] DEBUG org.hibernate.boot.model.internal.BasicValueBinder - building BasicValue for completed
10:24:45.658 [main] DEBUG org.hibernate.mapping.BasicValue - Skipping column re-registration: tasks.completed
10:24:45.658 [main] DEBUG org.hibernate.boot.model.internal.PropertyBinder - Building property completed
10:24:45.658 [main] DEBUG org.hibernate.boot.model.internal.AnnotatedColumn - Binding column: AnnotatedColumn(column='description')
10:24:45.658 [main] DEBUG org.hibernate.boot.model.internal.PropertyBinder - MetadataSourceProcessor property description with lazy=false
10:24:45.658 [main] DEBUG org.hibernate.boot.model.internal.AbstractPropertyHolder - Attempting to locate auto-apply AttributeConverter for property [org.frcpm.models.Task:description]
10:24:45.658 [main] DEBUG org.hibernate.boot.model.internal.BasicValueBinder - building BasicValue for description
10:24:45.658 [main] DEBUG org.hibernate.mapping.BasicValue - Skipping column re-registration: tasks.description
10:24:45.658 [main] DEBUG org.hibernate.boot.model.internal.PropertyBinder - Building property description
10:24:45.658 [main] DEBUG org.hibernate.boot.model.internal.AnnotatedColumn - Binding column: AnnotatedColumn(column='end_date')
10:24:45.658 [main] DEBUG org.hibernate.boot.model.internal.PropertyBinder - MetadataSourceProcessor property endDate with lazy=false
10:24:45.658 [main] DEBUG org.hibernate.boot.model.internal.AbstractPropertyHolder - Attempting to locate auto-apply AttributeConverter for property [org.frcpm.models.Task:endDate]
10:24:45.658 [main] DEBUG org.hibernate.boot.model.internal.BasicValueBinder - building BasicValue for endDate
10:24:45.658 [main] DEBUG org.hibernate.mapping.BasicValue - Skipping column re-registration: tasks.end_date
10:24:45.658 [main] DEBUG org.hibernate.boot.model.internal.PropertyBinder - Building property endDate
10:24:45.658 [main] DEBUG org.hibernate.boot.model.internal.AnnotatedColumn - Binding column: AnnotatedColumn(column='estimated_duration_seconds')
10:24:45.658 [main] DEBUG org.hibernate.boot.model.internal.PropertyBinder - MetadataSourceProcessor property estimatedDurationSeconds with lazy=false
10:24:45.658 [main] DEBUG org.hibernate.boot.model.internal.AbstractPropertyHolder - Attempting to locate auto-apply AttributeConverter for property [org.frcpm.models.Task:estimatedDurationSeconds]
10:24:45.658 [main] DEBUG org.hibernate.boot.model.internal.BasicValueBinder - building BasicValue for estimatedDurationSeconds
10:24:45.658 [main] DEBUG org.hibernate.mapping.BasicValue - Skipping column re-registration: tasks.estimated_duration_seconds
10:24:45.658 [main] DEBUG org.hibernate.boot.model.internal.PropertyBinder - Building property estimatedDurationSeconds
10:24:45.658 [main] DEBUG org.hibernate.boot.model.internal.AnnotatedColumn - Binding column: IndexColumn(column='postDependencies_ORDER')
10:24:45.658 [main] DEBUG org.hibernate.boot.model.internal.AnnotatedColumn - Binding column: AnnotatedColumn()
10:24:45.658 [main] DEBUG org.hibernate.boot.model.internal.AnnotatedColumn - Binding column: AnnotatedColumn(column='postDependencies_KEY')
10:24:45.658 [main] DEBUG org.hibernate.boot.model.internal.AnnotatedColumn - Binding column: AnnotatedJoinColumn(column='postDependencies_KEY')
10:24:45.658 [main] DEBUG org.hibernate.boot.model.internal.AnnotatedColumn - Binding column: AnnotatedJoinColumn()
10:24:45.658 [main] DEBUG org.hibernate.boot.model.internal.AnnotatedColumn - Binding column: AnnotatedJoinColumn()
10:24:45.658 [main] DEBUG org.hibernate.boot.model.internal.CollectionBinder - Collection role: org.frcpm.models.Task.postDependencies
10:24:45.658 [main] DEBUG org.hibernate.boot.model.internal.PropertyBinder - Building property postDependencies
10:24:45.658 [main] DEBUG org.hibernate.boot.model.internal.AnnotatedColumn - Binding column: IndexColumn(column='preDependencies_ORDER')
10:24:45.658 [main] DEBUG org.hibernate.boot.model.internal.AnnotatedColumn - Binding column: AnnotatedColumn()
10:24:45.658 [main] DEBUG org.hibernate.boot.model.internal.AnnotatedColumn - Binding column: AnnotatedColumn(column='preDependencies_KEY')
10:24:45.658 [main] DEBUG org.hibernate.boot.model.internal.AnnotatedColumn - Binding column: AnnotatedJoinColumn(column='preDependencies_KEY')
10:24:45.658 [main] DEBUG org.hibernate.boot.model.internal.AnnotatedColumn - Binding column: AnnotatedJoinColumn(column='task_id')
10:24:45.658 [main] DEBUG org.hibernate.boot.model.internal.AnnotatedColumn - Binding column: AnnotatedJoinColumn(column='dependency_id')
10:24:45.659 [main] DEBUG org.hibernate.boot.model.internal.CollectionBinder - Collection role: org.frcpm.models.Task.preDependencies
10:24:45.659 [main] DEBUG org.hibernate.boot.model.internal.PropertyBinder - Building property preDependencies
10:24:45.659 [main] DEBUG org.hibernate.boot.model.internal.AnnotatedColumn - Binding column: AnnotatedColumn(column='priority')
10:24:45.659 [main] DEBUG org.hibernate.boot.model.internal.PropertyBinder - MetadataSourceProcessor property priority with lazy=false
10:24:45.659 [main] DEBUG org.hibernate.boot.model.internal.AbstractPropertyHolder - Attempting to locate auto-apply AttributeConverter for property [org.frcpm.models.Task:priority]
10:24:45.659 [main] DEBUG org.hibernate.boot.model.internal.BasicValueBinder - building BasicValue for priority
10:24:45.659 [main] DEBUG org.hibernate.mapping.BasicValue - Skipping column re-registration: tasks.priority
10:24:45.659 [main] DEBUG org.hibernate.boot.model.internal.PropertyBinder - Building property priority
10:24:45.659 [main] DEBUG org.hibernate.boot.model.internal.AnnotatedColumn - Binding column: AnnotatedColumn(column='progress')
10:24:45.659 [main] DEBUG org.hibernate.boot.model.internal.PropertyBinder - MetadataSourceProcessor property progress with lazy=false
10:24:45.659 [main] DEBUG org.hibernate.boot.model.internal.AbstractPropertyHolder - Attempting to locate auto-apply AttributeConverter for property [org.frcpm.models.Task:progress]
10:24:45.659 [main] DEBUG org.hibernate.boot.model.internal.BasicValueBinder - building BasicValue for progress
10:24:45.659 [main] DEBUG org.hibernate.mapping.BasicValue - Skipping column re-registration: tasks.progress
10:24:45.659 [main] DEBUG org.hibernate.boot.model.internal.PropertyBinder - Building property progress
10:24:45.659 [main] DEBUG org.hibernate.boot.model.internal.AnnotatedColumn - Binding column: AnnotatedJoinColumn(column='project_id')
10:24:45.659 [main] DEBUG org.hibernate.boot.model.internal.AnnotatedColumn - Binding column: AnnotatedColumn()
10:24:45.659 [main] DEBUG org.hibernate.boot.model.internal.PropertyBinder - Building property project
10:24:45.659 [main] DEBUG org.hibernate.boot.model.internal.AnnotatedColumn - Binding column: IndexColumn(column='requiredComponents_ORDER')
10:24:45.659 [main] DEBUG org.hibernate.boot.model.internal.AnnotatedColumn - Binding column: AnnotatedColumn()
10:24:45.659 [main] DEBUG org.hibernate.boot.model.internal.AnnotatedColumn - Binding column: AnnotatedColumn(column='requiredComponents_KEY')
10:24:45.659 [main] DEBUG org.hibernate.boot.model.internal.AnnotatedColumn - Binding column: AnnotatedJoinColumn(column='requiredComponents_KEY')
10:24:45.659 [main] DEBUG org.hibernate.boot.model.internal.AnnotatedColumn - Binding column: AnnotatedJoinColumn(column='task_id')
10:24:45.659 [main] DEBUG org.hibernate.boot.model.internal.AnnotatedColumn - Binding column: AnnotatedJoinColumn(column='component_id')
10:24:45.659 [main] DEBUG org.hibernate.boot.model.internal.CollectionBinder - Collection role: org.frcpm.models.Task.requiredComponents
10:24:45.659 [main] DEBUG org.hibernate.boot.model.internal.PropertyBinder - Building property requiredComponents
10:24:45.659 [main] DEBUG org.hibernate.boot.model.internal.AnnotatedColumn - Binding column: AnnotatedColumn(column='start_date')
10:24:45.659 [main] DEBUG org.hibernate.boot.model.internal.PropertyBinder - MetadataSourceProcessor property startDate with lazy=false
10:24:45.659 [main] DEBUG org.hibernate.boot.model.internal.AbstractPropertyHolder - Attempting to locate auto-apply AttributeConverter for property [org.frcpm.models.Task:startDate]
10:24:45.659 [main] DEBUG org.hibernate.boot.model.internal.BasicValueBinder - building BasicValue for startDate
10:24:45.659 [main] DEBUG org.hibernate.mapping.BasicValue - Skipping column re-registration: tasks.start_date
10:24:45.659 [main] DEBUG org.hibernate.boot.model.internal.PropertyBinder - Building property startDate
10:24:45.659 [main] DEBUG org.hibernate.boot.model.internal.AnnotatedColumn - Binding column: AnnotatedJoinColumn(column='subsystem_id')
10:24:45.659 [main] DEBUG org.hibernate.boot.model.internal.AnnotatedColumn - Binding column: AnnotatedColumn()
10:24:45.659 [main] DEBUG org.hibernate.boot.model.internal.PropertyBinder - Building property subsystem
10:24:45.659 [main] DEBUG org.hibernate.boot.model.internal.AnnotatedColumn - Binding column: AnnotatedColumn(column='title')
10:24:45.659 [main] DEBUG org.hibernate.boot.model.internal.PropertyBinder - MetadataSourceProcessor property title with lazy=false
10:24:45.659 [main] DEBUG org.hibernate.boot.model.internal.AbstractPropertyHolder - Attempting to locate auto-apply AttributeConverter for property [org.frcpm.models.Task:title]
10:24:45.659 [main] DEBUG org.hibernate.boot.model.internal.BasicValueBinder - building BasicValue for title
10:24:45.659 [main] DEBUG org.hibernate.mapping.BasicValue - Skipping column re-registration: tasks.title
10:24:45.659 [main] DEBUG org.hibernate.boot.model.internal.PropertyBinder - Building property title
10:24:45.660 [main] DEBUG org.hibernate.boot.registry.classloading.internal.ClassLoaderServiceImpl - HHH000194: Package not found or no package-info.java: org.frcpm.models
10:24:45.660 [main] DEBUG org.hibernate.boot.model.internal.EntityBinder - Binding entity from annotated class: org.frcpm.models.TeamMember
10:24:45.660 [main] DEBUG org.hibernate.boot.model.internal.EntityBinder - Import with entity name TeamMember
10:24:45.660 [main] DEBUG org.hibernate.boot.model.internal.EntityBinder - Bind entity org.frcpm.models.TeamMember on table team_members
10:24:45.660 [main] DEBUG org.hibernate.boot.model.internal.AnnotatedColumn - Binding column: AnnotatedDiscriminatorColumn(column='DTYPE')
10:24:45.660 [main] DEBUG org.hibernate.boot.model.internal.AnnotatedColumn - Binding column: AnnotatedColumn()
10:24:45.660 [main] DEBUG org.hibernate.boot.internal.ClassLoaderAccessImpl - Not known whether passed class name [org.frcpm.models.TeamMember] is safe
10:24:45.660 [main] DEBUG org.hibernate.boot.internal.ClassLoaderAccessImpl - No temp ClassLoader provided; using live ClassLoader for loading potentially unsafe class : org.frcpm.models.TeamMember
10:24:45.660 [main] DEBUG org.hibernate.boot.model.internal.PropertyBinder - MetadataSourceProcessor property id with lazy=false
10:24:45.660 [main] DEBUG org.hibernate.boot.model.internal.AbstractPropertyHolder - Attempting to locate auto-apply AttributeConverter for property [org.frcpm.models.TeamMember:id]
10:24:45.660 [main] DEBUG org.hibernate.boot.model.internal.BasicValueBinder - building BasicValue for id
10:24:45.660 [main] DEBUG org.hibernate.mapping.BasicValue - Skipping column re-registration: team_members.id
10:24:45.660 [main] DEBUG org.hibernate.boot.model.internal.PropertyBinder - Building property id
10:24:45.660 [main] DEBUG org.hibernate.boot.model.internal.BinderHelper - #makeIdGenerator(BasicValue([Column(id)]), id, identity, , ...)
10:24:45.660 [main] DEBUG org.hibernate.boot.model.internal.AnnotatedColumn - Binding column: IndexColumn(column='assignedTasks_ORDER')
10:24:45.660 [main] DEBUG org.hibernate.boot.model.internal.AnnotatedColumn - Binding column: AnnotatedColumn()
10:24:45.660 [main] DEBUG org.hibernate.boot.model.internal.AnnotatedColumn - Binding column: AnnotatedColumn(column='assignedTasks_KEY')
10:24:45.660 [main] DEBUG org.hibernate.boot.model.internal.AnnotatedColumn - Binding column: AnnotatedJoinColumn(column='assignedTasks_KEY')
10:24:45.660 [main] DEBUG org.hibernate.boot.model.internal.AnnotatedColumn - Binding column: AnnotatedJoinColumn()
10:24:45.660 [main] DEBUG org.hibernate.boot.model.internal.AnnotatedColumn - Binding column: AnnotatedJoinColumn()
10:24:45.660 [main] DEBUG org.hibernate.boot.model.internal.CollectionBinder - Collection role: org.frcpm.models.TeamMember.assignedTasks
10:24:45.660 [main] DEBUG org.hibernate.boot.model.internal.PropertyBinder - Building property assignedTasks
10:24:45.660 [main] DEBUG org.hibernate.boot.model.internal.AnnotatedColumn - Binding column: AnnotatedJoinColumn()
10:24:45.660 [main] DEBUG org.hibernate.boot.model.internal.AnnotatedColumn - Binding column: AnnotatedColumn()
10:24:45.660 [main] DEBUG org.hibernate.boot.model.internal.AnnotatedColumn - Binding column: IndexColumn(column='attendances_ORDER')
10:24:45.660 [main] DEBUG org.hibernate.boot.model.internal.AnnotatedColumn - Binding column: AnnotatedColumn()
10:24:45.660 [main] DEBUG org.hibernate.boot.model.internal.AnnotatedColumn - Binding column: AnnotatedColumn(column='attendances_KEY')
10:24:45.660 [main] DEBUG org.hibernate.boot.model.internal.AnnotatedColumn - Binding column: AnnotatedJoinColumn(column='attendances_KEY')
10:24:45.660 [main] DEBUG org.hibernate.boot.model.internal.AnnotatedColumn - Binding column: AnnotatedJoinColumn()
10:24:45.660 [main] DEBUG org.hibernate.boot.model.internal.AnnotatedColumn - Binding column: AnnotatedJoinColumn()
10:24:45.660 [main] DEBUG org.hibernate.boot.model.internal.CollectionBinder - Collection role: org.frcpm.models.TeamMember.attendances
10:24:45.660 [main] DEBUG org.hibernate.boot.model.internal.PropertyBinder - Building property attendances
10:24:45.660 [main] DEBUG org.hibernate.boot.model.internal.AnnotatedColumn - Binding column: AnnotatedColumn(column='email')
10:24:45.660 [main] DEBUG org.hibernate.boot.model.internal.PropertyBinder - MetadataSourceProcessor property email with lazy=false
10:24:45.660 [main] DEBUG org.hibernate.boot.model.internal.AbstractPropertyHolder - Attempting to locate auto-apply AttributeConverter for property [org.frcpm.models.TeamMember:email]
10:24:45.660 [main] DEBUG org.hibernate.boot.model.internal.BasicValueBinder - building BasicValue for email
10:24:45.660 [main] DEBUG org.hibernate.mapping.BasicValue - Skipping column re-registration: team_members.email
10:24:45.660 [main] DEBUG org.hibernate.boot.model.internal.PropertyBinder - Building property email
10:24:45.661 [main] DEBUG org.hibernate.boot.model.internal.AnnotatedColumn - Binding column: AnnotatedColumn(column='first_name')
10:24:45.661 [main] DEBUG org.hibernate.boot.model.internal.PropertyBinder - MetadataSourceProcessor property firstName with lazy=false
10:24:45.661 [main] DEBUG org.hibernate.boot.model.internal.AbstractPropertyHolder - Attempting to locate auto-apply AttributeConverter for property [org.frcpm.models.TeamMember:firstName]
10:24:45.661 [main] DEBUG org.hibernate.boot.model.internal.BasicValueBinder - building BasicValue for firstName
10:24:45.661 [main] DEBUG org.hibernate.mapping.BasicValue - Skipping column re-registration: team_members.first_name
10:24:45.661 [main] DEBUG org.hibernate.boot.model.internal.PropertyBinder - Building property firstName
10:24:45.661 [main] DEBUG org.hibernate.boot.model.internal.AnnotatedColumn - Binding column: AnnotatedColumn(column='last_name')
10:24:45.661 [main] DEBUG org.hibernate.boot.model.internal.PropertyBinder - MetadataSourceProcessor property lastName with lazy=false
10:24:45.661 [main] DEBUG org.hibernate.boot.model.internal.AbstractPropertyHolder - Attempting to locate auto-apply AttributeConverter for property [org.frcpm.models.TeamMember:lastName]
10:24:45.661 [main] DEBUG org.hibernate.boot.model.internal.BasicValueBinder - building BasicValue for lastName
10:24:45.661 [main] DEBUG org.hibernate.mapping.BasicValue - Skipping column re-registration: team_members.last_name
10:24:45.661 [main] DEBUG org.hibernate.boot.model.internal.PropertyBinder - Building property lastName
10:24:45.661 [main] DEBUG org.hibernate.boot.model.internal.AnnotatedColumn - Binding column: AnnotatedColumn(column='is_leader')
10:24:45.661 [main] DEBUG org.hibernate.boot.model.internal.PropertyBinder - MetadataSourceProcessor property leader with lazy=false
10:24:45.661 [main] DEBUG org.hibernate.boot.model.internal.AbstractPropertyHolder - Attempting to locate auto-apply AttributeConverter for property [org.frcpm.models.TeamMember:leader]
10:24:45.661 [main] DEBUG org.hibernate.boot.model.internal.BasicValueBinder - building BasicValue for leader
10:24:45.661 [main] DEBUG org.hibernate.mapping.BasicValue - Skipping column re-registration: team_members.is_leader
10:24:45.661 [main] DEBUG org.hibernate.boot.model.internal.PropertyBinder - Building property leader
10:24:45.661 [main] DEBUG org.hibernate.boot.model.internal.AnnotatedColumn - Binding column: AnnotatedColumn(column='phone')
10:24:45.661 [main] DEBUG org.hibernate.boot.model.internal.PropertyBinder - MetadataSourceProcessor property phone with lazy=false
10:24:45.661 [main] DEBUG org.hibernate.boot.model.internal.AbstractPropertyHolder - Attempting to locate auto-apply AttributeConverter for property [org.frcpm.models.TeamMember:phone]
10:24:45.661 [main] DEBUG org.hibernate.boot.model.internal.BasicValueBinder - building BasicValue for phone
10:24:45.661 [main] DEBUG org.hibernate.mapping.BasicValue - Skipping column re-registration: team_members.phone
10:24:45.661 [main] DEBUG org.hibernate.boot.model.internal.PropertyBinder - Building property phone
10:24:45.661 [main] DEBUG org.hibernate.boot.model.internal.AnnotatedColumn - Binding column: AnnotatedColumn(column='skills')
10:24:45.661 [main] DEBUG org.hibernate.boot.model.internal.PropertyBinder - MetadataSourceProcessor property skills with lazy=false
10:24:45.661 [main] DEBUG org.hibernate.boot.model.internal.AbstractPropertyHolder - Attempting to locate auto-apply AttributeConverter for property [org.frcpm.models.TeamMember:skills]
10:24:45.661 [main] DEBUG org.hibernate.boot.model.internal.BasicValueBinder - building BasicValue for skills
10:24:45.661 [main] DEBUG org.hibernate.mapping.BasicValue - Skipping column re-registration: team_members.skills
10:24:45.661 [main] DEBUG org.hibernate.boot.model.internal.PropertyBinder - Building property skills
10:24:45.661 [main] DEBUG org.hibernate.boot.model.internal.AnnotatedColumn - Binding column: AnnotatedJoinColumn(column='subteam_id')
10:24:45.661 [main] DEBUG org.hibernate.boot.model.internal.AnnotatedColumn - Binding column: AnnotatedColumn()
10:24:45.661 [main] DEBUG org.hibernate.boot.model.internal.PropertyBinder - Building property subteam
10:24:45.661 [main] DEBUG org.hibernate.boot.model.internal.AnnotatedColumn - Binding column: AnnotatedColumn(column='username')
10:24:45.661 [main] DEBUG org.hibernate.boot.model.internal.PropertyBinder - MetadataSourceProcessor property username with lazy=false
10:24:45.661 [main] DEBUG org.hibernate.boot.model.internal.AbstractPropertyHolder - Attempting to locate auto-apply AttributeConverter for property [org.frcpm.models.TeamMember:username]
10:24:45.661 [main] DEBUG org.hibernate.boot.model.internal.BasicValueBinder - building BasicValue for username
10:24:45.661 [main] DEBUG org.hibernate.mapping.BasicValue - Skipping column re-registration: team_members.username
10:24:45.661 [main] DEBUG org.hibernate.boot.model.internal.PropertyBinder - Building property username
10:24:45.661 [main] DEBUG org.hibernate.boot.registry.classloading.internal.ClassLoaderServiceImpl - HHH000194: Package not found or no package-info.java: org.frcpm.models
10:24:45.663 [main] DEBUG org.hibernate.boot.model.internal.BasicValueBinder - Starting `BasicValueBinder#fillSimpleValue` for id
10:24:45.663 [main] DEBUG org.hibernate.boot.model.internal.BasicValueBinder - Starting `BasicValueBinder#fillSimpleValue` for arrivalTime
10:24:45.663 [main] DEBUG org.hibernate.boot.model.internal.BasicValueBinder - Starting `BasicValueBinder#fillSimpleValue` for departureTime
10:24:45.663 [main] DEBUG org.hibernate.boot.model.internal.BasicValueBinder - Starting `BasicValueBinder#fillSimpleValue` for present
10:24:45.663 [main] DEBUG org.hibernate.boot.model.internal.BasicValueBinder - Starting `BasicValueBinder#fillSimpleValue` for id
10:24:45.663 [main] DEBUG org.hibernate.boot.model.internal.BasicValueBinder - Starting `BasicValueBinder#fillSimpleValue` for date
10:24:45.663 [main] DEBUG org.hibernate.boot.model.internal.BasicValueBinder - Starting `BasicValueBinder#fillSimpleValue` for endTime
10:24:45.663 [main] DEBUG org.hibernate.boot.model.internal.BasicValueBinder - Starting `BasicValueBinder#fillSimpleValue` for notes
10:24:45.663 [main] DEBUG org.hibernate.boot.model.internal.BasicValueBinder - Starting `BasicValueBinder#fillSimpleValue` for startTime
10:24:45.663 [main] DEBUG org.hibernate.boot.model.internal.BasicValueBinder - Starting `BasicValueBinder#fillSimpleValue` for id
10:24:45.663 [main] DEBUG org.hibernate.boot.model.internal.BasicValueBinder - Starting `BasicValueBinder#fillSimpleValue` for description
10:24:45.663 [main] DEBUG org.hibernate.boot.model.internal.BasicValueBinder - Starting `BasicValueBinder#fillSimpleValue` for name
10:24:45.663 [main] DEBUG org.hibernate.boot.model.internal.BasicValueBinder - Starting `BasicValueBinder#fillSimpleValue` for status
10:24:45.663 [main] DEBUG org.hibernate.boot.model.internal.BasicValueBinder - Starting `BasicValueBinder#fillSimpleValue` for id
10:24:45.663 [main] DEBUG org.hibernate.boot.model.internal.BasicValueBinder - Starting `BasicValueBinder#fillSimpleValue` for actualDelivery
10:24:45.663 [main] DEBUG org.hibernate.boot.model.internal.BasicValueBinder - Starting `BasicValueBinder#fillSimpleValue` for delivered
10:24:45.663 [main] DEBUG org.hibernate.boot.model.internal.BasicValueBinder - Starting `BasicValueBinder#fillSimpleValue` for description
10:24:45.663 [main] DEBUG org.hibernate.boot.model.internal.BasicValueBinder - Starting `BasicValueBinder#fillSimpleValue` for expectedDelivery
10:24:45.663 [main] DEBUG org.hibernate.boot.model.internal.BasicValueBinder - Starting `BasicValueBinder#fillSimpleValue` for name
10:24:45.663 [main] DEBUG org.hibernate.boot.model.internal.BasicValueBinder - Starting `BasicValueBinder#fillSimpleValue` for partNumber
10:24:45.663 [main] DEBUG org.hibernate.boot.model.internal.BasicValueBinder - Starting `BasicValueBinder#fillSimpleValue` for id
10:24:45.663 [main] DEBUG org.hibernate.boot.model.internal.BasicValueBinder - Starting `BasicValueBinder#fillSimpleValue` for date
10:24:45.663 [main] DEBUG org.hibernate.boot.model.internal.BasicValueBinder - Starting `BasicValueBinder#fillSimpleValue` for description
10:24:45.663 [main] DEBUG org.hibernate.boot.model.internal.BasicValueBinder - Starting `BasicValueBinder#fillSimpleValue` for name
10:24:45.663 [main] DEBUG org.hibernate.boot.model.internal.BasicValueBinder - Starting `BasicValueBinder#fillSimpleValue` for id
10:24:45.663 [main] DEBUG org.hibernate.boot.model.internal.BasicValueBinder - Starting `BasicValueBinder#fillSimpleValue` for description
10:24:45.663 [main] DEBUG org.hibernate.boot.model.internal.BasicValueBinder - Starting `BasicValueBinder#fillSimpleValue` for goalEndDate
10:24:45.663 [main] DEBUG org.hibernate.boot.model.internal.BasicValueBinder - Starting `BasicValueBinder#fillSimpleValue` for hardDeadline
10:24:45.663 [main] DEBUG org.hibernate.boot.model.internal.BasicValueBinder - Starting `BasicValueBinder#fillSimpleValue` for name
10:24:45.663 [main] DEBUG org.hibernate.boot.model.internal.BasicValueBinder - Starting `BasicValueBinder#fillSimpleValue` for startDate
10:24:45.663 [main] DEBUG org.hibernate.boot.model.internal.BasicValueBinder - Starting `BasicValueBinder#fillSimpleValue` for id
10:24:45.663 [main] DEBUG org.hibernate.boot.model.internal.BasicValueBinder - Starting `BasicValueBinder#fillSimpleValue` for colorCode
10:24:45.663 [main] DEBUG org.hibernate.boot.model.internal.BasicValueBinder - Starting `BasicValueBinder#fillSimpleValue` for name
10:24:45.663 [main] DEBUG org.hibernate.boot.model.internal.BasicValueBinder - Starting `BasicValueBinder#fillSimpleValue` for specialties
10:24:45.663 [main] DEBUG org.hibernate.boot.model.internal.BasicValueBinder - Starting `BasicValueBinder#fillSimpleValue` for id
10:24:45.663 [main] DEBUG org.hibernate.boot.model.internal.BasicValueBinder - Starting `BasicValueBinder#fillSimpleValue` for actualDurationSeconds
10:24:45.663 [main] DEBUG org.hibernate.boot.model.internal.BasicValueBinder - Starting `BasicValueBinder#fillSimpleValue` for completed
10:24:45.663 [main] DEBUG org.hibernate.boot.model.internal.BasicValueBinder - Starting `BasicValueBinder#fillSimpleValue` for description
10:24:45.663 [main] DEBUG org.hibernate.boot.model.internal.BasicValueBinder - Starting `BasicValueBinder#fillSimpleValue` for endDate
10:24:45.663 [main] DEBUG org.hibernate.boot.model.internal.BasicValueBinder - Starting `BasicValueBinder#fillSimpleValue` for estimatedDurationSeconds
10:24:45.663 [main] DEBUG org.hibernate.boot.model.internal.BasicValueBinder - Starting `BasicValueBinder#fillSimpleValue` for priority
10:24:45.663 [main] DEBUG org.hibernate.boot.model.internal.BasicValueBinder - Starting `BasicValueBinder#fillSimpleValue` for progress
10:24:45.663 [main] DEBUG org.hibernate.boot.model.internal.BasicValueBinder - Starting `BasicValueBinder#fillSimpleValue` for startDate
10:24:45.663 [main] DEBUG org.hibernate.boot.model.internal.BasicValueBinder - Starting `BasicValueBinder#fillSimpleValue` for title
10:24:45.663 [main] DEBUG org.hibernate.boot.model.internal.BasicValueBinder - Starting `BasicValueBinder#fillSimpleValue` for id
10:24:45.663 [main] DEBUG org.hibernate.boot.model.internal.BasicValueBinder - Starting `BasicValueBinder#fillSimpleValue` for email
10:24:45.663 [main] DEBUG org.hibernate.boot.model.internal.BasicValueBinder - Starting `BasicValueBinder#fillSimpleValue` for firstName
10:24:45.663 [main] DEBUG org.hibernate.boot.model.internal.BasicValueBinder - Starting `BasicValueBinder#fillSimpleValue` for lastName
10:24:45.663 [main] DEBUG org.hibernate.boot.model.internal.BasicValueBinder - Starting `BasicValueBinder#fillSimpleValue` for leader
10:24:45.663 [main] DEBUG org.hibernate.boot.model.internal.BasicValueBinder - Starting `BasicValueBinder#fillSimpleValue` for phone
10:24:45.663 [main] DEBUG org.hibernate.boot.model.internal.BasicValueBinder - Starting `BasicValueBinder#fillSimpleValue` for skills
10:24:45.663 [main] DEBUG org.hibernate.boot.model.internal.BasicValueBinder - Starting `BasicValueBinder#fillSimpleValue` for username
10:24:45.663 [main] DEBUG org.hibernate.mapping.PrimaryKey - Forcing column [id] to be non-null as it is part of the primary key for table [attendances]
10:24:45.663 [main] DEBUG org.hibernate.mapping.PrimaryKey - Forcing column [id] to be non-null as it is part of the primary key for table [meetings]
10:24:45.663 [main] DEBUG org.hibernate.mapping.PrimaryKey - Forcing column [id] to be non-null as it is part of the primary key for table [subsystems]
10:24:45.663 [main] DEBUG org.hibernate.mapping.PrimaryKey - Forcing column [id] to be non-null as it is part of the primary key for table [components]
10:24:45.663 [main] DEBUG org.hibernate.mapping.PrimaryKey - Forcing column [id] to be non-null as it is part of the primary key for table [milestones]
10:24:45.663 [main] DEBUG org.hibernate.mapping.PrimaryKey - Forcing column [id] to be non-null as it is part of the primary key for table [projects]
10:24:45.663 [main] DEBUG org.hibernate.mapping.PrimaryKey - Forcing column [id] to be non-null as it is part of the primary key for table [subteams]
10:24:45.663 [main] DEBUG org.hibernate.mapping.PrimaryKey - Forcing column [id] to be non-null as it is part of the primary key for table [tasks]
10:24:45.663 [main] DEBUG org.hibernate.mapping.PrimaryKey - Forcing column [id] to be non-null as it is part of the primary key for table [team_members]
10:24:45.663 [main] DEBUG org.hibernate.boot.model.internal.CollectionSecondPass - Second pass for collection: org.frcpm.models.Task.requiredComponents
10:24:45.663 [main] DEBUG org.hibernate.boot.model.internal.CollectionBinder - Binding a ManyToMany: org.frcpm.models.Task.requiredComponents
10:24:45.663 [main] DEBUG org.hibernate.boot.registry.classloading.internal.ClassLoaderServiceImpl - HHH000194: Package not found or no package-info.java: org.frcpm.models
10:24:45.663 [main] DEBUG org.hibernate.mapping.PrimaryKey - Forcing column [task_id] to be non-null as it is part of the primary key for table [task_components]
10:24:45.663 [main] DEBUG org.hibernate.mapping.PrimaryKey - Forcing column [component_id] to be non-null as it is part of the primary key for table [task_components]
10:24:45.663 [main] DEBUG org.hibernate.boot.model.internal.CollectionSecondPass - Mapped collection key: task_id, element: component_id
10:24:45.663 [main] DEBUG org.hibernate.boot.model.internal.CollectionSecondPass - Second pass for collection: org.frcpm.models.Task.preDependencies
10:24:45.663 [main] DEBUG org.hibernate.boot.model.internal.CollectionBinder - Binding a ManyToMany: org.frcpm.models.Task.preDependencies
10:24:45.664 [main] DEBUG org.hibernate.boot.registry.classloading.internal.ClassLoaderServiceImpl - HHH000194: Package not found or no package-info.java: org.frcpm.models
10:24:45.664 [main] DEBUG org.hibernate.mapping.PrimaryKey - Forcing column [task_id] to be non-null as it is part of the primary key for table [task_dependencies]
10:24:45.664 [main] DEBUG org.hibernate.mapping.PrimaryKey - Forcing column [dependency_id] to be non-null as it is part of the primary key for table [task_dependencies]
10:24:45.664 [main] DEBUG org.hibernate.boot.model.internal.CollectionSecondPass - Mapped collection key: task_id, element: dependency_id
10:24:45.664 [main] DEBUG org.hibernate.boot.model.internal.CollectionSecondPass - Second pass for collection: org.frcpm.models.Task.assignedTo
10:24:45.664 [main] DEBUG org.hibernate.boot.model.internal.CollectionBinder - Binding a ManyToMany: org.frcpm.models.Task.assignedTo
10:24:45.664 [main] DEBUG org.hibernate.boot.registry.classloading.internal.ClassLoaderServiceImpl - HHH000194: Package not found or no package-info.java: org.frcpm.models
10:24:45.664 [main] DEBUG org.hibernate.mapping.PrimaryKey - Forcing column [task_id] to be non-null as it is part of the primary key for table [task_assignments]
10:24:45.664 [main] DEBUG org.hibernate.mapping.PrimaryKey - Forcing column [team_member_id] to be non-null as it is part of the primary key for table [task_assignments]
10:24:45.664 [main] DEBUG org.hibernate.boot.model.internal.CollectionSecondPass - Mapped collection key: task_id, element: team_member_id
10:24:45.664 [main] DEBUG org.hibernate.boot.model.internal.CollectionSecondPass - Second pass for collection: org.frcpm.models.Meeting.attendances
10:24:45.664 [main] DEBUG org.hibernate.boot.model.internal.CollectionBinder - Binding a OneToMany: org.frcpm.models.Meeting.attendances through a foreign key
10:24:45.664 [main] DEBUG org.hibernate.boot.model.internal.CollectionBinder - Mapping collection: org.frcpm.models.Meeting.attendances -> attendances
10:24:45.664 [main] DEBUG org.hibernate.boot.model.internal.TableBinder - Retrieving property org.frcpm.models.Attendance.meeting
10:24:45.664 [main] DEBUG org.hibernate.boot.model.internal.CollectionSecondPass - Mapped collection key: meeting_id, one-to-many: org.frcpm.models.Attendance
10:24:45.664 [main] DEBUG org.hibernate.boot.model.internal.CollectionSecondPass - Second pass for collection: org.frcpm.models.Subsystem.tasks
10:24:45.664 [main] DEBUG org.hibernate.boot.model.internal.CollectionBinder - Binding a OneToMany: org.frcpm.models.Subsystem.tasks through a foreign key
10:24:45.664 [main] DEBUG org.hibernate.boot.model.internal.CollectionBinder - Mapping collection: org.frcpm.models.Subsystem.tasks -> tasks
10:24:45.664 [main] DEBUG org.hibernate.boot.model.internal.TableBinder - Retrieving property org.frcpm.models.Task.subsystem
10:24:45.664 [main] DEBUG org.hibernate.boot.model.internal.CollectionSecondPass - Mapped collection key: subsystem_id, one-to-many: org.frcpm.models.Task
10:24:45.664 [main] DEBUG org.hibernate.boot.model.internal.CollectionSecondPass - Second pass for collection: org.frcpm.models.Component.requiredForTasks
10:24:45.664 [main] DEBUG org.hibernate.boot.model.internal.CollectionBinder - Binding a ManyToMany: org.frcpm.models.Component.requiredForTasks
10:24:45.665 [main] DEBUG org.hibernate.boot.registry.classloading.internal.ClassLoaderServiceImpl - HHH000194: Package not found or no package-info.java: org.frcpm.models
10:24:45.665 [main] DEBUG org.hibernate.boot.model.internal.TableBinder - Retrieving property org.frcpm.models.Task.requiredComponents
10:24:45.665 [main] DEBUG org.hibernate.boot.model.internal.CollectionSecondPass - Mapped collection key: component_id, element: task_id
10:24:45.665 [main] DEBUG org.hibernate.boot.model.internal.CollectionSecondPass - Second pass for collection: org.frcpm.models.Project.meetings
10:24:45.665 [main] DEBUG org.hibernate.boot.model.internal.CollectionBinder - Binding a OneToMany: org.frcpm.models.Project.meetings through a foreign key
10:24:45.665 [main] DEBUG org.hibernate.boot.model.internal.CollectionBinder - Mapping collection: org.frcpm.models.Project.meetings -> meetings
10:24:45.665 [main] DEBUG org.hibernate.boot.model.internal.TableBinder - Retrieving property org.frcpm.models.Meeting.project
10:24:45.665 [main] DEBUG org.hibernate.boot.model.internal.CollectionSecondPass - Mapped collection key: project_id, one-to-many: org.frcpm.models.Meeting
10:24:45.665 [main] DEBUG org.hibernate.boot.model.internal.CollectionSecondPass - Second pass for collection: org.frcpm.models.Project.milestones
10:24:45.665 [main] DEBUG org.hibernate.boot.model.internal.CollectionBinder - Binding a OneToMany: org.frcpm.models.Project.milestones through a foreign key
10:24:45.665 [main] DEBUG org.hibernate.boot.model.internal.CollectionBinder - Mapping collection: org.frcpm.models.Project.milestones -> milestones
10:24:45.665 [main] DEBUG org.hibernate.boot.model.internal.TableBinder - Retrieving property org.frcpm.models.Milestone.project
10:24:45.665 [main] DEBUG org.hibernate.boot.model.internal.CollectionSecondPass - Mapped collection key: project_id, one-to-many: org.frcpm.models.Milestone
10:24:45.665 [main] DEBUG org.hibernate.boot.model.internal.CollectionSecondPass - Second pass for collection: org.frcpm.models.Project.tasks
10:24:45.665 [main] DEBUG org.hibernate.boot.model.internal.CollectionBinder - Binding a OneToMany: org.frcpm.models.Project.tasks through a foreign key
10:24:45.665 [main] DEBUG org.hibernate.boot.model.internal.CollectionBinder - Mapping collection: org.frcpm.models.Project.tasks -> tasks
10:24:45.665 [main] DEBUG org.hibernate.boot.model.internal.TableBinder - Retrieving property org.frcpm.models.Task.project
10:24:45.665 [main] DEBUG org.hibernate.boot.model.internal.CollectionSecondPass - Mapped collection key: project_id, one-to-many: org.frcpm.models.Task
10:24:45.665 [main] DEBUG org.hibernate.boot.model.internal.CollectionSecondPass - Second pass for collection: org.frcpm.models.Subteam.members
10:24:45.665 [main] DEBUG org.hibernate.boot.model.internal.CollectionBinder - Binding a OneToMany: org.frcpm.models.Subteam.members through a foreign key
10:24:45.665 [main] DEBUG org.hibernate.boot.model.internal.CollectionBinder - Mapping collection: org.frcpm.models.Subteam.members -> team_members
10:24:45.665 [main] DEBUG org.hibernate.boot.model.internal.TableBinder - Retrieving property org.frcpm.models.TeamMember.subteam
10:24:45.665 [main] DEBUG org.hibernate.boot.model.internal.CollectionSecondPass - Mapped collection key: subteam_id, one-to-many: org.frcpm.models.TeamMember
10:24:45.665 [main] DEBUG org.hibernate.boot.model.internal.CollectionSecondPass - Second pass for collection: org.frcpm.models.Subteam.subsystems
10:24:45.665 [main] DEBUG org.hibernate.boot.model.internal.CollectionBinder - Binding a OneToMany: org.frcpm.models.Subteam.subsystems through a foreign key
10:24:45.665 [main] DEBUG org.hibernate.boot.model.internal.CollectionBinder - Mapping collection: org.frcpm.models.Subteam.subsystems -> subsystems
10:24:45.665 [main] DEBUG org.hibernate.boot.model.internal.TableBinder - Retrieving property org.frcpm.models.Subsystem.responsibleSubteam
10:24:45.665 [main] DEBUG org.hibernate.boot.model.internal.CollectionSecondPass - Mapped collection key: responsible_subteam_id, one-to-many: org.frcpm.models.Subsystem
10:24:45.665 [main] DEBUG org.hibernate.boot.model.internal.CollectionSecondPass - Second pass for collection: org.frcpm.models.Task.postDependencies
10:24:45.665 [main] DEBUG org.hibernate.boot.model.internal.CollectionBinder - Binding a ManyToMany: org.frcpm.models.Task.postDependencies
10:24:45.665 [main] DEBUG org.hibernate.boot.registry.classloading.internal.ClassLoaderServiceImpl - HHH000194: Package not found or no package-info.java: org.frcpm.models
10:24:45.665 [main] DEBUG org.hibernate.boot.model.internal.TableBinder - Retrieving property org.frcpm.models.Task.preDependencies
10:24:45.665 [main] DEBUG org.hibernate.boot.model.internal.CollectionSecondPass - Mapped collection key: dependency_id, element: task_id
10:24:45.665 [main] DEBUG org.hibernate.boot.model.internal.CollectionSecondPass - Second pass for collection: org.frcpm.models.TeamMember.assignedTasks
10:24:45.665 [main] DEBUG org.hibernate.boot.model.internal.CollectionBinder - Binding a ManyToMany: org.frcpm.models.TeamMember.assignedTasks
10:24:45.665 [main] DEBUG org.hibernate.boot.registry.classloading.internal.ClassLoaderServiceImpl - HHH000194: Package not found or no package-info.java: org.frcpm.models
10:24:45.667 [main] DEBUG org.hibernate.boot.model.internal.TableBinder - Retrieving property org.frcpm.models.Task.assignedTo
10:24:45.667 [main] DEBUG org.hibernate.boot.model.internal.CollectionSecondPass - Mapped collection key: team_member_id, element: task_id
10:24:45.667 [main] DEBUG org.hibernate.boot.model.internal.CollectionSecondPass - Second pass for collection: org.frcpm.models.TeamMember.attendances
10:24:45.667 [main] DEBUG org.hibernate.boot.model.internal.CollectionBinder - Binding a OneToMany: org.frcpm.models.TeamMember.attendances through a foreign key
10:24:45.667 [main] DEBUG org.hibernate.boot.model.internal.CollectionBinder - Mapping collection: org.frcpm.models.TeamMember.attendances -> attendances
10:24:45.667 [main] DEBUG org.hibernate.boot.model.internal.TableBinder - Retrieving property org.frcpm.models.Attendance.member
10:24:45.667 [main] DEBUG org.hibernate.boot.model.internal.CollectionSecondPass - Mapped collection key: member_id, one-to-many: org.frcpm.models.Attendance
10:24:45.681 [main] DEBUG org.hibernate.internal.SessionFactoryImpl - Building session factory
10:24:45.683 [main] DEBUG org.hibernate.service.internal.SessionFactoryServiceRegistryImpl - EventListenerRegistry access via ServiceRegistry is deprecated.  Use `sessionFactory.getEventEngine().getListenerRegistry()` instead
10:24:45.683 [main] DEBUG org.hibernate.internal.SessionFactoryImpl - Instantiating SessionFactory with settings: {hibernate.format_sql=false, java.specification.version=21, sun.cpu.isalist=amd64, hibernate.connection.handling_mode=DELAYED_ACQUISITION_AND_RELEASE_AFTER_STATEMENT, sun.jnu.encoding=Cp1252, hibernate.dialect=org.hibernate.dialect.H2Dialect, java.class.path=C:\Users\dhiebert\Local Repositories\Project Management 2.0\target\test-classes;C:\Users\dhiebert\Local Repositories\Project Management 2.0\target\classes;C:\Users\dhiebert\.m2\repository\org\openjfx\javafx-controls\21.0.2\javafx-controls-21.0.2.jar;C:\Users\dhiebert\.m2\repository\org\openjfx\javafx-controls\21.0.2\javafx-controls-21.0.2-win.jar;C:\Users\dhiebert\.m2\repository\org\openjfx\javafx-fxml\21.0.2\javafx-fxml-21.0.2.jar;C:\Users\dhiebert\.m2\repository\org\openjfx\javafx-fxml\21.0.2\javafx-fxml-21.0.2-win.jar;C:\Users\dhiebert\.m2\repository\org\openjfx\javafx-graphics\21.0.2\javafx-graphics-21.0.2.jar;C:\Users\dhiebert\.m2\repository\org\openjfx\javafx-graphics\21.0.2\javafx-graphics-21.0.2-win.jar;C:\Users\dhiebert\.m2\repository\org\openjfx\javafx-base\21.0.2\javafx-base-21.0.2.jar;C:\Users\dhiebert\.m2\repository\org\openjfx\javafx-base\21.0.2\javafx-base-21.0.2-win.jar;C:\Users\dhiebert\.m2\repository\com\h2database\h2\2.2.224\h2-2.2.224.jar;C:\Users\dhiebert\.m2\repository\com\zaxxer\HikariCP\5.1.0\HikariCP-5.1.0.jar;C:\Users\dhiebert\.m2\repository\org\slf4j\slf4j-api\1.7.36\slf4j-api-1.7.36.jar;C:\Users\dhiebert\.m2\repository\org\hibernate\orm\hibernate-core\6.5.0.Final\hibernate-core-6.5.0.Final.jar;C:\Users\dhiebert\.m2\repository\jakarta\persistence\jakarta.persistence-api\3.1.0\jakarta.persistence-api-3.1.0.jar;C:\Users\dhiebert\.m2\repository\jakarta\transaction\jakarta.transaction-api\2.0.1\jakarta.transaction-api-2.0.1.jar;C:\Users\dhiebert\.m2\repository\org\jboss\logging\jboss-logging\3.5.0.Final\jboss-logging-3.5.0.Final.jar;C:\Users\dhiebert\.m2\repository\org\hibernate\common\hibernate-commons-annotations\6.0.6.Final\hibernate-commons-annotations-6.0.6.Final.jar;C:\Users\dhiebert\.m2\repository\io\smallrye\jandex\3.1.2\jandex-3.1.2.jar;C:\Users\dhiebert\.m2\repository\com\fasterxml\classmate\1.5.1\classmate-1.5.1.jar;C:\Users\dhiebert\.m2\repository\net\bytebuddy\byte-buddy\1.14.12\byte-buddy-1.14.12.jar;C:\Users\dhiebert\.m2\repository\jakarta\xml\bind\jakarta.xml.bind-api\4.0.0\jakarta.xml.bind-api-4.0.0.jar;C:\Users\dhiebert\.m2\repository\jakarta\activation\jakarta.activation-api\2.1.0\jakarta.activation-api-2.1.0.jar;C:\Users\dhiebert\.m2\repository\org\glassfish\jaxb\jaxb-runtime\4.0.2\jaxb-runtime-4.0.2.jar;C:\Users\dhiebert\.m2\repository\org\glassfish\jaxb\jaxb-core\4.0.2\jaxb-core-4.0.2.jar;C:\Users\dhiebert\.m2\repository\org\eclipse\angus\angus-activation\2.0.0\angus-activation-2.0.0.jar;C:\Users\dhiebert\.m2\repository\org\glassfish\jaxb\txw2\4.0.2\txw2-4.0.2.jar;C:\Users\dhiebert\.m2\repository\com\sun\istack\istack-commons-runtime\4.1.1\istack-commons-runtime-4.1.1.jar;C:\Users\dhiebert\.m2\repository\jakarta\inject\jakarta.inject-api\2.0.1\jakarta.inject-api-2.0.1.jar;C:\Users\dhiebert\.m2\repository\org\antlr\antlr4-runtime\4.13.0\antlr4-runtime-4.13.0.jar;C:\Users\dhiebert\.m2\repository\org\hibernate\validator\hibernate-validator\8.0.1.Final\hibernate-validator-8.0.1.Final.jar;C:\Users\dhiebert\.m2\repository\jakarta\validation\jakarta.validation-api\3.0.2\jakarta.validation-api-3.0.2.jar;C:\Users\dhiebert\.m2\repository\org\junit\jupiter\junit-jupiter-api\5.10.2\junit-jupiter-api-5.10.2.jar;C:\Users\dhiebert\.m2\repository\org\opentest4j\opentest4j\1.3.0\opentest4j-1.3.0.jar;C:\Users\dhiebert\.m2\repository\org\junit\platform\junit-platform-commons\1.10.2\junit-platform-commons-1.10.2.jar;C:\Users\dhiebert\.m2\repository\org\apiguardian\apiguardian-api\1.1.2\apiguardian-api-1.1.2.jar;C:\Users\dhiebert\.m2\repository\org\junit\jupiter\junit-jupiter-engine\5.10.2\junit-jupiter-engine-5.10.2.jar;C:\Users\dhiebert\.m2\repository\org\junit\platform\junit-platform-engine\1.10.2\junit-platform-engine-1.10.2.jar;C:\Users\dhiebert\.m2\repository\org\mockito\mockito-junit-jupiter\5.10.0\mockito-junit-jupiter-5.10.0.jar;C:\Users\dhiebert\.m2\repository\org\mockito\mockito-core\5.10.0\mockito-core-5.10.0.jar;C:\Users\dhiebert\.m2\repository\net\bytebuddy\byte-buddy-agent\1.14.11\byte-buddy-agent-1.14.11.jar;C:\Users\dhiebert\.m2\repository\org\objenesis\objenesis\3.3\objenesis-3.3.jar;C:\Users\dhiebert\.m2\repository\org\hibernate\orm\hibernate-hikaricp\6.5.0.Final\hibernate-hikaricp-6.5.0.Final.jar;C:\Users\dhiebert\.m2\repository\ch\qos\logback\logback-classic\1.2.11\logback-classic-1.2.11.jar;C:\Users\dhiebert\.m2\repository\ch\qos\logback\logback-core\1.2.11\logback-core-1.2.11.jar;C:\Users\dhiebert\.m2\repository\org\testfx\testfx-core\4.0.18\testfx-core-4.0.18.jar;C:\Users\dhiebert\.m2\repository\org\hamcrest\hamcrest\2.1\hamcrest-2.1.jar;C:\Users\dhiebert\.m2\repository\org\assertj\assertj-core\3.13.2\assertj-core-3.13.2.jar;C:\Users\dhiebert\.m2\repository\org\osgi\org.osgi.core\6.0.0\org.osgi.core-6.0.0.jar;C:\Users\dhiebert\.m2\repository\org\testfx\testfx-junit5\4.0.18\testfx-junit5-4.0.18.jar;C:\Users\dhiebert\.m2\repository\org\openjfx\javafx-web\17.0.2\javafx-web-17.0.2.jar;C:\Users\dhiebert\.m2\repository\org\openjfx\javafx-web\17.0.2\javafx-web-17.0.2-win.jar;C:\Users\dhiebert\.m2\repository\org\openjfx\javafx-media\17.0.2\javafx-media-17.0.2.jar;C:\Users\dhiebert\.m2\repository\org\openjfx\javafx-media\17.0.2\javafx-media-17.0.2-win.jar;C:\Users\dhiebert\.m2\repository\org\apache\pdfbox\pdfbox\2.0.27\pdfbox-2.0.27.jar;C:\Users\dhiebert\.m2\repository\org\apache\pdfbox\fontbox\2.0.27\fontbox-2.0.27.jar;C:\Users\dhiebert\.m2\repository\commons-logging\commons-logging\1.2\commons-logging-1.2.jar;C:\Users\dhiebert\.m2\repository\com\fasterxml\jackson\core\jackson-databind\2.15.0\jackson-databind-2.15.0.jar;C:\Users\dhiebert\.m2\repository\com\fasterxml\jackson\core\jackson-annotations\2.15.0\jackson-annotations-2.15.0.jar;C:\Users\dhiebert\.m2\repository\com\fasterxml\jackson\core\jackson-core\2.15.0\jackson-core-2.15.0.jar;C:\Users\dhiebert\.m2\repository\org\apache\xmlgraphics\batik-all\1.16\batik-all-1.16.jar;C:\Users\dhiebert\.m2\repository\xml-apis\xml-apis\1.4.01\xml-apis-1.4.01.jar;C:\Users\dhiebert\.m2\repository\xml-apis\xml-apis-ext\1.3.04\xml-apis-ext-1.3.04.jar;C:\Users\dhiebert\.m2\repository\org\apache\xmlgraphics\xmlgraphics-commons\2.7\xmlgraphics-commons-2.7.jar;C:\Users\dhiebert\.m2\repository\commons-io\commons-io\1.3.1\commons-io-1.3.1.jar;C:\Users\dhiebert\.m2\repository\org\jgrapht\jgrapht-core\1.5.2\jgrapht-core-1.5.2.jar;C:\Users\dhiebert\.m2\repository\org\jheaps\jheaps\0.14\jheaps-0.14.jar;C:\Users\dhiebert\.m2\repository\org\apfloat\apfloat\1.10.1\apfloat-1.10.1.jar;, java.vm.vendor=Eclipse Adoptium, sun.arch.data.model=64, hibernate.order_inserts=true, user.variant=, java.vendor.url=https://adoptium.net/, user.timezone=America/Chicago, javax.persistence.jdbc.user=****, javax.persistence.jdbc.url=jdbc:h2:file:C:\Users\dhiebert\.frcpm\frcpm, java.vm.specification.version=21, os.name=Windows 11, hibernate.generate_statistics=false, hibernate.hikari.connectionTimeout=10000, hibernate.order_updates=true, hibernate.jdbc.batch_versioned_data=true, jakarta.persistence.jdbc.password=****, hibernate.jdbc.batch_size=30, sun.java.launcher=SUN_STANDARD, user.country=US, local.setting.IS_JTA_TXN_COORD=false, sun.boot.library.path=C:\Program Files\Eclipse Adoptium\jdk-21.0.6.7-hotspot\bin, sun.java.command=C:\Users\dhiebert\AppData\Local\Temp\surefire9513985487531586668\surefirebooter-20250425102356946_3.jar C:\Users\dhiebert\AppData\Local\Temp\surefire9513985487531586668 2025-04-25T10-23-56_800-jvmRun1 surefire-20250425102356946_1tmp surefire_0-20250425102356946_2tmp, hibernate.use_sql_comments=false, hibernate.connection.provider_class=org.hibernate.hikaricp.internal.HikariCPConnectionProvider, jdk.debug=release, surefire.test.class.path=C:\Users\dhiebert\Local Repositories\Project Management 2.0\target\test-classes;C:\Users\dhiebert\Local Repositories\Project Management 2.0\target\classes;C:\Users\dhiebert\.m2\repository\org\openjfx\javafx-controls\21.0.2\javafx-controls-21.0.2.jar;C:\Users\dhiebert\.m2\repository\org\openjfx\javafx-controls\21.0.2\javafx-controls-21.0.2-win.jar;C:\Users\dhiebert\.m2\repository\org\openjfx\javafx-fxml\21.0.2\javafx-fxml-21.0.2.jar;C:\Users\dhiebert\.m2\repository\org\openjfx\javafx-fxml\21.0.2\javafx-fxml-21.0.2-win.jar;C:\Users\dhiebert\.m2\repository\org\openjfx\javafx-graphics\21.0.2\javafx-graphics-21.0.2.jar;C:\Users\dhiebert\.m2\repository\org\openjfx\javafx-graphics\21.0.2\javafx-graphics-21.0.2-win.jar;C:\Users\dhiebert\.m2\repository\org\openjfx\javafx-base\21.0.2\javafx-base-21.0.2.jar;C:\Users\dhiebert\.m2\repository\org\openjfx\javafx-base\21.0.2\javafx-base-21.0.2-win.jar;C:\Users\dhiebert\.m2\repository\com\h2database\h2\2.2.224\h2-2.2.224.jar;C:\Users\dhiebert\.m2\repository\com\zaxxer\HikariCP\5.1.0\HikariCP-5.1.0.jar;C:\Users\dhiebert\.m2\repository\org\slf4j\slf4j-api\1.7.36\slf4j-api-1.7.36.jar;C:\Users\dhiebert\.m2\repository\org\hibernate\orm\hibernate-core\6.5.0.Final\hibernate-core-6.5.0.Final.jar;C:\Users\dhiebert\.m2\repository\jakarta\persistence\jakarta.persistence-api\3.1.0\jakarta.persistence-api-3.1.0.jar;C:\Users\dhiebert\.m2\repository\jakarta\transaction\jakarta.transaction-api\2.0.1\jakarta.transaction-api-2.0.1.jar;C:\Users\dhiebert\.m2\repository\org\jboss\logging\jboss-logging\3.5.0.Final\jboss-logging-3.5.0.Final.jar;C:\Users\dhiebert\.m2\repository\org\hibernate\common\hibernate-commons-annotations\6.0.6.Final\hibernate-commons-annotations-6.0.6.Final.jar;C:\Users\dhiebert\.m2\repository\io\smallrye\jandex\3.1.2\jandex-3.1.2.jar;C:\Users\dhiebert\.m2\repository\com\fasterxml\classmate\1.5.1\classmate-1.5.1.jar;C:\Users\dhiebert\.m2\repository\net\bytebuddy\byte-buddy\1.14.12\byte-buddy-1.14.12.jar;C:\Users\dhiebert\.m2\repository\jakarta\xml\bind\jakarta.xml.bind-api\4.0.0\jakarta.xml.bind-api-4.0.0.jar;C:\Users\dhiebert\.m2\repository\jakarta\activation\jakarta.activation-api\2.1.0\jakarta.activation-api-2.1.0.jar;C:\Users\dhiebert\.m2\repository\org\glassfish\jaxb\jaxb-runtime\4.0.2\jaxb-runtime-4.0.2.jar;C:\Users\dhiebert\.m2\repository\org\glassfish\jaxb\jaxb-core\4.0.2\jaxb-core-4.0.2.jar;C:\Users\dhiebert\.m2\repository\org\eclipse\angus\angus-activation\2.0.0\angus-activation-2.0.0.jar;C:\Users\dhiebert\.m2\repository\org\glassfish\jaxb\txw2\4.0.2\txw2-4.0.2.jar;C:\Users\dhiebert\.m2\repository\com\sun\istack\istack-commons-runtime\4.1.1\istack-commons-runtime-4.1.1.jar;C:\Users\dhiebert\.m2\repository\jakarta\inject\jakarta.inject-api\2.0.1\jakarta.inject-api-2.0.1.jar;C:\Users\dhiebert\.m2\repository\org\antlr\antlr4-runtime\4.13.0\antlr4-runtime-4.13.0.jar;C:\Users\dhiebert\.m2\repository\org\hibernate\validator\hibernate-validator\8.0.1.Final\hibernate-validator-8.0.1.Final.jar;C:\Users\dhiebert\.m2\repository\jakarta\validation\jakarta.validation-api\3.0.2\jakarta.validation-api-3.0.2.jar;C:\Users\dhiebert\.m2\repository\org\junit\jupiter\junit-jupiter-api\5.10.2\junit-jupiter-api-5.10.2.jar;C:\Users\dhiebert\.m2\repository\org\opentest4j\opentest4j\1.3.0\opentest4j-1.3.0.jar;C:\Users\dhiebert\.m2\repository\org\junit\platform\junit-platform-commons\1.10.2\junit-platform-commons-1.10.2.jar;C:\Users\dhiebert\.m2\repository\org\apiguardian\apiguardian-api\1.1.2\apiguardian-api-1.1.2.jar;C:\Users\dhiebert\.m2\repository\org\junit\jupiter\junit-jupiter-engine\5.10.2\junit-jupiter-engine-5.10.2.jar;C:\Users\dhiebert\.m2\repository\org\junit\platform\junit-platform-engine\1.10.2\junit-platform-engine-1.10.2.jar;C:\Users\dhiebert\.m2\repository\org\mockito\mockito-junit-jupiter\5.10.0\mockito-junit-jupiter-5.10.0.jar;C:\Users\dhiebert\.m2\repository\org\mockito\mockito-core\5.10.0\mockito-core-5.10.0.jar;C:\Users\dhiebert\.m2\repository\net\bytebuddy\byte-buddy-agent\1.14.11\byte-buddy-agent-1.14.11.jar;C:\Users\dhiebert\.m2\repository\org\objenesis\objenesis\3.3\objenesis-3.3.jar;C:\Users\dhiebert\.m2\repository\org\hibernate\orm\hibernate-hikaricp\6.5.0.Final\hibernate-hikaricp-6.5.0.Final.jar;C:\Users\dhiebert\.m2\repository\ch\qos\logback\logback-classic\1.2.11\logback-classic-1.2.11.jar;C:\Users\dhiebert\.m2\repository\ch\qos\logback\logback-core\1.2.11\logback-core-1.2.11.jar;C:\Users\dhiebert\.m2\repository\org\testfx\testfx-core\4.0.18\testfx-core-4.0.18.jar;C:\Users\dhiebert\.m2\repository\org\hamcrest\hamcrest\2.1\hamcrest-2.1.jar;C:\Users\dhiebert\.m2\repository\org\assertj\assertj-core\3.13.2\assertj-core-3.13.2.jar;C:\Users\dhiebert\.m2\repository\org\osgi\org.osgi.core\6.0.0\org.osgi.core-6.0.0.jar;C:\Users\dhiebert\.m2\repository\org\testfx\testfx-junit5\4.0.18\testfx-junit5-4.0.18.jar;C:\Users\dhiebert\.m2\repository\org\openjfx\javafx-web\17.0.2\javafx-web-17.0.2.jar;C:\Users\dhiebert\.m2\repository\org\openjfx\javafx-web\17.0.2\javafx-web-17.0.2-win.jar;C:\Users\dhiebert\.m2\repository\org\openjfx\javafx-media\17.0.2\javafx-media-17.0.2.jar;C:\Users\dhiebert\.m2\repository\org\openjfx\javafx-media\17.0.2\javafx-media-17.0.2-win.jar;C:\Users\dhiebert\.m2\repository\org\apache\pdfbox\pdfbox\2.0.27\pdfbox-2.0.27.jar;C:\Users\dhiebert\.m2\repository\org\apache\pdfbox\fontbox\2.0.27\fontbox-2.0.27.jar;C:\Users\dhiebert\.m2\repository\commons-logging\commons-logging\1.2\commons-logging-1.2.jar;C:\Users\dhiebert\.m2\repository\com\fasterxml\jackson\core\jackson-databind\2.15.0\jackson-databind-2.15.0.jar;C:\Users\dhiebert\.m2\repository\com\fasterxml\jackson\core\jackson-annotations\2.15.0\jackson-annotations-2.15.0.jar;C:\Users\dhiebert\.m2\repository\com\fasterxml\jackson\core\jackson-core\2.15.0\jackson-core-2.15.0.jar;C:\Users\dhiebert\.m2\repository\org\apache\xmlgraphics\batik-all\1.16\batik-all-1.16.jar;C:\Users\dhiebert\.m2\repository\xml-apis\xml-apis\1.4.01\xml-apis-1.4.01.jar;C:\Users\dhiebert\.m2\repository\xml-apis\xml-apis-ext\1.3.04\xml-apis-ext-1.3.04.jar;C:\Users\dhiebert\.m2\repository\org\apache\xmlgraphics\xmlgraphics-commons\2.7\xmlgraphics-commons-2.7.jar;C:\Users\dhiebert\.m2\repository\commons-io\commons-io\1.3.1\commons-io-1.3.1.jar;C:\Users\dhiebert\.m2\repository\org\jgrapht\jgrapht-core\1.5.2\jgrapht-core-1.5.2.jar;C:\Users\dhiebert\.m2\repository\org\jheaps\jheaps\0.14\jheaps-0.14.jar;C:\Users\dhiebert\.m2\repository\org\apfloat\apfloat\1.10.1\apfloat-1.10.1.jar;, jakarta.persistence.jdbc.driver=org.h2.Driver, sun.cpu.endian=little, user.home=C:\Users\dhiebert, user.language=en, java.specification.vendor=Oracle Corporation, java.version.date=2025-01-21, java.home=C:\Program Files\Eclipse Adoptium\jdk-21.0.6.7-hotspot, file.separator=\, basedir=C:\Users\dhiebert\Local Repositories\Project Management 2.0, java.vm.compressedOopsMode=Zero based, jakarta.persistence.jdbc.user=****, line.separator=
, hibernate.persistenceUnitName=frcpm, java.vm.specification.vendor=Oracle Corporation, java.specification.name=Java Platform API Specification, hibernate.transaction.coordinator_class=class org.hibernate.resource.transaction.backend.jdbc.internal.JdbcResourceLocalTransactionCoordinatorBuilderImpl, javax.persistence.jdbc.driver=org.h2.Driver, hibernate.hikari.maximumPoolSize=10, surefire.real.class.path=C:\Users\dhiebert\AppData\Local\Temp\surefire9513985487531586668\surefirebooter-20250425102356946_3.jar, hibernate.hbm2ddl.auto=update, user.script=, sun.management.compiler=HotSpot 64-Bit Tiered Compilers, java.runtime.version=21.0.6+7-LTS, user.name=dhiebert, hibernate.cache.use_query_cache=false, stdout.encoding=Cp1252, path.separator=;, hibernate.connection.username=****, os.version=10.0, java.runtime.name=OpenJDK Runtime Environment, hibernate.connection.url=jdbc:h2:file:C:\Users\dhiebert\.frcpm\frcpm, file.encoding=UTF-8, hibernate.hikari.minimumIdle=2, hibernate.hikari.idleTimeout=30000, java.vm.name=OpenJDK 64-Bit Server VM, hibernate.show_sql=false, java.vendor.version=Temurin-21.0.6+7, hibernate.hikari.poolName=FRC-PM-HikariCP, hibernate.current_session_context_class=thread, localRepository=C:\Users\dhiebert\.m2\repository, hibernate.connection.driver_class=org.h2.Driver, java.vendor.url.bug=https://github.com/adoptium/adoptium-support/issues, java.io.tmpdir=C:\Users\dhiebert\AppData\Local\Temp\, java.version=21.0.6, user.dir=C:\Users\dhiebert\Local Repositories\Project Management 2.0, os.arch=amd64, java.vm.specification.name=Java Virtual Machine Specification, hibernate.connection.password=****, sun.os.patch.level=, jakarta.persistence.jdbc.url=jdbc:h2:file:C:\Users\dhiebert\.frcpm\frcpm, hibernate.boot.CfgXmlAccessService.key=org.hibernate.boot.registry.StandardServiceRegistryBuilder$1@316c6ced, native.encoding=Cp1252, hibernate.cache.use_second_level_cache=false, java.library.path=C:\Program Files\Eclipse Adoptium\jdk-21.0.6.7-hotspot\bin;C:\WINDOWS\Sun\Java\bin;C:\WINDOWS\system32;C:\WINDOWS;C:\Program Files\apache-maven-3.9.9\bin;C:\Program Files\Eclipse Adoptium\jdk-21.0.6.7-hotspot\bin;C:\Program Files\National Instruments\Shared\OpenVINO\;C:\Program Files\Common Files\Oracle\Java\javapath;C:\WINDOWS\system32;C:\WINDOWS;C:\WINDOWS\System32\Wbem;C:\WINDOWS\System32\WindowsPowerShell\v1.0\;C:\WINDOWS\System32\OpenSSH\;C:\Program Files\dotnet\;C:\Program Files (x86)\Windows Live\Shared;C:\Program Files\Git\cmd;C:\Program Files\Common Files\Autodesk Shared\;C:\Program Files\Microsoft SQL Server\150\Tools\Binn\;C:\Program Files\nodejs\;C:\Program Files\Eclipse Adoptium\jdk-21.0.6.7-hotspot\bin;C:\Program Files\apache-maven-3.9.9\bin;%MAVEN_HOME%\bin;C:\Users\dhiebert\AppData\Local\Microsoft\WindowsApps;C:\Users\dhiebert\AppData\Local\GitHubDesktop\bin;C:\Users\dhiebert\AppData\Roaming\npm;C:\Users\dhiebert\AppData\Local\Packages\PythonSoftwareFoundation.Python.3.11_qbz5n2kfra8p0\LocalCache\local-packages\Python311\Scripts;C:\Users\dhiebert\AppData\Local\Packages\PythonSoftwareFoundation.Python.3.11_qbz5n2kfra8p0\LocalCache\local-packages\Python311\site-packages\maven;;c:\Users\Public\wpilib\2025\vscode\data\user-data\User\globalStorage\github.copilot-chat\debugCommand;c:\Users\Public\wpilib\2025\vscode\data\extensions\ms-python.debugpy-2025.4.1-win32-x64\bundled\scripts\noConfigScripts;., stderr.encoding=Cp1252, java.vendor=Eclipse Adoptium, java.vm.info=mixed mode, sharing, java.vm.version=21.0.6+7-LTS, sun.io.unicode.encoding=UnicodeLittle, javax.persistence.jdbc.password=****, java.class.version=65.0}
10:24:45.683 [main] DEBUG org.hibernate.internal.SessionFactoryImpl - Session factory constructed with filter configurations : {}
10:24:45.684 [main] DEBUG org.hibernate.validator.internal.xml.config.ValidationXmlParser - Trying to load META-INF/validation.xml for XML based Validator configuration.
10:24:45.684 [main] DEBUG org.hibernate.validator.internal.xml.config.ResourceLoaderHelper - Trying to load META-INF/validation.xml via TCCL
10:24:45.684 [main] DEBUG org.hibernate.validator.internal.xml.config.ResourceLoaderHelper - Trying to load META-INF/validation.xml via Hibernate Validator's class loader
10:24:45.684 [main] DEBUG org.hibernate.validator.internal.xml.config.ValidationXmlParser - No META-INF/validation.xml found. Using annotation based configuration only.
10:24:45.685 [main] DEBUG org.hibernate.validator.internal.engine.resolver.TraversableResolvers - Found jakarta.persistence.Persistence on classpath containing 'getPersistenceUtil'. Assuming JPA 2 environment. Trying to instantiate JPA aware TraversableResolver
10:24:45.685 [main] DEBUG org.hibernate.validator.internal.engine.resolver.TraversableResolvers - Instantiated JPA aware TraversableResolver of type org.hibernate.validator.internal.engine.resolver.JPATraversableResolver.
10:24:45.685 [main] DEBUG org.hibernate.validator.messageinterpolation.ResourceBundleMessageInterpolator - Failed to load expression factory via classloader jdk.internal.loader.ClassLoaders$AppClassLoader@70dea4e
java.lang.NoClassDefFoundError: jakarta/el/ExpressionFactory
	at org.hibernate.validator.messageinterpolation.ResourceBundleMessageInterpolator.canLoadExpressionFactory(ResourceBundleMessageInterpolator.java:228)
	at org.hibernate.validator.messageinterpolation.ResourceBundleMessageInterpolator.buildExpressionFactory(ResourceBundleMessageInterpolator.java:173)
	at org.hibernate.validator.messageinterpolation.ResourceBundleMessageInterpolator.<init>(ResourceBundleMessageInterpolator.java:97)
	at org.hibernate.validator.internal.engine.AbstractConfigurationImpl.getDefaultMessageInterpolator(AbstractConfigurationImpl.java:575)
	at org.hibernate.validator.internal.engine.AbstractConfigurationImpl.getDefaultMessageInterpolatorConfiguredWithClassLoader(AbstractConfigurationImpl.java:834)
	at org.hibernate.validator.internal.engine.AbstractConfigurationImpl.getMessageInterpolator(AbstractConfigurationImpl.java:485)
	at org.hibernate.validator.internal.engine.ValidatorFactoryImpl.<init>(ValidatorFactoryImpl.java:157)
	at org.hibernate.validator.HibernateValidator.buildValidatorFactory(HibernateValidator.java:38)
	at org.hibernate.validator.internal.engine.AbstractConfigurationImpl.buildValidatorFactory(AbstractConfigurationImpl.java:453)
	at jakarta.validation.Validation.buildDefaultValidatorFactory(Validation.java:103)
	at org.hibernate.boot.beanvalidation.TypeSafeActivator.getValidatorFactory(TypeSafeActivator.java:482)
	at org.hibernate.boot.beanvalidation.TypeSafeActivator.activate(TypeSafeActivator.java:79)
	at java.base/jdk.internal.reflect.DirectMethodHandleAccessor.invoke(DirectMethodHandleAccessor.java:103)
	at java.base/java.lang.reflect.Method.invoke(Method.java:580)
	at org.hibernate.boot.beanvalidation.BeanValidationIntegrator.integrate(BeanValidationIntegrator.java:139)
	at org.hibernate.internal.SessionFactoryImpl.integrate(SessionFactoryImpl.java:517)
	at org.hibernate.internal.SessionFactoryImpl.<init>(SessionFactoryImpl.java:276)
	at org.hibernate.boot.internal.SessionFactoryBuilderImpl.build(SessionFactoryBuilderImpl.java:457)
	at org.hibernate.jpa.boot.internal.EntityManagerFactoryBuilderImpl.build(EntityManagerFactoryBuilderImpl.java:1506)
	at org.hibernate.jpa.HibernatePersistenceProvider.createEntityManagerFactory(HibernatePersistenceProvider.java:55)
	at jakarta.persistence.Persistence.createEntityManagerFactory(Persistence.java:80)
	at org.frcpm.config.DatabaseConfig.initialize(DatabaseConfig.java:114)
	at org.frcpm.config.DatabaseConfig.initialize(DatabaseConfig.java:28)
	at org.frcpm.repositories.SubteamRepositoryTest.setUp(SubteamRepositoryTest.java:24)
	at java.base/jdk.internal.reflect.DirectMethodHandleAccessor.invoke(DirectMethodHandleAccessor.java:103)
	at java.base/java.lang.reflect.Method.invoke(Method.java:580)
	at org.junit.platform.commons.util.ReflectionUtils.invokeMethod(ReflectionUtils.java:728)
	at org.junit.jupiter.engine.execution.MethodInvocation.proceed(MethodInvocation.java:60)
	at org.junit.jupiter.engine.execution.InvocationInterceptorChain$ValidatingInvocation.proceed(InvocationInterceptorChain.java:131)
	at org.junit.jupiter.engine.extension.TimeoutExtension.intercept(TimeoutExtension.java:156)
	at org.junit.jupiter.engine.extension.TimeoutExtension.interceptLifecycleMethod(TimeoutExtension.java:128)
	at org.junit.jupiter.engine.extension.TimeoutExtension.interceptBeforeEachMethod(TimeoutExtension.java:78)
	at org.junit.jupiter.engine.execution.InterceptingExecutableInvoker$ReflectiveInterceptorCall.lambda$ofVoidMethod$0(InterceptingExecutableInvoker.java:103)
	at org.junit.jupiter.engine.execution.InterceptingExecutableInvoker.lambda$invoke$0(InterceptingExecutableInvoker.java:93)
	at org.junit.jupiter.engine.execution.InvocationInterceptorChain$InterceptedInvocation.proceed(InvocationInterceptorChain.java:106)
	at org.junit.jupiter.engine.execution.InvocationInterceptorChain.proceed(InvocationInterceptorChain.java:64)
	at org.junit.jupiter.engine.execution.InvocationInterceptorChain.chainAndInvoke(InvocationInterceptorChain.java:45)
	at org.junit.jupiter.engine.execution.InvocationInterceptorChain.invoke(InvocationInterceptorChain.java:37)
	at org.junit.jupiter.engine.execution.InterceptingExecutableInvoker.invoke(InterceptingExecutableInvoker.java:92)
	at org.junit.jupiter.engine.execution.InterceptingExecutableInvoker.invoke(InterceptingExecutableInvoker.java:86)
	at org.junit.jupiter.engine.descriptor.ClassBasedTestDescriptor.invokeMethodInExtensionContext(ClassBasedTestDescriptor.java:521)
	at org.junit.jupiter.engine.descriptor.ClassBasedTestDescriptor.lambda$synthesizeBeforeEachMethodAdapter$23(ClassBasedTestDescriptor.java:506)
	at org.junit.jupiter.engine.descriptor.TestMethodTestDescriptor.lambda$invokeBeforeEachMethods$3(TestMethodTestDescriptor.java:175)
	at org.junit.jupiter.engine.descriptor.TestMethodTestDescriptor.lambda$invokeBeforeMethodsOrCallbacksUntilExceptionOccurs$6(TestMethodTestDescriptor.java:203)
	at org.junit.platform.engine.support.hierarchical.ThrowableCollector.execute(ThrowableCollector.java:73)
	at org.junit.jupiter.engine.descriptor.TestMethodTestDescriptor.invokeBeforeMethodsOrCallbacksUntilExceptionOccurs(TestMethodTestDescriptor.java:203)
	at org.junit.jupiter.engine.descriptor.TestMethodTestDescriptor.invokeBeforeEachMethods(TestMethodTestDescriptor.java:172)
	at org.junit.jupiter.engine.descriptor.TestMethodTestDescriptor.execute(TestMethodTestDescriptor.java:135)
	at org.junit.jupiter.engine.descriptor.TestMethodTestDescriptor.execute(TestMethodTestDescriptor.java:69)
	at org.junit.platform.engine.support.hierarchical.NodeTestTask.lambda$executeRecursively$6(NodeTestTask.java:151)
	at org.junit.platform.engine.support.hierarchical.ThrowableCollector.execute(ThrowableCollector.java:73)
	at org.junit.platform.engine.support.hierarchical.NodeTestTask.lambda$executeRecursively$8(NodeTestTask.java:141)
	at org.junit.platform.engine.support.hierarchical.Node.around(Node.java:137)
	at org.junit.platform.engine.support.hierarchical.NodeTestTask.lambda$executeRecursively$9(NodeTestTask.java:139)
	at org.junit.platform.engine.support.hierarchical.ThrowableCollector.execute(ThrowableCollector.java:73)
	at org.junit.platform.engine.support.hierarchical.NodeTestTask.executeRecursively(NodeTestTask.java:138)
	at org.junit.platform.engine.support.hierarchical.NodeTestTask.execute(NodeTestTask.java:95)
	at java.base/java.util.ArrayList.forEach(ArrayList.java:1596)
	at org.junit.platform.engine.support.hierarchical.SameThreadHierarchicalTestExecutorService.invokeAll(SameThreadHierarchicalTestExecutorService.java:41)
	at org.junit.platform.engine.support.hierarchical.NodeTestTask.lambda$executeRecursively$6(NodeTestTask.java:155)
	at org.junit.platform.engine.support.hierarchical.ThrowableCollector.execute(ThrowableCollector.java:73)
	at org.junit.platform.engine.support.hierarchical.NodeTestTask.lambda$executeRecursively$8(NodeTestTask.java:141)
	at org.junit.platform.engine.support.hierarchical.Node.around(Node.java:137)
	at org.junit.platform.engine.support.hierarchical.NodeTestTask.lambda$executeRecursively$9(NodeTestTask.java:139)
	at org.junit.platform.engine.support.hierarchical.ThrowableCollector.execute(ThrowableCollector.java:73)
	at org.junit.platform.engine.support.hierarchical.NodeTestTask.executeRecursively(NodeTestTask.java:138)
	at org.junit.platform.engine.support.hierarchical.NodeTestTask.execute(NodeTestTask.java:95)
	at java.base/java.util.ArrayList.forEach(ArrayList.java:1596)
	at org.junit.platform.engine.support.hierarchical.SameThreadHierarchicalTestExecutorService.invokeAll(SameThreadHierarchicalTestExecutorService.java:41)
	at org.junit.platform.engine.support.hierarchical.NodeTestTask.lambda$executeRecursively$6(NodeTestTask.java:155)
	at org.junit.platform.engine.support.hierarchical.ThrowableCollector.execute(ThrowableCollector.java:73)
	at org.junit.platform.engine.support.hierarchical.NodeTestTask.lambda$executeRecursively$8(NodeTestTask.java:141)
	at org.junit.platform.engine.support.hierarchical.Node.around(Node.java:137)
	at org.junit.platform.engine.support.hierarchical.NodeTestTask.lambda$executeRecursively$9(NodeTestTask.java:139)
	at org.junit.platform.engine.support.hierarchical.ThrowableCollector.execute(ThrowableCollector.java:73)
	at org.junit.platform.engine.support.hierarchical.NodeTestTask.executeRecursively(NodeTestTask.java:138)
	at org.junit.platform.engine.support.hierarchical.NodeTestTask.execute(NodeTestTask.java:95)
	at org.junit.platform.engine.support.hierarchical.SameThreadHierarchicalTestExecutorService.submit(SameThreadHierarchicalTestExecutorService.java:35)
	at org.junit.platform.engine.support.hierarchical.HierarchicalTestExecutor.execute(HierarchicalTestExecutor.java:57)
	at org.junit.platform.engine.support.hierarchical.HierarchicalTestEngine.execute(HierarchicalTestEngine.java:54)
	at org.junit.platform.launcher.core.EngineExecutionOrchestrator.execute(EngineExecutionOrchestrator.java:198)
	at org.junit.platform.launcher.core.EngineExecutionOrchestrator.execute(EngineExecutionOrchestrator.java:169)
	at org.junit.platform.launcher.core.EngineExecutionOrchestrator.execute(EngineExecutionOrchestrator.java:93)
	at org.junit.platform.launcher.core.EngineExecutionOrchestrator.lambda$execute$0(EngineExecutionOrchestrator.java:58)
	at org.junit.platform.launcher.core.EngineExecutionOrchestrator.withInterceptedStreams(EngineExecutionOrchestrator.java:141)
	at org.junit.platform.launcher.core.EngineExecutionOrchestrator.execute(EngineExecutionOrchestrator.java:57)
	at org.junit.platform.launcher.core.DefaultLauncher.execute(DefaultLauncher.java:103)
	at org.junit.platform.launcher.core.DefaultLauncher.execute(DefaultLauncher.java:85)
	at org.junit.platform.launcher.core.DelegatingLauncher.execute(DelegatingLauncher.java:47)
	at org.apache.maven.surefire.junitplatform.LazyLauncher.execute(LazyLauncher.java:56)
	at org.apache.maven.surefire.junitplatform.JUnitPlatformProvider.execute(JUnitPlatformProvider.java:184)
	at org.apache.maven.surefire.junitplatform.JUnitPlatformProvider.invokeAllTests(JUnitPlatformProvider.java:148)
	at org.apache.maven.surefire.junitplatform.JUnitPlatformProvider.invoke(JUnitPlatformProvider.java:122)
	at org.apache.maven.surefire.booter.ForkedBooter.runSuitesInProcess(ForkedBooter.java:385)
	at org.apache.maven.surefire.booter.ForkedBooter.execute(ForkedBooter.java:162)
	at org.apache.maven.surefire.booter.ForkedBooter.run(ForkedBooter.java:507)
	at org.apache.maven.surefire.booter.ForkedBooter.main(ForkedBooter.java:495)
Caused by: java.lang.ClassNotFoundException: jakarta.el.ExpressionFactory
	... 97 common frames omitted
10:24:45.685 [main] DEBUG org.hibernate.validator.messageinterpolation.ResourceBundleMessageInterpolator - Failed to load expression factory via classloader jdk.internal.loader.ClassLoaders$AppClassLoader@70dea4e
java.lang.NoClassDefFoundError: jakarta/el/ExpressionFactory
	at org.hibernate.validator.messageinterpolation.ResourceBundleMessageInterpolator.canLoadExpressionFactory(ResourceBundleMessageInterpolator.java:228)
	at org.hibernate.validator.messageinterpolation.ResourceBundleMessageInterpolator.buildExpressionFactory(ResourceBundleMessageInterpolator.java:186)
	at org.hibernate.validator.messageinterpolation.ResourceBundleMessageInterpolator.<init>(ResourceBundleMessageInterpolator.java:97)
	at org.hibernate.validator.internal.engine.AbstractConfigurationImpl.getDefaultMessageInterpolator(AbstractConfigurationImpl.java:575)
	at org.hibernate.validator.internal.engine.AbstractConfigurationImpl.getDefaultMessageInterpolatorConfiguredWithClassLoader(AbstractConfigurationImpl.java:834)
	at org.hibernate.validator.internal.engine.AbstractConfigurationImpl.getMessageInterpolator(AbstractConfigurationImpl.java:485)
	at org.hibernate.validator.internal.engine.ValidatorFactoryImpl.<init>(ValidatorFactoryImpl.java:157)
	at org.hibernate.validator.HibernateValidator.buildValidatorFactory(HibernateValidator.java:38)
	at org.hibernate.validator.internal.engine.AbstractConfigurationImpl.buildValidatorFactory(AbstractConfigurationImpl.java:453)
	at jakarta.validation.Validation.buildDefaultValidatorFactory(Validation.java:103)
	at org.hibernate.boot.beanvalidation.TypeSafeActivator.getValidatorFactory(TypeSafeActivator.java:482)
	at org.hibernate.boot.beanvalidation.TypeSafeActivator.activate(TypeSafeActivator.java:79)
	at java.base/jdk.internal.reflect.DirectMethodHandleAccessor.invoke(DirectMethodHandleAccessor.java:103)
	at java.base/java.lang.reflect.Method.invoke(Method.java:580)
	at org.hibernate.boot.beanvalidation.BeanValidationIntegrator.integrate(BeanValidationIntegrator.java:139)
	at org.hibernate.internal.SessionFactoryImpl.integrate(SessionFactoryImpl.java:517)
	at org.hibernate.internal.SessionFactoryImpl.<init>(SessionFactoryImpl.java:276)
	at org.hibernate.boot.internal.SessionFactoryBuilderImpl.build(SessionFactoryBuilderImpl.java:457)
	at org.hibernate.jpa.boot.internal.EntityManagerFactoryBuilderImpl.build(EntityManagerFactoryBuilderImpl.java:1506)
	at org.hibernate.jpa.HibernatePersistenceProvider.createEntityManagerFactory(HibernatePersistenceProvider.java:55)
	at jakarta.persistence.Persistence.createEntityManagerFactory(Persistence.java:80)
	at org.frcpm.config.DatabaseConfig.initialize(DatabaseConfig.java:114)
	at org.frcpm.config.DatabaseConfig.initialize(DatabaseConfig.java:28)
	at org.frcpm.repositories.SubteamRepositoryTest.setUp(SubteamRepositoryTest.java:24)
	at java.base/jdk.internal.reflect.DirectMethodHandleAccessor.invoke(DirectMethodHandleAccessor.java:103)
	at java.base/java.lang.reflect.Method.invoke(Method.java:580)
	at org.junit.platform.commons.util.ReflectionUtils.invokeMethod(ReflectionUtils.java:728)
	at org.junit.jupiter.engine.execution.MethodInvocation.proceed(MethodInvocation.java:60)
	at org.junit.jupiter.engine.execution.InvocationInterceptorChain$ValidatingInvocation.proceed(InvocationInterceptorChain.java:131)
	at org.junit.jupiter.engine.extension.TimeoutExtension.intercept(TimeoutExtension.java:156)
	at org.junit.jupiter.engine.extension.TimeoutExtension.interceptLifecycleMethod(TimeoutExtension.java:128)
	at org.junit.jupiter.engine.extension.TimeoutExtension.interceptBeforeEachMethod(TimeoutExtension.java:78)
	at org.junit.jupiter.engine.execution.InterceptingExecutableInvoker$ReflectiveInterceptorCall.lambda$ofVoidMethod$0(InterceptingExecutableInvoker.java:103)
	at org.junit.jupiter.engine.execution.InterceptingExecutableInvoker.lambda$invoke$0(InterceptingExecutableInvoker.java:93)
	at org.junit.jupiter.engine.execution.InvocationInterceptorChain$InterceptedInvocation.proceed(InvocationInterceptorChain.java:106)
	at org.junit.jupiter.engine.execution.InvocationInterceptorChain.proceed(InvocationInterceptorChain.java:64)
	at org.junit.jupiter.engine.execution.InvocationInterceptorChain.chainAndInvoke(InvocationInterceptorChain.java:45)
	at org.junit.jupiter.engine.execution.InvocationInterceptorChain.invoke(InvocationInterceptorChain.java:37)
	at org.junit.jupiter.engine.execution.InterceptingExecutableInvoker.invoke(InterceptingExecutableInvoker.java:92)
	at org.junit.jupiter.engine.execution.InterceptingExecutableInvoker.invoke(InterceptingExecutableInvoker.java:86)
	at org.junit.jupiter.engine.descriptor.ClassBasedTestDescriptor.invokeMethodInExtensionContext(ClassBasedTestDescriptor.java:521)
	at org.junit.jupiter.engine.descriptor.ClassBasedTestDescriptor.lambda$synthesizeBeforeEachMethodAdapter$23(ClassBasedTestDescriptor.java:506)
	at org.junit.jupiter.engine.descriptor.TestMethodTestDescriptor.lambda$invokeBeforeEachMethods$3(TestMethodTestDescriptor.java:175)
	at org.junit.jupiter.engine.descriptor.TestMethodTestDescriptor.lambda$invokeBeforeMethodsOrCallbacksUntilExceptionOccurs$6(TestMethodTestDescriptor.java:203)
	at org.junit.platform.engine.support.hierarchical.ThrowableCollector.execute(ThrowableCollector.java:73)
	at org.junit.jupiter.engine.descriptor.TestMethodTestDescriptor.invokeBeforeMethodsOrCallbacksUntilExceptionOccurs(TestMethodTestDescriptor.java:203)
	at org.junit.jupiter.engine.descriptor.TestMethodTestDescriptor.invokeBeforeEachMethods(TestMethodTestDescriptor.java:172)
	at org.junit.jupiter.engine.descriptor.TestMethodTestDescriptor.execute(TestMethodTestDescriptor.java:135)
	at org.junit.jupiter.engine.descriptor.TestMethodTestDescriptor.execute(TestMethodTestDescriptor.java:69)
	at org.junit.platform.engine.support.hierarchical.NodeTestTask.lambda$executeRecursively$6(NodeTestTask.java:151)
	at org.junit.platform.engine.support.hierarchical.ThrowableCollector.execute(ThrowableCollector.java:73)
	at org.junit.platform.engine.support.hierarchical.NodeTestTask.lambda$executeRecursively$8(NodeTestTask.java:141)
	at org.junit.platform.engine.support.hierarchical.Node.around(Node.java:137)
	at org.junit.platform.engine.support.hierarchical.NodeTestTask.lambda$executeRecursively$9(NodeTestTask.java:139)
	at org.junit.platform.engine.support.hierarchical.ThrowableCollector.execute(ThrowableCollector.java:73)
	at org.junit.platform.engine.support.hierarchical.NodeTestTask.executeRecursively(NodeTestTask.java:138)
	at org.junit.platform.engine.support.hierarchical.NodeTestTask.execute(NodeTestTask.java:95)
	at java.base/java.util.ArrayList.forEach(ArrayList.java:1596)
	at org.junit.platform.engine.support.hierarchical.SameThreadHierarchicalTestExecutorService.invokeAll(SameThreadHierarchicalTestExecutorService.java:41)
	at org.junit.platform.engine.support.hierarchical.NodeTestTask.lambda$executeRecursively$6(NodeTestTask.java:155)
	at org.junit.platform.engine.support.hierarchical.ThrowableCollector.execute(ThrowableCollector.java:73)
	at org.junit.platform.engine.support.hierarchical.NodeTestTask.lambda$executeRecursively$8(NodeTestTask.java:141)
	at org.junit.platform.engine.support.hierarchical.Node.around(Node.java:137)
	at org.junit.platform.engine.support.hierarchical.NodeTestTask.lambda$executeRecursively$9(NodeTestTask.java:139)
	at org.junit.platform.engine.support.hierarchical.ThrowableCollector.execute(ThrowableCollector.java:73)
	at org.junit.platform.engine.support.hierarchical.NodeTestTask.executeRecursively(NodeTestTask.java:138)
	at org.junit.platform.engine.support.hierarchical.NodeTestTask.execute(NodeTestTask.java:95)
	at java.base/java.util.ArrayList.forEach(ArrayList.java:1596)
	at org.junit.platform.engine.support.hierarchical.SameThreadHierarchicalTestExecutorService.invokeAll(SameThreadHierarchicalTestExecutorService.java:41)
	at org.junit.platform.engine.support.hierarchical.NodeTestTask.lambda$executeRecursively$6(NodeTestTask.java:155)
	at org.junit.platform.engine.support.hierarchical.ThrowableCollector.execute(ThrowableCollector.java:73)
	at org.junit.platform.engine.support.hierarchical.NodeTestTask.lambda$executeRecursively$8(NodeTestTask.java:141)
	at org.junit.platform.engine.support.hierarchical.Node.around(Node.java:137)
	at org.junit.platform.engine.support.hierarchical.NodeTestTask.lambda$executeRecursively$9(NodeTestTask.java:139)
	at org.junit.platform.engine.support.hierarchical.ThrowableCollector.execute(ThrowableCollector.java:73)
	at org.junit.platform.engine.support.hierarchical.NodeTestTask.executeRecursively(NodeTestTask.java:138)
	at org.junit.platform.engine.support.hierarchical.NodeTestTask.execute(NodeTestTask.java:95)
	at org.junit.platform.engine.support.hierarchical.SameThreadHierarchicalTestExecutorService.submit(SameThreadHierarchicalTestExecutorService.java:35)
	at org.junit.platform.engine.support.hierarchical.HierarchicalTestExecutor.execute(HierarchicalTestExecutor.java:57)
	at org.junit.platform.engine.support.hierarchical.HierarchicalTestEngine.execute(HierarchicalTestEngine.java:54)
	at org.junit.platform.launcher.core.EngineExecutionOrchestrator.execute(EngineExecutionOrchestrator.java:198)
	at org.junit.platform.launcher.core.EngineExecutionOrchestrator.execute(EngineExecutionOrchestrator.java:169)
	at org.junit.platform.launcher.core.EngineExecutionOrchestrator.execute(EngineExecutionOrchestrator.java:93)
	at org.junit.platform.launcher.core.EngineExecutionOrchestrator.lambda$execute$0(EngineExecutionOrchestrator.java:58)
	at org.junit.platform.launcher.core.EngineExecutionOrchestrator.withInterceptedStreams(EngineExecutionOrchestrator.java:141)
	at org.junit.platform.launcher.core.EngineExecutionOrchestrator.execute(EngineExecutionOrchestrator.java:57)
	at org.junit.platform.launcher.core.DefaultLauncher.execute(DefaultLauncher.java:103)
	at org.junit.platform.launcher.core.DefaultLauncher.execute(DefaultLauncher.java:85)
	at org.junit.platform.launcher.core.DelegatingLauncher.execute(DelegatingLauncher.java:47)
	at org.apache.maven.surefire.junitplatform.LazyLauncher.execute(LazyLauncher.java:56)
	at org.apache.maven.surefire.junitplatform.JUnitPlatformProvider.execute(JUnitPlatformProvider.java:184)
	at org.apache.maven.surefire.junitplatform.JUnitPlatformProvider.invokeAllTests(JUnitPlatformProvider.java:148)
	at org.apache.maven.surefire.junitplatform.JUnitPlatformProvider.invoke(JUnitPlatformProvider.java:122)
	at org.apache.maven.surefire.booter.ForkedBooter.runSuitesInProcess(ForkedBooter.java:385)
	at org.apache.maven.surefire.booter.ForkedBooter.execute(ForkedBooter.java:162)
	at org.apache.maven.surefire.booter.ForkedBooter.run(ForkedBooter.java:507)
	at org.apache.maven.surefire.booter.ForkedBooter.main(ForkedBooter.java:495)
Caused by: java.lang.ClassNotFoundException: jakarta.el.ExpressionFactory
	... 97 common frames omitted
10:24:45.687 [main] DEBUG org.hibernate.boot.beanvalidation.TypeSafeActivator - Unable to acquire Bean Validation ValidatorFactory, skipping activation
10:24:45.688 [main] DEBUG org.hibernate.query.sqm.function.SqmFunctionRegistry - Registered SqmFunctionTemplate [NamedSqmFunctionTemplate(max)] under max; prior registration was null
10:24:45.688 [main] DEBUG org.hibernate.query.sqm.function.SqmFunctionRegistry - Registered SqmFunctionTemplate [NamedSqmFunctionTemplate(min)] under min; prior registration was null
10:24:45.688 [main] DEBUG org.hibernate.query.sqm.function.SqmFunctionRegistry - Registered SqmFunctionTemplate [NamedSqmFunctionTemplate(sum)] under sum; prior registration was null
10:24:45.688 [main] DEBUG org.hibernate.query.sqm.function.SqmFunctionRegistry - Registered SqmFunctionTemplate [NamedSqmFunctionTemplate(avg)] under avg; prior registration was null
10:24:45.688 [main] DEBUG org.hibernate.query.sqm.function.SqmFunctionRegistry - Registered SqmFunctionTemplate [org.hibernate.dialect.function.CountFunction@33c2b388] under count; prior registration was null
10:24:45.688 [main] DEBUG org.hibernate.query.sqm.function.SqmFunctionRegistry - Registered SqmFunctionTemplate [org.hibernate.dialect.function.EveryAnyEmulation@30f0bcc3] under every; prior registration was null
10:24:45.688 [main] DEBUG org.hibernate.query.sqm.function.SqmFunctionRegistry - Registered SqmFunctionTemplate [org.hibernate.dialect.function.EveryAnyEmulation@141a810c] under any; prior registration was null
10:24:45.688 [main] DEBUG org.hibernate.query.sqm.function.SqmFunctionRegistry - Registered SqmFunctionTemplate [NamedSqmFunctionTemplate(floor)] under floor; prior registration was null
10:24:45.688 [main] DEBUG org.hibernate.query.sqm.function.SqmFunctionRegistry - Registered SqmFunctionTemplate [NamedSqmFunctionTemplate(ceiling)] under ceiling; prior registration was null
10:24:45.688 [main] DEBUG org.hibernate.query.sqm.function.SqmFunctionRegistry - Registered SqmFunctionTemplate [NamedSqmFunctionTemplate(mod)] under mod; prior registration was null
10:24:45.688 [main] DEBUG org.hibernate.query.sqm.function.SqmFunctionRegistry - Registered SqmFunctionTemplate [NamedSqmFunctionTemplate(abs)] under abs; prior registration was null
10:24:45.688 [main] DEBUG org.hibernate.query.sqm.function.SqmFunctionRegistry - Registered SqmFunctionTemplate [NamedSqmFunctionTemplate(sign)] under sign; prior registration was null
10:24:45.688 [main] DEBUG org.hibernate.query.sqm.function.SqmFunctionRegistry - Registered SqmFunctionTemplate [NamedSqmFunctionTemplate(sqrt)] under sqrt; prior registration was null
10:24:45.688 [main] DEBUG org.hibernate.query.sqm.function.SqmFunctionRegistry - Registered SqmFunctionTemplate [NamedSqmFunctionTemplate(ln)] under ln; prior registration was null
10:24:45.688 [main] DEBUG org.hibernate.query.sqm.function.SqmFunctionRegistry - Registered SqmFunctionTemplate [NamedSqmFunctionTemplate(exp)] under exp; prior registration was null
10:24:45.688 [main] DEBUG org.hibernate.query.sqm.function.SqmFunctionRegistry - Registered SqmFunctionTemplate [NamedSqmFunctionTemplate(power)] under power; prior registration was null
10:24:45.688 [main] DEBUG org.hibernate.query.sqm.function.SqmFunctionRegistry - Registered SqmFunctionTemplate [NamedSqmFunctionTemplate(round)] under round; prior registration was null
10:24:45.688 [main] DEBUG org.hibernate.query.sqm.function.SqmFunctionRegistry - Registered SqmFunctionTemplate [NamedSqmFunctionTemplate(sin)] under sin; prior registration was null
10:24:45.688 [main] DEBUG org.hibernate.query.sqm.function.SqmFunctionRegistry - Registered SqmFunctionTemplate [NamedSqmFunctionTemplate(cos)] under cos; prior registration was null
10:24:45.688 [main] DEBUG org.hibernate.query.sqm.function.SqmFunctionRegistry - Registered SqmFunctionTemplate [NamedSqmFunctionTemplate(tan)] under tan; prior registration was null
10:24:45.688 [main] DEBUG org.hibernate.query.sqm.function.SqmFunctionRegistry - Registered SqmFunctionTemplate [NamedSqmFunctionTemplate(asin)] under asin; prior registration was null
10:24:45.688 [main] DEBUG org.hibernate.query.sqm.function.SqmFunctionRegistry - Registered SqmFunctionTemplate [NamedSqmFunctionTemplate(acos)] under acos; prior registration was null
10:24:45.688 [main] DEBUG org.hibernate.query.sqm.function.SqmFunctionRegistry - Registered SqmFunctionTemplate [NamedSqmFunctionTemplate(atan)] under atan; prior registration was null
10:24:45.688 [main] DEBUG org.hibernate.query.sqm.function.SqmFunctionRegistry - Registered SqmFunctionTemplate [NamedSqmFunctionTemplate(atan2)] under atan2; prior registration was null
10:24:45.688 [main] DEBUG org.hibernate.query.sqm.function.SqmFunctionRegistry - Registered SqmFunctionTemplate [org.hibernate.query.sqm.function.PatternBasedSqmFunctionDescriptor@3da8f838] under sinh; prior registration was null
10:24:45.688 [main] DEBUG org.hibernate.query.sqm.function.SqmFunctionRegistry - Registered SqmFunctionTemplate [org.hibernate.query.sqm.function.PatternBasedSqmFunctionDescriptor@1bd042f6] under cosh; prior registration was null
10:24:45.688 [main] DEBUG org.hibernate.query.sqm.function.SqmFunctionRegistry - Registered SqmFunctionTemplate [org.hibernate.query.sqm.function.PatternBasedSqmFunctionDescriptor@2ef3e3eb] under tanh; prior registration was null
10:24:45.688 [main] DEBUG org.hibernate.query.sqm.function.SqmFunctionRegistry - Registered SqmFunctionTemplate [org.hibernate.query.sqm.function.PatternBasedSqmFunctionDescriptor@6e2105d8] under pi; prior registration was null
10:24:45.688 [main] DEBUG org.hibernate.query.sqm.function.SqmFunctionRegistry - Registered SqmFunctionTemplate [org.hibernate.query.sqm.function.PatternBasedSqmFunctionDescriptor@14b2591c] under log; prior registration was null
10:24:45.688 [main] DEBUG org.hibernate.query.sqm.function.SqmFunctionRegistry - Registered SqmFunctionTemplate [NamedSqmFunctionTemplate(coalesce)] under coalesce; prior registration was null
10:24:45.688 [main] DEBUG org.hibernate.query.sqm.function.SqmFunctionRegistry - Registered SqmFunctionTemplate [NamedSqmFunctionTemplate(nullif)] under nullif; prior registration was null
10:24:45.688 [main] DEBUG org.hibernate.query.sqm.function.SqmFunctionRegistry - Registered SqmFunctionTemplate [NamedSqmFunctionTemplate(left)] under left; prior registration was null
10:24:45.688 [main] DEBUG org.hibernate.query.sqm.function.SqmFunctionRegistry - Registered SqmFunctionTemplate [NamedSqmFunctionTemplate(right)] under right; prior registration was null
10:24:45.688 [main] DEBUG org.hibernate.query.sqm.function.SqmFunctionRegistry - Registered SqmFunctionTemplate [NamedSqmFunctionTemplate(replace)] under replace; prior registration was null
10:24:45.688 [main] DEBUG org.hibernate.query.sqm.function.SqmFunctionRegistry - Registered SqmFunctionTemplate [NamedSqmFunctionTemplate(concat)] under concat; prior registration was null
10:24:45.688 [main] DEBUG org.hibernate.query.sqm.function.SqmFunctionRegistry - Registered SqmFunctionTemplate [NamedSqmFunctionTemplate(lower)] under lower; prior registration was null
10:24:45.688 [main] DEBUG org.hibernate.query.sqm.function.SqmFunctionRegistry - Registered SqmFunctionTemplate [NamedSqmFunctionTemplate(upper)] under upper; prior registration was null
10:24:45.688 [main] DEBUG org.hibernate.query.sqm.function.SqmFunctionRegistry - Registered SqmFunctionTemplate [NamedSqmFunctionTemplate(substring)] under substring; prior registration was null
10:24:45.688 [main] DEBUG org.hibernate.query.sqm.function.SqmFunctionRegistry - Registered SqmFunctionTemplate [NamedSqmFunctionTemplate(locate)] under locate; prior registration was null
10:24:45.688 [main] DEBUG org.hibernate.query.sqm.function.SqmFunctionRegistry - Registered SqmFunctionTemplate [NamedSqmFunctionTemplate(character_length)] under character_length; prior registration was null
10:24:45.688 [main] DEBUG org.hibernate.query.sqm.function.SqmFunctionRegistry - Registering alternate key : length -> character_length
10:24:45.688 [main] DEBUG org.hibernate.query.sqm.function.SqmFunctionRegistry - Registered SqmFunctionTemplate [org.hibernate.dialect.function.LocatePositionEmulation@d6c7e8e] under position; prior registration was null
10:24:45.688 [main] DEBUG org.hibernate.query.sqm.function.SqmFunctionRegistry - Registered SqmFunctionTemplate [org.hibernate.dialect.function.InsertSubstringOverlayEmulation@3cb13873] under overlay; prior registration was null
10:24:45.688 [main] DEBUG org.hibernate.query.sqm.function.SqmFunctionRegistry - Registered SqmFunctionTemplate [org.hibernate.dialect.function.TrimFunction@5ad8e5f8] under trim; prior registration was null
10:24:45.688 [main] DEBUG org.hibernate.query.sqm.function.SqmFunctionRegistry - Registered SqmFunctionTemplate [org.hibernate.dialect.function.CastFunction@5ca43d06] under cast; prior registration was null
10:24:45.688 [main] DEBUG org.hibernate.query.sqm.function.SqmFunctionRegistry - Registered SqmFunctionTemplate [org.hibernate.query.sqm.function.PatternBasedSqmFunctionDescriptor@32d2b012] under collate; prior registration was null
10:24:45.688 [main] DEBUG org.hibernate.query.sqm.function.SqmFunctionRegistry - Registered SqmFunctionTemplate [org.hibernate.dialect.function.ExtractFunction@795649b] under extract; prior registration was null
10:24:45.689 [main] DEBUG org.hibernate.query.sqm.function.SqmFunctionRegistry - Registered SqmFunctionTemplate [NamedSqmFunctionTemplate(least)] under least; prior registration was null
10:24:45.689 [main] DEBUG org.hibernate.query.sqm.function.SqmFunctionRegistry - Registered SqmFunctionTemplate [NamedSqmFunctionTemplate(greatest)] under greatest; prior registration was null
10:24:45.689 [main] DEBUG org.hibernate.query.sqm.function.SqmFunctionRegistry - Registered SqmFunctionTemplate [org.hibernate.dialect.function.CoalesceIfnullEmulation@1a7fb6b4] under ifnull; prior registration was null
10:24:45.689 [main] DEBUG org.hibernate.query.sqm.function.SqmFunctionRegistry - Registered SqmFunctionTemplate [NamedSqmFunctionTemplate(lpad)] under lpad; prior registration was null
10:24:45.689 [main] DEBUG org.hibernate.query.sqm.function.SqmFunctionRegistry - Registered SqmFunctionTemplate [NamedSqmFunctionTemplate(rpad)] under rpad; prior registration was null
10:24:45.689 [main] DEBUG org.hibernate.query.sqm.function.SqmFunctionRegistry - Registered SqmFunctionTemplate [org.hibernate.dialect.function.LpadRpadPadEmulation@67cef4f0] under pad; prior registration was null
10:24:45.689 [main] DEBUG org.hibernate.query.sqm.function.SqmFunctionRegistry - Registered SqmFunctionTemplate [org.hibernate.dialect.function.CastStrEmulation@403b9a3b] under str; prior registration was null
10:24:45.689 [main] DEBUG org.hibernate.query.sqm.function.SqmFunctionRegistry - Registered SqmFunctionTemplate [org.hibernate.dialect.function.FormatFunction@6c269f1b] under format; prior registration was null
10:24:45.689 [main] DEBUG org.hibernate.query.sqm.function.SqmFunctionRegistry - Registered SqmFunctionTemplate [org.hibernate.dialect.function.TimestampaddFunction@b0b5e3d] under timestampadd; prior registration was null
10:24:45.689 [main] DEBUG org.hibernate.query.sqm.function.SqmFunctionRegistry - Registered SqmFunctionTemplate [org.hibernate.dialect.function.TimestampdiffFunction@1bf242d8] under timestampdiff; prior registration was null
10:24:45.689 [main] DEBUG org.hibernate.query.sqm.function.SqmFunctionRegistry - Registering alternate key : dateadd -> timestampadd
10:24:45.689 [main] DEBUG org.hibernate.query.sqm.function.SqmFunctionRegistry - Registering alternate key : datediff -> timestampdiff
10:24:45.689 [main] DEBUG org.hibernate.query.sqm.function.SqmFunctionRegistry - Registered SqmFunctionTemplate [org.hibernate.dialect.function.CurrentFunction@784f9df] under current_date; prior registration was null
10:24:45.689 [main] DEBUG org.hibernate.query.sqm.function.SqmFunctionRegistry - Registered SqmFunctionTemplate [org.hibernate.dialect.function.CurrentFunction@5f826073] under current_time; prior registration was null
10:24:45.689 [main] DEBUG org.hibernate.query.sqm.function.SqmFunctionRegistry - Registered SqmFunctionTemplate [org.hibernate.dialect.function.CurrentFunction@e293708] under current_timestamp; prior registration was null
10:24:45.689 [main] DEBUG org.hibernate.query.sqm.function.SqmFunctionRegistry - Registering alternate key : current date -> current_date
10:24:45.689 [main] DEBUG org.hibernate.query.sqm.function.SqmFunctionRegistry - Registering alternate key : current time -> current_time
10:24:45.689 [main] DEBUG org.hibernate.query.sqm.function.SqmFunctionRegistry - Registering alternate key : current timestamp -> current_timestamp
10:24:45.689 [main] DEBUG org.hibernate.query.sqm.function.SqmFunctionRegistry - Registered SqmFunctionTemplate [org.hibernate.dialect.function.CurrentFunction@7c44097] under local_date; prior registration was null
10:24:45.689 [main] DEBUG org.hibernate.query.sqm.function.SqmFunctionRegistry - Registered SqmFunctionTemplate [org.hibernate.dialect.function.CurrentFunction@27ae1bb1] under local_time; prior registration was null
10:24:45.689 [main] DEBUG org.hibernate.query.sqm.function.SqmFunctionRegistry - Registered SqmFunctionTemplate [org.hibernate.dialect.function.CurrentFunction@6be376cf] under local_datetime; prior registration was null
10:24:45.689 [main] DEBUG org.hibernate.query.sqm.function.SqmFunctionRegistry - Registered SqmFunctionTemplate [org.hibernate.dialect.function.CurrentFunction@2cb59dcc] under offset_datetime; prior registration was null
10:24:45.689 [main] DEBUG org.hibernate.query.sqm.function.SqmFunctionRegistry - Registering alternate key : local date -> local_date
10:24:45.689 [main] DEBUG org.hibernate.query.sqm.function.SqmFunctionRegistry - Registering alternate key : local time -> local_time
10:24:45.689 [main] DEBUG org.hibernate.query.sqm.function.SqmFunctionRegistry - Registering alternate key : local datetime -> local_datetime
10:24:45.689 [main] DEBUG org.hibernate.query.sqm.function.SqmFunctionRegistry - Registering alternate key : offset datetime -> offset_datetime
10:24:45.689 [main] DEBUG org.hibernate.query.sqm.function.SqmFunctionRegistry - Registered SqmFunctionTemplate [org.hibernate.dialect.function.CurrentFunction@9d0b035] under instant; prior registration was null
10:24:45.689 [main] DEBUG org.hibernate.query.sqm.function.SqmFunctionRegistry - Registering alternate key : current_instant -> instant
10:24:45.689 [main] DEBUG org.hibernate.query.sqm.function.SqmFunctionRegistry - Registered SqmFunctionTemplate [org.hibernate.dialect.function.SqlFunction@5e74512d] under sql; prior registration was null
10:24:45.689 [main] DEBUG org.hibernate.query.sqm.function.SqmFunctionRegistry - Registered SqmFunctionTemplate [NamedSqmFunctionTemplate(max)] under max; prior registration was NamedSqmFunctionTemplate(max)
10:24:45.689 [main] DEBUG org.hibernate.query.sqm.function.SqmFunctionRegistry - Registered SqmFunctionTemplate [NamedSqmFunctionTemplate(min)] under min; prior registration was NamedSqmFunctionTemplate(min)
10:24:45.689 [main] DEBUG org.hibernate.query.sqm.function.SqmFunctionRegistry - Registered SqmFunctionTemplate [NamedSqmFunctionTemplate(sum)] under sum; prior registration was NamedSqmFunctionTemplate(sum)
10:24:45.689 [main] DEBUG org.hibernate.query.sqm.function.SqmFunctionRegistry - Registered SqmFunctionTemplate [NamedSqmFunctionTemplate(avg)] under avg; prior registration was NamedSqmFunctionTemplate(avg)
10:24:45.689 [main] DEBUG org.hibernate.query.sqm.function.SqmFunctionRegistry - Registered SqmFunctionTemplate [org.hibernate.dialect.function.CountFunction@2e511122] under count; prior registration was org.hibernate.dialect.function.CountFunction@33c2b388
10:24:45.689 [main] DEBUG org.hibernate.query.sqm.function.SqmFunctionRegistry - Registered SqmFunctionTemplate [org.hibernate.dialect.function.AvgFunction@2e0aa2d9] under avg; prior registration was NamedSqmFunctionTemplate(avg)
10:24:45.689 [main] DEBUG org.hibernate.query.sqm.function.SqmFunctionRegistry - Registered SqmFunctionTemplate [NamedSqmFunctionTemplate(pi)] under pi; prior registration was org.hibernate.query.sqm.function.PatternBasedSqmFunctionDescriptor@6e2105d8
10:24:45.689 [main] DEBUG org.hibernate.query.sqm.function.SqmFunctionRegistry - Registered SqmFunctionTemplate [NamedSqmFunctionTemplate(cot)] under cot; prior registration was null
10:24:45.689 [main] DEBUG org.hibernate.query.sqm.function.SqmFunctionRegistry - Registered SqmFunctionTemplate [NamedSqmFunctionTemplate(radians)] under radians; prior registration was null
10:24:45.689 [main] DEBUG org.hibernate.query.sqm.function.SqmFunctionRegistry - Registered SqmFunctionTemplate [NamedSqmFunctionTemplate(degrees)] under degrees; prior registration was null
10:24:45.689 [main] DEBUG org.hibernate.query.sqm.function.SqmFunctionRegistry - Registered SqmFunctionTemplate [NamedSqmFunctionTemplate(log10)] under log10; prior registration was null
10:24:45.689 [main] DEBUG org.hibernate.query.sqm.function.SqmFunctionRegistry - Registered SqmFunctionTemplate [org.hibernate.query.sqm.function.PatternBasedSqmFunctionDescriptor@22d7fe35] under mod; prior registration was NamedSqmFunctionTemplate(mod)
10:24:45.689 [main] DEBUG org.hibernate.query.sqm.function.SqmFunctionRegistry - Registered SqmFunctionTemplate [NamedSqmFunctionTemplate(rand)] under rand; prior registration was null
10:24:45.689 [main] DEBUG org.hibernate.query.sqm.function.SqmFunctionRegistry - Registered SqmFunctionTemplate [NamedSqmFunctionTemplate(soundex)] under soundex; prior registration was null
10:24:45.689 [main] DEBUG org.hibernate.query.sqm.function.SqmFunctionRegistry - Registered SqmFunctionTemplate [NamedSqmFunctionTemplate(translate)] under translate; prior registration was null
10:24:45.689 [main] DEBUG org.hibernate.query.sqm.function.SqmFunctionRegistry - Registered SqmFunctionTemplate [NamedSqmFunctionTemplate(bitand)] under bitand; prior registration was null
10:24:45.689 [main] DEBUG org.hibernate.query.sqm.function.SqmFunctionRegistry - Registered SqmFunctionTemplate [NamedSqmFunctionTemplate(bitor)] under bitor; prior registration was null
10:24:45.689 [main] DEBUG org.hibernate.query.sqm.function.SqmFunctionRegistry - Registered SqmFunctionTemplate [NamedSqmFunctionTemplate(bitxor)] under bitxor; prior registration was null
10:24:45.689 [main] DEBUG org.hibernate.query.sqm.function.SqmFunctionRegistry - Registered SqmFunctionTemplate [NamedSqmFunctionTemplate(bitnot)] under bitnot; prior registration was null
10:24:45.689 [main] DEBUG org.hibernate.query.sqm.function.SqmFunctionRegistry - Registered SqmFunctionTemplate [NamedSqmFunctionTemplate(bit_and)] under bit_and; prior registration was null
10:24:45.689 [main] DEBUG org.hibernate.query.sqm.function.SqmFunctionRegistry - Registered SqmFunctionTemplate [NamedSqmFunctionTemplate(bit_or)] under bit_or; prior registration was null
10:24:45.689 [main] DEBUG org.hibernate.query.sqm.function.SqmFunctionRegistry - Registered SqmFunctionTemplate [NamedSqmFunctionTemplate(day)] under day; prior registration was null
10:24:45.689 [main] DEBUG org.hibernate.query.sqm.function.SqmFunctionRegistry - Registered SqmFunctionTemplate [NamedSqmFunctionTemplate(month)] under month; prior registration was null
10:24:45.689 [main] DEBUG org.hibernate.query.sqm.function.SqmFunctionRegistry - Registered SqmFunctionTemplate [NamedSqmFunctionTemplate(year)] under year; prior registration was null
10:24:45.689 [main] DEBUG org.hibernate.query.sqm.function.SqmFunctionRegistry - Registered SqmFunctionTemplate [NamedSqmFunctionTemplate(hour)] under hour; prior registration was null
10:24:45.689 [main] DEBUG org.hibernate.query.sqm.function.SqmFunctionRegistry - Registered SqmFunctionTemplate [NamedSqmFunctionTemplate(minute)] under minute; prior registration was null
10:24:45.689 [main] DEBUG org.hibernate.query.sqm.function.SqmFunctionRegistry - Registered SqmFunctionTemplate [NamedSqmFunctionTemplate(second)] under second; prior registration was null
10:24:45.689 [main] DEBUG org.hibernate.query.sqm.function.SqmFunctionRegistry - Registered SqmFunctionTemplate [NamedSqmFunctionTemplate(microsecond)] under microsecond; prior registration was null
10:24:45.689 [main] DEBUG org.hibernate.query.sqm.function.SqmFunctionRegistry - Registered SqmFunctionTemplate [NamedSqmFunctionTemplate(day_of_week)] under day_of_week; prior registration was null
10:24:45.689 [main] DEBUG org.hibernate.query.sqm.function.SqmFunctionRegistry - Registered SqmFunctionTemplate [NamedSqmFunctionTemplate(day_of_month)] under day_of_month; prior registration was null
10:24:45.689 [main] DEBUG org.hibernate.query.sqm.function.SqmFunctionRegistry - Registering alternate key : day -> day_of_month
10:24:45.689 [main] DEBUG org.hibernate.query.sqm.function.SqmFunctionRegistry - Registered SqmFunctionTemplate [NamedSqmFunctionTemplate(day_of_year)] under day_of_year; prior registration was null
10:24:45.689 [main] DEBUG org.hibernate.query.sqm.function.SqmFunctionRegistry - Registered SqmFunctionTemplate [NamedSqmFunctionTemplate(week)] under week; prior registration was null
10:24:45.689 [main] DEBUG org.hibernate.query.sqm.function.SqmFunctionRegistry - Registered SqmFunctionTemplate [NamedSqmFunctionTemplate(quarter)] under quarter; prior registration was null
10:24:45.689 [main] DEBUG org.hibernate.query.sqm.function.SqmFunctionRegistry - Registered SqmFunctionTemplate [NamedSqmFunctionTemplate(monthname)] under monthname; prior registration was null
10:24:45.689 [main] DEBUG org.hibernate.query.sqm.function.SqmFunctionRegistry - Registered SqmFunctionTemplate [NamedSqmFunctionTemplate(dayname)] under dayname; prior registration was null
10:24:45.689 [main] DEBUG org.hibernate.query.sqm.function.SqmFunctionRegistry - Registered SqmFunctionTemplate [NamedSqmFunctionTemplate(localtime)] under localtime; prior registration was null
10:24:45.689 [main] DEBUG org.hibernate.query.sqm.function.SqmFunctionRegistry - Registered SqmFunctionTemplate [NamedSqmFunctionTemplate(localtimestamp)] under localtimestamp; prior registration was null
10:24:45.689 [main] DEBUG org.hibernate.query.sqm.function.SqmFunctionRegistry - Registered SqmFunctionTemplate [NamedSqmFunctionTemplate(localtime)] under local_time; prior registration was org.hibernate.dialect.function.CurrentFunction@27ae1bb1
10:24:45.689 [main] DEBUG org.hibernate.query.sqm.function.SqmFunctionRegistry - Registered SqmFunctionTemplate [NamedSqmFunctionTemplate(localtimestamp)] under local_datetime; prior registration was org.hibernate.dialect.function.CurrentFunction@6be376cf
10:24:45.689 [main] DEBUG org.hibernate.query.sqm.function.SqmFunctionRegistry - Registered SqmFunctionTemplate [org.hibernate.dialect.function.TruncFunction@5e563e7b] under trunc; prior registration was null
10:24:45.689 [main] DEBUG org.hibernate.query.sqm.function.SqmFunctionRegistry - Registering alternate key : truncate -> trunc
10:24:45.689 [main] DEBUG org.hibernate.query.sqm.function.SqmFunctionRegistry - Registered SqmFunctionTemplate [org.hibernate.query.sqm.function.PatternBasedSqmFunctionDescriptor@78a8ec92] under date_trunc; prior registration was null
10:24:45.689 [main] DEBUG org.hibernate.query.sqm.function.SqmFunctionRegistry - Registered SqmFunctionTemplate [NamedSqmFunctionTemplate(bit_length)] under bit_length; prior registration was null
10:24:45.689 [main] DEBUG org.hibernate.query.sqm.function.SqmFunctionRegistry - Registered SqmFunctionTemplate [NamedSqmFunctionTemplate(octet_length)] under octet_length; prior registration was null
10:24:45.689 [main] DEBUG org.hibernate.query.sqm.function.SqmFunctionRegistry - Registered SqmFunctionTemplate [NamedSqmFunctionTemplate(ascii)] under ascii; prior registration was null
10:24:45.689 [main] DEBUG org.hibernate.query.sqm.function.SqmFunctionRegistry - Registered SqmFunctionTemplate [NamedSqmFunctionTemplate(octet_length)] under octet_length; prior registration was NamedSqmFunctionTemplate(octet_length)
10:24:45.689 [main] DEBUG org.hibernate.query.sqm.function.SqmFunctionRegistry - Registered SqmFunctionTemplate [NamedSqmFunctionTemplate(space)] under space; prior registration was null
10:24:45.689 [main] DEBUG org.hibernate.query.sqm.function.SqmFunctionRegistry - Registered SqmFunctionTemplate [NamedSqmFunctionTemplate(repeat)] under repeat; prior registration was null
10:24:45.689 [main] DEBUG org.hibernate.query.sqm.function.SqmFunctionRegistry - Registered SqmFunctionTemplate [NamedSqmFunctionTemplate(char)] under char; prior registration was null
10:24:45.689 [main] DEBUG org.hibernate.query.sqm.function.SqmFunctionRegistry - Registering alternate key : chr -> char
10:24:45.689 [main] DEBUG org.hibernate.query.sqm.function.SqmFunctionRegistry - Registered SqmFunctionTemplate [NamedSqmFunctionTemplate(instr)] under instr; prior registration was null
10:24:45.689 [main] DEBUG org.hibernate.query.sqm.function.SqmFunctionRegistry - Registered SqmFunctionTemplate [NamedSqmFunctionTemplate(substr)] under substr; prior registration was null
10:24:45.689 [main] DEBUG org.hibernate.query.sqm.function.SqmFunctionRegistry - Registered SqmFunctionTemplate [org.hibernate.query.sqm.function.PatternBasedSqmFunctionDescriptor@34f9534] under position; prior registration was org.hibernate.dialect.function.LocatePositionEmulation@d6c7e8e
10:24:45.689 [main] DEBUG org.hibernate.query.sqm.function.SqmFunctionRegistry - Registered SqmFunctionTemplate [NamedSqmFunctionTemplate(ltrim)] under ltrim; prior registration was null
10:24:45.689 [main] DEBUG org.hibernate.query.sqm.function.SqmFunctionRegistry - Registered SqmFunctionTemplate [NamedSqmFunctionTemplate(rtrim)] under rtrim; prior registration was null
10:24:45.689 [main] DEBUG org.hibernate.query.sqm.function.SqmFunctionRegistry - Registered SqmFunctionTemplate [org.hibernate.query.sqm.function.PatternBasedSqmFunctionDescriptor@1ef4f53e] under concat; prior registration was NamedSqmFunctionTemplate(concat)
10:24:45.689 [main] DEBUG org.hibernate.query.sqm.function.SqmFunctionRegistry - Registered SqmFunctionTemplate [NamedSqmFunctionTemplate(curtime)] under curtime; prior registration was null
10:24:45.689 [main] DEBUG org.hibernate.query.sqm.function.SqmFunctionRegistry - Registered SqmFunctionTemplate [NamedSqmFunctionTemplate(curdate)] under curdate; prior registration was null
10:24:45.689 [main] DEBUG org.hibernate.query.sqm.function.SqmFunctionRegistry - Registered SqmFunctionTemplate [NamedSqmFunctionTemplate(now)] under now; prior registration was null
10:24:45.689 [main] DEBUG org.hibernate.query.sqm.function.SqmFunctionRegistry - Registered SqmFunctionTemplate [NamedSqmFunctionTemplate(sysdate)] under sysdate; prior registration was null
10:24:45.689 [main] DEBUG org.hibernate.query.sqm.function.SqmFunctionRegistry - Registered SqmFunctionTemplate [NamedSqmFunctionTemplate(insert)] under insert; prior registration was null
10:24:45.689 [main] DEBUG org.hibernate.query.sqm.function.SqmFunctionRegistry - Registered SqmFunctionTemplate [NamedSqmFunctionTemplate(bool_and)] under bool_and; prior registration was null
10:24:45.689 [main] DEBUG org.hibernate.query.sqm.function.SqmFunctionRegistry - Registering alternate key : every -> bool_and
10:24:45.689 [main] DEBUG org.hibernate.query.sqm.function.SqmFunctionRegistry - Registered SqmFunctionTemplate [NamedSqmFunctionTemplate(bool_or)] under bool_or; prior registration was null
10:24:45.689 [main] DEBUG org.hibernate.query.sqm.function.SqmFunctionRegistry - Registering alternate key : any -> bool_or
10:24:45.689 [main] DEBUG org.hibernate.query.sqm.function.SqmFunctionRegistry - Registered SqmFunctionTemplate [NamedSqmFunctionTemplate(median)] under median; prior registration was null
10:24:45.689 [main] DEBUG org.hibernate.query.sqm.function.SqmFunctionRegistry - Registered SqmFunctionTemplate [NamedSqmFunctionTemplate(stddev_pop)] under stddev_pop; prior registration was null
10:24:45.689 [main] DEBUG org.hibernate.query.sqm.function.SqmFunctionRegistry - Registered SqmFunctionTemplate [NamedSqmFunctionTemplate(stddev_samp)] under stddev_samp; prior registration was null
10:24:45.689 [main] DEBUG org.hibernate.query.sqm.function.SqmFunctionRegistry - Registered SqmFunctionTemplate [NamedSqmFunctionTemplate(var_pop)] under var_pop; prior registration was null
10:24:45.689 [main] DEBUG org.hibernate.query.sqm.function.SqmFunctionRegistry - Registered SqmFunctionTemplate [NamedSqmFunctionTemplate(var_samp)] under var_samp; prior registration was null
10:24:45.689 [main] DEBUG org.hibernate.query.sqm.function.SqmFunctionRegistry - Registered SqmFunctionTemplate [org.hibernate.dialect.function.FormatFunction@71beb57d] under format; prior registration was org.hibernate.dialect.function.FormatFunction@6c269f1b
10:24:45.689 [main] DEBUG org.hibernate.query.sqm.function.SqmFunctionRegistry - Registered SqmFunctionTemplate [NamedSqmFunctionTemplate(rownum)] under rownum; prior registration was null
10:24:45.689 [main] DEBUG org.hibernate.query.sqm.function.SqmFunctionRegistry - Registered SqmFunctionTemplate [NamedSqmFunctionTemplate(row_number)] under row_number; prior registration was null
10:24:45.689 [main] DEBUG org.hibernate.query.sqm.function.SqmFunctionRegistry - Registered SqmFunctionTemplate [NamedSqmFunctionTemplate(lag)] under lag; prior registration was null
10:24:45.689 [main] DEBUG org.hibernate.query.sqm.function.SqmFunctionRegistry - Registered SqmFunctionTemplate [NamedSqmFunctionTemplate(lead)] under lead; prior registration was null
10:24:45.689 [main] DEBUG org.hibernate.query.sqm.function.SqmFunctionRegistry - Registered SqmFunctionTemplate [NamedSqmFunctionTemplate(first_value)] under first_value; prior registration was null
10:24:45.689 [main] DEBUG org.hibernate.query.sqm.function.SqmFunctionRegistry - Registered SqmFunctionTemplate [NamedSqmFunctionTemplate(last_value)] under last_value; prior registration was null
10:24:45.689 [main] DEBUG org.hibernate.query.sqm.function.SqmFunctionRegistry - Registered SqmFunctionTemplate [NamedSqmFunctionTemplate(nth_value)] under nth_value; prior registration was null
10:24:45.689 [main] DEBUG org.hibernate.query.sqm.function.SqmFunctionRegistry - Registered SqmFunctionTemplate [org.hibernate.dialect.function.ListaggFunction@4e4d1ba4] under listagg; prior registration was null
10:24:45.689 [main] DEBUG org.hibernate.query.sqm.function.SqmFunctionRegistry - Registered SqmFunctionTemplate [org.hibernate.dialect.function.InverseDistributionFunction@3154d16c] under mode; prior registration was null
10:24:45.689 [main] DEBUG org.hibernate.query.sqm.function.SqmFunctionRegistry - Registered SqmFunctionTemplate [org.hibernate.dialect.function.InverseDistributionFunction@8b08f7d] under percentile_cont; prior registration was null
10:24:45.689 [main] DEBUG org.hibernate.query.sqm.function.SqmFunctionRegistry - Registered SqmFunctionTemplate [org.hibernate.dialect.function.InverseDistributionFunction@ca1d64b] under percentile_disc; prior registration was null
10:24:45.689 [main] DEBUG org.hibernate.query.sqm.function.SqmFunctionRegistry - Registered SqmFunctionTemplate [org.hibernate.dialect.function.HypotheticalSetFunction@2a976c40] under rank; prior registration was null
10:24:45.689 [main] DEBUG org.hibernate.query.sqm.function.SqmFunctionRegistry - Registered SqmFunctionTemplate [org.hibernate.dialect.function.HypotheticalSetFunction@3ddf07cf] under dense_rank; prior registration was null
10:24:45.689 [main] DEBUG org.hibernate.query.sqm.function.SqmFunctionRegistry - Registered SqmFunctionTemplate [org.hibernate.dialect.function.HypotheticalSetFunction@3118bc6e] under percent_rank; prior registration was null
10:24:45.689 [main] DEBUG org.hibernate.query.sqm.function.SqmFunctionRegistry - Registered SqmFunctionTemplate [org.hibernate.dialect.function.HypotheticalSetFunction@33893788] under cume_dist; prior registration was null
10:24:45.689 [main] DEBUG org.hibernate.query.sqm.function.SqmFunctionRegistry - Registered SqmFunctionTemplate [org.hibernate.dialect.function.array.ArrayConstructorFunction@22eda8d5] under array; prior registration was null
10:24:45.689 [main] DEBUG org.hibernate.query.sqm.function.SqmFunctionRegistry - Registered SqmFunctionTemplate [org.hibernate.dialect.function.array.ArrayConstructorFunction@67492238] under array_list; prior registration was null
10:24:45.689 [main] DEBUG org.hibernate.query.sqm.function.SqmFunctionRegistry - Registered SqmFunctionTemplate [org.hibernate.dialect.function.array.ArrayAggFunction@13c60973] under array_agg; prior registration was null
10:24:45.689 [main] DEBUG org.hibernate.query.sqm.function.SqmFunctionRegistry - Registered SqmFunctionTemplate [org.hibernate.dialect.function.array.H2ArrayPositionFunction@698959f4] under array_position; prior registration was null
10:24:45.689 [main] DEBUG org.hibernate.query.sqm.function.SqmFunctionRegistry - Registered SqmFunctionTemplate [org.hibernate.dialect.function.array.H2ArrayPositionsFunction@81b5117] under array_positions; prior registration was null
10:24:45.689 [main] DEBUG org.hibernate.query.sqm.function.SqmFunctionRegistry - Registered SqmFunctionTemplate [org.hibernate.dialect.function.array.H2ArrayPositionsFunction@8d0e69d] under array_positions_list; prior registration was null
10:24:45.689 [main] DEBUG org.hibernate.query.sqm.function.SqmFunctionRegistry - Registered SqmFunctionTemplate [org.hibernate.query.sqm.function.PatternBasedSqmFunctionDescriptor@410c0df8] under array_length; prior registration was null
10:24:45.689 [main] DEBUG org.hibernate.query.sqm.function.SqmFunctionRegistry - Registered SqmFunctionTemplate [org.hibernate.dialect.function.array.ArrayConcatFunction@13cd6f27] under array_concat; prior registration was null
10:24:45.689 [main] DEBUG org.hibernate.query.sqm.function.SqmFunctionRegistry - Registered SqmFunctionTemplate [org.hibernate.dialect.function.array.ArrayConcatElementFunction@129e4344] under array_prepend; prior registration was null
10:24:45.689 [main] DEBUG org.hibernate.query.sqm.function.SqmFunctionRegistry - Registered SqmFunctionTemplate [org.hibernate.dialect.function.array.ArrayConcatElementFunction@1d75ab84] under array_append; prior registration was null
10:24:45.689 [main] DEBUG org.hibernate.query.sqm.function.SqmFunctionRegistry - Registered SqmFunctionTemplate [org.hibernate.dialect.function.array.H2ArrayContainsFunction@3cb7061f] under array_contains; prior registration was null
10:24:45.689 [main] DEBUG org.hibernate.query.sqm.function.SqmFunctionRegistry - Registered SqmFunctionTemplate [org.hibernate.dialect.function.array.H2ArrayContainsFunction@44fbf2f9] under array_contains_nullable; prior registration was null
10:24:45.689 [main] DEBUG org.hibernate.query.sqm.function.SqmFunctionRegistry - Registered SqmFunctionTemplate [org.hibernate.dialect.function.array.H2ArrayOverlapsFunction@249f1d41] under array_overlaps; prior registration was null
10:24:45.689 [main] DEBUG org.hibernate.query.sqm.function.SqmFunctionRegistry - Registered SqmFunctionTemplate [org.hibernate.dialect.function.array.H2ArrayOverlapsFunction@1406abdd] under array_overlaps_nullable; prior registration was null
10:24:45.689 [main] DEBUG org.hibernate.query.sqm.function.SqmFunctionRegistry - Registered SqmFunctionTemplate [org.hibernate.query.sqm.function.PatternBasedSqmFunctionDescriptor@1085d0bc] under array_get; prior registration was null
10:24:45.689 [main] DEBUG org.hibernate.query.sqm.function.SqmFunctionRegistry - Registered SqmFunctionTemplate [org.hibernate.dialect.function.array.H2ArraySetFunction@b72846f] under array_set; prior registration was null
10:24:45.689 [main] DEBUG org.hibernate.query.sqm.function.SqmFunctionRegistry - Registered SqmFunctionTemplate [org.hibernate.dialect.function.array.H2ArrayRemoveFunction@575bf555] under array_remove; prior registration was null
10:24:45.689 [main] DEBUG org.hibernate.query.sqm.function.SqmFunctionRegistry - Registered SqmFunctionTemplate [org.hibernate.dialect.function.array.H2ArrayRemoveIndexFunction@7622f420] under array_remove_index; prior registration was null
10:24:45.689 [main] DEBUG org.hibernate.query.sqm.function.SqmFunctionRegistry - Registered SqmFunctionTemplate [org.hibernate.query.sqm.function.PatternBasedSqmFunctionDescriptor@481cda68] under array_slice; prior registration was null
10:24:45.689 [main] DEBUG org.hibernate.query.sqm.function.SqmFunctionRegistry - Registered SqmFunctionTemplate [org.hibernate.dialect.function.array.H2ArrayReplaceFunction@57526ef8] under array_replace; prior registration was null
10:24:45.689 [main] DEBUG org.hibernate.query.sqm.function.SqmFunctionRegistry - Registered SqmFunctionTemplate [org.hibernate.query.sqm.function.PatternBasedSqmFunctionDescriptor@5fabd81a] under array_trim; prior registration was null
10:24:45.689 [main] DEBUG org.hibernate.query.sqm.function.SqmFunctionRegistry - Registered SqmFunctionTemplate [org.hibernate.dialect.function.array.H2ArrayFillFunction@3ec9b43b] under array_fill; prior registration was null
10:24:45.689 [main] DEBUG org.hibernate.query.sqm.function.SqmFunctionRegistry - Registered SqmFunctionTemplate [org.hibernate.dialect.function.array.H2ArrayFillFunction@1028e610] under array_fill_list; prior registration was null
10:24:45.689 [main] DEBUG org.hibernate.query.sqm.function.SqmFunctionRegistry - Registered SqmFunctionTemplate [org.hibernate.dialect.function.array.H2ArrayToStringFunction@54496f43] under array_to_string; prior registration was null
10:24:45.689 [main] DEBUG org.hibernate.HQL_FUNCTIONS - abs(NUMERIC arg)
10:24:45.689 [main] DEBUG org.hibernate.HQL_FUNCTIONS - Double acos(NUMERIC arg)
10:24:45.689 [main] DEBUG org.hibernate.HQL_FUNCTIONS - Boolean any(BOOLEAN predicate)
10:24:45.689 [main] DEBUG org.hibernate.HQL_FUNCTIONS - array( ... )
10:24:45.689 [main] DEBUG org.hibernate.HQL_FUNCTIONS - array_agg(arg)
10:24:45.689 [main] DEBUG org.hibernate.HQL_FUNCTIONS - array_append( ... )
10:24:45.689 [main] DEBUG org.hibernate.HQL_FUNCTIONS - array_concat( ... )
10:24:45.689 [main] DEBUG org.hibernate.HQL_FUNCTIONS - Boolean array_contains(ARRAY haystackArray, OBJECT needleElementOrArray)
10:24:45.689 [main] DEBUG org.hibernate.HQL_FUNCTIONS - Boolean array_contains_nullable(ARRAY haystackArray, OBJECT needleElementOrArray)
10:24:45.689 [main] DEBUG org.hibernate.HQL_FUNCTIONS - array_fill(OBJECT element, INTEGER elementCount)
10:24:45.689 [main] DEBUG org.hibernate.HQL_FUNCTIONS - array_fill_list(OBJECT element, INTEGER elementCount)
10:24:45.689 [main] DEBUG org.hibernate.HQL_FUNCTIONS - array_get(ARRAY array, INTEGER index)
10:24:45.689 [main] DEBUG org.hibernate.HQL_FUNCTIONS - Integer array_length(ARRAY array)
10:24:45.689 [main] DEBUG org.hibernate.HQL_FUNCTIONS - array_list( ... )
10:24:45.689 [main] DEBUG org.hibernate.HQL_FUNCTIONS - Boolean array_overlaps(ARRAY array0, OBJECT array1)
10:24:45.689 [main] DEBUG org.hibernate.HQL_FUNCTIONS - Boolean array_overlaps_nullable(ARRAY array0, OBJECT array1)
10:24:45.689 [main] DEBUG org.hibernate.HQL_FUNCTIONS - Integer array_position(ARRAY array, OBJECT element[, INTEGER startPosition])
10:24:45.689 [main] DEBUG org.hibernate.HQL_FUNCTIONS - int[] array_positions(ARRAY array, OBJECT element)
10:24:45.689 [main] DEBUG org.hibernate.HQL_FUNCTIONS - List array_positions_list(ARRAY array, OBJECT element)
10:24:45.689 [main] DEBUG org.hibernate.HQL_FUNCTIONS - array_prepend( ... )
10:24:45.689 [main] DEBUG org.hibernate.HQL_FUNCTIONS - array_remove( ... )
10:24:45.689 [main] DEBUG org.hibernate.HQL_FUNCTIONS - array_remove_index( ... )
10:24:45.689 [main] DEBUG org.hibernate.HQL_FUNCTIONS - array_replace( ... )
10:24:45.689 [main] DEBUG org.hibernate.HQL_FUNCTIONS - array_set( ... )
10:24:45.689 [main] DEBUG org.hibernate.HQL_FUNCTIONS - array_slice(ARRAY array, INTEGER start, INTEGER end)
10:24:45.689 [main] DEBUG org.hibernate.HQL_FUNCTIONS - String array_to_string( ... )
10:24:45.689 [main] DEBUG org.hibernate.HQL_FUNCTIONS - array_trim(ARRAY array, INTEGER elementsToRemove)
10:24:45.689 [main] DEBUG org.hibernate.HQL_FUNCTIONS - Integer ascii(STRING arg)
10:24:45.689 [main] DEBUG org.hibernate.HQL_FUNCTIONS - Double asin(NUMERIC arg)
10:24:45.689 [main] DEBUG org.hibernate.HQL_FUNCTIONS - Double atan(NUMERIC arg)
10:24:45.689 [main] DEBUG org.hibernate.HQL_FUNCTIONS - Double atan2(NUMERIC arg0, NUMERIC arg1)
10:24:45.690 [main] DEBUG org.hibernate.HQL_FUNCTIONS - avg(NUMERIC arg)
10:24:45.690 [main] DEBUG org.hibernate.HQL_FUNCTIONS - bit_and(arg)
10:24:45.690 [main] DEBUG org.hibernate.HQL_FUNCTIONS - Integer bit_length(STRING_OR_CLOB arg)
10:24:45.690 [main] DEBUG org.hibernate.HQL_FUNCTIONS - bit_or(arg)
10:24:45.690 [main] DEBUG org.hibernate.HQL_FUNCTIONS - bitand(arg0, arg1)
10:24:45.690 [main] DEBUG org.hibernate.HQL_FUNCTIONS - bitnot(arg)
10:24:45.690 [main] DEBUG org.hibernate.HQL_FUNCTIONS - bitor(arg0, arg1)
10:24:45.690 [main] DEBUG org.hibernate.HQL_FUNCTIONS - bitxor(arg0, arg1)
10:24:45.690 [main] DEBUG org.hibernate.HQL_FUNCTIONS - Boolean bool_and(BOOLEAN predicate)
10:24:45.690 [main] DEBUG org.hibernate.HQL_FUNCTIONS - Boolean bool_or(BOOLEAN predicate)
10:24:45.690 [main] DEBUG org.hibernate.HQL_FUNCTIONS - cast(arg as Type)
10:24:45.690 [main] DEBUG org.hibernate.HQL_FUNCTIONS - ceiling(NUMERIC arg)
10:24:45.690 [main] DEBUG org.hibernate.HQL_FUNCTIONS - Character char(INTEGER arg)
10:24:45.690 [main] DEBUG org.hibernate.HQL_FUNCTIONS - Integer character_length(STRING_OR_CLOB arg)
10:24:45.690 [main] DEBUG org.hibernate.HQL_FUNCTIONS - Character chr(INTEGER arg)
10:24:45.690 [main] DEBUG org.hibernate.HQL_FUNCTIONS - coalesce(arg0[, arg1[, ...]])
10:24:45.690 [main] DEBUG org.hibernate.HQL_FUNCTIONS - String collate(STRING string as COLLATION collation)
10:24:45.690 [main] DEBUG org.hibernate.HQL_FUNCTIONS - String concat(STRING string0[, STRING string1[, ...]])
10:24:45.690 [main] DEBUG org.hibernate.HQL_FUNCTIONS - Double cos(NUMERIC arg)
10:24:45.690 [main] DEBUG org.hibernate.HQL_FUNCTIONS - Double cosh(NUMERIC arg)
10:24:45.690 [main] DEBUG org.hibernate.HQL_FUNCTIONS - Double cot(NUMERIC arg)
10:24:45.690 [main] DEBUG org.hibernate.HQL_FUNCTIONS - Long count([distinct ]{arg|*})
10:24:45.690 [main] DEBUG org.hibernate.HQL_FUNCTIONS - Double cume_dist([arg0[, ...]])
10:24:45.690 [main] DEBUG org.hibernate.HQL_FUNCTIONS - Date curdate()
10:24:45.690 [main] DEBUG org.hibernate.HQL_FUNCTIONS - Date current date
10:24:45.690 [main] DEBUG org.hibernate.HQL_FUNCTIONS - Time current time
10:24:45.690 [main] DEBUG org.hibernate.HQL_FUNCTIONS - Timestamp current timestamp
10:24:45.690 [main] DEBUG org.hibernate.HQL_FUNCTIONS - Date current_date
10:24:45.690 [main] DEBUG org.hibernate.HQL_FUNCTIONS - Instant current_instant
10:24:45.690 [main] DEBUG org.hibernate.HQL_FUNCTIONS - Time current_time
10:24:45.690 [main] DEBUG org.hibernate.HQL_FUNCTIONS - Timestamp current_timestamp
10:24:45.690 [main] DEBUG org.hibernate.HQL_FUNCTIONS - Time curtime()
10:24:45.690 [main] DEBUG org.hibernate.HQL_FUNCTIONS - date_trunc(STRING field, TEMPORAL datetime)
10:24:45.690 [main] DEBUG org.hibernate.HQL_FUNCTIONS - dateadd(TEMPORAL_UNIT field, INTEGER magnitude, TEMPORAL datetime)
10:24:45.690 [main] DEBUG org.hibernate.HQL_FUNCTIONS - Long|Double datediff(TEMPORAL_UNIT field, TEMPORAL start, TEMPORAL end)
10:24:45.690 [main] DEBUG org.hibernate.HQL_FUNCTIONS - Integer day(DATE arg)
10:24:45.690 [main] DEBUG org.hibernate.HQL_FUNCTIONS - Integer day_of_month(DATE arg)
10:24:45.690 [main] DEBUG org.hibernate.HQL_FUNCTIONS - Integer day_of_week(DATE arg)
10:24:45.690 [main] DEBUG org.hibernate.HQL_FUNCTIONS - Integer day_of_year(DATE arg)
10:24:45.690 [main] DEBUG org.hibernate.HQL_FUNCTIONS - String dayname(DATE arg)
10:24:45.690 [main] DEBUG org.hibernate.HQL_FUNCTIONS - Double degrees(NUMERIC arg)
10:24:45.690 [main] DEBUG org.hibernate.HQL_FUNCTIONS - Long dense_rank([arg0[, ...]])
10:24:45.690 [main] DEBUG org.hibernate.HQL_FUNCTIONS - Boolean every(BOOLEAN predicate)
10:24:45.690 [main] DEBUG org.hibernate.HQL_FUNCTIONS - Double exp(NUMERIC arg)
10:24:45.690 [main] DEBUG org.hibernate.HQL_FUNCTIONS - extract(TEMPORAL_UNIT field from TEMPORAL arg)
10:24:45.690 [main] DEBUG org.hibernate.HQL_FUNCTIONS - first_valueANY value
10:24:45.690 [main] DEBUG org.hibernate.HQL_FUNCTIONS - floor(NUMERIC arg)
10:24:45.690 [main] DEBUG org.hibernate.HQL_FUNCTIONS - String format(TEMPORAL datetime as STRING pattern)
10:24:45.690 [main] DEBUG org.hibernate.HQL_FUNCTIONS - greatest(COMPARABLE arg0, COMPARABLE arg1[, arg2[, ...]])
10:24:45.690 [main] DEBUG org.hibernate.HQL_FUNCTIONS - Integer hour(TIME arg)
10:24:45.690 [main] DEBUG org.hibernate.HQL_FUNCTIONS - ifnull(arg0, arg1)
10:24:45.690 [main] DEBUG org.hibernate.HQL_FUNCTIONS - String insert(STRING string, INTEGER start, INTEGER length, STRING replacement)
10:24:45.690 [main] DEBUG org.hibernate.HQL_FUNCTIONS - Instant instant
10:24:45.690 [main] DEBUG org.hibernate.HQL_FUNCTIONS - Integer instr(STRING string, STRING pattern[, INTEGER start[, INTEGER occurrence]])
10:24:45.690 [main] DEBUG org.hibernate.HQL_FUNCTIONS - lagANY value[, INTEGER offset[, ANY default]]
10:24:45.690 [main] DEBUG org.hibernate.HQL_FUNCTIONS - last_valueANY value
10:24:45.690 [main] DEBUG org.hibernate.HQL_FUNCTIONS - leadANY value[, INTEGER offset[, ANY default]]
10:24:45.690 [main] DEBUG org.hibernate.HQL_FUNCTIONS - least(COMPARABLE arg0, COMPARABLE arg1[, arg2[, ...]])
10:24:45.690 [main] DEBUG org.hibernate.HQL_FUNCTIONS - String left(STRING string, INTEGER length)
10:24:45.690 [main] DEBUG org.hibernate.HQL_FUNCTIONS - Integer length(STRING_OR_CLOB arg)
10:24:45.690 [main] DEBUG org.hibernate.HQL_FUNCTIONS - String listagg(STRING arg0, STRING arg1)
10:24:45.690 [main] DEBUG org.hibernate.HQL_FUNCTIONS - Double ln(NUMERIC arg)
10:24:45.690 [main] DEBUG org.hibernate.HQL_FUNCTIONS - LocalDate local date
10:24:45.690 [main] DEBUG org.hibernate.HQL_FUNCTIONS - LocalDateTime local datetime
10:24:45.690 [main] DEBUG org.hibernate.HQL_FUNCTIONS - LocalTime local time
10:24:45.690 [main] DEBUG org.hibernate.HQL_FUNCTIONS - LocalDate local_date
10:24:45.690 [main] DEBUG org.hibernate.HQL_FUNCTIONS - LocalDateTime local_datetime
10:24:45.690 [main] DEBUG org.hibernate.HQL_FUNCTIONS - LocalTime local_time
10:24:45.690 [main] DEBUG org.hibernate.HQL_FUNCTIONS - Time localtime
10:24:45.690 [main] DEBUG org.hibernate.HQL_FUNCTIONS - Timestamp localtimestamp
10:24:45.690 [main] DEBUG org.hibernate.HQL_FUNCTIONS - Integer locate(STRING pattern, STRING string[, INTEGER start])
10:24:45.690 [main] DEBUG org.hibernate.HQL_FUNCTIONS - Double log(NUMERIC base, NUMERIC arg)
10:24:45.690 [main] DEBUG org.hibernate.HQL_FUNCTIONS - Double log10(NUMERIC arg)
10:24:45.690 [main] DEBUG org.hibernate.HQL_FUNCTIONS - String lower(STRING string)
10:24:45.690 [main] DEBUG org.hibernate.HQL_FUNCTIONS - String lpad(STRING string, INTEGER length[, STRING padding])
10:24:45.690 [main] DEBUG org.hibernate.HQL_FUNCTIONS - String ltrim(STRING string)
10:24:45.690 [main] DEBUG org.hibernate.HQL_FUNCTIONS - max(COMPARABLE arg)
10:24:45.690 [main] DEBUG org.hibernate.HQL_FUNCTIONS - Double median(NUMERIC arg)
10:24:45.690 [main] DEBUG org.hibernate.HQL_FUNCTIONS - Integer microsecond(TIME arg)
10:24:45.690 [main] DEBUG org.hibernate.HQL_FUNCTIONS - min(COMPARABLE arg)
10:24:45.690 [main] DEBUG org.hibernate.HQL_FUNCTIONS - Integer minute(TIME arg)
10:24:45.690 [main] DEBUG org.hibernate.HQL_FUNCTIONS - Integer mod(INTEGER arg0, INTEGER arg1)
10:24:45.690 [main] DEBUG org.hibernate.HQL_FUNCTIONS - mode()
10:24:45.690 [main] DEBUG org.hibernate.HQL_FUNCTIONS - Integer month(DATE arg)
10:24:45.690 [main] DEBUG org.hibernate.HQL_FUNCTIONS - String monthname(DATE arg)
10:24:45.690 [main] DEBUG org.hibernate.HQL_FUNCTIONS - Timestamp now()
10:24:45.690 [main] DEBUG org.hibernate.HQL_FUNCTIONS - nth_valueANY value, INTEGER nth
10:24:45.690 [main] DEBUG org.hibernate.HQL_FUNCTIONS - nullif(arg0, arg1)
10:24:45.690 [main] DEBUG org.hibernate.HQL_FUNCTIONS - Integer octet_length(STRING_OR_CLOB arg)
10:24:45.690 [main] DEBUG org.hibernate.HQL_FUNCTIONS - OffsetDateTime offset datetime
10:24:45.690 [main] DEBUG org.hibernate.HQL_FUNCTIONS - OffsetDateTime offset_datetime
10:24:45.690 [main] DEBUG org.hibernate.HQL_FUNCTIONS - String overlay(STRING string placing STRING replacement from INTEGER start[ for INTEGER length])
10:24:45.690 [main] DEBUG org.hibernate.HQL_FUNCTIONS - String pad(STRING string with INTEGER length {leading|trailing}[ STRING character])
10:24:45.690 [main] DEBUG org.hibernate.HQL_FUNCTIONS - Double percent_rank([arg0[, ...]])
10:24:45.690 [main] DEBUG org.hibernate.HQL_FUNCTIONS - percentile_cont(NUMERIC arg)
10:24:45.690 [main] DEBUG org.hibernate.HQL_FUNCTIONS - percentile_disc(NUMERIC arg)
10:24:45.690 [main] DEBUG org.hibernate.HQL_FUNCTIONS - Double pi
10:24:45.690 [main] DEBUG org.hibernate.HQL_FUNCTIONS - Integer position(STRING pattern in STRING string)
10:24:45.690 [main] DEBUG org.hibernate.HQL_FUNCTIONS - Double power(NUMERIC arg0, NUMERIC arg1)
10:24:45.690 [main] DEBUG org.hibernate.HQL_FUNCTIONS - Integer quarter(DATE arg)
10:24:45.690 [main] DEBUG org.hibernate.HQL_FUNCTIONS - Double radians(NUMERIC arg)
10:24:45.690 [main] DEBUG org.hibernate.HQL_FUNCTIONS - Double rand([INTEGER seed])
10:24:45.690 [main] DEBUG org.hibernate.HQL_FUNCTIONS - Long rank([arg0[, ...]])
10:24:45.690 [main] DEBUG org.hibernate.HQL_FUNCTIONS - String repeat(STRING string, INTEGER times)
10:24:45.690 [main] DEBUG org.hibernate.HQL_FUNCTIONS - String replace(STRING string, STRING pattern, STRING replacement)
10:24:45.690 [main] DEBUG org.hibernate.HQL_FUNCTIONS - String right(STRING string, INTEGER length)
10:24:45.690 [main] DEBUG org.hibernate.HQL_FUNCTIONS - round(NUMERIC number[, INTEGER places])
10:24:45.690 [main] DEBUG org.hibernate.HQL_FUNCTIONS - Long row_number()
10:24:45.690 [main] DEBUG org.hibernate.HQL_FUNCTIONS - Long rownum()
10:24:45.690 [main] DEBUG org.hibernate.HQL_FUNCTIONS - String rpad(STRING string, INTEGER length[, STRING padding])
10:24:45.690 [main] DEBUG org.hibernate.HQL_FUNCTIONS - String rtrim(STRING string)
10:24:45.690 [main] DEBUG org.hibernate.HQL_FUNCTIONS - Integer second(TIME arg)
10:24:45.690 [main] DEBUG org.hibernate.HQL_FUNCTIONS - Integer sign(NUMERIC arg)
10:24:45.690 [main] DEBUG org.hibernate.HQL_FUNCTIONS - Double sin(NUMERIC arg)
10:24:45.690 [main] DEBUG org.hibernate.HQL_FUNCTIONS - Double sinh(NUMERIC arg)
10:24:45.690 [main] DEBUG org.hibernate.HQL_FUNCTIONS - String soundex(arg)
10:24:45.690 [main] DEBUG org.hibernate.HQL_FUNCTIONS - String space(INTEGER arg)
10:24:45.690 [main] DEBUG org.hibernate.HQL_FUNCTIONS - Object sql
10:24:45.690 [main] DEBUG org.hibernate.HQL_FUNCTIONS - Double sqrt(NUMERIC arg)
10:24:45.690 [main] DEBUG org.hibernate.HQL_FUNCTIONS - Double stddev_pop(NUMERIC arg)
10:24:45.690 [main] DEBUG org.hibernate.HQL_FUNCTIONS - Double stddev_samp(NUMERIC arg)
10:24:45.690 [main] DEBUG org.hibernate.HQL_FUNCTIONS - String str(arg)
10:24:45.690 [main] DEBUG org.hibernate.HQL_FUNCTIONS - String substr(STRING string, INTEGER start[, INTEGER length])
10:24:45.690 [main] DEBUG org.hibernate.HQL_FUNCTIONS - String substring(STRING string{ from|,} INTEGER start[{ for|,} INTEGER length])
10:24:45.690 [main] DEBUG org.hibernate.HQL_FUNCTIONS - sum(arg)
10:24:45.690 [main] DEBUG org.hibernate.HQL_FUNCTIONS - Timestamp sysdate
10:24:45.690 [main] DEBUG org.hibernate.HQL_FUNCTIONS - Double tan(NUMERIC arg)
10:24:45.690 [main] DEBUG org.hibernate.HQL_FUNCTIONS - Double tanh(NUMERIC arg)
10:24:45.690 [main] DEBUG org.hibernate.HQL_FUNCTIONS - timestampadd(TEMPORAL_UNIT field, INTEGER magnitude, TEMPORAL datetime)
10:24:45.690 [main] DEBUG org.hibernate.HQL_FUNCTIONS - Long|Double timestampdiff(TEMPORAL_UNIT field, TEMPORAL start, TEMPORAL end)
10:24:45.690 [main] DEBUG org.hibernate.HQL_FUNCTIONS - String translate(STRING arg0, STRING arg1, STRING arg2)
10:24:45.690 [main] DEBUG org.hibernate.HQL_FUNCTIONS - String trim([[{leading|trailing|both} ][STRING arg0 ]from] STRING arg1)
10:24:45.690 [main] DEBUG org.hibernate.HQL_FUNCTIONS - trunc( ... )
10:24:45.690 [main] DEBUG org.hibernate.HQL_FUNCTIONS - truncate( ... )
10:24:45.690 [main] DEBUG org.hibernate.HQL_FUNCTIONS - String upper(STRING string)
10:24:45.690 [main] DEBUG org.hibernate.HQL_FUNCTIONS - Double var_pop(NUMERIC arg)
10:24:45.690 [main] DEBUG org.hibernate.HQL_FUNCTIONS - Double var_samp(NUMERIC arg)
10:24:45.690 [main] DEBUG org.hibernate.HQL_FUNCTIONS - Integer week(DATE arg)
10:24:45.690 [main] DEBUG org.hibernate.HQL_FUNCTIONS - Integer year(DATE arg)
10:24:45.690 [main] DEBUG org.hibernate.orm.query.plan.cache - Starting QueryInterpretationCache(2048)
10:24:45.690 [main] DEBUG org.hibernate.service.internal.SessionFactoryServiceRegistryImpl - EventListenerRegistry access via ServiceRegistry is deprecated.  Use `sessionFactory.getEventEngine().getListenerRegistry()` instead
10:24:45.690 [main] DEBUG org.hibernate.event.internal.EntityCopyObserverFactoryInitiator - Configured EntityCopyObserver strategy: disallow
10:24:45.691 [main] DEBUG org.hibernate.boot.internal.ClassLoaderAccessImpl - Not known whether passed class name [org.frcpm.models.Attendance] is safe
10:24:45.691 [main] DEBUG org.hibernate.boot.internal.ClassLoaderAccessImpl - No temp ClassLoader provided; using live ClassLoader for loading potentially unsafe class : org.frcpm.models.Attendance
10:24:45.693 [main] DEBUG org.hibernate.bytecode.internal.bytebuddy.BytecodeProviderImpl - HHH000513: Unable to create the ReflectionOptimizer for [org.frcpm.models.Attendance]: private accessor [arrivalTime]
10:24:45.694 [main] DEBUG org.hibernate.boot.internal.ClassLoaderAccessImpl - Not known whether passed class name [org.frcpm.models.Meeting] is safe
10:24:45.694 [main] DEBUG org.hibernate.boot.internal.ClassLoaderAccessImpl - No temp ClassLoader provided; using live ClassLoader for loading potentially unsafe class : org.frcpm.models.Meeting
10:24:45.700 [main] DEBUG org.hibernate.bytecode.internal.bytebuddy.BytecodeProviderImpl - HHH000513: Unable to create the ReflectionOptimizer for [org.frcpm.models.Meeting]: private accessor [attendances]
10:24:45.700 [main] DEBUG org.hibernate.boot.internal.ClassLoaderAccessImpl - Not known whether passed class name [org.frcpm.models.Subsystem] is safe
10:24:45.700 [main] DEBUG org.hibernate.boot.internal.ClassLoaderAccessImpl - No temp ClassLoader provided; using live ClassLoader for loading potentially unsafe class : org.frcpm.models.Subsystem
10:24:45.708 [main] DEBUG org.hibernate.bytecode.internal.bytebuddy.BytecodeProviderImpl - HHH000513: Unable to create the ReflectionOptimizer for [org.frcpm.models.Subsystem]: private accessor [description]
10:24:45.708 [main] DEBUG org.hibernate.boot.internal.ClassLoaderAccessImpl - Not known whether passed class name [org.frcpm.models.Component] is safe
10:24:45.708 [main] DEBUG org.hibernate.boot.internal.ClassLoaderAccessImpl - No temp ClassLoader provided; using live ClassLoader for loading potentially unsafe class : org.frcpm.models.Component
10:24:45.713 [main] DEBUG org.hibernate.bytecode.internal.bytebuddy.BytecodeProviderImpl - HHH000513: Unable to create the ReflectionOptimizer for [org.frcpm.models.Component]: private accessor [actualDelivery]
10:24:45.713 [main] DEBUG org.hibernate.boot.internal.ClassLoaderAccessImpl - Not known whether passed class name [org.frcpm.models.Milestone] is safe
10:24:45.714 [main] DEBUG org.hibernate.boot.internal.ClassLoaderAccessImpl - No temp ClassLoader provided; using live ClassLoader for loading potentially unsafe class : org.frcpm.models.Milestone
10:24:45.716 [main] DEBUG org.hibernate.bytecode.internal.bytebuddy.BytecodeProviderImpl - HHH000513: Unable to create the ReflectionOptimizer for [org.frcpm.models.Milestone]: private accessor [date]
10:24:45.717 [main] DEBUG org.hibernate.boot.internal.ClassLoaderAccessImpl - Not known whether passed class name [org.frcpm.models.Project] is safe
10:24:45.717 [main] DEBUG org.hibernate.boot.internal.ClassLoaderAccessImpl - No temp ClassLoader provided; using live ClassLoader for loading potentially unsafe class : org.frcpm.models.Project
10:24:45.727 [main] DEBUG org.hibernate.bytecode.internal.bytebuddy.BytecodeProviderImpl - HHH000513: Unable to create the ReflectionOptimizer for [org.frcpm.models.Project]: private accessor [description]
10:24:45.727 [main] DEBUG org.hibernate.boot.internal.ClassLoaderAccessImpl - Not known whether passed class name [org.frcpm.models.Subteam] is safe
10:24:45.727 [main] DEBUG org.hibernate.boot.internal.ClassLoaderAccessImpl - No temp ClassLoader provided; using live ClassLoader for loading potentially unsafe class : org.frcpm.models.Subteam
10:24:45.732 [main] DEBUG org.hibernate.bytecode.internal.bytebuddy.BytecodeProviderImpl - HHH000513: Unable to create the ReflectionOptimizer for [org.frcpm.models.Subteam]: private accessor [colorCode]
10:24:45.732 [main] DEBUG org.hibernate.boot.internal.ClassLoaderAccessImpl - Not known whether passed class name [org.frcpm.models.Task] is safe
10:24:45.732 [main] DEBUG org.hibernate.boot.internal.ClassLoaderAccessImpl - No temp ClassLoader provided; using live ClassLoader for loading potentially unsafe class : org.frcpm.models.Task
10:24:45.742 [main] DEBUG org.hibernate.bytecode.internal.bytebuddy.BytecodeProviderImpl - HHH000513: Unable to create the ReflectionOptimizer for [org.frcpm.models.Task]: private accessor [actualDurationSeconds]
10:24:45.744 [main] DEBUG org.hibernate.boot.internal.ClassLoaderAccessImpl - Not known whether passed class name [org.frcpm.models.TeamMember] is safe
10:24:45.744 [main] DEBUG org.hibernate.boot.internal.ClassLoaderAccessImpl - No temp ClassLoader provided; using live ClassLoader for loading potentially unsafe class : org.frcpm.models.TeamMember
10:24:45.756 [main] DEBUG org.hibernate.bytecode.internal.bytebuddy.BytecodeProviderImpl - HHH000513: Unable to create the ReflectionOptimizer for [org.frcpm.models.TeamMember]: private accessor [assignedTasks]
10:24:45.757 [main] DEBUG org.hibernate.orm.jdbc.mutation - Skipping collection row updates - org.frcpm.models.Task.assignedTo
10:24:45.757 [main] DEBUG org.hibernate.orm.jdbc.mutation - Skipping collection (re)creation - org.frcpm.models.Subsystem.tasks
10:24:45.758 [main] DEBUG org.hibernate.orm.jdbc.mutation - Skipping collection row deletions - org.frcpm.models.Subsystem.tasks
10:24:45.758 [main] DEBUG org.hibernate.orm.jdbc.mutation - Skipping collection removals - org.frcpm.models.Subsystem.tasks
10:24:45.758 [FRC-PM-HikariCP housekeeper] DEBUG com.zaxxer.hikari.pool.HikariPool - FRC-PM-HikariCP - Before cleanup stats (total=1, active=0, idle=1, waiting=0)
10:24:45.758 [FRC-PM-HikariCP housekeeper] DEBUG com.zaxxer.hikari.pool.HikariPool - FRC-PM-HikariCP - After cleanup  stats (total=1, active=0, idle=1, waiting=0)
10:24:45.758 [main] DEBUG org.hibernate.orm.jdbc.mutation - Skipping collection (re)creation - org.frcpm.models.Subteam.members
10:24:45.758 [main] DEBUG org.hibernate.orm.jdbc.mutation - Skipping collection row deletions - org.frcpm.models.Subteam.members
10:24:45.758 [main] DEBUG org.hibernate.orm.jdbc.mutation - Skipping collection removals - org.frcpm.models.Subteam.members
10:24:45.759 [main] DEBUG org.hibernate.orm.jdbc.mutation - Skipping collection (re)creation - org.frcpm.models.TeamMember.attendances
10:24:45.759 [main] DEBUG org.hibernate.orm.jdbc.mutation - Skipping collection row deletions - org.frcpm.models.TeamMember.attendances
10:24:45.759 [main] DEBUG org.hibernate.orm.jdbc.mutation - Skipping collection removals - org.frcpm.models.TeamMember.attendances
10:24:45.759 [main] DEBUG org.hibernate.orm.jdbc.mutation - Skipping collection row updates - org.frcpm.models.Task.requiredComponents
10:24:45.759 [main] DEBUG org.hibernate.orm.jdbc.mutation - Skipping collection (re)creation - org.frcpm.models.Subteam.subsystems
10:24:45.759 [main] DEBUG org.hibernate.orm.jdbc.mutation - Skipping collection row deletions - org.frcpm.models.Subteam.subsystems
10:24:45.760 [main] DEBUG org.hibernate.orm.jdbc.mutation - Skipping collection removals - org.frcpm.models.Subteam.subsystems
10:24:45.760 [main] DEBUG org.hibernate.orm.jdbc.mutation - Skipping collection row updates - org.frcpm.models.Task.preDependencies
10:24:45.760 [main] DEBUG org.hibernate.orm.jdbc.mutation - Skipping collection (re)creation - org.frcpm.models.Project.milestones
10:24:45.760 [main] DEBUG org.hibernate.orm.jdbc.mutation - Skipping collection row deletions - org.frcpm.models.Project.milestones
10:24:45.760 [main] DEBUG org.hibernate.orm.jdbc.mutation - Skipping collection removals - org.frcpm.models.Project.milestones
10:24:45.760 [main] DEBUG org.hibernate.orm.jdbc.mutation - Skipping collection inserts - org.frcpm.models.Component.requiredForTasks
10:24:45.760 [main] DEBUG org.hibernate.orm.jdbc.mutation - Skipping collection row updates - org.frcpm.models.Component.requiredForTasks
10:24:45.760 [main] DEBUG org.hibernate.orm.jdbc.mutation - Skipping collection row deletions - org.frcpm.models.Component.requiredForTasks
10:24:45.760 [main] DEBUG org.hibernate.orm.jdbc.mutation - Skipping collection removals - org.frcpm.models.Component.requiredForTasks
10:24:45.760 [main] DEBUG org.hibernate.orm.jdbc.mutation - Skipping collection (re)creation - org.frcpm.models.Project.meetings
10:24:45.760 [main] DEBUG org.hibernate.orm.jdbc.mutation - Skipping collection row deletions - org.frcpm.models.Project.meetings
10:24:45.760 [main] DEBUG org.hibernate.orm.jdbc.mutation - Skipping collection removals - org.frcpm.models.Project.meetings
10:24:45.760 [main] DEBUG org.hibernate.orm.jdbc.mutation - Skipping collection inserts - org.frcpm.models.TeamMember.assignedTasks
10:24:45.760 [main] DEBUG org.hibernate.orm.jdbc.mutation - Skipping collection row updates - org.frcpm.models.TeamMember.assignedTasks
10:24:45.760 [main] DEBUG org.hibernate.orm.jdbc.mutation - Skipping collection row deletions - org.frcpm.models.TeamMember.assignedTasks
10:24:45.760 [main] DEBUG org.hibernate.orm.jdbc.mutation - Skipping collection removals - org.frcpm.models.TeamMember.assignedTasks
10:24:45.760 [main] DEBUG org.hibernate.orm.jdbc.mutation - Skipping collection (re)creation - org.frcpm.models.Meeting.attendances
10:24:45.760 [main] DEBUG org.hibernate.orm.jdbc.mutation - Skipping collection row deletions - org.frcpm.models.Meeting.attendances
10:24:45.760 [main] DEBUG org.hibernate.orm.jdbc.mutation - Skipping collection removals - org.frcpm.models.Meeting.attendances
10:24:45.760 [main] DEBUG org.hibernate.orm.jdbc.mutation - Skipping collection inserts - org.frcpm.models.Task.postDependencies
10:24:45.760 [main] DEBUG org.hibernate.orm.jdbc.mutation - Skipping collection row updates - org.frcpm.models.Task.postDependencies
10:24:45.760 [main] DEBUG org.hibernate.orm.jdbc.mutation - Skipping collection row deletions - org.frcpm.models.Task.postDependencies
10:24:45.760 [main] DEBUG org.hibernate.orm.jdbc.mutation - Skipping collection removals - org.frcpm.models.Task.postDependencies
10:24:45.760 [main] DEBUG org.hibernate.orm.jdbc.mutation - Skipping collection (re)creation - org.frcpm.models.Project.tasks
10:24:45.760 [main] DEBUG org.hibernate.orm.jdbc.mutation - Skipping collection row deletions - org.frcpm.models.Project.tasks
10:24:45.760 [main] DEBUG org.hibernate.orm.jdbc.mutation - Skipping collection removals - org.frcpm.models.Project.tasks
10:24:45.763 [FRC-PM-HikariCP connection adder] DEBUG com.zaxxer.hikari.pool.HikariPool - FRC-PM-HikariCP - Added connection conn127: url=jdbc:h2:file:C:\Users\dhiebert\.frcpm\frcpm user=SA
10:24:45.764 [main] DEBUG org.hibernate.orm.model.mapping.creation - Starting post-init callbacks
10:24:45.764 [main] DEBUG org.hibernate.orm.model.mapping.creation - Starting PostInitCallbackEntry : To-one key - NavigableRole[org.frcpm.models.Attendance.meeting]
10:24:45.765 [main] DEBUG org.hibernate.orm.model.mapping.creation - Starting PostInitCallbackEntry : To-one key - NavigableRole[org.frcpm.models.Attendance.member]
10:24:45.765 [main] DEBUG org.hibernate.orm.model.mapping.creation - Starting PostInitCallbackEntry : Entity(org.frcpm.models.Attendance) `staticFetchableList` generator
10:24:45.765 [main] DEBUG org.hibernate.orm.model.mapping.creation - Starting PostInitCallbackEntry : PluralAttributeMapping( NavigableRole[org.frcpm.models.Meeting.attendances#{element}]) - element descriptor
10:24:45.765 [main] DEBUG org.hibernate.orm.model.mapping.creation - Starting PostInitCallbackEntry : PluralAttributeMapping(org.frcpm.models.Meeting.attendances)#finishInitialization
10:24:45.765 [main] DEBUG org.hibernate.orm.model.mapping.creation - Starting PostInitCallbackEntry : PluralAttributeMapping(org.frcpm.models.Meeting.attendances) - key descriptor
10:24:45.765 [main] DEBUG org.hibernate.orm.model.mapping.creation - Starting PostInitCallbackEntry : To-one key - NavigableRole[org.frcpm.models.Meeting.project]
10:24:45.765 [main] DEBUG org.hibernate.orm.model.mapping.creation - Starting PostInitCallbackEntry : Entity(org.frcpm.models.Meeting) `staticFetchableList` generator
10:24:45.765 [main] DEBUG org.hibernate.orm.model.mapping.creation - Starting PostInitCallbackEntry : To-one key - NavigableRole[org.frcpm.models.Subsystem.responsibleSubteam]
10:24:45.765 [main] DEBUG org.hibernate.orm.model.mapping.creation - Starting PostInitCallbackEntry : PluralAttributeMapping( NavigableRole[org.frcpm.models.Subsystem.tasks#{element}]) - element descriptor
10:24:45.765 [main] DEBUG org.hibernate.orm.model.mapping.creation - Starting PostInitCallbackEntry : PluralAttributeMapping(org.frcpm.models.Subsystem.tasks)#finishInitialization
10:24:45.765 [main] DEBUG org.hibernate.orm.model.mapping.creation - Starting PostInitCallbackEntry : PluralAttributeMapping(org.frcpm.models.Subsystem.tasks) - key descriptor
10:24:45.765 [main] DEBUG org.hibernate.orm.model.mapping.creation - Starting PostInitCallbackEntry : Entity(org.frcpm.models.Subsystem) `staticFetchableList` generator
10:24:45.765 [main] DEBUG org.hibernate.orm.model.mapping.creation - Starting PostInitCallbackEntry : PluralAttributeMapping( NavigableRole[org.frcpm.models.Component.requiredForTasks#{element}]) - element descriptor
10:24:45.765 [main] DEBUG org.hibernate.orm.model.mapping.creation - Starting PostInitCallbackEntry : PluralAttributeMapping(org.frcpm.models.Component.requiredForTasks)#finishInitialization
10:24:45.765 [main] DEBUG org.hibernate.orm.model.mapping.creation - Starting PostInitCallbackEntry : PluralAttributeMapping(org.frcpm.models.Component.requiredForTasks) - key descriptor
10:24:45.765 [main] DEBUG org.hibernate.orm.model.mapping.creation - Starting PostInitCallbackEntry : Entity(org.frcpm.models.Component) `staticFetchableList` generator
10:24:45.765 [main] DEBUG org.hibernate.orm.model.mapping.creation - Starting PostInitCallbackEntry : To-one key - NavigableRole[org.frcpm.models.Milestone.project]
10:24:45.765 [main] DEBUG org.hibernate.orm.model.mapping.creation - Starting PostInitCallbackEntry : Entity(org.frcpm.models.Milestone) `staticFetchableList` generator
10:24:45.765 [main] DEBUG org.hibernate.orm.model.mapping.creation - Starting PostInitCallbackEntry : PluralAttributeMapping( NavigableRole[org.frcpm.models.Project.meetings#{element}]) - element descriptor
10:24:45.765 [main] DEBUG org.hibernate.orm.model.mapping.creation - Starting PostInitCallbackEntry : PluralAttributeMapping(org.frcpm.models.Project.meetings)#finishInitialization
10:24:45.765 [main] DEBUG org.hibernate.orm.model.mapping.creation - Starting PostInitCallbackEntry : PluralAttributeMapping(org.frcpm.models.Project.meetings) - key descriptor
10:24:45.765 [main] DEBUG org.hibernate.orm.model.mapping.creation - Starting PostInitCallbackEntry : PluralAttributeMapping( NavigableRole[org.frcpm.models.Project.milestones#{element}]) - element descriptor
10:24:45.765 [main] DEBUG org.hibernate.orm.model.mapping.creation - Starting PostInitCallbackEntry : PluralAttributeMapping(org.frcpm.models.Project.milestones)#finishInitialization
10:24:45.765 [main] DEBUG org.hibernate.orm.model.mapping.creation - Starting PostInitCallbackEntry : PluralAttributeMapping(org.frcpm.models.Project.milestones) - key descriptor
10:24:45.765 [main] DEBUG org.hibernate.orm.model.mapping.creation - Starting PostInitCallbackEntry : PluralAttributeMapping( NavigableRole[org.frcpm.models.Project.tasks#{element}]) - element descriptor
10:24:45.765 [main] DEBUG org.hibernate.orm.model.mapping.creation - Starting PostInitCallbackEntry : PluralAttributeMapping(org.frcpm.models.Project.tasks)#finishInitialization
10:24:45.765 [main] DEBUG org.hibernate.orm.model.mapping.creation - Starting PostInitCallbackEntry : PluralAttributeMapping(org.frcpm.models.Project.tasks) - key descriptor
10:24:45.765 [main] DEBUG org.hibernate.orm.model.mapping.creation - Starting PostInitCallbackEntry : Entity(org.frcpm.models.Project) `staticFetchableList` generator
10:24:45.765 [main] DEBUG org.hibernate.orm.model.mapping.creation - Starting PostInitCallbackEntry : PluralAttributeMapping( NavigableRole[org.frcpm.models.Subteam.members#{element}]) - element descriptor
10:24:45.765 [main] DEBUG org.hibernate.orm.model.mapping.creation - Starting PostInitCallbackEntry : PluralAttributeMapping(org.frcpm.models.Subteam.members)#finishInitialization
10:24:45.765 [main] DEBUG org.hibernate.orm.model.mapping.creation - Starting PostInitCallbackEntry : PluralAttributeMapping(org.frcpm.models.Subteam.members) - key descriptor
10:24:45.765 [main] DEBUG org.hibernate.orm.model.mapping.creation - Starting PostInitCallbackEntry : PluralAttributeMapping( NavigableRole[org.frcpm.models.Subteam.subsystems#{element}]) - element descriptor
10:24:45.765 [main] DEBUG org.hibernate.orm.model.mapping.creation - Starting PostInitCallbackEntry : PluralAttributeMapping(org.frcpm.models.Subteam.subsystems)#finishInitialization
10:24:45.765 [main] DEBUG org.hibernate.orm.model.mapping.creation - Starting PostInitCallbackEntry : PluralAttributeMapping(org.frcpm.models.Subteam.subsystems) - key descriptor
10:24:45.765 [main] DEBUG org.hibernate.orm.model.mapping.creation - Starting PostInitCallbackEntry : Entity(org.frcpm.models.Subteam) `staticFetchableList` generator
10:24:45.765 [main] DEBUG org.hibernate.orm.model.mapping.creation - Starting PostInitCallbackEntry : PluralAttributeMapping( NavigableRole[org.frcpm.models.Task.assignedTo#{element}]) - element descriptor
10:24:45.765 [main] DEBUG org.hibernate.orm.model.mapping.creation - Starting PostInitCallbackEntry : PluralAttributeMapping(org.frcpm.models.Task.assignedTo)#finishInitialization
10:24:45.766 [main] DEBUG org.hibernate.orm.model.mapping.creation - Starting PostInitCallbackEntry : PluralAttributeMapping(org.frcpm.models.Task.assignedTo) - key descriptor
10:24:45.766 [main] DEBUG org.hibernate.orm.model.mapping.creation - Starting PostInitCallbackEntry : PluralAttributeMapping( NavigableRole[org.frcpm.models.Task.postDependencies#{element}]) - element descriptor
10:24:45.766 [main] DEBUG org.hibernate.orm.model.mapping.creation - Starting PostInitCallbackEntry : PluralAttributeMapping(org.frcpm.models.Task.postDependencies)#finishInitialization
10:24:45.766 [main] DEBUG org.hibernate.orm.model.mapping.creation - Starting PostInitCallbackEntry : PluralAttributeMapping(org.frcpm.models.Task.postDependencies) - key descriptor
10:24:45.766 [main] DEBUG org.hibernate.orm.model.mapping.creation - Starting PostInitCallbackEntry : PluralAttributeMapping( NavigableRole[org.frcpm.models.Task.preDependencies#{element}]) - element descriptor
10:24:45.766 [main] DEBUG org.hibernate.orm.model.mapping.creation - Starting PostInitCallbackEntry : PluralAttributeMapping(org.frcpm.models.Task.preDependencies)#finishInitialization
10:24:45.766 [main] DEBUG org.hibernate.orm.model.mapping.creation - Starting PostInitCallbackEntry : PluralAttributeMapping(org.frcpm.models.Task.preDependencies) - key descriptor
10:24:45.766 [main] DEBUG org.hibernate.orm.model.mapping.creation - Starting PostInitCallbackEntry : To-one key - NavigableRole[org.frcpm.models.Task.project]
10:24:45.766 [main] DEBUG org.hibernate.orm.model.mapping.creation - Starting PostInitCallbackEntry : PluralAttributeMapping( NavigableRole[org.frcpm.models.Task.requiredComponents#{element}]) - element descriptor
10:24:45.766 [main] DEBUG org.hibernate.orm.model.mapping.creation - Starting PostInitCallbackEntry : PluralAttributeMapping(org.frcpm.models.Task.requiredComponents)#finishInitialization
10:24:45.766 [main] DEBUG org.hibernate.orm.model.mapping.creation - Starting PostInitCallbackEntry : PluralAttributeMapping(org.frcpm.models.Task.requiredComponents) - key descriptor
10:24:45.766 [main] DEBUG org.hibernate.orm.model.mapping.creation - Starting PostInitCallbackEntry : To-one key - NavigableRole[org.frcpm.models.Task.subsystem]
10:24:45.766 [main] DEBUG org.hibernate.orm.model.mapping.creation - Starting PostInitCallbackEntry : Entity(org.frcpm.models.Task) `staticFetchableList` generator
10:24:45.766 [main] DEBUG org.hibernate.orm.model.mapping.creation - Starting PostInitCallbackEntry : PluralAttributeMapping( NavigableRole[org.frcpm.models.TeamMember.assignedTasks#{element}]) - element descriptor
10:24:45.766 [main] DEBUG org.hibernate.orm.model.mapping.creation - Starting PostInitCallbackEntry : PluralAttributeMapping(org.frcpm.models.TeamMember.assignedTasks)#finishInitialization
10:24:45.766 [main] DEBUG org.hibernate.orm.model.mapping.creation - Starting PostInitCallbackEntry : PluralAttributeMapping(org.frcpm.models.TeamMember.assignedTasks) - key descriptor
10:24:45.766 [main] DEBUG org.hibernate.orm.model.mapping.creation - Starting PostInitCallbackEntry : PluralAttributeMapping( NavigableRole[org.frcpm.models.TeamMember.attendances#{element}]) - element descriptor
10:24:45.766 [main] DEBUG org.hibernate.orm.model.mapping.creation - Starting PostInitCallbackEntry : PluralAttributeMapping(org.frcpm.models.TeamMember.attendances)#finishInitialization
10:24:45.766 [main] DEBUG org.hibernate.orm.model.mapping.creation - Starting PostInitCallbackEntry : PluralAttributeMapping(org.frcpm.models.TeamMember.attendances) - key descriptor
10:24:45.766 [main] DEBUG org.hibernate.orm.model.mapping.creation - Starting PostInitCallbackEntry : To-one key - NavigableRole[org.frcpm.models.TeamMember.subteam]
10:24:45.766 [main] DEBUG org.hibernate.orm.model.mapping.creation - Starting PostInitCallbackEntry : Entity(org.frcpm.models.TeamMember) `staticFetchableList` generator
10:24:45.766 [main] DEBUG org.hibernate.orm.model.mapping.creation - Starting PostInitCallbackEntry : PluralAttributeMapping( NavigableRole[org.frcpm.models.Meeting.attendances#{element}]) - element descriptor
10:24:45.766 [main] DEBUG org.hibernate.orm.model.mapping.creation - Starting PostInitCallbackEntry : PluralAttributeMapping( NavigableRole[org.frcpm.models.Subsystem.tasks#{element}]) - element descriptor
10:24:45.766 [main] DEBUG org.hibernate.orm.model.mapping.creation - Starting PostInitCallbackEntry : PluralAttributeMapping( NavigableRole[org.frcpm.models.Component.requiredForTasks#{element}]) - element descriptor
10:24:45.766 [main] DEBUG org.hibernate.orm.model.mapping.creation - Starting PostInitCallbackEntry : PluralAttributeMapping( NavigableRole[org.frcpm.models.Project.meetings#{element}]) - element descriptor
10:24:45.766 [main] DEBUG org.hibernate.orm.model.mapping.creation - Starting PostInitCallbackEntry : PluralAttributeMapping( NavigableRole[org.frcpm.models.Project.milestones#{element}]) - element descriptor
10:24:45.766 [main] DEBUG org.hibernate.orm.model.mapping.creation - Starting PostInitCallbackEntry : PluralAttributeMapping( NavigableRole[org.frcpm.models.Project.tasks#{element}]) - element descriptor
10:24:45.766 [main] DEBUG org.hibernate.orm.model.mapping.creation - Starting PostInitCallbackEntry : PluralAttributeMapping( NavigableRole[org.frcpm.models.Subteam.members#{element}]) - element descriptor
10:24:45.766 [main] DEBUG org.hibernate.orm.model.mapping.creation - Starting PostInitCallbackEntry : PluralAttributeMapping( NavigableRole[org.frcpm.models.Subteam.subsystems#{element}]) - element descriptor
10:24:45.766 [main] DEBUG org.hibernate.orm.model.mapping.creation - Starting PostInitCallbackEntry : PluralAttributeMapping( NavigableRole[org.frcpm.models.Task.postDependencies#{element}]) - element descriptor
10:24:45.766 [main] DEBUG org.hibernate.orm.model.mapping.creation - Starting PostInitCallbackEntry : PluralAttributeMapping( NavigableRole[org.frcpm.models.TeamMember.attendances#{element}]) - element descriptor
10:24:45.774 [main] DEBUG org.hibernate.orm.sql.ast.create - Created new SQL alias : a1_0
10:24:45.774 [main] DEBUG org.hibernate.orm.sql.ast.create - Registration of TableGroup [StandardTableGroup(org.frcpm.models.Attendance)] with identifierForTableGroup [org.frcpm.models.Attendance] for NavigablePath [org.frcpm.models.Attendance] 
10:24:45.774 [main] DEBUG org.hibernate.orm.sql.ast.create - Registration of TableGroup [org.hibernate.sql.ast.tree.from.LazyTableGroup@3e9e9cfa] with identifierForTableGroup [org.frcpm.models.Attendance.meeting] for NavigablePath [org.frcpm.models.Attendance.meeting] 
10:24:45.774 [main] DEBUG org.hibernate.orm.sql.ast.create - Registration of TableGroup [org.hibernate.sql.ast.tree.from.LazyTableGroup@7821651a] with identifierForTableGroup [org.frcpm.models.Attendance.member] for NavigablePath [org.frcpm.models.Attendance.member] 
10:24:45.775 [main] DEBUG org.hibernate.orm.results.graph.AST - DomainResult Graph:
 \-EntityResultImpl [org.frcpm.models.Attendance]
 |  +-BasicFetch [org.frcpm.models.Attendance.arrivalTime]
 |  +-BasicFetch [org.frcpm.models.Attendance.departureTime]
 |  +-EntityDelayedFetchImpl [org.frcpm.models.Attendance.meeting]
 |  +-EntityDelayedFetchImpl [org.frcpm.models.Attendance.member]
 |  \-BasicFetch [org.frcpm.models.Attendance.present]

10:24:45.775 [main] DEBUG org.hibernate.orm.sql.ast.tree - SQL AST Tree:
    SelectStatement {
      FromClause {
        StandardTableGroup (a1 : org.frcpm.models.Attendance) {
          primaryTableReference : attendances as a1_0
          TableGroupJoins {
            left  join LazyTableGroup (m1 : org.frcpm.models.Attendance.meeting) {
            }
            left  join LazyTableGroup (m2 : org.frcpm.models.Attendance.member) {
            }
          }
        }
      }
    }

10:24:45.775 [main] DEBUG org.hibernate.persister.entity.AbstractEntityPersister - Static SQL for entity: org.frcpm.models.Attendance
10:24:45.775 [main] DEBUG org.hibernate.persister.entity.AbstractEntityPersister -  Version select: select id from attendances where id=?
10:24:45.775 [main] DEBUG org.hibernate.persister.entity.AbstractEntityPersister -  Insert (0): insert into attendances (arrival_time,departure_time,meeting_id,member_id,present,id) values (?,?,?,?,?,default)
10:24:45.775 [main] DEBUG org.hibernate.persister.entity.AbstractEntityPersister -  Update (0): update attendances set arrival_time=?,departure_time=?,meeting_id=?,member_id=?,present=? where id=?
10:24:45.775 [main] DEBUG org.hibernate.persister.entity.AbstractEntityPersister -  Delete (0): delete from attendances where id=?
10:24:45.775 [main] DEBUG org.hibernate.orm.sql.ast.create - Created new SQL alias : m1_0
10:24:45.775 [main] DEBUG org.hibernate.orm.sql.ast.create - Registration of TableGroup [StandardTableGroup(org.frcpm.models.Meeting)] with identifierForTableGroup [org.frcpm.models.Meeting] for NavigablePath [org.frcpm.models.Meeting] 
10:24:45.775 [main] DEBUG org.hibernate.orm.sql.ast.create - Registration of TableGroup [org.hibernate.sql.ast.tree.from.LazyTableGroup@673fa2ff] with identifierForTableGroup [org.frcpm.models.Meeting.project] for NavigablePath [org.frcpm.models.Meeting.project] 
10:24:45.775 [main] DEBUG org.hibernate.orm.results.graph.AST - DomainResult Graph:
 \-EntityResultImpl [org.frcpm.models.Meeting]
 |  +-DelayedCollectionFetch [org.frcpm.models.Meeting.attendances]
 |  +-BasicFetch [org.frcpm.models.Meeting.date]
 |  +-BasicFetch [org.frcpm.models.Meeting.endTime]
 |  +-BasicFetch [org.frcpm.models.Meeting.notes]
 |  +-EntityDelayedFetchImpl [org.frcpm.models.Meeting.project]
 |  \-BasicFetch [org.frcpm.models.Meeting.startTime]

10:24:45.775 [main] DEBUG org.hibernate.orm.sql.ast.tree - SQL AST Tree:
    SelectStatement {
      FromClause {
        StandardTableGroup (m1 : org.frcpm.models.Meeting) {
          primaryTableReference : meetings as m1_0
          TableGroupJoins {
            left  join LazyTableGroup (p1 : org.frcpm.models.Meeting.project) {
            }
          }
        }
      }
    }

10:24:45.775 [main] DEBUG org.hibernate.persister.entity.AbstractEntityPersister - Static SQL for entity: org.frcpm.models.Meeting
10:24:45.775 [main] DEBUG org.hibernate.persister.entity.AbstractEntityPersister -  Version select: select id from meetings where id=?
10:24:45.775 [main] DEBUG org.hibernate.persister.entity.AbstractEntityPersister -  Insert (0): insert into meetings (date,end_time,notes,project_id,start_time,id) values (?,?,?,?,?,default)
10:24:45.775 [main] DEBUG org.hibernate.persister.entity.AbstractEntityPersister -  Update (0): update meetings set date=?,end_time=?,notes=?,project_id=?,start_time=? where id=?
10:24:45.775 [main] DEBUG org.hibernate.persister.entity.AbstractEntityPersister -  Delete (0): delete from meetings where id=?
10:24:45.775 [main] DEBUG org.hibernate.orm.sql.ast.create - Created new SQL alias : s1_0
10:24:45.775 [main] DEBUG org.hibernate.orm.sql.ast.create - Registration of TableGroup [StandardTableGroup(org.frcpm.models.Subsystem)] with identifierForTableGroup [org.frcpm.models.Subsystem] for NavigablePath [org.frcpm.models.Subsystem] 
10:24:45.775 [main] DEBUG org.hibernate.orm.sql.ast.create - Registration of TableGroup [org.hibernate.sql.ast.tree.from.LazyTableGroup@1d02f46b] with identifierForTableGroup [org.frcpm.models.Subsystem.responsibleSubteam] for NavigablePath [org.frcpm.models.Subsystem.responsibleSubteam] 
10:24:45.775 [main] DEBUG org.hibernate.orm.results.graph.AST - DomainResult Graph:
 \-EntityResultImpl [org.frcpm.models.Subsystem]
 |  +-BasicFetch [org.frcpm.models.Subsystem.description]
 |  +-BasicFetch [org.frcpm.models.Subsystem.name]
 |  +-EntityDelayedFetchImpl [org.frcpm.models.Subsystem.responsibleSubteam]
 |  +-BasicFetch [org.frcpm.models.Subsystem.status]
 |  \-DelayedCollectionFetch [org.frcpm.models.Subsystem.tasks]

10:24:45.775 [main] DEBUG org.hibernate.orm.sql.ast.tree - SQL AST Tree:
    SelectStatement {
      FromClause {
        StandardTableGroup (s1 : org.frcpm.models.Subsystem) {
          primaryTableReference : subsystems as s1_0
          TableGroupJoins {
            left  join LazyTableGroup (rs1 : org.frcpm.models.Subsystem.responsibleSubteam) {
            }
          }
        }
      }
    }

10:24:45.775 [main] DEBUG org.hibernate.persister.entity.AbstractEntityPersister - Static SQL for entity: org.frcpm.models.Subsystem
10:24:45.775 [main] DEBUG org.hibernate.persister.entity.AbstractEntityPersister -  Version select: select id from subsystems where id=?
10:24:45.776 [main] DEBUG org.hibernate.persister.entity.AbstractEntityPersister -  Insert (0): insert into subsystems (description,name,responsible_subteam_id,status,id) values (?,?,?,?,default)
10:24:45.776 [main] DEBUG org.hibernate.persister.entity.AbstractEntityPersister -  Update (0): update subsystems set description=?,name=?,responsible_subteam_id=?,status=? where id=?
10:24:45.776 [main] DEBUG org.hibernate.persister.entity.AbstractEntityPersister -  Delete (0): delete from subsystems where id=?
10:24:45.776 [main] DEBUG org.hibernate.orm.sql.ast.create - Created new SQL alias : c1_0
10:24:45.776 [main] DEBUG org.hibernate.orm.sql.ast.create - Registration of TableGroup [StandardTableGroup(org.frcpm.models.Component)] with identifierForTableGroup [org.frcpm.models.Component] for NavigablePath [org.frcpm.models.Component] 
10:24:45.776 [main] DEBUG org.hibernate.orm.results.graph.AST - DomainResult Graph:
 \-EntityResultImpl [org.frcpm.models.Component]
 |  +-BasicFetch [org.frcpm.models.Component.actualDelivery]
 |  +-BasicFetch [org.frcpm.models.Component.delivered]
 |  +-BasicFetch [org.frcpm.models.Component.description]
 |  +-BasicFetch [org.frcpm.models.Component.expectedDelivery]
 |  +-BasicFetch [org.frcpm.models.Component.name]
 |  +-BasicFetch [org.frcpm.models.Component.partNumber]
 |  \-DelayedCollectionFetch [org.frcpm.models.Component.requiredForTasks]

10:24:45.776 [main] DEBUG org.hibernate.orm.sql.ast.tree - SQL AST Tree:
    SelectStatement {
      FromClause {
        StandardTableGroup (c1 : org.frcpm.models.Component) {
          primaryTableReference : components as c1_0
        }
      }
    }

10:24:45.776 [main] DEBUG org.hibernate.persister.entity.AbstractEntityPersister - Static SQL for entity: org.frcpm.models.Component
10:24:45.776 [main] DEBUG org.hibernate.persister.entity.AbstractEntityPersister -  Version select: select id from components where id=?
10:24:45.776 [main] DEBUG org.hibernate.persister.entity.AbstractEntityPersister -  Insert (0): insert into components (actual_delivery,is_delivered,description,expected_delivery,name,part_number,id) values (?,?,?,?,?,?,default)
10:24:45.776 [main] DEBUG org.hibernate.persister.entity.AbstractEntityPersister -  Update (0): update components set actual_delivery=?,is_delivered=?,description=?,expected_delivery=?,name=?,part_number=? where id=?
10:24:45.776 [main] DEBUG org.hibernate.persister.entity.AbstractEntityPersister -  Delete (0): delete from components where id=?
10:24:45.776 [main] DEBUG org.hibernate.orm.sql.ast.create - Created new SQL alias : m1_0
10:24:45.776 [main] DEBUG org.hibernate.orm.sql.ast.create - Registration of TableGroup [StandardTableGroup(org.frcpm.models.Milestone)] with identifierForTableGroup [org.frcpm.models.Milestone] for NavigablePath [org.frcpm.models.Milestone] 
10:24:45.776 [main] DEBUG org.hibernate.orm.sql.ast.create - Registration of TableGroup [org.hibernate.sql.ast.tree.from.LazyTableGroup@56dd6808] with identifierForTableGroup [org.frcpm.models.Milestone.project] for NavigablePath [org.frcpm.models.Milestone.project] 
10:24:45.776 [main] DEBUG org.hibernate.orm.results.graph.AST - DomainResult Graph:
 \-EntityResultImpl [org.frcpm.models.Milestone]
 |  +-BasicFetch [org.frcpm.models.Milestone.date]
 |  +-BasicFetch [org.frcpm.models.Milestone.description]
 |  +-BasicFetch [org.frcpm.models.Milestone.name]
 |  \-EntityDelayedFetchImpl [org.frcpm.models.Milestone.project]

10:24:45.776 [main] DEBUG org.hibernate.orm.sql.ast.tree - SQL AST Tree:
    SelectStatement {
      FromClause {
        StandardTableGroup (m1 : org.frcpm.models.Milestone) {
          primaryTableReference : milestones as m1_0
          TableGroupJoins {
            left  join LazyTableGroup (p1 : org.frcpm.models.Milestone.project) {
            }
          }
        }
      }
    }

10:24:45.776 [main] DEBUG org.hibernate.persister.entity.AbstractEntityPersister - Static SQL for entity: org.frcpm.models.Milestone
10:24:45.776 [main] DEBUG org.hibernate.persister.entity.AbstractEntityPersister -  Version select: select id from milestones where id=?
10:24:45.776 [main] DEBUG org.hibernate.persister.entity.AbstractEntityPersister -  Insert (0): insert into milestones (date,description,name,project_id,id) values (?,?,?,?,default)
10:24:45.776 [main] DEBUG org.hibernate.persister.entity.AbstractEntityPersister -  Update (0): update milestones set date=?,description=?,name=?,project_id=? where id=?
10:24:45.776 [main] DEBUG org.hibernate.persister.entity.AbstractEntityPersister -  Delete (0): delete from milestones where id=?
10:24:45.776 [main] DEBUG org.hibernate.orm.sql.ast.create - Created new SQL alias : p1_0
10:24:45.776 [main] DEBUG org.hibernate.orm.sql.ast.create - Registration of TableGroup [StandardTableGroup(org.frcpm.models.Project)] with identifierForTableGroup [org.frcpm.models.Project] for NavigablePath [org.frcpm.models.Project] 
10:24:45.776 [main] DEBUG org.hibernate.orm.results.graph.AST - DomainResult Graph:
 \-EntityResultImpl [org.frcpm.models.Project]
 |  +-BasicFetch [org.frcpm.models.Project.description]
 |  +-BasicFetch [org.frcpm.models.Project.goalEndDate]
 |  +-BasicFetch [org.frcpm.models.Project.hardDeadline]
 |  +-DelayedCollectionFetch [org.frcpm.models.Project.meetings]
 |  +-DelayedCollectionFetch [org.frcpm.models.Project.milestones]
 |  +-BasicFetch [org.frcpm.models.Project.name]
 |  +-BasicFetch [org.frcpm.models.Project.startDate]
 |  \-DelayedCollectionFetch [org.frcpm.models.Project.tasks]

10:24:45.776 [main] DEBUG org.hibernate.orm.sql.ast.tree - SQL AST Tree:
    SelectStatement {
      FromClause {
        StandardTableGroup (p1 : org.frcpm.models.Project) {
          primaryTableReference : projects as p1_0
        }
      }
    }

10:24:45.776 [main] DEBUG org.hibernate.persister.entity.AbstractEntityPersister - Static SQL for entity: org.frcpm.models.Project
10:24:45.776 [main] DEBUG org.hibernate.persister.entity.AbstractEntityPersister -  Version select: select id from projects where id=?
10:24:45.776 [main] DEBUG org.hibernate.persister.entity.AbstractEntityPersister -  Insert (0): insert into projects (description,goal_end_date,hard_deadline,name,start_date,id) values (?,?,?,?,?,default)
10:24:45.776 [main] DEBUG org.hibernate.persister.entity.AbstractEntityPersister -  Update (0): update projects set description=?,goal_end_date=?,hard_deadline=?,name=?,start_date=? where id=?
10:24:45.776 [main] DEBUG org.hibernate.persister.entity.AbstractEntityPersister -  Delete (0): delete from projects where id=?
10:24:45.776 [main] DEBUG org.hibernate.orm.sql.ast.create - Created new SQL alias : s1_0
10:24:45.776 [main] DEBUG org.hibernate.orm.sql.ast.create - Registration of TableGroup [StandardTableGroup(org.frcpm.models.Subteam)] with identifierForTableGroup [org.frcpm.models.Subteam] for NavigablePath [org.frcpm.models.Subteam] 
10:24:45.776 [main] DEBUG org.hibernate.orm.results.graph.AST - DomainResult Graph:
 \-EntityResultImpl [org.frcpm.models.Subteam]
 |  +-BasicFetch [org.frcpm.models.Subteam.colorCode]
 |  +-DelayedCollectionFetch [org.frcpm.models.Subteam.members]
 |  +-BasicFetch [org.frcpm.models.Subteam.name]
 |  +-BasicFetch [org.frcpm.models.Subteam.specialties]
 |  \-DelayedCollectionFetch [org.frcpm.models.Subteam.subsystems]

10:24:45.776 [main] DEBUG org.hibernate.orm.sql.ast.tree - SQL AST Tree:
    SelectStatement {
      FromClause {
        StandardTableGroup (s1 : org.frcpm.models.Subteam) {
          primaryTableReference : subteams as s1_0
        }
      }
    }

10:24:45.776 [main] DEBUG org.hibernate.persister.entity.AbstractEntityPersister - Static SQL for entity: org.frcpm.models.Subteam
10:24:45.776 [main] DEBUG org.hibernate.persister.entity.AbstractEntityPersister -  Version select: select id from subteams where id=?
10:24:45.776 [main] DEBUG org.hibernate.persister.entity.AbstractEntityPersister -  Insert (0): insert into subteams (color_code,name,specialties,id) values (?,?,?,default)
10:24:45.776 [main] DEBUG org.hibernate.persister.entity.AbstractEntityPersister -  Update (0): update subteams set color_code=?,name=?,specialties=? where id=?
10:24:45.776 [main] DEBUG org.hibernate.persister.entity.AbstractEntityPersister -  Delete (0): delete from subteams where id=?
10:24:45.776 [main] DEBUG org.hibernate.orm.sql.ast.create - Created new SQL alias : t1_0
10:24:45.776 [main] DEBUG org.hibernate.orm.sql.ast.create - Registration of TableGroup [StandardTableGroup(org.frcpm.models.Task)] with identifierForTableGroup [org.frcpm.models.Task] for NavigablePath [org.frcpm.models.Task] 
10:24:45.776 [main] DEBUG org.hibernate.orm.sql.ast.create - Registration of TableGroup [org.hibernate.sql.ast.tree.from.LazyTableGroup@3df01675] with identifierForTableGroup [org.frcpm.models.Task.project] for NavigablePath [org.frcpm.models.Task.project] 
10:24:45.776 [main] DEBUG org.hibernate.orm.sql.ast.create - Registration of TableGroup [org.hibernate.sql.ast.tree.from.LazyTableGroup@5717ea3] with identifierForTableGroup [org.frcpm.models.Task.subsystem] for NavigablePath [org.frcpm.models.Task.subsystem] 
10:24:45.776 [main] DEBUG org.hibernate.orm.results.graph.AST - DomainResult Graph:
 \-EntityResultImpl [org.frcpm.models.Task]
 |  +-BasicFetch [org.frcpm.models.Task.actualDurationSeconds]
 |  +-DelayedCollectionFetch [org.frcpm.models.Task.assignedTo]
 |  +-BasicFetch [org.frcpm.models.Task.completed]
 |  +-BasicFetch [org.frcpm.models.Task.description]
 |  +-BasicFetch [org.frcpm.models.Task.endDate]
 |  +-BasicFetch [org.frcpm.models.Task.estimatedDurationSeconds]
 |  +-DelayedCollectionFetch [org.frcpm.models.Task.postDependencies]
 |  +-DelayedCollectionFetch [org.frcpm.models.Task.preDependencies]
 |  +-BasicFetch [org.frcpm.models.Task.priority]
 |  +-BasicFetch [org.frcpm.models.Task.progress]
 |  +-EntityDelayedFetchImpl [org.frcpm.models.Task.project]
 |  +-DelayedCollectionFetch [org.frcpm.models.Task.requiredComponents]
 |  +-BasicFetch [org.frcpm.models.Task.startDate]
 |  +-EntityDelayedFetchImpl [org.frcpm.models.Task.subsystem]
 |  \-BasicFetch [org.frcpm.models.Task.title]

10:24:45.777 [main] DEBUG org.hibernate.orm.sql.ast.tree - SQL AST Tree:
    SelectStatement {
      FromClause {
        StandardTableGroup (t1 : org.frcpm.models.Task) {
          primaryTableReference : tasks as t1_0
          TableGroupJoins {
            left  join LazyTableGroup (p1 : org.frcpm.models.Task.project) {
            }
            left  join LazyTableGroup (s1 : org.frcpm.models.Task.subsystem) {
            }
          }
        }
      }
    }

10:24:45.777 [main] DEBUG org.hibernate.persister.entity.AbstractEntityPersister - Static SQL for entity: org.frcpm.models.Task
10:24:45.777 [main] DEBUG org.hibernate.persister.entity.AbstractEntityPersister -  Version select: select id from tasks where id=?
10:24:45.777 [main] DEBUG org.hibernate.persister.entity.AbstractEntityPersister -  Insert (0): insert into tasks (actual_duration_seconds,completed,description,end_date,estimated_duration_seconds,priority,progress,project_id,start_date,subsystem_id,title,id) values (?,?,?,?,?,?,?,?,?,?,?,default)
10:24:45.777 [main] DEBUG org.hibernate.persister.entity.AbstractEntityPersister -  Update (0): update tasks set actual_duration_seconds=?,completed=?,description=?,end_date=?,estimated_duration_seconds=?,priority=?,progress=?,project_id=?,start_date=?,subsystem_id=?,title=? where id=?
10:24:45.777 [main] DEBUG org.hibernate.persister.entity.AbstractEntityPersister -  Delete (0): delete from tasks where id=?
10:24:45.777 [main] DEBUG org.hibernate.orm.sql.ast.create - Created new SQL alias : tm1_0
10:24:45.777 [main] DEBUG org.hibernate.orm.sql.ast.create - Registration of TableGroup [StandardTableGroup(org.frcpm.models.TeamMember)] with identifierForTableGroup [org.frcpm.models.TeamMember] for NavigablePath [org.frcpm.models.TeamMember] 
10:24:45.777 [main] DEBUG org.hibernate.orm.sql.ast.create - Registration of TableGroup [org.hibernate.sql.ast.tree.from.LazyTableGroup@6129e529] with identifierForTableGroup [org.frcpm.models.TeamMember.subteam] for NavigablePath [org.frcpm.models.TeamMember.subteam] 
10:24:45.777 [main] DEBUG org.hibernate.orm.results.graph.AST - DomainResult Graph:
 \-EntityResultImpl [org.frcpm.models.TeamMember]
 |  +-DelayedCollectionFetch [org.frcpm.models.TeamMember.assignedTasks]
 |  +-DelayedCollectionFetch [org.frcpm.models.TeamMember.attendances]
 |  +-BasicFetch [org.frcpm.models.TeamMember.email]
 |  +-BasicFetch [org.frcpm.models.TeamMember.firstName]
 |  +-BasicFetch [org.frcpm.models.TeamMember.lastName]
 |  +-BasicFetch [org.frcpm.models.TeamMember.leader]
 |  +-BasicFetch [org.frcpm.models.TeamMember.phone]
 |  +-BasicFetch [org.frcpm.models.TeamMember.skills]
 |  +-EntityDelayedFetchImpl [org.frcpm.models.TeamMember.subteam]
 |  \-BasicFetch [org.frcpm.models.TeamMember.username]

10:24:45.777 [main] DEBUG org.hibernate.orm.sql.ast.tree - SQL AST Tree:
    SelectStatement {
      FromClause {
        StandardTableGroup (tm1 : org.frcpm.models.TeamMember) {
          primaryTableReference : team_members as tm1_0
          TableGroupJoins {
            left  join LazyTableGroup (s1 : org.frcpm.models.TeamMember.subteam) {
            }
          }
        }
      }
    }

10:24:45.777 [main] DEBUG org.hibernate.persister.entity.AbstractEntityPersister - Static SQL for entity: org.frcpm.models.TeamMember
10:24:45.777 [main] DEBUG org.hibernate.persister.entity.AbstractEntityPersister -  Version select: select id from team_members where id=?
10:24:45.777 [main] DEBUG org.hibernate.persister.entity.AbstractEntityPersister -  Insert (0): insert into team_members (email,first_name,last_name,is_leader,phone,skills,subteam_id,username,id) values (?,?,?,?,?,?,?,?,default)
10:24:45.777 [main] DEBUG org.hibernate.persister.entity.AbstractEntityPersister -  Update (0): update team_members set email=?,first_name=?,last_name=?,is_leader=?,phone=?,skills=?,subteam_id=?,username=? where id=?
10:24:45.777 [main] DEBUG org.hibernate.persister.entity.AbstractEntityPersister -  Delete (0): delete from team_members where id=?
10:24:45.777 [main] DEBUG org.hibernate.orm.sql.ast.create - Created new SQL alias : at1_0
10:24:45.777 [main] DEBUG org.hibernate.orm.sql.ast.create - Registration of TableGroup [CollectionTableGroup(org.frcpm.models.Task.assignedTo)] with identifierForTableGroup [org.frcpm.models.Task.assignedTo] for NavigablePath [org.frcpm.models.Task.assignedTo] 
10:24:45.777 [main] DEBUG org.hibernate.orm.sql.ast.create - Registration of TableGroup [org.hibernate.sql.ast.tree.from.LazyTableGroup@deaea3c] with identifierForTableGroup [org.frcpm.models.Task.assignedTo.{element}] for NavigablePath [org.frcpm.models.Task.assignedTo.{element}] 
10:24:45.777 [main] DEBUG org.hibernate.orm.sql.ast.create - Created new SQL alias : at1_1
10:24:45.777 [main] DEBUG org.hibernate.orm.sql.ast.create - Registration of TableGroup [org.hibernate.sql.ast.tree.from.LazyTableGroup@6942e43a] with identifierForTableGroup [org.frcpm.models.Task.assignedTo.{element}.subteam] for NavigablePath [org.frcpm.models.Task.assignedTo.{element}.subteam] 
10:24:45.777 [main] DEBUG org.hibernate.orm.results.graph.AST - DomainResult Graph:
 \-CollectionDomainResult [org.frcpm.models.Task.assignedTo]

10:24:45.777 [main] DEBUG org.hibernate.orm.sql.ast.tree - SQL AST Tree:
    SelectStatement {
      FromClause {
        CollectionTableGroup (at1 : org.frcpm.models.Task.assignedTo) {
          primaryTableReference : task_assignments as at1_0
          TableGroupJoins {
             join LazyTableGroup (at1 : org.frcpm.models.Task.assignedTo.{element}) {
              primaryTableReference : team_members as at1_1
              TableGroupJoins {
                left  join LazyTableGroup (s1 : org.frcpm.models.Task.assignedTo.{element}.subteam) {
                }
              }
            }
          }
        }
      }
    }

10:24:45.777 [main] DEBUG org.hibernate.orm.jdbc.mutation - Static SQL for collection: org.frcpm.models.Task.assignedTo
10:24:45.777 [main] DEBUG org.hibernate.orm.jdbc.mutation -  Row insert: insert into task_assignments (task_id,team_member_id) values (?,?)
10:24:45.778 [main] DEBUG org.hibernate.orm.jdbc.mutation -  Row delete: delete from task_assignments where task_id=? and team_member_id=?
10:24:45.778 [main] DEBUG org.hibernate.orm.jdbc.mutation -  One-shot delete: delete from task_assignments where task_id=?
10:24:45.778 [main] DEBUG org.hibernate.orm.sql.ast.create - Created new SQL alias : t1_0
10:24:45.778 [main] DEBUG org.hibernate.orm.sql.ast.create - Registration of TableGroup [org.hibernate.sql.ast.tree.from.OneToManyTableGroup@12a1fbe2] with identifierForTableGroup [org.frcpm.models.Subsystem.tasks] for NavigablePath [org.frcpm.models.Subsystem.tasks] 
10:24:45.778 [main] DEBUG org.hibernate.orm.sql.ast.create - Registration of TableGroup [StandardTableGroup(org.frcpm.models.Subsystem.tasks.{element})] with identifierForTableGroup [org.frcpm.models.Subsystem.tasks.{element}] for NavigablePath [org.frcpm.models.Subsystem.tasks.{element}] 
10:24:45.778 [main] DEBUG org.hibernate.orm.sql.ast.create - Registration of TableGroup [org.hibernate.sql.ast.tree.from.LazyTableGroup@4be612e9] with identifierForTableGroup [org.frcpm.models.Subsystem.tasks.{element}.project] for NavigablePath [org.frcpm.models.Subsystem.tasks.{element}.project] 
10:24:45.778 [main] DEBUG org.hibernate.orm.sql.ast.create - Registration of TableGroup [org.hibernate.sql.ast.tree.from.LazyTableGroup@4cb80849] with identifierForTableGroup [org.frcpm.models.Subsystem.tasks.{element}.subsystem] for NavigablePath [org.frcpm.models.Subsystem.tasks.{element}.subsystem] 
10:24:45.778 [main] DEBUG org.hibernate.orm.results.graph.AST - DomainResult Graph:
 \-CollectionDomainResult [org.frcpm.models.Subsystem.tasks]

10:24:45.778 [main] DEBUG org.hibernate.orm.sql.ast.tree - SQL AST Tree:
    SelectStatement {
      FromClause {
        OneToManyTableGroup (t1 : org.frcpm.models.Subsystem.tasks) {
          primaryTableReference : tasks as t1_0
          TableGroupJoins {
            left  join LazyTableGroup (p1 : org.frcpm.models.Subsystem.tasks.{element}.project) {
            }
            left  join LazyTableGroup (s1 : org.frcpm.models.Subsystem.tasks.{element}.subsystem) {
            }
          }
        }
      }
    }

10:24:45.778 [main] DEBUG org.hibernate.orm.jdbc.mutation - Static SQL for collection: org.frcpm.models.Subsystem.tasks
10:24:45.778 [main] DEBUG org.hibernate.orm.sql.ast.create - Created new SQL alias : m1_0
10:24:45.778 [main] DEBUG org.hibernate.orm.sql.ast.create - Registration of TableGroup [org.hibernate.sql.ast.tree.from.OneToManyTableGroup@2a51b55f] with identifierForTableGroup [org.frcpm.models.Subteam.members] for NavigablePath [org.frcpm.models.Subteam.members] 
10:24:45.778 [main] DEBUG org.hibernate.orm.sql.ast.create - Registration of TableGroup [StandardTableGroup(org.frcpm.models.Subteam.members.{element})] with identifierForTableGroup [org.frcpm.models.Subteam.members.{element}] for NavigablePath [org.frcpm.models.Subteam.members.{element}] 
10:24:45.778 [main] DEBUG org.hibernate.orm.sql.ast.create - Registration of TableGroup [org.hibernate.sql.ast.tree.from.LazyTableGroup@48c13cd5] with identifierForTableGroup [org.frcpm.models.Subteam.members.{element}.subteam] for NavigablePath [org.frcpm.models.Subteam.members.{element}.subteam] 
10:24:45.778 [main] DEBUG org.hibernate.orm.results.graph.AST - DomainResult Graph:
 \-CollectionDomainResult [org.frcpm.models.Subteam.members]

10:24:45.778 [main] DEBUG org.hibernate.orm.sql.ast.tree - SQL AST Tree:
    SelectStatement {
      FromClause {
        OneToManyTableGroup (m1 : org.frcpm.models.Subteam.members) {
          primaryTableReference : team_members as m1_0
          TableGroupJoins {
            left  join LazyTableGroup (s1 : org.frcpm.models.Subteam.members.{element}.subteam) {
            }
          }
        }
      }
    }

10:24:45.778 [main] DEBUG org.hibernate.orm.jdbc.mutation - Static SQL for collection: org.frcpm.models.Subteam.members
10:24:45.778 [main] DEBUG org.hibernate.orm.sql.ast.create - Created new SQL alias : a1_0
10:24:45.778 [main] DEBUG org.hibernate.orm.sql.ast.create - Registration of TableGroup [org.hibernate.sql.ast.tree.from.OneToManyTableGroup@4947c6a9] with identifierForTableGroup [org.frcpm.models.TeamMember.attendances] for NavigablePath [org.frcpm.models.TeamMember.attendances] 
10:24:45.778 [main] DEBUG org.hibernate.orm.sql.ast.create - Registration of TableGroup [StandardTableGroup(org.frcpm.models.TeamMember.attendances.{element})] with identifierForTableGroup [org.frcpm.models.TeamMember.attendances.{element}] for NavigablePath [org.frcpm.models.TeamMember.attendances.{element}] 
10:24:45.778 [main] DEBUG org.hibernate.orm.sql.ast.create - Registration of TableGroup [org.hibernate.sql.ast.tree.from.LazyTableGroup@6e9b6993] with identifierForTableGroup [org.frcpm.models.TeamMember.attendances.{element}.meeting] for NavigablePath [org.frcpm.models.TeamMember.attendances.{element}.meeting] 
10:24:45.778 [main] DEBUG org.hibernate.orm.sql.ast.create - Registration of TableGroup [org.hibernate.sql.ast.tree.from.LazyTableGroup@57cc3495] with identifierForTableGroup [org.frcpm.models.TeamMember.attendances.{element}.member] for NavigablePath [org.frcpm.models.TeamMember.attendances.{element}.member] 
10:24:45.778 [main] DEBUG org.hibernate.orm.results.graph.AST - DomainResult Graph:
 \-CollectionDomainResult [org.frcpm.models.TeamMember.attendances]

10:24:45.778 [main] DEBUG org.hibernate.orm.sql.ast.tree - SQL AST Tree:
    SelectStatement {
      FromClause {
        OneToManyTableGroup (a1 : org.frcpm.models.TeamMember.attendances) {
          primaryTableReference : attendances as a1_0
          TableGroupJoins {
            left  join LazyTableGroup (m1 : org.frcpm.models.TeamMember.attendances.{element}.meeting) {
            }
            left  join LazyTableGroup (m2 : org.frcpm.models.TeamMember.attendances.{element}.member) {
            }
          }
        }
      }
    }

10:24:45.778 [main] DEBUG org.hibernate.orm.jdbc.mutation - Static SQL for collection: org.frcpm.models.TeamMember.attendances
10:24:45.778 [main] DEBUG org.hibernate.orm.sql.ast.create - Created new SQL alias : rc1_0
10:24:45.779 [main] DEBUG org.hibernate.orm.sql.ast.create - Registration of TableGroup [CollectionTableGroup(org.frcpm.models.Task.requiredComponents)] with identifierForTableGroup [org.frcpm.models.Task.requiredComponents] for NavigablePath [org.frcpm.models.Task.requiredComponents] 
10:24:45.779 [main] DEBUG org.hibernate.orm.sql.ast.create - Registration of TableGroup [org.hibernate.sql.ast.tree.from.LazyTableGroup@15abf020] with identifierForTableGroup [org.frcpm.models.Task.requiredComponents.{element}] for NavigablePath [org.frcpm.models.Task.requiredComponents.{element}] 
10:24:45.779 [main] DEBUG org.hibernate.orm.sql.ast.create - Created new SQL alias : rc1_1
10:24:45.779 [main] DEBUG org.hibernate.orm.results.graph.AST - DomainResult Graph:
 \-CollectionDomainResult [org.frcpm.models.Task.requiredComponents]

10:24:45.779 [main] DEBUG org.hibernate.orm.sql.ast.tree - SQL AST Tree:
    SelectStatement {
      FromClause {
        CollectionTableGroup (rc1 : org.frcpm.models.Task.requiredComponents) {
          primaryTableReference : task_components as rc1_0
          TableGroupJoins {
             join LazyTableGroup (rc1 : org.frcpm.models.Task.requiredComponents.{element}) {
              primaryTableReference : components as rc1_1
            }
          }
        }
      }
    }

10:24:45.779 [main] DEBUG org.hibernate.orm.jdbc.mutation - Static SQL for collection: org.frcpm.models.Task.requiredComponents
10:24:45.779 [main] DEBUG org.hibernate.orm.jdbc.mutation -  Row insert: insert into task_components (task_id,component_id) values (?,?)
10:24:45.779 [main] DEBUG org.hibernate.orm.jdbc.mutation -  Row delete: delete from task_components where task_id=? and component_id=?
10:24:45.779 [main] DEBUG org.hibernate.orm.jdbc.mutation -  One-shot delete: delete from task_components where task_id=?
10:24:45.779 [main] DEBUG org.hibernate.orm.sql.ast.create - Created new SQL alias : s1_0
10:24:45.779 [main] DEBUG org.hibernate.orm.sql.ast.create - Registration of TableGroup [org.hibernate.sql.ast.tree.from.OneToManyTableGroup@2dfbb4c0] with identifierForTableGroup [org.frcpm.models.Subteam.subsystems] for NavigablePath [org.frcpm.models.Subteam.subsystems] 
10:24:45.779 [main] DEBUG org.hibernate.orm.sql.ast.create - Registration of TableGroup [StandardTableGroup(org.frcpm.models.Subteam.subsystems.{element})] with identifierForTableGroup [org.frcpm.models.Subteam.subsystems.{element}] for NavigablePath [org.frcpm.models.Subteam.subsystems.{element}] 
10:24:45.779 [main] DEBUG org.hibernate.orm.sql.ast.create - Registration of TableGroup [org.hibernate.sql.ast.tree.from.LazyTableGroup@4b3985ff] with identifierForTableGroup [org.frcpm.models.Subteam.subsystems.{element}.responsibleSubteam] for NavigablePath [org.frcpm.models.Subteam.subsystems.{element}.responsibleSubteam] 
10:24:45.780 [main] DEBUG org.hibernate.orm.results.graph.AST - DomainResult Graph:
 \-CollectionDomainResult [org.frcpm.models.Subteam.subsystems]

10:24:45.780 [main] DEBUG org.hibernate.orm.sql.ast.tree - SQL AST Tree:
    SelectStatement {
      FromClause {
        OneToManyTableGroup (s1 : org.frcpm.models.Subteam.subsystems) {
          primaryTableReference : subsystems as s1_0
          TableGroupJoins {
            left  join LazyTableGroup (rs1 : org.frcpm.models.Subteam.subsystems.{element}.responsibleSubteam) {
            }
          }
        }
      }
    }

10:24:45.780 [main] DEBUG org.hibernate.orm.jdbc.mutation - Static SQL for collection: org.frcpm.models.Subteam.subsystems
10:24:45.780 [main] DEBUG org.hibernate.orm.sql.ast.create - Created new SQL alias : pd1_0
10:24:45.780 [main] DEBUG org.hibernate.orm.sql.ast.create - Registration of TableGroup [CollectionTableGroup(org.frcpm.models.Task.preDependencies)] with identifierForTableGroup [org.frcpm.models.Task.preDependencies] for NavigablePath [org.frcpm.models.Task.preDependencies] 
10:24:45.780 [main] DEBUG org.hibernate.orm.sql.ast.create - Registration of TableGroup [org.hibernate.sql.ast.tree.from.LazyTableGroup@6e934d94] with identifierForTableGroup [org.frcpm.models.Task.preDependencies.{element}] for NavigablePath [org.frcpm.models.Task.preDependencies.{element}] 
10:24:45.780 [main] DEBUG org.hibernate.orm.sql.ast.create - Created new SQL alias : pd1_1
10:24:45.780 [main] DEBUG org.hibernate.orm.sql.ast.create - Registration of TableGroup [org.hibernate.sql.ast.tree.from.LazyTableGroup@1e3eb932] with identifierForTableGroup [org.frcpm.models.Task.preDependencies.{element}.project] for NavigablePath [org.frcpm.models.Task.preDependencies.{element}.project] 
10:24:45.780 [main] DEBUG org.hibernate.orm.sql.ast.create - Registration of TableGroup [org.hibernate.sql.ast.tree.from.LazyTableGroup@620d2566] with identifierForTableGroup [org.frcpm.models.Task.preDependencies.{element}.subsystem] for NavigablePath [org.frcpm.models.Task.preDependencies.{element}.subsystem] 
10:24:45.780 [main] DEBUG org.hibernate.orm.results.graph.AST - DomainResult Graph:
 \-CollectionDomainResult [org.frcpm.models.Task.preDependencies]

10:24:45.780 [main] DEBUG org.hibernate.orm.sql.ast.tree - SQL AST Tree:
    SelectStatement {
      FromClause {
        CollectionTableGroup (pd1 : org.frcpm.models.Task.preDependencies) {
          primaryTableReference : task_dependencies as pd1_0
          TableGroupJoins {
             join LazyTableGroup (pd1 : org.frcpm.models.Task.preDependencies.{element}) {
              primaryTableReference : tasks as pd1_1
              TableGroupJoins {
                left  join LazyTableGroup (p1 : org.frcpm.models.Task.preDependencies.{element}.project) {
                }
                left  join LazyTableGroup (s1 : org.frcpm.models.Task.preDependencies.{element}.subsystem) {
                }
              }
            }
          }
        }
      }
    }

10:24:45.780 [main] DEBUG org.hibernate.orm.jdbc.mutation - Static SQL for collection: org.frcpm.models.Task.preDependencies
10:24:45.780 [main] DEBUG org.hibernate.orm.jdbc.mutation -  Row insert: insert into task_dependencies (task_id,dependency_id) values (?,?)
10:24:45.780 [main] DEBUG org.hibernate.orm.jdbc.mutation -  Row delete: delete from task_dependencies where task_id=? and dependency_id=?
10:24:45.780 [main] DEBUG org.hibernate.orm.jdbc.mutation -  One-shot delete: delete from task_dependencies where task_id=?
10:24:45.780 [main] DEBUG org.hibernate.orm.sql.ast.create - Created new SQL alias : m1_0
10:24:45.780 [main] DEBUG org.hibernate.orm.sql.ast.create - Registration of TableGroup [org.hibernate.sql.ast.tree.from.OneToManyTableGroup@4ba4797d] with identifierForTableGroup [org.frcpm.models.Project.milestones] for NavigablePath [org.frcpm.models.Project.milestones] 
10:24:45.780 [main] DEBUG org.hibernate.orm.sql.ast.create - Registration of TableGroup [StandardTableGroup(org.frcpm.models.Project.milestones.{element})] with identifierForTableGroup [org.frcpm.models.Project.milestones.{element}] for NavigablePath [org.frcpm.models.Project.milestones.{element}] 
10:24:45.780 [main] DEBUG org.hibernate.orm.sql.ast.create - Registration of TableGroup [org.hibernate.sql.ast.tree.from.LazyTableGroup@7e4db98c] with identifierForTableGroup [org.frcpm.models.Project.milestones.{element}.project] for NavigablePath [org.frcpm.models.Project.milestones.{element}.project] 
10:24:45.780 [main] DEBUG org.hibernate.orm.results.graph.AST - DomainResult Graph:
 \-CollectionDomainResult [org.frcpm.models.Project.milestones]

10:24:45.780 [main] DEBUG org.hibernate.orm.sql.ast.tree - SQL AST Tree:
    SelectStatement {
      FromClause {
        OneToManyTableGroup (m1 : org.frcpm.models.Project.milestones) {
          primaryTableReference : milestones as m1_0
          TableGroupJoins {
            left  join LazyTableGroup (p1 : org.frcpm.models.Project.milestones.{element}.project) {
            }
          }
        }
      }
    }

10:24:45.780 [main] DEBUG org.hibernate.orm.jdbc.mutation - Static SQL for collection: org.frcpm.models.Project.milestones
10:24:45.780 [main] DEBUG org.hibernate.orm.sql.ast.create - Created new SQL alias : rft1_0
10:24:45.780 [main] DEBUG org.hibernate.orm.sql.ast.create - Registration of TableGroup [CollectionTableGroup(org.frcpm.models.Component.requiredForTasks)] with identifierForTableGroup [org.frcpm.models.Component.requiredForTasks] for NavigablePath [org.frcpm.models.Component.requiredForTasks] 
10:24:45.780 [main] DEBUG org.hibernate.orm.sql.ast.create - Registration of TableGroup [org.hibernate.sql.ast.tree.from.LazyTableGroup@33f47378] with identifierForTableGroup [org.frcpm.models.Component.requiredForTasks.{element}] for NavigablePath [org.frcpm.models.Component.requiredForTasks.{element}] 
10:24:45.780 [main] DEBUG org.hibernate.orm.sql.ast.create - Created new SQL alias : rft1_1
10:24:45.780 [main] DEBUG org.hibernate.orm.sql.ast.create - Registration of TableGroup [org.hibernate.sql.ast.tree.from.LazyTableGroup@5b738bea] with identifierForTableGroup [org.frcpm.models.Component.requiredForTasks.{element}.project] for NavigablePath [org.frcpm.models.Component.requiredForTasks.{element}.project] 
10:24:45.781 [main] DEBUG org.hibernate.orm.sql.ast.create - Registration of TableGroup [org.hibernate.sql.ast.tree.from.LazyTableGroup@37b6bdbf] with identifierForTableGroup [org.frcpm.models.Component.requiredForTasks.{element}.subsystem] for NavigablePath [org.frcpm.models.Component.requiredForTasks.{element}.subsystem] 
10:24:45.781 [main] DEBUG org.hibernate.orm.results.graph.AST - DomainResult Graph:
 \-CollectionDomainResult [org.frcpm.models.Component.requiredForTasks]

10:24:45.781 [main] DEBUG org.hibernate.orm.sql.ast.tree - SQL AST Tree:
    SelectStatement {
      FromClause {
        CollectionTableGroup (rft1 : org.frcpm.models.Component.requiredForTasks) {
          primaryTableReference : task_components as rft1_0
          TableGroupJoins {
             join LazyTableGroup (rft1 : org.frcpm.models.Component.requiredForTasks.{element}) {
              primaryTableReference : tasks as rft1_1
              TableGroupJoins {
                left  join LazyTableGroup (p1 : org.frcpm.models.Component.requiredForTasks.{element}.project) {
                }
                left  join LazyTableGroup (s1 : org.frcpm.models.Component.requiredForTasks.{element}.subsystem) {
                }
              }
            }
          }
        }
      }
    }

10:24:45.781 [main] DEBUG org.hibernate.orm.jdbc.mutation - Static SQL for collection: org.frcpm.models.Component.requiredForTasks
10:24:45.781 [main] DEBUG org.hibernate.orm.sql.ast.create - Created new SQL alias : m1_0
10:24:45.781 [main] DEBUG org.hibernate.orm.sql.ast.create - Registration of TableGroup [org.hibernate.sql.ast.tree.from.OneToManyTableGroup@6022845a] with identifierForTableGroup [org.frcpm.models.Project.meetings] for NavigablePath [org.frcpm.models.Project.meetings] 
10:24:45.781 [main] DEBUG org.hibernate.orm.sql.ast.create - Registration of TableGroup [StandardTableGroup(org.frcpm.models.Project.meetings.{element})] with identifierForTableGroup [org.frcpm.models.Project.meetings.{element}] for NavigablePath [org.frcpm.models.Project.meetings.{element}] 
10:24:45.781 [main] DEBUG org.hibernate.orm.sql.ast.create - Registration of TableGroup [org.hibernate.sql.ast.tree.from.LazyTableGroup@26436fcf] with identifierForTableGroup [org.frcpm.models.Project.meetings.{element}.project] for NavigablePath [org.frcpm.models.Project.meetings.{element}.project] 
10:24:45.781 [main] DEBUG org.hibernate.orm.results.graph.AST - DomainResult Graph:
 \-CollectionDomainResult [org.frcpm.models.Project.meetings]

10:24:45.781 [main] DEBUG org.hibernate.orm.sql.ast.tree - SQL AST Tree:
    SelectStatement {
      FromClause {
        OneToManyTableGroup (m1 : org.frcpm.models.Project.meetings) {
          primaryTableReference : meetings as m1_0
          TableGroupJoins {
            left  join LazyTableGroup (p1 : org.frcpm.models.Project.meetings.{element}.project) {
            }
          }
        }
      }
    }

10:24:45.781 [main] DEBUG org.hibernate.orm.jdbc.mutation - Static SQL for collection: org.frcpm.models.Project.meetings
10:24:45.781 [main] DEBUG org.hibernate.orm.sql.ast.create - Created new SQL alias : at1_0
10:24:45.781 [main] DEBUG org.hibernate.orm.sql.ast.create - Registration of TableGroup [CollectionTableGroup(org.frcpm.models.TeamMember.assignedTasks)] with identifierForTableGroup [org.frcpm.models.TeamMember.assignedTasks] for NavigablePath [org.frcpm.models.TeamMember.assignedTasks] 
10:24:45.781 [main] DEBUG org.hibernate.orm.sql.ast.create - Registration of TableGroup [org.hibernate.sql.ast.tree.from.LazyTableGroup@4883e39b] with identifierForTableGroup [org.frcpm.models.TeamMember.assignedTasks.{element}] for NavigablePath [org.frcpm.models.TeamMember.assignedTasks.{element}] 
10:24:45.781 [main] DEBUG org.hibernate.orm.sql.ast.create - Created new SQL alias : at1_1
10:24:45.781 [main] DEBUG org.hibernate.orm.sql.ast.create - Registration of TableGroup [org.hibernate.sql.ast.tree.from.LazyTableGroup@3cf7ae85] with identifierForTableGroup [org.frcpm.models.TeamMember.assignedTasks.{element}.project] for NavigablePath [org.frcpm.models.TeamMember.assignedTasks.{element}.project] 
10:24:45.781 [main] DEBUG org.hibernate.orm.sql.ast.create - Registration of TableGroup [org.hibernate.sql.ast.tree.from.LazyTableGroup@76352b9d] with identifierForTableGroup [org.frcpm.models.TeamMember.assignedTasks.{element}.subsystem] for NavigablePath [org.frcpm.models.TeamMember.assignedTasks.{element}.subsystem] 
10:24:45.781 [main] DEBUG org.hibernate.orm.results.graph.AST - DomainResult Graph:
 \-CollectionDomainResult [org.frcpm.models.TeamMember.assignedTasks]

10:24:45.781 [main] DEBUG org.hibernate.orm.sql.ast.tree - SQL AST Tree:
    SelectStatement {
      FromClause {
        CollectionTableGroup (at1 : org.frcpm.models.TeamMember.assignedTasks) {
          primaryTableReference : task_assignments as at1_0
          TableGroupJoins {
             join LazyTableGroup (at1 : org.frcpm.models.TeamMember.assignedTasks.{element}) {
              primaryTableReference : tasks as at1_1
              TableGroupJoins {
                left  join LazyTableGroup (p1 : org.frcpm.models.TeamMember.assignedTasks.{element}.project) {
                }
                left  join LazyTableGroup (s1 : org.frcpm.models.TeamMember.assignedTasks.{element}.subsystem) {
                }
              }
            }
          }
        }
      }
    }

10:24:45.782 [main] DEBUG org.hibernate.orm.jdbc.mutation - Static SQL for collection: org.frcpm.models.TeamMember.assignedTasks
10:24:45.782 [main] DEBUG org.hibernate.orm.sql.ast.create - Created new SQL alias : a1_0
10:24:45.782 [main] DEBUG org.hibernate.orm.sql.ast.create - Registration of TableGroup [org.hibernate.sql.ast.tree.from.OneToManyTableGroup@20ff90d7] with identifierForTableGroup [org.frcpm.models.Meeting.attendances] for NavigablePath [org.frcpm.models.Meeting.attendances] 
10:24:45.782 [main] DEBUG org.hibernate.orm.sql.ast.create - Registration of TableGroup [StandardTableGroup(org.frcpm.models.Meeting.attendances.{element})] with identifierForTableGroup [org.frcpm.models.Meeting.attendances.{element}] for NavigablePath [org.frcpm.models.Meeting.attendances.{element}] 
10:24:45.782 [main] DEBUG org.hibernate.orm.sql.ast.create - Registration of TableGroup [org.hibernate.sql.ast.tree.from.LazyTableGroup@1dabe680] with identifierForTableGroup [org.frcpm.models.Meeting.attendances.{element}.meeting] for NavigablePath [org.frcpm.models.Meeting.attendances.{element}.meeting] 
10:24:45.782 [main] DEBUG org.hibernate.orm.sql.ast.create - Registration of TableGroup [org.hibernate.sql.ast.tree.from.LazyTableGroup@f227c8a] with identifierForTableGroup [org.frcpm.models.Meeting.attendances.{element}.member] for NavigablePath [org.frcpm.models.Meeting.attendances.{element}.member] 
10:24:45.782 [main] DEBUG org.hibernate.orm.results.graph.AST - DomainResult Graph:
 \-CollectionDomainResult [org.frcpm.models.Meeting.attendances]

10:24:45.782 [main] DEBUG org.hibernate.orm.sql.ast.tree - SQL AST Tree:
    SelectStatement {
      FromClause {
        OneToManyTableGroup (a1 : org.frcpm.models.Meeting.attendances) {
          primaryTableReference : attendances as a1_0
          TableGroupJoins {
            left  join LazyTableGroup (m1 : org.frcpm.models.Meeting.attendances.{element}.meeting) {
            }
            left  join LazyTableGroup (m2 : org.frcpm.models.Meeting.attendances.{element}.member) {
            }
          }
        }
      }
    }

10:24:45.782 [main] DEBUG org.hibernate.orm.jdbc.mutation - Static SQL for collection: org.frcpm.models.Meeting.attendances
10:24:45.782 [main] DEBUG org.hibernate.orm.sql.ast.create - Created new SQL alias : pd1_0
10:24:45.782 [main] DEBUG org.hibernate.orm.sql.ast.create - Registration of TableGroup [CollectionTableGroup(org.frcpm.models.Task.postDependencies)] with identifierForTableGroup [org.frcpm.models.Task.postDependencies] for NavigablePath [org.frcpm.models.Task.postDependencies] 
10:24:45.782 [main] DEBUG org.hibernate.orm.sql.ast.create - Registration of TableGroup [org.hibernate.sql.ast.tree.from.LazyTableGroup@11da5f97] with identifierForTableGroup [org.frcpm.models.Task.postDependencies.{element}] for NavigablePath [org.frcpm.models.Task.postDependencies.{element}] 
10:24:45.782 [main] DEBUG org.hibernate.orm.sql.ast.create - Created new SQL alias : pd1_1
10:24:45.782 [main] DEBUG org.hibernate.orm.sql.ast.create - Registration of TableGroup [org.hibernate.sql.ast.tree.from.LazyTableGroup@39943cd0] with identifierForTableGroup [org.frcpm.models.Task.postDependencies.{element}.project] for NavigablePath [org.frcpm.models.Task.postDependencies.{element}.project] 
10:24:45.782 [main] DEBUG org.hibernate.orm.sql.ast.create - Registration of TableGroup [org.hibernate.sql.ast.tree.from.LazyTableGroup@4fc792d8] with identifierForTableGroup [org.frcpm.models.Task.postDependencies.{element}.subsystem] for NavigablePath [org.frcpm.models.Task.postDependencies.{element}.subsystem] 
10:24:45.782 [main] DEBUG org.hibernate.orm.results.graph.AST - DomainResult Graph:
 \-CollectionDomainResult [org.frcpm.models.Task.postDependencies]

10:24:45.782 [main] DEBUG org.hibernate.orm.sql.ast.tree - SQL AST Tree:
    SelectStatement {
      FromClause {
        CollectionTableGroup (pd1 : org.frcpm.models.Task.postDependencies) {
          primaryTableReference : task_dependencies as pd1_0
          TableGroupJoins {
             join LazyTableGroup (pd1 : org.frcpm.models.Task.postDependencies.{element}) {
              primaryTableReference : tasks as pd1_1
              TableGroupJoins {
                left  join LazyTableGroup (p1 : org.frcpm.models.Task.postDependencies.{element}.project) {
                }
                left  join LazyTableGroup (s1 : org.frcpm.models.Task.postDependencies.{element}.subsystem) {
                }
              }
            }
          }
        }
      }
    }

10:24:45.782 [main] DEBUG org.hibernate.orm.jdbc.mutation - Static SQL for collection: org.frcpm.models.Task.postDependencies
10:24:45.782 [main] DEBUG org.hibernate.orm.sql.ast.create - Created new SQL alias : t1_0
10:24:45.782 [main] DEBUG org.hibernate.orm.sql.ast.create - Registration of TableGroup [org.hibernate.sql.ast.tree.from.OneToManyTableGroup@14c895a8] with identifierForTableGroup [org.frcpm.models.Project.tasks] for NavigablePath [org.frcpm.models.Project.tasks] 
10:24:45.782 [main] DEBUG org.hibernate.orm.sql.ast.create - Registration of TableGroup [StandardTableGroup(org.frcpm.models.Project.tasks.{element})] with identifierForTableGroup [org.frcpm.models.Project.tasks.{element}] for NavigablePath [org.frcpm.models.Project.tasks.{element}] 
10:24:45.782 [main] DEBUG org.hibernate.orm.sql.ast.create - Registration of TableGroup [org.hibernate.sql.ast.tree.from.LazyTableGroup@475fa294] with identifierForTableGroup [org.frcpm.models.Project.tasks.{element}.project] for NavigablePath [org.frcpm.models.Project.tasks.{element}.project] 
10:24:45.782 [main] DEBUG org.hibernate.orm.sql.ast.create - Registration of TableGroup [org.hibernate.sql.ast.tree.from.LazyTableGroup@2a9385f0] with identifierForTableGroup [org.frcpm.models.Project.tasks.{element}.subsystem] for NavigablePath [org.frcpm.models.Project.tasks.{element}.subsystem] 
10:24:45.782 [main] DEBUG org.hibernate.orm.results.graph.AST - DomainResult Graph:
 \-CollectionDomainResult [org.frcpm.models.Project.tasks]

10:24:45.782 [main] DEBUG org.hibernate.orm.sql.ast.tree - SQL AST Tree:
    SelectStatement {
      FromClause {
        OneToManyTableGroup (t1 : org.frcpm.models.Project.tasks) {
          primaryTableReference : tasks as t1_0
          TableGroupJoins {
            left  join LazyTableGroup (p1 : org.frcpm.models.Project.tasks.{element}.project) {
            }
            left  join LazyTableGroup (s1 : org.frcpm.models.Project.tasks.{element}.subsystem) {
            }
          }
        }
      }
    }

10:24:45.782 [main] DEBUG org.hibernate.orm.jdbc.mutation - Static SQL for collection: org.frcpm.models.Project.tasks
10:24:45.793 [main] DEBUG org.hibernate.type.spi.TypeConfiguration$Scope - Scoping TypeConfiguration [org.hibernate.type.spi.TypeConfiguration@3bc25654] to SessionFactoryImplementor [org.hibernate.internal.SessionFactoryImpl@2d362973]
10:24:45.793 [main] DEBUG org.hibernate.query.named.NamedObjectRepository - Checking 0 named HQL queries
10:24:45.793 [main] DEBUG org.hibernate.query.named.NamedObjectRepository - Checking 0 named SQL queries
10:24:45.795 [main] DEBUG org.hibernate.mapping.Table - No alter strings for table : attendances
10:24:45.795 [main] DEBUG org.hibernate.SQL - alter table if exists components alter column description set data type TEXT
10:24:45.795 [main] DEBUG org.hibernate.SQL - alter table if exists meetings alter column notes set data type TEXT
10:24:45.795 [main] DEBUG org.hibernate.SQL - alter table if exists milestones alter column description set data type TEXT
10:24:45.795 [main] DEBUG org.hibernate.SQL - alter table if exists projects alter column description set data type TEXT
10:24:45.795 [main] DEBUG org.hibernate.SQL - alter table if exists subsystems alter column description set data type TEXT
10:24:45.795 [main] DEBUG org.hibernate.SQL - alter table if exists subteams alter column specialties set data type TEXT
10:24:45.795 [main] DEBUG org.hibernate.mapping.Table - No alter strings for table : task_assignments
10:24:45.795 [main] DEBUG org.hibernate.mapping.Table - No alter strings for table : task_components
10:24:45.795 [main] DEBUG org.hibernate.mapping.Table - No alter strings for table : task_dependencies
10:24:45.795 [main] DEBUG org.hibernate.SQL - alter table if exists tasks alter column description set data type TEXT
10:24:45.795 [main] DEBUG org.hibernate.SQL - alter table if exists team_members alter column skills set data type TEXT
10:24:45.795 [main] DEBUG org.hibernate.SQL - alter table if exists attendances drop constraint if exists UKa8ydr6vrgbux3a27v7enb0y3x
10:24:45.795 [main] DEBUG org.hibernate.SQL - alter table if exists attendances add constraint UKa8ydr6vrgbux3a27v7enb0y3x unique (meeting_id, member_id)
10:24:45.796 [main] DEBUG org.hibernate.internal.SessionFactoryRegistry - Registering SessionFactory: 9aea7e8d-81d3-4ed3-9139-1007c4569a12 (<unnamed>)
10:24:45.796 [main] DEBUG org.hibernate.internal.SessionFactoryRegistry - Not binding SessionFactory to JNDI, no JNDI name configured
10:24:45.796 [main] DEBUG org.hibernate.internal.SessionFactoryImpl - Instantiated SessionFactory
10:24:45.796 [main] DEBUG org.hibernate.stat.internal.StatisticsInitiator - Statistics initialized [enabled=false]
10:24:45.796 [main] DEBUG org.hibernate.engine.transaction.internal.TransactionImpl - On TransactionImpl creation, JpaCompliance#isJpaTransactionComplianceEnabled == false
10:24:45.797 [main] DEBUG org.hibernate.engine.transaction.internal.TransactionImpl - begin
10:24:45.797 [main] DEBUG org.hibernate.engine.spi.ActionQueue - Executing identity-insert immediately
10:24:45.797 [main] DEBUG org.hibernate.SQL - insert into subteams (color_code,name,specialties,id) values (?,?,?,default)
10:24:45.797 [main] DEBUG org.hibernate.orm.results - Initializer list is empty
10:24:45.797 [main] DEBUG org.hibernate.orm.results.loading - Calling top-level assembler (0 / 1) : org.hibernate.sql.results.graph.basic.BasicResultAssembler@19fb5e00
10:24:45.797 [main] DEBUG org.hibernate.orm.results - Extracted JDBC value [0] - [128]
10:24:45.797 [main] DEBUG org.hibernate.id.IdentifierGeneratorHelper - Extracted generated values [org.frcpm.models.Subteam]: [Ljava.lang.Object;@1a0ae011
10:24:45.798 [main] DEBUG org.hibernate.event.internal.AbstractFlushingEventListener - Processing flush-time cascades
10:24:45.798 [main] DEBUG org.hibernate.event.internal.AbstractFlushingEventListener - Dirty checking collections
10:24:45.798 [main] DEBUG org.hibernate.engine.internal.Collections - Collection found: [org.frcpm.models.Subteam.members#128], was: [<unreferenced>] (initialized)
10:24:45.798 [main] DEBUG org.hibernate.engine.internal.Collections - Collection found: [org.frcpm.models.Subteam.subsystems#128], was: [<unreferenced>] (initialized)
10:24:45.798 [main] DEBUG org.hibernate.event.internal.AbstractFlushingEventListener - Flushed: 0 insertions, 0 updates, 0 deletions to 1 objects
10:24:45.798 [main] DEBUG org.hibernate.event.internal.AbstractFlushingEventListener - Flushed: 2 (re)creations, 0 updates, 0 removals to 2 collections
10:24:45.798 [main] DEBUG org.hibernate.internal.util.EntityPrinter - Listing entities:
10:24:45.798 [main] DEBUG org.hibernate.internal.util.EntityPrinter - org.frcpm.models.Subteam{specialties=Java, Programming, Controls, members=[], name=Test Subteam 1, colorCode=#FF0000, id=128, subsystems=[]}
10:24:45.799 [main] DEBUG org.hibernate.engine.transaction.internal.TransactionImpl - committing
10:24:45.799 [main] DEBUG org.hibernate.event.internal.AbstractFlushingEventListener - Processing flush-time cascades
10:24:45.799 [main] DEBUG org.hibernate.event.internal.AbstractFlushingEventListener - Dirty checking collections
10:24:45.799 [main] DEBUG org.hibernate.engine.internal.Collections - Collection found: [org.frcpm.models.Subteam.members#128], was: [org.frcpm.models.Subteam.members#128] (initialized)
10:24:45.799 [main] DEBUG org.hibernate.engine.internal.Collections - Collection found: [org.frcpm.models.Subteam.subsystems#128], was: [org.frcpm.models.Subteam.subsystems#128] (initialized)
10:24:45.799 [main] DEBUG org.hibernate.event.internal.AbstractFlushingEventListener - Flushed: 0 insertions, 0 updates, 0 deletions to 1 objects
10:24:45.799 [main] DEBUG org.hibernate.event.internal.AbstractFlushingEventListener - Flushed: 0 (re)creations, 0 updates, 0 removals to 2 collections
10:24:45.799 [main] DEBUG org.hibernate.internal.util.EntityPrinter - Listing entities:
10:24:45.799 [main] DEBUG org.hibernate.internal.util.EntityPrinter - org.frcpm.models.Subteam{specialties=Java, Programming, Controls, members=[], name=Test Subteam 1, colorCode=#FF0000, id=128, subsystems=[]}
10:24:45.799 [main] DEBUG org.hibernate.resource.jdbc.internal.LogicalConnectionManagedImpl - Initiating JDBC connection release from afterTransaction
10:24:45.799 [main] DEBUG org.hibernate.resource.jdbc.internal.LogicalConnectionManagedImpl - Initiating JDBC connection release from afterTransaction
10:24:45.799 [main] DEBUG org.hibernate.engine.transaction.internal.TransactionImpl - On TransactionImpl creation, JpaCompliance#isJpaTransactionComplianceEnabled == false
10:24:45.799 [main] DEBUG org.hibernate.engine.transaction.internal.TransactionImpl - begin
10:24:45.799 [main] DEBUG org.hibernate.engine.spi.ActionQueue - Executing identity-insert immediately
10:24:45.800 [main] DEBUG org.hibernate.SQL - insert into subteams (color_code,name,specialties,id) values (?,?,?,default)
10:24:45.800 [main] DEBUG org.hibernate.orm.results - Initializer list is empty
10:24:45.800 [main] DEBUG org.hibernate.orm.results.loading - Calling top-level assembler (0 / 1) : org.hibernate.sql.results.graph.basic.BasicResultAssembler@76acd98
10:24:45.800 [main] DEBUG org.hibernate.orm.results - Extracted JDBC value [0] - [129]
10:24:45.800 [main] DEBUG org.hibernate.id.IdentifierGeneratorHelper - Extracted generated values [org.frcpm.models.Subteam]: [Ljava.lang.Object;@16996ff3
10:24:45.801 [main] DEBUG org.hibernate.event.internal.AbstractFlushingEventListener - Processing flush-time cascades
10:24:45.801 [main] DEBUG org.hibernate.event.internal.AbstractFlushingEventListener - Dirty checking collections
10:24:45.801 [main] DEBUG org.hibernate.engine.internal.Collections - Collection found: [org.frcpm.models.Subteam.members#129], was: [<unreferenced>] (initialized)
10:24:45.801 [main] DEBUG org.hibernate.engine.internal.Collections - Collection found: [org.frcpm.models.Subteam.subsystems#129], was: [<unreferenced>] (initialized)
10:24:45.801 [main] DEBUG org.hibernate.event.internal.AbstractFlushingEventListener - Flushed: 0 insertions, 0 updates, 0 deletions to 1 objects
10:24:45.801 [main] DEBUG org.hibernate.event.internal.AbstractFlushingEventListener - Flushed: 2 (re)creations, 0 updates, 0 removals to 2 collections
10:24:45.801 [main] DEBUG org.hibernate.internal.util.EntityPrinter - Listing entities:
10:24:45.801 [main] DEBUG org.hibernate.internal.util.EntityPrinter - org.frcpm.models.Subteam{specialties=CAD, Design, Fabrication, members=[], name=Test Subteam 2, colorCode=#00FF00, id=129, subsystems=[]}
10:24:45.801 [main] DEBUG org.hibernate.engine.transaction.internal.TransactionImpl - committing
10:24:45.801 [main] DEBUG org.hibernate.event.internal.AbstractFlushingEventListener - Processing flush-time cascades
10:24:45.801 [main] DEBUG org.hibernate.event.internal.AbstractFlushingEventListener - Dirty checking collections
10:24:45.801 [main] DEBUG org.hibernate.engine.internal.Collections - Collection found: [org.frcpm.models.Subteam.members#129], was: [org.frcpm.models.Subteam.members#129] (initialized)
10:24:45.801 [main] DEBUG org.hibernate.engine.internal.Collections - Collection found: [org.frcpm.models.Subteam.subsystems#129], was: [org.frcpm.models.Subteam.subsystems#129] (initialized)
10:24:45.801 [main] DEBUG org.hibernate.event.internal.AbstractFlushingEventListener - Flushed: 0 insertions, 0 updates, 0 deletions to 1 objects
10:24:45.801 [main] DEBUG org.hibernate.event.internal.AbstractFlushingEventListener - Flushed: 0 (re)creations, 0 updates, 0 removals to 2 collections
10:24:45.801 [main] DEBUG org.hibernate.internal.util.EntityPrinter - Listing entities:
10:24:45.801 [main] DEBUG org.hibernate.internal.util.EntityPrinter - org.frcpm.models.Subteam{specialties=CAD, Design, Fabrication, members=[], name=Test Subteam 2, colorCode=#00FF00, id=129, subsystems=[]}
10:24:45.801 [main] DEBUG org.hibernate.resource.jdbc.internal.LogicalConnectionManagedImpl - Initiating JDBC connection release from afterTransaction
10:24:45.801 [main] DEBUG org.hibernate.resource.jdbc.internal.LogicalConnectionManagedImpl - Initiating JDBC connection release from afterTransaction
10:24:45.802 [main] DEBUG org.hibernate.engine.transaction.internal.TransactionImpl - On TransactionImpl creation, JpaCompliance#isJpaTransactionComplianceEnabled == false
10:24:45.802 [main] DEBUG org.hibernate.engine.transaction.internal.TransactionImpl - begin
10:24:45.802 [main] DEBUG org.hibernate.engine.spi.ActionQueue - Executing identity-insert immediately
10:24:45.802 [main] DEBUG org.hibernate.SQL - insert into subteams (color_code,name,specialties,id) values (?,?,?,default)
10:24:45.802 [main] DEBUG org.hibernate.orm.results - Initializer list is empty
10:24:45.802 [main] DEBUG org.hibernate.orm.results.loading - Calling top-level assembler (0 / 1) : org.hibernate.sql.results.graph.basic.BasicResultAssembler@6beb0fd9
10:24:45.803 [main] DEBUG org.hibernate.orm.results - Extracted JDBC value [0] - [130]
10:24:45.803 [main] DEBUG org.hibernate.id.IdentifierGeneratorHelper - Extracted generated values [org.frcpm.models.Subteam]: [Ljava.lang.Object;@5d23690c
10:24:45.803 [main] DEBUG org.hibernate.event.internal.AbstractFlushingEventListener - Processing flush-time cascades
10:24:45.803 [main] DEBUG org.hibernate.event.internal.AbstractFlushingEventListener - Dirty checking collections
10:24:45.803 [main] DEBUG org.hibernate.engine.internal.Collections - Collection found: [org.frcpm.models.Subteam.members#130], was: [<unreferenced>] (initialized)
10:24:45.803 [main] DEBUG org.hibernate.engine.internal.Collections - Collection found: [org.frcpm.models.Subteam.subsystems#130], was: [<unreferenced>] (initialized)
10:24:45.803 [main] DEBUG org.hibernate.event.internal.AbstractFlushingEventListener - Flushed: 0 insertions, 0 updates, 0 deletions to 1 objects
10:24:45.803 [main] DEBUG org.hibernate.event.internal.AbstractFlushingEventListener - Flushed: 2 (re)creations, 0 updates, 0 removals to 2 collections
10:24:45.803 [main] DEBUG org.hibernate.internal.util.EntityPrinter - Listing entities:
10:24:45.803 [main] DEBUG org.hibernate.internal.util.EntityPrinter - org.frcpm.models.Subteam{specialties=null, members=[], name=Test Delete Subteam, colorCode=#0000FF, id=130, subsystems=[]}
10:24:45.803 [main] DEBUG org.hibernate.engine.transaction.internal.TransactionImpl - committing
10:24:45.803 [main] DEBUG org.hibernate.event.internal.AbstractFlushingEventListener - Processing flush-time cascades
10:24:45.803 [main] DEBUG org.hibernate.event.internal.AbstractFlushingEventListener - Dirty checking collections
10:24:45.803 [main] DEBUG org.hibernate.engine.internal.Collections - Collection found: [org.frcpm.models.Subteam.members#130], was: [org.frcpm.models.Subteam.members#130] (initialized)
10:24:45.803 [main] DEBUG org.hibernate.engine.internal.Collections - Collection found: [org.frcpm.models.Subteam.subsystems#130], was: [org.frcpm.models.Subteam.subsystems#130] (initialized)
10:24:45.803 [main] DEBUG org.hibernate.event.internal.AbstractFlushingEventListener - Flushed: 0 insertions, 0 updates, 0 deletions to 1 objects
10:24:45.803 [main] DEBUG org.hibernate.event.internal.AbstractFlushingEventListener - Flushed: 0 (re)creations, 0 updates, 0 removals to 2 collections
10:24:45.803 [main] DEBUG org.hibernate.internal.util.EntityPrinter - Listing entities:
10:24:45.803 [main] DEBUG org.hibernate.internal.util.EntityPrinter - org.frcpm.models.Subteam{specialties=null, members=[], name=Test Delete Subteam, colorCode=#0000FF, id=130, subsystems=[]}
10:24:45.804 [FRC-PM-HikariCP connection adder] DEBUG com.zaxxer.hikari.pool.HikariPool - FRC-PM-HikariCP - After adding stats (total=2, active=1, idle=1, waiting=0)
10:24:45.804 [main] DEBUG org.hibernate.resource.jdbc.internal.LogicalConnectionManagedImpl - Initiating JDBC connection release from afterTransaction
10:24:45.804 [main] DEBUG org.hibernate.resource.jdbc.internal.LogicalConnectionManagedImpl - Initiating JDBC connection release from afterTransaction
10:24:45.805 [main] DEBUG org.hibernate.engine.transaction.internal.TransactionImpl - On TransactionImpl creation, JpaCompliance#isJpaTransactionComplianceEnabled == false
10:24:45.805 [main] DEBUG org.hibernate.engine.transaction.internal.TransactionImpl - begin
10:24:45.805 [main] DEBUG org.hibernate.orm.sql.ast.create - Created new SQL alias : s1_0
10:24:45.805 [main] DEBUG org.hibernate.orm.sql.ast.create - Registration of TableGroup [StandardTableGroup(org.frcpm.models.Subteam)] with identifierForTableGroup [org.frcpm.models.Subteam] for NavigablePath [org.frcpm.models.Subteam] 
10:24:45.805 [main] DEBUG org.hibernate.orm.sql.ast.create - Created new SQL alias : m1_0
10:24:45.805 [main] DEBUG org.hibernate.orm.sql.ast.create - Registration of TableGroup [org.hibernate.sql.ast.tree.from.OneToManyTableGroup@6e702382] with identifierForTableGroup [org.frcpm.models.Subteam.members] for NavigablePath [org.frcpm.models.Subteam.members] 
10:24:45.805 [main] DEBUG org.hibernate.orm.sql.ast.create - Registration of TableGroup [StandardTableGroup(org.frcpm.models.Subteam.members.{element})] with identifierForTableGroup [org.frcpm.models.Subteam.members.{element}] for NavigablePath [org.frcpm.models.Subteam.members.{element}] 
10:24:45.805 [main] DEBUG org.hibernate.orm.results.graph.AST - DomainResult Graph:
 \-EntityResultImpl [org.frcpm.models.Subteam]
 |  +-BasicFetch [org.frcpm.models.Subteam.colorCode]
 |  +-EagerCollectionFetch [org.frcpm.models.Subteam.members]
 |  |  \-EntityFetchJoinedImpl [org.frcpm.models.Subteam.members.{element}]
 |  +-BasicFetch [org.frcpm.models.Subteam.name]
 |  +-BasicFetch [org.frcpm.models.Subteam.specialties]
 |  \-DelayedCollectionFetch [org.frcpm.models.Subteam.subsystems]

10:24:45.805 [main] DEBUG org.hibernate.orm.sql.ast.tree - SQL AST Tree:
    SelectStatement {
      FromClause {
        StandardTableGroup (s1 : org.frcpm.models.Subteam) {
          primaryTableReference : subteams as s1_0
          TableGroupJoins {
            left  join OneToManyTableGroup (m1 : org.frcpm.models.Subteam.members) {
              primaryTableReference : team_members as m1_0
            }
          }
        }
      }
    }

10:24:45.805 [main] DEBUG org.hibernate.orm.sql.exec - Skipping reading Query result cache data: cache-enabled = false, cache-mode = IGNORE
10:24:45.806 [main] DEBUG org.hibernate.orm.results - Initializer list:
	  org.frcpm.models.Subteam.members.{element}.assignedTasks -> DelayedCollectionInitializer(org.frcpm.models.Subteam.members.{element}.assignedTasks)@108547759 (PluralAttribute(org.frcpm.models.TeamMember.assignedTasks))
	  org.frcpm.models.Subteam.members.{element} -> EntityJoinedFetchInitializer(org.frcpm.models.Subteam.members.{element})@1079327845 (EntityCollectionPart(org.frcpm.models.Subteam.members#{element})@802585566)
	  org.frcpm.models.Subteam.members -> BagInitializer(org.frcpm.models.Subteam.members)@1788689140 (PluralAttribute(org.frcpm.models.Subteam.members))
	  org.frcpm.models.Subteam.members.{element}.attendances -> SelectEagerCollectionInitializer(org.frcpm.models.Subteam.members.{element}.attendances)@785652798 (PluralAttribute(org.frcpm.models.TeamMember.attendances))
	  org.frcpm.models.Subteam.subsystems -> DelayedCollectionInitializer(org.frcpm.models.Subteam.subsystems)@1191947157 (PluralAttribute(org.frcpm.models.Subteam.subsystems))
	  org.frcpm.models.Subteam -> EntityResultInitializer(org.frcpm.models.Subteam)@1537159201 (SingleTableEntityPersister(org.frcpm.models.Subteam))

10:24:45.806 [main] DEBUG org.hibernate.SQL - select s1_0.id,s1_0.color_code,s1_0.name,s1_0.specialties,m1_0.subteam_id,m1_0.id,m1_0.email,m1_0.first_name,m1_0.last_name,m1_0.is_leader,m1_0.phone,m1_0.skills,m1_0.username from subteams s1_0 left join team_members m1_0 on s1_0.id=m1_0.subteam_id where s1_0.id=?
10:24:45.806 [main] DEBUG org.hibernate.orm.results.loading.entity - (EntityResultInitializer) Hydrated EntityKey (org.frcpm.models.Subteam): 130
10:24:45.806 [main] DEBUG org.hibernate.orm.results.loading.org.hibernate.orm.results.loading.collection - (BagInitializer) Current row collection key : org.frcpm.models.Subteam.members#130
10:24:45.806 [main] DEBUG org.hibernate.orm.results - Extracted JDBC value [4] - [null]
10:24:45.806 [main] DEBUG org.hibernate.orm.results - Extracted JDBC value [5] - [null]
10:24:45.806 [main] DEBUG org.hibernate.orm.results.loading.entity - (EntityJoinedFetchInitializer) EntityKey (org.frcpm.models.Subteam.members.{element}) is null
10:24:45.806 [main] DEBUG org.hibernate.orm.results.loading.org.hibernate.orm.results.loading.collection - (DelayedCollectionInitializer) Current row collection key : org.frcpm.models.Subteam.subsystems#130
10:24:45.806 [main] DEBUG org.hibernate.orm.results.loading.entity - (EntityResultInitializer) Created new entity instance [org.frcpm.models.Subteam#130] : 1277192127
10:24:45.806 [main] DEBUG org.hibernate.orm.results.loading.org.hibernate.orm.results.loading.collection - (BagInitializer) Created new collection wrapper [org.frcpm.models.Subteam.members#130] : org.hibernate.collection.spi.PersistentBag@1855739938
10:24:45.806 [main] DEBUG org.hibernate.orm.results.loading.org.hibernate.orm.results.loading.collection - (BagInitializer) Responsible for loading collection [org.frcpm.models.Subteam.members#130] : org.hibernate.collection.spi.PersistentBag@1855739938
10:24:45.806 [main] DEBUG org.hibernate.orm.results - Extracted JDBC value [1] - [#0000FF]
10:24:45.806 [main] DEBUG org.hibernate.orm.results - Extracted JDBC value [2] - [Test Delete Subteam]
10:24:45.806 [main] DEBUG org.hibernate.orm.results - Extracted JDBC value [3] - [null]
10:24:45.806 [main] DEBUG org.hibernate.orm.results.loading.entity - (EntityResultInitializer) Done materializing entityInstance : org.frcpm.models.Subteam#130
10:24:45.806 [main] DEBUG org.hibernate.orm.results.loading - Calling top-level assembler (0 / 1) : org.hibernate.sql.results.graph.entity.internal.EntityAssembler@3ee17a94
10:24:45.806 [main] DEBUG org.hibernate.sql.results.internal.ResultsHelper - Collection fully initialized: [org.frcpm.models.Subteam.members#130]
10:24:45.807 [main] DEBUG org.hibernate.engine.spi.CollectionEntry - Reset storedSnapshot to [] for CollectionEntry[org.frcpm.models.Subteam.members#130]
10:24:45.807 [main] DEBUG org.hibernate.engine.spi.CollectionEntry - Reset storedSnapshot to [] for CollectionEntry[org.frcpm.models.Subteam.subsystems#130]
10:24:45.807 [main] DEBUG org.hibernate.engine.transaction.internal.TransactionImpl - committing
10:24:45.807 [main] DEBUG org.hibernate.event.internal.AbstractFlushingEventListener - Processing flush-time cascades
10:24:45.807 [main] DEBUG org.hibernate.event.internal.AbstractFlushingEventListener - Dirty checking collections
10:24:45.807 [main] DEBUG org.hibernate.engine.internal.Collections - Collection dereferenced: [org.frcpm.models.Subteam.members#130]
10:24:45.807 [main] DEBUG org.hibernate.engine.internal.Collections - Collection dereferenced: [org.frcpm.models.Subteam.subsystems#130]
10:24:45.807 [main] DEBUG org.hibernate.event.internal.AbstractFlushingEventListener - Flushed: 0 insertions, 0 updates, 1 deletions to 1 objects
10:24:45.807 [main] DEBUG org.hibernate.event.internal.AbstractFlushingEventListener - Flushed: 0 (re)creations, 0 updates, 2 removals to 2 collections
10:24:45.807 [main] DEBUG org.hibernate.internal.util.EntityPrinter - Listing entities:
10:24:45.807 [main] DEBUG org.hibernate.internal.util.EntityPrinter - org.frcpm.models.Subteam{specialties=null, members=[], name=Test Delete Subteam, colorCode=#0000FF, id=130, subsystems=<uninitialized>}
10:24:45.807 [main] DEBUG org.hibernate.SQL - delete from subteams where id=?
10:24:45.807 [main] DEBUG org.hibernate.orm.jdbc.batch - PreparedStatementDetails did not contain PreparedStatement on #releaseStatements : delete from subteams where id=?
10:24:45.807 [main] DEBUG org.hibernate.orm.jdbc.batch - PreparedStatementDetails did not contain PreparedStatement on #releaseStatements : delete from subteams where id=?
10:24:45.807 [main] DEBUG org.hibernate.resource.jdbc.internal.LogicalConnectionManagedImpl - Initiating JDBC connection release from afterTransaction
10:24:45.807 [main] DEBUG org.hibernate.orm.jdbc.batch - PreparedStatementDetails did not contain PreparedStatement on #releaseStatements : delete from subteams where id=?
10:24:45.808 [main] DEBUG org.hibernate.orm.jdbc.batch - PreparedStatementDetails did not contain PreparedStatement on #releaseStatements : delete from subteams where id=?
10:24:45.808 [main] DEBUG org.hibernate.resource.jdbc.internal.LogicalConnectionManagedImpl - Initiating JDBC connection release from afterTransaction
10:24:45.808 [main] DEBUG org.hibernate.engine.jdbc.internal.JdbcCoordinatorImpl - HHH000420: Closing un-released batch
10:24:45.808 [main] DEBUG org.hibernate.orm.jdbc.batch - PreparedStatementDetails did not contain PreparedStatement on #releaseStatements : delete from subteams where id=?
10:24:45.808 [main] DEBUG org.hibernate.orm.jdbc.batch - PreparedStatementDetails did not contain PreparedStatement on #releaseStatements : delete from subteams where id=?
10:24:45.808 [main] DEBUG org.hibernate.orm.sql.exec - Skipping reading Query result cache data: cache-enabled = false, cache-mode = IGNORE
10:24:45.808 [main] DEBUG org.hibernate.orm.results - Initializer list:
	  org.frcpm.models.Subteam.members -> DelayedCollectionInitializer(org.frcpm.models.Subteam.members)@2112025636 (PluralAttribute(org.frcpm.models.Subteam.members))
	  org.frcpm.models.Subteam.subsystems -> DelayedCollectionInitializer(org.frcpm.models.Subteam.subsystems)@452425919 (PluralAttribute(org.frcpm.models.Subteam.subsystems))
	  org.frcpm.models.Subteam -> EntityResultInitializer(org.frcpm.models.Subteam)@796361903 (SingleTableEntityPersister(org.frcpm.models.Subteam))

10:24:45.808 [main] DEBUG org.hibernate.SQL - select s1_0.id,s1_0.color_code,s1_0.name,s1_0.specialties from subteams s1_0 where s1_0.id=?
10:24:45.808 [main] DEBUG org.hibernate.resource.jdbc.internal.LogicalConnectionManagedImpl - Initiating JDBC connection release from afterTransaction
10:24:45.809 [main] DEBUG org.hibernate.orm.sql.ast.create - Created new SQL alias : s1_0
10:24:45.809 [main] DEBUG org.hibernate.orm.sql.ast.create - Registration of TableGroup [StandardTableGroup(org.frcpm.models.Subteam(959702096792200))] with identifierForTableGroup [org.frcpm.models.Subteam] for NavigablePath [org.frcpm.models.Subteam] 
10:24:45.809 [main] DEBUG org.hibernate.orm.results.graph.AST - DomainResult Graph:
 \-EntityResultImpl [org.frcpm.models.Subteam(959702096792200)]
 |  +-BasicFetch [org.frcpm.models.Subteam(959702096792200).colorCode]
 |  +-DelayedCollectionFetch [org.frcpm.models.Subteam(959702096792200).members]
 |  +-BasicFetch [org.frcpm.models.Subteam(959702096792200).name]
 |  +-BasicFetch [org.frcpm.models.Subteam(959702096792200).specialties]
 |  \-DelayedCollectionFetch [org.frcpm.models.Subteam(959702096792200).subsystems]

10:24:45.809 [main] DEBUG org.hibernate.orm.sql.ast.tree - SQL AST Tree:
    SelectStatement {
      FromClause {
        StandardTableGroup (s1 : org.frcpm.models.Subteam(959702096792200)) {
          primaryTableReference : subteams as s1_0
        }
      }
    }

10:24:45.809 [main] DEBUG org.hibernate.orm.sql.exec - Skipping reading Query result cache data: cache-enabled = false, cache-mode = NORMAL
10:24:45.809 [main] DEBUG org.hibernate.orm.results - Initializer list:
	  org.frcpm.models.Subteam(959702096792200) -> EntityResultInitializer(org.frcpm.models.Subteam(959702096792200))@1863373339 (SingleTableEntityPersister(org.frcpm.models.Subteam))
	  org.frcpm.models.Subteam(959702096792200).members -> DelayedCollectionInitializer(org.frcpm.models.Subteam(959702096792200).members)@570170394 (PluralAttribute(org.frcpm.models.Subteam.members))
	  org.frcpm.models.Subteam(959702096792200).subsystems -> DelayedCollectionInitializer(org.frcpm.models.Subteam(959702096792200).subsystems)@1485826987 (PluralAttribute(org.frcpm.models.Subteam.subsystems))

10:24:45.810 [main] DEBUG org.hibernate.SQL - select s1_0.id,s1_0.color_code,s1_0.name,s1_0.specialties from subteams s1_0
10:24:45.810 [main] DEBUG org.hibernate.orm.results - Extracted JDBC value [0] - [1]
10:24:45.810 [main] DEBUG org.hibernate.orm.results.loading.entity - (EntityResultInitializer) Hydrated EntityKey (org.frcpm.models.Subteam(959702096792200)): 1
10:24:45.810 [main] DEBUG org.hibernate.orm.results.loading.org.hibernate.orm.results.loading.collection - (DelayedCollectionInitializer) Current row collection key : org.frcpm.models.Subteam(959702096792200).members#1
10:24:45.810 [main] DEBUG org.hibernate.orm.results.loading.org.hibernate.orm.results.loading.collection - (DelayedCollectionInitializer) Current row collection key : org.frcpm.models.Subteam(959702096792200).subsystems#1
10:24:45.810 [main] DEBUG org.hibernate.orm.results.loading.entity - (EntityResultInitializer) Created new entity instance [org.frcpm.models.Subteam(959702096792200)#1] : 268574450
10:24:45.810 [main] DEBUG org.hibernate.orm.results - Extracted JDBC value [1] - [#FF5733]
10:24:45.810 [main] DEBUG org.hibernate.orm.results - Extracted JDBC value [2] - [Mechanical]
10:24:45.810 [main] DEBUG org.hibernate.orm.results - Extracted JDBC value [3] - [Design, CAD, Fabrication, Assembly]
10:24:45.810 [main] DEBUG org.hibernate.orm.results.loading.entity - (EntityResultInitializer) Done materializing entityInstance : org.frcpm.models.Subteam(959702096792200)#1
10:24:45.810 [main] DEBUG org.hibernate.orm.results.loading - Calling top-level assembler (0 / 1) : org.hibernate.sql.results.graph.entity.internal.EntityAssembler@12d3d886
10:24:45.810 [main] DEBUG org.hibernate.orm.results - Extracted JDBC value [0] - [2]
10:24:45.810 [main] DEBUG org.hibernate.orm.results.loading.entity - (EntityResultInitializer) Hydrated EntityKey (org.frcpm.models.Subteam(959702096792200)): 2
10:24:45.810 [main] DEBUG org.hibernate.orm.results.loading.org.hibernate.orm.results.loading.collection - (DelayedCollectionInitializer) Current row collection key : org.frcpm.models.Subteam(959702096792200).members#2
10:24:45.810 [main] DEBUG org.hibernate.orm.results.loading.org.hibernate.orm.results.loading.collection - (DelayedCollectionInitializer) Current row collection key : org.frcpm.models.Subteam(959702096792200).subsystems#2
10:24:45.810 [main] DEBUG org.hibernate.orm.results.loading.entity - (EntityResultInitializer) Created new entity instance [org.frcpm.models.Subteam(959702096792200)#2] : 304525728
10:24:45.810 [main] DEBUG org.hibernate.orm.results - Extracted JDBC value [1] - [#33A8FF]
10:24:45.810 [main] DEBUG org.hibernate.orm.results - Extracted JDBC value [2] - [Electrical]
10:24:45.810 [main] DEBUG org.hibernate.orm.results - Extracted JDBC value [3] - [Wiring, Electronics, Sensors, Power Systems]
10:24:45.810 [main] DEBUG org.hibernate.orm.results.loading.entity - (EntityResultInitializer) Done materializing entityInstance : org.frcpm.models.Subteam(959702096792200)#2
10:24:45.810 [main] DEBUG org.hibernate.orm.results.loading - Calling top-level assembler (0 / 1) : org.hibernate.sql.results.graph.entity.internal.EntityAssembler@12d3d886
10:24:45.810 [main] DEBUG org.hibernate.orm.results - Extracted JDBC value [0] - [3]
10:24:45.810 [main] DEBUG org.hibernate.orm.results.loading.entity - (EntityResultInitializer) Hydrated EntityKey (org.frcpm.models.Subteam(959702096792200)): 3
10:24:45.810 [main] DEBUG org.hibernate.orm.results.loading.org.hibernate.orm.results.loading.collection - (DelayedCollectionInitializer) Current row collection key : org.frcpm.models.Subteam(959702096792200).members#3
10:24:45.810 [main] DEBUG org.hibernate.orm.results.loading.org.hibernate.orm.results.loading.collection - (DelayedCollectionInitializer) Current row collection key : org.frcpm.models.Subteam(959702096792200).subsystems#3
10:24:45.810 [main] DEBUG org.hibernate.orm.results.loading.entity - (EntityResultInitializer) Created new entity instance [org.frcpm.models.Subteam(959702096792200)#3] : 929775316
10:24:45.810 [main] DEBUG org.hibernate.orm.results - Extracted JDBC value [1] - [#33FF57]
10:24:45.810 [main] DEBUG org.hibernate.orm.results - Extracted JDBC value [2] - [Programming]
10:24:45.810 [main] DEBUG org.hibernate.orm.results - Extracted JDBC value [3] - [Java, Vision, Control Systems, Autonomous]
10:24:45.810 [main] DEBUG org.hibernate.orm.results.loading.entity - (EntityResultInitializer) Done materializing entityInstance : org.frcpm.models.Subteam(959702096792200)#3
10:24:45.810 [main] DEBUG org.hibernate.orm.results.loading - Calling top-level assembler (0 / 1) : org.hibernate.sql.results.graph.entity.internal.EntityAssembler@12d3d886
10:24:45.810 [main] DEBUG org.hibernate.orm.results - Extracted JDBC value [0] - [4]
10:24:45.810 [main] DEBUG org.hibernate.orm.results.loading.entity - (EntityResultInitializer) Hydrated EntityKey (org.frcpm.models.Subteam(959702096792200)): 4
10:24:45.810 [main] DEBUG org.hibernate.orm.results.loading.org.hibernate.orm.results.loading.collection - (DelayedCollectionInitializer) Current row collection key : org.frcpm.models.Subteam(959702096792200).members#4
10:24:45.810 [main] DEBUG org.hibernate.orm.results.loading.org.hibernate.orm.results.loading.collection - (DelayedCollectionInitializer) Current row collection key : org.frcpm.models.Subteam(959702096792200).subsystems#4
10:24:45.810 [main] DEBUG org.hibernate.orm.results.loading.entity - (EntityResultInitializer) Created new entity instance [org.frcpm.models.Subteam(959702096792200)#4] : 655728230
10:24:45.810 [main] DEBUG org.hibernate.orm.results - Extracted JDBC value [1] - [#FF33A8]
10:24:45.810 [main] DEBUG org.hibernate.orm.results - Extracted JDBC value [2] - [Business]
10:24:45.810 [main] DEBUG org.hibernate.orm.results - Extracted JDBC value [3] - [Fundraising, Marketing, Outreach, Awards]
10:24:45.810 [main] DEBUG org.hibernate.orm.results.loading.entity - (EntityResultInitializer) Done materializing entityInstance : org.frcpm.models.Subteam(959702096792200)#4
10:24:45.810 [main] DEBUG org.hibernate.orm.results.loading - Calling top-level assembler (0 / 1) : org.hibernate.sql.results.graph.entity.internal.EntityAssembler@12d3d886
10:24:45.810 [main] DEBUG org.hibernate.orm.results - Extracted JDBC value [0] - [24]
10:24:45.810 [main] DEBUG org.hibernate.orm.results.loading.entity - (EntityResultInitializer) Hydrated EntityKey (org.frcpm.models.Subteam(959702096792200)): 24
10:24:45.810 [main] DEBUG org.hibernate.orm.results.loading.org.hibernate.orm.results.loading.collection - (DelayedCollectionInitializer) Current row collection key : org.frcpm.models.Subteam(959702096792200).members#24
10:24:45.810 [main] DEBUG org.hibernate.orm.results.loading.org.hibernate.orm.results.loading.collection - (DelayedCollectionInitializer) Current row collection key : org.frcpm.models.Subteam(959702096792200).subsystems#24
10:24:45.810 [main] DEBUG org.hibernate.orm.results.loading.entity - (EntityResultInitializer) Created new entity instance [org.frcpm.models.Subteam(959702096792200)#24] : 257195971
10:24:45.810 [main] DEBUG org.hibernate.orm.results - Extracted JDBC value [1] - [#0000FF]
10:24:45.810 [main] DEBUG org.hibernate.orm.results - Extracted JDBC value [2] - [Test Count Subteam]
10:24:45.810 [main] DEBUG org.hibernate.orm.results - Extracted JDBC value [3] - [null]
10:24:45.810 [main] DEBUG org.hibernate.orm.results.loading.entity - (EntityResultInitializer) Done materializing entityInstance : org.frcpm.models.Subteam(959702096792200)#24
10:24:45.810 [main] DEBUG org.hibernate.orm.results.loading - Calling top-level assembler (0 / 1) : org.hibernate.sql.results.graph.entity.internal.EntityAssembler@12d3d886
10:24:45.810 [main] DEBUG org.hibernate.orm.results - Extracted JDBC value [0] - [27]
10:24:45.810 [main] DEBUG org.hibernate.orm.results.loading.entity - (EntityResultInitializer) Hydrated EntityKey (org.frcpm.models.Subteam(959702096792200)): 27
10:24:45.810 [main] DEBUG org.hibernate.orm.results.loading.org.hibernate.orm.results.loading.collection - (DelayedCollectionInitializer) Current row collection key : org.frcpm.models.Subteam(959702096792200).members#27
10:24:45.810 [main] DEBUG org.hibernate.orm.results.loading.org.hibernate.orm.results.loading.collection - (DelayedCollectionInitializer) Current row collection key : org.frcpm.models.Subteam(959702096792200).subsystems#27
10:24:45.810 [main] DEBUG org.hibernate.orm.results.loading.entity - (EntityResultInitializer) Created new entity instance [org.frcpm.models.Subteam(959702096792200)#27] : 1432100992
10:24:45.810 [main] DEBUG org.hibernate.orm.results - Extracted JDBC value [1] - [#0000FF]
10:24:45.810 [main] DEBUG org.hibernate.orm.results - Extracted JDBC value [2] - [Test Save Subteam]
10:24:45.810 [main] DEBUG org.hibernate.orm.results - Extracted JDBC value [3] - [Testing]
10:24:45.810 [main] DEBUG org.hibernate.orm.results.loading.entity - (EntityResultInitializer) Done materializing entityInstance : org.frcpm.models.Subteam(959702096792200)#27
10:24:45.810 [main] DEBUG org.hibernate.orm.results.loading - Calling top-level assembler (0 / 1) : org.hibernate.sql.results.graph.entity.internal.EntityAssembler@12d3d886
10:24:45.810 [main] DEBUG org.hibernate.orm.results - Extracted JDBC value [0] - [42]
10:24:45.810 [main] DEBUG org.hibernate.orm.results.loading.entity - (EntityResultInitializer) Hydrated EntityKey (org.frcpm.models.Subteam(959702096792200)): 42
10:24:45.810 [main] DEBUG org.hibernate.orm.results.loading.org.hibernate.orm.results.loading.collection - (DelayedCollectionInitializer) Current row collection key : org.frcpm.models.Subteam(959702096792200).members#42
10:24:45.810 [main] DEBUG org.hibernate.orm.results.loading.org.hibernate.orm.results.loading.collection - (DelayedCollectionInitializer) Current row collection key : org.frcpm.models.Subteam(959702096792200).subsystems#42
10:24:45.810 [main] DEBUG org.hibernate.orm.results.loading.entity - (EntityResultInitializer) Created new entity instance [org.frcpm.models.Subteam(959702096792200)#42] : 785741766
10:24:45.810 [main] DEBUG org.hibernate.orm.results - Extracted JDBC value [1] - [#00FFFF]
10:24:45.810 [main] DEBUG org.hibernate.orm.results - Extracted JDBC value [2] - [Updated Subteam Name]
10:24:45.810 [main] DEBUG org.hibernate.orm.results - Extracted JDBC value [3] - [null]
10:24:45.810 [main] DEBUG org.hibernate.orm.results.loading.entity - (EntityResultInitializer) Done materializing entityInstance : org.frcpm.models.Subteam(959702096792200)#42
10:24:45.810 [main] DEBUG org.hibernate.orm.results.loading - Calling top-level assembler (0 / 1) : org.hibernate.sql.results.graph.entity.internal.EntityAssembler@12d3d886
10:24:45.810 [main] DEBUG org.hibernate.orm.results - Extracted JDBC value [0] - [67]
10:24:45.810 [main] DEBUG org.hibernate.orm.results.loading.entity - (EntityResultInitializer) Hydrated EntityKey (org.frcpm.models.Subteam(959702096792200)): 67
10:24:45.810 [main] DEBUG org.hibernate.orm.results.loading.org.hibernate.orm.results.loading.collection - (DelayedCollectionInitializer) Current row collection key : org.frcpm.models.Subteam(959702096792200).members#67
10:24:45.810 [main] DEBUG org.hibernate.orm.results.loading.org.hibernate.orm.results.loading.collection - (DelayedCollectionInitializer) Current row collection key : org.frcpm.models.Subteam(959702096792200).subsystems#67
10:24:45.810 [main] DEBUG org.hibernate.orm.results.loading.entity - (EntityResultInitializer) Created new entity instance [org.frcpm.models.Subteam(959702096792200)#67] : 1313942542
10:24:45.810 [main] DEBUG org.hibernate.orm.results - Extracted JDBC value [1] - [#0000FF]
10:24:45.810 [main] DEBUG org.hibernate.orm.results - Extracted JDBC value [2] - [Test Create Service Subteam]
10:24:45.810 [main] DEBUG org.hibernate.orm.results - Extracted JDBC value [3] - [Testing, Quality Assurance]
10:24:45.810 [main] DEBUG org.hibernate.orm.results.loading.entity - (EntityResultInitializer) Done materializing entityInstance : org.frcpm.models.Subteam(959702096792200)#67
10:24:45.810 [main] DEBUG org.hibernate.orm.results.loading - Calling top-level assembler (0 / 1) : org.hibernate.sql.results.graph.entity.internal.EntityAssembler@12d3d886
10:24:45.810 [main] DEBUG org.hibernate.orm.results - Extracted JDBC value [0] - [70]
10:24:45.810 [main] DEBUG org.hibernate.orm.results.loading.entity - (EntityResultInitializer) Hydrated EntityKey (org.frcpm.models.Subteam(959702096792200)): 70
10:24:45.810 [main] DEBUG org.hibernate.orm.results.loading.org.hibernate.orm.results.loading.collection - (DelayedCollectionInitializer) Current row collection key : org.frcpm.models.Subteam(959702096792200).members#70
10:24:45.810 [main] DEBUG org.hibernate.orm.results.loading.org.hibernate.orm.results.loading.collection - (DelayedCollectionInitializer) Current row collection key : org.frcpm.models.Subteam(959702096792200).subsystems#70
10:24:45.810 [main] DEBUG org.hibernate.orm.results.loading.entity - (EntityResultInitializer) Created new entity instance [org.frcpm.models.Subteam(959702096792200)#70] : 583850775
10:24:45.810 [main] DEBUG org.hibernate.orm.results - Extracted JDBC value [1] - [#00FFFF]
10:24:45.810 [main] DEBUG org.hibernate.orm.results - Extracted JDBC value [2] - [Test Color Update Subteam]
10:24:45.810 [main] DEBUG org.hibernate.orm.results - Extracted JDBC value [3] - [Specialties]
10:24:45.810 [main] DEBUG org.hibernate.orm.results.loading.entity - (EntityResultInitializer) Done materializing entityInstance : org.frcpm.models.Subteam(959702096792200)#70
10:24:45.810 [main] DEBUG org.hibernate.orm.results.loading - Calling top-level assembler (0 / 1) : org.hibernate.sql.results.graph.entity.internal.EntityAssembler@12d3d886
10:24:45.810 [main] DEBUG org.hibernate.orm.results - Extracted JDBC value [0] - [79]
10:24:45.810 [main] DEBUG org.hibernate.orm.results.loading.entity - (EntityResultInitializer) Hydrated EntityKey (org.frcpm.models.Subteam(959702096792200)): 79
10:24:45.810 [main] DEBUG org.hibernate.orm.results.loading.org.hibernate.orm.results.loading.collection - (DelayedCollectionInitializer) Current row collection key : org.frcpm.models.Subteam(959702096792200).members#79
10:24:45.810 [main] DEBUG org.hibernate.orm.results.loading.org.hibernate.orm.results.loading.collection - (DelayedCollectionInitializer) Current row collection key : org.frcpm.models.Subteam(959702096792200).subsystems#79
10:24:45.810 [main] DEBUG org.hibernate.orm.results.loading.entity - (EntityResultInitializer) Created new entity instance [org.frcpm.models.Subteam(959702096792200)#79] : 1205855298
10:24:45.810 [main] DEBUG org.hibernate.orm.results - Extracted JDBC value [1] - [#0000FF]
10:24:45.810 [main] DEBUG org.hibernate.orm.results - Extracted JDBC value [2] - [Test Update Subteam]
10:24:45.810 [main] DEBUG org.hibernate.orm.results - Extracted JDBC value [3] - [Updated Specialties]
10:24:45.810 [main] DEBUG org.hibernate.orm.results.loading.entity - (EntityResultInitializer) Done materializing entityInstance : org.frcpm.models.Subteam(959702096792200)#79
10:24:45.810 [main] DEBUG org.hibernate.orm.results.loading - Calling top-level assembler (0 / 1) : org.hibernate.sql.results.graph.entity.internal.EntityAssembler@12d3d886
10:24:45.810 [main] DEBUG org.hibernate.orm.results - Extracted JDBC value [0] - [87]
10:24:45.810 [main] DEBUG org.hibernate.orm.results.loading.entity - (EntityResultInitializer) Hydrated EntityKey (org.frcpm.models.Subteam(959702096792200)): 87
10:24:45.810 [main] DEBUG org.hibernate.orm.results.loading.org.hibernate.orm.results.loading.collection - (DelayedCollectionInitializer) Current row collection key : org.frcpm.models.Subteam(959702096792200).members#87
10:24:45.810 [main] DEBUG org.hibernate.orm.results.loading.org.hibernate.orm.results.loading.collection - (DelayedCollectionInitializer) Current row collection key : org.frcpm.models.Subteam(959702096792200).subsystems#87
10:24:45.810 [main] DEBUG org.hibernate.orm.results.loading.entity - (EntityResultInitializer) Created new entity instance [org.frcpm.models.Subteam(959702096792200)#87] : 101338589
10:24:45.810 [main] DEBUG org.hibernate.orm.results - Extracted JDBC value [1] - [#0000FF]
10:24:45.810 [main] DEBUG org.hibernate.orm.results - Extracted JDBC value [2] - [Duplicate Name Subteam]
10:24:45.810 [main] DEBUG org.hibernate.orm.results - Extracted JDBC value [3] - [Specialties]
10:24:45.810 [main] DEBUG org.hibernate.orm.results.loading.entity - (EntityResultInitializer) Done materializing entityInstance : org.frcpm.models.Subteam(959702096792200)#87
10:24:45.810 [main] DEBUG org.hibernate.orm.results.loading - Calling top-level assembler (0 / 1) : org.hibernate.sql.results.graph.entity.internal.EntityAssembler@12d3d886
10:24:45.810 [main] DEBUG org.hibernate.orm.results - Extracted JDBC value [0] - [115]
10:24:45.810 [main] DEBUG org.hibernate.orm.results.loading.entity - (EntityResultInitializer) Hydrated EntityKey (org.frcpm.models.Subteam(959702096792200)): 115
10:24:45.810 [main] DEBUG org.hibernate.orm.results.loading.org.hibernate.orm.results.loading.collection - (DelayedCollectionInitializer) Current row collection key : org.frcpm.models.Subteam(959702096792200).members#115
10:24:45.810 [main] DEBUG org.hibernate.orm.results.loading.org.hibernate.orm.results.loading.collection - (DelayedCollectionInitializer) Current row collection key : org.frcpm.models.Subteam(959702096792200).subsystems#115
10:24:45.810 [main] DEBUG org.hibernate.orm.results.loading.entity - (EntityResultInitializer) Created new entity instance [org.frcpm.models.Subteam(959702096792200)#115] : 1509130336
10:24:45.810 [main] DEBUG org.hibernate.orm.results - Extracted JDBC value [1] - [#0000FF]
10:24:45.810 [main] DEBUG org.hibernate.orm.results - Extracted JDBC value [2] - [Test Count Subteam]
10:24:45.810 [main] DEBUG org.hibernate.orm.results - Extracted JDBC value [3] - [null]
10:24:45.811 [main] DEBUG org.hibernate.orm.results.loading.entity - (EntityResultInitializer) Done materializing entityInstance : org.frcpm.models.Subteam(959702096792200)#115
10:24:45.811 [main] DEBUG org.hibernate.orm.results.loading - Calling top-level assembler (0 / 1) : org.hibernate.sql.results.graph.entity.internal.EntityAssembler@12d3d886
10:24:45.811 [main] DEBUG org.hibernate.orm.results - Extracted JDBC value [0] - [118]
10:24:45.811 [main] DEBUG org.hibernate.orm.results.loading.entity - (EntityResultInitializer) Hydrated EntityKey (org.frcpm.models.Subteam(959702096792200)): 118
10:24:45.811 [main] DEBUG org.hibernate.orm.results.loading.org.hibernate.orm.results.loading.collection - (DelayedCollectionInitializer) Current row collection key : org.frcpm.models.Subteam(959702096792200).members#118
10:24:45.811 [main] DEBUG org.hibernate.orm.results.loading.org.hibernate.orm.results.loading.collection - (DelayedCollectionInitializer) Current row collection key : org.frcpm.models.Subteam(959702096792200).subsystems#118
10:24:45.811 [main] DEBUG org.hibernate.orm.results.loading.entity - (EntityResultInitializer) Created new entity instance [org.frcpm.models.Subteam(959702096792200)#118] : 122216009
10:24:45.811 [main] DEBUG org.hibernate.orm.results - Extracted JDBC value [1] - [#0000FF]
10:24:45.811 [main] DEBUG org.hibernate.orm.results - Extracted JDBC value [2] - [Test Save Subteam]
10:24:45.811 [main] DEBUG org.hibernate.orm.results - Extracted JDBC value [3] - [Testing]
10:24:45.811 [main] DEBUG org.hibernate.orm.results.loading.entity - (EntityResultInitializer) Done materializing entityInstance : org.frcpm.models.Subteam(959702096792200)#118
10:24:45.811 [main] DEBUG org.hibernate.orm.results.loading - Calling top-level assembler (0 / 1) : org.hibernate.sql.results.graph.entity.internal.EntityAssembler@12d3d886
10:24:45.811 [main] DEBUG org.hibernate.orm.results - Extracted JDBC value [0] - [128]
10:24:45.811 [main] DEBUG org.hibernate.orm.results.loading.entity - (EntityResultInitializer) Hydrated EntityKey (org.frcpm.models.Subteam(959702096792200)): 128
10:24:45.811 [main] DEBUG org.hibernate.orm.results.loading.org.hibernate.orm.results.loading.collection - (DelayedCollectionInitializer) Current row collection key : org.frcpm.models.Subteam(959702096792200).members#128
10:24:45.811 [main] DEBUG org.hibernate.orm.results.loading.org.hibernate.orm.results.loading.collection - (DelayedCollectionInitializer) Current row collection key : org.frcpm.models.Subteam(959702096792200).subsystems#128
10:24:45.811 [main] DEBUG org.hibernate.orm.results.loading.entity - (EntityResultInitializer) Created new entity instance [org.frcpm.models.Subteam(959702096792200)#128] : 1897440617
10:24:45.811 [main] DEBUG org.hibernate.orm.results - Extracted JDBC value [1] - [#FF0000]
10:24:45.811 [main] DEBUG org.hibernate.orm.results - Extracted JDBC value [2] - [Test Subteam 1]
10:24:45.811 [main] DEBUG org.hibernate.orm.results - Extracted JDBC value [3] - [Java, Programming, Controls]
10:24:45.811 [main] DEBUG org.hibernate.orm.results.loading.entity - (EntityResultInitializer) Done materializing entityInstance : org.frcpm.models.Subteam(959702096792200)#128
10:24:45.811 [main] DEBUG org.hibernate.orm.results.loading - Calling top-level assembler (0 / 1) : org.hibernate.sql.results.graph.entity.internal.EntityAssembler@12d3d886
10:24:45.811 [main] DEBUG org.hibernate.orm.results - Extracted JDBC value [0] - [129]
10:24:45.811 [main] DEBUG org.hibernate.orm.results.loading.entity - (EntityResultInitializer) Hydrated EntityKey (org.frcpm.models.Subteam(959702096792200)): 129
10:24:45.811 [main] DEBUG org.hibernate.orm.results.loading.org.hibernate.orm.results.loading.collection - (DelayedCollectionInitializer) Current row collection key : org.frcpm.models.Subteam(959702096792200).members#129
10:24:45.811 [main] DEBUG org.hibernate.orm.results.loading.org.hibernate.orm.results.loading.collection - (DelayedCollectionInitializer) Current row collection key : org.frcpm.models.Subteam(959702096792200).subsystems#129
10:24:45.811 [main] DEBUG org.hibernate.orm.results.loading.entity - (EntityResultInitializer) Created new entity instance [org.frcpm.models.Subteam(959702096792200)#129] : 207286170
10:24:45.811 [main] DEBUG org.hibernate.orm.results - Extracted JDBC value [1] - [#00FF00]
10:24:45.811 [main] DEBUG org.hibernate.orm.results - Extracted JDBC value [2] - [Test Subteam 2]
10:24:45.811 [main] DEBUG org.hibernate.orm.results - Extracted JDBC value [3] - [CAD, Design, Fabrication]
10:24:45.811 [main] DEBUG org.hibernate.orm.results.loading.entity - (EntityResultInitializer) Done materializing entityInstance : org.frcpm.models.Subteam(959702096792200)#129
10:24:45.811 [main] DEBUG org.hibernate.orm.results.loading - Calling top-level assembler (0 / 1) : org.hibernate.sql.results.graph.entity.internal.EntityAssembler@12d3d886
10:24:45.811 [main] DEBUG org.hibernate.resource.jdbc.internal.LogicalConnectionManagedImpl - Initiating JDBC connection release from afterTransaction
10:24:45.811 [main] DEBUG org.hibernate.resource.jdbc.internal.LogicalConnectionManagedImpl - Initiating JDBC connection release from afterTransaction
10:24:45.811 [main] DEBUG org.hibernate.engine.transaction.internal.TransactionImpl - On TransactionImpl creation, JpaCompliance#isJpaTransactionComplianceEnabled == false
10:24:45.811 [main] DEBUG org.hibernate.engine.transaction.internal.TransactionImpl - begin
10:24:45.811 [main] DEBUG org.hibernate.orm.sql.exec - Skipping reading Query result cache data: cache-enabled = false, cache-mode = IGNORE
10:24:45.811 [main] DEBUG org.hibernate.orm.results - Initializer list:
	  org.frcpm.models.Subteam.members.{element}.assignedTasks -> DelayedCollectionInitializer(org.frcpm.models.Subteam.members.{element}.assignedTasks)@317234654 (PluralAttribute(org.frcpm.models.TeamMember.assignedTasks))
	  org.frcpm.models.Subteam.members.{element} -> EntityJoinedFetchInitializer(org.frcpm.models.Subteam.members.{element})@1234540070 (EntityCollectionPart(org.frcpm.models.Subteam.members#{element})@802585566)
	  org.frcpm.models.Subteam.members -> BagInitializer(org.frcpm.models.Subteam.members)@412966409 (PluralAttribute(org.frcpm.models.Subteam.members))
	  org.frcpm.models.Subteam.members.{element}.attendances -> SelectEagerCollectionInitializer(org.frcpm.models.Subteam.members.{element}.attendances)@2053647705 (PluralAttribute(org.frcpm.models.TeamMember.attendances))
	  org.frcpm.models.Subteam.subsystems -> DelayedCollectionInitializer(org.frcpm.models.Subteam.subsystems)@750274983 (PluralAttribute(org.frcpm.models.Subteam.subsystems))
	  org.frcpm.models.Subteam -> EntityResultInitializer(org.frcpm.models.Subteam)@1241112240 (SingleTableEntityPersister(org.frcpm.models.Subteam))

10:24:45.811 [main] DEBUG org.hibernate.SQL - select s1_0.id,s1_0.color_code,s1_0.name,s1_0.specialties,m1_0.subteam_id,m1_0.id,m1_0.email,m1_0.first_name,m1_0.last_name,m1_0.is_leader,m1_0.phone,m1_0.skills,m1_0.username from subteams s1_0 left join team_members m1_0 on s1_0.id=m1_0.subteam_id where s1_0.id=?
10:24:45.811 [main] DEBUG org.hibernate.orm.results.loading.entity - (EntityResultInitializer) Hydrated EntityKey (org.frcpm.models.Subteam): 128
10:24:45.811 [main] DEBUG org.hibernate.orm.results.loading.org.hibernate.orm.results.loading.collection - (BagInitializer) Current row collection key : org.frcpm.models.Subteam.members#128
10:24:45.811 [main] DEBUG org.hibernate.orm.results - Extracted JDBC value [4] - [null]
10:24:45.811 [main] DEBUG org.hibernate.orm.results - Extracted JDBC value [5] - [null]
10:24:45.811 [main] DEBUG org.hibernate.orm.results.loading.entity - (EntityJoinedFetchInitializer) EntityKey (org.frcpm.models.Subteam.members.{element}) is null
10:24:45.811 [main] DEBUG org.hibernate.orm.results.loading.org.hibernate.orm.results.loading.collection - (DelayedCollectionInitializer) Current row collection key : org.frcpm.models.Subteam.subsystems#128
10:24:45.811 [main] DEBUG org.hibernate.orm.results.loading.entity - (EntityResultInitializer) Created new entity instance [org.frcpm.models.Subteam#128] : 1850005661
10:24:45.811 [main] DEBUG org.hibernate.orm.results.loading.org.hibernate.orm.results.loading.collection - (BagInitializer) Created new collection wrapper [org.frcpm.models.Subteam.members#128] : org.hibernate.collection.spi.PersistentBag@1766823867
10:24:45.811 [main] DEBUG org.hibernate.orm.results.loading.org.hibernate.orm.results.loading.collection - (BagInitializer) Responsible for loading collection [org.frcpm.models.Subteam.members#128] : org.hibernate.collection.spi.PersistentBag@1766823867
10:24:45.811 [main] DEBUG org.hibernate.orm.results - Extracted JDBC value [1] - [#FF0000]
10:24:45.811 [main] DEBUG org.hibernate.orm.results - Extracted JDBC value [2] - [Test Subteam 1]
10:24:45.811 [main] DEBUG org.hibernate.orm.results - Extracted JDBC value [3] - [Java, Programming, Controls]
10:24:45.812 [main] DEBUG org.hibernate.orm.results.loading.entity - (EntityResultInitializer) Done materializing entityInstance : org.frcpm.models.Subteam#128
10:24:45.812 [main] DEBUG org.hibernate.orm.results.loading - Calling top-level assembler (0 / 1) : org.hibernate.sql.results.graph.entity.internal.EntityAssembler@1d04c95a
10:24:45.812 [main] DEBUG org.hibernate.sql.results.internal.ResultsHelper - Collection fully initialized: [org.frcpm.models.Subteam.members#128]
10:24:45.812 [main] DEBUG org.hibernate.engine.transaction.internal.TransactionImpl - committing
10:24:45.812 [main] DEBUG org.hibernate.event.internal.AbstractFlushingEventListener - Processing flush-time cascades
10:24:45.812 [main] DEBUG org.hibernate.event.internal.AbstractFlushingEventListener - Dirty checking collections
10:24:45.812 [main] DEBUG org.hibernate.engine.internal.Collections - Collection dereferenced: [org.frcpm.models.Subteam.members#128]
10:24:45.812 [main] DEBUG org.hibernate.engine.internal.Collections - Collection dereferenced: [org.frcpm.models.Subteam.subsystems#128]
10:24:45.812 [main] DEBUG org.hibernate.event.internal.AbstractFlushingEventListener - Flushed: 0 insertions, 0 updates, 1 deletions to 1 objects
10:24:45.812 [main] DEBUG org.hibernate.event.internal.AbstractFlushingEventListener - Flushed: 0 (re)creations, 0 updates, 2 removals to 2 collections
10:24:45.812 [main] DEBUG org.hibernate.internal.util.EntityPrinter - Listing entities:
10:24:45.812 [main] DEBUG org.hibernate.internal.util.EntityPrinter - org.frcpm.models.Subteam{specialties=Java, Programming, Controls, members=[], name=Test Subteam 1, colorCode=#FF0000, id=128, subsystems=<uninitialized>}
10:24:45.812 [main] DEBUG org.hibernate.SQL - delete from subteams where id=?
10:24:45.813 [main] DEBUG org.hibernate.orm.jdbc.batch - PreparedStatementDetails did not contain PreparedStatement on #releaseStatements : delete from subteams where id=?
10:24:45.813 [main] DEBUG org.hibernate.orm.jdbc.batch - PreparedStatementDetails did not contain PreparedStatement on #releaseStatements : delete from subteams where id=?
10:24:45.813 [main] DEBUG org.hibernate.resource.jdbc.internal.LogicalConnectionManagedImpl - Initiating JDBC connection release from afterTransaction
10:24:45.813 [main] DEBUG org.hibernate.orm.jdbc.batch - PreparedStatementDetails did not contain PreparedStatement on #releaseStatements : delete from subteams where id=?
10:24:45.813 [main] DEBUG org.hibernate.orm.jdbc.batch - PreparedStatementDetails did not contain PreparedStatement on #releaseStatements : delete from subteams where id=?
10:24:45.813 [main] DEBUG org.hibernate.resource.jdbc.internal.LogicalConnectionManagedImpl - Initiating JDBC connection release from afterTransaction
10:24:45.813 [main] DEBUG org.hibernate.engine.jdbc.internal.JdbcCoordinatorImpl - HHH000420: Closing un-released batch
10:24:45.813 [main] DEBUG org.hibernate.orm.jdbc.batch - PreparedStatementDetails did not contain PreparedStatement on #releaseStatements : delete from subteams where id=?
10:24:45.813 [main] DEBUG org.hibernate.orm.jdbc.batch - PreparedStatementDetails did not contain PreparedStatement on #releaseStatements : delete from subteams where id=?
10:24:45.813 [main] DEBUG org.hibernate.engine.transaction.internal.TransactionImpl - On TransactionImpl creation, JpaCompliance#isJpaTransactionComplianceEnabled == false
10:24:45.813 [main] DEBUG org.hibernate.engine.transaction.internal.TransactionImpl - begin
10:24:45.813 [main] DEBUG org.hibernate.orm.sql.exec - Skipping reading Query result cache data: cache-enabled = false, cache-mode = IGNORE
10:24:45.813 [main] DEBUG org.hibernate.orm.results - Initializer list:
	  org.frcpm.models.Subteam.members.{element}.assignedTasks -> DelayedCollectionInitializer(org.frcpm.models.Subteam.members.{element}.assignedTasks)@1076616458 (PluralAttribute(org.frcpm.models.TeamMember.assignedTasks))
	  org.frcpm.models.Subteam.members.{element} -> EntityJoinedFetchInitializer(org.frcpm.models.Subteam.members.{element})@976483189 (EntityCollectionPart(org.frcpm.models.Subteam.members#{element})@802585566)
	  org.frcpm.models.Subteam.members -> BagInitializer(org.frcpm.models.Subteam.members)@21406576 (PluralAttribute(org.frcpm.models.Subteam.members))
	  org.frcpm.models.Subteam.members.{element}.attendances -> SelectEagerCollectionInitializer(org.frcpm.models.Subteam.members.{element}.attendances)@930021325 (PluralAttribute(org.frcpm.models.TeamMember.attendances))
	  org.frcpm.models.Subteam.subsystems -> DelayedCollectionInitializer(org.frcpm.models.Subteam.subsystems)@699639719 (PluralAttribute(org.frcpm.models.Subteam.subsystems))
	  org.frcpm.models.Subteam -> EntityResultInitializer(org.frcpm.models.Subteam)@213795263 (SingleTableEntityPersister(org.frcpm.models.Subteam))

10:24:45.813 [main] DEBUG org.hibernate.SQL - select s1_0.id,s1_0.color_code,s1_0.name,s1_0.specialties,m1_0.subteam_id,m1_0.id,m1_0.email,m1_0.first_name,m1_0.last_name,m1_0.is_leader,m1_0.phone,m1_0.skills,m1_0.username from subteams s1_0 left join team_members m1_0 on s1_0.id=m1_0.subteam_id where s1_0.id=?
10:24:45.813 [main] DEBUG org.hibernate.orm.results.loading.entity - (EntityResultInitializer) Hydrated EntityKey (org.frcpm.models.Subteam): 129
10:24:45.813 [main] DEBUG org.hibernate.orm.results.loading.org.hibernate.orm.results.loading.collection - (BagInitializer) Current row collection key : org.frcpm.models.Subteam.members#129
10:24:45.813 [main] DEBUG org.hibernate.orm.results - Extracted JDBC value [4] - [null]
10:24:45.813 [main] DEBUG org.hibernate.orm.results - Extracted JDBC value [5] - [null]
10:24:45.813 [main] DEBUG org.hibernate.orm.results.loading.entity - (EntityJoinedFetchInitializer) EntityKey (org.frcpm.models.Subteam.members.{element}) is null
10:24:45.813 [main] DEBUG org.hibernate.orm.results.loading.org.hibernate.orm.results.loading.collection - (DelayedCollectionInitializer) Current row collection key : org.frcpm.models.Subteam.subsystems#129
10:24:45.813 [main] DEBUG org.hibernate.orm.results.loading.entity - (EntityResultInitializer) Created new entity instance [org.frcpm.models.Subteam#129] : 1279078419
10:24:45.813 [main] DEBUG org.hibernate.orm.results.loading.org.hibernate.orm.results.loading.collection - (BagInitializer) Created new collection wrapper [org.frcpm.models.Subteam.members#129] : org.hibernate.collection.spi.PersistentBag@846209938
10:24:45.813 [main] DEBUG org.hibernate.orm.results.loading.org.hibernate.orm.results.loading.collection - (BagInitializer) Responsible for loading collection [org.frcpm.models.Subteam.members#129] : org.hibernate.collection.spi.PersistentBag@846209938
10:24:45.813 [main] DEBUG org.hibernate.orm.results - Extracted JDBC value [1] - [#00FF00]
10:24:45.813 [main] DEBUG org.hibernate.orm.results - Extracted JDBC value [2] - [Test Subteam 2]
10:24:45.813 [main] DEBUG org.hibernate.orm.results - Extracted JDBC value [3] - [CAD, Design, Fabrication]
10:24:45.813 [main] DEBUG org.hibernate.orm.results.loading.entity - (EntityResultInitializer) Done materializing entityInstance : org.frcpm.models.Subteam#129
10:24:45.813 [main] DEBUG org.hibernate.orm.results.loading - Calling top-level assembler (0 / 1) : org.hibernate.sql.results.graph.entity.internal.EntityAssembler@726261e6
10:24:45.813 [main] DEBUG org.hibernate.sql.results.internal.ResultsHelper - Collection fully initialized: [org.frcpm.models.Subteam.members#129]
10:24:45.813 [main] DEBUG org.hibernate.engine.transaction.internal.TransactionImpl - committing
10:24:45.813 [main] DEBUG org.hibernate.event.internal.AbstractFlushingEventListener - Processing flush-time cascades
10:24:45.813 [main] DEBUG org.hibernate.event.internal.AbstractFlushingEventListener - Dirty checking collections
10:24:45.813 [main] DEBUG org.hibernate.engine.internal.Collections - Collection dereferenced: [org.frcpm.models.Subteam.members#129]
10:24:45.813 [main] DEBUG org.hibernate.engine.internal.Collections - Collection dereferenced: [org.frcpm.models.Subteam.subsystems#129]
10:24:45.813 [main] DEBUG org.hibernate.event.internal.AbstractFlushingEventListener - Flushed: 0 insertions, 0 updates, 1 deletions to 1 objects
10:24:45.813 [main] DEBUG org.hibernate.event.internal.AbstractFlushingEventListener - Flushed: 0 (re)creations, 0 updates, 2 removals to 2 collections
10:24:45.813 [main] DEBUG org.hibernate.internal.util.EntityPrinter - Listing entities:
10:24:45.813 [main] DEBUG org.hibernate.internal.util.EntityPrinter - org.frcpm.models.Subteam{specialties=CAD, Design, Fabrication, members=[], name=Test Subteam 2, colorCode=#00FF00, id=129, subsystems=<uninitialized>}
10:24:45.813 [main] DEBUG org.hibernate.SQL - delete from subteams where id=?
10:24:45.813 [main] DEBUG org.hibernate.orm.jdbc.batch - PreparedStatementDetails did not contain PreparedStatement on #releaseStatements : delete from subteams where id=?
10:24:45.815 [main] DEBUG org.hibernate.orm.jdbc.batch - PreparedStatementDetails did not contain PreparedStatement on #releaseStatements : delete from subteams where id=?
10:24:45.815 [main] DEBUG org.hibernate.resource.jdbc.internal.LogicalConnectionManagedImpl - Initiating JDBC connection release from afterTransaction
10:24:45.815 [main] DEBUG org.hibernate.orm.jdbc.batch - PreparedStatementDetails did not contain PreparedStatement on #releaseStatements : delete from subteams where id=?
10:24:45.815 [main] DEBUG org.hibernate.orm.jdbc.batch - PreparedStatementDetails did not contain PreparedStatement on #releaseStatements : delete from subteams where id=?
10:24:45.815 [main] DEBUG org.hibernate.resource.jdbc.internal.LogicalConnectionManagedImpl - Initiating JDBC connection release from afterTransaction
10:24:45.815 [main] DEBUG org.hibernate.engine.jdbc.internal.JdbcCoordinatorImpl - HHH000420: Closing un-released batch
10:24:45.815 [main] DEBUG org.hibernate.orm.jdbc.batch - PreparedStatementDetails did not contain PreparedStatement on #releaseStatements : delete from subteams where id=?
10:24:45.815 [main] DEBUG org.hibernate.orm.jdbc.batch - PreparedStatementDetails did not contain PreparedStatement on #releaseStatements : delete from subteams where id=?
10:24:45.815 [main] DEBUG org.hibernate.internal.SessionFactoryImpl - HHH000031: Closing
10:24:45.815 [main] DEBUG org.hibernate.type.spi.TypeConfiguration$Scope - Un-scoping TypeConfiguration [org.hibernate.type.spi.TypeConfiguration$Scope@6425afcf] from SessionFactory [org.hibernate.internal.SessionFactoryImpl@2d362973]
10:24:45.815 [main] DEBUG org.hibernate.service.internal.AbstractServiceRegistryImpl - Implicitly destroying ServiceRegistry on de-registration of all child ServiceRegistries
10:24:45.815 [main] INFO com.zaxxer.hikari.HikariDataSource - FRC-PM-HikariCP - Shutdown initiated...
10:24:45.815 [main] DEBUG com.zaxxer.hikari.pool.HikariPool - FRC-PM-HikariCP - Before shutdown stats (total=2, active=0, idle=2, waiting=0)
10:24:45.816 [FRC-PM-HikariCP connection closer] DEBUG com.zaxxer.hikari.pool.PoolBase - FRC-PM-HikariCP - Closing connection conn126: url=jdbc:h2:file:C:\Users\dhiebert\.frcpm\frcpm user=SA: (connection evicted)
10:24:45.816 [FRC-PM-HikariCP connection closer] DEBUG com.zaxxer.hikari.pool.PoolBase - FRC-PM-HikariCP - Closing connection conn127: url=jdbc:h2:file:C:\Users\dhiebert\.frcpm\frcpm user=SA: (connection evicted)
10:24:46.024 [main] DEBUG com.zaxxer.hikari.pool.HikariPool - FRC-PM-HikariCP - After shutdown stats (total=0, active=0, idle=0, waiting=0)
10:24:46.024 [main] INFO com.zaxxer.hikari.HikariDataSource - FRC-PM-HikariCP - Shutdown completed.
10:24:46.024 [main] DEBUG org.hibernate.boot.registry.internal.BootstrapServiceRegistryImpl - Implicitly destroying Boot-strap registry on de-registration of all child ServiceRegistries
]]></system-out>
    <system-err><![CDATA[Apr 25, 2025 10:24:45 AM org.frcpm.config.DatabaseConfig initialize
INFO: Initializing database configuration...
Apr 25, 2025 10:24:45 AM org.frcpm.config.DatabaseConfig initialize
INFO: Using FILE-BASED database at: file:C:\Users\dhiebert\.frcpm\frcpm
Apr 25, 2025 10:24:45 AM org.frcpm.config.DatabaseConfig initialize
INFO: Using JDBC URL: jdbc:h2:file:C:\Users\dhiebert\.frcpm\frcpm
Apr 25, 2025 10:24:45 AM org.frcpm.config.DatabaseConfig initialize
INFO: Using schema mode: update
Apr 25, 2025 10:24:45 AM org.frcpm.config.DatabaseConfig initialize
INFO: Database configuration initialized successfully in PRODUCTION mode
Apr 25, 2025 10:24:46 AM org.frcpm.config.DatabaseConfig shutdown
INFO: Database configuration shut down
]]></system-err>
  </testcase>
  <testcase name="testUpdate" classname="org.frcpm.repositories.SubteamRepositoryTest" time="0.376">
    <system-out><![CDATA[10:24:46.031 [main] DEBUG org.hibernate.jpa.HibernatePersistenceProvider - Located and parsed 1 persistence units; checking each
10:24:46.031 [main] DEBUG org.hibernate.jpa.HibernatePersistenceProvider - Checking persistence-unit [name=frcpm, explicit-provider=org.hibernate.jpa.HibernatePersistenceProvider] against incoming persistence unit name [frcpm]
10:24:46.031 [main] DEBUG org.hibernate.jpa.boot.spi.ProviderChecker - Persistence-unit [frcpm] requested PersistenceProvider [org.hibernate.jpa.HibernatePersistenceProvider]
10:24:46.031 [main] DEBUG org.hibernate.jpa.internal.util.LogHelper - PersistenceUnitInfo [
	name: frcpm
	persistence provider classname: org.hibernate.jpa.HibernatePersistenceProvider
	classloader: null
	excludeUnlistedClasses: false
	JTA datasource: null
	Non JTA datasource: null
	Transaction type: RESOURCE_LOCAL
	PU root URL: file:/C:/Users/dhiebert/Local%20Repositories/Project%20Management%202.0/target/classes
	Shared Cache Mode: null
	Validation Mode: null
	Jar files URLs []
	Managed classes names [
		org.frcpm.models.Project
		org.frcpm.models.Subteam
		org.frcpm.models.TeamMember
		org.frcpm.models.Subsystem
		org.frcpm.models.Task
		org.frcpm.models.Component
		org.frcpm.models.Meeting
		org.frcpm.models.Attendance
		org.frcpm.models.Milestone]
	Mapping files names []
	Properties [
		hibernate.connection.handling_mode: DELAYED_ACQUISITION_AND_RELEASE_AFTER_STATEMENT
		jakarta.persistence.jdbc.url: jdbc:h2:file:C:\Users\dhiebert\.frcpm\frcpm
		hibernate.jdbc.batch_versioned_data: null
		hibernate.cache.use_second_level_cache: null
		hibernate.show_sql: null
		jakarta.persistence.jdbc.driver: org.h2.Driver
		hibernate.jdbc.batch_size: 30
		jakarta.persistence.jdbc.user: sa
		hibernate.generate_statistics: null
		hibernate.hbm2ddl.auto: update
		hibernate.cache.use_query_cache: null
		hibernate.hikari.maximumPoolSize: 10
		hibernate.hikari.idleTimeout: 30000
		hibernate.format_sql: null
		hibernate.hikari.minimumIdle: 2
		hibernate.use_sql_comments: null
		hibernate.order_inserts: null
		hibernate.current_session_context_class: thread
		hibernate.connection.provider_class: org.hibernate.hikaricp.internal.HikariCPConnectionProvider
		hibernate.hikari.connectionTimeout: 10000
		hibernate.hikari.poolName: FRC-PM-HikariCP
		hibernate.order_updates: null
		hibernate.dialect: org.hibernate.dialect.H2Dialect
		jakarta.persistence.jdbc.password: ]
10:24:46.031 [main] DEBUG org.hibernate.integrator.internal.IntegratorServiceImpl - Adding Integrator [org.hibernate.boot.beanvalidation.BeanValidationIntegrator].
10:24:46.031 [main] DEBUG org.hibernate.integrator.internal.IntegratorServiceImpl - Adding Integrator [org.hibernate.cache.internal.CollectionCacheInvalidator].
10:24:46.038 [main] DEBUG org.hibernate.orm.idgen.factory - Ignoring CDI for resolving IdentifierGenerator instances as extended or delayed CDI support was enabled
10:24:46.039 [main] DEBUG org.hibernate.orm.idgen.factory - Registering IdentifierGenerator strategy [uuid2] -> [org.hibernate.id.UUIDGenerator]
10:24:46.039 [main] DEBUG org.hibernate.orm.idgen.factory - Registering IdentifierGenerator strategy [guid] -> [org.hibernate.id.GUIDGenerator]
10:24:46.039 [main] DEBUG org.hibernate.orm.idgen.factory - Registering IdentifierGenerator strategy [uuid] -> [org.hibernate.id.UUIDHexGenerator]
10:24:46.039 [main] DEBUG org.hibernate.orm.idgen.factory - Registering IdentifierGenerator strategy [uuid.hex] -> [org.hibernate.id.UUIDHexGenerator]
10:24:46.039 [main] DEBUG org.hibernate.orm.idgen.factory - Registering IdentifierGenerator strategy [assigned] -> [org.hibernate.id.Assigned]
10:24:46.039 [main] DEBUG org.hibernate.orm.idgen.factory - Registering IdentifierGenerator strategy [identity] -> [org.hibernate.id.IdentityGenerator]
10:24:46.039 [main] DEBUG org.hibernate.orm.idgen.factory - Registering IdentifierGenerator strategy [select] -> [org.hibernate.id.SelectGenerator]
10:24:46.039 [main] DEBUG org.hibernate.orm.idgen.factory - Registering IdentifierGenerator strategy [sequence] -> [org.hibernate.id.enhanced.SequenceStyleGenerator]
10:24:46.039 [main] DEBUG org.hibernate.orm.idgen.factory - Registering IdentifierGenerator strategy [increment] -> [org.hibernate.id.IncrementGenerator]
10:24:46.039 [main] DEBUG org.hibernate.orm.idgen.factory - Registering IdentifierGenerator strategy [foreign] -> [org.hibernate.id.ForeignGenerator]
10:24:46.039 [main] DEBUG org.hibernate.orm.idgen.factory - Registering IdentifierGenerator strategy [enhanced-sequence] -> [org.hibernate.id.enhanced.SequenceStyleGenerator]
10:24:46.039 [main] DEBUG org.hibernate.orm.idgen.factory - Registering IdentifierGenerator strategy [enhanced-table] -> [org.hibernate.id.enhanced.TableGenerator]
10:24:46.039 [main] INFO org.hibernate.cache.internal.RegionFactoryInitiator - HHH000026: Second-level cache disabled
10:24:46.039 [main] DEBUG org.hibernate.type.BasicTypeRegistry - Adding type registration boolean -> org.hibernate.type.BasicTypeReference@2f4919b0
10:24:46.039 [main] DEBUG org.hibernate.type.BasicTypeRegistry - Adding type registration boolean -> org.hibernate.type.BasicTypeReference@2f4919b0
10:24:46.039 [main] DEBUG org.hibernate.type.BasicTypeRegistry - Adding type registration java.lang.Boolean -> org.hibernate.type.BasicTypeReference@2f4919b0
10:24:46.039 [main] DEBUG org.hibernate.type.BasicTypeRegistry - Adding type registration numeric_boolean -> org.hibernate.type.BasicTypeReference@a8a8b75
10:24:46.039 [main] DEBUG org.hibernate.type.BasicTypeRegistry - Adding type registration org.hibernate.type.NumericBooleanConverter -> org.hibernate.type.BasicTypeReference@a8a8b75
10:24:46.039 [main] DEBUG org.hibernate.type.BasicTypeRegistry - Adding type registration true_false -> org.hibernate.type.BasicTypeReference@75b21c3b
10:24:46.039 [main] DEBUG org.hibernate.type.BasicTypeRegistry - Adding type registration org.hibernate.type.TrueFalseConverter -> org.hibernate.type.BasicTypeReference@75b21c3b
10:24:46.039 [main] DEBUG org.hibernate.type.BasicTypeRegistry - Adding type registration yes_no -> org.hibernate.type.BasicTypeReference@72be135f
10:24:46.039 [main] DEBUG org.hibernate.type.BasicTypeRegistry - Adding type registration org.hibernate.type.YesNoConverter -> org.hibernate.type.BasicTypeReference@72be135f
10:24:46.039 [main] DEBUG org.hibernate.type.BasicTypeRegistry - Adding type registration byte -> org.hibernate.type.BasicTypeReference@155d1021
10:24:46.039 [main] DEBUG org.hibernate.type.BasicTypeRegistry - Adding type registration byte -> org.hibernate.type.BasicTypeReference@155d1021
10:24:46.039 [main] DEBUG org.hibernate.type.BasicTypeRegistry - Adding type registration java.lang.Byte -> org.hibernate.type.BasicTypeReference@155d1021
10:24:46.039 [main] DEBUG org.hibernate.type.BasicTypeRegistry - Adding type registration binary -> org.hibernate.type.BasicTypeReference@4bd2f0dc
10:24:46.039 [main] DEBUG org.hibernate.type.BasicTypeRegistry - Adding type registration byte[] -> org.hibernate.type.BasicTypeReference@4bd2f0dc
10:24:46.039 [main] DEBUG org.hibernate.type.BasicTypeRegistry - Adding type registration [B -> org.hibernate.type.BasicTypeReference@4bd2f0dc
10:24:46.039 [main] DEBUG org.hibernate.type.BasicTypeRegistry - Adding type registration binary_wrapper -> org.hibernate.type.BasicTypeReference@2e647e59
10:24:46.039 [main] DEBUG org.hibernate.type.BasicTypeRegistry - Adding type registration wrapper-binary -> org.hibernate.type.BasicTypeReference@2e647e59
10:24:46.039 [main] DEBUG org.hibernate.type.BasicTypeRegistry - Adding type registration image -> org.hibernate.type.BasicTypeReference@2c42b421
10:24:46.039 [main] DEBUG org.hibernate.type.BasicTypeRegistry - Adding type registration blob -> org.hibernate.type.BasicTypeReference@51e37590
10:24:46.039 [main] DEBUG org.hibernate.type.BasicTypeRegistry - Adding type registration java.sql.Blob -> org.hibernate.type.BasicTypeReference@51e37590
10:24:46.039 [main] DEBUG org.hibernate.type.BasicTypeRegistry - Adding type registration materialized_blob -> org.hibernate.type.BasicTypeReference@deb3b60
10:24:46.039 [main] DEBUG org.hibernate.type.BasicTypeRegistry - Adding type registration materialized_blob_wrapper -> org.hibernate.type.BasicTypeReference@701a32
10:24:46.039 [main] DEBUG org.hibernate.type.BasicTypeRegistry - Adding type registration short -> org.hibernate.type.BasicTypeReference@39aa45a1
10:24:46.039 [main] DEBUG org.hibernate.type.BasicTypeRegistry - Adding type registration short -> org.hibernate.type.BasicTypeReference@39aa45a1
10:24:46.039 [main] DEBUG org.hibernate.type.BasicTypeRegistry - Adding type registration java.lang.Short -> org.hibernate.type.BasicTypeReference@39aa45a1
10:24:46.039 [main] DEBUG org.hibernate.type.BasicTypeRegistry - Adding type registration integer -> org.hibernate.type.BasicTypeReference@73aff8f1
10:24:46.039 [main] DEBUG org.hibernate.type.BasicTypeRegistry - Adding type registration int -> org.hibernate.type.BasicTypeReference@73aff8f1
10:24:46.039 [main] DEBUG org.hibernate.type.BasicTypeRegistry - Adding type registration java.lang.Integer -> org.hibernate.type.BasicTypeReference@73aff8f1
10:24:46.039 [main] DEBUG org.hibernate.type.BasicTypeRegistry - Adding type registration long -> org.hibernate.type.BasicTypeReference@27cbfddf
10:24:46.039 [main] DEBUG org.hibernate.type.BasicTypeRegistry - Adding type registration long -> org.hibernate.type.BasicTypeReference@27cbfddf
10:24:46.039 [main] DEBUG org.hibernate.type.BasicTypeRegistry - Adding type registration java.lang.Long -> org.hibernate.type.BasicTypeReference@27cbfddf
10:24:46.039 [main] DEBUG org.hibernate.type.BasicTypeRegistry - Adding type registration float -> org.hibernate.type.BasicTypeReference@27ead29e
10:24:46.039 [main] DEBUG org.hibernate.type.BasicTypeRegistry - Adding type registration float -> org.hibernate.type.BasicTypeReference@27ead29e
10:24:46.039 [main] DEBUG org.hibernate.type.BasicTypeRegistry - Adding type registration java.lang.Float -> org.hibernate.type.BasicTypeReference@27ead29e
10:24:46.039 [main] DEBUG org.hibernate.type.BasicTypeRegistry - Adding type registration double -> org.hibernate.type.BasicTypeReference@4c060c8f
10:24:46.039 [main] DEBUG org.hibernate.type.BasicTypeRegistry - Adding type registration double -> org.hibernate.type.BasicTypeReference@4c060c8f
10:24:46.039 [main] DEBUG org.hibernate.type.BasicTypeRegistry - Adding type registration java.lang.Double -> org.hibernate.type.BasicTypeReference@4c060c8f
10:24:46.039 [main] DEBUG org.hibernate.type.BasicTypeRegistry - Adding type registration big_integer -> org.hibernate.type.BasicTypeReference@40620d8e
10:24:46.039 [main] DEBUG org.hibernate.type.BasicTypeRegistry - Adding type registration java.math.BigInteger -> org.hibernate.type.BasicTypeReference@40620d8e
10:24:46.039 [main] DEBUG org.hibernate.type.BasicTypeRegistry - Adding type registration big_decimal -> org.hibernate.type.BasicTypeReference@383f3558
10:24:46.039 [main] DEBUG org.hibernate.type.BasicTypeRegistry - Adding type registration java.math.BigDecimal -> org.hibernate.type.BasicTypeReference@383f3558
10:24:46.039 [main] DEBUG org.hibernate.type.BasicTypeRegistry - Adding type registration character -> org.hibernate.type.BasicTypeReference@49b07ee3
10:24:46.039 [main] DEBUG org.hibernate.type.BasicTypeRegistry - Adding type registration char -> org.hibernate.type.BasicTypeReference@49b07ee3
10:24:46.039 [main] DEBUG org.hibernate.type.BasicTypeRegistry - Adding type registration java.lang.Character -> org.hibernate.type.BasicTypeReference@49b07ee3
10:24:46.039 [main] DEBUG org.hibernate.type.BasicTypeRegistry - Adding type registration character_nchar -> org.hibernate.type.BasicTypeReference@352e612e
10:24:46.039 [main] DEBUG org.hibernate.type.BasicTypeRegistry - Adding type registration string -> org.hibernate.type.BasicTypeReference@65f00478
10:24:46.039 [main] DEBUG org.hibernate.type.BasicTypeRegistry - Adding type registration java.lang.String -> org.hibernate.type.BasicTypeReference@65f00478
10:24:46.039 [main] DEBUG org.hibernate.type.BasicTypeRegistry - Adding type registration nstring -> org.hibernate.type.BasicTypeReference@2424686b
10:24:46.039 [main] DEBUG org.hibernate.type.BasicTypeRegistry - Adding type registration characters -> org.hibernate.type.BasicTypeReference@6ea94d6a
10:24:46.039 [main] DEBUG org.hibernate.type.BasicTypeRegistry - Adding type registration char[] -> org.hibernate.type.BasicTypeReference@6ea94d6a
10:24:46.039 [main] DEBUG org.hibernate.type.BasicTypeRegistry - Adding type registration [C -> org.hibernate.type.BasicTypeReference@6ea94d6a
10:24:46.039 [main] DEBUG org.hibernate.type.BasicTypeRegistry - Adding type registration wrapper-characters -> org.hibernate.type.BasicTypeReference@28486680
10:24:46.039 [main] DEBUG org.hibernate.type.BasicTypeRegistry - Adding type registration text -> org.hibernate.type.BasicTypeReference@4d7e7435
10:24:46.039 [main] DEBUG org.hibernate.type.BasicTypeRegistry - Adding type registration ntext -> org.hibernate.type.BasicTypeReference@4a1e3ac1
10:24:46.039 [main] DEBUG org.hibernate.type.BasicTypeRegistry - Adding type registration clob -> org.hibernate.type.BasicTypeReference@6e78fcf5
10:24:46.039 [main] DEBUG org.hibernate.type.BasicTypeRegistry - Adding type registration java.sql.Clob -> org.hibernate.type.BasicTypeReference@6e78fcf5
10:24:46.039 [main] DEBUG org.hibernate.type.BasicTypeRegistry - Adding type registration nclob -> org.hibernate.type.BasicTypeReference@56febdc
10:24:46.039 [main] DEBUG org.hibernate.type.BasicTypeRegistry - Adding type registration java.sql.NClob -> org.hibernate.type.BasicTypeReference@56febdc
10:24:46.039 [main] DEBUG org.hibernate.type.BasicTypeRegistry - Adding type registration materialized_clob -> org.hibernate.type.BasicTypeReference@3b8ee898
10:24:46.039 [main] DEBUG org.hibernate.type.BasicTypeRegistry - Adding type registration materialized_clob_char_array -> org.hibernate.type.BasicTypeReference@7d151a
10:24:46.039 [main] DEBUG org.hibernate.type.BasicTypeRegistry - Adding type registration materialized_clob_character_array -> org.hibernate.type.BasicTypeReference@294bdeb4
10:24:46.039 [main] DEBUG org.hibernate.type.BasicTypeRegistry - Adding type registration materialized_nclob -> org.hibernate.type.BasicTypeReference@5300f14a
10:24:46.039 [main] DEBUG org.hibernate.type.BasicTypeRegistry - Adding type registration materialized_nclob_character_array -> org.hibernate.type.BasicTypeReference@1f86099a
10:24:46.039 [main] DEBUG org.hibernate.type.BasicTypeRegistry - Adding type registration materialized_nclob_char_array -> org.hibernate.type.BasicTypeReference@77bb0ab5
10:24:46.039 [main] DEBUG org.hibernate.type.BasicTypeRegistry - Adding type registration Duration -> org.hibernate.type.BasicTypeReference@f2c488
10:24:46.039 [main] DEBUG org.hibernate.type.BasicTypeRegistry - Adding type registration java.time.Duration -> org.hibernate.type.BasicTypeReference@f2c488
10:24:46.039 [main] DEBUG org.hibernate.type.BasicTypeRegistry - Adding type registration LocalDateTime -> org.hibernate.type.BasicTypeReference@54acff7d
10:24:46.040 [main] DEBUG org.hibernate.type.BasicTypeRegistry - Adding type registration java.time.LocalDateTime -> org.hibernate.type.BasicTypeReference@54acff7d
10:24:46.040 [main] DEBUG org.hibernate.type.BasicTypeRegistry - Adding type registration LocalDate -> org.hibernate.type.BasicTypeReference@7bc9e6ab
10:24:46.040 [main] DEBUG org.hibernate.type.BasicTypeRegistry - Adding type registration java.time.LocalDate -> org.hibernate.type.BasicTypeReference@7bc9e6ab
10:24:46.040 [main] DEBUG org.hibernate.type.BasicTypeRegistry - Adding type registration LocalTime -> org.hibernate.type.BasicTypeReference@5488b5c5
10:24:46.040 [main] DEBUG org.hibernate.type.BasicTypeRegistry - Adding type registration java.time.LocalTime -> org.hibernate.type.BasicTypeReference@5488b5c5
10:24:46.040 [main] DEBUG org.hibernate.type.BasicTypeRegistry - Adding type registration OffsetDateTime -> org.hibernate.type.BasicTypeReference@4248ed58
10:24:46.040 [main] DEBUG org.hibernate.type.BasicTypeRegistry - Adding type registration java.time.OffsetDateTime -> org.hibernate.type.BasicTypeReference@4248ed58
10:24:46.040 [main] DEBUG org.hibernate.type.BasicTypeRegistry - Adding type registration OffsetDateTimeWithTimezone -> org.hibernate.type.BasicTypeReference@712ca57b
10:24:46.040 [main] DEBUG org.hibernate.type.BasicTypeRegistry - Adding type registration OffsetDateTimeWithoutTimezone -> org.hibernate.type.BasicTypeReference@4564e94b
10:24:46.040 [main] DEBUG org.hibernate.type.BasicTypeRegistry - Adding type registration OffsetTime -> org.hibernate.type.BasicTypeReference@54534abf
10:24:46.040 [main] DEBUG org.hibernate.type.BasicTypeRegistry - Adding type registration java.time.OffsetTime -> org.hibernate.type.BasicTypeReference@54534abf
10:24:46.040 [main] DEBUG org.hibernate.type.BasicTypeRegistry - Adding type registration OffsetTimeUtc -> org.hibernate.type.BasicTypeReference@51745f40
10:24:46.040 [main] DEBUG org.hibernate.type.BasicTypeRegistry - Adding type registration OffsetTimeWithTimezone -> org.hibernate.type.BasicTypeReference@45673f68
10:24:46.040 [main] DEBUG org.hibernate.type.BasicTypeRegistry - Adding type registration OffsetTimeWithoutTimezone -> org.hibernate.type.BasicTypeReference@27abb83e
10:24:46.040 [main] DEBUG org.hibernate.type.BasicTypeRegistry - Adding type registration ZonedDateTime -> org.hibernate.type.BasicTypeReference@69e308c6
10:24:46.040 [main] DEBUG org.hibernate.type.BasicTypeRegistry - Adding type registration java.time.ZonedDateTime -> org.hibernate.type.BasicTypeReference@69e308c6
10:24:46.040 [main] DEBUG org.hibernate.type.BasicTypeRegistry - Adding type registration ZonedDateTimeWithTimezone -> org.hibernate.type.BasicTypeReference@1a1ed4e5
10:24:46.040 [main] DEBUG org.hibernate.type.BasicTypeRegistry - Adding type registration ZonedDateTimeWithoutTimezone -> org.hibernate.type.BasicTypeReference@667e34b1
10:24:46.040 [main] DEBUG org.hibernate.type.BasicTypeRegistry - Adding type registration date -> org.hibernate.type.BasicTypeReference@1c6e0a08
10:24:46.040 [main] DEBUG org.hibernate.type.BasicTypeRegistry - Adding type registration java.sql.Date -> org.hibernate.type.BasicTypeReference@1c6e0a08
10:24:46.040 [main] DEBUG org.hibernate.type.BasicTypeRegistry - Adding type registration time -> org.hibernate.type.BasicTypeReference@6dba847b
10:24:46.040 [main] DEBUG org.hibernate.type.BasicTypeRegistry - Adding type registration java.sql.Time -> org.hibernate.type.BasicTypeReference@6dba847b
10:24:46.040 [main] DEBUG org.hibernate.type.BasicTypeRegistry - Adding type registration timestamp -> org.hibernate.type.BasicTypeReference@1efdcd5
10:24:46.040 [main] DEBUG org.hibernate.type.BasicTypeRegistry - Adding type registration java.sql.Timestamp -> org.hibernate.type.BasicTypeReference@1efdcd5
10:24:46.040 [main] DEBUG org.hibernate.type.BasicTypeRegistry - Adding type registration java.util.Date -> org.hibernate.type.BasicTypeReference@1efdcd5
10:24:46.040 [main] DEBUG org.hibernate.type.BasicTypeRegistry - Adding type registration calendar -> org.hibernate.type.BasicTypeReference@1623bbe5
10:24:46.040 [main] DEBUG org.hibernate.type.BasicTypeRegistry - Adding type registration java.util.Calendar -> org.hibernate.type.BasicTypeReference@1623bbe5
10:24:46.040 [main] DEBUG org.hibernate.type.BasicTypeRegistry - Adding type registration java.util.GregorianCalendar -> org.hibernate.type.BasicTypeReference@1623bbe5
10:24:46.040 [main] DEBUG org.hibernate.type.BasicTypeRegistry - Adding type registration calendar_date -> org.hibernate.type.BasicTypeReference@7af1cd63
10:24:46.040 [main] DEBUG org.hibernate.type.BasicTypeRegistry - Adding type registration calendar_time -> org.hibernate.type.BasicTypeReference@4351171a
10:24:46.040 [main] DEBUG org.hibernate.type.BasicTypeRegistry - Adding type registration instant -> org.hibernate.type.BasicTypeReference@3c2772d1
10:24:46.040 [main] DEBUG org.hibernate.type.BasicTypeRegistry - Adding type registration java.time.Instant -> org.hibernate.type.BasicTypeReference@3c2772d1
10:24:46.040 [main] DEBUG org.hibernate.type.BasicTypeRegistry - Adding type registration uuid -> org.hibernate.type.BasicTypeReference@37d00a23
10:24:46.040 [main] DEBUG org.hibernate.type.BasicTypeRegistry - Adding type registration java.util.UUID -> org.hibernate.type.BasicTypeReference@37d00a23
10:24:46.040 [main] DEBUG org.hibernate.type.BasicTypeRegistry - Adding type registration pg-uuid -> org.hibernate.type.BasicTypeReference@37d00a23
10:24:46.040 [main] DEBUG org.hibernate.type.BasicTypeRegistry - Adding type registration uuid-binary -> org.hibernate.type.BasicTypeReference@433e536f
10:24:46.040 [main] DEBUG org.hibernate.type.BasicTypeRegistry - Adding type registration uuid-char -> org.hibernate.type.BasicTypeReference@89c65d5
10:24:46.040 [main] DEBUG org.hibernate.type.BasicTypeRegistry - Adding type registration class -> org.hibernate.type.BasicTypeReference@faa3fed
10:24:46.040 [main] DEBUG org.hibernate.type.BasicTypeRegistry - Adding type registration java.lang.Class -> org.hibernate.type.BasicTypeReference@faa3fed
10:24:46.040 [main] DEBUG org.hibernate.type.BasicTypeRegistry - Adding type registration currency -> org.hibernate.type.BasicTypeReference@988246e
10:24:46.040 [main] DEBUG org.hibernate.type.BasicTypeRegistry - Adding type registration Currency -> org.hibernate.type.BasicTypeReference@988246e
10:24:46.040 [main] DEBUG org.hibernate.type.BasicTypeRegistry - Adding type registration java.util.Currency -> org.hibernate.type.BasicTypeReference@988246e
10:24:46.040 [main] DEBUG org.hibernate.type.BasicTypeRegistry - Adding type registration locale -> org.hibernate.type.BasicTypeReference@62515a47
10:24:46.040 [main] DEBUG org.hibernate.type.BasicTypeRegistry - Adding type registration java.util.Locale -> org.hibernate.type.BasicTypeReference@62515a47
10:24:46.040 [main] DEBUG org.hibernate.type.BasicTypeRegistry - Adding type registration serializable -> org.hibernate.type.BasicTypeReference@3c5a54b7
10:24:46.040 [main] DEBUG org.hibernate.type.BasicTypeRegistry - Adding type registration java.io.Serializable -> org.hibernate.type.BasicTypeReference@3c5a54b7
10:24:46.040 [main] DEBUG org.hibernate.type.BasicTypeRegistry - Adding type registration timezone -> org.hibernate.type.BasicTypeReference@61f2c3f0
10:24:46.040 [main] DEBUG org.hibernate.type.BasicTypeRegistry - Adding type registration java.util.TimeZone -> org.hibernate.type.BasicTypeReference@61f2c3f0
10:24:46.040 [main] DEBUG org.hibernate.type.BasicTypeRegistry - Adding type registration ZoneOffset -> org.hibernate.type.BasicTypeReference@291120f4
10:24:46.040 [main] DEBUG org.hibernate.type.BasicTypeRegistry - Adding type registration java.time.ZoneOffset -> org.hibernate.type.BasicTypeReference@291120f4
10:24:46.040 [main] DEBUG org.hibernate.type.BasicTypeRegistry - Adding type registration url -> org.hibernate.type.BasicTypeReference@417ad4f3
10:24:46.040 [main] DEBUG org.hibernate.type.BasicTypeRegistry - Adding type registration java.net.URL -> org.hibernate.type.BasicTypeReference@417ad4f3
10:24:46.040 [main] DEBUG org.hibernate.type.BasicTypeRegistry - Adding type registration vector -> org.hibernate.type.BasicTypeReference@2f6bcf87
10:24:46.040 [main] DEBUG org.hibernate.type.BasicTypeRegistry - Adding type registration row_version -> org.hibernate.type.BasicTypeReference@58f174d9
10:24:46.040 [main] DEBUG org.hibernate.type.BasicTypeRegistry - Adding type registration object -> org.hibernate.type.JavaObjectType@34237b90
10:24:46.040 [main] DEBUG org.hibernate.type.BasicTypeRegistry - Adding type registration java.lang.Object -> org.hibernate.type.JavaObjectType@34237b90
10:24:46.040 [main] DEBUG org.hibernate.type.BasicTypeRegistry - Adding type registration null -> org.hibernate.type.NullType@267bbe1a
10:24:46.040 [main] DEBUG org.hibernate.type.BasicTypeRegistry - Adding type registration imm_date -> org.hibernate.type.BasicTypeReference@4bc4be3b
10:24:46.040 [main] DEBUG org.hibernate.type.BasicTypeRegistry - Adding type registration imm_time -> org.hibernate.type.BasicTypeReference@42b9ff30
10:24:46.040 [main] DEBUG org.hibernate.type.BasicTypeRegistry - Adding type registration imm_timestamp -> org.hibernate.type.BasicTypeReference@20fbd096
10:24:46.040 [main] DEBUG org.hibernate.type.BasicTypeRegistry - Adding type registration imm_calendar -> org.hibernate.type.BasicTypeReference@1e35432b
10:24:46.040 [main] DEBUG org.hibernate.type.BasicTypeRegistry - Adding type registration imm_calendar_date -> org.hibernate.type.BasicTypeReference@706e13b0
10:24:46.040 [main] DEBUG org.hibernate.type.BasicTypeRegistry - Adding type registration imm_calendar_time -> org.hibernate.type.BasicTypeReference@7da322f2
10:24:46.040 [main] DEBUG org.hibernate.type.BasicTypeRegistry - Adding type registration imm_binary -> org.hibernate.type.BasicTypeReference@32222b0
10:24:46.040 [main] DEBUG org.hibernate.type.BasicTypeRegistry - Adding type registration imm_serializable -> org.hibernate.type.BasicTypeReference@37ba15e4
10:24:46.042 [main] DEBUG org.hibernate.boot.internal.BootstrapContextImpl - Injecting ScanEnvironment [org.hibernate.jpa.boot.internal.StandardJpaScanEnvironmentImpl@37496330] into BootstrapContext; was [null]
10:24:46.042 [main] DEBUG org.hibernate.boot.internal.BootstrapContextImpl - Injecting ScanOptions [org.hibernate.boot.archive.scan.internal.StandardScanOptions@53197399] into BootstrapContext; was [org.hibernate.boot.archive.scan.internal.StandardScanOptions@413cece8]
10:24:46.080 [main] DEBUG org.hibernate.boot.internal.BootstrapContextImpl - Injecting JPA temp ClassLoader [null] into BootstrapContext; was [null]
10:24:46.080 [main] DEBUG org.hibernate.boot.internal.ClassLoaderAccessImpl - ClassLoaderAccessImpl#injectTempClassLoader(null) [was null]
10:24:46.081 [main] INFO org.hibernate.engine.jdbc.connections.internal.ConnectionProviderInitiator - HHH000130: Instantiating explicit connection provider: org.hibernate.hikaricp.internal.HikariCPConnectionProvider
10:24:46.081 [main] DEBUG org.hibernate.hikaricp.internal.HikariCPConnectionProvider - Configuring HikariCP
10:24:46.081 [main] DEBUG com.zaxxer.hikari.HikariConfig - Driver class org.h2.Driver found in Thread context class loader jdk.internal.loader.ClassLoaders$AppClassLoader@70dea4e
10:24:46.081 [main] DEBUG com.zaxxer.hikari.HikariConfig - FRC-PM-HikariCP - configuration:
10:24:46.081 [main] DEBUG com.zaxxer.hikari.HikariConfig - allowPoolSuspension.............false
10:24:46.081 [main] DEBUG com.zaxxer.hikari.HikariConfig - autoCommit......................true
10:24:46.081 [main] DEBUG com.zaxxer.hikari.HikariConfig - catalog.........................none
10:24:46.081 [main] DEBUG com.zaxxer.hikari.HikariConfig - connectionInitSql...............none
10:24:46.081 [main] DEBUG com.zaxxer.hikari.HikariConfig - connectionTestQuery.............none
10:24:46.081 [main] DEBUG com.zaxxer.hikari.HikariConfig - connectionTimeout...............10000
10:24:46.081 [main] DEBUG com.zaxxer.hikari.HikariConfig - dataSource......................none
10:24:46.081 [main] DEBUG com.zaxxer.hikari.HikariConfig - dataSourceClassName.............none
10:24:46.081 [main] DEBUG com.zaxxer.hikari.HikariConfig - dataSourceJNDI..................none
10:24:46.081 [main] DEBUG com.zaxxer.hikari.HikariConfig - dataSourceProperties............{password=<masked>}
10:24:46.081 [main] DEBUG com.zaxxer.hikari.HikariConfig - driverClassName................."org.h2.Driver"
10:24:46.081 [main] DEBUG com.zaxxer.hikari.HikariConfig - exceptionOverrideClassName......none
10:24:46.081 [main] DEBUG com.zaxxer.hikari.HikariConfig - healthCheckProperties...........{}
10:24:46.081 [main] DEBUG com.zaxxer.hikari.HikariConfig - healthCheckRegistry.............none
10:24:46.081 [main] DEBUG com.zaxxer.hikari.HikariConfig - idleTimeout.....................30000
10:24:46.081 [main] DEBUG com.zaxxer.hikari.HikariConfig - initializationFailTimeout.......1
10:24:46.081 [main] DEBUG com.zaxxer.hikari.HikariConfig - isolateInternalQueries..........false
10:24:46.081 [main] DEBUG com.zaxxer.hikari.HikariConfig - jdbcUrl.........................jdbc:h2:file:C:\Users\dhiebert\.frcpm\frcpm
10:24:46.081 [main] DEBUG com.zaxxer.hikari.HikariConfig - keepaliveTime...................0
10:24:46.081 [main] DEBUG com.zaxxer.hikari.HikariConfig - leakDetectionThreshold..........0
10:24:46.081 [main] DEBUG com.zaxxer.hikari.HikariConfig - maxLifetime.....................1800000
10:24:46.081 [main] DEBUG com.zaxxer.hikari.HikariConfig - maximumPoolSize.................10
10:24:46.081 [main] DEBUG com.zaxxer.hikari.HikariConfig - metricRegistry..................none
10:24:46.081 [main] DEBUG com.zaxxer.hikari.HikariConfig - metricsTrackerFactory...........none
10:24:46.081 [main] DEBUG com.zaxxer.hikari.HikariConfig - minimumIdle.....................2
10:24:46.081 [main] DEBUG com.zaxxer.hikari.HikariConfig - password........................<masked>
10:24:46.081 [main] DEBUG com.zaxxer.hikari.HikariConfig - poolName........................"FRC-PM-HikariCP"
10:24:46.081 [main] DEBUG com.zaxxer.hikari.HikariConfig - readOnly........................false
10:24:46.081 [main] DEBUG com.zaxxer.hikari.HikariConfig - registerMbeans..................false
10:24:46.081 [main] DEBUG com.zaxxer.hikari.HikariConfig - scheduledExecutor...............none
10:24:46.081 [main] DEBUG com.zaxxer.hikari.HikariConfig - schema..........................none
10:24:46.081 [main] DEBUG com.zaxxer.hikari.HikariConfig - threadFactory...................internal
10:24:46.081 [main] DEBUG com.zaxxer.hikari.HikariConfig - transactionIsolation............default
10:24:46.081 [main] DEBUG com.zaxxer.hikari.HikariConfig - username........................"sa"
10:24:46.081 [main] DEBUG com.zaxxer.hikari.HikariConfig - validationTimeout...............5000
10:24:46.081 [main] INFO com.zaxxer.hikari.HikariDataSource - FRC-PM-HikariCP - Starting...
10:24:46.087 [main] INFO com.zaxxer.hikari.pool.HikariPool - FRC-PM-HikariCP - Added connection conn128: url=jdbc:h2:file:C:\Users\dhiebert\.frcpm\frcpm user=SA
10:24:46.087 [main] INFO com.zaxxer.hikari.HikariDataSource - FRC-PM-HikariCP - Start completed.
10:24:46.087 [main] DEBUG org.hibernate.hikaricp.internal.HikariCPConnectionProvider - HikariCP Configured
10:24:46.087 [main] DEBUG org.hibernate.engine.jdbc.env.internal.JdbcEnvironmentInitiator - Database ->
	   name : H2
	version : 2.2.224 (2023-09-17)
	  major : 2
	  minor : 2
10:24:46.087 [main] DEBUG org.hibernate.engine.jdbc.env.internal.JdbcEnvironmentInitiator - Driver ->
	   name : H2 JDBC Driver
	version : 2.2.224 (2023-09-17)
	  major : 2
	  minor : 2
10:24:46.087 [main] DEBUG org.hibernate.engine.jdbc.env.internal.JdbcEnvironmentInitiator - JDBC version : 4.2
10:24:46.087 [main] WARN org.hibernate.orm.deprecation - HHH90000025: H2Dialect does not need to be specified explicitly using 'hibernate.dialect' (remove the property setting and it will be selected by default)
10:24:46.087 [main] DEBUG org.hibernate.orm.dialect - HHH035001: Using dialect: org.hibernate.dialect.H2Dialect, version: 2.2.224
10:24:46.087 [main] DEBUG org.hibernate.engine.jdbc.env.spi.IdentifierHelperBuilder - JDBC driver metadata reported database stores quoted identifiers in neither upper, lower nor mixed case
10:24:46.088 [main] DEBUG org.hibernate.type.descriptor.jdbc.spi.JdbcTypeRegistry - addDescriptor(NCharTypeDescriptor) replaced previous registration(CharTypeDescriptor)
10:24:46.088 [main] DEBUG org.hibernate.type.descriptor.jdbc.spi.JdbcTypeRegistry - addDescriptor(NVarcharTypeDescriptor) replaced previous registration(VarcharTypeDescriptor)
10:24:46.088 [main] DEBUG org.hibernate.type.descriptor.jdbc.spi.JdbcTypeRegistry - addDescriptor(LongNVarcharTypeDescriptor) replaced previous registration(LongVarcharTypeDescriptor)
10:24:46.088 [main] DEBUG org.hibernate.type.descriptor.jdbc.spi.JdbcTypeRegistry - addDescriptor(NClobTypeDescriptor(DEFAULT)) replaced previous registration(ClobTypeDescriptor(DEFAULT))
10:24:46.088 [main] DEBUG org.hibernate.type.descriptor.jdbc.spi.JdbcTypeRegistry - addDescriptor(2005, ClobTypeDescriptor(STREAM_BINDING)) replaced previous registration(ClobTypeDescriptor(DEFAULT))
10:24:46.088 [main] DEBUG org.hibernate.type.descriptor.jdbc.spi.JdbcTypeRegistry - addDescriptor(TimestampUtcDescriptor) replaced previous registration(TimestampUtcDescriptor)
10:24:46.088 [main] DEBUG org.hibernate.type.BasicTypeRegistry - Adding type registration org.hibernate.type.DurationType -> basicType@1819(java.time.Duration,3015)
10:24:46.088 [main] DEBUG org.hibernate.type.BasicTypeRegistry - Adding type registration Duration -> basicType@1819(java.time.Duration,3015)
10:24:46.088 [main] DEBUG org.hibernate.type.BasicTypeRegistry - Adding type registration java.time.Duration -> basicType@1819(java.time.Duration,3015)
10:24:46.088 [main] DEBUG org.hibernate.type.spi.TypeConfiguration$Scope - Scoping TypeConfiguration [org.hibernate.type.spi.TypeConfiguration@3aa4163c] to MetadataBuildingContext [org.hibernate.boot.internal.MetadataBuildingContextRootImpl@15c21c35]
10:24:46.088 [main] DEBUG org.hibernate.boot.model.relational.Namespace - Created database namespace [logicalName=Name{catalog=null, schema=null}, physicalName=Name{catalog=null, schema=null}]
10:24:46.088 [main] DEBUG org.hibernate.boot.model.internal.EntityBinder - Binding entity from annotated class: org.frcpm.models.Attendance
10:24:46.089 [main] DEBUG org.hibernate.boot.model.internal.EntityBinder - Import with entity name Attendance
10:24:46.089 [main] DEBUG org.hibernate.boot.model.internal.EntityBinder - Bind entity org.frcpm.models.Attendance on table attendances
10:24:46.089 [main] DEBUG org.hibernate.boot.model.internal.AnnotatedColumn - Binding column: AnnotatedDiscriminatorColumn(column='DTYPE')
10:24:46.089 [main] DEBUG org.hibernate.boot.model.internal.AnnotatedColumn - Binding column: AnnotatedColumn()
10:24:46.089 [main] DEBUG org.hibernate.boot.internal.ClassLoaderAccessImpl - Not known whether passed class name [org.frcpm.models.Attendance] is safe
10:24:46.089 [main] DEBUG org.hibernate.boot.internal.ClassLoaderAccessImpl - No temp ClassLoader provided; using live ClassLoader for loading potentially unsafe class : org.frcpm.models.Attendance
10:24:46.089 [main] DEBUG org.hibernate.boot.model.internal.PropertyBinder - MetadataSourceProcessor property id with lazy=false
10:24:46.089 [main] DEBUG org.hibernate.boot.model.internal.AbstractPropertyHolder - Attempting to locate auto-apply AttributeConverter for property [org.frcpm.models.Attendance:id]
10:24:46.089 [main] DEBUG org.hibernate.boot.model.internal.BasicValueBinder - building BasicValue for id
10:24:46.089 [main] DEBUG org.hibernate.mapping.BasicValue - Skipping column re-registration: attendances.id
10:24:46.089 [main] DEBUG org.hibernate.boot.model.internal.PropertyBinder - Building property id
10:24:46.089 [main] DEBUG org.hibernate.boot.model.internal.BinderHelper - #makeIdGenerator(BasicValue([Column(id)]), id, identity, , ...)
10:24:46.089 [main] DEBUG org.hibernate.boot.model.internal.AnnotatedColumn - Binding column: AnnotatedColumn(column='arrival_time')
10:24:46.089 [main] DEBUG org.hibernate.boot.model.internal.PropertyBinder - MetadataSourceProcessor property arrivalTime with lazy=false
10:24:46.089 [main] DEBUG org.hibernate.boot.model.internal.AbstractPropertyHolder - Attempting to locate auto-apply AttributeConverter for property [org.frcpm.models.Attendance:arrivalTime]
10:24:46.089 [main] DEBUG org.hibernate.boot.model.internal.BasicValueBinder - building BasicValue for arrivalTime
10:24:46.089 [main] DEBUG org.hibernate.mapping.BasicValue - Skipping column re-registration: attendances.arrival_time
10:24:46.089 [main] DEBUG org.hibernate.boot.model.internal.PropertyBinder - Building property arrivalTime
10:24:46.089 [main] DEBUG org.hibernate.boot.model.internal.AnnotatedColumn - Binding column: AnnotatedColumn(column='departure_time')
10:24:46.089 [main] DEBUG org.hibernate.boot.model.internal.PropertyBinder - MetadataSourceProcessor property departureTime with lazy=false
10:24:46.089 [main] DEBUG org.hibernate.boot.model.internal.AbstractPropertyHolder - Attempting to locate auto-apply AttributeConverter for property [org.frcpm.models.Attendance:departureTime]
10:24:46.089 [main] DEBUG org.hibernate.boot.model.internal.BasicValueBinder - building BasicValue for departureTime
10:24:46.089 [main] DEBUG org.hibernate.mapping.BasicValue - Skipping column re-registration: attendances.departure_time
10:24:46.089 [main] DEBUG org.hibernate.boot.model.internal.PropertyBinder - Building property departureTime
10:24:46.089 [main] DEBUG org.hibernate.boot.model.internal.AnnotatedColumn - Binding column: AnnotatedJoinColumn(column='meeting_id')
10:24:46.089 [main] DEBUG org.hibernate.boot.model.internal.AnnotatedColumn - Binding column: AnnotatedColumn()
10:24:46.089 [main] DEBUG org.hibernate.boot.model.internal.PropertyBinder - Building property meeting
10:24:46.089 [main] DEBUG org.hibernate.boot.model.internal.AnnotatedColumn - Binding column: AnnotatedJoinColumn(column='member_id')
10:24:46.089 [main] DEBUG org.hibernate.boot.model.internal.AnnotatedColumn - Binding column: AnnotatedColumn()
10:24:46.089 [main] DEBUG org.hibernate.boot.model.internal.PropertyBinder - Building property member
10:24:46.089 [main] DEBUG org.hibernate.boot.model.internal.AnnotatedColumn - Binding column: AnnotatedColumn(column='present')
10:24:46.089 [main] DEBUG org.hibernate.boot.model.internal.PropertyBinder - MetadataSourceProcessor property present with lazy=false
10:24:46.089 [main] DEBUG org.hibernate.boot.model.internal.AbstractPropertyHolder - Attempting to locate auto-apply AttributeConverter for property [org.frcpm.models.Attendance:present]
10:24:46.089 [main] DEBUG org.hibernate.boot.model.internal.BasicValueBinder - building BasicValue for present
10:24:46.089 [main] DEBUG org.hibernate.mapping.BasicValue - Skipping column re-registration: attendances.present
10:24:46.089 [main] DEBUG org.hibernate.boot.model.internal.PropertyBinder - Building property present
10:24:46.089 [main] DEBUG org.hibernate.boot.registry.classloading.internal.ClassLoaderServiceImpl - HHH000194: Package not found or no package-info.java: org.frcpm.models
10:24:46.089 [main] DEBUG org.hibernate.boot.model.internal.EntityBinder - Binding entity from annotated class: org.frcpm.models.Meeting
10:24:46.089 [main] DEBUG org.hibernate.boot.model.internal.EntityBinder - Import with entity name Meeting
10:24:46.089 [main] DEBUG org.hibernate.boot.model.internal.EntityBinder - Bind entity org.frcpm.models.Meeting on table meetings
10:24:46.089 [main] DEBUG org.hibernate.boot.model.internal.AnnotatedColumn - Binding column: AnnotatedDiscriminatorColumn(column='DTYPE')
10:24:46.089 [main] DEBUG org.hibernate.boot.model.internal.AnnotatedColumn - Binding column: AnnotatedColumn()
10:24:46.089 [main] DEBUG org.hibernate.boot.internal.ClassLoaderAccessImpl - Not known whether passed class name [org.frcpm.models.Meeting] is safe
10:24:46.089 [main] DEBUG org.hibernate.boot.internal.ClassLoaderAccessImpl - No temp ClassLoader provided; using live ClassLoader for loading potentially unsafe class : org.frcpm.models.Meeting
10:24:46.089 [main] DEBUG org.hibernate.boot.model.internal.PropertyBinder - MetadataSourceProcessor property id with lazy=false
10:24:46.089 [main] DEBUG org.hibernate.boot.model.internal.AbstractPropertyHolder - Attempting to locate auto-apply AttributeConverter for property [org.frcpm.models.Meeting:id]
10:24:46.089 [main] DEBUG org.hibernate.boot.model.internal.BasicValueBinder - building BasicValue for id
10:24:46.089 [main] DEBUG org.hibernate.mapping.BasicValue - Skipping column re-registration: meetings.id
10:24:46.089 [main] DEBUG org.hibernate.boot.model.internal.PropertyBinder - Building property id
10:24:46.089 [main] DEBUG org.hibernate.boot.model.internal.BinderHelper - #makeIdGenerator(BasicValue([Column(id)]), id, identity, , ...)
10:24:46.089 [main] DEBUG org.hibernate.boot.model.internal.AnnotatedColumn - Binding column: AnnotatedJoinColumn()
10:24:46.089 [main] DEBUG org.hibernate.boot.model.internal.AnnotatedColumn - Binding column: AnnotatedColumn()
10:24:46.089 [main] DEBUG org.hibernate.boot.model.internal.AnnotatedColumn - Binding column: IndexColumn(column='attendances_ORDER')
10:24:46.089 [main] DEBUG org.hibernate.boot.model.internal.AnnotatedColumn - Binding column: AnnotatedColumn()
10:24:46.089 [main] DEBUG org.hibernate.boot.model.internal.AnnotatedColumn - Binding column: AnnotatedColumn(column='attendances_KEY')
10:24:46.089 [main] DEBUG org.hibernate.boot.model.internal.AnnotatedColumn - Binding column: AnnotatedJoinColumn(column='attendances_KEY')
10:24:46.089 [main] DEBUG org.hibernate.boot.model.internal.AnnotatedColumn - Binding column: AnnotatedJoinColumn()
10:24:46.089 [main] DEBUG org.hibernate.boot.model.internal.AnnotatedColumn - Binding column: AnnotatedJoinColumn()
10:24:46.089 [main] DEBUG org.hibernate.boot.model.internal.CollectionBinder - Collection role: org.frcpm.models.Meeting.attendances
10:24:46.089 [main] DEBUG org.hibernate.boot.model.internal.PropertyBinder - Building property attendances
10:24:46.089 [main] DEBUG org.hibernate.boot.model.internal.AnnotatedColumn - Binding column: AnnotatedColumn(column='date')
10:24:46.089 [main] DEBUG org.hibernate.boot.model.internal.PropertyBinder - MetadataSourceProcessor property date with lazy=false
10:24:46.089 [main] DEBUG org.hibernate.boot.model.internal.AbstractPropertyHolder - Attempting to locate auto-apply AttributeConverter for property [org.frcpm.models.Meeting:date]
10:24:46.089 [main] DEBUG org.hibernate.boot.model.internal.BasicValueBinder - building BasicValue for date
10:24:46.089 [main] DEBUG org.hibernate.mapping.BasicValue - Skipping column re-registration: meetings.date
10:24:46.089 [main] DEBUG org.hibernate.boot.model.internal.PropertyBinder - Building property date
10:24:46.089 [main] DEBUG org.hibernate.boot.model.internal.AnnotatedColumn - Binding column: AnnotatedColumn(column='end_time')
10:24:46.089 [main] DEBUG org.hibernate.boot.model.internal.PropertyBinder - MetadataSourceProcessor property endTime with lazy=false
10:24:46.089 [main] DEBUG org.hibernate.boot.model.internal.AbstractPropertyHolder - Attempting to locate auto-apply AttributeConverter for property [org.frcpm.models.Meeting:endTime]
10:24:46.089 [main] DEBUG org.hibernate.boot.model.internal.BasicValueBinder - building BasicValue for endTime
10:24:46.090 [main] DEBUG org.hibernate.mapping.BasicValue - Skipping column re-registration: meetings.end_time
10:24:46.090 [main] DEBUG org.hibernate.boot.model.internal.PropertyBinder - Building property endTime
10:24:46.090 [main] DEBUG org.hibernate.boot.model.internal.AnnotatedColumn - Binding column: AnnotatedColumn(column='notes')
10:24:46.090 [main] DEBUG org.hibernate.boot.model.internal.PropertyBinder - MetadataSourceProcessor property notes with lazy=false
10:24:46.090 [main] DEBUG org.hibernate.boot.model.internal.AbstractPropertyHolder - Attempting to locate auto-apply AttributeConverter for property [org.frcpm.models.Meeting:notes]
10:24:46.090 [main] DEBUG org.hibernate.boot.model.internal.BasicValueBinder - building BasicValue for notes
10:24:46.090 [main] DEBUG org.hibernate.mapping.BasicValue - Skipping column re-registration: meetings.notes
10:24:46.090 [main] DEBUG org.hibernate.boot.model.internal.PropertyBinder - Building property notes
10:24:46.090 [main] DEBUG org.hibernate.boot.model.internal.AnnotatedColumn - Binding column: AnnotatedJoinColumn(column='project_id')
10:24:46.090 [main] DEBUG org.hibernate.boot.model.internal.AnnotatedColumn - Binding column: AnnotatedColumn()
10:24:46.090 [main] DEBUG org.hibernate.boot.model.internal.PropertyBinder - Building property project
10:24:46.090 [main] DEBUG org.hibernate.boot.model.internal.AnnotatedColumn - Binding column: AnnotatedColumn(column='start_time')
10:24:46.090 [main] DEBUG org.hibernate.boot.model.internal.PropertyBinder - MetadataSourceProcessor property startTime with lazy=false
10:24:46.090 [main] DEBUG org.hibernate.boot.model.internal.AbstractPropertyHolder - Attempting to locate auto-apply AttributeConverter for property [org.frcpm.models.Meeting:startTime]
10:24:46.090 [main] DEBUG org.hibernate.boot.model.internal.BasicValueBinder - building BasicValue for startTime
10:24:46.090 [main] DEBUG org.hibernate.mapping.BasicValue - Skipping column re-registration: meetings.start_time
10:24:46.090 [main] DEBUG org.hibernate.boot.model.internal.PropertyBinder - Building property startTime
10:24:46.090 [main] DEBUG org.hibernate.boot.registry.classloading.internal.ClassLoaderServiceImpl - HHH000194: Package not found or no package-info.java: org.frcpm.models
10:24:46.090 [main] DEBUG org.hibernate.boot.model.internal.EntityBinder - Binding entity from annotated class: org.frcpm.models.Subsystem
10:24:46.090 [main] DEBUG org.hibernate.boot.model.internal.EntityBinder - Import with entity name Subsystem
10:24:46.090 [main] DEBUG org.hibernate.boot.model.internal.EntityBinder - Bind entity org.frcpm.models.Subsystem on table subsystems
10:24:46.090 [main] DEBUG org.hibernate.boot.model.internal.AnnotatedColumn - Binding column: AnnotatedDiscriminatorColumn(column='DTYPE')
10:24:46.090 [main] DEBUG org.hibernate.boot.model.internal.AnnotatedColumn - Binding column: AnnotatedColumn()
10:24:46.090 [main] DEBUG org.hibernate.boot.internal.ClassLoaderAccessImpl - Not known whether passed class name [org.frcpm.models.Subsystem] is safe
10:24:46.090 [main] DEBUG org.hibernate.boot.internal.ClassLoaderAccessImpl - No temp ClassLoader provided; using live ClassLoader for loading potentially unsafe class : org.frcpm.models.Subsystem
10:24:46.090 [main] DEBUG org.hibernate.boot.model.internal.PropertyBinder - MetadataSourceProcessor property id with lazy=false
10:24:46.090 [main] DEBUG org.hibernate.boot.model.internal.AbstractPropertyHolder - Attempting to locate auto-apply AttributeConverter for property [org.frcpm.models.Subsystem:id]
10:24:46.090 [main] DEBUG org.hibernate.boot.model.internal.BasicValueBinder - building BasicValue for id
10:24:46.090 [main] DEBUG org.hibernate.mapping.BasicValue - Skipping column re-registration: subsystems.id
10:24:46.090 [main] DEBUG org.hibernate.boot.model.internal.PropertyBinder - Building property id
10:24:46.090 [main] DEBUG org.hibernate.boot.model.internal.BinderHelper - #makeIdGenerator(BasicValue([Column(id)]), id, identity, , ...)
10:24:46.090 [main] DEBUG org.hibernate.boot.model.internal.AnnotatedColumn - Binding column: AnnotatedColumn(column='description')
10:24:46.090 [main] DEBUG org.hibernate.boot.model.internal.PropertyBinder - MetadataSourceProcessor property description with lazy=false
10:24:46.090 [main] DEBUG org.hibernate.boot.model.internal.AbstractPropertyHolder - Attempting to locate auto-apply AttributeConverter for property [org.frcpm.models.Subsystem:description]
10:24:46.090 [main] DEBUG org.hibernate.boot.model.internal.BasicValueBinder - building BasicValue for description
10:24:46.090 [main] DEBUG org.hibernate.mapping.BasicValue - Skipping column re-registration: subsystems.description
10:24:46.090 [main] DEBUG org.hibernate.boot.model.internal.PropertyBinder - Building property description
10:24:46.090 [main] DEBUG org.hibernate.boot.model.internal.AnnotatedColumn - Binding column: AnnotatedColumn(column='name')
10:24:46.090 [main] DEBUG org.hibernate.boot.model.internal.PropertyBinder - MetadataSourceProcessor property name with lazy=false
10:24:46.090 [main] DEBUG org.hibernate.boot.model.internal.AbstractPropertyHolder - Attempting to locate auto-apply AttributeConverter for property [org.frcpm.models.Subsystem:name]
10:24:46.090 [main] DEBUG org.hibernate.boot.model.internal.BasicValueBinder - building BasicValue for name
10:24:46.090 [main] DEBUG org.hibernate.mapping.BasicValue - Skipping column re-registration: subsystems.name
10:24:46.090 [main] DEBUG org.hibernate.boot.model.internal.PropertyBinder - Building property name
10:24:46.090 [main] DEBUG org.hibernate.boot.model.internal.AnnotatedColumn - Binding column: AnnotatedJoinColumn(column='responsible_subteam_id')
10:24:46.090 [main] DEBUG org.hibernate.boot.model.internal.AnnotatedColumn - Binding column: AnnotatedColumn()
10:24:46.090 [main] DEBUG org.hibernate.boot.model.internal.PropertyBinder - Building property responsibleSubteam
10:24:46.090 [main] DEBUG org.hibernate.boot.model.internal.AnnotatedColumn - Binding column: AnnotatedColumn(column='status')
10:24:46.090 [main] DEBUG org.hibernate.boot.model.internal.PropertyBinder - MetadataSourceProcessor property status with lazy=false
10:24:46.090 [main] DEBUG org.hibernate.boot.model.internal.AbstractPropertyHolder - Attempting to locate auto-apply AttributeConverter for property [org.frcpm.models.Subsystem:status]
10:24:46.090 [main] DEBUG org.hibernate.boot.model.internal.BasicValueBinder - building BasicValue for status
10:24:46.090 [main] DEBUG org.hibernate.mapping.BasicValue - Skipping column re-registration: subsystems.status
10:24:46.090 [main] DEBUG org.hibernate.boot.model.internal.PropertyBinder - Building property status
10:24:46.090 [main] DEBUG org.hibernate.boot.model.internal.AnnotatedColumn - Binding column: AnnotatedJoinColumn()
10:24:46.090 [main] DEBUG org.hibernate.boot.model.internal.AnnotatedColumn - Binding column: AnnotatedColumn()
10:24:46.090 [main] DEBUG org.hibernate.boot.model.internal.AnnotatedColumn - Binding column: IndexColumn(column='tasks_ORDER')
10:24:46.090 [main] DEBUG org.hibernate.boot.model.internal.AnnotatedColumn - Binding column: AnnotatedColumn()
10:24:46.090 [main] DEBUG org.hibernate.boot.model.internal.AnnotatedColumn - Binding column: AnnotatedColumn(column='tasks_KEY')
10:24:46.090 [main] DEBUG org.hibernate.boot.model.internal.AnnotatedColumn - Binding column: AnnotatedJoinColumn(column='tasks_KEY')
10:24:46.090 [main] DEBUG org.hibernate.boot.model.internal.AnnotatedColumn - Binding column: AnnotatedJoinColumn()
10:24:46.090 [main] DEBUG org.hibernate.boot.model.internal.AnnotatedColumn - Binding column: AnnotatedJoinColumn()
10:24:46.090 [main] DEBUG org.hibernate.boot.model.internal.CollectionBinder - Collection role: org.frcpm.models.Subsystem.tasks
10:24:46.090 [main] DEBUG org.hibernate.boot.model.internal.PropertyBinder - Building property tasks
10:24:46.090 [main] DEBUG org.hibernate.boot.registry.classloading.internal.ClassLoaderServiceImpl - HHH000194: Package not found or no package-info.java: org.frcpm.models
10:24:46.090 [main] DEBUG org.hibernate.boot.model.internal.EntityBinder - Binding entity from annotated class: org.frcpm.models.Component
10:24:46.090 [main] DEBUG org.hibernate.boot.model.internal.EntityBinder - Import with entity name Component
10:24:46.090 [main] DEBUG org.hibernate.boot.model.internal.EntityBinder - Bind entity org.frcpm.models.Component on table components
10:24:46.090 [main] DEBUG org.hibernate.boot.model.internal.AnnotatedColumn - Binding column: AnnotatedDiscriminatorColumn(column='DTYPE')
10:24:46.091 [main] DEBUG org.hibernate.boot.model.internal.AnnotatedColumn - Binding column: AnnotatedColumn()
10:24:46.091 [main] DEBUG org.hibernate.boot.internal.ClassLoaderAccessImpl - Not known whether passed class name [org.frcpm.models.Component] is safe
10:24:46.091 [main] DEBUG org.hibernate.boot.internal.ClassLoaderAccessImpl - No temp ClassLoader provided; using live ClassLoader for loading potentially unsafe class : org.frcpm.models.Component
10:24:46.091 [main] DEBUG org.hibernate.boot.model.internal.PropertyBinder - MetadataSourceProcessor property id with lazy=false
10:24:46.091 [main] DEBUG org.hibernate.boot.model.internal.AbstractPropertyHolder - Attempting to locate auto-apply AttributeConverter for property [org.frcpm.models.Component:id]
10:24:46.091 [main] DEBUG org.hibernate.boot.model.internal.BasicValueBinder - building BasicValue for id
10:24:46.091 [main] DEBUG org.hibernate.mapping.BasicValue - Skipping column re-registration: components.id
10:24:46.091 [main] DEBUG org.hibernate.boot.model.internal.PropertyBinder - Building property id
10:24:46.091 [main] DEBUG org.hibernate.boot.model.internal.BinderHelper - #makeIdGenerator(BasicValue([Column(id)]), id, identity, , ...)
10:24:46.091 [main] DEBUG org.hibernate.boot.model.internal.AnnotatedColumn - Binding column: AnnotatedColumn(column='actual_delivery')
10:24:46.091 [main] DEBUG org.hibernate.boot.model.internal.PropertyBinder - MetadataSourceProcessor property actualDelivery with lazy=false
10:24:46.091 [main] DEBUG org.hibernate.boot.model.internal.AbstractPropertyHolder - Attempting to locate auto-apply AttributeConverter for property [org.frcpm.models.Component:actualDelivery]
10:24:46.091 [main] DEBUG org.hibernate.boot.model.internal.BasicValueBinder - building BasicValue for actualDelivery
10:24:46.091 [main] DEBUG org.hibernate.mapping.BasicValue - Skipping column re-registration: components.actual_delivery
10:24:46.091 [main] DEBUG org.hibernate.boot.model.internal.PropertyBinder - Building property actualDelivery
10:24:46.091 [main] DEBUG org.hibernate.boot.model.internal.AnnotatedColumn - Binding column: AnnotatedColumn(column='is_delivered')
10:24:46.091 [main] DEBUG org.hibernate.boot.model.internal.PropertyBinder - MetadataSourceProcessor property delivered with lazy=false
10:24:46.091 [main] DEBUG org.hibernate.boot.model.internal.AbstractPropertyHolder - Attempting to locate auto-apply AttributeConverter for property [org.frcpm.models.Component:delivered]
10:24:46.091 [main] DEBUG org.hibernate.boot.model.internal.BasicValueBinder - building BasicValue for delivered
10:24:46.091 [main] DEBUG org.hibernate.mapping.BasicValue - Skipping column re-registration: components.is_delivered
10:24:46.091 [main] DEBUG org.hibernate.boot.model.internal.PropertyBinder - Building property delivered
10:24:46.091 [main] DEBUG org.hibernate.boot.model.internal.AnnotatedColumn - Binding column: AnnotatedColumn(column='description')
10:24:46.091 [main] DEBUG org.hibernate.boot.model.internal.PropertyBinder - MetadataSourceProcessor property description with lazy=false
10:24:46.091 [main] DEBUG org.hibernate.boot.model.internal.AbstractPropertyHolder - Attempting to locate auto-apply AttributeConverter for property [org.frcpm.models.Component:description]
10:24:46.091 [main] DEBUG org.hibernate.boot.model.internal.BasicValueBinder - building BasicValue for description
10:24:46.091 [main] DEBUG org.hibernate.mapping.BasicValue - Skipping column re-registration: components.description
10:24:46.091 [main] DEBUG org.hibernate.boot.model.internal.PropertyBinder - Building property description
10:24:46.091 [main] DEBUG org.hibernate.boot.model.internal.AnnotatedColumn - Binding column: AnnotatedColumn(column='expected_delivery')
10:24:46.091 [main] DEBUG org.hibernate.boot.model.internal.PropertyBinder - MetadataSourceProcessor property expectedDelivery with lazy=false
10:24:46.091 [main] DEBUG org.hibernate.boot.model.internal.AbstractPropertyHolder - Attempting to locate auto-apply AttributeConverter for property [org.frcpm.models.Component:expectedDelivery]
10:24:46.091 [main] DEBUG org.hibernate.boot.model.internal.BasicValueBinder - building BasicValue for expectedDelivery
10:24:46.091 [main] DEBUG org.hibernate.mapping.BasicValue - Skipping column re-registration: components.expected_delivery
10:24:46.091 [main] DEBUG org.hibernate.boot.model.internal.PropertyBinder - Building property expectedDelivery
10:24:46.091 [main] DEBUG org.hibernate.boot.model.internal.AnnotatedColumn - Binding column: AnnotatedColumn(column='name')
10:24:46.091 [main] DEBUG org.hibernate.boot.model.internal.PropertyBinder - MetadataSourceProcessor property name with lazy=false
10:24:46.091 [main] DEBUG org.hibernate.boot.model.internal.AbstractPropertyHolder - Attempting to locate auto-apply AttributeConverter for property [org.frcpm.models.Component:name]
10:24:46.091 [main] DEBUG org.hibernate.boot.model.internal.BasicValueBinder - building BasicValue for name
10:24:46.091 [main] DEBUG org.hibernate.mapping.BasicValue - Skipping column re-registration: components.name
10:24:46.091 [main] DEBUG org.hibernate.boot.model.internal.PropertyBinder - Building property name
10:24:46.091 [main] DEBUG org.hibernate.boot.model.internal.AnnotatedColumn - Binding column: AnnotatedColumn(column='part_number')
10:24:46.091 [main] DEBUG org.hibernate.boot.model.internal.PropertyBinder - MetadataSourceProcessor property partNumber with lazy=false
10:24:46.091 [main] DEBUG org.hibernate.boot.model.internal.AbstractPropertyHolder - Attempting to locate auto-apply AttributeConverter for property [org.frcpm.models.Component:partNumber]
10:24:46.091 [main] DEBUG org.hibernate.boot.model.internal.BasicValueBinder - building BasicValue for partNumber
10:24:46.091 [main] DEBUG org.hibernate.mapping.BasicValue - Skipping column re-registration: components.part_number
10:24:46.091 [main] DEBUG org.hibernate.boot.model.internal.PropertyBinder - Building property partNumber
10:24:46.091 [main] DEBUG org.hibernate.boot.model.internal.AnnotatedColumn - Binding column: IndexColumn(column='requiredForTasks_ORDER')
10:24:46.091 [main] DEBUG org.hibernate.boot.model.internal.AnnotatedColumn - Binding column: AnnotatedColumn()
10:24:46.091 [main] DEBUG org.hibernate.boot.model.internal.AnnotatedColumn - Binding column: AnnotatedColumn(column='requiredForTasks_KEY')
10:24:46.091 [main] DEBUG org.hibernate.boot.model.internal.AnnotatedColumn - Binding column: AnnotatedJoinColumn(column='requiredForTasks_KEY')
10:24:46.091 [main] DEBUG org.hibernate.boot.model.internal.AnnotatedColumn - Binding column: AnnotatedJoinColumn()
10:24:46.091 [main] DEBUG org.hibernate.boot.model.internal.AnnotatedColumn - Binding column: AnnotatedJoinColumn()
10:24:46.091 [main] DEBUG org.hibernate.boot.model.internal.CollectionBinder - Collection role: org.frcpm.models.Component.requiredForTasks
10:24:46.091 [main] DEBUG org.hibernate.boot.model.internal.PropertyBinder - Building property requiredForTasks
10:24:46.091 [main] DEBUG org.hibernate.boot.registry.classloading.internal.ClassLoaderServiceImpl - HHH000194: Package not found or no package-info.java: org.frcpm.models
10:24:46.091 [main] DEBUG org.hibernate.boot.model.internal.EntityBinder - Binding entity from annotated class: org.frcpm.models.Milestone
10:24:46.091 [main] DEBUG org.hibernate.boot.model.internal.EntityBinder - Import with entity name Milestone
10:24:46.091 [main] DEBUG org.hibernate.boot.model.internal.EntityBinder - Bind entity org.frcpm.models.Milestone on table milestones
10:24:46.091 [main] DEBUG org.hibernate.boot.model.internal.AnnotatedColumn - Binding column: AnnotatedDiscriminatorColumn(column='DTYPE')
10:24:46.091 [main] DEBUG org.hibernate.boot.model.internal.AnnotatedColumn - Binding column: AnnotatedColumn()
10:24:46.091 [main] DEBUG org.hibernate.boot.internal.ClassLoaderAccessImpl - Not known whether passed class name [org.frcpm.models.Milestone] is safe
10:24:46.091 [main] DEBUG org.hibernate.boot.internal.ClassLoaderAccessImpl - No temp ClassLoader provided; using live ClassLoader for loading potentially unsafe class : org.frcpm.models.Milestone
10:24:46.091 [main] DEBUG org.hibernate.boot.model.internal.PropertyBinder - MetadataSourceProcessor property id with lazy=false
10:24:46.091 [main] DEBUG org.hibernate.boot.model.internal.AbstractPropertyHolder - Attempting to locate auto-apply AttributeConverter for property [org.frcpm.models.Milestone:id]
10:24:46.091 [main] DEBUG org.hibernate.boot.model.internal.BasicValueBinder - building BasicValue for id
10:24:46.091 [main] DEBUG org.hibernate.mapping.BasicValue - Skipping column re-registration: milestones.id
10:24:46.091 [main] DEBUG org.hibernate.boot.model.internal.PropertyBinder - Building property id
10:24:46.091 [main] DEBUG org.hibernate.boot.model.internal.BinderHelper - #makeIdGenerator(BasicValue([Column(id)]), id, identity, , ...)
10:24:46.091 [main] DEBUG org.hibernate.boot.model.internal.AnnotatedColumn - Binding column: AnnotatedColumn(column='date')
10:24:46.091 [main] DEBUG org.hibernate.boot.model.internal.PropertyBinder - MetadataSourceProcessor property date with lazy=false
10:24:46.091 [main] DEBUG org.hibernate.boot.model.internal.AbstractPropertyHolder - Attempting to locate auto-apply AttributeConverter for property [org.frcpm.models.Milestone:date]
10:24:46.091 [main] DEBUG org.hibernate.boot.model.internal.BasicValueBinder - building BasicValue for date
10:24:46.091 [main] DEBUG org.hibernate.mapping.BasicValue - Skipping column re-registration: milestones.date
10:24:46.091 [main] DEBUG org.hibernate.boot.model.internal.PropertyBinder - Building property date
10:24:46.091 [main] DEBUG org.hibernate.boot.model.internal.AnnotatedColumn - Binding column: AnnotatedColumn(column='description')
10:24:46.091 [main] DEBUG org.hibernate.boot.model.internal.PropertyBinder - MetadataSourceProcessor property description with lazy=false
10:24:46.091 [main] DEBUG org.hibernate.boot.model.internal.AbstractPropertyHolder - Attempting to locate auto-apply AttributeConverter for property [org.frcpm.models.Milestone:description]
10:24:46.091 [main] DEBUG org.hibernate.boot.model.internal.BasicValueBinder - building BasicValue for description
10:24:46.091 [main] DEBUG org.hibernate.mapping.BasicValue - Skipping column re-registration: milestones.description
10:24:46.091 [main] DEBUG org.hibernate.boot.model.internal.PropertyBinder - Building property description
10:24:46.091 [main] DEBUG org.hibernate.boot.model.internal.AnnotatedColumn - Binding column: AnnotatedColumn(column='name')
10:24:46.091 [main] DEBUG org.hibernate.boot.model.internal.PropertyBinder - MetadataSourceProcessor property name with lazy=false
10:24:46.091 [main] DEBUG org.hibernate.boot.model.internal.AbstractPropertyHolder - Attempting to locate auto-apply AttributeConverter for property [org.frcpm.models.Milestone:name]
10:24:46.091 [main] DEBUG org.hibernate.boot.model.internal.BasicValueBinder - building BasicValue for name
10:24:46.091 [main] DEBUG org.hibernate.mapping.BasicValue - Skipping column re-registration: milestones.name
10:24:46.091 [main] DEBUG org.hibernate.boot.model.internal.PropertyBinder - Building property name
10:24:46.091 [main] DEBUG org.hibernate.boot.model.internal.AnnotatedColumn - Binding column: AnnotatedJoinColumn(column='project_id')
10:24:46.091 [main] DEBUG org.hibernate.boot.model.internal.AnnotatedColumn - Binding column: AnnotatedColumn()
10:24:46.091 [main] DEBUG org.hibernate.boot.model.internal.PropertyBinder - Building property project
10:24:46.091 [main] DEBUG org.hibernate.boot.registry.classloading.internal.ClassLoaderServiceImpl - HHH000194: Package not found or no package-info.java: org.frcpm.models
10:24:46.091 [main] DEBUG org.hibernate.boot.model.internal.EntityBinder - Binding entity from annotated class: org.frcpm.models.Project
10:24:46.091 [main] DEBUG org.hibernate.boot.model.internal.EntityBinder - Import with entity name Project
10:24:46.091 [main] DEBUG org.hibernate.boot.model.internal.EntityBinder - Bind entity org.frcpm.models.Project on table projects
10:24:46.091 [main] DEBUG org.hibernate.boot.model.internal.AnnotatedColumn - Binding column: AnnotatedDiscriminatorColumn(column='DTYPE')
10:24:46.091 [main] DEBUG org.hibernate.boot.model.internal.AnnotatedColumn - Binding column: AnnotatedColumn()
10:24:46.091 [main] DEBUG org.hibernate.boot.internal.ClassLoaderAccessImpl - Not known whether passed class name [org.frcpm.models.Project] is safe
10:24:46.091 [main] DEBUG org.hibernate.boot.internal.ClassLoaderAccessImpl - No temp ClassLoader provided; using live ClassLoader for loading potentially unsafe class : org.frcpm.models.Project
10:24:46.091 [main] DEBUG org.hibernate.boot.model.internal.PropertyBinder - MetadataSourceProcessor property id with lazy=false
10:24:46.091 [main] DEBUG org.hibernate.boot.model.internal.AbstractPropertyHolder - Attempting to locate auto-apply AttributeConverter for property [org.frcpm.models.Project:id]
10:24:46.091 [main] DEBUG org.hibernate.boot.model.internal.BasicValueBinder - building BasicValue for id
10:24:46.091 [main] DEBUG org.hibernate.mapping.BasicValue - Skipping column re-registration: projects.id
10:24:46.091 [main] DEBUG org.hibernate.boot.model.internal.PropertyBinder - Building property id
10:24:46.091 [main] DEBUG org.hibernate.boot.model.internal.BinderHelper - #makeIdGenerator(BasicValue([Column(id)]), id, identity, , ...)
10:24:46.091 [main] DEBUG org.hibernate.boot.model.internal.AnnotatedColumn - Binding column: AnnotatedColumn(column='description')
10:24:46.091 [main] DEBUG org.hibernate.boot.model.internal.PropertyBinder - MetadataSourceProcessor property description with lazy=false
10:24:46.091 [main] DEBUG org.hibernate.boot.model.internal.AbstractPropertyHolder - Attempting to locate auto-apply AttributeConverter for property [org.frcpm.models.Project:description]
10:24:46.091 [main] DEBUG org.hibernate.boot.model.internal.BasicValueBinder - building BasicValue for description
10:24:46.091 [main] DEBUG org.hibernate.mapping.BasicValue - Skipping column re-registration: projects.description
10:24:46.091 [main] DEBUG org.hibernate.boot.model.internal.PropertyBinder - Building property description
10:24:46.091 [main] DEBUG org.hibernate.boot.model.internal.AnnotatedColumn - Binding column: AnnotatedColumn(column='goal_end_date')
10:24:46.091 [main] DEBUG org.hibernate.boot.model.internal.PropertyBinder - MetadataSourceProcessor property goalEndDate with lazy=false
10:24:46.091 [main] DEBUG org.hibernate.boot.model.internal.AbstractPropertyHolder - Attempting to locate auto-apply AttributeConverter for property [org.frcpm.models.Project:goalEndDate]
10:24:46.091 [main] DEBUG org.hibernate.boot.model.internal.BasicValueBinder - building BasicValue for goalEndDate
10:24:46.093 [main] DEBUG org.hibernate.mapping.BasicValue - Skipping column re-registration: projects.goal_end_date
10:24:46.093 [main] DEBUG org.hibernate.boot.model.internal.PropertyBinder - Building property goalEndDate
10:24:46.093 [main] DEBUG org.hibernate.boot.model.internal.AnnotatedColumn - Binding column: AnnotatedColumn(column='hard_deadline')
10:24:46.093 [main] DEBUG org.hibernate.boot.model.internal.PropertyBinder - MetadataSourceProcessor property hardDeadline with lazy=false
10:24:46.093 [main] DEBUG org.hibernate.boot.model.internal.AbstractPropertyHolder - Attempting to locate auto-apply AttributeConverter for property [org.frcpm.models.Project:hardDeadline]
10:24:46.093 [main] DEBUG org.hibernate.boot.model.internal.BasicValueBinder - building BasicValue for hardDeadline
10:24:46.093 [main] DEBUG org.hibernate.mapping.BasicValue - Skipping column re-registration: projects.hard_deadline
10:24:46.093 [main] DEBUG org.hibernate.boot.model.internal.PropertyBinder - Building property hardDeadline
10:24:46.093 [main] DEBUG org.hibernate.boot.model.internal.AnnotatedColumn - Binding column: AnnotatedJoinColumn()
10:24:46.093 [main] DEBUG org.hibernate.boot.model.internal.AnnotatedColumn - Binding column: AnnotatedColumn()
10:24:46.093 [main] DEBUG org.hibernate.boot.model.internal.AnnotatedColumn - Binding column: IndexColumn(column='meetings_ORDER')
10:24:46.093 [main] DEBUG org.hibernate.boot.model.internal.AnnotatedColumn - Binding column: AnnotatedColumn()
10:24:46.093 [main] DEBUG org.hibernate.boot.model.internal.AnnotatedColumn - Binding column: AnnotatedColumn(column='meetings_KEY')
10:24:46.093 [main] DEBUG org.hibernate.boot.model.internal.AnnotatedColumn - Binding column: AnnotatedJoinColumn(column='meetings_KEY')
10:24:46.093 [main] DEBUG org.hibernate.boot.model.internal.AnnotatedColumn - Binding column: AnnotatedJoinColumn()
10:24:46.093 [main] DEBUG org.hibernate.boot.model.internal.AnnotatedColumn - Binding column: AnnotatedJoinColumn()
10:24:46.093 [main] DEBUG org.hibernate.boot.model.internal.CollectionBinder - Collection role: org.frcpm.models.Project.meetings
10:24:46.093 [main] DEBUG org.hibernate.boot.model.internal.PropertyBinder - Building property meetings
10:24:46.093 [main] DEBUG org.hibernate.boot.model.internal.AnnotatedColumn - Binding column: AnnotatedJoinColumn()
10:24:46.093 [main] DEBUG org.hibernate.boot.model.internal.AnnotatedColumn - Binding column: AnnotatedColumn()
10:24:46.093 [main] DEBUG org.hibernate.boot.model.internal.AnnotatedColumn - Binding column: IndexColumn(column='milestones_ORDER')
10:24:46.093 [main] DEBUG org.hibernate.boot.model.internal.AnnotatedColumn - Binding column: AnnotatedColumn()
10:24:46.093 [main] DEBUG org.hibernate.boot.model.internal.AnnotatedColumn - Binding column: AnnotatedColumn(column='milestones_KEY')
10:24:46.093 [main] DEBUG org.hibernate.boot.model.internal.AnnotatedColumn - Binding column: AnnotatedJoinColumn(column='milestones_KEY')
10:24:46.093 [main] DEBUG org.hibernate.boot.model.internal.AnnotatedColumn - Binding column: AnnotatedJoinColumn()
10:24:46.093 [main] DEBUG org.hibernate.boot.model.internal.AnnotatedColumn - Binding column: AnnotatedJoinColumn()
10:24:46.093 [main] DEBUG org.hibernate.boot.model.internal.CollectionBinder - Collection role: org.frcpm.models.Project.milestones
10:24:46.093 [main] DEBUG org.hibernate.boot.model.internal.PropertyBinder - Building property milestones
10:24:46.093 [main] DEBUG org.hibernate.boot.model.internal.AnnotatedColumn - Binding column: AnnotatedColumn(column='name')
10:24:46.093 [main] DEBUG org.hibernate.boot.model.internal.PropertyBinder - MetadataSourceProcessor property name with lazy=false
10:24:46.093 [main] DEBUG org.hibernate.boot.model.internal.AbstractPropertyHolder - Attempting to locate auto-apply AttributeConverter for property [org.frcpm.models.Project:name]
10:24:46.093 [main] DEBUG org.hibernate.boot.model.internal.BasicValueBinder - building BasicValue for name
10:24:46.093 [main] DEBUG org.hibernate.mapping.BasicValue - Skipping column re-registration: projects.name
10:24:46.093 [main] DEBUG org.hibernate.boot.model.internal.PropertyBinder - Building property name
10:24:46.093 [main] DEBUG org.hibernate.boot.model.internal.AnnotatedColumn - Binding column: AnnotatedColumn(column='start_date')
10:24:46.093 [main] DEBUG org.hibernate.boot.model.internal.PropertyBinder - MetadataSourceProcessor property startDate with lazy=false
10:24:46.093 [main] DEBUG org.hibernate.boot.model.internal.AbstractPropertyHolder - Attempting to locate auto-apply AttributeConverter for property [org.frcpm.models.Project:startDate]
10:24:46.093 [main] DEBUG org.hibernate.boot.model.internal.BasicValueBinder - building BasicValue for startDate
10:24:46.093 [main] DEBUG org.hibernate.mapping.BasicValue - Skipping column re-registration: projects.start_date
10:24:46.093 [main] DEBUG org.hibernate.boot.model.internal.PropertyBinder - Building property startDate
10:24:46.093 [main] DEBUG org.hibernate.boot.model.internal.AnnotatedColumn - Binding column: AnnotatedJoinColumn()
10:24:46.093 [main] DEBUG org.hibernate.boot.model.internal.AnnotatedColumn - Binding column: AnnotatedColumn()
10:24:46.093 [main] DEBUG org.hibernate.boot.model.internal.AnnotatedColumn - Binding column: IndexColumn(column='tasks_ORDER')
10:24:46.093 [main] DEBUG org.hibernate.boot.model.internal.AnnotatedColumn - Binding column: AnnotatedColumn()
10:24:46.093 [main] DEBUG org.hibernate.boot.model.internal.AnnotatedColumn - Binding column: AnnotatedColumn(column='tasks_KEY')
10:24:46.093 [main] DEBUG org.hibernate.boot.model.internal.AnnotatedColumn - Binding column: AnnotatedJoinColumn(column='tasks_KEY')
10:24:46.093 [main] DEBUG org.hibernate.boot.model.internal.AnnotatedColumn - Binding column: AnnotatedJoinColumn()
10:24:46.093 [main] DEBUG org.hibernate.boot.model.internal.AnnotatedColumn - Binding column: AnnotatedJoinColumn()
10:24:46.093 [main] DEBUG org.hibernate.boot.model.internal.CollectionBinder - Collection role: org.frcpm.models.Project.tasks
10:24:46.093 [main] DEBUG org.hibernate.boot.model.internal.PropertyBinder - Building property tasks
10:24:46.093 [main] DEBUG org.hibernate.boot.registry.classloading.internal.ClassLoaderServiceImpl - HHH000194: Package not found or no package-info.java: org.frcpm.models
10:24:46.093 [main] DEBUG org.hibernate.boot.model.internal.EntityBinder - Binding entity from annotated class: org.frcpm.models.Subteam
10:24:46.093 [main] DEBUG org.hibernate.boot.model.internal.EntityBinder - Import with entity name Subteam
10:24:46.093 [main] DEBUG org.hibernate.boot.model.internal.EntityBinder - Bind entity org.frcpm.models.Subteam on table subteams
10:24:46.093 [main] DEBUG org.hibernate.boot.model.internal.AnnotatedColumn - Binding column: AnnotatedDiscriminatorColumn(column='DTYPE')
10:24:46.093 [main] DEBUG org.hibernate.boot.model.internal.AnnotatedColumn - Binding column: AnnotatedColumn()
10:24:46.093 [main] DEBUG org.hibernate.boot.internal.ClassLoaderAccessImpl - Not known whether passed class name [org.frcpm.models.Subteam] is safe
10:24:46.093 [main] DEBUG org.hibernate.boot.internal.ClassLoaderAccessImpl - No temp ClassLoader provided; using live ClassLoader for loading potentially unsafe class : org.frcpm.models.Subteam
10:24:46.093 [main] DEBUG org.hibernate.boot.model.internal.PropertyBinder - MetadataSourceProcessor property id with lazy=false
10:24:46.093 [main] DEBUG org.hibernate.boot.model.internal.AbstractPropertyHolder - Attempting to locate auto-apply AttributeConverter for property [org.frcpm.models.Subteam:id]
10:24:46.093 [main] DEBUG org.hibernate.boot.model.internal.BasicValueBinder - building BasicValue for id
10:24:46.093 [main] DEBUG org.hibernate.mapping.BasicValue - Skipping column re-registration: subteams.id
10:24:46.093 [main] DEBUG org.hibernate.boot.model.internal.PropertyBinder - Building property id
10:24:46.093 [main] DEBUG org.hibernate.boot.model.internal.BinderHelper - #makeIdGenerator(BasicValue([Column(id)]), id, identity, , ...)
10:24:46.093 [main] DEBUG org.hibernate.boot.model.internal.AnnotatedColumn - Binding column: AnnotatedColumn(column='color_code')
10:24:46.093 [main] DEBUG org.hibernate.boot.model.internal.PropertyBinder - MetadataSourceProcessor property colorCode with lazy=false
10:24:46.093 [main] DEBUG org.hibernate.boot.model.internal.AbstractPropertyHolder - Attempting to locate auto-apply AttributeConverter for property [org.frcpm.models.Subteam:colorCode]
10:24:46.093 [main] DEBUG org.hibernate.boot.model.internal.BasicValueBinder - building BasicValue for colorCode
10:24:46.093 [main] DEBUG org.hibernate.mapping.BasicValue - Skipping column re-registration: subteams.color_code
10:24:46.093 [main] DEBUG org.hibernate.boot.model.internal.PropertyBinder - Building property colorCode
10:24:46.093 [main] DEBUG org.hibernate.boot.model.internal.AnnotatedColumn - Binding column: AnnotatedJoinColumn()
10:24:46.093 [main] DEBUG org.hibernate.boot.model.internal.AnnotatedColumn - Binding column: AnnotatedColumn()
10:24:46.093 [main] DEBUG org.hibernate.boot.model.internal.AnnotatedColumn - Binding column: IndexColumn(column='members_ORDER')
10:24:46.093 [main] DEBUG org.hibernate.boot.model.internal.AnnotatedColumn - Binding column: AnnotatedColumn()
10:24:46.093 [main] DEBUG org.hibernate.boot.model.internal.AnnotatedColumn - Binding column: AnnotatedColumn(column='members_KEY')
10:24:46.093 [main] DEBUG org.hibernate.boot.model.internal.AnnotatedColumn - Binding column: AnnotatedJoinColumn(column='members_KEY')
10:24:46.093 [main] DEBUG org.hibernate.boot.model.internal.AnnotatedColumn - Binding column: AnnotatedJoinColumn()
10:24:46.093 [main] DEBUG org.hibernate.boot.model.internal.AnnotatedColumn - Binding column: AnnotatedJoinColumn()
10:24:46.093 [main] DEBUG org.hibernate.boot.model.internal.CollectionBinder - Collection role: org.frcpm.models.Subteam.members
10:24:46.093 [main] DEBUG org.hibernate.boot.model.internal.PropertyBinder - Building property members
10:24:46.093 [main] DEBUG org.hibernate.boot.model.internal.AnnotatedColumn - Binding column: AnnotatedColumn(column='name')
10:24:46.093 [main] DEBUG org.hibernate.boot.model.internal.PropertyBinder - MetadataSourceProcessor property name with lazy=false
10:24:46.093 [main] DEBUG org.hibernate.boot.model.internal.AbstractPropertyHolder - Attempting to locate auto-apply AttributeConverter for property [org.frcpm.models.Subteam:name]
10:24:46.093 [main] DEBUG org.hibernate.boot.model.internal.BasicValueBinder - building BasicValue for name
10:24:46.093 [main] DEBUG org.hibernate.mapping.BasicValue - Skipping column re-registration: subteams.name
10:24:46.093 [main] DEBUG org.hibernate.boot.model.internal.PropertyBinder - Building property name
10:24:46.093 [main] DEBUG org.hibernate.boot.model.internal.AnnotatedColumn - Binding column: AnnotatedColumn(column='specialties')
10:24:46.093 [main] DEBUG org.hibernate.boot.model.internal.PropertyBinder - MetadataSourceProcessor property specialties with lazy=false
10:24:46.093 [main] DEBUG org.hibernate.boot.model.internal.AbstractPropertyHolder - Attempting to locate auto-apply AttributeConverter for property [org.frcpm.models.Subteam:specialties]
10:24:46.093 [main] DEBUG org.hibernate.boot.model.internal.BasicValueBinder - building BasicValue for specialties
10:24:46.093 [main] DEBUG org.hibernate.mapping.BasicValue - Skipping column re-registration: subteams.specialties
10:24:46.093 [main] DEBUG org.hibernate.boot.model.internal.PropertyBinder - Building property specialties
10:24:46.093 [main] DEBUG org.hibernate.boot.model.internal.AnnotatedColumn - Binding column: AnnotatedJoinColumn()
10:24:46.093 [main] DEBUG org.hibernate.boot.model.internal.AnnotatedColumn - Binding column: AnnotatedColumn()
10:24:46.093 [main] DEBUG org.hibernate.boot.model.internal.AnnotatedColumn - Binding column: IndexColumn(column='subsystems_ORDER')
10:24:46.093 [main] DEBUG org.hibernate.boot.model.internal.AnnotatedColumn - Binding column: AnnotatedColumn()
10:24:46.093 [main] DEBUG org.hibernate.boot.model.internal.AnnotatedColumn - Binding column: AnnotatedColumn(column='subsystems_KEY')
10:24:46.093 [main] DEBUG org.hibernate.boot.model.internal.AnnotatedColumn - Binding column: AnnotatedJoinColumn(column='subsystems_KEY')
10:24:46.093 [main] DEBUG org.hibernate.boot.model.internal.AnnotatedColumn - Binding column: AnnotatedJoinColumn()
10:24:46.093 [main] DEBUG org.hibernate.boot.model.internal.AnnotatedColumn - Binding column: AnnotatedJoinColumn()
10:24:46.093 [main] DEBUG org.hibernate.boot.model.internal.CollectionBinder - Collection role: org.frcpm.models.Subteam.subsystems
10:24:46.093 [main] DEBUG org.hibernate.boot.model.internal.PropertyBinder - Building property subsystems
10:24:46.094 [main] DEBUG org.hibernate.boot.registry.classloading.internal.ClassLoaderServiceImpl - HHH000194: Package not found or no package-info.java: org.frcpm.models
10:24:46.094 [main] DEBUG org.hibernate.boot.model.internal.EntityBinder - Binding entity from annotated class: org.frcpm.models.Task
10:24:46.094 [main] DEBUG org.hibernate.boot.model.internal.EntityBinder - Import with entity name Task
10:24:46.094 [main] DEBUG org.hibernate.boot.model.internal.EntityBinder - Bind entity org.frcpm.models.Task on table tasks
10:24:46.094 [main] DEBUG org.hibernate.boot.model.internal.AnnotatedColumn - Binding column: AnnotatedDiscriminatorColumn(column='DTYPE')
10:24:46.094 [main] DEBUG org.hibernate.boot.model.internal.AnnotatedColumn - Binding column: AnnotatedColumn()
10:24:46.094 [main] DEBUG org.hibernate.boot.internal.ClassLoaderAccessImpl - Not known whether passed class name [org.frcpm.models.Task] is safe
10:24:46.094 [main] DEBUG org.hibernate.boot.internal.ClassLoaderAccessImpl - No temp ClassLoader provided; using live ClassLoader for loading potentially unsafe class : org.frcpm.models.Task
10:24:46.094 [main] DEBUG org.hibernate.boot.model.internal.PropertyBinder - MetadataSourceProcessor property id with lazy=false
10:24:46.094 [main] DEBUG org.hibernate.boot.model.internal.AbstractPropertyHolder - Attempting to locate auto-apply AttributeConverter for property [org.frcpm.models.Task:id]
10:24:46.094 [main] DEBUG org.hibernate.boot.model.internal.BasicValueBinder - building BasicValue for id
10:24:46.094 [main] DEBUG org.hibernate.mapping.BasicValue - Skipping column re-registration: tasks.id
10:24:46.094 [main] DEBUG org.hibernate.boot.model.internal.PropertyBinder - Building property id
10:24:46.094 [main] DEBUG org.hibernate.boot.model.internal.BinderHelper - #makeIdGenerator(BasicValue([Column(id)]), id, identity, , ...)
10:24:46.094 [main] DEBUG org.hibernate.boot.model.internal.AnnotatedColumn - Binding column: AnnotatedColumn(column='actual_duration_seconds')
10:24:46.094 [main] DEBUG org.hibernate.boot.model.internal.PropertyBinder - MetadataSourceProcessor property actualDurationSeconds with lazy=false
10:24:46.094 [main] DEBUG org.hibernate.boot.model.internal.AbstractPropertyHolder - Attempting to locate auto-apply AttributeConverter for property [org.frcpm.models.Task:actualDurationSeconds]
10:24:46.094 [main] DEBUG org.hibernate.boot.model.internal.BasicValueBinder - building BasicValue for actualDurationSeconds
10:24:46.094 [main] DEBUG org.hibernate.mapping.BasicValue - Skipping column re-registration: tasks.actual_duration_seconds
10:24:46.094 [main] DEBUG org.hibernate.boot.model.internal.PropertyBinder - Building property actualDurationSeconds
10:24:46.094 [main] DEBUG org.hibernate.boot.model.internal.AnnotatedColumn - Binding column: IndexColumn(column='assignedTo_ORDER')
10:24:46.094 [main] DEBUG org.hibernate.boot.model.internal.AnnotatedColumn - Binding column: AnnotatedColumn()
10:24:46.094 [main] DEBUG org.hibernate.boot.model.internal.AnnotatedColumn - Binding column: AnnotatedColumn(column='assignedTo_KEY')
10:24:46.094 [main] DEBUG org.hibernate.boot.model.internal.AnnotatedColumn - Binding column: AnnotatedJoinColumn(column='assignedTo_KEY')
10:24:46.094 [main] DEBUG org.hibernate.boot.model.internal.AnnotatedColumn - Binding column: AnnotatedJoinColumn(column='task_id')
10:24:46.094 [main] DEBUG org.hibernate.boot.model.internal.AnnotatedColumn - Binding column: AnnotatedJoinColumn(column='team_member_id')
10:24:46.094 [main] DEBUG org.hibernate.boot.model.internal.CollectionBinder - Collection role: org.frcpm.models.Task.assignedTo
10:24:46.094 [main] DEBUG org.hibernate.boot.model.internal.PropertyBinder - Building property assignedTo
10:24:46.094 [main] DEBUG org.hibernate.boot.model.internal.AnnotatedColumn - Binding column: AnnotatedColumn(column='completed')
10:24:46.094 [main] DEBUG org.hibernate.boot.model.internal.PropertyBinder - MetadataSourceProcessor property completed with lazy=false
10:24:46.094 [main] DEBUG org.hibernate.boot.model.internal.AbstractPropertyHolder - Attempting to locate auto-apply AttributeConverter for property [org.frcpm.models.Task:completed]
10:24:46.094 [main] DEBUG org.hibernate.boot.model.internal.BasicValueBinder - building BasicValue for completed
10:24:46.094 [main] DEBUG org.hibernate.mapping.BasicValue - Skipping column re-registration: tasks.completed
10:24:46.094 [main] DEBUG org.hibernate.boot.model.internal.PropertyBinder - Building property completed
10:24:46.094 [main] DEBUG org.hibernate.boot.model.internal.AnnotatedColumn - Binding column: AnnotatedColumn(column='description')
10:24:46.094 [main] DEBUG org.hibernate.boot.model.internal.PropertyBinder - MetadataSourceProcessor property description with lazy=false
10:24:46.094 [main] DEBUG org.hibernate.boot.model.internal.AbstractPropertyHolder - Attempting to locate auto-apply AttributeConverter for property [org.frcpm.models.Task:description]
10:24:46.094 [main] DEBUG org.hibernate.boot.model.internal.BasicValueBinder - building BasicValue for description
10:24:46.094 [main] DEBUG org.hibernate.mapping.BasicValue - Skipping column re-registration: tasks.description
10:24:46.094 [main] DEBUG org.hibernate.boot.model.internal.PropertyBinder - Building property description
10:24:46.094 [main] DEBUG org.hibernate.boot.model.internal.AnnotatedColumn - Binding column: AnnotatedColumn(column='end_date')
10:24:46.094 [main] DEBUG org.hibernate.boot.model.internal.PropertyBinder - MetadataSourceProcessor property endDate with lazy=false
10:24:46.094 [main] DEBUG org.hibernate.boot.model.internal.AbstractPropertyHolder - Attempting to locate auto-apply AttributeConverter for property [org.frcpm.models.Task:endDate]
10:24:46.094 [main] DEBUG org.hibernate.boot.model.internal.BasicValueBinder - building BasicValue for endDate
10:24:46.094 [main] DEBUG org.hibernate.mapping.BasicValue - Skipping column re-registration: tasks.end_date
10:24:46.094 [main] DEBUG org.hibernate.boot.model.internal.PropertyBinder - Building property endDate
10:24:46.094 [main] DEBUG org.hibernate.boot.model.internal.AnnotatedColumn - Binding column: AnnotatedColumn(column='estimated_duration_seconds')
10:24:46.094 [main] DEBUG org.hibernate.boot.model.internal.PropertyBinder - MetadataSourceProcessor property estimatedDurationSeconds with lazy=false
10:24:46.094 [main] DEBUG org.hibernate.boot.model.internal.AbstractPropertyHolder - Attempting to locate auto-apply AttributeConverter for property [org.frcpm.models.Task:estimatedDurationSeconds]
10:24:46.094 [main] DEBUG org.hibernate.boot.model.internal.BasicValueBinder - building BasicValue for estimatedDurationSeconds
10:24:46.094 [main] DEBUG org.hibernate.mapping.BasicValue - Skipping column re-registration: tasks.estimated_duration_seconds
10:24:46.094 [main] DEBUG org.hibernate.boot.model.internal.PropertyBinder - Building property estimatedDurationSeconds
10:24:46.094 [main] DEBUG org.hibernate.boot.model.internal.AnnotatedColumn - Binding column: IndexColumn(column='postDependencies_ORDER')
10:24:46.094 [main] DEBUG org.hibernate.boot.model.internal.AnnotatedColumn - Binding column: AnnotatedColumn()
10:24:46.094 [main] DEBUG org.hibernate.boot.model.internal.AnnotatedColumn - Binding column: AnnotatedColumn(column='postDependencies_KEY')
10:24:46.094 [main] DEBUG org.hibernate.boot.model.internal.AnnotatedColumn - Binding column: AnnotatedJoinColumn(column='postDependencies_KEY')
10:24:46.094 [main] DEBUG org.hibernate.boot.model.internal.AnnotatedColumn - Binding column: AnnotatedJoinColumn()
10:24:46.094 [main] DEBUG org.hibernate.boot.model.internal.AnnotatedColumn - Binding column: AnnotatedJoinColumn()
10:24:46.094 [main] DEBUG org.hibernate.boot.model.internal.CollectionBinder - Collection role: org.frcpm.models.Task.postDependencies
10:24:46.094 [main] DEBUG org.hibernate.boot.model.internal.PropertyBinder - Building property postDependencies
10:24:46.094 [main] DEBUG org.hibernate.boot.model.internal.AnnotatedColumn - Binding column: IndexColumn(column='preDependencies_ORDER')
10:24:46.094 [main] DEBUG org.hibernate.boot.model.internal.AnnotatedColumn - Binding column: AnnotatedColumn()
10:24:46.094 [main] DEBUG org.hibernate.boot.model.internal.AnnotatedColumn - Binding column: AnnotatedColumn(column='preDependencies_KEY')
10:24:46.094 [main] DEBUG org.hibernate.boot.model.internal.AnnotatedColumn - Binding column: AnnotatedJoinColumn(column='preDependencies_KEY')
10:24:46.094 [main] DEBUG org.hibernate.boot.model.internal.AnnotatedColumn - Binding column: AnnotatedJoinColumn(column='task_id')
10:24:46.094 [main] DEBUG org.hibernate.boot.model.internal.AnnotatedColumn - Binding column: AnnotatedJoinColumn(column='dependency_id')
10:24:46.094 [main] DEBUG org.hibernate.boot.model.internal.CollectionBinder - Collection role: org.frcpm.models.Task.preDependencies
10:24:46.094 [main] DEBUG org.hibernate.boot.model.internal.PropertyBinder - Building property preDependencies
10:24:46.094 [main] DEBUG org.hibernate.boot.model.internal.AnnotatedColumn - Binding column: AnnotatedColumn(column='priority')
10:24:46.094 [main] DEBUG org.hibernate.boot.model.internal.PropertyBinder - MetadataSourceProcessor property priority with lazy=false
10:24:46.094 [main] DEBUG org.hibernate.boot.model.internal.AbstractPropertyHolder - Attempting to locate auto-apply AttributeConverter for property [org.frcpm.models.Task:priority]
10:24:46.094 [main] DEBUG org.hibernate.boot.model.internal.BasicValueBinder - building BasicValue for priority
10:24:46.094 [main] DEBUG org.hibernate.mapping.BasicValue - Skipping column re-registration: tasks.priority
10:24:46.094 [main] DEBUG org.hibernate.boot.model.internal.PropertyBinder - Building property priority
10:24:46.094 [main] DEBUG org.hibernate.boot.model.internal.AnnotatedColumn - Binding column: AnnotatedColumn(column='progress')
10:24:46.094 [main] DEBUG org.hibernate.boot.model.internal.PropertyBinder - MetadataSourceProcessor property progress with lazy=false
10:24:46.094 [main] DEBUG org.hibernate.boot.model.internal.AbstractPropertyHolder - Attempting to locate auto-apply AttributeConverter for property [org.frcpm.models.Task:progress]
10:24:46.094 [main] DEBUG org.hibernate.boot.model.internal.BasicValueBinder - building BasicValue for progress
10:24:46.094 [main] DEBUG org.hibernate.mapping.BasicValue - Skipping column re-registration: tasks.progress
10:24:46.094 [main] DEBUG org.hibernate.boot.model.internal.PropertyBinder - Building property progress
10:24:46.094 [main] DEBUG org.hibernate.boot.model.internal.AnnotatedColumn - Binding column: AnnotatedJoinColumn(column='project_id')
10:24:46.094 [main] DEBUG org.hibernate.boot.model.internal.AnnotatedColumn - Binding column: AnnotatedColumn()
10:24:46.094 [main] DEBUG org.hibernate.boot.model.internal.PropertyBinder - Building property project
10:24:46.094 [main] DEBUG org.hibernate.boot.model.internal.AnnotatedColumn - Binding column: IndexColumn(column='requiredComponents_ORDER')
10:24:46.094 [main] DEBUG org.hibernate.boot.model.internal.AnnotatedColumn - Binding column: AnnotatedColumn()
10:24:46.094 [main] DEBUG org.hibernate.boot.model.internal.AnnotatedColumn - Binding column: AnnotatedColumn(column='requiredComponents_KEY')
10:24:46.094 [main] DEBUG org.hibernate.boot.model.internal.AnnotatedColumn - Binding column: AnnotatedJoinColumn(column='requiredComponents_KEY')
10:24:46.094 [main] DEBUG org.hibernate.boot.model.internal.AnnotatedColumn - Binding column: AnnotatedJoinColumn(column='task_id')
10:24:46.094 [main] DEBUG org.hibernate.boot.model.internal.AnnotatedColumn - Binding column: AnnotatedJoinColumn(column='component_id')
10:24:46.094 [main] DEBUG org.hibernate.boot.model.internal.CollectionBinder - Collection role: org.frcpm.models.Task.requiredComponents
10:24:46.094 [main] DEBUG org.hibernate.boot.model.internal.PropertyBinder - Building property requiredComponents
10:24:46.094 [main] DEBUG org.hibernate.boot.model.internal.AnnotatedColumn - Binding column: AnnotatedColumn(column='start_date')
10:24:46.094 [main] DEBUG org.hibernate.boot.model.internal.PropertyBinder - MetadataSourceProcessor property startDate with lazy=false
10:24:46.094 [main] DEBUG org.hibernate.boot.model.internal.AbstractPropertyHolder - Attempting to locate auto-apply AttributeConverter for property [org.frcpm.models.Task:startDate]
10:24:46.094 [main] DEBUG org.hibernate.boot.model.internal.BasicValueBinder - building BasicValue for startDate
10:24:46.094 [main] DEBUG org.hibernate.mapping.BasicValue - Skipping column re-registration: tasks.start_date
10:24:46.094 [main] DEBUG org.hibernate.boot.model.internal.PropertyBinder - Building property startDate
10:24:46.094 [main] DEBUG org.hibernate.boot.model.internal.AnnotatedColumn - Binding column: AnnotatedJoinColumn(column='subsystem_id')
10:24:46.094 [main] DEBUG org.hibernate.boot.model.internal.AnnotatedColumn - Binding column: AnnotatedColumn()
10:24:46.094 [main] DEBUG org.hibernate.boot.model.internal.PropertyBinder - Building property subsystem
10:24:46.094 [main] DEBUG org.hibernate.boot.model.internal.AnnotatedColumn - Binding column: AnnotatedColumn(column='title')
10:24:46.094 [main] DEBUG org.hibernate.boot.model.internal.PropertyBinder - MetadataSourceProcessor property title with lazy=false
10:24:46.094 [main] DEBUG org.hibernate.boot.model.internal.AbstractPropertyHolder - Attempting to locate auto-apply AttributeConverter for property [org.frcpm.models.Task:title]
10:24:46.094 [main] DEBUG org.hibernate.boot.model.internal.BasicValueBinder - building BasicValue for title
10:24:46.094 [main] DEBUG org.hibernate.mapping.BasicValue - Skipping column re-registration: tasks.title
10:24:46.094 [main] DEBUG org.hibernate.boot.model.internal.PropertyBinder - Building property title
10:24:46.095 [main] DEBUG org.hibernate.boot.registry.classloading.internal.ClassLoaderServiceImpl - HHH000194: Package not found or no package-info.java: org.frcpm.models
10:24:46.095 [main] DEBUG org.hibernate.boot.model.internal.EntityBinder - Binding entity from annotated class: org.frcpm.models.TeamMember
10:24:46.095 [main] DEBUG org.hibernate.boot.model.internal.EntityBinder - Import with entity name TeamMember
10:24:46.095 [main] DEBUG org.hibernate.boot.model.internal.EntityBinder - Bind entity org.frcpm.models.TeamMember on table team_members
10:24:46.095 [main] DEBUG org.hibernate.boot.model.internal.AnnotatedColumn - Binding column: AnnotatedDiscriminatorColumn(column='DTYPE')
10:24:46.095 [main] DEBUG org.hibernate.boot.model.internal.AnnotatedColumn - Binding column: AnnotatedColumn()
10:24:46.095 [main] DEBUG org.hibernate.boot.internal.ClassLoaderAccessImpl - Not known whether passed class name [org.frcpm.models.TeamMember] is safe
10:24:46.095 [main] DEBUG org.hibernate.boot.internal.ClassLoaderAccessImpl - No temp ClassLoader provided; using live ClassLoader for loading potentially unsafe class : org.frcpm.models.TeamMember
10:24:46.095 [main] DEBUG org.hibernate.boot.model.internal.PropertyBinder - MetadataSourceProcessor property id with lazy=false
10:24:46.095 [main] DEBUG org.hibernate.boot.model.internal.AbstractPropertyHolder - Attempting to locate auto-apply AttributeConverter for property [org.frcpm.models.TeamMember:id]
10:24:46.095 [main] DEBUG org.hibernate.boot.model.internal.BasicValueBinder - building BasicValue for id
10:24:46.095 [main] DEBUG org.hibernate.mapping.BasicValue - Skipping column re-registration: team_members.id
10:24:46.095 [main] DEBUG org.hibernate.boot.model.internal.PropertyBinder - Building property id
10:24:46.095 [main] DEBUG org.hibernate.boot.model.internal.BinderHelper - #makeIdGenerator(BasicValue([Column(id)]), id, identity, , ...)
10:24:46.095 [main] DEBUG org.hibernate.boot.model.internal.AnnotatedColumn - Binding column: IndexColumn(column='assignedTasks_ORDER')
10:24:46.095 [main] DEBUG org.hibernate.boot.model.internal.AnnotatedColumn - Binding column: AnnotatedColumn()
10:24:46.095 [main] DEBUG org.hibernate.boot.model.internal.AnnotatedColumn - Binding column: AnnotatedColumn(column='assignedTasks_KEY')
10:24:46.095 [main] DEBUG org.hibernate.boot.model.internal.AnnotatedColumn - Binding column: AnnotatedJoinColumn(column='assignedTasks_KEY')
10:24:46.095 [main] DEBUG org.hibernate.boot.model.internal.AnnotatedColumn - Binding column: AnnotatedJoinColumn()
10:24:46.095 [main] DEBUG org.hibernate.boot.model.internal.AnnotatedColumn - Binding column: AnnotatedJoinColumn()
10:24:46.095 [main] DEBUG org.hibernate.boot.model.internal.CollectionBinder - Collection role: org.frcpm.models.TeamMember.assignedTasks
10:24:46.095 [main] DEBUG org.hibernate.boot.model.internal.PropertyBinder - Building property assignedTasks
10:24:46.095 [main] DEBUG org.hibernate.boot.model.internal.AnnotatedColumn - Binding column: AnnotatedJoinColumn()
10:24:46.095 [main] DEBUG org.hibernate.boot.model.internal.AnnotatedColumn - Binding column: AnnotatedColumn()
10:24:46.095 [main] DEBUG org.hibernate.boot.model.internal.AnnotatedColumn - Binding column: IndexColumn(column='attendances_ORDER')
10:24:46.095 [main] DEBUG org.hibernate.boot.model.internal.AnnotatedColumn - Binding column: AnnotatedColumn()
10:24:46.095 [main] DEBUG org.hibernate.boot.model.internal.AnnotatedColumn - Binding column: AnnotatedColumn(column='attendances_KEY')
10:24:46.095 [main] DEBUG org.hibernate.boot.model.internal.AnnotatedColumn - Binding column: AnnotatedJoinColumn(column='attendances_KEY')
10:24:46.095 [main] DEBUG org.hibernate.boot.model.internal.AnnotatedColumn - Binding column: AnnotatedJoinColumn()
10:24:46.095 [main] DEBUG org.hibernate.boot.model.internal.AnnotatedColumn - Binding column: AnnotatedJoinColumn()
10:24:46.095 [main] DEBUG org.hibernate.boot.model.internal.CollectionBinder - Collection role: org.frcpm.models.TeamMember.attendances
10:24:46.095 [main] DEBUG org.hibernate.boot.model.internal.PropertyBinder - Building property attendances
10:24:46.095 [main] DEBUG org.hibernate.boot.model.internal.AnnotatedColumn - Binding column: AnnotatedColumn(column='email')
10:24:46.095 [main] DEBUG org.hibernate.boot.model.internal.PropertyBinder - MetadataSourceProcessor property email with lazy=false
10:24:46.095 [main] DEBUG org.hibernate.boot.model.internal.AbstractPropertyHolder - Attempting to locate auto-apply AttributeConverter for property [org.frcpm.models.TeamMember:email]
10:24:46.095 [main] DEBUG org.hibernate.boot.model.internal.BasicValueBinder - building BasicValue for email
10:24:46.095 [main] DEBUG org.hibernate.mapping.BasicValue - Skipping column re-registration: team_members.email
10:24:46.095 [main] DEBUG org.hibernate.boot.model.internal.PropertyBinder - Building property email
10:24:46.095 [main] DEBUG org.hibernate.boot.model.internal.AnnotatedColumn - Binding column: AnnotatedColumn(column='first_name')
10:24:46.095 [main] DEBUG org.hibernate.boot.model.internal.PropertyBinder - MetadataSourceProcessor property firstName with lazy=false
10:24:46.095 [main] DEBUG org.hibernate.boot.model.internal.AbstractPropertyHolder - Attempting to locate auto-apply AttributeConverter for property [org.frcpm.models.TeamMember:firstName]
10:24:46.095 [main] DEBUG org.hibernate.boot.model.internal.BasicValueBinder - building BasicValue for firstName
10:24:46.095 [main] DEBUG org.hibernate.mapping.BasicValue - Skipping column re-registration: team_members.first_name
10:24:46.095 [main] DEBUG org.hibernate.boot.model.internal.PropertyBinder - Building property firstName
10:24:46.095 [main] DEBUG org.hibernate.boot.model.internal.AnnotatedColumn - Binding column: AnnotatedColumn(column='last_name')
10:24:46.095 [main] DEBUG org.hibernate.boot.model.internal.PropertyBinder - MetadataSourceProcessor property lastName with lazy=false
10:24:46.095 [main] DEBUG org.hibernate.boot.model.internal.AbstractPropertyHolder - Attempting to locate auto-apply AttributeConverter for property [org.frcpm.models.TeamMember:lastName]
10:24:46.095 [main] DEBUG org.hibernate.boot.model.internal.BasicValueBinder - building BasicValue for lastName
10:24:46.095 [main] DEBUG org.hibernate.mapping.BasicValue - Skipping column re-registration: team_members.last_name
10:24:46.095 [main] DEBUG org.hibernate.boot.model.internal.PropertyBinder - Building property lastName
10:24:46.095 [main] DEBUG org.hibernate.boot.model.internal.AnnotatedColumn - Binding column: AnnotatedColumn(column='is_leader')
10:24:46.095 [main] DEBUG org.hibernate.boot.model.internal.PropertyBinder - MetadataSourceProcessor property leader with lazy=false
10:24:46.095 [main] DEBUG org.hibernate.boot.model.internal.AbstractPropertyHolder - Attempting to locate auto-apply AttributeConverter for property [org.frcpm.models.TeamMember:leader]
10:24:46.095 [main] DEBUG org.hibernate.boot.model.internal.BasicValueBinder - building BasicValue for leader
10:24:46.095 [main] DEBUG org.hibernate.mapping.BasicValue - Skipping column re-registration: team_members.is_leader
10:24:46.095 [main] DEBUG org.hibernate.boot.model.internal.PropertyBinder - Building property leader
10:24:46.095 [main] DEBUG org.hibernate.boot.model.internal.AnnotatedColumn - Binding column: AnnotatedColumn(column='phone')
10:24:46.095 [main] DEBUG org.hibernate.boot.model.internal.PropertyBinder - MetadataSourceProcessor property phone with lazy=false
10:24:46.095 [main] DEBUG org.hibernate.boot.model.internal.AbstractPropertyHolder - Attempting to locate auto-apply AttributeConverter for property [org.frcpm.models.TeamMember:phone]
10:24:46.095 [main] DEBUG org.hibernate.boot.model.internal.BasicValueBinder - building BasicValue for phone
10:24:46.095 [main] DEBUG org.hibernate.mapping.BasicValue - Skipping column re-registration: team_members.phone
10:24:46.095 [main] DEBUG org.hibernate.boot.model.internal.PropertyBinder - Building property phone
10:24:46.095 [main] DEBUG org.hibernate.boot.model.internal.AnnotatedColumn - Binding column: AnnotatedColumn(column='skills')
10:24:46.095 [main] DEBUG org.hibernate.boot.model.internal.PropertyBinder - MetadataSourceProcessor property skills with lazy=false
10:24:46.095 [main] DEBUG org.hibernate.boot.model.internal.AbstractPropertyHolder - Attempting to locate auto-apply AttributeConverter for property [org.frcpm.models.TeamMember:skills]
10:24:46.095 [main] DEBUG org.hibernate.boot.model.internal.BasicValueBinder - building BasicValue for skills
10:24:46.095 [main] DEBUG org.hibernate.mapping.BasicValue - Skipping column re-registration: team_members.skills
10:24:46.095 [main] DEBUG org.hibernate.boot.model.internal.PropertyBinder - Building property skills
10:24:46.095 [main] DEBUG org.hibernate.boot.model.internal.AnnotatedColumn - Binding column: AnnotatedJoinColumn(column='subteam_id')
10:24:46.095 [main] DEBUG org.hibernate.boot.model.internal.AnnotatedColumn - Binding column: AnnotatedColumn()
10:24:46.095 [main] DEBUG org.hibernate.boot.model.internal.PropertyBinder - Building property subteam
10:24:46.095 [main] DEBUG org.hibernate.boot.model.internal.AnnotatedColumn - Binding column: AnnotatedColumn(column='username')
10:24:46.095 [main] DEBUG org.hibernate.boot.model.internal.PropertyBinder - MetadataSourceProcessor property username with lazy=false
10:24:46.095 [main] DEBUG org.hibernate.boot.model.internal.AbstractPropertyHolder - Attempting to locate auto-apply AttributeConverter for property [org.frcpm.models.TeamMember:username]
10:24:46.095 [main] DEBUG org.hibernate.boot.model.internal.BasicValueBinder - building BasicValue for username
10:24:46.095 [main] DEBUG org.hibernate.mapping.BasicValue - Skipping column re-registration: team_members.username
10:24:46.095 [main] DEBUG org.hibernate.boot.model.internal.PropertyBinder - Building property username
10:24:46.096 [main] DEBUG org.hibernate.boot.registry.classloading.internal.ClassLoaderServiceImpl - HHH000194: Package not found or no package-info.java: org.frcpm.models
10:24:46.096 [main] DEBUG org.hibernate.boot.model.internal.BasicValueBinder - Starting `BasicValueBinder#fillSimpleValue` for id
10:24:46.096 [main] DEBUG org.hibernate.boot.model.internal.BasicValueBinder - Starting `BasicValueBinder#fillSimpleValue` for arrivalTime
10:24:46.096 [main] DEBUG org.hibernate.boot.model.internal.BasicValueBinder - Starting `BasicValueBinder#fillSimpleValue` for departureTime
10:24:46.096 [main] DEBUG org.hibernate.boot.model.internal.BasicValueBinder - Starting `BasicValueBinder#fillSimpleValue` for present
10:24:46.096 [main] DEBUG org.hibernate.boot.model.internal.BasicValueBinder - Starting `BasicValueBinder#fillSimpleValue` for id
10:24:46.096 [main] DEBUG org.hibernate.boot.model.internal.BasicValueBinder - Starting `BasicValueBinder#fillSimpleValue` for date
10:24:46.096 [main] DEBUG org.hibernate.boot.model.internal.BasicValueBinder - Starting `BasicValueBinder#fillSimpleValue` for endTime
10:24:46.096 [main] DEBUG org.hibernate.boot.model.internal.BasicValueBinder - Starting `BasicValueBinder#fillSimpleValue` for notes
10:24:46.096 [main] DEBUG org.hibernate.boot.model.internal.BasicValueBinder - Starting `BasicValueBinder#fillSimpleValue` for startTime
10:24:46.096 [main] DEBUG org.hibernate.boot.model.internal.BasicValueBinder - Starting `BasicValueBinder#fillSimpleValue` for id
10:24:46.096 [main] DEBUG org.hibernate.boot.model.internal.BasicValueBinder - Starting `BasicValueBinder#fillSimpleValue` for description
10:24:46.096 [main] DEBUG org.hibernate.boot.model.internal.BasicValueBinder - Starting `BasicValueBinder#fillSimpleValue` for name
10:24:46.096 [main] DEBUG org.hibernate.boot.model.internal.BasicValueBinder - Starting `BasicValueBinder#fillSimpleValue` for status
10:24:46.096 [main] DEBUG org.hibernate.boot.model.internal.BasicValueBinder - Starting `BasicValueBinder#fillSimpleValue` for id
10:24:46.096 [main] DEBUG org.hibernate.boot.model.internal.BasicValueBinder - Starting `BasicValueBinder#fillSimpleValue` for actualDelivery
10:24:46.096 [main] DEBUG org.hibernate.boot.model.internal.BasicValueBinder - Starting `BasicValueBinder#fillSimpleValue` for delivered
10:24:46.096 [main] DEBUG org.hibernate.boot.model.internal.BasicValueBinder - Starting `BasicValueBinder#fillSimpleValue` for description
10:24:46.096 [main] DEBUG org.hibernate.boot.model.internal.BasicValueBinder - Starting `BasicValueBinder#fillSimpleValue` for expectedDelivery
10:24:46.096 [main] DEBUG org.hibernate.boot.model.internal.BasicValueBinder - Starting `BasicValueBinder#fillSimpleValue` for name
10:24:46.096 [main] DEBUG org.hibernate.boot.model.internal.BasicValueBinder - Starting `BasicValueBinder#fillSimpleValue` for partNumber
10:24:46.096 [main] DEBUG org.hibernate.boot.model.internal.BasicValueBinder - Starting `BasicValueBinder#fillSimpleValue` for id
10:24:46.096 [main] DEBUG org.hibernate.boot.model.internal.BasicValueBinder - Starting `BasicValueBinder#fillSimpleValue` for date
10:24:46.096 [main] DEBUG org.hibernate.boot.model.internal.BasicValueBinder - Starting `BasicValueBinder#fillSimpleValue` for description
10:24:46.096 [main] DEBUG org.hibernate.boot.model.internal.BasicValueBinder - Starting `BasicValueBinder#fillSimpleValue` for name
10:24:46.096 [main] DEBUG org.hibernate.boot.model.internal.BasicValueBinder - Starting `BasicValueBinder#fillSimpleValue` for id
10:24:46.096 [main] DEBUG org.hibernate.boot.model.internal.BasicValueBinder - Starting `BasicValueBinder#fillSimpleValue` for description
10:24:46.096 [main] DEBUG org.hibernate.boot.model.internal.BasicValueBinder - Starting `BasicValueBinder#fillSimpleValue` for goalEndDate
10:24:46.096 [main] DEBUG org.hibernate.boot.model.internal.BasicValueBinder - Starting `BasicValueBinder#fillSimpleValue` for hardDeadline
10:24:46.096 [main] DEBUG org.hibernate.boot.model.internal.BasicValueBinder - Starting `BasicValueBinder#fillSimpleValue` for name
10:24:46.096 [main] DEBUG org.hibernate.boot.model.internal.BasicValueBinder - Starting `BasicValueBinder#fillSimpleValue` for startDate
10:24:46.096 [main] DEBUG org.hibernate.boot.model.internal.BasicValueBinder - Starting `BasicValueBinder#fillSimpleValue` for id
10:24:46.096 [main] DEBUG org.hibernate.boot.model.internal.BasicValueBinder - Starting `BasicValueBinder#fillSimpleValue` for colorCode
10:24:46.096 [main] DEBUG org.hibernate.boot.model.internal.BasicValueBinder - Starting `BasicValueBinder#fillSimpleValue` for name
10:24:46.096 [main] DEBUG org.hibernate.boot.model.internal.BasicValueBinder - Starting `BasicValueBinder#fillSimpleValue` for specialties
10:24:46.096 [main] DEBUG org.hibernate.boot.model.internal.BasicValueBinder - Starting `BasicValueBinder#fillSimpleValue` for id
10:24:46.096 [main] DEBUG org.hibernate.boot.model.internal.BasicValueBinder - Starting `BasicValueBinder#fillSimpleValue` for actualDurationSeconds
10:24:46.096 [main] DEBUG org.hibernate.boot.model.internal.BasicValueBinder - Starting `BasicValueBinder#fillSimpleValue` for completed
10:24:46.096 [main] DEBUG org.hibernate.boot.model.internal.BasicValueBinder - Starting `BasicValueBinder#fillSimpleValue` for description
10:24:46.096 [main] DEBUG org.hibernate.boot.model.internal.BasicValueBinder - Starting `BasicValueBinder#fillSimpleValue` for endDate
10:24:46.096 [main] DEBUG org.hibernate.boot.model.internal.BasicValueBinder - Starting `BasicValueBinder#fillSimpleValue` for estimatedDurationSeconds
10:24:46.096 [main] DEBUG org.hibernate.boot.model.internal.BasicValueBinder - Starting `BasicValueBinder#fillSimpleValue` for priority
10:24:46.096 [main] DEBUG org.hibernate.boot.model.internal.BasicValueBinder - Starting `BasicValueBinder#fillSimpleValue` for progress
10:24:46.096 [main] DEBUG org.hibernate.boot.model.internal.BasicValueBinder - Starting `BasicValueBinder#fillSimpleValue` for startDate
10:24:46.096 [main] DEBUG org.hibernate.boot.model.internal.BasicValueBinder - Starting `BasicValueBinder#fillSimpleValue` for title
10:24:46.096 [main] DEBUG org.hibernate.boot.model.internal.BasicValueBinder - Starting `BasicValueBinder#fillSimpleValue` for id
10:24:46.096 [main] DEBUG org.hibernate.boot.model.internal.BasicValueBinder - Starting `BasicValueBinder#fillSimpleValue` for email
10:24:46.096 [main] DEBUG org.hibernate.boot.model.internal.BasicValueBinder - Starting `BasicValueBinder#fillSimpleValue` for firstName
10:24:46.096 [main] DEBUG org.hibernate.boot.model.internal.BasicValueBinder - Starting `BasicValueBinder#fillSimpleValue` for lastName
10:24:46.096 [main] DEBUG org.hibernate.boot.model.internal.BasicValueBinder - Starting `BasicValueBinder#fillSimpleValue` for leader
10:24:46.096 [main] DEBUG org.hibernate.boot.model.internal.BasicValueBinder - Starting `BasicValueBinder#fillSimpleValue` for phone
10:24:46.096 [main] DEBUG org.hibernate.boot.model.internal.BasicValueBinder - Starting `BasicValueBinder#fillSimpleValue` for skills
10:24:46.096 [main] DEBUG org.hibernate.boot.model.internal.BasicValueBinder - Starting `BasicValueBinder#fillSimpleValue` for username
10:24:46.096 [main] DEBUG org.hibernate.mapping.PrimaryKey - Forcing column [id] to be non-null as it is part of the primary key for table [attendances]
10:24:46.096 [main] DEBUG org.hibernate.mapping.PrimaryKey - Forcing column [id] to be non-null as it is part of the primary key for table [meetings]
10:24:46.096 [main] DEBUG org.hibernate.mapping.PrimaryKey - Forcing column [id] to be non-null as it is part of the primary key for table [subsystems]
10:24:46.096 [main] DEBUG org.hibernate.mapping.PrimaryKey - Forcing column [id] to be non-null as it is part of the primary key for table [components]
10:24:46.096 [main] DEBUG org.hibernate.mapping.PrimaryKey - Forcing column [id] to be non-null as it is part of the primary key for table [milestones]
10:24:46.096 [main] DEBUG org.hibernate.mapping.PrimaryKey - Forcing column [id] to be non-null as it is part of the primary key for table [projects]
10:24:46.096 [main] DEBUG org.hibernate.mapping.PrimaryKey - Forcing column [id] to be non-null as it is part of the primary key for table [subteams]
10:24:46.096 [main] DEBUG org.hibernate.mapping.PrimaryKey - Forcing column [id] to be non-null as it is part of the primary key for table [tasks]
10:24:46.096 [main] DEBUG org.hibernate.mapping.PrimaryKey - Forcing column [id] to be non-null as it is part of the primary key for table [team_members]
10:24:46.096 [main] DEBUG org.hibernate.boot.model.internal.CollectionSecondPass - Second pass for collection: org.frcpm.models.Task.requiredComponents
10:24:46.096 [main] DEBUG org.hibernate.boot.model.internal.CollectionBinder - Binding a ManyToMany: org.frcpm.models.Task.requiredComponents
10:24:46.097 [main] DEBUG org.hibernate.boot.registry.classloading.internal.ClassLoaderServiceImpl - HHH000194: Package not found or no package-info.java: org.frcpm.models
10:24:46.097 [main] DEBUG org.hibernate.mapping.PrimaryKey - Forcing column [task_id] to be non-null as it is part of the primary key for table [task_components]
10:24:46.097 [main] DEBUG org.hibernate.mapping.PrimaryKey - Forcing column [component_id] to be non-null as it is part of the primary key for table [task_components]
10:24:46.097 [main] DEBUG org.hibernate.boot.model.internal.CollectionSecondPass - Mapped collection key: task_id, element: component_id
10:24:46.097 [main] DEBUG org.hibernate.boot.model.internal.CollectionSecondPass - Second pass for collection: org.frcpm.models.Task.preDependencies
10:24:46.097 [main] DEBUG org.hibernate.boot.model.internal.CollectionBinder - Binding a ManyToMany: org.frcpm.models.Task.preDependencies
10:24:46.098 [main] DEBUG org.hibernate.boot.registry.classloading.internal.ClassLoaderServiceImpl - HHH000194: Package not found or no package-info.java: org.frcpm.models
10:24:46.099 [main] DEBUG org.hibernate.mapping.PrimaryKey - Forcing column [task_id] to be non-null as it is part of the primary key for table [task_dependencies]
10:24:46.099 [main] DEBUG org.hibernate.mapping.PrimaryKey - Forcing column [dependency_id] to be non-null as it is part of the primary key for table [task_dependencies]
10:24:46.099 [main] DEBUG org.hibernate.boot.model.internal.CollectionSecondPass - Mapped collection key: task_id, element: dependency_id
10:24:46.099 [main] DEBUG org.hibernate.boot.model.internal.CollectionSecondPass - Second pass for collection: org.frcpm.models.Task.assignedTo
10:24:46.099 [main] DEBUG org.hibernate.boot.model.internal.CollectionBinder - Binding a ManyToMany: org.frcpm.models.Task.assignedTo
10:24:46.099 [main] DEBUG org.hibernate.boot.registry.classloading.internal.ClassLoaderServiceImpl - HHH000194: Package not found or no package-info.java: org.frcpm.models
10:24:46.099 [main] DEBUG org.hibernate.mapping.PrimaryKey - Forcing column [task_id] to be non-null as it is part of the primary key for table [task_assignments]
10:24:46.099 [main] DEBUG org.hibernate.mapping.PrimaryKey - Forcing column [team_member_id] to be non-null as it is part of the primary key for table [task_assignments]
10:24:46.099 [main] DEBUG org.hibernate.boot.model.internal.CollectionSecondPass - Mapped collection key: task_id, element: team_member_id
10:24:46.099 [main] DEBUG org.hibernate.boot.model.internal.CollectionSecondPass - Second pass for collection: org.frcpm.models.Meeting.attendances
10:24:46.099 [main] DEBUG org.hibernate.boot.model.internal.CollectionBinder - Binding a OneToMany: org.frcpm.models.Meeting.attendances through a foreign key
10:24:46.099 [main] DEBUG org.hibernate.boot.model.internal.CollectionBinder - Mapping collection: org.frcpm.models.Meeting.attendances -> attendances
10:24:46.099 [main] DEBUG org.hibernate.boot.model.internal.TableBinder - Retrieving property org.frcpm.models.Attendance.meeting
10:24:46.099 [main] DEBUG org.hibernate.boot.model.internal.CollectionSecondPass - Mapped collection key: meeting_id, one-to-many: org.frcpm.models.Attendance
10:24:46.099 [main] DEBUG org.hibernate.boot.model.internal.CollectionSecondPass - Second pass for collection: org.frcpm.models.Subsystem.tasks
10:24:46.099 [main] DEBUG org.hibernate.boot.model.internal.CollectionBinder - Binding a OneToMany: org.frcpm.models.Subsystem.tasks through a foreign key
10:24:46.099 [main] DEBUG org.hibernate.boot.model.internal.CollectionBinder - Mapping collection: org.frcpm.models.Subsystem.tasks -> tasks
10:24:46.099 [main] DEBUG org.hibernate.boot.model.internal.TableBinder - Retrieving property org.frcpm.models.Task.subsystem
10:24:46.099 [main] DEBUG org.hibernate.boot.model.internal.CollectionSecondPass - Mapped collection key: subsystem_id, one-to-many: org.frcpm.models.Task
10:24:46.099 [main] DEBUG org.hibernate.boot.model.internal.CollectionSecondPass - Second pass for collection: org.frcpm.models.Component.requiredForTasks
10:24:46.100 [main] DEBUG org.hibernate.boot.model.internal.CollectionBinder - Binding a ManyToMany: org.frcpm.models.Component.requiredForTasks
10:24:46.100 [main] DEBUG org.hibernate.boot.registry.classloading.internal.ClassLoaderServiceImpl - HHH000194: Package not found or no package-info.java: org.frcpm.models
10:24:46.100 [main] DEBUG org.hibernate.boot.model.internal.TableBinder - Retrieving property org.frcpm.models.Task.requiredComponents
10:24:46.100 [main] DEBUG org.hibernate.boot.model.internal.CollectionSecondPass - Mapped collection key: component_id, element: task_id
10:24:46.100 [main] DEBUG org.hibernate.boot.model.internal.CollectionSecondPass - Second pass for collection: org.frcpm.models.Project.meetings
10:24:46.100 [main] DEBUG org.hibernate.boot.model.internal.CollectionBinder - Binding a OneToMany: org.frcpm.models.Project.meetings through a foreign key
10:24:46.100 [main] DEBUG org.hibernate.boot.model.internal.CollectionBinder - Mapping collection: org.frcpm.models.Project.meetings -> meetings
10:24:46.100 [main] DEBUG org.hibernate.boot.model.internal.TableBinder - Retrieving property org.frcpm.models.Meeting.project
10:24:46.100 [main] DEBUG org.hibernate.boot.model.internal.CollectionSecondPass - Mapped collection key: project_id, one-to-many: org.frcpm.models.Meeting
10:24:46.100 [main] DEBUG org.hibernate.boot.model.internal.CollectionSecondPass - Second pass for collection: org.frcpm.models.Project.milestones
10:24:46.100 [main] DEBUG org.hibernate.boot.model.internal.CollectionBinder - Binding a OneToMany: org.frcpm.models.Project.milestones through a foreign key
10:24:46.100 [main] DEBUG org.hibernate.boot.model.internal.CollectionBinder - Mapping collection: org.frcpm.models.Project.milestones -> milestones
10:24:46.100 [main] DEBUG org.hibernate.boot.model.internal.TableBinder - Retrieving property org.frcpm.models.Milestone.project
10:24:46.100 [main] DEBUG org.hibernate.boot.model.internal.CollectionSecondPass - Mapped collection key: project_id, one-to-many: org.frcpm.models.Milestone
10:24:46.100 [main] DEBUG org.hibernate.boot.model.internal.CollectionSecondPass - Second pass for collection: org.frcpm.models.Project.tasks
10:24:46.100 [main] DEBUG org.hibernate.boot.model.internal.CollectionBinder - Binding a OneToMany: org.frcpm.models.Project.tasks through a foreign key
10:24:46.100 [main] DEBUG org.hibernate.boot.model.internal.CollectionBinder - Mapping collection: org.frcpm.models.Project.tasks -> tasks
10:24:46.100 [main] DEBUG org.hibernate.boot.model.internal.TableBinder - Retrieving property org.frcpm.models.Task.project
10:24:46.100 [main] DEBUG org.hibernate.boot.model.internal.CollectionSecondPass - Mapped collection key: project_id, one-to-many: org.frcpm.models.Task
10:24:46.100 [main] DEBUG org.hibernate.boot.model.internal.CollectionSecondPass - Second pass for collection: org.frcpm.models.Subteam.members
10:24:46.100 [main] DEBUG org.hibernate.boot.model.internal.CollectionBinder - Binding a OneToMany: org.frcpm.models.Subteam.members through a foreign key
10:24:46.100 [main] DEBUG org.hibernate.boot.model.internal.CollectionBinder - Mapping collection: org.frcpm.models.Subteam.members -> team_members
10:24:46.100 [main] DEBUG org.hibernate.boot.model.internal.TableBinder - Retrieving property org.frcpm.models.TeamMember.subteam
10:24:46.100 [main] DEBUG org.hibernate.boot.model.internal.CollectionSecondPass - Mapped collection key: subteam_id, one-to-many: org.frcpm.models.TeamMember
10:24:46.100 [main] DEBUG org.hibernate.boot.model.internal.CollectionSecondPass - Second pass for collection: org.frcpm.models.Subteam.subsystems
10:24:46.100 [main] DEBUG org.hibernate.boot.model.internal.CollectionBinder - Binding a OneToMany: org.frcpm.models.Subteam.subsystems through a foreign key
10:24:46.100 [main] DEBUG org.hibernate.boot.model.internal.CollectionBinder - Mapping collection: org.frcpm.models.Subteam.subsystems -> subsystems
10:24:46.100 [main] DEBUG org.hibernate.boot.model.internal.TableBinder - Retrieving property org.frcpm.models.Subsystem.responsibleSubteam
10:24:46.100 [main] DEBUG org.hibernate.boot.model.internal.CollectionSecondPass - Mapped collection key: responsible_subteam_id, one-to-many: org.frcpm.models.Subsystem
10:24:46.100 [main] DEBUG org.hibernate.boot.model.internal.CollectionSecondPass - Second pass for collection: org.frcpm.models.Task.postDependencies
10:24:46.100 [main] DEBUG org.hibernate.boot.model.internal.CollectionBinder - Binding a ManyToMany: org.frcpm.models.Task.postDependencies
10:24:46.101 [main] DEBUG org.hibernate.boot.registry.classloading.internal.ClassLoaderServiceImpl - HHH000194: Package not found or no package-info.java: org.frcpm.models
10:24:46.101 [main] DEBUG org.hibernate.boot.model.internal.TableBinder - Retrieving property org.frcpm.models.Task.preDependencies
10:24:46.101 [main] DEBUG org.hibernate.boot.model.internal.CollectionSecondPass - Mapped collection key: dependency_id, element: task_id
10:24:46.101 [main] DEBUG org.hibernate.boot.model.internal.CollectionSecondPass - Second pass for collection: org.frcpm.models.TeamMember.assignedTasks
10:24:46.101 [main] DEBUG org.hibernate.boot.model.internal.CollectionBinder - Binding a ManyToMany: org.frcpm.models.TeamMember.assignedTasks
10:24:46.102 [main] DEBUG org.hibernate.boot.registry.classloading.internal.ClassLoaderServiceImpl - HHH000194: Package not found or no package-info.java: org.frcpm.models
10:24:46.102 [main] DEBUG org.hibernate.boot.model.internal.TableBinder - Retrieving property org.frcpm.models.Task.assignedTo
10:24:46.102 [main] DEBUG org.hibernate.boot.model.internal.CollectionSecondPass - Mapped collection key: team_member_id, element: task_id
10:24:46.102 [main] DEBUG org.hibernate.boot.model.internal.CollectionSecondPass - Second pass for collection: org.frcpm.models.TeamMember.attendances
10:24:46.102 [main] DEBUG org.hibernate.boot.model.internal.CollectionBinder - Binding a OneToMany: org.frcpm.models.TeamMember.attendances through a foreign key
10:24:46.102 [main] DEBUG org.hibernate.boot.model.internal.CollectionBinder - Mapping collection: org.frcpm.models.TeamMember.attendances -> attendances
10:24:46.102 [main] DEBUG org.hibernate.boot.model.internal.TableBinder - Retrieving property org.frcpm.models.Attendance.member
10:24:46.102 [main] DEBUG org.hibernate.boot.model.internal.CollectionSecondPass - Mapped collection key: member_id, one-to-many: org.frcpm.models.Attendance
10:24:46.111 [main] DEBUG org.hibernate.internal.SessionFactoryImpl - Building session factory
10:24:46.111 [main] DEBUG org.hibernate.service.internal.SessionFactoryServiceRegistryImpl - EventListenerRegistry access via ServiceRegistry is deprecated.  Use `sessionFactory.getEventEngine().getListenerRegistry()` instead
10:24:46.112 [main] DEBUG org.hibernate.internal.SessionFactoryImpl - Instantiating SessionFactory with settings: {hibernate.format_sql=false, java.specification.version=21, sun.cpu.isalist=amd64, hibernate.connection.handling_mode=DELAYED_ACQUISITION_AND_RELEASE_AFTER_STATEMENT, sun.jnu.encoding=Cp1252, hibernate.dialect=org.hibernate.dialect.H2Dialect, java.class.path=C:\Users\dhiebert\Local Repositories\Project Management 2.0\target\test-classes;C:\Users\dhiebert\Local Repositories\Project Management 2.0\target\classes;C:\Users\dhiebert\.m2\repository\org\openjfx\javafx-controls\21.0.2\javafx-controls-21.0.2.jar;C:\Users\dhiebert\.m2\repository\org\openjfx\javafx-controls\21.0.2\javafx-controls-21.0.2-win.jar;C:\Users\dhiebert\.m2\repository\org\openjfx\javafx-fxml\21.0.2\javafx-fxml-21.0.2.jar;C:\Users\dhiebert\.m2\repository\org\openjfx\javafx-fxml\21.0.2\javafx-fxml-21.0.2-win.jar;C:\Users\dhiebert\.m2\repository\org\openjfx\javafx-graphics\21.0.2\javafx-graphics-21.0.2.jar;C:\Users\dhiebert\.m2\repository\org\openjfx\javafx-graphics\21.0.2\javafx-graphics-21.0.2-win.jar;C:\Users\dhiebert\.m2\repository\org\openjfx\javafx-base\21.0.2\javafx-base-21.0.2.jar;C:\Users\dhiebert\.m2\repository\org\openjfx\javafx-base\21.0.2\javafx-base-21.0.2-win.jar;C:\Users\dhiebert\.m2\repository\com\h2database\h2\2.2.224\h2-2.2.224.jar;C:\Users\dhiebert\.m2\repository\com\zaxxer\HikariCP\5.1.0\HikariCP-5.1.0.jar;C:\Users\dhiebert\.m2\repository\org\slf4j\slf4j-api\1.7.36\slf4j-api-1.7.36.jar;C:\Users\dhiebert\.m2\repository\org\hibernate\orm\hibernate-core\6.5.0.Final\hibernate-core-6.5.0.Final.jar;C:\Users\dhiebert\.m2\repository\jakarta\persistence\jakarta.persistence-api\3.1.0\jakarta.persistence-api-3.1.0.jar;C:\Users\dhiebert\.m2\repository\jakarta\transaction\jakarta.transaction-api\2.0.1\jakarta.transaction-api-2.0.1.jar;C:\Users\dhiebert\.m2\repository\org\jboss\logging\jboss-logging\3.5.0.Final\jboss-logging-3.5.0.Final.jar;C:\Users\dhiebert\.m2\repository\org\hibernate\common\hibernate-commons-annotations\6.0.6.Final\hibernate-commons-annotations-6.0.6.Final.jar;C:\Users\dhiebert\.m2\repository\io\smallrye\jandex\3.1.2\jandex-3.1.2.jar;C:\Users\dhiebert\.m2\repository\com\fasterxml\classmate\1.5.1\classmate-1.5.1.jar;C:\Users\dhiebert\.m2\repository\net\bytebuddy\byte-buddy\1.14.12\byte-buddy-1.14.12.jar;C:\Users\dhiebert\.m2\repository\jakarta\xml\bind\jakarta.xml.bind-api\4.0.0\jakarta.xml.bind-api-4.0.0.jar;C:\Users\dhiebert\.m2\repository\jakarta\activation\jakarta.activation-api\2.1.0\jakarta.activation-api-2.1.0.jar;C:\Users\dhiebert\.m2\repository\org\glassfish\jaxb\jaxb-runtime\4.0.2\jaxb-runtime-4.0.2.jar;C:\Users\dhiebert\.m2\repository\org\glassfish\jaxb\jaxb-core\4.0.2\jaxb-core-4.0.2.jar;C:\Users\dhiebert\.m2\repository\org\eclipse\angus\angus-activation\2.0.0\angus-activation-2.0.0.jar;C:\Users\dhiebert\.m2\repository\org\glassfish\jaxb\txw2\4.0.2\txw2-4.0.2.jar;C:\Users\dhiebert\.m2\repository\com\sun\istack\istack-commons-runtime\4.1.1\istack-commons-runtime-4.1.1.jar;C:\Users\dhiebert\.m2\repository\jakarta\inject\jakarta.inject-api\2.0.1\jakarta.inject-api-2.0.1.jar;C:\Users\dhiebert\.m2\repository\org\antlr\antlr4-runtime\4.13.0\antlr4-runtime-4.13.0.jar;C:\Users\dhiebert\.m2\repository\org\hibernate\validator\hibernate-validator\8.0.1.Final\hibernate-validator-8.0.1.Final.jar;C:\Users\dhiebert\.m2\repository\jakarta\validation\jakarta.validation-api\3.0.2\jakarta.validation-api-3.0.2.jar;C:\Users\dhiebert\.m2\repository\org\junit\jupiter\junit-jupiter-api\5.10.2\junit-jupiter-api-5.10.2.jar;C:\Users\dhiebert\.m2\repository\org\opentest4j\opentest4j\1.3.0\opentest4j-1.3.0.jar;C:\Users\dhiebert\.m2\repository\org\junit\platform\junit-platform-commons\1.10.2\junit-platform-commons-1.10.2.jar;C:\Users\dhiebert\.m2\repository\org\apiguardian\apiguardian-api\1.1.2\apiguardian-api-1.1.2.jar;C:\Users\dhiebert\.m2\repository\org\junit\jupiter\junit-jupiter-engine\5.10.2\junit-jupiter-engine-5.10.2.jar;C:\Users\dhiebert\.m2\repository\org\junit\platform\junit-platform-engine\1.10.2\junit-platform-engine-1.10.2.jar;C:\Users\dhiebert\.m2\repository\org\mockito\mockito-junit-jupiter\5.10.0\mockito-junit-jupiter-5.10.0.jar;C:\Users\dhiebert\.m2\repository\org\mockito\mockito-core\5.10.0\mockito-core-5.10.0.jar;C:\Users\dhiebert\.m2\repository\net\bytebuddy\byte-buddy-agent\1.14.11\byte-buddy-agent-1.14.11.jar;C:\Users\dhiebert\.m2\repository\org\objenesis\objenesis\3.3\objenesis-3.3.jar;C:\Users\dhiebert\.m2\repository\org\hibernate\orm\hibernate-hikaricp\6.5.0.Final\hibernate-hikaricp-6.5.0.Final.jar;C:\Users\dhiebert\.m2\repository\ch\qos\logback\logback-classic\1.2.11\logback-classic-1.2.11.jar;C:\Users\dhiebert\.m2\repository\ch\qos\logback\logback-core\1.2.11\logback-core-1.2.11.jar;C:\Users\dhiebert\.m2\repository\org\testfx\testfx-core\4.0.18\testfx-core-4.0.18.jar;C:\Users\dhiebert\.m2\repository\org\hamcrest\hamcrest\2.1\hamcrest-2.1.jar;C:\Users\dhiebert\.m2\repository\org\assertj\assertj-core\3.13.2\assertj-core-3.13.2.jar;C:\Users\dhiebert\.m2\repository\org\osgi\org.osgi.core\6.0.0\org.osgi.core-6.0.0.jar;C:\Users\dhiebert\.m2\repository\org\testfx\testfx-junit5\4.0.18\testfx-junit5-4.0.18.jar;C:\Users\dhiebert\.m2\repository\org\openjfx\javafx-web\17.0.2\javafx-web-17.0.2.jar;C:\Users\dhiebert\.m2\repository\org\openjfx\javafx-web\17.0.2\javafx-web-17.0.2-win.jar;C:\Users\dhiebert\.m2\repository\org\openjfx\javafx-media\17.0.2\javafx-media-17.0.2.jar;C:\Users\dhiebert\.m2\repository\org\openjfx\javafx-media\17.0.2\javafx-media-17.0.2-win.jar;C:\Users\dhiebert\.m2\repository\org\apache\pdfbox\pdfbox\2.0.27\pdfbox-2.0.27.jar;C:\Users\dhiebert\.m2\repository\org\apache\pdfbox\fontbox\2.0.27\fontbox-2.0.27.jar;C:\Users\dhiebert\.m2\repository\commons-logging\commons-logging\1.2\commons-logging-1.2.jar;C:\Users\dhiebert\.m2\repository\com\fasterxml\jackson\core\jackson-databind\2.15.0\jackson-databind-2.15.0.jar;C:\Users\dhiebert\.m2\repository\com\fasterxml\jackson\core\jackson-annotations\2.15.0\jackson-annotations-2.15.0.jar;C:\Users\dhiebert\.m2\repository\com\fasterxml\jackson\core\jackson-core\2.15.0\jackson-core-2.15.0.jar;C:\Users\dhiebert\.m2\repository\org\apache\xmlgraphics\batik-all\1.16\batik-all-1.16.jar;C:\Users\dhiebert\.m2\repository\xml-apis\xml-apis\1.4.01\xml-apis-1.4.01.jar;C:\Users\dhiebert\.m2\repository\xml-apis\xml-apis-ext\1.3.04\xml-apis-ext-1.3.04.jar;C:\Users\dhiebert\.m2\repository\org\apache\xmlgraphics\xmlgraphics-commons\2.7\xmlgraphics-commons-2.7.jar;C:\Users\dhiebert\.m2\repository\commons-io\commons-io\1.3.1\commons-io-1.3.1.jar;C:\Users\dhiebert\.m2\repository\org\jgrapht\jgrapht-core\1.5.2\jgrapht-core-1.5.2.jar;C:\Users\dhiebert\.m2\repository\org\jheaps\jheaps\0.14\jheaps-0.14.jar;C:\Users\dhiebert\.m2\repository\org\apfloat\apfloat\1.10.1\apfloat-1.10.1.jar;, java.vm.vendor=Eclipse Adoptium, sun.arch.data.model=64, hibernate.order_inserts=true, user.variant=, java.vendor.url=https://adoptium.net/, user.timezone=America/Chicago, javax.persistence.jdbc.user=****, javax.persistence.jdbc.url=jdbc:h2:file:C:\Users\dhiebert\.frcpm\frcpm, java.vm.specification.version=21, os.name=Windows 11, hibernate.generate_statistics=false, hibernate.hikari.connectionTimeout=10000, hibernate.order_updates=true, hibernate.jdbc.batch_versioned_data=true, jakarta.persistence.jdbc.password=****, hibernate.jdbc.batch_size=30, sun.java.launcher=SUN_STANDARD, user.country=US, local.setting.IS_JTA_TXN_COORD=false, sun.boot.library.path=C:\Program Files\Eclipse Adoptium\jdk-21.0.6.7-hotspot\bin, sun.java.command=C:\Users\dhiebert\AppData\Local\Temp\surefire9513985487531586668\surefirebooter-20250425102356946_3.jar C:\Users\dhiebert\AppData\Local\Temp\surefire9513985487531586668 2025-04-25T10-23-56_800-jvmRun1 surefire-20250425102356946_1tmp surefire_0-20250425102356946_2tmp, hibernate.use_sql_comments=false, hibernate.connection.provider_class=org.hibernate.hikaricp.internal.HikariCPConnectionProvider, jdk.debug=release, surefire.test.class.path=C:\Users\dhiebert\Local Repositories\Project Management 2.0\target\test-classes;C:\Users\dhiebert\Local Repositories\Project Management 2.0\target\classes;C:\Users\dhiebert\.m2\repository\org\openjfx\javafx-controls\21.0.2\javafx-controls-21.0.2.jar;C:\Users\dhiebert\.m2\repository\org\openjfx\javafx-controls\21.0.2\javafx-controls-21.0.2-win.jar;C:\Users\dhiebert\.m2\repository\org\openjfx\javafx-fxml\21.0.2\javafx-fxml-21.0.2.jar;C:\Users\dhiebert\.m2\repository\org\openjfx\javafx-fxml\21.0.2\javafx-fxml-21.0.2-win.jar;C:\Users\dhiebert\.m2\repository\org\openjfx\javafx-graphics\21.0.2\javafx-graphics-21.0.2.jar;C:\Users\dhiebert\.m2\repository\org\openjfx\javafx-graphics\21.0.2\javafx-graphics-21.0.2-win.jar;C:\Users\dhiebert\.m2\repository\org\openjfx\javafx-base\21.0.2\javafx-base-21.0.2.jar;C:\Users\dhiebert\.m2\repository\org\openjfx\javafx-base\21.0.2\javafx-base-21.0.2-win.jar;C:\Users\dhiebert\.m2\repository\com\h2database\h2\2.2.224\h2-2.2.224.jar;C:\Users\dhiebert\.m2\repository\com\zaxxer\HikariCP\5.1.0\HikariCP-5.1.0.jar;C:\Users\dhiebert\.m2\repository\org\slf4j\slf4j-api\1.7.36\slf4j-api-1.7.36.jar;C:\Users\dhiebert\.m2\repository\org\hibernate\orm\hibernate-core\6.5.0.Final\hibernate-core-6.5.0.Final.jar;C:\Users\dhiebert\.m2\repository\jakarta\persistence\jakarta.persistence-api\3.1.0\jakarta.persistence-api-3.1.0.jar;C:\Users\dhiebert\.m2\repository\jakarta\transaction\jakarta.transaction-api\2.0.1\jakarta.transaction-api-2.0.1.jar;C:\Users\dhiebert\.m2\repository\org\jboss\logging\jboss-logging\3.5.0.Final\jboss-logging-3.5.0.Final.jar;C:\Users\dhiebert\.m2\repository\org\hibernate\common\hibernate-commons-annotations\6.0.6.Final\hibernate-commons-annotations-6.0.6.Final.jar;C:\Users\dhiebert\.m2\repository\io\smallrye\jandex\3.1.2\jandex-3.1.2.jar;C:\Users\dhiebert\.m2\repository\com\fasterxml\classmate\1.5.1\classmate-1.5.1.jar;C:\Users\dhiebert\.m2\repository\net\bytebuddy\byte-buddy\1.14.12\byte-buddy-1.14.12.jar;C:\Users\dhiebert\.m2\repository\jakarta\xml\bind\jakarta.xml.bind-api\4.0.0\jakarta.xml.bind-api-4.0.0.jar;C:\Users\dhiebert\.m2\repository\jakarta\activation\jakarta.activation-api\2.1.0\jakarta.activation-api-2.1.0.jar;C:\Users\dhiebert\.m2\repository\org\glassfish\jaxb\jaxb-runtime\4.0.2\jaxb-runtime-4.0.2.jar;C:\Users\dhiebert\.m2\repository\org\glassfish\jaxb\jaxb-core\4.0.2\jaxb-core-4.0.2.jar;C:\Users\dhiebert\.m2\repository\org\eclipse\angus\angus-activation\2.0.0\angus-activation-2.0.0.jar;C:\Users\dhiebert\.m2\repository\org\glassfish\jaxb\txw2\4.0.2\txw2-4.0.2.jar;C:\Users\dhiebert\.m2\repository\com\sun\istack\istack-commons-runtime\4.1.1\istack-commons-runtime-4.1.1.jar;C:\Users\dhiebert\.m2\repository\jakarta\inject\jakarta.inject-api\2.0.1\jakarta.inject-api-2.0.1.jar;C:\Users\dhiebert\.m2\repository\org\antlr\antlr4-runtime\4.13.0\antlr4-runtime-4.13.0.jar;C:\Users\dhiebert\.m2\repository\org\hibernate\validator\hibernate-validator\8.0.1.Final\hibernate-validator-8.0.1.Final.jar;C:\Users\dhiebert\.m2\repository\jakarta\validation\jakarta.validation-api\3.0.2\jakarta.validation-api-3.0.2.jar;C:\Users\dhiebert\.m2\repository\org\junit\jupiter\junit-jupiter-api\5.10.2\junit-jupiter-api-5.10.2.jar;C:\Users\dhiebert\.m2\repository\org\opentest4j\opentest4j\1.3.0\opentest4j-1.3.0.jar;C:\Users\dhiebert\.m2\repository\org\junit\platform\junit-platform-commons\1.10.2\junit-platform-commons-1.10.2.jar;C:\Users\dhiebert\.m2\repository\org\apiguardian\apiguardian-api\1.1.2\apiguardian-api-1.1.2.jar;C:\Users\dhiebert\.m2\repository\org\junit\jupiter\junit-jupiter-engine\5.10.2\junit-jupiter-engine-5.10.2.jar;C:\Users\dhiebert\.m2\repository\org\junit\platform\junit-platform-engine\1.10.2\junit-platform-engine-1.10.2.jar;C:\Users\dhiebert\.m2\repository\org\mockito\mockito-junit-jupiter\5.10.0\mockito-junit-jupiter-5.10.0.jar;C:\Users\dhiebert\.m2\repository\org\mockito\mockito-core\5.10.0\mockito-core-5.10.0.jar;C:\Users\dhiebert\.m2\repository\net\bytebuddy\byte-buddy-agent\1.14.11\byte-buddy-agent-1.14.11.jar;C:\Users\dhiebert\.m2\repository\org\objenesis\objenesis\3.3\objenesis-3.3.jar;C:\Users\dhiebert\.m2\repository\org\hibernate\orm\hibernate-hikaricp\6.5.0.Final\hibernate-hikaricp-6.5.0.Final.jar;C:\Users\dhiebert\.m2\repository\ch\qos\logback\logback-classic\1.2.11\logback-classic-1.2.11.jar;C:\Users\dhiebert\.m2\repository\ch\qos\logback\logback-core\1.2.11\logback-core-1.2.11.jar;C:\Users\dhiebert\.m2\repository\org\testfx\testfx-core\4.0.18\testfx-core-4.0.18.jar;C:\Users\dhiebert\.m2\repository\org\hamcrest\hamcrest\2.1\hamcrest-2.1.jar;C:\Users\dhiebert\.m2\repository\org\assertj\assertj-core\3.13.2\assertj-core-3.13.2.jar;C:\Users\dhiebert\.m2\repository\org\osgi\org.osgi.core\6.0.0\org.osgi.core-6.0.0.jar;C:\Users\dhiebert\.m2\repository\org\testfx\testfx-junit5\4.0.18\testfx-junit5-4.0.18.jar;C:\Users\dhiebert\.m2\repository\org\openjfx\javafx-web\17.0.2\javafx-web-17.0.2.jar;C:\Users\dhiebert\.m2\repository\org\openjfx\javafx-web\17.0.2\javafx-web-17.0.2-win.jar;C:\Users\dhiebert\.m2\repository\org\openjfx\javafx-media\17.0.2\javafx-media-17.0.2.jar;C:\Users\dhiebert\.m2\repository\org\openjfx\javafx-media\17.0.2\javafx-media-17.0.2-win.jar;C:\Users\dhiebert\.m2\repository\org\apache\pdfbox\pdfbox\2.0.27\pdfbox-2.0.27.jar;C:\Users\dhiebert\.m2\repository\org\apache\pdfbox\fontbox\2.0.27\fontbox-2.0.27.jar;C:\Users\dhiebert\.m2\repository\commons-logging\commons-logging\1.2\commons-logging-1.2.jar;C:\Users\dhiebert\.m2\repository\com\fasterxml\jackson\core\jackson-databind\2.15.0\jackson-databind-2.15.0.jar;C:\Users\dhiebert\.m2\repository\com\fasterxml\jackson\core\jackson-annotations\2.15.0\jackson-annotations-2.15.0.jar;C:\Users\dhiebert\.m2\repository\com\fasterxml\jackson\core\jackson-core\2.15.0\jackson-core-2.15.0.jar;C:\Users\dhiebert\.m2\repository\org\apache\xmlgraphics\batik-all\1.16\batik-all-1.16.jar;C:\Users\dhiebert\.m2\repository\xml-apis\xml-apis\1.4.01\xml-apis-1.4.01.jar;C:\Users\dhiebert\.m2\repository\xml-apis\xml-apis-ext\1.3.04\xml-apis-ext-1.3.04.jar;C:\Users\dhiebert\.m2\repository\org\apache\xmlgraphics\xmlgraphics-commons\2.7\xmlgraphics-commons-2.7.jar;C:\Users\dhiebert\.m2\repository\commons-io\commons-io\1.3.1\commons-io-1.3.1.jar;C:\Users\dhiebert\.m2\repository\org\jgrapht\jgrapht-core\1.5.2\jgrapht-core-1.5.2.jar;C:\Users\dhiebert\.m2\repository\org\jheaps\jheaps\0.14\jheaps-0.14.jar;C:\Users\dhiebert\.m2\repository\org\apfloat\apfloat\1.10.1\apfloat-1.10.1.jar;, jakarta.persistence.jdbc.driver=org.h2.Driver, sun.cpu.endian=little, user.home=C:\Users\dhiebert, user.language=en, java.specification.vendor=Oracle Corporation, java.version.date=2025-01-21, java.home=C:\Program Files\Eclipse Adoptium\jdk-21.0.6.7-hotspot, file.separator=\, basedir=C:\Users\dhiebert\Local Repositories\Project Management 2.0, java.vm.compressedOopsMode=Zero based, jakarta.persistence.jdbc.user=****, line.separator=
, hibernate.persistenceUnitName=frcpm, java.vm.specification.vendor=Oracle Corporation, java.specification.name=Java Platform API Specification, hibernate.transaction.coordinator_class=class org.hibernate.resource.transaction.backend.jdbc.internal.JdbcResourceLocalTransactionCoordinatorBuilderImpl, javax.persistence.jdbc.driver=org.h2.Driver, hibernate.hikari.maximumPoolSize=10, surefire.real.class.path=C:\Users\dhiebert\AppData\Local\Temp\surefire9513985487531586668\surefirebooter-20250425102356946_3.jar, hibernate.hbm2ddl.auto=update, user.script=, sun.management.compiler=HotSpot 64-Bit Tiered Compilers, java.runtime.version=21.0.6+7-LTS, user.name=dhiebert, hibernate.cache.use_query_cache=false, stdout.encoding=Cp1252, path.separator=;, hibernate.connection.username=****, os.version=10.0, java.runtime.name=OpenJDK Runtime Environment, hibernate.connection.url=jdbc:h2:file:C:\Users\dhiebert\.frcpm\frcpm, file.encoding=UTF-8, hibernate.hikari.minimumIdle=2, hibernate.hikari.idleTimeout=30000, java.vm.name=OpenJDK 64-Bit Server VM, hibernate.show_sql=false, java.vendor.version=Temurin-21.0.6+7, hibernate.hikari.poolName=FRC-PM-HikariCP, hibernate.current_session_context_class=thread, localRepository=C:\Users\dhiebert\.m2\repository, hibernate.connection.driver_class=org.h2.Driver, java.vendor.url.bug=https://github.com/adoptium/adoptium-support/issues, java.io.tmpdir=C:\Users\dhiebert\AppData\Local\Temp\, java.version=21.0.6, user.dir=C:\Users\dhiebert\Local Repositories\Project Management 2.0, os.arch=amd64, java.vm.specification.name=Java Virtual Machine Specification, hibernate.connection.password=****, sun.os.patch.level=, jakarta.persistence.jdbc.url=jdbc:h2:file:C:\Users\dhiebert\.frcpm\frcpm, hibernate.boot.CfgXmlAccessService.key=org.hibernate.boot.registry.StandardServiceRegistryBuilder$1@4b324a54, native.encoding=Cp1252, hibernate.cache.use_second_level_cache=false, java.library.path=C:\Program Files\Eclipse Adoptium\jdk-21.0.6.7-hotspot\bin;C:\WINDOWS\Sun\Java\bin;C:\WINDOWS\system32;C:\WINDOWS;C:\Program Files\apache-maven-3.9.9\bin;C:\Program Files\Eclipse Adoptium\jdk-21.0.6.7-hotspot\bin;C:\Program Files\National Instruments\Shared\OpenVINO\;C:\Program Files\Common Files\Oracle\Java\javapath;C:\WINDOWS\system32;C:\WINDOWS;C:\WINDOWS\System32\Wbem;C:\WINDOWS\System32\WindowsPowerShell\v1.0\;C:\WINDOWS\System32\OpenSSH\;C:\Program Files\dotnet\;C:\Program Files (x86)\Windows Live\Shared;C:\Program Files\Git\cmd;C:\Program Files\Common Files\Autodesk Shared\;C:\Program Files\Microsoft SQL Server\150\Tools\Binn\;C:\Program Files\nodejs\;C:\Program Files\Eclipse Adoptium\jdk-21.0.6.7-hotspot\bin;C:\Program Files\apache-maven-3.9.9\bin;%MAVEN_HOME%\bin;C:\Users\dhiebert\AppData\Local\Microsoft\WindowsApps;C:\Users\dhiebert\AppData\Local\GitHubDesktop\bin;C:\Users\dhiebert\AppData\Roaming\npm;C:\Users\dhiebert\AppData\Local\Packages\PythonSoftwareFoundation.Python.3.11_qbz5n2kfra8p0\LocalCache\local-packages\Python311\Scripts;C:\Users\dhiebert\AppData\Local\Packages\PythonSoftwareFoundation.Python.3.11_qbz5n2kfra8p0\LocalCache\local-packages\Python311\site-packages\maven;;c:\Users\Public\wpilib\2025\vscode\data\user-data\User\globalStorage\github.copilot-chat\debugCommand;c:\Users\Public\wpilib\2025\vscode\data\extensions\ms-python.debugpy-2025.4.1-win32-x64\bundled\scripts\noConfigScripts;., stderr.encoding=Cp1252, java.vendor=Eclipse Adoptium, java.vm.info=mixed mode, sharing, java.vm.version=21.0.6+7-LTS, sun.io.unicode.encoding=UnicodeLittle, javax.persistence.jdbc.password=****, java.class.version=65.0}
10:24:46.112 [main] DEBUG org.hibernate.internal.SessionFactoryImpl - Session factory constructed with filter configurations : {}
10:24:46.112 [main] DEBUG org.hibernate.validator.internal.xml.config.ValidationXmlParser - Trying to load META-INF/validation.xml for XML based Validator configuration.
10:24:46.112 [main] DEBUG org.hibernate.validator.internal.xml.config.ResourceLoaderHelper - Trying to load META-INF/validation.xml via TCCL
10:24:46.112 [main] DEBUG org.hibernate.validator.internal.xml.config.ResourceLoaderHelper - Trying to load META-INF/validation.xml via Hibernate Validator's class loader
10:24:46.112 [main] DEBUG org.hibernate.validator.internal.xml.config.ValidationXmlParser - No META-INF/validation.xml found. Using annotation based configuration only.
10:24:46.112 [main] DEBUG org.hibernate.validator.internal.engine.resolver.TraversableResolvers - Found jakarta.persistence.Persistence on classpath containing 'getPersistenceUtil'. Assuming JPA 2 environment. Trying to instantiate JPA aware TraversableResolver
10:24:46.112 [main] DEBUG org.hibernate.validator.internal.engine.resolver.TraversableResolvers - Instantiated JPA aware TraversableResolver of type org.hibernate.validator.internal.engine.resolver.JPATraversableResolver.
10:24:46.112 [main] DEBUG org.hibernate.validator.messageinterpolation.ResourceBundleMessageInterpolator - Failed to load expression factory via classloader jdk.internal.loader.ClassLoaders$AppClassLoader@70dea4e
java.lang.NoClassDefFoundError: jakarta/el/ExpressionFactory
	at org.hibernate.validator.messageinterpolation.ResourceBundleMessageInterpolator.canLoadExpressionFactory(ResourceBundleMessageInterpolator.java:228)
	at org.hibernate.validator.messageinterpolation.ResourceBundleMessageInterpolator.buildExpressionFactory(ResourceBundleMessageInterpolator.java:173)
	at org.hibernate.validator.messageinterpolation.ResourceBundleMessageInterpolator.<init>(ResourceBundleMessageInterpolator.java:97)
	at org.hibernate.validator.internal.engine.AbstractConfigurationImpl.getDefaultMessageInterpolator(AbstractConfigurationImpl.java:575)
	at org.hibernate.validator.internal.engine.AbstractConfigurationImpl.getDefaultMessageInterpolatorConfiguredWithClassLoader(AbstractConfigurationImpl.java:834)
	at org.hibernate.validator.internal.engine.AbstractConfigurationImpl.getMessageInterpolator(AbstractConfigurationImpl.java:485)
	at org.hibernate.validator.internal.engine.ValidatorFactoryImpl.<init>(ValidatorFactoryImpl.java:157)
	at org.hibernate.validator.HibernateValidator.buildValidatorFactory(HibernateValidator.java:38)
	at org.hibernate.validator.internal.engine.AbstractConfigurationImpl.buildValidatorFactory(AbstractConfigurationImpl.java:453)
	at jakarta.validation.Validation.buildDefaultValidatorFactory(Validation.java:103)
	at org.hibernate.boot.beanvalidation.TypeSafeActivator.getValidatorFactory(TypeSafeActivator.java:482)
	at org.hibernate.boot.beanvalidation.TypeSafeActivator.activate(TypeSafeActivator.java:79)
	at java.base/jdk.internal.reflect.DirectMethodHandleAccessor.invoke(DirectMethodHandleAccessor.java:103)
	at java.base/java.lang.reflect.Method.invoke(Method.java:580)
	at org.hibernate.boot.beanvalidation.BeanValidationIntegrator.integrate(BeanValidationIntegrator.java:139)
	at org.hibernate.internal.SessionFactoryImpl.integrate(SessionFactoryImpl.java:517)
	at org.hibernate.internal.SessionFactoryImpl.<init>(SessionFactoryImpl.java:276)
	at org.hibernate.boot.internal.SessionFactoryBuilderImpl.build(SessionFactoryBuilderImpl.java:457)
	at org.hibernate.jpa.boot.internal.EntityManagerFactoryBuilderImpl.build(EntityManagerFactoryBuilderImpl.java:1506)
	at org.hibernate.jpa.HibernatePersistenceProvider.createEntityManagerFactory(HibernatePersistenceProvider.java:55)
	at jakarta.persistence.Persistence.createEntityManagerFactory(Persistence.java:80)
	at org.frcpm.config.DatabaseConfig.initialize(DatabaseConfig.java:114)
	at org.frcpm.config.DatabaseConfig.initialize(DatabaseConfig.java:28)
	at org.frcpm.repositories.SubteamRepositoryTest.setUp(SubteamRepositoryTest.java:24)
	at java.base/jdk.internal.reflect.DirectMethodHandleAccessor.invoke(DirectMethodHandleAccessor.java:103)
	at java.base/java.lang.reflect.Method.invoke(Method.java:580)
	at org.junit.platform.commons.util.ReflectionUtils.invokeMethod(ReflectionUtils.java:728)
	at org.junit.jupiter.engine.execution.MethodInvocation.proceed(MethodInvocation.java:60)
	at org.junit.jupiter.engine.execution.InvocationInterceptorChain$ValidatingInvocation.proceed(InvocationInterceptorChain.java:131)
	at org.junit.jupiter.engine.extension.TimeoutExtension.intercept(TimeoutExtension.java:156)
	at org.junit.jupiter.engine.extension.TimeoutExtension.interceptLifecycleMethod(TimeoutExtension.java:128)
	at org.junit.jupiter.engine.extension.TimeoutExtension.interceptBeforeEachMethod(TimeoutExtension.java:78)
	at org.junit.jupiter.engine.execution.InterceptingExecutableInvoker$ReflectiveInterceptorCall.lambda$ofVoidMethod$0(InterceptingExecutableInvoker.java:103)
	at org.junit.jupiter.engine.execution.InterceptingExecutableInvoker.lambda$invoke$0(InterceptingExecutableInvoker.java:93)
	at org.junit.jupiter.engine.execution.InvocationInterceptorChain$InterceptedInvocation.proceed(InvocationInterceptorChain.java:106)
	at org.junit.jupiter.engine.execution.InvocationInterceptorChain.proceed(InvocationInterceptorChain.java:64)
	at org.junit.jupiter.engine.execution.InvocationInterceptorChain.chainAndInvoke(InvocationInterceptorChain.java:45)
	at org.junit.jupiter.engine.execution.InvocationInterceptorChain.invoke(InvocationInterceptorChain.java:37)
	at org.junit.jupiter.engine.execution.InterceptingExecutableInvoker.invoke(InterceptingExecutableInvoker.java:92)
	at org.junit.jupiter.engine.execution.InterceptingExecutableInvoker.invoke(InterceptingExecutableInvoker.java:86)
	at org.junit.jupiter.engine.descriptor.ClassBasedTestDescriptor.invokeMethodInExtensionContext(ClassBasedTestDescriptor.java:521)
	at org.junit.jupiter.engine.descriptor.ClassBasedTestDescriptor.lambda$synthesizeBeforeEachMethodAdapter$23(ClassBasedTestDescriptor.java:506)
	at org.junit.jupiter.engine.descriptor.TestMethodTestDescriptor.lambda$invokeBeforeEachMethods$3(TestMethodTestDescriptor.java:175)
	at org.junit.jupiter.engine.descriptor.TestMethodTestDescriptor.lambda$invokeBeforeMethodsOrCallbacksUntilExceptionOccurs$6(TestMethodTestDescriptor.java:203)
	at org.junit.platform.engine.support.hierarchical.ThrowableCollector.execute(ThrowableCollector.java:73)
	at org.junit.jupiter.engine.descriptor.TestMethodTestDescriptor.invokeBeforeMethodsOrCallbacksUntilExceptionOccurs(TestMethodTestDescriptor.java:203)
	at org.junit.jupiter.engine.descriptor.TestMethodTestDescriptor.invokeBeforeEachMethods(TestMethodTestDescriptor.java:172)
	at org.junit.jupiter.engine.descriptor.TestMethodTestDescriptor.execute(TestMethodTestDescriptor.java:135)
	at org.junit.jupiter.engine.descriptor.TestMethodTestDescriptor.execute(TestMethodTestDescriptor.java:69)
	at org.junit.platform.engine.support.hierarchical.NodeTestTask.lambda$executeRecursively$6(NodeTestTask.java:151)
	at org.junit.platform.engine.support.hierarchical.ThrowableCollector.execute(ThrowableCollector.java:73)
	at org.junit.platform.engine.support.hierarchical.NodeTestTask.lambda$executeRecursively$8(NodeTestTask.java:141)
	at org.junit.platform.engine.support.hierarchical.Node.around(Node.java:137)
	at org.junit.platform.engine.support.hierarchical.NodeTestTask.lambda$executeRecursively$9(NodeTestTask.java:139)
	at org.junit.platform.engine.support.hierarchical.ThrowableCollector.execute(ThrowableCollector.java:73)
	at org.junit.platform.engine.support.hierarchical.NodeTestTask.executeRecursively(NodeTestTask.java:138)
	at org.junit.platform.engine.support.hierarchical.NodeTestTask.execute(NodeTestTask.java:95)
	at java.base/java.util.ArrayList.forEach(ArrayList.java:1596)
	at org.junit.platform.engine.support.hierarchical.SameThreadHierarchicalTestExecutorService.invokeAll(SameThreadHierarchicalTestExecutorService.java:41)
	at org.junit.platform.engine.support.hierarchical.NodeTestTask.lambda$executeRecursively$6(NodeTestTask.java:155)
	at org.junit.platform.engine.support.hierarchical.ThrowableCollector.execute(ThrowableCollector.java:73)
	at org.junit.platform.engine.support.hierarchical.NodeTestTask.lambda$executeRecursively$8(NodeTestTask.java:141)
	at org.junit.platform.engine.support.hierarchical.Node.around(Node.java:137)
	at org.junit.platform.engine.support.hierarchical.NodeTestTask.lambda$executeRecursively$9(NodeTestTask.java:139)
	at org.junit.platform.engine.support.hierarchical.ThrowableCollector.execute(ThrowableCollector.java:73)
	at org.junit.platform.engine.support.hierarchical.NodeTestTask.executeRecursively(NodeTestTask.java:138)
	at org.junit.platform.engine.support.hierarchical.NodeTestTask.execute(NodeTestTask.java:95)
	at java.base/java.util.ArrayList.forEach(ArrayList.java:1596)
	at org.junit.platform.engine.support.hierarchical.SameThreadHierarchicalTestExecutorService.invokeAll(SameThreadHierarchicalTestExecutorService.java:41)
	at org.junit.platform.engine.support.hierarchical.NodeTestTask.lambda$executeRecursively$6(NodeTestTask.java:155)
	at org.junit.platform.engine.support.hierarchical.ThrowableCollector.execute(ThrowableCollector.java:73)
	at org.junit.platform.engine.support.hierarchical.NodeTestTask.lambda$executeRecursively$8(NodeTestTask.java:141)
	at org.junit.platform.engine.support.hierarchical.Node.around(Node.java:137)
	at org.junit.platform.engine.support.hierarchical.NodeTestTask.lambda$executeRecursively$9(NodeTestTask.java:139)
	at org.junit.platform.engine.support.hierarchical.ThrowableCollector.execute(ThrowableCollector.java:73)
	at org.junit.platform.engine.support.hierarchical.NodeTestTask.executeRecursively(NodeTestTask.java:138)
	at org.junit.platform.engine.support.hierarchical.NodeTestTask.execute(NodeTestTask.java:95)
	at org.junit.platform.engine.support.hierarchical.SameThreadHierarchicalTestExecutorService.submit(SameThreadHierarchicalTestExecutorService.java:35)
	at org.junit.platform.engine.support.hierarchical.HierarchicalTestExecutor.execute(HierarchicalTestExecutor.java:57)
	at org.junit.platform.engine.support.hierarchical.HierarchicalTestEngine.execute(HierarchicalTestEngine.java:54)
	at org.junit.platform.launcher.core.EngineExecutionOrchestrator.execute(EngineExecutionOrchestrator.java:198)
	at org.junit.platform.launcher.core.EngineExecutionOrchestrator.execute(EngineExecutionOrchestrator.java:169)
	at org.junit.platform.launcher.core.EngineExecutionOrchestrator.execute(EngineExecutionOrchestrator.java:93)
	at org.junit.platform.launcher.core.EngineExecutionOrchestrator.lambda$execute$0(EngineExecutionOrchestrator.java:58)
	at org.junit.platform.launcher.core.EngineExecutionOrchestrator.withInterceptedStreams(EngineExecutionOrchestrator.java:141)
	at org.junit.platform.launcher.core.EngineExecutionOrchestrator.execute(EngineExecutionOrchestrator.java:57)
	at org.junit.platform.launcher.core.DefaultLauncher.execute(DefaultLauncher.java:103)
	at org.junit.platform.launcher.core.DefaultLauncher.execute(DefaultLauncher.java:85)
	at org.junit.platform.launcher.core.DelegatingLauncher.execute(DelegatingLauncher.java:47)
	at org.apache.maven.surefire.junitplatform.LazyLauncher.execute(LazyLauncher.java:56)
	at org.apache.maven.surefire.junitplatform.JUnitPlatformProvider.execute(JUnitPlatformProvider.java:184)
	at org.apache.maven.surefire.junitplatform.JUnitPlatformProvider.invokeAllTests(JUnitPlatformProvider.java:148)
	at org.apache.maven.surefire.junitplatform.JUnitPlatformProvider.invoke(JUnitPlatformProvider.java:122)
	at org.apache.maven.surefire.booter.ForkedBooter.runSuitesInProcess(ForkedBooter.java:385)
	at org.apache.maven.surefire.booter.ForkedBooter.execute(ForkedBooter.java:162)
	at org.apache.maven.surefire.booter.ForkedBooter.run(ForkedBooter.java:507)
	at org.apache.maven.surefire.booter.ForkedBooter.main(ForkedBooter.java:495)
Caused by: java.lang.ClassNotFoundException: jakarta.el.ExpressionFactory
	... 97 common frames omitted
10:24:46.113 [main] DEBUG org.hibernate.validator.messageinterpolation.ResourceBundleMessageInterpolator - Failed to load expression factory via classloader jdk.internal.loader.ClassLoaders$AppClassLoader@70dea4e
java.lang.NoClassDefFoundError: jakarta/el/ExpressionFactory
	at org.hibernate.validator.messageinterpolation.ResourceBundleMessageInterpolator.canLoadExpressionFactory(ResourceBundleMessageInterpolator.java:228)
	at org.hibernate.validator.messageinterpolation.ResourceBundleMessageInterpolator.buildExpressionFactory(ResourceBundleMessageInterpolator.java:186)
	at org.hibernate.validator.messageinterpolation.ResourceBundleMessageInterpolator.<init>(ResourceBundleMessageInterpolator.java:97)
	at org.hibernate.validator.internal.engine.AbstractConfigurationImpl.getDefaultMessageInterpolator(AbstractConfigurationImpl.java:575)
	at org.hibernate.validator.internal.engine.AbstractConfigurationImpl.getDefaultMessageInterpolatorConfiguredWithClassLoader(AbstractConfigurationImpl.java:834)
	at org.hibernate.validator.internal.engine.AbstractConfigurationImpl.getMessageInterpolator(AbstractConfigurationImpl.java:485)
	at org.hibernate.validator.internal.engine.ValidatorFactoryImpl.<init>(ValidatorFactoryImpl.java:157)
	at org.hibernate.validator.HibernateValidator.buildValidatorFactory(HibernateValidator.java:38)
	at org.hibernate.validator.internal.engine.AbstractConfigurationImpl.buildValidatorFactory(AbstractConfigurationImpl.java:453)
	at jakarta.validation.Validation.buildDefaultValidatorFactory(Validation.java:103)
	at org.hibernate.boot.beanvalidation.TypeSafeActivator.getValidatorFactory(TypeSafeActivator.java:482)
	at org.hibernate.boot.beanvalidation.TypeSafeActivator.activate(TypeSafeActivator.java:79)
	at java.base/jdk.internal.reflect.DirectMethodHandleAccessor.invoke(DirectMethodHandleAccessor.java:103)
	at java.base/java.lang.reflect.Method.invoke(Method.java:580)
	at org.hibernate.boot.beanvalidation.BeanValidationIntegrator.integrate(BeanValidationIntegrator.java:139)
	at org.hibernate.internal.SessionFactoryImpl.integrate(SessionFactoryImpl.java:517)
	at org.hibernate.internal.SessionFactoryImpl.<init>(SessionFactoryImpl.java:276)
	at org.hibernate.boot.internal.SessionFactoryBuilderImpl.build(SessionFactoryBuilderImpl.java:457)
	at org.hibernate.jpa.boot.internal.EntityManagerFactoryBuilderImpl.build(EntityManagerFactoryBuilderImpl.java:1506)
	at org.hibernate.jpa.HibernatePersistenceProvider.createEntityManagerFactory(HibernatePersistenceProvider.java:55)
	at jakarta.persistence.Persistence.createEntityManagerFactory(Persistence.java:80)
	at org.frcpm.config.DatabaseConfig.initialize(DatabaseConfig.java:114)
	at org.frcpm.config.DatabaseConfig.initialize(DatabaseConfig.java:28)
	at org.frcpm.repositories.SubteamRepositoryTest.setUp(SubteamRepositoryTest.java:24)
	at java.base/jdk.internal.reflect.DirectMethodHandleAccessor.invoke(DirectMethodHandleAccessor.java:103)
	at java.base/java.lang.reflect.Method.invoke(Method.java:580)
	at org.junit.platform.commons.util.ReflectionUtils.invokeMethod(ReflectionUtils.java:728)
	at org.junit.jupiter.engine.execution.MethodInvocation.proceed(MethodInvocation.java:60)
	at org.junit.jupiter.engine.execution.InvocationInterceptorChain$ValidatingInvocation.proceed(InvocationInterceptorChain.java:131)
	at org.junit.jupiter.engine.extension.TimeoutExtension.intercept(TimeoutExtension.java:156)
	at org.junit.jupiter.engine.extension.TimeoutExtension.interceptLifecycleMethod(TimeoutExtension.java:128)
	at org.junit.jupiter.engine.extension.TimeoutExtension.interceptBeforeEachMethod(TimeoutExtension.java:78)
	at org.junit.jupiter.engine.execution.InterceptingExecutableInvoker$ReflectiveInterceptorCall.lambda$ofVoidMethod$0(InterceptingExecutableInvoker.java:103)
	at org.junit.jupiter.engine.execution.InterceptingExecutableInvoker.lambda$invoke$0(InterceptingExecutableInvoker.java:93)
	at org.junit.jupiter.engine.execution.InvocationInterceptorChain$InterceptedInvocation.proceed(InvocationInterceptorChain.java:106)
	at org.junit.jupiter.engine.execution.InvocationInterceptorChain.proceed(InvocationInterceptorChain.java:64)
	at org.junit.jupiter.engine.execution.InvocationInterceptorChain.chainAndInvoke(InvocationInterceptorChain.java:45)
	at org.junit.jupiter.engine.execution.InvocationInterceptorChain.invoke(InvocationInterceptorChain.java:37)
	at org.junit.jupiter.engine.execution.InterceptingExecutableInvoker.invoke(InterceptingExecutableInvoker.java:92)
	at org.junit.jupiter.engine.execution.InterceptingExecutableInvoker.invoke(InterceptingExecutableInvoker.java:86)
	at org.junit.jupiter.engine.descriptor.ClassBasedTestDescriptor.invokeMethodInExtensionContext(ClassBasedTestDescriptor.java:521)
	at org.junit.jupiter.engine.descriptor.ClassBasedTestDescriptor.lambda$synthesizeBeforeEachMethodAdapter$23(ClassBasedTestDescriptor.java:506)
	at org.junit.jupiter.engine.descriptor.TestMethodTestDescriptor.lambda$invokeBeforeEachMethods$3(TestMethodTestDescriptor.java:175)
	at org.junit.jupiter.engine.descriptor.TestMethodTestDescriptor.lambda$invokeBeforeMethodsOrCallbacksUntilExceptionOccurs$6(TestMethodTestDescriptor.java:203)
	at org.junit.platform.engine.support.hierarchical.ThrowableCollector.execute(ThrowableCollector.java:73)
	at org.junit.jupiter.engine.descriptor.TestMethodTestDescriptor.invokeBeforeMethodsOrCallbacksUntilExceptionOccurs(TestMethodTestDescriptor.java:203)
	at org.junit.jupiter.engine.descriptor.TestMethodTestDescriptor.invokeBeforeEachMethods(TestMethodTestDescriptor.java:172)
	at org.junit.jupiter.engine.descriptor.TestMethodTestDescriptor.execute(TestMethodTestDescriptor.java:135)
	at org.junit.jupiter.engine.descriptor.TestMethodTestDescriptor.execute(TestMethodTestDescriptor.java:69)
	at org.junit.platform.engine.support.hierarchical.NodeTestTask.lambda$executeRecursively$6(NodeTestTask.java:151)
	at org.junit.platform.engine.support.hierarchical.ThrowableCollector.execute(ThrowableCollector.java:73)
	at org.junit.platform.engine.support.hierarchical.NodeTestTask.lambda$executeRecursively$8(NodeTestTask.java:141)
	at org.junit.platform.engine.support.hierarchical.Node.around(Node.java:137)
	at org.junit.platform.engine.support.hierarchical.NodeTestTask.lambda$executeRecursively$9(NodeTestTask.java:139)
	at org.junit.platform.engine.support.hierarchical.ThrowableCollector.execute(ThrowableCollector.java:73)
	at org.junit.platform.engine.support.hierarchical.NodeTestTask.executeRecursively(NodeTestTask.java:138)
	at org.junit.platform.engine.support.hierarchical.NodeTestTask.execute(NodeTestTask.java:95)
	at java.base/java.util.ArrayList.forEach(ArrayList.java:1596)
	at org.junit.platform.engine.support.hierarchical.SameThreadHierarchicalTestExecutorService.invokeAll(SameThreadHierarchicalTestExecutorService.java:41)
	at org.junit.platform.engine.support.hierarchical.NodeTestTask.lambda$executeRecursively$6(NodeTestTask.java:155)
	at org.junit.platform.engine.support.hierarchical.ThrowableCollector.execute(ThrowableCollector.java:73)
	at org.junit.platform.engine.support.hierarchical.NodeTestTask.lambda$executeRecursively$8(NodeTestTask.java:141)
	at org.junit.platform.engine.support.hierarchical.Node.around(Node.java:137)
	at org.junit.platform.engine.support.hierarchical.NodeTestTask.lambda$executeRecursively$9(NodeTestTask.java:139)
	at org.junit.platform.engine.support.hierarchical.ThrowableCollector.execute(ThrowableCollector.java:73)
	at org.junit.platform.engine.support.hierarchical.NodeTestTask.executeRecursively(NodeTestTask.java:138)
	at org.junit.platform.engine.support.hierarchical.NodeTestTask.execute(NodeTestTask.java:95)
	at java.base/java.util.ArrayList.forEach(ArrayList.java:1596)
	at org.junit.platform.engine.support.hierarchical.SameThreadHierarchicalTestExecutorService.invokeAll(SameThreadHierarchicalTestExecutorService.java:41)
	at org.junit.platform.engine.support.hierarchical.NodeTestTask.lambda$executeRecursively$6(NodeTestTask.java:155)
	at org.junit.platform.engine.support.hierarchical.ThrowableCollector.execute(ThrowableCollector.java:73)
	at org.junit.platform.engine.support.hierarchical.NodeTestTask.lambda$executeRecursively$8(NodeTestTask.java:141)
	at org.junit.platform.engine.support.hierarchical.Node.around(Node.java:137)
	at org.junit.platform.engine.support.hierarchical.NodeTestTask.lambda$executeRecursively$9(NodeTestTask.java:139)
	at org.junit.platform.engine.support.hierarchical.ThrowableCollector.execute(ThrowableCollector.java:73)
	at org.junit.platform.engine.support.hierarchical.NodeTestTask.executeRecursively(NodeTestTask.java:138)
	at org.junit.platform.engine.support.hierarchical.NodeTestTask.execute(NodeTestTask.java:95)
	at org.junit.platform.engine.support.hierarchical.SameThreadHierarchicalTestExecutorService.submit(SameThreadHierarchicalTestExecutorService.java:35)
	at org.junit.platform.engine.support.hierarchical.HierarchicalTestExecutor.execute(HierarchicalTestExecutor.java:57)
	at org.junit.platform.engine.support.hierarchical.HierarchicalTestEngine.execute(HierarchicalTestEngine.java:54)
	at org.junit.platform.launcher.core.EngineExecutionOrchestrator.execute(EngineExecutionOrchestrator.java:198)
	at org.junit.platform.launcher.core.EngineExecutionOrchestrator.execute(EngineExecutionOrchestrator.java:169)
	at org.junit.platform.launcher.core.EngineExecutionOrchestrator.execute(EngineExecutionOrchestrator.java:93)
	at org.junit.platform.launcher.core.EngineExecutionOrchestrator.lambda$execute$0(EngineExecutionOrchestrator.java:58)
	at org.junit.platform.launcher.core.EngineExecutionOrchestrator.withInterceptedStreams(EngineExecutionOrchestrator.java:141)
	at org.junit.platform.launcher.core.EngineExecutionOrchestrator.execute(EngineExecutionOrchestrator.java:57)
	at org.junit.platform.launcher.core.DefaultLauncher.execute(DefaultLauncher.java:103)
	at org.junit.platform.launcher.core.DefaultLauncher.execute(DefaultLauncher.java:85)
	at org.junit.platform.launcher.core.DelegatingLauncher.execute(DelegatingLauncher.java:47)
	at org.apache.maven.surefire.junitplatform.LazyLauncher.execute(LazyLauncher.java:56)
	at org.apache.maven.surefire.junitplatform.JUnitPlatformProvider.execute(JUnitPlatformProvider.java:184)
	at org.apache.maven.surefire.junitplatform.JUnitPlatformProvider.invokeAllTests(JUnitPlatformProvider.java:148)
	at org.apache.maven.surefire.junitplatform.JUnitPlatformProvider.invoke(JUnitPlatformProvider.java:122)
	at org.apache.maven.surefire.booter.ForkedBooter.runSuitesInProcess(ForkedBooter.java:385)
	at org.apache.maven.surefire.booter.ForkedBooter.execute(ForkedBooter.java:162)
	at org.apache.maven.surefire.booter.ForkedBooter.run(ForkedBooter.java:507)
	at org.apache.maven.surefire.booter.ForkedBooter.main(ForkedBooter.java:495)
Caused by: java.lang.ClassNotFoundException: jakarta.el.ExpressionFactory
	... 97 common frames omitted
10:24:46.113 [main] DEBUG org.hibernate.boot.beanvalidation.TypeSafeActivator - Unable to acquire Bean Validation ValidatorFactory, skipping activation
10:24:46.117 [main] DEBUG org.hibernate.query.sqm.function.SqmFunctionRegistry - Registered SqmFunctionTemplate [NamedSqmFunctionTemplate(max)] under max; prior registration was null
10:24:46.117 [main] DEBUG org.hibernate.query.sqm.function.SqmFunctionRegistry - Registered SqmFunctionTemplate [NamedSqmFunctionTemplate(min)] under min; prior registration was null
10:24:46.117 [main] DEBUG org.hibernate.query.sqm.function.SqmFunctionRegistry - Registered SqmFunctionTemplate [NamedSqmFunctionTemplate(sum)] under sum; prior registration was null
10:24:46.117 [main] DEBUG org.hibernate.query.sqm.function.SqmFunctionRegistry - Registered SqmFunctionTemplate [NamedSqmFunctionTemplate(avg)] under avg; prior registration was null
10:24:46.117 [main] DEBUG org.hibernate.query.sqm.function.SqmFunctionRegistry - Registered SqmFunctionTemplate [org.hibernate.dialect.function.CountFunction@60600f34] under count; prior registration was null
10:24:46.117 [main] DEBUG org.hibernate.query.sqm.function.SqmFunctionRegistry - Registered SqmFunctionTemplate [org.hibernate.dialect.function.EveryAnyEmulation@53036720] under every; prior registration was null
10:24:46.117 [main] DEBUG org.hibernate.query.sqm.function.SqmFunctionRegistry - Registered SqmFunctionTemplate [org.hibernate.dialect.function.EveryAnyEmulation@48c8d0fa] under any; prior registration was null
10:24:46.117 [main] DEBUG org.hibernate.query.sqm.function.SqmFunctionRegistry - Registered SqmFunctionTemplate [NamedSqmFunctionTemplate(floor)] under floor; prior registration was null
10:24:46.117 [main] DEBUG org.hibernate.query.sqm.function.SqmFunctionRegistry - Registered SqmFunctionTemplate [NamedSqmFunctionTemplate(ceiling)] under ceiling; prior registration was null
10:24:46.117 [main] DEBUG org.hibernate.query.sqm.function.SqmFunctionRegistry - Registered SqmFunctionTemplate [NamedSqmFunctionTemplate(mod)] under mod; prior registration was null
10:24:46.117 [main] DEBUG org.hibernate.query.sqm.function.SqmFunctionRegistry - Registered SqmFunctionTemplate [NamedSqmFunctionTemplate(abs)] under abs; prior registration was null
10:24:46.117 [main] DEBUG org.hibernate.query.sqm.function.SqmFunctionRegistry - Registered SqmFunctionTemplate [NamedSqmFunctionTemplate(sign)] under sign; prior registration was null
10:24:46.117 [main] DEBUG org.hibernate.query.sqm.function.SqmFunctionRegistry - Registered SqmFunctionTemplate [NamedSqmFunctionTemplate(sqrt)] under sqrt; prior registration was null
10:24:46.117 [main] DEBUG org.hibernate.query.sqm.function.SqmFunctionRegistry - Registered SqmFunctionTemplate [NamedSqmFunctionTemplate(ln)] under ln; prior registration was null
10:24:46.117 [main] DEBUG org.hibernate.query.sqm.function.SqmFunctionRegistry - Registered SqmFunctionTemplate [NamedSqmFunctionTemplate(exp)] under exp; prior registration was null
10:24:46.117 [main] DEBUG org.hibernate.query.sqm.function.SqmFunctionRegistry - Registered SqmFunctionTemplate [NamedSqmFunctionTemplate(power)] under power; prior registration was null
10:24:46.117 [main] DEBUG org.hibernate.query.sqm.function.SqmFunctionRegistry - Registered SqmFunctionTemplate [NamedSqmFunctionTemplate(round)] under round; prior registration was null
10:24:46.117 [main] DEBUG org.hibernate.query.sqm.function.SqmFunctionRegistry - Registered SqmFunctionTemplate [NamedSqmFunctionTemplate(sin)] under sin; prior registration was null
10:24:46.117 [main] DEBUG org.hibernate.query.sqm.function.SqmFunctionRegistry - Registered SqmFunctionTemplate [NamedSqmFunctionTemplate(cos)] under cos; prior registration was null
10:24:46.117 [main] DEBUG org.hibernate.query.sqm.function.SqmFunctionRegistry - Registered SqmFunctionTemplate [NamedSqmFunctionTemplate(tan)] under tan; prior registration was null
10:24:46.117 [main] DEBUG org.hibernate.query.sqm.function.SqmFunctionRegistry - Registered SqmFunctionTemplate [NamedSqmFunctionTemplate(asin)] under asin; prior registration was null
10:24:46.117 [main] DEBUG org.hibernate.query.sqm.function.SqmFunctionRegistry - Registered SqmFunctionTemplate [NamedSqmFunctionTemplate(acos)] under acos; prior registration was null
10:24:46.117 [main] DEBUG org.hibernate.query.sqm.function.SqmFunctionRegistry - Registered SqmFunctionTemplate [NamedSqmFunctionTemplate(atan)] under atan; prior registration was null
10:24:46.117 [main] DEBUG org.hibernate.query.sqm.function.SqmFunctionRegistry - Registered SqmFunctionTemplate [NamedSqmFunctionTemplate(atan2)] under atan2; prior registration was null
10:24:46.117 [main] DEBUG org.hibernate.query.sqm.function.SqmFunctionRegistry - Registered SqmFunctionTemplate [org.hibernate.query.sqm.function.PatternBasedSqmFunctionDescriptor@decfdc1] under sinh; prior registration was null
10:24:46.117 [main] DEBUG org.hibernate.query.sqm.function.SqmFunctionRegistry - Registered SqmFunctionTemplate [org.hibernate.query.sqm.function.PatternBasedSqmFunctionDescriptor@6d155ae7] under cosh; prior registration was null
10:24:46.117 [main] DEBUG org.hibernate.query.sqm.function.SqmFunctionRegistry - Registered SqmFunctionTemplate [org.hibernate.query.sqm.function.PatternBasedSqmFunctionDescriptor@25670a02] under tanh; prior registration was null
10:24:46.117 [main] DEBUG org.hibernate.query.sqm.function.SqmFunctionRegistry - Registered SqmFunctionTemplate [org.hibernate.query.sqm.function.PatternBasedSqmFunctionDescriptor@2b264154] under pi; prior registration was null
10:24:46.117 [main] DEBUG org.hibernate.query.sqm.function.SqmFunctionRegistry - Registered SqmFunctionTemplate [org.hibernate.query.sqm.function.PatternBasedSqmFunctionDescriptor@41ceb304] under log; prior registration was null
10:24:46.117 [main] DEBUG org.hibernate.query.sqm.function.SqmFunctionRegistry - Registered SqmFunctionTemplate [NamedSqmFunctionTemplate(coalesce)] under coalesce; prior registration was null
10:24:46.117 [main] DEBUG org.hibernate.query.sqm.function.SqmFunctionRegistry - Registered SqmFunctionTemplate [NamedSqmFunctionTemplate(nullif)] under nullif; prior registration was null
10:24:46.117 [main] DEBUG org.hibernate.query.sqm.function.SqmFunctionRegistry - Registered SqmFunctionTemplate [NamedSqmFunctionTemplate(left)] under left; prior registration was null
10:24:46.117 [main] DEBUG org.hibernate.query.sqm.function.SqmFunctionRegistry - Registered SqmFunctionTemplate [NamedSqmFunctionTemplate(right)] under right; prior registration was null
10:24:46.117 [main] DEBUG org.hibernate.query.sqm.function.SqmFunctionRegistry - Registered SqmFunctionTemplate [NamedSqmFunctionTemplate(replace)] under replace; prior registration was null
10:24:46.117 [main] DEBUG org.hibernate.query.sqm.function.SqmFunctionRegistry - Registered SqmFunctionTemplate [NamedSqmFunctionTemplate(concat)] under concat; prior registration was null
10:24:46.117 [main] DEBUG org.hibernate.query.sqm.function.SqmFunctionRegistry - Registered SqmFunctionTemplate [NamedSqmFunctionTemplate(lower)] under lower; prior registration was null
10:24:46.117 [main] DEBUG org.hibernate.query.sqm.function.SqmFunctionRegistry - Registered SqmFunctionTemplate [NamedSqmFunctionTemplate(upper)] under upper; prior registration was null
10:24:46.117 [main] DEBUG org.hibernate.query.sqm.function.SqmFunctionRegistry - Registered SqmFunctionTemplate [NamedSqmFunctionTemplate(substring)] under substring; prior registration was null
10:24:46.117 [main] DEBUG org.hibernate.query.sqm.function.SqmFunctionRegistry - Registered SqmFunctionTemplate [NamedSqmFunctionTemplate(locate)] under locate; prior registration was null
10:24:46.117 [main] DEBUG org.hibernate.query.sqm.function.SqmFunctionRegistry - Registered SqmFunctionTemplate [NamedSqmFunctionTemplate(character_length)] under character_length; prior registration was null
10:24:46.117 [main] DEBUG org.hibernate.query.sqm.function.SqmFunctionRegistry - Registering alternate key : length -> character_length
10:24:46.117 [main] DEBUG org.hibernate.query.sqm.function.SqmFunctionRegistry - Registered SqmFunctionTemplate [org.hibernate.dialect.function.LocatePositionEmulation@6cb0bb8] under position; prior registration was null
10:24:46.117 [main] DEBUG org.hibernate.query.sqm.function.SqmFunctionRegistry - Registered SqmFunctionTemplate [org.hibernate.dialect.function.InsertSubstringOverlayEmulation@1be12679] under overlay; prior registration was null
10:24:46.117 [main] DEBUG org.hibernate.query.sqm.function.SqmFunctionRegistry - Registered SqmFunctionTemplate [org.hibernate.dialect.function.TrimFunction@2d4e8b0] under trim; prior registration was null
10:24:46.117 [main] DEBUG org.hibernate.query.sqm.function.SqmFunctionRegistry - Registered SqmFunctionTemplate [org.hibernate.dialect.function.CastFunction@36362d7d] under cast; prior registration was null
10:24:46.117 [main] DEBUG org.hibernate.query.sqm.function.SqmFunctionRegistry - Registered SqmFunctionTemplate [org.hibernate.query.sqm.function.PatternBasedSqmFunctionDescriptor@68fe66c8] under collate; prior registration was null
10:24:46.117 [main] DEBUG org.hibernate.query.sqm.function.SqmFunctionRegistry - Registered SqmFunctionTemplate [org.hibernate.dialect.function.ExtractFunction@7a3e4740] under extract; prior registration was null
10:24:46.117 [main] DEBUG org.hibernate.query.sqm.function.SqmFunctionRegistry - Registered SqmFunctionTemplate [NamedSqmFunctionTemplate(least)] under least; prior registration was null
10:24:46.117 [main] DEBUG org.hibernate.query.sqm.function.SqmFunctionRegistry - Registered SqmFunctionTemplate [NamedSqmFunctionTemplate(greatest)] under greatest; prior registration was null
10:24:46.117 [main] DEBUG org.hibernate.query.sqm.function.SqmFunctionRegistry - Registered SqmFunctionTemplate [org.hibernate.dialect.function.CoalesceIfnullEmulation@5f0aa1df] under ifnull; prior registration was null
10:24:46.117 [main] DEBUG org.hibernate.query.sqm.function.SqmFunctionRegistry - Registered SqmFunctionTemplate [NamedSqmFunctionTemplate(lpad)] under lpad; prior registration was null
10:24:46.117 [main] DEBUG org.hibernate.query.sqm.function.SqmFunctionRegistry - Registered SqmFunctionTemplate [NamedSqmFunctionTemplate(rpad)] under rpad; prior registration was null
10:24:46.117 [main] DEBUG org.hibernate.query.sqm.function.SqmFunctionRegistry - Registered SqmFunctionTemplate [org.hibernate.dialect.function.LpadRpadPadEmulation@58503286] under pad; prior registration was null
10:24:46.117 [main] DEBUG org.hibernate.query.sqm.function.SqmFunctionRegistry - Registered SqmFunctionTemplate [org.hibernate.dialect.function.CastStrEmulation@4383d762] under str; prior registration was null
10:24:46.117 [main] DEBUG org.hibernate.query.sqm.function.SqmFunctionRegistry - Registered SqmFunctionTemplate [org.hibernate.dialect.function.FormatFunction@4b8f9c15] under format; prior registration was null
10:24:46.117 [main] DEBUG org.hibernate.query.sqm.function.SqmFunctionRegistry - Registered SqmFunctionTemplate [org.hibernate.dialect.function.TimestampaddFunction@4181c8e2] under timestampadd; prior registration was null
10:24:46.117 [main] DEBUG org.hibernate.query.sqm.function.SqmFunctionRegistry - Registered SqmFunctionTemplate [org.hibernate.dialect.function.TimestampdiffFunction@189c0656] under timestampdiff; prior registration was null
10:24:46.117 [main] DEBUG org.hibernate.query.sqm.function.SqmFunctionRegistry - Registering alternate key : dateadd -> timestampadd
10:24:46.117 [main] DEBUG org.hibernate.query.sqm.function.SqmFunctionRegistry - Registering alternate key : datediff -> timestampdiff
10:24:46.117 [main] DEBUG org.hibernate.query.sqm.function.SqmFunctionRegistry - Registered SqmFunctionTemplate [org.hibernate.dialect.function.CurrentFunction@45f9eae0] under current_date; prior registration was null
10:24:46.117 [main] DEBUG org.hibernate.query.sqm.function.SqmFunctionRegistry - Registered SqmFunctionTemplate [org.hibernate.dialect.function.CurrentFunction@72a1a97e] under current_time; prior registration was null
10:24:46.117 [main] DEBUG org.hibernate.query.sqm.function.SqmFunctionRegistry - Registered SqmFunctionTemplate [org.hibernate.dialect.function.CurrentFunction@3d28a910] under current_timestamp; prior registration was null
10:24:46.117 [main] DEBUG org.hibernate.query.sqm.function.SqmFunctionRegistry - Registering alternate key : current date -> current_date
10:24:46.117 [main] DEBUG org.hibernate.query.sqm.function.SqmFunctionRegistry - Registering alternate key : current time -> current_time
10:24:46.117 [main] DEBUG org.hibernate.query.sqm.function.SqmFunctionRegistry - Registering alternate key : current timestamp -> current_timestamp
10:24:46.117 [main] DEBUG org.hibernate.query.sqm.function.SqmFunctionRegistry - Registered SqmFunctionTemplate [org.hibernate.dialect.function.CurrentFunction@45fea655] under local_date; prior registration was null
10:24:46.117 [main] DEBUG org.hibernate.query.sqm.function.SqmFunctionRegistry - Registered SqmFunctionTemplate [org.hibernate.dialect.function.CurrentFunction@4f5afae0] under local_time; prior registration was null
10:24:46.117 [main] DEBUG org.hibernate.query.sqm.function.SqmFunctionRegistry - Registered SqmFunctionTemplate [org.hibernate.dialect.function.CurrentFunction@304f502c] under local_datetime; prior registration was null
10:24:46.117 [main] DEBUG org.hibernate.query.sqm.function.SqmFunctionRegistry - Registered SqmFunctionTemplate [org.hibernate.dialect.function.CurrentFunction@48d71f1c] under offset_datetime; prior registration was null
10:24:46.117 [main] DEBUG org.hibernate.query.sqm.function.SqmFunctionRegistry - Registering alternate key : local date -> local_date
10:24:46.117 [main] DEBUG org.hibernate.query.sqm.function.SqmFunctionRegistry - Registering alternate key : local time -> local_time
10:24:46.117 [main] DEBUG org.hibernate.query.sqm.function.SqmFunctionRegistry - Registering alternate key : local datetime -> local_datetime
10:24:46.117 [main] DEBUG org.hibernate.query.sqm.function.SqmFunctionRegistry - Registering alternate key : offset datetime -> offset_datetime
10:24:46.117 [main] DEBUG org.hibernate.query.sqm.function.SqmFunctionRegistry - Registered SqmFunctionTemplate [org.hibernate.dialect.function.CurrentFunction@782bc45d] under instant; prior registration was null
10:24:46.117 [main] DEBUG org.hibernate.query.sqm.function.SqmFunctionRegistry - Registering alternate key : current_instant -> instant
10:24:46.117 [main] DEBUG org.hibernate.query.sqm.function.SqmFunctionRegistry - Registered SqmFunctionTemplate [org.hibernate.dialect.function.SqlFunction@60beac42] under sql; prior registration was null
10:24:46.117 [main] DEBUG org.hibernate.query.sqm.function.SqmFunctionRegistry - Registered SqmFunctionTemplate [NamedSqmFunctionTemplate(max)] under max; prior registration was NamedSqmFunctionTemplate(max)
10:24:46.117 [main] DEBUG org.hibernate.query.sqm.function.SqmFunctionRegistry - Registered SqmFunctionTemplate [NamedSqmFunctionTemplate(min)] under min; prior registration was NamedSqmFunctionTemplate(min)
10:24:46.117 [main] DEBUG org.hibernate.query.sqm.function.SqmFunctionRegistry - Registered SqmFunctionTemplate [NamedSqmFunctionTemplate(sum)] under sum; prior registration was NamedSqmFunctionTemplate(sum)
10:24:46.117 [main] DEBUG org.hibernate.query.sqm.function.SqmFunctionRegistry - Registered SqmFunctionTemplate [NamedSqmFunctionTemplate(avg)] under avg; prior registration was NamedSqmFunctionTemplate(avg)
10:24:46.117 [main] DEBUG org.hibernate.query.sqm.function.SqmFunctionRegistry - Registered SqmFunctionTemplate [org.hibernate.dialect.function.CountFunction@2a3a4e49] under count; prior registration was org.hibernate.dialect.function.CountFunction@60600f34
10:24:46.117 [main] DEBUG org.hibernate.query.sqm.function.SqmFunctionRegistry - Registered SqmFunctionTemplate [org.hibernate.dialect.function.AvgFunction@5a658bed] under avg; prior registration was NamedSqmFunctionTemplate(avg)
10:24:46.117 [main] DEBUG org.hibernate.query.sqm.function.SqmFunctionRegistry - Registered SqmFunctionTemplate [NamedSqmFunctionTemplate(pi)] under pi; prior registration was org.hibernate.query.sqm.function.PatternBasedSqmFunctionDescriptor@2b264154
10:24:46.117 [main] DEBUG org.hibernate.query.sqm.function.SqmFunctionRegistry - Registered SqmFunctionTemplate [NamedSqmFunctionTemplate(cot)] under cot; prior registration was null
10:24:46.117 [main] DEBUG org.hibernate.query.sqm.function.SqmFunctionRegistry - Registered SqmFunctionTemplate [NamedSqmFunctionTemplate(radians)] under radians; prior registration was null
10:24:46.117 [main] DEBUG org.hibernate.query.sqm.function.SqmFunctionRegistry - Registered SqmFunctionTemplate [NamedSqmFunctionTemplate(degrees)] under degrees; prior registration was null
10:24:46.117 [main] DEBUG org.hibernate.query.sqm.function.SqmFunctionRegistry - Registered SqmFunctionTemplate [NamedSqmFunctionTemplate(log10)] under log10; prior registration was null
10:24:46.117 [main] DEBUG org.hibernate.query.sqm.function.SqmFunctionRegistry - Registered SqmFunctionTemplate [org.hibernate.query.sqm.function.PatternBasedSqmFunctionDescriptor@7ccab5d0] under mod; prior registration was NamedSqmFunctionTemplate(mod)
10:24:46.117 [main] DEBUG org.hibernate.query.sqm.function.SqmFunctionRegistry - Registered SqmFunctionTemplate [NamedSqmFunctionTemplate(rand)] under rand; prior registration was null
10:24:46.117 [main] DEBUG org.hibernate.query.sqm.function.SqmFunctionRegistry - Registered SqmFunctionTemplate [NamedSqmFunctionTemplate(soundex)] under soundex; prior registration was null
10:24:46.117 [main] DEBUG org.hibernate.query.sqm.function.SqmFunctionRegistry - Registered SqmFunctionTemplate [NamedSqmFunctionTemplate(translate)] under translate; prior registration was null
10:24:46.117 [main] DEBUG org.hibernate.query.sqm.function.SqmFunctionRegistry - Registered SqmFunctionTemplate [NamedSqmFunctionTemplate(bitand)] under bitand; prior registration was null
10:24:46.117 [main] DEBUG org.hibernate.query.sqm.function.SqmFunctionRegistry - Registered SqmFunctionTemplate [NamedSqmFunctionTemplate(bitor)] under bitor; prior registration was null
10:24:46.117 [main] DEBUG org.hibernate.query.sqm.function.SqmFunctionRegistry - Registered SqmFunctionTemplate [NamedSqmFunctionTemplate(bitxor)] under bitxor; prior registration was null
10:24:46.117 [main] DEBUG org.hibernate.query.sqm.function.SqmFunctionRegistry - Registered SqmFunctionTemplate [NamedSqmFunctionTemplate(bitnot)] under bitnot; prior registration was null
10:24:46.117 [main] DEBUG org.hibernate.query.sqm.function.SqmFunctionRegistry - Registered SqmFunctionTemplate [NamedSqmFunctionTemplate(bit_and)] under bit_and; prior registration was null
10:24:46.117 [main] DEBUG org.hibernate.query.sqm.function.SqmFunctionRegistry - Registered SqmFunctionTemplate [NamedSqmFunctionTemplate(bit_or)] under bit_or; prior registration was null
10:24:46.117 [main] DEBUG org.hibernate.query.sqm.function.SqmFunctionRegistry - Registered SqmFunctionTemplate [NamedSqmFunctionTemplate(day)] under day; prior registration was null
10:24:46.117 [main] DEBUG org.hibernate.query.sqm.function.SqmFunctionRegistry - Registered SqmFunctionTemplate [NamedSqmFunctionTemplate(month)] under month; prior registration was null
10:24:46.117 [main] DEBUG org.hibernate.query.sqm.function.SqmFunctionRegistry - Registered SqmFunctionTemplate [NamedSqmFunctionTemplate(year)] under year; prior registration was null
10:24:46.117 [main] DEBUG org.hibernate.query.sqm.function.SqmFunctionRegistry - Registered SqmFunctionTemplate [NamedSqmFunctionTemplate(hour)] under hour; prior registration was null
10:24:46.117 [main] DEBUG org.hibernate.query.sqm.function.SqmFunctionRegistry - Registered SqmFunctionTemplate [NamedSqmFunctionTemplate(minute)] under minute; prior registration was null
10:24:46.117 [main] DEBUG org.hibernate.query.sqm.function.SqmFunctionRegistry - Registered SqmFunctionTemplate [NamedSqmFunctionTemplate(second)] under second; prior registration was null
10:24:46.117 [main] DEBUG org.hibernate.query.sqm.function.SqmFunctionRegistry - Registered SqmFunctionTemplate [NamedSqmFunctionTemplate(microsecond)] under microsecond; prior registration was null
10:24:46.117 [main] DEBUG org.hibernate.query.sqm.function.SqmFunctionRegistry - Registered SqmFunctionTemplate [NamedSqmFunctionTemplate(day_of_week)] under day_of_week; prior registration was null
10:24:46.117 [main] DEBUG org.hibernate.query.sqm.function.SqmFunctionRegistry - Registered SqmFunctionTemplate [NamedSqmFunctionTemplate(day_of_month)] under day_of_month; prior registration was null
10:24:46.117 [main] DEBUG org.hibernate.query.sqm.function.SqmFunctionRegistry - Registering alternate key : day -> day_of_month
10:24:46.117 [main] DEBUG org.hibernate.query.sqm.function.SqmFunctionRegistry - Registered SqmFunctionTemplate [NamedSqmFunctionTemplate(day_of_year)] under day_of_year; prior registration was null
10:24:46.117 [main] DEBUG org.hibernate.query.sqm.function.SqmFunctionRegistry - Registered SqmFunctionTemplate [NamedSqmFunctionTemplate(week)] under week; prior registration was null
10:24:46.117 [main] DEBUG org.hibernate.query.sqm.function.SqmFunctionRegistry - Registered SqmFunctionTemplate [NamedSqmFunctionTemplate(quarter)] under quarter; prior registration was null
10:24:46.117 [main] DEBUG org.hibernate.query.sqm.function.SqmFunctionRegistry - Registered SqmFunctionTemplate [NamedSqmFunctionTemplate(monthname)] under monthname; prior registration was null
10:24:46.117 [main] DEBUG org.hibernate.query.sqm.function.SqmFunctionRegistry - Registered SqmFunctionTemplate [NamedSqmFunctionTemplate(dayname)] under dayname; prior registration was null
10:24:46.117 [main] DEBUG org.hibernate.query.sqm.function.SqmFunctionRegistry - Registered SqmFunctionTemplate [NamedSqmFunctionTemplate(localtime)] under localtime; prior registration was null
10:24:46.117 [main] DEBUG org.hibernate.query.sqm.function.SqmFunctionRegistry - Registered SqmFunctionTemplate [NamedSqmFunctionTemplate(localtimestamp)] under localtimestamp; prior registration was null
10:24:46.117 [main] DEBUG org.hibernate.query.sqm.function.SqmFunctionRegistry - Registered SqmFunctionTemplate [NamedSqmFunctionTemplate(localtime)] under local_time; prior registration was org.hibernate.dialect.function.CurrentFunction@4f5afae0
10:24:46.117 [main] DEBUG org.hibernate.query.sqm.function.SqmFunctionRegistry - Registered SqmFunctionTemplate [NamedSqmFunctionTemplate(localtimestamp)] under local_datetime; prior registration was org.hibernate.dialect.function.CurrentFunction@304f502c
10:24:46.117 [main] DEBUG org.hibernate.query.sqm.function.SqmFunctionRegistry - Registered SqmFunctionTemplate [org.hibernate.dialect.function.TruncFunction@6903dab7] under trunc; prior registration was null
10:24:46.117 [main] DEBUG org.hibernate.query.sqm.function.SqmFunctionRegistry - Registering alternate key : truncate -> trunc
10:24:46.117 [main] DEBUG org.hibernate.query.sqm.function.SqmFunctionRegistry - Registered SqmFunctionTemplate [org.hibernate.query.sqm.function.PatternBasedSqmFunctionDescriptor@113399d8] under date_trunc; prior registration was null
10:24:46.117 [main] DEBUG org.hibernate.query.sqm.function.SqmFunctionRegistry - Registered SqmFunctionTemplate [NamedSqmFunctionTemplate(bit_length)] under bit_length; prior registration was null
10:24:46.117 [main] DEBUG org.hibernate.query.sqm.function.SqmFunctionRegistry - Registered SqmFunctionTemplate [NamedSqmFunctionTemplate(octet_length)] under octet_length; prior registration was null
10:24:46.117 [main] DEBUG org.hibernate.query.sqm.function.SqmFunctionRegistry - Registered SqmFunctionTemplate [NamedSqmFunctionTemplate(ascii)] under ascii; prior registration was null
10:24:46.117 [main] DEBUG org.hibernate.query.sqm.function.SqmFunctionRegistry - Registered SqmFunctionTemplate [NamedSqmFunctionTemplate(octet_length)] under octet_length; prior registration was NamedSqmFunctionTemplate(octet_length)
10:24:46.117 [main] DEBUG org.hibernate.query.sqm.function.SqmFunctionRegistry - Registered SqmFunctionTemplate [NamedSqmFunctionTemplate(space)] under space; prior registration was null
10:24:46.118 [main] DEBUG org.hibernate.query.sqm.function.SqmFunctionRegistry - Registered SqmFunctionTemplate [NamedSqmFunctionTemplate(repeat)] under repeat; prior registration was null
10:24:46.118 [main] DEBUG org.hibernate.query.sqm.function.SqmFunctionRegistry - Registered SqmFunctionTemplate [NamedSqmFunctionTemplate(char)] under char; prior registration was null
10:24:46.118 [main] DEBUG org.hibernate.query.sqm.function.SqmFunctionRegistry - Registering alternate key : chr -> char
10:24:46.118 [main] DEBUG org.hibernate.query.sqm.function.SqmFunctionRegistry - Registered SqmFunctionTemplate [NamedSqmFunctionTemplate(instr)] under instr; prior registration was null
10:24:46.118 [main] DEBUG org.hibernate.query.sqm.function.SqmFunctionRegistry - Registered SqmFunctionTemplate [NamedSqmFunctionTemplate(substr)] under substr; prior registration was null
10:24:46.118 [main] DEBUG org.hibernate.query.sqm.function.SqmFunctionRegistry - Registered SqmFunctionTemplate [org.hibernate.query.sqm.function.PatternBasedSqmFunctionDescriptor@67ff42f0] under position; prior registration was org.hibernate.dialect.function.LocatePositionEmulation@6cb0bb8
10:24:46.118 [main] DEBUG org.hibernate.query.sqm.function.SqmFunctionRegistry - Registered SqmFunctionTemplate [NamedSqmFunctionTemplate(ltrim)] under ltrim; prior registration was null
10:24:46.118 [main] DEBUG org.hibernate.query.sqm.function.SqmFunctionRegistry - Registered SqmFunctionTemplate [NamedSqmFunctionTemplate(rtrim)] under rtrim; prior registration was null
10:24:46.118 [main] DEBUG org.hibernate.query.sqm.function.SqmFunctionRegistry - Registered SqmFunctionTemplate [org.hibernate.query.sqm.function.PatternBasedSqmFunctionDescriptor@4eb20fea] under concat; prior registration was NamedSqmFunctionTemplate(concat)
10:24:46.118 [main] DEBUG org.hibernate.query.sqm.function.SqmFunctionRegistry - Registered SqmFunctionTemplate [NamedSqmFunctionTemplate(curtime)] under curtime; prior registration was null
10:24:46.118 [main] DEBUG org.hibernate.query.sqm.function.SqmFunctionRegistry - Registered SqmFunctionTemplate [NamedSqmFunctionTemplate(curdate)] under curdate; prior registration was null
10:24:46.118 [main] DEBUG org.hibernate.query.sqm.function.SqmFunctionRegistry - Registered SqmFunctionTemplate [NamedSqmFunctionTemplate(now)] under now; prior registration was null
10:24:46.118 [main] DEBUG org.hibernate.query.sqm.function.SqmFunctionRegistry - Registered SqmFunctionTemplate [NamedSqmFunctionTemplate(sysdate)] under sysdate; prior registration was null
10:24:46.118 [main] DEBUG org.hibernate.query.sqm.function.SqmFunctionRegistry - Registered SqmFunctionTemplate [NamedSqmFunctionTemplate(insert)] under insert; prior registration was null
10:24:46.118 [main] DEBUG org.hibernate.query.sqm.function.SqmFunctionRegistry - Registered SqmFunctionTemplate [NamedSqmFunctionTemplate(bool_and)] under bool_and; prior registration was null
10:24:46.118 [main] DEBUG org.hibernate.query.sqm.function.SqmFunctionRegistry - Registering alternate key : every -> bool_and
10:24:46.118 [main] DEBUG org.hibernate.query.sqm.function.SqmFunctionRegistry - Registered SqmFunctionTemplate [NamedSqmFunctionTemplate(bool_or)] under bool_or; prior registration was null
10:24:46.118 [main] DEBUG org.hibernate.query.sqm.function.SqmFunctionRegistry - Registering alternate key : any -> bool_or
10:24:46.118 [main] DEBUG org.hibernate.query.sqm.function.SqmFunctionRegistry - Registered SqmFunctionTemplate [NamedSqmFunctionTemplate(median)] under median; prior registration was null
10:24:46.118 [main] DEBUG org.hibernate.query.sqm.function.SqmFunctionRegistry - Registered SqmFunctionTemplate [NamedSqmFunctionTemplate(stddev_pop)] under stddev_pop; prior registration was null
10:24:46.118 [main] DEBUG org.hibernate.query.sqm.function.SqmFunctionRegistry - Registered SqmFunctionTemplate [NamedSqmFunctionTemplate(stddev_samp)] under stddev_samp; prior registration was null
10:24:46.118 [main] DEBUG org.hibernate.query.sqm.function.SqmFunctionRegistry - Registered SqmFunctionTemplate [NamedSqmFunctionTemplate(var_pop)] under var_pop; prior registration was null
10:24:46.118 [main] DEBUG org.hibernate.query.sqm.function.SqmFunctionRegistry - Registered SqmFunctionTemplate [NamedSqmFunctionTemplate(var_samp)] under var_samp; prior registration was null
10:24:46.118 [main] DEBUG org.hibernate.query.sqm.function.SqmFunctionRegistry - Registered SqmFunctionTemplate [org.hibernate.dialect.function.FormatFunction@3913a2e9] under format; prior registration was org.hibernate.dialect.function.FormatFunction@4b8f9c15
10:24:46.118 [main] DEBUG org.hibernate.query.sqm.function.SqmFunctionRegistry - Registered SqmFunctionTemplate [NamedSqmFunctionTemplate(rownum)] under rownum; prior registration was null
10:24:46.118 [main] DEBUG org.hibernate.query.sqm.function.SqmFunctionRegistry - Registered SqmFunctionTemplate [NamedSqmFunctionTemplate(row_number)] under row_number; prior registration was null
10:24:46.118 [main] DEBUG org.hibernate.query.sqm.function.SqmFunctionRegistry - Registered SqmFunctionTemplate [NamedSqmFunctionTemplate(lag)] under lag; prior registration was null
10:24:46.118 [main] DEBUG org.hibernate.query.sqm.function.SqmFunctionRegistry - Registered SqmFunctionTemplate [NamedSqmFunctionTemplate(lead)] under lead; prior registration was null
10:24:46.118 [main] DEBUG org.hibernate.query.sqm.function.SqmFunctionRegistry - Registered SqmFunctionTemplate [NamedSqmFunctionTemplate(first_value)] under first_value; prior registration was null
10:24:46.118 [main] DEBUG org.hibernate.query.sqm.function.SqmFunctionRegistry - Registered SqmFunctionTemplate [NamedSqmFunctionTemplate(last_value)] under last_value; prior registration was null
10:24:46.118 [main] DEBUG org.hibernate.query.sqm.function.SqmFunctionRegistry - Registered SqmFunctionTemplate [NamedSqmFunctionTemplate(nth_value)] under nth_value; prior registration was null
10:24:46.118 [main] DEBUG org.hibernate.query.sqm.function.SqmFunctionRegistry - Registered SqmFunctionTemplate [org.hibernate.dialect.function.ListaggFunction@3463114a] under listagg; prior registration was null
10:24:46.118 [main] DEBUG org.hibernate.query.sqm.function.SqmFunctionRegistry - Registered SqmFunctionTemplate [org.hibernate.dialect.function.InverseDistributionFunction@29963df4] under mode; prior registration was null
10:24:46.118 [main] DEBUG org.hibernate.query.sqm.function.SqmFunctionRegistry - Registered SqmFunctionTemplate [org.hibernate.dialect.function.InverseDistributionFunction@7705aa73] under percentile_cont; prior registration was null
10:24:46.118 [main] DEBUG org.hibernate.query.sqm.function.SqmFunctionRegistry - Registered SqmFunctionTemplate [org.hibernate.dialect.function.InverseDistributionFunction@53254a90] under percentile_disc; prior registration was null
10:24:46.118 [main] DEBUG org.hibernate.query.sqm.function.SqmFunctionRegistry - Registered SqmFunctionTemplate [org.hibernate.dialect.function.HypotheticalSetFunction@7fe0e8ff] under rank; prior registration was null
10:24:46.118 [main] DEBUG org.hibernate.query.sqm.function.SqmFunctionRegistry - Registered SqmFunctionTemplate [org.hibernate.dialect.function.HypotheticalSetFunction@6701036a] under dense_rank; prior registration was null
10:24:46.118 [main] DEBUG org.hibernate.query.sqm.function.SqmFunctionRegistry - Registered SqmFunctionTemplate [org.hibernate.dialect.function.HypotheticalSetFunction@3d0d7bcb] under percent_rank; prior registration was null
10:24:46.118 [main] DEBUG org.hibernate.query.sqm.function.SqmFunctionRegistry - Registered SqmFunctionTemplate [org.hibernate.dialect.function.HypotheticalSetFunction@4405d730] under cume_dist; prior registration was null
10:24:46.118 [main] DEBUG org.hibernate.query.sqm.function.SqmFunctionRegistry - Registered SqmFunctionTemplate [org.hibernate.dialect.function.array.ArrayConstructorFunction@3cda785f] under array; prior registration was null
10:24:46.118 [main] DEBUG org.hibernate.query.sqm.function.SqmFunctionRegistry - Registered SqmFunctionTemplate [org.hibernate.dialect.function.array.ArrayConstructorFunction@532f26fd] under array_list; prior registration was null
10:24:46.118 [main] DEBUG org.hibernate.query.sqm.function.SqmFunctionRegistry - Registered SqmFunctionTemplate [org.hibernate.dialect.function.array.ArrayAggFunction@52adc70] under array_agg; prior registration was null
10:24:46.118 [main] DEBUG org.hibernate.query.sqm.function.SqmFunctionRegistry - Registered SqmFunctionTemplate [org.hibernate.dialect.function.array.H2ArrayPositionFunction@6f7c27b2] under array_position; prior registration was null
10:24:46.118 [main] DEBUG org.hibernate.query.sqm.function.SqmFunctionRegistry - Registered SqmFunctionTemplate [org.hibernate.dialect.function.array.H2ArrayPositionsFunction@2a3964b0] under array_positions; prior registration was null
10:24:46.118 [main] DEBUG org.hibernate.query.sqm.function.SqmFunctionRegistry - Registered SqmFunctionTemplate [org.hibernate.dialect.function.array.H2ArrayPositionsFunction@77ec1dfa] under array_positions_list; prior registration was null
10:24:46.118 [main] DEBUG org.hibernate.query.sqm.function.SqmFunctionRegistry - Registered SqmFunctionTemplate [org.hibernate.query.sqm.function.PatternBasedSqmFunctionDescriptor@2a2e2e27] under array_length; prior registration was null
10:24:46.118 [main] DEBUG org.hibernate.query.sqm.function.SqmFunctionRegistry - Registered SqmFunctionTemplate [org.hibernate.dialect.function.array.ArrayConcatFunction@4bd3d336] under array_concat; prior registration was null
10:24:46.118 [main] DEBUG org.hibernate.query.sqm.function.SqmFunctionRegistry - Registered SqmFunctionTemplate [org.hibernate.dialect.function.array.ArrayConcatElementFunction@2db063bb] under array_prepend; prior registration was null
10:24:46.118 [main] DEBUG org.hibernate.query.sqm.function.SqmFunctionRegistry - Registered SqmFunctionTemplate [org.hibernate.dialect.function.array.ArrayConcatElementFunction@3aa4a83a] under array_append; prior registration was null
10:24:46.118 [main] DEBUG org.hibernate.query.sqm.function.SqmFunctionRegistry - Registered SqmFunctionTemplate [org.hibernate.dialect.function.array.H2ArrayContainsFunction@61a0e65f] under array_contains; prior registration was null
10:24:46.118 [main] DEBUG org.hibernate.query.sqm.function.SqmFunctionRegistry - Registered SqmFunctionTemplate [org.hibernate.dialect.function.array.H2ArrayContainsFunction@34bfc33e] under array_contains_nullable; prior registration was null
10:24:46.118 [main] DEBUG org.hibernate.query.sqm.function.SqmFunctionRegistry - Registered SqmFunctionTemplate [org.hibernate.dialect.function.array.H2ArrayOverlapsFunction@1abcd3a9] under array_overlaps; prior registration was null
10:24:46.118 [main] DEBUG org.hibernate.query.sqm.function.SqmFunctionRegistry - Registered SqmFunctionTemplate [org.hibernate.dialect.function.array.H2ArrayOverlapsFunction@5465dbc] under array_overlaps_nullable; prior registration was null
10:24:46.118 [main] DEBUG org.hibernate.query.sqm.function.SqmFunctionRegistry - Registered SqmFunctionTemplate [org.hibernate.query.sqm.function.PatternBasedSqmFunctionDescriptor@63b2c155] under array_get; prior registration was null
10:24:46.118 [main] DEBUG org.hibernate.query.sqm.function.SqmFunctionRegistry - Registered SqmFunctionTemplate [org.hibernate.dialect.function.array.H2ArraySetFunction@29de482e] under array_set; prior registration was null
10:24:46.118 [main] DEBUG org.hibernate.query.sqm.function.SqmFunctionRegistry - Registered SqmFunctionTemplate [org.hibernate.dialect.function.array.H2ArrayRemoveFunction@5583f727] under array_remove; prior registration was null
10:24:46.118 [main] DEBUG org.hibernate.query.sqm.function.SqmFunctionRegistry - Registered SqmFunctionTemplate [org.hibernate.dialect.function.array.H2ArrayRemoveIndexFunction@629feb96] under array_remove_index; prior registration was null
10:24:46.118 [main] DEBUG org.hibernate.query.sqm.function.SqmFunctionRegistry - Registered SqmFunctionTemplate [org.hibernate.query.sqm.function.PatternBasedSqmFunctionDescriptor@175226f9] under array_slice; prior registration was null
10:24:46.118 [main] DEBUG org.hibernate.query.sqm.function.SqmFunctionRegistry - Registered SqmFunctionTemplate [org.hibernate.dialect.function.array.H2ArrayReplaceFunction@4c169305] under array_replace; prior registration was null
10:24:46.118 [main] DEBUG org.hibernate.query.sqm.function.SqmFunctionRegistry - Registered SqmFunctionTemplate [org.hibernate.query.sqm.function.PatternBasedSqmFunctionDescriptor@6666f6f] under array_trim; prior registration was null
10:24:46.118 [main] DEBUG org.hibernate.query.sqm.function.SqmFunctionRegistry - Registered SqmFunctionTemplate [org.hibernate.dialect.function.array.H2ArrayFillFunction@1bb8f76e] under array_fill; prior registration was null
10:24:46.118 [main] DEBUG org.hibernate.query.sqm.function.SqmFunctionRegistry - Registered SqmFunctionTemplate [org.hibernate.dialect.function.array.H2ArrayFillFunction@1ddb7f0e] under array_fill_list; prior registration was null
10:24:46.118 [main] DEBUG org.hibernate.query.sqm.function.SqmFunctionRegistry - Registered SqmFunctionTemplate [org.hibernate.dialect.function.array.H2ArrayToStringFunction@65ad490b] under array_to_string; prior registration was null
10:24:46.118 [main] DEBUG org.hibernate.HQL_FUNCTIONS - abs(NUMERIC arg)
10:24:46.118 [main] DEBUG org.hibernate.HQL_FUNCTIONS - Double acos(NUMERIC arg)
10:24:46.118 [main] DEBUG org.hibernate.HQL_FUNCTIONS - Boolean any(BOOLEAN predicate)
10:24:46.118 [main] DEBUG org.hibernate.HQL_FUNCTIONS - array( ... )
10:24:46.118 [main] DEBUG org.hibernate.HQL_FUNCTIONS - array_agg(arg)
10:24:46.118 [main] DEBUG org.hibernate.HQL_FUNCTIONS - array_append( ... )
10:24:46.118 [main] DEBUG org.hibernate.HQL_FUNCTIONS - array_concat( ... )
10:24:46.118 [main] DEBUG org.hibernate.HQL_FUNCTIONS - Boolean array_contains(ARRAY haystackArray, OBJECT needleElementOrArray)
10:24:46.118 [main] DEBUG org.hibernate.HQL_FUNCTIONS - Boolean array_contains_nullable(ARRAY haystackArray, OBJECT needleElementOrArray)
10:24:46.118 [main] DEBUG org.hibernate.HQL_FUNCTIONS - array_fill(OBJECT element, INTEGER elementCount)
10:24:46.118 [main] DEBUG org.hibernate.HQL_FUNCTIONS - array_fill_list(OBJECT element, INTEGER elementCount)
10:24:46.118 [main] DEBUG org.hibernate.HQL_FUNCTIONS - array_get(ARRAY array, INTEGER index)
10:24:46.118 [main] DEBUG org.hibernate.HQL_FUNCTIONS - Integer array_length(ARRAY array)
10:24:46.118 [main] DEBUG org.hibernate.HQL_FUNCTIONS - array_list( ... )
10:24:46.118 [main] DEBUG org.hibernate.HQL_FUNCTIONS - Boolean array_overlaps(ARRAY array0, OBJECT array1)
10:24:46.118 [main] DEBUG org.hibernate.HQL_FUNCTIONS - Boolean array_overlaps_nullable(ARRAY array0, OBJECT array1)
10:24:46.118 [main] DEBUG org.hibernate.HQL_FUNCTIONS - Integer array_position(ARRAY array, OBJECT element[, INTEGER startPosition])
10:24:46.118 [main] DEBUG org.hibernate.HQL_FUNCTIONS - int[] array_positions(ARRAY array, OBJECT element)
10:24:46.118 [main] DEBUG org.hibernate.HQL_FUNCTIONS - List array_positions_list(ARRAY array, OBJECT element)
10:24:46.118 [main] DEBUG org.hibernate.HQL_FUNCTIONS - array_prepend( ... )
10:24:46.118 [main] DEBUG org.hibernate.HQL_FUNCTIONS - array_remove( ... )
10:24:46.118 [main] DEBUG org.hibernate.HQL_FUNCTIONS - array_remove_index( ... )
10:24:46.118 [main] DEBUG org.hibernate.HQL_FUNCTIONS - array_replace( ... )
10:24:46.118 [main] DEBUG org.hibernate.HQL_FUNCTIONS - array_set( ... )
10:24:46.118 [main] DEBUG org.hibernate.HQL_FUNCTIONS - array_slice(ARRAY array, INTEGER start, INTEGER end)
10:24:46.118 [main] DEBUG org.hibernate.HQL_FUNCTIONS - String array_to_string( ... )
10:24:46.118 [main] DEBUG org.hibernate.HQL_FUNCTIONS - array_trim(ARRAY array, INTEGER elementsToRemove)
10:24:46.118 [main] DEBUG org.hibernate.HQL_FUNCTIONS - Integer ascii(STRING arg)
10:24:46.118 [main] DEBUG org.hibernate.HQL_FUNCTIONS - Double asin(NUMERIC arg)
10:24:46.118 [main] DEBUG org.hibernate.HQL_FUNCTIONS - Double atan(NUMERIC arg)
10:24:46.118 [main] DEBUG org.hibernate.HQL_FUNCTIONS - Double atan2(NUMERIC arg0, NUMERIC arg1)
10:24:46.118 [main] DEBUG org.hibernate.HQL_FUNCTIONS - avg(NUMERIC arg)
10:24:46.118 [main] DEBUG org.hibernate.HQL_FUNCTIONS - bit_and(arg)
10:24:46.118 [main] DEBUG org.hibernate.HQL_FUNCTIONS - Integer bit_length(STRING_OR_CLOB arg)
10:24:46.118 [main] DEBUG org.hibernate.HQL_FUNCTIONS - bit_or(arg)
10:24:46.118 [main] DEBUG org.hibernate.HQL_FUNCTIONS - bitand(arg0, arg1)
10:24:46.118 [main] DEBUG org.hibernate.HQL_FUNCTIONS - bitnot(arg)
10:24:46.118 [main] DEBUG org.hibernate.HQL_FUNCTIONS - bitor(arg0, arg1)
10:24:46.118 [main] DEBUG org.hibernate.HQL_FUNCTIONS - bitxor(arg0, arg1)
10:24:46.118 [main] DEBUG org.hibernate.HQL_FUNCTIONS - Boolean bool_and(BOOLEAN predicate)
10:24:46.118 [main] DEBUG org.hibernate.HQL_FUNCTIONS - Boolean bool_or(BOOLEAN predicate)
10:24:46.118 [main] DEBUG org.hibernate.HQL_FUNCTIONS - cast(arg as Type)
10:24:46.118 [main] DEBUG org.hibernate.HQL_FUNCTIONS - ceiling(NUMERIC arg)
10:24:46.118 [main] DEBUG org.hibernate.HQL_FUNCTIONS - Character char(INTEGER arg)
10:24:46.118 [main] DEBUG org.hibernate.HQL_FUNCTIONS - Integer character_length(STRING_OR_CLOB arg)
10:24:46.118 [main] DEBUG org.hibernate.HQL_FUNCTIONS - Character chr(INTEGER arg)
10:24:46.118 [main] DEBUG org.hibernate.HQL_FUNCTIONS - coalesce(arg0[, arg1[, ...]])
10:24:46.118 [main] DEBUG org.hibernate.HQL_FUNCTIONS - String collate(STRING string as COLLATION collation)
10:24:46.118 [main] DEBUG org.hibernate.HQL_FUNCTIONS - String concat(STRING string0[, STRING string1[, ...]])
10:24:46.118 [main] DEBUG org.hibernate.HQL_FUNCTIONS - Double cos(NUMERIC arg)
10:24:46.118 [main] DEBUG org.hibernate.HQL_FUNCTIONS - Double cosh(NUMERIC arg)
10:24:46.118 [main] DEBUG org.hibernate.HQL_FUNCTIONS - Double cot(NUMERIC arg)
10:24:46.118 [main] DEBUG org.hibernate.HQL_FUNCTIONS - Long count([distinct ]{arg|*})
10:24:46.118 [main] DEBUG org.hibernate.HQL_FUNCTIONS - Double cume_dist([arg0[, ...]])
10:24:46.118 [main] DEBUG org.hibernate.HQL_FUNCTIONS - Date curdate()
10:24:46.118 [main] DEBUG org.hibernate.HQL_FUNCTIONS - Date current date
10:24:46.118 [main] DEBUG org.hibernate.HQL_FUNCTIONS - Time current time
10:24:46.118 [main] DEBUG org.hibernate.HQL_FUNCTIONS - Timestamp current timestamp
10:24:46.118 [main] DEBUG org.hibernate.HQL_FUNCTIONS - Date current_date
10:24:46.118 [main] DEBUG org.hibernate.HQL_FUNCTIONS - Instant current_instant
10:24:46.118 [main] DEBUG org.hibernate.HQL_FUNCTIONS - Time current_time
10:24:46.118 [main] DEBUG org.hibernate.HQL_FUNCTIONS - Timestamp current_timestamp
10:24:46.118 [main] DEBUG org.hibernate.HQL_FUNCTIONS - Time curtime()
10:24:46.118 [main] DEBUG org.hibernate.HQL_FUNCTIONS - date_trunc(STRING field, TEMPORAL datetime)
10:24:46.118 [main] DEBUG org.hibernate.HQL_FUNCTIONS - dateadd(TEMPORAL_UNIT field, INTEGER magnitude, TEMPORAL datetime)
10:24:46.118 [main] DEBUG org.hibernate.HQL_FUNCTIONS - Long|Double datediff(TEMPORAL_UNIT field, TEMPORAL start, TEMPORAL end)
10:24:46.118 [main] DEBUG org.hibernate.HQL_FUNCTIONS - Integer day(DATE arg)
10:24:46.118 [main] DEBUG org.hibernate.HQL_FUNCTIONS - Integer day_of_month(DATE arg)
10:24:46.118 [main] DEBUG org.hibernate.HQL_FUNCTIONS - Integer day_of_week(DATE arg)
10:24:46.118 [main] DEBUG org.hibernate.HQL_FUNCTIONS - Integer day_of_year(DATE arg)
10:24:46.118 [main] DEBUG org.hibernate.HQL_FUNCTIONS - String dayname(DATE arg)
10:24:46.118 [main] DEBUG org.hibernate.HQL_FUNCTIONS - Double degrees(NUMERIC arg)
10:24:46.118 [main] DEBUG org.hibernate.HQL_FUNCTIONS - Long dense_rank([arg0[, ...]])
10:24:46.118 [main] DEBUG org.hibernate.HQL_FUNCTIONS - Boolean every(BOOLEAN predicate)
10:24:46.118 [main] DEBUG org.hibernate.HQL_FUNCTIONS - Double exp(NUMERIC arg)
10:24:46.118 [main] DEBUG org.hibernate.HQL_FUNCTIONS - extract(TEMPORAL_UNIT field from TEMPORAL arg)
10:24:46.118 [main] DEBUG org.hibernate.HQL_FUNCTIONS - first_valueANY value
10:24:46.118 [main] DEBUG org.hibernate.HQL_FUNCTIONS - floor(NUMERIC arg)
10:24:46.118 [main] DEBUG org.hibernate.HQL_FUNCTIONS - String format(TEMPORAL datetime as STRING pattern)
10:24:46.118 [main] DEBUG org.hibernate.HQL_FUNCTIONS - greatest(COMPARABLE arg0, COMPARABLE arg1[, arg2[, ...]])
10:24:46.118 [main] DEBUG org.hibernate.HQL_FUNCTIONS - Integer hour(TIME arg)
10:24:46.118 [main] DEBUG org.hibernate.HQL_FUNCTIONS - ifnull(arg0, arg1)
10:24:46.118 [main] DEBUG org.hibernate.HQL_FUNCTIONS - String insert(STRING string, INTEGER start, INTEGER length, STRING replacement)
10:24:46.118 [main] DEBUG org.hibernate.HQL_FUNCTIONS - Instant instant
10:24:46.118 [main] DEBUG org.hibernate.HQL_FUNCTIONS - Integer instr(STRING string, STRING pattern[, INTEGER start[, INTEGER occurrence]])
10:24:46.118 [main] DEBUG org.hibernate.HQL_FUNCTIONS - lagANY value[, INTEGER offset[, ANY default]]
10:24:46.118 [main] DEBUG org.hibernate.HQL_FUNCTIONS - last_valueANY value
10:24:46.118 [main] DEBUG org.hibernate.HQL_FUNCTIONS - leadANY value[, INTEGER offset[, ANY default]]
10:24:46.118 [main] DEBUG org.hibernate.HQL_FUNCTIONS - least(COMPARABLE arg0, COMPARABLE arg1[, arg2[, ...]])
10:24:46.118 [main] DEBUG org.hibernate.HQL_FUNCTIONS - String left(STRING string, INTEGER length)
10:24:46.118 [main] DEBUG org.hibernate.HQL_FUNCTIONS - Integer length(STRING_OR_CLOB arg)
10:24:46.118 [main] DEBUG org.hibernate.HQL_FUNCTIONS - String listagg(STRING arg0, STRING arg1)
10:24:46.118 [main] DEBUG org.hibernate.HQL_FUNCTIONS - Double ln(NUMERIC arg)
10:24:46.118 [main] DEBUG org.hibernate.HQL_FUNCTIONS - LocalDate local date
10:24:46.118 [main] DEBUG org.hibernate.HQL_FUNCTIONS - LocalDateTime local datetime
10:24:46.118 [main] DEBUG org.hibernate.HQL_FUNCTIONS - LocalTime local time
10:24:46.118 [main] DEBUG org.hibernate.HQL_FUNCTIONS - LocalDate local_date
10:24:46.118 [main] DEBUG org.hibernate.HQL_FUNCTIONS - LocalDateTime local_datetime
10:24:46.118 [main] DEBUG org.hibernate.HQL_FUNCTIONS - LocalTime local_time
10:24:46.118 [main] DEBUG org.hibernate.HQL_FUNCTIONS - Time localtime
10:24:46.118 [main] DEBUG org.hibernate.HQL_FUNCTIONS - Timestamp localtimestamp
10:24:46.118 [main] DEBUG org.hibernate.HQL_FUNCTIONS - Integer locate(STRING pattern, STRING string[, INTEGER start])
10:24:46.118 [main] DEBUG org.hibernate.HQL_FUNCTIONS - Double log(NUMERIC base, NUMERIC arg)
10:24:46.118 [main] DEBUG org.hibernate.HQL_FUNCTIONS - Double log10(NUMERIC arg)
10:24:46.118 [main] DEBUG org.hibernate.HQL_FUNCTIONS - String lower(STRING string)
10:24:46.118 [main] DEBUG org.hibernate.HQL_FUNCTIONS - String lpad(STRING string, INTEGER length[, STRING padding])
10:24:46.118 [main] DEBUG org.hibernate.HQL_FUNCTIONS - String ltrim(STRING string)
10:24:46.118 [main] DEBUG org.hibernate.HQL_FUNCTIONS - max(COMPARABLE arg)
10:24:46.118 [main] DEBUG org.hibernate.HQL_FUNCTIONS - Double median(NUMERIC arg)
10:24:46.118 [main] DEBUG org.hibernate.HQL_FUNCTIONS - Integer microsecond(TIME arg)
10:24:46.118 [main] DEBUG org.hibernate.HQL_FUNCTIONS - min(COMPARABLE arg)
10:24:46.118 [main] DEBUG org.hibernate.HQL_FUNCTIONS - Integer minute(TIME arg)
10:24:46.118 [main] DEBUG org.hibernate.HQL_FUNCTIONS - Integer mod(INTEGER arg0, INTEGER arg1)
10:24:46.118 [main] DEBUG org.hibernate.HQL_FUNCTIONS - mode()
10:24:46.118 [main] DEBUG org.hibernate.HQL_FUNCTIONS - Integer month(DATE arg)
10:24:46.118 [main] DEBUG org.hibernate.HQL_FUNCTIONS - String monthname(DATE arg)
10:24:46.118 [main] DEBUG org.hibernate.HQL_FUNCTIONS - Timestamp now()
10:24:46.118 [main] DEBUG org.hibernate.HQL_FUNCTIONS - nth_valueANY value, INTEGER nth
10:24:46.118 [main] DEBUG org.hibernate.HQL_FUNCTIONS - nullif(arg0, arg1)
10:24:46.118 [main] DEBUG org.hibernate.HQL_FUNCTIONS - Integer octet_length(STRING_OR_CLOB arg)
10:24:46.118 [main] DEBUG org.hibernate.HQL_FUNCTIONS - OffsetDateTime offset datetime
10:24:46.118 [main] DEBUG org.hibernate.HQL_FUNCTIONS - OffsetDateTime offset_datetime
10:24:46.118 [main] DEBUG org.hibernate.HQL_FUNCTIONS - String overlay(STRING string placing STRING replacement from INTEGER start[ for INTEGER length])
10:24:46.118 [main] DEBUG org.hibernate.HQL_FUNCTIONS - String pad(STRING string with INTEGER length {leading|trailing}[ STRING character])
10:24:46.118 [main] DEBUG org.hibernate.HQL_FUNCTIONS - Double percent_rank([arg0[, ...]])
10:24:46.118 [main] DEBUG org.hibernate.HQL_FUNCTIONS - percentile_cont(NUMERIC arg)
10:24:46.118 [main] DEBUG org.hibernate.HQL_FUNCTIONS - percentile_disc(NUMERIC arg)
10:24:46.118 [main] DEBUG org.hibernate.HQL_FUNCTIONS - Double pi
10:24:46.118 [main] DEBUG org.hibernate.HQL_FUNCTIONS - Integer position(STRING pattern in STRING string)
10:24:46.118 [main] DEBUG org.hibernate.HQL_FUNCTIONS - Double power(NUMERIC arg0, NUMERIC arg1)
10:24:46.118 [main] DEBUG org.hibernate.HQL_FUNCTIONS - Integer quarter(DATE arg)
10:24:46.118 [main] DEBUG org.hibernate.HQL_FUNCTIONS - Double radians(NUMERIC arg)
10:24:46.118 [main] DEBUG org.hibernate.HQL_FUNCTIONS - Double rand([INTEGER seed])
10:24:46.118 [main] DEBUG org.hibernate.HQL_FUNCTIONS - Long rank([arg0[, ...]])
10:24:46.118 [main] DEBUG org.hibernate.HQL_FUNCTIONS - String repeat(STRING string, INTEGER times)
10:24:46.118 [main] DEBUG org.hibernate.HQL_FUNCTIONS - String replace(STRING string, STRING pattern, STRING replacement)
10:24:46.118 [main] DEBUG org.hibernate.HQL_FUNCTIONS - String right(STRING string, INTEGER length)
10:24:46.118 [main] DEBUG org.hibernate.HQL_FUNCTIONS - round(NUMERIC number[, INTEGER places])
10:24:46.118 [main] DEBUG org.hibernate.HQL_FUNCTIONS - Long row_number()
10:24:46.118 [main] DEBUG org.hibernate.HQL_FUNCTIONS - Long rownum()
10:24:46.118 [main] DEBUG org.hibernate.HQL_FUNCTIONS - String rpad(STRING string, INTEGER length[, STRING padding])
10:24:46.118 [main] DEBUG org.hibernate.HQL_FUNCTIONS - String rtrim(STRING string)
10:24:46.118 [main] DEBUG org.hibernate.HQL_FUNCTIONS - Integer second(TIME arg)
10:24:46.118 [main] DEBUG org.hibernate.HQL_FUNCTIONS - Integer sign(NUMERIC arg)
10:24:46.118 [main] DEBUG org.hibernate.HQL_FUNCTIONS - Double sin(NUMERIC arg)
10:24:46.118 [main] DEBUG org.hibernate.HQL_FUNCTIONS - Double sinh(NUMERIC arg)
10:24:46.118 [main] DEBUG org.hibernate.HQL_FUNCTIONS - String soundex(arg)
10:24:46.118 [main] DEBUG org.hibernate.HQL_FUNCTIONS - String space(INTEGER arg)
10:24:46.118 [main] DEBUG org.hibernate.HQL_FUNCTIONS - Object sql
10:24:46.118 [main] DEBUG org.hibernate.HQL_FUNCTIONS - Double sqrt(NUMERIC arg)
10:24:46.118 [main] DEBUG org.hibernate.HQL_FUNCTIONS - Double stddev_pop(NUMERIC arg)
10:24:46.118 [main] DEBUG org.hibernate.HQL_FUNCTIONS - Double stddev_samp(NUMERIC arg)
10:24:46.118 [main] DEBUG org.hibernate.HQL_FUNCTIONS - String str(arg)
10:24:46.118 [main] DEBUG org.hibernate.HQL_FUNCTIONS - String substr(STRING string, INTEGER start[, INTEGER length])
10:24:46.118 [main] DEBUG org.hibernate.HQL_FUNCTIONS - String substring(STRING string{ from|,} INTEGER start[{ for|,} INTEGER length])
10:24:46.118 [main] DEBUG org.hibernate.HQL_FUNCTIONS - sum(arg)
10:24:46.118 [main] DEBUG org.hibernate.HQL_FUNCTIONS - Timestamp sysdate
10:24:46.118 [main] DEBUG org.hibernate.HQL_FUNCTIONS - Double tan(NUMERIC arg)
10:24:46.118 [main] DEBUG org.hibernate.HQL_FUNCTIONS - Double tanh(NUMERIC arg)
10:24:46.118 [main] DEBUG org.hibernate.HQL_FUNCTIONS - timestampadd(TEMPORAL_UNIT field, INTEGER magnitude, TEMPORAL datetime)
10:24:46.118 [main] DEBUG org.hibernate.HQL_FUNCTIONS - Long|Double timestampdiff(TEMPORAL_UNIT field, TEMPORAL start, TEMPORAL end)
10:24:46.118 [main] DEBUG org.hibernate.HQL_FUNCTIONS - String translate(STRING arg0, STRING arg1, STRING arg2)
10:24:46.118 [main] DEBUG org.hibernate.HQL_FUNCTIONS - String trim([[{leading|trailing|both} ][STRING arg0 ]from] STRING arg1)
10:24:46.118 [main] DEBUG org.hibernate.HQL_FUNCTIONS - trunc( ... )
10:24:46.118 [main] DEBUG org.hibernate.HQL_FUNCTIONS - truncate( ... )
10:24:46.118 [main] DEBUG org.hibernate.HQL_FUNCTIONS - String upper(STRING string)
10:24:46.118 [main] DEBUG org.hibernate.HQL_FUNCTIONS - Double var_pop(NUMERIC arg)
10:24:46.118 [main] DEBUG org.hibernate.HQL_FUNCTIONS - Double var_samp(NUMERIC arg)
10:24:46.118 [main] DEBUG org.hibernate.HQL_FUNCTIONS - Integer week(DATE arg)
10:24:46.118 [main] DEBUG org.hibernate.HQL_FUNCTIONS - Integer year(DATE arg)
10:24:46.118 [main] DEBUG org.hibernate.orm.query.plan.cache - Starting QueryInterpretationCache(2048)
10:24:46.119 [main] DEBUG org.hibernate.service.internal.SessionFactoryServiceRegistryImpl - EventListenerRegistry access via ServiceRegistry is deprecated.  Use `sessionFactory.getEventEngine().getListenerRegistry()` instead
10:24:46.119 [main] DEBUG org.hibernate.event.internal.EntityCopyObserverFactoryInitiator - Configured EntityCopyObserver strategy: disallow
10:24:46.119 [main] DEBUG org.hibernate.boot.internal.ClassLoaderAccessImpl - Not known whether passed class name [org.frcpm.models.Attendance] is safe
10:24:46.119 [main] DEBUG org.hibernate.boot.internal.ClassLoaderAccessImpl - No temp ClassLoader provided; using live ClassLoader for loading potentially unsafe class : org.frcpm.models.Attendance
10:24:46.122 [main] DEBUG org.hibernate.bytecode.internal.bytebuddy.BytecodeProviderImpl - HHH000513: Unable to create the ReflectionOptimizer for [org.frcpm.models.Attendance]: private accessor [arrivalTime]
10:24:46.123 [main] DEBUG org.hibernate.boot.internal.ClassLoaderAccessImpl - Not known whether passed class name [org.frcpm.models.Meeting] is safe
10:24:46.123 [main] DEBUG org.hibernate.boot.internal.ClassLoaderAccessImpl - No temp ClassLoader provided; using live ClassLoader for loading potentially unsafe class : org.frcpm.models.Meeting
10:24:46.125 [main] DEBUG org.hibernate.bytecode.internal.bytebuddy.BytecodeProviderImpl - HHH000513: Unable to create the ReflectionOptimizer for [org.frcpm.models.Meeting]: private accessor [attendances]
10:24:46.125 [main] DEBUG org.hibernate.boot.internal.ClassLoaderAccessImpl - Not known whether passed class name [org.frcpm.models.Subsystem] is safe
10:24:46.125 [main] DEBUG org.hibernate.boot.internal.ClassLoaderAccessImpl - No temp ClassLoader provided; using live ClassLoader for loading potentially unsafe class : org.frcpm.models.Subsystem
10:24:46.128 [main] DEBUG org.hibernate.bytecode.internal.bytebuddy.BytecodeProviderImpl - HHH000513: Unable to create the ReflectionOptimizer for [org.frcpm.models.Subsystem]: private accessor [description]
10:24:46.128 [main] DEBUG org.hibernate.boot.internal.ClassLoaderAccessImpl - Not known whether passed class name [org.frcpm.models.Component] is safe
10:24:46.128 [main] DEBUG org.hibernate.boot.internal.ClassLoaderAccessImpl - No temp ClassLoader provided; using live ClassLoader for loading potentially unsafe class : org.frcpm.models.Component
10:24:46.130 [main] DEBUG org.hibernate.bytecode.internal.bytebuddy.BytecodeProviderImpl - HHH000513: Unable to create the ReflectionOptimizer for [org.frcpm.models.Component]: private accessor [actualDelivery]
10:24:46.130 [main] DEBUG org.hibernate.boot.internal.ClassLoaderAccessImpl - Not known whether passed class name [org.frcpm.models.Milestone] is safe
10:24:46.130 [main] DEBUG org.hibernate.boot.internal.ClassLoaderAccessImpl - No temp ClassLoader provided; using live ClassLoader for loading potentially unsafe class : org.frcpm.models.Milestone
10:24:46.132 [main] DEBUG org.hibernate.bytecode.internal.bytebuddy.BytecodeProviderImpl - HHH000513: Unable to create the ReflectionOptimizer for [org.frcpm.models.Milestone]: private accessor [date]
10:24:46.132 [main] DEBUG org.hibernate.boot.internal.ClassLoaderAccessImpl - Not known whether passed class name [org.frcpm.models.Project] is safe
10:24:46.132 [main] DEBUG org.hibernate.boot.internal.ClassLoaderAccessImpl - No temp ClassLoader provided; using live ClassLoader for loading potentially unsafe class : org.frcpm.models.Project
10:24:46.139 [main] DEBUG org.hibernate.bytecode.internal.bytebuddy.BytecodeProviderImpl - HHH000513: Unable to create the ReflectionOptimizer for [org.frcpm.models.Project]: private accessor [description]
10:24:46.140 [main] DEBUG org.hibernate.boot.internal.ClassLoaderAccessImpl - Not known whether passed class name [org.frcpm.models.Subteam] is safe
10:24:46.140 [main] DEBUG org.hibernate.boot.internal.ClassLoaderAccessImpl - No temp ClassLoader provided; using live ClassLoader for loading potentially unsafe class : org.frcpm.models.Subteam
10:24:46.142 [main] DEBUG org.hibernate.bytecode.internal.bytebuddy.BytecodeProviderImpl - HHH000513: Unable to create the ReflectionOptimizer for [org.frcpm.models.Subteam]: private accessor [colorCode]
10:24:46.142 [main] DEBUG org.hibernate.boot.internal.ClassLoaderAccessImpl - Not known whether passed class name [org.frcpm.models.Task] is safe
10:24:46.142 [main] DEBUG org.hibernate.boot.internal.ClassLoaderAccessImpl - No temp ClassLoader provided; using live ClassLoader for loading potentially unsafe class : org.frcpm.models.Task
10:24:46.145 [main] DEBUG org.hibernate.bytecode.internal.bytebuddy.BytecodeProviderImpl - HHH000513: Unable to create the ReflectionOptimizer for [org.frcpm.models.Task]: private accessor [actualDurationSeconds]
10:24:46.145 [main] DEBUG org.hibernate.boot.internal.ClassLoaderAccessImpl - Not known whether passed class name [org.frcpm.models.TeamMember] is safe
10:24:46.145 [main] DEBUG org.hibernate.boot.internal.ClassLoaderAccessImpl - No temp ClassLoader provided; using live ClassLoader for loading potentially unsafe class : org.frcpm.models.TeamMember
10:24:46.149 [main] DEBUG org.hibernate.bytecode.internal.bytebuddy.BytecodeProviderImpl - HHH000513: Unable to create the ReflectionOptimizer for [org.frcpm.models.TeamMember]: private accessor [assignedTasks]
10:24:46.149 [main] DEBUG org.hibernate.orm.jdbc.mutation - Skipping collection row updates - org.frcpm.models.Task.assignedTo
10:24:46.149 [main] DEBUG org.hibernate.orm.jdbc.mutation - Skipping collection (re)creation - org.frcpm.models.Subsystem.tasks
10:24:46.149 [main] DEBUG org.hibernate.orm.jdbc.mutation - Skipping collection row deletions - org.frcpm.models.Subsystem.tasks
10:24:46.149 [main] DEBUG org.hibernate.orm.jdbc.mutation - Skipping collection removals - org.frcpm.models.Subsystem.tasks
10:24:46.150 [main] DEBUG org.hibernate.orm.jdbc.mutation - Skipping collection (re)creation - org.frcpm.models.Subteam.members
10:24:46.150 [main] DEBUG org.hibernate.orm.jdbc.mutation - Skipping collection row deletions - org.frcpm.models.Subteam.members
10:24:46.150 [main] DEBUG org.hibernate.orm.jdbc.mutation - Skipping collection removals - org.frcpm.models.Subteam.members
10:24:46.150 [main] DEBUG org.hibernate.orm.jdbc.mutation - Skipping collection (re)creation - org.frcpm.models.TeamMember.attendances
10:24:46.150 [main] DEBUG org.hibernate.orm.jdbc.mutation - Skipping collection row deletions - org.frcpm.models.TeamMember.attendances
10:24:46.150 [main] DEBUG org.hibernate.orm.jdbc.mutation - Skipping collection removals - org.frcpm.models.TeamMember.attendances
10:24:46.150 [main] DEBUG org.hibernate.orm.jdbc.mutation - Skipping collection row updates - org.frcpm.models.Task.requiredComponents
10:24:46.150 [main] DEBUG org.hibernate.orm.jdbc.mutation - Skipping collection (re)creation - org.frcpm.models.Subteam.subsystems
10:24:46.150 [main] DEBUG org.hibernate.orm.jdbc.mutation - Skipping collection row deletions - org.frcpm.models.Subteam.subsystems
10:24:46.150 [main] DEBUG org.hibernate.orm.jdbc.mutation - Skipping collection removals - org.frcpm.models.Subteam.subsystems
10:24:46.150 [main] DEBUG org.hibernate.orm.jdbc.mutation - Skipping collection row updates - org.frcpm.models.Task.preDependencies
10:24:46.150 [main] DEBUG org.hibernate.orm.jdbc.mutation - Skipping collection (re)creation - org.frcpm.models.Project.milestones
10:24:46.150 [main] DEBUG org.hibernate.orm.jdbc.mutation - Skipping collection row deletions - org.frcpm.models.Project.milestones
10:24:46.150 [main] DEBUG org.hibernate.orm.jdbc.mutation - Skipping collection removals - org.frcpm.models.Project.milestones
10:24:46.150 [main] DEBUG org.hibernate.orm.jdbc.mutation - Skipping collection inserts - org.frcpm.models.Component.requiredForTasks
10:24:46.150 [main] DEBUG org.hibernate.orm.jdbc.mutation - Skipping collection row updates - org.frcpm.models.Component.requiredForTasks
10:24:46.150 [main] DEBUG org.hibernate.orm.jdbc.mutation - Skipping collection row deletions - org.frcpm.models.Component.requiredForTasks
10:24:46.150 [main] DEBUG org.hibernate.orm.jdbc.mutation - Skipping collection removals - org.frcpm.models.Component.requiredForTasks
10:24:46.150 [main] DEBUG org.hibernate.orm.jdbc.mutation - Skipping collection (re)creation - org.frcpm.models.Project.meetings
10:24:46.150 [main] DEBUG org.hibernate.orm.jdbc.mutation - Skipping collection row deletions - org.frcpm.models.Project.meetings
10:24:46.150 [main] DEBUG org.hibernate.orm.jdbc.mutation - Skipping collection removals - org.frcpm.models.Project.meetings
10:24:46.150 [main] DEBUG org.hibernate.orm.jdbc.mutation - Skipping collection inserts - org.frcpm.models.TeamMember.assignedTasks
10:24:46.150 [main] DEBUG org.hibernate.orm.jdbc.mutation - Skipping collection row updates - org.frcpm.models.TeamMember.assignedTasks
10:24:46.150 [main] DEBUG org.hibernate.orm.jdbc.mutation - Skipping collection row deletions - org.frcpm.models.TeamMember.assignedTasks
10:24:46.150 [main] DEBUG org.hibernate.orm.jdbc.mutation - Skipping collection removals - org.frcpm.models.TeamMember.assignedTasks
10:24:46.150 [main] DEBUG org.hibernate.orm.jdbc.mutation - Skipping collection (re)creation - org.frcpm.models.Meeting.attendances
10:24:46.150 [main] DEBUG org.hibernate.orm.jdbc.mutation - Skipping collection row deletions - org.frcpm.models.Meeting.attendances
10:24:46.150 [main] DEBUG org.hibernate.orm.jdbc.mutation - Skipping collection removals - org.frcpm.models.Meeting.attendances
10:24:46.150 [main] DEBUG org.hibernate.orm.jdbc.mutation - Skipping collection inserts - org.frcpm.models.Task.postDependencies
10:24:46.150 [main] DEBUG org.hibernate.orm.jdbc.mutation - Skipping collection row updates - org.frcpm.models.Task.postDependencies
10:24:46.150 [main] DEBUG org.hibernate.orm.jdbc.mutation - Skipping collection row deletions - org.frcpm.models.Task.postDependencies
10:24:46.150 [main] DEBUG org.hibernate.orm.jdbc.mutation - Skipping collection removals - org.frcpm.models.Task.postDependencies
10:24:46.150 [main] DEBUG org.hibernate.orm.jdbc.mutation - Skipping collection (re)creation - org.frcpm.models.Project.tasks
10:24:46.150 [main] DEBUG org.hibernate.orm.jdbc.mutation - Skipping collection row deletions - org.frcpm.models.Project.tasks
10:24:46.150 [main] DEBUG org.hibernate.orm.jdbc.mutation - Skipping collection removals - org.frcpm.models.Project.tasks
10:24:46.152 [main] DEBUG org.hibernate.orm.model.mapping.creation - Starting post-init callbacks
10:24:46.152 [main] DEBUG org.hibernate.orm.model.mapping.creation - Starting PostInitCallbackEntry : To-one key - NavigableRole[org.frcpm.models.Attendance.meeting]
10:24:46.152 [main] DEBUG org.hibernate.orm.model.mapping.creation - Starting PostInitCallbackEntry : To-one key - NavigableRole[org.frcpm.models.Attendance.member]
10:24:46.152 [main] DEBUG org.hibernate.orm.model.mapping.creation - Starting PostInitCallbackEntry : Entity(org.frcpm.models.Attendance) `staticFetchableList` generator
10:24:46.153 [main] DEBUG org.hibernate.orm.model.mapping.creation - Starting PostInitCallbackEntry : PluralAttributeMapping( NavigableRole[org.frcpm.models.Meeting.attendances#{element}]) - element descriptor
10:24:46.153 [main] DEBUG org.hibernate.orm.model.mapping.creation - Starting PostInitCallbackEntry : PluralAttributeMapping(org.frcpm.models.Meeting.attendances)#finishInitialization
10:24:46.153 [main] DEBUG org.hibernate.orm.model.mapping.creation - Starting PostInitCallbackEntry : PluralAttributeMapping(org.frcpm.models.Meeting.attendances) - key descriptor
10:24:46.153 [main] DEBUG org.hibernate.orm.model.mapping.creation - Starting PostInitCallbackEntry : To-one key - NavigableRole[org.frcpm.models.Meeting.project]
10:24:46.153 [main] DEBUG org.hibernate.orm.model.mapping.creation - Starting PostInitCallbackEntry : Entity(org.frcpm.models.Meeting) `staticFetchableList` generator
10:24:46.153 [main] DEBUG org.hibernate.orm.model.mapping.creation - Starting PostInitCallbackEntry : To-one key - NavigableRole[org.frcpm.models.Subsystem.responsibleSubteam]
10:24:46.153 [main] DEBUG org.hibernate.orm.model.mapping.creation - Starting PostInitCallbackEntry : PluralAttributeMapping( NavigableRole[org.frcpm.models.Subsystem.tasks#{element}]) - element descriptor
10:24:46.153 [main] DEBUG org.hibernate.orm.model.mapping.creation - Starting PostInitCallbackEntry : PluralAttributeMapping(org.frcpm.models.Subsystem.tasks)#finishInitialization
10:24:46.153 [main] DEBUG org.hibernate.orm.model.mapping.creation - Starting PostInitCallbackEntry : PluralAttributeMapping(org.frcpm.models.Subsystem.tasks) - key descriptor
10:24:46.153 [main] DEBUG org.hibernate.orm.model.mapping.creation - Starting PostInitCallbackEntry : Entity(org.frcpm.models.Subsystem) `staticFetchableList` generator
10:24:46.153 [main] DEBUG org.hibernate.orm.model.mapping.creation - Starting PostInitCallbackEntry : PluralAttributeMapping( NavigableRole[org.frcpm.models.Component.requiredForTasks#{element}]) - element descriptor
10:24:46.153 [main] DEBUG org.hibernate.orm.model.mapping.creation - Starting PostInitCallbackEntry : PluralAttributeMapping(org.frcpm.models.Component.requiredForTasks)#finishInitialization
10:24:46.153 [main] DEBUG org.hibernate.orm.model.mapping.creation - Starting PostInitCallbackEntry : PluralAttributeMapping(org.frcpm.models.Component.requiredForTasks) - key descriptor
10:24:46.153 [main] DEBUG org.hibernate.orm.model.mapping.creation - Starting PostInitCallbackEntry : Entity(org.frcpm.models.Component) `staticFetchableList` generator
10:24:46.153 [main] DEBUG org.hibernate.orm.model.mapping.creation - Starting PostInitCallbackEntry : To-one key - NavigableRole[org.frcpm.models.Milestone.project]
10:24:46.153 [main] DEBUG org.hibernate.orm.model.mapping.creation - Starting PostInitCallbackEntry : Entity(org.frcpm.models.Milestone) `staticFetchableList` generator
10:24:46.153 [main] DEBUG org.hibernate.orm.model.mapping.creation - Starting PostInitCallbackEntry : PluralAttributeMapping( NavigableRole[org.frcpm.models.Project.meetings#{element}]) - element descriptor
10:24:46.153 [main] DEBUG org.hibernate.orm.model.mapping.creation - Starting PostInitCallbackEntry : PluralAttributeMapping(org.frcpm.models.Project.meetings)#finishInitialization
10:24:46.153 [main] DEBUG org.hibernate.orm.model.mapping.creation - Starting PostInitCallbackEntry : PluralAttributeMapping(org.frcpm.models.Project.meetings) - key descriptor
10:24:46.153 [main] DEBUG org.hibernate.orm.model.mapping.creation - Starting PostInitCallbackEntry : PluralAttributeMapping( NavigableRole[org.frcpm.models.Project.milestones#{element}]) - element descriptor
10:24:46.153 [main] DEBUG org.hibernate.orm.model.mapping.creation - Starting PostInitCallbackEntry : PluralAttributeMapping(org.frcpm.models.Project.milestones)#finishInitialization
10:24:46.153 [main] DEBUG org.hibernate.orm.model.mapping.creation - Starting PostInitCallbackEntry : PluralAttributeMapping(org.frcpm.models.Project.milestones) - key descriptor
10:24:46.153 [main] DEBUG org.hibernate.orm.model.mapping.creation - Starting PostInitCallbackEntry : PluralAttributeMapping( NavigableRole[org.frcpm.models.Project.tasks#{element}]) - element descriptor
10:24:46.153 [main] DEBUG org.hibernate.orm.model.mapping.creation - Starting PostInitCallbackEntry : PluralAttributeMapping(org.frcpm.models.Project.tasks)#finishInitialization
10:24:46.153 [main] DEBUG org.hibernate.orm.model.mapping.creation - Starting PostInitCallbackEntry : PluralAttributeMapping(org.frcpm.models.Project.tasks) - key descriptor
10:24:46.153 [main] DEBUG org.hibernate.orm.model.mapping.creation - Starting PostInitCallbackEntry : Entity(org.frcpm.models.Project) `staticFetchableList` generator
10:24:46.153 [main] DEBUG org.hibernate.orm.model.mapping.creation - Starting PostInitCallbackEntry : PluralAttributeMapping( NavigableRole[org.frcpm.models.Subteam.members#{element}]) - element descriptor
10:24:46.153 [main] DEBUG org.hibernate.orm.model.mapping.creation - Starting PostInitCallbackEntry : PluralAttributeMapping(org.frcpm.models.Subteam.members)#finishInitialization
10:24:46.153 [main] DEBUG org.hibernate.orm.model.mapping.creation - Starting PostInitCallbackEntry : PluralAttributeMapping(org.frcpm.models.Subteam.members) - key descriptor
10:24:46.153 [main] DEBUG org.hibernate.orm.model.mapping.creation - Starting PostInitCallbackEntry : PluralAttributeMapping( NavigableRole[org.frcpm.models.Subteam.subsystems#{element}]) - element descriptor
10:24:46.153 [main] DEBUG org.hibernate.orm.model.mapping.creation - Starting PostInitCallbackEntry : PluralAttributeMapping(org.frcpm.models.Subteam.subsystems)#finishInitialization
10:24:46.153 [main] DEBUG org.hibernate.orm.model.mapping.creation - Starting PostInitCallbackEntry : PluralAttributeMapping(org.frcpm.models.Subteam.subsystems) - key descriptor
10:24:46.153 [main] DEBUG org.hibernate.orm.model.mapping.creation - Starting PostInitCallbackEntry : Entity(org.frcpm.models.Subteam) `staticFetchableList` generator
10:24:46.153 [main] DEBUG org.hibernate.orm.model.mapping.creation - Starting PostInitCallbackEntry : PluralAttributeMapping( NavigableRole[org.frcpm.models.Task.assignedTo#{element}]) - element descriptor
10:24:46.153 [main] DEBUG org.hibernate.orm.model.mapping.creation - Starting PostInitCallbackEntry : PluralAttributeMapping(org.frcpm.models.Task.assignedTo)#finishInitialization
10:24:46.153 [main] DEBUG org.hibernate.orm.model.mapping.creation - Starting PostInitCallbackEntry : PluralAttributeMapping(org.frcpm.models.Task.assignedTo) - key descriptor
10:24:46.153 [main] DEBUG org.hibernate.orm.model.mapping.creation - Starting PostInitCallbackEntry : PluralAttributeMapping( NavigableRole[org.frcpm.models.Task.postDependencies#{element}]) - element descriptor
10:24:46.153 [main] DEBUG org.hibernate.orm.model.mapping.creation - Starting PostInitCallbackEntry : PluralAttributeMapping(org.frcpm.models.Task.postDependencies)#finishInitialization
10:24:46.153 [main] DEBUG org.hibernate.orm.model.mapping.creation - Starting PostInitCallbackEntry : PluralAttributeMapping(org.frcpm.models.Task.postDependencies) - key descriptor
10:24:46.154 [main] DEBUG org.hibernate.orm.model.mapping.creation - Starting PostInitCallbackEntry : PluralAttributeMapping( NavigableRole[org.frcpm.models.Task.preDependencies#{element}]) - element descriptor
10:24:46.154 [main] DEBUG org.hibernate.orm.model.mapping.creation - Starting PostInitCallbackEntry : PluralAttributeMapping(org.frcpm.models.Task.preDependencies)#finishInitialization
10:24:46.154 [main] DEBUG org.hibernate.orm.model.mapping.creation - Starting PostInitCallbackEntry : PluralAttributeMapping(org.frcpm.models.Task.preDependencies) - key descriptor
10:24:46.154 [main] DEBUG org.hibernate.orm.model.mapping.creation - Starting PostInitCallbackEntry : To-one key - NavigableRole[org.frcpm.models.Task.project]
10:24:46.154 [main] DEBUG org.hibernate.orm.model.mapping.creation - Starting PostInitCallbackEntry : PluralAttributeMapping( NavigableRole[org.frcpm.models.Task.requiredComponents#{element}]) - element descriptor
10:24:46.154 [main] DEBUG org.hibernate.orm.model.mapping.creation - Starting PostInitCallbackEntry : PluralAttributeMapping(org.frcpm.models.Task.requiredComponents)#finishInitialization
10:24:46.154 [main] DEBUG org.hibernate.orm.model.mapping.creation - Starting PostInitCallbackEntry : PluralAttributeMapping(org.frcpm.models.Task.requiredComponents) - key descriptor
10:24:46.154 [main] DEBUG org.hibernate.orm.model.mapping.creation - Starting PostInitCallbackEntry : To-one key - NavigableRole[org.frcpm.models.Task.subsystem]
10:24:46.154 [main] DEBUG org.hibernate.orm.model.mapping.creation - Starting PostInitCallbackEntry : Entity(org.frcpm.models.Task) `staticFetchableList` generator
10:24:46.154 [main] DEBUG org.hibernate.orm.model.mapping.creation - Starting PostInitCallbackEntry : PluralAttributeMapping( NavigableRole[org.frcpm.models.TeamMember.assignedTasks#{element}]) - element descriptor
10:24:46.154 [main] DEBUG org.hibernate.orm.model.mapping.creation - Starting PostInitCallbackEntry : PluralAttributeMapping(org.frcpm.models.TeamMember.assignedTasks)#finishInitialization
10:24:46.154 [main] DEBUG org.hibernate.orm.model.mapping.creation - Starting PostInitCallbackEntry : PluralAttributeMapping(org.frcpm.models.TeamMember.assignedTasks) - key descriptor
10:24:46.154 [main] DEBUG org.hibernate.orm.model.mapping.creation - Starting PostInitCallbackEntry : PluralAttributeMapping( NavigableRole[org.frcpm.models.TeamMember.attendances#{element}]) - element descriptor
10:24:46.154 [main] DEBUG org.hibernate.orm.model.mapping.creation - Starting PostInitCallbackEntry : PluralAttributeMapping(org.frcpm.models.TeamMember.attendances)#finishInitialization
10:24:46.154 [main] DEBUG org.hibernate.orm.model.mapping.creation - Starting PostInitCallbackEntry : PluralAttributeMapping(org.frcpm.models.TeamMember.attendances) - key descriptor
10:24:46.154 [main] DEBUG org.hibernate.orm.model.mapping.creation - Starting PostInitCallbackEntry : To-one key - NavigableRole[org.frcpm.models.TeamMember.subteam]
10:24:46.154 [main] DEBUG org.hibernate.orm.model.mapping.creation - Starting PostInitCallbackEntry : Entity(org.frcpm.models.TeamMember) `staticFetchableList` generator
10:24:46.154 [main] DEBUG org.hibernate.orm.model.mapping.creation - Starting PostInitCallbackEntry : PluralAttributeMapping( NavigableRole[org.frcpm.models.Meeting.attendances#{element}]) - element descriptor
10:24:46.154 [main] DEBUG org.hibernate.orm.model.mapping.creation - Starting PostInitCallbackEntry : PluralAttributeMapping( NavigableRole[org.frcpm.models.Subsystem.tasks#{element}]) - element descriptor
10:24:46.154 [main] DEBUG org.hibernate.orm.model.mapping.creation - Starting PostInitCallbackEntry : PluralAttributeMapping( NavigableRole[org.frcpm.models.Component.requiredForTasks#{element}]) - element descriptor
10:24:46.154 [main] DEBUG org.hibernate.orm.model.mapping.creation - Starting PostInitCallbackEntry : PluralAttributeMapping( NavigableRole[org.frcpm.models.Project.meetings#{element}]) - element descriptor
10:24:46.154 [main] DEBUG org.hibernate.orm.model.mapping.creation - Starting PostInitCallbackEntry : PluralAttributeMapping( NavigableRole[org.frcpm.models.Project.milestones#{element}]) - element descriptor
10:24:46.154 [main] DEBUG org.hibernate.orm.model.mapping.creation - Starting PostInitCallbackEntry : PluralAttributeMapping( NavigableRole[org.frcpm.models.Project.tasks#{element}]) - element descriptor
10:24:46.154 [main] DEBUG org.hibernate.orm.model.mapping.creation - Starting PostInitCallbackEntry : PluralAttributeMapping( NavigableRole[org.frcpm.models.Subteam.members#{element}]) - element descriptor
10:24:46.154 [main] DEBUG org.hibernate.orm.model.mapping.creation - Starting PostInitCallbackEntry : PluralAttributeMapping( NavigableRole[org.frcpm.models.Subteam.subsystems#{element}]) - element descriptor
10:24:46.154 [main] DEBUG org.hibernate.orm.model.mapping.creation - Starting PostInitCallbackEntry : PluralAttributeMapping( NavigableRole[org.frcpm.models.Task.postDependencies#{element}]) - element descriptor
10:24:46.154 [main] DEBUG org.hibernate.orm.model.mapping.creation - Starting PostInitCallbackEntry : PluralAttributeMapping( NavigableRole[org.frcpm.models.TeamMember.attendances#{element}]) - element descriptor
10:24:46.157 [main] DEBUG org.hibernate.orm.sql.ast.create - Created new SQL alias : a1_0
10:24:46.157 [main] DEBUG org.hibernate.orm.sql.ast.create - Registration of TableGroup [StandardTableGroup(org.frcpm.models.Attendance)] with identifierForTableGroup [org.frcpm.models.Attendance] for NavigablePath [org.frcpm.models.Attendance] 
10:24:46.157 [main] DEBUG org.hibernate.orm.sql.ast.create - Registration of TableGroup [org.hibernate.sql.ast.tree.from.LazyTableGroup@35b13899] with identifierForTableGroup [org.frcpm.models.Attendance.meeting] for NavigablePath [org.frcpm.models.Attendance.meeting] 
10:24:46.157 [main] DEBUG org.hibernate.orm.sql.ast.create - Registration of TableGroup [org.hibernate.sql.ast.tree.from.LazyTableGroup@738e6d6d] with identifierForTableGroup [org.frcpm.models.Attendance.member] for NavigablePath [org.frcpm.models.Attendance.member] 
10:24:46.157 [main] DEBUG org.hibernate.orm.results.graph.AST - DomainResult Graph:
 \-EntityResultImpl [org.frcpm.models.Attendance]
 |  +-BasicFetch [org.frcpm.models.Attendance.arrivalTime]
 |  +-BasicFetch [org.frcpm.models.Attendance.departureTime]
 |  +-EntityDelayedFetchImpl [org.frcpm.models.Attendance.meeting]
 |  +-EntityDelayedFetchImpl [org.frcpm.models.Attendance.member]
 |  \-BasicFetch [org.frcpm.models.Attendance.present]

10:24:46.157 [main] DEBUG org.hibernate.orm.sql.ast.tree - SQL AST Tree:
    SelectStatement {
      FromClause {
        StandardTableGroup (a1 : org.frcpm.models.Attendance) {
          primaryTableReference : attendances as a1_0
          TableGroupJoins {
            left  join LazyTableGroup (m1 : org.frcpm.models.Attendance.meeting) {
            }
            left  join LazyTableGroup (m2 : org.frcpm.models.Attendance.member) {
            }
          }
        }
      }
    }

10:24:46.157 [main] DEBUG org.hibernate.persister.entity.AbstractEntityPersister - Static SQL for entity: org.frcpm.models.Attendance
10:24:46.157 [main] DEBUG org.hibernate.persister.entity.AbstractEntityPersister -  Version select: select id from attendances where id=?
10:24:46.157 [main] DEBUG org.hibernate.persister.entity.AbstractEntityPersister -  Insert (0): insert into attendances (arrival_time,departure_time,meeting_id,member_id,present,id) values (?,?,?,?,?,default)
10:24:46.157 [main] DEBUG org.hibernate.persister.entity.AbstractEntityPersister -  Update (0): update attendances set arrival_time=?,departure_time=?,meeting_id=?,member_id=?,present=? where id=?
10:24:46.157 [main] DEBUG org.hibernate.persister.entity.AbstractEntityPersister -  Delete (0): delete from attendances where id=?
10:24:46.157 [main] DEBUG org.hibernate.orm.sql.ast.create - Created new SQL alias : m1_0
10:24:46.157 [main] DEBUG org.hibernate.orm.sql.ast.create - Registration of TableGroup [StandardTableGroup(org.frcpm.models.Meeting)] with identifierForTableGroup [org.frcpm.models.Meeting] for NavigablePath [org.frcpm.models.Meeting] 
10:24:46.157 [main] DEBUG org.hibernate.orm.sql.ast.create - Registration of TableGroup [org.hibernate.sql.ast.tree.from.LazyTableGroup@c2b1b70] with identifierForTableGroup [org.frcpm.models.Meeting.project] for NavigablePath [org.frcpm.models.Meeting.project] 
10:24:46.157 [main] DEBUG org.hibernate.orm.results.graph.AST - DomainResult Graph:
 \-EntityResultImpl [org.frcpm.models.Meeting]
 |  +-DelayedCollectionFetch [org.frcpm.models.Meeting.attendances]
 |  +-BasicFetch [org.frcpm.models.Meeting.date]
 |  +-BasicFetch [org.frcpm.models.Meeting.endTime]
 |  +-BasicFetch [org.frcpm.models.Meeting.notes]
 |  +-EntityDelayedFetchImpl [org.frcpm.models.Meeting.project]
 |  \-BasicFetch [org.frcpm.models.Meeting.startTime]

10:24:46.157 [main] DEBUG org.hibernate.orm.sql.ast.tree - SQL AST Tree:
    SelectStatement {
      FromClause {
        StandardTableGroup (m1 : org.frcpm.models.Meeting) {
          primaryTableReference : meetings as m1_0
          TableGroupJoins {
            left  join LazyTableGroup (p1 : org.frcpm.models.Meeting.project) {
            }
          }
        }
      }
    }

10:24:46.157 [main] DEBUG org.hibernate.persister.entity.AbstractEntityPersister - Static SQL for entity: org.frcpm.models.Meeting
10:24:46.157 [main] DEBUG org.hibernate.persister.entity.AbstractEntityPersister -  Version select: select id from meetings where id=?
10:24:46.157 [main] DEBUG org.hibernate.persister.entity.AbstractEntityPersister -  Insert (0): insert into meetings (date,end_time,notes,project_id,start_time,id) values (?,?,?,?,?,default)
10:24:46.157 [main] DEBUG org.hibernate.persister.entity.AbstractEntityPersister -  Update (0): update meetings set date=?,end_time=?,notes=?,project_id=?,start_time=? where id=?
10:24:46.157 [main] DEBUG org.hibernate.persister.entity.AbstractEntityPersister -  Delete (0): delete from meetings where id=?
10:24:46.157 [main] DEBUG org.hibernate.orm.sql.ast.create - Created new SQL alias : s1_0
10:24:46.157 [main] DEBUG org.hibernate.orm.sql.ast.create - Registration of TableGroup [StandardTableGroup(org.frcpm.models.Subsystem)] with identifierForTableGroup [org.frcpm.models.Subsystem] for NavigablePath [org.frcpm.models.Subsystem] 
10:24:46.157 [main] DEBUG org.hibernate.orm.sql.ast.create - Registration of TableGroup [org.hibernate.sql.ast.tree.from.LazyTableGroup@ffbd318] with identifierForTableGroup [org.frcpm.models.Subsystem.responsibleSubteam] for NavigablePath [org.frcpm.models.Subsystem.responsibleSubteam] 
10:24:46.157 [main] DEBUG org.hibernate.orm.results.graph.AST - DomainResult Graph:
 \-EntityResultImpl [org.frcpm.models.Subsystem]
 |  +-BasicFetch [org.frcpm.models.Subsystem.description]
 |  +-BasicFetch [org.frcpm.models.Subsystem.name]
 |  +-EntityDelayedFetchImpl [org.frcpm.models.Subsystem.responsibleSubteam]
 |  +-BasicFetch [org.frcpm.models.Subsystem.status]
 |  \-DelayedCollectionFetch [org.frcpm.models.Subsystem.tasks]

10:24:46.157 [main] DEBUG org.hibernate.orm.sql.ast.tree - SQL AST Tree:
    SelectStatement {
      FromClause {
        StandardTableGroup (s1 : org.frcpm.models.Subsystem) {
          primaryTableReference : subsystems as s1_0
          TableGroupJoins {
            left  join LazyTableGroup (rs1 : org.frcpm.models.Subsystem.responsibleSubteam) {
            }
          }
        }
      }
    }

10:24:46.157 [main] DEBUG org.hibernate.persister.entity.AbstractEntityPersister - Static SQL for entity: org.frcpm.models.Subsystem
10:24:46.157 [main] DEBUG org.hibernate.persister.entity.AbstractEntityPersister -  Version select: select id from subsystems where id=?
10:24:46.157 [main] DEBUG org.hibernate.persister.entity.AbstractEntityPersister -  Insert (0): insert into subsystems (description,name,responsible_subteam_id,status,id) values (?,?,?,?,default)
10:24:46.157 [main] DEBUG org.hibernate.persister.entity.AbstractEntityPersister -  Update (0): update subsystems set description=?,name=?,responsible_subteam_id=?,status=? where id=?
10:24:46.157 [main] DEBUG org.hibernate.persister.entity.AbstractEntityPersister -  Delete (0): delete from subsystems where id=?
10:24:46.157 [main] DEBUG org.hibernate.orm.sql.ast.create - Created new SQL alias : c1_0
10:24:46.157 [main] DEBUG org.hibernate.orm.sql.ast.create - Registration of TableGroup [StandardTableGroup(org.frcpm.models.Component)] with identifierForTableGroup [org.frcpm.models.Component] for NavigablePath [org.frcpm.models.Component] 
10:24:46.157 [main] DEBUG org.hibernate.orm.results.graph.AST - DomainResult Graph:
 \-EntityResultImpl [org.frcpm.models.Component]
 |  +-BasicFetch [org.frcpm.models.Component.actualDelivery]
 |  +-BasicFetch [org.frcpm.models.Component.delivered]
 |  +-BasicFetch [org.frcpm.models.Component.description]
 |  +-BasicFetch [org.frcpm.models.Component.expectedDelivery]
 |  +-BasicFetch [org.frcpm.models.Component.name]
 |  +-BasicFetch [org.frcpm.models.Component.partNumber]
 |  \-DelayedCollectionFetch [org.frcpm.models.Component.requiredForTasks]

10:24:46.157 [main] DEBUG org.hibernate.orm.sql.ast.tree - SQL AST Tree:
    SelectStatement {
      FromClause {
        StandardTableGroup (c1 : org.frcpm.models.Component) {
          primaryTableReference : components as c1_0
        }
      }
    }

10:24:46.157 [main] DEBUG org.hibernate.persister.entity.AbstractEntityPersister - Static SQL for entity: org.frcpm.models.Component
10:24:46.157 [main] DEBUG org.hibernate.persister.entity.AbstractEntityPersister -  Version select: select id from components where id=?
10:24:46.157 [main] DEBUG org.hibernate.persister.entity.AbstractEntityPersister -  Insert (0): insert into components (actual_delivery,is_delivered,description,expected_delivery,name,part_number,id) values (?,?,?,?,?,?,default)
10:24:46.157 [main] DEBUG org.hibernate.persister.entity.AbstractEntityPersister -  Update (0): update components set actual_delivery=?,is_delivered=?,description=?,expected_delivery=?,name=?,part_number=? where id=?
10:24:46.157 [main] DEBUG org.hibernate.persister.entity.AbstractEntityPersister -  Delete (0): delete from components where id=?
10:24:46.157 [main] DEBUG org.hibernate.orm.sql.ast.create - Created new SQL alias : m1_0
10:24:46.157 [main] DEBUG org.hibernate.orm.sql.ast.create - Registration of TableGroup [StandardTableGroup(org.frcpm.models.Milestone)] with identifierForTableGroup [org.frcpm.models.Milestone] for NavigablePath [org.frcpm.models.Milestone] 
10:24:46.157 [main] DEBUG org.hibernate.orm.sql.ast.create - Registration of TableGroup [org.hibernate.sql.ast.tree.from.LazyTableGroup@507815f9] with identifierForTableGroup [org.frcpm.models.Milestone.project] for NavigablePath [org.frcpm.models.Milestone.project] 
10:24:46.157 [main] DEBUG org.hibernate.orm.results.graph.AST - DomainResult Graph:
 \-EntityResultImpl [org.frcpm.models.Milestone]
 |  +-BasicFetch [org.frcpm.models.Milestone.date]
 |  +-BasicFetch [org.frcpm.models.Milestone.description]
 |  +-BasicFetch [org.frcpm.models.Milestone.name]
 |  \-EntityDelayedFetchImpl [org.frcpm.models.Milestone.project]

10:24:46.157 [main] DEBUG org.hibernate.orm.sql.ast.tree - SQL AST Tree:
    SelectStatement {
      FromClause {
        StandardTableGroup (m1 : org.frcpm.models.Milestone) {
          primaryTableReference : milestones as m1_0
          TableGroupJoins {
            left  join LazyTableGroup (p1 : org.frcpm.models.Milestone.project) {
            }
          }
        }
      }
    }

10:24:46.157 [main] DEBUG org.hibernate.persister.entity.AbstractEntityPersister - Static SQL for entity: org.frcpm.models.Milestone
10:24:46.157 [main] DEBUG org.hibernate.persister.entity.AbstractEntityPersister -  Version select: select id from milestones where id=?
10:24:46.157 [main] DEBUG org.hibernate.persister.entity.AbstractEntityPersister -  Insert (0): insert into milestones (date,description,name,project_id,id) values (?,?,?,?,default)
10:24:46.157 [main] DEBUG org.hibernate.persister.entity.AbstractEntityPersister -  Update (0): update milestones set date=?,description=?,name=?,project_id=? where id=?
10:24:46.157 [main] DEBUG org.hibernate.persister.entity.AbstractEntityPersister -  Delete (0): delete from milestones where id=?
10:24:46.157 [main] DEBUG org.hibernate.orm.sql.ast.create - Created new SQL alias : p1_0
10:24:46.157 [main] DEBUG org.hibernate.orm.sql.ast.create - Registration of TableGroup [StandardTableGroup(org.frcpm.models.Project)] with identifierForTableGroup [org.frcpm.models.Project] for NavigablePath [org.frcpm.models.Project] 
10:24:46.157 [main] DEBUG org.hibernate.orm.results.graph.AST - DomainResult Graph:
 \-EntityResultImpl [org.frcpm.models.Project]
 |  +-BasicFetch [org.frcpm.models.Project.description]
 |  +-BasicFetch [org.frcpm.models.Project.goalEndDate]
 |  +-BasicFetch [org.frcpm.models.Project.hardDeadline]
 |  +-DelayedCollectionFetch [org.frcpm.models.Project.meetings]
 |  +-DelayedCollectionFetch [org.frcpm.models.Project.milestones]
 |  +-BasicFetch [org.frcpm.models.Project.name]
 |  +-BasicFetch [org.frcpm.models.Project.startDate]
 |  \-DelayedCollectionFetch [org.frcpm.models.Project.tasks]

10:24:46.157 [main] DEBUG org.hibernate.orm.sql.ast.tree - SQL AST Tree:
    SelectStatement {
      FromClause {
        StandardTableGroup (p1 : org.frcpm.models.Project) {
          primaryTableReference : projects as p1_0
        }
      }
    }

10:24:46.157 [main] DEBUG org.hibernate.persister.entity.AbstractEntityPersister - Static SQL for entity: org.frcpm.models.Project
10:24:46.157 [main] DEBUG org.hibernate.persister.entity.AbstractEntityPersister -  Version select: select id from projects where id=?
10:24:46.157 [main] DEBUG org.hibernate.persister.entity.AbstractEntityPersister -  Insert (0): insert into projects (description,goal_end_date,hard_deadline,name,start_date,id) values (?,?,?,?,?,default)
10:24:46.157 [main] DEBUG org.hibernate.persister.entity.AbstractEntityPersister -  Update (0): update projects set description=?,goal_end_date=?,hard_deadline=?,name=?,start_date=? where id=?
10:24:46.157 [main] DEBUG org.hibernate.persister.entity.AbstractEntityPersister -  Delete (0): delete from projects where id=?
10:24:46.157 [main] DEBUG org.hibernate.orm.sql.ast.create - Created new SQL alias : s1_0
10:24:46.157 [main] DEBUG org.hibernate.orm.sql.ast.create - Registration of TableGroup [StandardTableGroup(org.frcpm.models.Subteam)] with identifierForTableGroup [org.frcpm.models.Subteam] for NavigablePath [org.frcpm.models.Subteam] 
10:24:46.157 [main] DEBUG org.hibernate.orm.results.graph.AST - DomainResult Graph:
 \-EntityResultImpl [org.frcpm.models.Subteam]
 |  +-BasicFetch [org.frcpm.models.Subteam.colorCode]
 |  +-DelayedCollectionFetch [org.frcpm.models.Subteam.members]
 |  +-BasicFetch [org.frcpm.models.Subteam.name]
 |  +-BasicFetch [org.frcpm.models.Subteam.specialties]
 |  \-DelayedCollectionFetch [org.frcpm.models.Subteam.subsystems]

10:24:46.157 [main] DEBUG org.hibernate.orm.sql.ast.tree - SQL AST Tree:
    SelectStatement {
      FromClause {
        StandardTableGroup (s1 : org.frcpm.models.Subteam) {
          primaryTableReference : subteams as s1_0
        }
      }
    }

10:24:46.157 [main] DEBUG org.hibernate.persister.entity.AbstractEntityPersister - Static SQL for entity: org.frcpm.models.Subteam
10:24:46.157 [main] DEBUG org.hibernate.persister.entity.AbstractEntityPersister -  Version select: select id from subteams where id=?
10:24:46.157 [main] DEBUG org.hibernate.persister.entity.AbstractEntityPersister -  Insert (0): insert into subteams (color_code,name,specialties,id) values (?,?,?,default)
10:24:46.157 [main] DEBUG org.hibernate.persister.entity.AbstractEntityPersister -  Update (0): update subteams set color_code=?,name=?,specialties=? where id=?
10:24:46.157 [main] DEBUG org.hibernate.persister.entity.AbstractEntityPersister -  Delete (0): delete from subteams where id=?
10:24:46.157 [main] DEBUG org.hibernate.orm.sql.ast.create - Created new SQL alias : t1_0
10:24:46.157 [main] DEBUG org.hibernate.orm.sql.ast.create - Registration of TableGroup [StandardTableGroup(org.frcpm.models.Task)] with identifierForTableGroup [org.frcpm.models.Task] for NavigablePath [org.frcpm.models.Task] 
10:24:46.157 [main] DEBUG org.hibernate.orm.sql.ast.create - Registration of TableGroup [org.hibernate.sql.ast.tree.from.LazyTableGroup@1ab00f29] with identifierForTableGroup [org.frcpm.models.Task.project] for NavigablePath [org.frcpm.models.Task.project] 
10:24:46.157 [main] DEBUG org.hibernate.orm.sql.ast.create - Registration of TableGroup [org.hibernate.sql.ast.tree.from.LazyTableGroup@327b448c] with identifierForTableGroup [org.frcpm.models.Task.subsystem] for NavigablePath [org.frcpm.models.Task.subsystem] 
10:24:46.157 [main] DEBUG org.hibernate.orm.results.graph.AST - DomainResult Graph:
 \-EntityResultImpl [org.frcpm.models.Task]
 |  +-BasicFetch [org.frcpm.models.Task.actualDurationSeconds]
 |  +-DelayedCollectionFetch [org.frcpm.models.Task.assignedTo]
 |  +-BasicFetch [org.frcpm.models.Task.completed]
 |  +-BasicFetch [org.frcpm.models.Task.description]
 |  +-BasicFetch [org.frcpm.models.Task.endDate]
 |  +-BasicFetch [org.frcpm.models.Task.estimatedDurationSeconds]
 |  +-DelayedCollectionFetch [org.frcpm.models.Task.postDependencies]
 |  +-DelayedCollectionFetch [org.frcpm.models.Task.preDependencies]
 |  +-BasicFetch [org.frcpm.models.Task.priority]
 |  +-BasicFetch [org.frcpm.models.Task.progress]
 |  +-EntityDelayedFetchImpl [org.frcpm.models.Task.project]
 |  +-DelayedCollectionFetch [org.frcpm.models.Task.requiredComponents]
 |  +-BasicFetch [org.frcpm.models.Task.startDate]
 |  +-EntityDelayedFetchImpl [org.frcpm.models.Task.subsystem]
 |  \-BasicFetch [org.frcpm.models.Task.title]

10:24:46.157 [main] DEBUG org.hibernate.orm.sql.ast.tree - SQL AST Tree:
    SelectStatement {
      FromClause {
        StandardTableGroup (t1 : org.frcpm.models.Task) {
          primaryTableReference : tasks as t1_0
          TableGroupJoins {
            left  join LazyTableGroup (p1 : org.frcpm.models.Task.project) {
            }
            left  join LazyTableGroup (s1 : org.frcpm.models.Task.subsystem) {
            }
          }
        }
      }
    }

10:24:46.157 [main] DEBUG org.hibernate.persister.entity.AbstractEntityPersister - Static SQL for entity: org.frcpm.models.Task
10:24:46.157 [main] DEBUG org.hibernate.persister.entity.AbstractEntityPersister -  Version select: select id from tasks where id=?
10:24:46.157 [main] DEBUG org.hibernate.persister.entity.AbstractEntityPersister -  Insert (0): insert into tasks (actual_duration_seconds,completed,description,end_date,estimated_duration_seconds,priority,progress,project_id,start_date,subsystem_id,title,id) values (?,?,?,?,?,?,?,?,?,?,?,default)
10:24:46.157 [main] DEBUG org.hibernate.persister.entity.AbstractEntityPersister -  Update (0): update tasks set actual_duration_seconds=?,completed=?,description=?,end_date=?,estimated_duration_seconds=?,priority=?,progress=?,project_id=?,start_date=?,subsystem_id=?,title=? where id=?
10:24:46.157 [main] DEBUG org.hibernate.persister.entity.AbstractEntityPersister -  Delete (0): delete from tasks where id=?
10:24:46.157 [main] DEBUG org.hibernate.orm.sql.ast.create - Created new SQL alias : tm1_0
10:24:46.157 [main] DEBUG org.hibernate.orm.sql.ast.create - Registration of TableGroup [StandardTableGroup(org.frcpm.models.TeamMember)] with identifierForTableGroup [org.frcpm.models.TeamMember] for NavigablePath [org.frcpm.models.TeamMember] 
10:24:46.157 [main] DEBUG org.hibernate.orm.sql.ast.create - Registration of TableGroup [org.hibernate.sql.ast.tree.from.LazyTableGroup@15d92deb] with identifierForTableGroup [org.frcpm.models.TeamMember.subteam] for NavigablePath [org.frcpm.models.TeamMember.subteam] 
10:24:46.157 [main] DEBUG org.hibernate.orm.results.graph.AST - DomainResult Graph:
 \-EntityResultImpl [org.frcpm.models.TeamMember]
 |  +-DelayedCollectionFetch [org.frcpm.models.TeamMember.assignedTasks]
 |  +-DelayedCollectionFetch [org.frcpm.models.TeamMember.attendances]
 |  +-BasicFetch [org.frcpm.models.TeamMember.email]
 |  +-BasicFetch [org.frcpm.models.TeamMember.firstName]
 |  +-BasicFetch [org.frcpm.models.TeamMember.lastName]
 |  +-BasicFetch [org.frcpm.models.TeamMember.leader]
 |  +-BasicFetch [org.frcpm.models.TeamMember.phone]
 |  +-BasicFetch [org.frcpm.models.TeamMember.skills]
 |  +-EntityDelayedFetchImpl [org.frcpm.models.TeamMember.subteam]
 |  \-BasicFetch [org.frcpm.models.TeamMember.username]

10:24:46.157 [main] DEBUG org.hibernate.orm.sql.ast.tree - SQL AST Tree:
    SelectStatement {
      FromClause {
        StandardTableGroup (tm1 : org.frcpm.models.TeamMember) {
          primaryTableReference : team_members as tm1_0
          TableGroupJoins {
            left  join LazyTableGroup (s1 : org.frcpm.models.TeamMember.subteam) {
            }
          }
        }
      }
    }

10:24:46.157 [main] DEBUG org.hibernate.persister.entity.AbstractEntityPersister - Static SQL for entity: org.frcpm.models.TeamMember
10:24:46.157 [main] DEBUG org.hibernate.persister.entity.AbstractEntityPersister -  Version select: select id from team_members where id=?
10:24:46.157 [main] DEBUG org.hibernate.persister.entity.AbstractEntityPersister -  Insert (0): insert into team_members (email,first_name,last_name,is_leader,phone,skills,subteam_id,username,id) values (?,?,?,?,?,?,?,?,default)
10:24:46.157 [main] DEBUG org.hibernate.persister.entity.AbstractEntityPersister -  Update (0): update team_members set email=?,first_name=?,last_name=?,is_leader=?,phone=?,skills=?,subteam_id=?,username=? where id=?
10:24:46.157 [main] DEBUG org.hibernate.persister.entity.AbstractEntityPersister -  Delete (0): delete from team_members where id=?
10:24:46.157 [main] DEBUG org.hibernate.orm.sql.ast.create - Created new SQL alias : at1_0
10:24:46.158 [main] DEBUG org.hibernate.orm.sql.ast.create - Registration of TableGroup [CollectionTableGroup(org.frcpm.models.Task.assignedTo)] with identifierForTableGroup [org.frcpm.models.Task.assignedTo] for NavigablePath [org.frcpm.models.Task.assignedTo] 
10:24:46.158 [main] DEBUG org.hibernate.orm.sql.ast.create - Registration of TableGroup [org.hibernate.sql.ast.tree.from.LazyTableGroup@748bfcec] with identifierForTableGroup [org.frcpm.models.Task.assignedTo.{element}] for NavigablePath [org.frcpm.models.Task.assignedTo.{element}] 
10:24:46.158 [main] DEBUG org.hibernate.orm.sql.ast.create - Created new SQL alias : at1_1
10:24:46.158 [main] DEBUG org.hibernate.orm.sql.ast.create - Registration of TableGroup [org.hibernate.sql.ast.tree.from.LazyTableGroup@2ec8e98b] with identifierForTableGroup [org.frcpm.models.Task.assignedTo.{element}.subteam] for NavigablePath [org.frcpm.models.Task.assignedTo.{element}.subteam] 
10:24:46.158 [main] DEBUG org.hibernate.orm.results.graph.AST - DomainResult Graph:
 \-CollectionDomainResult [org.frcpm.models.Task.assignedTo]

10:24:46.158 [main] DEBUG org.hibernate.orm.sql.ast.tree - SQL AST Tree:
    SelectStatement {
      FromClause {
        CollectionTableGroup (at1 : org.frcpm.models.Task.assignedTo) {
          primaryTableReference : task_assignments as at1_0
          TableGroupJoins {
             join LazyTableGroup (at1 : org.frcpm.models.Task.assignedTo.{element}) {
              primaryTableReference : team_members as at1_1
              TableGroupJoins {
                left  join LazyTableGroup (s1 : org.frcpm.models.Task.assignedTo.{element}.subteam) {
                }
              }
            }
          }
        }
      }
    }

10:24:46.158 [main] DEBUG org.hibernate.orm.jdbc.mutation - Static SQL for collection: org.frcpm.models.Task.assignedTo
10:24:46.158 [main] DEBUG org.hibernate.orm.jdbc.mutation -  Row insert: insert into task_assignments (task_id,team_member_id) values (?,?)
10:24:46.158 [main] DEBUG org.hibernate.orm.jdbc.mutation -  Row delete: delete from task_assignments where task_id=? and team_member_id=?
10:24:46.158 [main] DEBUG org.hibernate.orm.jdbc.mutation -  One-shot delete: delete from task_assignments where task_id=?
10:24:46.158 [main] DEBUG org.hibernate.orm.sql.ast.create - Created new SQL alias : t1_0
10:24:46.158 [main] DEBUG org.hibernate.orm.sql.ast.create - Registration of TableGroup [org.hibernate.sql.ast.tree.from.OneToManyTableGroup@3f8f939c] with identifierForTableGroup [org.frcpm.models.Subsystem.tasks] for NavigablePath [org.frcpm.models.Subsystem.tasks] 
10:24:46.158 [main] DEBUG org.hibernate.orm.sql.ast.create - Registration of TableGroup [StandardTableGroup(org.frcpm.models.Subsystem.tasks.{element})] with identifierForTableGroup [org.frcpm.models.Subsystem.tasks.{element}] for NavigablePath [org.frcpm.models.Subsystem.tasks.{element}] 
10:24:46.158 [main] DEBUG org.hibernate.orm.sql.ast.create - Registration of TableGroup [org.hibernate.sql.ast.tree.from.LazyTableGroup@20410ac7] with identifierForTableGroup [org.frcpm.models.Subsystem.tasks.{element}.project] for NavigablePath [org.frcpm.models.Subsystem.tasks.{element}.project] 
10:24:46.158 [main] DEBUG org.hibernate.orm.sql.ast.create - Registration of TableGroup [org.hibernate.sql.ast.tree.from.LazyTableGroup@20350e02] with identifierForTableGroup [org.frcpm.models.Subsystem.tasks.{element}.subsystem] for NavigablePath [org.frcpm.models.Subsystem.tasks.{element}.subsystem] 
10:24:46.158 [main] DEBUG org.hibernate.orm.results.graph.AST - DomainResult Graph:
 \-CollectionDomainResult [org.frcpm.models.Subsystem.tasks]

10:24:46.158 [main] DEBUG org.hibernate.orm.sql.ast.tree - SQL AST Tree:
    SelectStatement {
      FromClause {
        OneToManyTableGroup (t1 : org.frcpm.models.Subsystem.tasks) {
          primaryTableReference : tasks as t1_0
          TableGroupJoins {
            left  join LazyTableGroup (p1 : org.frcpm.models.Subsystem.tasks.{element}.project) {
            }
            left  join LazyTableGroup (s1 : org.frcpm.models.Subsystem.tasks.{element}.subsystem) {
            }
          }
        }
      }
    }

10:24:46.158 [main] DEBUG org.hibernate.orm.jdbc.mutation - Static SQL for collection: org.frcpm.models.Subsystem.tasks
10:24:46.158 [main] DEBUG org.hibernate.orm.sql.ast.create - Created new SQL alias : m1_0
10:24:46.158 [main] DEBUG org.hibernate.orm.sql.ast.create - Registration of TableGroup [org.hibernate.sql.ast.tree.from.OneToManyTableGroup@4bda4372] with identifierForTableGroup [org.frcpm.models.Subteam.members] for NavigablePath [org.frcpm.models.Subteam.members] 
10:24:46.158 [main] DEBUG org.hibernate.orm.sql.ast.create - Registration of TableGroup [StandardTableGroup(org.frcpm.models.Subteam.members.{element})] with identifierForTableGroup [org.frcpm.models.Subteam.members.{element}] for NavigablePath [org.frcpm.models.Subteam.members.{element}] 
10:24:46.158 [main] DEBUG org.hibernate.orm.sql.ast.create - Registration of TableGroup [org.hibernate.sql.ast.tree.from.LazyTableGroup@1371b081] with identifierForTableGroup [org.frcpm.models.Subteam.members.{element}.subteam] for NavigablePath [org.frcpm.models.Subteam.members.{element}.subteam] 
10:24:46.158 [main] DEBUG org.hibernate.orm.results.graph.AST - DomainResult Graph:
 \-CollectionDomainResult [org.frcpm.models.Subteam.members]

10:24:46.158 [main] DEBUG org.hibernate.orm.sql.ast.tree - SQL AST Tree:
    SelectStatement {
      FromClause {
        OneToManyTableGroup (m1 : org.frcpm.models.Subteam.members) {
          primaryTableReference : team_members as m1_0
          TableGroupJoins {
            left  join LazyTableGroup (s1 : org.frcpm.models.Subteam.members.{element}.subteam) {
            }
          }
        }
      }
    }

10:24:46.158 [main] DEBUG org.hibernate.orm.jdbc.mutation - Static SQL for collection: org.frcpm.models.Subteam.members
10:24:46.158 [main] DEBUG org.hibernate.orm.sql.ast.create - Created new SQL alias : a1_0
10:24:46.158 [main] DEBUG org.hibernate.orm.sql.ast.create - Registration of TableGroup [org.hibernate.sql.ast.tree.from.OneToManyTableGroup@53c6fa5d] with identifierForTableGroup [org.frcpm.models.TeamMember.attendances] for NavigablePath [org.frcpm.models.TeamMember.attendances] 
10:24:46.158 [main] DEBUG org.hibernate.orm.sql.ast.create - Registration of TableGroup [StandardTableGroup(org.frcpm.models.TeamMember.attendances.{element})] with identifierForTableGroup [org.frcpm.models.TeamMember.attendances.{element}] for NavigablePath [org.frcpm.models.TeamMember.attendances.{element}] 
10:24:46.158 [main] DEBUG org.hibernate.orm.sql.ast.create - Registration of TableGroup [org.hibernate.sql.ast.tree.from.LazyTableGroup@4a1ee284] with identifierForTableGroup [org.frcpm.models.TeamMember.attendances.{element}.meeting] for NavigablePath [org.frcpm.models.TeamMember.attendances.{element}.meeting] 
10:24:46.158 [main] DEBUG org.hibernate.orm.sql.ast.create - Registration of TableGroup [org.hibernate.sql.ast.tree.from.LazyTableGroup@287abef2] with identifierForTableGroup [org.frcpm.models.TeamMember.attendances.{element}.member] for NavigablePath [org.frcpm.models.TeamMember.attendances.{element}.member] 
10:24:46.158 [main] DEBUG org.hibernate.orm.results.graph.AST - DomainResult Graph:
 \-CollectionDomainResult [org.frcpm.models.TeamMember.attendances]

10:24:46.158 [main] DEBUG org.hibernate.orm.sql.ast.tree - SQL AST Tree:
    SelectStatement {
      FromClause {
        OneToManyTableGroup (a1 : org.frcpm.models.TeamMember.attendances) {
          primaryTableReference : attendances as a1_0
          TableGroupJoins {
            left  join LazyTableGroup (m1 : org.frcpm.models.TeamMember.attendances.{element}.meeting) {
            }
            left  join LazyTableGroup (m2 : org.frcpm.models.TeamMember.attendances.{element}.member) {
            }
          }
        }
      }
    }

10:24:46.158 [main] DEBUG org.hibernate.orm.jdbc.mutation - Static SQL for collection: org.frcpm.models.TeamMember.attendances
10:24:46.158 [main] DEBUG org.hibernate.orm.sql.ast.create - Created new SQL alias : rc1_0
10:24:46.158 [main] DEBUG org.hibernate.orm.sql.ast.create - Registration of TableGroup [CollectionTableGroup(org.frcpm.models.Task.requiredComponents)] with identifierForTableGroup [org.frcpm.models.Task.requiredComponents] for NavigablePath [org.frcpm.models.Task.requiredComponents] 
10:24:46.158 [main] DEBUG org.hibernate.orm.sql.ast.create - Registration of TableGroup [org.hibernate.sql.ast.tree.from.LazyTableGroup@71bd7c75] with identifierForTableGroup [org.frcpm.models.Task.requiredComponents.{element}] for NavigablePath [org.frcpm.models.Task.requiredComponents.{element}] 
10:24:46.158 [main] DEBUG org.hibernate.orm.sql.ast.create - Created new SQL alias : rc1_1
10:24:46.158 [main] DEBUG org.hibernate.orm.results.graph.AST - DomainResult Graph:
 \-CollectionDomainResult [org.frcpm.models.Task.requiredComponents]

10:24:46.158 [main] DEBUG org.hibernate.orm.sql.ast.tree - SQL AST Tree:
    SelectStatement {
      FromClause {
        CollectionTableGroup (rc1 : org.frcpm.models.Task.requiredComponents) {
          primaryTableReference : task_components as rc1_0
          TableGroupJoins {
             join LazyTableGroup (rc1 : org.frcpm.models.Task.requiredComponents.{element}) {
              primaryTableReference : components as rc1_1
            }
          }
        }
      }
    }

10:24:46.158 [main] DEBUG org.hibernate.orm.jdbc.mutation - Static SQL for collection: org.frcpm.models.Task.requiredComponents
10:24:46.158 [main] DEBUG org.hibernate.orm.jdbc.mutation -  Row insert: insert into task_components (task_id,component_id) values (?,?)
10:24:46.158 [main] DEBUG org.hibernate.orm.jdbc.mutation -  Row delete: delete from task_components where task_id=? and component_id=?
10:24:46.158 [main] DEBUG org.hibernate.orm.jdbc.mutation -  One-shot delete: delete from task_components where task_id=?
10:24:46.158 [main] DEBUG org.hibernate.orm.sql.ast.create - Created new SQL alias : s1_0
10:24:46.158 [main] DEBUG org.hibernate.orm.sql.ast.create - Registration of TableGroup [org.hibernate.sql.ast.tree.from.OneToManyTableGroup@22f6153d] with identifierForTableGroup [org.frcpm.models.Subteam.subsystems] for NavigablePath [org.frcpm.models.Subteam.subsystems] 
10:24:46.158 [main] DEBUG org.hibernate.orm.sql.ast.create - Registration of TableGroup [StandardTableGroup(org.frcpm.models.Subteam.subsystems.{element})] with identifierForTableGroup [org.frcpm.models.Subteam.subsystems.{element}] for NavigablePath [org.frcpm.models.Subteam.subsystems.{element}] 
10:24:46.158 [main] DEBUG org.hibernate.orm.sql.ast.create - Registration of TableGroup [org.hibernate.sql.ast.tree.from.LazyTableGroup@3091cb7b] with identifierForTableGroup [org.frcpm.models.Subteam.subsystems.{element}.responsibleSubteam] for NavigablePath [org.frcpm.models.Subteam.subsystems.{element}.responsibleSubteam] 
10:24:46.158 [main] DEBUG org.hibernate.orm.results.graph.AST - DomainResult Graph:
 \-CollectionDomainResult [org.frcpm.models.Subteam.subsystems]

10:24:46.158 [main] DEBUG org.hibernate.orm.sql.ast.tree - SQL AST Tree:
    SelectStatement {
      FromClause {
        OneToManyTableGroup (s1 : org.frcpm.models.Subteam.subsystems) {
          primaryTableReference : subsystems as s1_0
          TableGroupJoins {
            left  join LazyTableGroup (rs1 : org.frcpm.models.Subteam.subsystems.{element}.responsibleSubteam) {
            }
          }
        }
      }
    }

10:24:46.158 [main] DEBUG org.hibernate.orm.jdbc.mutation - Static SQL for collection: org.frcpm.models.Subteam.subsystems
10:24:46.158 [main] DEBUG org.hibernate.orm.sql.ast.create - Created new SQL alias : pd1_0
10:24:46.158 [main] DEBUG org.hibernate.orm.sql.ast.create - Registration of TableGroup [CollectionTableGroup(org.frcpm.models.Task.preDependencies)] with identifierForTableGroup [org.frcpm.models.Task.preDependencies] for NavigablePath [org.frcpm.models.Task.preDependencies] 
10:24:46.158 [main] DEBUG org.hibernate.orm.sql.ast.create - Registration of TableGroup [org.hibernate.sql.ast.tree.from.LazyTableGroup@72106956] with identifierForTableGroup [org.frcpm.models.Task.preDependencies.{element}] for NavigablePath [org.frcpm.models.Task.preDependencies.{element}] 
10:24:46.158 [main] DEBUG org.hibernate.orm.sql.ast.create - Created new SQL alias : pd1_1
10:24:46.158 [main] DEBUG org.hibernate.orm.sql.ast.create - Registration of TableGroup [org.hibernate.sql.ast.tree.from.LazyTableGroup@60ddc5d4] with identifierForTableGroup [org.frcpm.models.Task.preDependencies.{element}.project] for NavigablePath [org.frcpm.models.Task.preDependencies.{element}.project] 
10:24:46.158 [main] DEBUG org.hibernate.orm.sql.ast.create - Registration of TableGroup [org.hibernate.sql.ast.tree.from.LazyTableGroup@68469eeb] with identifierForTableGroup [org.frcpm.models.Task.preDependencies.{element}.subsystem] for NavigablePath [org.frcpm.models.Task.preDependencies.{element}.subsystem] 
10:24:46.158 [main] DEBUG org.hibernate.orm.results.graph.AST - DomainResult Graph:
 \-CollectionDomainResult [org.frcpm.models.Task.preDependencies]

10:24:46.158 [main] DEBUG org.hibernate.orm.sql.ast.tree - SQL AST Tree:
    SelectStatement {
      FromClause {
        CollectionTableGroup (pd1 : org.frcpm.models.Task.preDependencies) {
          primaryTableReference : task_dependencies as pd1_0
          TableGroupJoins {
             join LazyTableGroup (pd1 : org.frcpm.models.Task.preDependencies.{element}) {
              primaryTableReference : tasks as pd1_1
              TableGroupJoins {
                left  join LazyTableGroup (p1 : org.frcpm.models.Task.preDependencies.{element}.project) {
                }
                left  join LazyTableGroup (s1 : org.frcpm.models.Task.preDependencies.{element}.subsystem) {
                }
              }
            }
          }
        }
      }
    }

10:24:46.159 [main] DEBUG org.hibernate.orm.jdbc.mutation - Static SQL for collection: org.frcpm.models.Task.preDependencies
10:24:46.159 [main] DEBUG org.hibernate.orm.jdbc.mutation -  Row insert: insert into task_dependencies (task_id,dependency_id) values (?,?)
10:24:46.159 [main] DEBUG org.hibernate.orm.jdbc.mutation -  Row delete: delete from task_dependencies where task_id=? and dependency_id=?
10:24:46.159 [main] DEBUG org.hibernate.orm.jdbc.mutation -  One-shot delete: delete from task_dependencies where task_id=?
10:24:46.159 [main] DEBUG org.hibernate.orm.sql.ast.create - Created new SQL alias : m1_0
10:24:46.159 [main] DEBUG org.hibernate.orm.sql.ast.create - Registration of TableGroup [org.hibernate.sql.ast.tree.from.OneToManyTableGroup@6a1784d7] with identifierForTableGroup [org.frcpm.models.Project.milestones] for NavigablePath [org.frcpm.models.Project.milestones] 
10:24:46.159 [main] DEBUG org.hibernate.orm.sql.ast.create - Registration of TableGroup [StandardTableGroup(org.frcpm.models.Project.milestones.{element})] with identifierForTableGroup [org.frcpm.models.Project.milestones.{element}] for NavigablePath [org.frcpm.models.Project.milestones.{element}] 
10:24:46.159 [main] DEBUG org.hibernate.orm.sql.ast.create - Registration of TableGroup [org.hibernate.sql.ast.tree.from.LazyTableGroup@896a6dc] with identifierForTableGroup [org.frcpm.models.Project.milestones.{element}.project] for NavigablePath [org.frcpm.models.Project.milestones.{element}.project] 
10:24:46.159 [main] DEBUG org.hibernate.orm.results.graph.AST - DomainResult Graph:
 \-CollectionDomainResult [org.frcpm.models.Project.milestones]

10:24:46.159 [main] DEBUG org.hibernate.orm.sql.ast.tree - SQL AST Tree:
    SelectStatement {
      FromClause {
        OneToManyTableGroup (m1 : org.frcpm.models.Project.milestones) {
          primaryTableReference : milestones as m1_0
          TableGroupJoins {
            left  join LazyTableGroup (p1 : org.frcpm.models.Project.milestones.{element}.project) {
            }
          }
        }
      }
    }

10:24:46.159 [main] DEBUG org.hibernate.orm.jdbc.mutation - Static SQL for collection: org.frcpm.models.Project.milestones
10:24:46.159 [main] DEBUG org.hibernate.orm.sql.ast.create - Created new SQL alias : rft1_0
10:24:46.159 [main] DEBUG org.hibernate.orm.sql.ast.create - Registration of TableGroup [CollectionTableGroup(org.frcpm.models.Component.requiredForTasks)] with identifierForTableGroup [org.frcpm.models.Component.requiredForTasks] for NavigablePath [org.frcpm.models.Component.requiredForTasks] 
10:24:46.159 [main] DEBUG org.hibernate.orm.sql.ast.create - Registration of TableGroup [org.hibernate.sql.ast.tree.from.LazyTableGroup@7a37370a] with identifierForTableGroup [org.frcpm.models.Component.requiredForTasks.{element}] for NavigablePath [org.frcpm.models.Component.requiredForTasks.{element}] 
10:24:46.159 [main] DEBUG org.hibernate.orm.sql.ast.create - Created new SQL alias : rft1_1
10:24:46.159 [main] DEBUG org.hibernate.orm.sql.ast.create - Registration of TableGroup [org.hibernate.sql.ast.tree.from.LazyTableGroup@2cd025a7] with identifierForTableGroup [org.frcpm.models.Component.requiredForTasks.{element}.project] for NavigablePath [org.frcpm.models.Component.requiredForTasks.{element}.project] 
10:24:46.159 [main] DEBUG org.hibernate.orm.sql.ast.create - Registration of TableGroup [org.hibernate.sql.ast.tree.from.LazyTableGroup@36baab27] with identifierForTableGroup [org.frcpm.models.Component.requiredForTasks.{element}.subsystem] for NavigablePath [org.frcpm.models.Component.requiredForTasks.{element}.subsystem] 
10:24:46.159 [main] DEBUG org.hibernate.orm.results.graph.AST - DomainResult Graph:
 \-CollectionDomainResult [org.frcpm.models.Component.requiredForTasks]

10:24:46.159 [main] DEBUG org.hibernate.orm.sql.ast.tree - SQL AST Tree:
    SelectStatement {
      FromClause {
        CollectionTableGroup (rft1 : org.frcpm.models.Component.requiredForTasks) {
          primaryTableReference : task_components as rft1_0
          TableGroupJoins {
             join LazyTableGroup (rft1 : org.frcpm.models.Component.requiredForTasks.{element}) {
              primaryTableReference : tasks as rft1_1
              TableGroupJoins {
                left  join LazyTableGroup (p1 : org.frcpm.models.Component.requiredForTasks.{element}.project) {
                }
                left  join LazyTableGroup (s1 : org.frcpm.models.Component.requiredForTasks.{element}.subsystem) {
                }
              }
            }
          }
        }
      }
    }

10:24:46.159 [main] DEBUG org.hibernate.orm.jdbc.mutation - Static SQL for collection: org.frcpm.models.Component.requiredForTasks
10:24:46.159 [main] DEBUG org.hibernate.orm.sql.ast.create - Created new SQL alias : m1_0
10:24:46.159 [main] DEBUG org.hibernate.orm.sql.ast.create - Registration of TableGroup [org.hibernate.sql.ast.tree.from.OneToManyTableGroup@5826ab89] with identifierForTableGroup [org.frcpm.models.Project.meetings] for NavigablePath [org.frcpm.models.Project.meetings] 
10:24:46.159 [main] DEBUG org.hibernate.orm.sql.ast.create - Registration of TableGroup [StandardTableGroup(org.frcpm.models.Project.meetings.{element})] with identifierForTableGroup [org.frcpm.models.Project.meetings.{element}] for NavigablePath [org.frcpm.models.Project.meetings.{element}] 
10:24:46.159 [main] DEBUG org.hibernate.orm.sql.ast.create - Registration of TableGroup [org.hibernate.sql.ast.tree.from.LazyTableGroup@2721b6d4] with identifierForTableGroup [org.frcpm.models.Project.meetings.{element}.project] for NavigablePath [org.frcpm.models.Project.meetings.{element}.project] 
10:24:46.159 [main] DEBUG org.hibernate.orm.results.graph.AST - DomainResult Graph:
 \-CollectionDomainResult [org.frcpm.models.Project.meetings]

10:24:46.159 [main] DEBUG org.hibernate.orm.sql.ast.tree - SQL AST Tree:
    SelectStatement {
      FromClause {
        OneToManyTableGroup (m1 : org.frcpm.models.Project.meetings) {
          primaryTableReference : meetings as m1_0
          TableGroupJoins {
            left  join LazyTableGroup (p1 : org.frcpm.models.Project.meetings.{element}.project) {
            }
          }
        }
      }
    }

10:24:46.159 [main] DEBUG org.hibernate.orm.jdbc.mutation - Static SQL for collection: org.frcpm.models.Project.meetings
10:24:46.159 [main] DEBUG org.hibernate.orm.sql.ast.create - Created new SQL alias : at1_0
10:24:46.159 [main] DEBUG org.hibernate.orm.sql.ast.create - Registration of TableGroup [CollectionTableGroup(org.frcpm.models.TeamMember.assignedTasks)] with identifierForTableGroup [org.frcpm.models.TeamMember.assignedTasks] for NavigablePath [org.frcpm.models.TeamMember.assignedTasks] 
10:24:46.159 [main] DEBUG org.hibernate.orm.sql.ast.create - Registration of TableGroup [org.hibernate.sql.ast.tree.from.LazyTableGroup@3bc2d30] with identifierForTableGroup [org.frcpm.models.TeamMember.assignedTasks.{element}] for NavigablePath [org.frcpm.models.TeamMember.assignedTasks.{element}] 
10:24:46.159 [main] DEBUG org.hibernate.orm.sql.ast.create - Created new SQL alias : at1_1
10:24:46.159 [main] DEBUG org.hibernate.orm.sql.ast.create - Registration of TableGroup [org.hibernate.sql.ast.tree.from.LazyTableGroup@6e2bb42d] with identifierForTableGroup [org.frcpm.models.TeamMember.assignedTasks.{element}.project] for NavigablePath [org.frcpm.models.TeamMember.assignedTasks.{element}.project] 
10:24:46.159 [main] DEBUG org.hibernate.orm.sql.ast.create - Registration of TableGroup [org.hibernate.sql.ast.tree.from.LazyTableGroup@e69e7de] with identifierForTableGroup [org.frcpm.models.TeamMember.assignedTasks.{element}.subsystem] for NavigablePath [org.frcpm.models.TeamMember.assignedTasks.{element}.subsystem] 
10:24:46.159 [main] DEBUG org.hibernate.orm.results.graph.AST - DomainResult Graph:
 \-CollectionDomainResult [org.frcpm.models.TeamMember.assignedTasks]

10:24:46.159 [main] DEBUG org.hibernate.orm.sql.ast.tree - SQL AST Tree:
    SelectStatement {
      FromClause {
        CollectionTableGroup (at1 : org.frcpm.models.TeamMember.assignedTasks) {
          primaryTableReference : task_assignments as at1_0
          TableGroupJoins {
             join LazyTableGroup (at1 : org.frcpm.models.TeamMember.assignedTasks.{element}) {
              primaryTableReference : tasks as at1_1
              TableGroupJoins {
                left  join LazyTableGroup (p1 : org.frcpm.models.TeamMember.assignedTasks.{element}.project) {
                }
                left  join LazyTableGroup (s1 : org.frcpm.models.TeamMember.assignedTasks.{element}.subsystem) {
                }
              }
            }
          }
        }
      }
    }

10:24:46.159 [main] DEBUG org.hibernate.orm.jdbc.mutation - Static SQL for collection: org.frcpm.models.TeamMember.assignedTasks
10:24:46.159 [main] DEBUG org.hibernate.orm.sql.ast.create - Created new SQL alias : a1_0
10:24:46.159 [main] DEBUG org.hibernate.orm.sql.ast.create - Registration of TableGroup [org.hibernate.sql.ast.tree.from.OneToManyTableGroup@5f67d5f4] with identifierForTableGroup [org.frcpm.models.Meeting.attendances] for NavigablePath [org.frcpm.models.Meeting.attendances] 
10:24:46.159 [main] DEBUG org.hibernate.orm.sql.ast.create - Registration of TableGroup [StandardTableGroup(org.frcpm.models.Meeting.attendances.{element})] with identifierForTableGroup [org.frcpm.models.Meeting.attendances.{element}] for NavigablePath [org.frcpm.models.Meeting.attendances.{element}] 
10:24:46.159 [main] DEBUG org.hibernate.orm.sql.ast.create - Registration of TableGroup [org.hibernate.sql.ast.tree.from.LazyTableGroup@2ac5714a] with identifierForTableGroup [org.frcpm.models.Meeting.attendances.{element}.meeting] for NavigablePath [org.frcpm.models.Meeting.attendances.{element}.meeting] 
10:24:46.159 [main] DEBUG org.hibernate.orm.sql.ast.create - Registration of TableGroup [org.hibernate.sql.ast.tree.from.LazyTableGroup@73617dc1] with identifierForTableGroup [org.frcpm.models.Meeting.attendances.{element}.member] for NavigablePath [org.frcpm.models.Meeting.attendances.{element}.member] 
10:24:46.159 [main] DEBUG org.hibernate.orm.results.graph.AST - DomainResult Graph:
 \-CollectionDomainResult [org.frcpm.models.Meeting.attendances]

10:24:46.159 [main] DEBUG org.hibernate.orm.sql.ast.tree - SQL AST Tree:
    SelectStatement {
      FromClause {
        OneToManyTableGroup (a1 : org.frcpm.models.Meeting.attendances) {
          primaryTableReference : attendances as a1_0
          TableGroupJoins {
            left  join LazyTableGroup (m1 : org.frcpm.models.Meeting.attendances.{element}.meeting) {
            }
            left  join LazyTableGroup (m2 : org.frcpm.models.Meeting.attendances.{element}.member) {
            }
          }
        }
      }
    }

10:24:46.159 [main] DEBUG org.hibernate.orm.jdbc.mutation - Static SQL for collection: org.frcpm.models.Meeting.attendances
10:24:46.159 [main] DEBUG org.hibernate.orm.sql.ast.create - Created new SQL alias : pd1_0
10:24:46.159 [main] DEBUG org.hibernate.orm.sql.ast.create - Registration of TableGroup [CollectionTableGroup(org.frcpm.models.Task.postDependencies)] with identifierForTableGroup [org.frcpm.models.Task.postDependencies] for NavigablePath [org.frcpm.models.Task.postDependencies] 
10:24:46.159 [main] DEBUG org.hibernate.orm.sql.ast.create - Registration of TableGroup [org.hibernate.sql.ast.tree.from.LazyTableGroup@1386a21e] with identifierForTableGroup [org.frcpm.models.Task.postDependencies.{element}] for NavigablePath [org.frcpm.models.Task.postDependencies.{element}] 
10:24:46.159 [main] DEBUG org.hibernate.orm.sql.ast.create - Created new SQL alias : pd1_1
10:24:46.159 [main] DEBUG org.hibernate.orm.sql.ast.create - Registration of TableGroup [org.hibernate.sql.ast.tree.from.LazyTableGroup@61013959] with identifierForTableGroup [org.frcpm.models.Task.postDependencies.{element}.project] for NavigablePath [org.frcpm.models.Task.postDependencies.{element}.project] 
10:24:46.159 [main] DEBUG org.hibernate.orm.sql.ast.create - Registration of TableGroup [org.hibernate.sql.ast.tree.from.LazyTableGroup@4d1bdb71] with identifierForTableGroup [org.frcpm.models.Task.postDependencies.{element}.subsystem] for NavigablePath [org.frcpm.models.Task.postDependencies.{element}.subsystem] 
10:24:46.159 [main] DEBUG org.hibernate.orm.results.graph.AST - DomainResult Graph:
 \-CollectionDomainResult [org.frcpm.models.Task.postDependencies]

10:24:46.159 [main] DEBUG org.hibernate.orm.sql.ast.tree - SQL AST Tree:
    SelectStatement {
      FromClause {
        CollectionTableGroup (pd1 : org.frcpm.models.Task.postDependencies) {
          primaryTableReference : task_dependencies as pd1_0
          TableGroupJoins {
             join LazyTableGroup (pd1 : org.frcpm.models.Task.postDependencies.{element}) {
              primaryTableReference : tasks as pd1_1
              TableGroupJoins {
                left  join LazyTableGroup (p1 : org.frcpm.models.Task.postDependencies.{element}.project) {
                }
                left  join LazyTableGroup (s1 : org.frcpm.models.Task.postDependencies.{element}.subsystem) {
                }
              }
            }
          }
        }
      }
    }

10:24:46.159 [main] DEBUG org.hibernate.orm.jdbc.mutation - Static SQL for collection: org.frcpm.models.Task.postDependencies
10:24:46.159 [main] DEBUG org.hibernate.orm.sql.ast.create - Created new SQL alias : t1_0
10:24:46.159 [main] DEBUG org.hibernate.orm.sql.ast.create - Registration of TableGroup [org.hibernate.sql.ast.tree.from.OneToManyTableGroup@3882143] with identifierForTableGroup [org.frcpm.models.Project.tasks] for NavigablePath [org.frcpm.models.Project.tasks] 
10:24:46.159 [main] DEBUG org.hibernate.orm.sql.ast.create - Registration of TableGroup [StandardTableGroup(org.frcpm.models.Project.tasks.{element})] with identifierForTableGroup [org.frcpm.models.Project.tasks.{element}] for NavigablePath [org.frcpm.models.Project.tasks.{element}] 
10:24:46.159 [main] DEBUG org.hibernate.orm.sql.ast.create - Registration of TableGroup [org.hibernate.sql.ast.tree.from.LazyTableGroup@2caf9e48] with identifierForTableGroup [org.frcpm.models.Project.tasks.{element}.project] for NavigablePath [org.frcpm.models.Project.tasks.{element}.project] 
10:24:46.159 [main] DEBUG org.hibernate.orm.sql.ast.create - Registration of TableGroup [org.hibernate.sql.ast.tree.from.LazyTableGroup@c506678] with identifierForTableGroup [org.frcpm.models.Project.tasks.{element}.subsystem] for NavigablePath [org.frcpm.models.Project.tasks.{element}.subsystem] 
10:24:46.159 [main] DEBUG org.hibernate.orm.results.graph.AST - DomainResult Graph:
 \-CollectionDomainResult [org.frcpm.models.Project.tasks]

10:24:46.159 [main] DEBUG org.hibernate.orm.sql.ast.tree - SQL AST Tree:
    SelectStatement {
      FromClause {
        OneToManyTableGroup (t1 : org.frcpm.models.Project.tasks) {
          primaryTableReference : tasks as t1_0
          TableGroupJoins {
            left  join LazyTableGroup (p1 : org.frcpm.models.Project.tasks.{element}.project) {
            }
            left  join LazyTableGroup (s1 : org.frcpm.models.Project.tasks.{element}.subsystem) {
            }
          }
        }
      }
    }

10:24:46.159 [main] DEBUG org.hibernate.orm.jdbc.mutation - Static SQL for collection: org.frcpm.models.Project.tasks
10:24:46.164 [main] DEBUG org.hibernate.type.spi.TypeConfiguration$Scope - Scoping TypeConfiguration [org.hibernate.type.spi.TypeConfiguration@3aa4163c] to SessionFactoryImplementor [org.hibernate.internal.SessionFactoryImpl@314f6510]
10:24:46.164 [main] DEBUG org.hibernate.query.named.NamedObjectRepository - Checking 0 named HQL queries
10:24:46.164 [main] DEBUG org.hibernate.query.named.NamedObjectRepository - Checking 0 named SQL queries
10:24:46.164 [main] DEBUG org.hibernate.mapping.Table - No alter strings for table : attendances
10:24:46.165 [main] DEBUG org.hibernate.SQL - alter table if exists components alter column description set data type TEXT
10:24:46.165 [main] DEBUG org.hibernate.SQL - alter table if exists meetings alter column notes set data type TEXT
10:24:46.165 [main] DEBUG org.hibernate.SQL - alter table if exists milestones alter column description set data type TEXT
10:24:46.165 [main] DEBUG org.hibernate.SQL - alter table if exists projects alter column description set data type TEXT
10:24:46.165 [main] DEBUG org.hibernate.SQL - alter table if exists subsystems alter column description set data type TEXT
10:24:46.165 [main] DEBUG org.hibernate.SQL - alter table if exists subteams alter column specialties set data type TEXT
10:24:46.165 [main] DEBUG org.hibernate.mapping.Table - No alter strings for table : task_assignments
10:24:46.165 [main] DEBUG org.hibernate.mapping.Table - No alter strings for table : task_components
10:24:46.165 [main] DEBUG org.hibernate.mapping.Table - No alter strings for table : task_dependencies
10:24:46.165 [main] DEBUG org.hibernate.SQL - alter table if exists tasks alter column description set data type TEXT
10:24:46.165 [main] DEBUG org.hibernate.SQL - alter table if exists team_members alter column skills set data type TEXT
10:24:46.165 [main] DEBUG org.hibernate.SQL - alter table if exists attendances drop constraint if exists UKa8ydr6vrgbux3a27v7enb0y3x
10:24:46.165 [main] DEBUG org.hibernate.SQL - alter table if exists attendances add constraint UKa8ydr6vrgbux3a27v7enb0y3x unique (meeting_id, member_id)
10:24:46.170 [main] DEBUG org.hibernate.internal.SessionFactoryRegistry - Registering SessionFactory: d0b340b7-8f29-4925-9e9a-d0c09ec30c9b (<unnamed>)
10:24:46.170 [main] DEBUG org.hibernate.internal.SessionFactoryRegistry - Not binding SessionFactory to JNDI, no JNDI name configured
10:24:46.170 [main] DEBUG org.hibernate.internal.SessionFactoryImpl - Instantiated SessionFactory
10:24:46.170 [main] DEBUG org.hibernate.stat.internal.StatisticsInitiator - Statistics initialized [enabled=false]
10:24:46.170 [main] DEBUG org.hibernate.engine.transaction.internal.TransactionImpl - On TransactionImpl creation, JpaCompliance#isJpaTransactionComplianceEnabled == false
10:24:46.170 [main] DEBUG org.hibernate.engine.transaction.internal.TransactionImpl - begin
10:24:46.171 [main] DEBUG org.hibernate.engine.spi.ActionQueue - Executing identity-insert immediately
10:24:46.171 [main] DEBUG org.hibernate.SQL - insert into subteams (color_code,name,specialties,id) values (?,?,?,default)
10:24:46.172 [main] DEBUG org.hibernate.orm.results - Initializer list is empty
10:24:46.172 [main] DEBUG org.hibernate.orm.results.loading - Calling top-level assembler (0 / 1) : org.hibernate.sql.results.graph.basic.BasicResultAssembler@61d26c63
10:24:46.172 [main] DEBUG org.hibernate.orm.results - Extracted JDBC value [0] - [131]
10:24:46.172 [main] DEBUG org.hibernate.id.IdentifierGeneratorHelper - Extracted generated values [org.frcpm.models.Subteam]: [Ljava.lang.Object;@71141bb4
10:24:46.173 [main] DEBUG org.hibernate.event.internal.AbstractFlushingEventListener - Processing flush-time cascades
10:24:46.173 [main] DEBUG org.hibernate.event.internal.AbstractFlushingEventListener - Dirty checking collections
10:24:46.173 [main] DEBUG org.hibernate.engine.internal.Collections - Collection found: [org.frcpm.models.Subteam.members#131], was: [<unreferenced>] (initialized)
10:24:46.173 [main] DEBUG org.hibernate.engine.internal.Collections - Collection found: [org.frcpm.models.Subteam.subsystems#131], was: [<unreferenced>] (initialized)
10:24:46.173 [main] DEBUG org.hibernate.event.internal.AbstractFlushingEventListener - Flushed: 0 insertions, 0 updates, 0 deletions to 1 objects
10:24:46.173 [main] DEBUG org.hibernate.event.internal.AbstractFlushingEventListener - Flushed: 2 (re)creations, 0 updates, 0 removals to 2 collections
10:24:46.173 [main] DEBUG org.hibernate.internal.util.EntityPrinter - Listing entities:
10:24:46.173 [main] DEBUG org.hibernate.internal.util.EntityPrinter - org.frcpm.models.Subteam{specialties=Java, Programming, Controls, members=[], name=Test Subteam 1, colorCode=#FF0000, id=131, subsystems=[]}
10:24:46.173 [main] DEBUG org.hibernate.engine.transaction.internal.TransactionImpl - committing
10:24:46.173 [main] DEBUG org.hibernate.event.internal.AbstractFlushingEventListener - Processing flush-time cascades
10:24:46.173 [main] DEBUG org.hibernate.event.internal.AbstractFlushingEventListener - Dirty checking collections
10:24:46.173 [main] DEBUG org.hibernate.engine.internal.Collections - Collection found: [org.frcpm.models.Subteam.members#131], was: [org.frcpm.models.Subteam.members#131] (initialized)
10:24:46.173 [main] DEBUG org.hibernate.engine.internal.Collections - Collection found: [org.frcpm.models.Subteam.subsystems#131], was: [org.frcpm.models.Subteam.subsystems#131] (initialized)
10:24:46.173 [main] DEBUG org.hibernate.event.internal.AbstractFlushingEventListener - Flushed: 0 insertions, 0 updates, 0 deletions to 1 objects
10:24:46.173 [main] DEBUG org.hibernate.event.internal.AbstractFlushingEventListener - Flushed: 0 (re)creations, 0 updates, 0 removals to 2 collections
10:24:46.173 [main] DEBUG org.hibernate.internal.util.EntityPrinter - Listing entities:
10:24:46.173 [main] DEBUG org.hibernate.internal.util.EntityPrinter - org.frcpm.models.Subteam{specialties=Java, Programming, Controls, members=[], name=Test Subteam 1, colorCode=#FF0000, id=131, subsystems=[]}
10:24:46.173 [main] DEBUG org.hibernate.resource.jdbc.internal.LogicalConnectionManagedImpl - Initiating JDBC connection release from afterTransaction
10:24:46.173 [main] DEBUG org.hibernate.resource.jdbc.internal.LogicalConnectionManagedImpl - Initiating JDBC connection release from afterTransaction
10:24:46.173 [main] DEBUG org.hibernate.engine.transaction.internal.TransactionImpl - On TransactionImpl creation, JpaCompliance#isJpaTransactionComplianceEnabled == false
10:24:46.173 [main] DEBUG org.hibernate.engine.transaction.internal.TransactionImpl - begin
10:24:46.173 [main] DEBUG org.hibernate.engine.spi.ActionQueue - Executing identity-insert immediately
10:24:46.173 [main] DEBUG org.hibernate.SQL - insert into subteams (color_code,name,specialties,id) values (?,?,?,default)
10:24:46.174 [main] DEBUG org.hibernate.orm.results - Initializer list is empty
10:24:46.174 [main] DEBUG org.hibernate.orm.results.loading - Calling top-level assembler (0 / 1) : org.hibernate.sql.results.graph.basic.BasicResultAssembler@1c96b27
10:24:46.174 [main] DEBUG org.hibernate.orm.results - Extracted JDBC value [0] - [132]
10:24:46.174 [main] DEBUG org.hibernate.id.IdentifierGeneratorHelper - Extracted generated values [org.frcpm.models.Subteam]: [Ljava.lang.Object;@36d793a5
10:24:46.174 [main] DEBUG org.hibernate.event.internal.AbstractFlushingEventListener - Processing flush-time cascades
10:24:46.174 [main] DEBUG org.hibernate.event.internal.AbstractFlushingEventListener - Dirty checking collections
10:24:46.174 [main] DEBUG org.hibernate.engine.internal.Collections - Collection found: [org.frcpm.models.Subteam.members#132], was: [<unreferenced>] (initialized)
10:24:46.174 [main] DEBUG org.hibernate.engine.internal.Collections - Collection found: [org.frcpm.models.Subteam.subsystems#132], was: [<unreferenced>] (initialized)
10:24:46.174 [main] DEBUG org.hibernate.event.internal.AbstractFlushingEventListener - Flushed: 0 insertions, 0 updates, 0 deletions to 1 objects
10:24:46.174 [main] DEBUG org.hibernate.event.internal.AbstractFlushingEventListener - Flushed: 2 (re)creations, 0 updates, 0 removals to 2 collections
10:24:46.174 [main] DEBUG org.hibernate.internal.util.EntityPrinter - Listing entities:
10:24:46.174 [main] DEBUG org.hibernate.internal.util.EntityPrinter - org.frcpm.models.Subteam{specialties=CAD, Design, Fabrication, members=[], name=Test Subteam 2, colorCode=#00FF00, id=132, subsystems=[]}
10:24:46.174 [main] DEBUG org.hibernate.engine.transaction.internal.TransactionImpl - committing
10:24:46.174 [main] DEBUG org.hibernate.event.internal.AbstractFlushingEventListener - Processing flush-time cascades
10:24:46.174 [main] DEBUG org.hibernate.event.internal.AbstractFlushingEventListener - Dirty checking collections
10:24:46.174 [main] DEBUG org.hibernate.engine.internal.Collections - Collection found: [org.frcpm.models.Subteam.members#132], was: [org.frcpm.models.Subteam.members#132] (initialized)
10:24:46.174 [main] DEBUG org.hibernate.engine.internal.Collections - Collection found: [org.frcpm.models.Subteam.subsystems#132], was: [org.frcpm.models.Subteam.subsystems#132] (initialized)
10:24:46.174 [main] DEBUG org.hibernate.event.internal.AbstractFlushingEventListener - Flushed: 0 insertions, 0 updates, 0 deletions to 1 objects
10:24:46.174 [main] DEBUG org.hibernate.event.internal.AbstractFlushingEventListener - Flushed: 0 (re)creations, 0 updates, 0 removals to 2 collections
10:24:46.174 [main] DEBUG org.hibernate.internal.util.EntityPrinter - Listing entities:
10:24:46.174 [main] DEBUG org.hibernate.internal.util.EntityPrinter - org.frcpm.models.Subteam{specialties=CAD, Design, Fabrication, members=[], name=Test Subteam 2, colorCode=#00FF00, id=132, subsystems=[]}
10:24:46.174 [main] DEBUG org.hibernate.resource.jdbc.internal.LogicalConnectionManagedImpl - Initiating JDBC connection release from afterTransaction
10:24:46.174 [main] DEBUG org.hibernate.resource.jdbc.internal.LogicalConnectionManagedImpl - Initiating JDBC connection release from afterTransaction
10:24:46.174 [main] DEBUG org.hibernate.engine.transaction.internal.TransactionImpl - On TransactionImpl creation, JpaCompliance#isJpaTransactionComplianceEnabled == false
10:24:46.174 [main] DEBUG org.hibernate.engine.transaction.internal.TransactionImpl - begin
10:24:46.174 [main] DEBUG org.hibernate.engine.spi.ActionQueue - Executing identity-insert immediately
10:24:46.174 [main] DEBUG org.hibernate.SQL - insert into subteams (color_code,name,specialties,id) values (?,?,?,default)
10:24:46.174 [main] DEBUG org.hibernate.orm.results - Initializer list is empty
10:24:46.174 [main] DEBUG org.hibernate.orm.results.loading - Calling top-level assembler (0 / 1) : org.hibernate.sql.results.graph.basic.BasicResultAssembler@33b8f6e5
10:24:46.174 [main] DEBUG org.hibernate.orm.results - Extracted JDBC value [0] - [133]
10:24:46.174 [main] DEBUG org.hibernate.id.IdentifierGeneratorHelper - Extracted generated values [org.frcpm.models.Subteam]: [Ljava.lang.Object;@2f61b72c
10:24:46.174 [main] DEBUG org.hibernate.event.internal.AbstractFlushingEventListener - Processing flush-time cascades
10:24:46.174 [main] DEBUG org.hibernate.event.internal.AbstractFlushingEventListener - Dirty checking collections
10:24:46.174 [main] DEBUG org.hibernate.engine.internal.Collections - Collection found: [org.frcpm.models.Subteam.members#133], was: [<unreferenced>] (initialized)
10:24:46.174 [main] DEBUG org.hibernate.engine.internal.Collections - Collection found: [org.frcpm.models.Subteam.subsystems#133], was: [<unreferenced>] (initialized)
10:24:46.175 [main] DEBUG org.hibernate.event.internal.AbstractFlushingEventListener - Flushed: 0 insertions, 0 updates, 0 deletions to 1 objects
10:24:46.175 [main] DEBUG org.hibernate.event.internal.AbstractFlushingEventListener - Flushed: 2 (re)creations, 0 updates, 0 removals to 2 collections
10:24:46.175 [main] DEBUG org.hibernate.internal.util.EntityPrinter - Listing entities:
10:24:46.175 [main] DEBUG org.hibernate.internal.util.EntityPrinter - org.frcpm.models.Subteam{specialties=null, members=[], name=Test Update Subteam, colorCode=#0000FF, id=133, subsystems=[]}
10:24:46.175 [main] DEBUG org.hibernate.engine.transaction.internal.TransactionImpl - committing
10:24:46.175 [main] DEBUG org.hibernate.event.internal.AbstractFlushingEventListener - Processing flush-time cascades
10:24:46.175 [main] DEBUG org.hibernate.event.internal.AbstractFlushingEventListener - Dirty checking collections
10:24:46.175 [main] DEBUG org.hibernate.engine.internal.Collections - Collection found: [org.frcpm.models.Subteam.members#133], was: [org.frcpm.models.Subteam.members#133] (initialized)
10:24:46.175 [main] DEBUG org.hibernate.engine.internal.Collections - Collection found: [org.frcpm.models.Subteam.subsystems#133], was: [org.frcpm.models.Subteam.subsystems#133] (initialized)
10:24:46.175 [main] DEBUG org.hibernate.event.internal.AbstractFlushingEventListener - Flushed: 0 insertions, 0 updates, 0 deletions to 1 objects
10:24:46.175 [main] DEBUG org.hibernate.event.internal.AbstractFlushingEventListener - Flushed: 0 (re)creations, 0 updates, 0 removals to 2 collections
10:24:46.175 [main] DEBUG org.hibernate.internal.util.EntityPrinter - Listing entities:
10:24:46.175 [main] DEBUG org.hibernate.internal.util.EntityPrinter - org.frcpm.models.Subteam{specialties=null, members=[], name=Test Update Subteam, colorCode=#0000FF, id=133, subsystems=[]}
10:24:46.175 [main] DEBUG org.hibernate.resource.jdbc.internal.LogicalConnectionManagedImpl - Initiating JDBC connection release from afterTransaction
10:24:46.175 [main] DEBUG org.hibernate.resource.jdbc.internal.LogicalConnectionManagedImpl - Initiating JDBC connection release from afterTransaction
10:24:46.175 [main] DEBUG org.hibernate.engine.transaction.internal.TransactionImpl - On TransactionImpl creation, JpaCompliance#isJpaTransactionComplianceEnabled == false
10:24:46.175 [main] DEBUG org.hibernate.engine.transaction.internal.TransactionImpl - begin
10:24:46.175 [main] DEBUG org.hibernate.orm.sql.ast.create - Created new SQL alias : s1_0
10:24:46.175 [main] DEBUG org.hibernate.orm.sql.ast.create - Registration of TableGroup [StandardTableGroup(org.frcpm.models.Subteam)] with identifierForTableGroup [org.frcpm.models.Subteam] for NavigablePath [org.frcpm.models.Subteam] 
10:24:46.175 [main] DEBUG org.hibernate.orm.sql.ast.create - Created new SQL alias : m1_0
10:24:46.175 [main] DEBUG org.hibernate.orm.sql.ast.create - Registration of TableGroup [org.hibernate.sql.ast.tree.from.OneToManyTableGroup@3ec2c45c] with identifierForTableGroup [org.frcpm.models.Subteam.members] for NavigablePath [org.frcpm.models.Subteam.members] 
10:24:46.175 [main] DEBUG org.hibernate.orm.sql.ast.create - Registration of TableGroup [StandardTableGroup(org.frcpm.models.Subteam.members.{element})] with identifierForTableGroup [org.frcpm.models.Subteam.members.{element}] for NavigablePath [org.frcpm.models.Subteam.members.{element}] 
10:24:46.175 [main] DEBUG org.hibernate.orm.results.graph.AST - DomainResult Graph:
 \-EntityResultImpl [org.frcpm.models.Subteam]
 |  +-BasicFetch [org.frcpm.models.Subteam.colorCode]
 |  +-EagerCollectionFetch [org.frcpm.models.Subteam.members]
 |  |  \-EntityFetchJoinedImpl [org.frcpm.models.Subteam.members.{element}]
 |  +-BasicFetch [org.frcpm.models.Subteam.name]
 |  +-BasicFetch [org.frcpm.models.Subteam.specialties]
 |  \-DelayedCollectionFetch [org.frcpm.models.Subteam.subsystems]

10:24:46.175 [main] DEBUG org.hibernate.orm.sql.ast.tree - SQL AST Tree:
    SelectStatement {
      FromClause {
        StandardTableGroup (s1 : org.frcpm.models.Subteam) {
          primaryTableReference : subteams as s1_0
          TableGroupJoins {
            left  join OneToManyTableGroup (m1 : org.frcpm.models.Subteam.members) {
              primaryTableReference : team_members as m1_0
            }
          }
        }
      }
    }

10:24:46.175 [main] DEBUG org.hibernate.orm.sql.exec - Skipping reading Query result cache data: cache-enabled = false, cache-mode = IGNORE
10:24:46.175 [main] DEBUG org.hibernate.orm.results - Initializer list:
	  org.frcpm.models.Subteam.members.{element}.assignedTasks -> DelayedCollectionInitializer(org.frcpm.models.Subteam.members.{element}.assignedTasks)@842569091 (PluralAttribute(org.frcpm.models.TeamMember.assignedTasks))
	  org.frcpm.models.Subteam.members.{element} -> EntityJoinedFetchInitializer(org.frcpm.models.Subteam.members.{element})@281189439 (EntityCollectionPart(org.frcpm.models.Subteam.members#{element})@948591199)
	  org.frcpm.models.Subteam.members -> BagInitializer(org.frcpm.models.Subteam.members)@1685467506 (PluralAttribute(org.frcpm.models.Subteam.members))
	  org.frcpm.models.Subteam.members.{element}.attendances -> SelectEagerCollectionInitializer(org.frcpm.models.Subteam.members.{element}.attendances)@303310066 (PluralAttribute(org.frcpm.models.TeamMember.attendances))
	  org.frcpm.models.Subteam.subsystems -> DelayedCollectionInitializer(org.frcpm.models.Subteam.subsystems)@372470251 (PluralAttribute(org.frcpm.models.Subteam.subsystems))
	  org.frcpm.models.Subteam -> EntityResultInitializer(org.frcpm.models.Subteam)@2088868304 (SingleTableEntityPersister(org.frcpm.models.Subteam))

10:24:46.175 [main] DEBUG org.hibernate.SQL - select s1_0.id,s1_0.color_code,s1_0.name,s1_0.specialties,m1_0.subteam_id,m1_0.id,m1_0.email,m1_0.first_name,m1_0.last_name,m1_0.is_leader,m1_0.phone,m1_0.skills,m1_0.username from subteams s1_0 left join team_members m1_0 on s1_0.id=m1_0.subteam_id where s1_0.id=?
10:24:46.175 [main] DEBUG org.hibernate.orm.results.loading.entity - (EntityResultInitializer) Hydrated EntityKey (org.frcpm.models.Subteam): 133
10:24:46.175 [main] DEBUG org.hibernate.orm.results.loading.org.hibernate.orm.results.loading.collection - (BagInitializer) Current row collection key : org.frcpm.models.Subteam.members#133
10:24:46.175 [main] DEBUG org.hibernate.orm.results - Extracted JDBC value [4] - [null]
10:24:46.175 [main] DEBUG org.hibernate.orm.results - Extracted JDBC value [5] - [null]
10:24:46.175 [main] DEBUG org.hibernate.orm.results.loading.entity - (EntityJoinedFetchInitializer) EntityKey (org.frcpm.models.Subteam.members.{element}) is null
10:24:46.175 [main] DEBUG org.hibernate.orm.results.loading.org.hibernate.orm.results.loading.collection - (DelayedCollectionInitializer) Current row collection key : org.frcpm.models.Subteam.subsystems#133
10:24:46.176 [main] DEBUG org.hibernate.orm.results.loading.entity - (EntityResultInitializer) Created new entity instance [org.frcpm.models.Subteam#133] : 387505783
10:24:46.176 [main] DEBUG org.hibernate.orm.results.loading.org.hibernate.orm.results.loading.collection - (BagInitializer) Created new collection wrapper [org.frcpm.models.Subteam.members#133] : org.hibernate.collection.spi.PersistentBag@1730648669
10:24:46.176 [main] DEBUG org.hibernate.orm.results.loading.org.hibernate.orm.results.loading.collection - (BagInitializer) Responsible for loading collection [org.frcpm.models.Subteam.members#133] : org.hibernate.collection.spi.PersistentBag@1730648669
10:24:46.176 [main] DEBUG org.hibernate.orm.results - Extracted JDBC value [1] - [#0000FF]
10:24:46.176 [main] DEBUG org.hibernate.orm.results - Extracted JDBC value [2] - [Test Update Subteam]
10:24:46.176 [main] DEBUG org.hibernate.orm.results - Extracted JDBC value [3] - [null]
10:24:46.176 [main] DEBUG org.hibernate.orm.results.loading.entity - (EntityResultInitializer) Done materializing entityInstance : org.frcpm.models.Subteam#133
10:24:46.176 [main] DEBUG org.hibernate.orm.results.loading - Calling top-level assembler (0 / 1) : org.hibernate.sql.results.graph.entity.internal.EntityAssembler@50831fc7
10:24:46.176 [main] DEBUG org.hibernate.sql.results.internal.ResultsHelper - Collection fully initialized: [org.frcpm.models.Subteam.members#133]
10:24:46.176 [main] DEBUG org.hibernate.engine.spi.CollectionEntry - Reset storedSnapshot to [] for CollectionEntry[org.frcpm.models.Subteam.members#133]
10:24:46.176 [main] DEBUG org.hibernate.engine.spi.CollectionEntry - Reset storedSnapshot to [] for CollectionEntry[org.frcpm.models.Subteam.subsystems#133]
10:24:46.176 [main] DEBUG org.hibernate.event.internal.AbstractFlushingEventListener - Processing flush-time cascades
10:24:46.176 [main] DEBUG org.hibernate.event.internal.AbstractFlushingEventListener - Dirty checking collections
10:24:46.176 [main] DEBUG org.hibernate.engine.internal.Collections - Collection found: [org.frcpm.models.Subteam.members#133], was: [org.frcpm.models.Subteam.members#133] (initialized)
10:24:46.176 [main] DEBUG org.hibernate.engine.internal.Collections - Collection found: [org.frcpm.models.Subteam.subsystems#133], was: [org.frcpm.models.Subteam.subsystems#133] (uninitialized)
10:24:46.176 [main] DEBUG org.hibernate.event.internal.AbstractFlushingEventListener - Flushed: 0 insertions, 1 updates, 0 deletions to 1 objects
10:24:46.176 [main] DEBUG org.hibernate.event.internal.AbstractFlushingEventListener - Flushed: 0 (re)creations, 0 updates, 0 removals to 2 collections
10:24:46.176 [main] DEBUG org.hibernate.internal.util.EntityPrinter - Listing entities:
10:24:46.176 [main] DEBUG org.hibernate.internal.util.EntityPrinter - org.frcpm.models.Subteam{specialties=null, members=[], name=Updated Subteam Name, colorCode=#00FFFF, id=133, subsystems=<uninitialized>}
10:24:46.176 [main] DEBUG org.hibernate.SQL - update subteams set color_code=?,name=?,specialties=? where id=?
10:24:46.177 [main] DEBUG org.hibernate.orm.jdbc.batch - PreparedStatementDetails did not contain PreparedStatement on #releaseStatements : update subteams set color_code=?,name=?,specialties=? where id=?
10:24:46.177 [main] DEBUG org.hibernate.orm.jdbc.batch - No batched statements to execute - org.frcpm.models.Subteam#UPDATE
10:24:46.177 [main] DEBUG org.hibernate.orm.jdbc.batch - PreparedStatementDetails did not contain PreparedStatement on #releaseStatements : update subteams set color_code=?,name=?,specialties=? where id=?
10:24:46.177 [main] DEBUG org.hibernate.orm.jdbc.batch - PreparedStatementDetails did not contain PreparedStatement on #releaseStatements : update subteams set color_code=?,name=?,specialties=? where id=?
10:24:46.177 [main] DEBUG org.hibernate.engine.transaction.internal.TransactionImpl - committing
10:24:46.177 [main] DEBUG org.hibernate.event.internal.AbstractFlushingEventListener - Processing flush-time cascades
10:24:46.177 [main] DEBUG org.hibernate.event.internal.AbstractFlushingEventListener - Dirty checking collections
10:24:46.177 [main] DEBUG org.hibernate.engine.internal.Collections - Collection found: [org.frcpm.models.Subteam.members#133], was: [org.frcpm.models.Subteam.members#133] (initialized)
10:24:46.177 [main] DEBUG org.hibernate.engine.internal.Collections - Collection found: [org.frcpm.models.Subteam.subsystems#133], was: [org.frcpm.models.Subteam.subsystems#133] (uninitialized)
10:24:46.177 [main] DEBUG org.hibernate.event.internal.AbstractFlushingEventListener - Flushed: 0 insertions, 0 updates, 0 deletions to 1 objects
10:24:46.177 [main] DEBUG org.hibernate.event.internal.AbstractFlushingEventListener - Flushed: 0 (re)creations, 0 updates, 0 removals to 2 collections
10:24:46.177 [main] DEBUG org.hibernate.internal.util.EntityPrinter - Listing entities:
10:24:46.177 [main] DEBUG org.hibernate.internal.util.EntityPrinter - org.frcpm.models.Subteam{specialties=null, members=[], name=Updated Subteam Name, colorCode=#00FFFF, id=133, subsystems=<uninitialized>}
10:24:46.177 [main] DEBUG org.hibernate.orm.jdbc.batch - PreparedStatementDetails did not contain PreparedStatement on #releaseStatements : update subteams set color_code=?,name=?,specialties=? where id=?
10:24:46.177 [main] DEBUG org.hibernate.resource.jdbc.internal.LogicalConnectionManagedImpl - Initiating JDBC connection release from afterTransaction
10:24:46.177 [main] DEBUG org.hibernate.orm.jdbc.batch - PreparedStatementDetails did not contain PreparedStatement on #releaseStatements : update subteams set color_code=?,name=?,specialties=? where id=?
10:24:46.177 [main] DEBUG org.hibernate.orm.jdbc.batch - PreparedStatementDetails did not contain PreparedStatement on #releaseStatements : update subteams set color_code=?,name=?,specialties=? where id=?
10:24:46.177 [main] DEBUG org.hibernate.resource.jdbc.internal.LogicalConnectionManagedImpl - Initiating JDBC connection release from afterTransaction
10:24:46.177 [main] DEBUG org.hibernate.engine.jdbc.internal.JdbcCoordinatorImpl - HHH000420: Closing un-released batch
10:24:46.177 [main] DEBUG org.hibernate.orm.jdbc.batch - PreparedStatementDetails did not contain PreparedStatement on #releaseStatements : update subteams set color_code=?,name=?,specialties=? where id=?
10:24:46.177 [main] DEBUG org.hibernate.orm.jdbc.batch - PreparedStatementDetails did not contain PreparedStatement on #releaseStatements : update subteams set color_code=?,name=?,specialties=? where id=?
10:24:46.178 [main] DEBUG org.hibernate.orm.sql.exec - Skipping reading Query result cache data: cache-enabled = false, cache-mode = IGNORE
10:24:46.178 [main] DEBUG org.hibernate.orm.results - Initializer list:
	  org.frcpm.models.Subteam.members -> DelayedCollectionInitializer(org.frcpm.models.Subteam.members)@1511464910 (PluralAttribute(org.frcpm.models.Subteam.members))
	  org.frcpm.models.Subteam.subsystems -> DelayedCollectionInitializer(org.frcpm.models.Subteam.subsystems)@864586525 (PluralAttribute(org.frcpm.models.Subteam.subsystems))
	  org.frcpm.models.Subteam -> EntityResultInitializer(org.frcpm.models.Subteam)@2067646348 (SingleTableEntityPersister(org.frcpm.models.Subteam))

10:24:46.178 [main] DEBUG org.hibernate.SQL - select s1_0.id,s1_0.color_code,s1_0.name,s1_0.specialties from subteams s1_0 where s1_0.id=?
10:24:46.178 [main] DEBUG org.hibernate.orm.results.loading.entity - (EntityResultInitializer) Hydrated EntityKey (org.frcpm.models.Subteam): 133
10:24:46.178 [main] DEBUG org.hibernate.orm.results.loading.org.hibernate.orm.results.loading.collection - (DelayedCollectionInitializer) Current row collection key : org.frcpm.models.Subteam.members#133
10:24:46.178 [main] DEBUG org.hibernate.orm.results.loading.org.hibernate.orm.results.loading.collection - (DelayedCollectionInitializer) Current row collection key : org.frcpm.models.Subteam.subsystems#133
10:24:46.178 [main] DEBUG org.hibernate.orm.results.loading.entity - (EntityResultInitializer) Created new entity instance [org.frcpm.models.Subteam#133] : 589506059
10:24:46.178 [main] DEBUG org.hibernate.orm.results - Extracted JDBC value [1] - [#00FFFF]
10:24:46.178 [main] DEBUG org.hibernate.orm.results - Extracted JDBC value [2] - [Updated Subteam Name]
10:24:46.178 [main] DEBUG org.hibernate.orm.results - Extracted JDBC value [3] - [null]
10:24:46.178 [main] DEBUG org.hibernate.orm.results.loading.entity - (EntityResultInitializer) Done materializing entityInstance : org.frcpm.models.Subteam#133
10:24:46.178 [main] DEBUG org.hibernate.orm.results.loading - Calling top-level assembler (0 / 1) : org.hibernate.sql.results.graph.entity.internal.EntityAssembler@8010563
10:24:46.178 [main] DEBUG org.hibernate.resource.jdbc.internal.LogicalConnectionManagedImpl - Initiating JDBC connection release from afterTransaction
10:24:46.179 [main] DEBUG org.hibernate.orm.sql.ast.create - Created new SQL alias : s1_0
10:24:46.179 [main] DEBUG org.hibernate.orm.sql.ast.create - Registration of TableGroup [StandardTableGroup(org.frcpm.models.Subteam(959702466929100))] with identifierForTableGroup [org.frcpm.models.Subteam] for NavigablePath [org.frcpm.models.Subteam] 
10:24:46.180 [main] DEBUG org.hibernate.orm.results.graph.AST - DomainResult Graph:
 \-EntityResultImpl [org.frcpm.models.Subteam(959702466929100)]
 |  +-BasicFetch [org.frcpm.models.Subteam(959702466929100).colorCode]
 |  +-DelayedCollectionFetch [org.frcpm.models.Subteam(959702466929100).members]
 |  +-BasicFetch [org.frcpm.models.Subteam(959702466929100).name]
 |  +-BasicFetch [org.frcpm.models.Subteam(959702466929100).specialties]
 |  \-DelayedCollectionFetch [org.frcpm.models.Subteam(959702466929100).subsystems]

10:24:46.180 [main] DEBUG org.hibernate.orm.sql.ast.tree - SQL AST Tree:
    SelectStatement {
      FromClause {
        StandardTableGroup (s1 : org.frcpm.models.Subteam(959702466929100)) {
          primaryTableReference : subteams as s1_0
        }
      }
    }

10:24:46.180 [main] DEBUG org.hibernate.orm.sql.exec - Skipping reading Query result cache data: cache-enabled = false, cache-mode = NORMAL
10:24:46.180 [main] DEBUG org.hibernate.orm.results - Initializer list:
	  org.frcpm.models.Subteam(959702466929100).members -> DelayedCollectionInitializer(org.frcpm.models.Subteam(959702466929100).members)@1670983415 (PluralAttribute(org.frcpm.models.Subteam.members))
	  org.frcpm.models.Subteam(959702466929100) -> EntityResultInitializer(org.frcpm.models.Subteam(959702466929100))@1633269489 (SingleTableEntityPersister(org.frcpm.models.Subteam))
	  org.frcpm.models.Subteam(959702466929100).subsystems -> DelayedCollectionInitializer(org.frcpm.models.Subteam(959702466929100).subsystems)@1719575073 (PluralAttribute(org.frcpm.models.Subteam.subsystems))

10:24:46.180 [main] DEBUG org.hibernate.SQL - select s1_0.id,s1_0.color_code,s1_0.name,s1_0.specialties from subteams s1_0
10:24:46.180 [main] DEBUG org.hibernate.orm.results - Extracted JDBC value [0] - [1]
10:24:46.180 [main] DEBUG org.hibernate.orm.results.loading.entity - (EntityResultInitializer) Hydrated EntityKey (org.frcpm.models.Subteam(959702466929100)): 1
10:24:46.180 [main] DEBUG org.hibernate.orm.results.loading.org.hibernate.orm.results.loading.collection - (DelayedCollectionInitializer) Current row collection key : org.frcpm.models.Subteam(959702466929100).members#1
10:24:46.180 [main] DEBUG org.hibernate.orm.results.loading.org.hibernate.orm.results.loading.collection - (DelayedCollectionInitializer) Current row collection key : org.frcpm.models.Subteam(959702466929100).subsystems#1
10:24:46.180 [main] DEBUG org.hibernate.orm.results.loading.entity - (EntityResultInitializer) Created new entity instance [org.frcpm.models.Subteam(959702466929100)#1] : 915242428
10:24:46.180 [main] DEBUG org.hibernate.orm.results - Extracted JDBC value [1] - [#FF5733]
10:24:46.180 [main] DEBUG org.hibernate.orm.results - Extracted JDBC value [2] - [Mechanical]
10:24:46.180 [main] DEBUG org.hibernate.orm.results - Extracted JDBC value [3] - [Design, CAD, Fabrication, Assembly]
10:24:46.180 [main] DEBUG org.hibernate.orm.results.loading.entity - (EntityResultInitializer) Done materializing entityInstance : org.frcpm.models.Subteam(959702466929100)#1
10:24:46.180 [main] DEBUG org.hibernate.orm.results.loading - Calling top-level assembler (0 / 1) : org.hibernate.sql.results.graph.entity.internal.EntityAssembler@2ccfea24
10:24:46.180 [main] DEBUG org.hibernate.orm.results - Extracted JDBC value [0] - [2]
10:24:46.180 [main] DEBUG org.hibernate.orm.results.loading.entity - (EntityResultInitializer) Hydrated EntityKey (org.frcpm.models.Subteam(959702466929100)): 2
10:24:46.180 [main] DEBUG org.hibernate.orm.results.loading.org.hibernate.orm.results.loading.collection - (DelayedCollectionInitializer) Current row collection key : org.frcpm.models.Subteam(959702466929100).members#2
10:24:46.180 [main] DEBUG org.hibernate.orm.results.loading.org.hibernate.orm.results.loading.collection - (DelayedCollectionInitializer) Current row collection key : org.frcpm.models.Subteam(959702466929100).subsystems#2
10:24:46.180 [main] DEBUG org.hibernate.orm.results.loading.entity - (EntityResultInitializer) Created new entity instance [org.frcpm.models.Subteam(959702466929100)#2] : 1903297180
10:24:46.180 [main] DEBUG org.hibernate.orm.results - Extracted JDBC value [1] - [#33A8FF]
10:24:46.180 [main] DEBUG org.hibernate.orm.results - Extracted JDBC value [2] - [Electrical]
10:24:46.180 [main] DEBUG org.hibernate.orm.results - Extracted JDBC value [3] - [Wiring, Electronics, Sensors, Power Systems]
10:24:46.180 [main] DEBUG org.hibernate.orm.results.loading.entity - (EntityResultInitializer) Done materializing entityInstance : org.frcpm.models.Subteam(959702466929100)#2
10:24:46.180 [main] DEBUG org.hibernate.orm.results.loading - Calling top-level assembler (0 / 1) : org.hibernate.sql.results.graph.entity.internal.EntityAssembler@2ccfea24
10:24:46.180 [main] DEBUG org.hibernate.orm.results - Extracted JDBC value [0] - [3]
10:24:46.180 [main] DEBUG org.hibernate.orm.results.loading.entity - (EntityResultInitializer) Hydrated EntityKey (org.frcpm.models.Subteam(959702466929100)): 3
10:24:46.180 [main] DEBUG org.hibernate.orm.results.loading.org.hibernate.orm.results.loading.collection - (DelayedCollectionInitializer) Current row collection key : org.frcpm.models.Subteam(959702466929100).members#3
10:24:46.180 [main] DEBUG org.hibernate.orm.results.loading.org.hibernate.orm.results.loading.collection - (DelayedCollectionInitializer) Current row collection key : org.frcpm.models.Subteam(959702466929100).subsystems#3
10:24:46.180 [main] DEBUG org.hibernate.orm.results.loading.entity - (EntityResultInitializer) Created new entity instance [org.frcpm.models.Subteam(959702466929100)#3] : 1952835147
10:24:46.180 [main] DEBUG org.hibernate.orm.results - Extracted JDBC value [1] - [#33FF57]
10:24:46.180 [main] DEBUG org.hibernate.orm.results - Extracted JDBC value [2] - [Programming]
10:24:46.180 [main] DEBUG org.hibernate.orm.results - Extracted JDBC value [3] - [Java, Vision, Control Systems, Autonomous]
10:24:46.180 [main] DEBUG org.hibernate.orm.results.loading.entity - (EntityResultInitializer) Done materializing entityInstance : org.frcpm.models.Subteam(959702466929100)#3
10:24:46.180 [main] DEBUG org.hibernate.orm.results.loading - Calling top-level assembler (0 / 1) : org.hibernate.sql.results.graph.entity.internal.EntityAssembler@2ccfea24
10:24:46.180 [main] DEBUG org.hibernate.orm.results - Extracted JDBC value [0] - [4]
10:24:46.180 [main] DEBUG org.hibernate.orm.results.loading.entity - (EntityResultInitializer) Hydrated EntityKey (org.frcpm.models.Subteam(959702466929100)): 4
10:24:46.180 [main] DEBUG org.hibernate.orm.results.loading.org.hibernate.orm.results.loading.collection - (DelayedCollectionInitializer) Current row collection key : org.frcpm.models.Subteam(959702466929100).members#4
10:24:46.180 [main] DEBUG org.hibernate.orm.results.loading.org.hibernate.orm.results.loading.collection - (DelayedCollectionInitializer) Current row collection key : org.frcpm.models.Subteam(959702466929100).subsystems#4
10:24:46.180 [main] DEBUG org.hibernate.orm.results.loading.entity - (EntityResultInitializer) Created new entity instance [org.frcpm.models.Subteam(959702466929100)#4] : 1322875385
10:24:46.180 [main] DEBUG org.hibernate.orm.results - Extracted JDBC value [1] - [#FF33A8]
10:24:46.180 [main] DEBUG org.hibernate.orm.results - Extracted JDBC value [2] - [Business]
10:24:46.180 [main] DEBUG org.hibernate.orm.results - Extracted JDBC value [3] - [Fundraising, Marketing, Outreach, Awards]
10:24:46.180 [main] DEBUG org.hibernate.orm.results.loading.entity - (EntityResultInitializer) Done materializing entityInstance : org.frcpm.models.Subteam(959702466929100)#4
10:24:46.180 [main] DEBUG org.hibernate.orm.results.loading - Calling top-level assembler (0 / 1) : org.hibernate.sql.results.graph.entity.internal.EntityAssembler@2ccfea24
10:24:46.180 [main] DEBUG org.hibernate.orm.results - Extracted JDBC value [0] - [24]
10:24:46.180 [main] DEBUG org.hibernate.orm.results.loading.entity - (EntityResultInitializer) Hydrated EntityKey (org.frcpm.models.Subteam(959702466929100)): 24
10:24:46.180 [main] DEBUG org.hibernate.orm.results.loading.org.hibernate.orm.results.loading.collection - (DelayedCollectionInitializer) Current row collection key : org.frcpm.models.Subteam(959702466929100).members#24
10:24:46.180 [main] DEBUG org.hibernate.orm.results.loading.org.hibernate.orm.results.loading.collection - (DelayedCollectionInitializer) Current row collection key : org.frcpm.models.Subteam(959702466929100).subsystems#24
10:24:46.180 [main] DEBUG org.hibernate.orm.results.loading.entity - (EntityResultInitializer) Created new entity instance [org.frcpm.models.Subteam(959702466929100)#24] : 903284617
10:24:46.181 [main] DEBUG org.hibernate.orm.results - Extracted JDBC value [1] - [#0000FF]
10:24:46.181 [main] DEBUG org.hibernate.orm.results - Extracted JDBC value [2] - [Test Count Subteam]
10:24:46.181 [main] DEBUG org.hibernate.orm.results - Extracted JDBC value [3] - [null]
10:24:46.181 [main] DEBUG org.hibernate.orm.results.loading.entity - (EntityResultInitializer) Done materializing entityInstance : org.frcpm.models.Subteam(959702466929100)#24
10:24:46.181 [main] DEBUG org.hibernate.orm.results.loading - Calling top-level assembler (0 / 1) : org.hibernate.sql.results.graph.entity.internal.EntityAssembler@2ccfea24
10:24:46.181 [main] DEBUG org.hibernate.orm.results - Extracted JDBC value [0] - [27]
10:24:46.181 [main] DEBUG org.hibernate.orm.results.loading.entity - (EntityResultInitializer) Hydrated EntityKey (org.frcpm.models.Subteam(959702466929100)): 27
10:24:46.181 [main] DEBUG org.hibernate.orm.results.loading.org.hibernate.orm.results.loading.collection - (DelayedCollectionInitializer) Current row collection key : org.frcpm.models.Subteam(959702466929100).members#27
10:24:46.181 [main] DEBUG org.hibernate.orm.results.loading.org.hibernate.orm.results.loading.collection - (DelayedCollectionInitializer) Current row collection key : org.frcpm.models.Subteam(959702466929100).subsystems#27
10:24:46.181 [main] DEBUG org.hibernate.orm.results.loading.entity - (EntityResultInitializer) Created new entity instance [org.frcpm.models.Subteam(959702466929100)#27] : 994288737
10:24:46.181 [main] DEBUG org.hibernate.orm.results - Extracted JDBC value [1] - [#0000FF]
10:24:46.181 [main] DEBUG org.hibernate.orm.results - Extracted JDBC value [2] - [Test Save Subteam]
10:24:46.181 [main] DEBUG org.hibernate.orm.results - Extracted JDBC value [3] - [Testing]
10:24:46.181 [main] DEBUG org.hibernate.orm.results.loading.entity - (EntityResultInitializer) Done materializing entityInstance : org.frcpm.models.Subteam(959702466929100)#27
10:24:46.181 [main] DEBUG org.hibernate.orm.results.loading - Calling top-level assembler (0 / 1) : org.hibernate.sql.results.graph.entity.internal.EntityAssembler@2ccfea24
10:24:46.181 [main] DEBUG org.hibernate.orm.results - Extracted JDBC value [0] - [42]
10:24:46.181 [main] DEBUG org.hibernate.orm.results.loading.entity - (EntityResultInitializer) Hydrated EntityKey (org.frcpm.models.Subteam(959702466929100)): 42
10:24:46.181 [main] DEBUG org.hibernate.orm.results.loading.org.hibernate.orm.results.loading.collection - (DelayedCollectionInitializer) Current row collection key : org.frcpm.models.Subteam(959702466929100).members#42
10:24:46.181 [main] DEBUG org.hibernate.orm.results.loading.org.hibernate.orm.results.loading.collection - (DelayedCollectionInitializer) Current row collection key : org.frcpm.models.Subteam(959702466929100).subsystems#42
10:24:46.181 [main] DEBUG org.hibernate.orm.results.loading.entity - (EntityResultInitializer) Created new entity instance [org.frcpm.models.Subteam(959702466929100)#42] : 508070977
10:24:46.181 [main] DEBUG org.hibernate.orm.results - Extracted JDBC value [1] - [#00FFFF]
10:24:46.181 [main] DEBUG org.hibernate.orm.results - Extracted JDBC value [2] - [Updated Subteam Name]
10:24:46.181 [main] DEBUG org.hibernate.orm.results - Extracted JDBC value [3] - [null]
10:24:46.181 [main] DEBUG org.hibernate.orm.results.loading.entity - (EntityResultInitializer) Done materializing entityInstance : org.frcpm.models.Subteam(959702466929100)#42
10:24:46.181 [main] DEBUG org.hibernate.orm.results.loading - Calling top-level assembler (0 / 1) : org.hibernate.sql.results.graph.entity.internal.EntityAssembler@2ccfea24
10:24:46.181 [main] DEBUG org.hibernate.orm.results - Extracted JDBC value [0] - [67]
10:24:46.181 [main] DEBUG org.hibernate.orm.results.loading.entity - (EntityResultInitializer) Hydrated EntityKey (org.frcpm.models.Subteam(959702466929100)): 67
10:24:46.181 [main] DEBUG org.hibernate.orm.results.loading.org.hibernate.orm.results.loading.collection - (DelayedCollectionInitializer) Current row collection key : org.frcpm.models.Subteam(959702466929100).members#67
10:24:46.181 [main] DEBUG org.hibernate.orm.results.loading.org.hibernate.orm.results.loading.collection - (DelayedCollectionInitializer) Current row collection key : org.frcpm.models.Subteam(959702466929100).subsystems#67
10:24:46.181 [main] DEBUG org.hibernate.orm.results.loading.entity - (EntityResultInitializer) Created new entity instance [org.frcpm.models.Subteam(959702466929100)#67] : 1033358163
10:24:46.181 [main] DEBUG org.hibernate.orm.results - Extracted JDBC value [1] - [#0000FF]
10:24:46.181 [main] DEBUG org.hibernate.orm.results - Extracted JDBC value [2] - [Test Create Service Subteam]
10:24:46.181 [main] DEBUG org.hibernate.orm.results - Extracted JDBC value [3] - [Testing, Quality Assurance]
10:24:46.181 [main] DEBUG org.hibernate.orm.results.loading.entity - (EntityResultInitializer) Done materializing entityInstance : org.frcpm.models.Subteam(959702466929100)#67
10:24:46.181 [main] DEBUG org.hibernate.orm.results.loading - Calling top-level assembler (0 / 1) : org.hibernate.sql.results.graph.entity.internal.EntityAssembler@2ccfea24
10:24:46.181 [main] DEBUG org.hibernate.orm.results - Extracted JDBC value [0] - [70]
10:24:46.181 [main] DEBUG org.hibernate.orm.results.loading.entity - (EntityResultInitializer) Hydrated EntityKey (org.frcpm.models.Subteam(959702466929100)): 70
10:24:46.181 [main] DEBUG org.hibernate.orm.results.loading.org.hibernate.orm.results.loading.collection - (DelayedCollectionInitializer) Current row collection key : org.frcpm.models.Subteam(959702466929100).members#70
10:24:46.181 [main] DEBUG org.hibernate.orm.results.loading.org.hibernate.orm.results.loading.collection - (DelayedCollectionInitializer) Current row collection key : org.frcpm.models.Subteam(959702466929100).subsystems#70
10:24:46.181 [main] DEBUG org.hibernate.orm.results.loading.entity - (EntityResultInitializer) Created new entity instance [org.frcpm.models.Subteam(959702466929100)#70] : 1388972085
10:24:46.181 [main] DEBUG org.hibernate.orm.results - Extracted JDBC value [1] - [#00FFFF]
10:24:46.181 [main] DEBUG org.hibernate.orm.results - Extracted JDBC value [2] - [Test Color Update Subteam]
10:24:46.181 [main] DEBUG org.hibernate.orm.results - Extracted JDBC value [3] - [Specialties]
10:24:46.181 [main] DEBUG org.hibernate.orm.results.loading.entity - (EntityResultInitializer) Done materializing entityInstance : org.frcpm.models.Subteam(959702466929100)#70
10:24:46.181 [main] DEBUG org.hibernate.orm.results.loading - Calling top-level assembler (0 / 1) : org.hibernate.sql.results.graph.entity.internal.EntityAssembler@2ccfea24
10:24:46.181 [main] DEBUG org.hibernate.orm.results - Extracted JDBC value [0] - [79]
10:24:46.181 [main] DEBUG org.hibernate.orm.results.loading.entity - (EntityResultInitializer) Hydrated EntityKey (org.frcpm.models.Subteam(959702466929100)): 79
10:24:46.181 [main] DEBUG org.hibernate.orm.results.loading.org.hibernate.orm.results.loading.collection - (DelayedCollectionInitializer) Current row collection key : org.frcpm.models.Subteam(959702466929100).members#79
10:24:46.181 [main] DEBUG org.hibernate.orm.results.loading.org.hibernate.orm.results.loading.collection - (DelayedCollectionInitializer) Current row collection key : org.frcpm.models.Subteam(959702466929100).subsystems#79
10:24:46.181 [main] DEBUG org.hibernate.orm.results.loading.entity - (EntityResultInitializer) Created new entity instance [org.frcpm.models.Subteam(959702466929100)#79] : 1819878472
10:24:46.181 [main] DEBUG org.hibernate.orm.results - Extracted JDBC value [1] - [#0000FF]
10:24:46.181 [main] DEBUG org.hibernate.orm.results - Extracted JDBC value [2] - [Test Update Subteam]
10:24:46.181 [main] DEBUG org.hibernate.orm.results - Extracted JDBC value [3] - [Updated Specialties]
10:24:46.181 [main] DEBUG org.hibernate.orm.results.loading.entity - (EntityResultInitializer) Done materializing entityInstance : org.frcpm.models.Subteam(959702466929100)#79
10:24:46.181 [main] DEBUG org.hibernate.orm.results.loading - Calling top-level assembler (0 / 1) : org.hibernate.sql.results.graph.entity.internal.EntityAssembler@2ccfea24
10:24:46.181 [main] DEBUG org.hibernate.orm.results - Extracted JDBC value [0] - [87]
10:24:46.181 [main] DEBUG org.hibernate.orm.results.loading.entity - (EntityResultInitializer) Hydrated EntityKey (org.frcpm.models.Subteam(959702466929100)): 87
10:24:46.181 [main] DEBUG org.hibernate.orm.results.loading.org.hibernate.orm.results.loading.collection - (DelayedCollectionInitializer) Current row collection key : org.frcpm.models.Subteam(959702466929100).members#87
10:24:46.181 [main] DEBUG org.hibernate.orm.results.loading.org.hibernate.orm.results.loading.collection - (DelayedCollectionInitializer) Current row collection key : org.frcpm.models.Subteam(959702466929100).subsystems#87
10:24:46.181 [main] DEBUG org.hibernate.orm.results.loading.entity - (EntityResultInitializer) Created new entity instance [org.frcpm.models.Subteam(959702466929100)#87] : 1730239160
10:24:46.181 [main] DEBUG org.hibernate.orm.results - Extracted JDBC value [1] - [#0000FF]
10:24:46.181 [main] DEBUG org.hibernate.orm.results - Extracted JDBC value [2] - [Duplicate Name Subteam]
10:24:46.181 [main] DEBUG org.hibernate.orm.results - Extracted JDBC value [3] - [Specialties]
10:24:46.181 [main] DEBUG org.hibernate.orm.results.loading.entity - (EntityResultInitializer) Done materializing entityInstance : org.frcpm.models.Subteam(959702466929100)#87
10:24:46.181 [main] DEBUG org.hibernate.orm.results.loading - Calling top-level assembler (0 / 1) : org.hibernate.sql.results.graph.entity.internal.EntityAssembler@2ccfea24
10:24:46.181 [main] DEBUG org.hibernate.orm.results - Extracted JDBC value [0] - [115]
10:24:46.181 [main] DEBUG org.hibernate.orm.results.loading.entity - (EntityResultInitializer) Hydrated EntityKey (org.frcpm.models.Subteam(959702466929100)): 115
10:24:46.181 [main] DEBUG org.hibernate.orm.results.loading.org.hibernate.orm.results.loading.collection - (DelayedCollectionInitializer) Current row collection key : org.frcpm.models.Subteam(959702466929100).members#115
10:24:46.181 [main] DEBUG org.hibernate.orm.results.loading.org.hibernate.orm.results.loading.collection - (DelayedCollectionInitializer) Current row collection key : org.frcpm.models.Subteam(959702466929100).subsystems#115
10:24:46.181 [main] DEBUG org.hibernate.orm.results.loading.entity - (EntityResultInitializer) Created new entity instance [org.frcpm.models.Subteam(959702466929100)#115] : 656028313
10:24:46.181 [main] DEBUG org.hibernate.orm.results - Extracted JDBC value [1] - [#0000FF]
10:24:46.181 [main] DEBUG org.hibernate.orm.results - Extracted JDBC value [2] - [Test Count Subteam]
10:24:46.181 [main] DEBUG org.hibernate.orm.results - Extracted JDBC value [3] - [null]
10:24:46.181 [main] DEBUG org.hibernate.orm.results.loading.entity - (EntityResultInitializer) Done materializing entityInstance : org.frcpm.models.Subteam(959702466929100)#115
10:24:46.181 [main] DEBUG org.hibernate.orm.results.loading - Calling top-level assembler (0 / 1) : org.hibernate.sql.results.graph.entity.internal.EntityAssembler@2ccfea24
10:24:46.181 [main] DEBUG org.hibernate.orm.results - Extracted JDBC value [0] - [118]
10:24:46.181 [main] DEBUG org.hibernate.orm.results.loading.entity - (EntityResultInitializer) Hydrated EntityKey (org.frcpm.models.Subteam(959702466929100)): 118
10:24:46.181 [main] DEBUG org.hibernate.orm.results.loading.org.hibernate.orm.results.loading.collection - (DelayedCollectionInitializer) Current row collection key : org.frcpm.models.Subteam(959702466929100).members#118
10:24:46.181 [main] DEBUG org.hibernate.orm.results.loading.org.hibernate.orm.results.loading.collection - (DelayedCollectionInitializer) Current row collection key : org.frcpm.models.Subteam(959702466929100).subsystems#118
10:24:46.181 [main] DEBUG org.hibernate.orm.results.loading.entity - (EntityResultInitializer) Created new entity instance [org.frcpm.models.Subteam(959702466929100)#118] : 1136834518
10:24:46.181 [main] DEBUG org.hibernate.orm.results - Extracted JDBC value [1] - [#0000FF]
10:24:46.181 [main] DEBUG org.hibernate.orm.results - Extracted JDBC value [2] - [Test Save Subteam]
10:24:46.181 [main] DEBUG org.hibernate.orm.results - Extracted JDBC value [3] - [Testing]
10:24:46.181 [main] DEBUG org.hibernate.orm.results.loading.entity - (EntityResultInitializer) Done materializing entityInstance : org.frcpm.models.Subteam(959702466929100)#118
10:24:46.181 [main] DEBUG org.hibernate.orm.results.loading - Calling top-level assembler (0 / 1) : org.hibernate.sql.results.graph.entity.internal.EntityAssembler@2ccfea24
10:24:46.181 [main] DEBUG org.hibernate.orm.results - Extracted JDBC value [0] - [131]
10:24:46.181 [main] DEBUG org.hibernate.orm.results.loading.entity - (EntityResultInitializer) Hydrated EntityKey (org.frcpm.models.Subteam(959702466929100)): 131
10:24:46.181 [main] DEBUG org.hibernate.orm.results.loading.org.hibernate.orm.results.loading.collection - (DelayedCollectionInitializer) Current row collection key : org.frcpm.models.Subteam(959702466929100).members#131
10:24:46.181 [main] DEBUG org.hibernate.orm.results.loading.org.hibernate.orm.results.loading.collection - (DelayedCollectionInitializer) Current row collection key : org.frcpm.models.Subteam(959702466929100).subsystems#131
10:24:46.181 [main] DEBUG org.hibernate.orm.results.loading.entity - (EntityResultInitializer) Created new entity instance [org.frcpm.models.Subteam(959702466929100)#131] : 1667753642
10:24:46.181 [main] DEBUG org.hibernate.orm.results - Extracted JDBC value [1] - [#FF0000]
10:24:46.181 [main] DEBUG org.hibernate.orm.results - Extracted JDBC value [2] - [Test Subteam 1]
10:24:46.181 [main] DEBUG org.hibernate.orm.results - Extracted JDBC value [3] - [Java, Programming, Controls]
10:24:46.181 [main] DEBUG org.hibernate.orm.results.loading.entity - (EntityResultInitializer) Done materializing entityInstance : org.frcpm.models.Subteam(959702466929100)#131
10:24:46.181 [main] DEBUG org.hibernate.orm.results.loading - Calling top-level assembler (0 / 1) : org.hibernate.sql.results.graph.entity.internal.EntityAssembler@2ccfea24
10:24:46.181 [main] DEBUG org.hibernate.orm.results - Extracted JDBC value [0] - [132]
10:24:46.181 [main] DEBUG org.hibernate.orm.results.loading.entity - (EntityResultInitializer) Hydrated EntityKey (org.frcpm.models.Subteam(959702466929100)): 132
10:24:46.181 [main] DEBUG org.hibernate.orm.results.loading.org.hibernate.orm.results.loading.collection - (DelayedCollectionInitializer) Current row collection key : org.frcpm.models.Subteam(959702466929100).members#132
10:24:46.181 [main] DEBUG org.hibernate.orm.results.loading.org.hibernate.orm.results.loading.collection - (DelayedCollectionInitializer) Current row collection key : org.frcpm.models.Subteam(959702466929100).subsystems#132
10:24:46.181 [main] DEBUG org.hibernate.orm.results.loading.entity - (EntityResultInitializer) Created new entity instance [org.frcpm.models.Subteam(959702466929100)#132] : 1811513447
10:24:46.181 [main] DEBUG org.hibernate.orm.results - Extracted JDBC value [1] - [#00FF00]
10:24:46.181 [main] DEBUG org.hibernate.orm.results - Extracted JDBC value [2] - [Test Subteam 2]
10:24:46.181 [main] DEBUG org.hibernate.orm.results - Extracted JDBC value [3] - [CAD, Design, Fabrication]
10:24:46.181 [main] DEBUG org.hibernate.orm.results.loading.entity - (EntityResultInitializer) Done materializing entityInstance : org.frcpm.models.Subteam(959702466929100)#132
10:24:46.181 [main] DEBUG org.hibernate.orm.results.loading - Calling top-level assembler (0 / 1) : org.hibernate.sql.results.graph.entity.internal.EntityAssembler@2ccfea24
10:24:46.181 [main] DEBUG org.hibernate.orm.results - Extracted JDBC value [0] - [133]
10:24:46.181 [main] DEBUG org.hibernate.orm.results.loading.entity - (EntityResultInitializer) Hydrated EntityKey (org.frcpm.models.Subteam(959702466929100)): 133
10:24:46.181 [main] DEBUG org.hibernate.orm.results.loading.org.hibernate.orm.results.loading.collection - (DelayedCollectionInitializer) Current row collection key : org.frcpm.models.Subteam(959702466929100).members#133
10:24:46.181 [main] DEBUG org.hibernate.orm.results.loading.org.hibernate.orm.results.loading.collection - (DelayedCollectionInitializer) Current row collection key : org.frcpm.models.Subteam(959702466929100).subsystems#133
10:24:46.182 [main] DEBUG org.hibernate.orm.results.loading.entity - (EntityResultInitializer) Created new entity instance [org.frcpm.models.Subteam(959702466929100)#133] : 1789104665
10:24:46.182 [main] DEBUG org.hibernate.orm.results - Extracted JDBC value [1] - [#00FFFF]
10:24:46.182 [main] DEBUG org.hibernate.orm.results - Extracted JDBC value [2] - [Updated Subteam Name]
10:24:46.182 [main] DEBUG org.hibernate.orm.results - Extracted JDBC value [3] - [null]
10:24:46.182 [main] DEBUG org.hibernate.orm.results.loading.entity - (EntityResultInitializer) Done materializing entityInstance : org.frcpm.models.Subteam(959702466929100)#133
10:24:46.182 [main] DEBUG org.hibernate.orm.results.loading - Calling top-level assembler (0 / 1) : org.hibernate.sql.results.graph.entity.internal.EntityAssembler@2ccfea24
10:24:46.182 [main] DEBUG org.hibernate.resource.jdbc.internal.LogicalConnectionManagedImpl - Initiating JDBC connection release from afterTransaction
10:24:46.182 [main] DEBUG org.hibernate.resource.jdbc.internal.LogicalConnectionManagedImpl - Initiating JDBC connection release from afterTransaction
10:24:46.182 [main] DEBUG org.hibernate.engine.transaction.internal.TransactionImpl - On TransactionImpl creation, JpaCompliance#isJpaTransactionComplianceEnabled == false
10:24:46.182 [main] DEBUG org.hibernate.engine.transaction.internal.TransactionImpl - begin
10:24:46.182 [main] DEBUG org.hibernate.orm.sql.exec - Skipping reading Query result cache data: cache-enabled = false, cache-mode = IGNORE
10:24:46.182 [main] DEBUG org.hibernate.orm.results - Initializer list:
	  org.frcpm.models.Subteam.members.{element}.assignedTasks -> DelayedCollectionInitializer(org.frcpm.models.Subteam.members.{element}.assignedTasks)@1997438142 (PluralAttribute(org.frcpm.models.TeamMember.assignedTasks))
	  org.frcpm.models.Subteam.members.{element} -> EntityJoinedFetchInitializer(org.frcpm.models.Subteam.members.{element})@21695260 (EntityCollectionPart(org.frcpm.models.Subteam.members#{element})@948591199)
	  org.frcpm.models.Subteam.members -> BagInitializer(org.frcpm.models.Subteam.members)@979518698 (PluralAttribute(org.frcpm.models.Subteam.members))
	  org.frcpm.models.Subteam.members.{element}.attendances -> SelectEagerCollectionInitializer(org.frcpm.models.Subteam.members.{element}.attendances)@378584948 (PluralAttribute(org.frcpm.models.TeamMember.attendances))
	  org.frcpm.models.Subteam.subsystems -> DelayedCollectionInitializer(org.frcpm.models.Subteam.subsystems)@318757524 (PluralAttribute(org.frcpm.models.Subteam.subsystems))
	  org.frcpm.models.Subteam -> EntityResultInitializer(org.frcpm.models.Subteam)@1261776956 (SingleTableEntityPersister(org.frcpm.models.Subteam))

10:24:46.182 [main] DEBUG org.hibernate.SQL - select s1_0.id,s1_0.color_code,s1_0.name,s1_0.specialties,m1_0.subteam_id,m1_0.id,m1_0.email,m1_0.first_name,m1_0.last_name,m1_0.is_leader,m1_0.phone,m1_0.skills,m1_0.username from subteams s1_0 left join team_members m1_0 on s1_0.id=m1_0.subteam_id where s1_0.id=?
10:24:46.183 [main] DEBUG org.hibernate.orm.results.loading.entity - (EntityResultInitializer) Hydrated EntityKey (org.frcpm.models.Subteam): 131
10:24:46.183 [main] DEBUG org.hibernate.orm.results.loading.org.hibernate.orm.results.loading.collection - (BagInitializer) Current row collection key : org.frcpm.models.Subteam.members#131
10:24:46.183 [main] DEBUG org.hibernate.orm.results - Extracted JDBC value [4] - [null]
10:24:46.183 [main] DEBUG org.hibernate.orm.results - Extracted JDBC value [5] - [null]
10:24:46.183 [main] DEBUG org.hibernate.orm.results.loading.entity - (EntityJoinedFetchInitializer) EntityKey (org.frcpm.models.Subteam.members.{element}) is null
10:24:46.183 [main] DEBUG org.hibernate.orm.results.loading.org.hibernate.orm.results.loading.collection - (DelayedCollectionInitializer) Current row collection key : org.frcpm.models.Subteam.subsystems#131
10:24:46.183 [main] DEBUG org.hibernate.orm.results.loading.entity - (EntityResultInitializer) Created new entity instance [org.frcpm.models.Subteam#131] : 476536670
10:24:46.183 [main] DEBUG org.hibernate.orm.results.loading.org.hibernate.orm.results.loading.collection - (BagInitializer) Created new collection wrapper [org.frcpm.models.Subteam.members#131] : org.hibernate.collection.spi.PersistentBag@2117154878
10:24:46.183 [main] DEBUG org.hibernate.orm.results.loading.org.hibernate.orm.results.loading.collection - (BagInitializer) Responsible for loading collection [org.frcpm.models.Subteam.members#131] : org.hibernate.collection.spi.PersistentBag@2117154878
10:24:46.183 [main] DEBUG org.hibernate.orm.results - Extracted JDBC value [1] - [#FF0000]
10:24:46.183 [main] DEBUG org.hibernate.orm.results - Extracted JDBC value [2] - [Test Subteam 1]
10:24:46.183 [main] DEBUG org.hibernate.orm.results - Extracted JDBC value [3] - [Java, Programming, Controls]
10:24:46.183 [main] DEBUG org.hibernate.orm.results.loading.entity - (EntityResultInitializer) Done materializing entityInstance : org.frcpm.models.Subteam#131
10:24:46.183 [main] DEBUG org.hibernate.orm.results.loading - Calling top-level assembler (0 / 1) : org.hibernate.sql.results.graph.entity.internal.EntityAssembler@2ed96cd1
10:24:46.183 [main] DEBUG org.hibernate.sql.results.internal.ResultsHelper - Collection fully initialized: [org.frcpm.models.Subteam.members#131]
10:24:46.183 [main] DEBUG org.hibernate.engine.transaction.internal.TransactionImpl - committing
10:24:46.183 [main] DEBUG org.hibernate.event.internal.AbstractFlushingEventListener - Processing flush-time cascades
10:24:46.183 [main] DEBUG org.hibernate.event.internal.AbstractFlushingEventListener - Dirty checking collections
10:24:46.183 [main] DEBUG org.hibernate.engine.internal.Collections - Collection dereferenced: [org.frcpm.models.Subteam.members#131]
10:24:46.183 [main] DEBUG org.hibernate.engine.internal.Collections - Collection dereferenced: [org.frcpm.models.Subteam.subsystems#131]
10:24:46.183 [main] DEBUG org.hibernate.event.internal.AbstractFlushingEventListener - Flushed: 0 insertions, 0 updates, 1 deletions to 1 objects
10:24:46.183 [main] DEBUG org.hibernate.event.internal.AbstractFlushingEventListener - Flushed: 0 (re)creations, 0 updates, 2 removals to 2 collections
10:24:46.183 [main] DEBUG org.hibernate.internal.util.EntityPrinter - Listing entities:
10:24:46.184 [main] DEBUG org.hibernate.internal.util.EntityPrinter - org.frcpm.models.Subteam{specialties=Java, Programming, Controls, members=[], name=Test Subteam 1, colorCode=#FF0000, id=131, subsystems=<uninitialized>}
10:24:46.184 [main] DEBUG org.hibernate.SQL - delete from subteams where id=?
10:24:46.184 [main] DEBUG org.hibernate.orm.jdbc.batch - PreparedStatementDetails did not contain PreparedStatement on #releaseStatements : delete from subteams where id=?
10:24:46.185 [main] DEBUG org.hibernate.orm.jdbc.batch - PreparedStatementDetails did not contain PreparedStatement on #releaseStatements : delete from subteams where id=?
10:24:46.185 [main] DEBUG org.hibernate.resource.jdbc.internal.LogicalConnectionManagedImpl - Initiating JDBC connection release from afterTransaction
10:24:46.185 [main] DEBUG org.hibernate.orm.jdbc.batch - PreparedStatementDetails did not contain PreparedStatement on #releaseStatements : delete from subteams where id=?
10:24:46.185 [main] DEBUG org.hibernate.orm.jdbc.batch - PreparedStatementDetails did not contain PreparedStatement on #releaseStatements : delete from subteams where id=?
10:24:46.185 [main] DEBUG org.hibernate.resource.jdbc.internal.LogicalConnectionManagedImpl - Initiating JDBC connection release from afterTransaction
10:24:46.185 [main] DEBUG org.hibernate.engine.jdbc.internal.JdbcCoordinatorImpl - HHH000420: Closing un-released batch
10:24:46.185 [main] DEBUG org.hibernate.orm.jdbc.batch - PreparedStatementDetails did not contain PreparedStatement on #releaseStatements : delete from subteams where id=?
10:24:46.185 [main] DEBUG org.hibernate.orm.jdbc.batch - PreparedStatementDetails did not contain PreparedStatement on #releaseStatements : delete from subteams where id=?
10:24:46.185 [main] DEBUG org.hibernate.engine.transaction.internal.TransactionImpl - On TransactionImpl creation, JpaCompliance#isJpaTransactionComplianceEnabled == false
10:24:46.185 [main] DEBUG org.hibernate.engine.transaction.internal.TransactionImpl - begin
10:24:46.185 [main] DEBUG org.hibernate.orm.sql.exec - Skipping reading Query result cache data: cache-enabled = false, cache-mode = IGNORE
10:24:46.185 [main] DEBUG org.hibernate.orm.results - Initializer list:
	  org.frcpm.models.Subteam.members.{element}.assignedTasks -> DelayedCollectionInitializer(org.frcpm.models.Subteam.members.{element}.assignedTasks)@2145739265 (PluralAttribute(org.frcpm.models.TeamMember.assignedTasks))
	  org.frcpm.models.Subteam.members.{element} -> EntityJoinedFetchInitializer(org.frcpm.models.Subteam.members.{element})@1178612667 (EntityCollectionPart(org.frcpm.models.Subteam.members#{element})@948591199)
	  org.frcpm.models.Subteam.members -> BagInitializer(org.frcpm.models.Subteam.members)@597319750 (PluralAttribute(org.frcpm.models.Subteam.members))
	  org.frcpm.models.Subteam.members.{element}.attendances -> SelectEagerCollectionInitializer(org.frcpm.models.Subteam.members.{element}.attendances)@960350813 (PluralAttribute(org.frcpm.models.TeamMember.attendances))
	  org.frcpm.models.Subteam.subsystems -> DelayedCollectionInitializer(org.frcpm.models.Subteam.subsystems)@1830568465 (PluralAttribute(org.frcpm.models.Subteam.subsystems))
	  org.frcpm.models.Subteam -> EntityResultInitializer(org.frcpm.models.Subteam)@713456098 (SingleTableEntityPersister(org.frcpm.models.Subteam))

10:24:46.185 [main] DEBUG org.hibernate.SQL - select s1_0.id,s1_0.color_code,s1_0.name,s1_0.specialties,m1_0.subteam_id,m1_0.id,m1_0.email,m1_0.first_name,m1_0.last_name,m1_0.is_leader,m1_0.phone,m1_0.skills,m1_0.username from subteams s1_0 left join team_members m1_0 on s1_0.id=m1_0.subteam_id where s1_0.id=?
10:24:46.185 [main] DEBUG org.hibernate.orm.results.loading.entity - (EntityResultInitializer) Hydrated EntityKey (org.frcpm.models.Subteam): 132
10:24:46.185 [main] DEBUG org.hibernate.orm.results.loading.org.hibernate.orm.results.loading.collection - (BagInitializer) Current row collection key : org.frcpm.models.Subteam.members#132
10:24:46.185 [main] DEBUG org.hibernate.orm.results - Extracted JDBC value [4] - [null]
10:24:46.185 [main] DEBUG org.hibernate.orm.results - Extracted JDBC value [5] - [null]
10:24:46.185 [main] DEBUG org.hibernate.orm.results.loading.entity - (EntityJoinedFetchInitializer) EntityKey (org.frcpm.models.Subteam.members.{element}) is null
10:24:46.185 [main] DEBUG org.hibernate.orm.results.loading.org.hibernate.orm.results.loading.collection - (DelayedCollectionInitializer) Current row collection key : org.frcpm.models.Subteam.subsystems#132
10:24:46.185 [main] DEBUG org.hibernate.orm.results.loading.entity - (EntityResultInitializer) Created new entity instance [org.frcpm.models.Subteam#132] : 39138791
10:24:46.185 [main] DEBUG org.hibernate.orm.results.loading.org.hibernate.orm.results.loading.collection - (BagInitializer) Created new collection wrapper [org.frcpm.models.Subteam.members#132] : org.hibernate.collection.spi.PersistentBag@453317926
10:24:46.186 [main] DEBUG org.hibernate.orm.results.loading.org.hibernate.orm.results.loading.collection - (BagInitializer) Responsible for loading collection [org.frcpm.models.Subteam.members#132] : org.hibernate.collection.spi.PersistentBag@453317926
10:24:46.186 [main] DEBUG org.hibernate.orm.results - Extracted JDBC value [1] - [#00FF00]
10:24:46.186 [main] DEBUG org.hibernate.orm.results - Extracted JDBC value [2] - [Test Subteam 2]
10:24:46.186 [main] DEBUG org.hibernate.orm.results - Extracted JDBC value [3] - [CAD, Design, Fabrication]
10:24:46.186 [main] DEBUG org.hibernate.orm.results.loading.entity - (EntityResultInitializer) Done materializing entityInstance : org.frcpm.models.Subteam#132
10:24:46.186 [main] DEBUG org.hibernate.orm.results.loading - Calling top-level assembler (0 / 1) : org.hibernate.sql.results.graph.entity.internal.EntityAssembler@e19cfbe
10:24:46.186 [main] DEBUG org.hibernate.sql.results.internal.ResultsHelper - Collection fully initialized: [org.frcpm.models.Subteam.members#132]
10:24:46.187 [main] DEBUG org.hibernate.engine.transaction.internal.TransactionImpl - committing
10:24:46.187 [main] DEBUG org.hibernate.event.internal.AbstractFlushingEventListener - Processing flush-time cascades
10:24:46.187 [main] DEBUG org.hibernate.event.internal.AbstractFlushingEventListener - Dirty checking collections
10:24:46.187 [main] DEBUG org.hibernate.engine.internal.Collections - Collection dereferenced: [org.frcpm.models.Subteam.members#132]
10:24:46.187 [main] DEBUG org.hibernate.engine.internal.Collections - Collection dereferenced: [org.frcpm.models.Subteam.subsystems#132]
10:24:46.187 [main] DEBUG org.hibernate.event.internal.AbstractFlushingEventListener - Flushed: 0 insertions, 0 updates, 1 deletions to 1 objects
10:24:46.187 [main] DEBUG org.hibernate.event.internal.AbstractFlushingEventListener - Flushed: 0 (re)creations, 0 updates, 2 removals to 2 collections
10:24:46.187 [main] DEBUG org.hibernate.internal.util.EntityPrinter - Listing entities:
10:24:46.187 [main] DEBUG org.hibernate.internal.util.EntityPrinter - org.frcpm.models.Subteam{specialties=CAD, Design, Fabrication, members=[], name=Test Subteam 2, colorCode=#00FF00, id=132, subsystems=<uninitialized>}
10:24:46.188 [main] DEBUG org.hibernate.SQL - delete from subteams where id=?
10:24:46.189 [main] DEBUG org.hibernate.orm.jdbc.batch - PreparedStatementDetails did not contain PreparedStatement on #releaseStatements : delete from subteams where id=?
10:24:46.189 [main] DEBUG org.hibernate.orm.jdbc.batch - PreparedStatementDetails did not contain PreparedStatement on #releaseStatements : delete from subteams where id=?
10:24:46.189 [main] DEBUG org.hibernate.resource.jdbc.internal.LogicalConnectionManagedImpl - Initiating JDBC connection release from afterTransaction
10:24:46.189 [main] DEBUG org.hibernate.orm.jdbc.batch - PreparedStatementDetails did not contain PreparedStatement on #releaseStatements : delete from subteams where id=?
10:24:46.189 [main] DEBUG org.hibernate.orm.jdbc.batch - PreparedStatementDetails did not contain PreparedStatement on #releaseStatements : delete from subteams where id=?
10:24:46.189 [main] DEBUG org.hibernate.resource.jdbc.internal.LogicalConnectionManagedImpl - Initiating JDBC connection release from afterTransaction
10:24:46.189 [main] DEBUG org.hibernate.engine.jdbc.internal.JdbcCoordinatorImpl - HHH000420: Closing un-released batch
10:24:46.189 [main] DEBUG org.hibernate.orm.jdbc.batch - PreparedStatementDetails did not contain PreparedStatement on #releaseStatements : delete from subteams where id=?
10:24:46.189 [main] DEBUG org.hibernate.orm.jdbc.batch - PreparedStatementDetails did not contain PreparedStatement on #releaseStatements : delete from subteams where id=?
10:24:46.189 [main] DEBUG org.hibernate.internal.SessionFactoryImpl - HHH000031: Closing
10:24:46.189 [main] DEBUG org.hibernate.type.spi.TypeConfiguration$Scope - Un-scoping TypeConfiguration [org.hibernate.type.spi.TypeConfiguration$Scope@16d7a43d] from SessionFactory [org.hibernate.internal.SessionFactoryImpl@314f6510]
10:24:46.189 [main] DEBUG org.hibernate.service.internal.AbstractServiceRegistryImpl - Implicitly destroying ServiceRegistry on de-registration of all child ServiceRegistries
10:24:46.189 [main] INFO com.zaxxer.hikari.HikariDataSource - FRC-PM-HikariCP - Shutdown initiated...
10:24:46.189 [main] DEBUG com.zaxxer.hikari.pool.HikariPool - FRC-PM-HikariCP - Before shutdown stats (total=1, active=0, idle=1, waiting=0)
10:24:46.190 [FRC-PM-HikariCP connection closer] DEBUG com.zaxxer.hikari.pool.PoolBase - FRC-PM-HikariCP - Closing connection conn128: url=jdbc:h2:file:C:\Users\dhiebert\.frcpm\frcpm user=SA: (connection evicted)
10:24:46.401 [main] DEBUG com.zaxxer.hikari.pool.HikariPool - FRC-PM-HikariCP - After shutdown stats (total=0, active=0, idle=0, waiting=0)
10:24:46.401 [main] INFO com.zaxxer.hikari.HikariDataSource - FRC-PM-HikariCP - Shutdown completed.
10:24:46.401 [main] DEBUG org.hibernate.boot.registry.internal.BootstrapServiceRegistryImpl - Implicitly destroying Boot-strap registry on de-registration of all child ServiceRegistries
]]></system-out>
    <system-err><![CDATA[Apr 25, 2025 10:24:46 AM org.frcpm.config.DatabaseConfig initialize
INFO: Initializing database configuration...
Apr 25, 2025 10:24:46 AM org.frcpm.config.DatabaseConfig initialize
INFO: Using FILE-BASED database at: file:C:\Users\dhiebert\.frcpm\frcpm
Apr 25, 2025 10:24:46 AM org.frcpm.config.DatabaseConfig initialize
INFO: Using JDBC URL: jdbc:h2:file:C:\Users\dhiebert\.frcpm\frcpm
Apr 25, 2025 10:24:46 AM org.frcpm.config.DatabaseConfig initialize
INFO: Using schema mode: update
Apr 25, 2025 10:24:46 AM org.frcpm.config.DatabaseConfig initialize
INFO: Database configuration initialized successfully in PRODUCTION mode
Apr 25, 2025 10:24:46 AM org.frcpm.config.DatabaseConfig shutdown
INFO: Database configuration shut down
]]></system-err>
  </testcase>
</testsuite>